<?xml version="1.0" encoding="UTF-8"?>
<testsuite xmlns:xsi="http://www.w3.org/2001/XMLSchema-instance" xsi:noNamespaceSchemaLocation="https://maven.apache.org/surefire/maven-surefire-plugin/xsd/surefire-test-report.xsd" name="org.apache.hadoop.ozone.client.rpc.TestBlockOutputStreamWithFailures" time="733.827" tests="8" errors="0" skipped="0" failures="1">
  <properties>
    <property name="awt.toolkit" value="sun.awt.X11.XToolkit"/>
    <property name="file.encoding.pkg" value="sun.io"/>
    <property name="java.specification.version" value="1.8"/>
    <property name="sun.cpu.isalist" value=""/>
    <property name="sun.jnu.encoding" value="UTF-8"/>
    <property name="java.class.path" value="/workdir/hadoop-ozone/integration-test/target/test-classes:/workdir/hadoop-ozone/integration-test/target/classes:/home/user/.m2/repository/org/apache/hadoop/hadoop-ozone-common/0.5.0-SNAPSHOT/hadoop-ozone-common-0.5.0-SNAPSHOT.jar:/home/user/.m2/repository/org/apache/commons/commons-compress/1.4.1/commons-compress-1.4.1.jar:/home/user/.m2/repository/org/tukaani/xz/1.0/xz-1.0.jar:/home/user/.m2/repository/org/apache/hadoop/hadoop-common/3.2.0/hadoop-common-3.2.0.jar:/home/user/.m2/repository/org/apache/hadoop/hadoop-hdfs/3.2.0/hadoop-hdfs-3.2.0.jar:/home/user/.m2/repository/org/apache/hadoop/hadoop-hdfs-client/3.2.0/hadoop-hdfs-client-3.2.0.jar:/home/user/.m2/repository/com/fasterxml/jackson/core/jackson-annotations/2.9.5/jackson-annotations-2.9.5.jar:/home/user/.m2/repository/org/apache/hadoop/hadoop-hdds-common/0.5.0-SNAPSHOT/hadoop-hdds-common-0.5.0-SNAPSHOT.jar:/home/user/.m2/repository/javax/annotation/javax.annotation-api/1.2/javax.annotation-api-1.2.jar:/home/user/.m2/repository/org/apache/ratis/ratis-server/0.4.0-2337318-SNAPSHOT/ratis-server-0.4.0-2337318-SNAPSHOT.jar:/home/user/.m2/repository/org/apache/ratis/ratis-thirdparty-misc/0.2.0/ratis-thirdparty-misc-0.2.0.jar:/home/user/.m2/repository/org/apache/ratis/ratis-proto/0.4.0-2337318-SNAPSHOT/ratis-proto-0.4.0-2337318-SNAPSHOT.jar:/home/user/.m2/repository/org/apache/ratis/ratis-common/0.4.0-2337318-SNAPSHOT/ratis-common-0.4.0-2337318-SNAPSHOT.jar:/home/user/.m2/repository/org/apache/ratis/ratis-client/0.4.0-2337318-SNAPSHOT/ratis-client-0.4.0-2337318-SNAPSHOT.jar:/home/user/.m2/repository/org/apache/ratis/ratis-metrics/0.4.0-2337318-SNAPSHOT/ratis-metrics-0.4.0-2337318-SNAPSHOT.jar:/home/user/.m2/repository/org/apache/ratis/ratis-netty/0.4.0-2337318-SNAPSHOT/ratis-netty-0.4.0-2337318-SNAPSHOT.jar:/home/user/.m2/repository/org/apache/ratis/ratis-grpc/0.4.0-2337318-SNAPSHOT/ratis-grpc-0.4.0-2337318-SNAPSHOT.jar:/home/user/.m2/repository/org/rocksdb/rocksdbjni/6.0.1/rocksdbjni-6.0.1.jar:/home/user/.m2/repository/org/apache/logging/log4j/log4j-api/2.11.0/log4j-api-2.11.0.jar:/home/user/.m2/repository/org/apache/logging/log4j/log4j-core/2.11.0/log4j-core-2.11.0.jar:/home/user/.m2/repository/com/lmax/disruptor/3.4.2/disruptor-3.4.2.jar:/home/user/.m2/repository/org/apache/commons/commons-pool2/2.6.0/commons-pool2-2.6.0.jar:/home/user/.m2/repository/org/bouncycastle/bcpkix-jdk15on/1.60/bcpkix-jdk15on-1.60.jar:/home/user/.m2/repository/commons-validator/commons-validator/1.6/commons-validator-1.6.jar:/home/user/.m2/repository/commons-digester/commons-digester/1.8.1/commons-digester-1.8.1.jar:/home/user/.m2/repository/io/jaegertracing/jaeger-client/0.33.1/jaeger-client-0.33.1.jar:/home/user/.m2/repository/io/jaegertracing/jaeger-thrift/0.33.1/jaeger-thrift-0.33.1.jar:/home/user/.m2/repository/org/apache/thrift/libthrift/0.11.0/libthrift-0.11.0.jar:/home/user/.m2/repository/com/squareup/okhttp3/okhttp/3.9.0/okhttp-3.9.0.jar:/home/user/.m2/repository/com/squareup/okio/okio/1.13.0/okio-1.13.0.jar:/home/user/.m2/repository/io/jaegertracing/jaeger-core/0.33.1/jaeger-core-0.33.1.jar:/home/user/.m2/repository/io/jaegertracing/jaeger-tracerresolver/0.33.1/jaeger-tracerresolver-0.33.1.jar:/home/user/.m2/repository/io/opentracing/contrib/opentracing-tracerresolver/0.1.5/opentracing-tracerresolver-0.1.5.jar:/home/user/.m2/repository/io/opentracing/opentracing-util/0.31.0/opentracing-util-0.31.0.jar:/home/user/.m2/repository/io/opentracing/opentracing-api/0.31.0/opentracing-api-0.31.0.jar:/home/user/.m2/repository/io/opentracing/opentracing-noop/0.31.0/opentracing-noop-0.31.0.jar:/home/user/.m2/repository/org/apache/hadoop/hadoop-hdds-server-framework/0.5.0-SNAPSHOT/hadoop-hdds-server-framework-0.5.0-SNAPSHOT.jar:/home/user/.m2/repository/org/apache/hadoop/hadoop-hdds-container-service/0.5.0-SNAPSHOT/hadoop-hdds-container-service-0.5.0-SNAPSHOT.jar:/home/user/.m2/repository/org/apache/hadoop/hadoop-hdds-client/0.5.0-SNAPSHOT/hadoop-hdds-client-0.5.0-SNAPSHOT.jar:/home/user/.m2/repository/org/apache/hadoop/hadoop-hdds-tools/0.5.0-SNAPSHOT/hadoop-hdds-tools-0.5.0-SNAPSHOT.jar:/home/user/.m2/repository/org/apache/hadoop/hadoop-hdds-server-scm/0.5.0-SNAPSHOT/hadoop-hdds-server-scm-0.5.0-SNAPSHOT.jar:/home/user/.m2/repository/org/apache/hadoop/hadoop-hdds-docs/0.5.0-SNAPSHOT/hadoop-hdds-docs-0.5.0-SNAPSHOT.jar:/home/user/.m2/repository/io/dropwizard/metrics/metrics-core/3.2.4/metrics-core-3.2.4.jar:/home/user/.m2/repository/org/hamcrest/hamcrest-all/1.3/hamcrest-all-1.3.jar:/home/user/.m2/repository/org/bouncycastle/bcprov-jdk15on/1.60/bcprov-jdk15on-1.60.jar:/home/user/.m2/repository/info/picocli/picocli/3.9.6/picocli-3.9.6.jar:/home/user/.m2/repository/com/google/protobuf/protobuf-java/2.5.0/protobuf-java-2.5.0.jar:/home/user/.m2/repository/com/google/guava/guava/11.0.2/guava-11.0.2.jar:/home/user/.m2/repository/org/apache/hadoop/hadoop-ozone-ozone-manager/0.5.0-SNAPSHOT/hadoop-ozone-ozone-manager-0.5.0-SNAPSHOT.jar:/home/user/.m2/repository/org/apache/hadoop/hadoop-minikdc/3.2.0/hadoop-minikdc-3.2.0.jar:/home/user/.m2/repository/commons-io/commons-io/2.5/commons-io-2.5.jar:/home/user/.m2/repository/org/apache/kerby/kerb-simplekdc/1.0.1/kerb-simplekdc-1.0.1.jar:/home/user/.m2/repository/org/apache/kerby/kerb-client/1.0.1/kerb-client-1.0.1.jar:/home/user/.m2/repository/org/apache/kerby/kerby-config/1.0.1/kerby-config-1.0.1.jar:/home/user/.m2/repository/org/apache/kerby/kerb-core/1.0.1/kerb-core-1.0.1.jar:/home/user/.m2/repository/org/apache/kerby/kerby-pkix/1.0.1/kerby-pkix-1.0.1.jar:/home/user/.m2/repository/org/apache/kerby/kerby-asn1/1.0.1/kerby-asn1-1.0.1.jar:/home/user/.m2/repository/org/apache/kerby/kerby-util/1.0.1/kerby-util-1.0.1.jar:/home/user/.m2/repository/org/apache/kerby/kerb-common/1.0.1/kerb-common-1.0.1.jar:/home/user/.m2/repository/org/apache/kerby/kerb-crypto/1.0.1/kerb-crypto-1.0.1.jar:/home/user/.m2/repository/org/apache/kerby/kerb-util/1.0.1/kerb-util-1.0.1.jar:/home/user/.m2/repository/org/apache/kerby/token-provider/1.0.1/token-provider-1.0.1.jar:/home/user/.m2/repository/org/apache/kerby/kerb-admin/1.0.1/kerb-admin-1.0.1.jar:/home/user/.m2/repository/org/apache/kerby/kerb-server/1.0.1/kerb-server-1.0.1.jar:/home/user/.m2/repository/org/apache/kerby/kerb-identity/1.0.1/kerb-identity-1.0.1.jar:/home/user/.m2/repository/org/apache/kerby/kerby-xdr/1.0.1/kerby-xdr-1.0.1.jar:/home/user/.m2/repository/org/slf4j/slf4j-log4j12/1.7.25/slf4j-log4j12-1.7.25.jar:/home/user/.m2/repository/org/apache/hadoop/hadoop-ozone-objectstore-service/0.5.0-SNAPSHOT/hadoop-ozone-objectstore-service-0.5.0-SNAPSHOT.jar:/home/user/.m2/repository/org/apache/hadoop/hadoop-ozone-s3gateway/0.5.0-SNAPSHOT/hadoop-ozone-s3gateway-0.5.0-SNAPSHOT.jar:/home/user/.m2/repository/org/jboss/weld/servlet/weld-servlet/2.4.7.Final/weld-servlet-2.4.7.Final.jar:/home/user/.m2/repository/org/glassfish/jersey/containers/jersey-container-servlet-core/2.27/jersey-container-servlet-core-2.27.jar:/home/user/.m2/repository/org/glassfish/hk2/external/javax.inject/2.5.0-b42/javax.inject-2.5.0-b42.jar:/home/user/.m2/repository/org/glassfish/jersey/core/jersey-common/2.27/jersey-common-2.27.jar:/home/user/.m2/repository/org/glassfish/hk2/osgi-resource-locator/1.0.1/osgi-resource-locator-1.0.1.jar:/home/user/.m2/repository/javax/ws/rs/javax.ws.rs-api/2.1/javax.ws.rs-api-2.1.jar:/home/user/.m2/repository/org/glassfish/jersey/ext/cdi/jersey-cdi1x/2.27/jersey-cdi1x-2.27.jar:/home/user/.m2/repository/org/glassfish/jersey/inject/jersey-hk2/2.27/jersey-hk2-2.27.jar:/home/user/.m2/repository/org/glassfish/hk2/hk2-locator/2.5.0-b42/hk2-locator-2.5.0-b42.jar:/home/user/.m2/repository/org/javassist/javassist/3.22.0-CR2/javassist-3.22.0-CR2.jar:/home/user/.m2/repository/org/glassfish/hk2/hk2-api/2.5.0/hk2-api-2.5.0.jar:/home/user/.m2/repository/org/glassfish/hk2/external/jakarta.inject/2.5.0/jakarta.inject-2.5.0.jar:/home/user/.m2/repository/org/glassfish/hk2/hk2-utils/2.5.0/hk2-utils-2.5.0.jar:/home/user/.m2/repository/jakarta/annotation/jakarta.annotation-api/1.3.4/jakarta.annotation-api-1.3.4.jar:/home/user/.m2/repository/org/glassfish/hk2/external/aopalliance-repackaged/2.5.0/aopalliance-repackaged-2.5.0.jar:/home/user/.m2/repository/com/fasterxml/jackson/dataformat/jackson-dataformat-xml/2.9.0/jackson-dataformat-xml-2.9.0.jar:/home/user/.m2/repository/com/fasterxml/jackson/core/jackson-core/2.9.5/jackson-core-2.9.5.jar:/home/user/.m2/repository/com/fasterxml/jackson/module/jackson-module-jaxb-annotations/2.9.5/jackson-module-jaxb-annotations-2.9.5.jar:/home/user/.m2/repository/javax/enterprise/cdi-api/1.2/cdi-api-1.2.jar:/home/user/.m2/repository/javax/el/javax.el-api/3.0.0/javax.el-api-3.0.0.jar:/home/user/.m2/repository/javax/interceptor/javax.interceptor-api/1.2/javax.interceptor-api-1.2.jar:/home/user/.m2/repository/javax/inject/javax.inject/1/javax.inject-1.jar:/home/user/.m2/repository/com/sun/xml/bind/jaxb-impl/2.3.0.1/jaxb-impl-2.3.0.1.jar:/home/user/.m2/repository/com/sun/xml/bind/jaxb-core/2.3.0.1/jaxb-core-2.3.0.1.jar:/home/user/.m2/repository/javax/xml/bind/jaxb-api/2.3.0/jaxb-api-2.3.0.jar:/home/user/.m2/repository/javax/activation/activation/1.1.1/activation-1.1.1.jar:/home/user/.m2/repository/org/apache/hadoop/hadoop-ozone-csi/0.5.0-SNAPSHOT/hadoop-ozone-csi-0.5.0-SNAPSHOT.jar:/home/user/.m2/repository/com/google/protobuf/protobuf-java-util/3.5.1/protobuf-java-util-3.5.1.jar:/home/user/.m2/repository/org/apache/hadoop/hadoop-hdds-config/0.5.0-SNAPSHOT/hadoop-hdds-config-0.5.0-SNAPSHOT.jar:/home/user/.m2/repository/io/grpc/grpc-netty/1.17.1/grpc-netty-1.17.1.jar:/home/user/.m2/repository/io/grpc/grpc-core/1.17.1/grpc-core-1.17.1.jar:/home/user/.m2/repository/io/grpc/grpc-context/1.17.1/grpc-context-1.17.1.jar:/home/user/.m2/repository/com/google/errorprone/error_prone_annotations/2.2.0/error_prone_annotations-2.2.0.jar:/home/user/.m2/repository/org/codehaus/mojo/animal-sniffer-annotations/1.17/animal-sniffer-annotations-1.17.jar:/home/user/.m2/repository/io/opencensus/opencensus-api/0.17.0/opencensus-api-0.17.0.jar:/home/user/.m2/repository/io/opencensus/opencensus-contrib-grpc-metrics/0.17.0/opencensus-contrib-grpc-metrics-0.17.0.jar:/home/user/.m2/repository/io/netty/netty-codec-http2/4.1.30.Final/netty-codec-http2-4.1.30.Final.jar:/home/user/.m2/repository/io/netty/netty-codec-http/4.1.30.Final/netty-codec-http-4.1.30.Final.jar:/home/user/.m2/repository/io/netty/netty-codec/4.1.30.Final/netty-codec-4.1.30.Final.jar:/home/user/.m2/repository/io/netty/netty-handler/4.1.30.Final/netty-handler-4.1.30.Final.jar:/home/user/.m2/repository/io/netty/netty-handler-proxy/4.1.30.Final/netty-handler-proxy-4.1.30.Final.jar:/home/user/.m2/repository/io/netty/netty-codec-socks/4.1.30.Final/netty-codec-socks-4.1.30.Final.jar:/home/user/.m2/repository/io/netty/netty-transport-native-epoll/4.1.30.Final/netty-transport-native-epoll-4.1.30.Final.jar:/home/user/.m2/repository/io/netty/netty-common/4.1.30.Final/netty-common-4.1.30.Final.jar:/home/user/.m2/repository/io/netty/netty-buffer/4.1.30.Final/netty-buffer-4.1.30.Final.jar:/home/user/.m2/repository/io/netty/netty-transport/4.1.30.Final/netty-transport-4.1.30.Final.jar:/home/user/.m2/repository/io/netty/netty-resolver/4.1.30.Final/netty-resolver-4.1.30.Final.jar:/home/user/.m2/repository/io/netty/netty-transport-native-unix-common/4.1.30.Final/netty-transport-native-unix-common-4.1.30.Final.jar:/home/user/.m2/repository/io/grpc/grpc-protobuf/1.17.1/grpc-protobuf-1.17.1.jar:/home/user/.m2/repository/com/google/api/grpc/proto-google-common-protos/1.0.0/proto-google-common-protos-1.0.0.jar:/home/user/.m2/repository/io/grpc/grpc-protobuf-lite/1.17.1/grpc-protobuf-lite-1.17.1.jar:/home/user/.m2/repository/io/grpc/grpc-stub/1.17.1/grpc-stub-1.17.1.jar:/home/user/.m2/repository/org/apache/hadoop/hadoop-ozone-recon/0.5.0-SNAPSHOT/hadoop-ozone-recon-0.5.0-SNAPSHOT.jar:/home/user/.m2/repository/org/apache/hadoop/hadoop-ozone-reconcodegen/0.5.0-SNAPSHOT/hadoop-ozone-reconcodegen-0.5.0-SNAPSHOT.jar:/home/user/.m2/repository/com/google/inject/extensions/guice-multibindings/4.0/guice-multibindings-4.0.jar:/home/user/.m2/repository/com/google/inject/guice/4.0/guice-4.0.jar:/home/user/.m2/repository/aopalliance/aopalliance/1.0/aopalliance-1.0.jar:/home/user/.m2/repository/com/google/inject/extensions/guice-servlet/4.0/guice-servlet-4.0.jar:/home/user/.m2/repository/org/glassfish/jersey/containers/jersey-container-servlet/2.27/jersey-container-servlet-2.27.jar:/home/user/.m2/repository/org/glassfish/hk2/guice-bridge/2.5.0/guice-bridge-2.5.0.jar:/home/user/.m2/repository/org/glassfish/jersey/core/jersey-server/2.27/jersey-server-2.27.jar:/home/user/.m2/repository/org/glassfish/jersey/core/jersey-client/2.27/jersey-client-2.27.jar:/home/user/.m2/repository/org/glassfish/jersey/media/jersey-media-jaxb/2.27/jersey-media-jaxb-2.27.jar:/home/user/.m2/repository/javax/validation/validation-api/1.1.0.Final/validation-api-1.1.0.Final.jar:/home/user/.m2/repository/org/glassfish/jersey/media/jersey-media-json-jackson/2.27/jersey-media-json-jackson-2.27.jar:/home/user/.m2/repository/org/glassfish/jersey/ext/jersey-entity-filtering/2.27/jersey-entity-filtering-2.27.jar:/home/user/.m2/repository/com/google/inject/extensions/guice-assistedinject/4.0/guice-assistedinject-4.0.jar:/home/user/.m2/repository/org/jooq/jooq/3.11.10/jooq-3.11.10.jar:/home/user/.m2/repository/org/jooq/jooq-meta/3.11.10/jooq-meta-3.11.10.jar:/home/user/.m2/repository/org/jooq/jooq-codegen/3.11.10/jooq-codegen-3.11.10.jar:/home/user/.m2/repository/com/jolbox/bonecp/0.8.0.RELEASE/bonecp-0.8.0.RELEASE.jar:/home/user/.m2/repository/org/xerial/sqlite-jdbc/3.25.2/sqlite-jdbc-3.25.2.jar:/home/user/.m2/repository/org/springframework/spring-jdbc/5.1.3.RELEASE/spring-jdbc-5.1.3.RELEASE.jar:/home/user/.m2/repository/org/springframework/spring-beans/5.1.3.RELEASE/spring-beans-5.1.3.RELEASE.jar:/home/user/.m2/repository/org/springframework/spring-core/5.1.3.RELEASE/spring-core-5.1.3.RELEASE.jar:/home/user/.m2/repository/org/springframework/spring-jcl/5.1.3.RELEASE/spring-jcl-5.1.3.RELEASE.jar:/home/user/.m2/repository/org/springframework/spring-tx/5.1.3.RELEASE/spring-tx-5.1.3.RELEASE.jar:/home/user/.m2/repository/org/apache/hadoop/hadoop-ozone-client/0.5.0-SNAPSHOT/hadoop-ozone-client-0.5.0-SNAPSHOT.jar:/home/user/.m2/repository/commons-lang/commons-lang/2.6/commons-lang-2.6.jar:/home/user/.m2/repository/org/apache/hadoop/hadoop-ozone-ozone-manager/0.5.0-SNAPSHOT/hadoop-ozone-ozone-manager-0.5.0-SNAPSHOT-tests.jar:/home/user/.m2/repository/junit/junit/4.11/junit-4.11.jar:/home/user/.m2/repository/org/hamcrest/hamcrest-core/1.3/hamcrest-core-1.3.jar:/home/user/.m2/repository/org/openjdk/jmh/jmh-core/1.19/jmh-core-1.19.jar:/home/user/.m2/repository/net/sf/jopt-simple/jopt-simple/4.6/jopt-simple-4.6.jar:/home/user/.m2/repository/org/apache/commons/commons-math3/3.1.1/commons-math3-3.1.1.jar:/home/user/.m2/repository/org/openjdk/jmh/jmh-generator-annprocess/1.19/jmh-generator-annprocess-1.19.jar:/home/user/.m2/repository/org/mockito/mockito-all/1.8.5/mockito-all-1.8.5.jar:/home/user/.m2/repository/org/apache/hadoop/hadoop-kms/3.2.0/hadoop-kms-3.2.0.jar:/home/user/.m2/repository/org/apache/hadoop/hadoop-auth/3.2.0/hadoop-auth-3.2.0.jar:/home/user/.m2/repository/com/nimbusds/nimbus-jose-jwt/4.41.1/nimbus-jose-jwt-4.41.1.jar:/home/user/.m2/repository/com/github/stephenc/jcip/jcip-annotations/1.0-1/jcip-annotations-1.0-1.jar:/home/user/.m2/repository/net/minidev/json-smart/2.3/json-smart-2.3.jar:/home/user/.m2/repository/net/minidev/accessors-smart/1.2/accessors-smart-1.2.jar:/home/user/.m2/repository/org/ow2/asm/asm/5.0.4/asm-5.0.4.jar:/home/user/.m2/repository/org/apache/curator/curator-framework/2.12.0/curator-framework-2.12.0.jar:/home/user/.m2/repository/com/sun/jersey/jersey-core/1.19/jersey-core-1.19.jar:/home/user/.m2/repository/javax/ws/rs/jsr311-api/1.1.1/jsr311-api-1.1.1.jar:/home/user/.m2/repository/com/sun/jersey/jersey-server/1.19/jersey-server-1.19.jar:/home/user/.m2/repository/javax/servlet/javax.servlet-api/3.1.0/javax.servlet-api-3.1.0.jar:/home/user/.m2/repository/org/eclipse/jetty/jetty-server/9.3.24.v20180605/jetty-server-9.3.24.v20180605.jar:/home/user/.m2/repository/org/eclipse/jetty/jetty-http/9.3.24.v20180605/jetty-http-9.3.24.v20180605.jar:/home/user/.m2/repository/org/eclipse/jetty/jetty-io/9.3.24.v20180605/jetty-io-9.3.24.v20180605.jar:/home/user/.m2/repository/org/eclipse/jetty/jetty-webapp/9.3.24.v20180605/jetty-webapp-9.3.24.v20180605.jar:/home/user/.m2/repository/org/eclipse/jetty/jetty-xml/9.3.24.v20180605/jetty-xml-9.3.24.v20180605.jar:/home/user/.m2/repository/log4j/log4j/1.2.17/log4j-1.2.17.jar:/home/user/.m2/repository/org/slf4j/slf4j-api/1.7.25/slf4j-api-1.7.25.jar:/home/user/.m2/repository/org/slf4j/jul-to-slf4j/1.7.25/jul-to-slf4j-1.7.25.jar:/home/user/.m2/repository/org/eclipse/jetty/jetty-util/9.3.24.v20180605/jetty-util-9.3.24.v20180605.jar:/home/user/.m2/repository/com/fasterxml/jackson/core/jackson-databind/2.9.5/jackson-databind-2.9.5.jar:/home/user/.m2/repository/org/apache/hadoop/hadoop-kms/3.2.0/hadoop-kms-3.2.0-tests.jar:/home/user/.m2/repository/org/apache/hadoop/hadoop-hdds-server-scm/0.5.0-SNAPSHOT/hadoop-hdds-server-scm-0.5.0-SNAPSHOT-tests.jar:/home/user/.m2/repository/org/apache/hadoop/hadoop-hdds-container-service/0.5.0-SNAPSHOT/hadoop-hdds-container-service-0.5.0-SNAPSHOT-tests.jar:/home/user/.m2/repository/org/yaml/snakeyaml/1.16/snakeyaml-1.16.jar:/home/user/.m2/repository/org/apache/hadoop/hadoop-common/3.2.0/hadoop-common-3.2.0-tests.jar:/home/user/.m2/repository/org/apache/hadoop/hadoop-annotations/3.2.0/hadoop-annotations-3.2.0.jar:/usr/lib/jvm/java-1.8-openjdk/jre/../lib/tools.jar:/home/user/.m2/repository/commons-cli/commons-cli/1.2/commons-cli-1.2.jar:/home/user/.m2/repository/org/apache/httpcomponents/httpclient/4.5.2/httpclient-4.5.2.jar:/home/user/.m2/repository/org/apache/httpcomponents/httpcore/4.4.4/httpcore-4.4.4.jar:/home/user/.m2/repository/commons-codec/commons-codec/1.11/commons-codec-1.11.jar:/home/user/.m2/repository/commons-net/commons-net/3.6/commons-net-3.6.jar:/home/user/.m2/repository/commons-collections/commons-collections/3.2.2/commons-collections-3.2.2.jar:/home/user/.m2/repository/org/eclipse/jetty/jetty-servlet/9.3.24.v20180605/jetty-servlet-9.3.24.v20180605.jar:/home/user/.m2/repository/org/eclipse/jetty/jetty-security/9.3.24.v20180605/jetty-security-9.3.24.v20180605.jar:/home/user/.m2/repository/javax/servlet/jsp/jsp-api/2.1/jsp-api-2.1.jar:/home/user/.m2/repository/com/sun/jersey/jersey-servlet/1.19/jersey-servlet-1.19.jar:/home/user/.m2/repository/com/sun/jersey/jersey-json/1.19/jersey-json-1.19.jar:/home/user/.m2/repository/org/codehaus/jettison/jettison/1.1/jettison-1.1.jar:/home/user/.m2/repository/org/codehaus/jackson/jackson-core-asl/1.9.13/jackson-core-asl-1.9.13.jar:/home/user/.m2/repository/org/codehaus/jackson/jackson-mapper-asl/1.9.13/jackson-mapper-asl-1.9.13.jar:/home/user/.m2/repository/org/codehaus/jackson/jackson-jaxrs/1.9.13/jackson-jaxrs-1.9.13.jar:/home/user/.m2/repository/org/codehaus/jackson/jackson-xc/1.9.13/jackson-xc-1.9.13.jar:/home/user/.m2/repository/commons-logging/commons-logging/1.1.3/commons-logging-1.1.3.jar:/home/user/.m2/repository/commons-beanutils/commons-beanutils/1.9.3/commons-beanutils-1.9.3.jar:/home/user/.m2/repository/org/apache/commons/commons-configuration2/2.1.1/commons-configuration2-2.1.1.jar:/home/user/.m2/repository/org/apache/commons/commons-lang3/3.7/commons-lang3-3.7.jar:/home/user/.m2/repository/org/apache/commons/commons-text/1.4/commons-text-1.4.jar:/home/user/.m2/repository/org/apache/avro/avro/1.7.7/avro-1.7.7.jar:/home/user/.m2/repository/com/thoughtworks/paranamer/paranamer/2.3/paranamer-2.3.jar:/home/user/.m2/repository/org/xerial/snappy/snappy-java/1.0.5/snappy-java-1.0.5.jar:/home/user/.m2/repository/com/google/re2j/re2j/1.1/re2j-1.1.jar:/home/user/.m2/repository/com/google/code/gson/gson/2.2.4/gson-2.2.4.jar:/home/user/.m2/repository/com/jcraft/jsch/0.1.54/jsch-0.1.54.jar:/home/user/.m2/repository/org/apache/curator/curator-client/2.12.0/curator-client-2.12.0.jar:/home/user/.m2/repository/org/apache/curator/curator-recipes/2.12.0/curator-recipes-2.12.0.jar:/home/user/.m2/repository/com/google/code/findbugs/jsr305/3.0.0/jsr305-3.0.0.jar:/home/user/.m2/repository/org/apache/htrace/htrace-core4/4.1.0-incubating/htrace-core4-4.1.0-incubating.jar:/home/user/.m2/repository/org/apache/zookeeper/zookeeper/3.4.13/zookeeper-3.4.13.jar:/home/user/.m2/repository/org/apache/yetus/audience-annotations/0.5.0/audience-annotations-0.5.0.jar:/home/user/.m2/repository/org/codehaus/woodstox/stax2-api/3.1.4/stax2-api-3.1.4.jar:/home/user/.m2/repository/com/fasterxml/woodstox/woodstox-core/5.0.3/woodstox-core-5.0.3.jar:/home/user/.m2/repository/dnsjava/dnsjava/2.1.7/dnsjava-2.1.7.jar:/home/user/.m2/repository/org/apache/hadoop/hadoop-hdfs/3.2.0/hadoop-hdfs-3.2.0-tests.jar:/home/user/.m2/repository/org/eclipse/jetty/jetty-util-ajax/9.3.24.v20180605/jetty-util-ajax-9.3.24.v20180605.jar:/home/user/.m2/repository/commons-daemon/commons-daemon/1.0.13/commons-daemon-1.0.13.jar:/home/user/.m2/repository/io/netty/netty/3.10.5.Final/netty-3.10.5.Final.jar:/home/user/.m2/repository/io/netty/netty-all/4.0.52.Final/netty-all-4.0.52.Final.jar:/home/user/.m2/repository/org/fusesource/leveldbjni/leveldbjni-all/1.8/leveldbjni-all-1.8.jar:"/>
    <property name="java.vm.vendor" value="IcedTea"/>
    <property name="sun.arch.data.model" value="64"/>
    <property name="test.build.dir" value="/workdir/hadoop-ozone/integration-test/target/test-dir"/>
    <property name="test.cache.data" value=""/>
    <property name="java.vendor.url" value="https://icedtea.classpath.org"/>
    <property name="user.timezone" value=""/>
    <property name="java.vm.specification.version" value="1.8"/>
    <property name="os.name" value="Linux"/>
    <property name="test.build.data" value="/workdir/hadoop-ozone/integration-test/target/test-dir"/>
    <property name="user.country" value="US"/>
    <property name="sun.java.launcher" value="SUN_STANDARD"/>
    <property name="sun.boot.library.path" value="/usr/lib/jvm/java-1.8-openjdk/jre/lib/amd64"/>
    <property name="sun.java.command" value="/workdir/hadoop-ozone/integration-test/target/surefire/surefirebooter5533211505507837237.jar /workdir/hadoop-ozone/integration-test/target/surefire 2019-09-19T03-21-01_553-jvmRun1 surefire566650869936585810tmp surefire_488470160743350015075tmp"/>
    <property name="test" value="!TestMiniChaosOzoneCluster"/>
    <property name="surefire.test.class.path" value="/workdir/hadoop-ozone/integration-test/target/test-classes:/workdir/hadoop-ozone/integration-test/target/classes:/home/user/.m2/repository/org/apache/hadoop/hadoop-ozone-common/0.5.0-SNAPSHOT/hadoop-ozone-common-0.5.0-SNAPSHOT.jar:/home/user/.m2/repository/org/apache/commons/commons-compress/1.4.1/commons-compress-1.4.1.jar:/home/user/.m2/repository/org/tukaani/xz/1.0/xz-1.0.jar:/home/user/.m2/repository/org/apache/hadoop/hadoop-common/3.2.0/hadoop-common-3.2.0.jar:/home/user/.m2/repository/org/apache/hadoop/hadoop-hdfs/3.2.0/hadoop-hdfs-3.2.0.jar:/home/user/.m2/repository/org/apache/hadoop/hadoop-hdfs-client/3.2.0/hadoop-hdfs-client-3.2.0.jar:/home/user/.m2/repository/com/fasterxml/jackson/core/jackson-annotations/2.9.5/jackson-annotations-2.9.5.jar:/home/user/.m2/repository/org/apache/hadoop/hadoop-hdds-common/0.5.0-SNAPSHOT/hadoop-hdds-common-0.5.0-SNAPSHOT.jar:/home/user/.m2/repository/javax/annotation/javax.annotation-api/1.2/javax.annotation-api-1.2.jar:/home/user/.m2/repository/org/apache/ratis/ratis-server/0.4.0-2337318-SNAPSHOT/ratis-server-0.4.0-2337318-SNAPSHOT.jar:/home/user/.m2/repository/org/apache/ratis/ratis-thirdparty-misc/0.2.0/ratis-thirdparty-misc-0.2.0.jar:/home/user/.m2/repository/org/apache/ratis/ratis-proto/0.4.0-2337318-SNAPSHOT/ratis-proto-0.4.0-2337318-SNAPSHOT.jar:/home/user/.m2/repository/org/apache/ratis/ratis-common/0.4.0-2337318-SNAPSHOT/ratis-common-0.4.0-2337318-SNAPSHOT.jar:/home/user/.m2/repository/org/apache/ratis/ratis-client/0.4.0-2337318-SNAPSHOT/ratis-client-0.4.0-2337318-SNAPSHOT.jar:/home/user/.m2/repository/org/apache/ratis/ratis-metrics/0.4.0-2337318-SNAPSHOT/ratis-metrics-0.4.0-2337318-SNAPSHOT.jar:/home/user/.m2/repository/org/apache/ratis/ratis-netty/0.4.0-2337318-SNAPSHOT/ratis-netty-0.4.0-2337318-SNAPSHOT.jar:/home/user/.m2/repository/org/apache/ratis/ratis-grpc/0.4.0-2337318-SNAPSHOT/ratis-grpc-0.4.0-2337318-SNAPSHOT.jar:/home/user/.m2/repository/org/rocksdb/rocksdbjni/6.0.1/rocksdbjni-6.0.1.jar:/home/user/.m2/repository/org/apache/logging/log4j/log4j-api/2.11.0/log4j-api-2.11.0.jar:/home/user/.m2/repository/org/apache/logging/log4j/log4j-core/2.11.0/log4j-core-2.11.0.jar:/home/user/.m2/repository/com/lmax/disruptor/3.4.2/disruptor-3.4.2.jar:/home/user/.m2/repository/org/apache/commons/commons-pool2/2.6.0/commons-pool2-2.6.0.jar:/home/user/.m2/repository/org/bouncycastle/bcpkix-jdk15on/1.60/bcpkix-jdk15on-1.60.jar:/home/user/.m2/repository/commons-validator/commons-validator/1.6/commons-validator-1.6.jar:/home/user/.m2/repository/commons-digester/commons-digester/1.8.1/commons-digester-1.8.1.jar:/home/user/.m2/repository/io/jaegertracing/jaeger-client/0.33.1/jaeger-client-0.33.1.jar:/home/user/.m2/repository/io/jaegertracing/jaeger-thrift/0.33.1/jaeger-thrift-0.33.1.jar:/home/user/.m2/repository/org/apache/thrift/libthrift/0.11.0/libthrift-0.11.0.jar:/home/user/.m2/repository/com/squareup/okhttp3/okhttp/3.9.0/okhttp-3.9.0.jar:/home/user/.m2/repository/com/squareup/okio/okio/1.13.0/okio-1.13.0.jar:/home/user/.m2/repository/io/jaegertracing/jaeger-core/0.33.1/jaeger-core-0.33.1.jar:/home/user/.m2/repository/io/jaegertracing/jaeger-tracerresolver/0.33.1/jaeger-tracerresolver-0.33.1.jar:/home/user/.m2/repository/io/opentracing/contrib/opentracing-tracerresolver/0.1.5/opentracing-tracerresolver-0.1.5.jar:/home/user/.m2/repository/io/opentracing/opentracing-util/0.31.0/opentracing-util-0.31.0.jar:/home/user/.m2/repository/io/opentracing/opentracing-api/0.31.0/opentracing-api-0.31.0.jar:/home/user/.m2/repository/io/opentracing/opentracing-noop/0.31.0/opentracing-noop-0.31.0.jar:/home/user/.m2/repository/org/apache/hadoop/hadoop-hdds-server-framework/0.5.0-SNAPSHOT/hadoop-hdds-server-framework-0.5.0-SNAPSHOT.jar:/home/user/.m2/repository/org/apache/hadoop/hadoop-hdds-container-service/0.5.0-SNAPSHOT/hadoop-hdds-container-service-0.5.0-SNAPSHOT.jar:/home/user/.m2/repository/org/apache/hadoop/hadoop-hdds-client/0.5.0-SNAPSHOT/hadoop-hdds-client-0.5.0-SNAPSHOT.jar:/home/user/.m2/repository/org/apache/hadoop/hadoop-hdds-tools/0.5.0-SNAPSHOT/hadoop-hdds-tools-0.5.0-SNAPSHOT.jar:/home/user/.m2/repository/org/apache/hadoop/hadoop-hdds-server-scm/0.5.0-SNAPSHOT/hadoop-hdds-server-scm-0.5.0-SNAPSHOT.jar:/home/user/.m2/repository/org/apache/hadoop/hadoop-hdds-docs/0.5.0-SNAPSHOT/hadoop-hdds-docs-0.5.0-SNAPSHOT.jar:/home/user/.m2/repository/io/dropwizard/metrics/metrics-core/3.2.4/metrics-core-3.2.4.jar:/home/user/.m2/repository/org/hamcrest/hamcrest-all/1.3/hamcrest-all-1.3.jar:/home/user/.m2/repository/org/bouncycastle/bcprov-jdk15on/1.60/bcprov-jdk15on-1.60.jar:/home/user/.m2/repository/info/picocli/picocli/3.9.6/picocli-3.9.6.jar:/home/user/.m2/repository/com/google/protobuf/protobuf-java/2.5.0/protobuf-java-2.5.0.jar:/home/user/.m2/repository/com/google/guava/guava/11.0.2/guava-11.0.2.jar:/home/user/.m2/repository/org/apache/hadoop/hadoop-ozone-ozone-manager/0.5.0-SNAPSHOT/hadoop-ozone-ozone-manager-0.5.0-SNAPSHOT.jar:/home/user/.m2/repository/org/apache/hadoop/hadoop-minikdc/3.2.0/hadoop-minikdc-3.2.0.jar:/home/user/.m2/repository/commons-io/commons-io/2.5/commons-io-2.5.jar:/home/user/.m2/repository/org/apache/kerby/kerb-simplekdc/1.0.1/kerb-simplekdc-1.0.1.jar:/home/user/.m2/repository/org/apache/kerby/kerb-client/1.0.1/kerb-client-1.0.1.jar:/home/user/.m2/repository/org/apache/kerby/kerby-config/1.0.1/kerby-config-1.0.1.jar:/home/user/.m2/repository/org/apache/kerby/kerb-core/1.0.1/kerb-core-1.0.1.jar:/home/user/.m2/repository/org/apache/kerby/kerby-pkix/1.0.1/kerby-pkix-1.0.1.jar:/home/user/.m2/repository/org/apache/kerby/kerby-asn1/1.0.1/kerby-asn1-1.0.1.jar:/home/user/.m2/repository/org/apache/kerby/kerby-util/1.0.1/kerby-util-1.0.1.jar:/home/user/.m2/repository/org/apache/kerby/kerb-common/1.0.1/kerb-common-1.0.1.jar:/home/user/.m2/repository/org/apache/kerby/kerb-crypto/1.0.1/kerb-crypto-1.0.1.jar:/home/user/.m2/repository/org/apache/kerby/kerb-util/1.0.1/kerb-util-1.0.1.jar:/home/user/.m2/repository/org/apache/kerby/token-provider/1.0.1/token-provider-1.0.1.jar:/home/user/.m2/repository/org/apache/kerby/kerb-admin/1.0.1/kerb-admin-1.0.1.jar:/home/user/.m2/repository/org/apache/kerby/kerb-server/1.0.1/kerb-server-1.0.1.jar:/home/user/.m2/repository/org/apache/kerby/kerb-identity/1.0.1/kerb-identity-1.0.1.jar:/home/user/.m2/repository/org/apache/kerby/kerby-xdr/1.0.1/kerby-xdr-1.0.1.jar:/home/user/.m2/repository/org/slf4j/slf4j-log4j12/1.7.25/slf4j-log4j12-1.7.25.jar:/home/user/.m2/repository/org/apache/hadoop/hadoop-ozone-objectstore-service/0.5.0-SNAPSHOT/hadoop-ozone-objectstore-service-0.5.0-SNAPSHOT.jar:/home/user/.m2/repository/org/apache/hadoop/hadoop-ozone-s3gateway/0.5.0-SNAPSHOT/hadoop-ozone-s3gateway-0.5.0-SNAPSHOT.jar:/home/user/.m2/repository/org/jboss/weld/servlet/weld-servlet/2.4.7.Final/weld-servlet-2.4.7.Final.jar:/home/user/.m2/repository/org/glassfish/jersey/containers/jersey-container-servlet-core/2.27/jersey-container-servlet-core-2.27.jar:/home/user/.m2/repository/org/glassfish/hk2/external/javax.inject/2.5.0-b42/javax.inject-2.5.0-b42.jar:/home/user/.m2/repository/org/glassfish/jersey/core/jersey-common/2.27/jersey-common-2.27.jar:/home/user/.m2/repository/org/glassfish/hk2/osgi-resource-locator/1.0.1/osgi-resource-locator-1.0.1.jar:/home/user/.m2/repository/javax/ws/rs/javax.ws.rs-api/2.1/javax.ws.rs-api-2.1.jar:/home/user/.m2/repository/org/glassfish/jersey/ext/cdi/jersey-cdi1x/2.27/jersey-cdi1x-2.27.jar:/home/user/.m2/repository/org/glassfish/jersey/inject/jersey-hk2/2.27/jersey-hk2-2.27.jar:/home/user/.m2/repository/org/glassfish/hk2/hk2-locator/2.5.0-b42/hk2-locator-2.5.0-b42.jar:/home/user/.m2/repository/org/javassist/javassist/3.22.0-CR2/javassist-3.22.0-CR2.jar:/home/user/.m2/repository/org/glassfish/hk2/hk2-api/2.5.0/hk2-api-2.5.0.jar:/home/user/.m2/repository/org/glassfish/hk2/external/jakarta.inject/2.5.0/jakarta.inject-2.5.0.jar:/home/user/.m2/repository/org/glassfish/hk2/hk2-utils/2.5.0/hk2-utils-2.5.0.jar:/home/user/.m2/repository/jakarta/annotation/jakarta.annotation-api/1.3.4/jakarta.annotation-api-1.3.4.jar:/home/user/.m2/repository/org/glassfish/hk2/external/aopalliance-repackaged/2.5.0/aopalliance-repackaged-2.5.0.jar:/home/user/.m2/repository/com/fasterxml/jackson/dataformat/jackson-dataformat-xml/2.9.0/jackson-dataformat-xml-2.9.0.jar:/home/user/.m2/repository/com/fasterxml/jackson/core/jackson-core/2.9.5/jackson-core-2.9.5.jar:/home/user/.m2/repository/com/fasterxml/jackson/module/jackson-module-jaxb-annotations/2.9.5/jackson-module-jaxb-annotations-2.9.5.jar:/home/user/.m2/repository/javax/enterprise/cdi-api/1.2/cdi-api-1.2.jar:/home/user/.m2/repository/javax/el/javax.el-api/3.0.0/javax.el-api-3.0.0.jar:/home/user/.m2/repository/javax/interceptor/javax.interceptor-api/1.2/javax.interceptor-api-1.2.jar:/home/user/.m2/repository/javax/inject/javax.inject/1/javax.inject-1.jar:/home/user/.m2/repository/com/sun/xml/bind/jaxb-impl/2.3.0.1/jaxb-impl-2.3.0.1.jar:/home/user/.m2/repository/com/sun/xml/bind/jaxb-core/2.3.0.1/jaxb-core-2.3.0.1.jar:/home/user/.m2/repository/javax/xml/bind/jaxb-api/2.3.0/jaxb-api-2.3.0.jar:/home/user/.m2/repository/javax/activation/activation/1.1.1/activation-1.1.1.jar:/home/user/.m2/repository/org/apache/hadoop/hadoop-ozone-csi/0.5.0-SNAPSHOT/hadoop-ozone-csi-0.5.0-SNAPSHOT.jar:/home/user/.m2/repository/com/google/protobuf/protobuf-java-util/3.5.1/protobuf-java-util-3.5.1.jar:/home/user/.m2/repository/org/apache/hadoop/hadoop-hdds-config/0.5.0-SNAPSHOT/hadoop-hdds-config-0.5.0-SNAPSHOT.jar:/home/user/.m2/repository/io/grpc/grpc-netty/1.17.1/grpc-netty-1.17.1.jar:/home/user/.m2/repository/io/grpc/grpc-core/1.17.1/grpc-core-1.17.1.jar:/home/user/.m2/repository/io/grpc/grpc-context/1.17.1/grpc-context-1.17.1.jar:/home/user/.m2/repository/com/google/errorprone/error_prone_annotations/2.2.0/error_prone_annotations-2.2.0.jar:/home/user/.m2/repository/org/codehaus/mojo/animal-sniffer-annotations/1.17/animal-sniffer-annotations-1.17.jar:/home/user/.m2/repository/io/opencensus/opencensus-api/0.17.0/opencensus-api-0.17.0.jar:/home/user/.m2/repository/io/opencensus/opencensus-contrib-grpc-metrics/0.17.0/opencensus-contrib-grpc-metrics-0.17.0.jar:/home/user/.m2/repository/io/netty/netty-codec-http2/4.1.30.Final/netty-codec-http2-4.1.30.Final.jar:/home/user/.m2/repository/io/netty/netty-codec-http/4.1.30.Final/netty-codec-http-4.1.30.Final.jar:/home/user/.m2/repository/io/netty/netty-codec/4.1.30.Final/netty-codec-4.1.30.Final.jar:/home/user/.m2/repository/io/netty/netty-handler/4.1.30.Final/netty-handler-4.1.30.Final.jar:/home/user/.m2/repository/io/netty/netty-handler-proxy/4.1.30.Final/netty-handler-proxy-4.1.30.Final.jar:/home/user/.m2/repository/io/netty/netty-codec-socks/4.1.30.Final/netty-codec-socks-4.1.30.Final.jar:/home/user/.m2/repository/io/netty/netty-transport-native-epoll/4.1.30.Final/netty-transport-native-epoll-4.1.30.Final.jar:/home/user/.m2/repository/io/netty/netty-common/4.1.30.Final/netty-common-4.1.30.Final.jar:/home/user/.m2/repository/io/netty/netty-buffer/4.1.30.Final/netty-buffer-4.1.30.Final.jar:/home/user/.m2/repository/io/netty/netty-transport/4.1.30.Final/netty-transport-4.1.30.Final.jar:/home/user/.m2/repository/io/netty/netty-resolver/4.1.30.Final/netty-resolver-4.1.30.Final.jar:/home/user/.m2/repository/io/netty/netty-transport-native-unix-common/4.1.30.Final/netty-transport-native-unix-common-4.1.30.Final.jar:/home/user/.m2/repository/io/grpc/grpc-protobuf/1.17.1/grpc-protobuf-1.17.1.jar:/home/user/.m2/repository/com/google/api/grpc/proto-google-common-protos/1.0.0/proto-google-common-protos-1.0.0.jar:/home/user/.m2/repository/io/grpc/grpc-protobuf-lite/1.17.1/grpc-protobuf-lite-1.17.1.jar:/home/user/.m2/repository/io/grpc/grpc-stub/1.17.1/grpc-stub-1.17.1.jar:/home/user/.m2/repository/org/apache/hadoop/hadoop-ozone-recon/0.5.0-SNAPSHOT/hadoop-ozone-recon-0.5.0-SNAPSHOT.jar:/home/user/.m2/repository/org/apache/hadoop/hadoop-ozone-reconcodegen/0.5.0-SNAPSHOT/hadoop-ozone-reconcodegen-0.5.0-SNAPSHOT.jar:/home/user/.m2/repository/com/google/inject/extensions/guice-multibindings/4.0/guice-multibindings-4.0.jar:/home/user/.m2/repository/com/google/inject/guice/4.0/guice-4.0.jar:/home/user/.m2/repository/aopalliance/aopalliance/1.0/aopalliance-1.0.jar:/home/user/.m2/repository/com/google/inject/extensions/guice-servlet/4.0/guice-servlet-4.0.jar:/home/user/.m2/repository/org/glassfish/jersey/containers/jersey-container-servlet/2.27/jersey-container-servlet-2.27.jar:/home/user/.m2/repository/org/glassfish/hk2/guice-bridge/2.5.0/guice-bridge-2.5.0.jar:/home/user/.m2/repository/org/glassfish/jersey/core/jersey-server/2.27/jersey-server-2.27.jar:/home/user/.m2/repository/org/glassfish/jersey/core/jersey-client/2.27/jersey-client-2.27.jar:/home/user/.m2/repository/org/glassfish/jersey/media/jersey-media-jaxb/2.27/jersey-media-jaxb-2.27.jar:/home/user/.m2/repository/javax/validation/validation-api/1.1.0.Final/validation-api-1.1.0.Final.jar:/home/user/.m2/repository/org/glassfish/jersey/media/jersey-media-json-jackson/2.27/jersey-media-json-jackson-2.27.jar:/home/user/.m2/repository/org/glassfish/jersey/ext/jersey-entity-filtering/2.27/jersey-entity-filtering-2.27.jar:/home/user/.m2/repository/com/google/inject/extensions/guice-assistedinject/4.0/guice-assistedinject-4.0.jar:/home/user/.m2/repository/org/jooq/jooq/3.11.10/jooq-3.11.10.jar:/home/user/.m2/repository/org/jooq/jooq-meta/3.11.10/jooq-meta-3.11.10.jar:/home/user/.m2/repository/org/jooq/jooq-codegen/3.11.10/jooq-codegen-3.11.10.jar:/home/user/.m2/repository/com/jolbox/bonecp/0.8.0.RELEASE/bonecp-0.8.0.RELEASE.jar:/home/user/.m2/repository/org/xerial/sqlite-jdbc/3.25.2/sqlite-jdbc-3.25.2.jar:/home/user/.m2/repository/org/springframework/spring-jdbc/5.1.3.RELEASE/spring-jdbc-5.1.3.RELEASE.jar:/home/user/.m2/repository/org/springframework/spring-beans/5.1.3.RELEASE/spring-beans-5.1.3.RELEASE.jar:/home/user/.m2/repository/org/springframework/spring-core/5.1.3.RELEASE/spring-core-5.1.3.RELEASE.jar:/home/user/.m2/repository/org/springframework/spring-jcl/5.1.3.RELEASE/spring-jcl-5.1.3.RELEASE.jar:/home/user/.m2/repository/org/springframework/spring-tx/5.1.3.RELEASE/spring-tx-5.1.3.RELEASE.jar:/home/user/.m2/repository/org/apache/hadoop/hadoop-ozone-client/0.5.0-SNAPSHOT/hadoop-ozone-client-0.5.0-SNAPSHOT.jar:/home/user/.m2/repository/commons-lang/commons-lang/2.6/commons-lang-2.6.jar:/home/user/.m2/repository/org/apache/hadoop/hadoop-ozone-ozone-manager/0.5.0-SNAPSHOT/hadoop-ozone-ozone-manager-0.5.0-SNAPSHOT-tests.jar:/home/user/.m2/repository/junit/junit/4.11/junit-4.11.jar:/home/user/.m2/repository/org/hamcrest/hamcrest-core/1.3/hamcrest-core-1.3.jar:/home/user/.m2/repository/org/openjdk/jmh/jmh-core/1.19/jmh-core-1.19.jar:/home/user/.m2/repository/net/sf/jopt-simple/jopt-simple/4.6/jopt-simple-4.6.jar:/home/user/.m2/repository/org/apache/commons/commons-math3/3.1.1/commons-math3-3.1.1.jar:/home/user/.m2/repository/org/openjdk/jmh/jmh-generator-annprocess/1.19/jmh-generator-annprocess-1.19.jar:/home/user/.m2/repository/org/mockito/mockito-all/1.8.5/mockito-all-1.8.5.jar:/home/user/.m2/repository/org/apache/hadoop/hadoop-kms/3.2.0/hadoop-kms-3.2.0.jar:/home/user/.m2/repository/org/apache/hadoop/hadoop-auth/3.2.0/hadoop-auth-3.2.0.jar:/home/user/.m2/repository/com/nimbusds/nimbus-jose-jwt/4.41.1/nimbus-jose-jwt-4.41.1.jar:/home/user/.m2/repository/com/github/stephenc/jcip/jcip-annotations/1.0-1/jcip-annotations-1.0-1.jar:/home/user/.m2/repository/net/minidev/json-smart/2.3/json-smart-2.3.jar:/home/user/.m2/repository/net/minidev/accessors-smart/1.2/accessors-smart-1.2.jar:/home/user/.m2/repository/org/ow2/asm/asm/5.0.4/asm-5.0.4.jar:/home/user/.m2/repository/org/apache/curator/curator-framework/2.12.0/curator-framework-2.12.0.jar:/home/user/.m2/repository/com/sun/jersey/jersey-core/1.19/jersey-core-1.19.jar:/home/user/.m2/repository/javax/ws/rs/jsr311-api/1.1.1/jsr311-api-1.1.1.jar:/home/user/.m2/repository/com/sun/jersey/jersey-server/1.19/jersey-server-1.19.jar:/home/user/.m2/repository/javax/servlet/javax.servlet-api/3.1.0/javax.servlet-api-3.1.0.jar:/home/user/.m2/repository/org/eclipse/jetty/jetty-server/9.3.24.v20180605/jetty-server-9.3.24.v20180605.jar:/home/user/.m2/repository/org/eclipse/jetty/jetty-http/9.3.24.v20180605/jetty-http-9.3.24.v20180605.jar:/home/user/.m2/repository/org/eclipse/jetty/jetty-io/9.3.24.v20180605/jetty-io-9.3.24.v20180605.jar:/home/user/.m2/repository/org/eclipse/jetty/jetty-webapp/9.3.24.v20180605/jetty-webapp-9.3.24.v20180605.jar:/home/user/.m2/repository/org/eclipse/jetty/jetty-xml/9.3.24.v20180605/jetty-xml-9.3.24.v20180605.jar:/home/user/.m2/repository/log4j/log4j/1.2.17/log4j-1.2.17.jar:/home/user/.m2/repository/org/slf4j/slf4j-api/1.7.25/slf4j-api-1.7.25.jar:/home/user/.m2/repository/org/slf4j/jul-to-slf4j/1.7.25/jul-to-slf4j-1.7.25.jar:/home/user/.m2/repository/org/eclipse/jetty/jetty-util/9.3.24.v20180605/jetty-util-9.3.24.v20180605.jar:/home/user/.m2/repository/com/fasterxml/jackson/core/jackson-databind/2.9.5/jackson-databind-2.9.5.jar:/home/user/.m2/repository/org/apache/hadoop/hadoop-kms/3.2.0/hadoop-kms-3.2.0-tests.jar:/home/user/.m2/repository/org/apache/hadoop/hadoop-hdds-server-scm/0.5.0-SNAPSHOT/hadoop-hdds-server-scm-0.5.0-SNAPSHOT-tests.jar:/home/user/.m2/repository/org/apache/hadoop/hadoop-hdds-container-service/0.5.0-SNAPSHOT/hadoop-hdds-container-service-0.5.0-SNAPSHOT-tests.jar:/home/user/.m2/repository/org/yaml/snakeyaml/1.16/snakeyaml-1.16.jar:/home/user/.m2/repository/org/apache/hadoop/hadoop-common/3.2.0/hadoop-common-3.2.0-tests.jar:/home/user/.m2/repository/org/apache/hadoop/hadoop-annotations/3.2.0/hadoop-annotations-3.2.0.jar:/usr/lib/jvm/java-1.8-openjdk/jre/../lib/tools.jar:/home/user/.m2/repository/commons-cli/commons-cli/1.2/commons-cli-1.2.jar:/home/user/.m2/repository/org/apache/httpcomponents/httpclient/4.5.2/httpclient-4.5.2.jar:/home/user/.m2/repository/org/apache/httpcomponents/httpcore/4.4.4/httpcore-4.4.4.jar:/home/user/.m2/repository/commons-codec/commons-codec/1.11/commons-codec-1.11.jar:/home/user/.m2/repository/commons-net/commons-net/3.6/commons-net-3.6.jar:/home/user/.m2/repository/commons-collections/commons-collections/3.2.2/commons-collections-3.2.2.jar:/home/user/.m2/repository/org/eclipse/jetty/jetty-servlet/9.3.24.v20180605/jetty-servlet-9.3.24.v20180605.jar:/home/user/.m2/repository/org/eclipse/jetty/jetty-security/9.3.24.v20180605/jetty-security-9.3.24.v20180605.jar:/home/user/.m2/repository/javax/servlet/jsp/jsp-api/2.1/jsp-api-2.1.jar:/home/user/.m2/repository/com/sun/jersey/jersey-servlet/1.19/jersey-servlet-1.19.jar:/home/user/.m2/repository/com/sun/jersey/jersey-json/1.19/jersey-json-1.19.jar:/home/user/.m2/repository/org/codehaus/jettison/jettison/1.1/jettison-1.1.jar:/home/user/.m2/repository/org/codehaus/jackson/jackson-core-asl/1.9.13/jackson-core-asl-1.9.13.jar:/home/user/.m2/repository/org/codehaus/jackson/jackson-mapper-asl/1.9.13/jackson-mapper-asl-1.9.13.jar:/home/user/.m2/repository/org/codehaus/jackson/jackson-jaxrs/1.9.13/jackson-jaxrs-1.9.13.jar:/home/user/.m2/repository/org/codehaus/jackson/jackson-xc/1.9.13/jackson-xc-1.9.13.jar:/home/user/.m2/repository/commons-logging/commons-logging/1.1.3/commons-logging-1.1.3.jar:/home/user/.m2/repository/commons-beanutils/commons-beanutils/1.9.3/commons-beanutils-1.9.3.jar:/home/user/.m2/repository/org/apache/commons/commons-configuration2/2.1.1/commons-configuration2-2.1.1.jar:/home/user/.m2/repository/org/apache/commons/commons-lang3/3.7/commons-lang3-3.7.jar:/home/user/.m2/repository/org/apache/commons/commons-text/1.4/commons-text-1.4.jar:/home/user/.m2/repository/org/apache/avro/avro/1.7.7/avro-1.7.7.jar:/home/user/.m2/repository/com/thoughtworks/paranamer/paranamer/2.3/paranamer-2.3.jar:/home/user/.m2/repository/org/xerial/snappy/snappy-java/1.0.5/snappy-java-1.0.5.jar:/home/user/.m2/repository/com/google/re2j/re2j/1.1/re2j-1.1.jar:/home/user/.m2/repository/com/google/code/gson/gson/2.2.4/gson-2.2.4.jar:/home/user/.m2/repository/com/jcraft/jsch/0.1.54/jsch-0.1.54.jar:/home/user/.m2/repository/org/apache/curator/curator-client/2.12.0/curator-client-2.12.0.jar:/home/user/.m2/repository/org/apache/curator/curator-recipes/2.12.0/curator-recipes-2.12.0.jar:/home/user/.m2/repository/com/google/code/findbugs/jsr305/3.0.0/jsr305-3.0.0.jar:/home/user/.m2/repository/org/apache/htrace/htrace-core4/4.1.0-incubating/htrace-core4-4.1.0-incubating.jar:/home/user/.m2/repository/org/apache/zookeeper/zookeeper/3.4.13/zookeeper-3.4.13.jar:/home/user/.m2/repository/org/apache/yetus/audience-annotations/0.5.0/audience-annotations-0.5.0.jar:/home/user/.m2/repository/org/codehaus/woodstox/stax2-api/3.1.4/stax2-api-3.1.4.jar:/home/user/.m2/repository/com/fasterxml/woodstox/woodstox-core/5.0.3/woodstox-core-5.0.3.jar:/home/user/.m2/repository/dnsjava/dnsjava/2.1.7/dnsjava-2.1.7.jar:/home/user/.m2/repository/org/apache/hadoop/hadoop-hdfs/3.2.0/hadoop-hdfs-3.2.0-tests.jar:/home/user/.m2/repository/org/eclipse/jetty/jetty-util-ajax/9.3.24.v20180605/jetty-util-ajax-9.3.24.v20180605.jar:/home/user/.m2/repository/commons-daemon/commons-daemon/1.0.13/commons-daemon-1.0.13.jar:/home/user/.m2/repository/io/netty/netty/3.10.5.Final/netty-3.10.5.Final.jar:/home/user/.m2/repository/io/netty/netty-all/4.0.52.Final/netty-all-4.0.52.Final.jar:/home/user/.m2/repository/org/fusesource/leveldbjni/leveldbjni-all/1.8/leveldbjni-all-1.8.jar:"/>
    <property name="sun.cpu.endian" value="little"/>
    <property name="user.home" value="/home/user"/>
    <property name="user.language" value="en"/>
    <property name="java.specification.vendor" value="Oracle Corporation"/>
    <property name="java.home" value="/usr/lib/jvm/java-1.8-openjdk/jre"/>
    <property name="java.security.krb5.conf" value="/workdir/hadoop-ozone/integration-test/target/test-classes/krb5.conf"/>
    <property name="basedir" value="/workdir/hadoop-ozone/integration-test"/>
    <property name="file.separator" value="/"/>
    <property name="line.separator" value="&#10;"/>
    <property name="java.vm.specification.vendor" value="Oracle Corporation"/>
    <property name="java.specification.name" value="Java Platform API Specification"/>
    <property name="java.awt.graphicsenv" value="sun.awt.X11GraphicsEnvironment"/>
    <property name="surefire.real.class.path" value="/workdir/hadoop-ozone/integration-test/target/surefire/surefirebooter5533211505507837237.jar"/>
    <property name="hadoop.log.dir" value="/workdir/hadoop-ozone/integration-test/target/log"/>
    <property name="sun.boot.class.path" value="/usr/lib/jvm/java-1.8-openjdk/jre/lib/resources.jar:/usr/lib/jvm/java-1.8-openjdk/jre/lib/rt.jar:/usr/lib/jvm/java-1.8-openjdk/jre/lib/sunrsasign.jar:/usr/lib/jvm/java-1.8-openjdk/jre/lib/jsse.jar:/usr/lib/jvm/java-1.8-openjdk/jre/lib/jce.jar:/usr/lib/jvm/java-1.8-openjdk/jre/lib/charsets.jar:/usr/lib/jvm/java-1.8-openjdk/jre/lib/jfr.jar:/usr/lib/jvm/java-1.8-openjdk/jre/classes"/>
    <property name="sun.management.compiler" value="HotSpot 64-Bit Tiered Compilers"/>
    <property name="java.runtime.version" value="1.8.0_212-b04"/>
    <property name="java.net.preferIPv4Stack" value="true"/>
    <property name="user.name" value="jenkins1000"/>
    <property name="path.separator" value=":"/>
    <property name="java.security.egd" value="file:///dev/urandom"/>
    <property name="os.version" value="3.10.0-957.12.2.el7.x86_64"/>
    <property name="java.endorsed.dirs" value="/usr/lib/jvm/java-1.8-openjdk/jre/lib/endorsed"/>
    <property name="java.runtime.name" value="OpenJDK Runtime Environment"/>
    <property name="file.encoding" value="UTF-8"/>
    <property name="java.vm.name" value="OpenJDK 64-Bit Server VM"/>
    <property name="test.build.webapps" value=""/>
    <property name="localRepository" value="/home/user/.m2/repository"/>
    <property name="java.vendor.url.bug" value="https://icedtea.classpath.org/bugzilla"/>
    <property name="java.io.tmpdir" value="/tmp"/>
    <property name="require.test.libhadoop" value=""/>
    <property name="java.version" value="1.8.0_212"/>
    <property name="user.dir" value="/workdir/hadoop-ozone/integration-test"/>
    <property name="os.arch" value="amd64"/>
    <property name="java.vm.specification.name" value="Java Virtual Machine Specification"/>
    <property name="test.build.classes" value="/workdir/hadoop-ozone/integration-test/target/test-classes"/>
    <property name="java.awt.printerjob" value="sun.print.PSPrinterJob"/>
    <property name="sun.os.patch.level" value="unknown"/>
    <property name="hadoop.tmp.dir" value="/workdir/hadoop-ozone/integration-test/target/tmp"/>
    <property name="java.library.path" value="/usr/lib/jvm/java-1.8-openjdk/jre/lib/amd64/server:/usr/lib/jvm/java-1.8-openjdk/jre/lib/amd64:/usr/lib/jvm/java-1.8-openjdk/jre/../lib/amd64:/workdir/hadoop-ozone/integration-test/target/native/target/usr/local/lib:/workdir/hadoop-ozone/integration-test/../../hadoop-common-project/hadoop-common/target/native/target/usr/local/lib:/usr/java/packages/lib/amd64:/usr/lib64:/lib64:/lib:/usr/lib"/>
    <property name="java.vm.info" value="mixed mode"/>
    <property name="java.vendor" value="IcedTea"/>
    <property name="java.vm.version" value="25.212-b04"/>
    <property name="java.ext.dirs" value="/usr/lib/jvm/java-1.8-openjdk/jre/lib/ext:/usr/java/packages/lib/ext"/>
    <property name="sun.io.unicode.encoding" value="UnicodeLittle"/>
    <property name="java.class.version" value="52.0"/>
  </properties>
  <testcase name="test2DatanodesFailure" classname="org.apache.hadoop.ozone.client.rpc.TestBlockOutputStreamWithFailures" time="48.231"/>
  <testcase name="testDatanodeFailureWithPreAllocation" classname="org.apache.hadoop.ozone.client.rpc.TestBlockOutputStreamWithFailures" time="230.16"/>
  <testcase name="testDatanodeFailureWithSingleNodeRatis" classname="org.apache.hadoop.ozone.client.rpc.TestBlockOutputStreamWithFailures" time="239.672"/>
  <testcase name="testWatchForCommitWithSingleNodeRatis" classname="org.apache.hadoop.ozone.client.rpc.TestBlockOutputStreamWithFailures" time="38.743"/>
  <testcase name="testWatchForCommitDatanodeFailure" classname="org.apache.hadoop.ozone.client.rpc.TestBlockOutputStreamWithFailures" time="56.099">
    <failure message="expected:&lt;2&gt; but was:&lt;3&gt;" type="java.lang.AssertionError"><![CDATA[java.lang.AssertionError: expected:<2> but was:<3>
	at org.junit.Assert.fail(Assert.java:88)
	at org.junit.Assert.failNotEquals(Assert.java:743)
	at org.junit.Assert.assertEquals(Assert.java:118)
	at org.junit.Assert.assertEquals(Assert.java:555)
	at org.junit.Assert.assertEquals(Assert.java:542)
	at org.apache.hadoop.ozone.client.rpc.TestBlockOutputStreamWithFailures.testWatchForCommitDatanodeFailure(TestBlockOutputStreamWithFailures.java:366)
	at sun.reflect.NativeMethodAccessorImpl.invoke0(Native Method)
	at sun.reflect.NativeMethodAccessorImpl.invoke(NativeMethodAccessorImpl.java:62)
	at sun.reflect.DelegatingMethodAccessorImpl.invoke(DelegatingMethodAccessorImpl.java:43)
	at java.lang.reflect.Method.invoke(Method.java:498)
	at org.junit.runners.model.FrameworkMethod$1.runReflectiveCall(FrameworkMethod.java:47)
	at org.junit.internal.runners.model.ReflectiveCallable.run(ReflectiveCallable.java:12)
	at org.junit.runners.model.FrameworkMethod.invokeExplosively(FrameworkMethod.java:44)
	at org.junit.internal.runners.statements.InvokeMethod.evaluate(InvokeMethod.java:17)
	at org.junit.internal.runners.statements.RunBefores.evaluate(RunBefores.java:26)
	at org.junit.internal.runners.statements.RunAfters.evaluate(RunAfters.java:27)
	at org.junit.runners.ParentRunner.runLeaf(ParentRunner.java:271)
	at org.junit.runners.BlockJUnit4ClassRunner.runChild(BlockJUnit4ClassRunner.java:70)
	at org.junit.runners.BlockJUnit4ClassRunner.runChild(BlockJUnit4ClassRunner.java:50)
	at org.junit.runners.ParentRunner$3.run(ParentRunner.java:238)
	at org.junit.runners.ParentRunner$1.schedule(ParentRunner.java:63)
	at org.junit.runners.ParentRunner.runChildren(ParentRunner.java:236)
	at org.junit.runners.ParentRunner.access$000(ParentRunner.java:53)
	at org.junit.runners.ParentRunner$2.evaluate(ParentRunner.java:229)
	at org.junit.runners.ParentRunner.run(ParentRunner.java:309)
	at org.apache.maven.surefire.junit4.JUnit4Provider.execute(JUnit4Provider.java:365)
	at org.apache.maven.surefire.junit4.JUnit4Provider.executeWithRerun(JUnit4Provider.java:273)
	at org.apache.maven.surefire.junit4.JUnit4Provider.executeTestSet(JUnit4Provider.java:238)
	at org.apache.maven.surefire.junit4.JUnit4Provider.invoke(JUnit4Provider.java:159)
	at org.apache.maven.surefire.booter.ForkedBooter.invokeProviderInSameClassLoader(ForkedBooter.java:384)
	at org.apache.maven.surefire.booter.ForkedBooter.runSuitesInProcess(ForkedBooter.java:345)
	at org.apache.maven.surefire.booter.ForkedBooter.execute(ForkedBooter.java:126)
	at org.apache.maven.surefire.booter.ForkedBooter.main(ForkedBooter.java:418)
]]></failure>
    <system-out><![CDATA[2019-09-19 04:00:40,420 [main] WARN  server.ServerUtils (ServerUtils.java:getScmDbDir(145)) - ozone.scm.db.dirs is not configured. We recommend adding this setting. Falling back to ozone.metadata.dirs instead.
2019-09-19 04:00:40,467 [main] WARN  server.ServerUtils (ServerUtils.java:getScmDbDir(145)) - ozone.scm.db.dirs is not configured. We recommend adding this setting. Falling back to ozone.metadata.dirs instead.
2019-09-19 04:00:40,468 [main] WARN  server.ServerUtils (ServerUtils.java:getScmDbDir(145)) - ozone.scm.db.dirs is not configured. We recommend adding this setting. Falling back to ozone.metadata.dirs instead.
2019-09-19 04:00:40,469 [main] INFO  db.DBStoreBuilder (DBStoreBuilder.java:addTable(110)) - using custom profile for table: deletedBlocks
2019-09-19 04:00:40,469 [main] INFO  db.DBStoreBuilder (DBStoreBuilder.java:processTables(161)) - Using default column profile:DBProfile.DISK for Table:deletedBlocks
2019-09-19 04:00:40,469 [main] INFO  db.DBStoreBuilder (DBStoreBuilder.java:addTable(110)) - using custom profile for table: validCerts
2019-09-19 04:00:40,469 [main] INFO  db.DBStoreBuilder (DBStoreBuilder.java:processTables(161)) - Using default column profile:DBProfile.DISK for Table:validCerts
2019-09-19 04:00:40,470 [main] INFO  db.DBStoreBuilder (DBStoreBuilder.java:addTable(110)) - using custom profile for table: revokedCerts
2019-09-19 04:00:40,470 [main] INFO  db.DBStoreBuilder (DBStoreBuilder.java:processTables(161)) - Using default column profile:DBProfile.DISK for Table:revokedCerts
2019-09-19 04:00:40,470 [main] INFO  db.DBStoreBuilder (DBStoreBuilder.java:addTable(110)) - using custom profile for table: default
2019-09-19 04:00:40,471 [main] INFO  db.DBStoreBuilder (DBStoreBuilder.java:processTables(167)) - Using default column profile:DBProfile.DISK for Table:default
2019-09-19 04:00:40,471 [main] INFO  db.DBStoreBuilder (DBStoreBuilder.java:getDbProfile(198)) - Using default options. DBProfile.DISK
2019-09-19 04:00:40,626 [main] INFO  net.NodeSchemaLoader (NodeSchemaLoader.java:loadSchemaFromFile(125)) - Loading file from sun.misc.CompoundEnumeration@6b72c62
2019-09-19 04:00:40,626 [main] INFO  net.NodeSchemaLoader (NodeSchemaLoader.java:loadSchema(171)) - Loading network topology layer schema file
2019-09-19 04:00:40,631 [main] INFO  node.SCMNodeManager (SCMNodeManager.java:<init>(121)) - Entering startup safe mode.
2019-09-19 04:00:40,632 [main] INFO  algorithms.ContainerPlacementPolicyFactory (ContainerPlacementPolicyFactory.java:getPolicy(56)) - Create container placement policy of type org.apache.hadoop.hdds.scm.container.placement.algorithms.SCMContainerPlacementRandom
2019-09-19 04:00:40,632 [main] WARN  server.ServerUtils (ServerUtils.java:getScmDbDir(145)) - ozone.scm.db.dirs is not configured. We recommend adding this setting. Falling back to ozone.metadata.dirs instead.
2019-09-19 04:00:40,655 [main] INFO  pipeline.SCMPipelineManager (SCMPipelineManager.java:initializePipelineState(145)) - No pipeline exists in current db
2019-09-19 04:00:40,656 [main] WARN  server.ServerUtils (ServerUtils.java:getScmDbDir(145)) - ozone.scm.db.dirs is not configured. We recommend adding this setting. Falling back to ozone.metadata.dirs instead.
2019-09-19 04:00:40,680 [main] INFO  safemode.HealthyPipelineSafeModeRule (HealthyPipelineSafeModeRule.java:<init>(87)) -  Total pipeline count is 0, healthy pipeline threshold count is 1
2019-09-19 04:00:40,680 [main] INFO  safemode.OneReplicaPipelineSafeModeRule (OneReplicaPipelineSafeModeRule.java:<init>(75)) - Total pipeline count is 0, pipeline's with at least one datanode reported threshold count is 0
2019-09-19 04:00:40,681 [main] WARN  events.EventQueue (EventQueue.java:fireEvent(175)) - No event handler registered for event TypedEvent{payloadType=SafeModeStatus, name='SafeModeStatus'}
2019-09-19 04:00:40,681 [main] INFO  ipc.CallQueueManager (CallQueueManager.java:<init>(84)) - Using callQueue: class java.util.concurrent.LinkedBlockingQueue, queueCapacity: 2000, scheduler: class org.apache.hadoop.ipc.DefaultRpcScheduler, ipcBackoff: false.
2019-09-19 04:00:40,682 [Socket Reader #1 for port 39122] INFO  ipc.Server (Server.java:run(1074)) - Starting Socket Reader #1 for port 39122
2019-09-19 04:00:40,684 [main] INFO  ipc.CallQueueManager (CallQueueManager.java:<init>(84)) - Using callQueue: class java.util.concurrent.LinkedBlockingQueue, queueCapacity: 2000, scheduler: class org.apache.hadoop.ipc.DefaultRpcScheduler, ipcBackoff: false.
2019-09-19 04:00:40,685 [Socket Reader #1 for port 45786] INFO  ipc.Server (Server.java:run(1074)) - Starting Socket Reader #1 for port 45786
2019-09-19 04:00:40,686 [main] INFO  ipc.CallQueueManager (CallQueueManager.java:<init>(84)) - Using callQueue: class java.util.concurrent.LinkedBlockingQueue, queueCapacity: 2000, scheduler: class org.apache.hadoop.ipc.DefaultRpcScheduler, ipcBackoff: false.
2019-09-19 04:00:40,687 [Socket Reader #1 for port 43929] INFO  ipc.Server (Server.java:run(1074)) - Starting Socket Reader #1 for port 43929
2019-09-19 04:00:40,690 [main] INFO  hdfs.DFSUtil (DFSUtil.java:httpServerTemplateForNNAndJN(1641)) - Starting Web-server for scm at: http://0.0.0.0:0
2019-09-19 04:00:40,693 [main] INFO  server.AuthenticationFilter (AuthenticationFilter.java:constructSecretProvider(240)) - Unable to initialize FileSignerSecretProvider, falling back to use random secrets.
2019-09-19 04:00:40,694 [main] WARN  http.HttpRequestLog (HttpRequestLog.java:getRequestLog(97)) - Jetty request log can only be enabled using Log4j
2019-09-19 04:00:40,696 [main] INFO  http.HttpServer2 (HttpServer2.java:addGlobalFilter(975)) - Added global filter 'safety' (class=org.apache.hadoop.http.HttpServer2$QuotingInputFilter)
2019-09-19 04:00:40,697 [main] INFO  http.HttpServer2 (HttpServer2.java:addFilter(948)) - Added filter static_user_filter (class=org.apache.hadoop.http.lib.StaticUserWebFilter$StaticUserFilter) to context scm
2019-09-19 04:00:40,697 [main] INFO  http.HttpServer2 (HttpServer2.java:addFilter(958)) - Added filter static_user_filter (class=org.apache.hadoop.http.lib.StaticUserWebFilter$StaticUserFilter) to context logs
2019-09-19 04:00:40,697 [main] INFO  http.HttpServer2 (HttpServer2.java:addFilter(958)) - Added filter static_user_filter (class=org.apache.hadoop.http.lib.StaticUserWebFilter$StaticUserFilter) to context static
2019-09-19 04:00:40,700 [main] INFO  server.StorageContainerManager (StorageContainerManager.java:start(761)) - StorageContainerLocationProtocol RPC server is listening at /0.0.0.0:43929
2019-09-19 04:00:40,702 [main] WARN  impl.MetricsConfig (MetricsConfig.java:loadFirst(134)) - Cannot locate configuration: tried hadoop-metrics2-storagecontainermanager.properties,hadoop-metrics2.properties
2019-09-19 04:00:40,703 [main] INFO  impl.MetricsSystemImpl (MetricsSystemImpl.java:startTimer(374)) - Scheduled Metric snapshot period at 10 second(s).
2019-09-19 04:00:40,704 [main] INFO  impl.MetricsSystemImpl (MetricsSystemImpl.java:start(191)) - StorageContainerManager metrics system started
2019-09-19 04:00:40,777 [main] INFO  server.SCMClientProtocolServer (SCMClientProtocolServer.java:start(151)) - RPC server for Client  is listening at /0.0.0.0:43929
2019-09-19 04:00:40,777 [IPC Server Responder] INFO  ipc.Server (Server.java:run(1314)) - IPC Server Responder: starting
2019-09-19 04:00:40,777 [IPC Server listener on 43929] INFO  ipc.Server (Server.java:run(1153)) - IPC Server listener on 43929: starting
2019-09-19 04:00:40,781 [main] INFO  server.StorageContainerManager (StorageContainerManager.java:start(771)) - ScmBlockLocationProtocol RPC server is listening at /0.0.0.0:45786
2019-09-19 04:00:40,781 [main] INFO  server.SCMBlockProtocolServer (SCMBlockProtocolServer.java:start(140)) - RPC server for Block Protocol is listening at /0.0.0.0:45786
2019-09-19 04:00:40,781 [IPC Server Responder] INFO  ipc.Server (Server.java:run(1314)) - IPC Server Responder: starting
2019-09-19 04:00:40,781 [IPC Server listener on 45786] INFO  ipc.Server (Server.java:run(1153)) - IPC Server listener on 45786: starting
2019-09-19 04:00:40,785 [main] INFO  server.StorageContainerManager (StorageContainerManager.java:start(775)) - ScmDatanodeProtocl RPC server is listening at /0.0.0.0:39122
2019-09-19 04:00:40,785 [main] INFO  server.SCMDatanodeProtocolServer (SCMDatanodeProtocolServer.java:start(199)) - RPC server for DataNodes is listening at /0.0.0.0:39122
2019-09-19 04:00:40,786 [IPC Server listener on 39122] INFO  ipc.Server (Server.java:run(1153)) - IPC Server listener on 39122: starting
2019-09-19 04:00:40,786 [IPC Server Responder] INFO  ipc.Server (Server.java:run(1314)) - IPC Server Responder: starting
2019-09-19 04:00:40,789 [main] INFO  http.HttpServer2 (HttpServer2.java:bindListener(1191)) - Jetty bound to port 42432
2019-09-19 04:00:40,789 [main] INFO  server.Server (Server.java:doStart(351)) - jetty-9.3.24.v20180605, build timestamp: 2018-06-05T17:11:56Z, git hash: 84205aa28f11a4f31f2a3b86d1bba2cc8ab69827
2019-09-19 04:00:40,791 [main] INFO  handler.ContextHandler (ContextHandler.java:doStart(781)) - Started o.e.j.s.ServletContextHandler@36b2b6e6{/logs,file:///workdir/hadoop-ozone/integration-test/target/log,AVAILABLE}
2019-09-19 04:00:40,792 [main] INFO  handler.ContextHandler (ContextHandler.java:doStart(781)) - Started o.e.j.s.ServletContextHandler@17af9f67{/static,file:///workdir/hadoop-ozone/integration-test/target/test-classes/webapps/static,AVAILABLE}
2019-09-19 04:00:40,795 [main] INFO  handler.ContextHandler (ContextHandler.java:doStart(781)) - Started o.e.j.w.WebAppContext@203ba07{/,file:///workdir/hadoop-ozone/integration-test/target/test-classes/webapps/scm/,AVAILABLE}{/scm}
2019-09-19 04:00:40,796 [main] INFO  server.AbstractConnector (AbstractConnector.java:doStart(278)) - Started ServerConnector@5e572ad6{HTTP/1.1,[http/1.1]}{0.0.0.0:42432}
2019-09-19 04:00:40,796 [main] INFO  server.Server (Server.java:doStart(419)) - Started @557790ms
2019-09-19 04:00:40,799 [main] INFO  server.BaseHttpServer (BaseHttpServer.java:updateConnectorAddress(213)) - HTTP server of SCM is listening at http://0.0.0.0:42432
2019-09-19 04:00:40,800 [main] WARN  server.ServerUtils (ServerUtils.java:getDBPath(222)) - ozone.om.db.dirs is not configured. We recommend adding this setting. Falling back to ozone.metadata.dirs instead.
2019-09-19 04:00:40,801 [org.apache.hadoop.util.JvmPauseMonitor$Monitor@69c53b72] INFO  util.JvmPauseMonitor (JvmPauseMonitor.java:run(188)) - Starting JVM pause monitor
2019-09-19 04:00:40,815 [main] WARN  server.ServerUtils (ServerUtils.java:getDBPath(222)) - ozone.om.db.dirs is not configured. We recommend adding this setting. Falling back to ozone.metadata.dirs instead.
2019-09-19 04:00:40,815 [main] WARN  server.ServerUtils (ServerUtils.java:getDBPath(222)) - ozone.om.db.dirs is not configured. We recommend adding this setting. Falling back to ozone.metadata.dirs instead.
2019-09-19 04:00:40,816 [main] INFO  om.OzoneManager (OzoneManager.java:setOMNodeDetails(645)) - OM Service ID is not set. Setting it to the default ID: omServiceIdDefault
2019-09-19 04:00:40,816 [main] INFO  om.OzoneManager (OzoneManager.java:setOMNodeDetails(651)) - OM Node ID is not set. Setting it to the OmStorage's OmID: d4ed827d-d415-4ece-a220-52e0974fcd90
2019-09-19 04:00:40,816 [main] INFO  om.OzoneManager (OzoneManager.java:loadOMHAConfigs(602)) - Found matching OM address with OMServiceId: null, OMNodeId: null, RPC Address: localhost:0 and Ratis port: 9872
2019-09-19 04:00:40,820 | INFO  | SCMAudit | user=jenkins1000 | ip=192.168.34.50 | op=GET_SCM_INFO null | ret=SUCCESS |  
2019-09-19 04:00:40,822 [main] WARN  server.ServerUtils (ServerUtils.java:getDBPath(222)) - ozone.om.db.dirs is not configured. We recommend adding this setting. Falling back to ozone.metadata.dirs instead.
2019-09-19 04:00:40,823 [main] INFO  db.DBStoreBuilder (DBStoreBuilder.java:addTable(110)) - using custom profile for table: userTable
2019-09-19 04:00:40,823 [main] INFO  db.DBStoreBuilder (DBStoreBuilder.java:processTables(161)) - Using default column profile:DBProfile.DISK for Table:userTable
2019-09-19 04:00:40,824 [main] INFO  db.DBStoreBuilder (DBStoreBuilder.java:addTable(110)) - using custom profile for table: volumeTable
2019-09-19 04:00:40,824 [main] INFO  db.DBStoreBuilder (DBStoreBuilder.java:processTables(161)) - Using default column profile:DBProfile.DISK for Table:volumeTable
2019-09-19 04:00:40,824 [main] INFO  db.DBStoreBuilder (DBStoreBuilder.java:addTable(110)) - using custom profile for table: bucketTable
2019-09-19 04:00:40,824 [main] INFO  db.DBStoreBuilder (DBStoreBuilder.java:processTables(161)) - Using default column profile:DBProfile.DISK for Table:bucketTable
2019-09-19 04:00:40,825 [main] INFO  db.DBStoreBuilder (DBStoreBuilder.java:addTable(110)) - using custom profile for table: keyTable
2019-09-19 04:00:40,825 [main] INFO  db.DBStoreBuilder (DBStoreBuilder.java:processTables(161)) - Using default column profile:DBProfile.DISK for Table:keyTable
2019-09-19 04:00:40,825 [main] INFO  db.DBStoreBuilder (DBStoreBuilder.java:addTable(110)) - using custom profile for table: deletedTable
2019-09-19 04:00:40,825 [main] INFO  db.DBStoreBuilder (DBStoreBuilder.java:processTables(161)) - Using default column profile:DBProfile.DISK for Table:deletedTable
2019-09-19 04:00:40,825 [main] INFO  db.DBStoreBuilder (DBStoreBuilder.java:addTable(110)) - using custom profile for table: openKeyTable
2019-09-19 04:00:40,826 [main] INFO  db.DBStoreBuilder (DBStoreBuilder.java:processTables(161)) - Using default column profile:DBProfile.DISK for Table:openKeyTable
2019-09-19 04:00:40,826 [main] INFO  db.DBStoreBuilder (DBStoreBuilder.java:addTable(110)) - using custom profile for table: s3Table
2019-09-19 04:00:40,826 [main] INFO  db.DBStoreBuilder (DBStoreBuilder.java:processTables(161)) - Using default column profile:DBProfile.DISK for Table:s3Table
2019-09-19 04:00:40,826 [main] INFO  db.DBStoreBuilder (DBStoreBuilder.java:addTable(110)) - using custom profile for table: multipartInfoTable
2019-09-19 04:00:40,827 [main] INFO  db.DBStoreBuilder (DBStoreBuilder.java:processTables(161)) - Using default column profile:DBProfile.DISK for Table:multipartInfoTable
2019-09-19 04:00:40,827 [main] INFO  db.DBStoreBuilder (DBStoreBuilder.java:addTable(110)) - using custom profile for table: dTokenTable
2019-09-19 04:00:40,827 [main] INFO  db.DBStoreBuilder (DBStoreBuilder.java:processTables(161)) - Using default column profile:DBProfile.DISK for Table:dTokenTable
2019-09-19 04:00:40,827 [main] INFO  db.DBStoreBuilder (DBStoreBuilder.java:addTable(110)) - using custom profile for table: s3SecretTable
2019-09-19 04:00:40,827 [main] INFO  db.DBStoreBuilder (DBStoreBuilder.java:processTables(161)) - Using default column profile:DBProfile.DISK for Table:s3SecretTable
2019-09-19 04:00:40,828 [main] INFO  db.DBStoreBuilder (DBStoreBuilder.java:addTable(110)) - using custom profile for table: prefixTable
2019-09-19 04:00:40,828 [main] INFO  db.DBStoreBuilder (DBStoreBuilder.java:processTables(161)) - Using default column profile:DBProfile.DISK for Table:prefixTable
2019-09-19 04:00:40,828 [main] INFO  db.DBStoreBuilder (DBStoreBuilder.java:addTable(110)) - using custom profile for table: default
2019-09-19 04:00:40,828 [main] INFO  db.DBStoreBuilder (DBStoreBuilder.java:processTables(167)) - Using default column profile:DBProfile.DISK for Table:default
2019-09-19 04:00:40,829 [main] INFO  db.DBStoreBuilder (DBStoreBuilder.java:getDbProfile(198)) - Using default options. DBProfile.DISK
2019-09-19 04:00:41,308 [main] INFO  ipc.CallQueueManager (CallQueueManager.java:<init>(84)) - Using callQueue: class java.util.concurrent.LinkedBlockingQueue, queueCapacity: 2000, scheduler: class org.apache.hadoop.ipc.DefaultRpcScheduler, ipcBackoff: false.
2019-09-19 04:00:41,309 [Socket Reader #1 for port 42958] INFO  ipc.Server (Server.java:run(1074)) - Starting Socket Reader #1 for port 42958
2019-09-19 04:00:41,325 [main] INFO  om.OzoneManager (OzoneManager.java:start(1256)) - OzoneManager RPC server is listening at localhost/127.0.0.1:42958
2019-09-19 04:00:41,325 [main] INFO  impl.MetricsSystemImpl (MetricsSystemImpl.java:init(158)) - OzoneManager metrics system started (again)
2019-09-19 04:00:41,326 [IPC Server Responder] INFO  ipc.Server (Server.java:run(1314)) - IPC Server Responder: starting
2019-09-19 04:00:41,326 [IPC Server listener on 42958] INFO  ipc.Server (Server.java:run(1153)) - IPC Server listener on 42958: starting
2019-09-19 04:00:41,331 [main] INFO  hdfs.DFSUtil (DFSUtil.java:httpServerTemplateForNNAndJN(1641)) - Starting Web-server for ozoneManager at: http://0.0.0.0:0
2019-09-19 04:00:41,333 [main] INFO  server.AuthenticationFilter (AuthenticationFilter.java:constructSecretProvider(240)) - Unable to initialize FileSignerSecretProvider, falling back to use random secrets.
2019-09-19 04:00:41,334 [main] WARN  http.HttpRequestLog (HttpRequestLog.java:getRequestLog(97)) - Jetty request log can only be enabled using Log4j
2019-09-19 04:00:41,336 [main] INFO  http.HttpServer2 (HttpServer2.java:addGlobalFilter(975)) - Added global filter 'safety' (class=org.apache.hadoop.http.HttpServer2$QuotingInputFilter)
2019-09-19 04:00:41,337 [main] INFO  http.HttpServer2 (HttpServer2.java:addFilter(948)) - Added filter static_user_filter (class=org.apache.hadoop.http.lib.StaticUserWebFilter$StaticUserFilter) to context ozoneManager
2019-09-19 04:00:41,337 [main] INFO  http.HttpServer2 (HttpServer2.java:addFilter(958)) - Added filter static_user_filter (class=org.apache.hadoop.http.lib.StaticUserWebFilter$StaticUserFilter) to context logs
2019-09-19 04:00:41,338 [main] INFO  http.HttpServer2 (HttpServer2.java:addFilter(958)) - Added filter static_user_filter (class=org.apache.hadoop.http.lib.StaticUserWebFilter$StaticUserFilter) to context static
2019-09-19 04:00:41,339 [main] INFO  http.HttpServer2 (HttpServer2.java:bindListener(1191)) - Jetty bound to port 44506
2019-09-19 04:00:41,339 [main] INFO  server.Server (Server.java:doStart(351)) - jetty-9.3.24.v20180605, build timestamp: 2018-06-05T17:11:56Z, git hash: 84205aa28f11a4f31f2a3b86d1bba2cc8ab69827
2019-09-19 04:00:41,344 [main] INFO  handler.ContextHandler (ContextHandler.java:doStart(781)) - Started o.e.j.s.ServletContextHandler@46f3d0f7{/logs,file:///workdir/hadoop-ozone/integration-test/target/log,AVAILABLE}
2019-09-19 04:00:41,345 [main] INFO  handler.ContextHandler (ContextHandler.java:doStart(781)) - Started o.e.j.s.ServletContextHandler@354baab2{/static,file:///workdir/hadoop-ozone/integration-test/target/test-classes/webapps/static,AVAILABLE}
2019-09-19 04:00:41,352 [main] INFO  handler.ContextHandler (ContextHandler.java:doStart(781)) - Started o.e.j.w.WebAppContext@4dd28982{/,file:///workdir/hadoop-ozone/integration-test/target/test-classes/webapps/ozoneManager/,AVAILABLE}{/ozoneManager}
2019-09-19 04:00:41,353 [main] INFO  server.AbstractConnector (AbstractConnector.java:doStart(278)) - Started ServerConnector@1e8c741c{HTTP/1.1,[http/1.1]}{0.0.0.0:44506}
2019-09-19 04:00:41,355 [main] INFO  server.Server (Server.java:doStart(419)) - Started @558349ms
2019-09-19 04:00:41,356 [main] INFO  server.BaseHttpServer (BaseHttpServer.java:updateConnectorAddress(213)) - HTTP server of OZONEMANAGER is listening at http://0.0.0.0:44506
2019-09-19 04:00:41,372 [main] INFO  impl.MetricsSystemImpl (MetricsSystemImpl.java:init(158)) - HddsDatanode metrics system started (again)
2019-09-19 04:00:41,374 [main] INFO  ozone.HddsDatanodeService (HddsDatanodeService.java:start(184)) - HddsDatanodeService host:pr-hdds-2034-srnhl-2452957315 ip:192.168.34.50
2019-09-19 04:00:41,384 [main] INFO  volume.HddsVolume (HddsVolume.java:<init>(176)) - Creating Volume: /workdir/hadoop-ozone/integration-test/target/test-dir/MiniOzoneClusterImpl-048a2d1c-ec68-42a5-b9aa-3373df324185/datanode-0/data/containers/hdds of  storage type : DISK and capacity : 1482555576320
2019-09-19 04:00:41,384 [main] INFO  volume.VolumeSet (VolumeSet.java:initializeVolumeSet(170)) - Added Volume : /workdir/hadoop-ozone/integration-test/target/test-dir/MiniOzoneClusterImpl-048a2d1c-ec68-42a5-b9aa-3373df324185/datanode-0/data/containers/hdds to VolumeSet
2019-09-19 04:00:41,384 [main] INFO  volume.ThrottledAsyncChecker (ThrottledAsyncChecker.java:schedule(140)) - Scheduling a check for org.apache.hadoop.ozone.container.common.volume.HddsVolume@6441da2c
2019-09-19 04:00:41,385 [main] INFO  volume.HddsVolumeChecker (HddsVolumeChecker.java:checkAllVolumes(203)) - Scheduled health check for volume org.apache.hadoop.ozone.container.common.volume.HddsVolume@6441da2c
2019-09-19 04:00:41,402 [main] INFO  impl.RaftServerProxy (ConfUtils.java:logGet(43)) - raft.rpc.type = GRPC (default)
2019-09-19 04:00:41,403 [main] INFO  grpc.GrpcFactory (GrpcFactory.java:checkPooledByteBufAllocatorUseCacheForAllThreads(45)) - PERFORMANCE WARNING: useCacheForAllThreads is true that may cause Netty to create a lot garbage objects and, as a result, trigger GC.
	It is recommended to disable useCacheForAllThreads by setting -Dorg.apache.ratis.thirdparty.io.netty.allocator.useCacheForAllThreads=false in command line.
2019-09-19 04:00:41,403 [main] INFO  grpc.GrpcConfigKeys$Server (ConfUtils.java:logGet(43)) - raft.grpc.server.port = 0 (default)
2019-09-19 04:00:41,403 [main] INFO  server.GrpcService (ConfUtils.java:logGet(43)) - raft.grpc.message.size.max = 33570816 (custom)
2019-09-19 04:00:41,403 [main] INFO  server.RaftServerConfigKeys (ConfUtils.java:logGet(43)) - raft.server.log.appender.buffer.byte-limit = 33554432 (custom)
2019-09-19 04:00:41,404 [main] INFO  server.GrpcService (ConfUtils.java:logGet(43)) - raft.grpc.flow.control.window = 1MB (=1048576) (default)
2019-09-19 04:00:41,404 [main] INFO  server.RaftServerConfigKeys (ConfUtils.java:logGet(43)) - raft.server.rpc.request.timeout = 3000ms (default)
2019-09-19 04:00:41,404 [main] INFO  server.RaftServerConfigKeys (ConfUtils.java:logGet(43)) - raft.server.storage.dir = [/workdir/hadoop-ozone/integration-test/target/test-dir/MiniOzoneClusterImpl-048a2d1c-ec68-42a5-b9aa-3373df324185/datanode-0/data/ratis] (custom)
2019-09-19 04:00:41,405 [main] INFO  replication.SimpleContainerDownloader (SimpleContainerDownloader.java:<init>(72)) - Starting container downloader service to copy containers to replicate.
2019-09-19 04:00:41,406 [main] INFO  hdfs.DFSUtil (DFSUtil.java:httpServerTemplateForNNAndJN(1641)) - Starting Web-server for hddsDatanode at: http://0.0.0.0:0
2019-09-19 04:00:41,408 [main] INFO  server.AuthenticationFilter (AuthenticationFilter.java:constructSecretProvider(240)) - Unable to initialize FileSignerSecretProvider, falling back to use random secrets.
2019-09-19 04:00:41,409 [main] WARN  http.HttpRequestLog (HttpRequestLog.java:getRequestLog(97)) - Jetty request log can only be enabled using Log4j
2019-09-19 04:00:41,411 [main] INFO  http.HttpServer2 (HttpServer2.java:addGlobalFilter(975)) - Added global filter 'safety' (class=org.apache.hadoop.http.HttpServer2$QuotingInputFilter)
2019-09-19 04:00:41,412 [main] INFO  http.HttpServer2 (HttpServer2.java:addFilter(948)) - Added filter static_user_filter (class=org.apache.hadoop.http.lib.StaticUserWebFilter$StaticUserFilter) to context hddsDatanode
2019-09-19 04:00:41,412 [main] INFO  http.HttpServer2 (HttpServer2.java:addFilter(958)) - Added filter static_user_filter (class=org.apache.hadoop.http.lib.StaticUserWebFilter$StaticUserFilter) to context static
2019-09-19 04:00:41,412 [main] INFO  http.HttpServer2 (HttpServer2.java:addFilter(958)) - Added filter static_user_filter (class=org.apache.hadoop.http.lib.StaticUserWebFilter$StaticUserFilter) to context logs
2019-09-19 04:00:41,413 [main] INFO  http.HttpServer2 (HttpServer2.java:bindListener(1191)) - Jetty bound to port 36547
2019-09-19 04:00:41,414 [main] INFO  server.Server (Server.java:doStart(351)) - jetty-9.3.24.v20180605, build timestamp: 2018-06-05T17:11:56Z, git hash: 84205aa28f11a4f31f2a3b86d1bba2cc8ab69827
2019-09-19 04:00:41,415 [main] INFO  handler.ContextHandler (ContextHandler.java:doStart(781)) - Started o.e.j.s.ServletContextHandler@c50503e{/logs,file:///workdir/hadoop-ozone/integration-test/target/log,AVAILABLE}
2019-09-19 04:00:41,416 [main] INFO  handler.ContextHandler (ContextHandler.java:doStart(781)) - Started o.e.j.s.ServletContextHandler@326489c4{/static,jar:file:/home/user/.m2/repository/org/apache/hadoop/hadoop-hdds-container-service/0.5.0-SNAPSHOT/hadoop-hdds-container-service-0.5.0-SNAPSHOT.jar!/webapps/static,AVAILABLE}
2019-09-19 04:00:41,459 [main] INFO  handler.ContextHandler (ContextHandler.java:doStart(781)) - Started o.e.j.w.WebAppContext@766ab25b{/,file:///tmp/jetty-0.0.0.0-36547-hddsDatanode-_-any-7077396268989500870.dir/webapp/,AVAILABLE}{/hddsDatanode}
2019-09-19 04:00:41,460 [main] INFO  server.AbstractConnector (AbstractConnector.java:doStart(278)) - Started ServerConnector@735d7b99{HTTP/1.1,[http/1.1]}{0.0.0.0:36547}
2019-09-19 04:00:41,461 [main] INFO  server.Server (Server.java:doStart(419)) - Started @558456ms
2019-09-19 04:00:41,462 [main] INFO  server.BaseHttpServer (BaseHttpServer.java:updateConnectorAddress(213)) - HTTP server of HDDSDATANODE is listening at http://0.0.0.0:36547
2019-09-19 04:00:41,621 | INFO  | ObjectStoreRestHttpServer | Listening HDDS REST traffic on /0.0.0.0:35374 |  
2019-09-19 04:00:41,622 [main] INFO  ozone.HddsDatanodeService (HddsDatanodeService.java:startPlugins(395)) - Started plug-in org.apache.hadoop.ozone.web.OzoneHddsDatanodeService@75f579d2
2019-09-19 04:00:41,622 [main] INFO  impl.MetricsSystemImpl (MetricsSystemImpl.java:init(158)) - HddsDatanode metrics system started (again)
2019-09-19 04:00:41,624 [main] INFO  ozone.HddsDatanodeService (HddsDatanodeService.java:start(184)) - HddsDatanodeService host:pr-hdds-2034-srnhl-2452957315 ip:192.168.34.50
2019-09-19 04:00:41,624 [org.apache.hadoop.util.JvmPauseMonitor$Monitor@2e263354] INFO  util.JvmPauseMonitor (JvmPauseMonitor.java:run(188)) - Starting JVM pause monitor
2019-09-19 04:00:41,626 [Datanode State Machine Thread - 0] INFO  datanode.InitDatanodeState (InitDatanodeState.java:persistContainerDatanodeDetails(140)) - DatanodeDetails is persisted to /workdir/hadoop-ozone/integration-test/target/test-dir/MiniOzoneClusterImpl-048a2d1c-ec68-42a5-b9aa-3373df324185/datanode-0/meta/datanode.id
2019-09-19 04:00:41,634 [main] INFO  volume.HddsVolume (HddsVolume.java:<init>(176)) - Creating Volume: /workdir/hadoop-ozone/integration-test/target/test-dir/MiniOzoneClusterImpl-048a2d1c-ec68-42a5-b9aa-3373df324185/datanode-1/data/containers/hdds of  storage type : DISK and capacity : 1482555576320
2019-09-19 04:00:41,634 [main] INFO  volume.VolumeSet (VolumeSet.java:initializeVolumeSet(170)) - Added Volume : /workdir/hadoop-ozone/integration-test/target/test-dir/MiniOzoneClusterImpl-048a2d1c-ec68-42a5-b9aa-3373df324185/datanode-1/data/containers/hdds to VolumeSet
2019-09-19 04:00:41,634 [main] INFO  volume.ThrottledAsyncChecker (ThrottledAsyncChecker.java:schedule(140)) - Scheduling a check for org.apache.hadoop.ozone.container.common.volume.HddsVolume@11ce61d1
2019-09-19 04:00:41,634 [main] INFO  volume.HddsVolumeChecker (HddsVolumeChecker.java:checkAllVolumes(203)) - Scheduled health check for volume org.apache.hadoop.ozone.container.common.volume.HddsVolume@11ce61d1
2019-09-19 04:00:41,649 [main] INFO  impl.RaftServerProxy (ConfUtils.java:logGet(43)) - raft.rpc.type = GRPC (default)
2019-09-19 04:00:41,649 [main] INFO  grpc.GrpcFactory (GrpcFactory.java:checkPooledByteBufAllocatorUseCacheForAllThreads(45)) - PERFORMANCE WARNING: useCacheForAllThreads is true that may cause Netty to create a lot garbage objects and, as a result, trigger GC.
	It is recommended to disable useCacheForAllThreads by setting -Dorg.apache.ratis.thirdparty.io.netty.allocator.useCacheForAllThreads=false in command line.
2019-09-19 04:00:41,650 [main] INFO  grpc.GrpcConfigKeys$Server (ConfUtils.java:logGet(43)) - raft.grpc.server.port = 0 (default)
2019-09-19 04:00:41,650 [main] INFO  server.GrpcService (ConfUtils.java:logGet(43)) - raft.grpc.message.size.max = 33570816 (custom)
2019-09-19 04:00:41,650 [main] INFO  server.RaftServerConfigKeys (ConfUtils.java:logGet(43)) - raft.server.log.appender.buffer.byte-limit = 33554432 (custom)
2019-09-19 04:00:41,651 [main] INFO  server.GrpcService (ConfUtils.java:logGet(43)) - raft.grpc.flow.control.window = 1MB (=1048576) (default)
2019-09-19 04:00:41,651 [main] INFO  server.RaftServerConfigKeys (ConfUtils.java:logGet(43)) - raft.server.rpc.request.timeout = 3000ms (default)
2019-09-19 04:00:41,651 [main] INFO  server.RaftServerConfigKeys (ConfUtils.java:logGet(43)) - raft.server.storage.dir = [/workdir/hadoop-ozone/integration-test/target/test-dir/MiniOzoneClusterImpl-048a2d1c-ec68-42a5-b9aa-3373df324185/datanode-1/data/ratis] (custom)
2019-09-19 04:00:41,651 [main] INFO  replication.SimpleContainerDownloader (SimpleContainerDownloader.java:<init>(72)) - Starting container downloader service to copy containers to replicate.
2019-09-19 04:00:41,653 [main] INFO  hdfs.DFSUtil (DFSUtil.java:httpServerTemplateForNNAndJN(1641)) - Starting Web-server for hddsDatanode at: http://0.0.0.0:0
2019-09-19 04:00:41,655 [main] INFO  server.AuthenticationFilter (AuthenticationFilter.java:constructSecretProvider(240)) - Unable to initialize FileSignerSecretProvider, falling back to use random secrets.
2019-09-19 04:00:41,655 [main] WARN  http.HttpRequestLog (HttpRequestLog.java:getRequestLog(97)) - Jetty request log can only be enabled using Log4j
2019-09-19 04:00:41,657 [main] INFO  http.HttpServer2 (HttpServer2.java:addGlobalFilter(975)) - Added global filter 'safety' (class=org.apache.hadoop.http.HttpServer2$QuotingInputFilter)
2019-09-19 04:00:41,658 [main] INFO  http.HttpServer2 (HttpServer2.java:addFilter(948)) - Added filter static_user_filter (class=org.apache.hadoop.http.lib.StaticUserWebFilter$StaticUserFilter) to context hddsDatanode
2019-09-19 04:00:41,658 [main] INFO  http.HttpServer2 (HttpServer2.java:addFilter(958)) - Added filter static_user_filter (class=org.apache.hadoop.http.lib.StaticUserWebFilter$StaticUserFilter) to context logs
2019-09-19 04:00:41,659 [main] INFO  http.HttpServer2 (HttpServer2.java:addFilter(958)) - Added filter static_user_filter (class=org.apache.hadoop.http.lib.StaticUserWebFilter$StaticUserFilter) to context static
2019-09-19 04:00:41,659 [main] INFO  http.HttpServer2 (HttpServer2.java:bindListener(1191)) - Jetty bound to port 43429
2019-09-19 04:00:41,660 [main] INFO  server.Server (Server.java:doStart(351)) - jetty-9.3.24.v20180605, build timestamp: 2018-06-05T17:11:56Z, git hash: 84205aa28f11a4f31f2a3b86d1bba2cc8ab69827
2019-09-19 04:00:41,661 [main] INFO  handler.ContextHandler (ContextHandler.java:doStart(781)) - Started o.e.j.s.ServletContextHandler@39cf7f3c{/logs,file:///workdir/hadoop-ozone/integration-test/target/log,AVAILABLE}
2019-09-19 04:00:41,662 [main] INFO  handler.ContextHandler (ContextHandler.java:doStart(781)) - Started o.e.j.s.ServletContextHandler@2fb9695a{/static,jar:file:/home/user/.m2/repository/org/apache/hadoop/hadoop-hdds-container-service/0.5.0-SNAPSHOT/hadoop-hdds-container-service-0.5.0-SNAPSHOT.jar!/webapps/static,AVAILABLE}
2019-09-19 04:00:41,704 [main] INFO  handler.ContextHandler (ContextHandler.java:doStart(781)) - Started o.e.j.w.WebAppContext@5d8c03cc{/,file:///tmp/jetty-0.0.0.0-43429-hddsDatanode-_-any-5890414263948673843.dir/webapp/,AVAILABLE}{/hddsDatanode}
2019-09-19 04:00:41,704 [main] INFO  server.AbstractConnector (AbstractConnector.java:doStart(278)) - Started ServerConnector@4a4979bf{HTTP/1.1,[http/1.1]}{0.0.0.0:43429}
2019-09-19 04:00:41,705 [main] INFO  server.Server (Server.java:doStart(419)) - Started @558700ms
2019-09-19 04:00:41,706 [main] INFO  server.BaseHttpServer (BaseHttpServer.java:updateConnectorAddress(213)) - HTTP server of HDDSDATANODE is listening at http://0.0.0.0:43429
2019-09-19 04:00:41,851 | INFO  | ObjectStoreRestHttpServer | Listening HDDS REST traffic on /0.0.0.0:37637 |  
2019-09-19 04:00:41,851 [main] INFO  ozone.HddsDatanodeService (HddsDatanodeService.java:startPlugins(395)) - Started plug-in org.apache.hadoop.ozone.web.OzoneHddsDatanodeService@2582e213
2019-09-19 04:00:41,851 [main] INFO  impl.MetricsSystemImpl (MetricsSystemImpl.java:init(158)) - HddsDatanode metrics system started (again)
2019-09-19 04:00:41,854 [org.apache.hadoop.util.JvmPauseMonitor$Monitor@739fbc14] INFO  util.JvmPauseMonitor (JvmPauseMonitor.java:run(188)) - Starting JVM pause monitor
2019-09-19 04:00:41,854 [main] INFO  ozone.HddsDatanodeService (HddsDatanodeService.java:start(184)) - HddsDatanodeService host:pr-hdds-2034-srnhl-2452957315 ip:192.168.34.50
2019-09-19 04:00:41,856 [Datanode State Machine Thread - 0] INFO  datanode.InitDatanodeState (InitDatanodeState.java:persistContainerDatanodeDetails(140)) - DatanodeDetails is persisted to /workdir/hadoop-ozone/integration-test/target/test-dir/MiniOzoneClusterImpl-048a2d1c-ec68-42a5-b9aa-3373df324185/datanode-1/meta/datanode.id
2019-09-19 04:00:41,865 [main] INFO  volume.HddsVolume (HddsVolume.java:<init>(176)) - Creating Volume: /workdir/hadoop-ozone/integration-test/target/test-dir/MiniOzoneClusterImpl-048a2d1c-ec68-42a5-b9aa-3373df324185/datanode-2/data/containers/hdds of  storage type : DISK and capacity : 1482555576320
2019-09-19 04:00:41,865 [main] INFO  volume.VolumeSet (VolumeSet.java:initializeVolumeSet(170)) - Added Volume : /workdir/hadoop-ozone/integration-test/target/test-dir/MiniOzoneClusterImpl-048a2d1c-ec68-42a5-b9aa-3373df324185/datanode-2/data/containers/hdds to VolumeSet
2019-09-19 04:00:41,865 [main] INFO  volume.ThrottledAsyncChecker (ThrottledAsyncChecker.java:schedule(140)) - Scheduling a check for org.apache.hadoop.ozone.container.common.volume.HddsVolume@58178b69
2019-09-19 04:00:41,865 [main] INFO  volume.HddsVolumeChecker (HddsVolumeChecker.java:checkAllVolumes(203)) - Scheduled health check for volume org.apache.hadoop.ozone.container.common.volume.HddsVolume@58178b69
2019-09-19 04:00:41,880 [main] INFO  impl.RaftServerProxy (ConfUtils.java:logGet(43)) - raft.rpc.type = GRPC (default)
2019-09-19 04:00:41,880 [main] INFO  grpc.GrpcFactory (GrpcFactory.java:checkPooledByteBufAllocatorUseCacheForAllThreads(45)) - PERFORMANCE WARNING: useCacheForAllThreads is true that may cause Netty to create a lot garbage objects and, as a result, trigger GC.
	It is recommended to disable useCacheForAllThreads by setting -Dorg.apache.ratis.thirdparty.io.netty.allocator.useCacheForAllThreads=false in command line.
2019-09-19 04:00:41,881 [main] INFO  grpc.GrpcConfigKeys$Server (ConfUtils.java:logGet(43)) - raft.grpc.server.port = 0 (default)
2019-09-19 04:00:41,881 [main] INFO  server.GrpcService (ConfUtils.java:logGet(43)) - raft.grpc.message.size.max = 33570816 (custom)
2019-09-19 04:00:41,881 [main] INFO  server.RaftServerConfigKeys (ConfUtils.java:logGet(43)) - raft.server.log.appender.buffer.byte-limit = 33554432 (custom)
2019-09-19 04:00:41,881 [main] INFO  server.GrpcService (ConfUtils.java:logGet(43)) - raft.grpc.flow.control.window = 1MB (=1048576) (default)
2019-09-19 04:00:41,881 [main] INFO  server.RaftServerConfigKeys (ConfUtils.java:logGet(43)) - raft.server.rpc.request.timeout = 3000ms (default)
2019-09-19 04:00:41,882 [main] INFO  server.RaftServerConfigKeys (ConfUtils.java:logGet(43)) - raft.server.storage.dir = [/workdir/hadoop-ozone/integration-test/target/test-dir/MiniOzoneClusterImpl-048a2d1c-ec68-42a5-b9aa-3373df324185/datanode-2/data/ratis] (custom)
2019-09-19 04:00:41,882 [main] INFO  replication.SimpleContainerDownloader (SimpleContainerDownloader.java:<init>(72)) - Starting container downloader service to copy containers to replicate.
2019-09-19 04:00:41,884 [main] INFO  hdfs.DFSUtil (DFSUtil.java:httpServerTemplateForNNAndJN(1641)) - Starting Web-server for hddsDatanode at: http://0.0.0.0:0
2019-09-19 04:00:41,885 [main] INFO  server.AuthenticationFilter (AuthenticationFilter.java:constructSecretProvider(240)) - Unable to initialize FileSignerSecretProvider, falling back to use random secrets.
2019-09-19 04:00:41,886 [main] WARN  http.HttpRequestLog (HttpRequestLog.java:getRequestLog(97)) - Jetty request log can only be enabled using Log4j
2019-09-19 04:00:41,888 [main] INFO  http.HttpServer2 (HttpServer2.java:addGlobalFilter(975)) - Added global filter 'safety' (class=org.apache.hadoop.http.HttpServer2$QuotingInputFilter)
2019-09-19 04:00:41,889 [main] INFO  http.HttpServer2 (HttpServer2.java:addFilter(948)) - Added filter static_user_filter (class=org.apache.hadoop.http.lib.StaticUserWebFilter$StaticUserFilter) to context hddsDatanode
2019-09-19 04:00:41,889 [main] INFO  http.HttpServer2 (HttpServer2.java:addFilter(958)) - Added filter static_user_filter (class=org.apache.hadoop.http.lib.StaticUserWebFilter$StaticUserFilter) to context logs
2019-09-19 04:00:41,889 [main] INFO  http.HttpServer2 (HttpServer2.java:addFilter(958)) - Added filter static_user_filter (class=org.apache.hadoop.http.lib.StaticUserWebFilter$StaticUserFilter) to context static
2019-09-19 04:00:41,890 [main] INFO  http.HttpServer2 (HttpServer2.java:bindListener(1191)) - Jetty bound to port 43638
2019-09-19 04:00:41,890 [main] INFO  server.Server (Server.java:doStart(351)) - jetty-9.3.24.v20180605, build timestamp: 2018-06-05T17:11:56Z, git hash: 84205aa28f11a4f31f2a3b86d1bba2cc8ab69827
2019-09-19 04:00:42,122 [main] INFO  handler.ContextHandler (ContextHandler.java:doStart(781)) - Started o.e.j.s.ServletContextHandler@489a722d{/logs,file:///workdir/hadoop-ozone/integration-test/target/log,AVAILABLE}
2019-09-19 04:00:42,175 [main] INFO  handler.ContextHandler (ContextHandler.java:doStart(781)) - Started o.e.j.s.ServletContextHandler@8788194{/static,jar:file:/home/user/.m2/repository/org/apache/hadoop/hadoop-hdds-container-service/0.5.0-SNAPSHOT/hadoop-hdds-container-service-0.5.0-SNAPSHOT.jar!/webapps/static,AVAILABLE}
2019-09-19 04:00:42,221 [main] INFO  handler.ContextHandler (ContextHandler.java:doStart(781)) - Started o.e.j.w.WebAppContext@428440f2{/,file:///tmp/jetty-0.0.0.0-43638-hddsDatanode-_-any-4612019130460573695.dir/webapp/,AVAILABLE}{/hddsDatanode}
2019-09-19 04:00:42,222 [main] INFO  server.AbstractConnector (AbstractConnector.java:doStart(278)) - Started ServerConnector@23c24c0e{HTTP/1.1,[http/1.1]}{0.0.0.0:43638}
2019-09-19 04:00:42,222 [main] INFO  server.Server (Server.java:doStart(419)) - Started @559216ms
2019-09-19 04:00:42,224 [main] INFO  server.BaseHttpServer (BaseHttpServer.java:updateConnectorAddress(213)) - HTTP server of HDDSDATANODE is listening at http://0.0.0.0:43638
2019-09-19 04:00:42,372 | INFO  | ObjectStoreRestHttpServer | Listening HDDS REST traffic on /0.0.0.0:42976 |  
2019-09-19 04:00:42,373 [main] INFO  ozone.HddsDatanodeService (HddsDatanodeService.java:startPlugins(395)) - Started plug-in org.apache.hadoop.ozone.web.OzoneHddsDatanodeService@70eced1f
2019-09-19 04:00:42,373 [main] INFO  impl.MetricsSystemImpl (MetricsSystemImpl.java:init(158)) - HddsDatanode metrics system started (again)
2019-09-19 04:00:42,376 [org.apache.hadoop.util.JvmPauseMonitor$Monitor@14910de] INFO  util.JvmPauseMonitor (JvmPauseMonitor.java:run(188)) - Starting JVM pause monitor
2019-09-19 04:00:42,377 [main] INFO  ozone.HddsDatanodeService (HddsDatanodeService.java:start(184)) - HddsDatanodeService host:pr-hdds-2034-srnhl-2452957315 ip:192.168.34.50
2019-09-19 04:00:42,378 [Datanode State Machine Thread - 0] INFO  datanode.InitDatanodeState (InitDatanodeState.java:persistContainerDatanodeDetails(140)) - DatanodeDetails is persisted to /workdir/hadoop-ozone/integration-test/target/test-dir/MiniOzoneClusterImpl-048a2d1c-ec68-42a5-b9aa-3373df324185/datanode-2/meta/datanode.id
2019-09-19 04:00:42,387 [main] INFO  volume.HddsVolume (HddsVolume.java:<init>(176)) - Creating Volume: /workdir/hadoop-ozone/integration-test/target/test-dir/MiniOzoneClusterImpl-048a2d1c-ec68-42a5-b9aa-3373df324185/datanode-3/data/containers/hdds of  storage type : DISK and capacity : 1482555576320
2019-09-19 04:00:42,387 [main] INFO  volume.VolumeSet (VolumeSet.java:initializeVolumeSet(170)) - Added Volume : /workdir/hadoop-ozone/integration-test/target/test-dir/MiniOzoneClusterImpl-048a2d1c-ec68-42a5-b9aa-3373df324185/datanode-3/data/containers/hdds to VolumeSet
2019-09-19 04:00:42,387 [main] INFO  volume.ThrottledAsyncChecker (ThrottledAsyncChecker.java:schedule(140)) - Scheduling a check for org.apache.hadoop.ozone.container.common.volume.HddsVolume@7937f96e
2019-09-19 04:00:42,388 [main] INFO  volume.HddsVolumeChecker (HddsVolumeChecker.java:checkAllVolumes(203)) - Scheduled health check for volume org.apache.hadoop.ozone.container.common.volume.HddsVolume@7937f96e
2019-09-19 04:00:42,403 [main] INFO  impl.RaftServerProxy (ConfUtils.java:logGet(43)) - raft.rpc.type = GRPC (default)
2019-09-19 04:00:42,403 [main] INFO  grpc.GrpcFactory (GrpcFactory.java:checkPooledByteBufAllocatorUseCacheForAllThreads(45)) - PERFORMANCE WARNING: useCacheForAllThreads is true that may cause Netty to create a lot garbage objects and, as a result, trigger GC.
	It is recommended to disable useCacheForAllThreads by setting -Dorg.apache.ratis.thirdparty.io.netty.allocator.useCacheForAllThreads=false in command line.
2019-09-19 04:00:42,404 [main] INFO  grpc.GrpcConfigKeys$Server (ConfUtils.java:logGet(43)) - raft.grpc.server.port = 0 (default)
2019-09-19 04:00:42,404 [main] INFO  server.GrpcService (ConfUtils.java:logGet(43)) - raft.grpc.message.size.max = 33570816 (custom)
2019-09-19 04:00:42,404 [main] INFO  server.RaftServerConfigKeys (ConfUtils.java:logGet(43)) - raft.server.log.appender.buffer.byte-limit = 33554432 (custom)
2019-09-19 04:00:42,404 [main] INFO  server.GrpcService (ConfUtils.java:logGet(43)) - raft.grpc.flow.control.window = 1MB (=1048576) (default)
2019-09-19 04:00:42,404 [main] INFO  server.RaftServerConfigKeys (ConfUtils.java:logGet(43)) - raft.server.rpc.request.timeout = 3000ms (default)
2019-09-19 04:00:42,405 [main] INFO  server.RaftServerConfigKeys (ConfUtils.java:logGet(43)) - raft.server.storage.dir = [/workdir/hadoop-ozone/integration-test/target/test-dir/MiniOzoneClusterImpl-048a2d1c-ec68-42a5-b9aa-3373df324185/datanode-3/data/ratis] (custom)
2019-09-19 04:00:42,405 [main] INFO  replication.SimpleContainerDownloader (SimpleContainerDownloader.java:<init>(72)) - Starting container downloader service to copy containers to replicate.
2019-09-19 04:00:42,406 [main] INFO  hdfs.DFSUtil (DFSUtil.java:httpServerTemplateForNNAndJN(1641)) - Starting Web-server for hddsDatanode at: http://0.0.0.0:0
2019-09-19 04:00:42,407 [main] INFO  server.AuthenticationFilter (AuthenticationFilter.java:constructSecretProvider(240)) - Unable to initialize FileSignerSecretProvider, falling back to use random secrets.
2019-09-19 04:00:42,408 [main] WARN  http.HttpRequestLog (HttpRequestLog.java:getRequestLog(97)) - Jetty request log can only be enabled using Log4j
2019-09-19 04:00:42,409 [main] INFO  http.HttpServer2 (HttpServer2.java:addGlobalFilter(975)) - Added global filter 'safety' (class=org.apache.hadoop.http.HttpServer2$QuotingInputFilter)
2019-09-19 04:00:42,410 [main] INFO  http.HttpServer2 (HttpServer2.java:addFilter(948)) - Added filter static_user_filter (class=org.apache.hadoop.http.lib.StaticUserWebFilter$StaticUserFilter) to context hddsDatanode
2019-09-19 04:00:42,410 [main] INFO  http.HttpServer2 (HttpServer2.java:addFilter(958)) - Added filter static_user_filter (class=org.apache.hadoop.http.lib.StaticUserWebFilter$StaticUserFilter) to context logs
2019-09-19 04:00:42,410 [main] INFO  http.HttpServer2 (HttpServer2.java:addFilter(958)) - Added filter static_user_filter (class=org.apache.hadoop.http.lib.StaticUserWebFilter$StaticUserFilter) to context static
2019-09-19 04:00:42,411 [main] INFO  http.HttpServer2 (HttpServer2.java:bindListener(1191)) - Jetty bound to port 46314
2019-09-19 04:00:42,411 [main] INFO  server.Server (Server.java:doStart(351)) - jetty-9.3.24.v20180605, build timestamp: 2018-06-05T17:11:56Z, git hash: 84205aa28f11a4f31f2a3b86d1bba2cc8ab69827
2019-09-19 04:00:42,413 [main] INFO  handler.ContextHandler (ContextHandler.java:doStart(781)) - Started o.e.j.s.ServletContextHandler@3c5797c6{/logs,file:///workdir/hadoop-ozone/integration-test/target/log,AVAILABLE}
2019-09-19 04:00:42,413 [main] INFO  handler.ContextHandler (ContextHandler.java:doStart(781)) - Started o.e.j.s.ServletContextHandler@6ea4b4b2{/static,jar:file:/home/user/.m2/repository/org/apache/hadoop/hadoop-hdds-container-service/0.5.0-SNAPSHOT/hadoop-hdds-container-service-0.5.0-SNAPSHOT.jar!/webapps/static,AVAILABLE}
2019-09-19 04:00:42,443 [main] INFO  handler.ContextHandler (ContextHandler.java:doStart(781)) - Started o.e.j.w.WebAppContext@4ff3ca23{/,file:///tmp/jetty-0.0.0.0-46314-hddsDatanode-_-any-8419927582888792615.dir/webapp/,AVAILABLE}{/hddsDatanode}
2019-09-19 04:00:42,443 [main] INFO  server.AbstractConnector (AbstractConnector.java:doStart(278)) - Started ServerConnector@65f8933b{HTTP/1.1,[http/1.1]}{0.0.0.0:46314}
2019-09-19 04:00:42,445 [main] INFO  server.Server (Server.java:doStart(419)) - Started @559439ms
2019-09-19 04:00:42,446 [main] INFO  server.BaseHttpServer (BaseHttpServer.java:updateConnectorAddress(213)) - HTTP server of HDDSDATANODE is listening at http://0.0.0.0:46314
2019-09-19 04:00:42,601 | INFO  | ObjectStoreRestHttpServer | Listening HDDS REST traffic on /0.0.0.0:34115 |  
2019-09-19 04:00:42,601 [main] INFO  ozone.HddsDatanodeService (HddsDatanodeService.java:startPlugins(395)) - Started plug-in org.apache.hadoop.ozone.web.OzoneHddsDatanodeService@2100d881
2019-09-19 04:00:42,602 [main] INFO  impl.MetricsSystemImpl (MetricsSystemImpl.java:init(158)) - HddsDatanode metrics system started (again)
2019-09-19 04:00:42,605 [main] INFO  ozone.HddsDatanodeService (HddsDatanodeService.java:start(184)) - HddsDatanodeService host:pr-hdds-2034-srnhl-2452957315 ip:192.168.34.50
2019-09-19 04:00:42,605 [org.apache.hadoop.util.JvmPauseMonitor$Monitor@53eb1c0a] INFO  util.JvmPauseMonitor (JvmPauseMonitor.java:run(188)) - Starting JVM pause monitor
2019-09-19 04:00:42,606 [Datanode State Machine Thread - 0] INFO  datanode.InitDatanodeState (InitDatanodeState.java:persistContainerDatanodeDetails(140)) - DatanodeDetails is persisted to /workdir/hadoop-ozone/integration-test/target/test-dir/MiniOzoneClusterImpl-048a2d1c-ec68-42a5-b9aa-3373df324185/datanode-3/meta/datanode.id
2019-09-19 04:00:42,615 [main] INFO  volume.HddsVolume (HddsVolume.java:<init>(176)) - Creating Volume: /workdir/hadoop-ozone/integration-test/target/test-dir/MiniOzoneClusterImpl-048a2d1c-ec68-42a5-b9aa-3373df324185/datanode-4/data/containers/hdds of  storage type : DISK and capacity : 1482555576320
2019-09-19 04:00:42,615 [main] INFO  volume.VolumeSet (VolumeSet.java:initializeVolumeSet(170)) - Added Volume : /workdir/hadoop-ozone/integration-test/target/test-dir/MiniOzoneClusterImpl-048a2d1c-ec68-42a5-b9aa-3373df324185/datanode-4/data/containers/hdds to VolumeSet
2019-09-19 04:00:42,616 [main] INFO  volume.ThrottledAsyncChecker (ThrottledAsyncChecker.java:schedule(140)) - Scheduling a check for org.apache.hadoop.ozone.container.common.volume.HddsVolume@3435b6d8
2019-09-19 04:00:42,616 [main] INFO  volume.HddsVolumeChecker (HddsVolumeChecker.java:checkAllVolumes(203)) - Scheduled health check for volume org.apache.hadoop.ozone.container.common.volume.HddsVolume@3435b6d8
2019-09-19 04:00:42,631 [main] INFO  impl.RaftServerProxy (ConfUtils.java:logGet(43)) - raft.rpc.type = GRPC (default)
2019-09-19 04:00:42,631 [main] INFO  grpc.GrpcFactory (GrpcFactory.java:checkPooledByteBufAllocatorUseCacheForAllThreads(45)) - PERFORMANCE WARNING: useCacheForAllThreads is true that may cause Netty to create a lot garbage objects and, as a result, trigger GC.
	It is recommended to disable useCacheForAllThreads by setting -Dorg.apache.ratis.thirdparty.io.netty.allocator.useCacheForAllThreads=false in command line.
2019-09-19 04:00:42,632 [main] INFO  grpc.GrpcConfigKeys$Server (ConfUtils.java:logGet(43)) - raft.grpc.server.port = 0 (default)
2019-09-19 04:00:42,632 [main] INFO  server.GrpcService (ConfUtils.java:logGet(43)) - raft.grpc.message.size.max = 33570816 (custom)
2019-09-19 04:00:42,632 [main] INFO  server.RaftServerConfigKeys (ConfUtils.java:logGet(43)) - raft.server.log.appender.buffer.byte-limit = 33554432 (custom)
2019-09-19 04:00:42,632 [main] INFO  server.GrpcService (ConfUtils.java:logGet(43)) - raft.grpc.flow.control.window = 1MB (=1048576) (default)
2019-09-19 04:00:42,632 [main] INFO  server.RaftServerConfigKeys (ConfUtils.java:logGet(43)) - raft.server.rpc.request.timeout = 3000ms (default)
2019-09-19 04:00:42,633 [main] INFO  server.RaftServerConfigKeys (ConfUtils.java:logGet(43)) - raft.server.storage.dir = [/workdir/hadoop-ozone/integration-test/target/test-dir/MiniOzoneClusterImpl-048a2d1c-ec68-42a5-b9aa-3373df324185/datanode-4/data/ratis] (custom)
2019-09-19 04:00:42,633 [main] INFO  replication.SimpleContainerDownloader (SimpleContainerDownloader.java:<init>(72)) - Starting container downloader service to copy containers to replicate.
2019-09-19 04:00:42,634 [main] INFO  hdfs.DFSUtil (DFSUtil.java:httpServerTemplateForNNAndJN(1641)) - Starting Web-server for hddsDatanode at: http://0.0.0.0:0
2019-09-19 04:00:42,637 [main] INFO  server.AuthenticationFilter (AuthenticationFilter.java:constructSecretProvider(240)) - Unable to initialize FileSignerSecretProvider, falling back to use random secrets.
2019-09-19 04:00:42,637 [main] WARN  http.HttpRequestLog (HttpRequestLog.java:getRequestLog(97)) - Jetty request log can only be enabled using Log4j
2019-09-19 04:00:42,639 [main] INFO  http.HttpServer2 (HttpServer2.java:addGlobalFilter(975)) - Added global filter 'safety' (class=org.apache.hadoop.http.HttpServer2$QuotingInputFilter)
2019-09-19 04:00:42,640 [main] INFO  http.HttpServer2 (HttpServer2.java:addFilter(948)) - Added filter static_user_filter (class=org.apache.hadoop.http.lib.StaticUserWebFilter$StaticUserFilter) to context hddsDatanode
2019-09-19 04:00:42,640 [main] INFO  http.HttpServer2 (HttpServer2.java:addFilter(958)) - Added filter static_user_filter (class=org.apache.hadoop.http.lib.StaticUserWebFilter$StaticUserFilter) to context static
2019-09-19 04:00:42,640 [main] INFO  http.HttpServer2 (HttpServer2.java:addFilter(958)) - Added filter static_user_filter (class=org.apache.hadoop.http.lib.StaticUserWebFilter$StaticUserFilter) to context logs
2019-09-19 04:00:42,641 [main] INFO  http.HttpServer2 (HttpServer2.java:bindListener(1191)) - Jetty bound to port 40721
2019-09-19 04:00:42,642 [main] INFO  server.Server (Server.java:doStart(351)) - jetty-9.3.24.v20180605, build timestamp: 2018-06-05T17:11:56Z, git hash: 84205aa28f11a4f31f2a3b86d1bba2cc8ab69827
2019-09-19 04:00:42,644 [main] INFO  handler.ContextHandler (ContextHandler.java:doStart(781)) - Started o.e.j.s.ServletContextHandler@718198db{/logs,file:///workdir/hadoop-ozone/integration-test/target/log,AVAILABLE}
2019-09-19 04:00:42,644 [main] INFO  handler.ContextHandler (ContextHandler.java:doStart(781)) - Started o.e.j.s.ServletContextHandler@1bc80978{/static,jar:file:/home/user/.m2/repository/org/apache/hadoop/hadoop-hdds-container-service/0.5.0-SNAPSHOT/hadoop-hdds-container-service-0.5.0-SNAPSHOT.jar!/webapps/static,AVAILABLE}
2019-09-19 04:00:42,687 [main] INFO  handler.ContextHandler (ContextHandler.java:doStart(781)) - Started o.e.j.w.WebAppContext@786e2c5e{/,file:///tmp/jetty-0.0.0.0-40721-hddsDatanode-_-any-958132635901999700.dir/webapp/,AVAILABLE}{/hddsDatanode}
2019-09-19 04:00:42,687 [main] INFO  server.AbstractConnector (AbstractConnector.java:doStart(278)) - Started ServerConnector@75452b01{HTTP/1.1,[http/1.1]}{0.0.0.0:40721}
2019-09-19 04:00:42,689 [main] INFO  server.Server (Server.java:doStart(419)) - Started @559684ms
2019-09-19 04:00:42,690 [main] INFO  server.BaseHttpServer (BaseHttpServer.java:updateConnectorAddress(213)) - HTTP server of HDDSDATANODE is listening at http://0.0.0.0:40721
2019-09-19 04:00:42,838 | INFO  | ObjectStoreRestHttpServer | Listening HDDS REST traffic on /0.0.0.0:39727 |  
2019-09-19 04:00:42,838 [main] INFO  ozone.HddsDatanodeService (HddsDatanodeService.java:startPlugins(395)) - Started plug-in org.apache.hadoop.ozone.web.OzoneHddsDatanodeService@4ab1ff80
2019-09-19 04:00:42,839 [main] INFO  impl.MetricsSystemImpl (MetricsSystemImpl.java:init(158)) - HddsDatanode metrics system started (again)
2019-09-19 04:00:42,846 [org.apache.hadoop.util.JvmPauseMonitor$Monitor@3f174740] INFO  util.JvmPauseMonitor (JvmPauseMonitor.java:run(188)) - Starting JVM pause monitor
2019-09-19 04:00:42,846 [main] INFO  ozone.HddsDatanodeService (HddsDatanodeService.java:start(184)) - HddsDatanodeService host:pr-hdds-2034-srnhl-2452957315 ip:192.168.34.50
2019-09-19 04:00:42,848 [Datanode State Machine Thread - 0] INFO  datanode.InitDatanodeState (InitDatanodeState.java:persistContainerDatanodeDetails(140)) - DatanodeDetails is persisted to /workdir/hadoop-ozone/integration-test/target/test-dir/MiniOzoneClusterImpl-048a2d1c-ec68-42a5-b9aa-3373df324185/datanode-4/meta/datanode.id
2019-09-19 04:00:42,855 [main] INFO  volume.HddsVolume (HddsVolume.java:<init>(176)) - Creating Volume: /workdir/hadoop-ozone/integration-test/target/test-dir/MiniOzoneClusterImpl-048a2d1c-ec68-42a5-b9aa-3373df324185/datanode-5/data/containers/hdds of  storage type : DISK and capacity : 1482555576320
2019-09-19 04:00:42,856 [main] INFO  volume.VolumeSet (VolumeSet.java:initializeVolumeSet(170)) - Added Volume : /workdir/hadoop-ozone/integration-test/target/test-dir/MiniOzoneClusterImpl-048a2d1c-ec68-42a5-b9aa-3373df324185/datanode-5/data/containers/hdds to VolumeSet
2019-09-19 04:00:42,856 [main] INFO  volume.ThrottledAsyncChecker (ThrottledAsyncChecker.java:schedule(140)) - Scheduling a check for org.apache.hadoop.ozone.container.common.volume.HddsVolume@ba4c99c
2019-09-19 04:00:42,856 [main] INFO  volume.HddsVolumeChecker (HddsVolumeChecker.java:checkAllVolumes(203)) - Scheduled health check for volume org.apache.hadoop.ozone.container.common.volume.HddsVolume@ba4c99c
2019-09-19 04:00:42,871 [main] INFO  impl.RaftServerProxy (ConfUtils.java:logGet(43)) - raft.rpc.type = GRPC (default)
2019-09-19 04:00:42,871 [main] INFO  grpc.GrpcFactory (GrpcFactory.java:checkPooledByteBufAllocatorUseCacheForAllThreads(45)) - PERFORMANCE WARNING: useCacheForAllThreads is true that may cause Netty to create a lot garbage objects and, as a result, trigger GC.
	It is recommended to disable useCacheForAllThreads by setting -Dorg.apache.ratis.thirdparty.io.netty.allocator.useCacheForAllThreads=false in command line.
2019-09-19 04:00:42,872 [main] INFO  grpc.GrpcConfigKeys$Server (ConfUtils.java:logGet(43)) - raft.grpc.server.port = 0 (default)
2019-09-19 04:00:42,872 [main] INFO  server.GrpcService (ConfUtils.java:logGet(43)) - raft.grpc.message.size.max = 33570816 (custom)
2019-09-19 04:00:42,872 [main] INFO  server.RaftServerConfigKeys (ConfUtils.java:logGet(43)) - raft.server.log.appender.buffer.byte-limit = 33554432 (custom)
2019-09-19 04:00:42,872 [main] INFO  server.GrpcService (ConfUtils.java:logGet(43)) - raft.grpc.flow.control.window = 1MB (=1048576) (default)
2019-09-19 04:00:42,872 [main] INFO  server.RaftServerConfigKeys (ConfUtils.java:logGet(43)) - raft.server.rpc.request.timeout = 3000ms (default)
2019-09-19 04:00:42,873 [main] INFO  server.RaftServerConfigKeys (ConfUtils.java:logGet(43)) - raft.server.storage.dir = [/workdir/hadoop-ozone/integration-test/target/test-dir/MiniOzoneClusterImpl-048a2d1c-ec68-42a5-b9aa-3373df324185/datanode-5/data/ratis] (custom)
2019-09-19 04:00:42,873 [main] INFO  replication.SimpleContainerDownloader (SimpleContainerDownloader.java:<init>(72)) - Starting container downloader service to copy containers to replicate.
2019-09-19 04:00:42,874 [main] INFO  hdfs.DFSUtil (DFSUtil.java:httpServerTemplateForNNAndJN(1641)) - Starting Web-server for hddsDatanode at: http://0.0.0.0:0
2019-09-19 04:00:42,876 [main] INFO  server.AuthenticationFilter (AuthenticationFilter.java:constructSecretProvider(240)) - Unable to initialize FileSignerSecretProvider, falling back to use random secrets.
2019-09-19 04:00:42,877 [main] WARN  http.HttpRequestLog (HttpRequestLog.java:getRequestLog(97)) - Jetty request log can only be enabled using Log4j
2019-09-19 04:00:42,879 [main] INFO  http.HttpServer2 (HttpServer2.java:addGlobalFilter(975)) - Added global filter 'safety' (class=org.apache.hadoop.http.HttpServer2$QuotingInputFilter)
2019-09-19 04:00:42,880 [main] INFO  http.HttpServer2 (HttpServer2.java:addFilter(948)) - Added filter static_user_filter (class=org.apache.hadoop.http.lib.StaticUserWebFilter$StaticUserFilter) to context hddsDatanode
2019-09-19 04:00:42,880 [main] INFO  http.HttpServer2 (HttpServer2.java:addFilter(958)) - Added filter static_user_filter (class=org.apache.hadoop.http.lib.StaticUserWebFilter$StaticUserFilter) to context static
2019-09-19 04:00:42,880 [main] INFO  http.HttpServer2 (HttpServer2.java:addFilter(958)) - Added filter static_user_filter (class=org.apache.hadoop.http.lib.StaticUserWebFilter$StaticUserFilter) to context logs
2019-09-19 04:00:42,881 [main] INFO  http.HttpServer2 (HttpServer2.java:bindListener(1191)) - Jetty bound to port 45982
2019-09-19 04:00:42,881 [main] INFO  server.Server (Server.java:doStart(351)) - jetty-9.3.24.v20180605, build timestamp: 2018-06-05T17:11:56Z, git hash: 84205aa28f11a4f31f2a3b86d1bba2cc8ab69827
2019-09-19 04:00:42,883 [main] INFO  handler.ContextHandler (ContextHandler.java:doStart(781)) - Started o.e.j.s.ServletContextHandler@2ddb260e{/logs,file:///workdir/hadoop-ozone/integration-test/target/log,AVAILABLE}
2019-09-19 04:00:42,883 [main] INFO  handler.ContextHandler (ContextHandler.java:doStart(781)) - Started o.e.j.s.ServletContextHandler@b45e264{/static,jar:file:/home/user/.m2/repository/org/apache/hadoop/hadoop-hdds-container-service/0.5.0-SNAPSHOT/hadoop-hdds-container-service-0.5.0-SNAPSHOT.jar!/webapps/static,AVAILABLE}
2019-09-19 04:00:42,935 [main] INFO  handler.ContextHandler (ContextHandler.java:doStart(781)) - Started o.e.j.w.WebAppContext@361065d1{/,file:///tmp/jetty-0.0.0.0-45982-hddsDatanode-_-any-9134315545014152027.dir/webapp/,AVAILABLE}{/hddsDatanode}
2019-09-19 04:00:42,935 [main] INFO  server.AbstractConnector (AbstractConnector.java:doStart(278)) - Started ServerConnector@78395e28{HTTP/1.1,[http/1.1]}{0.0.0.0:45982}
2019-09-19 04:00:42,937 [main] INFO  server.Server (Server.java:doStart(419)) - Started @559931ms
2019-09-19 04:00:42,938 [main] INFO  server.BaseHttpServer (BaseHttpServer.java:updateConnectorAddress(213)) - HTTP server of HDDSDATANODE is listening at http://0.0.0.0:45982
2019-09-19 04:00:43,107 | INFO  | ObjectStoreRestHttpServer | Listening HDDS REST traffic on /0.0.0.0:36532 |  
2019-09-19 04:00:43,107 [main] INFO  ozone.HddsDatanodeService (HddsDatanodeService.java:startPlugins(395)) - Started plug-in org.apache.hadoop.ozone.web.OzoneHddsDatanodeService@5d5b07e9
2019-09-19 04:00:43,108 [main] INFO  impl.MetricsSystemImpl (MetricsSystemImpl.java:init(158)) - HddsDatanode metrics system started (again)
2019-09-19 04:00:43,117 [org.apache.hadoop.util.JvmPauseMonitor$Monitor@16968af6] INFO  util.JvmPauseMonitor (JvmPauseMonitor.java:run(188)) - Starting JVM pause monitor
2019-09-19 04:00:43,118 [main] INFO  ozone.HddsDatanodeService (HddsDatanodeService.java:start(184)) - HddsDatanodeService host:pr-hdds-2034-srnhl-2452957315 ip:192.168.34.50
2019-09-19 04:00:43,119 [Datanode State Machine Thread - 0] INFO  datanode.InitDatanodeState (InitDatanodeState.java:persistContainerDatanodeDetails(140)) - DatanodeDetails is persisted to /workdir/hadoop-ozone/integration-test/target/test-dir/MiniOzoneClusterImpl-048a2d1c-ec68-42a5-b9aa-3373df324185/datanode-5/meta/datanode.id
2019-09-19 04:00:43,133 [main] INFO  volume.HddsVolume (HddsVolume.java:<init>(176)) - Creating Volume: /workdir/hadoop-ozone/integration-test/target/test-dir/MiniOzoneClusterImpl-048a2d1c-ec68-42a5-b9aa-3373df324185/datanode-6/data/containers/hdds of  storage type : DISK and capacity : 1482555576320
2019-09-19 04:00:43,134 [main] INFO  volume.VolumeSet (VolumeSet.java:initializeVolumeSet(170)) - Added Volume : /workdir/hadoop-ozone/integration-test/target/test-dir/MiniOzoneClusterImpl-048a2d1c-ec68-42a5-b9aa-3373df324185/datanode-6/data/containers/hdds to VolumeSet
2019-09-19 04:00:43,134 [main] INFO  volume.ThrottledAsyncChecker (ThrottledAsyncChecker.java:schedule(140)) - Scheduling a check for org.apache.hadoop.ozone.container.common.volume.HddsVolume@42e20500
2019-09-19 04:00:43,135 [main] INFO  volume.HddsVolumeChecker (HddsVolumeChecker.java:checkAllVolumes(203)) - Scheduled health check for volume org.apache.hadoop.ozone.container.common.volume.HddsVolume@42e20500
2019-09-19 04:00:43,160 [main] INFO  impl.RaftServerProxy (ConfUtils.java:logGet(43)) - raft.rpc.type = GRPC (default)
2019-09-19 04:00:43,160 [main] INFO  grpc.GrpcFactory (GrpcFactory.java:checkPooledByteBufAllocatorUseCacheForAllThreads(45)) - PERFORMANCE WARNING: useCacheForAllThreads is true that may cause Netty to create a lot garbage objects and, as a result, trigger GC.
	It is recommended to disable useCacheForAllThreads by setting -Dorg.apache.ratis.thirdparty.io.netty.allocator.useCacheForAllThreads=false in command line.
2019-09-19 04:00:43,160 [main] INFO  grpc.GrpcConfigKeys$Server (ConfUtils.java:logGet(43)) - raft.grpc.server.port = 0 (default)
2019-09-19 04:00:43,160 [main] INFO  server.GrpcService (ConfUtils.java:logGet(43)) - raft.grpc.message.size.max = 33570816 (custom)
2019-09-19 04:00:43,160 [main] INFO  server.RaftServerConfigKeys (ConfUtils.java:logGet(43)) - raft.server.log.appender.buffer.byte-limit = 33554432 (custom)
2019-09-19 04:00:43,161 [main] INFO  server.GrpcService (ConfUtils.java:logGet(43)) - raft.grpc.flow.control.window = 1MB (=1048576) (default)
2019-09-19 04:00:43,161 [main] INFO  server.RaftServerConfigKeys (ConfUtils.java:logGet(43)) - raft.server.rpc.request.timeout = 3000ms (default)
2019-09-19 04:00:43,161 [main] INFO  server.RaftServerConfigKeys (ConfUtils.java:logGet(43)) - raft.server.storage.dir = [/workdir/hadoop-ozone/integration-test/target/test-dir/MiniOzoneClusterImpl-048a2d1c-ec68-42a5-b9aa-3373df324185/datanode-6/data/ratis] (custom)
2019-09-19 04:00:43,162 [main] INFO  replication.SimpleContainerDownloader (SimpleContainerDownloader.java:<init>(72)) - Starting container downloader service to copy containers to replicate.
2019-09-19 04:00:43,163 [main] INFO  hdfs.DFSUtil (DFSUtil.java:httpServerTemplateForNNAndJN(1641)) - Starting Web-server for hddsDatanode at: http://0.0.0.0:0
2019-09-19 04:00:43,166 [main] INFO  server.AuthenticationFilter (AuthenticationFilter.java:constructSecretProvider(240)) - Unable to initialize FileSignerSecretProvider, falling back to use random secrets.
2019-09-19 04:00:43,166 [main] WARN  http.HttpRequestLog (HttpRequestLog.java:getRequestLog(97)) - Jetty request log can only be enabled using Log4j
2019-09-19 04:00:43,169 [main] INFO  http.HttpServer2 (HttpServer2.java:addGlobalFilter(975)) - Added global filter 'safety' (class=org.apache.hadoop.http.HttpServer2$QuotingInputFilter)
2019-09-19 04:00:43,169 [main] INFO  http.HttpServer2 (HttpServer2.java:addFilter(948)) - Added filter static_user_filter (class=org.apache.hadoop.http.lib.StaticUserWebFilter$StaticUserFilter) to context hddsDatanode
2019-09-19 04:00:43,170 [main] INFO  http.HttpServer2 (HttpServer2.java:addFilter(958)) - Added filter static_user_filter (class=org.apache.hadoop.http.lib.StaticUserWebFilter$StaticUserFilter) to context static
2019-09-19 04:00:43,170 [main] INFO  http.HttpServer2 (HttpServer2.java:addFilter(958)) - Added filter static_user_filter (class=org.apache.hadoop.http.lib.StaticUserWebFilter$StaticUserFilter) to context logs
2019-09-19 04:00:43,171 [main] INFO  http.HttpServer2 (HttpServer2.java:bindListener(1191)) - Jetty bound to port 40478
2019-09-19 04:00:43,171 [main] INFO  server.Server (Server.java:doStart(351)) - jetty-9.3.24.v20180605, build timestamp: 2018-06-05T17:11:56Z, git hash: 84205aa28f11a4f31f2a3b86d1bba2cc8ab69827
2019-09-19 04:00:43,173 [main] INFO  handler.ContextHandler (ContextHandler.java:doStart(781)) - Started o.e.j.s.ServletContextHandler@57af157c{/logs,file:///workdir/hadoop-ozone/integration-test/target/log,AVAILABLE}
2019-09-19 04:00:43,174 [main] INFO  handler.ContextHandler (ContextHandler.java:doStart(781)) - Started o.e.j.s.ServletContextHandler@68ad030d{/static,jar:file:/home/user/.m2/repository/org/apache/hadoop/hadoop-hdds-container-service/0.5.0-SNAPSHOT/hadoop-hdds-container-service-0.5.0-SNAPSHOT.jar!/webapps/static,AVAILABLE}
2019-09-19 04:00:43,217 [main] INFO  handler.ContextHandler (ContextHandler.java:doStart(781)) - Started o.e.j.w.WebAppContext@30ee413a{/,file:///tmp/jetty-0.0.0.0-40478-hddsDatanode-_-any-3150283549554405690.dir/webapp/,AVAILABLE}{/hddsDatanode}
2019-09-19 04:00:43,217 [main] INFO  server.AbstractConnector (AbstractConnector.java:doStart(278)) - Started ServerConnector@7405e77f{HTTP/1.1,[http/1.1]}{0.0.0.0:40478}
2019-09-19 04:00:43,224 [main] INFO  server.Server (Server.java:doStart(419)) - Started @560218ms
2019-09-19 04:00:43,225 [main] INFO  server.BaseHttpServer (BaseHttpServer.java:updateConnectorAddress(213)) - HTTP server of HDDSDATANODE is listening at http://0.0.0.0:40478
2019-09-19 04:00:43,381 | INFO  | ObjectStoreRestHttpServer | Listening HDDS REST traffic on /0.0.0.0:38214 |  
2019-09-19 04:00:43,381 [main] INFO  ozone.HddsDatanodeService (HddsDatanodeService.java:startPlugins(395)) - Started plug-in org.apache.hadoop.ozone.web.OzoneHddsDatanodeService@28dae87e
2019-09-19 04:00:43,382 [main] INFO  ozone.MiniOzoneClusterImpl (MiniOzoneClusterImpl.java:lambda$waitForClusterToBeReady$0(145)) - Waiting for nodes to be ready. Got 0 of 7 DN Heartbeats.
2019-09-19 04:00:43,382 [main] INFO  ozone.MiniOzoneClusterImpl (MiniOzoneClusterImpl.java:lambda$waitForClusterToBeReady$0(148)) - Waiting for cluster to exit safe mode
2019-09-19 04:00:43,383 [org.apache.hadoop.util.JvmPauseMonitor$Monitor@306625fc] INFO  util.JvmPauseMonitor (JvmPauseMonitor.java:run(188)) - Starting JVM pause monitor
2019-09-19 04:00:43,386 [Datanode State Machine Thread - 0] INFO  datanode.InitDatanodeState (InitDatanodeState.java:persistContainerDatanodeDetails(140)) - DatanodeDetails is persisted to /workdir/hadoop-ozone/integration-test/target/test-dir/MiniOzoneClusterImpl-048a2d1c-ec68-42a5-b9aa-3373df324185/datanode-6/meta/datanode.id
2019-09-19 04:00:43,632 | INFO  | SCMAudit | user=jenkins1000 | ip=192.168.34.50 | op=GET_VERSION null | ret=SUCCESS |  
2019-09-19 04:00:43,689 [Datanode State Machine Thread - 0] INFO  ozoneimpl.OzoneContainer (OzoneContainer.java:start(186)) - Attempting to start container services.
2019-09-19 04:00:43,690 [Datanode State Machine Thread - 0] INFO  ozoneimpl.OzoneContainer (OzoneContainer.java:startContainerScrub(160)) - Background container scrubber has been disabled by hdds.containerscrub.enabled
2019-09-19 04:00:43,690 [Datanode State Machine Thread - 0] INFO  ratis.XceiverServerRatis (XceiverServerRatis.java:start(404)) - Starting XceiverServerRatis d25e7fda-9a8e-4bab-8cc8-b0b4dcdb8785 at port 0
2019-09-19 04:00:43,699 [Datanode State Machine Thread - 0] INFO  impl.RaftServerProxy (RaftServerProxy.java:lambda$start$3(299)) - d25e7fda-9a8e-4bab-8cc8-b0b4dcdb8785: start RPC server
2019-09-19 04:00:43,704 [Datanode State Machine Thread - 0] INFO  server.GrpcService (GrpcService.java:startImpl(149)) - d25e7fda-9a8e-4bab-8cc8-b0b4dcdb8785: GrpcService started, listening on 0.0.0.0/0.0.0.0:45400
2019-09-19 04:00:43,704 [Datanode State Machine Thread - 0] INFO  ratis.XceiverServerRatis (XceiverServerRatis.java:start(414)) - XceiverServerRatis d25e7fda-9a8e-4bab-8cc8-b0b4dcdb8785 is started using port 45400
2019-09-19 04:00:43,705 [Datanode State Machine Thread - 0] INFO  server.XceiverServerGrpc (XceiverServerGrpc.java:start(163)) - XceiverServerGrpc d25e7fda-9a8e-4bab-8cc8-b0b4dcdb8785 is started using port 40793
2019-09-19 04:00:43,855 | INFO  | SCMAudit | user=jenkins1000 | ip=192.168.34.50 | op=GET_VERSION null | ret=SUCCESS |  
2019-09-19 04:00:43,884 [Datanode State Machine Thread - 0] INFO  ozoneimpl.OzoneContainer (OzoneContainer.java:start(186)) - Attempting to start container services.
2019-09-19 04:00:43,884 [Datanode State Machine Thread - 0] INFO  ozoneimpl.OzoneContainer (OzoneContainer.java:startContainerScrub(160)) - Background container scrubber has been disabled by hdds.containerscrub.enabled
2019-09-19 04:00:43,884 [Datanode State Machine Thread - 0] INFO  ratis.XceiverServerRatis (XceiverServerRatis.java:start(404)) - Starting XceiverServerRatis d3468b2f-addf-437d-a2ce-dcff5006d770 at port 0
2019-09-19 04:00:43,891 [Datanode State Machine Thread - 0] INFO  impl.RaftServerProxy (RaftServerProxy.java:lambda$start$3(299)) - d3468b2f-addf-437d-a2ce-dcff5006d770: start RPC server
2019-09-19 04:00:43,892 [Datanode State Machine Thread - 0] INFO  server.GrpcService (GrpcService.java:startImpl(149)) - d3468b2f-addf-437d-a2ce-dcff5006d770: GrpcService started, listening on 0.0.0.0/0.0.0.0:41385
2019-09-19 04:00:43,892 [Datanode State Machine Thread - 0] INFO  ratis.XceiverServerRatis (XceiverServerRatis.java:start(414)) - XceiverServerRatis d3468b2f-addf-437d-a2ce-dcff5006d770 is started using port 41385
2019-09-19 04:00:43,893 [Datanode State Machine Thread - 0] INFO  server.XceiverServerGrpc (XceiverServerGrpc.java:start(163)) - XceiverServerGrpc d3468b2f-addf-437d-a2ce-dcff5006d770 is started using port 41507
2019-09-19 04:00:44,377 | INFO  | SCMAudit | user=jenkins1000 | ip=192.168.34.50 | op=GET_VERSION null | ret=SUCCESS |  
2019-09-19 04:00:44,382 [main] INFO  ozone.MiniOzoneClusterImpl (MiniOzoneClusterImpl.java:lambda$waitForClusterToBeReady$0(145)) - Waiting for nodes to be ready. Got 0 of 7 DN Heartbeats.
2019-09-19 04:00:44,383 [main] INFO  ozone.MiniOzoneClusterImpl (MiniOzoneClusterImpl.java:lambda$waitForClusterToBeReady$0(148)) - Waiting for cluster to exit safe mode
2019-09-19 04:00:44,394 [Datanode State Machine Thread - 0] INFO  ozoneimpl.OzoneContainer (OzoneContainer.java:start(186)) - Attempting to start container services.
2019-09-19 04:00:44,394 [Datanode State Machine Thread - 0] INFO  ozoneimpl.OzoneContainer (OzoneContainer.java:startContainerScrub(160)) - Background container scrubber has been disabled by hdds.containerscrub.enabled
2019-09-19 04:00:44,395 [Datanode State Machine Thread - 0] INFO  ratis.XceiverServerRatis (XceiverServerRatis.java:start(404)) - Starting XceiverServerRatis 87042b6f-033e-4b4e-b209-b9cca192af80 at port 0
2019-09-19 04:00:44,401 [Datanode State Machine Thread - 0] INFO  impl.RaftServerProxy (RaftServerProxy.java:lambda$start$3(299)) - 87042b6f-033e-4b4e-b209-b9cca192af80: start RPC server
2019-09-19 04:00:44,403 [Datanode State Machine Thread - 0] INFO  server.GrpcService (GrpcService.java:startImpl(149)) - 87042b6f-033e-4b4e-b209-b9cca192af80: GrpcService started, listening on 0.0.0.0/0.0.0.0:39314
2019-09-19 04:00:44,404 [Datanode State Machine Thread - 0] INFO  ratis.XceiverServerRatis (XceiverServerRatis.java:start(414)) - XceiverServerRatis 87042b6f-033e-4b4e-b209-b9cca192af80 is started using port 39314
2019-09-19 04:00:44,404 [Datanode State Machine Thread - 0] INFO  server.XceiverServerGrpc (XceiverServerGrpc.java:start(163)) - XceiverServerGrpc 87042b6f-033e-4b4e-b209-b9cca192af80 is started using port 34128
2019-09-19 04:00:44,606 | INFO  | SCMAudit | user=jenkins1000 | ip=192.168.34.50 | op=GET_VERSION null | ret=SUCCESS |  
2019-09-19 04:00:44,620 [Datanode State Machine Thread - 0] INFO  ozoneimpl.OzoneContainer (OzoneContainer.java:start(186)) - Attempting to start container services.
2019-09-19 04:00:44,620 [Datanode State Machine Thread - 0] INFO  ozoneimpl.OzoneContainer (OzoneContainer.java:startContainerScrub(160)) - Background container scrubber has been disabled by hdds.containerscrub.enabled
2019-09-19 04:00:44,620 [Datanode State Machine Thread - 0] INFO  ratis.XceiverServerRatis (XceiverServerRatis.java:start(404)) - Starting XceiverServerRatis 9845fec9-8f77-40ec-bd33-538f1e6b668f at port 0
2019-09-19 04:00:44,627 [Datanode State Machine Thread - 0] INFO  impl.RaftServerProxy (RaftServerProxy.java:lambda$start$3(299)) - 9845fec9-8f77-40ec-bd33-538f1e6b668f: start RPC server
2019-09-19 04:00:44,628 [Datanode State Machine Thread - 0] INFO  server.GrpcService (GrpcService.java:startImpl(149)) - 9845fec9-8f77-40ec-bd33-538f1e6b668f: GrpcService started, listening on 0.0.0.0/0.0.0.0:39666
2019-09-19 04:00:44,628 [Datanode State Machine Thread - 0] INFO  ratis.XceiverServerRatis (XceiverServerRatis.java:start(414)) - XceiverServerRatis 9845fec9-8f77-40ec-bd33-538f1e6b668f is started using port 39666
2019-09-19 04:00:44,629 [Datanode State Machine Thread - 0] INFO  server.XceiverServerGrpc (XceiverServerGrpc.java:start(163)) - XceiverServerGrpc 9845fec9-8f77-40ec-bd33-538f1e6b668f is started using port 45781
2019-09-19 04:00:44,847 | INFO  | SCMAudit | user=jenkins1000 | ip=192.168.34.50 | op=GET_VERSION null | ret=SUCCESS |  
2019-09-19 04:00:44,861 [Datanode State Machine Thread - 0] INFO  ozoneimpl.OzoneContainer (OzoneContainer.java:start(186)) - Attempting to start container services.
2019-09-19 04:00:44,861 [Datanode State Machine Thread - 0] INFO  ozoneimpl.OzoneContainer (OzoneContainer.java:startContainerScrub(160)) - Background container scrubber has been disabled by hdds.containerscrub.enabled
2019-09-19 04:00:44,861 [Datanode State Machine Thread - 0] INFO  ratis.XceiverServerRatis (XceiverServerRatis.java:start(404)) - Starting XceiverServerRatis 3e5711c1-8fa4-42b5-a674-46644d3368a7 at port 0
2019-09-19 04:00:44,868 [Datanode State Machine Thread - 0] INFO  impl.RaftServerProxy (RaftServerProxy.java:lambda$start$3(299)) - 3e5711c1-8fa4-42b5-a674-46644d3368a7: start RPC server
2019-09-19 04:00:44,869 [Datanode State Machine Thread - 0] INFO  server.GrpcService (GrpcService.java:startImpl(149)) - 3e5711c1-8fa4-42b5-a674-46644d3368a7: GrpcService started, listening on 0.0.0.0/0.0.0.0:46036
2019-09-19 04:00:44,869 [Datanode State Machine Thread - 0] INFO  ratis.XceiverServerRatis (XceiverServerRatis.java:start(414)) - XceiverServerRatis 3e5711c1-8fa4-42b5-a674-46644d3368a7 is started using port 46036
2019-09-19 04:00:44,870 [Datanode State Machine Thread - 0] INFO  server.XceiverServerGrpc (XceiverServerGrpc.java:start(163)) - XceiverServerGrpc 3e5711c1-8fa4-42b5-a674-46644d3368a7 is started using port 38601
2019-09-19 04:00:45,117 | INFO  | SCMAudit | user=jenkins1000 | ip=192.168.34.50 | op=GET_VERSION null | ret=SUCCESS |  
2019-09-19 04:00:45,131 [Datanode State Machine Thread - 0] INFO  ozoneimpl.OzoneContainer (OzoneContainer.java:start(186)) - Attempting to start container services.
2019-09-19 04:00:45,131 [Datanode State Machine Thread - 0] INFO  ozoneimpl.OzoneContainer (OzoneContainer.java:startContainerScrub(160)) - Background container scrubber has been disabled by hdds.containerscrub.enabled
2019-09-19 04:00:45,131 [Datanode State Machine Thread - 0] INFO  ratis.XceiverServerRatis (XceiverServerRatis.java:start(404)) - Starting XceiverServerRatis 948582b7-4442-4302-80ff-48806e2acd06 at port 0
2019-09-19 04:00:45,140 [Datanode State Machine Thread - 0] INFO  impl.RaftServerProxy (RaftServerProxy.java:lambda$start$3(299)) - 948582b7-4442-4302-80ff-48806e2acd06: start RPC server
2019-09-19 04:00:45,144 [Datanode State Machine Thread - 0] INFO  server.GrpcService (GrpcService.java:startImpl(149)) - 948582b7-4442-4302-80ff-48806e2acd06: GrpcService started, listening on 0.0.0.0/0.0.0.0:34040
2019-09-19 04:00:45,144 [Datanode State Machine Thread - 0] INFO  ratis.XceiverServerRatis (XceiverServerRatis.java:start(414)) - XceiverServerRatis 948582b7-4442-4302-80ff-48806e2acd06 is started using port 34040
2019-09-19 04:00:45,145 [Datanode State Machine Thread - 0] INFO  server.XceiverServerGrpc (XceiverServerGrpc.java:start(163)) - XceiverServerGrpc 948582b7-4442-4302-80ff-48806e2acd06 is started using port 43620
2019-09-19 04:00:45,383 [main] INFO  ozone.MiniOzoneClusterImpl (MiniOzoneClusterImpl.java:lambda$waitForClusterToBeReady$0(145)) - Waiting for nodes to be ready. Got 0 of 7 DN Heartbeats.
2019-09-19 04:00:45,383 [main] INFO  ozone.MiniOzoneClusterImpl (MiniOzoneClusterImpl.java:lambda$waitForClusterToBeReady$0(148)) - Waiting for cluster to exit safe mode
2019-09-19 04:00:45,385 | INFO  | SCMAudit | user=jenkins1000 | ip=192.168.34.50 | op=GET_VERSION null | ret=SUCCESS |  
2019-09-19 04:00:45,398 [Datanode State Machine Thread - 0] INFO  ozoneimpl.OzoneContainer (OzoneContainer.java:start(186)) - Attempting to start container services.
2019-09-19 04:00:45,398 [Datanode State Machine Thread - 0] INFO  ozoneimpl.OzoneContainer (OzoneContainer.java:startContainerScrub(160)) - Background container scrubber has been disabled by hdds.containerscrub.enabled
2019-09-19 04:00:45,399 [Datanode State Machine Thread - 0] INFO  ratis.XceiverServerRatis (XceiverServerRatis.java:start(404)) - Starting XceiverServerRatis 164f4f1a-4ae3-4926-8bd0-17aa2d0a97c2 at port 0
2019-09-19 04:00:45,405 [Datanode State Machine Thread - 0] INFO  impl.RaftServerProxy (RaftServerProxy.java:lambda$start$3(299)) - 164f4f1a-4ae3-4926-8bd0-17aa2d0a97c2: start RPC server
2019-09-19 04:00:45,406 [Datanode State Machine Thread - 0] INFO  server.GrpcService (GrpcService.java:startImpl(149)) - 164f4f1a-4ae3-4926-8bd0-17aa2d0a97c2: GrpcService started, listening on 0.0.0.0/0.0.0.0:32852
2019-09-19 04:00:45,406 [Datanode State Machine Thread - 0] INFO  ratis.XceiverServerRatis (XceiverServerRatis.java:start(414)) - XceiverServerRatis 164f4f1a-4ae3-4926-8bd0-17aa2d0a97c2 is started using port 32852
2019-09-19 04:00:45,406 [Datanode State Machine Thread - 0] INFO  server.XceiverServerGrpc (XceiverServerGrpc.java:start(163)) - XceiverServerGrpc 164f4f1a-4ae3-4926-8bd0-17aa2d0a97c2 is started using port 40037
2019-09-19 04:00:45,630 [IPC Server handler 4 on 39122] INFO  net.NetworkTopology (NetworkTopologyImpl.java:add(110)) - Added a new node: /default-rack/d25e7fda-9a8e-4bab-8cc8-b0b4dcdb8785
2019-09-19 04:00:45,631 [IPC Server handler 4 on 39122] INFO  node.SCMNodeManager (SCMNodeManager.java:register(273)) - Registered Data node : d25e7fda-9a8e-4bab-8cc8-b0b4dcdb8785{ip: 192.168.34.50, host: pr-hdds-2034-srnhl-2452957315, networkLocation: /default-rack, certSerialId: null}
2019-09-19 04:00:45,632 [RatisPipelineUtilsThread] INFO  pipeline.RatisPipelineProvider (RatisPipelineProvider.java:lambda$create$4(164)) - Send pipeline:PipelineID=74a97e67-95b9-4b24-b008-2bb0b1d82237 create command to datanode d25e7fda-9a8e-4bab-8cc8-b0b4dcdb8785
2019-09-19 04:00:45,632 [EventQueue-NodeRegistrationContainerReportForDataNodeSafeModeRule] INFO  safemode.SCMSafeModeManager (DataNodeSafeModeRule.java:process(71)) - SCM in safe mode. 1 DataNodes registered, 1 required.
2019-09-19 04:00:45,635 | INFO  | SCMAudit | user=jenkins1000 | ip=192.168.34.50 | op=REGISTER {datanodeDetails=d25e7fda-9a8e-4bab-8cc8-b0b4dcdb8785{ip: 192.168.34.50, host: pr-hdds-2034-srnhl-2452957315, networkLocation: /default-rack, certSerialId: null}} | ret=SUCCESS |  
2019-09-19 04:00:45,857 [IPC Server handler 1 on 39122] INFO  net.NetworkTopology (NetworkTopologyImpl.java:add(110)) - Added a new node: /default-rack/d3468b2f-addf-437d-a2ce-dcff5006d770
2019-09-19 04:00:45,857 [IPC Server handler 1 on 39122] INFO  node.SCMNodeManager (SCMNodeManager.java:register(273)) - Registered Data node : d3468b2f-addf-437d-a2ce-dcff5006d770{ip: 192.168.34.50, host: pr-hdds-2034-srnhl-2452957315, networkLocation: /default-rack, certSerialId: null}
2019-09-19 04:00:45,858 | INFO  | SCMAudit | user=jenkins1000 | ip=192.168.34.50 | op=REGISTER {datanodeDetails=d3468b2f-addf-437d-a2ce-dcff5006d770{ip: 192.168.34.50, host: pr-hdds-2034-srnhl-2452957315, networkLocation: /default-rack, certSerialId: null}} | ret=SUCCESS |  
2019-09-19 04:00:45,858 [RatisPipelineUtilsThread] INFO  pipeline.RatisPipelineProvider (RatisPipelineProvider.java:lambda$create$4(164)) - Send pipeline:PipelineID=efb1a84a-0f05-464b-88aa-97c6ce44b821 create command to datanode d3468b2f-addf-437d-a2ce-dcff5006d770
2019-09-19 04:00:46,377 [IPC Server handler 2 on 39122] INFO  net.NetworkTopology (NetworkTopologyImpl.java:add(110)) - Added a new node: /default-rack/87042b6f-033e-4b4e-b209-b9cca192af80
2019-09-19 04:00:46,377 [IPC Server handler 2 on 39122] INFO  node.SCMNodeManager (SCMNodeManager.java:register(273)) - Registered Data node : 87042b6f-033e-4b4e-b209-b9cca192af80{ip: 192.168.34.50, host: pr-hdds-2034-srnhl-2452957315, networkLocation: /default-rack, certSerialId: null}
2019-09-19 04:00:46,381 | INFO  | SCMAudit | user=jenkins1000 | ip=192.168.34.50 | op=REGISTER {datanodeDetails=87042b6f-033e-4b4e-b209-b9cca192af80{ip: 192.168.34.50, host: pr-hdds-2034-srnhl-2452957315, networkLocation: /default-rack, certSerialId: null}} | ret=SUCCESS |  
2019-09-19 04:00:46,380 [RatisPipelineUtilsThread] INFO  pipeline.RatisPipelineProvider (RatisPipelineProvider.java:lambda$create$4(164)) - Send pipeline:PipelineID=07afbc74-e76e-4eec-8d40-8fecd5fbcb53 create command to datanode 87042b6f-033e-4b4e-b209-b9cca192af80
2019-09-19 04:00:46,383 [RatisPipelineUtilsThread] INFO  pipeline.RatisPipelineProvider (RatisPipelineProvider.java:lambda$create$4(164)) - Send pipeline:PipelineID=f44540f4-192f-4905-ad79-e78588f04dbb create command to datanode d25e7fda-9a8e-4bab-8cc8-b0b4dcdb8785
2019-09-19 04:00:46,384 [RatisPipelineUtilsThread] INFO  pipeline.RatisPipelineProvider (RatisPipelineProvider.java:lambda$create$4(164)) - Send pipeline:PipelineID=f44540f4-192f-4905-ad79-e78588f04dbb create command to datanode d3468b2f-addf-437d-a2ce-dcff5006d770
2019-09-19 04:00:46,384 [main] INFO  ozone.MiniOzoneClusterImpl (MiniOzoneClusterImpl.java:lambda$waitForClusterToBeReady$0(145)) - Waiting for nodes to be ready. Got 3 of 7 DN Heartbeats.
2019-09-19 04:00:46,384 [main] INFO  ozone.MiniOzoneClusterImpl (MiniOzoneClusterImpl.java:lambda$waitForClusterToBeReady$0(148)) - Waiting for cluster to exit safe mode
2019-09-19 04:00:46,384 [RatisPipelineUtilsThread] INFO  pipeline.RatisPipelineProvider (RatisPipelineProvider.java:lambda$create$4(164)) - Send pipeline:PipelineID=f44540f4-192f-4905-ad79-e78588f04dbb create command to datanode 87042b6f-033e-4b4e-b209-b9cca192af80
2019-09-19 04:00:46,607 [IPC Server handler 4 on 39122] INFO  net.NetworkTopology (NetworkTopologyImpl.java:add(110)) - Added a new node: /default-rack/9845fec9-8f77-40ec-bd33-538f1e6b668f
2019-09-19 04:00:46,607 [IPC Server handler 4 on 39122] INFO  node.SCMNodeManager (SCMNodeManager.java:register(273)) - Registered Data node : 9845fec9-8f77-40ec-bd33-538f1e6b668f{ip: 192.168.34.50, host: pr-hdds-2034-srnhl-2452957315, networkLocation: /default-rack, certSerialId: null}
2019-09-19 04:00:46,611 | INFO  | SCMAudit | user=jenkins1000 | ip=192.168.34.50 | op=REGISTER {datanodeDetails=9845fec9-8f77-40ec-bd33-538f1e6b668f{ip: 192.168.34.50, host: pr-hdds-2034-srnhl-2452957315, networkLocation: /default-rack, certSerialId: null}} | ret=SUCCESS |  
2019-09-19 04:00:46,611 [RatisPipelineUtilsThread] INFO  pipeline.RatisPipelineProvider (RatisPipelineProvider.java:lambda$create$4(164)) - Send pipeline:PipelineID=4660bd50-7b8f-43ef-828c-ea98f3180da4 create command to datanode 9845fec9-8f77-40ec-bd33-538f1e6b668f
2019-09-19 04:00:46,847 [IPC Server handler 0 on 39122] INFO  net.NetworkTopology (NetworkTopologyImpl.java:add(110)) - Added a new node: /default-rack/3e5711c1-8fa4-42b5-a674-46644d3368a7
2019-09-19 04:00:46,848 [IPC Server handler 0 on 39122] INFO  node.SCMNodeManager (SCMNodeManager.java:register(273)) - Registered Data node : 3e5711c1-8fa4-42b5-a674-46644d3368a7{ip: 192.168.34.50, host: pr-hdds-2034-srnhl-2452957315, networkLocation: /default-rack, certSerialId: null}
2019-09-19 04:00:46,848 | INFO  | SCMAudit | user=jenkins1000 | ip=192.168.34.50 | op=REGISTER {datanodeDetails=3e5711c1-8fa4-42b5-a674-46644d3368a7{ip: 192.168.34.50, host: pr-hdds-2034-srnhl-2452957315, networkLocation: /default-rack, certSerialId: null}} | ret=SUCCESS |  
2019-09-19 04:00:46,848 [RatisPipelineUtilsThread] INFO  pipeline.RatisPipelineProvider (RatisPipelineProvider.java:lambda$create$4(164)) - Send pipeline:PipelineID=fcc36b2c-eb97-46e2-8b3a-4f929088e8b4 create command to datanode 3e5711c1-8fa4-42b5-a674-46644d3368a7
2019-09-19 04:00:47,119 [IPC Server handler 2 on 39122] INFO  net.NetworkTopology (NetworkTopologyImpl.java:add(110)) - Added a new node: /default-rack/948582b7-4442-4302-80ff-48806e2acd06
2019-09-19 04:00:47,119 [IPC Server handler 2 on 39122] INFO  node.SCMNodeManager (SCMNodeManager.java:register(273)) - Registered Data node : 948582b7-4442-4302-80ff-48806e2acd06{ip: 192.168.34.50, host: pr-hdds-2034-srnhl-2452957315, networkLocation: /default-rack, certSerialId: null}
2019-09-19 04:00:47,119 [RatisPipelineUtilsThread] INFO  pipeline.RatisPipelineProvider (RatisPipelineProvider.java:lambda$create$4(164)) - Send pipeline:PipelineID=4b9e365c-cbf8-417b-9633-4a61c58abff6 create command to datanode 948582b7-4442-4302-80ff-48806e2acd06
2019-09-19 04:00:47,119 | INFO  | SCMAudit | user=jenkins1000 | ip=192.168.34.50 | op=REGISTER {datanodeDetails=948582b7-4442-4302-80ff-48806e2acd06{ip: 192.168.34.50, host: pr-hdds-2034-srnhl-2452957315, networkLocation: /default-rack, certSerialId: null}} | ret=SUCCESS |  
2019-09-19 04:00:47,127 [RatisPipelineUtilsThread] INFO  pipeline.RatisPipelineProvider (RatisPipelineProvider.java:lambda$create$4(164)) - Send pipeline:PipelineID=0e965e4f-9d18-40ec-afec-2b25f1690fa2 create command to datanode 948582b7-4442-4302-80ff-48806e2acd06
2019-09-19 04:00:47,128 [RatisPipelineUtilsThread] INFO  pipeline.RatisPipelineProvider (RatisPipelineProvider.java:lambda$create$4(164)) - Send pipeline:PipelineID=0e965e4f-9d18-40ec-afec-2b25f1690fa2 create command to datanode 3e5711c1-8fa4-42b5-a674-46644d3368a7
2019-09-19 04:00:47,128 [RatisPipelineUtilsThread] INFO  pipeline.RatisPipelineProvider (RatisPipelineProvider.java:lambda$create$4(164)) - Send pipeline:PipelineID=0e965e4f-9d18-40ec-afec-2b25f1690fa2 create command to datanode 9845fec9-8f77-40ec-bd33-538f1e6b668f
2019-09-19 04:00:47,384 [main] INFO  ozone.MiniOzoneClusterImpl (MiniOzoneClusterImpl.java:lambda$waitForClusterToBeReady$0(145)) - Waiting for nodes to be ready. Got 6 of 7 DN Heartbeats.
2019-09-19 04:00:47,385 [main] INFO  ozone.MiniOzoneClusterImpl (MiniOzoneClusterImpl.java:lambda$waitForClusterToBeReady$0(148)) - Waiting for cluster to exit safe mode
2019-09-19 04:00:47,385 [IPC Server handler 4 on 39122] INFO  net.NetworkTopology (NetworkTopologyImpl.java:add(110)) - Added a new node: /default-rack/164f4f1a-4ae3-4926-8bd0-17aa2d0a97c2
2019-09-19 04:00:47,385 [IPC Server handler 4 on 39122] INFO  node.SCMNodeManager (SCMNodeManager.java:register(273)) - Registered Data node : 164f4f1a-4ae3-4926-8bd0-17aa2d0a97c2{ip: 192.168.34.50, host: pr-hdds-2034-srnhl-2452957315, networkLocation: /default-rack, certSerialId: null}
2019-09-19 04:00:47,385 | INFO  | SCMAudit | user=jenkins1000 | ip=192.168.34.50 | op=REGISTER {datanodeDetails=164f4f1a-4ae3-4926-8bd0-17aa2d0a97c2{ip: 192.168.34.50, host: pr-hdds-2034-srnhl-2452957315, networkLocation: /default-rack, certSerialId: null}} | ret=SUCCESS |  
2019-09-19 04:00:47,386 [RatisPipelineUtilsThread] INFO  pipeline.RatisPipelineProvider (RatisPipelineProvider.java:lambda$create$4(164)) - Send pipeline:PipelineID=f09e861e-3c31-4b45-81e8-73833cd13017 create command to datanode 164f4f1a-4ae3-4926-8bd0-17aa2d0a97c2
2019-09-19 04:00:47,627 | INFO  | SCMAudit | user=jenkins1000 | ip=192.168.34.50 | op=SEND_HEARTBEAT {datanodeUUID=d25e7fda-9a8e-4bab-8cc8-b0b4dcdb8785, command=[commandType: createPipelineCommand createPipelineCommandProto { pipelineID { id: "74a97e67-95b9-4b24-b008-2bb0b1d82237" } type: RATIS factor: ONE datanode { uuid: "d25e7fda-9a8e-4bab-8cc8-b0b4dcdb8785" ipAddress: "192.168.34.50" hostName: "pr-hdds-2034-srnhl-2452957315" ports { name: "REST" value: 35374 } ports { name: "RATIS" value: 45400 } ports { name: "STANDALONE" value: 40793 } networkName: "d25e7fda-9a8e-4bab-8cc8-b0b4dcdb8785" networkLocation: "/default-rack" } cmdId: 1568865094428 } , commandType: createPipelineCommand createPipelineCommandProto { pipelineID { id: "f44540f4-192f-4905-ad79-e78588f04dbb" } type: RATIS factor: THREE datanode { uuid: "d25e7fda-9a8e-4bab-8cc8-b0b4dcdb8785" ipAddress: "192.168.34.50" hostName: "pr-hdds-2034-srnhl-2452957315" ports { name: "REST" value: 35374 } ports { name: "RATIS" value: 45400 } ports { name: "STANDALONE" value: 40793 } networkName: "d25e7fda-9a8e-4bab-8cc8-b0b4dcdb8785" networkLocation: "/default-rack" } datanode { uuid: "d3468b2f-addf-437d-a2ce-dcff5006d770" ipAddress: "192.168.34.50" hostName: "pr-hdds-2034-srnhl-2452957315" ports { name: "REST" value: 37637 } ports { name: "RATIS" value: 41385 } ports { name: "STANDALONE" value: 41507 } networkName: "d3468b2f-addf-437d-a2ce-dcff5006d770" networkLocation: "/default-rack" } datanode { uuid: "87042b6f-033e-4b4e-b209-b9cca192af80" ipAddress: "192.168.34.50" hostName: "pr-hdds-2034-srnhl-2452957315" ports { name: "REST" value: 42976 } ports { name: "RATIS" value: 39314 } ports { name: "STANDALONE" value: 34128 } networkName: "87042b6f-033e-4b4e-b209-b9cca192af80" networkLocation: "/default-rack" } cmdId: 1568865094431 } ]} | ret=SUCCESS |  
2019-09-19 04:00:47,857 | INFO  | SCMAudit | user=jenkins1000 | ip=192.168.34.50 | op=SEND_HEARTBEAT {datanodeUUID=d3468b2f-addf-437d-a2ce-dcff5006d770, command=[commandType: createPipelineCommand createPipelineCommandProto { pipelineID { id: "efb1a84a-0f05-464b-88aa-97c6ce44b821" } type: RATIS factor: ONE datanode { uuid: "d3468b2f-addf-437d-a2ce-dcff5006d770" ipAddress: "192.168.34.50" hostName: "pr-hdds-2034-srnhl-2452957315" ports { name: "REST" value: 37637 } ports { name: "RATIS" value: 41385 } ports { name: "STANDALONE" value: 41507 } networkName: "d3468b2f-addf-437d-a2ce-dcff5006d770" networkLocation: "/default-rack" } cmdId: 1568865094429 } , commandType: createPipelineCommand createPipelineCommandProto { pipelineID { id: "f44540f4-192f-4905-ad79-e78588f04dbb" } type: RATIS factor: THREE datanode { uuid: "d25e7fda-9a8e-4bab-8cc8-b0b4dcdb8785" ipAddress: "192.168.34.50" hostName: "pr-hdds-2034-srnhl-2452957315" ports { name: "REST" value: 35374 } ports { name: "RATIS" value: 45400 } ports { name: "STANDALONE" value: 40793 } networkName: "d25e7fda-9a8e-4bab-8cc8-b0b4dcdb8785" networkLocation: "/default-rack" } datanode { uuid: "d3468b2f-addf-437d-a2ce-dcff5006d770" ipAddress: "192.168.34.50" hostName: "pr-hdds-2034-srnhl-2452957315" ports { name: "REST" value: 37637 } ports { name: "RATIS" value: 41385 } ports { name: "STANDALONE" value: 41507 } networkName: "d3468b2f-addf-437d-a2ce-dcff5006d770" networkLocation: "/default-rack" } datanode { uuid: "87042b6f-033e-4b4e-b209-b9cca192af80" ipAddress: "192.168.34.50" hostName: "pr-hdds-2034-srnhl-2452957315" ports { name: "REST" value: 42976 } ports { name: "RATIS" value: 39314 } ports { name: "STANDALONE" value: 34128 } networkName: "87042b6f-033e-4b4e-b209-b9cca192af80" networkLocation: "/default-rack" } cmdId: 1568865094431 } ]} | ret=SUCCESS |  
2019-09-19 04:00:48,379 | INFO  | SCMAudit | user=jenkins1000 | ip=192.168.34.50 | op=SEND_HEARTBEAT {datanodeUUID=87042b6f-033e-4b4e-b209-b9cca192af80, command=[commandType: createPipelineCommand createPipelineCommandProto { pipelineID { id: "07afbc74-e76e-4eec-8d40-8fecd5fbcb53" } type: RATIS factor: ONE datanode { uuid: "87042b6f-033e-4b4e-b209-b9cca192af80" ipAddress: "192.168.34.50" hostName: "pr-hdds-2034-srnhl-2452957315" ports { name: "REST" value: 42976 } ports { name: "RATIS" value: 39314 } ports { name: "STANDALONE" value: 34128 } networkName: "87042b6f-033e-4b4e-b209-b9cca192af80" networkLocation: "/default-rack" } cmdId: 1568865094430 } , commandType: createPipelineCommand createPipelineCommandProto { pipelineID { id: "f44540f4-192f-4905-ad79-e78588f04dbb" } type: RATIS factor: THREE datanode { uuid: "d25e7fda-9a8e-4bab-8cc8-b0b4dcdb8785" ipAddress: "192.168.34.50" hostName: "pr-hdds-2034-srnhl-2452957315" ports { name: "REST" value: 35374 } ports { name: "RATIS" value: 45400 } ports { name: "STANDALONE" value: 40793 } networkName: "d25e7fda-9a8e-4bab-8cc8-b0b4dcdb8785" networkLocation: "/default-rack" } datanode { uuid: "d3468b2f-addf-437d-a2ce-dcff5006d770" ipAddress: "192.168.34.50" hostName: "pr-hdds-2034-srnhl-2452957315" ports { name: "REST" value: 37637 } ports { name: "RATIS" value: 41385 } ports { name: "STANDALONE" value: 41507 } networkName: "d3468b2f-addf-437d-a2ce-dcff5006d770" networkLocation: "/default-rack" } datanode { uuid: "87042b6f-033e-4b4e-b209-b9cca192af80" ipAddress: "192.168.34.50" hostName: "pr-hdds-2034-srnhl-2452957315" ports { name: "REST" value: 42976 } ports { name: "RATIS" value: 39314 } ports { name: "STANDALONE" value: 34128 } networkName: "87042b6f-033e-4b4e-b209-b9cca192af80" networkLocation: "/default-rack" } cmdId: 1568865094431 } ]} | ret=SUCCESS |  
2019-09-19 04:00:48,385 [main] INFO  ozone.MiniOzoneClusterImpl (MiniOzoneClusterImpl.java:lambda$waitForClusterToBeReady$0(145)) - Nodes are ready. Got 7 of 7 DN Heartbeats.
2019-09-19 04:00:48,386 [main] INFO  ozone.MiniOzoneClusterImpl (MiniOzoneClusterImpl.java:lambda$waitForClusterToBeReady$0(148)) - Waiting for cluster to exit safe mode
2019-09-19 04:00:48,608 | INFO  | SCMAudit | user=jenkins1000 | ip=192.168.34.50 | op=SEND_HEARTBEAT {datanodeUUID=9845fec9-8f77-40ec-bd33-538f1e6b668f, command=[commandType: createPipelineCommand createPipelineCommandProto { pipelineID { id: "4660bd50-7b8f-43ef-828c-ea98f3180da4" } type: RATIS factor: ONE datanode { uuid: "9845fec9-8f77-40ec-bd33-538f1e6b668f" ipAddress: "192.168.34.50" hostName: "pr-hdds-2034-srnhl-2452957315" ports { name: "REST" value: 34115 } ports { name: "RATIS" value: 39666 } ports { name: "STANDALONE" value: 45781 } networkName: "9845fec9-8f77-40ec-bd33-538f1e6b668f" networkLocation: "/default-rack" } cmdId: 1568865094432 } , commandType: createPipelineCommand createPipelineCommandProto { pipelineID { id: "0e965e4f-9d18-40ec-afec-2b25f1690fa2" } type: RATIS factor: THREE datanode { uuid: "948582b7-4442-4302-80ff-48806e2acd06" ipAddress: "192.168.34.50" hostName: "pr-hdds-2034-srnhl-2452957315" ports { name: "REST" value: 36532 } ports { name: "RATIS" value: 34040 } ports { name: "STANDALONE" value: 43620 } networkName: "948582b7-4442-4302-80ff-48806e2acd06" networkLocation: "/default-rack" } datanode { uuid: "3e5711c1-8fa4-42b5-a674-46644d3368a7" ipAddress: "192.168.34.50" hostName: "pr-hdds-2034-srnhl-2452957315" ports { name: "REST" value: 39727 } ports { name: "RATIS" value: 46036 } ports { name: "STANDALONE" value: 38601 } networkName: "3e5711c1-8fa4-42b5-a674-46644d3368a7" networkLocation: "/default-rack" } datanode { uuid: "9845fec9-8f77-40ec-bd33-538f1e6b668f" ipAddress: "192.168.34.50" hostName: "pr-hdds-2034-srnhl-2452957315" ports { name: "REST" value: 34115 } ports { name: "RATIS" value: 39666 } ports { name: "STANDALONE" value: 45781 } networkName: "9845fec9-8f77-40ec-bd33-538f1e6b668f" networkLocation: "/default-rack" } cmdId: 1568865094435 } ]} | ret=SUCCESS |  
2019-09-19 04:00:48,626 | INFO  | SCMAudit | user=jenkins1000 | ip=192.168.34.50 | op=SEND_HEARTBEAT {datanodeUUID=d25e7fda-9a8e-4bab-8cc8-b0b4dcdb8785, command=[]} | ret=SUCCESS |  
2019-09-19 04:00:48,657 [grpc-default-executor-6] INFO  impl.RaftServerProxy (RaftServerProxy.java:addNew(89)) - d25e7fda-9a8e-4bab-8cc8-b0b4dcdb8785: addNew group-2BB0B1D82237:[d25e7fda-9a8e-4bab-8cc8-b0b4dcdb8785:192.168.34.50:45400] returns group-2BB0B1D82237:java.util.concurrent.CompletableFuture@2f61e1c0[Not completed]
2019-09-19 04:00:48,663 [pool-439-thread-1] INFO  impl.RaftServerImpl (RaftServerImpl.java:<init>(93)) - d25e7fda-9a8e-4bab-8cc8-b0b4dcdb8785: new RaftServerImpl for group-2BB0B1D82237:[d25e7fda-9a8e-4bab-8cc8-b0b4dcdb8785:192.168.34.50:45400] with ContainerStateMachine:uninitialized
2019-09-19 04:00:48,663 [pool-439-thread-1] INFO  server.RaftServerConfigKeys (ConfUtils.java:logGet(43)) - raft.server.rpc.timeout.min = 5s (custom)
2019-09-19 04:00:48,664 [pool-439-thread-1] INFO  server.RaftServerConfigKeys (ConfUtils.java:logGet(43)) - raft.server.rpc.timeout.max = 5200ms (custom)
2019-09-19 04:00:48,664 [pool-439-thread-1] INFO  server.RaftServerConfigKeys (ConfUtils.java:logGet(43)) - raft.server.rpcslowness.timeout = 120s (custom)
2019-09-19 04:00:48,664 [pool-439-thread-1] INFO  server.RaftServerConfigKeys (ConfUtils.java:logGet(43)) - raft.server.sleep.deviation.threshold = 300 (default)
2019-09-19 04:00:48,664 [pool-439-thread-1] INFO  server.RaftServerConfigKeys (ConfUtils.java:logGet(43)) - raft.server.log.appender.install.snapshot.enabled = false (custom)
2019-09-19 04:00:48,665 [pool-439-thread-1] INFO  impl.RaftServerImpl (ServerState.java:<init>(105)) - d25e7fda-9a8e-4bab-8cc8-b0b4dcdb8785:group-2BB0B1D82237 ConfigurationManager, init=-1: [d25e7fda-9a8e-4bab-8cc8-b0b4dcdb8785:192.168.34.50:45400], old=null, confs=<EMPTY_MAP>
2019-09-19 04:00:48,665 [pool-439-thread-1] INFO  server.RaftServerConfigKeys (ConfUtils.java:logGet(43)) - raft.server.storage.dir = [/workdir/hadoop-ozone/integration-test/target/test-dir/MiniOzoneClusterImpl-048a2d1c-ec68-42a5-b9aa-3373df324185/datanode-0/data/ratis] (custom)
2019-09-19 04:00:48,666 [pool-439-thread-1] INFO  storage.RaftStorageDirectory (RaftStorageDirectory.java:analyzeStorage(246)) - The storage directory /workdir/hadoop-ozone/integration-test/target/test-dir/MiniOzoneClusterImpl-048a2d1c-ec68-42a5-b9aa-3373df324185/datanode-0/data/ratis/74a97e67-95b9-4b24-b008-2bb0b1d82237 does not exist. Creating ...
2019-09-19 04:00:48,681 [pool-439-thread-1] INFO  storage.RaftStorageDirectory (RaftStorageDirectory.java:tryLock(328)) - Lock on /workdir/hadoop-ozone/integration-test/target/test-dir/MiniOzoneClusterImpl-048a2d1c-ec68-42a5-b9aa-3373df324185/datanode-0/data/ratis/74a97e67-95b9-4b24-b008-2bb0b1d82237/in_use.lock acquired by nodename 12279@pr-hdds-2034-srnhl-2452957315
2019-09-19 04:00:48,695 [pool-439-thread-1] INFO  storage.RaftStorage (RaftStorage.java:format(72)) - Storage directory /workdir/hadoop-ozone/integration-test/target/test-dir/MiniOzoneClusterImpl-048a2d1c-ec68-42a5-b9aa-3373df324185/datanode-0/data/ratis/74a97e67-95b9-4b24-b008-2bb0b1d82237 has been successfully formatted.
2019-09-19 04:00:48,695 [pool-439-thread-1] INFO  ratis.ContainerStateMachine (ContainerStateMachine.java:loadSnapshot(226)) - group-2BB0B1D82237: The snapshot info is null. Setting the last applied indexto:(t:0, i:~)
2019-09-19 04:00:48,696 [pool-439-thread-1] INFO  server.RaftServerConfigKeys (ConfUtils.java:logGet(43)) - raft.server.leader.election.timeout = 120s (custom)
2019-09-19 04:00:48,696 [pool-439-thread-1] INFO  server.RaftServerConfigKeys (ConfUtils.java:logGet(43)) - raft.server.log.use.memory = false (default)
2019-09-19 04:00:48,696 [pool-439-thread-1] INFO  server.RaftServerConfigKeys (ConfUtils.java:logGet(43)) - raft.server.log.purge.gap = 1000000 (custom)
2019-09-19 04:00:48,696 [pool-439-thread-1] INFO  server.RaftServerConfigKeys (ConfUtils.java:logGet(43)) - raft.server.log.appender.buffer.byte-limit = 33554432 (custom)
2019-09-19 04:00:48,697 [pool-439-thread-1] INFO  server.RaftServerConfigKeys (ConfUtils.java:logGet(43)) - raft.server.log.segment.size.max = 1048576 (custom)
2019-09-19 04:00:48,697 [pool-439-thread-1] INFO  server.RaftServerConfigKeys (ConfUtils.java:logGet(43)) - raft.server.log.segment.cache.num.max = 2 (custom)
2019-09-19 04:00:48,697 [pool-439-thread-1] INFO  segmented.SegmentedRaftLogWorker (SegmentedRaftLogWorker.java:<init>(172)) - new d25e7fda-9a8e-4bab-8cc8-b0b4dcdb8785-SegmentedRaftLogWorker:Storage Directory /workdir/hadoop-ozone/integration-test/target/test-dir/MiniOzoneClusterImpl-048a2d1c-ec68-42a5-b9aa-3373df324185/datanode-0/data/ratis/74a97e67-95b9-4b24-b008-2bb0b1d82237 for RaftStorage:Storage Directory /workdir/hadoop-ozone/integration-test/target/test-dir/MiniOzoneClusterImpl-048a2d1c-ec68-42a5-b9aa-3373df324185/datanode-0/data/ratis/74a97e67-95b9-4b24-b008-2bb0b1d82237
2019-09-19 04:00:48,698 [pool-439-thread-1] INFO  server.RaftServerConfigKeys (ConfUtils.java:logGet(43)) - raft.server.log.queue.byte-limit = 2147483647 (custom)
2019-09-19 04:00:48,698 [pool-439-thread-1] INFO  server.RaftServerConfigKeys (ConfUtils.java:logGet(43)) - raft.server.log.queue.element-limit = 1024 (custom)
2019-09-19 04:00:48,698 [pool-439-thread-1] INFO  server.RaftServerConfigKeys (ConfUtils.java:logGet(43)) - raft.server.log.segment.size.max = 1048576 (custom)
2019-09-19 04:00:48,699 [pool-439-thread-1] INFO  server.RaftServerConfigKeys (ConfUtils.java:logGet(43)) - raft.server.log.preallocated.size = 16384 (custom)
2019-09-19 04:00:48,699 [pool-439-thread-1] INFO  server.RaftServerConfigKeys (ConfUtils.java:logGet(43)) - raft.server.log.write.buffer.size = 33554432 (custom)
2019-09-19 04:00:48,699 [pool-439-thread-1] INFO  server.RaftServerConfigKeys (ConfUtils.java:logGet(43)) - raft.server.log.force.sync.num = 128 (default)
2019-09-19 04:00:48,699 [pool-439-thread-1] INFO  server.RaftServerConfigKeys (ConfUtils.java:logGet(43)) - raft.server.log.statemachine.data.sync = true (default)
2019-09-19 04:00:48,699 [pool-439-thread-1] INFO  server.RaftServerConfigKeys (ConfUtils.java:logGet(43)) - raft.server.log.statemachine.data.sync.timeout = 10s (default)
2019-09-19 04:00:48,700 [pool-439-thread-1] INFO  server.RaftServerConfigKeys (ConfUtils.java:logGet(43)) - raft.server.log.statemachine.data.sync.timeout.retry = -1 (default)
2019-09-19 04:00:48,700 [pool-439-thread-1] INFO  server.RaftServerConfigKeys (ConfUtils.java:logGet(43)) - raft.server.log.statemachine.data.caching.enabled = true (custom)
2019-09-19 04:00:48,701 [pool-439-thread-1] INFO  segmented.SegmentedRaftLogWorker (SegmentedRaftLogWorker.java:lambda$new$0(132)) - d25e7fda-9a8e-4bab-8cc8-b0b4dcdb8785-SegmentedRaftLogWorker:Storage Directory /workdir/hadoop-ozone/integration-test/target/test-dir/MiniOzoneClusterImpl-048a2d1c-ec68-42a5-b9aa-3373df324185/datanode-0/data/ratis/74a97e67-95b9-4b24-b008-2bb0b1d82237: flushIndex: setUnconditionally 0 -> -1
2019-09-19 04:00:48,702 [pool-439-thread-1] INFO  server.RaftServerConfigKeys (ConfUtils.java:logGet(43)) - raft.server.snapshot.auto.trigger.enabled = true (custom)
2019-09-19 04:00:48,702 [pool-439-thread-1] INFO  server.RaftServerConfigKeys (ConfUtils.java:logGet(43)) - raft.server.snapshot.auto.trigger.threshold = 10000 (custom)
2019-09-19 04:00:48,702 [pool-439-thread-1] INFO  server.RaftServerConfigKeys (ConfUtils.java:logGet(43)) - raft.server.retrycache.expirytime = 600000ms (custom)
2019-09-19 04:00:48,703 [pool-439-thread-1] INFO  impl.RaftServerImpl (RaftServerImpl.java:start(180)) - d25e7fda-9a8e-4bab-8cc8-b0b4dcdb8785: start group-2BB0B1D82237
2019-09-19 04:00:48,703 [pool-439-thread-1] INFO  impl.RaftServerImpl (RaftServerImpl.java:setRole(171)) - d25e7fda-9a8e-4bab-8cc8-b0b4dcdb8785:group-2BB0B1D82237 changes role from null to FOLLOWER at term 0 for startAsFollower
2019-09-19 04:00:48,703 [pool-439-thread-1] INFO  impl.RoleInfo (RoleInfo.java:updateAndGet(143)) - d25e7fda-9a8e-4bab-8cc8-b0b4dcdb8785: start FollowerState
2019-09-19 04:00:48,705 [pool-439-thread-1] INFO  util.JmxRegister (JmxRegister.java:tryRegister(44)) - Successfully registered JMX Bean with object name Ratis:service=RaftServer,group=group-2BB0B1D82237,id=d25e7fda-9a8e-4bab-8cc8-b0b4dcdb8785
2019-09-19 04:00:48,708 [Command processor thread] INFO  commandhandler.CreatePipelineCommandHandler (CreatePipelineCommandHandler.java:handle(112)) - Create Pipeline RATIS ONE #PipelineID=74a97e67-95b9-4b24-b008-2bb0b1d82237 command succeed on datanode d25e7fda-9a8e-4bab-8cc8-b0b4dcdb8785.
2019-09-19 04:00:48,715 [grpc-default-executor-6] INFO  impl.RaftServerProxy (RaftServerProxy.java:addNew(89)) - d25e7fda-9a8e-4bab-8cc8-b0b4dcdb8785: addNew group-E78588F04DBB:[87042b6f-033e-4b4e-b209-b9cca192af80:192.168.34.50:39314, d3468b2f-addf-437d-a2ce-dcff5006d770:192.168.34.50:41385, d25e7fda-9a8e-4bab-8cc8-b0b4dcdb8785:192.168.34.50:45400] returns group-E78588F04DBB:java.util.concurrent.CompletableFuture@1022a1ca[Not completed]
2019-09-19 04:00:48,717 [pool-439-thread-1] INFO  impl.RaftServerImpl (RaftServerImpl.java:<init>(93)) - d25e7fda-9a8e-4bab-8cc8-b0b4dcdb8785: new RaftServerImpl for group-E78588F04DBB:[87042b6f-033e-4b4e-b209-b9cca192af80:192.168.34.50:39314, d3468b2f-addf-437d-a2ce-dcff5006d770:192.168.34.50:41385, d25e7fda-9a8e-4bab-8cc8-b0b4dcdb8785:192.168.34.50:45400] with ContainerStateMachine:uninitialized
2019-09-19 04:00:48,717 [pool-439-thread-1] INFO  server.RaftServerConfigKeys (ConfUtils.java:logGet(43)) - raft.server.rpc.timeout.min = 5s (custom)
2019-09-19 04:00:48,717 [pool-439-thread-1] INFO  server.RaftServerConfigKeys (ConfUtils.java:logGet(43)) - raft.server.rpc.timeout.max = 5200ms (custom)
2019-09-19 04:00:48,717 [pool-439-thread-1] INFO  server.RaftServerConfigKeys (ConfUtils.java:logGet(43)) - raft.server.rpcslowness.timeout = 120s (custom)
2019-09-19 04:00:48,717 [pool-439-thread-1] INFO  server.RaftServerConfigKeys (ConfUtils.java:logGet(43)) - raft.server.sleep.deviation.threshold = 300 (default)
2019-09-19 04:00:48,717 [pool-439-thread-1] INFO  server.RaftServerConfigKeys (ConfUtils.java:logGet(43)) - raft.server.log.appender.install.snapshot.enabled = false (custom)
2019-09-19 04:00:48,717 [pool-439-thread-1] INFO  impl.RaftServerImpl (ServerState.java:<init>(105)) - d25e7fda-9a8e-4bab-8cc8-b0b4dcdb8785:group-E78588F04DBB ConfigurationManager, init=-1: [87042b6f-033e-4b4e-b209-b9cca192af80:192.168.34.50:39314, d3468b2f-addf-437d-a2ce-dcff5006d770:192.168.34.50:41385, d25e7fda-9a8e-4bab-8cc8-b0b4dcdb8785:192.168.34.50:45400], old=null, confs=<EMPTY_MAP>
2019-09-19 04:00:48,718 [pool-439-thread-1] INFO  server.RaftServerConfigKeys (ConfUtils.java:logGet(43)) - raft.server.storage.dir = [/workdir/hadoop-ozone/integration-test/target/test-dir/MiniOzoneClusterImpl-048a2d1c-ec68-42a5-b9aa-3373df324185/datanode-0/data/ratis] (custom)
2019-09-19 04:00:48,718 [pool-439-thread-1] INFO  storage.RaftStorageDirectory (RaftStorageDirectory.java:analyzeStorage(246)) - The storage directory /workdir/hadoop-ozone/integration-test/target/test-dir/MiniOzoneClusterImpl-048a2d1c-ec68-42a5-b9aa-3373df324185/datanode-0/data/ratis/f44540f4-192f-4905-ad79-e78588f04dbb does not exist. Creating ...
2019-09-19 04:00:48,731 [pool-439-thread-1] INFO  storage.RaftStorageDirectory (RaftStorageDirectory.java:tryLock(328)) - Lock on /workdir/hadoop-ozone/integration-test/target/test-dir/MiniOzoneClusterImpl-048a2d1c-ec68-42a5-b9aa-3373df324185/datanode-0/data/ratis/f44540f4-192f-4905-ad79-e78588f04dbb/in_use.lock acquired by nodename 12279@pr-hdds-2034-srnhl-2452957315
2019-09-19 04:00:48,744 [pool-439-thread-1] INFO  storage.RaftStorage (RaftStorage.java:format(72)) - Storage directory /workdir/hadoop-ozone/integration-test/target/test-dir/MiniOzoneClusterImpl-048a2d1c-ec68-42a5-b9aa-3373df324185/datanode-0/data/ratis/f44540f4-192f-4905-ad79-e78588f04dbb has been successfully formatted.
2019-09-19 04:00:48,744 [pool-439-thread-1] INFO  ratis.ContainerStateMachine (ContainerStateMachine.java:loadSnapshot(226)) - group-E78588F04DBB: The snapshot info is null. Setting the last applied indexto:(t:0, i:~)
2019-09-19 04:00:48,744 [pool-439-thread-1] INFO  server.RaftServerConfigKeys (ConfUtils.java:logGet(43)) - raft.server.leader.election.timeout = 120s (custom)
2019-09-19 04:00:48,744 [pool-439-thread-1] INFO  server.RaftServerConfigKeys (ConfUtils.java:logGet(43)) - raft.server.log.use.memory = false (default)
2019-09-19 04:00:48,744 [pool-439-thread-1] INFO  server.RaftServerConfigKeys (ConfUtils.java:logGet(43)) - raft.server.log.purge.gap = 1000000 (custom)
2019-09-19 04:00:48,744 [pool-439-thread-1] INFO  server.RaftServerConfigKeys (ConfUtils.java:logGet(43)) - raft.server.log.appender.buffer.byte-limit = 33554432 (custom)
2019-09-19 04:00:48,745 [pool-439-thread-1] INFO  server.RaftServerConfigKeys (ConfUtils.java:logGet(43)) - raft.server.log.segment.size.max = 1048576 (custom)
2019-09-19 04:00:48,745 [pool-439-thread-1] INFO  server.RaftServerConfigKeys (ConfUtils.java:logGet(43)) - raft.server.log.segment.cache.num.max = 2 (custom)
2019-09-19 04:00:48,745 [pool-439-thread-1] INFO  segmented.SegmentedRaftLogWorker (SegmentedRaftLogWorker.java:<init>(172)) - new d25e7fda-9a8e-4bab-8cc8-b0b4dcdb8785-SegmentedRaftLogWorker:Storage Directory /workdir/hadoop-ozone/integration-test/target/test-dir/MiniOzoneClusterImpl-048a2d1c-ec68-42a5-b9aa-3373df324185/datanode-0/data/ratis/f44540f4-192f-4905-ad79-e78588f04dbb for RaftStorage:Storage Directory /workdir/hadoop-ozone/integration-test/target/test-dir/MiniOzoneClusterImpl-048a2d1c-ec68-42a5-b9aa-3373df324185/datanode-0/data/ratis/f44540f4-192f-4905-ad79-e78588f04dbb
2019-09-19 04:00:48,745 [pool-439-thread-1] INFO  server.RaftServerConfigKeys (ConfUtils.java:logGet(43)) - raft.server.log.queue.byte-limit = 2147483647 (custom)
2019-09-19 04:00:48,745 [pool-439-thread-1] INFO  server.RaftServerConfigKeys (ConfUtils.java:logGet(43)) - raft.server.log.queue.element-limit = 1024 (custom)
2019-09-19 04:00:48,745 [pool-439-thread-1] INFO  server.RaftServerConfigKeys (ConfUtils.java:logGet(43)) - raft.server.log.segment.size.max = 1048576 (custom)
2019-09-19 04:00:48,745 [pool-439-thread-1] INFO  server.RaftServerConfigKeys (ConfUtils.java:logGet(43)) - raft.server.log.preallocated.size = 16384 (custom)
2019-09-19 04:00:48,746 [pool-439-thread-1] INFO  server.RaftServerConfigKeys (ConfUtils.java:logGet(43)) - raft.server.log.write.buffer.size = 33554432 (custom)
2019-09-19 04:00:48,746 [pool-439-thread-1] INFO  server.RaftServerConfigKeys (ConfUtils.java:logGet(43)) - raft.server.log.force.sync.num = 128 (default)
2019-09-19 04:00:48,746 [pool-439-thread-1] INFO  server.RaftServerConfigKeys (ConfUtils.java:logGet(43)) - raft.server.log.statemachine.data.sync = true (default)
2019-09-19 04:00:48,746 [pool-439-thread-1] INFO  server.RaftServerConfigKeys (ConfUtils.java:logGet(43)) - raft.server.log.statemachine.data.sync.timeout = 10s (default)
2019-09-19 04:00:48,746 [pool-439-thread-1] INFO  server.RaftServerConfigKeys (ConfUtils.java:logGet(43)) - raft.server.log.statemachine.data.sync.timeout.retry = -1 (default)
2019-09-19 04:00:48,746 [pool-439-thread-1] INFO  server.RaftServerConfigKeys (ConfUtils.java:logGet(43)) - raft.server.log.statemachine.data.caching.enabled = true (custom)
2019-09-19 04:00:48,746 [pool-439-thread-1] INFO  segmented.SegmentedRaftLogWorker (SegmentedRaftLogWorker.java:lambda$new$0(132)) - d25e7fda-9a8e-4bab-8cc8-b0b4dcdb8785-SegmentedRaftLogWorker:Storage Directory /workdir/hadoop-ozone/integration-test/target/test-dir/MiniOzoneClusterImpl-048a2d1c-ec68-42a5-b9aa-3373df324185/datanode-0/data/ratis/f44540f4-192f-4905-ad79-e78588f04dbb: flushIndex: setUnconditionally 0 -> -1
2019-09-19 04:00:48,747 [pool-439-thread-1] INFO  server.RaftServerConfigKeys (ConfUtils.java:logGet(43)) - raft.server.snapshot.auto.trigger.enabled = true (custom)
2019-09-19 04:00:48,747 [pool-439-thread-1] INFO  server.RaftServerConfigKeys (ConfUtils.java:logGet(43)) - raft.server.snapshot.auto.trigger.threshold = 10000 (custom)
2019-09-19 04:00:48,747 [pool-439-thread-1] INFO  server.RaftServerConfigKeys (ConfUtils.java:logGet(43)) - raft.server.retrycache.expirytime = 600000ms (custom)
2019-09-19 04:00:48,747 [pool-439-thread-1] INFO  impl.RaftServerImpl (RaftServerImpl.java:start(180)) - d25e7fda-9a8e-4bab-8cc8-b0b4dcdb8785: start group-E78588F04DBB
2019-09-19 04:00:48,747 [pool-439-thread-1] INFO  impl.RaftServerImpl (RaftServerImpl.java:setRole(171)) - d25e7fda-9a8e-4bab-8cc8-b0b4dcdb8785:group-E78588F04DBB changes role from null to FOLLOWER at term 0 for startAsFollower
2019-09-19 04:00:48,747 [pool-439-thread-1] INFO  impl.RoleInfo (RoleInfo.java:updateAndGet(143)) - d25e7fda-9a8e-4bab-8cc8-b0b4dcdb8785: start FollowerState
2019-09-19 04:00:48,748 [pool-439-thread-1] INFO  util.JmxRegister (JmxRegister.java:tryRegister(44)) - Successfully registered JMX Bean with object name Ratis:service=RaftServer,group=group-E78588F04DBB,id=d25e7fda-9a8e-4bab-8cc8-b0b4dcdb8785
2019-09-19 04:00:48,750 [Command processor thread] INFO  commandhandler.CreatePipelineCommandHandler (CreatePipelineCommandHandler.java:handle(112)) - Create Pipeline RATIS THREE #PipelineID=f44540f4-192f-4905-ad79-e78588f04dbb command succeed on datanode d25e7fda-9a8e-4bab-8cc8-b0b4dcdb8785.
2019-09-19 04:00:48,848 | INFO  | SCMAudit | user=jenkins1000 | ip=192.168.34.50 | op=SEND_HEARTBEAT {datanodeUUID=3e5711c1-8fa4-42b5-a674-46644d3368a7, command=[commandType: createPipelineCommand createPipelineCommandProto { pipelineID { id: "fcc36b2c-eb97-46e2-8b3a-4f929088e8b4" } type: RATIS factor: ONE datanode { uuid: "3e5711c1-8fa4-42b5-a674-46644d3368a7" ipAddress: "192.168.34.50" hostName: "pr-hdds-2034-srnhl-2452957315" ports { name: "REST" value: 39727 } ports { name: "RATIS" value: 46036 } ports { name: "STANDALONE" value: 38601 } networkName: "3e5711c1-8fa4-42b5-a674-46644d3368a7" networkLocation: "/default-rack" } cmdId: 1568865094433 } , commandType: createPipelineCommand createPipelineCommandProto { pipelineID { id: "0e965e4f-9d18-40ec-afec-2b25f1690fa2" } type: RATIS factor: THREE datanode { uuid: "948582b7-4442-4302-80ff-48806e2acd06" ipAddress: "192.168.34.50" hostName: "pr-hdds-2034-srnhl-2452957315" ports { name: "REST" value: 36532 } ports { name: "RATIS" value: 34040 } ports { name: "STANDALONE" value: 43620 } networkName: "948582b7-4442-4302-80ff-48806e2acd06" networkLocation: "/default-rack" } datanode { uuid: "3e5711c1-8fa4-42b5-a674-46644d3368a7" ipAddress: "192.168.34.50" hostName: "pr-hdds-2034-srnhl-2452957315" ports { name: "REST" value: 39727 } ports { name: "RATIS" value: 46036 } ports { name: "STANDALONE" value: 38601 } networkName: "3e5711c1-8fa4-42b5-a674-46644d3368a7" networkLocation: "/default-rack" } datanode { uuid: "9845fec9-8f77-40ec-bd33-538f1e6b668f" ipAddress: "192.168.34.50" hostName: "pr-hdds-2034-srnhl-2452957315" ports { name: "REST" value: 34115 } ports { name: "RATIS" value: 39666 } ports { name: "STANDALONE" value: 45781 } networkName: "9845fec9-8f77-40ec-bd33-538f1e6b668f" networkLocation: "/default-rack" } cmdId: 1568865094435 } ]} | ret=SUCCESS |  
2019-09-19 04:00:48,856 | INFO  | SCMAudit | user=jenkins1000 | ip=192.168.34.50 | op=SEND_HEARTBEAT {datanodeUUID=d3468b2f-addf-437d-a2ce-dcff5006d770, command=[]} | ret=SUCCESS |  
2019-09-19 04:00:48,865 [grpc-default-executor-6] INFO  impl.RaftServerProxy (RaftServerProxy.java:addNew(89)) - d3468b2f-addf-437d-a2ce-dcff5006d770: addNew group-97C6CE44B821:[d3468b2f-addf-437d-a2ce-dcff5006d770:192.168.34.50:41385] returns group-97C6CE44B821:java.util.concurrent.CompletableFuture@11d8d7b1[Not completed]
2019-09-19 04:00:48,866 [pool-450-thread-1] INFO  impl.RaftServerImpl (RaftServerImpl.java:<init>(93)) - d3468b2f-addf-437d-a2ce-dcff5006d770: new RaftServerImpl for group-97C6CE44B821:[d3468b2f-addf-437d-a2ce-dcff5006d770:192.168.34.50:41385] with ContainerStateMachine:uninitialized
2019-09-19 04:00:48,866 [pool-450-thread-1] INFO  server.RaftServerConfigKeys (ConfUtils.java:logGet(43)) - raft.server.rpc.timeout.min = 5s (custom)
2019-09-19 04:00:48,866 [pool-450-thread-1] INFO  server.RaftServerConfigKeys (ConfUtils.java:logGet(43)) - raft.server.rpc.timeout.max = 5200ms (custom)
2019-09-19 04:00:48,867 [pool-450-thread-1] INFO  server.RaftServerConfigKeys (ConfUtils.java:logGet(43)) - raft.server.rpcslowness.timeout = 120s (custom)
2019-09-19 04:00:48,867 [pool-450-thread-1] INFO  server.RaftServerConfigKeys (ConfUtils.java:logGet(43)) - raft.server.sleep.deviation.threshold = 300 (default)
2019-09-19 04:00:48,867 [pool-450-thread-1] INFO  server.RaftServerConfigKeys (ConfUtils.java:logGet(43)) - raft.server.log.appender.install.snapshot.enabled = false (custom)
2019-09-19 04:00:48,867 [pool-450-thread-1] INFO  impl.RaftServerImpl (ServerState.java:<init>(105)) - d3468b2f-addf-437d-a2ce-dcff5006d770:group-97C6CE44B821 ConfigurationManager, init=-1: [d3468b2f-addf-437d-a2ce-dcff5006d770:192.168.34.50:41385], old=null, confs=<EMPTY_MAP>
2019-09-19 04:00:48,867 [pool-450-thread-1] INFO  server.RaftServerConfigKeys (ConfUtils.java:logGet(43)) - raft.server.storage.dir = [/workdir/hadoop-ozone/integration-test/target/test-dir/MiniOzoneClusterImpl-048a2d1c-ec68-42a5-b9aa-3373df324185/datanode-1/data/ratis] (custom)
2019-09-19 04:00:48,868 [pool-450-thread-1] INFO  storage.RaftStorageDirectory (RaftStorageDirectory.java:analyzeStorage(246)) - The storage directory /workdir/hadoop-ozone/integration-test/target/test-dir/MiniOzoneClusterImpl-048a2d1c-ec68-42a5-b9aa-3373df324185/datanode-1/data/ratis/efb1a84a-0f05-464b-88aa-97c6ce44b821 does not exist. Creating ...
2019-09-19 04:00:48,881 [pool-450-thread-1] INFO  storage.RaftStorageDirectory (RaftStorageDirectory.java:tryLock(328)) - Lock on /workdir/hadoop-ozone/integration-test/target/test-dir/MiniOzoneClusterImpl-048a2d1c-ec68-42a5-b9aa-3373df324185/datanode-1/data/ratis/efb1a84a-0f05-464b-88aa-97c6ce44b821/in_use.lock acquired by nodename 12279@pr-hdds-2034-srnhl-2452957315
2019-09-19 04:00:48,895 [pool-450-thread-1] INFO  storage.RaftStorage (RaftStorage.java:format(72)) - Storage directory /workdir/hadoop-ozone/integration-test/target/test-dir/MiniOzoneClusterImpl-048a2d1c-ec68-42a5-b9aa-3373df324185/datanode-1/data/ratis/efb1a84a-0f05-464b-88aa-97c6ce44b821 has been successfully formatted.
2019-09-19 04:00:48,895 [pool-450-thread-1] INFO  ratis.ContainerStateMachine (ContainerStateMachine.java:loadSnapshot(226)) - group-97C6CE44B821: The snapshot info is null. Setting the last applied indexto:(t:0, i:~)
2019-09-19 04:00:48,895 [pool-450-thread-1] INFO  server.RaftServerConfigKeys (ConfUtils.java:logGet(43)) - raft.server.leader.election.timeout = 120s (custom)
2019-09-19 04:00:48,896 [pool-450-thread-1] INFO  server.RaftServerConfigKeys (ConfUtils.java:logGet(43)) - raft.server.log.use.memory = false (default)
2019-09-19 04:00:48,896 [pool-450-thread-1] INFO  server.RaftServerConfigKeys (ConfUtils.java:logGet(43)) - raft.server.log.purge.gap = 1000000 (custom)
2019-09-19 04:00:48,896 [pool-450-thread-1] INFO  server.RaftServerConfigKeys (ConfUtils.java:logGet(43)) - raft.server.log.appender.buffer.byte-limit = 33554432 (custom)
2019-09-19 04:00:48,896 [pool-450-thread-1] INFO  server.RaftServerConfigKeys (ConfUtils.java:logGet(43)) - raft.server.log.segment.size.max = 1048576 (custom)
2019-09-19 04:00:48,896 [pool-450-thread-1] INFO  server.RaftServerConfigKeys (ConfUtils.java:logGet(43)) - raft.server.log.segment.cache.num.max = 2 (custom)
2019-09-19 04:00:48,896 [pool-450-thread-1] INFO  segmented.SegmentedRaftLogWorker (SegmentedRaftLogWorker.java:<init>(172)) - new d3468b2f-addf-437d-a2ce-dcff5006d770-SegmentedRaftLogWorker:Storage Directory /workdir/hadoop-ozone/integration-test/target/test-dir/MiniOzoneClusterImpl-048a2d1c-ec68-42a5-b9aa-3373df324185/datanode-1/data/ratis/efb1a84a-0f05-464b-88aa-97c6ce44b821 for RaftStorage:Storage Directory /workdir/hadoop-ozone/integration-test/target/test-dir/MiniOzoneClusterImpl-048a2d1c-ec68-42a5-b9aa-3373df324185/datanode-1/data/ratis/efb1a84a-0f05-464b-88aa-97c6ce44b821
2019-09-19 04:00:48,897 [pool-450-thread-1] INFO  server.RaftServerConfigKeys (ConfUtils.java:logGet(43)) - raft.server.log.queue.byte-limit = 2147483647 (custom)
2019-09-19 04:00:48,897 [pool-450-thread-1] INFO  server.RaftServerConfigKeys (ConfUtils.java:logGet(43)) - raft.server.log.queue.element-limit = 1024 (custom)
2019-09-19 04:00:48,897 [pool-450-thread-1] INFO  server.RaftServerConfigKeys (ConfUtils.java:logGet(43)) - raft.server.log.segment.size.max = 1048576 (custom)
2019-09-19 04:00:48,897 [pool-450-thread-1] INFO  server.RaftServerConfigKeys (ConfUtils.java:logGet(43)) - raft.server.log.preallocated.size = 16384 (custom)
2019-09-19 04:00:48,898 [pool-450-thread-1] INFO  server.RaftServerConfigKeys (ConfUtils.java:logGet(43)) - raft.server.log.write.buffer.size = 33554432 (custom)
2019-09-19 04:00:48,898 [pool-450-thread-1] INFO  server.RaftServerConfigKeys (ConfUtils.java:logGet(43)) - raft.server.log.force.sync.num = 128 (default)
2019-09-19 04:00:48,898 [pool-450-thread-1] INFO  server.RaftServerConfigKeys (ConfUtils.java:logGet(43)) - raft.server.log.statemachine.data.sync = true (default)
2019-09-19 04:00:48,898 [pool-450-thread-1] INFO  server.RaftServerConfigKeys (ConfUtils.java:logGet(43)) - raft.server.log.statemachine.data.sync.timeout = 10s (default)
2019-09-19 04:00:48,898 [pool-450-thread-1] INFO  server.RaftServerConfigKeys (ConfUtils.java:logGet(43)) - raft.server.log.statemachine.data.sync.timeout.retry = -1 (default)
2019-09-19 04:00:48,898 [pool-450-thread-1] INFO  server.RaftServerConfigKeys (ConfUtils.java:logGet(43)) - raft.server.log.statemachine.data.caching.enabled = true (custom)
2019-09-19 04:00:48,899 [pool-450-thread-1] INFO  segmented.SegmentedRaftLogWorker (SegmentedRaftLogWorker.java:lambda$new$0(132)) - d3468b2f-addf-437d-a2ce-dcff5006d770-SegmentedRaftLogWorker:Storage Directory /workdir/hadoop-ozone/integration-test/target/test-dir/MiniOzoneClusterImpl-048a2d1c-ec68-42a5-b9aa-3373df324185/datanode-1/data/ratis/efb1a84a-0f05-464b-88aa-97c6ce44b821: flushIndex: setUnconditionally 0 -> -1
2019-09-19 04:00:48,899 [pool-450-thread-1] INFO  server.RaftServerConfigKeys (ConfUtils.java:logGet(43)) - raft.server.snapshot.auto.trigger.enabled = true (custom)
2019-09-19 04:00:48,899 [pool-450-thread-1] INFO  server.RaftServerConfigKeys (ConfUtils.java:logGet(43)) - raft.server.snapshot.auto.trigger.threshold = 10000 (custom)
2019-09-19 04:00:48,899 [pool-450-thread-1] INFO  server.RaftServerConfigKeys (ConfUtils.java:logGet(43)) - raft.server.retrycache.expirytime = 600000ms (custom)
2019-09-19 04:00:48,900 [pool-450-thread-1] INFO  impl.RaftServerImpl (RaftServerImpl.java:start(180)) - d3468b2f-addf-437d-a2ce-dcff5006d770: start group-97C6CE44B821
2019-09-19 04:00:48,900 [pool-450-thread-1] INFO  impl.RaftServerImpl (RaftServerImpl.java:setRole(171)) - d3468b2f-addf-437d-a2ce-dcff5006d770:group-97C6CE44B821 changes role from null to FOLLOWER at term 0 for startAsFollower
2019-09-19 04:00:48,900 [pool-450-thread-1] INFO  impl.RoleInfo (RoleInfo.java:updateAndGet(143)) - d3468b2f-addf-437d-a2ce-dcff5006d770: start FollowerState
2019-09-19 04:00:48,900 [pool-450-thread-1] INFO  util.JmxRegister (JmxRegister.java:tryRegister(44)) - Successfully registered JMX Bean with object name Ratis:service=RaftServer,group=group-97C6CE44B821,id=d3468b2f-addf-437d-a2ce-dcff5006d770
2019-09-19 04:00:48,902 [Command processor thread] INFO  commandhandler.CreatePipelineCommandHandler (CreatePipelineCommandHandler.java:handle(112)) - Create Pipeline RATIS ONE #PipelineID=efb1a84a-0f05-464b-88aa-97c6ce44b821 command succeed on datanode d3468b2f-addf-437d-a2ce-dcff5006d770.
2019-09-19 04:00:48,909 [grpc-default-executor-6] INFO  impl.RaftServerProxy (RaftServerProxy.java:addNew(89)) - d3468b2f-addf-437d-a2ce-dcff5006d770: addNew group-E78588F04DBB:[87042b6f-033e-4b4e-b209-b9cca192af80:192.168.34.50:39314, d3468b2f-addf-437d-a2ce-dcff5006d770:192.168.34.50:41385, d25e7fda-9a8e-4bab-8cc8-b0b4dcdb8785:192.168.34.50:45400] returns group-E78588F04DBB:java.util.concurrent.CompletableFuture@f0a2835[Not completed]
2019-09-19 04:00:48,910 [pool-450-thread-1] INFO  impl.RaftServerImpl (RaftServerImpl.java:<init>(93)) - d3468b2f-addf-437d-a2ce-dcff5006d770: new RaftServerImpl for group-E78588F04DBB:[87042b6f-033e-4b4e-b209-b9cca192af80:192.168.34.50:39314, d3468b2f-addf-437d-a2ce-dcff5006d770:192.168.34.50:41385, d25e7fda-9a8e-4bab-8cc8-b0b4dcdb8785:192.168.34.50:45400] with ContainerStateMachine:uninitialized
2019-09-19 04:00:48,910 [pool-450-thread-1] INFO  server.RaftServerConfigKeys (ConfUtils.java:logGet(43)) - raft.server.rpc.timeout.min = 5s (custom)
2019-09-19 04:00:48,910 [pool-450-thread-1] INFO  server.RaftServerConfigKeys (ConfUtils.java:logGet(43)) - raft.server.rpc.timeout.max = 5200ms (custom)
2019-09-19 04:00:48,911 [pool-450-thread-1] INFO  server.RaftServerConfigKeys (ConfUtils.java:logGet(43)) - raft.server.rpcslowness.timeout = 120s (custom)
2019-09-19 04:00:48,911 [pool-450-thread-1] INFO  server.RaftServerConfigKeys (ConfUtils.java:logGet(43)) - raft.server.sleep.deviation.threshold = 300 (default)
2019-09-19 04:00:48,911 [pool-450-thread-1] INFO  server.RaftServerConfigKeys (ConfUtils.java:logGet(43)) - raft.server.log.appender.install.snapshot.enabled = false (custom)
2019-09-19 04:00:48,911 [pool-450-thread-1] INFO  impl.RaftServerImpl (ServerState.java:<init>(105)) - d3468b2f-addf-437d-a2ce-dcff5006d770:group-E78588F04DBB ConfigurationManager, init=-1: [87042b6f-033e-4b4e-b209-b9cca192af80:192.168.34.50:39314, d3468b2f-addf-437d-a2ce-dcff5006d770:192.168.34.50:41385, d25e7fda-9a8e-4bab-8cc8-b0b4dcdb8785:192.168.34.50:45400], old=null, confs=<EMPTY_MAP>
2019-09-19 04:00:48,911 [pool-450-thread-1] INFO  server.RaftServerConfigKeys (ConfUtils.java:logGet(43)) - raft.server.storage.dir = [/workdir/hadoop-ozone/integration-test/target/test-dir/MiniOzoneClusterImpl-048a2d1c-ec68-42a5-b9aa-3373df324185/datanode-1/data/ratis] (custom)
2019-09-19 04:00:48,911 [pool-450-thread-1] INFO  storage.RaftStorageDirectory (RaftStorageDirectory.java:analyzeStorage(246)) - The storage directory /workdir/hadoop-ozone/integration-test/target/test-dir/MiniOzoneClusterImpl-048a2d1c-ec68-42a5-b9aa-3373df324185/datanode-1/data/ratis/f44540f4-192f-4905-ad79-e78588f04dbb does not exist. Creating ...
2019-09-19 04:00:48,924 [pool-450-thread-1] INFO  storage.RaftStorageDirectory (RaftStorageDirectory.java:tryLock(328)) - Lock on /workdir/hadoop-ozone/integration-test/target/test-dir/MiniOzoneClusterImpl-048a2d1c-ec68-42a5-b9aa-3373df324185/datanode-1/data/ratis/f44540f4-192f-4905-ad79-e78588f04dbb/in_use.lock acquired by nodename 12279@pr-hdds-2034-srnhl-2452957315
2019-09-19 04:00:48,938 [pool-450-thread-1] INFO  storage.RaftStorage (RaftStorage.java:format(72)) - Storage directory /workdir/hadoop-ozone/integration-test/target/test-dir/MiniOzoneClusterImpl-048a2d1c-ec68-42a5-b9aa-3373df324185/datanode-1/data/ratis/f44540f4-192f-4905-ad79-e78588f04dbb has been successfully formatted.
2019-09-19 04:00:48,938 [pool-450-thread-1] INFO  ratis.ContainerStateMachine (ContainerStateMachine.java:loadSnapshot(226)) - group-E78588F04DBB: The snapshot info is null. Setting the last applied indexto:(t:0, i:~)
2019-09-19 04:00:48,938 [pool-450-thread-1] INFO  server.RaftServerConfigKeys (ConfUtils.java:logGet(43)) - raft.server.leader.election.timeout = 120s (custom)
2019-09-19 04:00:48,939 [pool-450-thread-1] INFO  server.RaftServerConfigKeys (ConfUtils.java:logGet(43)) - raft.server.log.use.memory = false (default)
2019-09-19 04:00:48,939 [pool-450-thread-1] INFO  server.RaftServerConfigKeys (ConfUtils.java:logGet(43)) - raft.server.log.purge.gap = 1000000 (custom)
2019-09-19 04:00:48,939 [pool-450-thread-1] INFO  server.RaftServerConfigKeys (ConfUtils.java:logGet(43)) - raft.server.log.appender.buffer.byte-limit = 33554432 (custom)
2019-09-19 04:00:48,939 [pool-450-thread-1] INFO  server.RaftServerConfigKeys (ConfUtils.java:logGet(43)) - raft.server.log.segment.size.max = 1048576 (custom)
2019-09-19 04:00:48,939 [pool-450-thread-1] INFO  server.RaftServerConfigKeys (ConfUtils.java:logGet(43)) - raft.server.log.segment.cache.num.max = 2 (custom)
2019-09-19 04:00:48,939 [pool-450-thread-1] INFO  segmented.SegmentedRaftLogWorker (SegmentedRaftLogWorker.java:<init>(172)) - new d3468b2f-addf-437d-a2ce-dcff5006d770-SegmentedRaftLogWorker:Storage Directory /workdir/hadoop-ozone/integration-test/target/test-dir/MiniOzoneClusterImpl-048a2d1c-ec68-42a5-b9aa-3373df324185/datanode-1/data/ratis/f44540f4-192f-4905-ad79-e78588f04dbb for RaftStorage:Storage Directory /workdir/hadoop-ozone/integration-test/target/test-dir/MiniOzoneClusterImpl-048a2d1c-ec68-42a5-b9aa-3373df324185/datanode-1/data/ratis/f44540f4-192f-4905-ad79-e78588f04dbb
2019-09-19 04:00:48,939 [pool-450-thread-1] INFO  server.RaftServerConfigKeys (ConfUtils.java:logGet(43)) - raft.server.log.queue.byte-limit = 2147483647 (custom)
2019-09-19 04:00:48,940 [pool-450-thread-1] INFO  server.RaftServerConfigKeys (ConfUtils.java:logGet(43)) - raft.server.log.queue.element-limit = 1024 (custom)
2019-09-19 04:00:48,940 [pool-450-thread-1] INFO  server.RaftServerConfigKeys (ConfUtils.java:logGet(43)) - raft.server.log.segment.size.max = 1048576 (custom)
2019-09-19 04:00:48,940 [pool-450-thread-1] INFO  server.RaftServerConfigKeys (ConfUtils.java:logGet(43)) - raft.server.log.preallocated.size = 16384 (custom)
2019-09-19 04:00:48,940 [pool-450-thread-1] INFO  server.RaftServerConfigKeys (ConfUtils.java:logGet(43)) - raft.server.log.write.buffer.size = 33554432 (custom)
2019-09-19 04:00:48,940 [pool-450-thread-1] INFO  server.RaftServerConfigKeys (ConfUtils.java:logGet(43)) - raft.server.log.force.sync.num = 128 (default)
2019-09-19 04:00:48,940 [pool-450-thread-1] INFO  server.RaftServerConfigKeys (ConfUtils.java:logGet(43)) - raft.server.log.statemachine.data.sync = true (default)
2019-09-19 04:00:48,940 [pool-450-thread-1] INFO  server.RaftServerConfigKeys (ConfUtils.java:logGet(43)) - raft.server.log.statemachine.data.sync.timeout = 10s (default)
2019-09-19 04:00:48,940 [pool-450-thread-1] INFO  server.RaftServerConfigKeys (ConfUtils.java:logGet(43)) - raft.server.log.statemachine.data.sync.timeout.retry = -1 (default)
2019-09-19 04:00:48,941 [pool-450-thread-1] INFO  server.RaftServerConfigKeys (ConfUtils.java:logGet(43)) - raft.server.log.statemachine.data.caching.enabled = true (custom)
2019-09-19 04:00:48,941 [pool-450-thread-1] INFO  segmented.SegmentedRaftLogWorker (SegmentedRaftLogWorker.java:lambda$new$0(132)) - d3468b2f-addf-437d-a2ce-dcff5006d770-SegmentedRaftLogWorker:Storage Directory /workdir/hadoop-ozone/integration-test/target/test-dir/MiniOzoneClusterImpl-048a2d1c-ec68-42a5-b9aa-3373df324185/datanode-1/data/ratis/f44540f4-192f-4905-ad79-e78588f04dbb: flushIndex: setUnconditionally 0 -> -1
2019-09-19 04:00:48,941 [pool-450-thread-1] INFO  server.RaftServerConfigKeys (ConfUtils.java:logGet(43)) - raft.server.snapshot.auto.trigger.enabled = true (custom)
2019-09-19 04:00:48,941 [pool-450-thread-1] INFO  server.RaftServerConfigKeys (ConfUtils.java:logGet(43)) - raft.server.snapshot.auto.trigger.threshold = 10000 (custom)
2019-09-19 04:00:48,942 [pool-450-thread-1] INFO  server.RaftServerConfigKeys (ConfUtils.java:logGet(43)) - raft.server.retrycache.expirytime = 600000ms (custom)
2019-09-19 04:00:48,942 [pool-450-thread-1] INFO  impl.RaftServerImpl (RaftServerImpl.java:start(180)) - d3468b2f-addf-437d-a2ce-dcff5006d770: start group-E78588F04DBB
2019-09-19 04:00:48,942 [pool-450-thread-1] INFO  impl.RaftServerImpl (RaftServerImpl.java:setRole(171)) - d3468b2f-addf-437d-a2ce-dcff5006d770:group-E78588F04DBB changes role from null to FOLLOWER at term 0 for startAsFollower
2019-09-19 04:00:48,942 [pool-450-thread-1] INFO  impl.RoleInfo (RoleInfo.java:updateAndGet(143)) - d3468b2f-addf-437d-a2ce-dcff5006d770: start FollowerState
2019-09-19 04:00:48,956 [pool-450-thread-1] INFO  util.JmxRegister (JmxRegister.java:tryRegister(44)) - Successfully registered JMX Bean with object name Ratis:service=RaftServer,group=group-E78588F04DBB,id=d3468b2f-addf-437d-a2ce-dcff5006d770
2019-09-19 04:00:48,968 [Command processor thread] INFO  commandhandler.CreatePipelineCommandHandler (CreatePipelineCommandHandler.java:handle(112)) - Create Pipeline RATIS THREE #PipelineID=f44540f4-192f-4905-ad79-e78588f04dbb command succeed on datanode d3468b2f-addf-437d-a2ce-dcff5006d770.
2019-09-19 04:00:49,119 | INFO  | SCMAudit | user=jenkins1000 | ip=192.168.34.50 | op=SEND_HEARTBEAT {datanodeUUID=948582b7-4442-4302-80ff-48806e2acd06, command=[commandType: createPipelineCommand createPipelineCommandProto { pipelineID { id: "4b9e365c-cbf8-417b-9633-4a61c58abff6" } type: RATIS factor: ONE datanode { uuid: "948582b7-4442-4302-80ff-48806e2acd06" ipAddress: "192.168.34.50" hostName: "pr-hdds-2034-srnhl-2452957315" ports { name: "REST" value: 36532 } ports { name: "RATIS" value: 34040 } ports { name: "STANDALONE" value: 43620 } networkName: "948582b7-4442-4302-80ff-48806e2acd06" networkLocation: "/default-rack" } cmdId: 1568865094434 } , commandType: createPipelineCommand createPipelineCommandProto { pipelineID { id: "0e965e4f-9d18-40ec-afec-2b25f1690fa2" } type: RATIS factor: THREE datanode { uuid: "948582b7-4442-4302-80ff-48806e2acd06" ipAddress: "192.168.34.50" hostName: "pr-hdds-2034-srnhl-2452957315" ports { name: "REST" value: 36532 } ports { name: "RATIS" value: 34040 } ports { name: "STANDALONE" value: 43620 } networkName: "948582b7-4442-4302-80ff-48806e2acd06" networkLocation: "/default-rack" } datanode { uuid: "3e5711c1-8fa4-42b5-a674-46644d3368a7" ipAddress: "192.168.34.50" hostName: "pr-hdds-2034-srnhl-2452957315" ports { name: "REST" value: 39727 } ports { name: "RATIS" value: 46036 } ports { name: "STANDALONE" value: 38601 } networkName: "3e5711c1-8fa4-42b5-a674-46644d3368a7" networkLocation: "/default-rack" } datanode { uuid: "9845fec9-8f77-40ec-bd33-538f1e6b668f" ipAddress: "192.168.34.50" hostName: "pr-hdds-2034-srnhl-2452957315" ports { name: "REST" value: 34115 } ports { name: "RATIS" value: 39666 } ports { name: "STANDALONE" value: 45781 } networkName: "9845fec9-8f77-40ec-bd33-538f1e6b668f" networkLocation: "/default-rack" } cmdId: 1568865094435 } ]} | ret=SUCCESS |  
2019-09-19 04:00:49,377 | INFO  | SCMAudit | user=jenkins1000 | ip=192.168.34.50 | op=SEND_HEARTBEAT {datanodeUUID=87042b6f-033e-4b4e-b209-b9cca192af80, command=[]} | ret=SUCCESS |  
2019-09-19 04:00:49,385 [grpc-default-executor-6] INFO  impl.RaftServerProxy (RaftServerProxy.java:addNew(89)) - 87042b6f-033e-4b4e-b209-b9cca192af80: addNew group-8FECD5FBCB53:[87042b6f-033e-4b4e-b209-b9cca192af80:192.168.34.50:39314] returns group-8FECD5FBCB53:java.util.concurrent.CompletableFuture@3a2e94b[Not completed]
2019-09-19 04:00:49,386 | INFO  | SCMAudit | user=jenkins1000 | ip=192.168.34.50 | op=SEND_HEARTBEAT {datanodeUUID=164f4f1a-4ae3-4926-8bd0-17aa2d0a97c2, command=[commandType: createPipelineCommand createPipelineCommandProto { pipelineID { id: "f09e861e-3c31-4b45-81e8-73833cd13017" } type: RATIS factor: ONE datanode { uuid: "164f4f1a-4ae3-4926-8bd0-17aa2d0a97c2" ipAddress: "192.168.34.50" hostName: "pr-hdds-2034-srnhl-2452957315" ports { name: "REST" value: 38214 } ports { name: "RATIS" value: 32852 } ports { name: "STANDALONE" value: 40037 } networkName: "164f4f1a-4ae3-4926-8bd0-17aa2d0a97c2" networkLocation: "/default-rack" } cmdId: 1568865094436 } ]} | ret=SUCCESS |  
2019-09-19 04:00:49,386 [main] INFO  ozone.MiniOzoneClusterImpl (MiniOzoneClusterImpl.java:lambda$waitForClusterToBeReady$0(145)) - Nodes are ready. Got 7 of 7 DN Heartbeats.
2019-09-19 04:00:49,387 [main] INFO  ozone.MiniOzoneClusterImpl (MiniOzoneClusterImpl.java:lambda$waitForClusterToBeReady$0(148)) - Waiting for cluster to exit safe mode
2019-09-19 04:00:49,389 [pool-461-thread-1] INFO  impl.RaftServerImpl (RaftServerImpl.java:<init>(93)) - 87042b6f-033e-4b4e-b209-b9cca192af80: new RaftServerImpl for group-8FECD5FBCB53:[87042b6f-033e-4b4e-b209-b9cca192af80:192.168.34.50:39314] with ContainerStateMachine:uninitialized
2019-09-19 04:00:49,389 [pool-461-thread-1] INFO  server.RaftServerConfigKeys (ConfUtils.java:logGet(43)) - raft.server.rpc.timeout.min = 5s (custom)
2019-09-19 04:00:49,389 [pool-461-thread-1] INFO  server.RaftServerConfigKeys (ConfUtils.java:logGet(43)) - raft.server.rpc.timeout.max = 5200ms (custom)
2019-09-19 04:00:49,389 [pool-461-thread-1] INFO  server.RaftServerConfigKeys (ConfUtils.java:logGet(43)) - raft.server.rpcslowness.timeout = 120s (custom)
2019-09-19 04:00:49,389 [pool-461-thread-1] INFO  server.RaftServerConfigKeys (ConfUtils.java:logGet(43)) - raft.server.sleep.deviation.threshold = 300 (default)
2019-09-19 04:00:49,389 [pool-461-thread-1] INFO  server.RaftServerConfigKeys (ConfUtils.java:logGet(43)) - raft.server.log.appender.install.snapshot.enabled = false (custom)
2019-09-19 04:00:49,389 [pool-461-thread-1] INFO  impl.RaftServerImpl (ServerState.java:<init>(105)) - 87042b6f-033e-4b4e-b209-b9cca192af80:group-8FECD5FBCB53 ConfigurationManager, init=-1: [87042b6f-033e-4b4e-b209-b9cca192af80:192.168.34.50:39314], old=null, confs=<EMPTY_MAP>
2019-09-19 04:00:49,390 [pool-461-thread-1] INFO  server.RaftServerConfigKeys (ConfUtils.java:logGet(43)) - raft.server.storage.dir = [/workdir/hadoop-ozone/integration-test/target/test-dir/MiniOzoneClusterImpl-048a2d1c-ec68-42a5-b9aa-3373df324185/datanode-2/data/ratis] (custom)
2019-09-19 04:00:49,390 [pool-461-thread-1] INFO  storage.RaftStorageDirectory (RaftStorageDirectory.java:analyzeStorage(246)) - The storage directory /workdir/hadoop-ozone/integration-test/target/test-dir/MiniOzoneClusterImpl-048a2d1c-ec68-42a5-b9aa-3373df324185/datanode-2/data/ratis/07afbc74-e76e-4eec-8d40-8fecd5fbcb53 does not exist. Creating ...
2019-09-19 04:00:49,395 [pool-461-thread-1] INFO  storage.RaftStorageDirectory (RaftStorageDirectory.java:tryLock(328)) - Lock on /workdir/hadoop-ozone/integration-test/target/test-dir/MiniOzoneClusterImpl-048a2d1c-ec68-42a5-b9aa-3373df324185/datanode-2/data/ratis/07afbc74-e76e-4eec-8d40-8fecd5fbcb53/in_use.lock acquired by nodename 12279@pr-hdds-2034-srnhl-2452957315
2019-09-19 04:00:49,407 [pool-461-thread-1] INFO  storage.RaftStorage (RaftStorage.java:format(72)) - Storage directory /workdir/hadoop-ozone/integration-test/target/test-dir/MiniOzoneClusterImpl-048a2d1c-ec68-42a5-b9aa-3373df324185/datanode-2/data/ratis/07afbc74-e76e-4eec-8d40-8fecd5fbcb53 has been successfully formatted.
2019-09-19 04:00:49,408 [pool-461-thread-1] INFO  ratis.ContainerStateMachine (ContainerStateMachine.java:loadSnapshot(226)) - group-8FECD5FBCB53: The snapshot info is null. Setting the last applied indexto:(t:0, i:~)
2019-09-19 04:00:49,408 [pool-461-thread-1] INFO  server.RaftServerConfigKeys (ConfUtils.java:logGet(43)) - raft.server.leader.election.timeout = 120s (custom)
2019-09-19 04:00:49,408 [pool-461-thread-1] INFO  server.RaftServerConfigKeys (ConfUtils.java:logGet(43)) - raft.server.log.use.memory = false (default)
2019-09-19 04:00:49,409 [pool-461-thread-1] INFO  server.RaftServerConfigKeys (ConfUtils.java:logGet(43)) - raft.server.log.purge.gap = 1000000 (custom)
2019-09-19 04:00:49,409 [pool-461-thread-1] INFO  server.RaftServerConfigKeys (ConfUtils.java:logGet(43)) - raft.server.log.appender.buffer.byte-limit = 33554432 (custom)
2019-09-19 04:00:49,409 [pool-461-thread-1] INFO  server.RaftServerConfigKeys (ConfUtils.java:logGet(43)) - raft.server.log.segment.size.max = 1048576 (custom)
2019-09-19 04:00:49,409 [pool-461-thread-1] INFO  server.RaftServerConfigKeys (ConfUtils.java:logGet(43)) - raft.server.log.segment.cache.num.max = 2 (custom)
2019-09-19 04:00:49,409 [pool-461-thread-1] INFO  segmented.SegmentedRaftLogWorker (SegmentedRaftLogWorker.java:<init>(172)) - new 87042b6f-033e-4b4e-b209-b9cca192af80-SegmentedRaftLogWorker:Storage Directory /workdir/hadoop-ozone/integration-test/target/test-dir/MiniOzoneClusterImpl-048a2d1c-ec68-42a5-b9aa-3373df324185/datanode-2/data/ratis/07afbc74-e76e-4eec-8d40-8fecd5fbcb53 for RaftStorage:Storage Directory /workdir/hadoop-ozone/integration-test/target/test-dir/MiniOzoneClusterImpl-048a2d1c-ec68-42a5-b9aa-3373df324185/datanode-2/data/ratis/07afbc74-e76e-4eec-8d40-8fecd5fbcb53
2019-09-19 04:00:49,409 [pool-461-thread-1] INFO  server.RaftServerConfigKeys (ConfUtils.java:logGet(43)) - raft.server.log.queue.byte-limit = 2147483647 (custom)
2019-09-19 04:00:49,409 [pool-461-thread-1] INFO  server.RaftServerConfigKeys (ConfUtils.java:logGet(43)) - raft.server.log.queue.element-limit = 1024 (custom)
2019-09-19 04:00:49,410 [pool-461-thread-1] INFO  server.RaftServerConfigKeys (ConfUtils.java:logGet(43)) - raft.server.log.segment.size.max = 1048576 (custom)
2019-09-19 04:00:49,410 [pool-461-thread-1] INFO  server.RaftServerConfigKeys (ConfUtils.java:logGet(43)) - raft.server.log.preallocated.size = 16384 (custom)
2019-09-19 04:00:49,410 [pool-461-thread-1] INFO  server.RaftServerConfigKeys (ConfUtils.java:logGet(43)) - raft.server.log.write.buffer.size = 33554432 (custom)
2019-09-19 04:00:49,410 [pool-461-thread-1] INFO  server.RaftServerConfigKeys (ConfUtils.java:logGet(43)) - raft.server.log.force.sync.num = 128 (default)
2019-09-19 04:00:49,410 [pool-461-thread-1] INFO  server.RaftServerConfigKeys (ConfUtils.java:logGet(43)) - raft.server.log.statemachine.data.sync = true (default)
2019-09-19 04:00:49,410 [pool-461-thread-1] INFO  server.RaftServerConfigKeys (ConfUtils.java:logGet(43)) - raft.server.log.statemachine.data.sync.timeout = 10s (default)
2019-09-19 04:00:49,411 [pool-461-thread-1] INFO  server.RaftServerConfigKeys (ConfUtils.java:logGet(43)) - raft.server.log.statemachine.data.sync.timeout.retry = -1 (default)
2019-09-19 04:00:49,411 [pool-461-thread-1] INFO  server.RaftServerConfigKeys (ConfUtils.java:logGet(43)) - raft.server.log.statemachine.data.caching.enabled = true (custom)
2019-09-19 04:00:49,411 [pool-461-thread-1] INFO  segmented.SegmentedRaftLogWorker (SegmentedRaftLogWorker.java:lambda$new$0(132)) - 87042b6f-033e-4b4e-b209-b9cca192af80-SegmentedRaftLogWorker:Storage Directory /workdir/hadoop-ozone/integration-test/target/test-dir/MiniOzoneClusterImpl-048a2d1c-ec68-42a5-b9aa-3373df324185/datanode-2/data/ratis/07afbc74-e76e-4eec-8d40-8fecd5fbcb53: flushIndex: setUnconditionally 0 -> -1
2019-09-19 04:00:49,412 [pool-461-thread-1] INFO  server.RaftServerConfigKeys (ConfUtils.java:logGet(43)) - raft.server.snapshot.auto.trigger.enabled = true (custom)
2019-09-19 04:00:49,412 [pool-461-thread-1] INFO  server.RaftServerConfigKeys (ConfUtils.java:logGet(43)) - raft.server.snapshot.auto.trigger.threshold = 10000 (custom)
2019-09-19 04:00:49,412 [pool-461-thread-1] INFO  server.RaftServerConfigKeys (ConfUtils.java:logGet(43)) - raft.server.retrycache.expirytime = 600000ms (custom)
2019-09-19 04:00:49,412 [pool-461-thread-1] INFO  impl.RaftServerImpl (RaftServerImpl.java:start(180)) - 87042b6f-033e-4b4e-b209-b9cca192af80: start group-8FECD5FBCB53
2019-09-19 04:00:49,412 [pool-461-thread-1] INFO  impl.RaftServerImpl (RaftServerImpl.java:setRole(171)) - 87042b6f-033e-4b4e-b209-b9cca192af80:group-8FECD5FBCB53 changes role from null to FOLLOWER at term 0 for startAsFollower
2019-09-19 04:00:49,412 [pool-461-thread-1] INFO  impl.RoleInfo (RoleInfo.java:updateAndGet(143)) - 87042b6f-033e-4b4e-b209-b9cca192af80: start FollowerState
2019-09-19 04:00:49,413 [pool-461-thread-1] INFO  util.JmxRegister (JmxRegister.java:tryRegister(44)) - Successfully registered JMX Bean with object name Ratis:service=RaftServer,group=group-8FECD5FBCB53,id=87042b6f-033e-4b4e-b209-b9cca192af80
2019-09-19 04:00:49,415 [Command processor thread] INFO  commandhandler.CreatePipelineCommandHandler (CreatePipelineCommandHandler.java:handle(112)) - Create Pipeline RATIS ONE #PipelineID=07afbc74-e76e-4eec-8d40-8fecd5fbcb53 command succeed on datanode 87042b6f-033e-4b4e-b209-b9cca192af80.
2019-09-19 04:00:49,421 [grpc-default-executor-6] INFO  impl.RaftServerProxy (RaftServerProxy.java:addNew(89)) - 87042b6f-033e-4b4e-b209-b9cca192af80: addNew group-E78588F04DBB:[87042b6f-033e-4b4e-b209-b9cca192af80:192.168.34.50:39314, d3468b2f-addf-437d-a2ce-dcff5006d770:192.168.34.50:41385, d25e7fda-9a8e-4bab-8cc8-b0b4dcdb8785:192.168.34.50:45400] returns group-E78588F04DBB:java.util.concurrent.CompletableFuture@56ef9733[Not completed]
2019-09-19 04:00:49,422 [pool-461-thread-1] INFO  impl.RaftServerImpl (RaftServerImpl.java:<init>(93)) - 87042b6f-033e-4b4e-b209-b9cca192af80: new RaftServerImpl for group-E78588F04DBB:[87042b6f-033e-4b4e-b209-b9cca192af80:192.168.34.50:39314, d3468b2f-addf-437d-a2ce-dcff5006d770:192.168.34.50:41385, d25e7fda-9a8e-4bab-8cc8-b0b4dcdb8785:192.168.34.50:45400] with ContainerStateMachine:uninitialized
2019-09-19 04:00:49,423 [pool-461-thread-1] INFO  server.RaftServerConfigKeys (ConfUtils.java:logGet(43)) - raft.server.rpc.timeout.min = 5s (custom)
2019-09-19 04:00:49,423 [pool-461-thread-1] INFO  server.RaftServerConfigKeys (ConfUtils.java:logGet(43)) - raft.server.rpc.timeout.max = 5200ms (custom)
2019-09-19 04:00:49,423 [pool-461-thread-1] INFO  server.RaftServerConfigKeys (ConfUtils.java:logGet(43)) - raft.server.rpcslowness.timeout = 120s (custom)
2019-09-19 04:00:49,423 [pool-461-thread-1] INFO  server.RaftServerConfigKeys (ConfUtils.java:logGet(43)) - raft.server.sleep.deviation.threshold = 300 (default)
2019-09-19 04:00:49,423 [pool-461-thread-1] INFO  server.RaftServerConfigKeys (ConfUtils.java:logGet(43)) - raft.server.log.appender.install.snapshot.enabled = false (custom)
2019-09-19 04:00:49,423 [pool-461-thread-1] INFO  impl.RaftServerImpl (ServerState.java:<init>(105)) - 87042b6f-033e-4b4e-b209-b9cca192af80:group-E78588F04DBB ConfigurationManager, init=-1: [87042b6f-033e-4b4e-b209-b9cca192af80:192.168.34.50:39314, d3468b2f-addf-437d-a2ce-dcff5006d770:192.168.34.50:41385, d25e7fda-9a8e-4bab-8cc8-b0b4dcdb8785:192.168.34.50:45400], old=null, confs=<EMPTY_MAP>
2019-09-19 04:00:49,423 [pool-461-thread-1] INFO  server.RaftServerConfigKeys (ConfUtils.java:logGet(43)) - raft.server.storage.dir = [/workdir/hadoop-ozone/integration-test/target/test-dir/MiniOzoneClusterImpl-048a2d1c-ec68-42a5-b9aa-3373df324185/datanode-2/data/ratis] (custom)
2019-09-19 04:00:49,424 [pool-461-thread-1] INFO  storage.RaftStorageDirectory (RaftStorageDirectory.java:analyzeStorage(246)) - The storage directory /workdir/hadoop-ozone/integration-test/target/test-dir/MiniOzoneClusterImpl-048a2d1c-ec68-42a5-b9aa-3373df324185/datanode-2/data/ratis/f44540f4-192f-4905-ad79-e78588f04dbb does not exist. Creating ...
2019-09-19 04:00:49,456 [pool-461-thread-1] INFO  storage.RaftStorageDirectory (RaftStorageDirectory.java:tryLock(328)) - Lock on /workdir/hadoop-ozone/integration-test/target/test-dir/MiniOzoneClusterImpl-048a2d1c-ec68-42a5-b9aa-3373df324185/datanode-2/data/ratis/f44540f4-192f-4905-ad79-e78588f04dbb/in_use.lock acquired by nodename 12279@pr-hdds-2034-srnhl-2452957315
2019-09-19 04:00:49,470 [pool-461-thread-1] INFO  storage.RaftStorage (RaftStorage.java:format(72)) - Storage directory /workdir/hadoop-ozone/integration-test/target/test-dir/MiniOzoneClusterImpl-048a2d1c-ec68-42a5-b9aa-3373df324185/datanode-2/data/ratis/f44540f4-192f-4905-ad79-e78588f04dbb has been successfully formatted.
2019-09-19 04:00:49,471 [pool-461-thread-1] INFO  ratis.ContainerStateMachine (ContainerStateMachine.java:loadSnapshot(226)) - group-E78588F04DBB: The snapshot info is null. Setting the last applied indexto:(t:0, i:~)
2019-09-19 04:00:49,471 [pool-461-thread-1] INFO  server.RaftServerConfigKeys (ConfUtils.java:logGet(43)) - raft.server.leader.election.timeout = 120s (custom)
2019-09-19 04:00:49,471 [pool-461-thread-1] INFO  server.RaftServerConfigKeys (ConfUtils.java:logGet(43)) - raft.server.log.use.memory = false (default)
2019-09-19 04:00:49,471 [pool-461-thread-1] INFO  server.RaftServerConfigKeys (ConfUtils.java:logGet(43)) - raft.server.log.purge.gap = 1000000 (custom)
2019-09-19 04:00:49,471 [pool-461-thread-1] INFO  server.RaftServerConfigKeys (ConfUtils.java:logGet(43)) - raft.server.log.appender.buffer.byte-limit = 33554432 (custom)
2019-09-19 04:00:49,471 [pool-461-thread-1] INFO  server.RaftServerConfigKeys (ConfUtils.java:logGet(43)) - raft.server.log.segment.size.max = 1048576 (custom)
2019-09-19 04:00:49,472 [pool-461-thread-1] INFO  server.RaftServerConfigKeys (ConfUtils.java:logGet(43)) - raft.server.log.segment.cache.num.max = 2 (custom)
2019-09-19 04:00:49,472 [pool-461-thread-1] INFO  segmented.SegmentedRaftLogWorker (SegmentedRaftLogWorker.java:<init>(172)) - new 87042b6f-033e-4b4e-b209-b9cca192af80-SegmentedRaftLogWorker:Storage Directory /workdir/hadoop-ozone/integration-test/target/test-dir/MiniOzoneClusterImpl-048a2d1c-ec68-42a5-b9aa-3373df324185/datanode-2/data/ratis/f44540f4-192f-4905-ad79-e78588f04dbb for RaftStorage:Storage Directory /workdir/hadoop-ozone/integration-test/target/test-dir/MiniOzoneClusterImpl-048a2d1c-ec68-42a5-b9aa-3373df324185/datanode-2/data/ratis/f44540f4-192f-4905-ad79-e78588f04dbb
2019-09-19 04:00:49,472 [pool-461-thread-1] INFO  server.RaftServerConfigKeys (ConfUtils.java:logGet(43)) - raft.server.log.queue.byte-limit = 2147483647 (custom)
2019-09-19 04:00:49,472 [pool-461-thread-1] INFO  server.RaftServerConfigKeys (ConfUtils.java:logGet(43)) - raft.server.log.queue.element-limit = 1024 (custom)
2019-09-19 04:00:49,472 [pool-461-thread-1] INFO  server.RaftServerConfigKeys (ConfUtils.java:logGet(43)) - raft.server.log.segment.size.max = 1048576 (custom)
2019-09-19 04:00:49,472 [pool-461-thread-1] INFO  server.RaftServerConfigKeys (ConfUtils.java:logGet(43)) - raft.server.log.preallocated.size = 16384 (custom)
2019-09-19 04:00:49,472 [pool-461-thread-1] INFO  server.RaftServerConfigKeys (ConfUtils.java:logGet(43)) - raft.server.log.write.buffer.size = 33554432 (custom)
2019-09-19 04:00:49,473 [pool-461-thread-1] INFO  server.RaftServerConfigKeys (ConfUtils.java:logGet(43)) - raft.server.log.force.sync.num = 128 (default)
2019-09-19 04:00:49,473 [pool-461-thread-1] INFO  server.RaftServerConfigKeys (ConfUtils.java:logGet(43)) - raft.server.log.statemachine.data.sync = true (default)
2019-09-19 04:00:49,473 [pool-461-thread-1] INFO  server.RaftServerConfigKeys (ConfUtils.java:logGet(43)) - raft.server.log.statemachine.data.sync.timeout = 10s (default)
2019-09-19 04:00:49,473 [pool-461-thread-1] INFO  server.RaftServerConfigKeys (ConfUtils.java:logGet(43)) - raft.server.log.statemachine.data.sync.timeout.retry = -1 (default)
2019-09-19 04:00:49,473 [pool-461-thread-1] INFO  server.RaftServerConfigKeys (ConfUtils.java:logGet(43)) - raft.server.log.statemachine.data.caching.enabled = true (custom)
2019-09-19 04:00:49,473 [pool-461-thread-1] INFO  segmented.SegmentedRaftLogWorker (SegmentedRaftLogWorker.java:lambda$new$0(132)) - 87042b6f-033e-4b4e-b209-b9cca192af80-SegmentedRaftLogWorker:Storage Directory /workdir/hadoop-ozone/integration-test/target/test-dir/MiniOzoneClusterImpl-048a2d1c-ec68-42a5-b9aa-3373df324185/datanode-2/data/ratis/f44540f4-192f-4905-ad79-e78588f04dbb: flushIndex: setUnconditionally 0 -> -1
2019-09-19 04:00:49,474 [pool-461-thread-1] INFO  server.RaftServerConfigKeys (ConfUtils.java:logGet(43)) - raft.server.snapshot.auto.trigger.enabled = true (custom)
2019-09-19 04:00:49,474 [pool-461-thread-1] INFO  server.RaftServerConfigKeys (ConfUtils.java:logGet(43)) - raft.server.snapshot.auto.trigger.threshold = 10000 (custom)
2019-09-19 04:00:49,474 [pool-461-thread-1] INFO  server.RaftServerConfigKeys (ConfUtils.java:logGet(43)) - raft.server.retrycache.expirytime = 600000ms (custom)
2019-09-19 04:00:49,474 [pool-461-thread-1] INFO  impl.RaftServerImpl (RaftServerImpl.java:start(180)) - 87042b6f-033e-4b4e-b209-b9cca192af80: start group-E78588F04DBB
2019-09-19 04:00:49,474 [pool-461-thread-1] INFO  impl.RaftServerImpl (RaftServerImpl.java:setRole(171)) - 87042b6f-033e-4b4e-b209-b9cca192af80:group-E78588F04DBB changes role from null to FOLLOWER at term 0 for startAsFollower
2019-09-19 04:00:49,475 [pool-461-thread-1] INFO  impl.RoleInfo (RoleInfo.java:updateAndGet(143)) - 87042b6f-033e-4b4e-b209-b9cca192af80: start FollowerState
2019-09-19 04:00:49,475 [pool-461-thread-1] INFO  util.JmxRegister (JmxRegister.java:tryRegister(44)) - Successfully registered JMX Bean with object name Ratis:service=RaftServer,group=group-E78588F04DBB,id=87042b6f-033e-4b4e-b209-b9cca192af80
2019-09-19 04:00:49,477 [Command processor thread] INFO  commandhandler.CreatePipelineCommandHandler (CreatePipelineCommandHandler.java:handle(112)) - Create Pipeline RATIS THREE #PipelineID=f44540f4-192f-4905-ad79-e78588f04dbb command succeed on datanode 87042b6f-033e-4b4e-b209-b9cca192af80.
2019-09-19 04:00:49,606 | INFO  | SCMAudit | user=jenkins1000 | ip=192.168.34.50 | op=SEND_HEARTBEAT {datanodeUUID=9845fec9-8f77-40ec-bd33-538f1e6b668f, command=[]} | ret=SUCCESS |  
2019-09-19 04:00:49,617 [grpc-default-executor-6] INFO  impl.RaftServerProxy (RaftServerProxy.java:addNew(89)) - 9845fec9-8f77-40ec-bd33-538f1e6b668f: addNew group-EA98F3180DA4:[9845fec9-8f77-40ec-bd33-538f1e6b668f:192.168.34.50:39666] returns group-EA98F3180DA4:java.util.concurrent.CompletableFuture@6be77fee[Not completed]
2019-09-19 04:00:49,618 [pool-472-thread-1] INFO  impl.RaftServerImpl (RaftServerImpl.java:<init>(93)) - 9845fec9-8f77-40ec-bd33-538f1e6b668f: new RaftServerImpl for group-EA98F3180DA4:[9845fec9-8f77-40ec-bd33-538f1e6b668f:192.168.34.50:39666] with ContainerStateMachine:uninitialized
2019-09-19 04:00:49,618 [pool-472-thread-1] INFO  server.RaftServerConfigKeys (ConfUtils.java:logGet(43)) - raft.server.rpc.timeout.min = 5s (custom)
2019-09-19 04:00:49,618 [pool-472-thread-1] INFO  server.RaftServerConfigKeys (ConfUtils.java:logGet(43)) - raft.server.rpc.timeout.max = 5200ms (custom)
2019-09-19 04:00:49,618 [pool-472-thread-1] INFO  server.RaftServerConfigKeys (ConfUtils.java:logGet(43)) - raft.server.rpcslowness.timeout = 120s (custom)
2019-09-19 04:00:49,618 [pool-472-thread-1] INFO  server.RaftServerConfigKeys (ConfUtils.java:logGet(43)) - raft.server.sleep.deviation.threshold = 300 (default)
2019-09-19 04:00:49,618 [pool-472-thread-1] INFO  server.RaftServerConfigKeys (ConfUtils.java:logGet(43)) - raft.server.log.appender.install.snapshot.enabled = false (custom)
2019-09-19 04:00:49,618 [pool-472-thread-1] INFO  impl.RaftServerImpl (ServerState.java:<init>(105)) - 9845fec9-8f77-40ec-bd33-538f1e6b668f:group-EA98F3180DA4 ConfigurationManager, init=-1: [9845fec9-8f77-40ec-bd33-538f1e6b668f:192.168.34.50:39666], old=null, confs=<EMPTY_MAP>
2019-09-19 04:00:49,619 [pool-472-thread-1] INFO  server.RaftServerConfigKeys (ConfUtils.java:logGet(43)) - raft.server.storage.dir = [/workdir/hadoop-ozone/integration-test/target/test-dir/MiniOzoneClusterImpl-048a2d1c-ec68-42a5-b9aa-3373df324185/datanode-3/data/ratis] (custom)
2019-09-19 04:00:49,619 [pool-472-thread-1] INFO  storage.RaftStorageDirectory (RaftStorageDirectory.java:analyzeStorage(246)) - The storage directory /workdir/hadoop-ozone/integration-test/target/test-dir/MiniOzoneClusterImpl-048a2d1c-ec68-42a5-b9aa-3373df324185/datanode-3/data/ratis/4660bd50-7b8f-43ef-828c-ea98f3180da4 does not exist. Creating ...
2019-09-19 04:00:49,625 | INFO  | SCMAudit | user=jenkins1000 | ip=192.168.34.50 | op=SEND_HEARTBEAT {datanodeUUID=d25e7fda-9a8e-4bab-8cc8-b0b4dcdb8785, command=[]} | ret=SUCCESS |  
2019-09-19 04:00:49,632 [pool-472-thread-1] INFO  storage.RaftStorageDirectory (RaftStorageDirectory.java:tryLock(328)) - Lock on /workdir/hadoop-ozone/integration-test/target/test-dir/MiniOzoneClusterImpl-048a2d1c-ec68-42a5-b9aa-3373df324185/datanode-3/data/ratis/4660bd50-7b8f-43ef-828c-ea98f3180da4/in_use.lock acquired by nodename 12279@pr-hdds-2034-srnhl-2452957315
2019-09-19 04:00:49,646 [pool-472-thread-1] INFO  storage.RaftStorage (RaftStorage.java:format(72)) - Storage directory /workdir/hadoop-ozone/integration-test/target/test-dir/MiniOzoneClusterImpl-048a2d1c-ec68-42a5-b9aa-3373df324185/datanode-3/data/ratis/4660bd50-7b8f-43ef-828c-ea98f3180da4 has been successfully formatted.
2019-09-19 04:00:49,646 [pool-472-thread-1] INFO  ratis.ContainerStateMachine (ContainerStateMachine.java:loadSnapshot(226)) - group-EA98F3180DA4: The snapshot info is null. Setting the last applied indexto:(t:0, i:~)
2019-09-19 04:00:49,646 [pool-472-thread-1] INFO  server.RaftServerConfigKeys (ConfUtils.java:logGet(43)) - raft.server.leader.election.timeout = 120s (custom)
2019-09-19 04:00:49,646 [pool-472-thread-1] INFO  server.RaftServerConfigKeys (ConfUtils.java:logGet(43)) - raft.server.log.use.memory = false (default)
2019-09-19 04:00:49,647 [pool-472-thread-1] INFO  server.RaftServerConfigKeys (ConfUtils.java:logGet(43)) - raft.server.log.purge.gap = 1000000 (custom)
2019-09-19 04:00:49,647 [pool-472-thread-1] INFO  server.RaftServerConfigKeys (ConfUtils.java:logGet(43)) - raft.server.log.appender.buffer.byte-limit = 33554432 (custom)
2019-09-19 04:00:49,647 [pool-472-thread-1] INFO  server.RaftServerConfigKeys (ConfUtils.java:logGet(43)) - raft.server.log.segment.size.max = 1048576 (custom)
2019-09-19 04:00:49,647 [pool-472-thread-1] INFO  server.RaftServerConfigKeys (ConfUtils.java:logGet(43)) - raft.server.log.segment.cache.num.max = 2 (custom)
2019-09-19 04:00:49,647 [pool-472-thread-1] INFO  segmented.SegmentedRaftLogWorker (SegmentedRaftLogWorker.java:<init>(172)) - new 9845fec9-8f77-40ec-bd33-538f1e6b668f-SegmentedRaftLogWorker:Storage Directory /workdir/hadoop-ozone/integration-test/target/test-dir/MiniOzoneClusterImpl-048a2d1c-ec68-42a5-b9aa-3373df324185/datanode-3/data/ratis/4660bd50-7b8f-43ef-828c-ea98f3180da4 for RaftStorage:Storage Directory /workdir/hadoop-ozone/integration-test/target/test-dir/MiniOzoneClusterImpl-048a2d1c-ec68-42a5-b9aa-3373df324185/datanode-3/data/ratis/4660bd50-7b8f-43ef-828c-ea98f3180da4
2019-09-19 04:00:49,647 [pool-472-thread-1] INFO  server.RaftServerConfigKeys (ConfUtils.java:logGet(43)) - raft.server.log.queue.byte-limit = 2147483647 (custom)
2019-09-19 04:00:49,647 [pool-472-thread-1] INFO  server.RaftServerConfigKeys (ConfUtils.java:logGet(43)) - raft.server.log.queue.element-limit = 1024 (custom)
2019-09-19 04:00:49,648 [pool-472-thread-1] INFO  server.RaftServerConfigKeys (ConfUtils.java:logGet(43)) - raft.server.log.segment.size.max = 1048576 (custom)
2019-09-19 04:00:49,648 [pool-472-thread-1] INFO  server.RaftServerConfigKeys (ConfUtils.java:logGet(43)) - raft.server.log.preallocated.size = 16384 (custom)
2019-09-19 04:00:49,648 [pool-472-thread-1] INFO  server.RaftServerConfigKeys (ConfUtils.java:logGet(43)) - raft.server.log.write.buffer.size = 33554432 (custom)
2019-09-19 04:00:49,648 [pool-472-thread-1] INFO  server.RaftServerConfigKeys (ConfUtils.java:logGet(43)) - raft.server.log.force.sync.num = 128 (default)
2019-09-19 04:00:49,648 [pool-472-thread-1] INFO  server.RaftServerConfigKeys (ConfUtils.java:logGet(43)) - raft.server.log.statemachine.data.sync = true (default)
2019-09-19 04:00:49,648 [pool-472-thread-1] INFO  server.RaftServerConfigKeys (ConfUtils.java:logGet(43)) - raft.server.log.statemachine.data.sync.timeout = 10s (default)
2019-09-19 04:00:49,648 [pool-472-thread-1] INFO  server.RaftServerConfigKeys (ConfUtils.java:logGet(43)) - raft.server.log.statemachine.data.sync.timeout.retry = -1 (default)
2019-09-19 04:00:49,649 [pool-472-thread-1] INFO  server.RaftServerConfigKeys (ConfUtils.java:logGet(43)) - raft.server.log.statemachine.data.caching.enabled = true (custom)
2019-09-19 04:00:49,649 [pool-472-thread-1] INFO  segmented.SegmentedRaftLogWorker (SegmentedRaftLogWorker.java:lambda$new$0(132)) - 9845fec9-8f77-40ec-bd33-538f1e6b668f-SegmentedRaftLogWorker:Storage Directory /workdir/hadoop-ozone/integration-test/target/test-dir/MiniOzoneClusterImpl-048a2d1c-ec68-42a5-b9aa-3373df324185/datanode-3/data/ratis/4660bd50-7b8f-43ef-828c-ea98f3180da4: flushIndex: setUnconditionally 0 -> -1
2019-09-19 04:00:49,649 [pool-472-thread-1] INFO  server.RaftServerConfigKeys (ConfUtils.java:logGet(43)) - raft.server.snapshot.auto.trigger.enabled = true (custom)
2019-09-19 04:00:49,649 [pool-472-thread-1] INFO  server.RaftServerConfigKeys (ConfUtils.java:logGet(43)) - raft.server.snapshot.auto.trigger.threshold = 10000 (custom)
2019-09-19 04:00:49,649 [pool-472-thread-1] INFO  server.RaftServerConfigKeys (ConfUtils.java:logGet(43)) - raft.server.retrycache.expirytime = 600000ms (custom)
2019-09-19 04:00:49,650 [pool-472-thread-1] INFO  impl.RaftServerImpl (RaftServerImpl.java:start(180)) - 9845fec9-8f77-40ec-bd33-538f1e6b668f: start group-EA98F3180DA4
2019-09-19 04:00:49,650 [pool-472-thread-1] INFO  impl.RaftServerImpl (RaftServerImpl.java:setRole(171)) - 9845fec9-8f77-40ec-bd33-538f1e6b668f:group-EA98F3180DA4 changes role from null to FOLLOWER at term 0 for startAsFollower
2019-09-19 04:00:49,650 [pool-472-thread-1] INFO  impl.RoleInfo (RoleInfo.java:updateAndGet(143)) - 9845fec9-8f77-40ec-bd33-538f1e6b668f: start FollowerState
2019-09-19 04:00:49,650 [pool-472-thread-1] INFO  util.JmxRegister (JmxRegister.java:tryRegister(44)) - Successfully registered JMX Bean with object name Ratis:service=RaftServer,group=group-EA98F3180DA4,id=9845fec9-8f77-40ec-bd33-538f1e6b668f
2019-09-19 04:00:49,652 [Command processor thread] INFO  commandhandler.CreatePipelineCommandHandler (CreatePipelineCommandHandler.java:handle(112)) - Create Pipeline RATIS ONE #PipelineID=4660bd50-7b8f-43ef-828c-ea98f3180da4 command succeed on datanode 9845fec9-8f77-40ec-bd33-538f1e6b668f.
2019-09-19 04:00:49,660 [grpc-default-executor-6] INFO  impl.RaftServerProxy (RaftServerProxy.java:addNew(89)) - 9845fec9-8f77-40ec-bd33-538f1e6b668f: addNew group-2B25F1690FA2:[948582b7-4442-4302-80ff-48806e2acd06:192.168.34.50:34040, 3e5711c1-8fa4-42b5-a674-46644d3368a7:192.168.34.50:46036, 9845fec9-8f77-40ec-bd33-538f1e6b668f:192.168.34.50:39666] returns group-2B25F1690FA2:java.util.concurrent.CompletableFuture@3994b903[Not completed]
2019-09-19 04:00:49,660 [pool-472-thread-1] INFO  impl.RaftServerImpl (RaftServerImpl.java:<init>(93)) - 9845fec9-8f77-40ec-bd33-538f1e6b668f: new RaftServerImpl for group-2B25F1690FA2:[948582b7-4442-4302-80ff-48806e2acd06:192.168.34.50:34040, 3e5711c1-8fa4-42b5-a674-46644d3368a7:192.168.34.50:46036, 9845fec9-8f77-40ec-bd33-538f1e6b668f:192.168.34.50:39666] with ContainerStateMachine:uninitialized
2019-09-19 04:00:49,661 [pool-472-thread-1] INFO  server.RaftServerConfigKeys (ConfUtils.java:logGet(43)) - raft.server.rpc.timeout.min = 5s (custom)
2019-09-19 04:00:49,661 [pool-472-thread-1] INFO  server.RaftServerConfigKeys (ConfUtils.java:logGet(43)) - raft.server.rpc.timeout.max = 5200ms (custom)
2019-09-19 04:00:49,661 [pool-472-thread-1] INFO  server.RaftServerConfigKeys (ConfUtils.java:logGet(43)) - raft.server.rpcslowness.timeout = 120s (custom)
2019-09-19 04:00:49,661 [pool-472-thread-1] INFO  server.RaftServerConfigKeys (ConfUtils.java:logGet(43)) - raft.server.sleep.deviation.threshold = 300 (default)
2019-09-19 04:00:49,661 [pool-472-thread-1] INFO  server.RaftServerConfigKeys (ConfUtils.java:logGet(43)) - raft.server.log.appender.install.snapshot.enabled = false (custom)
2019-09-19 04:00:49,661 [pool-472-thread-1] INFO  impl.RaftServerImpl (ServerState.java:<init>(105)) - 9845fec9-8f77-40ec-bd33-538f1e6b668f:group-2B25F1690FA2 ConfigurationManager, init=-1: [948582b7-4442-4302-80ff-48806e2acd06:192.168.34.50:34040, 3e5711c1-8fa4-42b5-a674-46644d3368a7:192.168.34.50:46036, 9845fec9-8f77-40ec-bd33-538f1e6b668f:192.168.34.50:39666], old=null, confs=<EMPTY_MAP>
2019-09-19 04:00:49,661 [pool-472-thread-1] INFO  server.RaftServerConfigKeys (ConfUtils.java:logGet(43)) - raft.server.storage.dir = [/workdir/hadoop-ozone/integration-test/target/test-dir/MiniOzoneClusterImpl-048a2d1c-ec68-42a5-b9aa-3373df324185/datanode-3/data/ratis] (custom)
2019-09-19 04:00:49,662 [pool-472-thread-1] INFO  storage.RaftStorageDirectory (RaftStorageDirectory.java:analyzeStorage(246)) - The storage directory /workdir/hadoop-ozone/integration-test/target/test-dir/MiniOzoneClusterImpl-048a2d1c-ec68-42a5-b9aa-3373df324185/datanode-3/data/ratis/0e965e4f-9d18-40ec-afec-2b25f1690fa2 does not exist. Creating ...
2019-09-19 04:00:49,675 [pool-472-thread-1] INFO  storage.RaftStorageDirectory (RaftStorageDirectory.java:tryLock(328)) - Lock on /workdir/hadoop-ozone/integration-test/target/test-dir/MiniOzoneClusterImpl-048a2d1c-ec68-42a5-b9aa-3373df324185/datanode-3/data/ratis/0e965e4f-9d18-40ec-afec-2b25f1690fa2/in_use.lock acquired by nodename 12279@pr-hdds-2034-srnhl-2452957315
2019-09-19 04:00:49,688 [pool-472-thread-1] INFO  storage.RaftStorage (RaftStorage.java:format(72)) - Storage directory /workdir/hadoop-ozone/integration-test/target/test-dir/MiniOzoneClusterImpl-048a2d1c-ec68-42a5-b9aa-3373df324185/datanode-3/data/ratis/0e965e4f-9d18-40ec-afec-2b25f1690fa2 has been successfully formatted.
2019-09-19 04:00:49,688 [pool-472-thread-1] INFO  ratis.ContainerStateMachine (ContainerStateMachine.java:loadSnapshot(226)) - group-2B25F1690FA2: The snapshot info is null. Setting the last applied indexto:(t:0, i:~)
2019-09-19 04:00:49,688 [pool-472-thread-1] INFO  server.RaftServerConfigKeys (ConfUtils.java:logGet(43)) - raft.server.leader.election.timeout = 120s (custom)
2019-09-19 04:00:49,688 [pool-472-thread-1] INFO  server.RaftServerConfigKeys (ConfUtils.java:logGet(43)) - raft.server.log.use.memory = false (default)
2019-09-19 04:00:49,688 [pool-472-thread-1] INFO  server.RaftServerConfigKeys (ConfUtils.java:logGet(43)) - raft.server.log.purge.gap = 1000000 (custom)
2019-09-19 04:00:49,689 [pool-472-thread-1] INFO  server.RaftServerConfigKeys (ConfUtils.java:logGet(43)) - raft.server.log.appender.buffer.byte-limit = 33554432 (custom)
2019-09-19 04:00:49,689 [pool-472-thread-1] INFO  server.RaftServerConfigKeys (ConfUtils.java:logGet(43)) - raft.server.log.segment.size.max = 1048576 (custom)
2019-09-19 04:00:49,689 [pool-472-thread-1] INFO  server.RaftServerConfigKeys (ConfUtils.java:logGet(43)) - raft.server.log.segment.cache.num.max = 2 (custom)
2019-09-19 04:00:49,689 [pool-472-thread-1] INFO  segmented.SegmentedRaftLogWorker (SegmentedRaftLogWorker.java:<init>(172)) - new 9845fec9-8f77-40ec-bd33-538f1e6b668f-SegmentedRaftLogWorker:Storage Directory /workdir/hadoop-ozone/integration-test/target/test-dir/MiniOzoneClusterImpl-048a2d1c-ec68-42a5-b9aa-3373df324185/datanode-3/data/ratis/0e965e4f-9d18-40ec-afec-2b25f1690fa2 for RaftStorage:Storage Directory /workdir/hadoop-ozone/integration-test/target/test-dir/MiniOzoneClusterImpl-048a2d1c-ec68-42a5-b9aa-3373df324185/datanode-3/data/ratis/0e965e4f-9d18-40ec-afec-2b25f1690fa2
2019-09-19 04:00:49,689 [pool-472-thread-1] INFO  server.RaftServerConfigKeys (ConfUtils.java:logGet(43)) - raft.server.log.queue.byte-limit = 2147483647 (custom)
2019-09-19 04:00:49,689 [pool-472-thread-1] INFO  server.RaftServerConfigKeys (ConfUtils.java:logGet(43)) - raft.server.log.queue.element-limit = 1024 (custom)
2019-09-19 04:00:49,689 [pool-472-thread-1] INFO  server.RaftServerConfigKeys (ConfUtils.java:logGet(43)) - raft.server.log.segment.size.max = 1048576 (custom)
2019-09-19 04:00:49,689 [pool-472-thread-1] INFO  server.RaftServerConfigKeys (ConfUtils.java:logGet(43)) - raft.server.log.preallocated.size = 16384 (custom)
2019-09-19 04:00:49,689 [pool-472-thread-1] INFO  server.RaftServerConfigKeys (ConfUtils.java:logGet(43)) - raft.server.log.write.buffer.size = 33554432 (custom)
2019-09-19 04:00:49,689 [pool-472-thread-1] INFO  server.RaftServerConfigKeys (ConfUtils.java:logGet(43)) - raft.server.log.force.sync.num = 128 (default)
2019-09-19 04:00:49,690 [pool-472-thread-1] INFO  server.RaftServerConfigKeys (ConfUtils.java:logGet(43)) - raft.server.log.statemachine.data.sync = true (default)
2019-09-19 04:00:49,690 [pool-472-thread-1] INFO  server.RaftServerConfigKeys (ConfUtils.java:logGet(43)) - raft.server.log.statemachine.data.sync.timeout = 10s (default)
2019-09-19 04:00:49,690 [pool-472-thread-1] INFO  server.RaftServerConfigKeys (ConfUtils.java:logGet(43)) - raft.server.log.statemachine.data.sync.timeout.retry = -1 (default)
2019-09-19 04:00:49,690 [pool-472-thread-1] INFO  server.RaftServerConfigKeys (ConfUtils.java:logGet(43)) - raft.server.log.statemachine.data.caching.enabled = true (custom)
2019-09-19 04:00:49,690 [pool-472-thread-1] INFO  segmented.SegmentedRaftLogWorker (SegmentedRaftLogWorker.java:lambda$new$0(132)) - 9845fec9-8f77-40ec-bd33-538f1e6b668f-SegmentedRaftLogWorker:Storage Directory /workdir/hadoop-ozone/integration-test/target/test-dir/MiniOzoneClusterImpl-048a2d1c-ec68-42a5-b9aa-3373df324185/datanode-3/data/ratis/0e965e4f-9d18-40ec-afec-2b25f1690fa2: flushIndex: setUnconditionally 0 -> -1
2019-09-19 04:00:49,690 [pool-472-thread-1] INFO  server.RaftServerConfigKeys (ConfUtils.java:logGet(43)) - raft.server.snapshot.auto.trigger.enabled = true (custom)
2019-09-19 04:00:49,691 [pool-472-thread-1] INFO  server.RaftServerConfigKeys (ConfUtils.java:logGet(43)) - raft.server.snapshot.auto.trigger.threshold = 10000 (custom)
2019-09-19 04:00:49,691 [pool-472-thread-1] INFO  server.RaftServerConfigKeys (ConfUtils.java:logGet(43)) - raft.server.retrycache.expirytime = 600000ms (custom)
2019-09-19 04:00:49,691 [pool-472-thread-1] INFO  impl.RaftServerImpl (RaftServerImpl.java:start(180)) - 9845fec9-8f77-40ec-bd33-538f1e6b668f: start group-2B25F1690FA2
2019-09-19 04:00:49,691 [pool-472-thread-1] INFO  impl.RaftServerImpl (RaftServerImpl.java:setRole(171)) - 9845fec9-8f77-40ec-bd33-538f1e6b668f:group-2B25F1690FA2 changes role from null to FOLLOWER at term 0 for startAsFollower
2019-09-19 04:00:49,691 [pool-472-thread-1] INFO  impl.RoleInfo (RoleInfo.java:updateAndGet(143)) - 9845fec9-8f77-40ec-bd33-538f1e6b668f: start FollowerState
2019-09-19 04:00:49,691 [pool-472-thread-1] INFO  util.JmxRegister (JmxRegister.java:tryRegister(44)) - Successfully registered JMX Bean with object name Ratis:service=RaftServer,group=group-2B25F1690FA2,id=9845fec9-8f77-40ec-bd33-538f1e6b668f
2019-09-19 04:00:49,693 [Command processor thread] INFO  commandhandler.CreatePipelineCommandHandler (CreatePipelineCommandHandler.java:handle(112)) - Create Pipeline RATIS THREE #PipelineID=0e965e4f-9d18-40ec-afec-2b25f1690fa2 command succeed on datanode 9845fec9-8f77-40ec-bd33-538f1e6b668f.
2019-09-19 04:00:49,846 | INFO  | SCMAudit | user=jenkins1000 | ip=192.168.34.50 | op=SEND_HEARTBEAT {datanodeUUID=3e5711c1-8fa4-42b5-a674-46644d3368a7, command=[]} | ret=SUCCESS |  
2019-09-19 04:00:49,856 | INFO  | SCMAudit | user=jenkins1000 | ip=192.168.34.50 | op=SEND_HEARTBEAT {datanodeUUID=d3468b2f-addf-437d-a2ce-dcff5006d770, command=[]} | ret=SUCCESS |  
2019-09-19 04:00:49,856 [grpc-default-executor-6] INFO  impl.RaftServerProxy (RaftServerProxy.java:addNew(89)) - 3e5711c1-8fa4-42b5-a674-46644d3368a7: addNew group-4F929088E8B4:[3e5711c1-8fa4-42b5-a674-46644d3368a7:192.168.34.50:46036] returns group-4F929088E8B4:java.util.concurrent.CompletableFuture@7fd3ce71[Not completed]
2019-09-19 04:00:49,857 [pool-483-thread-1] INFO  impl.RaftServerImpl (RaftServerImpl.java:<init>(93)) - 3e5711c1-8fa4-42b5-a674-46644d3368a7: new RaftServerImpl for group-4F929088E8B4:[3e5711c1-8fa4-42b5-a674-46644d3368a7:192.168.34.50:46036] with ContainerStateMachine:uninitialized
2019-09-19 04:00:49,857 [pool-483-thread-1] INFO  server.RaftServerConfigKeys (ConfUtils.java:logGet(43)) - raft.server.rpc.timeout.min = 5s (custom)
2019-09-19 04:00:49,858 [pool-483-thread-1] INFO  server.RaftServerConfigKeys (ConfUtils.java:logGet(43)) - raft.server.rpc.timeout.max = 5200ms (custom)
2019-09-19 04:00:49,858 [pool-483-thread-1] INFO  server.RaftServerConfigKeys (ConfUtils.java:logGet(43)) - raft.server.rpcslowness.timeout = 120s (custom)
2019-09-19 04:00:49,858 [pool-483-thread-1] INFO  server.RaftServerConfigKeys (ConfUtils.java:logGet(43)) - raft.server.sleep.deviation.threshold = 300 (default)
2019-09-19 04:00:49,858 [pool-483-thread-1] INFO  server.RaftServerConfigKeys (ConfUtils.java:logGet(43)) - raft.server.log.appender.install.snapshot.enabled = false (custom)
2019-09-19 04:00:49,858 [pool-483-thread-1] INFO  impl.RaftServerImpl (ServerState.java:<init>(105)) - 3e5711c1-8fa4-42b5-a674-46644d3368a7:group-4F929088E8B4 ConfigurationManager, init=-1: [3e5711c1-8fa4-42b5-a674-46644d3368a7:192.168.34.50:46036], old=null, confs=<EMPTY_MAP>
2019-09-19 04:00:49,858 [pool-483-thread-1] INFO  server.RaftServerConfigKeys (ConfUtils.java:logGet(43)) - raft.server.storage.dir = [/workdir/hadoop-ozone/integration-test/target/test-dir/MiniOzoneClusterImpl-048a2d1c-ec68-42a5-b9aa-3373df324185/datanode-4/data/ratis] (custom)
2019-09-19 04:00:49,858 [pool-483-thread-1] INFO  storage.RaftStorageDirectory (RaftStorageDirectory.java:analyzeStorage(246)) - The storage directory /workdir/hadoop-ozone/integration-test/target/test-dir/MiniOzoneClusterImpl-048a2d1c-ec68-42a5-b9aa-3373df324185/datanode-4/data/ratis/fcc36b2c-eb97-46e2-8b3a-4f929088e8b4 does not exist. Creating ...
2019-09-19 04:00:49,871 [pool-483-thread-1] INFO  storage.RaftStorageDirectory (RaftStorageDirectory.java:tryLock(328)) - Lock on /workdir/hadoop-ozone/integration-test/target/test-dir/MiniOzoneClusterImpl-048a2d1c-ec68-42a5-b9aa-3373df324185/datanode-4/data/ratis/fcc36b2c-eb97-46e2-8b3a-4f929088e8b4/in_use.lock acquired by nodename 12279@pr-hdds-2034-srnhl-2452957315
2019-09-19 04:00:49,885 [pool-483-thread-1] INFO  storage.RaftStorage (RaftStorage.java:format(72)) - Storage directory /workdir/hadoop-ozone/integration-test/target/test-dir/MiniOzoneClusterImpl-048a2d1c-ec68-42a5-b9aa-3373df324185/datanode-4/data/ratis/fcc36b2c-eb97-46e2-8b3a-4f929088e8b4 has been successfully formatted.
2019-09-19 04:00:49,885 [pool-483-thread-1] INFO  ratis.ContainerStateMachine (ContainerStateMachine.java:loadSnapshot(226)) - group-4F929088E8B4: The snapshot info is null. Setting the last applied indexto:(t:0, i:~)
2019-09-19 04:00:49,885 [pool-483-thread-1] INFO  server.RaftServerConfigKeys (ConfUtils.java:logGet(43)) - raft.server.leader.election.timeout = 120s (custom)
2019-09-19 04:00:49,885 [pool-483-thread-1] INFO  server.RaftServerConfigKeys (ConfUtils.java:logGet(43)) - raft.server.log.use.memory = false (default)
2019-09-19 04:00:49,885 [pool-483-thread-1] INFO  server.RaftServerConfigKeys (ConfUtils.java:logGet(43)) - raft.server.log.purge.gap = 1000000 (custom)
2019-09-19 04:00:49,885 [pool-483-thread-1] INFO  server.RaftServerConfigKeys (ConfUtils.java:logGet(43)) - raft.server.log.appender.buffer.byte-limit = 33554432 (custom)
2019-09-19 04:00:49,885 [pool-483-thread-1] INFO  server.RaftServerConfigKeys (ConfUtils.java:logGet(43)) - raft.server.log.segment.size.max = 1048576 (custom)
2019-09-19 04:00:49,886 [pool-483-thread-1] INFO  server.RaftServerConfigKeys (ConfUtils.java:logGet(43)) - raft.server.log.segment.cache.num.max = 2 (custom)
2019-09-19 04:00:49,886 [pool-483-thread-1] INFO  segmented.SegmentedRaftLogWorker (SegmentedRaftLogWorker.java:<init>(172)) - new 3e5711c1-8fa4-42b5-a674-46644d3368a7-SegmentedRaftLogWorker:Storage Directory /workdir/hadoop-ozone/integration-test/target/test-dir/MiniOzoneClusterImpl-048a2d1c-ec68-42a5-b9aa-3373df324185/datanode-4/data/ratis/fcc36b2c-eb97-46e2-8b3a-4f929088e8b4 for RaftStorage:Storage Directory /workdir/hadoop-ozone/integration-test/target/test-dir/MiniOzoneClusterImpl-048a2d1c-ec68-42a5-b9aa-3373df324185/datanode-4/data/ratis/fcc36b2c-eb97-46e2-8b3a-4f929088e8b4
2019-09-19 04:00:49,886 [pool-483-thread-1] INFO  server.RaftServerConfigKeys (ConfUtils.java:logGet(43)) - raft.server.log.queue.byte-limit = 2147483647 (custom)
2019-09-19 04:00:49,886 [pool-483-thread-1] INFO  server.RaftServerConfigKeys (ConfUtils.java:logGet(43)) - raft.server.log.queue.element-limit = 1024 (custom)
2019-09-19 04:00:49,886 [pool-483-thread-1] INFO  server.RaftServerConfigKeys (ConfUtils.java:logGet(43)) - raft.server.log.segment.size.max = 1048576 (custom)
2019-09-19 04:00:49,886 [pool-483-thread-1] INFO  server.RaftServerConfigKeys (ConfUtils.java:logGet(43)) - raft.server.log.preallocated.size = 16384 (custom)
2019-09-19 04:00:49,886 [pool-483-thread-1] INFO  server.RaftServerConfigKeys (ConfUtils.java:logGet(43)) - raft.server.log.write.buffer.size = 33554432 (custom)
2019-09-19 04:00:49,886 [pool-483-thread-1] INFO  server.RaftServerConfigKeys (ConfUtils.java:logGet(43)) - raft.server.log.force.sync.num = 128 (default)
2019-09-19 04:00:49,887 [pool-483-thread-1] INFO  server.RaftServerConfigKeys (ConfUtils.java:logGet(43)) - raft.server.log.statemachine.data.sync = true (default)
2019-09-19 04:00:49,887 [pool-483-thread-1] INFO  server.RaftServerConfigKeys (ConfUtils.java:logGet(43)) - raft.server.log.statemachine.data.sync.timeout = 10s (default)
2019-09-19 04:00:49,887 [pool-483-thread-1] INFO  server.RaftServerConfigKeys (ConfUtils.java:logGet(43)) - raft.server.log.statemachine.data.sync.timeout.retry = -1 (default)
2019-09-19 04:00:49,887 [pool-483-thread-1] INFO  server.RaftServerConfigKeys (ConfUtils.java:logGet(43)) - raft.server.log.statemachine.data.caching.enabled = true (custom)
2019-09-19 04:00:49,887 [pool-483-thread-1] INFO  segmented.SegmentedRaftLogWorker (SegmentedRaftLogWorker.java:lambda$new$0(132)) - 3e5711c1-8fa4-42b5-a674-46644d3368a7-SegmentedRaftLogWorker:Storage Directory /workdir/hadoop-ozone/integration-test/target/test-dir/MiniOzoneClusterImpl-048a2d1c-ec68-42a5-b9aa-3373df324185/datanode-4/data/ratis/fcc36b2c-eb97-46e2-8b3a-4f929088e8b4: flushIndex: setUnconditionally 0 -> -1
2019-09-19 04:00:49,887 [pool-483-thread-1] INFO  server.RaftServerConfigKeys (ConfUtils.java:logGet(43)) - raft.server.snapshot.auto.trigger.enabled = true (custom)
2019-09-19 04:00:49,888 [pool-483-thread-1] INFO  server.RaftServerConfigKeys (ConfUtils.java:logGet(43)) - raft.server.snapshot.auto.trigger.threshold = 10000 (custom)
2019-09-19 04:00:49,888 [pool-483-thread-1] INFO  server.RaftServerConfigKeys (ConfUtils.java:logGet(43)) - raft.server.retrycache.expirytime = 600000ms (custom)
2019-09-19 04:00:49,888 [pool-483-thread-1] INFO  impl.RaftServerImpl (RaftServerImpl.java:start(180)) - 3e5711c1-8fa4-42b5-a674-46644d3368a7: start group-4F929088E8B4
2019-09-19 04:00:49,888 [pool-483-thread-1] INFO  impl.RaftServerImpl (RaftServerImpl.java:setRole(171)) - 3e5711c1-8fa4-42b5-a674-46644d3368a7:group-4F929088E8B4 changes role from null to FOLLOWER at term 0 for startAsFollower
2019-09-19 04:00:49,888 [pool-483-thread-1] INFO  impl.RoleInfo (RoleInfo.java:updateAndGet(143)) - 3e5711c1-8fa4-42b5-a674-46644d3368a7: start FollowerState
2019-09-19 04:00:49,888 [pool-483-thread-1] INFO  util.JmxRegister (JmxRegister.java:tryRegister(44)) - Successfully registered JMX Bean with object name Ratis:service=RaftServer,group=group-4F929088E8B4,id=3e5711c1-8fa4-42b5-a674-46644d3368a7
2019-09-19 04:00:49,890 [Command processor thread] INFO  commandhandler.CreatePipelineCommandHandler (CreatePipelineCommandHandler.java:handle(112)) - Create Pipeline RATIS ONE #PipelineID=fcc36b2c-eb97-46e2-8b3a-4f929088e8b4 command succeed on datanode 3e5711c1-8fa4-42b5-a674-46644d3368a7.
2019-09-19 04:00:49,896 [grpc-default-executor-6] INFO  impl.RaftServerProxy (RaftServerProxy.java:addNew(89)) - 3e5711c1-8fa4-42b5-a674-46644d3368a7: addNew group-2B25F1690FA2:[948582b7-4442-4302-80ff-48806e2acd06:192.168.34.50:34040, 3e5711c1-8fa4-42b5-a674-46644d3368a7:192.168.34.50:46036, 9845fec9-8f77-40ec-bd33-538f1e6b668f:192.168.34.50:39666] returns group-2B25F1690FA2:java.util.concurrent.CompletableFuture@7eb8b809[Not completed]
2019-09-19 04:00:49,896 [pool-483-thread-1] INFO  impl.RaftServerImpl (RaftServerImpl.java:<init>(93)) - 3e5711c1-8fa4-42b5-a674-46644d3368a7: new RaftServerImpl for group-2B25F1690FA2:[948582b7-4442-4302-80ff-48806e2acd06:192.168.34.50:34040, 3e5711c1-8fa4-42b5-a674-46644d3368a7:192.168.34.50:46036, 9845fec9-8f77-40ec-bd33-538f1e6b668f:192.168.34.50:39666] with ContainerStateMachine:uninitialized
2019-09-19 04:00:49,897 [pool-483-thread-1] INFO  server.RaftServerConfigKeys (ConfUtils.java:logGet(43)) - raft.server.rpc.timeout.min = 5s (custom)
2019-09-19 04:00:49,897 [pool-483-thread-1] INFO  server.RaftServerConfigKeys (ConfUtils.java:logGet(43)) - raft.server.rpc.timeout.max = 5200ms (custom)
2019-09-19 04:00:49,897 [pool-483-thread-1] INFO  server.RaftServerConfigKeys (ConfUtils.java:logGet(43)) - raft.server.rpcslowness.timeout = 120s (custom)
2019-09-19 04:00:49,897 [pool-483-thread-1] INFO  server.RaftServerConfigKeys (ConfUtils.java:logGet(43)) - raft.server.sleep.deviation.threshold = 300 (default)
2019-09-19 04:00:49,897 [pool-483-thread-1] INFO  server.RaftServerConfigKeys (ConfUtils.java:logGet(43)) - raft.server.log.appender.install.snapshot.enabled = false (custom)
2019-09-19 04:00:49,897 [pool-483-thread-1] INFO  impl.RaftServerImpl (ServerState.java:<init>(105)) - 3e5711c1-8fa4-42b5-a674-46644d3368a7:group-2B25F1690FA2 ConfigurationManager, init=-1: [948582b7-4442-4302-80ff-48806e2acd06:192.168.34.50:34040, 3e5711c1-8fa4-42b5-a674-46644d3368a7:192.168.34.50:46036, 9845fec9-8f77-40ec-bd33-538f1e6b668f:192.168.34.50:39666], old=null, confs=<EMPTY_MAP>
2019-09-19 04:00:49,897 [pool-483-thread-1] INFO  server.RaftServerConfigKeys (ConfUtils.java:logGet(43)) - raft.server.storage.dir = [/workdir/hadoop-ozone/integration-test/target/test-dir/MiniOzoneClusterImpl-048a2d1c-ec68-42a5-b9aa-3373df324185/datanode-4/data/ratis] (custom)
2019-09-19 04:00:49,897 [pool-483-thread-1] INFO  storage.RaftStorageDirectory (RaftStorageDirectory.java:analyzeStorage(246)) - The storage directory /workdir/hadoop-ozone/integration-test/target/test-dir/MiniOzoneClusterImpl-048a2d1c-ec68-42a5-b9aa-3373df324185/datanode-4/data/ratis/0e965e4f-9d18-40ec-afec-2b25f1690fa2 does not exist. Creating ...
2019-09-19 04:00:49,910 [pool-483-thread-1] INFO  storage.RaftStorageDirectory (RaftStorageDirectory.java:tryLock(328)) - Lock on /workdir/hadoop-ozone/integration-test/target/test-dir/MiniOzoneClusterImpl-048a2d1c-ec68-42a5-b9aa-3373df324185/datanode-4/data/ratis/0e965e4f-9d18-40ec-afec-2b25f1690fa2/in_use.lock acquired by nodename 12279@pr-hdds-2034-srnhl-2452957315
2019-09-19 04:00:49,923 [pool-483-thread-1] INFO  storage.RaftStorage (RaftStorage.java:format(72)) - Storage directory /workdir/hadoop-ozone/integration-test/target/test-dir/MiniOzoneClusterImpl-048a2d1c-ec68-42a5-b9aa-3373df324185/datanode-4/data/ratis/0e965e4f-9d18-40ec-afec-2b25f1690fa2 has been successfully formatted.
2019-09-19 04:00:49,923 [pool-483-thread-1] INFO  ratis.ContainerStateMachine (ContainerStateMachine.java:loadSnapshot(226)) - group-2B25F1690FA2: The snapshot info is null. Setting the last applied indexto:(t:0, i:~)
2019-09-19 04:00:49,923 [pool-483-thread-1] INFO  server.RaftServerConfigKeys (ConfUtils.java:logGet(43)) - raft.server.leader.election.timeout = 120s (custom)
2019-09-19 04:00:49,923 [pool-483-thread-1] INFO  server.RaftServerConfigKeys (ConfUtils.java:logGet(43)) - raft.server.log.use.memory = false (default)
2019-09-19 04:00:49,923 [pool-483-thread-1] INFO  server.RaftServerConfigKeys (ConfUtils.java:logGet(43)) - raft.server.log.purge.gap = 1000000 (custom)
2019-09-19 04:00:49,924 [pool-483-thread-1] INFO  server.RaftServerConfigKeys (ConfUtils.java:logGet(43)) - raft.server.log.appender.buffer.byte-limit = 33554432 (custom)
2019-09-19 04:00:49,924 [pool-483-thread-1] INFO  server.RaftServerConfigKeys (ConfUtils.java:logGet(43)) - raft.server.log.segment.size.max = 1048576 (custom)
2019-09-19 04:00:49,924 [pool-483-thread-1] INFO  server.RaftServerConfigKeys (ConfUtils.java:logGet(43)) - raft.server.log.segment.cache.num.max = 2 (custom)
2019-09-19 04:00:49,924 [pool-483-thread-1] INFO  segmented.SegmentedRaftLogWorker (SegmentedRaftLogWorker.java:<init>(172)) - new 3e5711c1-8fa4-42b5-a674-46644d3368a7-SegmentedRaftLogWorker:Storage Directory /workdir/hadoop-ozone/integration-test/target/test-dir/MiniOzoneClusterImpl-048a2d1c-ec68-42a5-b9aa-3373df324185/datanode-4/data/ratis/0e965e4f-9d18-40ec-afec-2b25f1690fa2 for RaftStorage:Storage Directory /workdir/hadoop-ozone/integration-test/target/test-dir/MiniOzoneClusterImpl-048a2d1c-ec68-42a5-b9aa-3373df324185/datanode-4/data/ratis/0e965e4f-9d18-40ec-afec-2b25f1690fa2
2019-09-19 04:00:49,924 [pool-483-thread-1] INFO  server.RaftServerConfigKeys (ConfUtils.java:logGet(43)) - raft.server.log.queue.byte-limit = 2147483647 (custom)
2019-09-19 04:00:49,924 [pool-483-thread-1] INFO  server.RaftServerConfigKeys (ConfUtils.java:logGet(43)) - raft.server.log.queue.element-limit = 1024 (custom)
2019-09-19 04:00:49,924 [pool-483-thread-1] INFO  server.RaftServerConfigKeys (ConfUtils.java:logGet(43)) - raft.server.log.segment.size.max = 1048576 (custom)
2019-09-19 04:00:49,924 [pool-483-thread-1] INFO  server.RaftServerConfigKeys (ConfUtils.java:logGet(43)) - raft.server.log.preallocated.size = 16384 (custom)
2019-09-19 04:00:49,924 [pool-483-thread-1] INFO  server.RaftServerConfigKeys (ConfUtils.java:logGet(43)) - raft.server.log.write.buffer.size = 33554432 (custom)
2019-09-19 04:00:49,924 [pool-483-thread-1] INFO  server.RaftServerConfigKeys (ConfUtils.java:logGet(43)) - raft.server.log.force.sync.num = 128 (default)
2019-09-19 04:00:49,924 [pool-483-thread-1] INFO  server.RaftServerConfigKeys (ConfUtils.java:logGet(43)) - raft.server.log.statemachine.data.sync = true (default)
2019-09-19 04:00:49,925 [pool-483-thread-1] INFO  server.RaftServerConfigKeys (ConfUtils.java:logGet(43)) - raft.server.log.statemachine.data.sync.timeout = 10s (default)
2019-09-19 04:00:49,925 [pool-483-thread-1] INFO  server.RaftServerConfigKeys (ConfUtils.java:logGet(43)) - raft.server.log.statemachine.data.sync.timeout.retry = -1 (default)
2019-09-19 04:00:49,925 [pool-483-thread-1] INFO  server.RaftServerConfigKeys (ConfUtils.java:logGet(43)) - raft.server.log.statemachine.data.caching.enabled = true (custom)
2019-09-19 04:00:49,925 [pool-483-thread-1] INFO  segmented.SegmentedRaftLogWorker (SegmentedRaftLogWorker.java:lambda$new$0(132)) - 3e5711c1-8fa4-42b5-a674-46644d3368a7-SegmentedRaftLogWorker:Storage Directory /workdir/hadoop-ozone/integration-test/target/test-dir/MiniOzoneClusterImpl-048a2d1c-ec68-42a5-b9aa-3373df324185/datanode-4/data/ratis/0e965e4f-9d18-40ec-afec-2b25f1690fa2: flushIndex: setUnconditionally 0 -> -1
2019-09-19 04:00:49,925 [pool-483-thread-1] INFO  server.RaftServerConfigKeys (ConfUtils.java:logGet(43)) - raft.server.snapshot.auto.trigger.enabled = true (custom)
2019-09-19 04:00:49,925 [pool-483-thread-1] INFO  server.RaftServerConfigKeys (ConfUtils.java:logGet(43)) - raft.server.snapshot.auto.trigger.threshold = 10000 (custom)
2019-09-19 04:00:49,925 [pool-483-thread-1] INFO  server.RaftServerConfigKeys (ConfUtils.java:logGet(43)) - raft.server.retrycache.expirytime = 600000ms (custom)
2019-09-19 04:00:49,925 [pool-483-thread-1] INFO  impl.RaftServerImpl (RaftServerImpl.java:start(180)) - 3e5711c1-8fa4-42b5-a674-46644d3368a7: start group-2B25F1690FA2
2019-09-19 04:00:49,926 [pool-483-thread-1] INFO  impl.RaftServerImpl (RaftServerImpl.java:setRole(171)) - 3e5711c1-8fa4-42b5-a674-46644d3368a7:group-2B25F1690FA2 changes role from null to FOLLOWER at term 0 for startAsFollower
2019-09-19 04:00:49,926 [pool-483-thread-1] INFO  impl.RoleInfo (RoleInfo.java:updateAndGet(143)) - 3e5711c1-8fa4-42b5-a674-46644d3368a7: start FollowerState
2019-09-19 04:00:49,926 [pool-483-thread-1] INFO  util.JmxRegister (JmxRegister.java:tryRegister(44)) - Successfully registered JMX Bean with object name Ratis:service=RaftServer,group=group-2B25F1690FA2,id=3e5711c1-8fa4-42b5-a674-46644d3368a7
2019-09-19 04:00:49,928 [Command processor thread] INFO  commandhandler.CreatePipelineCommandHandler (CreatePipelineCommandHandler.java:handle(112)) - Create Pipeline RATIS THREE #PipelineID=0e965e4f-9d18-40ec-afec-2b25f1690fa2 command succeed on datanode 3e5711c1-8fa4-42b5-a674-46644d3368a7.
2019-09-19 04:00:50,118 | INFO  | SCMAudit | user=jenkins1000 | ip=192.168.34.50 | op=SEND_HEARTBEAT {datanodeUUID=948582b7-4442-4302-80ff-48806e2acd06, command=[]} | ret=SUCCESS |  
2019-09-19 04:00:50,125 [grpc-default-executor-6] INFO  impl.RaftServerProxy (RaftServerProxy.java:addNew(89)) - 948582b7-4442-4302-80ff-48806e2acd06: addNew group-4A61C58ABFF6:[948582b7-4442-4302-80ff-48806e2acd06:192.168.34.50:34040] returns group-4A61C58ABFF6:java.util.concurrent.CompletableFuture@688aca1e[Not completed]
2019-09-19 04:00:50,127 [pool-494-thread-1] INFO  impl.RaftServerImpl (RaftServerImpl.java:<init>(93)) - 948582b7-4442-4302-80ff-48806e2acd06: new RaftServerImpl for group-4A61C58ABFF6:[948582b7-4442-4302-80ff-48806e2acd06:192.168.34.50:34040] with ContainerStateMachine:uninitialized
2019-09-19 04:00:50,127 [pool-494-thread-1] INFO  server.RaftServerConfigKeys (ConfUtils.java:logGet(43)) - raft.server.rpc.timeout.min = 5s (custom)
2019-09-19 04:00:50,127 [pool-494-thread-1] INFO  server.RaftServerConfigKeys (ConfUtils.java:logGet(43)) - raft.server.rpc.timeout.max = 5200ms (custom)
2019-09-19 04:00:50,127 [pool-494-thread-1] INFO  server.RaftServerConfigKeys (ConfUtils.java:logGet(43)) - raft.server.rpcslowness.timeout = 120s (custom)
2019-09-19 04:00:50,127 [pool-494-thread-1] INFO  server.RaftServerConfigKeys (ConfUtils.java:logGet(43)) - raft.server.sleep.deviation.threshold = 300 (default)
2019-09-19 04:00:50,127 [pool-494-thread-1] INFO  server.RaftServerConfigKeys (ConfUtils.java:logGet(43)) - raft.server.log.appender.install.snapshot.enabled = false (custom)
2019-09-19 04:00:50,128 [pool-494-thread-1] INFO  impl.RaftServerImpl (ServerState.java:<init>(105)) - 948582b7-4442-4302-80ff-48806e2acd06:group-4A61C58ABFF6 ConfigurationManager, init=-1: [948582b7-4442-4302-80ff-48806e2acd06:192.168.34.50:34040], old=null, confs=<EMPTY_MAP>
2019-09-19 04:00:50,128 [pool-494-thread-1] INFO  server.RaftServerConfigKeys (ConfUtils.java:logGet(43)) - raft.server.storage.dir = [/workdir/hadoop-ozone/integration-test/target/test-dir/MiniOzoneClusterImpl-048a2d1c-ec68-42a5-b9aa-3373df324185/datanode-5/data/ratis] (custom)
2019-09-19 04:00:50,128 [pool-494-thread-1] INFO  storage.RaftStorageDirectory (RaftStorageDirectory.java:analyzeStorage(246)) - The storage directory /workdir/hadoop-ozone/integration-test/target/test-dir/MiniOzoneClusterImpl-048a2d1c-ec68-42a5-b9aa-3373df324185/datanode-5/data/ratis/4b9e365c-cbf8-417b-9633-4a61c58abff6 does not exist. Creating ...
2019-09-19 04:00:50,143 [pool-494-thread-1] INFO  storage.RaftStorageDirectory (RaftStorageDirectory.java:tryLock(328)) - Lock on /workdir/hadoop-ozone/integration-test/target/test-dir/MiniOzoneClusterImpl-048a2d1c-ec68-42a5-b9aa-3373df324185/datanode-5/data/ratis/4b9e365c-cbf8-417b-9633-4a61c58abff6/in_use.lock acquired by nodename 12279@pr-hdds-2034-srnhl-2452957315
2019-09-19 04:00:50,156 [pool-494-thread-1] INFO  storage.RaftStorage (RaftStorage.java:format(72)) - Storage directory /workdir/hadoop-ozone/integration-test/target/test-dir/MiniOzoneClusterImpl-048a2d1c-ec68-42a5-b9aa-3373df324185/datanode-5/data/ratis/4b9e365c-cbf8-417b-9633-4a61c58abff6 has been successfully formatted.
2019-09-19 04:00:50,156 [pool-494-thread-1] INFO  ratis.ContainerStateMachine (ContainerStateMachine.java:loadSnapshot(226)) - group-4A61C58ABFF6: The snapshot info is null. Setting the last applied indexto:(t:0, i:~)
2019-09-19 04:00:50,156 [pool-494-thread-1] INFO  server.RaftServerConfigKeys (ConfUtils.java:logGet(43)) - raft.server.leader.election.timeout = 120s (custom)
2019-09-19 04:00:50,156 [pool-494-thread-1] INFO  server.RaftServerConfigKeys (ConfUtils.java:logGet(43)) - raft.server.log.use.memory = false (default)
2019-09-19 04:00:50,156 [pool-494-thread-1] INFO  server.RaftServerConfigKeys (ConfUtils.java:logGet(43)) - raft.server.log.purge.gap = 1000000 (custom)
2019-09-19 04:00:50,156 [pool-494-thread-1] INFO  server.RaftServerConfigKeys (ConfUtils.java:logGet(43)) - raft.server.log.appender.buffer.byte-limit = 33554432 (custom)
2019-09-19 04:00:50,156 [pool-494-thread-1] INFO  server.RaftServerConfigKeys (ConfUtils.java:logGet(43)) - raft.server.log.segment.size.max = 1048576 (custom)
2019-09-19 04:00:50,157 [pool-494-thread-1] INFO  server.RaftServerConfigKeys (ConfUtils.java:logGet(43)) - raft.server.log.segment.cache.num.max = 2 (custom)
2019-09-19 04:00:50,157 [pool-494-thread-1] INFO  segmented.SegmentedRaftLogWorker (SegmentedRaftLogWorker.java:<init>(172)) - new 948582b7-4442-4302-80ff-48806e2acd06-SegmentedRaftLogWorker:Storage Directory /workdir/hadoop-ozone/integration-test/target/test-dir/MiniOzoneClusterImpl-048a2d1c-ec68-42a5-b9aa-3373df324185/datanode-5/data/ratis/4b9e365c-cbf8-417b-9633-4a61c58abff6 for RaftStorage:Storage Directory /workdir/hadoop-ozone/integration-test/target/test-dir/MiniOzoneClusterImpl-048a2d1c-ec68-42a5-b9aa-3373df324185/datanode-5/data/ratis/4b9e365c-cbf8-417b-9633-4a61c58abff6
2019-09-19 04:00:50,157 [pool-494-thread-1] INFO  server.RaftServerConfigKeys (ConfUtils.java:logGet(43)) - raft.server.log.queue.byte-limit = 2147483647 (custom)
2019-09-19 04:00:50,157 [pool-494-thread-1] INFO  server.RaftServerConfigKeys (ConfUtils.java:logGet(43)) - raft.server.log.queue.element-limit = 1024 (custom)
2019-09-19 04:00:50,157 [pool-494-thread-1] INFO  server.RaftServerConfigKeys (ConfUtils.java:logGet(43)) - raft.server.log.segment.size.max = 1048576 (custom)
2019-09-19 04:00:50,157 [pool-494-thread-1] INFO  server.RaftServerConfigKeys (ConfUtils.java:logGet(43)) - raft.server.log.preallocated.size = 16384 (custom)
2019-09-19 04:00:50,157 [pool-494-thread-1] INFO  server.RaftServerConfigKeys (ConfUtils.java:logGet(43)) - raft.server.log.write.buffer.size = 33554432 (custom)
2019-09-19 04:00:50,158 [pool-494-thread-1] INFO  server.RaftServerConfigKeys (ConfUtils.java:logGet(43)) - raft.server.log.force.sync.num = 128 (default)
2019-09-19 04:00:50,158 [pool-494-thread-1] INFO  server.RaftServerConfigKeys (ConfUtils.java:logGet(43)) - raft.server.log.statemachine.data.sync = true (default)
2019-09-19 04:00:50,158 [pool-494-thread-1] INFO  server.RaftServerConfigKeys (ConfUtils.java:logGet(43)) - raft.server.log.statemachine.data.sync.timeout = 10s (default)
2019-09-19 04:00:50,158 [pool-494-thread-1] INFO  server.RaftServerConfigKeys (ConfUtils.java:logGet(43)) - raft.server.log.statemachine.data.sync.timeout.retry = -1 (default)
2019-09-19 04:00:50,158 [pool-494-thread-1] INFO  server.RaftServerConfigKeys (ConfUtils.java:logGet(43)) - raft.server.log.statemachine.data.caching.enabled = true (custom)
2019-09-19 04:00:50,158 [pool-494-thread-1] INFO  segmented.SegmentedRaftLogWorker (SegmentedRaftLogWorker.java:lambda$new$0(132)) - 948582b7-4442-4302-80ff-48806e2acd06-SegmentedRaftLogWorker:Storage Directory /workdir/hadoop-ozone/integration-test/target/test-dir/MiniOzoneClusterImpl-048a2d1c-ec68-42a5-b9aa-3373df324185/datanode-5/data/ratis/4b9e365c-cbf8-417b-9633-4a61c58abff6: flushIndex: setUnconditionally 0 -> -1
2019-09-19 04:00:50,159 [pool-494-thread-1] INFO  server.RaftServerConfigKeys (ConfUtils.java:logGet(43)) - raft.server.snapshot.auto.trigger.enabled = true (custom)
2019-09-19 04:00:50,159 [pool-494-thread-1] INFO  server.RaftServerConfigKeys (ConfUtils.java:logGet(43)) - raft.server.snapshot.auto.trigger.threshold = 10000 (custom)
2019-09-19 04:00:50,159 [pool-494-thread-1] INFO  server.RaftServerConfigKeys (ConfUtils.java:logGet(43)) - raft.server.retrycache.expirytime = 600000ms (custom)
2019-09-19 04:00:50,159 [pool-494-thread-1] INFO  impl.RaftServerImpl (RaftServerImpl.java:start(180)) - 948582b7-4442-4302-80ff-48806e2acd06: start group-4A61C58ABFF6
2019-09-19 04:00:50,159 [pool-494-thread-1] INFO  impl.RaftServerImpl (RaftServerImpl.java:setRole(171)) - 948582b7-4442-4302-80ff-48806e2acd06:group-4A61C58ABFF6 changes role from null to FOLLOWER at term 0 for startAsFollower
2019-09-19 04:00:50,159 [pool-494-thread-1] INFO  impl.RoleInfo (RoleInfo.java:updateAndGet(143)) - 948582b7-4442-4302-80ff-48806e2acd06: start FollowerState
2019-09-19 04:00:50,160 [pool-494-thread-1] INFO  util.JmxRegister (JmxRegister.java:tryRegister(44)) - Successfully registered JMX Bean with object name Ratis:service=RaftServer,group=group-4A61C58ABFF6,id=948582b7-4442-4302-80ff-48806e2acd06
2019-09-19 04:00:50,161 [Command processor thread] INFO  commandhandler.CreatePipelineCommandHandler (CreatePipelineCommandHandler.java:handle(112)) - Create Pipeline RATIS ONE #PipelineID=4b9e365c-cbf8-417b-9633-4a61c58abff6 command succeed on datanode 948582b7-4442-4302-80ff-48806e2acd06.
2019-09-19 04:00:50,168 [grpc-default-executor-6] INFO  impl.RaftServerProxy (RaftServerProxy.java:addNew(89)) - 948582b7-4442-4302-80ff-48806e2acd06: addNew group-2B25F1690FA2:[948582b7-4442-4302-80ff-48806e2acd06:192.168.34.50:34040, 3e5711c1-8fa4-42b5-a674-46644d3368a7:192.168.34.50:46036, 9845fec9-8f77-40ec-bd33-538f1e6b668f:192.168.34.50:39666] returns group-2B25F1690FA2:java.util.concurrent.CompletableFuture@3952f215[Not completed]
2019-09-19 04:00:50,170 [pool-494-thread-1] INFO  impl.RaftServerImpl (RaftServerImpl.java:<init>(93)) - 948582b7-4442-4302-80ff-48806e2acd06: new RaftServerImpl for group-2B25F1690FA2:[948582b7-4442-4302-80ff-48806e2acd06:192.168.34.50:34040, 3e5711c1-8fa4-42b5-a674-46644d3368a7:192.168.34.50:46036, 9845fec9-8f77-40ec-bd33-538f1e6b668f:192.168.34.50:39666] with ContainerStateMachine:uninitialized
2019-09-19 04:00:50,170 [pool-494-thread-1] INFO  server.RaftServerConfigKeys (ConfUtils.java:logGet(43)) - raft.server.rpc.timeout.min = 5s (custom)
2019-09-19 04:00:50,170 [pool-494-thread-1] INFO  server.RaftServerConfigKeys (ConfUtils.java:logGet(43)) - raft.server.rpc.timeout.max = 5200ms (custom)
2019-09-19 04:00:50,170 [pool-494-thread-1] INFO  server.RaftServerConfigKeys (ConfUtils.java:logGet(43)) - raft.server.rpcslowness.timeout = 120s (custom)
2019-09-19 04:00:50,170 [pool-494-thread-1] INFO  server.RaftServerConfigKeys (ConfUtils.java:logGet(43)) - raft.server.sleep.deviation.threshold = 300 (default)
2019-09-19 04:00:50,170 [pool-494-thread-1] INFO  server.RaftServerConfigKeys (ConfUtils.java:logGet(43)) - raft.server.log.appender.install.snapshot.enabled = false (custom)
2019-09-19 04:00:50,170 [pool-494-thread-1] INFO  impl.RaftServerImpl (ServerState.java:<init>(105)) - 948582b7-4442-4302-80ff-48806e2acd06:group-2B25F1690FA2 ConfigurationManager, init=-1: [948582b7-4442-4302-80ff-48806e2acd06:192.168.34.50:34040, 3e5711c1-8fa4-42b5-a674-46644d3368a7:192.168.34.50:46036, 9845fec9-8f77-40ec-bd33-538f1e6b668f:192.168.34.50:39666], old=null, confs=<EMPTY_MAP>
2019-09-19 04:00:50,170 [pool-494-thread-1] INFO  server.RaftServerConfigKeys (ConfUtils.java:logGet(43)) - raft.server.storage.dir = [/workdir/hadoop-ozone/integration-test/target/test-dir/MiniOzoneClusterImpl-048a2d1c-ec68-42a5-b9aa-3373df324185/datanode-5/data/ratis] (custom)
2019-09-19 04:00:50,171 [pool-494-thread-1] INFO  storage.RaftStorageDirectory (RaftStorageDirectory.java:analyzeStorage(246)) - The storage directory /workdir/hadoop-ozone/integration-test/target/test-dir/MiniOzoneClusterImpl-048a2d1c-ec68-42a5-b9aa-3373df324185/datanode-5/data/ratis/0e965e4f-9d18-40ec-afec-2b25f1690fa2 does not exist. Creating ...
2019-09-19 04:00:50,183 [pool-494-thread-1] INFO  storage.RaftStorageDirectory (RaftStorageDirectory.java:tryLock(328)) - Lock on /workdir/hadoop-ozone/integration-test/target/test-dir/MiniOzoneClusterImpl-048a2d1c-ec68-42a5-b9aa-3373df324185/datanode-5/data/ratis/0e965e4f-9d18-40ec-afec-2b25f1690fa2/in_use.lock acquired by nodename 12279@pr-hdds-2034-srnhl-2452957315
2019-09-19 04:00:50,196 [pool-494-thread-1] INFO  storage.RaftStorage (RaftStorage.java:format(72)) - Storage directory /workdir/hadoop-ozone/integration-test/target/test-dir/MiniOzoneClusterImpl-048a2d1c-ec68-42a5-b9aa-3373df324185/datanode-5/data/ratis/0e965e4f-9d18-40ec-afec-2b25f1690fa2 has been successfully formatted.
2019-09-19 04:00:50,196 [pool-494-thread-1] INFO  ratis.ContainerStateMachine (ContainerStateMachine.java:loadSnapshot(226)) - group-2B25F1690FA2: The snapshot info is null. Setting the last applied indexto:(t:0, i:~)
2019-09-19 04:00:50,196 [pool-494-thread-1] INFO  server.RaftServerConfigKeys (ConfUtils.java:logGet(43)) - raft.server.leader.election.timeout = 120s (custom)
2019-09-19 04:00:50,197 [pool-494-thread-1] INFO  server.RaftServerConfigKeys (ConfUtils.java:logGet(43)) - raft.server.log.use.memory = false (default)
2019-09-19 04:00:50,197 [pool-494-thread-1] INFO  server.RaftServerConfigKeys (ConfUtils.java:logGet(43)) - raft.server.log.purge.gap = 1000000 (custom)
2019-09-19 04:00:50,197 [pool-494-thread-1] INFO  server.RaftServerConfigKeys (ConfUtils.java:logGet(43)) - raft.server.log.appender.buffer.byte-limit = 33554432 (custom)
2019-09-19 04:00:50,197 [pool-494-thread-1] INFO  server.RaftServerConfigKeys (ConfUtils.java:logGet(43)) - raft.server.log.segment.size.max = 1048576 (custom)
2019-09-19 04:00:50,197 [pool-494-thread-1] INFO  server.RaftServerConfigKeys (ConfUtils.java:logGet(43)) - raft.server.log.segment.cache.num.max = 2 (custom)
2019-09-19 04:00:50,197 [pool-494-thread-1] INFO  segmented.SegmentedRaftLogWorker (SegmentedRaftLogWorker.java:<init>(172)) - new 948582b7-4442-4302-80ff-48806e2acd06-SegmentedRaftLogWorker:Storage Directory /workdir/hadoop-ozone/integration-test/target/test-dir/MiniOzoneClusterImpl-048a2d1c-ec68-42a5-b9aa-3373df324185/datanode-5/data/ratis/0e965e4f-9d18-40ec-afec-2b25f1690fa2 for RaftStorage:Storage Directory /workdir/hadoop-ozone/integration-test/target/test-dir/MiniOzoneClusterImpl-048a2d1c-ec68-42a5-b9aa-3373df324185/datanode-5/data/ratis/0e965e4f-9d18-40ec-afec-2b25f1690fa2
2019-09-19 04:00:50,197 [pool-494-thread-1] INFO  server.RaftServerConfigKeys (ConfUtils.java:logGet(43)) - raft.server.log.queue.byte-limit = 2147483647 (custom)
2019-09-19 04:00:50,197 [pool-494-thread-1] INFO  server.RaftServerConfigKeys (ConfUtils.java:logGet(43)) - raft.server.log.queue.element-limit = 1024 (custom)
2019-09-19 04:00:50,197 [pool-494-thread-1] INFO  server.RaftServerConfigKeys (ConfUtils.java:logGet(43)) - raft.server.log.segment.size.max = 1048576 (custom)
2019-09-19 04:00:50,197 [pool-494-thread-1] INFO  server.RaftServerConfigKeys (ConfUtils.java:logGet(43)) - raft.server.log.preallocated.size = 16384 (custom)
2019-09-19 04:00:50,198 [pool-494-thread-1] INFO  server.RaftServerConfigKeys (ConfUtils.java:logGet(43)) - raft.server.log.write.buffer.size = 33554432 (custom)
2019-09-19 04:00:50,198 [pool-494-thread-1] INFO  server.RaftServerConfigKeys (ConfUtils.java:logGet(43)) - raft.server.log.force.sync.num = 128 (default)
2019-09-19 04:00:50,198 [pool-494-thread-1] INFO  server.RaftServerConfigKeys (ConfUtils.java:logGet(43)) - raft.server.log.statemachine.data.sync = true (default)
2019-09-19 04:00:50,198 [pool-494-thread-1] INFO  server.RaftServerConfigKeys (ConfUtils.java:logGet(43)) - raft.server.log.statemachine.data.sync.timeout = 10s (default)
2019-09-19 04:00:50,198 [pool-494-thread-1] INFO  server.RaftServerConfigKeys (ConfUtils.java:logGet(43)) - raft.server.log.statemachine.data.sync.timeout.retry = -1 (default)
2019-09-19 04:00:50,198 [pool-494-thread-1] INFO  server.RaftServerConfigKeys (ConfUtils.java:logGet(43)) - raft.server.log.statemachine.data.caching.enabled = true (custom)
2019-09-19 04:00:50,198 [pool-494-thread-1] INFO  segmented.SegmentedRaftLogWorker (SegmentedRaftLogWorker.java:lambda$new$0(132)) - 948582b7-4442-4302-80ff-48806e2acd06-SegmentedRaftLogWorker:Storage Directory /workdir/hadoop-ozone/integration-test/target/test-dir/MiniOzoneClusterImpl-048a2d1c-ec68-42a5-b9aa-3373df324185/datanode-5/data/ratis/0e965e4f-9d18-40ec-afec-2b25f1690fa2: flushIndex: setUnconditionally 0 -> -1
2019-09-19 04:00:50,199 [pool-494-thread-1] INFO  server.RaftServerConfigKeys (ConfUtils.java:logGet(43)) - raft.server.snapshot.auto.trigger.enabled = true (custom)
2019-09-19 04:00:50,199 [pool-494-thread-1] INFO  server.RaftServerConfigKeys (ConfUtils.java:logGet(43)) - raft.server.snapshot.auto.trigger.threshold = 10000 (custom)
2019-09-19 04:00:50,199 [pool-494-thread-1] INFO  server.RaftServerConfigKeys (ConfUtils.java:logGet(43)) - raft.server.retrycache.expirytime = 600000ms (custom)
2019-09-19 04:00:50,199 [pool-494-thread-1] INFO  impl.RaftServerImpl (RaftServerImpl.java:start(180)) - 948582b7-4442-4302-80ff-48806e2acd06: start group-2B25F1690FA2
2019-09-19 04:00:50,199 [pool-494-thread-1] INFO  impl.RaftServerImpl (RaftServerImpl.java:setRole(171)) - 948582b7-4442-4302-80ff-48806e2acd06:group-2B25F1690FA2 changes role from null to FOLLOWER at term 0 for startAsFollower
2019-09-19 04:00:50,199 [pool-494-thread-1] INFO  impl.RoleInfo (RoleInfo.java:updateAndGet(143)) - 948582b7-4442-4302-80ff-48806e2acd06: start FollowerState
2019-09-19 04:00:50,200 [pool-494-thread-1] INFO  util.JmxRegister (JmxRegister.java:tryRegister(44)) - Successfully registered JMX Bean with object name Ratis:service=RaftServer,group=group-2B25F1690FA2,id=948582b7-4442-4302-80ff-48806e2acd06
2019-09-19 04:00:50,202 [Command processor thread] INFO  commandhandler.CreatePipelineCommandHandler (CreatePipelineCommandHandler.java:handle(112)) - Create Pipeline RATIS THREE #PipelineID=0e965e4f-9d18-40ec-afec-2b25f1690fa2 command succeed on datanode 948582b7-4442-4302-80ff-48806e2acd06.
2019-09-19 04:00:50,380 | INFO  | SCMAudit | user=jenkins1000 | ip=192.168.34.50 | op=SEND_HEARTBEAT {datanodeUUID=87042b6f-033e-4b4e-b209-b9cca192af80, command=[]} | ret=SUCCESS |  
2019-09-19 04:00:50,382 [EventQueue-CreatePipelineStatusForSCMPipelineManager] INFO  pipeline.SCMPipelineManager (SCMPipelineManager.java:onMessage(469)) - receive pipeline PipelineID=07afbc74-e76e-4eec-8d40-8fecd5fbcb53 create status EXECUTED
2019-09-19 04:00:50,383 [EventQueue-CreatePipelineStatusForSCMPipelineManager] INFO  pipeline.PipelineStateManager (PipelineStateManager.java:openPipeline(134)) - Pipeline Pipeline[ Id: 07afbc74-e76e-4eec-8d40-8fecd5fbcb53, Nodes: 87042b6f-033e-4b4e-b209-b9cca192af80{ip: 192.168.34.50, host: pr-hdds-2034-srnhl-2452957315, networkLocation: /default-rack, certSerialId: null}, Type:RATIS, Factor:ONE, State:ALLOCATED] moved to OPEN state
add pipeline PipelineID=07afbc74-e76e-4eec-8d40-8fecd5fbcb53 to metrics map
2019-09-19 04:00:50,384 [EventQueue-NewOpenPipelineForHealthyPipelineSafeModeRule] INFO  safemode.SCMSafeModeManager (HealthyPipelineSafeModeRule.java:process(120)) - SCM in safe mode. Healthy pipelines reported count is 1, required healthy pipeline reported count is 1
2019-09-19 04:00:50,384 [EventQueue-CreatePipelineStatusForSCMPipelineManager] INFO  pipeline.SCMPipelineManager (SCMPipelineManager.java:onMessage(469)) - receive pipeline PipelineID=f44540f4-192f-4905-ad79-e78588f04dbb create status EXECUTED
2019-09-19 04:00:50,384 [EventQueue-NewOpenPipelineForHealthyPipelineSafeModeRule] INFO  safemode.SCMSafeModeManager (SCMSafeModeManager.java:validateSafeModeExitRules(177)) - ScmSafeModeManager, all rules are successfully validated
2019-09-19 04:00:50,384 [EventQueue-NewOpenPipelineForHealthyPipelineSafeModeRule] INFO  safemode.SCMSafeModeManager (SCMSafeModeManager.java:exitSafeMode(193)) - SCM exiting safe mode.
2019-09-19 04:00:50,384 [EventQueue-CreatePipelineStatusForSCMPipelineManager] INFO  pipeline.PipelineStateManager (PipelineStateManager.java:openPipeline(134)) - Pipeline Pipeline[ Id: f44540f4-192f-4905-ad79-e78588f04dbb, Nodes: d25e7fda-9a8e-4bab-8cc8-b0b4dcdb8785{ip: 192.168.34.50, host: pr-hdds-2034-srnhl-2452957315, networkLocation: /default-rack, certSerialId: null}d3468b2f-addf-437d-a2ce-dcff5006d770{ip: 192.168.34.50, host: pr-hdds-2034-srnhl-2452957315, networkLocation: /default-rack, certSerialId: null}87042b6f-033e-4b4e-b209-b9cca192af80{ip: 192.168.34.50, host: pr-hdds-2034-srnhl-2452957315, networkLocation: /default-rack, certSerialId: null}, Type:RATIS, Factor:THREE, State:ALLOCATED] moved to OPEN state
add pipeline PipelineID=f44540f4-192f-4905-ad79-e78588f04dbb to metrics map
2019-09-19 04:00:50,385 | INFO  | SCMAudit | user=jenkins1000 | ip=192.168.34.50 | op=SEND_HEARTBEAT {datanodeUUID=164f4f1a-4ae3-4926-8bd0-17aa2d0a97c2, command=[]} | ret=SUCCESS |  
2019-09-19 04:00:50,390 [main] INFO  ozone.MiniOzoneClusterImpl (MiniOzoneClusterImpl.java:lambda$waitForClusterToBeReady$0(145)) - Nodes are ready. Got 7 of 7 DN Heartbeats.
2019-09-19 04:00:50,393 [main] INFO  ozone.MiniOzoneClusterImpl (MiniOzoneClusterImpl.java:lambda$waitForClusterToBeReady$0(148)) - Cluster exits safe mode
2019-09-19 04:00:50,393 [grpc-default-executor-6] INFO  impl.RaftServerProxy (RaftServerProxy.java:addNew(89)) - 164f4f1a-4ae3-4926-8bd0-17aa2d0a97c2: addNew group-73833CD13017:[164f4f1a-4ae3-4926-8bd0-17aa2d0a97c2:192.168.34.50:32852] returns group-73833CD13017:java.util.concurrent.CompletableFuture@1a6fef9b[Not completed]
2019-09-19 04:00:50,394 [pool-505-thread-1] INFO  impl.RaftServerImpl (RaftServerImpl.java:<init>(93)) - 164f4f1a-4ae3-4926-8bd0-17aa2d0a97c2: new RaftServerImpl for group-73833CD13017:[164f4f1a-4ae3-4926-8bd0-17aa2d0a97c2:192.168.34.50:32852] with ContainerStateMachine:uninitialized
2019-09-19 04:00:50,395 [pool-505-thread-1] INFO  server.RaftServerConfigKeys (ConfUtils.java:logGet(43)) - raft.server.rpc.timeout.min = 5s (custom)
2019-09-19 04:00:50,395 [pool-505-thread-1] INFO  server.RaftServerConfigKeys (ConfUtils.java:logGet(43)) - raft.server.rpc.timeout.max = 5200ms (custom)
2019-09-19 04:00:50,395 [pool-505-thread-1] INFO  server.RaftServerConfigKeys (ConfUtils.java:logGet(43)) - raft.server.rpcslowness.timeout = 120s (custom)
2019-09-19 04:00:50,395 [pool-505-thread-1] INFO  server.RaftServerConfigKeys (ConfUtils.java:logGet(43)) - raft.server.sleep.deviation.threshold = 300 (default)
2019-09-19 04:00:50,395 [pool-505-thread-1] INFO  server.RaftServerConfigKeys (ConfUtils.java:logGet(43)) - raft.server.log.appender.install.snapshot.enabled = false (custom)
2019-09-19 04:00:50,395 [pool-505-thread-1] INFO  impl.RaftServerImpl (ServerState.java:<init>(105)) - 164f4f1a-4ae3-4926-8bd0-17aa2d0a97c2:group-73833CD13017 ConfigurationManager, init=-1: [164f4f1a-4ae3-4926-8bd0-17aa2d0a97c2:192.168.34.50:32852], old=null, confs=<EMPTY_MAP>
2019-09-19 04:00:50,396 [pool-505-thread-1] INFO  server.RaftServerConfigKeys (ConfUtils.java:logGet(43)) - raft.server.storage.dir = [/workdir/hadoop-ozone/integration-test/target/test-dir/MiniOzoneClusterImpl-048a2d1c-ec68-42a5-b9aa-3373df324185/datanode-6/data/ratis] (custom)
2019-09-19 04:00:50,396 [pool-505-thread-1] INFO  storage.RaftStorageDirectory (RaftStorageDirectory.java:analyzeStorage(246)) - The storage directory /workdir/hadoop-ozone/integration-test/target/test-dir/MiniOzoneClusterImpl-048a2d1c-ec68-42a5-b9aa-3373df324185/datanode-6/data/ratis/f09e861e-3c31-4b45-81e8-73833cd13017 does not exist. Creating ...
2019-09-19 04:00:50,410 [pool-505-thread-1] INFO  storage.RaftStorageDirectory (RaftStorageDirectory.java:tryLock(328)) - Lock on /workdir/hadoop-ozone/integration-test/target/test-dir/MiniOzoneClusterImpl-048a2d1c-ec68-42a5-b9aa-3373df324185/datanode-6/data/ratis/f09e861e-3c31-4b45-81e8-73833cd13017/in_use.lock acquired by nodename 12279@pr-hdds-2034-srnhl-2452957315
2019-09-19 04:00:50,422 [main] INFO  rpc.RpcClient (RpcClient.java:createVolume(293)) - Creating Volume: testblockoutputstream, with jenkins1000 as owner.
2019-09-19 04:00:50,425 | INFO  | OMAudit | user=jenkins1000 | ip=127.0.0.1 | op=CREATE_VOLUME {admin=jenkins1000, owner=jenkins1000, volume=testblockoutputstream, creationTime=1568865650424, quotaInBytes=1152921504606846976} | ret=SUCCESS |  
2019-09-19 04:00:50,433 [pool-505-thread-1] INFO  storage.RaftStorage (RaftStorage.java:format(72)) - Storage directory /workdir/hadoop-ozone/integration-test/target/test-dir/MiniOzoneClusterImpl-048a2d1c-ec68-42a5-b9aa-3373df324185/datanode-6/data/ratis/f09e861e-3c31-4b45-81e8-73833cd13017 has been successfully formatted.
2019-09-19 04:00:50,434 | INFO  | OMAudit | user=jenkins1000 | ip=127.0.0.1 | op=READ_VOLUME {volume=testblockoutputstream} | ret=SUCCESS |  
2019-09-19 04:00:50,434 [pool-505-thread-1] INFO  ratis.ContainerStateMachine (ContainerStateMachine.java:loadSnapshot(226)) - group-73833CD13017: The snapshot info is null. Setting the last applied indexto:(t:0, i:~)
2019-09-19 04:00:50,435 [pool-505-thread-1] INFO  server.RaftServerConfigKeys (ConfUtils.java:logGet(43)) - raft.server.leader.election.timeout = 120s (custom)
2019-09-19 04:00:50,435 [pool-505-thread-1] INFO  server.RaftServerConfigKeys (ConfUtils.java:logGet(43)) - raft.server.log.use.memory = false (default)
2019-09-19 04:00:50,435 [pool-505-thread-1] INFO  server.RaftServerConfigKeys (ConfUtils.java:logGet(43)) - raft.server.log.purge.gap = 1000000 (custom)
2019-09-19 04:00:50,435 [pool-505-thread-1] INFO  server.RaftServerConfigKeys (ConfUtils.java:logGet(43)) - raft.server.log.appender.buffer.byte-limit = 33554432 (custom)
2019-09-19 04:00:50,435 [main] INFO  rpc.RpcClient (RpcClient.java:createBucket(432)) - Creating Bucket: testblockoutputstream/testblockoutputstream, with Versioning false and Storage Type set to DISK and Encryption set to false 
2019-09-19 04:00:50,435 [pool-505-thread-1] INFO  server.RaftServerConfigKeys (ConfUtils.java:logGet(43)) - raft.server.log.segment.size.max = 1048576 (custom)
2019-09-19 04:00:50,435 [pool-505-thread-1] INFO  server.RaftServerConfigKeys (ConfUtils.java:logGet(43)) - raft.server.log.segment.cache.num.max = 2 (custom)
2019-09-19 04:00:50,436 [pool-505-thread-1] INFO  segmented.SegmentedRaftLogWorker (SegmentedRaftLogWorker.java:<init>(172)) - new 164f4f1a-4ae3-4926-8bd0-17aa2d0a97c2-SegmentedRaftLogWorker:Storage Directory /workdir/hadoop-ozone/integration-test/target/test-dir/MiniOzoneClusterImpl-048a2d1c-ec68-42a5-b9aa-3373df324185/datanode-6/data/ratis/f09e861e-3c31-4b45-81e8-73833cd13017 for RaftStorage:Storage Directory /workdir/hadoop-ozone/integration-test/target/test-dir/MiniOzoneClusterImpl-048a2d1c-ec68-42a5-b9aa-3373df324185/datanode-6/data/ratis/f09e861e-3c31-4b45-81e8-73833cd13017
2019-09-19 04:00:50,436 [pool-505-thread-1] INFO  server.RaftServerConfigKeys (ConfUtils.java:logGet(43)) - raft.server.log.queue.byte-limit = 2147483647 (custom)
2019-09-19 04:00:50,436 [pool-505-thread-1] INFO  server.RaftServerConfigKeys (ConfUtils.java:logGet(43)) - raft.server.log.queue.element-limit = 1024 (custom)
2019-09-19 04:00:50,436 [pool-505-thread-1] INFO  server.RaftServerConfigKeys (ConfUtils.java:logGet(43)) - raft.server.log.segment.size.max = 1048576 (custom)
2019-09-19 04:00:50,436 [pool-505-thread-1] INFO  server.RaftServerConfigKeys (ConfUtils.java:logGet(43)) - raft.server.log.preallocated.size = 16384 (custom)
2019-09-19 04:00:50,436 [pool-505-thread-1] INFO  server.RaftServerConfigKeys (ConfUtils.java:logGet(43)) - raft.server.log.write.buffer.size = 33554432 (custom)
2019-09-19 04:00:50,438 [pool-505-thread-1] INFO  server.RaftServerConfigKeys (ConfUtils.java:logGet(43)) - raft.server.log.force.sync.num = 128 (default)
2019-09-19 04:00:50,438 [pool-505-thread-1] INFO  server.RaftServerConfigKeys (ConfUtils.java:logGet(43)) - raft.server.log.statemachine.data.sync = true (default)
2019-09-19 04:00:50,438 [pool-505-thread-1] INFO  server.RaftServerConfigKeys (ConfUtils.java:logGet(43)) - raft.server.log.statemachine.data.sync.timeout = 10s (default)
2019-09-19 04:00:50,438 [pool-505-thread-1] INFO  server.RaftServerConfigKeys (ConfUtils.java:logGet(43)) - raft.server.log.statemachine.data.sync.timeout.retry = -1 (default)
2019-09-19 04:00:50,438 | INFO  | OMAudit | user=jenkins1000 | ip=127.0.0.1 | op=CREATE_BUCKET {volume=testblockoutputstream, bucket=testblockoutputstream, acls=[user:jenkins1000:a[ACCESS], group:default:a[ACCESS]], isVersionEnabled=false, storageType=DISK, creationTime=0} | ret=SUCCESS |  
2019-09-19 04:00:50,438 [pool-505-thread-1] INFO  server.RaftServerConfigKeys (ConfUtils.java:logGet(43)) - raft.server.log.statemachine.data.caching.enabled = true (custom)
2019-09-19 04:00:50,439 [pool-505-thread-1] INFO  segmented.SegmentedRaftLogWorker (SegmentedRaftLogWorker.java:lambda$new$0(132)) - 164f4f1a-4ae3-4926-8bd0-17aa2d0a97c2-SegmentedRaftLogWorker:Storage Directory /workdir/hadoop-ozone/integration-test/target/test-dir/MiniOzoneClusterImpl-048a2d1c-ec68-42a5-b9aa-3373df324185/datanode-6/data/ratis/f09e861e-3c31-4b45-81e8-73833cd13017: flushIndex: setUnconditionally 0 -> -1
2019-09-19 04:00:50,439 [pool-505-thread-1] INFO  server.RaftServerConfigKeys (ConfUtils.java:logGet(43)) - raft.server.snapshot.auto.trigger.enabled = true (custom)
2019-09-19 04:00:50,439 [pool-505-thread-1] INFO  server.RaftServerConfigKeys (ConfUtils.java:logGet(43)) - raft.server.snapshot.auto.trigger.threshold = 10000 (custom)
2019-09-19 04:00:50,439 [pool-505-thread-1] INFO  server.RaftServerConfigKeys (ConfUtils.java:logGet(43)) - raft.server.retrycache.expirytime = 600000ms (custom)
2019-09-19 04:00:50,439 [pool-505-thread-1] INFO  impl.RaftServerImpl (RaftServerImpl.java:start(180)) - 164f4f1a-4ae3-4926-8bd0-17aa2d0a97c2: start group-73833CD13017
2019-09-19 04:00:50,440 [pool-505-thread-1] INFO  impl.RaftServerImpl (RaftServerImpl.java:setRole(171)) - 164f4f1a-4ae3-4926-8bd0-17aa2d0a97c2:group-73833CD13017 changes role from null to FOLLOWER at term 0 for startAsFollower
2019-09-19 04:00:50,440 [pool-505-thread-1] INFO  impl.RoleInfo (RoleInfo.java:updateAndGet(143)) - 164f4f1a-4ae3-4926-8bd0-17aa2d0a97c2: start FollowerState
2019-09-19 04:00:50,440 | INFO  | OMAudit | user=jenkins1000 | ip=127.0.0.1 | op=READ_VOLUME {volume=testblockoutputstream} | ret=SUCCESS |  
2019-09-19 04:00:50,440 [pool-505-thread-1] INFO  util.JmxRegister (JmxRegister.java:tryRegister(44)) - Successfully registered JMX Bean with object name Ratis:service=RaftServer,group=group-73833CD13017,id=164f4f1a-4ae3-4926-8bd0-17aa2d0a97c2
2019-09-19 04:00:50,442 | INFO  | OMAudit | user=jenkins1000 | ip=127.0.0.1 | op=READ_BUCKET {volume=testblockoutputstream, bucket=testblockoutputstream} | ret=SUCCESS |  
2019-09-19 04:00:50,442 [Command processor thread] INFO  commandhandler.CreatePipelineCommandHandler (CreatePipelineCommandHandler.java:handle(112)) - Create Pipeline RATIS ONE #PipelineID=f09e861e-3c31-4b45-81e8-73833cd13017 command succeed on datanode 164f4f1a-4ae3-4926-8bd0-17aa2d0a97c2.
2019-09-19 04:00:50,446 | INFO  | SCMAudit | user=jenkins1000 | ip=192.168.34.50 | op=ALLOCATE_BLOCK {owner=d4ed827d-d415-4ece-a220-52e0974fcd90, size=800, type=RATIS, factor=THREE} | ret=SUCCESS |  
2019-09-19 04:00:50,450 | INFO  | OMAudit | user=jenkins1000 | ip=127.0.0.1 | op=ALLOCATE_KEY {volume=testblockoutputstream, bucket=testblockoutputstream, key=c979e676-ebb2-42be-a5c6-7c653cfcf1a0, dataSize=0, replicationType=RATIS, replicationFactor=THREE, keyLocationInfo=null} | ret=SUCCESS |  
2019-09-19 04:00:50,475 [grpc-default-executor-6] INFO  client.GrpcClientProtocolClient (GrpcClientProtocolClient.java:onNext(255)) - client-B9AA895B6C26->d25e7fda-9a8e-4bab-8cc8-b0b4dcdb8785: receive RaftClientReply:client-B9AA895B6C26->d25e7fda-9a8e-4bab-8cc8-b0b4dcdb8785@group-E78588F04DBB, cid=175, FAILED org.apache.ratis.protocol.NotLeaderException: Server d25e7fda-9a8e-4bab-8cc8-b0b4dcdb8785 is not the leader (null). Request must be sent to leader., logIndex=0, commits[d25e7fda-9a8e-4bab-8cc8-b0b4dcdb8785:c-1]
2019-09-19 04:00:50,608 | INFO  | SCMAudit | user=jenkins1000 | ip=192.168.34.50 | op=SEND_HEARTBEAT {datanodeUUID=9845fec9-8f77-40ec-bd33-538f1e6b668f, command=[]} | ret=SUCCESS |  
2019-09-19 04:00:50,608 [EventQueue-CreatePipelineStatusForSCMPipelineManager] INFO  pipeline.SCMPipelineManager (SCMPipelineManager.java:onMessage(469)) - receive pipeline PipelineID=4660bd50-7b8f-43ef-828c-ea98f3180da4 create status EXECUTED
2019-09-19 04:00:50,609 [EventQueue-CreatePipelineStatusForSCMPipelineManager] INFO  pipeline.PipelineStateManager (PipelineStateManager.java:openPipeline(134)) - Pipeline Pipeline[ Id: 4660bd50-7b8f-43ef-828c-ea98f3180da4, Nodes: 9845fec9-8f77-40ec-bd33-538f1e6b668f{ip: 192.168.34.50, host: pr-hdds-2034-srnhl-2452957315, networkLocation: /default-rack, certSerialId: null}, Type:RATIS, Factor:ONE, State:ALLOCATED] moved to OPEN state
add pipeline PipelineID=4660bd50-7b8f-43ef-828c-ea98f3180da4 to metrics map
2019-09-19 04:00:50,609 [EventQueue-CreatePipelineStatusForSCMPipelineManager] INFO  pipeline.SCMPipelineManager (SCMPipelineManager.java:onMessage(469)) - receive pipeline PipelineID=0e965e4f-9d18-40ec-afec-2b25f1690fa2 create status EXECUTED
2019-09-19 04:00:50,609 [EventQueue-CreatePipelineStatusForSCMPipelineManager] INFO  pipeline.PipelineStateManager (PipelineStateManager.java:openPipeline(134)) - Pipeline Pipeline[ Id: 0e965e4f-9d18-40ec-afec-2b25f1690fa2, Nodes: 948582b7-4442-4302-80ff-48806e2acd06{ip: 192.168.34.50, host: pr-hdds-2034-srnhl-2452957315, networkLocation: /default-rack, certSerialId: null}3e5711c1-8fa4-42b5-a674-46644d3368a7{ip: 192.168.34.50, host: pr-hdds-2034-srnhl-2452957315, networkLocation: /default-rack, certSerialId: null}9845fec9-8f77-40ec-bd33-538f1e6b668f{ip: 192.168.34.50, host: pr-hdds-2034-srnhl-2452957315, networkLocation: /default-rack, certSerialId: null}, Type:RATIS, Factor:THREE, State:ALLOCATED] moved to OPEN state
add pipeline PipelineID=0e965e4f-9d18-40ec-afec-2b25f1690fa2 to metrics map
2019-09-19 04:00:50,625 | INFO  | SCMAudit | user=jenkins1000 | ip=192.168.34.50 | op=SEND_HEARTBEAT {datanodeUUID=d25e7fda-9a8e-4bab-8cc8-b0b4dcdb8785, command=[]} | ret=SUCCESS |  
2019-09-19 04:00:50,625 [EventQueue-CreatePipelineStatusForSCMPipelineManager] INFO  pipeline.SCMPipelineManager (SCMPipelineManager.java:onMessage(469)) - receive pipeline PipelineID=74a97e67-95b9-4b24-b008-2bb0b1d82237 create status EXECUTED
2019-09-19 04:00:50,625 [EventQueue-CreatePipelineStatusForSCMPipelineManager] INFO  pipeline.PipelineStateManager (PipelineStateManager.java:openPipeline(134)) - Pipeline Pipeline[ Id: 74a97e67-95b9-4b24-b008-2bb0b1d82237, Nodes: d25e7fda-9a8e-4bab-8cc8-b0b4dcdb8785{ip: 192.168.34.50, host: pr-hdds-2034-srnhl-2452957315, networkLocation: /default-rack, certSerialId: null}, Type:RATIS, Factor:ONE, State:ALLOCATED] moved to OPEN state
add pipeline PipelineID=74a97e67-95b9-4b24-b008-2bb0b1d82237 to metrics map
2019-09-19 04:00:50,626 [EventQueue-CreatePipelineStatusForSCMPipelineManager] INFO  pipeline.SCMPipelineManager (SCMPipelineManager.java:onMessage(469)) - receive pipeline PipelineID=f44540f4-192f-4905-ad79-e78588f04dbb create status EXECUTED
2019-09-19 04:00:50,847 | INFO  | SCMAudit | user=jenkins1000 | ip=192.168.34.50 | op=SEND_HEARTBEAT {datanodeUUID=3e5711c1-8fa4-42b5-a674-46644d3368a7, command=[]} | ret=SUCCESS |  
2019-09-19 04:00:50,847 [EventQueue-CreatePipelineStatusForSCMPipelineManager] INFO  pipeline.SCMPipelineManager (SCMPipelineManager.java:onMessage(469)) - receive pipeline PipelineID=fcc36b2c-eb97-46e2-8b3a-4f929088e8b4 create status EXECUTED
2019-09-19 04:00:50,847 [EventQueue-CreatePipelineStatusForSCMPipelineManager] INFO  pipeline.PipelineStateManager (PipelineStateManager.java:openPipeline(134)) - Pipeline Pipeline[ Id: fcc36b2c-eb97-46e2-8b3a-4f929088e8b4, Nodes: 3e5711c1-8fa4-42b5-a674-46644d3368a7{ip: 192.168.34.50, host: pr-hdds-2034-srnhl-2452957315, networkLocation: /default-rack, certSerialId: null}, Type:RATIS, Factor:ONE, State:ALLOCATED] moved to OPEN state
add pipeline PipelineID=fcc36b2c-eb97-46e2-8b3a-4f929088e8b4 to metrics map
2019-09-19 04:00:50,848 [EventQueue-CreatePipelineStatusForSCMPipelineManager] INFO  pipeline.SCMPipelineManager (SCMPipelineManager.java:onMessage(469)) - receive pipeline PipelineID=0e965e4f-9d18-40ec-afec-2b25f1690fa2 create status EXECUTED
2019-09-19 04:00:50,856 | INFO  | SCMAudit | user=jenkins1000 | ip=192.168.34.50 | op=SEND_HEARTBEAT {datanodeUUID=d3468b2f-addf-437d-a2ce-dcff5006d770, command=[]} | ret=SUCCESS |  
2019-09-19 04:00:50,856 [EventQueue-CreatePipelineStatusForSCMPipelineManager] INFO  pipeline.SCMPipelineManager (SCMPipelineManager.java:onMessage(469)) - receive pipeline PipelineID=efb1a84a-0f05-464b-88aa-97c6ce44b821 create status EXECUTED
2019-09-19 04:00:50,856 [EventQueue-CreatePipelineStatusForSCMPipelineManager] INFO  pipeline.PipelineStateManager (PipelineStateManager.java:openPipeline(134)) - Pipeline Pipeline[ Id: efb1a84a-0f05-464b-88aa-97c6ce44b821, Nodes: d3468b2f-addf-437d-a2ce-dcff5006d770{ip: 192.168.34.50, host: pr-hdds-2034-srnhl-2452957315, networkLocation: /default-rack, certSerialId: null}, Type:RATIS, Factor:ONE, State:ALLOCATED] moved to OPEN state
add pipeline PipelineID=efb1a84a-0f05-464b-88aa-97c6ce44b821 to metrics map
2019-09-19 04:00:50,857 [EventQueue-CreatePipelineStatusForSCMPipelineManager] INFO  pipeline.SCMPipelineManager (SCMPipelineManager.java:onMessage(469)) - receive pipeline PipelineID=f44540f4-192f-4905-ad79-e78588f04dbb create status EXECUTED
add pipeline PipelineID=f44540f4-192f-4905-ad79-e78588f04dbb to metrics map
2019-09-19 04:00:51,119 | INFO  | SCMAudit | user=jenkins1000 | ip=192.168.34.50 | op=SEND_HEARTBEAT {datanodeUUID=948582b7-4442-4302-80ff-48806e2acd06, command=[]} | ret=SUCCESS |  
2019-09-19 04:00:51,119 [EventQueue-CreatePipelineStatusForSCMPipelineManager] INFO  pipeline.SCMPipelineManager (SCMPipelineManager.java:onMessage(469)) - receive pipeline PipelineID=4b9e365c-cbf8-417b-9633-4a61c58abff6 create status EXECUTED
2019-09-19 04:00:51,119 [EventQueue-CreatePipelineStatusForSCMPipelineManager] INFO  pipeline.PipelineStateManager (PipelineStateManager.java:openPipeline(134)) - Pipeline Pipeline[ Id: 4b9e365c-cbf8-417b-9633-4a61c58abff6, Nodes: 948582b7-4442-4302-80ff-48806e2acd06{ip: 192.168.34.50, host: pr-hdds-2034-srnhl-2452957315, networkLocation: /default-rack, certSerialId: null}, Type:RATIS, Factor:ONE, State:ALLOCATED] moved to OPEN state
add pipeline PipelineID=4b9e365c-cbf8-417b-9633-4a61c58abff6 to metrics map
2019-09-19 04:00:51,119 [EventQueue-CreatePipelineStatusForSCMPipelineManager] INFO  pipeline.SCMPipelineManager (SCMPipelineManager.java:onMessage(469)) - receive pipeline PipelineID=0e965e4f-9d18-40ec-afec-2b25f1690fa2 create status EXECUTED
add pipeline PipelineID=0e965e4f-9d18-40ec-afec-2b25f1690fa2 to metrics map
2019-09-19 04:00:51,379 | INFO  | SCMAudit | user=jenkins1000 | ip=192.168.34.50 | op=SEND_HEARTBEAT {datanodeUUID=87042b6f-033e-4b4e-b209-b9cca192af80, command=[]} | ret=SUCCESS |  
2019-09-19 04:00:51,385 | INFO  | SCMAudit | user=jenkins1000 | ip=192.168.34.50 | op=SEND_HEARTBEAT {datanodeUUID=164f4f1a-4ae3-4926-8bd0-17aa2d0a97c2, command=[]} | ret=SUCCESS |  
2019-09-19 04:00:51,489 [grpc-default-executor-3] INFO  client.GrpcClientProtocolClient (GrpcClientProtocolClient.java:onNext(255)) - client-B9AA895B6C26->d3468b2f-addf-437d-a2ce-dcff5006d770: receive RaftClientReply:client-B9AA895B6C26->d3468b2f-addf-437d-a2ce-dcff5006d770@group-E78588F04DBB, cid=175, FAILED org.apache.ratis.protocol.NotLeaderException: Server d3468b2f-addf-437d-a2ce-dcff5006d770 is not the leader (null). Request must be sent to leader., logIndex=0, commits[d3468b2f-addf-437d-a2ce-dcff5006d770:c-1]
2019-09-19 04:00:51,607 | INFO  | SCMAudit | user=jenkins1000 | ip=192.168.34.50 | op=SEND_HEARTBEAT {datanodeUUID=9845fec9-8f77-40ec-bd33-538f1e6b668f, command=[]} | ret=SUCCESS |  
2019-09-19 04:00:51,625 | INFO  | SCMAudit | user=jenkins1000 | ip=192.168.34.50 | op=SEND_HEARTBEAT {datanodeUUID=d25e7fda-9a8e-4bab-8cc8-b0b4dcdb8785, command=[]} | ret=SUCCESS |  
2019-09-19 04:00:51,846 | INFO  | SCMAudit | user=jenkins1000 | ip=192.168.34.50 | op=SEND_HEARTBEAT {datanodeUUID=3e5711c1-8fa4-42b5-a674-46644d3368a7, command=[]} | ret=SUCCESS |  
2019-09-19 04:00:51,856 | INFO  | SCMAudit | user=jenkins1000 | ip=192.168.34.50 | op=SEND_HEARTBEAT {datanodeUUID=d3468b2f-addf-437d-a2ce-dcff5006d770, command=[]} | ret=SUCCESS |  
2019-09-19 04:00:52,119 | INFO  | SCMAudit | user=jenkins1000 | ip=192.168.34.50 | op=SEND_HEARTBEAT {datanodeUUID=948582b7-4442-4302-80ff-48806e2acd06, command=[]} | ret=SUCCESS |  
2019-09-19 04:00:52,379 | INFO  | SCMAudit | user=jenkins1000 | ip=192.168.34.50 | op=SEND_HEARTBEAT {datanodeUUID=87042b6f-033e-4b4e-b209-b9cca192af80, command=[]} | ret=SUCCESS |  
2019-09-19 04:00:52,385 | INFO  | SCMAudit | user=jenkins1000 | ip=192.168.34.50 | op=SEND_HEARTBEAT {datanodeUUID=164f4f1a-4ae3-4926-8bd0-17aa2d0a97c2, command=[]} | ret=SUCCESS |  
2019-09-19 04:00:52,385 [EventQueue-CreatePipelineStatusForSCMPipelineManager] INFO  pipeline.SCMPipelineManager (SCMPipelineManager.java:onMessage(469)) - receive pipeline PipelineID=f09e861e-3c31-4b45-81e8-73833cd13017 create status EXECUTED
2019-09-19 04:00:52,385 [EventQueue-CreatePipelineStatusForSCMPipelineManager] INFO  pipeline.PipelineStateManager (PipelineStateManager.java:openPipeline(134)) - Pipeline Pipeline[ Id: f09e861e-3c31-4b45-81e8-73833cd13017, Nodes: 164f4f1a-4ae3-4926-8bd0-17aa2d0a97c2{ip: 192.168.34.50, host: pr-hdds-2034-srnhl-2452957315, networkLocation: /default-rack, certSerialId: null}, Type:RATIS, Factor:ONE, State:ALLOCATED] moved to OPEN state
add pipeline PipelineID=f09e861e-3c31-4b45-81e8-73833cd13017 to metrics map
2019-09-19 04:00:52,498 [grpc-default-executor-6] INFO  client.GrpcClientProtocolClient (GrpcClientProtocolClient.java:onNext(255)) - client-B9AA895B6C26->d25e7fda-9a8e-4bab-8cc8-b0b4dcdb8785: receive RaftClientReply:client-B9AA895B6C26->d25e7fda-9a8e-4bab-8cc8-b0b4dcdb8785@group-E78588F04DBB, cid=175, FAILED org.apache.ratis.protocol.NotLeaderException: Server d25e7fda-9a8e-4bab-8cc8-b0b4dcdb8785 is not the leader (null). Request must be sent to leader., logIndex=0, commits[d25e7fda-9a8e-4bab-8cc8-b0b4dcdb8785:c-1]
2019-09-19 04:00:52,608 | INFO  | SCMAudit | user=jenkins1000 | ip=192.168.34.50 | op=SEND_HEARTBEAT {datanodeUUID=9845fec9-8f77-40ec-bd33-538f1e6b668f, command=[]} | ret=SUCCESS |  
2019-09-19 04:00:52,625 | INFO  | SCMAudit | user=jenkins1000 | ip=192.168.34.50 | op=SEND_HEARTBEAT {datanodeUUID=d25e7fda-9a8e-4bab-8cc8-b0b4dcdb8785, command=[]} | ret=SUCCESS |  
2019-09-19 04:00:52,846 | INFO  | SCMAudit | user=jenkins1000 | ip=192.168.34.50 | op=SEND_HEARTBEAT {datanodeUUID=3e5711c1-8fa4-42b5-a674-46644d3368a7, command=[]} | ret=SUCCESS |  
2019-09-19 04:00:52,856 | INFO  | SCMAudit | user=jenkins1000 | ip=192.168.34.50 | op=SEND_HEARTBEAT {datanodeUUID=d3468b2f-addf-437d-a2ce-dcff5006d770, command=[]} | ret=SUCCESS |  
2019-09-19 04:00:53,119 | INFO  | SCMAudit | user=jenkins1000 | ip=192.168.34.50 | op=SEND_HEARTBEAT {datanodeUUID=948582b7-4442-4302-80ff-48806e2acd06, command=[]} | ret=SUCCESS |  
2019-09-19 04:00:53,379 | INFO  | SCMAudit | user=jenkins1000 | ip=192.168.34.50 | op=SEND_HEARTBEAT {datanodeUUID=87042b6f-033e-4b4e-b209-b9cca192af80, command=[]} | ret=SUCCESS |  
2019-09-19 04:00:53,385 | INFO  | SCMAudit | user=jenkins1000 | ip=192.168.34.50 | op=SEND_HEARTBEAT {datanodeUUID=164f4f1a-4ae3-4926-8bd0-17aa2d0a97c2, command=[]} | ret=SUCCESS |  
2019-09-19 04:00:53,385 [Thread-3373] INFO  container.ReplicationManager (ReplicationManager.java:start(151)) - Starting Replication Monitor Thread.
2019-09-19 04:00:53,389 [ReplicationMonitor] INFO  container.ReplicationManager (ReplicationManager.java:run(214)) - Replication Monitor Thread took 0 milliseconds for processing 1 containers.
2019-09-19 04:00:53,507 [grpc-default-executor-3] INFO  client.GrpcClientProtocolClient (GrpcClientProtocolClient.java:onNext(255)) - client-B9AA895B6C26->87042b6f-033e-4b4e-b209-b9cca192af80: receive RaftClientReply:client-B9AA895B6C26->87042b6f-033e-4b4e-b209-b9cca192af80@group-E78588F04DBB, cid=175, FAILED org.apache.ratis.protocol.NotLeaderException: Server 87042b6f-033e-4b4e-b209-b9cca192af80 is not the leader (null). Request must be sent to leader., logIndex=0, commits[87042b6f-033e-4b4e-b209-b9cca192af80:c-1]
2019-09-19 04:00:53,608 | INFO  | SCMAudit | user=jenkins1000 | ip=192.168.34.50 | op=SEND_HEARTBEAT {datanodeUUID=9845fec9-8f77-40ec-bd33-538f1e6b668f, command=[]} | ret=SUCCESS |  
2019-09-19 04:00:53,626 | INFO  | SCMAudit | user=jenkins1000 | ip=192.168.34.50 | op=SEND_HEARTBEAT {datanodeUUID=d25e7fda-9a8e-4bab-8cc8-b0b4dcdb8785, command=[]} | ret=SUCCESS |  
2019-09-19 04:00:53,785 [Thread-3333] INFO  impl.FollowerState (FollowerState.java:run(106)) - d25e7fda-9a8e-4bab-8cc8-b0b4dcdb8785:group-2BB0B1D82237 changes to CANDIDATE, lastRpcTime:5081, electionTimeout:5081ms
2019-09-19 04:00:53,785 [Thread-3333] INFO  impl.RoleInfo (RoleInfo.java:shutdownFollowerState(121)) - d25e7fda-9a8e-4bab-8cc8-b0b4dcdb8785: shutdown FollowerState
2019-09-19 04:00:53,785 [Thread-3333] INFO  impl.RaftServerImpl (RaftServerImpl.java:setRole(171)) - d25e7fda-9a8e-4bab-8cc8-b0b4dcdb8785:group-2BB0B1D82237 changes role from FOLLOWER to CANDIDATE at term 0 for changeToCandidate
2019-09-19 04:00:53,785 [Thread-3333] INFO  impl.RoleInfo (RoleInfo.java:updateAndGet(143)) - d25e7fda-9a8e-4bab-8cc8-b0b4dcdb8785: start LeaderElection
2019-09-19 04:00:53,806 [d25e7fda-9a8e-4bab-8cc8-b0b4dcdb8785:group-2BB0B1D82237:LeaderElection54] INFO  impl.LeaderElection (LeaderElection.java:askForVotes(181)) - d25e7fda-9a8e-4bab-8cc8-b0b4dcdb8785:group-2BB0B1D82237:LeaderElection54: begin an election at term 1 for -1: [d25e7fda-9a8e-4bab-8cc8-b0b4dcdb8785:192.168.34.50:45400], old=null
2019-09-19 04:00:53,806 [d25e7fda-9a8e-4bab-8cc8-b0b4dcdb8785:group-2BB0B1D82237:LeaderElection54] INFO  impl.RoleInfo (RoleInfo.java:shutdownLeaderElection(134)) - d25e7fda-9a8e-4bab-8cc8-b0b4dcdb8785: shutdown LeaderElection
2019-09-19 04:00:53,806 [d25e7fda-9a8e-4bab-8cc8-b0b4dcdb8785:group-2BB0B1D82237:LeaderElection54] INFO  impl.RaftServerImpl (RaftServerImpl.java:setRole(171)) - d25e7fda-9a8e-4bab-8cc8-b0b4dcdb8785:group-2BB0B1D82237 changes role from CANDIDATE to LEADER at term 1 for changeToLeader
2019-09-19 04:00:53,807 [d25e7fda-9a8e-4bab-8cc8-b0b4dcdb8785:group-2BB0B1D82237:LeaderElection54] INFO  impl.RaftServerImpl (ServerState.java:setLeader(263)) - d25e7fda-9a8e-4bab-8cc8-b0b4dcdb8785:group-2BB0B1D82237 change Leader from null to d25e7fda-9a8e-4bab-8cc8-b0b4dcdb8785 at term 1 for becomeLeader, leader elected after 5111ms
2019-09-19 04:00:53,807 [d25e7fda-9a8e-4bab-8cc8-b0b4dcdb8785:group-2BB0B1D82237:LeaderElection54] INFO  server.RaftServerConfigKeys (ConfUtils.java:logGet(43)) - raft.server.staging.catchup.gap = 1000 (default)
2019-09-19 04:00:53,807 [d25e7fda-9a8e-4bab-8cc8-b0b4dcdb8785:group-2BB0B1D82237:LeaderElection54] INFO  server.RaftServerConfigKeys (ConfUtils.java:logGet(43)) - raft.server.rpc.sleep.time = 25ms (default)
2019-09-19 04:00:53,807 [d25e7fda-9a8e-4bab-8cc8-b0b4dcdb8785:group-2BB0B1D82237:LeaderElection54] INFO  server.RaftServerConfigKeys (ConfUtils.java:logGet(43)) - raft.server.write.element-limit = 4096 (default)
2019-09-19 04:00:53,808 [d25e7fda-9a8e-4bab-8cc8-b0b4dcdb8785:group-2BB0B1D82237:LeaderElection54] INFO  server.RaftServerConfigKeys (ConfUtils.java:logGet(43)) - raft.server.watch.timeout = 10s (default)
2019-09-19 04:00:53,808 [d25e7fda-9a8e-4bab-8cc8-b0b4dcdb8785:group-2BB0B1D82237:LeaderElection54] INFO  server.RaftServerConfigKeys (ConfUtils.java:logGet(43)) - raft.server.watch.timeout.denomination = 1s (default)
2019-09-19 04:00:53,808 [d25e7fda-9a8e-4bab-8cc8-b0b4dcdb8785:group-2BB0B1D82237:LeaderElection54] INFO  server.RaftServerConfigKeys (ConfUtils.java:logGet(43)) - raft.server.watch.element-limit = 65536 (default)
2019-09-19 04:00:53,808 [d25e7fda-9a8e-4bab-8cc8-b0b4dcdb8785:group-2BB0B1D82237:LeaderElection54] INFO  impl.RoleInfo (RoleInfo.java:updateAndGet(143)) - d25e7fda-9a8e-4bab-8cc8-b0b4dcdb8785: start LeaderState
2019-09-19 04:00:53,809 [d25e7fda-9a8e-4bab-8cc8-b0b4dcdb8785:group-2BB0B1D82237:LeaderElection54] INFO  segmented.SegmentedRaftLogWorker (SegmentedRaftLogWorker.java:startLogSegment(380)) - d25e7fda-9a8e-4bab-8cc8-b0b4dcdb8785-SegmentedRaftLogWorker:Storage Directory /workdir/hadoop-ozone/integration-test/target/test-dir/MiniOzoneClusterImpl-048a2d1c-ec68-42a5-b9aa-3373df324185/datanode-0/data/ratis/74a97e67-95b9-4b24-b008-2bb0b1d82237: Starting segment from index:0
2019-09-19 04:00:53,810 [d25e7fda-9a8e-4bab-8cc8-b0b4dcdb8785:group-2BB0B1D82237:LeaderElection54] INFO  impl.RaftServerImpl (ServerState.java:setRaftConf(361)) - d25e7fda-9a8e-4bab-8cc8-b0b4dcdb8785:group-2BB0B1D82237 set configuration 0: [d25e7fda-9a8e-4bab-8cc8-b0b4dcdb8785:192.168.34.50:45400], old=null at 0
2019-09-19 04:00:53,847 | INFO  | SCMAudit | user=jenkins1000 | ip=192.168.34.50 | op=SEND_HEARTBEAT {datanodeUUID=3e5711c1-8fa4-42b5-a674-46644d3368a7, command=[]} | ret=SUCCESS |  
2019-09-19 04:00:53,856 | INFO  | SCMAudit | user=jenkins1000 | ip=192.168.34.50 | op=SEND_HEARTBEAT {datanodeUUID=d3468b2f-addf-437d-a2ce-dcff5006d770, command=[]} | ret=SUCCESS |  
2019-09-19 04:00:53,859 [d25e7fda-9a8e-4bab-8cc8-b0b4dcdb8785-SegmentedRaftLogWorker:Storage Directory /workdir/hadoop-ozone/integration-test/target/test-dir/MiniOzoneClusterImpl-048a2d1c-ec68-42a5-b9aa-3373df324185/datanode-0/data/ratis/74a97e67-95b9-4b24-b008-2bb0b1d82237] INFO  segmented.SegmentedRaftLogWorker (SegmentedRaftLogWorker.java:execute(569)) - d25e7fda-9a8e-4bab-8cc8-b0b4dcdb8785-SegmentedRaftLogWorker:Storage Directory /workdir/hadoop-ozone/integration-test/target/test-dir/MiniOzoneClusterImpl-048a2d1c-ec68-42a5-b9aa-3373df324185/datanode-0/data/ratis/74a97e67-95b9-4b24-b008-2bb0b1d82237: created new log segment /workdir/hadoop-ozone/integration-test/target/test-dir/MiniOzoneClusterImpl-048a2d1c-ec68-42a5-b9aa-3373df324185/datanode-0/data/ratis/74a97e67-95b9-4b24-b008-2bb0b1d82237/current/log_inprogress_0
2019-09-19 04:00:53,880 [Thread-3336] INFO  impl.FollowerState (FollowerState.java:run(106)) - d25e7fda-9a8e-4bab-8cc8-b0b4dcdb8785:group-E78588F04DBB changes to CANDIDATE, lastRpcTime:5132, electionTimeout:5132ms
2019-09-19 04:00:53,880 [Thread-3336] INFO  impl.RoleInfo (RoleInfo.java:shutdownFollowerState(121)) - d25e7fda-9a8e-4bab-8cc8-b0b4dcdb8785: shutdown FollowerState
2019-09-19 04:00:53,880 [Thread-3336] INFO  impl.RaftServerImpl (RaftServerImpl.java:setRole(171)) - d25e7fda-9a8e-4bab-8cc8-b0b4dcdb8785:group-E78588F04DBB changes role from FOLLOWER to CANDIDATE at term 0 for changeToCandidate
2019-09-19 04:00:53,880 [Thread-3336] INFO  impl.RoleInfo (RoleInfo.java:updateAndGet(143)) - d25e7fda-9a8e-4bab-8cc8-b0b4dcdb8785: start LeaderElection
2019-09-19 04:00:53,901 [d25e7fda-9a8e-4bab-8cc8-b0b4dcdb8785:group-E78588F04DBB:LeaderElection55] INFO  impl.LeaderElection (LeaderElection.java:askForVotes(181)) - d25e7fda-9a8e-4bab-8cc8-b0b4dcdb8785:group-E78588F04DBB:LeaderElection55: begin an election at term 1 for -1: [87042b6f-033e-4b4e-b209-b9cca192af80:192.168.34.50:39314, d3468b2f-addf-437d-a2ce-dcff5006d770:192.168.34.50:41385, d25e7fda-9a8e-4bab-8cc8-b0b4dcdb8785:192.168.34.50:45400], old=null
2019-09-19 04:00:53,907 [grpc-default-executor-3] INFO  impl.RaftServerImpl (RaftServerImpl.java:setRole(171)) - d3468b2f-addf-437d-a2ce-dcff5006d770:group-E78588F04DBB changes role from FOLLOWER to FOLLOWER at term 1 for recognizeCandidate:d25e7fda-9a8e-4bab-8cc8-b0b4dcdb8785
2019-09-19 04:00:53,911 [grpc-default-executor-6] INFO  impl.RaftServerImpl (RaftServerImpl.java:setRole(171)) - 87042b6f-033e-4b4e-b209-b9cca192af80:group-E78588F04DBB changes role from FOLLOWER to FOLLOWER at term 1 for recognizeCandidate:d25e7fda-9a8e-4bab-8cc8-b0b4dcdb8785
2019-09-19 04:00:53,911 [grpc-default-executor-3] INFO  impl.RoleInfo (RoleInfo.java:shutdownFollowerState(121)) - d3468b2f-addf-437d-a2ce-dcff5006d770: shutdown FollowerState
2019-09-19 04:00:53,911 [grpc-default-executor-6] INFO  impl.RoleInfo (RoleInfo.java:shutdownFollowerState(121)) - 87042b6f-033e-4b4e-b209-b9cca192af80: shutdown FollowerState
2019-09-19 04:00:53,911 [grpc-default-executor-3] INFO  impl.RoleInfo (RoleInfo.java:updateAndGet(143)) - d3468b2f-addf-437d-a2ce-dcff5006d770: start FollowerState
2019-09-19 04:00:53,912 [Thread-3348] INFO  impl.FollowerState (FollowerState.java:run(114)) - 87042b6f-033e-4b4e-b209-b9cca192af80: FollowerState was interrupted: java.lang.InterruptedException: sleep interrupted
2019-09-19 04:00:53,912 [grpc-default-executor-6] INFO  impl.RoleInfo (RoleInfo.java:updateAndGet(143)) - 87042b6f-033e-4b4e-b209-b9cca192af80: start FollowerState
2019-09-19 04:00:53,912 [Thread-3342] INFO  impl.FollowerState (FollowerState.java:run(114)) - d3468b2f-addf-437d-a2ce-dcff5006d770: FollowerState was interrupted: java.lang.InterruptedException: sleep interrupted
2019-09-19 04:00:53,930 [d25e7fda-9a8e-4bab-8cc8-b0b4dcdb8785:group-E78588F04DBB:LeaderElection55] INFO  impl.LeaderElection (LeaderElection.java:logAndReturn(56)) - d25e7fda-9a8e-4bab-8cc8-b0b4dcdb8785:group-E78588F04DBB:LeaderElection55: Election PASSED; received 1 response(s) [d25e7fda-9a8e-4bab-8cc8-b0b4dcdb8785<-87042b6f-033e-4b4e-b209-b9cca192af80#0:OK-t1] and 0 exception(s); d25e7fda-9a8e-4bab-8cc8-b0b4dcdb8785:t1, leader=null, voted=d25e7fda-9a8e-4bab-8cc8-b0b4dcdb8785, raftlog=d25e7fda-9a8e-4bab-8cc8-b0b4dcdb8785-SegmentedRaftLog:OPENED:c-1,f-1,i0, conf=-1: [87042b6f-033e-4b4e-b209-b9cca192af80:192.168.34.50:39314, d3468b2f-addf-437d-a2ce-dcff5006d770:192.168.34.50:41385, d25e7fda-9a8e-4bab-8cc8-b0b4dcdb8785:192.168.34.50:45400], old=null
2019-09-19 04:00:53,930 [d25e7fda-9a8e-4bab-8cc8-b0b4dcdb8785:group-E78588F04DBB:LeaderElection55] INFO  impl.RoleInfo (RoleInfo.java:shutdownLeaderElection(134)) - d25e7fda-9a8e-4bab-8cc8-b0b4dcdb8785: shutdown LeaderElection
2019-09-19 04:00:53,930 [d25e7fda-9a8e-4bab-8cc8-b0b4dcdb8785:group-E78588F04DBB:LeaderElection55] INFO  impl.RaftServerImpl (RaftServerImpl.java:setRole(171)) - d25e7fda-9a8e-4bab-8cc8-b0b4dcdb8785:group-E78588F04DBB changes role from CANDIDATE to LEADER at term 1 for changeToLeader
2019-09-19 04:00:53,930 [d25e7fda-9a8e-4bab-8cc8-b0b4dcdb8785:group-E78588F04DBB:LeaderElection55] INFO  impl.RaftServerImpl (ServerState.java:setLeader(263)) - d25e7fda-9a8e-4bab-8cc8-b0b4dcdb8785:group-E78588F04DBB change Leader from null to d25e7fda-9a8e-4bab-8cc8-b0b4dcdb8785 at term 1 for becomeLeader, leader elected after 5186ms
2019-09-19 04:00:53,931 [d25e7fda-9a8e-4bab-8cc8-b0b4dcdb8785:group-E78588F04DBB:LeaderElection55] INFO  server.RaftServerConfigKeys (ConfUtils.java:logGet(43)) - raft.server.staging.catchup.gap = 1000 (default)
2019-09-19 04:00:53,931 [d25e7fda-9a8e-4bab-8cc8-b0b4dcdb8785:group-E78588F04DBB:LeaderElection55] INFO  server.RaftServerConfigKeys (ConfUtils.java:logGet(43)) - raft.server.rpc.sleep.time = 25ms (default)
2019-09-19 04:00:53,931 [d25e7fda-9a8e-4bab-8cc8-b0b4dcdb8785:group-E78588F04DBB:LeaderElection55] INFO  server.RaftServerConfigKeys (ConfUtils.java:logGet(43)) - raft.server.write.element-limit = 4096 (default)
2019-09-19 04:00:53,931 [d25e7fda-9a8e-4bab-8cc8-b0b4dcdb8785:group-E78588F04DBB:LeaderElection55] INFO  server.RaftServerConfigKeys (ConfUtils.java:logGet(43)) - raft.server.watch.timeout = 10s (default)
2019-09-19 04:00:53,931 [d25e7fda-9a8e-4bab-8cc8-b0b4dcdb8785:group-E78588F04DBB:LeaderElection55] INFO  server.RaftServerConfigKeys (ConfUtils.java:logGet(43)) - raft.server.watch.timeout.denomination = 1s (default)
2019-09-19 04:00:53,931 [d25e7fda-9a8e-4bab-8cc8-b0b4dcdb8785:group-E78588F04DBB:LeaderElection55] INFO  server.RaftServerConfigKeys (ConfUtils.java:logGet(43)) - raft.server.watch.element-limit = 65536 (default)
2019-09-19 04:00:53,932 [d25e7fda-9a8e-4bab-8cc8-b0b4dcdb8785:group-E78588F04DBB:LeaderElection55] INFO  server.RaftServerConfigKeys (ConfUtils.java:logGet(43)) - raft.server.log.appender.snapshot.chunk.size.max = 16MB (=16777216) (default)
2019-09-19 04:00:53,932 [d25e7fda-9a8e-4bab-8cc8-b0b4dcdb8785:group-E78588F04DBB:LeaderElection55] INFO  server.RaftServerConfigKeys (ConfUtils.java:logGet(43)) - raft.server.log.appender.buffer.byte-limit = 33554432 (custom)
2019-09-19 04:00:53,932 [d25e7fda-9a8e-4bab-8cc8-b0b4dcdb8785:group-E78588F04DBB:LeaderElection55] INFO  server.RaftServerConfigKeys (ConfUtils.java:logGet(43)) - raft.server.log.appender.buffer.element-limit = 1 (custom)
2019-09-19 04:00:53,933 [d25e7fda-9a8e-4bab-8cc8-b0b4dcdb8785:group-E78588F04DBB:LeaderElection55] INFO  grpc.GrpcConfigKeys$Server (ConfUtils.java:logGet(43)) - raft.grpc.server.leader.outstanding.appends.max = 128 (default)
2019-09-19 04:00:53,933 [d25e7fda-9a8e-4bab-8cc8-b0b4dcdb8785:group-E78588F04DBB:LeaderElection55] INFO  server.RaftServerConfigKeys (ConfUtils.java:logGet(43)) - raft.server.rpc.request.timeout = 3000ms (default)
2019-09-19 04:00:53,933 [d25e7fda-9a8e-4bab-8cc8-b0b4dcdb8785:group-E78588F04DBB:LeaderElection55] INFO  server.RaftServerConfigKeys (ConfUtils.java:logGet(43)) - raft.server.log.appender.install.snapshot.enabled = false (custom)
2019-09-19 04:00:53,933 [d25e7fda-9a8e-4bab-8cc8-b0b4dcdb8785:group-E78588F04DBB:LeaderElection55] INFO  server.RaftServerConfigKeys (ConfUtils.java:logGet(43)) - raft.server.log.appender.snapshot.chunk.size.max = 16MB (=16777216) (default)
2019-09-19 04:00:53,933 [d25e7fda-9a8e-4bab-8cc8-b0b4dcdb8785:group-E78588F04DBB:LeaderElection55] INFO  server.RaftServerConfigKeys (ConfUtils.java:logGet(43)) - raft.server.log.appender.buffer.byte-limit = 33554432 (custom)
2019-09-19 04:00:53,933 [d25e7fda-9a8e-4bab-8cc8-b0b4dcdb8785:group-E78588F04DBB:LeaderElection55] INFO  server.RaftServerConfigKeys (ConfUtils.java:logGet(43)) - raft.server.log.appender.buffer.element-limit = 1 (custom)
2019-09-19 04:00:53,934 [d25e7fda-9a8e-4bab-8cc8-b0b4dcdb8785:group-E78588F04DBB:LeaderElection55] INFO  grpc.GrpcConfigKeys$Server (ConfUtils.java:logGet(43)) - raft.grpc.server.leader.outstanding.appends.max = 128 (default)
2019-09-19 04:00:53,934 [d25e7fda-9a8e-4bab-8cc8-b0b4dcdb8785:group-E78588F04DBB:LeaderElection55] INFO  server.RaftServerConfigKeys (ConfUtils.java:logGet(43)) - raft.server.rpc.request.timeout = 3000ms (default)
2019-09-19 04:00:53,934 [d25e7fda-9a8e-4bab-8cc8-b0b4dcdb8785:group-E78588F04DBB:LeaderElection55] INFO  server.RaftServerConfigKeys (ConfUtils.java:logGet(43)) - raft.server.log.appender.install.snapshot.enabled = false (custom)
2019-09-19 04:00:53,934 [d25e7fda-9a8e-4bab-8cc8-b0b4dcdb8785:group-E78588F04DBB:LeaderElection55] INFO  impl.RoleInfo (RoleInfo.java:updateAndGet(143)) - d25e7fda-9a8e-4bab-8cc8-b0b4dcdb8785: start LeaderState
2019-09-19 04:00:53,934 [d25e7fda-9a8e-4bab-8cc8-b0b4dcdb8785:group-E78588F04DBB:LeaderElection55] INFO  segmented.SegmentedRaftLogWorker (SegmentedRaftLogWorker.java:startLogSegment(380)) - d25e7fda-9a8e-4bab-8cc8-b0b4dcdb8785-SegmentedRaftLogWorker:Storage Directory /workdir/hadoop-ozone/integration-test/target/test-dir/MiniOzoneClusterImpl-048a2d1c-ec68-42a5-b9aa-3373df324185/datanode-0/data/ratis/f44540f4-192f-4905-ad79-e78588f04dbb: Starting segment from index:0
2019-09-19 04:00:53,935 [d25e7fda-9a8e-4bab-8cc8-b0b4dcdb8785:group-E78588F04DBB:LeaderElection55] INFO  impl.RaftServerImpl (ServerState.java:setRaftConf(361)) - d25e7fda-9a8e-4bab-8cc8-b0b4dcdb8785:group-E78588F04DBB set configuration 0: [87042b6f-033e-4b4e-b209-b9cca192af80:192.168.34.50:39314, d3468b2f-addf-437d-a2ce-dcff5006d770:192.168.34.50:41385, d25e7fda-9a8e-4bab-8cc8-b0b4dcdb8785:192.168.34.50:45400], old=null at 0
2019-09-19 04:00:53,977 [grpc-default-executor-3] INFO  impl.RaftServerImpl (ServerState.java:setLeader(263)) - 87042b6f-033e-4b4e-b209-b9cca192af80:group-E78588F04DBB change Leader from null to d25e7fda-9a8e-4bab-8cc8-b0b4dcdb8785 at term 1 for appendEntries, leader elected after 4506ms
2019-09-19 04:00:53,977 [grpc-default-executor-6] INFO  impl.RaftServerImpl (ServerState.java:setLeader(263)) - d3468b2f-addf-437d-a2ce-dcff5006d770:group-E78588F04DBB change Leader from null to d25e7fda-9a8e-4bab-8cc8-b0b4dcdb8785 at term 1 for appendEntries, leader elected after 5039ms
2019-09-19 04:00:53,980 [grpc-default-executor-6] INFO  impl.RaftServerImpl (ServerState.java:setRaftConf(361)) - 87042b6f-033e-4b4e-b209-b9cca192af80:group-E78588F04DBB set configuration 0: [87042b6f-033e-4b4e-b209-b9cca192af80:192.168.34.50:39314, d3468b2f-addf-437d-a2ce-dcff5006d770:192.168.34.50:41385, d25e7fda-9a8e-4bab-8cc8-b0b4dcdb8785:192.168.34.50:45400], old=null at 0
2019-09-19 04:00:53,980 [grpc-default-executor-3] INFO  impl.RaftServerImpl (ServerState.java:setRaftConf(361)) - d3468b2f-addf-437d-a2ce-dcff5006d770:group-E78588F04DBB set configuration 0: [87042b6f-033e-4b4e-b209-b9cca192af80:192.168.34.50:39314, d3468b2f-addf-437d-a2ce-dcff5006d770:192.168.34.50:41385, d25e7fda-9a8e-4bab-8cc8-b0b4dcdb8785:192.168.34.50:45400], old=null at 0
2019-09-19 04:00:53,980 [grpc-default-executor-6] INFO  segmented.SegmentedRaftLogWorker (SegmentedRaftLogWorker.java:startLogSegment(380)) - 87042b6f-033e-4b4e-b209-b9cca192af80-SegmentedRaftLogWorker:Storage Directory /workdir/hadoop-ozone/integration-test/target/test-dir/MiniOzoneClusterImpl-048a2d1c-ec68-42a5-b9aa-3373df324185/datanode-2/data/ratis/f44540f4-192f-4905-ad79-e78588f04dbb: Starting segment from index:0
2019-09-19 04:00:53,981 [grpc-default-executor-3] INFO  segmented.SegmentedRaftLogWorker (SegmentedRaftLogWorker.java:startLogSegment(380)) - d3468b2f-addf-437d-a2ce-dcff5006d770-SegmentedRaftLogWorker:Storage Directory /workdir/hadoop-ozone/integration-test/target/test-dir/MiniOzoneClusterImpl-048a2d1c-ec68-42a5-b9aa-3373df324185/datanode-1/data/ratis/f44540f4-192f-4905-ad79-e78588f04dbb: Starting segment from index:0
2019-09-19 04:00:53,987 [d25e7fda-9a8e-4bab-8cc8-b0b4dcdb8785-SegmentedRaftLogWorker:Storage Directory /workdir/hadoop-ozone/integration-test/target/test-dir/MiniOzoneClusterImpl-048a2d1c-ec68-42a5-b9aa-3373df324185/datanode-0/data/ratis/f44540f4-192f-4905-ad79-e78588f04dbb] INFO  segmented.SegmentedRaftLogWorker (SegmentedRaftLogWorker.java:execute(569)) - d25e7fda-9a8e-4bab-8cc8-b0b4dcdb8785-SegmentedRaftLogWorker:Storage Directory /workdir/hadoop-ozone/integration-test/target/test-dir/MiniOzoneClusterImpl-048a2d1c-ec68-42a5-b9aa-3373df324185/datanode-0/data/ratis/f44540f4-192f-4905-ad79-e78588f04dbb: created new log segment /workdir/hadoop-ozone/integration-test/target/test-dir/MiniOzoneClusterImpl-048a2d1c-ec68-42a5-b9aa-3373df324185/datanode-0/data/ratis/f44540f4-192f-4905-ad79-e78588f04dbb/current/log_inprogress_0
2019-09-19 04:00:53,990 [Thread-3339] INFO  impl.FollowerState (FollowerState.java:run(106)) - d3468b2f-addf-437d-a2ce-dcff5006d770:group-97C6CE44B821 changes to CANDIDATE, lastRpcTime:5090, electionTimeout:5090ms
2019-09-19 04:00:53,991 [Thread-3339] INFO  impl.RoleInfo (RoleInfo.java:shutdownFollowerState(121)) - d3468b2f-addf-437d-a2ce-dcff5006d770: shutdown FollowerState
2019-09-19 04:00:53,991 [Thread-3339] INFO  impl.RaftServerImpl (RaftServerImpl.java:setRole(171)) - d3468b2f-addf-437d-a2ce-dcff5006d770:group-97C6CE44B821 changes role from FOLLOWER to CANDIDATE at term 0 for changeToCandidate
2019-09-19 04:00:53,991 [Thread-3339] INFO  impl.RoleInfo (RoleInfo.java:updateAndGet(143)) - d3468b2f-addf-437d-a2ce-dcff5006d770: start LeaderElection
2019-09-19 04:00:54,031 [87042b6f-033e-4b4e-b209-b9cca192af80-SegmentedRaftLogWorker:Storage Directory /workdir/hadoop-ozone/integration-test/target/test-dir/MiniOzoneClusterImpl-048a2d1c-ec68-42a5-b9aa-3373df324185/datanode-2/data/ratis/f44540f4-192f-4905-ad79-e78588f04dbb] INFO  segmented.SegmentedRaftLogWorker (SegmentedRaftLogWorker.java:execute(569)) - 87042b6f-033e-4b4e-b209-b9cca192af80-SegmentedRaftLogWorker:Storage Directory /workdir/hadoop-ozone/integration-test/target/test-dir/MiniOzoneClusterImpl-048a2d1c-ec68-42a5-b9aa-3373df324185/datanode-2/data/ratis/f44540f4-192f-4905-ad79-e78588f04dbb: created new log segment /workdir/hadoop-ozone/integration-test/target/test-dir/MiniOzoneClusterImpl-048a2d1c-ec68-42a5-b9aa-3373df324185/datanode-2/data/ratis/f44540f4-192f-4905-ad79-e78588f04dbb/current/log_inprogress_0
2019-09-19 04:00:54,031 [d3468b2f-addf-437d-a2ce-dcff5006d770:group-97C6CE44B821:LeaderElection56] INFO  impl.LeaderElection (LeaderElection.java:askForVotes(181)) - d3468b2f-addf-437d-a2ce-dcff5006d770:group-97C6CE44B821:LeaderElection56: begin an election at term 1 for -1: [d3468b2f-addf-437d-a2ce-dcff5006d770:192.168.34.50:41385], old=null
2019-09-19 04:00:54,031 [d3468b2f-addf-437d-a2ce-dcff5006d770-SegmentedRaftLogWorker:Storage Directory /workdir/hadoop-ozone/integration-test/target/test-dir/MiniOzoneClusterImpl-048a2d1c-ec68-42a5-b9aa-3373df324185/datanode-1/data/ratis/f44540f4-192f-4905-ad79-e78588f04dbb] INFO  segmented.SegmentedRaftLogWorker (SegmentedRaftLogWorker.java:execute(569)) - d3468b2f-addf-437d-a2ce-dcff5006d770-SegmentedRaftLogWorker:Storage Directory /workdir/hadoop-ozone/integration-test/target/test-dir/MiniOzoneClusterImpl-048a2d1c-ec68-42a5-b9aa-3373df324185/datanode-1/data/ratis/f44540f4-192f-4905-ad79-e78588f04dbb: created new log segment /workdir/hadoop-ozone/integration-test/target/test-dir/MiniOzoneClusterImpl-048a2d1c-ec68-42a5-b9aa-3373df324185/datanode-1/data/ratis/f44540f4-192f-4905-ad79-e78588f04dbb/current/log_inprogress_0
2019-09-19 04:00:54,031 [d3468b2f-addf-437d-a2ce-dcff5006d770:group-97C6CE44B821:LeaderElection56] INFO  impl.RoleInfo (RoleInfo.java:shutdownLeaderElection(134)) - d3468b2f-addf-437d-a2ce-dcff5006d770: shutdown LeaderElection
2019-09-19 04:00:54,031 [d3468b2f-addf-437d-a2ce-dcff5006d770:group-97C6CE44B821:LeaderElection56] INFO  impl.RaftServerImpl (RaftServerImpl.java:setRole(171)) - d3468b2f-addf-437d-a2ce-dcff5006d770:group-97C6CE44B821 changes role from CANDIDATE to LEADER at term 1 for changeToLeader
2019-09-19 04:00:54,031 [d3468b2f-addf-437d-a2ce-dcff5006d770:group-97C6CE44B821:LeaderElection56] INFO  impl.RaftServerImpl (ServerState.java:setLeader(263)) - d3468b2f-addf-437d-a2ce-dcff5006d770:group-97C6CE44B821 change Leader from null to d3468b2f-addf-437d-a2ce-dcff5006d770 at term 1 for becomeLeader, leader elected after 5135ms
2019-09-19 04:00:54,031 [d3468b2f-addf-437d-a2ce-dcff5006d770:group-97C6CE44B821:LeaderElection56] INFO  server.RaftServerConfigKeys (ConfUtils.java:logGet(43)) - raft.server.staging.catchup.gap = 1000 (default)
2019-09-19 04:00:54,032 [d3468b2f-addf-437d-a2ce-dcff5006d770:group-97C6CE44B821:LeaderElection56] INFO  server.RaftServerConfigKeys (ConfUtils.java:logGet(43)) - raft.server.rpc.sleep.time = 25ms (default)
2019-09-19 04:00:54,032 [d3468b2f-addf-437d-a2ce-dcff5006d770:group-97C6CE44B821:LeaderElection56] INFO  server.RaftServerConfigKeys (ConfUtils.java:logGet(43)) - raft.server.write.element-limit = 4096 (default)
2019-09-19 04:00:54,032 [d3468b2f-addf-437d-a2ce-dcff5006d770:group-97C6CE44B821:LeaderElection56] INFO  server.RaftServerConfigKeys (ConfUtils.java:logGet(43)) - raft.server.watch.timeout = 10s (default)
2019-09-19 04:00:54,032 [d3468b2f-addf-437d-a2ce-dcff5006d770:group-97C6CE44B821:LeaderElection56] INFO  server.RaftServerConfigKeys (ConfUtils.java:logGet(43)) - raft.server.watch.timeout.denomination = 1s (default)
2019-09-19 04:00:54,032 [d3468b2f-addf-437d-a2ce-dcff5006d770:group-97C6CE44B821:LeaderElection56] INFO  server.RaftServerConfigKeys (ConfUtils.java:logGet(43)) - raft.server.watch.element-limit = 65536 (default)
2019-09-19 04:00:54,032 [d3468b2f-addf-437d-a2ce-dcff5006d770:group-97C6CE44B821:LeaderElection56] INFO  impl.RoleInfo (RoleInfo.java:updateAndGet(143)) - d3468b2f-addf-437d-a2ce-dcff5006d770: start LeaderState
2019-09-19 04:00:54,033 [d3468b2f-addf-437d-a2ce-dcff5006d770:group-97C6CE44B821:LeaderElection56] INFO  segmented.SegmentedRaftLogWorker (SegmentedRaftLogWorker.java:startLogSegment(380)) - d3468b2f-addf-437d-a2ce-dcff5006d770-SegmentedRaftLogWorker:Storage Directory /workdir/hadoop-ozone/integration-test/target/test-dir/MiniOzoneClusterImpl-048a2d1c-ec68-42a5-b9aa-3373df324185/datanode-1/data/ratis/efb1a84a-0f05-464b-88aa-97c6ce44b821: Starting segment from index:0
2019-09-19 04:00:54,033 [d3468b2f-addf-437d-a2ce-dcff5006d770:group-97C6CE44B821:LeaderElection56] INFO  impl.RaftServerImpl (ServerState.java:setRaftConf(361)) - d3468b2f-addf-437d-a2ce-dcff5006d770:group-97C6CE44B821 set configuration 0: [d3468b2f-addf-437d-a2ce-dcff5006d770:192.168.34.50:41385], old=null at 0
2019-09-19 04:00:54,119 | INFO  | SCMAudit | user=jenkins1000 | ip=192.168.34.50 | op=SEND_HEARTBEAT {datanodeUUID=948582b7-4442-4302-80ff-48806e2acd06, command=[]} | ret=SUCCESS |  
2019-09-19 04:00:54,124 [d3468b2f-addf-437d-a2ce-dcff5006d770-SegmentedRaftLogWorker:Storage Directory /workdir/hadoop-ozone/integration-test/target/test-dir/MiniOzoneClusterImpl-048a2d1c-ec68-42a5-b9aa-3373df324185/datanode-1/data/ratis/efb1a84a-0f05-464b-88aa-97c6ce44b821] INFO  segmented.SegmentedRaftLogWorker (SegmentedRaftLogWorker.java:execute(569)) - d3468b2f-addf-437d-a2ce-dcff5006d770-SegmentedRaftLogWorker:Storage Directory /workdir/hadoop-ozone/integration-test/target/test-dir/MiniOzoneClusterImpl-048a2d1c-ec68-42a5-b9aa-3373df324185/datanode-1/data/ratis/efb1a84a-0f05-464b-88aa-97c6ce44b821: created new log segment /workdir/hadoop-ozone/integration-test/target/test-dir/MiniOzoneClusterImpl-048a2d1c-ec68-42a5-b9aa-3373df324185/datanode-1/data/ratis/efb1a84a-0f05-464b-88aa-97c6ce44b821/current/log_inprogress_0
2019-09-19 04:00:54,379 | INFO  | SCMAudit | user=jenkins1000 | ip=192.168.34.50 | op=SEND_HEARTBEAT {datanodeUUID=87042b6f-033e-4b4e-b209-b9cca192af80, command=[]} | ret=SUCCESS |  
2019-09-19 04:00:54,386 | INFO  | SCMAudit | user=jenkins1000 | ip=192.168.34.50 | op=SEND_HEARTBEAT {datanodeUUID=164f4f1a-4ae3-4926-8bd0-17aa2d0a97c2, command=[]} | ret=SUCCESS |  
2019-09-19 04:00:54,469 [Thread-3345] INFO  impl.FollowerState (FollowerState.java:run(106)) - 87042b6f-033e-4b4e-b209-b9cca192af80:group-8FECD5FBCB53 changes to CANDIDATE, lastRpcTime:5056, electionTimeout:5056ms
2019-09-19 04:00:54,469 [Thread-3345] INFO  impl.RoleInfo (RoleInfo.java:shutdownFollowerState(121)) - 87042b6f-033e-4b4e-b209-b9cca192af80: shutdown FollowerState
2019-09-19 04:00:54,469 [Thread-3345] INFO  impl.RaftServerImpl (RaftServerImpl.java:setRole(171)) - 87042b6f-033e-4b4e-b209-b9cca192af80:group-8FECD5FBCB53 changes role from FOLLOWER to CANDIDATE at term 0 for changeToCandidate
2019-09-19 04:00:54,469 [Thread-3345] INFO  impl.RoleInfo (RoleInfo.java:updateAndGet(143)) - 87042b6f-033e-4b4e-b209-b9cca192af80: start LeaderElection
2019-09-19 04:00:54,577 [87042b6f-033e-4b4e-b209-b9cca192af80:group-8FECD5FBCB53:LeaderElection57] INFO  impl.LeaderElection (LeaderElection.java:askForVotes(181)) - 87042b6f-033e-4b4e-b209-b9cca192af80:group-8FECD5FBCB53:LeaderElection57: begin an election at term 1 for -1: [87042b6f-033e-4b4e-b209-b9cca192af80:192.168.34.50:39314], old=null
2019-09-19 04:00:54,577 [87042b6f-033e-4b4e-b209-b9cca192af80:group-8FECD5FBCB53:LeaderElection57] INFO  impl.RoleInfo (RoleInfo.java:shutdownLeaderElection(134)) - 87042b6f-033e-4b4e-b209-b9cca192af80: shutdown LeaderElection
2019-09-19 04:00:54,578 [87042b6f-033e-4b4e-b209-b9cca192af80:group-8FECD5FBCB53:LeaderElection57] INFO  impl.RaftServerImpl (RaftServerImpl.java:setRole(171)) - 87042b6f-033e-4b4e-b209-b9cca192af80:group-8FECD5FBCB53 changes role from CANDIDATE to LEADER at term 1 for changeToLeader
2019-09-19 04:00:54,578 [87042b6f-033e-4b4e-b209-b9cca192af80:group-8FECD5FBCB53:LeaderElection57] INFO  impl.RaftServerImpl (ServerState.java:setLeader(263)) - 87042b6f-033e-4b4e-b209-b9cca192af80:group-8FECD5FBCB53 change Leader from null to 87042b6f-033e-4b4e-b209-b9cca192af80 at term 1 for becomeLeader, leader elected after 5169ms
2019-09-19 04:00:54,578 [87042b6f-033e-4b4e-b209-b9cca192af80:group-8FECD5FBCB53:LeaderElection57] INFO  server.RaftServerConfigKeys (ConfUtils.java:logGet(43)) - raft.server.staging.catchup.gap = 1000 (default)
2019-09-19 04:00:54,578 [87042b6f-033e-4b4e-b209-b9cca192af80:group-8FECD5FBCB53:LeaderElection57] INFO  server.RaftServerConfigKeys (ConfUtils.java:logGet(43)) - raft.server.rpc.sleep.time = 25ms (default)
2019-09-19 04:00:54,578 [87042b6f-033e-4b4e-b209-b9cca192af80:group-8FECD5FBCB53:LeaderElection57] INFO  server.RaftServerConfigKeys (ConfUtils.java:logGet(43)) - raft.server.write.element-limit = 4096 (default)
2019-09-19 04:00:54,578 [87042b6f-033e-4b4e-b209-b9cca192af80:group-8FECD5FBCB53:LeaderElection57] INFO  server.RaftServerConfigKeys (ConfUtils.java:logGet(43)) - raft.server.watch.timeout = 10s (default)
2019-09-19 04:00:54,578 [87042b6f-033e-4b4e-b209-b9cca192af80:group-8FECD5FBCB53:LeaderElection57] INFO  server.RaftServerConfigKeys (ConfUtils.java:logGet(43)) - raft.server.watch.timeout.denomination = 1s (default)
2019-09-19 04:00:54,579 [87042b6f-033e-4b4e-b209-b9cca192af80:group-8FECD5FBCB53:LeaderElection57] INFO  server.RaftServerConfigKeys (ConfUtils.java:logGet(43)) - raft.server.watch.element-limit = 65536 (default)
2019-09-19 04:00:54,579 [87042b6f-033e-4b4e-b209-b9cca192af80:group-8FECD5FBCB53:LeaderElection57] INFO  impl.RoleInfo (RoleInfo.java:updateAndGet(143)) - 87042b6f-033e-4b4e-b209-b9cca192af80: start LeaderState
2019-09-19 04:00:54,579 [87042b6f-033e-4b4e-b209-b9cca192af80:group-8FECD5FBCB53:LeaderElection57] INFO  segmented.SegmentedRaftLogWorker (SegmentedRaftLogWorker.java:startLogSegment(380)) - 87042b6f-033e-4b4e-b209-b9cca192af80-SegmentedRaftLogWorker:Storage Directory /workdir/hadoop-ozone/integration-test/target/test-dir/MiniOzoneClusterImpl-048a2d1c-ec68-42a5-b9aa-3373df324185/datanode-2/data/ratis/07afbc74-e76e-4eec-8d40-8fecd5fbcb53: Starting segment from index:0
2019-09-19 04:00:54,580 [87042b6f-033e-4b4e-b209-b9cca192af80:group-8FECD5FBCB53:LeaderElection57] INFO  impl.RaftServerImpl (ServerState.java:setRaftConf(361)) - 87042b6f-033e-4b4e-b209-b9cca192af80:group-8FECD5FBCB53 set configuration 0: [87042b6f-033e-4b4e-b209-b9cca192af80:192.168.34.50:39314], old=null at 0
2019-09-19 04:00:54,619 | INFO  | SCMAudit | user=jenkins1000 | ip=192.168.34.50 | op=SEND_HEARTBEAT {datanodeUUID=9845fec9-8f77-40ec-bd33-538f1e6b668f, command=[]} | ret=SUCCESS |  
2019-09-19 04:00:54,625 | INFO  | SCMAudit | user=jenkins1000 | ip=192.168.34.50 | op=SEND_HEARTBEAT {datanodeUUID=d25e7fda-9a8e-4bab-8cc8-b0b4dcdb8785, command=[]} | ret=SUCCESS |  
2019-09-19 04:00:54,678 [87042b6f-033e-4b4e-b209-b9cca192af80-SegmentedRaftLogWorker:Storage Directory /workdir/hadoop-ozone/integration-test/target/test-dir/MiniOzoneClusterImpl-048a2d1c-ec68-42a5-b9aa-3373df324185/datanode-2/data/ratis/07afbc74-e76e-4eec-8d40-8fecd5fbcb53] INFO  segmented.SegmentedRaftLogWorker (SegmentedRaftLogWorker.java:execute(569)) - 87042b6f-033e-4b4e-b209-b9cca192af80-SegmentedRaftLogWorker:Storage Directory /workdir/hadoop-ozone/integration-test/target/test-dir/MiniOzoneClusterImpl-048a2d1c-ec68-42a5-b9aa-3373df324185/datanode-2/data/ratis/07afbc74-e76e-4eec-8d40-8fecd5fbcb53: created new log segment /workdir/hadoop-ozone/integration-test/target/test-dir/MiniOzoneClusterImpl-048a2d1c-ec68-42a5-b9aa-3373df324185/datanode-2/data/ratis/07afbc74-e76e-4eec-8d40-8fecd5fbcb53/current/log_inprogress_0
2019-09-19 04:00:54,723 [Thread-3354] INFO  impl.FollowerState (FollowerState.java:run(106)) - 9845fec9-8f77-40ec-bd33-538f1e6b668f:group-2B25F1690FA2 changes to CANDIDATE, lastRpcTime:5032, electionTimeout:5032ms
2019-09-19 04:00:54,724 [Thread-3354] INFO  impl.RoleInfo (RoleInfo.java:shutdownFollowerState(121)) - 9845fec9-8f77-40ec-bd33-538f1e6b668f: shutdown FollowerState
2019-09-19 04:00:54,724 [Thread-3354] INFO  impl.RaftServerImpl (RaftServerImpl.java:setRole(171)) - 9845fec9-8f77-40ec-bd33-538f1e6b668f:group-2B25F1690FA2 changes role from FOLLOWER to CANDIDATE at term 0 for changeToCandidate
2019-09-19 04:00:54,724 [Thread-3354] INFO  impl.RoleInfo (RoleInfo.java:updateAndGet(143)) - 9845fec9-8f77-40ec-bd33-538f1e6b668f: start LeaderElection
2019-09-19 04:00:54,785 [Thread-3351] INFO  impl.FollowerState (FollowerState.java:run(106)) - 9845fec9-8f77-40ec-bd33-538f1e6b668f:group-EA98F3180DA4 changes to CANDIDATE, lastRpcTime:5135, electionTimeout:5135ms
2019-09-19 04:00:54,786 [Thread-3351] INFO  impl.RoleInfo (RoleInfo.java:shutdownFollowerState(121)) - 9845fec9-8f77-40ec-bd33-538f1e6b668f: shutdown FollowerState
2019-09-19 04:00:54,786 [Thread-3351] INFO  impl.RaftServerImpl (RaftServerImpl.java:setRole(171)) - 9845fec9-8f77-40ec-bd33-538f1e6b668f:group-EA98F3180DA4 changes role from FOLLOWER to CANDIDATE at term 0 for changeToCandidate
2019-09-19 04:00:54,786 [Thread-3351] INFO  impl.RoleInfo (RoleInfo.java:updateAndGet(143)) - 9845fec9-8f77-40ec-bd33-538f1e6b668f: start LeaderElection
2019-09-19 04:00:54,823 [9845fec9-8f77-40ec-bd33-538f1e6b668f:group-2B25F1690FA2:LeaderElection58] INFO  impl.LeaderElection (LeaderElection.java:askForVotes(181)) - 9845fec9-8f77-40ec-bd33-538f1e6b668f:group-2B25F1690FA2:LeaderElection58: begin an election at term 1 for -1: [948582b7-4442-4302-80ff-48806e2acd06:192.168.34.50:34040, 3e5711c1-8fa4-42b5-a674-46644d3368a7:192.168.34.50:46036, 9845fec9-8f77-40ec-bd33-538f1e6b668f:192.168.34.50:39666], old=null
2019-09-19 04:00:54,846 [grpc-default-executor-3] INFO  impl.RaftServerImpl (RaftServerImpl.java:setRole(171)) - 948582b7-4442-4302-80ff-48806e2acd06:group-2B25F1690FA2 changes role from FOLLOWER to FOLLOWER at term 1 for recognizeCandidate:9845fec9-8f77-40ec-bd33-538f1e6b668f
2019-09-19 04:00:54,847 [grpc-default-executor-6] INFO  impl.RaftServerImpl (RaftServerImpl.java:setRole(171)) - 3e5711c1-8fa4-42b5-a674-46644d3368a7:group-2B25F1690FA2 changes role from FOLLOWER to FOLLOWER at term 1 for recognizeCandidate:9845fec9-8f77-40ec-bd33-538f1e6b668f
2019-09-19 04:00:54,847 | INFO  | SCMAudit | user=jenkins1000 | ip=192.168.34.50 | op=SEND_HEARTBEAT {datanodeUUID=3e5711c1-8fa4-42b5-a674-46644d3368a7, command=[]} | ret=SUCCESS |  
2019-09-19 04:00:54,847 [grpc-default-executor-3] INFO  impl.RoleInfo (RoleInfo.java:shutdownFollowerState(121)) - 948582b7-4442-4302-80ff-48806e2acd06: shutdown FollowerState
2019-09-19 04:00:54,847 [grpc-default-executor-6] INFO  impl.RoleInfo (RoleInfo.java:shutdownFollowerState(121)) - 3e5711c1-8fa4-42b5-a674-46644d3368a7: shutdown FollowerState
2019-09-19 04:00:54,847 [Thread-3366] INFO  impl.FollowerState (FollowerState.java:run(114)) - 948582b7-4442-4302-80ff-48806e2acd06: FollowerState was interrupted: java.lang.InterruptedException: sleep interrupted
2019-09-19 04:00:54,847 [Thread-3360] INFO  impl.FollowerState (FollowerState.java:run(114)) - 3e5711c1-8fa4-42b5-a674-46644d3368a7: FollowerState was interrupted: java.lang.InterruptedException: sleep interrupted
2019-09-19 04:00:54,847 [grpc-default-executor-3] INFO  impl.RoleInfo (RoleInfo.java:updateAndGet(143)) - 948582b7-4442-4302-80ff-48806e2acd06: start FollowerState
2019-09-19 04:00:54,847 [grpc-default-executor-6] INFO  impl.RoleInfo (RoleInfo.java:updateAndGet(143)) - 3e5711c1-8fa4-42b5-a674-46644d3368a7: start FollowerState
2019-09-19 04:00:54,856 | INFO  | SCMAudit | user=jenkins1000 | ip=192.168.34.50 | op=SEND_HEARTBEAT {datanodeUUID=d3468b2f-addf-437d-a2ce-dcff5006d770, command=[]} | ret=SUCCESS |  
2019-09-19 04:00:54,863 [9845fec9-8f77-40ec-bd33-538f1e6b668f:group-EA98F3180DA4:LeaderElection59] INFO  impl.LeaderElection (LeaderElection.java:askForVotes(181)) - 9845fec9-8f77-40ec-bd33-538f1e6b668f:group-EA98F3180DA4:LeaderElection59: begin an election at term 1 for -1: [9845fec9-8f77-40ec-bd33-538f1e6b668f:192.168.34.50:39666], old=null
2019-09-19 04:00:54,863 [9845fec9-8f77-40ec-bd33-538f1e6b668f:group-EA98F3180DA4:LeaderElection59] INFO  impl.RoleInfo (RoleInfo.java:shutdownLeaderElection(134)) - 9845fec9-8f77-40ec-bd33-538f1e6b668f: shutdown LeaderElection
2019-09-19 04:00:54,863 [9845fec9-8f77-40ec-bd33-538f1e6b668f:group-EA98F3180DA4:LeaderElection59] INFO  impl.RaftServerImpl (RaftServerImpl.java:setRole(171)) - 9845fec9-8f77-40ec-bd33-538f1e6b668f:group-EA98F3180DA4 changes role from CANDIDATE to LEADER at term 1 for changeToLeader
2019-09-19 04:00:54,864 [9845fec9-8f77-40ec-bd33-538f1e6b668f:group-EA98F3180DA4:LeaderElection59] INFO  impl.RaftServerImpl (ServerState.java:setLeader(263)) - 9845fec9-8f77-40ec-bd33-538f1e6b668f:group-EA98F3180DA4 change Leader from null to 9845fec9-8f77-40ec-bd33-538f1e6b668f at term 1 for becomeLeader, leader elected after 5217ms
2019-09-19 04:00:54,864 [9845fec9-8f77-40ec-bd33-538f1e6b668f:group-EA98F3180DA4:LeaderElection59] INFO  server.RaftServerConfigKeys (ConfUtils.java:logGet(43)) - raft.server.staging.catchup.gap = 1000 (default)
2019-09-19 04:00:54,864 [9845fec9-8f77-40ec-bd33-538f1e6b668f:group-EA98F3180DA4:LeaderElection59] INFO  server.RaftServerConfigKeys (ConfUtils.java:logGet(43)) - raft.server.rpc.sleep.time = 25ms (default)
2019-09-19 04:00:54,864 [9845fec9-8f77-40ec-bd33-538f1e6b668f:group-EA98F3180DA4:LeaderElection59] INFO  server.RaftServerConfigKeys (ConfUtils.java:logGet(43)) - raft.server.write.element-limit = 4096 (default)
2019-09-19 04:00:54,864 [9845fec9-8f77-40ec-bd33-538f1e6b668f:group-EA98F3180DA4:LeaderElection59] INFO  server.RaftServerConfigKeys (ConfUtils.java:logGet(43)) - raft.server.watch.timeout = 10s (default)
2019-09-19 04:00:54,864 [9845fec9-8f77-40ec-bd33-538f1e6b668f:group-EA98F3180DA4:LeaderElection59] INFO  server.RaftServerConfigKeys (ConfUtils.java:logGet(43)) - raft.server.watch.timeout.denomination = 1s (default)
2019-09-19 04:00:54,864 [9845fec9-8f77-40ec-bd33-538f1e6b668f:group-EA98F3180DA4:LeaderElection59] INFO  server.RaftServerConfigKeys (ConfUtils.java:logGet(43)) - raft.server.watch.element-limit = 65536 (default)
2019-09-19 04:00:54,865 [9845fec9-8f77-40ec-bd33-538f1e6b668f:group-EA98F3180DA4:LeaderElection59] INFO  impl.RoleInfo (RoleInfo.java:updateAndGet(143)) - 9845fec9-8f77-40ec-bd33-538f1e6b668f: start LeaderState
2019-09-19 04:00:54,865 [9845fec9-8f77-40ec-bd33-538f1e6b668f:group-EA98F3180DA4:LeaderElection59] INFO  segmented.SegmentedRaftLogWorker (SegmentedRaftLogWorker.java:startLogSegment(380)) - 9845fec9-8f77-40ec-bd33-538f1e6b668f-SegmentedRaftLogWorker:Storage Directory /workdir/hadoop-ozone/integration-test/target/test-dir/MiniOzoneClusterImpl-048a2d1c-ec68-42a5-b9aa-3373df324185/datanode-3/data/ratis/4660bd50-7b8f-43ef-828c-ea98f3180da4: Starting segment from index:0
2019-09-19 04:00:54,865 [9845fec9-8f77-40ec-bd33-538f1e6b668f:group-EA98F3180DA4:LeaderElection59] INFO  impl.RaftServerImpl (ServerState.java:setRaftConf(361)) - 9845fec9-8f77-40ec-bd33-538f1e6b668f:group-EA98F3180DA4 set configuration 0: [9845fec9-8f77-40ec-bd33-538f1e6b668f:192.168.34.50:39666], old=null at 0
2019-09-19 04:00:54,956 [Thread-3357] INFO  impl.FollowerState (FollowerState.java:run(106)) - 3e5711c1-8fa4-42b5-a674-46644d3368a7:group-4F929088E8B4 changes to CANDIDATE, lastRpcTime:5067, electionTimeout:5067ms
2019-09-19 04:00:54,956 [Thread-3357] INFO  impl.RoleInfo (RoleInfo.java:shutdownFollowerState(121)) - 3e5711c1-8fa4-42b5-a674-46644d3368a7: shutdown FollowerState
2019-09-19 04:00:54,956 [Thread-3357] INFO  impl.RaftServerImpl (RaftServerImpl.java:setRole(171)) - 3e5711c1-8fa4-42b5-a674-46644d3368a7:group-4F929088E8B4 changes role from FOLLOWER to CANDIDATE at term 0 for changeToCandidate
2019-09-19 04:00:54,956 [Thread-3357] INFO  impl.RoleInfo (RoleInfo.java:updateAndGet(143)) - 3e5711c1-8fa4-42b5-a674-46644d3368a7: start LeaderElection
2019-09-19 04:00:54,969 [9845fec9-8f77-40ec-bd33-538f1e6b668f:group-2B25F1690FA2:LeaderElection58] INFO  impl.LeaderElection (LeaderElection.java:logAndReturn(56)) - 9845fec9-8f77-40ec-bd33-538f1e6b668f:group-2B25F1690FA2:LeaderElection58: Election PASSED; received 1 response(s) [9845fec9-8f77-40ec-bd33-538f1e6b668f<-948582b7-4442-4302-80ff-48806e2acd06#0:OK-t1] and 0 exception(s); 9845fec9-8f77-40ec-bd33-538f1e6b668f:t1, leader=null, voted=9845fec9-8f77-40ec-bd33-538f1e6b668f, raftlog=9845fec9-8f77-40ec-bd33-538f1e6b668f-SegmentedRaftLog:OPENED:c-1,f-1,i0, conf=-1: [948582b7-4442-4302-80ff-48806e2acd06:192.168.34.50:34040, 3e5711c1-8fa4-42b5-a674-46644d3368a7:192.168.34.50:46036, 9845fec9-8f77-40ec-bd33-538f1e6b668f:192.168.34.50:39666], old=null
2019-09-19 04:00:54,969 [9845fec9-8f77-40ec-bd33-538f1e6b668f:group-2B25F1690FA2:LeaderElection58] INFO  impl.RoleInfo (RoleInfo.java:shutdownLeaderElection(134)) - 9845fec9-8f77-40ec-bd33-538f1e6b668f: shutdown LeaderElection
2019-09-19 04:00:54,969 [9845fec9-8f77-40ec-bd33-538f1e6b668f:group-2B25F1690FA2:LeaderElection58] INFO  impl.RaftServerImpl (RaftServerImpl.java:setRole(171)) - 9845fec9-8f77-40ec-bd33-538f1e6b668f:group-2B25F1690FA2 changes role from CANDIDATE to LEADER at term 1 for changeToLeader
2019-09-19 04:00:54,969 [9845fec9-8f77-40ec-bd33-538f1e6b668f:group-2B25F1690FA2:LeaderElection58] INFO  impl.RaftServerImpl (ServerState.java:setLeader(263)) - 9845fec9-8f77-40ec-bd33-538f1e6b668f:group-2B25F1690FA2 change Leader from null to 9845fec9-8f77-40ec-bd33-538f1e6b668f at term 1 for becomeLeader, leader elected after 5280ms
2019-09-19 04:00:54,969 [9845fec9-8f77-40ec-bd33-538f1e6b668f:group-2B25F1690FA2:LeaderElection58] INFO  server.RaftServerConfigKeys (ConfUtils.java:logGet(43)) - raft.server.staging.catchup.gap = 1000 (default)
2019-09-19 04:00:54,970 [9845fec9-8f77-40ec-bd33-538f1e6b668f:group-2B25F1690FA2:LeaderElection58] INFO  server.RaftServerConfigKeys (ConfUtils.java:logGet(43)) - raft.server.rpc.sleep.time = 25ms (default)
2019-09-19 04:00:54,970 [9845fec9-8f77-40ec-bd33-538f1e6b668f:group-2B25F1690FA2:LeaderElection58] INFO  server.RaftServerConfigKeys (ConfUtils.java:logGet(43)) - raft.server.write.element-limit = 4096 (default)
2019-09-19 04:00:54,970 [9845fec9-8f77-40ec-bd33-538f1e6b668f:group-2B25F1690FA2:LeaderElection58] INFO  server.RaftServerConfigKeys (ConfUtils.java:logGet(43)) - raft.server.watch.timeout = 10s (default)
2019-09-19 04:00:54,970 [9845fec9-8f77-40ec-bd33-538f1e6b668f:group-2B25F1690FA2:LeaderElection58] INFO  server.RaftServerConfigKeys (ConfUtils.java:logGet(43)) - raft.server.watch.timeout.denomination = 1s (default)
2019-09-19 04:00:54,970 [9845fec9-8f77-40ec-bd33-538f1e6b668f:group-2B25F1690FA2:LeaderElection58] INFO  server.RaftServerConfigKeys (ConfUtils.java:logGet(43)) - raft.server.watch.element-limit = 65536 (default)
2019-09-19 04:00:54,970 [9845fec9-8f77-40ec-bd33-538f1e6b668f:group-2B25F1690FA2:LeaderElection58] INFO  server.RaftServerConfigKeys (ConfUtils.java:logGet(43)) - raft.server.log.appender.snapshot.chunk.size.max = 16MB (=16777216) (default)
2019-09-19 04:00:54,971 [9845fec9-8f77-40ec-bd33-538f1e6b668f:group-2B25F1690FA2:LeaderElection58] INFO  server.RaftServerConfigKeys (ConfUtils.java:logGet(43)) - raft.server.log.appender.buffer.byte-limit = 33554432 (custom)
2019-09-19 04:00:54,971 [9845fec9-8f77-40ec-bd33-538f1e6b668f:group-2B25F1690FA2:LeaderElection58] INFO  server.RaftServerConfigKeys (ConfUtils.java:logGet(43)) - raft.server.log.appender.buffer.element-limit = 1 (custom)
2019-09-19 04:00:54,971 [9845fec9-8f77-40ec-bd33-538f1e6b668f:group-2B25F1690FA2:LeaderElection58] INFO  grpc.GrpcConfigKeys$Server (ConfUtils.java:logGet(43)) - raft.grpc.server.leader.outstanding.appends.max = 128 (default)
2019-09-19 04:00:54,971 [9845fec9-8f77-40ec-bd33-538f1e6b668f:group-2B25F1690FA2:LeaderElection58] INFO  server.RaftServerConfigKeys (ConfUtils.java:logGet(43)) - raft.server.rpc.request.timeout = 3000ms (default)
2019-09-19 04:00:54,972 [9845fec9-8f77-40ec-bd33-538f1e6b668f:group-2B25F1690FA2:LeaderElection58] INFO  server.RaftServerConfigKeys (ConfUtils.java:logGet(43)) - raft.server.log.appender.install.snapshot.enabled = false (custom)
2019-09-19 04:00:54,972 [9845fec9-8f77-40ec-bd33-538f1e6b668f:group-2B25F1690FA2:LeaderElection58] INFO  server.RaftServerConfigKeys (ConfUtils.java:logGet(43)) - raft.server.log.appender.snapshot.chunk.size.max = 16MB (=16777216) (default)
2019-09-19 04:00:54,972 [9845fec9-8f77-40ec-bd33-538f1e6b668f:group-2B25F1690FA2:LeaderElection58] INFO  server.RaftServerConfigKeys (ConfUtils.java:logGet(43)) - raft.server.log.appender.buffer.byte-limit = 33554432 (custom)
2019-09-19 04:00:54,972 [9845fec9-8f77-40ec-bd33-538f1e6b668f:group-2B25F1690FA2:LeaderElection58] INFO  server.RaftServerConfigKeys (ConfUtils.java:logGet(43)) - raft.server.log.appender.buffer.element-limit = 1 (custom)
2019-09-19 04:00:54,972 [9845fec9-8f77-40ec-bd33-538f1e6b668f:group-2B25F1690FA2:LeaderElection58] INFO  grpc.GrpcConfigKeys$Server (ConfUtils.java:logGet(43)) - raft.grpc.server.leader.outstanding.appends.max = 128 (default)
2019-09-19 04:00:54,972 [9845fec9-8f77-40ec-bd33-538f1e6b668f:group-2B25F1690FA2:LeaderElection58] INFO  server.RaftServerConfigKeys (ConfUtils.java:logGet(43)) - raft.server.rpc.request.timeout = 3000ms (default)
2019-09-19 04:00:54,973 [9845fec9-8f77-40ec-bd33-538f1e6b668f:group-2B25F1690FA2:LeaderElection58] INFO  server.RaftServerConfigKeys (ConfUtils.java:logGet(43)) - raft.server.log.appender.install.snapshot.enabled = false (custom)
2019-09-19 04:00:54,973 [9845fec9-8f77-40ec-bd33-538f1e6b668f:group-2B25F1690FA2:LeaderElection58] INFO  impl.RoleInfo (RoleInfo.java:updateAndGet(143)) - 9845fec9-8f77-40ec-bd33-538f1e6b668f: start LeaderState
2019-09-19 04:00:54,973 [9845fec9-8f77-40ec-bd33-538f1e6b668f:group-2B25F1690FA2:LeaderElection58] INFO  segmented.SegmentedRaftLogWorker (SegmentedRaftLogWorker.java:startLogSegment(380)) - 9845fec9-8f77-40ec-bd33-538f1e6b668f-SegmentedRaftLogWorker:Storage Directory /workdir/hadoop-ozone/integration-test/target/test-dir/MiniOzoneClusterImpl-048a2d1c-ec68-42a5-b9aa-3373df324185/datanode-3/data/ratis/0e965e4f-9d18-40ec-afec-2b25f1690fa2: Starting segment from index:0
2019-09-19 04:00:54,974 [9845fec9-8f77-40ec-bd33-538f1e6b668f:group-2B25F1690FA2:LeaderElection58] INFO  impl.RaftServerImpl (ServerState.java:setRaftConf(361)) - 9845fec9-8f77-40ec-bd33-538f1e6b668f:group-2B25F1690FA2 set configuration 0: [948582b7-4442-4302-80ff-48806e2acd06:192.168.34.50:34040, 3e5711c1-8fa4-42b5-a674-46644d3368a7:192.168.34.50:46036, 9845fec9-8f77-40ec-bd33-538f1e6b668f:192.168.34.50:39666], old=null at 0
2019-09-19 04:00:55,011 [9845fec9-8f77-40ec-bd33-538f1e6b668f-SegmentedRaftLogWorker:Storage Directory /workdir/hadoop-ozone/integration-test/target/test-dir/MiniOzoneClusterImpl-048a2d1c-ec68-42a5-b9aa-3373df324185/datanode-3/data/ratis/4660bd50-7b8f-43ef-828c-ea98f3180da4] INFO  segmented.SegmentedRaftLogWorker (SegmentedRaftLogWorker.java:execute(569)) - 9845fec9-8f77-40ec-bd33-538f1e6b668f-SegmentedRaftLogWorker:Storage Directory /workdir/hadoop-ozone/integration-test/target/test-dir/MiniOzoneClusterImpl-048a2d1c-ec68-42a5-b9aa-3373df324185/datanode-3/data/ratis/4660bd50-7b8f-43ef-828c-ea98f3180da4: created new log segment /workdir/hadoop-ozone/integration-test/target/test-dir/MiniOzoneClusterImpl-048a2d1c-ec68-42a5-b9aa-3373df324185/datanode-3/data/ratis/4660bd50-7b8f-43ef-828c-ea98f3180da4/current/log_inprogress_0
2019-09-19 04:00:55,012 [grpc-default-executor-3] INFO  impl.RaftServerImpl (ServerState.java:setLeader(263)) - 948582b7-4442-4302-80ff-48806e2acd06:group-2B25F1690FA2 change Leader from null to 9845fec9-8f77-40ec-bd33-538f1e6b668f at term 1 for appendEntries, leader elected after 4816ms
2019-09-19 04:00:55,013 [grpc-default-executor-6] INFO  impl.RaftServerImpl (ServerState.java:setLeader(263)) - 3e5711c1-8fa4-42b5-a674-46644d3368a7:group-2B25F1690FA2 change Leader from null to 9845fec9-8f77-40ec-bd33-538f1e6b668f at term 1 for appendEntries, leader elected after 5089ms
2019-09-19 04:00:55,022 [3e5711c1-8fa4-42b5-a674-46644d3368a7:group-4F929088E8B4:LeaderElection60] INFO  impl.LeaderElection (LeaderElection.java:askForVotes(181)) - 3e5711c1-8fa4-42b5-a674-46644d3368a7:group-4F929088E8B4:LeaderElection60: begin an election at term 1 for -1: [3e5711c1-8fa4-42b5-a674-46644d3368a7:192.168.34.50:46036], old=null
2019-09-19 04:00:55,025 [grpc-default-executor-6] INFO  impl.RaftServerImpl (ServerState.java:setRaftConf(361)) - 948582b7-4442-4302-80ff-48806e2acd06:group-2B25F1690FA2 set configuration 0: [948582b7-4442-4302-80ff-48806e2acd06:192.168.34.50:34040, 3e5711c1-8fa4-42b5-a674-46644d3368a7:192.168.34.50:46036, 9845fec9-8f77-40ec-bd33-538f1e6b668f:192.168.34.50:39666], old=null at 0
2019-09-19 04:00:55,027 [grpc-default-executor-3] INFO  impl.RaftServerImpl (ServerState.java:setRaftConf(361)) - 3e5711c1-8fa4-42b5-a674-46644d3368a7:group-2B25F1690FA2 set configuration 0: [948582b7-4442-4302-80ff-48806e2acd06:192.168.34.50:34040, 3e5711c1-8fa4-42b5-a674-46644d3368a7:192.168.34.50:46036, 9845fec9-8f77-40ec-bd33-538f1e6b668f:192.168.34.50:39666], old=null at 0
2019-09-19 04:00:55,025 [3e5711c1-8fa4-42b5-a674-46644d3368a7:group-4F929088E8B4:LeaderElection60] INFO  impl.RoleInfo (RoleInfo.java:shutdownLeaderElection(134)) - 3e5711c1-8fa4-42b5-a674-46644d3368a7: shutdown LeaderElection
2019-09-19 04:00:55,028 [grpc-default-executor-3] INFO  segmented.SegmentedRaftLogWorker (SegmentedRaftLogWorker.java:startLogSegment(380)) - 3e5711c1-8fa4-42b5-a674-46644d3368a7-SegmentedRaftLogWorker:Storage Directory /workdir/hadoop-ozone/integration-test/target/test-dir/MiniOzoneClusterImpl-048a2d1c-ec68-42a5-b9aa-3373df324185/datanode-4/data/ratis/0e965e4f-9d18-40ec-afec-2b25f1690fa2: Starting segment from index:0
2019-09-19 04:00:55,028 [grpc-default-executor-6] INFO  segmented.SegmentedRaftLogWorker (SegmentedRaftLogWorker.java:startLogSegment(380)) - 948582b7-4442-4302-80ff-48806e2acd06-SegmentedRaftLogWorker:Storage Directory /workdir/hadoop-ozone/integration-test/target/test-dir/MiniOzoneClusterImpl-048a2d1c-ec68-42a5-b9aa-3373df324185/datanode-5/data/ratis/0e965e4f-9d18-40ec-afec-2b25f1690fa2: Starting segment from index:0
2019-09-19 04:00:55,028 [3e5711c1-8fa4-42b5-a674-46644d3368a7:group-4F929088E8B4:LeaderElection60] INFO  impl.RaftServerImpl (RaftServerImpl.java:setRole(171)) - 3e5711c1-8fa4-42b5-a674-46644d3368a7:group-4F929088E8B4 changes role from CANDIDATE to LEADER at term 1 for changeToLeader
2019-09-19 04:00:55,028 [3e5711c1-8fa4-42b5-a674-46644d3368a7:group-4F929088E8B4:LeaderElection60] INFO  impl.RaftServerImpl (ServerState.java:setLeader(263)) - 3e5711c1-8fa4-42b5-a674-46644d3368a7:group-4F929088E8B4 change Leader from null to 3e5711c1-8fa4-42b5-a674-46644d3368a7 at term 1 for becomeLeader, leader elected after 5143ms
2019-09-19 04:00:55,029 [3e5711c1-8fa4-42b5-a674-46644d3368a7:group-4F929088E8B4:LeaderElection60] INFO  server.RaftServerConfigKeys (ConfUtils.java:logGet(43)) - raft.server.staging.catchup.gap = 1000 (default)
2019-09-19 04:00:55,029 [3e5711c1-8fa4-42b5-a674-46644d3368a7:group-4F929088E8B4:LeaderElection60] INFO  server.RaftServerConfigKeys (ConfUtils.java:logGet(43)) - raft.server.rpc.sleep.time = 25ms (default)
2019-09-19 04:00:55,029 [3e5711c1-8fa4-42b5-a674-46644d3368a7:group-4F929088E8B4:LeaderElection60] INFO  server.RaftServerConfigKeys (ConfUtils.java:logGet(43)) - raft.server.write.element-limit = 4096 (default)
2019-09-19 04:00:55,029 [3e5711c1-8fa4-42b5-a674-46644d3368a7:group-4F929088E8B4:LeaderElection60] INFO  server.RaftServerConfigKeys (ConfUtils.java:logGet(43)) - raft.server.watch.timeout = 10s (default)
2019-09-19 04:00:55,030 [3e5711c1-8fa4-42b5-a674-46644d3368a7:group-4F929088E8B4:LeaderElection60] INFO  server.RaftServerConfigKeys (ConfUtils.java:logGet(43)) - raft.server.watch.timeout.denomination = 1s (default)
2019-09-19 04:00:55,030 [3e5711c1-8fa4-42b5-a674-46644d3368a7:group-4F929088E8B4:LeaderElection60] INFO  server.RaftServerConfigKeys (ConfUtils.java:logGet(43)) - raft.server.watch.element-limit = 65536 (default)
2019-09-19 04:00:55,030 [3e5711c1-8fa4-42b5-a674-46644d3368a7:group-4F929088E8B4:LeaderElection60] INFO  impl.RoleInfo (RoleInfo.java:updateAndGet(143)) - 3e5711c1-8fa4-42b5-a674-46644d3368a7: start LeaderState
2019-09-19 04:00:55,030 [3e5711c1-8fa4-42b5-a674-46644d3368a7:group-4F929088E8B4:LeaderElection60] INFO  segmented.SegmentedRaftLogWorker (SegmentedRaftLogWorker.java:startLogSegment(380)) - 3e5711c1-8fa4-42b5-a674-46644d3368a7-SegmentedRaftLogWorker:Storage Directory /workdir/hadoop-ozone/integration-test/target/test-dir/MiniOzoneClusterImpl-048a2d1c-ec68-42a5-b9aa-3373df324185/datanode-4/data/ratis/fcc36b2c-eb97-46e2-8b3a-4f929088e8b4: Starting segment from index:0
2019-09-19 04:00:55,031 [3e5711c1-8fa4-42b5-a674-46644d3368a7:group-4F929088E8B4:LeaderElection60] INFO  impl.RaftServerImpl (ServerState.java:setRaftConf(361)) - 3e5711c1-8fa4-42b5-a674-46644d3368a7:group-4F929088E8B4 set configuration 0: [3e5711c1-8fa4-42b5-a674-46644d3368a7:192.168.34.50:46036], old=null at 0
2019-09-19 04:00:55,064 [9845fec9-8f77-40ec-bd33-538f1e6b668f-SegmentedRaftLogWorker:Storage Directory /workdir/hadoop-ozone/integration-test/target/test-dir/MiniOzoneClusterImpl-048a2d1c-ec68-42a5-b9aa-3373df324185/datanode-3/data/ratis/0e965e4f-9d18-40ec-afec-2b25f1690fa2] INFO  segmented.SegmentedRaftLogWorker (SegmentedRaftLogWorker.java:execute(569)) - 9845fec9-8f77-40ec-bd33-538f1e6b668f-SegmentedRaftLogWorker:Storage Directory /workdir/hadoop-ozone/integration-test/target/test-dir/MiniOzoneClusterImpl-048a2d1c-ec68-42a5-b9aa-3373df324185/datanode-3/data/ratis/0e965e4f-9d18-40ec-afec-2b25f1690fa2: created new log segment /workdir/hadoop-ozone/integration-test/target/test-dir/MiniOzoneClusterImpl-048a2d1c-ec68-42a5-b9aa-3373df324185/datanode-3/data/ratis/0e965e4f-9d18-40ec-afec-2b25f1690fa2/current/log_inprogress_0
2019-09-19 04:00:55,065 | INFO  | DNAudit | user=null | ip=null | op=WRITE_CHUNK {blockData=conID: 1 locID: 102817179267629071 bcsId: 0} | ret=SUCCESS |  
2019-09-19 04:00:55,065 | INFO  | DNAudit | user=null | ip=null | op=WRITE_CHUNK {blockData=conID: 1 locID: 102817179267629071 bcsId: 0} | ret=SUCCESS |  
2019-09-19 04:00:55,065 | INFO  | SCMAudit | user=jenkins1000 | ip=192.168.34.50 | op=SEND_HEARTBEAT {datanodeUUID=d3468b2f-addf-437d-a2ce-dcff5006d770, command=[]} | ret=SUCCESS |  
2019-09-19 04:00:55,066 | INFO  | SCMAudit | user=jenkins1000 | ip=192.168.34.50 | op=SEND_HEARTBEAT {datanodeUUID=d25e7fda-9a8e-4bab-8cc8-b0b4dcdb8785, command=[]} | ret=SUCCESS |  
2019-09-19 04:00:55,087 | INFO  | SCMAudit | user=jenkins1000 | ip=192.168.34.50 | op=SEND_HEARTBEAT {datanodeUUID=87042b6f-033e-4b4e-b209-b9cca192af80, command=[]} | ret=SUCCESS |  
2019-09-19 04:00:55,087 | INFO  | DNAudit | user=null | ip=null | op=WRITE_CHUNK {blockData=conID: 1 locID: 102817179267629071 bcsId: 0} | ret=SUCCESS |  
2019-09-19 04:00:55,089 | INFO  | DNAudit | user=null | ip=null | op=WRITE_CHUNK {blockData=conID: 1 locID: 102817179267629071 bcsId: 0} | ret=SUCCESS |  
2019-09-19 04:00:55,092 [grpc-default-executor-3] INFO  client.GrpcClientProtocolClient (GrpcClientProtocolClient.java:onNext(255)) - client-B9AA895B6C26->d25e7fda-9a8e-4bab-8cc8-b0b4dcdb8785: receive RaftClientReply:client-B9AA895B6C26->d25e7fda-9a8e-4bab-8cc8-b0b4dcdb8785@group-E78588F04DBB, cid=175, SUCCESS, logIndex=1, commits[d25e7fda-9a8e-4bab-8cc8-b0b4dcdb8785:c1, 87042b6f-033e-4b4e-b209-b9cca192af80:c-1, d3468b2f-addf-437d-a2ce-dcff5006d770:c0]
2019-09-19 04:00:55,096 | INFO  | DNAudit | user=null | ip=null | op=WRITE_CHUNK {blockData=conID: 1 locID: 102817179267629071 bcsId: 0} | ret=SUCCESS |  
2019-09-19 04:00:55,097 | INFO  | DNAudit | user=null | ip=null | op=WRITE_CHUNK {blockData=conID: 1 locID: 102817179267629071 bcsId: 0} | ret=SUCCESS |  
2019-09-19 04:00:55,097 | INFO  | DNAudit | user=null | ip=null | op=WRITE_CHUNK {blockData=conID: 1 locID: 102817179267629071 bcsId: 0} | ret=SUCCESS |  
2019-09-19 04:00:55,097 | INFO  | DNAudit | user=null | ip=null | op=WRITE_CHUNK {blockData=conID: 1 locID: 102817179267629071 bcsId: 0} | ret=SUCCESS |  
2019-09-19 04:00:55,097 | INFO  | DNAudit | user=null | ip=null | op=WRITE_CHUNK {blockData=conID: 1 locID: 102817179267629071 bcsId: 0} | ret=SUCCESS |  
2019-09-19 04:00:55,098 | INFO  | DNAudit | user=null | ip=null | op=WRITE_CHUNK {blockData=conID: 1 locID: 102817179267629071 bcsId: 0} | ret=SUCCESS |  
2019-09-19 04:00:55,098 | INFO  | DNAudit | user=null | ip=null | op=WRITE_CHUNK {blockData=conID: 1 locID: 102817179267629071 bcsId: 0} | ret=SUCCESS |  
2019-09-19 04:00:55,098 | INFO  | DNAudit | user=null | ip=null | op=WRITE_CHUNK {blockData=conID: 1 locID: 102817179267629071 bcsId: 0} | ret=SUCCESS |  
2019-09-19 04:00:55,098 | INFO  | DNAudit | user=null | ip=null | op=WRITE_CHUNK {blockData=conID: 1 locID: 102817179267629071 bcsId: 0} | ret=SUCCESS |  
2019-09-19 04:00:55,102 [3e5711c1-8fa4-42b5-a674-46644d3368a7-SegmentedRaftLogWorker:Storage Directory /workdir/hadoop-ozone/integration-test/target/test-dir/MiniOzoneClusterImpl-048a2d1c-ec68-42a5-b9aa-3373df324185/datanode-4/data/ratis/0e965e4f-9d18-40ec-afec-2b25f1690fa2] INFO  segmented.SegmentedRaftLogWorker (SegmentedRaftLogWorker.java:execute(569)) - 3e5711c1-8fa4-42b5-a674-46644d3368a7-SegmentedRaftLogWorker:Storage Directory /workdir/hadoop-ozone/integration-test/target/test-dir/MiniOzoneClusterImpl-048a2d1c-ec68-42a5-b9aa-3373df324185/datanode-4/data/ratis/0e965e4f-9d18-40ec-afec-2b25f1690fa2: created new log segment /workdir/hadoop-ozone/integration-test/target/test-dir/MiniOzoneClusterImpl-048a2d1c-ec68-42a5-b9aa-3373df324185/datanode-4/data/ratis/0e965e4f-9d18-40ec-afec-2b25f1690fa2/current/log_inprogress_0
2019-09-19 04:00:55,102 [3e5711c1-8fa4-42b5-a674-46644d3368a7-SegmentedRaftLogWorker:Storage Directory /workdir/hadoop-ozone/integration-test/target/test-dir/MiniOzoneClusterImpl-048a2d1c-ec68-42a5-b9aa-3373df324185/datanode-4/data/ratis/fcc36b2c-eb97-46e2-8b3a-4f929088e8b4] INFO  segmented.SegmentedRaftLogWorker (SegmentedRaftLogWorker.java:execute(569)) - 3e5711c1-8fa4-42b5-a674-46644d3368a7-SegmentedRaftLogWorker:Storage Directory /workdir/hadoop-ozone/integration-test/target/test-dir/MiniOzoneClusterImpl-048a2d1c-ec68-42a5-b9aa-3373df324185/datanode-4/data/ratis/fcc36b2c-eb97-46e2-8b3a-4f929088e8b4: created new log segment /workdir/hadoop-ozone/integration-test/target/test-dir/MiniOzoneClusterImpl-048a2d1c-ec68-42a5-b9aa-3373df324185/datanode-4/data/ratis/fcc36b2c-eb97-46e2-8b3a-4f929088e8b4/current/log_inprogress_0
2019-09-19 04:00:55,102 [948582b7-4442-4302-80ff-48806e2acd06-SegmentedRaftLogWorker:Storage Directory /workdir/hadoop-ozone/integration-test/target/test-dir/MiniOzoneClusterImpl-048a2d1c-ec68-42a5-b9aa-3373df324185/datanode-5/data/ratis/0e965e4f-9d18-40ec-afec-2b25f1690fa2] INFO  segmented.SegmentedRaftLogWorker (SegmentedRaftLogWorker.java:execute(569)) - 948582b7-4442-4302-80ff-48806e2acd06-SegmentedRaftLogWorker:Storage Directory /workdir/hadoop-ozone/integration-test/target/test-dir/MiniOzoneClusterImpl-048a2d1c-ec68-42a5-b9aa-3373df324185/datanode-5/data/ratis/0e965e4f-9d18-40ec-afec-2b25f1690fa2: created new log segment /workdir/hadoop-ozone/integration-test/target/test-dir/MiniOzoneClusterImpl-048a2d1c-ec68-42a5-b9aa-3373df324185/datanode-5/data/ratis/0e965e4f-9d18-40ec-afec-2b25f1690fa2/current/log_inprogress_0
2019-09-19 04:00:55,103 | INFO  | DNAudit | user=null | ip=null | op=WRITE_CHUNK {blockData=conID: 1 locID: 102817179267629071 bcsId: 0} | ret=SUCCESS |  
2019-09-19 04:00:55,105 | INFO  | DNAudit | user=null | ip=null | op=WRITE_CHUNK {blockData=conID: 1 locID: 102817179267629071 bcsId: 0} | ret=SUCCESS |  
2019-09-19 04:00:55,105 | INFO  | DNAudit | user=null | ip=null | op=WRITE_CHUNK {blockData=conID: 1 locID: 102817179267629071 bcsId: 0} | ret=SUCCESS |  
2019-09-19 04:00:55,109 [grpc-default-executor-7] INFO  client.GrpcClientProtocolClient (GrpcClientProtocolClient.java:onNext(255)) - client-B9AA895B6C26->d25e7fda-9a8e-4bab-8cc8-b0b4dcdb8785: receive RaftClientReply:client-B9AA895B6C26->d25e7fda-9a8e-4bab-8cc8-b0b4dcdb8785@group-E78588F04DBB, cid=176, SUCCESS, logIndex=3, commits[d25e7fda-9a8e-4bab-8cc8-b0b4dcdb8785:c3, 87042b6f-033e-4b4e-b209-b9cca192af80:c0, d3468b2f-addf-437d-a2ce-dcff5006d770:c1]
2019-09-19 04:00:55,120 | INFO  | SCMAudit | user=jenkins1000 | ip=192.168.34.50 | op=SEND_HEARTBEAT {datanodeUUID=948582b7-4442-4302-80ff-48806e2acd06, command=[]} | ret=SUCCESS |  
2019-09-19 04:00:55,130 | INFO  | DNAudit | user=null | ip=null | op=WRITE_CHUNK {blockData=conID: 1 locID: 102817179267629071 bcsId: 0} | ret=SUCCESS |  
2019-09-19 04:00:55,130 | INFO  | DNAudit | user=null | ip=null | op=WRITE_CHUNK {blockData=conID: 1 locID: 102817179267629071 bcsId: 0} | ret=SUCCESS |  
2019-09-19 04:00:55,224 [Thread-3363] INFO  impl.FollowerState (FollowerState.java:run(106)) - 948582b7-4442-4302-80ff-48806e2acd06:group-4A61C58ABFF6 changes to CANDIDATE, lastRpcTime:5064, electionTimeout:5064ms
2019-09-19 04:00:55,224 [Thread-3363] INFO  impl.RoleInfo (RoleInfo.java:shutdownFollowerState(121)) - 948582b7-4442-4302-80ff-48806e2acd06: shutdown FollowerState
2019-09-19 04:00:55,224 [Thread-3363] INFO  impl.RaftServerImpl (RaftServerImpl.java:setRole(171)) - 948582b7-4442-4302-80ff-48806e2acd06:group-4A61C58ABFF6 changes role from FOLLOWER to CANDIDATE at term 0 for changeToCandidate
2019-09-19 04:00:55,224 [Thread-3363] INFO  impl.RoleInfo (RoleInfo.java:updateAndGet(143)) - 948582b7-4442-4302-80ff-48806e2acd06: start LeaderElection
2019-09-19 04:00:55,316 [948582b7-4442-4302-80ff-48806e2acd06:group-4A61C58ABFF6:LeaderElection61] INFO  impl.LeaderElection (LeaderElection.java:askForVotes(181)) - 948582b7-4442-4302-80ff-48806e2acd06:group-4A61C58ABFF6:LeaderElection61: begin an election at term 1 for -1: [948582b7-4442-4302-80ff-48806e2acd06:192.168.34.50:34040], old=null
2019-09-19 04:00:55,316 [948582b7-4442-4302-80ff-48806e2acd06:group-4A61C58ABFF6:LeaderElection61] INFO  impl.RoleInfo (RoleInfo.java:shutdownLeaderElection(134)) - 948582b7-4442-4302-80ff-48806e2acd06: shutdown LeaderElection
2019-09-19 04:00:55,316 [948582b7-4442-4302-80ff-48806e2acd06:group-4A61C58ABFF6:LeaderElection61] INFO  impl.RaftServerImpl (RaftServerImpl.java:setRole(171)) - 948582b7-4442-4302-80ff-48806e2acd06:group-4A61C58ABFF6 changes role from CANDIDATE to LEADER at term 1 for changeToLeader
2019-09-19 04:00:55,316 [948582b7-4442-4302-80ff-48806e2acd06:group-4A61C58ABFF6:LeaderElection61] INFO  impl.RaftServerImpl (ServerState.java:setLeader(263)) - 948582b7-4442-4302-80ff-48806e2acd06:group-4A61C58ABFF6 change Leader from null to 948582b7-4442-4302-80ff-48806e2acd06 at term 1 for becomeLeader, leader elected after 5160ms
2019-09-19 04:00:55,316 [948582b7-4442-4302-80ff-48806e2acd06:group-4A61C58ABFF6:LeaderElection61] INFO  server.RaftServerConfigKeys (ConfUtils.java:logGet(43)) - raft.server.staging.catchup.gap = 1000 (default)
2019-09-19 04:00:55,316 [948582b7-4442-4302-80ff-48806e2acd06:group-4A61C58ABFF6:LeaderElection61] INFO  server.RaftServerConfigKeys (ConfUtils.java:logGet(43)) - raft.server.rpc.sleep.time = 25ms (default)
2019-09-19 04:00:55,318 [948582b7-4442-4302-80ff-48806e2acd06:group-4A61C58ABFF6:LeaderElection61] INFO  server.RaftServerConfigKeys (ConfUtils.java:logGet(43)) - raft.server.write.element-limit = 4096 (default)
2019-09-19 04:00:55,318 [948582b7-4442-4302-80ff-48806e2acd06:group-4A61C58ABFF6:LeaderElection61] INFO  server.RaftServerConfigKeys (ConfUtils.java:logGet(43)) - raft.server.watch.timeout = 10s (default)
2019-09-19 04:00:55,318 [948582b7-4442-4302-80ff-48806e2acd06:group-4A61C58ABFF6:LeaderElection61] INFO  server.RaftServerConfigKeys (ConfUtils.java:logGet(43)) - raft.server.watch.timeout.denomination = 1s (default)
2019-09-19 04:00:55,318 [948582b7-4442-4302-80ff-48806e2acd06:group-4A61C58ABFF6:LeaderElection61] INFO  server.RaftServerConfigKeys (ConfUtils.java:logGet(43)) - raft.server.watch.element-limit = 65536 (default)
2019-09-19 04:00:55,319 [948582b7-4442-4302-80ff-48806e2acd06:group-4A61C58ABFF6:LeaderElection61] INFO  impl.RoleInfo (RoleInfo.java:updateAndGet(143)) - 948582b7-4442-4302-80ff-48806e2acd06: start LeaderState
2019-09-19 04:00:55,319 [948582b7-4442-4302-80ff-48806e2acd06:group-4A61C58ABFF6:LeaderElection61] INFO  segmented.SegmentedRaftLogWorker (SegmentedRaftLogWorker.java:startLogSegment(380)) - 948582b7-4442-4302-80ff-48806e2acd06-SegmentedRaftLogWorker:Storage Directory /workdir/hadoop-ozone/integration-test/target/test-dir/MiniOzoneClusterImpl-048a2d1c-ec68-42a5-b9aa-3373df324185/datanode-5/data/ratis/4b9e365c-cbf8-417b-9633-4a61c58abff6: Starting segment from index:0
2019-09-19 04:00:55,320 [948582b7-4442-4302-80ff-48806e2acd06:group-4A61C58ABFF6:LeaderElection61] INFO  impl.RaftServerImpl (ServerState.java:setRaftConf(361)) - 948582b7-4442-4302-80ff-48806e2acd06:group-4A61C58ABFF6 set configuration 0: [948582b7-4442-4302-80ff-48806e2acd06:192.168.34.50:34040], old=null at 0
2019-09-19 04:00:55,356 | INFO  | DNAudit | user=null | ip=null | op=PUT_BLOCK {blockData=[blockId=conID: 1 locID: 102817179267629071 bcsId: 0,size=200]} | ret=SUCCESS |  
2019-09-19 04:00:55,358 [grpc-default-executor-8] INFO  client.GrpcClientProtocolClient (GrpcClientProtocolClient.java:onNext(255)) - client-B9AA895B6C26->d25e7fda-9a8e-4bab-8cc8-b0b4dcdb8785: receive RaftClientReply:client-B9AA895B6C26->d25e7fda-9a8e-4bab-8cc8-b0b4dcdb8785@group-E78588F04DBB, cid=177, SUCCESS, logIndex=4, commits[d25e7fda-9a8e-4bab-8cc8-b0b4dcdb8785:c11, 87042b6f-033e-4b4e-b209-b9cca192af80:c7, d3468b2f-addf-437d-a2ce-dcff5006d770:c7]
2019-09-19 04:00:55,367 | INFO  | DNAudit | user=null | ip=null | op=WRITE_CHUNK {blockData=conID: 1 locID: 102817179267629071 bcsId: 0} | ret=SUCCESS |  
2019-09-19 04:00:55,367 | INFO  | DNAudit | user=null | ip=null | op=WRITE_CHUNK {blockData=conID: 1 locID: 102817179267629071 bcsId: 0} | ret=SUCCESS |  
2019-09-19 04:00:55,368 [grpc-default-executor-8] INFO  client.GrpcClientProtocolClient (GrpcClientProtocolClient.java:onNext(255)) - client-B9AA895B6C26->d25e7fda-9a8e-4bab-8cc8-b0b4dcdb8785: receive RaftClientReply:client-B9AA895B6C26->d25e7fda-9a8e-4bab-8cc8-b0b4dcdb8785@group-E78588F04DBB, cid=178, SUCCESS, logIndex=5, commits[d25e7fda-9a8e-4bab-8cc8-b0b4dcdb8785:c11, 87042b6f-033e-4b4e-b209-b9cca192af80:c7, d3468b2f-addf-437d-a2ce-dcff5006d770:c7]
2019-09-19 04:00:55,368 [grpc-default-executor-8] INFO  client.GrpcClientProtocolClient (GrpcClientProtocolClient.java:onNext(255)) - client-B9AA895B6C26->d25e7fda-9a8e-4bab-8cc8-b0b4dcdb8785: receive RaftClientReply:client-B9AA895B6C26->d25e7fda-9a8e-4bab-8cc8-b0b4dcdb8785@group-E78588F04DBB, cid=179, SUCCESS, logIndex=6, commits[d25e7fda-9a8e-4bab-8cc8-b0b4dcdb8785:c11, 87042b6f-033e-4b4e-b209-b9cca192af80:c7, d3468b2f-addf-437d-a2ce-dcff5006d770:c7]
2019-09-19 04:00:55,387 | INFO  | SCMAudit | user=jenkins1000 | ip=192.168.34.50 | op=SEND_HEARTBEAT {datanodeUUID=164f4f1a-4ae3-4926-8bd0-17aa2d0a97c2, command=[]} | ret=SUCCESS |  
2019-09-19 04:00:55,443 [948582b7-4442-4302-80ff-48806e2acd06-SegmentedRaftLogWorker:Storage Directory /workdir/hadoop-ozone/integration-test/target/test-dir/MiniOzoneClusterImpl-048a2d1c-ec68-42a5-b9aa-3373df324185/datanode-5/data/ratis/4b9e365c-cbf8-417b-9633-4a61c58abff6] INFO  segmented.SegmentedRaftLogWorker (SegmentedRaftLogWorker.java:execute(569)) - 948582b7-4442-4302-80ff-48806e2acd06-SegmentedRaftLogWorker:Storage Directory /workdir/hadoop-ozone/integration-test/target/test-dir/MiniOzoneClusterImpl-048a2d1c-ec68-42a5-b9aa-3373df324185/datanode-5/data/ratis/4b9e365c-cbf8-417b-9633-4a61c58abff6: created new log segment /workdir/hadoop-ozone/integration-test/target/test-dir/MiniOzoneClusterImpl-048a2d1c-ec68-42a5-b9aa-3373df324185/datanode-5/data/ratis/4b9e365c-cbf8-417b-9633-4a61c58abff6/current/log_inprogress_0
2019-09-19 04:00:55,580 | INFO  | DNAudit | user=null | ip=null | op=PUT_BLOCK {blockData=[blockId=conID: 1 locID: 102817179267629071 bcsId: 0,size=200]} | ret=SUCCESS |  
2019-09-19 04:00:55,581 | INFO  | DNAudit | user=null | ip=null | op=WRITE_CHUNK {blockData=conID: 1 locID: 102817179267629071 bcsId: 0} | ret=SUCCESS |  
2019-09-19 04:00:55,582 | INFO  | DNAudit | user=null | ip=null | op=WRITE_CHUNK {blockData=conID: 1 locID: 102817179267629071 bcsId: 0} | ret=SUCCESS |  
2019-09-19 04:00:55,602 [Thread-3377] INFO  impl.FollowerState (FollowerState.java:run(106)) - 164f4f1a-4ae3-4926-8bd0-17aa2d0a97c2:group-73833CD13017 changes to CANDIDATE, lastRpcTime:5162, electionTimeout:5162ms
2019-09-19 04:00:55,602 [Thread-3377] INFO  impl.RoleInfo (RoleInfo.java:shutdownFollowerState(121)) - 164f4f1a-4ae3-4926-8bd0-17aa2d0a97c2: shutdown FollowerState
2019-09-19 04:00:55,602 [Thread-3377] INFO  impl.RaftServerImpl (RaftServerImpl.java:setRole(171)) - 164f4f1a-4ae3-4926-8bd0-17aa2d0a97c2:group-73833CD13017 changes role from FOLLOWER to CANDIDATE at term 0 for changeToCandidate
2019-09-19 04:00:55,603 [Thread-3377] INFO  impl.RoleInfo (RoleInfo.java:updateAndGet(143)) - 164f4f1a-4ae3-4926-8bd0-17aa2d0a97c2: start LeaderElection
2019-09-19 04:00:55,619 | INFO  | SCMAudit | user=jenkins1000 | ip=192.168.34.50 | op=SEND_HEARTBEAT {datanodeUUID=9845fec9-8f77-40ec-bd33-538f1e6b668f, command=[]} | ret=SUCCESS |  
2019-09-19 04:00:55,708 [164f4f1a-4ae3-4926-8bd0-17aa2d0a97c2:group-73833CD13017:LeaderElection62] INFO  impl.LeaderElection (LeaderElection.java:askForVotes(181)) - 164f4f1a-4ae3-4926-8bd0-17aa2d0a97c2:group-73833CD13017:LeaderElection62: begin an election at term 1 for -1: [164f4f1a-4ae3-4926-8bd0-17aa2d0a97c2:192.168.34.50:32852], old=null
2019-09-19 04:00:55,708 [164f4f1a-4ae3-4926-8bd0-17aa2d0a97c2:group-73833CD13017:LeaderElection62] INFO  impl.RoleInfo (RoleInfo.java:shutdownLeaderElection(134)) - 164f4f1a-4ae3-4926-8bd0-17aa2d0a97c2: shutdown LeaderElection
2019-09-19 04:00:55,708 [164f4f1a-4ae3-4926-8bd0-17aa2d0a97c2:group-73833CD13017:LeaderElection62] INFO  impl.RaftServerImpl (RaftServerImpl.java:setRole(171)) - 164f4f1a-4ae3-4926-8bd0-17aa2d0a97c2:group-73833CD13017 changes role from CANDIDATE to LEADER at term 1 for changeToLeader
2019-09-19 04:00:55,709 [164f4f1a-4ae3-4926-8bd0-17aa2d0a97c2:group-73833CD13017:LeaderElection62] INFO  impl.RaftServerImpl (ServerState.java:setLeader(263)) - 164f4f1a-4ae3-4926-8bd0-17aa2d0a97c2:group-73833CD13017 change Leader from null to 164f4f1a-4ae3-4926-8bd0-17aa2d0a97c2 at term 1 for becomeLeader, leader elected after 5274ms
2019-09-19 04:00:55,709 [164f4f1a-4ae3-4926-8bd0-17aa2d0a97c2:group-73833CD13017:LeaderElection62] INFO  server.RaftServerConfigKeys (ConfUtils.java:logGet(43)) - raft.server.staging.catchup.gap = 1000 (default)
2019-09-19 04:00:55,709 [164f4f1a-4ae3-4926-8bd0-17aa2d0a97c2:group-73833CD13017:LeaderElection62] INFO  server.RaftServerConfigKeys (ConfUtils.java:logGet(43)) - raft.server.rpc.sleep.time = 25ms (default)
2019-09-19 04:00:55,709 [164f4f1a-4ae3-4926-8bd0-17aa2d0a97c2:group-73833CD13017:LeaderElection62] INFO  server.RaftServerConfigKeys (ConfUtils.java:logGet(43)) - raft.server.write.element-limit = 4096 (default)
2019-09-19 04:00:55,709 [164f4f1a-4ae3-4926-8bd0-17aa2d0a97c2:group-73833CD13017:LeaderElection62] INFO  server.RaftServerConfigKeys (ConfUtils.java:logGet(43)) - raft.server.watch.timeout = 10s (default)
2019-09-19 04:00:55,709 [164f4f1a-4ae3-4926-8bd0-17aa2d0a97c2:group-73833CD13017:LeaderElection62] INFO  server.RaftServerConfigKeys (ConfUtils.java:logGet(43)) - raft.server.watch.timeout.denomination = 1s (default)
2019-09-19 04:00:55,710 [164f4f1a-4ae3-4926-8bd0-17aa2d0a97c2:group-73833CD13017:LeaderElection62] INFO  server.RaftServerConfigKeys (ConfUtils.java:logGet(43)) - raft.server.watch.element-limit = 65536 (default)
2019-09-19 04:00:55,710 [164f4f1a-4ae3-4926-8bd0-17aa2d0a97c2:group-73833CD13017:LeaderElection62] INFO  impl.RoleInfo (RoleInfo.java:updateAndGet(143)) - 164f4f1a-4ae3-4926-8bd0-17aa2d0a97c2: start LeaderState
2019-09-19 04:00:55,710 [164f4f1a-4ae3-4926-8bd0-17aa2d0a97c2:group-73833CD13017:LeaderElection62] INFO  segmented.SegmentedRaftLogWorker (SegmentedRaftLogWorker.java:startLogSegment(380)) - 164f4f1a-4ae3-4926-8bd0-17aa2d0a97c2-SegmentedRaftLogWorker:Storage Directory /workdir/hadoop-ozone/integration-test/target/test-dir/MiniOzoneClusterImpl-048a2d1c-ec68-42a5-b9aa-3373df324185/datanode-6/data/ratis/f09e861e-3c31-4b45-81e8-73833cd13017: Starting segment from index:0
2019-09-19 04:00:55,711 [164f4f1a-4ae3-4926-8bd0-17aa2d0a97c2:group-73833CD13017:LeaderElection62] INFO  impl.RaftServerImpl (ServerState.java:setRaftConf(361)) - 164f4f1a-4ae3-4926-8bd0-17aa2d0a97c2:group-73833CD13017 set configuration 0: [164f4f1a-4ae3-4926-8bd0-17aa2d0a97c2:192.168.34.50:32852], old=null at 0
2019-09-19 04:00:55,822 [164f4f1a-4ae3-4926-8bd0-17aa2d0a97c2-SegmentedRaftLogWorker:Storage Directory /workdir/hadoop-ozone/integration-test/target/test-dir/MiniOzoneClusterImpl-048a2d1c-ec68-42a5-b9aa-3373df324185/datanode-6/data/ratis/f09e861e-3c31-4b45-81e8-73833cd13017] INFO  segmented.SegmentedRaftLogWorker (SegmentedRaftLogWorker.java:execute(569)) - 164f4f1a-4ae3-4926-8bd0-17aa2d0a97c2-SegmentedRaftLogWorker:Storage Directory /workdir/hadoop-ozone/integration-test/target/test-dir/MiniOzoneClusterImpl-048a2d1c-ec68-42a5-b9aa-3373df324185/datanode-6/data/ratis/f09e861e-3c31-4b45-81e8-73833cd13017: created new log segment /workdir/hadoop-ozone/integration-test/target/test-dir/MiniOzoneClusterImpl-048a2d1c-ec68-42a5-b9aa-3373df324185/datanode-6/data/ratis/f09e861e-3c31-4b45-81e8-73833cd13017/current/log_inprogress_0
2019-09-19 04:00:55,848 | INFO  | DNAudit | user=null | ip=null | op=PUT_BLOCK {blockData=[blockId=conID: 1 locID: 102817179267629071 bcsId: 0,size=400]} | ret=SUCCESS |  
2019-09-19 04:00:55,848 | INFO  | DNAudit | user=null | ip=null | op=PUT_BLOCK {blockData=[blockId=conID: 1 locID: 102817179267629071 bcsId: 0,size=400]} | ret=SUCCESS |  
2019-09-19 04:00:55,848 | INFO  | DNAudit | user=null | ip=null | op=PUT_BLOCK {blockData=[blockId=conID: 1 locID: 102817179267629071 bcsId: 0,size=200]} | ret=SUCCESS |  
2019-09-19 04:00:55,848 | INFO  | SCMAudit | user=jenkins1000 | ip=192.168.34.50 | op=SEND_HEARTBEAT {datanodeUUID=3e5711c1-8fa4-42b5-a674-46644d3368a7, command=[]} | ret=SUCCESS |  
2019-09-19 04:00:55,849 | INFO  | DNAudit | user=null | ip=null | op=WRITE_CHUNK {blockData=conID: 1 locID: 102817179267629071 bcsId: 0} | ret=SUCCESS |  
2019-09-19 04:00:55,849 | INFO  | DNAudit | user=null | ip=null | op=WRITE_CHUNK {blockData=conID: 1 locID: 102817179267629071 bcsId: 0} | ret=SUCCESS |  
2019-09-19 04:00:55,849 [grpc-default-executor-8] INFO  client.GrpcClientProtocolClient (GrpcClientProtocolClient.java:onNext(255)) - client-B9AA895B6C26->d25e7fda-9a8e-4bab-8cc8-b0b4dcdb8785: receive RaftClientReply:client-B9AA895B6C26->d25e7fda-9a8e-4bab-8cc8-b0b4dcdb8785@group-E78588F04DBB, cid=180, SUCCESS, logIndex=7, commits[d25e7fda-9a8e-4bab-8cc8-b0b4dcdb8785:c11, 87042b6f-033e-4b4e-b209-b9cca192af80:c7, d3468b2f-addf-437d-a2ce-dcff5006d770:c7]
2019-09-19 04:00:55,850 | INFO  | DNAudit | user=null | ip=null | op=PUT_BLOCK {blockData=[blockId=conID: 1 locID: 102817179267629071 bcsId: 0,size=400]} | ret=SUCCESS |  
2019-09-19 04:00:55,853 | INFO  | DNAudit | user=null | ip=null | op=WRITE_CHUNK {blockData=conID: 1 locID: 102817179267629071 bcsId: 7} | ret=SUCCESS |  
2019-09-19 04:00:55,854 | INFO  | DNAudit | user=null | ip=null | op=WRITE_CHUNK {blockData=conID: 1 locID: 102817179267629071 bcsId: 7} | ret=SUCCESS |  
2019-09-19 04:00:55,855 | INFO  | DNAudit | user=null | ip=null | op=WRITE_CHUNK {blockData=conID: 1 locID: 102817179267629071 bcsId: 7} | ret=SUCCESS |  
2019-09-19 04:00:55,876 | INFO  | DNAudit | user=null | ip=null | op=WRITE_CHUNK {blockData=conID: 1 locID: 102817179267629071 bcsId: 7} | ret=SUCCESS |  
2019-09-19 04:00:55,877 | INFO  | DNAudit | user=null | ip=null | op=PUT_BLOCK {blockData=[blockId=conID: 1 locID: 102817179267629071 bcsId: 0,size=450]} | ret=SUCCESS |  
2019-09-19 04:00:55,877 [grpc-default-executor-8] INFO  client.GrpcClientProtocolClient (GrpcClientProtocolClient.java:onNext(255)) - client-B9AA895B6C26->d25e7fda-9a8e-4bab-8cc8-b0b4dcdb8785: receive RaftClientReply:client-B9AA895B6C26->d25e7fda-9a8e-4bab-8cc8-b0b4dcdb8785@group-E78588F04DBB, cid=181, SUCCESS, logIndex=12, commits[d25e7fda-9a8e-4bab-8cc8-b0b4dcdb8785:c13, 87042b6f-033e-4b4e-b209-b9cca192af80:c11, d3468b2f-addf-437d-a2ce-dcff5006d770:c11]
2019-09-19 04:00:55,878 [grpc-default-executor-8] INFO  client.GrpcClientProtocolClient (GrpcClientProtocolClient.java:onNext(255)) - client-B9AA895B6C26->d25e7fda-9a8e-4bab-8cc8-b0b4dcdb8785: receive RaftClientReply:client-B9AA895B6C26->d25e7fda-9a8e-4bab-8cc8-b0b4dcdb8785@group-E78588F04DBB, cid=182, SUCCESS, logIndex=13, commits[d25e7fda-9a8e-4bab-8cc8-b0b4dcdb8785:c13, 87042b6f-033e-4b4e-b209-b9cca192af80:c11, d3468b2f-addf-437d-a2ce-dcff5006d770:c11]
2019-09-19 04:00:55,893 | INFO  | DNAudit | user=null | ip=null | op=WRITE_CHUNK {blockData=conID: 1 locID: 102817179267629071 bcsId: 7} | ret=SUCCESS |  
2019-09-19 04:00:55,893 | INFO  | DNAudit | user=null | ip=null | op=WRITE_CHUNK {blockData=conID: 1 locID: 102817179267629071 bcsId: 7} | ret=SUCCESS |  
2019-09-19 04:00:55,894 | INFO  | DNAudit | user=null | ip=null | op=PUT_BLOCK {blockData=[blockId=conID: 1 locID: 102817179267629071 bcsId: 0,size=450]} | ret=SUCCESS |  
2019-09-19 04:00:55,894 | INFO  | DNAudit | user=null | ip=null | op=PUT_BLOCK {blockData=[blockId=conID: 1 locID: 102817179267629071 bcsId: 0,size=450]} | ret=SUCCESS |  
2019-09-19 04:00:55,899 [grpc-default-executor-8] INFO  client.GrpcClientProtocolClient (GrpcClientProtocolClient.java:onNext(255)) - client-B9AA895B6C26->d25e7fda-9a8e-4bab-8cc8-b0b4dcdb8785: receive RaftClientReply:client-B9AA895B6C26->d25e7fda-9a8e-4bab-8cc8-b0b4dcdb8785@group-E78588F04DBB, cid=183, SUCCESS, logIndex=0, commits[d25e7fda-9a8e-4bab-8cc8-b0b4dcdb8785:c14, 87042b6f-033e-4b4e-b209-b9cca192af80:c13, d3468b2f-addf-437d-a2ce-dcff5006d770:c13]
2019-09-19 04:00:55,899 [main] INFO  datanode.ObjectStoreHandler (ObjectStoreHandler.java:close(155)) - Closing ObjectStoreHandler.
2019-09-19 04:00:55,900 [main] INFO  ozone.HddsDatanodeService (HddsDatanodeService.java:stop(451)) - Stopped plug-in org.apache.hadoop.ozone.web.OzoneHddsDatanodeService@75f579d2
2019-09-19 04:00:56,065 [Datanode State Machine Thread - 0] INFO  statemachine.DatanodeStateMachine (DatanodeStateMachine.java:lambda$startDaemon$0(356)) - Ozone container server started.
2019-09-19 04:00:56,066 | INFO  | SCMAudit | user=jenkins1000 | ip=192.168.34.50 | op=SEND_HEARTBEAT {datanodeUUID=d3468b2f-addf-437d-a2ce-dcff5006d770, command=[]} | ret=SUCCESS |  
2019-09-19 04:00:56,087 | INFO  | SCMAudit | user=jenkins1000 | ip=192.168.34.50 | op=SEND_HEARTBEAT {datanodeUUID=87042b6f-033e-4b4e-b209-b9cca192af80, command=[]} | ret=SUCCESS |  
2019-09-19 04:00:56,120 | INFO  | SCMAudit | user=jenkins1000 | ip=192.168.34.50 | op=SEND_HEARTBEAT {datanodeUUID=948582b7-4442-4302-80ff-48806e2acd06, command=[]} | ret=SUCCESS |  
2019-09-19 04:00:56,386 | INFO  | SCMAudit | user=jenkins1000 | ip=192.168.34.50 | op=SEND_HEARTBEAT {datanodeUUID=164f4f1a-4ae3-4926-8bd0-17aa2d0a97c2, command=[]} | ret=SUCCESS |  
2019-09-19 04:00:56,619 | INFO  | SCMAudit | user=jenkins1000 | ip=192.168.34.50 | op=SEND_HEARTBEAT {datanodeUUID=9845fec9-8f77-40ec-bd33-538f1e6b668f, command=[]} | ret=SUCCESS |  
2019-09-19 04:00:56,848 | INFO  | SCMAudit | user=jenkins1000 | ip=192.168.34.50 | op=SEND_HEARTBEAT {datanodeUUID=3e5711c1-8fa4-42b5-a674-46644d3368a7, command=[]} | ret=SUCCESS |  
2019-09-19 04:00:57,066 | INFO  | SCMAudit | user=jenkins1000 | ip=192.168.34.50 | op=SEND_HEARTBEAT {datanodeUUID=d3468b2f-addf-437d-a2ce-dcff5006d770, command=[]} | ret=SUCCESS |  
2019-09-19 04:00:57,087 | INFO  | SCMAudit | user=jenkins1000 | ip=192.168.34.50 | op=SEND_HEARTBEAT {datanodeUUID=87042b6f-033e-4b4e-b209-b9cca192af80, command=[]} | ret=SUCCESS |  
2019-09-19 04:00:57,122 | INFO  | SCMAudit | user=jenkins1000 | ip=192.168.34.50 | op=SEND_HEARTBEAT {datanodeUUID=948582b7-4442-4302-80ff-48806e2acd06, command=[]} | ret=SUCCESS |  
2019-09-19 04:00:57,386 | INFO  | SCMAudit | user=jenkins1000 | ip=192.168.34.50 | op=SEND_HEARTBEAT {datanodeUUID=164f4f1a-4ae3-4926-8bd0-17aa2d0a97c2, command=[]} | ret=SUCCESS |  
2019-09-19 04:00:57,619 | INFO  | SCMAudit | user=jenkins1000 | ip=192.168.34.50 | op=SEND_HEARTBEAT {datanodeUUID=9845fec9-8f77-40ec-bd33-538f1e6b668f, command=[]} | ret=SUCCESS |  
2019-09-19 04:00:57,849 | INFO  | SCMAudit | user=jenkins1000 | ip=192.168.34.50 | op=SEND_HEARTBEAT {datanodeUUID=3e5711c1-8fa4-42b5-a674-46644d3368a7, command=[]} | ret=SUCCESS |  
2019-09-19 04:00:58,066 | INFO  | SCMAudit | user=jenkins1000 | ip=192.168.34.50 | op=SEND_HEARTBEAT {datanodeUUID=d3468b2f-addf-437d-a2ce-dcff5006d770, command=[]} | ret=SUCCESS |  
2019-09-19 04:00:58,087 | INFO  | SCMAudit | user=jenkins1000 | ip=192.168.34.50 | op=SEND_HEARTBEAT {datanodeUUID=87042b6f-033e-4b4e-b209-b9cca192af80, command=[]} | ret=SUCCESS |  
2019-09-19 04:00:58,122 | INFO  | SCMAudit | user=jenkins1000 | ip=192.168.34.50 | op=SEND_HEARTBEAT {datanodeUUID=948582b7-4442-4302-80ff-48806e2acd06, command=[]} | ret=SUCCESS |  
2019-09-19 04:00:58,387 | INFO  | SCMAudit | user=jenkins1000 | ip=192.168.34.50 | op=SEND_HEARTBEAT {datanodeUUID=164f4f1a-4ae3-4926-8bd0-17aa2d0a97c2, command=[]} | ret=SUCCESS |  
2019-09-19 04:00:58,620 | INFO  | SCMAudit | user=jenkins1000 | ip=192.168.34.50 | op=SEND_HEARTBEAT {datanodeUUID=9845fec9-8f77-40ec-bd33-538f1e6b668f, command=[]} | ret=SUCCESS |  
2019-09-19 04:00:58,849 | INFO  | SCMAudit | user=jenkins1000 | ip=192.168.34.50 | op=SEND_HEARTBEAT {datanodeUUID=3e5711c1-8fa4-42b5-a674-46644d3368a7, command=[]} | ret=SUCCESS |  
2019-09-19 04:00:59,066 | INFO  | SCMAudit | user=jenkins1000 | ip=192.168.34.50 | op=SEND_HEARTBEAT {datanodeUUID=d3468b2f-addf-437d-a2ce-dcff5006d770, command=[]} | ret=SUCCESS |  
2019-09-19 04:00:59,087 | INFO  | SCMAudit | user=jenkins1000 | ip=192.168.34.50 | op=SEND_HEARTBEAT {datanodeUUID=87042b6f-033e-4b4e-b209-b9cca192af80, command=[]} | ret=SUCCESS |  
2019-09-19 04:00:59,122 | INFO  | SCMAudit | user=jenkins1000 | ip=192.168.34.50 | op=SEND_HEARTBEAT {datanodeUUID=948582b7-4442-4302-80ff-48806e2acd06, command=[]} | ret=SUCCESS |  
2019-09-19 04:00:59,387 | INFO  | SCMAudit | user=jenkins1000 | ip=192.168.34.50 | op=SEND_HEARTBEAT {datanodeUUID=164f4f1a-4ae3-4926-8bd0-17aa2d0a97c2, command=[]} | ret=SUCCESS |  
2019-09-19 04:00:59,619 | INFO  | SCMAudit | user=jenkins1000 | ip=192.168.34.50 | op=SEND_HEARTBEAT {datanodeUUID=9845fec9-8f77-40ec-bd33-538f1e6b668f, command=[]} | ret=SUCCESS |  
2019-09-19 04:00:59,849 | INFO  | SCMAudit | user=jenkins1000 | ip=192.168.34.50 | op=SEND_HEARTBEAT {datanodeUUID=3e5711c1-8fa4-42b5-a674-46644d3368a7, command=[]} | ret=SUCCESS |  
2019-09-19 04:01:00,067 | INFO  | SCMAudit | user=jenkins1000 | ip=192.168.34.50 | op=SEND_HEARTBEAT {datanodeUUID=d3468b2f-addf-437d-a2ce-dcff5006d770, command=[]} | ret=SUCCESS |  
2019-09-19 04:01:00,087 | INFO  | SCMAudit | user=jenkins1000 | ip=192.168.34.50 | op=SEND_HEARTBEAT {datanodeUUID=87042b6f-033e-4b4e-b209-b9cca192af80, command=[]} | ret=SUCCESS |  
2019-09-19 04:01:00,122 | INFO  | SCMAudit | user=jenkins1000 | ip=192.168.34.50 | op=SEND_HEARTBEAT {datanodeUUID=948582b7-4442-4302-80ff-48806e2acd06, command=[]} | ret=SUCCESS |  
2019-09-19 04:01:00,163 [EventQueue-StaleNodeForStaleNodeHandler] INFO  node.StaleNodeHandler (StaleNodeHandler.java:onMessage(58)) - Datanode d25e7fda-9a8e-4bab-8cc8-b0b4dcdb8785{ip: 192.168.34.50, host: pr-hdds-2034-srnhl-2452957315, networkLocation: /default-rack, certSerialId: null} moved to stale state. Finalizing its pipelines [PipelineID=74a97e67-95b9-4b24-b008-2bb0b1d82237, PipelineID=f44540f4-192f-4905-ad79-e78588f04dbb]
2019-09-19 04:01:00,163 [EventQueue-StaleNodeForStaleNodeHandler] INFO  pipeline.SCMPipelineManager (SCMPipelineManager.java:finalizeAndDestroyPipeline(336)) - destroying pipeline:Pipeline[ Id: 74a97e67-95b9-4b24-b008-2bb0b1d82237, Nodes: d25e7fda-9a8e-4bab-8cc8-b0b4dcdb8785{ip: 192.168.34.50, host: pr-hdds-2034-srnhl-2452957315, networkLocation: /default-rack, certSerialId: null}, Type:RATIS, Factor:ONE, State:OPEN]
2019-09-19 04:01:00,163 [EventQueue-StaleNodeForStaleNodeHandler] INFO  pipeline.PipelineStateManager (PipelineStateManager.java:finalizePipeline(123)) - Pipeline Pipeline[ Id: 74a97e67-95b9-4b24-b008-2bb0b1d82237, Nodes: d25e7fda-9a8e-4bab-8cc8-b0b4dcdb8785{ip: 192.168.34.50, host: pr-hdds-2034-srnhl-2452957315, networkLocation: /default-rack, certSerialId: null}, Type:RATIS, Factor:ONE, State:CLOSED] moved to CLOSED state
2019-09-19 04:01:00,163 [EventQueue-StaleNodeForStaleNodeHandler] INFO  pipeline.SCMPipelineManager (SCMPipelineManager.java:finalizeAndDestroyPipeline(336)) - destroying pipeline:Pipeline[ Id: f44540f4-192f-4905-ad79-e78588f04dbb, Nodes: d25e7fda-9a8e-4bab-8cc8-b0b4dcdb8785{ip: 192.168.34.50, host: pr-hdds-2034-srnhl-2452957315, networkLocation: /default-rack, certSerialId: null}d3468b2f-addf-437d-a2ce-dcff5006d770{ip: 192.168.34.50, host: pr-hdds-2034-srnhl-2452957315, networkLocation: /default-rack, certSerialId: null}87042b6f-033e-4b4e-b209-b9cca192af80{ip: 192.168.34.50, host: pr-hdds-2034-srnhl-2452957315, networkLocation: /default-rack, certSerialId: null}, Type:RATIS, Factor:THREE, State:OPEN]
2019-09-19 04:01:00,164 [EventQueue-StaleNodeForStaleNodeHandler] INFO  pipeline.PipelineStateManager (PipelineStateManager.java:finalizePipeline(123)) - Pipeline Pipeline[ Id: f44540f4-192f-4905-ad79-e78588f04dbb, Nodes: d25e7fda-9a8e-4bab-8cc8-b0b4dcdb8785{ip: 192.168.34.50, host: pr-hdds-2034-srnhl-2452957315, networkLocation: /default-rack, certSerialId: null}d3468b2f-addf-437d-a2ce-dcff5006d770{ip: 192.168.34.50, host: pr-hdds-2034-srnhl-2452957315, networkLocation: /default-rack, certSerialId: null}87042b6f-033e-4b4e-b209-b9cca192af80{ip: 192.168.34.50, host: pr-hdds-2034-srnhl-2452957315, networkLocation: /default-rack, certSerialId: null}, Type:RATIS, Factor:THREE, State:CLOSED] moved to CLOSED state
2019-09-19 04:01:00,164 [EventQueue-CloseContainerForCloseContainerEventHandler] INFO  container.CloseContainerEventHandler (CloseContainerEventHandler.java:onMessage(61)) - Close container Event triggered for container : #1
2019-09-19 04:01:00,387 | INFO  | SCMAudit | user=jenkins1000 | ip=192.168.34.50 | op=SEND_HEARTBEAT {datanodeUUID=164f4f1a-4ae3-4926-8bd0-17aa2d0a97c2, command=[]} | ret=SUCCESS |  
2019-09-19 04:01:00,619 | INFO  | SCMAudit | user=jenkins1000 | ip=192.168.34.50 | op=SEND_HEARTBEAT {datanodeUUID=9845fec9-8f77-40ec-bd33-538f1e6b668f, command=[]} | ret=SUCCESS |  
2019-09-19 04:01:00,849 | INFO  | SCMAudit | user=jenkins1000 | ip=192.168.34.50 | op=SEND_HEARTBEAT {datanodeUUID=3e5711c1-8fa4-42b5-a674-46644d3368a7, command=[]} | ret=SUCCESS |  
2019-09-19 04:01:00,901 [main] INFO  ozoneimpl.OzoneContainer (OzoneContainer.java:stop(199)) - Attempting to stop container services.
2019-09-19 04:01:00,901 [main] INFO  impl.RaftServerProxy (RaftServerProxy.java:lambda$close$4(314)) - d25e7fda-9a8e-4bab-8cc8-b0b4dcdb8785: close
2019-09-19 04:01:00,902 [main] INFO  impl.RaftServerImpl (RaftServerImpl.java:lambda$shutdown$3(245)) - d25e7fda-9a8e-4bab-8cc8-b0b4dcdb8785: shutdown group-2BB0B1D82237
2019-09-19 04:01:00,902 [ForkJoinPool.commonPool-worker-1] INFO  impl.RaftServerImpl (RaftServerImpl.java:lambda$shutdown$3(245)) - d25e7fda-9a8e-4bab-8cc8-b0b4dcdb8785: shutdown group-E78588F04DBB
2019-09-19 04:01:00,903 [main] INFO  util.JmxRegister (JmxRegister.java:unregister(73)) - Successfully un-registered JMX Bean with object name Ratis:service=RaftServer,group=group-2BB0B1D82237,id=d25e7fda-9a8e-4bab-8cc8-b0b4dcdb8785
2019-09-19 04:01:00,903 [ForkJoinPool.commonPool-worker-1] INFO  util.JmxRegister (JmxRegister.java:unregister(73)) - Successfully un-registered JMX Bean with object name Ratis:service=RaftServer,group=group-E78588F04DBB,id=d25e7fda-9a8e-4bab-8cc8-b0b4dcdb8785
2019-09-19 04:01:00,903 [main] INFO  impl.RoleInfo (RoleInfo.java:shutdownLeaderState(104)) - d25e7fda-9a8e-4bab-8cc8-b0b4dcdb8785: shutdown LeaderState
2019-09-19 04:01:00,904 [ForkJoinPool.commonPool-worker-1] INFO  impl.RoleInfo (RoleInfo.java:shutdownLeaderState(104)) - d25e7fda-9a8e-4bab-8cc8-b0b4dcdb8785: shutdown LeaderState
2019-09-19 04:01:00,904 [main] INFO  impl.PendingRequests (PendingRequests.java:sendNotLeaderResponses(202)) - d25e7fda-9a8e-4bab-8cc8-b0b4dcdb8785-PendingRequests: sendNotLeaderResponses
2019-09-19 04:01:00,909 [org.apache.ratis.server.impl.LogAppender$AppenderDaemon$$Lambda$795/1537008453@365f2c9e] WARN  server.GrpcLogAppender (GrpcLogAppender.java:mayWait(143)) - GrpcLogAppender(d25e7fda-9a8e-4bab-8cc8-b0b4dcdb8785->87042b6f-033e-4b4e-b209-b9cca192af80): Wait interrupted by java.lang.InterruptedException
2019-09-19 04:01:00,909 [org.apache.ratis.server.impl.LogAppender$AppenderDaemon$$Lambda$795/1537008453@735db431] WARN  server.GrpcLogAppender (GrpcLogAppender.java:mayWait(143)) - GrpcLogAppender(d25e7fda-9a8e-4bab-8cc8-b0b4dcdb8785->d3468b2f-addf-437d-a2ce-dcff5006d770): Wait interrupted by java.lang.InterruptedException
2019-09-19 04:01:00,909 [ForkJoinPool.commonPool-worker-1] INFO  impl.PendingRequests (PendingRequests.java:sendNotLeaderResponses(202)) - d25e7fda-9a8e-4bab-8cc8-b0b4dcdb8785-PendingRequests: sendNotLeaderResponses
2019-09-19 04:01:00,910 [grpc-default-executor-3] INFO  server.GrpcServerProtocolService (GrpcServerProtocolService.java:onCompleted(104)) - 87042b6f-033e-4b4e-b209-b9cca192af80: appendEntries completed
2019-09-19 04:01:00,914 [ForkJoinPool.commonPool-worker-1] INFO  impl.StateMachineUpdater (StateMachineUpdater.java:stopAndJoin(115)) - StateMachineUpdater:d25e7fda-9a8e-4bab-8cc8-b0b4dcdb8785:group-E78588F04DBB: set stopIndex = 15
2019-09-19 04:01:00,909 [main] INFO  impl.StateMachineUpdater (StateMachineUpdater.java:stopAndJoin(115)) - StateMachineUpdater:d25e7fda-9a8e-4bab-8cc8-b0b4dcdb8785:group-2BB0B1D82237: set stopIndex = 0
2019-09-19 04:01:00,914 [StateMachineUpdater:d25e7fda-9a8e-4bab-8cc8-b0b4dcdb8785:group-E78588F04DBB] INFO  ratis.ContainerStateMachine (ContainerStateMachine.java:takeSnapshot(283)) - group-E78588F04DBB: Taking a snapshot at:(t:1, i:13) file /workdir/hadoop-ozone/integration-test/target/test-dir/MiniOzoneClusterImpl-048a2d1c-ec68-42a5-b9aa-3373df324185/datanode-0/data/ratis/f44540f4-192f-4905-ad79-e78588f04dbb/sm/snapshot.1_13
2019-09-19 04:01:00,910 [grpc-default-executor-8] INFO  server.GrpcServerProtocolService (GrpcServerProtocolService.java:onCompleted(104)) - d3468b2f-addf-437d-a2ce-dcff5006d770: appendEntries completed
2019-09-19 04:01:00,915 [grpc-default-executor-3] INFO  server.GrpcLogAppender (GrpcLogAppender.java:onCompleted(292)) - d25e7fda-9a8e-4bab-8cc8-b0b4dcdb8785->87042b6f-033e-4b4e-b209-b9cca192af80: follower responses appendEntries COMPLETED
2019-09-19 04:01:00,915 [main] INFO  impl.RaftServerImpl (ServerState.java:close(394)) - d25e7fda-9a8e-4bab-8cc8-b0b4dcdb8785:group-2BB0B1D82237 closes. The last applied log index is 0
2019-09-19 04:01:00,915 [grpc-default-executor-3] INFO  impl.FollowerInfo (FollowerInfo.java:lambda$new$0(50)) - d25e7fda-9a8e-4bab-8cc8-b0b4dcdb8785->87042b6f-033e-4b4e-b209-b9cca192af80: nextIndex: updateUnconditionally 16 -> 15
2019-09-19 04:01:00,915 [grpc-default-executor-8] INFO  server.GrpcLogAppender (GrpcLogAppender.java:onCompleted(292)) - d25e7fda-9a8e-4bab-8cc8-b0b4dcdb8785->d3468b2f-addf-437d-a2ce-dcff5006d770: follower responses appendEntries COMPLETED
2019-09-19 04:01:00,916 [d25e7fda-9a8e-4bab-8cc8-b0b4dcdb8785-SegmentedRaftLogWorker:Storage Directory /workdir/hadoop-ozone/integration-test/target/test-dir/MiniOzoneClusterImpl-048a2d1c-ec68-42a5-b9aa-3373df324185/datanode-0/data/ratis/74a97e67-95b9-4b24-b008-2bb0b1d82237] INFO  segmented.SegmentedRaftLogWorker (SegmentedRaftLogWorker.java:run(313)) - d25e7fda-9a8e-4bab-8cc8-b0b4dcdb8785-SegmentedRaftLogWorker:Storage Directory /workdir/hadoop-ozone/integration-test/target/test-dir/MiniOzoneClusterImpl-048a2d1c-ec68-42a5-b9aa-3373df324185/datanode-0/data/ratis/74a97e67-95b9-4b24-b008-2bb0b1d82237 was interrupted, exiting. There are 0 tasks remaining in the queue.
2019-09-19 04:01:00,916 [grpc-default-executor-8] INFO  impl.FollowerInfo (FollowerInfo.java:lambda$new$0(50)) - d25e7fda-9a8e-4bab-8cc8-b0b4dcdb8785->d3468b2f-addf-437d-a2ce-dcff5006d770: nextIndex: updateUnconditionally 16 -> 15
2019-09-19 04:01:00,919 [main] INFO  segmented.SegmentedRaftLogWorker (SegmentedRaftLogWorker.java:close(228)) - d25e7fda-9a8e-4bab-8cc8-b0b4dcdb8785-SegmentedRaftLogWorker:Storage Directory /workdir/hadoop-ozone/integration-test/target/test-dir/MiniOzoneClusterImpl-048a2d1c-ec68-42a5-b9aa-3373df324185/datanode-0/data/ratis/74a97e67-95b9-4b24-b008-2bb0b1d82237 close()
2019-09-19 04:01:01,068 | INFO  | SCMAudit | user=jenkins1000 | ip=192.168.34.50 | op=SEND_HEARTBEAT {datanodeUUID=d3468b2f-addf-437d-a2ce-dcff5006d770, command=[commandType: closeContainerCommand closeContainerCommandProto { containerID: 1 pipelineID { id: "f44540f4-192f-4905-ad79-e78588f04dbb" } cmdId: 1 force: false } ]} | ret=SUCCESS |  
2019-09-19 04:01:01,087 | INFO  | SCMAudit | user=jenkins1000 | ip=192.168.34.50 | op=SEND_HEARTBEAT {datanodeUUID=87042b6f-033e-4b4e-b209-b9cca192af80, command=[commandType: closeContainerCommand closeContainerCommandProto { containerID: 1 pipelineID { id: "f44540f4-192f-4905-ad79-e78588f04dbb" } cmdId: 1 force: false } ]} | ret=SUCCESS |  
2019-09-19 04:01:01,093 [StateMachineUpdater:d25e7fda-9a8e-4bab-8cc8-b0b4dcdb8785:group-E78588F04DBB] INFO  ratis.ContainerStateMachine (ContainerStateMachine.java:takeSnapshot(294)) - group-E78588F04DBB: Finished taking a snapshot at:(t:1, i:13) file:/workdir/hadoop-ozone/integration-test/target/test-dir/MiniOzoneClusterImpl-048a2d1c-ec68-42a5-b9aa-3373df324185/datanode-0/data/ratis/f44540f4-192f-4905-ad79-e78588f04dbb/sm/snapshot.1_13 time:180
2019-09-19 04:01:01,093 [StateMachineUpdater:d25e7fda-9a8e-4bab-8cc8-b0b4dcdb8785:group-E78588F04DBB] INFO  impl.StateMachineUpdater (StateMachineUpdater.java:takeSnapshot(242)) - StateMachineUpdater:d25e7fda-9a8e-4bab-8cc8-b0b4dcdb8785:group-E78588F04DBB: Took a snapshot at index 13
2019-09-19 04:01:01,094 [StateMachineUpdater:d25e7fda-9a8e-4bab-8cc8-b0b4dcdb8785:group-E78588F04DBB] INFO  impl.StateMachineUpdater (StateMachineUpdater.java:lambda$new$0(80)) - StateMachineUpdater:d25e7fda-9a8e-4bab-8cc8-b0b4dcdb8785:group-E78588F04DBB: snapshotIndex: updateIncreasingly -1 -> 13
2019-09-19 04:01:01,094 [ForkJoinPool.commonPool-worker-1] INFO  impl.RaftServerImpl (ServerState.java:close(394)) - d25e7fda-9a8e-4bab-8cc8-b0b4dcdb8785:group-E78588F04DBB closes. The last applied log index is 15
2019-09-19 04:01:01,094 [d25e7fda-9a8e-4bab-8cc8-b0b4dcdb8785-SegmentedRaftLogWorker:Storage Directory /workdir/hadoop-ozone/integration-test/target/test-dir/MiniOzoneClusterImpl-048a2d1c-ec68-42a5-b9aa-3373df324185/datanode-0/data/ratis/f44540f4-192f-4905-ad79-e78588f04dbb] INFO  segmented.SegmentedRaftLogWorker (SegmentedRaftLogWorker.java:run(313)) - d25e7fda-9a8e-4bab-8cc8-b0b4dcdb8785-SegmentedRaftLogWorker:Storage Directory /workdir/hadoop-ozone/integration-test/target/test-dir/MiniOzoneClusterImpl-048a2d1c-ec68-42a5-b9aa-3373df324185/datanode-0/data/ratis/f44540f4-192f-4905-ad79-e78588f04dbb was interrupted, exiting. There are 0 tasks remaining in the queue.
2019-09-19 04:01:01,098 [ForkJoinPool.commonPool-worker-1] INFO  segmented.SegmentedRaftLogWorker (SegmentedRaftLogWorker.java:close(228)) - d25e7fda-9a8e-4bab-8cc8-b0b4dcdb8785-SegmentedRaftLogWorker:Storage Directory /workdir/hadoop-ozone/integration-test/target/test-dir/MiniOzoneClusterImpl-048a2d1c-ec68-42a5-b9aa-3373df324185/datanode-0/data/ratis/f44540f4-192f-4905-ad79-e78588f04dbb close()
2019-09-19 04:01:01,105 [main] INFO  server.GrpcService (GrpcService.java:closeImpl(155)) - d25e7fda-9a8e-4bab-8cc8-b0b4dcdb8785: shutdown server with port 45400 now
2019-09-19 04:01:01,106 [grpc-default-executor-3] WARN  client.GrpcClientProtocolService (LogUtils.java:warn(134)) - 3-UnorderedRequestStreamObserver3: onError: org.apache.ratis.thirdparty.io.grpc.StatusRuntimeException: CANCELLED: cancelled before receiving half close
2019-09-19 04:01:01,106 [main] INFO  server.GrpcService (GrpcService.java:closeImpl(163)) - d25e7fda-9a8e-4bab-8cc8-b0b4dcdb8785: shutdown server with port 45400 successfully
2019-09-19 04:01:01,110 [main] INFO  utils.BackgroundService (BackgroundService.java:shutdown(148)) - Shutting down service BlockDeletingService
2019-09-19 04:01:01,111 [refreshUsed-/workdir/hadoop-ozone/integration-test/target/test-dir/MiniOzoneClusterImpl-048a2d1c-ec68-42a5-b9aa-3373df324185/datanode-0/data/containers] WARN  fs.CachingGetSpaceUsed (CachingGetSpaceUsed.java:run(183)) - Thread Interrupted waiting to refresh disk information: sleep interrupted
2019-09-19 04:01:01,122 | INFO  | SCMAudit | user=jenkins1000 | ip=192.168.34.50 | op=SEND_HEARTBEAT {datanodeUUID=948582b7-4442-4302-80ff-48806e2acd06, command=[]} | ret=SUCCESS |  
2019-09-19 04:01:01,151 [main] INFO  statemachine.DatanodeStateMachine (DatanodeStateMachine.java:stopDaemon(401)) - Ozone container server stopped.
2019-09-19 04:01:01,152 [main] INFO  handler.ContextHandler (ContextHandler.java:doStop(910)) - Stopped o.e.j.w.WebAppContext@766ab25b{/,null,UNAVAILABLE}{/hddsDatanode}
2019-09-19 04:01:01,153 [main] INFO  server.AbstractConnector (AbstractConnector.java:doStop(318)) - Stopped ServerConnector@735d7b99{HTTP/1.1,[http/1.1]}{0.0.0.0:0}
2019-09-19 04:01:01,154 [main] INFO  handler.ContextHandler (ContextHandler.java:doStop(910)) - Stopped o.e.j.s.ServletContextHandler@326489c4{/static,jar:file:/home/user/.m2/repository/org/apache/hadoop/hadoop-hdds-container-service/0.5.0-SNAPSHOT/hadoop-hdds-container-service-0.5.0-SNAPSHOT.jar!/webapps/static,UNAVAILABLE}
2019-09-19 04:01:01,154 [main] INFO  handler.ContextHandler (ContextHandler.java:doStop(910)) - Stopped o.e.j.s.ServletContextHandler@c50503e{/logs,file:///workdir/hadoop-ozone/integration-test/target/log,UNAVAILABLE}
2019-09-19 04:01:01,388 | INFO  | SCMAudit | user=jenkins1000 | ip=192.168.34.50 | op=SEND_HEARTBEAT {datanodeUUID=164f4f1a-4ae3-4926-8bd0-17aa2d0a97c2, command=[]} | ret=SUCCESS |  
2019-09-19 04:01:01,620 | INFO  | SCMAudit | user=jenkins1000 | ip=192.168.34.50 | op=SEND_HEARTBEAT {datanodeUUID=9845fec9-8f77-40ec-bd33-538f1e6b668f, command=[]} | ret=SUCCESS |  
2019-09-19 04:01:01,850 | INFO  | SCMAudit | user=jenkins1000 | ip=192.168.34.50 | op=SEND_HEARTBEAT {datanodeUUID=3e5711c1-8fa4-42b5-a674-46644d3368a7, command=[]} | ret=SUCCESS |  
2019-09-19 04:01:02,067 | INFO  | SCMAudit | user=jenkins1000 | ip=192.168.34.50 | op=SEND_HEARTBEAT {datanodeUUID=d3468b2f-addf-437d-a2ce-dcff5006d770, command=[]} | ret=SUCCESS |  
2019-09-19 04:01:02,083 | INFO  | SCMAudit | user=jenkins1000 | ip=192.168.34.50 | op=SEND_HEARTBEAT {datanodeUUID=d3468b2f-addf-437d-a2ce-dcff5006d770, command=[]} | ret=SUCCESS |  
2019-09-19 04:01:02,087 | INFO  | SCMAudit | user=jenkins1000 | ip=192.168.34.50 | op=SEND_HEARTBEAT {datanodeUUID=87042b6f-033e-4b4e-b209-b9cca192af80, command=[]} | ret=SUCCESS |  
2019-09-19 04:01:02,103 | INFO  | SCMAudit | user=jenkins1000 | ip=192.168.34.50 | op=SEND_HEARTBEAT {datanodeUUID=87042b6f-033e-4b4e-b209-b9cca192af80, command=[]} | ret=SUCCESS |  
2019-09-19 04:01:02,123 | INFO  | SCMAudit | user=jenkins1000 | ip=192.168.34.50 | op=SEND_HEARTBEAT {datanodeUUID=948582b7-4442-4302-80ff-48806e2acd06, command=[]} | ret=SUCCESS |  
2019-09-19 04:01:02,387 | INFO  | SCMAudit | user=jenkins1000 | ip=192.168.34.50 | op=SEND_HEARTBEAT {datanodeUUID=164f4f1a-4ae3-4926-8bd0-17aa2d0a97c2, command=[]} | ret=SUCCESS |  
2019-09-19 04:01:02,619 | INFO  | SCMAudit | user=jenkins1000 | ip=192.168.34.50 | op=SEND_HEARTBEAT {datanodeUUID=9845fec9-8f77-40ec-bd33-538f1e6b668f, command=[]} | ret=SUCCESS |  
2019-09-19 04:01:02,850 | INFO  | SCMAudit | user=jenkins1000 | ip=192.168.34.50 | op=SEND_HEARTBEAT {datanodeUUID=3e5711c1-8fa4-42b5-a674-46644d3368a7, command=[]} | ret=SUCCESS |  
2019-09-19 04:01:03,083 | INFO  | SCMAudit | user=jenkins1000 | ip=192.168.34.50 | op=SEND_HEARTBEAT {datanodeUUID=d3468b2f-addf-437d-a2ce-dcff5006d770, command=[]} | ret=SUCCESS |  
2019-09-19 04:01:03,104 | INFO  | SCMAudit | user=jenkins1000 | ip=192.168.34.50 | op=SEND_HEARTBEAT {datanodeUUID=87042b6f-033e-4b4e-b209-b9cca192af80, command=[]} | ret=SUCCESS |  
2019-09-19 04:01:03,123 | INFO  | SCMAudit | user=jenkins1000 | ip=192.168.34.50 | op=SEND_HEARTBEAT {datanodeUUID=948582b7-4442-4302-80ff-48806e2acd06, command=[]} | ret=SUCCESS |  
2019-09-19 04:01:03,169 [grpc-default-executor-7] INFO  client.GrpcClientProtocolClient (GrpcClientProtocolClient.java:onNext(255)) - client-B9AA895B6C26->d3468b2f-addf-437d-a2ce-dcff5006d770: receive RaftClientReply:client-B9AA895B6C26->d3468b2f-addf-437d-a2ce-dcff5006d770@group-E78588F04DBB, cid=184, FAILED org.apache.ratis.protocol.NotLeaderException: Server d3468b2f-addf-437d-a2ce-dcff5006d770 is not the leader (d25e7fda-9a8e-4bab-8cc8-b0b4dcdb8785:192.168.34.50:45400). Request must be sent to leader., logIndex=0, commits[d3468b2f-addf-437d-a2ce-dcff5006d770:c15, 87042b6f-033e-4b4e-b209-b9cca192af80:c15, d25e7fda-9a8e-4bab-8cc8-b0b4dcdb8785:c15]
2019-09-19 04:01:03,388 | INFO  | SCMAudit | user=jenkins1000 | ip=192.168.34.50 | op=SEND_HEARTBEAT {datanodeUUID=164f4f1a-4ae3-4926-8bd0-17aa2d0a97c2, command=[]} | ret=SUCCESS |  
2019-09-19 04:01:03,620 | INFO  | SCMAudit | user=jenkins1000 | ip=192.168.34.50 | op=SEND_HEARTBEAT {datanodeUUID=9845fec9-8f77-40ec-bd33-538f1e6b668f, command=[]} | ret=SUCCESS |  
2019-09-19 04:01:03,850 | INFO  | SCMAudit | user=jenkins1000 | ip=192.168.34.50 | op=SEND_HEARTBEAT {datanodeUUID=3e5711c1-8fa4-42b5-a674-46644d3368a7, command=[]} | ret=SUCCESS |  
2019-09-19 04:01:04,083 | INFO  | SCMAudit | user=jenkins1000 | ip=192.168.34.50 | op=SEND_HEARTBEAT {datanodeUUID=d3468b2f-addf-437d-a2ce-dcff5006d770, command=[]} | ret=SUCCESS |  
2019-09-19 04:01:04,103 | INFO  | SCMAudit | user=jenkins1000 | ip=192.168.34.50 | op=SEND_HEARTBEAT {datanodeUUID=87042b6f-033e-4b4e-b209-b9cca192af80, command=[]} | ret=SUCCESS |  
2019-09-19 04:01:04,123 | INFO  | SCMAudit | user=jenkins1000 | ip=192.168.34.50 | op=SEND_HEARTBEAT {datanodeUUID=948582b7-4442-4302-80ff-48806e2acd06, command=[]} | ret=SUCCESS |  
2019-09-19 04:01:04,183 [grpc-default-executor-8] INFO  client.GrpcClientProtocolClient (GrpcClientProtocolClient.java:onNext(255)) - client-B9AA895B6C26->d3468b2f-addf-437d-a2ce-dcff5006d770: receive RaftClientReply:client-B9AA895B6C26->d3468b2f-addf-437d-a2ce-dcff5006d770@group-E78588F04DBB, cid=184, FAILED org.apache.ratis.protocol.NotLeaderException: Server d3468b2f-addf-437d-a2ce-dcff5006d770 is not the leader (d25e7fda-9a8e-4bab-8cc8-b0b4dcdb8785:192.168.34.50:45400). Request must be sent to leader., logIndex=0, commits[d3468b2f-addf-437d-a2ce-dcff5006d770:c15, 87042b6f-033e-4b4e-b209-b9cca192af80:c15, d25e7fda-9a8e-4bab-8cc8-b0b4dcdb8785:c15]
2019-09-19 04:01:04,387 | INFO  | SCMAudit | user=jenkins1000 | ip=192.168.34.50 | op=SEND_HEARTBEAT {datanodeUUID=164f4f1a-4ae3-4926-8bd0-17aa2d0a97c2, command=[]} | ret=SUCCESS |  
2019-09-19 04:01:04,620 | INFO  | SCMAudit | user=jenkins1000 | ip=192.168.34.50 | op=SEND_HEARTBEAT {datanodeUUID=9845fec9-8f77-40ec-bd33-538f1e6b668f, command=[]} | ret=SUCCESS |  
2019-09-19 04:01:04,850 | INFO  | SCMAudit | user=jenkins1000 | ip=192.168.34.50 | op=SEND_HEARTBEAT {datanodeUUID=3e5711c1-8fa4-42b5-a674-46644d3368a7, command=[]} | ret=SUCCESS |  
2019-09-19 04:01:05,084 | INFO  | SCMAudit | user=jenkins1000 | ip=192.168.34.50 | op=SEND_HEARTBEAT {datanodeUUID=d3468b2f-addf-437d-a2ce-dcff5006d770, command=[]} | ret=SUCCESS |  
2019-09-19 04:01:05,103 | INFO  | SCMAudit | user=jenkins1000 | ip=192.168.34.50 | op=SEND_HEARTBEAT {datanodeUUID=87042b6f-033e-4b4e-b209-b9cca192af80, command=[]} | ret=SUCCESS |  
2019-09-19 04:01:05,123 | INFO  | SCMAudit | user=jenkins1000 | ip=192.168.34.50 | op=SEND_HEARTBEAT {datanodeUUID=948582b7-4442-4302-80ff-48806e2acd06, command=[]} | ret=SUCCESS |  
2019-09-19 04:01:05,195 [grpc-default-executor-8] INFO  client.GrpcClientProtocolClient (GrpcClientProtocolClient.java:onNext(255)) - client-B9AA895B6C26->87042b6f-033e-4b4e-b209-b9cca192af80: receive RaftClientReply:client-B9AA895B6C26->87042b6f-033e-4b4e-b209-b9cca192af80@group-E78588F04DBB, cid=184, FAILED org.apache.ratis.protocol.NotLeaderException: Server 87042b6f-033e-4b4e-b209-b9cca192af80 is not the leader (d25e7fda-9a8e-4bab-8cc8-b0b4dcdb8785:192.168.34.50:45400). Request must be sent to leader., logIndex=0, commits[87042b6f-033e-4b4e-b209-b9cca192af80:c15, d3468b2f-addf-437d-a2ce-dcff5006d770:c15, d25e7fda-9a8e-4bab-8cc8-b0b4dcdb8785:c15]
2019-09-19 04:01:05,387 | INFO  | SCMAudit | user=jenkins1000 | ip=192.168.34.50 | op=SEND_HEARTBEAT {datanodeUUID=164f4f1a-4ae3-4926-8bd0-17aa2d0a97c2, command=[]} | ret=SUCCESS |  
2019-09-19 04:01:05,619 | INFO  | SCMAudit | user=jenkins1000 | ip=192.168.34.50 | op=SEND_HEARTBEAT {datanodeUUID=9845fec9-8f77-40ec-bd33-538f1e6b668f, command=[]} | ret=SUCCESS |  
2019-09-19 04:01:05,850 | INFO  | SCMAudit | user=jenkins1000 | ip=192.168.34.50 | op=SEND_HEARTBEAT {datanodeUUID=3e5711c1-8fa4-42b5-a674-46644d3368a7, command=[]} | ret=SUCCESS |  
2019-09-19 04:01:06,083 | INFO  | SCMAudit | user=jenkins1000 | ip=192.168.34.50 | op=SEND_HEARTBEAT {datanodeUUID=d3468b2f-addf-437d-a2ce-dcff5006d770, command=[]} | ret=SUCCESS |  
2019-09-19 04:01:06,103 | INFO  | SCMAudit | user=jenkins1000 | ip=192.168.34.50 | op=SEND_HEARTBEAT {datanodeUUID=87042b6f-033e-4b4e-b209-b9cca192af80, command=[]} | ret=SUCCESS |  
2019-09-19 04:01:06,123 | INFO  | SCMAudit | user=jenkins1000 | ip=192.168.34.50 | op=SEND_HEARTBEAT {datanodeUUID=948582b7-4442-4302-80ff-48806e2acd06, command=[]} | ret=SUCCESS |  
2019-09-19 04:01:06,210 [grpc-default-executor-3] INFO  client.GrpcClientProtocolClient (GrpcClientProtocolClient.java:onNext(255)) - client-B9AA895B6C26->87042b6f-033e-4b4e-b209-b9cca192af80: receive RaftClientReply:client-B9AA895B6C26->87042b6f-033e-4b4e-b209-b9cca192af80@group-E78588F04DBB, cid=184, FAILED org.apache.ratis.protocol.NotLeaderException: Server 87042b6f-033e-4b4e-b209-b9cca192af80 is not the leader (d25e7fda-9a8e-4bab-8cc8-b0b4dcdb8785:192.168.34.50:45400). Request must be sent to leader., logIndex=0, commits[87042b6f-033e-4b4e-b209-b9cca192af80:c15, d3468b2f-addf-437d-a2ce-dcff5006d770:c15, d25e7fda-9a8e-4bab-8cc8-b0b4dcdb8785:c15]
2019-09-19 04:01:06,387 | INFO  | SCMAudit | user=jenkins1000 | ip=192.168.34.50 | op=SEND_HEARTBEAT {datanodeUUID=164f4f1a-4ae3-4926-8bd0-17aa2d0a97c2, command=[]} | ret=SUCCESS |  
2019-09-19 04:01:06,620 | INFO  | SCMAudit | user=jenkins1000 | ip=192.168.34.50 | op=SEND_HEARTBEAT {datanodeUUID=9845fec9-8f77-40ec-bd33-538f1e6b668f, command=[]} | ret=SUCCESS |  
2019-09-19 04:01:06,851 | INFO  | SCMAudit | user=jenkins1000 | ip=192.168.34.50 | op=SEND_HEARTBEAT {datanodeUUID=3e5711c1-8fa4-42b5-a674-46644d3368a7, command=[]} | ret=SUCCESS |  
2019-09-19 04:01:07,084 | INFO  | SCMAudit | user=jenkins1000 | ip=192.168.34.50 | op=SEND_HEARTBEAT {datanodeUUID=d3468b2f-addf-437d-a2ce-dcff5006d770, command=[]} | ret=SUCCESS |  
2019-09-19 04:01:07,103 | INFO  | SCMAudit | user=jenkins1000 | ip=192.168.34.50 | op=SEND_HEARTBEAT {datanodeUUID=87042b6f-033e-4b4e-b209-b9cca192af80, command=[]} | ret=SUCCESS |  
2019-09-19 04:01:07,123 | INFO  | SCMAudit | user=jenkins1000 | ip=192.168.34.50 | op=SEND_HEARTBEAT {datanodeUUID=948582b7-4442-4302-80ff-48806e2acd06, command=[]} | ret=SUCCESS |  
2019-09-19 04:01:07,228 [grpc-default-executor-8] INFO  client.GrpcClientProtocolClient (GrpcClientProtocolClient.java:onNext(255)) - client-B9AA895B6C26->87042b6f-033e-4b4e-b209-b9cca192af80: receive RaftClientReply:client-B9AA895B6C26->87042b6f-033e-4b4e-b209-b9cca192af80@group-E78588F04DBB, cid=184, FAILED org.apache.ratis.protocol.NotLeaderException: Server 87042b6f-033e-4b4e-b209-b9cca192af80 is not the leader (d25e7fda-9a8e-4bab-8cc8-b0b4dcdb8785:192.168.34.50:45400). Request must be sent to leader., logIndex=0, commits[87042b6f-033e-4b4e-b209-b9cca192af80:c15, d3468b2f-addf-437d-a2ce-dcff5006d770:c15, d25e7fda-9a8e-4bab-8cc8-b0b4dcdb8785:c15]
2019-09-19 04:01:07,388 | INFO  | SCMAudit | user=jenkins1000 | ip=192.168.34.50 | op=SEND_HEARTBEAT {datanodeUUID=164f4f1a-4ae3-4926-8bd0-17aa2d0a97c2, command=[]} | ret=SUCCESS |  
2019-09-19 04:01:07,619 | INFO  | SCMAudit | user=jenkins1000 | ip=192.168.34.50 | op=SEND_HEARTBEAT {datanodeUUID=9845fec9-8f77-40ec-bd33-538f1e6b668f, command=[]} | ret=SUCCESS |  
2019-09-19 04:01:07,851 | INFO  | SCMAudit | user=jenkins1000 | ip=192.168.34.50 | op=SEND_HEARTBEAT {datanodeUUID=3e5711c1-8fa4-42b5-a674-46644d3368a7, command=[]} | ret=SUCCESS |  
2019-09-19 04:01:08,084 | INFO  | SCMAudit | user=jenkins1000 | ip=192.168.34.50 | op=SEND_HEARTBEAT {datanodeUUID=d3468b2f-addf-437d-a2ce-dcff5006d770, command=[]} | ret=SUCCESS |  
2019-09-19 04:01:08,104 | INFO  | SCMAudit | user=jenkins1000 | ip=192.168.34.50 | op=SEND_HEARTBEAT {datanodeUUID=87042b6f-033e-4b4e-b209-b9cca192af80, command=[]} | ret=SUCCESS |  
2019-09-19 04:01:08,123 | INFO  | SCMAudit | user=jenkins1000 | ip=192.168.34.50 | op=SEND_HEARTBEAT {datanodeUUID=948582b7-4442-4302-80ff-48806e2acd06, command=[]} | ret=SUCCESS |  
2019-09-19 04:01:08,243 [grpc-default-executor-7] INFO  client.GrpcClientProtocolClient (GrpcClientProtocolClient.java:onNext(255)) - client-B9AA895B6C26->d3468b2f-addf-437d-a2ce-dcff5006d770: receive RaftClientReply:client-B9AA895B6C26->d3468b2f-addf-437d-a2ce-dcff5006d770@group-E78588F04DBB, cid=184, FAILED org.apache.ratis.protocol.NotLeaderException: Server d3468b2f-addf-437d-a2ce-dcff5006d770 is not the leader (d25e7fda-9a8e-4bab-8cc8-b0b4dcdb8785:192.168.34.50:45400). Request must be sent to leader., logIndex=0, commits[d3468b2f-addf-437d-a2ce-dcff5006d770:c15, 87042b6f-033e-4b4e-b209-b9cca192af80:c15, d25e7fda-9a8e-4bab-8cc8-b0b4dcdb8785:c15]
2019-09-19 04:01:08,387 | INFO  | SCMAudit | user=jenkins1000 | ip=192.168.34.50 | op=SEND_HEARTBEAT {datanodeUUID=164f4f1a-4ae3-4926-8bd0-17aa2d0a97c2, command=[]} | ret=SUCCESS |  
2019-09-19 04:01:08,620 | INFO  | SCMAudit | user=jenkins1000 | ip=192.168.34.50 | op=SEND_HEARTBEAT {datanodeUUID=9845fec9-8f77-40ec-bd33-538f1e6b668f, command=[]} | ret=SUCCESS |  
2019-09-19 04:01:08,851 | INFO  | SCMAudit | user=jenkins1000 | ip=192.168.34.50 | op=SEND_HEARTBEAT {datanodeUUID=3e5711c1-8fa4-42b5-a674-46644d3368a7, command=[]} | ret=SUCCESS |  
2019-09-19 04:01:09,084 | INFO  | SCMAudit | user=jenkins1000 | ip=192.168.34.50 | op=SEND_HEARTBEAT {datanodeUUID=d3468b2f-addf-437d-a2ce-dcff5006d770, command=[]} | ret=SUCCESS |  
2019-09-19 04:01:09,104 | INFO  | SCMAudit | user=jenkins1000 | ip=192.168.34.50 | op=SEND_HEARTBEAT {datanodeUUID=87042b6f-033e-4b4e-b209-b9cca192af80, command=[]} | ret=SUCCESS |  
2019-09-19 04:01:09,123 | INFO  | SCMAudit | user=jenkins1000 | ip=192.168.34.50 | op=SEND_HEARTBEAT {datanodeUUID=948582b7-4442-4302-80ff-48806e2acd06, command=[]} | ret=SUCCESS |  
2019-09-19 04:01:09,204 [Thread-3397] INFO  impl.FollowerState (FollowerState.java:run(106)) - d3468b2f-addf-437d-a2ce-dcff5006d770:group-E78588F04DBB changes to CANDIDATE, lastRpcTime:8302, electionTimeout:5063ms
2019-09-19 04:01:09,204 [Thread-3397] INFO  impl.RoleInfo (RoleInfo.java:shutdownFollowerState(121)) - d3468b2f-addf-437d-a2ce-dcff5006d770: shutdown FollowerState
2019-09-19 04:01:09,204 [Thread-3397] INFO  impl.RaftServerImpl (RaftServerImpl.java:setRole(171)) - d3468b2f-addf-437d-a2ce-dcff5006d770:group-E78588F04DBB changes role from FOLLOWER to CANDIDATE at term 1 for changeToCandidate
2019-09-19 04:01:09,204 [Thread-3397] INFO  impl.RoleInfo (RoleInfo.java:updateAndGet(143)) - d3468b2f-addf-437d-a2ce-dcff5006d770: start LeaderElection
2019-09-19 04:01:09,210 [d3468b2f-addf-437d-a2ce-dcff5006d770:group-E78588F04DBB:LeaderElection63] INFO  impl.RaftServerImpl (ServerState.java:setLeader(263)) - d3468b2f-addf-437d-a2ce-dcff5006d770:group-E78588F04DBB change Leader from d25e7fda-9a8e-4bab-8cc8-b0b4dcdb8785 to null at term 1 for initElection
2019-09-19 04:01:09,213 [d3468b2f-addf-437d-a2ce-dcff5006d770:group-E78588F04DBB:LeaderElection63] INFO  impl.LeaderElection (LeaderElection.java:askForVotes(181)) - d3468b2f-addf-437d-a2ce-dcff5006d770:group-E78588F04DBB:LeaderElection63: begin an election at term 2 for 0: [87042b6f-033e-4b4e-b209-b9cca192af80:192.168.34.50:39314, d3468b2f-addf-437d-a2ce-dcff5006d770:192.168.34.50:41385, d25e7fda-9a8e-4bab-8cc8-b0b4dcdb8785:192.168.34.50:45400], old=null
2019-09-19 04:01:09,215 [Thread-3398] INFO  impl.FollowerState (FollowerState.java:run(106)) - 87042b6f-033e-4b4e-b209-b9cca192af80:group-E78588F04DBB changes to CANDIDATE, lastRpcTime:8313, electionTimeout:5089ms
2019-09-19 04:01:09,215 [Thread-3398] INFO  impl.RoleInfo (RoleInfo.java:shutdownFollowerState(121)) - 87042b6f-033e-4b4e-b209-b9cca192af80: shutdown FollowerState
2019-09-19 04:01:09,215 [Thread-3398] INFO  impl.RaftServerImpl (RaftServerImpl.java:setRole(171)) - 87042b6f-033e-4b4e-b209-b9cca192af80:group-E78588F04DBB changes role from FOLLOWER to CANDIDATE at term 1 for changeToCandidate
2019-09-19 04:01:09,216 [Thread-3398] INFO  impl.RoleInfo (RoleInfo.java:updateAndGet(143)) - 87042b6f-033e-4b4e-b209-b9cca192af80: start LeaderElection
2019-09-19 04:01:09,219 [87042b6f-033e-4b4e-b209-b9cca192af80:group-E78588F04DBB:LeaderElection64] INFO  impl.RaftServerImpl (ServerState.java:setLeader(263)) - 87042b6f-033e-4b4e-b209-b9cca192af80:group-E78588F04DBB change Leader from d25e7fda-9a8e-4bab-8cc8-b0b4dcdb8785 to null at term 1 for initElection
2019-09-19 04:01:09,220 [d3468b2f-addf-437d-a2ce-dcff5006d770:group-E78588F04DBB:LeaderElection63] INFO  impl.LeaderElection (LogUtils.java:infoOrTrace(149)) - d3468b2f-addf-437d-a2ce-dcff5006d770:group-E78588F04DBB:LeaderElection63 got exception when requesting votes: {}
java.util.concurrent.ExecutionException: org.apache.ratis.thirdparty.io.grpc.StatusRuntimeException: UNAVAILABLE: io exception
	at java.util.concurrent.FutureTask.report(FutureTask.java:122)
	at java.util.concurrent.FutureTask.get(FutureTask.java:192)
	at org.apache.ratis.server.impl.LeaderElection.waitForResults(LeaderElection.java:262)
	at org.apache.ratis.server.impl.LeaderElection.askForVotes(LeaderElection.java:200)
	at org.apache.ratis.server.impl.LeaderElection.run(LeaderElection.java:130)
	at java.lang.Thread.run(Thread.java:748)
Caused by: org.apache.ratis.thirdparty.io.grpc.StatusRuntimeException: UNAVAILABLE: io exception
	at org.apache.ratis.thirdparty.io.grpc.stub.ClientCalls.toStatusRuntimeException(ClientCalls.java:233)
	at org.apache.ratis.thirdparty.io.grpc.stub.ClientCalls.getUnchecked(ClientCalls.java:214)
	at org.apache.ratis.thirdparty.io.grpc.stub.ClientCalls.blockingUnaryCall(ClientCalls.java:139)
	at org.apache.ratis.proto.grpc.RaftServerProtocolServiceGrpc$RaftServerProtocolServiceBlockingStub.requestVote(RaftServerProtocolServiceGrpc.java:265)
	at org.apache.ratis.grpc.server.GrpcServerProtocolClient.requestVote(GrpcServerProtocolClient.java:83)
	at org.apache.ratis.grpc.server.GrpcService.requestVote(GrpcService.java:195)
	at org.apache.ratis.server.impl.LeaderElection.lambda$submitRequests$1(LeaderElection.java:237)
	at java.util.concurrent.FutureTask.run(FutureTask.java:266)
	at java.util.concurrent.Executors$RunnableAdapter.call(Executors.java:511)
	at java.util.concurrent.FutureTask.run(FutureTask.java:266)
	at java.util.concurrent.ThreadPoolExecutor.runWorker(ThreadPoolExecutor.java:1149)
	at java.util.concurrent.ThreadPoolExecutor$Worker.run(ThreadPoolExecutor.java:624)
	... 1 more
Caused by: org.apache.ratis.thirdparty.io.netty.channel.AbstractChannel$AnnotatedConnectException: Connection refused: /192.168.34.50:45400
	at sun.nio.ch.SocketChannelImpl.checkConnect(Native Method)
	at sun.nio.ch.SocketChannelImpl.finishConnect(SocketChannelImpl.java:717)
	at org.apache.ratis.thirdparty.io.netty.channel.socket.nio.NioSocketChannel.doFinishConnect(NioSocketChannel.java:327)
	at org.apache.ratis.thirdparty.io.netty.channel.nio.AbstractNioChannel$AbstractNioUnsafe.finishConnect(AbstractNioChannel.java:340)
	at org.apache.ratis.thirdparty.io.netty.channel.nio.NioEventLoop.processSelectedKey(NioEventLoop.java:632)
	at org.apache.ratis.thirdparty.io.netty.channel.nio.NioEventLoop.processSelectedKeysOptimized(NioEventLoop.java:579)
	at org.apache.ratis.thirdparty.io.netty.channel.nio.NioEventLoop.processSelectedKeys(NioEventLoop.java:496)
	at org.apache.ratis.thirdparty.io.netty.channel.nio.NioEventLoop.run(NioEventLoop.java:458)
	at org.apache.ratis.thirdparty.io.netty.util.concurrent.SingleThreadEventExecutor$5.run(SingleThreadEventExecutor.java:897)
	at org.apache.ratis.thirdparty.io.netty.util.concurrent.FastThreadLocalRunnable.run(FastThreadLocalRunnable.java:30)
	... 1 more
Caused by: java.net.ConnectException: Connection refused
	... 11 more
2019-09-19 04:01:09,231 [87042b6f-033e-4b4e-b209-b9cca192af80:group-E78588F04DBB:LeaderElection64] INFO  impl.LeaderElection (LeaderElection.java:askForVotes(181)) - 87042b6f-033e-4b4e-b209-b9cca192af80:group-E78588F04DBB:LeaderElection64: begin an election at term 2 for 0: [87042b6f-033e-4b4e-b209-b9cca192af80:192.168.34.50:39314, d3468b2f-addf-437d-a2ce-dcff5006d770:192.168.34.50:41385, d25e7fda-9a8e-4bab-8cc8-b0b4dcdb8785:192.168.34.50:45400], old=null
2019-09-19 04:01:09,233 [d3468b2f-addf-437d-a2ce-dcff5006d770:group-E78588F04DBB:LeaderElection63] INFO  impl.LeaderElection (LeaderElection.java:logAndReturn(56)) - d3468b2f-addf-437d-a2ce-dcff5006d770:group-E78588F04DBB:LeaderElection63: Election REJECTED; received 1 response(s) [d3468b2f-addf-437d-a2ce-dcff5006d770<-87042b6f-033e-4b4e-b209-b9cca192af80#0:FAIL-t2] and 1 exception(s); d3468b2f-addf-437d-a2ce-dcff5006d770:t2, leader=null, voted=d3468b2f-addf-437d-a2ce-dcff5006d770, raftlog=d3468b2f-addf-437d-a2ce-dcff5006d770-SegmentedRaftLog:OPENED:c15,f15,i15, conf=0: [87042b6f-033e-4b4e-b209-b9cca192af80:192.168.34.50:39314, d3468b2f-addf-437d-a2ce-dcff5006d770:192.168.34.50:41385, d25e7fda-9a8e-4bab-8cc8-b0b4dcdb8785:192.168.34.50:45400], old=null
2019-09-19 04:01:09,233 [d3468b2f-addf-437d-a2ce-dcff5006d770:group-E78588F04DBB:LeaderElection63] INFO  impl.LeaderElection (LogUtils.java:infoOrTrace(149)) -   Exception 0: {}
java.util.concurrent.ExecutionException: org.apache.ratis.thirdparty.io.grpc.StatusRuntimeException: UNAVAILABLE: io exception
	at java.util.concurrent.FutureTask.report(FutureTask.java:122)
	at java.util.concurrent.FutureTask.get(FutureTask.java:192)
	at org.apache.ratis.server.impl.LeaderElection.waitForResults(LeaderElection.java:262)
	at org.apache.ratis.server.impl.LeaderElection.askForVotes(LeaderElection.java:200)
	at org.apache.ratis.server.impl.LeaderElection.run(LeaderElection.java:130)
	at java.lang.Thread.run(Thread.java:748)
Caused by: org.apache.ratis.thirdparty.io.grpc.StatusRuntimeException: UNAVAILABLE: io exception
	at org.apache.ratis.thirdparty.io.grpc.stub.ClientCalls.toStatusRuntimeException(ClientCalls.java:233)
	at org.apache.ratis.thirdparty.io.grpc.stub.ClientCalls.getUnchecked(ClientCalls.java:214)
	at org.apache.ratis.thirdparty.io.grpc.stub.ClientCalls.blockingUnaryCall(ClientCalls.java:139)
	at org.apache.ratis.proto.grpc.RaftServerProtocolServiceGrpc$RaftServerProtocolServiceBlockingStub.requestVote(RaftServerProtocolServiceGrpc.java:265)
	at org.apache.ratis.grpc.server.GrpcServerProtocolClient.requestVote(GrpcServerProtocolClient.java:83)
	at org.apache.ratis.grpc.server.GrpcService.requestVote(GrpcService.java:195)
	at org.apache.ratis.server.impl.LeaderElection.lambda$submitRequests$1(LeaderElection.java:237)
	at java.util.concurrent.FutureTask.run(FutureTask.java:266)
	at java.util.concurrent.Executors$RunnableAdapter.call(Executors.java:511)
	at java.util.concurrent.FutureTask.run(FutureTask.java:266)
	at java.util.concurrent.ThreadPoolExecutor.runWorker(ThreadPoolExecutor.java:1149)
	at java.util.concurrent.ThreadPoolExecutor$Worker.run(ThreadPoolExecutor.java:624)
	... 1 more
Caused by: org.apache.ratis.thirdparty.io.netty.channel.AbstractChannel$AnnotatedConnectException: Connection refused: /192.168.34.50:45400
	at sun.nio.ch.SocketChannelImpl.checkConnect(Native Method)
	at sun.nio.ch.SocketChannelImpl.finishConnect(SocketChannelImpl.java:717)
	at org.apache.ratis.thirdparty.io.netty.channel.socket.nio.NioSocketChannel.doFinishConnect(NioSocketChannel.java:327)
	at org.apache.ratis.thirdparty.io.netty.channel.nio.AbstractNioChannel$AbstractNioUnsafe.finishConnect(AbstractNioChannel.java:340)
	at org.apache.ratis.thirdparty.io.netty.channel.nio.NioEventLoop.processSelectedKey(NioEventLoop.java:632)
	at org.apache.ratis.thirdparty.io.netty.channel.nio.NioEventLoop.processSelectedKeysOptimized(NioEventLoop.java:579)
	at org.apache.ratis.thirdparty.io.netty.channel.nio.NioEventLoop.processSelectedKeys(NioEventLoop.java:496)
	at org.apache.ratis.thirdparty.io.netty.channel.nio.NioEventLoop.run(NioEventLoop.java:458)
	at org.apache.ratis.thirdparty.io.netty.util.concurrent.SingleThreadEventExecutor$5.run(SingleThreadEventExecutor.java:897)
	at org.apache.ratis.thirdparty.io.netty.util.concurrent.FastThreadLocalRunnable.run(FastThreadLocalRunnable.java:30)
	... 1 more
Caused by: java.net.ConnectException: Connection refused
	... 11 more
2019-09-19 04:01:09,233 [d3468b2f-addf-437d-a2ce-dcff5006d770:group-E78588F04DBB:LeaderElection63] INFO  impl.RaftServerImpl (RaftServerImpl.java:setRole(171)) - d3468b2f-addf-437d-a2ce-dcff5006d770:group-E78588F04DBB changes role from CANDIDATE to FOLLOWER at term 2 for DISCOVERED_A_NEW_TERM
2019-09-19 04:01:09,233 [d3468b2f-addf-437d-a2ce-dcff5006d770:group-E78588F04DBB:LeaderElection63] INFO  impl.RoleInfo (RoleInfo.java:shutdownLeaderElection(134)) - d3468b2f-addf-437d-a2ce-dcff5006d770: shutdown LeaderElection
2019-09-19 04:01:09,233 [87042b6f-033e-4b4e-b209-b9cca192af80:group-E78588F04DBB:LeaderElection64] INFO  impl.LeaderElection (LogUtils.java:infoOrTrace(149)) - 87042b6f-033e-4b4e-b209-b9cca192af80:group-E78588F04DBB:LeaderElection64 got exception when requesting votes: {}
java.util.concurrent.ExecutionException: org.apache.ratis.thirdparty.io.grpc.StatusRuntimeException: UNAVAILABLE: io exception
	at java.util.concurrent.FutureTask.report(FutureTask.java:122)
	at java.util.concurrent.FutureTask.get(FutureTask.java:192)
	at org.apache.ratis.server.impl.LeaderElection.waitForResults(LeaderElection.java:262)
	at org.apache.ratis.server.impl.LeaderElection.askForVotes(LeaderElection.java:200)
	at org.apache.ratis.server.impl.LeaderElection.run(LeaderElection.java:130)
	at java.lang.Thread.run(Thread.java:748)
Caused by: org.apache.ratis.thirdparty.io.grpc.StatusRuntimeException: UNAVAILABLE: io exception
	at org.apache.ratis.thirdparty.io.grpc.stub.ClientCalls.toStatusRuntimeException(ClientCalls.java:233)
	at org.apache.ratis.thirdparty.io.grpc.stub.ClientCalls.getUnchecked(ClientCalls.java:214)
	at org.apache.ratis.thirdparty.io.grpc.stub.ClientCalls.blockingUnaryCall(ClientCalls.java:139)
	at org.apache.ratis.proto.grpc.RaftServerProtocolServiceGrpc$RaftServerProtocolServiceBlockingStub.requestVote(RaftServerProtocolServiceGrpc.java:265)
	at org.apache.ratis.grpc.server.GrpcServerProtocolClient.requestVote(GrpcServerProtocolClient.java:83)
	at org.apache.ratis.grpc.server.GrpcService.requestVote(GrpcService.java:195)
	at org.apache.ratis.server.impl.LeaderElection.lambda$submitRequests$1(LeaderElection.java:237)
	at java.util.concurrent.FutureTask.run(FutureTask.java:266)
	at java.util.concurrent.Executors$RunnableAdapter.call(Executors.java:511)
	at java.util.concurrent.FutureTask.run(FutureTask.java:266)
	at java.util.concurrent.ThreadPoolExecutor.runWorker(ThreadPoolExecutor.java:1149)
	at java.util.concurrent.ThreadPoolExecutor$Worker.run(ThreadPoolExecutor.java:624)
	... 1 more
Caused by: org.apache.ratis.thirdparty.io.netty.channel.AbstractChannel$AnnotatedConnectException: Connection refused: /192.168.34.50:45400
	at sun.nio.ch.SocketChannelImpl.checkConnect(Native Method)
	at sun.nio.ch.SocketChannelImpl.finishConnect(SocketChannelImpl.java:717)
	at org.apache.ratis.thirdparty.io.netty.channel.socket.nio.NioSocketChannel.doFinishConnect(NioSocketChannel.java:327)
	at org.apache.ratis.thirdparty.io.netty.channel.nio.AbstractNioChannel$AbstractNioUnsafe.finishConnect(AbstractNioChannel.java:340)
	at org.apache.ratis.thirdparty.io.netty.channel.nio.NioEventLoop.processSelectedKey(NioEventLoop.java:632)
	at org.apache.ratis.thirdparty.io.netty.channel.nio.NioEventLoop.processSelectedKeysOptimized(NioEventLoop.java:579)
	at org.apache.ratis.thirdparty.io.netty.channel.nio.NioEventLoop.processSelectedKeys(NioEventLoop.java:496)
	at org.apache.ratis.thirdparty.io.netty.channel.nio.NioEventLoop.run(NioEventLoop.java:458)
	at org.apache.ratis.thirdparty.io.netty.util.concurrent.SingleThreadEventExecutor$5.run(SingleThreadEventExecutor.java:897)
	at org.apache.ratis.thirdparty.io.netty.util.concurrent.FastThreadLocalRunnable.run(FastThreadLocalRunnable.java:30)
	... 1 more
Caused by: java.net.ConnectException: Connection refused
	... 11 more
2019-09-19 04:01:09,234 [d3468b2f-addf-437d-a2ce-dcff5006d770:group-E78588F04DBB:LeaderElection63] INFO  impl.RoleInfo (RoleInfo.java:updateAndGet(143)) - d3468b2f-addf-437d-a2ce-dcff5006d770: start FollowerState
2019-09-19 04:01:09,258 [87042b6f-033e-4b4e-b209-b9cca192af80:group-E78588F04DBB:LeaderElection64] INFO  impl.LeaderElection (LeaderElection.java:logAndReturn(56)) - 87042b6f-033e-4b4e-b209-b9cca192af80:group-E78588F04DBB:LeaderElection64: Election REJECTED; received 1 response(s) [87042b6f-033e-4b4e-b209-b9cca192af80<-d3468b2f-addf-437d-a2ce-dcff5006d770#0:FAIL-t2] and 1 exception(s); 87042b6f-033e-4b4e-b209-b9cca192af80:t2, leader=null, voted=87042b6f-033e-4b4e-b209-b9cca192af80, raftlog=87042b6f-033e-4b4e-b209-b9cca192af80-SegmentedRaftLog:OPENED:c15,f15,i15, conf=0: [87042b6f-033e-4b4e-b209-b9cca192af80:192.168.34.50:39314, d3468b2f-addf-437d-a2ce-dcff5006d770:192.168.34.50:41385, d25e7fda-9a8e-4bab-8cc8-b0b4dcdb8785:192.168.34.50:45400], old=null
2019-09-19 04:01:09,258 [87042b6f-033e-4b4e-b209-b9cca192af80:group-E78588F04DBB:LeaderElection64] INFO  impl.LeaderElection (LogUtils.java:infoOrTrace(149)) -   Exception 0: {}
java.util.concurrent.ExecutionException: org.apache.ratis.thirdparty.io.grpc.StatusRuntimeException: UNAVAILABLE: io exception
	at java.util.concurrent.FutureTask.report(FutureTask.java:122)
	at java.util.concurrent.FutureTask.get(FutureTask.java:192)
	at org.apache.ratis.server.impl.LeaderElection.waitForResults(LeaderElection.java:262)
	at org.apache.ratis.server.impl.LeaderElection.askForVotes(LeaderElection.java:200)
	at org.apache.ratis.server.impl.LeaderElection.run(LeaderElection.java:130)
	at java.lang.Thread.run(Thread.java:748)
Caused by: org.apache.ratis.thirdparty.io.grpc.StatusRuntimeException: UNAVAILABLE: io exception
	at org.apache.ratis.thirdparty.io.grpc.stub.ClientCalls.toStatusRuntimeException(ClientCalls.java:233)
	at org.apache.ratis.thirdparty.io.grpc.stub.ClientCalls.getUnchecked(ClientCalls.java:214)
	at org.apache.ratis.thirdparty.io.grpc.stub.ClientCalls.blockingUnaryCall(ClientCalls.java:139)
	at org.apache.ratis.proto.grpc.RaftServerProtocolServiceGrpc$RaftServerProtocolServiceBlockingStub.requestVote(RaftServerProtocolServiceGrpc.java:265)
	at org.apache.ratis.grpc.server.GrpcServerProtocolClient.requestVote(GrpcServerProtocolClient.java:83)
	at org.apache.ratis.grpc.server.GrpcService.requestVote(GrpcService.java:195)
	at org.apache.ratis.server.impl.LeaderElection.lambda$submitRequests$1(LeaderElection.java:237)
	at java.util.concurrent.FutureTask.run(FutureTask.java:266)
	at java.util.concurrent.Executors$RunnableAdapter.call(Executors.java:511)
	at java.util.concurrent.FutureTask.run(FutureTask.java:266)
	at java.util.concurrent.ThreadPoolExecutor.runWorker(ThreadPoolExecutor.java:1149)
	at java.util.concurrent.ThreadPoolExecutor$Worker.run(ThreadPoolExecutor.java:624)
	... 1 more
Caused by: org.apache.ratis.thirdparty.io.netty.channel.AbstractChannel$AnnotatedConnectException: Connection refused: /192.168.34.50:45400
	at sun.nio.ch.SocketChannelImpl.checkConnect(Native Method)
	at sun.nio.ch.SocketChannelImpl.finishConnect(SocketChannelImpl.java:717)
	at org.apache.ratis.thirdparty.io.netty.channel.socket.nio.NioSocketChannel.doFinishConnect(NioSocketChannel.java:327)
	at org.apache.ratis.thirdparty.io.netty.channel.nio.AbstractNioChannel$AbstractNioUnsafe.finishConnect(AbstractNioChannel.java:340)
	at org.apache.ratis.thirdparty.io.netty.channel.nio.NioEventLoop.processSelectedKey(NioEventLoop.java:632)
	at org.apache.ratis.thirdparty.io.netty.channel.nio.NioEventLoop.processSelectedKeysOptimized(NioEventLoop.java:579)
	at org.apache.ratis.thirdparty.io.netty.channel.nio.NioEventLoop.processSelectedKeys(NioEventLoop.java:496)
	at org.apache.ratis.thirdparty.io.netty.channel.nio.NioEventLoop.run(NioEventLoop.java:458)
	at org.apache.ratis.thirdparty.io.netty.util.concurrent.SingleThreadEventExecutor$5.run(SingleThreadEventExecutor.java:897)
	at org.apache.ratis.thirdparty.io.netty.util.concurrent.FastThreadLocalRunnable.run(FastThreadLocalRunnable.java:30)
	... 1 more
Caused by: java.net.ConnectException: Connection refused
	... 11 more
2019-09-19 04:01:09,261 [87042b6f-033e-4b4e-b209-b9cca192af80:group-E78588F04DBB:LeaderElection64] INFO  impl.RaftServerImpl (RaftServerImpl.java:setRole(171)) - 87042b6f-033e-4b4e-b209-b9cca192af80:group-E78588F04DBB changes role from CANDIDATE to FOLLOWER at term 2 for DISCOVERED_A_NEW_TERM
2019-09-19 04:01:09,261 [87042b6f-033e-4b4e-b209-b9cca192af80:group-E78588F04DBB:LeaderElection64] INFO  impl.RoleInfo (RoleInfo.java:shutdownLeaderElection(134)) - 87042b6f-033e-4b4e-b209-b9cca192af80: shutdown LeaderElection
2019-09-19 04:01:09,261 [87042b6f-033e-4b4e-b209-b9cca192af80:group-E78588F04DBB:LeaderElection64] INFO  impl.RoleInfo (RoleInfo.java:updateAndGet(143)) - 87042b6f-033e-4b4e-b209-b9cca192af80: start FollowerState
2019-09-19 04:01:09,262 [grpc-default-executor-8] INFO  client.GrpcClientProtocolClient (GrpcClientProtocolClient.java:onNext(255)) - client-B9AA895B6C26->d3468b2f-addf-437d-a2ce-dcff5006d770: receive RaftClientReply:client-B9AA895B6C26->d3468b2f-addf-437d-a2ce-dcff5006d770@group-E78588F04DBB, cid=184, FAILED org.apache.ratis.protocol.NotLeaderException: Server d3468b2f-addf-437d-a2ce-dcff5006d770 is not the leader (null). Request must be sent to leader., logIndex=0, commits[d3468b2f-addf-437d-a2ce-dcff5006d770:c15, 87042b6f-033e-4b4e-b209-b9cca192af80:c15, d25e7fda-9a8e-4bab-8cc8-b0b4dcdb8785:c15]
2019-09-19 04:01:09,388 | INFO  | SCMAudit | user=jenkins1000 | ip=192.168.34.50 | op=SEND_HEARTBEAT {datanodeUUID=164f4f1a-4ae3-4926-8bd0-17aa2d0a97c2, command=[]} | ret=SUCCESS |  
2019-09-19 04:01:09,620 | INFO  | SCMAudit | user=jenkins1000 | ip=192.168.34.50 | op=SEND_HEARTBEAT {datanodeUUID=9845fec9-8f77-40ec-bd33-538f1e6b668f, command=[]} | ret=SUCCESS |  
2019-09-19 04:01:09,851 | INFO  | SCMAudit | user=jenkins1000 | ip=192.168.34.50 | op=SEND_HEARTBEAT {datanodeUUID=3e5711c1-8fa4-42b5-a674-46644d3368a7, command=[]} | ret=SUCCESS |  
2019-09-19 04:01:10,084 | INFO  | SCMAudit | user=jenkins1000 | ip=192.168.34.50 | op=SEND_HEARTBEAT {datanodeUUID=d3468b2f-addf-437d-a2ce-dcff5006d770, command=[]} | ret=SUCCESS |  
2019-09-19 04:01:10,103 | INFO  | SCMAudit | user=jenkins1000 | ip=192.168.34.50 | op=SEND_HEARTBEAT {datanodeUUID=87042b6f-033e-4b4e-b209-b9cca192af80, command=[]} | ret=SUCCESS |  
2019-09-19 04:01:10,123 | INFO  | SCMAudit | user=jenkins1000 | ip=192.168.34.50 | op=SEND_HEARTBEAT {datanodeUUID=948582b7-4442-4302-80ff-48806e2acd06, command=[]} | ret=SUCCESS |  
2019-09-19 04:01:10,274 [grpc-default-executor-7] INFO  client.GrpcClientProtocolClient (GrpcClientProtocolClient.java:onNext(255)) - client-B9AA895B6C26->87042b6f-033e-4b4e-b209-b9cca192af80: receive RaftClientReply:client-B9AA895B6C26->87042b6f-033e-4b4e-b209-b9cca192af80@group-E78588F04DBB, cid=184, FAILED org.apache.ratis.protocol.NotLeaderException: Server 87042b6f-033e-4b4e-b209-b9cca192af80 is not the leader (null). Request must be sent to leader., logIndex=0, commits[87042b6f-033e-4b4e-b209-b9cca192af80:c15, d3468b2f-addf-437d-a2ce-dcff5006d770:c15, d25e7fda-9a8e-4bab-8cc8-b0b4dcdb8785:c15]
2019-09-19 04:01:10,388 | INFO  | SCMAudit | user=jenkins1000 | ip=192.168.34.50 | op=SEND_HEARTBEAT {datanodeUUID=164f4f1a-4ae3-4926-8bd0-17aa2d0a97c2, command=[]} | ret=SUCCESS |  
2019-09-19 04:01:10,619 | INFO  | SCMAudit | user=jenkins1000 | ip=192.168.34.50 | op=SEND_HEARTBEAT {datanodeUUID=9845fec9-8f77-40ec-bd33-538f1e6b668f, command=[]} | ret=SUCCESS |  
2019-09-19 04:01:10,852 | INFO  | SCMAudit | user=jenkins1000 | ip=192.168.34.50 | op=SEND_HEARTBEAT {datanodeUUID=3e5711c1-8fa4-42b5-a674-46644d3368a7, command=[]} | ret=SUCCESS |  
2019-09-19 04:01:11,085 | INFO  | SCMAudit | user=jenkins1000 | ip=192.168.34.50 | op=SEND_HEARTBEAT {datanodeUUID=d3468b2f-addf-437d-a2ce-dcff5006d770, command=[]} | ret=SUCCESS |  
2019-09-19 04:01:11,104 | INFO  | SCMAudit | user=jenkins1000 | ip=192.168.34.50 | op=SEND_HEARTBEAT {datanodeUUID=87042b6f-033e-4b4e-b209-b9cca192af80, command=[]} | ret=SUCCESS |  
2019-09-19 04:01:11,123 | INFO  | SCMAudit | user=jenkins1000 | ip=192.168.34.50 | op=SEND_HEARTBEAT {datanodeUUID=948582b7-4442-4302-80ff-48806e2acd06, command=[]} | ret=SUCCESS |  
2019-09-19 04:01:11,388 | INFO  | SCMAudit | user=jenkins1000 | ip=192.168.34.50 | op=SEND_HEARTBEAT {datanodeUUID=164f4f1a-4ae3-4926-8bd0-17aa2d0a97c2, command=[]} | ret=SUCCESS |  
2019-09-19 04:01:11,620 | INFO  | SCMAudit | user=jenkins1000 | ip=192.168.34.50 | op=SEND_HEARTBEAT {datanodeUUID=9845fec9-8f77-40ec-bd33-538f1e6b668f, command=[]} | ret=SUCCESS |  
2019-09-19 04:01:11,851 | INFO  | SCMAudit | user=jenkins1000 | ip=192.168.34.50 | op=SEND_HEARTBEAT {datanodeUUID=3e5711c1-8fa4-42b5-a674-46644d3368a7, command=[]} | ret=SUCCESS |  
2019-09-19 04:01:12,084 | INFO  | SCMAudit | user=jenkins1000 | ip=192.168.34.50 | op=SEND_HEARTBEAT {datanodeUUID=d3468b2f-addf-437d-a2ce-dcff5006d770, command=[]} | ret=SUCCESS |  
2019-09-19 04:01:12,103 | INFO  | SCMAudit | user=jenkins1000 | ip=192.168.34.50 | op=SEND_HEARTBEAT {datanodeUUID=87042b6f-033e-4b4e-b209-b9cca192af80, command=[]} | ret=SUCCESS |  
2019-09-19 04:01:12,123 | INFO  | SCMAudit | user=jenkins1000 | ip=192.168.34.50 | op=SEND_HEARTBEAT {datanodeUUID=948582b7-4442-4302-80ff-48806e2acd06, command=[]} | ret=SUCCESS |  
2019-09-19 04:01:12,285 [grpc-default-executor-3] INFO  client.GrpcClientProtocolClient (GrpcClientProtocolClient.java:onNext(255)) - client-B9AA895B6C26->d3468b2f-addf-437d-a2ce-dcff5006d770: receive RaftClientReply:client-B9AA895B6C26->d3468b2f-addf-437d-a2ce-dcff5006d770@group-E78588F04DBB, cid=184, FAILED org.apache.ratis.protocol.NotLeaderException: Server d3468b2f-addf-437d-a2ce-dcff5006d770 is not the leader (null). Request must be sent to leader., logIndex=0, commits[d3468b2f-addf-437d-a2ce-dcff5006d770:c15, 87042b6f-033e-4b4e-b209-b9cca192af80:c15, d25e7fda-9a8e-4bab-8cc8-b0b4dcdb8785:c15]
2019-09-19 04:01:12,388 | INFO  | SCMAudit | user=jenkins1000 | ip=192.168.34.50 | op=SEND_HEARTBEAT {datanodeUUID=164f4f1a-4ae3-4926-8bd0-17aa2d0a97c2, command=[]} | ret=SUCCESS |  
2019-09-19 04:01:12,619 | INFO  | SCMAudit | user=jenkins1000 | ip=192.168.34.50 | op=SEND_HEARTBEAT {datanodeUUID=9845fec9-8f77-40ec-bd33-538f1e6b668f, command=[]} | ret=SUCCESS |  
2019-09-19 04:01:12,852 | INFO  | SCMAudit | user=jenkins1000 | ip=192.168.34.50 | op=SEND_HEARTBEAT {datanodeUUID=3e5711c1-8fa4-42b5-a674-46644d3368a7, command=[]} | ret=SUCCESS |  
2019-09-19 04:01:13,085 | INFO  | SCMAudit | user=jenkins1000 | ip=192.168.34.50 | op=SEND_HEARTBEAT {datanodeUUID=d3468b2f-addf-437d-a2ce-dcff5006d770, command=[]} | ret=SUCCESS |  
2019-09-19 04:01:13,104 | INFO  | SCMAudit | user=jenkins1000 | ip=192.168.34.50 | op=SEND_HEARTBEAT {datanodeUUID=87042b6f-033e-4b4e-b209-b9cca192af80, command=[]} | ret=SUCCESS |  
2019-09-19 04:01:13,123 | INFO  | SCMAudit | user=jenkins1000 | ip=192.168.34.50 | op=SEND_HEARTBEAT {datanodeUUID=948582b7-4442-4302-80ff-48806e2acd06, command=[]} | ret=SUCCESS |  
2019-09-19 04:01:13,388 | INFO  | SCMAudit | user=jenkins1000 | ip=192.168.34.50 | op=SEND_HEARTBEAT {datanodeUUID=164f4f1a-4ae3-4926-8bd0-17aa2d0a97c2, command=[]} | ret=SUCCESS |  
2019-09-19 04:01:13,619 | INFO  | SCMAudit | user=jenkins1000 | ip=192.168.34.50 | op=SEND_HEARTBEAT {datanodeUUID=9845fec9-8f77-40ec-bd33-538f1e6b668f, command=[]} | ret=SUCCESS |  
2019-09-19 04:01:13,852 | INFO  | SCMAudit | user=jenkins1000 | ip=192.168.34.50 | op=SEND_HEARTBEAT {datanodeUUID=3e5711c1-8fa4-42b5-a674-46644d3368a7, command=[]} | ret=SUCCESS |  
2019-09-19 04:01:14,084 | INFO  | SCMAudit | user=jenkins1000 | ip=192.168.34.50 | op=SEND_HEARTBEAT {datanodeUUID=d3468b2f-addf-437d-a2ce-dcff5006d770, command=[]} | ret=SUCCESS |  
2019-09-19 04:01:14,103 | INFO  | SCMAudit | user=jenkins1000 | ip=192.168.34.50 | op=SEND_HEARTBEAT {datanodeUUID=87042b6f-033e-4b4e-b209-b9cca192af80, command=[]} | ret=SUCCESS |  
2019-09-19 04:01:14,123 | INFO  | SCMAudit | user=jenkins1000 | ip=192.168.34.50 | op=SEND_HEARTBEAT {datanodeUUID=948582b7-4442-4302-80ff-48806e2acd06, command=[]} | ret=SUCCESS |  
2019-09-19 04:01:14,296 [grpc-default-executor-7] INFO  client.GrpcClientProtocolClient (GrpcClientProtocolClient.java:onNext(255)) - client-B9AA895B6C26->d3468b2f-addf-437d-a2ce-dcff5006d770: receive RaftClientReply:client-B9AA895B6C26->d3468b2f-addf-437d-a2ce-dcff5006d770@group-E78588F04DBB, cid=184, FAILED org.apache.ratis.protocol.NotLeaderException: Server d3468b2f-addf-437d-a2ce-dcff5006d770 is not the leader (null). Request must be sent to leader., logIndex=0, commits[d3468b2f-addf-437d-a2ce-dcff5006d770:c15, 87042b6f-033e-4b4e-b209-b9cca192af80:c15, d25e7fda-9a8e-4bab-8cc8-b0b4dcdb8785:c15]
2019-09-19 04:01:14,342 [Thread-3536] INFO  impl.FollowerState (FollowerState.java:run(106)) - d3468b2f-addf-437d-a2ce-dcff5006d770:group-E78588F04DBB changes to CANDIDATE, lastRpcTime:5107, electionTimeout:5088ms
2019-09-19 04:01:14,342 [Thread-3536] INFO  impl.RoleInfo (RoleInfo.java:shutdownFollowerState(121)) - d3468b2f-addf-437d-a2ce-dcff5006d770: shutdown FollowerState
2019-09-19 04:01:14,342 [Thread-3536] INFO  impl.RaftServerImpl (RaftServerImpl.java:setRole(171)) - d3468b2f-addf-437d-a2ce-dcff5006d770:group-E78588F04DBB changes role from FOLLOWER to CANDIDATE at term 2 for changeToCandidate
2019-09-19 04:01:14,342 [Thread-3536] INFO  impl.RoleInfo (RoleInfo.java:updateAndGet(143)) - d3468b2f-addf-437d-a2ce-dcff5006d770: start LeaderElection
2019-09-19 04:01:14,346 [Thread-3539] INFO  impl.FollowerState (FollowerState.java:run(106)) - 87042b6f-033e-4b4e-b209-b9cca192af80:group-E78588F04DBB changes to CANDIDATE, lastRpcTime:5084, electionTimeout:5084ms
2019-09-19 04:01:14,346 [Thread-3539] INFO  impl.RoleInfo (RoleInfo.java:shutdownFollowerState(121)) - 87042b6f-033e-4b4e-b209-b9cca192af80: shutdown FollowerState
2019-09-19 04:01:14,346 [Thread-3539] INFO  impl.RaftServerImpl (RaftServerImpl.java:setRole(171)) - 87042b6f-033e-4b4e-b209-b9cca192af80:group-E78588F04DBB changes role from FOLLOWER to CANDIDATE at term 2 for changeToCandidate
2019-09-19 04:01:14,346 [Thread-3539] INFO  impl.RoleInfo (RoleInfo.java:updateAndGet(143)) - 87042b6f-033e-4b4e-b209-b9cca192af80: start LeaderElection
2019-09-19 04:01:14,358 [87042b6f-033e-4b4e-b209-b9cca192af80:group-E78588F04DBB:LeaderElection66] INFO  impl.LeaderElection (LeaderElection.java:askForVotes(181)) - 87042b6f-033e-4b4e-b209-b9cca192af80:group-E78588F04DBB:LeaderElection66: begin an election at term 3 for 0: [87042b6f-033e-4b4e-b209-b9cca192af80:192.168.34.50:39314, d3468b2f-addf-437d-a2ce-dcff5006d770:192.168.34.50:41385, d25e7fda-9a8e-4bab-8cc8-b0b4dcdb8785:192.168.34.50:45400], old=null
2019-09-19 04:01:14,358 [d3468b2f-addf-437d-a2ce-dcff5006d770:group-E78588F04DBB:LeaderElection65] INFO  impl.LeaderElection (LeaderElection.java:askForVotes(181)) - d3468b2f-addf-437d-a2ce-dcff5006d770:group-E78588F04DBB:LeaderElection65: begin an election at term 3 for 0: [87042b6f-033e-4b4e-b209-b9cca192af80:192.168.34.50:39314, d3468b2f-addf-437d-a2ce-dcff5006d770:192.168.34.50:41385, d25e7fda-9a8e-4bab-8cc8-b0b4dcdb8785:192.168.34.50:45400], old=null
2019-09-19 04:01:14,360 [87042b6f-033e-4b4e-b209-b9cca192af80:group-E78588F04DBB:LeaderElection66] INFO  impl.LeaderElection (LogUtils.java:infoOrTrace(149)) - 87042b6f-033e-4b4e-b209-b9cca192af80:group-E78588F04DBB:LeaderElection66 got exception when requesting votes: {}
java.util.concurrent.ExecutionException: org.apache.ratis.thirdparty.io.grpc.StatusRuntimeException: UNAVAILABLE: io exception
	at java.util.concurrent.FutureTask.report(FutureTask.java:122)
	at java.util.concurrent.FutureTask.get(FutureTask.java:192)
	at org.apache.ratis.server.impl.LeaderElection.waitForResults(LeaderElection.java:262)
	at org.apache.ratis.server.impl.LeaderElection.askForVotes(LeaderElection.java:200)
	at org.apache.ratis.server.impl.LeaderElection.run(LeaderElection.java:130)
	at java.lang.Thread.run(Thread.java:748)
Caused by: org.apache.ratis.thirdparty.io.grpc.StatusRuntimeException: UNAVAILABLE: io exception
	at org.apache.ratis.thirdparty.io.grpc.stub.ClientCalls.toStatusRuntimeException(ClientCalls.java:233)
	at org.apache.ratis.thirdparty.io.grpc.stub.ClientCalls.getUnchecked(ClientCalls.java:214)
	at org.apache.ratis.thirdparty.io.grpc.stub.ClientCalls.blockingUnaryCall(ClientCalls.java:139)
	at org.apache.ratis.proto.grpc.RaftServerProtocolServiceGrpc$RaftServerProtocolServiceBlockingStub.requestVote(RaftServerProtocolServiceGrpc.java:265)
	at org.apache.ratis.grpc.server.GrpcServerProtocolClient.requestVote(GrpcServerProtocolClient.java:83)
	at org.apache.ratis.grpc.server.GrpcService.requestVote(GrpcService.java:195)
	at org.apache.ratis.server.impl.LeaderElection.lambda$submitRequests$1(LeaderElection.java:237)
	at java.util.concurrent.FutureTask.run(FutureTask.java:266)
	at java.util.concurrent.Executors$RunnableAdapter.call(Executors.java:511)
	at java.util.concurrent.FutureTask.run(FutureTask.java:266)
	at java.util.concurrent.ThreadPoolExecutor.runWorker(ThreadPoolExecutor.java:1149)
	at java.util.concurrent.ThreadPoolExecutor$Worker.run(ThreadPoolExecutor.java:624)
	... 1 more
Caused by: org.apache.ratis.thirdparty.io.netty.channel.AbstractChannel$AnnotatedConnectException: Connection refused: /192.168.34.50:45400
	at sun.nio.ch.SocketChannelImpl.checkConnect(Native Method)
	at sun.nio.ch.SocketChannelImpl.finishConnect(SocketChannelImpl.java:717)
	at org.apache.ratis.thirdparty.io.netty.channel.socket.nio.NioSocketChannel.doFinishConnect(NioSocketChannel.java:327)
	at org.apache.ratis.thirdparty.io.netty.channel.nio.AbstractNioChannel$AbstractNioUnsafe.finishConnect(AbstractNioChannel.java:340)
	at org.apache.ratis.thirdparty.io.netty.channel.nio.NioEventLoop.processSelectedKey(NioEventLoop.java:632)
	at org.apache.ratis.thirdparty.io.netty.channel.nio.NioEventLoop.processSelectedKeysOptimized(NioEventLoop.java:579)
	at org.apache.ratis.thirdparty.io.netty.channel.nio.NioEventLoop.processSelectedKeys(NioEventLoop.java:496)
	at org.apache.ratis.thirdparty.io.netty.channel.nio.NioEventLoop.run(NioEventLoop.java:458)
	at org.apache.ratis.thirdparty.io.netty.util.concurrent.SingleThreadEventExecutor$5.run(SingleThreadEventExecutor.java:897)
	at org.apache.ratis.thirdparty.io.netty.util.concurrent.FastThreadLocalRunnable.run(FastThreadLocalRunnable.java:30)
	... 1 more
Caused by: java.net.ConnectException: Connection refused
	... 11 more
2019-09-19 04:01:14,360 [d3468b2f-addf-437d-a2ce-dcff5006d770:group-E78588F04DBB:LeaderElection65] INFO  impl.LeaderElection (LogUtils.java:infoOrTrace(149)) - d3468b2f-addf-437d-a2ce-dcff5006d770:group-E78588F04DBB:LeaderElection65 got exception when requesting votes: {}
java.util.concurrent.ExecutionException: org.apache.ratis.thirdparty.io.grpc.StatusRuntimeException: UNAVAILABLE: io exception
	at java.util.concurrent.FutureTask.report(FutureTask.java:122)
	at java.util.concurrent.FutureTask.get(FutureTask.java:192)
	at org.apache.ratis.server.impl.LeaderElection.waitForResults(LeaderElection.java:262)
	at org.apache.ratis.server.impl.LeaderElection.askForVotes(LeaderElection.java:200)
	at org.apache.ratis.server.impl.LeaderElection.run(LeaderElection.java:130)
	at java.lang.Thread.run(Thread.java:748)
Caused by: org.apache.ratis.thirdparty.io.grpc.StatusRuntimeException: UNAVAILABLE: io exception
	at org.apache.ratis.thirdparty.io.grpc.stub.ClientCalls.toStatusRuntimeException(ClientCalls.java:233)
	at org.apache.ratis.thirdparty.io.grpc.stub.ClientCalls.getUnchecked(ClientCalls.java:214)
	at org.apache.ratis.thirdparty.io.grpc.stub.ClientCalls.blockingUnaryCall(ClientCalls.java:139)
	at org.apache.ratis.proto.grpc.RaftServerProtocolServiceGrpc$RaftServerProtocolServiceBlockingStub.requestVote(RaftServerProtocolServiceGrpc.java:265)
	at org.apache.ratis.grpc.server.GrpcServerProtocolClient.requestVote(GrpcServerProtocolClient.java:83)
	at org.apache.ratis.grpc.server.GrpcService.requestVote(GrpcService.java:195)
	at org.apache.ratis.server.impl.LeaderElection.lambda$submitRequests$1(LeaderElection.java:237)
	at java.util.concurrent.FutureTask.run(FutureTask.java:266)
	at java.util.concurrent.Executors$RunnableAdapter.call(Executors.java:511)
	at java.util.concurrent.FutureTask.run(FutureTask.java:266)
	at java.util.concurrent.ThreadPoolExecutor.runWorker(ThreadPoolExecutor.java:1149)
	at java.util.concurrent.ThreadPoolExecutor$Worker.run(ThreadPoolExecutor.java:624)
	... 1 more
Caused by: org.apache.ratis.thirdparty.io.netty.channel.AbstractChannel$AnnotatedConnectException: Connection refused: /192.168.34.50:45400
	at sun.nio.ch.SocketChannelImpl.checkConnect(Native Method)
	at sun.nio.ch.SocketChannelImpl.finishConnect(SocketChannelImpl.java:717)
	at org.apache.ratis.thirdparty.io.netty.channel.socket.nio.NioSocketChannel.doFinishConnect(NioSocketChannel.java:327)
	at org.apache.ratis.thirdparty.io.netty.channel.nio.AbstractNioChannel$AbstractNioUnsafe.finishConnect(AbstractNioChannel.java:340)
	at org.apache.ratis.thirdparty.io.netty.channel.nio.NioEventLoop.processSelectedKey(NioEventLoop.java:632)
	at org.apache.ratis.thirdparty.io.netty.channel.nio.NioEventLoop.processSelectedKeysOptimized(NioEventLoop.java:579)
	at org.apache.ratis.thirdparty.io.netty.channel.nio.NioEventLoop.processSelectedKeys(NioEventLoop.java:496)
	at org.apache.ratis.thirdparty.io.netty.channel.nio.NioEventLoop.run(NioEventLoop.java:458)
	at org.apache.ratis.thirdparty.io.netty.util.concurrent.SingleThreadEventExecutor$5.run(SingleThreadEventExecutor.java:897)
	at org.apache.ratis.thirdparty.io.netty.util.concurrent.FastThreadLocalRunnable.run(FastThreadLocalRunnable.java:30)
	... 1 more
Caused by: java.net.ConnectException: Connection refused
	... 11 more
2019-09-19 04:01:14,370 [87042b6f-033e-4b4e-b209-b9cca192af80:group-E78588F04DBB:LeaderElection66] INFO  impl.LeaderElection (LeaderElection.java:logAndReturn(56)) - 87042b6f-033e-4b4e-b209-b9cca192af80:group-E78588F04DBB:LeaderElection66: Election REJECTED; received 1 response(s) [87042b6f-033e-4b4e-b209-b9cca192af80<-d3468b2f-addf-437d-a2ce-dcff5006d770#0:FAIL-t3] and 1 exception(s); 87042b6f-033e-4b4e-b209-b9cca192af80:t3, leader=null, voted=87042b6f-033e-4b4e-b209-b9cca192af80, raftlog=87042b6f-033e-4b4e-b209-b9cca192af80-SegmentedRaftLog:OPENED:c15,f15,i15, conf=0: [87042b6f-033e-4b4e-b209-b9cca192af80:192.168.34.50:39314, d3468b2f-addf-437d-a2ce-dcff5006d770:192.168.34.50:41385, d25e7fda-9a8e-4bab-8cc8-b0b4dcdb8785:192.168.34.50:45400], old=null
2019-09-19 04:01:14,370 [d3468b2f-addf-437d-a2ce-dcff5006d770:group-E78588F04DBB:LeaderElection65] INFO  impl.LeaderElection (LeaderElection.java:logAndReturn(56)) - d3468b2f-addf-437d-a2ce-dcff5006d770:group-E78588F04DBB:LeaderElection65: Election REJECTED; received 1 response(s) [d3468b2f-addf-437d-a2ce-dcff5006d770<-87042b6f-033e-4b4e-b209-b9cca192af80#0:FAIL-t3] and 1 exception(s); d3468b2f-addf-437d-a2ce-dcff5006d770:t3, leader=null, voted=d3468b2f-addf-437d-a2ce-dcff5006d770, raftlog=d3468b2f-addf-437d-a2ce-dcff5006d770-SegmentedRaftLog:OPENED:c15,f15,i15, conf=0: [87042b6f-033e-4b4e-b209-b9cca192af80:192.168.34.50:39314, d3468b2f-addf-437d-a2ce-dcff5006d770:192.168.34.50:41385, d25e7fda-9a8e-4bab-8cc8-b0b4dcdb8785:192.168.34.50:45400], old=null
2019-09-19 04:01:14,371 [87042b6f-033e-4b4e-b209-b9cca192af80:group-E78588F04DBB:LeaderElection66] INFO  impl.LeaderElection (LogUtils.java:infoOrTrace(149)) -   Exception 0: {}
java.util.concurrent.ExecutionException: org.apache.ratis.thirdparty.io.grpc.StatusRuntimeException: UNAVAILABLE: io exception
	at java.util.concurrent.FutureTask.report(FutureTask.java:122)
	at java.util.concurrent.FutureTask.get(FutureTask.java:192)
	at org.apache.ratis.server.impl.LeaderElection.waitForResults(LeaderElection.java:262)
	at org.apache.ratis.server.impl.LeaderElection.askForVotes(LeaderElection.java:200)
	at org.apache.ratis.server.impl.LeaderElection.run(LeaderElection.java:130)
	at java.lang.Thread.run(Thread.java:748)
Caused by: org.apache.ratis.thirdparty.io.grpc.StatusRuntimeException: UNAVAILABLE: io exception
	at org.apache.ratis.thirdparty.io.grpc.stub.ClientCalls.toStatusRuntimeException(ClientCalls.java:233)
	at org.apache.ratis.thirdparty.io.grpc.stub.ClientCalls.getUnchecked(ClientCalls.java:214)
	at org.apache.ratis.thirdparty.io.grpc.stub.ClientCalls.blockingUnaryCall(ClientCalls.java:139)
	at org.apache.ratis.proto.grpc.RaftServerProtocolServiceGrpc$RaftServerProtocolServiceBlockingStub.requestVote(RaftServerProtocolServiceGrpc.java:265)
	at org.apache.ratis.grpc.server.GrpcServerProtocolClient.requestVote(GrpcServerProtocolClient.java:83)
	at org.apache.ratis.grpc.server.GrpcService.requestVote(GrpcService.java:195)
	at org.apache.ratis.server.impl.LeaderElection.lambda$submitRequests$1(LeaderElection.java:237)
	at java.util.concurrent.FutureTask.run(FutureTask.java:266)
	at java.util.concurrent.Executors$RunnableAdapter.call(Executors.java:511)
	at java.util.concurrent.FutureTask.run(FutureTask.java:266)
	at java.util.concurrent.ThreadPoolExecutor.runWorker(ThreadPoolExecutor.java:1149)
	at java.util.concurrent.ThreadPoolExecutor$Worker.run(ThreadPoolExecutor.java:624)
	... 1 more
Caused by: org.apache.ratis.thirdparty.io.netty.channel.AbstractChannel$AnnotatedConnectException: Connection refused: /192.168.34.50:45400
	at sun.nio.ch.SocketChannelImpl.checkConnect(Native Method)
	at sun.nio.ch.SocketChannelImpl.finishConnect(SocketChannelImpl.java:717)
	at org.apache.ratis.thirdparty.io.netty.channel.socket.nio.NioSocketChannel.doFinishConnect(NioSocketChannel.java:327)
	at org.apache.ratis.thirdparty.io.netty.channel.nio.AbstractNioChannel$AbstractNioUnsafe.finishConnect(AbstractNioChannel.java:340)
	at org.apache.ratis.thirdparty.io.netty.channel.nio.NioEventLoop.processSelectedKey(NioEventLoop.java:632)
	at org.apache.ratis.thirdparty.io.netty.channel.nio.NioEventLoop.processSelectedKeysOptimized(NioEventLoop.java:579)
	at org.apache.ratis.thirdparty.io.netty.channel.nio.NioEventLoop.processSelectedKeys(NioEventLoop.java:496)
	at org.apache.ratis.thirdparty.io.netty.channel.nio.NioEventLoop.run(NioEventLoop.java:458)
	at org.apache.ratis.thirdparty.io.netty.util.concurrent.SingleThreadEventExecutor$5.run(SingleThreadEventExecutor.java:897)
	at org.apache.ratis.thirdparty.io.netty.util.concurrent.FastThreadLocalRunnable.run(FastThreadLocalRunnable.java:30)
	... 1 more
Caused by: java.net.ConnectException: Connection refused
	... 11 more
2019-09-19 04:01:14,371 [d3468b2f-addf-437d-a2ce-dcff5006d770:group-E78588F04DBB:LeaderElection65] INFO  impl.LeaderElection (LogUtils.java:infoOrTrace(149)) -   Exception 0: {}
java.util.concurrent.ExecutionException: org.apache.ratis.thirdparty.io.grpc.StatusRuntimeException: UNAVAILABLE: io exception
	at java.util.concurrent.FutureTask.report(FutureTask.java:122)
	at java.util.concurrent.FutureTask.get(FutureTask.java:192)
	at org.apache.ratis.server.impl.LeaderElection.waitForResults(LeaderElection.java:262)
	at org.apache.ratis.server.impl.LeaderElection.askForVotes(LeaderElection.java:200)
	at org.apache.ratis.server.impl.LeaderElection.run(LeaderElection.java:130)
	at java.lang.Thread.run(Thread.java:748)
Caused by: org.apache.ratis.thirdparty.io.grpc.StatusRuntimeException: UNAVAILABLE: io exception
	at org.apache.ratis.thirdparty.io.grpc.stub.ClientCalls.toStatusRuntimeException(ClientCalls.java:233)
	at org.apache.ratis.thirdparty.io.grpc.stub.ClientCalls.getUnchecked(ClientCalls.java:214)
	at org.apache.ratis.thirdparty.io.grpc.stub.ClientCalls.blockingUnaryCall(ClientCalls.java:139)
	at org.apache.ratis.proto.grpc.RaftServerProtocolServiceGrpc$RaftServerProtocolServiceBlockingStub.requestVote(RaftServerProtocolServiceGrpc.java:265)
	at org.apache.ratis.grpc.server.GrpcServerProtocolClient.requestVote(GrpcServerProtocolClient.java:83)
	at org.apache.ratis.grpc.server.GrpcService.requestVote(GrpcService.java:195)
	at org.apache.ratis.server.impl.LeaderElection.lambda$submitRequests$1(LeaderElection.java:237)
	at java.util.concurrent.FutureTask.run(FutureTask.java:266)
	at java.util.concurrent.Executors$RunnableAdapter.call(Executors.java:511)
	at java.util.concurrent.FutureTask.run(FutureTask.java:266)
	at java.util.concurrent.ThreadPoolExecutor.runWorker(ThreadPoolExecutor.java:1149)
	at java.util.concurrent.ThreadPoolExecutor$Worker.run(ThreadPoolExecutor.java:624)
	... 1 more
Caused by: org.apache.ratis.thirdparty.io.netty.channel.AbstractChannel$AnnotatedConnectException: Connection refused: /192.168.34.50:45400
	at sun.nio.ch.SocketChannelImpl.checkConnect(Native Method)
	at sun.nio.ch.SocketChannelImpl.finishConnect(SocketChannelImpl.java:717)
	at org.apache.ratis.thirdparty.io.netty.channel.socket.nio.NioSocketChannel.doFinishConnect(NioSocketChannel.java:327)
	at org.apache.ratis.thirdparty.io.netty.channel.nio.AbstractNioChannel$AbstractNioUnsafe.finishConnect(AbstractNioChannel.java:340)
	at org.apache.ratis.thirdparty.io.netty.channel.nio.NioEventLoop.processSelectedKey(NioEventLoop.java:632)
	at org.apache.ratis.thirdparty.io.netty.channel.nio.NioEventLoop.processSelectedKeysOptimized(NioEventLoop.java:579)
	at org.apache.ratis.thirdparty.io.netty.channel.nio.NioEventLoop.processSelectedKeys(NioEventLoop.java:496)
	at org.apache.ratis.thirdparty.io.netty.channel.nio.NioEventLoop.run(NioEventLoop.java:458)
	at org.apache.ratis.thirdparty.io.netty.util.concurrent.SingleThreadEventExecutor$5.run(SingleThreadEventExecutor.java:897)
	at org.apache.ratis.thirdparty.io.netty.util.concurrent.FastThreadLocalRunnable.run(FastThreadLocalRunnable.java:30)
	... 1 more
Caused by: java.net.ConnectException: Connection refused
	... 11 more
2019-09-19 04:01:14,371 [87042b6f-033e-4b4e-b209-b9cca192af80:group-E78588F04DBB:LeaderElection66] INFO  impl.RaftServerImpl (RaftServerImpl.java:setRole(171)) - 87042b6f-033e-4b4e-b209-b9cca192af80:group-E78588F04DBB changes role from CANDIDATE to FOLLOWER at term 3 for DISCOVERED_A_NEW_TERM
2019-09-19 04:01:14,372 [d3468b2f-addf-437d-a2ce-dcff5006d770:group-E78588F04DBB:LeaderElection65] INFO  impl.RaftServerImpl (RaftServerImpl.java:setRole(171)) - d3468b2f-addf-437d-a2ce-dcff5006d770:group-E78588F04DBB changes role from CANDIDATE to FOLLOWER at term 3 for DISCOVERED_A_NEW_TERM
2019-09-19 04:01:14,372 [87042b6f-033e-4b4e-b209-b9cca192af80:group-E78588F04DBB:LeaderElection66] INFO  impl.RoleInfo (RoleInfo.java:shutdownLeaderElection(134)) - 87042b6f-033e-4b4e-b209-b9cca192af80: shutdown LeaderElection
2019-09-19 04:01:14,372 [d3468b2f-addf-437d-a2ce-dcff5006d770:group-E78588F04DBB:LeaderElection65] INFO  impl.RoleInfo (RoleInfo.java:shutdownLeaderElection(134)) - d3468b2f-addf-437d-a2ce-dcff5006d770: shutdown LeaderElection
2019-09-19 04:01:14,372 [87042b6f-033e-4b4e-b209-b9cca192af80:group-E78588F04DBB:LeaderElection66] INFO  impl.RoleInfo (RoleInfo.java:updateAndGet(143)) - 87042b6f-033e-4b4e-b209-b9cca192af80: start FollowerState
2019-09-19 04:01:14,372 [d3468b2f-addf-437d-a2ce-dcff5006d770:group-E78588F04DBB:LeaderElection65] INFO  impl.RoleInfo (RoleInfo.java:updateAndGet(143)) - d3468b2f-addf-437d-a2ce-dcff5006d770: start FollowerState
2019-09-19 04:01:14,388 | INFO  | SCMAudit | user=jenkins1000 | ip=192.168.34.50 | op=SEND_HEARTBEAT {datanodeUUID=164f4f1a-4ae3-4926-8bd0-17aa2d0a97c2, command=[]} | ret=SUCCESS |  
2019-09-19 04:01:14,620 | INFO  | SCMAudit | user=jenkins1000 | ip=192.168.34.50 | op=SEND_HEARTBEAT {datanodeUUID=9845fec9-8f77-40ec-bd33-538f1e6b668f, command=[]} | ret=SUCCESS |  
2019-09-19 04:01:14,852 | INFO  | SCMAudit | user=jenkins1000 | ip=192.168.34.50 | op=SEND_HEARTBEAT {datanodeUUID=3e5711c1-8fa4-42b5-a674-46644d3368a7, command=[]} | ret=SUCCESS |  
2019-09-19 04:01:15,084 | INFO  | SCMAudit | user=jenkins1000 | ip=192.168.34.50 | op=SEND_HEARTBEAT {datanodeUUID=d3468b2f-addf-437d-a2ce-dcff5006d770, command=[]} | ret=SUCCESS |  
2019-09-19 04:01:15,103 | INFO  | SCMAudit | user=jenkins1000 | ip=192.168.34.50 | op=SEND_HEARTBEAT {datanodeUUID=87042b6f-033e-4b4e-b209-b9cca192af80, command=[]} | ret=SUCCESS |  
2019-09-19 04:01:15,124 | INFO  | SCMAudit | user=jenkins1000 | ip=192.168.34.50 | op=SEND_HEARTBEAT {datanodeUUID=948582b7-4442-4302-80ff-48806e2acd06, command=[]} | ret=SUCCESS |  
2019-09-19 04:01:15,389 | INFO  | SCMAudit | user=jenkins1000 | ip=192.168.34.50 | op=SEND_HEARTBEAT {datanodeUUID=164f4f1a-4ae3-4926-8bd0-17aa2d0a97c2, command=[]} | ret=SUCCESS |  
2019-09-19 04:01:15,619 | INFO  | SCMAudit | user=jenkins1000 | ip=192.168.34.50 | op=SEND_HEARTBEAT {datanodeUUID=9845fec9-8f77-40ec-bd33-538f1e6b668f, command=[]} | ret=SUCCESS |  
2019-09-19 04:01:15,858 | INFO  | SCMAudit | user=jenkins1000 | ip=192.168.34.50 | op=SEND_HEARTBEAT {datanodeUUID=3e5711c1-8fa4-42b5-a674-46644d3368a7, command=[]} | ret=SUCCESS |  
2019-09-19 04:01:16,085 | INFO  | SCMAudit | user=jenkins1000 | ip=192.168.34.50 | op=SEND_HEARTBEAT {datanodeUUID=d3468b2f-addf-437d-a2ce-dcff5006d770, command=[]} | ret=SUCCESS |  
2019-09-19 04:01:16,104 | INFO  | SCMAudit | user=jenkins1000 | ip=192.168.34.50 | op=SEND_HEARTBEAT {datanodeUUID=87042b6f-033e-4b4e-b209-b9cca192af80, command=[]} | ret=SUCCESS |  
2019-09-19 04:01:16,124 | INFO  | SCMAudit | user=jenkins1000 | ip=192.168.34.50 | op=SEND_HEARTBEAT {datanodeUUID=948582b7-4442-4302-80ff-48806e2acd06, command=[]} | ret=SUCCESS |  
2019-09-19 04:01:16,307 [grpc-default-executor-3] INFO  client.GrpcClientProtocolClient (GrpcClientProtocolClient.java:onNext(255)) - client-B9AA895B6C26->87042b6f-033e-4b4e-b209-b9cca192af80: receive RaftClientReply:client-B9AA895B6C26->87042b6f-033e-4b4e-b209-b9cca192af80@group-E78588F04DBB, cid=184, FAILED org.apache.ratis.protocol.NotLeaderException: Server 87042b6f-033e-4b4e-b209-b9cca192af80 is not the leader (null). Request must be sent to leader., logIndex=0, commits[87042b6f-033e-4b4e-b209-b9cca192af80:c15, d3468b2f-addf-437d-a2ce-dcff5006d770:c15, d25e7fda-9a8e-4bab-8cc8-b0b4dcdb8785:c15]
2019-09-19 04:01:16,389 | INFO  | SCMAudit | user=jenkins1000 | ip=192.168.34.50 | op=SEND_HEARTBEAT {datanodeUUID=164f4f1a-4ae3-4926-8bd0-17aa2d0a97c2, command=[]} | ret=SUCCESS |  
2019-09-19 04:01:16,620 | INFO  | SCMAudit | user=jenkins1000 | ip=192.168.34.50 | op=SEND_HEARTBEAT {datanodeUUID=9845fec9-8f77-40ec-bd33-538f1e6b668f, command=[]} | ret=SUCCESS |  
2019-09-19 04:01:16,853 | INFO  | SCMAudit | user=jenkins1000 | ip=192.168.34.50 | op=SEND_HEARTBEAT {datanodeUUID=3e5711c1-8fa4-42b5-a674-46644d3368a7, command=[]} | ret=SUCCESS |  
2019-09-19 04:01:17,084 | INFO  | SCMAudit | user=jenkins1000 | ip=192.168.34.50 | op=SEND_HEARTBEAT {datanodeUUID=d3468b2f-addf-437d-a2ce-dcff5006d770, command=[]} | ret=SUCCESS |  
2019-09-19 04:01:17,104 | INFO  | SCMAudit | user=jenkins1000 | ip=192.168.34.50 | op=SEND_HEARTBEAT {datanodeUUID=87042b6f-033e-4b4e-b209-b9cca192af80, command=[]} | ret=SUCCESS |  
2019-09-19 04:01:17,123 | INFO  | SCMAudit | user=jenkins1000 | ip=192.168.34.50 | op=SEND_HEARTBEAT {datanodeUUID=948582b7-4442-4302-80ff-48806e2acd06, command=[]} | ret=SUCCESS |  
2019-09-19 04:01:17,316 [grpc-default-executor-3] INFO  client.GrpcClientProtocolClient (GrpcClientProtocolClient.java:onNext(255)) - client-B9AA895B6C26->d3468b2f-addf-437d-a2ce-dcff5006d770: receive RaftClientReply:client-B9AA895B6C26->d3468b2f-addf-437d-a2ce-dcff5006d770@group-E78588F04DBB, cid=184, FAILED org.apache.ratis.protocol.NotLeaderException: Server d3468b2f-addf-437d-a2ce-dcff5006d770 is not the leader (null). Request must be sent to leader., logIndex=0, commits[d3468b2f-addf-437d-a2ce-dcff5006d770:c15, 87042b6f-033e-4b4e-b209-b9cca192af80:c15, d25e7fda-9a8e-4bab-8cc8-b0b4dcdb8785:c15]
2019-09-19 04:01:17,389 | INFO  | SCMAudit | user=jenkins1000 | ip=192.168.34.50 | op=SEND_HEARTBEAT {datanodeUUID=164f4f1a-4ae3-4926-8bd0-17aa2d0a97c2, command=[]} | ret=SUCCESS |  
2019-09-19 04:01:17,620 | INFO  | SCMAudit | user=jenkins1000 | ip=192.168.34.50 | op=SEND_HEARTBEAT {datanodeUUID=9845fec9-8f77-40ec-bd33-538f1e6b668f, command=[]} | ret=SUCCESS |  
2019-09-19 04:01:17,853 | INFO  | SCMAudit | user=jenkins1000 | ip=192.168.34.50 | op=SEND_HEARTBEAT {datanodeUUID=3e5711c1-8fa4-42b5-a674-46644d3368a7, command=[]} | ret=SUCCESS |  
2019-09-19 04:01:18,085 | INFO  | SCMAudit | user=jenkins1000 | ip=192.168.34.50 | op=SEND_HEARTBEAT {datanodeUUID=d3468b2f-addf-437d-a2ce-dcff5006d770, command=[]} | ret=SUCCESS |  
2019-09-19 04:01:18,103 | INFO  | SCMAudit | user=jenkins1000 | ip=192.168.34.50 | op=SEND_HEARTBEAT {datanodeUUID=87042b6f-033e-4b4e-b209-b9cca192af80, command=[]} | ret=SUCCESS |  
2019-09-19 04:01:18,123 | INFO  | SCMAudit | user=jenkins1000 | ip=192.168.34.50 | op=SEND_HEARTBEAT {datanodeUUID=948582b7-4442-4302-80ff-48806e2acd06, command=[]} | ret=SUCCESS |  
2019-09-19 04:01:18,328 [grpc-default-executor-7] INFO  client.GrpcClientProtocolClient (GrpcClientProtocolClient.java:onNext(255)) - client-B9AA895B6C26->87042b6f-033e-4b4e-b209-b9cca192af80: receive RaftClientReply:client-B9AA895B6C26->87042b6f-033e-4b4e-b209-b9cca192af80@group-E78588F04DBB, cid=184, FAILED org.apache.ratis.protocol.NotLeaderException: Server 87042b6f-033e-4b4e-b209-b9cca192af80 is not the leader (null). Request must be sent to leader., logIndex=0, commits[87042b6f-033e-4b4e-b209-b9cca192af80:c15, d3468b2f-addf-437d-a2ce-dcff5006d770:c15, d25e7fda-9a8e-4bab-8cc8-b0b4dcdb8785:c15]
2019-09-19 04:01:18,389 | INFO  | SCMAudit | user=jenkins1000 | ip=192.168.34.50 | op=SEND_HEARTBEAT {datanodeUUID=164f4f1a-4ae3-4926-8bd0-17aa2d0a97c2, command=[]} | ret=SUCCESS |  
2019-09-19 04:01:18,620 | INFO  | SCMAudit | user=jenkins1000 | ip=192.168.34.50 | op=SEND_HEARTBEAT {datanodeUUID=9845fec9-8f77-40ec-bd33-538f1e6b668f, command=[]} | ret=SUCCESS |  
2019-09-19 04:01:18,853 | INFO  | SCMAudit | user=jenkins1000 | ip=192.168.34.50 | op=SEND_HEARTBEAT {datanodeUUID=3e5711c1-8fa4-42b5-a674-46644d3368a7, command=[]} | ret=SUCCESS |  
2019-09-19 04:01:19,084 | INFO  | SCMAudit | user=jenkins1000 | ip=192.168.34.50 | op=SEND_HEARTBEAT {datanodeUUID=d3468b2f-addf-437d-a2ce-dcff5006d770, command=[]} | ret=SUCCESS |  
2019-09-19 04:01:19,103 | INFO  | SCMAudit | user=jenkins1000 | ip=192.168.34.50 | op=SEND_HEARTBEAT {datanodeUUID=87042b6f-033e-4b4e-b209-b9cca192af80, command=[]} | ret=SUCCESS |  
2019-09-19 04:01:19,123 | INFO  | SCMAudit | user=jenkins1000 | ip=192.168.34.50 | op=SEND_HEARTBEAT {datanodeUUID=948582b7-4442-4302-80ff-48806e2acd06, command=[]} | ret=SUCCESS |  
2019-09-19 04:01:19,389 | INFO  | SCMAudit | user=jenkins1000 | ip=192.168.34.50 | op=SEND_HEARTBEAT {datanodeUUID=164f4f1a-4ae3-4926-8bd0-17aa2d0a97c2, command=[]} | ret=SUCCESS |  
2019-09-19 04:01:19,411 [Thread-3565] INFO  impl.FollowerState (FollowerState.java:run(106)) - 87042b6f-033e-4b4e-b209-b9cca192af80:group-E78588F04DBB changes to CANDIDATE, lastRpcTime:5038, electionTimeout:5038ms
2019-09-19 04:01:19,411 [Thread-3565] INFO  impl.RoleInfo (RoleInfo.java:shutdownFollowerState(121)) - 87042b6f-033e-4b4e-b209-b9cca192af80: shutdown FollowerState
2019-09-19 04:01:19,411 [Thread-3565] INFO  impl.RaftServerImpl (RaftServerImpl.java:setRole(171)) - 87042b6f-033e-4b4e-b209-b9cca192af80:group-E78588F04DBB changes role from FOLLOWER to CANDIDATE at term 3 for changeToCandidate
2019-09-19 04:01:19,412 [Thread-3565] INFO  impl.RoleInfo (RoleInfo.java:updateAndGet(143)) - 87042b6f-033e-4b4e-b209-b9cca192af80: start LeaderElection
2019-09-19 04:01:19,424 [87042b6f-033e-4b4e-b209-b9cca192af80:group-E78588F04DBB:LeaderElection67] INFO  impl.LeaderElection (LeaderElection.java:askForVotes(181)) - 87042b6f-033e-4b4e-b209-b9cca192af80:group-E78588F04DBB:LeaderElection67: begin an election at term 4 for 0: [87042b6f-033e-4b4e-b209-b9cca192af80:192.168.34.50:39314, d3468b2f-addf-437d-a2ce-dcff5006d770:192.168.34.50:41385, d25e7fda-9a8e-4bab-8cc8-b0b4dcdb8785:192.168.34.50:45400], old=null
2019-09-19 04:01:19,426 [87042b6f-033e-4b4e-b209-b9cca192af80:group-E78588F04DBB:LeaderElection67] INFO  impl.LeaderElection (LogUtils.java:infoOrTrace(149)) - 87042b6f-033e-4b4e-b209-b9cca192af80:group-E78588F04DBB:LeaderElection67 got exception when requesting votes: {}
java.util.concurrent.ExecutionException: org.apache.ratis.thirdparty.io.grpc.StatusRuntimeException: UNAVAILABLE: io exception
	at java.util.concurrent.FutureTask.report(FutureTask.java:122)
	at java.util.concurrent.FutureTask.get(FutureTask.java:192)
	at org.apache.ratis.server.impl.LeaderElection.waitForResults(LeaderElection.java:262)
	at org.apache.ratis.server.impl.LeaderElection.askForVotes(LeaderElection.java:200)
	at org.apache.ratis.server.impl.LeaderElection.run(LeaderElection.java:130)
	at java.lang.Thread.run(Thread.java:748)
Caused by: org.apache.ratis.thirdparty.io.grpc.StatusRuntimeException: UNAVAILABLE: io exception
	at org.apache.ratis.thirdparty.io.grpc.stub.ClientCalls.toStatusRuntimeException(ClientCalls.java:233)
	at org.apache.ratis.thirdparty.io.grpc.stub.ClientCalls.getUnchecked(ClientCalls.java:214)
	at org.apache.ratis.thirdparty.io.grpc.stub.ClientCalls.blockingUnaryCall(ClientCalls.java:139)
	at org.apache.ratis.proto.grpc.RaftServerProtocolServiceGrpc$RaftServerProtocolServiceBlockingStub.requestVote(RaftServerProtocolServiceGrpc.java:265)
	at org.apache.ratis.grpc.server.GrpcServerProtocolClient.requestVote(GrpcServerProtocolClient.java:83)
	at org.apache.ratis.grpc.server.GrpcService.requestVote(GrpcService.java:195)
	at org.apache.ratis.server.impl.LeaderElection.lambda$submitRequests$1(LeaderElection.java:237)
	at java.util.concurrent.FutureTask.run(FutureTask.java:266)
	at java.util.concurrent.Executors$RunnableAdapter.call(Executors.java:511)
	at java.util.concurrent.FutureTask.run(FutureTask.java:266)
	at java.util.concurrent.ThreadPoolExecutor.runWorker(ThreadPoolExecutor.java:1149)
	at java.util.concurrent.ThreadPoolExecutor$Worker.run(ThreadPoolExecutor.java:624)
	... 1 more
Caused by: org.apache.ratis.thirdparty.io.netty.channel.AbstractChannel$AnnotatedConnectException: Connection refused: /192.168.34.50:45400
	at sun.nio.ch.SocketChannelImpl.checkConnect(Native Method)
	at sun.nio.ch.SocketChannelImpl.finishConnect(SocketChannelImpl.java:717)
	at org.apache.ratis.thirdparty.io.netty.channel.socket.nio.NioSocketChannel.doFinishConnect(NioSocketChannel.java:327)
	at org.apache.ratis.thirdparty.io.netty.channel.nio.AbstractNioChannel$AbstractNioUnsafe.finishConnect(AbstractNioChannel.java:340)
	at org.apache.ratis.thirdparty.io.netty.channel.nio.NioEventLoop.processSelectedKey(NioEventLoop.java:632)
	at org.apache.ratis.thirdparty.io.netty.channel.nio.NioEventLoop.processSelectedKeysOptimized(NioEventLoop.java:579)
	at org.apache.ratis.thirdparty.io.netty.channel.nio.NioEventLoop.processSelectedKeys(NioEventLoop.java:496)
	at org.apache.ratis.thirdparty.io.netty.channel.nio.NioEventLoop.run(NioEventLoop.java:458)
	at org.apache.ratis.thirdparty.io.netty.util.concurrent.SingleThreadEventExecutor$5.run(SingleThreadEventExecutor.java:897)
	at org.apache.ratis.thirdparty.io.netty.util.concurrent.FastThreadLocalRunnable.run(FastThreadLocalRunnable.java:30)
	... 1 more
Caused by: java.net.ConnectException: Connection refused
	... 11 more
2019-09-19 04:01:19,437 [grpc-default-executor-3] INFO  impl.RaftServerImpl (RaftServerImpl.java:setRole(171)) - d3468b2f-addf-437d-a2ce-dcff5006d770:group-E78588F04DBB changes role from FOLLOWER to FOLLOWER at term 4 for recognizeCandidate:87042b6f-033e-4b4e-b209-b9cca192af80
2019-09-19 04:01:19,438 [grpc-default-executor-3] INFO  impl.RoleInfo (RoleInfo.java:shutdownFollowerState(121)) - d3468b2f-addf-437d-a2ce-dcff5006d770: shutdown FollowerState
2019-09-19 04:01:19,438 [grpc-default-executor-3] INFO  impl.RoleInfo (RoleInfo.java:updateAndGet(143)) - d3468b2f-addf-437d-a2ce-dcff5006d770: start FollowerState
2019-09-19 04:01:19,438 [Thread-3566] INFO  impl.FollowerState (FollowerState.java:run(114)) - d3468b2f-addf-437d-a2ce-dcff5006d770: FollowerState was interrupted: java.lang.InterruptedException: sleep interrupted
2019-09-19 04:01:19,450 [87042b6f-033e-4b4e-b209-b9cca192af80:group-E78588F04DBB:LeaderElection67] INFO  impl.LeaderElection (LeaderElection.java:logAndReturn(56)) - 87042b6f-033e-4b4e-b209-b9cca192af80:group-E78588F04DBB:LeaderElection67: Election PASSED; received 1 response(s) [87042b6f-033e-4b4e-b209-b9cca192af80<-d3468b2f-addf-437d-a2ce-dcff5006d770#0:OK-t4] and 1 exception(s); 87042b6f-033e-4b4e-b209-b9cca192af80:t4, leader=null, voted=87042b6f-033e-4b4e-b209-b9cca192af80, raftlog=87042b6f-033e-4b4e-b209-b9cca192af80-SegmentedRaftLog:OPENED:c15,f15,i15, conf=0: [87042b6f-033e-4b4e-b209-b9cca192af80:192.168.34.50:39314, d3468b2f-addf-437d-a2ce-dcff5006d770:192.168.34.50:41385, d25e7fda-9a8e-4bab-8cc8-b0b4dcdb8785:192.168.34.50:45400], old=null
2019-09-19 04:01:19,450 [87042b6f-033e-4b4e-b209-b9cca192af80:group-E78588F04DBB:LeaderElection67] INFO  impl.LeaderElection (LogUtils.java:infoOrTrace(149)) -   Exception 0: {}
java.util.concurrent.ExecutionException: org.apache.ratis.thirdparty.io.grpc.StatusRuntimeException: UNAVAILABLE: io exception
	at java.util.concurrent.FutureTask.report(FutureTask.java:122)
	at java.util.concurrent.FutureTask.get(FutureTask.java:192)
	at org.apache.ratis.server.impl.LeaderElection.waitForResults(LeaderElection.java:262)
	at org.apache.ratis.server.impl.LeaderElection.askForVotes(LeaderElection.java:200)
	at org.apache.ratis.server.impl.LeaderElection.run(LeaderElection.java:130)
	at java.lang.Thread.run(Thread.java:748)
Caused by: org.apache.ratis.thirdparty.io.grpc.StatusRuntimeException: UNAVAILABLE: io exception
	at org.apache.ratis.thirdparty.io.grpc.stub.ClientCalls.toStatusRuntimeException(ClientCalls.java:233)
	at org.apache.ratis.thirdparty.io.grpc.stub.ClientCalls.getUnchecked(ClientCalls.java:214)
	at org.apache.ratis.thirdparty.io.grpc.stub.ClientCalls.blockingUnaryCall(ClientCalls.java:139)
	at org.apache.ratis.proto.grpc.RaftServerProtocolServiceGrpc$RaftServerProtocolServiceBlockingStub.requestVote(RaftServerProtocolServiceGrpc.java:265)
	at org.apache.ratis.grpc.server.GrpcServerProtocolClient.requestVote(GrpcServerProtocolClient.java:83)
	at org.apache.ratis.grpc.server.GrpcService.requestVote(GrpcService.java:195)
	at org.apache.ratis.server.impl.LeaderElection.lambda$submitRequests$1(LeaderElection.java:237)
	at java.util.concurrent.FutureTask.run(FutureTask.java:266)
	at java.util.concurrent.Executors$RunnableAdapter.call(Executors.java:511)
	at java.util.concurrent.FutureTask.run(FutureTask.java:266)
	at java.util.concurrent.ThreadPoolExecutor.runWorker(ThreadPoolExecutor.java:1149)
	at java.util.concurrent.ThreadPoolExecutor$Worker.run(ThreadPoolExecutor.java:624)
	... 1 more
Caused by: org.apache.ratis.thirdparty.io.netty.channel.AbstractChannel$AnnotatedConnectException: Connection refused: /192.168.34.50:45400
	at sun.nio.ch.SocketChannelImpl.checkConnect(Native Method)
	at sun.nio.ch.SocketChannelImpl.finishConnect(SocketChannelImpl.java:717)
	at org.apache.ratis.thirdparty.io.netty.channel.socket.nio.NioSocketChannel.doFinishConnect(NioSocketChannel.java:327)
	at org.apache.ratis.thirdparty.io.netty.channel.nio.AbstractNioChannel$AbstractNioUnsafe.finishConnect(AbstractNioChannel.java:340)
	at org.apache.ratis.thirdparty.io.netty.channel.nio.NioEventLoop.processSelectedKey(NioEventLoop.java:632)
	at org.apache.ratis.thirdparty.io.netty.channel.nio.NioEventLoop.processSelectedKeysOptimized(NioEventLoop.java:579)
	at org.apache.ratis.thirdparty.io.netty.channel.nio.NioEventLoop.processSelectedKeys(NioEventLoop.java:496)
	at org.apache.ratis.thirdparty.io.netty.channel.nio.NioEventLoop.run(NioEventLoop.java:458)
	at org.apache.ratis.thirdparty.io.netty.util.concurrent.SingleThreadEventExecutor$5.run(SingleThreadEventExecutor.java:897)
	at org.apache.ratis.thirdparty.io.netty.util.concurrent.FastThreadLocalRunnable.run(FastThreadLocalRunnable.java:30)
	... 1 more
Caused by: java.net.ConnectException: Connection refused
	... 11 more
2019-09-19 04:01:19,451 [87042b6f-033e-4b4e-b209-b9cca192af80:group-E78588F04DBB:LeaderElection67] INFO  impl.RoleInfo (RoleInfo.java:shutdownLeaderElection(134)) - 87042b6f-033e-4b4e-b209-b9cca192af80: shutdown LeaderElection
2019-09-19 04:01:19,451 [87042b6f-033e-4b4e-b209-b9cca192af80:group-E78588F04DBB:LeaderElection67] INFO  impl.RaftServerImpl (RaftServerImpl.java:setRole(171)) - 87042b6f-033e-4b4e-b209-b9cca192af80:group-E78588F04DBB changes role from CANDIDATE to LEADER at term 4 for changeToLeader
2019-09-19 04:01:19,451 [87042b6f-033e-4b4e-b209-b9cca192af80:group-E78588F04DBB:LeaderElection67] INFO  impl.RaftServerImpl (ServerState.java:setLeader(263)) - 87042b6f-033e-4b4e-b209-b9cca192af80:group-E78588F04DBB change Leader from null to 87042b6f-033e-4b4e-b209-b9cca192af80 at term 4 for becomeLeader, leader elected after 10232ms
2019-09-19 04:01:19,451 [87042b6f-033e-4b4e-b209-b9cca192af80:group-E78588F04DBB:LeaderElection67] INFO  server.RaftServerConfigKeys (ConfUtils.java:logGet(43)) - raft.server.staging.catchup.gap = 1000 (default)
2019-09-19 04:01:19,451 [87042b6f-033e-4b4e-b209-b9cca192af80:group-E78588F04DBB:LeaderElection67] INFO  server.RaftServerConfigKeys (ConfUtils.java:logGet(43)) - raft.server.rpc.sleep.time = 25ms (default)
2019-09-19 04:01:19,452 [87042b6f-033e-4b4e-b209-b9cca192af80:group-E78588F04DBB:LeaderElection67] INFO  server.RaftServerConfigKeys (ConfUtils.java:logGet(43)) - raft.server.write.element-limit = 4096 (default)
2019-09-19 04:01:19,452 [87042b6f-033e-4b4e-b209-b9cca192af80:group-E78588F04DBB:LeaderElection67] INFO  server.RaftServerConfigKeys (ConfUtils.java:logGet(43)) - raft.server.watch.timeout = 10s (default)
2019-09-19 04:01:19,452 [87042b6f-033e-4b4e-b209-b9cca192af80:group-E78588F04DBB:LeaderElection67] INFO  server.RaftServerConfigKeys (ConfUtils.java:logGet(43)) - raft.server.watch.timeout.denomination = 1s (default)
2019-09-19 04:01:19,452 [87042b6f-033e-4b4e-b209-b9cca192af80:group-E78588F04DBB:LeaderElection67] INFO  server.RaftServerConfigKeys (ConfUtils.java:logGet(43)) - raft.server.watch.element-limit = 65536 (default)
2019-09-19 04:01:19,452 [87042b6f-033e-4b4e-b209-b9cca192af80:group-E78588F04DBB:LeaderElection67] INFO  server.RaftServerConfigKeys (ConfUtils.java:logGet(43)) - raft.server.log.appender.snapshot.chunk.size.max = 16MB (=16777216) (default)
2019-09-19 04:01:19,453 [87042b6f-033e-4b4e-b209-b9cca192af80:group-E78588F04DBB:LeaderElection67] INFO  server.RaftServerConfigKeys (ConfUtils.java:logGet(43)) - raft.server.log.appender.buffer.byte-limit = 33554432 (custom)
2019-09-19 04:01:19,453 [87042b6f-033e-4b4e-b209-b9cca192af80:group-E78588F04DBB:LeaderElection67] INFO  server.RaftServerConfigKeys (ConfUtils.java:logGet(43)) - raft.server.log.appender.buffer.element-limit = 1 (custom)
2019-09-19 04:01:19,453 [87042b6f-033e-4b4e-b209-b9cca192af80:group-E78588F04DBB:LeaderElection67] INFO  grpc.GrpcConfigKeys$Server (ConfUtils.java:logGet(43)) - raft.grpc.server.leader.outstanding.appends.max = 128 (default)
2019-09-19 04:01:19,453 [87042b6f-033e-4b4e-b209-b9cca192af80:group-E78588F04DBB:LeaderElection67] INFO  server.RaftServerConfigKeys (ConfUtils.java:logGet(43)) - raft.server.rpc.request.timeout = 3000ms (default)
2019-09-19 04:01:19,453 [87042b6f-033e-4b4e-b209-b9cca192af80:group-E78588F04DBB:LeaderElection67] INFO  server.RaftServerConfigKeys (ConfUtils.java:logGet(43)) - raft.server.log.appender.install.snapshot.enabled = false (custom)
2019-09-19 04:01:19,453 [87042b6f-033e-4b4e-b209-b9cca192af80:group-E78588F04DBB:LeaderElection67] INFO  server.RaftServerConfigKeys (ConfUtils.java:logGet(43)) - raft.server.log.appender.snapshot.chunk.size.max = 16MB (=16777216) (default)
2019-09-19 04:01:19,454 [87042b6f-033e-4b4e-b209-b9cca192af80:group-E78588F04DBB:LeaderElection67] INFO  server.RaftServerConfigKeys (ConfUtils.java:logGet(43)) - raft.server.log.appender.buffer.byte-limit = 33554432 (custom)
2019-09-19 04:01:19,454 [87042b6f-033e-4b4e-b209-b9cca192af80:group-E78588F04DBB:LeaderElection67] INFO  server.RaftServerConfigKeys (ConfUtils.java:logGet(43)) - raft.server.log.appender.buffer.element-limit = 1 (custom)
2019-09-19 04:01:19,454 [87042b6f-033e-4b4e-b209-b9cca192af80:group-E78588F04DBB:LeaderElection67] INFO  grpc.GrpcConfigKeys$Server (ConfUtils.java:logGet(43)) - raft.grpc.server.leader.outstanding.appends.max = 128 (default)
2019-09-19 04:01:19,454 [87042b6f-033e-4b4e-b209-b9cca192af80:group-E78588F04DBB:LeaderElection67] INFO  server.RaftServerConfigKeys (ConfUtils.java:logGet(43)) - raft.server.rpc.request.timeout = 3000ms (default)
2019-09-19 04:01:19,454 [87042b6f-033e-4b4e-b209-b9cca192af80:group-E78588F04DBB:LeaderElection67] INFO  server.RaftServerConfigKeys (ConfUtils.java:logGet(43)) - raft.server.log.appender.install.snapshot.enabled = false (custom)
2019-09-19 04:01:19,454 [87042b6f-033e-4b4e-b209-b9cca192af80:group-E78588F04DBB:LeaderElection67] INFO  impl.RoleInfo (RoleInfo.java:updateAndGet(143)) - 87042b6f-033e-4b4e-b209-b9cca192af80: start LeaderState
2019-09-19 04:01:19,455 [87042b6f-033e-4b4e-b209-b9cca192af80:group-E78588F04DBB:LeaderElection67] INFO  segmented.SegmentedRaftLogWorker (SegmentedRaftLogWorker.java:rollLogSegment(385)) - 87042b6f-033e-4b4e-b209-b9cca192af80-SegmentedRaftLogWorker:Storage Directory /workdir/hadoop-ozone/integration-test/target/test-dir/MiniOzoneClusterImpl-048a2d1c-ec68-42a5-b9aa-3373df324185/datanode-2/data/ratis/f44540f4-192f-4905-ad79-e78588f04dbb: Rolling segment log-0_15 to index:15
2019-09-19 04:01:19,455 [87042b6f-033e-4b4e-b209-b9cca192af80-SegmentedRaftLogWorker:Storage Directory /workdir/hadoop-ozone/integration-test/target/test-dir/MiniOzoneClusterImpl-048a2d1c-ec68-42a5-b9aa-3373df324185/datanode-2/data/ratis/f44540f4-192f-4905-ad79-e78588f04dbb] INFO  segmented.SegmentedRaftLogWorker (SegmentedRaftLogWorker.java:execute(526)) - 87042b6f-033e-4b4e-b209-b9cca192af80-SegmentedRaftLogWorker:Storage Directory /workdir/hadoop-ozone/integration-test/target/test-dir/MiniOzoneClusterImpl-048a2d1c-ec68-42a5-b9aa-3373df324185/datanode-2/data/ratis/f44540f4-192f-4905-ad79-e78588f04dbb: Rolled log segment from /workdir/hadoop-ozone/integration-test/target/test-dir/MiniOzoneClusterImpl-048a2d1c-ec68-42a5-b9aa-3373df324185/datanode-2/data/ratis/f44540f4-192f-4905-ad79-e78588f04dbb/current/log_inprogress_0 to /workdir/hadoop-ozone/integration-test/target/test-dir/MiniOzoneClusterImpl-048a2d1c-ec68-42a5-b9aa-3373df324185/datanode-2/data/ratis/f44540f4-192f-4905-ad79-e78588f04dbb/current/log_0-15
2019-09-19 04:01:19,456 [87042b6f-033e-4b4e-b209-b9cca192af80:group-E78588F04DBB:LeaderElection67] INFO  impl.RaftServerImpl (ServerState.java:setRaftConf(361)) - 87042b6f-033e-4b4e-b209-b9cca192af80:group-E78588F04DBB set configuration 16: [87042b6f-033e-4b4e-b209-b9cca192af80:192.168.34.50:39314, d3468b2f-addf-437d-a2ce-dcff5006d770:192.168.34.50:41385, d25e7fda-9a8e-4bab-8cc8-b0b4dcdb8785:192.168.34.50:45400], old=null at 16
2019-09-19 04:01:19,456 [grpc-default-executor-3] WARN  server.GrpcLogAppender (LogUtils.java:warn(134)) - 87042b6f-033e-4b4e-b209-b9cca192af80->d25e7fda-9a8e-4bab-8cc8-b0b4dcdb8785: Failed appendEntries: org.apache.ratis.thirdparty.io.grpc.StatusRuntimeException: UNAVAILABLE: io exception
2019-09-19 04:01:19,457 [grpc-default-executor-3] INFO  impl.FollowerInfo (FollowerInfo.java:lambda$new$0(50)) - 87042b6f-033e-4b4e-b209-b9cca192af80->d25e7fda-9a8e-4bab-8cc8-b0b4dcdb8785: nextIndex: updateUnconditionally 16 -> 1
2019-09-19 04:01:19,457 [grpc-default-executor-7] INFO  impl.RaftServerImpl (ServerState.java:setLeader(263)) - d3468b2f-addf-437d-a2ce-dcff5006d770:group-E78588F04DBB change Leader from null to 87042b6f-033e-4b4e-b209-b9cca192af80 at term 4 for appendEntries, leader elected after 10247ms
2019-09-19 04:01:19,459 [grpc-default-executor-7] INFO  impl.RaftServerImpl (ServerState.java:setRaftConf(361)) - d3468b2f-addf-437d-a2ce-dcff5006d770:group-E78588F04DBB set configuration 16: [87042b6f-033e-4b4e-b209-b9cca192af80:192.168.34.50:39314, d3468b2f-addf-437d-a2ce-dcff5006d770:192.168.34.50:41385, d25e7fda-9a8e-4bab-8cc8-b0b4dcdb8785:192.168.34.50:45400], old=null at 16
2019-09-19 04:01:19,459 [grpc-default-executor-7] INFO  segmented.SegmentedRaftLogWorker (SegmentedRaftLogWorker.java:rollLogSegment(385)) - d3468b2f-addf-437d-a2ce-dcff5006d770-SegmentedRaftLogWorker:Storage Directory /workdir/hadoop-ozone/integration-test/target/test-dir/MiniOzoneClusterImpl-048a2d1c-ec68-42a5-b9aa-3373df324185/datanode-1/data/ratis/f44540f4-192f-4905-ad79-e78588f04dbb: Rolling segment log-0_15 to index:15
2019-09-19 04:01:19,460 [d3468b2f-addf-437d-a2ce-dcff5006d770-SegmentedRaftLogWorker:Storage Directory /workdir/hadoop-ozone/integration-test/target/test-dir/MiniOzoneClusterImpl-048a2d1c-ec68-42a5-b9aa-3373df324185/datanode-1/data/ratis/f44540f4-192f-4905-ad79-e78588f04dbb] INFO  segmented.SegmentedRaftLogWorker (SegmentedRaftLogWorker.java:execute(526)) - d3468b2f-addf-437d-a2ce-dcff5006d770-SegmentedRaftLogWorker:Storage Directory /workdir/hadoop-ozone/integration-test/target/test-dir/MiniOzoneClusterImpl-048a2d1c-ec68-42a5-b9aa-3373df324185/datanode-1/data/ratis/f44540f4-192f-4905-ad79-e78588f04dbb: Rolled log segment from /workdir/hadoop-ozone/integration-test/target/test-dir/MiniOzoneClusterImpl-048a2d1c-ec68-42a5-b9aa-3373df324185/datanode-1/data/ratis/f44540f4-192f-4905-ad79-e78588f04dbb/current/log_inprogress_0 to /workdir/hadoop-ozone/integration-test/target/test-dir/MiniOzoneClusterImpl-048a2d1c-ec68-42a5-b9aa-3373df324185/datanode-1/data/ratis/f44540f4-192f-4905-ad79-e78588f04dbb/current/log_0-15
2019-09-19 04:01:19,490 [87042b6f-033e-4b4e-b209-b9cca192af80-SegmentedRaftLogWorker:Storage Directory /workdir/hadoop-ozone/integration-test/target/test-dir/MiniOzoneClusterImpl-048a2d1c-ec68-42a5-b9aa-3373df324185/datanode-2/data/ratis/f44540f4-192f-4905-ad79-e78588f04dbb] INFO  segmented.SegmentedRaftLogWorker (SegmentedRaftLogWorker.java:execute(569)) - 87042b6f-033e-4b4e-b209-b9cca192af80-SegmentedRaftLogWorker:Storage Directory /workdir/hadoop-ozone/integration-test/target/test-dir/MiniOzoneClusterImpl-048a2d1c-ec68-42a5-b9aa-3373df324185/datanode-2/data/ratis/f44540f4-192f-4905-ad79-e78588f04dbb: created new log segment /workdir/hadoop-ozone/integration-test/target/test-dir/MiniOzoneClusterImpl-048a2d1c-ec68-42a5-b9aa-3373df324185/datanode-2/data/ratis/f44540f4-192f-4905-ad79-e78588f04dbb/current/log_inprogress_16
2019-09-19 04:01:19,500 [d3468b2f-addf-437d-a2ce-dcff5006d770-SegmentedRaftLogWorker:Storage Directory /workdir/hadoop-ozone/integration-test/target/test-dir/MiniOzoneClusterImpl-048a2d1c-ec68-42a5-b9aa-3373df324185/datanode-1/data/ratis/f44540f4-192f-4905-ad79-e78588f04dbb] INFO  segmented.SegmentedRaftLogWorker (SegmentedRaftLogWorker.java:execute(569)) - d3468b2f-addf-437d-a2ce-dcff5006d770-SegmentedRaftLogWorker:Storage Directory /workdir/hadoop-ozone/integration-test/target/test-dir/MiniOzoneClusterImpl-048a2d1c-ec68-42a5-b9aa-3373df324185/datanode-1/data/ratis/f44540f4-192f-4905-ad79-e78588f04dbb: created new log segment /workdir/hadoop-ozone/integration-test/target/test-dir/MiniOzoneClusterImpl-048a2d1c-ec68-42a5-b9aa-3373df324185/datanode-1/data/ratis/f44540f4-192f-4905-ad79-e78588f04dbb/current/log_inprogress_16
2019-09-19 04:01:19,507 | INFO  | DNAudit | user=null | ip=null | op=READ_CHUNK {blockData=conID: 1 locID: 102817179267629071 bcsId: 0} | ret=SUCCESS |  
2019-09-19 04:01:19,510 [grpc-default-executor-8] WARN  server.GrpcLogAppender (LogUtils.java:warn(134)) - 87042b6f-033e-4b4e-b209-b9cca192af80->d25e7fda-9a8e-4bab-8cc8-b0b4dcdb8785: Failed appendEntries: org.apache.ratis.thirdparty.io.grpc.StatusRuntimeException: UNAVAILABLE: io exception
2019-09-19 04:01:19,510 [grpc-default-executor-8] INFO  impl.FollowerInfo (FollowerInfo.java:lambda$new$0(50)) - 87042b6f-033e-4b4e-b209-b9cca192af80->d25e7fda-9a8e-4bab-8cc8-b0b4dcdb8785: nextIndex: updateUnconditionally 2 -> 1
2019-09-19 04:01:19,529 [grpc-default-executor-8] WARN  server.GrpcLogAppender (LogUtils.java:warn(134)) - 87042b6f-033e-4b4e-b209-b9cca192af80->d25e7fda-9a8e-4bab-8cc8-b0b4dcdb8785: Failed appendEntries: org.apache.ratis.thirdparty.io.grpc.StatusRuntimeException: UNAVAILABLE: io exception
2019-09-19 04:01:19,529 [grpc-default-executor-8] INFO  impl.FollowerInfo (FollowerInfo.java:lambda$new$0(50)) - 87042b6f-033e-4b4e-b209-b9cca192af80->d25e7fda-9a8e-4bab-8cc8-b0b4dcdb8785: nextIndex: updateUnconditionally 2 -> 1
2019-09-19 04:01:19,620 | INFO  | SCMAudit | user=jenkins1000 | ip=192.168.34.50 | op=SEND_HEARTBEAT {datanodeUUID=9845fec9-8f77-40ec-bd33-538f1e6b668f, command=[]} | ret=SUCCESS |  
2019-09-19 04:01:19,854 | INFO  | SCMAudit | user=jenkins1000 | ip=192.168.34.50 | op=SEND_HEARTBEAT {datanodeUUID=3e5711c1-8fa4-42b5-a674-46644d3368a7, command=[]} | ret=SUCCESS |  
2019-09-19 04:01:20,084 | INFO  | SCMAudit | user=jenkins1000 | ip=192.168.34.50 | op=SEND_HEARTBEAT {datanodeUUID=d3468b2f-addf-437d-a2ce-dcff5006d770, command=[]} | ret=SUCCESS |  
2019-09-19 04:01:20,103 | INFO  | SCMAudit | user=jenkins1000 | ip=192.168.34.50 | op=SEND_HEARTBEAT {datanodeUUID=87042b6f-033e-4b4e-b209-b9cca192af80, command=[]} | ret=SUCCESS |  
2019-09-19 04:01:20,123 | INFO  | SCMAudit | user=jenkins1000 | ip=192.168.34.50 | op=SEND_HEARTBEAT {datanodeUUID=948582b7-4442-4302-80ff-48806e2acd06, command=[]} | ret=SUCCESS |  
2019-09-19 04:01:20,340 [grpc-default-executor-8] INFO  client.GrpcClientProtocolClient (GrpcClientProtocolClient.java:onNext(255)) - client-B9AA895B6C26->d3468b2f-addf-437d-a2ce-dcff5006d770: receive RaftClientReply:client-B9AA895B6C26->d3468b2f-addf-437d-a2ce-dcff5006d770@group-E78588F04DBB, cid=184, FAILED org.apache.ratis.protocol.NotLeaderException: Server d3468b2f-addf-437d-a2ce-dcff5006d770 is not the leader (87042b6f-033e-4b4e-b209-b9cca192af80:192.168.34.50:39314). Request must be sent to leader., logIndex=0, commits[d3468b2f-addf-437d-a2ce-dcff5006d770:c16, 87042b6f-033e-4b4e-b209-b9cca192af80:c16, d25e7fda-9a8e-4bab-8cc8-b0b4dcdb8785:c15]
2019-09-19 04:01:20,348 | ERROR | DNAudit | user=null | ip=null | op=WRITE_CHUNK {blockData=conID: 1 locID: 102817179267629071 bcsId: 13} | ret=FAILURE | org.apache.hadoop.hdds.scm.container.common.helpers.ContainerNotOpenException: Container 1 in CLOSING state
	at org.apache.hadoop.ozone.container.common.impl.HddsDispatcher.validateContainerCommand(HddsDispatcher.java:408)
	at org.apache.hadoop.ozone.container.common.transport.server.ratis.ContainerStateMachine.startTransaction(ContainerStateMachine.java:309) 
2019-09-19 04:01:20,366 [grpc-default-executor-7] INFO  client.GrpcClientProtocolClient (GrpcClientProtocolClient.java:onNext(255)) - client-B9AA895B6C26->87042b6f-033e-4b4e-b209-b9cca192af80: receive RaftClientReply:client-B9AA895B6C26->87042b6f-033e-4b4e-b209-b9cca192af80@group-E78588F04DBB, cid=184, FAILED org.apache.ratis.protocol.StateMachineException: org.apache.hadoop.hdds.scm.container.common.helpers.ContainerNotOpenException from Server 87042b6f-033e-4b4e-b209-b9cca192af80: Container 1 in CLOSING state, logIndex=0, commits[87042b6f-033e-4b4e-b209-b9cca192af80:c17, d3468b2f-addf-437d-a2ce-dcff5006d770:c16, d25e7fda-9a8e-4bab-8cc8-b0b4dcdb8785:c15]
2019-09-19 04:01:20,369 | ERROR | DNAudit | user=null | ip=null | op=WRITE_CHUNK {blockData=conID: 1 locID: 102817179267629071 bcsId: 13} | ret=FAILURE | org.apache.hadoop.hdds.scm.container.common.helpers.ContainerNotOpenException: Container 1 in CLOSING state
	at org.apache.hadoop.ozone.container.common.impl.HddsDispatcher.validateContainerCommand(HddsDispatcher.java:408)
	at org.apache.hadoop.ozone.container.common.transport.server.ratis.ContainerStateMachine.startTransaction(ContainerStateMachine.java:309) 
2019-09-19 04:01:20,376 [grpc-default-executor-7] INFO  client.GrpcClientProtocolClient (GrpcClientProtocolClient.java:onNext(255)) - client-B9AA895B6C26->87042b6f-033e-4b4e-b209-b9cca192af80: receive RaftClientReply:client-B9AA895B6C26->87042b6f-033e-4b4e-b209-b9cca192af80@group-E78588F04DBB, cid=185, FAILED org.apache.ratis.protocol.StateMachineException: org.apache.hadoop.hdds.scm.container.common.helpers.ContainerNotOpenException from Server 87042b6f-033e-4b4e-b209-b9cca192af80: Container 1 in CLOSING state, logIndex=0, commits[87042b6f-033e-4b4e-b209-b9cca192af80:c17, d3468b2f-addf-437d-a2ce-dcff5006d770:c16, d25e7fda-9a8e-4bab-8cc8-b0b4dcdb8785:c15]
2019-09-19 04:01:20,376 | ERROR | DNAudit | user=null | ip=null | op=PUT_BLOCK {blockData=[blockId=conID: 1 locID: 102817179267629071 bcsId: 0,size=650]} | ret=FAILURE | org.apache.hadoop.hdds.scm.container.common.helpers.ContainerNotOpenException: Container 1 in CLOSING state
	at org.apache.hadoop.ozone.container.common.impl.HddsDispatcher.validateContainerCommand(HddsDispatcher.java:408)
	at org.apache.hadoop.ozone.container.common.transport.server.ratis.ContainerStateMachine.startTransaction(ContainerStateMachine.java:309) 
2019-09-19 04:01:20,377 | ERROR | DNAudit | user=null | ip=null | op=WRITE_CHUNK {blockData=conID: 1 locID: 102817179267629071 bcsId: 13} | ret=FAILURE | org.apache.hadoop.hdds.scm.container.common.helpers.ContainerNotOpenException: Container 1 in CLOSING state
	at org.apache.hadoop.ozone.container.common.impl.HddsDispatcher.validateContainerCommand(HddsDispatcher.java:408)
	at org.apache.hadoop.ozone.container.common.transport.server.ratis.ContainerStateMachine.startTransaction(ContainerStateMachine.java:309) 
2019-09-19 04:01:20,383 [grpc-default-executor-7] INFO  client.GrpcClientProtocolClient (GrpcClientProtocolClient.java:onNext(255)) - client-B9AA895B6C26->87042b6f-033e-4b4e-b209-b9cca192af80: receive RaftClientReply:client-B9AA895B6C26->87042b6f-033e-4b4e-b209-b9cca192af80@group-E78588F04DBB, cid=186, FAILED org.apache.ratis.protocol.StateMachineException: org.apache.hadoop.hdds.scm.container.common.helpers.ContainerNotOpenException from Server 87042b6f-033e-4b4e-b209-b9cca192af80: Container 1 in CLOSING state, logIndex=0, commits[87042b6f-033e-4b4e-b209-b9cca192af80:c17, d3468b2f-addf-437d-a2ce-dcff5006d770:c16, d25e7fda-9a8e-4bab-8cc8-b0b4dcdb8785:c15]
2019-09-19 04:01:20,384 | ERROR | DNAudit | user=null | ip=null | op=WRITE_CHUNK {blockData=conID: 1 locID: 102817179267629071 bcsId: 13} | ret=FAILURE | org.apache.hadoop.hdds.scm.container.common.helpers.ContainerNotOpenException: Container 1 in CLOSING state
	at org.apache.hadoop.ozone.container.common.impl.HddsDispatcher.validateContainerCommand(HddsDispatcher.java:408)
	at org.apache.hadoop.ozone.container.common.transport.server.ratis.ContainerStateMachine.startTransaction(ContainerStateMachine.java:309) 
2019-09-19 04:01:20,385 [grpc-default-executor-7] INFO  client.GrpcClientProtocolClient (GrpcClientProtocolClient.java:onNext(255)) - client-B9AA895B6C26->87042b6f-033e-4b4e-b209-b9cca192af80: receive RaftClientReply:client-B9AA895B6C26->87042b6f-033e-4b4e-b209-b9cca192af80@group-E78588F04DBB, cid=187, FAILED org.apache.ratis.protocol.StateMachineException: org.apache.hadoop.hdds.scm.container.common.helpers.ContainerNotOpenException from Server 87042b6f-033e-4b4e-b209-b9cca192af80: Container 1 in CLOSING state, logIndex=0, commits[87042b6f-033e-4b4e-b209-b9cca192af80:c17, d3468b2f-addf-437d-a2ce-dcff5006d770:c16, d25e7fda-9a8e-4bab-8cc8-b0b4dcdb8785:c15]
2019-09-19 04:01:20,385 | ERROR | DNAudit | user=null | ip=null | op=PUT_BLOCK {blockData=[blockId=conID: 1 locID: 102817179267629071 bcsId: 0,size=800]} | ret=FAILURE | org.apache.hadoop.hdds.scm.container.common.helpers.ContainerNotOpenException: Container 1 in CLOSING state
	at org.apache.hadoop.ozone.container.common.impl.HddsDispatcher.validateContainerCommand(HddsDispatcher.java:408)
	at org.apache.hadoop.ozone.container.common.transport.server.ratis.ContainerStateMachine.startTransaction(ContainerStateMachine.java:309) 
2019-09-19 04:01:20,405 | INFO  | SCMAudit | user=jenkins1000 | ip=192.168.34.50 | op=SEND_HEARTBEAT {datanodeUUID=164f4f1a-4ae3-4926-8bd0-17aa2d0a97c2, command=[]} | ret=SUCCESS |  
2019-09-19 04:01:20,406 [grpc-default-executor-8] INFO  client.GrpcClientProtocolClient (GrpcClientProtocolClient.java:onNext(255)) - client-B9AA895B6C26->87042b6f-033e-4b4e-b209-b9cca192af80: receive RaftClientReply:client-B9AA895B6C26->87042b6f-033e-4b4e-b209-b9cca192af80@group-E78588F04DBB, cid=188, FAILED org.apache.ratis.protocol.StateMachineException: org.apache.hadoop.hdds.scm.container.common.helpers.ContainerNotOpenException from Server 87042b6f-033e-4b4e-b209-b9cca192af80: Container 1 in CLOSING state, logIndex=0, commits[87042b6f-033e-4b4e-b209-b9cca192af80:c17, d3468b2f-addf-437d-a2ce-dcff5006d770:c16, d25e7fda-9a8e-4bab-8cc8-b0b4dcdb8785:c15]
2019-09-19 04:01:20,408 [grpc-default-executor-8] INFO  client.GrpcClientProtocolClient (GrpcClientProtocolClient.java:onNext(255)) - client-B9AA895B6C26->87042b6f-033e-4b4e-b209-b9cca192af80: receive RaftClientReply:client-B9AA895B6C26->87042b6f-033e-4b4e-b209-b9cca192af80@group-E78588F04DBB, cid=189, FAILED org.apache.ratis.protocol.StateMachineException: org.apache.hadoop.hdds.scm.container.common.helpers.ContainerNotOpenException from Server 87042b6f-033e-4b4e-b209-b9cca192af80: Container 1 in CLOSING state, logIndex=0, commits[87042b6f-033e-4b4e-b209-b9cca192af80:c17, d3468b2f-addf-437d-a2ce-dcff5006d770:c16, d25e7fda-9a8e-4bab-8cc8-b0b4dcdb8785:c15]
2019-09-19 04:01:20,437 | INFO  | SCMAudit | user=jenkins1000 | ip=192.168.34.50 | op=ALLOCATE_BLOCK {owner=d4ed827d-d415-4ece-a220-52e0974fcd90, size=800, type=RATIS, factor=THREE} | ret=SUCCESS |  
2019-09-19 04:01:20,438 | INFO  | OMAudit | user=jenkins1000 | ip=127.0.0.1 | op=ALLOCATE_BLOCK {volume=testblockoutputstream, bucket=testblockoutputstream, key=c979e676-ebb2-42be-a5c6-7c653cfcf1a0, dataSize=0, replicationType=null, replicationFactor=null, keyLocationInfo=null, clientID=102817179267497998} | ret=SUCCESS |  
2019-09-19 04:01:20,446 [grpc-default-executor-7] INFO  client.GrpcClientProtocolClient (GrpcClientProtocolClient.java:onNext(255)) - client-24BDEBAA939F->948582b7-4442-4302-80ff-48806e2acd06: receive RaftClientReply:client-24BDEBAA939F->948582b7-4442-4302-80ff-48806e2acd06@group-2B25F1690FA2, cid=190, FAILED org.apache.ratis.protocol.NotLeaderException: Server 948582b7-4442-4302-80ff-48806e2acd06 is not the leader (9845fec9-8f77-40ec-bd33-538f1e6b668f:192.168.34.50:39666). Request must be sent to leader., logIndex=0, commits[948582b7-4442-4302-80ff-48806e2acd06:c0, 3e5711c1-8fa4-42b5-a674-46644d3368a7:c0, 9845fec9-8f77-40ec-bd33-538f1e6b668f:c0]
2019-09-19 04:01:20,621 | INFO  | SCMAudit | user=jenkins1000 | ip=192.168.34.50 | op=SEND_HEARTBEAT {datanodeUUID=9845fec9-8f77-40ec-bd33-538f1e6b668f, command=[]} | ret=SUCCESS |  
2019-09-19 04:01:20,789 | INFO  | DNAudit | user=null | ip=null | op=WRITE_CHUNK {blockData=conID: 2 locID: 102817181233119248 bcsId: 0} | ret=SUCCESS |  
2019-09-19 04:01:20,789 | INFO  | DNAudit | user=null | ip=null | op=WRITE_CHUNK {blockData=conID: 2 locID: 102817181233119248 bcsId: 0} | ret=SUCCESS |  
2019-09-19 04:01:20,789 | INFO  | DNAudit | user=null | ip=null | op=WRITE_CHUNK {blockData=conID: 2 locID: 102817181233119248 bcsId: 0} | ret=SUCCESS |  
2019-09-19 04:01:20,789 | INFO  | SCMAudit | user=jenkins1000 | ip=192.168.34.50 | op=SEND_HEARTBEAT {datanodeUUID=948582b7-4442-4302-80ff-48806e2acd06, command=[]} | ret=SUCCESS |  
2019-09-19 04:01:20,789 | INFO  | SCMAudit | user=jenkins1000 | ip=192.168.34.50 | op=SEND_HEARTBEAT {datanodeUUID=9845fec9-8f77-40ec-bd33-538f1e6b668f, command=[]} | ret=SUCCESS |  
2019-09-19 04:01:20,789 | INFO  | SCMAudit | user=jenkins1000 | ip=192.168.34.50 | op=SEND_HEARTBEAT {datanodeUUID=3e5711c1-8fa4-42b5-a674-46644d3368a7, command=[]} | ret=SUCCESS |  
2019-09-19 04:01:20,803 | INFO  | DNAudit | user=null | ip=null | op=WRITE_CHUNK {blockData=conID: 2 locID: 102817181233119248 bcsId: 0} | ret=SUCCESS |  
2019-09-19 04:01:20,808 [grpc-default-executor-3] INFO  client.GrpcClientProtocolClient (GrpcClientProtocolClient.java:onNext(255)) - client-24BDEBAA939F->9845fec9-8f77-40ec-bd33-538f1e6b668f: receive RaftClientReply:client-24BDEBAA939F->9845fec9-8f77-40ec-bd33-538f1e6b668f@group-2B25F1690FA2, cid=190, SUCCESS, logIndex=1, commits[9845fec9-8f77-40ec-bd33-538f1e6b668f:c1, 948582b7-4442-4302-80ff-48806e2acd06:c0, 3e5711c1-8fa4-42b5-a674-46644d3368a7:c0]
2019-09-19 04:01:20,811 | INFO  | DNAudit | user=null | ip=null | op=WRITE_CHUNK {blockData=conID: 2 locID: 102817181233119248 bcsId: 0} | ret=SUCCESS |  
2019-09-19 04:01:20,811 | INFO  | DNAudit | user=null | ip=null | op=WRITE_CHUNK {blockData=conID: 2 locID: 102817181233119248 bcsId: 0} | ret=SUCCESS |  
2019-09-19 04:01:20,811 | INFO  | DNAudit | user=null | ip=null | op=WRITE_CHUNK {blockData=conID: 2 locID: 102817181233119248 bcsId: 0} | ret=SUCCESS |  
2019-09-19 04:01:20,815 | INFO  | DNAudit | user=null | ip=null | op=WRITE_CHUNK {blockData=conID: 2 locID: 102817181233119248 bcsId: 0} | ret=SUCCESS |  
2019-09-19 04:01:20,815 | INFO  | DNAudit | user=null | ip=null | op=WRITE_CHUNK {blockData=conID: 2 locID: 102817181233119248 bcsId: 0} | ret=SUCCESS |  
2019-09-19 04:01:20,815 | INFO  | DNAudit | user=null | ip=null | op=WRITE_CHUNK {blockData=conID: 2 locID: 102817181233119248 bcsId: 0} | ret=SUCCESS |  
2019-09-19 04:01:20,816 | INFO  | DNAudit | user=null | ip=null | op=WRITE_CHUNK {blockData=conID: 2 locID: 102817181233119248 bcsId: 0} | ret=SUCCESS |  
2019-09-19 04:01:20,817 | INFO  | DNAudit | user=null | ip=null | op=WRITE_CHUNK {blockData=conID: 2 locID: 102817181233119248 bcsId: 0} | ret=SUCCESS |  
2019-09-19 04:01:20,817 | INFO  | DNAudit | user=null | ip=null | op=WRITE_CHUNK {blockData=conID: 2 locID: 102817181233119248 bcsId: 0} | ret=SUCCESS |  
2019-09-19 04:01:20,817 | INFO  | DNAudit | user=null | ip=null | op=WRITE_CHUNK {blockData=conID: 2 locID: 102817181233119248 bcsId: 0} | ret=SUCCESS |  
2019-09-19 04:01:20,817 | INFO  | DNAudit | user=null | ip=null | op=WRITE_CHUNK {blockData=conID: 2 locID: 102817181233119248 bcsId: 0} | ret=SUCCESS |  
2019-09-19 04:01:20,843 | INFO  | DNAudit | user=null | ip=null | op=WRITE_CHUNK {blockData=conID: 2 locID: 102817181233119248 bcsId: 0} | ret=SUCCESS |  
2019-09-19 04:01:20,850 | INFO  | DNAudit | user=null | ip=null | op=WRITE_CHUNK {blockData=conID: 2 locID: 102817181233119248 bcsId: 0} | ret=SUCCESS |  
2019-09-19 04:01:20,850 | INFO  | DNAudit | user=null | ip=null | op=WRITE_CHUNK {blockData=conID: 2 locID: 102817181233119248 bcsId: 0} | ret=SUCCESS |  
2019-09-19 04:01:20,850 [grpc-default-executor-3] INFO  client.GrpcClientProtocolClient (GrpcClientProtocolClient.java:onNext(255)) - client-24BDEBAA939F->9845fec9-8f77-40ec-bd33-538f1e6b668f: receive RaftClientReply:client-24BDEBAA939F->9845fec9-8f77-40ec-bd33-538f1e6b668f@group-2B25F1690FA2, cid=191, SUCCESS, logIndex=3, commits[9845fec9-8f77-40ec-bd33-538f1e6b668f:c6, 948582b7-4442-4302-80ff-48806e2acd06:c2, 3e5711c1-8fa4-42b5-a674-46644d3368a7:c2]
2019-09-19 04:01:20,911 | INFO  | DNAudit | user=null | ip=null | op=PUT_BLOCK {blockData=[blockId=conID: 2 locID: 102817181233119248 bcsId: 0,size=200]} | ret=SUCCESS |  
2019-09-19 04:01:20,912 | INFO  | DNAudit | user=null | ip=null | op=WRITE_CHUNK {blockData=conID: 2 locID: 102817181233119248 bcsId: 0} | ret=SUCCESS |  
2019-09-19 04:01:20,913 [grpc-default-executor-3] INFO  client.GrpcClientProtocolClient (GrpcClientProtocolClient.java:onNext(255)) - client-24BDEBAA939F->9845fec9-8f77-40ec-bd33-538f1e6b668f: receive RaftClientReply:client-24BDEBAA939F->9845fec9-8f77-40ec-bd33-538f1e6b668f@group-2B25F1690FA2, cid=192, SUCCESS, logIndex=4, commits[9845fec9-8f77-40ec-bd33-538f1e6b668f:c12, 948582b7-4442-4302-80ff-48806e2acd06:c7, 3e5711c1-8fa4-42b5-a674-46644d3368a7:c7]
2019-09-19 04:01:20,913 | INFO  | DNAudit | user=null | ip=null | op=WRITE_CHUNK {blockData=conID: 2 locID: 102817181233119248 bcsId: 0} | ret=SUCCESS |  
2019-09-19 04:01:20,914 [grpc-default-executor-3] INFO  client.GrpcClientProtocolClient (GrpcClientProtocolClient.java:onNext(255)) - client-24BDEBAA939F->9845fec9-8f77-40ec-bd33-538f1e6b668f: receive RaftClientReply:client-24BDEBAA939F->9845fec9-8f77-40ec-bd33-538f1e6b668f@group-2B25F1690FA2, cid=193, SUCCESS, logIndex=5, commits[9845fec9-8f77-40ec-bd33-538f1e6b668f:c12, 948582b7-4442-4302-80ff-48806e2acd06:c7, 3e5711c1-8fa4-42b5-a674-46644d3368a7:c7]
2019-09-19 04:01:20,915 [grpc-default-executor-3] INFO  client.GrpcClientProtocolClient (GrpcClientProtocolClient.java:onNext(255)) - client-24BDEBAA939F->9845fec9-8f77-40ec-bd33-538f1e6b668f: receive RaftClientReply:client-24BDEBAA939F->9845fec9-8f77-40ec-bd33-538f1e6b668f@group-2B25F1690FA2, cid=194, SUCCESS, logIndex=6, commits[9845fec9-8f77-40ec-bd33-538f1e6b668f:c12, 948582b7-4442-4302-80ff-48806e2acd06:c7, 3e5711c1-8fa4-42b5-a674-46644d3368a7:c7]
2019-09-19 04:01:20,946 | INFO  | DNAudit | user=null | ip=null | op=PUT_BLOCK {blockData=[blockId=conID: 2 locID: 102817181233119248 bcsId: 0,size=200]} | ret=SUCCESS |  
2019-09-19 04:01:20,947 | INFO  | DNAudit | user=null | ip=null | op=WRITE_CHUNK {blockData=conID: 2 locID: 102817181233119248 bcsId: 0} | ret=SUCCESS |  
2019-09-19 04:01:20,947 | INFO  | DNAudit | user=null | ip=null | op=WRITE_CHUNK {blockData=conID: 2 locID: 102817181233119248 bcsId: 0} | ret=SUCCESS |  
2019-09-19 04:01:20,999 | INFO  | DNAudit | user=null | ip=null | op=PUT_BLOCK {blockData=[blockId=conID: 2 locID: 102817181233119248 bcsId: 0,size=400]} | ret=SUCCESS |  
2019-09-19 04:01:20,999 | INFO  | DNAudit | user=null | ip=null | op=PUT_BLOCK {blockData=[blockId=conID: 2 locID: 102817181233119248 bcsId: 0,size=400]} | ret=SUCCESS |  
2019-09-19 04:01:21,000 [grpc-default-executor-3] INFO  client.GrpcClientProtocolClient (GrpcClientProtocolClient.java:onNext(255)) - client-24BDEBAA939F->9845fec9-8f77-40ec-bd33-538f1e6b668f: receive RaftClientReply:client-24BDEBAA939F->9845fec9-8f77-40ec-bd33-538f1e6b668f@group-2B25F1690FA2, cid=195, SUCCESS, logIndex=7, commits[9845fec9-8f77-40ec-bd33-538f1e6b668f:c12, 948582b7-4442-4302-80ff-48806e2acd06:c7, 3e5711c1-8fa4-42b5-a674-46644d3368a7:c7]
2019-09-19 04:01:21,004 | INFO  | DNAudit | user=null | ip=null | op=WRITE_CHUNK {blockData=conID: 2 locID: 102817181233119248 bcsId: 7} | ret=SUCCESS |  
2019-09-19 04:01:21,006 | INFO  | DNAudit | user=null | ip=null | op=WRITE_CHUNK {blockData=conID: 2 locID: 102817181233119248 bcsId: 7} | ret=SUCCESS |  
2019-09-19 04:01:21,006 | INFO  | DNAudit | user=null | ip=null | op=WRITE_CHUNK {blockData=conID: 2 locID: 102817181233119248 bcsId: 7} | ret=SUCCESS |  
2019-09-19 04:01:21,012 | INFO  | DNAudit | user=null | ip=null | op=PUT_BLOCK {blockData=[blockId=conID: 2 locID: 102817181233119248 bcsId: 0,size=200]} | ret=SUCCESS |  
2019-09-19 04:01:21,012 | INFO  | DNAudit | user=null | ip=null | op=WRITE_CHUNK {blockData=conID: 2 locID: 102817181233119248 bcsId: 0} | ret=SUCCESS |  
2019-09-19 04:01:21,013 | INFO  | DNAudit | user=null | ip=null | op=WRITE_CHUNK {blockData=conID: 2 locID: 102817181233119248 bcsId: 0} | ret=SUCCESS |  
2019-09-19 04:01:21,013 | INFO  | DNAudit | user=null | ip=null | op=PUT_BLOCK {blockData=[blockId=conID: 2 locID: 102817181233119248 bcsId: 0,size=400]} | ret=SUCCESS |  
2019-09-19 04:01:21,017 | INFO  | DNAudit | user=null | ip=null | op=WRITE_CHUNK {blockData=conID: 2 locID: 102817181233119248 bcsId: 7} | ret=SUCCESS |  
2019-09-19 04:01:21,017 | INFO  | DNAudit | user=null | ip=null | op=PUT_BLOCK {blockData=[blockId=conID: 2 locID: 102817181233119248 bcsId: 0,size=450]} | ret=SUCCESS |  
2019-09-19 04:01:21,018 [grpc-default-executor-6] INFO  client.GrpcClientProtocolClient (GrpcClientProtocolClient.java:onNext(255)) - client-24BDEBAA939F->9845fec9-8f77-40ec-bd33-538f1e6b668f: receive RaftClientReply:client-24BDEBAA939F->9845fec9-8f77-40ec-bd33-538f1e6b668f@group-2B25F1690FA2, cid=196, SUCCESS, logIndex=13, commits[9845fec9-8f77-40ec-bd33-538f1e6b668f:c14, 948582b7-4442-4302-80ff-48806e2acd06:c12, 3e5711c1-8fa4-42b5-a674-46644d3368a7:c12]
2019-09-19 04:01:21,019 [grpc-default-executor-6] INFO  client.GrpcClientProtocolClient (GrpcClientProtocolClient.java:onNext(255)) - client-24BDEBAA939F->9845fec9-8f77-40ec-bd33-538f1e6b668f: receive RaftClientReply:client-24BDEBAA939F->9845fec9-8f77-40ec-bd33-538f1e6b668f@group-2B25F1690FA2, cid=197, SUCCESS, logIndex=14, commits[9845fec9-8f77-40ec-bd33-538f1e6b668f:c14, 948582b7-4442-4302-80ff-48806e2acd06:c12, 3e5711c1-8fa4-42b5-a674-46644d3368a7:c12]
2019-09-19 04:01:21,026 | INFO  | DNAudit | user=null | ip=null | op=WRITE_CHUNK {blockData=conID: 2 locID: 102817181233119248 bcsId: 7} | ret=SUCCESS |  
2019-09-19 04:01:21,026 | INFO  | DNAudit | user=null | ip=null | op=WRITE_CHUNK {blockData=conID: 2 locID: 102817181233119248 bcsId: 7} | ret=SUCCESS |  
2019-09-19 04:01:21,027 | INFO  | DNAudit | user=null | ip=null | op=PUT_BLOCK {blockData=[blockId=conID: 2 locID: 102817181233119248 bcsId: 0,size=450]} | ret=SUCCESS |  
2019-09-19 04:01:21,028 | INFO  | DNAudit | user=null | ip=null | op=PUT_BLOCK {blockData=[blockId=conID: 2 locID: 102817181233119248 bcsId: 0,size=450]} | ret=SUCCESS |  
2019-09-19 04:01:21,033 [grpc-default-executor-6] INFO  client.GrpcClientProtocolClient (GrpcClientProtocolClient.java:onNext(255)) - client-24BDEBAA939F->9845fec9-8f77-40ec-bd33-538f1e6b668f: receive RaftClientReply:client-24BDEBAA939F->9845fec9-8f77-40ec-bd33-538f1e6b668f@group-2B25F1690FA2, cid=198, SUCCESS, logIndex=0, commits[9845fec9-8f77-40ec-bd33-538f1e6b668f:c16, 948582b7-4442-4302-80ff-48806e2acd06:c14, 3e5711c1-8fa4-42b5-a674-46644d3368a7:c14]
2019-09-19 04:01:21,034 [main] INFO  ozone.MiniOzoneClusterImpl (MiniOzoneClusterImpl.java:shutdown(327)) - Shutting down the Mini Ozone Cluster
2019-09-19 04:01:21,034 | INFO  | SCMAudit | user=null | ip=null | op=GET_SCM_INFO null | ret=SUCCESS |  
2019-09-19 04:01:21,035 [main] INFO  ozone.MiniOzoneClusterImpl (MiniOzoneClusterImpl.java:stop(342)) - Stopping the Mini Ozone Cluster
2019-09-19 04:01:21,035 [main] INFO  ozone.MiniOzoneClusterImpl (MiniOzoneClusterImpl.java:stop(344)) - Stopping the OzoneManager
2019-09-19 04:01:21,035 [main] INFO  ipc.Server (Server.java:stop(3082)) - Stopping server on 42958
2019-09-19 04:01:21,047 [IPC Server listener on 42958] INFO  ipc.Server (Server.java:run(1185)) - Stopping IPC Server listener on 42958
2019-09-19 04:01:21,049 [main] INFO  ratis.OzoneManagerDoubleBuffer (OzoneManagerDoubleBuffer.java:stop(248)) - Stopping OMDoubleBuffer flush thread
2019-09-19 04:01:21,049 [IPC Server Responder] INFO  ipc.Server (Server.java:run(1319)) - Stopping IPC Server Responder
2019-09-19 04:01:21,068 [OMDoubleBufferFlushThread] INFO  ratis.OzoneManagerDoubleBuffer (OzoneManagerDoubleBuffer.java:flushTransactions(191)) - OMDoubleBuffer flush thread OMDoubleBufferFlushThread is interrupted and will exit. OMDoubleBufferFlushThread
2019-09-19 04:01:21,069 [main] INFO  utils.BackgroundService (BackgroundService.java:shutdown(148)) - Shutting down service KeyDeletingService
2019-09-19 04:01:21,071 [main] INFO  handler.ContextHandler (ContextHandler.java:doStop(910)) - Stopped o.e.j.w.WebAppContext@4dd28982{/,null,UNAVAILABLE}{/ozoneManager}
2019-09-19 04:01:21,072 [main] INFO  server.AbstractConnector (AbstractConnector.java:doStop(318)) - Stopped ServerConnector@1e8c741c{HTTP/1.1,[http/1.1]}{0.0.0.0:0}
2019-09-19 04:01:21,072 [main] INFO  handler.ContextHandler (ContextHandler.java:doStop(910)) - Stopped o.e.j.s.ServletContextHandler@354baab2{/static,file:///workdir/hadoop-ozone/integration-test/target/test-classes/webapps/static,UNAVAILABLE}
2019-09-19 04:01:21,072 [main] INFO  handler.ContextHandler (ContextHandler.java:doStop(910)) - Stopped o.e.j.s.ServletContextHandler@46f3d0f7{/logs,file:///workdir/hadoop-ozone/integration-test/target/log,UNAVAILABLE}
2019-09-19 04:01:21,077 [main] INFO  ozone.MiniOzoneClusterImpl (MiniOzoneClusterImpl.java:stop(350)) - Shutting the HddsDatanodes
2019-09-19 04:01:21,077 [main] INFO  datanode.ObjectStoreHandler (ObjectStoreHandler.java:close(155)) - Closing ObjectStoreHandler.
2019-09-19 04:01:21,077 [ForkJoinPool.commonPool-worker-0] INFO  datanode.ObjectStoreHandler (ObjectStoreHandler.java:close(155)) - Closing ObjectStoreHandler.
2019-09-19 04:01:21,078 [main] INFO  ozone.HddsDatanodeService (HddsDatanodeService.java:stop(451)) - Stopped plug-in org.apache.hadoop.ozone.web.OzoneHddsDatanodeService@4ab1ff80
2019-09-19 04:01:21,078 [ForkJoinPool.commonPool-worker-0] INFO  ozone.HddsDatanodeService (HddsDatanodeService.java:stop(451)) - Stopped plug-in org.apache.hadoop.ozone.web.OzoneHddsDatanodeService@2582e213
2019-09-19 04:01:21,084 [Datanode State Machine Thread - 0] INFO  statemachine.DatanodeStateMachine (DatanodeStateMachine.java:lambda$startDaemon$0(356)) - Ozone container server started.
2019-09-19 04:01:21,108 | INFO  | SCMAudit | user=jenkins1000 | ip=192.168.34.50 | op=SEND_HEARTBEAT {datanodeUUID=87042b6f-033e-4b4e-b209-b9cca192af80, command=[]} | ret=SUCCESS |  
2019-09-19 04:01:21,390 | INFO  | SCMAudit | user=jenkins1000 | ip=192.168.34.50 | op=SEND_HEARTBEAT {datanodeUUID=164f4f1a-4ae3-4926-8bd0-17aa2d0a97c2, command=[]} | ret=SUCCESS |  
2019-09-19 04:01:21,789 [Datanode State Machine Thread - 0] INFO  statemachine.DatanodeStateMachine (DatanodeStateMachine.java:lambda$startDaemon$0(356)) - Ozone container server started.
2019-09-19 04:01:21,790 | INFO  | SCMAudit | user=jenkins1000 | ip=192.168.34.50 | op=SEND_HEARTBEAT {datanodeUUID=9845fec9-8f77-40ec-bd33-538f1e6b668f, command=[]} | ret=SUCCESS |  
2019-09-19 04:01:21,790 | INFO  | SCMAudit | user=jenkins1000 | ip=192.168.34.50 | op=SEND_HEARTBEAT {datanodeUUID=948582b7-4442-4302-80ff-48806e2acd06, command=[]} | ret=SUCCESS |  
2019-09-19 04:01:22,030 [grpc-default-executor-8] WARN  server.GrpcLogAppender (LogUtils.java:warn(134)) - 87042b6f-033e-4b4e-b209-b9cca192af80->d25e7fda-9a8e-4bab-8cc8-b0b4dcdb8785: Failed appendEntries: org.apache.ratis.thirdparty.io.grpc.StatusRuntimeException: UNAVAILABLE: io exception
2019-09-19 04:01:22,031 [grpc-default-executor-8] INFO  impl.FollowerInfo (FollowerInfo.java:lambda$new$0(50)) - 87042b6f-033e-4b4e-b209-b9cca192af80->d25e7fda-9a8e-4bab-8cc8-b0b4dcdb8785: nextIndex: updateUnconditionally 1 -> 0
2019-09-19 04:01:22,103 | INFO  | SCMAudit | user=jenkins1000 | ip=192.168.34.50 | op=SEND_HEARTBEAT {datanodeUUID=87042b6f-033e-4b4e-b209-b9cca192af80, command=[]} | ret=SUCCESS |  
2019-09-19 04:01:22,391 | INFO  | SCMAudit | user=jenkins1000 | ip=192.168.34.50 | op=SEND_HEARTBEAT {datanodeUUID=164f4f1a-4ae3-4926-8bd0-17aa2d0a97c2, command=[]} | ret=SUCCESS |  
2019-09-19 04:01:22,789 | INFO  | SCMAudit | user=jenkins1000 | ip=192.168.34.50 | op=SEND_HEARTBEAT {datanodeUUID=9845fec9-8f77-40ec-bd33-538f1e6b668f, command=[]} | ret=SUCCESS |  
2019-09-19 04:01:22,790 | INFO  | SCMAudit | user=jenkins1000 | ip=192.168.34.50 | op=SEND_HEARTBEAT {datanodeUUID=948582b7-4442-4302-80ff-48806e2acd06, command=[]} | ret=SUCCESS |  
2019-09-19 04:01:23,104 | INFO  | SCMAudit | user=jenkins1000 | ip=192.168.34.50 | op=SEND_HEARTBEAT {datanodeUUID=87042b6f-033e-4b4e-b209-b9cca192af80, command=[]} | ret=SUCCESS |  
2019-09-19 04:01:23,390 | INFO  | SCMAudit | user=jenkins1000 | ip=192.168.34.50 | op=SEND_HEARTBEAT {datanodeUUID=164f4f1a-4ae3-4926-8bd0-17aa2d0a97c2, command=[]} | ret=SUCCESS |  
2019-09-19 04:01:23,789 | INFO  | SCMAudit | user=jenkins1000 | ip=192.168.34.50 | op=SEND_HEARTBEAT {datanodeUUID=9845fec9-8f77-40ec-bd33-538f1e6b668f, command=[]} | ret=SUCCESS |  
2019-09-19 04:01:23,790 | INFO  | SCMAudit | user=jenkins1000 | ip=192.168.34.50 | op=SEND_HEARTBEAT {datanodeUUID=948582b7-4442-4302-80ff-48806e2acd06, command=[]} | ret=SUCCESS |  
2019-09-19 04:01:24,104 | INFO  | SCMAudit | user=jenkins1000 | ip=192.168.34.50 | op=SEND_HEARTBEAT {datanodeUUID=87042b6f-033e-4b4e-b209-b9cca192af80, command=[]} | ret=SUCCESS |  
2019-09-19 04:01:24,391 | INFO  | SCMAudit | user=jenkins1000 | ip=192.168.34.50 | op=SEND_HEARTBEAT {datanodeUUID=164f4f1a-4ae3-4926-8bd0-17aa2d0a97c2, command=[]} | ret=SUCCESS |  
2019-09-19 04:01:24,531 [grpc-default-executor-3] WARN  server.GrpcLogAppender (LogUtils.java:warn(134)) - 87042b6f-033e-4b4e-b209-b9cca192af80->d25e7fda-9a8e-4bab-8cc8-b0b4dcdb8785: Failed appendEntries: org.apache.ratis.thirdparty.io.grpc.StatusRuntimeException: UNAVAILABLE: io exception
2019-09-19 04:01:24,532 [grpc-default-executor-3] INFO  impl.FollowerInfo (FollowerInfo.java:lambda$new$0(50)) - 87042b6f-033e-4b4e-b209-b9cca192af80->d25e7fda-9a8e-4bab-8cc8-b0b4dcdb8785: nextIndex: updateUnconditionally 0 -> 0
2019-09-19 04:01:24,790 | INFO  | SCMAudit | user=jenkins1000 | ip=192.168.34.50 | op=SEND_HEARTBEAT {datanodeUUID=9845fec9-8f77-40ec-bd33-538f1e6b668f, command=[]} | ret=SUCCESS |  
2019-09-19 04:01:24,790 | INFO  | SCMAudit | user=jenkins1000 | ip=192.168.34.50 | op=SEND_HEARTBEAT {datanodeUUID=948582b7-4442-4302-80ff-48806e2acd06, command=[]} | ret=SUCCESS |  
2019-09-19 04:01:25,096 [EventQueue-StaleNodeForStaleNodeHandler] INFO  node.StaleNodeHandler (StaleNodeHandler.java:onMessage(58)) - Datanode d3468b2f-addf-437d-a2ce-dcff5006d770{ip: 192.168.34.50, host: pr-hdds-2034-srnhl-2452957315, networkLocation: /default-rack, certSerialId: null} moved to stale state. Finalizing its pipelines [PipelineID=efb1a84a-0f05-464b-88aa-97c6ce44b821, PipelineID=f44540f4-192f-4905-ad79-e78588f04dbb]
2019-09-19 04:01:25,097 [EventQueue-StaleNodeForStaleNodeHandler] INFO  pipeline.SCMPipelineManager (SCMPipelineManager.java:finalizeAndDestroyPipeline(336)) - destroying pipeline:Pipeline[ Id: efb1a84a-0f05-464b-88aa-97c6ce44b821, Nodes: d3468b2f-addf-437d-a2ce-dcff5006d770{ip: 192.168.34.50, host: pr-hdds-2034-srnhl-2452957315, networkLocation: /default-rack, certSerialId: null}, Type:RATIS, Factor:ONE, State:OPEN]
2019-09-19 04:01:25,097 [EventQueue-StaleNodeForStaleNodeHandler] INFO  pipeline.PipelineStateManager (PipelineStateManager.java:finalizePipeline(123)) - Pipeline Pipeline[ Id: efb1a84a-0f05-464b-88aa-97c6ce44b821, Nodes: d3468b2f-addf-437d-a2ce-dcff5006d770{ip: 192.168.34.50, host: pr-hdds-2034-srnhl-2452957315, networkLocation: /default-rack, certSerialId: null}, Type:RATIS, Factor:ONE, State:CLOSED] moved to CLOSED state
2019-09-19 04:01:25,097 [EventQueue-StaleNodeForStaleNodeHandler] INFO  pipeline.SCMPipelineManager (SCMPipelineManager.java:finalizeAndDestroyPipeline(336)) - destroying pipeline:Pipeline[ Id: f44540f4-192f-4905-ad79-e78588f04dbb, Nodes: d25e7fda-9a8e-4bab-8cc8-b0b4dcdb8785{ip: 192.168.34.50, host: pr-hdds-2034-srnhl-2452957315, networkLocation: /default-rack, certSerialId: null}d3468b2f-addf-437d-a2ce-dcff5006d770{ip: 192.168.34.50, host: pr-hdds-2034-srnhl-2452957315, networkLocation: /default-rack, certSerialId: null}87042b6f-033e-4b4e-b209-b9cca192af80{ip: 192.168.34.50, host: pr-hdds-2034-srnhl-2452957315, networkLocation: /default-rack, certSerialId: null}, Type:RATIS, Factor:THREE, State:CLOSED]
2019-09-19 04:01:25,104 | INFO  | SCMAudit | user=jenkins1000 | ip=192.168.34.50 | op=SEND_HEARTBEAT {datanodeUUID=87042b6f-033e-4b4e-b209-b9cca192af80, command=[]} | ret=SUCCESS |  
2019-09-19 04:01:25,390 | INFO  | SCMAudit | user=jenkins1000 | ip=192.168.34.50 | op=SEND_HEARTBEAT {datanodeUUID=164f4f1a-4ae3-4926-8bd0-17aa2d0a97c2, command=[]} | ret=SUCCESS |  
2019-09-19 04:01:25,789 | INFO  | SCMAudit | user=jenkins1000 | ip=192.168.34.50 | op=SEND_HEARTBEAT {datanodeUUID=9845fec9-8f77-40ec-bd33-538f1e6b668f, command=[]} | ret=SUCCESS |  
2019-09-19 04:01:25,790 | INFO  | SCMAudit | user=jenkins1000 | ip=192.168.34.50 | op=SEND_HEARTBEAT {datanodeUUID=948582b7-4442-4302-80ff-48806e2acd06, command=[]} | ret=SUCCESS |  
2019-09-19 04:01:25,797 [EventQueue-StaleNodeForStaleNodeHandler] INFO  node.StaleNodeHandler (StaleNodeHandler.java:onMessage(58)) - Datanode 3e5711c1-8fa4-42b5-a674-46644d3368a7{ip: 192.168.34.50, host: pr-hdds-2034-srnhl-2452957315, networkLocation: /default-rack, certSerialId: null} moved to stale state. Finalizing its pipelines [PipelineID=fcc36b2c-eb97-46e2-8b3a-4f929088e8b4, PipelineID=0e965e4f-9d18-40ec-afec-2b25f1690fa2]
2019-09-19 04:01:25,798 [EventQueue-StaleNodeForStaleNodeHandler] INFO  pipeline.SCMPipelineManager (SCMPipelineManager.java:finalizeAndDestroyPipeline(336)) - destroying pipeline:Pipeline[ Id: fcc36b2c-eb97-46e2-8b3a-4f929088e8b4, Nodes: 3e5711c1-8fa4-42b5-a674-46644d3368a7{ip: 192.168.34.50, host: pr-hdds-2034-srnhl-2452957315, networkLocation: /default-rack, certSerialId: null}, Type:RATIS, Factor:ONE, State:OPEN]
2019-09-19 04:01:25,798 [EventQueue-StaleNodeForStaleNodeHandler] INFO  pipeline.PipelineStateManager (PipelineStateManager.java:finalizePipeline(123)) - Pipeline Pipeline[ Id: fcc36b2c-eb97-46e2-8b3a-4f929088e8b4, Nodes: 3e5711c1-8fa4-42b5-a674-46644d3368a7{ip: 192.168.34.50, host: pr-hdds-2034-srnhl-2452957315, networkLocation: /default-rack, certSerialId: null}, Type:RATIS, Factor:ONE, State:CLOSED] moved to CLOSED state
2019-09-19 04:01:25,798 [EventQueue-StaleNodeForStaleNodeHandler] INFO  pipeline.SCMPipelineManager (SCMPipelineManager.java:finalizeAndDestroyPipeline(336)) - destroying pipeline:Pipeline[ Id: 0e965e4f-9d18-40ec-afec-2b25f1690fa2, Nodes: 948582b7-4442-4302-80ff-48806e2acd06{ip: 192.168.34.50, host: pr-hdds-2034-srnhl-2452957315, networkLocation: /default-rack, certSerialId: null}3e5711c1-8fa4-42b5-a674-46644d3368a7{ip: 192.168.34.50, host: pr-hdds-2034-srnhl-2452957315, networkLocation: /default-rack, certSerialId: null}9845fec9-8f77-40ec-bd33-538f1e6b668f{ip: 192.168.34.50, host: pr-hdds-2034-srnhl-2452957315, networkLocation: /default-rack, certSerialId: null}, Type:RATIS, Factor:THREE, State:OPEN]
2019-09-19 04:01:25,798 [EventQueue-StaleNodeForStaleNodeHandler] INFO  pipeline.PipelineStateManager (PipelineStateManager.java:finalizePipeline(123)) - Pipeline Pipeline[ Id: 0e965e4f-9d18-40ec-afec-2b25f1690fa2, Nodes: 948582b7-4442-4302-80ff-48806e2acd06{ip: 192.168.34.50, host: pr-hdds-2034-srnhl-2452957315, networkLocation: /default-rack, certSerialId: null}3e5711c1-8fa4-42b5-a674-46644d3368a7{ip: 192.168.34.50, host: pr-hdds-2034-srnhl-2452957315, networkLocation: /default-rack, certSerialId: null}9845fec9-8f77-40ec-bd33-538f1e6b668f{ip: 192.168.34.50, host: pr-hdds-2034-srnhl-2452957315, networkLocation: /default-rack, certSerialId: null}, Type:RATIS, Factor:THREE, State:CLOSED] moved to CLOSED state
2019-09-19 04:01:25,799 [EventQueue-CloseContainerForCloseContainerEventHandler] INFO  container.CloseContainerEventHandler (CloseContainerEventHandler.java:onMessage(61)) - Close container Event triggered for container : #2
2019-09-19 04:01:26,078 [main] INFO  ozoneimpl.OzoneContainer (OzoneContainer.java:stop(199)) - Attempting to stop container services.
2019-09-19 04:01:26,079 [ForkJoinPool.commonPool-worker-0] INFO  ozoneimpl.OzoneContainer (OzoneContainer.java:stop(199)) - Attempting to stop container services.
2019-09-19 04:01:26,079 [main] INFO  impl.RaftServerProxy (RaftServerProxy.java:lambda$close$4(314)) - 3e5711c1-8fa4-42b5-a674-46644d3368a7: close
2019-09-19 04:01:26,079 [ForkJoinPool.commonPool-worker-0] INFO  impl.RaftServerProxy (RaftServerProxy.java:lambda$close$4(314)) - d3468b2f-addf-437d-a2ce-dcff5006d770: close
2019-09-19 04:01:26,080 [main] INFO  impl.RaftServerImpl (RaftServerImpl.java:lambda$shutdown$3(245)) - 3e5711c1-8fa4-42b5-a674-46644d3368a7: shutdown group-4F929088E8B4
2019-09-19 04:01:26,080 [ForkJoinPool.commonPool-worker-0] INFO  impl.RaftServerImpl (RaftServerImpl.java:lambda$shutdown$3(245)) - d3468b2f-addf-437d-a2ce-dcff5006d770: shutdown group-97C6CE44B821
2019-09-19 04:01:26,080 [main] INFO  util.JmxRegister (JmxRegister.java:unregister(73)) - Successfully un-registered JMX Bean with object name Ratis:service=RaftServer,group=group-4F929088E8B4,id=3e5711c1-8fa4-42b5-a674-46644d3368a7
2019-09-19 04:01:26,081 [main] INFO  impl.RoleInfo (RoleInfo.java:shutdownLeaderState(104)) - 3e5711c1-8fa4-42b5-a674-46644d3368a7: shutdown LeaderState
2019-09-19 04:01:26,081 [ForkJoinPool.commonPool-worker-0] INFO  util.JmxRegister (JmxRegister.java:unregister(73)) - Successfully un-registered JMX Bean with object name Ratis:service=RaftServer,group=group-97C6CE44B821,id=d3468b2f-addf-437d-a2ce-dcff5006d770
2019-09-19 04:01:26,082 [main] INFO  impl.PendingRequests (PendingRequests.java:sendNotLeaderResponses(202)) - 3e5711c1-8fa4-42b5-a674-46644d3368a7-PendingRequests: sendNotLeaderResponses
2019-09-19 04:01:26,082 [ForkJoinPool.commonPool-worker-0] INFO  impl.RoleInfo (RoleInfo.java:shutdownLeaderState(104)) - d3468b2f-addf-437d-a2ce-dcff5006d770: shutdown LeaderState
2019-09-19 04:01:26,082 [main] INFO  impl.StateMachineUpdater (StateMachineUpdater.java:stopAndJoin(115)) - StateMachineUpdater:3e5711c1-8fa4-42b5-a674-46644d3368a7:group-4F929088E8B4: set stopIndex = 0
2019-09-19 04:01:26,083 [main] INFO  impl.RaftServerImpl (ServerState.java:close(394)) - 3e5711c1-8fa4-42b5-a674-46644d3368a7:group-4F929088E8B4 closes. The last applied log index is 0
2019-09-19 04:01:26,083 [ForkJoinPool.commonPool-worker-0] INFO  impl.PendingRequests (PendingRequests.java:sendNotLeaderResponses(202)) - d3468b2f-addf-437d-a2ce-dcff5006d770-PendingRequests: sendNotLeaderResponses
2019-09-19 04:01:26,084 [3e5711c1-8fa4-42b5-a674-46644d3368a7-SegmentedRaftLogWorker:Storage Directory /workdir/hadoop-ozone/integration-test/target/test-dir/MiniOzoneClusterImpl-048a2d1c-ec68-42a5-b9aa-3373df324185/datanode-4/data/ratis/fcc36b2c-eb97-46e2-8b3a-4f929088e8b4] INFO  segmented.SegmentedRaftLogWorker (SegmentedRaftLogWorker.java:run(313)) - 3e5711c1-8fa4-42b5-a674-46644d3368a7-SegmentedRaftLogWorker:Storage Directory /workdir/hadoop-ozone/integration-test/target/test-dir/MiniOzoneClusterImpl-048a2d1c-ec68-42a5-b9aa-3373df324185/datanode-4/data/ratis/fcc36b2c-eb97-46e2-8b3a-4f929088e8b4 was interrupted, exiting. There are 0 tasks remaining in the queue.
2019-09-19 04:01:26,084 [ForkJoinPool.commonPool-worker-0] INFO  impl.StateMachineUpdater (StateMachineUpdater.java:stopAndJoin(115)) - StateMachineUpdater:d3468b2f-addf-437d-a2ce-dcff5006d770:group-97C6CE44B821: set stopIndex = 0
2019-09-19 04:01:26,088 [ForkJoinPool.commonPool-worker-0] INFO  impl.RaftServerImpl (ServerState.java:close(394)) - d3468b2f-addf-437d-a2ce-dcff5006d770:group-97C6CE44B821 closes. The last applied log index is 0
2019-09-19 04:01:26,088 [main] INFO  segmented.SegmentedRaftLogWorker (SegmentedRaftLogWorker.java:close(228)) - 3e5711c1-8fa4-42b5-a674-46644d3368a7-SegmentedRaftLogWorker:Storage Directory /workdir/hadoop-ozone/integration-test/target/test-dir/MiniOzoneClusterImpl-048a2d1c-ec68-42a5-b9aa-3373df324185/datanode-4/data/ratis/fcc36b2c-eb97-46e2-8b3a-4f929088e8b4 close()
2019-09-19 04:01:26,088 [d3468b2f-addf-437d-a2ce-dcff5006d770-SegmentedRaftLogWorker:Storage Directory /workdir/hadoop-ozone/integration-test/target/test-dir/MiniOzoneClusterImpl-048a2d1c-ec68-42a5-b9aa-3373df324185/datanode-1/data/ratis/efb1a84a-0f05-464b-88aa-97c6ce44b821] INFO  segmented.SegmentedRaftLogWorker (SegmentedRaftLogWorker.java:run(313)) - d3468b2f-addf-437d-a2ce-dcff5006d770-SegmentedRaftLogWorker:Storage Directory /workdir/hadoop-ozone/integration-test/target/test-dir/MiniOzoneClusterImpl-048a2d1c-ec68-42a5-b9aa-3373df324185/datanode-1/data/ratis/efb1a84a-0f05-464b-88aa-97c6ce44b821 was interrupted, exiting. There are 0 tasks remaining in the queue.
2019-09-19 04:01:26,092 [main] INFO  impl.RaftServerImpl (RaftServerImpl.java:lambda$shutdown$3(245)) - 3e5711c1-8fa4-42b5-a674-46644d3368a7: shutdown group-2B25F1690FA2
2019-09-19 04:01:26,095 [main] INFO  util.JmxRegister (JmxRegister.java:unregister(73)) - Successfully un-registered JMX Bean with object name Ratis:service=RaftServer,group=group-2B25F1690FA2,id=3e5711c1-8fa4-42b5-a674-46644d3368a7
2019-09-19 04:01:26,095 [main] INFO  impl.RoleInfo (RoleInfo.java:shutdownFollowerState(121)) - 3e5711c1-8fa4-42b5-a674-46644d3368a7: shutdown FollowerState
2019-09-19 04:01:26,095 [main] INFO  impl.StateMachineUpdater (StateMachineUpdater.java:stopAndJoin(115)) - StateMachineUpdater:3e5711c1-8fa4-42b5-a674-46644d3368a7:group-2B25F1690FA2: set stopIndex = 16
2019-09-19 04:01:26,096 [StateMachineUpdater:3e5711c1-8fa4-42b5-a674-46644d3368a7:group-2B25F1690FA2] INFO  ratis.ContainerStateMachine (ContainerStateMachine.java:takeSnapshot(283)) - group-2B25F1690FA2: Taking a snapshot at:(t:1, i:14) file /workdir/hadoop-ozone/integration-test/target/test-dir/MiniOzoneClusterImpl-048a2d1c-ec68-42a5-b9aa-3373df324185/datanode-4/data/ratis/0e965e4f-9d18-40ec-afec-2b25f1690fa2/sm/snapshot.1_14
2019-09-19 04:01:26,096 [Thread-3419] INFO  impl.FollowerState (FollowerState.java:run(114)) - 3e5711c1-8fa4-42b5-a674-46644d3368a7: FollowerState was interrupted: java.lang.InterruptedException: sleep interrupted
2019-09-19 04:01:26,108 [ForkJoinPool.commonPool-worker-0] INFO  segmented.SegmentedRaftLogWorker (SegmentedRaftLogWorker.java:close(228)) - d3468b2f-addf-437d-a2ce-dcff5006d770-SegmentedRaftLogWorker:Storage Directory /workdir/hadoop-ozone/integration-test/target/test-dir/MiniOzoneClusterImpl-048a2d1c-ec68-42a5-b9aa-3373df324185/datanode-1/data/ratis/efb1a84a-0f05-464b-88aa-97c6ce44b821 close()
2019-09-19 04:01:26,112 | INFO  | SCMAudit | user=jenkins1000 | ip=192.168.34.50 | op=SEND_HEARTBEAT {datanodeUUID=87042b6f-033e-4b4e-b209-b9cca192af80, command=[]} | ret=SUCCESS |  
2019-09-19 04:01:26,112 [ForkJoinPool.commonPool-worker-0] INFO  impl.RaftServerImpl (RaftServerImpl.java:lambda$shutdown$3(245)) - d3468b2f-addf-437d-a2ce-dcff5006d770: shutdown group-E78588F04DBB
2019-09-19 04:01:26,112 [ForkJoinPool.commonPool-worker-0] INFO  util.JmxRegister (JmxRegister.java:unregister(73)) - Successfully un-registered JMX Bean with object name Ratis:service=RaftServer,group=group-E78588F04DBB,id=d3468b2f-addf-437d-a2ce-dcff5006d770
2019-09-19 04:01:26,113 [ForkJoinPool.commonPool-worker-0] INFO  impl.RoleInfo (RoleInfo.java:shutdownFollowerState(121)) - d3468b2f-addf-437d-a2ce-dcff5006d770: shutdown FollowerState
2019-09-19 04:01:26,113 [ForkJoinPool.commonPool-worker-0] INFO  impl.StateMachineUpdater (StateMachineUpdater.java:stopAndJoin(115)) - StateMachineUpdater:d3468b2f-addf-437d-a2ce-dcff5006d770:group-E78588F04DBB: set stopIndex = 17
2019-09-19 04:01:26,113 [StateMachineUpdater:d3468b2f-addf-437d-a2ce-dcff5006d770:group-E78588F04DBB] INFO  ratis.ContainerStateMachine (ContainerStateMachine.java:takeSnapshot(283)) - group-E78588F04DBB: Taking a snapshot at:(t:1, i:13) file /workdir/hadoop-ozone/integration-test/target/test-dir/MiniOzoneClusterImpl-048a2d1c-ec68-42a5-b9aa-3373df324185/datanode-1/data/ratis/f44540f4-192f-4905-ad79-e78588f04dbb/sm/snapshot.1_13
2019-09-19 04:01:26,113 [Thread-3587] INFO  impl.FollowerState (FollowerState.java:run(114)) - d3468b2f-addf-437d-a2ce-dcff5006d770: FollowerState was interrupted: java.lang.InterruptedException: sleep interrupted
2019-09-19 04:01:26,122 [StateMachineUpdater:3e5711c1-8fa4-42b5-a674-46644d3368a7:group-2B25F1690FA2] INFO  ratis.ContainerStateMachine (ContainerStateMachine.java:takeSnapshot(294)) - group-2B25F1690FA2: Finished taking a snapshot at:(t:1, i:14) file:/workdir/hadoop-ozone/integration-test/target/test-dir/MiniOzoneClusterImpl-048a2d1c-ec68-42a5-b9aa-3373df324185/datanode-4/data/ratis/0e965e4f-9d18-40ec-afec-2b25f1690fa2/sm/snapshot.1_14 time:26
2019-09-19 04:01:26,122 [StateMachineUpdater:3e5711c1-8fa4-42b5-a674-46644d3368a7:group-2B25F1690FA2] INFO  impl.StateMachineUpdater (StateMachineUpdater.java:takeSnapshot(242)) - StateMachineUpdater:3e5711c1-8fa4-42b5-a674-46644d3368a7:group-2B25F1690FA2: Took a snapshot at index 14
2019-09-19 04:01:26,122 [StateMachineUpdater:d3468b2f-addf-437d-a2ce-dcff5006d770:group-E78588F04DBB] INFO  ratis.ContainerStateMachine (ContainerStateMachine.java:takeSnapshot(294)) - group-E78588F04DBB: Finished taking a snapshot at:(t:1, i:13) file:/workdir/hadoop-ozone/integration-test/target/test-dir/MiniOzoneClusterImpl-048a2d1c-ec68-42a5-b9aa-3373df324185/datanode-1/data/ratis/f44540f4-192f-4905-ad79-e78588f04dbb/sm/snapshot.1_13 time:9
2019-09-19 04:01:26,122 [StateMachineUpdater:d3468b2f-addf-437d-a2ce-dcff5006d770:group-E78588F04DBB] INFO  impl.StateMachineUpdater (StateMachineUpdater.java:takeSnapshot(242)) - StateMachineUpdater:d3468b2f-addf-437d-a2ce-dcff5006d770:group-E78588F04DBB: Took a snapshot at index 13
2019-09-19 04:01:26,122 [StateMachineUpdater:3e5711c1-8fa4-42b5-a674-46644d3368a7:group-2B25F1690FA2] INFO  impl.StateMachineUpdater (StateMachineUpdater.java:lambda$new$0(80)) - StateMachineUpdater:3e5711c1-8fa4-42b5-a674-46644d3368a7:group-2B25F1690FA2: snapshotIndex: updateIncreasingly -1 -> 14
2019-09-19 04:01:26,122 [StateMachineUpdater:d3468b2f-addf-437d-a2ce-dcff5006d770:group-E78588F04DBB] INFO  impl.StateMachineUpdater (StateMachineUpdater.java:lambda$new$0(80)) - StateMachineUpdater:d3468b2f-addf-437d-a2ce-dcff5006d770:group-E78588F04DBB: snapshotIndex: updateIncreasingly -1 -> 13
2019-09-19 04:01:26,123 [main] INFO  impl.RaftServerImpl (ServerState.java:close(394)) - 3e5711c1-8fa4-42b5-a674-46644d3368a7:group-2B25F1690FA2 closes. The last applied log index is 16
2019-09-19 04:01:26,123 [ForkJoinPool.commonPool-worker-0] INFO  impl.RaftServerImpl (ServerState.java:close(394)) - d3468b2f-addf-437d-a2ce-dcff5006d770:group-E78588F04DBB closes. The last applied log index is 17
2019-09-19 04:01:26,123 [3e5711c1-8fa4-42b5-a674-46644d3368a7-SegmentedRaftLogWorker:Storage Directory /workdir/hadoop-ozone/integration-test/target/test-dir/MiniOzoneClusterImpl-048a2d1c-ec68-42a5-b9aa-3373df324185/datanode-4/data/ratis/0e965e4f-9d18-40ec-afec-2b25f1690fa2] INFO  segmented.SegmentedRaftLogWorker (SegmentedRaftLogWorker.java:run(313)) - 3e5711c1-8fa4-42b5-a674-46644d3368a7-SegmentedRaftLogWorker:Storage Directory /workdir/hadoop-ozone/integration-test/target/test-dir/MiniOzoneClusterImpl-048a2d1c-ec68-42a5-b9aa-3373df324185/datanode-4/data/ratis/0e965e4f-9d18-40ec-afec-2b25f1690fa2 was interrupted, exiting. There are 0 tasks remaining in the queue.
2019-09-19 04:01:26,124 [d3468b2f-addf-437d-a2ce-dcff5006d770-SegmentedRaftLogWorker:Storage Directory /workdir/hadoop-ozone/integration-test/target/test-dir/MiniOzoneClusterImpl-048a2d1c-ec68-42a5-b9aa-3373df324185/datanode-1/data/ratis/f44540f4-192f-4905-ad79-e78588f04dbb] INFO  segmented.SegmentedRaftLogWorker (SegmentedRaftLogWorker.java:run(313)) - d3468b2f-addf-437d-a2ce-dcff5006d770-SegmentedRaftLogWorker:Storage Directory /workdir/hadoop-ozone/integration-test/target/test-dir/MiniOzoneClusterImpl-048a2d1c-ec68-42a5-b9aa-3373df324185/datanode-1/data/ratis/f44540f4-192f-4905-ad79-e78588f04dbb was interrupted, exiting. There are 0 tasks remaining in the queue.
2019-09-19 04:01:26,125 [main] INFO  segmented.SegmentedRaftLogWorker (SegmentedRaftLogWorker.java:close(228)) - 3e5711c1-8fa4-42b5-a674-46644d3368a7-SegmentedRaftLogWorker:Storage Directory /workdir/hadoop-ozone/integration-test/target/test-dir/MiniOzoneClusterImpl-048a2d1c-ec68-42a5-b9aa-3373df324185/datanode-4/data/ratis/0e965e4f-9d18-40ec-afec-2b25f1690fa2 close()
2019-09-19 04:01:26,127 [ForkJoinPool.commonPool-worker-0] INFO  segmented.SegmentedRaftLogWorker (SegmentedRaftLogWorker.java:close(228)) - d3468b2f-addf-437d-a2ce-dcff5006d770-SegmentedRaftLogWorker:Storage Directory /workdir/hadoop-ozone/integration-test/target/test-dir/MiniOzoneClusterImpl-048a2d1c-ec68-42a5-b9aa-3373df324185/datanode-1/data/ratis/f44540f4-192f-4905-ad79-e78588f04dbb close()
2019-09-19 04:01:26,131 [main] INFO  server.GrpcService (GrpcService.java:closeImpl(155)) - 3e5711c1-8fa4-42b5-a674-46644d3368a7: shutdown server with port 46036 now
2019-09-19 04:01:26,134 [ForkJoinPool.commonPool-worker-0] INFO  server.GrpcService (GrpcService.java:closeImpl(155)) - d3468b2f-addf-437d-a2ce-dcff5006d770: shutdown server with port 41385 now
2019-09-19 04:01:26,135 [grpc-default-executor-8] WARN  server.GrpcServerProtocolService (LogUtils.java:warn(134)) - 3e5711c1-8fa4-42b5-a674-46644d3368a7: appendEntries onError: org.apache.ratis.thirdparty.io.grpc.StatusRuntimeException: CANCELLED: cancelled before receiving half close
2019-09-19 04:01:26,135 [main] INFO  server.GrpcService (GrpcService.java:closeImpl(163)) - 3e5711c1-8fa4-42b5-a674-46644d3368a7: shutdown server with port 46036 successfully
2019-09-19 04:01:26,139 [grpc-default-executor-7] WARN  server.GrpcLogAppender (LogUtils.java:warn(134)) - 9845fec9-8f77-40ec-bd33-538f1e6b668f->3e5711c1-8fa4-42b5-a674-46644d3368a7: Failed appendEntries: org.apache.ratis.thirdparty.io.grpc.StatusRuntimeException: CANCELLED: HTTP/2 error code: CANCEL
Received Rst Stream
2019-09-19 04:01:26,137 [grpc-default-executor-6] WARN  server.GrpcServerProtocolService (LogUtils.java:warn(134)) - d3468b2f-addf-437d-a2ce-dcff5006d770: appendEntries onError: org.apache.ratis.thirdparty.io.grpc.StatusRuntimeException: CANCELLED: cancelled before receiving half close
2019-09-19 04:01:26,139 [grpc-default-executor-7] INFO  impl.FollowerInfo (FollowerInfo.java:lambda$new$0(50)) - 9845fec9-8f77-40ec-bd33-538f1e6b668f->3e5711c1-8fa4-42b5-a674-46644d3368a7: nextIndex: updateUnconditionally 17 -> 16
2019-09-19 04:01:26,139 [grpc-default-executor-8] WARN  server.GrpcLogAppender (LogUtils.java:warn(134)) - 87042b6f-033e-4b4e-b209-b9cca192af80->d3468b2f-addf-437d-a2ce-dcff5006d770: Failed appendEntries: org.apache.ratis.thirdparty.io.grpc.StatusRuntimeException: CANCELLED: HTTP/2 error code: CANCEL
Received Rst Stream
2019-09-19 04:01:26,139 [ForkJoinPool.commonPool-worker-0] INFO  server.GrpcService (GrpcService.java:closeImpl(163)) - d3468b2f-addf-437d-a2ce-dcff5006d770: shutdown server with port 41385 successfully
2019-09-19 04:01:26,144 [grpc-default-executor-8] INFO  impl.FollowerInfo (FollowerInfo.java:lambda$new$0(50)) - 87042b6f-033e-4b4e-b209-b9cca192af80->d3468b2f-addf-437d-a2ce-dcff5006d770: nextIndex: updateUnconditionally 18 -> 17
2019-09-19 04:01:26,146 [ForkJoinPool.commonPool-worker-0] INFO  utils.BackgroundService (BackgroundService.java:shutdown(148)) - Shutting down service BlockDeletingService
2019-09-19 04:01:26,149 [main] INFO  utils.BackgroundService (BackgroundService.java:shutdown(148)) - Shutting down service BlockDeletingService
2019-09-19 04:01:26,152 [refreshUsed-/workdir/hadoop-ozone/integration-test/target/test-dir/MiniOzoneClusterImpl-048a2d1c-ec68-42a5-b9aa-3373df324185/datanode-1/data/containers] WARN  fs.CachingGetSpaceUsed (CachingGetSpaceUsed.java:run(183)) - Thread Interrupted waiting to refresh disk information: sleep interrupted
2019-09-19 04:01:26,152 [refreshUsed-/workdir/hadoop-ozone/integration-test/target/test-dir/MiniOzoneClusterImpl-048a2d1c-ec68-42a5-b9aa-3373df324185/datanode-4/data/containers] WARN  fs.CachingGetSpaceUsed (CachingGetSpaceUsed.java:run(183)) - Thread Interrupted waiting to refresh disk information: sleep interrupted
2019-09-19 04:01:26,173 [ForkJoinPool.commonPool-worker-0] INFO  statemachine.DatanodeStateMachine (DatanodeStateMachine.java:stopDaemon(401)) - Ozone container server stopped.
2019-09-19 04:01:26,178 [ForkJoinPool.commonPool-worker-0] INFO  handler.ContextHandler (ContextHandler.java:doStop(910)) - Stopped o.e.j.w.WebAppContext@5d8c03cc{/,null,UNAVAILABLE}{/hddsDatanode}
2019-09-19 04:01:26,179 [ForkJoinPool.commonPool-worker-0] INFO  server.AbstractConnector (AbstractConnector.java:doStop(318)) - Stopped ServerConnector@4a4979bf{HTTP/1.1,[http/1.1]}{0.0.0.0:0}
2019-09-19 04:01:26,183 [main] INFO  statemachine.DatanodeStateMachine (DatanodeStateMachine.java:stopDaemon(401)) - Ozone container server stopped.
2019-09-19 04:01:26,183 [ForkJoinPool.commonPool-worker-0] INFO  handler.ContextHandler (ContextHandler.java:doStop(910)) - Stopped o.e.j.s.ServletContextHandler@2fb9695a{/static,jar:file:/home/user/.m2/repository/org/apache/hadoop/hadoop-hdds-container-service/0.5.0-SNAPSHOT/hadoop-hdds-container-service-0.5.0-SNAPSHOT.jar!/webapps/static,UNAVAILABLE}
2019-09-19 04:01:26,185 [ForkJoinPool.commonPool-worker-0] INFO  handler.ContextHandler (ContextHandler.java:doStop(910)) - Stopped o.e.j.s.ServletContextHandler@39cf7f3c{/logs,file:///workdir/hadoop-ozone/integration-test/target/log,UNAVAILABLE}
2019-09-19 04:01:26,185 [main] INFO  handler.ContextHandler (ContextHandler.java:doStop(910)) - Stopped o.e.j.w.WebAppContext@786e2c5e{/,null,UNAVAILABLE}{/hddsDatanode}
2019-09-19 04:01:26,185 [ForkJoinPool.commonPool-worker-0] INFO  datanode.ObjectStoreHandler (ObjectStoreHandler.java:close(155)) - Closing ObjectStoreHandler.
2019-09-19 04:01:26,186 [ForkJoinPool.commonPool-worker-0] INFO  ozone.HddsDatanodeService (HddsDatanodeService.java:stop(451)) - Stopped plug-in org.apache.hadoop.ozone.web.OzoneHddsDatanodeService@70eced1f
2019-09-19 04:01:26,186 [main] INFO  server.AbstractConnector (AbstractConnector.java:doStop(318)) - Stopped ServerConnector@75452b01{HTTP/1.1,[http/1.1]}{0.0.0.0:0}
2019-09-19 04:01:26,186 [main] INFO  handler.ContextHandler (ContextHandler.java:doStop(910)) - Stopped o.e.j.s.ServletContextHandler@1bc80978{/static,jar:file:/home/user/.m2/repository/org/apache/hadoop/hadoop-hdds-container-service/0.5.0-SNAPSHOT/hadoop-hdds-container-service-0.5.0-SNAPSHOT.jar!/webapps/static,UNAVAILABLE}
2019-09-19 04:01:26,187 [main] INFO  handler.ContextHandler (ContextHandler.java:doStop(910)) - Stopped o.e.j.s.ServletContextHandler@718198db{/logs,file:///workdir/hadoop-ozone/integration-test/target/log,UNAVAILABLE}
2019-09-19 04:01:26,188 [main] INFO  datanode.ObjectStoreHandler (ObjectStoreHandler.java:close(155)) - Closing ObjectStoreHandler.
2019-09-19 04:01:26,188 [main] INFO  ozone.HddsDatanodeService (HddsDatanodeService.java:stop(451)) - Stopped plug-in org.apache.hadoop.ozone.web.OzoneHddsDatanodeService@2100d881
2019-09-19 04:01:26,391 | INFO  | SCMAudit | user=jenkins1000 | ip=192.168.34.50 | op=SEND_HEARTBEAT {datanodeUUID=164f4f1a-4ae3-4926-8bd0-17aa2d0a97c2, command=[]} | ret=SUCCESS |  
2019-09-19 04:01:26,789 [Datanode State Machine Thread - 0] INFO  statemachine.DatanodeStateMachine (DatanodeStateMachine.java:lambda$startDaemon$0(356)) - Ozone container server started.
2019-09-19 04:01:26,791 | INFO  | SCMAudit | user=jenkins1000 | ip=192.168.34.50 | op=SEND_HEARTBEAT {datanodeUUID=948582b7-4442-4302-80ff-48806e2acd06, command=[commandType: closeContainerCommand closeContainerCommandProto { containerID: 2 pipelineID { id: "0e965e4f-9d18-40ec-afec-2b25f1690fa2" } cmdId: 2 force: false } ]} | ret=SUCCESS |  
2019-09-19 04:01:27,023 [grpc-default-executor-6] WARN  server.GrpcLogAppender (LogUtils.java:warn(134)) - 87042b6f-033e-4b4e-b209-b9cca192af80->d3468b2f-addf-437d-a2ce-dcff5006d770: Failed appendEntries: org.apache.ratis.thirdparty.io.grpc.StatusRuntimeException: UNAVAILABLE: io exception
2019-09-19 04:01:27,024 [grpc-default-executor-6] INFO  impl.FollowerInfo (FollowerInfo.java:lambda$new$0(50)) - 87042b6f-033e-4b4e-b209-b9cca192af80->d3468b2f-addf-437d-a2ce-dcff5006d770: nextIndex: updateUnconditionally 17 -> 16
2019-09-19 04:01:27,031 [grpc-default-executor-7] WARN  server.GrpcLogAppender (LogUtils.java:warn(134)) - 87042b6f-033e-4b4e-b209-b9cca192af80->d25e7fda-9a8e-4bab-8cc8-b0b4dcdb8785: Failed appendEntries: org.apache.ratis.thirdparty.io.grpc.StatusRuntimeException: UNAVAILABLE: io exception
2019-09-19 04:01:27,032 [grpc-default-executor-7] INFO  impl.FollowerInfo (FollowerInfo.java:lambda$new$0(50)) - 87042b6f-033e-4b4e-b209-b9cca192af80->d25e7fda-9a8e-4bab-8cc8-b0b4dcdb8785: nextIndex: updateUnconditionally 0 -> 0
2019-09-19 04:01:27,108 [Datanode State Machine Thread - 0] INFO  statemachine.DatanodeStateMachine (DatanodeStateMachine.java:lambda$startDaemon$0(356)) - Ozone container server started.
2019-09-19 04:01:27,390 | INFO  | SCMAudit | user=jenkins1000 | ip=192.168.34.50 | op=SEND_HEARTBEAT {datanodeUUID=164f4f1a-4ae3-4926-8bd0-17aa2d0a97c2, command=[]} | ret=SUCCESS |  
2019-09-19 04:01:27,790 | INFO  | SCMAudit | user=jenkins1000 | ip=192.168.34.50 | op=SEND_HEARTBEAT {datanodeUUID=948582b7-4442-4302-80ff-48806e2acd06, command=[]} | ret=SUCCESS |  
2019-09-19 04:01:28,391 | INFO  | SCMAudit | user=jenkins1000 | ip=192.168.34.50 | op=SEND_HEARTBEAT {datanodeUUID=164f4f1a-4ae3-4926-8bd0-17aa2d0a97c2, command=[]} | ret=SUCCESS |  
2019-09-19 04:01:28,534 [grpc-default-executor-8] WARN  server.GrpcLogAppender (LogUtils.java:warn(134)) - 9845fec9-8f77-40ec-bd33-538f1e6b668f->3e5711c1-8fa4-42b5-a674-46644d3368a7: Failed appendEntries: org.apache.ratis.thirdparty.io.grpc.StatusRuntimeException: UNAVAILABLE: io exception
2019-09-19 04:01:28,535 [grpc-default-executor-8] INFO  impl.FollowerInfo (FollowerInfo.java:lambda$new$0(50)) - 9845fec9-8f77-40ec-bd33-538f1e6b668f->3e5711c1-8fa4-42b5-a674-46644d3368a7: nextIndex: updateUnconditionally 16 -> 15
2019-09-19 04:01:28,791 | INFO  | SCMAudit | user=jenkins1000 | ip=192.168.34.50 | op=SEND_HEARTBEAT {datanodeUUID=948582b7-4442-4302-80ff-48806e2acd06, command=[]} | ret=SUCCESS |  
2019-09-19 04:01:28,848 | INFO  | SCMAudit | user=jenkins1000 | ip=192.168.34.50 | op=SEND_HEARTBEAT {datanodeUUID=948582b7-4442-4302-80ff-48806e2acd06, command=[]} | ret=SUCCESS |  
2019-09-19 04:01:29,391 | INFO  | SCMAudit | user=jenkins1000 | ip=192.168.34.50 | op=SEND_HEARTBEAT {datanodeUUID=164f4f1a-4ae3-4926-8bd0-17aa2d0a97c2, command=[]} | ret=SUCCESS |  
2019-09-19 04:01:29,525 [grpc-default-executor-8] WARN  server.GrpcLogAppender (LogUtils.java:warn(134)) - 87042b6f-033e-4b4e-b209-b9cca192af80->d3468b2f-addf-437d-a2ce-dcff5006d770: Failed appendEntries: org.apache.ratis.thirdparty.io.grpc.StatusRuntimeException: UNAVAILABLE: io exception
2019-09-19 04:01:29,525 [grpc-default-executor-8] INFO  impl.FollowerInfo (FollowerInfo.java:lambda$new$0(50)) - 87042b6f-033e-4b4e-b209-b9cca192af80->d3468b2f-addf-437d-a2ce-dcff5006d770: nextIndex: updateUnconditionally 16 -> 15
2019-09-19 04:01:29,532 [grpc-default-executor-7] WARN  server.GrpcLogAppender (LogUtils.java:warn(134)) - 87042b6f-033e-4b4e-b209-b9cca192af80->d25e7fda-9a8e-4bab-8cc8-b0b4dcdb8785: Failed appendEntries: org.apache.ratis.thirdparty.io.grpc.StatusRuntimeException: UNAVAILABLE: io exception
2019-09-19 04:01:29,532 [grpc-default-executor-7] INFO  impl.FollowerInfo (FollowerInfo.java:lambda$new$0(50)) - 87042b6f-033e-4b4e-b209-b9cca192af80->d25e7fda-9a8e-4bab-8cc8-b0b4dcdb8785: nextIndex: updateUnconditionally 0 -> 0
2019-09-19 04:01:29,848 | INFO  | SCMAudit | user=jenkins1000 | ip=192.168.34.50 | op=SEND_HEARTBEAT {datanodeUUID=948582b7-4442-4302-80ff-48806e2acd06, command=[]} | ret=SUCCESS |  
2019-09-19 04:01:30,392 | INFO  | SCMAudit | user=jenkins1000 | ip=192.168.34.50 | op=SEND_HEARTBEAT {datanodeUUID=164f4f1a-4ae3-4926-8bd0-17aa2d0a97c2, command=[]} | ret=SUCCESS |  
2019-09-19 04:01:30,816 [EventQueue-StaleNodeForStaleNodeHandler] INFO  node.StaleNodeHandler (StaleNodeHandler.java:onMessage(58)) - Datanode 9845fec9-8f77-40ec-bd33-538f1e6b668f{ip: 192.168.34.50, host: pr-hdds-2034-srnhl-2452957315, networkLocation: /default-rack, certSerialId: null} moved to stale state. Finalizing its pipelines [PipelineID=4660bd50-7b8f-43ef-828c-ea98f3180da4, PipelineID=0e965e4f-9d18-40ec-afec-2b25f1690fa2]
2019-09-19 04:01:30,817 [EventQueue-StaleNodeForStaleNodeHandler] INFO  pipeline.SCMPipelineManager (SCMPipelineManager.java:finalizeAndDestroyPipeline(336)) - destroying pipeline:Pipeline[ Id: 4660bd50-7b8f-43ef-828c-ea98f3180da4, Nodes: 9845fec9-8f77-40ec-bd33-538f1e6b668f{ip: 192.168.34.50, host: pr-hdds-2034-srnhl-2452957315, networkLocation: /default-rack, certSerialId: null}, Type:RATIS, Factor:ONE, State:OPEN]
2019-09-19 04:01:30,817 [EventQueue-StaleNodeForStaleNodeHandler] INFO  pipeline.PipelineStateManager (PipelineStateManager.java:finalizePipeline(123)) - Pipeline Pipeline[ Id: 4660bd50-7b8f-43ef-828c-ea98f3180da4, Nodes: 9845fec9-8f77-40ec-bd33-538f1e6b668f{ip: 192.168.34.50, host: pr-hdds-2034-srnhl-2452957315, networkLocation: /default-rack, certSerialId: null}, Type:RATIS, Factor:ONE, State:CLOSED] moved to CLOSED state
2019-09-19 04:01:30,817 [EventQueue-StaleNodeForStaleNodeHandler] INFO  pipeline.SCMPipelineManager (SCMPipelineManager.java:finalizeAndDestroyPipeline(336)) - destroying pipeline:Pipeline[ Id: 0e965e4f-9d18-40ec-afec-2b25f1690fa2, Nodes: 948582b7-4442-4302-80ff-48806e2acd06{ip: 192.168.34.50, host: pr-hdds-2034-srnhl-2452957315, networkLocation: /default-rack, certSerialId: null}3e5711c1-8fa4-42b5-a674-46644d3368a7{ip: 192.168.34.50, host: pr-hdds-2034-srnhl-2452957315, networkLocation: /default-rack, certSerialId: null}9845fec9-8f77-40ec-bd33-538f1e6b668f{ip: 192.168.34.50, host: pr-hdds-2034-srnhl-2452957315, networkLocation: /default-rack, certSerialId: null}, Type:RATIS, Factor:THREE, State:CLOSED]
2019-09-19 04:01:30,847 | INFO  | SCMAudit | user=jenkins1000 | ip=192.168.34.50 | op=SEND_HEARTBEAT {datanodeUUID=948582b7-4442-4302-80ff-48806e2acd06, command=[]} | ret=SUCCESS |  
2019-09-19 04:01:31,035 [grpc-default-executor-8] WARN  server.GrpcLogAppender (LogUtils.java:warn(134)) - 9845fec9-8f77-40ec-bd33-538f1e6b668f->3e5711c1-8fa4-42b5-a674-46644d3368a7: Failed appendEntries: org.apache.ratis.thirdparty.io.grpc.StatusRuntimeException: UNAVAILABLE: io exception
2019-09-19 04:01:31,036 [grpc-default-executor-8] INFO  impl.FollowerInfo (FollowerInfo.java:lambda$new$0(50)) - 9845fec9-8f77-40ec-bd33-538f1e6b668f->3e5711c1-8fa4-42b5-a674-46644d3368a7: nextIndex: updateUnconditionally 15 -> 14
2019-09-19 04:01:31,117 [EventQueue-StaleNodeForStaleNodeHandler] INFO  node.StaleNodeHandler (StaleNodeHandler.java:onMessage(58)) - Datanode 87042b6f-033e-4b4e-b209-b9cca192af80{ip: 192.168.34.50, host: pr-hdds-2034-srnhl-2452957315, networkLocation: /default-rack, certSerialId: null} moved to stale state. Finalizing its pipelines [PipelineID=f44540f4-192f-4905-ad79-e78588f04dbb, PipelineID=07afbc74-e76e-4eec-8d40-8fecd5fbcb53]
2019-09-19 04:01:31,117 [EventQueue-StaleNodeForStaleNodeHandler] INFO  pipeline.SCMPipelineManager (SCMPipelineManager.java:finalizeAndDestroyPipeline(336)) - destroying pipeline:Pipeline[ Id: f44540f4-192f-4905-ad79-e78588f04dbb, Nodes: d25e7fda-9a8e-4bab-8cc8-b0b4dcdb8785{ip: 192.168.34.50, host: pr-hdds-2034-srnhl-2452957315, networkLocation: /default-rack, certSerialId: null}d3468b2f-addf-437d-a2ce-dcff5006d770{ip: 192.168.34.50, host: pr-hdds-2034-srnhl-2452957315, networkLocation: /default-rack, certSerialId: null}87042b6f-033e-4b4e-b209-b9cca192af80{ip: 192.168.34.50, host: pr-hdds-2034-srnhl-2452957315, networkLocation: /default-rack, certSerialId: null}, Type:RATIS, Factor:THREE, State:CLOSED]
2019-09-19 04:01:31,118 [EventQueue-StaleNodeForStaleNodeHandler] INFO  pipeline.SCMPipelineManager (SCMPipelineManager.java:finalizeAndDestroyPipeline(336)) - destroying pipeline:Pipeline[ Id: 07afbc74-e76e-4eec-8d40-8fecd5fbcb53, Nodes: 87042b6f-033e-4b4e-b209-b9cca192af80{ip: 192.168.34.50, host: pr-hdds-2034-srnhl-2452957315, networkLocation: /default-rack, certSerialId: null}, Type:RATIS, Factor:ONE, State:OPEN]
2019-09-19 04:01:31,118 [EventQueue-StaleNodeForStaleNodeHandler] INFO  pipeline.PipelineStateManager (PipelineStateManager.java:finalizePipeline(123)) - Pipeline Pipeline[ Id: 07afbc74-e76e-4eec-8d40-8fecd5fbcb53, Nodes: 87042b6f-033e-4b4e-b209-b9cca192af80{ip: 192.168.34.50, host: pr-hdds-2034-srnhl-2452957315, networkLocation: /default-rack, certSerialId: null}, Type:RATIS, Factor:ONE, State:CLOSED] moved to CLOSED state
2019-09-19 04:01:31,186 [ForkJoinPool.commonPool-worker-0] INFO  ozoneimpl.OzoneContainer (OzoneContainer.java:stop(199)) - Attempting to stop container services.
2019-09-19 04:01:31,187 [ForkJoinPool.commonPool-worker-0] INFO  impl.RaftServerProxy (RaftServerProxy.java:lambda$close$4(314)) - 87042b6f-033e-4b4e-b209-b9cca192af80: close
2019-09-19 04:01:31,187 [ForkJoinPool.commonPool-worker-0] INFO  impl.RaftServerImpl (RaftServerImpl.java:lambda$shutdown$3(245)) - 87042b6f-033e-4b4e-b209-b9cca192af80: shutdown group-E78588F04DBB
2019-09-19 04:01:31,187 [ForkJoinPool.commonPool-worker-0] INFO  util.JmxRegister (JmxRegister.java:unregister(73)) - Successfully un-registered JMX Bean with object name Ratis:service=RaftServer,group=group-E78588F04DBB,id=87042b6f-033e-4b4e-b209-b9cca192af80
2019-09-19 04:01:31,187 [ForkJoinPool.commonPool-worker-0] INFO  impl.RoleInfo (RoleInfo.java:shutdownLeaderState(104)) - 87042b6f-033e-4b4e-b209-b9cca192af80: shutdown LeaderState
2019-09-19 04:01:31,192 [ForkJoinPool.commonPool-worker-0] INFO  impl.PendingRequests (PendingRequests.java:sendNotLeaderResponses(202)) - 87042b6f-033e-4b4e-b209-b9cca192af80-PendingRequests: sendNotLeaderResponses
2019-09-19 04:01:31,192 [org.apache.ratis.server.impl.LogAppender$AppenderDaemon$$Lambda$795/1537008453@2b972b8f] WARN  server.GrpcLogAppender (GrpcLogAppender.java:mayWait(143)) - GrpcLogAppender(87042b6f-033e-4b4e-b209-b9cca192af80->d3468b2f-addf-437d-a2ce-dcff5006d770): Wait interrupted by java.lang.InterruptedException
2019-09-19 04:01:31,192 [ForkJoinPool.commonPool-worker-0] INFO  impl.StateMachineUpdater (StateMachineUpdater.java:stopAndJoin(115)) - StateMachineUpdater:87042b6f-033e-4b4e-b209-b9cca192af80:group-E78588F04DBB: set stopIndex = 17
2019-09-19 04:01:31,192 [org.apache.ratis.server.impl.LogAppender$AppenderDaemon$$Lambda$795/1537008453@2d0048d9] WARN  server.GrpcLogAppender (GrpcLogAppender.java:mayWait(143)) - GrpcLogAppender(87042b6f-033e-4b4e-b209-b9cca192af80->d25e7fda-9a8e-4bab-8cc8-b0b4dcdb8785): Wait interrupted by java.lang.InterruptedException
2019-09-19 04:01:31,192 [main] INFO  ozoneimpl.OzoneContainer (OzoneContainer.java:stop(199)) - Attempting to stop container services.
2019-09-19 04:01:31,192 [StateMachineUpdater:87042b6f-033e-4b4e-b209-b9cca192af80:group-E78588F04DBB] INFO  ratis.ContainerStateMachine (ContainerStateMachine.java:takeSnapshot(283)) - group-E78588F04DBB: Taking a snapshot at:(t:1, i:13) file /workdir/hadoop-ozone/integration-test/target/test-dir/MiniOzoneClusterImpl-048a2d1c-ec68-42a5-b9aa-3373df324185/datanode-2/data/ratis/f44540f4-192f-4905-ad79-e78588f04dbb/sm/snapshot.1_13
2019-09-19 04:01:31,193 [main] INFO  impl.RaftServerProxy (RaftServerProxy.java:lambda$close$4(314)) - 9845fec9-8f77-40ec-bd33-538f1e6b668f: close
2019-09-19 04:01:31,194 [main] INFO  impl.RaftServerImpl (RaftServerImpl.java:lambda$shutdown$3(245)) - 9845fec9-8f77-40ec-bd33-538f1e6b668f: shutdown group-EA98F3180DA4
2019-09-19 04:01:31,194 [main] INFO  util.JmxRegister (JmxRegister.java:unregister(73)) - Successfully un-registered JMX Bean with object name Ratis:service=RaftServer,group=group-EA98F3180DA4,id=9845fec9-8f77-40ec-bd33-538f1e6b668f
2019-09-19 04:01:31,195 [main] INFO  impl.RoleInfo (RoleInfo.java:shutdownLeaderState(104)) - 9845fec9-8f77-40ec-bd33-538f1e6b668f: shutdown LeaderState
2019-09-19 04:01:31,196 [main] INFO  impl.PendingRequests (PendingRequests.java:sendNotLeaderResponses(202)) - 9845fec9-8f77-40ec-bd33-538f1e6b668f-PendingRequests: sendNotLeaderResponses
2019-09-19 04:01:31,196 [main] INFO  impl.StateMachineUpdater (StateMachineUpdater.java:stopAndJoin(115)) - StateMachineUpdater:9845fec9-8f77-40ec-bd33-538f1e6b668f:group-EA98F3180DA4: set stopIndex = 0
2019-09-19 04:01:31,197 [main] INFO  impl.RaftServerImpl (ServerState.java:close(394)) - 9845fec9-8f77-40ec-bd33-538f1e6b668f:group-EA98F3180DA4 closes. The last applied log index is 0
2019-09-19 04:01:31,198 [9845fec9-8f77-40ec-bd33-538f1e6b668f-SegmentedRaftLogWorker:Storage Directory /workdir/hadoop-ozone/integration-test/target/test-dir/MiniOzoneClusterImpl-048a2d1c-ec68-42a5-b9aa-3373df324185/datanode-3/data/ratis/4660bd50-7b8f-43ef-828c-ea98f3180da4] INFO  segmented.SegmentedRaftLogWorker (SegmentedRaftLogWorker.java:run(313)) - 9845fec9-8f77-40ec-bd33-538f1e6b668f-SegmentedRaftLogWorker:Storage Directory /workdir/hadoop-ozone/integration-test/target/test-dir/MiniOzoneClusterImpl-048a2d1c-ec68-42a5-b9aa-3373df324185/datanode-3/data/ratis/4660bd50-7b8f-43ef-828c-ea98f3180da4 was interrupted, exiting. There are 0 tasks remaining in the queue.
2019-09-19 04:01:31,199 [main] INFO  segmented.SegmentedRaftLogWorker (SegmentedRaftLogWorker.java:close(228)) - 9845fec9-8f77-40ec-bd33-538f1e6b668f-SegmentedRaftLogWorker:Storage Directory /workdir/hadoop-ozone/integration-test/target/test-dir/MiniOzoneClusterImpl-048a2d1c-ec68-42a5-b9aa-3373df324185/datanode-3/data/ratis/4660bd50-7b8f-43ef-828c-ea98f3180da4 close()
2019-09-19 04:01:31,203 [main] INFO  impl.RaftServerImpl (RaftServerImpl.java:lambda$shutdown$3(245)) - 9845fec9-8f77-40ec-bd33-538f1e6b668f: shutdown group-2B25F1690FA2
2019-09-19 04:01:31,204 [main] INFO  util.JmxRegister (JmxRegister.java:unregister(73)) - Successfully un-registered JMX Bean with object name Ratis:service=RaftServer,group=group-2B25F1690FA2,id=9845fec9-8f77-40ec-bd33-538f1e6b668f
2019-09-19 04:01:31,204 [main] INFO  impl.RoleInfo (RoleInfo.java:shutdownLeaderState(104)) - 9845fec9-8f77-40ec-bd33-538f1e6b668f: shutdown LeaderState
2019-09-19 04:01:31,208 [org.apache.ratis.server.impl.LogAppender$AppenderDaemon$$Lambda$795/1537008453@1931e916] WARN  server.GrpcLogAppender (GrpcLogAppender.java:mayWait(143)) - GrpcLogAppender(9845fec9-8f77-40ec-bd33-538f1e6b668f->948582b7-4442-4302-80ff-48806e2acd06): Wait interrupted by java.lang.InterruptedException
2019-09-19 04:01:31,208 [main] INFO  impl.PendingRequests (PendingRequests.java:sendNotLeaderResponses(202)) - 9845fec9-8f77-40ec-bd33-538f1e6b668f-PendingRequests: sendNotLeaderResponses
2019-09-19 04:01:31,208 [grpc-default-executor-8] INFO  server.GrpcServerProtocolService (GrpcServerProtocolService.java:onCompleted(104)) - 948582b7-4442-4302-80ff-48806e2acd06: appendEntries completed
2019-09-19 04:01:31,208 [org.apache.ratis.server.impl.LogAppender$AppenderDaemon$$Lambda$795/1537008453@5c337454] WARN  server.GrpcLogAppender (GrpcLogAppender.java:mayWait(143)) - GrpcLogAppender(9845fec9-8f77-40ec-bd33-538f1e6b668f->3e5711c1-8fa4-42b5-a674-46644d3368a7): Wait interrupted by java.lang.InterruptedException
2019-09-19 04:01:31,210 [main] INFO  impl.StateMachineUpdater (StateMachineUpdater.java:stopAndJoin(115)) - StateMachineUpdater:9845fec9-8f77-40ec-bd33-538f1e6b668f:group-2B25F1690FA2: set stopIndex = 16
2019-09-19 04:01:31,210 [StateMachineUpdater:9845fec9-8f77-40ec-bd33-538f1e6b668f:group-2B25F1690FA2] INFO  ratis.ContainerStateMachine (ContainerStateMachine.java:takeSnapshot(283)) - group-2B25F1690FA2: Taking a snapshot at:(t:1, i:14) file /workdir/hadoop-ozone/integration-test/target/test-dir/MiniOzoneClusterImpl-048a2d1c-ec68-42a5-b9aa-3373df324185/datanode-3/data/ratis/0e965e4f-9d18-40ec-afec-2b25f1690fa2/sm/snapshot.1_14
2019-09-19 04:01:31,213 [grpc-default-executor-8] INFO  server.GrpcLogAppender (GrpcLogAppender.java:onCompleted(292)) - 9845fec9-8f77-40ec-bd33-538f1e6b668f->948582b7-4442-4302-80ff-48806e2acd06: follower responses appendEntries COMPLETED
2019-09-19 04:01:31,213 [grpc-default-executor-8] INFO  impl.FollowerInfo (FollowerInfo.java:lambda$new$0(50)) - 9845fec9-8f77-40ec-bd33-538f1e6b668f->948582b7-4442-4302-80ff-48806e2acd06: nextIndex: updateUnconditionally 17 -> 16
2019-09-19 04:01:31,236 [StateMachineUpdater:9845fec9-8f77-40ec-bd33-538f1e6b668f:group-2B25F1690FA2] INFO  ratis.ContainerStateMachine (ContainerStateMachine.java:takeSnapshot(294)) - group-2B25F1690FA2: Finished taking a snapshot at:(t:1, i:14) file:/workdir/hadoop-ozone/integration-test/target/test-dir/MiniOzoneClusterImpl-048a2d1c-ec68-42a5-b9aa-3373df324185/datanode-3/data/ratis/0e965e4f-9d18-40ec-afec-2b25f1690fa2/sm/snapshot.1_14 time:25
2019-09-19 04:01:31,236 [StateMachineUpdater:87042b6f-033e-4b4e-b209-b9cca192af80:group-E78588F04DBB] INFO  ratis.ContainerStateMachine (ContainerStateMachine.java:takeSnapshot(294)) - group-E78588F04DBB: Finished taking a snapshot at:(t:1, i:13) file:/workdir/hadoop-ozone/integration-test/target/test-dir/MiniOzoneClusterImpl-048a2d1c-ec68-42a5-b9aa-3373df324185/datanode-2/data/ratis/f44540f4-192f-4905-ad79-e78588f04dbb/sm/snapshot.1_13 time:44
2019-09-19 04:01:31,236 [StateMachineUpdater:9845fec9-8f77-40ec-bd33-538f1e6b668f:group-2B25F1690FA2] INFO  impl.StateMachineUpdater (StateMachineUpdater.java:takeSnapshot(242)) - StateMachineUpdater:9845fec9-8f77-40ec-bd33-538f1e6b668f:group-2B25F1690FA2: Took a snapshot at index 14
2019-09-19 04:01:31,236 [StateMachineUpdater:87042b6f-033e-4b4e-b209-b9cca192af80:group-E78588F04DBB] INFO  impl.StateMachineUpdater (StateMachineUpdater.java:takeSnapshot(242)) - StateMachineUpdater:87042b6f-033e-4b4e-b209-b9cca192af80:group-E78588F04DBB: Took a snapshot at index 13
2019-09-19 04:01:31,236 [StateMachineUpdater:9845fec9-8f77-40ec-bd33-538f1e6b668f:group-2B25F1690FA2] INFO  impl.StateMachineUpdater (StateMachineUpdater.java:lambda$new$0(80)) - StateMachineUpdater:9845fec9-8f77-40ec-bd33-538f1e6b668f:group-2B25F1690FA2: snapshotIndex: updateIncreasingly -1 -> 14
2019-09-19 04:01:31,236 [StateMachineUpdater:87042b6f-033e-4b4e-b209-b9cca192af80:group-E78588F04DBB] INFO  impl.StateMachineUpdater (StateMachineUpdater.java:lambda$new$0(80)) - StateMachineUpdater:87042b6f-033e-4b4e-b209-b9cca192af80:group-E78588F04DBB: snapshotIndex: updateIncreasingly -1 -> 13
2019-09-19 04:01:31,237 [main] INFO  impl.RaftServerImpl (ServerState.java:close(394)) - 9845fec9-8f77-40ec-bd33-538f1e6b668f:group-2B25F1690FA2 closes. The last applied log index is 16
2019-09-19 04:01:31,237 [ForkJoinPool.commonPool-worker-0] INFO  impl.RaftServerImpl (ServerState.java:close(394)) - 87042b6f-033e-4b4e-b209-b9cca192af80:group-E78588F04DBB closes. The last applied log index is 17
2019-09-19 04:01:31,237 [9845fec9-8f77-40ec-bd33-538f1e6b668f-SegmentedRaftLogWorker:Storage Directory /workdir/hadoop-ozone/integration-test/target/test-dir/MiniOzoneClusterImpl-048a2d1c-ec68-42a5-b9aa-3373df324185/datanode-3/data/ratis/0e965e4f-9d18-40ec-afec-2b25f1690fa2] INFO  segmented.SegmentedRaftLogWorker (SegmentedRaftLogWorker.java:run(313)) - 9845fec9-8f77-40ec-bd33-538f1e6b668f-SegmentedRaftLogWorker:Storage Directory /workdir/hadoop-ozone/integration-test/target/test-dir/MiniOzoneClusterImpl-048a2d1c-ec68-42a5-b9aa-3373df324185/datanode-3/data/ratis/0e965e4f-9d18-40ec-afec-2b25f1690fa2 was interrupted, exiting. There are 0 tasks remaining in the queue.
2019-09-19 04:01:31,238 [87042b6f-033e-4b4e-b209-b9cca192af80-SegmentedRaftLogWorker:Storage Directory /workdir/hadoop-ozone/integration-test/target/test-dir/MiniOzoneClusterImpl-048a2d1c-ec68-42a5-b9aa-3373df324185/datanode-2/data/ratis/f44540f4-192f-4905-ad79-e78588f04dbb] INFO  segmented.SegmentedRaftLogWorker (SegmentedRaftLogWorker.java:run(313)) - 87042b6f-033e-4b4e-b209-b9cca192af80-SegmentedRaftLogWorker:Storage Directory /workdir/hadoop-ozone/integration-test/target/test-dir/MiniOzoneClusterImpl-048a2d1c-ec68-42a5-b9aa-3373df324185/datanode-2/data/ratis/f44540f4-192f-4905-ad79-e78588f04dbb was interrupted, exiting. There are 0 tasks remaining in the queue.
2019-09-19 04:01:31,239 [main] INFO  segmented.SegmentedRaftLogWorker (SegmentedRaftLogWorker.java:close(228)) - 9845fec9-8f77-40ec-bd33-538f1e6b668f-SegmentedRaftLogWorker:Storage Directory /workdir/hadoop-ozone/integration-test/target/test-dir/MiniOzoneClusterImpl-048a2d1c-ec68-42a5-b9aa-3373df324185/datanode-3/data/ratis/0e965e4f-9d18-40ec-afec-2b25f1690fa2 close()
2019-09-19 04:01:31,241 [ForkJoinPool.commonPool-worker-0] INFO  segmented.SegmentedRaftLogWorker (SegmentedRaftLogWorker.java:close(228)) - 87042b6f-033e-4b4e-b209-b9cca192af80-SegmentedRaftLogWorker:Storage Directory /workdir/hadoop-ozone/integration-test/target/test-dir/MiniOzoneClusterImpl-048a2d1c-ec68-42a5-b9aa-3373df324185/datanode-2/data/ratis/f44540f4-192f-4905-ad79-e78588f04dbb close()
2019-09-19 04:01:31,244 [main] INFO  server.GrpcService (GrpcService.java:closeImpl(155)) - 9845fec9-8f77-40ec-bd33-538f1e6b668f: shutdown server with port 39666 now
2019-09-19 04:01:31,248 [ForkJoinPool.commonPool-worker-0] INFO  impl.RaftServerImpl (RaftServerImpl.java:lambda$shutdown$3(245)) - 87042b6f-033e-4b4e-b209-b9cca192af80: shutdown group-8FECD5FBCB53
2019-09-19 04:01:31,250 [ForkJoinPool.commonPool-worker-0] INFO  util.JmxRegister (JmxRegister.java:unregister(73)) - Successfully un-registered JMX Bean with object name Ratis:service=RaftServer,group=group-8FECD5FBCB53,id=87042b6f-033e-4b4e-b209-b9cca192af80
2019-09-19 04:01:31,252 [main] INFO  server.GrpcService (GrpcService.java:closeImpl(163)) - 9845fec9-8f77-40ec-bd33-538f1e6b668f: shutdown server with port 39666 successfully
2019-09-19 04:01:31,250 [grpc-default-executor-7] WARN  client.GrpcClientProtocolService (LogUtils.java:warn(134)) - 1-UnorderedRequestStreamObserver1: onError: org.apache.ratis.thirdparty.io.grpc.StatusRuntimeException: CANCELLED: cancelled before receiving half close
2019-09-19 04:01:31,252 [ForkJoinPool.commonPool-worker-0] INFO  impl.RoleInfo (RoleInfo.java:shutdownLeaderState(104)) - 87042b6f-033e-4b4e-b209-b9cca192af80: shutdown LeaderState
2019-09-19 04:01:31,253 [ForkJoinPool.commonPool-worker-0] INFO  impl.PendingRequests (PendingRequests.java:sendNotLeaderResponses(202)) - 87042b6f-033e-4b4e-b209-b9cca192af80-PendingRequests: sendNotLeaderResponses
2019-09-19 04:01:31,253 [main] INFO  utils.BackgroundService (BackgroundService.java:shutdown(148)) - Shutting down service BlockDeletingService
2019-09-19 04:01:31,253 [ForkJoinPool.commonPool-worker-0] INFO  impl.StateMachineUpdater (StateMachineUpdater.java:stopAndJoin(115)) - StateMachineUpdater:87042b6f-033e-4b4e-b209-b9cca192af80:group-8FECD5FBCB53: set stopIndex = 0
2019-09-19 04:01:31,254 [ForkJoinPool.commonPool-worker-0] INFO  impl.RaftServerImpl (ServerState.java:close(394)) - 87042b6f-033e-4b4e-b209-b9cca192af80:group-8FECD5FBCB53 closes. The last applied log index is 0
2019-09-19 04:01:31,254 [87042b6f-033e-4b4e-b209-b9cca192af80-SegmentedRaftLogWorker:Storage Directory /workdir/hadoop-ozone/integration-test/target/test-dir/MiniOzoneClusterImpl-048a2d1c-ec68-42a5-b9aa-3373df324185/datanode-2/data/ratis/07afbc74-e76e-4eec-8d40-8fecd5fbcb53] INFO  segmented.SegmentedRaftLogWorker (SegmentedRaftLogWorker.java:run(313)) - 87042b6f-033e-4b4e-b209-b9cca192af80-SegmentedRaftLogWorker:Storage Directory /workdir/hadoop-ozone/integration-test/target/test-dir/MiniOzoneClusterImpl-048a2d1c-ec68-42a5-b9aa-3373df324185/datanode-2/data/ratis/07afbc74-e76e-4eec-8d40-8fecd5fbcb53 was interrupted, exiting. There are 0 tasks remaining in the queue.
2019-09-19 04:01:31,257 [ForkJoinPool.commonPool-worker-0] INFO  segmented.SegmentedRaftLogWorker (SegmentedRaftLogWorker.java:close(228)) - 87042b6f-033e-4b4e-b209-b9cca192af80-SegmentedRaftLogWorker:Storage Directory /workdir/hadoop-ozone/integration-test/target/test-dir/MiniOzoneClusterImpl-048a2d1c-ec68-42a5-b9aa-3373df324185/datanode-2/data/ratis/07afbc74-e76e-4eec-8d40-8fecd5fbcb53 close()
2019-09-19 04:01:31,257 [refreshUsed-/workdir/hadoop-ozone/integration-test/target/test-dir/MiniOzoneClusterImpl-048a2d1c-ec68-42a5-b9aa-3373df324185/datanode-3/data/containers] WARN  fs.CachingGetSpaceUsed (CachingGetSpaceUsed.java:run(183)) - Thread Interrupted waiting to refresh disk information: sleep interrupted
2019-09-19 04:01:31,267 [ForkJoinPool.commonPool-worker-0] INFO  server.GrpcService (GrpcService.java:closeImpl(155)) - 87042b6f-033e-4b4e-b209-b9cca192af80: shutdown server with port 39314 now
2019-09-19 04:01:31,268 [ForkJoinPool.commonPool-worker-0] INFO  server.GrpcService (GrpcService.java:closeImpl(163)) - 87042b6f-033e-4b4e-b209-b9cca192af80: shutdown server with port 39314 successfully
2019-09-19 04:01:31,270 [ForkJoinPool.commonPool-worker-0] INFO  utils.BackgroundService (BackgroundService.java:shutdown(148)) - Shutting down service BlockDeletingService
2019-09-19 04:01:31,272 [refreshUsed-/workdir/hadoop-ozone/integration-test/target/test-dir/MiniOzoneClusterImpl-048a2d1c-ec68-42a5-b9aa-3373df324185/datanode-2/data/containers] WARN  fs.CachingGetSpaceUsed (CachingGetSpaceUsed.java:run(183)) - Thread Interrupted waiting to refresh disk information: sleep interrupted
2019-09-19 04:01:31,286 [main] INFO  statemachine.DatanodeStateMachine (DatanodeStateMachine.java:stopDaemon(401)) - Ozone container server stopped.
2019-09-19 04:01:31,287 [main] INFO  handler.ContextHandler (ContextHandler.java:doStop(910)) - Stopped o.e.j.w.WebAppContext@4ff3ca23{/,null,UNAVAILABLE}{/hddsDatanode}
2019-09-19 04:01:31,288 [main] INFO  server.AbstractConnector (AbstractConnector.java:doStop(318)) - Stopped ServerConnector@65f8933b{HTTP/1.1,[http/1.1]}{0.0.0.0:0}
2019-09-19 04:01:31,288 [main] INFO  handler.ContextHandler (ContextHandler.java:doStop(910)) - Stopped o.e.j.s.ServletContextHandler@6ea4b4b2{/static,jar:file:/home/user/.m2/repository/org/apache/hadoop/hadoop-hdds-container-service/0.5.0-SNAPSHOT/hadoop-hdds-container-service-0.5.0-SNAPSHOT.jar!/webapps/static,UNAVAILABLE}
2019-09-19 04:01:31,288 [main] INFO  handler.ContextHandler (ContextHandler.java:doStop(910)) - Stopped o.e.j.s.ServletContextHandler@3c5797c6{/logs,file:///workdir/hadoop-ozone/integration-test/target/log,UNAVAILABLE}
2019-09-19 04:01:31,290 [main] INFO  datanode.ObjectStoreHandler (ObjectStoreHandler.java:close(155)) - Closing ObjectStoreHandler.
2019-09-19 04:01:31,292 [ForkJoinPool.commonPool-worker-0] INFO  statemachine.DatanodeStateMachine (DatanodeStateMachine.java:stopDaemon(401)) - Ozone container server stopped.
2019-09-19 04:01:31,292 [main] INFO  ozone.HddsDatanodeService (HddsDatanodeService.java:stop(451)) - Stopped plug-in org.apache.hadoop.ozone.web.OzoneHddsDatanodeService@28dae87e
2019-09-19 04:01:31,296 [ForkJoinPool.commonPool-worker-0] INFO  handler.ContextHandler (ContextHandler.java:doStop(910)) - Stopped o.e.j.w.WebAppContext@428440f2{/,null,UNAVAILABLE}{/hddsDatanode}
2019-09-19 04:01:31,297 [ForkJoinPool.commonPool-worker-0] INFO  server.AbstractConnector (AbstractConnector.java:doStop(318)) - Stopped ServerConnector@23c24c0e{HTTP/1.1,[http/1.1]}{0.0.0.0:0}
2019-09-19 04:01:31,298 [ForkJoinPool.commonPool-worker-0] INFO  handler.ContextHandler (ContextHandler.java:doStop(910)) - Stopped o.e.j.s.ServletContextHandler@8788194{/static,jar:file:/home/user/.m2/repository/org/apache/hadoop/hadoop-hdds-container-service/0.5.0-SNAPSHOT/hadoop-hdds-container-service-0.5.0-SNAPSHOT.jar!/webapps/static,UNAVAILABLE}
2019-09-19 04:01:31,300 [ForkJoinPool.commonPool-worker-0] INFO  handler.ContextHandler (ContextHandler.java:doStop(910)) - Stopped o.e.j.s.ServletContextHandler@489a722d{/logs,file:///workdir/hadoop-ozone/integration-test/target/log,UNAVAILABLE}
2019-09-19 04:01:31,301 [ForkJoinPool.commonPool-worker-0] INFO  datanode.ObjectStoreHandler (ObjectStoreHandler.java:close(155)) - Closing ObjectStoreHandler.
2019-09-19 04:01:31,301 [ForkJoinPool.commonPool-worker-0] INFO  ozone.HddsDatanodeService (HddsDatanodeService.java:stop(451)) - Stopped plug-in org.apache.hadoop.ozone.web.OzoneHddsDatanodeService@5d5b07e9
2019-09-19 04:01:31,391 [Datanode State Machine Thread - 0] INFO  statemachine.DatanodeStateMachine (DatanodeStateMachine.java:lambda$startDaemon$0(356)) - Ozone container server started.
2019-09-19 04:01:31,847 [Datanode State Machine Thread - 0] INFO  statemachine.DatanodeStateMachine (DatanodeStateMachine.java:lambda$startDaemon$0(356)) - Ozone container server started.
2019-09-19 04:01:35,423 [EventQueue-StaleNodeForStaleNodeHandler] INFO  node.StaleNodeHandler (StaleNodeHandler.java:onMessage(58)) - Datanode 164f4f1a-4ae3-4926-8bd0-17aa2d0a97c2{ip: 192.168.34.50, host: pr-hdds-2034-srnhl-2452957315, networkLocation: /default-rack, certSerialId: null} moved to stale state. Finalizing its pipelines [PipelineID=f09e861e-3c31-4b45-81e8-73833cd13017]
2019-09-19 04:01:35,423 [EventQueue-StaleNodeForStaleNodeHandler] INFO  pipeline.SCMPipelineManager (SCMPipelineManager.java:finalizeAndDestroyPipeline(336)) - destroying pipeline:Pipeline[ Id: f09e861e-3c31-4b45-81e8-73833cd13017, Nodes: 164f4f1a-4ae3-4926-8bd0-17aa2d0a97c2{ip: 192.168.34.50, host: pr-hdds-2034-srnhl-2452957315, networkLocation: /default-rack, certSerialId: null}, Type:RATIS, Factor:ONE, State:OPEN]
2019-09-19 04:01:35,423 [EventQueue-StaleNodeForStaleNodeHandler] INFO  pipeline.PipelineStateManager (PipelineStateManager.java:finalizePipeline(123)) - Pipeline Pipeline[ Id: f09e861e-3c31-4b45-81e8-73833cd13017, Nodes: 164f4f1a-4ae3-4926-8bd0-17aa2d0a97c2{ip: 192.168.34.50, host: pr-hdds-2034-srnhl-2452957315, networkLocation: /default-rack, certSerialId: null}, Type:RATIS, Factor:ONE, State:CLOSED] moved to CLOSED state
2019-09-19 04:01:35,923 [EventQueue-StaleNodeForStaleNodeHandler] INFO  node.StaleNodeHandler (StaleNodeHandler.java:onMessage(58)) - Datanode 948582b7-4442-4302-80ff-48806e2acd06{ip: 192.168.34.50, host: pr-hdds-2034-srnhl-2452957315, networkLocation: /default-rack, certSerialId: null} moved to stale state. Finalizing its pipelines [PipelineID=4b9e365c-cbf8-417b-9633-4a61c58abff6, PipelineID=0e965e4f-9d18-40ec-afec-2b25f1690fa2]
2019-09-19 04:01:35,924 [EventQueue-StaleNodeForStaleNodeHandler] INFO  pipeline.SCMPipelineManager (SCMPipelineManager.java:finalizeAndDestroyPipeline(336)) - destroying pipeline:Pipeline[ Id: 4b9e365c-cbf8-417b-9633-4a61c58abff6, Nodes: 948582b7-4442-4302-80ff-48806e2acd06{ip: 192.168.34.50, host: pr-hdds-2034-srnhl-2452957315, networkLocation: /default-rack, certSerialId: null}, Type:RATIS, Factor:ONE, State:OPEN]
2019-09-19 04:01:35,924 [EventQueue-StaleNodeForStaleNodeHandler] INFO  pipeline.PipelineStateManager (PipelineStateManager.java:finalizePipeline(123)) - Pipeline Pipeline[ Id: 4b9e365c-cbf8-417b-9633-4a61c58abff6, Nodes: 948582b7-4442-4302-80ff-48806e2acd06{ip: 192.168.34.50, host: pr-hdds-2034-srnhl-2452957315, networkLocation: /default-rack, certSerialId: null}, Type:RATIS, Factor:ONE, State:CLOSED] moved to CLOSED state
2019-09-19 04:01:35,924 [EventQueue-StaleNodeForStaleNodeHandler] INFO  pipeline.SCMPipelineManager (SCMPipelineManager.java:finalizeAndDestroyPipeline(336)) - destroying pipeline:Pipeline[ Id: 0e965e4f-9d18-40ec-afec-2b25f1690fa2, Nodes: 948582b7-4442-4302-80ff-48806e2acd06{ip: 192.168.34.50, host: pr-hdds-2034-srnhl-2452957315, networkLocation: /default-rack, certSerialId: null}3e5711c1-8fa4-42b5-a674-46644d3368a7{ip: 192.168.34.50, host: pr-hdds-2034-srnhl-2452957315, networkLocation: /default-rack, certSerialId: null}9845fec9-8f77-40ec-bd33-538f1e6b668f{ip: 192.168.34.50, host: pr-hdds-2034-srnhl-2452957315, networkLocation: /default-rack, certSerialId: null}, Type:RATIS, Factor:THREE, State:CLOSED]
2019-09-19 04:01:36,295 [main] INFO  ozoneimpl.OzoneContainer (OzoneContainer.java:stop(199)) - Attempting to stop container services.
2019-09-19 04:01:36,296 [main] INFO  impl.RaftServerProxy (RaftServerProxy.java:lambda$close$4(314)) - 164f4f1a-4ae3-4926-8bd0-17aa2d0a97c2: close
2019-09-19 04:01:36,296 [main] INFO  impl.RaftServerImpl (RaftServerImpl.java:lambda$shutdown$3(245)) - 164f4f1a-4ae3-4926-8bd0-17aa2d0a97c2: shutdown group-73833CD13017
2019-09-19 04:01:36,297 [main] INFO  util.JmxRegister (JmxRegister.java:unregister(73)) - Successfully un-registered JMX Bean with object name Ratis:service=RaftServer,group=group-73833CD13017,id=164f4f1a-4ae3-4926-8bd0-17aa2d0a97c2
2019-09-19 04:01:36,297 [main] INFO  impl.RoleInfo (RoleInfo.java:shutdownLeaderState(104)) - 164f4f1a-4ae3-4926-8bd0-17aa2d0a97c2: shutdown LeaderState
2019-09-19 04:01:36,298 [main] INFO  impl.PendingRequests (PendingRequests.java:sendNotLeaderResponses(202)) - 164f4f1a-4ae3-4926-8bd0-17aa2d0a97c2-PendingRequests: sendNotLeaderResponses
2019-09-19 04:01:36,299 [main] INFO  impl.StateMachineUpdater (StateMachineUpdater.java:stopAndJoin(115)) - StateMachineUpdater:164f4f1a-4ae3-4926-8bd0-17aa2d0a97c2:group-73833CD13017: set stopIndex = 0
2019-09-19 04:01:36,299 [main] INFO  impl.RaftServerImpl (ServerState.java:close(394)) - 164f4f1a-4ae3-4926-8bd0-17aa2d0a97c2:group-73833CD13017 closes. The last applied log index is 0
2019-09-19 04:01:36,300 [164f4f1a-4ae3-4926-8bd0-17aa2d0a97c2-SegmentedRaftLogWorker:Storage Directory /workdir/hadoop-ozone/integration-test/target/test-dir/MiniOzoneClusterImpl-048a2d1c-ec68-42a5-b9aa-3373df324185/datanode-6/data/ratis/f09e861e-3c31-4b45-81e8-73833cd13017] INFO  segmented.SegmentedRaftLogWorker (SegmentedRaftLogWorker.java:run(313)) - 164f4f1a-4ae3-4926-8bd0-17aa2d0a97c2-SegmentedRaftLogWorker:Storage Directory /workdir/hadoop-ozone/integration-test/target/test-dir/MiniOzoneClusterImpl-048a2d1c-ec68-42a5-b9aa-3373df324185/datanode-6/data/ratis/f09e861e-3c31-4b45-81e8-73833cd13017 was interrupted, exiting. There are 0 tasks remaining in the queue.
2019-09-19 04:01:36,300 [main] INFO  segmented.SegmentedRaftLogWorker (SegmentedRaftLogWorker.java:close(228)) - 164f4f1a-4ae3-4926-8bd0-17aa2d0a97c2-SegmentedRaftLogWorker:Storage Directory /workdir/hadoop-ozone/integration-test/target/test-dir/MiniOzoneClusterImpl-048a2d1c-ec68-42a5-b9aa-3373df324185/datanode-6/data/ratis/f09e861e-3c31-4b45-81e8-73833cd13017 close()
2019-09-19 04:01:36,303 [main] INFO  server.GrpcService (GrpcService.java:closeImpl(155)) - 164f4f1a-4ae3-4926-8bd0-17aa2d0a97c2: shutdown server with port 32852 now
2019-09-19 04:01:36,303 [ForkJoinPool.commonPool-worker-0] INFO  ozoneimpl.OzoneContainer (OzoneContainer.java:stop(199)) - Attempting to stop container services.
2019-09-19 04:01:36,304 [main] INFO  server.GrpcService (GrpcService.java:closeImpl(163)) - 164f4f1a-4ae3-4926-8bd0-17aa2d0a97c2: shutdown server with port 32852 successfully
2019-09-19 04:01:36,304 [ForkJoinPool.commonPool-worker-0] INFO  impl.RaftServerProxy (RaftServerProxy.java:lambda$close$4(314)) - 948582b7-4442-4302-80ff-48806e2acd06: close
2019-09-19 04:01:36,304 [ForkJoinPool.commonPool-worker-0] INFO  impl.RaftServerImpl (RaftServerImpl.java:lambda$shutdown$3(245)) - 948582b7-4442-4302-80ff-48806e2acd06: shutdown group-4A61C58ABFF6
2019-09-19 04:01:36,305 [ForkJoinPool.commonPool-worker-0] INFO  util.JmxRegister (JmxRegister.java:unregister(73)) - Successfully un-registered JMX Bean with object name Ratis:service=RaftServer,group=group-4A61C58ABFF6,id=948582b7-4442-4302-80ff-48806e2acd06
2019-09-19 04:01:36,305 [ForkJoinPool.commonPool-worker-0] INFO  impl.RoleInfo (RoleInfo.java:shutdownLeaderState(104)) - 948582b7-4442-4302-80ff-48806e2acd06: shutdown LeaderState
2019-09-19 04:01:36,305 [ForkJoinPool.commonPool-worker-0] INFO  impl.PendingRequests (PendingRequests.java:sendNotLeaderResponses(202)) - 948582b7-4442-4302-80ff-48806e2acd06-PendingRequests: sendNotLeaderResponses
2019-09-19 04:01:36,305 [ForkJoinPool.commonPool-worker-0] INFO  impl.StateMachineUpdater (StateMachineUpdater.java:stopAndJoin(115)) - StateMachineUpdater:948582b7-4442-4302-80ff-48806e2acd06:group-4A61C58ABFF6: set stopIndex = 0
2019-09-19 04:01:36,306 [ForkJoinPool.commonPool-worker-0] INFO  impl.RaftServerImpl (ServerState.java:close(394)) - 948582b7-4442-4302-80ff-48806e2acd06:group-4A61C58ABFF6 closes. The last applied log index is 0
2019-09-19 04:01:36,306 [948582b7-4442-4302-80ff-48806e2acd06-SegmentedRaftLogWorker:Storage Directory /workdir/hadoop-ozone/integration-test/target/test-dir/MiniOzoneClusterImpl-048a2d1c-ec68-42a5-b9aa-3373df324185/datanode-5/data/ratis/4b9e365c-cbf8-417b-9633-4a61c58abff6] INFO  segmented.SegmentedRaftLogWorker (SegmentedRaftLogWorker.java:run(313)) - 948582b7-4442-4302-80ff-48806e2acd06-SegmentedRaftLogWorker:Storage Directory /workdir/hadoop-ozone/integration-test/target/test-dir/MiniOzoneClusterImpl-048a2d1c-ec68-42a5-b9aa-3373df324185/datanode-5/data/ratis/4b9e365c-cbf8-417b-9633-4a61c58abff6 was interrupted, exiting. There are 0 tasks remaining in the queue.
2019-09-19 04:01:36,307 [ForkJoinPool.commonPool-worker-0] INFO  segmented.SegmentedRaftLogWorker (SegmentedRaftLogWorker.java:close(228)) - 948582b7-4442-4302-80ff-48806e2acd06-SegmentedRaftLogWorker:Storage Directory /workdir/hadoop-ozone/integration-test/target/test-dir/MiniOzoneClusterImpl-048a2d1c-ec68-42a5-b9aa-3373df324185/datanode-5/data/ratis/4b9e365c-cbf8-417b-9633-4a61c58abff6 close()
2019-09-19 04:01:36,308 [ForkJoinPool.commonPool-worker-0] INFO  impl.RaftServerImpl (RaftServerImpl.java:lambda$shutdown$3(245)) - 948582b7-4442-4302-80ff-48806e2acd06: shutdown group-2B25F1690FA2
2019-09-19 04:01:36,310 [ForkJoinPool.commonPool-worker-0] INFO  util.JmxRegister (JmxRegister.java:unregister(73)) - Successfully un-registered JMX Bean with object name Ratis:service=RaftServer,group=group-2B25F1690FA2,id=948582b7-4442-4302-80ff-48806e2acd06
2019-09-19 04:01:36,310 [ForkJoinPool.commonPool-worker-0] INFO  impl.RoleInfo (RoleInfo.java:shutdownFollowerState(121)) - 948582b7-4442-4302-80ff-48806e2acd06: shutdown FollowerState
2019-09-19 04:01:36,311 [main] INFO  utils.BackgroundService (BackgroundService.java:shutdown(148)) - Shutting down service BlockDeletingService
2019-09-19 04:01:36,311 [StateMachineUpdater:948582b7-4442-4302-80ff-48806e2acd06:group-2B25F1690FA2] INFO  ratis.ContainerStateMachine (ContainerStateMachine.java:takeSnapshot(283)) - group-2B25F1690FA2: Taking a snapshot at:(t:1, i:14) file /workdir/hadoop-ozone/integration-test/target/test-dir/MiniOzoneClusterImpl-048a2d1c-ec68-42a5-b9aa-3373df324185/datanode-5/data/ratis/0e965e4f-9d18-40ec-afec-2b25f1690fa2/sm/snapshot.1_14
2019-09-19 04:01:36,311 [Thread-3418] INFO  impl.FollowerState (FollowerState.java:run(114)) - 948582b7-4442-4302-80ff-48806e2acd06: FollowerState was interrupted: java.lang.InterruptedException: sleep interrupted
2019-09-19 04:01:36,311 [ForkJoinPool.commonPool-worker-0] INFO  impl.StateMachineUpdater (StateMachineUpdater.java:stopAndJoin(115)) - StateMachineUpdater:948582b7-4442-4302-80ff-48806e2acd06:group-2B25F1690FA2: set stopIndex = 16
2019-09-19 04:01:36,314 [refreshUsed-/workdir/hadoop-ozone/integration-test/target/test-dir/MiniOzoneClusterImpl-048a2d1c-ec68-42a5-b9aa-3373df324185/datanode-6/data/containers] WARN  fs.CachingGetSpaceUsed (CachingGetSpaceUsed.java:run(183)) - Thread Interrupted waiting to refresh disk information: sleep interrupted
2019-09-19 04:01:36,332 [main] INFO  statemachine.DatanodeStateMachine (DatanodeStateMachine.java:stopDaemon(401)) - Ozone container server stopped.
2019-09-19 04:01:36,334 [main] INFO  handler.ContextHandler (ContextHandler.java:doStop(910)) - Stopped o.e.j.w.WebAppContext@30ee413a{/,null,UNAVAILABLE}{/hddsDatanode}
2019-09-19 04:01:36,336 [main] INFO  server.AbstractConnector (AbstractConnector.java:doStop(318)) - Stopped ServerConnector@7405e77f{HTTP/1.1,[http/1.1]}{0.0.0.0:0}
2019-09-19 04:01:36,336 [main] INFO  handler.ContextHandler (ContextHandler.java:doStop(910)) - Stopped o.e.j.s.ServletContextHandler@68ad030d{/static,jar:file:/home/user/.m2/repository/org/apache/hadoop/hadoop-hdds-container-service/0.5.0-SNAPSHOT/hadoop-hdds-container-service-0.5.0-SNAPSHOT.jar!/webapps/static,UNAVAILABLE}
2019-09-19 04:01:36,337 [main] INFO  handler.ContextHandler (ContextHandler.java:doStop(910)) - Stopped o.e.j.s.ServletContextHandler@57af157c{/logs,file:///workdir/hadoop-ozone/integration-test/target/log,UNAVAILABLE}
2019-09-19 04:01:36,374 [StateMachineUpdater:948582b7-4442-4302-80ff-48806e2acd06:group-2B25F1690FA2] INFO  ratis.ContainerStateMachine (ContainerStateMachine.java:takeSnapshot(294)) - group-2B25F1690FA2: Finished taking a snapshot at:(t:1, i:14) file:/workdir/hadoop-ozone/integration-test/target/test-dir/MiniOzoneClusterImpl-048a2d1c-ec68-42a5-b9aa-3373df324185/datanode-5/data/ratis/0e965e4f-9d18-40ec-afec-2b25f1690fa2/sm/snapshot.1_14 time:62
2019-09-19 04:01:36,374 [StateMachineUpdater:948582b7-4442-4302-80ff-48806e2acd06:group-2B25F1690FA2] INFO  impl.StateMachineUpdater (StateMachineUpdater.java:takeSnapshot(242)) - StateMachineUpdater:948582b7-4442-4302-80ff-48806e2acd06:group-2B25F1690FA2: Took a snapshot at index 14
2019-09-19 04:01:36,374 [StateMachineUpdater:948582b7-4442-4302-80ff-48806e2acd06:group-2B25F1690FA2] INFO  impl.StateMachineUpdater (StateMachineUpdater.java:lambda$new$0(80)) - StateMachineUpdater:948582b7-4442-4302-80ff-48806e2acd06:group-2B25F1690FA2: snapshotIndex: updateIncreasingly -1 -> 14
2019-09-19 04:01:36,374 [ForkJoinPool.commonPool-worker-0] INFO  impl.RaftServerImpl (ServerState.java:close(394)) - 948582b7-4442-4302-80ff-48806e2acd06:group-2B25F1690FA2 closes. The last applied log index is 16
2019-09-19 04:01:36,375 [948582b7-4442-4302-80ff-48806e2acd06-SegmentedRaftLogWorker:Storage Directory /workdir/hadoop-ozone/integration-test/target/test-dir/MiniOzoneClusterImpl-048a2d1c-ec68-42a5-b9aa-3373df324185/datanode-5/data/ratis/0e965e4f-9d18-40ec-afec-2b25f1690fa2] INFO  segmented.SegmentedRaftLogWorker (SegmentedRaftLogWorker.java:run(313)) - 948582b7-4442-4302-80ff-48806e2acd06-SegmentedRaftLogWorker:Storage Directory /workdir/hadoop-ozone/integration-test/target/test-dir/MiniOzoneClusterImpl-048a2d1c-ec68-42a5-b9aa-3373df324185/datanode-5/data/ratis/0e965e4f-9d18-40ec-afec-2b25f1690fa2 was interrupted, exiting. There are 0 tasks remaining in the queue.
2019-09-19 04:01:36,375 [ForkJoinPool.commonPool-worker-0] INFO  segmented.SegmentedRaftLogWorker (SegmentedRaftLogWorker.java:close(228)) - 948582b7-4442-4302-80ff-48806e2acd06-SegmentedRaftLogWorker:Storage Directory /workdir/hadoop-ozone/integration-test/target/test-dir/MiniOzoneClusterImpl-048a2d1c-ec68-42a5-b9aa-3373df324185/datanode-5/data/ratis/0e965e4f-9d18-40ec-afec-2b25f1690fa2 close()
2019-09-19 04:01:36,377 [ForkJoinPool.commonPool-worker-0] INFO  server.GrpcService (GrpcService.java:closeImpl(155)) - 948582b7-4442-4302-80ff-48806e2acd06: shutdown server with port 34040 now
2019-09-19 04:01:36,378 [ForkJoinPool.commonPool-worker-0] INFO  server.GrpcService (GrpcService.java:closeImpl(163)) - 948582b7-4442-4302-80ff-48806e2acd06: shutdown server with port 34040 successfully
2019-09-19 04:01:36,379 [ForkJoinPool.commonPool-worker-0] INFO  utils.BackgroundService (BackgroundService.java:shutdown(148)) - Shutting down service BlockDeletingService
2019-09-19 04:01:36,382 [refreshUsed-/workdir/hadoop-ozone/integration-test/target/test-dir/MiniOzoneClusterImpl-048a2d1c-ec68-42a5-b9aa-3373df324185/datanode-5/data/containers] WARN  fs.CachingGetSpaceUsed (CachingGetSpaceUsed.java:run(183)) - Thread Interrupted waiting to refresh disk information: sleep interrupted
2019-09-19 04:01:36,395 [ForkJoinPool.commonPool-worker-0] INFO  statemachine.DatanodeStateMachine (DatanodeStateMachine.java:stopDaemon(401)) - Ozone container server stopped.
2019-09-19 04:01:36,398 [ForkJoinPool.commonPool-worker-0] INFO  handler.ContextHandler (ContextHandler.java:doStop(910)) - Stopped o.e.j.w.WebAppContext@361065d1{/,null,UNAVAILABLE}{/hddsDatanode}
2019-09-19 04:01:36,399 [ForkJoinPool.commonPool-worker-0] INFO  server.AbstractConnector (AbstractConnector.java:doStop(318)) - Stopped ServerConnector@78395e28{HTTP/1.1,[http/1.1]}{0.0.0.0:0}
2019-09-19 04:01:36,400 [ForkJoinPool.commonPool-worker-0] INFO  handler.ContextHandler (ContextHandler.java:doStop(910)) - Stopped o.e.j.s.ServletContextHandler@b45e264{/static,jar:file:/home/user/.m2/repository/org/apache/hadoop/hadoop-hdds-container-service/0.5.0-SNAPSHOT/hadoop-hdds-container-service-0.5.0-SNAPSHOT.jar!/webapps/static,UNAVAILABLE}
2019-09-19 04:01:36,401 [ForkJoinPool.commonPool-worker-0] INFO  handler.ContextHandler (ContextHandler.java:doStop(910)) - Stopped o.e.j.s.ServletContextHandler@2ddb260e{/logs,file:///workdir/hadoop-ozone/integration-test/target/log,UNAVAILABLE}
2019-09-19 04:01:36,402 [main] INFO  ozone.MiniOzoneClusterImpl (MiniOzoneClusterImpl.java:stop(359)) - Stopping the StorageContainerManager
2019-09-19 04:01:36,402 [main] INFO  server.StorageContainerManager (StorageContainerManager.java:stop(799)) - Stopping Replication Manager Service.
2019-09-19 04:01:36,402 [main] INFO  container.ReplicationManager (ReplicationManager.java:stop(192)) - Stopping Replication Monitor Thread.
2019-09-19 04:01:36,402 [main] INFO  server.StorageContainerManager (StorageContainerManager.java:stop(806)) - Stopping Lease Manager of the command watchers
2019-09-19 04:01:36,403 [main] INFO  server.StorageContainerManager (StorageContainerManager.java:stop(813)) - Stopping datanode service RPC server
2019-09-19 04:01:36,403 [main] INFO  server.SCMDatanodeProtocolServer (SCMDatanodeProtocolServer.java:stop(387)) - Stopping the RPC server for DataNodes
2019-09-19 04:01:36,403 [main] INFO  ipc.Server (Server.java:stop(3082)) - Stopping server on 39122
2019-09-19 04:01:36,405 [IPC Server listener on 39122] INFO  ipc.Server (Server.java:run(1185)) - Stopping IPC Server listener on 39122
2019-09-19 04:01:36,407 [IPC Server Responder] INFO  ipc.Server (Server.java:run(1319)) - Stopping IPC Server Responder
2019-09-19 04:01:36,424 [SCM Heartbeat Processing Thread - 0] WARN  node.NodeStateManager (NodeStateManager.java:scheduleNextHealthCheck(655)) - Current Thread is interrupted, shutting down HB processing thread for Node Manager.
2019-09-19 04:01:36,424 [main] INFO  server.StorageContainerManager (StorageContainerManager.java:stop(821)) - Stopping block service RPC server
2019-09-19 04:01:36,424 [main] INFO  server.SCMBlockProtocolServer (SCMBlockProtocolServer.java:stop(148)) - Stopping the RPC server for Block Protocol
2019-09-19 04:01:36,425 [main] INFO  ipc.Server (Server.java:stop(3082)) - Stopping server on 45786
2019-09-19 04:01:36,426 [IPC Server listener on 45786] INFO  ipc.Server (Server.java:run(1185)) - Stopping IPC Server listener on 45786
2019-09-19 04:01:36,426 [main] INFO  server.StorageContainerManager (StorageContainerManager.java:stop(828)) - Stopping the StorageContainerLocationProtocol RPC server
2019-09-19 04:01:36,428 [main] INFO  server.SCMClientProtocolServer (SCMClientProtocolServer.java:stop(159)) - Stopping the RPC server for Client Protocol
2019-09-19 04:01:36,428 [main] INFO  ipc.Server (Server.java:stop(3082)) - Stopping server on 43929
2019-09-19 04:01:36,428 [IPC Server Responder] INFO  ipc.Server (Server.java:run(1319)) - Stopping IPC Server Responder
2019-09-19 04:01:36,430 [IPC Server listener on 43929] INFO  ipc.Server (Server.java:run(1185)) - Stopping IPC Server listener on 43929
2019-09-19 04:01:36,430 [main] INFO  server.StorageContainerManager (StorageContainerManager.java:stop(835)) - Stopping Storage Container Manager HTTP server.
2019-09-19 04:01:36,431 [IPC Server Responder] INFO  ipc.Server (Server.java:run(1319)) - Stopping IPC Server Responder
2019-09-19 04:01:36,433 [main] INFO  handler.ContextHandler (ContextHandler.java:doStop(910)) - Stopped o.e.j.w.WebAppContext@203ba07{/,null,UNAVAILABLE}{/scm}
2019-09-19 04:01:36,434 [main] INFO  server.AbstractConnector (AbstractConnector.java:doStop(318)) - Stopped ServerConnector@5e572ad6{HTTP/1.1,[http/1.1]}{0.0.0.0:0}
2019-09-19 04:01:36,434 [main] INFO  handler.ContextHandler (ContextHandler.java:doStop(910)) - Stopped o.e.j.s.ServletContextHandler@17af9f67{/static,file:///workdir/hadoop-ozone/integration-test/target/test-classes/webapps/static,UNAVAILABLE}
2019-09-19 04:01:36,434 [main] INFO  handler.ContextHandler (ContextHandler.java:doStop(910)) - Stopped o.e.j.s.ServletContextHandler@36b2b6e6{/logs,file:///workdir/hadoop-ozone/integration-test/target/log,UNAVAILABLE}
2019-09-19 04:01:36,435 [main] INFO  server.StorageContainerManager (StorageContainerManager.java:stop(846)) - Stopping Block Manager Service.
2019-09-19 04:01:36,435 [main] INFO  utils.BackgroundService (BackgroundService.java:shutdown(148)) - Shutting down service SCMBlockDeletingService
2019-09-19 04:01:36,436 [main] INFO  utils.BackgroundService (BackgroundService.java:shutdown(148)) - Shutting down service SCMBlockDeletingService
2019-09-19 04:01:36,436 [main] INFO  server.StorageContainerManager (StorageContainerManager.java:stop(868)) - Stopping SCM Event Queue.
2019-09-19 04:01:36,441 [main] INFO  impl.MetricsSystemImpl (MetricsSystemImpl.java:stop(210)) - Stopping HddsDatanode metrics system...
2019-09-19 04:01:36,454 [main] INFO  impl.MetricsSystemImpl (MetricsSystemImpl.java:stop(216)) - HddsDatanode metrics system stopped.
]]></system-out>
    <system-err><![CDATA[Sep 19, 2019 4:00:41 AM com.sun.jersey.server.impl.application.WebApplicationImpl _initiate
INFO: Initiating Jersey application, version 'Jersey: 1.19 02/11/2015 03:25 AM'
Sep 19, 2019 4:00:41 AM com.sun.jersey.server.impl.application.WebApplicationImpl _initiate
INFO: Initiating Jersey application, version 'Jersey: 1.19 02/11/2015 03:25 AM'
Sep 19, 2019 4:00:42 AM com.sun.jersey.server.impl.application.WebApplicationImpl _initiate
INFO: Initiating Jersey application, version 'Jersey: 1.19 02/11/2015 03:25 AM'
Sep 19, 2019 4:00:42 AM com.sun.jersey.server.impl.application.WebApplicationImpl _initiate
INFO: Initiating Jersey application, version 'Jersey: 1.19 02/11/2015 03:25 AM'
Sep 19, 2019 4:00:42 AM com.sun.jersey.server.impl.application.WebApplicationImpl _initiate
INFO: Initiating Jersey application, version 'Jersey: 1.19 02/11/2015 03:25 AM'
Sep 19, 2019 4:00:42 AM com.sun.jersey.server.impl.application.WebApplicationImpl _initiate
INFO: Initiating Jersey application, version 'Jersey: 1.19 02/11/2015 03:25 AM'
Sep 19, 2019 4:00:43 AM com.sun.jersey.server.impl.application.WebApplicationImpl _initiate
INFO: Initiating Jersey application, version 'Jersey: 1.19 02/11/2015 03:25 AM'
Sep 19, 2019 4:00:48 AM org.apache.ratis.thirdparty.io.grpc.internal.ManagedChannelOrphanWrapper$ManagedChannelReference cleanQueue
SEVERE: *~*~*~ Channel ManagedChannelImpl{logId=2608, target=192.168.34.50:42959} was not shutdown properly!!! ~*~*~*
    Make sure to call shutdown()/shutdownNow() and wait until awaitTermination() returns true.
java.lang.RuntimeException: ManagedChannel allocation site
	at org.apache.ratis.thirdparty.io.grpc.internal.ManagedChannelOrphanWrapper$ManagedChannelReference.<init>(ManagedChannelOrphanWrapper.java:103)
	at org.apache.ratis.thirdparty.io.grpc.internal.ManagedChannelOrphanWrapper.<init>(ManagedChannelOrphanWrapper.java:53)
	at org.apache.ratis.thirdparty.io.grpc.internal.ManagedChannelOrphanWrapper.<init>(ManagedChannelOrphanWrapper.java:44)
	at org.apache.ratis.thirdparty.io.grpc.internal.AbstractManagedChannelImplBuilder.build(AbstractManagedChannelImplBuilder.java:411)
	at org.apache.ratis.grpc.client.GrpcClientProtocolClient.<init>(GrpcClientProtocolClient.java:119)
	at org.apache.ratis.grpc.client.GrpcClientRpc.lambda$new$0(GrpcClientRpc.java:55)
	at org.apache.ratis.util.PeerProxyMap$PeerAndProxy.lambda$getProxy$0(PeerProxyMap.java:61)
	at org.apache.ratis.util.LifeCycle.startAndTransition(LifeCycle.java:202)
	at org.apache.ratis.util.PeerProxyMap$PeerAndProxy.getProxy(PeerProxyMap.java:60)
	at org.apache.ratis.util.PeerProxyMap.getProxy(PeerProxyMap.java:107)
	at org.apache.ratis.grpc.client.GrpcClientRpc.sendRequestAsync(GrpcClientRpc.java:66)
	at org.apache.ratis.client.impl.OrderedAsync.sendRequest(OrderedAsync.java:208)
	at org.apache.ratis.client.impl.OrderedAsync.sendRequestWithRetry(OrderedAsync.java:169)
	at org.apache.ratis.util.SlidingWindow$Client.sendOrDelayRequest(SlidingWindow.java:278)
	at org.apache.ratis.util.SlidingWindow$Client.retry(SlidingWindow.java:294)
	at org.apache.ratis.client.impl.OrderedAsync.lambda$scheduleWithTimeout$7(OrderedAsync.java:195)
	at org.apache.ratis.util.TimeoutScheduler.lambda$onTimeout$0(TimeoutScheduler.java:85)
	at org.apache.ratis.util.TimeoutScheduler.lambda$onTimeout$1(TimeoutScheduler.java:104)
	at org.apache.ratis.util.LogUtils.runAndLog(LogUtils.java:50)
	at org.apache.ratis.util.LogUtils$1.run(LogUtils.java:91)
	at java.util.concurrent.Executors$RunnableAdapter.call(Executors.java:511)
	at java.util.concurrent.FutureTask.run(FutureTask.java:266)
	at java.util.concurrent.ScheduledThreadPoolExecutor$ScheduledFutureTask.access$201(ScheduledThreadPoolExecutor.java:180)
	at java.util.concurrent.ScheduledThreadPoolExecutor$ScheduledFutureTask.run(ScheduledThreadPoolExecutor.java:293)
	at java.util.concurrent.ThreadPoolExecutor.runWorker(ThreadPoolExecutor.java:1149)
	at java.util.concurrent.ThreadPoolExecutor$Worker.run(ThreadPoolExecutor.java:624)
	at java.lang.Thread.run(Thread.java:748)

Sep 19, 2019 4:00:48 AM org.apache.ratis.thirdparty.io.grpc.internal.ManagedChannelOrphanWrapper$ManagedChannelReference cleanQueue
SEVERE: *~*~*~ Channel ManagedChannelImpl{logId=2643, target=192.168.34.50:37085} was not shutdown properly!!! ~*~*~*
    Make sure to call shutdown()/shutdownNow() and wait until awaitTermination() returns true.
java.lang.RuntimeException: ManagedChannel allocation site
	at org.apache.ratis.thirdparty.io.grpc.internal.ManagedChannelOrphanWrapper$ManagedChannelReference.<init>(ManagedChannelOrphanWrapper.java:103)
	at org.apache.ratis.thirdparty.io.grpc.internal.ManagedChannelOrphanWrapper.<init>(ManagedChannelOrphanWrapper.java:53)
	at org.apache.ratis.thirdparty.io.grpc.internal.ManagedChannelOrphanWrapper.<init>(ManagedChannelOrphanWrapper.java:44)
	at org.apache.ratis.thirdparty.io.grpc.internal.AbstractManagedChannelImplBuilder.build(AbstractManagedChannelImplBuilder.java:411)
	at org.apache.hadoop.hdds.scm.XceiverClientGrpc.connectToDatanode(XceiverClientGrpc.java:175)
	at org.apache.hadoop.hdds.scm.XceiverClientGrpc.reconnect(XceiverClientGrpc.java:423)
	at org.apache.hadoop.hdds.scm.XceiverClientGrpc.sendCommandAsync(XceiverClientGrpc.java:372)
	at org.apache.hadoop.hdds.scm.XceiverClientGrpc.sendCommandWithRetry(XceiverClientGrpc.java:285)
	at org.apache.hadoop.hdds.scm.XceiverClientGrpc.sendCommandWithTraceIDAndRetry(XceiverClientGrpc.java:251)
	at org.apache.hadoop.hdds.scm.XceiverClientGrpc.sendCommand(XceiverClientGrpc.java:234)
	at org.apache.hadoop.hdds.scm.storage.ContainerProtocolCalls.getBlock(ContainerProtocolCalls.java:118)
	at org.apache.hadoop.hdds.scm.storage.BlockInputStream.getChunkInfos(BlockInputStream.java:167)
	at org.apache.hadoop.hdds.scm.storage.BlockInputStream.initialize(BlockInputStream.java:118)
	at org.apache.hadoop.hdds.scm.storage.BlockInputStream.read(BlockInputStream.java:222)
	at org.apache.hadoop.ozone.client.io.KeyInputStream.read(KeyInputStream.java:171)
	at org.apache.hadoop.ozone.client.io.OzoneInputStream.read(OzoneInputStream.java:47)
	at java.io.InputStream.read(InputStream.java:101)
	at org.apache.hadoop.ozone.container.ContainerTestHelper.validateData(ContainerTestHelper.java:713)
	at org.apache.hadoop.ozone.client.rpc.TestBlockOutputStreamWithFailures.validateData(TestBlockOutputStreamWithFailures.java:1216)
	at org.apache.hadoop.ozone.client.rpc.TestBlockOutputStreamWithFailures.testWatchForCommitWithSingleNodeRatis(TestBlockOutputStreamWithFailures.java:918)
	at sun.reflect.NativeMethodAccessorImpl.invoke0(Native Method)
	at sun.reflect.NativeMethodAccessorImpl.invoke(NativeMethodAccessorImpl.java:62)
	at sun.reflect.DelegatingMethodAccessorImpl.invoke(DelegatingMethodAccessorImpl.java:43)
	at java.lang.reflect.Method.invoke(Method.java:498)
	at org.junit.runners.model.FrameworkMethod$1.runReflectiveCall(FrameworkMethod.java:47)
	at org.junit.internal.runners.model.ReflectiveCallable.run(ReflectiveCallable.java:12)
	at org.junit.runners.model.FrameworkMethod.invokeExplosively(FrameworkMethod.java:44)
	at org.junit.internal.runners.statements.InvokeMethod.evaluate(InvokeMethod.java:17)
	at org.junit.internal.runners.statements.RunBefores.evaluate(RunBefores.java:26)
	at org.junit.internal.runners.statements.RunAfters.evaluate(RunAfters.java:27)
	at org.junit.runners.ParentRunner.runLeaf(ParentRunner.java:271)
	at org.junit.runners.BlockJUnit4ClassRunner.runChild(BlockJUnit4ClassRunner.java:70)
	at org.junit.runners.BlockJUnit4ClassRunner.runChild(BlockJUnit4ClassRunner.java:50)
	at org.junit.runners.ParentRunner$3.run(ParentRunner.java:238)
	at org.junit.runners.ParentRunner$1.schedule(ParentRunner.java:63)
	at org.junit.runners.ParentRunner.runChildren(ParentRunner.java:236)
	at org.junit.runners.ParentRunner.access$000(ParentRunner.java:53)
	at org.junit.runners.ParentRunner$2.evaluate(ParentRunner.java:229)
	at org.junit.runners.ParentRunner.run(ParentRunner.java:309)
	at org.apache.maven.surefire.junit4.JUnit4Provider.execute(JUnit4Provider.java:365)
	at org.apache.maven.surefire.junit4.JUnit4Provider.executeWithRerun(JUnit4Provider.java:273)
	at org.apache.maven.surefire.junit4.JUnit4Provider.executeTestSet(JUnit4Provider.java:238)
	at org.apache.maven.surefire.junit4.JUnit4Provider.invoke(JUnit4Provider.java:159)
	at org.apache.maven.surefire.booter.ForkedBooter.invokeProviderInSameClassLoader(ForkedBooter.java:384)
	at org.apache.maven.surefire.booter.ForkedBooter.runSuitesInProcess(ForkedBooter.java:345)
	at org.apache.maven.surefire.booter.ForkedBooter.execute(ForkedBooter.java:126)
	at org.apache.maven.surefire.booter.ForkedBooter.main(ForkedBooter.java:418)

Sep 19, 2019 4:00:48 AM org.apache.ratis.thirdparty.io.grpc.internal.ManagedChannelOrphanWrapper$ManagedChannelReference cleanQueue
SEVERE: *~*~*~ Channel ManagedChannelImpl{logId=2633, target=192.168.34.50:38456} was not shutdown properly!!! ~*~*~*
    Make sure to call shutdown()/shutdownNow() and wait until awaitTermination() returns true.
java.lang.RuntimeException: ManagedChannel allocation site
	at org.apache.ratis.thirdparty.io.grpc.internal.ManagedChannelOrphanWrapper$ManagedChannelReference.<init>(ManagedChannelOrphanWrapper.java:103)
	at org.apache.ratis.thirdparty.io.grpc.internal.ManagedChannelOrphanWrapper.<init>(ManagedChannelOrphanWrapper.java:53)
	at org.apache.ratis.thirdparty.io.grpc.internal.ManagedChannelOrphanWrapper.<init>(ManagedChannelOrphanWrapper.java:44)
	at org.apache.ratis.thirdparty.io.grpc.internal.AbstractManagedChannelImplBuilder.build(AbstractManagedChannelImplBuilder.java:411)
	at org.apache.ratis.grpc.client.GrpcClientProtocolClient.<init>(GrpcClientProtocolClient.java:119)
	at org.apache.ratis.grpc.client.GrpcClientRpc.lambda$new$0(GrpcClientRpc.java:55)
	at org.apache.ratis.util.PeerProxyMap$PeerAndProxy.lambda$getProxy$0(PeerProxyMap.java:61)
	at org.apache.ratis.util.LifeCycle.startAndTransition(LifeCycle.java:202)
	at org.apache.ratis.util.PeerProxyMap$PeerAndProxy.getProxy(PeerProxyMap.java:60)
	at org.apache.ratis.util.PeerProxyMap.getProxy(PeerProxyMap.java:107)
	at org.apache.ratis.grpc.client.GrpcClientRpc.sendRequestAsync(GrpcClientRpc.java:66)
	at org.apache.ratis.client.impl.OrderedAsync.sendRequest(OrderedAsync.java:208)
	at org.apache.ratis.client.impl.OrderedAsync.sendRequestWithRetry(OrderedAsync.java:169)
	at org.apache.ratis.util.SlidingWindow$Client.sendOrDelayRequest(SlidingWindow.java:278)
	at org.apache.ratis.util.SlidingWindow$Client.submitNewRequest(SlidingWindow.java:257)
	at org.apache.ratis.client.impl.OrderedAsync.send(OrderedAsync.java:155)
	at org.apache.ratis.client.impl.RaftClientImpl.sendAsync(RaftClientImpl.java:145)
	at org.apache.ratis.client.impl.RaftClientImpl.sendAsync(RaftClientImpl.java:125)
	at org.apache.hadoop.hdds.scm.XceiverClientRatis.sendRequestAsync(XceiverClientRatis.java:224)
	at org.apache.hadoop.hdds.scm.XceiverClientRatis.sendCommandAsync(XceiverClientRatis.java:302)
	at org.apache.hadoop.hdds.scm.storage.ContainerProtocolCalls.writeChunkAsync(ContainerProtocolCalls.java:310)
	at org.apache.hadoop.hdds.scm.storage.BlockOutputStream.writeChunkToContainer(BlockOutputStream.java:601)
	at org.apache.hadoop.hdds.scm.storage.BlockOutputStream.writeChunk(BlockOutputStream.java:459)
	at org.apache.hadoop.hdds.scm.storage.BlockOutputStream.writeOnRetry(BlockOutputStream.java:285)
	at org.apache.hadoop.ozone.client.io.BlockOutputStreamEntry.writeOnRetry(BlockOutputStreamEntry.java:200)
	at org.apache.hadoop.ozone.client.io.KeyOutputStream.handleWrite(KeyOutputStream.java:209)
	at org.apache.hadoop.ozone.client.io.KeyOutputStream.handleRetry(KeyOutputStream.java:376)
	at org.apache.hadoop.ozone.client.io.KeyOutputStream.handleException(KeyOutputStream.java:325)
	at org.apache.hadoop.ozone.client.io.KeyOutputStream.handleFlushOrClose(KeyOutputStream.java:448)
	at org.apache.hadoop.ozone.client.io.KeyOutputStream.handleWrite(KeyOutputStream.java:235)
	at org.apache.hadoop.ozone.client.io.KeyOutputStream.write(KeyOutputStream.java:193)
	at org.apache.hadoop.ozone.client.io.OzoneOutputStream.write(OzoneOutputStream.java:49)
	at java.io.OutputStream.write(OutputStream.java:75)
	at org.apache.hadoop.ozone.client.rpc.TestBlockOutputStreamWithFailures.testWatchForCommitWithSingleNodeRatis(TestBlockOutputStreamWithFailures.java:885)
	at sun.reflect.NativeMethodAccessorImpl.invoke0(Native Method)
	at sun.reflect.NativeMethodAccessorImpl.invoke(NativeMethodAccessorImpl.java:62)
	at sun.reflect.DelegatingMethodAccessorImpl.invoke(DelegatingMethodAccessorImpl.java:43)
	at java.lang.reflect.Method.invoke(Method.java:498)
	at org.junit.runners.model.FrameworkMethod$1.runReflectiveCall(FrameworkMethod.java:47)
	at org.junit.internal.runners.model.ReflectiveCallable.run(ReflectiveCallable.java:12)
	at org.junit.runners.model.FrameworkMethod.invokeExplosively(FrameworkMethod.java:44)
	at org.junit.internal.runners.statements.InvokeMethod.evaluate(InvokeMethod.java:17)
	at org.junit.internal.runners.statements.RunBefores.evaluate(RunBefores.java:26)
	at org.junit.internal.runners.statements.RunAfters.evaluate(RunAfters.java:27)
	at org.junit.runners.ParentRunner.runLeaf(ParentRunner.java:271)
	at org.junit.runners.BlockJUnit4ClassRunner.runChild(BlockJUnit4ClassRunner.java:70)
	at org.junit.runners.BlockJUnit4ClassRunner.runChild(BlockJUnit4ClassRunner.java:50)
	at org.junit.runners.ParentRunner$3.run(ParentRunner.java:238)
	at org.junit.runners.ParentRunner$1.schedule(ParentRunner.java:63)
	at org.junit.runners.ParentRunner.runChildren(ParentRunner.java:236)
	at org.junit.runners.ParentRunner.access$000(ParentRunner.java:53)
	at org.junit.runners.ParentRunner$2.evaluate(ParentRunner.java:229)
	at org.junit.runners.ParentRunner.run(ParentRunner.java:309)
	at org.apache.maven.surefire.junit4.JUnit4Provider.execute(JUnit4Provider.java:365)
	at org.apache.maven.surefire.junit4.JUnit4Provider.executeWithRerun(JUnit4Provider.java:273)
	at org.apache.maven.surefire.junit4.JUnit4Provider.executeTestSet(JUnit4Provider.java:238)
	at org.apache.maven.surefire.junit4.JUnit4Provider.invoke(JUnit4Provider.java:159)
	at org.apache.maven.surefire.booter.ForkedBooter.invokeProviderInSameClassLoader(ForkedBooter.java:384)
	at org.apache.maven.surefire.booter.ForkedBooter.runSuitesInProcess(ForkedBooter.java:345)
	at org.apache.maven.surefire.booter.ForkedBooter.execute(ForkedBooter.java:126)
	at org.apache.maven.surefire.booter.ForkedBooter.main(ForkedBooter.java:418)

Sep 19, 2019 4:00:48 AM org.apache.ratis.thirdparty.io.grpc.internal.ManagedChannelOrphanWrapper$ManagedChannelReference cleanQueue
SEVERE: *~*~*~ Channel ManagedChannelImpl{logId=2638, target=192.168.34.50:41362} was not shutdown properly!!! ~*~*~*
    Make sure to call shutdown()/shutdownNow() and wait until awaitTermination() returns true.
java.lang.RuntimeException: ManagedChannel allocation site
	at org.apache.ratis.thirdparty.io.grpc.internal.ManagedChannelOrphanWrapper$ManagedChannelReference.<init>(ManagedChannelOrphanWrapper.java:103)
	at org.apache.ratis.thirdparty.io.grpc.internal.ManagedChannelOrphanWrapper.<init>(ManagedChannelOrphanWrapper.java:53)
	at org.apache.ratis.thirdparty.io.grpc.internal.ManagedChannelOrphanWrapper.<init>(ManagedChannelOrphanWrapper.java:44)
	at org.apache.ratis.thirdparty.io.grpc.internal.AbstractManagedChannelImplBuilder.build(AbstractManagedChannelImplBuilder.java:411)
	at org.apache.hadoop.hdds.scm.XceiverClientGrpc.connectToDatanode(XceiverClientGrpc.java:175)
	at org.apache.hadoop.hdds.scm.XceiverClientGrpc.reconnect(XceiverClientGrpc.java:423)
	at org.apache.hadoop.hdds.scm.XceiverClientGrpc.sendCommandAsync(XceiverClientGrpc.java:372)
	at org.apache.hadoop.hdds.scm.XceiverClientGrpc.sendCommandWithRetry(XceiverClientGrpc.java:285)
	at org.apache.hadoop.hdds.scm.XceiverClientGrpc.sendCommandWithTraceIDAndRetry(XceiverClientGrpc.java:251)
	at org.apache.hadoop.hdds.scm.XceiverClientGrpc.sendCommand(XceiverClientGrpc.java:234)
	at org.apache.hadoop.hdds.scm.storage.ContainerProtocolCalls.getBlock(ContainerProtocolCalls.java:118)
	at org.apache.hadoop.hdds.scm.storage.BlockInputStream.getChunkInfos(BlockInputStream.java:167)
	at org.apache.hadoop.hdds.scm.storage.BlockInputStream.initialize(BlockInputStream.java:118)
	at org.apache.hadoop.hdds.scm.storage.BlockInputStream.read(BlockInputStream.java:222)
	at org.apache.hadoop.ozone.client.io.KeyInputStream.read(KeyInputStream.java:171)
	at org.apache.hadoop.ozone.client.io.OzoneInputStream.read(OzoneInputStream.java:47)
	at java.io.InputStream.read(InputStream.java:101)
	at org.apache.hadoop.ozone.container.ContainerTestHelper.validateData(ContainerTestHelper.java:713)
	at org.apache.hadoop.ozone.client.rpc.TestBlockOutputStreamWithFailures.validateData(TestBlockOutputStreamWithFailures.java:1216)
	at org.apache.hadoop.ozone.client.rpc.TestBlockOutputStreamWithFailures.testWatchForCommitWithSingleNodeRatis(TestBlockOutputStreamWithFailures.java:918)
	at sun.reflect.NativeMethodAccessorImpl.invoke0(Native Method)
	at sun.reflect.NativeMethodAccessorImpl.invoke(NativeMethodAccessorImpl.java:62)
	at sun.reflect.DelegatingMethodAccessorImpl.invoke(DelegatingMethodAccessorImpl.java:43)
	at java.lang.reflect.Method.invoke(Method.java:498)
	at org.junit.runners.model.FrameworkMethod$1.runReflectiveCall(FrameworkMethod.java:47)
	at org.junit.internal.runners.model.ReflectiveCallable.run(ReflectiveCallable.java:12)
	at org.junit.runners.model.FrameworkMethod.invokeExplosively(FrameworkMethod.java:44)
	at org.junit.internal.runners.statements.InvokeMethod.evaluate(InvokeMethod.java:17)
	at org.junit.internal.runners.statements.RunBefores.evaluate(RunBefores.java:26)
	at org.junit.internal.runners.statements.RunAfters.evaluate(RunAfters.java:27)
	at org.junit.runners.ParentRunner.runLeaf(ParentRunner.java:271)
	at org.junit.runners.BlockJUnit4ClassRunner.runChild(BlockJUnit4ClassRunner.java:70)
	at org.junit.runners.BlockJUnit4ClassRunner.runChild(BlockJUnit4ClassRunner.java:50)
	at org.junit.runners.ParentRunner$3.run(ParentRunner.java:238)
	at org.junit.runners.ParentRunner$1.schedule(ParentRunner.java:63)
	at org.junit.runners.ParentRunner.runChildren(ParentRunner.java:236)
	at org.junit.runners.ParentRunner.access$000(ParentRunner.java:53)
	at org.junit.runners.ParentRunner$2.evaluate(ParentRunner.java:229)
	at org.junit.runners.ParentRunner.run(ParentRunner.java:309)
	at org.apache.maven.surefire.junit4.JUnit4Provider.execute(JUnit4Provider.java:365)
	at org.apache.maven.surefire.junit4.JUnit4Provider.executeWithRerun(JUnit4Provider.java:273)
	at org.apache.maven.surefire.junit4.JUnit4Provider.executeTestSet(JUnit4Provider.java:238)
	at org.apache.maven.surefire.junit4.JUnit4Provider.invoke(JUnit4Provider.java:159)
	at org.apache.maven.surefire.booter.ForkedBooter.invokeProviderInSameClassLoader(ForkedBooter.java:384)
	at org.apache.maven.surefire.booter.ForkedBooter.runSuitesInProcess(ForkedBooter.java:345)
	at org.apache.maven.surefire.booter.ForkedBooter.execute(ForkedBooter.java:126)
	at org.apache.maven.surefire.booter.ForkedBooter.main(ForkedBooter.java:418)

]]></system-err>
  </testcase>
  <testcase name="testFailureWithPrimeSizedData" classname="org.apache.hadoop.ozone.client.rpc.TestBlockOutputStreamWithFailures" time="40.869"/>
  <testcase name="testWatchForCommitWithCloseContainerException" classname="org.apache.hadoop.ozone.client.rpc.TestBlockOutputStreamWithFailures" time="41.478"/>
  <testcase name="testExceptionDuringClose" classname="org.apache.hadoop.ozone.client.rpc.TestBlockOutputStreamWithFailures" time="38.331"/>
</testsuite>