<?xml version="1.0" encoding="UTF-8"?>
<testsuite xmlns:xsi="http://www.w3.org/2001/XMLSchema-instance" xsi:noNamespaceSchemaLocation="https://maven.apache.org/surefire/maven-surefire-plugin/xsd/surefire-test-report.xsd" name="org.apache.hadoop.hdds.scm.pipeline.TestNodeFailure" time="35.692" tests="1" errors="1" skipped="0" failures="0">
  <properties>
    <property name="awt.toolkit" value="sun.awt.X11.XToolkit"/>
    <property name="file.encoding.pkg" value="sun.io"/>
    <property name="java.specification.version" value="1.8"/>
    <property name="sun.cpu.isalist" value=""/>
    <property name="sun.jnu.encoding" value="UTF-8"/>
    <property name="java.class.path" value="/workdir/hadoop-ozone/integration-test/target/test-classes:/workdir/hadoop-ozone/integration-test/target/classes:/home/user/.m2/repository/org/apache/hadoop/hadoop-ozone-common/0.5.0-SNAPSHOT/hadoop-ozone-common-0.5.0-SNAPSHOT.jar:/home/user/.m2/repository/org/apache/commons/commons-compress/1.4.1/commons-compress-1.4.1.jar:/home/user/.m2/repository/org/tukaani/xz/1.0/xz-1.0.jar:/home/user/.m2/repository/org/apache/hadoop/hadoop-common/3.2.0/hadoop-common-3.2.0.jar:/home/user/.m2/repository/org/apache/hadoop/hadoop-hdfs/3.2.0/hadoop-hdfs-3.2.0.jar:/home/user/.m2/repository/org/apache/hadoop/hadoop-hdfs-client/3.2.0/hadoop-hdfs-client-3.2.0.jar:/home/user/.m2/repository/com/fasterxml/jackson/core/jackson-annotations/2.9.5/jackson-annotations-2.9.5.jar:/home/user/.m2/repository/org/apache/hadoop/hadoop-hdds-common/0.5.0-SNAPSHOT/hadoop-hdds-common-0.5.0-SNAPSHOT.jar:/home/user/.m2/repository/javax/annotation/javax.annotation-api/1.2/javax.annotation-api-1.2.jar:/home/user/.m2/repository/org/apache/ratis/ratis-server/0.4.0-2337318-SNAPSHOT/ratis-server-0.4.0-2337318-SNAPSHOT.jar:/home/user/.m2/repository/org/apache/ratis/ratis-thirdparty-misc/0.2.0/ratis-thirdparty-misc-0.2.0.jar:/home/user/.m2/repository/org/apache/ratis/ratis-proto/0.4.0-2337318-SNAPSHOT/ratis-proto-0.4.0-2337318-SNAPSHOT.jar:/home/user/.m2/repository/org/apache/ratis/ratis-common/0.4.0-2337318-SNAPSHOT/ratis-common-0.4.0-2337318-SNAPSHOT.jar:/home/user/.m2/repository/org/apache/ratis/ratis-client/0.4.0-2337318-SNAPSHOT/ratis-client-0.4.0-2337318-SNAPSHOT.jar:/home/user/.m2/repository/org/apache/ratis/ratis-metrics/0.4.0-2337318-SNAPSHOT/ratis-metrics-0.4.0-2337318-SNAPSHOT.jar:/home/user/.m2/repository/org/apache/ratis/ratis-netty/0.4.0-2337318-SNAPSHOT/ratis-netty-0.4.0-2337318-SNAPSHOT.jar:/home/user/.m2/repository/org/apache/ratis/ratis-grpc/0.4.0-2337318-SNAPSHOT/ratis-grpc-0.4.0-2337318-SNAPSHOT.jar:/home/user/.m2/repository/org/rocksdb/rocksdbjni/6.0.1/rocksdbjni-6.0.1.jar:/home/user/.m2/repository/org/apache/logging/log4j/log4j-api/2.11.0/log4j-api-2.11.0.jar:/home/user/.m2/repository/org/apache/logging/log4j/log4j-core/2.11.0/log4j-core-2.11.0.jar:/home/user/.m2/repository/com/lmax/disruptor/3.4.2/disruptor-3.4.2.jar:/home/user/.m2/repository/org/apache/commons/commons-pool2/2.6.0/commons-pool2-2.6.0.jar:/home/user/.m2/repository/org/bouncycastle/bcpkix-jdk15on/1.60/bcpkix-jdk15on-1.60.jar:/home/user/.m2/repository/commons-validator/commons-validator/1.6/commons-validator-1.6.jar:/home/user/.m2/repository/commons-digester/commons-digester/1.8.1/commons-digester-1.8.1.jar:/home/user/.m2/repository/io/jaegertracing/jaeger-client/0.33.1/jaeger-client-0.33.1.jar:/home/user/.m2/repository/io/jaegertracing/jaeger-thrift/0.33.1/jaeger-thrift-0.33.1.jar:/home/user/.m2/repository/org/apache/thrift/libthrift/0.11.0/libthrift-0.11.0.jar:/home/user/.m2/repository/com/squareup/okhttp3/okhttp/3.9.0/okhttp-3.9.0.jar:/home/user/.m2/repository/com/squareup/okio/okio/1.13.0/okio-1.13.0.jar:/home/user/.m2/repository/io/jaegertracing/jaeger-core/0.33.1/jaeger-core-0.33.1.jar:/home/user/.m2/repository/io/jaegertracing/jaeger-tracerresolver/0.33.1/jaeger-tracerresolver-0.33.1.jar:/home/user/.m2/repository/io/opentracing/contrib/opentracing-tracerresolver/0.1.5/opentracing-tracerresolver-0.1.5.jar:/home/user/.m2/repository/io/opentracing/opentracing-util/0.31.0/opentracing-util-0.31.0.jar:/home/user/.m2/repository/io/opentracing/opentracing-api/0.31.0/opentracing-api-0.31.0.jar:/home/user/.m2/repository/io/opentracing/opentracing-noop/0.31.0/opentracing-noop-0.31.0.jar:/home/user/.m2/repository/org/apache/hadoop/hadoop-hdds-server-framework/0.5.0-SNAPSHOT/hadoop-hdds-server-framework-0.5.0-SNAPSHOT.jar:/home/user/.m2/repository/org/apache/hadoop/hadoop-hdds-container-service/0.5.0-SNAPSHOT/hadoop-hdds-container-service-0.5.0-SNAPSHOT.jar:/home/user/.m2/repository/org/apache/hadoop/hadoop-hdds-client/0.5.0-SNAPSHOT/hadoop-hdds-client-0.5.0-SNAPSHOT.jar:/home/user/.m2/repository/org/apache/hadoop/hadoop-hdds-tools/0.5.0-SNAPSHOT/hadoop-hdds-tools-0.5.0-SNAPSHOT.jar:/home/user/.m2/repository/org/apache/hadoop/hadoop-hdds-server-scm/0.5.0-SNAPSHOT/hadoop-hdds-server-scm-0.5.0-SNAPSHOT.jar:/home/user/.m2/repository/org/apache/hadoop/hadoop-hdds-docs/0.5.0-SNAPSHOT/hadoop-hdds-docs-0.5.0-SNAPSHOT.jar:/home/user/.m2/repository/io/dropwizard/metrics/metrics-core/3.2.4/metrics-core-3.2.4.jar:/home/user/.m2/repository/org/hamcrest/hamcrest-all/1.3/hamcrest-all-1.3.jar:/home/user/.m2/repository/org/bouncycastle/bcprov-jdk15on/1.60/bcprov-jdk15on-1.60.jar:/home/user/.m2/repository/info/picocli/picocli/3.9.6/picocli-3.9.6.jar:/home/user/.m2/repository/com/google/protobuf/protobuf-java/2.5.0/protobuf-java-2.5.0.jar:/home/user/.m2/repository/com/google/guava/guava/11.0.2/guava-11.0.2.jar:/home/user/.m2/repository/org/apache/hadoop/hadoop-ozone-ozone-manager/0.5.0-SNAPSHOT/hadoop-ozone-ozone-manager-0.5.0-SNAPSHOT.jar:/home/user/.m2/repository/org/apache/hadoop/hadoop-minikdc/3.2.0/hadoop-minikdc-3.2.0.jar:/home/user/.m2/repository/commons-io/commons-io/2.5/commons-io-2.5.jar:/home/user/.m2/repository/org/apache/kerby/kerb-simplekdc/1.0.1/kerb-simplekdc-1.0.1.jar:/home/user/.m2/repository/org/apache/kerby/kerb-client/1.0.1/kerb-client-1.0.1.jar:/home/user/.m2/repository/org/apache/kerby/kerby-config/1.0.1/kerby-config-1.0.1.jar:/home/user/.m2/repository/org/apache/kerby/kerb-core/1.0.1/kerb-core-1.0.1.jar:/home/user/.m2/repository/org/apache/kerby/kerby-pkix/1.0.1/kerby-pkix-1.0.1.jar:/home/user/.m2/repository/org/apache/kerby/kerby-asn1/1.0.1/kerby-asn1-1.0.1.jar:/home/user/.m2/repository/org/apache/kerby/kerby-util/1.0.1/kerby-util-1.0.1.jar:/home/user/.m2/repository/org/apache/kerby/kerb-common/1.0.1/kerb-common-1.0.1.jar:/home/user/.m2/repository/org/apache/kerby/kerb-crypto/1.0.1/kerb-crypto-1.0.1.jar:/home/user/.m2/repository/org/apache/kerby/kerb-util/1.0.1/kerb-util-1.0.1.jar:/home/user/.m2/repository/org/apache/kerby/token-provider/1.0.1/token-provider-1.0.1.jar:/home/user/.m2/repository/org/apache/kerby/kerb-admin/1.0.1/kerb-admin-1.0.1.jar:/home/user/.m2/repository/org/apache/kerby/kerb-server/1.0.1/kerb-server-1.0.1.jar:/home/user/.m2/repository/org/apache/kerby/kerb-identity/1.0.1/kerb-identity-1.0.1.jar:/home/user/.m2/repository/org/apache/kerby/kerby-xdr/1.0.1/kerby-xdr-1.0.1.jar:/home/user/.m2/repository/org/slf4j/slf4j-log4j12/1.7.25/slf4j-log4j12-1.7.25.jar:/home/user/.m2/repository/org/apache/hadoop/hadoop-ozone-objectstore-service/0.5.0-SNAPSHOT/hadoop-ozone-objectstore-service-0.5.0-SNAPSHOT.jar:/home/user/.m2/repository/org/apache/hadoop/hadoop-ozone-s3gateway/0.5.0-SNAPSHOT/hadoop-ozone-s3gateway-0.5.0-SNAPSHOT.jar:/home/user/.m2/repository/org/jboss/weld/servlet/weld-servlet/2.4.7.Final/weld-servlet-2.4.7.Final.jar:/home/user/.m2/repository/org/glassfish/jersey/containers/jersey-container-servlet-core/2.27/jersey-container-servlet-core-2.27.jar:/home/user/.m2/repository/org/glassfish/hk2/external/javax.inject/2.5.0-b42/javax.inject-2.5.0-b42.jar:/home/user/.m2/repository/org/glassfish/jersey/core/jersey-common/2.27/jersey-common-2.27.jar:/home/user/.m2/repository/org/glassfish/hk2/osgi-resource-locator/1.0.1/osgi-resource-locator-1.0.1.jar:/home/user/.m2/repository/javax/ws/rs/javax.ws.rs-api/2.1/javax.ws.rs-api-2.1.jar:/home/user/.m2/repository/org/glassfish/jersey/ext/cdi/jersey-cdi1x/2.27/jersey-cdi1x-2.27.jar:/home/user/.m2/repository/org/glassfish/jersey/inject/jersey-hk2/2.27/jersey-hk2-2.27.jar:/home/user/.m2/repository/org/glassfish/hk2/hk2-locator/2.5.0-b42/hk2-locator-2.5.0-b42.jar:/home/user/.m2/repository/org/javassist/javassist/3.22.0-CR2/javassist-3.22.0-CR2.jar:/home/user/.m2/repository/org/glassfish/hk2/hk2-api/2.5.0/hk2-api-2.5.0.jar:/home/user/.m2/repository/org/glassfish/hk2/external/jakarta.inject/2.5.0/jakarta.inject-2.5.0.jar:/home/user/.m2/repository/org/glassfish/hk2/hk2-utils/2.5.0/hk2-utils-2.5.0.jar:/home/user/.m2/repository/jakarta/annotation/jakarta.annotation-api/1.3.4/jakarta.annotation-api-1.3.4.jar:/home/user/.m2/repository/org/glassfish/hk2/external/aopalliance-repackaged/2.5.0/aopalliance-repackaged-2.5.0.jar:/home/user/.m2/repository/com/fasterxml/jackson/dataformat/jackson-dataformat-xml/2.9.0/jackson-dataformat-xml-2.9.0.jar:/home/user/.m2/repository/com/fasterxml/jackson/core/jackson-core/2.9.5/jackson-core-2.9.5.jar:/home/user/.m2/repository/com/fasterxml/jackson/module/jackson-module-jaxb-annotations/2.9.5/jackson-module-jaxb-annotations-2.9.5.jar:/home/user/.m2/repository/javax/enterprise/cdi-api/1.2/cdi-api-1.2.jar:/home/user/.m2/repository/javax/el/javax.el-api/3.0.0/javax.el-api-3.0.0.jar:/home/user/.m2/repository/javax/interceptor/javax.interceptor-api/1.2/javax.interceptor-api-1.2.jar:/home/user/.m2/repository/javax/inject/javax.inject/1/javax.inject-1.jar:/home/user/.m2/repository/com/sun/xml/bind/jaxb-impl/2.3.0.1/jaxb-impl-2.3.0.1.jar:/home/user/.m2/repository/com/sun/xml/bind/jaxb-core/2.3.0.1/jaxb-core-2.3.0.1.jar:/home/user/.m2/repository/javax/xml/bind/jaxb-api/2.3.0/jaxb-api-2.3.0.jar:/home/user/.m2/repository/javax/activation/activation/1.1.1/activation-1.1.1.jar:/home/user/.m2/repository/org/apache/hadoop/hadoop-ozone-csi/0.5.0-SNAPSHOT/hadoop-ozone-csi-0.5.0-SNAPSHOT.jar:/home/user/.m2/repository/com/google/protobuf/protobuf-java-util/3.5.1/protobuf-java-util-3.5.1.jar:/home/user/.m2/repository/org/apache/hadoop/hadoop-hdds-config/0.5.0-SNAPSHOT/hadoop-hdds-config-0.5.0-SNAPSHOT.jar:/home/user/.m2/repository/io/grpc/grpc-netty/1.17.1/grpc-netty-1.17.1.jar:/home/user/.m2/repository/io/grpc/grpc-core/1.17.1/grpc-core-1.17.1.jar:/home/user/.m2/repository/io/grpc/grpc-context/1.17.1/grpc-context-1.17.1.jar:/home/user/.m2/repository/com/google/errorprone/error_prone_annotations/2.2.0/error_prone_annotations-2.2.0.jar:/home/user/.m2/repository/org/codehaus/mojo/animal-sniffer-annotations/1.17/animal-sniffer-annotations-1.17.jar:/home/user/.m2/repository/io/opencensus/opencensus-api/0.17.0/opencensus-api-0.17.0.jar:/home/user/.m2/repository/io/opencensus/opencensus-contrib-grpc-metrics/0.17.0/opencensus-contrib-grpc-metrics-0.17.0.jar:/home/user/.m2/repository/io/netty/netty-codec-http2/4.1.30.Final/netty-codec-http2-4.1.30.Final.jar:/home/user/.m2/repository/io/netty/netty-codec-http/4.1.30.Final/netty-codec-http-4.1.30.Final.jar:/home/user/.m2/repository/io/netty/netty-codec/4.1.30.Final/netty-codec-4.1.30.Final.jar:/home/user/.m2/repository/io/netty/netty-handler/4.1.30.Final/netty-handler-4.1.30.Final.jar:/home/user/.m2/repository/io/netty/netty-handler-proxy/4.1.30.Final/netty-handler-proxy-4.1.30.Final.jar:/home/user/.m2/repository/io/netty/netty-codec-socks/4.1.30.Final/netty-codec-socks-4.1.30.Final.jar:/home/user/.m2/repository/io/netty/netty-transport-native-epoll/4.1.30.Final/netty-transport-native-epoll-4.1.30.Final.jar:/home/user/.m2/repository/io/netty/netty-common/4.1.30.Final/netty-common-4.1.30.Final.jar:/home/user/.m2/repository/io/netty/netty-buffer/4.1.30.Final/netty-buffer-4.1.30.Final.jar:/home/user/.m2/repository/io/netty/netty-transport/4.1.30.Final/netty-transport-4.1.30.Final.jar:/home/user/.m2/repository/io/netty/netty-resolver/4.1.30.Final/netty-resolver-4.1.30.Final.jar:/home/user/.m2/repository/io/netty/netty-transport-native-unix-common/4.1.30.Final/netty-transport-native-unix-common-4.1.30.Final.jar:/home/user/.m2/repository/io/grpc/grpc-protobuf/1.17.1/grpc-protobuf-1.17.1.jar:/home/user/.m2/repository/com/google/api/grpc/proto-google-common-protos/1.0.0/proto-google-common-protos-1.0.0.jar:/home/user/.m2/repository/io/grpc/grpc-protobuf-lite/1.17.1/grpc-protobuf-lite-1.17.1.jar:/home/user/.m2/repository/io/grpc/grpc-stub/1.17.1/grpc-stub-1.17.1.jar:/home/user/.m2/repository/org/apache/hadoop/hadoop-ozone-recon/0.5.0-SNAPSHOT/hadoop-ozone-recon-0.5.0-SNAPSHOT.jar:/home/user/.m2/repository/org/apache/hadoop/hadoop-ozone-reconcodegen/0.5.0-SNAPSHOT/hadoop-ozone-reconcodegen-0.5.0-SNAPSHOT.jar:/home/user/.m2/repository/com/google/inject/extensions/guice-multibindings/4.0/guice-multibindings-4.0.jar:/home/user/.m2/repository/com/google/inject/guice/4.0/guice-4.0.jar:/home/user/.m2/repository/aopalliance/aopalliance/1.0/aopalliance-1.0.jar:/home/user/.m2/repository/com/google/inject/extensions/guice-servlet/4.0/guice-servlet-4.0.jar:/home/user/.m2/repository/org/glassfish/jersey/containers/jersey-container-servlet/2.27/jersey-container-servlet-2.27.jar:/home/user/.m2/repository/org/glassfish/hk2/guice-bridge/2.5.0/guice-bridge-2.5.0.jar:/home/user/.m2/repository/org/glassfish/jersey/core/jersey-server/2.27/jersey-server-2.27.jar:/home/user/.m2/repository/org/glassfish/jersey/core/jersey-client/2.27/jersey-client-2.27.jar:/home/user/.m2/repository/org/glassfish/jersey/media/jersey-media-jaxb/2.27/jersey-media-jaxb-2.27.jar:/home/user/.m2/repository/javax/validation/validation-api/1.1.0.Final/validation-api-1.1.0.Final.jar:/home/user/.m2/repository/org/glassfish/jersey/media/jersey-media-json-jackson/2.27/jersey-media-json-jackson-2.27.jar:/home/user/.m2/repository/org/glassfish/jersey/ext/jersey-entity-filtering/2.27/jersey-entity-filtering-2.27.jar:/home/user/.m2/repository/com/google/inject/extensions/guice-assistedinject/4.0/guice-assistedinject-4.0.jar:/home/user/.m2/repository/org/jooq/jooq/3.11.10/jooq-3.11.10.jar:/home/user/.m2/repository/org/jooq/jooq-meta/3.11.10/jooq-meta-3.11.10.jar:/home/user/.m2/repository/org/jooq/jooq-codegen/3.11.10/jooq-codegen-3.11.10.jar:/home/user/.m2/repository/com/jolbox/bonecp/0.8.0.RELEASE/bonecp-0.8.0.RELEASE.jar:/home/user/.m2/repository/org/xerial/sqlite-jdbc/3.25.2/sqlite-jdbc-3.25.2.jar:/home/user/.m2/repository/org/springframework/spring-jdbc/5.1.3.RELEASE/spring-jdbc-5.1.3.RELEASE.jar:/home/user/.m2/repository/org/springframework/spring-beans/5.1.3.RELEASE/spring-beans-5.1.3.RELEASE.jar:/home/user/.m2/repository/org/springframework/spring-core/5.1.3.RELEASE/spring-core-5.1.3.RELEASE.jar:/home/user/.m2/repository/org/springframework/spring-jcl/5.1.3.RELEASE/spring-jcl-5.1.3.RELEASE.jar:/home/user/.m2/repository/org/springframework/spring-tx/5.1.3.RELEASE/spring-tx-5.1.3.RELEASE.jar:/home/user/.m2/repository/org/apache/hadoop/hadoop-ozone-client/0.5.0-SNAPSHOT/hadoop-ozone-client-0.5.0-SNAPSHOT.jar:/home/user/.m2/repository/commons-lang/commons-lang/2.6/commons-lang-2.6.jar:/home/user/.m2/repository/org/apache/hadoop/hadoop-ozone-ozone-manager/0.5.0-SNAPSHOT/hadoop-ozone-ozone-manager-0.5.0-SNAPSHOT-tests.jar:/home/user/.m2/repository/junit/junit/4.11/junit-4.11.jar:/home/user/.m2/repository/org/hamcrest/hamcrest-core/1.3/hamcrest-core-1.3.jar:/home/user/.m2/repository/org/openjdk/jmh/jmh-core/1.19/jmh-core-1.19.jar:/home/user/.m2/repository/net/sf/jopt-simple/jopt-simple/4.6/jopt-simple-4.6.jar:/home/user/.m2/repository/org/apache/commons/commons-math3/3.1.1/commons-math3-3.1.1.jar:/home/user/.m2/repository/org/openjdk/jmh/jmh-generator-annprocess/1.19/jmh-generator-annprocess-1.19.jar:/home/user/.m2/repository/org/mockito/mockito-all/1.8.5/mockito-all-1.8.5.jar:/home/user/.m2/repository/org/apache/hadoop/hadoop-kms/3.2.0/hadoop-kms-3.2.0.jar:/home/user/.m2/repository/org/apache/hadoop/hadoop-auth/3.2.0/hadoop-auth-3.2.0.jar:/home/user/.m2/repository/com/nimbusds/nimbus-jose-jwt/4.41.1/nimbus-jose-jwt-4.41.1.jar:/home/user/.m2/repository/com/github/stephenc/jcip/jcip-annotations/1.0-1/jcip-annotations-1.0-1.jar:/home/user/.m2/repository/net/minidev/json-smart/2.3/json-smart-2.3.jar:/home/user/.m2/repository/net/minidev/accessors-smart/1.2/accessors-smart-1.2.jar:/home/user/.m2/repository/org/ow2/asm/asm/5.0.4/asm-5.0.4.jar:/home/user/.m2/repository/org/apache/curator/curator-framework/2.12.0/curator-framework-2.12.0.jar:/home/user/.m2/repository/com/sun/jersey/jersey-core/1.19/jersey-core-1.19.jar:/home/user/.m2/repository/javax/ws/rs/jsr311-api/1.1.1/jsr311-api-1.1.1.jar:/home/user/.m2/repository/com/sun/jersey/jersey-server/1.19/jersey-server-1.19.jar:/home/user/.m2/repository/javax/servlet/javax.servlet-api/3.1.0/javax.servlet-api-3.1.0.jar:/home/user/.m2/repository/org/eclipse/jetty/jetty-server/9.3.24.v20180605/jetty-server-9.3.24.v20180605.jar:/home/user/.m2/repository/org/eclipse/jetty/jetty-http/9.3.24.v20180605/jetty-http-9.3.24.v20180605.jar:/home/user/.m2/repository/org/eclipse/jetty/jetty-io/9.3.24.v20180605/jetty-io-9.3.24.v20180605.jar:/home/user/.m2/repository/org/eclipse/jetty/jetty-webapp/9.3.24.v20180605/jetty-webapp-9.3.24.v20180605.jar:/home/user/.m2/repository/org/eclipse/jetty/jetty-xml/9.3.24.v20180605/jetty-xml-9.3.24.v20180605.jar:/home/user/.m2/repository/log4j/log4j/1.2.17/log4j-1.2.17.jar:/home/user/.m2/repository/org/slf4j/slf4j-api/1.7.25/slf4j-api-1.7.25.jar:/home/user/.m2/repository/org/slf4j/jul-to-slf4j/1.7.25/jul-to-slf4j-1.7.25.jar:/home/user/.m2/repository/org/eclipse/jetty/jetty-util/9.3.24.v20180605/jetty-util-9.3.24.v20180605.jar:/home/user/.m2/repository/com/fasterxml/jackson/core/jackson-databind/2.9.5/jackson-databind-2.9.5.jar:/home/user/.m2/repository/org/apache/hadoop/hadoop-kms/3.2.0/hadoop-kms-3.2.0-tests.jar:/home/user/.m2/repository/org/apache/hadoop/hadoop-hdds-server-scm/0.5.0-SNAPSHOT/hadoop-hdds-server-scm-0.5.0-SNAPSHOT-tests.jar:/home/user/.m2/repository/org/apache/hadoop/hadoop-hdds-container-service/0.5.0-SNAPSHOT/hadoop-hdds-container-service-0.5.0-SNAPSHOT-tests.jar:/home/user/.m2/repository/org/yaml/snakeyaml/1.16/snakeyaml-1.16.jar:/home/user/.m2/repository/org/apache/hadoop/hadoop-common/3.2.0/hadoop-common-3.2.0-tests.jar:/home/user/.m2/repository/org/apache/hadoop/hadoop-annotations/3.2.0/hadoop-annotations-3.2.0.jar:/usr/lib/jvm/java-1.8-openjdk/jre/../lib/tools.jar:/home/user/.m2/repository/commons-cli/commons-cli/1.2/commons-cli-1.2.jar:/home/user/.m2/repository/org/apache/httpcomponents/httpclient/4.5.2/httpclient-4.5.2.jar:/home/user/.m2/repository/org/apache/httpcomponents/httpcore/4.4.4/httpcore-4.4.4.jar:/home/user/.m2/repository/commons-codec/commons-codec/1.11/commons-codec-1.11.jar:/home/user/.m2/repository/commons-net/commons-net/3.6/commons-net-3.6.jar:/home/user/.m2/repository/commons-collections/commons-collections/3.2.2/commons-collections-3.2.2.jar:/home/user/.m2/repository/org/eclipse/jetty/jetty-servlet/9.3.24.v20180605/jetty-servlet-9.3.24.v20180605.jar:/home/user/.m2/repository/org/eclipse/jetty/jetty-security/9.3.24.v20180605/jetty-security-9.3.24.v20180605.jar:/home/user/.m2/repository/javax/servlet/jsp/jsp-api/2.1/jsp-api-2.1.jar:/home/user/.m2/repository/com/sun/jersey/jersey-servlet/1.19/jersey-servlet-1.19.jar:/home/user/.m2/repository/com/sun/jersey/jersey-json/1.19/jersey-json-1.19.jar:/home/user/.m2/repository/org/codehaus/jettison/jettison/1.1/jettison-1.1.jar:/home/user/.m2/repository/org/codehaus/jackson/jackson-core-asl/1.9.13/jackson-core-asl-1.9.13.jar:/home/user/.m2/repository/org/codehaus/jackson/jackson-mapper-asl/1.9.13/jackson-mapper-asl-1.9.13.jar:/home/user/.m2/repository/org/codehaus/jackson/jackson-jaxrs/1.9.13/jackson-jaxrs-1.9.13.jar:/home/user/.m2/repository/org/codehaus/jackson/jackson-xc/1.9.13/jackson-xc-1.9.13.jar:/home/user/.m2/repository/commons-logging/commons-logging/1.1.3/commons-logging-1.1.3.jar:/home/user/.m2/repository/commons-beanutils/commons-beanutils/1.9.3/commons-beanutils-1.9.3.jar:/home/user/.m2/repository/org/apache/commons/commons-configuration2/2.1.1/commons-configuration2-2.1.1.jar:/home/user/.m2/repository/org/apache/commons/commons-lang3/3.7/commons-lang3-3.7.jar:/home/user/.m2/repository/org/apache/commons/commons-text/1.4/commons-text-1.4.jar:/home/user/.m2/repository/org/apache/avro/avro/1.7.7/avro-1.7.7.jar:/home/user/.m2/repository/com/thoughtworks/paranamer/paranamer/2.3/paranamer-2.3.jar:/home/user/.m2/repository/org/xerial/snappy/snappy-java/1.0.5/snappy-java-1.0.5.jar:/home/user/.m2/repository/com/google/re2j/re2j/1.1/re2j-1.1.jar:/home/user/.m2/repository/com/google/code/gson/gson/2.2.4/gson-2.2.4.jar:/home/user/.m2/repository/com/jcraft/jsch/0.1.54/jsch-0.1.54.jar:/home/user/.m2/repository/org/apache/curator/curator-client/2.12.0/curator-client-2.12.0.jar:/home/user/.m2/repository/org/apache/curator/curator-recipes/2.12.0/curator-recipes-2.12.0.jar:/home/user/.m2/repository/com/google/code/findbugs/jsr305/3.0.0/jsr305-3.0.0.jar:/home/user/.m2/repository/org/apache/htrace/htrace-core4/4.1.0-incubating/htrace-core4-4.1.0-incubating.jar:/home/user/.m2/repository/org/apache/zookeeper/zookeeper/3.4.13/zookeeper-3.4.13.jar:/home/user/.m2/repository/org/apache/yetus/audience-annotations/0.5.0/audience-annotations-0.5.0.jar:/home/user/.m2/repository/org/codehaus/woodstox/stax2-api/3.1.4/stax2-api-3.1.4.jar:/home/user/.m2/repository/com/fasterxml/woodstox/woodstox-core/5.0.3/woodstox-core-5.0.3.jar:/home/user/.m2/repository/dnsjava/dnsjava/2.1.7/dnsjava-2.1.7.jar:/home/user/.m2/repository/org/apache/hadoop/hadoop-hdfs/3.2.0/hadoop-hdfs-3.2.0-tests.jar:/home/user/.m2/repository/org/eclipse/jetty/jetty-util-ajax/9.3.24.v20180605/jetty-util-ajax-9.3.24.v20180605.jar:/home/user/.m2/repository/commons-daemon/commons-daemon/1.0.13/commons-daemon-1.0.13.jar:/home/user/.m2/repository/io/netty/netty/3.10.5.Final/netty-3.10.5.Final.jar:/home/user/.m2/repository/io/netty/netty-all/4.0.52.Final/netty-all-4.0.52.Final.jar:/home/user/.m2/repository/org/fusesource/leveldbjni/leveldbjni-all/1.8/leveldbjni-all-1.8.jar:"/>
    <property name="java.vm.vendor" value="IcedTea"/>
    <property name="sun.arch.data.model" value="64"/>
    <property name="test.build.dir" value="/workdir/hadoop-ozone/integration-test/target/test-dir"/>
    <property name="test.cache.data" value=""/>
    <property name="java.vendor.url" value="https://icedtea.classpath.org"/>
    <property name="user.timezone" value=""/>
    <property name="java.vm.specification.version" value="1.8"/>
    <property name="os.name" value="Linux"/>
    <property name="test.build.data" value="/workdir/hadoop-ozone/integration-test/target/test-dir"/>
    <property name="user.country" value="US"/>
    <property name="sun.java.launcher" value="SUN_STANDARD"/>
    <property name="sun.boot.library.path" value="/usr/lib/jvm/java-1.8-openjdk/jre/lib/amd64"/>
    <property name="sun.java.command" value="/workdir/hadoop-ozone/integration-test/target/surefire/surefirebooter217756249621181634.jar /workdir/hadoop-ozone/integration-test/target/surefire 2019-09-19T03-21-01_553-jvmRun1 surefire6498222830216724090tmp surefire_915462864507354017931tmp"/>
    <property name="test" value="!TestMiniChaosOzoneCluster"/>
    <property name="surefire.test.class.path" value="/workdir/hadoop-ozone/integration-test/target/test-classes:/workdir/hadoop-ozone/integration-test/target/classes:/home/user/.m2/repository/org/apache/hadoop/hadoop-ozone-common/0.5.0-SNAPSHOT/hadoop-ozone-common-0.5.0-SNAPSHOT.jar:/home/user/.m2/repository/org/apache/commons/commons-compress/1.4.1/commons-compress-1.4.1.jar:/home/user/.m2/repository/org/tukaani/xz/1.0/xz-1.0.jar:/home/user/.m2/repository/org/apache/hadoop/hadoop-common/3.2.0/hadoop-common-3.2.0.jar:/home/user/.m2/repository/org/apache/hadoop/hadoop-hdfs/3.2.0/hadoop-hdfs-3.2.0.jar:/home/user/.m2/repository/org/apache/hadoop/hadoop-hdfs-client/3.2.0/hadoop-hdfs-client-3.2.0.jar:/home/user/.m2/repository/com/fasterxml/jackson/core/jackson-annotations/2.9.5/jackson-annotations-2.9.5.jar:/home/user/.m2/repository/org/apache/hadoop/hadoop-hdds-common/0.5.0-SNAPSHOT/hadoop-hdds-common-0.5.0-SNAPSHOT.jar:/home/user/.m2/repository/javax/annotation/javax.annotation-api/1.2/javax.annotation-api-1.2.jar:/home/user/.m2/repository/org/apache/ratis/ratis-server/0.4.0-2337318-SNAPSHOT/ratis-server-0.4.0-2337318-SNAPSHOT.jar:/home/user/.m2/repository/org/apache/ratis/ratis-thirdparty-misc/0.2.0/ratis-thirdparty-misc-0.2.0.jar:/home/user/.m2/repository/org/apache/ratis/ratis-proto/0.4.0-2337318-SNAPSHOT/ratis-proto-0.4.0-2337318-SNAPSHOT.jar:/home/user/.m2/repository/org/apache/ratis/ratis-common/0.4.0-2337318-SNAPSHOT/ratis-common-0.4.0-2337318-SNAPSHOT.jar:/home/user/.m2/repository/org/apache/ratis/ratis-client/0.4.0-2337318-SNAPSHOT/ratis-client-0.4.0-2337318-SNAPSHOT.jar:/home/user/.m2/repository/org/apache/ratis/ratis-metrics/0.4.0-2337318-SNAPSHOT/ratis-metrics-0.4.0-2337318-SNAPSHOT.jar:/home/user/.m2/repository/org/apache/ratis/ratis-netty/0.4.0-2337318-SNAPSHOT/ratis-netty-0.4.0-2337318-SNAPSHOT.jar:/home/user/.m2/repository/org/apache/ratis/ratis-grpc/0.4.0-2337318-SNAPSHOT/ratis-grpc-0.4.0-2337318-SNAPSHOT.jar:/home/user/.m2/repository/org/rocksdb/rocksdbjni/6.0.1/rocksdbjni-6.0.1.jar:/home/user/.m2/repository/org/apache/logging/log4j/log4j-api/2.11.0/log4j-api-2.11.0.jar:/home/user/.m2/repository/org/apache/logging/log4j/log4j-core/2.11.0/log4j-core-2.11.0.jar:/home/user/.m2/repository/com/lmax/disruptor/3.4.2/disruptor-3.4.2.jar:/home/user/.m2/repository/org/apache/commons/commons-pool2/2.6.0/commons-pool2-2.6.0.jar:/home/user/.m2/repository/org/bouncycastle/bcpkix-jdk15on/1.60/bcpkix-jdk15on-1.60.jar:/home/user/.m2/repository/commons-validator/commons-validator/1.6/commons-validator-1.6.jar:/home/user/.m2/repository/commons-digester/commons-digester/1.8.1/commons-digester-1.8.1.jar:/home/user/.m2/repository/io/jaegertracing/jaeger-client/0.33.1/jaeger-client-0.33.1.jar:/home/user/.m2/repository/io/jaegertracing/jaeger-thrift/0.33.1/jaeger-thrift-0.33.1.jar:/home/user/.m2/repository/org/apache/thrift/libthrift/0.11.0/libthrift-0.11.0.jar:/home/user/.m2/repository/com/squareup/okhttp3/okhttp/3.9.0/okhttp-3.9.0.jar:/home/user/.m2/repository/com/squareup/okio/okio/1.13.0/okio-1.13.0.jar:/home/user/.m2/repository/io/jaegertracing/jaeger-core/0.33.1/jaeger-core-0.33.1.jar:/home/user/.m2/repository/io/jaegertracing/jaeger-tracerresolver/0.33.1/jaeger-tracerresolver-0.33.1.jar:/home/user/.m2/repository/io/opentracing/contrib/opentracing-tracerresolver/0.1.5/opentracing-tracerresolver-0.1.5.jar:/home/user/.m2/repository/io/opentracing/opentracing-util/0.31.0/opentracing-util-0.31.0.jar:/home/user/.m2/repository/io/opentracing/opentracing-api/0.31.0/opentracing-api-0.31.0.jar:/home/user/.m2/repository/io/opentracing/opentracing-noop/0.31.0/opentracing-noop-0.31.0.jar:/home/user/.m2/repository/org/apache/hadoop/hadoop-hdds-server-framework/0.5.0-SNAPSHOT/hadoop-hdds-server-framework-0.5.0-SNAPSHOT.jar:/home/user/.m2/repository/org/apache/hadoop/hadoop-hdds-container-service/0.5.0-SNAPSHOT/hadoop-hdds-container-service-0.5.0-SNAPSHOT.jar:/home/user/.m2/repository/org/apache/hadoop/hadoop-hdds-client/0.5.0-SNAPSHOT/hadoop-hdds-client-0.5.0-SNAPSHOT.jar:/home/user/.m2/repository/org/apache/hadoop/hadoop-hdds-tools/0.5.0-SNAPSHOT/hadoop-hdds-tools-0.5.0-SNAPSHOT.jar:/home/user/.m2/repository/org/apache/hadoop/hadoop-hdds-server-scm/0.5.0-SNAPSHOT/hadoop-hdds-server-scm-0.5.0-SNAPSHOT.jar:/home/user/.m2/repository/org/apache/hadoop/hadoop-hdds-docs/0.5.0-SNAPSHOT/hadoop-hdds-docs-0.5.0-SNAPSHOT.jar:/home/user/.m2/repository/io/dropwizard/metrics/metrics-core/3.2.4/metrics-core-3.2.4.jar:/home/user/.m2/repository/org/hamcrest/hamcrest-all/1.3/hamcrest-all-1.3.jar:/home/user/.m2/repository/org/bouncycastle/bcprov-jdk15on/1.60/bcprov-jdk15on-1.60.jar:/home/user/.m2/repository/info/picocli/picocli/3.9.6/picocli-3.9.6.jar:/home/user/.m2/repository/com/google/protobuf/protobuf-java/2.5.0/protobuf-java-2.5.0.jar:/home/user/.m2/repository/com/google/guava/guava/11.0.2/guava-11.0.2.jar:/home/user/.m2/repository/org/apache/hadoop/hadoop-ozone-ozone-manager/0.5.0-SNAPSHOT/hadoop-ozone-ozone-manager-0.5.0-SNAPSHOT.jar:/home/user/.m2/repository/org/apache/hadoop/hadoop-minikdc/3.2.0/hadoop-minikdc-3.2.0.jar:/home/user/.m2/repository/commons-io/commons-io/2.5/commons-io-2.5.jar:/home/user/.m2/repository/org/apache/kerby/kerb-simplekdc/1.0.1/kerb-simplekdc-1.0.1.jar:/home/user/.m2/repository/org/apache/kerby/kerb-client/1.0.1/kerb-client-1.0.1.jar:/home/user/.m2/repository/org/apache/kerby/kerby-config/1.0.1/kerby-config-1.0.1.jar:/home/user/.m2/repository/org/apache/kerby/kerb-core/1.0.1/kerb-core-1.0.1.jar:/home/user/.m2/repository/org/apache/kerby/kerby-pkix/1.0.1/kerby-pkix-1.0.1.jar:/home/user/.m2/repository/org/apache/kerby/kerby-asn1/1.0.1/kerby-asn1-1.0.1.jar:/home/user/.m2/repository/org/apache/kerby/kerby-util/1.0.1/kerby-util-1.0.1.jar:/home/user/.m2/repository/org/apache/kerby/kerb-common/1.0.1/kerb-common-1.0.1.jar:/home/user/.m2/repository/org/apache/kerby/kerb-crypto/1.0.1/kerb-crypto-1.0.1.jar:/home/user/.m2/repository/org/apache/kerby/kerb-util/1.0.1/kerb-util-1.0.1.jar:/home/user/.m2/repository/org/apache/kerby/token-provider/1.0.1/token-provider-1.0.1.jar:/home/user/.m2/repository/org/apache/kerby/kerb-admin/1.0.1/kerb-admin-1.0.1.jar:/home/user/.m2/repository/org/apache/kerby/kerb-server/1.0.1/kerb-server-1.0.1.jar:/home/user/.m2/repository/org/apache/kerby/kerb-identity/1.0.1/kerb-identity-1.0.1.jar:/home/user/.m2/repository/org/apache/kerby/kerby-xdr/1.0.1/kerby-xdr-1.0.1.jar:/home/user/.m2/repository/org/slf4j/slf4j-log4j12/1.7.25/slf4j-log4j12-1.7.25.jar:/home/user/.m2/repository/org/apache/hadoop/hadoop-ozone-objectstore-service/0.5.0-SNAPSHOT/hadoop-ozone-objectstore-service-0.5.0-SNAPSHOT.jar:/home/user/.m2/repository/org/apache/hadoop/hadoop-ozone-s3gateway/0.5.0-SNAPSHOT/hadoop-ozone-s3gateway-0.5.0-SNAPSHOT.jar:/home/user/.m2/repository/org/jboss/weld/servlet/weld-servlet/2.4.7.Final/weld-servlet-2.4.7.Final.jar:/home/user/.m2/repository/org/glassfish/jersey/containers/jersey-container-servlet-core/2.27/jersey-container-servlet-core-2.27.jar:/home/user/.m2/repository/org/glassfish/hk2/external/javax.inject/2.5.0-b42/javax.inject-2.5.0-b42.jar:/home/user/.m2/repository/org/glassfish/jersey/core/jersey-common/2.27/jersey-common-2.27.jar:/home/user/.m2/repository/org/glassfish/hk2/osgi-resource-locator/1.0.1/osgi-resource-locator-1.0.1.jar:/home/user/.m2/repository/javax/ws/rs/javax.ws.rs-api/2.1/javax.ws.rs-api-2.1.jar:/home/user/.m2/repository/org/glassfish/jersey/ext/cdi/jersey-cdi1x/2.27/jersey-cdi1x-2.27.jar:/home/user/.m2/repository/org/glassfish/jersey/inject/jersey-hk2/2.27/jersey-hk2-2.27.jar:/home/user/.m2/repository/org/glassfish/hk2/hk2-locator/2.5.0-b42/hk2-locator-2.5.0-b42.jar:/home/user/.m2/repository/org/javassist/javassist/3.22.0-CR2/javassist-3.22.0-CR2.jar:/home/user/.m2/repository/org/glassfish/hk2/hk2-api/2.5.0/hk2-api-2.5.0.jar:/home/user/.m2/repository/org/glassfish/hk2/external/jakarta.inject/2.5.0/jakarta.inject-2.5.0.jar:/home/user/.m2/repository/org/glassfish/hk2/hk2-utils/2.5.0/hk2-utils-2.5.0.jar:/home/user/.m2/repository/jakarta/annotation/jakarta.annotation-api/1.3.4/jakarta.annotation-api-1.3.4.jar:/home/user/.m2/repository/org/glassfish/hk2/external/aopalliance-repackaged/2.5.0/aopalliance-repackaged-2.5.0.jar:/home/user/.m2/repository/com/fasterxml/jackson/dataformat/jackson-dataformat-xml/2.9.0/jackson-dataformat-xml-2.9.0.jar:/home/user/.m2/repository/com/fasterxml/jackson/core/jackson-core/2.9.5/jackson-core-2.9.5.jar:/home/user/.m2/repository/com/fasterxml/jackson/module/jackson-module-jaxb-annotations/2.9.5/jackson-module-jaxb-annotations-2.9.5.jar:/home/user/.m2/repository/javax/enterprise/cdi-api/1.2/cdi-api-1.2.jar:/home/user/.m2/repository/javax/el/javax.el-api/3.0.0/javax.el-api-3.0.0.jar:/home/user/.m2/repository/javax/interceptor/javax.interceptor-api/1.2/javax.interceptor-api-1.2.jar:/home/user/.m2/repository/javax/inject/javax.inject/1/javax.inject-1.jar:/home/user/.m2/repository/com/sun/xml/bind/jaxb-impl/2.3.0.1/jaxb-impl-2.3.0.1.jar:/home/user/.m2/repository/com/sun/xml/bind/jaxb-core/2.3.0.1/jaxb-core-2.3.0.1.jar:/home/user/.m2/repository/javax/xml/bind/jaxb-api/2.3.0/jaxb-api-2.3.0.jar:/home/user/.m2/repository/javax/activation/activation/1.1.1/activation-1.1.1.jar:/home/user/.m2/repository/org/apache/hadoop/hadoop-ozone-csi/0.5.0-SNAPSHOT/hadoop-ozone-csi-0.5.0-SNAPSHOT.jar:/home/user/.m2/repository/com/google/protobuf/protobuf-java-util/3.5.1/protobuf-java-util-3.5.1.jar:/home/user/.m2/repository/org/apache/hadoop/hadoop-hdds-config/0.5.0-SNAPSHOT/hadoop-hdds-config-0.5.0-SNAPSHOT.jar:/home/user/.m2/repository/io/grpc/grpc-netty/1.17.1/grpc-netty-1.17.1.jar:/home/user/.m2/repository/io/grpc/grpc-core/1.17.1/grpc-core-1.17.1.jar:/home/user/.m2/repository/io/grpc/grpc-context/1.17.1/grpc-context-1.17.1.jar:/home/user/.m2/repository/com/google/errorprone/error_prone_annotations/2.2.0/error_prone_annotations-2.2.0.jar:/home/user/.m2/repository/org/codehaus/mojo/animal-sniffer-annotations/1.17/animal-sniffer-annotations-1.17.jar:/home/user/.m2/repository/io/opencensus/opencensus-api/0.17.0/opencensus-api-0.17.0.jar:/home/user/.m2/repository/io/opencensus/opencensus-contrib-grpc-metrics/0.17.0/opencensus-contrib-grpc-metrics-0.17.0.jar:/home/user/.m2/repository/io/netty/netty-codec-http2/4.1.30.Final/netty-codec-http2-4.1.30.Final.jar:/home/user/.m2/repository/io/netty/netty-codec-http/4.1.30.Final/netty-codec-http-4.1.30.Final.jar:/home/user/.m2/repository/io/netty/netty-codec/4.1.30.Final/netty-codec-4.1.30.Final.jar:/home/user/.m2/repository/io/netty/netty-handler/4.1.30.Final/netty-handler-4.1.30.Final.jar:/home/user/.m2/repository/io/netty/netty-handler-proxy/4.1.30.Final/netty-handler-proxy-4.1.30.Final.jar:/home/user/.m2/repository/io/netty/netty-codec-socks/4.1.30.Final/netty-codec-socks-4.1.30.Final.jar:/home/user/.m2/repository/io/netty/netty-transport-native-epoll/4.1.30.Final/netty-transport-native-epoll-4.1.30.Final.jar:/home/user/.m2/repository/io/netty/netty-common/4.1.30.Final/netty-common-4.1.30.Final.jar:/home/user/.m2/repository/io/netty/netty-buffer/4.1.30.Final/netty-buffer-4.1.30.Final.jar:/home/user/.m2/repository/io/netty/netty-transport/4.1.30.Final/netty-transport-4.1.30.Final.jar:/home/user/.m2/repository/io/netty/netty-resolver/4.1.30.Final/netty-resolver-4.1.30.Final.jar:/home/user/.m2/repository/io/netty/netty-transport-native-unix-common/4.1.30.Final/netty-transport-native-unix-common-4.1.30.Final.jar:/home/user/.m2/repository/io/grpc/grpc-protobuf/1.17.1/grpc-protobuf-1.17.1.jar:/home/user/.m2/repository/com/google/api/grpc/proto-google-common-protos/1.0.0/proto-google-common-protos-1.0.0.jar:/home/user/.m2/repository/io/grpc/grpc-protobuf-lite/1.17.1/grpc-protobuf-lite-1.17.1.jar:/home/user/.m2/repository/io/grpc/grpc-stub/1.17.1/grpc-stub-1.17.1.jar:/home/user/.m2/repository/org/apache/hadoop/hadoop-ozone-recon/0.5.0-SNAPSHOT/hadoop-ozone-recon-0.5.0-SNAPSHOT.jar:/home/user/.m2/repository/org/apache/hadoop/hadoop-ozone-reconcodegen/0.5.0-SNAPSHOT/hadoop-ozone-reconcodegen-0.5.0-SNAPSHOT.jar:/home/user/.m2/repository/com/google/inject/extensions/guice-multibindings/4.0/guice-multibindings-4.0.jar:/home/user/.m2/repository/com/google/inject/guice/4.0/guice-4.0.jar:/home/user/.m2/repository/aopalliance/aopalliance/1.0/aopalliance-1.0.jar:/home/user/.m2/repository/com/google/inject/extensions/guice-servlet/4.0/guice-servlet-4.0.jar:/home/user/.m2/repository/org/glassfish/jersey/containers/jersey-container-servlet/2.27/jersey-container-servlet-2.27.jar:/home/user/.m2/repository/org/glassfish/hk2/guice-bridge/2.5.0/guice-bridge-2.5.0.jar:/home/user/.m2/repository/org/glassfish/jersey/core/jersey-server/2.27/jersey-server-2.27.jar:/home/user/.m2/repository/org/glassfish/jersey/core/jersey-client/2.27/jersey-client-2.27.jar:/home/user/.m2/repository/org/glassfish/jersey/media/jersey-media-jaxb/2.27/jersey-media-jaxb-2.27.jar:/home/user/.m2/repository/javax/validation/validation-api/1.1.0.Final/validation-api-1.1.0.Final.jar:/home/user/.m2/repository/org/glassfish/jersey/media/jersey-media-json-jackson/2.27/jersey-media-json-jackson-2.27.jar:/home/user/.m2/repository/org/glassfish/jersey/ext/jersey-entity-filtering/2.27/jersey-entity-filtering-2.27.jar:/home/user/.m2/repository/com/google/inject/extensions/guice-assistedinject/4.0/guice-assistedinject-4.0.jar:/home/user/.m2/repository/org/jooq/jooq/3.11.10/jooq-3.11.10.jar:/home/user/.m2/repository/org/jooq/jooq-meta/3.11.10/jooq-meta-3.11.10.jar:/home/user/.m2/repository/org/jooq/jooq-codegen/3.11.10/jooq-codegen-3.11.10.jar:/home/user/.m2/repository/com/jolbox/bonecp/0.8.0.RELEASE/bonecp-0.8.0.RELEASE.jar:/home/user/.m2/repository/org/xerial/sqlite-jdbc/3.25.2/sqlite-jdbc-3.25.2.jar:/home/user/.m2/repository/org/springframework/spring-jdbc/5.1.3.RELEASE/spring-jdbc-5.1.3.RELEASE.jar:/home/user/.m2/repository/org/springframework/spring-beans/5.1.3.RELEASE/spring-beans-5.1.3.RELEASE.jar:/home/user/.m2/repository/org/springframework/spring-core/5.1.3.RELEASE/spring-core-5.1.3.RELEASE.jar:/home/user/.m2/repository/org/springframework/spring-jcl/5.1.3.RELEASE/spring-jcl-5.1.3.RELEASE.jar:/home/user/.m2/repository/org/springframework/spring-tx/5.1.3.RELEASE/spring-tx-5.1.3.RELEASE.jar:/home/user/.m2/repository/org/apache/hadoop/hadoop-ozone-client/0.5.0-SNAPSHOT/hadoop-ozone-client-0.5.0-SNAPSHOT.jar:/home/user/.m2/repository/commons-lang/commons-lang/2.6/commons-lang-2.6.jar:/home/user/.m2/repository/org/apache/hadoop/hadoop-ozone-ozone-manager/0.5.0-SNAPSHOT/hadoop-ozone-ozone-manager-0.5.0-SNAPSHOT-tests.jar:/home/user/.m2/repository/junit/junit/4.11/junit-4.11.jar:/home/user/.m2/repository/org/hamcrest/hamcrest-core/1.3/hamcrest-core-1.3.jar:/home/user/.m2/repository/org/openjdk/jmh/jmh-core/1.19/jmh-core-1.19.jar:/home/user/.m2/repository/net/sf/jopt-simple/jopt-simple/4.6/jopt-simple-4.6.jar:/home/user/.m2/repository/org/apache/commons/commons-math3/3.1.1/commons-math3-3.1.1.jar:/home/user/.m2/repository/org/openjdk/jmh/jmh-generator-annprocess/1.19/jmh-generator-annprocess-1.19.jar:/home/user/.m2/repository/org/mockito/mockito-all/1.8.5/mockito-all-1.8.5.jar:/home/user/.m2/repository/org/apache/hadoop/hadoop-kms/3.2.0/hadoop-kms-3.2.0.jar:/home/user/.m2/repository/org/apache/hadoop/hadoop-auth/3.2.0/hadoop-auth-3.2.0.jar:/home/user/.m2/repository/com/nimbusds/nimbus-jose-jwt/4.41.1/nimbus-jose-jwt-4.41.1.jar:/home/user/.m2/repository/com/github/stephenc/jcip/jcip-annotations/1.0-1/jcip-annotations-1.0-1.jar:/home/user/.m2/repository/net/minidev/json-smart/2.3/json-smart-2.3.jar:/home/user/.m2/repository/net/minidev/accessors-smart/1.2/accessors-smart-1.2.jar:/home/user/.m2/repository/org/ow2/asm/asm/5.0.4/asm-5.0.4.jar:/home/user/.m2/repository/org/apache/curator/curator-framework/2.12.0/curator-framework-2.12.0.jar:/home/user/.m2/repository/com/sun/jersey/jersey-core/1.19/jersey-core-1.19.jar:/home/user/.m2/repository/javax/ws/rs/jsr311-api/1.1.1/jsr311-api-1.1.1.jar:/home/user/.m2/repository/com/sun/jersey/jersey-server/1.19/jersey-server-1.19.jar:/home/user/.m2/repository/javax/servlet/javax.servlet-api/3.1.0/javax.servlet-api-3.1.0.jar:/home/user/.m2/repository/org/eclipse/jetty/jetty-server/9.3.24.v20180605/jetty-server-9.3.24.v20180605.jar:/home/user/.m2/repository/org/eclipse/jetty/jetty-http/9.3.24.v20180605/jetty-http-9.3.24.v20180605.jar:/home/user/.m2/repository/org/eclipse/jetty/jetty-io/9.3.24.v20180605/jetty-io-9.3.24.v20180605.jar:/home/user/.m2/repository/org/eclipse/jetty/jetty-webapp/9.3.24.v20180605/jetty-webapp-9.3.24.v20180605.jar:/home/user/.m2/repository/org/eclipse/jetty/jetty-xml/9.3.24.v20180605/jetty-xml-9.3.24.v20180605.jar:/home/user/.m2/repository/log4j/log4j/1.2.17/log4j-1.2.17.jar:/home/user/.m2/repository/org/slf4j/slf4j-api/1.7.25/slf4j-api-1.7.25.jar:/home/user/.m2/repository/org/slf4j/jul-to-slf4j/1.7.25/jul-to-slf4j-1.7.25.jar:/home/user/.m2/repository/org/eclipse/jetty/jetty-util/9.3.24.v20180605/jetty-util-9.3.24.v20180605.jar:/home/user/.m2/repository/com/fasterxml/jackson/core/jackson-databind/2.9.5/jackson-databind-2.9.5.jar:/home/user/.m2/repository/org/apache/hadoop/hadoop-kms/3.2.0/hadoop-kms-3.2.0-tests.jar:/home/user/.m2/repository/org/apache/hadoop/hadoop-hdds-server-scm/0.5.0-SNAPSHOT/hadoop-hdds-server-scm-0.5.0-SNAPSHOT-tests.jar:/home/user/.m2/repository/org/apache/hadoop/hadoop-hdds-container-service/0.5.0-SNAPSHOT/hadoop-hdds-container-service-0.5.0-SNAPSHOT-tests.jar:/home/user/.m2/repository/org/yaml/snakeyaml/1.16/snakeyaml-1.16.jar:/home/user/.m2/repository/org/apache/hadoop/hadoop-common/3.2.0/hadoop-common-3.2.0-tests.jar:/home/user/.m2/repository/org/apache/hadoop/hadoop-annotations/3.2.0/hadoop-annotations-3.2.0.jar:/usr/lib/jvm/java-1.8-openjdk/jre/../lib/tools.jar:/home/user/.m2/repository/commons-cli/commons-cli/1.2/commons-cli-1.2.jar:/home/user/.m2/repository/org/apache/httpcomponents/httpclient/4.5.2/httpclient-4.5.2.jar:/home/user/.m2/repository/org/apache/httpcomponents/httpcore/4.4.4/httpcore-4.4.4.jar:/home/user/.m2/repository/commons-codec/commons-codec/1.11/commons-codec-1.11.jar:/home/user/.m2/repository/commons-net/commons-net/3.6/commons-net-3.6.jar:/home/user/.m2/repository/commons-collections/commons-collections/3.2.2/commons-collections-3.2.2.jar:/home/user/.m2/repository/org/eclipse/jetty/jetty-servlet/9.3.24.v20180605/jetty-servlet-9.3.24.v20180605.jar:/home/user/.m2/repository/org/eclipse/jetty/jetty-security/9.3.24.v20180605/jetty-security-9.3.24.v20180605.jar:/home/user/.m2/repository/javax/servlet/jsp/jsp-api/2.1/jsp-api-2.1.jar:/home/user/.m2/repository/com/sun/jersey/jersey-servlet/1.19/jersey-servlet-1.19.jar:/home/user/.m2/repository/com/sun/jersey/jersey-json/1.19/jersey-json-1.19.jar:/home/user/.m2/repository/org/codehaus/jettison/jettison/1.1/jettison-1.1.jar:/home/user/.m2/repository/org/codehaus/jackson/jackson-core-asl/1.9.13/jackson-core-asl-1.9.13.jar:/home/user/.m2/repository/org/codehaus/jackson/jackson-mapper-asl/1.9.13/jackson-mapper-asl-1.9.13.jar:/home/user/.m2/repository/org/codehaus/jackson/jackson-jaxrs/1.9.13/jackson-jaxrs-1.9.13.jar:/home/user/.m2/repository/org/codehaus/jackson/jackson-xc/1.9.13/jackson-xc-1.9.13.jar:/home/user/.m2/repository/commons-logging/commons-logging/1.1.3/commons-logging-1.1.3.jar:/home/user/.m2/repository/commons-beanutils/commons-beanutils/1.9.3/commons-beanutils-1.9.3.jar:/home/user/.m2/repository/org/apache/commons/commons-configuration2/2.1.1/commons-configuration2-2.1.1.jar:/home/user/.m2/repository/org/apache/commons/commons-lang3/3.7/commons-lang3-3.7.jar:/home/user/.m2/repository/org/apache/commons/commons-text/1.4/commons-text-1.4.jar:/home/user/.m2/repository/org/apache/avro/avro/1.7.7/avro-1.7.7.jar:/home/user/.m2/repository/com/thoughtworks/paranamer/paranamer/2.3/paranamer-2.3.jar:/home/user/.m2/repository/org/xerial/snappy/snappy-java/1.0.5/snappy-java-1.0.5.jar:/home/user/.m2/repository/com/google/re2j/re2j/1.1/re2j-1.1.jar:/home/user/.m2/repository/com/google/code/gson/gson/2.2.4/gson-2.2.4.jar:/home/user/.m2/repository/com/jcraft/jsch/0.1.54/jsch-0.1.54.jar:/home/user/.m2/repository/org/apache/curator/curator-client/2.12.0/curator-client-2.12.0.jar:/home/user/.m2/repository/org/apache/curator/curator-recipes/2.12.0/curator-recipes-2.12.0.jar:/home/user/.m2/repository/com/google/code/findbugs/jsr305/3.0.0/jsr305-3.0.0.jar:/home/user/.m2/repository/org/apache/htrace/htrace-core4/4.1.0-incubating/htrace-core4-4.1.0-incubating.jar:/home/user/.m2/repository/org/apache/zookeeper/zookeeper/3.4.13/zookeeper-3.4.13.jar:/home/user/.m2/repository/org/apache/yetus/audience-annotations/0.5.0/audience-annotations-0.5.0.jar:/home/user/.m2/repository/org/codehaus/woodstox/stax2-api/3.1.4/stax2-api-3.1.4.jar:/home/user/.m2/repository/com/fasterxml/woodstox/woodstox-core/5.0.3/woodstox-core-5.0.3.jar:/home/user/.m2/repository/dnsjava/dnsjava/2.1.7/dnsjava-2.1.7.jar:/home/user/.m2/repository/org/apache/hadoop/hadoop-hdfs/3.2.0/hadoop-hdfs-3.2.0-tests.jar:/home/user/.m2/repository/org/eclipse/jetty/jetty-util-ajax/9.3.24.v20180605/jetty-util-ajax-9.3.24.v20180605.jar:/home/user/.m2/repository/commons-daemon/commons-daemon/1.0.13/commons-daemon-1.0.13.jar:/home/user/.m2/repository/io/netty/netty/3.10.5.Final/netty-3.10.5.Final.jar:/home/user/.m2/repository/io/netty/netty-all/4.0.52.Final/netty-all-4.0.52.Final.jar:/home/user/.m2/repository/org/fusesource/leveldbjni/leveldbjni-all/1.8/leveldbjni-all-1.8.jar:"/>
    <property name="sun.cpu.endian" value="little"/>
    <property name="user.home" value="/home/user"/>
    <property name="user.language" value="en"/>
    <property name="java.specification.vendor" value="Oracle Corporation"/>
    <property name="java.home" value="/usr/lib/jvm/java-1.8-openjdk/jre"/>
    <property name="java.security.krb5.conf" value="/workdir/hadoop-ozone/integration-test/target/test-classes/krb5.conf"/>
    <property name="basedir" value="/workdir/hadoop-ozone/integration-test"/>
    <property name="file.separator" value="/"/>
    <property name="line.separator" value="&#10;"/>
    <property name="java.vm.specification.vendor" value="Oracle Corporation"/>
    <property name="java.specification.name" value="Java Platform API Specification"/>
    <property name="java.awt.graphicsenv" value="sun.awt.X11GraphicsEnvironment"/>
    <property name="surefire.real.class.path" value="/workdir/hadoop-ozone/integration-test/target/surefire/surefirebooter217756249621181634.jar"/>
    <property name="hadoop.log.dir" value="/workdir/hadoop-ozone/integration-test/target/log"/>
    <property name="sun.boot.class.path" value="/usr/lib/jvm/java-1.8-openjdk/jre/lib/resources.jar:/usr/lib/jvm/java-1.8-openjdk/jre/lib/rt.jar:/usr/lib/jvm/java-1.8-openjdk/jre/lib/sunrsasign.jar:/usr/lib/jvm/java-1.8-openjdk/jre/lib/jsse.jar:/usr/lib/jvm/java-1.8-openjdk/jre/lib/jce.jar:/usr/lib/jvm/java-1.8-openjdk/jre/lib/charsets.jar:/usr/lib/jvm/java-1.8-openjdk/jre/lib/jfr.jar:/usr/lib/jvm/java-1.8-openjdk/jre/classes"/>
    <property name="sun.management.compiler" value="HotSpot 64-Bit Tiered Compilers"/>
    <property name="java.runtime.version" value="1.8.0_212-b04"/>
    <property name="java.net.preferIPv4Stack" value="true"/>
    <property name="user.name" value="jenkins1000"/>
    <property name="path.separator" value=":"/>
    <property name="java.security.egd" value="file:///dev/urandom"/>
    <property name="os.version" value="3.10.0-957.12.2.el7.x86_64"/>
    <property name="java.endorsed.dirs" value="/usr/lib/jvm/java-1.8-openjdk/jre/lib/endorsed"/>
    <property name="java.runtime.name" value="OpenJDK Runtime Environment"/>
    <property name="file.encoding" value="UTF-8"/>
    <property name="java.vm.name" value="OpenJDK 64-Bit Server VM"/>
    <property name="test.build.webapps" value=""/>
    <property name="localRepository" value="/home/user/.m2/repository"/>
    <property name="java.vendor.url.bug" value="https://icedtea.classpath.org/bugzilla"/>
    <property name="java.io.tmpdir" value="/tmp"/>
    <property name="require.test.libhadoop" value=""/>
    <property name="java.version" value="1.8.0_212"/>
    <property name="user.dir" value="/workdir/hadoop-ozone/integration-test"/>
    <property name="os.arch" value="amd64"/>
    <property name="java.vm.specification.name" value="Java Virtual Machine Specification"/>
    <property name="test.build.classes" value="/workdir/hadoop-ozone/integration-test/target/test-classes"/>
    <property name="java.awt.printerjob" value="sun.print.PSPrinterJob"/>
    <property name="sun.os.patch.level" value="unknown"/>
    <property name="hadoop.tmp.dir" value="/workdir/hadoop-ozone/integration-test/target/tmp"/>
    <property name="java.library.path" value="/usr/lib/jvm/java-1.8-openjdk/jre/lib/amd64/server:/usr/lib/jvm/java-1.8-openjdk/jre/lib/amd64:/usr/lib/jvm/java-1.8-openjdk/jre/../lib/amd64:/workdir/hadoop-ozone/integration-test/target/native/target/usr/local/lib:/workdir/hadoop-ozone/integration-test/../../hadoop-common-project/hadoop-common/target/native/target/usr/local/lib:/usr/java/packages/lib/amd64:/usr/lib64:/lib64:/lib:/usr/lib"/>
    <property name="java.vm.info" value="mixed mode"/>
    <property name="java.vendor" value="IcedTea"/>
    <property name="java.vm.version" value="25.212-b04"/>
    <property name="java.ext.dirs" value="/usr/lib/jvm/java-1.8-openjdk/jre/lib/ext:/usr/java/packages/lib/ext"/>
    <property name="sun.io.unicode.encoding" value="UnicodeLittle"/>
    <property name="java.class.version" value="52.0"/>
  </properties>
  <testcase name="org.apache.hadoop.hdds.scm.pipeline.TestNodeFailure" classname="org.apache.hadoop.hdds.scm.pipeline.TestNodeFailure" time="35.692">
    <error message="Could not allocate container. Cannot get any matching pipeline for Type:RATIS, Factor:THREE, State:PipelineState.OPEN" type="java.io.IOException">java.io.IOException: Could not allocate container. Cannot get any matching pipeline for Type:RATIS, Factor:THREE, State:PipelineState.OPEN
	at org.apache.hadoop.hdds.scm.container.ContainerStateManager.allocateContainer(ContainerStateManager.java:260)
	at org.apache.hadoop.hdds.scm.container.SCMContainerManager.allocateContainer(SCMContainerManager.java:247)
	at org.apache.hadoop.hdds.scm.pipeline.TestNodeFailure.init(TestNodeFailure.java:79)
	at sun.reflect.NativeMethodAccessorImpl.invoke0(Native Method)
	at sun.reflect.NativeMethodAccessorImpl.invoke(NativeMethodAccessorImpl.java:62)
	at sun.reflect.DelegatingMethodAccessorImpl.invoke(DelegatingMethodAccessorImpl.java:43)
	at java.lang.reflect.Method.invoke(Method.java:498)
	at org.junit.runners.model.FrameworkMethod$1.runReflectiveCall(FrameworkMethod.java:47)
	at org.junit.internal.runners.model.ReflectiveCallable.run(ReflectiveCallable.java:12)
	at org.junit.runners.model.FrameworkMethod.invokeExplosively(FrameworkMethod.java:44)
	at org.junit.internal.runners.statements.RunBefores.evaluate(RunBefores.java:24)
	at org.junit.internal.runners.statements.RunAfters.evaluate(RunAfters.java:27)
	at org.junit.runners.ParentRunner.run(ParentRunner.java:309)
	at org.apache.maven.surefire.junit4.JUnit4Provider.execute(JUnit4Provider.java:365)
	at org.apache.maven.surefire.junit4.JUnit4Provider.executeWithRerun(JUnit4Provider.java:273)
	at org.apache.maven.surefire.junit4.JUnit4Provider.executeTestSet(JUnit4Provider.java:238)
	at org.apache.maven.surefire.junit4.JUnit4Provider.invoke(JUnit4Provider.java:159)
	at org.apache.maven.surefire.booter.ForkedBooter.invokeProviderInSameClassLoader(ForkedBooter.java:384)
	at org.apache.maven.surefire.booter.ForkedBooter.runSuitesInProcess(ForkedBooter.java:345)
	at org.apache.maven.surefire.booter.ForkedBooter.execute(ForkedBooter.java:126)
	at org.apache.maven.surefire.booter.ForkedBooter.main(ForkedBooter.java:418)
</error>
    <system-out><![CDATA[2019-09-19 05:06:37,582 [main] WARN  server.ServerUtils (ServerUtils.java:getScmDbDir(145)) - ozone.scm.db.dirs is not configured. We recommend adding this setting. Falling back to ozone.metadata.dirs instead.
2019-09-19 05:06:37,805 [main] WARN  server.ServerUtils (ServerUtils.java:getScmDbDir(145)) - ozone.scm.db.dirs is not configured. We recommend adding this setting. Falling back to ozone.metadata.dirs instead.
2019-09-19 05:06:37,809 [main] WARN  server.ServerUtils (ServerUtils.java:getScmDbDir(145)) - ozone.scm.db.dirs is not configured. We recommend adding this setting. Falling back to ozone.metadata.dirs instead.
2019-09-19 05:06:37,830 [main] INFO  util.log (Log.java:initialized(192)) - Logging initialized @1065ms
2019-09-19 05:06:37,934 [main] INFO  db.DBStoreBuilder (DBStoreBuilder.java:addTable(110)) - using custom profile for table: deletedBlocks
2019-09-19 05:06:37,934 [main] INFO  db.DBStoreBuilder (DBStoreBuilder.java:processTables(161)) - Using default column profile:DBProfile.DISK for Table:deletedBlocks
2019-09-19 05:06:37,934 [main] INFO  db.DBStoreBuilder (DBStoreBuilder.java:addTable(110)) - using custom profile for table: validCerts
2019-09-19 05:06:37,935 [main] INFO  db.DBStoreBuilder (DBStoreBuilder.java:processTables(161)) - Using default column profile:DBProfile.DISK for Table:validCerts
2019-09-19 05:06:37,935 [main] INFO  db.DBStoreBuilder (DBStoreBuilder.java:addTable(110)) - using custom profile for table: revokedCerts
2019-09-19 05:06:37,935 [main] INFO  db.DBStoreBuilder (DBStoreBuilder.java:processTables(161)) - Using default column profile:DBProfile.DISK for Table:revokedCerts
2019-09-19 05:06:37,948 [main] INFO  db.DBStoreBuilder (DBStoreBuilder.java:addTable(110)) - using custom profile for table: default
2019-09-19 05:06:37,948 [main] INFO  db.DBStoreBuilder (DBStoreBuilder.java:processTables(167)) - Using default column profile:DBProfile.DISK for Table:default
2019-09-19 05:06:37,949 [main] INFO  db.DBStoreBuilder (DBStoreBuilder.java:getDbProfile(198)) - Using default options. DBProfile.DISK
2019-09-19 05:06:38,416 [main] INFO  net.NodeSchemaLoader (NodeSchemaLoader.java:loadSchemaFromFile(125)) - Loading file from sun.misc.CompoundEnumeration@2ef3eef9
2019-09-19 05:06:38,418 [main] INFO  net.NodeSchemaLoader (NodeSchemaLoader.java:loadSchema(171)) - Loading network topology layer schema file
2019-09-19 05:06:38,508 [main] INFO  node.SCMNodeManager (SCMNodeManager.java:<init>(121)) - Entering startup safe mode.
2019-09-19 05:06:38,587 [main] INFO  algorithms.ContainerPlacementPolicyFactory (ContainerPlacementPolicyFactory.java:getPolicy(56)) - Create container placement policy of type org.apache.hadoop.hdds.scm.container.placement.algorithms.SCMContainerPlacementRandom
2019-09-19 05:06:38,605 [main] WARN  server.ServerUtils (ServerUtils.java:getScmDbDir(145)) - ozone.scm.db.dirs is not configured. We recommend adding this setting. Falling back to ozone.metadata.dirs instead.
2019-09-19 05:06:38,782 [main] INFO  pipeline.SCMPipelineManager (SCMPipelineManager.java:initializePipelineState(145)) - No pipeline exists in current db
2019-09-19 05:06:38,788 [main] WARN  server.ServerUtils (ServerUtils.java:getScmDbDir(145)) - ozone.scm.db.dirs is not configured. We recommend adding this setting. Falling back to ozone.metadata.dirs instead.
2019-09-19 05:06:39,010 [main] INFO  safemode.HealthyPipelineSafeModeRule (HealthyPipelineSafeModeRule.java:<init>(87)) -  Total pipeline count is 0, healthy pipeline threshold count is 1
2019-09-19 05:06:39,012 [main] INFO  safemode.OneReplicaPipelineSafeModeRule (OneReplicaPipelineSafeModeRule.java:<init>(75)) - Total pipeline count is 0, pipeline's with at least one datanode reported threshold count is 0
2019-09-19 05:06:39,012 [main] WARN  events.EventQueue (EventQueue.java:fireEvent(175)) - No event handler registered for event TypedEvent{payloadType=SafeModeStatus, name='SafeModeStatus'}
2019-09-19 05:06:39,870 [main] INFO  ipc.CallQueueManager (CallQueueManager.java:<init>(84)) - Using callQueue: class java.util.concurrent.LinkedBlockingQueue, queueCapacity: 2000, scheduler: class org.apache.hadoop.ipc.DefaultRpcScheduler, ipcBackoff: false.
2019-09-19 05:06:39,912 [Socket Reader #1 for port 34622] INFO  ipc.Server (Server.java:run(1074)) - Starting Socket Reader #1 for port 34622
2019-09-19 05:06:39,944 [main] INFO  ipc.CallQueueManager (CallQueueManager.java:<init>(84)) - Using callQueue: class java.util.concurrent.LinkedBlockingQueue, queueCapacity: 2000, scheduler: class org.apache.hadoop.ipc.DefaultRpcScheduler, ipcBackoff: false.
2019-09-19 05:06:39,945 [Socket Reader #1 for port 43182] INFO  ipc.Server (Server.java:run(1074)) - Starting Socket Reader #1 for port 43182
2019-09-19 05:06:39,955 [main] INFO  ipc.CallQueueManager (CallQueueManager.java:<init>(84)) - Using callQueue: class java.util.concurrent.LinkedBlockingQueue, queueCapacity: 2000, scheduler: class org.apache.hadoop.ipc.DefaultRpcScheduler, ipcBackoff: false.
2019-09-19 05:06:39,956 [Socket Reader #1 for port 35376] INFO  ipc.Server (Server.java:run(1074)) - Starting Socket Reader #1 for port 35376
2019-09-19 05:06:39,980 [main] INFO  hdfs.DFSUtil (DFSUtil.java:httpServerTemplateForNNAndJN(1641)) - Starting Web-server for scm at: http://0.0.0.0:0
2019-09-19 05:06:40,165 [main] INFO  server.AuthenticationFilter (AuthenticationFilter.java:constructSecretProvider(240)) - Unable to initialize FileSignerSecretProvider, falling back to use random secrets.
2019-09-19 05:06:40,173 [main] WARN  http.HttpRequestLog (HttpRequestLog.java:getRequestLog(97)) - Jetty request log can only be enabled using Log4j
2019-09-19 05:06:40,181 [main] INFO  http.HttpServer2 (HttpServer2.java:addGlobalFilter(975)) - Added global filter 'safety' (class=org.apache.hadoop.http.HttpServer2$QuotingInputFilter)
2019-09-19 05:06:40,184 [main] INFO  http.HttpServer2 (HttpServer2.java:addFilter(948)) - Added filter static_user_filter (class=org.apache.hadoop.http.lib.StaticUserWebFilter$StaticUserFilter) to context scm
2019-09-19 05:06:40,184 [main] INFO  http.HttpServer2 (HttpServer2.java:addFilter(958)) - Added filter static_user_filter (class=org.apache.hadoop.http.lib.StaticUserWebFilter$StaticUserFilter) to context static
2019-09-19 05:06:40,184 [main] INFO  http.HttpServer2 (HttpServer2.java:addFilter(958)) - Added filter static_user_filter (class=org.apache.hadoop.http.lib.StaticUserWebFilter$StaticUserFilter) to context logs
2019-09-19 05:06:40,214 [main] INFO  server.StorageContainerManager (StorageContainerManager.java:start(761)) - StorageContainerLocationProtocol RPC server is listening at /0.0.0.0:35376
2019-09-19 05:06:40,280 [main] WARN  impl.MetricsConfig (MetricsConfig.java:loadFirst(134)) - Cannot locate configuration: tried hadoop-metrics2-storagecontainermanager.properties,hadoop-metrics2.properties
2019-09-19 05:06:40,292 [main] INFO  impl.MetricsSystemImpl (MetricsSystemImpl.java:startTimer(374)) - Scheduled Metric snapshot period at 10 second(s).
2019-09-19 05:06:40,293 [main] INFO  impl.MetricsSystemImpl (MetricsSystemImpl.java:start(191)) - StorageContainerManager metrics system started
2019-09-19 05:06:40,527 [main] INFO  server.SCMClientProtocolServer (SCMClientProtocolServer.java:start(151)) - RPC server for Client  is listening at /0.0.0.0:35376
2019-09-19 05:06:40,528 [IPC Server Responder] INFO  ipc.Server (Server.java:run(1314)) - IPC Server Responder: starting
2019-09-19 05:06:40,528 [IPC Server listener on 35376] INFO  ipc.Server (Server.java:run(1153)) - IPC Server listener on 35376: starting
2019-09-19 05:06:40,531 [main] INFO  server.StorageContainerManager (StorageContainerManager.java:start(771)) - ScmBlockLocationProtocol RPC server is listening at /0.0.0.0:43182
2019-09-19 05:06:40,531 [main] INFO  server.SCMBlockProtocolServer (SCMBlockProtocolServer.java:start(140)) - RPC server for Block Protocol is listening at /0.0.0.0:43182
2019-09-19 05:06:40,531 [IPC Server Responder] INFO  ipc.Server (Server.java:run(1314)) - IPC Server Responder: starting
2019-09-19 05:06:40,531 [IPC Server listener on 43182] INFO  ipc.Server (Server.java:run(1153)) - IPC Server listener on 43182: starting
2019-09-19 05:06:40,533 [main] INFO  server.StorageContainerManager (StorageContainerManager.java:start(775)) - ScmDatanodeProtocl RPC server is listening at /0.0.0.0:34622
2019-09-19 05:06:40,534 [main] INFO  server.SCMDatanodeProtocolServer (SCMDatanodeProtocolServer.java:start(199)) - RPC server for DataNodes is listening at /0.0.0.0:34622
2019-09-19 05:06:40,534 [IPC Server Responder] INFO  ipc.Server (Server.java:run(1314)) - IPC Server Responder: starting
2019-09-19 05:06:40,534 [IPC Server listener on 34622] INFO  ipc.Server (Server.java:run(1153)) - IPC Server listener on 34622: starting
2019-09-19 05:06:40,538 [main] INFO  http.HttpServer2 (HttpServer2.java:bindListener(1191)) - Jetty bound to port 36179
2019-09-19 05:06:40,540 [main] INFO  server.Server (Server.java:doStart(351)) - jetty-9.3.24.v20180605, build timestamp: 2018-06-05T17:11:56Z, git hash: 84205aa28f11a4f31f2a3b86d1bba2cc8ab69827
2019-09-19 05:06:40,577 [main] INFO  handler.ContextHandler (ContextHandler.java:doStart(781)) - Started o.e.j.s.ServletContextHandler@781f10f2{/logs,file:///workdir/hadoop-ozone/integration-test/target/log,AVAILABLE}
2019-09-19 05:06:40,577 [main] INFO  handler.ContextHandler (ContextHandler.java:doStart(781)) - Started o.e.j.s.ServletContextHandler@2e9fda69{/static,file:///workdir/hadoop-ozone/integration-test/target/test-classes/webapps/static,AVAILABLE}
2019-09-19 05:06:42,163 [main] INFO  handler.ContextHandler (ContextHandler.java:doStart(781)) - Started o.e.j.w.WebAppContext@2ca47471{/,file:///workdir/hadoop-ozone/integration-test/target/test-classes/webapps/scm/,AVAILABLE}{/scm}
2019-09-19 05:06:42,172 [main] INFO  server.AbstractConnector (AbstractConnector.java:doStart(278)) - Started ServerConnector@26b894bd{HTTP/1.1,[http/1.1]}{0.0.0.0:36179}
2019-09-19 05:06:42,172 [main] INFO  server.Server (Server.java:doStart(419)) - Started @5407ms
2019-09-19 05:06:42,174 [main] INFO  server.BaseHttpServer (BaseHttpServer.java:updateConnectorAddress(213)) - HTTP server of SCM is listening at http://0.0.0.0:36179
2019-09-19 05:06:42,184 [org.apache.hadoop.util.JvmPauseMonitor$Monitor@72efb5c1] INFO  util.JvmPauseMonitor (JvmPauseMonitor.java:run(188)) - Starting JVM pause monitor
2019-09-19 05:06:42,190 [main] WARN  server.ServerUtils (ServerUtils.java:getDBPath(222)) - ozone.om.db.dirs is not configured. We recommend adding this setting. Falling back to ozone.metadata.dirs instead.
2019-09-19 05:06:42,348 [main] WARN  server.ServerUtils (ServerUtils.java:getDBPath(222)) - ozone.om.db.dirs is not configured. We recommend adding this setting. Falling back to ozone.metadata.dirs instead.
2019-09-19 05:06:42,348 [main] WARN  server.ServerUtils (ServerUtils.java:getDBPath(222)) - ozone.om.db.dirs is not configured. We recommend adding this setting. Falling back to ozone.metadata.dirs instead.
2019-09-19 05:06:42,349 [main] INFO  om.OzoneManager (OzoneManager.java:setOMNodeDetails(645)) - OM Service ID is not set. Setting it to the default ID: omServiceIdDefault
2019-09-19 05:06:42,350 [main] INFO  om.OzoneManager (OzoneManager.java:setOMNodeDetails(651)) - OM Node ID is not set. Setting it to the OmStorage's OmID: d5e6e6d1-c8cd-4cf5-be45-70813135af01
2019-09-19 05:06:42,351 [main] INFO  om.OzoneManager (OzoneManager.java:loadOMHAConfigs(602)) - Found matching OM address with OMServiceId: null, OMNodeId: null, RPC Address: localhost:0 and Ratis port: 9872
2019-09-19 05:06:42,648 | INFO  | SCMAudit | user=jenkins1000 | ip=192.168.34.50 | op=GET_SCM_INFO null | ret=SUCCESS |  
2019-09-19 05:06:43,152 [main] WARN  server.ServerUtils (ServerUtils.java:getDBPath(222)) - ozone.om.db.dirs is not configured. We recommend adding this setting. Falling back to ozone.metadata.dirs instead.
2019-09-19 05:06:43,160 [main] INFO  db.DBStoreBuilder (DBStoreBuilder.java:addTable(110)) - using custom profile for table: userTable
2019-09-19 05:06:43,160 [main] INFO  db.DBStoreBuilder (DBStoreBuilder.java:processTables(161)) - Using default column profile:DBProfile.DISK for Table:userTable
2019-09-19 05:06:43,161 [main] INFO  db.DBStoreBuilder (DBStoreBuilder.java:addTable(110)) - using custom profile for table: volumeTable
2019-09-19 05:06:43,161 [main] INFO  db.DBStoreBuilder (DBStoreBuilder.java:processTables(161)) - Using default column profile:DBProfile.DISK for Table:volumeTable
2019-09-19 05:06:43,161 [main] INFO  db.DBStoreBuilder (DBStoreBuilder.java:addTable(110)) - using custom profile for table: bucketTable
2019-09-19 05:06:43,161 [main] INFO  db.DBStoreBuilder (DBStoreBuilder.java:processTables(161)) - Using default column profile:DBProfile.DISK for Table:bucketTable
2019-09-19 05:06:43,161 [main] INFO  db.DBStoreBuilder (DBStoreBuilder.java:addTable(110)) - using custom profile for table: keyTable
2019-09-19 05:06:43,162 [main] INFO  db.DBStoreBuilder (DBStoreBuilder.java:processTables(161)) - Using default column profile:DBProfile.DISK for Table:keyTable
2019-09-19 05:06:43,162 [main] INFO  db.DBStoreBuilder (DBStoreBuilder.java:addTable(110)) - using custom profile for table: deletedTable
2019-09-19 05:06:43,162 [main] INFO  db.DBStoreBuilder (DBStoreBuilder.java:processTables(161)) - Using default column profile:DBProfile.DISK for Table:deletedTable
2019-09-19 05:06:43,162 [main] INFO  db.DBStoreBuilder (DBStoreBuilder.java:addTable(110)) - using custom profile for table: openKeyTable
2019-09-19 05:06:43,163 [main] INFO  db.DBStoreBuilder (DBStoreBuilder.java:processTables(161)) - Using default column profile:DBProfile.DISK for Table:openKeyTable
2019-09-19 05:06:43,163 [main] INFO  db.DBStoreBuilder (DBStoreBuilder.java:addTable(110)) - using custom profile for table: s3Table
2019-09-19 05:06:43,163 [main] INFO  db.DBStoreBuilder (DBStoreBuilder.java:processTables(161)) - Using default column profile:DBProfile.DISK for Table:s3Table
2019-09-19 05:06:43,163 [main] INFO  db.DBStoreBuilder (DBStoreBuilder.java:addTable(110)) - using custom profile for table: multipartInfoTable
2019-09-19 05:06:43,164 [main] INFO  db.DBStoreBuilder (DBStoreBuilder.java:processTables(161)) - Using default column profile:DBProfile.DISK for Table:multipartInfoTable
2019-09-19 05:06:43,164 [main] INFO  db.DBStoreBuilder (DBStoreBuilder.java:addTable(110)) - using custom profile for table: dTokenTable
2019-09-19 05:06:43,164 [main] INFO  db.DBStoreBuilder (DBStoreBuilder.java:processTables(161)) - Using default column profile:DBProfile.DISK for Table:dTokenTable
2019-09-19 05:06:43,164 [main] INFO  db.DBStoreBuilder (DBStoreBuilder.java:addTable(110)) - using custom profile for table: s3SecretTable
2019-09-19 05:06:43,164 [main] INFO  db.DBStoreBuilder (DBStoreBuilder.java:processTables(161)) - Using default column profile:DBProfile.DISK for Table:s3SecretTable
2019-09-19 05:06:43,165 [main] INFO  db.DBStoreBuilder (DBStoreBuilder.java:addTable(110)) - using custom profile for table: prefixTable
2019-09-19 05:06:43,165 [main] INFO  db.DBStoreBuilder (DBStoreBuilder.java:processTables(161)) - Using default column profile:DBProfile.DISK for Table:prefixTable
2019-09-19 05:06:43,165 [main] INFO  db.DBStoreBuilder (DBStoreBuilder.java:addTable(110)) - using custom profile for table: default
2019-09-19 05:06:43,165 [main] INFO  db.DBStoreBuilder (DBStoreBuilder.java:processTables(167)) - Using default column profile:DBProfile.DISK for Table:default
2019-09-19 05:06:43,166 [main] INFO  db.DBStoreBuilder (DBStoreBuilder.java:getDbProfile(198)) - Using default options. DBProfile.DISK
2019-09-19 05:06:44,713 [main] INFO  ipc.CallQueueManager (CallQueueManager.java:<init>(84)) - Using callQueue: class java.util.concurrent.LinkedBlockingQueue, queueCapacity: 2000, scheduler: class org.apache.hadoop.ipc.DefaultRpcScheduler, ipcBackoff: false.
2019-09-19 05:06:44,715 [Socket Reader #1 for port 46204] INFO  ipc.Server (Server.java:run(1074)) - Starting Socket Reader #1 for port 46204
2019-09-19 05:06:44,739 [main] INFO  om.OzoneManager (OzoneManager.java:start(1256)) - OzoneManager RPC server is listening at localhost/127.0.0.1:46204
2019-09-19 05:06:44,740 [main] INFO  impl.MetricsSystemImpl (MetricsSystemImpl.java:init(158)) - OzoneManager metrics system started (again)
2019-09-19 05:06:44,742 [IPC Server Responder] INFO  ipc.Server (Server.java:run(1314)) - IPC Server Responder: starting
2019-09-19 05:06:44,742 [IPC Server listener on 46204] INFO  ipc.Server (Server.java:run(1153)) - IPC Server listener on 46204: starting
2019-09-19 05:06:44,758 [main] INFO  hdfs.DFSUtil (DFSUtil.java:httpServerTemplateForNNAndJN(1641)) - Starting Web-server for ozoneManager at: http://0.0.0.0:0
2019-09-19 05:06:44,761 [main] INFO  server.AuthenticationFilter (AuthenticationFilter.java:constructSecretProvider(240)) - Unable to initialize FileSignerSecretProvider, falling back to use random secrets.
2019-09-19 05:06:44,761 [main] WARN  http.HttpRequestLog (HttpRequestLog.java:getRequestLog(97)) - Jetty request log can only be enabled using Log4j
2019-09-19 05:06:44,763 [main] INFO  http.HttpServer2 (HttpServer2.java:addGlobalFilter(975)) - Added global filter 'safety' (class=org.apache.hadoop.http.HttpServer2$QuotingInputFilter)
2019-09-19 05:06:44,764 [main] INFO  http.HttpServer2 (HttpServer2.java:addFilter(948)) - Added filter static_user_filter (class=org.apache.hadoop.http.lib.StaticUserWebFilter$StaticUserFilter) to context ozoneManager
2019-09-19 05:06:44,765 [main] INFO  http.HttpServer2 (HttpServer2.java:addFilter(958)) - Added filter static_user_filter (class=org.apache.hadoop.http.lib.StaticUserWebFilter$StaticUserFilter) to context static
2019-09-19 05:06:44,765 [main] INFO  http.HttpServer2 (HttpServer2.java:addFilter(958)) - Added filter static_user_filter (class=org.apache.hadoop.http.lib.StaticUserWebFilter$StaticUserFilter) to context logs
2019-09-19 05:06:44,767 [main] INFO  http.HttpServer2 (HttpServer2.java:bindListener(1191)) - Jetty bound to port 37261
2019-09-19 05:06:44,767 [main] INFO  server.Server (Server.java:doStart(351)) - jetty-9.3.24.v20180605, build timestamp: 2018-06-05T17:11:56Z, git hash: 84205aa28f11a4f31f2a3b86d1bba2cc8ab69827
2019-09-19 05:06:44,769 [main] INFO  handler.ContextHandler (ContextHandler.java:doStart(781)) - Started o.e.j.s.ServletContextHandler@61799544{/logs,file:///workdir/hadoop-ozone/integration-test/target/log,AVAILABLE}
2019-09-19 05:06:44,769 [main] INFO  handler.ContextHandler (ContextHandler.java:doStart(781)) - Started o.e.j.s.ServletContextHandler@70abf9b0{/static,file:///workdir/hadoop-ozone/integration-test/target/test-classes/webapps/static,AVAILABLE}
2019-09-19 05:06:44,946 [main] INFO  handler.ContextHandler (ContextHandler.java:doStart(781)) - Started o.e.j.w.WebAppContext@29f0c4f2{/,file:///workdir/hadoop-ozone/integration-test/target/test-classes/webapps/ozoneManager/,AVAILABLE}{/ozoneManager}
2019-09-19 05:06:44,948 [main] INFO  server.AbstractConnector (AbstractConnector.java:doStart(278)) - Started ServerConnector@7435a578{HTTP/1.1,[http/1.1]}{0.0.0.0:37261}
2019-09-19 05:06:44,949 [main] INFO  server.Server (Server.java:doStart(419)) - Started @8183ms
2019-09-19 05:06:44,950 [main] INFO  server.BaseHttpServer (BaseHttpServer.java:updateConnectorAddress(213)) - HTTP server of OZONEMANAGER is listening at http://0.0.0.0:37261
2019-09-19 05:06:45,113 [main] INFO  impl.MetricsSystemImpl (MetricsSystemImpl.java:init(158)) - HddsDatanode metrics system started (again)
2019-09-19 05:06:45,208 [main] INFO  ozone.HddsDatanodeService (HddsDatanodeService.java:start(184)) - HddsDatanodeService host:pr-hdds-2034-srnhl-2452957315 ip:192.168.34.50
2019-09-19 05:06:45,242 [main] INFO  volume.HddsVolume (HddsVolume.java:<init>(176)) - Creating Volume: /workdir/hadoop-ozone/integration-test/target/test-dir/MiniOzoneClusterImpl-bbf495c9-350a-409e-a1d0-dfcf287214b2/datanode-0/data/containers/hdds of  storage type : DISK and capacity : 1482555576320
2019-09-19 05:06:45,244 [main] INFO  volume.VolumeSet (VolumeSet.java:initializeVolumeSet(170)) - Added Volume : /workdir/hadoop-ozone/integration-test/target/test-dir/MiniOzoneClusterImpl-bbf495c9-350a-409e-a1d0-dfcf287214b2/datanode-0/data/containers/hdds to VolumeSet
2019-09-19 05:06:45,247 [main] INFO  volume.ThrottledAsyncChecker (ThrottledAsyncChecker.java:schedule(140)) - Scheduling a check for org.apache.hadoop.ozone.container.common.volume.HddsVolume@20749d9
2019-09-19 05:06:45,266 [main] INFO  volume.HddsVolumeChecker (HddsVolumeChecker.java:checkAllVolumes(203)) - Scheduled health check for volume org.apache.hadoop.ozone.container.common.volume.HddsVolume@20749d9
2019-09-19 05:06:45,370 [main] INFO  impl.RaftServerProxy (ConfUtils.java:logGet(43)) - raft.rpc.type = GRPC (default)
2019-09-19 05:06:45,435 [main] INFO  grpc.GrpcFactory (GrpcFactory.java:checkPooledByteBufAllocatorUseCacheForAllThreads(45)) - PERFORMANCE WARNING: useCacheForAllThreads is true that may cause Netty to create a lot garbage objects and, as a result, trigger GC.
	It is recommended to disable useCacheForAllThreads by setting -Dorg.apache.ratis.thirdparty.io.netty.allocator.useCacheForAllThreads=false in command line.
2019-09-19 05:06:45,440 [main] INFO  grpc.GrpcConfigKeys$Server (ConfUtils.java:logGet(43)) - raft.grpc.server.port = 0 (default)
2019-09-19 05:06:45,441 [main] INFO  server.GrpcService (ConfUtils.java:logGet(43)) - raft.grpc.message.size.max = 33570816 (custom)
2019-09-19 05:06:45,443 [main] INFO  server.RaftServerConfigKeys (ConfUtils.java:logGet(43)) - raft.server.log.appender.buffer.byte-limit = 33554432 (custom)
2019-09-19 05:06:45,444 [main] INFO  server.GrpcService (ConfUtils.java:logGet(43)) - raft.grpc.flow.control.window = 1MB (=1048576) (default)
2019-09-19 05:06:45,444 [main] INFO  server.RaftServerConfigKeys (ConfUtils.java:logGet(43)) - raft.server.rpc.request.timeout = 3000ms (default)
2019-09-19 05:06:45,605 [main] INFO  server.RaftServerConfigKeys (ConfUtils.java:logGet(43)) - raft.server.storage.dir = [/workdir/hadoop-ozone/integration-test/target/test-dir/MiniOzoneClusterImpl-bbf495c9-350a-409e-a1d0-dfcf287214b2/datanode-0/data/ratis] (custom)
2019-09-19 05:06:45,641 [main] INFO  replication.SimpleContainerDownloader (SimpleContainerDownloader.java:<init>(72)) - Starting container downloader service to copy containers to replicate.
2019-09-19 05:06:45,656 [main] INFO  hdfs.DFSUtil (DFSUtil.java:httpServerTemplateForNNAndJN(1641)) - Starting Web-server for hddsDatanode at: http://0.0.0.0:0
2019-09-19 05:06:45,659 [main] INFO  server.AuthenticationFilter (AuthenticationFilter.java:constructSecretProvider(240)) - Unable to initialize FileSignerSecretProvider, falling back to use random secrets.
2019-09-19 05:06:45,660 [main] WARN  http.HttpRequestLog (HttpRequestLog.java:getRequestLog(97)) - Jetty request log can only be enabled using Log4j
2019-09-19 05:06:45,663 [main] INFO  http.HttpServer2 (HttpServer2.java:addGlobalFilter(975)) - Added global filter 'safety' (class=org.apache.hadoop.http.HttpServer2$QuotingInputFilter)
2019-09-19 05:06:45,664 [main] INFO  http.HttpServer2 (HttpServer2.java:addFilter(948)) - Added filter static_user_filter (class=org.apache.hadoop.http.lib.StaticUserWebFilter$StaticUserFilter) to context hddsDatanode
2019-09-19 05:06:45,664 [main] INFO  http.HttpServer2 (HttpServer2.java:addFilter(958)) - Added filter static_user_filter (class=org.apache.hadoop.http.lib.StaticUserWebFilter$StaticUserFilter) to context logs
2019-09-19 05:06:45,665 [main] INFO  http.HttpServer2 (HttpServer2.java:addFilter(958)) - Added filter static_user_filter (class=org.apache.hadoop.http.lib.StaticUserWebFilter$StaticUserFilter) to context static
2019-09-19 05:06:45,666 [main] INFO  http.HttpServer2 (HttpServer2.java:bindListener(1191)) - Jetty bound to port 40143
2019-09-19 05:06:45,666 [main] INFO  server.Server (Server.java:doStart(351)) - jetty-9.3.24.v20180605, build timestamp: 2018-06-05T17:11:56Z, git hash: 84205aa28f11a4f31f2a3b86d1bba2cc8ab69827
2019-09-19 05:06:45,669 [main] INFO  handler.ContextHandler (ContextHandler.java:doStart(781)) - Started o.e.j.s.ServletContextHandler@56dfab87{/logs,file:///workdir/hadoop-ozone/integration-test/target/log,AVAILABLE}
2019-09-19 05:06:45,670 [main] INFO  handler.ContextHandler (ContextHandler.java:doStart(781)) - Started o.e.j.s.ServletContextHandler@7fb29ca9{/static,jar:file:/home/user/.m2/repository/org/apache/hadoop/hadoop-hdds-container-service/0.5.0-SNAPSHOT/hadoop-hdds-container-service-0.5.0-SNAPSHOT.jar!/webapps/static,AVAILABLE}
2019-09-19 05:06:46,584 [main] INFO  handler.ContextHandler (ContextHandler.java:doStart(781)) - Started o.e.j.w.WebAppContext@1cc680e{/,file:///tmp/jetty-0.0.0.0-40143-hddsDatanode-_-any-6053562100755157011.dir/webapp/,AVAILABLE}{/hddsDatanode}
2019-09-19 05:06:46,586 [main] INFO  server.AbstractConnector (AbstractConnector.java:doStart(278)) - Started ServerConnector@1dc3502b{HTTP/1.1,[http/1.1]}{0.0.0.0:40143}
2019-09-19 05:06:46,587 [main] INFO  server.Server (Server.java:doStart(419)) - Started @9822ms
2019-09-19 05:06:46,588 [main] INFO  server.BaseHttpServer (BaseHttpServer.java:updateConnectorAddress(213)) - HTTP server of HDDSDATANODE is listening at http://0.0.0.0:40143
2019-09-19 05:06:47,734 | INFO  | ObjectStoreRestHttpServer | Listening HDDS REST traffic on /0.0.0.0:41788 |  
2019-09-19 05:06:47,735 [main] INFO  ozone.HddsDatanodeService (HddsDatanodeService.java:startPlugins(395)) - Started plug-in org.apache.hadoop.ozone.web.OzoneHddsDatanodeService@5f08fe00
2019-09-19 05:06:47,736 [main] INFO  impl.MetricsSystemImpl (MetricsSystemImpl.java:init(158)) - HddsDatanode metrics system started (again)
2019-09-19 05:06:47,740 [main] INFO  ozone.HddsDatanodeService (HddsDatanodeService.java:start(184)) - HddsDatanodeService host:pr-hdds-2034-srnhl-2452957315 ip:192.168.34.50
2019-09-19 05:06:47,745 [org.apache.hadoop.util.JvmPauseMonitor$Monitor@d1d2e98] INFO  util.JvmPauseMonitor (JvmPauseMonitor.java:run(188)) - Starting JVM pause monitor
2019-09-19 05:06:47,749 [main] INFO  volume.HddsVolume (HddsVolume.java:<init>(176)) - Creating Volume: /workdir/hadoop-ozone/integration-test/target/test-dir/MiniOzoneClusterImpl-bbf495c9-350a-409e-a1d0-dfcf287214b2/datanode-1/data/containers/hdds of  storage type : DISK and capacity : 1482555576320
2019-09-19 05:06:47,759 [main] INFO  volume.VolumeSet (VolumeSet.java:initializeVolumeSet(170)) - Added Volume : /workdir/hadoop-ozone/integration-test/target/test-dir/MiniOzoneClusterImpl-bbf495c9-350a-409e-a1d0-dfcf287214b2/datanode-1/data/containers/hdds to VolumeSet
2019-09-19 05:06:47,759 [main] INFO  volume.ThrottledAsyncChecker (ThrottledAsyncChecker.java:schedule(140)) - Scheduling a check for org.apache.hadoop.ozone.container.common.volume.HddsVolume@1213ffbc
2019-09-19 05:06:47,760 [main] INFO  volume.HddsVolumeChecker (HddsVolumeChecker.java:checkAllVolumes(203)) - Scheduled health check for volume org.apache.hadoop.ozone.container.common.volume.HddsVolume@1213ffbc
2019-09-19 05:06:47,781 [main] INFO  impl.RaftServerProxy (ConfUtils.java:logGet(43)) - raft.rpc.type = GRPC (default)
2019-09-19 05:06:47,781 [main] INFO  grpc.GrpcFactory (GrpcFactory.java:checkPooledByteBufAllocatorUseCacheForAllThreads(45)) - PERFORMANCE WARNING: useCacheForAllThreads is true that may cause Netty to create a lot garbage objects and, as a result, trigger GC.
	It is recommended to disable useCacheForAllThreads by setting -Dorg.apache.ratis.thirdparty.io.netty.allocator.useCacheForAllThreads=false in command line.
2019-09-19 05:06:47,781 [main] INFO  grpc.GrpcConfigKeys$Server (ConfUtils.java:logGet(43)) - raft.grpc.server.port = 0 (default)
2019-09-19 05:06:47,781 [main] INFO  server.GrpcService (ConfUtils.java:logGet(43)) - raft.grpc.message.size.max = 33570816 (custom)
2019-09-19 05:06:47,782 [main] INFO  server.RaftServerConfigKeys (ConfUtils.java:logGet(43)) - raft.server.log.appender.buffer.byte-limit = 33554432 (custom)
2019-09-19 05:06:47,782 [main] INFO  server.GrpcService (ConfUtils.java:logGet(43)) - raft.grpc.flow.control.window = 1MB (=1048576) (default)
2019-09-19 05:06:47,782 [main] INFO  server.RaftServerConfigKeys (ConfUtils.java:logGet(43)) - raft.server.rpc.request.timeout = 3000ms (default)
2019-09-19 05:06:47,783 [main] INFO  server.RaftServerConfigKeys (ConfUtils.java:logGet(43)) - raft.server.storage.dir = [/workdir/hadoop-ozone/integration-test/target/test-dir/MiniOzoneClusterImpl-bbf495c9-350a-409e-a1d0-dfcf287214b2/datanode-1/data/ratis] (custom)
2019-09-19 05:06:47,783 [main] INFO  replication.SimpleContainerDownloader (SimpleContainerDownloader.java:<init>(72)) - Starting container downloader service to copy containers to replicate.
2019-09-19 05:06:47,785 [main] INFO  hdfs.DFSUtil (DFSUtil.java:httpServerTemplateForNNAndJN(1641)) - Starting Web-server for hddsDatanode at: http://0.0.0.0:0
2019-09-19 05:06:47,787 [main] INFO  server.AuthenticationFilter (AuthenticationFilter.java:constructSecretProvider(240)) - Unable to initialize FileSignerSecretProvider, falling back to use random secrets.
2019-09-19 05:06:47,788 [main] WARN  http.HttpRequestLog (HttpRequestLog.java:getRequestLog(97)) - Jetty request log can only be enabled using Log4j
2019-09-19 05:06:47,790 [main] INFO  http.HttpServer2 (HttpServer2.java:addGlobalFilter(975)) - Added global filter 'safety' (class=org.apache.hadoop.http.HttpServer2$QuotingInputFilter)
2019-09-19 05:06:47,791 [main] INFO  http.HttpServer2 (HttpServer2.java:addFilter(948)) - Added filter static_user_filter (class=org.apache.hadoop.http.lib.StaticUserWebFilter$StaticUserFilter) to context hddsDatanode
2019-09-19 05:06:47,791 [main] INFO  http.HttpServer2 (HttpServer2.java:addFilter(958)) - Added filter static_user_filter (class=org.apache.hadoop.http.lib.StaticUserWebFilter$StaticUserFilter) to context static
2019-09-19 05:06:47,791 [main] INFO  http.HttpServer2 (HttpServer2.java:addFilter(958)) - Added filter static_user_filter (class=org.apache.hadoop.http.lib.StaticUserWebFilter$StaticUserFilter) to context logs
2019-09-19 05:06:47,793 [main] INFO  http.HttpServer2 (HttpServer2.java:bindListener(1191)) - Jetty bound to port 41671
2019-09-19 05:06:47,793 [main] INFO  server.Server (Server.java:doStart(351)) - jetty-9.3.24.v20180605, build timestamp: 2018-06-05T17:11:56Z, git hash: 84205aa28f11a4f31f2a3b86d1bba2cc8ab69827
2019-09-19 05:06:47,796 [main] INFO  handler.ContextHandler (ContextHandler.java:doStart(781)) - Started o.e.j.s.ServletContextHandler@40717ed{/logs,file:///workdir/hadoop-ozone/integration-test/target/log,AVAILABLE}
2019-09-19 05:06:47,797 [main] INFO  handler.ContextHandler (ContextHandler.java:doStart(781)) - Started o.e.j.s.ServletContextHandler@5460edd3{/static,jar:file:/home/user/.m2/repository/org/apache/hadoop/hadoop-hdds-container-service/0.5.0-SNAPSHOT/hadoop-hdds-container-service-0.5.0-SNAPSHOT.jar!/webapps/static,AVAILABLE}
2019-09-19 05:06:47,828 [main] INFO  handler.ContextHandler (ContextHandler.java:doStart(781)) - Started o.e.j.w.WebAppContext@4bf03fee{/,file:///tmp/jetty-0.0.0.0-41671-hddsDatanode-_-any-8622789984865313498.dir/webapp/,AVAILABLE}{/hddsDatanode}
2019-09-19 05:06:47,830 [main] INFO  server.AbstractConnector (AbstractConnector.java:doStart(278)) - Started ServerConnector@31834a2b{HTTP/1.1,[http/1.1]}{0.0.0.0:41671}
2019-09-19 05:06:47,830 [main] INFO  server.Server (Server.java:doStart(419)) - Started @11065ms
2019-09-19 05:06:47,831 [main] INFO  server.BaseHttpServer (BaseHttpServer.java:updateConnectorAddress(213)) - HTTP server of HDDSDATANODE is listening at http://0.0.0.0:41671
2019-09-19 05:06:47,879 [Datanode State Machine Thread - 0] INFO  datanode.InitDatanodeState (InitDatanodeState.java:persistContainerDatanodeDetails(140)) - DatanodeDetails is persisted to /workdir/hadoop-ozone/integration-test/target/test-dir/MiniOzoneClusterImpl-bbf495c9-350a-409e-a1d0-dfcf287214b2/datanode-0/meta/datanode.id
2019-09-19 05:06:48,024 | INFO  | ObjectStoreRestHttpServer | Listening HDDS REST traffic on /0.0.0.0:42093 |  
2019-09-19 05:06:48,024 [main] INFO  ozone.HddsDatanodeService (HddsDatanodeService.java:startPlugins(395)) - Started plug-in org.apache.hadoop.ozone.web.OzoneHddsDatanodeService@47044f7d
2019-09-19 05:06:48,025 [main] INFO  impl.MetricsSystemImpl (MetricsSystemImpl.java:init(158)) - HddsDatanode metrics system started (again)
2019-09-19 05:06:48,028 [org.apache.hadoop.util.JvmPauseMonitor$Monitor@2d9866cb] INFO  util.JvmPauseMonitor (JvmPauseMonitor.java:run(188)) - Starting JVM pause monitor
2019-09-19 05:06:48,028 [main] INFO  ozone.HddsDatanodeService (HddsDatanodeService.java:start(184)) - HddsDatanodeService host:pr-hdds-2034-srnhl-2452957315 ip:192.168.34.50
2019-09-19 05:06:48,034 [Datanode State Machine Thread - 0] INFO  datanode.InitDatanodeState (InitDatanodeState.java:persistContainerDatanodeDetails(140)) - DatanodeDetails is persisted to /workdir/hadoop-ozone/integration-test/target/test-dir/MiniOzoneClusterImpl-bbf495c9-350a-409e-a1d0-dfcf287214b2/datanode-1/meta/datanode.id
2019-09-19 05:06:48,038 [main] INFO  volume.HddsVolume (HddsVolume.java:<init>(176)) - Creating Volume: /workdir/hadoop-ozone/integration-test/target/test-dir/MiniOzoneClusterImpl-bbf495c9-350a-409e-a1d0-dfcf287214b2/datanode-2/data/containers/hdds of  storage type : DISK and capacity : 1482555576320
2019-09-19 05:06:48,038 [main] INFO  volume.VolumeSet (VolumeSet.java:initializeVolumeSet(170)) - Added Volume : /workdir/hadoop-ozone/integration-test/target/test-dir/MiniOzoneClusterImpl-bbf495c9-350a-409e-a1d0-dfcf287214b2/datanode-2/data/containers/hdds to VolumeSet
2019-09-19 05:06:48,038 [main] INFO  volume.ThrottledAsyncChecker (ThrottledAsyncChecker.java:schedule(140)) - Scheduling a check for org.apache.hadoop.ozone.container.common.volume.HddsVolume@13250132
2019-09-19 05:06:48,039 [main] INFO  volume.HddsVolumeChecker (HddsVolumeChecker.java:checkAllVolumes(203)) - Scheduled health check for volume org.apache.hadoop.ozone.container.common.volume.HddsVolume@13250132
2019-09-19 05:06:48,058 [main] INFO  impl.RaftServerProxy (ConfUtils.java:logGet(43)) - raft.rpc.type = GRPC (default)
2019-09-19 05:06:48,058 [main] INFO  grpc.GrpcFactory (GrpcFactory.java:checkPooledByteBufAllocatorUseCacheForAllThreads(45)) - PERFORMANCE WARNING: useCacheForAllThreads is true that may cause Netty to create a lot garbage objects and, as a result, trigger GC.
	It is recommended to disable useCacheForAllThreads by setting -Dorg.apache.ratis.thirdparty.io.netty.allocator.useCacheForAllThreads=false in command line.
2019-09-19 05:06:48,058 [main] INFO  grpc.GrpcConfigKeys$Server (ConfUtils.java:logGet(43)) - raft.grpc.server.port = 0 (default)
2019-09-19 05:06:48,059 [main] INFO  server.GrpcService (ConfUtils.java:logGet(43)) - raft.grpc.message.size.max = 33570816 (custom)
2019-09-19 05:06:48,059 [main] INFO  server.RaftServerConfigKeys (ConfUtils.java:logGet(43)) - raft.server.log.appender.buffer.byte-limit = 33554432 (custom)
2019-09-19 05:06:48,059 [main] INFO  server.GrpcService (ConfUtils.java:logGet(43)) - raft.grpc.flow.control.window = 1MB (=1048576) (default)
2019-09-19 05:06:48,059 [main] INFO  server.RaftServerConfigKeys (ConfUtils.java:logGet(43)) - raft.server.rpc.request.timeout = 3000ms (default)
2019-09-19 05:06:48,060 [main] INFO  server.RaftServerConfigKeys (ConfUtils.java:logGet(43)) - raft.server.storage.dir = [/workdir/hadoop-ozone/integration-test/target/test-dir/MiniOzoneClusterImpl-bbf495c9-350a-409e-a1d0-dfcf287214b2/datanode-2/data/ratis] (custom)
2019-09-19 05:06:48,061 [main] INFO  replication.SimpleContainerDownloader (SimpleContainerDownloader.java:<init>(72)) - Starting container downloader service to copy containers to replicate.
2019-09-19 05:06:48,063 [main] INFO  hdfs.DFSUtil (DFSUtil.java:httpServerTemplateForNNAndJN(1641)) - Starting Web-server for hddsDatanode at: http://0.0.0.0:0
2019-09-19 05:06:48,065 [main] INFO  server.AuthenticationFilter (AuthenticationFilter.java:constructSecretProvider(240)) - Unable to initialize FileSignerSecretProvider, falling back to use random secrets.
2019-09-19 05:06:48,066 [main] WARN  http.HttpRequestLog (HttpRequestLog.java:getRequestLog(97)) - Jetty request log can only be enabled using Log4j
2019-09-19 05:06:48,068 [main] INFO  http.HttpServer2 (HttpServer2.java:addGlobalFilter(975)) - Added global filter 'safety' (class=org.apache.hadoop.http.HttpServer2$QuotingInputFilter)
2019-09-19 05:06:48,069 [main] INFO  http.HttpServer2 (HttpServer2.java:addFilter(948)) - Added filter static_user_filter (class=org.apache.hadoop.http.lib.StaticUserWebFilter$StaticUserFilter) to context hddsDatanode
2019-09-19 05:06:48,070 [main] INFO  http.HttpServer2 (HttpServer2.java:addFilter(958)) - Added filter static_user_filter (class=org.apache.hadoop.http.lib.StaticUserWebFilter$StaticUserFilter) to context static
2019-09-19 05:06:48,070 [main] INFO  http.HttpServer2 (HttpServer2.java:addFilter(958)) - Added filter static_user_filter (class=org.apache.hadoop.http.lib.StaticUserWebFilter$StaticUserFilter) to context logs
2019-09-19 05:06:48,071 [main] INFO  http.HttpServer2 (HttpServer2.java:bindListener(1191)) - Jetty bound to port 42494
2019-09-19 05:06:48,071 [main] INFO  server.Server (Server.java:doStart(351)) - jetty-9.3.24.v20180605, build timestamp: 2018-06-05T17:11:56Z, git hash: 84205aa28f11a4f31f2a3b86d1bba2cc8ab69827
2019-09-19 05:06:48,074 [main] INFO  handler.ContextHandler (ContextHandler.java:doStart(781)) - Started o.e.j.s.ServletContextHandler@74ba6ff5{/logs,file:///workdir/hadoop-ozone/integration-test/target/log,AVAILABLE}
2019-09-19 05:06:48,075 [main] INFO  handler.ContextHandler (ContextHandler.java:doStart(781)) - Started o.e.j.s.ServletContextHandler@7a84788f{/static,jar:file:/home/user/.m2/repository/org/apache/hadoop/hadoop-hdds-container-service/0.5.0-SNAPSHOT/hadoop-hdds-container-service-0.5.0-SNAPSHOT.jar!/webapps/static,AVAILABLE}
2019-09-19 05:06:48,109 [main] INFO  handler.ContextHandler (ContextHandler.java:doStart(781)) - Started o.e.j.w.WebAppContext@25791d40{/,file:///tmp/jetty-0.0.0.0-42494-hddsDatanode-_-any-7114778188484543719.dir/webapp/,AVAILABLE}{/hddsDatanode}
2019-09-19 05:06:48,110 [main] INFO  server.AbstractConnector (AbstractConnector.java:doStart(278)) - Started ServerConnector@448c92fc{HTTP/1.1,[http/1.1]}{0.0.0.0:42494}
2019-09-19 05:06:48,111 [main] INFO  server.Server (Server.java:doStart(419)) - Started @11345ms
2019-09-19 05:06:48,112 [main] INFO  server.BaseHttpServer (BaseHttpServer.java:updateConnectorAddress(213)) - HTTP server of HDDSDATANODE is listening at http://0.0.0.0:42494
2019-09-19 05:06:48,312 | INFO  | ObjectStoreRestHttpServer | Listening HDDS REST traffic on /0.0.0.0:41554 |  
2019-09-19 05:06:48,313 [main] INFO  ozone.HddsDatanodeService (HddsDatanodeService.java:startPlugins(395)) - Started plug-in org.apache.hadoop.ozone.web.OzoneHddsDatanodeService@30abf79c
2019-09-19 05:06:48,313 [main] INFO  impl.MetricsSystemImpl (MetricsSystemImpl.java:init(158)) - HddsDatanode metrics system started (again)
2019-09-19 05:06:48,316 [main] INFO  ozone.HddsDatanodeService (HddsDatanodeService.java:start(184)) - HddsDatanodeService host:pr-hdds-2034-srnhl-2452957315 ip:192.168.34.50
2019-09-19 05:06:48,316 [org.apache.hadoop.util.JvmPauseMonitor$Monitor@320d4880] INFO  util.JvmPauseMonitor (JvmPauseMonitor.java:run(188)) - Starting JVM pause monitor
2019-09-19 05:06:48,320 [Datanode State Machine Thread - 0] INFO  datanode.InitDatanodeState (InitDatanodeState.java:persistContainerDatanodeDetails(140)) - DatanodeDetails is persisted to /workdir/hadoop-ozone/integration-test/target/test-dir/MiniOzoneClusterImpl-bbf495c9-350a-409e-a1d0-dfcf287214b2/datanode-2/meta/datanode.id
2019-09-19 05:06:48,323 [main] INFO  volume.HddsVolume (HddsVolume.java:<init>(176)) - Creating Volume: /workdir/hadoop-ozone/integration-test/target/test-dir/MiniOzoneClusterImpl-bbf495c9-350a-409e-a1d0-dfcf287214b2/datanode-3/data/containers/hdds of  storage type : DISK and capacity : 1482555576320
2019-09-19 05:06:48,323 [main] INFO  volume.VolumeSet (VolumeSet.java:initializeVolumeSet(170)) - Added Volume : /workdir/hadoop-ozone/integration-test/target/test-dir/MiniOzoneClusterImpl-bbf495c9-350a-409e-a1d0-dfcf287214b2/datanode-3/data/containers/hdds to VolumeSet
2019-09-19 05:06:48,323 [main] INFO  volume.ThrottledAsyncChecker (ThrottledAsyncChecker.java:schedule(140)) - Scheduling a check for org.apache.hadoop.ozone.container.common.volume.HddsVolume@6314df3c
2019-09-19 05:06:48,324 [main] INFO  volume.HddsVolumeChecker (HddsVolumeChecker.java:checkAllVolumes(203)) - Scheduled health check for volume org.apache.hadoop.ozone.container.common.volume.HddsVolume@6314df3c
2019-09-19 05:06:48,346 [main] INFO  impl.RaftServerProxy (ConfUtils.java:logGet(43)) - raft.rpc.type = GRPC (default)
2019-09-19 05:06:48,346 [main] INFO  grpc.GrpcFactory (GrpcFactory.java:checkPooledByteBufAllocatorUseCacheForAllThreads(45)) - PERFORMANCE WARNING: useCacheForAllThreads is true that may cause Netty to create a lot garbage objects and, as a result, trigger GC.
	It is recommended to disable useCacheForAllThreads by setting -Dorg.apache.ratis.thirdparty.io.netty.allocator.useCacheForAllThreads=false in command line.
2019-09-19 05:06:48,346 [main] INFO  grpc.GrpcConfigKeys$Server (ConfUtils.java:logGet(43)) - raft.grpc.server.port = 0 (default)
2019-09-19 05:06:48,347 [main] INFO  server.GrpcService (ConfUtils.java:logGet(43)) - raft.grpc.message.size.max = 33570816 (custom)
2019-09-19 05:06:48,347 [main] INFO  server.RaftServerConfigKeys (ConfUtils.java:logGet(43)) - raft.server.log.appender.buffer.byte-limit = 33554432 (custom)
2019-09-19 05:06:48,347 [main] INFO  server.GrpcService (ConfUtils.java:logGet(43)) - raft.grpc.flow.control.window = 1MB (=1048576) (default)
2019-09-19 05:06:48,347 [main] INFO  server.RaftServerConfigKeys (ConfUtils.java:logGet(43)) - raft.server.rpc.request.timeout = 3000ms (default)
2019-09-19 05:06:48,348 [main] INFO  server.RaftServerConfigKeys (ConfUtils.java:logGet(43)) - raft.server.storage.dir = [/workdir/hadoop-ozone/integration-test/target/test-dir/MiniOzoneClusterImpl-bbf495c9-350a-409e-a1d0-dfcf287214b2/datanode-3/data/ratis] (custom)
2019-09-19 05:06:48,349 [main] INFO  replication.SimpleContainerDownloader (SimpleContainerDownloader.java:<init>(72)) - Starting container downloader service to copy containers to replicate.
2019-09-19 05:06:48,350 [main] INFO  hdfs.DFSUtil (DFSUtil.java:httpServerTemplateForNNAndJN(1641)) - Starting Web-server for hddsDatanode at: http://0.0.0.0:0
2019-09-19 05:06:48,352 [main] INFO  server.AuthenticationFilter (AuthenticationFilter.java:constructSecretProvider(240)) - Unable to initialize FileSignerSecretProvider, falling back to use random secrets.
2019-09-19 05:06:48,353 [main] WARN  http.HttpRequestLog (HttpRequestLog.java:getRequestLog(97)) - Jetty request log can only be enabled using Log4j
2019-09-19 05:06:48,356 [main] INFO  http.HttpServer2 (HttpServer2.java:addGlobalFilter(975)) - Added global filter 'safety' (class=org.apache.hadoop.http.HttpServer2$QuotingInputFilter)
2019-09-19 05:06:48,357 [main] INFO  http.HttpServer2 (HttpServer2.java:addFilter(948)) - Added filter static_user_filter (class=org.apache.hadoop.http.lib.StaticUserWebFilter$StaticUserFilter) to context hddsDatanode
2019-09-19 05:06:48,358 [main] INFO  http.HttpServer2 (HttpServer2.java:addFilter(958)) - Added filter static_user_filter (class=org.apache.hadoop.http.lib.StaticUserWebFilter$StaticUserFilter) to context logs
2019-09-19 05:06:48,358 [main] INFO  http.HttpServer2 (HttpServer2.java:addFilter(958)) - Added filter static_user_filter (class=org.apache.hadoop.http.lib.StaticUserWebFilter$StaticUserFilter) to context static
2019-09-19 05:06:48,359 [main] INFO  http.HttpServer2 (HttpServer2.java:bindListener(1191)) - Jetty bound to port 39179
2019-09-19 05:06:48,359 [main] INFO  server.Server (Server.java:doStart(351)) - jetty-9.3.24.v20180605, build timestamp: 2018-06-05T17:11:56Z, git hash: 84205aa28f11a4f31f2a3b86d1bba2cc8ab69827
2019-09-19 05:06:48,364 [main] INFO  handler.ContextHandler (ContextHandler.java:doStart(781)) - Started o.e.j.s.ServletContextHandler@2725ca05{/logs,file:///workdir/hadoop-ozone/integration-test/target/log,AVAILABLE}
2019-09-19 05:06:48,365 [main] INFO  handler.ContextHandler (ContextHandler.java:doStart(781)) - Started o.e.j.s.ServletContextHandler@1a914089{/static,jar:file:/home/user/.m2/repository/org/apache/hadoop/hadoop-hdds-container-service/0.5.0-SNAPSHOT/hadoop-hdds-container-service-0.5.0-SNAPSHOT.jar!/webapps/static,AVAILABLE}
2019-09-19 05:06:48,413 [main] INFO  handler.ContextHandler (ContextHandler.java:doStart(781)) - Started o.e.j.w.WebAppContext@79df80a4{/,file:///tmp/jetty-0.0.0.0-39179-hddsDatanode-_-any-1485764002800089376.dir/webapp/,AVAILABLE}{/hddsDatanode}
2019-09-19 05:06:48,415 [main] INFO  server.AbstractConnector (AbstractConnector.java:doStart(278)) - Started ServerConnector@130cfc47{HTTP/1.1,[http/1.1]}{0.0.0.0:39179}
2019-09-19 05:06:48,415 [main] INFO  server.Server (Server.java:doStart(419)) - Started @11650ms
2019-09-19 05:06:48,416 [main] INFO  server.BaseHttpServer (BaseHttpServer.java:updateConnectorAddress(213)) - HTTP server of HDDSDATANODE is listening at http://0.0.0.0:39179
2019-09-19 05:06:48,614 | INFO  | ObjectStoreRestHttpServer | Listening HDDS REST traffic on /0.0.0.0:45902 |  
2019-09-19 05:06:48,615 [main] INFO  ozone.HddsDatanodeService (HddsDatanodeService.java:startPlugins(395)) - Started plug-in org.apache.hadoop.ozone.web.OzoneHddsDatanodeService@34c62fdf
2019-09-19 05:06:48,616 [main] INFO  impl.MetricsSystemImpl (MetricsSystemImpl.java:init(158)) - HddsDatanode metrics system started (again)
2019-09-19 05:06:48,620 [org.apache.hadoop.util.JvmPauseMonitor$Monitor@16f4283] INFO  util.JvmPauseMonitor (JvmPauseMonitor.java:run(188)) - Starting JVM pause monitor
2019-09-19 05:06:48,622 [Datanode State Machine Thread - 0] INFO  datanode.InitDatanodeState (InitDatanodeState.java:persistContainerDatanodeDetails(140)) - DatanodeDetails is persisted to /workdir/hadoop-ozone/integration-test/target/test-dir/MiniOzoneClusterImpl-bbf495c9-350a-409e-a1d0-dfcf287214b2/datanode-3/meta/datanode.id
2019-09-19 05:06:48,624 [main] INFO  ozone.HddsDatanodeService (HddsDatanodeService.java:start(184)) - HddsDatanodeService host:pr-hdds-2034-srnhl-2452957315 ip:192.168.34.50
2019-09-19 05:06:48,633 [main] INFO  volume.HddsVolume (HddsVolume.java:<init>(176)) - Creating Volume: /workdir/hadoop-ozone/integration-test/target/test-dir/MiniOzoneClusterImpl-bbf495c9-350a-409e-a1d0-dfcf287214b2/datanode-4/data/containers/hdds of  storage type : DISK and capacity : 1482555576320
2019-09-19 05:06:48,634 [main] INFO  volume.VolumeSet (VolumeSet.java:initializeVolumeSet(170)) - Added Volume : /workdir/hadoop-ozone/integration-test/target/test-dir/MiniOzoneClusterImpl-bbf495c9-350a-409e-a1d0-dfcf287214b2/datanode-4/data/containers/hdds to VolumeSet
2019-09-19 05:06:48,634 [main] INFO  volume.ThrottledAsyncChecker (ThrottledAsyncChecker.java:schedule(140)) - Scheduling a check for org.apache.hadoop.ozone.container.common.volume.HddsVolume@403364e9
2019-09-19 05:06:48,635 [main] INFO  volume.HddsVolumeChecker (HddsVolumeChecker.java:checkAllVolumes(203)) - Scheduled health check for volume org.apache.hadoop.ozone.container.common.volume.HddsVolume@403364e9
2019-09-19 05:06:48,659 [main] INFO  impl.RaftServerProxy (ConfUtils.java:logGet(43)) - raft.rpc.type = GRPC (default)
2019-09-19 05:06:48,659 [main] INFO  grpc.GrpcFactory (GrpcFactory.java:checkPooledByteBufAllocatorUseCacheForAllThreads(45)) - PERFORMANCE WARNING: useCacheForAllThreads is true that may cause Netty to create a lot garbage objects and, as a result, trigger GC.
	It is recommended to disable useCacheForAllThreads by setting -Dorg.apache.ratis.thirdparty.io.netty.allocator.useCacheForAllThreads=false in command line.
2019-09-19 05:06:48,659 [main] INFO  grpc.GrpcConfigKeys$Server (ConfUtils.java:logGet(43)) - raft.grpc.server.port = 0 (default)
2019-09-19 05:06:48,660 [main] INFO  server.GrpcService (ConfUtils.java:logGet(43)) - raft.grpc.message.size.max = 33570816 (custom)
2019-09-19 05:06:48,660 [main] INFO  server.RaftServerConfigKeys (ConfUtils.java:logGet(43)) - raft.server.log.appender.buffer.byte-limit = 33554432 (custom)
2019-09-19 05:06:48,660 [main] INFO  server.GrpcService (ConfUtils.java:logGet(43)) - raft.grpc.flow.control.window = 1MB (=1048576) (default)
2019-09-19 05:06:48,660 [main] INFO  server.RaftServerConfigKeys (ConfUtils.java:logGet(43)) - raft.server.rpc.request.timeout = 3000ms (default)
2019-09-19 05:06:48,661 [main] INFO  server.RaftServerConfigKeys (ConfUtils.java:logGet(43)) - raft.server.storage.dir = [/workdir/hadoop-ozone/integration-test/target/test-dir/MiniOzoneClusterImpl-bbf495c9-350a-409e-a1d0-dfcf287214b2/datanode-4/data/ratis] (custom)
2019-09-19 05:06:48,662 [main] INFO  replication.SimpleContainerDownloader (SimpleContainerDownloader.java:<init>(72)) - Starting container downloader service to copy containers to replicate.
2019-09-19 05:06:48,664 [main] INFO  hdfs.DFSUtil (DFSUtil.java:httpServerTemplateForNNAndJN(1641)) - Starting Web-server for hddsDatanode at: http://0.0.0.0:0
2019-09-19 05:06:48,667 [main] INFO  server.AuthenticationFilter (AuthenticationFilter.java:constructSecretProvider(240)) - Unable to initialize FileSignerSecretProvider, falling back to use random secrets.
2019-09-19 05:06:48,668 [main] WARN  http.HttpRequestLog (HttpRequestLog.java:getRequestLog(97)) - Jetty request log can only be enabled using Log4j
2019-09-19 05:06:48,671 [main] INFO  http.HttpServer2 (HttpServer2.java:addGlobalFilter(975)) - Added global filter 'safety' (class=org.apache.hadoop.http.HttpServer2$QuotingInputFilter)
2019-09-19 05:06:48,672 [main] INFO  http.HttpServer2 (HttpServer2.java:addFilter(948)) - Added filter static_user_filter (class=org.apache.hadoop.http.lib.StaticUserWebFilter$StaticUserFilter) to context hddsDatanode
2019-09-19 05:06:48,673 [main] INFO  http.HttpServer2 (HttpServer2.java:addFilter(958)) - Added filter static_user_filter (class=org.apache.hadoop.http.lib.StaticUserWebFilter$StaticUserFilter) to context logs
2019-09-19 05:06:48,673 [main] INFO  http.HttpServer2 (HttpServer2.java:addFilter(958)) - Added filter static_user_filter (class=org.apache.hadoop.http.lib.StaticUserWebFilter$StaticUserFilter) to context static
2019-09-19 05:06:48,674 [main] INFO  http.HttpServer2 (HttpServer2.java:bindListener(1191)) - Jetty bound to port 42149
2019-09-19 05:06:48,675 [main] INFO  server.Server (Server.java:doStart(351)) - jetty-9.3.24.v20180605, build timestamp: 2018-06-05T17:11:56Z, git hash: 84205aa28f11a4f31f2a3b86d1bba2cc8ab69827
2019-09-19 05:06:48,678 [main] INFO  handler.ContextHandler (ContextHandler.java:doStart(781)) - Started o.e.j.s.ServletContextHandler@9408857{/logs,file:///workdir/hadoop-ozone/integration-test/target/log,AVAILABLE}
2019-09-19 05:06:48,679 [main] INFO  handler.ContextHandler (ContextHandler.java:doStart(781)) - Started o.e.j.s.ServletContextHandler@2f09e6b2{/static,jar:file:/home/user/.m2/repository/org/apache/hadoop/hadoop-hdds-container-service/0.5.0-SNAPSHOT/hadoop-hdds-container-service-0.5.0-SNAPSHOT.jar!/webapps/static,AVAILABLE}
2019-09-19 05:06:48,721 [main] INFO  handler.ContextHandler (ContextHandler.java:doStart(781)) - Started o.e.j.w.WebAppContext@6321a5aa{/,file:///tmp/jetty-0.0.0.0-42149-hddsDatanode-_-any-2158090759366568686.dir/webapp/,AVAILABLE}{/hddsDatanode}
2019-09-19 05:06:48,722 [main] INFO  server.AbstractConnector (AbstractConnector.java:doStart(278)) - Started ServerConnector@1c7f9861{HTTP/1.1,[http/1.1]}{0.0.0.0:42149}
2019-09-19 05:06:48,723 [main] INFO  server.Server (Server.java:doStart(419)) - Started @11957ms
2019-09-19 05:06:48,724 [main] INFO  server.BaseHttpServer (BaseHttpServer.java:updateConnectorAddress(213)) - HTTP server of HDDSDATANODE is listening at http://0.0.0.0:42149
2019-09-19 05:06:48,902 | INFO  | ObjectStoreRestHttpServer | Listening HDDS REST traffic on /0.0.0.0:45667 |  
2019-09-19 05:06:48,902 [main] INFO  ozone.HddsDatanodeService (HddsDatanodeService.java:startPlugins(395)) - Started plug-in org.apache.hadoop.ozone.web.OzoneHddsDatanodeService@388be5fd
2019-09-19 05:06:48,902 [main] INFO  impl.MetricsSystemImpl (MetricsSystemImpl.java:init(158)) - HddsDatanode metrics system started (again)
2019-09-19 05:06:48,905 [org.apache.hadoop.util.JvmPauseMonitor$Monitor@52d29be3] INFO  util.JvmPauseMonitor (JvmPauseMonitor.java:run(188)) - Starting JVM pause monitor
2019-09-19 05:06:48,906 [main] INFO  ozone.HddsDatanodeService (HddsDatanodeService.java:start(184)) - HddsDatanodeService host:pr-hdds-2034-srnhl-2452957315 ip:192.168.34.50
2019-09-19 05:06:48,917 [Datanode State Machine Thread - 0] INFO  datanode.InitDatanodeState (InitDatanodeState.java:persistContainerDatanodeDetails(140)) - DatanodeDetails is persisted to /workdir/hadoop-ozone/integration-test/target/test-dir/MiniOzoneClusterImpl-bbf495c9-350a-409e-a1d0-dfcf287214b2/datanode-4/meta/datanode.id
2019-09-19 05:06:48,922 [main] INFO  volume.HddsVolume (HddsVolume.java:<init>(176)) - Creating Volume: /workdir/hadoop-ozone/integration-test/target/test-dir/MiniOzoneClusterImpl-bbf495c9-350a-409e-a1d0-dfcf287214b2/datanode-5/data/containers/hdds of  storage type : DISK and capacity : 1482555576320
2019-09-19 05:06:48,922 [main] INFO  volume.VolumeSet (VolumeSet.java:initializeVolumeSet(170)) - Added Volume : /workdir/hadoop-ozone/integration-test/target/test-dir/MiniOzoneClusterImpl-bbf495c9-350a-409e-a1d0-dfcf287214b2/datanode-5/data/containers/hdds to VolumeSet
2019-09-19 05:06:48,922 [main] INFO  volume.ThrottledAsyncChecker (ThrottledAsyncChecker.java:schedule(140)) - Scheduling a check for org.apache.hadoop.ozone.container.common.volume.HddsVolume@3a109ff7
2019-09-19 05:06:48,923 [main] INFO  volume.HddsVolumeChecker (HddsVolumeChecker.java:checkAllVolumes(203)) - Scheduled health check for volume org.apache.hadoop.ozone.container.common.volume.HddsVolume@3a109ff7
2019-09-19 05:06:48,940 [main] INFO  impl.RaftServerProxy (ConfUtils.java:logGet(43)) - raft.rpc.type = GRPC (default)
2019-09-19 05:06:48,940 [main] INFO  grpc.GrpcFactory (GrpcFactory.java:checkPooledByteBufAllocatorUseCacheForAllThreads(45)) - PERFORMANCE WARNING: useCacheForAllThreads is true that may cause Netty to create a lot garbage objects and, as a result, trigger GC.
	It is recommended to disable useCacheForAllThreads by setting -Dorg.apache.ratis.thirdparty.io.netty.allocator.useCacheForAllThreads=false in command line.
2019-09-19 05:06:48,940 [main] INFO  grpc.GrpcConfigKeys$Server (ConfUtils.java:logGet(43)) - raft.grpc.server.port = 0 (default)
2019-09-19 05:06:48,940 [main] INFO  server.GrpcService (ConfUtils.java:logGet(43)) - raft.grpc.message.size.max = 33570816 (custom)
2019-09-19 05:06:48,940 [main] INFO  server.RaftServerConfigKeys (ConfUtils.java:logGet(43)) - raft.server.log.appender.buffer.byte-limit = 33554432 (custom)
2019-09-19 05:06:48,941 [main] INFO  server.GrpcService (ConfUtils.java:logGet(43)) - raft.grpc.flow.control.window = 1MB (=1048576) (default)
2019-09-19 05:06:48,941 [main] INFO  server.RaftServerConfigKeys (ConfUtils.java:logGet(43)) - raft.server.rpc.request.timeout = 3000ms (default)
2019-09-19 05:06:48,941 [main] INFO  server.RaftServerConfigKeys (ConfUtils.java:logGet(43)) - raft.server.storage.dir = [/workdir/hadoop-ozone/integration-test/target/test-dir/MiniOzoneClusterImpl-bbf495c9-350a-409e-a1d0-dfcf287214b2/datanode-5/data/ratis] (custom)
2019-09-19 05:06:48,942 [main] INFO  replication.SimpleContainerDownloader (SimpleContainerDownloader.java:<init>(72)) - Starting container downloader service to copy containers to replicate.
2019-09-19 05:06:48,943 [main] INFO  hdfs.DFSUtil (DFSUtil.java:httpServerTemplateForNNAndJN(1641)) - Starting Web-server for hddsDatanode at: http://0.0.0.0:0
2019-09-19 05:06:48,945 [main] INFO  server.AuthenticationFilter (AuthenticationFilter.java:constructSecretProvider(240)) - Unable to initialize FileSignerSecretProvider, falling back to use random secrets.
2019-09-19 05:06:48,945 [main] WARN  http.HttpRequestLog (HttpRequestLog.java:getRequestLog(97)) - Jetty request log can only be enabled using Log4j
2019-09-19 05:06:48,947 [main] INFO  http.HttpServer2 (HttpServer2.java:addGlobalFilter(975)) - Added global filter 'safety' (class=org.apache.hadoop.http.HttpServer2$QuotingInputFilter)
2019-09-19 05:06:48,947 [main] INFO  http.HttpServer2 (HttpServer2.java:addFilter(948)) - Added filter static_user_filter (class=org.apache.hadoop.http.lib.StaticUserWebFilter$StaticUserFilter) to context hddsDatanode
2019-09-19 05:06:48,948 [main] INFO  http.HttpServer2 (HttpServer2.java:addFilter(958)) - Added filter static_user_filter (class=org.apache.hadoop.http.lib.StaticUserWebFilter$StaticUserFilter) to context static
2019-09-19 05:06:48,948 [main] INFO  http.HttpServer2 (HttpServer2.java:addFilter(958)) - Added filter static_user_filter (class=org.apache.hadoop.http.lib.StaticUserWebFilter$StaticUserFilter) to context logs
2019-09-19 05:06:48,949 [main] INFO  http.HttpServer2 (HttpServer2.java:bindListener(1191)) - Jetty bound to port 40047
2019-09-19 05:06:48,949 [main] INFO  server.Server (Server.java:doStart(351)) - jetty-9.3.24.v20180605, build timestamp: 2018-06-05T17:11:56Z, git hash: 84205aa28f11a4f31f2a3b86d1bba2cc8ab69827
2019-09-19 05:06:48,951 [main] INFO  handler.ContextHandler (ContextHandler.java:doStart(781)) - Started o.e.j.s.ServletContextHandler@33bdd01{/logs,file:///workdir/hadoop-ozone/integration-test/target/log,AVAILABLE}
2019-09-19 05:06:48,951 [main] INFO  handler.ContextHandler (ContextHandler.java:doStart(781)) - Started o.e.j.s.ServletContextHandler@7ac48f05{/static,jar:file:/home/user/.m2/repository/org/apache/hadoop/hadoop-hdds-container-service/0.5.0-SNAPSHOT/hadoop-hdds-container-service-0.5.0-SNAPSHOT.jar!/webapps/static,AVAILABLE}
2019-09-19 05:06:48,983 [main] INFO  handler.ContextHandler (ContextHandler.java:doStart(781)) - Started o.e.j.w.WebAppContext@62e73ab6{/,file:///tmp/jetty-0.0.0.0-40047-hddsDatanode-_-any-4606061555641420429.dir/webapp/,AVAILABLE}{/hddsDatanode}
2019-09-19 05:06:48,984 [main] INFO  server.AbstractConnector (AbstractConnector.java:doStart(278)) - Started ServerConnector@5d7f8467{HTTP/1.1,[http/1.1]}{0.0.0.0:40047}
2019-09-19 05:06:48,985 [main] INFO  server.Server (Server.java:doStart(419)) - Started @12219ms
2019-09-19 05:06:48,986 [main] INFO  server.BaseHttpServer (BaseHttpServer.java:updateConnectorAddress(213)) - HTTP server of HDDSDATANODE is listening at http://0.0.0.0:40047
2019-09-19 05:06:49,307 | INFO  | ObjectStoreRestHttpServer | Listening HDDS REST traffic on /0.0.0.0:33545 |  
2019-09-19 05:06:49,308 [main] INFO  ozone.HddsDatanodeService (HddsDatanodeService.java:startPlugins(395)) - Started plug-in org.apache.hadoop.ozone.web.OzoneHddsDatanodeService@78479f2b
2019-09-19 05:06:49,313 [org.apache.hadoop.util.JvmPauseMonitor$Monitor@41df394] INFO  util.JvmPauseMonitor (JvmPauseMonitor.java:run(188)) - Starting JVM pause monitor
2019-09-19 05:06:49,317 [main] INFO  ozone.MiniOzoneClusterImpl (MiniOzoneClusterImpl.java:lambda$waitForClusterToBeReady$0(145)) - Waiting for nodes to be ready. Got 0 of 6 DN Heartbeats.
2019-09-19 05:06:49,319 [main] INFO  ozone.MiniOzoneClusterImpl (MiniOzoneClusterImpl.java:lambda$waitForClusterToBeReady$0(148)) - Waiting for cluster to exit safe mode
2019-09-19 05:06:49,323 [Datanode State Machine Thread - 0] INFO  datanode.InitDatanodeState (InitDatanodeState.java:persistContainerDatanodeDetails(140)) - DatanodeDetails is persisted to /workdir/hadoop-ozone/integration-test/target/test-dir/MiniOzoneClusterImpl-bbf495c9-350a-409e-a1d0-dfcf287214b2/datanode-5/meta/datanode.id
2019-09-19 05:06:49,773 | INFO  | SCMAudit | user=jenkins1000 | ip=192.168.34.50 | op=GET_VERSION null | ret=SUCCESS |  
2019-09-19 05:06:49,797 [Datanode State Machine Thread - 0] INFO  ozoneimpl.OzoneContainer (OzoneContainer.java:start(186)) - Attempting to start container services.
2019-09-19 05:06:49,798 [Datanode State Machine Thread - 0] INFO  ozoneimpl.OzoneContainer (OzoneContainer.java:startContainerScrub(160)) - Background container scrubber has been disabled by hdds.containerscrub.enabled
2019-09-19 05:06:49,799 [Datanode State Machine Thread - 0] INFO  ratis.XceiverServerRatis (XceiverServerRatis.java:start(404)) - Starting XceiverServerRatis f7581b44-ec20-4a49-84dc-6482be220b8e at port 0
2019-09-19 05:06:49,817 [Datanode State Machine Thread - 0] INFO  impl.RaftServerProxy (RaftServerProxy.java:lambda$start$3(299)) - f7581b44-ec20-4a49-84dc-6482be220b8e: start RPC server
2019-09-19 05:06:49,949 [Datanode State Machine Thread - 0] INFO  server.GrpcService (GrpcService.java:startImpl(149)) - f7581b44-ec20-4a49-84dc-6482be220b8e: GrpcService started, listening on 0.0.0.0/0.0.0.0:34061
2019-09-19 05:06:49,951 [Datanode State Machine Thread - 0] INFO  ratis.XceiverServerRatis (XceiverServerRatis.java:start(414)) - XceiverServerRatis f7581b44-ec20-4a49-84dc-6482be220b8e is started using port 34061
2019-09-19 05:06:49,954 [Datanode State Machine Thread - 0] INFO  server.XceiverServerGrpc (XceiverServerGrpc.java:start(163)) - XceiverServerGrpc f7581b44-ec20-4a49-84dc-6482be220b8e is started using port 35412
2019-09-19 05:06:50,030 | INFO  | SCMAudit | user=jenkins1000 | ip=192.168.34.50 | op=GET_VERSION null | ret=SUCCESS |  
2019-09-19 05:06:50,054 [Datanode State Machine Thread - 0] INFO  ozoneimpl.OzoneContainer (OzoneContainer.java:start(186)) - Attempting to start container services.
2019-09-19 05:06:50,058 [Datanode State Machine Thread - 0] INFO  ozoneimpl.OzoneContainer (OzoneContainer.java:startContainerScrub(160)) - Background container scrubber has been disabled by hdds.containerscrub.enabled
2019-09-19 05:06:50,058 [Datanode State Machine Thread - 0] INFO  ratis.XceiverServerRatis (XceiverServerRatis.java:start(404)) - Starting XceiverServerRatis 92793de3-5298-4528-b315-ef9b977911c6 at port 0
2019-09-19 05:06:50,066 [Datanode State Machine Thread - 0] INFO  impl.RaftServerProxy (RaftServerProxy.java:lambda$start$3(299)) - 92793de3-5298-4528-b315-ef9b977911c6: start RPC server
2019-09-19 05:06:50,071 [Datanode State Machine Thread - 0] INFO  server.GrpcService (GrpcService.java:startImpl(149)) - 92793de3-5298-4528-b315-ef9b977911c6: GrpcService started, listening on 0.0.0.0/0.0.0.0:46839
2019-09-19 05:06:50,071 [Datanode State Machine Thread - 0] INFO  ratis.XceiverServerRatis (XceiverServerRatis.java:start(414)) - XceiverServerRatis 92793de3-5298-4528-b315-ef9b977911c6 is started using port 46839
2019-09-19 05:06:50,074 [Datanode State Machine Thread - 0] INFO  server.XceiverServerGrpc (XceiverServerGrpc.java:start(163)) - XceiverServerGrpc 92793de3-5298-4528-b315-ef9b977911c6 is started using port 43966
2019-09-19 05:06:50,319 [main] INFO  ozone.MiniOzoneClusterImpl (MiniOzoneClusterImpl.java:lambda$waitForClusterToBeReady$0(145)) - Waiting for nodes to be ready. Got 0 of 6 DN Heartbeats.
2019-09-19 05:06:50,320 [main] INFO  ozone.MiniOzoneClusterImpl (MiniOzoneClusterImpl.java:lambda$waitForClusterToBeReady$0(148)) - Waiting for cluster to exit safe mode
2019-09-19 05:06:50,320 | INFO  | SCMAudit | user=jenkins1000 | ip=192.168.34.50 | op=GET_VERSION null | ret=SUCCESS |  
2019-09-19 05:06:50,335 [Datanode State Machine Thread - 0] INFO  ozoneimpl.OzoneContainer (OzoneContainer.java:start(186)) - Attempting to start container services.
2019-09-19 05:06:50,337 [Datanode State Machine Thread - 0] INFO  ozoneimpl.OzoneContainer (OzoneContainer.java:startContainerScrub(160)) - Background container scrubber has been disabled by hdds.containerscrub.enabled
2019-09-19 05:06:50,337 [Datanode State Machine Thread - 0] INFO  ratis.XceiverServerRatis (XceiverServerRatis.java:start(404)) - Starting XceiverServerRatis 370a1c5b-8b1a-491a-a577-d02fa7ab369f at port 0
2019-09-19 05:06:50,347 [Datanode State Machine Thread - 0] INFO  impl.RaftServerProxy (RaftServerProxy.java:lambda$start$3(299)) - 370a1c5b-8b1a-491a-a577-d02fa7ab369f: start RPC server
2019-09-19 05:06:50,350 [Datanode State Machine Thread - 0] INFO  server.GrpcService (GrpcService.java:startImpl(149)) - 370a1c5b-8b1a-491a-a577-d02fa7ab369f: GrpcService started, listening on 0.0.0.0/0.0.0.0:39242
2019-09-19 05:06:50,351 [Datanode State Machine Thread - 0] INFO  ratis.XceiverServerRatis (XceiverServerRatis.java:start(414)) - XceiverServerRatis 370a1c5b-8b1a-491a-a577-d02fa7ab369f is started using port 39242
2019-09-19 05:06:50,354 [Datanode State Machine Thread - 0] INFO  server.XceiverServerGrpc (XceiverServerGrpc.java:start(163)) - XceiverServerGrpc 370a1c5b-8b1a-491a-a577-d02fa7ab369f is started using port 43341
2019-09-19 05:06:50,623 | INFO  | SCMAudit | user=jenkins1000 | ip=192.168.34.50 | op=GET_VERSION null | ret=SUCCESS |  
2019-09-19 05:06:50,649 [Datanode State Machine Thread - 0] INFO  ozoneimpl.OzoneContainer (OzoneContainer.java:start(186)) - Attempting to start container services.
2019-09-19 05:06:50,654 [Datanode State Machine Thread - 0] INFO  ozoneimpl.OzoneContainer (OzoneContainer.java:startContainerScrub(160)) - Background container scrubber has been disabled by hdds.containerscrub.enabled
2019-09-19 05:06:50,654 [Datanode State Machine Thread - 0] INFO  ratis.XceiverServerRatis (XceiverServerRatis.java:start(404)) - Starting XceiverServerRatis 50a45026-e3e5-4392-80b5-2fca55db6c54 at port 0
2019-09-19 05:06:50,663 [Datanode State Machine Thread - 0] INFO  impl.RaftServerProxy (RaftServerProxy.java:lambda$start$3(299)) - 50a45026-e3e5-4392-80b5-2fca55db6c54: start RPC server
2019-09-19 05:06:50,666 [Datanode State Machine Thread - 0] INFO  server.GrpcService (GrpcService.java:startImpl(149)) - 50a45026-e3e5-4392-80b5-2fca55db6c54: GrpcService started, listening on 0.0.0.0/0.0.0.0:46775
2019-09-19 05:06:50,667 [Datanode State Machine Thread - 0] INFO  ratis.XceiverServerRatis (XceiverServerRatis.java:start(414)) - XceiverServerRatis 50a45026-e3e5-4392-80b5-2fca55db6c54 is started using port 46775
2019-09-19 05:06:50,670 [Datanode State Machine Thread - 0] INFO  server.XceiverServerGrpc (XceiverServerGrpc.java:start(163)) - XceiverServerGrpc 50a45026-e3e5-4392-80b5-2fca55db6c54 is started using port 37340
2019-09-19 05:06:50,910 | INFO  | SCMAudit | user=jenkins1000 | ip=192.168.34.50 | op=GET_VERSION null | ret=SUCCESS |  
2019-09-19 05:06:50,954 [Datanode State Machine Thread - 0] INFO  ozoneimpl.OzoneContainer (OzoneContainer.java:start(186)) - Attempting to start container services.
2019-09-19 05:06:50,954 [Datanode State Machine Thread - 0] INFO  ozoneimpl.OzoneContainer (OzoneContainer.java:startContainerScrub(160)) - Background container scrubber has been disabled by hdds.containerscrub.enabled
2019-09-19 05:06:50,955 [Datanode State Machine Thread - 0] INFO  ratis.XceiverServerRatis (XceiverServerRatis.java:start(404)) - Starting XceiverServerRatis 24b07b36-37e0-4d88-8ad1-16f6e8f81276 at port 0
2019-09-19 05:06:50,965 [Datanode State Machine Thread - 0] INFO  impl.RaftServerProxy (RaftServerProxy.java:lambda$start$3(299)) - 24b07b36-37e0-4d88-8ad1-16f6e8f81276: start RPC server
2019-09-19 05:06:50,971 [Datanode State Machine Thread - 0] INFO  server.GrpcService (GrpcService.java:startImpl(149)) - 24b07b36-37e0-4d88-8ad1-16f6e8f81276: GrpcService started, listening on 0.0.0.0/0.0.0.0:45448
2019-09-19 05:06:50,971 [Datanode State Machine Thread - 0] INFO  ratis.XceiverServerRatis (XceiverServerRatis.java:start(414)) - XceiverServerRatis 24b07b36-37e0-4d88-8ad1-16f6e8f81276 is started using port 45448
2019-09-19 05:06:50,975 [Datanode State Machine Thread - 0] INFO  server.XceiverServerGrpc (XceiverServerGrpc.java:start(163)) - XceiverServerGrpc 24b07b36-37e0-4d88-8ad1-16f6e8f81276 is started using port 43538
2019-09-19 05:06:51,316 | INFO  | SCMAudit | user=jenkins1000 | ip=192.168.34.50 | op=GET_VERSION null | ret=SUCCESS |  
2019-09-19 05:06:51,320 [main] INFO  ozone.MiniOzoneClusterImpl (MiniOzoneClusterImpl.java:lambda$waitForClusterToBeReady$0(145)) - Waiting for nodes to be ready. Got 0 of 6 DN Heartbeats.
2019-09-19 05:06:51,321 [main] INFO  ozone.MiniOzoneClusterImpl (MiniOzoneClusterImpl.java:lambda$waitForClusterToBeReady$0(148)) - Waiting for cluster to exit safe mode
2019-09-19 05:06:51,356 [Datanode State Machine Thread - 0] INFO  ozoneimpl.OzoneContainer (OzoneContainer.java:start(186)) - Attempting to start container services.
2019-09-19 05:06:51,356 [Datanode State Machine Thread - 0] INFO  ozoneimpl.OzoneContainer (OzoneContainer.java:startContainerScrub(160)) - Background container scrubber has been disabled by hdds.containerscrub.enabled
2019-09-19 05:06:51,356 [Datanode State Machine Thread - 0] INFO  ratis.XceiverServerRatis (XceiverServerRatis.java:start(404)) - Starting XceiverServerRatis 58155aba-5fe9-410f-b407-41e443f3277a at port 0
2019-09-19 05:06:51,363 [Datanode State Machine Thread - 0] INFO  impl.RaftServerProxy (RaftServerProxy.java:lambda$start$3(299)) - 58155aba-5fe9-410f-b407-41e443f3277a: start RPC server
2019-09-19 05:06:51,368 [Datanode State Machine Thread - 0] INFO  server.GrpcService (GrpcService.java:startImpl(149)) - 58155aba-5fe9-410f-b407-41e443f3277a: GrpcService started, listening on 0.0.0.0/0.0.0.0:34594
2019-09-19 05:06:51,368 [Datanode State Machine Thread - 0] INFO  ratis.XceiverServerRatis (XceiverServerRatis.java:start(414)) - XceiverServerRatis 58155aba-5fe9-410f-b407-41e443f3277a is started using port 34594
2019-09-19 05:06:51,374 [Datanode State Machine Thread - 0] INFO  server.XceiverServerGrpc (XceiverServerGrpc.java:start(163)) - XceiverServerGrpc 58155aba-5fe9-410f-b407-41e443f3277a is started using port 43248
2019-09-19 05:06:51,789 [IPC Server handler 15 on 34622] INFO  net.NetworkTopology (NetworkTopologyImpl.java:add(110)) - Added a new node: /default-rack/f7581b44-ec20-4a49-84dc-6482be220b8e
2019-09-19 05:06:51,789 [IPC Server handler 15 on 34622] INFO  node.SCMNodeManager (SCMNodeManager.java:register(273)) - Registered Data node : f7581b44-ec20-4a49-84dc-6482be220b8e{ip: 192.168.34.50, host: pr-hdds-2034-srnhl-2452957315, networkLocation: /default-rack, certSerialId: null}
2019-09-19 05:06:51,794 [EventQueue-NodeRegistrationContainerReportForDataNodeSafeModeRule] INFO  safemode.SCMSafeModeManager (DataNodeSafeModeRule.java:process(71)) - SCM in safe mode. 1 DataNodes registered, 1 required.
2019-09-19 05:06:51,799 [RatisPipelineUtilsThread] INFO  pipeline.RatisPipelineProvider (RatisPipelineProvider.java:lambda$create$4(164)) - Send pipeline:PipelineID=1eddb777-2308-49de-983b-10290650056a create command to datanode f7581b44-ec20-4a49-84dc-6482be220b8e
2019-09-19 05:06:51,802 | INFO  | SCMAudit | user=jenkins1000 | ip=192.168.34.50 | op=REGISTER {datanodeDetails=f7581b44-ec20-4a49-84dc-6482be220b8e{ip: 192.168.34.50, host: pr-hdds-2034-srnhl-2452957315, networkLocation: /default-rack, certSerialId: null}} | ret=SUCCESS |  
2019-09-19 05:06:52,032 [IPC Server handler 18 on 34622] INFO  net.NetworkTopology (NetworkTopologyImpl.java:add(110)) - Added a new node: /default-rack/92793de3-5298-4528-b315-ef9b977911c6
2019-09-19 05:06:52,032 [IPC Server handler 18 on 34622] INFO  node.SCMNodeManager (SCMNodeManager.java:register(273)) - Registered Data node : 92793de3-5298-4528-b315-ef9b977911c6{ip: 192.168.34.50, host: pr-hdds-2034-srnhl-2452957315, networkLocation: /default-rack, certSerialId: null}
2019-09-19 05:06:52,033 | INFO  | SCMAudit | user=jenkins1000 | ip=192.168.34.50 | op=REGISTER {datanodeDetails=92793de3-5298-4528-b315-ef9b977911c6{ip: 192.168.34.50, host: pr-hdds-2034-srnhl-2452957315, networkLocation: /default-rack, certSerialId: null}} | ret=SUCCESS |  
2019-09-19 05:06:52,034 [RatisPipelineUtilsThread] INFO  pipeline.RatisPipelineProvider (RatisPipelineProvider.java:lambda$create$4(164)) - Send pipeline:PipelineID=9c17bf43-ca5b-4a72-a5ed-968ca31ad45a create command to datanode 92793de3-5298-4528-b315-ef9b977911c6
2019-09-19 05:06:52,321 [main] INFO  ozone.MiniOzoneClusterImpl (MiniOzoneClusterImpl.java:lambda$waitForClusterToBeReady$0(145)) - Waiting for nodes to be ready. Got 2 of 6 DN Heartbeats.
2019-09-19 05:06:52,321 [main] INFO  ozone.MiniOzoneClusterImpl (MiniOzoneClusterImpl.java:lambda$waitForClusterToBeReady$0(148)) - Waiting for cluster to exit safe mode
2019-09-19 05:06:52,322 [IPC Server handler 4 on 34622] INFO  net.NetworkTopology (NetworkTopologyImpl.java:add(110)) - Added a new node: /default-rack/370a1c5b-8b1a-491a-a577-d02fa7ab369f
2019-09-19 05:06:52,322 [IPC Server handler 4 on 34622] INFO  node.SCMNodeManager (SCMNodeManager.java:register(273)) - Registered Data node : 370a1c5b-8b1a-491a-a577-d02fa7ab369f{ip: 192.168.34.50, host: pr-hdds-2034-srnhl-2452957315, networkLocation: /default-rack, certSerialId: null}
2019-09-19 05:06:52,322 [RatisPipelineUtilsThread] INFO  pipeline.RatisPipelineProvider (RatisPipelineProvider.java:lambda$create$4(164)) - Send pipeline:PipelineID=9c2fe18a-1144-42c4-baf5-6255958bc967 create command to datanode 370a1c5b-8b1a-491a-a577-d02fa7ab369f
2019-09-19 05:06:52,322 | INFO  | SCMAudit | user=jenkins1000 | ip=192.168.34.50 | op=REGISTER {datanodeDetails=370a1c5b-8b1a-491a-a577-d02fa7ab369f{ip: 192.168.34.50, host: pr-hdds-2034-srnhl-2452957315, networkLocation: /default-rack, certSerialId: null}} | ret=SUCCESS |  
2019-09-19 05:06:52,324 [RatisPipelineUtilsThread] INFO  pipeline.RatisPipelineProvider (RatisPipelineProvider.java:lambda$create$4(164)) - Send pipeline:PipelineID=dd078534-9c00-4aea-bca3-e8cfa356d009 create command to datanode f7581b44-ec20-4a49-84dc-6482be220b8e
2019-09-19 05:06:52,324 [RatisPipelineUtilsThread] INFO  pipeline.RatisPipelineProvider (RatisPipelineProvider.java:lambda$create$4(164)) - Send pipeline:PipelineID=dd078534-9c00-4aea-bca3-e8cfa356d009 create command to datanode 92793de3-5298-4528-b315-ef9b977911c6
2019-09-19 05:06:52,325 [RatisPipelineUtilsThread] INFO  pipeline.RatisPipelineProvider (RatisPipelineProvider.java:lambda$create$4(164)) - Send pipeline:PipelineID=dd078534-9c00-4aea-bca3-e8cfa356d009 create command to datanode 370a1c5b-8b1a-491a-a577-d02fa7ab369f
2019-09-19 05:06:52,625 [IPC Server handler 14 on 34622] INFO  net.NetworkTopology (NetworkTopologyImpl.java:add(110)) - Added a new node: /default-rack/50a45026-e3e5-4392-80b5-2fca55db6c54
2019-09-19 05:06:52,625 [IPC Server handler 14 on 34622] INFO  node.SCMNodeManager (SCMNodeManager.java:register(273)) - Registered Data node : 50a45026-e3e5-4392-80b5-2fca55db6c54{ip: 192.168.34.50, host: pr-hdds-2034-srnhl-2452957315, networkLocation: /default-rack, certSerialId: null}
2019-09-19 05:06:52,625 [RatisPipelineUtilsThread] INFO  pipeline.RatisPipelineProvider (RatisPipelineProvider.java:lambda$create$4(164)) - Send pipeline:PipelineID=8e2ad319-1366-48f1-9af4-3827e1f9a5be create command to datanode 50a45026-e3e5-4392-80b5-2fca55db6c54
2019-09-19 05:06:52,626 | INFO  | SCMAudit | user=jenkins1000 | ip=192.168.34.50 | op=REGISTER {datanodeDetails=50a45026-e3e5-4392-80b5-2fca55db6c54{ip: 192.168.34.50, host: pr-hdds-2034-srnhl-2452957315, networkLocation: /default-rack, certSerialId: null}} | ret=SUCCESS |  
2019-09-19 05:06:52,911 [IPC Server handler 18 on 34622] INFO  net.NetworkTopology (NetworkTopologyImpl.java:add(110)) - Added a new node: /default-rack/24b07b36-37e0-4d88-8ad1-16f6e8f81276
2019-09-19 05:06:52,912 [IPC Server handler 18 on 34622] INFO  node.SCMNodeManager (SCMNodeManager.java:register(273)) - Registered Data node : 24b07b36-37e0-4d88-8ad1-16f6e8f81276{ip: 192.168.34.50, host: pr-hdds-2034-srnhl-2452957315, networkLocation: /default-rack, certSerialId: null}
2019-09-19 05:06:52,914 [RatisPipelineUtilsThread] INFO  pipeline.RatisPipelineProvider (RatisPipelineProvider.java:lambda$create$4(164)) - Send pipeline:PipelineID=6557cf0e-f4f6-4467-a30b-a0f6e05db6a3 create command to datanode 24b07b36-37e0-4d88-8ad1-16f6e8f81276
2019-09-19 05:06:52,914 | INFO  | SCMAudit | user=jenkins1000 | ip=192.168.34.50 | op=REGISTER {datanodeDetails=24b07b36-37e0-4d88-8ad1-16f6e8f81276{ip: 192.168.34.50, host: pr-hdds-2034-srnhl-2452957315, networkLocation: /default-rack, certSerialId: null}} | ret=SUCCESS |  
2019-09-19 05:06:53,322 [main] INFO  ozone.MiniOzoneClusterImpl (MiniOzoneClusterImpl.java:lambda$waitForClusterToBeReady$0(145)) - Waiting for nodes to be ready. Got 5 of 6 DN Heartbeats.
2019-09-19 05:06:53,322 [main] INFO  ozone.MiniOzoneClusterImpl (MiniOzoneClusterImpl.java:lambda$waitForClusterToBeReady$0(148)) - Waiting for cluster to exit safe mode
2019-09-19 05:06:53,325 [IPC Server handler 14 on 34622] INFO  net.NetworkTopology (NetworkTopologyImpl.java:add(110)) - Added a new node: /default-rack/58155aba-5fe9-410f-b407-41e443f3277a
2019-09-19 05:06:53,325 [IPC Server handler 14 on 34622] INFO  node.SCMNodeManager (SCMNodeManager.java:register(273)) - Registered Data node : 58155aba-5fe9-410f-b407-41e443f3277a{ip: 192.168.34.50, host: pr-hdds-2034-srnhl-2452957315, networkLocation: /default-rack, certSerialId: null}
2019-09-19 05:06:53,325 | INFO  | SCMAudit | user=jenkins1000 | ip=192.168.34.50 | op=REGISTER {datanodeDetails=58155aba-5fe9-410f-b407-41e443f3277a{ip: 192.168.34.50, host: pr-hdds-2034-srnhl-2452957315, networkLocation: /default-rack, certSerialId: null}} | ret=SUCCESS |  
2019-09-19 05:06:53,328 [RatisPipelineUtilsThread] INFO  pipeline.RatisPipelineProvider (RatisPipelineProvider.java:lambda$create$4(164)) - Send pipeline:PipelineID=77b1bc39-96f6-4cf5-ae5f-a3a394948300 create command to datanode 58155aba-5fe9-410f-b407-41e443f3277a
2019-09-19 05:06:53,330 [RatisPipelineUtilsThread] INFO  pipeline.RatisPipelineProvider (RatisPipelineProvider.java:lambda$create$4(164)) - Send pipeline:PipelineID=8461308d-5fd6-4edb-bf8c-98a93b21467f create command to datanode 58155aba-5fe9-410f-b407-41e443f3277a
2019-09-19 05:06:53,331 [RatisPipelineUtilsThread] INFO  pipeline.RatisPipelineProvider (RatisPipelineProvider.java:lambda$create$4(164)) - Send pipeline:PipelineID=8461308d-5fd6-4edb-bf8c-98a93b21467f create command to datanode 50a45026-e3e5-4392-80b5-2fca55db6c54
2019-09-19 05:06:53,331 [RatisPipelineUtilsThread] INFO  pipeline.RatisPipelineProvider (RatisPipelineProvider.java:lambda$create$4(164)) - Send pipeline:PipelineID=8461308d-5fd6-4edb-bf8c-98a93b21467f create command to datanode 24b07b36-37e0-4d88-8ad1-16f6e8f81276
2019-09-19 05:06:53,801 | INFO  | SCMAudit | user=jenkins1000 | ip=192.168.34.50 | op=SEND_HEARTBEAT {datanodeUUID=f7581b44-ec20-4a49-84dc-6482be220b8e, command=[commandType: createPipelineCommand createPipelineCommandProto { pipelineID { id: "1eddb777-2308-49de-983b-10290650056a" } type: RATIS factor: ONE datanode { uuid: "f7581b44-ec20-4a49-84dc-6482be220b8e" ipAddress: "192.168.34.50" hostName: "pr-hdds-2034-srnhl-2452957315" ports { name: "REST" value: 41788 } ports { name: "RATIS" value: 34061 } ports { name: "STANDALONE" value: 35412 } networkName: "f7581b44-ec20-4a49-84dc-6482be220b8e" networkLocation: "/default-rack" } cmdId: 1568869611799 } , commandType: createPipelineCommand createPipelineCommandProto { pipelineID { id: "dd078534-9c00-4aea-bca3-e8cfa356d009" } type: RATIS factor: THREE datanode { uuid: "f7581b44-ec20-4a49-84dc-6482be220b8e" ipAddress: "192.168.34.50" hostName: "pr-hdds-2034-srnhl-2452957315" ports { name: "REST" value: 41788 } ports { name: "RATIS" value: 34061 } ports { name: "STANDALONE" value: 35412 } networkName: "f7581b44-ec20-4a49-84dc-6482be220b8e" networkLocation: "/default-rack" } datanode { uuid: "92793de3-5298-4528-b315-ef9b977911c6" ipAddress: "192.168.34.50" hostName: "pr-hdds-2034-srnhl-2452957315" ports { name: "REST" value: 42093 } ports { name: "RATIS" value: 46839 } ports { name: "STANDALONE" value: 43966 } networkName: "92793de3-5298-4528-b315-ef9b977911c6" networkLocation: "/default-rack" } datanode { uuid: "370a1c5b-8b1a-491a-a577-d02fa7ab369f" ipAddress: "192.168.34.50" hostName: "pr-hdds-2034-srnhl-2452957315" ports { name: "REST" value: 41554 } ports { name: "RATIS" value: 39242 } ports { name: "STANDALONE" value: 43341 } networkName: "370a1c5b-8b1a-491a-a577-d02fa7ab369f" networkLocation: "/default-rack" } cmdId: 1568869611802 } ]} | ret=SUCCESS |  
2019-09-19 05:06:54,036 | INFO  | SCMAudit | user=jenkins1000 | ip=192.168.34.50 | op=SEND_HEARTBEAT {datanodeUUID=92793de3-5298-4528-b315-ef9b977911c6, command=[commandType: createPipelineCommand createPipelineCommandProto { pipelineID { id: "9c17bf43-ca5b-4a72-a5ed-968ca31ad45a" } type: RATIS factor: ONE datanode { uuid: "92793de3-5298-4528-b315-ef9b977911c6" ipAddress: "192.168.34.50" hostName: "pr-hdds-2034-srnhl-2452957315" ports { name: "REST" value: 42093 } ports { name: "RATIS" value: 46839 } ports { name: "STANDALONE" value: 43966 } networkName: "92793de3-5298-4528-b315-ef9b977911c6" networkLocation: "/default-rack" } cmdId: 1568869611800 } , commandType: createPipelineCommand createPipelineCommandProto { pipelineID { id: "dd078534-9c00-4aea-bca3-e8cfa356d009" } type: RATIS factor: THREE datanode { uuid: "f7581b44-ec20-4a49-84dc-6482be220b8e" ipAddress: "192.168.34.50" hostName: "pr-hdds-2034-srnhl-2452957315" ports { name: "REST" value: 41788 } ports { name: "RATIS" value: 34061 } ports { name: "STANDALONE" value: 35412 } networkName: "f7581b44-ec20-4a49-84dc-6482be220b8e" networkLocation: "/default-rack" } datanode { uuid: "92793de3-5298-4528-b315-ef9b977911c6" ipAddress: "192.168.34.50" hostName: "pr-hdds-2034-srnhl-2452957315" ports { name: "REST" value: 42093 } ports { name: "RATIS" value: 46839 } ports { name: "STANDALONE" value: 43966 } networkName: "92793de3-5298-4528-b315-ef9b977911c6" networkLocation: "/default-rack" } datanode { uuid: "370a1c5b-8b1a-491a-a577-d02fa7ab369f" ipAddress: "192.168.34.50" hostName: "pr-hdds-2034-srnhl-2452957315" ports { name: "REST" value: 41554 } ports { name: "RATIS" value: 39242 } ports { name: "STANDALONE" value: 43341 } networkName: "370a1c5b-8b1a-491a-a577-d02fa7ab369f" networkLocation: "/default-rack" } cmdId: 1568869611802 } ]} | ret=SUCCESS |  
2019-09-19 05:06:54,322 [main] INFO  ozone.MiniOzoneClusterImpl (MiniOzoneClusterImpl.java:lambda$waitForClusterToBeReady$0(145)) - Nodes are ready. Got 6 of 6 DN Heartbeats.
2019-09-19 05:06:54,323 [main] INFO  ozone.MiniOzoneClusterImpl (MiniOzoneClusterImpl.java:lambda$waitForClusterToBeReady$0(148)) - Waiting for cluster to exit safe mode
2019-09-19 05:06:54,325 | INFO  | SCMAudit | user=jenkins1000 | ip=192.168.34.50 | op=SEND_HEARTBEAT {datanodeUUID=370a1c5b-8b1a-491a-a577-d02fa7ab369f, command=[commandType: createPipelineCommand createPipelineCommandProto { pipelineID { id: "9c2fe18a-1144-42c4-baf5-6255958bc967" } type: RATIS factor: ONE datanode { uuid: "370a1c5b-8b1a-491a-a577-d02fa7ab369f" ipAddress: "192.168.34.50" hostName: "pr-hdds-2034-srnhl-2452957315" ports { name: "REST" value: 41554 } ports { name: "RATIS" value: 39242 } ports { name: "STANDALONE" value: 43341 } networkName: "370a1c5b-8b1a-491a-a577-d02fa7ab369f" networkLocation: "/default-rack" } cmdId: 1568869611801 } , commandType: createPipelineCommand createPipelineCommandProto { pipelineID { id: "dd078534-9c00-4aea-bca3-e8cfa356d009" } type: RATIS factor: THREE datanode { uuid: "f7581b44-ec20-4a49-84dc-6482be220b8e" ipAddress: "192.168.34.50" hostName: "pr-hdds-2034-srnhl-2452957315" ports { name: "REST" value: 41788 } ports { name: "RATIS" value: 34061 } ports { name: "STANDALONE" value: 35412 } networkName: "f7581b44-ec20-4a49-84dc-6482be220b8e" networkLocation: "/default-rack" } datanode { uuid: "92793de3-5298-4528-b315-ef9b977911c6" ipAddress: "192.168.34.50" hostName: "pr-hdds-2034-srnhl-2452957315" ports { name: "REST" value: 42093 } ports { name: "RATIS" value: 46839 } ports { name: "STANDALONE" value: 43966 } networkName: "92793de3-5298-4528-b315-ef9b977911c6" networkLocation: "/default-rack" } datanode { uuid: "370a1c5b-8b1a-491a-a577-d02fa7ab369f" ipAddress: "192.168.34.50" hostName: "pr-hdds-2034-srnhl-2452957315" ports { name: "REST" value: 41554 } ports { name: "RATIS" value: 39242 } ports { name: "STANDALONE" value: 43341 } networkName: "370a1c5b-8b1a-491a-a577-d02fa7ab369f" networkLocation: "/default-rack" } cmdId: 1568869611802 } ]} | ret=SUCCESS |  
2019-09-19 05:06:54,631 | INFO  | SCMAudit | user=jenkins1000 | ip=192.168.34.50 | op=SEND_HEARTBEAT {datanodeUUID=50a45026-e3e5-4392-80b5-2fca55db6c54, command=[commandType: createPipelineCommand createPipelineCommandProto { pipelineID { id: "8e2ad319-1366-48f1-9af4-3827e1f9a5be" } type: RATIS factor: ONE datanode { uuid: "50a45026-e3e5-4392-80b5-2fca55db6c54" ipAddress: "192.168.34.50" hostName: "pr-hdds-2034-srnhl-2452957315" ports { name: "REST" value: 45902 } ports { name: "RATIS" value: 46775 } ports { name: "STANDALONE" value: 37340 } networkName: "50a45026-e3e5-4392-80b5-2fca55db6c54" networkLocation: "/default-rack" } cmdId: 1568869611803 } , commandType: createPipelineCommand createPipelineCommandProto { pipelineID { id: "8461308d-5fd6-4edb-bf8c-98a93b21467f" } type: RATIS factor: THREE datanode { uuid: "58155aba-5fe9-410f-b407-41e443f3277a" ipAddress: "192.168.34.50" hostName: "pr-hdds-2034-srnhl-2452957315" ports { name: "REST" value: 33545 } ports { name: "RATIS" value: 34594 } ports { name: "STANDALONE" value: 43248 } networkName: "58155aba-5fe9-410f-b407-41e443f3277a" networkLocation: "/default-rack" } datanode { uuid: "50a45026-e3e5-4392-80b5-2fca55db6c54" ipAddress: "192.168.34.50" hostName: "pr-hdds-2034-srnhl-2452957315" ports { name: "REST" value: 45902 } ports { name: "RATIS" value: 46775 } ports { name: "STANDALONE" value: 37340 } networkName: "50a45026-e3e5-4392-80b5-2fca55db6c54" networkLocation: "/default-rack" } datanode { uuid: "24b07b36-37e0-4d88-8ad1-16f6e8f81276" ipAddress: "192.168.34.50" hostName: "pr-hdds-2034-srnhl-2452957315" ports { name: "REST" value: 45667 } ports { name: "RATIS" value: 45448 } ports { name: "STANDALONE" value: 43538 } networkName: "24b07b36-37e0-4d88-8ad1-16f6e8f81276" networkLocation: "/default-rack" } cmdId: 1568869611806 } ]} | ret=SUCCESS |  
2019-09-19 05:06:54,751 | INFO  | SCMAudit | user=jenkins1000 | ip=192.168.34.50 | op=SEND_HEARTBEAT {datanodeUUID=f7581b44-ec20-4a49-84dc-6482be220b8e, command=[]} | ret=SUCCESS |  
2019-09-19 05:06:54,913 | INFO  | SCMAudit | user=jenkins1000 | ip=192.168.34.50 | op=SEND_HEARTBEAT {datanodeUUID=24b07b36-37e0-4d88-8ad1-16f6e8f81276, command=[commandType: createPipelineCommand createPipelineCommandProto { pipelineID { id: "6557cf0e-f4f6-4467-a30b-a0f6e05db6a3" } type: RATIS factor: ONE datanode { uuid: "24b07b36-37e0-4d88-8ad1-16f6e8f81276" ipAddress: "192.168.34.50" hostName: "pr-hdds-2034-srnhl-2452957315" ports { name: "REST" value: 45667 } ports { name: "RATIS" value: 45448 } ports { name: "STANDALONE" value: 43538 } networkName: "24b07b36-37e0-4d88-8ad1-16f6e8f81276" networkLocation: "/default-rack" } cmdId: 1568869611804 } , commandType: createPipelineCommand createPipelineCommandProto { pipelineID { id: "8461308d-5fd6-4edb-bf8c-98a93b21467f" } type: RATIS factor: THREE datanode { uuid: "58155aba-5fe9-410f-b407-41e443f3277a" ipAddress: "192.168.34.50" hostName: "pr-hdds-2034-srnhl-2452957315" ports { name: "REST" value: 33545 } ports { name: "RATIS" value: 34594 } ports { name: "STANDALONE" value: 43248 } networkName: "58155aba-5fe9-410f-b407-41e443f3277a" networkLocation: "/default-rack" } datanode { uuid: "50a45026-e3e5-4392-80b5-2fca55db6c54" ipAddress: "192.168.34.50" hostName: "pr-hdds-2034-srnhl-2452957315" ports { name: "REST" value: 45902 } ports { name: "RATIS" value: 46775 } ports { name: "STANDALONE" value: 37340 } networkName: "50a45026-e3e5-4392-80b5-2fca55db6c54" networkLocation: "/default-rack" } datanode { uuid: "24b07b36-37e0-4d88-8ad1-16f6e8f81276" ipAddress: "192.168.34.50" hostName: "pr-hdds-2034-srnhl-2452957315" ports { name: "REST" value: 45667 } ports { name: "RATIS" value: 45448 } ports { name: "STANDALONE" value: 43538 } networkName: "24b07b36-37e0-4d88-8ad1-16f6e8f81276" networkLocation: "/default-rack" } cmdId: 1568869611806 } ]} | ret=SUCCESS |  
2019-09-19 05:06:55,332 [main] INFO  ozone.MiniOzoneClusterImpl (MiniOzoneClusterImpl.java:lambda$waitForClusterToBeReady$0(145)) - Nodes are ready. Got 6 of 6 DN Heartbeats.
2019-09-19 05:06:55,334 [main] INFO  ozone.MiniOzoneClusterImpl (MiniOzoneClusterImpl.java:lambda$waitForClusterToBeReady$0(148)) - Waiting for cluster to exit safe mode
2019-09-19 05:06:55,348 | INFO  | SCMAudit | user=jenkins1000 | ip=192.168.34.50 | op=SEND_HEARTBEAT {datanodeUUID=92793de3-5298-4528-b315-ef9b977911c6, command=[]} | ret=SUCCESS |  
2019-09-19 05:06:55,348 | INFO  | SCMAudit | user=jenkins1000 | ip=192.168.34.50 | op=SEND_HEARTBEAT {datanodeUUID=370a1c5b-8b1a-491a-a577-d02fa7ab369f, command=[]} | ret=SUCCESS |  
2019-09-19 05:06:55,357 | INFO  | SCMAudit | user=jenkins1000 | ip=192.168.34.50 | op=SEND_HEARTBEAT {datanodeUUID=58155aba-5fe9-410f-b407-41e443f3277a, command=[commandType: createPipelineCommand createPipelineCommandProto { pipelineID { id: "77b1bc39-96f6-4cf5-ae5f-a3a394948300" } type: RATIS factor: ONE datanode { uuid: "58155aba-5fe9-410f-b407-41e443f3277a" ipAddress: "192.168.34.50" hostName: "pr-hdds-2034-srnhl-2452957315" ports { name: "REST" value: 33545 } ports { name: "RATIS" value: 34594 } ports { name: "STANDALONE" value: 43248 } networkName: "58155aba-5fe9-410f-b407-41e443f3277a" networkLocation: "/default-rack" } cmdId: 1568869611805 } , commandType: createPipelineCommand createPipelineCommandProto { pipelineID { id: "8461308d-5fd6-4edb-bf8c-98a93b21467f" } type: RATIS factor: THREE datanode { uuid: "58155aba-5fe9-410f-b407-41e443f3277a" ipAddress: "192.168.34.50" hostName: "pr-hdds-2034-srnhl-2452957315" ports { name: "REST" value: 33545 } ports { name: "RATIS" value: 34594 } ports { name: "STANDALONE" value: 43248 } networkName: "58155aba-5fe9-410f-b407-41e443f3277a" networkLocation: "/default-rack" } datanode { uuid: "50a45026-e3e5-4392-80b5-2fca55db6c54" ipAddress: "192.168.34.50" hostName: "pr-hdds-2034-srnhl-2452957315" ports { name: "REST" value: 45902 } ports { name: "RATIS" value: 46775 } ports { name: "STANDALONE" value: 37340 } networkName: "50a45026-e3e5-4392-80b5-2fca55db6c54" networkLocation: "/default-rack" } datanode { uuid: "24b07b36-37e0-4d88-8ad1-16f6e8f81276" ipAddress: "192.168.34.50" hostName: "pr-hdds-2034-srnhl-2452957315" ports { name: "REST" value: 45667 } ports { name: "RATIS" value: 45448 } ports { name: "STANDALONE" value: 43538 } networkName: "24b07b36-37e0-4d88-8ad1-16f6e8f81276" networkLocation: "/default-rack" } cmdId: 1568869611806 } ]} | ret=SUCCESS |  
2019-09-19 05:06:55,630 | INFO  | SCMAudit | user=jenkins1000 | ip=192.168.34.50 | op=SEND_HEARTBEAT {datanodeUUID=50a45026-e3e5-4392-80b5-2fca55db6c54, command=[]} | ret=SUCCESS |  
2019-09-19 05:06:55,693 [grpc-default-executor-1] INFO  impl.RaftServerProxy (RaftServerProxy.java:addNew(89)) - f7581b44-ec20-4a49-84dc-6482be220b8e: addNew group-10290650056A:[f7581b44-ec20-4a49-84dc-6482be220b8e:192.168.34.50:34061] returns group-10290650056A:java.util.concurrent.CompletableFuture@4029d32d[Not completed]
2019-09-19 05:06:55,693 [grpc-default-executor-0] INFO  impl.RaftServerProxy (RaftServerProxy.java:addNew(89)) - 370a1c5b-8b1a-491a-a577-d02fa7ab369f: addNew group-6255958BC967:[370a1c5b-8b1a-491a-a577-d02fa7ab369f:192.168.34.50:39242] returns group-6255958BC967:java.util.concurrent.CompletableFuture@112ccbe6[Not completed]
2019-09-19 05:06:55,693 [grpc-default-executor-2] INFO  impl.RaftServerProxy (RaftServerProxy.java:addNew(89)) - 92793de3-5298-4528-b315-ef9b977911c6: addNew group-968CA31AD45A:[92793de3-5298-4528-b315-ef9b977911c6:192.168.34.50:46839] returns group-968CA31AD45A:java.util.concurrent.CompletableFuture@3f69f673[Not completed]
2019-09-19 05:06:55,693 [grpc-default-executor-3] INFO  impl.RaftServerProxy (RaftServerProxy.java:addNew(89)) - 50a45026-e3e5-4392-80b5-2fca55db6c54: addNew group-3827E1F9A5BE:[50a45026-e3e5-4392-80b5-2fca55db6c54:192.168.34.50:46775] returns group-3827E1F9A5BE:java.util.concurrent.CompletableFuture@4210eb0[Not completed]
2019-09-19 05:06:55,748 [pool-38-thread-1] INFO  impl.RaftServerImpl (RaftServerImpl.java:<init>(93)) - 92793de3-5298-4528-b315-ef9b977911c6: new RaftServerImpl for group-968CA31AD45A:[92793de3-5298-4528-b315-ef9b977911c6:192.168.34.50:46839] with ContainerStateMachine:uninitialized
2019-09-19 05:06:55,748 [pool-49-thread-1] INFO  impl.RaftServerImpl (RaftServerImpl.java:<init>(93)) - 370a1c5b-8b1a-491a-a577-d02fa7ab369f: new RaftServerImpl for group-6255958BC967:[370a1c5b-8b1a-491a-a577-d02fa7ab369f:192.168.34.50:39242] with ContainerStateMachine:uninitialized
2019-09-19 05:06:55,754 | INFO  | SCMAudit | user=jenkins1000 | ip=192.168.34.50 | op=SEND_HEARTBEAT {datanodeUUID=f7581b44-ec20-4a49-84dc-6482be220b8e, command=[]} | ret=SUCCESS |  
2019-09-19 05:06:55,754 [pool-49-thread-1] INFO  server.RaftServerConfigKeys (ConfUtils.java:logGet(43)) - raft.server.rpc.timeout.min = 5s (custom)
2019-09-19 05:06:55,754 [pool-38-thread-1] INFO  server.RaftServerConfigKeys (ConfUtils.java:logGet(43)) - raft.server.rpc.timeout.min = 5s (custom)
2019-09-19 05:06:55,755 [pool-49-thread-1] INFO  server.RaftServerConfigKeys (ConfUtils.java:logGet(43)) - raft.server.rpc.timeout.max = 5200ms (custom)
2019-09-19 05:06:55,755 [pool-38-thread-1] INFO  server.RaftServerConfigKeys (ConfUtils.java:logGet(43)) - raft.server.rpc.timeout.max = 5200ms (custom)
2019-09-19 05:06:55,755 [pool-27-thread-1] INFO  impl.RaftServerImpl (RaftServerImpl.java:<init>(93)) - f7581b44-ec20-4a49-84dc-6482be220b8e: new RaftServerImpl for group-10290650056A:[f7581b44-ec20-4a49-84dc-6482be220b8e:192.168.34.50:34061] with ContainerStateMachine:uninitialized
2019-09-19 05:06:55,755 [pool-38-thread-1] INFO  server.RaftServerConfigKeys (ConfUtils.java:logGet(43)) - raft.server.rpcslowness.timeout = 10s (custom)
2019-09-19 05:06:55,755 [pool-49-thread-1] INFO  server.RaftServerConfigKeys (ConfUtils.java:logGet(43)) - raft.server.rpcslowness.timeout = 10s (custom)
2019-09-19 05:06:55,756 [pool-27-thread-1] INFO  server.RaftServerConfigKeys (ConfUtils.java:logGet(43)) - raft.server.rpc.timeout.min = 5s (custom)
2019-09-19 05:06:55,756 [pool-27-thread-1] INFO  server.RaftServerConfigKeys (ConfUtils.java:logGet(43)) - raft.server.rpc.timeout.max = 5200ms (custom)
2019-09-19 05:06:55,756 [pool-27-thread-1] INFO  server.RaftServerConfigKeys (ConfUtils.java:logGet(43)) - raft.server.rpcslowness.timeout = 10s (custom)
2019-09-19 05:06:55,756 [pool-49-thread-1] INFO  server.RaftServerConfigKeys (ConfUtils.java:logGet(43)) - raft.server.sleep.deviation.threshold = 300 (default)
2019-09-19 05:06:55,756 [pool-27-thread-1] INFO  server.RaftServerConfigKeys (ConfUtils.java:logGet(43)) - raft.server.sleep.deviation.threshold = 300 (default)
2019-09-19 05:06:55,756 [pool-38-thread-1] INFO  server.RaftServerConfigKeys (ConfUtils.java:logGet(43)) - raft.server.sleep.deviation.threshold = 300 (default)
2019-09-19 05:06:55,757 [pool-60-thread-1] INFO  impl.RaftServerImpl (RaftServerImpl.java:<init>(93)) - 50a45026-e3e5-4392-80b5-2fca55db6c54: new RaftServerImpl for group-3827E1F9A5BE:[50a45026-e3e5-4392-80b5-2fca55db6c54:192.168.34.50:46775] with ContainerStateMachine:uninitialized
2019-09-19 05:06:55,758 [pool-60-thread-1] INFO  server.RaftServerConfigKeys (ConfUtils.java:logGet(43)) - raft.server.rpc.timeout.min = 5s (custom)
2019-09-19 05:06:55,758 [pool-49-thread-1] INFO  server.RaftServerConfigKeys (ConfUtils.java:logGet(43)) - raft.server.log.appender.install.snapshot.enabled = false (custom)
2019-09-19 05:06:55,758 [pool-60-thread-1] INFO  server.RaftServerConfigKeys (ConfUtils.java:logGet(43)) - raft.server.rpc.timeout.max = 5200ms (custom)
2019-09-19 05:06:55,758 [pool-38-thread-1] INFO  server.RaftServerConfigKeys (ConfUtils.java:logGet(43)) - raft.server.log.appender.install.snapshot.enabled = false (custom)
2019-09-19 05:06:55,758 [pool-27-thread-1] INFO  server.RaftServerConfigKeys (ConfUtils.java:logGet(43)) - raft.server.log.appender.install.snapshot.enabled = false (custom)
2019-09-19 05:06:55,758 [pool-60-thread-1] INFO  server.RaftServerConfigKeys (ConfUtils.java:logGet(43)) - raft.server.rpcslowness.timeout = 10s (custom)
2019-09-19 05:06:55,759 [pool-60-thread-1] INFO  server.RaftServerConfigKeys (ConfUtils.java:logGet(43)) - raft.server.sleep.deviation.threshold = 300 (default)
2019-09-19 05:06:55,759 [pool-60-thread-1] INFO  server.RaftServerConfigKeys (ConfUtils.java:logGet(43)) - raft.server.log.appender.install.snapshot.enabled = false (custom)
2019-09-19 05:06:55,765 [pool-49-thread-1] INFO  impl.RaftServerImpl (ServerState.java:<init>(105)) - 370a1c5b-8b1a-491a-a577-d02fa7ab369f:group-6255958BC967 ConfigurationManager, init=-1: [370a1c5b-8b1a-491a-a577-d02fa7ab369f:192.168.34.50:39242], old=null, confs=<EMPTY_MAP>
2019-09-19 05:06:55,765 [pool-38-thread-1] INFO  impl.RaftServerImpl (ServerState.java:<init>(105)) - 92793de3-5298-4528-b315-ef9b977911c6:group-968CA31AD45A ConfigurationManager, init=-1: [92793de3-5298-4528-b315-ef9b977911c6:192.168.34.50:46839], old=null, confs=<EMPTY_MAP>
2019-09-19 05:06:55,766 [pool-49-thread-1] INFO  server.RaftServerConfigKeys (ConfUtils.java:logGet(43)) - raft.server.storage.dir = [/workdir/hadoop-ozone/integration-test/target/test-dir/MiniOzoneClusterImpl-bbf495c9-350a-409e-a1d0-dfcf287214b2/datanode-2/data/ratis] (custom)
2019-09-19 05:06:55,765 [pool-60-thread-1] INFO  impl.RaftServerImpl (ServerState.java:<init>(105)) - 50a45026-e3e5-4392-80b5-2fca55db6c54:group-3827E1F9A5BE ConfigurationManager, init=-1: [50a45026-e3e5-4392-80b5-2fca55db6c54:192.168.34.50:46775], old=null, confs=<EMPTY_MAP>
2019-09-19 05:06:55,765 [pool-27-thread-1] INFO  impl.RaftServerImpl (ServerState.java:<init>(105)) - f7581b44-ec20-4a49-84dc-6482be220b8e:group-10290650056A ConfigurationManager, init=-1: [f7581b44-ec20-4a49-84dc-6482be220b8e:192.168.34.50:34061], old=null, confs=<EMPTY_MAP>
2019-09-19 05:06:55,766 [pool-60-thread-1] INFO  server.RaftServerConfigKeys (ConfUtils.java:logGet(43)) - raft.server.storage.dir = [/workdir/hadoop-ozone/integration-test/target/test-dir/MiniOzoneClusterImpl-bbf495c9-350a-409e-a1d0-dfcf287214b2/datanode-3/data/ratis] (custom)
2019-09-19 05:06:55,766 [pool-27-thread-1] INFO  server.RaftServerConfigKeys (ConfUtils.java:logGet(43)) - raft.server.storage.dir = [/workdir/hadoop-ozone/integration-test/target/test-dir/MiniOzoneClusterImpl-bbf495c9-350a-409e-a1d0-dfcf287214b2/datanode-0/data/ratis] (custom)
2019-09-19 05:06:55,766 [pool-38-thread-1] INFO  server.RaftServerConfigKeys (ConfUtils.java:logGet(43)) - raft.server.storage.dir = [/workdir/hadoop-ozone/integration-test/target/test-dir/MiniOzoneClusterImpl-bbf495c9-350a-409e-a1d0-dfcf287214b2/datanode-1/data/ratis] (custom)
2019-09-19 05:06:55,773 [pool-49-thread-1] INFO  storage.RaftStorageDirectory (RaftStorageDirectory.java:analyzeStorage(246)) - The storage directory /workdir/hadoop-ozone/integration-test/target/test-dir/MiniOzoneClusterImpl-bbf495c9-350a-409e-a1d0-dfcf287214b2/datanode-2/data/ratis/9c2fe18a-1144-42c4-baf5-6255958bc967 does not exist. Creating ...
2019-09-19 05:06:55,773 [pool-60-thread-1] INFO  storage.RaftStorageDirectory (RaftStorageDirectory.java:analyzeStorage(246)) - The storage directory /workdir/hadoop-ozone/integration-test/target/test-dir/MiniOzoneClusterImpl-bbf495c9-350a-409e-a1d0-dfcf287214b2/datanode-3/data/ratis/8e2ad319-1366-48f1-9af4-3827e1f9a5be does not exist. Creating ...
2019-09-19 05:06:55,773 [pool-27-thread-1] INFO  storage.RaftStorageDirectory (RaftStorageDirectory.java:analyzeStorage(246)) - The storage directory /workdir/hadoop-ozone/integration-test/target/test-dir/MiniOzoneClusterImpl-bbf495c9-350a-409e-a1d0-dfcf287214b2/datanode-0/data/ratis/1eddb777-2308-49de-983b-10290650056a does not exist. Creating ...
2019-09-19 05:06:55,773 [pool-38-thread-1] INFO  storage.RaftStorageDirectory (RaftStorageDirectory.java:analyzeStorage(246)) - The storage directory /workdir/hadoop-ozone/integration-test/target/test-dir/MiniOzoneClusterImpl-bbf495c9-350a-409e-a1d0-dfcf287214b2/datanode-1/data/ratis/9c17bf43-ca5b-4a72-a5ed-968ca31ad45a does not exist. Creating ...
2019-09-19 05:06:55,887 [pool-60-thread-1] INFO  storage.RaftStorageDirectory (RaftStorageDirectory.java:tryLock(328)) - Lock on /workdir/hadoop-ozone/integration-test/target/test-dir/MiniOzoneClusterImpl-bbf495c9-350a-409e-a1d0-dfcf287214b2/datanode-3/data/ratis/8e2ad319-1366-48f1-9af4-3827e1f9a5be/in_use.lock acquired by nodename 12277@pr-hdds-2034-srnhl-2452957315
2019-09-19 05:06:55,887 [pool-27-thread-1] INFO  storage.RaftStorageDirectory (RaftStorageDirectory.java:tryLock(328)) - Lock on /workdir/hadoop-ozone/integration-test/target/test-dir/MiniOzoneClusterImpl-bbf495c9-350a-409e-a1d0-dfcf287214b2/datanode-0/data/ratis/1eddb777-2308-49de-983b-10290650056a/in_use.lock acquired by nodename 12277@pr-hdds-2034-srnhl-2452957315
2019-09-19 05:06:55,887 [pool-38-thread-1] INFO  storage.RaftStorageDirectory (RaftStorageDirectory.java:tryLock(328)) - Lock on /workdir/hadoop-ozone/integration-test/target/test-dir/MiniOzoneClusterImpl-bbf495c9-350a-409e-a1d0-dfcf287214b2/datanode-1/data/ratis/9c17bf43-ca5b-4a72-a5ed-968ca31ad45a/in_use.lock acquired by nodename 12277@pr-hdds-2034-srnhl-2452957315
2019-09-19 05:06:55,887 [pool-49-thread-1] INFO  storage.RaftStorageDirectory (RaftStorageDirectory.java:tryLock(328)) - Lock on /workdir/hadoop-ozone/integration-test/target/test-dir/MiniOzoneClusterImpl-bbf495c9-350a-409e-a1d0-dfcf287214b2/datanode-2/data/ratis/9c2fe18a-1144-42c4-baf5-6255958bc967/in_use.lock acquired by nodename 12277@pr-hdds-2034-srnhl-2452957315
2019-09-19 05:06:55,910 | INFO  | SCMAudit | user=jenkins1000 | ip=192.168.34.50 | op=SEND_HEARTBEAT {datanodeUUID=24b07b36-37e0-4d88-8ad1-16f6e8f81276, command=[]} | ret=SUCCESS |  
2019-09-19 05:06:55,934 [grpc-default-executor-2] INFO  impl.RaftServerProxy (RaftServerProxy.java:addNew(89)) - 24b07b36-37e0-4d88-8ad1-16f6e8f81276: addNew group-A0F6E05DB6A3:[24b07b36-37e0-4d88-8ad1-16f6e8f81276:192.168.34.50:45448] returns group-A0F6E05DB6A3:java.util.concurrent.CompletableFuture@7abdbe65[Not completed]
2019-09-19 05:06:55,939 [pool-71-thread-1] INFO  impl.RaftServerImpl (RaftServerImpl.java:<init>(93)) - 24b07b36-37e0-4d88-8ad1-16f6e8f81276: new RaftServerImpl for group-A0F6E05DB6A3:[24b07b36-37e0-4d88-8ad1-16f6e8f81276:192.168.34.50:45448] with ContainerStateMachine:uninitialized
2019-09-19 05:06:55,940 [pool-71-thread-1] INFO  server.RaftServerConfigKeys (ConfUtils.java:logGet(43)) - raft.server.rpc.timeout.min = 5s (custom)
2019-09-19 05:06:55,940 [pool-71-thread-1] INFO  server.RaftServerConfigKeys (ConfUtils.java:logGet(43)) - raft.server.rpc.timeout.max = 5200ms (custom)
2019-09-19 05:06:55,940 [pool-71-thread-1] INFO  server.RaftServerConfigKeys (ConfUtils.java:logGet(43)) - raft.server.rpcslowness.timeout = 10s (custom)
2019-09-19 05:06:55,940 [pool-71-thread-1] INFO  server.RaftServerConfigKeys (ConfUtils.java:logGet(43)) - raft.server.sleep.deviation.threshold = 300 (default)
2019-09-19 05:06:55,940 [pool-71-thread-1] INFO  server.RaftServerConfigKeys (ConfUtils.java:logGet(43)) - raft.server.log.appender.install.snapshot.enabled = false (custom)
2019-09-19 05:06:55,941 [pool-71-thread-1] INFO  impl.RaftServerImpl (ServerState.java:<init>(105)) - 24b07b36-37e0-4d88-8ad1-16f6e8f81276:group-A0F6E05DB6A3 ConfigurationManager, init=-1: [24b07b36-37e0-4d88-8ad1-16f6e8f81276:192.168.34.50:45448], old=null, confs=<EMPTY_MAP>
2019-09-19 05:06:55,941 [pool-71-thread-1] INFO  server.RaftServerConfigKeys (ConfUtils.java:logGet(43)) - raft.server.storage.dir = [/workdir/hadoop-ozone/integration-test/target/test-dir/MiniOzoneClusterImpl-bbf495c9-350a-409e-a1d0-dfcf287214b2/datanode-4/data/ratis] (custom)
2019-09-19 05:06:55,941 [pool-71-thread-1] INFO  storage.RaftStorageDirectory (RaftStorageDirectory.java:analyzeStorage(246)) - The storage directory /workdir/hadoop-ozone/integration-test/target/test-dir/MiniOzoneClusterImpl-bbf495c9-350a-409e-a1d0-dfcf287214b2/datanode-4/data/ratis/6557cf0e-f4f6-4467-a30b-a0f6e05db6a3 does not exist. Creating ...
2019-09-19 05:06:56,140 [pool-71-thread-1] INFO  storage.RaftStorageDirectory (RaftStorageDirectory.java:tryLock(328)) - Lock on /workdir/hadoop-ozone/integration-test/target/test-dir/MiniOzoneClusterImpl-bbf495c9-350a-409e-a1d0-dfcf287214b2/datanode-4/data/ratis/6557cf0e-f4f6-4467-a30b-a0f6e05db6a3/in_use.lock acquired by nodename 12277@pr-hdds-2034-srnhl-2452957315
2019-09-19 05:06:56,140 [pool-38-thread-1] INFO  storage.RaftStorage (RaftStorage.java:format(72)) - Storage directory /workdir/hadoop-ozone/integration-test/target/test-dir/MiniOzoneClusterImpl-bbf495c9-350a-409e-a1d0-dfcf287214b2/datanode-1/data/ratis/9c17bf43-ca5b-4a72-a5ed-968ca31ad45a has been successfully formatted.
2019-09-19 05:06:56,140 [pool-49-thread-1] INFO  storage.RaftStorage (RaftStorage.java:format(72)) - Storage directory /workdir/hadoop-ozone/integration-test/target/test-dir/MiniOzoneClusterImpl-bbf495c9-350a-409e-a1d0-dfcf287214b2/datanode-2/data/ratis/9c2fe18a-1144-42c4-baf5-6255958bc967 has been successfully formatted.
2019-09-19 05:06:56,140 [pool-60-thread-1] INFO  storage.RaftStorage (RaftStorage.java:format(72)) - Storage directory /workdir/hadoop-ozone/integration-test/target/test-dir/MiniOzoneClusterImpl-bbf495c9-350a-409e-a1d0-dfcf287214b2/datanode-3/data/ratis/8e2ad319-1366-48f1-9af4-3827e1f9a5be has been successfully formatted.
2019-09-19 05:06:56,140 [pool-27-thread-1] INFO  storage.RaftStorage (RaftStorage.java:format(72)) - Storage directory /workdir/hadoop-ozone/integration-test/target/test-dir/MiniOzoneClusterImpl-bbf495c9-350a-409e-a1d0-dfcf287214b2/datanode-0/data/ratis/1eddb777-2308-49de-983b-10290650056a has been successfully formatted.
2019-09-19 05:06:56,147 [pool-49-thread-1] INFO  ratis.ContainerStateMachine (ContainerStateMachine.java:loadSnapshot(226)) - group-6255958BC967: The snapshot info is null. Setting the last applied indexto:(t:0, i:~)
2019-09-19 05:06:56,147 [pool-60-thread-1] INFO  ratis.ContainerStateMachine (ContainerStateMachine.java:loadSnapshot(226)) - group-3827E1F9A5BE: The snapshot info is null. Setting the last applied indexto:(t:0, i:~)
2019-09-19 05:06:56,147 [pool-27-thread-1] INFO  ratis.ContainerStateMachine (ContainerStateMachine.java:loadSnapshot(226)) - group-10290650056A: The snapshot info is null. Setting the last applied indexto:(t:0, i:~)
2019-09-19 05:06:56,147 [pool-38-thread-1] INFO  ratis.ContainerStateMachine (ContainerStateMachine.java:loadSnapshot(226)) - group-968CA31AD45A: The snapshot info is null. Setting the last applied indexto:(t:0, i:~)
2019-09-19 05:06:56,149 [pool-27-thread-1] INFO  server.RaftServerConfigKeys (ConfUtils.java:logGet(43)) - raft.server.leader.election.timeout = 10s (custom)
2019-09-19 05:06:56,149 [pool-60-thread-1] INFO  server.RaftServerConfigKeys (ConfUtils.java:logGet(43)) - raft.server.leader.election.timeout = 10s (custom)
2019-09-19 05:06:56,149 [pool-49-thread-1] INFO  server.RaftServerConfigKeys (ConfUtils.java:logGet(43)) - raft.server.leader.election.timeout = 10s (custom)
2019-09-19 05:06:56,149 [pool-38-thread-1] INFO  server.RaftServerConfigKeys (ConfUtils.java:logGet(43)) - raft.server.leader.election.timeout = 10s (custom)
2019-09-19 05:06:56,153 [pool-49-thread-1] INFO  server.RaftServerConfigKeys (ConfUtils.java:logGet(43)) - raft.server.log.use.memory = false (default)
2019-09-19 05:06:56,153 [pool-60-thread-1] INFO  server.RaftServerConfigKeys (ConfUtils.java:logGet(43)) - raft.server.log.use.memory = false (default)
2019-09-19 05:06:56,153 [pool-38-thread-1] INFO  server.RaftServerConfigKeys (ConfUtils.java:logGet(43)) - raft.server.log.use.memory = false (default)
2019-09-19 05:06:56,153 [pool-27-thread-1] INFO  server.RaftServerConfigKeys (ConfUtils.java:logGet(43)) - raft.server.log.use.memory = false (default)
2019-09-19 05:06:56,161 [pool-27-thread-1] INFO  server.RaftServerConfigKeys (ConfUtils.java:logGet(43)) - raft.server.log.purge.gap = 1000000 (custom)
2019-09-19 05:06:56,161 [pool-60-thread-1] INFO  server.RaftServerConfigKeys (ConfUtils.java:logGet(43)) - raft.server.log.purge.gap = 1000000 (custom)
2019-09-19 05:06:56,161 [pool-38-thread-1] INFO  server.RaftServerConfigKeys (ConfUtils.java:logGet(43)) - raft.server.log.purge.gap = 1000000 (custom)
2019-09-19 05:06:56,161 [pool-49-thread-1] INFO  server.RaftServerConfigKeys (ConfUtils.java:logGet(43)) - raft.server.log.purge.gap = 1000000 (custom)
2019-09-19 05:06:56,162 [pool-38-thread-1] INFO  server.RaftServerConfigKeys (ConfUtils.java:logGet(43)) - raft.server.log.appender.buffer.byte-limit = 33554432 (custom)
2019-09-19 05:06:56,162 [pool-60-thread-1] INFO  server.RaftServerConfigKeys (ConfUtils.java:logGet(43)) - raft.server.log.appender.buffer.byte-limit = 33554432 (custom)
2019-09-19 05:06:56,162 [pool-27-thread-1] INFO  server.RaftServerConfigKeys (ConfUtils.java:logGet(43)) - raft.server.log.appender.buffer.byte-limit = 33554432 (custom)
2019-09-19 05:06:56,162 [pool-49-thread-1] INFO  server.RaftServerConfigKeys (ConfUtils.java:logGet(43)) - raft.server.log.appender.buffer.byte-limit = 33554432 (custom)
2019-09-19 05:06:56,164 [pool-49-thread-1] INFO  server.RaftServerConfigKeys (ConfUtils.java:logGet(43)) - raft.server.log.segment.size.max = 1048576 (custom)
2019-09-19 05:06:56,164 [pool-60-thread-1] INFO  server.RaftServerConfigKeys (ConfUtils.java:logGet(43)) - raft.server.log.segment.size.max = 1048576 (custom)
2019-09-19 05:06:56,164 [pool-27-thread-1] INFO  server.RaftServerConfigKeys (ConfUtils.java:logGet(43)) - raft.server.log.segment.size.max = 1048576 (custom)
2019-09-19 05:06:56,164 [pool-38-thread-1] INFO  server.RaftServerConfigKeys (ConfUtils.java:logGet(43)) - raft.server.log.segment.size.max = 1048576 (custom)
2019-09-19 05:06:56,171 [pool-27-thread-1] INFO  server.RaftServerConfigKeys (ConfUtils.java:logGet(43)) - raft.server.log.segment.cache.num.max = 2 (custom)
2019-09-19 05:06:56,171 [pool-60-thread-1] INFO  server.RaftServerConfigKeys (ConfUtils.java:logGet(43)) - raft.server.log.segment.cache.num.max = 2 (custom)
2019-09-19 05:06:56,171 [pool-49-thread-1] INFO  server.RaftServerConfigKeys (ConfUtils.java:logGet(43)) - raft.server.log.segment.cache.num.max = 2 (custom)
2019-09-19 05:06:56,171 [pool-38-thread-1] INFO  server.RaftServerConfigKeys (ConfUtils.java:logGet(43)) - raft.server.log.segment.cache.num.max = 2 (custom)
2019-09-19 05:06:56,183 [pool-27-thread-1] INFO  segmented.SegmentedRaftLogWorker (SegmentedRaftLogWorker.java:<init>(172)) - new f7581b44-ec20-4a49-84dc-6482be220b8e-SegmentedRaftLogWorker:Storage Directory /workdir/hadoop-ozone/integration-test/target/test-dir/MiniOzoneClusterImpl-bbf495c9-350a-409e-a1d0-dfcf287214b2/datanode-0/data/ratis/1eddb777-2308-49de-983b-10290650056a for RaftStorage:Storage Directory /workdir/hadoop-ozone/integration-test/target/test-dir/MiniOzoneClusterImpl-bbf495c9-350a-409e-a1d0-dfcf287214b2/datanode-0/data/ratis/1eddb777-2308-49de-983b-10290650056a
2019-09-19 05:06:56,183 [pool-60-thread-1] INFO  segmented.SegmentedRaftLogWorker (SegmentedRaftLogWorker.java:<init>(172)) - new 50a45026-e3e5-4392-80b5-2fca55db6c54-SegmentedRaftLogWorker:Storage Directory /workdir/hadoop-ozone/integration-test/target/test-dir/MiniOzoneClusterImpl-bbf495c9-350a-409e-a1d0-dfcf287214b2/datanode-3/data/ratis/8e2ad319-1366-48f1-9af4-3827e1f9a5be for RaftStorage:Storage Directory /workdir/hadoop-ozone/integration-test/target/test-dir/MiniOzoneClusterImpl-bbf495c9-350a-409e-a1d0-dfcf287214b2/datanode-3/data/ratis/8e2ad319-1366-48f1-9af4-3827e1f9a5be
2019-09-19 05:06:56,183 [pool-49-thread-1] INFO  segmented.SegmentedRaftLogWorker (SegmentedRaftLogWorker.java:<init>(172)) - new 370a1c5b-8b1a-491a-a577-d02fa7ab369f-SegmentedRaftLogWorker:Storage Directory /workdir/hadoop-ozone/integration-test/target/test-dir/MiniOzoneClusterImpl-bbf495c9-350a-409e-a1d0-dfcf287214b2/datanode-2/data/ratis/9c2fe18a-1144-42c4-baf5-6255958bc967 for RaftStorage:Storage Directory /workdir/hadoop-ozone/integration-test/target/test-dir/MiniOzoneClusterImpl-bbf495c9-350a-409e-a1d0-dfcf287214b2/datanode-2/data/ratis/9c2fe18a-1144-42c4-baf5-6255958bc967
2019-09-19 05:06:56,183 [pool-38-thread-1] INFO  segmented.SegmentedRaftLogWorker (SegmentedRaftLogWorker.java:<init>(172)) - new 92793de3-5298-4528-b315-ef9b977911c6-SegmentedRaftLogWorker:Storage Directory /workdir/hadoop-ozone/integration-test/target/test-dir/MiniOzoneClusterImpl-bbf495c9-350a-409e-a1d0-dfcf287214b2/datanode-1/data/ratis/9c17bf43-ca5b-4a72-a5ed-968ca31ad45a for RaftStorage:Storage Directory /workdir/hadoop-ozone/integration-test/target/test-dir/MiniOzoneClusterImpl-bbf495c9-350a-409e-a1d0-dfcf287214b2/datanode-1/data/ratis/9c17bf43-ca5b-4a72-a5ed-968ca31ad45a
2019-09-19 05:06:56,213 [pool-27-thread-1] INFO  server.RaftServerConfigKeys (ConfUtils.java:logGet(43)) - raft.server.log.queue.byte-limit = 2147483647 (custom)
2019-09-19 05:06:56,215 [pool-49-thread-1] INFO  server.RaftServerConfigKeys (ConfUtils.java:logGet(43)) - raft.server.log.queue.byte-limit = 2147483647 (custom)
2019-09-19 05:06:56,215 [pool-60-thread-1] INFO  server.RaftServerConfigKeys (ConfUtils.java:logGet(43)) - raft.server.log.queue.byte-limit = 2147483647 (custom)
2019-09-19 05:06:56,213 [pool-38-thread-1] INFO  server.RaftServerConfigKeys (ConfUtils.java:logGet(43)) - raft.server.log.queue.byte-limit = 2147483647 (custom)
2019-09-19 05:06:56,217 [pool-60-thread-1] INFO  server.RaftServerConfigKeys (ConfUtils.java:logGet(43)) - raft.server.log.queue.element-limit = 1024 (custom)
2019-09-19 05:06:56,217 [pool-27-thread-1] INFO  server.RaftServerConfigKeys (ConfUtils.java:logGet(43)) - raft.server.log.queue.element-limit = 1024 (custom)
2019-09-19 05:06:56,217 [pool-38-thread-1] INFO  server.RaftServerConfigKeys (ConfUtils.java:logGet(43)) - raft.server.log.queue.element-limit = 1024 (custom)
2019-09-19 05:06:56,217 [pool-49-thread-1] INFO  server.RaftServerConfigKeys (ConfUtils.java:logGet(43)) - raft.server.log.queue.element-limit = 1024 (custom)
2019-09-19 05:06:56,225 [pool-27-thread-1] INFO  server.RaftServerConfigKeys (ConfUtils.java:logGet(43)) - raft.server.log.segment.size.max = 1048576 (custom)
2019-09-19 05:06:56,225 [pool-60-thread-1] INFO  server.RaftServerConfigKeys (ConfUtils.java:logGet(43)) - raft.server.log.segment.size.max = 1048576 (custom)
2019-09-19 05:06:56,225 [pool-49-thread-1] INFO  server.RaftServerConfigKeys (ConfUtils.java:logGet(43)) - raft.server.log.segment.size.max = 1048576 (custom)
2019-09-19 05:06:56,225 [pool-38-thread-1] INFO  server.RaftServerConfigKeys (ConfUtils.java:logGet(43)) - raft.server.log.segment.size.max = 1048576 (custom)
2019-09-19 05:06:56,225 [pool-49-thread-1] INFO  server.RaftServerConfigKeys (ConfUtils.java:logGet(43)) - raft.server.log.preallocated.size = 16384 (custom)
2019-09-19 05:06:56,225 [pool-27-thread-1] INFO  server.RaftServerConfigKeys (ConfUtils.java:logGet(43)) - raft.server.log.preallocated.size = 16384 (custom)
2019-09-19 05:06:56,225 [pool-60-thread-1] INFO  server.RaftServerConfigKeys (ConfUtils.java:logGet(43)) - raft.server.log.preallocated.size = 16384 (custom)
2019-09-19 05:06:56,225 [pool-38-thread-1] INFO  server.RaftServerConfigKeys (ConfUtils.java:logGet(43)) - raft.server.log.preallocated.size = 16384 (custom)
2019-09-19 05:06:56,226 [pool-49-thread-1] INFO  server.RaftServerConfigKeys (ConfUtils.java:logGet(43)) - raft.server.log.write.buffer.size = 33554432 (custom)
2019-09-19 05:06:56,226 [pool-27-thread-1] INFO  server.RaftServerConfigKeys (ConfUtils.java:logGet(43)) - raft.server.log.write.buffer.size = 33554432 (custom)
2019-09-19 05:06:56,226 [pool-60-thread-1] INFO  server.RaftServerConfigKeys (ConfUtils.java:logGet(43)) - raft.server.log.write.buffer.size = 33554432 (custom)
2019-09-19 05:06:56,226 [pool-38-thread-1] INFO  server.RaftServerConfigKeys (ConfUtils.java:logGet(43)) - raft.server.log.write.buffer.size = 33554432 (custom)
2019-09-19 05:06:56,227 [pool-27-thread-1] INFO  server.RaftServerConfigKeys (ConfUtils.java:logGet(43)) - raft.server.log.force.sync.num = 128 (default)
2019-09-19 05:06:56,227 [pool-49-thread-1] INFO  server.RaftServerConfigKeys (ConfUtils.java:logGet(43)) - raft.server.log.force.sync.num = 128 (default)
2019-09-19 05:06:56,227 [pool-38-thread-1] INFO  server.RaftServerConfigKeys (ConfUtils.java:logGet(43)) - raft.server.log.force.sync.num = 128 (default)
2019-09-19 05:06:56,227 [pool-60-thread-1] INFO  server.RaftServerConfigKeys (ConfUtils.java:logGet(43)) - raft.server.log.force.sync.num = 128 (default)
2019-09-19 05:06:56,228 [pool-27-thread-1] INFO  server.RaftServerConfigKeys (ConfUtils.java:logGet(43)) - raft.server.log.statemachine.data.sync = true (default)
2019-09-19 05:06:56,228 [pool-38-thread-1] INFO  server.RaftServerConfigKeys (ConfUtils.java:logGet(43)) - raft.server.log.statemachine.data.sync = true (default)
2019-09-19 05:06:56,228 [pool-60-thread-1] INFO  server.RaftServerConfigKeys (ConfUtils.java:logGet(43)) - raft.server.log.statemachine.data.sync = true (default)
2019-09-19 05:06:56,228 [pool-27-thread-1] INFO  server.RaftServerConfigKeys (ConfUtils.java:logGet(43)) - raft.server.log.statemachine.data.sync.timeout = 10s (default)
2019-09-19 05:06:56,228 [pool-49-thread-1] INFO  server.RaftServerConfigKeys (ConfUtils.java:logGet(43)) - raft.server.log.statemachine.data.sync = true (default)
2019-09-19 05:06:56,229 [pool-27-thread-1] INFO  server.RaftServerConfigKeys (ConfUtils.java:logGet(43)) - raft.server.log.statemachine.data.sync.timeout.retry = -1 (default)
2019-09-19 05:06:56,228 [pool-60-thread-1] INFO  server.RaftServerConfigKeys (ConfUtils.java:logGet(43)) - raft.server.log.statemachine.data.sync.timeout = 10s (default)
2019-09-19 05:06:56,228 [pool-38-thread-1] INFO  server.RaftServerConfigKeys (ConfUtils.java:logGet(43)) - raft.server.log.statemachine.data.sync.timeout = 10s (default)
2019-09-19 05:06:56,229 [pool-60-thread-1] INFO  server.RaftServerConfigKeys (ConfUtils.java:logGet(43)) - raft.server.log.statemachine.data.sync.timeout.retry = -1 (default)
2019-09-19 05:06:56,229 [pool-49-thread-1] INFO  server.RaftServerConfigKeys (ConfUtils.java:logGet(43)) - raft.server.log.statemachine.data.sync.timeout = 10s (default)
2019-09-19 05:06:56,229 [pool-38-thread-1] INFO  server.RaftServerConfigKeys (ConfUtils.java:logGet(43)) - raft.server.log.statemachine.data.sync.timeout.retry = -1 (default)
2019-09-19 05:06:56,230 [pool-49-thread-1] INFO  server.RaftServerConfigKeys (ConfUtils.java:logGet(43)) - raft.server.log.statemachine.data.sync.timeout.retry = -1 (default)
2019-09-19 05:06:56,241 [pool-27-thread-1] INFO  server.RaftServerConfigKeys (ConfUtils.java:logGet(43)) - raft.server.log.statemachine.data.caching.enabled = true (custom)
2019-09-19 05:06:56,241 [pool-38-thread-1] INFO  server.RaftServerConfigKeys (ConfUtils.java:logGet(43)) - raft.server.log.statemachine.data.caching.enabled = true (custom)
2019-09-19 05:06:56,241 [pool-60-thread-1] INFO  server.RaftServerConfigKeys (ConfUtils.java:logGet(43)) - raft.server.log.statemachine.data.caching.enabled = true (custom)
2019-09-19 05:06:56,241 [pool-49-thread-1] INFO  server.RaftServerConfigKeys (ConfUtils.java:logGet(43)) - raft.server.log.statemachine.data.caching.enabled = true (custom)
2019-09-19 05:06:56,272 [pool-27-thread-1] INFO  segmented.SegmentedRaftLogWorker (SegmentedRaftLogWorker.java:lambda$new$0(132)) - f7581b44-ec20-4a49-84dc-6482be220b8e-SegmentedRaftLogWorker:Storage Directory /workdir/hadoop-ozone/integration-test/target/test-dir/MiniOzoneClusterImpl-bbf495c9-350a-409e-a1d0-dfcf287214b2/datanode-0/data/ratis/1eddb777-2308-49de-983b-10290650056a: flushIndex: setUnconditionally 0 -> -1
2019-09-19 05:06:56,272 [pool-38-thread-1] INFO  segmented.SegmentedRaftLogWorker (SegmentedRaftLogWorker.java:lambda$new$0(132)) - 92793de3-5298-4528-b315-ef9b977911c6-SegmentedRaftLogWorker:Storage Directory /workdir/hadoop-ozone/integration-test/target/test-dir/MiniOzoneClusterImpl-bbf495c9-350a-409e-a1d0-dfcf287214b2/datanode-1/data/ratis/9c17bf43-ca5b-4a72-a5ed-968ca31ad45a: flushIndex: setUnconditionally 0 -> -1
2019-09-19 05:06:56,272 [pool-49-thread-1] INFO  segmented.SegmentedRaftLogWorker (SegmentedRaftLogWorker.java:lambda$new$0(132)) - 370a1c5b-8b1a-491a-a577-d02fa7ab369f-SegmentedRaftLogWorker:Storage Directory /workdir/hadoop-ozone/integration-test/target/test-dir/MiniOzoneClusterImpl-bbf495c9-350a-409e-a1d0-dfcf287214b2/datanode-2/data/ratis/9c2fe18a-1144-42c4-baf5-6255958bc967: flushIndex: setUnconditionally 0 -> -1
2019-09-19 05:06:56,272 [pool-60-thread-1] INFO  segmented.SegmentedRaftLogWorker (SegmentedRaftLogWorker.java:lambda$new$0(132)) - 50a45026-e3e5-4392-80b5-2fca55db6c54-SegmentedRaftLogWorker:Storage Directory /workdir/hadoop-ozone/integration-test/target/test-dir/MiniOzoneClusterImpl-bbf495c9-350a-409e-a1d0-dfcf287214b2/datanode-3/data/ratis/8e2ad319-1366-48f1-9af4-3827e1f9a5be: flushIndex: setUnconditionally 0 -> -1
2019-09-19 05:06:56,276 [pool-27-thread-1] INFO  server.RaftServerConfigKeys (ConfUtils.java:logGet(43)) - raft.server.snapshot.auto.trigger.enabled = true (custom)
2019-09-19 05:06:56,276 [pool-38-thread-1] INFO  server.RaftServerConfigKeys (ConfUtils.java:logGet(43)) - raft.server.snapshot.auto.trigger.enabled = true (custom)
2019-09-19 05:06:56,277 [pool-60-thread-1] INFO  server.RaftServerConfigKeys (ConfUtils.java:logGet(43)) - raft.server.snapshot.auto.trigger.enabled = true (custom)
2019-09-19 05:06:56,277 [pool-49-thread-1] INFO  server.RaftServerConfigKeys (ConfUtils.java:logGet(43)) - raft.server.snapshot.auto.trigger.enabled = true (custom)
2019-09-19 05:06:56,279 [pool-27-thread-1] INFO  server.RaftServerConfigKeys (ConfUtils.java:logGet(43)) - raft.server.snapshot.auto.trigger.threshold = 10000 (custom)
2019-09-19 05:06:56,279 [pool-38-thread-1] INFO  server.RaftServerConfigKeys (ConfUtils.java:logGet(43)) - raft.server.snapshot.auto.trigger.threshold = 10000 (custom)
2019-09-19 05:06:56,279 [pool-49-thread-1] INFO  server.RaftServerConfigKeys (ConfUtils.java:logGet(43)) - raft.server.snapshot.auto.trigger.threshold = 10000 (custom)
2019-09-19 05:06:56,279 [pool-60-thread-1] INFO  server.RaftServerConfigKeys (ConfUtils.java:logGet(43)) - raft.server.snapshot.auto.trigger.threshold = 10000 (custom)
2019-09-19 05:06:56,279 [pool-49-thread-1] INFO  server.RaftServerConfigKeys (ConfUtils.java:logGet(43)) - raft.server.retrycache.expirytime = 600000ms (custom)
2019-09-19 05:06:56,279 [pool-38-thread-1] INFO  server.RaftServerConfigKeys (ConfUtils.java:logGet(43)) - raft.server.retrycache.expirytime = 600000ms (custom)
2019-09-19 05:06:56,279 [pool-27-thread-1] INFO  server.RaftServerConfigKeys (ConfUtils.java:logGet(43)) - raft.server.retrycache.expirytime = 600000ms (custom)
2019-09-19 05:06:56,279 [pool-60-thread-1] INFO  server.RaftServerConfigKeys (ConfUtils.java:logGet(43)) - raft.server.retrycache.expirytime = 600000ms (custom)
2019-09-19 05:06:56,302 [pool-27-thread-1] INFO  impl.RaftServerImpl (RaftServerImpl.java:start(180)) - f7581b44-ec20-4a49-84dc-6482be220b8e: start group-10290650056A
2019-09-19 05:06:56,302 [pool-38-thread-1] INFO  impl.RaftServerImpl (RaftServerImpl.java:start(180)) - 92793de3-5298-4528-b315-ef9b977911c6: start group-968CA31AD45A
2019-09-19 05:06:56,302 [pool-49-thread-1] INFO  impl.RaftServerImpl (RaftServerImpl.java:start(180)) - 370a1c5b-8b1a-491a-a577-d02fa7ab369f: start group-6255958BC967
2019-09-19 05:06:56,302 [pool-60-thread-1] INFO  impl.RaftServerImpl (RaftServerImpl.java:start(180)) - 50a45026-e3e5-4392-80b5-2fca55db6c54: start group-3827E1F9A5BE
2019-09-19 05:06:56,303 [pool-27-thread-1] INFO  impl.RaftServerImpl (RaftServerImpl.java:setRole(171)) - f7581b44-ec20-4a49-84dc-6482be220b8e:group-10290650056A changes role from null to FOLLOWER at term 0 for startAsFollower
2019-09-19 05:06:56,303 [pool-49-thread-1] INFO  impl.RaftServerImpl (RaftServerImpl.java:setRole(171)) - 370a1c5b-8b1a-491a-a577-d02fa7ab369f:group-6255958BC967 changes role from null to FOLLOWER at term 0 for startAsFollower
2019-09-19 05:06:56,303 [pool-60-thread-1] INFO  impl.RaftServerImpl (RaftServerImpl.java:setRole(171)) - 50a45026-e3e5-4392-80b5-2fca55db6c54:group-3827E1F9A5BE changes role from null to FOLLOWER at term 0 for startAsFollower
2019-09-19 05:06:56,303 [pool-38-thread-1] INFO  impl.RaftServerImpl (RaftServerImpl.java:setRole(171)) - 92793de3-5298-4528-b315-ef9b977911c6:group-968CA31AD45A changes role from null to FOLLOWER at term 0 for startAsFollower
2019-09-19 05:06:56,304 [pool-27-thread-1] INFO  impl.RoleInfo (RoleInfo.java:updateAndGet(143)) - f7581b44-ec20-4a49-84dc-6482be220b8e: start FollowerState
2019-09-19 05:06:56,305 [pool-60-thread-1] INFO  impl.RoleInfo (RoleInfo.java:updateAndGet(143)) - 50a45026-e3e5-4392-80b5-2fca55db6c54: start FollowerState
2019-09-19 05:06:56,304 [pool-38-thread-1] INFO  impl.RoleInfo (RoleInfo.java:updateAndGet(143)) - 92793de3-5298-4528-b315-ef9b977911c6: start FollowerState
2019-09-19 05:06:56,306 [pool-49-thread-1] INFO  impl.RoleInfo (RoleInfo.java:updateAndGet(143)) - 370a1c5b-8b1a-491a-a577-d02fa7ab369f: start FollowerState
2019-09-19 05:06:56,308 [pool-27-thread-1] INFO  util.JmxRegister (JmxRegister.java:tryRegister(44)) - Successfully registered JMX Bean with object name Ratis:service=RaftServer,group=group-10290650056A,id=f7581b44-ec20-4a49-84dc-6482be220b8e
2019-09-19 05:06:56,310 [pool-60-thread-1] INFO  util.JmxRegister (JmxRegister.java:tryRegister(44)) - Successfully registered JMX Bean with object name Ratis:service=RaftServer,group=group-3827E1F9A5BE,id=50a45026-e3e5-4392-80b5-2fca55db6c54
2019-09-19 05:06:56,308 [pool-49-thread-1] INFO  util.JmxRegister (JmxRegister.java:tryRegister(44)) - Successfully registered JMX Bean with object name Ratis:service=RaftServer,group=group-6255958BC967,id=370a1c5b-8b1a-491a-a577-d02fa7ab369f
2019-09-19 05:06:56,308 [pool-38-thread-1] INFO  util.JmxRegister (JmxRegister.java:tryRegister(44)) - Successfully registered JMX Bean with object name Ratis:service=RaftServer,group=group-968CA31AD45A,id=92793de3-5298-4528-b315-ef9b977911c6
2019-09-19 05:06:56,310 [pool-71-thread-1] INFO  storage.RaftStorage (RaftStorage.java:format(72)) - Storage directory /workdir/hadoop-ozone/integration-test/target/test-dir/MiniOzoneClusterImpl-bbf495c9-350a-409e-a1d0-dfcf287214b2/datanode-4/data/ratis/6557cf0e-f4f6-4467-a30b-a0f6e05db6a3 has been successfully formatted.
2019-09-19 05:06:56,311 [pool-71-thread-1] INFO  ratis.ContainerStateMachine (ContainerStateMachine.java:loadSnapshot(226)) - group-A0F6E05DB6A3: The snapshot info is null. Setting the last applied indexto:(t:0, i:~)
2019-09-19 05:06:56,311 [pool-71-thread-1] INFO  server.RaftServerConfigKeys (ConfUtils.java:logGet(43)) - raft.server.leader.election.timeout = 10s (custom)
2019-09-19 05:06:56,311 [pool-71-thread-1] INFO  server.RaftServerConfigKeys (ConfUtils.java:logGet(43)) - raft.server.log.use.memory = false (default)
2019-09-19 05:06:56,311 [pool-71-thread-1] INFO  server.RaftServerConfigKeys (ConfUtils.java:logGet(43)) - raft.server.log.purge.gap = 1000000 (custom)
2019-09-19 05:06:56,311 [pool-71-thread-1] INFO  server.RaftServerConfigKeys (ConfUtils.java:logGet(43)) - raft.server.log.appender.buffer.byte-limit = 33554432 (custom)
2019-09-19 05:06:56,312 [pool-71-thread-1] INFO  server.RaftServerConfigKeys (ConfUtils.java:logGet(43)) - raft.server.log.segment.size.max = 1048576 (custom)
2019-09-19 05:06:56,312 [pool-71-thread-1] INFO  server.RaftServerConfigKeys (ConfUtils.java:logGet(43)) - raft.server.log.segment.cache.num.max = 2 (custom)
2019-09-19 05:06:56,312 [pool-71-thread-1] INFO  segmented.SegmentedRaftLogWorker (SegmentedRaftLogWorker.java:<init>(172)) - new 24b07b36-37e0-4d88-8ad1-16f6e8f81276-SegmentedRaftLogWorker:Storage Directory /workdir/hadoop-ozone/integration-test/target/test-dir/MiniOzoneClusterImpl-bbf495c9-350a-409e-a1d0-dfcf287214b2/datanode-4/data/ratis/6557cf0e-f4f6-4467-a30b-a0f6e05db6a3 for RaftStorage:Storage Directory /workdir/hadoop-ozone/integration-test/target/test-dir/MiniOzoneClusterImpl-bbf495c9-350a-409e-a1d0-dfcf287214b2/datanode-4/data/ratis/6557cf0e-f4f6-4467-a30b-a0f6e05db6a3
2019-09-19 05:06:56,312 [pool-71-thread-1] INFO  server.RaftServerConfigKeys (ConfUtils.java:logGet(43)) - raft.server.log.queue.byte-limit = 2147483647 (custom)
2019-09-19 05:06:56,312 [pool-71-thread-1] INFO  server.RaftServerConfigKeys (ConfUtils.java:logGet(43)) - raft.server.log.queue.element-limit = 1024 (custom)
2019-09-19 05:06:56,315 [pool-71-thread-1] INFO  server.RaftServerConfigKeys (ConfUtils.java:logGet(43)) - raft.server.log.segment.size.max = 1048576 (custom)
2019-09-19 05:06:56,315 [pool-71-thread-1] INFO  server.RaftServerConfigKeys (ConfUtils.java:logGet(43)) - raft.server.log.preallocated.size = 16384 (custom)
2019-09-19 05:06:56,315 [pool-71-thread-1] INFO  server.RaftServerConfigKeys (ConfUtils.java:logGet(43)) - raft.server.log.write.buffer.size = 33554432 (custom)
2019-09-19 05:06:56,315 [pool-71-thread-1] INFO  server.RaftServerConfigKeys (ConfUtils.java:logGet(43)) - raft.server.log.force.sync.num = 128 (default)
2019-09-19 05:06:56,315 [pool-71-thread-1] INFO  server.RaftServerConfigKeys (ConfUtils.java:logGet(43)) - raft.server.log.statemachine.data.sync = true (default)
2019-09-19 05:06:56,316 [pool-71-thread-1] INFO  server.RaftServerConfigKeys (ConfUtils.java:logGet(43)) - raft.server.log.statemachine.data.sync.timeout = 10s (default)
2019-09-19 05:06:56,316 [pool-71-thread-1] INFO  server.RaftServerConfigKeys (ConfUtils.java:logGet(43)) - raft.server.log.statemachine.data.sync.timeout.retry = -1 (default)
2019-09-19 05:06:56,318 [pool-71-thread-1] INFO  server.RaftServerConfigKeys (ConfUtils.java:logGet(43)) - raft.server.log.statemachine.data.caching.enabled = true (custom)
2019-09-19 05:06:56,320 [pool-71-thread-1] INFO  segmented.SegmentedRaftLogWorker (SegmentedRaftLogWorker.java:lambda$new$0(132)) - 24b07b36-37e0-4d88-8ad1-16f6e8f81276-SegmentedRaftLogWorker:Storage Directory /workdir/hadoop-ozone/integration-test/target/test-dir/MiniOzoneClusterImpl-bbf495c9-350a-409e-a1d0-dfcf287214b2/datanode-4/data/ratis/6557cf0e-f4f6-4467-a30b-a0f6e05db6a3: flushIndex: setUnconditionally 0 -> -1
2019-09-19 05:06:56,320 [pool-71-thread-1] INFO  server.RaftServerConfigKeys (ConfUtils.java:logGet(43)) - raft.server.snapshot.auto.trigger.enabled = true (custom)
2019-09-19 05:06:56,321 [pool-71-thread-1] INFO  server.RaftServerConfigKeys (ConfUtils.java:logGet(43)) - raft.server.snapshot.auto.trigger.threshold = 10000 (custom)
2019-09-19 05:06:56,321 [pool-71-thread-1] INFO  server.RaftServerConfigKeys (ConfUtils.java:logGet(43)) - raft.server.retrycache.expirytime = 600000ms (custom)
2019-09-19 05:06:56,321 [pool-71-thread-1] INFO  impl.RaftServerImpl (RaftServerImpl.java:start(180)) - 24b07b36-37e0-4d88-8ad1-16f6e8f81276: start group-A0F6E05DB6A3
2019-09-19 05:06:56,323 [pool-71-thread-1] INFO  impl.RaftServerImpl (RaftServerImpl.java:setRole(171)) - 24b07b36-37e0-4d88-8ad1-16f6e8f81276:group-A0F6E05DB6A3 changes role from null to FOLLOWER at term 0 for startAsFollower
2019-09-19 05:06:56,323 [pool-71-thread-1] INFO  impl.RoleInfo (RoleInfo.java:updateAndGet(143)) - 24b07b36-37e0-4d88-8ad1-16f6e8f81276: start FollowerState
2019-09-19 05:06:56,326 [pool-71-thread-1] INFO  util.JmxRegister (JmxRegister.java:tryRegister(44)) - Successfully registered JMX Bean with object name Ratis:service=RaftServer,group=group-A0F6E05DB6A3,id=24b07b36-37e0-4d88-8ad1-16f6e8f81276
2019-09-19 05:06:56,335 [main] INFO  ozone.MiniOzoneClusterImpl (MiniOzoneClusterImpl.java:lambda$waitForClusterToBeReady$0(145)) - Nodes are ready. Got 6 of 6 DN Heartbeats.
2019-09-19 05:06:56,337 [main] INFO  ozone.MiniOzoneClusterImpl (MiniOzoneClusterImpl.java:lambda$waitForClusterToBeReady$0(148)) - Waiting for cluster to exit safe mode
2019-09-19 05:06:56,343 | INFO  | SCMAudit | user=jenkins1000 | ip=192.168.34.50 | op=SEND_HEARTBEAT {datanodeUUID=58155aba-5fe9-410f-b407-41e443f3277a, command=[]} | ret=SUCCESS |  
2019-09-19 05:06:56,343 | INFO  | SCMAudit | user=jenkins1000 | ip=192.168.34.50 | op=SEND_HEARTBEAT {datanodeUUID=92793de3-5298-4528-b315-ef9b977911c6, command=[]} | ret=SUCCESS |  
2019-09-19 05:06:56,343 | INFO  | SCMAudit | user=jenkins1000 | ip=192.168.34.50 | op=SEND_HEARTBEAT {datanodeUUID=370a1c5b-8b1a-491a-a577-d02fa7ab369f, command=[]} | ret=SUCCESS |  
2019-09-19 05:06:56,353 [grpc-default-executor-2] INFO  impl.RaftServerProxy (RaftServerProxy.java:addNew(89)) - 58155aba-5fe9-410f-b407-41e443f3277a: addNew group-A3A394948300:[58155aba-5fe9-410f-b407-41e443f3277a:192.168.34.50:34594] returns group-A3A394948300:java.util.concurrent.CompletableFuture@12114066[Not completed]
2019-09-19 05:06:56,358 [pool-82-thread-1] INFO  impl.RaftServerImpl (RaftServerImpl.java:<init>(93)) - 58155aba-5fe9-410f-b407-41e443f3277a: new RaftServerImpl for group-A3A394948300:[58155aba-5fe9-410f-b407-41e443f3277a:192.168.34.50:34594] with ContainerStateMachine:uninitialized
2019-09-19 05:06:56,358 [pool-82-thread-1] INFO  server.RaftServerConfigKeys (ConfUtils.java:logGet(43)) - raft.server.rpc.timeout.min = 5s (custom)
2019-09-19 05:06:56,358 [pool-82-thread-1] INFO  server.RaftServerConfigKeys (ConfUtils.java:logGet(43)) - raft.server.rpc.timeout.max = 5200ms (custom)
2019-09-19 05:06:56,358 [pool-82-thread-1] INFO  server.RaftServerConfigKeys (ConfUtils.java:logGet(43)) - raft.server.rpcslowness.timeout = 10s (custom)
2019-09-19 05:06:56,359 [pool-82-thread-1] INFO  server.RaftServerConfigKeys (ConfUtils.java:logGet(43)) - raft.server.sleep.deviation.threshold = 300 (default)
2019-09-19 05:06:56,359 [pool-82-thread-1] INFO  server.RaftServerConfigKeys (ConfUtils.java:logGet(43)) - raft.server.log.appender.install.snapshot.enabled = false (custom)
2019-09-19 05:06:56,359 [pool-82-thread-1] INFO  impl.RaftServerImpl (ServerState.java:<init>(105)) - 58155aba-5fe9-410f-b407-41e443f3277a:group-A3A394948300 ConfigurationManager, init=-1: [58155aba-5fe9-410f-b407-41e443f3277a:192.168.34.50:34594], old=null, confs=<EMPTY_MAP>
2019-09-19 05:06:56,359 [pool-82-thread-1] INFO  server.RaftServerConfigKeys (ConfUtils.java:logGet(43)) - raft.server.storage.dir = [/workdir/hadoop-ozone/integration-test/target/test-dir/MiniOzoneClusterImpl-bbf495c9-350a-409e-a1d0-dfcf287214b2/datanode-5/data/ratis] (custom)
2019-09-19 05:06:56,360 [pool-82-thread-1] INFO  storage.RaftStorageDirectory (RaftStorageDirectory.java:analyzeStorage(246)) - The storage directory /workdir/hadoop-ozone/integration-test/target/test-dir/MiniOzoneClusterImpl-bbf495c9-350a-409e-a1d0-dfcf287214b2/datanode-5/data/ratis/77b1bc39-96f6-4cf5-ae5f-a3a394948300 does not exist. Creating ...
2019-09-19 05:06:56,413 [Command processor thread] INFO  commandhandler.CreatePipelineCommandHandler (CreatePipelineCommandHandler.java:handle(112)) - Create Pipeline RATIS ONE #PipelineID=9c17bf43-ca5b-4a72-a5ed-968ca31ad45a command succeed on datanode 92793de3-5298-4528-b315-ef9b977911c6.
2019-09-19 05:06:56,413 [Command processor thread] INFO  commandhandler.CreatePipelineCommandHandler (CreatePipelineCommandHandler.java:handle(112)) - Create Pipeline RATIS ONE #PipelineID=9c2fe18a-1144-42c4-baf5-6255958bc967 command succeed on datanode 370a1c5b-8b1a-491a-a577-d02fa7ab369f.
2019-09-19 05:06:56,413 [Command processor thread] INFO  commandhandler.CreatePipelineCommandHandler (CreatePipelineCommandHandler.java:handle(112)) - Create Pipeline RATIS ONE #PipelineID=8e2ad319-1366-48f1-9af4-3827e1f9a5be command succeed on datanode 50a45026-e3e5-4392-80b5-2fca55db6c54.
2019-09-19 05:06:56,413 [Command processor thread] INFO  commandhandler.CreatePipelineCommandHandler (CreatePipelineCommandHandler.java:handle(112)) - Create Pipeline RATIS ONE #PipelineID=6557cf0e-f4f6-4467-a30b-a0f6e05db6a3 command succeed on datanode 24b07b36-37e0-4d88-8ad1-16f6e8f81276.
2019-09-19 05:06:56,413 [Command processor thread] INFO  commandhandler.CreatePipelineCommandHandler (CreatePipelineCommandHandler.java:handle(112)) - Create Pipeline RATIS ONE #PipelineID=1eddb777-2308-49de-983b-10290650056a command succeed on datanode f7581b44-ec20-4a49-84dc-6482be220b8e.
2019-09-19 05:06:56,453 [grpc-default-executor-4] INFO  impl.RaftServerProxy (RaftServerProxy.java:addNew(89)) - 92793de3-5298-4528-b315-ef9b977911c6: addNew group-E8CFA356D009:[370a1c5b-8b1a-491a-a577-d02fa7ab369f:192.168.34.50:39242, f7581b44-ec20-4a49-84dc-6482be220b8e:192.168.34.50:34061, 92793de3-5298-4528-b315-ef9b977911c6:192.168.34.50:46839] returns group-E8CFA356D009:java.util.concurrent.CompletableFuture@11a663c3[Not completed]
2019-09-19 05:06:56,456 [grpc-default-executor-1] INFO  impl.RaftServerProxy (RaftServerProxy.java:addNew(89)) - 370a1c5b-8b1a-491a-a577-d02fa7ab369f: addNew group-E8CFA356D009:[370a1c5b-8b1a-491a-a577-d02fa7ab369f:192.168.34.50:39242, f7581b44-ec20-4a49-84dc-6482be220b8e:192.168.34.50:34061, 92793de3-5298-4528-b315-ef9b977911c6:192.168.34.50:46839] returns group-E8CFA356D009:java.util.concurrent.CompletableFuture@47d42fd3[Not completed]
2019-09-19 05:06:56,456 [grpc-default-executor-4] INFO  impl.RaftServerProxy (RaftServerProxy.java:addNew(89)) - 50a45026-e3e5-4392-80b5-2fca55db6c54: addNew group-98A93B21467F:[50a45026-e3e5-4392-80b5-2fca55db6c54:192.168.34.50:46775, 24b07b36-37e0-4d88-8ad1-16f6e8f81276:192.168.34.50:45448, 58155aba-5fe9-410f-b407-41e443f3277a:192.168.34.50:34594] returns group-98A93B21467F:java.util.concurrent.CompletableFuture@1599f52f[Not completed]
2019-09-19 05:06:56,458 [pool-38-thread-1] INFO  impl.RaftServerImpl (RaftServerImpl.java:<init>(93)) - 92793de3-5298-4528-b315-ef9b977911c6: new RaftServerImpl for group-E8CFA356D009:[370a1c5b-8b1a-491a-a577-d02fa7ab369f:192.168.34.50:39242, f7581b44-ec20-4a49-84dc-6482be220b8e:192.168.34.50:34061, 92793de3-5298-4528-b315-ef9b977911c6:192.168.34.50:46839] with ContainerStateMachine:uninitialized
2019-09-19 05:06:56,458 [pool-38-thread-1] INFO  server.RaftServerConfigKeys (ConfUtils.java:logGet(43)) - raft.server.rpc.timeout.min = 5s (custom)
2019-09-19 05:06:56,458 [pool-38-thread-1] INFO  server.RaftServerConfigKeys (ConfUtils.java:logGet(43)) - raft.server.rpc.timeout.max = 5200ms (custom)
2019-09-19 05:06:56,458 [pool-38-thread-1] INFO  server.RaftServerConfigKeys (ConfUtils.java:logGet(43)) - raft.server.rpcslowness.timeout = 10s (custom)
2019-09-19 05:06:56,458 [pool-38-thread-1] INFO  server.RaftServerConfigKeys (ConfUtils.java:logGet(43)) - raft.server.sleep.deviation.threshold = 300 (default)
2019-09-19 05:06:56,458 [grpc-default-executor-4] INFO  impl.RaftServerProxy (RaftServerProxy.java:addNew(89)) - f7581b44-ec20-4a49-84dc-6482be220b8e: addNew group-E8CFA356D009:[370a1c5b-8b1a-491a-a577-d02fa7ab369f:192.168.34.50:39242, f7581b44-ec20-4a49-84dc-6482be220b8e:192.168.34.50:34061, 92793de3-5298-4528-b315-ef9b977911c6:192.168.34.50:46839] returns group-E8CFA356D009:java.util.concurrent.CompletableFuture@431b86d2[Not completed]
2019-09-19 05:06:56,458 [pool-38-thread-1] INFO  server.RaftServerConfigKeys (ConfUtils.java:logGet(43)) - raft.server.log.appender.install.snapshot.enabled = false (custom)
2019-09-19 05:06:56,460 [grpc-default-executor-1] INFO  impl.RaftServerProxy (RaftServerProxy.java:addNew(89)) - 24b07b36-37e0-4d88-8ad1-16f6e8f81276: addNew group-98A93B21467F:[50a45026-e3e5-4392-80b5-2fca55db6c54:192.168.34.50:46775, 24b07b36-37e0-4d88-8ad1-16f6e8f81276:192.168.34.50:45448, 58155aba-5fe9-410f-b407-41e443f3277a:192.168.34.50:34594] returns group-98A93B21467F:java.util.concurrent.CompletableFuture@4f824d92[Not completed]
2019-09-19 05:06:56,460 [pool-38-thread-1] INFO  impl.RaftServerImpl (ServerState.java:<init>(105)) - 92793de3-5298-4528-b315-ef9b977911c6:group-E8CFA356D009 ConfigurationManager, init=-1: [370a1c5b-8b1a-491a-a577-d02fa7ab369f:192.168.34.50:39242, f7581b44-ec20-4a49-84dc-6482be220b8e:192.168.34.50:34061, 92793de3-5298-4528-b315-ef9b977911c6:192.168.34.50:46839], old=null, confs=<EMPTY_MAP>
2019-09-19 05:06:56,460 [pool-49-thread-1] INFO  impl.RaftServerImpl (RaftServerImpl.java:<init>(93)) - 370a1c5b-8b1a-491a-a577-d02fa7ab369f: new RaftServerImpl for group-E8CFA356D009:[370a1c5b-8b1a-491a-a577-d02fa7ab369f:192.168.34.50:39242, f7581b44-ec20-4a49-84dc-6482be220b8e:192.168.34.50:34061, 92793de3-5298-4528-b315-ef9b977911c6:192.168.34.50:46839] with ContainerStateMachine:uninitialized
2019-09-19 05:06:56,460 [pool-38-thread-1] INFO  server.RaftServerConfigKeys (ConfUtils.java:logGet(43)) - raft.server.storage.dir = [/workdir/hadoop-ozone/integration-test/target/test-dir/MiniOzoneClusterImpl-bbf495c9-350a-409e-a1d0-dfcf287214b2/datanode-1/data/ratis] (custom)
2019-09-19 05:06:56,460 [pool-49-thread-1] INFO  server.RaftServerConfigKeys (ConfUtils.java:logGet(43)) - raft.server.rpc.timeout.min = 5s (custom)
2019-09-19 05:06:56,461 [pool-49-thread-1] INFO  server.RaftServerConfigKeys (ConfUtils.java:logGet(43)) - raft.server.rpc.timeout.max = 5200ms (custom)
2019-09-19 05:06:56,461 [pool-49-thread-1] INFO  server.RaftServerConfigKeys (ConfUtils.java:logGet(43)) - raft.server.rpcslowness.timeout = 10s (custom)
2019-09-19 05:06:56,461 [pool-38-thread-1] INFO  storage.RaftStorageDirectory (RaftStorageDirectory.java:analyzeStorage(246)) - The storage directory /workdir/hadoop-ozone/integration-test/target/test-dir/MiniOzoneClusterImpl-bbf495c9-350a-409e-a1d0-dfcf287214b2/datanode-1/data/ratis/dd078534-9c00-4aea-bca3-e8cfa356d009 does not exist. Creating ...
2019-09-19 05:06:56,461 [pool-49-thread-1] INFO  server.RaftServerConfigKeys (ConfUtils.java:logGet(43)) - raft.server.sleep.deviation.threshold = 300 (default)
2019-09-19 05:06:56,461 [pool-27-thread-1] INFO  impl.RaftServerImpl (RaftServerImpl.java:<init>(93)) - f7581b44-ec20-4a49-84dc-6482be220b8e: new RaftServerImpl for group-E8CFA356D009:[370a1c5b-8b1a-491a-a577-d02fa7ab369f:192.168.34.50:39242, f7581b44-ec20-4a49-84dc-6482be220b8e:192.168.34.50:34061, 92793de3-5298-4528-b315-ef9b977911c6:192.168.34.50:46839] with ContainerStateMachine:uninitialized
2019-09-19 05:06:56,461 [pool-49-thread-1] INFO  server.RaftServerConfigKeys (ConfUtils.java:logGet(43)) - raft.server.log.appender.install.snapshot.enabled = false (custom)
2019-09-19 05:06:56,461 [pool-27-thread-1] INFO  server.RaftServerConfigKeys (ConfUtils.java:logGet(43)) - raft.server.rpc.timeout.min = 5s (custom)
2019-09-19 05:06:56,462 [pool-49-thread-1] INFO  impl.RaftServerImpl (ServerState.java:<init>(105)) - 370a1c5b-8b1a-491a-a577-d02fa7ab369f:group-E8CFA356D009 ConfigurationManager, init=-1: [370a1c5b-8b1a-491a-a577-d02fa7ab369f:192.168.34.50:39242, f7581b44-ec20-4a49-84dc-6482be220b8e:192.168.34.50:34061, 92793de3-5298-4528-b315-ef9b977911c6:192.168.34.50:46839], old=null, confs=<EMPTY_MAP>
2019-09-19 05:06:56,462 [pool-27-thread-1] INFO  server.RaftServerConfigKeys (ConfUtils.java:logGet(43)) - raft.server.rpc.timeout.max = 5200ms (custom)
2019-09-19 05:06:56,462 [pool-27-thread-1] INFO  server.RaftServerConfigKeys (ConfUtils.java:logGet(43)) - raft.server.rpcslowness.timeout = 10s (custom)
2019-09-19 05:06:56,462 [pool-49-thread-1] INFO  server.RaftServerConfigKeys (ConfUtils.java:logGet(43)) - raft.server.storage.dir = [/workdir/hadoop-ozone/integration-test/target/test-dir/MiniOzoneClusterImpl-bbf495c9-350a-409e-a1d0-dfcf287214b2/datanode-2/data/ratis] (custom)
2019-09-19 05:06:56,462 [pool-27-thread-1] INFO  server.RaftServerConfigKeys (ConfUtils.java:logGet(43)) - raft.server.sleep.deviation.threshold = 300 (default)
2019-09-19 05:06:56,462 [pool-27-thread-1] INFO  server.RaftServerConfigKeys (ConfUtils.java:logGet(43)) - raft.server.log.appender.install.snapshot.enabled = false (custom)
2019-09-19 05:06:56,462 [pool-60-thread-1] INFO  impl.RaftServerImpl (RaftServerImpl.java:<init>(93)) - 50a45026-e3e5-4392-80b5-2fca55db6c54: new RaftServerImpl for group-98A93B21467F:[50a45026-e3e5-4392-80b5-2fca55db6c54:192.168.34.50:46775, 24b07b36-37e0-4d88-8ad1-16f6e8f81276:192.168.34.50:45448, 58155aba-5fe9-410f-b407-41e443f3277a:192.168.34.50:34594] with ContainerStateMachine:uninitialized
2019-09-19 05:06:56,462 [pool-27-thread-1] INFO  impl.RaftServerImpl (ServerState.java:<init>(105)) - f7581b44-ec20-4a49-84dc-6482be220b8e:group-E8CFA356D009 ConfigurationManager, init=-1: [370a1c5b-8b1a-491a-a577-d02fa7ab369f:192.168.34.50:39242, f7581b44-ec20-4a49-84dc-6482be220b8e:192.168.34.50:34061, 92793de3-5298-4528-b315-ef9b977911c6:192.168.34.50:46839], old=null, confs=<EMPTY_MAP>
2019-09-19 05:06:56,462 [pool-49-thread-1] INFO  storage.RaftStorageDirectory (RaftStorageDirectory.java:analyzeStorage(246)) - The storage directory /workdir/hadoop-ozone/integration-test/target/test-dir/MiniOzoneClusterImpl-bbf495c9-350a-409e-a1d0-dfcf287214b2/datanode-2/data/ratis/dd078534-9c00-4aea-bca3-e8cfa356d009 does not exist. Creating ...
2019-09-19 05:06:56,463 [pool-27-thread-1] INFO  server.RaftServerConfigKeys (ConfUtils.java:logGet(43)) - raft.server.storage.dir = [/workdir/hadoop-ozone/integration-test/target/test-dir/MiniOzoneClusterImpl-bbf495c9-350a-409e-a1d0-dfcf287214b2/datanode-0/data/ratis] (custom)
2019-09-19 05:06:56,463 [pool-60-thread-1] INFO  server.RaftServerConfigKeys (ConfUtils.java:logGet(43)) - raft.server.rpc.timeout.min = 5s (custom)
2019-09-19 05:06:56,463 [pool-71-thread-1] INFO  impl.RaftServerImpl (RaftServerImpl.java:<init>(93)) - 24b07b36-37e0-4d88-8ad1-16f6e8f81276: new RaftServerImpl for group-98A93B21467F:[50a45026-e3e5-4392-80b5-2fca55db6c54:192.168.34.50:46775, 24b07b36-37e0-4d88-8ad1-16f6e8f81276:192.168.34.50:45448, 58155aba-5fe9-410f-b407-41e443f3277a:192.168.34.50:34594] with ContainerStateMachine:uninitialized
2019-09-19 05:06:56,463 [pool-60-thread-1] INFO  server.RaftServerConfigKeys (ConfUtils.java:logGet(43)) - raft.server.rpc.timeout.max = 5200ms (custom)
2019-09-19 05:06:56,463 [pool-27-thread-1] INFO  storage.RaftStorageDirectory (RaftStorageDirectory.java:analyzeStorage(246)) - The storage directory /workdir/hadoop-ozone/integration-test/target/test-dir/MiniOzoneClusterImpl-bbf495c9-350a-409e-a1d0-dfcf287214b2/datanode-0/data/ratis/dd078534-9c00-4aea-bca3-e8cfa356d009 does not exist. Creating ...
2019-09-19 05:06:56,464 [pool-60-thread-1] INFO  server.RaftServerConfigKeys (ConfUtils.java:logGet(43)) - raft.server.rpcslowness.timeout = 10s (custom)
2019-09-19 05:06:56,463 [pool-71-thread-1] INFO  server.RaftServerConfigKeys (ConfUtils.java:logGet(43)) - raft.server.rpc.timeout.min = 5s (custom)
2019-09-19 05:06:56,464 [pool-60-thread-1] INFO  server.RaftServerConfigKeys (ConfUtils.java:logGet(43)) - raft.server.sleep.deviation.threshold = 300 (default)
2019-09-19 05:06:56,464 [pool-71-thread-1] INFO  server.RaftServerConfigKeys (ConfUtils.java:logGet(43)) - raft.server.rpc.timeout.max = 5200ms (custom)
2019-09-19 05:06:56,464 [pool-60-thread-1] INFO  server.RaftServerConfigKeys (ConfUtils.java:logGet(43)) - raft.server.log.appender.install.snapshot.enabled = false (custom)
2019-09-19 05:06:56,464 [pool-71-thread-1] INFO  server.RaftServerConfigKeys (ConfUtils.java:logGet(43)) - raft.server.rpcslowness.timeout = 10s (custom)
2019-09-19 05:06:56,464 [pool-60-thread-1] INFO  impl.RaftServerImpl (ServerState.java:<init>(105)) - 50a45026-e3e5-4392-80b5-2fca55db6c54:group-98A93B21467F ConfigurationManager, init=-1: [50a45026-e3e5-4392-80b5-2fca55db6c54:192.168.34.50:46775, 24b07b36-37e0-4d88-8ad1-16f6e8f81276:192.168.34.50:45448, 58155aba-5fe9-410f-b407-41e443f3277a:192.168.34.50:34594], old=null, confs=<EMPTY_MAP>
2019-09-19 05:06:56,464 [pool-71-thread-1] INFO  server.RaftServerConfigKeys (ConfUtils.java:logGet(43)) - raft.server.sleep.deviation.threshold = 300 (default)
2019-09-19 05:06:56,465 [pool-71-thread-1] INFO  server.RaftServerConfigKeys (ConfUtils.java:logGet(43)) - raft.server.log.appender.install.snapshot.enabled = false (custom)
2019-09-19 05:06:56,465 [pool-60-thread-1] INFO  server.RaftServerConfigKeys (ConfUtils.java:logGet(43)) - raft.server.storage.dir = [/workdir/hadoop-ozone/integration-test/target/test-dir/MiniOzoneClusterImpl-bbf495c9-350a-409e-a1d0-dfcf287214b2/datanode-3/data/ratis] (custom)
2019-09-19 05:06:56,465 [pool-71-thread-1] INFO  impl.RaftServerImpl (ServerState.java:<init>(105)) - 24b07b36-37e0-4d88-8ad1-16f6e8f81276:group-98A93B21467F ConfigurationManager, init=-1: [50a45026-e3e5-4392-80b5-2fca55db6c54:192.168.34.50:46775, 24b07b36-37e0-4d88-8ad1-16f6e8f81276:192.168.34.50:45448, 58155aba-5fe9-410f-b407-41e443f3277a:192.168.34.50:34594], old=null, confs=<EMPTY_MAP>
2019-09-19 05:06:56,465 [pool-71-thread-1] INFO  server.RaftServerConfigKeys (ConfUtils.java:logGet(43)) - raft.server.storage.dir = [/workdir/hadoop-ozone/integration-test/target/test-dir/MiniOzoneClusterImpl-bbf495c9-350a-409e-a1d0-dfcf287214b2/datanode-4/data/ratis] (custom)
2019-09-19 05:06:56,465 [pool-60-thread-1] INFO  storage.RaftStorageDirectory (RaftStorageDirectory.java:analyzeStorage(246)) - The storage directory /workdir/hadoop-ozone/integration-test/target/test-dir/MiniOzoneClusterImpl-bbf495c9-350a-409e-a1d0-dfcf287214b2/datanode-3/data/ratis/8461308d-5fd6-4edb-bf8c-98a93b21467f does not exist. Creating ...
2019-09-19 05:06:56,466 [pool-71-thread-1] INFO  storage.RaftStorageDirectory (RaftStorageDirectory.java:analyzeStorage(246)) - The storage directory /workdir/hadoop-ozone/integration-test/target/test-dir/MiniOzoneClusterImpl-bbf495c9-350a-409e-a1d0-dfcf287214b2/datanode-4/data/ratis/8461308d-5fd6-4edb-bf8c-98a93b21467f does not exist. Creating ...
2019-09-19 05:06:56,629 | INFO  | SCMAudit | user=jenkins1000 | ip=192.168.34.50 | op=SEND_HEARTBEAT {datanodeUUID=50a45026-e3e5-4392-80b5-2fca55db6c54, command=[]} | ret=SUCCESS |  
2019-09-19 05:06:56,750 | INFO  | SCMAudit | user=jenkins1000 | ip=192.168.34.50 | op=SEND_HEARTBEAT {datanodeUUID=f7581b44-ec20-4a49-84dc-6482be220b8e, command=[]} | ret=SUCCESS |  
2019-09-19 05:06:56,922 | INFO  | SCMAudit | user=jenkins1000 | ip=192.168.34.50 | op=SEND_HEARTBEAT {datanodeUUID=24b07b36-37e0-4d88-8ad1-16f6e8f81276, command=[]} | ret=SUCCESS |  
2019-09-19 05:06:56,925 [EventQueue-CreatePipelineStatusForSCMPipelineManager] INFO  pipeline.SCMPipelineManager (SCMPipelineManager.java:onMessage(469)) - receive pipeline PipelineID=6557cf0e-f4f6-4467-a30b-a0f6e05db6a3 create status EXECUTED
2019-09-19 05:06:56,927 [EventQueue-CreatePipelineStatusForSCMPipelineManager] INFO  pipeline.PipelineStateManager (PipelineStateManager.java:openPipeline(134)) - Pipeline Pipeline[ Id: 6557cf0e-f4f6-4467-a30b-a0f6e05db6a3, Nodes: 24b07b36-37e0-4d88-8ad1-16f6e8f81276{ip: 192.168.34.50, host: pr-hdds-2034-srnhl-2452957315, networkLocation: /default-rack, certSerialId: null}, Type:RATIS, Factor:ONE, State:ALLOCATED] moved to OPEN state
add pipeline PipelineID=6557cf0e-f4f6-4467-a30b-a0f6e05db6a3 to metrics map
2019-09-19 05:06:56,929 [EventQueue-NewOpenPipelineForHealthyPipelineSafeModeRule] INFO  safemode.SCMSafeModeManager (HealthyPipelineSafeModeRule.java:process(120)) - SCM in safe mode. Healthy pipelines reported count is 1, required healthy pipeline reported count is 1
2019-09-19 05:06:56,929 [EventQueue-NewOpenPipelineForHealthyPipelineSafeModeRule] INFO  safemode.SCMSafeModeManager (SCMSafeModeManager.java:validateSafeModeExitRules(177)) - ScmSafeModeManager, all rules are successfully validated
2019-09-19 05:06:56,929 [EventQueue-NewOpenPipelineForHealthyPipelineSafeModeRule] INFO  safemode.SCMSafeModeManager (SCMSafeModeManager.java:exitSafeMode(193)) - SCM exiting safe mode.
2019-09-19 05:06:57,340 [main] INFO  ozone.MiniOzoneClusterImpl (MiniOzoneClusterImpl.java:lambda$waitForClusterToBeReady$0(145)) - Nodes are ready. Got 6 of 6 DN Heartbeats.
2019-09-19 05:06:57,342 | INFO  | SCMAudit | user=jenkins1000 | ip=192.168.34.50 | op=SEND_HEARTBEAT {datanodeUUID=370a1c5b-8b1a-491a-a577-d02fa7ab369f, command=[]} | ret=SUCCESS |  
2019-09-19 05:06:57,342 | INFO  | SCMAudit | user=jenkins1000 | ip=192.168.34.50 | op=SEND_HEARTBEAT {datanodeUUID=58155aba-5fe9-410f-b407-41e443f3277a, command=[]} | ret=SUCCESS |  
2019-09-19 05:06:57,342 [EventQueue-CreatePipelineStatusForSCMPipelineManager] INFO  pipeline.SCMPipelineManager (SCMPipelineManager.java:onMessage(469)) - receive pipeline PipelineID=9c2fe18a-1144-42c4-baf5-6255958bc967 create status EXECUTED
2019-09-19 05:06:57,342 [main] INFO  ozone.MiniOzoneClusterImpl (MiniOzoneClusterImpl.java:lambda$waitForClusterToBeReady$0(148)) - Cluster exits safe mode
2019-09-19 05:06:57,342 | INFO  | SCMAudit | user=jenkins1000 | ip=192.168.34.50 | op=SEND_HEARTBEAT {datanodeUUID=92793de3-5298-4528-b315-ef9b977911c6, command=[]} | ret=SUCCESS |  
2019-09-19 05:06:57,342 [EventQueue-CreatePipelineStatusForSCMPipelineManager] INFO  pipeline.PipelineStateManager (PipelineStateManager.java:openPipeline(134)) - Pipeline Pipeline[ Id: 9c2fe18a-1144-42c4-baf5-6255958bc967, Nodes: 370a1c5b-8b1a-491a-a577-d02fa7ab369f{ip: 192.168.34.50, host: pr-hdds-2034-srnhl-2452957315, networkLocation: /default-rack, certSerialId: null}, Type:RATIS, Factor:ONE, State:ALLOCATED] moved to OPEN state
add pipeline PipelineID=9c2fe18a-1144-42c4-baf5-6255958bc967 to metrics map
2019-09-19 05:06:57,342 [EventQueue-CreatePipelineStatusForSCMPipelineManager] INFO  pipeline.SCMPipelineManager (SCMPipelineManager.java:onMessage(469)) - receive pipeline PipelineID=9c17bf43-ca5b-4a72-a5ed-968ca31ad45a create status EXECUTED
2019-09-19 05:06:57,344 [EventQueue-CreatePipelineStatusForSCMPipelineManager] INFO  pipeline.PipelineStateManager (PipelineStateManager.java:openPipeline(134)) - Pipeline Pipeline[ Id: 9c17bf43-ca5b-4a72-a5ed-968ca31ad45a, Nodes: 92793de3-5298-4528-b315-ef9b977911c6{ip: 192.168.34.50, host: pr-hdds-2034-srnhl-2452957315, networkLocation: /default-rack, certSerialId: null}, Type:RATIS, Factor:ONE, State:ALLOCATED] moved to OPEN state
add pipeline PipelineID=9c17bf43-ca5b-4a72-a5ed-968ca31ad45a to metrics map
2019-09-19 05:06:57,345 [main] INFO  ozone.MiniOzoneClusterImpl (MiniOzoneClusterImpl.java:shutdown(327)) - Shutting down the Mini Ozone Cluster
2019-09-19 05:06:57,345 | INFO  | SCMAudit | user=null | ip=null | op=GET_SCM_INFO null | ret=SUCCESS |  
2019-09-19 05:06:57,345 [main] INFO  ozone.MiniOzoneClusterImpl (MiniOzoneClusterImpl.java:stop(342)) - Stopping the Mini Ozone Cluster
2019-09-19 05:06:57,346 [main] INFO  ozone.MiniOzoneClusterImpl (MiniOzoneClusterImpl.java:stop(344)) - Stopping the OzoneManager
2019-09-19 05:06:57,346 [main] INFO  ipc.Server (Server.java:stop(3082)) - Stopping server on 46204
2019-09-19 05:06:57,362 [IPC Server listener on 46204] INFO  ipc.Server (Server.java:run(1185)) - Stopping IPC Server listener on 46204
2019-09-19 05:06:57,369 [main] INFO  ratis.OzoneManagerDoubleBuffer (OzoneManagerDoubleBuffer.java:stop(248)) - Stopping OMDoubleBuffer flush thread
2019-09-19 05:06:57,370 [IPC Server Responder] INFO  ipc.Server (Server.java:run(1319)) - Stopping IPC Server Responder
2019-09-19 05:06:57,370 [OMDoubleBufferFlushThread] INFO  ratis.OzoneManagerDoubleBuffer (OzoneManagerDoubleBuffer.java:flushTransactions(191)) - OMDoubleBuffer flush thread OMDoubleBufferFlushThread is interrupted and will exit. OMDoubleBufferFlushThread
2019-09-19 05:06:57,372 [main] INFO  utils.BackgroundService (BackgroundService.java:shutdown(148)) - Shutting down service KeyDeletingService
2019-09-19 05:06:57,376 [main] INFO  handler.ContextHandler (ContextHandler.java:doStop(910)) - Stopped o.e.j.w.WebAppContext@29f0c4f2{/,null,UNAVAILABLE}{/ozoneManager}
2019-09-19 05:06:57,381 [main] INFO  server.AbstractConnector (AbstractConnector.java:doStop(318)) - Stopped ServerConnector@7435a578{HTTP/1.1,[http/1.1]}{0.0.0.0:0}
2019-09-19 05:06:57,382 [main] INFO  handler.ContextHandler (ContextHandler.java:doStop(910)) - Stopped o.e.j.s.ServletContextHandler@70abf9b0{/static,file:///workdir/hadoop-ozone/integration-test/target/test-classes/webapps/static,UNAVAILABLE}
2019-09-19 05:06:57,382 [main] INFO  handler.ContextHandler (ContextHandler.java:doStop(910)) - Stopped o.e.j.s.ServletContextHandler@61799544{/logs,file:///workdir/hadoop-ozone/integration-test/target/log,UNAVAILABLE}
2019-09-19 05:06:57,386 [main] INFO  ozone.MiniOzoneClusterImpl (MiniOzoneClusterImpl.java:stop(350)) - Shutting the HddsDatanodes
2019-09-19 05:06:57,387 [main] INFO  datanode.ObjectStoreHandler (ObjectStoreHandler.java:close(155)) - Closing ObjectStoreHandler.
2019-09-19 05:06:57,387 [ForkJoinPool.commonPool-worker-0] INFO  datanode.ObjectStoreHandler (ObjectStoreHandler.java:close(155)) - Closing ObjectStoreHandler.
2019-09-19 05:06:57,399 [main] INFO  ozone.HddsDatanodeService (HddsDatanodeService.java:stop(451)) - Stopped plug-in org.apache.hadoop.ozone.web.OzoneHddsDatanodeService@34c62fdf
2019-09-19 05:06:57,399 [ForkJoinPool.commonPool-worker-0] INFO  ozone.HddsDatanodeService (HddsDatanodeService.java:stop(451)) - Stopped plug-in org.apache.hadoop.ozone.web.OzoneHddsDatanodeService@47044f7d
2019-09-19 05:06:57,626 [Datanode State Machine Thread - 0] INFO  statemachine.DatanodeStateMachine (DatanodeStateMachine.java:lambda$startDaemon$0(356)) - Ozone container server started.
2019-09-19 05:06:57,746 [pool-38-thread-1] INFO  storage.RaftStorageDirectory (RaftStorageDirectory.java:tryLock(328)) - Lock on /workdir/hadoop-ozone/integration-test/target/test-dir/MiniOzoneClusterImpl-bbf495c9-350a-409e-a1d0-dfcf287214b2/datanode-1/data/ratis/dd078534-9c00-4aea-bca3-e8cfa356d009/in_use.lock acquired by nodename 12277@pr-hdds-2034-srnhl-2452957315
2019-09-19 05:06:57,746 [pool-82-thread-1] INFO  storage.RaftStorageDirectory (RaftStorageDirectory.java:tryLock(328)) - Lock on /workdir/hadoop-ozone/integration-test/target/test-dir/MiniOzoneClusterImpl-bbf495c9-350a-409e-a1d0-dfcf287214b2/datanode-5/data/ratis/77b1bc39-96f6-4cf5-ae5f-a3a394948300/in_use.lock acquired by nodename 12277@pr-hdds-2034-srnhl-2452957315
2019-09-19 05:06:57,746 [pool-27-thread-1] INFO  storage.RaftStorageDirectory (RaftStorageDirectory.java:tryLock(328)) - Lock on /workdir/hadoop-ozone/integration-test/target/test-dir/MiniOzoneClusterImpl-bbf495c9-350a-409e-a1d0-dfcf287214b2/datanode-0/data/ratis/dd078534-9c00-4aea-bca3-e8cfa356d009/in_use.lock acquired by nodename 12277@pr-hdds-2034-srnhl-2452957315
2019-09-19 05:06:57,746 [pool-49-thread-1] INFO  storage.RaftStorageDirectory (RaftStorageDirectory.java:tryLock(328)) - Lock on /workdir/hadoop-ozone/integration-test/target/test-dir/MiniOzoneClusterImpl-bbf495c9-350a-409e-a1d0-dfcf287214b2/datanode-2/data/ratis/dd078534-9c00-4aea-bca3-e8cfa356d009/in_use.lock acquired by nodename 12277@pr-hdds-2034-srnhl-2452957315
2019-09-19 05:06:57,746 [pool-60-thread-1] INFO  storage.RaftStorageDirectory (RaftStorageDirectory.java:tryLock(328)) - Lock on /workdir/hadoop-ozone/integration-test/target/test-dir/MiniOzoneClusterImpl-bbf495c9-350a-409e-a1d0-dfcf287214b2/datanode-3/data/ratis/8461308d-5fd6-4edb-bf8c-98a93b21467f/in_use.lock acquired by nodename 12277@pr-hdds-2034-srnhl-2452957315
2019-09-19 05:06:57,746 [pool-71-thread-1] INFO  storage.RaftStorageDirectory (RaftStorageDirectory.java:tryLock(328)) - Lock on /workdir/hadoop-ozone/integration-test/target/test-dir/MiniOzoneClusterImpl-bbf495c9-350a-409e-a1d0-dfcf287214b2/datanode-4/data/ratis/8461308d-5fd6-4edb-bf8c-98a93b21467f/in_use.lock acquired by nodename 12277@pr-hdds-2034-srnhl-2452957315
2019-09-19 05:06:57,751 | INFO  | SCMAudit | user=jenkins1000 | ip=192.168.34.50 | op=SEND_HEARTBEAT {datanodeUUID=f7581b44-ec20-4a49-84dc-6482be220b8e, command=[]} | ret=SUCCESS |  
2019-09-19 05:06:57,751 [EventQueue-CreatePipelineStatusForSCMPipelineManager] INFO  pipeline.SCMPipelineManager (SCMPipelineManager.java:onMessage(469)) - receive pipeline PipelineID=1eddb777-2308-49de-983b-10290650056a create status EXECUTED
2019-09-19 05:06:57,752 [EventQueue-CreatePipelineStatusForSCMPipelineManager] INFO  pipeline.PipelineStateManager (PipelineStateManager.java:openPipeline(134)) - Pipeline Pipeline[ Id: 1eddb777-2308-49de-983b-10290650056a, Nodes: f7581b44-ec20-4a49-84dc-6482be220b8e{ip: 192.168.34.50, host: pr-hdds-2034-srnhl-2452957315, networkLocation: /default-rack, certSerialId: null}, Type:RATIS, Factor:ONE, State:ALLOCATED] moved to OPEN state
add pipeline PipelineID=1eddb777-2308-49de-983b-10290650056a to metrics map
2019-09-19 05:06:57,911 | INFO  | SCMAudit | user=jenkins1000 | ip=192.168.34.50 | op=SEND_HEARTBEAT {datanodeUUID=24b07b36-37e0-4d88-8ad1-16f6e8f81276, command=[]} | ret=SUCCESS |  
2019-09-19 05:06:58,337 | INFO  | SCMAudit | user=jenkins1000 | ip=192.168.34.50 | op=SEND_HEARTBEAT {datanodeUUID=370a1c5b-8b1a-491a-a577-d02fa7ab369f, command=[]} | ret=SUCCESS |  
2019-09-19 05:06:58,338 [Datanode State Machine Thread - 0] INFO  statemachine.DatanodeStateMachine (DatanodeStateMachine.java:lambda$startDaemon$0(356)) - Ozone container server started.
2019-09-19 05:06:58,342 | INFO  | SCMAudit | user=jenkins1000 | ip=192.168.34.50 | op=SEND_HEARTBEAT {datanodeUUID=58155aba-5fe9-410f-b407-41e443f3277a, command=[]} | ret=SUCCESS |  
2019-09-19 05:06:58,752 | INFO  | SCMAudit | user=jenkins1000 | ip=192.168.34.50 | op=SEND_HEARTBEAT {datanodeUUID=f7581b44-ec20-4a49-84dc-6482be220b8e, command=[]} | ret=SUCCESS |  
2019-09-19 05:06:58,921 | INFO  | SCMAudit | user=jenkins1000 | ip=192.168.34.50 | op=SEND_HEARTBEAT {datanodeUUID=24b07b36-37e0-4d88-8ad1-16f6e8f81276, command=[]} | ret=SUCCESS |  
2019-09-19 05:06:59,337 | INFO  | SCMAudit | user=jenkins1000 | ip=192.168.34.50 | op=SEND_HEARTBEAT {datanodeUUID=370a1c5b-8b1a-491a-a577-d02fa7ab369f, command=[]} | ret=SUCCESS |  
2019-09-19 05:06:59,345 | INFO  | SCMAudit | user=jenkins1000 | ip=192.168.34.50 | op=SEND_HEARTBEAT {datanodeUUID=58155aba-5fe9-410f-b407-41e443f3277a, command=[]} | ret=SUCCESS |  
2019-09-19 05:06:59,350 [Command processor thread] ERROR commandhandler.CreatePipelineCommandHandler (CreatePipelineCommandHandler.java:createPipeline(212)) - Failed invoke Ratis rpc for 58155aba-5fe9-410f-b407-41e443f3277a
org.apache.ratis.protocol.TimeoutIOException: deadline exceeded after 2999623866ns
	at org.apache.ratis.grpc.GrpcUtil.tryUnwrapException(GrpcUtil.java:82)
	at org.apache.ratis.grpc.GrpcUtil.unwrapException(GrpcUtil.java:75)
	at org.apache.ratis.grpc.client.GrpcClientProtocolClient.blockingCall(GrpcClientProtocolClient.java:169)
	at org.apache.ratis.grpc.client.GrpcClientProtocolClient.groupAdd(GrpcClientProtocolClient.java:138)
	at org.apache.ratis.grpc.client.GrpcClientRpc.sendRequest(GrpcClientRpc.java:94)
	at org.apache.ratis.client.impl.RaftClientImpl.sendRequest(RaftClientImpl.java:279)
	at org.apache.ratis.client.impl.RaftClientImpl.groupAdd(RaftClientImpl.java:206)
	at org.apache.hadoop.ozone.container.common.statemachine.commandhandler.CreatePipelineCommandHandler.createPipeline(CreatePipelineCommandHandler.java:202)
	at org.apache.hadoop.ozone.container.common.statemachine.commandhandler.CreatePipelineCommandHandler.handle(CreatePipelineCommandHandler.java:110)
	at org.apache.hadoop.ozone.container.common.statemachine.commandhandler.CommandDispatcher.handle(CommandDispatcher.java:93)
	at org.apache.hadoop.ozone.container.common.statemachine.DatanodeStateMachine.lambda$initCommandHandlerThread$1(DatanodeStateMachine.java:438)
	at java.lang.Thread.run(Thread.java:748)
Caused by: org.apache.ratis.thirdparty.io.grpc.StatusRuntimeException: DEADLINE_EXCEEDED: deadline exceeded after 2999623866ns
	at org.apache.ratis.thirdparty.io.grpc.stub.ClientCalls.toStatusRuntimeException(ClientCalls.java:233)
	at org.apache.ratis.thirdparty.io.grpc.stub.ClientCalls.getUnchecked(ClientCalls.java:214)
	at org.apache.ratis.thirdparty.io.grpc.stub.ClientCalls.blockingUnaryCall(ClientCalls.java:139)
	at org.apache.ratis.proto.grpc.AdminProtocolServiceGrpc$AdminProtocolServiceBlockingStub.groupManagement(AdminProtocolServiceGrpc.java:274)
	at org.apache.ratis.grpc.client.GrpcClientProtocolClient.lambda$groupAdd$3(GrpcClientProtocolClient.java:140)
	at org.apache.ratis.grpc.client.GrpcClientProtocolClient.blockingCall(GrpcClientProtocolClient.java:167)
	... 9 more
2019-09-19 05:06:59,353 [Command processor thread] ERROR commandhandler.CreatePipelineCommandHandler (CreatePipelineCommandHandler.java:handle(118)) - Can't create pipeline RATIS ONE #PipelineID=77b1bc39-96f6-4cf5-ae5f-a3a394948300
java.io.IOException: Failed invoke Ratis rpc for 58155aba-5fe9-410f-b407-41e443f3277a
	at org.apache.hadoop.ozone.container.common.statemachine.commandhandler.CreatePipelineCommandHandler.createPipeline(CreatePipelineCommandHandler.java:213)
	at org.apache.hadoop.ozone.container.common.statemachine.commandhandler.CreatePipelineCommandHandler.handle(CreatePipelineCommandHandler.java:110)
	at org.apache.hadoop.ozone.container.common.statemachine.commandhandler.CommandDispatcher.handle(CommandDispatcher.java:93)
	at org.apache.hadoop.ozone.container.common.statemachine.DatanodeStateMachine.lambda$initCommandHandlerThread$1(DatanodeStateMachine.java:438)
	at java.lang.Thread.run(Thread.java:748)
Caused by: org.apache.ratis.protocol.TimeoutIOException: deadline exceeded after 2999623866ns
	at org.apache.ratis.grpc.GrpcUtil.tryUnwrapException(GrpcUtil.java:82)
	at org.apache.ratis.grpc.GrpcUtil.unwrapException(GrpcUtil.java:75)
	at org.apache.ratis.grpc.client.GrpcClientProtocolClient.blockingCall(GrpcClientProtocolClient.java:169)
	at org.apache.ratis.grpc.client.GrpcClientProtocolClient.groupAdd(GrpcClientProtocolClient.java:138)
	at org.apache.ratis.grpc.client.GrpcClientRpc.sendRequest(GrpcClientRpc.java:94)
	at org.apache.ratis.client.impl.RaftClientImpl.sendRequest(RaftClientImpl.java:279)
	at org.apache.ratis.client.impl.RaftClientImpl.groupAdd(RaftClientImpl.java:206)
	at org.apache.hadoop.ozone.container.common.statemachine.commandhandler.CreatePipelineCommandHandler.createPipeline(CreatePipelineCommandHandler.java:202)
	... 4 more
Caused by: org.apache.ratis.thirdparty.io.grpc.StatusRuntimeException: DEADLINE_EXCEEDED: deadline exceeded after 2999623866ns
	at org.apache.ratis.thirdparty.io.grpc.stub.ClientCalls.toStatusRuntimeException(ClientCalls.java:233)
	at org.apache.ratis.thirdparty.io.grpc.stub.ClientCalls.getUnchecked(ClientCalls.java:214)
	at org.apache.ratis.thirdparty.io.grpc.stub.ClientCalls.blockingUnaryCall(ClientCalls.java:139)
	at org.apache.ratis.proto.grpc.AdminProtocolServiceGrpc$AdminProtocolServiceBlockingStub.groupManagement(AdminProtocolServiceGrpc.java:274)
	at org.apache.ratis.grpc.client.GrpcClientProtocolClient.lambda$groupAdd$3(GrpcClientProtocolClient.java:140)
	at org.apache.ratis.grpc.client.GrpcClientProtocolClient.blockingCall(GrpcClientProtocolClient.java:167)
	... 9 more
2019-09-19 05:06:59,369 [grpc-default-executor-1] INFO  impl.RaftServerProxy (RaftServerProxy.java:addNew(89)) - 58155aba-5fe9-410f-b407-41e443f3277a: addNew group-98A93B21467F:[50a45026-e3e5-4392-80b5-2fca55db6c54:192.168.34.50:46775, 24b07b36-37e0-4d88-8ad1-16f6e8f81276:192.168.34.50:45448, 58155aba-5fe9-410f-b407-41e443f3277a:192.168.34.50:34594] returns group-98A93B21467F:java.util.concurrent.CompletableFuture@59ec8e22[Not completed]
2019-09-19 05:06:59,429 [Command processor thread] ERROR commandhandler.CreatePipelineCommandHandler (CreatePipelineCommandHandler.java:createPipeline(212)) - Failed invoke Ratis rpc for 92793de3-5298-4528-b315-ef9b977911c6
org.apache.ratis.protocol.TimeoutIOException: deadline exceeded after 2999811654ns
	at org.apache.ratis.grpc.GrpcUtil.tryUnwrapException(GrpcUtil.java:82)
	at org.apache.ratis.grpc.GrpcUtil.unwrapException(GrpcUtil.java:75)
	at org.apache.ratis.grpc.client.GrpcClientProtocolClient.blockingCall(GrpcClientProtocolClient.java:169)
	at org.apache.ratis.grpc.client.GrpcClientProtocolClient.groupAdd(GrpcClientProtocolClient.java:138)
	at org.apache.ratis.grpc.client.GrpcClientRpc.sendRequest(GrpcClientRpc.java:94)
	at org.apache.ratis.client.impl.RaftClientImpl.sendRequest(RaftClientImpl.java:279)
	at org.apache.ratis.client.impl.RaftClientImpl.groupAdd(RaftClientImpl.java:206)
	at org.apache.hadoop.ozone.container.common.statemachine.commandhandler.CreatePipelineCommandHandler.createPipeline(CreatePipelineCommandHandler.java:202)
	at org.apache.hadoop.ozone.container.common.statemachine.commandhandler.CreatePipelineCommandHandler.handle(CreatePipelineCommandHandler.java:110)
	at org.apache.hadoop.ozone.container.common.statemachine.commandhandler.CommandDispatcher.handle(CommandDispatcher.java:93)
	at org.apache.hadoop.ozone.container.common.statemachine.DatanodeStateMachine.lambda$initCommandHandlerThread$1(DatanodeStateMachine.java:438)
	at java.lang.Thread.run(Thread.java:748)
Caused by: org.apache.ratis.thirdparty.io.grpc.StatusRuntimeException: DEADLINE_EXCEEDED: deadline exceeded after 2999811654ns
	at org.apache.ratis.thirdparty.io.grpc.stub.ClientCalls.toStatusRuntimeException(ClientCalls.java:233)
	at org.apache.ratis.thirdparty.io.grpc.stub.ClientCalls.getUnchecked(ClientCalls.java:214)
	at org.apache.ratis.thirdparty.io.grpc.stub.ClientCalls.blockingUnaryCall(ClientCalls.java:139)
	at org.apache.ratis.proto.grpc.AdminProtocolServiceGrpc$AdminProtocolServiceBlockingStub.groupManagement(AdminProtocolServiceGrpc.java:274)
	at org.apache.ratis.grpc.client.GrpcClientProtocolClient.lambda$groupAdd$3(GrpcClientProtocolClient.java:140)
	at org.apache.ratis.grpc.client.GrpcClientProtocolClient.blockingCall(GrpcClientProtocolClient.java:167)
	... 9 more
2019-09-19 05:06:59,435 [Command processor thread] ERROR commandhandler.CreatePipelineCommandHandler (CreatePipelineCommandHandler.java:createPipeline(212)) - Failed invoke Ratis rpc for 370a1c5b-8b1a-491a-a577-d02fa7ab369f
org.apache.ratis.protocol.TimeoutIOException: deadline exceeded after 2998383273ns
	at org.apache.ratis.grpc.GrpcUtil.tryUnwrapException(GrpcUtil.java:82)
	at org.apache.ratis.grpc.GrpcUtil.unwrapException(GrpcUtil.java:75)
	at org.apache.ratis.grpc.client.GrpcClientProtocolClient.blockingCall(GrpcClientProtocolClient.java:169)
	at org.apache.ratis.grpc.client.GrpcClientProtocolClient.groupAdd(GrpcClientProtocolClient.java:138)
	at org.apache.ratis.grpc.client.GrpcClientRpc.sendRequest(GrpcClientRpc.java:94)
	at org.apache.ratis.client.impl.RaftClientImpl.sendRequest(RaftClientImpl.java:279)
	at org.apache.ratis.client.impl.RaftClientImpl.groupAdd(RaftClientImpl.java:206)
	at org.apache.hadoop.ozone.container.common.statemachine.commandhandler.CreatePipelineCommandHandler.createPipeline(CreatePipelineCommandHandler.java:202)
	at org.apache.hadoop.ozone.container.common.statemachine.commandhandler.CreatePipelineCommandHandler.handle(CreatePipelineCommandHandler.java:110)
	at org.apache.hadoop.ozone.container.common.statemachine.commandhandler.CommandDispatcher.handle(CommandDispatcher.java:93)
	at org.apache.hadoop.ozone.container.common.statemachine.DatanodeStateMachine.lambda$initCommandHandlerThread$1(DatanodeStateMachine.java:438)
	at java.lang.Thread.run(Thread.java:748)
Caused by: org.apache.ratis.thirdparty.io.grpc.StatusRuntimeException: DEADLINE_EXCEEDED: deadline exceeded after 2998383273ns
	at org.apache.ratis.thirdparty.io.grpc.stub.ClientCalls.toStatusRuntimeException(ClientCalls.java:233)
	at org.apache.ratis.thirdparty.io.grpc.stub.ClientCalls.getUnchecked(ClientCalls.java:214)
	at org.apache.ratis.thirdparty.io.grpc.stub.ClientCalls.blockingUnaryCall(ClientCalls.java:139)
	at org.apache.ratis.proto.grpc.AdminProtocolServiceGrpc$AdminProtocolServiceBlockingStub.groupManagement(AdminProtocolServiceGrpc.java:274)
	at org.apache.ratis.grpc.client.GrpcClientProtocolClient.lambda$groupAdd$3(GrpcClientProtocolClient.java:140)
	at org.apache.ratis.grpc.client.GrpcClientProtocolClient.blockingCall(GrpcClientProtocolClient.java:167)
	... 9 more
2019-09-19 05:06:59,431 [Command processor thread] ERROR commandhandler.CreatePipelineCommandHandler (CreatePipelineCommandHandler.java:createPipeline(212)) - Failed invoke Ratis rpc for f7581b44-ec20-4a49-84dc-6482be220b8e
org.apache.ratis.protocol.TimeoutIOException: deadline exceeded after 2999821461ns
	at org.apache.ratis.grpc.GrpcUtil.tryUnwrapException(GrpcUtil.java:82)
	at org.apache.ratis.grpc.GrpcUtil.unwrapException(GrpcUtil.java:75)
	at org.apache.ratis.grpc.client.GrpcClientProtocolClient.blockingCall(GrpcClientProtocolClient.java:169)
	at org.apache.ratis.grpc.client.GrpcClientProtocolClient.groupAdd(GrpcClientProtocolClient.java:138)
	at org.apache.ratis.grpc.client.GrpcClientRpc.sendRequest(GrpcClientRpc.java:94)
	at org.apache.ratis.client.impl.RaftClientImpl.sendRequest(RaftClientImpl.java:279)
	at org.apache.ratis.client.impl.RaftClientImpl.groupAdd(RaftClientImpl.java:206)
	at org.apache.hadoop.ozone.container.common.statemachine.commandhandler.CreatePipelineCommandHandler.createPipeline(CreatePipelineCommandHandler.java:202)
	at org.apache.hadoop.ozone.container.common.statemachine.commandhandler.CreatePipelineCommandHandler.handle(CreatePipelineCommandHandler.java:110)
	at org.apache.hadoop.ozone.container.common.statemachine.commandhandler.CommandDispatcher.handle(CommandDispatcher.java:93)
	at org.apache.hadoop.ozone.container.common.statemachine.DatanodeStateMachine.lambda$initCommandHandlerThread$1(DatanodeStateMachine.java:438)
	at java.lang.Thread.run(Thread.java:748)
Caused by: org.apache.ratis.thirdparty.io.grpc.StatusRuntimeException: DEADLINE_EXCEEDED: deadline exceeded after 2999821461ns
	at org.apache.ratis.thirdparty.io.grpc.stub.ClientCalls.toStatusRuntimeException(ClientCalls.java:233)
	at org.apache.ratis.thirdparty.io.grpc.stub.ClientCalls.getUnchecked(ClientCalls.java:214)
	at org.apache.ratis.thirdparty.io.grpc.stub.ClientCalls.blockingUnaryCall(ClientCalls.java:139)
	at org.apache.ratis.proto.grpc.AdminProtocolServiceGrpc$AdminProtocolServiceBlockingStub.groupManagement(AdminProtocolServiceGrpc.java:274)
	at org.apache.ratis.grpc.client.GrpcClientProtocolClient.lambda$groupAdd$3(GrpcClientProtocolClient.java:140)
	at org.apache.ratis.grpc.client.GrpcClientProtocolClient.blockingCall(GrpcClientProtocolClient.java:167)
	... 9 more
2019-09-19 05:06:59,448 [Command processor thread] ERROR commandhandler.CreatePipelineCommandHandler (CreatePipelineCommandHandler.java:createPipeline(212)) - Failed invoke Ratis rpc for 24b07b36-37e0-4d88-8ad1-16f6e8f81276
org.apache.ratis.protocol.TimeoutIOException: deadline exceeded after 2999781255ns
	at org.apache.ratis.grpc.GrpcUtil.tryUnwrapException(GrpcUtil.java:82)
	at org.apache.ratis.grpc.GrpcUtil.unwrapException(GrpcUtil.java:75)
	at org.apache.ratis.grpc.client.GrpcClientProtocolClient.blockingCall(GrpcClientProtocolClient.java:169)
	at org.apache.ratis.grpc.client.GrpcClientProtocolClient.groupAdd(GrpcClientProtocolClient.java:138)
	at org.apache.ratis.grpc.client.GrpcClientRpc.sendRequest(GrpcClientRpc.java:94)
	at org.apache.ratis.client.impl.RaftClientImpl.sendRequest(RaftClientImpl.java:279)
	at org.apache.ratis.client.impl.RaftClientImpl.groupAdd(RaftClientImpl.java:206)
	at org.apache.hadoop.ozone.container.common.statemachine.commandhandler.CreatePipelineCommandHandler.createPipeline(CreatePipelineCommandHandler.java:202)
	at org.apache.hadoop.ozone.container.common.statemachine.commandhandler.CreatePipelineCommandHandler.handle(CreatePipelineCommandHandler.java:110)
	at org.apache.hadoop.ozone.container.common.statemachine.commandhandler.CommandDispatcher.handle(CommandDispatcher.java:93)
	at org.apache.hadoop.ozone.container.common.statemachine.DatanodeStateMachine.lambda$initCommandHandlerThread$1(DatanodeStateMachine.java:438)
	at java.lang.Thread.run(Thread.java:748)
Caused by: org.apache.ratis.thirdparty.io.grpc.StatusRuntimeException: DEADLINE_EXCEEDED: deadline exceeded after 2999781255ns
	at org.apache.ratis.thirdparty.io.grpc.stub.ClientCalls.toStatusRuntimeException(ClientCalls.java:233)
	at org.apache.ratis.thirdparty.io.grpc.stub.ClientCalls.getUnchecked(ClientCalls.java:214)
	at org.apache.ratis.thirdparty.io.grpc.stub.ClientCalls.blockingUnaryCall(ClientCalls.java:139)
	at org.apache.ratis.proto.grpc.AdminProtocolServiceGrpc$AdminProtocolServiceBlockingStub.groupManagement(AdminProtocolServiceGrpc.java:274)
	at org.apache.ratis.grpc.client.GrpcClientProtocolClient.lambda$groupAdd$3(GrpcClientProtocolClient.java:140)
	at org.apache.ratis.grpc.client.GrpcClientProtocolClient.blockingCall(GrpcClientProtocolClient.java:167)
	... 9 more
2019-09-19 05:06:59,447 [Command processor thread] ERROR commandhandler.CreatePipelineCommandHandler (CreatePipelineCommandHandler.java:createPipeline(212)) - Failed invoke Ratis rpc for 50a45026-e3e5-4392-80b5-2fca55db6c54
org.apache.ratis.protocol.TimeoutIOException: deadline exceeded after 2998436271ns
	at org.apache.ratis.grpc.GrpcUtil.tryUnwrapException(GrpcUtil.java:82)
	at org.apache.ratis.grpc.GrpcUtil.unwrapException(GrpcUtil.java:75)
	at org.apache.ratis.grpc.client.GrpcClientProtocolClient.blockingCall(GrpcClientProtocolClient.java:169)
	at org.apache.ratis.grpc.client.GrpcClientProtocolClient.groupAdd(GrpcClientProtocolClient.java:138)
	at org.apache.ratis.grpc.client.GrpcClientRpc.sendRequest(GrpcClientRpc.java:94)
	at org.apache.ratis.client.impl.RaftClientImpl.sendRequest(RaftClientImpl.java:279)
	at org.apache.ratis.client.impl.RaftClientImpl.groupAdd(RaftClientImpl.java:206)
	at org.apache.hadoop.ozone.container.common.statemachine.commandhandler.CreatePipelineCommandHandler.createPipeline(CreatePipelineCommandHandler.java:202)
	at org.apache.hadoop.ozone.container.common.statemachine.commandhandler.CreatePipelineCommandHandler.handle(CreatePipelineCommandHandler.java:110)
	at org.apache.hadoop.ozone.container.common.statemachine.commandhandler.CommandDispatcher.handle(CommandDispatcher.java:93)
	at org.apache.hadoop.ozone.container.common.statemachine.DatanodeStateMachine.lambda$initCommandHandlerThread$1(DatanodeStateMachine.java:438)
	at java.lang.Thread.run(Thread.java:748)
Caused by: org.apache.ratis.thirdparty.io.grpc.StatusRuntimeException: DEADLINE_EXCEEDED: deadline exceeded after 2998436271ns
	at org.apache.ratis.thirdparty.io.grpc.stub.ClientCalls.toStatusRuntimeException(ClientCalls.java:233)
	at org.apache.ratis.thirdparty.io.grpc.stub.ClientCalls.getUnchecked(ClientCalls.java:214)
	at org.apache.ratis.thirdparty.io.grpc.stub.ClientCalls.blockingUnaryCall(ClientCalls.java:139)
	at org.apache.ratis.proto.grpc.AdminProtocolServiceGrpc$AdminProtocolServiceBlockingStub.groupManagement(AdminProtocolServiceGrpc.java:274)
	at org.apache.ratis.grpc.client.GrpcClientProtocolClient.lambda$groupAdd$3(GrpcClientProtocolClient.java:140)
	at org.apache.ratis.grpc.client.GrpcClientProtocolClient.blockingCall(GrpcClientProtocolClient.java:167)
	... 9 more
2019-09-19 05:06:59,445 [Command processor thread] ERROR commandhandler.CreatePipelineCommandHandler (CreatePipelineCommandHandler.java:handle(118)) - Can't create pipeline RATIS THREE #PipelineID=dd078534-9c00-4aea-bca3-e8cfa356d009
java.io.IOException: Failed invoke Ratis rpc for 370a1c5b-8b1a-491a-a577-d02fa7ab369f
	at org.apache.hadoop.ozone.container.common.statemachine.commandhandler.CreatePipelineCommandHandler.createPipeline(CreatePipelineCommandHandler.java:213)
	at org.apache.hadoop.ozone.container.common.statemachine.commandhandler.CreatePipelineCommandHandler.handle(CreatePipelineCommandHandler.java:110)
	at org.apache.hadoop.ozone.container.common.statemachine.commandhandler.CommandDispatcher.handle(CommandDispatcher.java:93)
	at org.apache.hadoop.ozone.container.common.statemachine.DatanodeStateMachine.lambda$initCommandHandlerThread$1(DatanodeStateMachine.java:438)
	at java.lang.Thread.run(Thread.java:748)
Caused by: org.apache.ratis.protocol.TimeoutIOException: deadline exceeded after 2998383273ns
	at org.apache.ratis.grpc.GrpcUtil.tryUnwrapException(GrpcUtil.java:82)
	at org.apache.ratis.grpc.GrpcUtil.unwrapException(GrpcUtil.java:75)
	at org.apache.ratis.grpc.client.GrpcClientProtocolClient.blockingCall(GrpcClientProtocolClient.java:169)
	at org.apache.ratis.grpc.client.GrpcClientProtocolClient.groupAdd(GrpcClientProtocolClient.java:138)
	at org.apache.ratis.grpc.client.GrpcClientRpc.sendRequest(GrpcClientRpc.java:94)
	at org.apache.ratis.client.impl.RaftClientImpl.sendRequest(RaftClientImpl.java:279)
	at org.apache.ratis.client.impl.RaftClientImpl.groupAdd(RaftClientImpl.java:206)
	at org.apache.hadoop.ozone.container.common.statemachine.commandhandler.CreatePipelineCommandHandler.createPipeline(CreatePipelineCommandHandler.java:202)
	... 4 more
Caused by: org.apache.ratis.thirdparty.io.grpc.StatusRuntimeException: DEADLINE_EXCEEDED: deadline exceeded after 2998383273ns
	at org.apache.ratis.thirdparty.io.grpc.stub.ClientCalls.toStatusRuntimeException(ClientCalls.java:233)
	at org.apache.ratis.thirdparty.io.grpc.stub.ClientCalls.getUnchecked(ClientCalls.java:214)
	at org.apache.ratis.thirdparty.io.grpc.stub.ClientCalls.blockingUnaryCall(ClientCalls.java:139)
	at org.apache.ratis.proto.grpc.AdminProtocolServiceGrpc$AdminProtocolServiceBlockingStub.groupManagement(AdminProtocolServiceGrpc.java:274)
	at org.apache.ratis.grpc.client.GrpcClientProtocolClient.lambda$groupAdd$3(GrpcClientProtocolClient.java:140)
	at org.apache.ratis.grpc.client.GrpcClientProtocolClient.blockingCall(GrpcClientProtocolClient.java:167)
	... 9 more
2019-09-19 05:06:59,442 [Command processor thread] ERROR commandhandler.CreatePipelineCommandHandler (CreatePipelineCommandHandler.java:handle(118)) - Can't create pipeline RATIS THREE #PipelineID=dd078534-9c00-4aea-bca3-e8cfa356d009
java.io.IOException: Failed invoke Ratis rpc for 92793de3-5298-4528-b315-ef9b977911c6
	at org.apache.hadoop.ozone.container.common.statemachine.commandhandler.CreatePipelineCommandHandler.createPipeline(CreatePipelineCommandHandler.java:213)
	at org.apache.hadoop.ozone.container.common.statemachine.commandhandler.CreatePipelineCommandHandler.handle(CreatePipelineCommandHandler.java:110)
	at org.apache.hadoop.ozone.container.common.statemachine.commandhandler.CommandDispatcher.handle(CommandDispatcher.java:93)
	at org.apache.hadoop.ozone.container.common.statemachine.DatanodeStateMachine.lambda$initCommandHandlerThread$1(DatanodeStateMachine.java:438)
	at java.lang.Thread.run(Thread.java:748)
Caused by: org.apache.ratis.protocol.TimeoutIOException: deadline exceeded after 2999811654ns
	at org.apache.ratis.grpc.GrpcUtil.tryUnwrapException(GrpcUtil.java:82)
	at org.apache.ratis.grpc.GrpcUtil.unwrapException(GrpcUtil.java:75)
	at org.apache.ratis.grpc.client.GrpcClientProtocolClient.blockingCall(GrpcClientProtocolClient.java:169)
	at org.apache.ratis.grpc.client.GrpcClientProtocolClient.groupAdd(GrpcClientProtocolClient.java:138)
	at org.apache.ratis.grpc.client.GrpcClientRpc.sendRequest(GrpcClientRpc.java:94)
	at org.apache.ratis.client.impl.RaftClientImpl.sendRequest(RaftClientImpl.java:279)
	at org.apache.ratis.client.impl.RaftClientImpl.groupAdd(RaftClientImpl.java:206)
	at org.apache.hadoop.ozone.container.common.statemachine.commandhandler.CreatePipelineCommandHandler.createPipeline(CreatePipelineCommandHandler.java:202)
	... 4 more
Caused by: org.apache.ratis.thirdparty.io.grpc.StatusRuntimeException: DEADLINE_EXCEEDED: deadline exceeded after 2999811654ns
	at org.apache.ratis.thirdparty.io.grpc.stub.ClientCalls.toStatusRuntimeException(ClientCalls.java:233)
	at org.apache.ratis.thirdparty.io.grpc.stub.ClientCalls.getUnchecked(ClientCalls.java:214)
	at org.apache.ratis.thirdparty.io.grpc.stub.ClientCalls.blockingUnaryCall(ClientCalls.java:139)
	at org.apache.ratis.proto.grpc.AdminProtocolServiceGrpc$AdminProtocolServiceBlockingStub.groupManagement(AdminProtocolServiceGrpc.java:274)
	at org.apache.ratis.grpc.client.GrpcClientProtocolClient.lambda$groupAdd$3(GrpcClientProtocolClient.java:140)
	at org.apache.ratis.grpc.client.GrpcClientProtocolClient.blockingCall(GrpcClientProtocolClient.java:167)
	... 9 more
2019-09-19 05:06:59,452 [Command processor thread] ERROR commandhandler.CreatePipelineCommandHandler (CreatePipelineCommandHandler.java:handle(118)) - Can't create pipeline RATIS THREE #PipelineID=8461308d-5fd6-4edb-bf8c-98a93b21467f
java.io.IOException: Failed invoke Ratis rpc for 50a45026-e3e5-4392-80b5-2fca55db6c54
	at org.apache.hadoop.ozone.container.common.statemachine.commandhandler.CreatePipelineCommandHandler.createPipeline(CreatePipelineCommandHandler.java:213)
	at org.apache.hadoop.ozone.container.common.statemachine.commandhandler.CreatePipelineCommandHandler.handle(CreatePipelineCommandHandler.java:110)
	at org.apache.hadoop.ozone.container.common.statemachine.commandhandler.CommandDispatcher.handle(CommandDispatcher.java:93)
	at org.apache.hadoop.ozone.container.common.statemachine.DatanodeStateMachine.lambda$initCommandHandlerThread$1(DatanodeStateMachine.java:438)
	at java.lang.Thread.run(Thread.java:748)
Caused by: org.apache.ratis.protocol.TimeoutIOException: deadline exceeded after 2998436271ns
	at org.apache.ratis.grpc.GrpcUtil.tryUnwrapException(GrpcUtil.java:82)
	at org.apache.ratis.grpc.GrpcUtil.unwrapException(GrpcUtil.java:75)
	at org.apache.ratis.grpc.client.GrpcClientProtocolClient.blockingCall(GrpcClientProtocolClient.java:169)
	at org.apache.ratis.grpc.client.GrpcClientProtocolClient.groupAdd(GrpcClientProtocolClient.java:138)
	at org.apache.ratis.grpc.client.GrpcClientRpc.sendRequest(GrpcClientRpc.java:94)
	at org.apache.ratis.client.impl.RaftClientImpl.sendRequest(RaftClientImpl.java:279)
	at org.apache.ratis.client.impl.RaftClientImpl.groupAdd(RaftClientImpl.java:206)
	at org.apache.hadoop.ozone.container.common.statemachine.commandhandler.CreatePipelineCommandHandler.createPipeline(CreatePipelineCommandHandler.java:202)
	... 4 more
Caused by: org.apache.ratis.thirdparty.io.grpc.StatusRuntimeException: DEADLINE_EXCEEDED: deadline exceeded after 2998436271ns
	at org.apache.ratis.thirdparty.io.grpc.stub.ClientCalls.toStatusRuntimeException(ClientCalls.java:233)
	at org.apache.ratis.thirdparty.io.grpc.stub.ClientCalls.getUnchecked(ClientCalls.java:214)
	at org.apache.ratis.thirdparty.io.grpc.stub.ClientCalls.blockingUnaryCall(ClientCalls.java:139)
	at org.apache.ratis.proto.grpc.AdminProtocolServiceGrpc$AdminProtocolServiceBlockingStub.groupManagement(AdminProtocolServiceGrpc.java:274)
	at org.apache.ratis.grpc.client.GrpcClientProtocolClient.lambda$groupAdd$3(GrpcClientProtocolClient.java:140)
	at org.apache.ratis.grpc.client.GrpcClientProtocolClient.blockingCall(GrpcClientProtocolClient.java:167)
	... 9 more
2019-09-19 05:06:59,451 [Command processor thread] ERROR commandhandler.CreatePipelineCommandHandler (CreatePipelineCommandHandler.java:handle(118)) - Can't create pipeline RATIS THREE #PipelineID=8461308d-5fd6-4edb-bf8c-98a93b21467f
java.io.IOException: Failed invoke Ratis rpc for 24b07b36-37e0-4d88-8ad1-16f6e8f81276
	at org.apache.hadoop.ozone.container.common.statemachine.commandhandler.CreatePipelineCommandHandler.createPipeline(CreatePipelineCommandHandler.java:213)
	at org.apache.hadoop.ozone.container.common.statemachine.commandhandler.CreatePipelineCommandHandler.handle(CreatePipelineCommandHandler.java:110)
	at org.apache.hadoop.ozone.container.common.statemachine.commandhandler.CommandDispatcher.handle(CommandDispatcher.java:93)
	at org.apache.hadoop.ozone.container.common.statemachine.DatanodeStateMachine.lambda$initCommandHandlerThread$1(DatanodeStateMachine.java:438)
	at java.lang.Thread.run(Thread.java:748)
Caused by: org.apache.ratis.protocol.TimeoutIOException: deadline exceeded after 2999781255ns
	at org.apache.ratis.grpc.GrpcUtil.tryUnwrapException(GrpcUtil.java:82)
	at org.apache.ratis.grpc.GrpcUtil.unwrapException(GrpcUtil.java:75)
	at org.apache.ratis.grpc.client.GrpcClientProtocolClient.blockingCall(GrpcClientProtocolClient.java:169)
	at org.apache.ratis.grpc.client.GrpcClientProtocolClient.groupAdd(GrpcClientProtocolClient.java:138)
	at org.apache.ratis.grpc.client.GrpcClientRpc.sendRequest(GrpcClientRpc.java:94)
	at org.apache.ratis.client.impl.RaftClientImpl.sendRequest(RaftClientImpl.java:279)
	at org.apache.ratis.client.impl.RaftClientImpl.groupAdd(RaftClientImpl.java:206)
	at org.apache.hadoop.ozone.container.common.statemachine.commandhandler.CreatePipelineCommandHandler.createPipeline(CreatePipelineCommandHandler.java:202)
	... 4 more
Caused by: org.apache.ratis.thirdparty.io.grpc.StatusRuntimeException: DEADLINE_EXCEEDED: deadline exceeded after 2999781255ns
	at org.apache.ratis.thirdparty.io.grpc.stub.ClientCalls.toStatusRuntimeException(ClientCalls.java:233)
	at org.apache.ratis.thirdparty.io.grpc.stub.ClientCalls.getUnchecked(ClientCalls.java:214)
	at org.apache.ratis.thirdparty.io.grpc.stub.ClientCalls.blockingUnaryCall(ClientCalls.java:139)
	at org.apache.ratis.proto.grpc.AdminProtocolServiceGrpc$AdminProtocolServiceBlockingStub.groupManagement(AdminProtocolServiceGrpc.java:274)
	at org.apache.ratis.grpc.client.GrpcClientProtocolClient.lambda$groupAdd$3(GrpcClientProtocolClient.java:140)
	at org.apache.ratis.grpc.client.GrpcClientProtocolClient.blockingCall(GrpcClientProtocolClient.java:167)
	... 9 more
2019-09-19 05:06:59,448 [Command processor thread] ERROR commandhandler.CreatePipelineCommandHandler (CreatePipelineCommandHandler.java:handle(118)) - Can't create pipeline RATIS THREE #PipelineID=dd078534-9c00-4aea-bca3-e8cfa356d009
java.io.IOException: Failed invoke Ratis rpc for f7581b44-ec20-4a49-84dc-6482be220b8e
	at org.apache.hadoop.ozone.container.common.statemachine.commandhandler.CreatePipelineCommandHandler.createPipeline(CreatePipelineCommandHandler.java:213)
	at org.apache.hadoop.ozone.container.common.statemachine.commandhandler.CreatePipelineCommandHandler.handle(CreatePipelineCommandHandler.java:110)
	at org.apache.hadoop.ozone.container.common.statemachine.commandhandler.CommandDispatcher.handle(CommandDispatcher.java:93)
	at org.apache.hadoop.ozone.container.common.statemachine.DatanodeStateMachine.lambda$initCommandHandlerThread$1(DatanodeStateMachine.java:438)
	at java.lang.Thread.run(Thread.java:748)
Caused by: org.apache.ratis.protocol.TimeoutIOException: deadline exceeded after 2999821461ns
	at org.apache.ratis.grpc.GrpcUtil.tryUnwrapException(GrpcUtil.java:82)
	at org.apache.ratis.grpc.GrpcUtil.unwrapException(GrpcUtil.java:75)
	at org.apache.ratis.grpc.client.GrpcClientProtocolClient.blockingCall(GrpcClientProtocolClient.java:169)
	at org.apache.ratis.grpc.client.GrpcClientProtocolClient.groupAdd(GrpcClientProtocolClient.java:138)
	at org.apache.ratis.grpc.client.GrpcClientRpc.sendRequest(GrpcClientRpc.java:94)
	at org.apache.ratis.client.impl.RaftClientImpl.sendRequest(RaftClientImpl.java:279)
	at org.apache.ratis.client.impl.RaftClientImpl.groupAdd(RaftClientImpl.java:206)
	at org.apache.hadoop.ozone.container.common.statemachine.commandhandler.CreatePipelineCommandHandler.createPipeline(CreatePipelineCommandHandler.java:202)
	... 4 more
Caused by: org.apache.ratis.thirdparty.io.grpc.StatusRuntimeException: DEADLINE_EXCEEDED: deadline exceeded after 2999821461ns
	at org.apache.ratis.thirdparty.io.grpc.stub.ClientCalls.toStatusRuntimeException(ClientCalls.java:233)
	at org.apache.ratis.thirdparty.io.grpc.stub.ClientCalls.getUnchecked(ClientCalls.java:214)
	at org.apache.ratis.thirdparty.io.grpc.stub.ClientCalls.blockingUnaryCall(ClientCalls.java:139)
	at org.apache.ratis.proto.grpc.AdminProtocolServiceGrpc$AdminProtocolServiceBlockingStub.groupManagement(AdminProtocolServiceGrpc.java:274)
	at org.apache.ratis.grpc.client.GrpcClientProtocolClient.lambda$groupAdd$3(GrpcClientProtocolClient.java:140)
	at org.apache.ratis.grpc.client.GrpcClientProtocolClient.blockingCall(GrpcClientProtocolClient.java:167)
	... 9 more
2019-09-19 05:06:59,750 | INFO  | SCMAudit | user=jenkins1000 | ip=192.168.34.50 | op=SEND_HEARTBEAT {datanodeUUID=f7581b44-ec20-4a49-84dc-6482be220b8e, command=[]} | ret=SUCCESS |  
2019-09-19 05:06:59,909 | INFO  | SCMAudit | user=jenkins1000 | ip=192.168.34.50 | op=SEND_HEARTBEAT {datanodeUUID=24b07b36-37e0-4d88-8ad1-16f6e8f81276, command=[]} | ret=SUCCESS |  
2019-09-19 05:06:59,931 [Thread-242] INFO  container.ReplicationManager (ReplicationManager.java:start(151)) - Starting Replication Monitor Thread.
2019-09-19 05:06:59,933 [ReplicationMonitor] INFO  container.ReplicationManager (ReplicationManager.java:run(214)) - Replication Monitor Thread took 1 milliseconds for processing 0 containers.
2019-09-19 05:07:00,335 | INFO  | SCMAudit | user=jenkins1000 | ip=192.168.34.50 | op=SEND_HEARTBEAT {datanodeUUID=370a1c5b-8b1a-491a-a577-d02fa7ab369f, command=[]} | ret=SUCCESS |  
2019-09-19 05:07:00,340 | INFO  | SCMAudit | user=jenkins1000 | ip=192.168.34.50 | op=SEND_HEARTBEAT {datanodeUUID=58155aba-5fe9-410f-b407-41e443f3277a, command=[]} | ret=SUCCESS |  
2019-09-19 05:07:00,752 | INFO  | SCMAudit | user=jenkins1000 | ip=192.168.34.50 | op=SEND_HEARTBEAT {datanodeUUID=f7581b44-ec20-4a49-84dc-6482be220b8e, command=[]} | ret=SUCCESS |  
2019-09-19 05:07:00,752 [EventQueue-CreatePipelineStatusForSCMPipelineManager] INFO  pipeline.SCMPipelineManager (SCMPipelineManager.java:onMessage(469)) - receive pipeline PipelineID=dd078534-9c00-4aea-bca3-e8cfa356d009 create status FAILED
2019-09-19 05:07:00,752 [EventQueue-CreatePipelineStatusForSCMPipelineManager] INFO  pipeline.SCMPipelineManager (SCMPipelineManager.java:finalizeAndDestroyPipeline(336)) - destroying pipeline:Pipeline[ Id: dd078534-9c00-4aea-bca3-e8cfa356d009, Nodes: f7581b44-ec20-4a49-84dc-6482be220b8e{ip: 192.168.34.50, host: pr-hdds-2034-srnhl-2452957315, networkLocation: /default-rack, certSerialId: null}92793de3-5298-4528-b315-ef9b977911c6{ip: 192.168.34.50, host: pr-hdds-2034-srnhl-2452957315, networkLocation: /default-rack, certSerialId: null}370a1c5b-8b1a-491a-a577-d02fa7ab369f{ip: 192.168.34.50, host: pr-hdds-2034-srnhl-2452957315, networkLocation: /default-rack, certSerialId: null}, Type:RATIS, Factor:THREE, State:ALLOCATED]
2019-09-19 05:07:00,753 [EventQueue-CreatePipelineStatusForSCMPipelineManager] INFO  pipeline.PipelineStateManager (PipelineStateManager.java:finalizePipeline(123)) - Pipeline Pipeline[ Id: dd078534-9c00-4aea-bca3-e8cfa356d009, Nodes: f7581b44-ec20-4a49-84dc-6482be220b8e{ip: 192.168.34.50, host: pr-hdds-2034-srnhl-2452957315, networkLocation: /default-rack, certSerialId: null}92793de3-5298-4528-b315-ef9b977911c6{ip: 192.168.34.50, host: pr-hdds-2034-srnhl-2452957315, networkLocation: /default-rack, certSerialId: null}370a1c5b-8b1a-491a-a577-d02fa7ab369f{ip: 192.168.34.50, host: pr-hdds-2034-srnhl-2452957315, networkLocation: /default-rack, certSerialId: null}, Type:RATIS, Factor:THREE, State:CLOSED] moved to CLOSED state
2019-09-19 05:07:00,755 [EventQueue-CreatePipelineStatusForSCMPipelineManager] INFO  pipeline.RatisPipelineProvider (RatisPipelineProvider.java:lambda$close$5(211)) - Send pipeline:PipelineID=dd078534-9c00-4aea-bca3-e8cfa356d009 close command to datanode f7581b44-ec20-4a49-84dc-6482be220b8e
2019-09-19 05:07:00,755 [EventQueue-CreatePipelineStatusForSCMPipelineManager] INFO  pipeline.RatisPipelineProvider (RatisPipelineProvider.java:lambda$close$5(211)) - Send pipeline:PipelineID=dd078534-9c00-4aea-bca3-e8cfa356d009 close command to datanode 92793de3-5298-4528-b315-ef9b977911c6
2019-09-19 05:07:00,756 [EventQueue-CreatePipelineStatusForSCMPipelineManager] INFO  pipeline.RatisPipelineProvider (RatisPipelineProvider.java:lambda$close$5(211)) - Send pipeline:PipelineID=dd078534-9c00-4aea-bca3-e8cfa356d009 close command to datanode 370a1c5b-8b1a-491a-a577-d02fa7ab369f
2019-09-19 05:07:00,756 [EventQueue-CreatePipelineStatusForSCMPipelineManager] INFO  pipeline.PipelineStateManager (PipelineStateManager.java:removePipeline(108)) - Pipeline Pipeline[ Id: dd078534-9c00-4aea-bca3-e8cfa356d009, Nodes: f7581b44-ec20-4a49-84dc-6482be220b8e{ip: 192.168.34.50, host: pr-hdds-2034-srnhl-2452957315, networkLocation: /default-rack, certSerialId: null}92793de3-5298-4528-b315-ef9b977911c6{ip: 192.168.34.50, host: pr-hdds-2034-srnhl-2452957315, networkLocation: /default-rack, certSerialId: null}370a1c5b-8b1a-491a-a577-d02fa7ab369f{ip: 192.168.34.50, host: pr-hdds-2034-srnhl-2452957315, networkLocation: /default-rack, certSerialId: null}, Type:RATIS, Factor:THREE, State:CLOSED] removed from db
2019-09-19 05:07:00,759 [RatisPipelineUtilsThread] INFO  pipeline.RatisPipelineProvider (RatisPipelineProvider.java:lambda$create$4(164)) - Send pipeline:PipelineID=d35a2aa1-5159-41d5-91f3-914c0954a483 create command to datanode f7581b44-ec20-4a49-84dc-6482be220b8e
2019-09-19 05:07:00,762 [RatisPipelineUtilsThread] INFO  pipeline.RatisPipelineProvider (RatisPipelineProvider.java:lambda$create$4(164)) - Send pipeline:PipelineID=d35a2aa1-5159-41d5-91f3-914c0954a483 create command to datanode 92793de3-5298-4528-b315-ef9b977911c6
2019-09-19 05:07:00,762 [RatisPipelineUtilsThread] INFO  pipeline.RatisPipelineProvider (RatisPipelineProvider.java:lambda$create$4(164)) - Send pipeline:PipelineID=d35a2aa1-5159-41d5-91f3-914c0954a483 create command to datanode 370a1c5b-8b1a-491a-a577-d02fa7ab369f
2019-09-19 05:07:00,910 | INFO  | SCMAudit | user=jenkins1000 | ip=192.168.34.50 | op=SEND_HEARTBEAT {datanodeUUID=24b07b36-37e0-4d88-8ad1-16f6e8f81276, command=[]} | ret=SUCCESS |  
2019-09-19 05:07:00,910 [EventQueue-CreatePipelineStatusForSCMPipelineManager] INFO  pipeline.SCMPipelineManager (SCMPipelineManager.java:onMessage(469)) - receive pipeline PipelineID=8461308d-5fd6-4edb-bf8c-98a93b21467f create status FAILED
2019-09-19 05:07:00,913 [EventQueue-CreatePipelineStatusForSCMPipelineManager] INFO  pipeline.SCMPipelineManager (SCMPipelineManager.java:finalizeAndDestroyPipeline(336)) - destroying pipeline:Pipeline[ Id: 8461308d-5fd6-4edb-bf8c-98a93b21467f, Nodes: 58155aba-5fe9-410f-b407-41e443f3277a{ip: 192.168.34.50, host: pr-hdds-2034-srnhl-2452957315, networkLocation: /default-rack, certSerialId: null}50a45026-e3e5-4392-80b5-2fca55db6c54{ip: 192.168.34.50, host: pr-hdds-2034-srnhl-2452957315, networkLocation: /default-rack, certSerialId: null}24b07b36-37e0-4d88-8ad1-16f6e8f81276{ip: 192.168.34.50, host: pr-hdds-2034-srnhl-2452957315, networkLocation: /default-rack, certSerialId: null}, Type:RATIS, Factor:THREE, State:ALLOCATED]
2019-09-19 05:07:00,913 [EventQueue-CreatePipelineStatusForSCMPipelineManager] INFO  pipeline.PipelineStateManager (PipelineStateManager.java:finalizePipeline(123)) - Pipeline Pipeline[ Id: 8461308d-5fd6-4edb-bf8c-98a93b21467f, Nodes: 58155aba-5fe9-410f-b407-41e443f3277a{ip: 192.168.34.50, host: pr-hdds-2034-srnhl-2452957315, networkLocation: /default-rack, certSerialId: null}50a45026-e3e5-4392-80b5-2fca55db6c54{ip: 192.168.34.50, host: pr-hdds-2034-srnhl-2452957315, networkLocation: /default-rack, certSerialId: null}24b07b36-37e0-4d88-8ad1-16f6e8f81276{ip: 192.168.34.50, host: pr-hdds-2034-srnhl-2452957315, networkLocation: /default-rack, certSerialId: null}, Type:RATIS, Factor:THREE, State:CLOSED] moved to CLOSED state
2019-09-19 05:07:00,914 [EventQueue-CreatePipelineStatusForSCMPipelineManager] INFO  pipeline.RatisPipelineProvider (RatisPipelineProvider.java:lambda$close$5(211)) - Send pipeline:PipelineID=8461308d-5fd6-4edb-bf8c-98a93b21467f close command to datanode 58155aba-5fe9-410f-b407-41e443f3277a
2019-09-19 05:07:00,914 [EventQueue-CreatePipelineStatusForSCMPipelineManager] INFO  pipeline.RatisPipelineProvider (RatisPipelineProvider.java:lambda$close$5(211)) - Send pipeline:PipelineID=8461308d-5fd6-4edb-bf8c-98a93b21467f close command to datanode 50a45026-e3e5-4392-80b5-2fca55db6c54
2019-09-19 05:07:00,914 [EventQueue-CreatePipelineStatusForSCMPipelineManager] INFO  pipeline.RatisPipelineProvider (RatisPipelineProvider.java:lambda$close$5(211)) - Send pipeline:PipelineID=8461308d-5fd6-4edb-bf8c-98a93b21467f close command to datanode 24b07b36-37e0-4d88-8ad1-16f6e8f81276
2019-09-19 05:07:00,914 [EventQueue-CreatePipelineStatusForSCMPipelineManager] INFO  pipeline.PipelineStateManager (PipelineStateManager.java:removePipeline(108)) - Pipeline Pipeline[ Id: 8461308d-5fd6-4edb-bf8c-98a93b21467f, Nodes: 58155aba-5fe9-410f-b407-41e443f3277a{ip: 192.168.34.50, host: pr-hdds-2034-srnhl-2452957315, networkLocation: /default-rack, certSerialId: null}50a45026-e3e5-4392-80b5-2fca55db6c54{ip: 192.168.34.50, host: pr-hdds-2034-srnhl-2452957315, networkLocation: /default-rack, certSerialId: null}24b07b36-37e0-4d88-8ad1-16f6e8f81276{ip: 192.168.34.50, host: pr-hdds-2034-srnhl-2452957315, networkLocation: /default-rack, certSerialId: null}, Type:RATIS, Factor:THREE, State:CLOSED] removed from db
2019-09-19 05:07:00,916 [RatisPipelineUtilsThread] INFO  pipeline.RatisPipelineProvider (RatisPipelineProvider.java:lambda$create$4(164)) - Send pipeline:PipelineID=03e4198f-5ce6-47e8-89b6-7886d7da4f5e create command to datanode 58155aba-5fe9-410f-b407-41e443f3277a
2019-09-19 05:07:00,918 [RatisPipelineUtilsThread] INFO  pipeline.RatisPipelineProvider (RatisPipelineProvider.java:lambda$create$4(164)) - Send pipeline:PipelineID=03e4198f-5ce6-47e8-89b6-7886d7da4f5e create command to datanode 50a45026-e3e5-4392-80b5-2fca55db6c54
2019-09-19 05:07:00,918 [RatisPipelineUtilsThread] INFO  pipeline.RatisPipelineProvider (RatisPipelineProvider.java:lambda$create$4(164)) - Send pipeline:PipelineID=03e4198f-5ce6-47e8-89b6-7886d7da4f5e create command to datanode 24b07b36-37e0-4d88-8ad1-16f6e8f81276
2019-09-19 05:07:01,009 [pool-38-thread-1] INFO  storage.RaftStorage (RaftStorage.java:format(72)) - Storage directory /workdir/hadoop-ozone/integration-test/target/test-dir/MiniOzoneClusterImpl-bbf495c9-350a-409e-a1d0-dfcf287214b2/datanode-1/data/ratis/dd078534-9c00-4aea-bca3-e8cfa356d009 has been successfully formatted.
2019-09-19 05:07:01,009 [pool-60-thread-1] INFO  storage.RaftStorage (RaftStorage.java:format(72)) - Storage directory /workdir/hadoop-ozone/integration-test/target/test-dir/MiniOzoneClusterImpl-bbf495c9-350a-409e-a1d0-dfcf287214b2/datanode-3/data/ratis/8461308d-5fd6-4edb-bf8c-98a93b21467f has been successfully formatted.
2019-09-19 05:07:01,009 [pool-71-thread-1] INFO  storage.RaftStorage (RaftStorage.java:format(72)) - Storage directory /workdir/hadoop-ozone/integration-test/target/test-dir/MiniOzoneClusterImpl-bbf495c9-350a-409e-a1d0-dfcf287214b2/datanode-4/data/ratis/8461308d-5fd6-4edb-bf8c-98a93b21467f has been successfully formatted.
2019-09-19 05:07:01,009 [pool-49-thread-1] INFO  storage.RaftStorage (RaftStorage.java:format(72)) - Storage directory /workdir/hadoop-ozone/integration-test/target/test-dir/MiniOzoneClusterImpl-bbf495c9-350a-409e-a1d0-dfcf287214b2/datanode-2/data/ratis/dd078534-9c00-4aea-bca3-e8cfa356d009 has been successfully formatted.
2019-09-19 05:07:01,009 [pool-82-thread-1] INFO  storage.RaftStorage (RaftStorage.java:format(72)) - Storage directory /workdir/hadoop-ozone/integration-test/target/test-dir/MiniOzoneClusterImpl-bbf495c9-350a-409e-a1d0-dfcf287214b2/datanode-5/data/ratis/77b1bc39-96f6-4cf5-ae5f-a3a394948300 has been successfully formatted.
2019-09-19 05:07:01,009 [pool-27-thread-1] INFO  storage.RaftStorage (RaftStorage.java:format(72)) - Storage directory /workdir/hadoop-ozone/integration-test/target/test-dir/MiniOzoneClusterImpl-bbf495c9-350a-409e-a1d0-dfcf287214b2/datanode-0/data/ratis/dd078534-9c00-4aea-bca3-e8cfa356d009 has been successfully formatted.
2019-09-19 05:07:01,013 [pool-82-thread-1] INFO  ratis.ContainerStateMachine (ContainerStateMachine.java:loadSnapshot(226)) - group-A3A394948300: The snapshot info is null. Setting the last applied indexto:(t:0, i:~)
2019-09-19 05:07:01,013 [pool-49-thread-1] INFO  ratis.ContainerStateMachine (ContainerStateMachine.java:loadSnapshot(226)) - group-E8CFA356D009: The snapshot info is null. Setting the last applied indexto:(t:0, i:~)
2019-09-19 05:07:01,014 [pool-82-thread-1] INFO  server.RaftServerConfigKeys (ConfUtils.java:logGet(43)) - raft.server.leader.election.timeout = 10s (custom)
2019-09-19 05:07:01,013 [pool-71-thread-1] INFO  ratis.ContainerStateMachine (ContainerStateMachine.java:loadSnapshot(226)) - group-98A93B21467F: The snapshot info is null. Setting the last applied indexto:(t:0, i:~)
2019-09-19 05:07:01,013 [pool-60-thread-1] INFO  ratis.ContainerStateMachine (ContainerStateMachine.java:loadSnapshot(226)) - group-98A93B21467F: The snapshot info is null. Setting the last applied indexto:(t:0, i:~)
2019-09-19 05:07:01,013 [pool-38-thread-1] INFO  ratis.ContainerStateMachine (ContainerStateMachine.java:loadSnapshot(226)) - group-E8CFA356D009: The snapshot info is null. Setting the last applied indexto:(t:0, i:~)
2019-09-19 05:07:01,014 [pool-60-thread-1] INFO  server.RaftServerConfigKeys (ConfUtils.java:logGet(43)) - raft.server.leader.election.timeout = 10s (custom)
2019-09-19 05:07:01,014 [pool-71-thread-1] INFO  server.RaftServerConfigKeys (ConfUtils.java:logGet(43)) - raft.server.leader.election.timeout = 10s (custom)
2019-09-19 05:07:01,014 [pool-82-thread-1] INFO  server.RaftServerConfigKeys (ConfUtils.java:logGet(43)) - raft.server.log.use.memory = false (default)
2019-09-19 05:07:01,014 [pool-49-thread-1] INFO  server.RaftServerConfigKeys (ConfUtils.java:logGet(43)) - raft.server.leader.election.timeout = 10s (custom)
2019-09-19 05:07:01,013 [pool-27-thread-1] INFO  ratis.ContainerStateMachine (ContainerStateMachine.java:loadSnapshot(226)) - group-E8CFA356D009: The snapshot info is null. Setting the last applied indexto:(t:0, i:~)
2019-09-19 05:07:01,015 [pool-49-thread-1] INFO  server.RaftServerConfigKeys (ConfUtils.java:logGet(43)) - raft.server.log.use.memory = false (default)
2019-09-19 05:07:01,015 [pool-82-thread-1] INFO  server.RaftServerConfigKeys (ConfUtils.java:logGet(43)) - raft.server.log.purge.gap = 1000000 (custom)
2019-09-19 05:07:01,015 [pool-71-thread-1] INFO  server.RaftServerConfigKeys (ConfUtils.java:logGet(43)) - raft.server.log.use.memory = false (default)
2019-09-19 05:07:01,015 [pool-60-thread-1] INFO  server.RaftServerConfigKeys (ConfUtils.java:logGet(43)) - raft.server.log.use.memory = false (default)
2019-09-19 05:07:01,014 [pool-38-thread-1] INFO  server.RaftServerConfigKeys (ConfUtils.java:logGet(43)) - raft.server.leader.election.timeout = 10s (custom)
2019-09-19 05:07:01,016 [pool-60-thread-1] INFO  server.RaftServerConfigKeys (ConfUtils.java:logGet(43)) - raft.server.log.purge.gap = 1000000 (custom)
2019-09-19 05:07:01,016 [pool-71-thread-1] INFO  server.RaftServerConfigKeys (ConfUtils.java:logGet(43)) - raft.server.log.purge.gap = 1000000 (custom)
2019-09-19 05:07:01,016 [pool-82-thread-1] INFO  server.RaftServerConfigKeys (ConfUtils.java:logGet(43)) - raft.server.log.appender.buffer.byte-limit = 33554432 (custom)
2019-09-19 05:07:01,015 [pool-49-thread-1] INFO  server.RaftServerConfigKeys (ConfUtils.java:logGet(43)) - raft.server.log.purge.gap = 1000000 (custom)
2019-09-19 05:07:01,015 [pool-27-thread-1] INFO  server.RaftServerConfigKeys (ConfUtils.java:logGet(43)) - raft.server.leader.election.timeout = 10s (custom)
2019-09-19 05:07:01,017 [pool-49-thread-1] INFO  server.RaftServerConfigKeys (ConfUtils.java:logGet(43)) - raft.server.log.appender.buffer.byte-limit = 33554432 (custom)
2019-09-19 05:07:01,017 [pool-82-thread-1] INFO  server.RaftServerConfigKeys (ConfUtils.java:logGet(43)) - raft.server.log.segment.size.max = 1048576 (custom)
2019-09-19 05:07:01,016 [pool-71-thread-1] INFO  server.RaftServerConfigKeys (ConfUtils.java:logGet(43)) - raft.server.log.appender.buffer.byte-limit = 33554432 (custom)
2019-09-19 05:07:01,016 [pool-60-thread-1] INFO  server.RaftServerConfigKeys (ConfUtils.java:logGet(43)) - raft.server.log.appender.buffer.byte-limit = 33554432 (custom)
2019-09-19 05:07:01,016 [pool-38-thread-1] INFO  server.RaftServerConfigKeys (ConfUtils.java:logGet(43)) - raft.server.log.use.memory = false (default)
2019-09-19 05:07:01,018 [pool-60-thread-1] INFO  server.RaftServerConfigKeys (ConfUtils.java:logGet(43)) - raft.server.log.segment.size.max = 1048576 (custom)
2019-09-19 05:07:01,018 [pool-71-thread-1] INFO  server.RaftServerConfigKeys (ConfUtils.java:logGet(43)) - raft.server.log.segment.size.max = 1048576 (custom)
2019-09-19 05:07:01,017 [pool-82-thread-1] INFO  server.RaftServerConfigKeys (ConfUtils.java:logGet(43)) - raft.server.log.segment.cache.num.max = 2 (custom)
2019-09-19 05:07:01,017 [pool-49-thread-1] INFO  server.RaftServerConfigKeys (ConfUtils.java:logGet(43)) - raft.server.log.segment.size.max = 1048576 (custom)
2019-09-19 05:07:01,017 [pool-27-thread-1] INFO  server.RaftServerConfigKeys (ConfUtils.java:logGet(43)) - raft.server.log.use.memory = false (default)
2019-09-19 05:07:01,019 [pool-49-thread-1] INFO  server.RaftServerConfigKeys (ConfUtils.java:logGet(43)) - raft.server.log.segment.cache.num.max = 2 (custom)
2019-09-19 05:07:01,018 [pool-82-thread-1] INFO  segmented.SegmentedRaftLogWorker (SegmentedRaftLogWorker.java:<init>(172)) - new 58155aba-5fe9-410f-b407-41e443f3277a-SegmentedRaftLogWorker:Storage Directory /workdir/hadoop-ozone/integration-test/target/test-dir/MiniOzoneClusterImpl-bbf495c9-350a-409e-a1d0-dfcf287214b2/datanode-5/data/ratis/77b1bc39-96f6-4cf5-ae5f-a3a394948300 for RaftStorage:Storage Directory /workdir/hadoop-ozone/integration-test/target/test-dir/MiniOzoneClusterImpl-bbf495c9-350a-409e-a1d0-dfcf287214b2/datanode-5/data/ratis/77b1bc39-96f6-4cf5-ae5f-a3a394948300
2019-09-19 05:07:01,018 [pool-71-thread-1] INFO  server.RaftServerConfigKeys (ConfUtils.java:logGet(43)) - raft.server.log.segment.cache.num.max = 2 (custom)
2019-09-19 05:07:01,018 [pool-60-thread-1] INFO  server.RaftServerConfigKeys (ConfUtils.java:logGet(43)) - raft.server.log.segment.cache.num.max = 2 (custom)
2019-09-19 05:07:01,018 [pool-38-thread-1] INFO  server.RaftServerConfigKeys (ConfUtils.java:logGet(43)) - raft.server.log.purge.gap = 1000000 (custom)
2019-09-19 05:07:01,021 [pool-60-thread-1] INFO  segmented.SegmentedRaftLogWorker (SegmentedRaftLogWorker.java:<init>(172)) - new 50a45026-e3e5-4392-80b5-2fca55db6c54-SegmentedRaftLogWorker:Storage Directory /workdir/hadoop-ozone/integration-test/target/test-dir/MiniOzoneClusterImpl-bbf495c9-350a-409e-a1d0-dfcf287214b2/datanode-3/data/ratis/8461308d-5fd6-4edb-bf8c-98a93b21467f for RaftStorage:Storage Directory /workdir/hadoop-ozone/integration-test/target/test-dir/MiniOzoneClusterImpl-bbf495c9-350a-409e-a1d0-dfcf287214b2/datanode-3/data/ratis/8461308d-5fd6-4edb-bf8c-98a93b21467f
2019-09-19 05:07:01,019 [pool-71-thread-1] INFO  segmented.SegmentedRaftLogWorker (SegmentedRaftLogWorker.java:<init>(172)) - new 24b07b36-37e0-4d88-8ad1-16f6e8f81276-SegmentedRaftLogWorker:Storage Directory /workdir/hadoop-ozone/integration-test/target/test-dir/MiniOzoneClusterImpl-bbf495c9-350a-409e-a1d0-dfcf287214b2/datanode-4/data/ratis/8461308d-5fd6-4edb-bf8c-98a93b21467f for RaftStorage:Storage Directory /workdir/hadoop-ozone/integration-test/target/test-dir/MiniOzoneClusterImpl-bbf495c9-350a-409e-a1d0-dfcf287214b2/datanode-4/data/ratis/8461308d-5fd6-4edb-bf8c-98a93b21467f
2019-09-19 05:07:01,019 [pool-82-thread-1] INFO  server.RaftServerConfigKeys (ConfUtils.java:logGet(43)) - raft.server.log.queue.byte-limit = 2147483647 (custom)
2019-09-19 05:07:01,019 [pool-49-thread-1] INFO  segmented.SegmentedRaftLogWorker (SegmentedRaftLogWorker.java:<init>(172)) - new 370a1c5b-8b1a-491a-a577-d02fa7ab369f-SegmentedRaftLogWorker:Storage Directory /workdir/hadoop-ozone/integration-test/target/test-dir/MiniOzoneClusterImpl-bbf495c9-350a-409e-a1d0-dfcf287214b2/datanode-2/data/ratis/dd078534-9c00-4aea-bca3-e8cfa356d009 for RaftStorage:Storage Directory /workdir/hadoop-ozone/integration-test/target/test-dir/MiniOzoneClusterImpl-bbf495c9-350a-409e-a1d0-dfcf287214b2/datanode-2/data/ratis/dd078534-9c00-4aea-bca3-e8cfa356d009
2019-09-19 05:07:01,019 [pool-27-thread-1] INFO  server.RaftServerConfigKeys (ConfUtils.java:logGet(43)) - raft.server.log.purge.gap = 1000000 (custom)
2019-09-19 05:07:01,025 [pool-49-thread-1] INFO  server.RaftServerConfigKeys (ConfUtils.java:logGet(43)) - raft.server.log.queue.byte-limit = 2147483647 (custom)
2019-09-19 05:07:01,025 [pool-82-thread-1] INFO  server.RaftServerConfigKeys (ConfUtils.java:logGet(43)) - raft.server.log.queue.element-limit = 1024 (custom)
2019-09-19 05:07:01,023 [pool-71-thread-1] INFO  server.RaftServerConfigKeys (ConfUtils.java:logGet(43)) - raft.server.log.queue.byte-limit = 2147483647 (custom)
2019-09-19 05:07:01,021 [pool-60-thread-1] INFO  server.RaftServerConfigKeys (ConfUtils.java:logGet(43)) - raft.server.log.queue.byte-limit = 2147483647 (custom)
2019-09-19 05:07:01,021 [pool-38-thread-1] INFO  server.RaftServerConfigKeys (ConfUtils.java:logGet(43)) - raft.server.log.appender.buffer.byte-limit = 33554432 (custom)
2019-09-19 05:07:01,027 [pool-60-thread-1] INFO  server.RaftServerConfigKeys (ConfUtils.java:logGet(43)) - raft.server.log.queue.element-limit = 1024 (custom)
2019-09-19 05:07:01,027 [pool-82-thread-1] INFO  server.RaftServerConfigKeys (ConfUtils.java:logGet(43)) - raft.server.log.segment.size.max = 1048576 (custom)
2019-09-19 05:07:01,027 [pool-71-thread-1] INFO  server.RaftServerConfigKeys (ConfUtils.java:logGet(43)) - raft.server.log.queue.element-limit = 1024 (custom)
2019-09-19 05:07:01,027 [pool-49-thread-1] INFO  server.RaftServerConfigKeys (ConfUtils.java:logGet(43)) - raft.server.log.queue.element-limit = 1024 (custom)
2019-09-19 05:07:01,027 [pool-27-thread-1] INFO  server.RaftServerConfigKeys (ConfUtils.java:logGet(43)) - raft.server.log.appender.buffer.byte-limit = 33554432 (custom)
2019-09-19 05:07:01,028 [pool-49-thread-1] INFO  server.RaftServerConfigKeys (ConfUtils.java:logGet(43)) - raft.server.log.segment.size.max = 1048576 (custom)
2019-09-19 05:07:01,028 [pool-71-thread-1] INFO  server.RaftServerConfigKeys (ConfUtils.java:logGet(43)) - raft.server.log.segment.size.max = 1048576 (custom)
2019-09-19 05:07:01,028 [pool-82-thread-1] INFO  server.RaftServerConfigKeys (ConfUtils.java:logGet(43)) - raft.server.log.preallocated.size = 16384 (custom)
2019-09-19 05:07:01,028 [pool-60-thread-1] INFO  server.RaftServerConfigKeys (ConfUtils.java:logGet(43)) - raft.server.log.segment.size.max = 1048576 (custom)
2019-09-19 05:07:01,028 [pool-38-thread-1] INFO  server.RaftServerConfigKeys (ConfUtils.java:logGet(43)) - raft.server.log.segment.size.max = 1048576 (custom)
2019-09-19 05:07:01,029 [pool-60-thread-1] INFO  server.RaftServerConfigKeys (ConfUtils.java:logGet(43)) - raft.server.log.preallocated.size = 16384 (custom)
2019-09-19 05:07:01,029 [pool-82-thread-1] INFO  server.RaftServerConfigKeys (ConfUtils.java:logGet(43)) - raft.server.log.write.buffer.size = 33554432 (custom)
2019-09-19 05:07:01,029 [pool-71-thread-1] INFO  server.RaftServerConfigKeys (ConfUtils.java:logGet(43)) - raft.server.log.preallocated.size = 16384 (custom)
2019-09-19 05:07:01,029 [pool-49-thread-1] INFO  server.RaftServerConfigKeys (ConfUtils.java:logGet(43)) - raft.server.log.preallocated.size = 16384 (custom)
2019-09-19 05:07:01,029 [pool-27-thread-1] INFO  server.RaftServerConfigKeys (ConfUtils.java:logGet(43)) - raft.server.log.segment.size.max = 1048576 (custom)
2019-09-19 05:07:01,030 [pool-49-thread-1] INFO  server.RaftServerConfigKeys (ConfUtils.java:logGet(43)) - raft.server.log.write.buffer.size = 33554432 (custom)
2019-09-19 05:07:01,031 [pool-49-thread-1] INFO  server.RaftServerConfigKeys (ConfUtils.java:logGet(43)) - raft.server.log.force.sync.num = 128 (default)
2019-09-19 05:07:01,030 [pool-71-thread-1] INFO  server.RaftServerConfigKeys (ConfUtils.java:logGet(43)) - raft.server.log.write.buffer.size = 33554432 (custom)
2019-09-19 05:07:01,030 [pool-82-thread-1] INFO  server.RaftServerConfigKeys (ConfUtils.java:logGet(43)) - raft.server.log.force.sync.num = 128 (default)
2019-09-19 05:07:01,030 [pool-60-thread-1] INFO  server.RaftServerConfigKeys (ConfUtils.java:logGet(43)) - raft.server.log.write.buffer.size = 33554432 (custom)
2019-09-19 05:07:01,030 [pool-38-thread-1] INFO  server.RaftServerConfigKeys (ConfUtils.java:logGet(43)) - raft.server.log.segment.cache.num.max = 2 (custom)
2019-09-19 05:07:01,031 [pool-60-thread-1] INFO  server.RaftServerConfigKeys (ConfUtils.java:logGet(43)) - raft.server.log.force.sync.num = 128 (default)
2019-09-19 05:07:01,031 [pool-82-thread-1] INFO  server.RaftServerConfigKeys (ConfUtils.java:logGet(43)) - raft.server.log.statemachine.data.sync = true (default)
2019-09-19 05:07:01,031 [pool-71-thread-1] INFO  server.RaftServerConfigKeys (ConfUtils.java:logGet(43)) - raft.server.log.force.sync.num = 128 (default)
2019-09-19 05:07:01,032 [pool-71-thread-1] INFO  server.RaftServerConfigKeys (ConfUtils.java:logGet(43)) - raft.server.log.statemachine.data.sync = true (default)
2019-09-19 05:07:01,031 [pool-49-thread-1] INFO  server.RaftServerConfigKeys (ConfUtils.java:logGet(43)) - raft.server.log.statemachine.data.sync = true (default)
2019-09-19 05:07:01,031 [pool-27-thread-1] INFO  server.RaftServerConfigKeys (ConfUtils.java:logGet(43)) - raft.server.log.segment.cache.num.max = 2 (custom)
2019-09-19 05:07:01,033 [pool-49-thread-1] INFO  server.RaftServerConfigKeys (ConfUtils.java:logGet(43)) - raft.server.log.statemachine.data.sync.timeout = 10s (default)
2019-09-19 05:07:01,032 [pool-71-thread-1] INFO  server.RaftServerConfigKeys (ConfUtils.java:logGet(43)) - raft.server.log.statemachine.data.sync.timeout = 10s (default)
2019-09-19 05:07:01,032 [pool-82-thread-1] INFO  server.RaftServerConfigKeys (ConfUtils.java:logGet(43)) - raft.server.log.statemachine.data.sync.timeout = 10s (default)
2019-09-19 05:07:01,032 [pool-60-thread-1] INFO  server.RaftServerConfigKeys (ConfUtils.java:logGet(43)) - raft.server.log.statemachine.data.sync = true (default)
2019-09-19 05:07:01,032 [pool-38-thread-1] INFO  segmented.SegmentedRaftLogWorker (SegmentedRaftLogWorker.java:<init>(172)) - new 92793de3-5298-4528-b315-ef9b977911c6-SegmentedRaftLogWorker:Storage Directory /workdir/hadoop-ozone/integration-test/target/test-dir/MiniOzoneClusterImpl-bbf495c9-350a-409e-a1d0-dfcf287214b2/datanode-1/data/ratis/dd078534-9c00-4aea-bca3-e8cfa356d009 for RaftStorage:Storage Directory /workdir/hadoop-ozone/integration-test/target/test-dir/MiniOzoneClusterImpl-bbf495c9-350a-409e-a1d0-dfcf287214b2/datanode-1/data/ratis/dd078534-9c00-4aea-bca3-e8cfa356d009
2019-09-19 05:07:01,033 [pool-60-thread-1] INFO  server.RaftServerConfigKeys (ConfUtils.java:logGet(43)) - raft.server.log.statemachine.data.sync.timeout = 10s (default)
2019-09-19 05:07:01,033 [pool-82-thread-1] INFO  server.RaftServerConfigKeys (ConfUtils.java:logGet(43)) - raft.server.log.statemachine.data.sync.timeout.retry = -1 (default)
2019-09-19 05:07:01,033 [pool-71-thread-1] INFO  server.RaftServerConfigKeys (ConfUtils.java:logGet(43)) - raft.server.log.statemachine.data.sync.timeout.retry = -1 (default)
2019-09-19 05:07:01,033 [pool-49-thread-1] INFO  server.RaftServerConfigKeys (ConfUtils.java:logGet(43)) - raft.server.log.statemachine.data.sync.timeout.retry = -1 (default)
2019-09-19 05:07:01,033 [pool-27-thread-1] INFO  segmented.SegmentedRaftLogWorker (SegmentedRaftLogWorker.java:<init>(172)) - new f7581b44-ec20-4a49-84dc-6482be220b8e-SegmentedRaftLogWorker:Storage Directory /workdir/hadoop-ozone/integration-test/target/test-dir/MiniOzoneClusterImpl-bbf495c9-350a-409e-a1d0-dfcf287214b2/datanode-0/data/ratis/dd078534-9c00-4aea-bca3-e8cfa356d009 for RaftStorage:Storage Directory /workdir/hadoop-ozone/integration-test/target/test-dir/MiniOzoneClusterImpl-bbf495c9-350a-409e-a1d0-dfcf287214b2/datanode-0/data/ratis/dd078534-9c00-4aea-bca3-e8cfa356d009
2019-09-19 05:07:01,036 [pool-49-thread-1] INFO  server.RaftServerConfigKeys (ConfUtils.java:logGet(43)) - raft.server.log.statemachine.data.caching.enabled = true (custom)
2019-09-19 05:07:01,036 [pool-82-thread-1] INFO  server.RaftServerConfigKeys (ConfUtils.java:logGet(43)) - raft.server.log.statemachine.data.caching.enabled = true (custom)
2019-09-19 05:07:01,036 [pool-71-thread-1] INFO  server.RaftServerConfigKeys (ConfUtils.java:logGet(43)) - raft.server.log.statemachine.data.caching.enabled = true (custom)
2019-09-19 05:07:01,034 [pool-60-thread-1] INFO  server.RaftServerConfigKeys (ConfUtils.java:logGet(43)) - raft.server.log.statemachine.data.sync.timeout.retry = -1 (default)
2019-09-19 05:07:01,034 [pool-38-thread-1] INFO  server.RaftServerConfigKeys (ConfUtils.java:logGet(43)) - raft.server.log.queue.byte-limit = 2147483647 (custom)
2019-09-19 05:07:01,038 [pool-71-thread-1] INFO  segmented.SegmentedRaftLogWorker (SegmentedRaftLogWorker.java:lambda$new$0(132)) - 24b07b36-37e0-4d88-8ad1-16f6e8f81276-SegmentedRaftLogWorker:Storage Directory /workdir/hadoop-ozone/integration-test/target/test-dir/MiniOzoneClusterImpl-bbf495c9-350a-409e-a1d0-dfcf287214b2/datanode-4/data/ratis/8461308d-5fd6-4edb-bf8c-98a93b21467f: flushIndex: setUnconditionally 0 -> -1
2019-09-19 05:07:01,038 [pool-60-thread-1] INFO  server.RaftServerConfigKeys (ConfUtils.java:logGet(43)) - raft.server.log.statemachine.data.caching.enabled = true (custom)
2019-09-19 05:07:01,038 [pool-82-thread-1] INFO  segmented.SegmentedRaftLogWorker (SegmentedRaftLogWorker.java:lambda$new$0(132)) - 58155aba-5fe9-410f-b407-41e443f3277a-SegmentedRaftLogWorker:Storage Directory /workdir/hadoop-ozone/integration-test/target/test-dir/MiniOzoneClusterImpl-bbf495c9-350a-409e-a1d0-dfcf287214b2/datanode-5/data/ratis/77b1bc39-96f6-4cf5-ae5f-a3a394948300: flushIndex: setUnconditionally 0 -> -1
2019-09-19 05:07:01,038 [pool-49-thread-1] INFO  segmented.SegmentedRaftLogWorker (SegmentedRaftLogWorker.java:lambda$new$0(132)) - 370a1c5b-8b1a-491a-a577-d02fa7ab369f-SegmentedRaftLogWorker:Storage Directory /workdir/hadoop-ozone/integration-test/target/test-dir/MiniOzoneClusterImpl-bbf495c9-350a-409e-a1d0-dfcf287214b2/datanode-2/data/ratis/dd078534-9c00-4aea-bca3-e8cfa356d009: flushIndex: setUnconditionally 0 -> -1
2019-09-19 05:07:01,036 [pool-27-thread-1] INFO  server.RaftServerConfigKeys (ConfUtils.java:logGet(43)) - raft.server.log.queue.byte-limit = 2147483647 (custom)
2019-09-19 05:07:01,039 [pool-49-thread-1] INFO  server.RaftServerConfigKeys (ConfUtils.java:logGet(43)) - raft.server.snapshot.auto.trigger.enabled = true (custom)
2019-09-19 05:07:01,039 [pool-82-thread-1] INFO  server.RaftServerConfigKeys (ConfUtils.java:logGet(43)) - raft.server.snapshot.auto.trigger.enabled = true (custom)
2019-09-19 05:07:01,039 [pool-60-thread-1] INFO  segmented.SegmentedRaftLogWorker (SegmentedRaftLogWorker.java:lambda$new$0(132)) - 50a45026-e3e5-4392-80b5-2fca55db6c54-SegmentedRaftLogWorker:Storage Directory /workdir/hadoop-ozone/integration-test/target/test-dir/MiniOzoneClusterImpl-bbf495c9-350a-409e-a1d0-dfcf287214b2/datanode-3/data/ratis/8461308d-5fd6-4edb-bf8c-98a93b21467f: flushIndex: setUnconditionally 0 -> -1
2019-09-19 05:07:01,039 [pool-71-thread-1] INFO  server.RaftServerConfigKeys (ConfUtils.java:logGet(43)) - raft.server.snapshot.auto.trigger.enabled = true (custom)
2019-09-19 05:07:01,038 [pool-38-thread-1] INFO  server.RaftServerConfigKeys (ConfUtils.java:logGet(43)) - raft.server.log.queue.element-limit = 1024 (custom)
2019-09-19 05:07:01,040 [pool-71-thread-1] INFO  server.RaftServerConfigKeys (ConfUtils.java:logGet(43)) - raft.server.snapshot.auto.trigger.threshold = 10000 (custom)
2019-09-19 05:07:01,040 [pool-60-thread-1] INFO  server.RaftServerConfigKeys (ConfUtils.java:logGet(43)) - raft.server.snapshot.auto.trigger.enabled = true (custom)
2019-09-19 05:07:01,039 [pool-82-thread-1] INFO  server.RaftServerConfigKeys (ConfUtils.java:logGet(43)) - raft.server.snapshot.auto.trigger.threshold = 10000 (custom)
2019-09-19 05:07:01,039 [pool-49-thread-1] INFO  server.RaftServerConfigKeys (ConfUtils.java:logGet(43)) - raft.server.snapshot.auto.trigger.threshold = 10000 (custom)
2019-09-19 05:07:01,039 [pool-27-thread-1] INFO  server.RaftServerConfigKeys (ConfUtils.java:logGet(43)) - raft.server.log.queue.element-limit = 1024 (custom)
2019-09-19 05:07:01,041 [pool-49-thread-1] INFO  server.RaftServerConfigKeys (ConfUtils.java:logGet(43)) - raft.server.retrycache.expirytime = 600000ms (custom)
2019-09-19 05:07:01,040 [pool-82-thread-1] INFO  server.RaftServerConfigKeys (ConfUtils.java:logGet(43)) - raft.server.retrycache.expirytime = 600000ms (custom)
2019-09-19 05:07:01,040 [pool-60-thread-1] INFO  server.RaftServerConfigKeys (ConfUtils.java:logGet(43)) - raft.server.snapshot.auto.trigger.threshold = 10000 (custom)
2019-09-19 05:07:01,040 [pool-71-thread-1] INFO  server.RaftServerConfigKeys (ConfUtils.java:logGet(43)) - raft.server.retrycache.expirytime = 600000ms (custom)
2019-09-19 05:07:01,040 [pool-38-thread-1] INFO  server.RaftServerConfigKeys (ConfUtils.java:logGet(43)) - raft.server.log.segment.size.max = 1048576 (custom)
2019-09-19 05:07:01,042 [pool-71-thread-1] INFO  impl.RaftServerImpl (RaftServerImpl.java:start(180)) - 24b07b36-37e0-4d88-8ad1-16f6e8f81276: start group-98A93B21467F
2019-09-19 05:07:01,041 [pool-60-thread-1] INFO  server.RaftServerConfigKeys (ConfUtils.java:logGet(43)) - raft.server.retrycache.expirytime = 600000ms (custom)
2019-09-19 05:07:01,041 [pool-49-thread-1] INFO  impl.RaftServerImpl (RaftServerImpl.java:start(180)) - 370a1c5b-8b1a-491a-a577-d02fa7ab369f: start group-E8CFA356D009
2019-09-19 05:07:01,041 [pool-27-thread-1] INFO  server.RaftServerConfigKeys (ConfUtils.java:logGet(43)) - raft.server.log.segment.size.max = 1048576 (custom)
2019-09-19 05:07:01,042 [pool-49-thread-1] INFO  impl.RaftServerImpl (RaftServerImpl.java:setRole(171)) - 370a1c5b-8b1a-491a-a577-d02fa7ab369f:group-E8CFA356D009 changes role from null to FOLLOWER at term 0 for startAsFollower
2019-09-19 05:07:01,042 [pool-60-thread-1] INFO  impl.RaftServerImpl (RaftServerImpl.java:start(180)) - 50a45026-e3e5-4392-80b5-2fca55db6c54: start group-98A93B21467F
2019-09-19 05:07:01,042 [pool-71-thread-1] INFO  impl.RaftServerImpl (RaftServerImpl.java:setRole(171)) - 24b07b36-37e0-4d88-8ad1-16f6e8f81276:group-98A93B21467F changes role from null to FOLLOWER at term 0 for startAsFollower
2019-09-19 05:07:01,042 [pool-38-thread-1] INFO  server.RaftServerConfigKeys (ConfUtils.java:logGet(43)) - raft.server.log.preallocated.size = 16384 (custom)
2019-09-19 05:07:01,043 [pool-71-thread-1] INFO  impl.RoleInfo (RoleInfo.java:updateAndGet(143)) - 24b07b36-37e0-4d88-8ad1-16f6e8f81276: start FollowerState
2019-09-19 05:07:01,043 [pool-60-thread-1] INFO  impl.RaftServerImpl (RaftServerImpl.java:setRole(171)) - 50a45026-e3e5-4392-80b5-2fca55db6c54:group-98A93B21467F changes role from null to FOLLOWER at term 0 for startAsFollower
2019-09-19 05:07:01,043 [pool-49-thread-1] INFO  impl.RoleInfo (RoleInfo.java:updateAndGet(143)) - 370a1c5b-8b1a-491a-a577-d02fa7ab369f: start FollowerState
2019-09-19 05:07:01,043 [pool-27-thread-1] INFO  server.RaftServerConfigKeys (ConfUtils.java:logGet(43)) - raft.server.log.preallocated.size = 16384 (custom)
2019-09-19 05:07:01,044 [pool-71-thread-1] INFO  util.JmxRegister (JmxRegister.java:tryRegister(44)) - Successfully registered JMX Bean with object name Ratis:service=RaftServer,group=group-98A93B21467F,id=24b07b36-37e0-4d88-8ad1-16f6e8f81276
2019-09-19 05:07:01,043 [pool-60-thread-1] INFO  impl.RoleInfo (RoleInfo.java:updateAndGet(143)) - 50a45026-e3e5-4392-80b5-2fca55db6c54: start FollowerState
2019-09-19 05:07:01,043 [pool-38-thread-1] INFO  server.RaftServerConfigKeys (ConfUtils.java:logGet(43)) - raft.server.log.write.buffer.size = 33554432 (custom)
2019-09-19 05:07:01,044 [pool-49-thread-1] INFO  util.JmxRegister (JmxRegister.java:tryRegister(44)) - Successfully registered JMX Bean with object name Ratis:service=RaftServer,group=group-E8CFA356D009,id=370a1c5b-8b1a-491a-a577-d02fa7ab369f
2019-09-19 05:07:01,044 [pool-82-thread-1] INFO  impl.RaftServerImpl (RaftServerImpl.java:<init>(93)) - 58155aba-5fe9-410f-b407-41e443f3277a: new RaftServerImpl for group-98A93B21467F:[50a45026-e3e5-4392-80b5-2fca55db6c54:192.168.34.50:46775, 24b07b36-37e0-4d88-8ad1-16f6e8f81276:192.168.34.50:45448, 58155aba-5fe9-410f-b407-41e443f3277a:192.168.34.50:34594] with ContainerStateMachine:uninitialized
2019-09-19 05:07:01,044 [pool-27-thread-1] INFO  server.RaftServerConfigKeys (ConfUtils.java:logGet(43)) - raft.server.log.write.buffer.size = 33554432 (custom)
2019-09-19 05:07:01,045 [pool-82-thread-1] INFO  server.RaftServerConfigKeys (ConfUtils.java:logGet(43)) - raft.server.rpc.timeout.min = 5s (custom)
2019-09-19 05:07:01,045 [pool-60-thread-1] INFO  util.JmxRegister (JmxRegister.java:tryRegister(44)) - Successfully registered JMX Bean with object name Ratis:service=RaftServer,group=group-98A93B21467F,id=50a45026-e3e5-4392-80b5-2fca55db6c54
2019-09-19 05:07:01,044 [pool-38-thread-1] INFO  server.RaftServerConfigKeys (ConfUtils.java:logGet(43)) - raft.server.log.force.sync.num = 128 (default)
2019-09-19 05:07:01,045 [pool-82-thread-1] INFO  server.RaftServerConfigKeys (ConfUtils.java:logGet(43)) - raft.server.rpc.timeout.max = 5200ms (custom)
2019-09-19 05:07:01,045 [pool-27-thread-1] INFO  server.RaftServerConfigKeys (ConfUtils.java:logGet(43)) - raft.server.log.force.sync.num = 128 (default)
2019-09-19 05:07:01,046 [pool-82-thread-1] INFO  server.RaftServerConfigKeys (ConfUtils.java:logGet(43)) - raft.server.rpcslowness.timeout = 10s (custom)
2019-09-19 05:07:01,045 [pool-38-thread-1] INFO  server.RaftServerConfigKeys (ConfUtils.java:logGet(43)) - raft.server.log.statemachine.data.sync = true (default)
2019-09-19 05:07:01,046 [pool-82-thread-1] INFO  server.RaftServerConfigKeys (ConfUtils.java:logGet(43)) - raft.server.sleep.deviation.threshold = 300 (default)
2019-09-19 05:07:01,046 [pool-82-thread-1] INFO  server.RaftServerConfigKeys (ConfUtils.java:logGet(43)) - raft.server.log.appender.install.snapshot.enabled = false (custom)
2019-09-19 05:07:01,046 [pool-27-thread-1] INFO  server.RaftServerConfigKeys (ConfUtils.java:logGet(43)) - raft.server.log.statemachine.data.sync = true (default)
2019-09-19 05:07:01,046 [pool-82-thread-1] INFO  impl.RaftServerImpl (ServerState.java:<init>(105)) - 58155aba-5fe9-410f-b407-41e443f3277a:group-98A93B21467F ConfigurationManager, init=-1: [50a45026-e3e5-4392-80b5-2fca55db6c54:192.168.34.50:46775, 24b07b36-37e0-4d88-8ad1-16f6e8f81276:192.168.34.50:45448, 58155aba-5fe9-410f-b407-41e443f3277a:192.168.34.50:34594], old=null, confs=<EMPTY_MAP>
2019-09-19 05:07:01,046 [pool-38-thread-1] INFO  server.RaftServerConfigKeys (ConfUtils.java:logGet(43)) - raft.server.log.statemachine.data.sync.timeout = 10s (default)
2019-09-19 05:07:01,047 [pool-82-thread-1] INFO  server.RaftServerConfigKeys (ConfUtils.java:logGet(43)) - raft.server.storage.dir = [/workdir/hadoop-ozone/integration-test/target/test-dir/MiniOzoneClusterImpl-bbf495c9-350a-409e-a1d0-dfcf287214b2/datanode-5/data/ratis] (custom)
2019-09-19 05:07:01,047 [pool-27-thread-1] INFO  server.RaftServerConfigKeys (ConfUtils.java:logGet(43)) - raft.server.log.statemachine.data.sync.timeout = 10s (default)
2019-09-19 05:07:01,047 [pool-38-thread-1] INFO  server.RaftServerConfigKeys (ConfUtils.java:logGet(43)) - raft.server.log.statemachine.data.sync.timeout.retry = -1 (default)
2019-09-19 05:07:01,047 [pool-27-thread-1] INFO  server.RaftServerConfigKeys (ConfUtils.java:logGet(43)) - raft.server.log.statemachine.data.sync.timeout.retry = -1 (default)
2019-09-19 05:07:01,048 [pool-38-thread-1] INFO  server.RaftServerConfigKeys (ConfUtils.java:logGet(43)) - raft.server.log.statemachine.data.caching.enabled = true (custom)
2019-09-19 05:07:01,047 [pool-82-thread-1] INFO  storage.RaftStorageDirectory (RaftStorageDirectory.java:analyzeStorage(246)) - The storage directory /workdir/hadoop-ozone/integration-test/target/test-dir/MiniOzoneClusterImpl-bbf495c9-350a-409e-a1d0-dfcf287214b2/datanode-5/data/ratis/8461308d-5fd6-4edb-bf8c-98a93b21467f does not exist. Creating ...
2019-09-19 05:07:01,048 [pool-27-thread-1] INFO  server.RaftServerConfigKeys (ConfUtils.java:logGet(43)) - raft.server.log.statemachine.data.caching.enabled = true (custom)
2019-09-19 05:07:01,048 [pool-38-thread-1] INFO  segmented.SegmentedRaftLogWorker (SegmentedRaftLogWorker.java:lambda$new$0(132)) - 92793de3-5298-4528-b315-ef9b977911c6-SegmentedRaftLogWorker:Storage Directory /workdir/hadoop-ozone/integration-test/target/test-dir/MiniOzoneClusterImpl-bbf495c9-350a-409e-a1d0-dfcf287214b2/datanode-1/data/ratis/dd078534-9c00-4aea-bca3-e8cfa356d009: flushIndex: setUnconditionally 0 -> -1
2019-09-19 05:07:01,048 [pool-27-thread-1] INFO  segmented.SegmentedRaftLogWorker (SegmentedRaftLogWorker.java:lambda$new$0(132)) - f7581b44-ec20-4a49-84dc-6482be220b8e-SegmentedRaftLogWorker:Storage Directory /workdir/hadoop-ozone/integration-test/target/test-dir/MiniOzoneClusterImpl-bbf495c9-350a-409e-a1d0-dfcf287214b2/datanode-0/data/ratis/dd078534-9c00-4aea-bca3-e8cfa356d009: flushIndex: setUnconditionally 0 -> -1
2019-09-19 05:07:01,048 [pool-38-thread-1] INFO  server.RaftServerConfigKeys (ConfUtils.java:logGet(43)) - raft.server.snapshot.auto.trigger.enabled = true (custom)
2019-09-19 05:07:01,049 [pool-38-thread-1] INFO  server.RaftServerConfigKeys (ConfUtils.java:logGet(43)) - raft.server.snapshot.auto.trigger.threshold = 10000 (custom)
2019-09-19 05:07:01,049 [pool-27-thread-1] INFO  server.RaftServerConfigKeys (ConfUtils.java:logGet(43)) - raft.server.snapshot.auto.trigger.enabled = true (custom)
2019-09-19 05:07:01,049 [pool-38-thread-1] INFO  server.RaftServerConfigKeys (ConfUtils.java:logGet(43)) - raft.server.retrycache.expirytime = 600000ms (custom)
2019-09-19 05:07:01,049 [pool-27-thread-1] INFO  server.RaftServerConfigKeys (ConfUtils.java:logGet(43)) - raft.server.snapshot.auto.trigger.threshold = 10000 (custom)
2019-09-19 05:07:01,049 [pool-38-thread-1] INFO  impl.RaftServerImpl (RaftServerImpl.java:start(180)) - 92793de3-5298-4528-b315-ef9b977911c6: start group-E8CFA356D009
2019-09-19 05:07:01,049 [pool-27-thread-1] INFO  server.RaftServerConfigKeys (ConfUtils.java:logGet(43)) - raft.server.retrycache.expirytime = 600000ms (custom)
2019-09-19 05:07:01,049 [pool-38-thread-1] INFO  impl.RaftServerImpl (RaftServerImpl.java:setRole(171)) - 92793de3-5298-4528-b315-ef9b977911c6:group-E8CFA356D009 changes role from null to FOLLOWER at term 0 for startAsFollower
2019-09-19 05:07:01,050 [pool-27-thread-1] INFO  impl.RaftServerImpl (RaftServerImpl.java:start(180)) - f7581b44-ec20-4a49-84dc-6482be220b8e: start group-E8CFA356D009
2019-09-19 05:07:01,050 [pool-38-thread-1] INFO  impl.RoleInfo (RoleInfo.java:updateAndGet(143)) - 92793de3-5298-4528-b315-ef9b977911c6: start FollowerState
2019-09-19 05:07:01,050 [pool-27-thread-1] INFO  impl.RaftServerImpl (RaftServerImpl.java:setRole(171)) - f7581b44-ec20-4a49-84dc-6482be220b8e:group-E8CFA356D009 changes role from null to FOLLOWER at term 0 for startAsFollower
2019-09-19 05:07:01,050 [pool-27-thread-1] INFO  impl.RoleInfo (RoleInfo.java:updateAndGet(143)) - f7581b44-ec20-4a49-84dc-6482be220b8e: start FollowerState
2019-09-19 05:07:01,050 [pool-38-thread-1] INFO  util.JmxRegister (JmxRegister.java:tryRegister(44)) - Successfully registered JMX Bean with object name Ratis:service=RaftServer,group=group-E8CFA356D009,id=92793de3-5298-4528-b315-ef9b977911c6
2019-09-19 05:07:01,050 [pool-27-thread-1] INFO  util.JmxRegister (JmxRegister.java:tryRegister(44)) - Successfully registered JMX Bean with object name Ratis:service=RaftServer,group=group-E8CFA356D009,id=f7581b44-ec20-4a49-84dc-6482be220b8e
2019-09-19 05:07:01,334 [EventQueue-CreatePipelineStatusForSCMPipelineManager] INFO  pipeline.SCMPipelineManager (SCMPipelineManager.java:onMessage(469)) - receive pipeline PipelineID=dd078534-9c00-4aea-bca3-e8cfa356d009 create status FAILED
2019-09-19 05:07:01,335 [EventQueue-CreatePipelineStatusForSCMPipelineManager] WARN  pipeline.SCMPipelineManager (SCMPipelineManager.java:onMessage(474)) - Pipeline PipelineID=dd078534-9c00-4aea-bca3-e8cfa356d009 cannot be found
2019-09-19 05:07:01,338 | INFO  | SCMAudit | user=jenkins1000 | ip=192.168.34.50 | op=SEND_HEARTBEAT {datanodeUUID=370a1c5b-8b1a-491a-a577-d02fa7ab369f, command=[commandType: closePipelineCommand closePipelineCommandProto { pipelineID { id: "dd078534-9c00-4aea-bca3-e8cfa356d009" } cmdId: 1568869611807 } , commandType: createPipelineCommand createPipelineCommandProto { pipelineID { id: "d35a2aa1-5159-41d5-91f3-914c0954a483" } type: RATIS factor: THREE datanode { uuid: "f7581b44-ec20-4a49-84dc-6482be220b8e" ipAddress: "192.168.34.50" hostName: "pr-hdds-2034-srnhl-2452957315" ports { name: "REST" value: 41788 } ports { name: "RATIS" value: 34061 } ports { name: "STANDALONE" value: 35412 } networkName: "f7581b44-ec20-4a49-84dc-6482be220b8e" networkLocation: "/default-rack" } datanode { uuid: "92793de3-5298-4528-b315-ef9b977911c6" ipAddress: "192.168.34.50" hostName: "pr-hdds-2034-srnhl-2452957315" ports { name: "REST" value: 42093 } ports { name: "RATIS" value: 46839 } ports { name: "STANDALONE" value: 43966 } networkName: "92793de3-5298-4528-b315-ef9b977911c6" networkLocation: "/default-rack" } datanode { uuid: "370a1c5b-8b1a-491a-a577-d02fa7ab369f" ipAddress: "192.168.34.50" hostName: "pr-hdds-2034-srnhl-2452957315" ports { name: "REST" value: 41554 } ports { name: "RATIS" value: 39242 } ports { name: "STANDALONE" value: 43341 } networkName: "370a1c5b-8b1a-491a-a577-d02fa7ab369f" networkLocation: "/default-rack" } cmdId: 1568869611808 } ]} | ret=SUCCESS |  
2019-09-19 05:07:01,339 [EventQueue-CreatePipelineStatusForSCMPipelineManager] INFO  pipeline.SCMPipelineManager (SCMPipelineManager.java:onMessage(469)) - receive pipeline PipelineID=77b1bc39-96f6-4cf5-ae5f-a3a394948300 create status FAILED
2019-09-19 05:07:01,339 [EventQueue-CreatePipelineStatusForSCMPipelineManager] INFO  pipeline.SCMPipelineManager (SCMPipelineManager.java:finalizeAndDestroyPipeline(336)) - destroying pipeline:Pipeline[ Id: 77b1bc39-96f6-4cf5-ae5f-a3a394948300, Nodes: 58155aba-5fe9-410f-b407-41e443f3277a{ip: 192.168.34.50, host: pr-hdds-2034-srnhl-2452957315, networkLocation: /default-rack, certSerialId: null}, Type:RATIS, Factor:ONE, State:ALLOCATED]
2019-09-19 05:07:01,343 [EventQueue-CreatePipelineStatusForSCMPipelineManager] INFO  pipeline.PipelineStateManager (PipelineStateManager.java:finalizePipeline(123)) - Pipeline Pipeline[ Id: 77b1bc39-96f6-4cf5-ae5f-a3a394948300, Nodes: 58155aba-5fe9-410f-b407-41e443f3277a{ip: 192.168.34.50, host: pr-hdds-2034-srnhl-2452957315, networkLocation: /default-rack, certSerialId: null}, Type:RATIS, Factor:ONE, State:CLOSED] moved to CLOSED state
2019-09-19 05:07:01,343 [EventQueue-CreatePipelineStatusForSCMPipelineManager] INFO  pipeline.RatisPipelineProvider (RatisPipelineProvider.java:lambda$close$5(211)) - Send pipeline:PipelineID=77b1bc39-96f6-4cf5-ae5f-a3a394948300 close command to datanode 58155aba-5fe9-410f-b407-41e443f3277a
2019-09-19 05:07:01,344 | INFO  | SCMAudit | user=jenkins1000 | ip=192.168.34.50 | op=SEND_HEARTBEAT {datanodeUUID=58155aba-5fe9-410f-b407-41e443f3277a, command=[commandType: closePipelineCommand closePipelineCommandProto { pipelineID { id: "8461308d-5fd6-4edb-bf8c-98a93b21467f" } cmdId: 1568869611809 } , commandType: createPipelineCommand createPipelineCommandProto { pipelineID { id: "03e4198f-5ce6-47e8-89b6-7886d7da4f5e" } type: RATIS factor: THREE datanode { uuid: "58155aba-5fe9-410f-b407-41e443f3277a" ipAddress: "192.168.34.50" hostName: "pr-hdds-2034-srnhl-2452957315" ports { name: "REST" value: 33545 } ports { name: "RATIS" value: 34594 } ports { name: "STANDALONE" value: 43248 } networkName: "58155aba-5fe9-410f-b407-41e443f3277a" networkLocation: "/default-rack" } datanode { uuid: "50a45026-e3e5-4392-80b5-2fca55db6c54" ipAddress: "192.168.34.50" hostName: "pr-hdds-2034-srnhl-2452957315" ports { name: "REST" value: 45902 } ports { name: "RATIS" value: 46775 } ports { name: "STANDALONE" value: 37340 } networkName: "50a45026-e3e5-4392-80b5-2fca55db6c54" networkLocation: "/default-rack" } datanode { uuid: "24b07b36-37e0-4d88-8ad1-16f6e8f81276" ipAddress: "192.168.34.50" hostName: "pr-hdds-2034-srnhl-2452957315" ports { name: "REST" value: 45667 } ports { name: "RATIS" value: 45448 } ports { name: "STANDALONE" value: 43538 } networkName: "24b07b36-37e0-4d88-8ad1-16f6e8f81276" networkLocation: "/default-rack" } cmdId: 1568869611810 } ]} | ret=SUCCESS |  
2019-09-19 05:07:01,409 [EventQueue-CreatePipelineStatusForSCMPipelineManager] INFO  pipeline.PipelineStateManager (PipelineStateManager.java:removePipeline(108)) - Pipeline Pipeline[ Id: 77b1bc39-96f6-4cf5-ae5f-a3a394948300, Nodes: 58155aba-5fe9-410f-b407-41e443f3277a{ip: 192.168.34.50, host: pr-hdds-2034-srnhl-2452957315, networkLocation: /default-rack, certSerialId: null}, Type:RATIS, Factor:ONE, State:CLOSED] removed from db
2019-09-19 05:07:01,410 [RatisPipelineUtilsThread] INFO  pipeline.RatisPipelineProvider (RatisPipelineProvider.java:lambda$create$4(164)) - Send pipeline:PipelineID=8aadbde2-c230-41d7-aa0f-1501547d8d4d create command to datanode 58155aba-5fe9-410f-b407-41e443f3277a
2019-09-19 05:07:01,418 [Thread-226] INFO  impl.FollowerState (FollowerState.java:run(106)) - f7581b44-ec20-4a49-84dc-6482be220b8e:group-10290650056A changes to CANDIDATE, lastRpcTime:5114, electionTimeout:5111ms
2019-09-19 05:07:01,418 [Thread-226] INFO  impl.RoleInfo (RoleInfo.java:shutdownFollowerState(121)) - f7581b44-ec20-4a49-84dc-6482be220b8e: shutdown FollowerState
2019-09-19 05:07:01,419 [Thread-226] INFO  impl.RaftServerImpl (RaftServerImpl.java:setRole(171)) - f7581b44-ec20-4a49-84dc-6482be220b8e:group-10290650056A changes role from FOLLOWER to CANDIDATE at term 0 for changeToCandidate
2019-09-19 05:07:01,422 [Thread-226] INFO  impl.RoleInfo (RoleInfo.java:updateAndGet(143)) - f7581b44-ec20-4a49-84dc-6482be220b8e: start LeaderElection
2019-09-19 05:07:01,443 [Thread-227] INFO  impl.FollowerState (FollowerState.java:run(106)) - 92793de3-5298-4528-b315-ef9b977911c6:group-968CA31AD45A changes to CANDIDATE, lastRpcTime:5139, electionTimeout:5136ms
2019-09-19 05:07:01,445 [Thread-227] INFO  impl.RoleInfo (RoleInfo.java:shutdownFollowerState(121)) - 92793de3-5298-4528-b315-ef9b977911c6: shutdown FollowerState
2019-09-19 05:07:01,445 [Thread-227] INFO  impl.RaftServerImpl (RaftServerImpl.java:setRole(171)) - 92793de3-5298-4528-b315-ef9b977911c6:group-968CA31AD45A changes role from FOLLOWER to CANDIDATE at term 0 for changeToCandidate
2019-09-19 05:07:01,445 [Thread-227] INFO  impl.RoleInfo (RoleInfo.java:updateAndGet(143)) - 92793de3-5298-4528-b315-ef9b977911c6: start LeaderElection
2019-09-19 05:07:01,454 [Thread-228] INFO  impl.FollowerState (FollowerState.java:run(106)) - 50a45026-e3e5-4392-80b5-2fca55db6c54:group-3827E1F9A5BE changes to CANDIDATE, lastRpcTime:5149, electionTimeout:5147ms
2019-09-19 05:07:01,454 [Thread-228] INFO  impl.RoleInfo (RoleInfo.java:shutdownFollowerState(121)) - 50a45026-e3e5-4392-80b5-2fca55db6c54: shutdown FollowerState
2019-09-19 05:07:01,454 [Thread-228] INFO  impl.RaftServerImpl (RaftServerImpl.java:setRole(171)) - 50a45026-e3e5-4392-80b5-2fca55db6c54:group-3827E1F9A5BE changes role from FOLLOWER to CANDIDATE at term 0 for changeToCandidate
2019-09-19 05:07:01,454 [Thread-228] INFO  impl.RoleInfo (RoleInfo.java:updateAndGet(143)) - 50a45026-e3e5-4392-80b5-2fca55db6c54: start LeaderElection
2019-09-19 05:07:01,463 [Thread-229] INFO  impl.FollowerState (FollowerState.java:run(106)) - 370a1c5b-8b1a-491a-a577-d02fa7ab369f:group-6255958BC967 changes to CANDIDATE, lastRpcTime:5159, electionTimeout:5155ms
2019-09-19 05:07:01,463 [Thread-231] INFO  impl.FollowerState (FollowerState.java:run(106)) - 24b07b36-37e0-4d88-8ad1-16f6e8f81276:group-A0F6E05DB6A3 changes to CANDIDATE, lastRpcTime:5139, electionTimeout:5137ms
2019-09-19 05:07:01,471 [Thread-229] INFO  impl.RoleInfo (RoleInfo.java:shutdownFollowerState(121)) - 370a1c5b-8b1a-491a-a577-d02fa7ab369f: shutdown FollowerState
2019-09-19 05:07:01,471 [Thread-231] INFO  impl.RoleInfo (RoleInfo.java:shutdownFollowerState(121)) - 24b07b36-37e0-4d88-8ad1-16f6e8f81276: shutdown FollowerState
2019-09-19 05:07:01,471 [Thread-229] INFO  impl.RaftServerImpl (RaftServerImpl.java:setRole(171)) - 370a1c5b-8b1a-491a-a577-d02fa7ab369f:group-6255958BC967 changes role from FOLLOWER to CANDIDATE at term 0 for changeToCandidate
2019-09-19 05:07:01,471 [Thread-231] INFO  impl.RaftServerImpl (RaftServerImpl.java:setRole(171)) - 24b07b36-37e0-4d88-8ad1-16f6e8f81276:group-A0F6E05DB6A3 changes role from FOLLOWER to CANDIDATE at term 0 for changeToCandidate
2019-09-19 05:07:01,471 [Thread-229] INFO  impl.RoleInfo (RoleInfo.java:updateAndGet(143)) - 370a1c5b-8b1a-491a-a577-d02fa7ab369f: start LeaderElection
2019-09-19 05:07:01,472 [Thread-231] INFO  impl.RoleInfo (RoleInfo.java:updateAndGet(143)) - 24b07b36-37e0-4d88-8ad1-16f6e8f81276: start LeaderElection
2019-09-19 05:07:01,753 | INFO  | SCMAudit | user=jenkins1000 | ip=192.168.34.50 | op=SEND_HEARTBEAT {datanodeUUID=f7581b44-ec20-4a49-84dc-6482be220b8e, command=[commandType: closePipelineCommand closePipelineCommandProto { pipelineID { id: "dd078534-9c00-4aea-bca3-e8cfa356d009" } cmdId: 1568869611807 } , commandType: createPipelineCommand createPipelineCommandProto { pipelineID { id: "d35a2aa1-5159-41d5-91f3-914c0954a483" } type: RATIS factor: THREE datanode { uuid: "f7581b44-ec20-4a49-84dc-6482be220b8e" ipAddress: "192.168.34.50" hostName: "pr-hdds-2034-srnhl-2452957315" ports { name: "REST" value: 41788 } ports { name: "RATIS" value: 34061 } ports { name: "STANDALONE" value: 35412 } networkName: "f7581b44-ec20-4a49-84dc-6482be220b8e" networkLocation: "/default-rack" } datanode { uuid: "92793de3-5298-4528-b315-ef9b977911c6" ipAddress: "192.168.34.50" hostName: "pr-hdds-2034-srnhl-2452957315" ports { name: "REST" value: 42093 } ports { name: "RATIS" value: 46839 } ports { name: "STANDALONE" value: 43966 } networkName: "92793de3-5298-4528-b315-ef9b977911c6" networkLocation: "/default-rack" } datanode { uuid: "370a1c5b-8b1a-491a-a577-d02fa7ab369f" ipAddress: "192.168.34.50" hostName: "pr-hdds-2034-srnhl-2452957315" ports { name: "REST" value: 41554 } ports { name: "RATIS" value: 39242 } ports { name: "STANDALONE" value: 43341 } networkName: "370a1c5b-8b1a-491a-a577-d02fa7ab369f" networkLocation: "/default-rack" } cmdId: 1568869611808 } ]} | ret=SUCCESS |  
2019-09-19 05:07:01,914 | INFO  | SCMAudit | user=jenkins1000 | ip=192.168.34.50 | op=SEND_HEARTBEAT {datanodeUUID=24b07b36-37e0-4d88-8ad1-16f6e8f81276, command=[commandType: closePipelineCommand closePipelineCommandProto { pipelineID { id: "8461308d-5fd6-4edb-bf8c-98a93b21467f" } cmdId: 1568869611809 } , commandType: createPipelineCommand createPipelineCommandProto { pipelineID { id: "03e4198f-5ce6-47e8-89b6-7886d7da4f5e" } type: RATIS factor: THREE datanode { uuid: "58155aba-5fe9-410f-b407-41e443f3277a" ipAddress: "192.168.34.50" hostName: "pr-hdds-2034-srnhl-2452957315" ports { name: "REST" value: 33545 } ports { name: "RATIS" value: 34594 } ports { name: "STANDALONE" value: 43248 } networkName: "58155aba-5fe9-410f-b407-41e443f3277a" networkLocation: "/default-rack" } datanode { uuid: "50a45026-e3e5-4392-80b5-2fca55db6c54" ipAddress: "192.168.34.50" hostName: "pr-hdds-2034-srnhl-2452957315" ports { name: "REST" value: 45902 } ports { name: "RATIS" value: 46775 } ports { name: "STANDALONE" value: 37340 } networkName: "50a45026-e3e5-4392-80b5-2fca55db6c54" networkLocation: "/default-rack" } datanode { uuid: "24b07b36-37e0-4d88-8ad1-16f6e8f81276" ipAddress: "192.168.34.50" hostName: "pr-hdds-2034-srnhl-2452957315" ports { name: "REST" value: 45667 } ports { name: "RATIS" value: 45448 } ports { name: "STANDALONE" value: 43538 } networkName: "24b07b36-37e0-4d88-8ad1-16f6e8f81276" networkLocation: "/default-rack" } cmdId: 1568869611810 } ]} | ret=SUCCESS |  
2019-09-19 05:07:02,334 | INFO  | SCMAudit | user=jenkins1000 | ip=192.168.34.50 | op=SEND_HEARTBEAT {datanodeUUID=370a1c5b-8b1a-491a-a577-d02fa7ab369f, command=[]} | ret=SUCCESS |  
2019-09-19 05:07:02,340 | INFO  | SCMAudit | user=jenkins1000 | ip=192.168.34.50 | op=SEND_HEARTBEAT {datanodeUUID=58155aba-5fe9-410f-b407-41e443f3277a, command=[commandType: closePipelineCommand closePipelineCommandProto { pipelineID { id: "77b1bc39-96f6-4cf5-ae5f-a3a394948300" } cmdId: 1568869611811 } , commandType: createPipelineCommand createPipelineCommandProto { pipelineID { id: "8aadbde2-c230-41d7-aa0f-1501547d8d4d" } type: RATIS factor: ONE datanode { uuid: "58155aba-5fe9-410f-b407-41e443f3277a" ipAddress: "192.168.34.50" hostName: "pr-hdds-2034-srnhl-2452957315" ports { name: "REST" value: 33545 } ports { name: "RATIS" value: 34594 } ports { name: "STANDALONE" value: 43248 } networkName: "58155aba-5fe9-410f-b407-41e443f3277a" networkLocation: "/default-rack" } cmdId: 1568869611812 } ]} | ret=SUCCESS |  
2019-09-19 05:07:02,363 [Command processor thread] ERROR commandhandler.CreatePipelineCommandHandler (CreatePipelineCommandHandler.java:createPipeline(212)) - Failed invoke Ratis rpc for 58155aba-5fe9-410f-b407-41e443f3277a
org.apache.ratis.protocol.TimeoutIOException: deadline exceeded after 2999752707ns
	at org.apache.ratis.grpc.GrpcUtil.tryUnwrapException(GrpcUtil.java:82)
	at org.apache.ratis.grpc.GrpcUtil.unwrapException(GrpcUtil.java:75)
	at org.apache.ratis.grpc.client.GrpcClientProtocolClient.blockingCall(GrpcClientProtocolClient.java:169)
	at org.apache.ratis.grpc.client.GrpcClientProtocolClient.groupAdd(GrpcClientProtocolClient.java:138)
	at org.apache.ratis.grpc.client.GrpcClientRpc.sendRequest(GrpcClientRpc.java:94)
	at org.apache.ratis.client.impl.RaftClientImpl.sendRequest(RaftClientImpl.java:279)
	at org.apache.ratis.client.impl.RaftClientImpl.groupAdd(RaftClientImpl.java:206)
	at org.apache.hadoop.ozone.container.common.statemachine.commandhandler.CreatePipelineCommandHandler.createPipeline(CreatePipelineCommandHandler.java:202)
	at org.apache.hadoop.ozone.container.common.statemachine.commandhandler.CreatePipelineCommandHandler.handle(CreatePipelineCommandHandler.java:110)
	at org.apache.hadoop.ozone.container.common.statemachine.commandhandler.CommandDispatcher.handle(CommandDispatcher.java:93)
	at org.apache.hadoop.ozone.container.common.statemachine.DatanodeStateMachine.lambda$initCommandHandlerThread$1(DatanodeStateMachine.java:438)
	at java.lang.Thread.run(Thread.java:748)
Caused by: org.apache.ratis.thirdparty.io.grpc.StatusRuntimeException: DEADLINE_EXCEEDED: deadline exceeded after 2999752707ns
	at org.apache.ratis.thirdparty.io.grpc.stub.ClientCalls.toStatusRuntimeException(ClientCalls.java:233)
	at org.apache.ratis.thirdparty.io.grpc.stub.ClientCalls.getUnchecked(ClientCalls.java:214)
	at org.apache.ratis.thirdparty.io.grpc.stub.ClientCalls.blockingUnaryCall(ClientCalls.java:139)
	at org.apache.ratis.proto.grpc.AdminProtocolServiceGrpc$AdminProtocolServiceBlockingStub.groupManagement(AdminProtocolServiceGrpc.java:274)
	at org.apache.ratis.grpc.client.GrpcClientProtocolClient.lambda$groupAdd$3(GrpcClientProtocolClient.java:140)
	at org.apache.ratis.grpc.client.GrpcClientProtocolClient.blockingCall(GrpcClientProtocolClient.java:167)
	... 9 more
2019-09-19 05:07:02,364 [Command processor thread] ERROR commandhandler.CreatePipelineCommandHandler (CreatePipelineCommandHandler.java:handle(118)) - Can't create pipeline RATIS THREE #PipelineID=8461308d-5fd6-4edb-bf8c-98a93b21467f
java.io.IOException: Failed invoke Ratis rpc for 58155aba-5fe9-410f-b407-41e443f3277a
	at org.apache.hadoop.ozone.container.common.statemachine.commandhandler.CreatePipelineCommandHandler.createPipeline(CreatePipelineCommandHandler.java:213)
	at org.apache.hadoop.ozone.container.common.statemachine.commandhandler.CreatePipelineCommandHandler.handle(CreatePipelineCommandHandler.java:110)
	at org.apache.hadoop.ozone.container.common.statemachine.commandhandler.CommandDispatcher.handle(CommandDispatcher.java:93)
	at org.apache.hadoop.ozone.container.common.statemachine.DatanodeStateMachine.lambda$initCommandHandlerThread$1(DatanodeStateMachine.java:438)
	at java.lang.Thread.run(Thread.java:748)
Caused by: org.apache.ratis.protocol.TimeoutIOException: deadline exceeded after 2999752707ns
	at org.apache.ratis.grpc.GrpcUtil.tryUnwrapException(GrpcUtil.java:82)
	at org.apache.ratis.grpc.GrpcUtil.unwrapException(GrpcUtil.java:75)
	at org.apache.ratis.grpc.client.GrpcClientProtocolClient.blockingCall(GrpcClientProtocolClient.java:169)
	at org.apache.ratis.grpc.client.GrpcClientProtocolClient.groupAdd(GrpcClientProtocolClient.java:138)
	at org.apache.ratis.grpc.client.GrpcClientRpc.sendRequest(GrpcClientRpc.java:94)
	at org.apache.ratis.client.impl.RaftClientImpl.sendRequest(RaftClientImpl.java:279)
	at org.apache.ratis.client.impl.RaftClientImpl.groupAdd(RaftClientImpl.java:206)
	at org.apache.hadoop.ozone.container.common.statemachine.commandhandler.CreatePipelineCommandHandler.createPipeline(CreatePipelineCommandHandler.java:202)
	... 4 more
Caused by: org.apache.ratis.thirdparty.io.grpc.StatusRuntimeException: DEADLINE_EXCEEDED: deadline exceeded after 2999752707ns
	at org.apache.ratis.thirdparty.io.grpc.stub.ClientCalls.toStatusRuntimeException(ClientCalls.java:233)
	at org.apache.ratis.thirdparty.io.grpc.stub.ClientCalls.getUnchecked(ClientCalls.java:214)
	at org.apache.ratis.thirdparty.io.grpc.stub.ClientCalls.blockingUnaryCall(ClientCalls.java:139)
	at org.apache.ratis.proto.grpc.AdminProtocolServiceGrpc$AdminProtocolServiceBlockingStub.groupManagement(AdminProtocolServiceGrpc.java:274)
	at org.apache.ratis.grpc.client.GrpcClientProtocolClient.lambda$groupAdd$3(GrpcClientProtocolClient.java:140)
	at org.apache.ratis.grpc.client.GrpcClientProtocolClient.blockingCall(GrpcClientProtocolClient.java:167)
	... 9 more
2019-09-19 05:07:02,385 [grpc-default-executor-4] INFO  impl.RaftServerProxy (RaftServerProxy.java:remove(95)) - 58155aba-5fe9-410f-b407-41e443f3277a: remove group-98A93B21467F:java.util.concurrent.CompletableFuture@59ec8e22[Not completed, 1 dependents]
2019-09-19 05:07:02,402 [main] INFO  ozoneimpl.OzoneContainer (OzoneContainer.java:stop(199)) - Attempting to stop container services.
2019-09-19 05:07:02,402 [ForkJoinPool.commonPool-worker-0] INFO  ozoneimpl.OzoneContainer (OzoneContainer.java:stop(199)) - Attempting to stop container services.
2019-09-19 05:07:02,403 [main] INFO  impl.RaftServerProxy (RaftServerProxy.java:lambda$close$4(314)) - 50a45026-e3e5-4392-80b5-2fca55db6c54: close
2019-09-19 05:07:02,403 [ForkJoinPool.commonPool-worker-0] INFO  impl.RaftServerProxy (RaftServerProxy.java:lambda$close$4(314)) - 92793de3-5298-4528-b315-ef9b977911c6: close
2019-09-19 05:07:02,405 [main] INFO  impl.RaftServerImpl (RaftServerImpl.java:lambda$shutdown$3(245)) - 50a45026-e3e5-4392-80b5-2fca55db6c54: shutdown group-3827E1F9A5BE
2019-09-19 05:07:02,405 [ForkJoinPool.commonPool-worker-0] INFO  impl.RaftServerImpl (RaftServerImpl.java:lambda$shutdown$3(245)) - 92793de3-5298-4528-b315-ef9b977911c6: shutdown group-E8CFA356D009
2019-09-19 05:07:02,406 [main] INFO  util.JmxRegister (JmxRegister.java:unregister(73)) - Successfully un-registered JMX Bean with object name Ratis:service=RaftServer,group=group-3827E1F9A5BE,id=50a45026-e3e5-4392-80b5-2fca55db6c54
2019-09-19 05:07:02,406 [ForkJoinPool.commonPool-worker-0] INFO  util.JmxRegister (JmxRegister.java:unregister(73)) - Successfully un-registered JMX Bean with object name Ratis:service=RaftServer,group=group-E8CFA356D009,id=92793de3-5298-4528-b315-ef9b977911c6
2019-09-19 05:07:02,407 [main] INFO  impl.RoleInfo (RoleInfo.java:shutdownLeaderElection(134)) - 50a45026-e3e5-4392-80b5-2fca55db6c54: shutdown LeaderElection
2019-09-19 05:07:02,407 [ForkJoinPool.commonPool-worker-0] INFO  impl.RoleInfo (RoleInfo.java:shutdownFollowerState(121)) - 92793de3-5298-4528-b315-ef9b977911c6: shutdown FollowerState
2019-09-19 05:07:02,407 [ForkJoinPool.commonPool-worker-0] INFO  impl.StateMachineUpdater (StateMachineUpdater.java:stopAndJoin(115)) - StateMachineUpdater:92793de3-5298-4528-b315-ef9b977911c6:group-E8CFA356D009: set stopIndex = -1
2019-09-19 05:07:02,409 [Thread-256] INFO  impl.FollowerState (FollowerState.java:run(114)) - 92793de3-5298-4528-b315-ef9b977911c6: FollowerState was interrupted: java.lang.InterruptedException: sleep interrupted
2019-09-19 05:07:02,407 [main] INFO  impl.StateMachineUpdater (StateMachineUpdater.java:stopAndJoin(115)) - StateMachineUpdater:50a45026-e3e5-4392-80b5-2fca55db6c54:group-3827E1F9A5BE: set stopIndex = -1
2019-09-19 05:07:02,414 [ForkJoinPool.commonPool-worker-0] INFO  impl.RaftServerImpl (ServerState.java:close(394)) - 92793de3-5298-4528-b315-ef9b977911c6:group-E8CFA356D009 closes. The last applied log index is -1
2019-09-19 05:07:02,415 [main] INFO  impl.RaftServerImpl (ServerState.java:close(394)) - 50a45026-e3e5-4392-80b5-2fca55db6c54:group-3827E1F9A5BE closes. The last applied log index is -1
2019-09-19 05:07:02,419 [92793de3-5298-4528-b315-ef9b977911c6-SegmentedRaftLogWorker:Storage Directory /workdir/hadoop-ozone/integration-test/target/test-dir/MiniOzoneClusterImpl-bbf495c9-350a-409e-a1d0-dfcf287214b2/datanode-1/data/ratis/dd078534-9c00-4aea-bca3-e8cfa356d009] INFO  segmented.SegmentedRaftLogWorker (SegmentedRaftLogWorker.java:run(313)) - 92793de3-5298-4528-b315-ef9b977911c6-SegmentedRaftLogWorker:Storage Directory /workdir/hadoop-ozone/integration-test/target/test-dir/MiniOzoneClusterImpl-bbf495c9-350a-409e-a1d0-dfcf287214b2/datanode-1/data/ratis/dd078534-9c00-4aea-bca3-e8cfa356d009 was interrupted, exiting. There are 0 tasks remaining in the queue.
2019-09-19 05:07:02,419 [50a45026-e3e5-4392-80b5-2fca55db6c54-SegmentedRaftLogWorker:Storage Directory /workdir/hadoop-ozone/integration-test/target/test-dir/MiniOzoneClusterImpl-bbf495c9-350a-409e-a1d0-dfcf287214b2/datanode-3/data/ratis/8e2ad319-1366-48f1-9af4-3827e1f9a5be] INFO  segmented.SegmentedRaftLogWorker (SegmentedRaftLogWorker.java:run(313)) - 50a45026-e3e5-4392-80b5-2fca55db6c54-SegmentedRaftLogWorker:Storage Directory /workdir/hadoop-ozone/integration-test/target/test-dir/MiniOzoneClusterImpl-bbf495c9-350a-409e-a1d0-dfcf287214b2/datanode-3/data/ratis/8e2ad319-1366-48f1-9af4-3827e1f9a5be was interrupted, exiting. There are 0 tasks remaining in the queue.
2019-09-19 05:07:02,421 [ForkJoinPool.commonPool-worker-0] INFO  segmented.SegmentedRaftLogWorker (SegmentedRaftLogWorker.java:close(228)) - 92793de3-5298-4528-b315-ef9b977911c6-SegmentedRaftLogWorker:Storage Directory /workdir/hadoop-ozone/integration-test/target/test-dir/MiniOzoneClusterImpl-bbf495c9-350a-409e-a1d0-dfcf287214b2/datanode-1/data/ratis/dd078534-9c00-4aea-bca3-e8cfa356d009 close()
2019-09-19 05:07:02,421 [main] INFO  segmented.SegmentedRaftLogWorker (SegmentedRaftLogWorker.java:close(228)) - 50a45026-e3e5-4392-80b5-2fca55db6c54-SegmentedRaftLogWorker:Storage Directory /workdir/hadoop-ozone/integration-test/target/test-dir/MiniOzoneClusterImpl-bbf495c9-350a-409e-a1d0-dfcf287214b2/datanode-3/data/ratis/8e2ad319-1366-48f1-9af4-3827e1f9a5be close()
2019-09-19 05:07:02,427 [ForkJoinPool.commonPool-worker-0] INFO  impl.RaftServerImpl (RaftServerImpl.java:lambda$shutdown$3(245)) - 92793de3-5298-4528-b315-ef9b977911c6: shutdown group-968CA31AD45A
2019-09-19 05:07:02,430 [main] INFO  impl.RaftServerImpl (RaftServerImpl.java:lambda$shutdown$3(245)) - 50a45026-e3e5-4392-80b5-2fca55db6c54: shutdown group-98A93B21467F
2019-09-19 05:07:02,430 [ForkJoinPool.commonPool-worker-0] INFO  util.JmxRegister (JmxRegister.java:unregister(73)) - Successfully un-registered JMX Bean with object name Ratis:service=RaftServer,group=group-968CA31AD45A,id=92793de3-5298-4528-b315-ef9b977911c6
2019-09-19 05:07:02,431 [main] INFO  util.JmxRegister (JmxRegister.java:unregister(73)) - Successfully un-registered JMX Bean with object name Ratis:service=RaftServer,group=group-98A93B21467F,id=50a45026-e3e5-4392-80b5-2fca55db6c54
2019-09-19 05:07:02,431 [ForkJoinPool.commonPool-worker-0] INFO  impl.RoleInfo (RoleInfo.java:shutdownLeaderElection(134)) - 92793de3-5298-4528-b315-ef9b977911c6: shutdown LeaderElection
2019-09-19 05:07:02,431 [main] INFO  impl.RoleInfo (RoleInfo.java:shutdownFollowerState(121)) - 50a45026-e3e5-4392-80b5-2fca55db6c54: shutdown FollowerState
2019-09-19 05:07:02,432 [ForkJoinPool.commonPool-worker-0] INFO  impl.StateMachineUpdater (StateMachineUpdater.java:stopAndJoin(115)) - StateMachineUpdater:92793de3-5298-4528-b315-ef9b977911c6:group-968CA31AD45A: set stopIndex = -1
2019-09-19 05:07:02,433 [main] INFO  impl.StateMachineUpdater (StateMachineUpdater.java:stopAndJoin(115)) - StateMachineUpdater:50a45026-e3e5-4392-80b5-2fca55db6c54:group-98A93B21467F: set stopIndex = -1
2019-09-19 05:07:02,435 [main] INFO  impl.RaftServerImpl (ServerState.java:close(394)) - 50a45026-e3e5-4392-80b5-2fca55db6c54:group-98A93B21467F closes. The last applied log index is -1
2019-09-19 05:07:02,434 [Thread-250] INFO  impl.FollowerState (FollowerState.java:run(114)) - 50a45026-e3e5-4392-80b5-2fca55db6c54: FollowerState was interrupted: java.lang.InterruptedException: sleep interrupted
2019-09-19 05:07:02,434 [ForkJoinPool.commonPool-worker-0] INFO  impl.RaftServerImpl (ServerState.java:close(394)) - 92793de3-5298-4528-b315-ef9b977911c6:group-968CA31AD45A closes. The last applied log index is -1
2019-09-19 05:07:02,436 [50a45026-e3e5-4392-80b5-2fca55db6c54-SegmentedRaftLogWorker:Storage Directory /workdir/hadoop-ozone/integration-test/target/test-dir/MiniOzoneClusterImpl-bbf495c9-350a-409e-a1d0-dfcf287214b2/datanode-3/data/ratis/8461308d-5fd6-4edb-bf8c-98a93b21467f] INFO  segmented.SegmentedRaftLogWorker (SegmentedRaftLogWorker.java:run(313)) - 50a45026-e3e5-4392-80b5-2fca55db6c54-SegmentedRaftLogWorker:Storage Directory /workdir/hadoop-ozone/integration-test/target/test-dir/MiniOzoneClusterImpl-bbf495c9-350a-409e-a1d0-dfcf287214b2/datanode-3/data/ratis/8461308d-5fd6-4edb-bf8c-98a93b21467f was interrupted, exiting. There are 0 tasks remaining in the queue.
2019-09-19 05:07:02,438 [92793de3-5298-4528-b315-ef9b977911c6-SegmentedRaftLogWorker:Storage Directory /workdir/hadoop-ozone/integration-test/target/test-dir/MiniOzoneClusterImpl-bbf495c9-350a-409e-a1d0-dfcf287214b2/datanode-1/data/ratis/9c17bf43-ca5b-4a72-a5ed-968ca31ad45a] INFO  segmented.SegmentedRaftLogWorker (SegmentedRaftLogWorker.java:run(313)) - 92793de3-5298-4528-b315-ef9b977911c6-SegmentedRaftLogWorker:Storage Directory /workdir/hadoop-ozone/integration-test/target/test-dir/MiniOzoneClusterImpl-bbf495c9-350a-409e-a1d0-dfcf287214b2/datanode-1/data/ratis/9c17bf43-ca5b-4a72-a5ed-968ca31ad45a was interrupted, exiting. There are 0 tasks remaining in the queue.
2019-09-19 05:07:02,438 [main] INFO  segmented.SegmentedRaftLogWorker (SegmentedRaftLogWorker.java:close(228)) - 50a45026-e3e5-4392-80b5-2fca55db6c54-SegmentedRaftLogWorker:Storage Directory /workdir/hadoop-ozone/integration-test/target/test-dir/MiniOzoneClusterImpl-bbf495c9-350a-409e-a1d0-dfcf287214b2/datanode-3/data/ratis/8461308d-5fd6-4edb-bf8c-98a93b21467f close()
2019-09-19 05:07:02,439 [ForkJoinPool.commonPool-worker-0] INFO  segmented.SegmentedRaftLogWorker (SegmentedRaftLogWorker.java:close(228)) - 92793de3-5298-4528-b315-ef9b977911c6-SegmentedRaftLogWorker:Storage Directory /workdir/hadoop-ozone/integration-test/target/test-dir/MiniOzoneClusterImpl-bbf495c9-350a-409e-a1d0-dfcf287214b2/datanode-1/data/ratis/9c17bf43-ca5b-4a72-a5ed-968ca31ad45a close()
2019-09-19 05:07:02,446 [ForkJoinPool.commonPool-worker-0] INFO  server.GrpcService (GrpcService.java:closeImpl(155)) - 92793de3-5298-4528-b315-ef9b977911c6: shutdown server with port 46839 now
2019-09-19 05:07:02,446 [main] INFO  server.GrpcService (GrpcService.java:closeImpl(155)) - 50a45026-e3e5-4392-80b5-2fca55db6c54: shutdown server with port 46775 now
2019-09-19 05:07:02,447 [main] INFO  server.GrpcService (GrpcService.java:closeImpl(163)) - 50a45026-e3e5-4392-80b5-2fca55db6c54: shutdown server with port 46775 successfully
2019-09-19 05:07:02,448 [ForkJoinPool.commonPool-worker-0] INFO  server.GrpcService (GrpcService.java:closeImpl(163)) - 92793de3-5298-4528-b315-ef9b977911c6: shutdown server with port 46839 successfully
2019-09-19 05:07:02,450 [main] INFO  utils.BackgroundService (BackgroundService.java:shutdown(148)) - Shutting down service BlockDeletingService
2019-09-19 05:07:02,451 [refreshUsed-/workdir/hadoop-ozone/integration-test/target/test-dir/MiniOzoneClusterImpl-bbf495c9-350a-409e-a1d0-dfcf287214b2/datanode-3/data/containers] WARN  fs.CachingGetSpaceUsed (CachingGetSpaceUsed.java:run(183)) - Thread Interrupted waiting to refresh disk information: sleep interrupted
2019-09-19 05:07:02,452 [ForkJoinPool.commonPool-worker-0] INFO  utils.BackgroundService (BackgroundService.java:shutdown(148)) - Shutting down service BlockDeletingService
2019-09-19 05:07:02,456 [refreshUsed-/workdir/hadoop-ozone/integration-test/target/test-dir/MiniOzoneClusterImpl-bbf495c9-350a-409e-a1d0-dfcf287214b2/datanode-1/data/containers] WARN  fs.CachingGetSpaceUsed (CachingGetSpaceUsed.java:run(183)) - Thread Interrupted waiting to refresh disk information: sleep interrupted
2019-09-19 05:07:02,480 [main] INFO  statemachine.DatanodeStateMachine (DatanodeStateMachine.java:stopDaemon(401)) - Ozone container server stopped.
2019-09-19 05:07:02,481 [main] INFO  handler.ContextHandler (ContextHandler.java:doStop(910)) - Stopped o.e.j.w.WebAppContext@79df80a4{/,null,UNAVAILABLE}{/hddsDatanode}
2019-09-19 05:07:02,481 [main] INFO  server.AbstractConnector (AbstractConnector.java:doStop(318)) - Stopped ServerConnector@130cfc47{HTTP/1.1,[http/1.1]}{0.0.0.0:0}
2019-09-19 05:07:02,482 [main] INFO  handler.ContextHandler (ContextHandler.java:doStop(910)) - Stopped o.e.j.s.ServletContextHandler@1a914089{/static,jar:file:/home/user/.m2/repository/org/apache/hadoop/hadoop-hdds-container-service/0.5.0-SNAPSHOT/hadoop-hdds-container-service-0.5.0-SNAPSHOT.jar!/webapps/static,UNAVAILABLE}
2019-09-19 05:07:02,482 [main] INFO  handler.ContextHandler (ContextHandler.java:doStop(910)) - Stopped o.e.j.s.ServletContextHandler@2725ca05{/logs,file:///workdir/hadoop-ozone/integration-test/target/log,UNAVAILABLE}
2019-09-19 05:07:02,483 [main] INFO  datanode.ObjectStoreHandler (ObjectStoreHandler.java:close(155)) - Closing ObjectStoreHandler.
2019-09-19 05:07:02,483 [main] INFO  ozone.HddsDatanodeService (HddsDatanodeService.java:stop(451)) - Stopped plug-in org.apache.hadoop.ozone.web.OzoneHddsDatanodeService@78479f2b
2019-09-19 05:07:02,487 [ForkJoinPool.commonPool-worker-0] INFO  statemachine.DatanodeStateMachine (DatanodeStateMachine.java:stopDaemon(401)) - Ozone container server stopped.
2019-09-19 05:07:02,491 [ForkJoinPool.commonPool-worker-0] INFO  handler.ContextHandler (ContextHandler.java:doStop(910)) - Stopped o.e.j.w.WebAppContext@4bf03fee{/,null,UNAVAILABLE}{/hddsDatanode}
2019-09-19 05:07:02,491 [ForkJoinPool.commonPool-worker-0] INFO  server.AbstractConnector (AbstractConnector.java:doStop(318)) - Stopped ServerConnector@31834a2b{HTTP/1.1,[http/1.1]}{0.0.0.0:0}
2019-09-19 05:07:02,493 [ForkJoinPool.commonPool-worker-0] INFO  handler.ContextHandler (ContextHandler.java:doStop(910)) - Stopped o.e.j.s.ServletContextHandler@5460edd3{/static,jar:file:/home/user/.m2/repository/org/apache/hadoop/hadoop-hdds-container-service/0.5.0-SNAPSHOT/hadoop-hdds-container-service-0.5.0-SNAPSHOT.jar!/webapps/static,UNAVAILABLE}
2019-09-19 05:07:02,494 [ForkJoinPool.commonPool-worker-0] INFO  handler.ContextHandler (ContextHandler.java:doStop(910)) - Stopped o.e.j.s.ServletContextHandler@40717ed{/logs,file:///workdir/hadoop-ozone/integration-test/target/log,UNAVAILABLE}
2019-09-19 05:07:02,495 [ForkJoinPool.commonPool-worker-0] INFO  datanode.ObjectStoreHandler (ObjectStoreHandler.java:close(155)) - Closing ObjectStoreHandler.
2019-09-19 05:07:02,495 [ForkJoinPool.commonPool-worker-0] INFO  ozone.HddsDatanodeService (HddsDatanodeService.java:stop(451)) - Stopped plug-in org.apache.hadoop.ozone.web.OzoneHddsDatanodeService@30abf79c
2019-09-19 05:07:02,651 [pool-82-thread-1] INFO  storage.RaftStorageDirectory (RaftStorageDirectory.java:tryLock(328)) - Lock on /workdir/hadoop-ozone/integration-test/target/test-dir/MiniOzoneClusterImpl-bbf495c9-350a-409e-a1d0-dfcf287214b2/datanode-5/data/ratis/8461308d-5fd6-4edb-bf8c-98a93b21467f/in_use.lock acquired by nodename 12277@pr-hdds-2034-srnhl-2452957315
2019-09-19 05:07:02,753 | INFO  | SCMAudit | user=jenkins1000 | ip=192.168.34.50 | op=SEND_HEARTBEAT {datanodeUUID=f7581b44-ec20-4a49-84dc-6482be220b8e, command=[]} | ret=SUCCESS |  
2019-09-19 05:07:02,772 [grpc-default-executor-4] INFO  impl.RaftServerProxy (RaftServerProxy.java:remove(95)) - f7581b44-ec20-4a49-84dc-6482be220b8e: remove FOLLOWER group-E8CFA356D009 f7581b44-ec20-4a49-84dc-6482be220b8e:t0, leader=null, voted=null, raftlog=f7581b44-ec20-4a49-84dc-6482be220b8e-SegmentedRaftLog:OPENED:c-1,f-1,i0, conf=-1: [370a1c5b-8b1a-491a-a577-d02fa7ab369f:192.168.34.50:39242, f7581b44-ec20-4a49-84dc-6482be220b8e:192.168.34.50:34061, 92793de3-5298-4528-b315-ef9b977911c6:192.168.34.50:46839], old=null RUNNING
2019-09-19 05:07:02,773 [grpc-default-executor-4] INFO  impl.RaftServerImpl (RaftServerImpl.java:lambda$shutdown$3(245)) - f7581b44-ec20-4a49-84dc-6482be220b8e: shutdown group-E8CFA356D009
2019-09-19 05:07:02,773 [grpc-default-executor-4] INFO  util.JmxRegister (JmxRegister.java:unregister(73)) - Successfully un-registered JMX Bean with object name Ratis:service=RaftServer,group=group-E8CFA356D009,id=f7581b44-ec20-4a49-84dc-6482be220b8e
2019-09-19 05:07:02,774 [grpc-default-executor-4] INFO  impl.RoleInfo (RoleInfo.java:shutdownFollowerState(121)) - f7581b44-ec20-4a49-84dc-6482be220b8e: shutdown FollowerState
2019-09-19 05:07:02,774 [grpc-default-executor-4] INFO  impl.StateMachineUpdater (StateMachineUpdater.java:stopAndJoin(115)) - StateMachineUpdater:f7581b44-ec20-4a49-84dc-6482be220b8e:group-E8CFA356D009: set stopIndex = -1
2019-09-19 05:07:02,774 [Thread-257] INFO  impl.FollowerState (FollowerState.java:run(114)) - f7581b44-ec20-4a49-84dc-6482be220b8e: FollowerState was interrupted: java.lang.InterruptedException: sleep interrupted
2019-09-19 05:07:02,776 [grpc-default-executor-4] INFO  impl.RaftServerImpl (ServerState.java:close(394)) - f7581b44-ec20-4a49-84dc-6482be220b8e:group-E8CFA356D009 closes. The last applied log index is -1
2019-09-19 05:07:02,781 [f7581b44-ec20-4a49-84dc-6482be220b8e-SegmentedRaftLogWorker:Storage Directory /workdir/hadoop-ozone/integration-test/target/test-dir/MiniOzoneClusterImpl-bbf495c9-350a-409e-a1d0-dfcf287214b2/datanode-0/data/ratis/dd078534-9c00-4aea-bca3-e8cfa356d009] INFO  segmented.SegmentedRaftLogWorker (SegmentedRaftLogWorker.java:run(313)) - f7581b44-ec20-4a49-84dc-6482be220b8e-SegmentedRaftLogWorker:Storage Directory /workdir/hadoop-ozone/integration-test/target/test-dir/MiniOzoneClusterImpl-bbf495c9-350a-409e-a1d0-dfcf287214b2/datanode-0/data/ratis/dd078534-9c00-4aea-bca3-e8cfa356d009 was interrupted, exiting. There are 0 tasks remaining in the queue.
2019-09-19 05:07:02,781 [grpc-default-executor-4] INFO  segmented.SegmentedRaftLogWorker (SegmentedRaftLogWorker.java:close(228)) - f7581b44-ec20-4a49-84dc-6482be220b8e-SegmentedRaftLogWorker:Storage Directory /workdir/hadoop-ozone/integration-test/target/test-dir/MiniOzoneClusterImpl-bbf495c9-350a-409e-a1d0-dfcf287214b2/datanode-0/data/ratis/dd078534-9c00-4aea-bca3-e8cfa356d009 close()
2019-09-19 05:07:02,910 | INFO  | SCMAudit | user=jenkins1000 | ip=192.168.34.50 | op=SEND_HEARTBEAT {datanodeUUID=24b07b36-37e0-4d88-8ad1-16f6e8f81276, command=[]} | ret=SUCCESS |  
2019-09-19 05:07:02,920 [grpc-default-executor-1] INFO  impl.RaftServerProxy (RaftServerProxy.java:remove(95)) - 24b07b36-37e0-4d88-8ad1-16f6e8f81276: remove FOLLOWER group-98A93B21467F 24b07b36-37e0-4d88-8ad1-16f6e8f81276:t0, leader=null, voted=null, raftlog=24b07b36-37e0-4d88-8ad1-16f6e8f81276-SegmentedRaftLog:OPENED:c-1,f-1,i0, conf=-1: [50a45026-e3e5-4392-80b5-2fca55db6c54:192.168.34.50:46775, 24b07b36-37e0-4d88-8ad1-16f6e8f81276:192.168.34.50:45448, 58155aba-5fe9-410f-b407-41e443f3277a:192.168.34.50:34594], old=null RUNNING
2019-09-19 05:07:02,922 [grpc-default-executor-1] INFO  impl.RaftServerImpl (RaftServerImpl.java:lambda$shutdown$3(245)) - 24b07b36-37e0-4d88-8ad1-16f6e8f81276: shutdown group-98A93B21467F
2019-09-19 05:07:02,922 [grpc-default-executor-1] INFO  util.JmxRegister (JmxRegister.java:unregister(73)) - Successfully un-registered JMX Bean with object name Ratis:service=RaftServer,group=group-98A93B21467F,id=24b07b36-37e0-4d88-8ad1-16f6e8f81276
2019-09-19 05:07:02,922 [grpc-default-executor-1] INFO  impl.RoleInfo (RoleInfo.java:shutdownFollowerState(121)) - 24b07b36-37e0-4d88-8ad1-16f6e8f81276: shutdown FollowerState
2019-09-19 05:07:02,923 [grpc-default-executor-1] INFO  impl.StateMachineUpdater (StateMachineUpdater.java:stopAndJoin(115)) - StateMachineUpdater:24b07b36-37e0-4d88-8ad1-16f6e8f81276:group-98A93B21467F: set stopIndex = -1
2019-09-19 05:07:02,923 [Thread-249] INFO  impl.FollowerState (FollowerState.java:run(114)) - 24b07b36-37e0-4d88-8ad1-16f6e8f81276: FollowerState was interrupted: java.lang.InterruptedException: sleep interrupted
2019-09-19 05:07:02,924 [grpc-default-executor-1] INFO  impl.RaftServerImpl (ServerState.java:close(394)) - 24b07b36-37e0-4d88-8ad1-16f6e8f81276:group-98A93B21467F closes. The last applied log index is -1
2019-09-19 05:07:02,926 [24b07b36-37e0-4d88-8ad1-16f6e8f81276-SegmentedRaftLogWorker:Storage Directory /workdir/hadoop-ozone/integration-test/target/test-dir/MiniOzoneClusterImpl-bbf495c9-350a-409e-a1d0-dfcf287214b2/datanode-4/data/ratis/8461308d-5fd6-4edb-bf8c-98a93b21467f] INFO  segmented.SegmentedRaftLogWorker (SegmentedRaftLogWorker.java:run(313)) - 24b07b36-37e0-4d88-8ad1-16f6e8f81276-SegmentedRaftLogWorker:Storage Directory /workdir/hadoop-ozone/integration-test/target/test-dir/MiniOzoneClusterImpl-bbf495c9-350a-409e-a1d0-dfcf287214b2/datanode-4/data/ratis/8461308d-5fd6-4edb-bf8c-98a93b21467f was interrupted, exiting. There are 0 tasks remaining in the queue.
2019-09-19 05:07:02,926 [grpc-default-executor-1] INFO  segmented.SegmentedRaftLogWorker (SegmentedRaftLogWorker.java:close(228)) - 24b07b36-37e0-4d88-8ad1-16f6e8f81276-SegmentedRaftLogWorker:Storage Directory /workdir/hadoop-ozone/integration-test/target/test-dir/MiniOzoneClusterImpl-bbf495c9-350a-409e-a1d0-dfcf287214b2/datanode-4/data/ratis/8461308d-5fd6-4edb-bf8c-98a93b21467f close()
2019-09-19 05:07:03,119 [f7581b44-ec20-4a49-84dc-6482be220b8e:group-10290650056A:LeaderElection1] INFO  impl.LeaderElection (LeaderElection.java:askForVotes(181)) - f7581b44-ec20-4a49-84dc-6482be220b8e:group-10290650056A:LeaderElection1: begin an election at term 1 for -1: [f7581b44-ec20-4a49-84dc-6482be220b8e:192.168.34.50:34061], old=null
2019-09-19 05:07:03,119 [50a45026-e3e5-4392-80b5-2fca55db6c54:group-3827E1F9A5BE:LeaderElection3] INFO  impl.LeaderElection (LeaderElection.java:askForVotes(181)) - 50a45026-e3e5-4392-80b5-2fca55db6c54:group-3827E1F9A5BE:LeaderElection3: begin an election at term 1 for -1: [50a45026-e3e5-4392-80b5-2fca55db6c54:192.168.34.50:46775], old=null
2019-09-19 05:07:03,119 [24b07b36-37e0-4d88-8ad1-16f6e8f81276:group-A0F6E05DB6A3:LeaderElection5] INFO  impl.LeaderElection (LeaderElection.java:askForVotes(181)) - 24b07b36-37e0-4d88-8ad1-16f6e8f81276:group-A0F6E05DB6A3:LeaderElection5: begin an election at term 1 for -1: [24b07b36-37e0-4d88-8ad1-16f6e8f81276:192.168.34.50:45448], old=null
2019-09-19 05:07:03,119 [92793de3-5298-4528-b315-ef9b977911c6:group-968CA31AD45A:LeaderElection2] INFO  impl.LeaderElection (LeaderElection.java:askForVotes(181)) - 92793de3-5298-4528-b315-ef9b977911c6:group-968CA31AD45A:LeaderElection2: begin an election at term 1 for -1: [92793de3-5298-4528-b315-ef9b977911c6:192.168.34.50:46839], old=null
2019-09-19 05:07:03,119 [370a1c5b-8b1a-491a-a577-d02fa7ab369f:group-6255958BC967:LeaderElection4] INFO  impl.LeaderElection (LeaderElection.java:askForVotes(181)) - 370a1c5b-8b1a-491a-a577-d02fa7ab369f:group-6255958BC967:LeaderElection4: begin an election at term 1 for -1: [370a1c5b-8b1a-491a-a577-d02fa7ab369f:192.168.34.50:39242], old=null
2019-09-19 05:07:03,126 [92793de3-5298-4528-b315-ef9b977911c6:group-968CA31AD45A:LeaderElection2] INFO  impl.LeaderElection (LogUtils.java:infoOrTrace(149)) - Failed 92793de3-5298-4528-b315-ef9b977911c6:group-968CA31AD45A:LeaderElection2, state=CLOSING: {}
java.lang.IllegalArgumentException: 92793de3-5298-4528-b315-ef9b977911c6-SegmentedRaftLog is expected to be opened but it is CLOSED
	at org.apache.ratis.util.OpenCloseState.assertOpen(OpenCloseState.java:63)
	at org.apache.ratis.server.raftlog.RaftLog.checkLogState(RaftLog.java:101)
	at org.apache.ratis.server.raftlog.segmented.SegmentedRaftLog.getLastEntryTermIndex(SegmentedRaftLog.java:263)
	at org.apache.ratis.server.impl.LeaderElection.askForVotes(LeaderElection.java:183)
	at org.apache.ratis.server.impl.LeaderElection.run(LeaderElection.java:130)
	at java.lang.Thread.run(Thread.java:748)
Caused by: org.apache.ratis.util.OpenCloseState$CloseTrace: Close 92793de3-5298-4528-b315-ef9b977911c6-SegmentedRaftLog
	at org.apache.ratis.util.OpenCloseState.lambda$close$1(OpenCloseState.java:109)
	at java.util.concurrent.atomic.AtomicReference.getAndUpdate(AtomicReference.java:160)
	at org.apache.ratis.util.OpenCloseState.close(OpenCloseState.java:109)
	at org.apache.ratis.server.raftlog.RaftLog.close(RaftLog.java:437)
	at org.apache.ratis.server.raftlog.segmented.SegmentedRaftLog.close(SegmentedRaftLog.java:428)
	at org.apache.ratis.server.impl.ServerState.close(ServerState.java:397)
	at org.apache.ratis.server.impl.RaftServerImpl.lambda$shutdown$3(RaftServerImpl.java:267)
	at org.apache.ratis.util.LifeCycle.lambda$checkStateAndClose$2(LifeCycle.java:231)
	at org.apache.ratis.util.LifeCycle.checkStateAndClose(LifeCycle.java:251)
	at org.apache.ratis.util.LifeCycle.checkStateAndClose(LifeCycle.java:229)
	at org.apache.ratis.server.impl.RaftServerImpl.shutdown(RaftServerImpl.java:244)
	at org.apache.ratis.server.impl.RaftServerProxy$ImplMap.lambda$close$0(RaftServerProxy.java:107)
	at java.util.stream.ForEachOps$ForEachOp$OfRef.accept(ForEachOps.java:184)
	at java.util.stream.ReferencePipeline$3$1.accept(ReferencePipeline.java:193)
	at java.util.concurrent.ConcurrentHashMap$ValueSpliterator.forEachRemaining(ConcurrentHashMap.java:3566)
	at java.util.stream.AbstractPipeline.copyInto(AbstractPipeline.java:482)
	at java.util.stream.ForEachOps$ForEachTask.compute(ForEachOps.java:291)
	at java.util.concurrent.CountedCompleter.exec(CountedCompleter.java:731)
	at java.util.concurrent.ForkJoinTask.doExec(ForkJoinTask.java:289)
	at java.util.concurrent.ForkJoinPool.helpComplete(ForkJoinPool.java:1870)
	at java.util.concurrent.ForkJoinPool.awaitJoin(ForkJoinPool.java:2045)
	at java.util.concurrent.ForkJoinTask.doInvoke(ForkJoinTask.java:404)
	at java.util.concurrent.ForkJoinTask.invoke(ForkJoinTask.java:734)
	at java.util.stream.ForEachOps$ForEachOp.evaluateParallel(ForEachOps.java:160)
	at java.util.stream.ForEachOps$ForEachOp$OfRef.evaluateParallel(ForEachOps.java:174)
	at java.util.stream.AbstractPipeline.evaluate(AbstractPipeline.java:233)
	at java.util.stream.ReferencePipeline.forEach(ReferencePipeline.java:418)
	at org.apache.ratis.server.impl.RaftServerProxy$ImplMap.close(RaftServerProxy.java:107)
	at org.apache.ratis.server.impl.RaftServerProxy.lambda$close$4(RaftServerProxy.java:315)
	at org.apache.ratis.util.LifeCycle.lambda$checkStateAndClose$2(LifeCycle.java:231)
	at org.apache.ratis.util.LifeCycle.checkStateAndClose(LifeCycle.java:251)
	at org.apache.ratis.util.LifeCycle.checkStateAndClose(LifeCycle.java:229)
	at org.apache.ratis.server.impl.RaftServerProxy.close(RaftServerProxy.java:313)
	at org.apache.hadoop.ozone.container.common.transport.server.ratis.XceiverServerRatis.stop(XceiverServerRatis.java:434)
	at org.apache.hadoop.ozone.container.ozoneimpl.OzoneContainer.stop(OzoneContainer.java:201)
	at org.apache.hadoop.ozone.container.common.statemachine.DatanodeStateMachine.close(DatanodeStateMachine.java:276)
	at org.apache.hadoop.ozone.container.common.statemachine.DatanodeStateMachine.stopDaemon(DatanodeStateMachine.java:400)
	at org.apache.hadoop.ozone.HddsDatanodeService.stop(HddsDatanodeService.java:458)
	at org.apache.hadoop.ozone.MiniOzoneClusterImpl.lambda$stop$2(MiniOzoneClusterImpl.java:353)
	at java.util.stream.ForEachOps$ForEachOp$OfRef.accept(ForEachOps.java:184)
	at java.util.ArrayList$ArrayListSpliterator.forEachRemaining(ArrayList.java:1382)
	at java.util.stream.AbstractPipeline.copyInto(AbstractPipeline.java:482)
	at java.util.stream.ForEachOps$ForEachTask.compute(ForEachOps.java:291)
	at java.util.concurrent.CountedCompleter.exec(CountedCompleter.java:731)
	at java.util.concurrent.ForkJoinTask.doExec(ForkJoinTask.java:289)
	at java.util.concurrent.ForkJoinPool$WorkQueue.runTask(ForkJoinPool.java:1056)
	at java.util.concurrent.ForkJoinPool.runWorker(ForkJoinPool.java:1692)
	at java.util.concurrent.ForkJoinWorkerThread.run(ForkJoinWorkerThread.java:157)
2019-09-19 05:07:03,129 [370a1c5b-8b1a-491a-a577-d02fa7ab369f:group-6255958BC967:LeaderElection4] INFO  impl.RoleInfo (RoleInfo.java:shutdownLeaderElection(134)) - 370a1c5b-8b1a-491a-a577-d02fa7ab369f: shutdown LeaderElection
2019-09-19 05:07:03,129 [f7581b44-ec20-4a49-84dc-6482be220b8e:group-10290650056A:LeaderElection1] INFO  impl.RoleInfo (RoleInfo.java:shutdownLeaderElection(134)) - f7581b44-ec20-4a49-84dc-6482be220b8e: shutdown LeaderElection
2019-09-19 05:07:03,129 [24b07b36-37e0-4d88-8ad1-16f6e8f81276:group-A0F6E05DB6A3:LeaderElection5] INFO  impl.RoleInfo (RoleInfo.java:shutdownLeaderElection(134)) - 24b07b36-37e0-4d88-8ad1-16f6e8f81276: shutdown LeaderElection
2019-09-19 05:07:03,126 [50a45026-e3e5-4392-80b5-2fca55db6c54:group-3827E1F9A5BE:LeaderElection3] INFO  impl.LeaderElection (LogUtils.java:infoOrTrace(149)) - Failed 50a45026-e3e5-4392-80b5-2fca55db6c54:group-3827E1F9A5BE:LeaderElection3, state=CLOSING: {}
java.lang.IllegalArgumentException: 50a45026-e3e5-4392-80b5-2fca55db6c54-SegmentedRaftLog is expected to be opened but it is CLOSED
	at org.apache.ratis.util.OpenCloseState.assertOpen(OpenCloseState.java:63)
	at org.apache.ratis.server.raftlog.RaftLog.checkLogState(RaftLog.java:101)
	at org.apache.ratis.server.raftlog.segmented.SegmentedRaftLog.getLastEntryTermIndex(SegmentedRaftLog.java:263)
	at org.apache.ratis.server.impl.LeaderElection.askForVotes(LeaderElection.java:183)
	at org.apache.ratis.server.impl.LeaderElection.run(LeaderElection.java:130)
	at java.lang.Thread.run(Thread.java:748)
Caused by: org.apache.ratis.util.OpenCloseState$CloseTrace: Close 50a45026-e3e5-4392-80b5-2fca55db6c54-SegmentedRaftLog
	at org.apache.ratis.util.OpenCloseState.lambda$close$1(OpenCloseState.java:109)
	at java.util.concurrent.atomic.AtomicReference.getAndUpdate(AtomicReference.java:160)
	at org.apache.ratis.util.OpenCloseState.close(OpenCloseState.java:109)
	at org.apache.ratis.server.raftlog.RaftLog.close(RaftLog.java:437)
	at org.apache.ratis.server.raftlog.segmented.SegmentedRaftLog.close(SegmentedRaftLog.java:428)
	at org.apache.ratis.server.impl.ServerState.close(ServerState.java:397)
	at org.apache.ratis.server.impl.RaftServerImpl.lambda$shutdown$3(RaftServerImpl.java:267)
	at org.apache.ratis.util.LifeCycle.lambda$checkStateAndClose$2(LifeCycle.java:231)
	at org.apache.ratis.util.LifeCycle.checkStateAndClose(LifeCycle.java:251)
	at org.apache.ratis.util.LifeCycle.checkStateAndClose(LifeCycle.java:229)
	at org.apache.ratis.server.impl.RaftServerImpl.shutdown(RaftServerImpl.java:244)
	at org.apache.ratis.server.impl.RaftServerProxy$ImplMap.lambda$close$0(RaftServerProxy.java:107)
	at java.util.stream.ForEachOps$ForEachOp$OfRef.accept(ForEachOps.java:184)
	at java.util.stream.ReferencePipeline$3$1.accept(ReferencePipeline.java:193)
	at java.util.concurrent.ConcurrentHashMap$ValueSpliterator.forEachRemaining(ConcurrentHashMap.java:3566)
	at java.util.stream.AbstractPipeline.copyInto(AbstractPipeline.java:482)
	at java.util.stream.ForEachOps$ForEachTask.compute(ForEachOps.java:291)
	at java.util.concurrent.CountedCompleter.exec(CountedCompleter.java:731)
	at java.util.concurrent.ForkJoinTask.doExec(ForkJoinTask.java:289)
	at java.util.concurrent.ForkJoinTask.doInvoke(ForkJoinTask.java:401)
	at java.util.concurrent.ForkJoinTask.invoke(ForkJoinTask.java:734)
	at java.util.stream.ForEachOps$ForEachOp.evaluateParallel(ForEachOps.java:160)
	at java.util.stream.ForEachOps$ForEachOp$OfRef.evaluateParallel(ForEachOps.java:174)
	at java.util.stream.AbstractPipeline.evaluate(AbstractPipeline.java:233)
	at java.util.stream.ReferencePipeline.forEach(ReferencePipeline.java:418)
	at org.apache.ratis.server.impl.RaftServerProxy$ImplMap.close(RaftServerProxy.java:107)
	at org.apache.ratis.server.impl.RaftServerProxy.lambda$close$4(RaftServerProxy.java:315)
	at org.apache.ratis.util.LifeCycle.lambda$checkStateAndClose$2(LifeCycle.java:231)
	at org.apache.ratis.util.LifeCycle.checkStateAndClose(LifeCycle.java:251)
	at org.apache.ratis.util.LifeCycle.checkStateAndClose(LifeCycle.java:229)
	at org.apache.ratis.server.impl.RaftServerProxy.close(RaftServerProxy.java:313)
	at org.apache.hadoop.ozone.container.common.transport.server.ratis.XceiverServerRatis.stop(XceiverServerRatis.java:434)
	at org.apache.hadoop.ozone.container.ozoneimpl.OzoneContainer.stop(OzoneContainer.java:201)
	at org.apache.hadoop.ozone.container.common.statemachine.DatanodeStateMachine.close(DatanodeStateMachine.java:276)
	at org.apache.hadoop.ozone.container.common.statemachine.DatanodeStateMachine.stopDaemon(DatanodeStateMachine.java:400)
	at org.apache.hadoop.ozone.HddsDatanodeService.stop(HddsDatanodeService.java:458)
	at org.apache.hadoop.ozone.MiniOzoneClusterImpl.lambda$stop$2(MiniOzoneClusterImpl.java:353)
	at java.util.stream.ForEachOps$ForEachOp$OfRef.accept(ForEachOps.java:184)
	at java.util.ArrayList$ArrayListSpliterator.forEachRemaining(ArrayList.java:1382)
	at java.util.stream.AbstractPipeline.copyInto(AbstractPipeline.java:482)
	at java.util.stream.ForEachOps$ForEachTask.compute(ForEachOps.java:291)
	at java.util.concurrent.CountedCompleter.exec(CountedCompleter.java:731)
	at java.util.concurrent.ForkJoinTask.doExec(ForkJoinTask.java:289)
	at java.util.concurrent.ForkJoinTask.doInvoke(ForkJoinTask.java:401)
	at java.util.concurrent.ForkJoinTask.invoke(ForkJoinTask.java:734)
	at java.util.stream.ForEachOps$ForEachOp.evaluateParallel(ForEachOps.java:160)
	at java.util.stream.ForEachOps$ForEachOp$OfRef.evaluateParallel(ForEachOps.java:174)
	at java.util.stream.AbstractPipeline.evaluate(AbstractPipeline.java:233)
	at java.util.stream.ReferencePipeline.forEach(ReferencePipeline.java:418)
	at java.util.stream.ReferencePipeline$Head.forEach(ReferencePipeline.java:583)
	at org.apache.hadoop.ozone.MiniOzoneClusterImpl.stop(MiniOzoneClusterImpl.java:352)
	at org.apache.hadoop.ozone.MiniOzoneClusterImpl.shutdown(MiniOzoneClusterImpl.java:332)
	at org.apache.hadoop.hdds.scm.pipeline.TestNodeFailure.shutdown(TestNodeFailure.java:99)
	at sun.reflect.NativeMethodAccessorImpl.invoke0(Native Method)
	at sun.reflect.NativeMethodAccessorImpl.invoke(NativeMethodAccessorImpl.java:62)
	at sun.reflect.DelegatingMethodAccessorImpl.invoke(DelegatingMethodAccessorImpl.java:43)
	at java.lang.reflect.Method.invoke(Method.java:498)
	at org.junit.runners.model.FrameworkMethod$1.runReflectiveCall(FrameworkMethod.java:47)
	at org.junit.internal.runners.model.ReflectiveCallable.run(ReflectiveCallable.java:12)
	at org.junit.runners.model.FrameworkMethod.invokeExplosively(FrameworkMethod.java:44)
	at org.junit.internal.runners.statements.RunAfters.evaluate(RunAfters.java:33)
	at org.junit.runners.ParentRunner.run(ParentRunner.java:309)
	at org.apache.maven.surefire.junit4.JUnit4Provider.execute(JUnit4Provider.java:365)
	at org.apache.maven.surefire.junit4.JUnit4Provider.executeWithRerun(JUnit4Provider.java:273)
	at org.apache.maven.surefire.junit4.JUnit4Provider.executeTestSet(JUnit4Provider.java:238)
	at org.apache.maven.surefire.junit4.JUnit4Provider.invoke(JUnit4Provider.java:159)
	at org.apache.maven.surefire.booter.ForkedBooter.invokeProviderInSameClassLoader(ForkedBooter.java:384)
	at org.apache.maven.surefire.booter.ForkedBooter.runSuitesInProcess(ForkedBooter.java:345)
	at org.apache.maven.surefire.booter.ForkedBooter.execute(ForkedBooter.java:126)
	at org.apache.maven.surefire.booter.ForkedBooter.main(ForkedBooter.java:418)
2019-09-19 05:07:03,142 [Command processor thread] INFO  commandhandler.ClosePipelineCommandHandler (ClosePipelineCommandHandler.java:handle(87)) - Close Pipeline #PipelineID=8461308d-5fd6-4edb-bf8c-98a93b21467f command on datanode #24b07b36-37e0-4d88-8ad1-16f6e8f81276.
2019-09-19 05:07:03,139 [24b07b36-37e0-4d88-8ad1-16f6e8f81276:group-A0F6E05DB6A3:LeaderElection5] INFO  impl.RaftServerImpl (RaftServerImpl.java:setRole(171)) - 24b07b36-37e0-4d88-8ad1-16f6e8f81276:group-A0F6E05DB6A3 changes role from CANDIDATE to LEADER at term 1 for changeToLeader
2019-09-19 05:07:03,135 [370a1c5b-8b1a-491a-a577-d02fa7ab369f:group-6255958BC967:LeaderElection4] INFO  impl.RaftServerImpl (RaftServerImpl.java:setRole(171)) - 370a1c5b-8b1a-491a-a577-d02fa7ab369f:group-6255958BC967 changes role from CANDIDATE to LEADER at term 1 for changeToLeader
2019-09-19 05:07:03,135 [f7581b44-ec20-4a49-84dc-6482be220b8e:group-10290650056A:LeaderElection1] INFO  impl.RaftServerImpl (RaftServerImpl.java:setRole(171)) - f7581b44-ec20-4a49-84dc-6482be220b8e:group-10290650056A changes role from CANDIDATE to LEADER at term 1 for changeToLeader
2019-09-19 05:07:03,129 [92793de3-5298-4528-b315-ef9b977911c6:group-968CA31AD45A:LeaderElection2] INFO  impl.LeaderElection (LeaderElection.java:run(141)) - 92793de3-5298-4528-b315-ef9b977911c6:group-968CA31AD45A:LeaderElection2: IllegalArgumentException is safely ignored since this is already CLOSING
2019-09-19 05:07:03,150 [f7581b44-ec20-4a49-84dc-6482be220b8e:group-10290650056A:LeaderElection1] INFO  impl.RaftServerImpl (ServerState.java:setLeader(263)) - f7581b44-ec20-4a49-84dc-6482be220b8e:group-10290650056A change Leader from null to f7581b44-ec20-4a49-84dc-6482be220b8e at term 1 for becomeLeader, leader elected after 7000ms
2019-09-19 05:07:03,150 [370a1c5b-8b1a-491a-a577-d02fa7ab369f:group-6255958BC967:LeaderElection4] INFO  impl.RaftServerImpl (ServerState.java:setLeader(263)) - 370a1c5b-8b1a-491a-a577-d02fa7ab369f:group-6255958BC967 change Leader from null to 370a1c5b-8b1a-491a-a577-d02fa7ab369f at term 1 for becomeLeader, leader elected after 7000ms
2019-09-19 05:07:03,149 [24b07b36-37e0-4d88-8ad1-16f6e8f81276:group-A0F6E05DB6A3:LeaderElection5] INFO  impl.RaftServerImpl (ServerState.java:setLeader(263)) - 24b07b36-37e0-4d88-8ad1-16f6e8f81276:group-A0F6E05DB6A3 change Leader from null to 24b07b36-37e0-4d88-8ad1-16f6e8f81276 at term 1 for becomeLeader, leader elected after 6838ms
2019-09-19 05:07:03,147 [50a45026-e3e5-4392-80b5-2fca55db6c54:group-3827E1F9A5BE:LeaderElection3] INFO  impl.LeaderElection (LeaderElection.java:run(141)) - 50a45026-e3e5-4392-80b5-2fca55db6c54:group-3827E1F9A5BE:LeaderElection3: IllegalArgumentException is safely ignored since this is already CLOSING
2019-09-19 05:07:03,152 [Command processor thread] INFO  commandhandler.ClosePipelineCommandHandler (ClosePipelineCommandHandler.java:handle(87)) - Close Pipeline #PipelineID=dd078534-9c00-4aea-bca3-e8cfa356d009 command on datanode #f7581b44-ec20-4a49-84dc-6482be220b8e.
2019-09-19 05:07:03,163 [24b07b36-37e0-4d88-8ad1-16f6e8f81276:group-A0F6E05DB6A3:LeaderElection5] INFO  server.RaftServerConfigKeys (ConfUtils.java:logGet(43)) - raft.server.staging.catchup.gap = 1000 (default)
2019-09-19 05:07:03,164 [370a1c5b-8b1a-491a-a577-d02fa7ab369f:group-6255958BC967:LeaderElection4] INFO  server.RaftServerConfigKeys (ConfUtils.java:logGet(43)) - raft.server.staging.catchup.gap = 1000 (default)
2019-09-19 05:07:03,163 [f7581b44-ec20-4a49-84dc-6482be220b8e:group-10290650056A:LeaderElection1] INFO  server.RaftServerConfigKeys (ConfUtils.java:logGet(43)) - raft.server.staging.catchup.gap = 1000 (default)
2019-09-19 05:07:03,165 [370a1c5b-8b1a-491a-a577-d02fa7ab369f:group-6255958BC967:LeaderElection4] INFO  server.RaftServerConfigKeys (ConfUtils.java:logGet(43)) - raft.server.rpc.sleep.time = 25ms (default)
2019-09-19 05:07:03,164 [24b07b36-37e0-4d88-8ad1-16f6e8f81276:group-A0F6E05DB6A3:LeaderElection5] INFO  server.RaftServerConfigKeys (ConfUtils.java:logGet(43)) - raft.server.rpc.sleep.time = 25ms (default)
2019-09-19 05:07:03,165 [f7581b44-ec20-4a49-84dc-6482be220b8e:group-10290650056A:LeaderElection1] INFO  server.RaftServerConfigKeys (ConfUtils.java:logGet(43)) - raft.server.rpc.sleep.time = 25ms (default)
2019-09-19 05:07:03,168 [24b07b36-37e0-4d88-8ad1-16f6e8f81276:group-A0F6E05DB6A3:LeaderElection5] INFO  server.RaftServerConfigKeys (ConfUtils.java:logGet(43)) - raft.server.write.element-limit = 4096 (default)
2019-09-19 05:07:03,170 [f7581b44-ec20-4a49-84dc-6482be220b8e:group-10290650056A:LeaderElection1] INFO  server.RaftServerConfigKeys (ConfUtils.java:logGet(43)) - raft.server.write.element-limit = 4096 (default)
2019-09-19 05:07:03,169 [370a1c5b-8b1a-491a-a577-d02fa7ab369f:group-6255958BC967:LeaderElection4] INFO  server.RaftServerConfigKeys (ConfUtils.java:logGet(43)) - raft.server.write.element-limit = 4096 (default)
2019-09-19 05:07:03,171 [grpc-default-executor-1] INFO  impl.RaftServerProxy (RaftServerProxy.java:addNew(89)) - 24b07b36-37e0-4d88-8ad1-16f6e8f81276: addNew group-7886D7DA4F5E:[50a45026-e3e5-4392-80b5-2fca55db6c54:192.168.34.50:46775, 24b07b36-37e0-4d88-8ad1-16f6e8f81276:192.168.34.50:45448, 58155aba-5fe9-410f-b407-41e443f3277a:192.168.34.50:34594] returns group-7886D7DA4F5E:java.util.concurrent.CompletableFuture@199fa43[Not completed]
2019-09-19 05:07:03,171 [grpc-default-executor-4] INFO  impl.RaftServerProxy (RaftServerProxy.java:addNew(89)) - f7581b44-ec20-4a49-84dc-6482be220b8e: addNew group-914C0954A483:[370a1c5b-8b1a-491a-a577-d02fa7ab369f:192.168.34.50:39242, f7581b44-ec20-4a49-84dc-6482be220b8e:192.168.34.50:34061, 92793de3-5298-4528-b315-ef9b977911c6:192.168.34.50:46839] returns group-914C0954A483:java.util.concurrent.CompletableFuture@27e16f51[Not completed]
2019-09-19 05:07:03,172 [24b07b36-37e0-4d88-8ad1-16f6e8f81276:group-A0F6E05DB6A3:LeaderElection5] INFO  server.RaftServerConfigKeys (ConfUtils.java:logGet(43)) - raft.server.watch.timeout = 10s (default)
2019-09-19 05:07:03,172 [f7581b44-ec20-4a49-84dc-6482be220b8e:group-10290650056A:LeaderElection1] INFO  server.RaftServerConfigKeys (ConfUtils.java:logGet(43)) - raft.server.watch.timeout = 10s (default)
2019-09-19 05:07:03,172 [370a1c5b-8b1a-491a-a577-d02fa7ab369f:group-6255958BC967:LeaderElection4] INFO  server.RaftServerConfigKeys (ConfUtils.java:logGet(43)) - raft.server.watch.timeout = 10s (default)
2019-09-19 05:07:03,172 [24b07b36-37e0-4d88-8ad1-16f6e8f81276:group-A0F6E05DB6A3:LeaderElection5] INFO  server.RaftServerConfigKeys (ConfUtils.java:logGet(43)) - raft.server.watch.timeout.denomination = 1s (default)
2019-09-19 05:07:03,172 [370a1c5b-8b1a-491a-a577-d02fa7ab369f:group-6255958BC967:LeaderElection4] INFO  server.RaftServerConfigKeys (ConfUtils.java:logGet(43)) - raft.server.watch.timeout.denomination = 1s (default)
2019-09-19 05:07:03,172 [pool-71-thread-1] INFO  impl.RaftServerImpl (RaftServerImpl.java:<init>(93)) - 24b07b36-37e0-4d88-8ad1-16f6e8f81276: new RaftServerImpl for group-7886D7DA4F5E:[50a45026-e3e5-4392-80b5-2fca55db6c54:192.168.34.50:46775, 24b07b36-37e0-4d88-8ad1-16f6e8f81276:192.168.34.50:45448, 58155aba-5fe9-410f-b407-41e443f3277a:192.168.34.50:34594] with ContainerStateMachine:uninitialized
2019-09-19 05:07:03,172 [f7581b44-ec20-4a49-84dc-6482be220b8e:group-10290650056A:LeaderElection1] INFO  server.RaftServerConfigKeys (ConfUtils.java:logGet(43)) - raft.server.watch.timeout.denomination = 1s (default)
2019-09-19 05:07:03,173 [pool-71-thread-1] INFO  server.RaftServerConfigKeys (ConfUtils.java:logGet(43)) - raft.server.rpc.timeout.min = 5s (custom)
2019-09-19 05:07:03,173 [pool-27-thread-1] INFO  impl.RaftServerImpl (RaftServerImpl.java:<init>(93)) - f7581b44-ec20-4a49-84dc-6482be220b8e: new RaftServerImpl for group-914C0954A483:[370a1c5b-8b1a-491a-a577-d02fa7ab369f:192.168.34.50:39242, f7581b44-ec20-4a49-84dc-6482be220b8e:192.168.34.50:34061, 92793de3-5298-4528-b315-ef9b977911c6:192.168.34.50:46839] with ContainerStateMachine:uninitialized
2019-09-19 05:07:03,173 [pool-71-thread-1] INFO  server.RaftServerConfigKeys (ConfUtils.java:logGet(43)) - raft.server.rpc.timeout.max = 5200ms (custom)
2019-09-19 05:07:03,173 [pool-27-thread-1] INFO  server.RaftServerConfigKeys (ConfUtils.java:logGet(43)) - raft.server.rpc.timeout.min = 5s (custom)
2019-09-19 05:07:03,173 [370a1c5b-8b1a-491a-a577-d02fa7ab369f:group-6255958BC967:LeaderElection4] INFO  server.RaftServerConfigKeys (ConfUtils.java:logGet(43)) - raft.server.watch.element-limit = 65536 (default)
2019-09-19 05:07:03,173 [24b07b36-37e0-4d88-8ad1-16f6e8f81276:group-A0F6E05DB6A3:LeaderElection5] INFO  server.RaftServerConfigKeys (ConfUtils.java:logGet(43)) - raft.server.watch.element-limit = 65536 (default)
2019-09-19 05:07:03,173 [pool-27-thread-1] INFO  server.RaftServerConfigKeys (ConfUtils.java:logGet(43)) - raft.server.rpc.timeout.max = 5200ms (custom)
2019-09-19 05:07:03,173 [pool-71-thread-1] INFO  server.RaftServerConfigKeys (ConfUtils.java:logGet(43)) - raft.server.rpcslowness.timeout = 10s (custom)
2019-09-19 05:07:03,173 [f7581b44-ec20-4a49-84dc-6482be220b8e:group-10290650056A:LeaderElection1] INFO  server.RaftServerConfigKeys (ConfUtils.java:logGet(43)) - raft.server.watch.element-limit = 65536 (default)
2019-09-19 05:07:03,174 [pool-71-thread-1] INFO  server.RaftServerConfigKeys (ConfUtils.java:logGet(43)) - raft.server.sleep.deviation.threshold = 300 (default)
2019-09-19 05:07:03,174 [pool-27-thread-1] INFO  server.RaftServerConfigKeys (ConfUtils.java:logGet(43)) - raft.server.rpcslowness.timeout = 10s (custom)
2019-09-19 05:07:03,174 [pool-71-thread-1] INFO  server.RaftServerConfigKeys (ConfUtils.java:logGet(43)) - raft.server.log.appender.install.snapshot.enabled = false (custom)
2019-09-19 05:07:03,174 [pool-27-thread-1] INFO  server.RaftServerConfigKeys (ConfUtils.java:logGet(43)) - raft.server.sleep.deviation.threshold = 300 (default)
2019-09-19 05:07:03,174 [pool-71-thread-1] INFO  impl.RaftServerImpl (ServerState.java:<init>(105)) - 24b07b36-37e0-4d88-8ad1-16f6e8f81276:group-7886D7DA4F5E ConfigurationManager, init=-1: [50a45026-e3e5-4392-80b5-2fca55db6c54:192.168.34.50:46775, 24b07b36-37e0-4d88-8ad1-16f6e8f81276:192.168.34.50:45448, 58155aba-5fe9-410f-b407-41e443f3277a:192.168.34.50:34594], old=null, confs=<EMPTY_MAP>
2019-09-19 05:07:03,174 [pool-27-thread-1] INFO  server.RaftServerConfigKeys (ConfUtils.java:logGet(43)) - raft.server.log.appender.install.snapshot.enabled = false (custom)
2019-09-19 05:07:03,174 [pool-71-thread-1] INFO  server.RaftServerConfigKeys (ConfUtils.java:logGet(43)) - raft.server.storage.dir = [/workdir/hadoop-ozone/integration-test/target/test-dir/MiniOzoneClusterImpl-bbf495c9-350a-409e-a1d0-dfcf287214b2/datanode-4/data/ratis] (custom)
2019-09-19 05:07:03,174 [pool-27-thread-1] INFO  impl.RaftServerImpl (ServerState.java:<init>(105)) - f7581b44-ec20-4a49-84dc-6482be220b8e:group-914C0954A483 ConfigurationManager, init=-1: [370a1c5b-8b1a-491a-a577-d02fa7ab369f:192.168.34.50:39242, f7581b44-ec20-4a49-84dc-6482be220b8e:192.168.34.50:34061, 92793de3-5298-4528-b315-ef9b977911c6:192.168.34.50:46839], old=null, confs=<EMPTY_MAP>
2019-09-19 05:07:03,175 [pool-27-thread-1] INFO  server.RaftServerConfigKeys (ConfUtils.java:logGet(43)) - raft.server.storage.dir = [/workdir/hadoop-ozone/integration-test/target/test-dir/MiniOzoneClusterImpl-bbf495c9-350a-409e-a1d0-dfcf287214b2/datanode-0/data/ratis] (custom)
2019-09-19 05:07:03,175 [pool-71-thread-1] INFO  storage.RaftStorageDirectory (RaftStorageDirectory.java:analyzeStorage(246)) - The storage directory /workdir/hadoop-ozone/integration-test/target/test-dir/MiniOzoneClusterImpl-bbf495c9-350a-409e-a1d0-dfcf287214b2/datanode-4/data/ratis/03e4198f-5ce6-47e8-89b6-7886d7da4f5e does not exist. Creating ...
2019-09-19 05:07:03,175 [pool-27-thread-1] INFO  storage.RaftStorageDirectory (RaftStorageDirectory.java:analyzeStorage(246)) - The storage directory /workdir/hadoop-ozone/integration-test/target/test-dir/MiniOzoneClusterImpl-bbf495c9-350a-409e-a1d0-dfcf287214b2/datanode-0/data/ratis/d35a2aa1-5159-41d5-91f3-914c0954a483 does not exist. Creating ...
2019-09-19 05:07:03,182 [24b07b36-37e0-4d88-8ad1-16f6e8f81276:group-A0F6E05DB6A3:LeaderElection5] INFO  impl.RoleInfo (RoleInfo.java:updateAndGet(143)) - 24b07b36-37e0-4d88-8ad1-16f6e8f81276: start LeaderState
2019-09-19 05:07:03,182 [f7581b44-ec20-4a49-84dc-6482be220b8e:group-10290650056A:LeaderElection1] INFO  impl.RoleInfo (RoleInfo.java:updateAndGet(143)) - f7581b44-ec20-4a49-84dc-6482be220b8e: start LeaderState
2019-09-19 05:07:03,182 [370a1c5b-8b1a-491a-a577-d02fa7ab369f:group-6255958BC967:LeaderElection4] INFO  impl.RoleInfo (RoleInfo.java:updateAndGet(143)) - 370a1c5b-8b1a-491a-a577-d02fa7ab369f: start LeaderState
2019-09-19 05:07:03,197 [24b07b36-37e0-4d88-8ad1-16f6e8f81276:group-A0F6E05DB6A3:LeaderElection5] INFO  segmented.SegmentedRaftLogWorker (SegmentedRaftLogWorker.java:startLogSegment(380)) - 24b07b36-37e0-4d88-8ad1-16f6e8f81276-SegmentedRaftLogWorker:Storage Directory /workdir/hadoop-ozone/integration-test/target/test-dir/MiniOzoneClusterImpl-bbf495c9-350a-409e-a1d0-dfcf287214b2/datanode-4/data/ratis/6557cf0e-f4f6-4467-a30b-a0f6e05db6a3: Starting segment from index:0
2019-09-19 05:07:03,197 [370a1c5b-8b1a-491a-a577-d02fa7ab369f:group-6255958BC967:LeaderElection4] INFO  segmented.SegmentedRaftLogWorker (SegmentedRaftLogWorker.java:startLogSegment(380)) - 370a1c5b-8b1a-491a-a577-d02fa7ab369f-SegmentedRaftLogWorker:Storage Directory /workdir/hadoop-ozone/integration-test/target/test-dir/MiniOzoneClusterImpl-bbf495c9-350a-409e-a1d0-dfcf287214b2/datanode-2/data/ratis/9c2fe18a-1144-42c4-baf5-6255958bc967: Starting segment from index:0
2019-09-19 05:07:03,197 [f7581b44-ec20-4a49-84dc-6482be220b8e:group-10290650056A:LeaderElection1] INFO  segmented.SegmentedRaftLogWorker (SegmentedRaftLogWorker.java:startLogSegment(380)) - f7581b44-ec20-4a49-84dc-6482be220b8e-SegmentedRaftLogWorker:Storage Directory /workdir/hadoop-ozone/integration-test/target/test-dir/MiniOzoneClusterImpl-bbf495c9-350a-409e-a1d0-dfcf287214b2/datanode-0/data/ratis/1eddb777-2308-49de-983b-10290650056a: Starting segment from index:0
2019-09-19 05:07:03,204 [24b07b36-37e0-4d88-8ad1-16f6e8f81276:group-A0F6E05DB6A3:LeaderElection5] INFO  impl.RaftServerImpl (ServerState.java:setRaftConf(361)) - 24b07b36-37e0-4d88-8ad1-16f6e8f81276:group-A0F6E05DB6A3 set configuration 0: [24b07b36-37e0-4d88-8ad1-16f6e8f81276:192.168.34.50:45448], old=null at 0
2019-09-19 05:07:03,204 [f7581b44-ec20-4a49-84dc-6482be220b8e:group-10290650056A:LeaderElection1] INFO  impl.RaftServerImpl (ServerState.java:setRaftConf(361)) - f7581b44-ec20-4a49-84dc-6482be220b8e:group-10290650056A set configuration 0: [f7581b44-ec20-4a49-84dc-6482be220b8e:192.168.34.50:34061], old=null at 0
2019-09-19 05:07:03,206 [370a1c5b-8b1a-491a-a577-d02fa7ab369f:group-6255958BC967:LeaderElection4] INFO  impl.RaftServerImpl (ServerState.java:setRaftConf(361)) - 370a1c5b-8b1a-491a-a577-d02fa7ab369f:group-6255958BC967 set configuration 0: [370a1c5b-8b1a-491a-a577-d02fa7ab369f:192.168.34.50:39242], old=null at 0
2019-09-19 05:07:03,333 [Datanode State Machine Thread - 0] INFO  statemachine.DatanodeStateMachine (DatanodeStateMachine.java:lambda$startDaemon$0(356)) - Ozone container server started.
2019-09-19 05:07:03,338 [Datanode State Machine Thread - 0] INFO  statemachine.DatanodeStateMachine (DatanodeStateMachine.java:lambda$startDaemon$0(356)) - Ozone container server started.
2019-09-19 05:07:03,751 | INFO  | SCMAudit | user=jenkins1000 | ip=192.168.34.50 | op=SEND_HEARTBEAT {datanodeUUID=f7581b44-ec20-4a49-84dc-6482be220b8e, command=[]} | ret=SUCCESS |  
2019-09-19 05:07:03,910 | INFO  | SCMAudit | user=jenkins1000 | ip=192.168.34.50 | op=SEND_HEARTBEAT {datanodeUUID=24b07b36-37e0-4d88-8ad1-16f6e8f81276, command=[]} | ret=SUCCESS |  
2019-09-19 05:07:04,586 [pool-71-thread-1] INFO  storage.RaftStorageDirectory (RaftStorageDirectory.java:tryLock(328)) - Lock on /workdir/hadoop-ozone/integration-test/target/test-dir/MiniOzoneClusterImpl-bbf495c9-350a-409e-a1d0-dfcf287214b2/datanode-4/data/ratis/03e4198f-5ce6-47e8-89b6-7886d7da4f5e/in_use.lock acquired by nodename 12277@pr-hdds-2034-srnhl-2452957315
2019-09-19 05:07:04,587 [f7581b44-ec20-4a49-84dc-6482be220b8e-SegmentedRaftLogWorker:Storage Directory /workdir/hadoop-ozone/integration-test/target/test-dir/MiniOzoneClusterImpl-bbf495c9-350a-409e-a1d0-dfcf287214b2/datanode-0/data/ratis/1eddb777-2308-49de-983b-10290650056a] INFO  segmented.SegmentedRaftLogWorker (SegmentedRaftLogWorker.java:execute(569)) - f7581b44-ec20-4a49-84dc-6482be220b8e-SegmentedRaftLogWorker:Storage Directory /workdir/hadoop-ozone/integration-test/target/test-dir/MiniOzoneClusterImpl-bbf495c9-350a-409e-a1d0-dfcf287214b2/datanode-0/data/ratis/1eddb777-2308-49de-983b-10290650056a: created new log segment /workdir/hadoop-ozone/integration-test/target/test-dir/MiniOzoneClusterImpl-bbf495c9-350a-409e-a1d0-dfcf287214b2/datanode-0/data/ratis/1eddb777-2308-49de-983b-10290650056a/current/log_inprogress_0
2019-09-19 05:07:04,587 [24b07b36-37e0-4d88-8ad1-16f6e8f81276-SegmentedRaftLogWorker:Storage Directory /workdir/hadoop-ozone/integration-test/target/test-dir/MiniOzoneClusterImpl-bbf495c9-350a-409e-a1d0-dfcf287214b2/datanode-4/data/ratis/6557cf0e-f4f6-4467-a30b-a0f6e05db6a3] INFO  segmented.SegmentedRaftLogWorker (SegmentedRaftLogWorker.java:execute(569)) - 24b07b36-37e0-4d88-8ad1-16f6e8f81276-SegmentedRaftLogWorker:Storage Directory /workdir/hadoop-ozone/integration-test/target/test-dir/MiniOzoneClusterImpl-bbf495c9-350a-409e-a1d0-dfcf287214b2/datanode-4/data/ratis/6557cf0e-f4f6-4467-a30b-a0f6e05db6a3: created new log segment /workdir/hadoop-ozone/integration-test/target/test-dir/MiniOzoneClusterImpl-bbf495c9-350a-409e-a1d0-dfcf287214b2/datanode-4/data/ratis/6557cf0e-f4f6-4467-a30b-a0f6e05db6a3/current/log_inprogress_0
2019-09-19 05:07:04,587 [pool-82-thread-1] INFO  storage.RaftStorage (RaftStorage.java:format(72)) - Storage directory /workdir/hadoop-ozone/integration-test/target/test-dir/MiniOzoneClusterImpl-bbf495c9-350a-409e-a1d0-dfcf287214b2/datanode-5/data/ratis/8461308d-5fd6-4edb-bf8c-98a93b21467f has been successfully formatted.
2019-09-19 05:07:04,587 [370a1c5b-8b1a-491a-a577-d02fa7ab369f-SegmentedRaftLogWorker:Storage Directory /workdir/hadoop-ozone/integration-test/target/test-dir/MiniOzoneClusterImpl-bbf495c9-350a-409e-a1d0-dfcf287214b2/datanode-2/data/ratis/9c2fe18a-1144-42c4-baf5-6255958bc967] INFO  segmented.SegmentedRaftLogWorker (SegmentedRaftLogWorker.java:execute(569)) - 370a1c5b-8b1a-491a-a577-d02fa7ab369f-SegmentedRaftLogWorker:Storage Directory /workdir/hadoop-ozone/integration-test/target/test-dir/MiniOzoneClusterImpl-bbf495c9-350a-409e-a1d0-dfcf287214b2/datanode-2/data/ratis/9c2fe18a-1144-42c4-baf5-6255958bc967: created new log segment /workdir/hadoop-ozone/integration-test/target/test-dir/MiniOzoneClusterImpl-bbf495c9-350a-409e-a1d0-dfcf287214b2/datanode-2/data/ratis/9c2fe18a-1144-42c4-baf5-6255958bc967/current/log_inprogress_0
2019-09-19 05:07:04,587 [pool-27-thread-1] INFO  storage.RaftStorageDirectory (RaftStorageDirectory.java:tryLock(328)) - Lock on /workdir/hadoop-ozone/integration-test/target/test-dir/MiniOzoneClusterImpl-bbf495c9-350a-409e-a1d0-dfcf287214b2/datanode-0/data/ratis/d35a2aa1-5159-41d5-91f3-914c0954a483/in_use.lock acquired by nodename 12277@pr-hdds-2034-srnhl-2452957315
2019-09-19 05:07:04,590 [pool-82-thread-1] INFO  ratis.ContainerStateMachine (ContainerStateMachine.java:loadSnapshot(226)) - group-98A93B21467F: The snapshot info is null. Setting the last applied indexto:(t:0, i:~)
2019-09-19 05:07:04,592 [pool-82-thread-1] INFO  server.RaftServerConfigKeys (ConfUtils.java:logGet(43)) - raft.server.leader.election.timeout = 10s (custom)
2019-09-19 05:07:04,592 [pool-82-thread-1] INFO  server.RaftServerConfigKeys (ConfUtils.java:logGet(43)) - raft.server.log.use.memory = false (default)
2019-09-19 05:07:04,592 [pool-82-thread-1] INFO  server.RaftServerConfigKeys (ConfUtils.java:logGet(43)) - raft.server.log.purge.gap = 1000000 (custom)
2019-09-19 05:07:04,593 [pool-82-thread-1] INFO  server.RaftServerConfigKeys (ConfUtils.java:logGet(43)) - raft.server.log.appender.buffer.byte-limit = 33554432 (custom)
2019-09-19 05:07:04,593 [pool-82-thread-1] INFO  server.RaftServerConfigKeys (ConfUtils.java:logGet(43)) - raft.server.log.segment.size.max = 1048576 (custom)
2019-09-19 05:07:04,593 [pool-82-thread-1] INFO  server.RaftServerConfigKeys (ConfUtils.java:logGet(43)) - raft.server.log.segment.cache.num.max = 2 (custom)
2019-09-19 05:07:04,593 [pool-82-thread-1] INFO  segmented.SegmentedRaftLogWorker (SegmentedRaftLogWorker.java:<init>(172)) - new 58155aba-5fe9-410f-b407-41e443f3277a-SegmentedRaftLogWorker:Storage Directory /workdir/hadoop-ozone/integration-test/target/test-dir/MiniOzoneClusterImpl-bbf495c9-350a-409e-a1d0-dfcf287214b2/datanode-5/data/ratis/8461308d-5fd6-4edb-bf8c-98a93b21467f for RaftStorage:Storage Directory /workdir/hadoop-ozone/integration-test/target/test-dir/MiniOzoneClusterImpl-bbf495c9-350a-409e-a1d0-dfcf287214b2/datanode-5/data/ratis/8461308d-5fd6-4edb-bf8c-98a93b21467f
2019-09-19 05:07:04,593 [pool-82-thread-1] INFO  server.RaftServerConfigKeys (ConfUtils.java:logGet(43)) - raft.server.log.queue.byte-limit = 2147483647 (custom)
2019-09-19 05:07:04,593 [pool-82-thread-1] INFO  server.RaftServerConfigKeys (ConfUtils.java:logGet(43)) - raft.server.log.queue.element-limit = 1024 (custom)
2019-09-19 05:07:04,594 [pool-82-thread-1] INFO  server.RaftServerConfigKeys (ConfUtils.java:logGet(43)) - raft.server.log.segment.size.max = 1048576 (custom)
2019-09-19 05:07:04,594 [pool-82-thread-1] INFO  server.RaftServerConfigKeys (ConfUtils.java:logGet(43)) - raft.server.log.preallocated.size = 16384 (custom)
2019-09-19 05:07:04,594 [pool-82-thread-1] INFO  server.RaftServerConfigKeys (ConfUtils.java:logGet(43)) - raft.server.log.write.buffer.size = 33554432 (custom)
2019-09-19 05:07:04,594 [pool-82-thread-1] INFO  server.RaftServerConfigKeys (ConfUtils.java:logGet(43)) - raft.server.log.force.sync.num = 128 (default)
2019-09-19 05:07:04,594 [pool-82-thread-1] INFO  server.RaftServerConfigKeys (ConfUtils.java:logGet(43)) - raft.server.log.statemachine.data.sync = true (default)
2019-09-19 05:07:04,594 [pool-82-thread-1] INFO  server.RaftServerConfigKeys (ConfUtils.java:logGet(43)) - raft.server.log.statemachine.data.sync.timeout = 10s (default)
2019-09-19 05:07:04,595 [pool-82-thread-1] INFO  server.RaftServerConfigKeys (ConfUtils.java:logGet(43)) - raft.server.log.statemachine.data.sync.timeout.retry = -1 (default)
2019-09-19 05:07:04,595 [pool-82-thread-1] INFO  server.RaftServerConfigKeys (ConfUtils.java:logGet(43)) - raft.server.log.statemachine.data.caching.enabled = true (custom)
2019-09-19 05:07:04,595 [pool-82-thread-1] INFO  segmented.SegmentedRaftLogWorker (SegmentedRaftLogWorker.java:lambda$new$0(132)) - 58155aba-5fe9-410f-b407-41e443f3277a-SegmentedRaftLogWorker:Storage Directory /workdir/hadoop-ozone/integration-test/target/test-dir/MiniOzoneClusterImpl-bbf495c9-350a-409e-a1d0-dfcf287214b2/datanode-5/data/ratis/8461308d-5fd6-4edb-bf8c-98a93b21467f: flushIndex: setUnconditionally 0 -> -1
2019-09-19 05:07:04,596 [pool-82-thread-1] INFO  server.RaftServerConfigKeys (ConfUtils.java:logGet(43)) - raft.server.snapshot.auto.trigger.enabled = true (custom)
2019-09-19 05:07:04,596 [pool-82-thread-1] INFO  server.RaftServerConfigKeys (ConfUtils.java:logGet(43)) - raft.server.snapshot.auto.trigger.threshold = 10000 (custom)
2019-09-19 05:07:04,596 [pool-82-thread-1] INFO  server.RaftServerConfigKeys (ConfUtils.java:logGet(43)) - raft.server.retrycache.expirytime = 600000ms (custom)
2019-09-19 05:07:04,597 [pool-82-thread-1] INFO  impl.RaftServerImpl (RaftServerImpl.java:start(180)) - 58155aba-5fe9-410f-b407-41e443f3277a: start group-A3A394948300
2019-09-19 05:07:04,597 [pool-82-thread-1] INFO  impl.RaftServerImpl (RaftServerImpl.java:setRole(171)) - 58155aba-5fe9-410f-b407-41e443f3277a:group-A3A394948300 changes role from null to FOLLOWER at term 0 for startAsFollower
2019-09-19 05:07:04,597 [pool-82-thread-1] INFO  impl.RoleInfo (RoleInfo.java:updateAndGet(143)) - 58155aba-5fe9-410f-b407-41e443f3277a: start FollowerState
2019-09-19 05:07:04,597 [pool-82-thread-1] INFO  util.JmxRegister (JmxRegister.java:tryRegister(44)) - Successfully registered JMX Bean with object name Ratis:service=RaftServer,group=group-A3A394948300,id=58155aba-5fe9-410f-b407-41e443f3277a
2019-09-19 05:07:04,598 [pool-82-thread-1] INFO  impl.RaftServerProxy (RaftServerProxy.java:remove(95)) - 58155aba-5fe9-410f-b407-41e443f3277a: remove group-98A93B21467F:null
2019-09-19 05:07:04,602 [pool-82-thread-1] WARN  impl.RaftServerProxy (RaftServerProxy.java:lambda$groupAddAsync$11(388)) - 58155aba-5fe9-410f-b407-41e443f3277a: Failed groupAdd* GroupManagementRequest:client-BE06DE2655E6->58155aba-5fe9-410f-b407-41e443f3277a@group-98A93B21467F, cid=11, seq=0, RW, null, Add:group-98A93B21467F:[50a45026-e3e5-4392-80b5-2fca55db6c54:192.168.34.50:46775, 24b07b36-37e0-4d88-8ad1-16f6e8f81276:192.168.34.50:45448, 58155aba-5fe9-410f-b407-41e443f3277a:192.168.34.50:34594]
java.util.concurrent.CompletionException: java.lang.IllegalStateException: 58155aba-5fe9-410f-b407-41e443f3277a: failed to start a new impl:     null group-98A93B21467F 58155aba-5fe9-410f-b407-41e443f3277a:t0, leader=null, voted=null, raftlog=58155aba-5fe9-410f-b407-41e443f3277a-SegmentedRaftLog:OPENED:c-1,f-1,i0, conf=-1: [50a45026-e3e5-4392-80b5-2fca55db6c54:192.168.34.50:46775, 24b07b36-37e0-4d88-8ad1-16f6e8f81276:192.168.34.50:45448, 58155aba-5fe9-410f-b407-41e443f3277a:192.168.34.50:34594], old=null CLOSED
	at java.util.concurrent.CompletableFuture.encodeThrowable(CompletableFuture.java:273)
	at java.util.concurrent.CompletableFuture.completeThrowable(CompletableFuture.java:280)
	at java.util.concurrent.CompletableFuture.uniApply(CompletableFuture.java:604)
	at java.util.concurrent.CompletableFuture$UniApply.tryFire(CompletableFuture.java:577)
	at java.util.concurrent.CompletableFuture$Completion.run(CompletableFuture.java:442)
	at java.util.concurrent.ThreadPoolExecutor.runWorker(ThreadPoolExecutor.java:1149)
	at java.util.concurrent.ThreadPoolExecutor$Worker.run(ThreadPoolExecutor.java:624)
	at java.lang.Thread.run(Thread.java:748)
Caused by: java.lang.IllegalStateException: 58155aba-5fe9-410f-b407-41e443f3277a: failed to start a new impl:     null group-98A93B21467F 58155aba-5fe9-410f-b407-41e443f3277a:t0, leader=null, voted=null, raftlog=58155aba-5fe9-410f-b407-41e443f3277a-SegmentedRaftLog:OPENED:c-1,f-1,i0, conf=-1: [50a45026-e3e5-4392-80b5-2fca55db6c54:192.168.34.50:46775, 24b07b36-37e0-4d88-8ad1-16f6e8f81276:192.168.34.50:45448, 58155aba-5fe9-410f-b407-41e443f3277a:192.168.34.50:34594], old=null CLOSED
	at org.apache.ratis.util.Preconditions.assertTrue(Preconditions.java:75)
	at org.apache.ratis.server.impl.RaftServerProxy.lambda$groupAddAsync$10(RaftServerProxy.java:382)
	at java.util.concurrent.CompletableFuture.uniApply(CompletableFuture.java:602)
	... 5 more
2019-09-19 05:07:04,605 [Command processor thread] INFO  commandhandler.ClosePipelineCommandHandler (ClosePipelineCommandHandler.java:handle(87)) - Close Pipeline #PipelineID=8461308d-5fd6-4edb-bf8c-98a93b21467f command on datanode #58155aba-5fe9-410f-b407-41e443f3277a.
2019-09-19 05:07:04,752 | INFO  | SCMAudit | user=jenkins1000 | ip=192.168.34.50 | op=SEND_HEARTBEAT {datanodeUUID=f7581b44-ec20-4a49-84dc-6482be220b8e, command=[]} | ret=SUCCESS |  
2019-09-19 05:07:04,909 | INFO  | SCMAudit | user=jenkins1000 | ip=192.168.34.50 | op=SEND_HEARTBEAT {datanodeUUID=24b07b36-37e0-4d88-8ad1-16f6e8f81276, command=[]} | ret=SUCCESS |  
2019-09-19 05:07:05,187 [pool-27-thread-1] INFO  storage.RaftStorage (RaftStorage.java:format(72)) - Storage directory /workdir/hadoop-ozone/integration-test/target/test-dir/MiniOzoneClusterImpl-bbf495c9-350a-409e-a1d0-dfcf287214b2/datanode-0/data/ratis/d35a2aa1-5159-41d5-91f3-914c0954a483 has been successfully formatted.
2019-09-19 05:07:05,187 [pool-71-thread-1] INFO  storage.RaftStorage (RaftStorage.java:format(72)) - Storage directory /workdir/hadoop-ozone/integration-test/target/test-dir/MiniOzoneClusterImpl-bbf495c9-350a-409e-a1d0-dfcf287214b2/datanode-4/data/ratis/03e4198f-5ce6-47e8-89b6-7886d7da4f5e has been successfully formatted.
2019-09-19 05:07:05,188 [pool-27-thread-1] INFO  ratis.ContainerStateMachine (ContainerStateMachine.java:loadSnapshot(226)) - group-914C0954A483: The snapshot info is null. Setting the last applied indexto:(t:0, i:~)
2019-09-19 05:07:05,188 [pool-71-thread-1] INFO  ratis.ContainerStateMachine (ContainerStateMachine.java:loadSnapshot(226)) - group-7886D7DA4F5E: The snapshot info is null. Setting the last applied indexto:(t:0, i:~)
2019-09-19 05:07:05,188 [pool-27-thread-1] INFO  server.RaftServerConfigKeys (ConfUtils.java:logGet(43)) - raft.server.leader.election.timeout = 10s (custom)
2019-09-19 05:07:05,188 [pool-71-thread-1] INFO  server.RaftServerConfigKeys (ConfUtils.java:logGet(43)) - raft.server.leader.election.timeout = 10s (custom)
2019-09-19 05:07:05,188 [pool-27-thread-1] INFO  server.RaftServerConfigKeys (ConfUtils.java:logGet(43)) - raft.server.log.use.memory = false (default)
2019-09-19 05:07:05,189 [pool-71-thread-1] INFO  server.RaftServerConfigKeys (ConfUtils.java:logGet(43)) - raft.server.log.use.memory = false (default)
2019-09-19 05:07:05,189 [pool-27-thread-1] INFO  server.RaftServerConfigKeys (ConfUtils.java:logGet(43)) - raft.server.log.purge.gap = 1000000 (custom)
2019-09-19 05:07:05,189 [pool-71-thread-1] INFO  server.RaftServerConfigKeys (ConfUtils.java:logGet(43)) - raft.server.log.purge.gap = 1000000 (custom)
2019-09-19 05:07:05,189 [pool-27-thread-1] INFO  server.RaftServerConfigKeys (ConfUtils.java:logGet(43)) - raft.server.log.appender.buffer.byte-limit = 33554432 (custom)
2019-09-19 05:07:05,189 [pool-71-thread-1] INFO  server.RaftServerConfigKeys (ConfUtils.java:logGet(43)) - raft.server.log.appender.buffer.byte-limit = 33554432 (custom)
2019-09-19 05:07:05,189 [pool-27-thread-1] INFO  server.RaftServerConfigKeys (ConfUtils.java:logGet(43)) - raft.server.log.segment.size.max = 1048576 (custom)
2019-09-19 05:07:05,189 [pool-71-thread-1] INFO  server.RaftServerConfigKeys (ConfUtils.java:logGet(43)) - raft.server.log.segment.size.max = 1048576 (custom)
2019-09-19 05:07:05,190 [pool-27-thread-1] INFO  server.RaftServerConfigKeys (ConfUtils.java:logGet(43)) - raft.server.log.segment.cache.num.max = 2 (custom)
2019-09-19 05:07:05,190 [pool-71-thread-1] INFO  server.RaftServerConfigKeys (ConfUtils.java:logGet(43)) - raft.server.log.segment.cache.num.max = 2 (custom)
2019-09-19 05:07:05,190 [pool-27-thread-1] INFO  segmented.SegmentedRaftLogWorker (SegmentedRaftLogWorker.java:<init>(172)) - new f7581b44-ec20-4a49-84dc-6482be220b8e-SegmentedRaftLogWorker:Storage Directory /workdir/hadoop-ozone/integration-test/target/test-dir/MiniOzoneClusterImpl-bbf495c9-350a-409e-a1d0-dfcf287214b2/datanode-0/data/ratis/d35a2aa1-5159-41d5-91f3-914c0954a483 for RaftStorage:Storage Directory /workdir/hadoop-ozone/integration-test/target/test-dir/MiniOzoneClusterImpl-bbf495c9-350a-409e-a1d0-dfcf287214b2/datanode-0/data/ratis/d35a2aa1-5159-41d5-91f3-914c0954a483
2019-09-19 05:07:05,190 [pool-71-thread-1] INFO  segmented.SegmentedRaftLogWorker (SegmentedRaftLogWorker.java:<init>(172)) - new 24b07b36-37e0-4d88-8ad1-16f6e8f81276-SegmentedRaftLogWorker:Storage Directory /workdir/hadoop-ozone/integration-test/target/test-dir/MiniOzoneClusterImpl-bbf495c9-350a-409e-a1d0-dfcf287214b2/datanode-4/data/ratis/03e4198f-5ce6-47e8-89b6-7886d7da4f5e for RaftStorage:Storage Directory /workdir/hadoop-ozone/integration-test/target/test-dir/MiniOzoneClusterImpl-bbf495c9-350a-409e-a1d0-dfcf287214b2/datanode-4/data/ratis/03e4198f-5ce6-47e8-89b6-7886d7da4f5e
2019-09-19 05:07:05,190 [pool-27-thread-1] INFO  server.RaftServerConfigKeys (ConfUtils.java:logGet(43)) - raft.server.log.queue.byte-limit = 2147483647 (custom)
2019-09-19 05:07:05,190 [pool-71-thread-1] INFO  server.RaftServerConfigKeys (ConfUtils.java:logGet(43)) - raft.server.log.queue.byte-limit = 2147483647 (custom)
2019-09-19 05:07:05,193 [pool-27-thread-1] INFO  server.RaftServerConfigKeys (ConfUtils.java:logGet(43)) - raft.server.log.queue.element-limit = 1024 (custom)
2019-09-19 05:07:05,193 [pool-71-thread-1] INFO  server.RaftServerConfigKeys (ConfUtils.java:logGet(43)) - raft.server.log.queue.element-limit = 1024 (custom)
2019-09-19 05:07:05,193 [pool-27-thread-1] INFO  server.RaftServerConfigKeys (ConfUtils.java:logGet(43)) - raft.server.log.segment.size.max = 1048576 (custom)
2019-09-19 05:07:05,194 [pool-71-thread-1] INFO  server.RaftServerConfigKeys (ConfUtils.java:logGet(43)) - raft.server.log.segment.size.max = 1048576 (custom)
2019-09-19 05:07:05,194 [pool-27-thread-1] INFO  server.RaftServerConfigKeys (ConfUtils.java:logGet(43)) - raft.server.log.preallocated.size = 16384 (custom)
2019-09-19 05:07:05,194 [pool-71-thread-1] INFO  server.RaftServerConfigKeys (ConfUtils.java:logGet(43)) - raft.server.log.preallocated.size = 16384 (custom)
2019-09-19 05:07:05,194 [pool-27-thread-1] INFO  server.RaftServerConfigKeys (ConfUtils.java:logGet(43)) - raft.server.log.write.buffer.size = 33554432 (custom)
2019-09-19 05:07:05,194 [pool-71-thread-1] INFO  server.RaftServerConfigKeys (ConfUtils.java:logGet(43)) - raft.server.log.write.buffer.size = 33554432 (custom)
2019-09-19 05:07:05,195 [pool-27-thread-1] INFO  server.RaftServerConfigKeys (ConfUtils.java:logGet(43)) - raft.server.log.force.sync.num = 128 (default)
2019-09-19 05:07:05,195 [pool-71-thread-1] INFO  server.RaftServerConfigKeys (ConfUtils.java:logGet(43)) - raft.server.log.force.sync.num = 128 (default)
2019-09-19 05:07:05,195 [pool-27-thread-1] INFO  server.RaftServerConfigKeys (ConfUtils.java:logGet(43)) - raft.server.log.statemachine.data.sync = true (default)
2019-09-19 05:07:05,195 [pool-71-thread-1] INFO  server.RaftServerConfigKeys (ConfUtils.java:logGet(43)) - raft.server.log.statemachine.data.sync = true (default)
2019-09-19 05:07:05,195 [pool-27-thread-1] INFO  server.RaftServerConfigKeys (ConfUtils.java:logGet(43)) - raft.server.log.statemachine.data.sync.timeout = 10s (default)
2019-09-19 05:07:05,195 [pool-71-thread-1] INFO  server.RaftServerConfigKeys (ConfUtils.java:logGet(43)) - raft.server.log.statemachine.data.sync.timeout = 10s (default)
2019-09-19 05:07:05,196 [pool-27-thread-1] INFO  server.RaftServerConfigKeys (ConfUtils.java:logGet(43)) - raft.server.log.statemachine.data.sync.timeout.retry = -1 (default)
2019-09-19 05:07:05,196 [pool-71-thread-1] INFO  server.RaftServerConfigKeys (ConfUtils.java:logGet(43)) - raft.server.log.statemachine.data.sync.timeout.retry = -1 (default)
2019-09-19 05:07:05,196 [pool-27-thread-1] INFO  server.RaftServerConfigKeys (ConfUtils.java:logGet(43)) - raft.server.log.statemachine.data.caching.enabled = true (custom)
2019-09-19 05:07:05,196 [pool-71-thread-1] INFO  server.RaftServerConfigKeys (ConfUtils.java:logGet(43)) - raft.server.log.statemachine.data.caching.enabled = true (custom)
2019-09-19 05:07:05,197 [pool-27-thread-1] INFO  segmented.SegmentedRaftLogWorker (SegmentedRaftLogWorker.java:lambda$new$0(132)) - f7581b44-ec20-4a49-84dc-6482be220b8e-SegmentedRaftLogWorker:Storage Directory /workdir/hadoop-ozone/integration-test/target/test-dir/MiniOzoneClusterImpl-bbf495c9-350a-409e-a1d0-dfcf287214b2/datanode-0/data/ratis/d35a2aa1-5159-41d5-91f3-914c0954a483: flushIndex: setUnconditionally 0 -> -1
2019-09-19 05:07:05,197 [pool-71-thread-1] INFO  segmented.SegmentedRaftLogWorker (SegmentedRaftLogWorker.java:lambda$new$0(132)) - 24b07b36-37e0-4d88-8ad1-16f6e8f81276-SegmentedRaftLogWorker:Storage Directory /workdir/hadoop-ozone/integration-test/target/test-dir/MiniOzoneClusterImpl-bbf495c9-350a-409e-a1d0-dfcf287214b2/datanode-4/data/ratis/03e4198f-5ce6-47e8-89b6-7886d7da4f5e: flushIndex: setUnconditionally 0 -> -1
2019-09-19 05:07:05,197 [pool-27-thread-1] INFO  server.RaftServerConfigKeys (ConfUtils.java:logGet(43)) - raft.server.snapshot.auto.trigger.enabled = true (custom)
2019-09-19 05:07:05,197 [pool-27-thread-1] INFO  server.RaftServerConfigKeys (ConfUtils.java:logGet(43)) - raft.server.snapshot.auto.trigger.threshold = 10000 (custom)
2019-09-19 05:07:05,197 [pool-71-thread-1] INFO  server.RaftServerConfigKeys (ConfUtils.java:logGet(43)) - raft.server.snapshot.auto.trigger.enabled = true (custom)
2019-09-19 05:07:05,197 [pool-27-thread-1] INFO  server.RaftServerConfigKeys (ConfUtils.java:logGet(43)) - raft.server.retrycache.expirytime = 600000ms (custom)
2019-09-19 05:07:05,197 [pool-71-thread-1] INFO  server.RaftServerConfigKeys (ConfUtils.java:logGet(43)) - raft.server.snapshot.auto.trigger.threshold = 10000 (custom)
2019-09-19 05:07:05,198 [pool-27-thread-1] INFO  impl.RaftServerImpl (RaftServerImpl.java:start(180)) - f7581b44-ec20-4a49-84dc-6482be220b8e: start group-914C0954A483
2019-09-19 05:07:05,198 [pool-71-thread-1] INFO  server.RaftServerConfigKeys (ConfUtils.java:logGet(43)) - raft.server.retrycache.expirytime = 600000ms (custom)
2019-09-19 05:07:05,198 [pool-27-thread-1] INFO  impl.RaftServerImpl (RaftServerImpl.java:setRole(171)) - f7581b44-ec20-4a49-84dc-6482be220b8e:group-914C0954A483 changes role from null to FOLLOWER at term 0 for startAsFollower
2019-09-19 05:07:05,198 [pool-71-thread-1] INFO  impl.RaftServerImpl (RaftServerImpl.java:start(180)) - 24b07b36-37e0-4d88-8ad1-16f6e8f81276: start group-7886D7DA4F5E
2019-09-19 05:07:05,198 [pool-27-thread-1] INFO  impl.RoleInfo (RoleInfo.java:updateAndGet(143)) - f7581b44-ec20-4a49-84dc-6482be220b8e: start FollowerState
2019-09-19 05:07:05,198 [pool-71-thread-1] INFO  impl.RaftServerImpl (RaftServerImpl.java:setRole(171)) - 24b07b36-37e0-4d88-8ad1-16f6e8f81276:group-7886D7DA4F5E changes role from null to FOLLOWER at term 0 for startAsFollower
2019-09-19 05:07:05,198 [pool-71-thread-1] INFO  impl.RoleInfo (RoleInfo.java:updateAndGet(143)) - 24b07b36-37e0-4d88-8ad1-16f6e8f81276: start FollowerState
2019-09-19 05:07:05,199 [pool-27-thread-1] INFO  util.JmxRegister (JmxRegister.java:tryRegister(44)) - Successfully registered JMX Bean with object name Ratis:service=RaftServer,group=group-914C0954A483,id=f7581b44-ec20-4a49-84dc-6482be220b8e
2019-09-19 05:07:05,199 [pool-71-thread-1] INFO  util.JmxRegister (JmxRegister.java:tryRegister(44)) - Successfully registered JMX Bean with object name Ratis:service=RaftServer,group=group-7886D7DA4F5E,id=24b07b36-37e0-4d88-8ad1-16f6e8f81276
2019-09-19 05:07:05,209 [Command processor thread] INFO  commandhandler.CreatePipelineCommandHandler (CreatePipelineCommandHandler.java:handle(112)) - Create Pipeline RATIS THREE #PipelineID=03e4198f-5ce6-47e8-89b6-7886d7da4f5e command succeed on datanode 24b07b36-37e0-4d88-8ad1-16f6e8f81276.
2019-09-19 05:07:05,214 [Command processor thread] INFO  commandhandler.CreatePipelineCommandHandler (CreatePipelineCommandHandler.java:handle(112)) - Create Pipeline RATIS THREE #PipelineID=d35a2aa1-5159-41d5-91f3-914c0954a483 command succeed on datanode f7581b44-ec20-4a49-84dc-6482be220b8e.
2019-09-19 05:07:05,752 | INFO  | SCMAudit | user=jenkins1000 | ip=192.168.34.50 | op=SEND_HEARTBEAT {datanodeUUID=f7581b44-ec20-4a49-84dc-6482be220b8e, command=[]} | ret=SUCCESS |  
2019-09-19 05:07:05,909 | INFO  | SCMAudit | user=jenkins1000 | ip=192.168.34.50 | op=SEND_HEARTBEAT {datanodeUUID=24b07b36-37e0-4d88-8ad1-16f6e8f81276, command=[]} | ret=SUCCESS |  
2019-09-19 05:07:06,141 [Thread-248] INFO  impl.FollowerState (FollowerState.java:run(106)) - 370a1c5b-8b1a-491a-a577-d02fa7ab369f:group-E8CFA356D009 changes to CANDIDATE, lastRpcTime:5098, electionTimeout:5097ms
2019-09-19 05:07:06,142 [Thread-248] INFO  impl.RoleInfo (RoleInfo.java:shutdownFollowerState(121)) - 370a1c5b-8b1a-491a-a577-d02fa7ab369f: shutdown FollowerState
2019-09-19 05:07:06,142 [Thread-248] INFO  impl.RaftServerImpl (RaftServerImpl.java:setRole(171)) - 370a1c5b-8b1a-491a-a577-d02fa7ab369f:group-E8CFA356D009 changes role from FOLLOWER to CANDIDATE at term 0 for changeToCandidate
2019-09-19 05:07:06,142 [Thread-248] INFO  impl.RoleInfo (RoleInfo.java:updateAndGet(143)) - 370a1c5b-8b1a-491a-a577-d02fa7ab369f: start LeaderElection
2019-09-19 05:07:06,339 [370a1c5b-8b1a-491a-a577-d02fa7ab369f:group-E8CFA356D009:LeaderElection6] INFO  impl.LeaderElection (LeaderElection.java:askForVotes(181)) - 370a1c5b-8b1a-491a-a577-d02fa7ab369f:group-E8CFA356D009:LeaderElection6: begin an election at term 1 for -1: [370a1c5b-8b1a-491a-a577-d02fa7ab369f:192.168.34.50:39242, f7581b44-ec20-4a49-84dc-6482be220b8e:192.168.34.50:34061, 92793de3-5298-4528-b315-ef9b977911c6:192.168.34.50:46839], old=null
2019-09-19 05:07:06,363 [grpc-default-executor-1] WARN  server.GrpcServerProtocolService (LogUtils.java:warn(136)) - f7581b44-ec20-4a49-84dc-6482be220b8e: Failed requestVote 370a1c5b-8b1a-491a-a577-d02fa7ab369f->f7581b44-ec20-4a49-84dc-6482be220b8e#0
org.apache.ratis.protocol.GroupMismatchException: f7581b44-ec20-4a49-84dc-6482be220b8e: group-E8CFA356D009 not found.
	at org.apache.ratis.server.impl.RaftServerProxy$ImplMap.get(RaftServerProxy.java:122)
	at org.apache.ratis.server.impl.RaftServerProxy.getImplFuture(RaftServerProxy.java:269)
	at org.apache.ratis.server.impl.RaftServerProxy.getImpl(RaftServerProxy.java:278)
	at org.apache.ratis.server.impl.RaftServerProxy.getImpl(RaftServerProxy.java:273)
	at org.apache.ratis.server.impl.RaftServerProxy.requestVote(RaftServerProxy.java:442)
	at org.apache.ratis.grpc.server.GrpcServerProtocolService.requestVote(GrpcServerProtocolService.java:55)
	at org.apache.ratis.proto.grpc.RaftServerProtocolServiceGrpc$MethodHandlers.invoke(RaftServerProtocolServiceGrpc.java:319)
	at org.apache.ratis.thirdparty.io.grpc.stub.ServerCalls$UnaryServerCallHandler$UnaryServerCallListener.onHalfClose(ServerCalls.java:171)
	at org.apache.ratis.thirdparty.io.grpc.internal.ServerCallImpl$ServerStreamListenerImpl.halfClosed(ServerCallImpl.java:283)
	at org.apache.ratis.thirdparty.io.grpc.internal.ServerImpl$JumpToApplicationThreadServerStreamListener$1HalfClosed.runInContext(ServerImpl.java:710)
	at org.apache.ratis.thirdparty.io.grpc.internal.ContextRunnable.run(ContextRunnable.java:37)
	at org.apache.ratis.thirdparty.io.grpc.internal.SerializingExecutor.run(SerializingExecutor.java:123)
	at java.util.concurrent.ThreadPoolExecutor.runWorker(ThreadPoolExecutor.java:1149)
	at java.util.concurrent.ThreadPoolExecutor$Worker.run(ThreadPoolExecutor.java:624)
	at java.lang.Thread.run(Thread.java:748)
2019-09-19 05:07:06,371 [370a1c5b-8b1a-491a-a577-d02fa7ab369f:group-E8CFA356D009:LeaderElection6] INFO  impl.LeaderElection (LogUtils.java:infoOrTrace(149)) - 370a1c5b-8b1a-491a-a577-d02fa7ab369f:group-E8CFA356D009:LeaderElection6 got exception when requesting votes: {}
java.util.concurrent.ExecutionException: org.apache.ratis.thirdparty.io.grpc.StatusRuntimeException: UNAVAILABLE: io exception
	at java.util.concurrent.FutureTask.report(FutureTask.java:122)
	at java.util.concurrent.FutureTask.get(FutureTask.java:192)
	at org.apache.ratis.server.impl.LeaderElection.waitForResults(LeaderElection.java:262)
	at org.apache.ratis.server.impl.LeaderElection.askForVotes(LeaderElection.java:200)
	at org.apache.ratis.server.impl.LeaderElection.run(LeaderElection.java:130)
	at java.lang.Thread.run(Thread.java:748)
Caused by: org.apache.ratis.thirdparty.io.grpc.StatusRuntimeException: UNAVAILABLE: io exception
	at org.apache.ratis.thirdparty.io.grpc.stub.ClientCalls.toStatusRuntimeException(ClientCalls.java:233)
	at org.apache.ratis.thirdparty.io.grpc.stub.ClientCalls.getUnchecked(ClientCalls.java:214)
	at org.apache.ratis.thirdparty.io.grpc.stub.ClientCalls.blockingUnaryCall(ClientCalls.java:139)
	at org.apache.ratis.proto.grpc.RaftServerProtocolServiceGrpc$RaftServerProtocolServiceBlockingStub.requestVote(RaftServerProtocolServiceGrpc.java:265)
	at org.apache.ratis.grpc.server.GrpcServerProtocolClient.requestVote(GrpcServerProtocolClient.java:83)
	at org.apache.ratis.grpc.server.GrpcService.requestVote(GrpcService.java:195)
	at org.apache.ratis.server.impl.LeaderElection.lambda$submitRequests$1(LeaderElection.java:237)
	at java.util.concurrent.FutureTask.run(FutureTask.java:266)
	at java.util.concurrent.Executors$RunnableAdapter.call(Executors.java:511)
	at java.util.concurrent.FutureTask.run(FutureTask.java:266)
	at java.util.concurrent.ThreadPoolExecutor.runWorker(ThreadPoolExecutor.java:1149)
	at java.util.concurrent.ThreadPoolExecutor$Worker.run(ThreadPoolExecutor.java:624)
	... 1 more
Caused by: org.apache.ratis.thirdparty.io.netty.channel.AbstractChannel$AnnotatedConnectException: Connection refused: /192.168.34.50:46839
	at sun.nio.ch.SocketChannelImpl.checkConnect(Native Method)
	at sun.nio.ch.SocketChannelImpl.finishConnect(SocketChannelImpl.java:717)
	at org.apache.ratis.thirdparty.io.netty.channel.socket.nio.NioSocketChannel.doFinishConnect(NioSocketChannel.java:327)
	at org.apache.ratis.thirdparty.io.netty.channel.nio.AbstractNioChannel$AbstractNioUnsafe.finishConnect(AbstractNioChannel.java:340)
	at org.apache.ratis.thirdparty.io.netty.channel.nio.NioEventLoop.processSelectedKey(NioEventLoop.java:632)
	at org.apache.ratis.thirdparty.io.netty.channel.nio.NioEventLoop.processSelectedKeysOptimized(NioEventLoop.java:579)
	at org.apache.ratis.thirdparty.io.netty.channel.nio.NioEventLoop.processSelectedKeys(NioEventLoop.java:496)
	at org.apache.ratis.thirdparty.io.netty.channel.nio.NioEventLoop.run(NioEventLoop.java:458)
	at org.apache.ratis.thirdparty.io.netty.util.concurrent.SingleThreadEventExecutor$5.run(SingleThreadEventExecutor.java:897)
	at org.apache.ratis.thirdparty.io.netty.util.concurrent.FastThreadLocalRunnable.run(FastThreadLocalRunnable.java:30)
	... 1 more
Caused by: java.net.ConnectException: Connection refused
	... 11 more
2019-09-19 05:07:06,381 [370a1c5b-8b1a-491a-a577-d02fa7ab369f:group-E8CFA356D009:LeaderElection6] INFO  impl.LeaderElection (LogUtils.java:infoOrTrace(149)) - 370a1c5b-8b1a-491a-a577-d02fa7ab369f:group-E8CFA356D009:LeaderElection6 got exception when requesting votes: {}
java.util.concurrent.ExecutionException: org.apache.ratis.thirdparty.io.grpc.StatusRuntimeException: INTERNAL: f7581b44-ec20-4a49-84dc-6482be220b8e: group-E8CFA356D009 not found.
	at java.util.concurrent.FutureTask.report(FutureTask.java:122)
	at java.util.concurrent.FutureTask.get(FutureTask.java:192)
	at org.apache.ratis.server.impl.LeaderElection.waitForResults(LeaderElection.java:262)
	at org.apache.ratis.server.impl.LeaderElection.askForVotes(LeaderElection.java:200)
	at org.apache.ratis.server.impl.LeaderElection.run(LeaderElection.java:130)
	at java.lang.Thread.run(Thread.java:748)
Caused by: org.apache.ratis.thirdparty.io.grpc.StatusRuntimeException: INTERNAL: f7581b44-ec20-4a49-84dc-6482be220b8e: group-E8CFA356D009 not found.
	at org.apache.ratis.thirdparty.io.grpc.stub.ClientCalls.toStatusRuntimeException(ClientCalls.java:233)
	at org.apache.ratis.thirdparty.io.grpc.stub.ClientCalls.getUnchecked(ClientCalls.java:214)
	at org.apache.ratis.thirdparty.io.grpc.stub.ClientCalls.blockingUnaryCall(ClientCalls.java:139)
	at org.apache.ratis.proto.grpc.RaftServerProtocolServiceGrpc$RaftServerProtocolServiceBlockingStub.requestVote(RaftServerProtocolServiceGrpc.java:265)
	at org.apache.ratis.grpc.server.GrpcServerProtocolClient.requestVote(GrpcServerProtocolClient.java:83)
	at org.apache.ratis.grpc.server.GrpcService.requestVote(GrpcService.java:195)
	at org.apache.ratis.server.impl.LeaderElection.lambda$submitRequests$1(LeaderElection.java:237)
	at java.util.concurrent.FutureTask.run(FutureTask.java:266)
	at java.util.concurrent.Executors$RunnableAdapter.call(Executors.java:511)
	at java.util.concurrent.FutureTask.run(FutureTask.java:266)
	at java.util.concurrent.ThreadPoolExecutor.runWorker(ThreadPoolExecutor.java:1149)
	at java.util.concurrent.ThreadPoolExecutor$Worker.run(ThreadPoolExecutor.java:624)
	... 1 more
2019-09-19 05:07:06,384 [370a1c5b-8b1a-491a-a577-d02fa7ab369f:group-E8CFA356D009:LeaderElection6] INFO  impl.LeaderElection (LeaderElection.java:logAndReturn(56)) - 370a1c5b-8b1a-491a-a577-d02fa7ab369f:group-E8CFA356D009:LeaderElection6: Election REJECTED; received 0 response(s) [] and 2 exception(s); 370a1c5b-8b1a-491a-a577-d02fa7ab369f:t1, leader=null, voted=370a1c5b-8b1a-491a-a577-d02fa7ab369f, raftlog=370a1c5b-8b1a-491a-a577-d02fa7ab369f-SegmentedRaftLog:OPENED:c-1,f-1,i0, conf=-1: [370a1c5b-8b1a-491a-a577-d02fa7ab369f:192.168.34.50:39242, f7581b44-ec20-4a49-84dc-6482be220b8e:192.168.34.50:34061, 92793de3-5298-4528-b315-ef9b977911c6:192.168.34.50:46839], old=null
2019-09-19 05:07:06,384 [370a1c5b-8b1a-491a-a577-d02fa7ab369f:group-E8CFA356D009:LeaderElection6] INFO  impl.LeaderElection (LogUtils.java:infoOrTrace(149)) -   Exception 0: {}
java.util.concurrent.ExecutionException: org.apache.ratis.thirdparty.io.grpc.StatusRuntimeException: UNAVAILABLE: io exception
	at java.util.concurrent.FutureTask.report(FutureTask.java:122)
	at java.util.concurrent.FutureTask.get(FutureTask.java:192)
	at org.apache.ratis.server.impl.LeaderElection.waitForResults(LeaderElection.java:262)
	at org.apache.ratis.server.impl.LeaderElection.askForVotes(LeaderElection.java:200)
	at org.apache.ratis.server.impl.LeaderElection.run(LeaderElection.java:130)
	at java.lang.Thread.run(Thread.java:748)
Caused by: org.apache.ratis.thirdparty.io.grpc.StatusRuntimeException: UNAVAILABLE: io exception
	at org.apache.ratis.thirdparty.io.grpc.stub.ClientCalls.toStatusRuntimeException(ClientCalls.java:233)
	at org.apache.ratis.thirdparty.io.grpc.stub.ClientCalls.getUnchecked(ClientCalls.java:214)
	at org.apache.ratis.thirdparty.io.grpc.stub.ClientCalls.blockingUnaryCall(ClientCalls.java:139)
	at org.apache.ratis.proto.grpc.RaftServerProtocolServiceGrpc$RaftServerProtocolServiceBlockingStub.requestVote(RaftServerProtocolServiceGrpc.java:265)
	at org.apache.ratis.grpc.server.GrpcServerProtocolClient.requestVote(GrpcServerProtocolClient.java:83)
	at org.apache.ratis.grpc.server.GrpcService.requestVote(GrpcService.java:195)
	at org.apache.ratis.server.impl.LeaderElection.lambda$submitRequests$1(LeaderElection.java:237)
	at java.util.concurrent.FutureTask.run(FutureTask.java:266)
	at java.util.concurrent.Executors$RunnableAdapter.call(Executors.java:511)
	at java.util.concurrent.FutureTask.run(FutureTask.java:266)
	at java.util.concurrent.ThreadPoolExecutor.runWorker(ThreadPoolExecutor.java:1149)
	at java.util.concurrent.ThreadPoolExecutor$Worker.run(ThreadPoolExecutor.java:624)
	... 1 more
Caused by: org.apache.ratis.thirdparty.io.netty.channel.AbstractChannel$AnnotatedConnectException: Connection refused: /192.168.34.50:46839
	at sun.nio.ch.SocketChannelImpl.checkConnect(Native Method)
	at sun.nio.ch.SocketChannelImpl.finishConnect(SocketChannelImpl.java:717)
	at org.apache.ratis.thirdparty.io.netty.channel.socket.nio.NioSocketChannel.doFinishConnect(NioSocketChannel.java:327)
	at org.apache.ratis.thirdparty.io.netty.channel.nio.AbstractNioChannel$AbstractNioUnsafe.finishConnect(AbstractNioChannel.java:340)
	at org.apache.ratis.thirdparty.io.netty.channel.nio.NioEventLoop.processSelectedKey(NioEventLoop.java:632)
	at org.apache.ratis.thirdparty.io.netty.channel.nio.NioEventLoop.processSelectedKeysOptimized(NioEventLoop.java:579)
	at org.apache.ratis.thirdparty.io.netty.channel.nio.NioEventLoop.processSelectedKeys(NioEventLoop.java:496)
	at org.apache.ratis.thirdparty.io.netty.channel.nio.NioEventLoop.run(NioEventLoop.java:458)
	at org.apache.ratis.thirdparty.io.netty.util.concurrent.SingleThreadEventExecutor$5.run(SingleThreadEventExecutor.java:897)
	at org.apache.ratis.thirdparty.io.netty.util.concurrent.FastThreadLocalRunnable.run(FastThreadLocalRunnable.java:30)
	... 1 more
Caused by: java.net.ConnectException: Connection refused
	... 11 more
2019-09-19 05:07:06,384 [370a1c5b-8b1a-491a-a577-d02fa7ab369f:group-E8CFA356D009:LeaderElection6] INFO  impl.LeaderElection (LogUtils.java:infoOrTrace(149)) -   Exception 1: {}
java.util.concurrent.ExecutionException: org.apache.ratis.thirdparty.io.grpc.StatusRuntimeException: INTERNAL: f7581b44-ec20-4a49-84dc-6482be220b8e: group-E8CFA356D009 not found.
	at java.util.concurrent.FutureTask.report(FutureTask.java:122)
	at java.util.concurrent.FutureTask.get(FutureTask.java:192)
	at org.apache.ratis.server.impl.LeaderElection.waitForResults(LeaderElection.java:262)
	at org.apache.ratis.server.impl.LeaderElection.askForVotes(LeaderElection.java:200)
	at org.apache.ratis.server.impl.LeaderElection.run(LeaderElection.java:130)
	at java.lang.Thread.run(Thread.java:748)
Caused by: org.apache.ratis.thirdparty.io.grpc.StatusRuntimeException: INTERNAL: f7581b44-ec20-4a49-84dc-6482be220b8e: group-E8CFA356D009 not found.
	at org.apache.ratis.thirdparty.io.grpc.stub.ClientCalls.toStatusRuntimeException(ClientCalls.java:233)
	at org.apache.ratis.thirdparty.io.grpc.stub.ClientCalls.getUnchecked(ClientCalls.java:214)
	at org.apache.ratis.thirdparty.io.grpc.stub.ClientCalls.blockingUnaryCall(ClientCalls.java:139)
	at org.apache.ratis.proto.grpc.RaftServerProtocolServiceGrpc$RaftServerProtocolServiceBlockingStub.requestVote(RaftServerProtocolServiceGrpc.java:265)
	at org.apache.ratis.grpc.server.GrpcServerProtocolClient.requestVote(GrpcServerProtocolClient.java:83)
	at org.apache.ratis.grpc.server.GrpcService.requestVote(GrpcService.java:195)
	at org.apache.ratis.server.impl.LeaderElection.lambda$submitRequests$1(LeaderElection.java:237)
	at java.util.concurrent.FutureTask.run(FutureTask.java:266)
	at java.util.concurrent.Executors$RunnableAdapter.call(Executors.java:511)
	at java.util.concurrent.FutureTask.run(FutureTask.java:266)
	at java.util.concurrent.ThreadPoolExecutor.runWorker(ThreadPoolExecutor.java:1149)
	at java.util.concurrent.ThreadPoolExecutor$Worker.run(ThreadPoolExecutor.java:624)
	... 1 more
2019-09-19 05:07:06,387 [370a1c5b-8b1a-491a-a577-d02fa7ab369f:group-E8CFA356D009:LeaderElection6] INFO  impl.RaftServerImpl (RaftServerImpl.java:setRole(171)) - 370a1c5b-8b1a-491a-a577-d02fa7ab369f:group-E8CFA356D009 changes role from CANDIDATE to FOLLOWER at term 1 for DISCOVERED_A_NEW_TERM
2019-09-19 05:07:06,387 [370a1c5b-8b1a-491a-a577-d02fa7ab369f:group-E8CFA356D009:LeaderElection6] INFO  impl.RoleInfo (RoleInfo.java:shutdownLeaderElection(134)) - 370a1c5b-8b1a-491a-a577-d02fa7ab369f: shutdown LeaderElection
2019-09-19 05:07:06,387 [370a1c5b-8b1a-491a-a577-d02fa7ab369f:group-E8CFA356D009:LeaderElection6] INFO  impl.RoleInfo (RoleInfo.java:updateAndGet(143)) - 370a1c5b-8b1a-491a-a577-d02fa7ab369f: start FollowerState
2019-09-19 05:07:06,752 | INFO  | SCMAudit | user=jenkins1000 | ip=192.168.34.50 | op=SEND_HEARTBEAT {datanodeUUID=f7581b44-ec20-4a49-84dc-6482be220b8e, command=[]} | ret=SUCCESS |  
2019-09-19 05:07:06,752 [EventQueue-CreatePipelineStatusForSCMPipelineManager] INFO  pipeline.SCMPipelineManager (SCMPipelineManager.java:onMessage(469)) - receive pipeline PipelineID=d35a2aa1-5159-41d5-91f3-914c0954a483 create status EXECUTED
2019-09-19 05:07:06,755 [EventQueue-CreatePipelineStatusForSCMPipelineManager] INFO  pipeline.PipelineStateManager (PipelineStateManager.java:openPipeline(134)) - Pipeline Pipeline[ Id: d35a2aa1-5159-41d5-91f3-914c0954a483, Nodes: f7581b44-ec20-4a49-84dc-6482be220b8e{ip: 192.168.34.50, host: pr-hdds-2034-srnhl-2452957315, networkLocation: /default-rack, certSerialId: null}92793de3-5298-4528-b315-ef9b977911c6{ip: 192.168.34.50, host: pr-hdds-2034-srnhl-2452957315, networkLocation: /default-rack, certSerialId: null}370a1c5b-8b1a-491a-a577-d02fa7ab369f{ip: 192.168.34.50, host: pr-hdds-2034-srnhl-2452957315, networkLocation: /default-rack, certSerialId: null}, Type:RATIS, Factor:THREE, State:ALLOCATED] moved to OPEN state
add pipeline PipelineID=d35a2aa1-5159-41d5-91f3-914c0954a483 to metrics map
2019-09-19 05:07:06,910 | INFO  | SCMAudit | user=jenkins1000 | ip=192.168.34.50 | op=SEND_HEARTBEAT {datanodeUUID=24b07b36-37e0-4d88-8ad1-16f6e8f81276, command=[]} | ret=SUCCESS |  
2019-09-19 05:07:06,910 [EventQueue-CreatePipelineStatusForSCMPipelineManager] INFO  pipeline.SCMPipelineManager (SCMPipelineManager.java:onMessage(469)) - receive pipeline PipelineID=03e4198f-5ce6-47e8-89b6-7886d7da4f5e create status EXECUTED
2019-09-19 05:07:06,911 [EventQueue-CreatePipelineStatusForSCMPipelineManager] INFO  pipeline.PipelineStateManager (PipelineStateManager.java:openPipeline(134)) - Pipeline Pipeline[ Id: 03e4198f-5ce6-47e8-89b6-7886d7da4f5e, Nodes: 58155aba-5fe9-410f-b407-41e443f3277a{ip: 192.168.34.50, host: pr-hdds-2034-srnhl-2452957315, networkLocation: /default-rack, certSerialId: null}50a45026-e3e5-4392-80b5-2fca55db6c54{ip: 192.168.34.50, host: pr-hdds-2034-srnhl-2452957315, networkLocation: /default-rack, certSerialId: null}24b07b36-37e0-4d88-8ad1-16f6e8f81276{ip: 192.168.34.50, host: pr-hdds-2034-srnhl-2452957315, networkLocation: /default-rack, certSerialId: null}, Type:RATIS, Factor:THREE, State:ALLOCATED] moved to OPEN state
add pipeline PipelineID=03e4198f-5ce6-47e8-89b6-7886d7da4f5e to metrics map
2019-09-19 05:07:07,488 [main] INFO  ozoneimpl.OzoneContainer (OzoneContainer.java:stop(199)) - Attempting to stop container services.
2019-09-19 05:07:07,490 [main] INFO  impl.RaftServerProxy (RaftServerProxy.java:lambda$close$4(314)) - 58155aba-5fe9-410f-b407-41e443f3277a: close
2019-09-19 05:07:07,490 [main] INFO  impl.RaftServerImpl (RaftServerImpl.java:lambda$shutdown$3(245)) - 58155aba-5fe9-410f-b407-41e443f3277a: shutdown group-A3A394948300
2019-09-19 05:07:07,491 [main] INFO  util.JmxRegister (JmxRegister.java:unregister(73)) - Successfully un-registered JMX Bean with object name Ratis:service=RaftServer,group=group-A3A394948300,id=58155aba-5fe9-410f-b407-41e443f3277a
2019-09-19 05:07:07,491 [main] INFO  impl.RoleInfo (RoleInfo.java:shutdownFollowerState(121)) - 58155aba-5fe9-410f-b407-41e443f3277a: shutdown FollowerState
2019-09-19 05:07:07,492 [main] INFO  impl.StateMachineUpdater (StateMachineUpdater.java:stopAndJoin(115)) - StateMachineUpdater:58155aba-5fe9-410f-b407-41e443f3277a:group-A3A394948300: set stopIndex = -1
2019-09-19 05:07:07,492 [Thread-272] INFO  impl.FollowerState (FollowerState.java:run(114)) - 58155aba-5fe9-410f-b407-41e443f3277a: FollowerState was interrupted: java.lang.InterruptedException: sleep interrupted
2019-09-19 05:07:07,493 [main] INFO  impl.RaftServerImpl (ServerState.java:close(394)) - 58155aba-5fe9-410f-b407-41e443f3277a:group-A3A394948300 closes. The last applied log index is -1
2019-09-19 05:07:07,496 [58155aba-5fe9-410f-b407-41e443f3277a-SegmentedRaftLogWorker:Storage Directory /workdir/hadoop-ozone/integration-test/target/test-dir/MiniOzoneClusterImpl-bbf495c9-350a-409e-a1d0-dfcf287214b2/datanode-5/data/ratis/77b1bc39-96f6-4cf5-ae5f-a3a394948300] INFO  segmented.SegmentedRaftLogWorker (SegmentedRaftLogWorker.java:run(313)) - 58155aba-5fe9-410f-b407-41e443f3277a-SegmentedRaftLogWorker:Storage Directory /workdir/hadoop-ozone/integration-test/target/test-dir/MiniOzoneClusterImpl-bbf495c9-350a-409e-a1d0-dfcf287214b2/datanode-5/data/ratis/77b1bc39-96f6-4cf5-ae5f-a3a394948300 was interrupted, exiting. There are 0 tasks remaining in the queue.
2019-09-19 05:07:07,496 [main] INFO  segmented.SegmentedRaftLogWorker (SegmentedRaftLogWorker.java:close(228)) - 58155aba-5fe9-410f-b407-41e443f3277a-SegmentedRaftLogWorker:Storage Directory /workdir/hadoop-ozone/integration-test/target/test-dir/MiniOzoneClusterImpl-bbf495c9-350a-409e-a1d0-dfcf287214b2/datanode-5/data/ratis/77b1bc39-96f6-4cf5-ae5f-a3a394948300 close()
2019-09-19 05:07:07,496 [ForkJoinPool.commonPool-worker-0] INFO  ozoneimpl.OzoneContainer (OzoneContainer.java:stop(199)) - Attempting to stop container services.
2019-09-19 05:07:07,498 [main] INFO  server.GrpcService (GrpcService.java:closeImpl(155)) - 58155aba-5fe9-410f-b407-41e443f3277a: shutdown server with port 34594 now
2019-09-19 05:07:07,499 [ForkJoinPool.commonPool-worker-0] INFO  impl.RaftServerProxy (RaftServerProxy.java:lambda$close$4(314)) - 370a1c5b-8b1a-491a-a577-d02fa7ab369f: close
2019-09-19 05:07:07,500 [ForkJoinPool.commonPool-worker-0] INFO  impl.RaftServerImpl (RaftServerImpl.java:lambda$shutdown$3(245)) - 370a1c5b-8b1a-491a-a577-d02fa7ab369f: shutdown group-6255958BC967
2019-09-19 05:07:07,500 [main] INFO  server.GrpcService (GrpcService.java:closeImpl(163)) - 58155aba-5fe9-410f-b407-41e443f3277a: shutdown server with port 34594 successfully
2019-09-19 05:07:07,500 [ForkJoinPool.commonPool-worker-0] INFO  util.JmxRegister (JmxRegister.java:unregister(73)) - Successfully un-registered JMX Bean with object name Ratis:service=RaftServer,group=group-6255958BC967,id=370a1c5b-8b1a-491a-a577-d02fa7ab369f
2019-09-19 05:07:07,501 [ForkJoinPool.commonPool-worker-0] INFO  impl.RoleInfo (RoleInfo.java:shutdownLeaderState(104)) - 370a1c5b-8b1a-491a-a577-d02fa7ab369f: shutdown LeaderState
2019-09-19 05:07:07,501 [main] INFO  utils.BackgroundService (BackgroundService.java:shutdown(148)) - Shutting down service BlockDeletingService
2019-09-19 05:07:07,502 [refreshUsed-/workdir/hadoop-ozone/integration-test/target/test-dir/MiniOzoneClusterImpl-bbf495c9-350a-409e-a1d0-dfcf287214b2/datanode-5/data/containers] WARN  fs.CachingGetSpaceUsed (CachingGetSpaceUsed.java:run(183)) - Thread Interrupted waiting to refresh disk information: sleep interrupted
2019-09-19 05:07:07,503 [ForkJoinPool.commonPool-worker-0] INFO  impl.PendingRequests (PendingRequests.java:sendNotLeaderResponses(202)) - 370a1c5b-8b1a-491a-a577-d02fa7ab369f-PendingRequests: sendNotLeaderResponses
2019-09-19 05:07:07,507 [ForkJoinPool.commonPool-worker-0] INFO  impl.StateMachineUpdater (StateMachineUpdater.java:stopAndJoin(115)) - StateMachineUpdater:370a1c5b-8b1a-491a-a577-d02fa7ab369f:group-6255958BC967: set stopIndex = 0
2019-09-19 05:07:07,508 [ForkJoinPool.commonPool-worker-0] INFO  impl.RaftServerImpl (ServerState.java:close(394)) - 370a1c5b-8b1a-491a-a577-d02fa7ab369f:group-6255958BC967 closes. The last applied log index is 0
2019-09-19 05:07:07,509 [370a1c5b-8b1a-491a-a577-d02fa7ab369f-SegmentedRaftLogWorker:Storage Directory /workdir/hadoop-ozone/integration-test/target/test-dir/MiniOzoneClusterImpl-bbf495c9-350a-409e-a1d0-dfcf287214b2/datanode-2/data/ratis/9c2fe18a-1144-42c4-baf5-6255958bc967] INFO  segmented.SegmentedRaftLogWorker (SegmentedRaftLogWorker.java:run(313)) - 370a1c5b-8b1a-491a-a577-d02fa7ab369f-SegmentedRaftLogWorker:Storage Directory /workdir/hadoop-ozone/integration-test/target/test-dir/MiniOzoneClusterImpl-bbf495c9-350a-409e-a1d0-dfcf287214b2/datanode-2/data/ratis/9c2fe18a-1144-42c4-baf5-6255958bc967 was interrupted, exiting. There are 0 tasks remaining in the queue.
2019-09-19 05:07:07,510 [ForkJoinPool.commonPool-worker-0] INFO  segmented.SegmentedRaftLogWorker (SegmentedRaftLogWorker.java:close(228)) - 370a1c5b-8b1a-491a-a577-d02fa7ab369f-SegmentedRaftLogWorker:Storage Directory /workdir/hadoop-ozone/integration-test/target/test-dir/MiniOzoneClusterImpl-bbf495c9-350a-409e-a1d0-dfcf287214b2/datanode-2/data/ratis/9c2fe18a-1144-42c4-baf5-6255958bc967 close()
2019-09-19 05:07:07,513 [ForkJoinPool.commonPool-worker-0] INFO  impl.RaftServerImpl (RaftServerImpl.java:lambda$shutdown$3(245)) - 370a1c5b-8b1a-491a-a577-d02fa7ab369f: shutdown group-E8CFA356D009
2019-09-19 05:07:07,513 [ForkJoinPool.commonPool-worker-0] INFO  util.JmxRegister (JmxRegister.java:unregister(73)) - Successfully un-registered JMX Bean with object name Ratis:service=RaftServer,group=group-E8CFA356D009,id=370a1c5b-8b1a-491a-a577-d02fa7ab369f
2019-09-19 05:07:07,514 [ForkJoinPool.commonPool-worker-0] INFO  impl.RoleInfo (RoleInfo.java:shutdownFollowerState(121)) - 370a1c5b-8b1a-491a-a577-d02fa7ab369f: shutdown FollowerState
2019-09-19 05:07:07,514 [ForkJoinPool.commonPool-worker-0] INFO  impl.StateMachineUpdater (StateMachineUpdater.java:stopAndJoin(115)) - StateMachineUpdater:370a1c5b-8b1a-491a-a577-d02fa7ab369f:group-E8CFA356D009: set stopIndex = -1
2019-09-19 05:07:07,514 [Thread-284] INFO  impl.FollowerState (FollowerState.java:run(114)) - 370a1c5b-8b1a-491a-a577-d02fa7ab369f: FollowerState was interrupted: java.lang.InterruptedException: sleep interrupted
2019-09-19 05:07:07,515 [ForkJoinPool.commonPool-worker-0] INFO  impl.RaftServerImpl (ServerState.java:close(394)) - 370a1c5b-8b1a-491a-a577-d02fa7ab369f:group-E8CFA356D009 closes. The last applied log index is -1
2019-09-19 05:07:07,518 [370a1c5b-8b1a-491a-a577-d02fa7ab369f-SegmentedRaftLogWorker:Storage Directory /workdir/hadoop-ozone/integration-test/target/test-dir/MiniOzoneClusterImpl-bbf495c9-350a-409e-a1d0-dfcf287214b2/datanode-2/data/ratis/dd078534-9c00-4aea-bca3-e8cfa356d009] INFO  segmented.SegmentedRaftLogWorker (SegmentedRaftLogWorker.java:run(313)) - 370a1c5b-8b1a-491a-a577-d02fa7ab369f-SegmentedRaftLogWorker:Storage Directory /workdir/hadoop-ozone/integration-test/target/test-dir/MiniOzoneClusterImpl-bbf495c9-350a-409e-a1d0-dfcf287214b2/datanode-2/data/ratis/dd078534-9c00-4aea-bca3-e8cfa356d009 was interrupted, exiting. There are 0 tasks remaining in the queue.
2019-09-19 05:07:07,518 [ForkJoinPool.commonPool-worker-0] INFO  segmented.SegmentedRaftLogWorker (SegmentedRaftLogWorker.java:close(228)) - 370a1c5b-8b1a-491a-a577-d02fa7ab369f-SegmentedRaftLogWorker:Storage Directory /workdir/hadoop-ozone/integration-test/target/test-dir/MiniOzoneClusterImpl-bbf495c9-350a-409e-a1d0-dfcf287214b2/datanode-2/data/ratis/dd078534-9c00-4aea-bca3-e8cfa356d009 close()
2019-09-19 05:07:07,521 [ForkJoinPool.commonPool-worker-0] INFO  server.GrpcService (GrpcService.java:closeImpl(155)) - 370a1c5b-8b1a-491a-a577-d02fa7ab369f: shutdown server with port 39242 now
2019-09-19 05:07:07,525 [ForkJoinPool.commonPool-worker-0] INFO  server.GrpcService (GrpcService.java:closeImpl(163)) - 370a1c5b-8b1a-491a-a577-d02fa7ab369f: shutdown server with port 39242 successfully
2019-09-19 05:07:07,526 [ForkJoinPool.commonPool-worker-0] INFO  utils.BackgroundService (BackgroundService.java:shutdown(148)) - Shutting down service BlockDeletingService
2019-09-19 05:07:07,529 [refreshUsed-/workdir/hadoop-ozone/integration-test/target/test-dir/MiniOzoneClusterImpl-bbf495c9-350a-409e-a1d0-dfcf287214b2/datanode-2/data/containers] WARN  fs.CachingGetSpaceUsed (CachingGetSpaceUsed.java:run(183)) - Thread Interrupted waiting to refresh disk information: sleep interrupted
2019-09-19 05:07:07,541 [main] INFO  statemachine.DatanodeStateMachine (DatanodeStateMachine.java:stopDaemon(401)) - Ozone container server stopped.
2019-09-19 05:07:07,542 [main] INFO  handler.ContextHandler (ContextHandler.java:doStop(910)) - Stopped o.e.j.w.WebAppContext@62e73ab6{/,null,UNAVAILABLE}{/hddsDatanode}
2019-09-19 05:07:07,542 [main] INFO  server.AbstractConnector (AbstractConnector.java:doStop(318)) - Stopped ServerConnector@5d7f8467{HTTP/1.1,[http/1.1]}{0.0.0.0:0}
2019-09-19 05:07:07,543 [main] INFO  handler.ContextHandler (ContextHandler.java:doStop(910)) - Stopped o.e.j.s.ServletContextHandler@7ac48f05{/static,jar:file:/home/user/.m2/repository/org/apache/hadoop/hadoop-hdds-container-service/0.5.0-SNAPSHOT/hadoop-hdds-container-service-0.5.0-SNAPSHOT.jar!/webapps/static,UNAVAILABLE}
2019-09-19 05:07:07,543 [main] INFO  handler.ContextHandler (ContextHandler.java:doStop(910)) - Stopped o.e.j.s.ServletContextHandler@33bdd01{/logs,file:///workdir/hadoop-ozone/integration-test/target/log,UNAVAILABLE}
2019-09-19 05:07:07,544 [main] INFO  datanode.ObjectStoreHandler (ObjectStoreHandler.java:close(155)) - Closing ObjectStoreHandler.
2019-09-19 05:07:07,544 [main] INFO  ozone.HddsDatanodeService (HddsDatanodeService.java:stop(451)) - Stopped plug-in org.apache.hadoop.ozone.web.OzoneHddsDatanodeService@388be5fd
2019-09-19 05:07:07,557 [ForkJoinPool.commonPool-worker-0] INFO  statemachine.DatanodeStateMachine (DatanodeStateMachine.java:stopDaemon(401)) - Ozone container server stopped.
2019-09-19 05:07:07,560 [ForkJoinPool.commonPool-worker-0] INFO  handler.ContextHandler (ContextHandler.java:doStop(910)) - Stopped o.e.j.w.WebAppContext@25791d40{/,null,UNAVAILABLE}{/hddsDatanode}
2019-09-19 05:07:07,561 [ForkJoinPool.commonPool-worker-0] INFO  server.AbstractConnector (AbstractConnector.java:doStop(318)) - Stopped ServerConnector@448c92fc{HTTP/1.1,[http/1.1]}{0.0.0.0:0}
2019-09-19 05:07:07,562 [ForkJoinPool.commonPool-worker-0] INFO  handler.ContextHandler (ContextHandler.java:doStop(910)) - Stopped o.e.j.s.ServletContextHandler@7a84788f{/static,jar:file:/home/user/.m2/repository/org/apache/hadoop/hadoop-hdds-container-service/0.5.0-SNAPSHOT/hadoop-hdds-container-service-0.5.0-SNAPSHOT.jar!/webapps/static,UNAVAILABLE}
2019-09-19 05:07:07,563 [ForkJoinPool.commonPool-worker-0] INFO  handler.ContextHandler (ContextHandler.java:doStop(910)) - Stopped o.e.j.s.ServletContextHandler@74ba6ff5{/logs,file:///workdir/hadoop-ozone/integration-test/target/log,UNAVAILABLE}
2019-09-19 05:07:07,564 [ForkJoinPool.commonPool-worker-0] INFO  datanode.ObjectStoreHandler (ObjectStoreHandler.java:close(155)) - Closing ObjectStoreHandler.
2019-09-19 05:07:07,564 [ForkJoinPool.commonPool-worker-0] INFO  ozone.HddsDatanodeService (HddsDatanodeService.java:stop(451)) - Stopped plug-in org.apache.hadoop.ozone.web.OzoneHddsDatanodeService@5f08fe00
2019-09-19 05:07:07,751 [Datanode State Machine Thread - 0] INFO  statemachine.DatanodeStateMachine (DatanodeStateMachine.java:lambda$startDaemon$0(356)) - Ozone container server started.
2019-09-19 05:07:07,908 [Datanode State Machine Thread - 0] INFO  statemachine.DatanodeStateMachine (DatanodeStateMachine.java:lambda$startDaemon$0(356)) - Ozone container server started.
2019-09-19 05:07:10,252 [Thread-278] INFO  impl.FollowerState (FollowerState.java:run(106)) - 24b07b36-37e0-4d88-8ad1-16f6e8f81276:group-7886D7DA4F5E changes to CANDIDATE, lastRpcTime:5053, electionTimeout:5053ms
2019-09-19 05:07:10,252 [Thread-278] INFO  impl.RoleInfo (RoleInfo.java:shutdownFollowerState(121)) - 24b07b36-37e0-4d88-8ad1-16f6e8f81276: shutdown FollowerState
2019-09-19 05:07:10,254 [Thread-278] INFO  impl.RaftServerImpl (RaftServerImpl.java:setRole(171)) - 24b07b36-37e0-4d88-8ad1-16f6e8f81276:group-7886D7DA4F5E changes role from FOLLOWER to CANDIDATE at term 0 for changeToCandidate
2019-09-19 05:07:10,254 [Thread-278] INFO  impl.RoleInfo (RoleInfo.java:updateAndGet(143)) - 24b07b36-37e0-4d88-8ad1-16f6e8f81276: start LeaderElection
2019-09-19 05:07:10,395 [Thread-277] INFO  impl.FollowerState (FollowerState.java:run(106)) - f7581b44-ec20-4a49-84dc-6482be220b8e:group-914C0954A483 changes to CANDIDATE, lastRpcTime:5196, electionTimeout:5196ms
2019-09-19 05:07:10,395 [Thread-277] INFO  impl.RoleInfo (RoleInfo.java:shutdownFollowerState(121)) - f7581b44-ec20-4a49-84dc-6482be220b8e: shutdown FollowerState
2019-09-19 05:07:10,395 [Thread-277] INFO  impl.RaftServerImpl (RaftServerImpl.java:setRole(171)) - f7581b44-ec20-4a49-84dc-6482be220b8e:group-914C0954A483 changes role from FOLLOWER to CANDIDATE at term 0 for changeToCandidate
2019-09-19 05:07:10,395 [Thread-277] INFO  impl.RoleInfo (RoleInfo.java:updateAndGet(143)) - f7581b44-ec20-4a49-84dc-6482be220b8e: start LeaderElection
2019-09-19 05:07:10,634 [24b07b36-37e0-4d88-8ad1-16f6e8f81276:group-7886D7DA4F5E:LeaderElection7] INFO  impl.LeaderElection (LeaderElection.java:askForVotes(181)) - 24b07b36-37e0-4d88-8ad1-16f6e8f81276:group-7886D7DA4F5E:LeaderElection7: begin an election at term 1 for -1: [50a45026-e3e5-4392-80b5-2fca55db6c54:192.168.34.50:46775, 24b07b36-37e0-4d88-8ad1-16f6e8f81276:192.168.34.50:45448, 58155aba-5fe9-410f-b407-41e443f3277a:192.168.34.50:34594], old=null
2019-09-19 05:07:10,643 [24b07b36-37e0-4d88-8ad1-16f6e8f81276:group-7886D7DA4F5E:LeaderElection7] INFO  impl.LeaderElection (LogUtils.java:infoOrTrace(149)) - 24b07b36-37e0-4d88-8ad1-16f6e8f81276:group-7886D7DA4F5E:LeaderElection7 got exception when requesting votes: {}
java.util.concurrent.ExecutionException: org.apache.ratis.thirdparty.io.grpc.StatusRuntimeException: UNAVAILABLE: io exception
	at java.util.concurrent.FutureTask.report(FutureTask.java:122)
	at java.util.concurrent.FutureTask.get(FutureTask.java:192)
	at org.apache.ratis.server.impl.LeaderElection.waitForResults(LeaderElection.java:262)
	at org.apache.ratis.server.impl.LeaderElection.askForVotes(LeaderElection.java:200)
	at org.apache.ratis.server.impl.LeaderElection.run(LeaderElection.java:130)
	at java.lang.Thread.run(Thread.java:748)
Caused by: org.apache.ratis.thirdparty.io.grpc.StatusRuntimeException: UNAVAILABLE: io exception
	at org.apache.ratis.thirdparty.io.grpc.stub.ClientCalls.toStatusRuntimeException(ClientCalls.java:233)
	at org.apache.ratis.thirdparty.io.grpc.stub.ClientCalls.getUnchecked(ClientCalls.java:214)
	at org.apache.ratis.thirdparty.io.grpc.stub.ClientCalls.blockingUnaryCall(ClientCalls.java:139)
	at org.apache.ratis.proto.grpc.RaftServerProtocolServiceGrpc$RaftServerProtocolServiceBlockingStub.requestVote(RaftServerProtocolServiceGrpc.java:265)
	at org.apache.ratis.grpc.server.GrpcServerProtocolClient.requestVote(GrpcServerProtocolClient.java:83)
	at org.apache.ratis.grpc.server.GrpcService.requestVote(GrpcService.java:195)
	at org.apache.ratis.server.impl.LeaderElection.lambda$submitRequests$1(LeaderElection.java:237)
	at java.util.concurrent.FutureTask.run(FutureTask.java:266)
	at java.util.concurrent.Executors$RunnableAdapter.call(Executors.java:511)
	at java.util.concurrent.FutureTask.run(FutureTask.java:266)
	at java.util.concurrent.ThreadPoolExecutor.runWorker(ThreadPoolExecutor.java:1149)
	at java.util.concurrent.ThreadPoolExecutor$Worker.run(ThreadPoolExecutor.java:624)
	... 1 more
Caused by: org.apache.ratis.thirdparty.io.netty.channel.AbstractChannel$AnnotatedConnectException: Connection refused: /192.168.34.50:46775
	at sun.nio.ch.SocketChannelImpl.checkConnect(Native Method)
	at sun.nio.ch.SocketChannelImpl.finishConnect(SocketChannelImpl.java:717)
	at org.apache.ratis.thirdparty.io.netty.channel.socket.nio.NioSocketChannel.doFinishConnect(NioSocketChannel.java:327)
	at org.apache.ratis.thirdparty.io.netty.channel.nio.AbstractNioChannel$AbstractNioUnsafe.finishConnect(AbstractNioChannel.java:340)
	at org.apache.ratis.thirdparty.io.netty.channel.nio.NioEventLoop.processSelectedKey(NioEventLoop.java:632)
	at org.apache.ratis.thirdparty.io.netty.channel.nio.NioEventLoop.processSelectedKeysOptimized(NioEventLoop.java:579)
	at org.apache.ratis.thirdparty.io.netty.channel.nio.NioEventLoop.processSelectedKeys(NioEventLoop.java:496)
	at org.apache.ratis.thirdparty.io.netty.channel.nio.NioEventLoop.run(NioEventLoop.java:458)
	at org.apache.ratis.thirdparty.io.netty.util.concurrent.SingleThreadEventExecutor$5.run(SingleThreadEventExecutor.java:897)
	at org.apache.ratis.thirdparty.io.netty.util.concurrent.FastThreadLocalRunnable.run(FastThreadLocalRunnable.java:30)
	... 1 more
Caused by: java.net.ConnectException: Connection refused
	... 11 more
2019-09-19 05:07:10,644 [24b07b36-37e0-4d88-8ad1-16f6e8f81276:group-7886D7DA4F5E:LeaderElection7] INFO  impl.LeaderElection (LogUtils.java:infoOrTrace(149)) - 24b07b36-37e0-4d88-8ad1-16f6e8f81276:group-7886D7DA4F5E:LeaderElection7 got exception when requesting votes: {}
java.util.concurrent.ExecutionException: org.apache.ratis.thirdparty.io.grpc.StatusRuntimeException: UNAVAILABLE: io exception
	at java.util.concurrent.FutureTask.report(FutureTask.java:122)
	at java.util.concurrent.FutureTask.get(FutureTask.java:192)
	at org.apache.ratis.server.impl.LeaderElection.waitForResults(LeaderElection.java:262)
	at org.apache.ratis.server.impl.LeaderElection.askForVotes(LeaderElection.java:200)
	at org.apache.ratis.server.impl.LeaderElection.run(LeaderElection.java:130)
	at java.lang.Thread.run(Thread.java:748)
Caused by: org.apache.ratis.thirdparty.io.grpc.StatusRuntimeException: UNAVAILABLE: io exception
	at org.apache.ratis.thirdparty.io.grpc.stub.ClientCalls.toStatusRuntimeException(ClientCalls.java:233)
	at org.apache.ratis.thirdparty.io.grpc.stub.ClientCalls.getUnchecked(ClientCalls.java:214)
	at org.apache.ratis.thirdparty.io.grpc.stub.ClientCalls.blockingUnaryCall(ClientCalls.java:139)
	at org.apache.ratis.proto.grpc.RaftServerProtocolServiceGrpc$RaftServerProtocolServiceBlockingStub.requestVote(RaftServerProtocolServiceGrpc.java:265)
	at org.apache.ratis.grpc.server.GrpcServerProtocolClient.requestVote(GrpcServerProtocolClient.java:83)
	at org.apache.ratis.grpc.server.GrpcService.requestVote(GrpcService.java:195)
	at org.apache.ratis.server.impl.LeaderElection.lambda$submitRequests$1(LeaderElection.java:237)
	at java.util.concurrent.FutureTask.run(FutureTask.java:266)
	at java.util.concurrent.Executors$RunnableAdapter.call(Executors.java:511)
	at java.util.concurrent.FutureTask.run(FutureTask.java:266)
	at java.util.concurrent.ThreadPoolExecutor.runWorker(ThreadPoolExecutor.java:1149)
	at java.util.concurrent.ThreadPoolExecutor$Worker.run(ThreadPoolExecutor.java:624)
	... 1 more
Caused by: org.apache.ratis.thirdparty.io.netty.channel.AbstractChannel$AnnotatedConnectException: Connection refused: /192.168.34.50:34594
	at sun.nio.ch.SocketChannelImpl.checkConnect(Native Method)
	at sun.nio.ch.SocketChannelImpl.finishConnect(SocketChannelImpl.java:717)
	at org.apache.ratis.thirdparty.io.netty.channel.socket.nio.NioSocketChannel.doFinishConnect(NioSocketChannel.java:327)
	at org.apache.ratis.thirdparty.io.netty.channel.nio.AbstractNioChannel$AbstractNioUnsafe.finishConnect(AbstractNioChannel.java:340)
	at org.apache.ratis.thirdparty.io.netty.channel.nio.NioEventLoop.processSelectedKey(NioEventLoop.java:632)
	at org.apache.ratis.thirdparty.io.netty.channel.nio.NioEventLoop.processSelectedKeysOptimized(NioEventLoop.java:579)
	at org.apache.ratis.thirdparty.io.netty.channel.nio.NioEventLoop.processSelectedKeys(NioEventLoop.java:496)
	at org.apache.ratis.thirdparty.io.netty.channel.nio.NioEventLoop.run(NioEventLoop.java:458)
	at org.apache.ratis.thirdparty.io.netty.util.concurrent.SingleThreadEventExecutor$5.run(SingleThreadEventExecutor.java:897)
	at org.apache.ratis.thirdparty.io.netty.util.concurrent.FastThreadLocalRunnable.run(FastThreadLocalRunnable.java:30)
	... 1 more
Caused by: java.net.ConnectException: Connection refused
	... 11 more
2019-09-19 05:07:10,645 [24b07b36-37e0-4d88-8ad1-16f6e8f81276:group-7886D7DA4F5E:LeaderElection7] INFO  impl.LeaderElection (LeaderElection.java:logAndReturn(56)) - 24b07b36-37e0-4d88-8ad1-16f6e8f81276:group-7886D7DA4F5E:LeaderElection7: Election REJECTED; received 0 response(s) [] and 2 exception(s); 24b07b36-37e0-4d88-8ad1-16f6e8f81276:t1, leader=null, voted=24b07b36-37e0-4d88-8ad1-16f6e8f81276, raftlog=24b07b36-37e0-4d88-8ad1-16f6e8f81276-SegmentedRaftLog:OPENED:c-1,f-1,i0, conf=-1: [50a45026-e3e5-4392-80b5-2fca55db6c54:192.168.34.50:46775, 24b07b36-37e0-4d88-8ad1-16f6e8f81276:192.168.34.50:45448, 58155aba-5fe9-410f-b407-41e443f3277a:192.168.34.50:34594], old=null
2019-09-19 05:07:10,645 [24b07b36-37e0-4d88-8ad1-16f6e8f81276:group-7886D7DA4F5E:LeaderElection7] INFO  impl.LeaderElection (LogUtils.java:infoOrTrace(149)) -   Exception 0: {}
java.util.concurrent.ExecutionException: org.apache.ratis.thirdparty.io.grpc.StatusRuntimeException: UNAVAILABLE: io exception
	at java.util.concurrent.FutureTask.report(FutureTask.java:122)
	at java.util.concurrent.FutureTask.get(FutureTask.java:192)
	at org.apache.ratis.server.impl.LeaderElection.waitForResults(LeaderElection.java:262)
	at org.apache.ratis.server.impl.LeaderElection.askForVotes(LeaderElection.java:200)
	at org.apache.ratis.server.impl.LeaderElection.run(LeaderElection.java:130)
	at java.lang.Thread.run(Thread.java:748)
Caused by: org.apache.ratis.thirdparty.io.grpc.StatusRuntimeException: UNAVAILABLE: io exception
	at org.apache.ratis.thirdparty.io.grpc.stub.ClientCalls.toStatusRuntimeException(ClientCalls.java:233)
	at org.apache.ratis.thirdparty.io.grpc.stub.ClientCalls.getUnchecked(ClientCalls.java:214)
	at org.apache.ratis.thirdparty.io.grpc.stub.ClientCalls.blockingUnaryCall(ClientCalls.java:139)
	at org.apache.ratis.proto.grpc.RaftServerProtocolServiceGrpc$RaftServerProtocolServiceBlockingStub.requestVote(RaftServerProtocolServiceGrpc.java:265)
	at org.apache.ratis.grpc.server.GrpcServerProtocolClient.requestVote(GrpcServerProtocolClient.java:83)
	at org.apache.ratis.grpc.server.GrpcService.requestVote(GrpcService.java:195)
	at org.apache.ratis.server.impl.LeaderElection.lambda$submitRequests$1(LeaderElection.java:237)
	at java.util.concurrent.FutureTask.run(FutureTask.java:266)
	at java.util.concurrent.Executors$RunnableAdapter.call(Executors.java:511)
	at java.util.concurrent.FutureTask.run(FutureTask.java:266)
	at java.util.concurrent.ThreadPoolExecutor.runWorker(ThreadPoolExecutor.java:1149)
	at java.util.concurrent.ThreadPoolExecutor$Worker.run(ThreadPoolExecutor.java:624)
	... 1 more
Caused by: org.apache.ratis.thirdparty.io.netty.channel.AbstractChannel$AnnotatedConnectException: Connection refused: /192.168.34.50:46775
	at sun.nio.ch.SocketChannelImpl.checkConnect(Native Method)
	at sun.nio.ch.SocketChannelImpl.finishConnect(SocketChannelImpl.java:717)
	at org.apache.ratis.thirdparty.io.netty.channel.socket.nio.NioSocketChannel.doFinishConnect(NioSocketChannel.java:327)
	at org.apache.ratis.thirdparty.io.netty.channel.nio.AbstractNioChannel$AbstractNioUnsafe.finishConnect(AbstractNioChannel.java:340)
	at org.apache.ratis.thirdparty.io.netty.channel.nio.NioEventLoop.processSelectedKey(NioEventLoop.java:632)
	at org.apache.ratis.thirdparty.io.netty.channel.nio.NioEventLoop.processSelectedKeysOptimized(NioEventLoop.java:579)
	at org.apache.ratis.thirdparty.io.netty.channel.nio.NioEventLoop.processSelectedKeys(NioEventLoop.java:496)
	at org.apache.ratis.thirdparty.io.netty.channel.nio.NioEventLoop.run(NioEventLoop.java:458)
	at org.apache.ratis.thirdparty.io.netty.util.concurrent.SingleThreadEventExecutor$5.run(SingleThreadEventExecutor.java:897)
	at org.apache.ratis.thirdparty.io.netty.util.concurrent.FastThreadLocalRunnable.run(FastThreadLocalRunnable.java:30)
	... 1 more
Caused by: java.net.ConnectException: Connection refused
	... 11 more
2019-09-19 05:07:10,646 [24b07b36-37e0-4d88-8ad1-16f6e8f81276:group-7886D7DA4F5E:LeaderElection7] INFO  impl.LeaderElection (LogUtils.java:infoOrTrace(149)) -   Exception 1: {}
java.util.concurrent.ExecutionException: org.apache.ratis.thirdparty.io.grpc.StatusRuntimeException: UNAVAILABLE: io exception
	at java.util.concurrent.FutureTask.report(FutureTask.java:122)
	at java.util.concurrent.FutureTask.get(FutureTask.java:192)
	at org.apache.ratis.server.impl.LeaderElection.waitForResults(LeaderElection.java:262)
	at org.apache.ratis.server.impl.LeaderElection.askForVotes(LeaderElection.java:200)
	at org.apache.ratis.server.impl.LeaderElection.run(LeaderElection.java:130)
	at java.lang.Thread.run(Thread.java:748)
Caused by: org.apache.ratis.thirdparty.io.grpc.StatusRuntimeException: UNAVAILABLE: io exception
	at org.apache.ratis.thirdparty.io.grpc.stub.ClientCalls.toStatusRuntimeException(ClientCalls.java:233)
	at org.apache.ratis.thirdparty.io.grpc.stub.ClientCalls.getUnchecked(ClientCalls.java:214)
	at org.apache.ratis.thirdparty.io.grpc.stub.ClientCalls.blockingUnaryCall(ClientCalls.java:139)
	at org.apache.ratis.proto.grpc.RaftServerProtocolServiceGrpc$RaftServerProtocolServiceBlockingStub.requestVote(RaftServerProtocolServiceGrpc.java:265)
	at org.apache.ratis.grpc.server.GrpcServerProtocolClient.requestVote(GrpcServerProtocolClient.java:83)
	at org.apache.ratis.grpc.server.GrpcService.requestVote(GrpcService.java:195)
	at org.apache.ratis.server.impl.LeaderElection.lambda$submitRequests$1(LeaderElection.java:237)
	at java.util.concurrent.FutureTask.run(FutureTask.java:266)
	at java.util.concurrent.Executors$RunnableAdapter.call(Executors.java:511)
	at java.util.concurrent.FutureTask.run(FutureTask.java:266)
	at java.util.concurrent.ThreadPoolExecutor.runWorker(ThreadPoolExecutor.java:1149)
	at java.util.concurrent.ThreadPoolExecutor$Worker.run(ThreadPoolExecutor.java:624)
	... 1 more
Caused by: org.apache.ratis.thirdparty.io.netty.channel.AbstractChannel$AnnotatedConnectException: Connection refused: /192.168.34.50:34594
	at sun.nio.ch.SocketChannelImpl.checkConnect(Native Method)
	at sun.nio.ch.SocketChannelImpl.finishConnect(SocketChannelImpl.java:717)
	at org.apache.ratis.thirdparty.io.netty.channel.socket.nio.NioSocketChannel.doFinishConnect(NioSocketChannel.java:327)
	at org.apache.ratis.thirdparty.io.netty.channel.nio.AbstractNioChannel$AbstractNioUnsafe.finishConnect(AbstractNioChannel.java:340)
	at org.apache.ratis.thirdparty.io.netty.channel.nio.NioEventLoop.processSelectedKey(NioEventLoop.java:632)
	at org.apache.ratis.thirdparty.io.netty.channel.nio.NioEventLoop.processSelectedKeysOptimized(NioEventLoop.java:579)
	at org.apache.ratis.thirdparty.io.netty.channel.nio.NioEventLoop.processSelectedKeys(NioEventLoop.java:496)
	at org.apache.ratis.thirdparty.io.netty.channel.nio.NioEventLoop.run(NioEventLoop.java:458)
	at org.apache.ratis.thirdparty.io.netty.util.concurrent.SingleThreadEventExecutor$5.run(SingleThreadEventExecutor.java:897)
	at org.apache.ratis.thirdparty.io.netty.util.concurrent.FastThreadLocalRunnable.run(FastThreadLocalRunnable.java:30)
	... 1 more
Caused by: java.net.ConnectException: Connection refused
	... 11 more
2019-09-19 05:07:10,646 [24b07b36-37e0-4d88-8ad1-16f6e8f81276:group-7886D7DA4F5E:LeaderElection7] INFO  impl.RaftServerImpl (RaftServerImpl.java:setRole(171)) - 24b07b36-37e0-4d88-8ad1-16f6e8f81276:group-7886D7DA4F5E changes role from CANDIDATE to FOLLOWER at term 1 for DISCOVERED_A_NEW_TERM
2019-09-19 05:07:10,649 [24b07b36-37e0-4d88-8ad1-16f6e8f81276:group-7886D7DA4F5E:LeaderElection7] INFO  impl.RoleInfo (RoleInfo.java:shutdownLeaderElection(134)) - 24b07b36-37e0-4d88-8ad1-16f6e8f81276: shutdown LeaderElection
2019-09-19 05:07:10,649 [24b07b36-37e0-4d88-8ad1-16f6e8f81276:group-7886D7DA4F5E:LeaderElection7] INFO  impl.RoleInfo (RoleInfo.java:updateAndGet(143)) - 24b07b36-37e0-4d88-8ad1-16f6e8f81276: start FollowerState
2019-09-19 05:07:10,656 [f7581b44-ec20-4a49-84dc-6482be220b8e:group-914C0954A483:LeaderElection8] INFO  impl.LeaderElection (LeaderElection.java:askForVotes(181)) - f7581b44-ec20-4a49-84dc-6482be220b8e:group-914C0954A483:LeaderElection8: begin an election at term 1 for -1: [370a1c5b-8b1a-491a-a577-d02fa7ab369f:192.168.34.50:39242, f7581b44-ec20-4a49-84dc-6482be220b8e:192.168.34.50:34061, 92793de3-5298-4528-b315-ef9b977911c6:192.168.34.50:46839], old=null
2019-09-19 05:07:10,661 [f7581b44-ec20-4a49-84dc-6482be220b8e:group-914C0954A483:LeaderElection8] INFO  impl.LeaderElection (LogUtils.java:infoOrTrace(149)) - f7581b44-ec20-4a49-84dc-6482be220b8e:group-914C0954A483:LeaderElection8 got exception when requesting votes: {}
java.util.concurrent.ExecutionException: org.apache.ratis.thirdparty.io.grpc.StatusRuntimeException: UNAVAILABLE: io exception
	at java.util.concurrent.FutureTask.report(FutureTask.java:122)
	at java.util.concurrent.FutureTask.get(FutureTask.java:192)
	at org.apache.ratis.server.impl.LeaderElection.waitForResults(LeaderElection.java:262)
	at org.apache.ratis.server.impl.LeaderElection.askForVotes(LeaderElection.java:200)
	at org.apache.ratis.server.impl.LeaderElection.run(LeaderElection.java:130)
	at java.lang.Thread.run(Thread.java:748)
Caused by: org.apache.ratis.thirdparty.io.grpc.StatusRuntimeException: UNAVAILABLE: io exception
	at org.apache.ratis.thirdparty.io.grpc.stub.ClientCalls.toStatusRuntimeException(ClientCalls.java:233)
	at org.apache.ratis.thirdparty.io.grpc.stub.ClientCalls.getUnchecked(ClientCalls.java:214)
	at org.apache.ratis.thirdparty.io.grpc.stub.ClientCalls.blockingUnaryCall(ClientCalls.java:139)
	at org.apache.ratis.proto.grpc.RaftServerProtocolServiceGrpc$RaftServerProtocolServiceBlockingStub.requestVote(RaftServerProtocolServiceGrpc.java:265)
	at org.apache.ratis.grpc.server.GrpcServerProtocolClient.requestVote(GrpcServerProtocolClient.java:83)
	at org.apache.ratis.grpc.server.GrpcService.requestVote(GrpcService.java:195)
	at org.apache.ratis.server.impl.LeaderElection.lambda$submitRequests$1(LeaderElection.java:237)
	at java.util.concurrent.FutureTask.run(FutureTask.java:266)
	at java.util.concurrent.Executors$RunnableAdapter.call(Executors.java:511)
	at java.util.concurrent.FutureTask.run(FutureTask.java:266)
	at java.util.concurrent.ThreadPoolExecutor.runWorker(ThreadPoolExecutor.java:1149)
	at java.util.concurrent.ThreadPoolExecutor$Worker.run(ThreadPoolExecutor.java:624)
	... 1 more
Caused by: org.apache.ratis.thirdparty.io.netty.channel.AbstractChannel$AnnotatedConnectException: Connection refused: /192.168.34.50:46839
	at sun.nio.ch.SocketChannelImpl.checkConnect(Native Method)
	at sun.nio.ch.SocketChannelImpl.finishConnect(SocketChannelImpl.java:717)
	at org.apache.ratis.thirdparty.io.netty.channel.socket.nio.NioSocketChannel.doFinishConnect(NioSocketChannel.java:327)
	at org.apache.ratis.thirdparty.io.netty.channel.nio.AbstractNioChannel$AbstractNioUnsafe.finishConnect(AbstractNioChannel.java:340)
	at org.apache.ratis.thirdparty.io.netty.channel.nio.NioEventLoop.processSelectedKey(NioEventLoop.java:632)
	at org.apache.ratis.thirdparty.io.netty.channel.nio.NioEventLoop.processSelectedKeysOptimized(NioEventLoop.java:579)
	at org.apache.ratis.thirdparty.io.netty.channel.nio.NioEventLoop.processSelectedKeys(NioEventLoop.java:496)
	at org.apache.ratis.thirdparty.io.netty.channel.nio.NioEventLoop.run(NioEventLoop.java:458)
	at org.apache.ratis.thirdparty.io.netty.util.concurrent.SingleThreadEventExecutor$5.run(SingleThreadEventExecutor.java:897)
	at org.apache.ratis.thirdparty.io.netty.util.concurrent.FastThreadLocalRunnable.run(FastThreadLocalRunnable.java:30)
	... 1 more
Caused by: java.net.ConnectException: Connection refused
	... 11 more
2019-09-19 05:07:10,662 [f7581b44-ec20-4a49-84dc-6482be220b8e:group-914C0954A483:LeaderElection8] INFO  impl.LeaderElection (LogUtils.java:infoOrTrace(149)) - f7581b44-ec20-4a49-84dc-6482be220b8e:group-914C0954A483:LeaderElection8 got exception when requesting votes: {}
java.util.concurrent.ExecutionException: org.apache.ratis.thirdparty.io.grpc.StatusRuntimeException: UNAVAILABLE: io exception
	at java.util.concurrent.FutureTask.report(FutureTask.java:122)
	at java.util.concurrent.FutureTask.get(FutureTask.java:192)
	at org.apache.ratis.server.impl.LeaderElection.waitForResults(LeaderElection.java:262)
	at org.apache.ratis.server.impl.LeaderElection.askForVotes(LeaderElection.java:200)
	at org.apache.ratis.server.impl.LeaderElection.run(LeaderElection.java:130)
	at java.lang.Thread.run(Thread.java:748)
Caused by: org.apache.ratis.thirdparty.io.grpc.StatusRuntimeException: UNAVAILABLE: io exception
	at org.apache.ratis.thirdparty.io.grpc.stub.ClientCalls.toStatusRuntimeException(ClientCalls.java:233)
	at org.apache.ratis.thirdparty.io.grpc.stub.ClientCalls.getUnchecked(ClientCalls.java:214)
	at org.apache.ratis.thirdparty.io.grpc.stub.ClientCalls.blockingUnaryCall(ClientCalls.java:139)
	at org.apache.ratis.proto.grpc.RaftServerProtocolServiceGrpc$RaftServerProtocolServiceBlockingStub.requestVote(RaftServerProtocolServiceGrpc.java:265)
	at org.apache.ratis.grpc.server.GrpcServerProtocolClient.requestVote(GrpcServerProtocolClient.java:83)
	at org.apache.ratis.grpc.server.GrpcService.requestVote(GrpcService.java:195)
	at org.apache.ratis.server.impl.LeaderElection.lambda$submitRequests$1(LeaderElection.java:237)
	at java.util.concurrent.FutureTask.run(FutureTask.java:266)
	at java.util.concurrent.Executors$RunnableAdapter.call(Executors.java:511)
	at java.util.concurrent.FutureTask.run(FutureTask.java:266)
	at java.util.concurrent.ThreadPoolExecutor.runWorker(ThreadPoolExecutor.java:1149)
	at java.util.concurrent.ThreadPoolExecutor$Worker.run(ThreadPoolExecutor.java:624)
	... 1 more
Caused by: org.apache.ratis.thirdparty.io.netty.channel.AbstractChannel$AnnotatedConnectException: Connection refused: /192.168.34.50:39242
	at sun.nio.ch.SocketChannelImpl.checkConnect(Native Method)
	at sun.nio.ch.SocketChannelImpl.finishConnect(SocketChannelImpl.java:717)
	at org.apache.ratis.thirdparty.io.netty.channel.socket.nio.NioSocketChannel.doFinishConnect(NioSocketChannel.java:327)
	at org.apache.ratis.thirdparty.io.netty.channel.nio.AbstractNioChannel$AbstractNioUnsafe.finishConnect(AbstractNioChannel.java:340)
	at org.apache.ratis.thirdparty.io.netty.channel.nio.NioEventLoop.processSelectedKey(NioEventLoop.java:632)
	at org.apache.ratis.thirdparty.io.netty.channel.nio.NioEventLoop.processSelectedKeysOptimized(NioEventLoop.java:579)
	at org.apache.ratis.thirdparty.io.netty.channel.nio.NioEventLoop.processSelectedKeys(NioEventLoop.java:496)
	at org.apache.ratis.thirdparty.io.netty.channel.nio.NioEventLoop.run(NioEventLoop.java:458)
	at org.apache.ratis.thirdparty.io.netty.util.concurrent.SingleThreadEventExecutor$5.run(SingleThreadEventExecutor.java:897)
	at org.apache.ratis.thirdparty.io.netty.util.concurrent.FastThreadLocalRunnable.run(FastThreadLocalRunnable.java:30)
	... 1 more
Caused by: java.net.ConnectException: Connection refused
	... 11 more
2019-09-19 05:07:10,663 [f7581b44-ec20-4a49-84dc-6482be220b8e:group-914C0954A483:LeaderElection8] INFO  impl.LeaderElection (LeaderElection.java:logAndReturn(56)) - f7581b44-ec20-4a49-84dc-6482be220b8e:group-914C0954A483:LeaderElection8: Election REJECTED; received 0 response(s) [] and 2 exception(s); f7581b44-ec20-4a49-84dc-6482be220b8e:t1, leader=null, voted=f7581b44-ec20-4a49-84dc-6482be220b8e, raftlog=f7581b44-ec20-4a49-84dc-6482be220b8e-SegmentedRaftLog:OPENED:c-1,f-1,i0, conf=-1: [370a1c5b-8b1a-491a-a577-d02fa7ab369f:192.168.34.50:39242, f7581b44-ec20-4a49-84dc-6482be220b8e:192.168.34.50:34061, 92793de3-5298-4528-b315-ef9b977911c6:192.168.34.50:46839], old=null
2019-09-19 05:07:10,663 [f7581b44-ec20-4a49-84dc-6482be220b8e:group-914C0954A483:LeaderElection8] INFO  impl.LeaderElection (LogUtils.java:infoOrTrace(149)) -   Exception 0: {}
java.util.concurrent.ExecutionException: org.apache.ratis.thirdparty.io.grpc.StatusRuntimeException: UNAVAILABLE: io exception
	at java.util.concurrent.FutureTask.report(FutureTask.java:122)
	at java.util.concurrent.FutureTask.get(FutureTask.java:192)
	at org.apache.ratis.server.impl.LeaderElection.waitForResults(LeaderElection.java:262)
	at org.apache.ratis.server.impl.LeaderElection.askForVotes(LeaderElection.java:200)
	at org.apache.ratis.server.impl.LeaderElection.run(LeaderElection.java:130)
	at java.lang.Thread.run(Thread.java:748)
Caused by: org.apache.ratis.thirdparty.io.grpc.StatusRuntimeException: UNAVAILABLE: io exception
	at org.apache.ratis.thirdparty.io.grpc.stub.ClientCalls.toStatusRuntimeException(ClientCalls.java:233)
	at org.apache.ratis.thirdparty.io.grpc.stub.ClientCalls.getUnchecked(ClientCalls.java:214)
	at org.apache.ratis.thirdparty.io.grpc.stub.ClientCalls.blockingUnaryCall(ClientCalls.java:139)
	at org.apache.ratis.proto.grpc.RaftServerProtocolServiceGrpc$RaftServerProtocolServiceBlockingStub.requestVote(RaftServerProtocolServiceGrpc.java:265)
	at org.apache.ratis.grpc.server.GrpcServerProtocolClient.requestVote(GrpcServerProtocolClient.java:83)
	at org.apache.ratis.grpc.server.GrpcService.requestVote(GrpcService.java:195)
	at org.apache.ratis.server.impl.LeaderElection.lambda$submitRequests$1(LeaderElection.java:237)
	at java.util.concurrent.FutureTask.run(FutureTask.java:266)
	at java.util.concurrent.Executors$RunnableAdapter.call(Executors.java:511)
	at java.util.concurrent.FutureTask.run(FutureTask.java:266)
	at java.util.concurrent.ThreadPoolExecutor.runWorker(ThreadPoolExecutor.java:1149)
	at java.util.concurrent.ThreadPoolExecutor$Worker.run(ThreadPoolExecutor.java:624)
	... 1 more
Caused by: org.apache.ratis.thirdparty.io.netty.channel.AbstractChannel$AnnotatedConnectException: Connection refused: /192.168.34.50:46839
	at sun.nio.ch.SocketChannelImpl.checkConnect(Native Method)
	at sun.nio.ch.SocketChannelImpl.finishConnect(SocketChannelImpl.java:717)
	at org.apache.ratis.thirdparty.io.netty.channel.socket.nio.NioSocketChannel.doFinishConnect(NioSocketChannel.java:327)
	at org.apache.ratis.thirdparty.io.netty.channel.nio.AbstractNioChannel$AbstractNioUnsafe.finishConnect(AbstractNioChannel.java:340)
	at org.apache.ratis.thirdparty.io.netty.channel.nio.NioEventLoop.processSelectedKey(NioEventLoop.java:632)
	at org.apache.ratis.thirdparty.io.netty.channel.nio.NioEventLoop.processSelectedKeysOptimized(NioEventLoop.java:579)
	at org.apache.ratis.thirdparty.io.netty.channel.nio.NioEventLoop.processSelectedKeys(NioEventLoop.java:496)
	at org.apache.ratis.thirdparty.io.netty.channel.nio.NioEventLoop.run(NioEventLoop.java:458)
	at org.apache.ratis.thirdparty.io.netty.util.concurrent.SingleThreadEventExecutor$5.run(SingleThreadEventExecutor.java:897)
	at org.apache.ratis.thirdparty.io.netty.util.concurrent.FastThreadLocalRunnable.run(FastThreadLocalRunnable.java:30)
	... 1 more
Caused by: java.net.ConnectException: Connection refused
	... 11 more
2019-09-19 05:07:10,663 [f7581b44-ec20-4a49-84dc-6482be220b8e:group-914C0954A483:LeaderElection8] INFO  impl.LeaderElection (LogUtils.java:infoOrTrace(149)) -   Exception 1: {}
java.util.concurrent.ExecutionException: org.apache.ratis.thirdparty.io.grpc.StatusRuntimeException: UNAVAILABLE: io exception
	at java.util.concurrent.FutureTask.report(FutureTask.java:122)
	at java.util.concurrent.FutureTask.get(FutureTask.java:192)
	at org.apache.ratis.server.impl.LeaderElection.waitForResults(LeaderElection.java:262)
	at org.apache.ratis.server.impl.LeaderElection.askForVotes(LeaderElection.java:200)
	at org.apache.ratis.server.impl.LeaderElection.run(LeaderElection.java:130)
	at java.lang.Thread.run(Thread.java:748)
Caused by: org.apache.ratis.thirdparty.io.grpc.StatusRuntimeException: UNAVAILABLE: io exception
	at org.apache.ratis.thirdparty.io.grpc.stub.ClientCalls.toStatusRuntimeException(ClientCalls.java:233)
	at org.apache.ratis.thirdparty.io.grpc.stub.ClientCalls.getUnchecked(ClientCalls.java:214)
	at org.apache.ratis.thirdparty.io.grpc.stub.ClientCalls.blockingUnaryCall(ClientCalls.java:139)
	at org.apache.ratis.proto.grpc.RaftServerProtocolServiceGrpc$RaftServerProtocolServiceBlockingStub.requestVote(RaftServerProtocolServiceGrpc.java:265)
	at org.apache.ratis.grpc.server.GrpcServerProtocolClient.requestVote(GrpcServerProtocolClient.java:83)
	at org.apache.ratis.grpc.server.GrpcService.requestVote(GrpcService.java:195)
	at org.apache.ratis.server.impl.LeaderElection.lambda$submitRequests$1(LeaderElection.java:237)
	at java.util.concurrent.FutureTask.run(FutureTask.java:266)
	at java.util.concurrent.Executors$RunnableAdapter.call(Executors.java:511)
	at java.util.concurrent.FutureTask.run(FutureTask.java:266)
	at java.util.concurrent.ThreadPoolExecutor.runWorker(ThreadPoolExecutor.java:1149)
	at java.util.concurrent.ThreadPoolExecutor$Worker.run(ThreadPoolExecutor.java:624)
	... 1 more
Caused by: org.apache.ratis.thirdparty.io.netty.channel.AbstractChannel$AnnotatedConnectException: Connection refused: /192.168.34.50:39242
	at sun.nio.ch.SocketChannelImpl.checkConnect(Native Method)
	at sun.nio.ch.SocketChannelImpl.finishConnect(SocketChannelImpl.java:717)
	at org.apache.ratis.thirdparty.io.netty.channel.socket.nio.NioSocketChannel.doFinishConnect(NioSocketChannel.java:327)
	at org.apache.ratis.thirdparty.io.netty.channel.nio.AbstractNioChannel$AbstractNioUnsafe.finishConnect(AbstractNioChannel.java:340)
	at org.apache.ratis.thirdparty.io.netty.channel.nio.NioEventLoop.processSelectedKey(NioEventLoop.java:632)
	at org.apache.ratis.thirdparty.io.netty.channel.nio.NioEventLoop.processSelectedKeysOptimized(NioEventLoop.java:579)
	at org.apache.ratis.thirdparty.io.netty.channel.nio.NioEventLoop.processSelectedKeys(NioEventLoop.java:496)
	at org.apache.ratis.thirdparty.io.netty.channel.nio.NioEventLoop.run(NioEventLoop.java:458)
	at org.apache.ratis.thirdparty.io.netty.util.concurrent.SingleThreadEventExecutor$5.run(SingleThreadEventExecutor.java:897)
	at org.apache.ratis.thirdparty.io.netty.util.concurrent.FastThreadLocalRunnable.run(FastThreadLocalRunnable.java:30)
	... 1 more
Caused by: java.net.ConnectException: Connection refused
	... 11 more
2019-09-19 05:07:10,664 [f7581b44-ec20-4a49-84dc-6482be220b8e:group-914C0954A483:LeaderElection8] INFO  impl.RaftServerImpl (RaftServerImpl.java:setRole(171)) - f7581b44-ec20-4a49-84dc-6482be220b8e:group-914C0954A483 changes role from CANDIDATE to FOLLOWER at term 1 for DISCOVERED_A_NEW_TERM
2019-09-19 05:07:10,665 [f7581b44-ec20-4a49-84dc-6482be220b8e:group-914C0954A483:LeaderElection8] INFO  impl.RoleInfo (RoleInfo.java:shutdownLeaderElection(134)) - f7581b44-ec20-4a49-84dc-6482be220b8e: shutdown LeaderElection
2019-09-19 05:07:10,665 [f7581b44-ec20-4a49-84dc-6482be220b8e:group-914C0954A483:LeaderElection8] INFO  impl.RoleInfo (RoleInfo.java:updateAndGet(143)) - f7581b44-ec20-4a49-84dc-6482be220b8e: start FollowerState
2019-09-19 05:07:12,545 [main] INFO  ozoneimpl.OzoneContainer (OzoneContainer.java:stop(199)) - Attempting to stop container services.
2019-09-19 05:07:12,547 [main] INFO  impl.RaftServerProxy (RaftServerProxy.java:lambda$close$4(314)) - 24b07b36-37e0-4d88-8ad1-16f6e8f81276: close
2019-09-19 05:07:12,548 [main] INFO  impl.RaftServerImpl (RaftServerImpl.java:lambda$shutdown$3(245)) - 24b07b36-37e0-4d88-8ad1-16f6e8f81276: shutdown group-7886D7DA4F5E
2019-09-19 05:07:12,548 [main] INFO  util.JmxRegister (JmxRegister.java:unregister(73)) - Successfully un-registered JMX Bean with object name Ratis:service=RaftServer,group=group-7886D7DA4F5E,id=24b07b36-37e0-4d88-8ad1-16f6e8f81276
2019-09-19 05:07:12,549 [main] INFO  impl.RoleInfo (RoleInfo.java:shutdownFollowerState(121)) - 24b07b36-37e0-4d88-8ad1-16f6e8f81276: shutdown FollowerState
2019-09-19 05:07:12,549 [main] INFO  impl.StateMachineUpdater (StateMachineUpdater.java:stopAndJoin(115)) - StateMachineUpdater:24b07b36-37e0-4d88-8ad1-16f6e8f81276:group-7886D7DA4F5E: set stopIndex = -1
2019-09-19 05:07:12,549 [Thread-289] INFO  impl.FollowerState (FollowerState.java:run(114)) - 24b07b36-37e0-4d88-8ad1-16f6e8f81276: FollowerState was interrupted: java.lang.InterruptedException: sleep interrupted
2019-09-19 05:07:12,549 [main] INFO  impl.RaftServerImpl (ServerState.java:close(394)) - 24b07b36-37e0-4d88-8ad1-16f6e8f81276:group-7886D7DA4F5E closes. The last applied log index is -1
2019-09-19 05:07:12,551 [24b07b36-37e0-4d88-8ad1-16f6e8f81276-SegmentedRaftLogWorker:Storage Directory /workdir/hadoop-ozone/integration-test/target/test-dir/MiniOzoneClusterImpl-bbf495c9-350a-409e-a1d0-dfcf287214b2/datanode-4/data/ratis/03e4198f-5ce6-47e8-89b6-7886d7da4f5e] INFO  segmented.SegmentedRaftLogWorker (SegmentedRaftLogWorker.java:run(313)) - 24b07b36-37e0-4d88-8ad1-16f6e8f81276-SegmentedRaftLogWorker:Storage Directory /workdir/hadoop-ozone/integration-test/target/test-dir/MiniOzoneClusterImpl-bbf495c9-350a-409e-a1d0-dfcf287214b2/datanode-4/data/ratis/03e4198f-5ce6-47e8-89b6-7886d7da4f5e was interrupted, exiting. There are 0 tasks remaining in the queue.
2019-09-19 05:07:12,551 [main] INFO  segmented.SegmentedRaftLogWorker (SegmentedRaftLogWorker.java:close(228)) - 24b07b36-37e0-4d88-8ad1-16f6e8f81276-SegmentedRaftLogWorker:Storage Directory /workdir/hadoop-ozone/integration-test/target/test-dir/MiniOzoneClusterImpl-bbf495c9-350a-409e-a1d0-dfcf287214b2/datanode-4/data/ratis/03e4198f-5ce6-47e8-89b6-7886d7da4f5e close()
2019-09-19 05:07:12,553 [main] INFO  impl.RaftServerImpl (RaftServerImpl.java:lambda$shutdown$3(245)) - 24b07b36-37e0-4d88-8ad1-16f6e8f81276: shutdown group-A0F6E05DB6A3
2019-09-19 05:07:12,554 [main] INFO  util.JmxRegister (JmxRegister.java:unregister(73)) - Successfully un-registered JMX Bean with object name Ratis:service=RaftServer,group=group-A0F6E05DB6A3,id=24b07b36-37e0-4d88-8ad1-16f6e8f81276
2019-09-19 05:07:12,554 [main] INFO  impl.RoleInfo (RoleInfo.java:shutdownLeaderState(104)) - 24b07b36-37e0-4d88-8ad1-16f6e8f81276: shutdown LeaderState
2019-09-19 05:07:12,554 [main] INFO  impl.PendingRequests (PendingRequests.java:sendNotLeaderResponses(202)) - 24b07b36-37e0-4d88-8ad1-16f6e8f81276-PendingRequests: sendNotLeaderResponses
2019-09-19 05:07:12,554 [main] INFO  impl.StateMachineUpdater (StateMachineUpdater.java:stopAndJoin(115)) - StateMachineUpdater:24b07b36-37e0-4d88-8ad1-16f6e8f81276:group-A0F6E05DB6A3: set stopIndex = 0
2019-09-19 05:07:12,555 [main] INFO  impl.RaftServerImpl (ServerState.java:close(394)) - 24b07b36-37e0-4d88-8ad1-16f6e8f81276:group-A0F6E05DB6A3 closes. The last applied log index is 0
2019-09-19 05:07:12,555 [24b07b36-37e0-4d88-8ad1-16f6e8f81276-SegmentedRaftLogWorker:Storage Directory /workdir/hadoop-ozone/integration-test/target/test-dir/MiniOzoneClusterImpl-bbf495c9-350a-409e-a1d0-dfcf287214b2/datanode-4/data/ratis/6557cf0e-f4f6-4467-a30b-a0f6e05db6a3] INFO  segmented.SegmentedRaftLogWorker (SegmentedRaftLogWorker.java:run(313)) - 24b07b36-37e0-4d88-8ad1-16f6e8f81276-SegmentedRaftLogWorker:Storage Directory /workdir/hadoop-ozone/integration-test/target/test-dir/MiniOzoneClusterImpl-bbf495c9-350a-409e-a1d0-dfcf287214b2/datanode-4/data/ratis/6557cf0e-f4f6-4467-a30b-a0f6e05db6a3 was interrupted, exiting. There are 0 tasks remaining in the queue.
2019-09-19 05:07:12,557 [main] INFO  segmented.SegmentedRaftLogWorker (SegmentedRaftLogWorker.java:close(228)) - 24b07b36-37e0-4d88-8ad1-16f6e8f81276-SegmentedRaftLogWorker:Storage Directory /workdir/hadoop-ozone/integration-test/target/test-dir/MiniOzoneClusterImpl-bbf495c9-350a-409e-a1d0-dfcf287214b2/datanode-4/data/ratis/6557cf0e-f4f6-4467-a30b-a0f6e05db6a3 close()
2019-09-19 05:07:12,559 [main] INFO  server.GrpcService (GrpcService.java:closeImpl(155)) - 24b07b36-37e0-4d88-8ad1-16f6e8f81276: shutdown server with port 45448 now
2019-09-19 05:07:12,561 [main] INFO  server.GrpcService (GrpcService.java:closeImpl(163)) - 24b07b36-37e0-4d88-8ad1-16f6e8f81276: shutdown server with port 45448 successfully
2019-09-19 05:07:12,564 [main] INFO  utils.BackgroundService (BackgroundService.java:shutdown(148)) - Shutting down service BlockDeletingService
2019-09-19 05:07:12,566 [ForkJoinPool.commonPool-worker-0] INFO  ozoneimpl.OzoneContainer (OzoneContainer.java:stop(199)) - Attempting to stop container services.
2019-09-19 05:07:12,569 [refreshUsed-/workdir/hadoop-ozone/integration-test/target/test-dir/MiniOzoneClusterImpl-bbf495c9-350a-409e-a1d0-dfcf287214b2/datanode-4/data/containers] WARN  fs.CachingGetSpaceUsed (CachingGetSpaceUsed.java:run(183)) - Thread Interrupted waiting to refresh disk information: sleep interrupted
2019-09-19 05:07:12,569 [ForkJoinPool.commonPool-worker-0] INFO  impl.RaftServerProxy (RaftServerProxy.java:lambda$close$4(314)) - f7581b44-ec20-4a49-84dc-6482be220b8e: close
2019-09-19 05:07:12,569 [ForkJoinPool.commonPool-worker-0] INFO  impl.RaftServerImpl (RaftServerImpl.java:lambda$shutdown$3(245)) - f7581b44-ec20-4a49-84dc-6482be220b8e: shutdown group-10290650056A
2019-09-19 05:07:12,570 [ForkJoinPool.commonPool-worker-0] INFO  util.JmxRegister (JmxRegister.java:unregister(73)) - Successfully un-registered JMX Bean with object name Ratis:service=RaftServer,group=group-10290650056A,id=f7581b44-ec20-4a49-84dc-6482be220b8e
2019-09-19 05:07:12,570 [ForkJoinPool.commonPool-worker-0] INFO  impl.RoleInfo (RoleInfo.java:shutdownLeaderState(104)) - f7581b44-ec20-4a49-84dc-6482be220b8e: shutdown LeaderState
2019-09-19 05:07:12,570 [ForkJoinPool.commonPool-worker-0] INFO  impl.PendingRequests (PendingRequests.java:sendNotLeaderResponses(202)) - f7581b44-ec20-4a49-84dc-6482be220b8e-PendingRequests: sendNotLeaderResponses
2019-09-19 05:07:12,571 [ForkJoinPool.commonPool-worker-0] INFO  impl.StateMachineUpdater (StateMachineUpdater.java:stopAndJoin(115)) - StateMachineUpdater:f7581b44-ec20-4a49-84dc-6482be220b8e:group-10290650056A: set stopIndex = 0
2019-09-19 05:07:12,572 [ForkJoinPool.commonPool-worker-0] INFO  impl.RaftServerImpl (ServerState.java:close(394)) - f7581b44-ec20-4a49-84dc-6482be220b8e:group-10290650056A closes. The last applied log index is 0
2019-09-19 05:07:12,572 [f7581b44-ec20-4a49-84dc-6482be220b8e-SegmentedRaftLogWorker:Storage Directory /workdir/hadoop-ozone/integration-test/target/test-dir/MiniOzoneClusterImpl-bbf495c9-350a-409e-a1d0-dfcf287214b2/datanode-0/data/ratis/1eddb777-2308-49de-983b-10290650056a] INFO  segmented.SegmentedRaftLogWorker (SegmentedRaftLogWorker.java:run(313)) - f7581b44-ec20-4a49-84dc-6482be220b8e-SegmentedRaftLogWorker:Storage Directory /workdir/hadoop-ozone/integration-test/target/test-dir/MiniOzoneClusterImpl-bbf495c9-350a-409e-a1d0-dfcf287214b2/datanode-0/data/ratis/1eddb777-2308-49de-983b-10290650056a was interrupted, exiting. There are 0 tasks remaining in the queue.
2019-09-19 05:07:12,573 [ForkJoinPool.commonPool-worker-0] INFO  segmented.SegmentedRaftLogWorker (SegmentedRaftLogWorker.java:close(228)) - f7581b44-ec20-4a49-84dc-6482be220b8e-SegmentedRaftLogWorker:Storage Directory /workdir/hadoop-ozone/integration-test/target/test-dir/MiniOzoneClusterImpl-bbf495c9-350a-409e-a1d0-dfcf287214b2/datanode-0/data/ratis/1eddb777-2308-49de-983b-10290650056a close()
2019-09-19 05:07:12,574 [ForkJoinPool.commonPool-worker-0] INFO  impl.RaftServerImpl (RaftServerImpl.java:lambda$shutdown$3(245)) - f7581b44-ec20-4a49-84dc-6482be220b8e: shutdown group-914C0954A483
2019-09-19 05:07:12,575 [ForkJoinPool.commonPool-worker-0] INFO  util.JmxRegister (JmxRegister.java:unregister(73)) - Successfully un-registered JMX Bean with object name Ratis:service=RaftServer,group=group-914C0954A483,id=f7581b44-ec20-4a49-84dc-6482be220b8e
2019-09-19 05:07:12,575 [ForkJoinPool.commonPool-worker-0] INFO  impl.RoleInfo (RoleInfo.java:shutdownFollowerState(121)) - f7581b44-ec20-4a49-84dc-6482be220b8e: shutdown FollowerState
2019-09-19 05:07:12,575 [ForkJoinPool.commonPool-worker-0] INFO  impl.StateMachineUpdater (StateMachineUpdater.java:stopAndJoin(115)) - StateMachineUpdater:f7581b44-ec20-4a49-84dc-6482be220b8e:group-914C0954A483: set stopIndex = -1
2019-09-19 05:07:12,575 [Thread-292] INFO  impl.FollowerState (FollowerState.java:run(114)) - f7581b44-ec20-4a49-84dc-6482be220b8e: FollowerState was interrupted: java.lang.InterruptedException: sleep interrupted
2019-09-19 05:07:12,575 [ForkJoinPool.commonPool-worker-0] INFO  impl.RaftServerImpl (ServerState.java:close(394)) - f7581b44-ec20-4a49-84dc-6482be220b8e:group-914C0954A483 closes. The last applied log index is -1
2019-09-19 05:07:12,576 [f7581b44-ec20-4a49-84dc-6482be220b8e-SegmentedRaftLogWorker:Storage Directory /workdir/hadoop-ozone/integration-test/target/test-dir/MiniOzoneClusterImpl-bbf495c9-350a-409e-a1d0-dfcf287214b2/datanode-0/data/ratis/d35a2aa1-5159-41d5-91f3-914c0954a483] INFO  segmented.SegmentedRaftLogWorker (SegmentedRaftLogWorker.java:run(313)) - f7581b44-ec20-4a49-84dc-6482be220b8e-SegmentedRaftLogWorker:Storage Directory /workdir/hadoop-ozone/integration-test/target/test-dir/MiniOzoneClusterImpl-bbf495c9-350a-409e-a1d0-dfcf287214b2/datanode-0/data/ratis/d35a2aa1-5159-41d5-91f3-914c0954a483 was interrupted, exiting. There are 0 tasks remaining in the queue.
2019-09-19 05:07:12,576 [ForkJoinPool.commonPool-worker-0] INFO  segmented.SegmentedRaftLogWorker (SegmentedRaftLogWorker.java:close(228)) - f7581b44-ec20-4a49-84dc-6482be220b8e-SegmentedRaftLogWorker:Storage Directory /workdir/hadoop-ozone/integration-test/target/test-dir/MiniOzoneClusterImpl-bbf495c9-350a-409e-a1d0-dfcf287214b2/datanode-0/data/ratis/d35a2aa1-5159-41d5-91f3-914c0954a483 close()
2019-09-19 05:07:12,578 [ForkJoinPool.commonPool-worker-0] INFO  server.GrpcService (GrpcService.java:closeImpl(155)) - f7581b44-ec20-4a49-84dc-6482be220b8e: shutdown server with port 34061 now
2019-09-19 05:07:12,579 [ForkJoinPool.commonPool-worker-0] INFO  server.GrpcService (GrpcService.java:closeImpl(163)) - f7581b44-ec20-4a49-84dc-6482be220b8e: shutdown server with port 34061 successfully
2019-09-19 05:07:12,581 [ForkJoinPool.commonPool-worker-0] INFO  utils.BackgroundService (BackgroundService.java:shutdown(148)) - Shutting down service BlockDeletingService
2019-09-19 05:07:12,585 [refreshUsed-/workdir/hadoop-ozone/integration-test/target/test-dir/MiniOzoneClusterImpl-bbf495c9-350a-409e-a1d0-dfcf287214b2/datanode-0/data/containers] WARN  fs.CachingGetSpaceUsed (CachingGetSpaceUsed.java:run(183)) - Thread Interrupted waiting to refresh disk information: sleep interrupted
2019-09-19 05:07:12,590 [main] INFO  statemachine.DatanodeStateMachine (DatanodeStateMachine.java:stopDaemon(401)) - Ozone container server stopped.
2019-09-19 05:07:12,591 [main] INFO  handler.ContextHandler (ContextHandler.java:doStop(910)) - Stopped o.e.j.w.WebAppContext@6321a5aa{/,null,UNAVAILABLE}{/hddsDatanode}
2019-09-19 05:07:12,591 [main] INFO  server.AbstractConnector (AbstractConnector.java:doStop(318)) - Stopped ServerConnector@1c7f9861{HTTP/1.1,[http/1.1]}{0.0.0.0:0}
2019-09-19 05:07:12,592 [main] INFO  handler.ContextHandler (ContextHandler.java:doStop(910)) - Stopped o.e.j.s.ServletContextHandler@2f09e6b2{/static,jar:file:/home/user/.m2/repository/org/apache/hadoop/hadoop-hdds-container-service/0.5.0-SNAPSHOT/hadoop-hdds-container-service-0.5.0-SNAPSHOT.jar!/webapps/static,UNAVAILABLE}
2019-09-19 05:07:12,592 [main] INFO  handler.ContextHandler (ContextHandler.java:doStop(910)) - Stopped o.e.j.s.ServletContextHandler@9408857{/logs,file:///workdir/hadoop-ozone/integration-test/target/log,UNAVAILABLE}
2019-09-19 05:07:12,603 [ForkJoinPool.commonPool-worker-0] INFO  statemachine.DatanodeStateMachine (DatanodeStateMachine.java:stopDaemon(401)) - Ozone container server stopped.
2019-09-19 05:07:12,605 [ForkJoinPool.commonPool-worker-0] INFO  handler.ContextHandler (ContextHandler.java:doStop(910)) - Stopped o.e.j.w.WebAppContext@1cc680e{/,null,UNAVAILABLE}{/hddsDatanode}
2019-09-19 05:07:12,606 [ForkJoinPool.commonPool-worker-0] INFO  server.AbstractConnector (AbstractConnector.java:doStop(318)) - Stopped ServerConnector@1dc3502b{HTTP/1.1,[http/1.1]}{0.0.0.0:0}
2019-09-19 05:07:12,606 [ForkJoinPool.commonPool-worker-0] INFO  handler.ContextHandler (ContextHandler.java:doStop(910)) - Stopped o.e.j.s.ServletContextHandler@7fb29ca9{/static,jar:file:/home/user/.m2/repository/org/apache/hadoop/hadoop-hdds-container-service/0.5.0-SNAPSHOT/hadoop-hdds-container-service-0.5.0-SNAPSHOT.jar!/webapps/static,UNAVAILABLE}
2019-09-19 05:07:12,607 [ForkJoinPool.commonPool-worker-0] INFO  handler.ContextHandler (ContextHandler.java:doStop(910)) - Stopped o.e.j.s.ServletContextHandler@56dfab87{/logs,file:///workdir/hadoop-ozone/integration-test/target/log,UNAVAILABLE}
2019-09-19 05:07:12,608 [main] INFO  ozone.MiniOzoneClusterImpl (MiniOzoneClusterImpl.java:stop(359)) - Stopping the StorageContainerManager
2019-09-19 05:07:12,609 [main] INFO  server.StorageContainerManager (StorageContainerManager.java:stop(799)) - Stopping Replication Manager Service.
2019-09-19 05:07:12,609 [main] INFO  container.ReplicationManager (ReplicationManager.java:stop(192)) - Stopping Replication Monitor Thread.
2019-09-19 05:07:12,609 [main] INFO  server.StorageContainerManager (StorageContainerManager.java:stop(806)) - Stopping Lease Manager of the command watchers
2019-09-19 05:07:12,609 [main] INFO  server.StorageContainerManager (StorageContainerManager.java:stop(813)) - Stopping datanode service RPC server
2019-09-19 05:07:12,609 [main] INFO  server.SCMDatanodeProtocolServer (SCMDatanodeProtocolServer.java:stop(387)) - Stopping the RPC server for DataNodes
2019-09-19 05:07:12,609 [main] INFO  ipc.Server (Server.java:stop(3082)) - Stopping server on 34622
2019-09-19 05:07:12,610 [IPC Server listener on 34622] INFO  ipc.Server (Server.java:run(1185)) - Stopping IPC Server listener on 34622
2019-09-19 05:07:12,611 [IPC Server Responder] INFO  ipc.Server (Server.java:run(1319)) - Stopping IPC Server Responder
2019-09-19 05:07:12,717 [SCM Heartbeat Processing Thread - 0] WARN  node.NodeStateManager (NodeStateManager.java:scheduleNextHealthCheck(655)) - Current Thread is interrupted, shutting down HB processing thread for Node Manager.
2019-09-19 05:07:12,718 [main] INFO  server.StorageContainerManager (StorageContainerManager.java:stop(821)) - Stopping block service RPC server
2019-09-19 05:07:12,718 [main] INFO  server.SCMBlockProtocolServer (SCMBlockProtocolServer.java:stop(148)) - Stopping the RPC server for Block Protocol
2019-09-19 05:07:12,718 [main] INFO  ipc.Server (Server.java:stop(3082)) - Stopping server on 43182
2019-09-19 05:07:12,719 [main] INFO  server.StorageContainerManager (StorageContainerManager.java:stop(828)) - Stopping the StorageContainerLocationProtocol RPC server
2019-09-19 05:07:12,720 [main] INFO  server.SCMClientProtocolServer (SCMClientProtocolServer.java:stop(159)) - Stopping the RPC server for Client Protocol
2019-09-19 05:07:12,720 [main] INFO  ipc.Server (Server.java:stop(3082)) - Stopping server on 35376
2019-09-19 05:07:12,720 [IPC Server listener on 43182] INFO  ipc.Server (Server.java:run(1185)) - Stopping IPC Server listener on 43182
2019-09-19 05:07:12,720 [IPC Server Responder] INFO  ipc.Server (Server.java:run(1319)) - Stopping IPC Server Responder
2019-09-19 05:07:12,722 [IPC Server listener on 35376] INFO  ipc.Server (Server.java:run(1185)) - Stopping IPC Server listener on 35376
2019-09-19 05:07:12,723 [IPC Server Responder] INFO  ipc.Server (Server.java:run(1319)) - Stopping IPC Server Responder
2019-09-19 05:07:12,723 [main] INFO  server.StorageContainerManager (StorageContainerManager.java:stop(835)) - Stopping Storage Container Manager HTTP server.
2019-09-19 05:07:12,724 [main] INFO  handler.ContextHandler (ContextHandler.java:doStop(910)) - Stopped o.e.j.w.WebAppContext@2ca47471{/,null,UNAVAILABLE}{/scm}
2019-09-19 05:07:12,725 [main] INFO  server.AbstractConnector (AbstractConnector.java:doStop(318)) - Stopped ServerConnector@26b894bd{HTTP/1.1,[http/1.1]}{0.0.0.0:0}
2019-09-19 05:07:12,725 [main] INFO  handler.ContextHandler (ContextHandler.java:doStop(910)) - Stopped o.e.j.s.ServletContextHandler@2e9fda69{/static,file:///workdir/hadoop-ozone/integration-test/target/test-classes/webapps/static,UNAVAILABLE}
2019-09-19 05:07:12,725 [main] INFO  handler.ContextHandler (ContextHandler.java:doStop(910)) - Stopped o.e.j.s.ServletContextHandler@781f10f2{/logs,file:///workdir/hadoop-ozone/integration-test/target/log,UNAVAILABLE}
2019-09-19 05:07:12,727 [main] INFO  server.StorageContainerManager (StorageContainerManager.java:stop(846)) - Stopping Block Manager Service.
2019-09-19 05:07:12,727 [main] INFO  utils.BackgroundService (BackgroundService.java:shutdown(148)) - Shutting down service SCMBlockDeletingService
2019-09-19 05:07:12,728 [main] INFO  utils.BackgroundService (BackgroundService.java:shutdown(148)) - Shutting down service SCMBlockDeletingService
2019-09-19 05:07:12,728 [main] INFO  server.StorageContainerManager (StorageContainerManager.java:stop(868)) - Stopping SCM Event Queue.
2019-09-19 05:07:12,735 [main] INFO  impl.MetricsSystemImpl (MetricsSystemImpl.java:stop(210)) - Stopping HddsDatanode metrics system...
2019-09-19 05:07:12,741 [main] INFO  impl.MetricsSystemImpl (MetricsSystemImpl.java:stop(216)) - HddsDatanode metrics system stopped.
]]></system-out>
    <system-err><![CDATA[Sep 19, 2019 5:06:46 AM com.sun.jersey.server.impl.application.WebApplicationImpl _initiate
INFO: Initiating Jersey application, version 'Jersey: 1.19 02/11/2015 03:25 AM'
Sep 19, 2019 5:06:47 AM com.sun.jersey.server.impl.application.WebApplicationImpl _initiate
INFO: Initiating Jersey application, version 'Jersey: 1.19 02/11/2015 03:25 AM'
Sep 19, 2019 5:06:48 AM com.sun.jersey.server.impl.application.WebApplicationImpl _initiate
INFO: Initiating Jersey application, version 'Jersey: 1.19 02/11/2015 03:25 AM'
Sep 19, 2019 5:06:48 AM com.sun.jersey.server.impl.application.WebApplicationImpl _initiate
INFO: Initiating Jersey application, version 'Jersey: 1.19 02/11/2015 03:25 AM'
Sep 19, 2019 5:06:48 AM com.sun.jersey.server.impl.application.WebApplicationImpl _initiate
INFO: Initiating Jersey application, version 'Jersey: 1.19 02/11/2015 03:25 AM'
Sep 19, 2019 5:06:48 AM com.sun.jersey.server.impl.application.WebApplicationImpl _initiate
INFO: Initiating Jersey application, version 'Jersey: 1.19 02/11/2015 03:25 AM'
]]></system-err>
  </testcase>
</testsuite>