<?xml version="1.0" encoding="UTF-8"?>
<testsuite xmlns:xsi="http://www.w3.org/2001/XMLSchema-instance" xsi:noNamespaceSchemaLocation="https://maven.apache.org/surefire/maven-surefire-plugin/xsd/surefire-test-report.xsd" name="org.apache.hadoop.ozone.client.rpc.TestWatchForCommit" time="269.484" tests="5" errors="1" skipped="0" failures="0">
  <properties>
    <property name="awt.toolkit" value="sun.awt.X11.XToolkit"/>
    <property name="file.encoding.pkg" value="sun.io"/>
    <property name="java.specification.version" value="1.8"/>
    <property name="sun.cpu.isalist" value=""/>
    <property name="sun.jnu.encoding" value="UTF-8"/>
    <property name="java.class.path" value="/workdir/hadoop-ozone/integration-test/target/test-classes:/workdir/hadoop-ozone/integration-test/target/classes:/home/user/.m2/repository/org/apache/hadoop/hadoop-ozone-common/0.5.0-SNAPSHOT/hadoop-ozone-common-0.5.0-SNAPSHOT.jar:/home/user/.m2/repository/org/apache/commons/commons-compress/1.4.1/commons-compress-1.4.1.jar:/home/user/.m2/repository/org/tukaani/xz/1.0/xz-1.0.jar:/home/user/.m2/repository/org/apache/hadoop/hadoop-common/3.2.0/hadoop-common-3.2.0.jar:/home/user/.m2/repository/org/apache/hadoop/hadoop-hdfs/3.2.0/hadoop-hdfs-3.2.0.jar:/home/user/.m2/repository/org/apache/hadoop/hadoop-hdfs-client/3.2.0/hadoop-hdfs-client-3.2.0.jar:/home/user/.m2/repository/com/fasterxml/jackson/core/jackson-annotations/2.9.5/jackson-annotations-2.9.5.jar:/home/user/.m2/repository/org/apache/hadoop/hadoop-hdds-common/0.5.0-SNAPSHOT/hadoop-hdds-common-0.5.0-SNAPSHOT.jar:/home/user/.m2/repository/javax/annotation/javax.annotation-api/1.2/javax.annotation-api-1.2.jar:/home/user/.m2/repository/org/apache/ratis/ratis-server/0.4.0-2337318-SNAPSHOT/ratis-server-0.4.0-2337318-SNAPSHOT.jar:/home/user/.m2/repository/org/apache/ratis/ratis-thirdparty-misc/0.2.0/ratis-thirdparty-misc-0.2.0.jar:/home/user/.m2/repository/org/apache/ratis/ratis-proto/0.4.0-2337318-SNAPSHOT/ratis-proto-0.4.0-2337318-SNAPSHOT.jar:/home/user/.m2/repository/org/apache/ratis/ratis-common/0.4.0-2337318-SNAPSHOT/ratis-common-0.4.0-2337318-SNAPSHOT.jar:/home/user/.m2/repository/org/apache/ratis/ratis-client/0.4.0-2337318-SNAPSHOT/ratis-client-0.4.0-2337318-SNAPSHOT.jar:/home/user/.m2/repository/org/apache/ratis/ratis-metrics/0.4.0-2337318-SNAPSHOT/ratis-metrics-0.4.0-2337318-SNAPSHOT.jar:/home/user/.m2/repository/org/apache/ratis/ratis-netty/0.4.0-2337318-SNAPSHOT/ratis-netty-0.4.0-2337318-SNAPSHOT.jar:/home/user/.m2/repository/org/apache/ratis/ratis-grpc/0.4.0-2337318-SNAPSHOT/ratis-grpc-0.4.0-2337318-SNAPSHOT.jar:/home/user/.m2/repository/org/rocksdb/rocksdbjni/6.0.1/rocksdbjni-6.0.1.jar:/home/user/.m2/repository/org/apache/logging/log4j/log4j-api/2.11.0/log4j-api-2.11.0.jar:/home/user/.m2/repository/org/apache/logging/log4j/log4j-core/2.11.0/log4j-core-2.11.0.jar:/home/user/.m2/repository/com/lmax/disruptor/3.4.2/disruptor-3.4.2.jar:/home/user/.m2/repository/org/apache/commons/commons-pool2/2.6.0/commons-pool2-2.6.0.jar:/home/user/.m2/repository/org/bouncycastle/bcpkix-jdk15on/1.60/bcpkix-jdk15on-1.60.jar:/home/user/.m2/repository/commons-validator/commons-validator/1.6/commons-validator-1.6.jar:/home/user/.m2/repository/commons-digester/commons-digester/1.8.1/commons-digester-1.8.1.jar:/home/user/.m2/repository/io/jaegertracing/jaeger-client/0.33.1/jaeger-client-0.33.1.jar:/home/user/.m2/repository/io/jaegertracing/jaeger-thrift/0.33.1/jaeger-thrift-0.33.1.jar:/home/user/.m2/repository/org/apache/thrift/libthrift/0.11.0/libthrift-0.11.0.jar:/home/user/.m2/repository/com/squareup/okhttp3/okhttp/3.9.0/okhttp-3.9.0.jar:/home/user/.m2/repository/com/squareup/okio/okio/1.13.0/okio-1.13.0.jar:/home/user/.m2/repository/io/jaegertracing/jaeger-core/0.33.1/jaeger-core-0.33.1.jar:/home/user/.m2/repository/io/jaegertracing/jaeger-tracerresolver/0.33.1/jaeger-tracerresolver-0.33.1.jar:/home/user/.m2/repository/io/opentracing/contrib/opentracing-tracerresolver/0.1.5/opentracing-tracerresolver-0.1.5.jar:/home/user/.m2/repository/io/opentracing/opentracing-util/0.31.0/opentracing-util-0.31.0.jar:/home/user/.m2/repository/io/opentracing/opentracing-api/0.31.0/opentracing-api-0.31.0.jar:/home/user/.m2/repository/io/opentracing/opentracing-noop/0.31.0/opentracing-noop-0.31.0.jar:/home/user/.m2/repository/org/apache/hadoop/hadoop-hdds-server-framework/0.5.0-SNAPSHOT/hadoop-hdds-server-framework-0.5.0-SNAPSHOT.jar:/home/user/.m2/repository/org/apache/hadoop/hadoop-hdds-container-service/0.5.0-SNAPSHOT/hadoop-hdds-container-service-0.5.0-SNAPSHOT.jar:/home/user/.m2/repository/org/apache/hadoop/hadoop-hdds-client/0.5.0-SNAPSHOT/hadoop-hdds-client-0.5.0-SNAPSHOT.jar:/home/user/.m2/repository/org/apache/hadoop/hadoop-hdds-tools/0.5.0-SNAPSHOT/hadoop-hdds-tools-0.5.0-SNAPSHOT.jar:/home/user/.m2/repository/org/apache/hadoop/hadoop-hdds-server-scm/0.5.0-SNAPSHOT/hadoop-hdds-server-scm-0.5.0-SNAPSHOT.jar:/home/user/.m2/repository/org/apache/hadoop/hadoop-hdds-docs/0.5.0-SNAPSHOT/hadoop-hdds-docs-0.5.0-SNAPSHOT.jar:/home/user/.m2/repository/io/dropwizard/metrics/metrics-core/3.2.4/metrics-core-3.2.4.jar:/home/user/.m2/repository/org/hamcrest/hamcrest-all/1.3/hamcrest-all-1.3.jar:/home/user/.m2/repository/org/bouncycastle/bcprov-jdk15on/1.60/bcprov-jdk15on-1.60.jar:/home/user/.m2/repository/info/picocli/picocli/3.9.6/picocli-3.9.6.jar:/home/user/.m2/repository/com/google/protobuf/protobuf-java/2.5.0/protobuf-java-2.5.0.jar:/home/user/.m2/repository/com/google/guava/guava/11.0.2/guava-11.0.2.jar:/home/user/.m2/repository/org/apache/hadoop/hadoop-ozone-ozone-manager/0.5.0-SNAPSHOT/hadoop-ozone-ozone-manager-0.5.0-SNAPSHOT.jar:/home/user/.m2/repository/org/apache/hadoop/hadoop-minikdc/3.2.0/hadoop-minikdc-3.2.0.jar:/home/user/.m2/repository/commons-io/commons-io/2.5/commons-io-2.5.jar:/home/user/.m2/repository/org/apache/kerby/kerb-simplekdc/1.0.1/kerb-simplekdc-1.0.1.jar:/home/user/.m2/repository/org/apache/kerby/kerb-client/1.0.1/kerb-client-1.0.1.jar:/home/user/.m2/repository/org/apache/kerby/kerby-config/1.0.1/kerby-config-1.0.1.jar:/home/user/.m2/repository/org/apache/kerby/kerb-core/1.0.1/kerb-core-1.0.1.jar:/home/user/.m2/repository/org/apache/kerby/kerby-pkix/1.0.1/kerby-pkix-1.0.1.jar:/home/user/.m2/repository/org/apache/kerby/kerby-asn1/1.0.1/kerby-asn1-1.0.1.jar:/home/user/.m2/repository/org/apache/kerby/kerby-util/1.0.1/kerby-util-1.0.1.jar:/home/user/.m2/repository/org/apache/kerby/kerb-common/1.0.1/kerb-common-1.0.1.jar:/home/user/.m2/repository/org/apache/kerby/kerb-crypto/1.0.1/kerb-crypto-1.0.1.jar:/home/user/.m2/repository/org/apache/kerby/kerb-util/1.0.1/kerb-util-1.0.1.jar:/home/user/.m2/repository/org/apache/kerby/token-provider/1.0.1/token-provider-1.0.1.jar:/home/user/.m2/repository/org/apache/kerby/kerb-admin/1.0.1/kerb-admin-1.0.1.jar:/home/user/.m2/repository/org/apache/kerby/kerb-server/1.0.1/kerb-server-1.0.1.jar:/home/user/.m2/repository/org/apache/kerby/kerb-identity/1.0.1/kerb-identity-1.0.1.jar:/home/user/.m2/repository/org/apache/kerby/kerby-xdr/1.0.1/kerby-xdr-1.0.1.jar:/home/user/.m2/repository/org/slf4j/slf4j-log4j12/1.7.25/slf4j-log4j12-1.7.25.jar:/home/user/.m2/repository/org/apache/hadoop/hadoop-ozone-objectstore-service/0.5.0-SNAPSHOT/hadoop-ozone-objectstore-service-0.5.0-SNAPSHOT.jar:/home/user/.m2/repository/org/apache/hadoop/hadoop-ozone-s3gateway/0.5.0-SNAPSHOT/hadoop-ozone-s3gateway-0.5.0-SNAPSHOT.jar:/home/user/.m2/repository/org/jboss/weld/servlet/weld-servlet/2.4.7.Final/weld-servlet-2.4.7.Final.jar:/home/user/.m2/repository/org/glassfish/jersey/containers/jersey-container-servlet-core/2.27/jersey-container-servlet-core-2.27.jar:/home/user/.m2/repository/org/glassfish/hk2/external/javax.inject/2.5.0-b42/javax.inject-2.5.0-b42.jar:/home/user/.m2/repository/org/glassfish/jersey/core/jersey-common/2.27/jersey-common-2.27.jar:/home/user/.m2/repository/org/glassfish/hk2/osgi-resource-locator/1.0.1/osgi-resource-locator-1.0.1.jar:/home/user/.m2/repository/javax/ws/rs/javax.ws.rs-api/2.1/javax.ws.rs-api-2.1.jar:/home/user/.m2/repository/org/glassfish/jersey/ext/cdi/jersey-cdi1x/2.27/jersey-cdi1x-2.27.jar:/home/user/.m2/repository/org/glassfish/jersey/inject/jersey-hk2/2.27/jersey-hk2-2.27.jar:/home/user/.m2/repository/org/glassfish/hk2/hk2-locator/2.5.0-b42/hk2-locator-2.5.0-b42.jar:/home/user/.m2/repository/org/javassist/javassist/3.22.0-CR2/javassist-3.22.0-CR2.jar:/home/user/.m2/repository/org/glassfish/hk2/hk2-api/2.5.0/hk2-api-2.5.0.jar:/home/user/.m2/repository/org/glassfish/hk2/external/jakarta.inject/2.5.0/jakarta.inject-2.5.0.jar:/home/user/.m2/repository/org/glassfish/hk2/hk2-utils/2.5.0/hk2-utils-2.5.0.jar:/home/user/.m2/repository/jakarta/annotation/jakarta.annotation-api/1.3.4/jakarta.annotation-api-1.3.4.jar:/home/user/.m2/repository/org/glassfish/hk2/external/aopalliance-repackaged/2.5.0/aopalliance-repackaged-2.5.0.jar:/home/user/.m2/repository/com/fasterxml/jackson/dataformat/jackson-dataformat-xml/2.9.0/jackson-dataformat-xml-2.9.0.jar:/home/user/.m2/repository/com/fasterxml/jackson/core/jackson-core/2.9.5/jackson-core-2.9.5.jar:/home/user/.m2/repository/com/fasterxml/jackson/module/jackson-module-jaxb-annotations/2.9.5/jackson-module-jaxb-annotations-2.9.5.jar:/home/user/.m2/repository/javax/enterprise/cdi-api/1.2/cdi-api-1.2.jar:/home/user/.m2/repository/javax/el/javax.el-api/3.0.0/javax.el-api-3.0.0.jar:/home/user/.m2/repository/javax/interceptor/javax.interceptor-api/1.2/javax.interceptor-api-1.2.jar:/home/user/.m2/repository/javax/inject/javax.inject/1/javax.inject-1.jar:/home/user/.m2/repository/com/sun/xml/bind/jaxb-impl/2.3.0.1/jaxb-impl-2.3.0.1.jar:/home/user/.m2/repository/com/sun/xml/bind/jaxb-core/2.3.0.1/jaxb-core-2.3.0.1.jar:/home/user/.m2/repository/javax/xml/bind/jaxb-api/2.3.0/jaxb-api-2.3.0.jar:/home/user/.m2/repository/javax/activation/activation/1.1.1/activation-1.1.1.jar:/home/user/.m2/repository/org/apache/hadoop/hadoop-ozone-csi/0.5.0-SNAPSHOT/hadoop-ozone-csi-0.5.0-SNAPSHOT.jar:/home/user/.m2/repository/com/google/protobuf/protobuf-java-util/3.5.1/protobuf-java-util-3.5.1.jar:/home/user/.m2/repository/org/apache/hadoop/hadoop-hdds-config/0.5.0-SNAPSHOT/hadoop-hdds-config-0.5.0-SNAPSHOT.jar:/home/user/.m2/repository/io/grpc/grpc-netty/1.17.1/grpc-netty-1.17.1.jar:/home/user/.m2/repository/io/grpc/grpc-core/1.17.1/grpc-core-1.17.1.jar:/home/user/.m2/repository/io/grpc/grpc-context/1.17.1/grpc-context-1.17.1.jar:/home/user/.m2/repository/com/google/errorprone/error_prone_annotations/2.2.0/error_prone_annotations-2.2.0.jar:/home/user/.m2/repository/org/codehaus/mojo/animal-sniffer-annotations/1.17/animal-sniffer-annotations-1.17.jar:/home/user/.m2/repository/io/opencensus/opencensus-api/0.17.0/opencensus-api-0.17.0.jar:/home/user/.m2/repository/io/opencensus/opencensus-contrib-grpc-metrics/0.17.0/opencensus-contrib-grpc-metrics-0.17.0.jar:/home/user/.m2/repository/io/netty/netty-codec-http2/4.1.30.Final/netty-codec-http2-4.1.30.Final.jar:/home/user/.m2/repository/io/netty/netty-codec-http/4.1.30.Final/netty-codec-http-4.1.30.Final.jar:/home/user/.m2/repository/io/netty/netty-codec/4.1.30.Final/netty-codec-4.1.30.Final.jar:/home/user/.m2/repository/io/netty/netty-handler/4.1.30.Final/netty-handler-4.1.30.Final.jar:/home/user/.m2/repository/io/netty/netty-handler-proxy/4.1.30.Final/netty-handler-proxy-4.1.30.Final.jar:/home/user/.m2/repository/io/netty/netty-codec-socks/4.1.30.Final/netty-codec-socks-4.1.30.Final.jar:/home/user/.m2/repository/io/netty/netty-transport-native-epoll/4.1.30.Final/netty-transport-native-epoll-4.1.30.Final.jar:/home/user/.m2/repository/io/netty/netty-common/4.1.30.Final/netty-common-4.1.30.Final.jar:/home/user/.m2/repository/io/netty/netty-buffer/4.1.30.Final/netty-buffer-4.1.30.Final.jar:/home/user/.m2/repository/io/netty/netty-transport/4.1.30.Final/netty-transport-4.1.30.Final.jar:/home/user/.m2/repository/io/netty/netty-resolver/4.1.30.Final/netty-resolver-4.1.30.Final.jar:/home/user/.m2/repository/io/netty/netty-transport-native-unix-common/4.1.30.Final/netty-transport-native-unix-common-4.1.30.Final.jar:/home/user/.m2/repository/io/grpc/grpc-protobuf/1.17.1/grpc-protobuf-1.17.1.jar:/home/user/.m2/repository/com/google/api/grpc/proto-google-common-protos/1.0.0/proto-google-common-protos-1.0.0.jar:/home/user/.m2/repository/io/grpc/grpc-protobuf-lite/1.17.1/grpc-protobuf-lite-1.17.1.jar:/home/user/.m2/repository/io/grpc/grpc-stub/1.17.1/grpc-stub-1.17.1.jar:/home/user/.m2/repository/org/apache/hadoop/hadoop-ozone-recon/0.5.0-SNAPSHOT/hadoop-ozone-recon-0.5.0-SNAPSHOT.jar:/home/user/.m2/repository/org/apache/hadoop/hadoop-ozone-reconcodegen/0.5.0-SNAPSHOT/hadoop-ozone-reconcodegen-0.5.0-SNAPSHOT.jar:/home/user/.m2/repository/com/google/inject/extensions/guice-multibindings/4.0/guice-multibindings-4.0.jar:/home/user/.m2/repository/com/google/inject/guice/4.0/guice-4.0.jar:/home/user/.m2/repository/aopalliance/aopalliance/1.0/aopalliance-1.0.jar:/home/user/.m2/repository/com/google/inject/extensions/guice-servlet/4.0/guice-servlet-4.0.jar:/home/user/.m2/repository/org/glassfish/jersey/containers/jersey-container-servlet/2.27/jersey-container-servlet-2.27.jar:/home/user/.m2/repository/org/glassfish/hk2/guice-bridge/2.5.0/guice-bridge-2.5.0.jar:/home/user/.m2/repository/org/glassfish/jersey/core/jersey-server/2.27/jersey-server-2.27.jar:/home/user/.m2/repository/org/glassfish/jersey/core/jersey-client/2.27/jersey-client-2.27.jar:/home/user/.m2/repository/org/glassfish/jersey/media/jersey-media-jaxb/2.27/jersey-media-jaxb-2.27.jar:/home/user/.m2/repository/javax/validation/validation-api/1.1.0.Final/validation-api-1.1.0.Final.jar:/home/user/.m2/repository/org/glassfish/jersey/media/jersey-media-json-jackson/2.27/jersey-media-json-jackson-2.27.jar:/home/user/.m2/repository/org/glassfish/jersey/ext/jersey-entity-filtering/2.27/jersey-entity-filtering-2.27.jar:/home/user/.m2/repository/com/google/inject/extensions/guice-assistedinject/4.0/guice-assistedinject-4.0.jar:/home/user/.m2/repository/org/jooq/jooq/3.11.10/jooq-3.11.10.jar:/home/user/.m2/repository/org/jooq/jooq-meta/3.11.10/jooq-meta-3.11.10.jar:/home/user/.m2/repository/org/jooq/jooq-codegen/3.11.10/jooq-codegen-3.11.10.jar:/home/user/.m2/repository/com/jolbox/bonecp/0.8.0.RELEASE/bonecp-0.8.0.RELEASE.jar:/home/user/.m2/repository/org/xerial/sqlite-jdbc/3.25.2/sqlite-jdbc-3.25.2.jar:/home/user/.m2/repository/org/springframework/spring-jdbc/5.1.3.RELEASE/spring-jdbc-5.1.3.RELEASE.jar:/home/user/.m2/repository/org/springframework/spring-beans/5.1.3.RELEASE/spring-beans-5.1.3.RELEASE.jar:/home/user/.m2/repository/org/springframework/spring-core/5.1.3.RELEASE/spring-core-5.1.3.RELEASE.jar:/home/user/.m2/repository/org/springframework/spring-jcl/5.1.3.RELEASE/spring-jcl-5.1.3.RELEASE.jar:/home/user/.m2/repository/org/springframework/spring-tx/5.1.3.RELEASE/spring-tx-5.1.3.RELEASE.jar:/home/user/.m2/repository/org/apache/hadoop/hadoop-ozone-client/0.5.0-SNAPSHOT/hadoop-ozone-client-0.5.0-SNAPSHOT.jar:/home/user/.m2/repository/commons-lang/commons-lang/2.6/commons-lang-2.6.jar:/home/user/.m2/repository/org/apache/hadoop/hadoop-ozone-ozone-manager/0.5.0-SNAPSHOT/hadoop-ozone-ozone-manager-0.5.0-SNAPSHOT-tests.jar:/home/user/.m2/repository/junit/junit/4.11/junit-4.11.jar:/home/user/.m2/repository/org/hamcrest/hamcrest-core/1.3/hamcrest-core-1.3.jar:/home/user/.m2/repository/org/openjdk/jmh/jmh-core/1.19/jmh-core-1.19.jar:/home/user/.m2/repository/net/sf/jopt-simple/jopt-simple/4.6/jopt-simple-4.6.jar:/home/user/.m2/repository/org/apache/commons/commons-math3/3.1.1/commons-math3-3.1.1.jar:/home/user/.m2/repository/org/openjdk/jmh/jmh-generator-annprocess/1.19/jmh-generator-annprocess-1.19.jar:/home/user/.m2/repository/org/mockito/mockito-all/1.8.5/mockito-all-1.8.5.jar:/home/user/.m2/repository/org/apache/hadoop/hadoop-kms/3.2.0/hadoop-kms-3.2.0.jar:/home/user/.m2/repository/org/apache/hadoop/hadoop-auth/3.2.0/hadoop-auth-3.2.0.jar:/home/user/.m2/repository/com/nimbusds/nimbus-jose-jwt/4.41.1/nimbus-jose-jwt-4.41.1.jar:/home/user/.m2/repository/com/github/stephenc/jcip/jcip-annotations/1.0-1/jcip-annotations-1.0-1.jar:/home/user/.m2/repository/net/minidev/json-smart/2.3/json-smart-2.3.jar:/home/user/.m2/repository/net/minidev/accessors-smart/1.2/accessors-smart-1.2.jar:/home/user/.m2/repository/org/ow2/asm/asm/5.0.4/asm-5.0.4.jar:/home/user/.m2/repository/org/apache/curator/curator-framework/2.12.0/curator-framework-2.12.0.jar:/home/user/.m2/repository/com/sun/jersey/jersey-core/1.19/jersey-core-1.19.jar:/home/user/.m2/repository/javax/ws/rs/jsr311-api/1.1.1/jsr311-api-1.1.1.jar:/home/user/.m2/repository/com/sun/jersey/jersey-server/1.19/jersey-server-1.19.jar:/home/user/.m2/repository/javax/servlet/javax.servlet-api/3.1.0/javax.servlet-api-3.1.0.jar:/home/user/.m2/repository/org/eclipse/jetty/jetty-server/9.3.24.v20180605/jetty-server-9.3.24.v20180605.jar:/home/user/.m2/repository/org/eclipse/jetty/jetty-http/9.3.24.v20180605/jetty-http-9.3.24.v20180605.jar:/home/user/.m2/repository/org/eclipse/jetty/jetty-io/9.3.24.v20180605/jetty-io-9.3.24.v20180605.jar:/home/user/.m2/repository/org/eclipse/jetty/jetty-webapp/9.3.24.v20180605/jetty-webapp-9.3.24.v20180605.jar:/home/user/.m2/repository/org/eclipse/jetty/jetty-xml/9.3.24.v20180605/jetty-xml-9.3.24.v20180605.jar:/home/user/.m2/repository/log4j/log4j/1.2.17/log4j-1.2.17.jar:/home/user/.m2/repository/org/slf4j/slf4j-api/1.7.25/slf4j-api-1.7.25.jar:/home/user/.m2/repository/org/slf4j/jul-to-slf4j/1.7.25/jul-to-slf4j-1.7.25.jar:/home/user/.m2/repository/org/eclipse/jetty/jetty-util/9.3.24.v20180605/jetty-util-9.3.24.v20180605.jar:/home/user/.m2/repository/com/fasterxml/jackson/core/jackson-databind/2.9.5/jackson-databind-2.9.5.jar:/home/user/.m2/repository/org/apache/hadoop/hadoop-kms/3.2.0/hadoop-kms-3.2.0-tests.jar:/home/user/.m2/repository/org/apache/hadoop/hadoop-hdds-server-scm/0.5.0-SNAPSHOT/hadoop-hdds-server-scm-0.5.0-SNAPSHOT-tests.jar:/home/user/.m2/repository/org/apache/hadoop/hadoop-hdds-container-service/0.5.0-SNAPSHOT/hadoop-hdds-container-service-0.5.0-SNAPSHOT-tests.jar:/home/user/.m2/repository/org/yaml/snakeyaml/1.16/snakeyaml-1.16.jar:/home/user/.m2/repository/org/apache/hadoop/hadoop-common/3.2.0/hadoop-common-3.2.0-tests.jar:/home/user/.m2/repository/org/apache/hadoop/hadoop-annotations/3.2.0/hadoop-annotations-3.2.0.jar:/usr/lib/jvm/java-1.8-openjdk/jre/../lib/tools.jar:/home/user/.m2/repository/commons-cli/commons-cli/1.2/commons-cli-1.2.jar:/home/user/.m2/repository/org/apache/httpcomponents/httpclient/4.5.2/httpclient-4.5.2.jar:/home/user/.m2/repository/org/apache/httpcomponents/httpcore/4.4.4/httpcore-4.4.4.jar:/home/user/.m2/repository/commons-codec/commons-codec/1.11/commons-codec-1.11.jar:/home/user/.m2/repository/commons-net/commons-net/3.6/commons-net-3.6.jar:/home/user/.m2/repository/commons-collections/commons-collections/3.2.2/commons-collections-3.2.2.jar:/home/user/.m2/repository/org/eclipse/jetty/jetty-servlet/9.3.24.v20180605/jetty-servlet-9.3.24.v20180605.jar:/home/user/.m2/repository/org/eclipse/jetty/jetty-security/9.3.24.v20180605/jetty-security-9.3.24.v20180605.jar:/home/user/.m2/repository/javax/servlet/jsp/jsp-api/2.1/jsp-api-2.1.jar:/home/user/.m2/repository/com/sun/jersey/jersey-servlet/1.19/jersey-servlet-1.19.jar:/home/user/.m2/repository/com/sun/jersey/jersey-json/1.19/jersey-json-1.19.jar:/home/user/.m2/repository/org/codehaus/jettison/jettison/1.1/jettison-1.1.jar:/home/user/.m2/repository/org/codehaus/jackson/jackson-core-asl/1.9.13/jackson-core-asl-1.9.13.jar:/home/user/.m2/repository/org/codehaus/jackson/jackson-mapper-asl/1.9.13/jackson-mapper-asl-1.9.13.jar:/home/user/.m2/repository/org/codehaus/jackson/jackson-jaxrs/1.9.13/jackson-jaxrs-1.9.13.jar:/home/user/.m2/repository/org/codehaus/jackson/jackson-xc/1.9.13/jackson-xc-1.9.13.jar:/home/user/.m2/repository/commons-logging/commons-logging/1.1.3/commons-logging-1.1.3.jar:/home/user/.m2/repository/commons-beanutils/commons-beanutils/1.9.3/commons-beanutils-1.9.3.jar:/home/user/.m2/repository/org/apache/commons/commons-configuration2/2.1.1/commons-configuration2-2.1.1.jar:/home/user/.m2/repository/org/apache/commons/commons-lang3/3.7/commons-lang3-3.7.jar:/home/user/.m2/repository/org/apache/commons/commons-text/1.4/commons-text-1.4.jar:/home/user/.m2/repository/org/apache/avro/avro/1.7.7/avro-1.7.7.jar:/home/user/.m2/repository/com/thoughtworks/paranamer/paranamer/2.3/paranamer-2.3.jar:/home/user/.m2/repository/org/xerial/snappy/snappy-java/1.0.5/snappy-java-1.0.5.jar:/home/user/.m2/repository/com/google/re2j/re2j/1.1/re2j-1.1.jar:/home/user/.m2/repository/com/google/code/gson/gson/2.2.4/gson-2.2.4.jar:/home/user/.m2/repository/com/jcraft/jsch/0.1.54/jsch-0.1.54.jar:/home/user/.m2/repository/org/apache/curator/curator-client/2.12.0/curator-client-2.12.0.jar:/home/user/.m2/repository/org/apache/curator/curator-recipes/2.12.0/curator-recipes-2.12.0.jar:/home/user/.m2/repository/com/google/code/findbugs/jsr305/3.0.0/jsr305-3.0.0.jar:/home/user/.m2/repository/org/apache/htrace/htrace-core4/4.1.0-incubating/htrace-core4-4.1.0-incubating.jar:/home/user/.m2/repository/org/apache/zookeeper/zookeeper/3.4.13/zookeeper-3.4.13.jar:/home/user/.m2/repository/org/apache/yetus/audience-annotations/0.5.0/audience-annotations-0.5.0.jar:/home/user/.m2/repository/org/codehaus/woodstox/stax2-api/3.1.4/stax2-api-3.1.4.jar:/home/user/.m2/repository/com/fasterxml/woodstox/woodstox-core/5.0.3/woodstox-core-5.0.3.jar:/home/user/.m2/repository/dnsjava/dnsjava/2.1.7/dnsjava-2.1.7.jar:/home/user/.m2/repository/org/apache/hadoop/hadoop-hdfs/3.2.0/hadoop-hdfs-3.2.0-tests.jar:/home/user/.m2/repository/org/eclipse/jetty/jetty-util-ajax/9.3.24.v20180605/jetty-util-ajax-9.3.24.v20180605.jar:/home/user/.m2/repository/commons-daemon/commons-daemon/1.0.13/commons-daemon-1.0.13.jar:/home/user/.m2/repository/io/netty/netty/3.10.5.Final/netty-3.10.5.Final.jar:/home/user/.m2/repository/io/netty/netty-all/4.0.52.Final/netty-all-4.0.52.Final.jar:/home/user/.m2/repository/org/fusesource/leveldbjni/leveldbjni-all/1.8/leveldbjni-all-1.8.jar:"/>
    <property name="java.vm.vendor" value="IcedTea"/>
    <property name="sun.arch.data.model" value="64"/>
    <property name="test.build.dir" value="/workdir/hadoop-ozone/integration-test/target/test-dir"/>
    <property name="test.cache.data" value=""/>
    <property name="java.vendor.url" value="https://icedtea.classpath.org"/>
    <property name="user.timezone" value=""/>
    <property name="java.vm.specification.version" value="1.8"/>
    <property name="os.name" value="Linux"/>
    <property name="test.build.data" value="/workdir/hadoop-ozone/integration-test/target/test-dir"/>
    <property name="user.country" value="US"/>
    <property name="sun.java.launcher" value="SUN_STANDARD"/>
    <property name="sun.boot.library.path" value="/usr/lib/jvm/java-1.8-openjdk/jre/lib/amd64"/>
    <property name="sun.java.command" value="/workdir/hadoop-ozone/integration-test/target/surefire/surefirebooter9196461126445504118.jar /workdir/hadoop-ozone/integration-test/target/surefire 2019-09-19T03-21-01_553-jvmRun1 surefire4982738934485475448tmp surefire_608837831322550431617tmp"/>
    <property name="test" value="!TestMiniChaosOzoneCluster"/>
    <property name="surefire.test.class.path" value="/workdir/hadoop-ozone/integration-test/target/test-classes:/workdir/hadoop-ozone/integration-test/target/classes:/home/user/.m2/repository/org/apache/hadoop/hadoop-ozone-common/0.5.0-SNAPSHOT/hadoop-ozone-common-0.5.0-SNAPSHOT.jar:/home/user/.m2/repository/org/apache/commons/commons-compress/1.4.1/commons-compress-1.4.1.jar:/home/user/.m2/repository/org/tukaani/xz/1.0/xz-1.0.jar:/home/user/.m2/repository/org/apache/hadoop/hadoop-common/3.2.0/hadoop-common-3.2.0.jar:/home/user/.m2/repository/org/apache/hadoop/hadoop-hdfs/3.2.0/hadoop-hdfs-3.2.0.jar:/home/user/.m2/repository/org/apache/hadoop/hadoop-hdfs-client/3.2.0/hadoop-hdfs-client-3.2.0.jar:/home/user/.m2/repository/com/fasterxml/jackson/core/jackson-annotations/2.9.5/jackson-annotations-2.9.5.jar:/home/user/.m2/repository/org/apache/hadoop/hadoop-hdds-common/0.5.0-SNAPSHOT/hadoop-hdds-common-0.5.0-SNAPSHOT.jar:/home/user/.m2/repository/javax/annotation/javax.annotation-api/1.2/javax.annotation-api-1.2.jar:/home/user/.m2/repository/org/apache/ratis/ratis-server/0.4.0-2337318-SNAPSHOT/ratis-server-0.4.0-2337318-SNAPSHOT.jar:/home/user/.m2/repository/org/apache/ratis/ratis-thirdparty-misc/0.2.0/ratis-thirdparty-misc-0.2.0.jar:/home/user/.m2/repository/org/apache/ratis/ratis-proto/0.4.0-2337318-SNAPSHOT/ratis-proto-0.4.0-2337318-SNAPSHOT.jar:/home/user/.m2/repository/org/apache/ratis/ratis-common/0.4.0-2337318-SNAPSHOT/ratis-common-0.4.0-2337318-SNAPSHOT.jar:/home/user/.m2/repository/org/apache/ratis/ratis-client/0.4.0-2337318-SNAPSHOT/ratis-client-0.4.0-2337318-SNAPSHOT.jar:/home/user/.m2/repository/org/apache/ratis/ratis-metrics/0.4.0-2337318-SNAPSHOT/ratis-metrics-0.4.0-2337318-SNAPSHOT.jar:/home/user/.m2/repository/org/apache/ratis/ratis-netty/0.4.0-2337318-SNAPSHOT/ratis-netty-0.4.0-2337318-SNAPSHOT.jar:/home/user/.m2/repository/org/apache/ratis/ratis-grpc/0.4.0-2337318-SNAPSHOT/ratis-grpc-0.4.0-2337318-SNAPSHOT.jar:/home/user/.m2/repository/org/rocksdb/rocksdbjni/6.0.1/rocksdbjni-6.0.1.jar:/home/user/.m2/repository/org/apache/logging/log4j/log4j-api/2.11.0/log4j-api-2.11.0.jar:/home/user/.m2/repository/org/apache/logging/log4j/log4j-core/2.11.0/log4j-core-2.11.0.jar:/home/user/.m2/repository/com/lmax/disruptor/3.4.2/disruptor-3.4.2.jar:/home/user/.m2/repository/org/apache/commons/commons-pool2/2.6.0/commons-pool2-2.6.0.jar:/home/user/.m2/repository/org/bouncycastle/bcpkix-jdk15on/1.60/bcpkix-jdk15on-1.60.jar:/home/user/.m2/repository/commons-validator/commons-validator/1.6/commons-validator-1.6.jar:/home/user/.m2/repository/commons-digester/commons-digester/1.8.1/commons-digester-1.8.1.jar:/home/user/.m2/repository/io/jaegertracing/jaeger-client/0.33.1/jaeger-client-0.33.1.jar:/home/user/.m2/repository/io/jaegertracing/jaeger-thrift/0.33.1/jaeger-thrift-0.33.1.jar:/home/user/.m2/repository/org/apache/thrift/libthrift/0.11.0/libthrift-0.11.0.jar:/home/user/.m2/repository/com/squareup/okhttp3/okhttp/3.9.0/okhttp-3.9.0.jar:/home/user/.m2/repository/com/squareup/okio/okio/1.13.0/okio-1.13.0.jar:/home/user/.m2/repository/io/jaegertracing/jaeger-core/0.33.1/jaeger-core-0.33.1.jar:/home/user/.m2/repository/io/jaegertracing/jaeger-tracerresolver/0.33.1/jaeger-tracerresolver-0.33.1.jar:/home/user/.m2/repository/io/opentracing/contrib/opentracing-tracerresolver/0.1.5/opentracing-tracerresolver-0.1.5.jar:/home/user/.m2/repository/io/opentracing/opentracing-util/0.31.0/opentracing-util-0.31.0.jar:/home/user/.m2/repository/io/opentracing/opentracing-api/0.31.0/opentracing-api-0.31.0.jar:/home/user/.m2/repository/io/opentracing/opentracing-noop/0.31.0/opentracing-noop-0.31.0.jar:/home/user/.m2/repository/org/apache/hadoop/hadoop-hdds-server-framework/0.5.0-SNAPSHOT/hadoop-hdds-server-framework-0.5.0-SNAPSHOT.jar:/home/user/.m2/repository/org/apache/hadoop/hadoop-hdds-container-service/0.5.0-SNAPSHOT/hadoop-hdds-container-service-0.5.0-SNAPSHOT.jar:/home/user/.m2/repository/org/apache/hadoop/hadoop-hdds-client/0.5.0-SNAPSHOT/hadoop-hdds-client-0.5.0-SNAPSHOT.jar:/home/user/.m2/repository/org/apache/hadoop/hadoop-hdds-tools/0.5.0-SNAPSHOT/hadoop-hdds-tools-0.5.0-SNAPSHOT.jar:/home/user/.m2/repository/org/apache/hadoop/hadoop-hdds-server-scm/0.5.0-SNAPSHOT/hadoop-hdds-server-scm-0.5.0-SNAPSHOT.jar:/home/user/.m2/repository/org/apache/hadoop/hadoop-hdds-docs/0.5.0-SNAPSHOT/hadoop-hdds-docs-0.5.0-SNAPSHOT.jar:/home/user/.m2/repository/io/dropwizard/metrics/metrics-core/3.2.4/metrics-core-3.2.4.jar:/home/user/.m2/repository/org/hamcrest/hamcrest-all/1.3/hamcrest-all-1.3.jar:/home/user/.m2/repository/org/bouncycastle/bcprov-jdk15on/1.60/bcprov-jdk15on-1.60.jar:/home/user/.m2/repository/info/picocli/picocli/3.9.6/picocli-3.9.6.jar:/home/user/.m2/repository/com/google/protobuf/protobuf-java/2.5.0/protobuf-java-2.5.0.jar:/home/user/.m2/repository/com/google/guava/guava/11.0.2/guava-11.0.2.jar:/home/user/.m2/repository/org/apache/hadoop/hadoop-ozone-ozone-manager/0.5.0-SNAPSHOT/hadoop-ozone-ozone-manager-0.5.0-SNAPSHOT.jar:/home/user/.m2/repository/org/apache/hadoop/hadoop-minikdc/3.2.0/hadoop-minikdc-3.2.0.jar:/home/user/.m2/repository/commons-io/commons-io/2.5/commons-io-2.5.jar:/home/user/.m2/repository/org/apache/kerby/kerb-simplekdc/1.0.1/kerb-simplekdc-1.0.1.jar:/home/user/.m2/repository/org/apache/kerby/kerb-client/1.0.1/kerb-client-1.0.1.jar:/home/user/.m2/repository/org/apache/kerby/kerby-config/1.0.1/kerby-config-1.0.1.jar:/home/user/.m2/repository/org/apache/kerby/kerb-core/1.0.1/kerb-core-1.0.1.jar:/home/user/.m2/repository/org/apache/kerby/kerby-pkix/1.0.1/kerby-pkix-1.0.1.jar:/home/user/.m2/repository/org/apache/kerby/kerby-asn1/1.0.1/kerby-asn1-1.0.1.jar:/home/user/.m2/repository/org/apache/kerby/kerby-util/1.0.1/kerby-util-1.0.1.jar:/home/user/.m2/repository/org/apache/kerby/kerb-common/1.0.1/kerb-common-1.0.1.jar:/home/user/.m2/repository/org/apache/kerby/kerb-crypto/1.0.1/kerb-crypto-1.0.1.jar:/home/user/.m2/repository/org/apache/kerby/kerb-util/1.0.1/kerb-util-1.0.1.jar:/home/user/.m2/repository/org/apache/kerby/token-provider/1.0.1/token-provider-1.0.1.jar:/home/user/.m2/repository/org/apache/kerby/kerb-admin/1.0.1/kerb-admin-1.0.1.jar:/home/user/.m2/repository/org/apache/kerby/kerb-server/1.0.1/kerb-server-1.0.1.jar:/home/user/.m2/repository/org/apache/kerby/kerb-identity/1.0.1/kerb-identity-1.0.1.jar:/home/user/.m2/repository/org/apache/kerby/kerby-xdr/1.0.1/kerby-xdr-1.0.1.jar:/home/user/.m2/repository/org/slf4j/slf4j-log4j12/1.7.25/slf4j-log4j12-1.7.25.jar:/home/user/.m2/repository/org/apache/hadoop/hadoop-ozone-objectstore-service/0.5.0-SNAPSHOT/hadoop-ozone-objectstore-service-0.5.0-SNAPSHOT.jar:/home/user/.m2/repository/org/apache/hadoop/hadoop-ozone-s3gateway/0.5.0-SNAPSHOT/hadoop-ozone-s3gateway-0.5.0-SNAPSHOT.jar:/home/user/.m2/repository/org/jboss/weld/servlet/weld-servlet/2.4.7.Final/weld-servlet-2.4.7.Final.jar:/home/user/.m2/repository/org/glassfish/jersey/containers/jersey-container-servlet-core/2.27/jersey-container-servlet-core-2.27.jar:/home/user/.m2/repository/org/glassfish/hk2/external/javax.inject/2.5.0-b42/javax.inject-2.5.0-b42.jar:/home/user/.m2/repository/org/glassfish/jersey/core/jersey-common/2.27/jersey-common-2.27.jar:/home/user/.m2/repository/org/glassfish/hk2/osgi-resource-locator/1.0.1/osgi-resource-locator-1.0.1.jar:/home/user/.m2/repository/javax/ws/rs/javax.ws.rs-api/2.1/javax.ws.rs-api-2.1.jar:/home/user/.m2/repository/org/glassfish/jersey/ext/cdi/jersey-cdi1x/2.27/jersey-cdi1x-2.27.jar:/home/user/.m2/repository/org/glassfish/jersey/inject/jersey-hk2/2.27/jersey-hk2-2.27.jar:/home/user/.m2/repository/org/glassfish/hk2/hk2-locator/2.5.0-b42/hk2-locator-2.5.0-b42.jar:/home/user/.m2/repository/org/javassist/javassist/3.22.0-CR2/javassist-3.22.0-CR2.jar:/home/user/.m2/repository/org/glassfish/hk2/hk2-api/2.5.0/hk2-api-2.5.0.jar:/home/user/.m2/repository/org/glassfish/hk2/external/jakarta.inject/2.5.0/jakarta.inject-2.5.0.jar:/home/user/.m2/repository/org/glassfish/hk2/hk2-utils/2.5.0/hk2-utils-2.5.0.jar:/home/user/.m2/repository/jakarta/annotation/jakarta.annotation-api/1.3.4/jakarta.annotation-api-1.3.4.jar:/home/user/.m2/repository/org/glassfish/hk2/external/aopalliance-repackaged/2.5.0/aopalliance-repackaged-2.5.0.jar:/home/user/.m2/repository/com/fasterxml/jackson/dataformat/jackson-dataformat-xml/2.9.0/jackson-dataformat-xml-2.9.0.jar:/home/user/.m2/repository/com/fasterxml/jackson/core/jackson-core/2.9.5/jackson-core-2.9.5.jar:/home/user/.m2/repository/com/fasterxml/jackson/module/jackson-module-jaxb-annotations/2.9.5/jackson-module-jaxb-annotations-2.9.5.jar:/home/user/.m2/repository/javax/enterprise/cdi-api/1.2/cdi-api-1.2.jar:/home/user/.m2/repository/javax/el/javax.el-api/3.0.0/javax.el-api-3.0.0.jar:/home/user/.m2/repository/javax/interceptor/javax.interceptor-api/1.2/javax.interceptor-api-1.2.jar:/home/user/.m2/repository/javax/inject/javax.inject/1/javax.inject-1.jar:/home/user/.m2/repository/com/sun/xml/bind/jaxb-impl/2.3.0.1/jaxb-impl-2.3.0.1.jar:/home/user/.m2/repository/com/sun/xml/bind/jaxb-core/2.3.0.1/jaxb-core-2.3.0.1.jar:/home/user/.m2/repository/javax/xml/bind/jaxb-api/2.3.0/jaxb-api-2.3.0.jar:/home/user/.m2/repository/javax/activation/activation/1.1.1/activation-1.1.1.jar:/home/user/.m2/repository/org/apache/hadoop/hadoop-ozone-csi/0.5.0-SNAPSHOT/hadoop-ozone-csi-0.5.0-SNAPSHOT.jar:/home/user/.m2/repository/com/google/protobuf/protobuf-java-util/3.5.1/protobuf-java-util-3.5.1.jar:/home/user/.m2/repository/org/apache/hadoop/hadoop-hdds-config/0.5.0-SNAPSHOT/hadoop-hdds-config-0.5.0-SNAPSHOT.jar:/home/user/.m2/repository/io/grpc/grpc-netty/1.17.1/grpc-netty-1.17.1.jar:/home/user/.m2/repository/io/grpc/grpc-core/1.17.1/grpc-core-1.17.1.jar:/home/user/.m2/repository/io/grpc/grpc-context/1.17.1/grpc-context-1.17.1.jar:/home/user/.m2/repository/com/google/errorprone/error_prone_annotations/2.2.0/error_prone_annotations-2.2.0.jar:/home/user/.m2/repository/org/codehaus/mojo/animal-sniffer-annotations/1.17/animal-sniffer-annotations-1.17.jar:/home/user/.m2/repository/io/opencensus/opencensus-api/0.17.0/opencensus-api-0.17.0.jar:/home/user/.m2/repository/io/opencensus/opencensus-contrib-grpc-metrics/0.17.0/opencensus-contrib-grpc-metrics-0.17.0.jar:/home/user/.m2/repository/io/netty/netty-codec-http2/4.1.30.Final/netty-codec-http2-4.1.30.Final.jar:/home/user/.m2/repository/io/netty/netty-codec-http/4.1.30.Final/netty-codec-http-4.1.30.Final.jar:/home/user/.m2/repository/io/netty/netty-codec/4.1.30.Final/netty-codec-4.1.30.Final.jar:/home/user/.m2/repository/io/netty/netty-handler/4.1.30.Final/netty-handler-4.1.30.Final.jar:/home/user/.m2/repository/io/netty/netty-handler-proxy/4.1.30.Final/netty-handler-proxy-4.1.30.Final.jar:/home/user/.m2/repository/io/netty/netty-codec-socks/4.1.30.Final/netty-codec-socks-4.1.30.Final.jar:/home/user/.m2/repository/io/netty/netty-transport-native-epoll/4.1.30.Final/netty-transport-native-epoll-4.1.30.Final.jar:/home/user/.m2/repository/io/netty/netty-common/4.1.30.Final/netty-common-4.1.30.Final.jar:/home/user/.m2/repository/io/netty/netty-buffer/4.1.30.Final/netty-buffer-4.1.30.Final.jar:/home/user/.m2/repository/io/netty/netty-transport/4.1.30.Final/netty-transport-4.1.30.Final.jar:/home/user/.m2/repository/io/netty/netty-resolver/4.1.30.Final/netty-resolver-4.1.30.Final.jar:/home/user/.m2/repository/io/netty/netty-transport-native-unix-common/4.1.30.Final/netty-transport-native-unix-common-4.1.30.Final.jar:/home/user/.m2/repository/io/grpc/grpc-protobuf/1.17.1/grpc-protobuf-1.17.1.jar:/home/user/.m2/repository/com/google/api/grpc/proto-google-common-protos/1.0.0/proto-google-common-protos-1.0.0.jar:/home/user/.m2/repository/io/grpc/grpc-protobuf-lite/1.17.1/grpc-protobuf-lite-1.17.1.jar:/home/user/.m2/repository/io/grpc/grpc-stub/1.17.1/grpc-stub-1.17.1.jar:/home/user/.m2/repository/org/apache/hadoop/hadoop-ozone-recon/0.5.0-SNAPSHOT/hadoop-ozone-recon-0.5.0-SNAPSHOT.jar:/home/user/.m2/repository/org/apache/hadoop/hadoop-ozone-reconcodegen/0.5.0-SNAPSHOT/hadoop-ozone-reconcodegen-0.5.0-SNAPSHOT.jar:/home/user/.m2/repository/com/google/inject/extensions/guice-multibindings/4.0/guice-multibindings-4.0.jar:/home/user/.m2/repository/com/google/inject/guice/4.0/guice-4.0.jar:/home/user/.m2/repository/aopalliance/aopalliance/1.0/aopalliance-1.0.jar:/home/user/.m2/repository/com/google/inject/extensions/guice-servlet/4.0/guice-servlet-4.0.jar:/home/user/.m2/repository/org/glassfish/jersey/containers/jersey-container-servlet/2.27/jersey-container-servlet-2.27.jar:/home/user/.m2/repository/org/glassfish/hk2/guice-bridge/2.5.0/guice-bridge-2.5.0.jar:/home/user/.m2/repository/org/glassfish/jersey/core/jersey-server/2.27/jersey-server-2.27.jar:/home/user/.m2/repository/org/glassfish/jersey/core/jersey-client/2.27/jersey-client-2.27.jar:/home/user/.m2/repository/org/glassfish/jersey/media/jersey-media-jaxb/2.27/jersey-media-jaxb-2.27.jar:/home/user/.m2/repository/javax/validation/validation-api/1.1.0.Final/validation-api-1.1.0.Final.jar:/home/user/.m2/repository/org/glassfish/jersey/media/jersey-media-json-jackson/2.27/jersey-media-json-jackson-2.27.jar:/home/user/.m2/repository/org/glassfish/jersey/ext/jersey-entity-filtering/2.27/jersey-entity-filtering-2.27.jar:/home/user/.m2/repository/com/google/inject/extensions/guice-assistedinject/4.0/guice-assistedinject-4.0.jar:/home/user/.m2/repository/org/jooq/jooq/3.11.10/jooq-3.11.10.jar:/home/user/.m2/repository/org/jooq/jooq-meta/3.11.10/jooq-meta-3.11.10.jar:/home/user/.m2/repository/org/jooq/jooq-codegen/3.11.10/jooq-codegen-3.11.10.jar:/home/user/.m2/repository/com/jolbox/bonecp/0.8.0.RELEASE/bonecp-0.8.0.RELEASE.jar:/home/user/.m2/repository/org/xerial/sqlite-jdbc/3.25.2/sqlite-jdbc-3.25.2.jar:/home/user/.m2/repository/org/springframework/spring-jdbc/5.1.3.RELEASE/spring-jdbc-5.1.3.RELEASE.jar:/home/user/.m2/repository/org/springframework/spring-beans/5.1.3.RELEASE/spring-beans-5.1.3.RELEASE.jar:/home/user/.m2/repository/org/springframework/spring-core/5.1.3.RELEASE/spring-core-5.1.3.RELEASE.jar:/home/user/.m2/repository/org/springframework/spring-jcl/5.1.3.RELEASE/spring-jcl-5.1.3.RELEASE.jar:/home/user/.m2/repository/org/springframework/spring-tx/5.1.3.RELEASE/spring-tx-5.1.3.RELEASE.jar:/home/user/.m2/repository/org/apache/hadoop/hadoop-ozone-client/0.5.0-SNAPSHOT/hadoop-ozone-client-0.5.0-SNAPSHOT.jar:/home/user/.m2/repository/commons-lang/commons-lang/2.6/commons-lang-2.6.jar:/home/user/.m2/repository/org/apache/hadoop/hadoop-ozone-ozone-manager/0.5.0-SNAPSHOT/hadoop-ozone-ozone-manager-0.5.0-SNAPSHOT-tests.jar:/home/user/.m2/repository/junit/junit/4.11/junit-4.11.jar:/home/user/.m2/repository/org/hamcrest/hamcrest-core/1.3/hamcrest-core-1.3.jar:/home/user/.m2/repository/org/openjdk/jmh/jmh-core/1.19/jmh-core-1.19.jar:/home/user/.m2/repository/net/sf/jopt-simple/jopt-simple/4.6/jopt-simple-4.6.jar:/home/user/.m2/repository/org/apache/commons/commons-math3/3.1.1/commons-math3-3.1.1.jar:/home/user/.m2/repository/org/openjdk/jmh/jmh-generator-annprocess/1.19/jmh-generator-annprocess-1.19.jar:/home/user/.m2/repository/org/mockito/mockito-all/1.8.5/mockito-all-1.8.5.jar:/home/user/.m2/repository/org/apache/hadoop/hadoop-kms/3.2.0/hadoop-kms-3.2.0.jar:/home/user/.m2/repository/org/apache/hadoop/hadoop-auth/3.2.0/hadoop-auth-3.2.0.jar:/home/user/.m2/repository/com/nimbusds/nimbus-jose-jwt/4.41.1/nimbus-jose-jwt-4.41.1.jar:/home/user/.m2/repository/com/github/stephenc/jcip/jcip-annotations/1.0-1/jcip-annotations-1.0-1.jar:/home/user/.m2/repository/net/minidev/json-smart/2.3/json-smart-2.3.jar:/home/user/.m2/repository/net/minidev/accessors-smart/1.2/accessors-smart-1.2.jar:/home/user/.m2/repository/org/ow2/asm/asm/5.0.4/asm-5.0.4.jar:/home/user/.m2/repository/org/apache/curator/curator-framework/2.12.0/curator-framework-2.12.0.jar:/home/user/.m2/repository/com/sun/jersey/jersey-core/1.19/jersey-core-1.19.jar:/home/user/.m2/repository/javax/ws/rs/jsr311-api/1.1.1/jsr311-api-1.1.1.jar:/home/user/.m2/repository/com/sun/jersey/jersey-server/1.19/jersey-server-1.19.jar:/home/user/.m2/repository/javax/servlet/javax.servlet-api/3.1.0/javax.servlet-api-3.1.0.jar:/home/user/.m2/repository/org/eclipse/jetty/jetty-server/9.3.24.v20180605/jetty-server-9.3.24.v20180605.jar:/home/user/.m2/repository/org/eclipse/jetty/jetty-http/9.3.24.v20180605/jetty-http-9.3.24.v20180605.jar:/home/user/.m2/repository/org/eclipse/jetty/jetty-io/9.3.24.v20180605/jetty-io-9.3.24.v20180605.jar:/home/user/.m2/repository/org/eclipse/jetty/jetty-webapp/9.3.24.v20180605/jetty-webapp-9.3.24.v20180605.jar:/home/user/.m2/repository/org/eclipse/jetty/jetty-xml/9.3.24.v20180605/jetty-xml-9.3.24.v20180605.jar:/home/user/.m2/repository/log4j/log4j/1.2.17/log4j-1.2.17.jar:/home/user/.m2/repository/org/slf4j/slf4j-api/1.7.25/slf4j-api-1.7.25.jar:/home/user/.m2/repository/org/slf4j/jul-to-slf4j/1.7.25/jul-to-slf4j-1.7.25.jar:/home/user/.m2/repository/org/eclipse/jetty/jetty-util/9.3.24.v20180605/jetty-util-9.3.24.v20180605.jar:/home/user/.m2/repository/com/fasterxml/jackson/core/jackson-databind/2.9.5/jackson-databind-2.9.5.jar:/home/user/.m2/repository/org/apache/hadoop/hadoop-kms/3.2.0/hadoop-kms-3.2.0-tests.jar:/home/user/.m2/repository/org/apache/hadoop/hadoop-hdds-server-scm/0.5.0-SNAPSHOT/hadoop-hdds-server-scm-0.5.0-SNAPSHOT-tests.jar:/home/user/.m2/repository/org/apache/hadoop/hadoop-hdds-container-service/0.5.0-SNAPSHOT/hadoop-hdds-container-service-0.5.0-SNAPSHOT-tests.jar:/home/user/.m2/repository/org/yaml/snakeyaml/1.16/snakeyaml-1.16.jar:/home/user/.m2/repository/org/apache/hadoop/hadoop-common/3.2.0/hadoop-common-3.2.0-tests.jar:/home/user/.m2/repository/org/apache/hadoop/hadoop-annotations/3.2.0/hadoop-annotations-3.2.0.jar:/usr/lib/jvm/java-1.8-openjdk/jre/../lib/tools.jar:/home/user/.m2/repository/commons-cli/commons-cli/1.2/commons-cli-1.2.jar:/home/user/.m2/repository/org/apache/httpcomponents/httpclient/4.5.2/httpclient-4.5.2.jar:/home/user/.m2/repository/org/apache/httpcomponents/httpcore/4.4.4/httpcore-4.4.4.jar:/home/user/.m2/repository/commons-codec/commons-codec/1.11/commons-codec-1.11.jar:/home/user/.m2/repository/commons-net/commons-net/3.6/commons-net-3.6.jar:/home/user/.m2/repository/commons-collections/commons-collections/3.2.2/commons-collections-3.2.2.jar:/home/user/.m2/repository/org/eclipse/jetty/jetty-servlet/9.3.24.v20180605/jetty-servlet-9.3.24.v20180605.jar:/home/user/.m2/repository/org/eclipse/jetty/jetty-security/9.3.24.v20180605/jetty-security-9.3.24.v20180605.jar:/home/user/.m2/repository/javax/servlet/jsp/jsp-api/2.1/jsp-api-2.1.jar:/home/user/.m2/repository/com/sun/jersey/jersey-servlet/1.19/jersey-servlet-1.19.jar:/home/user/.m2/repository/com/sun/jersey/jersey-json/1.19/jersey-json-1.19.jar:/home/user/.m2/repository/org/codehaus/jettison/jettison/1.1/jettison-1.1.jar:/home/user/.m2/repository/org/codehaus/jackson/jackson-core-asl/1.9.13/jackson-core-asl-1.9.13.jar:/home/user/.m2/repository/org/codehaus/jackson/jackson-mapper-asl/1.9.13/jackson-mapper-asl-1.9.13.jar:/home/user/.m2/repository/org/codehaus/jackson/jackson-jaxrs/1.9.13/jackson-jaxrs-1.9.13.jar:/home/user/.m2/repository/org/codehaus/jackson/jackson-xc/1.9.13/jackson-xc-1.9.13.jar:/home/user/.m2/repository/commons-logging/commons-logging/1.1.3/commons-logging-1.1.3.jar:/home/user/.m2/repository/commons-beanutils/commons-beanutils/1.9.3/commons-beanutils-1.9.3.jar:/home/user/.m2/repository/org/apache/commons/commons-configuration2/2.1.1/commons-configuration2-2.1.1.jar:/home/user/.m2/repository/org/apache/commons/commons-lang3/3.7/commons-lang3-3.7.jar:/home/user/.m2/repository/org/apache/commons/commons-text/1.4/commons-text-1.4.jar:/home/user/.m2/repository/org/apache/avro/avro/1.7.7/avro-1.7.7.jar:/home/user/.m2/repository/com/thoughtworks/paranamer/paranamer/2.3/paranamer-2.3.jar:/home/user/.m2/repository/org/xerial/snappy/snappy-java/1.0.5/snappy-java-1.0.5.jar:/home/user/.m2/repository/com/google/re2j/re2j/1.1/re2j-1.1.jar:/home/user/.m2/repository/com/google/code/gson/gson/2.2.4/gson-2.2.4.jar:/home/user/.m2/repository/com/jcraft/jsch/0.1.54/jsch-0.1.54.jar:/home/user/.m2/repository/org/apache/curator/curator-client/2.12.0/curator-client-2.12.0.jar:/home/user/.m2/repository/org/apache/curator/curator-recipes/2.12.0/curator-recipes-2.12.0.jar:/home/user/.m2/repository/com/google/code/findbugs/jsr305/3.0.0/jsr305-3.0.0.jar:/home/user/.m2/repository/org/apache/htrace/htrace-core4/4.1.0-incubating/htrace-core4-4.1.0-incubating.jar:/home/user/.m2/repository/org/apache/zookeeper/zookeeper/3.4.13/zookeeper-3.4.13.jar:/home/user/.m2/repository/org/apache/yetus/audience-annotations/0.5.0/audience-annotations-0.5.0.jar:/home/user/.m2/repository/org/codehaus/woodstox/stax2-api/3.1.4/stax2-api-3.1.4.jar:/home/user/.m2/repository/com/fasterxml/woodstox/woodstox-core/5.0.3/woodstox-core-5.0.3.jar:/home/user/.m2/repository/dnsjava/dnsjava/2.1.7/dnsjava-2.1.7.jar:/home/user/.m2/repository/org/apache/hadoop/hadoop-hdfs/3.2.0/hadoop-hdfs-3.2.0-tests.jar:/home/user/.m2/repository/org/eclipse/jetty/jetty-util-ajax/9.3.24.v20180605/jetty-util-ajax-9.3.24.v20180605.jar:/home/user/.m2/repository/commons-daemon/commons-daemon/1.0.13/commons-daemon-1.0.13.jar:/home/user/.m2/repository/io/netty/netty/3.10.5.Final/netty-3.10.5.Final.jar:/home/user/.m2/repository/io/netty/netty-all/4.0.52.Final/netty-all-4.0.52.Final.jar:/home/user/.m2/repository/org/fusesource/leveldbjni/leveldbjni-all/1.8/leveldbjni-all-1.8.jar:"/>
    <property name="sun.cpu.endian" value="little"/>
    <property name="user.home" value="/home/user"/>
    <property name="user.language" value="en"/>
    <property name="java.specification.vendor" value="Oracle Corporation"/>
    <property name="java.home" value="/usr/lib/jvm/java-1.8-openjdk/jre"/>
    <property name="java.security.krb5.conf" value="/workdir/hadoop-ozone/integration-test/target/test-classes/krb5.conf"/>
    <property name="basedir" value="/workdir/hadoop-ozone/integration-test"/>
    <property name="file.separator" value="/"/>
    <property name="line.separator" value="&#10;"/>
    <property name="java.vm.specification.vendor" value="Oracle Corporation"/>
    <property name="java.specification.name" value="Java Platform API Specification"/>
    <property name="java.awt.graphicsenv" value="sun.awt.X11GraphicsEnvironment"/>
    <property name="surefire.real.class.path" value="/workdir/hadoop-ozone/integration-test/target/surefire/surefirebooter9196461126445504118.jar"/>
    <property name="hadoop.log.dir" value="/workdir/hadoop-ozone/integration-test/target/log"/>
    <property name="sun.boot.class.path" value="/usr/lib/jvm/java-1.8-openjdk/jre/lib/resources.jar:/usr/lib/jvm/java-1.8-openjdk/jre/lib/rt.jar:/usr/lib/jvm/java-1.8-openjdk/jre/lib/sunrsasign.jar:/usr/lib/jvm/java-1.8-openjdk/jre/lib/jsse.jar:/usr/lib/jvm/java-1.8-openjdk/jre/lib/jce.jar:/usr/lib/jvm/java-1.8-openjdk/jre/lib/charsets.jar:/usr/lib/jvm/java-1.8-openjdk/jre/lib/jfr.jar:/usr/lib/jvm/java-1.8-openjdk/jre/classes"/>
    <property name="sun.management.compiler" value="HotSpot 64-Bit Tiered Compilers"/>
    <property name="java.runtime.version" value="1.8.0_212-b04"/>
    <property name="java.net.preferIPv4Stack" value="true"/>
    <property name="user.name" value="jenkins1000"/>
    <property name="path.separator" value=":"/>
    <property name="java.security.egd" value="file:///dev/urandom"/>
    <property name="os.version" value="3.10.0-957.12.2.el7.x86_64"/>
    <property name="java.endorsed.dirs" value="/usr/lib/jvm/java-1.8-openjdk/jre/lib/endorsed"/>
    <property name="java.runtime.name" value="OpenJDK Runtime Environment"/>
    <property name="file.encoding" value="UTF-8"/>
    <property name="java.vm.name" value="OpenJDK 64-Bit Server VM"/>
    <property name="test.build.webapps" value=""/>
    <property name="localRepository" value="/home/user/.m2/repository"/>
    <property name="java.vendor.url.bug" value="https://icedtea.classpath.org/bugzilla"/>
    <property name="java.io.tmpdir" value="/tmp"/>
    <property name="require.test.libhadoop" value=""/>
    <property name="java.version" value="1.8.0_212"/>
    <property name="user.dir" value="/workdir/hadoop-ozone/integration-test"/>
    <property name="os.arch" value="amd64"/>
    <property name="java.vm.specification.name" value="Java Virtual Machine Specification"/>
    <property name="test.build.classes" value="/workdir/hadoop-ozone/integration-test/target/test-classes"/>
    <property name="java.awt.printerjob" value="sun.print.PSPrinterJob"/>
    <property name="sun.os.patch.level" value="unknown"/>
    <property name="hadoop.tmp.dir" value="/workdir/hadoop-ozone/integration-test/target/tmp"/>
    <property name="java.library.path" value="/usr/lib/jvm/java-1.8-openjdk/jre/lib/amd64/server:/usr/lib/jvm/java-1.8-openjdk/jre/lib/amd64:/usr/lib/jvm/java-1.8-openjdk/jre/../lib/amd64:/workdir/hadoop-ozone/integration-test/target/native/target/usr/local/lib:/workdir/hadoop-ozone/integration-test/../../hadoop-common-project/hadoop-common/target/native/target/usr/local/lib:/usr/java/packages/lib/amd64:/usr/lib64:/lib64:/lib:/usr/lib"/>
    <property name="java.vm.info" value="mixed mode"/>
    <property name="java.vendor" value="IcedTea"/>
    <property name="java.vm.version" value="25.212-b04"/>
    <property name="java.ext.dirs" value="/usr/lib/jvm/java-1.8-openjdk/jre/lib/ext:/usr/java/packages/lib/ext"/>
    <property name="sun.io.unicode.encoding" value="UnicodeLittle"/>
    <property name="java.class.version" value="52.0"/>
  </properties>
  <testcase name="testWatchForCommitWithKeyWrite" classname="org.apache.hadoop.ozone.client.rpc.TestWatchForCommit" time="77.853"/>
  <testcase name="testWatchForCommitWithSmallerTimeoutValue" classname="org.apache.hadoop.ozone.client.rpc.TestWatchForCommit" time="45.639"/>
  <testcase name="testWatchForCommitForRetryfailure" classname="org.apache.hadoop.ozone.client.rpc.TestWatchForCommit" time="72.954"/>
  <testcase name="testWatchForCommitForGroupMismatchException" classname="org.apache.hadoop.ozone.client.rpc.TestWatchForCommit" time="40.361"/>
  <testcase name="test2WayCommitForTimeoutException" classname="org.apache.hadoop.ozone.client.rpc.TestWatchForCommit" time="32.609">
    <error message="org.apache.ratis.protocol.RaftRetryFailureException: Failed RaftClientRequest:client-D2ED04262E5E-&gt;2f180d65-4c25-42b6-a7d0-065130742e7a@group-25CB5C4EC9B3, cid=103, seq=2*, RW, org.apache.hadoop.hdds.scm.XceiverClientRatis$$Lambda$570/1844240889@3a010d42 for 20 attempts with RetryLimited(maxAttempts=20, sleepTime=1000ms)" type="java.util.concurrent.ExecutionException">java.util.concurrent.ExecutionException: org.apache.ratis.protocol.RaftRetryFailureException: Failed RaftClientRequest:client-D2ED04262E5E->2f180d65-4c25-42b6-a7d0-065130742e7a@group-25CB5C4EC9B3, cid=103, seq=2*, RW, org.apache.hadoop.hdds.scm.XceiverClientRatis$$Lambda$570/1844240889@3a010d42 for 20 attempts with RetryLimited(maxAttempts=20, sleepTime=1000ms)
	at java.util.concurrent.CompletableFuture.reportGet(CompletableFuture.java:357)
	at java.util.concurrent.CompletableFuture.get(CompletableFuture.java:1895)
	at org.apache.hadoop.ozone.client.rpc.TestWatchForCommit.test2WayCommitForTimeoutException(TestWatchForCommit.java:390)
	at sun.reflect.NativeMethodAccessorImpl.invoke0(Native Method)
	at sun.reflect.NativeMethodAccessorImpl.invoke(NativeMethodAccessorImpl.java:62)
	at sun.reflect.DelegatingMethodAccessorImpl.invoke(DelegatingMethodAccessorImpl.java:43)
	at java.lang.reflect.Method.invoke(Method.java:498)
	at org.junit.runners.model.FrameworkMethod$1.runReflectiveCall(FrameworkMethod.java:47)
	at org.junit.internal.runners.model.ReflectiveCallable.run(ReflectiveCallable.java:12)
	at org.junit.runners.model.FrameworkMethod.invokeExplosively(FrameworkMethod.java:44)
	at org.junit.internal.runners.statements.InvokeMethod.evaluate(InvokeMethod.java:17)
	at org.junit.runners.ParentRunner.runLeaf(ParentRunner.java:271)
	at org.junit.runners.BlockJUnit4ClassRunner.runChild(BlockJUnit4ClassRunner.java:70)
	at org.junit.runners.BlockJUnit4ClassRunner.runChild(BlockJUnit4ClassRunner.java:50)
	at org.junit.runners.ParentRunner$3.run(ParentRunner.java:238)
	at org.junit.runners.ParentRunner$1.schedule(ParentRunner.java:63)
	at org.junit.runners.ParentRunner.runChildren(ParentRunner.java:236)
	at org.junit.runners.ParentRunner.access$000(ParentRunner.java:53)
	at org.junit.runners.ParentRunner$2.evaluate(ParentRunner.java:229)
	at org.junit.runners.ParentRunner.run(ParentRunner.java:309)
	at org.apache.maven.surefire.junit4.JUnit4Provider.execute(JUnit4Provider.java:365)
	at org.apache.maven.surefire.junit4.JUnit4Provider.executeWithRerun(JUnit4Provider.java:273)
	at org.apache.maven.surefire.junit4.JUnit4Provider.executeTestSet(JUnit4Provider.java:238)
	at org.apache.maven.surefire.junit4.JUnit4Provider.invoke(JUnit4Provider.java:159)
	at org.apache.maven.surefire.booter.ForkedBooter.invokeProviderInSameClassLoader(ForkedBooter.java:384)
	at org.apache.maven.surefire.booter.ForkedBooter.runSuitesInProcess(ForkedBooter.java:345)
	at org.apache.maven.surefire.booter.ForkedBooter.execute(ForkedBooter.java:126)
	at org.apache.maven.surefire.booter.ForkedBooter.main(ForkedBooter.java:418)
Caused by: org.apache.ratis.protocol.RaftRetryFailureException: Failed RaftClientRequest:client-D2ED04262E5E->2f180d65-4c25-42b6-a7d0-065130742e7a@group-25CB5C4EC9B3, cid=103, seq=2*, RW, org.apache.hadoop.hdds.scm.XceiverClientRatis$$Lambda$570/1844240889@3a010d42 for 20 attempts with RetryLimited(maxAttempts=20, sleepTime=1000ms)
	at org.apache.ratis.client.impl.RaftClientImpl.noMoreRetries(RaftClientImpl.java:272)
	at org.apache.ratis.client.impl.OrderedAsync.handleAsyncRetryFailure(OrderedAsync.java:138)
	at org.apache.ratis.client.impl.OrderedAsync.lambda$sendRequest$10(OrderedAsync.java:230)
	at java.util.concurrent.CompletableFuture.uniExceptionally(CompletableFuture.java:870)
	at java.util.concurrent.CompletableFuture$UniExceptionally.tryFire(CompletableFuture.java:852)
	at java.util.concurrent.CompletableFuture.postComplete(CompletableFuture.java:474)
	at java.util.concurrent.CompletableFuture.completeExceptionally(CompletableFuture.java:1977)
	at org.apache.ratis.grpc.client.GrpcClientProtocolClient$AsyncStreamObservers.completeReplyExceptionally(GrpcClientProtocolClient.java:330)
	at org.apache.ratis.grpc.client.GrpcClientProtocolClient$AsyncStreamObservers.access$000(GrpcClientProtocolClient.java:246)
	at org.apache.ratis.grpc.client.GrpcClientProtocolClient$AsyncStreamObservers$1.onError(GrpcClientProtocolClient.java:275)
	at org.apache.ratis.thirdparty.io.grpc.stub.ClientCalls$StreamObserverToCallListenerAdapter.onClose(ClientCalls.java:434)
	at org.apache.ratis.thirdparty.io.grpc.PartialForwardingClientCallListener.onClose(PartialForwardingClientCallListener.java:39)
	at org.apache.ratis.thirdparty.io.grpc.ForwardingClientCallListener.onClose(ForwardingClientCallListener.java:23)
	at org.apache.ratis.thirdparty.io.grpc.ForwardingClientCallListener$SimpleForwardingClientCallListener.onClose(ForwardingClientCallListener.java:40)
	at org.apache.ratis.thirdparty.io.grpc.internal.CensusStatsModule$StatsClientInterceptor$1$1.onClose(CensusStatsModule.java:678)
	at org.apache.ratis.thirdparty.io.grpc.PartialForwardingClientCallListener.onClose(PartialForwardingClientCallListener.java:39)
	at org.apache.ratis.thirdparty.io.grpc.ForwardingClientCallListener.onClose(ForwardingClientCallListener.java:23)
	at org.apache.ratis.thirdparty.io.grpc.ForwardingClientCallListener$SimpleForwardingClientCallListener.onClose(ForwardingClientCallListener.java:40)
	at org.apache.ratis.thirdparty.io.grpc.internal.CensusTracingModule$TracingClientInterceptor$1$1.onClose(CensusTracingModule.java:397)
	at org.apache.ratis.thirdparty.io.grpc.internal.ClientCallImpl.closeObserver(ClientCallImpl.java:459)
	at org.apache.ratis.thirdparty.io.grpc.internal.ClientCallImpl.access$300(ClientCallImpl.java:63)
	at org.apache.ratis.thirdparty.io.grpc.internal.ClientCallImpl$ClientStreamListenerImpl.close(ClientCallImpl.java:546)
	at org.apache.ratis.thirdparty.io.grpc.internal.ClientCallImpl$ClientStreamListenerImpl.access$600(ClientCallImpl.java:467)
	at org.apache.ratis.thirdparty.io.grpc.internal.ClientCallImpl$ClientStreamListenerImpl$1StreamClosed.runInContext(ClientCallImpl.java:584)
	at org.apache.ratis.thirdparty.io.grpc.internal.ContextRunnable.run(ContextRunnable.java:37)
	at org.apache.ratis.thirdparty.io.grpc.internal.SerializingExecutor.run(SerializingExecutor.java:123)
	at java.util.concurrent.ThreadPoolExecutor.runWorker(ThreadPoolExecutor.java:1149)
	at java.util.concurrent.ThreadPoolExecutor$Worker.run(ThreadPoolExecutor.java:624)
	at java.lang.Thread.run(Thread.java:748)
Caused by: java.io.IOException: org.apache.ratis.thirdparty.io.grpc.StatusRuntimeException: UNAVAILABLE: io exception
	at org.apache.ratis.grpc.GrpcUtil.unwrapException(GrpcUtil.java:76)
	at org.apache.ratis.grpc.GrpcUtil.unwrapIOException(GrpcUtil.java:128)
	at org.apache.ratis.grpc.client.GrpcClientProtocolClient$AsyncStreamObservers$1.onError(GrpcClientProtocolClient.java:274)
	... 19 more
Caused by: org.apache.ratis.thirdparty.io.grpc.StatusRuntimeException: UNAVAILABLE: io exception
	at org.apache.ratis.thirdparty.io.grpc.Status.asRuntimeException(Status.java:526)
	... 19 more
Caused by: org.apache.ratis.thirdparty.io.netty.channel.AbstractChannel$AnnotatedConnectException: Connection refused: /192.168.34.50:36459
	at sun.nio.ch.SocketChannelImpl.checkConnect(Native Method)
	at sun.nio.ch.SocketChannelImpl.finishConnect(SocketChannelImpl.java:717)
	at org.apache.ratis.thirdparty.io.netty.channel.socket.nio.NioSocketChannel.doFinishConnect(NioSocketChannel.java:327)
	at org.apache.ratis.thirdparty.io.netty.channel.nio.AbstractNioChannel$AbstractNioUnsafe.finishConnect(AbstractNioChannel.java:340)
	at org.apache.ratis.thirdparty.io.netty.channel.nio.NioEventLoop.processSelectedKey(NioEventLoop.java:632)
	at org.apache.ratis.thirdparty.io.netty.channel.nio.NioEventLoop.processSelectedKeysOptimized(NioEventLoop.java:579)
	at org.apache.ratis.thirdparty.io.netty.channel.nio.NioEventLoop.processSelectedKeys(NioEventLoop.java:496)
	at org.apache.ratis.thirdparty.io.netty.channel.nio.NioEventLoop.run(NioEventLoop.java:458)
	at org.apache.ratis.thirdparty.io.netty.util.concurrent.SingleThreadEventExecutor$5.run(SingleThreadEventExecutor.java:897)
	at org.apache.ratis.thirdparty.io.netty.util.concurrent.FastThreadLocalRunnable.run(FastThreadLocalRunnable.java:30)
	... 1 more
Caused by: java.net.ConnectException: Connection refused
	... 11 more
</error>
    <system-out><![CDATA[2019-09-19 04:23:12,076 [main] WARN  server.ServerUtils (ServerUtils.java:getScmDbDir(145)) - ozone.scm.db.dirs is not configured. We recommend adding this setting. Falling back to ozone.metadata.dirs instead.
2019-09-19 04:23:12,103 [main] WARN  server.ServerUtils (ServerUtils.java:getScmDbDir(145)) - ozone.scm.db.dirs is not configured. We recommend adding this setting. Falling back to ozone.metadata.dirs instead.
2019-09-19 04:23:12,103 [main] WARN  server.ServerUtils (ServerUtils.java:getScmDbDir(145)) - ozone.scm.db.dirs is not configured. We recommend adding this setting. Falling back to ozone.metadata.dirs instead.
2019-09-19 04:23:12,104 [main] INFO  db.DBStoreBuilder (DBStoreBuilder.java:addTable(110)) - using custom profile for table: deletedBlocks
2019-09-19 04:23:12,104 [main] INFO  db.DBStoreBuilder (DBStoreBuilder.java:processTables(161)) - Using default column profile:DBProfile.DISK for Table:deletedBlocks
2019-09-19 04:23:12,104 [main] INFO  db.DBStoreBuilder (DBStoreBuilder.java:addTable(110)) - using custom profile for table: validCerts
2019-09-19 04:23:12,104 [main] INFO  db.DBStoreBuilder (DBStoreBuilder.java:processTables(161)) - Using default column profile:DBProfile.DISK for Table:validCerts
2019-09-19 04:23:12,104 [main] INFO  db.DBStoreBuilder (DBStoreBuilder.java:addTable(110)) - using custom profile for table: revokedCerts
2019-09-19 04:23:12,105 [main] INFO  db.DBStoreBuilder (DBStoreBuilder.java:processTables(161)) - Using default column profile:DBProfile.DISK for Table:revokedCerts
2019-09-19 04:23:12,105 [main] INFO  db.DBStoreBuilder (DBStoreBuilder.java:addTable(110)) - using custom profile for table: default
2019-09-19 04:23:12,105 [main] INFO  db.DBStoreBuilder (DBStoreBuilder.java:processTables(167)) - Using default column profile:DBProfile.DISK for Table:default
2019-09-19 04:23:12,105 [main] INFO  db.DBStoreBuilder (DBStoreBuilder.java:getDbProfile(198)) - Using default options. DBProfile.DISK
2019-09-19 04:23:12,249 [main] INFO  net.NodeSchemaLoader (NodeSchemaLoader.java:loadSchemaFromFile(125)) - Loading file from sun.misc.CompoundEnumeration@2719139f
2019-09-19 04:23:12,249 [main] INFO  net.NodeSchemaLoader (NodeSchemaLoader.java:loadSchema(171)) - Loading network topology layer schema file
2019-09-19 04:23:12,254 [main] WARN  server.ServerUtils (ServerUtils.java:sanitizeUserArgs(70)) - ozone.scm.stale.node.interval value = 300000 is larger than max = 100000 based on the key value of ozone.scm.heartbeat.thread.interval, reset to the max value 100000.
2019-09-19 04:23:12,255 [main] WARN  server.ServerUtils (ServerUtils.java:sanitizeUserArgs(70)) - ozone.scm.stale.node.interval value = 300000 is larger than max = 100000 based on the key value of ozone.scm.heartbeat.thread.interval, reset to the max value 100000.
2019-09-19 04:23:12,255 [main] INFO  node.SCMNodeManager (SCMNodeManager.java:<init>(121)) - Entering startup safe mode.
2019-09-19 04:23:12,256 [main] INFO  algorithms.ContainerPlacementPolicyFactory (ContainerPlacementPolicyFactory.java:getPolicy(56)) - Create container placement policy of type org.apache.hadoop.hdds.scm.container.placement.algorithms.SCMContainerPlacementRandom
2019-09-19 04:23:12,256 [main] WARN  server.ServerUtils (ServerUtils.java:getScmDbDir(145)) - ozone.scm.db.dirs is not configured. We recommend adding this setting. Falling back to ozone.metadata.dirs instead.
2019-09-19 04:23:12,305 [main] INFO  pipeline.SCMPipelineManager (SCMPipelineManager.java:initializePipelineState(145)) - No pipeline exists in current db
2019-09-19 04:23:12,306 [main] WARN  server.ServerUtils (ServerUtils.java:getScmDbDir(145)) - ozone.scm.db.dirs is not configured. We recommend adding this setting. Falling back to ozone.metadata.dirs instead.
2019-09-19 04:23:12,343 [main] INFO  safemode.HealthyPipelineSafeModeRule (HealthyPipelineSafeModeRule.java:<init>(87)) -  Total pipeline count is 0, healthy pipeline threshold count is 1
2019-09-19 04:23:12,344 [main] INFO  safemode.OneReplicaPipelineSafeModeRule (OneReplicaPipelineSafeModeRule.java:<init>(75)) - Total pipeline count is 0, pipeline's with at least one datanode reported threshold count is 0
2019-09-19 04:23:12,344 [main] WARN  events.EventQueue (EventQueue.java:fireEvent(175)) - No event handler registered for event TypedEvent{payloadType=SafeModeStatus, name='SafeModeStatus'}
2019-09-19 04:23:12,345 [main] INFO  ipc.CallQueueManager (CallQueueManager.java:<init>(84)) - Using callQueue: class java.util.concurrent.LinkedBlockingQueue, queueCapacity: 2000, scheduler: class org.apache.hadoop.ipc.DefaultRpcScheduler, ipcBackoff: false.
2019-09-19 04:23:12,347 [Socket Reader #1 for port 44608] INFO  ipc.Server (Server.java:run(1074)) - Starting Socket Reader #1 for port 44608
2019-09-19 04:23:12,349 [main] INFO  ipc.CallQueueManager (CallQueueManager.java:<init>(84)) - Using callQueue: class java.util.concurrent.LinkedBlockingQueue, queueCapacity: 2000, scheduler: class org.apache.hadoop.ipc.DefaultRpcScheduler, ipcBackoff: false.
2019-09-19 04:23:12,350 [Socket Reader #1 for port 43141] INFO  ipc.Server (Server.java:run(1074)) - Starting Socket Reader #1 for port 43141
2019-09-19 04:23:12,352 [main] INFO  ipc.CallQueueManager (CallQueueManager.java:<init>(84)) - Using callQueue: class java.util.concurrent.LinkedBlockingQueue, queueCapacity: 2000, scheduler: class org.apache.hadoop.ipc.DefaultRpcScheduler, ipcBackoff: false.
2019-09-19 04:23:12,353 [Socket Reader #1 for port 40833] INFO  ipc.Server (Server.java:run(1074)) - Starting Socket Reader #1 for port 40833
2019-09-19 04:23:12,357 [main] INFO  hdfs.DFSUtil (DFSUtil.java:httpServerTemplateForNNAndJN(1641)) - Starting Web-server for scm at: http://0.0.0.0:0
2019-09-19 04:23:12,359 [main] INFO  server.AuthenticationFilter (AuthenticationFilter.java:constructSecretProvider(240)) - Unable to initialize FileSignerSecretProvider, falling back to use random secrets.
2019-09-19 04:23:12,360 [main] WARN  http.HttpRequestLog (HttpRequestLog.java:getRequestLog(97)) - Jetty request log can only be enabled using Log4j
2019-09-19 04:23:12,363 [main] INFO  http.HttpServer2 (HttpServer2.java:addGlobalFilter(975)) - Added global filter 'safety' (class=org.apache.hadoop.http.HttpServer2$QuotingInputFilter)
2019-09-19 04:23:12,364 [main] INFO  http.HttpServer2 (HttpServer2.java:addFilter(948)) - Added filter static_user_filter (class=org.apache.hadoop.http.lib.StaticUserWebFilter$StaticUserFilter) to context scm
2019-09-19 04:23:12,364 [main] INFO  http.HttpServer2 (HttpServer2.java:addFilter(958)) - Added filter static_user_filter (class=org.apache.hadoop.http.lib.StaticUserWebFilter$StaticUserFilter) to context logs
2019-09-19 04:23:12,364 [main] INFO  http.HttpServer2 (HttpServer2.java:addFilter(958)) - Added filter static_user_filter (class=org.apache.hadoop.http.lib.StaticUserWebFilter$StaticUserFilter) to context static
2019-09-19 04:23:12,367 [main] INFO  server.StorageContainerManager (StorageContainerManager.java:start(761)) - StorageContainerLocationProtocol RPC server is listening at /0.0.0.0:40833
2019-09-19 04:23:12,370 [main] WARN  impl.MetricsConfig (MetricsConfig.java:loadFirst(134)) - Cannot locate configuration: tried hadoop-metrics2-storagecontainermanager.properties,hadoop-metrics2.properties
2019-09-19 04:23:12,371 [main] INFO  impl.MetricsSystemImpl (MetricsSystemImpl.java:startTimer(374)) - Scheduled Metric snapshot period at 10 second(s).
2019-09-19 04:23:12,371 [main] INFO  impl.MetricsSystemImpl (MetricsSystemImpl.java:start(191)) - StorageContainerManager metrics system started
2019-09-19 04:23:12,482 [main] INFO  server.SCMClientProtocolServer (SCMClientProtocolServer.java:start(151)) - RPC server for Client  is listening at /0.0.0.0:40833
2019-09-19 04:23:12,482 [IPC Server Responder] INFO  ipc.Server (Server.java:run(1314)) - IPC Server Responder: starting
2019-09-19 04:23:12,483 [IPC Server listener on 40833] INFO  ipc.Server (Server.java:run(1153)) - IPC Server listener on 40833: starting
2019-09-19 04:23:12,487 [main] INFO  server.StorageContainerManager (StorageContainerManager.java:start(771)) - ScmBlockLocationProtocol RPC server is listening at /0.0.0.0:43141
2019-09-19 04:23:12,487 [main] INFO  server.SCMBlockProtocolServer (SCMBlockProtocolServer.java:start(140)) - RPC server for Block Protocol is listening at /0.0.0.0:43141
2019-09-19 04:23:12,487 [IPC Server Responder] INFO  ipc.Server (Server.java:run(1314)) - IPC Server Responder: starting
2019-09-19 04:23:12,487 [IPC Server listener on 43141] INFO  ipc.Server (Server.java:run(1153)) - IPC Server listener on 43141: starting
2019-09-19 04:23:12,493 [main] INFO  server.StorageContainerManager (StorageContainerManager.java:start(775)) - ScmDatanodeProtocl RPC server is listening at /0.0.0.0:44608
2019-09-19 04:23:12,493 [main] INFO  server.SCMDatanodeProtocolServer (SCMDatanodeProtocolServer.java:start(199)) - RPC server for DataNodes is listening at /0.0.0.0:44608
2019-09-19 04:23:12,493 [IPC Server Responder] INFO  ipc.Server (Server.java:run(1314)) - IPC Server Responder: starting
2019-09-19 04:23:12,494 [IPC Server listener on 44608] INFO  ipc.Server (Server.java:run(1153)) - IPC Server listener on 44608: starting
2019-09-19 04:23:12,497 [main] INFO  http.HttpServer2 (HttpServer2.java:bindListener(1191)) - Jetty bound to port 41534
2019-09-19 04:23:12,497 [main] INFO  server.Server (Server.java:doStart(351)) - jetty-9.3.24.v20180605, build timestamp: 2018-06-05T17:11:56Z, git hash: 84205aa28f11a4f31f2a3b86d1bba2cc8ab69827
2019-09-19 04:23:12,499 [main] INFO  handler.ContextHandler (ContextHandler.java:doStart(781)) - Started o.e.j.s.ServletContextHandler@30d3f583{/logs,file:///workdir/hadoop-ozone/integration-test/target/log,AVAILABLE}
2019-09-19 04:23:12,500 [main] INFO  handler.ContextHandler (ContextHandler.java:doStart(781)) - Started o.e.j.s.ServletContextHandler@73b034ca{/static,file:///workdir/hadoop-ozone/integration-test/target/test-classes/webapps/static,AVAILABLE}
2019-09-19 04:23:12,505 [main] INFO  handler.ContextHandler (ContextHandler.java:doStart(781)) - Started o.e.j.w.WebAppContext@c2ddfeb{/,file:///workdir/hadoop-ozone/integration-test/target/test-classes/webapps/scm/,AVAILABLE}{/scm}
2019-09-19 04:23:12,506 [main] INFO  server.AbstractConnector (AbstractConnector.java:doStart(278)) - Started ServerConnector@12921ee1{HTTP/1.1,[http/1.1]}{0.0.0.0:41534}
2019-09-19 04:23:12,507 [main] INFO  server.Server (Server.java:doStart(419)) - Started @237684ms
2019-09-19 04:23:12,509 [main] INFO  server.BaseHttpServer (BaseHttpServer.java:updateConnectorAddress(213)) - HTTP server of SCM is listening at http://0.0.0.0:41534
2019-09-19 04:23:12,510 [main] WARN  server.ServerUtils (ServerUtils.java:getDBPath(222)) - ozone.om.db.dirs is not configured. We recommend adding this setting. Falling back to ozone.metadata.dirs instead.
2019-09-19 04:23:12,511 [org.apache.hadoop.util.JvmPauseMonitor$Monitor@29390110] INFO  util.JvmPauseMonitor (JvmPauseMonitor.java:run(188)) - Starting JVM pause monitor
2019-09-19 04:23:12,536 [main] WARN  server.ServerUtils (ServerUtils.java:getDBPath(222)) - ozone.om.db.dirs is not configured. We recommend adding this setting. Falling back to ozone.metadata.dirs instead.
2019-09-19 04:23:12,537 [main] WARN  server.ServerUtils (ServerUtils.java:getDBPath(222)) - ozone.om.db.dirs is not configured. We recommend adding this setting. Falling back to ozone.metadata.dirs instead.
2019-09-19 04:23:12,537 [main] INFO  om.OzoneManager (OzoneManager.java:setOMNodeDetails(645)) - OM Service ID is not set. Setting it to the default ID: omServiceIdDefault
2019-09-19 04:23:12,537 [main] INFO  om.OzoneManager (OzoneManager.java:setOMNodeDetails(651)) - OM Node ID is not set. Setting it to the OmStorage's OmID: 4571f0ab-1a96-49be-8c29-6beb4f26b8e2
2019-09-19 04:23:12,538 [main] INFO  om.OzoneManager (OzoneManager.java:loadOMHAConfigs(602)) - Found matching OM address with OMServiceId: null, OMNodeId: null, RPC Address: localhost:0 and Ratis port: 9872
2019-09-19 04:23:12,551 | INFO  | SCMAudit | user=jenkins1000 | ip=192.168.34.50 | op=GET_SCM_INFO null | ret=SUCCESS |  
2019-09-19 04:23:12,555 [main] WARN  server.ServerUtils (ServerUtils.java:getDBPath(222)) - ozone.om.db.dirs is not configured. We recommend adding this setting. Falling back to ozone.metadata.dirs instead.
2019-09-19 04:23:12,556 [main] INFO  db.DBStoreBuilder (DBStoreBuilder.java:addTable(110)) - using custom profile for table: userTable
2019-09-19 04:23:12,556 [main] INFO  db.DBStoreBuilder (DBStoreBuilder.java:processTables(161)) - Using default column profile:DBProfile.DISK for Table:userTable
2019-09-19 04:23:12,556 [main] INFO  db.DBStoreBuilder (DBStoreBuilder.java:addTable(110)) - using custom profile for table: volumeTable
2019-09-19 04:23:12,556 [main] INFO  db.DBStoreBuilder (DBStoreBuilder.java:processTables(161)) - Using default column profile:DBProfile.DISK for Table:volumeTable
2019-09-19 04:23:12,557 [main] INFO  db.DBStoreBuilder (DBStoreBuilder.java:addTable(110)) - using custom profile for table: bucketTable
2019-09-19 04:23:12,557 [main] INFO  db.DBStoreBuilder (DBStoreBuilder.java:processTables(161)) - Using default column profile:DBProfile.DISK for Table:bucketTable
2019-09-19 04:23:12,557 [main] INFO  db.DBStoreBuilder (DBStoreBuilder.java:addTable(110)) - using custom profile for table: keyTable
2019-09-19 04:23:12,557 [main] INFO  db.DBStoreBuilder (DBStoreBuilder.java:processTables(161)) - Using default column profile:DBProfile.DISK for Table:keyTable
2019-09-19 04:23:12,558 [main] INFO  db.DBStoreBuilder (DBStoreBuilder.java:addTable(110)) - using custom profile for table: deletedTable
2019-09-19 04:23:12,558 [main] INFO  db.DBStoreBuilder (DBStoreBuilder.java:processTables(161)) - Using default column profile:DBProfile.DISK for Table:deletedTable
2019-09-19 04:23:12,558 [main] INFO  db.DBStoreBuilder (DBStoreBuilder.java:addTable(110)) - using custom profile for table: openKeyTable
2019-09-19 04:23:12,558 [main] INFO  db.DBStoreBuilder (DBStoreBuilder.java:processTables(161)) - Using default column profile:DBProfile.DISK for Table:openKeyTable
2019-09-19 04:23:12,559 [main] INFO  db.DBStoreBuilder (DBStoreBuilder.java:addTable(110)) - using custom profile for table: s3Table
2019-09-19 04:23:12,559 [main] INFO  db.DBStoreBuilder (DBStoreBuilder.java:processTables(161)) - Using default column profile:DBProfile.DISK for Table:s3Table
2019-09-19 04:23:12,559 [main] INFO  db.DBStoreBuilder (DBStoreBuilder.java:addTable(110)) - using custom profile for table: multipartInfoTable
2019-09-19 04:23:12,560 [main] INFO  db.DBStoreBuilder (DBStoreBuilder.java:processTables(161)) - Using default column profile:DBProfile.DISK for Table:multipartInfoTable
2019-09-19 04:23:12,560 [main] INFO  db.DBStoreBuilder (DBStoreBuilder.java:addTable(110)) - using custom profile for table: dTokenTable
2019-09-19 04:23:12,560 [main] INFO  db.DBStoreBuilder (DBStoreBuilder.java:processTables(161)) - Using default column profile:DBProfile.DISK for Table:dTokenTable
2019-09-19 04:23:12,560 [main] INFO  db.DBStoreBuilder (DBStoreBuilder.java:addTable(110)) - using custom profile for table: s3SecretTable
2019-09-19 04:23:12,561 [main] INFO  db.DBStoreBuilder (DBStoreBuilder.java:processTables(161)) - Using default column profile:DBProfile.DISK for Table:s3SecretTable
2019-09-19 04:23:12,561 [main] INFO  db.DBStoreBuilder (DBStoreBuilder.java:addTable(110)) - using custom profile for table: prefixTable
2019-09-19 04:23:12,561 [main] INFO  db.DBStoreBuilder (DBStoreBuilder.java:processTables(161)) - Using default column profile:DBProfile.DISK for Table:prefixTable
2019-09-19 04:23:12,561 [main] INFO  db.DBStoreBuilder (DBStoreBuilder.java:addTable(110)) - using custom profile for table: default
2019-09-19 04:23:12,562 [main] INFO  db.DBStoreBuilder (DBStoreBuilder.java:processTables(167)) - Using default column profile:DBProfile.DISK for Table:default
2019-09-19 04:23:12,562 [main] INFO  db.DBStoreBuilder (DBStoreBuilder.java:getDbProfile(198)) - Using default options. DBProfile.DISK
2019-09-19 04:23:13,058 [main] INFO  ipc.CallQueueManager (CallQueueManager.java:<init>(84)) - Using callQueue: class java.util.concurrent.LinkedBlockingQueue, queueCapacity: 2000, scheduler: class org.apache.hadoop.ipc.DefaultRpcScheduler, ipcBackoff: false.
2019-09-19 04:23:13,062 [Socket Reader #1 for port 38654] INFO  ipc.Server (Server.java:run(1074)) - Starting Socket Reader #1 for port 38654
2019-09-19 04:23:13,077 [main] INFO  om.OzoneManager (OzoneManager.java:start(1256)) - OzoneManager RPC server is listening at localhost/127.0.0.1:38654
2019-09-19 04:23:13,077 [main] INFO  impl.MetricsSystemImpl (MetricsSystemImpl.java:init(158)) - OzoneManager metrics system started (again)
2019-09-19 04:23:13,080 [IPC Server Responder] INFO  ipc.Server (Server.java:run(1314)) - IPC Server Responder: starting
2019-09-19 04:23:13,080 [IPC Server listener on 38654] INFO  ipc.Server (Server.java:run(1153)) - IPC Server listener on 38654: starting
2019-09-19 04:23:13,085 [main] INFO  hdfs.DFSUtil (DFSUtil.java:httpServerTemplateForNNAndJN(1641)) - Starting Web-server for ozoneManager at: http://0.0.0.0:0
2019-09-19 04:23:13,087 [main] INFO  server.AuthenticationFilter (AuthenticationFilter.java:constructSecretProvider(240)) - Unable to initialize FileSignerSecretProvider, falling back to use random secrets.
2019-09-19 04:23:13,087 [main] WARN  http.HttpRequestLog (HttpRequestLog.java:getRequestLog(97)) - Jetty request log can only be enabled using Log4j
2019-09-19 04:23:13,089 [main] INFO  http.HttpServer2 (HttpServer2.java:addGlobalFilter(975)) - Added global filter 'safety' (class=org.apache.hadoop.http.HttpServer2$QuotingInputFilter)
2019-09-19 04:23:13,090 [main] INFO  http.HttpServer2 (HttpServer2.java:addFilter(948)) - Added filter static_user_filter (class=org.apache.hadoop.http.lib.StaticUserWebFilter$StaticUserFilter) to context ozoneManager
2019-09-19 04:23:13,090 [main] INFO  http.HttpServer2 (HttpServer2.java:addFilter(958)) - Added filter static_user_filter (class=org.apache.hadoop.http.lib.StaticUserWebFilter$StaticUserFilter) to context logs
2019-09-19 04:23:13,090 [main] INFO  http.HttpServer2 (HttpServer2.java:addFilter(958)) - Added filter static_user_filter (class=org.apache.hadoop.http.lib.StaticUserWebFilter$StaticUserFilter) to context static
2019-09-19 04:23:13,091 [main] INFO  http.HttpServer2 (HttpServer2.java:bindListener(1191)) - Jetty bound to port 35961
2019-09-19 04:23:13,091 [main] INFO  server.Server (Server.java:doStart(351)) - jetty-9.3.24.v20180605, build timestamp: 2018-06-05T17:11:56Z, git hash: 84205aa28f11a4f31f2a3b86d1bba2cc8ab69827
2019-09-19 04:23:13,092 [main] INFO  handler.ContextHandler (ContextHandler.java:doStart(781)) - Started o.e.j.s.ServletContextHandler@38aed8ad{/logs,file:///workdir/hadoop-ozone/integration-test/target/log,AVAILABLE}
2019-09-19 04:23:13,093 [main] INFO  handler.ContextHandler (ContextHandler.java:doStart(781)) - Started o.e.j.s.ServletContextHandler@50f5ce5b{/static,file:///workdir/hadoop-ozone/integration-test/target/test-classes/webapps/static,AVAILABLE}
2019-09-19 04:23:13,097 [main] INFO  handler.ContextHandler (ContextHandler.java:doStart(781)) - Started o.e.j.w.WebAppContext@64e680c5{/,file:///workdir/hadoop-ozone/integration-test/target/test-classes/webapps/ozoneManager/,AVAILABLE}{/ozoneManager}
2019-09-19 04:23:13,097 [main] INFO  server.AbstractConnector (AbstractConnector.java:doStart(278)) - Started ServerConnector@1dcf5f38{HTTP/1.1,[http/1.1]}{0.0.0.0:35961}
2019-09-19 04:23:13,099 [main] INFO  server.Server (Server.java:doStart(419)) - Started @238276ms
2019-09-19 04:23:13,099 [main] INFO  server.BaseHttpServer (BaseHttpServer.java:updateConnectorAddress(213)) - HTTP server of OZONEMANAGER is listening at http://0.0.0.0:35961
2019-09-19 04:23:13,111 [main] INFO  impl.MetricsSystemImpl (MetricsSystemImpl.java:init(158)) - HddsDatanode metrics system started (again)
2019-09-19 04:23:13,113 [main] INFO  ozone.HddsDatanodeService (HddsDatanodeService.java:start(184)) - HddsDatanodeService host:pr-hdds-2034-srnhl-2452957315 ip:192.168.34.50
2019-09-19 04:23:13,121 [main] INFO  volume.HddsVolume (HddsVolume.java:<init>(176)) - Creating Volume: /workdir/hadoop-ozone/integration-test/target/test-dir/MiniOzoneClusterImpl-e123b5d3-93ec-41f3-af3c-77b483f7a668/datanode-0/data/containers/hdds of  storage type : DISK and capacity : 1482555576320
2019-09-19 04:23:13,121 [main] INFO  volume.VolumeSet (VolumeSet.java:initializeVolumeSet(170)) - Added Volume : /workdir/hadoop-ozone/integration-test/target/test-dir/MiniOzoneClusterImpl-e123b5d3-93ec-41f3-af3c-77b483f7a668/datanode-0/data/containers/hdds to VolumeSet
2019-09-19 04:23:13,122 [main] INFO  volume.ThrottledAsyncChecker (ThrottledAsyncChecker.java:schedule(140)) - Scheduling a check for org.apache.hadoop.ozone.container.common.volume.HddsVolume@6a486afb
2019-09-19 04:23:13,122 [main] INFO  volume.HddsVolumeChecker (HddsVolumeChecker.java:checkAllVolumes(203)) - Scheduled health check for volume org.apache.hadoop.ozone.container.common.volume.HddsVolume@6a486afb
2019-09-19 04:23:13,135 [main] INFO  impl.RaftServerProxy (ConfUtils.java:logGet(43)) - raft.rpc.type = GRPC (default)
2019-09-19 04:23:13,135 [main] INFO  grpc.GrpcFactory (GrpcFactory.java:checkPooledByteBufAllocatorUseCacheForAllThreads(45)) - PERFORMANCE WARNING: useCacheForAllThreads is true that may cause Netty to create a lot garbage objects and, as a result, trigger GC.
	It is recommended to disable useCacheForAllThreads by setting -Dorg.apache.ratis.thirdparty.io.netty.allocator.useCacheForAllThreads=false in command line.
2019-09-19 04:23:13,136 [main] INFO  grpc.GrpcConfigKeys$Server (ConfUtils.java:logGet(43)) - raft.grpc.server.port = 0 (default)
2019-09-19 04:23:13,136 [main] INFO  server.GrpcService (ConfUtils.java:logGet(43)) - raft.grpc.message.size.max = 33570816 (custom)
2019-09-19 04:23:13,136 [main] INFO  server.RaftServerConfigKeys (ConfUtils.java:logGet(43)) - raft.server.log.appender.buffer.byte-limit = 33554432 (custom)
2019-09-19 04:23:13,136 [main] INFO  server.GrpcService (ConfUtils.java:logGet(43)) - raft.grpc.flow.control.window = 1MB (=1048576) (default)
2019-09-19 04:23:13,136 [main] INFO  server.RaftServerConfigKeys (ConfUtils.java:logGet(43)) - raft.server.rpc.request.timeout = 3000ms (default)
2019-09-19 04:23:13,137 [main] INFO  server.RaftServerConfigKeys (ConfUtils.java:logGet(43)) - raft.server.storage.dir = [/workdir/hadoop-ozone/integration-test/target/test-dir/MiniOzoneClusterImpl-e123b5d3-93ec-41f3-af3c-77b483f7a668/datanode-0/data/ratis] (custom)
2019-09-19 04:23:13,137 [main] INFO  replication.SimpleContainerDownloader (SimpleContainerDownloader.java:<init>(72)) - Starting container downloader service to copy containers to replicate.
2019-09-19 04:23:13,138 [main] INFO  hdfs.DFSUtil (DFSUtil.java:httpServerTemplateForNNAndJN(1641)) - Starting Web-server for hddsDatanode at: http://0.0.0.0:0
2019-09-19 04:23:13,140 [main] INFO  server.AuthenticationFilter (AuthenticationFilter.java:constructSecretProvider(240)) - Unable to initialize FileSignerSecretProvider, falling back to use random secrets.
2019-09-19 04:23:13,140 [main] WARN  http.HttpRequestLog (HttpRequestLog.java:getRequestLog(97)) - Jetty request log can only be enabled using Log4j
2019-09-19 04:23:13,141 [main] INFO  http.HttpServer2 (HttpServer2.java:addGlobalFilter(975)) - Added global filter 'safety' (class=org.apache.hadoop.http.HttpServer2$QuotingInputFilter)
2019-09-19 04:23:13,142 [main] INFO  http.HttpServer2 (HttpServer2.java:addFilter(948)) - Added filter static_user_filter (class=org.apache.hadoop.http.lib.StaticUserWebFilter$StaticUserFilter) to context hddsDatanode
2019-09-19 04:23:13,142 [main] INFO  http.HttpServer2 (HttpServer2.java:addFilter(958)) - Added filter static_user_filter (class=org.apache.hadoop.http.lib.StaticUserWebFilter$StaticUserFilter) to context static
2019-09-19 04:23:13,142 [main] INFO  http.HttpServer2 (HttpServer2.java:addFilter(958)) - Added filter static_user_filter (class=org.apache.hadoop.http.lib.StaticUserWebFilter$StaticUserFilter) to context logs
2019-09-19 04:23:13,143 [main] INFO  http.HttpServer2 (HttpServer2.java:bindListener(1191)) - Jetty bound to port 40409
2019-09-19 04:23:13,143 [main] INFO  server.Server (Server.java:doStart(351)) - jetty-9.3.24.v20180605, build timestamp: 2018-06-05T17:11:56Z, git hash: 84205aa28f11a4f31f2a3b86d1bba2cc8ab69827
2019-09-19 04:23:13,144 [main] INFO  handler.ContextHandler (ContextHandler.java:doStart(781)) - Started o.e.j.s.ServletContextHandler@67c1fc9b{/logs,file:///workdir/hadoop-ozone/integration-test/target/log,AVAILABLE}
2019-09-19 04:23:13,145 [main] INFO  handler.ContextHandler (ContextHandler.java:doStart(781)) - Started o.e.j.s.ServletContextHandler@18a538a0{/static,jar:file:/home/user/.m2/repository/org/apache/hadoop/hadoop-hdds-container-service/0.5.0-SNAPSHOT/hadoop-hdds-container-service-0.5.0-SNAPSHOT.jar!/webapps/static,AVAILABLE}
2019-09-19 04:23:13,174 [main] INFO  handler.ContextHandler (ContextHandler.java:doStart(781)) - Started o.e.j.w.WebAppContext@1ead6e20{/,file:///tmp/jetty-0.0.0.0-40409-hddsDatanode-_-any-3615626266053474736.dir/webapp/,AVAILABLE}{/hddsDatanode}
2019-09-19 04:23:13,174 [main] INFO  server.AbstractConnector (AbstractConnector.java:doStart(278)) - Started ServerConnector@59f56892{HTTP/1.1,[http/1.1]}{0.0.0.0:40409}
2019-09-19 04:23:13,175 [main] INFO  server.Server (Server.java:doStart(419)) - Started @238352ms
2019-09-19 04:23:13,176 [main] INFO  server.BaseHttpServer (BaseHttpServer.java:updateConnectorAddress(213)) - HTTP server of HDDSDATANODE is listening at http://0.0.0.0:40409
2019-09-19 04:23:13,303 | INFO  | ObjectStoreRestHttpServer | Listening HDDS REST traffic on /0.0.0.0:40585 |  
2019-09-19 04:23:13,303 [main] INFO  ozone.HddsDatanodeService (HddsDatanodeService.java:startPlugins(395)) - Started plug-in org.apache.hadoop.ozone.web.OzoneHddsDatanodeService@45ea6c24
2019-09-19 04:23:13,304 [main] INFO  impl.MetricsSystemImpl (MetricsSystemImpl.java:init(158)) - HddsDatanode metrics system started (again)
2019-09-19 04:23:13,307 [main] INFO  ozone.HddsDatanodeService (HddsDatanodeService.java:start(184)) - HddsDatanodeService host:pr-hdds-2034-srnhl-2452957315 ip:192.168.34.50
2019-09-19 04:23:13,319 [org.apache.hadoop.util.JvmPauseMonitor$Monitor@2c227208] INFO  util.JvmPauseMonitor (JvmPauseMonitor.java:run(188)) - Starting JVM pause monitor
2019-09-19 04:23:13,321 [Datanode State Machine Thread - 0] INFO  datanode.InitDatanodeState (InitDatanodeState.java:persistContainerDatanodeDetails(140)) - DatanodeDetails is persisted to /workdir/hadoop-ozone/integration-test/target/test-dir/MiniOzoneClusterImpl-e123b5d3-93ec-41f3-af3c-77b483f7a668/datanode-0/meta/datanode.id
2019-09-19 04:23:13,329 [main] INFO  volume.HddsVolume (HddsVolume.java:<init>(176)) - Creating Volume: /workdir/hadoop-ozone/integration-test/target/test-dir/MiniOzoneClusterImpl-e123b5d3-93ec-41f3-af3c-77b483f7a668/datanode-1/data/containers/hdds of  storage type : DISK and capacity : 1482555576320
2019-09-19 04:23:13,330 [main] INFO  volume.VolumeSet (VolumeSet.java:initializeVolumeSet(170)) - Added Volume : /workdir/hadoop-ozone/integration-test/target/test-dir/MiniOzoneClusterImpl-e123b5d3-93ec-41f3-af3c-77b483f7a668/datanode-1/data/containers/hdds to VolumeSet
2019-09-19 04:23:13,330 [main] INFO  volume.ThrottledAsyncChecker (ThrottledAsyncChecker.java:schedule(140)) - Scheduling a check for org.apache.hadoop.ozone.container.common.volume.HddsVolume@72b4ecb2
2019-09-19 04:23:13,330 [main] INFO  volume.HddsVolumeChecker (HddsVolumeChecker.java:checkAllVolumes(203)) - Scheduled health check for volume org.apache.hadoop.ozone.container.common.volume.HddsVolume@72b4ecb2
2019-09-19 04:23:13,347 [main] INFO  impl.RaftServerProxy (ConfUtils.java:logGet(43)) - raft.rpc.type = GRPC (default)
2019-09-19 04:23:13,347 [main] INFO  grpc.GrpcFactory (GrpcFactory.java:checkPooledByteBufAllocatorUseCacheForAllThreads(45)) - PERFORMANCE WARNING: useCacheForAllThreads is true that may cause Netty to create a lot garbage objects and, as a result, trigger GC.
	It is recommended to disable useCacheForAllThreads by setting -Dorg.apache.ratis.thirdparty.io.netty.allocator.useCacheForAllThreads=false in command line.
2019-09-19 04:23:13,348 [main] INFO  grpc.GrpcConfigKeys$Server (ConfUtils.java:logGet(43)) - raft.grpc.server.port = 0 (default)
2019-09-19 04:23:13,348 [main] INFO  server.GrpcService (ConfUtils.java:logGet(43)) - raft.grpc.message.size.max = 33570816 (custom)
2019-09-19 04:23:13,348 [main] INFO  server.RaftServerConfigKeys (ConfUtils.java:logGet(43)) - raft.server.log.appender.buffer.byte-limit = 33554432 (custom)
2019-09-19 04:23:13,348 [main] INFO  server.GrpcService (ConfUtils.java:logGet(43)) - raft.grpc.flow.control.window = 1MB (=1048576) (default)
2019-09-19 04:23:13,349 [main] INFO  server.RaftServerConfigKeys (ConfUtils.java:logGet(43)) - raft.server.rpc.request.timeout = 3000ms (default)
2019-09-19 04:23:13,349 [main] INFO  server.RaftServerConfigKeys (ConfUtils.java:logGet(43)) - raft.server.storage.dir = [/workdir/hadoop-ozone/integration-test/target/test-dir/MiniOzoneClusterImpl-e123b5d3-93ec-41f3-af3c-77b483f7a668/datanode-1/data/ratis] (custom)
2019-09-19 04:23:13,350 [main] INFO  replication.SimpleContainerDownloader (SimpleContainerDownloader.java:<init>(72)) - Starting container downloader service to copy containers to replicate.
2019-09-19 04:23:13,351 [main] INFO  hdfs.DFSUtil (DFSUtil.java:httpServerTemplateForNNAndJN(1641)) - Starting Web-server for hddsDatanode at: http://0.0.0.0:0
2019-09-19 04:23:13,353 [main] INFO  server.AuthenticationFilter (AuthenticationFilter.java:constructSecretProvider(240)) - Unable to initialize FileSignerSecretProvider, falling back to use random secrets.
2019-09-19 04:23:13,354 [main] WARN  http.HttpRequestLog (HttpRequestLog.java:getRequestLog(97)) - Jetty request log can only be enabled using Log4j
2019-09-19 04:23:13,356 [main] INFO  http.HttpServer2 (HttpServer2.java:addGlobalFilter(975)) - Added global filter 'safety' (class=org.apache.hadoop.http.HttpServer2$QuotingInputFilter)
2019-09-19 04:23:13,357 [main] INFO  http.HttpServer2 (HttpServer2.java:addFilter(948)) - Added filter static_user_filter (class=org.apache.hadoop.http.lib.StaticUserWebFilter$StaticUserFilter) to context hddsDatanode
2019-09-19 04:23:13,357 [main] INFO  http.HttpServer2 (HttpServer2.java:addFilter(958)) - Added filter static_user_filter (class=org.apache.hadoop.http.lib.StaticUserWebFilter$StaticUserFilter) to context logs
2019-09-19 04:23:13,357 [main] INFO  http.HttpServer2 (HttpServer2.java:addFilter(958)) - Added filter static_user_filter (class=org.apache.hadoop.http.lib.StaticUserWebFilter$StaticUserFilter) to context static
2019-09-19 04:23:13,359 [main] INFO  http.HttpServer2 (HttpServer2.java:bindListener(1191)) - Jetty bound to port 42107
2019-09-19 04:23:13,359 [main] INFO  server.Server (Server.java:doStart(351)) - jetty-9.3.24.v20180605, build timestamp: 2018-06-05T17:11:56Z, git hash: 84205aa28f11a4f31f2a3b86d1bba2cc8ab69827
2019-09-19 04:23:13,361 [main] INFO  handler.ContextHandler (ContextHandler.java:doStart(781)) - Started o.e.j.s.ServletContextHandler@7d619bcb{/logs,file:///workdir/hadoop-ozone/integration-test/target/log,AVAILABLE}
2019-09-19 04:23:13,362 [main] INFO  handler.ContextHandler (ContextHandler.java:doStart(781)) - Started o.e.j.s.ServletContextHandler@75937998{/static,jar:file:/home/user/.m2/repository/org/apache/hadoop/hadoop-hdds-container-service/0.5.0-SNAPSHOT/hadoop-hdds-container-service-0.5.0-SNAPSHOT.jar!/webapps/static,AVAILABLE}
2019-09-19 04:23:13,408 [main] INFO  handler.ContextHandler (ContextHandler.java:doStart(781)) - Started o.e.j.w.WebAppContext@738ed8d3{/,file:///tmp/jetty-0.0.0.0-42107-hddsDatanode-_-any-5444698789260635793.dir/webapp/,AVAILABLE}{/hddsDatanode}
2019-09-19 04:23:13,408 [main] INFO  server.AbstractConnector (AbstractConnector.java:doStart(278)) - Started ServerConnector@328b2c2a{HTTP/1.1,[http/1.1]}{0.0.0.0:42107}
2019-09-19 04:23:13,409 [main] INFO  server.Server (Server.java:doStart(419)) - Started @238587ms
2019-09-19 04:23:13,410 [main] INFO  server.BaseHttpServer (BaseHttpServer.java:updateConnectorAddress(213)) - HTTP server of HDDSDATANODE is listening at http://0.0.0.0:42107
2019-09-19 04:23:13,520 | INFO  | ObjectStoreRestHttpServer | Listening HDDS REST traffic on /0.0.0.0:40177 |  
2019-09-19 04:23:13,520 [main] INFO  ozone.HddsDatanodeService (HddsDatanodeService.java:startPlugins(395)) - Started plug-in org.apache.hadoop.ozone.web.OzoneHddsDatanodeService@13ac1657
2019-09-19 04:23:13,521 [main] INFO  impl.MetricsSystemImpl (MetricsSystemImpl.java:init(158)) - HddsDatanode metrics system started (again)
2019-09-19 04:23:13,523 [org.apache.hadoop.util.JvmPauseMonitor$Monitor@556fbd52] INFO  util.JvmPauseMonitor (JvmPauseMonitor.java:run(188)) - Starting JVM pause monitor
2019-09-19 04:23:13,523 [main] INFO  ozone.HddsDatanodeService (HddsDatanodeService.java:start(184)) - HddsDatanodeService host:pr-hdds-2034-srnhl-2452957315 ip:192.168.34.50
2019-09-19 04:23:13,524 [Datanode State Machine Thread - 0] INFO  datanode.InitDatanodeState (InitDatanodeState.java:persistContainerDatanodeDetails(140)) - DatanodeDetails is persisted to /workdir/hadoop-ozone/integration-test/target/test-dir/MiniOzoneClusterImpl-e123b5d3-93ec-41f3-af3c-77b483f7a668/datanode-1/meta/datanode.id
2019-09-19 04:23:13,530 [main] INFO  volume.HddsVolume (HddsVolume.java:<init>(176)) - Creating Volume: /workdir/hadoop-ozone/integration-test/target/test-dir/MiniOzoneClusterImpl-e123b5d3-93ec-41f3-af3c-77b483f7a668/datanode-2/data/containers/hdds of  storage type : DISK and capacity : 1482555576320
2019-09-19 04:23:13,530 [main] INFO  volume.VolumeSet (VolumeSet.java:initializeVolumeSet(170)) - Added Volume : /workdir/hadoop-ozone/integration-test/target/test-dir/MiniOzoneClusterImpl-e123b5d3-93ec-41f3-af3c-77b483f7a668/datanode-2/data/containers/hdds to VolumeSet
2019-09-19 04:23:13,531 [main] INFO  volume.ThrottledAsyncChecker (ThrottledAsyncChecker.java:schedule(140)) - Scheduling a check for org.apache.hadoop.ozone.container.common.volume.HddsVolume@6108c962
2019-09-19 04:23:13,531 [main] INFO  volume.HddsVolumeChecker (HddsVolumeChecker.java:checkAllVolumes(203)) - Scheduled health check for volume org.apache.hadoop.ozone.container.common.volume.HddsVolume@6108c962
2019-09-19 04:23:13,543 [main] INFO  impl.RaftServerProxy (ConfUtils.java:logGet(43)) - raft.rpc.type = GRPC (default)
2019-09-19 04:23:13,543 [main] INFO  grpc.GrpcFactory (GrpcFactory.java:checkPooledByteBufAllocatorUseCacheForAllThreads(45)) - PERFORMANCE WARNING: useCacheForAllThreads is true that may cause Netty to create a lot garbage objects and, as a result, trigger GC.
	It is recommended to disable useCacheForAllThreads by setting -Dorg.apache.ratis.thirdparty.io.netty.allocator.useCacheForAllThreads=false in command line.
2019-09-19 04:23:13,543 [main] INFO  grpc.GrpcConfigKeys$Server (ConfUtils.java:logGet(43)) - raft.grpc.server.port = 0 (default)
2019-09-19 04:23:13,544 [main] INFO  server.GrpcService (ConfUtils.java:logGet(43)) - raft.grpc.message.size.max = 33570816 (custom)
2019-09-19 04:23:13,544 [main] INFO  server.RaftServerConfigKeys (ConfUtils.java:logGet(43)) - raft.server.log.appender.buffer.byte-limit = 33554432 (custom)
2019-09-19 04:23:13,544 [main] INFO  server.GrpcService (ConfUtils.java:logGet(43)) - raft.grpc.flow.control.window = 1MB (=1048576) (default)
2019-09-19 04:23:13,544 [main] INFO  server.RaftServerConfigKeys (ConfUtils.java:logGet(43)) - raft.server.rpc.request.timeout = 3000ms (default)
2019-09-19 04:23:13,544 [main] INFO  server.RaftServerConfigKeys (ConfUtils.java:logGet(43)) - raft.server.storage.dir = [/workdir/hadoop-ozone/integration-test/target/test-dir/MiniOzoneClusterImpl-e123b5d3-93ec-41f3-af3c-77b483f7a668/datanode-2/data/ratis] (custom)
2019-09-19 04:23:13,545 [main] INFO  replication.SimpleContainerDownloader (SimpleContainerDownloader.java:<init>(72)) - Starting container downloader service to copy containers to replicate.
2019-09-19 04:23:13,546 [main] INFO  hdfs.DFSUtil (DFSUtil.java:httpServerTemplateForNNAndJN(1641)) - Starting Web-server for hddsDatanode at: http://0.0.0.0:0
2019-09-19 04:23:13,547 [main] INFO  server.AuthenticationFilter (AuthenticationFilter.java:constructSecretProvider(240)) - Unable to initialize FileSignerSecretProvider, falling back to use random secrets.
2019-09-19 04:23:13,547 [main] WARN  http.HttpRequestLog (HttpRequestLog.java:getRequestLog(97)) - Jetty request log can only be enabled using Log4j
2019-09-19 04:23:13,548 [main] INFO  http.HttpServer2 (HttpServer2.java:addGlobalFilter(975)) - Added global filter 'safety' (class=org.apache.hadoop.http.HttpServer2$QuotingInputFilter)
2019-09-19 04:23:13,549 [main] INFO  http.HttpServer2 (HttpServer2.java:addFilter(948)) - Added filter static_user_filter (class=org.apache.hadoop.http.lib.StaticUserWebFilter$StaticUserFilter) to context hddsDatanode
2019-09-19 04:23:13,549 [main] INFO  http.HttpServer2 (HttpServer2.java:addFilter(958)) - Added filter static_user_filter (class=org.apache.hadoop.http.lib.StaticUserWebFilter$StaticUserFilter) to context logs
2019-09-19 04:23:13,549 [main] INFO  http.HttpServer2 (HttpServer2.java:addFilter(958)) - Added filter static_user_filter (class=org.apache.hadoop.http.lib.StaticUserWebFilter$StaticUserFilter) to context static
2019-09-19 04:23:13,550 [main] INFO  http.HttpServer2 (HttpServer2.java:bindListener(1191)) - Jetty bound to port 42859
2019-09-19 04:23:13,550 [main] INFO  server.Server (Server.java:doStart(351)) - jetty-9.3.24.v20180605, build timestamp: 2018-06-05T17:11:56Z, git hash: 84205aa28f11a4f31f2a3b86d1bba2cc8ab69827
2019-09-19 04:23:13,551 [main] INFO  handler.ContextHandler (ContextHandler.java:doStart(781)) - Started o.e.j.s.ServletContextHandler@2b3e2039{/logs,file:///workdir/hadoop-ozone/integration-test/target/log,AVAILABLE}
2019-09-19 04:23:13,552 [main] INFO  handler.ContextHandler (ContextHandler.java:doStart(781)) - Started o.e.j.s.ServletContextHandler@7ef570be{/static,jar:file:/home/user/.m2/repository/org/apache/hadoop/hadoop-hdds-container-service/0.5.0-SNAPSHOT/hadoop-hdds-container-service-0.5.0-SNAPSHOT.jar!/webapps/static,AVAILABLE}
2019-09-19 04:23:13,580 [main] INFO  handler.ContextHandler (ContextHandler.java:doStart(781)) - Started o.e.j.w.WebAppContext@31e1c7c{/,file:///tmp/jetty-0.0.0.0-42859-hddsDatanode-_-any-6707522322069261745.dir/webapp/,AVAILABLE}{/hddsDatanode}
2019-09-19 04:23:13,580 [main] INFO  server.AbstractConnector (AbstractConnector.java:doStart(278)) - Started ServerConnector@30ae3c46{HTTP/1.1,[http/1.1]}{0.0.0.0:42859}
2019-09-19 04:23:13,582 [main] INFO  server.Server (Server.java:doStart(419)) - Started @238759ms
2019-09-19 04:23:13,582 [main] INFO  server.BaseHttpServer (BaseHttpServer.java:updateConnectorAddress(213)) - HTTP server of HDDSDATANODE is listening at http://0.0.0.0:42859
2019-09-19 04:23:13,724 | INFO  | ObjectStoreRestHttpServer | Listening HDDS REST traffic on /0.0.0.0:43759 |  
2019-09-19 04:23:13,724 [main] INFO  ozone.HddsDatanodeService (HddsDatanodeService.java:startPlugins(395)) - Started plug-in org.apache.hadoop.ozone.web.OzoneHddsDatanodeService@1651bd68
2019-09-19 04:23:13,725 [main] INFO  impl.MetricsSystemImpl (MetricsSystemImpl.java:init(158)) - HddsDatanode metrics system started (again)
2019-09-19 04:23:13,728 [org.apache.hadoop.util.JvmPauseMonitor$Monitor@750aa9c9] INFO  util.JvmPauseMonitor (JvmPauseMonitor.java:run(188)) - Starting JVM pause monitor
2019-09-19 04:23:13,728 [main] INFO  ozone.HddsDatanodeService (HddsDatanodeService.java:start(184)) - HddsDatanodeService host:pr-hdds-2034-srnhl-2452957315 ip:192.168.34.50
2019-09-19 04:23:13,730 [Datanode State Machine Thread - 0] INFO  datanode.InitDatanodeState (InitDatanodeState.java:persistContainerDatanodeDetails(140)) - DatanodeDetails is persisted to /workdir/hadoop-ozone/integration-test/target/test-dir/MiniOzoneClusterImpl-e123b5d3-93ec-41f3-af3c-77b483f7a668/datanode-2/meta/datanode.id
2019-09-19 04:23:13,742 [main] INFO  volume.HddsVolume (HddsVolume.java:<init>(176)) - Creating Volume: /workdir/hadoop-ozone/integration-test/target/test-dir/MiniOzoneClusterImpl-e123b5d3-93ec-41f3-af3c-77b483f7a668/datanode-3/data/containers/hdds of  storage type : DISK and capacity : 1482555576320
2019-09-19 04:23:13,743 [main] INFO  volume.VolumeSet (VolumeSet.java:initializeVolumeSet(170)) - Added Volume : /workdir/hadoop-ozone/integration-test/target/test-dir/MiniOzoneClusterImpl-e123b5d3-93ec-41f3-af3c-77b483f7a668/datanode-3/data/containers/hdds to VolumeSet
2019-09-19 04:23:13,743 [main] INFO  volume.ThrottledAsyncChecker (ThrottledAsyncChecker.java:schedule(140)) - Scheduling a check for org.apache.hadoop.ozone.container.common.volume.HddsVolume@577b2c5f
2019-09-19 04:23:13,746 [main] INFO  volume.HddsVolumeChecker (HddsVolumeChecker.java:checkAllVolumes(203)) - Scheduled health check for volume org.apache.hadoop.ozone.container.common.volume.HddsVolume@577b2c5f
2019-09-19 04:23:13,763 [main] INFO  impl.RaftServerProxy (ConfUtils.java:logGet(43)) - raft.rpc.type = GRPC (default)
2019-09-19 04:23:13,763 [main] INFO  grpc.GrpcFactory (GrpcFactory.java:checkPooledByteBufAllocatorUseCacheForAllThreads(45)) - PERFORMANCE WARNING: useCacheForAllThreads is true that may cause Netty to create a lot garbage objects and, as a result, trigger GC.
	It is recommended to disable useCacheForAllThreads by setting -Dorg.apache.ratis.thirdparty.io.netty.allocator.useCacheForAllThreads=false in command line.
2019-09-19 04:23:13,764 [main] INFO  grpc.GrpcConfigKeys$Server (ConfUtils.java:logGet(43)) - raft.grpc.server.port = 0 (default)
2019-09-19 04:23:13,764 [main] INFO  server.GrpcService (ConfUtils.java:logGet(43)) - raft.grpc.message.size.max = 33570816 (custom)
2019-09-19 04:23:13,764 [main] INFO  server.RaftServerConfigKeys (ConfUtils.java:logGet(43)) - raft.server.log.appender.buffer.byte-limit = 33554432 (custom)
2019-09-19 04:23:13,764 [main] INFO  server.GrpcService (ConfUtils.java:logGet(43)) - raft.grpc.flow.control.window = 1MB (=1048576) (default)
2019-09-19 04:23:13,765 [main] INFO  server.RaftServerConfigKeys (ConfUtils.java:logGet(43)) - raft.server.rpc.request.timeout = 3000ms (default)
2019-09-19 04:23:13,765 [main] INFO  server.RaftServerConfigKeys (ConfUtils.java:logGet(43)) - raft.server.storage.dir = [/workdir/hadoop-ozone/integration-test/target/test-dir/MiniOzoneClusterImpl-e123b5d3-93ec-41f3-af3c-77b483f7a668/datanode-3/data/ratis] (custom)
2019-09-19 04:23:13,766 [main] INFO  replication.SimpleContainerDownloader (SimpleContainerDownloader.java:<init>(72)) - Starting container downloader service to copy containers to replicate.
2019-09-19 04:23:13,767 [main] INFO  hdfs.DFSUtil (DFSUtil.java:httpServerTemplateForNNAndJN(1641)) - Starting Web-server for hddsDatanode at: http://0.0.0.0:0
2019-09-19 04:23:13,769 [main] INFO  server.AuthenticationFilter (AuthenticationFilter.java:constructSecretProvider(240)) - Unable to initialize FileSignerSecretProvider, falling back to use random secrets.
2019-09-19 04:23:13,770 [main] WARN  http.HttpRequestLog (HttpRequestLog.java:getRequestLog(97)) - Jetty request log can only be enabled using Log4j
2019-09-19 04:23:13,772 [main] INFO  http.HttpServer2 (HttpServer2.java:addGlobalFilter(975)) - Added global filter 'safety' (class=org.apache.hadoop.http.HttpServer2$QuotingInputFilter)
2019-09-19 04:23:13,773 [main] INFO  http.HttpServer2 (HttpServer2.java:addFilter(948)) - Added filter static_user_filter (class=org.apache.hadoop.http.lib.StaticUserWebFilter$StaticUserFilter) to context hddsDatanode
2019-09-19 04:23:13,773 [main] INFO  http.HttpServer2 (HttpServer2.java:addFilter(958)) - Added filter static_user_filter (class=org.apache.hadoop.http.lib.StaticUserWebFilter$StaticUserFilter) to context logs
2019-09-19 04:23:13,773 [main] INFO  http.HttpServer2 (HttpServer2.java:addFilter(958)) - Added filter static_user_filter (class=org.apache.hadoop.http.lib.StaticUserWebFilter$StaticUserFilter) to context static
2019-09-19 04:23:13,774 [main] INFO  http.HttpServer2 (HttpServer2.java:bindListener(1191)) - Jetty bound to port 43925
2019-09-19 04:23:13,774 [main] INFO  server.Server (Server.java:doStart(351)) - jetty-9.3.24.v20180605, build timestamp: 2018-06-05T17:11:56Z, git hash: 84205aa28f11a4f31f2a3b86d1bba2cc8ab69827
2019-09-19 04:23:13,776 [main] INFO  handler.ContextHandler (ContextHandler.java:doStart(781)) - Started o.e.j.s.ServletContextHandler@4a5a8c6f{/logs,file:///workdir/hadoop-ozone/integration-test/target/log,AVAILABLE}
2019-09-19 04:23:13,777 [main] INFO  handler.ContextHandler (ContextHandler.java:doStart(781)) - Started o.e.j.s.ServletContextHandler@2aaed928{/static,jar:file:/home/user/.m2/repository/org/apache/hadoop/hadoop-hdds-container-service/0.5.0-SNAPSHOT/hadoop-hdds-container-service-0.5.0-SNAPSHOT.jar!/webapps/static,AVAILABLE}
2019-09-19 04:23:13,816 [main] INFO  handler.ContextHandler (ContextHandler.java:doStart(781)) - Started o.e.j.w.WebAppContext@386ec37d{/,file:///tmp/jetty-0.0.0.0-43925-hddsDatanode-_-any-2531167844174953983.dir/webapp/,AVAILABLE}{/hddsDatanode}
2019-09-19 04:23:13,817 [main] INFO  server.AbstractConnector (AbstractConnector.java:doStart(278)) - Started ServerConnector@10007fdc{HTTP/1.1,[http/1.1]}{0.0.0.0:43925}
2019-09-19 04:23:13,818 [main] INFO  server.Server (Server.java:doStart(419)) - Started @238995ms
2019-09-19 04:23:13,819 [main] INFO  server.BaseHttpServer (BaseHttpServer.java:updateConnectorAddress(213)) - HTTP server of HDDSDATANODE is listening at http://0.0.0.0:43925
2019-09-19 04:23:13,947 | INFO  | ObjectStoreRestHttpServer | Listening HDDS REST traffic on /0.0.0.0:44605 |  
2019-09-19 04:23:13,947 [main] INFO  ozone.HddsDatanodeService (HddsDatanodeService.java:startPlugins(395)) - Started plug-in org.apache.hadoop.ozone.web.OzoneHddsDatanodeService@c1bcea1
2019-09-19 04:23:13,948 [main] INFO  impl.MetricsSystemImpl (MetricsSystemImpl.java:init(158)) - HddsDatanode metrics system started (again)
2019-09-19 04:23:13,951 [org.apache.hadoop.util.JvmPauseMonitor$Monitor@10705ea9] INFO  util.JvmPauseMonitor (JvmPauseMonitor.java:run(188)) - Starting JVM pause monitor
2019-09-19 04:23:13,951 [main] INFO  ozone.HddsDatanodeService (HddsDatanodeService.java:start(184)) - HddsDatanodeService host:pr-hdds-2034-srnhl-2452957315 ip:192.168.34.50
2019-09-19 04:23:13,952 [Datanode State Machine Thread - 0] INFO  datanode.InitDatanodeState (InitDatanodeState.java:persistContainerDatanodeDetails(140)) - DatanodeDetails is persisted to /workdir/hadoop-ozone/integration-test/target/test-dir/MiniOzoneClusterImpl-e123b5d3-93ec-41f3-af3c-77b483f7a668/datanode-3/meta/datanode.id
2019-09-19 04:23:13,960 [main] INFO  volume.HddsVolume (HddsVolume.java:<init>(176)) - Creating Volume: /workdir/hadoop-ozone/integration-test/target/test-dir/MiniOzoneClusterImpl-e123b5d3-93ec-41f3-af3c-77b483f7a668/datanode-4/data/containers/hdds of  storage type : DISK and capacity : 1482555576320
2019-09-19 04:23:13,960 [main] INFO  volume.VolumeSet (VolumeSet.java:initializeVolumeSet(170)) - Added Volume : /workdir/hadoop-ozone/integration-test/target/test-dir/MiniOzoneClusterImpl-e123b5d3-93ec-41f3-af3c-77b483f7a668/datanode-4/data/containers/hdds to VolumeSet
2019-09-19 04:23:13,960 [main] INFO  volume.ThrottledAsyncChecker (ThrottledAsyncChecker.java:schedule(140)) - Scheduling a check for org.apache.hadoop.ozone.container.common.volume.HddsVolume@27b9d5b7
2019-09-19 04:23:13,961 [main] INFO  volume.HddsVolumeChecker (HddsVolumeChecker.java:checkAllVolumes(203)) - Scheduled health check for volume org.apache.hadoop.ozone.container.common.volume.HddsVolume@27b9d5b7
2019-09-19 04:23:13,974 [main] INFO  impl.RaftServerProxy (ConfUtils.java:logGet(43)) - raft.rpc.type = GRPC (default)
2019-09-19 04:23:13,975 [main] INFO  grpc.GrpcFactory (GrpcFactory.java:checkPooledByteBufAllocatorUseCacheForAllThreads(45)) - PERFORMANCE WARNING: useCacheForAllThreads is true that may cause Netty to create a lot garbage objects and, as a result, trigger GC.
	It is recommended to disable useCacheForAllThreads by setting -Dorg.apache.ratis.thirdparty.io.netty.allocator.useCacheForAllThreads=false in command line.
2019-09-19 04:23:13,975 [main] INFO  grpc.GrpcConfigKeys$Server (ConfUtils.java:logGet(43)) - raft.grpc.server.port = 0 (default)
2019-09-19 04:23:13,975 [main] INFO  server.GrpcService (ConfUtils.java:logGet(43)) - raft.grpc.message.size.max = 33570816 (custom)
2019-09-19 04:23:13,975 [main] INFO  server.RaftServerConfigKeys (ConfUtils.java:logGet(43)) - raft.server.log.appender.buffer.byte-limit = 33554432 (custom)
2019-09-19 04:23:13,975 [main] INFO  server.GrpcService (ConfUtils.java:logGet(43)) - raft.grpc.flow.control.window = 1MB (=1048576) (default)
2019-09-19 04:23:13,975 [main] INFO  server.RaftServerConfigKeys (ConfUtils.java:logGet(43)) - raft.server.rpc.request.timeout = 3000ms (default)
2019-09-19 04:23:13,976 [main] INFO  server.RaftServerConfigKeys (ConfUtils.java:logGet(43)) - raft.server.storage.dir = [/workdir/hadoop-ozone/integration-test/target/test-dir/MiniOzoneClusterImpl-e123b5d3-93ec-41f3-af3c-77b483f7a668/datanode-4/data/ratis] (custom)
2019-09-19 04:23:13,976 [main] INFO  replication.SimpleContainerDownloader (SimpleContainerDownloader.java:<init>(72)) - Starting container downloader service to copy containers to replicate.
2019-09-19 04:23:13,977 [main] INFO  hdfs.DFSUtil (DFSUtil.java:httpServerTemplateForNNAndJN(1641)) - Starting Web-server for hddsDatanode at: http://0.0.0.0:0
2019-09-19 04:23:13,979 [main] INFO  server.AuthenticationFilter (AuthenticationFilter.java:constructSecretProvider(240)) - Unable to initialize FileSignerSecretProvider, falling back to use random secrets.
2019-09-19 04:23:13,980 [main] WARN  http.HttpRequestLog (HttpRequestLog.java:getRequestLog(97)) - Jetty request log can only be enabled using Log4j
2019-09-19 04:23:13,982 [main] INFO  http.HttpServer2 (HttpServer2.java:addGlobalFilter(975)) - Added global filter 'safety' (class=org.apache.hadoop.http.HttpServer2$QuotingInputFilter)
2019-09-19 04:23:13,982 [main] INFO  http.HttpServer2 (HttpServer2.java:addFilter(948)) - Added filter static_user_filter (class=org.apache.hadoop.http.lib.StaticUserWebFilter$StaticUserFilter) to context hddsDatanode
2019-09-19 04:23:13,983 [main] INFO  http.HttpServer2 (HttpServer2.java:addFilter(958)) - Added filter static_user_filter (class=org.apache.hadoop.http.lib.StaticUserWebFilter$StaticUserFilter) to context logs
2019-09-19 04:23:13,983 [main] INFO  http.HttpServer2 (HttpServer2.java:addFilter(958)) - Added filter static_user_filter (class=org.apache.hadoop.http.lib.StaticUserWebFilter$StaticUserFilter) to context static
2019-09-19 04:23:13,984 [main] INFO  http.HttpServer2 (HttpServer2.java:bindListener(1191)) - Jetty bound to port 34695
2019-09-19 04:23:13,984 [main] INFO  server.Server (Server.java:doStart(351)) - jetty-9.3.24.v20180605, build timestamp: 2018-06-05T17:11:56Z, git hash: 84205aa28f11a4f31f2a3b86d1bba2cc8ab69827
2019-09-19 04:23:13,986 [main] INFO  handler.ContextHandler (ContextHandler.java:doStart(781)) - Started o.e.j.s.ServletContextHandler@6860c000{/logs,file:///workdir/hadoop-ozone/integration-test/target/log,AVAILABLE}
2019-09-19 04:23:13,986 [main] INFO  handler.ContextHandler (ContextHandler.java:doStart(781)) - Started o.e.j.s.ServletContextHandler@3723de42{/static,jar:file:/home/user/.m2/repository/org/apache/hadoop/hadoop-hdds-container-service/0.5.0-SNAPSHOT/hadoop-hdds-container-service-0.5.0-SNAPSHOT.jar!/webapps/static,AVAILABLE}
2019-09-19 04:23:14,026 [main] INFO  handler.ContextHandler (ContextHandler.java:doStart(781)) - Started o.e.j.w.WebAppContext@4b37b01e{/,file:///tmp/jetty-0.0.0.0-34695-hddsDatanode-_-any-4855793883576762568.dir/webapp/,AVAILABLE}{/hddsDatanode}
2019-09-19 04:23:14,027 [main] INFO  server.AbstractConnector (AbstractConnector.java:doStart(278)) - Started ServerConnector@f53db1a{HTTP/1.1,[http/1.1]}{0.0.0.0:34695}
2019-09-19 04:23:14,028 [main] INFO  server.Server (Server.java:doStart(419)) - Started @239206ms
2019-09-19 04:23:14,029 [main] INFO  server.BaseHttpServer (BaseHttpServer.java:updateConnectorAddress(213)) - HTTP server of HDDSDATANODE is listening at http://0.0.0.0:34695
2019-09-19 04:23:14,159 | INFO  | ObjectStoreRestHttpServer | Listening HDDS REST traffic on /0.0.0.0:36999 |  
2019-09-19 04:23:14,159 [main] INFO  ozone.HddsDatanodeService (HddsDatanodeService.java:startPlugins(395)) - Started plug-in org.apache.hadoop.ozone.web.OzoneHddsDatanodeService@75f67fe5
2019-09-19 04:23:14,159 [main] INFO  impl.MetricsSystemImpl (MetricsSystemImpl.java:init(158)) - HddsDatanode metrics system started (again)
2019-09-19 04:23:14,163 [org.apache.hadoop.util.JvmPauseMonitor$Monitor@2728d16] INFO  util.JvmPauseMonitor (JvmPauseMonitor.java:run(188)) - Starting JVM pause monitor
2019-09-19 04:23:14,163 [main] INFO  ozone.HddsDatanodeService (HddsDatanodeService.java:start(184)) - HddsDatanodeService host:pr-hdds-2034-srnhl-2452957315 ip:192.168.34.50
2019-09-19 04:23:14,164 [Datanode State Machine Thread - 0] INFO  datanode.InitDatanodeState (InitDatanodeState.java:persistContainerDatanodeDetails(140)) - DatanodeDetails is persisted to /workdir/hadoop-ozone/integration-test/target/test-dir/MiniOzoneClusterImpl-e123b5d3-93ec-41f3-af3c-77b483f7a668/datanode-4/meta/datanode.id
2019-09-19 04:23:14,173 [main] INFO  volume.HddsVolume (HddsVolume.java:<init>(176)) - Creating Volume: /workdir/hadoop-ozone/integration-test/target/test-dir/MiniOzoneClusterImpl-e123b5d3-93ec-41f3-af3c-77b483f7a668/datanode-5/data/containers/hdds of  storage type : DISK and capacity : 1482555576320
2019-09-19 04:23:14,173 [main] INFO  volume.VolumeSet (VolumeSet.java:initializeVolumeSet(170)) - Added Volume : /workdir/hadoop-ozone/integration-test/target/test-dir/MiniOzoneClusterImpl-e123b5d3-93ec-41f3-af3c-77b483f7a668/datanode-5/data/containers/hdds to VolumeSet
2019-09-19 04:23:14,173 [main] INFO  volume.ThrottledAsyncChecker (ThrottledAsyncChecker.java:schedule(140)) - Scheduling a check for org.apache.hadoop.ozone.container.common.volume.HddsVolume@2f1d2384
2019-09-19 04:23:14,174 [main] INFO  volume.HddsVolumeChecker (HddsVolumeChecker.java:checkAllVolumes(203)) - Scheduled health check for volume org.apache.hadoop.ozone.container.common.volume.HddsVolume@2f1d2384
2019-09-19 04:23:14,189 [main] INFO  impl.RaftServerProxy (ConfUtils.java:logGet(43)) - raft.rpc.type = GRPC (default)
2019-09-19 04:23:14,189 [main] INFO  grpc.GrpcFactory (GrpcFactory.java:checkPooledByteBufAllocatorUseCacheForAllThreads(45)) - PERFORMANCE WARNING: useCacheForAllThreads is true that may cause Netty to create a lot garbage objects and, as a result, trigger GC.
	It is recommended to disable useCacheForAllThreads by setting -Dorg.apache.ratis.thirdparty.io.netty.allocator.useCacheForAllThreads=false in command line.
2019-09-19 04:23:14,189 [main] INFO  grpc.GrpcConfigKeys$Server (ConfUtils.java:logGet(43)) - raft.grpc.server.port = 0 (default)
2019-09-19 04:23:14,189 [main] INFO  server.GrpcService (ConfUtils.java:logGet(43)) - raft.grpc.message.size.max = 33570816 (custom)
2019-09-19 04:23:14,190 [main] INFO  server.RaftServerConfigKeys (ConfUtils.java:logGet(43)) - raft.server.log.appender.buffer.byte-limit = 33554432 (custom)
2019-09-19 04:23:14,190 [main] INFO  server.GrpcService (ConfUtils.java:logGet(43)) - raft.grpc.flow.control.window = 1MB (=1048576) (default)
2019-09-19 04:23:14,190 [main] INFO  server.RaftServerConfigKeys (ConfUtils.java:logGet(43)) - raft.server.rpc.request.timeout = 3000ms (default)
2019-09-19 04:23:14,190 [main] INFO  server.RaftServerConfigKeys (ConfUtils.java:logGet(43)) - raft.server.storage.dir = [/workdir/hadoop-ozone/integration-test/target/test-dir/MiniOzoneClusterImpl-e123b5d3-93ec-41f3-af3c-77b483f7a668/datanode-5/data/ratis] (custom)
2019-09-19 04:23:14,191 [main] INFO  replication.SimpleContainerDownloader (SimpleContainerDownloader.java:<init>(72)) - Starting container downloader service to copy containers to replicate.
2019-09-19 04:23:14,192 [main] INFO  hdfs.DFSUtil (DFSUtil.java:httpServerTemplateForNNAndJN(1641)) - Starting Web-server for hddsDatanode at: http://0.0.0.0:0
2019-09-19 04:23:14,194 [main] INFO  server.AuthenticationFilter (AuthenticationFilter.java:constructSecretProvider(240)) - Unable to initialize FileSignerSecretProvider, falling back to use random secrets.
2019-09-19 04:23:14,194 [main] WARN  http.HttpRequestLog (HttpRequestLog.java:getRequestLog(97)) - Jetty request log can only be enabled using Log4j
2019-09-19 04:23:14,196 [main] INFO  http.HttpServer2 (HttpServer2.java:addGlobalFilter(975)) - Added global filter 'safety' (class=org.apache.hadoop.http.HttpServer2$QuotingInputFilter)
2019-09-19 04:23:14,196 [main] INFO  http.HttpServer2 (HttpServer2.java:addFilter(948)) - Added filter static_user_filter (class=org.apache.hadoop.http.lib.StaticUserWebFilter$StaticUserFilter) to context hddsDatanode
2019-09-19 04:23:14,197 [main] INFO  http.HttpServer2 (HttpServer2.java:addFilter(958)) - Added filter static_user_filter (class=org.apache.hadoop.http.lib.StaticUserWebFilter$StaticUserFilter) to context logs
2019-09-19 04:23:14,197 [main] INFO  http.HttpServer2 (HttpServer2.java:addFilter(958)) - Added filter static_user_filter (class=org.apache.hadoop.http.lib.StaticUserWebFilter$StaticUserFilter) to context static
2019-09-19 04:23:14,198 [main] INFO  http.HttpServer2 (HttpServer2.java:bindListener(1191)) - Jetty bound to port 37931
2019-09-19 04:23:14,198 [main] INFO  server.Server (Server.java:doStart(351)) - jetty-9.3.24.v20180605, build timestamp: 2018-06-05T17:11:56Z, git hash: 84205aa28f11a4f31f2a3b86d1bba2cc8ab69827
2019-09-19 04:23:14,199 [main] INFO  handler.ContextHandler (ContextHandler.java:doStart(781)) - Started o.e.j.s.ServletContextHandler@19544627{/logs,file:///workdir/hadoop-ozone/integration-test/target/log,AVAILABLE}
2019-09-19 04:23:14,200 [main] INFO  handler.ContextHandler (ContextHandler.java:doStart(781)) - Started o.e.j.s.ServletContextHandler@7e7ee3b7{/static,jar:file:/home/user/.m2/repository/org/apache/hadoop/hadoop-hdds-container-service/0.5.0-SNAPSHOT/hadoop-hdds-container-service-0.5.0-SNAPSHOT.jar!/webapps/static,AVAILABLE}
2019-09-19 04:23:14,235 [main] INFO  handler.ContextHandler (ContextHandler.java:doStart(781)) - Started o.e.j.w.WebAppContext@4ff3af97{/,file:///tmp/jetty-0.0.0.0-37931-hddsDatanode-_-any-303995583929270808.dir/webapp/,AVAILABLE}{/hddsDatanode}
2019-09-19 04:23:14,236 [main] INFO  server.AbstractConnector (AbstractConnector.java:doStart(278)) - Started ServerConnector@5680f009{HTTP/1.1,[http/1.1]}{0.0.0.0:37931}
2019-09-19 04:23:14,237 [main] INFO  server.Server (Server.java:doStart(419)) - Started @239415ms
2019-09-19 04:23:14,238 [main] INFO  server.BaseHttpServer (BaseHttpServer.java:updateConnectorAddress(213)) - HTTP server of HDDSDATANODE is listening at http://0.0.0.0:37931
2019-09-19 04:23:14,406 | INFO  | ObjectStoreRestHttpServer | Listening HDDS REST traffic on /0.0.0.0:35774 |  
2019-09-19 04:23:14,406 [main] INFO  ozone.HddsDatanodeService (HddsDatanodeService.java:startPlugins(395)) - Started plug-in org.apache.hadoop.ozone.web.OzoneHddsDatanodeService@377a1763
2019-09-19 04:23:14,407 [main] INFO  impl.MetricsSystemImpl (MetricsSystemImpl.java:init(158)) - HddsDatanode metrics system started (again)
2019-09-19 04:23:14,411 [org.apache.hadoop.util.JvmPauseMonitor$Monitor@520b83e4] INFO  util.JvmPauseMonitor (JvmPauseMonitor.java:run(188)) - Starting JVM pause monitor
2019-09-19 04:23:14,411 [main] INFO  ozone.HddsDatanodeService (HddsDatanodeService.java:start(184)) - HddsDatanodeService host:pr-hdds-2034-srnhl-2452957315 ip:192.168.34.50
2019-09-19 04:23:14,412 [Datanode State Machine Thread - 0] INFO  datanode.InitDatanodeState (InitDatanodeState.java:persistContainerDatanodeDetails(140)) - DatanodeDetails is persisted to /workdir/hadoop-ozone/integration-test/target/test-dir/MiniOzoneClusterImpl-e123b5d3-93ec-41f3-af3c-77b483f7a668/datanode-5/meta/datanode.id
2019-09-19 04:23:14,421 [main] INFO  volume.HddsVolume (HddsVolume.java:<init>(176)) - Creating Volume: /workdir/hadoop-ozone/integration-test/target/test-dir/MiniOzoneClusterImpl-e123b5d3-93ec-41f3-af3c-77b483f7a668/datanode-6/data/containers/hdds of  storage type : DISK and capacity : 1482555576320
2019-09-19 04:23:14,421 [main] INFO  volume.VolumeSet (VolumeSet.java:initializeVolumeSet(170)) - Added Volume : /workdir/hadoop-ozone/integration-test/target/test-dir/MiniOzoneClusterImpl-e123b5d3-93ec-41f3-af3c-77b483f7a668/datanode-6/data/containers/hdds to VolumeSet
2019-09-19 04:23:14,422 [main] INFO  volume.ThrottledAsyncChecker (ThrottledAsyncChecker.java:schedule(140)) - Scheduling a check for org.apache.hadoop.ozone.container.common.volume.HddsVolume@569d7074
2019-09-19 04:23:14,422 [main] INFO  volume.HddsVolumeChecker (HddsVolumeChecker.java:checkAllVolumes(203)) - Scheduled health check for volume org.apache.hadoop.ozone.container.common.volume.HddsVolume@569d7074
2019-09-19 04:23:14,444 [main] INFO  impl.RaftServerProxy (ConfUtils.java:logGet(43)) - raft.rpc.type = GRPC (default)
2019-09-19 04:23:14,444 [main] INFO  grpc.GrpcFactory (GrpcFactory.java:checkPooledByteBufAllocatorUseCacheForAllThreads(45)) - PERFORMANCE WARNING: useCacheForAllThreads is true that may cause Netty to create a lot garbage objects and, as a result, trigger GC.
	It is recommended to disable useCacheForAllThreads by setting -Dorg.apache.ratis.thirdparty.io.netty.allocator.useCacheForAllThreads=false in command line.
2019-09-19 04:23:14,444 [main] INFO  grpc.GrpcConfigKeys$Server (ConfUtils.java:logGet(43)) - raft.grpc.server.port = 0 (default)
2019-09-19 04:23:14,445 [main] INFO  server.GrpcService (ConfUtils.java:logGet(43)) - raft.grpc.message.size.max = 33570816 (custom)
2019-09-19 04:23:14,445 [main] INFO  server.RaftServerConfigKeys (ConfUtils.java:logGet(43)) - raft.server.log.appender.buffer.byte-limit = 33554432 (custom)
2019-09-19 04:23:14,445 [main] INFO  server.GrpcService (ConfUtils.java:logGet(43)) - raft.grpc.flow.control.window = 1MB (=1048576) (default)
2019-09-19 04:23:14,445 [main] INFO  server.RaftServerConfigKeys (ConfUtils.java:logGet(43)) - raft.server.rpc.request.timeout = 3000ms (default)
2019-09-19 04:23:14,446 [main] INFO  server.RaftServerConfigKeys (ConfUtils.java:logGet(43)) - raft.server.storage.dir = [/workdir/hadoop-ozone/integration-test/target/test-dir/MiniOzoneClusterImpl-e123b5d3-93ec-41f3-af3c-77b483f7a668/datanode-6/data/ratis] (custom)
2019-09-19 04:23:14,446 [main] INFO  replication.SimpleContainerDownloader (SimpleContainerDownloader.java:<init>(72)) - Starting container downloader service to copy containers to replicate.
2019-09-19 04:23:14,447 [main] INFO  hdfs.DFSUtil (DFSUtil.java:httpServerTemplateForNNAndJN(1641)) - Starting Web-server for hddsDatanode at: http://0.0.0.0:0
2019-09-19 04:23:14,448 [main] INFO  server.AuthenticationFilter (AuthenticationFilter.java:constructSecretProvider(240)) - Unable to initialize FileSignerSecretProvider, falling back to use random secrets.
2019-09-19 04:23:14,448 [main] WARN  http.HttpRequestLog (HttpRequestLog.java:getRequestLog(97)) - Jetty request log can only be enabled using Log4j
2019-09-19 04:23:14,450 [main] INFO  http.HttpServer2 (HttpServer2.java:addGlobalFilter(975)) - Added global filter 'safety' (class=org.apache.hadoop.http.HttpServer2$QuotingInputFilter)
2019-09-19 04:23:14,450 [main] INFO  http.HttpServer2 (HttpServer2.java:addFilter(948)) - Added filter static_user_filter (class=org.apache.hadoop.http.lib.StaticUserWebFilter$StaticUserFilter) to context hddsDatanode
2019-09-19 04:23:14,450 [main] INFO  http.HttpServer2 (HttpServer2.java:addFilter(958)) - Added filter static_user_filter (class=org.apache.hadoop.http.lib.StaticUserWebFilter$StaticUserFilter) to context static
2019-09-19 04:23:14,451 [main] INFO  http.HttpServer2 (HttpServer2.java:addFilter(958)) - Added filter static_user_filter (class=org.apache.hadoop.http.lib.StaticUserWebFilter$StaticUserFilter) to context logs
2019-09-19 04:23:14,451 [main] INFO  http.HttpServer2 (HttpServer2.java:bindListener(1191)) - Jetty bound to port 43711
2019-09-19 04:23:14,451 [main] INFO  server.Server (Server.java:doStart(351)) - jetty-9.3.24.v20180605, build timestamp: 2018-06-05T17:11:56Z, git hash: 84205aa28f11a4f31f2a3b86d1bba2cc8ab69827
2019-09-19 04:23:14,453 [main] INFO  handler.ContextHandler (ContextHandler.java:doStart(781)) - Started o.e.j.s.ServletContextHandler@d35d84a{/logs,file:///workdir/hadoop-ozone/integration-test/target/log,AVAILABLE}
2019-09-19 04:23:14,453 [main] INFO  handler.ContextHandler (ContextHandler.java:doStart(781)) - Started o.e.j.s.ServletContextHandler@213a2fe3{/static,jar:file:/home/user/.m2/repository/org/apache/hadoop/hadoop-hdds-container-service/0.5.0-SNAPSHOT/hadoop-hdds-container-service-0.5.0-SNAPSHOT.jar!/webapps/static,AVAILABLE}
2019-09-19 04:23:14,481 [main] INFO  handler.ContextHandler (ContextHandler.java:doStart(781)) - Started o.e.j.w.WebAppContext@37672aa7{/,file:///tmp/jetty-0.0.0.0-43711-hddsDatanode-_-any-2615412367021922903.dir/webapp/,AVAILABLE}{/hddsDatanode}
2019-09-19 04:23:14,482 [main] INFO  server.AbstractConnector (AbstractConnector.java:doStart(278)) - Started ServerConnector@670199c5{HTTP/1.1,[http/1.1]}{0.0.0.0:43711}
2019-09-19 04:23:14,483 [main] INFO  server.Server (Server.java:doStart(419)) - Started @239659ms
2019-09-19 04:23:14,484 [main] INFO  server.BaseHttpServer (BaseHttpServer.java:updateConnectorAddress(213)) - HTTP server of HDDSDATANODE is listening at http://0.0.0.0:43711
2019-09-19 04:23:14,635 | INFO  | ObjectStoreRestHttpServer | Listening HDDS REST traffic on /0.0.0.0:34766 |  
2019-09-19 04:23:14,635 [main] INFO  ozone.HddsDatanodeService (HddsDatanodeService.java:startPlugins(395)) - Started plug-in org.apache.hadoop.ozone.web.OzoneHddsDatanodeService@7115d5af
2019-09-19 04:23:14,635 [main] INFO  ozone.MiniOzoneClusterImpl (MiniOzoneClusterImpl.java:lambda$waitForClusterToBeReady$0(145)) - Waiting for nodes to be ready. Got 0 of 7 DN Heartbeats.
2019-09-19 04:23:14,635 [main] INFO  ozone.MiniOzoneClusterImpl (MiniOzoneClusterImpl.java:lambda$waitForClusterToBeReady$0(148)) - Waiting for cluster to exit safe mode
2019-09-19 04:23:14,636 [org.apache.hadoop.util.JvmPauseMonitor$Monitor@74f14162] INFO  util.JvmPauseMonitor (JvmPauseMonitor.java:run(188)) - Starting JVM pause monitor
2019-09-19 04:23:14,638 [Datanode State Machine Thread - 0] INFO  datanode.InitDatanodeState (InitDatanodeState.java:persistContainerDatanodeDetails(140)) - DatanodeDetails is persisted to /workdir/hadoop-ozone/integration-test/target/test-dir/MiniOzoneClusterImpl-e123b5d3-93ec-41f3-af3c-77b483f7a668/datanode-6/meta/datanode.id
2019-09-19 04:23:15,317 | INFO  | SCMAudit | user=jenkins1000 | ip=192.168.34.50 | op=GET_VERSION null | ret=SUCCESS |  
2019-09-19 04:23:15,332 [Datanode State Machine Thread - 0] INFO  ozoneimpl.OzoneContainer (OzoneContainer.java:start(186)) - Attempting to start container services.
2019-09-19 04:23:15,332 [Datanode State Machine Thread - 0] INFO  ozoneimpl.OzoneContainer (OzoneContainer.java:startContainerScrub(160)) - Background container scrubber has been disabled by hdds.containerscrub.enabled
2019-09-19 04:23:15,332 [Datanode State Machine Thread - 0] INFO  ratis.XceiverServerRatis (XceiverServerRatis.java:start(404)) - Starting XceiverServerRatis 2f180d65-4c25-42b6-a7d0-065130742e7a at port 0
2019-09-19 04:23:15,338 [Datanode State Machine Thread - 0] INFO  impl.RaftServerProxy (RaftServerProxy.java:lambda$start$3(299)) - 2f180d65-4c25-42b6-a7d0-065130742e7a: start RPC server
2019-09-19 04:23:15,339 [Datanode State Machine Thread - 0] INFO  server.GrpcService (GrpcService.java:startImpl(149)) - 2f180d65-4c25-42b6-a7d0-065130742e7a: GrpcService started, listening on 0.0.0.0/0.0.0.0:36459
2019-09-19 04:23:15,339 [Datanode State Machine Thread - 0] INFO  ratis.XceiverServerRatis (XceiverServerRatis.java:start(414)) - XceiverServerRatis 2f180d65-4c25-42b6-a7d0-065130742e7a is started using port 36459
2019-09-19 04:23:15,340 [Datanode State Machine Thread - 0] INFO  server.XceiverServerGrpc (XceiverServerGrpc.java:start(163)) - XceiverServerGrpc 2f180d65-4c25-42b6-a7d0-065130742e7a is started using port 42379
2019-09-19 04:23:15,524 | INFO  | SCMAudit | user=jenkins1000 | ip=192.168.34.50 | op=GET_VERSION null | ret=SUCCESS |  
2019-09-19 04:23:15,546 [Datanode State Machine Thread - 0] INFO  ozoneimpl.OzoneContainer (OzoneContainer.java:start(186)) - Attempting to start container services.
2019-09-19 04:23:15,546 [Datanode State Machine Thread - 0] INFO  ozoneimpl.OzoneContainer (OzoneContainer.java:startContainerScrub(160)) - Background container scrubber has been disabled by hdds.containerscrub.enabled
2019-09-19 04:23:15,546 [Datanode State Machine Thread - 0] INFO  ratis.XceiverServerRatis (XceiverServerRatis.java:start(404)) - Starting XceiverServerRatis 8da68b5e-6b12-4c66-b560-7bfe69901e90 at port 0
2019-09-19 04:23:15,551 [Datanode State Machine Thread - 0] INFO  impl.RaftServerProxy (RaftServerProxy.java:lambda$start$3(299)) - 8da68b5e-6b12-4c66-b560-7bfe69901e90: start RPC server
2019-09-19 04:23:15,559 [Datanode State Machine Thread - 0] INFO  server.GrpcService (GrpcService.java:startImpl(149)) - 8da68b5e-6b12-4c66-b560-7bfe69901e90: GrpcService started, listening on 0.0.0.0/0.0.0.0:41239
2019-09-19 04:23:15,559 [Datanode State Machine Thread - 0] INFO  ratis.XceiverServerRatis (XceiverServerRatis.java:start(414)) - XceiverServerRatis 8da68b5e-6b12-4c66-b560-7bfe69901e90 is started using port 41239
2019-09-19 04:23:15,560 [Datanode State Machine Thread - 0] INFO  server.XceiverServerGrpc (XceiverServerGrpc.java:start(163)) - XceiverServerGrpc 8da68b5e-6b12-4c66-b560-7bfe69901e90 is started using port 44772
2019-09-19 04:23:15,635 [main] INFO  ozone.MiniOzoneClusterImpl (MiniOzoneClusterImpl.java:lambda$waitForClusterToBeReady$0(145)) - Waiting for nodes to be ready. Got 0 of 7 DN Heartbeats.
2019-09-19 04:23:15,636 [main] INFO  ozone.MiniOzoneClusterImpl (MiniOzoneClusterImpl.java:lambda$waitForClusterToBeReady$0(148)) - Waiting for cluster to exit safe mode
2019-09-19 04:23:15,728 | INFO  | SCMAudit | user=jenkins1000 | ip=192.168.34.50 | op=GET_VERSION null | ret=SUCCESS |  
2019-09-19 04:23:15,745 [Datanode State Machine Thread - 0] INFO  ozoneimpl.OzoneContainer (OzoneContainer.java:start(186)) - Attempting to start container services.
2019-09-19 04:23:15,746 [Datanode State Machine Thread - 0] INFO  ozoneimpl.OzoneContainer (OzoneContainer.java:startContainerScrub(160)) - Background container scrubber has been disabled by hdds.containerscrub.enabled
2019-09-19 04:23:15,746 [Datanode State Machine Thread - 0] INFO  ratis.XceiverServerRatis (XceiverServerRatis.java:start(404)) - Starting XceiverServerRatis 1f599ffa-6388-40ea-bded-39dbd74e4d02 at port 0
2019-09-19 04:23:15,752 [Datanode State Machine Thread - 0] INFO  impl.RaftServerProxy (RaftServerProxy.java:lambda$start$3(299)) - 1f599ffa-6388-40ea-bded-39dbd74e4d02: start RPC server
2019-09-19 04:23:15,753 [Datanode State Machine Thread - 0] INFO  server.GrpcService (GrpcService.java:startImpl(149)) - 1f599ffa-6388-40ea-bded-39dbd74e4d02: GrpcService started, listening on 0.0.0.0/0.0.0.0:38533
2019-09-19 04:23:15,753 [Datanode State Machine Thread - 0] INFO  ratis.XceiverServerRatis (XceiverServerRatis.java:start(414)) - XceiverServerRatis 1f599ffa-6388-40ea-bded-39dbd74e4d02 is started using port 38533
2019-09-19 04:23:15,755 [Datanode State Machine Thread - 0] INFO  server.XceiverServerGrpc (XceiverServerGrpc.java:start(163)) - XceiverServerGrpc 1f599ffa-6388-40ea-bded-39dbd74e4d02 is started using port 46669
2019-09-19 04:23:15,952 | INFO  | SCMAudit | user=jenkins1000 | ip=192.168.34.50 | op=GET_VERSION null | ret=SUCCESS |  
2019-09-19 04:23:15,967 [Datanode State Machine Thread - 0] INFO  ozoneimpl.OzoneContainer (OzoneContainer.java:start(186)) - Attempting to start container services.
2019-09-19 04:23:15,967 [Datanode State Machine Thread - 0] INFO  ozoneimpl.OzoneContainer (OzoneContainer.java:startContainerScrub(160)) - Background container scrubber has been disabled by hdds.containerscrub.enabled
2019-09-19 04:23:15,967 [Datanode State Machine Thread - 0] INFO  ratis.XceiverServerRatis (XceiverServerRatis.java:start(404)) - Starting XceiverServerRatis 051ac7b8-8cbd-4108-aae8-c2637ffaecd2 at port 0
2019-09-19 04:23:15,973 [Datanode State Machine Thread - 0] INFO  impl.RaftServerProxy (RaftServerProxy.java:lambda$start$3(299)) - 051ac7b8-8cbd-4108-aae8-c2637ffaecd2: start RPC server
2019-09-19 04:23:15,974 [Datanode State Machine Thread - 0] INFO  server.GrpcService (GrpcService.java:startImpl(149)) - 051ac7b8-8cbd-4108-aae8-c2637ffaecd2: GrpcService started, listening on 0.0.0.0/0.0.0.0:34365
2019-09-19 04:23:15,974 [Datanode State Machine Thread - 0] INFO  ratis.XceiverServerRatis (XceiverServerRatis.java:start(414)) - XceiverServerRatis 051ac7b8-8cbd-4108-aae8-c2637ffaecd2 is started using port 34365
2019-09-19 04:23:15,974 [Datanode State Machine Thread - 0] INFO  server.XceiverServerGrpc (XceiverServerGrpc.java:start(163)) - XceiverServerGrpc 051ac7b8-8cbd-4108-aae8-c2637ffaecd2 is started using port 37607
2019-09-19 04:23:16,164 | INFO  | SCMAudit | user=jenkins1000 | ip=192.168.34.50 | op=GET_VERSION null | ret=SUCCESS |  
2019-09-19 04:23:16,179 [Datanode State Machine Thread - 0] INFO  ozoneimpl.OzoneContainer (OzoneContainer.java:start(186)) - Attempting to start container services.
2019-09-19 04:23:16,179 [Datanode State Machine Thread - 0] INFO  ozoneimpl.OzoneContainer (OzoneContainer.java:startContainerScrub(160)) - Background container scrubber has been disabled by hdds.containerscrub.enabled
2019-09-19 04:23:16,179 [Datanode State Machine Thread - 0] INFO  ratis.XceiverServerRatis (XceiverServerRatis.java:start(404)) - Starting XceiverServerRatis c0af3f51-56af-4005-a4bd-c9ee92b8ec18 at port 0
2019-09-19 04:23:16,186 [Datanode State Machine Thread - 0] INFO  impl.RaftServerProxy (RaftServerProxy.java:lambda$start$3(299)) - c0af3f51-56af-4005-a4bd-c9ee92b8ec18: start RPC server
2019-09-19 04:23:16,187 [Datanode State Machine Thread - 0] INFO  server.GrpcService (GrpcService.java:startImpl(149)) - c0af3f51-56af-4005-a4bd-c9ee92b8ec18: GrpcService started, listening on 0.0.0.0/0.0.0.0:44714
2019-09-19 04:23:16,187 [Datanode State Machine Thread - 0] INFO  ratis.XceiverServerRatis (XceiverServerRatis.java:start(414)) - XceiverServerRatis c0af3f51-56af-4005-a4bd-c9ee92b8ec18 is started using port 44714
2019-09-19 04:23:16,187 [Datanode State Machine Thread - 0] INFO  server.XceiverServerGrpc (XceiverServerGrpc.java:start(163)) - XceiverServerGrpc c0af3f51-56af-4005-a4bd-c9ee92b8ec18 is started using port 36412
2019-09-19 04:23:16,411 | INFO  | SCMAudit | user=jenkins1000 | ip=192.168.34.50 | op=GET_VERSION null | ret=SUCCESS |  
2019-09-19 04:23:16,427 [Datanode State Machine Thread - 0] INFO  ozoneimpl.OzoneContainer (OzoneContainer.java:start(186)) - Attempting to start container services.
2019-09-19 04:23:16,427 [Datanode State Machine Thread - 0] INFO  ozoneimpl.OzoneContainer (OzoneContainer.java:startContainerScrub(160)) - Background container scrubber has been disabled by hdds.containerscrub.enabled
2019-09-19 04:23:16,427 [Datanode State Machine Thread - 0] INFO  ratis.XceiverServerRatis (XceiverServerRatis.java:start(404)) - Starting XceiverServerRatis 012d9a91-6350-442f-966e-df3b04b68d55 at port 0
2019-09-19 04:23:16,432 [Datanode State Machine Thread - 0] INFO  impl.RaftServerProxy (RaftServerProxy.java:lambda$start$3(299)) - 012d9a91-6350-442f-966e-df3b04b68d55: start RPC server
2019-09-19 04:23:16,433 [Datanode State Machine Thread - 0] INFO  server.GrpcService (GrpcService.java:startImpl(149)) - 012d9a91-6350-442f-966e-df3b04b68d55: GrpcService started, listening on 0.0.0.0/0.0.0.0:46641
2019-09-19 04:23:16,433 [Datanode State Machine Thread - 0] INFO  ratis.XceiverServerRatis (XceiverServerRatis.java:start(414)) - XceiverServerRatis 012d9a91-6350-442f-966e-df3b04b68d55 is started using port 46641
2019-09-19 04:23:16,433 [Datanode State Machine Thread - 0] INFO  server.XceiverServerGrpc (XceiverServerGrpc.java:start(163)) - XceiverServerGrpc 012d9a91-6350-442f-966e-df3b04b68d55 is started using port 36224
2019-09-19 04:23:16,636 [main] INFO  ozone.MiniOzoneClusterImpl (MiniOzoneClusterImpl.java:lambda$waitForClusterToBeReady$0(145)) - Waiting for nodes to be ready. Got 0 of 7 DN Heartbeats.
2019-09-19 04:23:16,637 [main] INFO  ozone.MiniOzoneClusterImpl (MiniOzoneClusterImpl.java:lambda$waitForClusterToBeReady$0(148)) - Waiting for cluster to exit safe mode
2019-09-19 04:23:16,637 | INFO  | SCMAudit | user=jenkins1000 | ip=192.168.34.50 | op=GET_VERSION null | ret=SUCCESS |  
2019-09-19 04:23:16,652 [Datanode State Machine Thread - 0] INFO  ozoneimpl.OzoneContainer (OzoneContainer.java:start(186)) - Attempting to start container services.
2019-09-19 04:23:16,652 [Datanode State Machine Thread - 0] INFO  ozoneimpl.OzoneContainer (OzoneContainer.java:startContainerScrub(160)) - Background container scrubber has been disabled by hdds.containerscrub.enabled
2019-09-19 04:23:16,652 [Datanode State Machine Thread - 0] INFO  ratis.XceiverServerRatis (XceiverServerRatis.java:start(404)) - Starting XceiverServerRatis 329dc1ff-c881-4588-b3df-3d5ae8e04650 at port 0
2019-09-19 04:23:16,658 [Datanode State Machine Thread - 0] INFO  impl.RaftServerProxy (RaftServerProxy.java:lambda$start$3(299)) - 329dc1ff-c881-4588-b3df-3d5ae8e04650: start RPC server
2019-09-19 04:23:16,661 [Datanode State Machine Thread - 0] INFO  server.GrpcService (GrpcService.java:startImpl(149)) - 329dc1ff-c881-4588-b3df-3d5ae8e04650: GrpcService started, listening on 0.0.0.0/0.0.0.0:42707
2019-09-19 04:23:16,661 [Datanode State Machine Thread - 0] INFO  ratis.XceiverServerRatis (XceiverServerRatis.java:start(414)) - XceiverServerRatis 329dc1ff-c881-4588-b3df-3d5ae8e04650 is started using port 42707
2019-09-19 04:23:16,663 [Datanode State Machine Thread - 0] INFO  server.XceiverServerGrpc (XceiverServerGrpc.java:start(163)) - XceiverServerGrpc 329dc1ff-c881-4588-b3df-3d5ae8e04650 is started using port 43024
2019-09-19 04:23:17,317 [IPC Server handler 4 on 44608] INFO  net.NetworkTopology (NetworkTopologyImpl.java:add(110)) - Added a new node: /default-rack/2f180d65-4c25-42b6-a7d0-065130742e7a
2019-09-19 04:23:17,317 [IPC Server handler 4 on 44608] INFO  node.SCMNodeManager (SCMNodeManager.java:register(273)) - Registered Data node : 2f180d65-4c25-42b6-a7d0-065130742e7a{ip: 192.168.34.50, host: pr-hdds-2034-srnhl-2452957315, networkLocation: /default-rack, certSerialId: null}
2019-09-19 04:23:17,317 [RatisPipelineUtilsThread] INFO  pipeline.RatisPipelineProvider (RatisPipelineProvider.java:lambda$create$4(164)) - Send pipeline:PipelineID=90459a1c-6e0a-4b78-942f-cdba29885c3d create command to datanode 2f180d65-4c25-42b6-a7d0-065130742e7a
2019-09-19 04:23:17,318 [EventQueue-NodeRegistrationContainerReportForDataNodeSafeModeRule] INFO  safemode.SCMSafeModeManager (DataNodeSafeModeRule.java:process(71)) - SCM in safe mode. 1 DataNodes registered, 1 required.
2019-09-19 04:23:17,321 | INFO  | SCMAudit | user=jenkins1000 | ip=192.168.34.50 | op=REGISTER {datanodeDetails=2f180d65-4c25-42b6-a7d0-065130742e7a{ip: 192.168.34.50, host: pr-hdds-2034-srnhl-2452957315, networkLocation: /default-rack, certSerialId: null}} | ret=SUCCESS |  
2019-09-19 04:23:17,523 [IPC Server handler 0 on 44608] INFO  net.NetworkTopology (NetworkTopologyImpl.java:add(110)) - Added a new node: /default-rack/8da68b5e-6b12-4c66-b560-7bfe69901e90
2019-09-19 04:23:17,524 [IPC Server handler 0 on 44608] INFO  node.SCMNodeManager (SCMNodeManager.java:register(273)) - Registered Data node : 8da68b5e-6b12-4c66-b560-7bfe69901e90{ip: 192.168.34.50, host: pr-hdds-2034-srnhl-2452957315, networkLocation: /default-rack, certSerialId: null}
2019-09-19 04:23:17,524 | INFO  | SCMAudit | user=jenkins1000 | ip=192.168.34.50 | op=REGISTER {datanodeDetails=8da68b5e-6b12-4c66-b560-7bfe69901e90{ip: 192.168.34.50, host: pr-hdds-2034-srnhl-2452957315, networkLocation: /default-rack, certSerialId: null}} | ret=SUCCESS |  
2019-09-19 04:23:17,524 [RatisPipelineUtilsThread] INFO  pipeline.RatisPipelineProvider (RatisPipelineProvider.java:lambda$create$4(164)) - Send pipeline:PipelineID=9de6292a-6f39-4736-a712-8f6714ece549 create command to datanode 8da68b5e-6b12-4c66-b560-7bfe69901e90
2019-09-19 04:23:17,637 [main] INFO  ozone.MiniOzoneClusterImpl (MiniOzoneClusterImpl.java:lambda$waitForClusterToBeReady$0(145)) - Waiting for nodes to be ready. Got 2 of 7 DN Heartbeats.
2019-09-19 04:23:17,637 [main] INFO  ozone.MiniOzoneClusterImpl (MiniOzoneClusterImpl.java:lambda$waitForClusterToBeReady$0(148)) - Waiting for cluster to exit safe mode
2019-09-19 04:23:17,729 [IPC Server handler 2 on 44608] INFO  net.NetworkTopology (NetworkTopologyImpl.java:add(110)) - Added a new node: /default-rack/1f599ffa-6388-40ea-bded-39dbd74e4d02
2019-09-19 04:23:17,729 [IPC Server handler 2 on 44608] INFO  node.SCMNodeManager (SCMNodeManager.java:register(273)) - Registered Data node : 1f599ffa-6388-40ea-bded-39dbd74e4d02{ip: 192.168.34.50, host: pr-hdds-2034-srnhl-2452957315, networkLocation: /default-rack, certSerialId: null}
2019-09-19 04:23:17,733 | INFO  | SCMAudit | user=jenkins1000 | ip=192.168.34.50 | op=REGISTER {datanodeDetails=1f599ffa-6388-40ea-bded-39dbd74e4d02{ip: 192.168.34.50, host: pr-hdds-2034-srnhl-2452957315, networkLocation: /default-rack, certSerialId: null}} | ret=SUCCESS |  
2019-09-19 04:23:17,733 [RatisPipelineUtilsThread] INFO  pipeline.RatisPipelineProvider (RatisPipelineProvider.java:lambda$create$4(164)) - Send pipeline:PipelineID=80562f1e-9e03-4e04-a324-fd2fc289851f create command to datanode 1f599ffa-6388-40ea-bded-39dbd74e4d02
2019-09-19 04:23:17,734 [RatisPipelineUtilsThread] INFO  pipeline.RatisPipelineProvider (RatisPipelineProvider.java:lambda$create$4(164)) - Send pipeline:PipelineID=43636421-7305-4aae-a378-25cb5c4ec9b3 create command to datanode 2f180d65-4c25-42b6-a7d0-065130742e7a
2019-09-19 04:23:17,734 [RatisPipelineUtilsThread] INFO  pipeline.RatisPipelineProvider (RatisPipelineProvider.java:lambda$create$4(164)) - Send pipeline:PipelineID=43636421-7305-4aae-a378-25cb5c4ec9b3 create command to datanode 8da68b5e-6b12-4c66-b560-7bfe69901e90
2019-09-19 04:23:17,734 [RatisPipelineUtilsThread] INFO  pipeline.RatisPipelineProvider (RatisPipelineProvider.java:lambda$create$4(164)) - Send pipeline:PipelineID=43636421-7305-4aae-a378-25cb5c4ec9b3 create command to datanode 1f599ffa-6388-40ea-bded-39dbd74e4d02
2019-09-19 04:23:17,953 [IPC Server handler 3 on 44608] INFO  net.NetworkTopology (NetworkTopologyImpl.java:add(110)) - Added a new node: /default-rack/051ac7b8-8cbd-4108-aae8-c2637ffaecd2
2019-09-19 04:23:17,953 [IPC Server handler 3 on 44608] INFO  node.SCMNodeManager (SCMNodeManager.java:register(273)) - Registered Data node : 051ac7b8-8cbd-4108-aae8-c2637ffaecd2{ip: 192.168.34.50, host: pr-hdds-2034-srnhl-2452957315, networkLocation: /default-rack, certSerialId: null}
2019-09-19 04:23:17,957 | INFO  | SCMAudit | user=jenkins1000 | ip=192.168.34.50 | op=REGISTER {datanodeDetails=051ac7b8-8cbd-4108-aae8-c2637ffaecd2{ip: 192.168.34.50, host: pr-hdds-2034-srnhl-2452957315, networkLocation: /default-rack, certSerialId: null}} | ret=SUCCESS |  
2019-09-19 04:23:17,957 [RatisPipelineUtilsThread] INFO  pipeline.RatisPipelineProvider (RatisPipelineProvider.java:lambda$create$4(164)) - Send pipeline:PipelineID=eda47a47-b1c0-4ade-b747-82bdf46c4894 create command to datanode 051ac7b8-8cbd-4108-aae8-c2637ffaecd2
2019-09-19 04:23:18,165 [IPC Server handler 4 on 44608] INFO  net.NetworkTopology (NetworkTopologyImpl.java:add(110)) - Added a new node: /default-rack/c0af3f51-56af-4005-a4bd-c9ee92b8ec18
2019-09-19 04:23:18,165 [IPC Server handler 4 on 44608] INFO  node.SCMNodeManager (SCMNodeManager.java:register(273)) - Registered Data node : c0af3f51-56af-4005-a4bd-c9ee92b8ec18{ip: 192.168.34.50, host: pr-hdds-2034-srnhl-2452957315, networkLocation: /default-rack, certSerialId: null}
2019-09-19 04:23:18,168 | INFO  | SCMAudit | user=jenkins1000 | ip=192.168.34.50 | op=REGISTER {datanodeDetails=c0af3f51-56af-4005-a4bd-c9ee92b8ec18{ip: 192.168.34.50, host: pr-hdds-2034-srnhl-2452957315, networkLocation: /default-rack, certSerialId: null}} | ret=SUCCESS |  
2019-09-19 04:23:18,168 [RatisPipelineUtilsThread] INFO  pipeline.RatisPipelineProvider (RatisPipelineProvider.java:lambda$create$4(164)) - Send pipeline:PipelineID=c1fedab2-7907-41e9-b720-735e9093f461 create command to datanode c0af3f51-56af-4005-a4bd-c9ee92b8ec18
2019-09-19 04:23:18,412 [IPC Server handler 5 on 44608] INFO  net.NetworkTopology (NetworkTopologyImpl.java:add(110)) - Added a new node: /default-rack/012d9a91-6350-442f-966e-df3b04b68d55
2019-09-19 04:23:18,412 [IPC Server handler 5 on 44608] INFO  node.SCMNodeManager (SCMNodeManager.java:register(273)) - Registered Data node : 012d9a91-6350-442f-966e-df3b04b68d55{ip: 192.168.34.50, host: pr-hdds-2034-srnhl-2452957315, networkLocation: /default-rack, certSerialId: null}
2019-09-19 04:23:18,413 [RatisPipelineUtilsThread] INFO  pipeline.RatisPipelineProvider (RatisPipelineProvider.java:lambda$create$4(164)) - Send pipeline:PipelineID=8d0f405e-9860-4280-83f9-186ad72ddf16 create command to datanode 012d9a91-6350-442f-966e-df3b04b68d55
2019-09-19 04:23:18,413 | INFO  | SCMAudit | user=jenkins1000 | ip=192.168.34.50 | op=REGISTER {datanodeDetails=012d9a91-6350-442f-966e-df3b04b68d55{ip: 192.168.34.50, host: pr-hdds-2034-srnhl-2452957315, networkLocation: /default-rack, certSerialId: null}} | ret=SUCCESS |  
2019-09-19 04:23:18,413 [RatisPipelineUtilsThread] INFO  pipeline.RatisPipelineProvider (RatisPipelineProvider.java:lambda$create$4(164)) - Send pipeline:PipelineID=b51e0722-96db-4345-bc2d-3fe106b93b74 create command to datanode 051ac7b8-8cbd-4108-aae8-c2637ffaecd2
2019-09-19 04:23:18,414 [RatisPipelineUtilsThread] INFO  pipeline.RatisPipelineProvider (RatisPipelineProvider.java:lambda$create$4(164)) - Send pipeline:PipelineID=b51e0722-96db-4345-bc2d-3fe106b93b74 create command to datanode 012d9a91-6350-442f-966e-df3b04b68d55
2019-09-19 04:23:18,414 [RatisPipelineUtilsThread] INFO  pipeline.RatisPipelineProvider (RatisPipelineProvider.java:lambda$create$4(164)) - Send pipeline:PipelineID=b51e0722-96db-4345-bc2d-3fe106b93b74 create command to datanode c0af3f51-56af-4005-a4bd-c9ee92b8ec18
2019-09-19 04:23:18,638 [main] INFO  ozone.MiniOzoneClusterImpl (MiniOzoneClusterImpl.java:lambda$waitForClusterToBeReady$0(145)) - Waiting for nodes to be ready. Got 6 of 7 DN Heartbeats.
2019-09-19 04:23:18,638 [main] INFO  ozone.MiniOzoneClusterImpl (MiniOzoneClusterImpl.java:lambda$waitForClusterToBeReady$0(148)) - Waiting for cluster to exit safe mode
2019-09-19 04:23:18,638 [IPC Server handler 2 on 44608] INFO  net.NetworkTopology (NetworkTopologyImpl.java:add(110)) - Added a new node: /default-rack/329dc1ff-c881-4588-b3df-3d5ae8e04650
2019-09-19 04:23:18,639 [IPC Server handler 2 on 44608] INFO  node.SCMNodeManager (SCMNodeManager.java:register(273)) - Registered Data node : 329dc1ff-c881-4588-b3df-3d5ae8e04650{ip: 192.168.34.50, host: pr-hdds-2034-srnhl-2452957315, networkLocation: /default-rack, certSerialId: null}
2019-09-19 04:23:18,639 [RatisPipelineUtilsThread] INFO  pipeline.RatisPipelineProvider (RatisPipelineProvider.java:lambda$create$4(164)) - Send pipeline:PipelineID=0e9faacc-11dd-4dbf-b799-dc2d094ce6e3 create command to datanode 329dc1ff-c881-4588-b3df-3d5ae8e04650
2019-09-19 04:23:18,639 | INFO  | SCMAudit | user=jenkins1000 | ip=192.168.34.50 | op=REGISTER {datanodeDetails=329dc1ff-c881-4588-b3df-3d5ae8e04650{ip: 192.168.34.50, host: pr-hdds-2034-srnhl-2452957315, networkLocation: /default-rack, certSerialId: null}} | ret=SUCCESS |  
2019-09-19 04:23:19,313 | INFO  | SCMAudit | user=jenkins1000 | ip=192.168.34.50 | op=SEND_HEARTBEAT {datanodeUUID=2f180d65-4c25-42b6-a7d0-065130742e7a, command=[commandType: createPipelineCommand createPipelineCommandProto { pipelineID { id: "90459a1c-6e0a-4b78-942f-cdba29885c3d" } type: RATIS factor: ONE datanode { uuid: "2f180d65-4c25-42b6-a7d0-065130742e7a" ipAddress: "192.168.34.50" hostName: "pr-hdds-2034-srnhl-2452957315" ports { name: "REST" value: 40585 } ports { name: "RATIS" value: 36459 } ports { name: "STANDALONE" value: 42379 } networkName: "2f180d65-4c25-42b6-a7d0-065130742e7a" networkLocation: "/default-rack" } cmdId: 1568866766406 } , commandType: createPipelineCommand createPipelineCommandProto { pipelineID { id: "43636421-7305-4aae-a378-25cb5c4ec9b3" } type: RATIS factor: THREE datanode { uuid: "2f180d65-4c25-42b6-a7d0-065130742e7a" ipAddress: "192.168.34.50" hostName: "pr-hdds-2034-srnhl-2452957315" ports { name: "REST" value: 40585 } ports { name: "RATIS" value: 36459 } ports { name: "STANDALONE" value: 42379 } networkName: "2f180d65-4c25-42b6-a7d0-065130742e7a" networkLocation: "/default-rack" } datanode { uuid: "8da68b5e-6b12-4c66-b560-7bfe69901e90" ipAddress: "192.168.34.50" hostName: "pr-hdds-2034-srnhl-2452957315" ports { name: "REST" value: 40177 } ports { name: "RATIS" value: 41239 } ports { name: "STANDALONE" value: 44772 } networkName: "8da68b5e-6b12-4c66-b560-7bfe69901e90" networkLocation: "/default-rack" } datanode { uuid: "1f599ffa-6388-40ea-bded-39dbd74e4d02" ipAddress: "192.168.34.50" hostName: "pr-hdds-2034-srnhl-2452957315" ports { name: "REST" value: 43759 } ports { name: "RATIS" value: 38533 } ports { name: "STANDALONE" value: 46669 } networkName: "1f599ffa-6388-40ea-bded-39dbd74e4d02" networkLocation: "/default-rack" } cmdId: 1568866766409 } ]} | ret=SUCCESS |  
2019-09-19 04:23:19,525 | INFO  | SCMAudit | user=jenkins1000 | ip=192.168.34.50 | op=SEND_HEARTBEAT {datanodeUUID=8da68b5e-6b12-4c66-b560-7bfe69901e90, command=[commandType: createPipelineCommand createPipelineCommandProto { pipelineID { id: "9de6292a-6f39-4736-a712-8f6714ece549" } type: RATIS factor: ONE datanode { uuid: "8da68b5e-6b12-4c66-b560-7bfe69901e90" ipAddress: "192.168.34.50" hostName: "pr-hdds-2034-srnhl-2452957315" ports { name: "REST" value: 40177 } ports { name: "RATIS" value: 41239 } ports { name: "STANDALONE" value: 44772 } networkName: "8da68b5e-6b12-4c66-b560-7bfe69901e90" networkLocation: "/default-rack" } cmdId: 1568866766407 } , commandType: createPipelineCommand createPipelineCommandProto { pipelineID { id: "43636421-7305-4aae-a378-25cb5c4ec9b3" } type: RATIS factor: THREE datanode { uuid: "2f180d65-4c25-42b6-a7d0-065130742e7a" ipAddress: "192.168.34.50" hostName: "pr-hdds-2034-srnhl-2452957315" ports { name: "REST" value: 40585 } ports { name: "RATIS" value: 36459 } ports { name: "STANDALONE" value: 42379 } networkName: "2f180d65-4c25-42b6-a7d0-065130742e7a" networkLocation: "/default-rack" } datanode { uuid: "8da68b5e-6b12-4c66-b560-7bfe69901e90" ipAddress: "192.168.34.50" hostName: "pr-hdds-2034-srnhl-2452957315" ports { name: "REST" value: 40177 } ports { name: "RATIS" value: 41239 } ports { name: "STANDALONE" value: 44772 } networkName: "8da68b5e-6b12-4c66-b560-7bfe69901e90" networkLocation: "/default-rack" } datanode { uuid: "1f599ffa-6388-40ea-bded-39dbd74e4d02" ipAddress: "192.168.34.50" hostName: "pr-hdds-2034-srnhl-2452957315" ports { name: "REST" value: 43759 } ports { name: "RATIS" value: 38533 } ports { name: "STANDALONE" value: 46669 } networkName: "1f599ffa-6388-40ea-bded-39dbd74e4d02" networkLocation: "/default-rack" } cmdId: 1568866766409 } ]} | ret=SUCCESS |  
2019-09-19 04:23:19,638 [main] INFO  ozone.MiniOzoneClusterImpl (MiniOzoneClusterImpl.java:lambda$waitForClusterToBeReady$0(145)) - Nodes are ready. Got 7 of 7 DN Heartbeats.
2019-09-19 04:23:19,639 [main] INFO  ozone.MiniOzoneClusterImpl (MiniOzoneClusterImpl.java:lambda$waitForClusterToBeReady$0(148)) - Waiting for cluster to exit safe mode
2019-09-19 04:23:19,728 | INFO  | SCMAudit | user=jenkins1000 | ip=192.168.34.50 | op=SEND_HEARTBEAT {datanodeUUID=1f599ffa-6388-40ea-bded-39dbd74e4d02, command=[commandType: createPipelineCommand createPipelineCommandProto { pipelineID { id: "80562f1e-9e03-4e04-a324-fd2fc289851f" } type: RATIS factor: ONE datanode { uuid: "1f599ffa-6388-40ea-bded-39dbd74e4d02" ipAddress: "192.168.34.50" hostName: "pr-hdds-2034-srnhl-2452957315" ports { name: "REST" value: 43759 } ports { name: "RATIS" value: 38533 } ports { name: "STANDALONE" value: 46669 } networkName: "1f599ffa-6388-40ea-bded-39dbd74e4d02" networkLocation: "/default-rack" } cmdId: 1568866766408 } , commandType: createPipelineCommand createPipelineCommandProto { pipelineID { id: "43636421-7305-4aae-a378-25cb5c4ec9b3" } type: RATIS factor: THREE datanode { uuid: "2f180d65-4c25-42b6-a7d0-065130742e7a" ipAddress: "192.168.34.50" hostName: "pr-hdds-2034-srnhl-2452957315" ports { name: "REST" value: 40585 } ports { name: "RATIS" value: 36459 } ports { name: "STANDALONE" value: 42379 } networkName: "2f180d65-4c25-42b6-a7d0-065130742e7a" networkLocation: "/default-rack" } datanode { uuid: "8da68b5e-6b12-4c66-b560-7bfe69901e90" ipAddress: "192.168.34.50" hostName: "pr-hdds-2034-srnhl-2452957315" ports { name: "REST" value: 40177 } ports { name: "RATIS" value: 41239 } ports { name: "STANDALONE" value: 44772 } networkName: "8da68b5e-6b12-4c66-b560-7bfe69901e90" networkLocation: "/default-rack" } datanode { uuid: "1f599ffa-6388-40ea-bded-39dbd74e4d02" ipAddress: "192.168.34.50" hostName: "pr-hdds-2034-srnhl-2452957315" ports { name: "REST" value: 43759 } ports { name: "RATIS" value: 38533 } ports { name: "STANDALONE" value: 46669 } networkName: "1f599ffa-6388-40ea-bded-39dbd74e4d02" networkLocation: "/default-rack" } cmdId: 1568866766409 } ]} | ret=SUCCESS |  
2019-09-19 04:23:19,953 | INFO  | SCMAudit | user=jenkins1000 | ip=192.168.34.50 | op=SEND_HEARTBEAT {datanodeUUID=051ac7b8-8cbd-4108-aae8-c2637ffaecd2, command=[commandType: createPipelineCommand createPipelineCommandProto { pipelineID { id: "eda47a47-b1c0-4ade-b747-82bdf46c4894" } type: RATIS factor: ONE datanode { uuid: "051ac7b8-8cbd-4108-aae8-c2637ffaecd2" ipAddress: "192.168.34.50" hostName: "pr-hdds-2034-srnhl-2452957315" ports { name: "REST" value: 44605 } ports { name: "RATIS" value: 34365 } ports { name: "STANDALONE" value: 37607 } networkName: "051ac7b8-8cbd-4108-aae8-c2637ffaecd2" networkLocation: "/default-rack" } cmdId: 1568866766410 } , commandType: createPipelineCommand createPipelineCommandProto { pipelineID { id: "b51e0722-96db-4345-bc2d-3fe106b93b74" } type: RATIS factor: THREE datanode { uuid: "051ac7b8-8cbd-4108-aae8-c2637ffaecd2" ipAddress: "192.168.34.50" hostName: "pr-hdds-2034-srnhl-2452957315" ports { name: "REST" value: 44605 } ports { name: "RATIS" value: 34365 } ports { name: "STANDALONE" value: 37607 } networkName: "051ac7b8-8cbd-4108-aae8-c2637ffaecd2" networkLocation: "/default-rack" } datanode { uuid: "012d9a91-6350-442f-966e-df3b04b68d55" ipAddress: "192.168.34.50" hostName: "pr-hdds-2034-srnhl-2452957315" ports { name: "REST" value: 35774 } ports { name: "RATIS" value: 46641 } ports { name: "STANDALONE" value: 36224 } networkName: "012d9a91-6350-442f-966e-df3b04b68d55" networkLocation: "/default-rack" } datanode { uuid: "c0af3f51-56af-4005-a4bd-c9ee92b8ec18" ipAddress: "192.168.34.50" hostName: "pr-hdds-2034-srnhl-2452957315" ports { name: "REST" value: 36999 } ports { name: "RATIS" value: 44714 } ports { name: "STANDALONE" value: 36412 } networkName: "c0af3f51-56af-4005-a4bd-c9ee92b8ec18" networkLocation: "/default-rack" } cmdId: 1568866766413 } ]} | ret=SUCCESS |  
2019-09-19 04:23:20,165 | INFO  | SCMAudit | user=jenkins1000 | ip=192.168.34.50 | op=SEND_HEARTBEAT {datanodeUUID=c0af3f51-56af-4005-a4bd-c9ee92b8ec18, command=[commandType: createPipelineCommand createPipelineCommandProto { pipelineID { id: "c1fedab2-7907-41e9-b720-735e9093f461" } type: RATIS factor: ONE datanode { uuid: "c0af3f51-56af-4005-a4bd-c9ee92b8ec18" ipAddress: "192.168.34.50" hostName: "pr-hdds-2034-srnhl-2452957315" ports { name: "REST" value: 36999 } ports { name: "RATIS" value: 44714 } ports { name: "STANDALONE" value: 36412 } networkName: "c0af3f51-56af-4005-a4bd-c9ee92b8ec18" networkLocation: "/default-rack" } cmdId: 1568866766411 } , commandType: createPipelineCommand createPipelineCommandProto { pipelineID { id: "b51e0722-96db-4345-bc2d-3fe106b93b74" } type: RATIS factor: THREE datanode { uuid: "051ac7b8-8cbd-4108-aae8-c2637ffaecd2" ipAddress: "192.168.34.50" hostName: "pr-hdds-2034-srnhl-2452957315" ports { name: "REST" value: 44605 } ports { name: "RATIS" value: 34365 } ports { name: "STANDALONE" value: 37607 } networkName: "051ac7b8-8cbd-4108-aae8-c2637ffaecd2" networkLocation: "/default-rack" } datanode { uuid: "012d9a91-6350-442f-966e-df3b04b68d55" ipAddress: "192.168.34.50" hostName: "pr-hdds-2034-srnhl-2452957315" ports { name: "REST" value: 35774 } ports { name: "RATIS" value: 46641 } ports { name: "STANDALONE" value: 36224 } networkName: "012d9a91-6350-442f-966e-df3b04b68d55" networkLocation: "/default-rack" } datanode { uuid: "c0af3f51-56af-4005-a4bd-c9ee92b8ec18" ipAddress: "192.168.34.50" hostName: "pr-hdds-2034-srnhl-2452957315" ports { name: "REST" value: 36999 } ports { name: "RATIS" value: 44714 } ports { name: "STANDALONE" value: 36412 } networkName: "c0af3f51-56af-4005-a4bd-c9ee92b8ec18" networkLocation: "/default-rack" } cmdId: 1568866766413 } ]} | ret=SUCCESS |  
2019-09-19 04:23:20,312 | INFO  | SCMAudit | user=jenkins1000 | ip=192.168.34.50 | op=SEND_HEARTBEAT {datanodeUUID=2f180d65-4c25-42b6-a7d0-065130742e7a, command=[]} | ret=SUCCESS |  
2019-09-19 04:23:20,320 [grpc-default-executor-3] INFO  impl.RaftServerProxy (RaftServerProxy.java:addNew(89)) - 2f180d65-4c25-42b6-a7d0-065130742e7a: addNew group-CDBA29885C3D:[2f180d65-4c25-42b6-a7d0-065130742e7a:192.168.34.50:36459] returns group-CDBA29885C3D:java.util.concurrent.CompletableFuture@956ed5f[Not completed]
2019-09-19 04:23:20,322 [pool-411-thread-1] INFO  impl.RaftServerImpl (RaftServerImpl.java:<init>(93)) - 2f180d65-4c25-42b6-a7d0-065130742e7a: new RaftServerImpl for group-CDBA29885C3D:[2f180d65-4c25-42b6-a7d0-065130742e7a:192.168.34.50:36459] with ContainerStateMachine:uninitialized
2019-09-19 04:23:20,322 [pool-411-thread-1] INFO  server.RaftServerConfigKeys (ConfUtils.java:logGet(43)) - raft.server.rpc.timeout.min = 5s (custom)
2019-09-19 04:23:20,322 [pool-411-thread-1] INFO  server.RaftServerConfigKeys (ConfUtils.java:logGet(43)) - raft.server.rpc.timeout.max = 5200ms (custom)
2019-09-19 04:23:20,322 [pool-411-thread-1] INFO  server.RaftServerConfigKeys (ConfUtils.java:logGet(43)) - raft.server.rpcslowness.timeout = 120s (custom)
2019-09-19 04:23:20,322 [pool-411-thread-1] INFO  server.RaftServerConfigKeys (ConfUtils.java:logGet(43)) - raft.server.sleep.deviation.threshold = 300 (default)
2019-09-19 04:23:20,323 [pool-411-thread-1] INFO  server.RaftServerConfigKeys (ConfUtils.java:logGet(43)) - raft.server.log.appender.install.snapshot.enabled = false (custom)
2019-09-19 04:23:20,323 [pool-411-thread-1] INFO  impl.RaftServerImpl (ServerState.java:<init>(105)) - 2f180d65-4c25-42b6-a7d0-065130742e7a:group-CDBA29885C3D ConfigurationManager, init=-1: [2f180d65-4c25-42b6-a7d0-065130742e7a:192.168.34.50:36459], old=null, confs=<EMPTY_MAP>
2019-09-19 04:23:20,323 [pool-411-thread-1] INFO  server.RaftServerConfigKeys (ConfUtils.java:logGet(43)) - raft.server.storage.dir = [/workdir/hadoop-ozone/integration-test/target/test-dir/MiniOzoneClusterImpl-e123b5d3-93ec-41f3-af3c-77b483f7a668/datanode-0/data/ratis] (custom)
2019-09-19 04:23:20,324 [pool-411-thread-1] INFO  storage.RaftStorageDirectory (RaftStorageDirectory.java:analyzeStorage(246)) - The storage directory /workdir/hadoop-ozone/integration-test/target/test-dir/MiniOzoneClusterImpl-e123b5d3-93ec-41f3-af3c-77b483f7a668/datanode-0/data/ratis/90459a1c-6e0a-4b78-942f-cdba29885c3d does not exist. Creating ...
2019-09-19 04:23:20,405 [pool-411-thread-1] INFO  storage.RaftStorageDirectory (RaftStorageDirectory.java:tryLock(328)) - Lock on /workdir/hadoop-ozone/integration-test/target/test-dir/MiniOzoneClusterImpl-e123b5d3-93ec-41f3-af3c-77b483f7a668/datanode-0/data/ratis/90459a1c-6e0a-4b78-942f-cdba29885c3d/in_use.lock acquired by nodename 12012@pr-hdds-2034-srnhl-2452957315
2019-09-19 04:23:20,413 | INFO  | SCMAudit | user=jenkins1000 | ip=192.168.34.50 | op=SEND_HEARTBEAT {datanodeUUID=012d9a91-6350-442f-966e-df3b04b68d55, command=[commandType: createPipelineCommand createPipelineCommandProto { pipelineID { id: "8d0f405e-9860-4280-83f9-186ad72ddf16" } type: RATIS factor: ONE datanode { uuid: "012d9a91-6350-442f-966e-df3b04b68d55" ipAddress: "192.168.34.50" hostName: "pr-hdds-2034-srnhl-2452957315" ports { name: "REST" value: 35774 } ports { name: "RATIS" value: 46641 } ports { name: "STANDALONE" value: 36224 } networkName: "012d9a91-6350-442f-966e-df3b04b68d55" networkLocation: "/default-rack" } cmdId: 1568866766412 } , commandType: createPipelineCommand createPipelineCommandProto { pipelineID { id: "b51e0722-96db-4345-bc2d-3fe106b93b74" } type: RATIS factor: THREE datanode { uuid: "051ac7b8-8cbd-4108-aae8-c2637ffaecd2" ipAddress: "192.168.34.50" hostName: "pr-hdds-2034-srnhl-2452957315" ports { name: "REST" value: 44605 } ports { name: "RATIS" value: 34365 } ports { name: "STANDALONE" value: 37607 } networkName: "051ac7b8-8cbd-4108-aae8-c2637ffaecd2" networkLocation: "/default-rack" } datanode { uuid: "012d9a91-6350-442f-966e-df3b04b68d55" ipAddress: "192.168.34.50" hostName: "pr-hdds-2034-srnhl-2452957315" ports { name: "REST" value: 35774 } ports { name: "RATIS" value: 46641 } ports { name: "STANDALONE" value: 36224 } networkName: "012d9a91-6350-442f-966e-df3b04b68d55" networkLocation: "/default-rack" } datanode { uuid: "c0af3f51-56af-4005-a4bd-c9ee92b8ec18" ipAddress: "192.168.34.50" hostName: "pr-hdds-2034-srnhl-2452957315" ports { name: "REST" value: 36999 } ports { name: "RATIS" value: 44714 } ports { name: "STANDALONE" value: 36412 } networkName: "c0af3f51-56af-4005-a4bd-c9ee92b8ec18" networkLocation: "/default-rack" } cmdId: 1568866766413 } ]} | ret=SUCCESS |  
2019-09-19 04:23:20,465 [pool-411-thread-1] INFO  storage.RaftStorage (RaftStorage.java:format(72)) - Storage directory /workdir/hadoop-ozone/integration-test/target/test-dir/MiniOzoneClusterImpl-e123b5d3-93ec-41f3-af3c-77b483f7a668/datanode-0/data/ratis/90459a1c-6e0a-4b78-942f-cdba29885c3d has been successfully formatted.
2019-09-19 04:23:20,465 [pool-411-thread-1] INFO  ratis.ContainerStateMachine (ContainerStateMachine.java:loadSnapshot(226)) - group-CDBA29885C3D: The snapshot info is null. Setting the last applied indexto:(t:0, i:~)
2019-09-19 04:23:20,465 [pool-411-thread-1] INFO  server.RaftServerConfigKeys (ConfUtils.java:logGet(43)) - raft.server.leader.election.timeout = 120s (custom)
2019-09-19 04:23:20,465 [pool-411-thread-1] INFO  server.RaftServerConfigKeys (ConfUtils.java:logGet(43)) - raft.server.log.use.memory = false (default)
2019-09-19 04:23:20,465 [pool-411-thread-1] INFO  server.RaftServerConfigKeys (ConfUtils.java:logGet(43)) - raft.server.log.purge.gap = 1000000 (custom)
2019-09-19 04:23:20,466 [pool-411-thread-1] INFO  server.RaftServerConfigKeys (ConfUtils.java:logGet(43)) - raft.server.log.appender.buffer.byte-limit = 33554432 (custom)
2019-09-19 04:23:20,466 [pool-411-thread-1] INFO  server.RaftServerConfigKeys (ConfUtils.java:logGet(43)) - raft.server.log.segment.size.max = 1048576 (custom)
2019-09-19 04:23:20,466 [pool-411-thread-1] INFO  server.RaftServerConfigKeys (ConfUtils.java:logGet(43)) - raft.server.log.segment.cache.num.max = 2 (custom)
2019-09-19 04:23:20,466 [pool-411-thread-1] INFO  segmented.SegmentedRaftLogWorker (SegmentedRaftLogWorker.java:<init>(172)) - new 2f180d65-4c25-42b6-a7d0-065130742e7a-SegmentedRaftLogWorker:Storage Directory /workdir/hadoop-ozone/integration-test/target/test-dir/MiniOzoneClusterImpl-e123b5d3-93ec-41f3-af3c-77b483f7a668/datanode-0/data/ratis/90459a1c-6e0a-4b78-942f-cdba29885c3d for RaftStorage:Storage Directory /workdir/hadoop-ozone/integration-test/target/test-dir/MiniOzoneClusterImpl-e123b5d3-93ec-41f3-af3c-77b483f7a668/datanode-0/data/ratis/90459a1c-6e0a-4b78-942f-cdba29885c3d
2019-09-19 04:23:20,466 [pool-411-thread-1] INFO  server.RaftServerConfigKeys (ConfUtils.java:logGet(43)) - raft.server.log.queue.byte-limit = 2147483647 (custom)
2019-09-19 04:23:20,467 [pool-411-thread-1] INFO  server.RaftServerConfigKeys (ConfUtils.java:logGet(43)) - raft.server.log.queue.element-limit = 1024 (custom)
2019-09-19 04:23:20,467 [pool-411-thread-1] INFO  server.RaftServerConfigKeys (ConfUtils.java:logGet(43)) - raft.server.log.segment.size.max = 1048576 (custom)
2019-09-19 04:23:20,467 [pool-411-thread-1] INFO  server.RaftServerConfigKeys (ConfUtils.java:logGet(43)) - raft.server.log.preallocated.size = 16384 (custom)
2019-09-19 04:23:20,467 [pool-411-thread-1] INFO  server.RaftServerConfigKeys (ConfUtils.java:logGet(43)) - raft.server.log.write.buffer.size = 33554432 (custom)
2019-09-19 04:23:20,467 [pool-411-thread-1] INFO  server.RaftServerConfigKeys (ConfUtils.java:logGet(43)) - raft.server.log.force.sync.num = 128 (default)
2019-09-19 04:23:20,468 [pool-411-thread-1] INFO  server.RaftServerConfigKeys (ConfUtils.java:logGet(43)) - raft.server.log.statemachine.data.sync = true (default)
2019-09-19 04:23:20,468 [pool-411-thread-1] INFO  server.RaftServerConfigKeys (ConfUtils.java:logGet(43)) - raft.server.log.statemachine.data.sync.timeout = 10s (default)
2019-09-19 04:23:20,468 [pool-411-thread-1] INFO  server.RaftServerConfigKeys (ConfUtils.java:logGet(43)) - raft.server.log.statemachine.data.sync.timeout.retry = -1 (default)
2019-09-19 04:23:20,468 [pool-411-thread-1] INFO  server.RaftServerConfigKeys (ConfUtils.java:logGet(43)) - raft.server.log.statemachine.data.caching.enabled = true (custom)
2019-09-19 04:23:20,469 [pool-411-thread-1] INFO  segmented.SegmentedRaftLogWorker (SegmentedRaftLogWorker.java:lambda$new$0(132)) - 2f180d65-4c25-42b6-a7d0-065130742e7a-SegmentedRaftLogWorker:Storage Directory /workdir/hadoop-ozone/integration-test/target/test-dir/MiniOzoneClusterImpl-e123b5d3-93ec-41f3-af3c-77b483f7a668/datanode-0/data/ratis/90459a1c-6e0a-4b78-942f-cdba29885c3d: flushIndex: setUnconditionally 0 -> -1
2019-09-19 04:23:20,469 [pool-411-thread-1] INFO  server.RaftServerConfigKeys (ConfUtils.java:logGet(43)) - raft.server.snapshot.auto.trigger.enabled = true (custom)
2019-09-19 04:23:20,469 [pool-411-thread-1] INFO  server.RaftServerConfigKeys (ConfUtils.java:logGet(43)) - raft.server.snapshot.auto.trigger.threshold = 10000 (custom)
2019-09-19 04:23:20,469 [pool-411-thread-1] INFO  server.RaftServerConfigKeys (ConfUtils.java:logGet(43)) - raft.server.retrycache.expirytime = 600000ms (custom)
2019-09-19 04:23:20,470 [pool-411-thread-1] INFO  impl.RaftServerImpl (RaftServerImpl.java:start(180)) - 2f180d65-4c25-42b6-a7d0-065130742e7a: start group-CDBA29885C3D
2019-09-19 04:23:20,470 [pool-411-thread-1] INFO  impl.RaftServerImpl (RaftServerImpl.java:setRole(171)) - 2f180d65-4c25-42b6-a7d0-065130742e7a:group-CDBA29885C3D changes role from null to FOLLOWER at term 0 for startAsFollower
2019-09-19 04:23:20,470 [pool-411-thread-1] INFO  impl.RoleInfo (RoleInfo.java:updateAndGet(143)) - 2f180d65-4c25-42b6-a7d0-065130742e7a: start FollowerState
2019-09-19 04:23:20,470 [pool-411-thread-1] INFO  util.JmxRegister (JmxRegister.java:tryRegister(44)) - Successfully registered JMX Bean with object name Ratis:service=RaftServer,group=group-CDBA29885C3D,id=2f180d65-4c25-42b6-a7d0-065130742e7a
2019-09-19 04:23:20,473 [Command processor thread] INFO  commandhandler.CreatePipelineCommandHandler (CreatePipelineCommandHandler.java:handle(112)) - Create Pipeline RATIS ONE #PipelineID=90459a1c-6e0a-4b78-942f-cdba29885c3d command succeed on datanode 2f180d65-4c25-42b6-a7d0-065130742e7a.
2019-09-19 04:23:20,477 [grpc-default-executor-3] INFO  impl.RaftServerProxy (RaftServerProxy.java:addNew(89)) - 2f180d65-4c25-42b6-a7d0-065130742e7a: addNew group-25CB5C4EC9B3:[8da68b5e-6b12-4c66-b560-7bfe69901e90:192.168.34.50:41239, 2f180d65-4c25-42b6-a7d0-065130742e7a:192.168.34.50:36459, 1f599ffa-6388-40ea-bded-39dbd74e4d02:192.168.34.50:38533] returns group-25CB5C4EC9B3:java.util.concurrent.CompletableFuture@5f34c604[Not completed]
2019-09-19 04:23:20,479 [pool-411-thread-1] INFO  impl.RaftServerImpl (RaftServerImpl.java:<init>(93)) - 2f180d65-4c25-42b6-a7d0-065130742e7a: new RaftServerImpl for group-25CB5C4EC9B3:[8da68b5e-6b12-4c66-b560-7bfe69901e90:192.168.34.50:41239, 2f180d65-4c25-42b6-a7d0-065130742e7a:192.168.34.50:36459, 1f599ffa-6388-40ea-bded-39dbd74e4d02:192.168.34.50:38533] with ContainerStateMachine:uninitialized
2019-09-19 04:23:20,479 [pool-411-thread-1] INFO  server.RaftServerConfigKeys (ConfUtils.java:logGet(43)) - raft.server.rpc.timeout.min = 5s (custom)
2019-09-19 04:23:20,479 [pool-411-thread-1] INFO  server.RaftServerConfigKeys (ConfUtils.java:logGet(43)) - raft.server.rpc.timeout.max = 5200ms (custom)
2019-09-19 04:23:20,479 [pool-411-thread-1] INFO  server.RaftServerConfigKeys (ConfUtils.java:logGet(43)) - raft.server.rpcslowness.timeout = 120s (custom)
2019-09-19 04:23:20,479 [pool-411-thread-1] INFO  server.RaftServerConfigKeys (ConfUtils.java:logGet(43)) - raft.server.sleep.deviation.threshold = 300 (default)
2019-09-19 04:23:20,479 [pool-411-thread-1] INFO  server.RaftServerConfigKeys (ConfUtils.java:logGet(43)) - raft.server.log.appender.install.snapshot.enabled = false (custom)
2019-09-19 04:23:20,479 [pool-411-thread-1] INFO  impl.RaftServerImpl (ServerState.java:<init>(105)) - 2f180d65-4c25-42b6-a7d0-065130742e7a:group-25CB5C4EC9B3 ConfigurationManager, init=-1: [8da68b5e-6b12-4c66-b560-7bfe69901e90:192.168.34.50:41239, 2f180d65-4c25-42b6-a7d0-065130742e7a:192.168.34.50:36459, 1f599ffa-6388-40ea-bded-39dbd74e4d02:192.168.34.50:38533], old=null, confs=<EMPTY_MAP>
2019-09-19 04:23:20,479 [pool-411-thread-1] INFO  server.RaftServerConfigKeys (ConfUtils.java:logGet(43)) - raft.server.storage.dir = [/workdir/hadoop-ozone/integration-test/target/test-dir/MiniOzoneClusterImpl-e123b5d3-93ec-41f3-af3c-77b483f7a668/datanode-0/data/ratis] (custom)
2019-09-19 04:23:20,480 [pool-411-thread-1] INFO  storage.RaftStorageDirectory (RaftStorageDirectory.java:analyzeStorage(246)) - The storage directory /workdir/hadoop-ozone/integration-test/target/test-dir/MiniOzoneClusterImpl-e123b5d3-93ec-41f3-af3c-77b483f7a668/datanode-0/data/ratis/43636421-7305-4aae-a378-25cb5c4ec9b3 does not exist. Creating ...
2019-09-19 04:23:20,524 | INFO  | SCMAudit | user=jenkins1000 | ip=192.168.34.50 | op=SEND_HEARTBEAT {datanodeUUID=8da68b5e-6b12-4c66-b560-7bfe69901e90, command=[]} | ret=SUCCESS |  
2019-09-19 04:23:20,530 [grpc-default-executor-3] INFO  impl.RaftServerProxy (RaftServerProxy.java:addNew(89)) - 8da68b5e-6b12-4c66-b560-7bfe69901e90: addNew group-8F6714ECE549:[8da68b5e-6b12-4c66-b560-7bfe69901e90:192.168.34.50:41239] returns group-8F6714ECE549:java.util.concurrent.CompletableFuture@a4b59ff[Not completed]
2019-09-19 04:23:20,531 [pool-422-thread-1] INFO  impl.RaftServerImpl (RaftServerImpl.java:<init>(93)) - 8da68b5e-6b12-4c66-b560-7bfe69901e90: new RaftServerImpl for group-8F6714ECE549:[8da68b5e-6b12-4c66-b560-7bfe69901e90:192.168.34.50:41239] with ContainerStateMachine:uninitialized
2019-09-19 04:23:20,531 [pool-422-thread-1] INFO  server.RaftServerConfigKeys (ConfUtils.java:logGet(43)) - raft.server.rpc.timeout.min = 5s (custom)
2019-09-19 04:23:20,531 [pool-422-thread-1] INFO  server.RaftServerConfigKeys (ConfUtils.java:logGet(43)) - raft.server.rpc.timeout.max = 5200ms (custom)
2019-09-19 04:23:20,531 [pool-422-thread-1] INFO  server.RaftServerConfigKeys (ConfUtils.java:logGet(43)) - raft.server.rpcslowness.timeout = 120s (custom)
2019-09-19 04:23:20,531 [pool-422-thread-1] INFO  server.RaftServerConfigKeys (ConfUtils.java:logGet(43)) - raft.server.sleep.deviation.threshold = 300 (default)
2019-09-19 04:23:20,531 [pool-422-thread-1] INFO  server.RaftServerConfigKeys (ConfUtils.java:logGet(43)) - raft.server.log.appender.install.snapshot.enabled = false (custom)
2019-09-19 04:23:20,531 [pool-422-thread-1] INFO  impl.RaftServerImpl (ServerState.java:<init>(105)) - 8da68b5e-6b12-4c66-b560-7bfe69901e90:group-8F6714ECE549 ConfigurationManager, init=-1: [8da68b5e-6b12-4c66-b560-7bfe69901e90:192.168.34.50:41239], old=null, confs=<EMPTY_MAP>
2019-09-19 04:23:20,532 [pool-422-thread-1] INFO  server.RaftServerConfigKeys (ConfUtils.java:logGet(43)) - raft.server.storage.dir = [/workdir/hadoop-ozone/integration-test/target/test-dir/MiniOzoneClusterImpl-e123b5d3-93ec-41f3-af3c-77b483f7a668/datanode-1/data/ratis] (custom)
2019-09-19 04:23:20,532 [pool-422-thread-1] INFO  storage.RaftStorageDirectory (RaftStorageDirectory.java:analyzeStorage(246)) - The storage directory /workdir/hadoop-ozone/integration-test/target/test-dir/MiniOzoneClusterImpl-e123b5d3-93ec-41f3-af3c-77b483f7a668/datanode-1/data/ratis/9de6292a-6f39-4736-a712-8f6714ece549 does not exist. Creating ...
2019-09-19 04:23:20,556 [pool-411-thread-1] INFO  storage.RaftStorageDirectory (RaftStorageDirectory.java:tryLock(328)) - Lock on /workdir/hadoop-ozone/integration-test/target/test-dir/MiniOzoneClusterImpl-e123b5d3-93ec-41f3-af3c-77b483f7a668/datanode-0/data/ratis/43636421-7305-4aae-a378-25cb5c4ec9b3/in_use.lock acquired by nodename 12012@pr-hdds-2034-srnhl-2452957315
2019-09-19 04:23:20,607 [pool-422-thread-1] INFO  storage.RaftStorageDirectory (RaftStorageDirectory.java:tryLock(328)) - Lock on /workdir/hadoop-ozone/integration-test/target/test-dir/MiniOzoneClusterImpl-e123b5d3-93ec-41f3-af3c-77b483f7a668/datanode-1/data/ratis/9de6292a-6f39-4736-a712-8f6714ece549/in_use.lock acquired by nodename 12012@pr-hdds-2034-srnhl-2452957315
2019-09-19 04:23:20,639 | INFO  | SCMAudit | user=jenkins1000 | ip=192.168.34.50 | op=SEND_HEARTBEAT {datanodeUUID=329dc1ff-c881-4588-b3df-3d5ae8e04650, command=[commandType: createPipelineCommand createPipelineCommandProto { pipelineID { id: "0e9faacc-11dd-4dbf-b799-dc2d094ce6e3" } type: RATIS factor: ONE datanode { uuid: "329dc1ff-c881-4588-b3df-3d5ae8e04650" ipAddress: "192.168.34.50" hostName: "pr-hdds-2034-srnhl-2452957315" ports { name: "REST" value: 34766 } ports { name: "RATIS" value: 42707 } ports { name: "STANDALONE" value: 43024 } networkName: "329dc1ff-c881-4588-b3df-3d5ae8e04650" networkLocation: "/default-rack" } cmdId: 1568866766414 } ]} | ret=SUCCESS |  
2019-09-19 04:23:20,639 [main] INFO  ozone.MiniOzoneClusterImpl (MiniOzoneClusterImpl.java:lambda$waitForClusterToBeReady$0(145)) - Nodes are ready. Got 7 of 7 DN Heartbeats.
2019-09-19 04:23:20,640 [main] INFO  ozone.MiniOzoneClusterImpl (MiniOzoneClusterImpl.java:lambda$waitForClusterToBeReady$0(148)) - Waiting for cluster to exit safe mode
2019-09-19 04:23:20,664 [pool-411-thread-1] INFO  storage.RaftStorage (RaftStorage.java:format(72)) - Storage directory /workdir/hadoop-ozone/integration-test/target/test-dir/MiniOzoneClusterImpl-e123b5d3-93ec-41f3-af3c-77b483f7a668/datanode-0/data/ratis/43636421-7305-4aae-a378-25cb5c4ec9b3 has been successfully formatted.
2019-09-19 04:23:20,665 [pool-411-thread-1] INFO  ratis.ContainerStateMachine (ContainerStateMachine.java:loadSnapshot(226)) - group-25CB5C4EC9B3: The snapshot info is null. Setting the last applied indexto:(t:0, i:~)
2019-09-19 04:23:20,665 [pool-411-thread-1] INFO  server.RaftServerConfigKeys (ConfUtils.java:logGet(43)) - raft.server.leader.election.timeout = 120s (custom)
2019-09-19 04:23:20,665 [pool-411-thread-1] INFO  server.RaftServerConfigKeys (ConfUtils.java:logGet(43)) - raft.server.log.use.memory = false (default)
2019-09-19 04:23:20,665 [pool-411-thread-1] INFO  server.RaftServerConfigKeys (ConfUtils.java:logGet(43)) - raft.server.log.purge.gap = 1000000 (custom)
2019-09-19 04:23:20,666 [pool-411-thread-1] INFO  server.RaftServerConfigKeys (ConfUtils.java:logGet(43)) - raft.server.log.appender.buffer.byte-limit = 33554432 (custom)
2019-09-19 04:23:20,666 [pool-411-thread-1] INFO  server.RaftServerConfigKeys (ConfUtils.java:logGet(43)) - raft.server.log.segment.size.max = 1048576 (custom)
2019-09-19 04:23:20,666 [pool-411-thread-1] INFO  server.RaftServerConfigKeys (ConfUtils.java:logGet(43)) - raft.server.log.segment.cache.num.max = 2 (custom)
2019-09-19 04:23:20,666 [pool-411-thread-1] INFO  segmented.SegmentedRaftLogWorker (SegmentedRaftLogWorker.java:<init>(172)) - new 2f180d65-4c25-42b6-a7d0-065130742e7a-SegmentedRaftLogWorker:Storage Directory /workdir/hadoop-ozone/integration-test/target/test-dir/MiniOzoneClusterImpl-e123b5d3-93ec-41f3-af3c-77b483f7a668/datanode-0/data/ratis/43636421-7305-4aae-a378-25cb5c4ec9b3 for RaftStorage:Storage Directory /workdir/hadoop-ozone/integration-test/target/test-dir/MiniOzoneClusterImpl-e123b5d3-93ec-41f3-af3c-77b483f7a668/datanode-0/data/ratis/43636421-7305-4aae-a378-25cb5c4ec9b3
2019-09-19 04:23:20,667 [pool-411-thread-1] INFO  server.RaftServerConfigKeys (ConfUtils.java:logGet(43)) - raft.server.log.queue.byte-limit = 2147483647 (custom)
2019-09-19 04:23:20,667 [pool-411-thread-1] INFO  server.RaftServerConfigKeys (ConfUtils.java:logGet(43)) - raft.server.log.queue.element-limit = 1024 (custom)
2019-09-19 04:23:20,667 [pool-411-thread-1] INFO  server.RaftServerConfigKeys (ConfUtils.java:logGet(43)) - raft.server.log.segment.size.max = 1048576 (custom)
2019-09-19 04:23:20,667 [pool-411-thread-1] INFO  server.RaftServerConfigKeys (ConfUtils.java:logGet(43)) - raft.server.log.preallocated.size = 16384 (custom)
2019-09-19 04:23:20,667 [pool-411-thread-1] INFO  server.RaftServerConfigKeys (ConfUtils.java:logGet(43)) - raft.server.log.write.buffer.size = 33554432 (custom)
2019-09-19 04:23:20,667 [pool-411-thread-1] INFO  server.RaftServerConfigKeys (ConfUtils.java:logGet(43)) - raft.server.log.force.sync.num = 128 (default)
2019-09-19 04:23:20,668 [pool-411-thread-1] INFO  server.RaftServerConfigKeys (ConfUtils.java:logGet(43)) - raft.server.log.statemachine.data.sync = true (default)
2019-09-19 04:23:20,668 [pool-411-thread-1] INFO  server.RaftServerConfigKeys (ConfUtils.java:logGet(43)) - raft.server.log.statemachine.data.sync.timeout = 10s (default)
2019-09-19 04:23:20,668 [pool-411-thread-1] INFO  server.RaftServerConfigKeys (ConfUtils.java:logGet(43)) - raft.server.log.statemachine.data.sync.timeout.retry = -1 (default)
2019-09-19 04:23:20,668 [pool-411-thread-1] INFO  server.RaftServerConfigKeys (ConfUtils.java:logGet(43)) - raft.server.log.statemachine.data.caching.enabled = true (custom)
2019-09-19 04:23:20,669 [pool-411-thread-1] INFO  segmented.SegmentedRaftLogWorker (SegmentedRaftLogWorker.java:lambda$new$0(132)) - 2f180d65-4c25-42b6-a7d0-065130742e7a-SegmentedRaftLogWorker:Storage Directory /workdir/hadoop-ozone/integration-test/target/test-dir/MiniOzoneClusterImpl-e123b5d3-93ec-41f3-af3c-77b483f7a668/datanode-0/data/ratis/43636421-7305-4aae-a378-25cb5c4ec9b3: flushIndex: setUnconditionally 0 -> -1
2019-09-19 04:23:20,669 [pool-411-thread-1] INFO  server.RaftServerConfigKeys (ConfUtils.java:logGet(43)) - raft.server.snapshot.auto.trigger.enabled = true (custom)
2019-09-19 04:23:20,669 [pool-411-thread-1] INFO  server.RaftServerConfigKeys (ConfUtils.java:logGet(43)) - raft.server.snapshot.auto.trigger.threshold = 10000 (custom)
2019-09-19 04:23:20,669 [pool-411-thread-1] INFO  server.RaftServerConfigKeys (ConfUtils.java:logGet(43)) - raft.server.retrycache.expirytime = 600000ms (custom)
2019-09-19 04:23:20,670 [pool-411-thread-1] INFO  impl.RaftServerImpl (RaftServerImpl.java:start(180)) - 2f180d65-4c25-42b6-a7d0-065130742e7a: start group-25CB5C4EC9B3
2019-09-19 04:23:20,670 [pool-411-thread-1] INFO  impl.RaftServerImpl (RaftServerImpl.java:setRole(171)) - 2f180d65-4c25-42b6-a7d0-065130742e7a:group-25CB5C4EC9B3 changes role from null to FOLLOWER at term 0 for startAsFollower
2019-09-19 04:23:20,670 [pool-411-thread-1] INFO  impl.RoleInfo (RoleInfo.java:updateAndGet(143)) - 2f180d65-4c25-42b6-a7d0-065130742e7a: start FollowerState
2019-09-19 04:23:20,671 [pool-411-thread-1] INFO  util.JmxRegister (JmxRegister.java:tryRegister(44)) - Successfully registered JMX Bean with object name Ratis:service=RaftServer,group=group-25CB5C4EC9B3,id=2f180d65-4c25-42b6-a7d0-065130742e7a
2019-09-19 04:23:20,674 [Command processor thread] INFO  commandhandler.CreatePipelineCommandHandler (CreatePipelineCommandHandler.java:handle(112)) - Create Pipeline RATIS THREE #PipelineID=43636421-7305-4aae-a378-25cb5c4ec9b3 command succeed on datanode 2f180d65-4c25-42b6-a7d0-065130742e7a.
2019-09-19 04:23:20,681 [pool-422-thread-1] INFO  storage.RaftStorage (RaftStorage.java:format(72)) - Storage directory /workdir/hadoop-ozone/integration-test/target/test-dir/MiniOzoneClusterImpl-e123b5d3-93ec-41f3-af3c-77b483f7a668/datanode-1/data/ratis/9de6292a-6f39-4736-a712-8f6714ece549 has been successfully formatted.
2019-09-19 04:23:20,682 [pool-422-thread-1] INFO  ratis.ContainerStateMachine (ContainerStateMachine.java:loadSnapshot(226)) - group-8F6714ECE549: The snapshot info is null. Setting the last applied indexto:(t:0, i:~)
2019-09-19 04:23:20,682 [pool-422-thread-1] INFO  server.RaftServerConfigKeys (ConfUtils.java:logGet(43)) - raft.server.leader.election.timeout = 120s (custom)
2019-09-19 04:23:20,682 [pool-422-thread-1] INFO  server.RaftServerConfigKeys (ConfUtils.java:logGet(43)) - raft.server.log.use.memory = false (default)
2019-09-19 04:23:20,682 [pool-422-thread-1] INFO  server.RaftServerConfigKeys (ConfUtils.java:logGet(43)) - raft.server.log.purge.gap = 1000000 (custom)
2019-09-19 04:23:20,682 [pool-422-thread-1] INFO  server.RaftServerConfigKeys (ConfUtils.java:logGet(43)) - raft.server.log.appender.buffer.byte-limit = 33554432 (custom)
2019-09-19 04:23:20,682 [pool-422-thread-1] INFO  server.RaftServerConfigKeys (ConfUtils.java:logGet(43)) - raft.server.log.segment.size.max = 1048576 (custom)
2019-09-19 04:23:20,682 [pool-422-thread-1] INFO  server.RaftServerConfigKeys (ConfUtils.java:logGet(43)) - raft.server.log.segment.cache.num.max = 2 (custom)
2019-09-19 04:23:20,683 [pool-422-thread-1] INFO  segmented.SegmentedRaftLogWorker (SegmentedRaftLogWorker.java:<init>(172)) - new 8da68b5e-6b12-4c66-b560-7bfe69901e90-SegmentedRaftLogWorker:Storage Directory /workdir/hadoop-ozone/integration-test/target/test-dir/MiniOzoneClusterImpl-e123b5d3-93ec-41f3-af3c-77b483f7a668/datanode-1/data/ratis/9de6292a-6f39-4736-a712-8f6714ece549 for RaftStorage:Storage Directory /workdir/hadoop-ozone/integration-test/target/test-dir/MiniOzoneClusterImpl-e123b5d3-93ec-41f3-af3c-77b483f7a668/datanode-1/data/ratis/9de6292a-6f39-4736-a712-8f6714ece549
2019-09-19 04:23:20,683 [pool-422-thread-1] INFO  server.RaftServerConfigKeys (ConfUtils.java:logGet(43)) - raft.server.log.queue.byte-limit = 2147483647 (custom)
2019-09-19 04:23:20,683 [pool-422-thread-1] INFO  server.RaftServerConfigKeys (ConfUtils.java:logGet(43)) - raft.server.log.queue.element-limit = 1024 (custom)
2019-09-19 04:23:20,683 [pool-422-thread-1] INFO  server.RaftServerConfigKeys (ConfUtils.java:logGet(43)) - raft.server.log.segment.size.max = 1048576 (custom)
2019-09-19 04:23:20,683 [pool-422-thread-1] INFO  server.RaftServerConfigKeys (ConfUtils.java:logGet(43)) - raft.server.log.preallocated.size = 16384 (custom)
2019-09-19 04:23:20,683 [pool-422-thread-1] INFO  server.RaftServerConfigKeys (ConfUtils.java:logGet(43)) - raft.server.log.write.buffer.size = 33554432 (custom)
2019-09-19 04:23:20,683 [pool-422-thread-1] INFO  server.RaftServerConfigKeys (ConfUtils.java:logGet(43)) - raft.server.log.force.sync.num = 128 (default)
2019-09-19 04:23:20,684 [pool-422-thread-1] INFO  server.RaftServerConfigKeys (ConfUtils.java:logGet(43)) - raft.server.log.statemachine.data.sync = true (default)
2019-09-19 04:23:20,684 [pool-422-thread-1] INFO  server.RaftServerConfigKeys (ConfUtils.java:logGet(43)) - raft.server.log.statemachine.data.sync.timeout = 10s (default)
2019-09-19 04:23:20,684 [pool-422-thread-1] INFO  server.RaftServerConfigKeys (ConfUtils.java:logGet(43)) - raft.server.log.statemachine.data.sync.timeout.retry = -1 (default)
2019-09-19 04:23:20,684 [pool-422-thread-1] INFO  server.RaftServerConfigKeys (ConfUtils.java:logGet(43)) - raft.server.log.statemachine.data.caching.enabled = true (custom)
2019-09-19 04:23:20,684 [pool-422-thread-1] INFO  segmented.SegmentedRaftLogWorker (SegmentedRaftLogWorker.java:lambda$new$0(132)) - 8da68b5e-6b12-4c66-b560-7bfe69901e90-SegmentedRaftLogWorker:Storage Directory /workdir/hadoop-ozone/integration-test/target/test-dir/MiniOzoneClusterImpl-e123b5d3-93ec-41f3-af3c-77b483f7a668/datanode-1/data/ratis/9de6292a-6f39-4736-a712-8f6714ece549: flushIndex: setUnconditionally 0 -> -1
2019-09-19 04:23:20,685 [pool-422-thread-1] INFO  server.RaftServerConfigKeys (ConfUtils.java:logGet(43)) - raft.server.snapshot.auto.trigger.enabled = true (custom)
2019-09-19 04:23:20,685 [pool-422-thread-1] INFO  server.RaftServerConfigKeys (ConfUtils.java:logGet(43)) - raft.server.snapshot.auto.trigger.threshold = 10000 (custom)
2019-09-19 04:23:20,685 [pool-422-thread-1] INFO  server.RaftServerConfigKeys (ConfUtils.java:logGet(43)) - raft.server.retrycache.expirytime = 600000ms (custom)
2019-09-19 04:23:20,685 [pool-422-thread-1] INFO  impl.RaftServerImpl (RaftServerImpl.java:start(180)) - 8da68b5e-6b12-4c66-b560-7bfe69901e90: start group-8F6714ECE549
2019-09-19 04:23:20,685 [pool-422-thread-1] INFO  impl.RaftServerImpl (RaftServerImpl.java:setRole(171)) - 8da68b5e-6b12-4c66-b560-7bfe69901e90:group-8F6714ECE549 changes role from null to FOLLOWER at term 0 for startAsFollower
2019-09-19 04:23:20,685 [pool-422-thread-1] INFO  impl.RoleInfo (RoleInfo.java:updateAndGet(143)) - 8da68b5e-6b12-4c66-b560-7bfe69901e90: start FollowerState
2019-09-19 04:23:20,686 [pool-422-thread-1] INFO  util.JmxRegister (JmxRegister.java:tryRegister(44)) - Successfully registered JMX Bean with object name Ratis:service=RaftServer,group=group-8F6714ECE549,id=8da68b5e-6b12-4c66-b560-7bfe69901e90
2019-09-19 04:23:20,687 [Command processor thread] INFO  commandhandler.CreatePipelineCommandHandler (CreatePipelineCommandHandler.java:handle(112)) - Create Pipeline RATIS ONE #PipelineID=9de6292a-6f39-4736-a712-8f6714ece549 command succeed on datanode 8da68b5e-6b12-4c66-b560-7bfe69901e90.
2019-09-19 04:23:20,691 [grpc-default-executor-3] INFO  impl.RaftServerProxy (RaftServerProxy.java:addNew(89)) - 8da68b5e-6b12-4c66-b560-7bfe69901e90: addNew group-25CB5C4EC9B3:[8da68b5e-6b12-4c66-b560-7bfe69901e90:192.168.34.50:41239, 2f180d65-4c25-42b6-a7d0-065130742e7a:192.168.34.50:36459, 1f599ffa-6388-40ea-bded-39dbd74e4d02:192.168.34.50:38533] returns group-25CB5C4EC9B3:java.util.concurrent.CompletableFuture@622a8c34[Not completed]
2019-09-19 04:23:20,693 [pool-422-thread-1] INFO  impl.RaftServerImpl (RaftServerImpl.java:<init>(93)) - 8da68b5e-6b12-4c66-b560-7bfe69901e90: new RaftServerImpl for group-25CB5C4EC9B3:[8da68b5e-6b12-4c66-b560-7bfe69901e90:192.168.34.50:41239, 2f180d65-4c25-42b6-a7d0-065130742e7a:192.168.34.50:36459, 1f599ffa-6388-40ea-bded-39dbd74e4d02:192.168.34.50:38533] with ContainerStateMachine:uninitialized
2019-09-19 04:23:20,693 [pool-422-thread-1] INFO  server.RaftServerConfigKeys (ConfUtils.java:logGet(43)) - raft.server.rpc.timeout.min = 5s (custom)
2019-09-19 04:23:20,693 [pool-422-thread-1] INFO  server.RaftServerConfigKeys (ConfUtils.java:logGet(43)) - raft.server.rpc.timeout.max = 5200ms (custom)
2019-09-19 04:23:20,693 [pool-422-thread-1] INFO  server.RaftServerConfigKeys (ConfUtils.java:logGet(43)) - raft.server.rpcslowness.timeout = 120s (custom)
2019-09-19 04:23:20,693 [pool-422-thread-1] INFO  server.RaftServerConfigKeys (ConfUtils.java:logGet(43)) - raft.server.sleep.deviation.threshold = 300 (default)
2019-09-19 04:23:20,693 [pool-422-thread-1] INFO  server.RaftServerConfigKeys (ConfUtils.java:logGet(43)) - raft.server.log.appender.install.snapshot.enabled = false (custom)
2019-09-19 04:23:20,693 [pool-422-thread-1] INFO  impl.RaftServerImpl (ServerState.java:<init>(105)) - 8da68b5e-6b12-4c66-b560-7bfe69901e90:group-25CB5C4EC9B3 ConfigurationManager, init=-1: [8da68b5e-6b12-4c66-b560-7bfe69901e90:192.168.34.50:41239, 2f180d65-4c25-42b6-a7d0-065130742e7a:192.168.34.50:36459, 1f599ffa-6388-40ea-bded-39dbd74e4d02:192.168.34.50:38533], old=null, confs=<EMPTY_MAP>
2019-09-19 04:23:20,693 [pool-422-thread-1] INFO  server.RaftServerConfigKeys (ConfUtils.java:logGet(43)) - raft.server.storage.dir = [/workdir/hadoop-ozone/integration-test/target/test-dir/MiniOzoneClusterImpl-e123b5d3-93ec-41f3-af3c-77b483f7a668/datanode-1/data/ratis] (custom)
2019-09-19 04:23:20,694 [pool-422-thread-1] INFO  storage.RaftStorageDirectory (RaftStorageDirectory.java:analyzeStorage(246)) - The storage directory /workdir/hadoop-ozone/integration-test/target/test-dir/MiniOzoneClusterImpl-e123b5d3-93ec-41f3-af3c-77b483f7a668/datanode-1/data/ratis/43636421-7305-4aae-a378-25cb5c4ec9b3 does not exist. Creating ...
2019-09-19 04:23:20,728 | INFO  | SCMAudit | user=jenkins1000 | ip=192.168.34.50 | op=SEND_HEARTBEAT {datanodeUUID=1f599ffa-6388-40ea-bded-39dbd74e4d02, command=[]} | ret=SUCCESS |  
2019-09-19 04:23:20,735 [grpc-default-executor-3] INFO  impl.RaftServerProxy (RaftServerProxy.java:addNew(89)) - 1f599ffa-6388-40ea-bded-39dbd74e4d02: addNew group-FD2FC289851F:[1f599ffa-6388-40ea-bded-39dbd74e4d02:192.168.34.50:38533] returns group-FD2FC289851F:java.util.concurrent.CompletableFuture@4ab7baa0[Not completed]
2019-09-19 04:23:20,736 [pool-433-thread-1] INFO  impl.RaftServerImpl (RaftServerImpl.java:<init>(93)) - 1f599ffa-6388-40ea-bded-39dbd74e4d02: new RaftServerImpl for group-FD2FC289851F:[1f599ffa-6388-40ea-bded-39dbd74e4d02:192.168.34.50:38533] with ContainerStateMachine:uninitialized
2019-09-19 04:23:20,736 [pool-433-thread-1] INFO  server.RaftServerConfigKeys (ConfUtils.java:logGet(43)) - raft.server.rpc.timeout.min = 5s (custom)
2019-09-19 04:23:20,736 [pool-433-thread-1] INFO  server.RaftServerConfigKeys (ConfUtils.java:logGet(43)) - raft.server.rpc.timeout.max = 5200ms (custom)
2019-09-19 04:23:20,737 [pool-433-thread-1] INFO  server.RaftServerConfigKeys (ConfUtils.java:logGet(43)) - raft.server.rpcslowness.timeout = 120s (custom)
2019-09-19 04:23:20,737 [pool-433-thread-1] INFO  server.RaftServerConfigKeys (ConfUtils.java:logGet(43)) - raft.server.sleep.deviation.threshold = 300 (default)
2019-09-19 04:23:20,737 [pool-433-thread-1] INFO  server.RaftServerConfigKeys (ConfUtils.java:logGet(43)) - raft.server.log.appender.install.snapshot.enabled = false (custom)
2019-09-19 04:23:20,737 [pool-433-thread-1] INFO  impl.RaftServerImpl (ServerState.java:<init>(105)) - 1f599ffa-6388-40ea-bded-39dbd74e4d02:group-FD2FC289851F ConfigurationManager, init=-1: [1f599ffa-6388-40ea-bded-39dbd74e4d02:192.168.34.50:38533], old=null, confs=<EMPTY_MAP>
2019-09-19 04:23:20,737 [pool-433-thread-1] INFO  server.RaftServerConfigKeys (ConfUtils.java:logGet(43)) - raft.server.storage.dir = [/workdir/hadoop-ozone/integration-test/target/test-dir/MiniOzoneClusterImpl-e123b5d3-93ec-41f3-af3c-77b483f7a668/datanode-2/data/ratis] (custom)
2019-09-19 04:23:20,738 [pool-433-thread-1] INFO  storage.RaftStorageDirectory (RaftStorageDirectory.java:analyzeStorage(246)) - The storage directory /workdir/hadoop-ozone/integration-test/target/test-dir/MiniOzoneClusterImpl-e123b5d3-93ec-41f3-af3c-77b483f7a668/datanode-2/data/ratis/80562f1e-9e03-4e04-a324-fd2fc289851f does not exist. Creating ...
2019-09-19 04:23:20,789 [pool-433-thread-1] INFO  storage.RaftStorageDirectory (RaftStorageDirectory.java:tryLock(328)) - Lock on /workdir/hadoop-ozone/integration-test/target/test-dir/MiniOzoneClusterImpl-e123b5d3-93ec-41f3-af3c-77b483f7a668/datanode-2/data/ratis/80562f1e-9e03-4e04-a324-fd2fc289851f/in_use.lock acquired by nodename 12012@pr-hdds-2034-srnhl-2452957315
2019-09-19 04:23:20,789 [pool-422-thread-1] INFO  storage.RaftStorageDirectory (RaftStorageDirectory.java:tryLock(328)) - Lock on /workdir/hadoop-ozone/integration-test/target/test-dir/MiniOzoneClusterImpl-e123b5d3-93ec-41f3-af3c-77b483f7a668/datanode-1/data/ratis/43636421-7305-4aae-a378-25cb5c4ec9b3/in_use.lock acquired by nodename 12012@pr-hdds-2034-srnhl-2452957315
2019-09-19 04:23:20,867 [pool-433-thread-1] INFO  storage.RaftStorage (RaftStorage.java:format(72)) - Storage directory /workdir/hadoop-ozone/integration-test/target/test-dir/MiniOzoneClusterImpl-e123b5d3-93ec-41f3-af3c-77b483f7a668/datanode-2/data/ratis/80562f1e-9e03-4e04-a324-fd2fc289851f has been successfully formatted.
2019-09-19 04:23:20,867 [pool-422-thread-1] INFO  storage.RaftStorage (RaftStorage.java:format(72)) - Storage directory /workdir/hadoop-ozone/integration-test/target/test-dir/MiniOzoneClusterImpl-e123b5d3-93ec-41f3-af3c-77b483f7a668/datanode-1/data/ratis/43636421-7305-4aae-a378-25cb5c4ec9b3 has been successfully formatted.
2019-09-19 04:23:20,867 [pool-433-thread-1] INFO  ratis.ContainerStateMachine (ContainerStateMachine.java:loadSnapshot(226)) - group-FD2FC289851F: The snapshot info is null. Setting the last applied indexto:(t:0, i:~)
2019-09-19 04:23:20,867 [pool-422-thread-1] INFO  ratis.ContainerStateMachine (ContainerStateMachine.java:loadSnapshot(226)) - group-25CB5C4EC9B3: The snapshot info is null. Setting the last applied indexto:(t:0, i:~)
2019-09-19 04:23:20,867 [pool-433-thread-1] INFO  server.RaftServerConfigKeys (ConfUtils.java:logGet(43)) - raft.server.leader.election.timeout = 120s (custom)
2019-09-19 04:23:20,867 [pool-422-thread-1] INFO  server.RaftServerConfigKeys (ConfUtils.java:logGet(43)) - raft.server.leader.election.timeout = 120s (custom)
2019-09-19 04:23:20,867 [pool-433-thread-1] INFO  server.RaftServerConfigKeys (ConfUtils.java:logGet(43)) - raft.server.log.use.memory = false (default)
2019-09-19 04:23:20,868 [pool-422-thread-1] INFO  server.RaftServerConfigKeys (ConfUtils.java:logGet(43)) - raft.server.log.use.memory = false (default)
2019-09-19 04:23:20,868 [pool-433-thread-1] INFO  server.RaftServerConfigKeys (ConfUtils.java:logGet(43)) - raft.server.log.purge.gap = 1000000 (custom)
2019-09-19 04:23:20,868 [pool-422-thread-1] INFO  server.RaftServerConfigKeys (ConfUtils.java:logGet(43)) - raft.server.log.purge.gap = 1000000 (custom)
2019-09-19 04:23:20,868 [pool-433-thread-1] INFO  server.RaftServerConfigKeys (ConfUtils.java:logGet(43)) - raft.server.log.appender.buffer.byte-limit = 33554432 (custom)
2019-09-19 04:23:20,868 [pool-422-thread-1] INFO  server.RaftServerConfigKeys (ConfUtils.java:logGet(43)) - raft.server.log.appender.buffer.byte-limit = 33554432 (custom)
2019-09-19 04:23:20,868 [pool-433-thread-1] INFO  server.RaftServerConfigKeys (ConfUtils.java:logGet(43)) - raft.server.log.segment.size.max = 1048576 (custom)
2019-09-19 04:23:20,868 [pool-422-thread-1] INFO  server.RaftServerConfigKeys (ConfUtils.java:logGet(43)) - raft.server.log.segment.size.max = 1048576 (custom)
2019-09-19 04:23:20,869 [pool-433-thread-1] INFO  server.RaftServerConfigKeys (ConfUtils.java:logGet(43)) - raft.server.log.segment.cache.num.max = 2 (custom)
2019-09-19 04:23:20,869 [pool-422-thread-1] INFO  server.RaftServerConfigKeys (ConfUtils.java:logGet(43)) - raft.server.log.segment.cache.num.max = 2 (custom)
2019-09-19 04:23:20,869 [pool-433-thread-1] INFO  segmented.SegmentedRaftLogWorker (SegmentedRaftLogWorker.java:<init>(172)) - new 1f599ffa-6388-40ea-bded-39dbd74e4d02-SegmentedRaftLogWorker:Storage Directory /workdir/hadoop-ozone/integration-test/target/test-dir/MiniOzoneClusterImpl-e123b5d3-93ec-41f3-af3c-77b483f7a668/datanode-2/data/ratis/80562f1e-9e03-4e04-a324-fd2fc289851f for RaftStorage:Storage Directory /workdir/hadoop-ozone/integration-test/target/test-dir/MiniOzoneClusterImpl-e123b5d3-93ec-41f3-af3c-77b483f7a668/datanode-2/data/ratis/80562f1e-9e03-4e04-a324-fd2fc289851f
2019-09-19 04:23:20,869 [pool-422-thread-1] INFO  segmented.SegmentedRaftLogWorker (SegmentedRaftLogWorker.java:<init>(172)) - new 8da68b5e-6b12-4c66-b560-7bfe69901e90-SegmentedRaftLogWorker:Storage Directory /workdir/hadoop-ozone/integration-test/target/test-dir/MiniOzoneClusterImpl-e123b5d3-93ec-41f3-af3c-77b483f7a668/datanode-1/data/ratis/43636421-7305-4aae-a378-25cb5c4ec9b3 for RaftStorage:Storage Directory /workdir/hadoop-ozone/integration-test/target/test-dir/MiniOzoneClusterImpl-e123b5d3-93ec-41f3-af3c-77b483f7a668/datanode-1/data/ratis/43636421-7305-4aae-a378-25cb5c4ec9b3
2019-09-19 04:23:20,869 [pool-433-thread-1] INFO  server.RaftServerConfigKeys (ConfUtils.java:logGet(43)) - raft.server.log.queue.byte-limit = 2147483647 (custom)
2019-09-19 04:23:20,869 [pool-422-thread-1] INFO  server.RaftServerConfigKeys (ConfUtils.java:logGet(43)) - raft.server.log.queue.byte-limit = 2147483647 (custom)
2019-09-19 04:23:20,869 [pool-433-thread-1] INFO  server.RaftServerConfigKeys (ConfUtils.java:logGet(43)) - raft.server.log.queue.element-limit = 1024 (custom)
2019-09-19 04:23:20,870 [pool-422-thread-1] INFO  server.RaftServerConfigKeys (ConfUtils.java:logGet(43)) - raft.server.log.queue.element-limit = 1024 (custom)
2019-09-19 04:23:20,870 [pool-422-thread-1] INFO  server.RaftServerConfigKeys (ConfUtils.java:logGet(43)) - raft.server.log.segment.size.max = 1048576 (custom)
2019-09-19 04:23:20,870 [pool-433-thread-1] INFO  server.RaftServerConfigKeys (ConfUtils.java:logGet(43)) - raft.server.log.segment.size.max = 1048576 (custom)
2019-09-19 04:23:20,870 [pool-422-thread-1] INFO  server.RaftServerConfigKeys (ConfUtils.java:logGet(43)) - raft.server.log.preallocated.size = 16384 (custom)
2019-09-19 04:23:20,870 [pool-433-thread-1] INFO  server.RaftServerConfigKeys (ConfUtils.java:logGet(43)) - raft.server.log.preallocated.size = 16384 (custom)
2019-09-19 04:23:20,870 [pool-422-thread-1] INFO  server.RaftServerConfigKeys (ConfUtils.java:logGet(43)) - raft.server.log.write.buffer.size = 33554432 (custom)
2019-09-19 04:23:20,871 [pool-433-thread-1] INFO  server.RaftServerConfigKeys (ConfUtils.java:logGet(43)) - raft.server.log.write.buffer.size = 33554432 (custom)
2019-09-19 04:23:20,871 [pool-422-thread-1] INFO  server.RaftServerConfigKeys (ConfUtils.java:logGet(43)) - raft.server.log.force.sync.num = 128 (default)
2019-09-19 04:23:20,871 [pool-433-thread-1] INFO  server.RaftServerConfigKeys (ConfUtils.java:logGet(43)) - raft.server.log.force.sync.num = 128 (default)
2019-09-19 04:23:20,871 [pool-422-thread-1] INFO  server.RaftServerConfigKeys (ConfUtils.java:logGet(43)) - raft.server.log.statemachine.data.sync = true (default)
2019-09-19 04:23:20,871 [pool-433-thread-1] INFO  server.RaftServerConfigKeys (ConfUtils.java:logGet(43)) - raft.server.log.statemachine.data.sync = true (default)
2019-09-19 04:23:20,871 [pool-422-thread-1] INFO  server.RaftServerConfigKeys (ConfUtils.java:logGet(43)) - raft.server.log.statemachine.data.sync.timeout = 10s (default)
2019-09-19 04:23:20,871 [pool-433-thread-1] INFO  server.RaftServerConfigKeys (ConfUtils.java:logGet(43)) - raft.server.log.statemachine.data.sync.timeout = 10s (default)
2019-09-19 04:23:20,872 [pool-422-thread-1] INFO  server.RaftServerConfigKeys (ConfUtils.java:logGet(43)) - raft.server.log.statemachine.data.sync.timeout.retry = -1 (default)
2019-09-19 04:23:20,872 [pool-433-thread-1] INFO  server.RaftServerConfigKeys (ConfUtils.java:logGet(43)) - raft.server.log.statemachine.data.sync.timeout.retry = -1 (default)
2019-09-19 04:23:20,872 [pool-422-thread-1] INFO  server.RaftServerConfigKeys (ConfUtils.java:logGet(43)) - raft.server.log.statemachine.data.caching.enabled = true (custom)
2019-09-19 04:23:20,872 [pool-433-thread-1] INFO  server.RaftServerConfigKeys (ConfUtils.java:logGet(43)) - raft.server.log.statemachine.data.caching.enabled = true (custom)
2019-09-19 04:23:20,872 [pool-422-thread-1] INFO  segmented.SegmentedRaftLogWorker (SegmentedRaftLogWorker.java:lambda$new$0(132)) - 8da68b5e-6b12-4c66-b560-7bfe69901e90-SegmentedRaftLogWorker:Storage Directory /workdir/hadoop-ozone/integration-test/target/test-dir/MiniOzoneClusterImpl-e123b5d3-93ec-41f3-af3c-77b483f7a668/datanode-1/data/ratis/43636421-7305-4aae-a378-25cb5c4ec9b3: flushIndex: setUnconditionally 0 -> -1
2019-09-19 04:23:20,873 [pool-433-thread-1] INFO  segmented.SegmentedRaftLogWorker (SegmentedRaftLogWorker.java:lambda$new$0(132)) - 1f599ffa-6388-40ea-bded-39dbd74e4d02-SegmentedRaftLogWorker:Storage Directory /workdir/hadoop-ozone/integration-test/target/test-dir/MiniOzoneClusterImpl-e123b5d3-93ec-41f3-af3c-77b483f7a668/datanode-2/data/ratis/80562f1e-9e03-4e04-a324-fd2fc289851f: flushIndex: setUnconditionally 0 -> -1
2019-09-19 04:23:20,873 [pool-422-thread-1] INFO  server.RaftServerConfigKeys (ConfUtils.java:logGet(43)) - raft.server.snapshot.auto.trigger.enabled = true (custom)
2019-09-19 04:23:20,873 [pool-422-thread-1] INFO  server.RaftServerConfigKeys (ConfUtils.java:logGet(43)) - raft.server.snapshot.auto.trigger.threshold = 10000 (custom)
2019-09-19 04:23:20,873 [pool-433-thread-1] INFO  server.RaftServerConfigKeys (ConfUtils.java:logGet(43)) - raft.server.snapshot.auto.trigger.enabled = true (custom)
2019-09-19 04:23:20,873 [pool-422-thread-1] INFO  server.RaftServerConfigKeys (ConfUtils.java:logGet(43)) - raft.server.retrycache.expirytime = 600000ms (custom)
2019-09-19 04:23:20,873 [pool-433-thread-1] INFO  server.RaftServerConfigKeys (ConfUtils.java:logGet(43)) - raft.server.snapshot.auto.trigger.threshold = 10000 (custom)
2019-09-19 04:23:20,874 [pool-422-thread-1] INFO  impl.RaftServerImpl (RaftServerImpl.java:start(180)) - 8da68b5e-6b12-4c66-b560-7bfe69901e90: start group-25CB5C4EC9B3
2019-09-19 04:23:20,874 [pool-433-thread-1] INFO  server.RaftServerConfigKeys (ConfUtils.java:logGet(43)) - raft.server.retrycache.expirytime = 600000ms (custom)
2019-09-19 04:23:20,874 [pool-422-thread-1] INFO  impl.RaftServerImpl (RaftServerImpl.java:setRole(171)) - 8da68b5e-6b12-4c66-b560-7bfe69901e90:group-25CB5C4EC9B3 changes role from null to FOLLOWER at term 0 for startAsFollower
2019-09-19 04:23:20,874 [pool-433-thread-1] INFO  impl.RaftServerImpl (RaftServerImpl.java:start(180)) - 1f599ffa-6388-40ea-bded-39dbd74e4d02: start group-FD2FC289851F
2019-09-19 04:23:20,874 [pool-422-thread-1] INFO  impl.RoleInfo (RoleInfo.java:updateAndGet(143)) - 8da68b5e-6b12-4c66-b560-7bfe69901e90: start FollowerState
2019-09-19 04:23:20,874 [pool-433-thread-1] INFO  impl.RaftServerImpl (RaftServerImpl.java:setRole(171)) - 1f599ffa-6388-40ea-bded-39dbd74e4d02:group-FD2FC289851F changes role from null to FOLLOWER at term 0 for startAsFollower
2019-09-19 04:23:20,874 [pool-433-thread-1] INFO  impl.RoleInfo (RoleInfo.java:updateAndGet(143)) - 1f599ffa-6388-40ea-bded-39dbd74e4d02: start FollowerState
2019-09-19 04:23:20,875 [pool-422-thread-1] INFO  util.JmxRegister (JmxRegister.java:tryRegister(44)) - Successfully registered JMX Bean with object name Ratis:service=RaftServer,group=group-25CB5C4EC9B3,id=8da68b5e-6b12-4c66-b560-7bfe69901e90
2019-09-19 04:23:20,875 [pool-433-thread-1] INFO  util.JmxRegister (JmxRegister.java:tryRegister(44)) - Successfully registered JMX Bean with object name Ratis:service=RaftServer,group=group-FD2FC289851F,id=1f599ffa-6388-40ea-bded-39dbd74e4d02
2019-09-19 04:23:20,877 [Command processor thread] INFO  commandhandler.CreatePipelineCommandHandler (CreatePipelineCommandHandler.java:handle(112)) - Create Pipeline RATIS THREE #PipelineID=43636421-7305-4aae-a378-25cb5c4ec9b3 command succeed on datanode 8da68b5e-6b12-4c66-b560-7bfe69901e90.
2019-09-19 04:23:20,877 [Command processor thread] INFO  commandhandler.CreatePipelineCommandHandler (CreatePipelineCommandHandler.java:handle(112)) - Create Pipeline RATIS ONE #PipelineID=80562f1e-9e03-4e04-a324-fd2fc289851f command succeed on datanode 1f599ffa-6388-40ea-bded-39dbd74e4d02.
2019-09-19 04:23:20,882 [grpc-default-executor-3] INFO  impl.RaftServerProxy (RaftServerProxy.java:addNew(89)) - 1f599ffa-6388-40ea-bded-39dbd74e4d02: addNew group-25CB5C4EC9B3:[8da68b5e-6b12-4c66-b560-7bfe69901e90:192.168.34.50:41239, 2f180d65-4c25-42b6-a7d0-065130742e7a:192.168.34.50:36459, 1f599ffa-6388-40ea-bded-39dbd74e4d02:192.168.34.50:38533] returns group-25CB5C4EC9B3:java.util.concurrent.CompletableFuture@2f85fc66[Not completed]
2019-09-19 04:23:20,883 [pool-433-thread-1] INFO  impl.RaftServerImpl (RaftServerImpl.java:<init>(93)) - 1f599ffa-6388-40ea-bded-39dbd74e4d02: new RaftServerImpl for group-25CB5C4EC9B3:[8da68b5e-6b12-4c66-b560-7bfe69901e90:192.168.34.50:41239, 2f180d65-4c25-42b6-a7d0-065130742e7a:192.168.34.50:36459, 1f599ffa-6388-40ea-bded-39dbd74e4d02:192.168.34.50:38533] with ContainerStateMachine:uninitialized
2019-09-19 04:23:20,884 [pool-433-thread-1] INFO  server.RaftServerConfigKeys (ConfUtils.java:logGet(43)) - raft.server.rpc.timeout.min = 5s (custom)
2019-09-19 04:23:20,884 [pool-433-thread-1] INFO  server.RaftServerConfigKeys (ConfUtils.java:logGet(43)) - raft.server.rpc.timeout.max = 5200ms (custom)
2019-09-19 04:23:20,884 [pool-433-thread-1] INFO  server.RaftServerConfigKeys (ConfUtils.java:logGet(43)) - raft.server.rpcslowness.timeout = 120s (custom)
2019-09-19 04:23:20,884 [pool-433-thread-1] INFO  server.RaftServerConfigKeys (ConfUtils.java:logGet(43)) - raft.server.sleep.deviation.threshold = 300 (default)
2019-09-19 04:23:20,884 [pool-433-thread-1] INFO  server.RaftServerConfigKeys (ConfUtils.java:logGet(43)) - raft.server.log.appender.install.snapshot.enabled = false (custom)
2019-09-19 04:23:20,884 [pool-433-thread-1] INFO  impl.RaftServerImpl (ServerState.java:<init>(105)) - 1f599ffa-6388-40ea-bded-39dbd74e4d02:group-25CB5C4EC9B3 ConfigurationManager, init=-1: [8da68b5e-6b12-4c66-b560-7bfe69901e90:192.168.34.50:41239, 2f180d65-4c25-42b6-a7d0-065130742e7a:192.168.34.50:36459, 1f599ffa-6388-40ea-bded-39dbd74e4d02:192.168.34.50:38533], old=null, confs=<EMPTY_MAP>
2019-09-19 04:23:20,885 [pool-433-thread-1] INFO  server.RaftServerConfigKeys (ConfUtils.java:logGet(43)) - raft.server.storage.dir = [/workdir/hadoop-ozone/integration-test/target/test-dir/MiniOzoneClusterImpl-e123b5d3-93ec-41f3-af3c-77b483f7a668/datanode-2/data/ratis] (custom)
2019-09-19 04:23:20,885 [pool-433-thread-1] INFO  storage.RaftStorageDirectory (RaftStorageDirectory.java:analyzeStorage(246)) - The storage directory /workdir/hadoop-ozone/integration-test/target/test-dir/MiniOzoneClusterImpl-e123b5d3-93ec-41f3-af3c-77b483f7a668/datanode-2/data/ratis/43636421-7305-4aae-a378-25cb5c4ec9b3 does not exist. Creating ...
2019-09-19 04:23:20,945 [pool-433-thread-1] INFO  storage.RaftStorageDirectory (RaftStorageDirectory.java:tryLock(328)) - Lock on /workdir/hadoop-ozone/integration-test/target/test-dir/MiniOzoneClusterImpl-e123b5d3-93ec-41f3-af3c-77b483f7a668/datanode-2/data/ratis/43636421-7305-4aae-a378-25cb5c4ec9b3/in_use.lock acquired by nodename 12012@pr-hdds-2034-srnhl-2452957315
2019-09-19 04:23:20,952 | INFO  | SCMAudit | user=jenkins1000 | ip=192.168.34.50 | op=SEND_HEARTBEAT {datanodeUUID=051ac7b8-8cbd-4108-aae8-c2637ffaecd2, command=[]} | ret=SUCCESS |  
2019-09-19 04:23:20,960 [grpc-default-executor-3] INFO  impl.RaftServerProxy (RaftServerProxy.java:addNew(89)) - 051ac7b8-8cbd-4108-aae8-c2637ffaecd2: addNew group-82BDF46C4894:[051ac7b8-8cbd-4108-aae8-c2637ffaecd2:192.168.34.50:34365] returns group-82BDF46C4894:java.util.concurrent.CompletableFuture@50cb6ded[Not completed]
2019-09-19 04:23:20,961 [pool-444-thread-1] INFO  impl.RaftServerImpl (RaftServerImpl.java:<init>(93)) - 051ac7b8-8cbd-4108-aae8-c2637ffaecd2: new RaftServerImpl for group-82BDF46C4894:[051ac7b8-8cbd-4108-aae8-c2637ffaecd2:192.168.34.50:34365] with ContainerStateMachine:uninitialized
2019-09-19 04:23:20,962 [pool-444-thread-1] INFO  server.RaftServerConfigKeys (ConfUtils.java:logGet(43)) - raft.server.rpc.timeout.min = 5s (custom)
2019-09-19 04:23:20,962 [pool-444-thread-1] INFO  server.RaftServerConfigKeys (ConfUtils.java:logGet(43)) - raft.server.rpc.timeout.max = 5200ms (custom)
2019-09-19 04:23:20,962 [pool-444-thread-1] INFO  server.RaftServerConfigKeys (ConfUtils.java:logGet(43)) - raft.server.rpcslowness.timeout = 120s (custom)
2019-09-19 04:23:20,962 [pool-444-thread-1] INFO  server.RaftServerConfigKeys (ConfUtils.java:logGet(43)) - raft.server.sleep.deviation.threshold = 300 (default)
2019-09-19 04:23:20,962 [pool-444-thread-1] INFO  server.RaftServerConfigKeys (ConfUtils.java:logGet(43)) - raft.server.log.appender.install.snapshot.enabled = false (custom)
2019-09-19 04:23:20,962 [pool-444-thread-1] INFO  impl.RaftServerImpl (ServerState.java:<init>(105)) - 051ac7b8-8cbd-4108-aae8-c2637ffaecd2:group-82BDF46C4894 ConfigurationManager, init=-1: [051ac7b8-8cbd-4108-aae8-c2637ffaecd2:192.168.34.50:34365], old=null, confs=<EMPTY_MAP>
2019-09-19 04:23:20,962 [pool-444-thread-1] INFO  server.RaftServerConfigKeys (ConfUtils.java:logGet(43)) - raft.server.storage.dir = [/workdir/hadoop-ozone/integration-test/target/test-dir/MiniOzoneClusterImpl-e123b5d3-93ec-41f3-af3c-77b483f7a668/datanode-3/data/ratis] (custom)
2019-09-19 04:23:20,963 [pool-444-thread-1] INFO  storage.RaftStorageDirectory (RaftStorageDirectory.java:analyzeStorage(246)) - The storage directory /workdir/hadoop-ozone/integration-test/target/test-dir/MiniOzoneClusterImpl-e123b5d3-93ec-41f3-af3c-77b483f7a668/datanode-3/data/ratis/eda47a47-b1c0-4ade-b747-82bdf46c4894 does not exist. Creating ...
2019-09-19 04:23:21,003 [pool-444-thread-1] INFO  storage.RaftStorageDirectory (RaftStorageDirectory.java:tryLock(328)) - Lock on /workdir/hadoop-ozone/integration-test/target/test-dir/MiniOzoneClusterImpl-e123b5d3-93ec-41f3-af3c-77b483f7a668/datanode-3/data/ratis/eda47a47-b1c0-4ade-b747-82bdf46c4894/in_use.lock acquired by nodename 12012@pr-hdds-2034-srnhl-2452957315
2019-09-19 04:23:21,003 [pool-433-thread-1] INFO  storage.RaftStorage (RaftStorage.java:format(72)) - Storage directory /workdir/hadoop-ozone/integration-test/target/test-dir/MiniOzoneClusterImpl-e123b5d3-93ec-41f3-af3c-77b483f7a668/datanode-2/data/ratis/43636421-7305-4aae-a378-25cb5c4ec9b3 has been successfully formatted.
2019-09-19 04:23:21,003 [pool-433-thread-1] INFO  ratis.ContainerStateMachine (ContainerStateMachine.java:loadSnapshot(226)) - group-25CB5C4EC9B3: The snapshot info is null. Setting the last applied indexto:(t:0, i:~)
2019-09-19 04:23:21,004 [pool-433-thread-1] INFO  server.RaftServerConfigKeys (ConfUtils.java:logGet(43)) - raft.server.leader.election.timeout = 120s (custom)
2019-09-19 04:23:21,004 [pool-433-thread-1] INFO  server.RaftServerConfigKeys (ConfUtils.java:logGet(43)) - raft.server.log.use.memory = false (default)
2019-09-19 04:23:21,004 [pool-433-thread-1] INFO  server.RaftServerConfigKeys (ConfUtils.java:logGet(43)) - raft.server.log.purge.gap = 1000000 (custom)
2019-09-19 04:23:21,004 [pool-433-thread-1] INFO  server.RaftServerConfigKeys (ConfUtils.java:logGet(43)) - raft.server.log.appender.buffer.byte-limit = 33554432 (custom)
2019-09-19 04:23:21,004 [pool-433-thread-1] INFO  server.RaftServerConfigKeys (ConfUtils.java:logGet(43)) - raft.server.log.segment.size.max = 1048576 (custom)
2019-09-19 04:23:21,004 [pool-433-thread-1] INFO  server.RaftServerConfigKeys (ConfUtils.java:logGet(43)) - raft.server.log.segment.cache.num.max = 2 (custom)
2019-09-19 04:23:21,004 [pool-433-thread-1] INFO  segmented.SegmentedRaftLogWorker (SegmentedRaftLogWorker.java:<init>(172)) - new 1f599ffa-6388-40ea-bded-39dbd74e4d02-SegmentedRaftLogWorker:Storage Directory /workdir/hadoop-ozone/integration-test/target/test-dir/MiniOzoneClusterImpl-e123b5d3-93ec-41f3-af3c-77b483f7a668/datanode-2/data/ratis/43636421-7305-4aae-a378-25cb5c4ec9b3 for RaftStorage:Storage Directory /workdir/hadoop-ozone/integration-test/target/test-dir/MiniOzoneClusterImpl-e123b5d3-93ec-41f3-af3c-77b483f7a668/datanode-2/data/ratis/43636421-7305-4aae-a378-25cb5c4ec9b3
2019-09-19 04:23:21,004 [pool-433-thread-1] INFO  server.RaftServerConfigKeys (ConfUtils.java:logGet(43)) - raft.server.log.queue.byte-limit = 2147483647 (custom)
2019-09-19 04:23:21,004 [pool-433-thread-1] INFO  server.RaftServerConfigKeys (ConfUtils.java:logGet(43)) - raft.server.log.queue.element-limit = 1024 (custom)
2019-09-19 04:23:21,005 [pool-433-thread-1] INFO  server.RaftServerConfigKeys (ConfUtils.java:logGet(43)) - raft.server.log.segment.size.max = 1048576 (custom)
2019-09-19 04:23:21,005 [pool-433-thread-1] INFO  server.RaftServerConfigKeys (ConfUtils.java:logGet(43)) - raft.server.log.preallocated.size = 16384 (custom)
2019-09-19 04:23:21,005 [pool-433-thread-1] INFO  server.RaftServerConfigKeys (ConfUtils.java:logGet(43)) - raft.server.log.write.buffer.size = 33554432 (custom)
2019-09-19 04:23:21,005 [pool-433-thread-1] INFO  server.RaftServerConfigKeys (ConfUtils.java:logGet(43)) - raft.server.log.force.sync.num = 128 (default)
2019-09-19 04:23:21,005 [pool-433-thread-1] INFO  server.RaftServerConfigKeys (ConfUtils.java:logGet(43)) - raft.server.log.statemachine.data.sync = true (default)
2019-09-19 04:23:21,005 [pool-433-thread-1] INFO  server.RaftServerConfigKeys (ConfUtils.java:logGet(43)) - raft.server.log.statemachine.data.sync.timeout = 10s (default)
2019-09-19 04:23:21,005 [pool-433-thread-1] INFO  server.RaftServerConfigKeys (ConfUtils.java:logGet(43)) - raft.server.log.statemachine.data.sync.timeout.retry = -1 (default)
2019-09-19 04:23:21,005 [pool-433-thread-1] INFO  server.RaftServerConfigKeys (ConfUtils.java:logGet(43)) - raft.server.log.statemachine.data.caching.enabled = true (custom)
2019-09-19 04:23:21,006 [pool-433-thread-1] INFO  segmented.SegmentedRaftLogWorker (SegmentedRaftLogWorker.java:lambda$new$0(132)) - 1f599ffa-6388-40ea-bded-39dbd74e4d02-SegmentedRaftLogWorker:Storage Directory /workdir/hadoop-ozone/integration-test/target/test-dir/MiniOzoneClusterImpl-e123b5d3-93ec-41f3-af3c-77b483f7a668/datanode-2/data/ratis/43636421-7305-4aae-a378-25cb5c4ec9b3: flushIndex: setUnconditionally 0 -> -1
2019-09-19 04:23:21,006 [pool-433-thread-1] INFO  server.RaftServerConfigKeys (ConfUtils.java:logGet(43)) - raft.server.snapshot.auto.trigger.enabled = true (custom)
2019-09-19 04:23:21,006 [pool-433-thread-1] INFO  server.RaftServerConfigKeys (ConfUtils.java:logGet(43)) - raft.server.snapshot.auto.trigger.threshold = 10000 (custom)
2019-09-19 04:23:21,006 [pool-433-thread-1] INFO  server.RaftServerConfigKeys (ConfUtils.java:logGet(43)) - raft.server.retrycache.expirytime = 600000ms (custom)
2019-09-19 04:23:21,006 [pool-433-thread-1] INFO  impl.RaftServerImpl (RaftServerImpl.java:start(180)) - 1f599ffa-6388-40ea-bded-39dbd74e4d02: start group-25CB5C4EC9B3
2019-09-19 04:23:21,006 [pool-433-thread-1] INFO  impl.RaftServerImpl (RaftServerImpl.java:setRole(171)) - 1f599ffa-6388-40ea-bded-39dbd74e4d02:group-25CB5C4EC9B3 changes role from null to FOLLOWER at term 0 for startAsFollower
2019-09-19 04:23:21,006 [pool-433-thread-1] INFO  impl.RoleInfo (RoleInfo.java:updateAndGet(143)) - 1f599ffa-6388-40ea-bded-39dbd74e4d02: start FollowerState
2019-09-19 04:23:21,007 [pool-433-thread-1] INFO  util.JmxRegister (JmxRegister.java:tryRegister(44)) - Successfully registered JMX Bean with object name Ratis:service=RaftServer,group=group-25CB5C4EC9B3,id=1f599ffa-6388-40ea-bded-39dbd74e4d02
2019-09-19 04:23:21,011 [Command processor thread] INFO  commandhandler.CreatePipelineCommandHandler (CreatePipelineCommandHandler.java:handle(112)) - Create Pipeline RATIS THREE #PipelineID=43636421-7305-4aae-a378-25cb5c4ec9b3 command succeed on datanode 1f599ffa-6388-40ea-bded-39dbd74e4d02.
2019-09-19 04:23:21,073 [pool-444-thread-1] INFO  storage.RaftStorage (RaftStorage.java:format(72)) - Storage directory /workdir/hadoop-ozone/integration-test/target/test-dir/MiniOzoneClusterImpl-e123b5d3-93ec-41f3-af3c-77b483f7a668/datanode-3/data/ratis/eda47a47-b1c0-4ade-b747-82bdf46c4894 has been successfully formatted.
2019-09-19 04:23:21,073 [pool-444-thread-1] INFO  ratis.ContainerStateMachine (ContainerStateMachine.java:loadSnapshot(226)) - group-82BDF46C4894: The snapshot info is null. Setting the last applied indexto:(t:0, i:~)
2019-09-19 04:23:21,074 [pool-444-thread-1] INFO  server.RaftServerConfigKeys (ConfUtils.java:logGet(43)) - raft.server.leader.election.timeout = 120s (custom)
2019-09-19 04:23:21,074 [pool-444-thread-1] INFO  server.RaftServerConfigKeys (ConfUtils.java:logGet(43)) - raft.server.log.use.memory = false (default)
2019-09-19 04:23:21,074 [pool-444-thread-1] INFO  server.RaftServerConfigKeys (ConfUtils.java:logGet(43)) - raft.server.log.purge.gap = 1000000 (custom)
2019-09-19 04:23:21,075 [pool-444-thread-1] INFO  server.RaftServerConfigKeys (ConfUtils.java:logGet(43)) - raft.server.log.appender.buffer.byte-limit = 33554432 (custom)
2019-09-19 04:23:21,075 [pool-444-thread-1] INFO  server.RaftServerConfigKeys (ConfUtils.java:logGet(43)) - raft.server.log.segment.size.max = 1048576 (custom)
2019-09-19 04:23:21,075 [pool-444-thread-1] INFO  server.RaftServerConfigKeys (ConfUtils.java:logGet(43)) - raft.server.log.segment.cache.num.max = 2 (custom)
2019-09-19 04:23:21,076 [pool-444-thread-1] INFO  segmented.SegmentedRaftLogWorker (SegmentedRaftLogWorker.java:<init>(172)) - new 051ac7b8-8cbd-4108-aae8-c2637ffaecd2-SegmentedRaftLogWorker:Storage Directory /workdir/hadoop-ozone/integration-test/target/test-dir/MiniOzoneClusterImpl-e123b5d3-93ec-41f3-af3c-77b483f7a668/datanode-3/data/ratis/eda47a47-b1c0-4ade-b747-82bdf46c4894 for RaftStorage:Storage Directory /workdir/hadoop-ozone/integration-test/target/test-dir/MiniOzoneClusterImpl-e123b5d3-93ec-41f3-af3c-77b483f7a668/datanode-3/data/ratis/eda47a47-b1c0-4ade-b747-82bdf46c4894
2019-09-19 04:23:21,076 [pool-444-thread-1] INFO  server.RaftServerConfigKeys (ConfUtils.java:logGet(43)) - raft.server.log.queue.byte-limit = 2147483647 (custom)
2019-09-19 04:23:21,076 [pool-444-thread-1] INFO  server.RaftServerConfigKeys (ConfUtils.java:logGet(43)) - raft.server.log.queue.element-limit = 1024 (custom)
2019-09-19 04:23:21,077 [pool-444-thread-1] INFO  server.RaftServerConfigKeys (ConfUtils.java:logGet(43)) - raft.server.log.segment.size.max = 1048576 (custom)
2019-09-19 04:23:21,077 [pool-444-thread-1] INFO  server.RaftServerConfigKeys (ConfUtils.java:logGet(43)) - raft.server.log.preallocated.size = 16384 (custom)
2019-09-19 04:23:21,077 [pool-444-thread-1] INFO  server.RaftServerConfigKeys (ConfUtils.java:logGet(43)) - raft.server.log.write.buffer.size = 33554432 (custom)
2019-09-19 04:23:21,077 [pool-444-thread-1] INFO  server.RaftServerConfigKeys (ConfUtils.java:logGet(43)) - raft.server.log.force.sync.num = 128 (default)
2019-09-19 04:23:21,078 [pool-444-thread-1] INFO  server.RaftServerConfigKeys (ConfUtils.java:logGet(43)) - raft.server.log.statemachine.data.sync = true (default)
2019-09-19 04:23:21,078 [pool-444-thread-1] INFO  server.RaftServerConfigKeys (ConfUtils.java:logGet(43)) - raft.server.log.statemachine.data.sync.timeout = 10s (default)
2019-09-19 04:23:21,078 [pool-444-thread-1] INFO  server.RaftServerConfigKeys (ConfUtils.java:logGet(43)) - raft.server.log.statemachine.data.sync.timeout.retry = -1 (default)
2019-09-19 04:23:21,079 [pool-444-thread-1] INFO  server.RaftServerConfigKeys (ConfUtils.java:logGet(43)) - raft.server.log.statemachine.data.caching.enabled = true (custom)
2019-09-19 04:23:21,079 [pool-444-thread-1] INFO  segmented.SegmentedRaftLogWorker (SegmentedRaftLogWorker.java:lambda$new$0(132)) - 051ac7b8-8cbd-4108-aae8-c2637ffaecd2-SegmentedRaftLogWorker:Storage Directory /workdir/hadoop-ozone/integration-test/target/test-dir/MiniOzoneClusterImpl-e123b5d3-93ec-41f3-af3c-77b483f7a668/datanode-3/data/ratis/eda47a47-b1c0-4ade-b747-82bdf46c4894: flushIndex: setUnconditionally 0 -> -1
2019-09-19 04:23:21,080 [pool-444-thread-1] INFO  server.RaftServerConfigKeys (ConfUtils.java:logGet(43)) - raft.server.snapshot.auto.trigger.enabled = true (custom)
2019-09-19 04:23:21,080 [pool-444-thread-1] INFO  server.RaftServerConfigKeys (ConfUtils.java:logGet(43)) - raft.server.snapshot.auto.trigger.threshold = 10000 (custom)
2019-09-19 04:23:21,080 [pool-444-thread-1] INFO  server.RaftServerConfigKeys (ConfUtils.java:logGet(43)) - raft.server.retrycache.expirytime = 600000ms (custom)
2019-09-19 04:23:21,081 [pool-444-thread-1] INFO  impl.RaftServerImpl (RaftServerImpl.java:start(180)) - 051ac7b8-8cbd-4108-aae8-c2637ffaecd2: start group-82BDF46C4894
2019-09-19 04:23:21,081 [pool-444-thread-1] INFO  impl.RaftServerImpl (RaftServerImpl.java:setRole(171)) - 051ac7b8-8cbd-4108-aae8-c2637ffaecd2:group-82BDF46C4894 changes role from null to FOLLOWER at term 0 for startAsFollower
2019-09-19 04:23:21,081 [pool-444-thread-1] INFO  impl.RoleInfo (RoleInfo.java:updateAndGet(143)) - 051ac7b8-8cbd-4108-aae8-c2637ffaecd2: start FollowerState
2019-09-19 04:23:21,082 [pool-444-thread-1] INFO  util.JmxRegister (JmxRegister.java:tryRegister(44)) - Successfully registered JMX Bean with object name Ratis:service=RaftServer,group=group-82BDF46C4894,id=051ac7b8-8cbd-4108-aae8-c2637ffaecd2
2019-09-19 04:23:21,085 [Command processor thread] INFO  commandhandler.CreatePipelineCommandHandler (CreatePipelineCommandHandler.java:handle(112)) - Create Pipeline RATIS ONE #PipelineID=eda47a47-b1c0-4ade-b747-82bdf46c4894 command succeed on datanode 051ac7b8-8cbd-4108-aae8-c2637ffaecd2.
2019-09-19 04:23:21,091 [grpc-default-executor-3] INFO  impl.RaftServerProxy (RaftServerProxy.java:addNew(89)) - 051ac7b8-8cbd-4108-aae8-c2637ffaecd2: addNew group-3FE106B93B74:[051ac7b8-8cbd-4108-aae8-c2637ffaecd2:192.168.34.50:34365, c0af3f51-56af-4005-a4bd-c9ee92b8ec18:192.168.34.50:44714, 012d9a91-6350-442f-966e-df3b04b68d55:192.168.34.50:46641] returns group-3FE106B93B74:java.util.concurrent.CompletableFuture@16e0c60e[Not completed]
2019-09-19 04:23:21,093 [pool-444-thread-1] INFO  impl.RaftServerImpl (RaftServerImpl.java:<init>(93)) - 051ac7b8-8cbd-4108-aae8-c2637ffaecd2: new RaftServerImpl for group-3FE106B93B74:[051ac7b8-8cbd-4108-aae8-c2637ffaecd2:192.168.34.50:34365, c0af3f51-56af-4005-a4bd-c9ee92b8ec18:192.168.34.50:44714, 012d9a91-6350-442f-966e-df3b04b68d55:192.168.34.50:46641] with ContainerStateMachine:uninitialized
2019-09-19 04:23:21,093 [pool-444-thread-1] INFO  server.RaftServerConfigKeys (ConfUtils.java:logGet(43)) - raft.server.rpc.timeout.min = 5s (custom)
2019-09-19 04:23:21,093 [pool-444-thread-1] INFO  server.RaftServerConfigKeys (ConfUtils.java:logGet(43)) - raft.server.rpc.timeout.max = 5200ms (custom)
2019-09-19 04:23:21,093 [pool-444-thread-1] INFO  server.RaftServerConfigKeys (ConfUtils.java:logGet(43)) - raft.server.rpcslowness.timeout = 120s (custom)
2019-09-19 04:23:21,094 [pool-444-thread-1] INFO  server.RaftServerConfigKeys (ConfUtils.java:logGet(43)) - raft.server.sleep.deviation.threshold = 300 (default)
2019-09-19 04:23:21,094 [pool-444-thread-1] INFO  server.RaftServerConfigKeys (ConfUtils.java:logGet(43)) - raft.server.log.appender.install.snapshot.enabled = false (custom)
2019-09-19 04:23:21,094 [pool-444-thread-1] INFO  impl.RaftServerImpl (ServerState.java:<init>(105)) - 051ac7b8-8cbd-4108-aae8-c2637ffaecd2:group-3FE106B93B74 ConfigurationManager, init=-1: [051ac7b8-8cbd-4108-aae8-c2637ffaecd2:192.168.34.50:34365, c0af3f51-56af-4005-a4bd-c9ee92b8ec18:192.168.34.50:44714, 012d9a91-6350-442f-966e-df3b04b68d55:192.168.34.50:46641], old=null, confs=<EMPTY_MAP>
2019-09-19 04:23:21,094 [pool-444-thread-1] INFO  server.RaftServerConfigKeys (ConfUtils.java:logGet(43)) - raft.server.storage.dir = [/workdir/hadoop-ozone/integration-test/target/test-dir/MiniOzoneClusterImpl-e123b5d3-93ec-41f3-af3c-77b483f7a668/datanode-3/data/ratis] (custom)
2019-09-19 04:23:21,095 [pool-444-thread-1] INFO  storage.RaftStorageDirectory (RaftStorageDirectory.java:analyzeStorage(246)) - The storage directory /workdir/hadoop-ozone/integration-test/target/test-dir/MiniOzoneClusterImpl-e123b5d3-93ec-41f3-af3c-77b483f7a668/datanode-3/data/ratis/b51e0722-96db-4345-bc2d-3fe106b93b74 does not exist. Creating ...
2019-09-19 04:23:21,153 [pool-444-thread-1] INFO  storage.RaftStorageDirectory (RaftStorageDirectory.java:tryLock(328)) - Lock on /workdir/hadoop-ozone/integration-test/target/test-dir/MiniOzoneClusterImpl-e123b5d3-93ec-41f3-af3c-77b483f7a668/datanode-3/data/ratis/b51e0722-96db-4345-bc2d-3fe106b93b74/in_use.lock acquired by nodename 12012@pr-hdds-2034-srnhl-2452957315
2019-09-19 04:23:21,164 | INFO  | SCMAudit | user=jenkins1000 | ip=192.168.34.50 | op=SEND_HEARTBEAT {datanodeUUID=c0af3f51-56af-4005-a4bd-c9ee92b8ec18, command=[]} | ret=SUCCESS |  
2019-09-19 04:23:21,171 [grpc-default-executor-3] INFO  impl.RaftServerProxy (RaftServerProxy.java:addNew(89)) - c0af3f51-56af-4005-a4bd-c9ee92b8ec18: addNew group-735E9093F461:[c0af3f51-56af-4005-a4bd-c9ee92b8ec18:192.168.34.50:44714] returns group-735E9093F461:java.util.concurrent.CompletableFuture@3cfad6d1[Not completed]
2019-09-19 04:23:21,173 [pool-455-thread-1] INFO  impl.RaftServerImpl (RaftServerImpl.java:<init>(93)) - c0af3f51-56af-4005-a4bd-c9ee92b8ec18: new RaftServerImpl for group-735E9093F461:[c0af3f51-56af-4005-a4bd-c9ee92b8ec18:192.168.34.50:44714] with ContainerStateMachine:uninitialized
2019-09-19 04:23:21,173 [pool-455-thread-1] INFO  server.RaftServerConfigKeys (ConfUtils.java:logGet(43)) - raft.server.rpc.timeout.min = 5s (custom)
2019-09-19 04:23:21,173 [pool-455-thread-1] INFO  server.RaftServerConfigKeys (ConfUtils.java:logGet(43)) - raft.server.rpc.timeout.max = 5200ms (custom)
2019-09-19 04:23:21,173 [pool-455-thread-1] INFO  server.RaftServerConfigKeys (ConfUtils.java:logGet(43)) - raft.server.rpcslowness.timeout = 120s (custom)
2019-09-19 04:23:21,174 [pool-455-thread-1] INFO  server.RaftServerConfigKeys (ConfUtils.java:logGet(43)) - raft.server.sleep.deviation.threshold = 300 (default)
2019-09-19 04:23:21,174 [pool-455-thread-1] INFO  server.RaftServerConfigKeys (ConfUtils.java:logGet(43)) - raft.server.log.appender.install.snapshot.enabled = false (custom)
2019-09-19 04:23:21,174 [pool-455-thread-1] INFO  impl.RaftServerImpl (ServerState.java:<init>(105)) - c0af3f51-56af-4005-a4bd-c9ee92b8ec18:group-735E9093F461 ConfigurationManager, init=-1: [c0af3f51-56af-4005-a4bd-c9ee92b8ec18:192.168.34.50:44714], old=null, confs=<EMPTY_MAP>
2019-09-19 04:23:21,174 [pool-455-thread-1] INFO  server.RaftServerConfigKeys (ConfUtils.java:logGet(43)) - raft.server.storage.dir = [/workdir/hadoop-ozone/integration-test/target/test-dir/MiniOzoneClusterImpl-e123b5d3-93ec-41f3-af3c-77b483f7a668/datanode-4/data/ratis] (custom)
2019-09-19 04:23:21,174 [pool-455-thread-1] INFO  storage.RaftStorageDirectory (RaftStorageDirectory.java:analyzeStorage(246)) - The storage directory /workdir/hadoop-ozone/integration-test/target/test-dir/MiniOzoneClusterImpl-e123b5d3-93ec-41f3-af3c-77b483f7a668/datanode-4/data/ratis/c1fedab2-7907-41e9-b720-735e9093f461 does not exist. Creating ...
2019-09-19 04:23:21,234 [pool-444-thread-1] INFO  storage.RaftStorage (RaftStorage.java:format(72)) - Storage directory /workdir/hadoop-ozone/integration-test/target/test-dir/MiniOzoneClusterImpl-e123b5d3-93ec-41f3-af3c-77b483f7a668/datanode-3/data/ratis/b51e0722-96db-4345-bc2d-3fe106b93b74 has been successfully formatted.
2019-09-19 04:23:21,235 [pool-444-thread-1] INFO  ratis.ContainerStateMachine (ContainerStateMachine.java:loadSnapshot(226)) - group-3FE106B93B74: The snapshot info is null. Setting the last applied indexto:(t:0, i:~)
2019-09-19 04:23:21,235 [pool-444-thread-1] INFO  server.RaftServerConfigKeys (ConfUtils.java:logGet(43)) - raft.server.leader.election.timeout = 120s (custom)
2019-09-19 04:23:21,235 [pool-444-thread-1] INFO  server.RaftServerConfigKeys (ConfUtils.java:logGet(43)) - raft.server.log.use.memory = false (default)
2019-09-19 04:23:21,235 [pool-444-thread-1] INFO  server.RaftServerConfigKeys (ConfUtils.java:logGet(43)) - raft.server.log.purge.gap = 1000000 (custom)
2019-09-19 04:23:21,235 [pool-444-thread-1] INFO  server.RaftServerConfigKeys (ConfUtils.java:logGet(43)) - raft.server.log.appender.buffer.byte-limit = 33554432 (custom)
2019-09-19 04:23:21,235 [pool-444-thread-1] INFO  server.RaftServerConfigKeys (ConfUtils.java:logGet(43)) - raft.server.log.segment.size.max = 1048576 (custom)
2019-09-19 04:23:21,235 [pool-444-thread-1] INFO  server.RaftServerConfigKeys (ConfUtils.java:logGet(43)) - raft.server.log.segment.cache.num.max = 2 (custom)
2019-09-19 04:23:21,235 [pool-444-thread-1] INFO  segmented.SegmentedRaftLogWorker (SegmentedRaftLogWorker.java:<init>(172)) - new 051ac7b8-8cbd-4108-aae8-c2637ffaecd2-SegmentedRaftLogWorker:Storage Directory /workdir/hadoop-ozone/integration-test/target/test-dir/MiniOzoneClusterImpl-e123b5d3-93ec-41f3-af3c-77b483f7a668/datanode-3/data/ratis/b51e0722-96db-4345-bc2d-3fe106b93b74 for RaftStorage:Storage Directory /workdir/hadoop-ozone/integration-test/target/test-dir/MiniOzoneClusterImpl-e123b5d3-93ec-41f3-af3c-77b483f7a668/datanode-3/data/ratis/b51e0722-96db-4345-bc2d-3fe106b93b74
2019-09-19 04:23:21,236 [pool-444-thread-1] INFO  server.RaftServerConfigKeys (ConfUtils.java:logGet(43)) - raft.server.log.queue.byte-limit = 2147483647 (custom)
2019-09-19 04:23:21,236 [pool-444-thread-1] INFO  server.RaftServerConfigKeys (ConfUtils.java:logGet(43)) - raft.server.log.queue.element-limit = 1024 (custom)
2019-09-19 04:23:21,236 [pool-444-thread-1] INFO  server.RaftServerConfigKeys (ConfUtils.java:logGet(43)) - raft.server.log.segment.size.max = 1048576 (custom)
2019-09-19 04:23:21,236 [pool-444-thread-1] INFO  server.RaftServerConfigKeys (ConfUtils.java:logGet(43)) - raft.server.log.preallocated.size = 16384 (custom)
2019-09-19 04:23:21,236 [pool-444-thread-1] INFO  server.RaftServerConfigKeys (ConfUtils.java:logGet(43)) - raft.server.log.write.buffer.size = 33554432 (custom)
2019-09-19 04:23:21,236 [pool-444-thread-1] INFO  server.RaftServerConfigKeys (ConfUtils.java:logGet(43)) - raft.server.log.force.sync.num = 128 (default)
2019-09-19 04:23:21,236 [pool-444-thread-1] INFO  server.RaftServerConfigKeys (ConfUtils.java:logGet(43)) - raft.server.log.statemachine.data.sync = true (default)
2019-09-19 04:23:21,236 [pool-444-thread-1] INFO  server.RaftServerConfigKeys (ConfUtils.java:logGet(43)) - raft.server.log.statemachine.data.sync.timeout = 10s (default)
2019-09-19 04:23:21,236 [pool-444-thread-1] INFO  server.RaftServerConfigKeys (ConfUtils.java:logGet(43)) - raft.server.log.statemachine.data.sync.timeout.retry = -1 (default)
2019-09-19 04:23:21,237 [pool-444-thread-1] INFO  server.RaftServerConfigKeys (ConfUtils.java:logGet(43)) - raft.server.log.statemachine.data.caching.enabled = true (custom)
2019-09-19 04:23:21,237 [pool-444-thread-1] INFO  segmented.SegmentedRaftLogWorker (SegmentedRaftLogWorker.java:lambda$new$0(132)) - 051ac7b8-8cbd-4108-aae8-c2637ffaecd2-SegmentedRaftLogWorker:Storage Directory /workdir/hadoop-ozone/integration-test/target/test-dir/MiniOzoneClusterImpl-e123b5d3-93ec-41f3-af3c-77b483f7a668/datanode-3/data/ratis/b51e0722-96db-4345-bc2d-3fe106b93b74: flushIndex: setUnconditionally 0 -> -1
2019-09-19 04:23:21,237 [pool-444-thread-1] INFO  server.RaftServerConfigKeys (ConfUtils.java:logGet(43)) - raft.server.snapshot.auto.trigger.enabled = true (custom)
2019-09-19 04:23:21,237 [pool-444-thread-1] INFO  server.RaftServerConfigKeys (ConfUtils.java:logGet(43)) - raft.server.snapshot.auto.trigger.threshold = 10000 (custom)
2019-09-19 04:23:21,237 [pool-444-thread-1] INFO  server.RaftServerConfigKeys (ConfUtils.java:logGet(43)) - raft.server.retrycache.expirytime = 600000ms (custom)
2019-09-19 04:23:21,238 [pool-444-thread-1] INFO  impl.RaftServerImpl (RaftServerImpl.java:start(180)) - 051ac7b8-8cbd-4108-aae8-c2637ffaecd2: start group-3FE106B93B74
2019-09-19 04:23:21,238 [pool-444-thread-1] INFO  impl.RaftServerImpl (RaftServerImpl.java:setRole(171)) - 051ac7b8-8cbd-4108-aae8-c2637ffaecd2:group-3FE106B93B74 changes role from null to FOLLOWER at term 0 for startAsFollower
2019-09-19 04:23:21,238 [pool-444-thread-1] INFO  impl.RoleInfo (RoleInfo.java:updateAndGet(143)) - 051ac7b8-8cbd-4108-aae8-c2637ffaecd2: start FollowerState
2019-09-19 04:23:21,238 [pool-444-thread-1] INFO  util.JmxRegister (JmxRegister.java:tryRegister(44)) - Successfully registered JMX Bean with object name Ratis:service=RaftServer,group=group-3FE106B93B74,id=051ac7b8-8cbd-4108-aae8-c2637ffaecd2
2019-09-19 04:23:21,240 [Command processor thread] INFO  commandhandler.CreatePipelineCommandHandler (CreatePipelineCommandHandler.java:handle(112)) - Create Pipeline RATIS THREE #PipelineID=b51e0722-96db-4345-bc2d-3fe106b93b74 command succeed on datanode 051ac7b8-8cbd-4108-aae8-c2637ffaecd2.
2019-09-19 04:23:21,266 [pool-455-thread-1] INFO  storage.RaftStorageDirectory (RaftStorageDirectory.java:tryLock(328)) - Lock on /workdir/hadoop-ozone/integration-test/target/test-dir/MiniOzoneClusterImpl-e123b5d3-93ec-41f3-af3c-77b483f7a668/datanode-4/data/ratis/c1fedab2-7907-41e9-b720-735e9093f461/in_use.lock acquired by nodename 12012@pr-hdds-2034-srnhl-2452957315
2019-09-19 04:23:21,312 | INFO  | SCMAudit | user=jenkins1000 | ip=192.168.34.50 | op=SEND_HEARTBEAT {datanodeUUID=2f180d65-4c25-42b6-a7d0-065130742e7a, command=[]} | ret=SUCCESS |  
2019-09-19 04:23:21,315 [EventQueue-CreatePipelineStatusForSCMPipelineManager] INFO  pipeline.SCMPipelineManager (SCMPipelineManager.java:onMessage(469)) - receive pipeline PipelineID=90459a1c-6e0a-4b78-942f-cdba29885c3d create status EXECUTED
2019-09-19 04:23:21,316 [EventQueue-CreatePipelineStatusForSCMPipelineManager] INFO  pipeline.PipelineStateManager (PipelineStateManager.java:openPipeline(134)) - Pipeline Pipeline[ Id: 90459a1c-6e0a-4b78-942f-cdba29885c3d, Nodes: 2f180d65-4c25-42b6-a7d0-065130742e7a{ip: 192.168.34.50, host: pr-hdds-2034-srnhl-2452957315, networkLocation: /default-rack, certSerialId: null}, Type:RATIS, Factor:ONE, State:ALLOCATED] moved to OPEN state
add pipeline PipelineID=90459a1c-6e0a-4b78-942f-cdba29885c3d to metrics map
2019-09-19 04:23:21,317 [EventQueue-CreatePipelineStatusForSCMPipelineManager] INFO  pipeline.SCMPipelineManager (SCMPipelineManager.java:onMessage(469)) - receive pipeline PipelineID=43636421-7305-4aae-a378-25cb5c4ec9b3 create status EXECUTED
2019-09-19 04:23:21,317 [EventQueue-NewOpenPipelineForHealthyPipelineSafeModeRule] INFO  safemode.SCMSafeModeManager (HealthyPipelineSafeModeRule.java:process(120)) - SCM in safe mode. Healthy pipelines reported count is 1, required healthy pipeline reported count is 1
2019-09-19 04:23:21,317 [EventQueue-NewOpenPipelineForHealthyPipelineSafeModeRule] INFO  safemode.SCMSafeModeManager (SCMSafeModeManager.java:validateSafeModeExitRules(177)) - ScmSafeModeManager, all rules are successfully validated
2019-09-19 04:23:21,317 [EventQueue-NewOpenPipelineForHealthyPipelineSafeModeRule] INFO  safemode.SCMSafeModeManager (SCMSafeModeManager.java:exitSafeMode(193)) - SCM exiting safe mode.
2019-09-19 04:23:21,317 [EventQueue-CreatePipelineStatusForSCMPipelineManager] INFO  pipeline.PipelineStateManager (PipelineStateManager.java:openPipeline(134)) - Pipeline Pipeline[ Id: 43636421-7305-4aae-a378-25cb5c4ec9b3, Nodes: 2f180d65-4c25-42b6-a7d0-065130742e7a{ip: 192.168.34.50, host: pr-hdds-2034-srnhl-2452957315, networkLocation: /default-rack, certSerialId: null}8da68b5e-6b12-4c66-b560-7bfe69901e90{ip: 192.168.34.50, host: pr-hdds-2034-srnhl-2452957315, networkLocation: /default-rack, certSerialId: null}1f599ffa-6388-40ea-bded-39dbd74e4d02{ip: 192.168.34.50, host: pr-hdds-2034-srnhl-2452957315, networkLocation: /default-rack, certSerialId: null}, Type:RATIS, Factor:THREE, State:ALLOCATED] moved to OPEN state
add pipeline PipelineID=43636421-7305-4aae-a378-25cb5c4ec9b3 to metrics map
2019-09-19 04:23:21,322 [pool-455-thread-1] INFO  storage.RaftStorage (RaftStorage.java:format(72)) - Storage directory /workdir/hadoop-ozone/integration-test/target/test-dir/MiniOzoneClusterImpl-e123b5d3-93ec-41f3-af3c-77b483f7a668/datanode-4/data/ratis/c1fedab2-7907-41e9-b720-735e9093f461 has been successfully formatted.
2019-09-19 04:23:21,323 [pool-455-thread-1] INFO  ratis.ContainerStateMachine (ContainerStateMachine.java:loadSnapshot(226)) - group-735E9093F461: The snapshot info is null. Setting the last applied indexto:(t:0, i:~)
2019-09-19 04:23:21,323 [pool-455-thread-1] INFO  server.RaftServerConfigKeys (ConfUtils.java:logGet(43)) - raft.server.leader.election.timeout = 120s (custom)
2019-09-19 04:23:21,323 [pool-455-thread-1] INFO  server.RaftServerConfigKeys (ConfUtils.java:logGet(43)) - raft.server.log.use.memory = false (default)
2019-09-19 04:23:21,323 [pool-455-thread-1] INFO  server.RaftServerConfigKeys (ConfUtils.java:logGet(43)) - raft.server.log.purge.gap = 1000000 (custom)
2019-09-19 04:23:21,323 [pool-455-thread-1] INFO  server.RaftServerConfigKeys (ConfUtils.java:logGet(43)) - raft.server.log.appender.buffer.byte-limit = 33554432 (custom)
2019-09-19 04:23:21,323 [pool-455-thread-1] INFO  server.RaftServerConfigKeys (ConfUtils.java:logGet(43)) - raft.server.log.segment.size.max = 1048576 (custom)
2019-09-19 04:23:21,323 [pool-455-thread-1] INFO  server.RaftServerConfigKeys (ConfUtils.java:logGet(43)) - raft.server.log.segment.cache.num.max = 2 (custom)
2019-09-19 04:23:21,324 [pool-455-thread-1] INFO  segmented.SegmentedRaftLogWorker (SegmentedRaftLogWorker.java:<init>(172)) - new c0af3f51-56af-4005-a4bd-c9ee92b8ec18-SegmentedRaftLogWorker:Storage Directory /workdir/hadoop-ozone/integration-test/target/test-dir/MiniOzoneClusterImpl-e123b5d3-93ec-41f3-af3c-77b483f7a668/datanode-4/data/ratis/c1fedab2-7907-41e9-b720-735e9093f461 for RaftStorage:Storage Directory /workdir/hadoop-ozone/integration-test/target/test-dir/MiniOzoneClusterImpl-e123b5d3-93ec-41f3-af3c-77b483f7a668/datanode-4/data/ratis/c1fedab2-7907-41e9-b720-735e9093f461
2019-09-19 04:23:21,324 [pool-455-thread-1] INFO  server.RaftServerConfigKeys (ConfUtils.java:logGet(43)) - raft.server.log.queue.byte-limit = 2147483647 (custom)
2019-09-19 04:23:21,324 [pool-455-thread-1] INFO  server.RaftServerConfigKeys (ConfUtils.java:logGet(43)) - raft.server.log.queue.element-limit = 1024 (custom)
2019-09-19 04:23:21,324 [pool-455-thread-1] INFO  server.RaftServerConfigKeys (ConfUtils.java:logGet(43)) - raft.server.log.segment.size.max = 1048576 (custom)
2019-09-19 04:23:21,324 [pool-455-thread-1] INFO  server.RaftServerConfigKeys (ConfUtils.java:logGet(43)) - raft.server.log.preallocated.size = 16384 (custom)
2019-09-19 04:23:21,324 [pool-455-thread-1] INFO  server.RaftServerConfigKeys (ConfUtils.java:logGet(43)) - raft.server.log.write.buffer.size = 33554432 (custom)
2019-09-19 04:23:21,325 [pool-455-thread-1] INFO  server.RaftServerConfigKeys (ConfUtils.java:logGet(43)) - raft.server.log.force.sync.num = 128 (default)
2019-09-19 04:23:21,325 [pool-455-thread-1] INFO  server.RaftServerConfigKeys (ConfUtils.java:logGet(43)) - raft.server.log.statemachine.data.sync = true (default)
2019-09-19 04:23:21,325 [pool-455-thread-1] INFO  server.RaftServerConfigKeys (ConfUtils.java:logGet(43)) - raft.server.log.statemachine.data.sync.timeout = 10s (default)
2019-09-19 04:23:21,325 [pool-455-thread-1] INFO  server.RaftServerConfigKeys (ConfUtils.java:logGet(43)) - raft.server.log.statemachine.data.sync.timeout.retry = -1 (default)
2019-09-19 04:23:21,325 [pool-455-thread-1] INFO  server.RaftServerConfigKeys (ConfUtils.java:logGet(43)) - raft.server.log.statemachine.data.caching.enabled = true (custom)
2019-09-19 04:23:21,326 [pool-455-thread-1] INFO  segmented.SegmentedRaftLogWorker (SegmentedRaftLogWorker.java:lambda$new$0(132)) - c0af3f51-56af-4005-a4bd-c9ee92b8ec18-SegmentedRaftLogWorker:Storage Directory /workdir/hadoop-ozone/integration-test/target/test-dir/MiniOzoneClusterImpl-e123b5d3-93ec-41f3-af3c-77b483f7a668/datanode-4/data/ratis/c1fedab2-7907-41e9-b720-735e9093f461: flushIndex: setUnconditionally 0 -> -1
2019-09-19 04:23:21,326 [pool-455-thread-1] INFO  server.RaftServerConfigKeys (ConfUtils.java:logGet(43)) - raft.server.snapshot.auto.trigger.enabled = true (custom)
2019-09-19 04:23:21,326 [pool-455-thread-1] INFO  server.RaftServerConfigKeys (ConfUtils.java:logGet(43)) - raft.server.snapshot.auto.trigger.threshold = 10000 (custom)
2019-09-19 04:23:21,326 [pool-455-thread-1] INFO  server.RaftServerConfigKeys (ConfUtils.java:logGet(43)) - raft.server.retrycache.expirytime = 600000ms (custom)
2019-09-19 04:23:21,326 [pool-455-thread-1] INFO  impl.RaftServerImpl (RaftServerImpl.java:start(180)) - c0af3f51-56af-4005-a4bd-c9ee92b8ec18: start group-735E9093F461
2019-09-19 04:23:21,327 [pool-455-thread-1] INFO  impl.RaftServerImpl (RaftServerImpl.java:setRole(171)) - c0af3f51-56af-4005-a4bd-c9ee92b8ec18:group-735E9093F461 changes role from null to FOLLOWER at term 0 for startAsFollower
2019-09-19 04:23:21,327 [pool-455-thread-1] INFO  impl.RoleInfo (RoleInfo.java:updateAndGet(143)) - c0af3f51-56af-4005-a4bd-c9ee92b8ec18: start FollowerState
2019-09-19 04:23:21,327 [pool-455-thread-1] INFO  util.JmxRegister (JmxRegister.java:tryRegister(44)) - Successfully registered JMX Bean with object name Ratis:service=RaftServer,group=group-735E9093F461,id=c0af3f51-56af-4005-a4bd-c9ee92b8ec18
2019-09-19 04:23:21,329 [Command processor thread] INFO  commandhandler.CreatePipelineCommandHandler (CreatePipelineCommandHandler.java:handle(112)) - Create Pipeline RATIS ONE #PipelineID=c1fedab2-7907-41e9-b720-735e9093f461 command succeed on datanode c0af3f51-56af-4005-a4bd-c9ee92b8ec18.
2019-09-19 04:23:21,333 [grpc-default-executor-3] INFO  impl.RaftServerProxy (RaftServerProxy.java:addNew(89)) - c0af3f51-56af-4005-a4bd-c9ee92b8ec18: addNew group-3FE106B93B74:[051ac7b8-8cbd-4108-aae8-c2637ffaecd2:192.168.34.50:34365, c0af3f51-56af-4005-a4bd-c9ee92b8ec18:192.168.34.50:44714, 012d9a91-6350-442f-966e-df3b04b68d55:192.168.34.50:46641] returns group-3FE106B93B74:java.util.concurrent.CompletableFuture@419a1bba[Not completed]
2019-09-19 04:23:21,334 [pool-455-thread-1] INFO  impl.RaftServerImpl (RaftServerImpl.java:<init>(93)) - c0af3f51-56af-4005-a4bd-c9ee92b8ec18: new RaftServerImpl for group-3FE106B93B74:[051ac7b8-8cbd-4108-aae8-c2637ffaecd2:192.168.34.50:34365, c0af3f51-56af-4005-a4bd-c9ee92b8ec18:192.168.34.50:44714, 012d9a91-6350-442f-966e-df3b04b68d55:192.168.34.50:46641] with ContainerStateMachine:uninitialized
2019-09-19 04:23:21,334 [pool-455-thread-1] INFO  server.RaftServerConfigKeys (ConfUtils.java:logGet(43)) - raft.server.rpc.timeout.min = 5s (custom)
2019-09-19 04:23:21,334 [pool-455-thread-1] INFO  server.RaftServerConfigKeys (ConfUtils.java:logGet(43)) - raft.server.rpc.timeout.max = 5200ms (custom)
2019-09-19 04:23:21,335 [pool-455-thread-1] INFO  server.RaftServerConfigKeys (ConfUtils.java:logGet(43)) - raft.server.rpcslowness.timeout = 120s (custom)
2019-09-19 04:23:21,335 [pool-455-thread-1] INFO  server.RaftServerConfigKeys (ConfUtils.java:logGet(43)) - raft.server.sleep.deviation.threshold = 300 (default)
2019-09-19 04:23:21,335 [pool-455-thread-1] INFO  server.RaftServerConfigKeys (ConfUtils.java:logGet(43)) - raft.server.log.appender.install.snapshot.enabled = false (custom)
2019-09-19 04:23:21,335 [pool-455-thread-1] INFO  impl.RaftServerImpl (ServerState.java:<init>(105)) - c0af3f51-56af-4005-a4bd-c9ee92b8ec18:group-3FE106B93B74 ConfigurationManager, init=-1: [051ac7b8-8cbd-4108-aae8-c2637ffaecd2:192.168.34.50:34365, c0af3f51-56af-4005-a4bd-c9ee92b8ec18:192.168.34.50:44714, 012d9a91-6350-442f-966e-df3b04b68d55:192.168.34.50:46641], old=null, confs=<EMPTY_MAP>
2019-09-19 04:23:21,335 [pool-455-thread-1] INFO  server.RaftServerConfigKeys (ConfUtils.java:logGet(43)) - raft.server.storage.dir = [/workdir/hadoop-ozone/integration-test/target/test-dir/MiniOzoneClusterImpl-e123b5d3-93ec-41f3-af3c-77b483f7a668/datanode-4/data/ratis] (custom)
2019-09-19 04:23:21,336 [pool-455-thread-1] INFO  storage.RaftStorageDirectory (RaftStorageDirectory.java:analyzeStorage(246)) - The storage directory /workdir/hadoop-ozone/integration-test/target/test-dir/MiniOzoneClusterImpl-e123b5d3-93ec-41f3-af3c-77b483f7a668/datanode-4/data/ratis/b51e0722-96db-4345-bc2d-3fe106b93b74 does not exist. Creating ...
2019-09-19 04:23:21,400 [pool-455-thread-1] INFO  storage.RaftStorageDirectory (RaftStorageDirectory.java:tryLock(328)) - Lock on /workdir/hadoop-ozone/integration-test/target/test-dir/MiniOzoneClusterImpl-e123b5d3-93ec-41f3-af3c-77b483f7a668/datanode-4/data/ratis/b51e0722-96db-4345-bc2d-3fe106b93b74/in_use.lock acquired by nodename 12012@pr-hdds-2034-srnhl-2452957315
2019-09-19 04:23:21,412 | INFO  | SCMAudit | user=jenkins1000 | ip=192.168.34.50 | op=SEND_HEARTBEAT {datanodeUUID=012d9a91-6350-442f-966e-df3b04b68d55, command=[]} | ret=SUCCESS |  
2019-09-19 04:23:21,419 [grpc-default-executor-3] INFO  impl.RaftServerProxy (RaftServerProxy.java:addNew(89)) - 012d9a91-6350-442f-966e-df3b04b68d55: addNew group-186AD72DDF16:[012d9a91-6350-442f-966e-df3b04b68d55:192.168.34.50:46641] returns group-186AD72DDF16:java.util.concurrent.CompletableFuture@493fc67d[Not completed]
2019-09-19 04:23:21,420 [pool-466-thread-1] INFO  impl.RaftServerImpl (RaftServerImpl.java:<init>(93)) - 012d9a91-6350-442f-966e-df3b04b68d55: new RaftServerImpl for group-186AD72DDF16:[012d9a91-6350-442f-966e-df3b04b68d55:192.168.34.50:46641] with ContainerStateMachine:uninitialized
2019-09-19 04:23:21,420 [pool-466-thread-1] INFO  server.RaftServerConfigKeys (ConfUtils.java:logGet(43)) - raft.server.rpc.timeout.min = 5s (custom)
2019-09-19 04:23:21,420 [pool-466-thread-1] INFO  server.RaftServerConfigKeys (ConfUtils.java:logGet(43)) - raft.server.rpc.timeout.max = 5200ms (custom)
2019-09-19 04:23:21,421 [pool-466-thread-1] INFO  server.RaftServerConfigKeys (ConfUtils.java:logGet(43)) - raft.server.rpcslowness.timeout = 120s (custom)
2019-09-19 04:23:21,421 [pool-466-thread-1] INFO  server.RaftServerConfigKeys (ConfUtils.java:logGet(43)) - raft.server.sleep.deviation.threshold = 300 (default)
2019-09-19 04:23:21,421 [pool-466-thread-1] INFO  server.RaftServerConfigKeys (ConfUtils.java:logGet(43)) - raft.server.log.appender.install.snapshot.enabled = false (custom)
2019-09-19 04:23:21,421 [pool-466-thread-1] INFO  impl.RaftServerImpl (ServerState.java:<init>(105)) - 012d9a91-6350-442f-966e-df3b04b68d55:group-186AD72DDF16 ConfigurationManager, init=-1: [012d9a91-6350-442f-966e-df3b04b68d55:192.168.34.50:46641], old=null, confs=<EMPTY_MAP>
2019-09-19 04:23:21,421 [pool-466-thread-1] INFO  server.RaftServerConfigKeys (ConfUtils.java:logGet(43)) - raft.server.storage.dir = [/workdir/hadoop-ozone/integration-test/target/test-dir/MiniOzoneClusterImpl-e123b5d3-93ec-41f3-af3c-77b483f7a668/datanode-5/data/ratis] (custom)
2019-09-19 04:23:21,421 [pool-466-thread-1] INFO  storage.RaftStorageDirectory (RaftStorageDirectory.java:analyzeStorage(246)) - The storage directory /workdir/hadoop-ozone/integration-test/target/test-dir/MiniOzoneClusterImpl-e123b5d3-93ec-41f3-af3c-77b483f7a668/datanode-5/data/ratis/8d0f405e-9860-4280-83f9-186ad72ddf16 does not exist. Creating ...
2019-09-19 04:23:21,453 [pool-466-thread-1] INFO  storage.RaftStorageDirectory (RaftStorageDirectory.java:tryLock(328)) - Lock on /workdir/hadoop-ozone/integration-test/target/test-dir/MiniOzoneClusterImpl-e123b5d3-93ec-41f3-af3c-77b483f7a668/datanode-5/data/ratis/8d0f405e-9860-4280-83f9-186ad72ddf16/in_use.lock acquired by nodename 12012@pr-hdds-2034-srnhl-2452957315
2019-09-19 04:23:21,453 [pool-455-thread-1] INFO  storage.RaftStorage (RaftStorage.java:format(72)) - Storage directory /workdir/hadoop-ozone/integration-test/target/test-dir/MiniOzoneClusterImpl-e123b5d3-93ec-41f3-af3c-77b483f7a668/datanode-4/data/ratis/b51e0722-96db-4345-bc2d-3fe106b93b74 has been successfully formatted.
2019-09-19 04:23:21,454 [pool-455-thread-1] INFO  ratis.ContainerStateMachine (ContainerStateMachine.java:loadSnapshot(226)) - group-3FE106B93B74: The snapshot info is null. Setting the last applied indexto:(t:0, i:~)
2019-09-19 04:23:21,454 [pool-455-thread-1] INFO  server.RaftServerConfigKeys (ConfUtils.java:logGet(43)) - raft.server.leader.election.timeout = 120s (custom)
2019-09-19 04:23:21,454 [pool-455-thread-1] INFO  server.RaftServerConfigKeys (ConfUtils.java:logGet(43)) - raft.server.log.use.memory = false (default)
2019-09-19 04:23:21,454 [pool-455-thread-1] INFO  server.RaftServerConfigKeys (ConfUtils.java:logGet(43)) - raft.server.log.purge.gap = 1000000 (custom)
2019-09-19 04:23:21,454 [pool-455-thread-1] INFO  server.RaftServerConfigKeys (ConfUtils.java:logGet(43)) - raft.server.log.appender.buffer.byte-limit = 33554432 (custom)
2019-09-19 04:23:21,454 [pool-455-thread-1] INFO  server.RaftServerConfigKeys (ConfUtils.java:logGet(43)) - raft.server.log.segment.size.max = 1048576 (custom)
2019-09-19 04:23:21,455 [pool-455-thread-1] INFO  server.RaftServerConfigKeys (ConfUtils.java:logGet(43)) - raft.server.log.segment.cache.num.max = 2 (custom)
2019-09-19 04:23:21,455 [pool-455-thread-1] INFO  segmented.SegmentedRaftLogWorker (SegmentedRaftLogWorker.java:<init>(172)) - new c0af3f51-56af-4005-a4bd-c9ee92b8ec18-SegmentedRaftLogWorker:Storage Directory /workdir/hadoop-ozone/integration-test/target/test-dir/MiniOzoneClusterImpl-e123b5d3-93ec-41f3-af3c-77b483f7a668/datanode-4/data/ratis/b51e0722-96db-4345-bc2d-3fe106b93b74 for RaftStorage:Storage Directory /workdir/hadoop-ozone/integration-test/target/test-dir/MiniOzoneClusterImpl-e123b5d3-93ec-41f3-af3c-77b483f7a668/datanode-4/data/ratis/b51e0722-96db-4345-bc2d-3fe106b93b74
2019-09-19 04:23:21,455 [pool-455-thread-1] INFO  server.RaftServerConfigKeys (ConfUtils.java:logGet(43)) - raft.server.log.queue.byte-limit = 2147483647 (custom)
2019-09-19 04:23:21,455 [pool-455-thread-1] INFO  server.RaftServerConfigKeys (ConfUtils.java:logGet(43)) - raft.server.log.queue.element-limit = 1024 (custom)
2019-09-19 04:23:21,455 [pool-455-thread-1] INFO  server.RaftServerConfigKeys (ConfUtils.java:logGet(43)) - raft.server.log.segment.size.max = 1048576 (custom)
2019-09-19 04:23:21,455 [pool-455-thread-1] INFO  server.RaftServerConfigKeys (ConfUtils.java:logGet(43)) - raft.server.log.preallocated.size = 16384 (custom)
2019-09-19 04:23:21,456 [pool-455-thread-1] INFO  server.RaftServerConfigKeys (ConfUtils.java:logGet(43)) - raft.server.log.write.buffer.size = 33554432 (custom)
2019-09-19 04:23:21,456 [pool-455-thread-1] INFO  server.RaftServerConfigKeys (ConfUtils.java:logGet(43)) - raft.server.log.force.sync.num = 128 (default)
2019-09-19 04:23:21,456 [pool-455-thread-1] INFO  server.RaftServerConfigKeys (ConfUtils.java:logGet(43)) - raft.server.log.statemachine.data.sync = true (default)
2019-09-19 04:23:21,456 [pool-455-thread-1] INFO  server.RaftServerConfigKeys (ConfUtils.java:logGet(43)) - raft.server.log.statemachine.data.sync.timeout = 10s (default)
2019-09-19 04:23:21,456 [pool-455-thread-1] INFO  server.RaftServerConfigKeys (ConfUtils.java:logGet(43)) - raft.server.log.statemachine.data.sync.timeout.retry = -1 (default)
2019-09-19 04:23:21,456 [pool-455-thread-1] INFO  server.RaftServerConfigKeys (ConfUtils.java:logGet(43)) - raft.server.log.statemachine.data.caching.enabled = true (custom)
2019-09-19 04:23:21,456 [pool-455-thread-1] INFO  segmented.SegmentedRaftLogWorker (SegmentedRaftLogWorker.java:lambda$new$0(132)) - c0af3f51-56af-4005-a4bd-c9ee92b8ec18-SegmentedRaftLogWorker:Storage Directory /workdir/hadoop-ozone/integration-test/target/test-dir/MiniOzoneClusterImpl-e123b5d3-93ec-41f3-af3c-77b483f7a668/datanode-4/data/ratis/b51e0722-96db-4345-bc2d-3fe106b93b74: flushIndex: setUnconditionally 0 -> -1
2019-09-19 04:23:21,457 [pool-455-thread-1] INFO  server.RaftServerConfigKeys (ConfUtils.java:logGet(43)) - raft.server.snapshot.auto.trigger.enabled = true (custom)
2019-09-19 04:23:21,457 [pool-455-thread-1] INFO  server.RaftServerConfigKeys (ConfUtils.java:logGet(43)) - raft.server.snapshot.auto.trigger.threshold = 10000 (custom)
2019-09-19 04:23:21,457 [pool-455-thread-1] INFO  server.RaftServerConfigKeys (ConfUtils.java:logGet(43)) - raft.server.retrycache.expirytime = 600000ms (custom)
2019-09-19 04:23:21,457 [pool-455-thread-1] INFO  impl.RaftServerImpl (RaftServerImpl.java:start(180)) - c0af3f51-56af-4005-a4bd-c9ee92b8ec18: start group-3FE106B93B74
2019-09-19 04:23:21,457 [pool-455-thread-1] INFO  impl.RaftServerImpl (RaftServerImpl.java:setRole(171)) - c0af3f51-56af-4005-a4bd-c9ee92b8ec18:group-3FE106B93B74 changes role from null to FOLLOWER at term 0 for startAsFollower
2019-09-19 04:23:21,458 [pool-455-thread-1] INFO  impl.RoleInfo (RoleInfo.java:updateAndGet(143)) - c0af3f51-56af-4005-a4bd-c9ee92b8ec18: start FollowerState
2019-09-19 04:23:21,458 [pool-455-thread-1] INFO  util.JmxRegister (JmxRegister.java:tryRegister(44)) - Successfully registered JMX Bean with object name Ratis:service=RaftServer,group=group-3FE106B93B74,id=c0af3f51-56af-4005-a4bd-c9ee92b8ec18
2019-09-19 04:23:21,460 [Command processor thread] INFO  commandhandler.CreatePipelineCommandHandler (CreatePipelineCommandHandler.java:handle(112)) - Create Pipeline RATIS THREE #PipelineID=b51e0722-96db-4345-bc2d-3fe106b93b74 command succeed on datanode c0af3f51-56af-4005-a4bd-c9ee92b8ec18.
2019-09-19 04:23:21,509 [pool-466-thread-1] INFO  storage.RaftStorage (RaftStorage.java:format(72)) - Storage directory /workdir/hadoop-ozone/integration-test/target/test-dir/MiniOzoneClusterImpl-e123b5d3-93ec-41f3-af3c-77b483f7a668/datanode-5/data/ratis/8d0f405e-9860-4280-83f9-186ad72ddf16 has been successfully formatted.
2019-09-19 04:23:21,509 [pool-466-thread-1] INFO  ratis.ContainerStateMachine (ContainerStateMachine.java:loadSnapshot(226)) - group-186AD72DDF16: The snapshot info is null. Setting the last applied indexto:(t:0, i:~)
2019-09-19 04:23:21,509 [pool-466-thread-1] INFO  server.RaftServerConfigKeys (ConfUtils.java:logGet(43)) - raft.server.leader.election.timeout = 120s (custom)
2019-09-19 04:23:21,509 [pool-466-thread-1] INFO  server.RaftServerConfigKeys (ConfUtils.java:logGet(43)) - raft.server.log.use.memory = false (default)
2019-09-19 04:23:21,510 [pool-466-thread-1] INFO  server.RaftServerConfigKeys (ConfUtils.java:logGet(43)) - raft.server.log.purge.gap = 1000000 (custom)
2019-09-19 04:23:21,510 [pool-466-thread-1] INFO  server.RaftServerConfigKeys (ConfUtils.java:logGet(43)) - raft.server.log.appender.buffer.byte-limit = 33554432 (custom)
2019-09-19 04:23:21,510 [pool-466-thread-1] INFO  server.RaftServerConfigKeys (ConfUtils.java:logGet(43)) - raft.server.log.segment.size.max = 1048576 (custom)
2019-09-19 04:23:21,510 [pool-466-thread-1] INFO  server.RaftServerConfigKeys (ConfUtils.java:logGet(43)) - raft.server.log.segment.cache.num.max = 2 (custom)
2019-09-19 04:23:21,510 [pool-466-thread-1] INFO  segmented.SegmentedRaftLogWorker (SegmentedRaftLogWorker.java:<init>(172)) - new 012d9a91-6350-442f-966e-df3b04b68d55-SegmentedRaftLogWorker:Storage Directory /workdir/hadoop-ozone/integration-test/target/test-dir/MiniOzoneClusterImpl-e123b5d3-93ec-41f3-af3c-77b483f7a668/datanode-5/data/ratis/8d0f405e-9860-4280-83f9-186ad72ddf16 for RaftStorage:Storage Directory /workdir/hadoop-ozone/integration-test/target/test-dir/MiniOzoneClusterImpl-e123b5d3-93ec-41f3-af3c-77b483f7a668/datanode-5/data/ratis/8d0f405e-9860-4280-83f9-186ad72ddf16
2019-09-19 04:23:21,510 [pool-466-thread-1] INFO  server.RaftServerConfigKeys (ConfUtils.java:logGet(43)) - raft.server.log.queue.byte-limit = 2147483647 (custom)
2019-09-19 04:23:21,510 [pool-466-thread-1] INFO  server.RaftServerConfigKeys (ConfUtils.java:logGet(43)) - raft.server.log.queue.element-limit = 1024 (custom)
2019-09-19 04:23:21,511 [pool-466-thread-1] INFO  server.RaftServerConfigKeys (ConfUtils.java:logGet(43)) - raft.server.log.segment.size.max = 1048576 (custom)
2019-09-19 04:23:21,511 [pool-466-thread-1] INFO  server.RaftServerConfigKeys (ConfUtils.java:logGet(43)) - raft.server.log.preallocated.size = 16384 (custom)
2019-09-19 04:23:21,511 [pool-466-thread-1] INFO  server.RaftServerConfigKeys (ConfUtils.java:logGet(43)) - raft.server.log.write.buffer.size = 33554432 (custom)
2019-09-19 04:23:21,511 [pool-466-thread-1] INFO  server.RaftServerConfigKeys (ConfUtils.java:logGet(43)) - raft.server.log.force.sync.num = 128 (default)
2019-09-19 04:23:21,511 [pool-466-thread-1] INFO  server.RaftServerConfigKeys (ConfUtils.java:logGet(43)) - raft.server.log.statemachine.data.sync = true (default)
2019-09-19 04:23:21,511 [pool-466-thread-1] INFO  server.RaftServerConfigKeys (ConfUtils.java:logGet(43)) - raft.server.log.statemachine.data.sync.timeout = 10s (default)
2019-09-19 04:23:21,511 [pool-466-thread-1] INFO  server.RaftServerConfigKeys (ConfUtils.java:logGet(43)) - raft.server.log.statemachine.data.sync.timeout.retry = -1 (default)
2019-09-19 04:23:21,512 [pool-466-thread-1] INFO  server.RaftServerConfigKeys (ConfUtils.java:logGet(43)) - raft.server.log.statemachine.data.caching.enabled = true (custom)
2019-09-19 04:23:21,512 [pool-466-thread-1] INFO  segmented.SegmentedRaftLogWorker (SegmentedRaftLogWorker.java:lambda$new$0(132)) - 012d9a91-6350-442f-966e-df3b04b68d55-SegmentedRaftLogWorker:Storage Directory /workdir/hadoop-ozone/integration-test/target/test-dir/MiniOzoneClusterImpl-e123b5d3-93ec-41f3-af3c-77b483f7a668/datanode-5/data/ratis/8d0f405e-9860-4280-83f9-186ad72ddf16: flushIndex: setUnconditionally 0 -> -1
2019-09-19 04:23:21,512 [pool-466-thread-1] INFO  server.RaftServerConfigKeys (ConfUtils.java:logGet(43)) - raft.server.snapshot.auto.trigger.enabled = true (custom)
2019-09-19 04:23:21,513 [pool-466-thread-1] INFO  server.RaftServerConfigKeys (ConfUtils.java:logGet(43)) - raft.server.snapshot.auto.trigger.threshold = 10000 (custom)
2019-09-19 04:23:21,513 [pool-466-thread-1] INFO  server.RaftServerConfigKeys (ConfUtils.java:logGet(43)) - raft.server.retrycache.expirytime = 600000ms (custom)
2019-09-19 04:23:21,513 [pool-466-thread-1] INFO  impl.RaftServerImpl (RaftServerImpl.java:start(180)) - 012d9a91-6350-442f-966e-df3b04b68d55: start group-186AD72DDF16
2019-09-19 04:23:21,513 [pool-466-thread-1] INFO  impl.RaftServerImpl (RaftServerImpl.java:setRole(171)) - 012d9a91-6350-442f-966e-df3b04b68d55:group-186AD72DDF16 changes role from null to FOLLOWER at term 0 for startAsFollower
2019-09-19 04:23:21,513 [pool-466-thread-1] INFO  impl.RoleInfo (RoleInfo.java:updateAndGet(143)) - 012d9a91-6350-442f-966e-df3b04b68d55: start FollowerState
2019-09-19 04:23:21,514 [pool-466-thread-1] INFO  util.JmxRegister (JmxRegister.java:tryRegister(44)) - Successfully registered JMX Bean with object name Ratis:service=RaftServer,group=group-186AD72DDF16,id=012d9a91-6350-442f-966e-df3b04b68d55
2019-09-19 04:23:21,516 [Command processor thread] INFO  commandhandler.CreatePipelineCommandHandler (CreatePipelineCommandHandler.java:handle(112)) - Create Pipeline RATIS ONE #PipelineID=8d0f405e-9860-4280-83f9-186ad72ddf16 command succeed on datanode 012d9a91-6350-442f-966e-df3b04b68d55.
2019-09-19 04:23:21,520 [grpc-default-executor-3] INFO  impl.RaftServerProxy (RaftServerProxy.java:addNew(89)) - 012d9a91-6350-442f-966e-df3b04b68d55: addNew group-3FE106B93B74:[051ac7b8-8cbd-4108-aae8-c2637ffaecd2:192.168.34.50:34365, c0af3f51-56af-4005-a4bd-c9ee92b8ec18:192.168.34.50:44714, 012d9a91-6350-442f-966e-df3b04b68d55:192.168.34.50:46641] returns group-3FE106B93B74:java.util.concurrent.CompletableFuture@28269492[Not completed]
2019-09-19 04:23:21,521 [pool-466-thread-1] INFO  impl.RaftServerImpl (RaftServerImpl.java:<init>(93)) - 012d9a91-6350-442f-966e-df3b04b68d55: new RaftServerImpl for group-3FE106B93B74:[051ac7b8-8cbd-4108-aae8-c2637ffaecd2:192.168.34.50:34365, c0af3f51-56af-4005-a4bd-c9ee92b8ec18:192.168.34.50:44714, 012d9a91-6350-442f-966e-df3b04b68d55:192.168.34.50:46641] with ContainerStateMachine:uninitialized
2019-09-19 04:23:21,521 [pool-466-thread-1] INFO  server.RaftServerConfigKeys (ConfUtils.java:logGet(43)) - raft.server.rpc.timeout.min = 5s (custom)
2019-09-19 04:23:21,522 [pool-466-thread-1] INFO  server.RaftServerConfigKeys (ConfUtils.java:logGet(43)) - raft.server.rpc.timeout.max = 5200ms (custom)
2019-09-19 04:23:21,522 [pool-466-thread-1] INFO  server.RaftServerConfigKeys (ConfUtils.java:logGet(43)) - raft.server.rpcslowness.timeout = 120s (custom)
2019-09-19 04:23:21,522 [pool-466-thread-1] INFO  server.RaftServerConfigKeys (ConfUtils.java:logGet(43)) - raft.server.sleep.deviation.threshold = 300 (default)
2019-09-19 04:23:21,522 [pool-466-thread-1] INFO  server.RaftServerConfigKeys (ConfUtils.java:logGet(43)) - raft.server.log.appender.install.snapshot.enabled = false (custom)
2019-09-19 04:23:21,522 [pool-466-thread-1] INFO  impl.RaftServerImpl (ServerState.java:<init>(105)) - 012d9a91-6350-442f-966e-df3b04b68d55:group-3FE106B93B74 ConfigurationManager, init=-1: [051ac7b8-8cbd-4108-aae8-c2637ffaecd2:192.168.34.50:34365, c0af3f51-56af-4005-a4bd-c9ee92b8ec18:192.168.34.50:44714, 012d9a91-6350-442f-966e-df3b04b68d55:192.168.34.50:46641], old=null, confs=<EMPTY_MAP>
2019-09-19 04:23:21,525 [pool-466-thread-1] INFO  server.RaftServerConfigKeys (ConfUtils.java:logGet(43)) - raft.server.storage.dir = [/workdir/hadoop-ozone/integration-test/target/test-dir/MiniOzoneClusterImpl-e123b5d3-93ec-41f3-af3c-77b483f7a668/datanode-5/data/ratis] (custom)
2019-09-19 04:23:21,526 [pool-466-thread-1] INFO  storage.RaftStorageDirectory (RaftStorageDirectory.java:analyzeStorage(246)) - The storage directory /workdir/hadoop-ozone/integration-test/target/test-dir/MiniOzoneClusterImpl-e123b5d3-93ec-41f3-af3c-77b483f7a668/datanode-5/data/ratis/b51e0722-96db-4345-bc2d-3fe106b93b74 does not exist. Creating ...
2019-09-19 04:23:21,526 | INFO  | SCMAudit | user=jenkins1000 | ip=192.168.34.50 | op=SEND_HEARTBEAT {datanodeUUID=8da68b5e-6b12-4c66-b560-7bfe69901e90, command=[]} | ret=SUCCESS |  
2019-09-19 04:23:21,526 [EventQueue-CreatePipelineStatusForSCMPipelineManager] INFO  pipeline.SCMPipelineManager (SCMPipelineManager.java:onMessage(469)) - receive pipeline PipelineID=9de6292a-6f39-4736-a712-8f6714ece549 create status EXECUTED
2019-09-19 04:23:21,527 [EventQueue-CreatePipelineStatusForSCMPipelineManager] INFO  pipeline.PipelineStateManager (PipelineStateManager.java:openPipeline(134)) - Pipeline Pipeline[ Id: 9de6292a-6f39-4736-a712-8f6714ece549, Nodes: 8da68b5e-6b12-4c66-b560-7bfe69901e90{ip: 192.168.34.50, host: pr-hdds-2034-srnhl-2452957315, networkLocation: /default-rack, certSerialId: null}, Type:RATIS, Factor:ONE, State:ALLOCATED] moved to OPEN state
add pipeline PipelineID=9de6292a-6f39-4736-a712-8f6714ece549 to metrics map
2019-09-19 04:23:21,527 [EventQueue-CreatePipelineStatusForSCMPipelineManager] INFO  pipeline.SCMPipelineManager (SCMPipelineManager.java:onMessage(469)) - receive pipeline PipelineID=43636421-7305-4aae-a378-25cb5c4ec9b3 create status EXECUTED
2019-09-19 04:23:21,587 [pool-466-thread-1] INFO  storage.RaftStorageDirectory (RaftStorageDirectory.java:tryLock(328)) - Lock on /workdir/hadoop-ozone/integration-test/target/test-dir/MiniOzoneClusterImpl-e123b5d3-93ec-41f3-af3c-77b483f7a668/datanode-5/data/ratis/b51e0722-96db-4345-bc2d-3fe106b93b74/in_use.lock acquired by nodename 12012@pr-hdds-2034-srnhl-2452957315
2019-09-19 04:23:21,639 | INFO  | SCMAudit | user=jenkins1000 | ip=192.168.34.50 | op=SEND_HEARTBEAT {datanodeUUID=329dc1ff-c881-4588-b3df-3d5ae8e04650, command=[]} | ret=SUCCESS |  
2019-09-19 04:23:21,640 [main] INFO  ozone.MiniOzoneClusterImpl (MiniOzoneClusterImpl.java:lambda$waitForClusterToBeReady$0(145)) - Nodes are ready. Got 7 of 7 DN Heartbeats.
2019-09-19 04:23:21,641 [main] INFO  ozone.MiniOzoneClusterImpl (MiniOzoneClusterImpl.java:lambda$waitForClusterToBeReady$0(148)) - Cluster exits safe mode
2019-09-19 04:23:21,647 [grpc-default-executor-3] INFO  impl.RaftServerProxy (RaftServerProxy.java:addNew(89)) - 329dc1ff-c881-4588-b3df-3d5ae8e04650: addNew group-DC2D094CE6E3:[329dc1ff-c881-4588-b3df-3d5ae8e04650:192.168.34.50:42707] returns group-DC2D094CE6E3:java.util.concurrent.CompletableFuture@2702fb74[Not completed]
2019-09-19 04:23:21,656 [pool-466-thread-1] INFO  storage.RaftStorage (RaftStorage.java:format(72)) - Storage directory /workdir/hadoop-ozone/integration-test/target/test-dir/MiniOzoneClusterImpl-e123b5d3-93ec-41f3-af3c-77b483f7a668/datanode-5/data/ratis/b51e0722-96db-4345-bc2d-3fe106b93b74 has been successfully formatted.
2019-09-19 04:23:21,656 [pool-466-thread-1] INFO  ratis.ContainerStateMachine (ContainerStateMachine.java:loadSnapshot(226)) - group-3FE106B93B74: The snapshot info is null. Setting the last applied indexto:(t:0, i:~)
2019-09-19 04:23:21,657 [pool-466-thread-1] INFO  server.RaftServerConfigKeys (ConfUtils.java:logGet(43)) - raft.server.leader.election.timeout = 120s (custom)
2019-09-19 04:23:21,657 [pool-477-thread-1] INFO  impl.RaftServerImpl (RaftServerImpl.java:<init>(93)) - 329dc1ff-c881-4588-b3df-3d5ae8e04650: new RaftServerImpl for group-DC2D094CE6E3:[329dc1ff-c881-4588-b3df-3d5ae8e04650:192.168.34.50:42707] with ContainerStateMachine:uninitialized
2019-09-19 04:23:21,657 [pool-466-thread-1] INFO  server.RaftServerConfigKeys (ConfUtils.java:logGet(43)) - raft.server.log.use.memory = false (default)
2019-09-19 04:23:21,657 [pool-477-thread-1] INFO  server.RaftServerConfigKeys (ConfUtils.java:logGet(43)) - raft.server.rpc.timeout.min = 5s (custom)
2019-09-19 04:23:21,657 [pool-466-thread-1] INFO  server.RaftServerConfigKeys (ConfUtils.java:logGet(43)) - raft.server.log.purge.gap = 1000000 (custom)
2019-09-19 04:23:21,658 [pool-477-thread-1] INFO  server.RaftServerConfigKeys (ConfUtils.java:logGet(43)) - raft.server.rpc.timeout.max = 5200ms (custom)
2019-09-19 04:23:21,658 [pool-466-thread-1] INFO  server.RaftServerConfigKeys (ConfUtils.java:logGet(43)) - raft.server.log.appender.buffer.byte-limit = 33554432 (custom)
2019-09-19 04:23:21,658 [pool-477-thread-1] INFO  server.RaftServerConfigKeys (ConfUtils.java:logGet(43)) - raft.server.rpcslowness.timeout = 120s (custom)
2019-09-19 04:23:21,658 [pool-466-thread-1] INFO  server.RaftServerConfigKeys (ConfUtils.java:logGet(43)) - raft.server.log.segment.size.max = 1048576 (custom)
2019-09-19 04:23:21,658 [pool-477-thread-1] INFO  server.RaftServerConfigKeys (ConfUtils.java:logGet(43)) - raft.server.sleep.deviation.threshold = 300 (default)
2019-09-19 04:23:21,658 [pool-466-thread-1] INFO  server.RaftServerConfigKeys (ConfUtils.java:logGet(43)) - raft.server.log.segment.cache.num.max = 2 (custom)
2019-09-19 04:23:21,659 [pool-477-thread-1] INFO  server.RaftServerConfigKeys (ConfUtils.java:logGet(43)) - raft.server.log.appender.install.snapshot.enabled = false (custom)
2019-09-19 04:23:21,661 [pool-466-thread-1] INFO  segmented.SegmentedRaftLogWorker (SegmentedRaftLogWorker.java:<init>(172)) - new 012d9a91-6350-442f-966e-df3b04b68d55-SegmentedRaftLogWorker:Storage Directory /workdir/hadoop-ozone/integration-test/target/test-dir/MiniOzoneClusterImpl-e123b5d3-93ec-41f3-af3c-77b483f7a668/datanode-5/data/ratis/b51e0722-96db-4345-bc2d-3fe106b93b74 for RaftStorage:Storage Directory /workdir/hadoop-ozone/integration-test/target/test-dir/MiniOzoneClusterImpl-e123b5d3-93ec-41f3-af3c-77b483f7a668/datanode-5/data/ratis/b51e0722-96db-4345-bc2d-3fe106b93b74
2019-09-19 04:23:21,662 [pool-477-thread-1] INFO  impl.RaftServerImpl (ServerState.java:<init>(105)) - 329dc1ff-c881-4588-b3df-3d5ae8e04650:group-DC2D094CE6E3 ConfigurationManager, init=-1: [329dc1ff-c881-4588-b3df-3d5ae8e04650:192.168.34.50:42707], old=null, confs=<EMPTY_MAP>
2019-09-19 04:23:21,662 [pool-466-thread-1] INFO  server.RaftServerConfigKeys (ConfUtils.java:logGet(43)) - raft.server.log.queue.byte-limit = 2147483647 (custom)
2019-09-19 04:23:21,662 [pool-466-thread-1] INFO  server.RaftServerConfigKeys (ConfUtils.java:logGet(43)) - raft.server.log.queue.element-limit = 1024 (custom)
2019-09-19 04:23:21,662 [pool-477-thread-1] INFO  server.RaftServerConfigKeys (ConfUtils.java:logGet(43)) - raft.server.storage.dir = [/workdir/hadoop-ozone/integration-test/target/test-dir/MiniOzoneClusterImpl-e123b5d3-93ec-41f3-af3c-77b483f7a668/datanode-6/data/ratis] (custom)
2019-09-19 04:23:21,662 [pool-466-thread-1] INFO  server.RaftServerConfigKeys (ConfUtils.java:logGet(43)) - raft.server.log.segment.size.max = 1048576 (custom)
2019-09-19 04:23:21,667 [pool-466-thread-1] INFO  server.RaftServerConfigKeys (ConfUtils.java:logGet(43)) - raft.server.log.preallocated.size = 16384 (custom)
2019-09-19 04:23:21,676 [pool-477-thread-1] INFO  storage.RaftStorageDirectory (RaftStorageDirectory.java:analyzeStorage(246)) - The storage directory /workdir/hadoop-ozone/integration-test/target/test-dir/MiniOzoneClusterImpl-e123b5d3-93ec-41f3-af3c-77b483f7a668/datanode-6/data/ratis/0e9faacc-11dd-4dbf-b799-dc2d094ce6e3 does not exist. Creating ...
2019-09-19 04:23:21,676 [pool-466-thread-1] INFO  server.RaftServerConfigKeys (ConfUtils.java:logGet(43)) - raft.server.log.write.buffer.size = 33554432 (custom)
2019-09-19 04:23:21,677 [pool-466-thread-1] INFO  server.RaftServerConfigKeys (ConfUtils.java:logGet(43)) - raft.server.log.force.sync.num = 128 (default)
2019-09-19 04:23:21,677 [pool-466-thread-1] INFO  server.RaftServerConfigKeys (ConfUtils.java:logGet(43)) - raft.server.log.statemachine.data.sync = true (default)
2019-09-19 04:23:21,677 [pool-466-thread-1] INFO  server.RaftServerConfigKeys (ConfUtils.java:logGet(43)) - raft.server.log.statemachine.data.sync.timeout = 10s (default)
2019-09-19 04:23:21,677 [pool-466-thread-1] INFO  server.RaftServerConfigKeys (ConfUtils.java:logGet(43)) - raft.server.log.statemachine.data.sync.timeout.retry = -1 (default)
2019-09-19 04:23:21,677 [pool-466-thread-1] INFO  server.RaftServerConfigKeys (ConfUtils.java:logGet(43)) - raft.server.log.statemachine.data.caching.enabled = true (custom)
2019-09-19 04:23:21,682 [pool-466-thread-1] INFO  segmented.SegmentedRaftLogWorker (SegmentedRaftLogWorker.java:lambda$new$0(132)) - 012d9a91-6350-442f-966e-df3b04b68d55-SegmentedRaftLogWorker:Storage Directory /workdir/hadoop-ozone/integration-test/target/test-dir/MiniOzoneClusterImpl-e123b5d3-93ec-41f3-af3c-77b483f7a668/datanode-5/data/ratis/b51e0722-96db-4345-bc2d-3fe106b93b74: flushIndex: setUnconditionally 0 -> -1
2019-09-19 04:23:21,682 [pool-466-thread-1] INFO  server.RaftServerConfigKeys (ConfUtils.java:logGet(43)) - raft.server.snapshot.auto.trigger.enabled = true (custom)
2019-09-19 04:23:21,682 [pool-466-thread-1] INFO  server.RaftServerConfigKeys (ConfUtils.java:logGet(43)) - raft.server.snapshot.auto.trigger.threshold = 10000 (custom)
2019-09-19 04:23:21,682 [pool-466-thread-1] INFO  server.RaftServerConfigKeys (ConfUtils.java:logGet(43)) - raft.server.retrycache.expirytime = 600000ms (custom)
2019-09-19 04:23:21,682 [pool-466-thread-1] INFO  impl.RaftServerImpl (RaftServerImpl.java:start(180)) - 012d9a91-6350-442f-966e-df3b04b68d55: start group-3FE106B93B74
2019-09-19 04:23:21,683 [pool-466-thread-1] INFO  impl.RaftServerImpl (RaftServerImpl.java:setRole(171)) - 012d9a91-6350-442f-966e-df3b04b68d55:group-3FE106B93B74 changes role from null to FOLLOWER at term 0 for startAsFollower
2019-09-19 04:23:21,687 [pool-466-thread-1] INFO  impl.RoleInfo (RoleInfo.java:updateAndGet(143)) - 012d9a91-6350-442f-966e-df3b04b68d55: start FollowerState
2019-09-19 04:23:21,687 [pool-466-thread-1] INFO  util.JmxRegister (JmxRegister.java:tryRegister(44)) - Successfully registered JMX Bean with object name Ratis:service=RaftServer,group=group-3FE106B93B74,id=012d9a91-6350-442f-966e-df3b04b68d55
2019-09-19 04:23:21,688 [main] INFO  rpc.RpcClient (RpcClient.java:createVolume(293)) - Creating Volume: watchforcommithandlingtest, with jenkins1000 as owner.
2019-09-19 04:23:21,689 [Command processor thread] INFO  commandhandler.CreatePipelineCommandHandler (CreatePipelineCommandHandler.java:handle(112)) - Create Pipeline RATIS THREE #PipelineID=b51e0722-96db-4345-bc2d-3fe106b93b74 command succeed on datanode 012d9a91-6350-442f-966e-df3b04b68d55.
2019-09-19 04:23:21,691 | INFO  | OMAudit | user=jenkins1000 | ip=127.0.0.1 | op=CREATE_VOLUME {admin=jenkins1000, owner=jenkins1000, volume=watchforcommithandlingtest, creationTime=1568867001690, quotaInBytes=1152921504606846976} | ret=SUCCESS |  
2019-09-19 04:23:21,704 | INFO  | OMAudit | user=jenkins1000 | ip=127.0.0.1 | op=READ_VOLUME {volume=watchforcommithandlingtest} | ret=SUCCESS |  
2019-09-19 04:23:21,705 [main] INFO  rpc.RpcClient (RpcClient.java:createBucket(432)) - Creating Bucket: watchforcommithandlingtest/watchforcommithandlingtest, with Versioning false and Storage Type set to DISK and Encryption set to false 
2019-09-19 04:23:21,717 | INFO  | OMAudit | user=jenkins1000 | ip=127.0.0.1 | op=CREATE_BUCKET {volume=watchforcommithandlingtest, bucket=watchforcommithandlingtest, acls=[user:jenkins1000:a[ACCESS], group:default:a[ACCESS]], isVersionEnabled=false, storageType=DISK, creationTime=0} | ret=SUCCESS |  
2019-09-19 04:23:21,717 [main] INFO  ozone.MiniOzoneClusterImpl (MiniOzoneClusterImpl.java:getStorageContainerLocationClient(247)) - Creating StorageContainerLocationProtocol RPC client with address /0.0.0.0:40833
2019-09-19 04:23:21,730 | INFO  | SCMAudit | user=jenkins1000 | ip=192.168.34.50 | op=SEND_HEARTBEAT {datanodeUUID=1f599ffa-6388-40ea-bded-39dbd74e4d02, command=[]} | ret=SUCCESS |  
2019-09-19 04:23:21,732 [EventQueue-CreatePipelineStatusForSCMPipelineManager] INFO  pipeline.SCMPipelineManager (SCMPipelineManager.java:onMessage(469)) - receive pipeline PipelineID=80562f1e-9e03-4e04-a324-fd2fc289851f create status EXECUTED
2019-09-19 04:23:21,732 [EventQueue-CreatePipelineStatusForSCMPipelineManager] INFO  pipeline.PipelineStateManager (PipelineStateManager.java:openPipeline(134)) - Pipeline Pipeline[ Id: 80562f1e-9e03-4e04-a324-fd2fc289851f, Nodes: 1f599ffa-6388-40ea-bded-39dbd74e4d02{ip: 192.168.34.50, host: pr-hdds-2034-srnhl-2452957315, networkLocation: /default-rack, certSerialId: null}, Type:RATIS, Factor:ONE, State:ALLOCATED] moved to OPEN state
add pipeline PipelineID=80562f1e-9e03-4e04-a324-fd2fc289851f to metrics map
2019-09-19 04:23:21,732 [EventQueue-CreatePipelineStatusForSCMPipelineManager] INFO  pipeline.SCMPipelineManager (SCMPipelineManager.java:onMessage(469)) - receive pipeline PipelineID=43636421-7305-4aae-a378-25cb5c4ec9b3 create status EXECUTED
add pipeline PipelineID=43636421-7305-4aae-a378-25cb5c4ec9b3 to metrics map
2019-09-19 04:23:21,739 [grpc-default-executor-3] INFO  client.GrpcClientProtocolClient (GrpcClientProtocolClient.java:onNext(255)) - client-D2ED04262E5E->2f180d65-4c25-42b6-a7d0-065130742e7a: receive RaftClientReply:client-D2ED04262E5E->2f180d65-4c25-42b6-a7d0-065130742e7a@group-25CB5C4EC9B3, cid=102, FAILED org.apache.ratis.protocol.NotLeaderException: Server 2f180d65-4c25-42b6-a7d0-065130742e7a is not the leader (null). Request must be sent to leader., logIndex=0, commits[2f180d65-4c25-42b6-a7d0-065130742e7a:c-1]
2019-09-19 04:23:21,759 [pool-477-thread-1] INFO  storage.RaftStorageDirectory (RaftStorageDirectory.java:tryLock(328)) - Lock on /workdir/hadoop-ozone/integration-test/target/test-dir/MiniOzoneClusterImpl-e123b5d3-93ec-41f3-af3c-77b483f7a668/datanode-6/data/ratis/0e9faacc-11dd-4dbf-b799-dc2d094ce6e3/in_use.lock acquired by nodename 12012@pr-hdds-2034-srnhl-2452957315
2019-09-19 04:23:21,833 [pool-477-thread-1] INFO  storage.RaftStorage (RaftStorage.java:format(72)) - Storage directory /workdir/hadoop-ozone/integration-test/target/test-dir/MiniOzoneClusterImpl-e123b5d3-93ec-41f3-af3c-77b483f7a668/datanode-6/data/ratis/0e9faacc-11dd-4dbf-b799-dc2d094ce6e3 has been successfully formatted.
2019-09-19 04:23:21,834 [pool-477-thread-1] INFO  ratis.ContainerStateMachine (ContainerStateMachine.java:loadSnapshot(226)) - group-DC2D094CE6E3: The snapshot info is null. Setting the last applied indexto:(t:0, i:~)
2019-09-19 04:23:21,834 [pool-477-thread-1] INFO  server.RaftServerConfigKeys (ConfUtils.java:logGet(43)) - raft.server.leader.election.timeout = 120s (custom)
2019-09-19 04:23:21,834 [pool-477-thread-1] INFO  server.RaftServerConfigKeys (ConfUtils.java:logGet(43)) - raft.server.log.use.memory = false (default)
2019-09-19 04:23:21,834 [pool-477-thread-1] INFO  server.RaftServerConfigKeys (ConfUtils.java:logGet(43)) - raft.server.log.purge.gap = 1000000 (custom)
2019-09-19 04:23:21,834 [pool-477-thread-1] INFO  server.RaftServerConfigKeys (ConfUtils.java:logGet(43)) - raft.server.log.appender.buffer.byte-limit = 33554432 (custom)
2019-09-19 04:23:21,835 [pool-477-thread-1] INFO  server.RaftServerConfigKeys (ConfUtils.java:logGet(43)) - raft.server.log.segment.size.max = 1048576 (custom)
2019-09-19 04:23:21,835 [pool-477-thread-1] INFO  server.RaftServerConfigKeys (ConfUtils.java:logGet(43)) - raft.server.log.segment.cache.num.max = 2 (custom)
2019-09-19 04:23:21,835 [pool-477-thread-1] INFO  segmented.SegmentedRaftLogWorker (SegmentedRaftLogWorker.java:<init>(172)) - new 329dc1ff-c881-4588-b3df-3d5ae8e04650-SegmentedRaftLogWorker:Storage Directory /workdir/hadoop-ozone/integration-test/target/test-dir/MiniOzoneClusterImpl-e123b5d3-93ec-41f3-af3c-77b483f7a668/datanode-6/data/ratis/0e9faacc-11dd-4dbf-b799-dc2d094ce6e3 for RaftStorage:Storage Directory /workdir/hadoop-ozone/integration-test/target/test-dir/MiniOzoneClusterImpl-e123b5d3-93ec-41f3-af3c-77b483f7a668/datanode-6/data/ratis/0e9faacc-11dd-4dbf-b799-dc2d094ce6e3
2019-09-19 04:23:21,835 [pool-477-thread-1] INFO  server.RaftServerConfigKeys (ConfUtils.java:logGet(43)) - raft.server.log.queue.byte-limit = 2147483647 (custom)
2019-09-19 04:23:21,835 [pool-477-thread-1] INFO  server.RaftServerConfigKeys (ConfUtils.java:logGet(43)) - raft.server.log.queue.element-limit = 1024 (custom)
2019-09-19 04:23:21,835 [pool-477-thread-1] INFO  server.RaftServerConfigKeys (ConfUtils.java:logGet(43)) - raft.server.log.segment.size.max = 1048576 (custom)
2019-09-19 04:23:21,836 [pool-477-thread-1] INFO  server.RaftServerConfigKeys (ConfUtils.java:logGet(43)) - raft.server.log.preallocated.size = 16384 (custom)
2019-09-19 04:23:21,836 [pool-477-thread-1] INFO  server.RaftServerConfigKeys (ConfUtils.java:logGet(43)) - raft.server.log.write.buffer.size = 33554432 (custom)
2019-09-19 04:23:21,836 [pool-477-thread-1] INFO  server.RaftServerConfigKeys (ConfUtils.java:logGet(43)) - raft.server.log.force.sync.num = 128 (default)
2019-09-19 04:23:21,836 [pool-477-thread-1] INFO  server.RaftServerConfigKeys (ConfUtils.java:logGet(43)) - raft.server.log.statemachine.data.sync = true (default)
2019-09-19 04:23:21,836 [pool-477-thread-1] INFO  server.RaftServerConfigKeys (ConfUtils.java:logGet(43)) - raft.server.log.statemachine.data.sync.timeout = 10s (default)
2019-09-19 04:23:21,836 [pool-477-thread-1] INFO  server.RaftServerConfigKeys (ConfUtils.java:logGet(43)) - raft.server.log.statemachine.data.sync.timeout.retry = -1 (default)
2019-09-19 04:23:21,836 [pool-477-thread-1] INFO  server.RaftServerConfigKeys (ConfUtils.java:logGet(43)) - raft.server.log.statemachine.data.caching.enabled = true (custom)
2019-09-19 04:23:21,837 [pool-477-thread-1] INFO  segmented.SegmentedRaftLogWorker (SegmentedRaftLogWorker.java:lambda$new$0(132)) - 329dc1ff-c881-4588-b3df-3d5ae8e04650-SegmentedRaftLogWorker:Storage Directory /workdir/hadoop-ozone/integration-test/target/test-dir/MiniOzoneClusterImpl-e123b5d3-93ec-41f3-af3c-77b483f7a668/datanode-6/data/ratis/0e9faacc-11dd-4dbf-b799-dc2d094ce6e3: flushIndex: setUnconditionally 0 -> -1
2019-09-19 04:23:21,837 [pool-477-thread-1] INFO  server.RaftServerConfigKeys (ConfUtils.java:logGet(43)) - raft.server.snapshot.auto.trigger.enabled = true (custom)
2019-09-19 04:23:21,837 [pool-477-thread-1] INFO  server.RaftServerConfigKeys (ConfUtils.java:logGet(43)) - raft.server.snapshot.auto.trigger.threshold = 10000 (custom)
2019-09-19 04:23:21,837 [pool-477-thread-1] INFO  server.RaftServerConfigKeys (ConfUtils.java:logGet(43)) - raft.server.retrycache.expirytime = 600000ms (custom)
2019-09-19 04:23:21,837 [pool-477-thread-1] INFO  impl.RaftServerImpl (RaftServerImpl.java:start(180)) - 329dc1ff-c881-4588-b3df-3d5ae8e04650: start group-DC2D094CE6E3
2019-09-19 04:23:21,838 [pool-477-thread-1] INFO  impl.RaftServerImpl (RaftServerImpl.java:setRole(171)) - 329dc1ff-c881-4588-b3df-3d5ae8e04650:group-DC2D094CE6E3 changes role from null to FOLLOWER at term 0 for startAsFollower
2019-09-19 04:23:21,838 [pool-477-thread-1] INFO  impl.RoleInfo (RoleInfo.java:updateAndGet(143)) - 329dc1ff-c881-4588-b3df-3d5ae8e04650: start FollowerState
2019-09-19 04:23:21,838 [pool-477-thread-1] INFO  util.JmxRegister (JmxRegister.java:tryRegister(44)) - Successfully registered JMX Bean with object name Ratis:service=RaftServer,group=group-DC2D094CE6E3,id=329dc1ff-c881-4588-b3df-3d5ae8e04650
2019-09-19 04:23:21,840 [Command processor thread] INFO  commandhandler.CreatePipelineCommandHandler (CreatePipelineCommandHandler.java:handle(112)) - Create Pipeline RATIS ONE #PipelineID=0e9faacc-11dd-4dbf-b799-dc2d094ce6e3 command succeed on datanode 329dc1ff-c881-4588-b3df-3d5ae8e04650.
2019-09-19 04:23:21,954 | INFO  | SCMAudit | user=jenkins1000 | ip=192.168.34.50 | op=SEND_HEARTBEAT {datanodeUUID=051ac7b8-8cbd-4108-aae8-c2637ffaecd2, command=[]} | ret=SUCCESS |  
2019-09-19 04:23:21,955 [EventQueue-CreatePipelineStatusForSCMPipelineManager] INFO  pipeline.SCMPipelineManager (SCMPipelineManager.java:onMessage(469)) - receive pipeline PipelineID=eda47a47-b1c0-4ade-b747-82bdf46c4894 create status EXECUTED
2019-09-19 04:23:21,955 [EventQueue-CreatePipelineStatusForSCMPipelineManager] INFO  pipeline.PipelineStateManager (PipelineStateManager.java:openPipeline(134)) - Pipeline Pipeline[ Id: eda47a47-b1c0-4ade-b747-82bdf46c4894, Nodes: 051ac7b8-8cbd-4108-aae8-c2637ffaecd2{ip: 192.168.34.50, host: pr-hdds-2034-srnhl-2452957315, networkLocation: /default-rack, certSerialId: null}, Type:RATIS, Factor:ONE, State:ALLOCATED] moved to OPEN state
add pipeline PipelineID=eda47a47-b1c0-4ade-b747-82bdf46c4894 to metrics map
2019-09-19 04:23:21,955 [EventQueue-CreatePipelineStatusForSCMPipelineManager] INFO  pipeline.SCMPipelineManager (SCMPipelineManager.java:onMessage(469)) - receive pipeline PipelineID=b51e0722-96db-4345-bc2d-3fe106b93b74 create status EXECUTED
2019-09-19 04:23:21,955 [EventQueue-CreatePipelineStatusForSCMPipelineManager] INFO  pipeline.PipelineStateManager (PipelineStateManager.java:openPipeline(134)) - Pipeline Pipeline[ Id: b51e0722-96db-4345-bc2d-3fe106b93b74, Nodes: 051ac7b8-8cbd-4108-aae8-c2637ffaecd2{ip: 192.168.34.50, host: pr-hdds-2034-srnhl-2452957315, networkLocation: /default-rack, certSerialId: null}012d9a91-6350-442f-966e-df3b04b68d55{ip: 192.168.34.50, host: pr-hdds-2034-srnhl-2452957315, networkLocation: /default-rack, certSerialId: null}c0af3f51-56af-4005-a4bd-c9ee92b8ec18{ip: 192.168.34.50, host: pr-hdds-2034-srnhl-2452957315, networkLocation: /default-rack, certSerialId: null}, Type:RATIS, Factor:THREE, State:ALLOCATED] moved to OPEN state
add pipeline PipelineID=b51e0722-96db-4345-bc2d-3fe106b93b74 to metrics map
2019-09-19 04:23:22,165 | INFO  | SCMAudit | user=jenkins1000 | ip=192.168.34.50 | op=SEND_HEARTBEAT {datanodeUUID=c0af3f51-56af-4005-a4bd-c9ee92b8ec18, command=[]} | ret=SUCCESS |  
2019-09-19 04:23:22,166 [EventQueue-CreatePipelineStatusForSCMPipelineManager] INFO  pipeline.SCMPipelineManager (SCMPipelineManager.java:onMessage(469)) - receive pipeline PipelineID=c1fedab2-7907-41e9-b720-735e9093f461 create status EXECUTED
2019-09-19 04:23:22,166 [EventQueue-CreatePipelineStatusForSCMPipelineManager] INFO  pipeline.PipelineStateManager (PipelineStateManager.java:openPipeline(134)) - Pipeline Pipeline[ Id: c1fedab2-7907-41e9-b720-735e9093f461, Nodes: c0af3f51-56af-4005-a4bd-c9ee92b8ec18{ip: 192.168.34.50, host: pr-hdds-2034-srnhl-2452957315, networkLocation: /default-rack, certSerialId: null}, Type:RATIS, Factor:ONE, State:ALLOCATED] moved to OPEN state
add pipeline PipelineID=c1fedab2-7907-41e9-b720-735e9093f461 to metrics map
2019-09-19 04:23:22,166 [EventQueue-CreatePipelineStatusForSCMPipelineManager] INFO  pipeline.SCMPipelineManager (SCMPipelineManager.java:onMessage(469)) - receive pipeline PipelineID=b51e0722-96db-4345-bc2d-3fe106b93b74 create status EXECUTED
2019-09-19 04:23:22,312 | INFO  | SCMAudit | user=jenkins1000 | ip=192.168.34.50 | op=SEND_HEARTBEAT {datanodeUUID=2f180d65-4c25-42b6-a7d0-065130742e7a, command=[]} | ret=SUCCESS |  
2019-09-19 04:23:22,413 | INFO  | SCMAudit | user=jenkins1000 | ip=192.168.34.50 | op=SEND_HEARTBEAT {datanodeUUID=012d9a91-6350-442f-966e-df3b04b68d55, command=[]} | ret=SUCCESS |  
2019-09-19 04:23:22,413 [EventQueue-CreatePipelineStatusForSCMPipelineManager] INFO  pipeline.SCMPipelineManager (SCMPipelineManager.java:onMessage(469)) - receive pipeline PipelineID=8d0f405e-9860-4280-83f9-186ad72ddf16 create status EXECUTED
2019-09-19 04:23:22,414 [EventQueue-CreatePipelineStatusForSCMPipelineManager] INFO  pipeline.PipelineStateManager (PipelineStateManager.java:openPipeline(134)) - Pipeline Pipeline[ Id: 8d0f405e-9860-4280-83f9-186ad72ddf16, Nodes: 012d9a91-6350-442f-966e-df3b04b68d55{ip: 192.168.34.50, host: pr-hdds-2034-srnhl-2452957315, networkLocation: /default-rack, certSerialId: null}, Type:RATIS, Factor:ONE, State:ALLOCATED] moved to OPEN state
add pipeline PipelineID=8d0f405e-9860-4280-83f9-186ad72ddf16 to metrics map
2019-09-19 04:23:22,414 [EventQueue-CreatePipelineStatusForSCMPipelineManager] INFO  pipeline.SCMPipelineManager (SCMPipelineManager.java:onMessage(469)) - receive pipeline PipelineID=b51e0722-96db-4345-bc2d-3fe106b93b74 create status EXECUTED
add pipeline PipelineID=b51e0722-96db-4345-bc2d-3fe106b93b74 to metrics map
2019-09-19 04:23:22,526 | INFO  | SCMAudit | user=jenkins1000 | ip=192.168.34.50 | op=SEND_HEARTBEAT {datanodeUUID=8da68b5e-6b12-4c66-b560-7bfe69901e90, command=[]} | ret=SUCCESS |  
2019-09-19 04:23:22,640 | INFO  | SCMAudit | user=jenkins1000 | ip=192.168.34.50 | op=SEND_HEARTBEAT {datanodeUUID=329dc1ff-c881-4588-b3df-3d5ae8e04650, command=[]} | ret=SUCCESS |  
2019-09-19 04:23:22,640 [EventQueue-CreatePipelineStatusForSCMPipelineManager] INFO  pipeline.SCMPipelineManager (SCMPipelineManager.java:onMessage(469)) - receive pipeline PipelineID=0e9faacc-11dd-4dbf-b799-dc2d094ce6e3 create status EXECUTED
2019-09-19 04:23:22,640 [EventQueue-CreatePipelineStatusForSCMPipelineManager] INFO  pipeline.PipelineStateManager (PipelineStateManager.java:openPipeline(134)) - Pipeline Pipeline[ Id: 0e9faacc-11dd-4dbf-b799-dc2d094ce6e3, Nodes: 329dc1ff-c881-4588-b3df-3d5ae8e04650{ip: 192.168.34.50, host: pr-hdds-2034-srnhl-2452957315, networkLocation: /default-rack, certSerialId: null}, Type:RATIS, Factor:ONE, State:ALLOCATED] moved to OPEN state
add pipeline PipelineID=0e9faacc-11dd-4dbf-b799-dc2d094ce6e3 to metrics map
2019-09-19 04:23:22,729 | INFO  | SCMAudit | user=jenkins1000 | ip=192.168.34.50 | op=SEND_HEARTBEAT {datanodeUUID=1f599ffa-6388-40ea-bded-39dbd74e4d02, command=[]} | ret=SUCCESS |  
2019-09-19 04:23:22,754 [grpc-default-executor-3] INFO  client.GrpcClientProtocolClient (GrpcClientProtocolClient.java:onNext(255)) - client-D2ED04262E5E->8da68b5e-6b12-4c66-b560-7bfe69901e90: receive RaftClientReply:client-D2ED04262E5E->8da68b5e-6b12-4c66-b560-7bfe69901e90@group-25CB5C4EC9B3, cid=102, FAILED org.apache.ratis.protocol.NotLeaderException: Server 8da68b5e-6b12-4c66-b560-7bfe69901e90 is not the leader (null). Request must be sent to leader., logIndex=0, commits[8da68b5e-6b12-4c66-b560-7bfe69901e90:c-1]
2019-09-19 04:23:22,955 | INFO  | SCMAudit | user=jenkins1000 | ip=192.168.34.50 | op=SEND_HEARTBEAT {datanodeUUID=051ac7b8-8cbd-4108-aae8-c2637ffaecd2, command=[]} | ret=SUCCESS |  
2019-09-19 04:23:23,166 | INFO  | SCMAudit | user=jenkins1000 | ip=192.168.34.50 | op=SEND_HEARTBEAT {datanodeUUID=c0af3f51-56af-4005-a4bd-c9ee92b8ec18, command=[]} | ret=SUCCESS |  
2019-09-19 04:23:23,311 | INFO  | SCMAudit | user=jenkins1000 | ip=192.168.34.50 | op=SEND_HEARTBEAT {datanodeUUID=2f180d65-4c25-42b6-a7d0-065130742e7a, command=[]} | ret=SUCCESS |  
2019-09-19 04:23:23,414 | INFO  | SCMAudit | user=jenkins1000 | ip=192.168.34.50 | op=SEND_HEARTBEAT {datanodeUUID=012d9a91-6350-442f-966e-df3b04b68d55, command=[]} | ret=SUCCESS |  
2019-09-19 04:23:23,527 | INFO  | SCMAudit | user=jenkins1000 | ip=192.168.34.50 | op=SEND_HEARTBEAT {datanodeUUID=8da68b5e-6b12-4c66-b560-7bfe69901e90, command=[]} | ret=SUCCESS |  
2019-09-19 04:23:23,640 | INFO  | SCMAudit | user=jenkins1000 | ip=192.168.34.50 | op=SEND_HEARTBEAT {datanodeUUID=329dc1ff-c881-4588-b3df-3d5ae8e04650, command=[]} | ret=SUCCESS |  
2019-09-19 04:23:23,729 | INFO  | SCMAudit | user=jenkins1000 | ip=192.168.34.50 | op=SEND_HEARTBEAT {datanodeUUID=1f599ffa-6388-40ea-bded-39dbd74e4d02, command=[]} | ret=SUCCESS |  
2019-09-19 04:23:23,763 [grpc-default-executor-3] INFO  client.GrpcClientProtocolClient (GrpcClientProtocolClient.java:onNext(255)) - client-D2ED04262E5E->2f180d65-4c25-42b6-a7d0-065130742e7a: receive RaftClientReply:client-D2ED04262E5E->2f180d65-4c25-42b6-a7d0-065130742e7a@group-25CB5C4EC9B3, cid=102, FAILED org.apache.ratis.protocol.NotLeaderException: Server 2f180d65-4c25-42b6-a7d0-065130742e7a is not the leader (null). Request must be sent to leader., logIndex=0, commits[2f180d65-4c25-42b6-a7d0-065130742e7a:c-1]
2019-09-19 04:23:23,954 | INFO  | SCMAudit | user=jenkins1000 | ip=192.168.34.50 | op=SEND_HEARTBEAT {datanodeUUID=051ac7b8-8cbd-4108-aae8-c2637ffaecd2, command=[]} | ret=SUCCESS |  
2019-09-19 04:23:24,165 | INFO  | SCMAudit | user=jenkins1000 | ip=192.168.34.50 | op=SEND_HEARTBEAT {datanodeUUID=c0af3f51-56af-4005-a4bd-c9ee92b8ec18, command=[]} | ret=SUCCESS |  
2019-09-19 04:23:24,311 | INFO  | SCMAudit | user=jenkins1000 | ip=192.168.34.50 | op=SEND_HEARTBEAT {datanodeUUID=2f180d65-4c25-42b6-a7d0-065130742e7a, command=[]} | ret=SUCCESS |  
2019-09-19 04:23:24,318 [Thread-2422] INFO  container.ReplicationManager (ReplicationManager.java:start(151)) - Starting Replication Monitor Thread.
2019-09-19 04:23:24,323 [ReplicationMonitor] INFO  container.ReplicationManager (ReplicationManager.java:run(214)) - Replication Monitor Thread took 0 milliseconds for processing 1 containers.
2019-09-19 04:23:24,413 | INFO  | SCMAudit | user=jenkins1000 | ip=192.168.34.50 | op=SEND_HEARTBEAT {datanodeUUID=012d9a91-6350-442f-966e-df3b04b68d55, command=[]} | ret=SUCCESS |  
2019-09-19 04:23:24,526 | INFO  | SCMAudit | user=jenkins1000 | ip=192.168.34.50 | op=SEND_HEARTBEAT {datanodeUUID=8da68b5e-6b12-4c66-b560-7bfe69901e90, command=[]} | ret=SUCCESS |  
2019-09-19 04:23:24,640 | INFO  | SCMAudit | user=jenkins1000 | ip=192.168.34.50 | op=SEND_HEARTBEAT {datanodeUUID=329dc1ff-c881-4588-b3df-3d5ae8e04650, command=[]} | ret=SUCCESS |  
2019-09-19 04:23:24,729 | INFO  | SCMAudit | user=jenkins1000 | ip=192.168.34.50 | op=SEND_HEARTBEAT {datanodeUUID=1f599ffa-6388-40ea-bded-39dbd74e4d02, command=[]} | ret=SUCCESS |  
2019-09-19 04:23:24,772 [grpc-default-executor-1] INFO  client.GrpcClientProtocolClient (GrpcClientProtocolClient.java:onNext(255)) - client-D2ED04262E5E->8da68b5e-6b12-4c66-b560-7bfe69901e90: receive RaftClientReply:client-D2ED04262E5E->8da68b5e-6b12-4c66-b560-7bfe69901e90@group-25CB5C4EC9B3, cid=102, FAILED org.apache.ratis.protocol.NotLeaderException: Server 8da68b5e-6b12-4c66-b560-7bfe69901e90 is not the leader (null). Request must be sent to leader., logIndex=0, commits[8da68b5e-6b12-4c66-b560-7bfe69901e90:c-1]
2019-09-19 04:23:24,955 | INFO  | SCMAudit | user=jenkins1000 | ip=192.168.34.50 | op=SEND_HEARTBEAT {datanodeUUID=051ac7b8-8cbd-4108-aae8-c2637ffaecd2, command=[]} | ret=SUCCESS |  
2019-09-19 04:23:25,165 | INFO  | SCMAudit | user=jenkins1000 | ip=192.168.34.50 | op=SEND_HEARTBEAT {datanodeUUID=c0af3f51-56af-4005-a4bd-c9ee92b8ec18, command=[]} | ret=SUCCESS |  
2019-09-19 04:23:25,311 | INFO  | SCMAudit | user=jenkins1000 | ip=192.168.34.50 | op=SEND_HEARTBEAT {datanodeUUID=2f180d65-4c25-42b6-a7d0-065130742e7a, command=[]} | ret=SUCCESS |  
2019-09-19 04:23:25,414 | INFO  | SCMAudit | user=jenkins1000 | ip=192.168.34.50 | op=SEND_HEARTBEAT {datanodeUUID=012d9a91-6350-442f-966e-df3b04b68d55, command=[]} | ret=SUCCESS |  
2019-09-19 04:23:25,526 | INFO  | SCMAudit | user=jenkins1000 | ip=192.168.34.50 | op=SEND_HEARTBEAT {datanodeUUID=8da68b5e-6b12-4c66-b560-7bfe69901e90, command=[]} | ret=SUCCESS |  
2019-09-19 04:23:25,550 [Thread-2394] INFO  impl.FollowerState (FollowerState.java:run(106)) - 2f180d65-4c25-42b6-a7d0-065130742e7a:group-CDBA29885C3D changes to CANDIDATE, lastRpcTime:5080, electionTimeout:5080ms
2019-09-19 04:23:25,551 [Thread-2394] INFO  impl.RoleInfo (RoleInfo.java:shutdownFollowerState(121)) - 2f180d65-4c25-42b6-a7d0-065130742e7a: shutdown FollowerState
2019-09-19 04:23:25,551 [Thread-2394] INFO  impl.RaftServerImpl (RaftServerImpl.java:setRole(171)) - 2f180d65-4c25-42b6-a7d0-065130742e7a:group-CDBA29885C3D changes role from FOLLOWER to CANDIDATE at term 0 for changeToCandidate
2019-09-19 04:23:25,551 [Thread-2394] INFO  impl.RoleInfo (RoleInfo.java:updateAndGet(143)) - 2f180d65-4c25-42b6-a7d0-065130742e7a: start LeaderElection
2019-09-19 04:23:25,575 [2f180d65-4c25-42b6-a7d0-065130742e7a:group-CDBA29885C3D:LeaderElection50] INFO  impl.LeaderElection (LeaderElection.java:askForVotes(181)) - 2f180d65-4c25-42b6-a7d0-065130742e7a:group-CDBA29885C3D:LeaderElection50: begin an election at term 1 for -1: [2f180d65-4c25-42b6-a7d0-065130742e7a:192.168.34.50:36459], old=null
2019-09-19 04:23:25,576 [2f180d65-4c25-42b6-a7d0-065130742e7a:group-CDBA29885C3D:LeaderElection50] INFO  impl.RoleInfo (RoleInfo.java:shutdownLeaderElection(134)) - 2f180d65-4c25-42b6-a7d0-065130742e7a: shutdown LeaderElection
2019-09-19 04:23:25,576 [2f180d65-4c25-42b6-a7d0-065130742e7a:group-CDBA29885C3D:LeaderElection50] INFO  impl.RaftServerImpl (RaftServerImpl.java:setRole(171)) - 2f180d65-4c25-42b6-a7d0-065130742e7a:group-CDBA29885C3D changes role from CANDIDATE to LEADER at term 1 for changeToLeader
2019-09-19 04:23:25,576 [2f180d65-4c25-42b6-a7d0-065130742e7a:group-CDBA29885C3D:LeaderElection50] INFO  impl.RaftServerImpl (ServerState.java:setLeader(263)) - 2f180d65-4c25-42b6-a7d0-065130742e7a:group-CDBA29885C3D change Leader from null to 2f180d65-4c25-42b6-a7d0-065130742e7a at term 1 for becomeLeader, leader elected after 5110ms
2019-09-19 04:23:25,576 [2f180d65-4c25-42b6-a7d0-065130742e7a:group-CDBA29885C3D:LeaderElection50] INFO  server.RaftServerConfigKeys (ConfUtils.java:logGet(43)) - raft.server.staging.catchup.gap = 1000 (default)
2019-09-19 04:23:25,576 [2f180d65-4c25-42b6-a7d0-065130742e7a:group-CDBA29885C3D:LeaderElection50] INFO  server.RaftServerConfigKeys (ConfUtils.java:logGet(43)) - raft.server.rpc.sleep.time = 25ms (default)
2019-09-19 04:23:25,577 [2f180d65-4c25-42b6-a7d0-065130742e7a:group-CDBA29885C3D:LeaderElection50] INFO  server.RaftServerConfigKeys (ConfUtils.java:logGet(43)) - raft.server.write.element-limit = 4096 (default)
2019-09-19 04:23:25,577 [2f180d65-4c25-42b6-a7d0-065130742e7a:group-CDBA29885C3D:LeaderElection50] INFO  server.RaftServerConfigKeys (ConfUtils.java:logGet(43)) - raft.server.watch.timeout = 10s (default)
2019-09-19 04:23:25,577 [2f180d65-4c25-42b6-a7d0-065130742e7a:group-CDBA29885C3D:LeaderElection50] INFO  server.RaftServerConfigKeys (ConfUtils.java:logGet(43)) - raft.server.watch.timeout.denomination = 1s (default)
2019-09-19 04:23:25,577 [2f180d65-4c25-42b6-a7d0-065130742e7a:group-CDBA29885C3D:LeaderElection50] INFO  server.RaftServerConfigKeys (ConfUtils.java:logGet(43)) - raft.server.watch.element-limit = 65536 (default)
2019-09-19 04:23:25,578 [2f180d65-4c25-42b6-a7d0-065130742e7a:group-CDBA29885C3D:LeaderElection50] INFO  impl.RoleInfo (RoleInfo.java:updateAndGet(143)) - 2f180d65-4c25-42b6-a7d0-065130742e7a: start LeaderState
2019-09-19 04:23:25,578 [2f180d65-4c25-42b6-a7d0-065130742e7a:group-CDBA29885C3D:LeaderElection50] INFO  segmented.SegmentedRaftLogWorker (SegmentedRaftLogWorker.java:startLogSegment(380)) - 2f180d65-4c25-42b6-a7d0-065130742e7a-SegmentedRaftLogWorker:Storage Directory /workdir/hadoop-ozone/integration-test/target/test-dir/MiniOzoneClusterImpl-e123b5d3-93ec-41f3-af3c-77b483f7a668/datanode-0/data/ratis/90459a1c-6e0a-4b78-942f-cdba29885c3d: Starting segment from index:0
2019-09-19 04:23:25,579 [2f180d65-4c25-42b6-a7d0-065130742e7a:group-CDBA29885C3D:LeaderElection50] INFO  impl.RaftServerImpl (ServerState.java:setRaftConf(361)) - 2f180d65-4c25-42b6-a7d0-065130742e7a:group-CDBA29885C3D set configuration 0: [2f180d65-4c25-42b6-a7d0-065130742e7a:192.168.34.50:36459], old=null at 0
2019-09-19 04:23:25,641 | INFO  | SCMAudit | user=jenkins1000 | ip=192.168.34.50 | op=SEND_HEARTBEAT {datanodeUUID=329dc1ff-c881-4588-b3df-3d5ae8e04650, command=[]} | ret=SUCCESS |  
2019-09-19 04:23:25,641 [2f180d65-4c25-42b6-a7d0-065130742e7a-SegmentedRaftLogWorker:Storage Directory /workdir/hadoop-ozone/integration-test/target/test-dir/MiniOzoneClusterImpl-e123b5d3-93ec-41f3-af3c-77b483f7a668/datanode-0/data/ratis/90459a1c-6e0a-4b78-942f-cdba29885c3d] INFO  segmented.SegmentedRaftLogWorker (SegmentedRaftLogWorker.java:execute(569)) - 2f180d65-4c25-42b6-a7d0-065130742e7a-SegmentedRaftLogWorker:Storage Directory /workdir/hadoop-ozone/integration-test/target/test-dir/MiniOzoneClusterImpl-e123b5d3-93ec-41f3-af3c-77b483f7a668/datanode-0/data/ratis/90459a1c-6e0a-4b78-942f-cdba29885c3d: created new log segment /workdir/hadoop-ozone/integration-test/target/test-dir/MiniOzoneClusterImpl-e123b5d3-93ec-41f3-af3c-77b483f7a668/datanode-0/data/ratis/90459a1c-6e0a-4b78-942f-cdba29885c3d/current/log_inprogress_0
2019-09-19 04:23:25,686 [Thread-2397] INFO  impl.FollowerState (FollowerState.java:run(106)) - 2f180d65-4c25-42b6-a7d0-065130742e7a:group-25CB5C4EC9B3 changes to CANDIDATE, lastRpcTime:5015, electionTimeout:5015ms
2019-09-19 04:23:25,686 [Thread-2397] INFO  impl.RoleInfo (RoleInfo.java:shutdownFollowerState(121)) - 2f180d65-4c25-42b6-a7d0-065130742e7a: shutdown FollowerState
2019-09-19 04:23:25,686 [Thread-2397] INFO  impl.RaftServerImpl (RaftServerImpl.java:setRole(171)) - 2f180d65-4c25-42b6-a7d0-065130742e7a:group-25CB5C4EC9B3 changes role from FOLLOWER to CANDIDATE at term 0 for changeToCandidate
2019-09-19 04:23:25,686 [Thread-2397] INFO  impl.RoleInfo (RoleInfo.java:updateAndGet(143)) - 2f180d65-4c25-42b6-a7d0-065130742e7a: start LeaderElection
2019-09-19 04:23:25,729 | INFO  | SCMAudit | user=jenkins1000 | ip=192.168.34.50 | op=SEND_HEARTBEAT {datanodeUUID=1f599ffa-6388-40ea-bded-39dbd74e4d02, command=[]} | ret=SUCCESS |  
2019-09-19 04:23:25,752 [2f180d65-4c25-42b6-a7d0-065130742e7a:group-25CB5C4EC9B3:LeaderElection51] INFO  impl.LeaderElection (LeaderElection.java:askForVotes(181)) - 2f180d65-4c25-42b6-a7d0-065130742e7a:group-25CB5C4EC9B3:LeaderElection51: begin an election at term 1 for -1: [8da68b5e-6b12-4c66-b560-7bfe69901e90:192.168.34.50:41239, 2f180d65-4c25-42b6-a7d0-065130742e7a:192.168.34.50:36459, 1f599ffa-6388-40ea-bded-39dbd74e4d02:192.168.34.50:38533], old=null
2019-09-19 04:23:25,762 [grpc-default-executor-1] INFO  impl.RaftServerImpl (RaftServerImpl.java:setRole(171)) - 1f599ffa-6388-40ea-bded-39dbd74e4d02:group-25CB5C4EC9B3 changes role from FOLLOWER to FOLLOWER at term 1 for recognizeCandidate:2f180d65-4c25-42b6-a7d0-065130742e7a
2019-09-19 04:23:25,762 [grpc-default-executor-3] INFO  impl.RaftServerImpl (RaftServerImpl.java:setRole(171)) - 8da68b5e-6b12-4c66-b560-7bfe69901e90:group-25CB5C4EC9B3 changes role from FOLLOWER to FOLLOWER at term 1 for recognizeCandidate:2f180d65-4c25-42b6-a7d0-065130742e7a
2019-09-19 04:23:25,763 [grpc-default-executor-3] INFO  impl.RoleInfo (RoleInfo.java:shutdownFollowerState(121)) - 8da68b5e-6b12-4c66-b560-7bfe69901e90: shutdown FollowerState
2019-09-19 04:23:25,763 [grpc-default-executor-1] INFO  impl.RoleInfo (RoleInfo.java:shutdownFollowerState(121)) - 1f599ffa-6388-40ea-bded-39dbd74e4d02: shutdown FollowerState
2019-09-19 04:23:25,763 [grpc-default-executor-3] INFO  impl.RoleInfo (RoleInfo.java:updateAndGet(143)) - 8da68b5e-6b12-4c66-b560-7bfe69901e90: start FollowerState
2019-09-19 04:23:25,763 [grpc-default-executor-1] INFO  impl.RoleInfo (RoleInfo.java:updateAndGet(143)) - 1f599ffa-6388-40ea-bded-39dbd74e4d02: start FollowerState
2019-09-19 04:23:25,763 [Thread-2404] INFO  impl.FollowerState (FollowerState.java:run(114)) - 8da68b5e-6b12-4c66-b560-7bfe69901e90: FollowerState was interrupted: java.lang.InterruptedException: sleep interrupted
2019-09-19 04:23:25,763 [Thread-2409] INFO  impl.FollowerState (FollowerState.java:run(114)) - 1f599ffa-6388-40ea-bded-39dbd74e4d02: FollowerState was interrupted: java.lang.InterruptedException: sleep interrupted
2019-09-19 04:23:25,787 [Thread-2400] INFO  impl.FollowerState (FollowerState.java:run(106)) - 8da68b5e-6b12-4c66-b560-7bfe69901e90:group-8F6714ECE549 changes to CANDIDATE, lastRpcTime:5101, electionTimeout:5101ms
2019-09-19 04:23:25,787 [Thread-2400] INFO  impl.RoleInfo (RoleInfo.java:shutdownFollowerState(121)) - 8da68b5e-6b12-4c66-b560-7bfe69901e90: shutdown FollowerState
2019-09-19 04:23:25,787 [Thread-2400] INFO  impl.RaftServerImpl (RaftServerImpl.java:setRole(171)) - 8da68b5e-6b12-4c66-b560-7bfe69901e90:group-8F6714ECE549 changes role from FOLLOWER to CANDIDATE at term 0 for changeToCandidate
2019-09-19 04:23:25,787 [Thread-2400] INFO  impl.RoleInfo (RoleInfo.java:updateAndGet(143)) - 8da68b5e-6b12-4c66-b560-7bfe69901e90: start LeaderElection
2019-09-19 04:23:25,801 [grpc-default-executor-6] INFO  client.GrpcClientProtocolClient (GrpcClientProtocolClient.java:onNext(255)) - client-D2ED04262E5E->1f599ffa-6388-40ea-bded-39dbd74e4d02: receive RaftClientReply:client-D2ED04262E5E->1f599ffa-6388-40ea-bded-39dbd74e4d02@group-25CB5C4EC9B3, cid=102, FAILED org.apache.ratis.protocol.NotLeaderException: Server 1f599ffa-6388-40ea-bded-39dbd74e4d02 is not the leader (null). Request must be sent to leader., logIndex=0, commits[1f599ffa-6388-40ea-bded-39dbd74e4d02:c-1]
2019-09-19 04:23:25,801 [2f180d65-4c25-42b6-a7d0-065130742e7a:group-25CB5C4EC9B3:LeaderElection51] INFO  impl.LeaderElection (LeaderElection.java:logAndReturn(56)) - 2f180d65-4c25-42b6-a7d0-065130742e7a:group-25CB5C4EC9B3:LeaderElection51: Election PASSED; received 1 response(s) [2f180d65-4c25-42b6-a7d0-065130742e7a<-1f599ffa-6388-40ea-bded-39dbd74e4d02#0:OK-t1] and 0 exception(s); 2f180d65-4c25-42b6-a7d0-065130742e7a:t1, leader=null, voted=2f180d65-4c25-42b6-a7d0-065130742e7a, raftlog=2f180d65-4c25-42b6-a7d0-065130742e7a-SegmentedRaftLog:OPENED:c-1,f-1,i0, conf=-1: [8da68b5e-6b12-4c66-b560-7bfe69901e90:192.168.34.50:41239, 2f180d65-4c25-42b6-a7d0-065130742e7a:192.168.34.50:36459, 1f599ffa-6388-40ea-bded-39dbd74e4d02:192.168.34.50:38533], old=null
2019-09-19 04:23:25,802 [2f180d65-4c25-42b6-a7d0-065130742e7a:group-25CB5C4EC9B3:LeaderElection51] INFO  impl.RoleInfo (RoleInfo.java:shutdownLeaderElection(134)) - 2f180d65-4c25-42b6-a7d0-065130742e7a: shutdown LeaderElection
2019-09-19 04:23:25,802 [2f180d65-4c25-42b6-a7d0-065130742e7a:group-25CB5C4EC9B3:LeaderElection51] INFO  impl.RaftServerImpl (RaftServerImpl.java:setRole(171)) - 2f180d65-4c25-42b6-a7d0-065130742e7a:group-25CB5C4EC9B3 changes role from CANDIDATE to LEADER at term 1 for changeToLeader
2019-09-19 04:23:25,804 [2f180d65-4c25-42b6-a7d0-065130742e7a:group-25CB5C4EC9B3:LeaderElection51] INFO  impl.RaftServerImpl (ServerState.java:setLeader(263)) - 2f180d65-4c25-42b6-a7d0-065130742e7a:group-25CB5C4EC9B3 change Leader from null to 2f180d65-4c25-42b6-a7d0-065130742e7a at term 1 for becomeLeader, leader elected after 5139ms
2019-09-19 04:23:25,805 [2f180d65-4c25-42b6-a7d0-065130742e7a:group-25CB5C4EC9B3:LeaderElection51] INFO  server.RaftServerConfigKeys (ConfUtils.java:logGet(43)) - raft.server.staging.catchup.gap = 1000 (default)
2019-09-19 04:23:25,805 [2f180d65-4c25-42b6-a7d0-065130742e7a:group-25CB5C4EC9B3:LeaderElection51] INFO  server.RaftServerConfigKeys (ConfUtils.java:logGet(43)) - raft.server.rpc.sleep.time = 25ms (default)
2019-09-19 04:23:25,805 [2f180d65-4c25-42b6-a7d0-065130742e7a:group-25CB5C4EC9B3:LeaderElection51] INFO  server.RaftServerConfigKeys (ConfUtils.java:logGet(43)) - raft.server.write.element-limit = 4096 (default)
2019-09-19 04:23:25,805 [2f180d65-4c25-42b6-a7d0-065130742e7a:group-25CB5C4EC9B3:LeaderElection51] INFO  server.RaftServerConfigKeys (ConfUtils.java:logGet(43)) - raft.server.watch.timeout = 10s (default)
2019-09-19 04:23:25,805 [2f180d65-4c25-42b6-a7d0-065130742e7a:group-25CB5C4EC9B3:LeaderElection51] INFO  server.RaftServerConfigKeys (ConfUtils.java:logGet(43)) - raft.server.watch.timeout.denomination = 1s (default)
2019-09-19 04:23:25,805 [2f180d65-4c25-42b6-a7d0-065130742e7a:group-25CB5C4EC9B3:LeaderElection51] INFO  server.RaftServerConfigKeys (ConfUtils.java:logGet(43)) - raft.server.watch.element-limit = 65536 (default)
2019-09-19 04:23:25,806 [2f180d65-4c25-42b6-a7d0-065130742e7a:group-25CB5C4EC9B3:LeaderElection51] INFO  server.RaftServerConfigKeys (ConfUtils.java:logGet(43)) - raft.server.log.appender.snapshot.chunk.size.max = 16MB (=16777216) (default)
2019-09-19 04:23:25,806 [2f180d65-4c25-42b6-a7d0-065130742e7a:group-25CB5C4EC9B3:LeaderElection51] INFO  server.RaftServerConfigKeys (ConfUtils.java:logGet(43)) - raft.server.log.appender.buffer.byte-limit = 33554432 (custom)
2019-09-19 04:23:25,806 [2f180d65-4c25-42b6-a7d0-065130742e7a:group-25CB5C4EC9B3:LeaderElection51] INFO  server.RaftServerConfigKeys (ConfUtils.java:logGet(43)) - raft.server.log.appender.buffer.element-limit = 1 (custom)
2019-09-19 04:23:25,806 [2f180d65-4c25-42b6-a7d0-065130742e7a:group-25CB5C4EC9B3:LeaderElection51] INFO  grpc.GrpcConfigKeys$Server (ConfUtils.java:logGet(43)) - raft.grpc.server.leader.outstanding.appends.max = 128 (default)
2019-09-19 04:23:25,806 [2f180d65-4c25-42b6-a7d0-065130742e7a:group-25CB5C4EC9B3:LeaderElection51] INFO  server.RaftServerConfigKeys (ConfUtils.java:logGet(43)) - raft.server.rpc.request.timeout = 3000ms (default)
2019-09-19 04:23:25,807 [2f180d65-4c25-42b6-a7d0-065130742e7a:group-25CB5C4EC9B3:LeaderElection51] INFO  server.RaftServerConfigKeys (ConfUtils.java:logGet(43)) - raft.server.log.appender.install.snapshot.enabled = false (custom)
2019-09-19 04:23:25,807 [2f180d65-4c25-42b6-a7d0-065130742e7a:group-25CB5C4EC9B3:LeaderElection51] INFO  server.RaftServerConfigKeys (ConfUtils.java:logGet(43)) - raft.server.log.appender.snapshot.chunk.size.max = 16MB (=16777216) (default)
2019-09-19 04:23:25,807 [2f180d65-4c25-42b6-a7d0-065130742e7a:group-25CB5C4EC9B3:LeaderElection51] INFO  server.RaftServerConfigKeys (ConfUtils.java:logGet(43)) - raft.server.log.appender.buffer.byte-limit = 33554432 (custom)
2019-09-19 04:23:25,807 [2f180d65-4c25-42b6-a7d0-065130742e7a:group-25CB5C4EC9B3:LeaderElection51] INFO  server.RaftServerConfigKeys (ConfUtils.java:logGet(43)) - raft.server.log.appender.buffer.element-limit = 1 (custom)
2019-09-19 04:23:25,807 [2f180d65-4c25-42b6-a7d0-065130742e7a:group-25CB5C4EC9B3:LeaderElection51] INFO  grpc.GrpcConfigKeys$Server (ConfUtils.java:logGet(43)) - raft.grpc.server.leader.outstanding.appends.max = 128 (default)
2019-09-19 04:23:25,807 [2f180d65-4c25-42b6-a7d0-065130742e7a:group-25CB5C4EC9B3:LeaderElection51] INFO  server.RaftServerConfigKeys (ConfUtils.java:logGet(43)) - raft.server.rpc.request.timeout = 3000ms (default)
2019-09-19 04:23:25,808 [2f180d65-4c25-42b6-a7d0-065130742e7a:group-25CB5C4EC9B3:LeaderElection51] INFO  server.RaftServerConfigKeys (ConfUtils.java:logGet(43)) - raft.server.log.appender.install.snapshot.enabled = false (custom)
2019-09-19 04:23:25,808 [2f180d65-4c25-42b6-a7d0-065130742e7a:group-25CB5C4EC9B3:LeaderElection51] INFO  impl.RoleInfo (RoleInfo.java:updateAndGet(143)) - 2f180d65-4c25-42b6-a7d0-065130742e7a: start LeaderState
2019-09-19 04:23:25,808 [2f180d65-4c25-42b6-a7d0-065130742e7a:group-25CB5C4EC9B3:LeaderElection51] INFO  segmented.SegmentedRaftLogWorker (SegmentedRaftLogWorker.java:startLogSegment(380)) - 2f180d65-4c25-42b6-a7d0-065130742e7a-SegmentedRaftLogWorker:Storage Directory /workdir/hadoop-ozone/integration-test/target/test-dir/MiniOzoneClusterImpl-e123b5d3-93ec-41f3-af3c-77b483f7a668/datanode-0/data/ratis/43636421-7305-4aae-a378-25cb5c4ec9b3: Starting segment from index:0
2019-09-19 04:23:25,809 [2f180d65-4c25-42b6-a7d0-065130742e7a:group-25CB5C4EC9B3:LeaderElection51] INFO  impl.RaftServerImpl (ServerState.java:setRaftConf(361)) - 2f180d65-4c25-42b6-a7d0-065130742e7a:group-25CB5C4EC9B3 set configuration 0: [8da68b5e-6b12-4c66-b560-7bfe69901e90:192.168.34.50:41239, 2f180d65-4c25-42b6-a7d0-065130742e7a:192.168.34.50:36459, 1f599ffa-6388-40ea-bded-39dbd74e4d02:192.168.34.50:38533], old=null at 0
2019-09-19 04:23:25,811 [grpc-default-executor-1] INFO  impl.RaftServerImpl (ServerState.java:setLeader(263)) - 1f599ffa-6388-40ea-bded-39dbd74e4d02:group-25CB5C4EC9B3 change Leader from null to 2f180d65-4c25-42b6-a7d0-065130742e7a at term 1 for appendEntries, leader elected after 4807ms
2019-09-19 04:23:25,846 [8da68b5e-6b12-4c66-b560-7bfe69901e90:group-8F6714ECE549:LeaderElection52] INFO  impl.LeaderElection (LeaderElection.java:askForVotes(181)) - 8da68b5e-6b12-4c66-b560-7bfe69901e90:group-8F6714ECE549:LeaderElection52: begin an election at term 1 for -1: [8da68b5e-6b12-4c66-b560-7bfe69901e90:192.168.34.50:41239], old=null
2019-09-19 04:23:25,846 [grpc-default-executor-6] INFO  impl.RaftServerImpl (ServerState.java:setLeader(263)) - 8da68b5e-6b12-4c66-b560-7bfe69901e90:group-25CB5C4EC9B3 change Leader from null to 2f180d65-4c25-42b6-a7d0-065130742e7a at term 1 for appendEntries, leader elected after 4978ms
2019-09-19 04:23:25,847 [8da68b5e-6b12-4c66-b560-7bfe69901e90:group-8F6714ECE549:LeaderElection52] INFO  impl.RoleInfo (RoleInfo.java:shutdownLeaderElection(134)) - 8da68b5e-6b12-4c66-b560-7bfe69901e90: shutdown LeaderElection
2019-09-19 04:23:25,850 [8da68b5e-6b12-4c66-b560-7bfe69901e90:group-8F6714ECE549:LeaderElection52] INFO  impl.RaftServerImpl (RaftServerImpl.java:setRole(171)) - 8da68b5e-6b12-4c66-b560-7bfe69901e90:group-8F6714ECE549 changes role from CANDIDATE to LEADER at term 1 for changeToLeader
2019-09-19 04:23:25,850 [8da68b5e-6b12-4c66-b560-7bfe69901e90:group-8F6714ECE549:LeaderElection52] INFO  impl.RaftServerImpl (ServerState.java:setLeader(263)) - 8da68b5e-6b12-4c66-b560-7bfe69901e90:group-8F6714ECE549 change Leader from null to 8da68b5e-6b12-4c66-b560-7bfe69901e90 at term 1 for becomeLeader, leader elected after 5167ms
2019-09-19 04:23:25,850 [8da68b5e-6b12-4c66-b560-7bfe69901e90:group-8F6714ECE549:LeaderElection52] INFO  server.RaftServerConfigKeys (ConfUtils.java:logGet(43)) - raft.server.staging.catchup.gap = 1000 (default)
2019-09-19 04:23:25,850 [8da68b5e-6b12-4c66-b560-7bfe69901e90:group-8F6714ECE549:LeaderElection52] INFO  server.RaftServerConfigKeys (ConfUtils.java:logGet(43)) - raft.server.rpc.sleep.time = 25ms (default)
2019-09-19 04:23:25,850 [8da68b5e-6b12-4c66-b560-7bfe69901e90:group-8F6714ECE549:LeaderElection52] INFO  server.RaftServerConfigKeys (ConfUtils.java:logGet(43)) - raft.server.write.element-limit = 4096 (default)
2019-09-19 04:23:25,851 [8da68b5e-6b12-4c66-b560-7bfe69901e90:group-8F6714ECE549:LeaderElection52] INFO  server.RaftServerConfigKeys (ConfUtils.java:logGet(43)) - raft.server.watch.timeout = 10s (default)
2019-09-19 04:23:25,851 [8da68b5e-6b12-4c66-b560-7bfe69901e90:group-8F6714ECE549:LeaderElection52] INFO  server.RaftServerConfigKeys (ConfUtils.java:logGet(43)) - raft.server.watch.timeout.denomination = 1s (default)
2019-09-19 04:23:25,851 [8da68b5e-6b12-4c66-b560-7bfe69901e90:group-8F6714ECE549:LeaderElection52] INFO  server.RaftServerConfigKeys (ConfUtils.java:logGet(43)) - raft.server.watch.element-limit = 65536 (default)
2019-09-19 04:23:25,851 [8da68b5e-6b12-4c66-b560-7bfe69901e90:group-8F6714ECE549:LeaderElection52] INFO  impl.RoleInfo (RoleInfo.java:updateAndGet(143)) - 8da68b5e-6b12-4c66-b560-7bfe69901e90: start LeaderState
2019-09-19 04:23:25,851 [8da68b5e-6b12-4c66-b560-7bfe69901e90:group-8F6714ECE549:LeaderElection52] INFO  segmented.SegmentedRaftLogWorker (SegmentedRaftLogWorker.java:startLogSegment(380)) - 8da68b5e-6b12-4c66-b560-7bfe69901e90-SegmentedRaftLogWorker:Storage Directory /workdir/hadoop-ozone/integration-test/target/test-dir/MiniOzoneClusterImpl-e123b5d3-93ec-41f3-af3c-77b483f7a668/datanode-1/data/ratis/9de6292a-6f39-4736-a712-8f6714ece549: Starting segment from index:0
2019-09-19 04:23:25,852 [grpc-default-executor-1] INFO  impl.RaftServerImpl (ServerState.java:setRaftConf(361)) - 1f599ffa-6388-40ea-bded-39dbd74e4d02:group-25CB5C4EC9B3 set configuration 0: [8da68b5e-6b12-4c66-b560-7bfe69901e90:192.168.34.50:41239, 2f180d65-4c25-42b6-a7d0-065130742e7a:192.168.34.50:36459, 1f599ffa-6388-40ea-bded-39dbd74e4d02:192.168.34.50:38533], old=null at 0
2019-09-19 04:23:25,852 [grpc-default-executor-6] INFO  impl.RaftServerImpl (ServerState.java:setRaftConf(361)) - 8da68b5e-6b12-4c66-b560-7bfe69901e90:group-25CB5C4EC9B3 set configuration 0: [8da68b5e-6b12-4c66-b560-7bfe69901e90:192.168.34.50:41239, 2f180d65-4c25-42b6-a7d0-065130742e7a:192.168.34.50:36459, 1f599ffa-6388-40ea-bded-39dbd74e4d02:192.168.34.50:38533], old=null at 0
2019-09-19 04:23:25,852 [8da68b5e-6b12-4c66-b560-7bfe69901e90:group-8F6714ECE549:LeaderElection52] INFO  impl.RaftServerImpl (ServerState.java:setRaftConf(361)) - 8da68b5e-6b12-4c66-b560-7bfe69901e90:group-8F6714ECE549 set configuration 0: [8da68b5e-6b12-4c66-b560-7bfe69901e90:192.168.34.50:41239], old=null at 0
2019-09-19 04:23:25,852 [grpc-default-executor-1] INFO  segmented.SegmentedRaftLogWorker (SegmentedRaftLogWorker.java:startLogSegment(380)) - 1f599ffa-6388-40ea-bded-39dbd74e4d02-SegmentedRaftLogWorker:Storage Directory /workdir/hadoop-ozone/integration-test/target/test-dir/MiniOzoneClusterImpl-e123b5d3-93ec-41f3-af3c-77b483f7a668/datanode-2/data/ratis/43636421-7305-4aae-a378-25cb5c4ec9b3: Starting segment from index:0
2019-09-19 04:23:25,852 [grpc-default-executor-6] INFO  segmented.SegmentedRaftLogWorker (SegmentedRaftLogWorker.java:startLogSegment(380)) - 8da68b5e-6b12-4c66-b560-7bfe69901e90-SegmentedRaftLogWorker:Storage Directory /workdir/hadoop-ozone/integration-test/target/test-dir/MiniOzoneClusterImpl-e123b5d3-93ec-41f3-af3c-77b483f7a668/datanode-1/data/ratis/43636421-7305-4aae-a378-25cb5c4ec9b3: Starting segment from index:0
2019-09-19 04:23:25,858 [2f180d65-4c25-42b6-a7d0-065130742e7a-SegmentedRaftLogWorker:Storage Directory /workdir/hadoop-ozone/integration-test/target/test-dir/MiniOzoneClusterImpl-e123b5d3-93ec-41f3-af3c-77b483f7a668/datanode-0/data/ratis/43636421-7305-4aae-a378-25cb5c4ec9b3] INFO  segmented.SegmentedRaftLogWorker (SegmentedRaftLogWorker.java:execute(569)) - 2f180d65-4c25-42b6-a7d0-065130742e7a-SegmentedRaftLogWorker:Storage Directory /workdir/hadoop-ozone/integration-test/target/test-dir/MiniOzoneClusterImpl-e123b5d3-93ec-41f3-af3c-77b483f7a668/datanode-0/data/ratis/43636421-7305-4aae-a378-25cb5c4ec9b3: created new log segment /workdir/hadoop-ozone/integration-test/target/test-dir/MiniOzoneClusterImpl-e123b5d3-93ec-41f3-af3c-77b483f7a668/datanode-0/data/ratis/43636421-7305-4aae-a378-25cb5c4ec9b3/current/log_inprogress_0
2019-09-19 04:23:25,897 [8da68b5e-6b12-4c66-b560-7bfe69901e90-SegmentedRaftLogWorker:Storage Directory /workdir/hadoop-ozone/integration-test/target/test-dir/MiniOzoneClusterImpl-e123b5d3-93ec-41f3-af3c-77b483f7a668/datanode-1/data/ratis/43636421-7305-4aae-a378-25cb5c4ec9b3] INFO  segmented.SegmentedRaftLogWorker (SegmentedRaftLogWorker.java:execute(569)) - 8da68b5e-6b12-4c66-b560-7bfe69901e90-SegmentedRaftLogWorker:Storage Directory /workdir/hadoop-ozone/integration-test/target/test-dir/MiniOzoneClusterImpl-e123b5d3-93ec-41f3-af3c-77b483f7a668/datanode-1/data/ratis/43636421-7305-4aae-a378-25cb5c4ec9b3: created new log segment /workdir/hadoop-ozone/integration-test/target/test-dir/MiniOzoneClusterImpl-e123b5d3-93ec-41f3-af3c-77b483f7a668/datanode-1/data/ratis/43636421-7305-4aae-a378-25cb5c4ec9b3/current/log_inprogress_0
2019-09-19 04:23:25,897 [1f599ffa-6388-40ea-bded-39dbd74e4d02-SegmentedRaftLogWorker:Storage Directory /workdir/hadoop-ozone/integration-test/target/test-dir/MiniOzoneClusterImpl-e123b5d3-93ec-41f3-af3c-77b483f7a668/datanode-2/data/ratis/43636421-7305-4aae-a378-25cb5c4ec9b3] INFO  segmented.SegmentedRaftLogWorker (SegmentedRaftLogWorker.java:execute(569)) - 1f599ffa-6388-40ea-bded-39dbd74e4d02-SegmentedRaftLogWorker:Storage Directory /workdir/hadoop-ozone/integration-test/target/test-dir/MiniOzoneClusterImpl-e123b5d3-93ec-41f3-af3c-77b483f7a668/datanode-2/data/ratis/43636421-7305-4aae-a378-25cb5c4ec9b3: created new log segment /workdir/hadoop-ozone/integration-test/target/test-dir/MiniOzoneClusterImpl-e123b5d3-93ec-41f3-af3c-77b483f7a668/datanode-2/data/ratis/43636421-7305-4aae-a378-25cb5c4ec9b3/current/log_inprogress_0
2019-09-19 04:23:25,897 [8da68b5e-6b12-4c66-b560-7bfe69901e90-SegmentedRaftLogWorker:Storage Directory /workdir/hadoop-ozone/integration-test/target/test-dir/MiniOzoneClusterImpl-e123b5d3-93ec-41f3-af3c-77b483f7a668/datanode-1/data/ratis/9de6292a-6f39-4736-a712-8f6714ece549] INFO  segmented.SegmentedRaftLogWorker (SegmentedRaftLogWorker.java:execute(569)) - 8da68b5e-6b12-4c66-b560-7bfe69901e90-SegmentedRaftLogWorker:Storage Directory /workdir/hadoop-ozone/integration-test/target/test-dir/MiniOzoneClusterImpl-e123b5d3-93ec-41f3-af3c-77b483f7a668/datanode-1/data/ratis/9de6292a-6f39-4736-a712-8f6714ece549: created new log segment /workdir/hadoop-ozone/integration-test/target/test-dir/MiniOzoneClusterImpl-e123b5d3-93ec-41f3-af3c-77b483f7a668/datanode-1/data/ratis/9de6292a-6f39-4736-a712-8f6714ece549/current/log_inprogress_0
2019-09-19 04:23:25,955 | INFO  | SCMAudit | user=jenkins1000 | ip=192.168.34.50 | op=SEND_HEARTBEAT {datanodeUUID=051ac7b8-8cbd-4108-aae8-c2637ffaecd2, command=[]} | ret=SUCCESS |  
2019-09-19 04:23:26,065 [Thread-2405] INFO  impl.FollowerState (FollowerState.java:run(106)) - 1f599ffa-6388-40ea-bded-39dbd74e4d02:group-FD2FC289851F changes to CANDIDATE, lastRpcTime:5190, electionTimeout:5190ms
2019-09-19 04:23:26,065 [Thread-2405] INFO  impl.RoleInfo (RoleInfo.java:shutdownFollowerState(121)) - 1f599ffa-6388-40ea-bded-39dbd74e4d02: shutdown FollowerState
2019-09-19 04:23:26,065 [Thread-2405] INFO  impl.RaftServerImpl (RaftServerImpl.java:setRole(171)) - 1f599ffa-6388-40ea-bded-39dbd74e4d02:group-FD2FC289851F changes role from FOLLOWER to CANDIDATE at term 0 for changeToCandidate
2019-09-19 04:23:26,066 [Thread-2405] INFO  impl.RoleInfo (RoleInfo.java:updateAndGet(143)) - 1f599ffa-6388-40ea-bded-39dbd74e4d02: start LeaderElection
2019-09-19 04:23:26,136 [1f599ffa-6388-40ea-bded-39dbd74e4d02:group-FD2FC289851F:LeaderElection53] INFO  impl.LeaderElection (LeaderElection.java:askForVotes(181)) - 1f599ffa-6388-40ea-bded-39dbd74e4d02:group-FD2FC289851F:LeaderElection53: begin an election at term 1 for -1: [1f599ffa-6388-40ea-bded-39dbd74e4d02:192.168.34.50:38533], old=null
2019-09-19 04:23:26,136 [1f599ffa-6388-40ea-bded-39dbd74e4d02:group-FD2FC289851F:LeaderElection53] INFO  impl.RoleInfo (RoleInfo.java:shutdownLeaderElection(134)) - 1f599ffa-6388-40ea-bded-39dbd74e4d02: shutdown LeaderElection
2019-09-19 04:23:26,136 [1f599ffa-6388-40ea-bded-39dbd74e4d02:group-FD2FC289851F:LeaderElection53] INFO  impl.RaftServerImpl (RaftServerImpl.java:setRole(171)) - 1f599ffa-6388-40ea-bded-39dbd74e4d02:group-FD2FC289851F changes role from CANDIDATE to LEADER at term 1 for changeToLeader
2019-09-19 04:23:26,136 [1f599ffa-6388-40ea-bded-39dbd74e4d02:group-FD2FC289851F:LeaderElection53] INFO  impl.RaftServerImpl (ServerState.java:setLeader(263)) - 1f599ffa-6388-40ea-bded-39dbd74e4d02:group-FD2FC289851F change Leader from null to 1f599ffa-6388-40ea-bded-39dbd74e4d02 at term 1 for becomeLeader, leader elected after 5268ms
2019-09-19 04:23:26,136 [1f599ffa-6388-40ea-bded-39dbd74e4d02:group-FD2FC289851F:LeaderElection53] INFO  server.RaftServerConfigKeys (ConfUtils.java:logGet(43)) - raft.server.staging.catchup.gap = 1000 (default)
2019-09-19 04:23:26,136 [1f599ffa-6388-40ea-bded-39dbd74e4d02:group-FD2FC289851F:LeaderElection53] INFO  server.RaftServerConfigKeys (ConfUtils.java:logGet(43)) - raft.server.rpc.sleep.time = 25ms (default)
2019-09-19 04:23:26,137 [1f599ffa-6388-40ea-bded-39dbd74e4d02:group-FD2FC289851F:LeaderElection53] INFO  server.RaftServerConfigKeys (ConfUtils.java:logGet(43)) - raft.server.write.element-limit = 4096 (default)
2019-09-19 04:23:26,137 [1f599ffa-6388-40ea-bded-39dbd74e4d02:group-FD2FC289851F:LeaderElection53] INFO  server.RaftServerConfigKeys (ConfUtils.java:logGet(43)) - raft.server.watch.timeout = 10s (default)
2019-09-19 04:23:26,137 [1f599ffa-6388-40ea-bded-39dbd74e4d02:group-FD2FC289851F:LeaderElection53] INFO  server.RaftServerConfigKeys (ConfUtils.java:logGet(43)) - raft.server.watch.timeout.denomination = 1s (default)
2019-09-19 04:23:26,137 [1f599ffa-6388-40ea-bded-39dbd74e4d02:group-FD2FC289851F:LeaderElection53] INFO  server.RaftServerConfigKeys (ConfUtils.java:logGet(43)) - raft.server.watch.element-limit = 65536 (default)
2019-09-19 04:23:26,138 [1f599ffa-6388-40ea-bded-39dbd74e4d02:group-FD2FC289851F:LeaderElection53] INFO  impl.RoleInfo (RoleInfo.java:updateAndGet(143)) - 1f599ffa-6388-40ea-bded-39dbd74e4d02: start LeaderState
2019-09-19 04:23:26,138 [1f599ffa-6388-40ea-bded-39dbd74e4d02:group-FD2FC289851F:LeaderElection53] INFO  segmented.SegmentedRaftLogWorker (SegmentedRaftLogWorker.java:startLogSegment(380)) - 1f599ffa-6388-40ea-bded-39dbd74e4d02-SegmentedRaftLogWorker:Storage Directory /workdir/hadoop-ozone/integration-test/target/test-dir/MiniOzoneClusterImpl-e123b5d3-93ec-41f3-af3c-77b483f7a668/datanode-2/data/ratis/80562f1e-9e03-4e04-a324-fd2fc289851f: Starting segment from index:0
2019-09-19 04:23:26,138 [1f599ffa-6388-40ea-bded-39dbd74e4d02:group-FD2FC289851F:LeaderElection53] INFO  impl.RaftServerImpl (ServerState.java:setRaftConf(361)) - 1f599ffa-6388-40ea-bded-39dbd74e4d02:group-FD2FC289851F set configuration 0: [1f599ffa-6388-40ea-bded-39dbd74e4d02:192.168.34.50:38533], old=null at 0
2019-09-19 04:23:26,144 [Thread-2412] INFO  impl.FollowerState (FollowerState.java:run(106)) - 051ac7b8-8cbd-4108-aae8-c2637ffaecd2:group-82BDF46C4894 changes to CANDIDATE, lastRpcTime:5062, electionTimeout:5062ms
2019-09-19 04:23:26,144 [Thread-2412] INFO  impl.RoleInfo (RoleInfo.java:shutdownFollowerState(121)) - 051ac7b8-8cbd-4108-aae8-c2637ffaecd2: shutdown FollowerState
2019-09-19 04:23:26,144 [Thread-2412] INFO  impl.RaftServerImpl (RaftServerImpl.java:setRole(171)) - 051ac7b8-8cbd-4108-aae8-c2637ffaecd2:group-82BDF46C4894 changes role from FOLLOWER to CANDIDATE at term 0 for changeToCandidate
2019-09-19 04:23:26,144 [Thread-2412] INFO  impl.RoleInfo (RoleInfo.java:updateAndGet(143)) - 051ac7b8-8cbd-4108-aae8-c2637ffaecd2: start LeaderElection
2019-09-19 04:23:26,179 | INFO  | SCMAudit | user=jenkins1000 | ip=192.168.34.50 | op=SEND_HEARTBEAT {datanodeUUID=c0af3f51-56af-4005-a4bd-c9ee92b8ec18, command=[]} | ret=SUCCESS |  
2019-09-19 04:23:26,230 [1f599ffa-6388-40ea-bded-39dbd74e4d02-SegmentedRaftLogWorker:Storage Directory /workdir/hadoop-ozone/integration-test/target/test-dir/MiniOzoneClusterImpl-e123b5d3-93ec-41f3-af3c-77b483f7a668/datanode-2/data/ratis/80562f1e-9e03-4e04-a324-fd2fc289851f] INFO  segmented.SegmentedRaftLogWorker (SegmentedRaftLogWorker.java:execute(569)) - 1f599ffa-6388-40ea-bded-39dbd74e4d02-SegmentedRaftLogWorker:Storage Directory /workdir/hadoop-ozone/integration-test/target/test-dir/MiniOzoneClusterImpl-e123b5d3-93ec-41f3-af3c-77b483f7a668/datanode-2/data/ratis/80562f1e-9e03-4e04-a324-fd2fc289851f: created new log segment /workdir/hadoop-ozone/integration-test/target/test-dir/MiniOzoneClusterImpl-e123b5d3-93ec-41f3-af3c-77b483f7a668/datanode-2/data/ratis/80562f1e-9e03-4e04-a324-fd2fc289851f/current/log_inprogress_0
2019-09-19 04:23:26,230 [051ac7b8-8cbd-4108-aae8-c2637ffaecd2:group-82BDF46C4894:LeaderElection54] INFO  impl.LeaderElection (LeaderElection.java:askForVotes(181)) - 051ac7b8-8cbd-4108-aae8-c2637ffaecd2:group-82BDF46C4894:LeaderElection54: begin an election at term 1 for -1: [051ac7b8-8cbd-4108-aae8-c2637ffaecd2:192.168.34.50:34365], old=null
2019-09-19 04:23:26,230 [051ac7b8-8cbd-4108-aae8-c2637ffaecd2:group-82BDF46C4894:LeaderElection54] INFO  impl.RoleInfo (RoleInfo.java:shutdownLeaderElection(134)) - 051ac7b8-8cbd-4108-aae8-c2637ffaecd2: shutdown LeaderElection
2019-09-19 04:23:26,230 [051ac7b8-8cbd-4108-aae8-c2637ffaecd2:group-82BDF46C4894:LeaderElection54] INFO  impl.RaftServerImpl (RaftServerImpl.java:setRole(171)) - 051ac7b8-8cbd-4108-aae8-c2637ffaecd2:group-82BDF46C4894 changes role from CANDIDATE to LEADER at term 1 for changeToLeader
2019-09-19 04:23:26,230 [051ac7b8-8cbd-4108-aae8-c2637ffaecd2:group-82BDF46C4894:LeaderElection54] INFO  impl.RaftServerImpl (ServerState.java:setLeader(263)) - 051ac7b8-8cbd-4108-aae8-c2637ffaecd2:group-82BDF46C4894 change Leader from null to 051ac7b8-8cbd-4108-aae8-c2637ffaecd2 at term 1 for becomeLeader, leader elected after 5156ms
2019-09-19 04:23:26,230 [051ac7b8-8cbd-4108-aae8-c2637ffaecd2:group-82BDF46C4894:LeaderElection54] INFO  server.RaftServerConfigKeys (ConfUtils.java:logGet(43)) - raft.server.staging.catchup.gap = 1000 (default)
2019-09-19 04:23:26,231 [051ac7b8-8cbd-4108-aae8-c2637ffaecd2:group-82BDF46C4894:LeaderElection54] INFO  server.RaftServerConfigKeys (ConfUtils.java:logGet(43)) - raft.server.rpc.sleep.time = 25ms (default)
2019-09-19 04:23:26,231 [051ac7b8-8cbd-4108-aae8-c2637ffaecd2:group-82BDF46C4894:LeaderElection54] INFO  server.RaftServerConfigKeys (ConfUtils.java:logGet(43)) - raft.server.write.element-limit = 4096 (default)
2019-09-19 04:23:26,231 [051ac7b8-8cbd-4108-aae8-c2637ffaecd2:group-82BDF46C4894:LeaderElection54] INFO  server.RaftServerConfigKeys (ConfUtils.java:logGet(43)) - raft.server.watch.timeout = 10s (default)
2019-09-19 04:23:26,231 [051ac7b8-8cbd-4108-aae8-c2637ffaecd2:group-82BDF46C4894:LeaderElection54] INFO  server.RaftServerConfigKeys (ConfUtils.java:logGet(43)) - raft.server.watch.timeout.denomination = 1s (default)
2019-09-19 04:23:26,231 [051ac7b8-8cbd-4108-aae8-c2637ffaecd2:group-82BDF46C4894:LeaderElection54] INFO  server.RaftServerConfigKeys (ConfUtils.java:logGet(43)) - raft.server.watch.element-limit = 65536 (default)
2019-09-19 04:23:26,232 [051ac7b8-8cbd-4108-aae8-c2637ffaecd2:group-82BDF46C4894:LeaderElection54] INFO  impl.RoleInfo (RoleInfo.java:updateAndGet(143)) - 051ac7b8-8cbd-4108-aae8-c2637ffaecd2: start LeaderState
2019-09-19 04:23:26,232 [051ac7b8-8cbd-4108-aae8-c2637ffaecd2:group-82BDF46C4894:LeaderElection54] INFO  segmented.SegmentedRaftLogWorker (SegmentedRaftLogWorker.java:startLogSegment(380)) - 051ac7b8-8cbd-4108-aae8-c2637ffaecd2-SegmentedRaftLogWorker:Storage Directory /workdir/hadoop-ozone/integration-test/target/test-dir/MiniOzoneClusterImpl-e123b5d3-93ec-41f3-af3c-77b483f7a668/datanode-3/data/ratis/eda47a47-b1c0-4ade-b747-82bdf46c4894: Starting segment from index:0
2019-09-19 04:23:26,232 [051ac7b8-8cbd-4108-aae8-c2637ffaecd2:group-82BDF46C4894:LeaderElection54] INFO  impl.RaftServerImpl (ServerState.java:setRaftConf(361)) - 051ac7b8-8cbd-4108-aae8-c2637ffaecd2:group-82BDF46C4894 set configuration 0: [051ac7b8-8cbd-4108-aae8-c2637ffaecd2:192.168.34.50:34365], old=null at 0
2019-09-19 04:23:26,312 | INFO  | SCMAudit | user=jenkins1000 | ip=192.168.34.50 | op=SEND_HEARTBEAT {datanodeUUID=2f180d65-4c25-42b6-a7d0-065130742e7a, command=[]} | ret=SUCCESS |  
2019-09-19 04:23:26,335 [051ac7b8-8cbd-4108-aae8-c2637ffaecd2-SegmentedRaftLogWorker:Storage Directory /workdir/hadoop-ozone/integration-test/target/test-dir/MiniOzoneClusterImpl-e123b5d3-93ec-41f3-af3c-77b483f7a668/datanode-3/data/ratis/eda47a47-b1c0-4ade-b747-82bdf46c4894] INFO  segmented.SegmentedRaftLogWorker (SegmentedRaftLogWorker.java:execute(569)) - 051ac7b8-8cbd-4108-aae8-c2637ffaecd2-SegmentedRaftLogWorker:Storage Directory /workdir/hadoop-ozone/integration-test/target/test-dir/MiniOzoneClusterImpl-e123b5d3-93ec-41f3-af3c-77b483f7a668/datanode-3/data/ratis/eda47a47-b1c0-4ade-b747-82bdf46c4894: created new log segment /workdir/hadoop-ozone/integration-test/target/test-dir/MiniOzoneClusterImpl-e123b5d3-93ec-41f3-af3c-77b483f7a668/datanode-3/data/ratis/eda47a47-b1c0-4ade-b747-82bdf46c4894/current/log_inprogress_0
2019-09-19 04:23:26,405 [Thread-2415] INFO  impl.FollowerState (FollowerState.java:run(106)) - 051ac7b8-8cbd-4108-aae8-c2637ffaecd2:group-3FE106B93B74 changes to CANDIDATE, lastRpcTime:5167, electionTimeout:5167ms
2019-09-19 04:23:26,405 [Thread-2415] INFO  impl.RoleInfo (RoleInfo.java:shutdownFollowerState(121)) - 051ac7b8-8cbd-4108-aae8-c2637ffaecd2: shutdown FollowerState
2019-09-19 04:23:26,406 [Thread-2415] INFO  impl.RaftServerImpl (RaftServerImpl.java:setRole(171)) - 051ac7b8-8cbd-4108-aae8-c2637ffaecd2:group-3FE106B93B74 changes role from FOLLOWER to CANDIDATE at term 0 for changeToCandidate
2019-09-19 04:23:26,406 [Thread-2415] INFO  impl.RoleInfo (RoleInfo.java:updateAndGet(143)) - 051ac7b8-8cbd-4108-aae8-c2637ffaecd2: start LeaderElection
2019-09-19 04:23:26,415 | INFO  | SCMAudit | user=jenkins1000 | ip=192.168.34.50 | op=SEND_HEARTBEAT {datanodeUUID=012d9a91-6350-442f-966e-df3b04b68d55, command=[]} | ret=SUCCESS |  
2019-09-19 04:23:26,475 [051ac7b8-8cbd-4108-aae8-c2637ffaecd2:group-3FE106B93B74:LeaderElection55] INFO  impl.LeaderElection (LeaderElection.java:askForVotes(181)) - 051ac7b8-8cbd-4108-aae8-c2637ffaecd2:group-3FE106B93B74:LeaderElection55: begin an election at term 1 for -1: [051ac7b8-8cbd-4108-aae8-c2637ffaecd2:192.168.34.50:34365, c0af3f51-56af-4005-a4bd-c9ee92b8ec18:192.168.34.50:44714, 012d9a91-6350-442f-966e-df3b04b68d55:192.168.34.50:46641], old=null
2019-09-19 04:23:26,488 [grpc-default-executor-1] INFO  impl.RaftServerImpl (RaftServerImpl.java:setRole(171)) - c0af3f51-56af-4005-a4bd-c9ee92b8ec18:group-3FE106B93B74 changes role from FOLLOWER to FOLLOWER at term 1 for recognizeCandidate:051ac7b8-8cbd-4108-aae8-c2637ffaecd2
2019-09-19 04:23:26,488 [grpc-default-executor-6] INFO  impl.RaftServerImpl (RaftServerImpl.java:setRole(171)) - 012d9a91-6350-442f-966e-df3b04b68d55:group-3FE106B93B74 changes role from FOLLOWER to FOLLOWER at term 1 for recognizeCandidate:051ac7b8-8cbd-4108-aae8-c2637ffaecd2
2019-09-19 04:23:26,488 [grpc-default-executor-1] INFO  impl.RoleInfo (RoleInfo.java:shutdownFollowerState(121)) - c0af3f51-56af-4005-a4bd-c9ee92b8ec18: shutdown FollowerState
2019-09-19 04:23:26,488 [grpc-default-executor-6] INFO  impl.RoleInfo (RoleInfo.java:shutdownFollowerState(121)) - 012d9a91-6350-442f-966e-df3b04b68d55: shutdown FollowerState
2019-09-19 04:23:26,489 [Thread-2427] INFO  impl.FollowerState (FollowerState.java:run(114)) - c0af3f51-56af-4005-a4bd-c9ee92b8ec18: FollowerState was interrupted: java.lang.InterruptedException: sleep interrupted
2019-09-19 04:23:26,488 [grpc-default-executor-1] INFO  impl.RoleInfo (RoleInfo.java:updateAndGet(143)) - c0af3f51-56af-4005-a4bd-c9ee92b8ec18: start FollowerState
2019-09-19 04:23:26,489 [Thread-2435] INFO  impl.FollowerState (FollowerState.java:run(114)) - 012d9a91-6350-442f-966e-df3b04b68d55: FollowerState was interrupted: java.lang.InterruptedException: sleep interrupted
2019-09-19 04:23:26,489 [grpc-default-executor-6] INFO  impl.RoleInfo (RoleInfo.java:updateAndGet(143)) - 012d9a91-6350-442f-966e-df3b04b68d55: start FollowerState
2019-09-19 04:23:26,502 [Thread-2424] INFO  impl.FollowerState (FollowerState.java:run(106)) - c0af3f51-56af-4005-a4bd-c9ee92b8ec18:group-735E9093F461 changes to CANDIDATE, lastRpcTime:5175, electionTimeout:5175ms
2019-09-19 04:23:26,502 [Thread-2424] INFO  impl.RoleInfo (RoleInfo.java:shutdownFollowerState(121)) - c0af3f51-56af-4005-a4bd-c9ee92b8ec18: shutdown FollowerState
2019-09-19 04:23:26,502 [Thread-2424] INFO  impl.RaftServerImpl (RaftServerImpl.java:setRole(171)) - c0af3f51-56af-4005-a4bd-c9ee92b8ec18:group-735E9093F461 changes role from FOLLOWER to CANDIDATE at term 0 for changeToCandidate
2019-09-19 04:23:26,503 [Thread-2424] INFO  impl.RoleInfo (RoleInfo.java:updateAndGet(143)) - c0af3f51-56af-4005-a4bd-c9ee92b8ec18: start LeaderElection
2019-09-19 04:23:26,527 | INFO  | SCMAudit | user=jenkins1000 | ip=192.168.34.50 | op=SEND_HEARTBEAT {datanodeUUID=8da68b5e-6b12-4c66-b560-7bfe69901e90, command=[]} | ret=SUCCESS |  
2019-09-19 04:23:26,559 [c0af3f51-56af-4005-a4bd-c9ee92b8ec18:group-735E9093F461:LeaderElection56] INFO  impl.LeaderElection (LeaderElection.java:askForVotes(181)) - c0af3f51-56af-4005-a4bd-c9ee92b8ec18:group-735E9093F461:LeaderElection56: begin an election at term 1 for -1: [c0af3f51-56af-4005-a4bd-c9ee92b8ec18:192.168.34.50:44714], old=null
2019-09-19 04:23:26,560 [c0af3f51-56af-4005-a4bd-c9ee92b8ec18:group-735E9093F461:LeaderElection56] INFO  impl.RoleInfo (RoleInfo.java:shutdownLeaderElection(134)) - c0af3f51-56af-4005-a4bd-c9ee92b8ec18: shutdown LeaderElection
2019-09-19 04:23:26,560 [c0af3f51-56af-4005-a4bd-c9ee92b8ec18:group-735E9093F461:LeaderElection56] INFO  impl.RaftServerImpl (RaftServerImpl.java:setRole(171)) - c0af3f51-56af-4005-a4bd-c9ee92b8ec18:group-735E9093F461 changes role from CANDIDATE to LEADER at term 1 for changeToLeader
2019-09-19 04:23:26,560 [c0af3f51-56af-4005-a4bd-c9ee92b8ec18:group-735E9093F461:LeaderElection56] INFO  impl.RaftServerImpl (ServerState.java:setLeader(263)) - c0af3f51-56af-4005-a4bd-c9ee92b8ec18:group-735E9093F461 change Leader from null to c0af3f51-56af-4005-a4bd-c9ee92b8ec18 at term 1 for becomeLeader, leader elected after 5237ms
2019-09-19 04:23:26,560 [c0af3f51-56af-4005-a4bd-c9ee92b8ec18:group-735E9093F461:LeaderElection56] INFO  server.RaftServerConfigKeys (ConfUtils.java:logGet(43)) - raft.server.staging.catchup.gap = 1000 (default)
2019-09-19 04:23:26,561 [c0af3f51-56af-4005-a4bd-c9ee92b8ec18:group-735E9093F461:LeaderElection56] INFO  server.RaftServerConfigKeys (ConfUtils.java:logGet(43)) - raft.server.rpc.sleep.time = 25ms (default)
2019-09-19 04:23:26,561 [c0af3f51-56af-4005-a4bd-c9ee92b8ec18:group-735E9093F461:LeaderElection56] INFO  server.RaftServerConfigKeys (ConfUtils.java:logGet(43)) - raft.server.write.element-limit = 4096 (default)
2019-09-19 04:23:26,562 [c0af3f51-56af-4005-a4bd-c9ee92b8ec18:group-735E9093F461:LeaderElection56] INFO  server.RaftServerConfigKeys (ConfUtils.java:logGet(43)) - raft.server.watch.timeout = 10s (default)
2019-09-19 04:23:26,562 [c0af3f51-56af-4005-a4bd-c9ee92b8ec18:group-735E9093F461:LeaderElection56] INFO  server.RaftServerConfigKeys (ConfUtils.java:logGet(43)) - raft.server.watch.timeout.denomination = 1s (default)
2019-09-19 04:23:26,562 [051ac7b8-8cbd-4108-aae8-c2637ffaecd2:group-3FE106B93B74:LeaderElection55] INFO  impl.LeaderElection (LeaderElection.java:logAndReturn(56)) - 051ac7b8-8cbd-4108-aae8-c2637ffaecd2:group-3FE106B93B74:LeaderElection55: Election PASSED; received 1 response(s) [051ac7b8-8cbd-4108-aae8-c2637ffaecd2<-012d9a91-6350-442f-966e-df3b04b68d55#0:OK-t1] and 0 exception(s); 051ac7b8-8cbd-4108-aae8-c2637ffaecd2:t1, leader=null, voted=051ac7b8-8cbd-4108-aae8-c2637ffaecd2, raftlog=051ac7b8-8cbd-4108-aae8-c2637ffaecd2-SegmentedRaftLog:OPENED:c-1,f-1,i0, conf=-1: [051ac7b8-8cbd-4108-aae8-c2637ffaecd2:192.168.34.50:34365, c0af3f51-56af-4005-a4bd-c9ee92b8ec18:192.168.34.50:44714, 012d9a91-6350-442f-966e-df3b04b68d55:192.168.34.50:46641], old=null
2019-09-19 04:23:26,562 [c0af3f51-56af-4005-a4bd-c9ee92b8ec18:group-735E9093F461:LeaderElection56] INFO  server.RaftServerConfigKeys (ConfUtils.java:logGet(43)) - raft.server.watch.element-limit = 65536 (default)
2019-09-19 04:23:26,562 [051ac7b8-8cbd-4108-aae8-c2637ffaecd2:group-3FE106B93B74:LeaderElection55] INFO  impl.RoleInfo (RoleInfo.java:shutdownLeaderElection(134)) - 051ac7b8-8cbd-4108-aae8-c2637ffaecd2: shutdown LeaderElection
2019-09-19 04:23:26,563 [051ac7b8-8cbd-4108-aae8-c2637ffaecd2:group-3FE106B93B74:LeaderElection55] INFO  impl.RaftServerImpl (RaftServerImpl.java:setRole(171)) - 051ac7b8-8cbd-4108-aae8-c2637ffaecd2:group-3FE106B93B74 changes role from CANDIDATE to LEADER at term 1 for changeToLeader
2019-09-19 04:23:26,563 [c0af3f51-56af-4005-a4bd-c9ee92b8ec18:group-735E9093F461:LeaderElection56] INFO  impl.RoleInfo (RoleInfo.java:updateAndGet(143)) - c0af3f51-56af-4005-a4bd-c9ee92b8ec18: start LeaderState
2019-09-19 04:23:26,563 [051ac7b8-8cbd-4108-aae8-c2637ffaecd2:group-3FE106B93B74:LeaderElection55] INFO  impl.RaftServerImpl (ServerState.java:setLeader(263)) - 051ac7b8-8cbd-4108-aae8-c2637ffaecd2:group-3FE106B93B74 change Leader from null to 051ac7b8-8cbd-4108-aae8-c2637ffaecd2 at term 1 for becomeLeader, leader elected after 5327ms
2019-09-19 04:23:26,563 [051ac7b8-8cbd-4108-aae8-c2637ffaecd2:group-3FE106B93B74:LeaderElection55] INFO  server.RaftServerConfigKeys (ConfUtils.java:logGet(43)) - raft.server.staging.catchup.gap = 1000 (default)
2019-09-19 04:23:26,563 [051ac7b8-8cbd-4108-aae8-c2637ffaecd2:group-3FE106B93B74:LeaderElection55] INFO  server.RaftServerConfigKeys (ConfUtils.java:logGet(43)) - raft.server.rpc.sleep.time = 25ms (default)
2019-09-19 04:23:26,563 [c0af3f51-56af-4005-a4bd-c9ee92b8ec18:group-735E9093F461:LeaderElection56] INFO  segmented.SegmentedRaftLogWorker (SegmentedRaftLogWorker.java:startLogSegment(380)) - c0af3f51-56af-4005-a4bd-c9ee92b8ec18-SegmentedRaftLogWorker:Storage Directory /workdir/hadoop-ozone/integration-test/target/test-dir/MiniOzoneClusterImpl-e123b5d3-93ec-41f3-af3c-77b483f7a668/datanode-4/data/ratis/c1fedab2-7907-41e9-b720-735e9093f461: Starting segment from index:0
2019-09-19 04:23:26,563 [051ac7b8-8cbd-4108-aae8-c2637ffaecd2:group-3FE106B93B74:LeaderElection55] INFO  server.RaftServerConfigKeys (ConfUtils.java:logGet(43)) - raft.server.write.element-limit = 4096 (default)
2019-09-19 04:23:26,564 [051ac7b8-8cbd-4108-aae8-c2637ffaecd2:group-3FE106B93B74:LeaderElection55] INFO  server.RaftServerConfigKeys (ConfUtils.java:logGet(43)) - raft.server.watch.timeout = 10s (default)
2019-09-19 04:23:26,564 [051ac7b8-8cbd-4108-aae8-c2637ffaecd2:group-3FE106B93B74:LeaderElection55] INFO  server.RaftServerConfigKeys (ConfUtils.java:logGet(43)) - raft.server.watch.timeout.denomination = 1s (default)
2019-09-19 04:23:26,564 [c0af3f51-56af-4005-a4bd-c9ee92b8ec18:group-735E9093F461:LeaderElection56] INFO  impl.RaftServerImpl (ServerState.java:setRaftConf(361)) - c0af3f51-56af-4005-a4bd-c9ee92b8ec18:group-735E9093F461 set configuration 0: [c0af3f51-56af-4005-a4bd-c9ee92b8ec18:192.168.34.50:44714], old=null at 0
2019-09-19 04:23:26,564 [051ac7b8-8cbd-4108-aae8-c2637ffaecd2:group-3FE106B93B74:LeaderElection55] INFO  server.RaftServerConfigKeys (ConfUtils.java:logGet(43)) - raft.server.watch.element-limit = 65536 (default)
2019-09-19 04:23:26,564 [051ac7b8-8cbd-4108-aae8-c2637ffaecd2:group-3FE106B93B74:LeaderElection55] INFO  server.RaftServerConfigKeys (ConfUtils.java:logGet(43)) - raft.server.log.appender.snapshot.chunk.size.max = 16MB (=16777216) (default)
2019-09-19 04:23:26,565 [051ac7b8-8cbd-4108-aae8-c2637ffaecd2:group-3FE106B93B74:LeaderElection55] INFO  server.RaftServerConfigKeys (ConfUtils.java:logGet(43)) - raft.server.log.appender.buffer.byte-limit = 33554432 (custom)
2019-09-19 04:23:26,565 [051ac7b8-8cbd-4108-aae8-c2637ffaecd2:group-3FE106B93B74:LeaderElection55] INFO  server.RaftServerConfigKeys (ConfUtils.java:logGet(43)) - raft.server.log.appender.buffer.element-limit = 1 (custom)
2019-09-19 04:23:26,565 [051ac7b8-8cbd-4108-aae8-c2637ffaecd2:group-3FE106B93B74:LeaderElection55] INFO  grpc.GrpcConfigKeys$Server (ConfUtils.java:logGet(43)) - raft.grpc.server.leader.outstanding.appends.max = 128 (default)
2019-09-19 04:23:26,565 [051ac7b8-8cbd-4108-aae8-c2637ffaecd2:group-3FE106B93B74:LeaderElection55] INFO  server.RaftServerConfigKeys (ConfUtils.java:logGet(43)) - raft.server.rpc.request.timeout = 3000ms (default)
2019-09-19 04:23:26,565 [051ac7b8-8cbd-4108-aae8-c2637ffaecd2:group-3FE106B93B74:LeaderElection55] INFO  server.RaftServerConfigKeys (ConfUtils.java:logGet(43)) - raft.server.log.appender.install.snapshot.enabled = false (custom)
2019-09-19 04:23:26,566 [051ac7b8-8cbd-4108-aae8-c2637ffaecd2:group-3FE106B93B74:LeaderElection55] INFO  server.RaftServerConfigKeys (ConfUtils.java:logGet(43)) - raft.server.log.appender.snapshot.chunk.size.max = 16MB (=16777216) (default)
2019-09-19 04:23:26,566 [051ac7b8-8cbd-4108-aae8-c2637ffaecd2:group-3FE106B93B74:LeaderElection55] INFO  server.RaftServerConfigKeys (ConfUtils.java:logGet(43)) - raft.server.log.appender.buffer.byte-limit = 33554432 (custom)
2019-09-19 04:23:26,566 [051ac7b8-8cbd-4108-aae8-c2637ffaecd2:group-3FE106B93B74:LeaderElection55] INFO  server.RaftServerConfigKeys (ConfUtils.java:logGet(43)) - raft.server.log.appender.buffer.element-limit = 1 (custom)
2019-09-19 04:23:26,566 [051ac7b8-8cbd-4108-aae8-c2637ffaecd2:group-3FE106B93B74:LeaderElection55] INFO  grpc.GrpcConfigKeys$Server (ConfUtils.java:logGet(43)) - raft.grpc.server.leader.outstanding.appends.max = 128 (default)
2019-09-19 04:23:26,566 [051ac7b8-8cbd-4108-aae8-c2637ffaecd2:group-3FE106B93B74:LeaderElection55] INFO  server.RaftServerConfigKeys (ConfUtils.java:logGet(43)) - raft.server.rpc.request.timeout = 3000ms (default)
2019-09-19 04:23:26,567 [051ac7b8-8cbd-4108-aae8-c2637ffaecd2:group-3FE106B93B74:LeaderElection55] INFO  server.RaftServerConfigKeys (ConfUtils.java:logGet(43)) - raft.server.log.appender.install.snapshot.enabled = false (custom)
2019-09-19 04:23:26,567 [051ac7b8-8cbd-4108-aae8-c2637ffaecd2:group-3FE106B93B74:LeaderElection55] INFO  impl.RoleInfo (RoleInfo.java:updateAndGet(143)) - 051ac7b8-8cbd-4108-aae8-c2637ffaecd2: start LeaderState
2019-09-19 04:23:26,567 [051ac7b8-8cbd-4108-aae8-c2637ffaecd2:group-3FE106B93B74:LeaderElection55] INFO  segmented.SegmentedRaftLogWorker (SegmentedRaftLogWorker.java:startLogSegment(380)) - 051ac7b8-8cbd-4108-aae8-c2637ffaecd2-SegmentedRaftLogWorker:Storage Directory /workdir/hadoop-ozone/integration-test/target/test-dir/MiniOzoneClusterImpl-e123b5d3-93ec-41f3-af3c-77b483f7a668/datanode-3/data/ratis/b51e0722-96db-4345-bc2d-3fe106b93b74: Starting segment from index:0
2019-09-19 04:23:26,568 [051ac7b8-8cbd-4108-aae8-c2637ffaecd2:group-3FE106B93B74:LeaderElection55] INFO  impl.RaftServerImpl (ServerState.java:setRaftConf(361)) - 051ac7b8-8cbd-4108-aae8-c2637ffaecd2:group-3FE106B93B74 set configuration 0: [051ac7b8-8cbd-4108-aae8-c2637ffaecd2:192.168.34.50:34365, c0af3f51-56af-4005-a4bd-c9ee92b8ec18:192.168.34.50:44714, 012d9a91-6350-442f-966e-df3b04b68d55:192.168.34.50:46641], old=null at 0
2019-09-19 04:23:26,570 [grpc-default-executor-6] INFO  impl.RaftServerImpl (ServerState.java:setLeader(263)) - 012d9a91-6350-442f-966e-df3b04b68d55:group-3FE106B93B74 change Leader from null to 051ac7b8-8cbd-4108-aae8-c2637ffaecd2 at term 1 for appendEntries, leader elected after 4913ms
2019-09-19 04:23:26,570 [grpc-default-executor-1] INFO  impl.RaftServerImpl (ServerState.java:setLeader(263)) - c0af3f51-56af-4005-a4bd-c9ee92b8ec18:group-3FE106B93B74 change Leader from null to 051ac7b8-8cbd-4108-aae8-c2637ffaecd2 at term 1 for appendEntries, leader elected after 5115ms
2019-09-19 04:23:26,613 [grpc-default-executor-6] INFO  impl.RaftServerImpl (ServerState.java:setRaftConf(361)) - 012d9a91-6350-442f-966e-df3b04b68d55:group-3FE106B93B74 set configuration 0: [051ac7b8-8cbd-4108-aae8-c2637ffaecd2:192.168.34.50:34365, c0af3f51-56af-4005-a4bd-c9ee92b8ec18:192.168.34.50:44714, 012d9a91-6350-442f-966e-df3b04b68d55:192.168.34.50:46641], old=null at 0
2019-09-19 04:23:26,613 [grpc-default-executor-1] INFO  impl.RaftServerImpl (ServerState.java:setRaftConf(361)) - c0af3f51-56af-4005-a4bd-c9ee92b8ec18:group-3FE106B93B74 set configuration 0: [051ac7b8-8cbd-4108-aae8-c2637ffaecd2:192.168.34.50:34365, c0af3f51-56af-4005-a4bd-c9ee92b8ec18:192.168.34.50:44714, 012d9a91-6350-442f-966e-df3b04b68d55:192.168.34.50:46641], old=null at 0
2019-09-19 04:23:26,613 [grpc-default-executor-6] INFO  segmented.SegmentedRaftLogWorker (SegmentedRaftLogWorker.java:startLogSegment(380)) - 012d9a91-6350-442f-966e-df3b04b68d55-SegmentedRaftLogWorker:Storage Directory /workdir/hadoop-ozone/integration-test/target/test-dir/MiniOzoneClusterImpl-e123b5d3-93ec-41f3-af3c-77b483f7a668/datanode-5/data/ratis/b51e0722-96db-4345-bc2d-3fe106b93b74: Starting segment from index:0
2019-09-19 04:23:26,613 [grpc-default-executor-1] INFO  segmented.SegmentedRaftLogWorker (SegmentedRaftLogWorker.java:startLogSegment(380)) - c0af3f51-56af-4005-a4bd-c9ee92b8ec18-SegmentedRaftLogWorker:Storage Directory /workdir/hadoop-ozone/integration-test/target/test-dir/MiniOzoneClusterImpl-e123b5d3-93ec-41f3-af3c-77b483f7a668/datanode-4/data/ratis/b51e0722-96db-4345-bc2d-3fe106b93b74: Starting segment from index:0
2019-09-19 04:23:26,641 | INFO  | SCMAudit | user=jenkins1000 | ip=192.168.34.50 | op=SEND_HEARTBEAT {datanodeUUID=329dc1ff-c881-4588-b3df-3d5ae8e04650, command=[]} | ret=SUCCESS |  
2019-09-19 04:23:26,659 [051ac7b8-8cbd-4108-aae8-c2637ffaecd2-SegmentedRaftLogWorker:Storage Directory /workdir/hadoop-ozone/integration-test/target/test-dir/MiniOzoneClusterImpl-e123b5d3-93ec-41f3-af3c-77b483f7a668/datanode-3/data/ratis/b51e0722-96db-4345-bc2d-3fe106b93b74] INFO  segmented.SegmentedRaftLogWorker (SegmentedRaftLogWorker.java:execute(569)) - 051ac7b8-8cbd-4108-aae8-c2637ffaecd2-SegmentedRaftLogWorker:Storage Directory /workdir/hadoop-ozone/integration-test/target/test-dir/MiniOzoneClusterImpl-e123b5d3-93ec-41f3-af3c-77b483f7a668/datanode-3/data/ratis/b51e0722-96db-4345-bc2d-3fe106b93b74: created new log segment /workdir/hadoop-ozone/integration-test/target/test-dir/MiniOzoneClusterImpl-e123b5d3-93ec-41f3-af3c-77b483f7a668/datanode-3/data/ratis/b51e0722-96db-4345-bc2d-3fe106b93b74/current/log_inprogress_0
2019-09-19 04:23:26,659 [c0af3f51-56af-4005-a4bd-c9ee92b8ec18-SegmentedRaftLogWorker:Storage Directory /workdir/hadoop-ozone/integration-test/target/test-dir/MiniOzoneClusterImpl-e123b5d3-93ec-41f3-af3c-77b483f7a668/datanode-4/data/ratis/c1fedab2-7907-41e9-b720-735e9093f461] INFO  segmented.SegmentedRaftLogWorker (SegmentedRaftLogWorker.java:execute(569)) - c0af3f51-56af-4005-a4bd-c9ee92b8ec18-SegmentedRaftLogWorker:Storage Directory /workdir/hadoop-ozone/integration-test/target/test-dir/MiniOzoneClusterImpl-e123b5d3-93ec-41f3-af3c-77b483f7a668/datanode-4/data/ratis/c1fedab2-7907-41e9-b720-735e9093f461: created new log segment /workdir/hadoop-ozone/integration-test/target/test-dir/MiniOzoneClusterImpl-e123b5d3-93ec-41f3-af3c-77b483f7a668/datanode-4/data/ratis/c1fedab2-7907-41e9-b720-735e9093f461/current/log_inprogress_0
2019-09-19 04:23:26,661 [c0af3f51-56af-4005-a4bd-c9ee92b8ec18-SegmentedRaftLogWorker:Storage Directory /workdir/hadoop-ozone/integration-test/target/test-dir/MiniOzoneClusterImpl-e123b5d3-93ec-41f3-af3c-77b483f7a668/datanode-4/data/ratis/b51e0722-96db-4345-bc2d-3fe106b93b74] INFO  segmented.SegmentedRaftLogWorker (SegmentedRaftLogWorker.java:execute(569)) - c0af3f51-56af-4005-a4bd-c9ee92b8ec18-SegmentedRaftLogWorker:Storage Directory /workdir/hadoop-ozone/integration-test/target/test-dir/MiniOzoneClusterImpl-e123b5d3-93ec-41f3-af3c-77b483f7a668/datanode-4/data/ratis/b51e0722-96db-4345-bc2d-3fe106b93b74: created new log segment /workdir/hadoop-ozone/integration-test/target/test-dir/MiniOzoneClusterImpl-e123b5d3-93ec-41f3-af3c-77b483f7a668/datanode-4/data/ratis/b51e0722-96db-4345-bc2d-3fe106b93b74/current/log_inprogress_0
2019-09-19 04:23:26,661 [012d9a91-6350-442f-966e-df3b04b68d55-SegmentedRaftLogWorker:Storage Directory /workdir/hadoop-ozone/integration-test/target/test-dir/MiniOzoneClusterImpl-e123b5d3-93ec-41f3-af3c-77b483f7a668/datanode-5/data/ratis/b51e0722-96db-4345-bc2d-3fe106b93b74] INFO  segmented.SegmentedRaftLogWorker (SegmentedRaftLogWorker.java:execute(569)) - 012d9a91-6350-442f-966e-df3b04b68d55-SegmentedRaftLogWorker:Storage Directory /workdir/hadoop-ozone/integration-test/target/test-dir/MiniOzoneClusterImpl-e123b5d3-93ec-41f3-af3c-77b483f7a668/datanode-5/data/ratis/b51e0722-96db-4345-bc2d-3fe106b93b74: created new log segment /workdir/hadoop-ozone/integration-test/target/test-dir/MiniOzoneClusterImpl-e123b5d3-93ec-41f3-af3c-77b483f7a668/datanode-5/data/ratis/b51e0722-96db-4345-bc2d-3fe106b93b74/current/log_inprogress_0
2019-09-19 04:23:26,694 [Thread-2430] INFO  impl.FollowerState (FollowerState.java:run(106)) - 012d9a91-6350-442f-966e-df3b04b68d55:group-186AD72DDF16 changes to CANDIDATE, lastRpcTime:5180, electionTimeout:5180ms
2019-09-19 04:23:26,694 [Thread-2430] INFO  impl.RoleInfo (RoleInfo.java:shutdownFollowerState(121)) - 012d9a91-6350-442f-966e-df3b04b68d55: shutdown FollowerState
2019-09-19 04:23:26,694 [Thread-2430] INFO  impl.RaftServerImpl (RaftServerImpl.java:setRole(171)) - 012d9a91-6350-442f-966e-df3b04b68d55:group-186AD72DDF16 changes role from FOLLOWER to CANDIDATE at term 0 for changeToCandidate
2019-09-19 04:23:26,694 [Thread-2430] INFO  impl.RoleInfo (RoleInfo.java:updateAndGet(143)) - 012d9a91-6350-442f-966e-df3b04b68d55: start LeaderElection
2019-09-19 04:23:26,730 | INFO  | SCMAudit | user=jenkins1000 | ip=192.168.34.50 | op=SEND_HEARTBEAT {datanodeUUID=1f599ffa-6388-40ea-bded-39dbd74e4d02, command=[]} | ret=SUCCESS |  
2019-09-19 04:23:26,757 [012d9a91-6350-442f-966e-df3b04b68d55:group-186AD72DDF16:LeaderElection57] INFO  impl.LeaderElection (LeaderElection.java:askForVotes(181)) - 012d9a91-6350-442f-966e-df3b04b68d55:group-186AD72DDF16:LeaderElection57: begin an election at term 1 for -1: [012d9a91-6350-442f-966e-df3b04b68d55:192.168.34.50:46641], old=null
2019-09-19 04:23:26,757 [012d9a91-6350-442f-966e-df3b04b68d55:group-186AD72DDF16:LeaderElection57] INFO  impl.RoleInfo (RoleInfo.java:shutdownLeaderElection(134)) - 012d9a91-6350-442f-966e-df3b04b68d55: shutdown LeaderElection
2019-09-19 04:23:26,757 [012d9a91-6350-442f-966e-df3b04b68d55:group-186AD72DDF16:LeaderElection57] INFO  impl.RaftServerImpl (RaftServerImpl.java:setRole(171)) - 012d9a91-6350-442f-966e-df3b04b68d55:group-186AD72DDF16 changes role from CANDIDATE to LEADER at term 1 for changeToLeader
2019-09-19 04:23:26,758 [012d9a91-6350-442f-966e-df3b04b68d55:group-186AD72DDF16:LeaderElection57] INFO  impl.RaftServerImpl (ServerState.java:setLeader(263)) - 012d9a91-6350-442f-966e-df3b04b68d55:group-186AD72DDF16 change Leader from null to 012d9a91-6350-442f-966e-df3b04b68d55 at term 1 for becomeLeader, leader elected after 5248ms
2019-09-19 04:23:26,758 [012d9a91-6350-442f-966e-df3b04b68d55:group-186AD72DDF16:LeaderElection57] INFO  server.RaftServerConfigKeys (ConfUtils.java:logGet(43)) - raft.server.staging.catchup.gap = 1000 (default)
2019-09-19 04:23:26,758 [012d9a91-6350-442f-966e-df3b04b68d55:group-186AD72DDF16:LeaderElection57] INFO  server.RaftServerConfigKeys (ConfUtils.java:logGet(43)) - raft.server.rpc.sleep.time = 25ms (default)
2019-09-19 04:23:26,758 [012d9a91-6350-442f-966e-df3b04b68d55:group-186AD72DDF16:LeaderElection57] INFO  server.RaftServerConfigKeys (ConfUtils.java:logGet(43)) - raft.server.write.element-limit = 4096 (default)
2019-09-19 04:23:26,758 [012d9a91-6350-442f-966e-df3b04b68d55:group-186AD72DDF16:LeaderElection57] INFO  server.RaftServerConfigKeys (ConfUtils.java:logGet(43)) - raft.server.watch.timeout = 10s (default)
2019-09-19 04:23:26,758 [012d9a91-6350-442f-966e-df3b04b68d55:group-186AD72DDF16:LeaderElection57] INFO  server.RaftServerConfigKeys (ConfUtils.java:logGet(43)) - raft.server.watch.timeout.denomination = 1s (default)
2019-09-19 04:23:26,759 [012d9a91-6350-442f-966e-df3b04b68d55:group-186AD72DDF16:LeaderElection57] INFO  server.RaftServerConfigKeys (ConfUtils.java:logGet(43)) - raft.server.watch.element-limit = 65536 (default)
2019-09-19 04:23:26,759 [012d9a91-6350-442f-966e-df3b04b68d55:group-186AD72DDF16:LeaderElection57] INFO  impl.RoleInfo (RoleInfo.java:updateAndGet(143)) - 012d9a91-6350-442f-966e-df3b04b68d55: start LeaderState
2019-09-19 04:23:26,759 [012d9a91-6350-442f-966e-df3b04b68d55:group-186AD72DDF16:LeaderElection57] INFO  segmented.SegmentedRaftLogWorker (SegmentedRaftLogWorker.java:startLogSegment(380)) - 012d9a91-6350-442f-966e-df3b04b68d55-SegmentedRaftLogWorker:Storage Directory /workdir/hadoop-ozone/integration-test/target/test-dir/MiniOzoneClusterImpl-e123b5d3-93ec-41f3-af3c-77b483f7a668/datanode-5/data/ratis/8d0f405e-9860-4280-83f9-186ad72ddf16: Starting segment from index:0
2019-09-19 04:23:26,760 [012d9a91-6350-442f-966e-df3b04b68d55:group-186AD72DDF16:LeaderElection57] INFO  impl.RaftServerImpl (ServerState.java:setRaftConf(361)) - 012d9a91-6350-442f-966e-df3b04b68d55:group-186AD72DDF16 set configuration 0: [012d9a91-6350-442f-966e-df3b04b68d55:192.168.34.50:46641], old=null at 0
2019-09-19 04:23:26,845 [012d9a91-6350-442f-966e-df3b04b68d55-SegmentedRaftLogWorker:Storage Directory /workdir/hadoop-ozone/integration-test/target/test-dir/MiniOzoneClusterImpl-e123b5d3-93ec-41f3-af3c-77b483f7a668/datanode-5/data/ratis/8d0f405e-9860-4280-83f9-186ad72ddf16] INFO  segmented.SegmentedRaftLogWorker (SegmentedRaftLogWorker.java:execute(569)) - 012d9a91-6350-442f-966e-df3b04b68d55-SegmentedRaftLogWorker:Storage Directory /workdir/hadoop-ozone/integration-test/target/test-dir/MiniOzoneClusterImpl-e123b5d3-93ec-41f3-af3c-77b483f7a668/datanode-5/data/ratis/8d0f405e-9860-4280-83f9-186ad72ddf16: created new log segment /workdir/hadoop-ozone/integration-test/target/test-dir/MiniOzoneClusterImpl-e123b5d3-93ec-41f3-af3c-77b483f7a668/datanode-5/data/ratis/8d0f405e-9860-4280-83f9-186ad72ddf16/current/log_inprogress_0
2019-09-19 04:23:26,955 | INFO  | SCMAudit | user=jenkins1000 | ip=192.168.34.50 | op=SEND_HEARTBEAT {datanodeUUID=051ac7b8-8cbd-4108-aae8-c2637ffaecd2, command=[]} | ret=SUCCESS |  
2019-09-19 04:23:27,009 [Thread-2441] INFO  impl.FollowerState (FollowerState.java:run(106)) - 329dc1ff-c881-4588-b3df-3d5ae8e04650:group-DC2D094CE6E3 changes to CANDIDATE, lastRpcTime:5171, electionTimeout:5171ms
2019-09-19 04:23:27,009 [Thread-2441] INFO  impl.RoleInfo (RoleInfo.java:shutdownFollowerState(121)) - 329dc1ff-c881-4588-b3df-3d5ae8e04650: shutdown FollowerState
2019-09-19 04:23:27,010 [Thread-2441] INFO  impl.RaftServerImpl (RaftServerImpl.java:setRole(171)) - 329dc1ff-c881-4588-b3df-3d5ae8e04650:group-DC2D094CE6E3 changes role from FOLLOWER to CANDIDATE at term 0 for changeToCandidate
2019-09-19 04:23:27,010 [Thread-2441] INFO  impl.RoleInfo (RoleInfo.java:updateAndGet(143)) - 329dc1ff-c881-4588-b3df-3d5ae8e04650: start LeaderElection
2019-09-19 04:23:27,127 [329dc1ff-c881-4588-b3df-3d5ae8e04650:group-DC2D094CE6E3:LeaderElection58] INFO  impl.LeaderElection (LeaderElection.java:askForVotes(181)) - 329dc1ff-c881-4588-b3df-3d5ae8e04650:group-DC2D094CE6E3:LeaderElection58: begin an election at term 1 for -1: [329dc1ff-c881-4588-b3df-3d5ae8e04650:192.168.34.50:42707], old=null
2019-09-19 04:23:27,127 [329dc1ff-c881-4588-b3df-3d5ae8e04650:group-DC2D094CE6E3:LeaderElection58] INFO  impl.RoleInfo (RoleInfo.java:shutdownLeaderElection(134)) - 329dc1ff-c881-4588-b3df-3d5ae8e04650: shutdown LeaderElection
2019-09-19 04:23:27,127 [329dc1ff-c881-4588-b3df-3d5ae8e04650:group-DC2D094CE6E3:LeaderElection58] INFO  impl.RaftServerImpl (RaftServerImpl.java:setRole(171)) - 329dc1ff-c881-4588-b3df-3d5ae8e04650:group-DC2D094CE6E3 changes role from CANDIDATE to LEADER at term 1 for changeToLeader
2019-09-19 04:23:27,127 [329dc1ff-c881-4588-b3df-3d5ae8e04650:group-DC2D094CE6E3:LeaderElection58] INFO  impl.RaftServerImpl (ServerState.java:setLeader(263)) - 329dc1ff-c881-4588-b3df-3d5ae8e04650:group-DC2D094CE6E3 change Leader from null to 329dc1ff-c881-4588-b3df-3d5ae8e04650 at term 1 for becomeLeader, leader elected after 5293ms
2019-09-19 04:23:27,128 [329dc1ff-c881-4588-b3df-3d5ae8e04650:group-DC2D094CE6E3:LeaderElection58] INFO  server.RaftServerConfigKeys (ConfUtils.java:logGet(43)) - raft.server.staging.catchup.gap = 1000 (default)
2019-09-19 04:23:27,128 [329dc1ff-c881-4588-b3df-3d5ae8e04650:group-DC2D094CE6E3:LeaderElection58] INFO  server.RaftServerConfigKeys (ConfUtils.java:logGet(43)) - raft.server.rpc.sleep.time = 25ms (default)
2019-09-19 04:23:27,128 [329dc1ff-c881-4588-b3df-3d5ae8e04650:group-DC2D094CE6E3:LeaderElection58] INFO  server.RaftServerConfigKeys (ConfUtils.java:logGet(43)) - raft.server.write.element-limit = 4096 (default)
2019-09-19 04:23:27,128 [329dc1ff-c881-4588-b3df-3d5ae8e04650:group-DC2D094CE6E3:LeaderElection58] INFO  server.RaftServerConfigKeys (ConfUtils.java:logGet(43)) - raft.server.watch.timeout = 10s (default)
2019-09-19 04:23:27,128 [329dc1ff-c881-4588-b3df-3d5ae8e04650:group-DC2D094CE6E3:LeaderElection58] INFO  server.RaftServerConfigKeys (ConfUtils.java:logGet(43)) - raft.server.watch.timeout.denomination = 1s (default)
2019-09-19 04:23:27,128 [329dc1ff-c881-4588-b3df-3d5ae8e04650:group-DC2D094CE6E3:LeaderElection58] INFO  server.RaftServerConfigKeys (ConfUtils.java:logGet(43)) - raft.server.watch.element-limit = 65536 (default)
2019-09-19 04:23:27,129 [329dc1ff-c881-4588-b3df-3d5ae8e04650:group-DC2D094CE6E3:LeaderElection58] INFO  impl.RoleInfo (RoleInfo.java:updateAndGet(143)) - 329dc1ff-c881-4588-b3df-3d5ae8e04650: start LeaderState
2019-09-19 04:23:27,129 [329dc1ff-c881-4588-b3df-3d5ae8e04650:group-DC2D094CE6E3:LeaderElection58] INFO  segmented.SegmentedRaftLogWorker (SegmentedRaftLogWorker.java:startLogSegment(380)) - 329dc1ff-c881-4588-b3df-3d5ae8e04650-SegmentedRaftLogWorker:Storage Directory /workdir/hadoop-ozone/integration-test/target/test-dir/MiniOzoneClusterImpl-e123b5d3-93ec-41f3-af3c-77b483f7a668/datanode-6/data/ratis/0e9faacc-11dd-4dbf-b799-dc2d094ce6e3: Starting segment from index:0
2019-09-19 04:23:27,129 [329dc1ff-c881-4588-b3df-3d5ae8e04650:group-DC2D094CE6E3:LeaderElection58] INFO  impl.RaftServerImpl (ServerState.java:setRaftConf(361)) - 329dc1ff-c881-4588-b3df-3d5ae8e04650:group-DC2D094CE6E3 set configuration 0: [329dc1ff-c881-4588-b3df-3d5ae8e04650:192.168.34.50:42707], old=null at 0
2019-09-19 04:23:27,174 | INFO  | SCMAudit | user=jenkins1000 | ip=192.168.34.50 | op=SEND_HEARTBEAT {datanodeUUID=c0af3f51-56af-4005-a4bd-c9ee92b8ec18, command=[]} | ret=SUCCESS |  
2019-09-19 04:23:27,227 [329dc1ff-c881-4588-b3df-3d5ae8e04650-SegmentedRaftLogWorker:Storage Directory /workdir/hadoop-ozone/integration-test/target/test-dir/MiniOzoneClusterImpl-e123b5d3-93ec-41f3-af3c-77b483f7a668/datanode-6/data/ratis/0e9faacc-11dd-4dbf-b799-dc2d094ce6e3] INFO  segmented.SegmentedRaftLogWorker (SegmentedRaftLogWorker.java:execute(569)) - 329dc1ff-c881-4588-b3df-3d5ae8e04650-SegmentedRaftLogWorker:Storage Directory /workdir/hadoop-ozone/integration-test/target/test-dir/MiniOzoneClusterImpl-e123b5d3-93ec-41f3-af3c-77b483f7a668/datanode-6/data/ratis/0e9faacc-11dd-4dbf-b799-dc2d094ce6e3: created new log segment /workdir/hadoop-ozone/integration-test/target/test-dir/MiniOzoneClusterImpl-e123b5d3-93ec-41f3-af3c-77b483f7a668/datanode-6/data/ratis/0e9faacc-11dd-4dbf-b799-dc2d094ce6e3/current/log_inprogress_0
2019-09-19 04:23:27,311 | INFO  | SCMAudit | user=jenkins1000 | ip=192.168.34.50 | op=SEND_HEARTBEAT {datanodeUUID=2f180d65-4c25-42b6-a7d0-065130742e7a, command=[]} | ret=SUCCESS |  
2019-09-19 04:23:27,367 | INFO  | DNAudit | user=null | ip=null | op=CREATE_CONTAINER {containerID=1, containerType=KeyValueContainer} | ret=SUCCESS |  
2019-09-19 04:23:27,375 | INFO  | SCMAudit | user=jenkins1000 | ip=192.168.34.50 | op=SEND_HEARTBEAT {datanodeUUID=2f180d65-4c25-42b6-a7d0-065130742e7a, command=[]} | ret=SUCCESS |  
2019-09-19 04:23:27,376 [grpc-default-executor-6] INFO  client.GrpcClientProtocolClient (GrpcClientProtocolClient.java:onNext(255)) - client-D2ED04262E5E->2f180d65-4c25-42b6-a7d0-065130742e7a: receive RaftClientReply:client-D2ED04262E5E->2f180d65-4c25-42b6-a7d0-065130742e7a@group-25CB5C4EC9B3, cid=102, SUCCESS, logIndex=1, commits[2f180d65-4c25-42b6-a7d0-065130742e7a:c2, 8da68b5e-6b12-4c66-b560-7bfe69901e90:c1, 1f599ffa-6388-40ea-bded-39dbd74e4d02:c1]
2019-09-19 04:23:27,377 [main] INFO  datanode.ObjectStoreHandler (ObjectStoreHandler.java:close(155)) - Closing ObjectStoreHandler.
2019-09-19 04:23:27,378 [main] INFO  ozone.HddsDatanodeService (HddsDatanodeService.java:stop(451)) - Stopped plug-in org.apache.hadoop.ozone.web.OzoneHddsDatanodeService@45ea6c24
2019-09-19 04:23:27,416 | INFO  | SCMAudit | user=jenkins1000 | ip=192.168.34.50 | op=SEND_HEARTBEAT {datanodeUUID=012d9a91-6350-442f-966e-df3b04b68d55, command=[]} | ret=SUCCESS |  
2019-09-19 04:23:27,479 | INFO  | DNAudit | user=null | ip=null | op=CREATE_CONTAINER {containerID=1, containerType=KeyValueContainer} | ret=SUCCESS |  
2019-09-19 04:23:27,480 | INFO  | SCMAudit | user=jenkins1000 | ip=192.168.34.50 | op=SEND_HEARTBEAT {datanodeUUID=8da68b5e-6b12-4c66-b560-7bfe69901e90, command=[]} | ret=SUCCESS |  
2019-09-19 04:23:27,509 | INFO  | DNAudit | user=null | ip=null | op=CREATE_CONTAINER {containerID=1, containerType=KeyValueContainer} | ret=SUCCESS |  
2019-09-19 04:23:27,510 | INFO  | SCMAudit | user=jenkins1000 | ip=192.168.34.50 | op=SEND_HEARTBEAT {datanodeUUID=1f599ffa-6388-40ea-bded-39dbd74e4d02, command=[]} | ret=SUCCESS |  
2019-09-19 04:23:27,640 | INFO  | SCMAudit | user=jenkins1000 | ip=192.168.34.50 | op=SEND_HEARTBEAT {datanodeUUID=329dc1ff-c881-4588-b3df-3d5ae8e04650, command=[]} | ret=SUCCESS |  
2019-09-19 04:23:27,956 | INFO  | SCMAudit | user=jenkins1000 | ip=192.168.34.50 | op=SEND_HEARTBEAT {datanodeUUID=051ac7b8-8cbd-4108-aae8-c2637ffaecd2, command=[]} | ret=SUCCESS |  
2019-09-19 04:23:28,175 | INFO  | SCMAudit | user=jenkins1000 | ip=192.168.34.50 | op=SEND_HEARTBEAT {datanodeUUID=c0af3f51-56af-4005-a4bd-c9ee92b8ec18, command=[]} | ret=SUCCESS |  
2019-09-19 04:23:28,364 [Datanode State Machine Thread - 0] INFO  statemachine.DatanodeStateMachine (DatanodeStateMachine.java:lambda$startDaemon$0(356)) - Ozone container server started.
2019-09-19 04:23:28,415 | INFO  | SCMAudit | user=jenkins1000 | ip=192.168.34.50 | op=SEND_HEARTBEAT {datanodeUUID=012d9a91-6350-442f-966e-df3b04b68d55, command=[]} | ret=SUCCESS |  
2019-09-19 04:23:28,480 | INFO  | SCMAudit | user=jenkins1000 | ip=192.168.34.50 | op=SEND_HEARTBEAT {datanodeUUID=8da68b5e-6b12-4c66-b560-7bfe69901e90, command=[]} | ret=SUCCESS |  
2019-09-19 04:23:28,510 | INFO  | SCMAudit | user=jenkins1000 | ip=192.168.34.50 | op=SEND_HEARTBEAT {datanodeUUID=1f599ffa-6388-40ea-bded-39dbd74e4d02, command=[]} | ret=SUCCESS |  
2019-09-19 04:23:28,640 | INFO  | SCMAudit | user=jenkins1000 | ip=192.168.34.50 | op=SEND_HEARTBEAT {datanodeUUID=329dc1ff-c881-4588-b3df-3d5ae8e04650, command=[]} | ret=SUCCESS |  
2019-09-19 04:23:28,955 | INFO  | SCMAudit | user=jenkins1000 | ip=192.168.34.50 | op=SEND_HEARTBEAT {datanodeUUID=051ac7b8-8cbd-4108-aae8-c2637ffaecd2, command=[]} | ret=SUCCESS |  
2019-09-19 04:23:29,175 | INFO  | SCMAudit | user=jenkins1000 | ip=192.168.34.50 | op=SEND_HEARTBEAT {datanodeUUID=c0af3f51-56af-4005-a4bd-c9ee92b8ec18, command=[]} | ret=SUCCESS |  
2019-09-19 04:23:29,415 | INFO  | SCMAudit | user=jenkins1000 | ip=192.168.34.50 | op=SEND_HEARTBEAT {datanodeUUID=012d9a91-6350-442f-966e-df3b04b68d55, command=[]} | ret=SUCCESS |  
2019-09-19 04:23:29,480 | INFO  | SCMAudit | user=jenkins1000 | ip=192.168.34.50 | op=SEND_HEARTBEAT {datanodeUUID=8da68b5e-6b12-4c66-b560-7bfe69901e90, command=[]} | ret=SUCCESS |  
2019-09-19 04:23:29,511 | INFO  | SCMAudit | user=jenkins1000 | ip=192.168.34.50 | op=SEND_HEARTBEAT {datanodeUUID=1f599ffa-6388-40ea-bded-39dbd74e4d02, command=[]} | ret=SUCCESS |  
2019-09-19 04:23:29,641 | INFO  | SCMAudit | user=jenkins1000 | ip=192.168.34.50 | op=SEND_HEARTBEAT {datanodeUUID=329dc1ff-c881-4588-b3df-3d5ae8e04650, command=[]} | ret=SUCCESS |  
2019-09-19 04:23:29,956 | INFO  | SCMAudit | user=jenkins1000 | ip=192.168.34.50 | op=SEND_HEARTBEAT {datanodeUUID=051ac7b8-8cbd-4108-aae8-c2637ffaecd2, command=[]} | ret=SUCCESS |  
2019-09-19 04:23:30,175 | INFO  | SCMAudit | user=jenkins1000 | ip=192.168.34.50 | op=SEND_HEARTBEAT {datanodeUUID=c0af3f51-56af-4005-a4bd-c9ee92b8ec18, command=[]} | ret=SUCCESS |  
2019-09-19 04:23:30,416 | INFO  | SCMAudit | user=jenkins1000 | ip=192.168.34.50 | op=SEND_HEARTBEAT {datanodeUUID=012d9a91-6350-442f-966e-df3b04b68d55, command=[]} | ret=SUCCESS |  
2019-09-19 04:23:30,480 | INFO  | SCMAudit | user=jenkins1000 | ip=192.168.34.50 | op=SEND_HEARTBEAT {datanodeUUID=8da68b5e-6b12-4c66-b560-7bfe69901e90, command=[]} | ret=SUCCESS |  
2019-09-19 04:23:30,511 | INFO  | SCMAudit | user=jenkins1000 | ip=192.168.34.50 | op=SEND_HEARTBEAT {datanodeUUID=1f599ffa-6388-40ea-bded-39dbd74e4d02, command=[]} | ret=SUCCESS |  
2019-09-19 04:23:30,640 | INFO  | SCMAudit | user=jenkins1000 | ip=192.168.34.50 | op=SEND_HEARTBEAT {datanodeUUID=329dc1ff-c881-4588-b3df-3d5ae8e04650, command=[]} | ret=SUCCESS |  
2019-09-19 04:23:30,956 | INFO  | SCMAudit | user=jenkins1000 | ip=192.168.34.50 | op=SEND_HEARTBEAT {datanodeUUID=051ac7b8-8cbd-4108-aae8-c2637ffaecd2, command=[]} | ret=SUCCESS |  
2019-09-19 04:23:31,175 | INFO  | SCMAudit | user=jenkins1000 | ip=192.168.34.50 | op=SEND_HEARTBEAT {datanodeUUID=c0af3f51-56af-4005-a4bd-c9ee92b8ec18, command=[]} | ret=SUCCESS |  
2019-09-19 04:23:31,415 | INFO  | SCMAudit | user=jenkins1000 | ip=192.168.34.50 | op=SEND_HEARTBEAT {datanodeUUID=012d9a91-6350-442f-966e-df3b04b68d55, command=[]} | ret=SUCCESS |  
2019-09-19 04:23:31,480 | INFO  | SCMAudit | user=jenkins1000 | ip=192.168.34.50 | op=SEND_HEARTBEAT {datanodeUUID=8da68b5e-6b12-4c66-b560-7bfe69901e90, command=[]} | ret=SUCCESS |  
2019-09-19 04:23:31,511 | INFO  | SCMAudit | user=jenkins1000 | ip=192.168.34.50 | op=SEND_HEARTBEAT {datanodeUUID=1f599ffa-6388-40ea-bded-39dbd74e4d02, command=[]} | ret=SUCCESS |  
2019-09-19 04:23:31,641 | INFO  | SCMAudit | user=jenkins1000 | ip=192.168.34.50 | op=SEND_HEARTBEAT {datanodeUUID=329dc1ff-c881-4588-b3df-3d5ae8e04650, command=[]} | ret=SUCCESS |  
2019-09-19 04:23:31,956 | INFO  | SCMAudit | user=jenkins1000 | ip=192.168.34.50 | op=SEND_HEARTBEAT {datanodeUUID=051ac7b8-8cbd-4108-aae8-c2637ffaecd2, command=[]} | ret=SUCCESS |  
2019-09-19 04:23:32,176 | INFO  | SCMAudit | user=jenkins1000 | ip=192.168.34.50 | op=SEND_HEARTBEAT {datanodeUUID=c0af3f51-56af-4005-a4bd-c9ee92b8ec18, command=[]} | ret=SUCCESS |  
2019-09-19 04:23:32,379 [main] INFO  ozoneimpl.OzoneContainer (OzoneContainer.java:stop(199)) - Attempting to stop container services.
2019-09-19 04:23:32,379 [main] INFO  impl.RaftServerProxy (RaftServerProxy.java:lambda$close$4(314)) - 2f180d65-4c25-42b6-a7d0-065130742e7a: close
2019-09-19 04:23:32,380 [main] INFO  impl.RaftServerImpl (RaftServerImpl.java:lambda$shutdown$3(245)) - 2f180d65-4c25-42b6-a7d0-065130742e7a: shutdown group-25CB5C4EC9B3
2019-09-19 04:23:32,380 [ForkJoinPool.commonPool-worker-0] INFO  impl.RaftServerImpl (RaftServerImpl.java:lambda$shutdown$3(245)) - 2f180d65-4c25-42b6-a7d0-065130742e7a: shutdown group-CDBA29885C3D
2019-09-19 04:23:32,380 [main] INFO  util.JmxRegister (JmxRegister.java:unregister(73)) - Successfully un-registered JMX Bean with object name Ratis:service=RaftServer,group=group-25CB5C4EC9B3,id=2f180d65-4c25-42b6-a7d0-065130742e7a
2019-09-19 04:23:32,380 [ForkJoinPool.commonPool-worker-0] INFO  util.JmxRegister (JmxRegister.java:unregister(73)) - Successfully un-registered JMX Bean with object name Ratis:service=RaftServer,group=group-CDBA29885C3D,id=2f180d65-4c25-42b6-a7d0-065130742e7a
2019-09-19 04:23:32,381 [main] INFO  impl.RoleInfo (RoleInfo.java:shutdownLeaderState(104)) - 2f180d65-4c25-42b6-a7d0-065130742e7a: shutdown LeaderState
2019-09-19 04:23:32,381 [ForkJoinPool.commonPool-worker-0] INFO  impl.RoleInfo (RoleInfo.java:shutdownLeaderState(104)) - 2f180d65-4c25-42b6-a7d0-065130742e7a: shutdown LeaderState
2019-09-19 04:23:32,388 [main] INFO  impl.PendingRequests (PendingRequests.java:sendNotLeaderResponses(202)) - 2f180d65-4c25-42b6-a7d0-065130742e7a-PendingRequests: sendNotLeaderResponses
2019-09-19 04:23:32,388 [ForkJoinPool.commonPool-worker-0] INFO  impl.PendingRequests (PendingRequests.java:sendNotLeaderResponses(202)) - 2f180d65-4c25-42b6-a7d0-065130742e7a-PendingRequests: sendNotLeaderResponses
2019-09-19 04:23:32,388 [org.apache.ratis.server.impl.LogAppender$AppenderDaemon$$Lambda$457/1232685494@51103842] WARN  server.GrpcLogAppender (GrpcLogAppender.java:mayWait(143)) - GrpcLogAppender(2f180d65-4c25-42b6-a7d0-065130742e7a->8da68b5e-6b12-4c66-b560-7bfe69901e90): Wait interrupted by java.lang.InterruptedException
2019-09-19 04:23:32,403 [main] INFO  impl.StateMachineUpdater (StateMachineUpdater.java:stopAndJoin(115)) - StateMachineUpdater:2f180d65-4c25-42b6-a7d0-065130742e7a:group-25CB5C4EC9B3: set stopIndex = 2
2019-09-19 04:23:32,388 [org.apache.ratis.server.impl.LogAppender$AppenderDaemon$$Lambda$457/1232685494@1412ac04] WARN  server.GrpcLogAppender (GrpcLogAppender.java:mayWait(143)) - GrpcLogAppender(2f180d65-4c25-42b6-a7d0-065130742e7a->1f599ffa-6388-40ea-bded-39dbd74e4d02): Wait interrupted by java.lang.InterruptedException
2019-09-19 04:23:32,403 [grpc-default-executor-1] INFO  server.GrpcServerProtocolService (GrpcServerProtocolService.java:onCompleted(104)) - 8da68b5e-6b12-4c66-b560-7bfe69901e90: appendEntries completed
2019-09-19 04:23:32,403 [StateMachineUpdater:2f180d65-4c25-42b6-a7d0-065130742e7a:group-25CB5C4EC9B3] INFO  ratis.ContainerStateMachine (ContainerStateMachine.java:takeSnapshot(283)) - group-25CB5C4EC9B3: Taking a snapshot at:(t:1, i:2) file /workdir/hadoop-ozone/integration-test/target/test-dir/MiniOzoneClusterImpl-e123b5d3-93ec-41f3-af3c-77b483f7a668/datanode-0/data/ratis/43636421-7305-4aae-a378-25cb5c4ec9b3/sm/snapshot.1_2
2019-09-19 04:23:32,400 [ForkJoinPool.commonPool-worker-0] INFO  impl.StateMachineUpdater (StateMachineUpdater.java:stopAndJoin(115)) - StateMachineUpdater:2f180d65-4c25-42b6-a7d0-065130742e7a:group-CDBA29885C3D: set stopIndex = 0
2019-09-19 04:23:32,404 [grpc-default-executor-6] INFO  server.GrpcLogAppender (GrpcLogAppender.java:onCompleted(292)) - 2f180d65-4c25-42b6-a7d0-065130742e7a->8da68b5e-6b12-4c66-b560-7bfe69901e90: follower responses appendEntries COMPLETED
2019-09-19 04:23:32,404 [grpc-default-executor-1] INFO  server.GrpcServerProtocolService (GrpcServerProtocolService.java:onCompleted(104)) - 1f599ffa-6388-40ea-bded-39dbd74e4d02: appendEntries completed
2019-09-19 04:23:32,404 [grpc-default-executor-6] INFO  impl.FollowerInfo (FollowerInfo.java:lambda$new$0(50)) - 2f180d65-4c25-42b6-a7d0-065130742e7a->8da68b5e-6b12-4c66-b560-7bfe69901e90: nextIndex: updateUnconditionally 3 -> 2
2019-09-19 04:23:32,404 [ForkJoinPool.commonPool-worker-0] INFO  impl.RaftServerImpl (ServerState.java:close(394)) - 2f180d65-4c25-42b6-a7d0-065130742e7a:group-CDBA29885C3D closes. The last applied log index is 0
2019-09-19 04:23:32,405 [grpc-default-executor-6] INFO  server.GrpcLogAppender (GrpcLogAppender.java:onCompleted(292)) - 2f180d65-4c25-42b6-a7d0-065130742e7a->1f599ffa-6388-40ea-bded-39dbd74e4d02: follower responses appendEntries COMPLETED
2019-09-19 04:23:32,405 [2f180d65-4c25-42b6-a7d0-065130742e7a-SegmentedRaftLogWorker:Storage Directory /workdir/hadoop-ozone/integration-test/target/test-dir/MiniOzoneClusterImpl-e123b5d3-93ec-41f3-af3c-77b483f7a668/datanode-0/data/ratis/90459a1c-6e0a-4b78-942f-cdba29885c3d] INFO  segmented.SegmentedRaftLogWorker (SegmentedRaftLogWorker.java:run(313)) - 2f180d65-4c25-42b6-a7d0-065130742e7a-SegmentedRaftLogWorker:Storage Directory /workdir/hadoop-ozone/integration-test/target/test-dir/MiniOzoneClusterImpl-e123b5d3-93ec-41f3-af3c-77b483f7a668/datanode-0/data/ratis/90459a1c-6e0a-4b78-942f-cdba29885c3d was interrupted, exiting. There are 0 tasks remaining in the queue.
2019-09-19 04:23:32,405 [grpc-default-executor-6] INFO  impl.FollowerInfo (FollowerInfo.java:lambda$new$0(50)) - 2f180d65-4c25-42b6-a7d0-065130742e7a->1f599ffa-6388-40ea-bded-39dbd74e4d02: nextIndex: updateUnconditionally 3 -> 2
2019-09-19 04:23:32,415 | INFO  | SCMAudit | user=jenkins1000 | ip=192.168.34.50 | op=SEND_HEARTBEAT {datanodeUUID=012d9a91-6350-442f-966e-df3b04b68d55, command=[]} | ret=SUCCESS |  
2019-09-19 04:23:32,449 [ForkJoinPool.commonPool-worker-0] INFO  segmented.SegmentedRaftLogWorker (SegmentedRaftLogWorker.java:close(228)) - 2f180d65-4c25-42b6-a7d0-065130742e7a-SegmentedRaftLogWorker:Storage Directory /workdir/hadoop-ozone/integration-test/target/test-dir/MiniOzoneClusterImpl-e123b5d3-93ec-41f3-af3c-77b483f7a668/datanode-0/data/ratis/90459a1c-6e0a-4b78-942f-cdba29885c3d close()
2019-09-19 04:23:32,472 [StateMachineUpdater:2f180d65-4c25-42b6-a7d0-065130742e7a:group-25CB5C4EC9B3] INFO  ratis.ContainerStateMachine (ContainerStateMachine.java:takeSnapshot(294)) - group-25CB5C4EC9B3: Finished taking a snapshot at:(t:1, i:2) file:/workdir/hadoop-ozone/integration-test/target/test-dir/MiniOzoneClusterImpl-e123b5d3-93ec-41f3-af3c-77b483f7a668/datanode-0/data/ratis/43636421-7305-4aae-a378-25cb5c4ec9b3/sm/snapshot.1_2 time:69
2019-09-19 04:23:32,472 [StateMachineUpdater:2f180d65-4c25-42b6-a7d0-065130742e7a:group-25CB5C4EC9B3] INFO  impl.StateMachineUpdater (StateMachineUpdater.java:takeSnapshot(242)) - StateMachineUpdater:2f180d65-4c25-42b6-a7d0-065130742e7a:group-25CB5C4EC9B3: Took a snapshot at index 2
2019-09-19 04:23:32,472 [StateMachineUpdater:2f180d65-4c25-42b6-a7d0-065130742e7a:group-25CB5C4EC9B3] INFO  impl.StateMachineUpdater (StateMachineUpdater.java:lambda$new$0(80)) - StateMachineUpdater:2f180d65-4c25-42b6-a7d0-065130742e7a:group-25CB5C4EC9B3: snapshotIndex: updateIncreasingly -1 -> 2
2019-09-19 04:23:32,473 [main] INFO  impl.RaftServerImpl (ServerState.java:close(394)) - 2f180d65-4c25-42b6-a7d0-065130742e7a:group-25CB5C4EC9B3 closes. The last applied log index is 2
2019-09-19 04:23:32,473 [2f180d65-4c25-42b6-a7d0-065130742e7a-SegmentedRaftLogWorker:Storage Directory /workdir/hadoop-ozone/integration-test/target/test-dir/MiniOzoneClusterImpl-e123b5d3-93ec-41f3-af3c-77b483f7a668/datanode-0/data/ratis/43636421-7305-4aae-a378-25cb5c4ec9b3] INFO  segmented.SegmentedRaftLogWorker (SegmentedRaftLogWorker.java:run(313)) - 2f180d65-4c25-42b6-a7d0-065130742e7a-SegmentedRaftLogWorker:Storage Directory /workdir/hadoop-ozone/integration-test/target/test-dir/MiniOzoneClusterImpl-e123b5d3-93ec-41f3-af3c-77b483f7a668/datanode-0/data/ratis/43636421-7305-4aae-a378-25cb5c4ec9b3 was interrupted, exiting. There are 0 tasks remaining in the queue.
2019-09-19 04:23:32,474 [main] INFO  segmented.SegmentedRaftLogWorker (SegmentedRaftLogWorker.java:close(228)) - 2f180d65-4c25-42b6-a7d0-065130742e7a-SegmentedRaftLogWorker:Storage Directory /workdir/hadoop-ozone/integration-test/target/test-dir/MiniOzoneClusterImpl-e123b5d3-93ec-41f3-af3c-77b483f7a668/datanode-0/data/ratis/43636421-7305-4aae-a378-25cb5c4ec9b3 close()
2019-09-19 04:23:32,476 [main] INFO  server.GrpcService (GrpcService.java:closeImpl(155)) - 2f180d65-4c25-42b6-a7d0-065130742e7a: shutdown server with port 36459 now
2019-09-19 04:23:32,477 [main] INFO  server.GrpcService (GrpcService.java:closeImpl(163)) - 2f180d65-4c25-42b6-a7d0-065130742e7a: shutdown server with port 36459 successfully
2019-09-19 04:23:32,481 | INFO  | SCMAudit | user=jenkins1000 | ip=192.168.34.50 | op=SEND_HEARTBEAT {datanodeUUID=8da68b5e-6b12-4c66-b560-7bfe69901e90, command=[]} | ret=SUCCESS |  
2019-09-19 04:23:32,481 [main] INFO  utils.BackgroundService (BackgroundService.java:shutdown(148)) - Shutting down service BlockDeletingService
2019-09-19 04:23:32,483 [refreshUsed-/workdir/hadoop-ozone/integration-test/target/test-dir/MiniOzoneClusterImpl-e123b5d3-93ec-41f3-af3c-77b483f7a668/datanode-0/data/containers] WARN  fs.CachingGetSpaceUsed (CachingGetSpaceUsed.java:run(183)) - Thread Interrupted waiting to refresh disk information: sleep interrupted
2019-09-19 04:23:32,505 [main] INFO  statemachine.DatanodeStateMachine (DatanodeStateMachine.java:stopDaemon(401)) - Ozone container server stopped.
2019-09-19 04:23:32,506 [main] INFO  handler.ContextHandler (ContextHandler.java:doStop(910)) - Stopped o.e.j.w.WebAppContext@1ead6e20{/,null,UNAVAILABLE}{/hddsDatanode}
2019-09-19 04:23:32,507 [main] INFO  server.AbstractConnector (AbstractConnector.java:doStop(318)) - Stopped ServerConnector@59f56892{HTTP/1.1,[http/1.1]}{0.0.0.0:0}
2019-09-19 04:23:32,507 [main] INFO  handler.ContextHandler (ContextHandler.java:doStop(910)) - Stopped o.e.j.s.ServletContextHandler@18a538a0{/static,jar:file:/home/user/.m2/repository/org/apache/hadoop/hadoop-hdds-container-service/0.5.0-SNAPSHOT/hadoop-hdds-container-service-0.5.0-SNAPSHOT.jar!/webapps/static,UNAVAILABLE}
2019-09-19 04:23:32,507 [main] INFO  handler.ContextHandler (ContextHandler.java:doStop(910)) - Stopped o.e.j.s.ServletContextHandler@67c1fc9b{/logs,file:///workdir/hadoop-ozone/integration-test/target/log,UNAVAILABLE}
2019-09-19 04:23:32,512 | INFO  | SCMAudit | user=jenkins1000 | ip=192.168.34.50 | op=SEND_HEARTBEAT {datanodeUUID=1f599ffa-6388-40ea-bded-39dbd74e4d02, command=[]} | ret=SUCCESS |  
2019-09-19 04:23:32,641 | INFO  | SCMAudit | user=jenkins1000 | ip=192.168.34.50 | op=SEND_HEARTBEAT {datanodeUUID=329dc1ff-c881-4588-b3df-3d5ae8e04650, command=[]} | ret=SUCCESS |  
2019-09-19 04:23:32,957 | INFO  | SCMAudit | user=jenkins1000 | ip=192.168.34.50 | op=SEND_HEARTBEAT {datanodeUUID=051ac7b8-8cbd-4108-aae8-c2637ffaecd2, command=[]} | ret=SUCCESS |  
2019-09-19 04:23:33,176 | INFO  | SCMAudit | user=jenkins1000 | ip=192.168.34.50 | op=SEND_HEARTBEAT {datanodeUUID=c0af3f51-56af-4005-a4bd-c9ee92b8ec18, command=[]} | ret=SUCCESS |  
2019-09-19 04:23:33,416 | INFO  | SCMAudit | user=jenkins1000 | ip=192.168.34.50 | op=SEND_HEARTBEAT {datanodeUUID=012d9a91-6350-442f-966e-df3b04b68d55, command=[]} | ret=SUCCESS |  
2019-09-19 04:23:33,481 | INFO  | SCMAudit | user=jenkins1000 | ip=192.168.34.50 | op=SEND_HEARTBEAT {datanodeUUID=8da68b5e-6b12-4c66-b560-7bfe69901e90, command=[]} | ret=SUCCESS |  
2019-09-19 04:23:33,511 | INFO  | SCMAudit | user=jenkins1000 | ip=192.168.34.50 | op=SEND_HEARTBEAT {datanodeUUID=1f599ffa-6388-40ea-bded-39dbd74e4d02, command=[]} | ret=SUCCESS |  
2019-09-19 04:23:33,641 | INFO  | SCMAudit | user=jenkins1000 | ip=192.168.34.50 | op=SEND_HEARTBEAT {datanodeUUID=329dc1ff-c881-4588-b3df-3d5ae8e04650, command=[]} | ret=SUCCESS |  
2019-09-19 04:23:33,957 | INFO  | SCMAudit | user=jenkins1000 | ip=192.168.34.50 | op=SEND_HEARTBEAT {datanodeUUID=051ac7b8-8cbd-4108-aae8-c2637ffaecd2, command=[]} | ret=SUCCESS |  
2019-09-19 04:23:34,175 | INFO  | SCMAudit | user=jenkins1000 | ip=192.168.34.50 | op=SEND_HEARTBEAT {datanodeUUID=c0af3f51-56af-4005-a4bd-c9ee92b8ec18, command=[]} | ret=SUCCESS |  
2019-09-19 04:23:34,416 | INFO  | SCMAudit | user=jenkins1000 | ip=192.168.34.50 | op=SEND_HEARTBEAT {datanodeUUID=012d9a91-6350-442f-966e-df3b04b68d55, command=[]} | ret=SUCCESS |  
2019-09-19 04:23:34,481 | INFO  | SCMAudit | user=jenkins1000 | ip=192.168.34.50 | op=SEND_HEARTBEAT {datanodeUUID=8da68b5e-6b12-4c66-b560-7bfe69901e90, command=[]} | ret=SUCCESS |  
2019-09-19 04:23:34,511 | INFO  | SCMAudit | user=jenkins1000 | ip=192.168.34.50 | op=SEND_HEARTBEAT {datanodeUUID=1f599ffa-6388-40ea-bded-39dbd74e4d02, command=[]} | ret=SUCCESS |  
2019-09-19 04:23:34,526 [grpc-default-executor-6] INFO  client.GrpcClientProtocolClient (GrpcClientProtocolClient.java:onNext(255)) - client-D2ED04262E5E->1f599ffa-6388-40ea-bded-39dbd74e4d02: receive RaftClientReply:client-D2ED04262E5E->1f599ffa-6388-40ea-bded-39dbd74e4d02@group-25CB5C4EC9B3, cid=103, FAILED org.apache.ratis.protocol.NotLeaderException: Server 1f599ffa-6388-40ea-bded-39dbd74e4d02 is not the leader (2f180d65-4c25-42b6-a7d0-065130742e7a:192.168.34.50:36459). Request must be sent to leader., logIndex=0, commits[1f599ffa-6388-40ea-bded-39dbd74e4d02:c2, 8da68b5e-6b12-4c66-b560-7bfe69901e90:c2, 2f180d65-4c25-42b6-a7d0-065130742e7a:c2]
2019-09-19 04:23:34,642 | INFO  | SCMAudit | user=jenkins1000 | ip=192.168.34.50 | op=SEND_HEARTBEAT {datanodeUUID=329dc1ff-c881-4588-b3df-3d5ae8e04650, command=[]} | ret=SUCCESS |  
2019-09-19 04:23:34,956 | INFO  | SCMAudit | user=jenkins1000 | ip=192.168.34.50 | op=SEND_HEARTBEAT {datanodeUUID=051ac7b8-8cbd-4108-aae8-c2637ffaecd2, command=[]} | ret=SUCCESS |  
2019-09-19 04:23:35,175 | INFO  | SCMAudit | user=jenkins1000 | ip=192.168.34.50 | op=SEND_HEARTBEAT {datanodeUUID=c0af3f51-56af-4005-a4bd-c9ee92b8ec18, command=[]} | ret=SUCCESS |  
2019-09-19 04:23:35,416 | INFO  | SCMAudit | user=jenkins1000 | ip=192.168.34.50 | op=SEND_HEARTBEAT {datanodeUUID=012d9a91-6350-442f-966e-df3b04b68d55, command=[]} | ret=SUCCESS |  
2019-09-19 04:23:35,480 | INFO  | SCMAudit | user=jenkins1000 | ip=192.168.34.50 | op=SEND_HEARTBEAT {datanodeUUID=8da68b5e-6b12-4c66-b560-7bfe69901e90, command=[]} | ret=SUCCESS |  
2019-09-19 04:23:35,511 | INFO  | SCMAudit | user=jenkins1000 | ip=192.168.34.50 | op=SEND_HEARTBEAT {datanodeUUID=1f599ffa-6388-40ea-bded-39dbd74e4d02, command=[]} | ret=SUCCESS |  
2019-09-19 04:23:35,540 [grpc-default-executor-3] INFO  client.GrpcClientProtocolClient (GrpcClientProtocolClient.java:onNext(255)) - client-D2ED04262E5E->1f599ffa-6388-40ea-bded-39dbd74e4d02: receive RaftClientReply:client-D2ED04262E5E->1f599ffa-6388-40ea-bded-39dbd74e4d02@group-25CB5C4EC9B3, cid=103, FAILED org.apache.ratis.protocol.NotLeaderException: Server 1f599ffa-6388-40ea-bded-39dbd74e4d02 is not the leader (2f180d65-4c25-42b6-a7d0-065130742e7a:192.168.34.50:36459). Request must be sent to leader., logIndex=0, commits[1f599ffa-6388-40ea-bded-39dbd74e4d02:c2, 8da68b5e-6b12-4c66-b560-7bfe69901e90:c2, 2f180d65-4c25-42b6-a7d0-065130742e7a:c2]
2019-09-19 04:23:35,642 | INFO  | SCMAudit | user=jenkins1000 | ip=192.168.34.50 | op=SEND_HEARTBEAT {datanodeUUID=329dc1ff-c881-4588-b3df-3d5ae8e04650, command=[]} | ret=SUCCESS |  
2019-09-19 04:23:35,956 | INFO  | SCMAudit | user=jenkins1000 | ip=192.168.34.50 | op=SEND_HEARTBEAT {datanodeUUID=051ac7b8-8cbd-4108-aae8-c2637ffaecd2, command=[]} | ret=SUCCESS |  
2019-09-19 04:23:36,175 | INFO  | SCMAudit | user=jenkins1000 | ip=192.168.34.50 | op=SEND_HEARTBEAT {datanodeUUID=c0af3f51-56af-4005-a4bd-c9ee92b8ec18, command=[]} | ret=SUCCESS |  
2019-09-19 04:23:36,416 | INFO  | SCMAudit | user=jenkins1000 | ip=192.168.34.50 | op=SEND_HEARTBEAT {datanodeUUID=012d9a91-6350-442f-966e-df3b04b68d55, command=[]} | ret=SUCCESS |  
2019-09-19 04:23:36,480 | INFO  | SCMAudit | user=jenkins1000 | ip=192.168.34.50 | op=SEND_HEARTBEAT {datanodeUUID=8da68b5e-6b12-4c66-b560-7bfe69901e90, command=[]} | ret=SUCCESS |  
2019-09-19 04:23:36,511 | INFO  | SCMAudit | user=jenkins1000 | ip=192.168.34.50 | op=SEND_HEARTBEAT {datanodeUUID=1f599ffa-6388-40ea-bded-39dbd74e4d02, command=[]} | ret=SUCCESS |  
2019-09-19 04:23:36,553 [grpc-default-executor-1] INFO  client.GrpcClientProtocolClient (GrpcClientProtocolClient.java:onNext(255)) - client-D2ED04262E5E->1f599ffa-6388-40ea-bded-39dbd74e4d02: receive RaftClientReply:client-D2ED04262E5E->1f599ffa-6388-40ea-bded-39dbd74e4d02@group-25CB5C4EC9B3, cid=103, FAILED org.apache.ratis.protocol.NotLeaderException: Server 1f599ffa-6388-40ea-bded-39dbd74e4d02 is not the leader (2f180d65-4c25-42b6-a7d0-065130742e7a:192.168.34.50:36459). Request must be sent to leader., logIndex=0, commits[1f599ffa-6388-40ea-bded-39dbd74e4d02:c2, 8da68b5e-6b12-4c66-b560-7bfe69901e90:c2, 2f180d65-4c25-42b6-a7d0-065130742e7a:c2]
2019-09-19 04:23:36,643 | INFO  | SCMAudit | user=jenkins1000 | ip=192.168.34.50 | op=SEND_HEARTBEAT {datanodeUUID=329dc1ff-c881-4588-b3df-3d5ae8e04650, command=[]} | ret=SUCCESS |  
2019-09-19 04:23:36,957 | INFO  | SCMAudit | user=jenkins1000 | ip=192.168.34.50 | op=SEND_HEARTBEAT {datanodeUUID=051ac7b8-8cbd-4108-aae8-c2637ffaecd2, command=[]} | ret=SUCCESS |  
2019-09-19 04:23:37,176 | INFO  | SCMAudit | user=jenkins1000 | ip=192.168.34.50 | op=SEND_HEARTBEAT {datanodeUUID=c0af3f51-56af-4005-a4bd-c9ee92b8ec18, command=[]} | ret=SUCCESS |  
2019-09-19 04:23:37,416 | INFO  | SCMAudit | user=jenkins1000 | ip=192.168.34.50 | op=SEND_HEARTBEAT {datanodeUUID=012d9a91-6350-442f-966e-df3b04b68d55, command=[]} | ret=SUCCESS |  
2019-09-19 04:23:37,480 | INFO  | SCMAudit | user=jenkins1000 | ip=192.168.34.50 | op=SEND_HEARTBEAT {datanodeUUID=8da68b5e-6b12-4c66-b560-7bfe69901e90, command=[]} | ret=SUCCESS |  
2019-09-19 04:23:37,511 | INFO  | SCMAudit | user=jenkins1000 | ip=192.168.34.50 | op=SEND_HEARTBEAT {datanodeUUID=1f599ffa-6388-40ea-bded-39dbd74e4d02, command=[]} | ret=SUCCESS |  
2019-09-19 04:23:37,567 [grpc-default-executor-6] INFO  client.GrpcClientProtocolClient (GrpcClientProtocolClient.java:onNext(255)) - client-D2ED04262E5E->8da68b5e-6b12-4c66-b560-7bfe69901e90: receive RaftClientReply:client-D2ED04262E5E->8da68b5e-6b12-4c66-b560-7bfe69901e90@group-25CB5C4EC9B3, cid=103, FAILED org.apache.ratis.protocol.NotLeaderException: Server 8da68b5e-6b12-4c66-b560-7bfe69901e90 is not the leader (2f180d65-4c25-42b6-a7d0-065130742e7a:192.168.34.50:36459). Request must be sent to leader., logIndex=0, commits[8da68b5e-6b12-4c66-b560-7bfe69901e90:c2, 2f180d65-4c25-42b6-a7d0-065130742e7a:c2, 1f599ffa-6388-40ea-bded-39dbd74e4d02:c2]
2019-09-19 04:23:37,643 | INFO  | SCMAudit | user=jenkins1000 | ip=192.168.34.50 | op=SEND_HEARTBEAT {datanodeUUID=329dc1ff-c881-4588-b3df-3d5ae8e04650, command=[]} | ret=SUCCESS |  
2019-09-19 04:23:37,957 | INFO  | SCMAudit | user=jenkins1000 | ip=192.168.34.50 | op=SEND_HEARTBEAT {datanodeUUID=051ac7b8-8cbd-4108-aae8-c2637ffaecd2, command=[]} | ret=SUCCESS |  
2019-09-19 04:23:38,176 | INFO  | SCMAudit | user=jenkins1000 | ip=192.168.34.50 | op=SEND_HEARTBEAT {datanodeUUID=c0af3f51-56af-4005-a4bd-c9ee92b8ec18, command=[]} | ret=SUCCESS |  
2019-09-19 04:23:38,416 | INFO  | SCMAudit | user=jenkins1000 | ip=192.168.34.50 | op=SEND_HEARTBEAT {datanodeUUID=012d9a91-6350-442f-966e-df3b04b68d55, command=[]} | ret=SUCCESS |  
2019-09-19 04:23:38,480 | INFO  | SCMAudit | user=jenkins1000 | ip=192.168.34.50 | op=SEND_HEARTBEAT {datanodeUUID=8da68b5e-6b12-4c66-b560-7bfe69901e90, command=[]} | ret=SUCCESS |  
2019-09-19 04:23:38,512 | INFO  | SCMAudit | user=jenkins1000 | ip=192.168.34.50 | op=SEND_HEARTBEAT {datanodeUUID=1f599ffa-6388-40ea-bded-39dbd74e4d02, command=[]} | ret=SUCCESS |  
2019-09-19 04:23:38,582 [grpc-default-executor-3] INFO  client.GrpcClientProtocolClient (GrpcClientProtocolClient.java:onNext(255)) - client-D2ED04262E5E->8da68b5e-6b12-4c66-b560-7bfe69901e90: receive RaftClientReply:client-D2ED04262E5E->8da68b5e-6b12-4c66-b560-7bfe69901e90@group-25CB5C4EC9B3, cid=103, FAILED org.apache.ratis.protocol.NotLeaderException: Server 8da68b5e-6b12-4c66-b560-7bfe69901e90 is not the leader (2f180d65-4c25-42b6-a7d0-065130742e7a:192.168.34.50:36459). Request must be sent to leader., logIndex=0, commits[8da68b5e-6b12-4c66-b560-7bfe69901e90:c2, 2f180d65-4c25-42b6-a7d0-065130742e7a:c2, 1f599ffa-6388-40ea-bded-39dbd74e4d02:c2]
2019-09-19 04:23:38,642 | INFO  | SCMAudit | user=jenkins1000 | ip=192.168.34.50 | op=SEND_HEARTBEAT {datanodeUUID=329dc1ff-c881-4588-b3df-3d5ae8e04650, command=[]} | ret=SUCCESS |  
2019-09-19 04:23:38,957 | INFO  | SCMAudit | user=jenkins1000 | ip=192.168.34.50 | op=SEND_HEARTBEAT {datanodeUUID=051ac7b8-8cbd-4108-aae8-c2637ffaecd2, command=[]} | ret=SUCCESS |  
2019-09-19 04:23:39,176 | INFO  | SCMAudit | user=jenkins1000 | ip=192.168.34.50 | op=SEND_HEARTBEAT {datanodeUUID=c0af3f51-56af-4005-a4bd-c9ee92b8ec18, command=[]} | ret=SUCCESS |  
2019-09-19 04:23:39,416 | INFO  | SCMAudit | user=jenkins1000 | ip=192.168.34.50 | op=SEND_HEARTBEAT {datanodeUUID=012d9a91-6350-442f-966e-df3b04b68d55, command=[]} | ret=SUCCESS |  
2019-09-19 04:23:39,480 | INFO  | SCMAudit | user=jenkins1000 | ip=192.168.34.50 | op=SEND_HEARTBEAT {datanodeUUID=8da68b5e-6b12-4c66-b560-7bfe69901e90, command=[]} | ret=SUCCESS |  
2019-09-19 04:23:39,512 | INFO  | SCMAudit | user=jenkins1000 | ip=192.168.34.50 | op=SEND_HEARTBEAT {datanodeUUID=1f599ffa-6388-40ea-bded-39dbd74e4d02, command=[]} | ret=SUCCESS |  
2019-09-19 04:23:39,594 [grpc-default-executor-6] INFO  client.GrpcClientProtocolClient (GrpcClientProtocolClient.java:onNext(255)) - client-D2ED04262E5E->8da68b5e-6b12-4c66-b560-7bfe69901e90: receive RaftClientReply:client-D2ED04262E5E->8da68b5e-6b12-4c66-b560-7bfe69901e90@group-25CB5C4EC9B3, cid=103, FAILED org.apache.ratis.protocol.NotLeaderException: Server 8da68b5e-6b12-4c66-b560-7bfe69901e90 is not the leader (2f180d65-4c25-42b6-a7d0-065130742e7a:192.168.34.50:36459). Request must be sent to leader., logIndex=0, commits[8da68b5e-6b12-4c66-b560-7bfe69901e90:c2, 2f180d65-4c25-42b6-a7d0-065130742e7a:c2, 1f599ffa-6388-40ea-bded-39dbd74e4d02:c2]
2019-09-19 04:23:39,642 | INFO  | SCMAudit | user=jenkins1000 | ip=192.168.34.50 | op=SEND_HEARTBEAT {datanodeUUID=329dc1ff-c881-4588-b3df-3d5ae8e04650, command=[]} | ret=SUCCESS |  
2019-09-19 04:23:39,958 | INFO  | SCMAudit | user=jenkins1000 | ip=192.168.34.50 | op=SEND_HEARTBEAT {datanodeUUID=051ac7b8-8cbd-4108-aae8-c2637ffaecd2, command=[]} | ret=SUCCESS |  
2019-09-19 04:23:40,176 | INFO  | SCMAudit | user=jenkins1000 | ip=192.168.34.50 | op=SEND_HEARTBEAT {datanodeUUID=c0af3f51-56af-4005-a4bd-c9ee92b8ec18, command=[]} | ret=SUCCESS |  
2019-09-19 04:23:40,417 | INFO  | SCMAudit | user=jenkins1000 | ip=192.168.34.50 | op=SEND_HEARTBEAT {datanodeUUID=012d9a91-6350-442f-966e-df3b04b68d55, command=[]} | ret=SUCCESS |  
2019-09-19 04:23:40,480 | INFO  | SCMAudit | user=jenkins1000 | ip=192.168.34.50 | op=SEND_HEARTBEAT {datanodeUUID=8da68b5e-6b12-4c66-b560-7bfe69901e90, command=[]} | ret=SUCCESS |  
2019-09-19 04:23:40,511 | INFO  | SCMAudit | user=jenkins1000 | ip=192.168.34.50 | op=SEND_HEARTBEAT {datanodeUUID=1f599ffa-6388-40ea-bded-39dbd74e4d02, command=[]} | ret=SUCCESS |  
2019-09-19 04:23:40,608 [grpc-default-executor-1] INFO  client.GrpcClientProtocolClient (GrpcClientProtocolClient.java:onNext(255)) - client-D2ED04262E5E->8da68b5e-6b12-4c66-b560-7bfe69901e90: receive RaftClientReply:client-D2ED04262E5E->8da68b5e-6b12-4c66-b560-7bfe69901e90@group-25CB5C4EC9B3, cid=103, FAILED org.apache.ratis.protocol.NotLeaderException: Server 8da68b5e-6b12-4c66-b560-7bfe69901e90 is not the leader (2f180d65-4c25-42b6-a7d0-065130742e7a:192.168.34.50:36459). Request must be sent to leader., logIndex=0, commits[8da68b5e-6b12-4c66-b560-7bfe69901e90:c2, 2f180d65-4c25-42b6-a7d0-065130742e7a:c2, 1f599ffa-6388-40ea-bded-39dbd74e4d02:c2]
2019-09-19 04:23:40,642 | INFO  | SCMAudit | user=jenkins1000 | ip=192.168.34.50 | op=SEND_HEARTBEAT {datanodeUUID=329dc1ff-c881-4588-b3df-3d5ae8e04650, command=[]} | ret=SUCCESS |  
2019-09-19 04:23:40,958 | INFO  | SCMAudit | user=jenkins1000 | ip=192.168.34.50 | op=SEND_HEARTBEAT {datanodeUUID=051ac7b8-8cbd-4108-aae8-c2637ffaecd2, command=[]} | ret=SUCCESS |  
2019-09-19 04:23:40,997 [Thread-2459] INFO  impl.FollowerState (FollowerState.java:run(106)) - 8da68b5e-6b12-4c66-b560-7bfe69901e90:group-25CB5C4EC9B3 changes to CANDIDATE, lastRpcTime:9146, electionTimeout:5091ms
2019-09-19 04:23:40,997 [Thread-2459] INFO  impl.RoleInfo (RoleInfo.java:shutdownFollowerState(121)) - 8da68b5e-6b12-4c66-b560-7bfe69901e90: shutdown FollowerState
2019-09-19 04:23:40,997 [Thread-2459] INFO  impl.RaftServerImpl (RaftServerImpl.java:setRole(171)) - 8da68b5e-6b12-4c66-b560-7bfe69901e90:group-25CB5C4EC9B3 changes role from FOLLOWER to CANDIDATE at term 1 for changeToCandidate
2019-09-19 04:23:40,998 [Thread-2459] INFO  impl.RoleInfo (RoleInfo.java:updateAndGet(143)) - 8da68b5e-6b12-4c66-b560-7bfe69901e90: start LeaderElection
2019-09-19 04:23:41,002 [8da68b5e-6b12-4c66-b560-7bfe69901e90:group-25CB5C4EC9B3:LeaderElection59] INFO  impl.RaftServerImpl (ServerState.java:setLeader(263)) - 8da68b5e-6b12-4c66-b560-7bfe69901e90:group-25CB5C4EC9B3 change Leader from 2f180d65-4c25-42b6-a7d0-065130742e7a to null at term 1 for initElection
2019-09-19 04:23:41,026 [Thread-2460] INFO  impl.FollowerState (FollowerState.java:run(106)) - 1f599ffa-6388-40ea-bded-39dbd74e4d02:group-25CB5C4EC9B3 changes to CANDIDATE, lastRpcTime:9176, electionTimeout:5011ms
2019-09-19 04:23:41,026 [Thread-2460] INFO  impl.RoleInfo (RoleInfo.java:shutdownFollowerState(121)) - 1f599ffa-6388-40ea-bded-39dbd74e4d02: shutdown FollowerState
2019-09-19 04:23:41,026 [Thread-2460] INFO  impl.RaftServerImpl (RaftServerImpl.java:setRole(171)) - 1f599ffa-6388-40ea-bded-39dbd74e4d02:group-25CB5C4EC9B3 changes role from FOLLOWER to CANDIDATE at term 1 for changeToCandidate
2019-09-19 04:23:41,027 [Thread-2460] INFO  impl.RoleInfo (RoleInfo.java:updateAndGet(143)) - 1f599ffa-6388-40ea-bded-39dbd74e4d02: start LeaderElection
2019-09-19 04:23:41,031 [1f599ffa-6388-40ea-bded-39dbd74e4d02:group-25CB5C4EC9B3:LeaderElection60] INFO  impl.RaftServerImpl (ServerState.java:setLeader(263)) - 1f599ffa-6388-40ea-bded-39dbd74e4d02:group-25CB5C4EC9B3 change Leader from 2f180d65-4c25-42b6-a7d0-065130742e7a to null at term 1 for initElection
2019-09-19 04:23:41,091 [8da68b5e-6b12-4c66-b560-7bfe69901e90:group-25CB5C4EC9B3:LeaderElection59] INFO  impl.LeaderElection (LeaderElection.java:askForVotes(181)) - 8da68b5e-6b12-4c66-b560-7bfe69901e90:group-25CB5C4EC9B3:LeaderElection59: begin an election at term 2 for 0: [8da68b5e-6b12-4c66-b560-7bfe69901e90:192.168.34.50:41239, 2f180d65-4c25-42b6-a7d0-065130742e7a:192.168.34.50:36459, 1f599ffa-6388-40ea-bded-39dbd74e4d02:192.168.34.50:38533], old=null
2019-09-19 04:23:41,094 [8da68b5e-6b12-4c66-b560-7bfe69901e90:group-25CB5C4EC9B3:LeaderElection59] INFO  impl.LeaderElection (LogUtils.java:infoOrTrace(149)) - 8da68b5e-6b12-4c66-b560-7bfe69901e90:group-25CB5C4EC9B3:LeaderElection59 got exception when requesting votes: {}
java.util.concurrent.ExecutionException: org.apache.ratis.thirdparty.io.grpc.StatusRuntimeException: UNAVAILABLE: io exception
	at java.util.concurrent.FutureTask.report(FutureTask.java:122)
	at java.util.concurrent.FutureTask.get(FutureTask.java:192)
	at org.apache.ratis.server.impl.LeaderElection.waitForResults(LeaderElection.java:262)
	at org.apache.ratis.server.impl.LeaderElection.askForVotes(LeaderElection.java:200)
	at org.apache.ratis.server.impl.LeaderElection.run(LeaderElection.java:130)
	at java.lang.Thread.run(Thread.java:748)
Caused by: org.apache.ratis.thirdparty.io.grpc.StatusRuntimeException: UNAVAILABLE: io exception
	at org.apache.ratis.thirdparty.io.grpc.stub.ClientCalls.toStatusRuntimeException(ClientCalls.java:233)
	at org.apache.ratis.thirdparty.io.grpc.stub.ClientCalls.getUnchecked(ClientCalls.java:214)
	at org.apache.ratis.thirdparty.io.grpc.stub.ClientCalls.blockingUnaryCall(ClientCalls.java:139)
	at org.apache.ratis.proto.grpc.RaftServerProtocolServiceGrpc$RaftServerProtocolServiceBlockingStub.requestVote(RaftServerProtocolServiceGrpc.java:265)
	at org.apache.ratis.grpc.server.GrpcServerProtocolClient.requestVote(GrpcServerProtocolClient.java:83)
	at org.apache.ratis.grpc.server.GrpcService.requestVote(GrpcService.java:195)
	at org.apache.ratis.server.impl.LeaderElection.lambda$submitRequests$1(LeaderElection.java:237)
	at java.util.concurrent.FutureTask.run(FutureTask.java:266)
	at java.util.concurrent.Executors$RunnableAdapter.call(Executors.java:511)
	at java.util.concurrent.FutureTask.run(FutureTask.java:266)
	at java.util.concurrent.ThreadPoolExecutor.runWorker(ThreadPoolExecutor.java:1149)
	at java.util.concurrent.ThreadPoolExecutor$Worker.run(ThreadPoolExecutor.java:624)
	... 1 more
Caused by: org.apache.ratis.thirdparty.io.netty.channel.AbstractChannel$AnnotatedConnectException: Connection refused: /192.168.34.50:36459
	at sun.nio.ch.SocketChannelImpl.checkConnect(Native Method)
	at sun.nio.ch.SocketChannelImpl.finishConnect(SocketChannelImpl.java:717)
	at org.apache.ratis.thirdparty.io.netty.channel.socket.nio.NioSocketChannel.doFinishConnect(NioSocketChannel.java:327)
	at org.apache.ratis.thirdparty.io.netty.channel.nio.AbstractNioChannel$AbstractNioUnsafe.finishConnect(AbstractNioChannel.java:340)
	at org.apache.ratis.thirdparty.io.netty.channel.nio.NioEventLoop.processSelectedKey(NioEventLoop.java:632)
	at org.apache.ratis.thirdparty.io.netty.channel.nio.NioEventLoop.processSelectedKeysOptimized(NioEventLoop.java:579)
	at org.apache.ratis.thirdparty.io.netty.channel.nio.NioEventLoop.processSelectedKeys(NioEventLoop.java:496)
	at org.apache.ratis.thirdparty.io.netty.channel.nio.NioEventLoop.run(NioEventLoop.java:458)
	at org.apache.ratis.thirdparty.io.netty.util.concurrent.SingleThreadEventExecutor$5.run(SingleThreadEventExecutor.java:897)
	at org.apache.ratis.thirdparty.io.netty.util.concurrent.FastThreadLocalRunnable.run(FastThreadLocalRunnable.java:30)
	... 1 more
Caused by: java.net.ConnectException: Connection refused
	... 11 more
2019-09-19 04:23:41,106 [1f599ffa-6388-40ea-bded-39dbd74e4d02:group-25CB5C4EC9B3:LeaderElection60] INFO  impl.LeaderElection (LeaderElection.java:askForVotes(181)) - 1f599ffa-6388-40ea-bded-39dbd74e4d02:group-25CB5C4EC9B3:LeaderElection60: begin an election at term 2 for 0: [8da68b5e-6b12-4c66-b560-7bfe69901e90:192.168.34.50:41239, 2f180d65-4c25-42b6-a7d0-065130742e7a:192.168.34.50:36459, 1f599ffa-6388-40ea-bded-39dbd74e4d02:192.168.34.50:38533], old=null
2019-09-19 04:23:41,107 [8da68b5e-6b12-4c66-b560-7bfe69901e90:group-25CB5C4EC9B3:LeaderElection59] INFO  impl.LeaderElection (LeaderElection.java:logAndReturn(56)) - 8da68b5e-6b12-4c66-b560-7bfe69901e90:group-25CB5C4EC9B3:LeaderElection59: Election REJECTED; received 1 response(s) [8da68b5e-6b12-4c66-b560-7bfe69901e90<-1f599ffa-6388-40ea-bded-39dbd74e4d02#0:FAIL-t2] and 1 exception(s); 8da68b5e-6b12-4c66-b560-7bfe69901e90:t2, leader=null, voted=8da68b5e-6b12-4c66-b560-7bfe69901e90, raftlog=8da68b5e-6b12-4c66-b560-7bfe69901e90-SegmentedRaftLog:OPENED:c2,f2,i2, conf=0: [8da68b5e-6b12-4c66-b560-7bfe69901e90:192.168.34.50:41239, 2f180d65-4c25-42b6-a7d0-065130742e7a:192.168.34.50:36459, 1f599ffa-6388-40ea-bded-39dbd74e4d02:192.168.34.50:38533], old=null
2019-09-19 04:23:41,107 [8da68b5e-6b12-4c66-b560-7bfe69901e90:group-25CB5C4EC9B3:LeaderElection59] INFO  impl.LeaderElection (LogUtils.java:infoOrTrace(149)) -   Exception 0: {}
java.util.concurrent.ExecutionException: org.apache.ratis.thirdparty.io.grpc.StatusRuntimeException: UNAVAILABLE: io exception
	at java.util.concurrent.FutureTask.report(FutureTask.java:122)
	at java.util.concurrent.FutureTask.get(FutureTask.java:192)
	at org.apache.ratis.server.impl.LeaderElection.waitForResults(LeaderElection.java:262)
	at org.apache.ratis.server.impl.LeaderElection.askForVotes(LeaderElection.java:200)
	at org.apache.ratis.server.impl.LeaderElection.run(LeaderElection.java:130)
	at java.lang.Thread.run(Thread.java:748)
Caused by: org.apache.ratis.thirdparty.io.grpc.StatusRuntimeException: UNAVAILABLE: io exception
	at org.apache.ratis.thirdparty.io.grpc.stub.ClientCalls.toStatusRuntimeException(ClientCalls.java:233)
	at org.apache.ratis.thirdparty.io.grpc.stub.ClientCalls.getUnchecked(ClientCalls.java:214)
	at org.apache.ratis.thirdparty.io.grpc.stub.ClientCalls.blockingUnaryCall(ClientCalls.java:139)
	at org.apache.ratis.proto.grpc.RaftServerProtocolServiceGrpc$RaftServerProtocolServiceBlockingStub.requestVote(RaftServerProtocolServiceGrpc.java:265)
	at org.apache.ratis.grpc.server.GrpcServerProtocolClient.requestVote(GrpcServerProtocolClient.java:83)
	at org.apache.ratis.grpc.server.GrpcService.requestVote(GrpcService.java:195)
	at org.apache.ratis.server.impl.LeaderElection.lambda$submitRequests$1(LeaderElection.java:237)
	at java.util.concurrent.FutureTask.run(FutureTask.java:266)
	at java.util.concurrent.Executors$RunnableAdapter.call(Executors.java:511)
	at java.util.concurrent.FutureTask.run(FutureTask.java:266)
	at java.util.concurrent.ThreadPoolExecutor.runWorker(ThreadPoolExecutor.java:1149)
	at java.util.concurrent.ThreadPoolExecutor$Worker.run(ThreadPoolExecutor.java:624)
	... 1 more
Caused by: org.apache.ratis.thirdparty.io.netty.channel.AbstractChannel$AnnotatedConnectException: Connection refused: /192.168.34.50:36459
	at sun.nio.ch.SocketChannelImpl.checkConnect(Native Method)
	at sun.nio.ch.SocketChannelImpl.finishConnect(SocketChannelImpl.java:717)
	at org.apache.ratis.thirdparty.io.netty.channel.socket.nio.NioSocketChannel.doFinishConnect(NioSocketChannel.java:327)
	at org.apache.ratis.thirdparty.io.netty.channel.nio.AbstractNioChannel$AbstractNioUnsafe.finishConnect(AbstractNioChannel.java:340)
	at org.apache.ratis.thirdparty.io.netty.channel.nio.NioEventLoop.processSelectedKey(NioEventLoop.java:632)
	at org.apache.ratis.thirdparty.io.netty.channel.nio.NioEventLoop.processSelectedKeysOptimized(NioEventLoop.java:579)
	at org.apache.ratis.thirdparty.io.netty.channel.nio.NioEventLoop.processSelectedKeys(NioEventLoop.java:496)
	at org.apache.ratis.thirdparty.io.netty.channel.nio.NioEventLoop.run(NioEventLoop.java:458)
	at org.apache.ratis.thirdparty.io.netty.util.concurrent.SingleThreadEventExecutor$5.run(SingleThreadEventExecutor.java:897)
	at org.apache.ratis.thirdparty.io.netty.util.concurrent.FastThreadLocalRunnable.run(FastThreadLocalRunnable.java:30)
	... 1 more
Caused by: java.net.ConnectException: Connection refused
	... 11 more
2019-09-19 04:23:41,108 [8da68b5e-6b12-4c66-b560-7bfe69901e90:group-25CB5C4EC9B3:LeaderElection59] INFO  impl.RaftServerImpl (RaftServerImpl.java:setRole(171)) - 8da68b5e-6b12-4c66-b560-7bfe69901e90:group-25CB5C4EC9B3 changes role from CANDIDATE to FOLLOWER at term 2 for DISCOVERED_A_NEW_TERM
2019-09-19 04:23:41,108 [8da68b5e-6b12-4c66-b560-7bfe69901e90:group-25CB5C4EC9B3:LeaderElection59] INFO  impl.RoleInfo (RoleInfo.java:shutdownLeaderElection(134)) - 8da68b5e-6b12-4c66-b560-7bfe69901e90: shutdown LeaderElection
2019-09-19 04:23:41,108 [1f599ffa-6388-40ea-bded-39dbd74e4d02:group-25CB5C4EC9B3:LeaderElection60] INFO  impl.LeaderElection (LogUtils.java:infoOrTrace(149)) - 1f599ffa-6388-40ea-bded-39dbd74e4d02:group-25CB5C4EC9B3:LeaderElection60 got exception when requesting votes: {}
java.util.concurrent.ExecutionException: org.apache.ratis.thirdparty.io.grpc.StatusRuntimeException: UNAVAILABLE: io exception
	at java.util.concurrent.FutureTask.report(FutureTask.java:122)
	at java.util.concurrent.FutureTask.get(FutureTask.java:192)
	at org.apache.ratis.server.impl.LeaderElection.waitForResults(LeaderElection.java:262)
	at org.apache.ratis.server.impl.LeaderElection.askForVotes(LeaderElection.java:200)
	at org.apache.ratis.server.impl.LeaderElection.run(LeaderElection.java:130)
	at java.lang.Thread.run(Thread.java:748)
Caused by: org.apache.ratis.thirdparty.io.grpc.StatusRuntimeException: UNAVAILABLE: io exception
	at org.apache.ratis.thirdparty.io.grpc.stub.ClientCalls.toStatusRuntimeException(ClientCalls.java:233)
	at org.apache.ratis.thirdparty.io.grpc.stub.ClientCalls.getUnchecked(ClientCalls.java:214)
	at org.apache.ratis.thirdparty.io.grpc.stub.ClientCalls.blockingUnaryCall(ClientCalls.java:139)
	at org.apache.ratis.proto.grpc.RaftServerProtocolServiceGrpc$RaftServerProtocolServiceBlockingStub.requestVote(RaftServerProtocolServiceGrpc.java:265)
	at org.apache.ratis.grpc.server.GrpcServerProtocolClient.requestVote(GrpcServerProtocolClient.java:83)
	at org.apache.ratis.grpc.server.GrpcService.requestVote(GrpcService.java:195)
	at org.apache.ratis.server.impl.LeaderElection.lambda$submitRequests$1(LeaderElection.java:237)
	at java.util.concurrent.FutureTask.run(FutureTask.java:266)
	at java.util.concurrent.Executors$RunnableAdapter.call(Executors.java:511)
	at java.util.concurrent.FutureTask.run(FutureTask.java:266)
	at java.util.concurrent.ThreadPoolExecutor.runWorker(ThreadPoolExecutor.java:1149)
	at java.util.concurrent.ThreadPoolExecutor$Worker.run(ThreadPoolExecutor.java:624)
	... 1 more
Caused by: org.apache.ratis.thirdparty.io.netty.channel.AbstractChannel$AnnotatedConnectException: Connection refused: /192.168.34.50:36459
	at sun.nio.ch.SocketChannelImpl.checkConnect(Native Method)
	at sun.nio.ch.SocketChannelImpl.finishConnect(SocketChannelImpl.java:717)
	at org.apache.ratis.thirdparty.io.netty.channel.socket.nio.NioSocketChannel.doFinishConnect(NioSocketChannel.java:327)
	at org.apache.ratis.thirdparty.io.netty.channel.nio.AbstractNioChannel$AbstractNioUnsafe.finishConnect(AbstractNioChannel.java:340)
	at org.apache.ratis.thirdparty.io.netty.channel.nio.NioEventLoop.processSelectedKey(NioEventLoop.java:632)
	at org.apache.ratis.thirdparty.io.netty.channel.nio.NioEventLoop.processSelectedKeysOptimized(NioEventLoop.java:579)
	at org.apache.ratis.thirdparty.io.netty.channel.nio.NioEventLoop.processSelectedKeys(NioEventLoop.java:496)
	at org.apache.ratis.thirdparty.io.netty.channel.nio.NioEventLoop.run(NioEventLoop.java:458)
	at org.apache.ratis.thirdparty.io.netty.util.concurrent.SingleThreadEventExecutor$5.run(SingleThreadEventExecutor.java:897)
	at org.apache.ratis.thirdparty.io.netty.util.concurrent.FastThreadLocalRunnable.run(FastThreadLocalRunnable.java:30)
	... 1 more
Caused by: java.net.ConnectException: Connection refused
	... 11 more
2019-09-19 04:23:41,108 [8da68b5e-6b12-4c66-b560-7bfe69901e90:group-25CB5C4EC9B3:LeaderElection59] INFO  impl.RoleInfo (RoleInfo.java:updateAndGet(143)) - 8da68b5e-6b12-4c66-b560-7bfe69901e90: start FollowerState
2019-09-19 04:23:41,113 [1f599ffa-6388-40ea-bded-39dbd74e4d02:group-25CB5C4EC9B3:LeaderElection60] INFO  impl.LeaderElection (LeaderElection.java:logAndReturn(56)) - 1f599ffa-6388-40ea-bded-39dbd74e4d02:group-25CB5C4EC9B3:LeaderElection60: Election REJECTED; received 1 response(s) [1f599ffa-6388-40ea-bded-39dbd74e4d02<-8da68b5e-6b12-4c66-b560-7bfe69901e90#0:FAIL-t2] and 1 exception(s); 1f599ffa-6388-40ea-bded-39dbd74e4d02:t2, leader=null, voted=1f599ffa-6388-40ea-bded-39dbd74e4d02, raftlog=1f599ffa-6388-40ea-bded-39dbd74e4d02-SegmentedRaftLog:OPENED:c2,f2,i2, conf=0: [8da68b5e-6b12-4c66-b560-7bfe69901e90:192.168.34.50:41239, 2f180d65-4c25-42b6-a7d0-065130742e7a:192.168.34.50:36459, 1f599ffa-6388-40ea-bded-39dbd74e4d02:192.168.34.50:38533], old=null
2019-09-19 04:23:41,113 [1f599ffa-6388-40ea-bded-39dbd74e4d02:group-25CB5C4EC9B3:LeaderElection60] INFO  impl.LeaderElection (LogUtils.java:infoOrTrace(149)) -   Exception 0: {}
java.util.concurrent.ExecutionException: org.apache.ratis.thirdparty.io.grpc.StatusRuntimeException: UNAVAILABLE: io exception
	at java.util.concurrent.FutureTask.report(FutureTask.java:122)
	at java.util.concurrent.FutureTask.get(FutureTask.java:192)
	at org.apache.ratis.server.impl.LeaderElection.waitForResults(LeaderElection.java:262)
	at org.apache.ratis.server.impl.LeaderElection.askForVotes(LeaderElection.java:200)
	at org.apache.ratis.server.impl.LeaderElection.run(LeaderElection.java:130)
	at java.lang.Thread.run(Thread.java:748)
Caused by: org.apache.ratis.thirdparty.io.grpc.StatusRuntimeException: UNAVAILABLE: io exception
	at org.apache.ratis.thirdparty.io.grpc.stub.ClientCalls.toStatusRuntimeException(ClientCalls.java:233)
	at org.apache.ratis.thirdparty.io.grpc.stub.ClientCalls.getUnchecked(ClientCalls.java:214)
	at org.apache.ratis.thirdparty.io.grpc.stub.ClientCalls.blockingUnaryCall(ClientCalls.java:139)
	at org.apache.ratis.proto.grpc.RaftServerProtocolServiceGrpc$RaftServerProtocolServiceBlockingStub.requestVote(RaftServerProtocolServiceGrpc.java:265)
	at org.apache.ratis.grpc.server.GrpcServerProtocolClient.requestVote(GrpcServerProtocolClient.java:83)
	at org.apache.ratis.grpc.server.GrpcService.requestVote(GrpcService.java:195)
	at org.apache.ratis.server.impl.LeaderElection.lambda$submitRequests$1(LeaderElection.java:237)
	at java.util.concurrent.FutureTask.run(FutureTask.java:266)
	at java.util.concurrent.Executors$RunnableAdapter.call(Executors.java:511)
	at java.util.concurrent.FutureTask.run(FutureTask.java:266)
	at java.util.concurrent.ThreadPoolExecutor.runWorker(ThreadPoolExecutor.java:1149)
	at java.util.concurrent.ThreadPoolExecutor$Worker.run(ThreadPoolExecutor.java:624)
	... 1 more
Caused by: org.apache.ratis.thirdparty.io.netty.channel.AbstractChannel$AnnotatedConnectException: Connection refused: /192.168.34.50:36459
	at sun.nio.ch.SocketChannelImpl.checkConnect(Native Method)
	at sun.nio.ch.SocketChannelImpl.finishConnect(SocketChannelImpl.java:717)
	at org.apache.ratis.thirdparty.io.netty.channel.socket.nio.NioSocketChannel.doFinishConnect(NioSocketChannel.java:327)
	at org.apache.ratis.thirdparty.io.netty.channel.nio.AbstractNioChannel$AbstractNioUnsafe.finishConnect(AbstractNioChannel.java:340)
	at org.apache.ratis.thirdparty.io.netty.channel.nio.NioEventLoop.processSelectedKey(NioEventLoop.java:632)
	at org.apache.ratis.thirdparty.io.netty.channel.nio.NioEventLoop.processSelectedKeysOptimized(NioEventLoop.java:579)
	at org.apache.ratis.thirdparty.io.netty.channel.nio.NioEventLoop.processSelectedKeys(NioEventLoop.java:496)
	at org.apache.ratis.thirdparty.io.netty.channel.nio.NioEventLoop.run(NioEventLoop.java:458)
	at org.apache.ratis.thirdparty.io.netty.util.concurrent.SingleThreadEventExecutor$5.run(SingleThreadEventExecutor.java:897)
	at org.apache.ratis.thirdparty.io.netty.util.concurrent.FastThreadLocalRunnable.run(FastThreadLocalRunnable.java:30)
	... 1 more
Caused by: java.net.ConnectException: Connection refused
	... 11 more
2019-09-19 04:23:41,113 [1f599ffa-6388-40ea-bded-39dbd74e4d02:group-25CB5C4EC9B3:LeaderElection60] INFO  impl.RaftServerImpl (RaftServerImpl.java:setRole(171)) - 1f599ffa-6388-40ea-bded-39dbd74e4d02:group-25CB5C4EC9B3 changes role from CANDIDATE to FOLLOWER at term 2 for DISCOVERED_A_NEW_TERM
2019-09-19 04:23:41,113 [1f599ffa-6388-40ea-bded-39dbd74e4d02:group-25CB5C4EC9B3:LeaderElection60] INFO  impl.RoleInfo (RoleInfo.java:shutdownLeaderElection(134)) - 1f599ffa-6388-40ea-bded-39dbd74e4d02: shutdown LeaderElection
2019-09-19 04:23:41,113 [1f599ffa-6388-40ea-bded-39dbd74e4d02:group-25CB5C4EC9B3:LeaderElection60] INFO  impl.RoleInfo (RoleInfo.java:updateAndGet(143)) - 1f599ffa-6388-40ea-bded-39dbd74e4d02: start FollowerState
2019-09-19 04:23:41,177 | INFO  | SCMAudit | user=jenkins1000 | ip=192.168.34.50 | op=SEND_HEARTBEAT {datanodeUUID=c0af3f51-56af-4005-a4bd-c9ee92b8ec18, command=[]} | ret=SUCCESS |  
2019-09-19 04:23:41,417 | INFO  | SCMAudit | user=jenkins1000 | ip=192.168.34.50 | op=SEND_HEARTBEAT {datanodeUUID=012d9a91-6350-442f-966e-df3b04b68d55, command=[]} | ret=SUCCESS |  
2019-09-19 04:23:41,481 | INFO  | SCMAudit | user=jenkins1000 | ip=192.168.34.50 | op=SEND_HEARTBEAT {datanodeUUID=8da68b5e-6b12-4c66-b560-7bfe69901e90, command=[]} | ret=SUCCESS |  
2019-09-19 04:23:41,511 | INFO  | SCMAudit | user=jenkins1000 | ip=192.168.34.50 | op=SEND_HEARTBEAT {datanodeUUID=1f599ffa-6388-40ea-bded-39dbd74e4d02, command=[]} | ret=SUCCESS |  
2019-09-19 04:23:41,622 [grpc-default-executor-3] INFO  client.GrpcClientProtocolClient (GrpcClientProtocolClient.java:onNext(255)) - client-D2ED04262E5E->1f599ffa-6388-40ea-bded-39dbd74e4d02: receive RaftClientReply:client-D2ED04262E5E->1f599ffa-6388-40ea-bded-39dbd74e4d02@group-25CB5C4EC9B3, cid=103, FAILED org.apache.ratis.protocol.NotLeaderException: Server 1f599ffa-6388-40ea-bded-39dbd74e4d02 is not the leader (null). Request must be sent to leader., logIndex=0, commits[1f599ffa-6388-40ea-bded-39dbd74e4d02:c2, 8da68b5e-6b12-4c66-b560-7bfe69901e90:c2, 2f180d65-4c25-42b6-a7d0-065130742e7a:c2]
2019-09-19 04:23:41,642 | INFO  | SCMAudit | user=jenkins1000 | ip=192.168.34.50 | op=SEND_HEARTBEAT {datanodeUUID=329dc1ff-c881-4588-b3df-3d5ae8e04650, command=[]} | ret=SUCCESS |  
2019-09-19 04:23:41,957 | INFO  | SCMAudit | user=jenkins1000 | ip=192.168.34.50 | op=SEND_HEARTBEAT {datanodeUUID=051ac7b8-8cbd-4108-aae8-c2637ffaecd2, command=[]} | ret=SUCCESS |  
2019-09-19 04:23:42,177 | INFO  | SCMAudit | user=jenkins1000 | ip=192.168.34.50 | op=SEND_HEARTBEAT {datanodeUUID=c0af3f51-56af-4005-a4bd-c9ee92b8ec18, command=[]} | ret=SUCCESS |  
2019-09-19 04:23:42,416 | INFO  | SCMAudit | user=jenkins1000 | ip=192.168.34.50 | op=SEND_HEARTBEAT {datanodeUUID=012d9a91-6350-442f-966e-df3b04b68d55, command=[]} | ret=SUCCESS |  
2019-09-19 04:23:42,481 | INFO  | SCMAudit | user=jenkins1000 | ip=192.168.34.50 | op=SEND_HEARTBEAT {datanodeUUID=8da68b5e-6b12-4c66-b560-7bfe69901e90, command=[]} | ret=SUCCESS |  
2019-09-19 04:23:42,511 | INFO  | SCMAudit | user=jenkins1000 | ip=192.168.34.50 | op=SEND_HEARTBEAT {datanodeUUID=1f599ffa-6388-40ea-bded-39dbd74e4d02, command=[]} | ret=SUCCESS |  
2019-09-19 04:23:42,642 | INFO  | SCMAudit | user=jenkins1000 | ip=192.168.34.50 | op=SEND_HEARTBEAT {datanodeUUID=329dc1ff-c881-4588-b3df-3d5ae8e04650, command=[]} | ret=SUCCESS |  
2019-09-19 04:23:42,957 | INFO  | SCMAudit | user=jenkins1000 | ip=192.168.34.50 | op=SEND_HEARTBEAT {datanodeUUID=051ac7b8-8cbd-4108-aae8-c2637ffaecd2, command=[]} | ret=SUCCESS |  
2019-09-19 04:23:43,177 | INFO  | SCMAudit | user=jenkins1000 | ip=192.168.34.50 | op=SEND_HEARTBEAT {datanodeUUID=c0af3f51-56af-4005-a4bd-c9ee92b8ec18, command=[]} | ret=SUCCESS |  
2019-09-19 04:23:43,417 | INFO  | SCMAudit | user=jenkins1000 | ip=192.168.34.50 | op=SEND_HEARTBEAT {datanodeUUID=012d9a91-6350-442f-966e-df3b04b68d55, command=[]} | ret=SUCCESS |  
2019-09-19 04:23:43,481 | INFO  | SCMAudit | user=jenkins1000 | ip=192.168.34.50 | op=SEND_HEARTBEAT {datanodeUUID=8da68b5e-6b12-4c66-b560-7bfe69901e90, command=[]} | ret=SUCCESS |  
2019-09-19 04:23:43,512 | INFO  | SCMAudit | user=jenkins1000 | ip=192.168.34.50 | op=SEND_HEARTBEAT {datanodeUUID=1f599ffa-6388-40ea-bded-39dbd74e4d02, command=[]} | ret=SUCCESS |  
2019-09-19 04:23:43,635 [grpc-default-executor-1] INFO  client.GrpcClientProtocolClient (GrpcClientProtocolClient.java:onNext(255)) - client-D2ED04262E5E->8da68b5e-6b12-4c66-b560-7bfe69901e90: receive RaftClientReply:client-D2ED04262E5E->8da68b5e-6b12-4c66-b560-7bfe69901e90@group-25CB5C4EC9B3, cid=103, FAILED org.apache.ratis.protocol.NotLeaderException: Server 8da68b5e-6b12-4c66-b560-7bfe69901e90 is not the leader (null). Request must be sent to leader., logIndex=0, commits[8da68b5e-6b12-4c66-b560-7bfe69901e90:c2, 2f180d65-4c25-42b6-a7d0-065130742e7a:c2, 1f599ffa-6388-40ea-bded-39dbd74e4d02:c2]
2019-09-19 04:23:43,642 | INFO  | SCMAudit | user=jenkins1000 | ip=192.168.34.50 | op=SEND_HEARTBEAT {datanodeUUID=329dc1ff-c881-4588-b3df-3d5ae8e04650, command=[]} | ret=SUCCESS |  
2019-09-19 04:23:43,957 | INFO  | SCMAudit | user=jenkins1000 | ip=192.168.34.50 | op=SEND_HEARTBEAT {datanodeUUID=051ac7b8-8cbd-4108-aae8-c2637ffaecd2, command=[]} | ret=SUCCESS |  
2019-09-19 04:23:44,177 | INFO  | SCMAudit | user=jenkins1000 | ip=192.168.34.50 | op=SEND_HEARTBEAT {datanodeUUID=c0af3f51-56af-4005-a4bd-c9ee92b8ec18, command=[]} | ret=SUCCESS |  
2019-09-19 04:23:44,416 | INFO  | SCMAudit | user=jenkins1000 | ip=192.168.34.50 | op=SEND_HEARTBEAT {datanodeUUID=012d9a91-6350-442f-966e-df3b04b68d55, command=[]} | ret=SUCCESS |  
2019-09-19 04:23:44,481 | INFO  | SCMAudit | user=jenkins1000 | ip=192.168.34.50 | op=SEND_HEARTBEAT {datanodeUUID=8da68b5e-6b12-4c66-b560-7bfe69901e90, command=[]} | ret=SUCCESS |  
2019-09-19 04:23:44,512 | INFO  | SCMAudit | user=jenkins1000 | ip=192.168.34.50 | op=SEND_HEARTBEAT {datanodeUUID=1f599ffa-6388-40ea-bded-39dbd74e4d02, command=[]} | ret=SUCCESS |  
2019-09-19 04:23:44,644 | INFO  | SCMAudit | user=jenkins1000 | ip=192.168.34.50 | op=SEND_HEARTBEAT {datanodeUUID=329dc1ff-c881-4588-b3df-3d5ae8e04650, command=[]} | ret=SUCCESS |  
]]></system-out>
    <system-err><![CDATA[Sep 19, 2019 4:23:13 AM com.sun.jersey.server.impl.application.WebApplicationImpl _initiate
INFO: Initiating Jersey application, version 'Jersey: 1.19 02/11/2015 03:25 AM'
Sep 19, 2019 4:23:13 AM com.sun.jersey.server.impl.application.WebApplicationImpl _initiate
INFO: Initiating Jersey application, version 'Jersey: 1.19 02/11/2015 03:25 AM'
Sep 19, 2019 4:23:13 AM com.sun.jersey.server.impl.application.WebApplicationImpl _initiate
INFO: Initiating Jersey application, version 'Jersey: 1.19 02/11/2015 03:25 AM'
Sep 19, 2019 4:23:13 AM com.sun.jersey.server.impl.application.WebApplicationImpl _initiate
INFO: Initiating Jersey application, version 'Jersey: 1.19 02/11/2015 03:25 AM'
Sep 19, 2019 4:23:14 AM com.sun.jersey.server.impl.application.WebApplicationImpl _initiate
INFO: Initiating Jersey application, version 'Jersey: 1.19 02/11/2015 03:25 AM'
Sep 19, 2019 4:23:14 AM com.sun.jersey.server.impl.application.WebApplicationImpl _initiate
INFO: Initiating Jersey application, version 'Jersey: 1.19 02/11/2015 03:25 AM'
Sep 19, 2019 4:23:14 AM com.sun.jersey.server.impl.application.WebApplicationImpl _initiate
INFO: Initiating Jersey application, version 'Jersey: 1.19 02/11/2015 03:25 AM'
]]></system-err>
  </testcase>
</testsuite>