<?xml version="1.0" encoding="UTF-8"?>
<testsuite xmlns:xsi="http://www.w3.org/2001/XMLSchema-instance" xsi:noNamespaceSchemaLocation="https://maven.apache.org/surefire/maven-surefire-plugin/xsd/surefire-test-report.xsd" name="org.apache.hadoop.fs.ozone.contract.ITestOzoneContractGetFileStatus" time="88.346" tests="18" errors="4" skipped="0" failures="0">
  <properties>
    <property name="awt.toolkit" value="sun.awt.X11.XToolkit"/>
    <property name="file.encoding.pkg" value="sun.io"/>
    <property name="java.specification.version" value="1.8"/>
    <property name="sun.cpu.isalist" value=""/>
    <property name="sun.jnu.encoding" value="UTF-8"/>
    <property name="java.class.path" value="/workdir/hadoop-ozone/ozonefs/target/test-classes:/workdir/hadoop-ozone/ozonefs/target/classes:/home/user/.m2/repository/org/apache/hadoop/hadoop-common/3.2.0/hadoop-common-3.2.0.jar:/home/user/.m2/repository/org/apache/hadoop/hadoop-annotations/3.2.0/hadoop-annotations-3.2.0.jar:/usr/lib/jvm/java-1.8-openjdk/jre/../lib/tools.jar:/home/user/.m2/repository/com/google/guava/guava/11.0.2/guava-11.0.2.jar:/home/user/.m2/repository/commons-cli/commons-cli/1.2/commons-cli-1.2.jar:/home/user/.m2/repository/org/apache/commons/commons-math3/3.1.1/commons-math3-3.1.1.jar:/home/user/.m2/repository/org/apache/httpcomponents/httpclient/4.5.2/httpclient-4.5.2.jar:/home/user/.m2/repository/org/apache/httpcomponents/httpcore/4.4.4/httpcore-4.4.4.jar:/home/user/.m2/repository/commons-codec/commons-codec/1.11/commons-codec-1.11.jar:/home/user/.m2/repository/commons-io/commons-io/2.5/commons-io-2.5.jar:/home/user/.m2/repository/commons-net/commons-net/3.6/commons-net-3.6.jar:/home/user/.m2/repository/commons-collections/commons-collections/3.2.2/commons-collections-3.2.2.jar:/home/user/.m2/repository/javax/servlet/javax.servlet-api/3.1.0/javax.servlet-api-3.1.0.jar:/home/user/.m2/repository/org/eclipse/jetty/jetty-server/9.3.24.v20180605/jetty-server-9.3.24.v20180605.jar:/home/user/.m2/repository/org/eclipse/jetty/jetty-http/9.3.24.v20180605/jetty-http-9.3.24.v20180605.jar:/home/user/.m2/repository/org/eclipse/jetty/jetty-io/9.3.24.v20180605/jetty-io-9.3.24.v20180605.jar:/home/user/.m2/repository/org/eclipse/jetty/jetty-util/9.3.24.v20180605/jetty-util-9.3.24.v20180605.jar:/home/user/.m2/repository/org/eclipse/jetty/jetty-servlet/9.3.24.v20180605/jetty-servlet-9.3.24.v20180605.jar:/home/user/.m2/repository/org/eclipse/jetty/jetty-security/9.3.24.v20180605/jetty-security-9.3.24.v20180605.jar:/home/user/.m2/repository/org/eclipse/jetty/jetty-webapp/9.3.24.v20180605/jetty-webapp-9.3.24.v20180605.jar:/home/user/.m2/repository/org/eclipse/jetty/jetty-xml/9.3.24.v20180605/jetty-xml-9.3.24.v20180605.jar:/home/user/.m2/repository/javax/servlet/jsp/jsp-api/2.1/jsp-api-2.1.jar:/home/user/.m2/repository/com/sun/jersey/jersey-core/1.19/jersey-core-1.19.jar:/home/user/.m2/repository/javax/ws/rs/jsr311-api/1.1.1/jsr311-api-1.1.1.jar:/home/user/.m2/repository/com/sun/jersey/jersey-servlet/1.19/jersey-servlet-1.19.jar:/home/user/.m2/repository/com/sun/jersey/jersey-json/1.19/jersey-json-1.19.jar:/home/user/.m2/repository/org/codehaus/jettison/jettison/1.1/jettison-1.1.jar:/home/user/.m2/repository/com/sun/xml/bind/jaxb-impl/2.3.0.1/jaxb-impl-2.3.0.1.jar:/home/user/.m2/repository/org/codehaus/jackson/jackson-core-asl/1.9.13/jackson-core-asl-1.9.13.jar:/home/user/.m2/repository/org/codehaus/jackson/jackson-mapper-asl/1.9.13/jackson-mapper-asl-1.9.13.jar:/home/user/.m2/repository/org/codehaus/jackson/jackson-jaxrs/1.9.13/jackson-jaxrs-1.9.13.jar:/home/user/.m2/repository/org/codehaus/jackson/jackson-xc/1.9.13/jackson-xc-1.9.13.jar:/home/user/.m2/repository/com/sun/jersey/jersey-server/1.19/jersey-server-1.19.jar:/home/user/.m2/repository/commons-logging/commons-logging/1.1.3/commons-logging-1.1.3.jar:/home/user/.m2/repository/log4j/log4j/1.2.17/log4j-1.2.17.jar:/home/user/.m2/repository/commons-beanutils/commons-beanutils/1.9.4/commons-beanutils-1.9.4.jar:/home/user/.m2/repository/org/apache/commons/commons-configuration2/2.1.1/commons-configuration2-2.1.1.jar:/home/user/.m2/repository/org/apache/commons/commons-lang3/3.7/commons-lang3-3.7.jar:/home/user/.m2/repository/org/apache/commons/commons-text/1.4/commons-text-1.4.jar:/home/user/.m2/repository/org/slf4j/slf4j-api/1.7.25/slf4j-api-1.7.25.jar:/home/user/.m2/repository/org/slf4j/slf4j-log4j12/1.7.25/slf4j-log4j12-1.7.25.jar:/home/user/.m2/repository/org/apache/avro/avro/1.7.7/avro-1.7.7.jar:/home/user/.m2/repository/com/thoughtworks/paranamer/paranamer/2.3/paranamer-2.3.jar:/home/user/.m2/repository/org/xerial/snappy/snappy-java/1.0.5/snappy-java-1.0.5.jar:/home/user/.m2/repository/com/google/re2j/re2j/1.1/re2j-1.1.jar:/home/user/.m2/repository/com/google/protobuf/protobuf-java/2.5.0/protobuf-java-2.5.0.jar:/home/user/.m2/repository/com/google/code/gson/gson/2.2.4/gson-2.2.4.jar:/home/user/.m2/repository/org/apache/hadoop/hadoop-auth/3.2.0/hadoop-auth-3.2.0.jar:/home/user/.m2/repository/com/nimbusds/nimbus-jose-jwt/4.41.1/nimbus-jose-jwt-4.41.1.jar:/home/user/.m2/repository/com/github/stephenc/jcip/jcip-annotations/1.0-1/jcip-annotations-1.0-1.jar:/home/user/.m2/repository/net/minidev/json-smart/2.3/json-smart-2.3.jar:/home/user/.m2/repository/net/minidev/accessors-smart/1.2/accessors-smart-1.2.jar:/home/user/.m2/repository/org/apache/curator/curator-framework/2.12.0/curator-framework-2.12.0.jar:/home/user/.m2/repository/com/jcraft/jsch/0.1.54/jsch-0.1.54.jar:/home/user/.m2/repository/org/apache/curator/curator-client/2.12.0/curator-client-2.12.0.jar:/home/user/.m2/repository/org/apache/curator/curator-recipes/2.12.0/curator-recipes-2.12.0.jar:/home/user/.m2/repository/com/google/code/findbugs/jsr305/3.0.0/jsr305-3.0.0.jar:/home/user/.m2/repository/org/apache/htrace/htrace-core4/4.1.0-incubating/htrace-core4-4.1.0-incubating.jar:/home/user/.m2/repository/org/apache/zookeeper/zookeeper/3.4.13/zookeeper-3.4.13.jar:/home/user/.m2/repository/org/apache/yetus/audience-annotations/0.5.0/audience-annotations-0.5.0.jar:/home/user/.m2/repository/org/apache/commons/commons-compress/1.4.1/commons-compress-1.4.1.jar:/home/user/.m2/repository/org/tukaani/xz/1.0/xz-1.0.jar:/home/user/.m2/repository/org/apache/kerby/kerb-simplekdc/1.0.1/kerb-simplekdc-1.0.1.jar:/home/user/.m2/repository/org/apache/kerby/kerb-client/1.0.1/kerb-client-1.0.1.jar:/home/user/.m2/repository/org/apache/kerby/kerby-config/1.0.1/kerby-config-1.0.1.jar:/home/user/.m2/repository/org/apache/kerby/kerb-core/1.0.1/kerb-core-1.0.1.jar:/home/user/.m2/repository/org/apache/kerby/kerby-pkix/1.0.1/kerby-pkix-1.0.1.jar:/home/user/.m2/repository/org/apache/kerby/kerby-asn1/1.0.1/kerby-asn1-1.0.1.jar:/home/user/.m2/repository/org/apache/kerby/kerby-util/1.0.1/kerby-util-1.0.1.jar:/home/user/.m2/repository/org/apache/kerby/kerb-common/1.0.1/kerb-common-1.0.1.jar:/home/user/.m2/repository/org/apache/kerby/kerb-crypto/1.0.1/kerb-crypto-1.0.1.jar:/home/user/.m2/repository/org/apache/kerby/kerb-util/1.0.1/kerb-util-1.0.1.jar:/home/user/.m2/repository/org/apache/kerby/token-provider/1.0.1/token-provider-1.0.1.jar:/home/user/.m2/repository/org/apache/kerby/kerb-admin/1.0.1/kerb-admin-1.0.1.jar:/home/user/.m2/repository/org/apache/kerby/kerb-server/1.0.1/kerb-server-1.0.1.jar:/home/user/.m2/repository/org/apache/kerby/kerb-identity/1.0.1/kerb-identity-1.0.1.jar:/home/user/.m2/repository/org/apache/kerby/kerby-xdr/1.0.1/kerby-xdr-1.0.1.jar:/home/user/.m2/repository/com/fasterxml/jackson/core/jackson-databind/2.9.9/jackson-databind-2.9.9.jar:/home/user/.m2/repository/com/fasterxml/jackson/core/jackson-annotations/2.9.9/jackson-annotations-2.9.9.jar:/home/user/.m2/repository/com/fasterxml/jackson/core/jackson-core/2.9.9/jackson-core-2.9.9.jar:/home/user/.m2/repository/org/codehaus/woodstox/stax2-api/3.1.4/stax2-api-3.1.4.jar:/home/user/.m2/repository/com/fasterxml/woodstox/woodstox-core/5.0.3/woodstox-core-5.0.3.jar:/home/user/.m2/repository/dnsjava/dnsjava/2.1.7/dnsjava-2.1.7.jar:/home/user/.m2/repository/org/apache/hadoop/hadoop-hdfs/3.2.0/hadoop-hdfs-3.2.0.jar:/home/user/.m2/repository/org/eclipse/jetty/jetty-util-ajax/9.3.24.v20180605/jetty-util-ajax-9.3.24.v20180605.jar:/home/user/.m2/repository/commons-daemon/commons-daemon/1.0.13/commons-daemon-1.0.13.jar:/home/user/.m2/repository/io/netty/netty/3.10.5.Final/netty-3.10.5.Final.jar:/home/user/.m2/repository/io/netty/netty-all/4.0.52.Final/netty-all-4.0.52.Final.jar:/home/user/.m2/repository/org/fusesource/leveldbjni/leveldbjni-all/1.8/leveldbjni-all-1.8.jar:/home/user/.m2/repository/org/apache/hadoop/hadoop-hdds-common/0.5.0-SNAPSHOT/hadoop-hdds-common-0.5.0-SNAPSHOT.jar:/home/user/.m2/repository/org/apache/hadoop/hadoop-hdds-config/0.5.0-SNAPSHOT/hadoop-hdds-config-0.5.0-SNAPSHOT.jar:/home/user/.m2/repository/javax/annotation/javax.annotation-api/1.2/javax.annotation-api-1.2.jar:/home/user/.m2/repository/org/apache/ratis/ratis-server/0.4.0/ratis-server-0.4.0.jar:/home/user/.m2/repository/org/apache/ratis/ratis-thirdparty-misc/0.2.0/ratis-thirdparty-misc-0.2.0.jar:/home/user/.m2/repository/org/apache/ratis/ratis-proto/0.4.0/ratis-proto-0.4.0.jar:/home/user/.m2/repository/org/apache/ratis/ratis-common/0.4.0/ratis-common-0.4.0.jar:/home/user/.m2/repository/org/apache/ratis/ratis-client/0.4.0/ratis-client-0.4.0.jar:/home/user/.m2/repository/org/apache/ratis/ratis-metrics/0.4.0/ratis-metrics-0.4.0.jar:/home/user/.m2/repository/com/github/joshelser/dropwizard-metrics-hadoop-metrics2-reporter/0.1.2/dropwizard-metrics-hadoop-metrics2-reporter-0.1.2.jar:/home/user/.m2/repository/io/dropwizard/metrics/metrics-jvm/3.2.5/metrics-jvm-3.2.5.jar:/home/user/.m2/repository/io/dropwizard/metrics/metrics-ganglia/3.2.5/metrics-ganglia-3.2.5.jar:/home/user/.m2/repository/info/ganglia/gmetric4j/gmetric4j/1.0.7/gmetric4j-1.0.7.jar:/home/user/.m2/repository/org/apache/ratis/ratis-netty/0.4.0/ratis-netty-0.4.0.jar:/home/user/.m2/repository/org/apache/ratis/ratis-grpc/0.4.0/ratis-grpc-0.4.0.jar:/home/user/.m2/repository/org/rocksdb/rocksdbjni/6.0.1/rocksdbjni-6.0.1.jar:/home/user/.m2/repository/org/apache/logging/log4j/log4j-api/2.11.0/log4j-api-2.11.0.jar:/home/user/.m2/repository/org/apache/logging/log4j/log4j-core/2.11.0/log4j-core-2.11.0.jar:/home/user/.m2/repository/com/lmax/disruptor/3.4.2/disruptor-3.4.2.jar:/home/user/.m2/repository/org/apache/commons/commons-pool2/2.6.0/commons-pool2-2.6.0.jar:/home/user/.m2/repository/org/bouncycastle/bcpkix-jdk15on/1.60/bcpkix-jdk15on-1.60.jar:/home/user/.m2/repository/commons-validator/commons-validator/1.6/commons-validator-1.6.jar:/home/user/.m2/repository/commons-digester/commons-digester/1.8.1/commons-digester-1.8.1.jar:/home/user/.m2/repository/io/jaegertracing/jaeger-client/0.33.1/jaeger-client-0.33.1.jar:/home/user/.m2/repository/io/jaegertracing/jaeger-thrift/0.33.1/jaeger-thrift-0.33.1.jar:/home/user/.m2/repository/org/apache/thrift/libthrift/0.11.0/libthrift-0.11.0.jar:/home/user/.m2/repository/com/squareup/okhttp3/okhttp/3.9.0/okhttp-3.9.0.jar:/home/user/.m2/repository/com/squareup/okio/okio/1.13.0/okio-1.13.0.jar:/home/user/.m2/repository/io/jaegertracing/jaeger-core/0.33.1/jaeger-core-0.33.1.jar:/home/user/.m2/repository/io/jaegertracing/jaeger-tracerresolver/0.33.1/jaeger-tracerresolver-0.33.1.jar:/home/user/.m2/repository/io/opentracing/contrib/opentracing-tracerresolver/0.1.5/opentracing-tracerresolver-0.1.5.jar:/home/user/.m2/repository/io/opentracing/opentracing-util/0.31.0/opentracing-util-0.31.0.jar:/home/user/.m2/repository/io/opentracing/opentracing-api/0.31.0/opentracing-api-0.31.0.jar:/home/user/.m2/repository/io/opentracing/opentracing-noop/0.31.0/opentracing-noop-0.31.0.jar:/home/user/.m2/repository/org/yaml/snakeyaml/1.16/snakeyaml-1.16.jar:/home/user/.m2/repository/org/apache/hadoop/hadoop-hdfs-client/3.2.0/hadoop-hdfs-client-3.2.0.jar:/home/user/.m2/repository/info/picocli/picocli/3.9.6/picocli-3.9.6.jar:/home/user/.m2/repository/org/apache/hadoop/hadoop-hdds-server-scm/0.5.0-SNAPSHOT/hadoop-hdds-server-scm-0.5.0-SNAPSHOT.jar:/home/user/.m2/repository/org/apache/hadoop/hadoop-hdds-docs/0.5.0-SNAPSHOT/hadoop-hdds-docs-0.5.0-SNAPSHOT.jar:/home/user/.m2/repository/io/dropwizard/metrics/metrics-core/3.2.4/metrics-core-3.2.4.jar:/home/user/.m2/repository/org/hamcrest/hamcrest-all/1.3/hamcrest-all-1.3.jar:/home/user/.m2/repository/org/bouncycastle/bcprov-jdk15on/1.60/bcprov-jdk15on-1.60.jar:/home/user/.m2/repository/org/apache/hadoop/hadoop-hdds-server-framework/0.5.0-SNAPSHOT/hadoop-hdds-server-framework-0.5.0-SNAPSHOT.jar:/home/user/.m2/repository/org/apache/hadoop/hadoop-ozone-ozone-manager/0.5.0-SNAPSHOT/hadoop-ozone-ozone-manager-0.5.0-SNAPSHOT.jar:/home/user/.m2/repository/org/apache/hadoop/hadoop-hdds-container-service/0.5.0-SNAPSHOT/hadoop-hdds-container-service-0.5.0-SNAPSHOT.jar:/home/user/.m2/repository/org/apache/hadoop/hadoop-hdds-client/0.5.0-SNAPSHOT/hadoop-hdds-client-0.5.0-SNAPSHOT.jar:/home/user/.m2/repository/org/apache/hadoop/hadoop-ozone-common/0.5.0-SNAPSHOT/hadoop-ozone-common-0.5.0-SNAPSHOT.jar:/home/user/.m2/repository/org/apache/hadoop/hadoop-hdds-tools/0.5.0-SNAPSHOT/hadoop-hdds-tools-0.5.0-SNAPSHOT.jar:/home/user/.m2/repository/org/xerial/sqlite-jdbc/3.25.2/sqlite-jdbc-3.25.2.jar:/home/user/.m2/repository/com/google/code/findbugs/findbugs/3.0.1/findbugs-3.0.1.jar:/home/user/.m2/repository/net/jcip/jcip-annotations/1.0/jcip-annotations-1.0.jar:/home/user/.m2/repository/com/google/code/findbugs/bcel-findbugs/6.0/bcel-findbugs-6.0.jar:/home/user/.m2/repository/com/google/code/findbugs/jFormatString/2.0.1/jFormatString-2.0.1.jar:/home/user/.m2/repository/dom4j/dom4j/1.6.1/dom4j-1.6.1.jar:/home/user/.m2/repository/xml-apis/xml-apis/1.0.b2/xml-apis-1.0.b2.jar:/home/user/.m2/repository/org/ow2/asm/asm-debug-all/5.0.2/asm-debug-all-5.0.2.jar:/home/user/.m2/repository/org/ow2/asm/asm-commons/5.0.2/asm-commons-5.0.2.jar:/home/user/.m2/repository/org/ow2/asm/asm-tree/5.0.2/asm-tree-5.0.2.jar:/home/user/.m2/repository/org/ow2/asm/asm/5.0.4/asm-5.0.4.jar:/home/user/.m2/repository/commons-lang/commons-lang/2.6/commons-lang-2.6.jar:/home/user/.m2/repository/com/apple/AppleJavaExtensions/1.4/AppleJavaExtensions-1.4.jar:/home/user/.m2/repository/jaxen/jaxen/1.1.6/jaxen-1.1.6.jar:/home/user/.m2/repository/org/apache/hadoop/hadoop-common/3.2.0/hadoop-common-3.2.0-tests.jar:/home/user/.m2/repository/org/apache/hadoop/hadoop-ozone-client/0.5.0-SNAPSHOT/hadoop-ozone-client-0.5.0-SNAPSHOT.jar:/home/user/.m2/repository/org/apache/hadoop/hadoop-hdfs/3.2.0/hadoop-hdfs-3.2.0-tests.jar:/workdir/hadoop-ozone/integration-test/target/test-classes:/home/user/.m2/repository/org/apache/hadoop/hadoop-ozone-s3gateway/0.5.0-SNAPSHOT/hadoop-ozone-s3gateway-0.5.0-SNAPSHOT.jar:/home/user/.m2/repository/org/jboss/weld/servlet/weld-servlet/2.4.7.Final/weld-servlet-2.4.7.Final.jar:/home/user/.m2/repository/org/glassfish/jersey/containers/jersey-container-servlet-core/2.27/jersey-container-servlet-core-2.27.jar:/home/user/.m2/repository/org/glassfish/hk2/external/javax.inject/2.5.0-b42/javax.inject-2.5.0-b42.jar:/home/user/.m2/repository/org/glassfish/jersey/core/jersey-common/2.27/jersey-common-2.27.jar:/home/user/.m2/repository/org/glassfish/hk2/osgi-resource-locator/1.0.1/osgi-resource-locator-1.0.1.jar:/home/user/.m2/repository/javax/ws/rs/javax.ws.rs-api/2.1/javax.ws.rs-api-2.1.jar:/home/user/.m2/repository/org/glassfish/jersey/ext/cdi/jersey-cdi1x/2.27/jersey-cdi1x-2.27.jar:/home/user/.m2/repository/org/glassfish/jersey/inject/jersey-hk2/2.27/jersey-hk2-2.27.jar:/home/user/.m2/repository/org/glassfish/hk2/hk2-locator/2.5.0-b42/hk2-locator-2.5.0-b42.jar:/home/user/.m2/repository/org/javassist/javassist/3.22.0-CR2/javassist-3.22.0-CR2.jar:/home/user/.m2/repository/org/glassfish/hk2/hk2-api/2.5.0/hk2-api-2.5.0.jar:/home/user/.m2/repository/org/glassfish/hk2/external/jakarta.inject/2.5.0/jakarta.inject-2.5.0.jar:/home/user/.m2/repository/org/glassfish/hk2/hk2-utils/2.5.0/hk2-utils-2.5.0.jar:/home/user/.m2/repository/jakarta/annotation/jakarta.annotation-api/1.3.4/jakarta.annotation-api-1.3.4.jar:/home/user/.m2/repository/org/glassfish/hk2/external/aopalliance-repackaged/2.5.0/aopalliance-repackaged-2.5.0.jar:/home/user/.m2/repository/com/fasterxml/jackson/dataformat/jackson-dataformat-xml/2.9.0/jackson-dataformat-xml-2.9.0.jar:/home/user/.m2/repository/com/fasterxml/jackson/module/jackson-module-jaxb-annotations/2.9.9/jackson-module-jaxb-annotations-2.9.9.jar:/home/user/.m2/repository/javax/enterprise/cdi-api/1.2/cdi-api-1.2.jar:/home/user/.m2/repository/javax/el/javax.el-api/3.0.0/javax.el-api-3.0.0.jar:/home/user/.m2/repository/javax/interceptor/javax.interceptor-api/1.2/javax.interceptor-api-1.2.jar:/home/user/.m2/repository/javax/inject/javax.inject/1/javax.inject-1.jar:/home/user/.m2/repository/com/sun/xml/bind/jaxb-core/2.3.0.1/jaxb-core-2.3.0.1.jar:/home/user/.m2/repository/javax/xml/bind/jaxb-api/2.3.0/jaxb-api-2.3.0.jar:/home/user/.m2/repository/javax/activation/activation/1.1.1/activation-1.1.1.jar:/home/user/.m2/repository/org/apache/hadoop/hadoop-ozone-csi/0.5.0-SNAPSHOT/hadoop-ozone-csi-0.5.0-SNAPSHOT.jar:/home/user/.m2/repository/com/google/protobuf/protobuf-java-util/3.5.1/protobuf-java-util-3.5.1.jar:/home/user/.m2/repository/io/grpc/grpc-netty/1.17.1/grpc-netty-1.17.1.jar:/home/user/.m2/repository/io/grpc/grpc-core/1.17.1/grpc-core-1.17.1.jar:/home/user/.m2/repository/io/grpc/grpc-context/1.17.1/grpc-context-1.17.1.jar:/home/user/.m2/repository/com/google/errorprone/error_prone_annotations/2.2.0/error_prone_annotations-2.2.0.jar:/home/user/.m2/repository/org/codehaus/mojo/animal-sniffer-annotations/1.17/animal-sniffer-annotations-1.17.jar:/home/user/.m2/repository/io/opencensus/opencensus-api/0.17.0/opencensus-api-0.17.0.jar:/home/user/.m2/repository/io/opencensus/opencensus-contrib-grpc-metrics/0.17.0/opencensus-contrib-grpc-metrics-0.17.0.jar:/home/user/.m2/repository/io/netty/netty-codec-http2/4.1.30.Final/netty-codec-http2-4.1.30.Final.jar:/home/user/.m2/repository/io/netty/netty-codec-http/4.1.30.Final/netty-codec-http-4.1.30.Final.jar:/home/user/.m2/repository/io/netty/netty-codec/4.1.30.Final/netty-codec-4.1.30.Final.jar:/home/user/.m2/repository/io/netty/netty-handler/4.1.30.Final/netty-handler-4.1.30.Final.jar:/home/user/.m2/repository/io/netty/netty-handler-proxy/4.1.30.Final/netty-handler-proxy-4.1.30.Final.jar:/home/user/.m2/repository/io/netty/netty-codec-socks/4.1.30.Final/netty-codec-socks-4.1.30.Final.jar:/home/user/.m2/repository/io/netty/netty-transport-native-epoll/4.1.30.Final/netty-transport-native-epoll-4.1.30.Final.jar:/home/user/.m2/repository/io/netty/netty-common/4.1.30.Final/netty-common-4.1.30.Final.jar:/home/user/.m2/repository/io/netty/netty-buffer/4.1.30.Final/netty-buffer-4.1.30.Final.jar:/home/user/.m2/repository/io/netty/netty-transport/4.1.30.Final/netty-transport-4.1.30.Final.jar:/home/user/.m2/repository/io/netty/netty-resolver/4.1.30.Final/netty-resolver-4.1.30.Final.jar:/home/user/.m2/repository/io/netty/netty-transport-native-unix-common/4.1.30.Final/netty-transport-native-unix-common-4.1.30.Final.jar:/home/user/.m2/repository/io/grpc/grpc-protobuf/1.17.1/grpc-protobuf-1.17.1.jar:/home/user/.m2/repository/com/google/api/grpc/proto-google-common-protos/1.0.0/proto-google-common-protos-1.0.0.jar:/home/user/.m2/repository/io/grpc/grpc-protobuf-lite/1.17.1/grpc-protobuf-lite-1.17.1.jar:/home/user/.m2/repository/io/grpc/grpc-stub/1.17.1/grpc-stub-1.17.1.jar:/home/user/.m2/repository/org/apache/hadoop/hadoop-ozone-recon/0.5.0-SNAPSHOT/hadoop-ozone-recon-0.5.0-SNAPSHOT.jar:/home/user/.m2/repository/org/apache/hadoop/hadoop-ozone-reconcodegen/0.5.0-SNAPSHOT/hadoop-ozone-reconcodegen-0.5.0-SNAPSHOT.jar:/home/user/.m2/repository/com/google/inject/extensions/guice-multibindings/4.0/guice-multibindings-4.0.jar:/home/user/.m2/repository/com/google/inject/guice/4.0/guice-4.0.jar:/home/user/.m2/repository/aopalliance/aopalliance/1.0/aopalliance-1.0.jar:/home/user/.m2/repository/org/glassfish/jersey/containers/jersey-container-servlet/2.27/jersey-container-servlet-2.27.jar:/home/user/.m2/repository/org/glassfish/hk2/guice-bridge/2.5.0/guice-bridge-2.5.0.jar:/home/user/.m2/repository/org/glassfish/jersey/core/jersey-server/2.27/jersey-server-2.27.jar:/home/user/.m2/repository/org/glassfish/jersey/core/jersey-client/2.27/jersey-client-2.27.jar:/home/user/.m2/repository/org/glassfish/jersey/media/jersey-media-jaxb/2.27/jersey-media-jaxb-2.27.jar:/home/user/.m2/repository/javax/validation/validation-api/1.1.0.Final/validation-api-1.1.0.Final.jar:/home/user/.m2/repository/org/glassfish/jersey/media/jersey-media-json-jackson/2.27/jersey-media-json-jackson-2.27.jar:/home/user/.m2/repository/org/glassfish/jersey/ext/jersey-entity-filtering/2.27/jersey-entity-filtering-2.27.jar:/home/user/.m2/repository/com/google/inject/extensions/guice-assistedinject/4.0/guice-assistedinject-4.0.jar:/home/user/.m2/repository/org/jooq/jooq/3.11.10/jooq-3.11.10.jar:/home/user/.m2/repository/org/jooq/jooq-meta/3.11.10/jooq-meta-3.11.10.jar:/home/user/.m2/repository/org/jooq/jooq-codegen/3.11.10/jooq-codegen-3.11.10.jar:/home/user/.m2/repository/com/jolbox/bonecp/0.8.0.RELEASE/bonecp-0.8.0.RELEASE.jar:/home/user/.m2/repository/org/springframework/spring-jdbc/5.1.3.RELEASE/spring-jdbc-5.1.3.RELEASE.jar:/home/user/.m2/repository/org/springframework/spring-beans/5.1.3.RELEASE/spring-beans-5.1.3.RELEASE.jar:/home/user/.m2/repository/org/springframework/spring-core/5.1.3.RELEASE/spring-core-5.1.3.RELEASE.jar:/home/user/.m2/repository/org/springframework/spring-jcl/5.1.3.RELEASE/spring-jcl-5.1.3.RELEASE.jar:/home/user/.m2/repository/org/springframework/spring-tx/5.1.3.RELEASE/spring-tx-5.1.3.RELEASE.jar:/home/user/.m2/repository/org/mockito/mockito-all/1.10.19/mockito-all-1.10.19.jar:/home/user/.m2/repository/junit/junit/4.11/junit-4.11.jar:/home/user/.m2/repository/org/hamcrest/hamcrest-core/1.3/hamcrest-core-1.3.jar:/home/user/.m2/repository/org/apache/hadoop/hadoop-distcp/3.2.0/hadoop-distcp-3.2.0.jar:/home/user/.m2/repository/org/apache/hadoop/hadoop-distcp/3.2.0/hadoop-distcp-3.2.0-tests.jar:/home/user/.m2/repository/org/apache/hadoop/hadoop-mapreduce-client-jobclient/3.2.0/hadoop-mapreduce-client-jobclient-3.2.0.jar:/home/user/.m2/repository/org/apache/hadoop/hadoop-mapreduce-client-common/3.2.0/hadoop-mapreduce-client-common-3.2.0.jar:/home/user/.m2/repository/org/apache/hadoop/hadoop-yarn-common/3.2.0/hadoop-yarn-common-3.2.0.jar:/home/user/.m2/repository/org/apache/hadoop/hadoop-yarn-api/3.2.0/hadoop-yarn-api-3.2.0.jar:/home/user/.m2/repository/com/sun/jersey/jersey-client/1.19/jersey-client-1.19.jar:/home/user/.m2/repository/com/sun/jersey/contribs/jersey-guice/1.19/jersey-guice-1.19.jar:/home/user/.m2/repository/com/fasterxml/jackson/jaxrs/jackson-jaxrs-json-provider/2.9.9/jackson-jaxrs-json-provider-2.9.9.jar:/home/user/.m2/repository/com/fasterxml/jackson/jaxrs/jackson-jaxrs-base/2.9.9/jackson-jaxrs-base-2.9.9.jar:/home/user/.m2/repository/org/apache/hadoop/hadoop-yarn-client/3.2.0/hadoop-yarn-client-3.2.0.jar:/home/user/.m2/repository/org/apache/hadoop/hadoop-mapreduce-client-core/3.2.0/hadoop-mapreduce-client-core-3.2.0.jar:/home/user/.m2/repository/com/google/inject/extensions/guice-servlet/4.0/guice-servlet-4.0.jar:/home/user/.m2/repository/org/powermock/powermock-module-junit4/1.6.5/powermock-module-junit4-1.6.5.jar:/home/user/.m2/repository/org/powermock/powermock-module-junit4-common/1.6.5/powermock-module-junit4-common-1.6.5.jar:/home/user/.m2/repository/org/powermock/powermock-core/1.6.5/powermock-core-1.6.5.jar:/home/user/.m2/repository/org/powermock/powermock-reflect/1.6.5/powermock-reflect-1.6.5.jar:/home/user/.m2/repository/org/powermock/powermock-api-mockito/1.6.5/powermock-api-mockito-1.6.5.jar:/home/user/.m2/repository/org/mockito/mockito-core/1.10.19/mockito-core-1.10.19.jar:/home/user/.m2/repository/org/objenesis/objenesis/1.0/objenesis-1.0.jar:/home/user/.m2/repository/org/powermock/powermock-api-mockito-common/1.6.5/powermock-api-mockito-common-1.6.5.jar:/home/user/.m2/repository/org/powermock/powermock-api-support/1.6.5/powermock-api-support-1.6.5.jar:"/>
    <property name="java.vm.vendor" value="IcedTea"/>
    <property name="sun.arch.data.model" value="64"/>
    <property name="test.build.dir" value="/workdir/hadoop-ozone/ozonefs/target/test-dir"/>
    <property name="test.cache.data" value=""/>
    <property name="java.vendor.url" value="https://icedtea.classpath.org"/>
    <property name="user.timezone" value=""/>
    <property name="java.vm.specification.version" value="1.8"/>
    <property name="os.name" value="Linux"/>
    <property name="test.build.data" value="/workdir/hadoop-ozone/ozonefs/target/test-dir"/>
    <property name="user.country" value="US"/>
    <property name="sun.java.launcher" value="SUN_STANDARD"/>
    <property name="sun.boot.library.path" value="/usr/lib/jvm/java-1.8-openjdk/jre/lib/amd64"/>
    <property name="sun.java.command" value="/workdir/hadoop-ozone/ozonefs/target/surefire/surefirebooter2719996338712470870.jar /workdir/hadoop-ozone/ozonefs/target/surefire 2019-09-21T02-30-15_484-jvmRun1 surefire1098694293191768169tmp surefire_966698368866597351425tmp"/>
    <property name="test" value="!TestMiniChaosOzoneCluster"/>
    <property name="surefire.test.class.path" value="/workdir/hadoop-ozone/ozonefs/target/test-classes:/workdir/hadoop-ozone/ozonefs/target/classes:/home/user/.m2/repository/org/apache/hadoop/hadoop-common/3.2.0/hadoop-common-3.2.0.jar:/home/user/.m2/repository/org/apache/hadoop/hadoop-annotations/3.2.0/hadoop-annotations-3.2.0.jar:/usr/lib/jvm/java-1.8-openjdk/jre/../lib/tools.jar:/home/user/.m2/repository/com/google/guava/guava/11.0.2/guava-11.0.2.jar:/home/user/.m2/repository/commons-cli/commons-cli/1.2/commons-cli-1.2.jar:/home/user/.m2/repository/org/apache/commons/commons-math3/3.1.1/commons-math3-3.1.1.jar:/home/user/.m2/repository/org/apache/httpcomponents/httpclient/4.5.2/httpclient-4.5.2.jar:/home/user/.m2/repository/org/apache/httpcomponents/httpcore/4.4.4/httpcore-4.4.4.jar:/home/user/.m2/repository/commons-codec/commons-codec/1.11/commons-codec-1.11.jar:/home/user/.m2/repository/commons-io/commons-io/2.5/commons-io-2.5.jar:/home/user/.m2/repository/commons-net/commons-net/3.6/commons-net-3.6.jar:/home/user/.m2/repository/commons-collections/commons-collections/3.2.2/commons-collections-3.2.2.jar:/home/user/.m2/repository/javax/servlet/javax.servlet-api/3.1.0/javax.servlet-api-3.1.0.jar:/home/user/.m2/repository/org/eclipse/jetty/jetty-server/9.3.24.v20180605/jetty-server-9.3.24.v20180605.jar:/home/user/.m2/repository/org/eclipse/jetty/jetty-http/9.3.24.v20180605/jetty-http-9.3.24.v20180605.jar:/home/user/.m2/repository/org/eclipse/jetty/jetty-io/9.3.24.v20180605/jetty-io-9.3.24.v20180605.jar:/home/user/.m2/repository/org/eclipse/jetty/jetty-util/9.3.24.v20180605/jetty-util-9.3.24.v20180605.jar:/home/user/.m2/repository/org/eclipse/jetty/jetty-servlet/9.3.24.v20180605/jetty-servlet-9.3.24.v20180605.jar:/home/user/.m2/repository/org/eclipse/jetty/jetty-security/9.3.24.v20180605/jetty-security-9.3.24.v20180605.jar:/home/user/.m2/repository/org/eclipse/jetty/jetty-webapp/9.3.24.v20180605/jetty-webapp-9.3.24.v20180605.jar:/home/user/.m2/repository/org/eclipse/jetty/jetty-xml/9.3.24.v20180605/jetty-xml-9.3.24.v20180605.jar:/home/user/.m2/repository/javax/servlet/jsp/jsp-api/2.1/jsp-api-2.1.jar:/home/user/.m2/repository/com/sun/jersey/jersey-core/1.19/jersey-core-1.19.jar:/home/user/.m2/repository/javax/ws/rs/jsr311-api/1.1.1/jsr311-api-1.1.1.jar:/home/user/.m2/repository/com/sun/jersey/jersey-servlet/1.19/jersey-servlet-1.19.jar:/home/user/.m2/repository/com/sun/jersey/jersey-json/1.19/jersey-json-1.19.jar:/home/user/.m2/repository/org/codehaus/jettison/jettison/1.1/jettison-1.1.jar:/home/user/.m2/repository/com/sun/xml/bind/jaxb-impl/2.3.0.1/jaxb-impl-2.3.0.1.jar:/home/user/.m2/repository/org/codehaus/jackson/jackson-core-asl/1.9.13/jackson-core-asl-1.9.13.jar:/home/user/.m2/repository/org/codehaus/jackson/jackson-mapper-asl/1.9.13/jackson-mapper-asl-1.9.13.jar:/home/user/.m2/repository/org/codehaus/jackson/jackson-jaxrs/1.9.13/jackson-jaxrs-1.9.13.jar:/home/user/.m2/repository/org/codehaus/jackson/jackson-xc/1.9.13/jackson-xc-1.9.13.jar:/home/user/.m2/repository/com/sun/jersey/jersey-server/1.19/jersey-server-1.19.jar:/home/user/.m2/repository/commons-logging/commons-logging/1.1.3/commons-logging-1.1.3.jar:/home/user/.m2/repository/log4j/log4j/1.2.17/log4j-1.2.17.jar:/home/user/.m2/repository/commons-beanutils/commons-beanutils/1.9.4/commons-beanutils-1.9.4.jar:/home/user/.m2/repository/org/apache/commons/commons-configuration2/2.1.1/commons-configuration2-2.1.1.jar:/home/user/.m2/repository/org/apache/commons/commons-lang3/3.7/commons-lang3-3.7.jar:/home/user/.m2/repository/org/apache/commons/commons-text/1.4/commons-text-1.4.jar:/home/user/.m2/repository/org/slf4j/slf4j-api/1.7.25/slf4j-api-1.7.25.jar:/home/user/.m2/repository/org/slf4j/slf4j-log4j12/1.7.25/slf4j-log4j12-1.7.25.jar:/home/user/.m2/repository/org/apache/avro/avro/1.7.7/avro-1.7.7.jar:/home/user/.m2/repository/com/thoughtworks/paranamer/paranamer/2.3/paranamer-2.3.jar:/home/user/.m2/repository/org/xerial/snappy/snappy-java/1.0.5/snappy-java-1.0.5.jar:/home/user/.m2/repository/com/google/re2j/re2j/1.1/re2j-1.1.jar:/home/user/.m2/repository/com/google/protobuf/protobuf-java/2.5.0/protobuf-java-2.5.0.jar:/home/user/.m2/repository/com/google/code/gson/gson/2.2.4/gson-2.2.4.jar:/home/user/.m2/repository/org/apache/hadoop/hadoop-auth/3.2.0/hadoop-auth-3.2.0.jar:/home/user/.m2/repository/com/nimbusds/nimbus-jose-jwt/4.41.1/nimbus-jose-jwt-4.41.1.jar:/home/user/.m2/repository/com/github/stephenc/jcip/jcip-annotations/1.0-1/jcip-annotations-1.0-1.jar:/home/user/.m2/repository/net/minidev/json-smart/2.3/json-smart-2.3.jar:/home/user/.m2/repository/net/minidev/accessors-smart/1.2/accessors-smart-1.2.jar:/home/user/.m2/repository/org/apache/curator/curator-framework/2.12.0/curator-framework-2.12.0.jar:/home/user/.m2/repository/com/jcraft/jsch/0.1.54/jsch-0.1.54.jar:/home/user/.m2/repository/org/apache/curator/curator-client/2.12.0/curator-client-2.12.0.jar:/home/user/.m2/repository/org/apache/curator/curator-recipes/2.12.0/curator-recipes-2.12.0.jar:/home/user/.m2/repository/com/google/code/findbugs/jsr305/3.0.0/jsr305-3.0.0.jar:/home/user/.m2/repository/org/apache/htrace/htrace-core4/4.1.0-incubating/htrace-core4-4.1.0-incubating.jar:/home/user/.m2/repository/org/apache/zookeeper/zookeeper/3.4.13/zookeeper-3.4.13.jar:/home/user/.m2/repository/org/apache/yetus/audience-annotations/0.5.0/audience-annotations-0.5.0.jar:/home/user/.m2/repository/org/apache/commons/commons-compress/1.4.1/commons-compress-1.4.1.jar:/home/user/.m2/repository/org/tukaani/xz/1.0/xz-1.0.jar:/home/user/.m2/repository/org/apache/kerby/kerb-simplekdc/1.0.1/kerb-simplekdc-1.0.1.jar:/home/user/.m2/repository/org/apache/kerby/kerb-client/1.0.1/kerb-client-1.0.1.jar:/home/user/.m2/repository/org/apache/kerby/kerby-config/1.0.1/kerby-config-1.0.1.jar:/home/user/.m2/repository/org/apache/kerby/kerb-core/1.0.1/kerb-core-1.0.1.jar:/home/user/.m2/repository/org/apache/kerby/kerby-pkix/1.0.1/kerby-pkix-1.0.1.jar:/home/user/.m2/repository/org/apache/kerby/kerby-asn1/1.0.1/kerby-asn1-1.0.1.jar:/home/user/.m2/repository/org/apache/kerby/kerby-util/1.0.1/kerby-util-1.0.1.jar:/home/user/.m2/repository/org/apache/kerby/kerb-common/1.0.1/kerb-common-1.0.1.jar:/home/user/.m2/repository/org/apache/kerby/kerb-crypto/1.0.1/kerb-crypto-1.0.1.jar:/home/user/.m2/repository/org/apache/kerby/kerb-util/1.0.1/kerb-util-1.0.1.jar:/home/user/.m2/repository/org/apache/kerby/token-provider/1.0.1/token-provider-1.0.1.jar:/home/user/.m2/repository/org/apache/kerby/kerb-admin/1.0.1/kerb-admin-1.0.1.jar:/home/user/.m2/repository/org/apache/kerby/kerb-server/1.0.1/kerb-server-1.0.1.jar:/home/user/.m2/repository/org/apache/kerby/kerb-identity/1.0.1/kerb-identity-1.0.1.jar:/home/user/.m2/repository/org/apache/kerby/kerby-xdr/1.0.1/kerby-xdr-1.0.1.jar:/home/user/.m2/repository/com/fasterxml/jackson/core/jackson-databind/2.9.9/jackson-databind-2.9.9.jar:/home/user/.m2/repository/com/fasterxml/jackson/core/jackson-annotations/2.9.9/jackson-annotations-2.9.9.jar:/home/user/.m2/repository/com/fasterxml/jackson/core/jackson-core/2.9.9/jackson-core-2.9.9.jar:/home/user/.m2/repository/org/codehaus/woodstox/stax2-api/3.1.4/stax2-api-3.1.4.jar:/home/user/.m2/repository/com/fasterxml/woodstox/woodstox-core/5.0.3/woodstox-core-5.0.3.jar:/home/user/.m2/repository/dnsjava/dnsjava/2.1.7/dnsjava-2.1.7.jar:/home/user/.m2/repository/org/apache/hadoop/hadoop-hdfs/3.2.0/hadoop-hdfs-3.2.0.jar:/home/user/.m2/repository/org/eclipse/jetty/jetty-util-ajax/9.3.24.v20180605/jetty-util-ajax-9.3.24.v20180605.jar:/home/user/.m2/repository/commons-daemon/commons-daemon/1.0.13/commons-daemon-1.0.13.jar:/home/user/.m2/repository/io/netty/netty/3.10.5.Final/netty-3.10.5.Final.jar:/home/user/.m2/repository/io/netty/netty-all/4.0.52.Final/netty-all-4.0.52.Final.jar:/home/user/.m2/repository/org/fusesource/leveldbjni/leveldbjni-all/1.8/leveldbjni-all-1.8.jar:/home/user/.m2/repository/org/apache/hadoop/hadoop-hdds-common/0.5.0-SNAPSHOT/hadoop-hdds-common-0.5.0-SNAPSHOT.jar:/home/user/.m2/repository/org/apache/hadoop/hadoop-hdds-config/0.5.0-SNAPSHOT/hadoop-hdds-config-0.5.0-SNAPSHOT.jar:/home/user/.m2/repository/javax/annotation/javax.annotation-api/1.2/javax.annotation-api-1.2.jar:/home/user/.m2/repository/org/apache/ratis/ratis-server/0.4.0/ratis-server-0.4.0.jar:/home/user/.m2/repository/org/apache/ratis/ratis-thirdparty-misc/0.2.0/ratis-thirdparty-misc-0.2.0.jar:/home/user/.m2/repository/org/apache/ratis/ratis-proto/0.4.0/ratis-proto-0.4.0.jar:/home/user/.m2/repository/org/apache/ratis/ratis-common/0.4.0/ratis-common-0.4.0.jar:/home/user/.m2/repository/org/apache/ratis/ratis-client/0.4.0/ratis-client-0.4.0.jar:/home/user/.m2/repository/org/apache/ratis/ratis-metrics/0.4.0/ratis-metrics-0.4.0.jar:/home/user/.m2/repository/com/github/joshelser/dropwizard-metrics-hadoop-metrics2-reporter/0.1.2/dropwizard-metrics-hadoop-metrics2-reporter-0.1.2.jar:/home/user/.m2/repository/io/dropwizard/metrics/metrics-jvm/3.2.5/metrics-jvm-3.2.5.jar:/home/user/.m2/repository/io/dropwizard/metrics/metrics-ganglia/3.2.5/metrics-ganglia-3.2.5.jar:/home/user/.m2/repository/info/ganglia/gmetric4j/gmetric4j/1.0.7/gmetric4j-1.0.7.jar:/home/user/.m2/repository/org/apache/ratis/ratis-netty/0.4.0/ratis-netty-0.4.0.jar:/home/user/.m2/repository/org/apache/ratis/ratis-grpc/0.4.0/ratis-grpc-0.4.0.jar:/home/user/.m2/repository/org/rocksdb/rocksdbjni/6.0.1/rocksdbjni-6.0.1.jar:/home/user/.m2/repository/org/apache/logging/log4j/log4j-api/2.11.0/log4j-api-2.11.0.jar:/home/user/.m2/repository/org/apache/logging/log4j/log4j-core/2.11.0/log4j-core-2.11.0.jar:/home/user/.m2/repository/com/lmax/disruptor/3.4.2/disruptor-3.4.2.jar:/home/user/.m2/repository/org/apache/commons/commons-pool2/2.6.0/commons-pool2-2.6.0.jar:/home/user/.m2/repository/org/bouncycastle/bcpkix-jdk15on/1.60/bcpkix-jdk15on-1.60.jar:/home/user/.m2/repository/commons-validator/commons-validator/1.6/commons-validator-1.6.jar:/home/user/.m2/repository/commons-digester/commons-digester/1.8.1/commons-digester-1.8.1.jar:/home/user/.m2/repository/io/jaegertracing/jaeger-client/0.33.1/jaeger-client-0.33.1.jar:/home/user/.m2/repository/io/jaegertracing/jaeger-thrift/0.33.1/jaeger-thrift-0.33.1.jar:/home/user/.m2/repository/org/apache/thrift/libthrift/0.11.0/libthrift-0.11.0.jar:/home/user/.m2/repository/com/squareup/okhttp3/okhttp/3.9.0/okhttp-3.9.0.jar:/home/user/.m2/repository/com/squareup/okio/okio/1.13.0/okio-1.13.0.jar:/home/user/.m2/repository/io/jaegertracing/jaeger-core/0.33.1/jaeger-core-0.33.1.jar:/home/user/.m2/repository/io/jaegertracing/jaeger-tracerresolver/0.33.1/jaeger-tracerresolver-0.33.1.jar:/home/user/.m2/repository/io/opentracing/contrib/opentracing-tracerresolver/0.1.5/opentracing-tracerresolver-0.1.5.jar:/home/user/.m2/repository/io/opentracing/opentracing-util/0.31.0/opentracing-util-0.31.0.jar:/home/user/.m2/repository/io/opentracing/opentracing-api/0.31.0/opentracing-api-0.31.0.jar:/home/user/.m2/repository/io/opentracing/opentracing-noop/0.31.0/opentracing-noop-0.31.0.jar:/home/user/.m2/repository/org/yaml/snakeyaml/1.16/snakeyaml-1.16.jar:/home/user/.m2/repository/org/apache/hadoop/hadoop-hdfs-client/3.2.0/hadoop-hdfs-client-3.2.0.jar:/home/user/.m2/repository/info/picocli/picocli/3.9.6/picocli-3.9.6.jar:/home/user/.m2/repository/org/apache/hadoop/hadoop-hdds-server-scm/0.5.0-SNAPSHOT/hadoop-hdds-server-scm-0.5.0-SNAPSHOT.jar:/home/user/.m2/repository/org/apache/hadoop/hadoop-hdds-docs/0.5.0-SNAPSHOT/hadoop-hdds-docs-0.5.0-SNAPSHOT.jar:/home/user/.m2/repository/io/dropwizard/metrics/metrics-core/3.2.4/metrics-core-3.2.4.jar:/home/user/.m2/repository/org/hamcrest/hamcrest-all/1.3/hamcrest-all-1.3.jar:/home/user/.m2/repository/org/bouncycastle/bcprov-jdk15on/1.60/bcprov-jdk15on-1.60.jar:/home/user/.m2/repository/org/apache/hadoop/hadoop-hdds-server-framework/0.5.0-SNAPSHOT/hadoop-hdds-server-framework-0.5.0-SNAPSHOT.jar:/home/user/.m2/repository/org/apache/hadoop/hadoop-ozone-ozone-manager/0.5.0-SNAPSHOT/hadoop-ozone-ozone-manager-0.5.0-SNAPSHOT.jar:/home/user/.m2/repository/org/apache/hadoop/hadoop-hdds-container-service/0.5.0-SNAPSHOT/hadoop-hdds-container-service-0.5.0-SNAPSHOT.jar:/home/user/.m2/repository/org/apache/hadoop/hadoop-hdds-client/0.5.0-SNAPSHOT/hadoop-hdds-client-0.5.0-SNAPSHOT.jar:/home/user/.m2/repository/org/apache/hadoop/hadoop-ozone-common/0.5.0-SNAPSHOT/hadoop-ozone-common-0.5.0-SNAPSHOT.jar:/home/user/.m2/repository/org/apache/hadoop/hadoop-hdds-tools/0.5.0-SNAPSHOT/hadoop-hdds-tools-0.5.0-SNAPSHOT.jar:/home/user/.m2/repository/org/xerial/sqlite-jdbc/3.25.2/sqlite-jdbc-3.25.2.jar:/home/user/.m2/repository/com/google/code/findbugs/findbugs/3.0.1/findbugs-3.0.1.jar:/home/user/.m2/repository/net/jcip/jcip-annotations/1.0/jcip-annotations-1.0.jar:/home/user/.m2/repository/com/google/code/findbugs/bcel-findbugs/6.0/bcel-findbugs-6.0.jar:/home/user/.m2/repository/com/google/code/findbugs/jFormatString/2.0.1/jFormatString-2.0.1.jar:/home/user/.m2/repository/dom4j/dom4j/1.6.1/dom4j-1.6.1.jar:/home/user/.m2/repository/xml-apis/xml-apis/1.0.b2/xml-apis-1.0.b2.jar:/home/user/.m2/repository/org/ow2/asm/asm-debug-all/5.0.2/asm-debug-all-5.0.2.jar:/home/user/.m2/repository/org/ow2/asm/asm-commons/5.0.2/asm-commons-5.0.2.jar:/home/user/.m2/repository/org/ow2/asm/asm-tree/5.0.2/asm-tree-5.0.2.jar:/home/user/.m2/repository/org/ow2/asm/asm/5.0.4/asm-5.0.4.jar:/home/user/.m2/repository/commons-lang/commons-lang/2.6/commons-lang-2.6.jar:/home/user/.m2/repository/com/apple/AppleJavaExtensions/1.4/AppleJavaExtensions-1.4.jar:/home/user/.m2/repository/jaxen/jaxen/1.1.6/jaxen-1.1.6.jar:/home/user/.m2/repository/org/apache/hadoop/hadoop-common/3.2.0/hadoop-common-3.2.0-tests.jar:/home/user/.m2/repository/org/apache/hadoop/hadoop-ozone-client/0.5.0-SNAPSHOT/hadoop-ozone-client-0.5.0-SNAPSHOT.jar:/home/user/.m2/repository/org/apache/hadoop/hadoop-hdfs/3.2.0/hadoop-hdfs-3.2.0-tests.jar:/workdir/hadoop-ozone/integration-test/target/test-classes:/home/user/.m2/repository/org/apache/hadoop/hadoop-ozone-s3gateway/0.5.0-SNAPSHOT/hadoop-ozone-s3gateway-0.5.0-SNAPSHOT.jar:/home/user/.m2/repository/org/jboss/weld/servlet/weld-servlet/2.4.7.Final/weld-servlet-2.4.7.Final.jar:/home/user/.m2/repository/org/glassfish/jersey/containers/jersey-container-servlet-core/2.27/jersey-container-servlet-core-2.27.jar:/home/user/.m2/repository/org/glassfish/hk2/external/javax.inject/2.5.0-b42/javax.inject-2.5.0-b42.jar:/home/user/.m2/repository/org/glassfish/jersey/core/jersey-common/2.27/jersey-common-2.27.jar:/home/user/.m2/repository/org/glassfish/hk2/osgi-resource-locator/1.0.1/osgi-resource-locator-1.0.1.jar:/home/user/.m2/repository/javax/ws/rs/javax.ws.rs-api/2.1/javax.ws.rs-api-2.1.jar:/home/user/.m2/repository/org/glassfish/jersey/ext/cdi/jersey-cdi1x/2.27/jersey-cdi1x-2.27.jar:/home/user/.m2/repository/org/glassfish/jersey/inject/jersey-hk2/2.27/jersey-hk2-2.27.jar:/home/user/.m2/repository/org/glassfish/hk2/hk2-locator/2.5.0-b42/hk2-locator-2.5.0-b42.jar:/home/user/.m2/repository/org/javassist/javassist/3.22.0-CR2/javassist-3.22.0-CR2.jar:/home/user/.m2/repository/org/glassfish/hk2/hk2-api/2.5.0/hk2-api-2.5.0.jar:/home/user/.m2/repository/org/glassfish/hk2/external/jakarta.inject/2.5.0/jakarta.inject-2.5.0.jar:/home/user/.m2/repository/org/glassfish/hk2/hk2-utils/2.5.0/hk2-utils-2.5.0.jar:/home/user/.m2/repository/jakarta/annotation/jakarta.annotation-api/1.3.4/jakarta.annotation-api-1.3.4.jar:/home/user/.m2/repository/org/glassfish/hk2/external/aopalliance-repackaged/2.5.0/aopalliance-repackaged-2.5.0.jar:/home/user/.m2/repository/com/fasterxml/jackson/dataformat/jackson-dataformat-xml/2.9.0/jackson-dataformat-xml-2.9.0.jar:/home/user/.m2/repository/com/fasterxml/jackson/module/jackson-module-jaxb-annotations/2.9.9/jackson-module-jaxb-annotations-2.9.9.jar:/home/user/.m2/repository/javax/enterprise/cdi-api/1.2/cdi-api-1.2.jar:/home/user/.m2/repository/javax/el/javax.el-api/3.0.0/javax.el-api-3.0.0.jar:/home/user/.m2/repository/javax/interceptor/javax.interceptor-api/1.2/javax.interceptor-api-1.2.jar:/home/user/.m2/repository/javax/inject/javax.inject/1/javax.inject-1.jar:/home/user/.m2/repository/com/sun/xml/bind/jaxb-core/2.3.0.1/jaxb-core-2.3.0.1.jar:/home/user/.m2/repository/javax/xml/bind/jaxb-api/2.3.0/jaxb-api-2.3.0.jar:/home/user/.m2/repository/javax/activation/activation/1.1.1/activation-1.1.1.jar:/home/user/.m2/repository/org/apache/hadoop/hadoop-ozone-csi/0.5.0-SNAPSHOT/hadoop-ozone-csi-0.5.0-SNAPSHOT.jar:/home/user/.m2/repository/com/google/protobuf/protobuf-java-util/3.5.1/protobuf-java-util-3.5.1.jar:/home/user/.m2/repository/io/grpc/grpc-netty/1.17.1/grpc-netty-1.17.1.jar:/home/user/.m2/repository/io/grpc/grpc-core/1.17.1/grpc-core-1.17.1.jar:/home/user/.m2/repository/io/grpc/grpc-context/1.17.1/grpc-context-1.17.1.jar:/home/user/.m2/repository/com/google/errorprone/error_prone_annotations/2.2.0/error_prone_annotations-2.2.0.jar:/home/user/.m2/repository/org/codehaus/mojo/animal-sniffer-annotations/1.17/animal-sniffer-annotations-1.17.jar:/home/user/.m2/repository/io/opencensus/opencensus-api/0.17.0/opencensus-api-0.17.0.jar:/home/user/.m2/repository/io/opencensus/opencensus-contrib-grpc-metrics/0.17.0/opencensus-contrib-grpc-metrics-0.17.0.jar:/home/user/.m2/repository/io/netty/netty-codec-http2/4.1.30.Final/netty-codec-http2-4.1.30.Final.jar:/home/user/.m2/repository/io/netty/netty-codec-http/4.1.30.Final/netty-codec-http-4.1.30.Final.jar:/home/user/.m2/repository/io/netty/netty-codec/4.1.30.Final/netty-codec-4.1.30.Final.jar:/home/user/.m2/repository/io/netty/netty-handler/4.1.30.Final/netty-handler-4.1.30.Final.jar:/home/user/.m2/repository/io/netty/netty-handler-proxy/4.1.30.Final/netty-handler-proxy-4.1.30.Final.jar:/home/user/.m2/repository/io/netty/netty-codec-socks/4.1.30.Final/netty-codec-socks-4.1.30.Final.jar:/home/user/.m2/repository/io/netty/netty-transport-native-epoll/4.1.30.Final/netty-transport-native-epoll-4.1.30.Final.jar:/home/user/.m2/repository/io/netty/netty-common/4.1.30.Final/netty-common-4.1.30.Final.jar:/home/user/.m2/repository/io/netty/netty-buffer/4.1.30.Final/netty-buffer-4.1.30.Final.jar:/home/user/.m2/repository/io/netty/netty-transport/4.1.30.Final/netty-transport-4.1.30.Final.jar:/home/user/.m2/repository/io/netty/netty-resolver/4.1.30.Final/netty-resolver-4.1.30.Final.jar:/home/user/.m2/repository/io/netty/netty-transport-native-unix-common/4.1.30.Final/netty-transport-native-unix-common-4.1.30.Final.jar:/home/user/.m2/repository/io/grpc/grpc-protobuf/1.17.1/grpc-protobuf-1.17.1.jar:/home/user/.m2/repository/com/google/api/grpc/proto-google-common-protos/1.0.0/proto-google-common-protos-1.0.0.jar:/home/user/.m2/repository/io/grpc/grpc-protobuf-lite/1.17.1/grpc-protobuf-lite-1.17.1.jar:/home/user/.m2/repository/io/grpc/grpc-stub/1.17.1/grpc-stub-1.17.1.jar:/home/user/.m2/repository/org/apache/hadoop/hadoop-ozone-recon/0.5.0-SNAPSHOT/hadoop-ozone-recon-0.5.0-SNAPSHOT.jar:/home/user/.m2/repository/org/apache/hadoop/hadoop-ozone-reconcodegen/0.5.0-SNAPSHOT/hadoop-ozone-reconcodegen-0.5.0-SNAPSHOT.jar:/home/user/.m2/repository/com/google/inject/extensions/guice-multibindings/4.0/guice-multibindings-4.0.jar:/home/user/.m2/repository/com/google/inject/guice/4.0/guice-4.0.jar:/home/user/.m2/repository/aopalliance/aopalliance/1.0/aopalliance-1.0.jar:/home/user/.m2/repository/org/glassfish/jersey/containers/jersey-container-servlet/2.27/jersey-container-servlet-2.27.jar:/home/user/.m2/repository/org/glassfish/hk2/guice-bridge/2.5.0/guice-bridge-2.5.0.jar:/home/user/.m2/repository/org/glassfish/jersey/core/jersey-server/2.27/jersey-server-2.27.jar:/home/user/.m2/repository/org/glassfish/jersey/core/jersey-client/2.27/jersey-client-2.27.jar:/home/user/.m2/repository/org/glassfish/jersey/media/jersey-media-jaxb/2.27/jersey-media-jaxb-2.27.jar:/home/user/.m2/repository/javax/validation/validation-api/1.1.0.Final/validation-api-1.1.0.Final.jar:/home/user/.m2/repository/org/glassfish/jersey/media/jersey-media-json-jackson/2.27/jersey-media-json-jackson-2.27.jar:/home/user/.m2/repository/org/glassfish/jersey/ext/jersey-entity-filtering/2.27/jersey-entity-filtering-2.27.jar:/home/user/.m2/repository/com/google/inject/extensions/guice-assistedinject/4.0/guice-assistedinject-4.0.jar:/home/user/.m2/repository/org/jooq/jooq/3.11.10/jooq-3.11.10.jar:/home/user/.m2/repository/org/jooq/jooq-meta/3.11.10/jooq-meta-3.11.10.jar:/home/user/.m2/repository/org/jooq/jooq-codegen/3.11.10/jooq-codegen-3.11.10.jar:/home/user/.m2/repository/com/jolbox/bonecp/0.8.0.RELEASE/bonecp-0.8.0.RELEASE.jar:/home/user/.m2/repository/org/springframework/spring-jdbc/5.1.3.RELEASE/spring-jdbc-5.1.3.RELEASE.jar:/home/user/.m2/repository/org/springframework/spring-beans/5.1.3.RELEASE/spring-beans-5.1.3.RELEASE.jar:/home/user/.m2/repository/org/springframework/spring-core/5.1.3.RELEASE/spring-core-5.1.3.RELEASE.jar:/home/user/.m2/repository/org/springframework/spring-jcl/5.1.3.RELEASE/spring-jcl-5.1.3.RELEASE.jar:/home/user/.m2/repository/org/springframework/spring-tx/5.1.3.RELEASE/spring-tx-5.1.3.RELEASE.jar:/home/user/.m2/repository/org/mockito/mockito-all/1.10.19/mockito-all-1.10.19.jar:/home/user/.m2/repository/junit/junit/4.11/junit-4.11.jar:/home/user/.m2/repository/org/hamcrest/hamcrest-core/1.3/hamcrest-core-1.3.jar:/home/user/.m2/repository/org/apache/hadoop/hadoop-distcp/3.2.0/hadoop-distcp-3.2.0.jar:/home/user/.m2/repository/org/apache/hadoop/hadoop-distcp/3.2.0/hadoop-distcp-3.2.0-tests.jar:/home/user/.m2/repository/org/apache/hadoop/hadoop-mapreduce-client-jobclient/3.2.0/hadoop-mapreduce-client-jobclient-3.2.0.jar:/home/user/.m2/repository/org/apache/hadoop/hadoop-mapreduce-client-common/3.2.0/hadoop-mapreduce-client-common-3.2.0.jar:/home/user/.m2/repository/org/apache/hadoop/hadoop-yarn-common/3.2.0/hadoop-yarn-common-3.2.0.jar:/home/user/.m2/repository/org/apache/hadoop/hadoop-yarn-api/3.2.0/hadoop-yarn-api-3.2.0.jar:/home/user/.m2/repository/com/sun/jersey/jersey-client/1.19/jersey-client-1.19.jar:/home/user/.m2/repository/com/sun/jersey/contribs/jersey-guice/1.19/jersey-guice-1.19.jar:/home/user/.m2/repository/com/fasterxml/jackson/jaxrs/jackson-jaxrs-json-provider/2.9.9/jackson-jaxrs-json-provider-2.9.9.jar:/home/user/.m2/repository/com/fasterxml/jackson/jaxrs/jackson-jaxrs-base/2.9.9/jackson-jaxrs-base-2.9.9.jar:/home/user/.m2/repository/org/apache/hadoop/hadoop-yarn-client/3.2.0/hadoop-yarn-client-3.2.0.jar:/home/user/.m2/repository/org/apache/hadoop/hadoop-mapreduce-client-core/3.2.0/hadoop-mapreduce-client-core-3.2.0.jar:/home/user/.m2/repository/com/google/inject/extensions/guice-servlet/4.0/guice-servlet-4.0.jar:/home/user/.m2/repository/org/powermock/powermock-module-junit4/1.6.5/powermock-module-junit4-1.6.5.jar:/home/user/.m2/repository/org/powermock/powermock-module-junit4-common/1.6.5/powermock-module-junit4-common-1.6.5.jar:/home/user/.m2/repository/org/powermock/powermock-core/1.6.5/powermock-core-1.6.5.jar:/home/user/.m2/repository/org/powermock/powermock-reflect/1.6.5/powermock-reflect-1.6.5.jar:/home/user/.m2/repository/org/powermock/powermock-api-mockito/1.6.5/powermock-api-mockito-1.6.5.jar:/home/user/.m2/repository/org/mockito/mockito-core/1.10.19/mockito-core-1.10.19.jar:/home/user/.m2/repository/org/objenesis/objenesis/1.0/objenesis-1.0.jar:/home/user/.m2/repository/org/powermock/powermock-api-mockito-common/1.6.5/powermock-api-mockito-common-1.6.5.jar:/home/user/.m2/repository/org/powermock/powermock-api-support/1.6.5/powermock-api-support-1.6.5.jar:"/>
    <property name="sun.cpu.endian" value="little"/>
    <property name="user.home" value="/home/user"/>
    <property name="user.language" value="en"/>
    <property name="java.specification.vendor" value="Oracle Corporation"/>
    <property name="java.home" value="/usr/lib/jvm/java-1.8-openjdk/jre"/>
    <property name="java.security.krb5.conf" value="/workdir/hadoop-ozone/ozonefs/target/test-classes/krb5.conf"/>
    <property name="basedir" value="/workdir/hadoop-ozone/ozonefs"/>
    <property name="file.separator" value="/"/>
    <property name="line.separator" value="&#10;"/>
    <property name="java.vm.specification.vendor" value="Oracle Corporation"/>
    <property name="java.specification.name" value="Java Platform API Specification"/>
    <property name="java.awt.graphicsenv" value="sun.awt.X11GraphicsEnvironment"/>
    <property name="surefire.real.class.path" value="/workdir/hadoop-ozone/ozonefs/target/surefire/surefirebooter2719996338712470870.jar"/>
    <property name="hadoop.log.dir" value="/workdir/hadoop-ozone/ozonefs/target/log"/>
    <property name="sun.boot.class.path" value="/usr/lib/jvm/java-1.8-openjdk/jre/lib/resources.jar:/usr/lib/jvm/java-1.8-openjdk/jre/lib/rt.jar:/usr/lib/jvm/java-1.8-openjdk/jre/lib/sunrsasign.jar:/usr/lib/jvm/java-1.8-openjdk/jre/lib/jsse.jar:/usr/lib/jvm/java-1.8-openjdk/jre/lib/jce.jar:/usr/lib/jvm/java-1.8-openjdk/jre/lib/charsets.jar:/usr/lib/jvm/java-1.8-openjdk/jre/lib/jfr.jar:/usr/lib/jvm/java-1.8-openjdk/jre/classes"/>
    <property name="sun.management.compiler" value="HotSpot 64-Bit Tiered Compilers"/>
    <property name="java.runtime.version" value="1.8.0_212-b04"/>
    <property name="java.net.preferIPv4Stack" value="true"/>
    <property name="user.name" value="jenkins1000"/>
    <property name="path.separator" value=":"/>
    <property name="java.security.egd" value="file:///dev/urandom"/>
    <property name="os.version" value="3.10.0-957.12.2.el7.x86_64"/>
    <property name="java.endorsed.dirs" value="/usr/lib/jvm/java-1.8-openjdk/jre/lib/endorsed"/>
    <property name="java.runtime.name" value="OpenJDK Runtime Environment"/>
    <property name="file.encoding" value="UTF-8"/>
    <property name="java.vm.name" value="OpenJDK 64-Bit Server VM"/>
    <property name="test.build.webapps" value=""/>
    <property name="localRepository" value="/home/user/.m2/repository"/>
    <property name="java.vendor.url.bug" value="https://icedtea.classpath.org/bugzilla"/>
    <property name="java.io.tmpdir" value="/tmp"/>
    <property name="require.test.libhadoop" value=""/>
    <property name="java.version" value="1.8.0_212"/>
    <property name="user.dir" value="/workdir/hadoop-ozone/ozonefs"/>
    <property name="os.arch" value="amd64"/>
    <property name="java.vm.specification.name" value="Java Virtual Machine Specification"/>
    <property name="test.build.classes" value="/workdir/hadoop-ozone/ozonefs/target/test-classes"/>
    <property name="java.awt.printerjob" value="sun.print.PSPrinterJob"/>
    <property name="sun.os.patch.level" value="unknown"/>
    <property name="hadoop.tmp.dir" value="/workdir/hadoop-ozone/ozonefs/target/tmp"/>
    <property name="java.library.path" value="/usr/lib/jvm/java-1.8-openjdk/jre/lib/amd64/server:/usr/lib/jvm/java-1.8-openjdk/jre/lib/amd64:/usr/lib/jvm/java-1.8-openjdk/jre/../lib/amd64:/workdir/hadoop-ozone/ozonefs/target/native/target/usr/local/lib:/workdir/hadoop-ozone/ozonefs/../../hadoop-common-project/hadoop-common/target/native/target/usr/local/lib:/usr/java/packages/lib/amd64:/usr/lib64:/lib64:/lib:/usr/lib"/>
    <property name="java.vm.info" value="mixed mode"/>
    <property name="java.vendor" value="IcedTea"/>
    <property name="java.vm.version" value="25.212-b04"/>
    <property name="java.ext.dirs" value="/usr/lib/jvm/java-1.8-openjdk/jre/lib/ext:/usr/java/packages/lib/ext"/>
    <property name="sun.io.unicode.encoding" value="UnicodeLittle"/>
    <property name="java.class.version" value="52.0"/>
  </properties>
  <testcase name="testListFilesEmptyDirectoryNonrecursive" classname="org.apache.hadoop.fs.ozone.contract.ITestOzoneContractGetFileStatus" time="1.249"/>
  <testcase name="testListStatusEmptyDirectory" classname="org.apache.hadoop.fs.ozone.contract.ITestOzoneContractGetFileStatus" time="0.131"/>
  <testcase name="testListLocatedStatusFiltering" classname="org.apache.hadoop.fs.ozone.contract.ITestOzoneContractGetFileStatus" time="14.387">
    <error message="Allocated 0 blocks. Requested 1 blocks" type="INTERNAL_ERROR org.apache.hadoop.ozone.om.exceptions.OMException">INTERNAL_ERROR org.apache.hadoop.ozone.om.exceptions.OMException: Allocated 0 blocks. Requested 1 blocks
	at org.apache.hadoop.ozone.om.protocolPB.OzoneManagerProtocolClientSideTranslatorPB.handleError(OzoneManagerProtocolClientSideTranslatorPB.java:732)
	at org.apache.hadoop.ozone.om.protocolPB.OzoneManagerProtocolClientSideTranslatorPB.createFile(OzoneManagerProtocolClientSideTranslatorPB.java:1536)
	at sun.reflect.NativeMethodAccessorImpl.invoke0(Native Method)
	at sun.reflect.NativeMethodAccessorImpl.invoke(NativeMethodAccessorImpl.java:62)
	at sun.reflect.DelegatingMethodAccessorImpl.invoke(DelegatingMethodAccessorImpl.java:43)
	at java.lang.reflect.Method.invoke(Method.java:498)
	at org.apache.hadoop.hdds.tracing.TraceAllMethod.invoke(TraceAllMethod.java:66)
	at com.sun.proxy.$Proxy41.createFile(Unknown Source)
	at org.apache.hadoop.ozone.client.rpc.RpcClient.createFile(RpcClient.java:1006)
	at org.apache.hadoop.ozone.client.OzoneBucket.createFile(OzoneBucket.java:537)
	at org.apache.hadoop.fs.ozone.BasicOzoneClientAdapterImpl.createFile(BasicOzoneClientAdapterImpl.java:205)
	at org.apache.hadoop.fs.ozone.BasicOzoneFileSystem.createOutputStream(BasicOzoneFileSystem.java:250)
	at org.apache.hadoop.fs.ozone.BasicOzoneFileSystem.create(BasicOzoneFileSystem.java:231)
	at org.apache.hadoop.fs.FileSystem.create(FileSystem.java:1118)
	at org.apache.hadoop.fs.FileSystem.create(FileSystem.java:1098)
	at org.apache.hadoop.fs.FileSystem.create(FileSystem.java:987)
	at org.apache.hadoop.fs.contract.ContractTestUtils.createFile(ContractTestUtils.java:633)
	at org.apache.hadoop.fs.contract.ContractTestUtils.touch(ContractTestUtils.java:669)
	at org.apache.hadoop.fs.contract.AbstractContractGetFileStatusTest.touchf(AbstractContractGetFileStatusTest.java:382)
	at org.apache.hadoop.fs.contract.AbstractContractGetFileStatusTest.testListLocatedStatusFiltering(AbstractContractGetFileStatusTest.java:475)
	at sun.reflect.NativeMethodAccessorImpl.invoke0(Native Method)
	at sun.reflect.NativeMethodAccessorImpl.invoke(NativeMethodAccessorImpl.java:62)
	at sun.reflect.DelegatingMethodAccessorImpl.invoke(DelegatingMethodAccessorImpl.java:43)
	at java.lang.reflect.Method.invoke(Method.java:498)
	at org.junit.runners.model.FrameworkMethod$1.runReflectiveCall(FrameworkMethod.java:47)
	at org.junit.internal.runners.model.ReflectiveCallable.run(ReflectiveCallable.java:12)
	at org.junit.runners.model.FrameworkMethod.invokeExplosively(FrameworkMethod.java:44)
	at org.junit.internal.runners.statements.InvokeMethod.evaluate(InvokeMethod.java:17)
	at org.junit.internal.runners.statements.RunBefores.evaluate(RunBefores.java:26)
	at org.junit.internal.runners.statements.RunAfters.evaluate(RunAfters.java:27)
	at org.junit.rules.TestWatcher$1.evaluate(TestWatcher.java:55)
	at org.junit.internal.runners.statements.FailOnTimeout$StatementThread.run(FailOnTimeout.java:74)
</error>
    <system-out><![CDATA[2019-09-21 04:38:54,016 [Thread-217] INFO  rpc.RpcClient (RpcClient.java:createVolume(276)) - Creating Volume: volume56023, with user38518 as owner.
2019-09-21 04:38:54,019 [IPC Server handler 4 on 45116] INFO  volume.OMVolumeCreateRequest (OMVolumeCreateRequest.java:validateAndUpdateCache(189)) - created volume:volume56023 for user:user38518
2019-09-21 04:38:54,023 [Thread-217] INFO  rpc.RpcClient (RpcClient.java:createBucket(415)) - Creating Bucket: volume56023/bucket66279, with Versioning false and Storage Type set to DISK and Encryption set to false 
2019-09-21 04:38:54,098 [Thread-217] INFO  contract.AbstractFSContractTestBase (AbstractFSContractTestBase.java:setup(184)) - Test filesystem = o3fs://bucket66279.volume56023 implemented by OzoneFileSystem{URI=o3fs://bucket66279.volume56023, workingDir=o3fs://bucket66279.volume56023/user/jenkins1000, userName=jenkins1000, statistics=0 bytes read, 0 bytes written, 14 read ops, 0 large read ops, 4 write ops}
2019-09-21 04:38:54,102 [Thread-217] INFO  contract.AbstractFSContractTestBase (AbstractFSContractTestBase.java:describe(255)) - Call listLocatedStatus() with filtering
2019-09-21 04:38:54,102 [Thread-217] INFO  contract.AbstractFSContractTestBase (AbstractFSContractTestBase.java:describe(255)) - Call listStatus() against paths and directories with filtering
2019-09-21 04:38:54,434 [Thread-208] INFO  container.ReplicationManager (ReplicationManager.java:start(162)) - Starting Replication Monitor Thread.
2019-09-21 04:38:54,441 [ReplicationMonitor] INFO  container.ReplicationManager (ReplicationManager.java:run(225)) - Replication Monitor Thread took 1 milliseconds for processing 0 containers.
2019-09-21 04:38:54,531 [RATISCREATEPIPELINE1] ERROR pipeline.RatisPipelineProvider (RatisPipelineProvider.java:lambda$null$5(235)) - Failed invoke Ratis rpc org.apache.hadoop.hdds.scm.pipeline.RatisPipelineProvider$$Lambda$200/505994749@19112e2e for 540b5430-d789-473d-b5c8-a0b50e424f93
org.apache.ratis.protocol.TimeoutIOException: deadline exceeded after 2928264782ns
	at org.apache.ratis.grpc.GrpcUtil.tryUnwrapException(GrpcUtil.java:82)
	at org.apache.ratis.grpc.GrpcUtil.unwrapException(GrpcUtil.java:75)
	at org.apache.ratis.grpc.client.GrpcClientProtocolClient.blockingCall(GrpcClientProtocolClient.java:178)
	at org.apache.ratis.grpc.client.GrpcClientProtocolClient.groupAdd(GrpcClientProtocolClient.java:147)
	at org.apache.ratis.grpc.client.GrpcClientRpc.sendRequest(GrpcClientRpc.java:94)
	at org.apache.ratis.client.impl.RaftClientImpl.sendRequest(RaftClientImpl.java:278)
	at org.apache.ratis.client.impl.RaftClientImpl.groupAdd(RaftClientImpl.java:205)
	at org.apache.hadoop.hdds.scm.pipeline.RatisPipelineProvider.lambda$initializePipeline$4(RatisPipelineProvider.java:196)
	at org.apache.hadoop.hdds.scm.pipeline.RatisPipelineProvider.lambda$null$5(RatisPipelineProvider.java:231)
	at java.util.stream.ForEachOps$ForEachOp$OfRef.accept(ForEachOps.java:184)
	at java.util.ArrayList$ArrayListSpliterator.forEachRemaining(ArrayList.java:1382)
	at java.util.stream.AbstractPipeline.copyInto(AbstractPipeline.java:482)
	at java.util.stream.ForEachOps$ForEachTask.compute(ForEachOps.java:291)
	at java.util.concurrent.CountedCompleter.exec(CountedCompleter.java:731)
	at java.util.concurrent.ForkJoinTask.doExec(ForkJoinTask.java:289)
	at java.util.concurrent.ForkJoinTask.doInvoke(ForkJoinTask.java:401)
	at java.util.concurrent.ForkJoinTask.invoke(ForkJoinTask.java:734)
	at java.util.stream.ForEachOps$ForEachOp.evaluateParallel(ForEachOps.java:160)
	at java.util.stream.ForEachOps$ForEachOp$OfRef.evaluateParallel(ForEachOps.java:174)
	at java.util.stream.AbstractPipeline.evaluate(AbstractPipeline.java:233)
	at java.util.stream.ReferencePipeline.forEach(ReferencePipeline.java:418)
	at java.util.stream.ReferencePipeline$Head.forEach(ReferencePipeline.java:583)
	at org.apache.hadoop.hdds.scm.pipeline.RatisPipelineProvider.lambda$callRatisRpc$6(RatisPipelineProvider.java:225)
	at java.util.concurrent.ForkJoinTask$AdaptedRunnableAction.exec(ForkJoinTask.java:1386)
	at java.util.concurrent.ForkJoinTask.doExec(ForkJoinTask.java:289)
	at java.util.concurrent.ForkJoinPool$WorkQueue.runTask(ForkJoinPool.java:1056)
	at java.util.concurrent.ForkJoinPool.runWorker(ForkJoinPool.java:1692)
	at java.util.concurrent.ForkJoinWorkerThread.run(ForkJoinWorkerThread.java:157)
Caused by: org.apache.ratis.thirdparty.io.grpc.StatusRuntimeException: DEADLINE_EXCEEDED: deadline exceeded after 2928264782ns
	at org.apache.ratis.thirdparty.io.grpc.stub.ClientCalls.toStatusRuntimeException(ClientCalls.java:233)
	at org.apache.ratis.thirdparty.io.grpc.stub.ClientCalls.getUnchecked(ClientCalls.java:214)
	at org.apache.ratis.thirdparty.io.grpc.stub.ClientCalls.blockingUnaryCall(ClientCalls.java:139)
	at org.apache.ratis.proto.grpc.AdminProtocolServiceGrpc$AdminProtocolServiceBlockingStub.groupManagement(AdminProtocolServiceGrpc.java:274)
	at org.apache.ratis.grpc.client.GrpcClientProtocolClient.lambda$groupAdd$3(GrpcClientProtocolClient.java:149)
	at org.apache.ratis.grpc.client.GrpcClientProtocolClient.blockingCall(GrpcClientProtocolClient.java:176)
	... 25 more
2019-09-21 04:38:54,600 [grpc-default-executor-2] INFO  impl.RaftServerProxy (RaftServerProxy.java:addNew(89)) - c967b5d6-addd-4373-9d03-98e6e3c98670: addNew group-2CB71955F3F3:[2c78ef93-8df4-44d4-b6a1-8f8ab8638bd5:192.168.36.72:34392, 540b5430-d789-473d-b5c8-a0b50e424f93:192.168.36.72:44443, c967b5d6-addd-4373-9d03-98e6e3c98670:192.168.36.72:36997] returns group-2CB71955F3F3:java.util.concurrent.CompletableFuture@31459e07[Not completed]
2019-09-21 04:38:54,630 [grpc-default-executor-0] INFO  impl.RaftServerProxy (RaftServerProxy.java:addNew(89)) - 540b5430-d789-473d-b5c8-a0b50e424f93: addNew group-2CB71955F3F3:[2c78ef93-8df4-44d4-b6a1-8f8ab8638bd5:192.168.36.72:34392, 540b5430-d789-473d-b5c8-a0b50e424f93:192.168.36.72:44443, c967b5d6-addd-4373-9d03-98e6e3c98670:192.168.36.72:36997] returns group-2CB71955F3F3:java.util.concurrent.CompletableFuture@119136df[Not completed]
2019-09-21 04:38:54,635 [grpc-default-executor-2] INFO  impl.RaftServerProxy (RaftServerProxy.java:addNew(89)) - 2c78ef93-8df4-44d4-b6a1-8f8ab8638bd5: addNew group-2CB71955F3F3:[2c78ef93-8df4-44d4-b6a1-8f8ab8638bd5:192.168.36.72:34392, 540b5430-d789-473d-b5c8-a0b50e424f93:192.168.36.72:44443, c967b5d6-addd-4373-9d03-98e6e3c98670:192.168.36.72:36997] returns group-2CB71955F3F3:java.util.concurrent.CompletableFuture@4cc26b71[Not completed]
2019-09-21 04:38:54,637 [pool-37-thread-1] INFO  impl.RaftServerImpl (RaftServerImpl.java:<init>(95)) - c967b5d6-addd-4373-9d03-98e6e3c98670: new RaftServerImpl for group-2CB71955F3F3:[2c78ef93-8df4-44d4-b6a1-8f8ab8638bd5:192.168.36.72:34392, 540b5430-d789-473d-b5c8-a0b50e424f93:192.168.36.72:44443, c967b5d6-addd-4373-9d03-98e6e3c98670:192.168.36.72:36997] with ContainerStateMachine:uninitialized
2019-09-21 04:38:54,648 [pool-37-thread-1] INFO  server.RaftServerConfigKeys (ConfUtils.java:logGet(43)) - raft.server.rpc.timeout.min = 5s (custom)
2019-09-21 04:38:54,660 [pool-37-thread-1] INFO  server.RaftServerConfigKeys (ConfUtils.java:logGet(43)) - raft.server.rpc.timeout.max = 5200ms (custom)
2019-09-21 04:38:54,660 [pool-37-thread-1] INFO  server.RaftServerConfigKeys (ConfUtils.java:logGet(43)) - raft.server.rpcslowness.timeout = 120s (custom)
2019-09-21 04:38:54,660 [pool-37-thread-1] INFO  server.RaftServerConfigKeys (ConfUtils.java:logGet(43)) - raft.server.sleep.deviation.threshold = 300 (default)
2019-09-21 04:38:54,660 [pool-37-thread-1] INFO  server.RaftServerConfigKeys (ConfUtils.java:logGet(43)) - raft.server.log.appender.install.snapshot.enabled = false (custom)
2019-09-21 04:38:54,661 [pool-37-thread-1] INFO  impl.RaftServerImpl (ServerState.java:<init>(103)) - c967b5d6-addd-4373-9d03-98e6e3c98670@group-2CB71955F3F3: ConfigurationManager, init=-1: [2c78ef93-8df4-44d4-b6a1-8f8ab8638bd5:192.168.36.72:34392, 540b5430-d789-473d-b5c8-a0b50e424f93:192.168.36.72:44443, c967b5d6-addd-4373-9d03-98e6e3c98670:192.168.36.72:36997], old=null, confs=<EMPTY_MAP>
2019-09-21 04:38:54,661 [pool-67-thread-1] INFO  impl.RaftServerImpl (RaftServerImpl.java:<init>(95)) - 2c78ef93-8df4-44d4-b6a1-8f8ab8638bd5: new RaftServerImpl for group-2CB71955F3F3:[2c78ef93-8df4-44d4-b6a1-8f8ab8638bd5:192.168.36.72:34392, 540b5430-d789-473d-b5c8-a0b50e424f93:192.168.36.72:44443, c967b5d6-addd-4373-9d03-98e6e3c98670:192.168.36.72:36997] with ContainerStateMachine:uninitialized
2019-09-21 04:38:54,662 [pool-37-thread-1] INFO  server.RaftServerConfigKeys (ConfUtils.java:logGet(43)) - raft.server.storage.dir = [/workdir/hadoop-ozone/ozonefs/target/test-dir/MiniOzoneClusterImpl-9eda3440-c808-4542-bfb4-02ef632557ef/datanode-1/data/ratis] (custom)
2019-09-21 04:38:54,662 [pool-67-thread-1] INFO  server.RaftServerConfigKeys (ConfUtils.java:logGet(43)) - raft.server.rpc.timeout.min = 5s (custom)
2019-09-21 04:38:54,662 [pool-67-thread-1] INFO  server.RaftServerConfigKeys (ConfUtils.java:logGet(43)) - raft.server.rpc.timeout.max = 5200ms (custom)
2019-09-21 04:38:54,663 [pool-37-thread-1] INFO  storage.RaftStorageDirectory (RaftStorageDirectory.java:analyzeStorage(246)) - The storage directory /workdir/hadoop-ozone/ozonefs/target/test-dir/MiniOzoneClusterImpl-9eda3440-c808-4542-bfb4-02ef632557ef/datanode-1/data/ratis/a4922e3f-d158-4d11-9598-2cb71955f3f3 does not exist. Creating ...
2019-09-21 04:38:54,663 [pool-67-thread-1] INFO  server.RaftServerConfigKeys (ConfUtils.java:logGet(43)) - raft.server.rpcslowness.timeout = 120s (custom)
2019-09-21 04:38:54,663 [pool-67-thread-1] INFO  server.RaftServerConfigKeys (ConfUtils.java:logGet(43)) - raft.server.sleep.deviation.threshold = 300 (default)
2019-09-21 04:38:54,663 [pool-67-thread-1] INFO  server.RaftServerConfigKeys (ConfUtils.java:logGet(43)) - raft.server.log.appender.install.snapshot.enabled = false (custom)
2019-09-21 04:38:54,663 [pool-67-thread-1] INFO  impl.RaftServerImpl (ServerState.java:<init>(103)) - 2c78ef93-8df4-44d4-b6a1-8f8ab8638bd5@group-2CB71955F3F3: ConfigurationManager, init=-1: [2c78ef93-8df4-44d4-b6a1-8f8ab8638bd5:192.168.36.72:34392, 540b5430-d789-473d-b5c8-a0b50e424f93:192.168.36.72:44443, c967b5d6-addd-4373-9d03-98e6e3c98670:192.168.36.72:36997], old=null, confs=<EMPTY_MAP>
2019-09-21 04:38:54,664 [pool-67-thread-1] INFO  server.RaftServerConfigKeys (ConfUtils.java:logGet(43)) - raft.server.storage.dir = [/workdir/hadoop-ozone/ozonefs/target/test-dir/MiniOzoneClusterImpl-9eda3440-c808-4542-bfb4-02ef632557ef/datanode-4/data/ratis] (custom)
2019-09-21 04:38:54,664 [pool-67-thread-1] INFO  storage.RaftStorageDirectory (RaftStorageDirectory.java:analyzeStorage(246)) - The storage directory /workdir/hadoop-ozone/ozonefs/target/test-dir/MiniOzoneClusterImpl-9eda3440-c808-4542-bfb4-02ef632557ef/datanode-4/data/ratis/a4922e3f-d158-4d11-9598-2cb71955f3f3 does not exist. Creating ...
2019-09-21 04:38:57,267 [pool-27-thread-1] INFO  storage.RaftStorageDirectory (RaftStorageDirectory.java:tryLock(328)) - Lock on /workdir/hadoop-ozone/ozonefs/target/test-dir/MiniOzoneClusterImpl-9eda3440-c808-4542-bfb4-02ef632557ef/datanode-0/data/ratis/eaa4ed51-978f-442c-b3e6-801831a7f373/in_use.lock acquired by nodename 20870@pr-hdds-2163-pdhxj-1463177635
2019-09-21 04:38:57,267 [pool-37-thread-1] INFO  storage.RaftStorageDirectory (RaftStorageDirectory.java:tryLock(328)) - Lock on /workdir/hadoop-ozone/ozonefs/target/test-dir/MiniOzoneClusterImpl-9eda3440-c808-4542-bfb4-02ef632557ef/datanode-1/data/ratis/a4922e3f-d158-4d11-9598-2cb71955f3f3/in_use.lock acquired by nodename 20870@pr-hdds-2163-pdhxj-1463177635
2019-09-21 04:38:57,267 [pool-67-thread-1] INFO  storage.RaftStorageDirectory (RaftStorageDirectory.java:tryLock(328)) - Lock on /workdir/hadoop-ozone/ozonefs/target/test-dir/MiniOzoneClusterImpl-9eda3440-c808-4542-bfb4-02ef632557ef/datanode-4/data/ratis/a4922e3f-d158-4d11-9598-2cb71955f3f3/in_use.lock acquired by nodename 20870@pr-hdds-2163-pdhxj-1463177635
2019-09-21 04:38:57,382 [pool-27-thread-1] INFO  storage.RaftStorage (RaftStorage.java:format(72)) - Storage directory /workdir/hadoop-ozone/ozonefs/target/test-dir/MiniOzoneClusterImpl-9eda3440-c808-4542-bfb4-02ef632557ef/datanode-0/data/ratis/eaa4ed51-978f-442c-b3e6-801831a7f373 has been successfully formatted.
2019-09-21 04:38:57,382 [pool-37-thread-1] INFO  storage.RaftStorage (RaftStorage.java:format(72)) - Storage directory /workdir/hadoop-ozone/ozonefs/target/test-dir/MiniOzoneClusterImpl-9eda3440-c808-4542-bfb4-02ef632557ef/datanode-1/data/ratis/a4922e3f-d158-4d11-9598-2cb71955f3f3 has been successfully formatted.
2019-09-21 04:38:57,382 [pool-67-thread-1] INFO  storage.RaftStorage (RaftStorage.java:format(72)) - Storage directory /workdir/hadoop-ozone/ozonefs/target/test-dir/MiniOzoneClusterImpl-9eda3440-c808-4542-bfb4-02ef632557ef/datanode-4/data/ratis/a4922e3f-d158-4d11-9598-2cb71955f3f3 has been successfully formatted.
2019-09-21 04:38:57,389 [pool-67-thread-1] INFO  ratis.ContainerStateMachine (ContainerStateMachine.java:loadSnapshot(230)) - group-2CB71955F3F3: The snapshot info is null. Setting the last applied indexto:(t:0, i:~)
2019-09-21 04:38:57,389 [pool-27-thread-1] INFO  ratis.ContainerStateMachine (ContainerStateMachine.java:loadSnapshot(230)) - group-801831A7F373: The snapshot info is null. Setting the last applied indexto:(t:0, i:~)
2019-09-21 04:38:57,391 [pool-67-thread-1] INFO  server.RaftServerConfigKeys (ConfUtils.java:logGet(43)) - raft.server.notification.no-leader.timeout = 120s (custom)
2019-09-21 04:38:57,389 [pool-37-thread-1] INFO  ratis.ContainerStateMachine (ContainerStateMachine.java:loadSnapshot(230)) - group-2CB71955F3F3: The snapshot info is null. Setting the last applied indexto:(t:0, i:~)
2019-09-21 04:38:57,392 [pool-27-thread-1] INFO  server.RaftServerConfigKeys (ConfUtils.java:logGet(43)) - raft.server.notification.no-leader.timeout = 120s (custom)
2019-09-21 04:38:57,392 [pool-37-thread-1] INFO  server.RaftServerConfigKeys (ConfUtils.java:logGet(43)) - raft.server.notification.no-leader.timeout = 120s (custom)
2019-09-21 04:38:57,395 [pool-27-thread-1] INFO  server.RaftServerConfigKeys (ConfUtils.java:logGet(43)) - raft.server.log.use.memory = false (default)
2019-09-21 04:38:57,395 [pool-37-thread-1] INFO  server.RaftServerConfigKeys (ConfUtils.java:logGet(43)) - raft.server.log.use.memory = false (default)
2019-09-21 04:38:57,395 [pool-67-thread-1] INFO  server.RaftServerConfigKeys (ConfUtils.java:logGet(43)) - raft.server.log.use.memory = false (default)
2019-09-21 04:38:57,402 [pool-27-thread-1] INFO  server.RaftServerConfigKeys (ConfUtils.java:logGet(43)) - raft.server.log.purge.gap = 1000000 (custom)
2019-09-21 04:38:57,402 [pool-37-thread-1] INFO  server.RaftServerConfigKeys (ConfUtils.java:logGet(43)) - raft.server.log.purge.gap = 1000000 (custom)
2019-09-21 04:38:57,402 [pool-67-thread-1] INFO  server.RaftServerConfigKeys (ConfUtils.java:logGet(43)) - raft.server.log.purge.gap = 1000000 (custom)
2019-09-21 04:38:57,402 [pool-37-thread-1] INFO  server.RaftServerConfigKeys (ConfUtils.java:logGet(43)) - raft.server.log.appender.buffer.byte-limit = 33554432 (custom)
2019-09-21 04:38:57,402 [pool-27-thread-1] INFO  server.RaftServerConfigKeys (ConfUtils.java:logGet(43)) - raft.server.log.appender.buffer.byte-limit = 33554432 (custom)
2019-09-21 04:38:57,402 [pool-67-thread-1] INFO  server.RaftServerConfigKeys (ConfUtils.java:logGet(43)) - raft.server.log.appender.buffer.byte-limit = 33554432 (custom)
2019-09-21 04:38:57,406 [pool-27-thread-1] INFO  server.RaftServerConfigKeys (ConfUtils.java:logGet(43)) - raft.server.log.segment.size.max = 1048576 (custom)
2019-09-21 04:38:57,406 [pool-37-thread-1] INFO  server.RaftServerConfigKeys (ConfUtils.java:logGet(43)) - raft.server.log.segment.size.max = 1048576 (custom)
2019-09-21 04:38:57,406 [pool-67-thread-1] INFO  server.RaftServerConfigKeys (ConfUtils.java:logGet(43)) - raft.server.log.segment.size.max = 1048576 (custom)
2019-09-21 04:38:57,412 [pool-27-thread-1] INFO  server.RaftServerConfigKeys (ConfUtils.java:logGet(43)) - raft.server.log.segment.cache.num.max = 2 (custom)
2019-09-21 04:38:57,412 [pool-67-thread-1] INFO  server.RaftServerConfigKeys (ConfUtils.java:logGet(43)) - raft.server.log.segment.cache.num.max = 2 (custom)
2019-09-21 04:38:57,412 [pool-37-thread-1] INFO  server.RaftServerConfigKeys (ConfUtils.java:logGet(43)) - raft.server.log.segment.cache.num.max = 2 (custom)
2019-09-21 04:38:57,418 [pool-27-thread-1] INFO  segmented.SegmentedRaftLogWorker (SegmentedRaftLogWorker.java:<init>(172)) - new 540b5430-d789-473d-b5c8-a0b50e424f93@group-801831A7F373-SegmentedRaftLogWorker for RaftStorage:Storage Directory /workdir/hadoop-ozone/ozonefs/target/test-dir/MiniOzoneClusterImpl-9eda3440-c808-4542-bfb4-02ef632557ef/datanode-0/data/ratis/eaa4ed51-978f-442c-b3e6-801831a7f373
2019-09-21 04:38:57,418 [pool-67-thread-1] INFO  segmented.SegmentedRaftLogWorker (SegmentedRaftLogWorker.java:<init>(172)) - new 2c78ef93-8df4-44d4-b6a1-8f8ab8638bd5@group-2CB71955F3F3-SegmentedRaftLogWorker for RaftStorage:Storage Directory /workdir/hadoop-ozone/ozonefs/target/test-dir/MiniOzoneClusterImpl-9eda3440-c808-4542-bfb4-02ef632557ef/datanode-4/data/ratis/a4922e3f-d158-4d11-9598-2cb71955f3f3
2019-09-21 04:38:57,418 [pool-37-thread-1] INFO  segmented.SegmentedRaftLogWorker (SegmentedRaftLogWorker.java:<init>(172)) - new c967b5d6-addd-4373-9d03-98e6e3c98670@group-2CB71955F3F3-SegmentedRaftLogWorker for RaftStorage:Storage Directory /workdir/hadoop-ozone/ozonefs/target/test-dir/MiniOzoneClusterImpl-9eda3440-c808-4542-bfb4-02ef632557ef/datanode-1/data/ratis/a4922e3f-d158-4d11-9598-2cb71955f3f3
2019-09-21 04:38:57,422 [pool-27-thread-1] INFO  impl.MetricsSystemImpl (MetricsSystemImpl.java:init(158)) - ratis metrics system started (again)
2019-09-21 04:38:57,435 [pool-67-thread-1] INFO  metrics.MetricRegistries (MetricRegistriesLoader.java:load(64)) - Loaded MetricRegistries class org.apache.ratis.metrics.impl.MetricRegistriesImpl
2019-09-21 04:38:57,510 [pool-37-thread-1] INFO  server.RaftServerConfigKeys (ConfUtils.java:logGet(43)) - raft.server.log.queue.byte-limit = 2147483647 (custom)
2019-09-21 04:38:57,510 [pool-67-thread-1] INFO  server.RaftServerConfigKeys (ConfUtils.java:logGet(43)) - raft.server.log.queue.byte-limit = 2147483647 (custom)
2019-09-21 04:38:57,510 [pool-27-thread-1] INFO  server.RaftServerConfigKeys (ConfUtils.java:logGet(43)) - raft.server.log.queue.byte-limit = 2147483647 (custom)
2019-09-21 04:38:57,510 [pool-37-thread-1] INFO  server.RaftServerConfigKeys (ConfUtils.java:logGet(43)) - raft.server.log.queue.element-limit = 1024 (custom)
2019-09-21 04:38:57,511 [pool-67-thread-1] INFO  server.RaftServerConfigKeys (ConfUtils.java:logGet(43)) - raft.server.log.queue.element-limit = 1024 (custom)
2019-09-21 04:38:57,511 [pool-27-thread-1] INFO  server.RaftServerConfigKeys (ConfUtils.java:logGet(43)) - raft.server.log.queue.element-limit = 1024 (custom)
2019-09-21 04:38:57,514 [pool-27-thread-1] INFO  server.RaftServerConfigKeys (ConfUtils.java:logGet(43)) - raft.server.log.segment.size.max = 1048576 (custom)
2019-09-21 04:38:57,514 [pool-37-thread-1] INFO  server.RaftServerConfigKeys (ConfUtils.java:logGet(43)) - raft.server.log.segment.size.max = 1048576 (custom)
2019-09-21 04:38:57,514 [pool-67-thread-1] INFO  server.RaftServerConfigKeys (ConfUtils.java:logGet(43)) - raft.server.log.segment.size.max = 1048576 (custom)
2019-09-21 04:38:57,515 [pool-27-thread-1] INFO  server.RaftServerConfigKeys (ConfUtils.java:logGet(43)) - raft.server.log.preallocated.size = 16384 (custom)
2019-09-21 04:38:57,515 [pool-67-thread-1] INFO  server.RaftServerConfigKeys (ConfUtils.java:logGet(43)) - raft.server.log.preallocated.size = 16384 (custom)
2019-09-21 04:38:57,515 [pool-37-thread-1] INFO  server.RaftServerConfigKeys (ConfUtils.java:logGet(43)) - raft.server.log.preallocated.size = 16384 (custom)
2019-09-21 04:38:57,515 [pool-37-thread-1] INFO  server.RaftServerConfigKeys (ConfUtils.java:logGet(43)) - raft.server.log.write.buffer.size = 33554432 (custom)
2019-09-21 04:38:57,515 [pool-27-thread-1] INFO  server.RaftServerConfigKeys (ConfUtils.java:logGet(43)) - raft.server.log.write.buffer.size = 33554432 (custom)
2019-09-21 04:38:57,515 [pool-67-thread-1] INFO  server.RaftServerConfigKeys (ConfUtils.java:logGet(43)) - raft.server.log.write.buffer.size = 33554432 (custom)
2019-09-21 04:38:57,515 [pool-37-thread-1] INFO  server.RaftServerConfigKeys (ConfUtils.java:logGet(43)) - raft.server.log.force.sync.num = 128 (default)
2019-09-21 04:38:57,516 [pool-27-thread-1] INFO  server.RaftServerConfigKeys (ConfUtils.java:logGet(43)) - raft.server.log.force.sync.num = 128 (default)
2019-09-21 04:38:57,515 [pool-67-thread-1] INFO  server.RaftServerConfigKeys (ConfUtils.java:logGet(43)) - raft.server.log.force.sync.num = 128 (default)
2019-09-21 04:38:57,516 [pool-27-thread-1] INFO  server.RaftServerConfigKeys (ConfUtils.java:logGet(43)) - raft.server.log.statemachine.data.sync = true (default)
2019-09-21 04:38:57,516 [pool-67-thread-1] INFO  server.RaftServerConfigKeys (ConfUtils.java:logGet(43)) - raft.server.log.statemachine.data.sync = true (default)
2019-09-21 04:38:57,516 [pool-37-thread-1] INFO  server.RaftServerConfigKeys (ConfUtils.java:logGet(43)) - raft.server.log.statemachine.data.sync = true (default)
2019-09-21 04:38:57,517 [pool-67-thread-1] INFO  server.RaftServerConfigKeys (ConfUtils.java:logGet(43)) - raft.server.log.statemachine.data.sync.timeout = 10s (default)
2019-09-21 04:38:57,517 [pool-27-thread-1] INFO  server.RaftServerConfigKeys (ConfUtils.java:logGet(43)) - raft.server.log.statemachine.data.sync.timeout = 10s (default)
2019-09-21 04:38:57,517 [pool-37-thread-1] INFO  server.RaftServerConfigKeys (ConfUtils.java:logGet(43)) - raft.server.log.statemachine.data.sync.timeout = 10s (default)
2019-09-21 04:38:57,517 [pool-67-thread-1] INFO  server.RaftServerConfigKeys (ConfUtils.java:logGet(43)) - raft.server.log.statemachine.data.sync.timeout.retry = -1 (default)
2019-09-21 04:38:57,517 [pool-37-thread-1] INFO  server.RaftServerConfigKeys (ConfUtils.java:logGet(43)) - raft.server.log.statemachine.data.sync.timeout.retry = -1 (default)
2019-09-21 04:38:57,517 [pool-27-thread-1] INFO  server.RaftServerConfigKeys (ConfUtils.java:logGet(43)) - raft.server.log.statemachine.data.sync.timeout.retry = -1 (default)
2019-09-21 04:38:57,527 [pool-27-thread-1] INFO  server.RaftServerConfigKeys (ConfUtils.java:logGet(43)) - raft.server.log.statemachine.data.caching.enabled = true (custom)
2019-09-21 04:38:57,527 [pool-67-thread-1] INFO  server.RaftServerConfigKeys (ConfUtils.java:logGet(43)) - raft.server.log.statemachine.data.caching.enabled = true (custom)
2019-09-21 04:38:57,527 [pool-37-thread-1] INFO  server.RaftServerConfigKeys (ConfUtils.java:logGet(43)) - raft.server.log.statemachine.data.caching.enabled = true (custom)
2019-09-21 04:38:57,535 [pool-27-thread-1] INFO  segmented.SegmentedRaftLogWorker (SegmentedRaftLogWorker.java:lambda$new$0(132)) - 540b5430-d789-473d-b5c8-a0b50e424f93@group-801831A7F373-SegmentedRaftLogWorker: flushIndex: setUnconditionally 0 -> -1
2019-09-21 04:38:57,535 [pool-37-thread-1] INFO  segmented.SegmentedRaftLogWorker (SegmentedRaftLogWorker.java:lambda$new$0(132)) - c967b5d6-addd-4373-9d03-98e6e3c98670@group-2CB71955F3F3-SegmentedRaftLogWorker: flushIndex: setUnconditionally 0 -> -1
2019-09-21 04:38:57,535 [pool-67-thread-1] INFO  segmented.SegmentedRaftLogWorker (SegmentedRaftLogWorker.java:lambda$new$0(132)) - 2c78ef93-8df4-44d4-b6a1-8f8ab8638bd5@group-2CB71955F3F3-SegmentedRaftLogWorker: flushIndex: setUnconditionally 0 -> -1
2019-09-21 04:38:57,540 [pool-27-thread-1] INFO  server.RaftServerConfigKeys (ConfUtils.java:logGet(43)) - raft.server.snapshot.auto.trigger.enabled = true (custom)
2019-09-21 04:38:57,540 [pool-37-thread-1] INFO  server.RaftServerConfigKeys (ConfUtils.java:logGet(43)) - raft.server.snapshot.auto.trigger.enabled = true (custom)
2019-09-21 04:38:57,540 [pool-67-thread-1] INFO  server.RaftServerConfigKeys (ConfUtils.java:logGet(43)) - raft.server.snapshot.auto.trigger.enabled = true (custom)
2019-09-21 04:38:57,542 [pool-27-thread-1] INFO  server.RaftServerConfigKeys (ConfUtils.java:logGet(43)) - raft.server.snapshot.auto.trigger.threshold = 10000 (custom)
2019-09-21 04:38:57,542 [pool-37-thread-1] INFO  server.RaftServerConfigKeys (ConfUtils.java:logGet(43)) - raft.server.snapshot.auto.trigger.threshold = 10000 (custom)
2019-09-21 04:38:57,542 [pool-67-thread-1] INFO  server.RaftServerConfigKeys (ConfUtils.java:logGet(43)) - raft.server.snapshot.auto.trigger.threshold = 10000 (custom)
2019-09-21 04:38:57,542 [pool-27-thread-1] INFO  server.RaftServerConfigKeys (ConfUtils.java:logGet(43)) - raft.server.snapshot.retention.num.files = 5 (custom)
2019-09-21 04:38:57,542 [pool-67-thread-1] INFO  server.RaftServerConfigKeys (ConfUtils.java:logGet(43)) - raft.server.snapshot.retention.num.files = 5 (custom)
2019-09-21 04:38:57,542 [pool-37-thread-1] INFO  server.RaftServerConfigKeys (ConfUtils.java:logGet(43)) - raft.server.snapshot.retention.num.files = 5 (custom)
2019-09-21 04:38:57,543 [pool-27-thread-1] INFO  server.RaftServerConfigKeys (ConfUtils.java:logGet(43)) - raft.server.retrycache.expirytime = 600000ms (custom)
2019-09-21 04:38:57,543 [pool-37-thread-1] INFO  server.RaftServerConfigKeys (ConfUtils.java:logGet(43)) - raft.server.retrycache.expirytime = 600000ms (custom)
2019-09-21 04:38:57,543 [pool-67-thread-1] INFO  server.RaftServerConfigKeys (ConfUtils.java:logGet(43)) - raft.server.retrycache.expirytime = 600000ms (custom)
2019-09-21 04:38:57,549 [RATISCREATEPIPELINE2] ERROR pipeline.RatisPipelineProvider (RatisPipelineProvider.java:lambda$null$5(235)) - Failed invoke Ratis rpc org.apache.hadoop.hdds.scm.pipeline.RatisPipelineProvider$$Lambda$200/505994749@9e40b16 for 540b5430-d789-473d-b5c8-a0b50e424f93
org.apache.ratis.protocol.TimeoutIOException: deadline exceeded after 2999626341ns
	at org.apache.ratis.grpc.GrpcUtil.tryUnwrapException(GrpcUtil.java:82)
	at org.apache.ratis.grpc.GrpcUtil.unwrapException(GrpcUtil.java:75)
	at org.apache.ratis.grpc.client.GrpcClientProtocolClient.blockingCall(GrpcClientProtocolClient.java:178)
	at org.apache.ratis.grpc.client.GrpcClientProtocolClient.groupAdd(GrpcClientProtocolClient.java:147)
	at org.apache.ratis.grpc.client.GrpcClientRpc.sendRequest(GrpcClientRpc.java:94)
	at org.apache.ratis.client.impl.RaftClientImpl.sendRequest(RaftClientImpl.java:278)
	at org.apache.ratis.client.impl.RaftClientImpl.groupAdd(RaftClientImpl.java:205)
	at org.apache.hadoop.hdds.scm.pipeline.RatisPipelineProvider.lambda$initializePipeline$4(RatisPipelineProvider.java:196)
	at org.apache.hadoop.hdds.scm.pipeline.RatisPipelineProvider.lambda$null$5(RatisPipelineProvider.java:231)
	at java.util.stream.ForEachOps$ForEachOp$OfRef.accept(ForEachOps.java:184)
	at java.util.ArrayList$ArrayListSpliterator.forEachRemaining(ArrayList.java:1382)
	at java.util.stream.AbstractPipeline.copyInto(AbstractPipeline.java:482)
	at java.util.stream.ForEachOps$ForEachTask.compute(ForEachOps.java:291)
	at java.util.concurrent.CountedCompleter.exec(CountedCompleter.java:731)
	at java.util.concurrent.ForkJoinTask.doExec(ForkJoinTask.java:289)
	at java.util.concurrent.ForkJoinPool$WorkQueue.runTask(ForkJoinPool.java:1056)
	at java.util.concurrent.ForkJoinPool.runWorker(ForkJoinPool.java:1692)
	at java.util.concurrent.ForkJoinWorkerThread.run(ForkJoinWorkerThread.java:157)
Caused by: org.apache.ratis.thirdparty.io.grpc.StatusRuntimeException: DEADLINE_EXCEEDED: deadline exceeded after 2999626341ns
	at org.apache.ratis.thirdparty.io.grpc.stub.ClientCalls.toStatusRuntimeException(ClientCalls.java:233)
	at org.apache.ratis.thirdparty.io.grpc.stub.ClientCalls.getUnchecked(ClientCalls.java:214)
	at org.apache.ratis.thirdparty.io.grpc.stub.ClientCalls.blockingUnaryCall(ClientCalls.java:139)
	at org.apache.ratis.proto.grpc.AdminProtocolServiceGrpc$AdminProtocolServiceBlockingStub.groupManagement(AdminProtocolServiceGrpc.java:274)
	at org.apache.ratis.grpc.client.GrpcClientProtocolClient.lambda$groupAdd$3(GrpcClientProtocolClient.java:149)
	at org.apache.ratis.grpc.client.GrpcClientProtocolClient.blockingCall(GrpcClientProtocolClient.java:176)
	... 15 more
2019-09-21 04:38:57,553 [RATISCREATEPIPELINE3] ERROR pipeline.RatisPipelineProvider (RatisPipelineProvider.java:lambda$null$5(235)) - Failed invoke Ratis rpc org.apache.hadoop.hdds.scm.pipeline.RatisPipelineProvider$$Lambda$200/505994749@9e40b16 for 2c78ef93-8df4-44d4-b6a1-8f8ab8638bd5
org.apache.ratis.protocol.TimeoutIOException: deadline exceeded after 2999587792ns
	at org.apache.ratis.grpc.GrpcUtil.tryUnwrapException(GrpcUtil.java:82)
	at org.apache.ratis.grpc.GrpcUtil.unwrapException(GrpcUtil.java:75)
	at org.apache.ratis.grpc.client.GrpcClientProtocolClient.blockingCall(GrpcClientProtocolClient.java:178)
	at org.apache.ratis.grpc.client.GrpcClientProtocolClient.groupAdd(GrpcClientProtocolClient.java:147)
	at org.apache.ratis.grpc.client.GrpcClientRpc.sendRequest(GrpcClientRpc.java:94)
	at org.apache.ratis.client.impl.RaftClientImpl.sendRequest(RaftClientImpl.java:278)
	at org.apache.ratis.client.impl.RaftClientImpl.groupAdd(RaftClientImpl.java:205)
	at org.apache.hadoop.hdds.scm.pipeline.RatisPipelineProvider.lambda$initializePipeline$4(RatisPipelineProvider.java:196)
	at org.apache.hadoop.hdds.scm.pipeline.RatisPipelineProvider.lambda$null$5(RatisPipelineProvider.java:231)
	at java.util.stream.ForEachOps$ForEachOp$OfRef.accept(ForEachOps.java:184)
	at java.util.ArrayList$ArrayListSpliterator.forEachRemaining(ArrayList.java:1382)
	at java.util.stream.AbstractPipeline.copyInto(AbstractPipeline.java:482)
	at java.util.stream.ForEachOps$ForEachTask.compute(ForEachOps.java:291)
	at java.util.concurrent.CountedCompleter.exec(CountedCompleter.java:731)
	at java.util.concurrent.ForkJoinTask.doExec(ForkJoinTask.java:289)
	at java.util.concurrent.ForkJoinPool$WorkQueue.runTask(ForkJoinPool.java:1056)
	at java.util.concurrent.ForkJoinPool.runWorker(ForkJoinPool.java:1692)
	at java.util.concurrent.ForkJoinWorkerThread.run(ForkJoinWorkerThread.java:157)
Caused by: org.apache.ratis.thirdparty.io.grpc.StatusRuntimeException: DEADLINE_EXCEEDED: deadline exceeded after 2999587792ns
	at org.apache.ratis.thirdparty.io.grpc.stub.ClientCalls.toStatusRuntimeException(ClientCalls.java:233)
	at org.apache.ratis.thirdparty.io.grpc.stub.ClientCalls.getUnchecked(ClientCalls.java:214)
	at org.apache.ratis.thirdparty.io.grpc.stub.ClientCalls.blockingUnaryCall(ClientCalls.java:139)
	at org.apache.ratis.proto.grpc.AdminProtocolServiceGrpc$AdminProtocolServiceBlockingStub.groupManagement(AdminProtocolServiceGrpc.java:274)
	at org.apache.ratis.grpc.client.GrpcClientProtocolClient.lambda$groupAdd$3(GrpcClientProtocolClient.java:149)
	at org.apache.ratis.grpc.client.GrpcClientProtocolClient.blockingCall(GrpcClientProtocolClient.java:176)
	... 15 more
2019-09-21 04:38:57,553 [RATISCREATEPIPELINE1] ERROR pipeline.RatisPipelineProvider (RatisPipelineProvider.java:lambda$null$5(235)) - Failed invoke Ratis rpc org.apache.hadoop.hdds.scm.pipeline.RatisPipelineProvider$$Lambda$200/505994749@9e40b16 for c967b5d6-addd-4373-9d03-98e6e3c98670
org.apache.ratis.protocol.TimeoutIOException: deadline exceeded after 2995594064ns
	at org.apache.ratis.grpc.GrpcUtil.tryUnwrapException(GrpcUtil.java:82)
	at org.apache.ratis.grpc.GrpcUtil.unwrapException(GrpcUtil.java:75)
	at org.apache.ratis.grpc.client.GrpcClientProtocolClient.blockingCall(GrpcClientProtocolClient.java:178)
	at org.apache.ratis.grpc.client.GrpcClientProtocolClient.groupAdd(GrpcClientProtocolClient.java:147)
	at org.apache.ratis.grpc.client.GrpcClientRpc.sendRequest(GrpcClientRpc.java:94)
	at org.apache.ratis.client.impl.RaftClientImpl.sendRequest(RaftClientImpl.java:278)
	at org.apache.ratis.client.impl.RaftClientImpl.groupAdd(RaftClientImpl.java:205)
	at org.apache.hadoop.hdds.scm.pipeline.RatisPipelineProvider.lambda$initializePipeline$4(RatisPipelineProvider.java:196)
	at org.apache.hadoop.hdds.scm.pipeline.RatisPipelineProvider.lambda$null$5(RatisPipelineProvider.java:231)
	at java.util.stream.ForEachOps$ForEachOp$OfRef.accept(ForEachOps.java:184)
	at java.util.ArrayList$ArrayListSpliterator.forEachRemaining(ArrayList.java:1382)
	at java.util.stream.AbstractPipeline.copyInto(AbstractPipeline.java:482)
	at java.util.stream.ForEachOps$ForEachTask.compute(ForEachOps.java:291)
	at java.util.concurrent.CountedCompleter.exec(CountedCompleter.java:731)
	at java.util.concurrent.ForkJoinTask.doExec(ForkJoinTask.java:289)
	at java.util.concurrent.ForkJoinTask.doInvoke(ForkJoinTask.java:401)
	at java.util.concurrent.ForkJoinTask.invoke(ForkJoinTask.java:734)
	at java.util.stream.ForEachOps$ForEachOp.evaluateParallel(ForEachOps.java:160)
	at java.util.stream.ForEachOps$ForEachOp$OfRef.evaluateParallel(ForEachOps.java:174)
	at java.util.stream.AbstractPipeline.evaluate(AbstractPipeline.java:233)
	at java.util.stream.ReferencePipeline.forEach(ReferencePipeline.java:418)
	at java.util.stream.ReferencePipeline$Head.forEach(ReferencePipeline.java:583)
	at org.apache.hadoop.hdds.scm.pipeline.RatisPipelineProvider.lambda$callRatisRpc$6(RatisPipelineProvider.java:225)
	at java.util.concurrent.ForkJoinTask$AdaptedRunnableAction.exec(ForkJoinTask.java:1386)
	at java.util.concurrent.ForkJoinTask.doExec(ForkJoinTask.java:289)
	at java.util.concurrent.ForkJoinPool$WorkQueue.runTask(ForkJoinPool.java:1056)
	at java.util.concurrent.ForkJoinPool.runWorker(ForkJoinPool.java:1692)
	at java.util.concurrent.ForkJoinWorkerThread.run(ForkJoinWorkerThread.java:157)
Caused by: org.apache.ratis.thirdparty.io.grpc.StatusRuntimeException: DEADLINE_EXCEEDED: deadline exceeded after 2995594064ns
	at org.apache.ratis.thirdparty.io.grpc.stub.ClientCalls.toStatusRuntimeException(ClientCalls.java:233)
	at org.apache.ratis.thirdparty.io.grpc.stub.ClientCalls.getUnchecked(ClientCalls.java:214)
	at org.apache.ratis.thirdparty.io.grpc.stub.ClientCalls.blockingUnaryCall(ClientCalls.java:139)
	at org.apache.ratis.proto.grpc.AdminProtocolServiceGrpc$AdminProtocolServiceBlockingStub.groupManagement(AdminProtocolServiceGrpc.java:274)
	at org.apache.ratis.grpc.client.GrpcClientProtocolClient.lambda$groupAdd$3(GrpcClientProtocolClient.java:149)
	at org.apache.ratis.grpc.client.GrpcClientProtocolClient.blockingCall(GrpcClientProtocolClient.java:176)
	... 25 more
2019-09-21 04:38:57,583 [grpc-default-executor-3] INFO  impl.RaftServerProxy (RaftServerProxy.java:addNew(89)) - 540b5430-d789-473d-b5c8-a0b50e424f93: addNew group-025C1CD05C07:[540b5430-d789-473d-b5c8-a0b50e424f93:192.168.36.72:44443] returns group-025C1CD05C07:java.util.concurrent.CompletableFuture@66e74fe0[Not completed]
2019-09-21 04:38:57,598 [pool-67-thread-1] INFO  impl.RaftServerImpl (RaftServerImpl.java:start(185)) - 2c78ef93-8df4-44d4-b6a1-8f8ab8638bd5@group-2CB71955F3F3: start as a follower, conf=-1: [2c78ef93-8df4-44d4-b6a1-8f8ab8638bd5:192.168.36.72:34392, 540b5430-d789-473d-b5c8-a0b50e424f93:192.168.36.72:44443, c967b5d6-addd-4373-9d03-98e6e3c98670:192.168.36.72:36997], old=null
2019-09-21 04:38:57,598 [pool-37-thread-1] INFO  impl.RaftServerImpl (RaftServerImpl.java:start(185)) - c967b5d6-addd-4373-9d03-98e6e3c98670@group-2CB71955F3F3: start as a follower, conf=-1: [2c78ef93-8df4-44d4-b6a1-8f8ab8638bd5:192.168.36.72:34392, 540b5430-d789-473d-b5c8-a0b50e424f93:192.168.36.72:44443, c967b5d6-addd-4373-9d03-98e6e3c98670:192.168.36.72:36997], old=null
2019-09-21 04:38:57,599 [pool-27-thread-1] INFO  impl.RaftServerImpl (RaftServerImpl.java:<init>(95)) - 540b5430-d789-473d-b5c8-a0b50e424f93: new RaftServerImpl for group-2CB71955F3F3:[2c78ef93-8df4-44d4-b6a1-8f8ab8638bd5:192.168.36.72:34392, 540b5430-d789-473d-b5c8-a0b50e424f93:192.168.36.72:44443, c967b5d6-addd-4373-9d03-98e6e3c98670:192.168.36.72:36997] with ContainerStateMachine:uninitialized
2019-09-21 04:38:57,599 [pool-27-thread-1] INFO  server.RaftServerConfigKeys (ConfUtils.java:logGet(43)) - raft.server.rpc.timeout.min = 5s (custom)
2019-09-21 04:38:57,599 [pool-37-thread-1] INFO  impl.RaftServerImpl (RaftServerImpl.java:setRole(174)) - c967b5d6-addd-4373-9d03-98e6e3c98670@group-2CB71955F3F3: changes role from      null to FOLLOWER at term 0 for startAsFollower
2019-09-21 04:38:57,599 [pool-67-thread-1] INFO  impl.RaftServerImpl (RaftServerImpl.java:setRole(174)) - 2c78ef93-8df4-44d4-b6a1-8f8ab8638bd5@group-2CB71955F3F3: changes role from      null to FOLLOWER at term 0 for startAsFollower
2019-09-21 04:38:57,599 [pool-27-thread-1] INFO  server.RaftServerConfigKeys (ConfUtils.java:logGet(43)) - raft.server.rpc.timeout.max = 5200ms (custom)
2019-09-21 04:38:57,599 [pool-27-thread-1] INFO  server.RaftServerConfigKeys (ConfUtils.java:logGet(43)) - raft.server.rpcslowness.timeout = 120s (custom)
2019-09-21 04:38:57,599 [pool-27-thread-1] INFO  server.RaftServerConfigKeys (ConfUtils.java:logGet(43)) - raft.server.sleep.deviation.threshold = 300 (default)
2019-09-21 04:38:57,599 [pool-27-thread-1] INFO  server.RaftServerConfigKeys (ConfUtils.java:logGet(43)) - raft.server.log.appender.install.snapshot.enabled = false (custom)
2019-09-21 04:38:57,600 [pool-27-thread-1] INFO  impl.RaftServerImpl (ServerState.java:<init>(103)) - 540b5430-d789-473d-b5c8-a0b50e424f93@group-2CB71955F3F3: ConfigurationManager, init=-1: [2c78ef93-8df4-44d4-b6a1-8f8ab8638bd5:192.168.36.72:34392, 540b5430-d789-473d-b5c8-a0b50e424f93:192.168.36.72:44443, c967b5d6-addd-4373-9d03-98e6e3c98670:192.168.36.72:36997], old=null, confs=<EMPTY_MAP>
2019-09-21 04:38:57,600 [pool-27-thread-1] INFO  server.RaftServerConfigKeys (ConfUtils.java:logGet(43)) - raft.server.storage.dir = [/workdir/hadoop-ozone/ozonefs/target/test-dir/MiniOzoneClusterImpl-9eda3440-c808-4542-bfb4-02ef632557ef/datanode-0/data/ratis] (custom)
2019-09-21 04:38:57,600 [pool-27-thread-1] INFO  storage.RaftStorageDirectory (RaftStorageDirectory.java:analyzeStorage(246)) - The storage directory /workdir/hadoop-ozone/ozonefs/target/test-dir/MiniOzoneClusterImpl-9eda3440-c808-4542-bfb4-02ef632557ef/datanode-0/data/ratis/a4922e3f-d158-4d11-9598-2cb71955f3f3 does not exist. Creating ...
2019-09-21 04:38:57,600 [pool-67-thread-1] INFO  impl.RoleInfo (RoleInfo.java:updateAndGet(143)) - 2c78ef93-8df4-44d4-b6a1-8f8ab8638bd5: start FollowerState
2019-09-21 04:38:57,600 [pool-37-thread-1] INFO  impl.RoleInfo (RoleInfo.java:updateAndGet(143)) - c967b5d6-addd-4373-9d03-98e6e3c98670: start FollowerState
2019-09-21 04:38:57,603 [pool-67-thread-1] INFO  util.JmxRegister (JmxRegister.java:tryRegister(44)) - Successfully registered JMX Bean with object name Ratis:service=RaftServer,group=group-2CB71955F3F3,id=2c78ef93-8df4-44d4-b6a1-8f8ab8638bd5
2019-09-21 04:38:57,603 [pool-37-thread-1] INFO  util.JmxRegister (JmxRegister.java:tryRegister(44)) - Successfully registered JMX Bean with object name Ratis:service=RaftServer,group=group-2CB71955F3F3,id=c967b5d6-addd-4373-9d03-98e6e3c98670
2019-09-21 04:39:00,575 [RATISCREATEPIPELINE1] ERROR pipeline.RatisPipelineProvider (RatisPipelineProvider.java:lambda$null$5(235)) - Failed invoke Ratis rpc org.apache.hadoop.hdds.scm.pipeline.RatisPipelineProvider$$Lambda$200/505994749@422c729b for 540b5430-d789-473d-b5c8-a0b50e424f93
org.apache.ratis.protocol.TimeoutIOException: deadline exceeded after 2999775137ns
	at org.apache.ratis.grpc.GrpcUtil.tryUnwrapException(GrpcUtil.java:82)
	at org.apache.ratis.grpc.GrpcUtil.unwrapException(GrpcUtil.java:75)
	at org.apache.ratis.grpc.client.GrpcClientProtocolClient.blockingCall(GrpcClientProtocolClient.java:178)
	at org.apache.ratis.grpc.client.GrpcClientProtocolClient.groupAdd(GrpcClientProtocolClient.java:147)
	at org.apache.ratis.grpc.client.GrpcClientRpc.sendRequest(GrpcClientRpc.java:94)
	at org.apache.ratis.client.impl.RaftClientImpl.sendRequest(RaftClientImpl.java:278)
	at org.apache.ratis.client.impl.RaftClientImpl.groupAdd(RaftClientImpl.java:205)
	at org.apache.hadoop.hdds.scm.pipeline.RatisPipelineProvider.lambda$initializePipeline$4(RatisPipelineProvider.java:196)
	at org.apache.hadoop.hdds.scm.pipeline.RatisPipelineProvider.lambda$null$5(RatisPipelineProvider.java:231)
	at java.util.stream.ForEachOps$ForEachOp$OfRef.accept(ForEachOps.java:184)
	at java.util.ArrayList$ArrayListSpliterator.forEachRemaining(ArrayList.java:1382)
	at java.util.stream.AbstractPipeline.copyInto(AbstractPipeline.java:482)
	at java.util.stream.ForEachOps$ForEachTask.compute(ForEachOps.java:291)
	at java.util.concurrent.CountedCompleter.exec(CountedCompleter.java:731)
	at java.util.concurrent.ForkJoinTask.doExec(ForkJoinTask.java:289)
	at java.util.concurrent.ForkJoinTask.doInvoke(ForkJoinTask.java:401)
	at java.util.concurrent.ForkJoinTask.invoke(ForkJoinTask.java:734)
	at java.util.stream.ForEachOps$ForEachOp.evaluateParallel(ForEachOps.java:160)
	at java.util.stream.ForEachOps$ForEachOp$OfRef.evaluateParallel(ForEachOps.java:174)
	at java.util.stream.AbstractPipeline.evaluate(AbstractPipeline.java:233)
	at java.util.stream.ReferencePipeline.forEach(ReferencePipeline.java:418)
	at java.util.stream.ReferencePipeline$Head.forEach(ReferencePipeline.java:583)
	at org.apache.hadoop.hdds.scm.pipeline.RatisPipelineProvider.lambda$callRatisRpc$6(RatisPipelineProvider.java:225)
	at java.util.concurrent.ForkJoinTask$AdaptedRunnableAction.exec(ForkJoinTask.java:1386)
	at java.util.concurrent.ForkJoinTask.doExec(ForkJoinTask.java:289)
	at java.util.concurrent.ForkJoinPool$WorkQueue.runTask(ForkJoinPool.java:1056)
	at java.util.concurrent.ForkJoinPool.runWorker(ForkJoinPool.java:1692)
	at java.util.concurrent.ForkJoinWorkerThread.run(ForkJoinWorkerThread.java:157)
Caused by: org.apache.ratis.thirdparty.io.grpc.StatusRuntimeException: DEADLINE_EXCEEDED: deadline exceeded after 2999775137ns
	at org.apache.ratis.thirdparty.io.grpc.stub.ClientCalls.toStatusRuntimeException(ClientCalls.java:233)
	at org.apache.ratis.thirdparty.io.grpc.stub.ClientCalls.getUnchecked(ClientCalls.java:214)
	at org.apache.ratis.thirdparty.io.grpc.stub.ClientCalls.blockingUnaryCall(ClientCalls.java:139)
	at org.apache.ratis.proto.grpc.AdminProtocolServiceGrpc$AdminProtocolServiceBlockingStub.groupManagement(AdminProtocolServiceGrpc.java:274)
	at org.apache.ratis.grpc.client.GrpcClientProtocolClient.lambda$groupAdd$3(GrpcClientProtocolClient.java:149)
	at org.apache.ratis.grpc.client.GrpcClientProtocolClient.blockingCall(GrpcClientProtocolClient.java:176)
	... 25 more
2019-09-21 04:39:00,638 [grpc-default-executor-3] INFO  impl.RaftServerProxy (RaftServerProxy.java:addNew(89)) - c967b5d6-addd-4373-9d03-98e6e3c98670: addNew group-865E2A899AAB:[2c78ef93-8df4-44d4-b6a1-8f8ab8638bd5:192.168.36.72:34392, 540b5430-d789-473d-b5c8-a0b50e424f93:192.168.36.72:44443, c967b5d6-addd-4373-9d03-98e6e3c98670:192.168.36.72:36997] returns group-865E2A899AAB:java.util.concurrent.CompletableFuture@27da45db[Not completed]
2019-09-21 04:39:00,638 [grpc-default-executor-1] INFO  impl.RaftServerProxy (RaftServerProxy.java:addNew(89)) - 540b5430-d789-473d-b5c8-a0b50e424f93: addNew group-865E2A899AAB:[2c78ef93-8df4-44d4-b6a1-8f8ab8638bd5:192.168.36.72:34392, 540b5430-d789-473d-b5c8-a0b50e424f93:192.168.36.72:44443, c967b5d6-addd-4373-9d03-98e6e3c98670:192.168.36.72:36997] returns group-865E2A899AAB:java.util.concurrent.CompletableFuture@7eb018cb[Not completed]
2019-09-21 04:39:00,638 [grpc-default-executor-2] INFO  impl.RaftServerProxy (RaftServerProxy.java:addNew(89)) - 2c78ef93-8df4-44d4-b6a1-8f8ab8638bd5: addNew group-865E2A899AAB:[2c78ef93-8df4-44d4-b6a1-8f8ab8638bd5:192.168.36.72:34392, 540b5430-d789-473d-b5c8-a0b50e424f93:192.168.36.72:44443, c967b5d6-addd-4373-9d03-98e6e3c98670:192.168.36.72:36997] returns group-865E2A899AAB:java.util.concurrent.CompletableFuture@7ca4f692[Not completed]
2019-09-21 04:39:00,641 [pool-37-thread-1] INFO  impl.RaftServerImpl (RaftServerImpl.java:<init>(95)) - c967b5d6-addd-4373-9d03-98e6e3c98670: new RaftServerImpl for group-865E2A899AAB:[2c78ef93-8df4-44d4-b6a1-8f8ab8638bd5:192.168.36.72:34392, 540b5430-d789-473d-b5c8-a0b50e424f93:192.168.36.72:44443, c967b5d6-addd-4373-9d03-98e6e3c98670:192.168.36.72:36997] with ContainerStateMachine:uninitialized
2019-09-21 04:39:00,641 [pool-37-thread-1] INFO  server.RaftServerConfigKeys (ConfUtils.java:logGet(43)) - raft.server.rpc.timeout.min = 5s (custom)
2019-09-21 04:39:00,641 [pool-37-thread-1] INFO  server.RaftServerConfigKeys (ConfUtils.java:logGet(43)) - raft.server.rpc.timeout.max = 5200ms (custom)
2019-09-21 04:39:00,642 [pool-37-thread-1] INFO  server.RaftServerConfigKeys (ConfUtils.java:logGet(43)) - raft.server.rpcslowness.timeout = 120s (custom)
2019-09-21 04:39:00,642 [pool-37-thread-1] INFO  server.RaftServerConfigKeys (ConfUtils.java:logGet(43)) - raft.server.sleep.deviation.threshold = 300 (default)
2019-09-21 04:39:00,642 [pool-67-thread-1] INFO  impl.RaftServerImpl (RaftServerImpl.java:<init>(95)) - 2c78ef93-8df4-44d4-b6a1-8f8ab8638bd5: new RaftServerImpl for group-865E2A899AAB:[2c78ef93-8df4-44d4-b6a1-8f8ab8638bd5:192.168.36.72:34392, 540b5430-d789-473d-b5c8-a0b50e424f93:192.168.36.72:44443, c967b5d6-addd-4373-9d03-98e6e3c98670:192.168.36.72:36997] with ContainerStateMachine:uninitialized
2019-09-21 04:39:00,642 [pool-37-thread-1] INFO  server.RaftServerConfigKeys (ConfUtils.java:logGet(43)) - raft.server.log.appender.install.snapshot.enabled = false (custom)
2019-09-21 04:39:00,642 [pool-67-thread-1] INFO  server.RaftServerConfigKeys (ConfUtils.java:logGet(43)) - raft.server.rpc.timeout.min = 5s (custom)
2019-09-21 04:39:00,642 [pool-37-thread-1] INFO  impl.RaftServerImpl (ServerState.java:<init>(103)) - c967b5d6-addd-4373-9d03-98e6e3c98670@group-865E2A899AAB: ConfigurationManager, init=-1: [2c78ef93-8df4-44d4-b6a1-8f8ab8638bd5:192.168.36.72:34392, 540b5430-d789-473d-b5c8-a0b50e424f93:192.168.36.72:44443, c967b5d6-addd-4373-9d03-98e6e3c98670:192.168.36.72:36997], old=null, confs=<EMPTY_MAP>
2019-09-21 04:39:00,643 [pool-67-thread-1] INFO  server.RaftServerConfigKeys (ConfUtils.java:logGet(43)) - raft.server.rpc.timeout.max = 5200ms (custom)
2019-09-21 04:39:00,643 [pool-67-thread-1] INFO  server.RaftServerConfigKeys (ConfUtils.java:logGet(43)) - raft.server.rpcslowness.timeout = 120s (custom)
2019-09-21 04:39:00,643 [pool-37-thread-1] INFO  server.RaftServerConfigKeys (ConfUtils.java:logGet(43)) - raft.server.storage.dir = [/workdir/hadoop-ozone/ozonefs/target/test-dir/MiniOzoneClusterImpl-9eda3440-c808-4542-bfb4-02ef632557ef/datanode-1/data/ratis] (custom)
2019-09-21 04:39:00,643 [pool-67-thread-1] INFO  server.RaftServerConfigKeys (ConfUtils.java:logGet(43)) - raft.server.sleep.deviation.threshold = 300 (default)
2019-09-21 04:39:00,643 [pool-67-thread-1] INFO  server.RaftServerConfigKeys (ConfUtils.java:logGet(43)) - raft.server.log.appender.install.snapshot.enabled = false (custom)
2019-09-21 04:39:00,644 [pool-37-thread-1] INFO  storage.RaftStorageDirectory (RaftStorageDirectory.java:analyzeStorage(246)) - The storage directory /workdir/hadoop-ozone/ozonefs/target/test-dir/MiniOzoneClusterImpl-9eda3440-c808-4542-bfb4-02ef632557ef/datanode-1/data/ratis/f5f2966d-09f4-46ee-80a4-865e2a899aab does not exist. Creating ...
2019-09-21 04:39:00,644 [pool-67-thread-1] INFO  impl.RaftServerImpl (ServerState.java:<init>(103)) - 2c78ef93-8df4-44d4-b6a1-8f8ab8638bd5@group-865E2A899AAB: ConfigurationManager, init=-1: [2c78ef93-8df4-44d4-b6a1-8f8ab8638bd5:192.168.36.72:34392, 540b5430-d789-473d-b5c8-a0b50e424f93:192.168.36.72:44443, c967b5d6-addd-4373-9d03-98e6e3c98670:192.168.36.72:36997], old=null, confs=<EMPTY_MAP>
2019-09-21 04:39:00,644 [pool-67-thread-1] INFO  server.RaftServerConfigKeys (ConfUtils.java:logGet(43)) - raft.server.storage.dir = [/workdir/hadoop-ozone/ozonefs/target/test-dir/MiniOzoneClusterImpl-9eda3440-c808-4542-bfb4-02ef632557ef/datanode-4/data/ratis] (custom)
2019-09-21 04:39:00,645 [pool-67-thread-1] INFO  storage.RaftStorageDirectory (RaftStorageDirectory.java:analyzeStorage(246)) - The storage directory /workdir/hadoop-ozone/ozonefs/target/test-dir/MiniOzoneClusterImpl-9eda3440-c808-4542-bfb4-02ef632557ef/datanode-4/data/ratis/f5f2966d-09f4-46ee-80a4-865e2a899aab does not exist. Creating ...
2019-09-21 04:39:02,616 [pool-27-thread-1] INFO  storage.RaftStorageDirectory (RaftStorageDirectory.java:tryLock(328)) - Lock on /workdir/hadoop-ozone/ozonefs/target/test-dir/MiniOzoneClusterImpl-9eda3440-c808-4542-bfb4-02ef632557ef/datanode-0/data/ratis/a4922e3f-d158-4d11-9598-2cb71955f3f3/in_use.lock acquired by nodename 20870@pr-hdds-2163-pdhxj-1463177635
2019-09-21 04:39:02,617 [pool-37-thread-1] INFO  storage.RaftStorageDirectory (RaftStorageDirectory.java:tryLock(328)) - Lock on /workdir/hadoop-ozone/ozonefs/target/test-dir/MiniOzoneClusterImpl-9eda3440-c808-4542-bfb4-02ef632557ef/datanode-1/data/ratis/f5f2966d-09f4-46ee-80a4-865e2a899aab/in_use.lock acquired by nodename 20870@pr-hdds-2163-pdhxj-1463177635
2019-09-21 04:39:02,617 [pool-67-thread-1] INFO  storage.RaftStorageDirectory (RaftStorageDirectory.java:tryLock(328)) - Lock on /workdir/hadoop-ozone/ozonefs/target/test-dir/MiniOzoneClusterImpl-9eda3440-c808-4542-bfb4-02ef632557ef/datanode-4/data/ratis/f5f2966d-09f4-46ee-80a4-865e2a899aab/in_use.lock acquired by nodename 20870@pr-hdds-2163-pdhxj-1463177635
2019-09-21 04:39:02,681 [Thread-224] INFO  impl.FollowerState (FollowerState.java:run(106)) - 2c78ef93-8df4-44d4-b6a1-8f8ab8638bd5:group-2CB71955F3F3 changes to CANDIDATE, lastRpcTime:5081, electionTimeout:5079ms
2019-09-21 04:39:02,685 [Thread-224] INFO  impl.RoleInfo (RoleInfo.java:shutdownFollowerState(121)) - 2c78ef93-8df4-44d4-b6a1-8f8ab8638bd5: shutdown FollowerState
2019-09-21 04:39:02,686 [Thread-224] INFO  impl.RaftServerImpl (RaftServerImpl.java:setRole(174)) - 2c78ef93-8df4-44d4-b6a1-8f8ab8638bd5@group-2CB71955F3F3: changes role from  FOLLOWER to CANDIDATE at term 0 for changeToCandidate
2019-09-21 04:39:02,694 [Thread-224] INFO  impl.RoleInfo (RoleInfo.java:updateAndGet(143)) - 2c78ef93-8df4-44d4-b6a1-8f8ab8638bd5: start LeaderElection
2019-09-21 04:39:02,714 [Thread-225] INFO  impl.FollowerState (FollowerState.java:run(106)) - c967b5d6-addd-4373-9d03-98e6e3c98670:group-2CB71955F3F3 changes to CANDIDATE, lastRpcTime:5114, electionTimeout:5112ms
2019-09-21 04:39:02,716 [Thread-225] INFO  impl.RoleInfo (RoleInfo.java:shutdownFollowerState(121)) - c967b5d6-addd-4373-9d03-98e6e3c98670: shutdown FollowerState
2019-09-21 04:39:02,716 [Thread-225] INFO  impl.RaftServerImpl (RaftServerImpl.java:setRole(174)) - c967b5d6-addd-4373-9d03-98e6e3c98670@group-2CB71955F3F3: changes role from  FOLLOWER to CANDIDATE at term 0 for changeToCandidate
2019-09-21 04:39:02,716 [Thread-225] INFO  impl.RoleInfo (RoleInfo.java:updateAndGet(143)) - c967b5d6-addd-4373-9d03-98e6e3c98670: start LeaderElection
2019-09-21 04:39:02,866 [pool-67-thread-1] INFO  storage.RaftStorage (RaftStorage.java:format(72)) - Storage directory /workdir/hadoop-ozone/ozonefs/target/test-dir/MiniOzoneClusterImpl-9eda3440-c808-4542-bfb4-02ef632557ef/datanode-4/data/ratis/f5f2966d-09f4-46ee-80a4-865e2a899aab has been successfully formatted.
2019-09-21 04:39:02,866 [pool-27-thread-1] INFO  storage.RaftStorage (RaftStorage.java:format(72)) - Storage directory /workdir/hadoop-ozone/ozonefs/target/test-dir/MiniOzoneClusterImpl-9eda3440-c808-4542-bfb4-02ef632557ef/datanode-0/data/ratis/a4922e3f-d158-4d11-9598-2cb71955f3f3 has been successfully formatted.
2019-09-21 04:39:02,866 [pool-37-thread-1] INFO  storage.RaftStorage (RaftStorage.java:format(72)) - Storage directory /workdir/hadoop-ozone/ozonefs/target/test-dir/MiniOzoneClusterImpl-9eda3440-c808-4542-bfb4-02ef632557ef/datanode-1/data/ratis/f5f2966d-09f4-46ee-80a4-865e2a899aab has been successfully formatted.
2019-09-21 04:39:02,867 [pool-67-thread-1] INFO  ratis.ContainerStateMachine (ContainerStateMachine.java:loadSnapshot(230)) - group-865E2A899AAB: The snapshot info is null. Setting the last applied indexto:(t:0, i:~)
2019-09-21 04:39:02,867 [pool-37-thread-1] INFO  ratis.ContainerStateMachine (ContainerStateMachine.java:loadSnapshot(230)) - group-865E2A899AAB: The snapshot info is null. Setting the last applied indexto:(t:0, i:~)
2019-09-21 04:39:02,867 [pool-27-thread-1] INFO  ratis.ContainerStateMachine (ContainerStateMachine.java:loadSnapshot(230)) - group-2CB71955F3F3: The snapshot info is null. Setting the last applied indexto:(t:0, i:~)
2019-09-21 04:39:02,870 [pool-67-thread-1] INFO  server.RaftServerConfigKeys (ConfUtils.java:logGet(43)) - raft.server.notification.no-leader.timeout = 120s (custom)
2019-09-21 04:39:02,870 [pool-37-thread-1] INFO  server.RaftServerConfigKeys (ConfUtils.java:logGet(43)) - raft.server.notification.no-leader.timeout = 120s (custom)
2019-09-21 04:39:02,867 [c967b5d6-addd-4373-9d03-98e6e3c98670@group-2CB71955F3F3:LeaderElection2] INFO  impl.LeaderElection (LeaderElection.java:askForVotes(182)) - c967b5d6-addd-4373-9d03-98e6e3c98670@group-2CB71955F3F3:LeaderElection2: begin an election at term 1 for -1: [2c78ef93-8df4-44d4-b6a1-8f8ab8638bd5:192.168.36.72:34392, 540b5430-d789-473d-b5c8-a0b50e424f93:192.168.36.72:44443, c967b5d6-addd-4373-9d03-98e6e3c98670:192.168.36.72:36997], old=null
2019-09-21 04:39:02,867 [2c78ef93-8df4-44d4-b6a1-8f8ab8638bd5@group-2CB71955F3F3:LeaderElection1] INFO  impl.LeaderElection (LeaderElection.java:askForVotes(182)) - 2c78ef93-8df4-44d4-b6a1-8f8ab8638bd5@group-2CB71955F3F3:LeaderElection1: begin an election at term 1 for -1: [2c78ef93-8df4-44d4-b6a1-8f8ab8638bd5:192.168.36.72:34392, 540b5430-d789-473d-b5c8-a0b50e424f93:192.168.36.72:44443, c967b5d6-addd-4373-9d03-98e6e3c98670:192.168.36.72:36997], old=null
2019-09-21 04:39:02,870 [pool-37-thread-1] INFO  server.RaftServerConfigKeys (ConfUtils.java:logGet(43)) - raft.server.log.use.memory = false (default)
2019-09-21 04:39:02,870 [pool-67-thread-1] INFO  server.RaftServerConfigKeys (ConfUtils.java:logGet(43)) - raft.server.log.use.memory = false (default)
2019-09-21 04:39:02,870 [pool-27-thread-1] INFO  server.RaftServerConfigKeys (ConfUtils.java:logGet(43)) - raft.server.notification.no-leader.timeout = 120s (custom)
2019-09-21 04:39:02,871 [pool-67-thread-1] INFO  server.RaftServerConfigKeys (ConfUtils.java:logGet(43)) - raft.server.log.purge.gap = 1000000 (custom)
2019-09-21 04:39:02,871 [pool-37-thread-1] INFO  server.RaftServerConfigKeys (ConfUtils.java:logGet(43)) - raft.server.log.purge.gap = 1000000 (custom)
2019-09-21 04:39:02,871 [pool-67-thread-1] INFO  server.RaftServerConfigKeys (ConfUtils.java:logGet(43)) - raft.server.log.appender.buffer.byte-limit = 33554432 (custom)
2019-09-21 04:39:02,871 [pool-27-thread-1] INFO  server.RaftServerConfigKeys (ConfUtils.java:logGet(43)) - raft.server.log.use.memory = false (default)
2019-09-21 04:39:02,872 [pool-67-thread-1] INFO  server.RaftServerConfigKeys (ConfUtils.java:logGet(43)) - raft.server.log.segment.size.max = 1048576 (custom)
2019-09-21 04:39:02,871 [pool-37-thread-1] INFO  server.RaftServerConfigKeys (ConfUtils.java:logGet(43)) - raft.server.log.appender.buffer.byte-limit = 33554432 (custom)
2019-09-21 04:39:02,872 [pool-67-thread-1] INFO  server.RaftServerConfigKeys (ConfUtils.java:logGet(43)) - raft.server.log.segment.cache.num.max = 2 (custom)
2019-09-21 04:39:02,872 [pool-27-thread-1] INFO  server.RaftServerConfigKeys (ConfUtils.java:logGet(43)) - raft.server.log.purge.gap = 1000000 (custom)
2019-09-21 04:39:02,872 [pool-67-thread-1] INFO  segmented.SegmentedRaftLogWorker (SegmentedRaftLogWorker.java:<init>(172)) - new 2c78ef93-8df4-44d4-b6a1-8f8ab8638bd5@group-865E2A899AAB-SegmentedRaftLogWorker for RaftStorage:Storage Directory /workdir/hadoop-ozone/ozonefs/target/test-dir/MiniOzoneClusterImpl-9eda3440-c808-4542-bfb4-02ef632557ef/datanode-4/data/ratis/f5f2966d-09f4-46ee-80a4-865e2a899aab
2019-09-21 04:39:02,872 [pool-37-thread-1] INFO  server.RaftServerConfigKeys (ConfUtils.java:logGet(43)) - raft.server.log.segment.size.max = 1048576 (custom)
2019-09-21 04:39:02,873 [pool-67-thread-1] INFO  server.RaftServerConfigKeys (ConfUtils.java:logGet(43)) - raft.server.log.queue.byte-limit = 2147483647 (custom)
2019-09-21 04:39:02,872 [pool-27-thread-1] INFO  server.RaftServerConfigKeys (ConfUtils.java:logGet(43)) - raft.server.log.appender.buffer.byte-limit = 33554432 (custom)
2019-09-21 04:39:02,873 [pool-67-thread-1] INFO  server.RaftServerConfigKeys (ConfUtils.java:logGet(43)) - raft.server.log.queue.element-limit = 1024 (custom)
2019-09-21 04:39:02,873 [pool-37-thread-1] INFO  server.RaftServerConfigKeys (ConfUtils.java:logGet(43)) - raft.server.log.segment.cache.num.max = 2 (custom)
2019-09-21 04:39:02,874 [pool-67-thread-1] INFO  server.RaftServerConfigKeys (ConfUtils.java:logGet(43)) - raft.server.log.segment.size.max = 1048576 (custom)
2019-09-21 04:39:02,873 [pool-27-thread-1] INFO  server.RaftServerConfigKeys (ConfUtils.java:logGet(43)) - raft.server.log.segment.size.max = 1048576 (custom)
2019-09-21 04:39:02,874 [pool-67-thread-1] INFO  server.RaftServerConfigKeys (ConfUtils.java:logGet(43)) - raft.server.log.preallocated.size = 16384 (custom)
2019-09-21 04:39:02,874 [pool-37-thread-1] INFO  segmented.SegmentedRaftLogWorker (SegmentedRaftLogWorker.java:<init>(172)) - new c967b5d6-addd-4373-9d03-98e6e3c98670@group-865E2A899AAB-SegmentedRaftLogWorker for RaftStorage:Storage Directory /workdir/hadoop-ozone/ozonefs/target/test-dir/MiniOzoneClusterImpl-9eda3440-c808-4542-bfb4-02ef632557ef/datanode-1/data/ratis/f5f2966d-09f4-46ee-80a4-865e2a899aab
2019-09-21 04:39:02,874 [pool-67-thread-1] INFO  server.RaftServerConfigKeys (ConfUtils.java:logGet(43)) - raft.server.log.write.buffer.size = 33554432 (custom)
2019-09-21 04:39:02,875 [pool-67-thread-1] INFO  server.RaftServerConfigKeys (ConfUtils.java:logGet(43)) - raft.server.log.force.sync.num = 128 (default)
2019-09-21 04:39:02,874 [pool-27-thread-1] INFO  server.RaftServerConfigKeys (ConfUtils.java:logGet(43)) - raft.server.log.segment.cache.num.max = 2 (custom)
2019-09-21 04:39:02,875 [pool-67-thread-1] INFO  server.RaftServerConfigKeys (ConfUtils.java:logGet(43)) - raft.server.log.statemachine.data.sync = true (default)
2019-09-21 04:39:02,874 [pool-37-thread-1] INFO  server.RaftServerConfigKeys (ConfUtils.java:logGet(43)) - raft.server.log.queue.byte-limit = 2147483647 (custom)
2019-09-21 04:39:02,875 [pool-67-thread-1] INFO  server.RaftServerConfigKeys (ConfUtils.java:logGet(43)) - raft.server.log.statemachine.data.sync.timeout = 10s (default)
2019-09-21 04:39:02,875 [pool-67-thread-1] INFO  server.RaftServerConfigKeys (ConfUtils.java:logGet(43)) - raft.server.log.statemachine.data.sync.timeout.retry = -1 (default)
2019-09-21 04:39:02,875 [pool-27-thread-1] INFO  segmented.SegmentedRaftLogWorker (SegmentedRaftLogWorker.java:<init>(172)) - new 540b5430-d789-473d-b5c8-a0b50e424f93@group-2CB71955F3F3-SegmentedRaftLogWorker for RaftStorage:Storage Directory /workdir/hadoop-ozone/ozonefs/target/test-dir/MiniOzoneClusterImpl-9eda3440-c808-4542-bfb4-02ef632557ef/datanode-0/data/ratis/a4922e3f-d158-4d11-9598-2cb71955f3f3
2019-09-21 04:39:02,876 [pool-67-thread-1] INFO  server.RaftServerConfigKeys (ConfUtils.java:logGet(43)) - raft.server.log.statemachine.data.caching.enabled = true (custom)
2019-09-21 04:39:02,875 [pool-37-thread-1] INFO  server.RaftServerConfigKeys (ConfUtils.java:logGet(43)) - raft.server.log.queue.element-limit = 1024 (custom)
2019-09-21 04:39:02,876 [pool-27-thread-1] INFO  server.RaftServerConfigKeys (ConfUtils.java:logGet(43)) - raft.server.log.queue.byte-limit = 2147483647 (custom)
2019-09-21 04:39:02,876 [pool-37-thread-1] INFO  server.RaftServerConfigKeys (ConfUtils.java:logGet(43)) - raft.server.log.segment.size.max = 1048576 (custom)
2019-09-21 04:39:02,876 [pool-27-thread-1] INFO  server.RaftServerConfigKeys (ConfUtils.java:logGet(43)) - raft.server.log.queue.element-limit = 1024 (custom)
2019-09-21 04:39:02,877 [pool-37-thread-1] INFO  server.RaftServerConfigKeys (ConfUtils.java:logGet(43)) - raft.server.log.preallocated.size = 16384 (custom)
2019-09-21 04:39:02,877 [pool-27-thread-1] INFO  server.RaftServerConfigKeys (ConfUtils.java:logGet(43)) - raft.server.log.segment.size.max = 1048576 (custom)
2019-09-21 04:39:02,877 [pool-37-thread-1] INFO  server.RaftServerConfigKeys (ConfUtils.java:logGet(43)) - raft.server.log.write.buffer.size = 33554432 (custom)
2019-09-21 04:39:02,877 [pool-27-thread-1] INFO  server.RaftServerConfigKeys (ConfUtils.java:logGet(43)) - raft.server.log.preallocated.size = 16384 (custom)
2019-09-21 04:39:02,877 [pool-37-thread-1] INFO  server.RaftServerConfigKeys (ConfUtils.java:logGet(43)) - raft.server.log.force.sync.num = 128 (default)
2019-09-21 04:39:02,877 [pool-27-thread-1] INFO  server.RaftServerConfigKeys (ConfUtils.java:logGet(43)) - raft.server.log.write.buffer.size = 33554432 (custom)
2019-09-21 04:39:02,878 [pool-37-thread-1] INFO  server.RaftServerConfigKeys (ConfUtils.java:logGet(43)) - raft.server.log.statemachine.data.sync = true (default)
2019-09-21 04:39:02,878 [pool-27-thread-1] INFO  server.RaftServerConfigKeys (ConfUtils.java:logGet(43)) - raft.server.log.force.sync.num = 128 (default)
2019-09-21 04:39:02,878 [pool-37-thread-1] INFO  server.RaftServerConfigKeys (ConfUtils.java:logGet(43)) - raft.server.log.statemachine.data.sync.timeout = 10s (default)
2019-09-21 04:39:02,878 [pool-27-thread-1] INFO  server.RaftServerConfigKeys (ConfUtils.java:logGet(43)) - raft.server.log.statemachine.data.sync = true (default)
2019-09-21 04:39:02,878 [pool-37-thread-1] INFO  server.RaftServerConfigKeys (ConfUtils.java:logGet(43)) - raft.server.log.statemachine.data.sync.timeout.retry = -1 (default)
2019-09-21 04:39:02,878 [pool-27-thread-1] INFO  server.RaftServerConfigKeys (ConfUtils.java:logGet(43)) - raft.server.log.statemachine.data.sync.timeout = 10s (default)
2019-09-21 04:39:02,879 [pool-37-thread-1] INFO  server.RaftServerConfigKeys (ConfUtils.java:logGet(43)) - raft.server.log.statemachine.data.caching.enabled = true (custom)
2019-09-21 04:39:02,879 [pool-67-thread-1] INFO  segmented.SegmentedRaftLogWorker (SegmentedRaftLogWorker.java:lambda$new$0(132)) - 2c78ef93-8df4-44d4-b6a1-8f8ab8638bd5@group-865E2A899AAB-SegmentedRaftLogWorker: flushIndex: setUnconditionally 0 -> -1
2019-09-21 04:39:02,879 [pool-27-thread-1] INFO  server.RaftServerConfigKeys (ConfUtils.java:logGet(43)) - raft.server.log.statemachine.data.sync.timeout.retry = -1 (default)
2019-09-21 04:39:02,879 [pool-37-thread-1] INFO  segmented.SegmentedRaftLogWorker (SegmentedRaftLogWorker.java:lambda$new$0(132)) - c967b5d6-addd-4373-9d03-98e6e3c98670@group-865E2A899AAB-SegmentedRaftLogWorker: flushIndex: setUnconditionally 0 -> -1
2019-09-21 04:39:02,879 [pool-67-thread-1] INFO  server.RaftServerConfigKeys (ConfUtils.java:logGet(43)) - raft.server.snapshot.auto.trigger.enabled = true (custom)
2019-09-21 04:39:02,879 [pool-27-thread-1] INFO  server.RaftServerConfigKeys (ConfUtils.java:logGet(43)) - raft.server.log.statemachine.data.caching.enabled = true (custom)
2019-09-21 04:39:02,880 [pool-67-thread-1] INFO  server.RaftServerConfigKeys (ConfUtils.java:logGet(43)) - raft.server.snapshot.auto.trigger.threshold = 10000 (custom)
2019-09-21 04:39:02,880 [pool-37-thread-1] INFO  server.RaftServerConfigKeys (ConfUtils.java:logGet(43)) - raft.server.snapshot.auto.trigger.enabled = true (custom)
2019-09-21 04:39:02,880 [pool-27-thread-1] INFO  segmented.SegmentedRaftLogWorker (SegmentedRaftLogWorker.java:lambda$new$0(132)) - 540b5430-d789-473d-b5c8-a0b50e424f93@group-2CB71955F3F3-SegmentedRaftLogWorker: flushIndex: setUnconditionally 0 -> -1
2019-09-21 04:39:02,880 [pool-67-thread-1] INFO  server.RaftServerConfigKeys (ConfUtils.java:logGet(43)) - raft.server.snapshot.retention.num.files = 5 (custom)
2019-09-21 04:39:02,880 [pool-37-thread-1] INFO  server.RaftServerConfigKeys (ConfUtils.java:logGet(43)) - raft.server.snapshot.auto.trigger.threshold = 10000 (custom)
2019-09-21 04:39:02,881 [pool-27-thread-1] INFO  server.RaftServerConfigKeys (ConfUtils.java:logGet(43)) - raft.server.snapshot.auto.trigger.enabled = true (custom)
2019-09-21 04:39:02,881 [pool-67-thread-1] INFO  server.RaftServerConfigKeys (ConfUtils.java:logGet(43)) - raft.server.retrycache.expirytime = 600000ms (custom)
2019-09-21 04:39:02,881 [pool-27-thread-1] INFO  server.RaftServerConfigKeys (ConfUtils.java:logGet(43)) - raft.server.snapshot.auto.trigger.threshold = 10000 (custom)
2019-09-21 04:39:02,881 [pool-37-thread-1] INFO  server.RaftServerConfigKeys (ConfUtils.java:logGet(43)) - raft.server.snapshot.retention.num.files = 5 (custom)
2019-09-21 04:39:02,881 [pool-27-thread-1] INFO  server.RaftServerConfigKeys (ConfUtils.java:logGet(43)) - raft.server.snapshot.retention.num.files = 5 (custom)
2019-09-21 04:39:02,881 [pool-37-thread-1] INFO  server.RaftServerConfigKeys (ConfUtils.java:logGet(43)) - raft.server.retrycache.expirytime = 600000ms (custom)
2019-09-21 04:39:02,882 [pool-27-thread-1] INFO  server.RaftServerConfigKeys (ConfUtils.java:logGet(43)) - raft.server.retrycache.expirytime = 600000ms (custom)
2019-09-21 04:39:02,897 [pool-67-thread-1] INFO  impl.RaftServerImpl (RaftServerImpl.java:start(185)) - 2c78ef93-8df4-44d4-b6a1-8f8ab8638bd5@group-865E2A899AAB: start as a follower, conf=-1: [2c78ef93-8df4-44d4-b6a1-8f8ab8638bd5:192.168.36.72:34392, 540b5430-d789-473d-b5c8-a0b50e424f93:192.168.36.72:44443, c967b5d6-addd-4373-9d03-98e6e3c98670:192.168.36.72:36997], old=null
2019-09-21 04:39:02,899 [pool-67-thread-1] INFO  impl.RaftServerImpl (RaftServerImpl.java:setRole(174)) - 2c78ef93-8df4-44d4-b6a1-8f8ab8638bd5@group-865E2A899AAB: changes role from      null to FOLLOWER at term 0 for startAsFollower
2019-09-21 04:39:02,899 [pool-67-thread-1] INFO  impl.RoleInfo (RoleInfo.java:updateAndGet(143)) - 2c78ef93-8df4-44d4-b6a1-8f8ab8638bd5: start FollowerState
2019-09-21 04:39:02,900 [pool-67-thread-1] INFO  util.JmxRegister (JmxRegister.java:tryRegister(44)) - Successfully registered JMX Bean with object name Ratis:service=RaftServer,group=group-865E2A899AAB,id=2c78ef93-8df4-44d4-b6a1-8f8ab8638bd5
2019-09-21 04:39:02,904 [pool-37-thread-1] INFO  impl.RaftServerImpl (RaftServerImpl.java:start(185)) - c967b5d6-addd-4373-9d03-98e6e3c98670@group-865E2A899AAB: start as a follower, conf=-1: [2c78ef93-8df4-44d4-b6a1-8f8ab8638bd5:192.168.36.72:34392, 540b5430-d789-473d-b5c8-a0b50e424f93:192.168.36.72:44443, c967b5d6-addd-4373-9d03-98e6e3c98670:192.168.36.72:36997], old=null
2019-09-21 04:39:02,904 [pool-37-thread-1] INFO  impl.RaftServerImpl (RaftServerImpl.java:setRole(174)) - c967b5d6-addd-4373-9d03-98e6e3c98670@group-865E2A899AAB: changes role from      null to FOLLOWER at term 0 for startAsFollower
2019-09-21 04:39:02,904 [pool-37-thread-1] INFO  impl.RoleInfo (RoleInfo.java:updateAndGet(143)) - c967b5d6-addd-4373-9d03-98e6e3c98670: start FollowerState
2019-09-21 04:39:02,905 [pool-37-thread-1] INFO  util.JmxRegister (JmxRegister.java:tryRegister(44)) - Successfully registered JMX Bean with object name Ratis:service=RaftServer,group=group-865E2A899AAB,id=c967b5d6-addd-4373-9d03-98e6e3c98670
2019-09-21 04:39:02,905 [pool-27-thread-1] INFO  impl.RaftServerImpl (RaftServerImpl.java:<init>(95)) - 540b5430-d789-473d-b5c8-a0b50e424f93: new RaftServerImpl for group-025C1CD05C07:[540b5430-d789-473d-b5c8-a0b50e424f93:192.168.36.72:44443] with ContainerStateMachine:uninitialized
2019-09-21 04:39:02,905 [pool-27-thread-1] INFO  server.RaftServerConfigKeys (ConfUtils.java:logGet(43)) - raft.server.rpc.timeout.min = 5s (custom)
2019-09-21 04:39:02,906 [pool-27-thread-1] INFO  server.RaftServerConfigKeys (ConfUtils.java:logGet(43)) - raft.server.rpc.timeout.max = 5200ms (custom)
2019-09-21 04:39:02,906 [pool-27-thread-1] INFO  server.RaftServerConfigKeys (ConfUtils.java:logGet(43)) - raft.server.rpcslowness.timeout = 120s (custom)
2019-09-21 04:39:02,906 [pool-27-thread-1] INFO  server.RaftServerConfigKeys (ConfUtils.java:logGet(43)) - raft.server.sleep.deviation.threshold = 300 (default)
2019-09-21 04:39:02,908 [pool-27-thread-1] INFO  server.RaftServerConfigKeys (ConfUtils.java:logGet(43)) - raft.server.log.appender.install.snapshot.enabled = false (custom)
2019-09-21 04:39:02,908 [pool-27-thread-1] INFO  impl.RaftServerImpl (ServerState.java:<init>(103)) - 540b5430-d789-473d-b5c8-a0b50e424f93@group-025C1CD05C07: ConfigurationManager, init=-1: [540b5430-d789-473d-b5c8-a0b50e424f93:192.168.36.72:44443], old=null, confs=<EMPTY_MAP>
2019-09-21 04:39:02,910 [pool-27-thread-1] INFO  server.RaftServerConfigKeys (ConfUtils.java:logGet(43)) - raft.server.storage.dir = [/workdir/hadoop-ozone/ozonefs/target/test-dir/MiniOzoneClusterImpl-9eda3440-c808-4542-bfb4-02ef632557ef/datanode-0/data/ratis] (custom)
2019-09-21 04:39:02,915 [pool-27-thread-1] INFO  storage.RaftStorageDirectory (RaftStorageDirectory.java:analyzeStorage(246)) - The storage directory /workdir/hadoop-ozone/ozonefs/target/test-dir/MiniOzoneClusterImpl-9eda3440-c808-4542-bfb4-02ef632557ef/datanode-0/data/ratis/170cb0dc-d8d5-4289-849a-025c1cd05c07 does not exist. Creating ...
2019-09-21 04:39:02,941 [grpc-default-executor-1] WARN  server.GrpcServerProtocolService (LogUtils.java:warn(134)) - 540b5430-d789-473d-b5c8-a0b50e424f93: Failed requestVote c967b5d6-addd-4373-9d03-98e6e3c98670->540b5430-d789-473d-b5c8-a0b50e424f93#0: org.apache.ratis.protocol.ServerNotReadyException: 540b5430-d789-473d-b5c8-a0b50e424f93@group-2CB71955F3F3 is not in [RUNNING]: current state is NEW
2019-09-21 04:39:02,941 [grpc-default-executor-2] WARN  server.GrpcServerProtocolService (LogUtils.java:warn(134)) - 540b5430-d789-473d-b5c8-a0b50e424f93: Failed requestVote 2c78ef93-8df4-44d4-b6a1-8f8ab8638bd5->540b5430-d789-473d-b5c8-a0b50e424f93#0: org.apache.ratis.protocol.ServerNotReadyException: 540b5430-d789-473d-b5c8-a0b50e424f93@group-2CB71955F3F3 is not in [RUNNING]: current state is NEW
2019-09-21 04:39:03,021 [c967b5d6-addd-4373-9d03-98e6e3c98670@group-2CB71955F3F3:LeaderElection2] INFO  impl.LeaderElection (LogUtils.java:infoOrTrace(149)) - c967b5d6-addd-4373-9d03-98e6e3c98670@group-2CB71955F3F3:LeaderElection2 got exception when requesting votes: {}
java.util.concurrent.ExecutionException: org.apache.ratis.thirdparty.io.grpc.StatusRuntimeException: INTERNAL: 540b5430-d789-473d-b5c8-a0b50e424f93@group-2CB71955F3F3 is not in [RUNNING]: current state is NEW
	at java.util.concurrent.FutureTask.report(FutureTask.java:122)
	at java.util.concurrent.FutureTask.get(FutureTask.java:192)
	at org.apache.ratis.server.impl.LeaderElection.waitForResults(LeaderElection.java:263)
	at org.apache.ratis.server.impl.LeaderElection.askForVotes(LeaderElection.java:201)
	at org.apache.ratis.server.impl.LeaderElection.run(LeaderElection.java:133)
	at java.lang.Thread.run(Thread.java:748)
Caused by: org.apache.ratis.thirdparty.io.grpc.StatusRuntimeException: INTERNAL: 540b5430-d789-473d-b5c8-a0b50e424f93@group-2CB71955F3F3 is not in [RUNNING]: current state is NEW
	at org.apache.ratis.thirdparty.io.grpc.stub.ClientCalls.toStatusRuntimeException(ClientCalls.java:233)
	at org.apache.ratis.thirdparty.io.grpc.stub.ClientCalls.getUnchecked(ClientCalls.java:214)
	at org.apache.ratis.thirdparty.io.grpc.stub.ClientCalls.blockingUnaryCall(ClientCalls.java:139)
	at org.apache.ratis.proto.grpc.RaftServerProtocolServiceGrpc$RaftServerProtocolServiceBlockingStub.requestVote(RaftServerProtocolServiceGrpc.java:265)
	at org.apache.ratis.grpc.server.GrpcServerProtocolClient.requestVote(GrpcServerProtocolClient.java:90)
	at org.apache.ratis.grpc.server.GrpcService.requestVote(GrpcService.java:204)
	at org.apache.ratis.server.impl.LeaderElection.lambda$submitRequests$1(LeaderElection.java:238)
	at java.util.concurrent.FutureTask.run(FutureTask.java:266)
	at java.util.concurrent.Executors$RunnableAdapter.call(Executors.java:511)
	at java.util.concurrent.FutureTask.run(FutureTask.java:266)
	at java.util.concurrent.ThreadPoolExecutor.runWorker(ThreadPoolExecutor.java:1149)
	at java.util.concurrent.ThreadPoolExecutor$Worker.run(ThreadPoolExecutor.java:624)
	... 1 more
2019-09-21 04:39:03,021 [2c78ef93-8df4-44d4-b6a1-8f8ab8638bd5@group-2CB71955F3F3:LeaderElection1] INFO  impl.LeaderElection (LogUtils.java:infoOrTrace(149)) - 2c78ef93-8df4-44d4-b6a1-8f8ab8638bd5@group-2CB71955F3F3:LeaderElection1 got exception when requesting votes: {}
java.util.concurrent.ExecutionException: org.apache.ratis.thirdparty.io.grpc.StatusRuntimeException: INTERNAL: 540b5430-d789-473d-b5c8-a0b50e424f93@group-2CB71955F3F3 is not in [RUNNING]: current state is NEW
	at java.util.concurrent.FutureTask.report(FutureTask.java:122)
	at java.util.concurrent.FutureTask.get(FutureTask.java:192)
	at org.apache.ratis.server.impl.LeaderElection.waitForResults(LeaderElection.java:263)
	at org.apache.ratis.server.impl.LeaderElection.askForVotes(LeaderElection.java:201)
	at org.apache.ratis.server.impl.LeaderElection.run(LeaderElection.java:133)
	at java.lang.Thread.run(Thread.java:748)
Caused by: org.apache.ratis.thirdparty.io.grpc.StatusRuntimeException: INTERNAL: 540b5430-d789-473d-b5c8-a0b50e424f93@group-2CB71955F3F3 is not in [RUNNING]: current state is NEW
	at org.apache.ratis.thirdparty.io.grpc.stub.ClientCalls.toStatusRuntimeException(ClientCalls.java:233)
	at org.apache.ratis.thirdparty.io.grpc.stub.ClientCalls.getUnchecked(ClientCalls.java:214)
	at org.apache.ratis.thirdparty.io.grpc.stub.ClientCalls.blockingUnaryCall(ClientCalls.java:139)
	at org.apache.ratis.proto.grpc.RaftServerProtocolServiceGrpc$RaftServerProtocolServiceBlockingStub.requestVote(RaftServerProtocolServiceGrpc.java:265)
	at org.apache.ratis.grpc.server.GrpcServerProtocolClient.requestVote(GrpcServerProtocolClient.java:90)
	at org.apache.ratis.grpc.server.GrpcService.requestVote(GrpcService.java:204)
	at org.apache.ratis.server.impl.LeaderElection.lambda$submitRequests$1(LeaderElection.java:238)
	at java.util.concurrent.FutureTask.run(FutureTask.java:266)
	at java.util.concurrent.Executors$RunnableAdapter.call(Executors.java:511)
	at java.util.concurrent.FutureTask.run(FutureTask.java:266)
	at java.util.concurrent.ThreadPoolExecutor.runWorker(ThreadPoolExecutor.java:1149)
	at java.util.concurrent.ThreadPoolExecutor$Worker.run(ThreadPoolExecutor.java:624)
	... 1 more
2019-09-21 04:39:03,027 [2c78ef93-8df4-44d4-b6a1-8f8ab8638bd5@group-2CB71955F3F3:LeaderElection1] INFO  impl.LeaderElection (LeaderElection.java:logAndReturn(56)) - 2c78ef93-8df4-44d4-b6a1-8f8ab8638bd5@group-2CB71955F3F3:LeaderElection1: Election REJECTED; received 1 response(s) [2c78ef93-8df4-44d4-b6a1-8f8ab8638bd5<-c967b5d6-addd-4373-9d03-98e6e3c98670#0:FAIL-t1] and 1 exception(s); 2c78ef93-8df4-44d4-b6a1-8f8ab8638bd5@group-2CB71955F3F3:t1, leader=null, voted=2c78ef93-8df4-44d4-b6a1-8f8ab8638bd5, raftlog=2c78ef93-8df4-44d4-b6a1-8f8ab8638bd5@group-2CB71955F3F3-SegmentedRaftLog:OPENED:c-1,f-1,i0, conf=-1: [2c78ef93-8df4-44d4-b6a1-8f8ab8638bd5:192.168.36.72:34392, 540b5430-d789-473d-b5c8-a0b50e424f93:192.168.36.72:44443, c967b5d6-addd-4373-9d03-98e6e3c98670:192.168.36.72:36997], old=null
2019-09-21 04:39:03,027 [c967b5d6-addd-4373-9d03-98e6e3c98670@group-2CB71955F3F3:LeaderElection2] INFO  impl.LeaderElection (LeaderElection.java:logAndReturn(56)) - c967b5d6-addd-4373-9d03-98e6e3c98670@group-2CB71955F3F3:LeaderElection2: Election REJECTED; received 1 response(s) [c967b5d6-addd-4373-9d03-98e6e3c98670<-2c78ef93-8df4-44d4-b6a1-8f8ab8638bd5#0:FAIL-t1] and 1 exception(s); c967b5d6-addd-4373-9d03-98e6e3c98670@group-2CB71955F3F3:t1, leader=null, voted=c967b5d6-addd-4373-9d03-98e6e3c98670, raftlog=c967b5d6-addd-4373-9d03-98e6e3c98670@group-2CB71955F3F3-SegmentedRaftLog:OPENED:c-1,f-1,i0, conf=-1: [2c78ef93-8df4-44d4-b6a1-8f8ab8638bd5:192.168.36.72:34392, 540b5430-d789-473d-b5c8-a0b50e424f93:192.168.36.72:44443, c967b5d6-addd-4373-9d03-98e6e3c98670:192.168.36.72:36997], old=null
2019-09-21 04:39:03,028 [2c78ef93-8df4-44d4-b6a1-8f8ab8638bd5@group-2CB71955F3F3:LeaderElection1] INFO  impl.LeaderElection (LogUtils.java:infoOrTrace(149)) -   Exception 0: {}
java.util.concurrent.ExecutionException: org.apache.ratis.thirdparty.io.grpc.StatusRuntimeException: INTERNAL: 540b5430-d789-473d-b5c8-a0b50e424f93@group-2CB71955F3F3 is not in [RUNNING]: current state is NEW
	at java.util.concurrent.FutureTask.report(FutureTask.java:122)
	at java.util.concurrent.FutureTask.get(FutureTask.java:192)
	at org.apache.ratis.server.impl.LeaderElection.waitForResults(LeaderElection.java:263)
	at org.apache.ratis.server.impl.LeaderElection.askForVotes(LeaderElection.java:201)
	at org.apache.ratis.server.impl.LeaderElection.run(LeaderElection.java:133)
	at java.lang.Thread.run(Thread.java:748)
Caused by: org.apache.ratis.thirdparty.io.grpc.StatusRuntimeException: INTERNAL: 540b5430-d789-473d-b5c8-a0b50e424f93@group-2CB71955F3F3 is not in [RUNNING]: current state is NEW
	at org.apache.ratis.thirdparty.io.grpc.stub.ClientCalls.toStatusRuntimeException(ClientCalls.java:233)
	at org.apache.ratis.thirdparty.io.grpc.stub.ClientCalls.getUnchecked(ClientCalls.java:214)
	at org.apache.ratis.thirdparty.io.grpc.stub.ClientCalls.blockingUnaryCall(ClientCalls.java:139)
	at org.apache.ratis.proto.grpc.RaftServerProtocolServiceGrpc$RaftServerProtocolServiceBlockingStub.requestVote(RaftServerProtocolServiceGrpc.java:265)
	at org.apache.ratis.grpc.server.GrpcServerProtocolClient.requestVote(GrpcServerProtocolClient.java:90)
	at org.apache.ratis.grpc.server.GrpcService.requestVote(GrpcService.java:204)
	at org.apache.ratis.server.impl.LeaderElection.lambda$submitRequests$1(LeaderElection.java:238)
	at java.util.concurrent.FutureTask.run(FutureTask.java:266)
	at java.util.concurrent.Executors$RunnableAdapter.call(Executors.java:511)
	at java.util.concurrent.FutureTask.run(FutureTask.java:266)
	at java.util.concurrent.ThreadPoolExecutor.runWorker(ThreadPoolExecutor.java:1149)
	at java.util.concurrent.ThreadPoolExecutor$Worker.run(ThreadPoolExecutor.java:624)
	... 1 more
2019-09-21 04:39:03,029 [c967b5d6-addd-4373-9d03-98e6e3c98670@group-2CB71955F3F3:LeaderElection2] INFO  impl.LeaderElection (LogUtils.java:infoOrTrace(149)) -   Exception 0: {}
java.util.concurrent.ExecutionException: org.apache.ratis.thirdparty.io.grpc.StatusRuntimeException: INTERNAL: 540b5430-d789-473d-b5c8-a0b50e424f93@group-2CB71955F3F3 is not in [RUNNING]: current state is NEW
	at java.util.concurrent.FutureTask.report(FutureTask.java:122)
	at java.util.concurrent.FutureTask.get(FutureTask.java:192)
	at org.apache.ratis.server.impl.LeaderElection.waitForResults(LeaderElection.java:263)
	at org.apache.ratis.server.impl.LeaderElection.askForVotes(LeaderElection.java:201)
	at org.apache.ratis.server.impl.LeaderElection.run(LeaderElection.java:133)
	at java.lang.Thread.run(Thread.java:748)
Caused by: org.apache.ratis.thirdparty.io.grpc.StatusRuntimeException: INTERNAL: 540b5430-d789-473d-b5c8-a0b50e424f93@group-2CB71955F3F3 is not in [RUNNING]: current state is NEW
	at org.apache.ratis.thirdparty.io.grpc.stub.ClientCalls.toStatusRuntimeException(ClientCalls.java:233)
	at org.apache.ratis.thirdparty.io.grpc.stub.ClientCalls.getUnchecked(ClientCalls.java:214)
	at org.apache.ratis.thirdparty.io.grpc.stub.ClientCalls.blockingUnaryCall(ClientCalls.java:139)
	at org.apache.ratis.proto.grpc.RaftServerProtocolServiceGrpc$RaftServerProtocolServiceBlockingStub.requestVote(RaftServerProtocolServiceGrpc.java:265)
	at org.apache.ratis.grpc.server.GrpcServerProtocolClient.requestVote(GrpcServerProtocolClient.java:90)
	at org.apache.ratis.grpc.server.GrpcService.requestVote(GrpcService.java:204)
	at org.apache.ratis.server.impl.LeaderElection.lambda$submitRequests$1(LeaderElection.java:238)
	at java.util.concurrent.FutureTask.run(FutureTask.java:266)
	at java.util.concurrent.Executors$RunnableAdapter.call(Executors.java:511)
	at java.util.concurrent.FutureTask.run(FutureTask.java:266)
	at java.util.concurrent.ThreadPoolExecutor.runWorker(ThreadPoolExecutor.java:1149)
	at java.util.concurrent.ThreadPoolExecutor$Worker.run(ThreadPoolExecutor.java:624)
	... 1 more
2019-09-21 04:39:03,036 [c967b5d6-addd-4373-9d03-98e6e3c98670@group-2CB71955F3F3:LeaderElection2] INFO  impl.RaftServerImpl (RaftServerImpl.java:setRole(174)) - c967b5d6-addd-4373-9d03-98e6e3c98670@group-2CB71955F3F3: changes role from CANDIDATE to FOLLOWER at term 1 for DISCOVERED_A_NEW_TERM
2019-09-21 04:39:03,036 [2c78ef93-8df4-44d4-b6a1-8f8ab8638bd5@group-2CB71955F3F3:LeaderElection1] INFO  impl.RaftServerImpl (RaftServerImpl.java:setRole(174)) - 2c78ef93-8df4-44d4-b6a1-8f8ab8638bd5@group-2CB71955F3F3: changes role from CANDIDATE to FOLLOWER at term 1 for DISCOVERED_A_NEW_TERM
2019-09-21 04:39:03,036 [c967b5d6-addd-4373-9d03-98e6e3c98670@group-2CB71955F3F3:LeaderElection2] INFO  impl.RoleInfo (RoleInfo.java:shutdownLeaderElection(134)) - c967b5d6-addd-4373-9d03-98e6e3c98670: shutdown LeaderElection
2019-09-21 04:39:03,036 [2c78ef93-8df4-44d4-b6a1-8f8ab8638bd5@group-2CB71955F3F3:LeaderElection1] INFO  impl.RoleInfo (RoleInfo.java:shutdownLeaderElection(134)) - 2c78ef93-8df4-44d4-b6a1-8f8ab8638bd5: shutdown LeaderElection
2019-09-21 04:39:03,037 [2c78ef93-8df4-44d4-b6a1-8f8ab8638bd5@group-2CB71955F3F3:LeaderElection1] INFO  impl.RoleInfo (RoleInfo.java:updateAndGet(143)) - 2c78ef93-8df4-44d4-b6a1-8f8ab8638bd5: start FollowerState
2019-09-21 04:39:03,037 [c967b5d6-addd-4373-9d03-98e6e3c98670@group-2CB71955F3F3:LeaderElection2] INFO  impl.RoleInfo (RoleInfo.java:updateAndGet(143)) - c967b5d6-addd-4373-9d03-98e6e3c98670: start FollowerState
2019-09-21 04:39:03,593 [RATISCREATEPIPELINE3] ERROR pipeline.RatisPipelineProvider (RatisPipelineProvider.java:lambda$null$5(235)) - Failed invoke Ratis rpc org.apache.hadoop.hdds.scm.pipeline.RatisPipelineProvider$$Lambda$200/505994749@74710a11 for 540b5430-d789-473d-b5c8-a0b50e424f93
org.apache.ratis.protocol.TimeoutIOException: deadline exceeded after 2999589873ns
	at org.apache.ratis.grpc.GrpcUtil.tryUnwrapException(GrpcUtil.java:82)
	at org.apache.ratis.grpc.GrpcUtil.unwrapException(GrpcUtil.java:75)
	at org.apache.ratis.grpc.client.GrpcClientProtocolClient.blockingCall(GrpcClientProtocolClient.java:178)
	at org.apache.ratis.grpc.client.GrpcClientProtocolClient.groupAdd(GrpcClientProtocolClient.java:147)
	at org.apache.ratis.grpc.client.GrpcClientRpc.sendRequest(GrpcClientRpc.java:94)
	at org.apache.ratis.client.impl.RaftClientImpl.sendRequest(RaftClientImpl.java:278)
	at org.apache.ratis.client.impl.RaftClientImpl.groupAdd(RaftClientImpl.java:205)
	at org.apache.hadoop.hdds.scm.pipeline.RatisPipelineProvider.lambda$initializePipeline$4(RatisPipelineProvider.java:196)
	at org.apache.hadoop.hdds.scm.pipeline.RatisPipelineProvider.lambda$null$5(RatisPipelineProvider.java:231)
	at java.util.stream.ForEachOps$ForEachOp$OfRef.accept(ForEachOps.java:184)
	at java.util.ArrayList$ArrayListSpliterator.forEachRemaining(ArrayList.java:1382)
	at java.util.stream.AbstractPipeline.copyInto(AbstractPipeline.java:482)
	at java.util.stream.ForEachOps$ForEachTask.compute(ForEachOps.java:291)
	at java.util.concurrent.CountedCompleter.exec(CountedCompleter.java:731)
	at java.util.concurrent.ForkJoinTask.doExec(ForkJoinTask.java:289)
	at java.util.concurrent.ForkJoinPool$WorkQueue.runTask(ForkJoinPool.java:1056)
	at java.util.concurrent.ForkJoinPool.runWorker(ForkJoinPool.java:1692)
	at java.util.concurrent.ForkJoinWorkerThread.run(ForkJoinWorkerThread.java:157)
Caused by: org.apache.ratis.thirdparty.io.grpc.StatusRuntimeException: DEADLINE_EXCEEDED: deadline exceeded after 2999589873ns
	at org.apache.ratis.thirdparty.io.grpc.stub.ClientCalls.toStatusRuntimeException(ClientCalls.java:233)
	at org.apache.ratis.thirdparty.io.grpc.stub.ClientCalls.getUnchecked(ClientCalls.java:214)
	at org.apache.ratis.thirdparty.io.grpc.stub.ClientCalls.blockingUnaryCall(ClientCalls.java:139)
	at org.apache.ratis.proto.grpc.AdminProtocolServiceGrpc$AdminProtocolServiceBlockingStub.groupManagement(AdminProtocolServiceGrpc.java:274)
	at org.apache.ratis.grpc.client.GrpcClientProtocolClient.lambda$groupAdd$3(GrpcClientProtocolClient.java:149)
	at org.apache.ratis.grpc.client.GrpcClientProtocolClient.blockingCall(GrpcClientProtocolClient.java:176)
	... 15 more
2019-09-21 04:39:03,636 [grpc-default-executor-0] INFO  impl.RaftServerProxy (RaftServerProxy.java:addNew(89)) - 2c78ef93-8df4-44d4-b6a1-8f8ab8638bd5: addNew group-ABA1CB25FD18:[2c78ef93-8df4-44d4-b6a1-8f8ab8638bd5:192.168.36.72:34392, 540b5430-d789-473d-b5c8-a0b50e424f93:192.168.36.72:44443, c967b5d6-addd-4373-9d03-98e6e3c98670:192.168.36.72:36997] returns group-ABA1CB25FD18:java.util.concurrent.CompletableFuture@94bac89[Not completed]
2019-09-21 04:39:03,638 [grpc-default-executor-1] INFO  impl.RaftServerProxy (RaftServerProxy.java:addNew(89)) - 540b5430-d789-473d-b5c8-a0b50e424f93: addNew group-ABA1CB25FD18:[2c78ef93-8df4-44d4-b6a1-8f8ab8638bd5:192.168.36.72:34392, 540b5430-d789-473d-b5c8-a0b50e424f93:192.168.36.72:44443, c967b5d6-addd-4373-9d03-98e6e3c98670:192.168.36.72:36997] returns group-ABA1CB25FD18:java.util.concurrent.CompletableFuture@7d38fc33[Not completed]
2019-09-21 04:39:03,638 [grpc-default-executor-2] INFO  impl.RaftServerProxy (RaftServerProxy.java:addNew(89)) - c967b5d6-addd-4373-9d03-98e6e3c98670: addNew group-ABA1CB25FD18:[2c78ef93-8df4-44d4-b6a1-8f8ab8638bd5:192.168.36.72:34392, 540b5430-d789-473d-b5c8-a0b50e424f93:192.168.36.72:44443, c967b5d6-addd-4373-9d03-98e6e3c98670:192.168.36.72:36997] returns group-ABA1CB25FD18:java.util.concurrent.CompletableFuture@525a7a9a[Not completed]
2019-09-21 04:39:03,641 [pool-67-thread-1] INFO  impl.RaftServerImpl (RaftServerImpl.java:<init>(95)) - 2c78ef93-8df4-44d4-b6a1-8f8ab8638bd5: new RaftServerImpl for group-ABA1CB25FD18:[2c78ef93-8df4-44d4-b6a1-8f8ab8638bd5:192.168.36.72:34392, 540b5430-d789-473d-b5c8-a0b50e424f93:192.168.36.72:44443, c967b5d6-addd-4373-9d03-98e6e3c98670:192.168.36.72:36997] with ContainerStateMachine:uninitialized
2019-09-21 04:39:03,641 [pool-67-thread-1] INFO  server.RaftServerConfigKeys (ConfUtils.java:logGet(43)) - raft.server.rpc.timeout.min = 5s (custom)
2019-09-21 04:39:03,641 [pool-67-thread-1] INFO  server.RaftServerConfigKeys (ConfUtils.java:logGet(43)) - raft.server.rpc.timeout.max = 5200ms (custom)
2019-09-21 04:39:03,641 [pool-67-thread-1] INFO  server.RaftServerConfigKeys (ConfUtils.java:logGet(43)) - raft.server.rpcslowness.timeout = 120s (custom)
2019-09-21 04:39:03,641 [pool-67-thread-1] INFO  server.RaftServerConfigKeys (ConfUtils.java:logGet(43)) - raft.server.sleep.deviation.threshold = 300 (default)
2019-09-21 04:39:03,641 [pool-37-thread-1] INFO  impl.RaftServerImpl (RaftServerImpl.java:<init>(95)) - c967b5d6-addd-4373-9d03-98e6e3c98670: new RaftServerImpl for group-ABA1CB25FD18:[2c78ef93-8df4-44d4-b6a1-8f8ab8638bd5:192.168.36.72:34392, 540b5430-d789-473d-b5c8-a0b50e424f93:192.168.36.72:44443, c967b5d6-addd-4373-9d03-98e6e3c98670:192.168.36.72:36997] with ContainerStateMachine:uninitialized
2019-09-21 04:39:03,641 [pool-67-thread-1] INFO  server.RaftServerConfigKeys (ConfUtils.java:logGet(43)) - raft.server.log.appender.install.snapshot.enabled = false (custom)
2019-09-21 04:39:03,642 [pool-37-thread-1] INFO  server.RaftServerConfigKeys (ConfUtils.java:logGet(43)) - raft.server.rpc.timeout.min = 5s (custom)
2019-09-21 04:39:03,642 [pool-67-thread-1] INFO  impl.RaftServerImpl (ServerState.java:<init>(103)) - 2c78ef93-8df4-44d4-b6a1-8f8ab8638bd5@group-ABA1CB25FD18: ConfigurationManager, init=-1: [2c78ef93-8df4-44d4-b6a1-8f8ab8638bd5:192.168.36.72:34392, 540b5430-d789-473d-b5c8-a0b50e424f93:192.168.36.72:44443, c967b5d6-addd-4373-9d03-98e6e3c98670:192.168.36.72:36997], old=null, confs=<EMPTY_MAP>
2019-09-21 04:39:03,642 [pool-37-thread-1] INFO  server.RaftServerConfigKeys (ConfUtils.java:logGet(43)) - raft.server.rpc.timeout.max = 5200ms (custom)
2019-09-21 04:39:03,642 [pool-37-thread-1] INFO  server.RaftServerConfigKeys (ConfUtils.java:logGet(43)) - raft.server.rpcslowness.timeout = 120s (custom)
2019-09-21 04:39:03,642 [pool-67-thread-1] INFO  server.RaftServerConfigKeys (ConfUtils.java:logGet(43)) - raft.server.storage.dir = [/workdir/hadoop-ozone/ozonefs/target/test-dir/MiniOzoneClusterImpl-9eda3440-c808-4542-bfb4-02ef632557ef/datanode-4/data/ratis] (custom)
2019-09-21 04:39:03,642 [pool-37-thread-1] INFO  server.RaftServerConfigKeys (ConfUtils.java:logGet(43)) - raft.server.sleep.deviation.threshold = 300 (default)
2019-09-21 04:39:03,642 [pool-37-thread-1] INFO  server.RaftServerConfigKeys (ConfUtils.java:logGet(43)) - raft.server.log.appender.install.snapshot.enabled = false (custom)
2019-09-21 04:39:03,643 [pool-37-thread-1] INFO  impl.RaftServerImpl (ServerState.java:<init>(103)) - c967b5d6-addd-4373-9d03-98e6e3c98670@group-ABA1CB25FD18: ConfigurationManager, init=-1: [2c78ef93-8df4-44d4-b6a1-8f8ab8638bd5:192.168.36.72:34392, 540b5430-d789-473d-b5c8-a0b50e424f93:192.168.36.72:44443, c967b5d6-addd-4373-9d03-98e6e3c98670:192.168.36.72:36997], old=null, confs=<EMPTY_MAP>
2019-09-21 04:39:03,643 [pool-67-thread-1] INFO  storage.RaftStorageDirectory (RaftStorageDirectory.java:analyzeStorage(246)) - The storage directory /workdir/hadoop-ozone/ozonefs/target/test-dir/MiniOzoneClusterImpl-9eda3440-c808-4542-bfb4-02ef632557ef/datanode-4/data/ratis/7f1126cb-8d96-4f84-8a4f-aba1cb25fd18 does not exist. Creating ...
2019-09-21 04:39:03,643 [pool-37-thread-1] INFO  server.RaftServerConfigKeys (ConfUtils.java:logGet(43)) - raft.server.storage.dir = [/workdir/hadoop-ozone/ozonefs/target/test-dir/MiniOzoneClusterImpl-9eda3440-c808-4542-bfb4-02ef632557ef/datanode-1/data/ratis] (custom)
2019-09-21 04:39:03,643 [pool-37-thread-1] INFO  storage.RaftStorageDirectory (RaftStorageDirectory.java:analyzeStorage(246)) - The storage directory /workdir/hadoop-ozone/ozonefs/target/test-dir/MiniOzoneClusterImpl-9eda3440-c808-4542-bfb4-02ef632557ef/datanode-1/data/ratis/7f1126cb-8d96-4f84-8a4f-aba1cb25fd18 does not exist. Creating ...
2019-09-21 04:39:06,607 [RATISCREATEPIPELINE3] ERROR pipeline.RatisPipelineProvider (RatisPipelineProvider.java:lambda$null$5(235)) - Failed invoke Ratis rpc org.apache.hadoop.hdds.scm.pipeline.RatisPipelineProvider$$Lambda$200/505994749@4971fcf8 for 540b5430-d789-473d-b5c8-a0b50e424f93
org.apache.ratis.protocol.TimeoutIOException: deadline exceeded after 2996548968ns
	at org.apache.ratis.grpc.GrpcUtil.tryUnwrapException(GrpcUtil.java:82)
	at org.apache.ratis.grpc.GrpcUtil.unwrapException(GrpcUtil.java:75)
	at org.apache.ratis.grpc.client.GrpcClientProtocolClient.blockingCall(GrpcClientProtocolClient.java:178)
	at org.apache.ratis.grpc.client.GrpcClientProtocolClient.groupAdd(GrpcClientProtocolClient.java:147)
	at org.apache.ratis.grpc.client.GrpcClientRpc.sendRequest(GrpcClientRpc.java:94)
	at org.apache.ratis.client.impl.RaftClientImpl.sendRequest(RaftClientImpl.java:278)
	at org.apache.ratis.client.impl.RaftClientImpl.groupAdd(RaftClientImpl.java:205)
	at org.apache.hadoop.hdds.scm.pipeline.RatisPipelineProvider.lambda$initializePipeline$4(RatisPipelineProvider.java:196)
	at org.apache.hadoop.hdds.scm.pipeline.RatisPipelineProvider.lambda$null$5(RatisPipelineProvider.java:231)
	at java.util.stream.ForEachOps$ForEachOp$OfRef.accept(ForEachOps.java:184)
	at java.util.ArrayList$ArrayListSpliterator.forEachRemaining(ArrayList.java:1382)
	at java.util.stream.AbstractPipeline.copyInto(AbstractPipeline.java:482)
	at java.util.stream.ForEachOps$ForEachTask.compute(ForEachOps.java:291)
	at java.util.concurrent.CountedCompleter.exec(CountedCompleter.java:731)
	at java.util.concurrent.ForkJoinTask.doExec(ForkJoinTask.java:289)
	at java.util.concurrent.ForkJoinPool$WorkQueue.runTask(ForkJoinPool.java:1056)
	at java.util.concurrent.ForkJoinPool.runWorker(ForkJoinPool.java:1692)
	at java.util.concurrent.ForkJoinWorkerThread.run(ForkJoinWorkerThread.java:157)
Caused by: org.apache.ratis.thirdparty.io.grpc.StatusRuntimeException: DEADLINE_EXCEEDED: deadline exceeded after 2996548968ns
	at org.apache.ratis.thirdparty.io.grpc.stub.ClientCalls.toStatusRuntimeException(ClientCalls.java:233)
	at org.apache.ratis.thirdparty.io.grpc.stub.ClientCalls.getUnchecked(ClientCalls.java:214)
	at org.apache.ratis.thirdparty.io.grpc.stub.ClientCalls.blockingUnaryCall(ClientCalls.java:139)
	at org.apache.ratis.proto.grpc.AdminProtocolServiceGrpc$AdminProtocolServiceBlockingStub.groupManagement(AdminProtocolServiceGrpc.java:274)
	at org.apache.ratis.grpc.client.GrpcClientProtocolClient.lambda$groupAdd$3(GrpcClientProtocolClient.java:149)
	at org.apache.ratis.grpc.client.GrpcClientProtocolClient.blockingCall(GrpcClientProtocolClient.java:176)
	... 15 more
2019-09-21 04:39:06,614 [RATISCREATEPIPELINE2] ERROR pipeline.RatisPipelineProvider (RatisPipelineProvider.java:lambda$null$5(235)) - Failed invoke Ratis rpc org.apache.hadoop.hdds.scm.pipeline.RatisPipelineProvider$$Lambda$200/505994749@4971fcf8 for 2c78ef93-8df4-44d4-b6a1-8f8ab8638bd5
org.apache.ratis.protocol.TimeoutIOException: deadline exceeded after 2997910331ns
	at org.apache.ratis.grpc.GrpcUtil.tryUnwrapException(GrpcUtil.java:82)
	at org.apache.ratis.grpc.GrpcUtil.unwrapException(GrpcUtil.java:75)
	at org.apache.ratis.grpc.client.GrpcClientProtocolClient.blockingCall(GrpcClientProtocolClient.java:178)
	at org.apache.ratis.grpc.client.GrpcClientProtocolClient.groupAdd(GrpcClientProtocolClient.java:147)
	at org.apache.ratis.grpc.client.GrpcClientRpc.sendRequest(GrpcClientRpc.java:94)
	at org.apache.ratis.client.impl.RaftClientImpl.sendRequest(RaftClientImpl.java:278)
	at org.apache.ratis.client.impl.RaftClientImpl.groupAdd(RaftClientImpl.java:205)
	at org.apache.hadoop.hdds.scm.pipeline.RatisPipelineProvider.lambda$initializePipeline$4(RatisPipelineProvider.java:196)
	at org.apache.hadoop.hdds.scm.pipeline.RatisPipelineProvider.lambda$null$5(RatisPipelineProvider.java:231)
	at java.util.stream.ForEachOps$ForEachOp$OfRef.accept(ForEachOps.java:184)
	at java.util.ArrayList$ArrayListSpliterator.forEachRemaining(ArrayList.java:1382)
	at java.util.stream.AbstractPipeline.copyInto(AbstractPipeline.java:482)
	at java.util.stream.ForEachOps$ForEachTask.compute(ForEachOps.java:291)
	at java.util.concurrent.CountedCompleter.exec(CountedCompleter.java:731)
	at java.util.concurrent.ForkJoinTask.doExec(ForkJoinTask.java:289)
	at java.util.concurrent.ForkJoinPool$WorkQueue.runTask(ForkJoinPool.java:1056)
	at java.util.concurrent.ForkJoinPool.runWorker(ForkJoinPool.java:1692)
	at java.util.concurrent.ForkJoinWorkerThread.run(ForkJoinWorkerThread.java:157)
Caused by: org.apache.ratis.thirdparty.io.grpc.StatusRuntimeException: DEADLINE_EXCEEDED: deadline exceeded after 2997910331ns
	at org.apache.ratis.thirdparty.io.grpc.stub.ClientCalls.toStatusRuntimeException(ClientCalls.java:233)
	at org.apache.ratis.thirdparty.io.grpc.stub.ClientCalls.getUnchecked(ClientCalls.java:214)
	at org.apache.ratis.thirdparty.io.grpc.stub.ClientCalls.blockingUnaryCall(ClientCalls.java:139)
	at org.apache.ratis.proto.grpc.AdminProtocolServiceGrpc$AdminProtocolServiceBlockingStub.groupManagement(AdminProtocolServiceGrpc.java:274)
	at org.apache.ratis.grpc.client.GrpcClientProtocolClient.lambda$groupAdd$3(GrpcClientProtocolClient.java:149)
	at org.apache.ratis.grpc.client.GrpcClientProtocolClient.blockingCall(GrpcClientProtocolClient.java:176)
	... 15 more
2019-09-21 04:39:06,615 [RATISCREATEPIPELINE1] ERROR pipeline.RatisPipelineProvider (RatisPipelineProvider.java:lambda$null$5(235)) - Failed invoke Ratis rpc org.apache.hadoop.hdds.scm.pipeline.RatisPipelineProvider$$Lambda$200/505994749@4971fcf8 for c967b5d6-addd-4373-9d03-98e6e3c98670
org.apache.ratis.protocol.TimeoutIOException: deadline exceeded after 2999753689ns
	at org.apache.ratis.grpc.GrpcUtil.tryUnwrapException(GrpcUtil.java:82)
	at org.apache.ratis.grpc.GrpcUtil.unwrapException(GrpcUtil.java:75)
	at org.apache.ratis.grpc.client.GrpcClientProtocolClient.blockingCall(GrpcClientProtocolClient.java:178)
	at org.apache.ratis.grpc.client.GrpcClientProtocolClient.groupAdd(GrpcClientProtocolClient.java:147)
	at org.apache.ratis.grpc.client.GrpcClientRpc.sendRequest(GrpcClientRpc.java:94)
	at org.apache.ratis.client.impl.RaftClientImpl.sendRequest(RaftClientImpl.java:278)
	at org.apache.ratis.client.impl.RaftClientImpl.groupAdd(RaftClientImpl.java:205)
	at org.apache.hadoop.hdds.scm.pipeline.RatisPipelineProvider.lambda$initializePipeline$4(RatisPipelineProvider.java:196)
	at org.apache.hadoop.hdds.scm.pipeline.RatisPipelineProvider.lambda$null$5(RatisPipelineProvider.java:231)
	at java.util.stream.ForEachOps$ForEachOp$OfRef.accept(ForEachOps.java:184)
	at java.util.ArrayList$ArrayListSpliterator.forEachRemaining(ArrayList.java:1382)
	at java.util.stream.AbstractPipeline.copyInto(AbstractPipeline.java:482)
	at java.util.stream.ForEachOps$ForEachTask.compute(ForEachOps.java:291)
	at java.util.concurrent.CountedCompleter.exec(CountedCompleter.java:731)
	at java.util.concurrent.ForkJoinTask.doExec(ForkJoinTask.java:289)
	at java.util.concurrent.ForkJoinTask.doInvoke(ForkJoinTask.java:401)
	at java.util.concurrent.ForkJoinTask.invoke(ForkJoinTask.java:734)
	at java.util.stream.ForEachOps$ForEachOp.evaluateParallel(ForEachOps.java:160)
	at java.util.stream.ForEachOps$ForEachOp$OfRef.evaluateParallel(ForEachOps.java:174)
	at java.util.stream.AbstractPipeline.evaluate(AbstractPipeline.java:233)
	at java.util.stream.ReferencePipeline.forEach(ReferencePipeline.java:418)
	at java.util.stream.ReferencePipeline$Head.forEach(ReferencePipeline.java:583)
	at org.apache.hadoop.hdds.scm.pipeline.RatisPipelineProvider.lambda$callRatisRpc$6(RatisPipelineProvider.java:225)
	at java.util.concurrent.ForkJoinTask$AdaptedRunnableAction.exec(ForkJoinTask.java:1386)
	at java.util.concurrent.ForkJoinTask.doExec(ForkJoinTask.java:289)
	at java.util.concurrent.ForkJoinPool$WorkQueue.runTask(ForkJoinPool.java:1056)
	at java.util.concurrent.ForkJoinPool.runWorker(ForkJoinPool.java:1692)
	at java.util.concurrent.ForkJoinWorkerThread.run(ForkJoinWorkerThread.java:157)
Caused by: org.apache.ratis.thirdparty.io.grpc.StatusRuntimeException: DEADLINE_EXCEEDED: deadline exceeded after 2999753689ns
	at org.apache.ratis.thirdparty.io.grpc.stub.ClientCalls.toStatusRuntimeException(ClientCalls.java:233)
	at org.apache.ratis.thirdparty.io.grpc.stub.ClientCalls.getUnchecked(ClientCalls.java:214)
	at org.apache.ratis.thirdparty.io.grpc.stub.ClientCalls.blockingUnaryCall(ClientCalls.java:139)
	at org.apache.ratis.proto.grpc.AdminProtocolServiceGrpc$AdminProtocolServiceBlockingStub.groupManagement(AdminProtocolServiceGrpc.java:274)
	at org.apache.ratis.grpc.client.GrpcClientProtocolClient.lambda$groupAdd$3(GrpcClientProtocolClient.java:149)
	at org.apache.ratis.grpc.client.GrpcClientProtocolClient.blockingCall(GrpcClientProtocolClient.java:176)
	... 25 more
2019-09-21 04:39:06,622 [IPC Server handler 0 on 43805] WARN  block.BlockManagerImpl (BlockManagerImpl.java:allocateBlock(192)) - Pipeline creation failed for type:RATIS factor:THREE. Retrying get pipelines call once.
org.apache.hadoop.io.MultipleIOException: 3 exceptions [java.io.IOException: Failed invoke Ratis rpc org.apache.hadoop.hdds.scm.pipeline.RatisPipelineProvider$$Lambda$200/505994749@4971fcf8 for 540b5430-d789-473d-b5c8-a0b50e424f93, java.io.IOException: Failed invoke Ratis rpc org.apache.hadoop.hdds.scm.pipeline.RatisPipelineProvider$$Lambda$200/505994749@4971fcf8 for 2c78ef93-8df4-44d4-b6a1-8f8ab8638bd5, java.io.IOException: Failed invoke Ratis rpc org.apache.hadoop.hdds.scm.pipeline.RatisPipelineProvider$$Lambda$200/505994749@4971fcf8 for c967b5d6-addd-4373-9d03-98e6e3c98670]
	at org.apache.hadoop.io.MultipleIOException.createIOException(MultipleIOException.java:53)
	at org.apache.hadoop.hdds.scm.pipeline.RatisPipelineProvider.callRatisRpc(RatisPipelineProvider.java:251)
	at org.apache.hadoop.hdds.scm.pipeline.RatisPipelineProvider.initializePipeline(RatisPipelineProvider.java:194)
	at org.apache.hadoop.hdds.scm.pipeline.RatisPipelineProvider.create(RatisPipelineProvider.java:163)
	at org.apache.hadoop.hdds.scm.pipeline.PipelineFactory.create(PipelineFactory.java:58)
	at org.apache.hadoop.hdds.scm.pipeline.SCMPipelineManager.createPipeline(SCMPipelineManager.java:155)
	at org.apache.hadoop.hdds.scm.block.BlockManagerImpl.allocateBlock(BlockManagerImpl.java:190)
	at org.apache.hadoop.hdds.scm.server.SCMBlockProtocolServer.allocateBlock(SCMBlockProtocolServer.java:182)
	at org.apache.hadoop.ozone.protocolPB.ScmBlockLocationProtocolServerSideTranslatorPB.allocateScmBlock(ScmBlockLocationProtocolServerSideTranslatorPB.java:183)
	at org.apache.hadoop.ozone.protocolPB.ScmBlockLocationProtocolServerSideTranslatorPB.processMessage(ScmBlockLocationProtocolServerSideTranslatorPB.java:141)
	at org.apache.hadoop.ozone.protocolPB.ScmBlockLocationProtocolServerSideTranslatorPB.send(ScmBlockLocationProtocolServerSideTranslatorPB.java:116)
	at org.apache.hadoop.hdds.protocol.proto.ScmBlockLocationProtocolProtos$ScmBlockLocationProtocolService$2.callBlockingMethod(ScmBlockLocationProtocolProtos.java:13157)
	at org.apache.hadoop.ipc.ProtobufRpcEngine$Server$ProtoBufRpcInvoker.call(ProtobufRpcEngine.java:524)
	at org.apache.hadoop.ipc.RPC$Server.call(RPC.java:1025)
	at org.apache.hadoop.ipc.Server$RpcCall.run(Server.java:876)
	at org.apache.hadoop.ipc.Server$RpcCall.run(Server.java:822)
	at java.security.AccessController.doPrivileged(Native Method)
	at javax.security.auth.Subject.doAs(Subject.java:422)
	at org.apache.hadoop.security.UserGroupInformation.doAs(UserGroupInformation.java:1730)
	at org.apache.hadoop.ipc.Server$Handler.run(Server.java:2682)
2019-09-21 04:39:06,623 [IPC Server handler 0 on 43805] INFO  block.BlockManagerImpl (BlockManagerImpl.java:allocateBlock(198)) - Could not find available pipeline of type:RATIS and factor:THREE even after retrying
2019-09-21 04:39:06,624 [IPC Server handler 0 on 43805] ERROR block.BlockManagerImpl (BlockManagerImpl.java:allocateBlock(222)) - Unable to allocate a block for the size: 4194304, type: RATIS, factor: THREE
2019-09-21 04:39:06,638 [Thread-217] INFO  contract.ITestOzoneContractGetFileStatus (ITestOzoneContractGetFileStatus.java:teardown(57)) - FS details OzoneFileSystem{URI=o3fs://bucket66279.volume56023, workingDir=o3fs://bucket66279.volume56023/user/jenkins1000, userName=jenkins1000, statistics=0 bytes read, 0 bytes written, 14 read ops, 0 large read ops, 5 write ops}
2019-09-21 04:39:07,928 [Thread-239] INFO  impl.FollowerState (FollowerState.java:run(106)) - c967b5d6-addd-4373-9d03-98e6e3c98670:group-865E2A899AAB changes to CANDIDATE, lastRpcTime:5023, electionTimeout:5023ms
2019-09-21 04:39:07,929 [Thread-239] INFO  impl.RoleInfo (RoleInfo.java:shutdownFollowerState(121)) - c967b5d6-addd-4373-9d03-98e6e3c98670: shutdown FollowerState
2019-09-21 04:39:07,929 [Thread-239] INFO  impl.RaftServerImpl (RaftServerImpl.java:setRole(174)) - c967b5d6-addd-4373-9d03-98e6e3c98670@group-865E2A899AAB: changes role from  FOLLOWER to CANDIDATE at term 0 for changeToCandidate
2019-09-21 04:39:07,929 [Thread-239] INFO  impl.RoleInfo (RoleInfo.java:updateAndGet(143)) - c967b5d6-addd-4373-9d03-98e6e3c98670: start LeaderElection
2019-09-21 04:39:08,008 [Thread-237] INFO  impl.FollowerState (FollowerState.java:run(106)) - 2c78ef93-8df4-44d4-b6a1-8f8ab8638bd5:group-865E2A899AAB changes to CANDIDATE, lastRpcTime:5108, electionTimeout:5108ms
2019-09-21 04:39:08,009 [Thread-237] INFO  impl.RoleInfo (RoleInfo.java:shutdownFollowerState(121)) - 2c78ef93-8df4-44d4-b6a1-8f8ab8638bd5: shutdown FollowerState
2019-09-21 04:39:08,009 [Thread-237] INFO  impl.RaftServerImpl (RaftServerImpl.java:setRole(174)) - 2c78ef93-8df4-44d4-b6a1-8f8ab8638bd5@group-865E2A899AAB: changes role from  FOLLOWER to CANDIDATE at term 0 for changeToCandidate
2019-09-21 04:39:08,009 [Thread-237] INFO  impl.RoleInfo (RoleInfo.java:updateAndGet(143)) - 2c78ef93-8df4-44d4-b6a1-8f8ab8638bd5: start LeaderElection
2019-09-21 04:39:08,058 [Thread-242] INFO  impl.FollowerState (FollowerState.java:run(106)) - 2c78ef93-8df4-44d4-b6a1-8f8ab8638bd5:group-2CB71955F3F3 changes to CANDIDATE, lastRpcTime:5021, electionTimeout:5021ms
2019-09-21 04:39:08,059 [Thread-242] INFO  impl.RoleInfo (RoleInfo.java:shutdownFollowerState(121)) - 2c78ef93-8df4-44d4-b6a1-8f8ab8638bd5: shutdown FollowerState
2019-09-21 04:39:08,059 [Thread-242] INFO  impl.RaftServerImpl (RaftServerImpl.java:setRole(174)) - 2c78ef93-8df4-44d4-b6a1-8f8ab8638bd5@group-2CB71955F3F3: changes role from  FOLLOWER to CANDIDATE at term 1 for changeToCandidate
2019-09-21 04:39:08,059 [Thread-242] INFO  impl.RoleInfo (RoleInfo.java:updateAndGet(143)) - 2c78ef93-8df4-44d4-b6a1-8f8ab8638bd5: start LeaderElection
2019-09-21 04:39:08,101 [Thread-241] INFO  impl.FollowerState (FollowerState.java:run(106)) - c967b5d6-addd-4373-9d03-98e6e3c98670:group-2CB71955F3F3 changes to CANDIDATE, lastRpcTime:5063, electionTimeout:5061ms
2019-09-21 04:39:08,101 [Thread-241] INFO  impl.RoleInfo (RoleInfo.java:shutdownFollowerState(121)) - c967b5d6-addd-4373-9d03-98e6e3c98670: shutdown FollowerState
2019-09-21 04:39:08,101 [Thread-241] INFO  impl.RaftServerImpl (RaftServerImpl.java:setRole(174)) - c967b5d6-addd-4373-9d03-98e6e3c98670@group-2CB71955F3F3: changes role from  FOLLOWER to CANDIDATE at term 1 for changeToCandidate
2019-09-21 04:39:08,101 [Thread-241] INFO  impl.RoleInfo (RoleInfo.java:updateAndGet(143)) - c967b5d6-addd-4373-9d03-98e6e3c98670: start LeaderElection
]]></system-out>
  </testcase>
  <testcase name="testListStatusFilteredFile" classname="org.apache.hadoop.fs.ozone.contract.ITestOzoneContractGetFileStatus" time="3.176">
    <error message="Allocated 0 blocks. Requested 1 blocks" type="INTERNAL_ERROR org.apache.hadoop.ozone.om.exceptions.OMException">INTERNAL_ERROR org.apache.hadoop.ozone.om.exceptions.OMException: Allocated 0 blocks. Requested 1 blocks
	at org.apache.hadoop.ozone.om.protocolPB.OzoneManagerProtocolClientSideTranslatorPB.handleError(OzoneManagerProtocolClientSideTranslatorPB.java:732)
	at org.apache.hadoop.ozone.om.protocolPB.OzoneManagerProtocolClientSideTranslatorPB.createFile(OzoneManagerProtocolClientSideTranslatorPB.java:1536)
	at sun.reflect.NativeMethodAccessorImpl.invoke0(Native Method)
	at sun.reflect.NativeMethodAccessorImpl.invoke(NativeMethodAccessorImpl.java:62)
	at sun.reflect.DelegatingMethodAccessorImpl.invoke(DelegatingMethodAccessorImpl.java:43)
	at java.lang.reflect.Method.invoke(Method.java:498)
	at org.apache.hadoop.hdds.tracing.TraceAllMethod.invoke(TraceAllMethod.java:66)
	at com.sun.proxy.$Proxy41.createFile(Unknown Source)
	at org.apache.hadoop.ozone.client.rpc.RpcClient.createFile(RpcClient.java:1006)
	at org.apache.hadoop.ozone.client.OzoneBucket.createFile(OzoneBucket.java:537)
	at org.apache.hadoop.fs.ozone.BasicOzoneClientAdapterImpl.createFile(BasicOzoneClientAdapterImpl.java:205)
	at org.apache.hadoop.fs.ozone.BasicOzoneFileSystem.createOutputStream(BasicOzoneFileSystem.java:250)
	at org.apache.hadoop.fs.ozone.BasicOzoneFileSystem.create(BasicOzoneFileSystem.java:231)
	at org.apache.hadoop.fs.FileSystem.create(FileSystem.java:1118)
	at org.apache.hadoop.fs.FileSystem.create(FileSystem.java:1098)
	at org.apache.hadoop.fs.FileSystem.create(FileSystem.java:987)
	at org.apache.hadoop.fs.contract.ContractTestUtils.createFile(ContractTestUtils.java:633)
	at org.apache.hadoop.fs.contract.ContractTestUtils.touch(ContractTestUtils.java:669)
	at org.apache.hadoop.fs.contract.AbstractContractGetFileStatusTest.touchf(AbstractContractGetFileStatusTest.java:382)
	at org.apache.hadoop.fs.contract.AbstractContractGetFileStatusTest.testListStatusFilteredFile(AbstractContractGetFileStatusTest.java:300)
	at sun.reflect.NativeMethodAccessorImpl.invoke0(Native Method)
	at sun.reflect.NativeMethodAccessorImpl.invoke(NativeMethodAccessorImpl.java:62)
	at sun.reflect.DelegatingMethodAccessorImpl.invoke(DelegatingMethodAccessorImpl.java:43)
	at java.lang.reflect.Method.invoke(Method.java:498)
	at org.junit.runners.model.FrameworkMethod$1.runReflectiveCall(FrameworkMethod.java:47)
	at org.junit.internal.runners.model.ReflectiveCallable.run(ReflectiveCallable.java:12)
	at org.junit.runners.model.FrameworkMethod.invokeExplosively(FrameworkMethod.java:44)
	at org.junit.internal.runners.statements.InvokeMethod.evaluate(InvokeMethod.java:17)
	at org.junit.internal.runners.statements.RunBefores.evaluate(RunBefores.java:26)
	at org.junit.internal.runners.statements.RunAfters.evaluate(RunAfters.java:27)
	at org.junit.rules.TestWatcher$1.evaluate(TestWatcher.java:55)
	at org.junit.internal.runners.statements.FailOnTimeout$StatementThread.run(FailOnTimeout.java:74)
</error>
    <system-out><![CDATA[2019-09-21 04:39:08,415 [Thread-248] INFO  rpc.RpcClient (RpcClient.java:createVolume(276)) - Creating Volume: volume96176, with user02030 as owner.
2019-09-21 04:39:08,419 [IPC Server handler 12 on 45116] INFO  volume.OMVolumeCreateRequest (OMVolumeCreateRequest.java:validateAndUpdateCache(189)) - created volume:volume96176 for user:user02030
2019-09-21 04:39:08,422 [Thread-248] INFO  rpc.RpcClient (RpcClient.java:createBucket(415)) - Creating Bucket: volume96176/bucket66002, with Versioning false and Storage Type set to DISK and Encryption set to false 
2019-09-21 04:39:08,498 [Thread-248] INFO  contract.AbstractFSContractTestBase (AbstractFSContractTestBase.java:setup(184)) - Test filesystem = o3fs://bucket66002.volume96176 implemented by OzoneFileSystem{URI=o3fs://bucket66002.volume96176, workingDir=o3fs://bucket66002.volume96176/user/jenkins1000, userName=jenkins1000, statistics=0 bytes read, 0 bytes written, 17 read ops, 0 large read ops, 6 write ops}
2019-09-21 04:39:08,504 [Thread-248] INFO  contract.AbstractFSContractTestBase (AbstractFSContractTestBase.java:describe(255)) - test the listStatus(path, filter) on a file
2019-09-21 04:39:08,534 [grpc-default-executor-2] INFO  impl.RaftServerProxy (RaftServerProxy.java:addNew(89)) - 540b5430-d789-473d-b5c8-a0b50e424f93: addNew group-595DD7EB5693:[2c78ef93-8df4-44d4-b6a1-8f8ab8638bd5:192.168.36.72:34392, 540b5430-d789-473d-b5c8-a0b50e424f93:192.168.36.72:44443, c967b5d6-addd-4373-9d03-98e6e3c98670:192.168.36.72:36997] returns group-595DD7EB5693:java.util.concurrent.CompletableFuture@7f527859[Not completed]
2019-09-21 04:39:08,535 [grpc-default-executor-1] INFO  impl.RaftServerProxy (RaftServerProxy.java:addNew(89)) - c967b5d6-addd-4373-9d03-98e6e3c98670: addNew group-595DD7EB5693:[2c78ef93-8df4-44d4-b6a1-8f8ab8638bd5:192.168.36.72:34392, 540b5430-d789-473d-b5c8-a0b50e424f93:192.168.36.72:44443, c967b5d6-addd-4373-9d03-98e6e3c98670:192.168.36.72:36997] returns group-595DD7EB5693:java.util.concurrent.CompletableFuture@502c723d[Not completed]
2019-09-21 04:39:08,535 [grpc-default-executor-0] INFO  impl.RaftServerProxy (RaftServerProxy.java:addNew(89)) - 2c78ef93-8df4-44d4-b6a1-8f8ab8638bd5: addNew group-595DD7EB5693:[2c78ef93-8df4-44d4-b6a1-8f8ab8638bd5:192.168.36.72:34392, 540b5430-d789-473d-b5c8-a0b50e424f93:192.168.36.72:44443, c967b5d6-addd-4373-9d03-98e6e3c98670:192.168.36.72:36997] returns group-595DD7EB5693:java.util.concurrent.CompletableFuture@7ec231ef[Not completed]
2019-09-21 04:39:08,610 [pool-27-thread-1] INFO  storage.RaftStorageDirectory (RaftStorageDirectory.java:tryLock(328)) - Lock on /workdir/hadoop-ozone/ozonefs/target/test-dir/MiniOzoneClusterImpl-9eda3440-c808-4542-bfb4-02ef632557ef/datanode-0/data/ratis/170cb0dc-d8d5-4289-849a-025c1cd05c07/in_use.lock acquired by nodename 20870@pr-hdds-2163-pdhxj-1463177635
2019-09-21 04:39:08,610 [pool-37-thread-1] INFO  storage.RaftStorageDirectory (RaftStorageDirectory.java:tryLock(328)) - Lock on /workdir/hadoop-ozone/ozonefs/target/test-dir/MiniOzoneClusterImpl-9eda3440-c808-4542-bfb4-02ef632557ef/datanode-1/data/ratis/7f1126cb-8d96-4f84-8a4f-aba1cb25fd18/in_use.lock acquired by nodename 20870@pr-hdds-2163-pdhxj-1463177635
2019-09-21 04:39:08,610 [pool-67-thread-1] INFO  storage.RaftStorageDirectory (RaftStorageDirectory.java:tryLock(328)) - Lock on /workdir/hadoop-ozone/ozonefs/target/test-dir/MiniOzoneClusterImpl-9eda3440-c808-4542-bfb4-02ef632557ef/datanode-4/data/ratis/7f1126cb-8d96-4f84-8a4f-aba1cb25fd18/in_use.lock acquired by nodename 20870@pr-hdds-2163-pdhxj-1463177635
2019-09-21 04:39:09,213 [c967b5d6-addd-4373-9d03-98e6e3c98670@group-865E2A899AAB:LeaderElection3] INFO  impl.LeaderElection (LeaderElection.java:askForVotes(182)) - c967b5d6-addd-4373-9d03-98e6e3c98670@group-865E2A899AAB:LeaderElection3: begin an election at term 1 for -1: [2c78ef93-8df4-44d4-b6a1-8f8ab8638bd5:192.168.36.72:34392, 540b5430-d789-473d-b5c8-a0b50e424f93:192.168.36.72:44443, c967b5d6-addd-4373-9d03-98e6e3c98670:192.168.36.72:36997], old=null
2019-09-21 04:39:09,213 [2c78ef93-8df4-44d4-b6a1-8f8ab8638bd5@group-2CB71955F3F3:LeaderElection5] INFO  impl.LeaderElection (LeaderElection.java:askForVotes(182)) - 2c78ef93-8df4-44d4-b6a1-8f8ab8638bd5@group-2CB71955F3F3:LeaderElection5: begin an election at term 2 for -1: [2c78ef93-8df4-44d4-b6a1-8f8ab8638bd5:192.168.36.72:34392, 540b5430-d789-473d-b5c8-a0b50e424f93:192.168.36.72:44443, c967b5d6-addd-4373-9d03-98e6e3c98670:192.168.36.72:36997], old=null
2019-09-21 04:39:09,213 [c967b5d6-addd-4373-9d03-98e6e3c98670@group-2CB71955F3F3:LeaderElection6] INFO  impl.LeaderElection (LeaderElection.java:askForVotes(182)) - c967b5d6-addd-4373-9d03-98e6e3c98670@group-2CB71955F3F3:LeaderElection6: begin an election at term 2 for -1: [2c78ef93-8df4-44d4-b6a1-8f8ab8638bd5:192.168.36.72:34392, 540b5430-d789-473d-b5c8-a0b50e424f93:192.168.36.72:44443, c967b5d6-addd-4373-9d03-98e6e3c98670:192.168.36.72:36997], old=null
2019-09-21 04:39:09,214 [pool-37-thread-1] INFO  storage.RaftStorage (RaftStorage.java:format(72)) - Storage directory /workdir/hadoop-ozone/ozonefs/target/test-dir/MiniOzoneClusterImpl-9eda3440-c808-4542-bfb4-02ef632557ef/datanode-1/data/ratis/7f1126cb-8d96-4f84-8a4f-aba1cb25fd18 has been successfully formatted.
2019-09-21 04:39:09,213 [2c78ef93-8df4-44d4-b6a1-8f8ab8638bd5@group-865E2A899AAB:LeaderElection4] INFO  impl.LeaderElection (LeaderElection.java:askForVotes(182)) - 2c78ef93-8df4-44d4-b6a1-8f8ab8638bd5@group-865E2A899AAB:LeaderElection4: begin an election at term 1 for -1: [2c78ef93-8df4-44d4-b6a1-8f8ab8638bd5:192.168.36.72:34392, 540b5430-d789-473d-b5c8-a0b50e424f93:192.168.36.72:44443, c967b5d6-addd-4373-9d03-98e6e3c98670:192.168.36.72:36997], old=null
2019-09-21 04:39:09,214 [pool-67-thread-1] INFO  storage.RaftStorage (RaftStorage.java:format(72)) - Storage directory /workdir/hadoop-ozone/ozonefs/target/test-dir/MiniOzoneClusterImpl-9eda3440-c808-4542-bfb4-02ef632557ef/datanode-4/data/ratis/7f1126cb-8d96-4f84-8a4f-aba1cb25fd18 has been successfully formatted.
2019-09-21 04:39:09,214 [pool-27-thread-1] INFO  storage.RaftStorage (RaftStorage.java:format(72)) - Storage directory /workdir/hadoop-ozone/ozonefs/target/test-dir/MiniOzoneClusterImpl-9eda3440-c808-4542-bfb4-02ef632557ef/datanode-0/data/ratis/170cb0dc-d8d5-4289-849a-025c1cd05c07 has been successfully formatted.
2019-09-21 04:39:09,214 [pool-37-thread-1] INFO  ratis.ContainerStateMachine (ContainerStateMachine.java:loadSnapshot(230)) - group-ABA1CB25FD18: The snapshot info is null. Setting the last applied indexto:(t:0, i:~)
2019-09-21 04:39:09,215 [pool-27-thread-1] INFO  ratis.ContainerStateMachine (ContainerStateMachine.java:loadSnapshot(230)) - group-025C1CD05C07: The snapshot info is null. Setting the last applied indexto:(t:0, i:~)
2019-09-21 04:39:09,215 [pool-67-thread-1] INFO  ratis.ContainerStateMachine (ContainerStateMachine.java:loadSnapshot(230)) - group-ABA1CB25FD18: The snapshot info is null. Setting the last applied indexto:(t:0, i:~)
2019-09-21 04:39:09,215 [pool-27-thread-1] INFO  server.RaftServerConfigKeys (ConfUtils.java:logGet(43)) - raft.server.notification.no-leader.timeout = 120s (custom)
2019-09-21 04:39:09,215 [pool-37-thread-1] INFO  server.RaftServerConfigKeys (ConfUtils.java:logGet(43)) - raft.server.notification.no-leader.timeout = 120s (custom)
2019-09-21 04:39:09,215 [pool-27-thread-1] INFO  server.RaftServerConfigKeys (ConfUtils.java:logGet(43)) - raft.server.log.use.memory = false (default)
2019-09-21 04:39:09,215 [pool-67-thread-1] INFO  server.RaftServerConfigKeys (ConfUtils.java:logGet(43)) - raft.server.notification.no-leader.timeout = 120s (custom)
2019-09-21 04:39:09,216 [pool-27-thread-1] INFO  server.RaftServerConfigKeys (ConfUtils.java:logGet(43)) - raft.server.log.purge.gap = 1000000 (custom)
2019-09-21 04:39:09,216 [pool-67-thread-1] INFO  server.RaftServerConfigKeys (ConfUtils.java:logGet(43)) - raft.server.log.use.memory = false (default)
2019-09-21 04:39:09,216 [pool-37-thread-1] INFO  server.RaftServerConfigKeys (ConfUtils.java:logGet(43)) - raft.server.log.use.memory = false (default)
2019-09-21 04:39:09,217 [pool-67-thread-1] INFO  server.RaftServerConfigKeys (ConfUtils.java:logGet(43)) - raft.server.log.purge.gap = 1000000 (custom)
2019-09-21 04:39:09,216 [pool-27-thread-1] INFO  server.RaftServerConfigKeys (ConfUtils.java:logGet(43)) - raft.server.log.appender.buffer.byte-limit = 33554432 (custom)
2019-09-21 04:39:09,217 [pool-67-thread-1] INFO  server.RaftServerConfigKeys (ConfUtils.java:logGet(43)) - raft.server.log.appender.buffer.byte-limit = 33554432 (custom)
2019-09-21 04:39:09,217 [pool-37-thread-1] INFO  server.RaftServerConfigKeys (ConfUtils.java:logGet(43)) - raft.server.log.purge.gap = 1000000 (custom)
2019-09-21 04:39:09,218 [pool-67-thread-1] INFO  server.RaftServerConfigKeys (ConfUtils.java:logGet(43)) - raft.server.log.segment.size.max = 1048576 (custom)
2019-09-21 04:39:09,217 [pool-27-thread-1] INFO  server.RaftServerConfigKeys (ConfUtils.java:logGet(43)) - raft.server.log.segment.size.max = 1048576 (custom)
2019-09-21 04:39:09,218 [pool-67-thread-1] INFO  server.RaftServerConfigKeys (ConfUtils.java:logGet(43)) - raft.server.log.segment.cache.num.max = 2 (custom)
2019-09-21 04:39:09,218 [pool-37-thread-1] INFO  server.RaftServerConfigKeys (ConfUtils.java:logGet(43)) - raft.server.log.appender.buffer.byte-limit = 33554432 (custom)
2019-09-21 04:39:09,219 [pool-67-thread-1] INFO  segmented.SegmentedRaftLogWorker (SegmentedRaftLogWorker.java:<init>(172)) - new 2c78ef93-8df4-44d4-b6a1-8f8ab8638bd5@group-ABA1CB25FD18-SegmentedRaftLogWorker for RaftStorage:Storage Directory /workdir/hadoop-ozone/ozonefs/target/test-dir/MiniOzoneClusterImpl-9eda3440-c808-4542-bfb4-02ef632557ef/datanode-4/data/ratis/7f1126cb-8d96-4f84-8a4f-aba1cb25fd18
2019-09-21 04:39:09,218 [pool-27-thread-1] INFO  server.RaftServerConfigKeys (ConfUtils.java:logGet(43)) - raft.server.log.segment.cache.num.max = 2 (custom)
2019-09-21 04:39:09,219 [pool-67-thread-1] INFO  server.RaftServerConfigKeys (ConfUtils.java:logGet(43)) - raft.server.log.queue.byte-limit = 2147483647 (custom)
2019-09-21 04:39:09,219 [pool-37-thread-1] INFO  server.RaftServerConfigKeys (ConfUtils.java:logGet(43)) - raft.server.log.segment.size.max = 1048576 (custom)
2019-09-21 04:39:09,220 [pool-67-thread-1] INFO  server.RaftServerConfigKeys (ConfUtils.java:logGet(43)) - raft.server.log.queue.element-limit = 1024 (custom)
2019-09-21 04:39:09,219 [pool-27-thread-1] INFO  segmented.SegmentedRaftLogWorker (SegmentedRaftLogWorker.java:<init>(172)) - new 540b5430-d789-473d-b5c8-a0b50e424f93@group-025C1CD05C07-SegmentedRaftLogWorker for RaftStorage:Storage Directory /workdir/hadoop-ozone/ozonefs/target/test-dir/MiniOzoneClusterImpl-9eda3440-c808-4542-bfb4-02ef632557ef/datanode-0/data/ratis/170cb0dc-d8d5-4289-849a-025c1cd05c07
2019-09-21 04:39:09,233 [pool-67-thread-1] INFO  server.RaftServerConfigKeys (ConfUtils.java:logGet(43)) - raft.server.log.segment.size.max = 1048576 (custom)
2019-09-21 04:39:09,223 [pool-37-thread-1] INFO  server.RaftServerConfigKeys (ConfUtils.java:logGet(43)) - raft.server.log.segment.cache.num.max = 2 (custom)
2019-09-21 04:39:09,235 [pool-67-thread-1] INFO  server.RaftServerConfigKeys (ConfUtils.java:logGet(43)) - raft.server.log.preallocated.size = 16384 (custom)
2019-09-21 04:39:09,235 [pool-27-thread-1] INFO  server.RaftServerConfigKeys (ConfUtils.java:logGet(43)) - raft.server.log.queue.byte-limit = 2147483647 (custom)
2019-09-21 04:39:09,237 [pool-67-thread-1] INFO  server.RaftServerConfigKeys (ConfUtils.java:logGet(43)) - raft.server.log.write.buffer.size = 33554432 (custom)
2019-09-21 04:39:09,236 [pool-37-thread-1] INFO  segmented.SegmentedRaftLogWorker (SegmentedRaftLogWorker.java:<init>(172)) - new c967b5d6-addd-4373-9d03-98e6e3c98670@group-ABA1CB25FD18-SegmentedRaftLogWorker for RaftStorage:Storage Directory /workdir/hadoop-ozone/ozonefs/target/test-dir/MiniOzoneClusterImpl-9eda3440-c808-4542-bfb4-02ef632557ef/datanode-1/data/ratis/7f1126cb-8d96-4f84-8a4f-aba1cb25fd18
2019-09-21 04:39:09,241 [pool-67-thread-1] INFO  server.RaftServerConfigKeys (ConfUtils.java:logGet(43)) - raft.server.log.force.sync.num = 128 (default)
2019-09-21 04:39:09,240 [pool-27-thread-1] INFO  server.RaftServerConfigKeys (ConfUtils.java:logGet(43)) - raft.server.log.queue.element-limit = 1024 (custom)
2019-09-21 04:39:09,243 [pool-67-thread-1] INFO  server.RaftServerConfigKeys (ConfUtils.java:logGet(43)) - raft.server.log.statemachine.data.sync = true (default)
2019-09-21 04:39:09,242 [pool-37-thread-1] INFO  server.RaftServerConfigKeys (ConfUtils.java:logGet(43)) - raft.server.log.queue.byte-limit = 2147483647 (custom)
2019-09-21 04:39:09,243 [pool-67-thread-1] INFO  server.RaftServerConfigKeys (ConfUtils.java:logGet(43)) - raft.server.log.statemachine.data.sync.timeout = 10s (default)
2019-09-21 04:39:09,243 [grpc-default-executor-0] WARN  server.GrpcServerProtocolService (LogUtils.java:warn(134)) - 540b5430-d789-473d-b5c8-a0b50e424f93: Failed requestVote c967b5d6-addd-4373-9d03-98e6e3c98670->540b5430-d789-473d-b5c8-a0b50e424f93#0: org.apache.ratis.protocol.ServerNotReadyException: 540b5430-d789-473d-b5c8-a0b50e424f93@group-2CB71955F3F3 is not in [RUNNING]: current state is NEW
2019-09-21 04:39:09,243 [pool-27-thread-1] INFO  server.RaftServerConfigKeys (ConfUtils.java:logGet(43)) - raft.server.log.segment.size.max = 1048576 (custom)
2019-09-21 04:39:09,243 [grpc-default-executor-4] WARN  server.GrpcServerProtocolService (LogUtils.java:warn(134)) - 540b5430-d789-473d-b5c8-a0b50e424f93: Failed requestVote 2c78ef93-8df4-44d4-b6a1-8f8ab8638bd5->540b5430-d789-473d-b5c8-a0b50e424f93#0: org.apache.ratis.protocol.ServerNotReadyException: 540b5430-d789-473d-b5c8-a0b50e424f93@group-2CB71955F3F3 is not in [RUNNING]: current state is NEW
2019-09-21 04:39:09,244 [pool-27-thread-1] INFO  server.RaftServerConfigKeys (ConfUtils.java:logGet(43)) - raft.server.log.preallocated.size = 16384 (custom)
2019-09-21 04:39:09,244 [pool-67-thread-1] INFO  server.RaftServerConfigKeys (ConfUtils.java:logGet(43)) - raft.server.log.statemachine.data.sync.timeout.retry = -1 (default)
2019-09-21 04:39:09,243 [pool-37-thread-1] INFO  server.RaftServerConfigKeys (ConfUtils.java:logGet(43)) - raft.server.log.queue.element-limit = 1024 (custom)
2019-09-21 04:39:09,249 [pool-67-thread-1] INFO  server.RaftServerConfigKeys (ConfUtils.java:logGet(43)) - raft.server.log.statemachine.data.caching.enabled = true (custom)
2019-09-21 04:39:09,246 [pool-27-thread-1] INFO  server.RaftServerConfigKeys (ConfUtils.java:logGet(43)) - raft.server.log.write.buffer.size = 33554432 (custom)
2019-09-21 04:39:09,249 [pool-37-thread-1] INFO  server.RaftServerConfigKeys (ConfUtils.java:logGet(43)) - raft.server.log.segment.size.max = 1048576 (custom)
2019-09-21 04:39:09,250 [pool-67-thread-1] INFO  segmented.SegmentedRaftLogWorker (SegmentedRaftLogWorker.java:lambda$new$0(132)) - 2c78ef93-8df4-44d4-b6a1-8f8ab8638bd5@group-ABA1CB25FD18-SegmentedRaftLogWorker: flushIndex: setUnconditionally 0 -> -1
2019-09-21 04:39:09,250 [pool-27-thread-1] INFO  server.RaftServerConfigKeys (ConfUtils.java:logGet(43)) - raft.server.log.force.sync.num = 128 (default)
2019-09-21 04:39:09,250 [pool-37-thread-1] INFO  server.RaftServerConfigKeys (ConfUtils.java:logGet(43)) - raft.server.log.preallocated.size = 16384 (custom)
2019-09-21 04:39:09,250 [pool-67-thread-1] INFO  server.RaftServerConfigKeys (ConfUtils.java:logGet(43)) - raft.server.snapshot.auto.trigger.enabled = true (custom)
2019-09-21 04:39:09,250 [pool-27-thread-1] INFO  server.RaftServerConfigKeys (ConfUtils.java:logGet(43)) - raft.server.log.statemachine.data.sync = true (default)
2019-09-21 04:39:09,256 [pool-67-thread-1] INFO  server.RaftServerConfigKeys (ConfUtils.java:logGet(43)) - raft.server.snapshot.auto.trigger.threshold = 10000 (custom)
2019-09-21 04:39:09,250 [pool-37-thread-1] INFO  server.RaftServerConfigKeys (ConfUtils.java:logGet(43)) - raft.server.log.write.buffer.size = 33554432 (custom)
2019-09-21 04:39:09,256 [pool-67-thread-1] INFO  server.RaftServerConfigKeys (ConfUtils.java:logGet(43)) - raft.server.snapshot.retention.num.files = 5 (custom)
2019-09-21 04:39:09,256 [pool-27-thread-1] INFO  server.RaftServerConfigKeys (ConfUtils.java:logGet(43)) - raft.server.log.statemachine.data.sync.timeout = 10s (default)
2019-09-21 04:39:09,260 [pool-67-thread-1] INFO  server.RaftServerConfigKeys (ConfUtils.java:logGet(43)) - raft.server.retrycache.expirytime = 600000ms (custom)
2019-09-21 04:39:09,260 [pool-37-thread-1] INFO  server.RaftServerConfigKeys (ConfUtils.java:logGet(43)) - raft.server.log.force.sync.num = 128 (default)
2019-09-21 04:39:09,260 [pool-27-thread-1] INFO  server.RaftServerConfigKeys (ConfUtils.java:logGet(43)) - raft.server.log.statemachine.data.sync.timeout.retry = -1 (default)
2019-09-21 04:39:09,262 [pool-37-thread-1] INFO  server.RaftServerConfigKeys (ConfUtils.java:logGet(43)) - raft.server.log.statemachine.data.sync = true (default)
2019-09-21 04:39:09,262 [pool-27-thread-1] INFO  server.RaftServerConfigKeys (ConfUtils.java:logGet(43)) - raft.server.log.statemachine.data.caching.enabled = true (custom)
2019-09-21 04:39:09,262 [pool-37-thread-1] INFO  server.RaftServerConfigKeys (ConfUtils.java:logGet(43)) - raft.server.log.statemachine.data.sync.timeout = 10s (default)
2019-09-21 04:39:09,264 [c967b5d6-addd-4373-9d03-98e6e3c98670@group-2CB71955F3F3:LeaderElection6] INFO  impl.LeaderElection (LogUtils.java:infoOrTrace(149)) - c967b5d6-addd-4373-9d03-98e6e3c98670@group-2CB71955F3F3:LeaderElection6 got exception when requesting votes: {}
java.util.concurrent.ExecutionException: org.apache.ratis.thirdparty.io.grpc.StatusRuntimeException: INTERNAL: 540b5430-d789-473d-b5c8-a0b50e424f93@group-2CB71955F3F3 is not in [RUNNING]: current state is NEW
	at java.util.concurrent.FutureTask.report(FutureTask.java:122)
	at java.util.concurrent.FutureTask.get(FutureTask.java:192)
	at org.apache.ratis.server.impl.LeaderElection.waitForResults(LeaderElection.java:263)
	at org.apache.ratis.server.impl.LeaderElection.askForVotes(LeaderElection.java:201)
	at org.apache.ratis.server.impl.LeaderElection.run(LeaderElection.java:133)
	at java.lang.Thread.run(Thread.java:748)
Caused by: org.apache.ratis.thirdparty.io.grpc.StatusRuntimeException: INTERNAL: 540b5430-d789-473d-b5c8-a0b50e424f93@group-2CB71955F3F3 is not in [RUNNING]: current state is NEW
	at org.apache.ratis.thirdparty.io.grpc.stub.ClientCalls.toStatusRuntimeException(ClientCalls.java:233)
	at org.apache.ratis.thirdparty.io.grpc.stub.ClientCalls.getUnchecked(ClientCalls.java:214)
	at org.apache.ratis.thirdparty.io.grpc.stub.ClientCalls.blockingUnaryCall(ClientCalls.java:139)
	at org.apache.ratis.proto.grpc.RaftServerProtocolServiceGrpc$RaftServerProtocolServiceBlockingStub.requestVote(RaftServerProtocolServiceGrpc.java:265)
	at org.apache.ratis.grpc.server.GrpcServerProtocolClient.requestVote(GrpcServerProtocolClient.java:90)
	at org.apache.ratis.grpc.server.GrpcService.requestVote(GrpcService.java:204)
	at org.apache.ratis.server.impl.LeaderElection.lambda$submitRequests$1(LeaderElection.java:238)
	at java.util.concurrent.FutureTask.run(FutureTask.java:266)
	at java.util.concurrent.Executors$RunnableAdapter.call(Executors.java:511)
	at java.util.concurrent.FutureTask.run(FutureTask.java:266)
	at java.util.concurrent.ThreadPoolExecutor.runWorker(ThreadPoolExecutor.java:1149)
	at java.util.concurrent.ThreadPoolExecutor$Worker.run(ThreadPoolExecutor.java:624)
	... 1 more
2019-09-21 04:39:09,270 [pool-27-thread-1] INFO  segmented.SegmentedRaftLogWorker (SegmentedRaftLogWorker.java:lambda$new$0(132)) - 540b5430-d789-473d-b5c8-a0b50e424f93@group-025C1CD05C07-SegmentedRaftLogWorker: flushIndex: setUnconditionally 0 -> -1
2019-09-21 04:39:09,269 [2c78ef93-8df4-44d4-b6a1-8f8ab8638bd5@group-2CB71955F3F3:LeaderElection5] INFO  impl.LeaderElection (LogUtils.java:infoOrTrace(149)) - 2c78ef93-8df4-44d4-b6a1-8f8ab8638bd5@group-2CB71955F3F3:LeaderElection5 got exception when requesting votes: {}
java.util.concurrent.ExecutionException: org.apache.ratis.thirdparty.io.grpc.StatusRuntimeException: INTERNAL: 540b5430-d789-473d-b5c8-a0b50e424f93@group-2CB71955F3F3 is not in [RUNNING]: current state is NEW
	at java.util.concurrent.FutureTask.report(FutureTask.java:122)
	at java.util.concurrent.FutureTask.get(FutureTask.java:192)
	at org.apache.ratis.server.impl.LeaderElection.waitForResults(LeaderElection.java:263)
	at org.apache.ratis.server.impl.LeaderElection.askForVotes(LeaderElection.java:201)
	at org.apache.ratis.server.impl.LeaderElection.run(LeaderElection.java:133)
	at java.lang.Thread.run(Thread.java:748)
Caused by: org.apache.ratis.thirdparty.io.grpc.StatusRuntimeException: INTERNAL: 540b5430-d789-473d-b5c8-a0b50e424f93@group-2CB71955F3F3 is not in [RUNNING]: current state is NEW
	at org.apache.ratis.thirdparty.io.grpc.stub.ClientCalls.toStatusRuntimeException(ClientCalls.java:233)
	at org.apache.ratis.thirdparty.io.grpc.stub.ClientCalls.getUnchecked(ClientCalls.java:214)
	at org.apache.ratis.thirdparty.io.grpc.stub.ClientCalls.blockingUnaryCall(ClientCalls.java:139)
	at org.apache.ratis.proto.grpc.RaftServerProtocolServiceGrpc$RaftServerProtocolServiceBlockingStub.requestVote(RaftServerProtocolServiceGrpc.java:265)
	at org.apache.ratis.grpc.server.GrpcServerProtocolClient.requestVote(GrpcServerProtocolClient.java:90)
	at org.apache.ratis.grpc.server.GrpcService.requestVote(GrpcService.java:204)
	at org.apache.ratis.server.impl.LeaderElection.lambda$submitRequests$1(LeaderElection.java:238)
	at java.util.concurrent.FutureTask.run(FutureTask.java:266)
	at java.util.concurrent.Executors$RunnableAdapter.call(Executors.java:511)
	at java.util.concurrent.FutureTask.run(FutureTask.java:266)
	at java.util.concurrent.ThreadPoolExecutor.runWorker(ThreadPoolExecutor.java:1149)
	at java.util.concurrent.ThreadPoolExecutor$Worker.run(ThreadPoolExecutor.java:624)
	... 1 more
2019-09-21 04:39:09,269 [pool-37-thread-1] INFO  server.RaftServerConfigKeys (ConfUtils.java:logGet(43)) - raft.server.log.statemachine.data.sync.timeout.retry = -1 (default)
2019-09-21 04:39:09,274 [2c78ef93-8df4-44d4-b6a1-8f8ab8638bd5@group-2CB71955F3F3:LeaderElection5] INFO  impl.LeaderElection (LeaderElection.java:logAndReturn(56)) - 2c78ef93-8df4-44d4-b6a1-8f8ab8638bd5@group-2CB71955F3F3:LeaderElection5: Election REJECTED; received 1 response(s) [2c78ef93-8df4-44d4-b6a1-8f8ab8638bd5<-c967b5d6-addd-4373-9d03-98e6e3c98670#0:FAIL-t2] and 1 exception(s); 2c78ef93-8df4-44d4-b6a1-8f8ab8638bd5@group-2CB71955F3F3:t2, leader=null, voted=2c78ef93-8df4-44d4-b6a1-8f8ab8638bd5, raftlog=2c78ef93-8df4-44d4-b6a1-8f8ab8638bd5@group-2CB71955F3F3-SegmentedRaftLog:OPENED:c-1,f-1,i0, conf=-1: [2c78ef93-8df4-44d4-b6a1-8f8ab8638bd5:192.168.36.72:34392, 540b5430-d789-473d-b5c8-a0b50e424f93:192.168.36.72:44443, c967b5d6-addd-4373-9d03-98e6e3c98670:192.168.36.72:36997], old=null
2019-09-21 04:39:09,272 [pool-27-thread-1] INFO  server.RaftServerConfigKeys (ConfUtils.java:logGet(43)) - raft.server.snapshot.auto.trigger.enabled = true (custom)
2019-09-21 04:39:09,272 [c967b5d6-addd-4373-9d03-98e6e3c98670@group-2CB71955F3F3:LeaderElection6] INFO  impl.LeaderElection (LeaderElection.java:logAndReturn(56)) - c967b5d6-addd-4373-9d03-98e6e3c98670@group-2CB71955F3F3:LeaderElection6: Election REJECTED; received 1 response(s) [c967b5d6-addd-4373-9d03-98e6e3c98670<-2c78ef93-8df4-44d4-b6a1-8f8ab8638bd5#0:FAIL-t2] and 1 exception(s); c967b5d6-addd-4373-9d03-98e6e3c98670@group-2CB71955F3F3:t2, leader=null, voted=c967b5d6-addd-4373-9d03-98e6e3c98670, raftlog=c967b5d6-addd-4373-9d03-98e6e3c98670@group-2CB71955F3F3-SegmentedRaftLog:OPENED:c-1,f-1,i0, conf=-1: [2c78ef93-8df4-44d4-b6a1-8f8ab8638bd5:192.168.36.72:34392, 540b5430-d789-473d-b5c8-a0b50e424f93:192.168.36.72:44443, c967b5d6-addd-4373-9d03-98e6e3c98670:192.168.36.72:36997], old=null
2019-09-21 04:39:09,275 [pool-27-thread-1] INFO  server.RaftServerConfigKeys (ConfUtils.java:logGet(43)) - raft.server.snapshot.auto.trigger.threshold = 10000 (custom)
2019-09-21 04:39:09,274 [pool-37-thread-1] INFO  server.RaftServerConfigKeys (ConfUtils.java:logGet(43)) - raft.server.log.statemachine.data.caching.enabled = true (custom)
2019-09-21 04:39:09,274 [2c78ef93-8df4-44d4-b6a1-8f8ab8638bd5@group-2CB71955F3F3:LeaderElection5] INFO  impl.LeaderElection (LogUtils.java:infoOrTrace(149)) -   Exception 0: {}
java.util.concurrent.ExecutionException: org.apache.ratis.thirdparty.io.grpc.StatusRuntimeException: INTERNAL: 540b5430-d789-473d-b5c8-a0b50e424f93@group-2CB71955F3F3 is not in [RUNNING]: current state is NEW
	at java.util.concurrent.FutureTask.report(FutureTask.java:122)
	at java.util.concurrent.FutureTask.get(FutureTask.java:192)
	at org.apache.ratis.server.impl.LeaderElection.waitForResults(LeaderElection.java:263)
	at org.apache.ratis.server.impl.LeaderElection.askForVotes(LeaderElection.java:201)
	at org.apache.ratis.server.impl.LeaderElection.run(LeaderElection.java:133)
	at java.lang.Thread.run(Thread.java:748)
Caused by: org.apache.ratis.thirdparty.io.grpc.StatusRuntimeException: INTERNAL: 540b5430-d789-473d-b5c8-a0b50e424f93@group-2CB71955F3F3 is not in [RUNNING]: current state is NEW
	at org.apache.ratis.thirdparty.io.grpc.stub.ClientCalls.toStatusRuntimeException(ClientCalls.java:233)
	at org.apache.ratis.thirdparty.io.grpc.stub.ClientCalls.getUnchecked(ClientCalls.java:214)
	at org.apache.ratis.thirdparty.io.grpc.stub.ClientCalls.blockingUnaryCall(ClientCalls.java:139)
	at org.apache.ratis.proto.grpc.RaftServerProtocolServiceGrpc$RaftServerProtocolServiceBlockingStub.requestVote(RaftServerProtocolServiceGrpc.java:265)
	at org.apache.ratis.grpc.server.GrpcServerProtocolClient.requestVote(GrpcServerProtocolClient.java:90)
	at org.apache.ratis.grpc.server.GrpcService.requestVote(GrpcService.java:204)
	at org.apache.ratis.server.impl.LeaderElection.lambda$submitRequests$1(LeaderElection.java:238)
	at java.util.concurrent.FutureTask.run(FutureTask.java:266)
	at java.util.concurrent.Executors$RunnableAdapter.call(Executors.java:511)
	at java.util.concurrent.FutureTask.run(FutureTask.java:266)
	at java.util.concurrent.ThreadPoolExecutor.runWorker(ThreadPoolExecutor.java:1149)
	at java.util.concurrent.ThreadPoolExecutor$Worker.run(ThreadPoolExecutor.java:624)
	... 1 more
2019-09-21 04:39:09,277 [pool-37-thread-1] INFO  segmented.SegmentedRaftLogWorker (SegmentedRaftLogWorker.java:lambda$new$0(132)) - c967b5d6-addd-4373-9d03-98e6e3c98670@group-ABA1CB25FD18-SegmentedRaftLogWorker: flushIndex: setUnconditionally 0 -> -1
2019-09-21 04:39:09,277 [pool-27-thread-1] INFO  server.RaftServerConfigKeys (ConfUtils.java:logGet(43)) - raft.server.snapshot.retention.num.files = 5 (custom)
2019-09-21 04:39:09,275 [c967b5d6-addd-4373-9d03-98e6e3c98670@group-2CB71955F3F3:LeaderElection6] INFO  impl.LeaderElection (LogUtils.java:infoOrTrace(149)) -   Exception 0: {}
java.util.concurrent.ExecutionException: org.apache.ratis.thirdparty.io.grpc.StatusRuntimeException: INTERNAL: 540b5430-d789-473d-b5c8-a0b50e424f93@group-2CB71955F3F3 is not in [RUNNING]: current state is NEW
	at java.util.concurrent.FutureTask.report(FutureTask.java:122)
	at java.util.concurrent.FutureTask.get(FutureTask.java:192)
	at org.apache.ratis.server.impl.LeaderElection.waitForResults(LeaderElection.java:263)
	at org.apache.ratis.server.impl.LeaderElection.askForVotes(LeaderElection.java:201)
	at org.apache.ratis.server.impl.LeaderElection.run(LeaderElection.java:133)
	at java.lang.Thread.run(Thread.java:748)
Caused by: org.apache.ratis.thirdparty.io.grpc.StatusRuntimeException: INTERNAL: 540b5430-d789-473d-b5c8-a0b50e424f93@group-2CB71955F3F3 is not in [RUNNING]: current state is NEW
	at org.apache.ratis.thirdparty.io.grpc.stub.ClientCalls.toStatusRuntimeException(ClientCalls.java:233)
	at org.apache.ratis.thirdparty.io.grpc.stub.ClientCalls.getUnchecked(ClientCalls.java:214)
	at org.apache.ratis.thirdparty.io.grpc.stub.ClientCalls.blockingUnaryCall(ClientCalls.java:139)
	at org.apache.ratis.proto.grpc.RaftServerProtocolServiceGrpc$RaftServerProtocolServiceBlockingStub.requestVote(RaftServerProtocolServiceGrpc.java:265)
	at org.apache.ratis.grpc.server.GrpcServerProtocolClient.requestVote(GrpcServerProtocolClient.java:90)
	at org.apache.ratis.grpc.server.GrpcService.requestVote(GrpcService.java:204)
	at org.apache.ratis.server.impl.LeaderElection.lambda$submitRequests$1(LeaderElection.java:238)
	at java.util.concurrent.FutureTask.run(FutureTask.java:266)
	at java.util.concurrent.Executors$RunnableAdapter.call(Executors.java:511)
	at java.util.concurrent.FutureTask.run(FutureTask.java:266)
	at java.util.concurrent.ThreadPoolExecutor.runWorker(ThreadPoolExecutor.java:1149)
	at java.util.concurrent.ThreadPoolExecutor$Worker.run(ThreadPoolExecutor.java:624)
	... 1 more
2019-09-21 04:39:09,281 [pool-37-thread-1] INFO  server.RaftServerConfigKeys (ConfUtils.java:logGet(43)) - raft.server.snapshot.auto.trigger.enabled = true (custom)
2019-09-21 04:39:09,281 [pool-27-thread-1] INFO  server.RaftServerConfigKeys (ConfUtils.java:logGet(43)) - raft.server.retrycache.expirytime = 600000ms (custom)
2019-09-21 04:39:09,278 [2c78ef93-8df4-44d4-b6a1-8f8ab8638bd5@group-2CB71955F3F3:LeaderElection5] INFO  impl.RaftServerImpl (RaftServerImpl.java:setRole(174)) - 2c78ef93-8df4-44d4-b6a1-8f8ab8638bd5@group-2CB71955F3F3: changes role from CANDIDATE to FOLLOWER at term 2 for DISCOVERED_A_NEW_TERM
2019-09-21 04:39:09,283 [pool-37-thread-1] INFO  server.RaftServerConfigKeys (ConfUtils.java:logGet(43)) - raft.server.snapshot.auto.trigger.threshold = 10000 (custom)
2019-09-21 04:39:09,282 [c967b5d6-addd-4373-9d03-98e6e3c98670@group-2CB71955F3F3:LeaderElection6] INFO  impl.RaftServerImpl (RaftServerImpl.java:setRole(174)) - c967b5d6-addd-4373-9d03-98e6e3c98670@group-2CB71955F3F3: changes role from CANDIDATE to FOLLOWER at term 2 for DISCOVERED_A_NEW_TERM
2019-09-21 04:39:09,285 [pool-37-thread-1] INFO  server.RaftServerConfigKeys (ConfUtils.java:logGet(43)) - raft.server.snapshot.retention.num.files = 5 (custom)
2019-09-21 04:39:09,285 [2c78ef93-8df4-44d4-b6a1-8f8ab8638bd5@group-2CB71955F3F3:LeaderElection5] INFO  impl.RoleInfo (RoleInfo.java:shutdownLeaderElection(134)) - 2c78ef93-8df4-44d4-b6a1-8f8ab8638bd5: shutdown LeaderElection
2019-09-21 04:39:09,285 [c967b5d6-addd-4373-9d03-98e6e3c98670@group-2CB71955F3F3:LeaderElection6] INFO  impl.RoleInfo (RoleInfo.java:shutdownLeaderElection(134)) - c967b5d6-addd-4373-9d03-98e6e3c98670: shutdown LeaderElection
2019-09-21 04:39:09,285 [2c78ef93-8df4-44d4-b6a1-8f8ab8638bd5@group-2CB71955F3F3:LeaderElection5] INFO  impl.RoleInfo (RoleInfo.java:updateAndGet(143)) - 2c78ef93-8df4-44d4-b6a1-8f8ab8638bd5: start FollowerState
2019-09-21 04:39:09,285 [pool-37-thread-1] INFO  server.RaftServerConfigKeys (ConfUtils.java:logGet(43)) - raft.server.retrycache.expirytime = 600000ms (custom)
2019-09-21 04:39:09,286 [c967b5d6-addd-4373-9d03-98e6e3c98670@group-2CB71955F3F3:LeaderElection6] INFO  impl.RoleInfo (RoleInfo.java:updateAndGet(143)) - c967b5d6-addd-4373-9d03-98e6e3c98670: start FollowerState
2019-09-21 04:39:09,293 [pool-67-thread-1] INFO  impl.RaftServerImpl (RaftServerImpl.java:<init>(95)) - 2c78ef93-8df4-44d4-b6a1-8f8ab8638bd5: new RaftServerImpl for group-595DD7EB5693:[2c78ef93-8df4-44d4-b6a1-8f8ab8638bd5:192.168.36.72:34392, 540b5430-d789-473d-b5c8-a0b50e424f93:192.168.36.72:44443, c967b5d6-addd-4373-9d03-98e6e3c98670:192.168.36.72:36997] with ContainerStateMachine:uninitialized
2019-09-21 04:39:09,293 [pool-67-thread-1] INFO  server.RaftServerConfigKeys (ConfUtils.java:logGet(43)) - raft.server.rpc.timeout.min = 5s (custom)
2019-09-21 04:39:09,293 [pool-67-thread-1] INFO  server.RaftServerConfigKeys (ConfUtils.java:logGet(43)) - raft.server.rpc.timeout.max = 5200ms (custom)
2019-09-21 04:39:09,294 [pool-67-thread-1] INFO  server.RaftServerConfigKeys (ConfUtils.java:logGet(43)) - raft.server.rpcslowness.timeout = 120s (custom)
2019-09-21 04:39:09,294 [pool-67-thread-1] INFO  server.RaftServerConfigKeys (ConfUtils.java:logGet(43)) - raft.server.sleep.deviation.threshold = 300 (default)
2019-09-21 04:39:09,294 [pool-67-thread-1] INFO  server.RaftServerConfigKeys (ConfUtils.java:logGet(43)) - raft.server.log.appender.install.snapshot.enabled = false (custom)
2019-09-21 04:39:09,294 [pool-67-thread-1] INFO  impl.RaftServerImpl (ServerState.java:<init>(103)) - 2c78ef93-8df4-44d4-b6a1-8f8ab8638bd5@group-595DD7EB5693: ConfigurationManager, init=-1: [2c78ef93-8df4-44d4-b6a1-8f8ab8638bd5:192.168.36.72:34392, 540b5430-d789-473d-b5c8-a0b50e424f93:192.168.36.72:44443, c967b5d6-addd-4373-9d03-98e6e3c98670:192.168.36.72:36997], old=null, confs=<EMPTY_MAP>
2019-09-21 04:39:09,295 [pool-67-thread-1] INFO  server.RaftServerConfigKeys (ConfUtils.java:logGet(43)) - raft.server.storage.dir = [/workdir/hadoop-ozone/ozonefs/target/test-dir/MiniOzoneClusterImpl-9eda3440-c808-4542-bfb4-02ef632557ef/datanode-4/data/ratis] (custom)
2019-09-21 04:39:09,295 [pool-67-thread-1] INFO  storage.RaftStorageDirectory (RaftStorageDirectory.java:analyzeStorage(246)) - The storage directory /workdir/hadoop-ozone/ozonefs/target/test-dir/MiniOzoneClusterImpl-9eda3440-c808-4542-bfb4-02ef632557ef/datanode-4/data/ratis/3bd07118-f601-46f9-b1af-595dd7eb5693 does not exist. Creating ...
2019-09-21 04:39:09,295 [pool-27-thread-1] INFO  impl.RaftServerImpl (RaftServerImpl.java:start(185)) - 540b5430-d789-473d-b5c8-a0b50e424f93@group-801831A7F373: start as a follower, conf=-1: [540b5430-d789-473d-b5c8-a0b50e424f93:192.168.36.72:44443], old=null
2019-09-21 04:39:09,295 [pool-27-thread-1] INFO  impl.RaftServerImpl (RaftServerImpl.java:setRole(174)) - 540b5430-d789-473d-b5c8-a0b50e424f93@group-801831A7F373: changes role from      null to FOLLOWER at term 0 for startAsFollower
2019-09-21 04:39:09,296 [pool-27-thread-1] INFO  impl.RoleInfo (RoleInfo.java:updateAndGet(143)) - 540b5430-d789-473d-b5c8-a0b50e424f93: start FollowerState
2019-09-21 04:39:09,296 [pool-27-thread-1] INFO  util.JmxRegister (JmxRegister.java:tryRegister(44)) - Successfully registered JMX Bean with object name Ratis:service=RaftServer,group=group-801831A7F373,id=540b5430-d789-473d-b5c8-a0b50e424f93
2019-09-21 04:39:09,298 [pool-37-thread-1] INFO  impl.RaftServerImpl (RaftServerImpl.java:<init>(95)) - c967b5d6-addd-4373-9d03-98e6e3c98670: new RaftServerImpl for group-595DD7EB5693:[2c78ef93-8df4-44d4-b6a1-8f8ab8638bd5:192.168.36.72:34392, 540b5430-d789-473d-b5c8-a0b50e424f93:192.168.36.72:44443, c967b5d6-addd-4373-9d03-98e6e3c98670:192.168.36.72:36997] with ContainerStateMachine:uninitialized
2019-09-21 04:39:09,298 [pool-37-thread-1] INFO  server.RaftServerConfigKeys (ConfUtils.java:logGet(43)) - raft.server.rpc.timeout.min = 5s (custom)
2019-09-21 04:39:09,299 [pool-37-thread-1] INFO  server.RaftServerConfigKeys (ConfUtils.java:logGet(43)) - raft.server.rpc.timeout.max = 5200ms (custom)
2019-09-21 04:39:09,299 [pool-37-thread-1] INFO  server.RaftServerConfigKeys (ConfUtils.java:logGet(43)) - raft.server.rpcslowness.timeout = 120s (custom)
2019-09-21 04:39:09,299 [pool-37-thread-1] INFO  server.RaftServerConfigKeys (ConfUtils.java:logGet(43)) - raft.server.sleep.deviation.threshold = 300 (default)
2019-09-21 04:39:09,299 [pool-37-thread-1] INFO  server.RaftServerConfigKeys (ConfUtils.java:logGet(43)) - raft.server.log.appender.install.snapshot.enabled = false (custom)
2019-09-21 04:39:09,299 [pool-27-thread-1] INFO  impl.RaftServerImpl (RaftServerImpl.java:<init>(95)) - 540b5430-d789-473d-b5c8-a0b50e424f93: new RaftServerImpl for group-865E2A899AAB:[2c78ef93-8df4-44d4-b6a1-8f8ab8638bd5:192.168.36.72:34392, 540b5430-d789-473d-b5c8-a0b50e424f93:192.168.36.72:44443, c967b5d6-addd-4373-9d03-98e6e3c98670:192.168.36.72:36997] with ContainerStateMachine:uninitialized
2019-09-21 04:39:09,300 [pool-37-thread-1] INFO  impl.RaftServerImpl (ServerState.java:<init>(103)) - c967b5d6-addd-4373-9d03-98e6e3c98670@group-595DD7EB5693: ConfigurationManager, init=-1: [2c78ef93-8df4-44d4-b6a1-8f8ab8638bd5:192.168.36.72:34392, 540b5430-d789-473d-b5c8-a0b50e424f93:192.168.36.72:44443, c967b5d6-addd-4373-9d03-98e6e3c98670:192.168.36.72:36997], old=null, confs=<EMPTY_MAP>
2019-09-21 04:39:09,300 [pool-27-thread-1] INFO  server.RaftServerConfigKeys (ConfUtils.java:logGet(43)) - raft.server.rpc.timeout.min = 5s (custom)
2019-09-21 04:39:09,300 [pool-37-thread-1] INFO  server.RaftServerConfigKeys (ConfUtils.java:logGet(43)) - raft.server.storage.dir = [/workdir/hadoop-ozone/ozonefs/target/test-dir/MiniOzoneClusterImpl-9eda3440-c808-4542-bfb4-02ef632557ef/datanode-1/data/ratis] (custom)
2019-09-21 04:39:09,300 [pool-27-thread-1] INFO  server.RaftServerConfigKeys (ConfUtils.java:logGet(43)) - raft.server.rpc.timeout.max = 5200ms (custom)
2019-09-21 04:39:09,300 [pool-27-thread-1] INFO  server.RaftServerConfigKeys (ConfUtils.java:logGet(43)) - raft.server.rpcslowness.timeout = 120s (custom)
2019-09-21 04:39:09,301 [pool-37-thread-1] INFO  storage.RaftStorageDirectory (RaftStorageDirectory.java:analyzeStorage(246)) - The storage directory /workdir/hadoop-ozone/ozonefs/target/test-dir/MiniOzoneClusterImpl-9eda3440-c808-4542-bfb4-02ef632557ef/datanode-1/data/ratis/3bd07118-f601-46f9-b1af-595dd7eb5693 does not exist. Creating ...
2019-09-21 04:39:09,301 [pool-27-thread-1] INFO  server.RaftServerConfigKeys (ConfUtils.java:logGet(43)) - raft.server.sleep.deviation.threshold = 300 (default)
2019-09-21 04:39:09,301 [pool-27-thread-1] INFO  server.RaftServerConfigKeys (ConfUtils.java:logGet(43)) - raft.server.log.appender.install.snapshot.enabled = false (custom)
2019-09-21 04:39:09,301 [pool-27-thread-1] INFO  impl.RaftServerImpl (ServerState.java:<init>(103)) - 540b5430-d789-473d-b5c8-a0b50e424f93@group-865E2A899AAB: ConfigurationManager, init=-1: [2c78ef93-8df4-44d4-b6a1-8f8ab8638bd5:192.168.36.72:34392, 540b5430-d789-473d-b5c8-a0b50e424f93:192.168.36.72:44443, c967b5d6-addd-4373-9d03-98e6e3c98670:192.168.36.72:36997], old=null, confs=<EMPTY_MAP>
2019-09-21 04:39:09,301 [pool-27-thread-1] INFO  server.RaftServerConfigKeys (ConfUtils.java:logGet(43)) - raft.server.storage.dir = [/workdir/hadoop-ozone/ozonefs/target/test-dir/MiniOzoneClusterImpl-9eda3440-c808-4542-bfb4-02ef632557ef/datanode-0/data/ratis] (custom)
2019-09-21 04:39:09,302 [pool-27-thread-1] INFO  storage.RaftStorageDirectory (RaftStorageDirectory.java:analyzeStorage(246)) - The storage directory /workdir/hadoop-ozone/ozonefs/target/test-dir/MiniOzoneClusterImpl-9eda3440-c808-4542-bfb4-02ef632557ef/datanode-0/data/ratis/f5f2966d-09f4-46ee-80a4-865e2a899aab does not exist. Creating ...
2019-09-21 04:39:09,505 [pool-67-thread-1] INFO  storage.RaftStorageDirectory (RaftStorageDirectory.java:tryLock(328)) - Lock on /workdir/hadoop-ozone/ozonefs/target/test-dir/MiniOzoneClusterImpl-9eda3440-c808-4542-bfb4-02ef632557ef/datanode-4/data/ratis/3bd07118-f601-46f9-b1af-595dd7eb5693/in_use.lock acquired by nodename 20870@pr-hdds-2163-pdhxj-1463177635
2019-09-21 04:39:09,505 [pool-27-thread-1] INFO  storage.RaftStorageDirectory (RaftStorageDirectory.java:tryLock(328)) - Lock on /workdir/hadoop-ozone/ozonefs/target/test-dir/MiniOzoneClusterImpl-9eda3440-c808-4542-bfb4-02ef632557ef/datanode-0/data/ratis/f5f2966d-09f4-46ee-80a4-865e2a899aab/in_use.lock acquired by nodename 20870@pr-hdds-2163-pdhxj-1463177635
2019-09-21 04:39:09,505 [pool-37-thread-1] INFO  storage.RaftStorageDirectory (RaftStorageDirectory.java:tryLock(328)) - Lock on /workdir/hadoop-ozone/ozonefs/target/test-dir/MiniOzoneClusterImpl-9eda3440-c808-4542-bfb4-02ef632557ef/datanode-1/data/ratis/3bd07118-f601-46f9-b1af-595dd7eb5693/in_use.lock acquired by nodename 20870@pr-hdds-2163-pdhxj-1463177635
2019-09-21 04:39:09,921 [pool-67-thread-1] INFO  storage.RaftStorage (RaftStorage.java:format(72)) - Storage directory /workdir/hadoop-ozone/ozonefs/target/test-dir/MiniOzoneClusterImpl-9eda3440-c808-4542-bfb4-02ef632557ef/datanode-4/data/ratis/3bd07118-f601-46f9-b1af-595dd7eb5693 has been successfully formatted.
2019-09-21 04:39:09,921 [pool-27-thread-1] INFO  storage.RaftStorage (RaftStorage.java:format(72)) - Storage directory /workdir/hadoop-ozone/ozonefs/target/test-dir/MiniOzoneClusterImpl-9eda3440-c808-4542-bfb4-02ef632557ef/datanode-0/data/ratis/f5f2966d-09f4-46ee-80a4-865e2a899aab has been successfully formatted.
2019-09-21 04:39:09,921 [pool-37-thread-1] INFO  storage.RaftStorage (RaftStorage.java:format(72)) - Storage directory /workdir/hadoop-ozone/ozonefs/target/test-dir/MiniOzoneClusterImpl-9eda3440-c808-4542-bfb4-02ef632557ef/datanode-1/data/ratis/3bd07118-f601-46f9-b1af-595dd7eb5693 has been successfully formatted.
2019-09-21 04:39:09,921 [pool-67-thread-1] INFO  ratis.ContainerStateMachine (ContainerStateMachine.java:loadSnapshot(230)) - group-595DD7EB5693: The snapshot info is null. Setting the last applied indexto:(t:0, i:~)
2019-09-21 04:39:09,922 [pool-37-thread-1] INFO  ratis.ContainerStateMachine (ContainerStateMachine.java:loadSnapshot(230)) - group-595DD7EB5693: The snapshot info is null. Setting the last applied indexto:(t:0, i:~)
2019-09-21 04:39:09,921 [pool-27-thread-1] INFO  ratis.ContainerStateMachine (ContainerStateMachine.java:loadSnapshot(230)) - group-865E2A899AAB: The snapshot info is null. Setting the last applied indexto:(t:0, i:~)
2019-09-21 04:39:09,922 [pool-37-thread-1] INFO  server.RaftServerConfigKeys (ConfUtils.java:logGet(43)) - raft.server.notification.no-leader.timeout = 120s (custom)
2019-09-21 04:39:09,922 [pool-67-thread-1] INFO  server.RaftServerConfigKeys (ConfUtils.java:logGet(43)) - raft.server.notification.no-leader.timeout = 120s (custom)
2019-09-21 04:39:09,922 [pool-37-thread-1] INFO  server.RaftServerConfigKeys (ConfUtils.java:logGet(43)) - raft.server.log.use.memory = false (default)
2019-09-21 04:39:09,922 [pool-27-thread-1] INFO  server.RaftServerConfigKeys (ConfUtils.java:logGet(43)) - raft.server.notification.no-leader.timeout = 120s (custom)
2019-09-21 04:39:09,923 [pool-37-thread-1] INFO  server.RaftServerConfigKeys (ConfUtils.java:logGet(43)) - raft.server.log.purge.gap = 1000000 (custom)
2019-09-21 04:39:09,922 [pool-67-thread-1] INFO  server.RaftServerConfigKeys (ConfUtils.java:logGet(43)) - raft.server.log.use.memory = false (default)
2019-09-21 04:39:09,923 [pool-37-thread-1] INFO  server.RaftServerConfigKeys (ConfUtils.java:logGet(43)) - raft.server.log.appender.buffer.byte-limit = 33554432 (custom)
2019-09-21 04:39:09,923 [pool-27-thread-1] INFO  server.RaftServerConfigKeys (ConfUtils.java:logGet(43)) - raft.server.log.use.memory = false (default)
2019-09-21 04:39:09,924 [pool-37-thread-1] INFO  server.RaftServerConfigKeys (ConfUtils.java:logGet(43)) - raft.server.log.segment.size.max = 1048576 (custom)
2019-09-21 04:39:09,923 [pool-67-thread-1] INFO  server.RaftServerConfigKeys (ConfUtils.java:logGet(43)) - raft.server.log.purge.gap = 1000000 (custom)
2019-09-21 04:39:09,924 [pool-37-thread-1] INFO  server.RaftServerConfigKeys (ConfUtils.java:logGet(43)) - raft.server.log.segment.cache.num.max = 2 (custom)
2019-09-21 04:39:09,924 [pool-27-thread-1] INFO  server.RaftServerConfigKeys (ConfUtils.java:logGet(43)) - raft.server.log.purge.gap = 1000000 (custom)
2019-09-21 04:39:09,924 [pool-37-thread-1] INFO  segmented.SegmentedRaftLogWorker (SegmentedRaftLogWorker.java:<init>(172)) - new c967b5d6-addd-4373-9d03-98e6e3c98670@group-595DD7EB5693-SegmentedRaftLogWorker for RaftStorage:Storage Directory /workdir/hadoop-ozone/ozonefs/target/test-dir/MiniOzoneClusterImpl-9eda3440-c808-4542-bfb4-02ef632557ef/datanode-1/data/ratis/3bd07118-f601-46f9-b1af-595dd7eb5693
2019-09-21 04:39:09,924 [pool-67-thread-1] INFO  server.RaftServerConfigKeys (ConfUtils.java:logGet(43)) - raft.server.log.appender.buffer.byte-limit = 33554432 (custom)
2019-09-21 04:39:09,925 [pool-37-thread-1] INFO  server.RaftServerConfigKeys (ConfUtils.java:logGet(43)) - raft.server.log.queue.byte-limit = 2147483647 (custom)
2019-09-21 04:39:09,924 [pool-27-thread-1] INFO  server.RaftServerConfigKeys (ConfUtils.java:logGet(43)) - raft.server.log.appender.buffer.byte-limit = 33554432 (custom)
2019-09-21 04:39:09,925 [pool-37-thread-1] INFO  server.RaftServerConfigKeys (ConfUtils.java:logGet(43)) - raft.server.log.queue.element-limit = 1024 (custom)
2019-09-21 04:39:09,925 [pool-67-thread-1] INFO  server.RaftServerConfigKeys (ConfUtils.java:logGet(43)) - raft.server.log.segment.size.max = 1048576 (custom)
2019-09-21 04:39:09,926 [pool-37-thread-1] INFO  server.RaftServerConfigKeys (ConfUtils.java:logGet(43)) - raft.server.log.segment.size.max = 1048576 (custom)
2019-09-21 04:39:09,925 [pool-27-thread-1] INFO  server.RaftServerConfigKeys (ConfUtils.java:logGet(43)) - raft.server.log.segment.size.max = 1048576 (custom)
2019-09-21 04:39:09,926 [pool-37-thread-1] INFO  server.RaftServerConfigKeys (ConfUtils.java:logGet(43)) - raft.server.log.preallocated.size = 16384 (custom)
2019-09-21 04:39:09,926 [pool-67-thread-1] INFO  server.RaftServerConfigKeys (ConfUtils.java:logGet(43)) - raft.server.log.segment.cache.num.max = 2 (custom)
2019-09-21 04:39:09,926 [pool-37-thread-1] INFO  server.RaftServerConfigKeys (ConfUtils.java:logGet(43)) - raft.server.log.write.buffer.size = 33554432 (custom)
2019-09-21 04:39:09,926 [pool-27-thread-1] INFO  server.RaftServerConfigKeys (ConfUtils.java:logGet(43)) - raft.server.log.segment.cache.num.max = 2 (custom)
2019-09-21 04:39:09,927 [pool-37-thread-1] INFO  server.RaftServerConfigKeys (ConfUtils.java:logGet(43)) - raft.server.log.force.sync.num = 128 (default)
2019-09-21 04:39:09,927 [pool-67-thread-1] INFO  segmented.SegmentedRaftLogWorker (SegmentedRaftLogWorker.java:<init>(172)) - new 2c78ef93-8df4-44d4-b6a1-8f8ab8638bd5@group-595DD7EB5693-SegmentedRaftLogWorker for RaftStorage:Storage Directory /workdir/hadoop-ozone/ozonefs/target/test-dir/MiniOzoneClusterImpl-9eda3440-c808-4542-bfb4-02ef632557ef/datanode-4/data/ratis/3bd07118-f601-46f9-b1af-595dd7eb5693
2019-09-21 04:39:09,927 [pool-37-thread-1] INFO  server.RaftServerConfigKeys (ConfUtils.java:logGet(43)) - raft.server.log.statemachine.data.sync = true (default)
2019-09-21 04:39:09,927 [pool-27-thread-1] INFO  segmented.SegmentedRaftLogWorker (SegmentedRaftLogWorker.java:<init>(172)) - new 540b5430-d789-473d-b5c8-a0b50e424f93@group-865E2A899AAB-SegmentedRaftLogWorker for RaftStorage:Storage Directory /workdir/hadoop-ozone/ozonefs/target/test-dir/MiniOzoneClusterImpl-9eda3440-c808-4542-bfb4-02ef632557ef/datanode-0/data/ratis/f5f2966d-09f4-46ee-80a4-865e2a899aab
2019-09-21 04:39:09,928 [pool-37-thread-1] INFO  server.RaftServerConfigKeys (ConfUtils.java:logGet(43)) - raft.server.log.statemachine.data.sync.timeout = 10s (default)
2019-09-21 04:39:09,927 [pool-67-thread-1] INFO  server.RaftServerConfigKeys (ConfUtils.java:logGet(43)) - raft.server.log.queue.byte-limit = 2147483647 (custom)
2019-09-21 04:39:09,928 [pool-37-thread-1] INFO  server.RaftServerConfigKeys (ConfUtils.java:logGet(43)) - raft.server.log.statemachine.data.sync.timeout.retry = -1 (default)
2019-09-21 04:39:09,928 [pool-27-thread-1] INFO  server.RaftServerConfigKeys (ConfUtils.java:logGet(43)) - raft.server.log.queue.byte-limit = 2147483647 (custom)
2019-09-21 04:39:09,929 [pool-37-thread-1] INFO  server.RaftServerConfigKeys (ConfUtils.java:logGet(43)) - raft.server.log.statemachine.data.caching.enabled = true (custom)
2019-09-21 04:39:09,928 [pool-67-thread-1] INFO  server.RaftServerConfigKeys (ConfUtils.java:logGet(43)) - raft.server.log.queue.element-limit = 1024 (custom)
2019-09-21 04:39:09,929 [pool-27-thread-1] INFO  server.RaftServerConfigKeys (ConfUtils.java:logGet(43)) - raft.server.log.queue.element-limit = 1024 (custom)
2019-09-21 04:39:09,929 [pool-37-thread-1] INFO  segmented.SegmentedRaftLogWorker (SegmentedRaftLogWorker.java:lambda$new$0(132)) - c967b5d6-addd-4373-9d03-98e6e3c98670@group-595DD7EB5693-SegmentedRaftLogWorker: flushIndex: setUnconditionally 0 -> -1
2019-09-21 04:39:09,929 [pool-67-thread-1] INFO  server.RaftServerConfigKeys (ConfUtils.java:logGet(43)) - raft.server.log.segment.size.max = 1048576 (custom)
2019-09-21 04:39:09,929 [pool-27-thread-1] INFO  server.RaftServerConfigKeys (ConfUtils.java:logGet(43)) - raft.server.log.segment.size.max = 1048576 (custom)
2019-09-21 04:39:09,930 [pool-37-thread-1] INFO  server.RaftServerConfigKeys (ConfUtils.java:logGet(43)) - raft.server.snapshot.auto.trigger.enabled = true (custom)
2019-09-21 04:39:09,930 [pool-67-thread-1] INFO  server.RaftServerConfigKeys (ConfUtils.java:logGet(43)) - raft.server.log.preallocated.size = 16384 (custom)
2019-09-21 04:39:09,930 [pool-37-thread-1] INFO  server.RaftServerConfigKeys (ConfUtils.java:logGet(43)) - raft.server.snapshot.auto.trigger.threshold = 10000 (custom)
2019-09-21 04:39:09,930 [pool-27-thread-1] INFO  server.RaftServerConfigKeys (ConfUtils.java:logGet(43)) - raft.server.log.preallocated.size = 16384 (custom)
2019-09-21 04:39:09,930 [pool-37-thread-1] INFO  server.RaftServerConfigKeys (ConfUtils.java:logGet(43)) - raft.server.snapshot.retention.num.files = 5 (custom)
2019-09-21 04:39:09,930 [pool-67-thread-1] INFO  server.RaftServerConfigKeys (ConfUtils.java:logGet(43)) - raft.server.log.write.buffer.size = 33554432 (custom)
2019-09-21 04:39:09,931 [pool-37-thread-1] INFO  server.RaftServerConfigKeys (ConfUtils.java:logGet(43)) - raft.server.retrycache.expirytime = 600000ms (custom)
2019-09-21 04:39:09,931 [pool-27-thread-1] INFO  server.RaftServerConfigKeys (ConfUtils.java:logGet(43)) - raft.server.log.write.buffer.size = 33554432 (custom)
2019-09-21 04:39:09,931 [pool-67-thread-1] INFO  server.RaftServerConfigKeys (ConfUtils.java:logGet(43)) - raft.server.log.force.sync.num = 128 (default)
2019-09-21 04:39:09,932 [pool-27-thread-1] INFO  server.RaftServerConfigKeys (ConfUtils.java:logGet(43)) - raft.server.log.force.sync.num = 128 (default)
2019-09-21 04:39:09,932 [pool-67-thread-1] INFO  server.RaftServerConfigKeys (ConfUtils.java:logGet(43)) - raft.server.log.statemachine.data.sync = true (default)
2019-09-21 04:39:09,932 [pool-27-thread-1] INFO  server.RaftServerConfigKeys (ConfUtils.java:logGet(43)) - raft.server.log.statemachine.data.sync = true (default)
2019-09-21 04:39:09,932 [pool-67-thread-1] INFO  server.RaftServerConfigKeys (ConfUtils.java:logGet(43)) - raft.server.log.statemachine.data.sync.timeout = 10s (default)
2019-09-21 04:39:09,932 [pool-27-thread-1] INFO  server.RaftServerConfigKeys (ConfUtils.java:logGet(43)) - raft.server.log.statemachine.data.sync.timeout = 10s (default)
2019-09-21 04:39:09,933 [pool-67-thread-1] INFO  server.RaftServerConfigKeys (ConfUtils.java:logGet(43)) - raft.server.log.statemachine.data.sync.timeout.retry = -1 (default)
2019-09-21 04:39:09,933 [pool-27-thread-1] INFO  server.RaftServerConfigKeys (ConfUtils.java:logGet(43)) - raft.server.log.statemachine.data.sync.timeout.retry = -1 (default)
2019-09-21 04:39:09,933 [pool-67-thread-1] INFO  server.RaftServerConfigKeys (ConfUtils.java:logGet(43)) - raft.server.log.statemachine.data.caching.enabled = true (custom)
2019-09-21 04:39:09,933 [pool-27-thread-1] INFO  server.RaftServerConfigKeys (ConfUtils.java:logGet(43)) - raft.server.log.statemachine.data.caching.enabled = true (custom)
2019-09-21 04:39:09,934 [pool-67-thread-1] INFO  segmented.SegmentedRaftLogWorker (SegmentedRaftLogWorker.java:lambda$new$0(132)) - 2c78ef93-8df4-44d4-b6a1-8f8ab8638bd5@group-595DD7EB5693-SegmentedRaftLogWorker: flushIndex: setUnconditionally 0 -> -1
2019-09-21 04:39:09,934 [pool-27-thread-1] INFO  segmented.SegmentedRaftLogWorker (SegmentedRaftLogWorker.java:lambda$new$0(132)) - 540b5430-d789-473d-b5c8-a0b50e424f93@group-865E2A899AAB-SegmentedRaftLogWorker: flushIndex: setUnconditionally 0 -> -1
2019-09-21 04:39:09,934 [pool-67-thread-1] INFO  server.RaftServerConfigKeys (ConfUtils.java:logGet(43)) - raft.server.snapshot.auto.trigger.enabled = true (custom)
2019-09-21 04:39:09,934 [pool-27-thread-1] INFO  server.RaftServerConfigKeys (ConfUtils.java:logGet(43)) - raft.server.snapshot.auto.trigger.enabled = true (custom)
2019-09-21 04:39:09,935 [pool-67-thread-1] INFO  server.RaftServerConfigKeys (ConfUtils.java:logGet(43)) - raft.server.snapshot.auto.trigger.threshold = 10000 (custom)
2019-09-21 04:39:09,935 [pool-27-thread-1] INFO  server.RaftServerConfigKeys (ConfUtils.java:logGet(43)) - raft.server.snapshot.auto.trigger.threshold = 10000 (custom)
2019-09-21 04:39:09,935 [pool-67-thread-1] INFO  server.RaftServerConfigKeys (ConfUtils.java:logGet(43)) - raft.server.snapshot.retention.num.files = 5 (custom)
2019-09-21 04:39:09,935 [pool-27-thread-1] INFO  server.RaftServerConfigKeys (ConfUtils.java:logGet(43)) - raft.server.snapshot.retention.num.files = 5 (custom)
2019-09-21 04:39:09,935 [pool-67-thread-1] INFO  server.RaftServerConfigKeys (ConfUtils.java:logGet(43)) - raft.server.retrycache.expirytime = 600000ms (custom)
2019-09-21 04:39:09,936 [pool-27-thread-1] INFO  server.RaftServerConfigKeys (ConfUtils.java:logGet(43)) - raft.server.retrycache.expirytime = 600000ms (custom)
2019-09-21 04:39:09,937 [pool-37-thread-1] INFO  impl.RaftServerImpl (RaftServerImpl.java:start(185)) - c967b5d6-addd-4373-9d03-98e6e3c98670@group-ABA1CB25FD18: start as a follower, conf=-1: [2c78ef93-8df4-44d4-b6a1-8f8ab8638bd5:192.168.36.72:34392, 540b5430-d789-473d-b5c8-a0b50e424f93:192.168.36.72:44443, c967b5d6-addd-4373-9d03-98e6e3c98670:192.168.36.72:36997], old=null
2019-09-21 04:39:09,937 [pool-37-thread-1] INFO  impl.RaftServerImpl (RaftServerImpl.java:setRole(174)) - c967b5d6-addd-4373-9d03-98e6e3c98670@group-ABA1CB25FD18: changes role from      null to FOLLOWER at term 0 for startAsFollower
2019-09-21 04:39:09,937 [pool-37-thread-1] INFO  impl.RoleInfo (RoleInfo.java:updateAndGet(143)) - c967b5d6-addd-4373-9d03-98e6e3c98670: start FollowerState
2019-09-21 04:39:09,938 [pool-37-thread-1] INFO  util.JmxRegister (JmxRegister.java:tryRegister(44)) - Successfully registered JMX Bean with object name Ratis:service=RaftServer,group=group-ABA1CB25FD18,id=c967b5d6-addd-4373-9d03-98e6e3c98670
2019-09-21 04:39:09,939 [pool-37-thread-1] INFO  impl.RaftServerImpl (RaftServerImpl.java:start(185)) - c967b5d6-addd-4373-9d03-98e6e3c98670@group-595DD7EB5693: start as a follower, conf=-1: [2c78ef93-8df4-44d4-b6a1-8f8ab8638bd5:192.168.36.72:34392, 540b5430-d789-473d-b5c8-a0b50e424f93:192.168.36.72:44443, c967b5d6-addd-4373-9d03-98e6e3c98670:192.168.36.72:36997], old=null
2019-09-21 04:39:09,939 [pool-37-thread-1] INFO  impl.RaftServerImpl (RaftServerImpl.java:setRole(174)) - c967b5d6-addd-4373-9d03-98e6e3c98670@group-595DD7EB5693: changes role from      null to FOLLOWER at term 0 for startAsFollower
2019-09-21 04:39:09,939 [pool-37-thread-1] INFO  impl.RoleInfo (RoleInfo.java:updateAndGet(143)) - c967b5d6-addd-4373-9d03-98e6e3c98670: start FollowerState
2019-09-21 04:39:09,940 [pool-37-thread-1] INFO  util.JmxRegister (JmxRegister.java:tryRegister(44)) - Successfully registered JMX Bean with object name Ratis:service=RaftServer,group=group-595DD7EB5693,id=c967b5d6-addd-4373-9d03-98e6e3c98670
2019-09-21 04:39:09,943 [pool-67-thread-1] INFO  impl.RaftServerImpl (RaftServerImpl.java:start(185)) - 2c78ef93-8df4-44d4-b6a1-8f8ab8638bd5@group-ABA1CB25FD18: start as a follower, conf=-1: [2c78ef93-8df4-44d4-b6a1-8f8ab8638bd5:192.168.36.72:34392, 540b5430-d789-473d-b5c8-a0b50e424f93:192.168.36.72:44443, c967b5d6-addd-4373-9d03-98e6e3c98670:192.168.36.72:36997], old=null
2019-09-21 04:39:09,945 [pool-67-thread-1] INFO  impl.RaftServerImpl (RaftServerImpl.java:setRole(174)) - 2c78ef93-8df4-44d4-b6a1-8f8ab8638bd5@group-ABA1CB25FD18: changes role from      null to FOLLOWER at term 0 for startAsFollower
2019-09-21 04:39:09,945 [pool-67-thread-1] INFO  impl.RoleInfo (RoleInfo.java:updateAndGet(143)) - 2c78ef93-8df4-44d4-b6a1-8f8ab8638bd5: start FollowerState
2019-09-21 04:39:09,946 [pool-27-thread-1] INFO  impl.RaftServerImpl (RaftServerImpl.java:start(185)) - 540b5430-d789-473d-b5c8-a0b50e424f93@group-2CB71955F3F3: start as a follower, conf=-1: [2c78ef93-8df4-44d4-b6a1-8f8ab8638bd5:192.168.36.72:34392, 540b5430-d789-473d-b5c8-a0b50e424f93:192.168.36.72:44443, c967b5d6-addd-4373-9d03-98e6e3c98670:192.168.36.72:36997], old=null
2019-09-21 04:39:09,946 [grpc-default-executor-1] WARN  server.GrpcServerProtocolService (LogUtils.java:warn(134)) - 540b5430-d789-473d-b5c8-a0b50e424f93: Failed requestVote 2c78ef93-8df4-44d4-b6a1-8f8ab8638bd5->540b5430-d789-473d-b5c8-a0b50e424f93#0: org.apache.ratis.protocol.ServerNotReadyException: 540b5430-d789-473d-b5c8-a0b50e424f93@group-865E2A899AAB is not in [RUNNING]: current state is NEW
2019-09-21 04:39:09,946 [grpc-default-executor-5] WARN  server.GrpcServerProtocolService (LogUtils.java:warn(134)) - 540b5430-d789-473d-b5c8-a0b50e424f93: Failed requestVote c967b5d6-addd-4373-9d03-98e6e3c98670->540b5430-d789-473d-b5c8-a0b50e424f93#0: org.apache.ratis.protocol.ServerNotReadyException: 540b5430-d789-473d-b5c8-a0b50e424f93@group-865E2A899AAB is not in [RUNNING]: current state is NEW
2019-09-21 04:39:09,946 [pool-67-thread-1] INFO  util.JmxRegister (JmxRegister.java:tryRegister(44)) - Successfully registered JMX Bean with object name Ratis:service=RaftServer,group=group-ABA1CB25FD18,id=2c78ef93-8df4-44d4-b6a1-8f8ab8638bd5
2019-09-21 04:39:09,946 [pool-27-thread-1] INFO  impl.RaftServerImpl (RaftServerImpl.java:setRole(174)) - 540b5430-d789-473d-b5c8-a0b50e424f93@group-2CB71955F3F3: changes role from      null to FOLLOWER at term 0 for startAsFollower
2019-09-21 04:39:09,947 [pool-27-thread-1] INFO  impl.RoleInfo (RoleInfo.java:updateAndGet(143)) - 540b5430-d789-473d-b5c8-a0b50e424f93: start FollowerState
2019-09-21 04:39:09,947 [pool-67-thread-1] INFO  impl.RaftServerImpl (RaftServerImpl.java:start(185)) - 2c78ef93-8df4-44d4-b6a1-8f8ab8638bd5@group-595DD7EB5693: start as a follower, conf=-1: [2c78ef93-8df4-44d4-b6a1-8f8ab8638bd5:192.168.36.72:34392, 540b5430-d789-473d-b5c8-a0b50e424f93:192.168.36.72:44443, c967b5d6-addd-4373-9d03-98e6e3c98670:192.168.36.72:36997], old=null
2019-09-21 04:39:09,948 [pool-67-thread-1] INFO  impl.RaftServerImpl (RaftServerImpl.java:setRole(174)) - 2c78ef93-8df4-44d4-b6a1-8f8ab8638bd5@group-595DD7EB5693: changes role from      null to FOLLOWER at term 0 for startAsFollower
2019-09-21 04:39:09,948 [pool-27-thread-1] INFO  util.JmxRegister (JmxRegister.java:tryRegister(44)) - Successfully registered JMX Bean with object name Ratis:service=RaftServer,group=group-2CB71955F3F3,id=540b5430-d789-473d-b5c8-a0b50e424f93
2019-09-21 04:39:09,948 [pool-67-thread-1] INFO  impl.RoleInfo (RoleInfo.java:updateAndGet(143)) - 2c78ef93-8df4-44d4-b6a1-8f8ab8638bd5: start FollowerState
2019-09-21 04:39:09,949 [pool-67-thread-1] INFO  util.JmxRegister (JmxRegister.java:tryRegister(44)) - Successfully registered JMX Bean with object name Ratis:service=RaftServer,group=group-595DD7EB5693,id=2c78ef93-8df4-44d4-b6a1-8f8ab8638bd5
2019-09-21 04:39:09,953 [pool-27-thread-1] INFO  impl.RaftServerImpl (RaftServerImpl.java:<init>(95)) - 540b5430-d789-473d-b5c8-a0b50e424f93: new RaftServerImpl for group-ABA1CB25FD18:[2c78ef93-8df4-44d4-b6a1-8f8ab8638bd5:192.168.36.72:34392, 540b5430-d789-473d-b5c8-a0b50e424f93:192.168.36.72:44443, c967b5d6-addd-4373-9d03-98e6e3c98670:192.168.36.72:36997] with ContainerStateMachine:uninitialized
2019-09-21 04:39:09,953 [pool-27-thread-1] INFO  server.RaftServerConfigKeys (ConfUtils.java:logGet(43)) - raft.server.rpc.timeout.min = 5s (custom)
2019-09-21 04:39:09,954 [pool-27-thread-1] INFO  server.RaftServerConfigKeys (ConfUtils.java:logGet(43)) - raft.server.rpc.timeout.max = 5200ms (custom)
2019-09-21 04:39:09,954 [pool-27-thread-1] INFO  server.RaftServerConfigKeys (ConfUtils.java:logGet(43)) - raft.server.rpcslowness.timeout = 120s (custom)
2019-09-21 04:39:09,954 [pool-27-thread-1] INFO  server.RaftServerConfigKeys (ConfUtils.java:logGet(43)) - raft.server.sleep.deviation.threshold = 300 (default)
2019-09-21 04:39:09,955 [pool-27-thread-1] INFO  server.RaftServerConfigKeys (ConfUtils.java:logGet(43)) - raft.server.log.appender.install.snapshot.enabled = false (custom)
2019-09-21 04:39:09,955 [pool-27-thread-1] INFO  impl.RaftServerImpl (ServerState.java:<init>(103)) - 540b5430-d789-473d-b5c8-a0b50e424f93@group-ABA1CB25FD18: ConfigurationManager, init=-1: [2c78ef93-8df4-44d4-b6a1-8f8ab8638bd5:192.168.36.72:34392, 540b5430-d789-473d-b5c8-a0b50e424f93:192.168.36.72:44443, c967b5d6-addd-4373-9d03-98e6e3c98670:192.168.36.72:36997], old=null, confs=<EMPTY_MAP>
2019-09-21 04:39:09,955 [c967b5d6-addd-4373-9d03-98e6e3c98670@group-865E2A899AAB:LeaderElection3] INFO  impl.LeaderElection (LogUtils.java:infoOrTrace(149)) - c967b5d6-addd-4373-9d03-98e6e3c98670@group-865E2A899AAB:LeaderElection3 got exception when requesting votes: {}
java.util.concurrent.ExecutionException: org.apache.ratis.thirdparty.io.grpc.StatusRuntimeException: INTERNAL: 540b5430-d789-473d-b5c8-a0b50e424f93@group-865E2A899AAB is not in [RUNNING]: current state is NEW
	at java.util.concurrent.FutureTask.report(FutureTask.java:122)
	at java.util.concurrent.FutureTask.get(FutureTask.java:192)
	at org.apache.ratis.server.impl.LeaderElection.waitForResults(LeaderElection.java:263)
	at org.apache.ratis.server.impl.LeaderElection.askForVotes(LeaderElection.java:201)
	at org.apache.ratis.server.impl.LeaderElection.run(LeaderElection.java:133)
	at java.lang.Thread.run(Thread.java:748)
Caused by: org.apache.ratis.thirdparty.io.grpc.StatusRuntimeException: INTERNAL: 540b5430-d789-473d-b5c8-a0b50e424f93@group-865E2A899AAB is not in [RUNNING]: current state is NEW
	at org.apache.ratis.thirdparty.io.grpc.stub.ClientCalls.toStatusRuntimeException(ClientCalls.java:233)
	at org.apache.ratis.thirdparty.io.grpc.stub.ClientCalls.getUnchecked(ClientCalls.java:214)
	at org.apache.ratis.thirdparty.io.grpc.stub.ClientCalls.blockingUnaryCall(ClientCalls.java:139)
	at org.apache.ratis.proto.grpc.RaftServerProtocolServiceGrpc$RaftServerProtocolServiceBlockingStub.requestVote(RaftServerProtocolServiceGrpc.java:265)
	at org.apache.ratis.grpc.server.GrpcServerProtocolClient.requestVote(GrpcServerProtocolClient.java:90)
	at org.apache.ratis.grpc.server.GrpcService.requestVote(GrpcService.java:204)
	at org.apache.ratis.server.impl.LeaderElection.lambda$submitRequests$1(LeaderElection.java:238)
	at java.util.concurrent.FutureTask.run(FutureTask.java:266)
	at java.util.concurrent.Executors$RunnableAdapter.call(Executors.java:511)
	at java.util.concurrent.FutureTask.run(FutureTask.java:266)
	at java.util.concurrent.ThreadPoolExecutor.runWorker(ThreadPoolExecutor.java:1149)
	at java.util.concurrent.ThreadPoolExecutor$Worker.run(ThreadPoolExecutor.java:624)
	... 1 more
2019-09-21 04:39:09,958 [2c78ef93-8df4-44d4-b6a1-8f8ab8638bd5@group-865E2A899AAB:LeaderElection4] INFO  impl.LeaderElection (LogUtils.java:infoOrTrace(149)) - 2c78ef93-8df4-44d4-b6a1-8f8ab8638bd5@group-865E2A899AAB:LeaderElection4 got exception when requesting votes: {}
java.util.concurrent.ExecutionException: org.apache.ratis.thirdparty.io.grpc.StatusRuntimeException: INTERNAL: 540b5430-d789-473d-b5c8-a0b50e424f93@group-865E2A899AAB is not in [RUNNING]: current state is NEW
	at java.util.concurrent.FutureTask.report(FutureTask.java:122)
	at java.util.concurrent.FutureTask.get(FutureTask.java:192)
	at org.apache.ratis.server.impl.LeaderElection.waitForResults(LeaderElection.java:263)
	at org.apache.ratis.server.impl.LeaderElection.askForVotes(LeaderElection.java:201)
	at org.apache.ratis.server.impl.LeaderElection.run(LeaderElection.java:133)
	at java.lang.Thread.run(Thread.java:748)
Caused by: org.apache.ratis.thirdparty.io.grpc.StatusRuntimeException: INTERNAL: 540b5430-d789-473d-b5c8-a0b50e424f93@group-865E2A899AAB is not in [RUNNING]: current state is NEW
	at org.apache.ratis.thirdparty.io.grpc.stub.ClientCalls.toStatusRuntimeException(ClientCalls.java:233)
	at org.apache.ratis.thirdparty.io.grpc.stub.ClientCalls.getUnchecked(ClientCalls.java:214)
	at org.apache.ratis.thirdparty.io.grpc.stub.ClientCalls.blockingUnaryCall(ClientCalls.java:139)
	at org.apache.ratis.proto.grpc.RaftServerProtocolServiceGrpc$RaftServerProtocolServiceBlockingStub.requestVote(RaftServerProtocolServiceGrpc.java:265)
	at org.apache.ratis.grpc.server.GrpcServerProtocolClient.requestVote(GrpcServerProtocolClient.java:90)
	at org.apache.ratis.grpc.server.GrpcService.requestVote(GrpcService.java:204)
	at org.apache.ratis.server.impl.LeaderElection.lambda$submitRequests$1(LeaderElection.java:238)
	at java.util.concurrent.FutureTask.run(FutureTask.java:266)
	at java.util.concurrent.Executors$RunnableAdapter.call(Executors.java:511)
	at java.util.concurrent.FutureTask.run(FutureTask.java:266)
	at java.util.concurrent.ThreadPoolExecutor.runWorker(ThreadPoolExecutor.java:1149)
	at java.util.concurrent.ThreadPoolExecutor$Worker.run(ThreadPoolExecutor.java:624)
	... 1 more
2019-09-21 04:39:09,959 [c967b5d6-addd-4373-9d03-98e6e3c98670@group-865E2A899AAB:LeaderElection3] INFO  impl.LeaderElection (LeaderElection.java:logAndReturn(56)) - c967b5d6-addd-4373-9d03-98e6e3c98670@group-865E2A899AAB:LeaderElection3: Election REJECTED; received 1 response(s) [c967b5d6-addd-4373-9d03-98e6e3c98670<-2c78ef93-8df4-44d4-b6a1-8f8ab8638bd5#0:FAIL-t1] and 1 exception(s); c967b5d6-addd-4373-9d03-98e6e3c98670@group-865E2A899AAB:t1, leader=null, voted=c967b5d6-addd-4373-9d03-98e6e3c98670, raftlog=c967b5d6-addd-4373-9d03-98e6e3c98670@group-865E2A899AAB-SegmentedRaftLog:OPENED:c-1,f-1,i0, conf=-1: [2c78ef93-8df4-44d4-b6a1-8f8ab8638bd5:192.168.36.72:34392, 540b5430-d789-473d-b5c8-a0b50e424f93:192.168.36.72:44443, c967b5d6-addd-4373-9d03-98e6e3c98670:192.168.36.72:36997], old=null
2019-09-21 04:39:09,955 [pool-27-thread-1] INFO  server.RaftServerConfigKeys (ConfUtils.java:logGet(43)) - raft.server.storage.dir = [/workdir/hadoop-ozone/ozonefs/target/test-dir/MiniOzoneClusterImpl-9eda3440-c808-4542-bfb4-02ef632557ef/datanode-0/data/ratis] (custom)
2019-09-21 04:39:09,961 [c967b5d6-addd-4373-9d03-98e6e3c98670@group-865E2A899AAB:LeaderElection3] INFO  impl.LeaderElection (LogUtils.java:infoOrTrace(149)) -   Exception 0: {}
java.util.concurrent.ExecutionException: org.apache.ratis.thirdparty.io.grpc.StatusRuntimeException: INTERNAL: 540b5430-d789-473d-b5c8-a0b50e424f93@group-865E2A899AAB is not in [RUNNING]: current state is NEW
	at java.util.concurrent.FutureTask.report(FutureTask.java:122)
	at java.util.concurrent.FutureTask.get(FutureTask.java:192)
	at org.apache.ratis.server.impl.LeaderElection.waitForResults(LeaderElection.java:263)
	at org.apache.ratis.server.impl.LeaderElection.askForVotes(LeaderElection.java:201)
	at org.apache.ratis.server.impl.LeaderElection.run(LeaderElection.java:133)
	at java.lang.Thread.run(Thread.java:748)
Caused by: org.apache.ratis.thirdparty.io.grpc.StatusRuntimeException: INTERNAL: 540b5430-d789-473d-b5c8-a0b50e424f93@group-865E2A899AAB is not in [RUNNING]: current state is NEW
	at org.apache.ratis.thirdparty.io.grpc.stub.ClientCalls.toStatusRuntimeException(ClientCalls.java:233)
	at org.apache.ratis.thirdparty.io.grpc.stub.ClientCalls.getUnchecked(ClientCalls.java:214)
	at org.apache.ratis.thirdparty.io.grpc.stub.ClientCalls.blockingUnaryCall(ClientCalls.java:139)
	at org.apache.ratis.proto.grpc.RaftServerProtocolServiceGrpc$RaftServerProtocolServiceBlockingStub.requestVote(RaftServerProtocolServiceGrpc.java:265)
	at org.apache.ratis.grpc.server.GrpcServerProtocolClient.requestVote(GrpcServerProtocolClient.java:90)
	at org.apache.ratis.grpc.server.GrpcService.requestVote(GrpcService.java:204)
	at org.apache.ratis.server.impl.LeaderElection.lambda$submitRequests$1(LeaderElection.java:238)
	at java.util.concurrent.FutureTask.run(FutureTask.java:266)
	at java.util.concurrent.Executors$RunnableAdapter.call(Executors.java:511)
	at java.util.concurrent.FutureTask.run(FutureTask.java:266)
	at java.util.concurrent.ThreadPoolExecutor.runWorker(ThreadPoolExecutor.java:1149)
	at java.util.concurrent.ThreadPoolExecutor$Worker.run(ThreadPoolExecutor.java:624)
	... 1 more
2019-09-21 04:39:09,961 [2c78ef93-8df4-44d4-b6a1-8f8ab8638bd5@group-865E2A899AAB:LeaderElection4] INFO  impl.LeaderElection (LeaderElection.java:logAndReturn(56)) - 2c78ef93-8df4-44d4-b6a1-8f8ab8638bd5@group-865E2A899AAB:LeaderElection4: Election REJECTED; received 1 response(s) [2c78ef93-8df4-44d4-b6a1-8f8ab8638bd5<-c967b5d6-addd-4373-9d03-98e6e3c98670#0:FAIL-t1] and 1 exception(s); 2c78ef93-8df4-44d4-b6a1-8f8ab8638bd5@group-865E2A899AAB:t1, leader=null, voted=2c78ef93-8df4-44d4-b6a1-8f8ab8638bd5, raftlog=2c78ef93-8df4-44d4-b6a1-8f8ab8638bd5@group-865E2A899AAB-SegmentedRaftLog:OPENED:c-1,f-1,i0, conf=-1: [2c78ef93-8df4-44d4-b6a1-8f8ab8638bd5:192.168.36.72:34392, 540b5430-d789-473d-b5c8-a0b50e424f93:192.168.36.72:44443, c967b5d6-addd-4373-9d03-98e6e3c98670:192.168.36.72:36997], old=null
2019-09-21 04:39:09,964 [c967b5d6-addd-4373-9d03-98e6e3c98670@group-865E2A899AAB:LeaderElection3] INFO  impl.RaftServerImpl (RaftServerImpl.java:setRole(174)) - c967b5d6-addd-4373-9d03-98e6e3c98670@group-865E2A899AAB: changes role from CANDIDATE to FOLLOWER at term 1 for DISCOVERED_A_NEW_TERM
2019-09-21 04:39:09,963 [pool-27-thread-1] INFO  storage.RaftStorageDirectory (RaftStorageDirectory.java:analyzeStorage(246)) - The storage directory /workdir/hadoop-ozone/ozonefs/target/test-dir/MiniOzoneClusterImpl-9eda3440-c808-4542-bfb4-02ef632557ef/datanode-0/data/ratis/7f1126cb-8d96-4f84-8a4f-aba1cb25fd18 does not exist. Creating ...
2019-09-21 04:39:09,966 [c967b5d6-addd-4373-9d03-98e6e3c98670@group-865E2A899AAB:LeaderElection3] INFO  impl.RoleInfo (RoleInfo.java:shutdownLeaderElection(134)) - c967b5d6-addd-4373-9d03-98e6e3c98670: shutdown LeaderElection
2019-09-21 04:39:09,966 [2c78ef93-8df4-44d4-b6a1-8f8ab8638bd5@group-865E2A899AAB:LeaderElection4] INFO  impl.LeaderElection (LogUtils.java:infoOrTrace(149)) -   Exception 0: {}
java.util.concurrent.ExecutionException: org.apache.ratis.thirdparty.io.grpc.StatusRuntimeException: INTERNAL: 540b5430-d789-473d-b5c8-a0b50e424f93@group-865E2A899AAB is not in [RUNNING]: current state is NEW
	at java.util.concurrent.FutureTask.report(FutureTask.java:122)
	at java.util.concurrent.FutureTask.get(FutureTask.java:192)
	at org.apache.ratis.server.impl.LeaderElection.waitForResults(LeaderElection.java:263)
	at org.apache.ratis.server.impl.LeaderElection.askForVotes(LeaderElection.java:201)
	at org.apache.ratis.server.impl.LeaderElection.run(LeaderElection.java:133)
	at java.lang.Thread.run(Thread.java:748)
Caused by: org.apache.ratis.thirdparty.io.grpc.StatusRuntimeException: INTERNAL: 540b5430-d789-473d-b5c8-a0b50e424f93@group-865E2A899AAB is not in [RUNNING]: current state is NEW
	at org.apache.ratis.thirdparty.io.grpc.stub.ClientCalls.toStatusRuntimeException(ClientCalls.java:233)
	at org.apache.ratis.thirdparty.io.grpc.stub.ClientCalls.getUnchecked(ClientCalls.java:214)
	at org.apache.ratis.thirdparty.io.grpc.stub.ClientCalls.blockingUnaryCall(ClientCalls.java:139)
	at org.apache.ratis.proto.grpc.RaftServerProtocolServiceGrpc$RaftServerProtocolServiceBlockingStub.requestVote(RaftServerProtocolServiceGrpc.java:265)
	at org.apache.ratis.grpc.server.GrpcServerProtocolClient.requestVote(GrpcServerProtocolClient.java:90)
	at org.apache.ratis.grpc.server.GrpcService.requestVote(GrpcService.java:204)
	at org.apache.ratis.server.impl.LeaderElection.lambda$submitRequests$1(LeaderElection.java:238)
	at java.util.concurrent.FutureTask.run(FutureTask.java:266)
	at java.util.concurrent.Executors$RunnableAdapter.call(Executors.java:511)
	at java.util.concurrent.FutureTask.run(FutureTask.java:266)
	at java.util.concurrent.ThreadPoolExecutor.runWorker(ThreadPoolExecutor.java:1149)
	at java.util.concurrent.ThreadPoolExecutor$Worker.run(ThreadPoolExecutor.java:624)
	... 1 more
2019-09-21 04:39:09,968 [c967b5d6-addd-4373-9d03-98e6e3c98670@group-865E2A899AAB:LeaderElection3] INFO  impl.RoleInfo (RoleInfo.java:updateAndGet(143)) - c967b5d6-addd-4373-9d03-98e6e3c98670: start FollowerState
2019-09-21 04:39:09,969 [2c78ef93-8df4-44d4-b6a1-8f8ab8638bd5@group-865E2A899AAB:LeaderElection4] INFO  impl.RaftServerImpl (RaftServerImpl.java:setRole(174)) - 2c78ef93-8df4-44d4-b6a1-8f8ab8638bd5@group-865E2A899AAB: changes role from CANDIDATE to FOLLOWER at term 1 for DISCOVERED_A_NEW_TERM
2019-09-21 04:39:09,971 [2c78ef93-8df4-44d4-b6a1-8f8ab8638bd5@group-865E2A899AAB:LeaderElection4] INFO  impl.RoleInfo (RoleInfo.java:shutdownLeaderElection(134)) - 2c78ef93-8df4-44d4-b6a1-8f8ab8638bd5: shutdown LeaderElection
2019-09-21 04:39:09,973 [2c78ef93-8df4-44d4-b6a1-8f8ab8638bd5@group-865E2A899AAB:LeaderElection4] INFO  impl.RoleInfo (RoleInfo.java:updateAndGet(143)) - 2c78ef93-8df4-44d4-b6a1-8f8ab8638bd5: start FollowerState
2019-09-21 04:39:10,244 [pool-27-thread-1] INFO  storage.RaftStorageDirectory (RaftStorageDirectory.java:tryLock(328)) - Lock on /workdir/hadoop-ozone/ozonefs/target/test-dir/MiniOzoneClusterImpl-9eda3440-c808-4542-bfb4-02ef632557ef/datanode-0/data/ratis/7f1126cb-8d96-4f84-8a4f-aba1cb25fd18/in_use.lock acquired by nodename 20870@pr-hdds-2163-pdhxj-1463177635
2019-09-21 04:39:11,525 [RATISCREATEPIPELINE2] ERROR pipeline.RatisPipelineProvider (RatisPipelineProvider.java:lambda$null$5(235)) - Failed invoke Ratis rpc org.apache.hadoop.hdds.scm.pipeline.RatisPipelineProvider$$Lambda$200/505994749@5057afce for 540b5430-d789-473d-b5c8-a0b50e424f93
org.apache.ratis.protocol.TimeoutIOException: deadline exceeded after 2999794409ns
	at org.apache.ratis.grpc.GrpcUtil.tryUnwrapException(GrpcUtil.java:82)
	at org.apache.ratis.grpc.GrpcUtil.unwrapException(GrpcUtil.java:75)
	at org.apache.ratis.grpc.client.GrpcClientProtocolClient.blockingCall(GrpcClientProtocolClient.java:178)
	at org.apache.ratis.grpc.client.GrpcClientProtocolClient.groupAdd(GrpcClientProtocolClient.java:147)
	at org.apache.ratis.grpc.client.GrpcClientRpc.sendRequest(GrpcClientRpc.java:94)
	at org.apache.ratis.client.impl.RaftClientImpl.sendRequest(RaftClientImpl.java:278)
	at org.apache.ratis.client.impl.RaftClientImpl.groupAdd(RaftClientImpl.java:205)
	at org.apache.hadoop.hdds.scm.pipeline.RatisPipelineProvider.lambda$initializePipeline$4(RatisPipelineProvider.java:196)
	at org.apache.hadoop.hdds.scm.pipeline.RatisPipelineProvider.lambda$null$5(RatisPipelineProvider.java:231)
	at java.util.stream.ForEachOps$ForEachOp$OfRef.accept(ForEachOps.java:184)
	at java.util.ArrayList$ArrayListSpliterator.forEachRemaining(ArrayList.java:1382)
	at java.util.stream.AbstractPipeline.copyInto(AbstractPipeline.java:482)
	at java.util.stream.ForEachOps$ForEachTask.compute(ForEachOps.java:291)
	at java.util.concurrent.CountedCompleter.exec(CountedCompleter.java:731)
	at java.util.concurrent.ForkJoinTask.doExec(ForkJoinTask.java:289)
	at java.util.concurrent.ForkJoinPool$WorkQueue.runTask(ForkJoinPool.java:1056)
	at java.util.concurrent.ForkJoinPool.runWorker(ForkJoinPool.java:1692)
	at java.util.concurrent.ForkJoinWorkerThread.run(ForkJoinWorkerThread.java:157)
Caused by: org.apache.ratis.thirdparty.io.grpc.StatusRuntimeException: DEADLINE_EXCEEDED: deadline exceeded after 2999794409ns
	at org.apache.ratis.thirdparty.io.grpc.stub.ClientCalls.toStatusRuntimeException(ClientCalls.java:233)
	at org.apache.ratis.thirdparty.io.grpc.stub.ClientCalls.getUnchecked(ClientCalls.java:214)
	at org.apache.ratis.thirdparty.io.grpc.stub.ClientCalls.blockingUnaryCall(ClientCalls.java:139)
	at org.apache.ratis.proto.grpc.AdminProtocolServiceGrpc$AdminProtocolServiceBlockingStub.groupManagement(AdminProtocolServiceGrpc.java:274)
	at org.apache.ratis.grpc.client.GrpcClientProtocolClient.lambda$groupAdd$3(GrpcClientProtocolClient.java:149)
	at org.apache.ratis.grpc.client.GrpcClientProtocolClient.blockingCall(GrpcClientProtocolClient.java:176)
	... 15 more
2019-09-21 04:39:11,529 [IPC Server handler 0 on 43805] WARN  block.BlockManagerImpl (BlockManagerImpl.java:allocateBlock(192)) - Pipeline creation failed for type:RATIS factor:THREE. Retrying get pipelines call once.
java.io.IOException: Failed invoke Ratis rpc org.apache.hadoop.hdds.scm.pipeline.RatisPipelineProvider$$Lambda$200/505994749@5057afce for 540b5430-d789-473d-b5c8-a0b50e424f93
	at org.apache.hadoop.hdds.scm.pipeline.RatisPipelineProvider.lambda$null$5(RatisPipelineProvider.java:236)
	at java.util.stream.ForEachOps$ForEachOp$OfRef.accept(ForEachOps.java:184)
	at java.util.ArrayList$ArrayListSpliterator.forEachRemaining(ArrayList.java:1382)
	at java.util.stream.AbstractPipeline.copyInto(AbstractPipeline.java:482)
	at java.util.stream.ForEachOps$ForEachTask.compute(ForEachOps.java:291)
	at java.util.concurrent.CountedCompleter.exec(CountedCompleter.java:731)
	at java.util.concurrent.ForkJoinTask.doExec(ForkJoinTask.java:289)
	at java.util.concurrent.ForkJoinPool$WorkQueue.runTask(ForkJoinPool.java:1056)
	at java.util.concurrent.ForkJoinPool.runWorker(ForkJoinPool.java:1692)
	at java.util.concurrent.ForkJoinWorkerThread.run(ForkJoinWorkerThread.java:157)
Caused by: org.apache.ratis.protocol.TimeoutIOException: deadline exceeded after 2999794409ns
	at org.apache.ratis.grpc.GrpcUtil.tryUnwrapException(GrpcUtil.java:82)
	at org.apache.ratis.grpc.GrpcUtil.unwrapException(GrpcUtil.java:75)
	at org.apache.ratis.grpc.client.GrpcClientProtocolClient.blockingCall(GrpcClientProtocolClient.java:178)
	at org.apache.ratis.grpc.client.GrpcClientProtocolClient.groupAdd(GrpcClientProtocolClient.java:147)
	at org.apache.ratis.grpc.client.GrpcClientRpc.sendRequest(GrpcClientRpc.java:94)
	at org.apache.ratis.client.impl.RaftClientImpl.sendRequest(RaftClientImpl.java:278)
	at org.apache.ratis.client.impl.RaftClientImpl.groupAdd(RaftClientImpl.java:205)
	at org.apache.hadoop.hdds.scm.pipeline.RatisPipelineProvider.lambda$initializePipeline$4(RatisPipelineProvider.java:196)
	at org.apache.hadoop.hdds.scm.pipeline.RatisPipelineProvider.lambda$null$5(RatisPipelineProvider.java:231)
	... 9 more
Caused by: org.apache.ratis.thirdparty.io.grpc.StatusRuntimeException: DEADLINE_EXCEEDED: deadline exceeded after 2999794409ns
	at org.apache.ratis.thirdparty.io.grpc.stub.ClientCalls.toStatusRuntimeException(ClientCalls.java:233)
	at org.apache.ratis.thirdparty.io.grpc.stub.ClientCalls.getUnchecked(ClientCalls.java:214)
	at org.apache.ratis.thirdparty.io.grpc.stub.ClientCalls.blockingUnaryCall(ClientCalls.java:139)
	at org.apache.ratis.proto.grpc.AdminProtocolServiceGrpc$AdminProtocolServiceBlockingStub.groupManagement(AdminProtocolServiceGrpc.java:274)
	at org.apache.ratis.grpc.client.GrpcClientProtocolClient.lambda$groupAdd$3(GrpcClientProtocolClient.java:149)
	at org.apache.ratis.grpc.client.GrpcClientProtocolClient.blockingCall(GrpcClientProtocolClient.java:176)
	... 15 more
2019-09-21 04:39:11,531 [IPC Server handler 0 on 43805] INFO  block.BlockManagerImpl (BlockManagerImpl.java:allocateBlock(198)) - Could not find available pipeline of type:RATIS and factor:THREE even after retrying
2019-09-21 04:39:11,531 [IPC Server handler 0 on 43805] ERROR block.BlockManagerImpl (BlockManagerImpl.java:allocateBlock(222)) - Unable to allocate a block for the size: 4194304, type: RATIS, factor: THREE
2019-09-21 04:39:11,533 [Thread-248] INFO  contract.ITestOzoneContractGetFileStatus (ITestOzoneContractGetFileStatus.java:teardown(57)) - FS details OzoneFileSystem{URI=o3fs://bucket66002.volume96176, workingDir=o3fs://bucket66002.volume96176/user/jenkins1000, userName=jenkins1000, statistics=0 bytes read, 0 bytes written, 17 read ops, 0 large read ops, 7 write ops}
]]></system-out>
  </testcase>
  <testcase name="testListFilesEmptyDirectoryRecursive" classname="org.apache.hadoop.fs.ozone.contract.ITestOzoneContractGetFileStatus" time="0.135"/>
  <testcase name="testListLocatedStatusFile" classname="org.apache.hadoop.fs.ozone.contract.ITestOzoneContractGetFileStatus" time="3.135">
    <error message="Allocated 0 blocks. Requested 1 blocks" type="INTERNAL_ERROR org.apache.hadoop.ozone.om.exceptions.OMException">INTERNAL_ERROR org.apache.hadoop.ozone.om.exceptions.OMException: Allocated 0 blocks. Requested 1 blocks
	at org.apache.hadoop.ozone.om.protocolPB.OzoneManagerProtocolClientSideTranslatorPB.handleError(OzoneManagerProtocolClientSideTranslatorPB.java:732)
	at org.apache.hadoop.ozone.om.protocolPB.OzoneManagerProtocolClientSideTranslatorPB.createFile(OzoneManagerProtocolClientSideTranslatorPB.java:1536)
	at sun.reflect.NativeMethodAccessorImpl.invoke0(Native Method)
	at sun.reflect.NativeMethodAccessorImpl.invoke(NativeMethodAccessorImpl.java:62)
	at sun.reflect.DelegatingMethodAccessorImpl.invoke(DelegatingMethodAccessorImpl.java:43)
	at java.lang.reflect.Method.invoke(Method.java:498)
	at org.apache.hadoop.hdds.tracing.TraceAllMethod.invoke(TraceAllMethod.java:66)
	at com.sun.proxy.$Proxy41.createFile(Unknown Source)
	at org.apache.hadoop.ozone.client.rpc.RpcClient.createFile(RpcClient.java:1006)
	at org.apache.hadoop.ozone.client.OzoneBucket.createFile(OzoneBucket.java:537)
	at org.apache.hadoop.fs.ozone.BasicOzoneClientAdapterImpl.createFile(BasicOzoneClientAdapterImpl.java:205)
	at org.apache.hadoop.fs.ozone.BasicOzoneFileSystem.createOutputStream(BasicOzoneFileSystem.java:250)
	at org.apache.hadoop.fs.ozone.BasicOzoneFileSystem.create(BasicOzoneFileSystem.java:231)
	at org.apache.hadoop.fs.FileSystem.create(FileSystem.java:1118)
	at org.apache.hadoop.fs.FileSystem.create(FileSystem.java:1098)
	at org.apache.hadoop.fs.FileSystem.create(FileSystem.java:987)
	at org.apache.hadoop.fs.contract.ContractTestUtils.createFile(ContractTestUtils.java:633)
	at org.apache.hadoop.fs.contract.ContractTestUtils.touch(ContractTestUtils.java:669)
	at org.apache.hadoop.fs.contract.AbstractContractGetFileStatusTest.touchf(AbstractContractGetFileStatusTest.java:382)
	at org.apache.hadoop.fs.contract.AbstractContractGetFileStatusTest.testListLocatedStatusFile(AbstractContractGetFileStatusTest.java:342)
	at sun.reflect.NativeMethodAccessorImpl.invoke0(Native Method)
	at sun.reflect.NativeMethodAccessorImpl.invoke(NativeMethodAccessorImpl.java:62)
	at sun.reflect.DelegatingMethodAccessorImpl.invoke(DelegatingMethodAccessorImpl.java:43)
	at java.lang.reflect.Method.invoke(Method.java:498)
	at org.junit.runners.model.FrameworkMethod$1.runReflectiveCall(FrameworkMethod.java:47)
	at org.junit.internal.runners.model.ReflectiveCallable.run(ReflectiveCallable.java:12)
	at org.junit.runners.model.FrameworkMethod.invokeExplosively(FrameworkMethod.java:44)
	at org.junit.internal.runners.statements.InvokeMethod.evaluate(InvokeMethod.java:17)
	at org.junit.internal.runners.statements.RunBefores.evaluate(RunBefores.java:26)
	at org.junit.internal.runners.statements.RunAfters.evaluate(RunAfters.java:27)
	at org.junit.rules.TestWatcher$1.evaluate(TestWatcher.java:55)
	at org.junit.internal.runners.statements.FailOnTimeout$StatementThread.run(FailOnTimeout.java:74)
</error>
    <system-out><![CDATA[2019-09-21 04:39:11,717 [Thread-284] INFO  rpc.RpcClient (RpcClient.java:createVolume(276)) - Creating Volume: volume91521, with user60415 as owner.
2019-09-21 04:39:11,719 [IPC Server handler 12 on 45116] INFO  volume.OMVolumeCreateRequest (OMVolumeCreateRequest.java:validateAndUpdateCache(189)) - created volume:volume91521 for user:user60415
2019-09-21 04:39:11,721 [Thread-284] INFO  rpc.RpcClient (RpcClient.java:createBucket(415)) - Creating Bucket: volume91521/bucket13267, with Versioning false and Storage Type set to DISK and Encryption set to false 
2019-09-21 04:39:11,783 [Thread-284] INFO  contract.AbstractFSContractTestBase (AbstractFSContractTestBase.java:setup(184)) - Test filesystem = o3fs://bucket13267.volume91521 implemented by OzoneFileSystem{URI=o3fs://bucket13267.volume91521, workingDir=o3fs://bucket13267.volume91521/user/jenkins1000, userName=jenkins1000, statistics=0 bytes read, 0 bytes written, 28 read ops, 0 large read ops, 10 write ops}
2019-09-21 04:39:11,786 [Thread-284] INFO  contract.AbstractFSContractTestBase (AbstractFSContractTestBase.java:describe(255)) - test the listLocatedStatus(path) on a file
2019-09-21 04:39:11,813 [grpc-default-executor-1] INFO  impl.RaftServerProxy (RaftServerProxy.java:addNew(89)) - 2c78ef93-8df4-44d4-b6a1-8f8ab8638bd5: addNew group-958DC993EA19:[2c78ef93-8df4-44d4-b6a1-8f8ab8638bd5:192.168.36.72:34392, 540b5430-d789-473d-b5c8-a0b50e424f93:192.168.36.72:44443, c967b5d6-addd-4373-9d03-98e6e3c98670:192.168.36.72:36997] returns group-958DC993EA19:java.util.concurrent.CompletableFuture@5bbc39a6[Not completed]
2019-09-21 04:39:11,813 [grpc-default-executor-5] INFO  impl.RaftServerProxy (RaftServerProxy.java:addNew(89)) - c967b5d6-addd-4373-9d03-98e6e3c98670: addNew group-958DC993EA19:[2c78ef93-8df4-44d4-b6a1-8f8ab8638bd5:192.168.36.72:34392, 540b5430-d789-473d-b5c8-a0b50e424f93:192.168.36.72:44443, c967b5d6-addd-4373-9d03-98e6e3c98670:192.168.36.72:36997] returns group-958DC993EA19:java.util.concurrent.CompletableFuture@b98c3bc[Not completed]
2019-09-21 04:39:11,814 [grpc-default-executor-4] INFO  impl.RaftServerProxy (RaftServerProxy.java:addNew(89)) - 540b5430-d789-473d-b5c8-a0b50e424f93: addNew group-958DC993EA19:[2c78ef93-8df4-44d4-b6a1-8f8ab8638bd5:192.168.36.72:34392, 540b5430-d789-473d-b5c8-a0b50e424f93:192.168.36.72:44443, c967b5d6-addd-4373-9d03-98e6e3c98670:192.168.36.72:36997] returns group-958DC993EA19:java.util.concurrent.CompletableFuture@1c35f6be[Not completed]
2019-09-21 04:39:11,815 [pool-67-thread-1] INFO  impl.RaftServerImpl (RaftServerImpl.java:<init>(95)) - 2c78ef93-8df4-44d4-b6a1-8f8ab8638bd5: new RaftServerImpl for group-958DC993EA19:[2c78ef93-8df4-44d4-b6a1-8f8ab8638bd5:192.168.36.72:34392, 540b5430-d789-473d-b5c8-a0b50e424f93:192.168.36.72:44443, c967b5d6-addd-4373-9d03-98e6e3c98670:192.168.36.72:36997] with ContainerStateMachine:uninitialized
2019-09-21 04:39:11,815 [pool-67-thread-1] INFO  server.RaftServerConfigKeys (ConfUtils.java:logGet(43)) - raft.server.rpc.timeout.min = 5s (custom)
2019-09-21 04:39:11,815 [pool-67-thread-1] INFO  server.RaftServerConfigKeys (ConfUtils.java:logGet(43)) - raft.server.rpc.timeout.max = 5200ms (custom)
2019-09-21 04:39:11,815 [pool-67-thread-1] INFO  server.RaftServerConfigKeys (ConfUtils.java:logGet(43)) - raft.server.rpcslowness.timeout = 120s (custom)
2019-09-21 04:39:11,816 [pool-67-thread-1] INFO  server.RaftServerConfigKeys (ConfUtils.java:logGet(43)) - raft.server.sleep.deviation.threshold = 300 (default)
2019-09-21 04:39:11,816 [pool-67-thread-1] INFO  server.RaftServerConfigKeys (ConfUtils.java:logGet(43)) - raft.server.log.appender.install.snapshot.enabled = false (custom)
2019-09-21 04:39:11,816 [pool-67-thread-1] INFO  impl.RaftServerImpl (ServerState.java:<init>(103)) - 2c78ef93-8df4-44d4-b6a1-8f8ab8638bd5@group-958DC993EA19: ConfigurationManager, init=-1: [2c78ef93-8df4-44d4-b6a1-8f8ab8638bd5:192.168.36.72:34392, 540b5430-d789-473d-b5c8-a0b50e424f93:192.168.36.72:44443, c967b5d6-addd-4373-9d03-98e6e3c98670:192.168.36.72:36997], old=null, confs=<EMPTY_MAP>
2019-09-21 04:39:11,816 [pool-37-thread-1] INFO  impl.RaftServerImpl (RaftServerImpl.java:<init>(95)) - c967b5d6-addd-4373-9d03-98e6e3c98670: new RaftServerImpl for group-958DC993EA19:[2c78ef93-8df4-44d4-b6a1-8f8ab8638bd5:192.168.36.72:34392, 540b5430-d789-473d-b5c8-a0b50e424f93:192.168.36.72:44443, c967b5d6-addd-4373-9d03-98e6e3c98670:192.168.36.72:36997] with ContainerStateMachine:uninitialized
2019-09-21 04:39:11,816 [pool-67-thread-1] INFO  server.RaftServerConfigKeys (ConfUtils.java:logGet(43)) - raft.server.storage.dir = [/workdir/hadoop-ozone/ozonefs/target/test-dir/MiniOzoneClusterImpl-9eda3440-c808-4542-bfb4-02ef632557ef/datanode-4/data/ratis] (custom)
2019-09-21 04:39:11,816 [pool-37-thread-1] INFO  server.RaftServerConfigKeys (ConfUtils.java:logGet(43)) - raft.server.rpc.timeout.min = 5s (custom)
2019-09-21 04:39:11,816 [pool-37-thread-1] INFO  server.RaftServerConfigKeys (ConfUtils.java:logGet(43)) - raft.server.rpc.timeout.max = 5200ms (custom)
2019-09-21 04:39:11,817 [pool-67-thread-1] INFO  storage.RaftStorageDirectory (RaftStorageDirectory.java:analyzeStorage(246)) - The storage directory /workdir/hadoop-ozone/ozonefs/target/test-dir/MiniOzoneClusterImpl-9eda3440-c808-4542-bfb4-02ef632557ef/datanode-4/data/ratis/8c495ee0-ed60-40cd-a85a-958dc993ea19 does not exist. Creating ...
2019-09-21 04:39:11,817 [pool-37-thread-1] INFO  server.RaftServerConfigKeys (ConfUtils.java:logGet(43)) - raft.server.rpcslowness.timeout = 120s (custom)
2019-09-21 04:39:11,817 [pool-37-thread-1] INFO  server.RaftServerConfigKeys (ConfUtils.java:logGet(43)) - raft.server.sleep.deviation.threshold = 300 (default)
2019-09-21 04:39:11,817 [pool-37-thread-1] INFO  server.RaftServerConfigKeys (ConfUtils.java:logGet(43)) - raft.server.log.appender.install.snapshot.enabled = false (custom)
2019-09-21 04:39:11,817 [pool-37-thread-1] INFO  impl.RaftServerImpl (ServerState.java:<init>(103)) - c967b5d6-addd-4373-9d03-98e6e3c98670@group-958DC993EA19: ConfigurationManager, init=-1: [2c78ef93-8df4-44d4-b6a1-8f8ab8638bd5:192.168.36.72:34392, 540b5430-d789-473d-b5c8-a0b50e424f93:192.168.36.72:44443, c967b5d6-addd-4373-9d03-98e6e3c98670:192.168.36.72:36997], old=null, confs=<EMPTY_MAP>
2019-09-21 04:39:11,817 [pool-37-thread-1] INFO  server.RaftServerConfigKeys (ConfUtils.java:logGet(43)) - raft.server.storage.dir = [/workdir/hadoop-ozone/ozonefs/target/test-dir/MiniOzoneClusterImpl-9eda3440-c808-4542-bfb4-02ef632557ef/datanode-1/data/ratis] (custom)
2019-09-21 04:39:11,818 [pool-37-thread-1] INFO  storage.RaftStorageDirectory (RaftStorageDirectory.java:analyzeStorage(246)) - The storage directory /workdir/hadoop-ozone/ozonefs/target/test-dir/MiniOzoneClusterImpl-9eda3440-c808-4542-bfb4-02ef632557ef/datanode-1/data/ratis/8c495ee0-ed60-40cd-a85a-958dc993ea19 does not exist. Creating ...
2019-09-21 04:39:14,098 [pool-67-thread-1] INFO  storage.RaftStorageDirectory (RaftStorageDirectory.java:tryLock(328)) - Lock on /workdir/hadoop-ozone/ozonefs/target/test-dir/MiniOzoneClusterImpl-9eda3440-c808-4542-bfb4-02ef632557ef/datanode-4/data/ratis/8c495ee0-ed60-40cd-a85a-958dc993ea19/in_use.lock acquired by nodename 20870@pr-hdds-2163-pdhxj-1463177635
2019-09-21 04:39:14,098 [pool-27-thread-1] INFO  storage.RaftStorage (RaftStorage.java:format(72)) - Storage directory /workdir/hadoop-ozone/ozonefs/target/test-dir/MiniOzoneClusterImpl-9eda3440-c808-4542-bfb4-02ef632557ef/datanode-0/data/ratis/7f1126cb-8d96-4f84-8a4f-aba1cb25fd18 has been successfully formatted.
2019-09-21 04:39:14,098 [pool-37-thread-1] INFO  storage.RaftStorageDirectory (RaftStorageDirectory.java:tryLock(328)) - Lock on /workdir/hadoop-ozone/ozonefs/target/test-dir/MiniOzoneClusterImpl-9eda3440-c808-4542-bfb4-02ef632557ef/datanode-1/data/ratis/8c495ee0-ed60-40cd-a85a-958dc993ea19/in_use.lock acquired by nodename 20870@pr-hdds-2163-pdhxj-1463177635
2019-09-21 04:39:14,099 [pool-27-thread-1] INFO  ratis.ContainerStateMachine (ContainerStateMachine.java:loadSnapshot(230)) - group-ABA1CB25FD18: The snapshot info is null. Setting the last applied indexto:(t:0, i:~)
2019-09-21 04:39:14,099 [pool-27-thread-1] INFO  server.RaftServerConfigKeys (ConfUtils.java:logGet(43)) - raft.server.notification.no-leader.timeout = 120s (custom)
2019-09-21 04:39:14,100 [pool-27-thread-1] INFO  server.RaftServerConfigKeys (ConfUtils.java:logGet(43)) - raft.server.log.use.memory = false (default)
2019-09-21 04:39:14,100 [pool-27-thread-1] INFO  server.RaftServerConfigKeys (ConfUtils.java:logGet(43)) - raft.server.log.purge.gap = 1000000 (custom)
2019-09-21 04:39:14,100 [pool-27-thread-1] INFO  server.RaftServerConfigKeys (ConfUtils.java:logGet(43)) - raft.server.log.appender.buffer.byte-limit = 33554432 (custom)
2019-09-21 04:39:14,100 [pool-27-thread-1] INFO  server.RaftServerConfigKeys (ConfUtils.java:logGet(43)) - raft.server.log.segment.size.max = 1048576 (custom)
2019-09-21 04:39:14,101 [pool-27-thread-1] INFO  server.RaftServerConfigKeys (ConfUtils.java:logGet(43)) - raft.server.log.segment.cache.num.max = 2 (custom)
2019-09-21 04:39:14,101 [pool-27-thread-1] INFO  segmented.SegmentedRaftLogWorker (SegmentedRaftLogWorker.java:<init>(172)) - new 540b5430-d789-473d-b5c8-a0b50e424f93@group-ABA1CB25FD18-SegmentedRaftLogWorker for RaftStorage:Storage Directory /workdir/hadoop-ozone/ozonefs/target/test-dir/MiniOzoneClusterImpl-9eda3440-c808-4542-bfb4-02ef632557ef/datanode-0/data/ratis/7f1126cb-8d96-4f84-8a4f-aba1cb25fd18
2019-09-21 04:39:14,101 [pool-27-thread-1] INFO  server.RaftServerConfigKeys (ConfUtils.java:logGet(43)) - raft.server.log.queue.byte-limit = 2147483647 (custom)
2019-09-21 04:39:14,101 [pool-27-thread-1] INFO  server.RaftServerConfigKeys (ConfUtils.java:logGet(43)) - raft.server.log.queue.element-limit = 1024 (custom)
2019-09-21 04:39:14,102 [pool-27-thread-1] INFO  server.RaftServerConfigKeys (ConfUtils.java:logGet(43)) - raft.server.log.segment.size.max = 1048576 (custom)
2019-09-21 04:39:14,102 [pool-27-thread-1] INFO  server.RaftServerConfigKeys (ConfUtils.java:logGet(43)) - raft.server.log.preallocated.size = 16384 (custom)
2019-09-21 04:39:14,102 [pool-27-thread-1] INFO  server.RaftServerConfigKeys (ConfUtils.java:logGet(43)) - raft.server.log.write.buffer.size = 33554432 (custom)
2019-09-21 04:39:14,102 [pool-27-thread-1] INFO  server.RaftServerConfigKeys (ConfUtils.java:logGet(43)) - raft.server.log.force.sync.num = 128 (default)
2019-09-21 04:39:14,102 [pool-27-thread-1] INFO  server.RaftServerConfigKeys (ConfUtils.java:logGet(43)) - raft.server.log.statemachine.data.sync = true (default)
2019-09-21 04:39:14,102 [pool-27-thread-1] INFO  server.RaftServerConfigKeys (ConfUtils.java:logGet(43)) - raft.server.log.statemachine.data.sync.timeout = 10s (default)
2019-09-21 04:39:14,103 [pool-27-thread-1] INFO  server.RaftServerConfigKeys (ConfUtils.java:logGet(43)) - raft.server.log.statemachine.data.sync.timeout.retry = -1 (default)
2019-09-21 04:39:14,103 [pool-27-thread-1] INFO  server.RaftServerConfigKeys (ConfUtils.java:logGet(43)) - raft.server.log.statemachine.data.caching.enabled = true (custom)
2019-09-21 04:39:14,103 [pool-27-thread-1] INFO  segmented.SegmentedRaftLogWorker (SegmentedRaftLogWorker.java:lambda$new$0(132)) - 540b5430-d789-473d-b5c8-a0b50e424f93@group-ABA1CB25FD18-SegmentedRaftLogWorker: flushIndex: setUnconditionally 0 -> -1
2019-09-21 04:39:14,104 [pool-27-thread-1] INFO  server.RaftServerConfigKeys (ConfUtils.java:logGet(43)) - raft.server.snapshot.auto.trigger.enabled = true (custom)
2019-09-21 04:39:14,104 [pool-27-thread-1] INFO  server.RaftServerConfigKeys (ConfUtils.java:logGet(43)) - raft.server.snapshot.auto.trigger.threshold = 10000 (custom)
2019-09-21 04:39:14,104 [pool-27-thread-1] INFO  server.RaftServerConfigKeys (ConfUtils.java:logGet(43)) - raft.server.snapshot.retention.num.files = 5 (custom)
2019-09-21 04:39:14,105 [pool-27-thread-1] INFO  server.RaftServerConfigKeys (ConfUtils.java:logGet(43)) - raft.server.retrycache.expirytime = 600000ms (custom)
2019-09-21 04:39:14,111 [pool-27-thread-1] INFO  impl.RaftServerImpl (RaftServerImpl.java:<init>(95)) - 540b5430-d789-473d-b5c8-a0b50e424f93: new RaftServerImpl for group-595DD7EB5693:[2c78ef93-8df4-44d4-b6a1-8f8ab8638bd5:192.168.36.72:34392, 540b5430-d789-473d-b5c8-a0b50e424f93:192.168.36.72:44443, c967b5d6-addd-4373-9d03-98e6e3c98670:192.168.36.72:36997] with ContainerStateMachine:uninitialized
2019-09-21 04:39:14,111 [pool-27-thread-1] INFO  server.RaftServerConfigKeys (ConfUtils.java:logGet(43)) - raft.server.rpc.timeout.min = 5s (custom)
2019-09-21 04:39:14,112 [pool-27-thread-1] INFO  server.RaftServerConfigKeys (ConfUtils.java:logGet(43)) - raft.server.rpc.timeout.max = 5200ms (custom)
2019-09-21 04:39:14,112 [pool-27-thread-1] INFO  server.RaftServerConfigKeys (ConfUtils.java:logGet(43)) - raft.server.rpcslowness.timeout = 120s (custom)
2019-09-21 04:39:14,112 [pool-27-thread-1] INFO  server.RaftServerConfigKeys (ConfUtils.java:logGet(43)) - raft.server.sleep.deviation.threshold = 300 (default)
2019-09-21 04:39:14,112 [pool-27-thread-1] INFO  server.RaftServerConfigKeys (ConfUtils.java:logGet(43)) - raft.server.log.appender.install.snapshot.enabled = false (custom)
2019-09-21 04:39:14,112 [pool-27-thread-1] INFO  impl.RaftServerImpl (ServerState.java:<init>(103)) - 540b5430-d789-473d-b5c8-a0b50e424f93@group-595DD7EB5693: ConfigurationManager, init=-1: [2c78ef93-8df4-44d4-b6a1-8f8ab8638bd5:192.168.36.72:34392, 540b5430-d789-473d-b5c8-a0b50e424f93:192.168.36.72:44443, c967b5d6-addd-4373-9d03-98e6e3c98670:192.168.36.72:36997], old=null, confs=<EMPTY_MAP>
2019-09-21 04:39:14,113 [pool-27-thread-1] INFO  server.RaftServerConfigKeys (ConfUtils.java:logGet(43)) - raft.server.storage.dir = [/workdir/hadoop-ozone/ozonefs/target/test-dir/MiniOzoneClusterImpl-9eda3440-c808-4542-bfb4-02ef632557ef/datanode-0/data/ratis] (custom)
2019-09-21 04:39:14,113 [pool-27-thread-1] INFO  storage.RaftStorageDirectory (RaftStorageDirectory.java:analyzeStorage(246)) - The storage directory /workdir/hadoop-ozone/ozonefs/target/test-dir/MiniOzoneClusterImpl-9eda3440-c808-4542-bfb4-02ef632557ef/datanode-0/data/ratis/3bd07118-f601-46f9-b1af-595dd7eb5693 does not exist. Creating ...
2019-09-21 04:39:14,298 [Thread-264] INFO  impl.FollowerState (FollowerState.java:run(106)) - c967b5d6-addd-4373-9d03-98e6e3c98670:group-2CB71955F3F3 changes to CANDIDATE, lastRpcTime:5012, electionTimeout:5009ms
2019-09-21 04:39:14,298 [Thread-264] INFO  impl.RoleInfo (RoleInfo.java:shutdownFollowerState(121)) - c967b5d6-addd-4373-9d03-98e6e3c98670: shutdown FollowerState
2019-09-21 04:39:14,298 [Thread-264] INFO  impl.RaftServerImpl (RaftServerImpl.java:setRole(174)) - c967b5d6-addd-4373-9d03-98e6e3c98670@group-2CB71955F3F3: changes role from  FOLLOWER to CANDIDATE at term 2 for changeToCandidate
2019-09-21 04:39:14,298 [Thread-264] INFO  impl.RoleInfo (RoleInfo.java:updateAndGet(143)) - c967b5d6-addd-4373-9d03-98e6e3c98670: start LeaderElection
2019-09-21 04:39:14,407 [Thread-265] INFO  impl.FollowerState (FollowerState.java:run(106)) - 540b5430-d789-473d-b5c8-a0b50e424f93:group-801831A7F373 changes to CANDIDATE, lastRpcTime:5111, electionTimeout:5111ms
2019-09-21 04:39:14,408 [Thread-265] INFO  impl.RoleInfo (RoleInfo.java:shutdownFollowerState(121)) - 540b5430-d789-473d-b5c8-a0b50e424f93: shutdown FollowerState
2019-09-21 04:39:14,408 [Thread-265] INFO  impl.RaftServerImpl (RaftServerImpl.java:setRole(174)) - 540b5430-d789-473d-b5c8-a0b50e424f93@group-801831A7F373: changes role from  FOLLOWER to CANDIDATE at term 0 for changeToCandidate
2019-09-21 04:39:14,409 [Thread-265] INFO  impl.RoleInfo (RoleInfo.java:updateAndGet(143)) - 540b5430-d789-473d-b5c8-a0b50e424f93: start LeaderElection
2019-09-21 04:39:14,456 [Thread-263] INFO  impl.FollowerState (FollowerState.java:run(106)) - 2c78ef93-8df4-44d4-b6a1-8f8ab8638bd5:group-2CB71955F3F3 changes to CANDIDATE, lastRpcTime:5170, electionTimeout:5169ms
2019-09-21 04:39:14,457 [Thread-263] INFO  impl.RoleInfo (RoleInfo.java:shutdownFollowerState(121)) - 2c78ef93-8df4-44d4-b6a1-8f8ab8638bd5: shutdown FollowerState
2019-09-21 04:39:14,457 [Thread-263] INFO  impl.RaftServerImpl (RaftServerImpl.java:setRole(174)) - 2c78ef93-8df4-44d4-b6a1-8f8ab8638bd5@group-2CB71955F3F3: changes role from  FOLLOWER to CANDIDATE at term 2 for changeToCandidate
2019-09-21 04:39:14,457 [Thread-263] INFO  impl.RoleInfo (RoleInfo.java:updateAndGet(143)) - 2c78ef93-8df4-44d4-b6a1-8f8ab8638bd5: start LeaderElection
2019-09-21 04:39:14,738 [pool-27-thread-1] INFO  storage.RaftStorageDirectory (RaftStorageDirectory.java:tryLock(328)) - Lock on /workdir/hadoop-ozone/ozonefs/target/test-dir/MiniOzoneClusterImpl-9eda3440-c808-4542-bfb4-02ef632557ef/datanode-0/data/ratis/3bd07118-f601-46f9-b1af-595dd7eb5693/in_use.lock acquired by nodename 20870@pr-hdds-2163-pdhxj-1463177635
2019-09-21 04:39:14,738 [pool-37-thread-1] INFO  storage.RaftStorage (RaftStorage.java:format(72)) - Storage directory /workdir/hadoop-ozone/ozonefs/target/test-dir/MiniOzoneClusterImpl-9eda3440-c808-4542-bfb4-02ef632557ef/datanode-1/data/ratis/8c495ee0-ed60-40cd-a85a-958dc993ea19 has been successfully formatted.
2019-09-21 04:39:14,738 [540b5430-d789-473d-b5c8-a0b50e424f93@group-801831A7F373:LeaderElection8] INFO  impl.LeaderElection (LeaderElection.java:askForVotes(182)) - 540b5430-d789-473d-b5c8-a0b50e424f93@group-801831A7F373:LeaderElection8: begin an election at term 1 for -1: [540b5430-d789-473d-b5c8-a0b50e424f93:192.168.36.72:44443], old=null
2019-09-21 04:39:14,738 [c967b5d6-addd-4373-9d03-98e6e3c98670@group-2CB71955F3F3:LeaderElection7] INFO  impl.LeaderElection (LeaderElection.java:askForVotes(182)) - c967b5d6-addd-4373-9d03-98e6e3c98670@group-2CB71955F3F3:LeaderElection7: begin an election at term 3 for -1: [2c78ef93-8df4-44d4-b6a1-8f8ab8638bd5:192.168.36.72:34392, 540b5430-d789-473d-b5c8-a0b50e424f93:192.168.36.72:44443, c967b5d6-addd-4373-9d03-98e6e3c98670:192.168.36.72:36997], old=null
2019-09-21 04:39:14,738 [pool-67-thread-1] INFO  storage.RaftStorage (RaftStorage.java:format(72)) - Storage directory /workdir/hadoop-ozone/ozonefs/target/test-dir/MiniOzoneClusterImpl-9eda3440-c808-4542-bfb4-02ef632557ef/datanode-4/data/ratis/8c495ee0-ed60-40cd-a85a-958dc993ea19 has been successfully formatted.
2019-09-21 04:39:14,739 [2c78ef93-8df4-44d4-b6a1-8f8ab8638bd5@group-2CB71955F3F3:LeaderElection9] INFO  impl.LeaderElection (LeaderElection.java:askForVotes(182)) - 2c78ef93-8df4-44d4-b6a1-8f8ab8638bd5@group-2CB71955F3F3:LeaderElection9: begin an election at term 3 for -1: [2c78ef93-8df4-44d4-b6a1-8f8ab8638bd5:192.168.36.72:34392, 540b5430-d789-473d-b5c8-a0b50e424f93:192.168.36.72:44443, c967b5d6-addd-4373-9d03-98e6e3c98670:192.168.36.72:36997], old=null
2019-09-21 04:39:14,739 [540b5430-d789-473d-b5c8-a0b50e424f93@group-801831A7F373:LeaderElection8] INFO  impl.RoleInfo (RoleInfo.java:shutdownLeaderElection(134)) - 540b5430-d789-473d-b5c8-a0b50e424f93: shutdown LeaderElection
2019-09-21 04:39:14,739 [pool-37-thread-1] INFO  ratis.ContainerStateMachine (ContainerStateMachine.java:loadSnapshot(230)) - group-958DC993EA19: The snapshot info is null. Setting the last applied indexto:(t:0, i:~)
2019-09-21 04:39:14,740 [540b5430-d789-473d-b5c8-a0b50e424f93@group-801831A7F373:LeaderElection8] INFO  impl.RaftServerImpl (RaftServerImpl.java:setRole(174)) - 540b5430-d789-473d-b5c8-a0b50e424f93@group-801831A7F373: changes role from CANDIDATE to LEADER at term 1 for changeToLeader
2019-09-21 04:39:14,739 [pool-67-thread-1] INFO  ratis.ContainerStateMachine (ContainerStateMachine.java:loadSnapshot(230)) - group-958DC993EA19: The snapshot info is null. Setting the last applied indexto:(t:0, i:~)
2019-09-21 04:39:14,740 [540b5430-d789-473d-b5c8-a0b50e424f93@group-801831A7F373:LeaderElection8] INFO  impl.RaftServerImpl (ServerState.java:setLeader(253)) - 540b5430-d789-473d-b5c8-a0b50e424f93@group-801831A7F373: change Leader from null to 540b5430-d789-473d-b5c8-a0b50e424f93 at term 1 for becomeLeader, leader elected after 17348ms
2019-09-21 04:39:14,740 [pool-37-thread-1] INFO  server.RaftServerConfigKeys (ConfUtils.java:logGet(43)) - raft.server.notification.no-leader.timeout = 120s (custom)
2019-09-21 04:39:14,740 [pool-67-thread-1] INFO  server.RaftServerConfigKeys (ConfUtils.java:logGet(43)) - raft.server.notification.no-leader.timeout = 120s (custom)
2019-09-21 04:39:14,741 [pool-37-thread-1] INFO  server.RaftServerConfigKeys (ConfUtils.java:logGet(43)) - raft.server.log.use.memory = false (default)
2019-09-21 04:39:14,741 [pool-67-thread-1] INFO  server.RaftServerConfigKeys (ConfUtils.java:logGet(43)) - raft.server.log.use.memory = false (default)
2019-09-21 04:39:14,741 [pool-37-thread-1] INFO  server.RaftServerConfigKeys (ConfUtils.java:logGet(43)) - raft.server.log.purge.gap = 1000000 (custom)
2019-09-21 04:39:14,741 [pool-67-thread-1] INFO  server.RaftServerConfigKeys (ConfUtils.java:logGet(43)) - raft.server.log.purge.gap = 1000000 (custom)
2019-09-21 04:39:14,741 [pool-37-thread-1] INFO  server.RaftServerConfigKeys (ConfUtils.java:logGet(43)) - raft.server.log.appender.buffer.byte-limit = 33554432 (custom)
2019-09-21 04:39:14,742 [pool-67-thread-1] INFO  server.RaftServerConfigKeys (ConfUtils.java:logGet(43)) - raft.server.log.appender.buffer.byte-limit = 33554432 (custom)
2019-09-21 04:39:14,742 [pool-37-thread-1] INFO  server.RaftServerConfigKeys (ConfUtils.java:logGet(43)) - raft.server.log.segment.size.max = 1048576 (custom)
2019-09-21 04:39:14,742 [pool-67-thread-1] INFO  server.RaftServerConfigKeys (ConfUtils.java:logGet(43)) - raft.server.log.segment.size.max = 1048576 (custom)
2019-09-21 04:39:14,742 [pool-37-thread-1] INFO  server.RaftServerConfigKeys (ConfUtils.java:logGet(43)) - raft.server.log.segment.cache.num.max = 2 (custom)
2019-09-21 04:39:14,742 [pool-67-thread-1] INFO  server.RaftServerConfigKeys (ConfUtils.java:logGet(43)) - raft.server.log.segment.cache.num.max = 2 (custom)
2019-09-21 04:39:14,743 [pool-37-thread-1] INFO  segmented.SegmentedRaftLogWorker (SegmentedRaftLogWorker.java:<init>(172)) - new c967b5d6-addd-4373-9d03-98e6e3c98670@group-958DC993EA19-SegmentedRaftLogWorker for RaftStorage:Storage Directory /workdir/hadoop-ozone/ozonefs/target/test-dir/MiniOzoneClusterImpl-9eda3440-c808-4542-bfb4-02ef632557ef/datanode-1/data/ratis/8c495ee0-ed60-40cd-a85a-958dc993ea19
2019-09-21 04:39:14,743 [pool-67-thread-1] INFO  segmented.SegmentedRaftLogWorker (SegmentedRaftLogWorker.java:<init>(172)) - new 2c78ef93-8df4-44d4-b6a1-8f8ab8638bd5@group-958DC993EA19-SegmentedRaftLogWorker for RaftStorage:Storage Directory /workdir/hadoop-ozone/ozonefs/target/test-dir/MiniOzoneClusterImpl-9eda3440-c808-4542-bfb4-02ef632557ef/datanode-4/data/ratis/8c495ee0-ed60-40cd-a85a-958dc993ea19
2019-09-21 04:39:14,743 [pool-37-thread-1] INFO  server.RaftServerConfigKeys (ConfUtils.java:logGet(43)) - raft.server.log.queue.byte-limit = 2147483647 (custom)
2019-09-21 04:39:14,743 [pool-67-thread-1] INFO  server.RaftServerConfigKeys (ConfUtils.java:logGet(43)) - raft.server.log.queue.byte-limit = 2147483647 (custom)
2019-09-21 04:39:14,743 [pool-37-thread-1] INFO  server.RaftServerConfigKeys (ConfUtils.java:logGet(43)) - raft.server.log.queue.element-limit = 1024 (custom)
2019-09-21 04:39:14,744 [pool-67-thread-1] INFO  server.RaftServerConfigKeys (ConfUtils.java:logGet(43)) - raft.server.log.queue.element-limit = 1024 (custom)
2019-09-21 04:39:14,744 [pool-37-thread-1] INFO  server.RaftServerConfigKeys (ConfUtils.java:logGet(43)) - raft.server.log.segment.size.max = 1048576 (custom)
2019-09-21 04:39:14,744 [pool-67-thread-1] INFO  server.RaftServerConfigKeys (ConfUtils.java:logGet(43)) - raft.server.log.segment.size.max = 1048576 (custom)
2019-09-21 04:39:14,747 [pool-37-thread-1] INFO  server.RaftServerConfigKeys (ConfUtils.java:logGet(43)) - raft.server.log.preallocated.size = 16384 (custom)
2019-09-21 04:39:14,750 [pool-67-thread-1] INFO  server.RaftServerConfigKeys (ConfUtils.java:logGet(43)) - raft.server.log.preallocated.size = 16384 (custom)
2019-09-21 04:39:14,752 [pool-37-thread-1] INFO  server.RaftServerConfigKeys (ConfUtils.java:logGet(43)) - raft.server.log.write.buffer.size = 33554432 (custom)
2019-09-21 04:39:14,752 [pool-67-thread-1] INFO  server.RaftServerConfigKeys (ConfUtils.java:logGet(43)) - raft.server.log.write.buffer.size = 33554432 (custom)
2019-09-21 04:39:14,752 [pool-37-thread-1] INFO  server.RaftServerConfigKeys (ConfUtils.java:logGet(43)) - raft.server.log.force.sync.num = 128 (default)
2019-09-21 04:39:14,754 [pool-67-thread-1] INFO  server.RaftServerConfigKeys (ConfUtils.java:logGet(43)) - raft.server.log.force.sync.num = 128 (default)
2019-09-21 04:39:14,754 [grpc-default-executor-5] INFO  impl.RaftServerImpl (RaftServerImpl.java:setRole(174)) - 540b5430-d789-473d-b5c8-a0b50e424f93@group-2CB71955F3F3: changes role from  FOLLOWER to FOLLOWER at term 3 for recognizeCandidate:c967b5d6-addd-4373-9d03-98e6e3c98670
2019-09-21 04:39:14,755 [pool-67-thread-1] INFO  server.RaftServerConfigKeys (ConfUtils.java:logGet(43)) - raft.server.log.statemachine.data.sync = true (default)
2019-09-21 04:39:14,755 [pool-37-thread-1] INFO  server.RaftServerConfigKeys (ConfUtils.java:logGet(43)) - raft.server.log.statemachine.data.sync = true (default)
2019-09-21 04:39:14,755 [pool-67-thread-1] INFO  server.RaftServerConfigKeys (ConfUtils.java:logGet(43)) - raft.server.log.statemachine.data.sync.timeout = 10s (default)
2019-09-21 04:39:14,755 [grpc-default-executor-5] INFO  impl.RoleInfo (RoleInfo.java:shutdownFollowerState(121)) - 540b5430-d789-473d-b5c8-a0b50e424f93: shutdown FollowerState
2019-09-21 04:39:14,759 [pool-67-thread-1] INFO  server.RaftServerConfigKeys (ConfUtils.java:logGet(43)) - raft.server.log.statemachine.data.sync.timeout.retry = -1 (default)
2019-09-21 04:39:14,758 [pool-37-thread-1] INFO  server.RaftServerConfigKeys (ConfUtils.java:logGet(43)) - raft.server.log.statemachine.data.sync.timeout = 10s (default)
2019-09-21 04:39:14,759 [pool-67-thread-1] INFO  server.RaftServerConfigKeys (ConfUtils.java:logGet(43)) - raft.server.log.statemachine.data.caching.enabled = true (custom)
2019-09-21 04:39:14,759 [Thread-275] INFO  impl.FollowerState (FollowerState.java:run(115)) - 540b5430-d789-473d-b5c8-a0b50e424f93: FollowerState was interrupted: java.lang.InterruptedException: sleep interrupted
2019-09-21 04:39:14,759 [grpc-default-executor-5] INFO  impl.RoleInfo (RoleInfo.java:updateAndGet(143)) - 540b5430-d789-473d-b5c8-a0b50e424f93: start FollowerState
2019-09-21 04:39:14,760 [pool-67-thread-1] INFO  segmented.SegmentedRaftLogWorker (SegmentedRaftLogWorker.java:lambda$new$0(132)) - 2c78ef93-8df4-44d4-b6a1-8f8ab8638bd5@group-958DC993EA19-SegmentedRaftLogWorker: flushIndex: setUnconditionally 0 -> -1
2019-09-21 04:39:14,759 [pool-37-thread-1] INFO  server.RaftServerConfigKeys (ConfUtils.java:logGet(43)) - raft.server.log.statemachine.data.sync.timeout.retry = -1 (default)
2019-09-21 04:39:14,763 [pool-67-thread-1] INFO  server.RaftServerConfigKeys (ConfUtils.java:logGet(43)) - raft.server.snapshot.auto.trigger.enabled = true (custom)
2019-09-21 04:39:14,763 [pool-37-thread-1] INFO  server.RaftServerConfigKeys (ConfUtils.java:logGet(43)) - raft.server.log.statemachine.data.caching.enabled = true (custom)
2019-09-21 04:39:14,763 [pool-67-thread-1] INFO  server.RaftServerConfigKeys (ConfUtils.java:logGet(43)) - raft.server.snapshot.auto.trigger.threshold = 10000 (custom)
2019-09-21 04:39:14,763 [pool-67-thread-1] INFO  server.RaftServerConfigKeys (ConfUtils.java:logGet(43)) - raft.server.snapshot.retention.num.files = 5 (custom)
2019-09-21 04:39:14,763 [pool-37-thread-1] INFO  segmented.SegmentedRaftLogWorker (SegmentedRaftLogWorker.java:lambda$new$0(132)) - c967b5d6-addd-4373-9d03-98e6e3c98670@group-958DC993EA19-SegmentedRaftLogWorker: flushIndex: setUnconditionally 0 -> -1
2019-09-21 04:39:14,765 [540b5430-d789-473d-b5c8-a0b50e424f93@group-801831A7F373:LeaderElection8] INFO  server.RaftServerConfigKeys (ConfUtils.java:logGet(43)) - raft.server.staging.catchup.gap = 1000 (default)
2019-09-21 04:39:14,763 [pool-67-thread-1] INFO  server.RaftServerConfigKeys (ConfUtils.java:logGet(43)) - raft.server.retrycache.expirytime = 600000ms (custom)
2019-09-21 04:39:14,766 [pool-37-thread-1] INFO  server.RaftServerConfigKeys (ConfUtils.java:logGet(43)) - raft.server.snapshot.auto.trigger.enabled = true (custom)
2019-09-21 04:39:14,766 [540b5430-d789-473d-b5c8-a0b50e424f93@group-801831A7F373:LeaderElection8] INFO  server.RaftServerConfigKeys (ConfUtils.java:logGet(43)) - raft.server.rpc.sleep.time = 25ms (default)
2019-09-21 04:39:14,766 [pool-37-thread-1] INFO  server.RaftServerConfigKeys (ConfUtils.java:logGet(43)) - raft.server.snapshot.auto.trigger.threshold = 10000 (custom)
2019-09-21 04:39:14,766 [pool-37-thread-1] INFO  server.RaftServerConfigKeys (ConfUtils.java:logGet(43)) - raft.server.snapshot.retention.num.files = 5 (custom)
2019-09-21 04:39:14,767 [pool-37-thread-1] INFO  server.RaftServerConfigKeys (ConfUtils.java:logGet(43)) - raft.server.retrycache.expirytime = 600000ms (custom)
2019-09-21 04:39:14,770 [pool-67-thread-1] INFO  impl.RaftServerImpl (RaftServerImpl.java:start(185)) - 2c78ef93-8df4-44d4-b6a1-8f8ab8638bd5@group-958DC993EA19: start as a follower, conf=-1: [2c78ef93-8df4-44d4-b6a1-8f8ab8638bd5:192.168.36.72:34392, 540b5430-d789-473d-b5c8-a0b50e424f93:192.168.36.72:44443, c967b5d6-addd-4373-9d03-98e6e3c98670:192.168.36.72:36997], old=null
2019-09-21 04:39:14,770 [pool-67-thread-1] INFO  impl.RaftServerImpl (RaftServerImpl.java:setRole(174)) - 2c78ef93-8df4-44d4-b6a1-8f8ab8638bd5@group-958DC993EA19: changes role from      null to FOLLOWER at term 0 for startAsFollower
2019-09-21 04:39:14,771 [pool-37-thread-1] INFO  impl.RaftServerImpl (RaftServerImpl.java:start(185)) - c967b5d6-addd-4373-9d03-98e6e3c98670@group-958DC993EA19: start as a follower, conf=-1: [2c78ef93-8df4-44d4-b6a1-8f8ab8638bd5:192.168.36.72:34392, 540b5430-d789-473d-b5c8-a0b50e424f93:192.168.36.72:44443, c967b5d6-addd-4373-9d03-98e6e3c98670:192.168.36.72:36997], old=null
2019-09-21 04:39:14,771 [540b5430-d789-473d-b5c8-a0b50e424f93@group-801831A7F373:LeaderElection8] INFO  server.RaftServerConfigKeys (ConfUtils.java:logGet(43)) - raft.server.write.element-limit = 4096 (default)
2019-09-21 04:39:14,771 [pool-67-thread-1] INFO  impl.RoleInfo (RoleInfo.java:updateAndGet(143)) - 2c78ef93-8df4-44d4-b6a1-8f8ab8638bd5: start FollowerState
2019-09-21 04:39:14,771 [pool-37-thread-1] INFO  impl.RaftServerImpl (RaftServerImpl.java:setRole(174)) - c967b5d6-addd-4373-9d03-98e6e3c98670@group-958DC993EA19: changes role from      null to FOLLOWER at term 0 for startAsFollower
2019-09-21 04:39:14,771 [pool-37-thread-1] INFO  impl.RoleInfo (RoleInfo.java:updateAndGet(143)) - c967b5d6-addd-4373-9d03-98e6e3c98670: start FollowerState
2019-09-21 04:39:14,771 [pool-67-thread-1] INFO  util.JmxRegister (JmxRegister.java:tryRegister(44)) - Successfully registered JMX Bean with object name Ratis:service=RaftServer,group=group-958DC993EA19,id=2c78ef93-8df4-44d4-b6a1-8f8ab8638bd5
2019-09-21 04:39:14,772 [pool-37-thread-1] INFO  util.JmxRegister (JmxRegister.java:tryRegister(44)) - Successfully registered JMX Bean with object name Ratis:service=RaftServer,group=group-958DC993EA19,id=c967b5d6-addd-4373-9d03-98e6e3c98670
2019-09-21 04:39:14,787 [540b5430-d789-473d-b5c8-a0b50e424f93@group-801831A7F373:LeaderElection8] INFO  server.RaftServerConfigKeys (ConfUtils.java:logGet(43)) - raft.server.watch.timeout = 10s (default)
2019-09-21 04:39:14,787 [540b5430-d789-473d-b5c8-a0b50e424f93@group-801831A7F373:LeaderElection8] INFO  server.RaftServerConfigKeys (ConfUtils.java:logGet(43)) - raft.server.watch.timeout.denomination = 1s (default)
2019-09-21 04:39:14,789 [540b5430-d789-473d-b5c8-a0b50e424f93@group-801831A7F373:LeaderElection8] INFO  server.RaftServerConfigKeys (ConfUtils.java:logGet(43)) - raft.server.watch.element-limit = 65536 (default)
2019-09-21 04:39:14,797 [RATISCREATEPIPELINE2] ERROR pipeline.RatisPipelineProvider (RatisPipelineProvider.java:lambda$null$5(235)) - Failed invoke Ratis rpc org.apache.hadoop.hdds.scm.pipeline.RatisPipelineProvider$$Lambda$200/505994749@6c54490a for 540b5430-d789-473d-b5c8-a0b50e424f93
org.apache.ratis.protocol.TimeoutIOException: deadline exceeded after 2999695560ns
	at org.apache.ratis.grpc.GrpcUtil.tryUnwrapException(GrpcUtil.java:82)
	at org.apache.ratis.grpc.GrpcUtil.unwrapException(GrpcUtil.java:75)
	at org.apache.ratis.grpc.client.GrpcClientProtocolClient.blockingCall(GrpcClientProtocolClient.java:178)
	at org.apache.ratis.grpc.client.GrpcClientProtocolClient.groupAdd(GrpcClientProtocolClient.java:147)
	at org.apache.ratis.grpc.client.GrpcClientRpc.sendRequest(GrpcClientRpc.java:94)
	at org.apache.ratis.client.impl.RaftClientImpl.sendRequest(RaftClientImpl.java:278)
	at org.apache.ratis.client.impl.RaftClientImpl.groupAdd(RaftClientImpl.java:205)
	at org.apache.hadoop.hdds.scm.pipeline.RatisPipelineProvider.lambda$initializePipeline$4(RatisPipelineProvider.java:196)
	at org.apache.hadoop.hdds.scm.pipeline.RatisPipelineProvider.lambda$null$5(RatisPipelineProvider.java:231)
	at java.util.stream.ForEachOps$ForEachOp$OfRef.accept(ForEachOps.java:184)
	at java.util.ArrayList$ArrayListSpliterator.forEachRemaining(ArrayList.java:1382)
	at java.util.stream.AbstractPipeline.copyInto(AbstractPipeline.java:482)
	at java.util.stream.ForEachOps$ForEachTask.compute(ForEachOps.java:291)
	at java.util.concurrent.CountedCompleter.exec(CountedCompleter.java:731)
	at java.util.concurrent.ForkJoinTask.doExec(ForkJoinTask.java:289)
	at java.util.concurrent.ForkJoinPool$WorkQueue.runTask(ForkJoinPool.java:1056)
	at java.util.concurrent.ForkJoinPool.runWorker(ForkJoinPool.java:1692)
	at java.util.concurrent.ForkJoinWorkerThread.run(ForkJoinWorkerThread.java:157)
Caused by: org.apache.ratis.thirdparty.io.grpc.StatusRuntimeException: DEADLINE_EXCEEDED: deadline exceeded after 2999695560ns
	at org.apache.ratis.thirdparty.io.grpc.stub.ClientCalls.toStatusRuntimeException(ClientCalls.java:233)
	at org.apache.ratis.thirdparty.io.grpc.stub.ClientCalls.getUnchecked(ClientCalls.java:214)
	at org.apache.ratis.thirdparty.io.grpc.stub.ClientCalls.blockingUnaryCall(ClientCalls.java:139)
	at org.apache.ratis.proto.grpc.AdminProtocolServiceGrpc$AdminProtocolServiceBlockingStub.groupManagement(AdminProtocolServiceGrpc.java:274)
	at org.apache.ratis.grpc.client.GrpcClientProtocolClient.lambda$groupAdd$3(GrpcClientProtocolClient.java:149)
	at org.apache.ratis.grpc.client.GrpcClientProtocolClient.blockingCall(GrpcClientProtocolClient.java:176)
	... 15 more
2019-09-21 04:39:14,800 [IPC Server handler 8 on 43805] WARN  block.BlockManagerImpl (BlockManagerImpl.java:allocateBlock(192)) - Pipeline creation failed for type:RATIS factor:THREE. Retrying get pipelines call once.
java.io.IOException: Failed invoke Ratis rpc org.apache.hadoop.hdds.scm.pipeline.RatisPipelineProvider$$Lambda$200/505994749@6c54490a for 540b5430-d789-473d-b5c8-a0b50e424f93
	at org.apache.hadoop.hdds.scm.pipeline.RatisPipelineProvider.lambda$null$5(RatisPipelineProvider.java:236)
	at java.util.stream.ForEachOps$ForEachOp$OfRef.accept(ForEachOps.java:184)
	at java.util.ArrayList$ArrayListSpliterator.forEachRemaining(ArrayList.java:1382)
	at java.util.stream.AbstractPipeline.copyInto(AbstractPipeline.java:482)
	at java.util.stream.ForEachOps$ForEachTask.compute(ForEachOps.java:291)
	at java.util.concurrent.CountedCompleter.exec(CountedCompleter.java:731)
	at java.util.concurrent.ForkJoinTask.doExec(ForkJoinTask.java:289)
	at java.util.concurrent.ForkJoinPool$WorkQueue.runTask(ForkJoinPool.java:1056)
	at java.util.concurrent.ForkJoinPool.runWorker(ForkJoinPool.java:1692)
	at java.util.concurrent.ForkJoinWorkerThread.run(ForkJoinWorkerThread.java:157)
Caused by: org.apache.ratis.protocol.TimeoutIOException: deadline exceeded after 2999695560ns
	at org.apache.ratis.grpc.GrpcUtil.tryUnwrapException(GrpcUtil.java:82)
	at org.apache.ratis.grpc.GrpcUtil.unwrapException(GrpcUtil.java:75)
	at org.apache.ratis.grpc.client.GrpcClientProtocolClient.blockingCall(GrpcClientProtocolClient.java:178)
	at org.apache.ratis.grpc.client.GrpcClientProtocolClient.groupAdd(GrpcClientProtocolClient.java:147)
	at org.apache.ratis.grpc.client.GrpcClientRpc.sendRequest(GrpcClientRpc.java:94)
	at org.apache.ratis.client.impl.RaftClientImpl.sendRequest(RaftClientImpl.java:278)
	at org.apache.ratis.client.impl.RaftClientImpl.groupAdd(RaftClientImpl.java:205)
	at org.apache.hadoop.hdds.scm.pipeline.RatisPipelineProvider.lambda$initializePipeline$4(RatisPipelineProvider.java:196)
	at org.apache.hadoop.hdds.scm.pipeline.RatisPipelineProvider.lambda$null$5(RatisPipelineProvider.java:231)
	... 9 more
Caused by: org.apache.ratis.thirdparty.io.grpc.StatusRuntimeException: DEADLINE_EXCEEDED: deadline exceeded after 2999695560ns
	at org.apache.ratis.thirdparty.io.grpc.stub.ClientCalls.toStatusRuntimeException(ClientCalls.java:233)
	at org.apache.ratis.thirdparty.io.grpc.stub.ClientCalls.getUnchecked(ClientCalls.java:214)
	at org.apache.ratis.thirdparty.io.grpc.stub.ClientCalls.blockingUnaryCall(ClientCalls.java:139)
	at org.apache.ratis.proto.grpc.AdminProtocolServiceGrpc$AdminProtocolServiceBlockingStub.groupManagement(AdminProtocolServiceGrpc.java:274)
	at org.apache.ratis.grpc.client.GrpcClientProtocolClient.lambda$groupAdd$3(GrpcClientProtocolClient.java:149)
	at org.apache.ratis.grpc.client.GrpcClientProtocolClient.blockingCall(GrpcClientProtocolClient.java:176)
	... 15 more
2019-09-21 04:39:14,803 [IPC Server handler 8 on 43805] INFO  block.BlockManagerImpl (BlockManagerImpl.java:allocateBlock(198)) - Could not find available pipeline of type:RATIS and factor:THREE even after retrying
2019-09-21 04:39:14,803 [IPC Server handler 8 on 43805] ERROR block.BlockManagerImpl (BlockManagerImpl.java:allocateBlock(222)) - Unable to allocate a block for the size: 4194304, type: RATIS, factor: THREE
2019-09-21 04:39:14,806 [Thread-284] INFO  contract.ITestOzoneContractGetFileStatus (ITestOzoneContractGetFileStatus.java:teardown(57)) - FS details OzoneFileSystem{URI=o3fs://bucket13267.volume91521, workingDir=o3fs://bucket13267.volume91521/user/jenkins1000, userName=jenkins1000, statistics=0 bytes read, 0 bytes written, 28 read ops, 0 large read ops, 11 write ops}
2019-09-21 04:39:14,810 [540b5430-d789-473d-b5c8-a0b50e424f93@group-801831A7F373:LeaderElection8] INFO  impl.RoleInfo (RoleInfo.java:updateAndGet(143)) - 540b5430-d789-473d-b5c8-a0b50e424f93: start LeaderState
]]></system-out>
  </testcase>
  <testcase name="testGetFileStatusRoot" classname="org.apache.hadoop.fs.ozone.contract.ITestOzoneContractGetFileStatus" time="0.125"/>
  <testcase name="testListStatusFiltering" classname="org.apache.hadoop.fs.ozone.contract.ITestOzoneContractGetFileStatus" time="3.169">
    <error message="Allocated 0 blocks. Requested 1 blocks" type="INTERNAL_ERROR org.apache.hadoop.ozone.om.exceptions.OMException">INTERNAL_ERROR org.apache.hadoop.ozone.om.exceptions.OMException: Allocated 0 blocks. Requested 1 blocks
	at org.apache.hadoop.ozone.om.protocolPB.OzoneManagerProtocolClientSideTranslatorPB.handleError(OzoneManagerProtocolClientSideTranslatorPB.java:732)
	at org.apache.hadoop.ozone.om.protocolPB.OzoneManagerProtocolClientSideTranslatorPB.createFile(OzoneManagerProtocolClientSideTranslatorPB.java:1536)
	at sun.reflect.NativeMethodAccessorImpl.invoke0(Native Method)
	at sun.reflect.NativeMethodAccessorImpl.invoke(NativeMethodAccessorImpl.java:62)
	at sun.reflect.DelegatingMethodAccessorImpl.invoke(DelegatingMethodAccessorImpl.java:43)
	at java.lang.reflect.Method.invoke(Method.java:498)
	at org.apache.hadoop.hdds.tracing.TraceAllMethod.invoke(TraceAllMethod.java:66)
	at com.sun.proxy.$Proxy41.createFile(Unknown Source)
	at org.apache.hadoop.ozone.client.rpc.RpcClient.createFile(RpcClient.java:1006)
	at org.apache.hadoop.ozone.client.OzoneBucket.createFile(OzoneBucket.java:537)
	at org.apache.hadoop.fs.ozone.BasicOzoneClientAdapterImpl.createFile(BasicOzoneClientAdapterImpl.java:205)
	at org.apache.hadoop.fs.ozone.BasicOzoneFileSystem.createOutputStream(BasicOzoneFileSystem.java:250)
	at org.apache.hadoop.fs.ozone.BasicOzoneFileSystem.create(BasicOzoneFileSystem.java:231)
	at org.apache.hadoop.fs.FileSystem.create(FileSystem.java:1118)
	at org.apache.hadoop.fs.FileSystem.create(FileSystem.java:1098)
	at org.apache.hadoop.fs.FileSystem.create(FileSystem.java:987)
	at org.apache.hadoop.fs.contract.ContractTestUtils.createFile(ContractTestUtils.java:633)
	at org.apache.hadoop.fs.contract.ContractTestUtils.touch(ContractTestUtils.java:669)
	at org.apache.hadoop.fs.contract.AbstractContractGetFileStatusTest.touchf(AbstractContractGetFileStatusTest.java:382)
	at org.apache.hadoop.fs.contract.AbstractContractGetFileStatusTest.testListStatusFiltering(AbstractContractGetFileStatusTest.java:445)
	at sun.reflect.NativeMethodAccessorImpl.invoke0(Native Method)
	at sun.reflect.NativeMethodAccessorImpl.invoke(NativeMethodAccessorImpl.java:62)
	at sun.reflect.DelegatingMethodAccessorImpl.invoke(DelegatingMethodAccessorImpl.java:43)
	at java.lang.reflect.Method.invoke(Method.java:498)
	at org.junit.runners.model.FrameworkMethod$1.runReflectiveCall(FrameworkMethod.java:47)
	at org.junit.internal.runners.model.ReflectiveCallable.run(ReflectiveCallable.java:12)
	at org.junit.runners.model.FrameworkMethod.invokeExplosively(FrameworkMethod.java:44)
	at org.junit.internal.runners.statements.InvokeMethod.evaluate(InvokeMethod.java:17)
	at org.junit.internal.runners.statements.RunBefores.evaluate(RunBefores.java:26)
	at org.junit.internal.runners.statements.RunAfters.evaluate(RunAfters.java:27)
	at org.junit.rules.TestWatcher$1.evaluate(TestWatcher.java:55)
	at org.junit.internal.runners.statements.FailOnTimeout$StatementThread.run(FailOnTimeout.java:74)
</error>
    <system-out><![CDATA[2019-09-21 04:39:14,977 [Thread-304] INFO  rpc.RpcClient (RpcClient.java:createVolume(276)) - Creating Volume: volume85564, with user73084 as owner.
2019-09-21 04:39:14,980 [IPC Server handler 2 on 45116] INFO  volume.OMVolumeCreateRequest (OMVolumeCreateRequest.java:validateAndUpdateCache(189)) - created volume:volume85564 for user:user73084
2019-09-21 04:39:14,982 [Thread-304] INFO  rpc.RpcClient (RpcClient.java:createBucket(415)) - Creating Bucket: volume85564/bucket60073, with Versioning false and Storage Type set to DISK and Encryption set to false 
2019-09-21 04:39:14,990 [Thread-270] INFO  impl.FollowerState (FollowerState.java:run(106)) - c967b5d6-addd-4373-9d03-98e6e3c98670:group-ABA1CB25FD18 changes to CANDIDATE, lastRpcTime:5052, electionTimeout:5052ms
2019-09-21 04:39:14,990 [Thread-270] INFO  impl.RoleInfo (RoleInfo.java:shutdownFollowerState(121)) - c967b5d6-addd-4373-9d03-98e6e3c98670: shutdown FollowerState
2019-09-21 04:39:14,990 [Thread-270] INFO  impl.RaftServerImpl (RaftServerImpl.java:setRole(174)) - c967b5d6-addd-4373-9d03-98e6e3c98670@group-ABA1CB25FD18: changes role from  FOLLOWER to CANDIDATE at term 0 for changeToCandidate
2019-09-21 04:39:14,991 [Thread-270] INFO  impl.RoleInfo (RoleInfo.java:updateAndGet(143)) - c967b5d6-addd-4373-9d03-98e6e3c98670: start LeaderElection
2019-09-21 04:39:15,028 [Thread-274] INFO  impl.FollowerState (FollowerState.java:run(106)) - 2c78ef93-8df4-44d4-b6a1-8f8ab8638bd5:group-ABA1CB25FD18 changes to CANDIDATE, lastRpcTime:5082, electionTimeout:5078ms
2019-09-21 04:39:15,029 [Thread-274] INFO  impl.RoleInfo (RoleInfo.java:shutdownFollowerState(121)) - 2c78ef93-8df4-44d4-b6a1-8f8ab8638bd5: shutdown FollowerState
2019-09-21 04:39:15,029 [Thread-274] INFO  impl.RaftServerImpl (RaftServerImpl.java:setRole(174)) - 2c78ef93-8df4-44d4-b6a1-8f8ab8638bd5@group-ABA1CB25FD18: changes role from  FOLLOWER to CANDIDATE at term 0 for changeToCandidate
2019-09-21 04:39:15,029 [Thread-274] INFO  impl.RoleInfo (RoleInfo.java:updateAndGet(143)) - 2c78ef93-8df4-44d4-b6a1-8f8ab8638bd5: start LeaderElection
2019-09-21 04:39:15,037 [Thread-281] INFO  impl.FollowerState (FollowerState.java:run(106)) - 2c78ef93-8df4-44d4-b6a1-8f8ab8638bd5:group-865E2A899AAB changes to CANDIDATE, lastRpcTime:5064, electionTimeout:5061ms
2019-09-21 04:39:15,041 [Thread-281] INFO  impl.RoleInfo (RoleInfo.java:shutdownFollowerState(121)) - 2c78ef93-8df4-44d4-b6a1-8f8ab8638bd5: shutdown FollowerState
2019-09-21 04:39:15,041 [Thread-281] INFO  impl.RaftServerImpl (RaftServerImpl.java:setRole(174)) - 2c78ef93-8df4-44d4-b6a1-8f8ab8638bd5@group-865E2A899AAB: changes role from  FOLLOWER to CANDIDATE at term 1 for changeToCandidate
2019-09-21 04:39:15,041 [Thread-281] INFO  impl.RoleInfo (RoleInfo.java:updateAndGet(143)) - 2c78ef93-8df4-44d4-b6a1-8f8ab8638bd5: start LeaderElection
2019-09-21 04:39:15,061 [Thread-277] INFO  impl.FollowerState (FollowerState.java:run(106)) - 2c78ef93-8df4-44d4-b6a1-8f8ab8638bd5:group-595DD7EB5693 changes to CANDIDATE, lastRpcTime:5112, electionTimeout:5112ms
2019-09-21 04:39:15,061 [Thread-277] INFO  impl.RoleInfo (RoleInfo.java:shutdownFollowerState(121)) - 2c78ef93-8df4-44d4-b6a1-8f8ab8638bd5: shutdown FollowerState
2019-09-21 04:39:15,061 [Thread-277] INFO  impl.RaftServerImpl (RaftServerImpl.java:setRole(174)) - 2c78ef93-8df4-44d4-b6a1-8f8ab8638bd5@group-595DD7EB5693: changes role from  FOLLOWER to CANDIDATE at term 0 for changeToCandidate
2019-09-21 04:39:15,061 [Thread-277] INFO  impl.RoleInfo (RoleInfo.java:updateAndGet(143)) - 2c78ef93-8df4-44d4-b6a1-8f8ab8638bd5: start LeaderElection
2019-09-21 04:39:15,081 [Thread-304] INFO  contract.AbstractFSContractTestBase (AbstractFSContractTestBase.java:setup(184)) - Test filesystem = o3fs://bucket60073.volume85564 implemented by OzoneFileSystem{URI=o3fs://bucket60073.volume85564, workingDir=o3fs://bucket60073.volume85564/user/jenkins1000, userName=jenkins1000, statistics=0 bytes read, 0 bytes written, 35 read ops, 0 large read ops, 13 write ops}
2019-09-21 04:39:15,085 [Thread-304] INFO  contract.AbstractFSContractTestBase (AbstractFSContractTestBase.java:describe(255)) - Call listStatus() against paths and directories with filtering
2019-09-21 04:39:15,105 [grpc-default-executor-0] INFO  impl.RaftServerProxy (RaftServerProxy.java:addNew(89)) - 540b5430-d789-473d-b5c8-a0b50e424f93: addNew group-02E0A9691D1A:[2c78ef93-8df4-44d4-b6a1-8f8ab8638bd5:192.168.36.72:34392, 540b5430-d789-473d-b5c8-a0b50e424f93:192.168.36.72:44443, c967b5d6-addd-4373-9d03-98e6e3c98670:192.168.36.72:36997] returns group-02E0A9691D1A:java.util.concurrent.CompletableFuture@78bed4d9[Not completed]
2019-09-21 04:39:15,105 [Thread-272] INFO  impl.FollowerState (FollowerState.java:run(106)) - c967b5d6-addd-4373-9d03-98e6e3c98670:group-595DD7EB5693 changes to CANDIDATE, lastRpcTime:5165, electionTimeout:5165ms
2019-09-21 04:39:15,105 [grpc-default-executor-1] INFO  impl.RaftServerProxy (RaftServerProxy.java:addNew(89)) - c967b5d6-addd-4373-9d03-98e6e3c98670: addNew group-02E0A9691D1A:[2c78ef93-8df4-44d4-b6a1-8f8ab8638bd5:192.168.36.72:34392, 540b5430-d789-473d-b5c8-a0b50e424f93:192.168.36.72:44443, c967b5d6-addd-4373-9d03-98e6e3c98670:192.168.36.72:36997] returns group-02E0A9691D1A:java.util.concurrent.CompletableFuture@188c90fb[Not completed]
2019-09-21 04:39:15,105 [grpc-default-executor-3] INFO  impl.RaftServerProxy (RaftServerProxy.java:addNew(89)) - 2c78ef93-8df4-44d4-b6a1-8f8ab8638bd5: addNew group-02E0A9691D1A:[2c78ef93-8df4-44d4-b6a1-8f8ab8638bd5:192.168.36.72:34392, 540b5430-d789-473d-b5c8-a0b50e424f93:192.168.36.72:44443, c967b5d6-addd-4373-9d03-98e6e3c98670:192.168.36.72:36997] returns group-02E0A9691D1A:java.util.concurrent.CompletableFuture@479d9060[Not completed]
2019-09-21 04:39:15,105 [Thread-272] INFO  impl.RoleInfo (RoleInfo.java:shutdownFollowerState(121)) - c967b5d6-addd-4373-9d03-98e6e3c98670: shutdown FollowerState
2019-09-21 04:39:15,106 [Thread-272] INFO  impl.RaftServerImpl (RaftServerImpl.java:setRole(174)) - c967b5d6-addd-4373-9d03-98e6e3c98670@group-595DD7EB5693: changes role from  FOLLOWER to CANDIDATE at term 0 for changeToCandidate
2019-09-21 04:39:15,106 [Thread-272] INFO  impl.RoleInfo (RoleInfo.java:updateAndGet(143)) - c967b5d6-addd-4373-9d03-98e6e3c98670: start LeaderElection
2019-09-21 04:39:15,110 [Thread-280] INFO  impl.FollowerState (FollowerState.java:run(106)) - c967b5d6-addd-4373-9d03-98e6e3c98670:group-865E2A899AAB changes to CANDIDATE, lastRpcTime:5142, electionTimeout:5137ms
2019-09-21 04:39:15,110 [pool-37-thread-1] INFO  impl.RaftServerImpl (RaftServerImpl.java:<init>(95)) - c967b5d6-addd-4373-9d03-98e6e3c98670: new RaftServerImpl for group-02E0A9691D1A:[2c78ef93-8df4-44d4-b6a1-8f8ab8638bd5:192.168.36.72:34392, 540b5430-d789-473d-b5c8-a0b50e424f93:192.168.36.72:44443, c967b5d6-addd-4373-9d03-98e6e3c98670:192.168.36.72:36997] with ContainerStateMachine:uninitialized
2019-09-21 04:39:15,111 [Thread-280] INFO  impl.RoleInfo (RoleInfo.java:shutdownFollowerState(121)) - c967b5d6-addd-4373-9d03-98e6e3c98670: shutdown FollowerState
2019-09-21 04:39:15,111 [pool-37-thread-1] INFO  server.RaftServerConfigKeys (ConfUtils.java:logGet(43)) - raft.server.rpc.timeout.min = 5s (custom)
2019-09-21 04:39:15,111 [Thread-280] INFO  impl.RaftServerImpl (RaftServerImpl.java:setRole(174)) - c967b5d6-addd-4373-9d03-98e6e3c98670@group-865E2A899AAB: changes role from  FOLLOWER to CANDIDATE at term 1 for changeToCandidate
2019-09-21 04:39:15,111 [pool-37-thread-1] INFO  server.RaftServerConfigKeys (ConfUtils.java:logGet(43)) - raft.server.rpc.timeout.max = 5200ms (custom)
2019-09-21 04:39:15,111 [Thread-280] INFO  impl.RoleInfo (RoleInfo.java:updateAndGet(143)) - c967b5d6-addd-4373-9d03-98e6e3c98670: start LeaderElection
2019-09-21 04:39:15,111 [pool-37-thread-1] INFO  server.RaftServerConfigKeys (ConfUtils.java:logGet(43)) - raft.server.rpcslowness.timeout = 120s (custom)
2019-09-21 04:39:15,112 [pool-37-thread-1] INFO  server.RaftServerConfigKeys (ConfUtils.java:logGet(43)) - raft.server.sleep.deviation.threshold = 300 (default)
2019-09-21 04:39:15,113 [pool-37-thread-1] INFO  server.RaftServerConfigKeys (ConfUtils.java:logGet(43)) - raft.server.log.appender.install.snapshot.enabled = false (custom)
2019-09-21 04:39:15,113 [pool-67-thread-1] INFO  impl.RaftServerImpl (RaftServerImpl.java:<init>(95)) - 2c78ef93-8df4-44d4-b6a1-8f8ab8638bd5: new RaftServerImpl for group-02E0A9691D1A:[2c78ef93-8df4-44d4-b6a1-8f8ab8638bd5:192.168.36.72:34392, 540b5430-d789-473d-b5c8-a0b50e424f93:192.168.36.72:44443, c967b5d6-addd-4373-9d03-98e6e3c98670:192.168.36.72:36997] with ContainerStateMachine:uninitialized
2019-09-21 04:39:15,113 [pool-37-thread-1] INFO  impl.RaftServerImpl (ServerState.java:<init>(103)) - c967b5d6-addd-4373-9d03-98e6e3c98670@group-02E0A9691D1A: ConfigurationManager, init=-1: [2c78ef93-8df4-44d4-b6a1-8f8ab8638bd5:192.168.36.72:34392, 540b5430-d789-473d-b5c8-a0b50e424f93:192.168.36.72:44443, c967b5d6-addd-4373-9d03-98e6e3c98670:192.168.36.72:36997], old=null, confs=<EMPTY_MAP>
2019-09-21 04:39:15,113 [pool-67-thread-1] INFO  server.RaftServerConfigKeys (ConfUtils.java:logGet(43)) - raft.server.rpc.timeout.min = 5s (custom)
2019-09-21 04:39:15,114 [pool-37-thread-1] INFO  server.RaftServerConfigKeys (ConfUtils.java:logGet(43)) - raft.server.storage.dir = [/workdir/hadoop-ozone/ozonefs/target/test-dir/MiniOzoneClusterImpl-9eda3440-c808-4542-bfb4-02ef632557ef/datanode-1/data/ratis] (custom)
2019-09-21 04:39:15,114 [pool-67-thread-1] INFO  server.RaftServerConfigKeys (ConfUtils.java:logGet(43)) - raft.server.rpc.timeout.max = 5200ms (custom)
2019-09-21 04:39:15,114 [pool-67-thread-1] INFO  server.RaftServerConfigKeys (ConfUtils.java:logGet(43)) - raft.server.rpcslowness.timeout = 120s (custom)
2019-09-21 04:39:15,114 [pool-37-thread-1] INFO  storage.RaftStorageDirectory (RaftStorageDirectory.java:analyzeStorage(246)) - The storage directory /workdir/hadoop-ozone/ozonefs/target/test-dir/MiniOzoneClusterImpl-9eda3440-c808-4542-bfb4-02ef632557ef/datanode-1/data/ratis/39c63586-7064-4b76-8558-02e0a9691d1a does not exist. Creating ...
2019-09-21 04:39:15,114 [pool-67-thread-1] INFO  server.RaftServerConfigKeys (ConfUtils.java:logGet(43)) - raft.server.sleep.deviation.threshold = 300 (default)
2019-09-21 04:39:15,114 [pool-67-thread-1] INFO  server.RaftServerConfigKeys (ConfUtils.java:logGet(43)) - raft.server.log.appender.install.snapshot.enabled = false (custom)
2019-09-21 04:39:15,115 [pool-67-thread-1] INFO  impl.RaftServerImpl (ServerState.java:<init>(103)) - 2c78ef93-8df4-44d4-b6a1-8f8ab8638bd5@group-02E0A9691D1A: ConfigurationManager, init=-1: [2c78ef93-8df4-44d4-b6a1-8f8ab8638bd5:192.168.36.72:34392, 540b5430-d789-473d-b5c8-a0b50e424f93:192.168.36.72:44443, c967b5d6-addd-4373-9d03-98e6e3c98670:192.168.36.72:36997], old=null, confs=<EMPTY_MAP>
2019-09-21 04:39:15,115 [pool-67-thread-1] INFO  server.RaftServerConfigKeys (ConfUtils.java:logGet(43)) - raft.server.storage.dir = [/workdir/hadoop-ozone/ozonefs/target/test-dir/MiniOzoneClusterImpl-9eda3440-c808-4542-bfb4-02ef632557ef/datanode-4/data/ratis] (custom)
2019-09-21 04:39:15,115 [pool-67-thread-1] INFO  storage.RaftStorageDirectory (RaftStorageDirectory.java:analyzeStorage(246)) - The storage directory /workdir/hadoop-ozone/ozonefs/target/test-dir/MiniOzoneClusterImpl-9eda3440-c808-4542-bfb4-02ef632557ef/datanode-4/data/ratis/39c63586-7064-4b76-8558-02e0a9691d1a does not exist. Creating ...
2019-09-21 04:39:15,146 [pool-27-thread-1] INFO  storage.RaftStorage (RaftStorage.java:format(72)) - Storage directory /workdir/hadoop-ozone/ozonefs/target/test-dir/MiniOzoneClusterImpl-9eda3440-c808-4542-bfb4-02ef632557ef/datanode-0/data/ratis/3bd07118-f601-46f9-b1af-595dd7eb5693 has been successfully formatted.
2019-09-21 04:39:15,147 [pool-27-thread-1] INFO  ratis.ContainerStateMachine (ContainerStateMachine.java:loadSnapshot(230)) - group-595DD7EB5693: The snapshot info is null. Setting the last applied indexto:(t:0, i:~)
2019-09-21 04:39:15,147 [pool-27-thread-1] INFO  server.RaftServerConfigKeys (ConfUtils.java:logGet(43)) - raft.server.notification.no-leader.timeout = 120s (custom)
2019-09-21 04:39:15,147 [pool-27-thread-1] INFO  server.RaftServerConfigKeys (ConfUtils.java:logGet(43)) - raft.server.log.use.memory = false (default)
2019-09-21 04:39:15,148 [pool-27-thread-1] INFO  server.RaftServerConfigKeys (ConfUtils.java:logGet(43)) - raft.server.log.purge.gap = 1000000 (custom)
2019-09-21 04:39:15,148 [pool-27-thread-1] INFO  server.RaftServerConfigKeys (ConfUtils.java:logGet(43)) - raft.server.log.appender.buffer.byte-limit = 33554432 (custom)
2019-09-21 04:39:15,148 [pool-27-thread-1] INFO  server.RaftServerConfigKeys (ConfUtils.java:logGet(43)) - raft.server.log.segment.size.max = 1048576 (custom)
2019-09-21 04:39:15,148 [pool-27-thread-1] INFO  server.RaftServerConfigKeys (ConfUtils.java:logGet(43)) - raft.server.log.segment.cache.num.max = 2 (custom)
2019-09-21 04:39:15,148 [pool-27-thread-1] INFO  segmented.SegmentedRaftLogWorker (SegmentedRaftLogWorker.java:<init>(172)) - new 540b5430-d789-473d-b5c8-a0b50e424f93@group-595DD7EB5693-SegmentedRaftLogWorker for RaftStorage:Storage Directory /workdir/hadoop-ozone/ozonefs/target/test-dir/MiniOzoneClusterImpl-9eda3440-c808-4542-bfb4-02ef632557ef/datanode-0/data/ratis/3bd07118-f601-46f9-b1af-595dd7eb5693
2019-09-21 04:39:15,149 [pool-27-thread-1] INFO  server.RaftServerConfigKeys (ConfUtils.java:logGet(43)) - raft.server.log.queue.byte-limit = 2147483647 (custom)
2019-09-21 04:39:15,149 [pool-27-thread-1] INFO  server.RaftServerConfigKeys (ConfUtils.java:logGet(43)) - raft.server.log.queue.element-limit = 1024 (custom)
2019-09-21 04:39:15,149 [pool-27-thread-1] INFO  server.RaftServerConfigKeys (ConfUtils.java:logGet(43)) - raft.server.log.segment.size.max = 1048576 (custom)
2019-09-21 04:39:15,149 [pool-27-thread-1] INFO  server.RaftServerConfigKeys (ConfUtils.java:logGet(43)) - raft.server.log.preallocated.size = 16384 (custom)
2019-09-21 04:39:15,149 [pool-27-thread-1] INFO  server.RaftServerConfigKeys (ConfUtils.java:logGet(43)) - raft.server.log.write.buffer.size = 33554432 (custom)
2019-09-21 04:39:15,150 [2c78ef93-8df4-44d4-b6a1-8f8ab8638bd5@group-2CB71955F3F3:LeaderElection9] INFO  impl.LeaderElection (LeaderElection.java:logAndReturn(56)) - 2c78ef93-8df4-44d4-b6a1-8f8ab8638bd5@group-2CB71955F3F3:LeaderElection9: Election REJECTED; received 2 response(s) [2c78ef93-8df4-44d4-b6a1-8f8ab8638bd5<-540b5430-d789-473d-b5c8-a0b50e424f93#0:FAIL-t3, 2c78ef93-8df4-44d4-b6a1-8f8ab8638bd5<-c967b5d6-addd-4373-9d03-98e6e3c98670#0:FAIL-t3] and 0 exception(s); 2c78ef93-8df4-44d4-b6a1-8f8ab8638bd5@group-2CB71955F3F3:t3, leader=null, voted=2c78ef93-8df4-44d4-b6a1-8f8ab8638bd5, raftlog=2c78ef93-8df4-44d4-b6a1-8f8ab8638bd5@group-2CB71955F3F3-SegmentedRaftLog:OPENED:c-1,f-1,i0, conf=-1: [2c78ef93-8df4-44d4-b6a1-8f8ab8638bd5:192.168.36.72:34392, 540b5430-d789-473d-b5c8-a0b50e424f93:192.168.36.72:44443, c967b5d6-addd-4373-9d03-98e6e3c98670:192.168.36.72:36997], old=null
2019-09-21 04:39:15,149 [c967b5d6-addd-4373-9d03-98e6e3c98670@group-2CB71955F3F3:LeaderElection7] INFO  impl.LeaderElection (LeaderElection.java:logAndReturn(56)) - c967b5d6-addd-4373-9d03-98e6e3c98670@group-2CB71955F3F3:LeaderElection7: Election PASSED; received 2 response(s) [c967b5d6-addd-4373-9d03-98e6e3c98670<-2c78ef93-8df4-44d4-b6a1-8f8ab8638bd5#0:FAIL-t3, c967b5d6-addd-4373-9d03-98e6e3c98670<-540b5430-d789-473d-b5c8-a0b50e424f93#0:OK-t3] and 0 exception(s); c967b5d6-addd-4373-9d03-98e6e3c98670@group-2CB71955F3F3:t3, leader=null, voted=c967b5d6-addd-4373-9d03-98e6e3c98670, raftlog=c967b5d6-addd-4373-9d03-98e6e3c98670@group-2CB71955F3F3-SegmentedRaftLog:OPENED:c-1,f-1,i0, conf=-1: [2c78ef93-8df4-44d4-b6a1-8f8ab8638bd5:192.168.36.72:34392, 540b5430-d789-473d-b5c8-a0b50e424f93:192.168.36.72:44443, c967b5d6-addd-4373-9d03-98e6e3c98670:192.168.36.72:36997], old=null
2019-09-21 04:39:15,150 [2c78ef93-8df4-44d4-b6a1-8f8ab8638bd5@group-2CB71955F3F3:LeaderElection9] INFO  impl.RaftServerImpl (RaftServerImpl.java:setRole(174)) - 2c78ef93-8df4-44d4-b6a1-8f8ab8638bd5@group-2CB71955F3F3: changes role from CANDIDATE to FOLLOWER at term 3 for DISCOVERED_A_NEW_TERM
2019-09-21 04:39:15,150 [pool-27-thread-1] INFO  server.RaftServerConfigKeys (ConfUtils.java:logGet(43)) - raft.server.log.force.sync.num = 128 (default)
2019-09-21 04:39:15,159 [2c78ef93-8df4-44d4-b6a1-8f8ab8638bd5@group-2CB71955F3F3:LeaderElection9] INFO  impl.RoleInfo (RoleInfo.java:shutdownLeaderElection(134)) - 2c78ef93-8df4-44d4-b6a1-8f8ab8638bd5: shutdown LeaderElection
2019-09-21 04:39:15,159 [c967b5d6-addd-4373-9d03-98e6e3c98670@group-2CB71955F3F3:LeaderElection7] INFO  impl.RoleInfo (RoleInfo.java:shutdownLeaderElection(134)) - c967b5d6-addd-4373-9d03-98e6e3c98670: shutdown LeaderElection
2019-09-21 04:39:15,161 [2c78ef93-8df4-44d4-b6a1-8f8ab8638bd5@group-2CB71955F3F3:LeaderElection9] INFO  impl.RoleInfo (RoleInfo.java:updateAndGet(143)) - 2c78ef93-8df4-44d4-b6a1-8f8ab8638bd5: start FollowerState
2019-09-21 04:39:15,161 [pool-27-thread-1] INFO  server.RaftServerConfigKeys (ConfUtils.java:logGet(43)) - raft.server.log.statemachine.data.sync = true (default)
2019-09-21 04:39:15,162 [c967b5d6-addd-4373-9d03-98e6e3c98670@group-2CB71955F3F3:LeaderElection7] INFO  impl.RaftServerImpl (RaftServerImpl.java:setRole(174)) - c967b5d6-addd-4373-9d03-98e6e3c98670@group-2CB71955F3F3: changes role from CANDIDATE to LEADER at term 3 for changeToLeader
2019-09-21 04:39:15,162 [pool-27-thread-1] INFO  server.RaftServerConfigKeys (ConfUtils.java:logGet(43)) - raft.server.log.statemachine.data.sync.timeout = 10s (default)
2019-09-21 04:39:15,162 [c967b5d6-addd-4373-9d03-98e6e3c98670@group-2CB71955F3F3:LeaderElection7] INFO  impl.RaftServerImpl (ServerState.java:setLeader(253)) - c967b5d6-addd-4373-9d03-98e6e3c98670@group-2CB71955F3F3: change Leader from null to c967b5d6-addd-4373-9d03-98e6e3c98670 at term 3 for becomeLeader, leader elected after 17770ms
2019-09-21 04:39:15,162 [pool-27-thread-1] INFO  server.RaftServerConfigKeys (ConfUtils.java:logGet(43)) - raft.server.log.statemachine.data.sync.timeout.retry = -1 (default)
2019-09-21 04:39:15,164 [c967b5d6-addd-4373-9d03-98e6e3c98670@group-2CB71955F3F3:LeaderElection7] INFO  server.RaftServerConfigKeys (ConfUtils.java:logGet(43)) - raft.server.staging.catchup.gap = 1000 (default)
2019-09-21 04:39:15,164 [pool-27-thread-1] INFO  server.RaftServerConfigKeys (ConfUtils.java:logGet(43)) - raft.server.log.statemachine.data.caching.enabled = true (custom)
2019-09-21 04:39:15,164 [c967b5d6-addd-4373-9d03-98e6e3c98670@group-2CB71955F3F3:LeaderElection7] INFO  server.RaftServerConfigKeys (ConfUtils.java:logGet(43)) - raft.server.rpc.sleep.time = 25ms (default)
2019-09-21 04:39:15,165 [c967b5d6-addd-4373-9d03-98e6e3c98670@group-2CB71955F3F3:LeaderElection7] INFO  server.RaftServerConfigKeys (ConfUtils.java:logGet(43)) - raft.server.write.element-limit = 4096 (default)
2019-09-21 04:39:15,165 [pool-27-thread-1] INFO  segmented.SegmentedRaftLogWorker (SegmentedRaftLogWorker.java:lambda$new$0(132)) - 540b5430-d789-473d-b5c8-a0b50e424f93@group-595DD7EB5693-SegmentedRaftLogWorker: flushIndex: setUnconditionally 0 -> -1
2019-09-21 04:39:15,165 [c967b5d6-addd-4373-9d03-98e6e3c98670@group-2CB71955F3F3:LeaderElection7] INFO  server.RaftServerConfigKeys (ConfUtils.java:logGet(43)) - raft.server.watch.timeout = 10s (default)
2019-09-21 04:39:15,165 [c967b5d6-addd-4373-9d03-98e6e3c98670@group-2CB71955F3F3:LeaderElection7] INFO  server.RaftServerConfigKeys (ConfUtils.java:logGet(43)) - raft.server.watch.timeout.denomination = 1s (default)
2019-09-21 04:39:15,165 [pool-27-thread-1] INFO  server.RaftServerConfigKeys (ConfUtils.java:logGet(43)) - raft.server.snapshot.auto.trigger.enabled = true (custom)
2019-09-21 04:39:15,165 [c967b5d6-addd-4373-9d03-98e6e3c98670@group-2CB71955F3F3:LeaderElection7] INFO  server.RaftServerConfigKeys (ConfUtils.java:logGet(43)) - raft.server.watch.element-limit = 65536 (default)
2019-09-21 04:39:15,166 [pool-27-thread-1] INFO  server.RaftServerConfigKeys (ConfUtils.java:logGet(43)) - raft.server.snapshot.auto.trigger.threshold = 10000 (custom)
2019-09-21 04:39:15,166 [pool-27-thread-1] INFO  server.RaftServerConfigKeys (ConfUtils.java:logGet(43)) - raft.server.snapshot.retention.num.files = 5 (custom)
2019-09-21 04:39:15,166 [pool-27-thread-1] INFO  server.RaftServerConfigKeys (ConfUtils.java:logGet(43)) - raft.server.retrycache.expirytime = 600000ms (custom)
2019-09-21 04:39:15,171 [pool-27-thread-1] INFO  impl.RaftServerImpl (RaftServerImpl.java:start(185)) - 540b5430-d789-473d-b5c8-a0b50e424f93@group-025C1CD05C07: start as a follower, conf=-1: [540b5430-d789-473d-b5c8-a0b50e424f93:192.168.36.72:44443], old=null
2019-09-21 04:39:15,171 [pool-27-thread-1] INFO  impl.RaftServerImpl (RaftServerImpl.java:setRole(174)) - 540b5430-d789-473d-b5c8-a0b50e424f93@group-025C1CD05C07: changes role from      null to FOLLOWER at term 0 for startAsFollower
2019-09-21 04:39:15,171 [pool-27-thread-1] INFO  impl.RoleInfo (RoleInfo.java:updateAndGet(143)) - 540b5430-d789-473d-b5c8-a0b50e424f93: start FollowerState
2019-09-21 04:39:15,172 [pool-27-thread-1] INFO  util.JmxRegister (JmxRegister.java:tryRegister(44)) - Successfully registered JMX Bean with object name Ratis:service=RaftServer,group=group-025C1CD05C07,id=540b5430-d789-473d-b5c8-a0b50e424f93
2019-09-21 04:39:15,172 [pool-27-thread-1] INFO  impl.RaftServerImpl (RaftServerImpl.java:start(185)) - 540b5430-d789-473d-b5c8-a0b50e424f93@group-865E2A899AAB: start as a follower, conf=-1: [2c78ef93-8df4-44d4-b6a1-8f8ab8638bd5:192.168.36.72:34392, 540b5430-d789-473d-b5c8-a0b50e424f93:192.168.36.72:44443, c967b5d6-addd-4373-9d03-98e6e3c98670:192.168.36.72:36997], old=null
2019-09-21 04:39:15,173 [pool-27-thread-1] INFO  impl.RaftServerImpl (RaftServerImpl.java:setRole(174)) - 540b5430-d789-473d-b5c8-a0b50e424f93@group-865E2A899AAB: changes role from      null to FOLLOWER at term 0 for startAsFollower
2019-09-21 04:39:15,173 [pool-27-thread-1] INFO  impl.RoleInfo (RoleInfo.java:updateAndGet(143)) - 540b5430-d789-473d-b5c8-a0b50e424f93: start FollowerState
2019-09-21 04:39:15,173 [pool-27-thread-1] INFO  util.JmxRegister (JmxRegister.java:tryRegister(44)) - Successfully registered JMX Bean with object name Ratis:service=RaftServer,group=group-865E2A899AAB,id=540b5430-d789-473d-b5c8-a0b50e424f93
2019-09-21 04:39:15,173 [c967b5d6-addd-4373-9d03-98e6e3c98670@group-2CB71955F3F3:LeaderElection7] INFO  server.RaftServerConfigKeys (ConfUtils.java:logGet(43)) - raft.server.log.appender.snapshot.chunk.size.max = 16MB (=16777216) (default)
2019-09-21 04:39:15,174 [c967b5d6-addd-4373-9d03-98e6e3c98670@group-2CB71955F3F3:LeaderElection7] INFO  server.RaftServerConfigKeys (ConfUtils.java:logGet(43)) - raft.server.log.appender.buffer.byte-limit = 33554432 (custom)
2019-09-21 04:39:15,174 [c967b5d6-addd-4373-9d03-98e6e3c98670@group-2CB71955F3F3:LeaderElection7] INFO  server.RaftServerConfigKeys (ConfUtils.java:logGet(43)) - raft.server.log.appender.buffer.element-limit = 1 (custom)
2019-09-21 04:39:15,176 [pool-27-thread-1] INFO  impl.RaftServerImpl (RaftServerImpl.java:<init>(95)) - 540b5430-d789-473d-b5c8-a0b50e424f93: new RaftServerImpl for group-958DC993EA19:[2c78ef93-8df4-44d4-b6a1-8f8ab8638bd5:192.168.36.72:34392, 540b5430-d789-473d-b5c8-a0b50e424f93:192.168.36.72:44443, c967b5d6-addd-4373-9d03-98e6e3c98670:192.168.36.72:36997] with ContainerStateMachine:uninitialized
2019-09-21 04:39:15,176 [pool-27-thread-1] INFO  server.RaftServerConfigKeys (ConfUtils.java:logGet(43)) - raft.server.rpc.timeout.min = 5s (custom)
2019-09-21 04:39:15,176 [pool-27-thread-1] INFO  server.RaftServerConfigKeys (ConfUtils.java:logGet(43)) - raft.server.rpc.timeout.max = 5200ms (custom)
2019-09-21 04:39:15,176 [pool-27-thread-1] INFO  server.RaftServerConfigKeys (ConfUtils.java:logGet(43)) - raft.server.rpcslowness.timeout = 120s (custom)
2019-09-21 04:39:15,176 [pool-27-thread-1] INFO  server.RaftServerConfigKeys (ConfUtils.java:logGet(43)) - raft.server.sleep.deviation.threshold = 300 (default)
2019-09-21 04:39:15,177 [pool-27-thread-1] INFO  server.RaftServerConfigKeys (ConfUtils.java:logGet(43)) - raft.server.log.appender.install.snapshot.enabled = false (custom)
2019-09-21 04:39:15,177 [pool-27-thread-1] INFO  impl.RaftServerImpl (ServerState.java:<init>(103)) - 540b5430-d789-473d-b5c8-a0b50e424f93@group-958DC993EA19: ConfigurationManager, init=-1: [2c78ef93-8df4-44d4-b6a1-8f8ab8638bd5:192.168.36.72:34392, 540b5430-d789-473d-b5c8-a0b50e424f93:192.168.36.72:44443, c967b5d6-addd-4373-9d03-98e6e3c98670:192.168.36.72:36997], old=null, confs=<EMPTY_MAP>
2019-09-21 04:39:15,177 [pool-27-thread-1] INFO  server.RaftServerConfigKeys (ConfUtils.java:logGet(43)) - raft.server.storage.dir = [/workdir/hadoop-ozone/ozonefs/target/test-dir/MiniOzoneClusterImpl-9eda3440-c808-4542-bfb4-02ef632557ef/datanode-0/data/ratis] (custom)
2019-09-21 04:39:15,177 [pool-27-thread-1] INFO  storage.RaftStorageDirectory (RaftStorageDirectory.java:analyzeStorage(246)) - The storage directory /workdir/hadoop-ozone/ozonefs/target/test-dir/MiniOzoneClusterImpl-9eda3440-c808-4542-bfb4-02ef632557ef/datanode-0/data/ratis/8c495ee0-ed60-40cd-a85a-958dc993ea19 does not exist. Creating ...
2019-09-21 04:39:15,179 [c967b5d6-addd-4373-9d03-98e6e3c98670@group-2CB71955F3F3:LeaderElection7] INFO  grpc.GrpcConfigKeys$Server (ConfUtils.java:logGet(43)) - raft.grpc.server.leader.outstanding.appends.max = 128 (default)
2019-09-21 04:39:15,180 [c967b5d6-addd-4373-9d03-98e6e3c98670@group-2CB71955F3F3:LeaderElection7] INFO  server.RaftServerConfigKeys (ConfUtils.java:logGet(43)) - raft.server.rpc.request.timeout = 3000ms (default)
2019-09-21 04:39:15,180 [c967b5d6-addd-4373-9d03-98e6e3c98670@group-2CB71955F3F3:LeaderElection7] INFO  server.RaftServerConfigKeys (ConfUtils.java:logGet(43)) - raft.server.log.appender.install.snapshot.enabled = false (custom)
2019-09-21 04:39:15,181 [c967b5d6-addd-4373-9d03-98e6e3c98670@group-2CB71955F3F3:LeaderElection7] INFO  server.RaftServerConfigKeys (ConfUtils.java:logGet(43)) - raft.server.log.appender.snapshot.chunk.size.max = 16MB (=16777216) (default)
2019-09-21 04:39:15,181 [c967b5d6-addd-4373-9d03-98e6e3c98670@group-2CB71955F3F3:LeaderElection7] INFO  server.RaftServerConfigKeys (ConfUtils.java:logGet(43)) - raft.server.log.appender.buffer.byte-limit = 33554432 (custom)
2019-09-21 04:39:15,181 [c967b5d6-addd-4373-9d03-98e6e3c98670@group-2CB71955F3F3:LeaderElection7] INFO  server.RaftServerConfigKeys (ConfUtils.java:logGet(43)) - raft.server.log.appender.buffer.element-limit = 1 (custom)
2019-09-21 04:39:15,182 [c967b5d6-addd-4373-9d03-98e6e3c98670@group-2CB71955F3F3:LeaderElection7] INFO  grpc.GrpcConfigKeys$Server (ConfUtils.java:logGet(43)) - raft.grpc.server.leader.outstanding.appends.max = 128 (default)
2019-09-21 04:39:15,182 [c967b5d6-addd-4373-9d03-98e6e3c98670@group-2CB71955F3F3:LeaderElection7] INFO  server.RaftServerConfigKeys (ConfUtils.java:logGet(43)) - raft.server.rpc.request.timeout = 3000ms (default)
2019-09-21 04:39:15,182 [c967b5d6-addd-4373-9d03-98e6e3c98670@group-2CB71955F3F3:LeaderElection7] INFO  server.RaftServerConfigKeys (ConfUtils.java:logGet(43)) - raft.server.log.appender.install.snapshot.enabled = false (custom)
2019-09-21 04:39:15,184 [c967b5d6-addd-4373-9d03-98e6e3c98670@group-2CB71955F3F3:LeaderElection7] INFO  impl.RoleInfo (RoleInfo.java:updateAndGet(143)) - c967b5d6-addd-4373-9d03-98e6e3c98670: start LeaderState
2019-09-21 04:39:15,184 [c967b5d6-addd-4373-9d03-98e6e3c98670@group-2CB71955F3F3:LeaderElection7] INFO  segmented.SegmentedRaftLogWorker (SegmentedRaftLogWorker.java:startLogSegment(380)) - c967b5d6-addd-4373-9d03-98e6e3c98670@group-2CB71955F3F3-SegmentedRaftLogWorker: Starting segment from index:0
2019-09-21 04:39:15,185 [c967b5d6-addd-4373-9d03-98e6e3c98670@group-2CB71955F3F3:LeaderElection7] INFO  impl.RaftServerImpl (ServerState.java:setRaftConf(354)) - c967b5d6-addd-4373-9d03-98e6e3c98670@group-2CB71955F3F3: set configuration 0: [2c78ef93-8df4-44d4-b6a1-8f8ab8638bd5:192.168.36.72:34392, 540b5430-d789-473d-b5c8-a0b50e424f93:192.168.36.72:44443, c967b5d6-addd-4373-9d03-98e6e3c98670:192.168.36.72:36997], old=null at 0
2019-09-21 04:39:15,228 [grpc-default-executor-4] INFO  impl.RaftServerImpl (ServerState.java:setLeader(253)) - 540b5430-d789-473d-b5c8-a0b50e424f93@group-2CB71955F3F3: change Leader from null to c967b5d6-addd-4373-9d03-98e6e3c98670 at term 3 for appendEntries, leader elected after 12358ms
2019-09-21 04:39:15,228 [grpc-default-executor-5] INFO  impl.RaftServerImpl (ServerState.java:setLeader(253)) - 2c78ef93-8df4-44d4-b6a1-8f8ab8638bd5@group-2CB71955F3F3: change Leader from null to c967b5d6-addd-4373-9d03-98e6e3c98670 at term 3 for appendEntries, leader elected after 17836ms
2019-09-21 04:39:15,273 [grpc-default-executor-5] INFO  impl.RaftServerImpl (ServerState.java:setRaftConf(354)) - 540b5430-d789-473d-b5c8-a0b50e424f93@group-2CB71955F3F3: set configuration 0: [2c78ef93-8df4-44d4-b6a1-8f8ab8638bd5:192.168.36.72:34392, 540b5430-d789-473d-b5c8-a0b50e424f93:192.168.36.72:44443, c967b5d6-addd-4373-9d03-98e6e3c98670:192.168.36.72:36997], old=null at 0
2019-09-21 04:39:15,273 [grpc-default-executor-4] INFO  impl.RaftServerImpl (ServerState.java:setRaftConf(354)) - 2c78ef93-8df4-44d4-b6a1-8f8ab8638bd5@group-2CB71955F3F3: set configuration 0: [2c78ef93-8df4-44d4-b6a1-8f8ab8638bd5:192.168.36.72:34392, 540b5430-d789-473d-b5c8-a0b50e424f93:192.168.36.72:44443, c967b5d6-addd-4373-9d03-98e6e3c98670:192.168.36.72:36997], old=null at 0
2019-09-21 04:39:15,273 [grpc-default-executor-5] INFO  segmented.SegmentedRaftLogWorker (SegmentedRaftLogWorker.java:startLogSegment(380)) - 540b5430-d789-473d-b5c8-a0b50e424f93@group-2CB71955F3F3-SegmentedRaftLogWorker: Starting segment from index:0
2019-09-21 04:39:15,273 [grpc-default-executor-4] INFO  segmented.SegmentedRaftLogWorker (SegmentedRaftLogWorker.java:startLogSegment(380)) - 2c78ef93-8df4-44d4-b6a1-8f8ab8638bd5@group-2CB71955F3F3-SegmentedRaftLogWorker: Starting segment from index:0
2019-09-21 04:39:15,936 [pool-37-thread-1] INFO  storage.RaftStorageDirectory (RaftStorageDirectory.java:tryLock(328)) - Lock on /workdir/hadoop-ozone/ozonefs/target/test-dir/MiniOzoneClusterImpl-9eda3440-c808-4542-bfb4-02ef632557ef/datanode-1/data/ratis/39c63586-7064-4b76-8558-02e0a9691d1a/in_use.lock acquired by nodename 20870@pr-hdds-2163-pdhxj-1463177635
2019-09-21 04:39:15,936 [540b5430-d789-473d-b5c8-a0b50e424f93@group-801831A7F373-SegmentedRaftLogWorker] INFO  segmented.SegmentedRaftLogWorker (SegmentedRaftLogWorker.java:execute(569)) - 540b5430-d789-473d-b5c8-a0b50e424f93@group-801831A7F373-SegmentedRaftLogWorker: created new log segment /workdir/hadoop-ozone/ozonefs/target/test-dir/MiniOzoneClusterImpl-9eda3440-c808-4542-bfb4-02ef632557ef/datanode-0/data/ratis/eaa4ed51-978f-442c-b3e6-801831a7f373/current/log_inprogress_0
2019-09-21 04:39:15,936 [pool-67-thread-1] INFO  storage.RaftStorageDirectory (RaftStorageDirectory.java:tryLock(328)) - Lock on /workdir/hadoop-ozone/ozonefs/target/test-dir/MiniOzoneClusterImpl-9eda3440-c808-4542-bfb4-02ef632557ef/datanode-4/data/ratis/39c63586-7064-4b76-8558-02e0a9691d1a/in_use.lock acquired by nodename 20870@pr-hdds-2163-pdhxj-1463177635
2019-09-21 04:39:15,938 [2c78ef93-8df4-44d4-b6a1-8f8ab8638bd5@group-865E2A899AAB:LeaderElection12] INFO  impl.LeaderElection (LeaderElection.java:askForVotes(182)) - 2c78ef93-8df4-44d4-b6a1-8f8ab8638bd5@group-865E2A899AAB:LeaderElection12: begin an election at term 2 for -1: [2c78ef93-8df4-44d4-b6a1-8f8ab8638bd5:192.168.36.72:34392, 540b5430-d789-473d-b5c8-a0b50e424f93:192.168.36.72:44443, c967b5d6-addd-4373-9d03-98e6e3c98670:192.168.36.72:36997], old=null
2019-09-21 04:39:15,938 [c967b5d6-addd-4373-9d03-98e6e3c98670@group-ABA1CB25FD18:LeaderElection10] INFO  impl.LeaderElection (LeaderElection.java:askForVotes(182)) - c967b5d6-addd-4373-9d03-98e6e3c98670@group-ABA1CB25FD18:LeaderElection10: begin an election at term 1 for -1: [2c78ef93-8df4-44d4-b6a1-8f8ab8638bd5:192.168.36.72:34392, 540b5430-d789-473d-b5c8-a0b50e424f93:192.168.36.72:44443, c967b5d6-addd-4373-9d03-98e6e3c98670:192.168.36.72:36997], old=null
2019-09-21 04:39:15,938 [c967b5d6-addd-4373-9d03-98e6e3c98670@group-595DD7EB5693:LeaderElection14] INFO  impl.LeaderElection (LeaderElection.java:askForVotes(182)) - c967b5d6-addd-4373-9d03-98e6e3c98670@group-595DD7EB5693:LeaderElection14: begin an election at term 1 for -1: [2c78ef93-8df4-44d4-b6a1-8f8ab8638bd5:192.168.36.72:34392, 540b5430-d789-473d-b5c8-a0b50e424f93:192.168.36.72:44443, c967b5d6-addd-4373-9d03-98e6e3c98670:192.168.36.72:36997], old=null
2019-09-21 04:39:15,938 [2c78ef93-8df4-44d4-b6a1-8f8ab8638bd5@group-595DD7EB5693:LeaderElection13] INFO  impl.LeaderElection (LeaderElection.java:askForVotes(182)) - 2c78ef93-8df4-44d4-b6a1-8f8ab8638bd5@group-595DD7EB5693:LeaderElection13: begin an election at term 1 for -1: [2c78ef93-8df4-44d4-b6a1-8f8ab8638bd5:192.168.36.72:34392, 540b5430-d789-473d-b5c8-a0b50e424f93:192.168.36.72:44443, c967b5d6-addd-4373-9d03-98e6e3c98670:192.168.36.72:36997], old=null
2019-09-21 04:39:15,938 [2c78ef93-8df4-44d4-b6a1-8f8ab8638bd5@group-ABA1CB25FD18:LeaderElection11] INFO  impl.LeaderElection (LeaderElection.java:askForVotes(182)) - 2c78ef93-8df4-44d4-b6a1-8f8ab8638bd5@group-ABA1CB25FD18:LeaderElection11: begin an election at term 1 for -1: [2c78ef93-8df4-44d4-b6a1-8f8ab8638bd5:192.168.36.72:34392, 540b5430-d789-473d-b5c8-a0b50e424f93:192.168.36.72:44443, c967b5d6-addd-4373-9d03-98e6e3c98670:192.168.36.72:36997], old=null
2019-09-21 04:39:15,938 [c967b5d6-addd-4373-9d03-98e6e3c98670@group-865E2A899AAB:LeaderElection15] INFO  impl.LeaderElection (LeaderElection.java:askForVotes(182)) - c967b5d6-addd-4373-9d03-98e6e3c98670@group-865E2A899AAB:LeaderElection15: begin an election at term 2 for -1: [2c78ef93-8df4-44d4-b6a1-8f8ab8638bd5:192.168.36.72:34392, 540b5430-d789-473d-b5c8-a0b50e424f93:192.168.36.72:44443, c967b5d6-addd-4373-9d03-98e6e3c98670:192.168.36.72:36997], old=null
2019-09-21 04:39:15,940 [pool-27-thread-1] INFO  storage.RaftStorageDirectory (RaftStorageDirectory.java:tryLock(328)) - Lock on /workdir/hadoop-ozone/ozonefs/target/test-dir/MiniOzoneClusterImpl-9eda3440-c808-4542-bfb4-02ef632557ef/datanode-0/data/ratis/8c495ee0-ed60-40cd-a85a-958dc993ea19/in_use.lock acquired by nodename 20870@pr-hdds-2163-pdhxj-1463177635
2019-09-21 04:39:15,940 [2c78ef93-8df4-44d4-b6a1-8f8ab8638bd5@group-2CB71955F3F3-SegmentedRaftLogWorker] INFO  segmented.SegmentedRaftLogWorker (SegmentedRaftLogWorker.java:execute(569)) - 2c78ef93-8df4-44d4-b6a1-8f8ab8638bd5@group-2CB71955F3F3-SegmentedRaftLogWorker: created new log segment /workdir/hadoop-ozone/ozonefs/target/test-dir/MiniOzoneClusterImpl-9eda3440-c808-4542-bfb4-02ef632557ef/datanode-4/data/ratis/a4922e3f-d158-4d11-9598-2cb71955f3f3/current/log_inprogress_0
2019-09-21 04:39:15,940 [540b5430-d789-473d-b5c8-a0b50e424f93@group-2CB71955F3F3-SegmentedRaftLogWorker] INFO  segmented.SegmentedRaftLogWorker (SegmentedRaftLogWorker.java:execute(569)) - 540b5430-d789-473d-b5c8-a0b50e424f93@group-2CB71955F3F3-SegmentedRaftLogWorker: created new log segment /workdir/hadoop-ozone/ozonefs/target/test-dir/MiniOzoneClusterImpl-9eda3440-c808-4542-bfb4-02ef632557ef/datanode-0/data/ratis/a4922e3f-d158-4d11-9598-2cb71955f3f3/current/log_inprogress_0
2019-09-21 04:39:15,940 [c967b5d6-addd-4373-9d03-98e6e3c98670@group-2CB71955F3F3-SegmentedRaftLogWorker] INFO  segmented.SegmentedRaftLogWorker (SegmentedRaftLogWorker.java:execute(569)) - c967b5d6-addd-4373-9d03-98e6e3c98670@group-2CB71955F3F3-SegmentedRaftLogWorker: created new log segment /workdir/hadoop-ozone/ozonefs/target/test-dir/MiniOzoneClusterImpl-9eda3440-c808-4542-bfb4-02ef632557ef/datanode-1/data/ratis/a4922e3f-d158-4d11-9598-2cb71955f3f3/current/log_inprogress_0
2019-09-21 04:39:15,965 [grpc-default-executor-4] INFO  impl.RaftServerImpl (RaftServerImpl.java:setRole(174)) - 540b5430-d789-473d-b5c8-a0b50e424f93@group-865E2A899AAB: changes role from  FOLLOWER to FOLLOWER at term 2 for recognizeCandidate:2c78ef93-8df4-44d4-b6a1-8f8ab8638bd5
2019-09-21 04:39:15,965 [grpc-default-executor-4] INFO  impl.RoleInfo (RoleInfo.java:shutdownFollowerState(121)) - 540b5430-d789-473d-b5c8-a0b50e424f93: shutdown FollowerState
2019-09-21 04:39:15,965 [grpc-default-executor-4] INFO  impl.RoleInfo (RoleInfo.java:updateAndGet(143)) - 540b5430-d789-473d-b5c8-a0b50e424f93: start FollowerState
2019-09-21 04:39:15,966 [Thread-317] INFO  impl.FollowerState (FollowerState.java:run(115)) - 540b5430-d789-473d-b5c8-a0b50e424f93: FollowerState was interrupted: java.lang.InterruptedException: sleep interrupted
2019-09-21 04:39:15,966 [grpc-default-executor-3] WARN  server.GrpcServerProtocolService (LogUtils.java:warn(134)) - 540b5430-d789-473d-b5c8-a0b50e424f93: Failed requestVote 2c78ef93-8df4-44d4-b6a1-8f8ab8638bd5->540b5430-d789-473d-b5c8-a0b50e424f93#0: org.apache.ratis.protocol.ServerNotReadyException: 540b5430-d789-473d-b5c8-a0b50e424f93@group-ABA1CB25FD18 is not in [RUNNING]: current state is NEW
2019-09-21 04:39:15,969 [grpc-default-executor-2] WARN  server.GrpcServerProtocolService (LogUtils.java:warn(134)) - 540b5430-d789-473d-b5c8-a0b50e424f93: Failed requestVote c967b5d6-addd-4373-9d03-98e6e3c98670->540b5430-d789-473d-b5c8-a0b50e424f93#0: org.apache.ratis.protocol.ServerNotReadyException: 540b5430-d789-473d-b5c8-a0b50e424f93@group-595DD7EB5693 is not in [RUNNING]: current state is NEW
2019-09-21 04:39:15,971 [grpc-default-executor-0] WARN  server.GrpcServerProtocolService (LogUtils.java:warn(134)) - 540b5430-d789-473d-b5c8-a0b50e424f93: Failed requestVote 2c78ef93-8df4-44d4-b6a1-8f8ab8638bd5->540b5430-d789-473d-b5c8-a0b50e424f93#0: org.apache.ratis.protocol.ServerNotReadyException: 540b5430-d789-473d-b5c8-a0b50e424f93@group-595DD7EB5693 is not in [RUNNING]: current state is NEW
2019-09-21 04:39:15,971 [grpc-default-executor-5] WARN  server.GrpcServerProtocolService (LogUtils.java:warn(134)) - 540b5430-d789-473d-b5c8-a0b50e424f93: Failed requestVote c967b5d6-addd-4373-9d03-98e6e3c98670->540b5430-d789-473d-b5c8-a0b50e424f93#0: org.apache.ratis.protocol.ServerNotReadyException: 540b5430-d789-473d-b5c8-a0b50e424f93@group-ABA1CB25FD18 is not in [RUNNING]: current state is NEW
2019-09-21 04:39:15,979 [2c78ef93-8df4-44d4-b6a1-8f8ab8638bd5@group-ABA1CB25FD18:LeaderElection11] INFO  impl.LeaderElection (LogUtils.java:infoOrTrace(149)) - 2c78ef93-8df4-44d4-b6a1-8f8ab8638bd5@group-ABA1CB25FD18:LeaderElection11 got exception when requesting votes: {}
java.util.concurrent.ExecutionException: org.apache.ratis.thirdparty.io.grpc.StatusRuntimeException: INTERNAL: 540b5430-d789-473d-b5c8-a0b50e424f93@group-ABA1CB25FD18 is not in [RUNNING]: current state is NEW
	at java.util.concurrent.FutureTask.report(FutureTask.java:122)
	at java.util.concurrent.FutureTask.get(FutureTask.java:192)
	at org.apache.ratis.server.impl.LeaderElection.waitForResults(LeaderElection.java:263)
	at org.apache.ratis.server.impl.LeaderElection.askForVotes(LeaderElection.java:201)
	at org.apache.ratis.server.impl.LeaderElection.run(LeaderElection.java:133)
	at java.lang.Thread.run(Thread.java:748)
Caused by: org.apache.ratis.thirdparty.io.grpc.StatusRuntimeException: INTERNAL: 540b5430-d789-473d-b5c8-a0b50e424f93@group-ABA1CB25FD18 is not in [RUNNING]: current state is NEW
	at org.apache.ratis.thirdparty.io.grpc.stub.ClientCalls.toStatusRuntimeException(ClientCalls.java:233)
	at org.apache.ratis.thirdparty.io.grpc.stub.ClientCalls.getUnchecked(ClientCalls.java:214)
	at org.apache.ratis.thirdparty.io.grpc.stub.ClientCalls.blockingUnaryCall(ClientCalls.java:139)
	at org.apache.ratis.proto.grpc.RaftServerProtocolServiceGrpc$RaftServerProtocolServiceBlockingStub.requestVote(RaftServerProtocolServiceGrpc.java:265)
	at org.apache.ratis.grpc.server.GrpcServerProtocolClient.requestVote(GrpcServerProtocolClient.java:90)
	at org.apache.ratis.grpc.server.GrpcService.requestVote(GrpcService.java:204)
	at org.apache.ratis.server.impl.LeaderElection.lambda$submitRequests$1(LeaderElection.java:238)
	at java.util.concurrent.FutureTask.run(FutureTask.java:266)
	at java.util.concurrent.Executors$RunnableAdapter.call(Executors.java:511)
	at java.util.concurrent.FutureTask.run(FutureTask.java:266)
	at java.util.concurrent.ThreadPoolExecutor.runWorker(ThreadPoolExecutor.java:1149)
	at java.util.concurrent.ThreadPoolExecutor$Worker.run(ThreadPoolExecutor.java:624)
	... 1 more
2019-09-21 04:39:15,979 [c967b5d6-addd-4373-9d03-98e6e3c98670@group-595DD7EB5693:LeaderElection14] INFO  impl.LeaderElection (LogUtils.java:infoOrTrace(149)) - c967b5d6-addd-4373-9d03-98e6e3c98670@group-595DD7EB5693:LeaderElection14 got exception when requesting votes: {}
java.util.concurrent.ExecutionException: org.apache.ratis.thirdparty.io.grpc.StatusRuntimeException: INTERNAL: 540b5430-d789-473d-b5c8-a0b50e424f93@group-595DD7EB5693 is not in [RUNNING]: current state is NEW
	at java.util.concurrent.FutureTask.report(FutureTask.java:122)
	at java.util.concurrent.FutureTask.get(FutureTask.java:192)
	at org.apache.ratis.server.impl.LeaderElection.waitForResults(LeaderElection.java:263)
	at org.apache.ratis.server.impl.LeaderElection.askForVotes(LeaderElection.java:201)
	at org.apache.ratis.server.impl.LeaderElection.run(LeaderElection.java:133)
	at java.lang.Thread.run(Thread.java:748)
Caused by: org.apache.ratis.thirdparty.io.grpc.StatusRuntimeException: INTERNAL: 540b5430-d789-473d-b5c8-a0b50e424f93@group-595DD7EB5693 is not in [RUNNING]: current state is NEW
	at org.apache.ratis.thirdparty.io.grpc.stub.ClientCalls.toStatusRuntimeException(ClientCalls.java:233)
	at org.apache.ratis.thirdparty.io.grpc.stub.ClientCalls.getUnchecked(ClientCalls.java:214)
	at org.apache.ratis.thirdparty.io.grpc.stub.ClientCalls.blockingUnaryCall(ClientCalls.java:139)
	at org.apache.ratis.proto.grpc.RaftServerProtocolServiceGrpc$RaftServerProtocolServiceBlockingStub.requestVote(RaftServerProtocolServiceGrpc.java:265)
	at org.apache.ratis.grpc.server.GrpcServerProtocolClient.requestVote(GrpcServerProtocolClient.java:90)
	at org.apache.ratis.grpc.server.GrpcService.requestVote(GrpcService.java:204)
	at org.apache.ratis.server.impl.LeaderElection.lambda$submitRequests$1(LeaderElection.java:238)
	at java.util.concurrent.FutureTask.run(FutureTask.java:266)
	at java.util.concurrent.Executors$RunnableAdapter.call(Executors.java:511)
	at java.util.concurrent.FutureTask.run(FutureTask.java:266)
	at java.util.concurrent.ThreadPoolExecutor.runWorker(ThreadPoolExecutor.java:1149)
	at java.util.concurrent.ThreadPoolExecutor$Worker.run(ThreadPoolExecutor.java:624)
	... 1 more
2019-09-21 04:39:15,981 [2c78ef93-8df4-44d4-b6a1-8f8ab8638bd5@group-ABA1CB25FD18:LeaderElection11] INFO  impl.LeaderElection (LeaderElection.java:logAndReturn(56)) - 2c78ef93-8df4-44d4-b6a1-8f8ab8638bd5@group-ABA1CB25FD18:LeaderElection11: Election REJECTED; received 1 response(s) [2c78ef93-8df4-44d4-b6a1-8f8ab8638bd5<-c967b5d6-addd-4373-9d03-98e6e3c98670#0:FAIL-t1] and 1 exception(s); 2c78ef93-8df4-44d4-b6a1-8f8ab8638bd5@group-ABA1CB25FD18:t1, leader=null, voted=2c78ef93-8df4-44d4-b6a1-8f8ab8638bd5, raftlog=2c78ef93-8df4-44d4-b6a1-8f8ab8638bd5@group-ABA1CB25FD18-SegmentedRaftLog:OPENED:c-1,f-1,i0, conf=-1: [2c78ef93-8df4-44d4-b6a1-8f8ab8638bd5:192.168.36.72:34392, 540b5430-d789-473d-b5c8-a0b50e424f93:192.168.36.72:44443, c967b5d6-addd-4373-9d03-98e6e3c98670:192.168.36.72:36997], old=null
2019-09-21 04:39:15,983 [c967b5d6-addd-4373-9d03-98e6e3c98670@group-595DD7EB5693:LeaderElection14] INFO  impl.LeaderElection (LeaderElection.java:logAndReturn(56)) - c967b5d6-addd-4373-9d03-98e6e3c98670@group-595DD7EB5693:LeaderElection14: Election REJECTED; received 1 response(s) [c967b5d6-addd-4373-9d03-98e6e3c98670<-2c78ef93-8df4-44d4-b6a1-8f8ab8638bd5#0:FAIL-t1] and 1 exception(s); c967b5d6-addd-4373-9d03-98e6e3c98670@group-595DD7EB5693:t1, leader=null, voted=c967b5d6-addd-4373-9d03-98e6e3c98670, raftlog=c967b5d6-addd-4373-9d03-98e6e3c98670@group-595DD7EB5693-SegmentedRaftLog:OPENED:c-1,f-1,i0, conf=-1: [2c78ef93-8df4-44d4-b6a1-8f8ab8638bd5:192.168.36.72:34392, 540b5430-d789-473d-b5c8-a0b50e424f93:192.168.36.72:44443, c967b5d6-addd-4373-9d03-98e6e3c98670:192.168.36.72:36997], old=null
2019-09-21 04:39:15,984 [2c78ef93-8df4-44d4-b6a1-8f8ab8638bd5@group-ABA1CB25FD18:LeaderElection11] INFO  impl.LeaderElection (LogUtils.java:infoOrTrace(149)) -   Exception 0: {}
java.util.concurrent.ExecutionException: org.apache.ratis.thirdparty.io.grpc.StatusRuntimeException: INTERNAL: 540b5430-d789-473d-b5c8-a0b50e424f93@group-ABA1CB25FD18 is not in [RUNNING]: current state is NEW
	at java.util.concurrent.FutureTask.report(FutureTask.java:122)
	at java.util.concurrent.FutureTask.get(FutureTask.java:192)
	at org.apache.ratis.server.impl.LeaderElection.waitForResults(LeaderElection.java:263)
	at org.apache.ratis.server.impl.LeaderElection.askForVotes(LeaderElection.java:201)
	at org.apache.ratis.server.impl.LeaderElection.run(LeaderElection.java:133)
	at java.lang.Thread.run(Thread.java:748)
Caused by: org.apache.ratis.thirdparty.io.grpc.StatusRuntimeException: INTERNAL: 540b5430-d789-473d-b5c8-a0b50e424f93@group-ABA1CB25FD18 is not in [RUNNING]: current state is NEW
	at org.apache.ratis.thirdparty.io.grpc.stub.ClientCalls.toStatusRuntimeException(ClientCalls.java:233)
	at org.apache.ratis.thirdparty.io.grpc.stub.ClientCalls.getUnchecked(ClientCalls.java:214)
	at org.apache.ratis.thirdparty.io.grpc.stub.ClientCalls.blockingUnaryCall(ClientCalls.java:139)
	at org.apache.ratis.proto.grpc.RaftServerProtocolServiceGrpc$RaftServerProtocolServiceBlockingStub.requestVote(RaftServerProtocolServiceGrpc.java:265)
	at org.apache.ratis.grpc.server.GrpcServerProtocolClient.requestVote(GrpcServerProtocolClient.java:90)
	at org.apache.ratis.grpc.server.GrpcService.requestVote(GrpcService.java:204)
	at org.apache.ratis.server.impl.LeaderElection.lambda$submitRequests$1(LeaderElection.java:238)
	at java.util.concurrent.FutureTask.run(FutureTask.java:266)
	at java.util.concurrent.Executors$RunnableAdapter.call(Executors.java:511)
	at java.util.concurrent.FutureTask.run(FutureTask.java:266)
	at java.util.concurrent.ThreadPoolExecutor.runWorker(ThreadPoolExecutor.java:1149)
	at java.util.concurrent.ThreadPoolExecutor$Worker.run(ThreadPoolExecutor.java:624)
	... 1 more
2019-09-21 04:39:15,984 [c967b5d6-addd-4373-9d03-98e6e3c98670@group-595DD7EB5693:LeaderElection14] INFO  impl.LeaderElection (LogUtils.java:infoOrTrace(149)) -   Exception 0: {}
java.util.concurrent.ExecutionException: org.apache.ratis.thirdparty.io.grpc.StatusRuntimeException: INTERNAL: 540b5430-d789-473d-b5c8-a0b50e424f93@group-595DD7EB5693 is not in [RUNNING]: current state is NEW
	at java.util.concurrent.FutureTask.report(FutureTask.java:122)
	at java.util.concurrent.FutureTask.get(FutureTask.java:192)
	at org.apache.ratis.server.impl.LeaderElection.waitForResults(LeaderElection.java:263)
	at org.apache.ratis.server.impl.LeaderElection.askForVotes(LeaderElection.java:201)
	at org.apache.ratis.server.impl.LeaderElection.run(LeaderElection.java:133)
	at java.lang.Thread.run(Thread.java:748)
Caused by: org.apache.ratis.thirdparty.io.grpc.StatusRuntimeException: INTERNAL: 540b5430-d789-473d-b5c8-a0b50e424f93@group-595DD7EB5693 is not in [RUNNING]: current state is NEW
	at org.apache.ratis.thirdparty.io.grpc.stub.ClientCalls.toStatusRuntimeException(ClientCalls.java:233)
	at org.apache.ratis.thirdparty.io.grpc.stub.ClientCalls.getUnchecked(ClientCalls.java:214)
	at org.apache.ratis.thirdparty.io.grpc.stub.ClientCalls.blockingUnaryCall(ClientCalls.java:139)
	at org.apache.ratis.proto.grpc.RaftServerProtocolServiceGrpc$RaftServerProtocolServiceBlockingStub.requestVote(RaftServerProtocolServiceGrpc.java:265)
	at org.apache.ratis.grpc.server.GrpcServerProtocolClient.requestVote(GrpcServerProtocolClient.java:90)
	at org.apache.ratis.grpc.server.GrpcService.requestVote(GrpcService.java:204)
	at org.apache.ratis.server.impl.LeaderElection.lambda$submitRequests$1(LeaderElection.java:238)
	at java.util.concurrent.FutureTask.run(FutureTask.java:266)
	at java.util.concurrent.Executors$RunnableAdapter.call(Executors.java:511)
	at java.util.concurrent.FutureTask.run(FutureTask.java:266)
	at java.util.concurrent.ThreadPoolExecutor.runWorker(ThreadPoolExecutor.java:1149)
	at java.util.concurrent.ThreadPoolExecutor$Worker.run(ThreadPoolExecutor.java:624)
	... 1 more
2019-09-21 04:39:15,991 [2c78ef93-8df4-44d4-b6a1-8f8ab8638bd5@group-595DD7EB5693:LeaderElection13] INFO  impl.LeaderElection (LogUtils.java:infoOrTrace(149)) - 2c78ef93-8df4-44d4-b6a1-8f8ab8638bd5@group-595DD7EB5693:LeaderElection13 got exception when requesting votes: {}
java.util.concurrent.ExecutionException: org.apache.ratis.thirdparty.io.grpc.StatusRuntimeException: INTERNAL: 540b5430-d789-473d-b5c8-a0b50e424f93@group-595DD7EB5693 is not in [RUNNING]: current state is NEW
	at java.util.concurrent.FutureTask.report(FutureTask.java:122)
	at java.util.concurrent.FutureTask.get(FutureTask.java:192)
	at org.apache.ratis.server.impl.LeaderElection.waitForResults(LeaderElection.java:263)
	at org.apache.ratis.server.impl.LeaderElection.askForVotes(LeaderElection.java:201)
	at org.apache.ratis.server.impl.LeaderElection.run(LeaderElection.java:133)
	at java.lang.Thread.run(Thread.java:748)
Caused by: org.apache.ratis.thirdparty.io.grpc.StatusRuntimeException: INTERNAL: 540b5430-d789-473d-b5c8-a0b50e424f93@group-595DD7EB5693 is not in [RUNNING]: current state is NEW
	at org.apache.ratis.thirdparty.io.grpc.stub.ClientCalls.toStatusRuntimeException(ClientCalls.java:233)
	at org.apache.ratis.thirdparty.io.grpc.stub.ClientCalls.getUnchecked(ClientCalls.java:214)
	at org.apache.ratis.thirdparty.io.grpc.stub.ClientCalls.blockingUnaryCall(ClientCalls.java:139)
	at org.apache.ratis.proto.grpc.RaftServerProtocolServiceGrpc$RaftServerProtocolServiceBlockingStub.requestVote(RaftServerProtocolServiceGrpc.java:265)
	at org.apache.ratis.grpc.server.GrpcServerProtocolClient.requestVote(GrpcServerProtocolClient.java:90)
	at org.apache.ratis.grpc.server.GrpcService.requestVote(GrpcService.java:204)
	at org.apache.ratis.server.impl.LeaderElection.lambda$submitRequests$1(LeaderElection.java:238)
	at java.util.concurrent.FutureTask.run(FutureTask.java:266)
	at java.util.concurrent.Executors$RunnableAdapter.call(Executors.java:511)
	at java.util.concurrent.FutureTask.run(FutureTask.java:266)
	at java.util.concurrent.ThreadPoolExecutor.runWorker(ThreadPoolExecutor.java:1149)
	at java.util.concurrent.ThreadPoolExecutor$Worker.run(ThreadPoolExecutor.java:624)
	... 1 more
2019-09-21 04:39:15,991 [2c78ef93-8df4-44d4-b6a1-8f8ab8638bd5@group-ABA1CB25FD18:LeaderElection11] INFO  impl.RaftServerImpl (RaftServerImpl.java:setRole(174)) - 2c78ef93-8df4-44d4-b6a1-8f8ab8638bd5@group-ABA1CB25FD18: changes role from CANDIDATE to FOLLOWER at term 1 for DISCOVERED_A_NEW_TERM
2019-09-21 04:39:16,001 [2c78ef93-8df4-44d4-b6a1-8f8ab8638bd5@group-595DD7EB5693:LeaderElection13] INFO  impl.LeaderElection (LeaderElection.java:logAndReturn(56)) - 2c78ef93-8df4-44d4-b6a1-8f8ab8638bd5@group-595DD7EB5693:LeaderElection13: Election REJECTED; received 1 response(s) [2c78ef93-8df4-44d4-b6a1-8f8ab8638bd5<-c967b5d6-addd-4373-9d03-98e6e3c98670#0:FAIL-t1] and 1 exception(s); 2c78ef93-8df4-44d4-b6a1-8f8ab8638bd5@group-595DD7EB5693:t1, leader=null, voted=2c78ef93-8df4-44d4-b6a1-8f8ab8638bd5, raftlog=2c78ef93-8df4-44d4-b6a1-8f8ab8638bd5@group-595DD7EB5693-SegmentedRaftLog:OPENED:c-1,f-1,i0, conf=-1: [2c78ef93-8df4-44d4-b6a1-8f8ab8638bd5:192.168.36.72:34392, 540b5430-d789-473d-b5c8-a0b50e424f93:192.168.36.72:44443, c967b5d6-addd-4373-9d03-98e6e3c98670:192.168.36.72:36997], old=null
2019-09-21 04:39:16,002 [2c78ef93-8df4-44d4-b6a1-8f8ab8638bd5@group-595DD7EB5693:LeaderElection13] INFO  impl.LeaderElection (LogUtils.java:infoOrTrace(149)) -   Exception 0: {}
java.util.concurrent.ExecutionException: org.apache.ratis.thirdparty.io.grpc.StatusRuntimeException: INTERNAL: 540b5430-d789-473d-b5c8-a0b50e424f93@group-595DD7EB5693 is not in [RUNNING]: current state is NEW
	at java.util.concurrent.FutureTask.report(FutureTask.java:122)
	at java.util.concurrent.FutureTask.get(FutureTask.java:192)
	at org.apache.ratis.server.impl.LeaderElection.waitForResults(LeaderElection.java:263)
	at org.apache.ratis.server.impl.LeaderElection.askForVotes(LeaderElection.java:201)
	at org.apache.ratis.server.impl.LeaderElection.run(LeaderElection.java:133)
	at java.lang.Thread.run(Thread.java:748)
Caused by: org.apache.ratis.thirdparty.io.grpc.StatusRuntimeException: INTERNAL: 540b5430-d789-473d-b5c8-a0b50e424f93@group-595DD7EB5693 is not in [RUNNING]: current state is NEW
	at org.apache.ratis.thirdparty.io.grpc.stub.ClientCalls.toStatusRuntimeException(ClientCalls.java:233)
	at org.apache.ratis.thirdparty.io.grpc.stub.ClientCalls.getUnchecked(ClientCalls.java:214)
	at org.apache.ratis.thirdparty.io.grpc.stub.ClientCalls.blockingUnaryCall(ClientCalls.java:139)
	at org.apache.ratis.proto.grpc.RaftServerProtocolServiceGrpc$RaftServerProtocolServiceBlockingStub.requestVote(RaftServerProtocolServiceGrpc.java:265)
	at org.apache.ratis.grpc.server.GrpcServerProtocolClient.requestVote(GrpcServerProtocolClient.java:90)
	at org.apache.ratis.grpc.server.GrpcService.requestVote(GrpcService.java:204)
	at org.apache.ratis.server.impl.LeaderElection.lambda$submitRequests$1(LeaderElection.java:238)
	at java.util.concurrent.FutureTask.run(FutureTask.java:266)
	at java.util.concurrent.Executors$RunnableAdapter.call(Executors.java:511)
	at java.util.concurrent.FutureTask.run(FutureTask.java:266)
	at java.util.concurrent.ThreadPoolExecutor.runWorker(ThreadPoolExecutor.java:1149)
	at java.util.concurrent.ThreadPoolExecutor$Worker.run(ThreadPoolExecutor.java:624)
	... 1 more
2019-09-21 04:39:15,994 [c967b5d6-addd-4373-9d03-98e6e3c98670@group-ABA1CB25FD18:LeaderElection10] INFO  impl.LeaderElection (LogUtils.java:infoOrTrace(149)) - c967b5d6-addd-4373-9d03-98e6e3c98670@group-ABA1CB25FD18:LeaderElection10 got exception when requesting votes: {}
java.util.concurrent.ExecutionException: org.apache.ratis.thirdparty.io.grpc.StatusRuntimeException: INTERNAL: 540b5430-d789-473d-b5c8-a0b50e424f93@group-ABA1CB25FD18 is not in [RUNNING]: current state is NEW
	at java.util.concurrent.FutureTask.report(FutureTask.java:122)
	at java.util.concurrent.FutureTask.get(FutureTask.java:192)
	at org.apache.ratis.server.impl.LeaderElection.waitForResults(LeaderElection.java:263)
	at org.apache.ratis.server.impl.LeaderElection.askForVotes(LeaderElection.java:201)
	at org.apache.ratis.server.impl.LeaderElection.run(LeaderElection.java:133)
	at java.lang.Thread.run(Thread.java:748)
Caused by: org.apache.ratis.thirdparty.io.grpc.StatusRuntimeException: INTERNAL: 540b5430-d789-473d-b5c8-a0b50e424f93@group-ABA1CB25FD18 is not in [RUNNING]: current state is NEW
	at org.apache.ratis.thirdparty.io.grpc.stub.ClientCalls.toStatusRuntimeException(ClientCalls.java:233)
	at org.apache.ratis.thirdparty.io.grpc.stub.ClientCalls.getUnchecked(ClientCalls.java:214)
	at org.apache.ratis.thirdparty.io.grpc.stub.ClientCalls.blockingUnaryCall(ClientCalls.java:139)
	at org.apache.ratis.proto.grpc.RaftServerProtocolServiceGrpc$RaftServerProtocolServiceBlockingStub.requestVote(RaftServerProtocolServiceGrpc.java:265)
	at org.apache.ratis.grpc.server.GrpcServerProtocolClient.requestVote(GrpcServerProtocolClient.java:90)
	at org.apache.ratis.grpc.server.GrpcService.requestVote(GrpcService.java:204)
	at org.apache.ratis.server.impl.LeaderElection.lambda$submitRequests$1(LeaderElection.java:238)
	at java.util.concurrent.FutureTask.run(FutureTask.java:266)
	at java.util.concurrent.Executors$RunnableAdapter.call(Executors.java:511)
	at java.util.concurrent.FutureTask.run(FutureTask.java:266)
	at java.util.concurrent.ThreadPoolExecutor.runWorker(ThreadPoolExecutor.java:1149)
	at java.util.concurrent.ThreadPoolExecutor$Worker.run(ThreadPoolExecutor.java:624)
	... 1 more
2019-09-21 04:39:15,991 [c967b5d6-addd-4373-9d03-98e6e3c98670@group-595DD7EB5693:LeaderElection14] INFO  impl.RaftServerImpl (RaftServerImpl.java:setRole(174)) - c967b5d6-addd-4373-9d03-98e6e3c98670@group-595DD7EB5693: changes role from CANDIDATE to FOLLOWER at term 1 for DISCOVERED_A_NEW_TERM
2019-09-21 04:39:16,008 [c967b5d6-addd-4373-9d03-98e6e3c98670@group-ABA1CB25FD18:LeaderElection10] INFO  impl.LeaderElection (LeaderElection.java:logAndReturn(56)) - c967b5d6-addd-4373-9d03-98e6e3c98670@group-ABA1CB25FD18:LeaderElection10: Election REJECTED; received 1 response(s) [c967b5d6-addd-4373-9d03-98e6e3c98670<-2c78ef93-8df4-44d4-b6a1-8f8ab8638bd5#0:FAIL-t1] and 1 exception(s); c967b5d6-addd-4373-9d03-98e6e3c98670@group-ABA1CB25FD18:t1, leader=null, voted=c967b5d6-addd-4373-9d03-98e6e3c98670, raftlog=c967b5d6-addd-4373-9d03-98e6e3c98670@group-ABA1CB25FD18-SegmentedRaftLog:OPENED:c-1,f-1,i0, conf=-1: [2c78ef93-8df4-44d4-b6a1-8f8ab8638bd5:192.168.36.72:34392, 540b5430-d789-473d-b5c8-a0b50e424f93:192.168.36.72:44443, c967b5d6-addd-4373-9d03-98e6e3c98670:192.168.36.72:36997], old=null
2019-09-21 04:39:16,008 [c967b5d6-addd-4373-9d03-98e6e3c98670@group-ABA1CB25FD18:LeaderElection10] INFO  impl.LeaderElection (LogUtils.java:infoOrTrace(149)) -   Exception 0: {}
java.util.concurrent.ExecutionException: org.apache.ratis.thirdparty.io.grpc.StatusRuntimeException: INTERNAL: 540b5430-d789-473d-b5c8-a0b50e424f93@group-ABA1CB25FD18 is not in [RUNNING]: current state is NEW
	at java.util.concurrent.FutureTask.report(FutureTask.java:122)
	at java.util.concurrent.FutureTask.get(FutureTask.java:192)
	at org.apache.ratis.server.impl.LeaderElection.waitForResults(LeaderElection.java:263)
	at org.apache.ratis.server.impl.LeaderElection.askForVotes(LeaderElection.java:201)
	at org.apache.ratis.server.impl.LeaderElection.run(LeaderElection.java:133)
	at java.lang.Thread.run(Thread.java:748)
Caused by: org.apache.ratis.thirdparty.io.grpc.StatusRuntimeException: INTERNAL: 540b5430-d789-473d-b5c8-a0b50e424f93@group-ABA1CB25FD18 is not in [RUNNING]: current state is NEW
	at org.apache.ratis.thirdparty.io.grpc.stub.ClientCalls.toStatusRuntimeException(ClientCalls.java:233)
	at org.apache.ratis.thirdparty.io.grpc.stub.ClientCalls.getUnchecked(ClientCalls.java:214)
	at org.apache.ratis.thirdparty.io.grpc.stub.ClientCalls.blockingUnaryCall(ClientCalls.java:139)
	at org.apache.ratis.proto.grpc.RaftServerProtocolServiceGrpc$RaftServerProtocolServiceBlockingStub.requestVote(RaftServerProtocolServiceGrpc.java:265)
	at org.apache.ratis.grpc.server.GrpcServerProtocolClient.requestVote(GrpcServerProtocolClient.java:90)
	at org.apache.ratis.grpc.server.GrpcService.requestVote(GrpcService.java:204)
	at org.apache.ratis.server.impl.LeaderElection.lambda$submitRequests$1(LeaderElection.java:238)
	at java.util.concurrent.FutureTask.run(FutureTask.java:266)
	at java.util.concurrent.Executors$RunnableAdapter.call(Executors.java:511)
	at java.util.concurrent.FutureTask.run(FutureTask.java:266)
	at java.util.concurrent.ThreadPoolExecutor.runWorker(ThreadPoolExecutor.java:1149)
	at java.util.concurrent.ThreadPoolExecutor$Worker.run(ThreadPoolExecutor.java:624)
	... 1 more
2019-09-21 04:39:16,006 [2c78ef93-8df4-44d4-b6a1-8f8ab8638bd5@group-595DD7EB5693:LeaderElection13] INFO  impl.RaftServerImpl (RaftServerImpl.java:setRole(174)) - 2c78ef93-8df4-44d4-b6a1-8f8ab8638bd5@group-595DD7EB5693: changes role from CANDIDATE to FOLLOWER at term 1 for DISCOVERED_A_NEW_TERM
2019-09-21 04:39:16,001 [2c78ef93-8df4-44d4-b6a1-8f8ab8638bd5@group-ABA1CB25FD18:LeaderElection11] INFO  impl.RoleInfo (RoleInfo.java:shutdownLeaderElection(134)) - 2c78ef93-8df4-44d4-b6a1-8f8ab8638bd5: shutdown LeaderElection
2019-09-21 04:39:16,018 [2c78ef93-8df4-44d4-b6a1-8f8ab8638bd5@group-595DD7EB5693:LeaderElection13] INFO  impl.RoleInfo (RoleInfo.java:shutdownLeaderElection(134)) - 2c78ef93-8df4-44d4-b6a1-8f8ab8638bd5: shutdown LeaderElection
2019-09-21 04:39:16,015 [c967b5d6-addd-4373-9d03-98e6e3c98670@group-ABA1CB25FD18:LeaderElection10] INFO  impl.RaftServerImpl (RaftServerImpl.java:setRole(174)) - c967b5d6-addd-4373-9d03-98e6e3c98670@group-ABA1CB25FD18: changes role from CANDIDATE to FOLLOWER at term 1 for DISCOVERED_A_NEW_TERM
2019-09-21 04:39:16,008 [c967b5d6-addd-4373-9d03-98e6e3c98670@group-595DD7EB5693:LeaderElection14] INFO  impl.RoleInfo (RoleInfo.java:shutdownLeaderElection(134)) - c967b5d6-addd-4373-9d03-98e6e3c98670: shutdown LeaderElection
2019-09-21 04:39:16,021 [c967b5d6-addd-4373-9d03-98e6e3c98670@group-ABA1CB25FD18:LeaderElection10] INFO  impl.RoleInfo (RoleInfo.java:shutdownLeaderElection(134)) - c967b5d6-addd-4373-9d03-98e6e3c98670: shutdown LeaderElection
2019-09-21 04:39:16,020 [2c78ef93-8df4-44d4-b6a1-8f8ab8638bd5@group-595DD7EB5693:LeaderElection13] INFO  impl.RoleInfo (RoleInfo.java:updateAndGet(143)) - 2c78ef93-8df4-44d4-b6a1-8f8ab8638bd5: start FollowerState
2019-09-21 04:39:16,020 [2c78ef93-8df4-44d4-b6a1-8f8ab8638bd5@group-ABA1CB25FD18:LeaderElection11] INFO  impl.RoleInfo (RoleInfo.java:updateAndGet(143)) - 2c78ef93-8df4-44d4-b6a1-8f8ab8638bd5: start FollowerState
2019-09-21 04:39:16,021 [c967b5d6-addd-4373-9d03-98e6e3c98670@group-ABA1CB25FD18:LeaderElection10] INFO  impl.RoleInfo (RoleInfo.java:updateAndGet(143)) - c967b5d6-addd-4373-9d03-98e6e3c98670: start FollowerState
2019-09-21 04:39:16,021 [c967b5d6-addd-4373-9d03-98e6e3c98670@group-595DD7EB5693:LeaderElection14] INFO  impl.RoleInfo (RoleInfo.java:updateAndGet(143)) - c967b5d6-addd-4373-9d03-98e6e3c98670: start FollowerState
2019-09-21 04:39:17,725 [pool-67-thread-1] INFO  storage.RaftStorage (RaftStorage.java:format(72)) - Storage directory /workdir/hadoop-ozone/ozonefs/target/test-dir/MiniOzoneClusterImpl-9eda3440-c808-4542-bfb4-02ef632557ef/datanode-4/data/ratis/39c63586-7064-4b76-8558-02e0a9691d1a has been successfully formatted.
2019-09-21 04:39:17,725 [pool-37-thread-1] INFO  storage.RaftStorage (RaftStorage.java:format(72)) - Storage directory /workdir/hadoop-ozone/ozonefs/target/test-dir/MiniOzoneClusterImpl-9eda3440-c808-4542-bfb4-02ef632557ef/datanode-1/data/ratis/39c63586-7064-4b76-8558-02e0a9691d1a has been successfully formatted.
2019-09-21 04:39:17,726 [pool-67-thread-1] INFO  ratis.ContainerStateMachine (ContainerStateMachine.java:loadSnapshot(230)) - group-02E0A9691D1A: The snapshot info is null. Setting the last applied indexto:(t:0, i:~)
2019-09-21 04:39:17,726 [pool-27-thread-1] INFO  storage.RaftStorage (RaftStorage.java:format(72)) - Storage directory /workdir/hadoop-ozone/ozonefs/target/test-dir/MiniOzoneClusterImpl-9eda3440-c808-4542-bfb4-02ef632557ef/datanode-0/data/ratis/8c495ee0-ed60-40cd-a85a-958dc993ea19 has been successfully formatted.
2019-09-21 04:39:17,726 [pool-37-thread-1] INFO  ratis.ContainerStateMachine (ContainerStateMachine.java:loadSnapshot(230)) - group-02E0A9691D1A: The snapshot info is null. Setting the last applied indexto:(t:0, i:~)
2019-09-21 04:39:17,726 [pool-67-thread-1] INFO  server.RaftServerConfigKeys (ConfUtils.java:logGet(43)) - raft.server.notification.no-leader.timeout = 120s (custom)
2019-09-21 04:39:17,726 [pool-37-thread-1] INFO  server.RaftServerConfigKeys (ConfUtils.java:logGet(43)) - raft.server.notification.no-leader.timeout = 120s (custom)
2019-09-21 04:39:17,726 [pool-27-thread-1] INFO  ratis.ContainerStateMachine (ContainerStateMachine.java:loadSnapshot(230)) - group-958DC993EA19: The snapshot info is null. Setting the last applied indexto:(t:0, i:~)
2019-09-21 04:39:17,726 [pool-37-thread-1] INFO  server.RaftServerConfigKeys (ConfUtils.java:logGet(43)) - raft.server.log.use.memory = false (default)
2019-09-21 04:39:17,726 [pool-67-thread-1] INFO  server.RaftServerConfigKeys (ConfUtils.java:logGet(43)) - raft.server.log.use.memory = false (default)
2019-09-21 04:39:17,727 [pool-37-thread-1] INFO  server.RaftServerConfigKeys (ConfUtils.java:logGet(43)) - raft.server.log.purge.gap = 1000000 (custom)
2019-09-21 04:39:17,726 [pool-27-thread-1] INFO  server.RaftServerConfigKeys (ConfUtils.java:logGet(43)) - raft.server.notification.no-leader.timeout = 120s (custom)
2019-09-21 04:39:17,727 [pool-37-thread-1] INFO  server.RaftServerConfigKeys (ConfUtils.java:logGet(43)) - raft.server.log.appender.buffer.byte-limit = 33554432 (custom)
2019-09-21 04:39:17,727 [pool-67-thread-1] INFO  server.RaftServerConfigKeys (ConfUtils.java:logGet(43)) - raft.server.log.purge.gap = 1000000 (custom)
2019-09-21 04:39:17,727 [pool-37-thread-1] INFO  server.RaftServerConfigKeys (ConfUtils.java:logGet(43)) - raft.server.log.segment.size.max = 1048576 (custom)
2019-09-21 04:39:17,727 [pool-27-thread-1] INFO  server.RaftServerConfigKeys (ConfUtils.java:logGet(43)) - raft.server.log.use.memory = false (default)
2019-09-21 04:39:17,727 [pool-37-thread-1] INFO  server.RaftServerConfigKeys (ConfUtils.java:logGet(43)) - raft.server.log.segment.cache.num.max = 2 (custom)
2019-09-21 04:39:17,727 [pool-67-thread-1] INFO  server.RaftServerConfigKeys (ConfUtils.java:logGet(43)) - raft.server.log.appender.buffer.byte-limit = 33554432 (custom)
2019-09-21 04:39:17,728 [pool-37-thread-1] INFO  segmented.SegmentedRaftLogWorker (SegmentedRaftLogWorker.java:<init>(172)) - new c967b5d6-addd-4373-9d03-98e6e3c98670@group-02E0A9691D1A-SegmentedRaftLogWorker for RaftStorage:Storage Directory /workdir/hadoop-ozone/ozonefs/target/test-dir/MiniOzoneClusterImpl-9eda3440-c808-4542-bfb4-02ef632557ef/datanode-1/data/ratis/39c63586-7064-4b76-8558-02e0a9691d1a
2019-09-21 04:39:17,727 [pool-27-thread-1] INFO  server.RaftServerConfigKeys (ConfUtils.java:logGet(43)) - raft.server.log.purge.gap = 1000000 (custom)
2019-09-21 04:39:17,728 [c967b5d6-addd-4373-9d03-98e6e3c98670@group-865E2A899AAB:LeaderElection15] INFO  impl.LeaderElection (LeaderElection.java:logAndReturn(56)) - c967b5d6-addd-4373-9d03-98e6e3c98670@group-865E2A899AAB:LeaderElection15: Election REJECTED; received 2 response(s) [c967b5d6-addd-4373-9d03-98e6e3c98670<-2c78ef93-8df4-44d4-b6a1-8f8ab8638bd5#0:FAIL-t2, c967b5d6-addd-4373-9d03-98e6e3c98670<-540b5430-d789-473d-b5c8-a0b50e424f93#0:FAIL-t2] and 0 exception(s); c967b5d6-addd-4373-9d03-98e6e3c98670@group-865E2A899AAB:t2, leader=null, voted=c967b5d6-addd-4373-9d03-98e6e3c98670, raftlog=c967b5d6-addd-4373-9d03-98e6e3c98670@group-865E2A899AAB-SegmentedRaftLog:OPENED:c-1,f-1,i0, conf=-1: [2c78ef93-8df4-44d4-b6a1-8f8ab8638bd5:192.168.36.72:34392, 540b5430-d789-473d-b5c8-a0b50e424f93:192.168.36.72:44443, c967b5d6-addd-4373-9d03-98e6e3c98670:192.168.36.72:36997], old=null
2019-09-21 04:39:17,728 [2c78ef93-8df4-44d4-b6a1-8f8ab8638bd5@group-865E2A899AAB:LeaderElection12] INFO  impl.LeaderElection (LeaderElection.java:logAndReturn(56)) - 2c78ef93-8df4-44d4-b6a1-8f8ab8638bd5@group-865E2A899AAB:LeaderElection12: Election PASSED; received 2 response(s) [2c78ef93-8df4-44d4-b6a1-8f8ab8638bd5<-540b5430-d789-473d-b5c8-a0b50e424f93#0:OK-t2, 2c78ef93-8df4-44d4-b6a1-8f8ab8638bd5<-c967b5d6-addd-4373-9d03-98e6e3c98670#0:FAIL-t2] and 0 exception(s); 2c78ef93-8df4-44d4-b6a1-8f8ab8638bd5@group-865E2A899AAB:t2, leader=null, voted=2c78ef93-8df4-44d4-b6a1-8f8ab8638bd5, raftlog=2c78ef93-8df4-44d4-b6a1-8f8ab8638bd5@group-865E2A899AAB-SegmentedRaftLog:OPENED:c-1,f-1,i0, conf=-1: [2c78ef93-8df4-44d4-b6a1-8f8ab8638bd5:192.168.36.72:34392, 540b5430-d789-473d-b5c8-a0b50e424f93:192.168.36.72:44443, c967b5d6-addd-4373-9d03-98e6e3c98670:192.168.36.72:36997], old=null
2019-09-21 04:39:17,728 [pool-37-thread-1] INFO  server.RaftServerConfigKeys (ConfUtils.java:logGet(43)) - raft.server.log.queue.byte-limit = 2147483647 (custom)
2019-09-21 04:39:17,728 [pool-67-thread-1] INFO  server.RaftServerConfigKeys (ConfUtils.java:logGet(43)) - raft.server.log.segment.size.max = 1048576 (custom)
2019-09-21 04:39:17,734 [pool-37-thread-1] INFO  server.RaftServerConfigKeys (ConfUtils.java:logGet(43)) - raft.server.log.queue.element-limit = 1024 (custom)
2019-09-21 04:39:17,732 [2c78ef93-8df4-44d4-b6a1-8f8ab8638bd5@group-865E2A899AAB:LeaderElection12] INFO  impl.RoleInfo (RoleInfo.java:shutdownLeaderElection(134)) - 2c78ef93-8df4-44d4-b6a1-8f8ab8638bd5: shutdown LeaderElection
2019-09-21 04:39:17,728 [c967b5d6-addd-4373-9d03-98e6e3c98670@group-865E2A899AAB:LeaderElection15] INFO  impl.RaftServerImpl (RaftServerImpl.java:setRole(174)) - c967b5d6-addd-4373-9d03-98e6e3c98670@group-865E2A899AAB: changes role from CANDIDATE to FOLLOWER at term 2 for DISCOVERED_A_NEW_TERM
2019-09-21 04:39:17,728 [pool-27-thread-1] INFO  server.RaftServerConfigKeys (ConfUtils.java:logGet(43)) - raft.server.log.appender.buffer.byte-limit = 33554432 (custom)
2019-09-21 04:39:17,734 [c967b5d6-addd-4373-9d03-98e6e3c98670@group-865E2A899AAB:LeaderElection15] INFO  impl.RoleInfo (RoleInfo.java:shutdownLeaderElection(134)) - c967b5d6-addd-4373-9d03-98e6e3c98670: shutdown LeaderElection
2019-09-21 04:39:17,734 [2c78ef93-8df4-44d4-b6a1-8f8ab8638bd5@group-865E2A899AAB:LeaderElection12] INFO  impl.RaftServerImpl (RaftServerImpl.java:setRole(174)) - 2c78ef93-8df4-44d4-b6a1-8f8ab8638bd5@group-865E2A899AAB: changes role from CANDIDATE to LEADER at term 2 for changeToLeader
2019-09-21 04:39:17,734 [pool-37-thread-1] INFO  server.RaftServerConfigKeys (ConfUtils.java:logGet(43)) - raft.server.log.segment.size.max = 1048576 (custom)
2019-09-21 04:39:17,734 [pool-67-thread-1] INFO  server.RaftServerConfigKeys (ConfUtils.java:logGet(43)) - raft.server.log.segment.cache.num.max = 2 (custom)
2019-09-21 04:39:17,735 [pool-37-thread-1] INFO  server.RaftServerConfigKeys (ConfUtils.java:logGet(43)) - raft.server.log.preallocated.size = 16384 (custom)
2019-09-21 04:39:17,735 [c967b5d6-addd-4373-9d03-98e6e3c98670@group-865E2A899AAB:LeaderElection15] INFO  impl.RoleInfo (RoleInfo.java:updateAndGet(143)) - c967b5d6-addd-4373-9d03-98e6e3c98670: start FollowerState
2019-09-21 04:39:17,735 [2c78ef93-8df4-44d4-b6a1-8f8ab8638bd5@group-865E2A899AAB:LeaderElection12] INFO  impl.RaftServerImpl (ServerState.java:setLeader(253)) - 2c78ef93-8df4-44d4-b6a1-8f8ab8638bd5@group-865E2A899AAB: change Leader from null to 2c78ef93-8df4-44d4-b6a1-8f8ab8638bd5 at term 2 for becomeLeader, leader elected after 14867ms
2019-09-21 04:39:17,734 [pool-27-thread-1] INFO  server.RaftServerConfigKeys (ConfUtils.java:logGet(43)) - raft.server.log.segment.size.max = 1048576 (custom)
2019-09-21 04:39:17,735 [pool-37-thread-1] INFO  server.RaftServerConfigKeys (ConfUtils.java:logGet(43)) - raft.server.log.write.buffer.size = 33554432 (custom)
2019-09-21 04:39:17,735 [pool-67-thread-1] INFO  segmented.SegmentedRaftLogWorker (SegmentedRaftLogWorker.java:<init>(172)) - new 2c78ef93-8df4-44d4-b6a1-8f8ab8638bd5@group-02E0A9691D1A-SegmentedRaftLogWorker for RaftStorage:Storage Directory /workdir/hadoop-ozone/ozonefs/target/test-dir/MiniOzoneClusterImpl-9eda3440-c808-4542-bfb4-02ef632557ef/datanode-4/data/ratis/39c63586-7064-4b76-8558-02e0a9691d1a
2019-09-21 04:39:17,737 [pool-37-thread-1] INFO  server.RaftServerConfigKeys (ConfUtils.java:logGet(43)) - raft.server.log.force.sync.num = 128 (default)
2019-09-21 04:39:17,736 [2c78ef93-8df4-44d4-b6a1-8f8ab8638bd5@group-865E2A899AAB:LeaderElection12] INFO  server.RaftServerConfigKeys (ConfUtils.java:logGet(43)) - raft.server.staging.catchup.gap = 1000 (default)
2019-09-21 04:39:17,735 [pool-27-thread-1] INFO  server.RaftServerConfigKeys (ConfUtils.java:logGet(43)) - raft.server.log.segment.cache.num.max = 2 (custom)
2019-09-21 04:39:17,737 [2c78ef93-8df4-44d4-b6a1-8f8ab8638bd5@group-865E2A899AAB:LeaderElection12] INFO  server.RaftServerConfigKeys (ConfUtils.java:logGet(43)) - raft.server.rpc.sleep.time = 25ms (default)
2019-09-21 04:39:17,737 [pool-37-thread-1] INFO  server.RaftServerConfigKeys (ConfUtils.java:logGet(43)) - raft.server.log.statemachine.data.sync = true (default)
2019-09-21 04:39:17,737 [pool-67-thread-1] INFO  server.RaftServerConfigKeys (ConfUtils.java:logGet(43)) - raft.server.log.queue.byte-limit = 2147483647 (custom)
2019-09-21 04:39:17,737 [pool-37-thread-1] INFO  server.RaftServerConfigKeys (ConfUtils.java:logGet(43)) - raft.server.log.statemachine.data.sync.timeout = 10s (default)
2019-09-21 04:39:17,737 [2c78ef93-8df4-44d4-b6a1-8f8ab8638bd5@group-865E2A899AAB:LeaderElection12] INFO  server.RaftServerConfigKeys (ConfUtils.java:logGet(43)) - raft.server.write.element-limit = 4096 (default)
2019-09-21 04:39:17,737 [pool-27-thread-1] INFO  segmented.SegmentedRaftLogWorker (SegmentedRaftLogWorker.java:<init>(172)) - new 540b5430-d789-473d-b5c8-a0b50e424f93@group-958DC993EA19-SegmentedRaftLogWorker for RaftStorage:Storage Directory /workdir/hadoop-ozone/ozonefs/target/test-dir/MiniOzoneClusterImpl-9eda3440-c808-4542-bfb4-02ef632557ef/datanode-0/data/ratis/8c495ee0-ed60-40cd-a85a-958dc993ea19
2019-09-21 04:39:17,738 [2c78ef93-8df4-44d4-b6a1-8f8ab8638bd5@group-865E2A899AAB:LeaderElection12] INFO  server.RaftServerConfigKeys (ConfUtils.java:logGet(43)) - raft.server.watch.timeout = 10s (default)
2019-09-21 04:39:17,737 [pool-37-thread-1] INFO  server.RaftServerConfigKeys (ConfUtils.java:logGet(43)) - raft.server.log.statemachine.data.sync.timeout.retry = -1 (default)
2019-09-21 04:39:17,737 [pool-67-thread-1] INFO  server.RaftServerConfigKeys (ConfUtils.java:logGet(43)) - raft.server.log.queue.element-limit = 1024 (custom)
2019-09-21 04:39:17,738 [pool-37-thread-1] INFO  server.RaftServerConfigKeys (ConfUtils.java:logGet(43)) - raft.server.log.statemachine.data.caching.enabled = true (custom)
2019-09-21 04:39:17,738 [2c78ef93-8df4-44d4-b6a1-8f8ab8638bd5@group-865E2A899AAB:LeaderElection12] INFO  server.RaftServerConfigKeys (ConfUtils.java:logGet(43)) - raft.server.watch.timeout.denomination = 1s (default)
2019-09-21 04:39:17,738 [pool-27-thread-1] INFO  server.RaftServerConfigKeys (ConfUtils.java:logGet(43)) - raft.server.log.queue.byte-limit = 2147483647 (custom)
2019-09-21 04:39:17,738 [2c78ef93-8df4-44d4-b6a1-8f8ab8638bd5@group-865E2A899AAB:LeaderElection12] INFO  server.RaftServerConfigKeys (ConfUtils.java:logGet(43)) - raft.server.watch.element-limit = 65536 (default)
2019-09-21 04:39:17,738 [pool-67-thread-1] INFO  server.RaftServerConfigKeys (ConfUtils.java:logGet(43)) - raft.server.log.segment.size.max = 1048576 (custom)
2019-09-21 04:39:17,738 [pool-27-thread-1] INFO  server.RaftServerConfigKeys (ConfUtils.java:logGet(43)) - raft.server.log.queue.element-limit = 1024 (custom)
2019-09-21 04:39:17,738 [pool-37-thread-1] INFO  segmented.SegmentedRaftLogWorker (SegmentedRaftLogWorker.java:lambda$new$0(132)) - c967b5d6-addd-4373-9d03-98e6e3c98670@group-02E0A9691D1A-SegmentedRaftLogWorker: flushIndex: setUnconditionally 0 -> -1
2019-09-21 04:39:17,739 [pool-27-thread-1] INFO  server.RaftServerConfigKeys (ConfUtils.java:logGet(43)) - raft.server.log.segment.size.max = 1048576 (custom)
2019-09-21 04:39:17,739 [pool-67-thread-1] INFO  server.RaftServerConfigKeys (ConfUtils.java:logGet(43)) - raft.server.log.preallocated.size = 16384 (custom)
2019-09-21 04:39:17,739 [pool-37-thread-1] INFO  server.RaftServerConfigKeys (ConfUtils.java:logGet(43)) - raft.server.snapshot.auto.trigger.enabled = true (custom)
2019-09-21 04:39:17,739 [pool-27-thread-1] INFO  server.RaftServerConfigKeys (ConfUtils.java:logGet(43)) - raft.server.log.preallocated.size = 16384 (custom)
2019-09-21 04:39:17,739 [pool-37-thread-1] INFO  server.RaftServerConfigKeys (ConfUtils.java:logGet(43)) - raft.server.snapshot.auto.trigger.threshold = 10000 (custom)
2019-09-21 04:39:17,739 [pool-67-thread-1] INFO  server.RaftServerConfigKeys (ConfUtils.java:logGet(43)) - raft.server.log.write.buffer.size = 33554432 (custom)
2019-09-21 04:39:17,740 [pool-37-thread-1] INFO  server.RaftServerConfigKeys (ConfUtils.java:logGet(43)) - raft.server.snapshot.retention.num.files = 5 (custom)
2019-09-21 04:39:17,739 [pool-27-thread-1] INFO  server.RaftServerConfigKeys (ConfUtils.java:logGet(43)) - raft.server.log.write.buffer.size = 33554432 (custom)
2019-09-21 04:39:17,740 [pool-37-thread-1] INFO  server.RaftServerConfigKeys (ConfUtils.java:logGet(43)) - raft.server.retrycache.expirytime = 600000ms (custom)
2019-09-21 04:39:17,740 [pool-67-thread-1] INFO  server.RaftServerConfigKeys (ConfUtils.java:logGet(43)) - raft.server.log.force.sync.num = 128 (default)
2019-09-21 04:39:17,740 [pool-27-thread-1] INFO  server.RaftServerConfigKeys (ConfUtils.java:logGet(43)) - raft.server.log.force.sync.num = 128 (default)
2019-09-21 04:39:17,740 [pool-67-thread-1] INFO  server.RaftServerConfigKeys (ConfUtils.java:logGet(43)) - raft.server.log.statemachine.data.sync = true (default)
2019-09-21 04:39:17,740 [pool-27-thread-1] INFO  server.RaftServerConfigKeys (ConfUtils.java:logGet(43)) - raft.server.log.statemachine.data.sync = true (default)
2019-09-21 04:39:17,740 [pool-67-thread-1] INFO  server.RaftServerConfigKeys (ConfUtils.java:logGet(43)) - raft.server.log.statemachine.data.sync.timeout = 10s (default)
2019-09-21 04:39:17,741 [pool-27-thread-1] INFO  server.RaftServerConfigKeys (ConfUtils.java:logGet(43)) - raft.server.log.statemachine.data.sync.timeout = 10s (default)
2019-09-21 04:39:17,741 [pool-67-thread-1] INFO  server.RaftServerConfigKeys (ConfUtils.java:logGet(43)) - raft.server.log.statemachine.data.sync.timeout.retry = -1 (default)
2019-09-21 04:39:17,741 [pool-27-thread-1] INFO  server.RaftServerConfigKeys (ConfUtils.java:logGet(43)) - raft.server.log.statemachine.data.sync.timeout.retry = -1 (default)
2019-09-21 04:39:17,741 [pool-67-thread-1] INFO  server.RaftServerConfigKeys (ConfUtils.java:logGet(43)) - raft.server.log.statemachine.data.caching.enabled = true (custom)
2019-09-21 04:39:17,741 [pool-27-thread-1] INFO  server.RaftServerConfigKeys (ConfUtils.java:logGet(43)) - raft.server.log.statemachine.data.caching.enabled = true (custom)
2019-09-21 04:39:17,741 [pool-67-thread-1] INFO  segmented.SegmentedRaftLogWorker (SegmentedRaftLogWorker.java:lambda$new$0(132)) - 2c78ef93-8df4-44d4-b6a1-8f8ab8638bd5@group-02E0A9691D1A-SegmentedRaftLogWorker: flushIndex: setUnconditionally 0 -> -1
2019-09-21 04:39:17,741 [pool-27-thread-1] INFO  segmented.SegmentedRaftLogWorker (SegmentedRaftLogWorker.java:lambda$new$0(132)) - 540b5430-d789-473d-b5c8-a0b50e424f93@group-958DC993EA19-SegmentedRaftLogWorker: flushIndex: setUnconditionally 0 -> -1
2019-09-21 04:39:17,741 [2c78ef93-8df4-44d4-b6a1-8f8ab8638bd5@group-865E2A899AAB:LeaderElection12] INFO  server.RaftServerConfigKeys (ConfUtils.java:logGet(43)) - raft.server.log.appender.snapshot.chunk.size.max = 16MB (=16777216) (default)
2019-09-21 04:39:17,742 [pool-67-thread-1] INFO  server.RaftServerConfigKeys (ConfUtils.java:logGet(43)) - raft.server.snapshot.auto.trigger.enabled = true (custom)
2019-09-21 04:39:17,742 [pool-27-thread-1] INFO  server.RaftServerConfigKeys (ConfUtils.java:logGet(43)) - raft.server.snapshot.auto.trigger.enabled = true (custom)
2019-09-21 04:39:17,742 [2c78ef93-8df4-44d4-b6a1-8f8ab8638bd5@group-865E2A899AAB:LeaderElection12] INFO  server.RaftServerConfigKeys (ConfUtils.java:logGet(43)) - raft.server.log.appender.buffer.byte-limit = 33554432 (custom)
2019-09-21 04:39:17,742 [pool-27-thread-1] INFO  server.RaftServerConfigKeys (ConfUtils.java:logGet(43)) - raft.server.snapshot.auto.trigger.threshold = 10000 (custom)
2019-09-21 04:39:17,742 [pool-67-thread-1] INFO  server.RaftServerConfigKeys (ConfUtils.java:logGet(43)) - raft.server.snapshot.auto.trigger.threshold = 10000 (custom)
2019-09-21 04:39:17,742 [pool-27-thread-1] INFO  server.RaftServerConfigKeys (ConfUtils.java:logGet(43)) - raft.server.snapshot.retention.num.files = 5 (custom)
2019-09-21 04:39:17,742 [2c78ef93-8df4-44d4-b6a1-8f8ab8638bd5@group-865E2A899AAB:LeaderElection12] INFO  server.RaftServerConfigKeys (ConfUtils.java:logGet(43)) - raft.server.log.appender.buffer.element-limit = 1 (custom)
2019-09-21 04:39:17,742 [pool-27-thread-1] INFO  server.RaftServerConfigKeys (ConfUtils.java:logGet(43)) - raft.server.retrycache.expirytime = 600000ms (custom)
2019-09-21 04:39:17,742 [pool-67-thread-1] INFO  server.RaftServerConfigKeys (ConfUtils.java:logGet(43)) - raft.server.snapshot.retention.num.files = 5 (custom)
2019-09-21 04:39:17,743 [pool-37-thread-1] INFO  impl.RaftServerImpl (RaftServerImpl.java:start(185)) - c967b5d6-addd-4373-9d03-98e6e3c98670@group-02E0A9691D1A: start as a follower, conf=-1: [2c78ef93-8df4-44d4-b6a1-8f8ab8638bd5:192.168.36.72:34392, 540b5430-d789-473d-b5c8-a0b50e424f93:192.168.36.72:44443, c967b5d6-addd-4373-9d03-98e6e3c98670:192.168.36.72:36997], old=null
2019-09-21 04:39:17,743 [2c78ef93-8df4-44d4-b6a1-8f8ab8638bd5@group-865E2A899AAB:LeaderElection12] INFO  grpc.GrpcConfigKeys$Server (ConfUtils.java:logGet(43)) - raft.grpc.server.leader.outstanding.appends.max = 128 (default)
2019-09-21 04:39:17,744 [pool-37-thread-1] INFO  impl.RaftServerImpl (RaftServerImpl.java:setRole(174)) - c967b5d6-addd-4373-9d03-98e6e3c98670@group-02E0A9691D1A: changes role from      null to FOLLOWER at term 0 for startAsFollower
2019-09-21 04:39:17,744 [pool-67-thread-1] INFO  server.RaftServerConfigKeys (ConfUtils.java:logGet(43)) - raft.server.retrycache.expirytime = 600000ms (custom)
2019-09-21 04:39:17,744 [pool-37-thread-1] INFO  impl.RoleInfo (RoleInfo.java:updateAndGet(143)) - c967b5d6-addd-4373-9d03-98e6e3c98670: start FollowerState
2019-09-21 04:39:17,744 [2c78ef93-8df4-44d4-b6a1-8f8ab8638bd5@group-865E2A899AAB:LeaderElection12] INFO  server.RaftServerConfigKeys (ConfUtils.java:logGet(43)) - raft.server.rpc.request.timeout = 3000ms (default)
2019-09-21 04:39:17,745 [2c78ef93-8df4-44d4-b6a1-8f8ab8638bd5@group-865E2A899AAB:LeaderElection12] INFO  server.RaftServerConfigKeys (ConfUtils.java:logGet(43)) - raft.server.log.appender.install.snapshot.enabled = false (custom)
2019-09-21 04:39:17,745 [pool-37-thread-1] INFO  util.JmxRegister (JmxRegister.java:tryRegister(44)) - Successfully registered JMX Bean with object name Ratis:service=RaftServer,group=group-02E0A9691D1A,id=c967b5d6-addd-4373-9d03-98e6e3c98670
2019-09-21 04:39:17,745 [2c78ef93-8df4-44d4-b6a1-8f8ab8638bd5@group-865E2A899AAB:LeaderElection12] INFO  server.RaftServerConfigKeys (ConfUtils.java:logGet(43)) - raft.server.log.appender.snapshot.chunk.size.max = 16MB (=16777216) (default)
2019-09-21 04:39:17,745 [2c78ef93-8df4-44d4-b6a1-8f8ab8638bd5@group-865E2A899AAB:LeaderElection12] INFO  server.RaftServerConfigKeys (ConfUtils.java:logGet(43)) - raft.server.log.appender.buffer.byte-limit = 33554432 (custom)
2019-09-21 04:39:17,745 [2c78ef93-8df4-44d4-b6a1-8f8ab8638bd5@group-865E2A899AAB:LeaderElection12] INFO  server.RaftServerConfigKeys (ConfUtils.java:logGet(43)) - raft.server.log.appender.buffer.element-limit = 1 (custom)
2019-09-21 04:39:17,746 [2c78ef93-8df4-44d4-b6a1-8f8ab8638bd5@group-865E2A899AAB:LeaderElection12] INFO  grpc.GrpcConfigKeys$Server (ConfUtils.java:logGet(43)) - raft.grpc.server.leader.outstanding.appends.max = 128 (default)
2019-09-21 04:39:17,746 [2c78ef93-8df4-44d4-b6a1-8f8ab8638bd5@group-865E2A899AAB:LeaderElection12] INFO  server.RaftServerConfigKeys (ConfUtils.java:logGet(43)) - raft.server.rpc.request.timeout = 3000ms (default)
2019-09-21 04:39:17,746 [2c78ef93-8df4-44d4-b6a1-8f8ab8638bd5@group-865E2A899AAB:LeaderElection12] INFO  server.RaftServerConfigKeys (ConfUtils.java:logGet(43)) - raft.server.log.appender.install.snapshot.enabled = false (custom)
2019-09-21 04:39:17,746 [2c78ef93-8df4-44d4-b6a1-8f8ab8638bd5@group-865E2A899AAB:LeaderElection12] INFO  impl.RoleInfo (RoleInfo.java:updateAndGet(143)) - 2c78ef93-8df4-44d4-b6a1-8f8ab8638bd5: start LeaderState
2019-09-21 04:39:17,746 [2c78ef93-8df4-44d4-b6a1-8f8ab8638bd5@group-865E2A899AAB:LeaderElection12] INFO  segmented.SegmentedRaftLogWorker (SegmentedRaftLogWorker.java:startLogSegment(380)) - 2c78ef93-8df4-44d4-b6a1-8f8ab8638bd5@group-865E2A899AAB-SegmentedRaftLogWorker: Starting segment from index:0
2019-09-21 04:39:17,747 [pool-27-thread-1] INFO  impl.RaftServerImpl (RaftServerImpl.java:start(185)) - 540b5430-d789-473d-b5c8-a0b50e424f93@group-ABA1CB25FD18: start as a follower, conf=-1: [2c78ef93-8df4-44d4-b6a1-8f8ab8638bd5:192.168.36.72:34392, 540b5430-d789-473d-b5c8-a0b50e424f93:192.168.36.72:44443, c967b5d6-addd-4373-9d03-98e6e3c98670:192.168.36.72:36997], old=null
2019-09-21 04:39:17,747 [pool-27-thread-1] INFO  impl.RaftServerImpl (RaftServerImpl.java:setRole(174)) - 540b5430-d789-473d-b5c8-a0b50e424f93@group-ABA1CB25FD18: changes role from      null to FOLLOWER at term 0 for startAsFollower
2019-09-21 04:39:17,747 [pool-27-thread-1] INFO  impl.RoleInfo (RoleInfo.java:updateAndGet(143)) - 540b5430-d789-473d-b5c8-a0b50e424f93: start FollowerState
2019-09-21 04:39:17,747 [2c78ef93-8df4-44d4-b6a1-8f8ab8638bd5@group-865E2A899AAB:LeaderElection12] INFO  impl.RaftServerImpl (ServerState.java:setRaftConf(354)) - 2c78ef93-8df4-44d4-b6a1-8f8ab8638bd5@group-865E2A899AAB: set configuration 0: [2c78ef93-8df4-44d4-b6a1-8f8ab8638bd5:192.168.36.72:34392, 540b5430-d789-473d-b5c8-a0b50e424f93:192.168.36.72:44443, c967b5d6-addd-4373-9d03-98e6e3c98670:192.168.36.72:36997], old=null at 0
2019-09-21 04:39:17,779 [pool-27-thread-1] INFO  util.JmxRegister (JmxRegister.java:tryRegister(44)) - Successfully registered JMX Bean with object name Ratis:service=RaftServer,group=group-ABA1CB25FD18,id=540b5430-d789-473d-b5c8-a0b50e424f93
2019-09-21 04:39:17,779 [pool-67-thread-1] INFO  impl.RaftServerImpl (RaftServerImpl.java:start(185)) - 2c78ef93-8df4-44d4-b6a1-8f8ab8638bd5@group-02E0A9691D1A: start as a follower, conf=-1: [2c78ef93-8df4-44d4-b6a1-8f8ab8638bd5:192.168.36.72:34392, 540b5430-d789-473d-b5c8-a0b50e424f93:192.168.36.72:44443, c967b5d6-addd-4373-9d03-98e6e3c98670:192.168.36.72:36997], old=null
2019-09-21 04:39:17,779 [pool-67-thread-1] INFO  impl.RaftServerImpl (RaftServerImpl.java:setRole(174)) - 2c78ef93-8df4-44d4-b6a1-8f8ab8638bd5@group-02E0A9691D1A: changes role from      null to FOLLOWER at term 0 for startAsFollower
2019-09-21 04:39:17,779 [pool-67-thread-1] INFO  impl.RoleInfo (RoleInfo.java:updateAndGet(143)) - 2c78ef93-8df4-44d4-b6a1-8f8ab8638bd5: start FollowerState
2019-09-21 04:39:17,780 [pool-67-thread-1] INFO  util.JmxRegister (JmxRegister.java:tryRegister(44)) - Successfully registered JMX Bean with object name Ratis:service=RaftServer,group=group-02E0A9691D1A,id=2c78ef93-8df4-44d4-b6a1-8f8ab8638bd5
2019-09-21 04:39:17,783 [grpc-default-executor-1] INFO  impl.RaftServerImpl (ServerState.java:setLeader(253)) - 540b5430-d789-473d-b5c8-a0b50e424f93@group-865E2A899AAB: change Leader from null to 2c78ef93-8df4-44d4-b6a1-8f8ab8638bd5 at term 2 for appendEntries, leader elected after 7861ms
2019-09-21 04:39:17,783 [pool-27-thread-1] INFO  impl.RaftServerImpl (RaftServerImpl.java:<init>(95)) - 540b5430-d789-473d-b5c8-a0b50e424f93: new RaftServerImpl for group-02E0A9691D1A:[2c78ef93-8df4-44d4-b6a1-8f8ab8638bd5:192.168.36.72:34392, 540b5430-d789-473d-b5c8-a0b50e424f93:192.168.36.72:44443, c967b5d6-addd-4373-9d03-98e6e3c98670:192.168.36.72:36997] with ContainerStateMachine:uninitialized
2019-09-21 04:39:17,783 [grpc-default-executor-4] INFO  impl.RaftServerImpl (ServerState.java:setLeader(253)) - c967b5d6-addd-4373-9d03-98e6e3c98670@group-865E2A899AAB: change Leader from null to 2c78ef93-8df4-44d4-b6a1-8f8ab8638bd5 at term 2 for appendEntries, leader elected after 14913ms
2019-09-21 04:39:17,783 [pool-27-thread-1] INFO  server.RaftServerConfigKeys (ConfUtils.java:logGet(43)) - raft.server.rpc.timeout.min = 5s (custom)
2019-09-21 04:39:17,784 [pool-27-thread-1] INFO  server.RaftServerConfigKeys (ConfUtils.java:logGet(43)) - raft.server.rpc.timeout.max = 5200ms (custom)
2019-09-21 04:39:17,784 [pool-27-thread-1] INFO  server.RaftServerConfigKeys (ConfUtils.java:logGet(43)) - raft.server.rpcslowness.timeout = 120s (custom)
2019-09-21 04:39:17,784 [pool-27-thread-1] INFO  server.RaftServerConfigKeys (ConfUtils.java:logGet(43)) - raft.server.sleep.deviation.threshold = 300 (default)
2019-09-21 04:39:17,784 [pool-27-thread-1] INFO  server.RaftServerConfigKeys (ConfUtils.java:logGet(43)) - raft.server.log.appender.install.snapshot.enabled = false (custom)
2019-09-21 04:39:17,784 [pool-27-thread-1] INFO  impl.RaftServerImpl (ServerState.java:<init>(103)) - 540b5430-d789-473d-b5c8-a0b50e424f93@group-02E0A9691D1A: ConfigurationManager, init=-1: [2c78ef93-8df4-44d4-b6a1-8f8ab8638bd5:192.168.36.72:34392, 540b5430-d789-473d-b5c8-a0b50e424f93:192.168.36.72:44443, c967b5d6-addd-4373-9d03-98e6e3c98670:192.168.36.72:36997], old=null, confs=<EMPTY_MAP>
2019-09-21 04:39:17,785 [pool-27-thread-1] INFO  server.RaftServerConfigKeys (ConfUtils.java:logGet(43)) - raft.server.storage.dir = [/workdir/hadoop-ozone/ozonefs/target/test-dir/MiniOzoneClusterImpl-9eda3440-c808-4542-bfb4-02ef632557ef/datanode-0/data/ratis] (custom)
2019-09-21 04:39:17,785 [pool-27-thread-1] INFO  storage.RaftStorageDirectory (RaftStorageDirectory.java:analyzeStorage(246)) - The storage directory /workdir/hadoop-ozone/ozonefs/target/test-dir/MiniOzoneClusterImpl-9eda3440-c808-4542-bfb4-02ef632557ef/datanode-0/data/ratis/39c63586-7064-4b76-8558-02e0a9691d1a does not exist. Creating ...
2019-09-21 04:39:17,788 [grpc-default-executor-1] INFO  impl.RaftServerImpl (ServerState.java:setRaftConf(354)) - 540b5430-d789-473d-b5c8-a0b50e424f93@group-865E2A899AAB: set configuration 0: [2c78ef93-8df4-44d4-b6a1-8f8ab8638bd5:192.168.36.72:34392, 540b5430-d789-473d-b5c8-a0b50e424f93:192.168.36.72:44443, c967b5d6-addd-4373-9d03-98e6e3c98670:192.168.36.72:36997], old=null at 0
2019-09-21 04:39:17,788 [grpc-default-executor-1] INFO  segmented.SegmentedRaftLogWorker (SegmentedRaftLogWorker.java:startLogSegment(380)) - 540b5430-d789-473d-b5c8-a0b50e424f93@group-865E2A899AAB-SegmentedRaftLogWorker: Starting segment from index:0
2019-09-21 04:39:17,788 [grpc-default-executor-4] INFO  impl.RaftServerImpl (ServerState.java:setRaftConf(354)) - c967b5d6-addd-4373-9d03-98e6e3c98670@group-865E2A899AAB: set configuration 0: [2c78ef93-8df4-44d4-b6a1-8f8ab8638bd5:192.168.36.72:34392, 540b5430-d789-473d-b5c8-a0b50e424f93:192.168.36.72:44443, c967b5d6-addd-4373-9d03-98e6e3c98670:192.168.36.72:36997], old=null at 0
2019-09-21 04:39:17,789 [grpc-default-executor-4] INFO  segmented.SegmentedRaftLogWorker (SegmentedRaftLogWorker.java:startLogSegment(380)) - c967b5d6-addd-4373-9d03-98e6e3c98670@group-865E2A899AAB-SegmentedRaftLogWorker: Starting segment from index:0
2019-09-21 04:39:18,053 [pool-27-thread-1] INFO  storage.RaftStorageDirectory (RaftStorageDirectory.java:tryLock(328)) - Lock on /workdir/hadoop-ozone/ozonefs/target/test-dir/MiniOzoneClusterImpl-9eda3440-c808-4542-bfb4-02ef632557ef/datanode-0/data/ratis/39c63586-7064-4b76-8558-02e0a9691d1a/in_use.lock acquired by nodename 20870@pr-hdds-2163-pdhxj-1463177635
2019-09-21 04:39:18,053 [2c78ef93-8df4-44d4-b6a1-8f8ab8638bd5@group-865E2A899AAB-SegmentedRaftLogWorker] INFO  segmented.SegmentedRaftLogWorker (SegmentedRaftLogWorker.java:execute(569)) - 2c78ef93-8df4-44d4-b6a1-8f8ab8638bd5@group-865E2A899AAB-SegmentedRaftLogWorker: created new log segment /workdir/hadoop-ozone/ozonefs/target/test-dir/MiniOzoneClusterImpl-9eda3440-c808-4542-bfb4-02ef632557ef/datanode-4/data/ratis/f5f2966d-09f4-46ee-80a4-865e2a899aab/current/log_inprogress_0
2019-09-21 04:39:18,054 [540b5430-d789-473d-b5c8-a0b50e424f93@group-865E2A899AAB-SegmentedRaftLogWorker] INFO  segmented.SegmentedRaftLogWorker (SegmentedRaftLogWorker.java:execute(569)) - 540b5430-d789-473d-b5c8-a0b50e424f93@group-865E2A899AAB-SegmentedRaftLogWorker: created new log segment /workdir/hadoop-ozone/ozonefs/target/test-dir/MiniOzoneClusterImpl-9eda3440-c808-4542-bfb4-02ef632557ef/datanode-0/data/ratis/f5f2966d-09f4-46ee-80a4-865e2a899aab/current/log_inprogress_0
2019-09-21 04:39:18,054 [c967b5d6-addd-4373-9d03-98e6e3c98670@group-865E2A899AAB-SegmentedRaftLogWorker] INFO  segmented.SegmentedRaftLogWorker (SegmentedRaftLogWorker.java:execute(569)) - c967b5d6-addd-4373-9d03-98e6e3c98670@group-865E2A899AAB-SegmentedRaftLogWorker: created new log segment /workdir/hadoop-ozone/ozonefs/target/test-dir/MiniOzoneClusterImpl-9eda3440-c808-4542-bfb4-02ef632557ef/datanode-1/data/ratis/f5f2966d-09f4-46ee-80a4-865e2a899aab/current/log_inprogress_0
2019-09-21 04:39:18,068 [pool-27-thread-1] INFO  storage.RaftStorage (RaftStorage.java:format(72)) - Storage directory /workdir/hadoop-ozone/ozonefs/target/test-dir/MiniOzoneClusterImpl-9eda3440-c808-4542-bfb4-02ef632557ef/datanode-0/data/ratis/39c63586-7064-4b76-8558-02e0a9691d1a has been successfully formatted.
2019-09-21 04:39:18,069 [pool-27-thread-1] INFO  ratis.ContainerStateMachine (ContainerStateMachine.java:loadSnapshot(230)) - group-02E0A9691D1A: The snapshot info is null. Setting the last applied indexto:(t:0, i:~)
2019-09-21 04:39:18,069 [pool-27-thread-1] INFO  server.RaftServerConfigKeys (ConfUtils.java:logGet(43)) - raft.server.notification.no-leader.timeout = 120s (custom)
2019-09-21 04:39:18,069 [pool-27-thread-1] INFO  server.RaftServerConfigKeys (ConfUtils.java:logGet(43)) - raft.server.log.use.memory = false (default)
2019-09-21 04:39:18,069 [pool-27-thread-1] INFO  server.RaftServerConfigKeys (ConfUtils.java:logGet(43)) - raft.server.log.purge.gap = 1000000 (custom)
2019-09-21 04:39:18,070 [pool-27-thread-1] INFO  server.RaftServerConfigKeys (ConfUtils.java:logGet(43)) - raft.server.log.appender.buffer.byte-limit = 33554432 (custom)
2019-09-21 04:39:18,070 [pool-27-thread-1] INFO  server.RaftServerConfigKeys (ConfUtils.java:logGet(43)) - raft.server.log.segment.size.max = 1048576 (custom)
2019-09-21 04:39:18,070 [pool-27-thread-1] INFO  server.RaftServerConfigKeys (ConfUtils.java:logGet(43)) - raft.server.log.segment.cache.num.max = 2 (custom)
2019-09-21 04:39:18,070 [pool-27-thread-1] INFO  segmented.SegmentedRaftLogWorker (SegmentedRaftLogWorker.java:<init>(172)) - new 540b5430-d789-473d-b5c8-a0b50e424f93@group-02E0A9691D1A-SegmentedRaftLogWorker for RaftStorage:Storage Directory /workdir/hadoop-ozone/ozonefs/target/test-dir/MiniOzoneClusterImpl-9eda3440-c808-4542-bfb4-02ef632557ef/datanode-0/data/ratis/39c63586-7064-4b76-8558-02e0a9691d1a
2019-09-21 04:39:18,070 [pool-27-thread-1] INFO  server.RaftServerConfigKeys (ConfUtils.java:logGet(43)) - raft.server.log.queue.byte-limit = 2147483647 (custom)
2019-09-21 04:39:18,071 [pool-27-thread-1] INFO  server.RaftServerConfigKeys (ConfUtils.java:logGet(43)) - raft.server.log.queue.element-limit = 1024 (custom)
2019-09-21 04:39:18,071 [pool-27-thread-1] INFO  server.RaftServerConfigKeys (ConfUtils.java:logGet(43)) - raft.server.log.segment.size.max = 1048576 (custom)
2019-09-21 04:39:18,071 [pool-27-thread-1] INFO  server.RaftServerConfigKeys (ConfUtils.java:logGet(43)) - raft.server.log.preallocated.size = 16384 (custom)
2019-09-21 04:39:18,071 [pool-27-thread-1] INFO  server.RaftServerConfigKeys (ConfUtils.java:logGet(43)) - raft.server.log.write.buffer.size = 33554432 (custom)
2019-09-21 04:39:18,071 [pool-27-thread-1] INFO  server.RaftServerConfigKeys (ConfUtils.java:logGet(43)) - raft.server.log.force.sync.num = 128 (default)
2019-09-21 04:39:18,071 [pool-27-thread-1] INFO  server.RaftServerConfigKeys (ConfUtils.java:logGet(43)) - raft.server.log.statemachine.data.sync = true (default)
2019-09-21 04:39:18,072 [pool-27-thread-1] INFO  server.RaftServerConfigKeys (ConfUtils.java:logGet(43)) - raft.server.log.statemachine.data.sync.timeout = 10s (default)
2019-09-21 04:39:18,072 [pool-27-thread-1] INFO  server.RaftServerConfigKeys (ConfUtils.java:logGet(43)) - raft.server.log.statemachine.data.sync.timeout.retry = -1 (default)
2019-09-21 04:39:18,072 [pool-27-thread-1] INFO  server.RaftServerConfigKeys (ConfUtils.java:logGet(43)) - raft.server.log.statemachine.data.caching.enabled = true (custom)
2019-09-21 04:39:18,073 [pool-27-thread-1] INFO  segmented.SegmentedRaftLogWorker (SegmentedRaftLogWorker.java:lambda$new$0(132)) - 540b5430-d789-473d-b5c8-a0b50e424f93@group-02E0A9691D1A-SegmentedRaftLogWorker: flushIndex: setUnconditionally 0 -> -1
2019-09-21 04:39:18,073 [pool-27-thread-1] INFO  server.RaftServerConfigKeys (ConfUtils.java:logGet(43)) - raft.server.snapshot.auto.trigger.enabled = true (custom)
2019-09-21 04:39:18,073 [pool-27-thread-1] INFO  server.RaftServerConfigKeys (ConfUtils.java:logGet(43)) - raft.server.snapshot.auto.trigger.threshold = 10000 (custom)
2019-09-21 04:39:18,073 [pool-27-thread-1] INFO  server.RaftServerConfigKeys (ConfUtils.java:logGet(43)) - raft.server.snapshot.retention.num.files = 5 (custom)
2019-09-21 04:39:18,074 [pool-27-thread-1] INFO  server.RaftServerConfigKeys (ConfUtils.java:logGet(43)) - raft.server.retrycache.expirytime = 600000ms (custom)
2019-09-21 04:39:18,077 [pool-27-thread-1] INFO  impl.RaftServerImpl (RaftServerImpl.java:start(185)) - 540b5430-d789-473d-b5c8-a0b50e424f93@group-595DD7EB5693: start as a follower, conf=-1: [2c78ef93-8df4-44d4-b6a1-8f8ab8638bd5:192.168.36.72:34392, 540b5430-d789-473d-b5c8-a0b50e424f93:192.168.36.72:44443, c967b5d6-addd-4373-9d03-98e6e3c98670:192.168.36.72:36997], old=null
2019-09-21 04:39:18,077 [pool-27-thread-1] INFO  impl.RaftServerImpl (RaftServerImpl.java:setRole(174)) - 540b5430-d789-473d-b5c8-a0b50e424f93@group-595DD7EB5693: changes role from      null to FOLLOWER at term 0 for startAsFollower
2019-09-21 04:39:18,078 [pool-27-thread-1] INFO  impl.RoleInfo (RoleInfo.java:updateAndGet(143)) - 540b5430-d789-473d-b5c8-a0b50e424f93: start FollowerState
2019-09-21 04:39:18,078 [pool-27-thread-1] INFO  util.JmxRegister (JmxRegister.java:tryRegister(44)) - Successfully registered JMX Bean with object name Ratis:service=RaftServer,group=group-595DD7EB5693,id=540b5430-d789-473d-b5c8-a0b50e424f93
2019-09-21 04:39:18,079 [pool-27-thread-1] INFO  impl.RaftServerImpl (RaftServerImpl.java:start(185)) - 540b5430-d789-473d-b5c8-a0b50e424f93@group-958DC993EA19: start as a follower, conf=-1: [2c78ef93-8df4-44d4-b6a1-8f8ab8638bd5:192.168.36.72:34392, 540b5430-d789-473d-b5c8-a0b50e424f93:192.168.36.72:44443, c967b5d6-addd-4373-9d03-98e6e3c98670:192.168.36.72:36997], old=null
2019-09-21 04:39:18,079 [pool-27-thread-1] INFO  impl.RaftServerImpl (RaftServerImpl.java:setRole(174)) - 540b5430-d789-473d-b5c8-a0b50e424f93@group-958DC993EA19: changes role from      null to FOLLOWER at term 0 for startAsFollower
2019-09-21 04:39:18,079 [pool-27-thread-1] INFO  impl.RoleInfo (RoleInfo.java:updateAndGet(143)) - 540b5430-d789-473d-b5c8-a0b50e424f93: start FollowerState
2019-09-21 04:39:18,079 [pool-27-thread-1] INFO  util.JmxRegister (JmxRegister.java:tryRegister(44)) - Successfully registered JMX Bean with object name Ratis:service=RaftServer,group=group-958DC993EA19,id=540b5430-d789-473d-b5c8-a0b50e424f93
2019-09-21 04:39:18,080 [pool-27-thread-1] INFO  impl.RaftServerImpl (RaftServerImpl.java:start(185)) - 540b5430-d789-473d-b5c8-a0b50e424f93@group-02E0A9691D1A: start as a follower, conf=-1: [2c78ef93-8df4-44d4-b6a1-8f8ab8638bd5:192.168.36.72:34392, 540b5430-d789-473d-b5c8-a0b50e424f93:192.168.36.72:44443, c967b5d6-addd-4373-9d03-98e6e3c98670:192.168.36.72:36997], old=null
2019-09-21 04:39:18,080 [pool-27-thread-1] INFO  impl.RaftServerImpl (RaftServerImpl.java:setRole(174)) - 540b5430-d789-473d-b5c8-a0b50e424f93@group-02E0A9691D1A: changes role from      null to FOLLOWER at term 0 for startAsFollower
2019-09-21 04:39:18,080 [pool-27-thread-1] INFO  impl.RoleInfo (RoleInfo.java:updateAndGet(143)) - 540b5430-d789-473d-b5c8-a0b50e424f93: start FollowerState
2019-09-21 04:39:18,088 [pool-27-thread-1] INFO  util.JmxRegister (JmxRegister.java:tryRegister(44)) - Successfully registered JMX Bean with object name Ratis:service=RaftServer,group=group-02E0A9691D1A,id=540b5430-d789-473d-b5c8-a0b50e424f93
2019-09-21 04:39:18,097 [RATISCREATEPIPELINE2] ERROR pipeline.RatisPipelineProvider (RatisPipelineProvider.java:lambda$null$5(235)) - Failed invoke Ratis rpc org.apache.hadoop.hdds.scm.pipeline.RatisPipelineProvider$$Lambda$200/505994749@2e978001 for 540b5430-d789-473d-b5c8-a0b50e424f93
org.apache.ratis.protocol.TimeoutIOException: deadline exceeded after 2996196635ns
	at org.apache.ratis.grpc.GrpcUtil.tryUnwrapException(GrpcUtil.java:82)
	at org.apache.ratis.grpc.GrpcUtil.unwrapException(GrpcUtil.java:75)
	at org.apache.ratis.grpc.client.GrpcClientProtocolClient.blockingCall(GrpcClientProtocolClient.java:178)
	at org.apache.ratis.grpc.client.GrpcClientProtocolClient.groupAdd(GrpcClientProtocolClient.java:147)
	at org.apache.ratis.grpc.client.GrpcClientRpc.sendRequest(GrpcClientRpc.java:94)
	at org.apache.ratis.client.impl.RaftClientImpl.sendRequest(RaftClientImpl.java:278)
	at org.apache.ratis.client.impl.RaftClientImpl.groupAdd(RaftClientImpl.java:205)
	at org.apache.hadoop.hdds.scm.pipeline.RatisPipelineProvider.lambda$initializePipeline$4(RatisPipelineProvider.java:196)
	at org.apache.hadoop.hdds.scm.pipeline.RatisPipelineProvider.lambda$null$5(RatisPipelineProvider.java:231)
	at java.util.stream.ForEachOps$ForEachOp$OfRef.accept(ForEachOps.java:184)
	at java.util.ArrayList$ArrayListSpliterator.forEachRemaining(ArrayList.java:1382)
	at java.util.stream.AbstractPipeline.copyInto(AbstractPipeline.java:482)
	at java.util.stream.ForEachOps$ForEachTask.compute(ForEachOps.java:291)
	at java.util.concurrent.CountedCompleter.exec(CountedCompleter.java:731)
	at java.util.concurrent.ForkJoinTask.doExec(ForkJoinTask.java:289)
	at java.util.concurrent.ForkJoinPool$WorkQueue.runTask(ForkJoinPool.java:1056)
	at java.util.concurrent.ForkJoinPool.runWorker(ForkJoinPool.java:1692)
	at java.util.concurrent.ForkJoinWorkerThread.run(ForkJoinWorkerThread.java:157)
Caused by: org.apache.ratis.thirdparty.io.grpc.StatusRuntimeException: DEADLINE_EXCEEDED: deadline exceeded after 2996196635ns
	at org.apache.ratis.thirdparty.io.grpc.stub.ClientCalls.toStatusRuntimeException(ClientCalls.java:233)
	at org.apache.ratis.thirdparty.io.grpc.stub.ClientCalls.getUnchecked(ClientCalls.java:214)
	at org.apache.ratis.thirdparty.io.grpc.stub.ClientCalls.blockingUnaryCall(ClientCalls.java:139)
	at org.apache.ratis.proto.grpc.AdminProtocolServiceGrpc$AdminProtocolServiceBlockingStub.groupManagement(AdminProtocolServiceGrpc.java:274)
	at org.apache.ratis.grpc.client.GrpcClientProtocolClient.lambda$groupAdd$3(GrpcClientProtocolClient.java:149)
	at org.apache.ratis.grpc.client.GrpcClientProtocolClient.blockingCall(GrpcClientProtocolClient.java:176)
	... 15 more
2019-09-21 04:39:18,099 [IPC Server handler 3 on 43805] WARN  block.BlockManagerImpl (BlockManagerImpl.java:allocateBlock(192)) - Pipeline creation failed for type:RATIS factor:THREE. Retrying get pipelines call once.
java.io.IOException: Failed invoke Ratis rpc org.apache.hadoop.hdds.scm.pipeline.RatisPipelineProvider$$Lambda$200/505994749@2e978001 for 540b5430-d789-473d-b5c8-a0b50e424f93
	at org.apache.hadoop.hdds.scm.pipeline.RatisPipelineProvider.lambda$null$5(RatisPipelineProvider.java:236)
	at java.util.stream.ForEachOps$ForEachOp$OfRef.accept(ForEachOps.java:184)
	at java.util.ArrayList$ArrayListSpliterator.forEachRemaining(ArrayList.java:1382)
	at java.util.stream.AbstractPipeline.copyInto(AbstractPipeline.java:482)
	at java.util.stream.ForEachOps$ForEachTask.compute(ForEachOps.java:291)
	at java.util.concurrent.CountedCompleter.exec(CountedCompleter.java:731)
	at java.util.concurrent.ForkJoinTask.doExec(ForkJoinTask.java:289)
	at java.util.concurrent.ForkJoinPool$WorkQueue.runTask(ForkJoinPool.java:1056)
	at java.util.concurrent.ForkJoinPool.runWorker(ForkJoinPool.java:1692)
	at java.util.concurrent.ForkJoinWorkerThread.run(ForkJoinWorkerThread.java:157)
Caused by: org.apache.ratis.protocol.TimeoutIOException: deadline exceeded after 2996196635ns
	at org.apache.ratis.grpc.GrpcUtil.tryUnwrapException(GrpcUtil.java:82)
	at org.apache.ratis.grpc.GrpcUtil.unwrapException(GrpcUtil.java:75)
	at org.apache.ratis.grpc.client.GrpcClientProtocolClient.blockingCall(GrpcClientProtocolClient.java:178)
	at org.apache.ratis.grpc.client.GrpcClientProtocolClient.groupAdd(GrpcClientProtocolClient.java:147)
	at org.apache.ratis.grpc.client.GrpcClientRpc.sendRequest(GrpcClientRpc.java:94)
	at org.apache.ratis.client.impl.RaftClientImpl.sendRequest(RaftClientImpl.java:278)
	at org.apache.ratis.client.impl.RaftClientImpl.groupAdd(RaftClientImpl.java:205)
	at org.apache.hadoop.hdds.scm.pipeline.RatisPipelineProvider.lambda$initializePipeline$4(RatisPipelineProvider.java:196)
	at org.apache.hadoop.hdds.scm.pipeline.RatisPipelineProvider.lambda$null$5(RatisPipelineProvider.java:231)
	... 9 more
Caused by: org.apache.ratis.thirdparty.io.grpc.StatusRuntimeException: DEADLINE_EXCEEDED: deadline exceeded after 2996196635ns
	at org.apache.ratis.thirdparty.io.grpc.stub.ClientCalls.toStatusRuntimeException(ClientCalls.java:233)
	at org.apache.ratis.thirdparty.io.grpc.stub.ClientCalls.getUnchecked(ClientCalls.java:214)
	at org.apache.ratis.thirdparty.io.grpc.stub.ClientCalls.blockingUnaryCall(ClientCalls.java:139)
	at org.apache.ratis.proto.grpc.AdminProtocolServiceGrpc$AdminProtocolServiceBlockingStub.groupManagement(AdminProtocolServiceGrpc.java:274)
	at org.apache.ratis.grpc.client.GrpcClientProtocolClient.lambda$groupAdd$3(GrpcClientProtocolClient.java:149)
	at org.apache.ratis.grpc.client.GrpcClientProtocolClient.blockingCall(GrpcClientProtocolClient.java:176)
	... 15 more
2019-09-21 04:39:18,102 [IPC Server handler 3 on 43805] INFO  block.BlockManagerImpl (BlockManagerImpl.java:allocateBlock(198)) - Could not find available pipeline of type:RATIS and factor:THREE even after retrying
2019-09-21 04:39:18,102 [IPC Server handler 3 on 43805] ERROR block.BlockManagerImpl (BlockManagerImpl.java:allocateBlock(222)) - Unable to allocate a block for the size: 4194304, type: RATIS, factor: THREE
2019-09-21 04:39:18,104 [Thread-304] INFO  contract.ITestOzoneContractGetFileStatus (ITestOzoneContractGetFileStatus.java:teardown(57)) - FS details OzoneFileSystem{URI=o3fs://bucket60073.volume85564, workingDir=o3fs://bucket60073.volume85564/user/jenkins1000, userName=jenkins1000, statistics=0 bytes read, 0 bytes written, 35 read ops, 0 large read ops, 14 write ops}
]]></system-out>
  </testcase>
  <testcase name="testListFilesNoDir" classname="org.apache.hadoop.fs.ozone.contract.ITestOzoneContractGetFileStatus" time="0.131"/>
  <testcase name="testListLocatedStatusEmptyDirectory" classname="org.apache.hadoop.fs.ozone.contract.ITestOzoneContractGetFileStatus" time="0.122"/>
  <testcase name="testListFilesFile" classname="org.apache.hadoop.fs.ozone.contract.ITestOzoneContractGetFileStatus" time="0.908"/>
  <testcase name="testComplexDirActions" classname="org.apache.hadoop.fs.ozone.contract.ITestOzoneContractGetFileStatus" time="24.697"/>
  <testcase name="testListStatusFile" classname="org.apache.hadoop.fs.ozone.contract.ITestOzoneContractGetFileStatus" time="0.129"/>
  <testcase name="testListStatusNoDir" classname="org.apache.hadoop.fs.ozone.contract.ITestOzoneContractGetFileStatus" time="0.102"/>
  <testcase name="testListStatusFilteredNoDir" classname="org.apache.hadoop.fs.ozone.contract.ITestOzoneContractGetFileStatus" time="0.09"/>
  <testcase name="testListFilesFileRecursive" classname="org.apache.hadoop.fs.ozone.contract.ITestOzoneContractGetFileStatus" time="0.096"/>
  <testcase name="testLocatedStatusNoDir" classname="org.apache.hadoop.fs.ozone.contract.ITestOzoneContractGetFileStatus" time="0.08"/>
  <testcase name="testGetFileStatusNonexistentFile" classname="org.apache.hadoop.fs.ozone.contract.ITestOzoneContractGetFileStatus" time="0.091"/>
</testsuite>