<?xml version="1.0" encoding="UTF-8"?>
<testsuite xmlns:xsi="http://www.w3.org/2001/XMLSchema-instance" xsi:noNamespaceSchemaLocation="https://maven.apache.org/surefire/maven-surefire-plugin/xsd/surefire-test-report.xsd" name="org.apache.hadoop.ozone.client.rpc.TestBlockOutputStream" time="604.135" tests="6" errors="0" skipped="0" failures="3">
  <properties>
    <property name="awt.toolkit" value="sun.awt.X11.XToolkit"/>
    <property name="file.encoding.pkg" value="sun.io"/>
    <property name="java.specification.version" value="1.8"/>
    <property name="sun.cpu.isalist" value=""/>
    <property name="sun.jnu.encoding" value="UTF-8"/>
    <property name="java.class.path" value="/workdir/hadoop-ozone/integration-test/target/test-classes:/workdir/hadoop-ozone/integration-test/target/classes:/home/user/.m2/repository/org/apache/hadoop/hadoop-ozone-common/0.5.0-SNAPSHOT/hadoop-ozone-common-0.5.0-SNAPSHOT.jar:/home/user/.m2/repository/org/apache/commons/commons-compress/1.4.1/commons-compress-1.4.1.jar:/home/user/.m2/repository/org/tukaani/xz/1.0/xz-1.0.jar:/home/user/.m2/repository/org/apache/hadoop/hadoop-common/3.2.0/hadoop-common-3.2.0.jar:/home/user/.m2/repository/org/apache/hadoop/hadoop-hdfs/3.2.0/hadoop-hdfs-3.2.0.jar:/home/user/.m2/repository/org/apache/hadoop/hadoop-hdfs-client/3.2.0/hadoop-hdfs-client-3.2.0.jar:/home/user/.m2/repository/com/fasterxml/jackson/core/jackson-annotations/2.9.5/jackson-annotations-2.9.5.jar:/home/user/.m2/repository/org/apache/hadoop/hadoop-hdds-common/0.5.0-SNAPSHOT/hadoop-hdds-common-0.5.0-SNAPSHOT.jar:/home/user/.m2/repository/javax/annotation/javax.annotation-api/1.2/javax.annotation-api-1.2.jar:/home/user/.m2/repository/org/apache/ratis/ratis-server/0.4.0-78e95b9-SNAPSHOT/ratis-server-0.4.0-78e95b9-SNAPSHOT.jar:/home/user/.m2/repository/org/apache/ratis/ratis-thirdparty-misc/0.2.0/ratis-thirdparty-misc-0.2.0.jar:/home/user/.m2/repository/org/apache/ratis/ratis-proto/0.4.0-78e95b9-SNAPSHOT/ratis-proto-0.4.0-78e95b9-SNAPSHOT.jar:/home/user/.m2/repository/org/apache/ratis/ratis-common/0.4.0-78e95b9-SNAPSHOT/ratis-common-0.4.0-78e95b9-SNAPSHOT.jar:/home/user/.m2/repository/org/apache/ratis/ratis-client/0.4.0-78e95b9-SNAPSHOT/ratis-client-0.4.0-78e95b9-SNAPSHOT.jar:/home/user/.m2/repository/org/apache/ratis/ratis-metrics/0.4.0-78e95b9-SNAPSHOT/ratis-metrics-0.4.0-78e95b9-SNAPSHOT.jar:/home/user/.m2/repository/com/github/joshelser/dropwizard-metrics-hadoop-metrics2-reporter/0.1.2/dropwizard-metrics-hadoop-metrics2-reporter-0.1.2.jar:/home/user/.m2/repository/io/dropwizard/metrics/metrics-jvm/3.2.5/metrics-jvm-3.2.5.jar:/home/user/.m2/repository/io/dropwizard/metrics/metrics-ganglia/3.2.5/metrics-ganglia-3.2.5.jar:/home/user/.m2/repository/info/ganglia/gmetric4j/gmetric4j/1.0.7/gmetric4j-1.0.7.jar:/home/user/.m2/repository/org/apache/ratis/ratis-netty/0.4.0-78e95b9-SNAPSHOT/ratis-netty-0.4.0-78e95b9-SNAPSHOT.jar:/home/user/.m2/repository/org/apache/ratis/ratis-grpc/0.4.0-78e95b9-SNAPSHOT/ratis-grpc-0.4.0-78e95b9-SNAPSHOT.jar:/home/user/.m2/repository/org/rocksdb/rocksdbjni/6.0.1/rocksdbjni-6.0.1.jar:/home/user/.m2/repository/org/apache/logging/log4j/log4j-api/2.11.0/log4j-api-2.11.0.jar:/home/user/.m2/repository/org/apache/logging/log4j/log4j-core/2.11.0/log4j-core-2.11.0.jar:/home/user/.m2/repository/com/lmax/disruptor/3.4.2/disruptor-3.4.2.jar:/home/user/.m2/repository/org/apache/commons/commons-pool2/2.6.0/commons-pool2-2.6.0.jar:/home/user/.m2/repository/org/bouncycastle/bcpkix-jdk15on/1.60/bcpkix-jdk15on-1.60.jar:/home/user/.m2/repository/commons-validator/commons-validator/1.6/commons-validator-1.6.jar:/home/user/.m2/repository/commons-digester/commons-digester/1.8.1/commons-digester-1.8.1.jar:/home/user/.m2/repository/io/jaegertracing/jaeger-client/0.33.1/jaeger-client-0.33.1.jar:/home/user/.m2/repository/io/jaegertracing/jaeger-thrift/0.33.1/jaeger-thrift-0.33.1.jar:/home/user/.m2/repository/org/apache/thrift/libthrift/0.11.0/libthrift-0.11.0.jar:/home/user/.m2/repository/com/squareup/okhttp3/okhttp/3.9.0/okhttp-3.9.0.jar:/home/user/.m2/repository/com/squareup/okio/okio/1.13.0/okio-1.13.0.jar:/home/user/.m2/repository/io/jaegertracing/jaeger-core/0.33.1/jaeger-core-0.33.1.jar:/home/user/.m2/repository/io/jaegertracing/jaeger-tracerresolver/0.33.1/jaeger-tracerresolver-0.33.1.jar:/home/user/.m2/repository/io/opentracing/contrib/opentracing-tracerresolver/0.1.5/opentracing-tracerresolver-0.1.5.jar:/home/user/.m2/repository/io/opentracing/opentracing-util/0.31.0/opentracing-util-0.31.0.jar:/home/user/.m2/repository/io/opentracing/opentracing-api/0.31.0/opentracing-api-0.31.0.jar:/home/user/.m2/repository/io/opentracing/opentracing-noop/0.31.0/opentracing-noop-0.31.0.jar:/home/user/.m2/repository/org/apache/hadoop/hadoop-hdds-server-framework/0.5.0-SNAPSHOT/hadoop-hdds-server-framework-0.5.0-SNAPSHOT.jar:/home/user/.m2/repository/org/apache/hadoop/hadoop-hdds-container-service/0.5.0-SNAPSHOT/hadoop-hdds-container-service-0.5.0-SNAPSHOT.jar:/home/user/.m2/repository/org/apache/hadoop/hadoop-hdds-client/0.5.0-SNAPSHOT/hadoop-hdds-client-0.5.0-SNAPSHOT.jar:/home/user/.m2/repository/org/apache/hadoop/hadoop-hdds-tools/0.5.0-SNAPSHOT/hadoop-hdds-tools-0.5.0-SNAPSHOT.jar:/home/user/.m2/repository/org/apache/hadoop/hadoop-hdds-server-scm/0.5.0-SNAPSHOT/hadoop-hdds-server-scm-0.5.0-SNAPSHOT.jar:/home/user/.m2/repository/org/apache/hadoop/hadoop-hdds-docs/0.5.0-SNAPSHOT/hadoop-hdds-docs-0.5.0-SNAPSHOT.jar:/home/user/.m2/repository/io/dropwizard/metrics/metrics-core/3.2.4/metrics-core-3.2.4.jar:/home/user/.m2/repository/org/hamcrest/hamcrest-all/1.3/hamcrest-all-1.3.jar:/home/user/.m2/repository/org/bouncycastle/bcprov-jdk15on/1.60/bcprov-jdk15on-1.60.jar:/home/user/.m2/repository/info/picocli/picocli/3.9.6/picocli-3.9.6.jar:/home/user/.m2/repository/com/google/protobuf/protobuf-java/2.5.0/protobuf-java-2.5.0.jar:/home/user/.m2/repository/com/google/guava/guava/11.0.2/guava-11.0.2.jar:/home/user/.m2/repository/org/apache/hadoop/hadoop-ozone-ozone-manager/0.5.0-SNAPSHOT/hadoop-ozone-ozone-manager-0.5.0-SNAPSHOT.jar:/home/user/.m2/repository/org/apache/hadoop/hadoop-minikdc/3.2.0/hadoop-minikdc-3.2.0.jar:/home/user/.m2/repository/commons-io/commons-io/2.5/commons-io-2.5.jar:/home/user/.m2/repository/org/apache/kerby/kerb-simplekdc/1.0.1/kerb-simplekdc-1.0.1.jar:/home/user/.m2/repository/org/apache/kerby/kerb-client/1.0.1/kerb-client-1.0.1.jar:/home/user/.m2/repository/org/apache/kerby/kerby-config/1.0.1/kerby-config-1.0.1.jar:/home/user/.m2/repository/org/apache/kerby/kerb-core/1.0.1/kerb-core-1.0.1.jar:/home/user/.m2/repository/org/apache/kerby/kerby-pkix/1.0.1/kerby-pkix-1.0.1.jar:/home/user/.m2/repository/org/apache/kerby/kerby-asn1/1.0.1/kerby-asn1-1.0.1.jar:/home/user/.m2/repository/org/apache/kerby/kerby-util/1.0.1/kerby-util-1.0.1.jar:/home/user/.m2/repository/org/apache/kerby/kerb-common/1.0.1/kerb-common-1.0.1.jar:/home/user/.m2/repository/org/apache/kerby/kerb-crypto/1.0.1/kerb-crypto-1.0.1.jar:/home/user/.m2/repository/org/apache/kerby/kerb-util/1.0.1/kerb-util-1.0.1.jar:/home/user/.m2/repository/org/apache/kerby/token-provider/1.0.1/token-provider-1.0.1.jar:/home/user/.m2/repository/org/apache/kerby/kerb-admin/1.0.1/kerb-admin-1.0.1.jar:/home/user/.m2/repository/org/apache/kerby/kerb-server/1.0.1/kerb-server-1.0.1.jar:/home/user/.m2/repository/org/apache/kerby/kerb-identity/1.0.1/kerb-identity-1.0.1.jar:/home/user/.m2/repository/org/apache/kerby/kerby-xdr/1.0.1/kerby-xdr-1.0.1.jar:/home/user/.m2/repository/org/slf4j/slf4j-log4j12/1.7.25/slf4j-log4j12-1.7.25.jar:/home/user/.m2/repository/org/apache/hadoop/hadoop-ozone-s3gateway/0.5.0-SNAPSHOT/hadoop-ozone-s3gateway-0.5.0-SNAPSHOT.jar:/home/user/.m2/repository/org/jboss/weld/servlet/weld-servlet/2.4.7.Final/weld-servlet-2.4.7.Final.jar:/home/user/.m2/repository/org/glassfish/jersey/containers/jersey-container-servlet-core/2.27/jersey-container-servlet-core-2.27.jar:/home/user/.m2/repository/org/glassfish/hk2/external/javax.inject/2.5.0-b42/javax.inject-2.5.0-b42.jar:/home/user/.m2/repository/org/glassfish/jersey/core/jersey-common/2.27/jersey-common-2.27.jar:/home/user/.m2/repository/org/glassfish/hk2/osgi-resource-locator/1.0.1/osgi-resource-locator-1.0.1.jar:/home/user/.m2/repository/javax/ws/rs/javax.ws.rs-api/2.1/javax.ws.rs-api-2.1.jar:/home/user/.m2/repository/org/glassfish/jersey/ext/cdi/jersey-cdi1x/2.27/jersey-cdi1x-2.27.jar:/home/user/.m2/repository/org/glassfish/jersey/inject/jersey-hk2/2.27/jersey-hk2-2.27.jar:/home/user/.m2/repository/org/glassfish/hk2/hk2-locator/2.5.0-b42/hk2-locator-2.5.0-b42.jar:/home/user/.m2/repository/org/javassist/javassist/3.22.0-CR2/javassist-3.22.0-CR2.jar:/home/user/.m2/repository/org/glassfish/hk2/hk2-api/2.5.0/hk2-api-2.5.0.jar:/home/user/.m2/repository/org/glassfish/hk2/external/jakarta.inject/2.5.0/jakarta.inject-2.5.0.jar:/home/user/.m2/repository/org/glassfish/hk2/hk2-utils/2.5.0/hk2-utils-2.5.0.jar:/home/user/.m2/repository/jakarta/annotation/jakarta.annotation-api/1.3.4/jakarta.annotation-api-1.3.4.jar:/home/user/.m2/repository/org/glassfish/hk2/external/aopalliance-repackaged/2.5.0/aopalliance-repackaged-2.5.0.jar:/home/user/.m2/repository/com/fasterxml/jackson/dataformat/jackson-dataformat-xml/2.9.0/jackson-dataformat-xml-2.9.0.jar:/home/user/.m2/repository/com/fasterxml/jackson/core/jackson-core/2.9.5/jackson-core-2.9.5.jar:/home/user/.m2/repository/com/fasterxml/jackson/module/jackson-module-jaxb-annotations/2.9.5/jackson-module-jaxb-annotations-2.9.5.jar:/home/user/.m2/repository/javax/enterprise/cdi-api/1.2/cdi-api-1.2.jar:/home/user/.m2/repository/javax/el/javax.el-api/3.0.0/javax.el-api-3.0.0.jar:/home/user/.m2/repository/javax/interceptor/javax.interceptor-api/1.2/javax.interceptor-api-1.2.jar:/home/user/.m2/repository/javax/inject/javax.inject/1/javax.inject-1.jar:/home/user/.m2/repository/com/sun/xml/bind/jaxb-impl/2.3.0.1/jaxb-impl-2.3.0.1.jar:/home/user/.m2/repository/com/sun/xml/bind/jaxb-core/2.3.0.1/jaxb-core-2.3.0.1.jar:/home/user/.m2/repository/javax/xml/bind/jaxb-api/2.3.0/jaxb-api-2.3.0.jar:/home/user/.m2/repository/javax/activation/activation/1.1.1/activation-1.1.1.jar:/home/user/.m2/repository/org/apache/hadoop/hadoop-ozone-csi/0.5.0-SNAPSHOT/hadoop-ozone-csi-0.5.0-SNAPSHOT.jar:/home/user/.m2/repository/com/google/protobuf/protobuf-java-util/3.5.1/protobuf-java-util-3.5.1.jar:/home/user/.m2/repository/org/apache/hadoop/hadoop-hdds-config/0.5.0-SNAPSHOT/hadoop-hdds-config-0.5.0-SNAPSHOT.jar:/home/user/.m2/repository/io/grpc/grpc-netty/1.17.1/grpc-netty-1.17.1.jar:/home/user/.m2/repository/io/grpc/grpc-core/1.17.1/grpc-core-1.17.1.jar:/home/user/.m2/repository/io/grpc/grpc-context/1.17.1/grpc-context-1.17.1.jar:/home/user/.m2/repository/com/google/errorprone/error_prone_annotations/2.2.0/error_prone_annotations-2.2.0.jar:/home/user/.m2/repository/org/codehaus/mojo/animal-sniffer-annotations/1.17/animal-sniffer-annotations-1.17.jar:/home/user/.m2/repository/io/opencensus/opencensus-api/0.17.0/opencensus-api-0.17.0.jar:/home/user/.m2/repository/io/opencensus/opencensus-contrib-grpc-metrics/0.17.0/opencensus-contrib-grpc-metrics-0.17.0.jar:/home/user/.m2/repository/io/netty/netty-codec-http2/4.1.30.Final/netty-codec-http2-4.1.30.Final.jar:/home/user/.m2/repository/io/netty/netty-codec-http/4.1.30.Final/netty-codec-http-4.1.30.Final.jar:/home/user/.m2/repository/io/netty/netty-codec/4.1.30.Final/netty-codec-4.1.30.Final.jar:/home/user/.m2/repository/io/netty/netty-handler/4.1.30.Final/netty-handler-4.1.30.Final.jar:/home/user/.m2/repository/io/netty/netty-handler-proxy/4.1.30.Final/netty-handler-proxy-4.1.30.Final.jar:/home/user/.m2/repository/io/netty/netty-codec-socks/4.1.30.Final/netty-codec-socks-4.1.30.Final.jar:/home/user/.m2/repository/io/netty/netty-transport-native-epoll/4.1.30.Final/netty-transport-native-epoll-4.1.30.Final.jar:/home/user/.m2/repository/io/netty/netty-common/4.1.30.Final/netty-common-4.1.30.Final.jar:/home/user/.m2/repository/io/netty/netty-buffer/4.1.30.Final/netty-buffer-4.1.30.Final.jar:/home/user/.m2/repository/io/netty/netty-transport/4.1.30.Final/netty-transport-4.1.30.Final.jar:/home/user/.m2/repository/io/netty/netty-resolver/4.1.30.Final/netty-resolver-4.1.30.Final.jar:/home/user/.m2/repository/io/netty/netty-transport-native-unix-common/4.1.30.Final/netty-transport-native-unix-common-4.1.30.Final.jar:/home/user/.m2/repository/io/grpc/grpc-protobuf/1.17.1/grpc-protobuf-1.17.1.jar:/home/user/.m2/repository/com/google/api/grpc/proto-google-common-protos/1.0.0/proto-google-common-protos-1.0.0.jar:/home/user/.m2/repository/io/grpc/grpc-protobuf-lite/1.17.1/grpc-protobuf-lite-1.17.1.jar:/home/user/.m2/repository/io/grpc/grpc-stub/1.17.1/grpc-stub-1.17.1.jar:/home/user/.m2/repository/org/apache/hadoop/hadoop-ozone-recon/0.5.0-SNAPSHOT/hadoop-ozone-recon-0.5.0-SNAPSHOT.jar:/home/user/.m2/repository/org/apache/hadoop/hadoop-ozone-reconcodegen/0.5.0-SNAPSHOT/hadoop-ozone-reconcodegen-0.5.0-SNAPSHOT.jar:/home/user/.m2/repository/com/google/inject/extensions/guice-multibindings/4.0/guice-multibindings-4.0.jar:/home/user/.m2/repository/com/google/inject/guice/4.0/guice-4.0.jar:/home/user/.m2/repository/aopalliance/aopalliance/1.0/aopalliance-1.0.jar:/home/user/.m2/repository/com/google/inject/extensions/guice-servlet/4.0/guice-servlet-4.0.jar:/home/user/.m2/repository/org/glassfish/jersey/containers/jersey-container-servlet/2.27/jersey-container-servlet-2.27.jar:/home/user/.m2/repository/org/glassfish/hk2/guice-bridge/2.5.0/guice-bridge-2.5.0.jar:/home/user/.m2/repository/org/glassfish/jersey/core/jersey-server/2.27/jersey-server-2.27.jar:/home/user/.m2/repository/org/glassfish/jersey/core/jersey-client/2.27/jersey-client-2.27.jar:/home/user/.m2/repository/org/glassfish/jersey/media/jersey-media-jaxb/2.27/jersey-media-jaxb-2.27.jar:/home/user/.m2/repository/javax/validation/validation-api/1.1.0.Final/validation-api-1.1.0.Final.jar:/home/user/.m2/repository/org/glassfish/jersey/media/jersey-media-json-jackson/2.27/jersey-media-json-jackson-2.27.jar:/home/user/.m2/repository/org/glassfish/jersey/ext/jersey-entity-filtering/2.27/jersey-entity-filtering-2.27.jar:/home/user/.m2/repository/com/google/inject/extensions/guice-assistedinject/4.0/guice-assistedinject-4.0.jar:/home/user/.m2/repository/org/jooq/jooq/3.11.10/jooq-3.11.10.jar:/home/user/.m2/repository/org/jooq/jooq-meta/3.11.10/jooq-meta-3.11.10.jar:/home/user/.m2/repository/org/jooq/jooq-codegen/3.11.10/jooq-codegen-3.11.10.jar:/home/user/.m2/repository/com/jolbox/bonecp/0.8.0.RELEASE/bonecp-0.8.0.RELEASE.jar:/home/user/.m2/repository/org/xerial/sqlite-jdbc/3.25.2/sqlite-jdbc-3.25.2.jar:/home/user/.m2/repository/org/springframework/spring-jdbc/5.1.3.RELEASE/spring-jdbc-5.1.3.RELEASE.jar:/home/user/.m2/repository/org/springframework/spring-beans/5.1.3.RELEASE/spring-beans-5.1.3.RELEASE.jar:/home/user/.m2/repository/org/springframework/spring-core/5.1.3.RELEASE/spring-core-5.1.3.RELEASE.jar:/home/user/.m2/repository/org/springframework/spring-jcl/5.1.3.RELEASE/spring-jcl-5.1.3.RELEASE.jar:/home/user/.m2/repository/org/springframework/spring-tx/5.1.3.RELEASE/spring-tx-5.1.3.RELEASE.jar:/home/user/.m2/repository/org/apache/hadoop/hadoop-ozone-client/0.5.0-SNAPSHOT/hadoop-ozone-client-0.5.0-SNAPSHOT.jar:/home/user/.m2/repository/commons-lang/commons-lang/2.6/commons-lang-2.6.jar:/home/user/.m2/repository/org/apache/hadoop/hadoop-ozone-ozone-manager/0.5.0-SNAPSHOT/hadoop-ozone-ozone-manager-0.5.0-SNAPSHOT-tests.jar:/home/user/.m2/repository/junit/junit/4.11/junit-4.11.jar:/home/user/.m2/repository/org/hamcrest/hamcrest-core/1.3/hamcrest-core-1.3.jar:/home/user/.m2/repository/org/openjdk/jmh/jmh-core/1.19/jmh-core-1.19.jar:/home/user/.m2/repository/net/sf/jopt-simple/jopt-simple/4.6/jopt-simple-4.6.jar:/home/user/.m2/repository/org/apache/commons/commons-math3/3.1.1/commons-math3-3.1.1.jar:/home/user/.m2/repository/org/openjdk/jmh/jmh-generator-annprocess/1.19/jmh-generator-annprocess-1.19.jar:/home/user/.m2/repository/org/mockito/mockito-all/1.8.5/mockito-all-1.8.5.jar:/home/user/.m2/repository/org/apache/hadoop/hadoop-kms/3.2.0/hadoop-kms-3.2.0.jar:/home/user/.m2/repository/org/apache/hadoop/hadoop-auth/3.2.0/hadoop-auth-3.2.0.jar:/home/user/.m2/repository/com/nimbusds/nimbus-jose-jwt/4.41.1/nimbus-jose-jwt-4.41.1.jar:/home/user/.m2/repository/com/github/stephenc/jcip/jcip-annotations/1.0-1/jcip-annotations-1.0-1.jar:/home/user/.m2/repository/net/minidev/json-smart/2.3/json-smart-2.3.jar:/home/user/.m2/repository/net/minidev/accessors-smart/1.2/accessors-smart-1.2.jar:/home/user/.m2/repository/org/ow2/asm/asm/5.0.4/asm-5.0.4.jar:/home/user/.m2/repository/org/apache/curator/curator-framework/2.12.0/curator-framework-2.12.0.jar:/home/user/.m2/repository/com/sun/jersey/jersey-core/1.19/jersey-core-1.19.jar:/home/user/.m2/repository/javax/ws/rs/jsr311-api/1.1.1/jsr311-api-1.1.1.jar:/home/user/.m2/repository/com/sun/jersey/jersey-server/1.19/jersey-server-1.19.jar:/home/user/.m2/repository/javax/servlet/javax.servlet-api/3.1.0/javax.servlet-api-3.1.0.jar:/home/user/.m2/repository/org/eclipse/jetty/jetty-server/9.3.24.v20180605/jetty-server-9.3.24.v20180605.jar:/home/user/.m2/repository/org/eclipse/jetty/jetty-http/9.3.24.v20180605/jetty-http-9.3.24.v20180605.jar:/home/user/.m2/repository/org/eclipse/jetty/jetty-io/9.3.24.v20180605/jetty-io-9.3.24.v20180605.jar:/home/user/.m2/repository/org/eclipse/jetty/jetty-webapp/9.3.24.v20180605/jetty-webapp-9.3.24.v20180605.jar:/home/user/.m2/repository/org/eclipse/jetty/jetty-xml/9.3.24.v20180605/jetty-xml-9.3.24.v20180605.jar:/home/user/.m2/repository/log4j/log4j/1.2.17/log4j-1.2.17.jar:/home/user/.m2/repository/org/slf4j/slf4j-api/1.7.25/slf4j-api-1.7.25.jar:/home/user/.m2/repository/org/slf4j/jul-to-slf4j/1.7.25/jul-to-slf4j-1.7.25.jar:/home/user/.m2/repository/org/eclipse/jetty/jetty-util/9.3.24.v20180605/jetty-util-9.3.24.v20180605.jar:/home/user/.m2/repository/com/fasterxml/jackson/core/jackson-databind/2.9.5/jackson-databind-2.9.5.jar:/home/user/.m2/repository/org/apache/hadoop/hadoop-kms/3.2.0/hadoop-kms-3.2.0-tests.jar:/home/user/.m2/repository/org/apache/hadoop/hadoop-hdds-server-scm/0.5.0-SNAPSHOT/hadoop-hdds-server-scm-0.5.0-SNAPSHOT-tests.jar:/home/user/.m2/repository/org/apache/hadoop/hadoop-hdds-container-service/0.5.0-SNAPSHOT/hadoop-hdds-container-service-0.5.0-SNAPSHOT-tests.jar:/home/user/.m2/repository/org/yaml/snakeyaml/1.16/snakeyaml-1.16.jar:/home/user/.m2/repository/org/apache/hadoop/hadoop-common/3.2.0/hadoop-common-3.2.0-tests.jar:/home/user/.m2/repository/org/apache/hadoop/hadoop-annotations/3.2.0/hadoop-annotations-3.2.0.jar:/usr/lib/jvm/java-1.8-openjdk/jre/../lib/tools.jar:/home/user/.m2/repository/commons-cli/commons-cli/1.2/commons-cli-1.2.jar:/home/user/.m2/repository/org/apache/httpcomponents/httpclient/4.5.2/httpclient-4.5.2.jar:/home/user/.m2/repository/org/apache/httpcomponents/httpcore/4.4.4/httpcore-4.4.4.jar:/home/user/.m2/repository/commons-codec/commons-codec/1.11/commons-codec-1.11.jar:/home/user/.m2/repository/commons-net/commons-net/3.6/commons-net-3.6.jar:/home/user/.m2/repository/commons-collections/commons-collections/3.2.2/commons-collections-3.2.2.jar:/home/user/.m2/repository/org/eclipse/jetty/jetty-servlet/9.3.24.v20180605/jetty-servlet-9.3.24.v20180605.jar:/home/user/.m2/repository/org/eclipse/jetty/jetty-security/9.3.24.v20180605/jetty-security-9.3.24.v20180605.jar:/home/user/.m2/repository/javax/servlet/jsp/jsp-api/2.1/jsp-api-2.1.jar:/home/user/.m2/repository/com/sun/jersey/jersey-servlet/1.19/jersey-servlet-1.19.jar:/home/user/.m2/repository/com/sun/jersey/jersey-json/1.19/jersey-json-1.19.jar:/home/user/.m2/repository/org/codehaus/jettison/jettison/1.1/jettison-1.1.jar:/home/user/.m2/repository/org/codehaus/jackson/jackson-core-asl/1.9.13/jackson-core-asl-1.9.13.jar:/home/user/.m2/repository/org/codehaus/jackson/jackson-mapper-asl/1.9.13/jackson-mapper-asl-1.9.13.jar:/home/user/.m2/repository/org/codehaus/jackson/jackson-jaxrs/1.9.13/jackson-jaxrs-1.9.13.jar:/home/user/.m2/repository/org/codehaus/jackson/jackson-xc/1.9.13/jackson-xc-1.9.13.jar:/home/user/.m2/repository/commons-logging/commons-logging/1.1.3/commons-logging-1.1.3.jar:/home/user/.m2/repository/commons-beanutils/commons-beanutils/1.9.3/commons-beanutils-1.9.3.jar:/home/user/.m2/repository/org/apache/commons/commons-configuration2/2.1.1/commons-configuration2-2.1.1.jar:/home/user/.m2/repository/org/apache/commons/commons-lang3/3.7/commons-lang3-3.7.jar:/home/user/.m2/repository/org/apache/commons/commons-text/1.4/commons-text-1.4.jar:/home/user/.m2/repository/org/apache/avro/avro/1.7.7/avro-1.7.7.jar:/home/user/.m2/repository/com/thoughtworks/paranamer/paranamer/2.3/paranamer-2.3.jar:/home/user/.m2/repository/org/xerial/snappy/snappy-java/1.0.5/snappy-java-1.0.5.jar:/home/user/.m2/repository/com/google/re2j/re2j/1.1/re2j-1.1.jar:/home/user/.m2/repository/com/google/code/gson/gson/2.2.4/gson-2.2.4.jar:/home/user/.m2/repository/com/jcraft/jsch/0.1.54/jsch-0.1.54.jar:/home/user/.m2/repository/org/apache/curator/curator-client/2.12.0/curator-client-2.12.0.jar:/home/user/.m2/repository/org/apache/curator/curator-recipes/2.12.0/curator-recipes-2.12.0.jar:/home/user/.m2/repository/com/google/code/findbugs/jsr305/3.0.0/jsr305-3.0.0.jar:/home/user/.m2/repository/org/apache/htrace/htrace-core4/4.1.0-incubating/htrace-core4-4.1.0-incubating.jar:/home/user/.m2/repository/org/apache/zookeeper/zookeeper/3.4.13/zookeeper-3.4.13.jar:/home/user/.m2/repository/org/apache/yetus/audience-annotations/0.5.0/audience-annotations-0.5.0.jar:/home/user/.m2/repository/org/codehaus/woodstox/stax2-api/3.1.4/stax2-api-3.1.4.jar:/home/user/.m2/repository/com/fasterxml/woodstox/woodstox-core/5.0.3/woodstox-core-5.0.3.jar:/home/user/.m2/repository/dnsjava/dnsjava/2.1.7/dnsjava-2.1.7.jar:/home/user/.m2/repository/org/apache/hadoop/hadoop-hdfs/3.2.0/hadoop-hdfs-3.2.0-tests.jar:/home/user/.m2/repository/org/eclipse/jetty/jetty-util-ajax/9.3.24.v20180605/jetty-util-ajax-9.3.24.v20180605.jar:/home/user/.m2/repository/commons-daemon/commons-daemon/1.0.13/commons-daemon-1.0.13.jar:/home/user/.m2/repository/io/netty/netty/3.10.5.Final/netty-3.10.5.Final.jar:/home/user/.m2/repository/io/netty/netty-all/4.0.52.Final/netty-all-4.0.52.Final.jar:/home/user/.m2/repository/org/fusesource/leveldbjni/leveldbjni-all/1.8/leveldbjni-all-1.8.jar:"/>
    <property name="java.vm.vendor" value="IcedTea"/>
    <property name="sun.arch.data.model" value="64"/>
    <property name="test.build.dir" value="/workdir/hadoop-ozone/integration-test/target/test-dir"/>
    <property name="test.cache.data" value=""/>
    <property name="java.vendor.url" value="https://icedtea.classpath.org"/>
    <property name="user.timezone" value=""/>
    <property name="java.vm.specification.version" value="1.8"/>
    <property name="os.name" value="Linux"/>
    <property name="test.build.data" value="/workdir/hadoop-ozone/integration-test/target/test-dir"/>
    <property name="user.country" value="US"/>
    <property name="sun.java.launcher" value="SUN_STANDARD"/>
    <property name="sun.boot.library.path" value="/usr/lib/jvm/java-1.8-openjdk/jre/lib/amd64"/>
    <property name="sun.java.command" value="/workdir/hadoop-ozone/integration-test/target/surefire/surefirebooter3294479214674731595.jar /workdir/hadoop-ozone/integration-test/target/surefire 2019-09-18T15-38-55_326-jvmRun1 surefire5888589936940961984tmp surefire_773026531654823794921tmp"/>
    <property name="test" value="!TestMiniChaosOzoneCluster"/>
    <property name="surefire.test.class.path" value="/workdir/hadoop-ozone/integration-test/target/test-classes:/workdir/hadoop-ozone/integration-test/target/classes:/home/user/.m2/repository/org/apache/hadoop/hadoop-ozone-common/0.5.0-SNAPSHOT/hadoop-ozone-common-0.5.0-SNAPSHOT.jar:/home/user/.m2/repository/org/apache/commons/commons-compress/1.4.1/commons-compress-1.4.1.jar:/home/user/.m2/repository/org/tukaani/xz/1.0/xz-1.0.jar:/home/user/.m2/repository/org/apache/hadoop/hadoop-common/3.2.0/hadoop-common-3.2.0.jar:/home/user/.m2/repository/org/apache/hadoop/hadoop-hdfs/3.2.0/hadoop-hdfs-3.2.0.jar:/home/user/.m2/repository/org/apache/hadoop/hadoop-hdfs-client/3.2.0/hadoop-hdfs-client-3.2.0.jar:/home/user/.m2/repository/com/fasterxml/jackson/core/jackson-annotations/2.9.5/jackson-annotations-2.9.5.jar:/home/user/.m2/repository/org/apache/hadoop/hadoop-hdds-common/0.5.0-SNAPSHOT/hadoop-hdds-common-0.5.0-SNAPSHOT.jar:/home/user/.m2/repository/javax/annotation/javax.annotation-api/1.2/javax.annotation-api-1.2.jar:/home/user/.m2/repository/org/apache/ratis/ratis-server/0.4.0-78e95b9-SNAPSHOT/ratis-server-0.4.0-78e95b9-SNAPSHOT.jar:/home/user/.m2/repository/org/apache/ratis/ratis-thirdparty-misc/0.2.0/ratis-thirdparty-misc-0.2.0.jar:/home/user/.m2/repository/org/apache/ratis/ratis-proto/0.4.0-78e95b9-SNAPSHOT/ratis-proto-0.4.0-78e95b9-SNAPSHOT.jar:/home/user/.m2/repository/org/apache/ratis/ratis-common/0.4.0-78e95b9-SNAPSHOT/ratis-common-0.4.0-78e95b9-SNAPSHOT.jar:/home/user/.m2/repository/org/apache/ratis/ratis-client/0.4.0-78e95b9-SNAPSHOT/ratis-client-0.4.0-78e95b9-SNAPSHOT.jar:/home/user/.m2/repository/org/apache/ratis/ratis-metrics/0.4.0-78e95b9-SNAPSHOT/ratis-metrics-0.4.0-78e95b9-SNAPSHOT.jar:/home/user/.m2/repository/com/github/joshelser/dropwizard-metrics-hadoop-metrics2-reporter/0.1.2/dropwizard-metrics-hadoop-metrics2-reporter-0.1.2.jar:/home/user/.m2/repository/io/dropwizard/metrics/metrics-jvm/3.2.5/metrics-jvm-3.2.5.jar:/home/user/.m2/repository/io/dropwizard/metrics/metrics-ganglia/3.2.5/metrics-ganglia-3.2.5.jar:/home/user/.m2/repository/info/ganglia/gmetric4j/gmetric4j/1.0.7/gmetric4j-1.0.7.jar:/home/user/.m2/repository/org/apache/ratis/ratis-netty/0.4.0-78e95b9-SNAPSHOT/ratis-netty-0.4.0-78e95b9-SNAPSHOT.jar:/home/user/.m2/repository/org/apache/ratis/ratis-grpc/0.4.0-78e95b9-SNAPSHOT/ratis-grpc-0.4.0-78e95b9-SNAPSHOT.jar:/home/user/.m2/repository/org/rocksdb/rocksdbjni/6.0.1/rocksdbjni-6.0.1.jar:/home/user/.m2/repository/org/apache/logging/log4j/log4j-api/2.11.0/log4j-api-2.11.0.jar:/home/user/.m2/repository/org/apache/logging/log4j/log4j-core/2.11.0/log4j-core-2.11.0.jar:/home/user/.m2/repository/com/lmax/disruptor/3.4.2/disruptor-3.4.2.jar:/home/user/.m2/repository/org/apache/commons/commons-pool2/2.6.0/commons-pool2-2.6.0.jar:/home/user/.m2/repository/org/bouncycastle/bcpkix-jdk15on/1.60/bcpkix-jdk15on-1.60.jar:/home/user/.m2/repository/commons-validator/commons-validator/1.6/commons-validator-1.6.jar:/home/user/.m2/repository/commons-digester/commons-digester/1.8.1/commons-digester-1.8.1.jar:/home/user/.m2/repository/io/jaegertracing/jaeger-client/0.33.1/jaeger-client-0.33.1.jar:/home/user/.m2/repository/io/jaegertracing/jaeger-thrift/0.33.1/jaeger-thrift-0.33.1.jar:/home/user/.m2/repository/org/apache/thrift/libthrift/0.11.0/libthrift-0.11.0.jar:/home/user/.m2/repository/com/squareup/okhttp3/okhttp/3.9.0/okhttp-3.9.0.jar:/home/user/.m2/repository/com/squareup/okio/okio/1.13.0/okio-1.13.0.jar:/home/user/.m2/repository/io/jaegertracing/jaeger-core/0.33.1/jaeger-core-0.33.1.jar:/home/user/.m2/repository/io/jaegertracing/jaeger-tracerresolver/0.33.1/jaeger-tracerresolver-0.33.1.jar:/home/user/.m2/repository/io/opentracing/contrib/opentracing-tracerresolver/0.1.5/opentracing-tracerresolver-0.1.5.jar:/home/user/.m2/repository/io/opentracing/opentracing-util/0.31.0/opentracing-util-0.31.0.jar:/home/user/.m2/repository/io/opentracing/opentracing-api/0.31.0/opentracing-api-0.31.0.jar:/home/user/.m2/repository/io/opentracing/opentracing-noop/0.31.0/opentracing-noop-0.31.0.jar:/home/user/.m2/repository/org/apache/hadoop/hadoop-hdds-server-framework/0.5.0-SNAPSHOT/hadoop-hdds-server-framework-0.5.0-SNAPSHOT.jar:/home/user/.m2/repository/org/apache/hadoop/hadoop-hdds-container-service/0.5.0-SNAPSHOT/hadoop-hdds-container-service-0.5.0-SNAPSHOT.jar:/home/user/.m2/repository/org/apache/hadoop/hadoop-hdds-client/0.5.0-SNAPSHOT/hadoop-hdds-client-0.5.0-SNAPSHOT.jar:/home/user/.m2/repository/org/apache/hadoop/hadoop-hdds-tools/0.5.0-SNAPSHOT/hadoop-hdds-tools-0.5.0-SNAPSHOT.jar:/home/user/.m2/repository/org/apache/hadoop/hadoop-hdds-server-scm/0.5.0-SNAPSHOT/hadoop-hdds-server-scm-0.5.0-SNAPSHOT.jar:/home/user/.m2/repository/org/apache/hadoop/hadoop-hdds-docs/0.5.0-SNAPSHOT/hadoop-hdds-docs-0.5.0-SNAPSHOT.jar:/home/user/.m2/repository/io/dropwizard/metrics/metrics-core/3.2.4/metrics-core-3.2.4.jar:/home/user/.m2/repository/org/hamcrest/hamcrest-all/1.3/hamcrest-all-1.3.jar:/home/user/.m2/repository/org/bouncycastle/bcprov-jdk15on/1.60/bcprov-jdk15on-1.60.jar:/home/user/.m2/repository/info/picocli/picocli/3.9.6/picocli-3.9.6.jar:/home/user/.m2/repository/com/google/protobuf/protobuf-java/2.5.0/protobuf-java-2.5.0.jar:/home/user/.m2/repository/com/google/guava/guava/11.0.2/guava-11.0.2.jar:/home/user/.m2/repository/org/apache/hadoop/hadoop-ozone-ozone-manager/0.5.0-SNAPSHOT/hadoop-ozone-ozone-manager-0.5.0-SNAPSHOT.jar:/home/user/.m2/repository/org/apache/hadoop/hadoop-minikdc/3.2.0/hadoop-minikdc-3.2.0.jar:/home/user/.m2/repository/commons-io/commons-io/2.5/commons-io-2.5.jar:/home/user/.m2/repository/org/apache/kerby/kerb-simplekdc/1.0.1/kerb-simplekdc-1.0.1.jar:/home/user/.m2/repository/org/apache/kerby/kerb-client/1.0.1/kerb-client-1.0.1.jar:/home/user/.m2/repository/org/apache/kerby/kerby-config/1.0.1/kerby-config-1.0.1.jar:/home/user/.m2/repository/org/apache/kerby/kerb-core/1.0.1/kerb-core-1.0.1.jar:/home/user/.m2/repository/org/apache/kerby/kerby-pkix/1.0.1/kerby-pkix-1.0.1.jar:/home/user/.m2/repository/org/apache/kerby/kerby-asn1/1.0.1/kerby-asn1-1.0.1.jar:/home/user/.m2/repository/org/apache/kerby/kerby-util/1.0.1/kerby-util-1.0.1.jar:/home/user/.m2/repository/org/apache/kerby/kerb-common/1.0.1/kerb-common-1.0.1.jar:/home/user/.m2/repository/org/apache/kerby/kerb-crypto/1.0.1/kerb-crypto-1.0.1.jar:/home/user/.m2/repository/org/apache/kerby/kerb-util/1.0.1/kerb-util-1.0.1.jar:/home/user/.m2/repository/org/apache/kerby/token-provider/1.0.1/token-provider-1.0.1.jar:/home/user/.m2/repository/org/apache/kerby/kerb-admin/1.0.1/kerb-admin-1.0.1.jar:/home/user/.m2/repository/org/apache/kerby/kerb-server/1.0.1/kerb-server-1.0.1.jar:/home/user/.m2/repository/org/apache/kerby/kerb-identity/1.0.1/kerb-identity-1.0.1.jar:/home/user/.m2/repository/org/apache/kerby/kerby-xdr/1.0.1/kerby-xdr-1.0.1.jar:/home/user/.m2/repository/org/slf4j/slf4j-log4j12/1.7.25/slf4j-log4j12-1.7.25.jar:/home/user/.m2/repository/org/apache/hadoop/hadoop-ozone-s3gateway/0.5.0-SNAPSHOT/hadoop-ozone-s3gateway-0.5.0-SNAPSHOT.jar:/home/user/.m2/repository/org/jboss/weld/servlet/weld-servlet/2.4.7.Final/weld-servlet-2.4.7.Final.jar:/home/user/.m2/repository/org/glassfish/jersey/containers/jersey-container-servlet-core/2.27/jersey-container-servlet-core-2.27.jar:/home/user/.m2/repository/org/glassfish/hk2/external/javax.inject/2.5.0-b42/javax.inject-2.5.0-b42.jar:/home/user/.m2/repository/org/glassfish/jersey/core/jersey-common/2.27/jersey-common-2.27.jar:/home/user/.m2/repository/org/glassfish/hk2/osgi-resource-locator/1.0.1/osgi-resource-locator-1.0.1.jar:/home/user/.m2/repository/javax/ws/rs/javax.ws.rs-api/2.1/javax.ws.rs-api-2.1.jar:/home/user/.m2/repository/org/glassfish/jersey/ext/cdi/jersey-cdi1x/2.27/jersey-cdi1x-2.27.jar:/home/user/.m2/repository/org/glassfish/jersey/inject/jersey-hk2/2.27/jersey-hk2-2.27.jar:/home/user/.m2/repository/org/glassfish/hk2/hk2-locator/2.5.0-b42/hk2-locator-2.5.0-b42.jar:/home/user/.m2/repository/org/javassist/javassist/3.22.0-CR2/javassist-3.22.0-CR2.jar:/home/user/.m2/repository/org/glassfish/hk2/hk2-api/2.5.0/hk2-api-2.5.0.jar:/home/user/.m2/repository/org/glassfish/hk2/external/jakarta.inject/2.5.0/jakarta.inject-2.5.0.jar:/home/user/.m2/repository/org/glassfish/hk2/hk2-utils/2.5.0/hk2-utils-2.5.0.jar:/home/user/.m2/repository/jakarta/annotation/jakarta.annotation-api/1.3.4/jakarta.annotation-api-1.3.4.jar:/home/user/.m2/repository/org/glassfish/hk2/external/aopalliance-repackaged/2.5.0/aopalliance-repackaged-2.5.0.jar:/home/user/.m2/repository/com/fasterxml/jackson/dataformat/jackson-dataformat-xml/2.9.0/jackson-dataformat-xml-2.9.0.jar:/home/user/.m2/repository/com/fasterxml/jackson/core/jackson-core/2.9.5/jackson-core-2.9.5.jar:/home/user/.m2/repository/com/fasterxml/jackson/module/jackson-module-jaxb-annotations/2.9.5/jackson-module-jaxb-annotations-2.9.5.jar:/home/user/.m2/repository/javax/enterprise/cdi-api/1.2/cdi-api-1.2.jar:/home/user/.m2/repository/javax/el/javax.el-api/3.0.0/javax.el-api-3.0.0.jar:/home/user/.m2/repository/javax/interceptor/javax.interceptor-api/1.2/javax.interceptor-api-1.2.jar:/home/user/.m2/repository/javax/inject/javax.inject/1/javax.inject-1.jar:/home/user/.m2/repository/com/sun/xml/bind/jaxb-impl/2.3.0.1/jaxb-impl-2.3.0.1.jar:/home/user/.m2/repository/com/sun/xml/bind/jaxb-core/2.3.0.1/jaxb-core-2.3.0.1.jar:/home/user/.m2/repository/javax/xml/bind/jaxb-api/2.3.0/jaxb-api-2.3.0.jar:/home/user/.m2/repository/javax/activation/activation/1.1.1/activation-1.1.1.jar:/home/user/.m2/repository/org/apache/hadoop/hadoop-ozone-csi/0.5.0-SNAPSHOT/hadoop-ozone-csi-0.5.0-SNAPSHOT.jar:/home/user/.m2/repository/com/google/protobuf/protobuf-java-util/3.5.1/protobuf-java-util-3.5.1.jar:/home/user/.m2/repository/org/apache/hadoop/hadoop-hdds-config/0.5.0-SNAPSHOT/hadoop-hdds-config-0.5.0-SNAPSHOT.jar:/home/user/.m2/repository/io/grpc/grpc-netty/1.17.1/grpc-netty-1.17.1.jar:/home/user/.m2/repository/io/grpc/grpc-core/1.17.1/grpc-core-1.17.1.jar:/home/user/.m2/repository/io/grpc/grpc-context/1.17.1/grpc-context-1.17.1.jar:/home/user/.m2/repository/com/google/errorprone/error_prone_annotations/2.2.0/error_prone_annotations-2.2.0.jar:/home/user/.m2/repository/org/codehaus/mojo/animal-sniffer-annotations/1.17/animal-sniffer-annotations-1.17.jar:/home/user/.m2/repository/io/opencensus/opencensus-api/0.17.0/opencensus-api-0.17.0.jar:/home/user/.m2/repository/io/opencensus/opencensus-contrib-grpc-metrics/0.17.0/opencensus-contrib-grpc-metrics-0.17.0.jar:/home/user/.m2/repository/io/netty/netty-codec-http2/4.1.30.Final/netty-codec-http2-4.1.30.Final.jar:/home/user/.m2/repository/io/netty/netty-codec-http/4.1.30.Final/netty-codec-http-4.1.30.Final.jar:/home/user/.m2/repository/io/netty/netty-codec/4.1.30.Final/netty-codec-4.1.30.Final.jar:/home/user/.m2/repository/io/netty/netty-handler/4.1.30.Final/netty-handler-4.1.30.Final.jar:/home/user/.m2/repository/io/netty/netty-handler-proxy/4.1.30.Final/netty-handler-proxy-4.1.30.Final.jar:/home/user/.m2/repository/io/netty/netty-codec-socks/4.1.30.Final/netty-codec-socks-4.1.30.Final.jar:/home/user/.m2/repository/io/netty/netty-transport-native-epoll/4.1.30.Final/netty-transport-native-epoll-4.1.30.Final.jar:/home/user/.m2/repository/io/netty/netty-common/4.1.30.Final/netty-common-4.1.30.Final.jar:/home/user/.m2/repository/io/netty/netty-buffer/4.1.30.Final/netty-buffer-4.1.30.Final.jar:/home/user/.m2/repository/io/netty/netty-transport/4.1.30.Final/netty-transport-4.1.30.Final.jar:/home/user/.m2/repository/io/netty/netty-resolver/4.1.30.Final/netty-resolver-4.1.30.Final.jar:/home/user/.m2/repository/io/netty/netty-transport-native-unix-common/4.1.30.Final/netty-transport-native-unix-common-4.1.30.Final.jar:/home/user/.m2/repository/io/grpc/grpc-protobuf/1.17.1/grpc-protobuf-1.17.1.jar:/home/user/.m2/repository/com/google/api/grpc/proto-google-common-protos/1.0.0/proto-google-common-protos-1.0.0.jar:/home/user/.m2/repository/io/grpc/grpc-protobuf-lite/1.17.1/grpc-protobuf-lite-1.17.1.jar:/home/user/.m2/repository/io/grpc/grpc-stub/1.17.1/grpc-stub-1.17.1.jar:/home/user/.m2/repository/org/apache/hadoop/hadoop-ozone-recon/0.5.0-SNAPSHOT/hadoop-ozone-recon-0.5.0-SNAPSHOT.jar:/home/user/.m2/repository/org/apache/hadoop/hadoop-ozone-reconcodegen/0.5.0-SNAPSHOT/hadoop-ozone-reconcodegen-0.5.0-SNAPSHOT.jar:/home/user/.m2/repository/com/google/inject/extensions/guice-multibindings/4.0/guice-multibindings-4.0.jar:/home/user/.m2/repository/com/google/inject/guice/4.0/guice-4.0.jar:/home/user/.m2/repository/aopalliance/aopalliance/1.0/aopalliance-1.0.jar:/home/user/.m2/repository/com/google/inject/extensions/guice-servlet/4.0/guice-servlet-4.0.jar:/home/user/.m2/repository/org/glassfish/jersey/containers/jersey-container-servlet/2.27/jersey-container-servlet-2.27.jar:/home/user/.m2/repository/org/glassfish/hk2/guice-bridge/2.5.0/guice-bridge-2.5.0.jar:/home/user/.m2/repository/org/glassfish/jersey/core/jersey-server/2.27/jersey-server-2.27.jar:/home/user/.m2/repository/org/glassfish/jersey/core/jersey-client/2.27/jersey-client-2.27.jar:/home/user/.m2/repository/org/glassfish/jersey/media/jersey-media-jaxb/2.27/jersey-media-jaxb-2.27.jar:/home/user/.m2/repository/javax/validation/validation-api/1.1.0.Final/validation-api-1.1.0.Final.jar:/home/user/.m2/repository/org/glassfish/jersey/media/jersey-media-json-jackson/2.27/jersey-media-json-jackson-2.27.jar:/home/user/.m2/repository/org/glassfish/jersey/ext/jersey-entity-filtering/2.27/jersey-entity-filtering-2.27.jar:/home/user/.m2/repository/com/google/inject/extensions/guice-assistedinject/4.0/guice-assistedinject-4.0.jar:/home/user/.m2/repository/org/jooq/jooq/3.11.10/jooq-3.11.10.jar:/home/user/.m2/repository/org/jooq/jooq-meta/3.11.10/jooq-meta-3.11.10.jar:/home/user/.m2/repository/org/jooq/jooq-codegen/3.11.10/jooq-codegen-3.11.10.jar:/home/user/.m2/repository/com/jolbox/bonecp/0.8.0.RELEASE/bonecp-0.8.0.RELEASE.jar:/home/user/.m2/repository/org/xerial/sqlite-jdbc/3.25.2/sqlite-jdbc-3.25.2.jar:/home/user/.m2/repository/org/springframework/spring-jdbc/5.1.3.RELEASE/spring-jdbc-5.1.3.RELEASE.jar:/home/user/.m2/repository/org/springframework/spring-beans/5.1.3.RELEASE/spring-beans-5.1.3.RELEASE.jar:/home/user/.m2/repository/org/springframework/spring-core/5.1.3.RELEASE/spring-core-5.1.3.RELEASE.jar:/home/user/.m2/repository/org/springframework/spring-jcl/5.1.3.RELEASE/spring-jcl-5.1.3.RELEASE.jar:/home/user/.m2/repository/org/springframework/spring-tx/5.1.3.RELEASE/spring-tx-5.1.3.RELEASE.jar:/home/user/.m2/repository/org/apache/hadoop/hadoop-ozone-client/0.5.0-SNAPSHOT/hadoop-ozone-client-0.5.0-SNAPSHOT.jar:/home/user/.m2/repository/commons-lang/commons-lang/2.6/commons-lang-2.6.jar:/home/user/.m2/repository/org/apache/hadoop/hadoop-ozone-ozone-manager/0.5.0-SNAPSHOT/hadoop-ozone-ozone-manager-0.5.0-SNAPSHOT-tests.jar:/home/user/.m2/repository/junit/junit/4.11/junit-4.11.jar:/home/user/.m2/repository/org/hamcrest/hamcrest-core/1.3/hamcrest-core-1.3.jar:/home/user/.m2/repository/org/openjdk/jmh/jmh-core/1.19/jmh-core-1.19.jar:/home/user/.m2/repository/net/sf/jopt-simple/jopt-simple/4.6/jopt-simple-4.6.jar:/home/user/.m2/repository/org/apache/commons/commons-math3/3.1.1/commons-math3-3.1.1.jar:/home/user/.m2/repository/org/openjdk/jmh/jmh-generator-annprocess/1.19/jmh-generator-annprocess-1.19.jar:/home/user/.m2/repository/org/mockito/mockito-all/1.8.5/mockito-all-1.8.5.jar:/home/user/.m2/repository/org/apache/hadoop/hadoop-kms/3.2.0/hadoop-kms-3.2.0.jar:/home/user/.m2/repository/org/apache/hadoop/hadoop-auth/3.2.0/hadoop-auth-3.2.0.jar:/home/user/.m2/repository/com/nimbusds/nimbus-jose-jwt/4.41.1/nimbus-jose-jwt-4.41.1.jar:/home/user/.m2/repository/com/github/stephenc/jcip/jcip-annotations/1.0-1/jcip-annotations-1.0-1.jar:/home/user/.m2/repository/net/minidev/json-smart/2.3/json-smart-2.3.jar:/home/user/.m2/repository/net/minidev/accessors-smart/1.2/accessors-smart-1.2.jar:/home/user/.m2/repository/org/ow2/asm/asm/5.0.4/asm-5.0.4.jar:/home/user/.m2/repository/org/apache/curator/curator-framework/2.12.0/curator-framework-2.12.0.jar:/home/user/.m2/repository/com/sun/jersey/jersey-core/1.19/jersey-core-1.19.jar:/home/user/.m2/repository/javax/ws/rs/jsr311-api/1.1.1/jsr311-api-1.1.1.jar:/home/user/.m2/repository/com/sun/jersey/jersey-server/1.19/jersey-server-1.19.jar:/home/user/.m2/repository/javax/servlet/javax.servlet-api/3.1.0/javax.servlet-api-3.1.0.jar:/home/user/.m2/repository/org/eclipse/jetty/jetty-server/9.3.24.v20180605/jetty-server-9.3.24.v20180605.jar:/home/user/.m2/repository/org/eclipse/jetty/jetty-http/9.3.24.v20180605/jetty-http-9.3.24.v20180605.jar:/home/user/.m2/repository/org/eclipse/jetty/jetty-io/9.3.24.v20180605/jetty-io-9.3.24.v20180605.jar:/home/user/.m2/repository/org/eclipse/jetty/jetty-webapp/9.3.24.v20180605/jetty-webapp-9.3.24.v20180605.jar:/home/user/.m2/repository/org/eclipse/jetty/jetty-xml/9.3.24.v20180605/jetty-xml-9.3.24.v20180605.jar:/home/user/.m2/repository/log4j/log4j/1.2.17/log4j-1.2.17.jar:/home/user/.m2/repository/org/slf4j/slf4j-api/1.7.25/slf4j-api-1.7.25.jar:/home/user/.m2/repository/org/slf4j/jul-to-slf4j/1.7.25/jul-to-slf4j-1.7.25.jar:/home/user/.m2/repository/org/eclipse/jetty/jetty-util/9.3.24.v20180605/jetty-util-9.3.24.v20180605.jar:/home/user/.m2/repository/com/fasterxml/jackson/core/jackson-databind/2.9.5/jackson-databind-2.9.5.jar:/home/user/.m2/repository/org/apache/hadoop/hadoop-kms/3.2.0/hadoop-kms-3.2.0-tests.jar:/home/user/.m2/repository/org/apache/hadoop/hadoop-hdds-server-scm/0.5.0-SNAPSHOT/hadoop-hdds-server-scm-0.5.0-SNAPSHOT-tests.jar:/home/user/.m2/repository/org/apache/hadoop/hadoop-hdds-container-service/0.5.0-SNAPSHOT/hadoop-hdds-container-service-0.5.0-SNAPSHOT-tests.jar:/home/user/.m2/repository/org/yaml/snakeyaml/1.16/snakeyaml-1.16.jar:/home/user/.m2/repository/org/apache/hadoop/hadoop-common/3.2.0/hadoop-common-3.2.0-tests.jar:/home/user/.m2/repository/org/apache/hadoop/hadoop-annotations/3.2.0/hadoop-annotations-3.2.0.jar:/usr/lib/jvm/java-1.8-openjdk/jre/../lib/tools.jar:/home/user/.m2/repository/commons-cli/commons-cli/1.2/commons-cli-1.2.jar:/home/user/.m2/repository/org/apache/httpcomponents/httpclient/4.5.2/httpclient-4.5.2.jar:/home/user/.m2/repository/org/apache/httpcomponents/httpcore/4.4.4/httpcore-4.4.4.jar:/home/user/.m2/repository/commons-codec/commons-codec/1.11/commons-codec-1.11.jar:/home/user/.m2/repository/commons-net/commons-net/3.6/commons-net-3.6.jar:/home/user/.m2/repository/commons-collections/commons-collections/3.2.2/commons-collections-3.2.2.jar:/home/user/.m2/repository/org/eclipse/jetty/jetty-servlet/9.3.24.v20180605/jetty-servlet-9.3.24.v20180605.jar:/home/user/.m2/repository/org/eclipse/jetty/jetty-security/9.3.24.v20180605/jetty-security-9.3.24.v20180605.jar:/home/user/.m2/repository/javax/servlet/jsp/jsp-api/2.1/jsp-api-2.1.jar:/home/user/.m2/repository/com/sun/jersey/jersey-servlet/1.19/jersey-servlet-1.19.jar:/home/user/.m2/repository/com/sun/jersey/jersey-json/1.19/jersey-json-1.19.jar:/home/user/.m2/repository/org/codehaus/jettison/jettison/1.1/jettison-1.1.jar:/home/user/.m2/repository/org/codehaus/jackson/jackson-core-asl/1.9.13/jackson-core-asl-1.9.13.jar:/home/user/.m2/repository/org/codehaus/jackson/jackson-mapper-asl/1.9.13/jackson-mapper-asl-1.9.13.jar:/home/user/.m2/repository/org/codehaus/jackson/jackson-jaxrs/1.9.13/jackson-jaxrs-1.9.13.jar:/home/user/.m2/repository/org/codehaus/jackson/jackson-xc/1.9.13/jackson-xc-1.9.13.jar:/home/user/.m2/repository/commons-logging/commons-logging/1.1.3/commons-logging-1.1.3.jar:/home/user/.m2/repository/commons-beanutils/commons-beanutils/1.9.3/commons-beanutils-1.9.3.jar:/home/user/.m2/repository/org/apache/commons/commons-configuration2/2.1.1/commons-configuration2-2.1.1.jar:/home/user/.m2/repository/org/apache/commons/commons-lang3/3.7/commons-lang3-3.7.jar:/home/user/.m2/repository/org/apache/commons/commons-text/1.4/commons-text-1.4.jar:/home/user/.m2/repository/org/apache/avro/avro/1.7.7/avro-1.7.7.jar:/home/user/.m2/repository/com/thoughtworks/paranamer/paranamer/2.3/paranamer-2.3.jar:/home/user/.m2/repository/org/xerial/snappy/snappy-java/1.0.5/snappy-java-1.0.5.jar:/home/user/.m2/repository/com/google/re2j/re2j/1.1/re2j-1.1.jar:/home/user/.m2/repository/com/google/code/gson/gson/2.2.4/gson-2.2.4.jar:/home/user/.m2/repository/com/jcraft/jsch/0.1.54/jsch-0.1.54.jar:/home/user/.m2/repository/org/apache/curator/curator-client/2.12.0/curator-client-2.12.0.jar:/home/user/.m2/repository/org/apache/curator/curator-recipes/2.12.0/curator-recipes-2.12.0.jar:/home/user/.m2/repository/com/google/code/findbugs/jsr305/3.0.0/jsr305-3.0.0.jar:/home/user/.m2/repository/org/apache/htrace/htrace-core4/4.1.0-incubating/htrace-core4-4.1.0-incubating.jar:/home/user/.m2/repository/org/apache/zookeeper/zookeeper/3.4.13/zookeeper-3.4.13.jar:/home/user/.m2/repository/org/apache/yetus/audience-annotations/0.5.0/audience-annotations-0.5.0.jar:/home/user/.m2/repository/org/codehaus/woodstox/stax2-api/3.1.4/stax2-api-3.1.4.jar:/home/user/.m2/repository/com/fasterxml/woodstox/woodstox-core/5.0.3/woodstox-core-5.0.3.jar:/home/user/.m2/repository/dnsjava/dnsjava/2.1.7/dnsjava-2.1.7.jar:/home/user/.m2/repository/org/apache/hadoop/hadoop-hdfs/3.2.0/hadoop-hdfs-3.2.0-tests.jar:/home/user/.m2/repository/org/eclipse/jetty/jetty-util-ajax/9.3.24.v20180605/jetty-util-ajax-9.3.24.v20180605.jar:/home/user/.m2/repository/commons-daemon/commons-daemon/1.0.13/commons-daemon-1.0.13.jar:/home/user/.m2/repository/io/netty/netty/3.10.5.Final/netty-3.10.5.Final.jar:/home/user/.m2/repository/io/netty/netty-all/4.0.52.Final/netty-all-4.0.52.Final.jar:/home/user/.m2/repository/org/fusesource/leveldbjni/leveldbjni-all/1.8/leveldbjni-all-1.8.jar:"/>
    <property name="sun.cpu.endian" value="little"/>
    <property name="user.home" value="/home/user"/>
    <property name="user.language" value="en"/>
    <property name="java.specification.vendor" value="Oracle Corporation"/>
    <property name="java.home" value="/usr/lib/jvm/java-1.8-openjdk/jre"/>
    <property name="java.security.krb5.conf" value="/workdir/hadoop-ozone/integration-test/target/test-classes/krb5.conf"/>
    <property name="basedir" value="/workdir/hadoop-ozone/integration-test"/>
    <property name="file.separator" value="/"/>
    <property name="line.separator" value="&#10;"/>
    <property name="java.vm.specification.vendor" value="Oracle Corporation"/>
    <property name="java.specification.name" value="Java Platform API Specification"/>
    <property name="java.awt.graphicsenv" value="sun.awt.X11GraphicsEnvironment"/>
    <property name="surefire.real.class.path" value="/workdir/hadoop-ozone/integration-test/target/surefire/surefirebooter3294479214674731595.jar"/>
    <property name="hadoop.log.dir" value="/workdir/hadoop-ozone/integration-test/target/log"/>
    <property name="sun.boot.class.path" value="/usr/lib/jvm/java-1.8-openjdk/jre/lib/resources.jar:/usr/lib/jvm/java-1.8-openjdk/jre/lib/rt.jar:/usr/lib/jvm/java-1.8-openjdk/jre/lib/sunrsasign.jar:/usr/lib/jvm/java-1.8-openjdk/jre/lib/jsse.jar:/usr/lib/jvm/java-1.8-openjdk/jre/lib/jce.jar:/usr/lib/jvm/java-1.8-openjdk/jre/lib/charsets.jar:/usr/lib/jvm/java-1.8-openjdk/jre/lib/jfr.jar:/usr/lib/jvm/java-1.8-openjdk/jre/classes"/>
    <property name="sun.management.compiler" value="HotSpot 64-Bit Tiered Compilers"/>
    <property name="java.runtime.version" value="1.8.0_212-b04"/>
    <property name="java.net.preferIPv4Stack" value="true"/>
    <property name="user.name" value="jenkins1000"/>
    <property name="path.separator" value=":"/>
    <property name="java.security.egd" value="file:///dev/urandom"/>
    <property name="os.version" value="3.10.0-957.12.2.el7.x86_64"/>
    <property name="java.endorsed.dirs" value="/usr/lib/jvm/java-1.8-openjdk/jre/lib/endorsed"/>
    <property name="java.runtime.name" value="OpenJDK Runtime Environment"/>
    <property name="file.encoding" value="UTF-8"/>
    <property name="java.vm.name" value="OpenJDK 64-Bit Server VM"/>
    <property name="test.build.webapps" value=""/>
    <property name="localRepository" value="/home/user/.m2/repository"/>
    <property name="java.vendor.url.bug" value="https://icedtea.classpath.org/bugzilla"/>
    <property name="java.io.tmpdir" value="/tmp"/>
    <property name="require.test.libhadoop" value=""/>
    <property name="java.version" value="1.8.0_212"/>
    <property name="user.dir" value="/workdir/hadoop-ozone/integration-test"/>
    <property name="os.arch" value="amd64"/>
    <property name="java.vm.specification.name" value="Java Virtual Machine Specification"/>
    <property name="test.build.classes" value="/workdir/hadoop-ozone/integration-test/target/test-classes"/>
    <property name="java.awt.printerjob" value="sun.print.PSPrinterJob"/>
    <property name="sun.os.patch.level" value="unknown"/>
    <property name="hadoop.tmp.dir" value="/workdir/hadoop-ozone/integration-test/target/tmp"/>
    <property name="java.library.path" value="/usr/lib/jvm/java-1.8-openjdk/jre/lib/amd64/server:/usr/lib/jvm/java-1.8-openjdk/jre/lib/amd64:/usr/lib/jvm/java-1.8-openjdk/jre/../lib/amd64:/workdir/hadoop-ozone/integration-test/target/native/target/usr/local/lib:/workdir/hadoop-ozone/integration-test/../../hadoop-common-project/hadoop-common/target/native/target/usr/local/lib:/usr/java/packages/lib/amd64:/usr/lib64:/lib64:/lib:/usr/lib"/>
    <property name="java.vm.info" value="mixed mode"/>
    <property name="java.vendor" value="IcedTea"/>
    <property name="java.vm.version" value="25.212-b04"/>
    <property name="java.ext.dirs" value="/usr/lib/jvm/java-1.8-openjdk/jre/lib/ext:/usr/java/packages/lib/ext"/>
    <property name="sun.io.unicode.encoding" value="UnicodeLittle"/>
    <property name="java.class.version" value="52.0"/>
  </properties>
  <testcase name="testFlushChunk" classname="org.apache.hadoop.ozone.client.rpc.TestBlockOutputStream" time="5.353"/>
  <testcase name="testMultiChunkWrite2" classname="org.apache.hadoop.ozone.client.rpc.TestBlockOutputStream" time="187.693">
    <failure message="expected:&lt;5&gt; but was:&lt;8&gt;" type="java.lang.AssertionError"><![CDATA[java.lang.AssertionError: expected:<5> but was:<8>
	at org.junit.Assert.fail(Assert.java:88)
	at org.junit.Assert.failNotEquals(Assert.java:743)
	at org.junit.Assert.assertEquals(Assert.java:118)
	at org.junit.Assert.assertEquals(Assert.java:555)
	at org.junit.Assert.assertEquals(Assert.java:542)
	at org.apache.hadoop.ozone.client.rpc.TestBlockOutputStream.testMultiChunkWrite2(TestBlockOutputStream.java:466)
	at sun.reflect.NativeMethodAccessorImpl.invoke0(Native Method)
	at sun.reflect.NativeMethodAccessorImpl.invoke(NativeMethodAccessorImpl.java:62)
	at sun.reflect.DelegatingMethodAccessorImpl.invoke(DelegatingMethodAccessorImpl.java:43)
	at java.lang.reflect.Method.invoke(Method.java:498)
	at org.junit.runners.model.FrameworkMethod$1.runReflectiveCall(FrameworkMethod.java:47)
	at org.junit.internal.runners.model.ReflectiveCallable.run(ReflectiveCallable.java:12)
	at org.junit.runners.model.FrameworkMethod.invokeExplosively(FrameworkMethod.java:44)
	at org.junit.internal.runners.statements.InvokeMethod.evaluate(InvokeMethod.java:17)
	at org.junit.runners.ParentRunner.runLeaf(ParentRunner.java:271)
	at org.junit.runners.BlockJUnit4ClassRunner.runChild(BlockJUnit4ClassRunner.java:70)
	at org.junit.runners.BlockJUnit4ClassRunner.runChild(BlockJUnit4ClassRunner.java:50)
	at org.junit.runners.ParentRunner$3.run(ParentRunner.java:238)
	at org.junit.runners.ParentRunner$1.schedule(ParentRunner.java:63)
	at org.junit.runners.ParentRunner.runChildren(ParentRunner.java:236)
	at org.junit.runners.ParentRunner.access$000(ParentRunner.java:53)
	at org.junit.runners.ParentRunner$2.evaluate(ParentRunner.java:229)
	at org.junit.internal.runners.statements.RunBefores.evaluate(RunBefores.java:26)
	at org.junit.internal.runners.statements.RunAfters.evaluate(RunAfters.java:27)
	at org.junit.runners.ParentRunner.run(ParentRunner.java:309)
	at org.apache.maven.surefire.junit4.JUnit4Provider.execute(JUnit4Provider.java:365)
	at org.apache.maven.surefire.junit4.JUnit4Provider.executeWithRerun(JUnit4Provider.java:273)
	at org.apache.maven.surefire.junit4.JUnit4Provider.executeTestSet(JUnit4Provider.java:238)
	at org.apache.maven.surefire.junit4.JUnit4Provider.invoke(JUnit4Provider.java:159)
	at org.apache.maven.surefire.booter.ForkedBooter.invokeProviderInSameClassLoader(ForkedBooter.java:384)
	at org.apache.maven.surefire.booter.ForkedBooter.runSuitesInProcess(ForkedBooter.java:345)
	at org.apache.maven.surefire.booter.ForkedBooter.execute(ForkedBooter.java:126)
	at org.apache.maven.surefire.booter.ForkedBooter.main(ForkedBooter.java:418)
]]></failure>
    <system-out><![CDATA[2019-09-18 17:23:36,367 [java.util.concurrent.ThreadPoolExecutor$Worker@290fd5ac[State = -1, empty queue]] WARN  server.GrpcLogAppender (GrpcLogAppender.java:timeoutAppendRequest(200)) - 60c95f10-37ee-49eb-b84e-63ada232a784@group-A8CC8E72DEEA->35e8f602-e85b-40b3-a2e8-9c7f2541a1dc-GrpcLogAppender: appendEntries Timeout, request=60c95f10-37ee-49eb-b84e-63ada232a784->35e8f602-e85b-40b3-a2e8-9c7f2541a1dc#8-t1, previous=(t:1, i:6), leaderCommit=6, initializing? false, entries: size=1, first=(t:1, i:7), STATEMACHINELOGENTRY, client-CFDC9F436A43, cid=16
2019-09-18 17:23:36,367 [java.util.concurrent.ThreadPoolExecutor$Worker@5aefd7b9[State = -1, empty queue]] WARN  server.GrpcLogAppender (GrpcLogAppender.java:timeoutAppendRequest(200)) - 60c95f10-37ee-49eb-b84e-63ada232a784@group-A8CC8E72DEEA->7ce2171e-d7bb-488f-b53c-71f230bd4ba7-GrpcLogAppender: appendEntries Timeout, request=60c95f10-37ee-49eb-b84e-63ada232a784->7ce2171e-d7bb-488f-b53c-71f230bd4ba7#8-t1, previous=(t:1, i:6), leaderCommit=6, initializing? false, entries: size=1, first=(t:1, i:7), STATEMACHINELOGENTRY, client-CFDC9F436A43, cid=16
2019-09-18 17:23:36,370 [java.util.concurrent.ThreadPoolExecutor$Worker@290fd5ac[State = -1, empty queue]] WARN  server.GrpcLogAppender (GrpcLogAppender.java:timeoutAppendRequest(200)) - 60c95f10-37ee-49eb-b84e-63ada232a784@group-A8CC8E72DEEA->35e8f602-e85b-40b3-a2e8-9c7f2541a1dc-GrpcLogAppender: appendEntries Timeout, request=60c95f10-37ee-49eb-b84e-63ada232a784->35e8f602-e85b-40b3-a2e8-9c7f2541a1dc#9-t1, previous=(t:1, i:7), leaderCommit=6, initializing? false, entries: size=1, first=(t:1, i:8), STATEMACHINELOGENTRY, client-CFDC9F436A43, cid=17
2019-09-18 17:23:36,371 [java.util.concurrent.ThreadPoolExecutor$Worker@5aefd7b9[State = -1, empty queue]] WARN  server.GrpcLogAppender (GrpcLogAppender.java:timeoutAppendRequest(200)) - 60c95f10-37ee-49eb-b84e-63ada232a784@group-A8CC8E72DEEA->7ce2171e-d7bb-488f-b53c-71f230bd4ba7-GrpcLogAppender: appendEntries Timeout, request=60c95f10-37ee-49eb-b84e-63ada232a784->7ce2171e-d7bb-488f-b53c-71f230bd4ba7#9-t1, previous=(t:1, i:7), leaderCommit=6, initializing? false, entries: size=1, first=(t:1, i:8), STATEMACHINELOGENTRY, client-CFDC9F436A43, cid=17
2019-09-18 17:23:36,373 [java.util.concurrent.ThreadPoolExecutor$Worker@290fd5ac[State = -1, empty queue]] WARN  server.GrpcLogAppender (GrpcLogAppender.java:timeoutAppendRequest(200)) - 60c95f10-37ee-49eb-b84e-63ada232a784@group-A8CC8E72DEEA->35e8f602-e85b-40b3-a2e8-9c7f2541a1dc-GrpcLogAppender: appendEntries Timeout, request=60c95f10-37ee-49eb-b84e-63ada232a784->35e8f602-e85b-40b3-a2e8-9c7f2541a1dc#10-t1, previous=(t:1, i:8), leaderCommit=6, initializing? false, entries: size=1, first=(t:1, i:9), STATEMACHINELOGENTRY, client-CFDC9F436A43, cid=18
2019-09-18 17:23:36,374 [java.util.concurrent.ThreadPoolExecutor$Worker@5aefd7b9[State = -1, empty queue]] WARN  server.GrpcLogAppender (GrpcLogAppender.java:timeoutAppendRequest(200)) - 60c95f10-37ee-49eb-b84e-63ada232a784@group-A8CC8E72DEEA->7ce2171e-d7bb-488f-b53c-71f230bd4ba7-GrpcLogAppender: appendEntries Timeout, request=60c95f10-37ee-49eb-b84e-63ada232a784->7ce2171e-d7bb-488f-b53c-71f230bd4ba7#10-t1, previous=(t:1, i:8), leaderCommit=6, initializing? false, entries: size=1, first=(t:1, i:9), STATEMACHINELOGENTRY, client-CFDC9F436A43, cid=18
2019-09-18 17:23:36,375 [java.util.concurrent.ThreadPoolExecutor$Worker@290fd5ac[State = -1, empty queue]] WARN  server.GrpcLogAppender (GrpcLogAppender.java:timeoutAppendRequest(200)) - 60c95f10-37ee-49eb-b84e-63ada232a784@group-A8CC8E72DEEA->35e8f602-e85b-40b3-a2e8-9c7f2541a1dc-GrpcLogAppender: appendEntries Timeout, request=60c95f10-37ee-49eb-b84e-63ada232a784->35e8f602-e85b-40b3-a2e8-9c7f2541a1dc#11-t1, previous=(t:1, i:9), leaderCommit=6, initializing? false, entries: size=1, first=(t:1, i:10), STATEMACHINELOGENTRY, client-CFDC9F436A43, cid=19
2019-09-18 17:23:36,375 [java.util.concurrent.ThreadPoolExecutor$Worker@5aefd7b9[State = -1, empty queue]] WARN  server.GrpcLogAppender (GrpcLogAppender.java:timeoutAppendRequest(200)) - 60c95f10-37ee-49eb-b84e-63ada232a784@group-A8CC8E72DEEA->7ce2171e-d7bb-488f-b53c-71f230bd4ba7-GrpcLogAppender: appendEntries Timeout, request=60c95f10-37ee-49eb-b84e-63ada232a784->7ce2171e-d7bb-488f-b53c-71f230bd4ba7#11-t1, previous=(t:1, i:9), leaderCommit=6, initializing? false, entries: size=1, first=(t:1, i:10), STATEMACHINELOGENTRY, client-CFDC9F436A43, cid=19
2019-09-18 17:23:36,378 [java.util.concurrent.ThreadPoolExecutor$Worker@5aefd7b9[State = -1, empty queue]] WARN  server.GrpcLogAppender (GrpcLogAppender.java:timeoutAppendRequest(200)) - 60c95f10-37ee-49eb-b84e-63ada232a784@group-A8CC8E72DEEA->7ce2171e-d7bb-488f-b53c-71f230bd4ba7-GrpcLogAppender: appendEntries Timeout, request=60c95f10-37ee-49eb-b84e-63ada232a784->7ce2171e-d7bb-488f-b53c-71f230bd4ba7#12-t1, previous=(t:1, i:10), leaderCommit=6, initializing? false, entries: size=1, first=(t:1, i:11), STATEMACHINELOGENTRY, client-CFDC9F436A43, cid=20
2019-09-18 17:23:36,378 [java.util.concurrent.ThreadPoolExecutor$Worker@290fd5ac[State = -1, empty queue]] WARN  server.GrpcLogAppender (GrpcLogAppender.java:timeoutAppendRequest(200)) - 60c95f10-37ee-49eb-b84e-63ada232a784@group-A8CC8E72DEEA->35e8f602-e85b-40b3-a2e8-9c7f2541a1dc-GrpcLogAppender: appendEntries Timeout, request=60c95f10-37ee-49eb-b84e-63ada232a784->35e8f602-e85b-40b3-a2e8-9c7f2541a1dc#12-t1, previous=(t:1, i:10), leaderCommit=6, initializing? false, entries: size=1, first=(t:1, i:11), STATEMACHINELOGENTRY, client-CFDC9F436A43, cid=20
2019-09-18 17:23:37,751 [Thread-321] INFO  impl.FollowerState (FollowerState.java:run(106)) - f1d6cbd0-cc55-4a8c-aff9-0f6c18a578e9:group-4F90601D4E02 changes to CANDIDATE, lastRpcTime:5100, electionTimeout:5100ms
2019-09-18 17:23:37,753 [Thread-321] INFO  impl.RoleInfo (RoleInfo.java:shutdownFollowerState(121)) - f1d6cbd0-cc55-4a8c-aff9-0f6c18a578e9: shutdown FollowerState
2019-09-18 17:23:37,753 [Thread-321] INFO  impl.RaftServerImpl (RaftServerImpl.java:setRole(174)) - f1d6cbd0-cc55-4a8c-aff9-0f6c18a578e9@group-4F90601D4E02: changes role from  FOLLOWER to CANDIDATE at term 1 for changeToCandidate
2019-09-18 17:23:37,754 [Thread-321] INFO  impl.RoleInfo (RoleInfo.java:updateAndGet(143)) - f1d6cbd0-cc55-4a8c-aff9-0f6c18a578e9: start LeaderElection
2019-09-18 17:23:37,770 [f1d6cbd0-cc55-4a8c-aff9-0f6c18a578e9@group-4F90601D4E02:LeaderElection13] INFO  impl.LeaderElection (LeaderElection.java:askForVotes(182)) - f1d6cbd0-cc55-4a8c-aff9-0f6c18a578e9@group-4F90601D4E02:LeaderElection13: begin an election at term 2 for -1: [f1d6cbd0-cc55-4a8c-aff9-0f6c18a578e9:192.168.151.122:38812, befaacb7-99cd-4d87-819a-d941cb77279d:192.168.151.122:44171, 3f36f173-4656-4d5a-831c-b6782f9f5ad2:192.168.151.122:40451], old=null
2019-09-18 17:23:37,777 [grpc-default-executor-6] INFO  impl.RaftServerImpl (RaftServerImpl.java:setRole(174)) - befaacb7-99cd-4d87-819a-d941cb77279d@group-4F90601D4E02: changes role from  FOLLOWER to FOLLOWER at term 2 for recognizeCandidate:f1d6cbd0-cc55-4a8c-aff9-0f6c18a578e9
2019-09-18 17:23:37,779 [grpc-default-executor-6] INFO  impl.RoleInfo (RoleInfo.java:shutdownFollowerState(121)) - befaacb7-99cd-4d87-819a-d941cb77279d: shutdown FollowerState
2019-09-18 17:23:37,779 [grpc-default-executor-4] INFO  impl.RaftServerImpl (RaftServerImpl.java:setRole(174)) - 3f36f173-4656-4d5a-831c-b6782f9f5ad2@group-4F90601D4E02: changes role from  FOLLOWER to FOLLOWER at term 2 for recognizeCandidate:f1d6cbd0-cc55-4a8c-aff9-0f6c18a578e9
2019-09-18 17:23:37,779 [Thread-323] INFO  impl.FollowerState (FollowerState.java:run(115)) - befaacb7-99cd-4d87-819a-d941cb77279d: FollowerState was interrupted: java.lang.InterruptedException: sleep interrupted
2019-09-18 17:23:37,780 [grpc-default-executor-4] INFO  impl.RoleInfo (RoleInfo.java:shutdownFollowerState(121)) - 3f36f173-4656-4d5a-831c-b6782f9f5ad2: shutdown FollowerState
2019-09-18 17:23:37,779 [grpc-default-executor-6] INFO  impl.RoleInfo (RoleInfo.java:updateAndGet(143)) - befaacb7-99cd-4d87-819a-d941cb77279d: start FollowerState
2019-09-18 17:23:37,781 [Thread-322] INFO  impl.FollowerState (FollowerState.java:run(115)) - 3f36f173-4656-4d5a-831c-b6782f9f5ad2: FollowerState was interrupted: java.lang.InterruptedException: sleep interrupted
2019-09-18 17:23:37,781 [grpc-default-executor-4] INFO  impl.RoleInfo (RoleInfo.java:updateAndGet(143)) - 3f36f173-4656-4d5a-831c-b6782f9f5ad2: start FollowerState
2019-09-18 17:23:37,811 [f1d6cbd0-cc55-4a8c-aff9-0f6c18a578e9@group-4F90601D4E02:LeaderElection13] INFO  impl.LeaderElection (LeaderElection.java:logAndReturn(56)) - f1d6cbd0-cc55-4a8c-aff9-0f6c18a578e9@group-4F90601D4E02:LeaderElection13: Election PASSED; received 1 response(s) [f1d6cbd0-cc55-4a8c-aff9-0f6c18a578e9<-befaacb7-99cd-4d87-819a-d941cb77279d#0:OK-t2] and 0 exception(s); f1d6cbd0-cc55-4a8c-aff9-0f6c18a578e9@group-4F90601D4E02:t2, leader=null, voted=f1d6cbd0-cc55-4a8c-aff9-0f6c18a578e9, raftlog=f1d6cbd0-cc55-4a8c-aff9-0f6c18a578e9@group-4F90601D4E02-SegmentedRaftLog:OPENED:c-1,f-1,i0, conf=-1: [f1d6cbd0-cc55-4a8c-aff9-0f6c18a578e9:192.168.151.122:38812, befaacb7-99cd-4d87-819a-d941cb77279d:192.168.151.122:44171, 3f36f173-4656-4d5a-831c-b6782f9f5ad2:192.168.151.122:40451], old=null
2019-09-18 17:23:37,811 [f1d6cbd0-cc55-4a8c-aff9-0f6c18a578e9@group-4F90601D4E02:LeaderElection13] INFO  impl.RoleInfo (RoleInfo.java:shutdownLeaderElection(134)) - f1d6cbd0-cc55-4a8c-aff9-0f6c18a578e9: shutdown LeaderElection
2019-09-18 17:23:37,814 [f1d6cbd0-cc55-4a8c-aff9-0f6c18a578e9@group-4F90601D4E02:LeaderElection13] INFO  impl.RaftServerImpl (RaftServerImpl.java:setRole(174)) - f1d6cbd0-cc55-4a8c-aff9-0f6c18a578e9@group-4F90601D4E02: changes role from CANDIDATE to LEADER at term 2 for changeToLeader
2019-09-18 17:23:37,814 [f1d6cbd0-cc55-4a8c-aff9-0f6c18a578e9@group-4F90601D4E02:LeaderElection13] INFO  impl.RaftServerImpl (ServerState.java:setLeader(253)) - f1d6cbd0-cc55-4a8c-aff9-0f6c18a578e9@group-4F90601D4E02: change Leader from null to f1d6cbd0-cc55-4a8c-aff9-0f6c18a578e9 at term 2 for becomeLeader, leader elected after 10415ms
2019-09-18 17:23:37,814 [f1d6cbd0-cc55-4a8c-aff9-0f6c18a578e9@group-4F90601D4E02:LeaderElection13] INFO  server.RaftServerConfigKeys (ConfUtils.java:logGet(43)) - raft.server.staging.catchup.gap = 1000 (default)
2019-09-18 17:23:37,815 [f1d6cbd0-cc55-4a8c-aff9-0f6c18a578e9@group-4F90601D4E02:LeaderElection13] INFO  server.RaftServerConfigKeys (ConfUtils.java:logGet(43)) - raft.server.rpc.sleep.time = 25ms (default)
2019-09-18 17:23:37,815 [f1d6cbd0-cc55-4a8c-aff9-0f6c18a578e9@group-4F90601D4E02:LeaderElection13] INFO  server.RaftServerConfigKeys (ConfUtils.java:logGet(43)) - raft.server.write.element-limit = 4096 (default)
2019-09-18 17:23:37,815 [f1d6cbd0-cc55-4a8c-aff9-0f6c18a578e9@group-4F90601D4E02:LeaderElection13] INFO  server.RaftServerConfigKeys (ConfUtils.java:logGet(43)) - raft.server.watch.timeout = 10s (default)
2019-09-18 17:23:37,815 [f1d6cbd0-cc55-4a8c-aff9-0f6c18a578e9@group-4F90601D4E02:LeaderElection13] INFO  server.RaftServerConfigKeys (ConfUtils.java:logGet(43)) - raft.server.watch.timeout.denomination = 1s (default)
2019-09-18 17:23:37,816 [f1d6cbd0-cc55-4a8c-aff9-0f6c18a578e9@group-4F90601D4E02:LeaderElection13] INFO  server.RaftServerConfigKeys (ConfUtils.java:logGet(43)) - raft.server.watch.element-limit = 65536 (default)
2019-09-18 17:23:37,821 [f1d6cbd0-cc55-4a8c-aff9-0f6c18a578e9@group-4F90601D4E02:LeaderElection13] INFO  server.RaftServerConfigKeys (ConfUtils.java:logGet(43)) - raft.server.log.appender.snapshot.chunk.size.max = 16MB (=16777216) (default)
2019-09-18 17:23:37,821 [f1d6cbd0-cc55-4a8c-aff9-0f6c18a578e9@group-4F90601D4E02:LeaderElection13] INFO  server.RaftServerConfigKeys (ConfUtils.java:logGet(43)) - raft.server.log.appender.buffer.byte-limit = 33554432 (custom)
2019-09-18 17:23:37,821 [f1d6cbd0-cc55-4a8c-aff9-0f6c18a578e9@group-4F90601D4E02:LeaderElection13] INFO  server.RaftServerConfigKeys (ConfUtils.java:logGet(43)) - raft.server.log.appender.buffer.element-limit = 1 (custom)
2019-09-18 17:23:37,821 [f1d6cbd0-cc55-4a8c-aff9-0f6c18a578e9@group-4F90601D4E02:LeaderElection13] INFO  grpc.GrpcConfigKeys$Server (ConfUtils.java:logGet(43)) - raft.grpc.server.leader.outstanding.appends.max = 128 (default)
2019-09-18 17:23:37,824 [f1d6cbd0-cc55-4a8c-aff9-0f6c18a578e9@group-4F90601D4E02:LeaderElection13] INFO  server.RaftServerConfigKeys (ConfUtils.java:logGet(43)) - raft.server.rpc.request.timeout = 3000ms (default)
2019-09-18 17:23:37,824 [f1d6cbd0-cc55-4a8c-aff9-0f6c18a578e9@group-4F90601D4E02:LeaderElection13] INFO  server.RaftServerConfigKeys (ConfUtils.java:logGet(43)) - raft.server.log.appender.install.snapshot.enabled = false (custom)
2019-09-18 17:23:37,824 [f1d6cbd0-cc55-4a8c-aff9-0f6c18a578e9@group-4F90601D4E02:LeaderElection13] INFO  server.RaftServerConfigKeys (ConfUtils.java:logGet(43)) - raft.server.log.appender.snapshot.chunk.size.max = 16MB (=16777216) (default)
2019-09-18 17:23:37,824 [f1d6cbd0-cc55-4a8c-aff9-0f6c18a578e9@group-4F90601D4E02:LeaderElection13] INFO  server.RaftServerConfigKeys (ConfUtils.java:logGet(43)) - raft.server.log.appender.buffer.byte-limit = 33554432 (custom)
2019-09-18 17:23:37,824 [f1d6cbd0-cc55-4a8c-aff9-0f6c18a578e9@group-4F90601D4E02:LeaderElection13] INFO  server.RaftServerConfigKeys (ConfUtils.java:logGet(43)) - raft.server.log.appender.buffer.element-limit = 1 (custom)
2019-09-18 17:23:37,825 [f1d6cbd0-cc55-4a8c-aff9-0f6c18a578e9@group-4F90601D4E02:LeaderElection13] INFO  grpc.GrpcConfigKeys$Server (ConfUtils.java:logGet(43)) - raft.grpc.server.leader.outstanding.appends.max = 128 (default)
2019-09-18 17:23:37,825 [f1d6cbd0-cc55-4a8c-aff9-0f6c18a578e9@group-4F90601D4E02:LeaderElection13] INFO  server.RaftServerConfigKeys (ConfUtils.java:logGet(43)) - raft.server.rpc.request.timeout = 3000ms (default)
2019-09-18 17:23:37,825 [f1d6cbd0-cc55-4a8c-aff9-0f6c18a578e9@group-4F90601D4E02:LeaderElection13] INFO  server.RaftServerConfigKeys (ConfUtils.java:logGet(43)) - raft.server.log.appender.install.snapshot.enabled = false (custom)
2019-09-18 17:23:37,825 [f1d6cbd0-cc55-4a8c-aff9-0f6c18a578e9@group-4F90601D4E02:LeaderElection13] INFO  impl.RoleInfo (RoleInfo.java:updateAndGet(143)) - f1d6cbd0-cc55-4a8c-aff9-0f6c18a578e9: start LeaderState
2019-09-18 17:23:37,826 [f1d6cbd0-cc55-4a8c-aff9-0f6c18a578e9@group-4F90601D4E02:LeaderElection13] INFO  segmented.SegmentedRaftLogWorker (SegmentedRaftLogWorker.java:startLogSegment(380)) - f1d6cbd0-cc55-4a8c-aff9-0f6c18a578e9@group-4F90601D4E02-SegmentedRaftLogWorker: Starting segment from index:0
2019-09-18 17:23:37,827 [f1d6cbd0-cc55-4a8c-aff9-0f6c18a578e9@group-4F90601D4E02:LeaderElection13] INFO  impl.RaftServerImpl (ServerState.java:setRaftConf(354)) - f1d6cbd0-cc55-4a8c-aff9-0f6c18a578e9@group-4F90601D4E02: set configuration 0: [f1d6cbd0-cc55-4a8c-aff9-0f6c18a578e9:192.168.151.122:38812, befaacb7-99cd-4d87-819a-d941cb77279d:192.168.151.122:44171, 3f36f173-4656-4d5a-831c-b6782f9f5ad2:192.168.151.122:40451], old=null at 0
2019-09-18 17:23:37,865 [grpc-default-executor-6] INFO  impl.RaftServerImpl (ServerState.java:setLeader(253)) - 3f36f173-4656-4d5a-831c-b6782f9f5ad2@group-4F90601D4E02: change Leader from null to f1d6cbd0-cc55-4a8c-aff9-0f6c18a578e9 at term 2 for appendEntries, leader elected after 10466ms
2019-09-18 17:23:37,868 [grpc-default-executor-4] INFO  impl.RaftServerImpl (ServerState.java:setLeader(253)) - befaacb7-99cd-4d87-819a-d941cb77279d@group-4F90601D4E02: change Leader from null to f1d6cbd0-cc55-4a8c-aff9-0f6c18a578e9 at term 2 for appendEntries, leader elected after 10469ms
2019-09-18 17:23:37,872 [grpc-default-executor-6] INFO  impl.RaftServerImpl (ServerState.java:setRaftConf(354)) - 3f36f173-4656-4d5a-831c-b6782f9f5ad2@group-4F90601D4E02: set configuration 0: [f1d6cbd0-cc55-4a8c-aff9-0f6c18a578e9:192.168.151.122:38812, befaacb7-99cd-4d87-819a-d941cb77279d:192.168.151.122:44171, 3f36f173-4656-4d5a-831c-b6782f9f5ad2:192.168.151.122:40451], old=null at 0
2019-09-18 17:23:37,872 [grpc-default-executor-4] INFO  impl.RaftServerImpl (ServerState.java:setRaftConf(354)) - befaacb7-99cd-4d87-819a-d941cb77279d@group-4F90601D4E02: set configuration 0: [f1d6cbd0-cc55-4a8c-aff9-0f6c18a578e9:192.168.151.122:38812, befaacb7-99cd-4d87-819a-d941cb77279d:192.168.151.122:44171, 3f36f173-4656-4d5a-831c-b6782f9f5ad2:192.168.151.122:40451], old=null at 0
2019-09-18 17:23:37,872 [grpc-default-executor-6] INFO  segmented.SegmentedRaftLogWorker (SegmentedRaftLogWorker.java:startLogSegment(380)) - 3f36f173-4656-4d5a-831c-b6782f9f5ad2@group-4F90601D4E02-SegmentedRaftLogWorker: Starting segment from index:0
2019-09-18 17:23:37,872 [grpc-default-executor-4] INFO  segmented.SegmentedRaftLogWorker (SegmentedRaftLogWorker.java:startLogSegment(380)) - befaacb7-99cd-4d87-819a-d941cb77279d@group-4F90601D4E02-SegmentedRaftLogWorker: Starting segment from index:0
2019-09-18 17:23:37,877 [f1d6cbd0-cc55-4a8c-aff9-0f6c18a578e9@group-4F90601D4E02-SegmentedRaftLogWorker] INFO  segmented.SegmentedRaftLogWorker (SegmentedRaftLogWorker.java:execute(569)) - f1d6cbd0-cc55-4a8c-aff9-0f6c18a578e9@group-4F90601D4E02-SegmentedRaftLogWorker: created new log segment /workdir/hadoop-ozone/integration-test/target/test-dir/MiniOzoneClusterImpl-b34fcd95-ddd9-49f6-9e80-ffea83eaa9ea/datanode-1/data/ratis/8f3f41fd-663e-48bf-b10e-4f90601d4e02/current/log_inprogress_0
2019-09-18 17:23:37,909 [befaacb7-99cd-4d87-819a-d941cb77279d@group-4F90601D4E02-SegmentedRaftLogWorker] INFO  segmented.SegmentedRaftLogWorker (SegmentedRaftLogWorker.java:execute(569)) - befaacb7-99cd-4d87-819a-d941cb77279d@group-4F90601D4E02-SegmentedRaftLogWorker: created new log segment /workdir/hadoop-ozone/integration-test/target/test-dir/MiniOzoneClusterImpl-b34fcd95-ddd9-49f6-9e80-ffea83eaa9ea/datanode-4/data/ratis/8f3f41fd-663e-48bf-b10e-4f90601d4e02/current/log_inprogress_0
2019-09-18 17:23:37,922 [3f36f173-4656-4d5a-831c-b6782f9f5ad2@group-4F90601D4E02-SegmentedRaftLogWorker] INFO  segmented.SegmentedRaftLogWorker (SegmentedRaftLogWorker.java:execute(569)) - 3f36f173-4656-4d5a-831c-b6782f9f5ad2@group-4F90601D4E02-SegmentedRaftLogWorker: created new log segment /workdir/hadoop-ozone/integration-test/target/test-dir/MiniOzoneClusterImpl-b34fcd95-ddd9-49f6-9e80-ffea83eaa9ea/datanode-3/data/ratis/8f3f41fd-663e-48bf-b10e-4f90601d4e02/current/log_inprogress_0
2019-09-18 17:23:38,432 [grpc-default-executor-6] INFO  client.GrpcClientProtocolClient (GrpcClientProtocolClient.java:onNext(264)) - client-CFDC9F436A43->7ce2171e-d7bb-488f-b53c-71f230bd4ba7: receive RaftClientReply:client-CFDC9F436A43->7ce2171e-d7bb-488f-b53c-71f230bd4ba7@group-A8CC8E72DEEA, cid=16, FAILED org.apache.ratis.protocol.NotLeaderException: Server 7ce2171e-d7bb-488f-b53c-71f230bd4ba7@group-A8CC8E72DEEA is not the leader 60c95f10-37ee-49eb-b84e-63ada232a784:192.168.151.122:37895, logIndex=0, commits[7ce2171e-d7bb-488f-b53c-71f230bd4ba7:c6, 60c95f10-37ee-49eb-b84e-63ada232a784:c6, 35e8f602-e85b-40b3-a2e8-9c7f2541a1dc:c4]
2019-09-18 17:23:38,872 [java.util.concurrent.ThreadPoolExecutor$Worker@290fd5ac[State = -1, empty queue]] WARN  server.GrpcLogAppender (GrpcLogAppender.java:timeoutAppendRequest(200)) - 60c95f10-37ee-49eb-b84e-63ada232a784@group-A8CC8E72DEEA->35e8f602-e85b-40b3-a2e8-9c7f2541a1dc-GrpcLogAppender: appendEntries Timeout, request=60c95f10-37ee-49eb-b84e-63ada232a784->35e8f602-e85b-40b3-a2e8-9c7f2541a1dc#13-t1, previous=(t:1, i:11), leaderCommit=6, initializing? false, entries: <empty>
2019-09-18 17:23:38,872 [java.util.concurrent.ThreadPoolExecutor$Worker@5aefd7b9[State = -1, empty queue]] WARN  server.GrpcLogAppender (GrpcLogAppender.java:timeoutAppendRequest(200)) - 60c95f10-37ee-49eb-b84e-63ada232a784@group-A8CC8E72DEEA->7ce2171e-d7bb-488f-b53c-71f230bd4ba7-GrpcLogAppender: appendEntries Timeout, request=60c95f10-37ee-49eb-b84e-63ada232a784->7ce2171e-d7bb-488f-b53c-71f230bd4ba7#13-t1, previous=(t:1, i:11), leaderCommit=6, initializing? false, entries: <empty>
2019-09-18 17:23:41,373 [java.util.concurrent.ThreadPoolExecutor$Worker@290fd5ac[State = -1, empty queue]] WARN  server.GrpcLogAppender (GrpcLogAppender.java:timeoutAppendRequest(200)) - 60c95f10-37ee-49eb-b84e-63ada232a784@group-A8CC8E72DEEA->35e8f602-e85b-40b3-a2e8-9c7f2541a1dc-GrpcLogAppender: appendEntries Timeout, request=60c95f10-37ee-49eb-b84e-63ada232a784->35e8f602-e85b-40b3-a2e8-9c7f2541a1dc#14-t1, previous=(t:1, i:11), leaderCommit=6, initializing? false, entries: <empty>
2019-09-18 17:23:41,373 [java.util.concurrent.ThreadPoolExecutor$Worker@5aefd7b9[State = -1, empty queue]] WARN  server.GrpcLogAppender (GrpcLogAppender.java:timeoutAppendRequest(200)) - 60c95f10-37ee-49eb-b84e-63ada232a784@group-A8CC8E72DEEA->7ce2171e-d7bb-488f-b53c-71f230bd4ba7-GrpcLogAppender: appendEntries Timeout, request=60c95f10-37ee-49eb-b84e-63ada232a784->7ce2171e-d7bb-488f-b53c-71f230bd4ba7#14-t1, previous=(t:1, i:11), leaderCommit=6, initializing? false, entries: <empty>
2019-09-18 17:23:43,371 [7ce2171e-d7bb-488f-b53c-71f230bd4ba7@group-A8CC8E72DEEA-SegmentedRaftLogWorker] WARN  segmented.SegmentedRaftLogWorker (SegmentedRaftLogWorker.java:getFromFuture(90)) - Timeout 0/~
org.apache.ratis.protocol.TimeoutIOException: Timeout 10s: WriteLog:7: (t:1, i:7), STATEMACHINELOGENTRY, client-CFDC9F436A43, cid=16-writeStateMachineData
	at org.apache.ratis.util.IOUtils.getFromFuture(IOUtils.java:87)
	at org.apache.ratis.server.raftlog.segmented.SegmentedRaftLogWorker$StateMachineDataPolicy.getFromFuture(SegmentedRaftLogWorker.java:87)
	at org.apache.ratis.server.raftlog.segmented.SegmentedRaftLogWorker$WriteLog.execute(SegmentedRaftLogWorker.java:477)
	at org.apache.ratis.server.raftlog.segmented.SegmentedRaftLogWorker.run(SegmentedRaftLogWorker.java:289)
	at java.lang.Thread.run(Thread.java:748)
Caused by: java.util.concurrent.TimeoutException
	at java.util.concurrent.CompletableFuture.timedGet(CompletableFuture.java:1771)
	at java.util.concurrent.CompletableFuture.get(CompletableFuture.java:1915)
	at org.apache.ratis.util.IOUtils.getFromFuture(IOUtils.java:79)
	... 4 more
2019-09-18 17:23:43,493 [grpc-default-executor-5] INFO  client.GrpcClientProtocolClient (GrpcClientProtocolClient.java:onNext(264)) - client-CFDC9F436A43->7ce2171e-d7bb-488f-b53c-71f230bd4ba7: receive RaftClientReply:client-CFDC9F436A43->7ce2171e-d7bb-488f-b53c-71f230bd4ba7@group-A8CC8E72DEEA, cid=16, FAILED org.apache.ratis.protocol.NotLeaderException: Server 7ce2171e-d7bb-488f-b53c-71f230bd4ba7@group-A8CC8E72DEEA is not the leader 60c95f10-37ee-49eb-b84e-63ada232a784:192.168.151.122:37895, logIndex=0, commits[7ce2171e-d7bb-488f-b53c-71f230bd4ba7:c6, 60c95f10-37ee-49eb-b84e-63ada232a784:c6, 35e8f602-e85b-40b3-a2e8-9c7f2541a1dc:c4]
2019-09-18 17:23:43,520 [60c95f10-37ee-49eb-b84e-63ada232a784@group-A8CC8E72DEEA-SegmentedRaftLogWorker] WARN  segmented.SegmentedRaftLogWorker (SegmentedRaftLogWorker.java:getFromFuture(90)) - Timeout 0/~
org.apache.ratis.protocol.TimeoutIOException: Timeout 10s: WriteLog:8: (t:1, i:8), STATEMACHINELOGENTRY, client-CFDC9F436A43, cid=17-writeStateMachineData
	at org.apache.ratis.util.IOUtils.getFromFuture(IOUtils.java:87)
	at org.apache.ratis.server.raftlog.segmented.SegmentedRaftLogWorker$StateMachineDataPolicy.getFromFuture(SegmentedRaftLogWorker.java:87)
	at org.apache.ratis.server.raftlog.segmented.SegmentedRaftLogWorker$WriteLog.execute(SegmentedRaftLogWorker.java:477)
	at org.apache.ratis.server.raftlog.segmented.SegmentedRaftLogWorker.run(SegmentedRaftLogWorker.java:289)
	at java.lang.Thread.run(Thread.java:748)
Caused by: java.util.concurrent.TimeoutException
	at java.util.concurrent.CompletableFuture.timedGet(CompletableFuture.java:1771)
	at java.util.concurrent.CompletableFuture.get(CompletableFuture.java:1915)
	at org.apache.ratis.util.IOUtils.getFromFuture(IOUtils.java:79)
	... 4 more
2019-09-18 17:23:43,521 [35e8f602-e85b-40b3-a2e8-9c7f2541a1dc@group-A8CC8E72DEEA-SegmentedRaftLogWorker] WARN  segmented.SegmentedRaftLogWorker (SegmentedRaftLogWorker.java:getFromFuture(90)) - Timeout 0/~
org.apache.ratis.protocol.TimeoutIOException: Timeout 10s: WriteLog:10: (t:1, i:10), STATEMACHINELOGENTRY, client-CFDC9F436A43, cid=19-writeStateMachineData
	at org.apache.ratis.util.IOUtils.getFromFuture(IOUtils.java:87)
	at org.apache.ratis.server.raftlog.segmented.SegmentedRaftLogWorker$StateMachineDataPolicy.getFromFuture(SegmentedRaftLogWorker.java:87)
	at org.apache.ratis.server.raftlog.segmented.SegmentedRaftLogWorker$WriteLog.execute(SegmentedRaftLogWorker.java:477)
	at org.apache.ratis.server.raftlog.segmented.SegmentedRaftLogWorker.run(SegmentedRaftLogWorker.java:289)
	at java.lang.Thread.run(Thread.java:748)
Caused by: java.util.concurrent.TimeoutException
	at java.util.concurrent.CompletableFuture.timedGet(CompletableFuture.java:1771)
	at java.util.concurrent.CompletableFuture.get(CompletableFuture.java:1915)
	at org.apache.ratis.util.IOUtils.getFromFuture(IOUtils.java:79)
	... 4 more
2019-09-18 17:23:43,873 [java.util.concurrent.ThreadPoolExecutor$Worker@5aefd7b9[State = -1, empty queue]] WARN  server.GrpcLogAppender (GrpcLogAppender.java:timeoutAppendRequest(200)) - 60c95f10-37ee-49eb-b84e-63ada232a784@group-A8CC8E72DEEA->7ce2171e-d7bb-488f-b53c-71f230bd4ba7-GrpcLogAppender: appendEntries Timeout, request=60c95f10-37ee-49eb-b84e-63ada232a784->7ce2171e-d7bb-488f-b53c-71f230bd4ba7#15-t1, previous=(t:1, i:11), leaderCommit=6, initializing? false, entries: <empty>
2019-09-18 17:23:43,873 [java.util.concurrent.ThreadPoolExecutor$Worker@290fd5ac[State = -1, empty queue]] WARN  server.GrpcLogAppender (GrpcLogAppender.java:timeoutAppendRequest(200)) - 60c95f10-37ee-49eb-b84e-63ada232a784@group-A8CC8E72DEEA->35e8f602-e85b-40b3-a2e8-9c7f2541a1dc-GrpcLogAppender: appendEntries Timeout, request=60c95f10-37ee-49eb-b84e-63ada232a784->35e8f602-e85b-40b3-a2e8-9c7f2541a1dc#15-t1, previous=(t:1, i:11), leaderCommit=6, initializing? false, entries: <empty>
2019-09-18 17:23:46,374 [java.util.concurrent.ThreadPoolExecutor$Worker@290fd5ac[State = -1, empty queue]] WARN  server.GrpcLogAppender (GrpcLogAppender.java:timeoutAppendRequest(200)) - 60c95f10-37ee-49eb-b84e-63ada232a784@group-A8CC8E72DEEA->35e8f602-e85b-40b3-a2e8-9c7f2541a1dc-GrpcLogAppender: appendEntries Timeout, request=60c95f10-37ee-49eb-b84e-63ada232a784->35e8f602-e85b-40b3-a2e8-9c7f2541a1dc#16-t1, previous=(t:1, i:11), leaderCommit=6, initializing? false, entries: <empty>
2019-09-18 17:23:46,374 [java.util.concurrent.ThreadPoolExecutor$Worker@5aefd7b9[State = -1, empty queue]] WARN  server.GrpcLogAppender (GrpcLogAppender.java:timeoutAppendRequest(200)) - 60c95f10-37ee-49eb-b84e-63ada232a784@group-A8CC8E72DEEA->7ce2171e-d7bb-488f-b53c-71f230bd4ba7-GrpcLogAppender: appendEntries Timeout, request=60c95f10-37ee-49eb-b84e-63ada232a784->7ce2171e-d7bb-488f-b53c-71f230bd4ba7#16-t1, previous=(t:1, i:11), leaderCommit=6, initializing? false, entries: <empty>
2019-09-18 17:23:48,558 [grpc-default-executor-5] INFO  client.GrpcClientProtocolClient (GrpcClientProtocolClient.java:onNext(264)) - client-CFDC9F436A43->7ce2171e-d7bb-488f-b53c-71f230bd4ba7: receive RaftClientReply:client-CFDC9F436A43->7ce2171e-d7bb-488f-b53c-71f230bd4ba7@group-A8CC8E72DEEA, cid=16, FAILED org.apache.ratis.protocol.NotLeaderException: Server 7ce2171e-d7bb-488f-b53c-71f230bd4ba7@group-A8CC8E72DEEA is not the leader 60c95f10-37ee-49eb-b84e-63ada232a784:192.168.151.122:37895, logIndex=0, commits[7ce2171e-d7bb-488f-b53c-71f230bd4ba7:c6, 60c95f10-37ee-49eb-b84e-63ada232a784:c6, 35e8f602-e85b-40b3-a2e8-9c7f2541a1dc:c4]
2019-09-18 17:23:48,876 [java.util.concurrent.ThreadPoolExecutor$Worker@290fd5ac[State = -1, empty queue]] WARN  server.GrpcLogAppender (GrpcLogAppender.java:timeoutAppendRequest(200)) - 60c95f10-37ee-49eb-b84e-63ada232a784@group-A8CC8E72DEEA->35e8f602-e85b-40b3-a2e8-9c7f2541a1dc-GrpcLogAppender: appendEntries Timeout, request=60c95f10-37ee-49eb-b84e-63ada232a784->35e8f602-e85b-40b3-a2e8-9c7f2541a1dc#17-t1, previous=(t:1, i:11), leaderCommit=6, initializing? false, entries: <empty>
2019-09-18 17:23:48,876 [java.util.concurrent.ThreadPoolExecutor$Worker@5aefd7b9[State = -1, empty queue]] WARN  server.GrpcLogAppender (GrpcLogAppender.java:timeoutAppendRequest(200)) - 60c95f10-37ee-49eb-b84e-63ada232a784@group-A8CC8E72DEEA->7ce2171e-d7bb-488f-b53c-71f230bd4ba7-GrpcLogAppender: appendEntries Timeout, request=60c95f10-37ee-49eb-b84e-63ada232a784->7ce2171e-d7bb-488f-b53c-71f230bd4ba7#17-t1, previous=(t:1, i:11), leaderCommit=6, initializing? false, entries: <empty>
2019-09-18 17:23:51,377 [java.util.concurrent.ThreadPoolExecutor$Worker@290fd5ac[State = -1, empty queue]] WARN  server.GrpcLogAppender (GrpcLogAppender.java:timeoutAppendRequest(200)) - 60c95f10-37ee-49eb-b84e-63ada232a784@group-A8CC8E72DEEA->35e8f602-e85b-40b3-a2e8-9c7f2541a1dc-GrpcLogAppender: appendEntries Timeout, request=60c95f10-37ee-49eb-b84e-63ada232a784->35e8f602-e85b-40b3-a2e8-9c7f2541a1dc#18-t1, previous=(t:1, i:11), leaderCommit=6, initializing? false, entries: <empty>
2019-09-18 17:23:51,377 [java.util.concurrent.ThreadPoolExecutor$Worker@5aefd7b9[State = -1, empty queue]] WARN  server.GrpcLogAppender (GrpcLogAppender.java:timeoutAppendRequest(200)) - 60c95f10-37ee-49eb-b84e-63ada232a784@group-A8CC8E72DEEA->7ce2171e-d7bb-488f-b53c-71f230bd4ba7-GrpcLogAppender: appendEntries Timeout, request=60c95f10-37ee-49eb-b84e-63ada232a784->7ce2171e-d7bb-488f-b53c-71f230bd4ba7#18-t1, previous=(t:1, i:11), leaderCommit=6, initializing? false, entries: <empty>
2019-09-18 17:23:53,375 [7ce2171e-d7bb-488f-b53c-71f230bd4ba7@group-A8CC8E72DEEA-SegmentedRaftLogWorker] WARN  segmented.SegmentedRaftLogWorker (SegmentedRaftLogWorker.java:getFromFuture(90)) - Timeout 1/~
org.apache.ratis.protocol.TimeoutIOException: Timeout 10s: WriteLog:7: (t:1, i:7), STATEMACHINELOGENTRY, client-CFDC9F436A43, cid=16-writeStateMachineData
	at org.apache.ratis.util.IOUtils.getFromFuture(IOUtils.java:87)
	at org.apache.ratis.server.raftlog.segmented.SegmentedRaftLogWorker$StateMachineDataPolicy.getFromFuture(SegmentedRaftLogWorker.java:87)
	at org.apache.ratis.server.raftlog.segmented.SegmentedRaftLogWorker$WriteLog.execute(SegmentedRaftLogWorker.java:477)
	at org.apache.ratis.server.raftlog.segmented.SegmentedRaftLogWorker.run(SegmentedRaftLogWorker.java:289)
	at java.lang.Thread.run(Thread.java:748)
Caused by: java.util.concurrent.TimeoutException
	at java.util.concurrent.CompletableFuture.timedGet(CompletableFuture.java:1771)
	at java.util.concurrent.CompletableFuture.get(CompletableFuture.java:1915)
	at org.apache.ratis.util.IOUtils.getFromFuture(IOUtils.java:79)
	... 4 more
2019-09-18 17:23:53,521 [60c95f10-37ee-49eb-b84e-63ada232a784@group-A8CC8E72DEEA-SegmentedRaftLogWorker] WARN  segmented.SegmentedRaftLogWorker (SegmentedRaftLogWorker.java:getFromFuture(90)) - Timeout 1/~
org.apache.ratis.protocol.TimeoutIOException: Timeout 10s: WriteLog:8: (t:1, i:8), STATEMACHINELOGENTRY, client-CFDC9F436A43, cid=17-writeStateMachineData
	at org.apache.ratis.util.IOUtils.getFromFuture(IOUtils.java:87)
	at org.apache.ratis.server.raftlog.segmented.SegmentedRaftLogWorker$StateMachineDataPolicy.getFromFuture(SegmentedRaftLogWorker.java:87)
	at org.apache.ratis.server.raftlog.segmented.SegmentedRaftLogWorker$WriteLog.execute(SegmentedRaftLogWorker.java:477)
	at org.apache.ratis.server.raftlog.segmented.SegmentedRaftLogWorker.run(SegmentedRaftLogWorker.java:289)
	at java.lang.Thread.run(Thread.java:748)
Caused by: java.util.concurrent.TimeoutException
	at java.util.concurrent.CompletableFuture.timedGet(CompletableFuture.java:1771)
	at java.util.concurrent.CompletableFuture.get(CompletableFuture.java:1915)
	at org.apache.ratis.util.IOUtils.getFromFuture(IOUtils.java:79)
	... 4 more
2019-09-18 17:23:53,533 [35e8f602-e85b-40b3-a2e8-9c7f2541a1dc@group-A8CC8E72DEEA-SegmentedRaftLogWorker] WARN  segmented.SegmentedRaftLogWorker (SegmentedRaftLogWorker.java:getFromFuture(90)) - Timeout 1/~
org.apache.ratis.protocol.TimeoutIOException: Timeout 10s: WriteLog:10: (t:1, i:10), STATEMACHINELOGENTRY, client-CFDC9F436A43, cid=19-writeStateMachineData
	at org.apache.ratis.util.IOUtils.getFromFuture(IOUtils.java:87)
	at org.apache.ratis.server.raftlog.segmented.SegmentedRaftLogWorker$StateMachineDataPolicy.getFromFuture(SegmentedRaftLogWorker.java:87)
	at org.apache.ratis.server.raftlog.segmented.SegmentedRaftLogWorker$WriteLog.execute(SegmentedRaftLogWorker.java:477)
	at org.apache.ratis.server.raftlog.segmented.SegmentedRaftLogWorker.run(SegmentedRaftLogWorker.java:289)
	at java.lang.Thread.run(Thread.java:748)
Caused by: java.util.concurrent.TimeoutException
	at java.util.concurrent.CompletableFuture.timedGet(CompletableFuture.java:1771)
	at java.util.concurrent.CompletableFuture.get(CompletableFuture.java:1915)
	at org.apache.ratis.util.IOUtils.getFromFuture(IOUtils.java:79)
	... 4 more
2019-09-18 17:23:53,607 [grpc-default-executor-5] INFO  client.GrpcClientProtocolClient (GrpcClientProtocolClient.java:onNext(264)) - client-CFDC9F436A43->7ce2171e-d7bb-488f-b53c-71f230bd4ba7: receive RaftClientReply:client-CFDC9F436A43->7ce2171e-d7bb-488f-b53c-71f230bd4ba7@group-A8CC8E72DEEA, cid=16, FAILED org.apache.ratis.protocol.NotLeaderException: Server 7ce2171e-d7bb-488f-b53c-71f230bd4ba7@group-A8CC8E72DEEA is not the leader 60c95f10-37ee-49eb-b84e-63ada232a784:192.168.151.122:37895, logIndex=0, commits[7ce2171e-d7bb-488f-b53c-71f230bd4ba7:c6, 60c95f10-37ee-49eb-b84e-63ada232a784:c6, 35e8f602-e85b-40b3-a2e8-9c7f2541a1dc:c4]
2019-09-18 17:23:53,878 [java.util.concurrent.ThreadPoolExecutor$Worker@5aefd7b9[State = -1, empty queue]] WARN  server.GrpcLogAppender (GrpcLogAppender.java:timeoutAppendRequest(200)) - 60c95f10-37ee-49eb-b84e-63ada232a784@group-A8CC8E72DEEA->7ce2171e-d7bb-488f-b53c-71f230bd4ba7-GrpcLogAppender: appendEntries Timeout, request=60c95f10-37ee-49eb-b84e-63ada232a784->7ce2171e-d7bb-488f-b53c-71f230bd4ba7#19-t1, previous=(t:1, i:11), leaderCommit=6, initializing? false, entries: <empty>
2019-09-18 17:23:53,878 [java.util.concurrent.ThreadPoolExecutor$Worker@290fd5ac[State = -1, empty queue]] WARN  server.GrpcLogAppender (GrpcLogAppender.java:timeoutAppendRequest(200)) - 60c95f10-37ee-49eb-b84e-63ada232a784@group-A8CC8E72DEEA->35e8f602-e85b-40b3-a2e8-9c7f2541a1dc-GrpcLogAppender: appendEntries Timeout, request=60c95f10-37ee-49eb-b84e-63ada232a784->35e8f602-e85b-40b3-a2e8-9c7f2541a1dc#19-t1, previous=(t:1, i:11), leaderCommit=6, initializing? false, entries: <empty>
2019-09-18 17:23:56,380 [java.util.concurrent.ThreadPoolExecutor$Worker@290fd5ac[State = -1, empty queue]] WARN  server.GrpcLogAppender (GrpcLogAppender.java:timeoutAppendRequest(200)) - 60c95f10-37ee-49eb-b84e-63ada232a784@group-A8CC8E72DEEA->35e8f602-e85b-40b3-a2e8-9c7f2541a1dc-GrpcLogAppender: appendEntries Timeout, request=60c95f10-37ee-49eb-b84e-63ada232a784->35e8f602-e85b-40b3-a2e8-9c7f2541a1dc#20-t1, previous=(t:1, i:11), leaderCommit=6, initializing? false, entries: <empty>
2019-09-18 17:23:56,380 [java.util.concurrent.ThreadPoolExecutor$Worker@5aefd7b9[State = -1, empty queue]] WARN  server.GrpcLogAppender (GrpcLogAppender.java:timeoutAppendRequest(200)) - 60c95f10-37ee-49eb-b84e-63ada232a784@group-A8CC8E72DEEA->7ce2171e-d7bb-488f-b53c-71f230bd4ba7-GrpcLogAppender: appendEntries Timeout, request=60c95f10-37ee-49eb-b84e-63ada232a784->7ce2171e-d7bb-488f-b53c-71f230bd4ba7#20-t1, previous=(t:1, i:11), leaderCommit=6, initializing? false, entries: <empty>
2019-09-18 17:23:58,659 [grpc-default-executor-5] INFO  client.GrpcClientProtocolClient (GrpcClientProtocolClient.java:onNext(264)) - client-CFDC9F436A43->35e8f602-e85b-40b3-a2e8-9c7f2541a1dc: receive RaftClientReply:client-CFDC9F436A43->35e8f602-e85b-40b3-a2e8-9c7f2541a1dc@group-A8CC8E72DEEA, cid=16, FAILED org.apache.ratis.protocol.NotLeaderException: Server 35e8f602-e85b-40b3-a2e8-9c7f2541a1dc@group-A8CC8E72DEEA is not the leader 60c95f10-37ee-49eb-b84e-63ada232a784:192.168.151.122:37895, logIndex=0, commits[35e8f602-e85b-40b3-a2e8-9c7f2541a1dc:c6, 60c95f10-37ee-49eb-b84e-63ada232a784:c6, 7ce2171e-d7bb-488f-b53c-71f230bd4ba7:c4]
2019-09-18 17:23:58,880 [java.util.concurrent.ThreadPoolExecutor$Worker@290fd5ac[State = -1, empty queue]] WARN  server.GrpcLogAppender (GrpcLogAppender.java:timeoutAppendRequest(200)) - 60c95f10-37ee-49eb-b84e-63ada232a784@group-A8CC8E72DEEA->35e8f602-e85b-40b3-a2e8-9c7f2541a1dc-GrpcLogAppender: appendEntries Timeout, request=60c95f10-37ee-49eb-b84e-63ada232a784->35e8f602-e85b-40b3-a2e8-9c7f2541a1dc#21-t1, previous=(t:1, i:11), leaderCommit=6, initializing? false, entries: <empty>
2019-09-18 17:23:58,880 [java.util.concurrent.ThreadPoolExecutor$Worker@5aefd7b9[State = -1, empty queue]] WARN  server.GrpcLogAppender (GrpcLogAppender.java:timeoutAppendRequest(200)) - 60c95f10-37ee-49eb-b84e-63ada232a784@group-A8CC8E72DEEA->7ce2171e-d7bb-488f-b53c-71f230bd4ba7-GrpcLogAppender: appendEntries Timeout, request=60c95f10-37ee-49eb-b84e-63ada232a784->7ce2171e-d7bb-488f-b53c-71f230bd4ba7#21-t1, previous=(t:1, i:11), leaderCommit=6, initializing? false, entries: <empty>
2019-09-18 17:24:01,381 [java.util.concurrent.ThreadPoolExecutor$Worker@290fd5ac[State = -1, empty queue]] WARN  server.GrpcLogAppender (GrpcLogAppender.java:timeoutAppendRequest(200)) - 60c95f10-37ee-49eb-b84e-63ada232a784@group-A8CC8E72DEEA->35e8f602-e85b-40b3-a2e8-9c7f2541a1dc-GrpcLogAppender: appendEntries Timeout, request=60c95f10-37ee-49eb-b84e-63ada232a784->35e8f602-e85b-40b3-a2e8-9c7f2541a1dc#22-t1, previous=(t:1, i:11), leaderCommit=6, initializing? false, entries: <empty>
2019-09-18 17:24:01,381 [java.util.concurrent.ThreadPoolExecutor$Worker@5aefd7b9[State = -1, empty queue]] WARN  server.GrpcLogAppender (GrpcLogAppender.java:timeoutAppendRequest(200)) - 60c95f10-37ee-49eb-b84e-63ada232a784@group-A8CC8E72DEEA->7ce2171e-d7bb-488f-b53c-71f230bd4ba7-GrpcLogAppender: appendEntries Timeout, request=60c95f10-37ee-49eb-b84e-63ada232a784->7ce2171e-d7bb-488f-b53c-71f230bd4ba7#22-t1, previous=(t:1, i:11), leaderCommit=6, initializing? false, entries: <empty>
2019-09-18 17:24:03,376 [7ce2171e-d7bb-488f-b53c-71f230bd4ba7@group-A8CC8E72DEEA-SegmentedRaftLogWorker] WARN  segmented.SegmentedRaftLogWorker (SegmentedRaftLogWorker.java:getFromFuture(90)) - Timeout 2/~
org.apache.ratis.protocol.TimeoutIOException: Timeout 10s: WriteLog:7: (t:1, i:7), STATEMACHINELOGENTRY, client-CFDC9F436A43, cid=16-writeStateMachineData
	at org.apache.ratis.util.IOUtils.getFromFuture(IOUtils.java:87)
	at org.apache.ratis.server.raftlog.segmented.SegmentedRaftLogWorker$StateMachineDataPolicy.getFromFuture(SegmentedRaftLogWorker.java:87)
	at org.apache.ratis.server.raftlog.segmented.SegmentedRaftLogWorker$WriteLog.execute(SegmentedRaftLogWorker.java:477)
	at org.apache.ratis.server.raftlog.segmented.SegmentedRaftLogWorker.run(SegmentedRaftLogWorker.java:289)
	at java.lang.Thread.run(Thread.java:748)
Caused by: java.util.concurrent.TimeoutException
	at java.util.concurrent.CompletableFuture.timedGet(CompletableFuture.java:1771)
	at java.util.concurrent.CompletableFuture.get(CompletableFuture.java:1915)
	at org.apache.ratis.util.IOUtils.getFromFuture(IOUtils.java:79)
	... 4 more
2019-09-18 17:24:03,522 [60c95f10-37ee-49eb-b84e-63ada232a784@group-A8CC8E72DEEA-SegmentedRaftLogWorker] WARN  segmented.SegmentedRaftLogWorker (SegmentedRaftLogWorker.java:getFromFuture(90)) - Timeout 2/~
org.apache.ratis.protocol.TimeoutIOException: Timeout 10s: WriteLog:8: (t:1, i:8), STATEMACHINELOGENTRY, client-CFDC9F436A43, cid=17-writeStateMachineData
	at org.apache.ratis.util.IOUtils.getFromFuture(IOUtils.java:87)
	at org.apache.ratis.server.raftlog.segmented.SegmentedRaftLogWorker$StateMachineDataPolicy.getFromFuture(SegmentedRaftLogWorker.java:87)
	at org.apache.ratis.server.raftlog.segmented.SegmentedRaftLogWorker$WriteLog.execute(SegmentedRaftLogWorker.java:477)
	at org.apache.ratis.server.raftlog.segmented.SegmentedRaftLogWorker.run(SegmentedRaftLogWorker.java:289)
	at java.lang.Thread.run(Thread.java:748)
Caused by: java.util.concurrent.TimeoutException
	at java.util.concurrent.CompletableFuture.timedGet(CompletableFuture.java:1771)
	at java.util.concurrent.CompletableFuture.get(CompletableFuture.java:1915)
	at org.apache.ratis.util.IOUtils.getFromFuture(IOUtils.java:79)
	... 4 more
2019-09-18 17:24:03,534 [35e8f602-e85b-40b3-a2e8-9c7f2541a1dc@group-A8CC8E72DEEA-SegmentedRaftLogWorker] WARN  segmented.SegmentedRaftLogWorker (SegmentedRaftLogWorker.java:getFromFuture(90)) - Timeout 2/~
org.apache.ratis.protocol.TimeoutIOException: Timeout 10s: WriteLog:10: (t:1, i:10), STATEMACHINELOGENTRY, client-CFDC9F436A43, cid=19-writeStateMachineData
	at org.apache.ratis.util.IOUtils.getFromFuture(IOUtils.java:87)
	at org.apache.ratis.server.raftlog.segmented.SegmentedRaftLogWorker$StateMachineDataPolicy.getFromFuture(SegmentedRaftLogWorker.java:87)
	at org.apache.ratis.server.raftlog.segmented.SegmentedRaftLogWorker$WriteLog.execute(SegmentedRaftLogWorker.java:477)
	at org.apache.ratis.server.raftlog.segmented.SegmentedRaftLogWorker.run(SegmentedRaftLogWorker.java:289)
	at java.lang.Thread.run(Thread.java:748)
Caused by: java.util.concurrent.TimeoutException
	at java.util.concurrent.CompletableFuture.timedGet(CompletableFuture.java:1771)
	at java.util.concurrent.CompletableFuture.get(CompletableFuture.java:1915)
	at org.apache.ratis.util.IOUtils.getFromFuture(IOUtils.java:79)
	... 4 more
2019-09-18 17:24:03,739 [grpc-default-executor-5] INFO  client.GrpcClientProtocolClient (GrpcClientProtocolClient.java:onNext(264)) - client-CFDC9F436A43->35e8f602-e85b-40b3-a2e8-9c7f2541a1dc: receive RaftClientReply:client-CFDC9F436A43->35e8f602-e85b-40b3-a2e8-9c7f2541a1dc@group-A8CC8E72DEEA, cid=16, FAILED org.apache.ratis.protocol.NotLeaderException: Server 35e8f602-e85b-40b3-a2e8-9c7f2541a1dc@group-A8CC8E72DEEA is not the leader 60c95f10-37ee-49eb-b84e-63ada232a784:192.168.151.122:37895, logIndex=0, commits[35e8f602-e85b-40b3-a2e8-9c7f2541a1dc:c6, 60c95f10-37ee-49eb-b84e-63ada232a784:c6, 7ce2171e-d7bb-488f-b53c-71f230bd4ba7:c4]
2019-09-18 17:24:03,882 [java.util.concurrent.ThreadPoolExecutor$Worker@5aefd7b9[State = -1, empty queue]] WARN  server.GrpcLogAppender (GrpcLogAppender.java:timeoutAppendRequest(200)) - 60c95f10-37ee-49eb-b84e-63ada232a784@group-A8CC8E72DEEA->7ce2171e-d7bb-488f-b53c-71f230bd4ba7-GrpcLogAppender: appendEntries Timeout, request=60c95f10-37ee-49eb-b84e-63ada232a784->7ce2171e-d7bb-488f-b53c-71f230bd4ba7#23-t1, previous=(t:1, i:11), leaderCommit=6, initializing? false, entries: <empty>
2019-09-18 17:24:03,882 [java.util.concurrent.ThreadPoolExecutor$Worker@290fd5ac[State = -1, empty queue]] WARN  server.GrpcLogAppender (GrpcLogAppender.java:timeoutAppendRequest(200)) - 60c95f10-37ee-49eb-b84e-63ada232a784@group-A8CC8E72DEEA->35e8f602-e85b-40b3-a2e8-9c7f2541a1dc-GrpcLogAppender: appendEntries Timeout, request=60c95f10-37ee-49eb-b84e-63ada232a784->35e8f602-e85b-40b3-a2e8-9c7f2541a1dc#23-t1, previous=(t:1, i:11), leaderCommit=6, initializing? false, entries: <empty>
2019-09-18 17:24:06,383 [java.util.concurrent.ThreadPoolExecutor$Worker@290fd5ac[State = -1, empty queue]] WARN  server.GrpcLogAppender (GrpcLogAppender.java:timeoutAppendRequest(200)) - 60c95f10-37ee-49eb-b84e-63ada232a784@group-A8CC8E72DEEA->35e8f602-e85b-40b3-a2e8-9c7f2541a1dc-GrpcLogAppender: appendEntries Timeout, request=60c95f10-37ee-49eb-b84e-63ada232a784->35e8f602-e85b-40b3-a2e8-9c7f2541a1dc#24-t1, previous=(t:1, i:11), leaderCommit=6, initializing? false, entries: <empty>
2019-09-18 17:24:06,383 [java.util.concurrent.ThreadPoolExecutor$Worker@5aefd7b9[State = -1, empty queue]] WARN  server.GrpcLogAppender (GrpcLogAppender.java:timeoutAppendRequest(200)) - 60c95f10-37ee-49eb-b84e-63ada232a784@group-A8CC8E72DEEA->7ce2171e-d7bb-488f-b53c-71f230bd4ba7-GrpcLogAppender: appendEntries Timeout, request=60c95f10-37ee-49eb-b84e-63ada232a784->7ce2171e-d7bb-488f-b53c-71f230bd4ba7#24-t1, previous=(t:1, i:11), leaderCommit=6, initializing? false, entries: <empty>
2019-09-18 17:24:08,785 [grpc-default-executor-5] INFO  client.GrpcClientProtocolClient (GrpcClientProtocolClient.java:onNext(264)) - client-CFDC9F436A43->35e8f602-e85b-40b3-a2e8-9c7f2541a1dc: receive RaftClientReply:client-CFDC9F436A43->35e8f602-e85b-40b3-a2e8-9c7f2541a1dc@group-A8CC8E72DEEA, cid=16, FAILED org.apache.ratis.protocol.NotLeaderException: Server 35e8f602-e85b-40b3-a2e8-9c7f2541a1dc@group-A8CC8E72DEEA is not the leader 60c95f10-37ee-49eb-b84e-63ada232a784:192.168.151.122:37895, logIndex=0, commits[35e8f602-e85b-40b3-a2e8-9c7f2541a1dc:c6, 60c95f10-37ee-49eb-b84e-63ada232a784:c6, 7ce2171e-d7bb-488f-b53c-71f230bd4ba7:c4]
2019-09-18 17:24:08,883 [java.util.concurrent.ThreadPoolExecutor$Worker@5aefd7b9[State = -1, empty queue]] WARN  server.GrpcLogAppender (GrpcLogAppender.java:timeoutAppendRequest(200)) - 60c95f10-37ee-49eb-b84e-63ada232a784@group-A8CC8E72DEEA->7ce2171e-d7bb-488f-b53c-71f230bd4ba7-GrpcLogAppender: appendEntries Timeout, request=60c95f10-37ee-49eb-b84e-63ada232a784->7ce2171e-d7bb-488f-b53c-71f230bd4ba7#25-t1, previous=(t:1, i:11), leaderCommit=6, initializing? false, entries: <empty>
2019-09-18 17:24:08,883 [java.util.concurrent.ThreadPoolExecutor$Worker@290fd5ac[State = -1, empty queue]] WARN  server.GrpcLogAppender (GrpcLogAppender.java:timeoutAppendRequest(200)) - 60c95f10-37ee-49eb-b84e-63ada232a784@group-A8CC8E72DEEA->35e8f602-e85b-40b3-a2e8-9c7f2541a1dc-GrpcLogAppender: appendEntries Timeout, request=60c95f10-37ee-49eb-b84e-63ada232a784->35e8f602-e85b-40b3-a2e8-9c7f2541a1dc#25-t1, previous=(t:1, i:11), leaderCommit=6, initializing? false, entries: <empty>
2019-09-18 17:24:11,384 [java.util.concurrent.ThreadPoolExecutor$Worker@5aefd7b9[State = -1, empty queue]] WARN  server.GrpcLogAppender (GrpcLogAppender.java:timeoutAppendRequest(200)) - 60c95f10-37ee-49eb-b84e-63ada232a784@group-A8CC8E72DEEA->7ce2171e-d7bb-488f-b53c-71f230bd4ba7-GrpcLogAppender: appendEntries Timeout, request=60c95f10-37ee-49eb-b84e-63ada232a784->7ce2171e-d7bb-488f-b53c-71f230bd4ba7#26-t1, previous=(t:1, i:11), leaderCommit=6, initializing? false, entries: <empty>
2019-09-18 17:24:11,384 [java.util.concurrent.ThreadPoolExecutor$Worker@290fd5ac[State = -1, empty queue]] WARN  server.GrpcLogAppender (GrpcLogAppender.java:timeoutAppendRequest(200)) - 60c95f10-37ee-49eb-b84e-63ada232a784@group-A8CC8E72DEEA->35e8f602-e85b-40b3-a2e8-9c7f2541a1dc-GrpcLogAppender: appendEntries Timeout, request=60c95f10-37ee-49eb-b84e-63ada232a784->35e8f602-e85b-40b3-a2e8-9c7f2541a1dc#26-t1, previous=(t:1, i:11), leaderCommit=6, initializing? false, entries: <empty>
2019-09-18 17:24:13,378 [7ce2171e-d7bb-488f-b53c-71f230bd4ba7@group-A8CC8E72DEEA-SegmentedRaftLogWorker] WARN  segmented.SegmentedRaftLogWorker (SegmentedRaftLogWorker.java:getFromFuture(90)) - Timeout 3/~
org.apache.ratis.protocol.TimeoutIOException: Timeout 10s: WriteLog:7: (t:1, i:7), STATEMACHINELOGENTRY, client-CFDC9F436A43, cid=16-writeStateMachineData
	at org.apache.ratis.util.IOUtils.getFromFuture(IOUtils.java:87)
	at org.apache.ratis.server.raftlog.segmented.SegmentedRaftLogWorker$StateMachineDataPolicy.getFromFuture(SegmentedRaftLogWorker.java:87)
	at org.apache.ratis.server.raftlog.segmented.SegmentedRaftLogWorker$WriteLog.execute(SegmentedRaftLogWorker.java:477)
	at org.apache.ratis.server.raftlog.segmented.SegmentedRaftLogWorker.run(SegmentedRaftLogWorker.java:289)
	at java.lang.Thread.run(Thread.java:748)
Caused by: java.util.concurrent.TimeoutException
	at java.util.concurrent.CompletableFuture.timedGet(CompletableFuture.java:1771)
	at java.util.concurrent.CompletableFuture.get(CompletableFuture.java:1915)
	at org.apache.ratis.util.IOUtils.getFromFuture(IOUtils.java:79)
	... 4 more
2019-09-18 17:24:13,524 [60c95f10-37ee-49eb-b84e-63ada232a784@group-A8CC8E72DEEA-SegmentedRaftLogWorker] WARN  segmented.SegmentedRaftLogWorker (SegmentedRaftLogWorker.java:getFromFuture(90)) - Timeout 3/~
org.apache.ratis.protocol.TimeoutIOException: Timeout 10s: WriteLog:8: (t:1, i:8), STATEMACHINELOGENTRY, client-CFDC9F436A43, cid=17-writeStateMachineData
	at org.apache.ratis.util.IOUtils.getFromFuture(IOUtils.java:87)
	at org.apache.ratis.server.raftlog.segmented.SegmentedRaftLogWorker$StateMachineDataPolicy.getFromFuture(SegmentedRaftLogWorker.java:87)
	at org.apache.ratis.server.raftlog.segmented.SegmentedRaftLogWorker$WriteLog.execute(SegmentedRaftLogWorker.java:477)
	at org.apache.ratis.server.raftlog.segmented.SegmentedRaftLogWorker.run(SegmentedRaftLogWorker.java:289)
	at java.lang.Thread.run(Thread.java:748)
Caused by: java.util.concurrent.TimeoutException
	at java.util.concurrent.CompletableFuture.timedGet(CompletableFuture.java:1771)
	at java.util.concurrent.CompletableFuture.get(CompletableFuture.java:1915)
	at org.apache.ratis.util.IOUtils.getFromFuture(IOUtils.java:79)
	... 4 more
2019-09-18 17:24:13,535 [35e8f602-e85b-40b3-a2e8-9c7f2541a1dc@group-A8CC8E72DEEA-SegmentedRaftLogWorker] WARN  segmented.SegmentedRaftLogWorker (SegmentedRaftLogWorker.java:getFromFuture(90)) - Timeout 3/~
org.apache.ratis.protocol.TimeoutIOException: Timeout 10s: WriteLog:10: (t:1, i:10), STATEMACHINELOGENTRY, client-CFDC9F436A43, cid=19-writeStateMachineData
	at org.apache.ratis.util.IOUtils.getFromFuture(IOUtils.java:87)
	at org.apache.ratis.server.raftlog.segmented.SegmentedRaftLogWorker$StateMachineDataPolicy.getFromFuture(SegmentedRaftLogWorker.java:87)
	at org.apache.ratis.server.raftlog.segmented.SegmentedRaftLogWorker$WriteLog.execute(SegmentedRaftLogWorker.java:477)
	at org.apache.ratis.server.raftlog.segmented.SegmentedRaftLogWorker.run(SegmentedRaftLogWorker.java:289)
	at java.lang.Thread.run(Thread.java:748)
Caused by: java.util.concurrent.TimeoutException
	at java.util.concurrent.CompletableFuture.timedGet(CompletableFuture.java:1771)
	at java.util.concurrent.CompletableFuture.get(CompletableFuture.java:1915)
	at org.apache.ratis.util.IOUtils.getFromFuture(IOUtils.java:79)
	... 4 more
2019-09-18 17:24:13,853 [grpc-default-executor-6] INFO  client.GrpcClientProtocolClient (GrpcClientProtocolClient.java:onNext(264)) - client-CFDC9F436A43->7ce2171e-d7bb-488f-b53c-71f230bd4ba7: receive RaftClientReply:client-CFDC9F436A43->7ce2171e-d7bb-488f-b53c-71f230bd4ba7@group-A8CC8E72DEEA, cid=16, FAILED org.apache.ratis.protocol.NotLeaderException: Server 7ce2171e-d7bb-488f-b53c-71f230bd4ba7@group-A8CC8E72DEEA is not the leader 60c95f10-37ee-49eb-b84e-63ada232a784:192.168.151.122:37895, logIndex=0, commits[7ce2171e-d7bb-488f-b53c-71f230bd4ba7:c6, 60c95f10-37ee-49eb-b84e-63ada232a784:c6, 35e8f602-e85b-40b3-a2e8-9c7f2541a1dc:c4]
2019-09-18 17:24:13,885 [java.util.concurrent.ThreadPoolExecutor$Worker@290fd5ac[State = -1, empty queue]] WARN  server.GrpcLogAppender (GrpcLogAppender.java:timeoutAppendRequest(200)) - 60c95f10-37ee-49eb-b84e-63ada232a784@group-A8CC8E72DEEA->35e8f602-e85b-40b3-a2e8-9c7f2541a1dc-GrpcLogAppender: appendEntries Timeout, request=60c95f10-37ee-49eb-b84e-63ada232a784->35e8f602-e85b-40b3-a2e8-9c7f2541a1dc#27-t1, previous=(t:1, i:11), leaderCommit=6, initializing? false, entries: <empty>
2019-09-18 17:24:13,885 [java.util.concurrent.ThreadPoolExecutor$Worker@5aefd7b9[State = -1, empty queue]] WARN  server.GrpcLogAppender (GrpcLogAppender.java:timeoutAppendRequest(200)) - 60c95f10-37ee-49eb-b84e-63ada232a784@group-A8CC8E72DEEA->7ce2171e-d7bb-488f-b53c-71f230bd4ba7-GrpcLogAppender: appendEntries Timeout, request=60c95f10-37ee-49eb-b84e-63ada232a784->7ce2171e-d7bb-488f-b53c-71f230bd4ba7#27-t1, previous=(t:1, i:11), leaderCommit=6, initializing? false, entries: <empty>
2019-09-18 17:24:16,386 [java.util.concurrent.ThreadPoolExecutor$Worker@5aefd7b9[State = -1, empty queue]] WARN  server.GrpcLogAppender (GrpcLogAppender.java:timeoutAppendRequest(200)) - 60c95f10-37ee-49eb-b84e-63ada232a784@group-A8CC8E72DEEA->7ce2171e-d7bb-488f-b53c-71f230bd4ba7-GrpcLogAppender: appendEntries Timeout, request=60c95f10-37ee-49eb-b84e-63ada232a784->7ce2171e-d7bb-488f-b53c-71f230bd4ba7#28-t1, previous=(t:1, i:11), leaderCommit=6, initializing? false, entries: <empty>
2019-09-18 17:24:16,386 [java.util.concurrent.ThreadPoolExecutor$Worker@290fd5ac[State = -1, empty queue]] WARN  server.GrpcLogAppender (GrpcLogAppender.java:timeoutAppendRequest(200)) - 60c95f10-37ee-49eb-b84e-63ada232a784@group-A8CC8E72DEEA->35e8f602-e85b-40b3-a2e8-9c7f2541a1dc-GrpcLogAppender: appendEntries Timeout, request=60c95f10-37ee-49eb-b84e-63ada232a784->35e8f602-e85b-40b3-a2e8-9c7f2541a1dc#28-t1, previous=(t:1, i:11), leaderCommit=6, initializing? false, entries: <empty>
2019-09-18 17:24:18,886 [java.util.concurrent.ThreadPoolExecutor$Worker@290fd5ac[State = -1, empty queue]] WARN  server.GrpcLogAppender (GrpcLogAppender.java:timeoutAppendRequest(200)) - 60c95f10-37ee-49eb-b84e-63ada232a784@group-A8CC8E72DEEA->35e8f602-e85b-40b3-a2e8-9c7f2541a1dc-GrpcLogAppender: appendEntries Timeout, request=60c95f10-37ee-49eb-b84e-63ada232a784->35e8f602-e85b-40b3-a2e8-9c7f2541a1dc#29-t1, previous=(t:1, i:11), leaderCommit=6, initializing? false, entries: <empty>
2019-09-18 17:24:18,886 [java.util.concurrent.ThreadPoolExecutor$Worker@5aefd7b9[State = -1, empty queue]] WARN  server.GrpcLogAppender (GrpcLogAppender.java:timeoutAppendRequest(200)) - 60c95f10-37ee-49eb-b84e-63ada232a784@group-A8CC8E72DEEA->7ce2171e-d7bb-488f-b53c-71f230bd4ba7-GrpcLogAppender: appendEntries Timeout, request=60c95f10-37ee-49eb-b84e-63ada232a784->7ce2171e-d7bb-488f-b53c-71f230bd4ba7#29-t1, previous=(t:1, i:11), leaderCommit=6, initializing? false, entries: <empty>
2019-09-18 17:24:18,917 [grpc-default-executor-6] INFO  client.GrpcClientProtocolClient (GrpcClientProtocolClient.java:onNext(264)) - client-CFDC9F436A43->7ce2171e-d7bb-488f-b53c-71f230bd4ba7: receive RaftClientReply:client-CFDC9F436A43->7ce2171e-d7bb-488f-b53c-71f230bd4ba7@group-A8CC8E72DEEA, cid=16, FAILED org.apache.ratis.protocol.NotLeaderException: Server 7ce2171e-d7bb-488f-b53c-71f230bd4ba7@group-A8CC8E72DEEA is not the leader 60c95f10-37ee-49eb-b84e-63ada232a784:192.168.151.122:37895, logIndex=0, commits[7ce2171e-d7bb-488f-b53c-71f230bd4ba7:c6, 60c95f10-37ee-49eb-b84e-63ada232a784:c6, 35e8f602-e85b-40b3-a2e8-9c7f2541a1dc:c4]
2019-09-18 17:24:21,388 [java.util.concurrent.ThreadPoolExecutor$Worker@290fd5ac[State = -1, empty queue]] WARN  server.GrpcLogAppender (GrpcLogAppender.java:timeoutAppendRequest(200)) - 60c95f10-37ee-49eb-b84e-63ada232a784@group-A8CC8E72DEEA->35e8f602-e85b-40b3-a2e8-9c7f2541a1dc-GrpcLogAppender: appendEntries Timeout, request=60c95f10-37ee-49eb-b84e-63ada232a784->35e8f602-e85b-40b3-a2e8-9c7f2541a1dc#30-t1, previous=(t:1, i:11), leaderCommit=6, initializing? false, entries: <empty>
2019-09-18 17:24:21,388 [java.util.concurrent.ThreadPoolExecutor$Worker@5aefd7b9[State = -1, empty queue]] WARN  server.GrpcLogAppender (GrpcLogAppender.java:timeoutAppendRequest(200)) - 60c95f10-37ee-49eb-b84e-63ada232a784@group-A8CC8E72DEEA->7ce2171e-d7bb-488f-b53c-71f230bd4ba7-GrpcLogAppender: appendEntries Timeout, request=60c95f10-37ee-49eb-b84e-63ada232a784->7ce2171e-d7bb-488f-b53c-71f230bd4ba7#30-t1, previous=(t:1, i:11), leaderCommit=6, initializing? false, entries: <empty>
2019-09-18 17:24:23,379 [7ce2171e-d7bb-488f-b53c-71f230bd4ba7@group-A8CC8E72DEEA-SegmentedRaftLogWorker] WARN  segmented.SegmentedRaftLogWorker (SegmentedRaftLogWorker.java:getFromFuture(90)) - Timeout 4/~
org.apache.ratis.protocol.TimeoutIOException: Timeout 10s: WriteLog:7: (t:1, i:7), STATEMACHINELOGENTRY, client-CFDC9F436A43, cid=16-writeStateMachineData
	at org.apache.ratis.util.IOUtils.getFromFuture(IOUtils.java:87)
	at org.apache.ratis.server.raftlog.segmented.SegmentedRaftLogWorker$StateMachineDataPolicy.getFromFuture(SegmentedRaftLogWorker.java:87)
	at org.apache.ratis.server.raftlog.segmented.SegmentedRaftLogWorker$WriteLog.execute(SegmentedRaftLogWorker.java:477)
	at org.apache.ratis.server.raftlog.segmented.SegmentedRaftLogWorker.run(SegmentedRaftLogWorker.java:289)
	at java.lang.Thread.run(Thread.java:748)
Caused by: java.util.concurrent.TimeoutException
	at java.util.concurrent.CompletableFuture.timedGet(CompletableFuture.java:1771)
	at java.util.concurrent.CompletableFuture.get(CompletableFuture.java:1915)
	at org.apache.ratis.util.IOUtils.getFromFuture(IOUtils.java:79)
	... 4 more
2019-09-18 17:24:23,525 [60c95f10-37ee-49eb-b84e-63ada232a784@group-A8CC8E72DEEA-SegmentedRaftLogWorker] WARN  segmented.SegmentedRaftLogWorker (SegmentedRaftLogWorker.java:getFromFuture(90)) - Timeout 4/~
org.apache.ratis.protocol.TimeoutIOException: Timeout 10s: WriteLog:8: (t:1, i:8), STATEMACHINELOGENTRY, client-CFDC9F436A43, cid=17-writeStateMachineData
	at org.apache.ratis.util.IOUtils.getFromFuture(IOUtils.java:87)
	at org.apache.ratis.server.raftlog.segmented.SegmentedRaftLogWorker$StateMachineDataPolicy.getFromFuture(SegmentedRaftLogWorker.java:87)
	at org.apache.ratis.server.raftlog.segmented.SegmentedRaftLogWorker$WriteLog.execute(SegmentedRaftLogWorker.java:477)
	at org.apache.ratis.server.raftlog.segmented.SegmentedRaftLogWorker.run(SegmentedRaftLogWorker.java:289)
	at java.lang.Thread.run(Thread.java:748)
Caused by: java.util.concurrent.TimeoutException
	at java.util.concurrent.CompletableFuture.timedGet(CompletableFuture.java:1771)
	at java.util.concurrent.CompletableFuture.get(CompletableFuture.java:1915)
	at org.apache.ratis.util.IOUtils.getFromFuture(IOUtils.java:79)
	... 4 more
2019-09-18 17:24:23,535 [35e8f602-e85b-40b3-a2e8-9c7f2541a1dc@group-A8CC8E72DEEA-SegmentedRaftLogWorker] WARN  segmented.SegmentedRaftLogWorker (SegmentedRaftLogWorker.java:getFromFuture(90)) - Timeout 4/~
org.apache.ratis.protocol.TimeoutIOException: Timeout 10s: WriteLog:10: (t:1, i:10), STATEMACHINELOGENTRY, client-CFDC9F436A43, cid=19-writeStateMachineData
	at org.apache.ratis.util.IOUtils.getFromFuture(IOUtils.java:87)
	at org.apache.ratis.server.raftlog.segmented.SegmentedRaftLogWorker$StateMachineDataPolicy.getFromFuture(SegmentedRaftLogWorker.java:87)
	at org.apache.ratis.server.raftlog.segmented.SegmentedRaftLogWorker$WriteLog.execute(SegmentedRaftLogWorker.java:477)
	at org.apache.ratis.server.raftlog.segmented.SegmentedRaftLogWorker.run(SegmentedRaftLogWorker.java:289)
	at java.lang.Thread.run(Thread.java:748)
Caused by: java.util.concurrent.TimeoutException
	at java.util.concurrent.CompletableFuture.timedGet(CompletableFuture.java:1771)
	at java.util.concurrent.CompletableFuture.get(CompletableFuture.java:1915)
	at org.apache.ratis.util.IOUtils.getFromFuture(IOUtils.java:79)
	... 4 more
2019-09-18 17:24:23,889 [java.util.concurrent.ThreadPoolExecutor$Worker@290fd5ac[State = -1, empty queue]] WARN  server.GrpcLogAppender (GrpcLogAppender.java:timeoutAppendRequest(200)) - 60c95f10-37ee-49eb-b84e-63ada232a784@group-A8CC8E72DEEA->35e8f602-e85b-40b3-a2e8-9c7f2541a1dc-GrpcLogAppender: appendEntries Timeout, request=60c95f10-37ee-49eb-b84e-63ada232a784->35e8f602-e85b-40b3-a2e8-9c7f2541a1dc#31-t1, previous=(t:1, i:11), leaderCommit=6, initializing? false, entries: <empty>
2019-09-18 17:24:23,889 [java.util.concurrent.ThreadPoolExecutor$Worker@5aefd7b9[State = -1, empty queue]] WARN  server.GrpcLogAppender (GrpcLogAppender.java:timeoutAppendRequest(200)) - 60c95f10-37ee-49eb-b84e-63ada232a784@group-A8CC8E72DEEA->7ce2171e-d7bb-488f-b53c-71f230bd4ba7-GrpcLogAppender: appendEntries Timeout, request=60c95f10-37ee-49eb-b84e-63ada232a784->7ce2171e-d7bb-488f-b53c-71f230bd4ba7#31-t1, previous=(t:1, i:11), leaderCommit=6, initializing? false, entries: <empty>
2019-09-18 17:24:23,970 [grpc-default-executor-6] INFO  client.GrpcClientProtocolClient (GrpcClientProtocolClient.java:onNext(264)) - client-CFDC9F436A43->35e8f602-e85b-40b3-a2e8-9c7f2541a1dc: receive RaftClientReply:client-CFDC9F436A43->35e8f602-e85b-40b3-a2e8-9c7f2541a1dc@group-A8CC8E72DEEA, cid=16, FAILED org.apache.ratis.protocol.NotLeaderException: Server 35e8f602-e85b-40b3-a2e8-9c7f2541a1dc@group-A8CC8E72DEEA is not the leader 60c95f10-37ee-49eb-b84e-63ada232a784:192.168.151.122:37895, logIndex=0, commits[35e8f602-e85b-40b3-a2e8-9c7f2541a1dc:c6, 60c95f10-37ee-49eb-b84e-63ada232a784:c6, 7ce2171e-d7bb-488f-b53c-71f230bd4ba7:c4]
2019-09-18 17:24:26,389 [java.util.concurrent.ThreadPoolExecutor$Worker@5aefd7b9[State = -1, empty queue]] WARN  server.GrpcLogAppender (GrpcLogAppender.java:timeoutAppendRequest(200)) - 60c95f10-37ee-49eb-b84e-63ada232a784@group-A8CC8E72DEEA->7ce2171e-d7bb-488f-b53c-71f230bd4ba7-GrpcLogAppender: appendEntries Timeout, request=60c95f10-37ee-49eb-b84e-63ada232a784->7ce2171e-d7bb-488f-b53c-71f230bd4ba7#32-t1, previous=(t:1, i:11), leaderCommit=6, initializing? false, entries: <empty>
2019-09-18 17:24:26,389 [java.util.concurrent.ThreadPoolExecutor$Worker@290fd5ac[State = -1, empty queue]] WARN  server.GrpcLogAppender (GrpcLogAppender.java:timeoutAppendRequest(200)) - 60c95f10-37ee-49eb-b84e-63ada232a784@group-A8CC8E72DEEA->35e8f602-e85b-40b3-a2e8-9c7f2541a1dc-GrpcLogAppender: appendEntries Timeout, request=60c95f10-37ee-49eb-b84e-63ada232a784->35e8f602-e85b-40b3-a2e8-9c7f2541a1dc#32-t1, previous=(t:1, i:11), leaderCommit=6, initializing? false, entries: <empty>
2019-09-18 17:24:28,890 [java.util.concurrent.ThreadPoolExecutor$Worker@290fd5ac[State = -1, empty queue]] WARN  server.GrpcLogAppender (GrpcLogAppender.java:timeoutAppendRequest(200)) - 60c95f10-37ee-49eb-b84e-63ada232a784@group-A8CC8E72DEEA->35e8f602-e85b-40b3-a2e8-9c7f2541a1dc-GrpcLogAppender: appendEntries Timeout, request=60c95f10-37ee-49eb-b84e-63ada232a784->35e8f602-e85b-40b3-a2e8-9c7f2541a1dc#33-t1, previous=(t:1, i:11), leaderCommit=6, initializing? false, entries: <empty>
2019-09-18 17:24:28,890 [java.util.concurrent.ThreadPoolExecutor$Worker@5aefd7b9[State = -1, empty queue]] WARN  server.GrpcLogAppender (GrpcLogAppender.java:timeoutAppendRequest(200)) - 60c95f10-37ee-49eb-b84e-63ada232a784@group-A8CC8E72DEEA->7ce2171e-d7bb-488f-b53c-71f230bd4ba7-GrpcLogAppender: appendEntries Timeout, request=60c95f10-37ee-49eb-b84e-63ada232a784->7ce2171e-d7bb-488f-b53c-71f230bd4ba7#33-t1, previous=(t:1, i:11), leaderCommit=6, initializing? false, entries: <empty>
2019-09-18 17:24:29,052 [grpc-default-executor-6] INFO  client.GrpcClientProtocolClient (GrpcClientProtocolClient.java:onNext(264)) - client-CFDC9F436A43->35e8f602-e85b-40b3-a2e8-9c7f2541a1dc: receive RaftClientReply:client-CFDC9F436A43->35e8f602-e85b-40b3-a2e8-9c7f2541a1dc@group-A8CC8E72DEEA, cid=16, FAILED org.apache.ratis.protocol.NotLeaderException: Server 35e8f602-e85b-40b3-a2e8-9c7f2541a1dc@group-A8CC8E72DEEA is not the leader 60c95f10-37ee-49eb-b84e-63ada232a784:192.168.151.122:37895, logIndex=0, commits[35e8f602-e85b-40b3-a2e8-9c7f2541a1dc:c6, 60c95f10-37ee-49eb-b84e-63ada232a784:c6, 7ce2171e-d7bb-488f-b53c-71f230bd4ba7:c4]
2019-09-18 17:24:31,392 [java.util.concurrent.ThreadPoolExecutor$Worker@290fd5ac[State = -1, empty queue]] WARN  server.GrpcLogAppender (GrpcLogAppender.java:timeoutAppendRequest(200)) - 60c95f10-37ee-49eb-b84e-63ada232a784@group-A8CC8E72DEEA->35e8f602-e85b-40b3-a2e8-9c7f2541a1dc-GrpcLogAppender: appendEntries Timeout, request=60c95f10-37ee-49eb-b84e-63ada232a784->35e8f602-e85b-40b3-a2e8-9c7f2541a1dc#34-t1, previous=(t:1, i:11), leaderCommit=6, initializing? false, entries: <empty>
2019-09-18 17:24:31,392 [java.util.concurrent.ThreadPoolExecutor$Worker@5aefd7b9[State = -1, empty queue]] WARN  server.GrpcLogAppender (GrpcLogAppender.java:timeoutAppendRequest(200)) - 60c95f10-37ee-49eb-b84e-63ada232a784@group-A8CC8E72DEEA->7ce2171e-d7bb-488f-b53c-71f230bd4ba7-GrpcLogAppender: appendEntries Timeout, request=60c95f10-37ee-49eb-b84e-63ada232a784->7ce2171e-d7bb-488f-b53c-71f230bd4ba7#34-t1, previous=(t:1, i:11), leaderCommit=6, initializing? false, entries: <empty>
2019-09-18 17:24:33,381 [7ce2171e-d7bb-488f-b53c-71f230bd4ba7@group-A8CC8E72DEEA-SegmentedRaftLogWorker] WARN  segmented.SegmentedRaftLogWorker (SegmentedRaftLogWorker.java:getFromFuture(90)) - Timeout 5/~
org.apache.ratis.protocol.TimeoutIOException: Timeout 10s: WriteLog:7: (t:1, i:7), STATEMACHINELOGENTRY, client-CFDC9F436A43, cid=16-writeStateMachineData
	at org.apache.ratis.util.IOUtils.getFromFuture(IOUtils.java:87)
	at org.apache.ratis.server.raftlog.segmented.SegmentedRaftLogWorker$StateMachineDataPolicy.getFromFuture(SegmentedRaftLogWorker.java:87)
	at org.apache.ratis.server.raftlog.segmented.SegmentedRaftLogWorker$WriteLog.execute(SegmentedRaftLogWorker.java:477)
	at org.apache.ratis.server.raftlog.segmented.SegmentedRaftLogWorker.run(SegmentedRaftLogWorker.java:289)
	at java.lang.Thread.run(Thread.java:748)
Caused by: java.util.concurrent.TimeoutException
	at java.util.concurrent.CompletableFuture.timedGet(CompletableFuture.java:1771)
	at java.util.concurrent.CompletableFuture.get(CompletableFuture.java:1915)
	at org.apache.ratis.util.IOUtils.getFromFuture(IOUtils.java:79)
	... 4 more
2019-09-18 17:24:33,526 [60c95f10-37ee-49eb-b84e-63ada232a784@group-A8CC8E72DEEA-SegmentedRaftLogWorker] WARN  segmented.SegmentedRaftLogWorker (SegmentedRaftLogWorker.java:getFromFuture(90)) - Timeout 5/~
org.apache.ratis.protocol.TimeoutIOException: Timeout 10s: WriteLog:8: (t:1, i:8), STATEMACHINELOGENTRY, client-CFDC9F436A43, cid=17-writeStateMachineData
	at org.apache.ratis.util.IOUtils.getFromFuture(IOUtils.java:87)
	at org.apache.ratis.server.raftlog.segmented.SegmentedRaftLogWorker$StateMachineDataPolicy.getFromFuture(SegmentedRaftLogWorker.java:87)
	at org.apache.ratis.server.raftlog.segmented.SegmentedRaftLogWorker$WriteLog.execute(SegmentedRaftLogWorker.java:477)
	at org.apache.ratis.server.raftlog.segmented.SegmentedRaftLogWorker.run(SegmentedRaftLogWorker.java:289)
	at java.lang.Thread.run(Thread.java:748)
Caused by: java.util.concurrent.TimeoutException
	at java.util.concurrent.CompletableFuture.timedGet(CompletableFuture.java:1771)
	at java.util.concurrent.CompletableFuture.get(CompletableFuture.java:1915)
	at org.apache.ratis.util.IOUtils.getFromFuture(IOUtils.java:79)
	... 4 more
2019-09-18 17:24:33,536 [35e8f602-e85b-40b3-a2e8-9c7f2541a1dc@group-A8CC8E72DEEA-SegmentedRaftLogWorker] WARN  segmented.SegmentedRaftLogWorker (SegmentedRaftLogWorker.java:getFromFuture(90)) - Timeout 5/~
org.apache.ratis.protocol.TimeoutIOException: Timeout 10s: WriteLog:10: (t:1, i:10), STATEMACHINELOGENTRY, client-CFDC9F436A43, cid=19-writeStateMachineData
	at org.apache.ratis.util.IOUtils.getFromFuture(IOUtils.java:87)
	at org.apache.ratis.server.raftlog.segmented.SegmentedRaftLogWorker$StateMachineDataPolicy.getFromFuture(SegmentedRaftLogWorker.java:87)
	at org.apache.ratis.server.raftlog.segmented.SegmentedRaftLogWorker$WriteLog.execute(SegmentedRaftLogWorker.java:477)
	at org.apache.ratis.server.raftlog.segmented.SegmentedRaftLogWorker.run(SegmentedRaftLogWorker.java:289)
	at java.lang.Thread.run(Thread.java:748)
Caused by: java.util.concurrent.TimeoutException
	at java.util.concurrent.CompletableFuture.timedGet(CompletableFuture.java:1771)
	at java.util.concurrent.CompletableFuture.get(CompletableFuture.java:1915)
	at org.apache.ratis.util.IOUtils.getFromFuture(IOUtils.java:79)
	... 4 more
2019-09-18 17:24:33,892 [java.util.concurrent.ThreadPoolExecutor$Worker@290fd5ac[State = -1, empty queue]] WARN  server.GrpcLogAppender (GrpcLogAppender.java:timeoutAppendRequest(200)) - 60c95f10-37ee-49eb-b84e-63ada232a784@group-A8CC8E72DEEA->35e8f602-e85b-40b3-a2e8-9c7f2541a1dc-GrpcLogAppender: appendEntries Timeout, request=60c95f10-37ee-49eb-b84e-63ada232a784->35e8f602-e85b-40b3-a2e8-9c7f2541a1dc#35-t1, previous=(t:1, i:11), leaderCommit=6, initializing? false, entries: <empty>
2019-09-18 17:24:33,892 [java.util.concurrent.ThreadPoolExecutor$Worker@5aefd7b9[State = -1, empty queue]] WARN  server.GrpcLogAppender (GrpcLogAppender.java:timeoutAppendRequest(200)) - 60c95f10-37ee-49eb-b84e-63ada232a784@group-A8CC8E72DEEA->7ce2171e-d7bb-488f-b53c-71f230bd4ba7-GrpcLogAppender: appendEntries Timeout, request=60c95f10-37ee-49eb-b84e-63ada232a784->7ce2171e-d7bb-488f-b53c-71f230bd4ba7#35-t1, previous=(t:1, i:11), leaderCommit=6, initializing? false, entries: <empty>
2019-09-18 17:24:34,107 [grpc-default-executor-6] INFO  client.GrpcClientProtocolClient (GrpcClientProtocolClient.java:onNext(264)) - client-CFDC9F436A43->35e8f602-e85b-40b3-a2e8-9c7f2541a1dc: receive RaftClientReply:client-CFDC9F436A43->35e8f602-e85b-40b3-a2e8-9c7f2541a1dc@group-A8CC8E72DEEA, cid=16, FAILED org.apache.ratis.protocol.NotLeaderException: Server 35e8f602-e85b-40b3-a2e8-9c7f2541a1dc@group-A8CC8E72DEEA is not the leader 60c95f10-37ee-49eb-b84e-63ada232a784:192.168.151.122:37895, logIndex=0, commits[35e8f602-e85b-40b3-a2e8-9c7f2541a1dc:c6, 60c95f10-37ee-49eb-b84e-63ada232a784:c6, 7ce2171e-d7bb-488f-b53c-71f230bd4ba7:c4]
2019-09-18 17:24:36,393 [java.util.concurrent.ThreadPoolExecutor$Worker@290fd5ac[State = -1, empty queue]] WARN  server.GrpcLogAppender (GrpcLogAppender.java:timeoutAppendRequest(200)) - 60c95f10-37ee-49eb-b84e-63ada232a784@group-A8CC8E72DEEA->35e8f602-e85b-40b3-a2e8-9c7f2541a1dc-GrpcLogAppender: appendEntries Timeout, request=60c95f10-37ee-49eb-b84e-63ada232a784->35e8f602-e85b-40b3-a2e8-9c7f2541a1dc#36-t1, previous=(t:1, i:11), leaderCommit=6, initializing? false, entries: <empty>
2019-09-18 17:24:36,393 [java.util.concurrent.ThreadPoolExecutor$Worker@5aefd7b9[State = -1, empty queue]] WARN  server.GrpcLogAppender (GrpcLogAppender.java:timeoutAppendRequest(200)) - 60c95f10-37ee-49eb-b84e-63ada232a784@group-A8CC8E72DEEA->7ce2171e-d7bb-488f-b53c-71f230bd4ba7-GrpcLogAppender: appendEntries Timeout, request=60c95f10-37ee-49eb-b84e-63ada232a784->7ce2171e-d7bb-488f-b53c-71f230bd4ba7#36-t1, previous=(t:1, i:11), leaderCommit=6, initializing? false, entries: <empty>
2019-09-18 17:24:38,894 [java.util.concurrent.ThreadPoolExecutor$Worker@290fd5ac[State = -1, empty queue]] WARN  server.GrpcLogAppender (GrpcLogAppender.java:timeoutAppendRequest(200)) - 60c95f10-37ee-49eb-b84e-63ada232a784@group-A8CC8E72DEEA->35e8f602-e85b-40b3-a2e8-9c7f2541a1dc-GrpcLogAppender: appendEntries Timeout, request=60c95f10-37ee-49eb-b84e-63ada232a784->35e8f602-e85b-40b3-a2e8-9c7f2541a1dc#37-t1, previous=(t:1, i:11), leaderCommit=6, initializing? false, entries: <empty>
2019-09-18 17:24:38,894 [java.util.concurrent.ThreadPoolExecutor$Worker@5aefd7b9[State = -1, empty queue]] WARN  server.GrpcLogAppender (GrpcLogAppender.java:timeoutAppendRequest(200)) - 60c95f10-37ee-49eb-b84e-63ada232a784@group-A8CC8E72DEEA->7ce2171e-d7bb-488f-b53c-71f230bd4ba7-GrpcLogAppender: appendEntries Timeout, request=60c95f10-37ee-49eb-b84e-63ada232a784->7ce2171e-d7bb-488f-b53c-71f230bd4ba7#37-t1, previous=(t:1, i:11), leaderCommit=6, initializing? false, entries: <empty>
2019-09-18 17:24:39,161 [grpc-default-executor-6] INFO  client.GrpcClientProtocolClient (GrpcClientProtocolClient.java:onNext(264)) - client-CFDC9F436A43->7ce2171e-d7bb-488f-b53c-71f230bd4ba7: receive RaftClientReply:client-CFDC9F436A43->7ce2171e-d7bb-488f-b53c-71f230bd4ba7@group-A8CC8E72DEEA, cid=16, FAILED org.apache.ratis.protocol.NotLeaderException: Server 7ce2171e-d7bb-488f-b53c-71f230bd4ba7@group-A8CC8E72DEEA is not the leader 60c95f10-37ee-49eb-b84e-63ada232a784:192.168.151.122:37895, logIndex=0, commits[7ce2171e-d7bb-488f-b53c-71f230bd4ba7:c6, 60c95f10-37ee-49eb-b84e-63ada232a784:c6, 35e8f602-e85b-40b3-a2e8-9c7f2541a1dc:c4]
2019-09-18 17:24:41,395 [java.util.concurrent.ThreadPoolExecutor$Worker@290fd5ac[State = -1, empty queue]] WARN  server.GrpcLogAppender (GrpcLogAppender.java:timeoutAppendRequest(200)) - 60c95f10-37ee-49eb-b84e-63ada232a784@group-A8CC8E72DEEA->35e8f602-e85b-40b3-a2e8-9c7f2541a1dc-GrpcLogAppender: appendEntries Timeout, request=60c95f10-37ee-49eb-b84e-63ada232a784->35e8f602-e85b-40b3-a2e8-9c7f2541a1dc#38-t1, previous=(t:1, i:11), leaderCommit=6, initializing? false, entries: <empty>
2019-09-18 17:24:41,395 [java.util.concurrent.ThreadPoolExecutor$Worker@5aefd7b9[State = -1, empty queue]] WARN  server.GrpcLogAppender (GrpcLogAppender.java:timeoutAppendRequest(200)) - 60c95f10-37ee-49eb-b84e-63ada232a784@group-A8CC8E72DEEA->7ce2171e-d7bb-488f-b53c-71f230bd4ba7-GrpcLogAppender: appendEntries Timeout, request=60c95f10-37ee-49eb-b84e-63ada232a784->7ce2171e-d7bb-488f-b53c-71f230bd4ba7#38-t1, previous=(t:1, i:11), leaderCommit=6, initializing? false, entries: <empty>
2019-09-18 17:24:43,382 [7ce2171e-d7bb-488f-b53c-71f230bd4ba7@group-A8CC8E72DEEA-SegmentedRaftLogWorker] WARN  segmented.SegmentedRaftLogWorker (SegmentedRaftLogWorker.java:getFromFuture(90)) - Timeout 6/~
org.apache.ratis.protocol.TimeoutIOException: Timeout 10s: WriteLog:7: (t:1, i:7), STATEMACHINELOGENTRY, client-CFDC9F436A43, cid=16-writeStateMachineData
	at org.apache.ratis.util.IOUtils.getFromFuture(IOUtils.java:87)
	at org.apache.ratis.server.raftlog.segmented.SegmentedRaftLogWorker$StateMachineDataPolicy.getFromFuture(SegmentedRaftLogWorker.java:87)
	at org.apache.ratis.server.raftlog.segmented.SegmentedRaftLogWorker$WriteLog.execute(SegmentedRaftLogWorker.java:477)
	at org.apache.ratis.server.raftlog.segmented.SegmentedRaftLogWorker.run(SegmentedRaftLogWorker.java:289)
	at java.lang.Thread.run(Thread.java:748)
Caused by: java.util.concurrent.TimeoutException
	at java.util.concurrent.CompletableFuture.timedGet(CompletableFuture.java:1771)
	at java.util.concurrent.CompletableFuture.get(CompletableFuture.java:1915)
	at org.apache.ratis.util.IOUtils.getFromFuture(IOUtils.java:79)
	... 4 more
2019-09-18 17:24:43,526 [60c95f10-37ee-49eb-b84e-63ada232a784@group-A8CC8E72DEEA-SegmentedRaftLogWorker] WARN  segmented.SegmentedRaftLogWorker (SegmentedRaftLogWorker.java:getFromFuture(90)) - Timeout 6/~
org.apache.ratis.protocol.TimeoutIOException: Timeout 10s: WriteLog:8: (t:1, i:8), STATEMACHINELOGENTRY, client-CFDC9F436A43, cid=17-writeStateMachineData
	at org.apache.ratis.util.IOUtils.getFromFuture(IOUtils.java:87)
	at org.apache.ratis.server.raftlog.segmented.SegmentedRaftLogWorker$StateMachineDataPolicy.getFromFuture(SegmentedRaftLogWorker.java:87)
	at org.apache.ratis.server.raftlog.segmented.SegmentedRaftLogWorker$WriteLog.execute(SegmentedRaftLogWorker.java:477)
	at org.apache.ratis.server.raftlog.segmented.SegmentedRaftLogWorker.run(SegmentedRaftLogWorker.java:289)
	at java.lang.Thread.run(Thread.java:748)
Caused by: java.util.concurrent.TimeoutException
	at java.util.concurrent.CompletableFuture.timedGet(CompletableFuture.java:1771)
	at java.util.concurrent.CompletableFuture.get(CompletableFuture.java:1915)
	at org.apache.ratis.util.IOUtils.getFromFuture(IOUtils.java:79)
	... 4 more
2019-09-18 17:24:43,545 [35e8f602-e85b-40b3-a2e8-9c7f2541a1dc@group-A8CC8E72DEEA-SegmentedRaftLogWorker] WARN  segmented.SegmentedRaftLogWorker (SegmentedRaftLogWorker.java:getFromFuture(90)) - Timeout 6/~
org.apache.ratis.protocol.TimeoutIOException: Timeout 10s: WriteLog:10: (t:1, i:10), STATEMACHINELOGENTRY, client-CFDC9F436A43, cid=19-writeStateMachineData
	at org.apache.ratis.util.IOUtils.getFromFuture(IOUtils.java:87)
	at org.apache.ratis.server.raftlog.segmented.SegmentedRaftLogWorker$StateMachineDataPolicy.getFromFuture(SegmentedRaftLogWorker.java:87)
	at org.apache.ratis.server.raftlog.segmented.SegmentedRaftLogWorker$WriteLog.execute(SegmentedRaftLogWorker.java:477)
	at org.apache.ratis.server.raftlog.segmented.SegmentedRaftLogWorker.run(SegmentedRaftLogWorker.java:289)
	at java.lang.Thread.run(Thread.java:748)
Caused by: java.util.concurrent.TimeoutException
	at java.util.concurrent.CompletableFuture.timedGet(CompletableFuture.java:1771)
	at java.util.concurrent.CompletableFuture.get(CompletableFuture.java:1915)
	at org.apache.ratis.util.IOUtils.getFromFuture(IOUtils.java:79)
	... 4 more
2019-09-18 17:24:43,896 [java.util.concurrent.ThreadPoolExecutor$Worker@290fd5ac[State = -1, empty queue]] WARN  server.GrpcLogAppender (GrpcLogAppender.java:timeoutAppendRequest(200)) - 60c95f10-37ee-49eb-b84e-63ada232a784@group-A8CC8E72DEEA->35e8f602-e85b-40b3-a2e8-9c7f2541a1dc-GrpcLogAppender: appendEntries Timeout, request=60c95f10-37ee-49eb-b84e-63ada232a784->35e8f602-e85b-40b3-a2e8-9c7f2541a1dc#39-t1, previous=(t:1, i:11), leaderCommit=6, initializing? false, entries: <empty>
2019-09-18 17:24:43,896 [java.util.concurrent.ThreadPoolExecutor$Worker@5aefd7b9[State = -1, empty queue]] WARN  server.GrpcLogAppender (GrpcLogAppender.java:timeoutAppendRequest(200)) - 60c95f10-37ee-49eb-b84e-63ada232a784@group-A8CC8E72DEEA->7ce2171e-d7bb-488f-b53c-71f230bd4ba7-GrpcLogAppender: appendEntries Timeout, request=60c95f10-37ee-49eb-b84e-63ada232a784->7ce2171e-d7bb-488f-b53c-71f230bd4ba7#39-t1, previous=(t:1, i:11), leaderCommit=6, initializing? false, entries: <empty>
2019-09-18 17:24:44,209 [grpc-default-executor-6] INFO  client.GrpcClientProtocolClient (GrpcClientProtocolClient.java:onNext(264)) - client-CFDC9F436A43->35e8f602-e85b-40b3-a2e8-9c7f2541a1dc: receive RaftClientReply:client-CFDC9F436A43->35e8f602-e85b-40b3-a2e8-9c7f2541a1dc@group-A8CC8E72DEEA, cid=16, FAILED org.apache.ratis.protocol.NotLeaderException: Server 35e8f602-e85b-40b3-a2e8-9c7f2541a1dc@group-A8CC8E72DEEA is not the leader 60c95f10-37ee-49eb-b84e-63ada232a784:192.168.151.122:37895, logIndex=0, commits[35e8f602-e85b-40b3-a2e8-9c7f2541a1dc:c6, 60c95f10-37ee-49eb-b84e-63ada232a784:c6, 7ce2171e-d7bb-488f-b53c-71f230bd4ba7:c4]
2019-09-18 17:24:46,397 [java.util.concurrent.ThreadPoolExecutor$Worker@5aefd7b9[State = -1, empty queue]] WARN  server.GrpcLogAppender (GrpcLogAppender.java:timeoutAppendRequest(200)) - 60c95f10-37ee-49eb-b84e-63ada232a784@group-A8CC8E72DEEA->7ce2171e-d7bb-488f-b53c-71f230bd4ba7-GrpcLogAppender: appendEntries Timeout, request=60c95f10-37ee-49eb-b84e-63ada232a784->7ce2171e-d7bb-488f-b53c-71f230bd4ba7#40-t1, previous=(t:1, i:11), leaderCommit=6, initializing? false, entries: <empty>
2019-09-18 17:24:46,397 [java.util.concurrent.ThreadPoolExecutor$Worker@290fd5ac[State = -1, empty queue]] WARN  server.GrpcLogAppender (GrpcLogAppender.java:timeoutAppendRequest(200)) - 60c95f10-37ee-49eb-b84e-63ada232a784@group-A8CC8E72DEEA->35e8f602-e85b-40b3-a2e8-9c7f2541a1dc-GrpcLogAppender: appendEntries Timeout, request=60c95f10-37ee-49eb-b84e-63ada232a784->35e8f602-e85b-40b3-a2e8-9c7f2541a1dc#40-t1, previous=(t:1, i:11), leaderCommit=6, initializing? false, entries: <empty>
2019-09-18 17:24:48,897 [java.util.concurrent.ThreadPoolExecutor$Worker@5aefd7b9[State = -1, empty queue]] WARN  server.GrpcLogAppender (GrpcLogAppender.java:timeoutAppendRequest(200)) - 60c95f10-37ee-49eb-b84e-63ada232a784@group-A8CC8E72DEEA->7ce2171e-d7bb-488f-b53c-71f230bd4ba7-GrpcLogAppender: appendEntries Timeout, request=60c95f10-37ee-49eb-b84e-63ada232a784->7ce2171e-d7bb-488f-b53c-71f230bd4ba7#41-t1, previous=(t:1, i:11), leaderCommit=6, initializing? false, entries: <empty>
2019-09-18 17:24:48,897 [java.util.concurrent.ThreadPoolExecutor$Worker@290fd5ac[State = -1, empty queue]] WARN  server.GrpcLogAppender (GrpcLogAppender.java:timeoutAppendRequest(200)) - 60c95f10-37ee-49eb-b84e-63ada232a784@group-A8CC8E72DEEA->35e8f602-e85b-40b3-a2e8-9c7f2541a1dc-GrpcLogAppender: appendEntries Timeout, request=60c95f10-37ee-49eb-b84e-63ada232a784->35e8f602-e85b-40b3-a2e8-9c7f2541a1dc#41-t1, previous=(t:1, i:11), leaderCommit=6, initializing? false, entries: <empty>
2019-09-18 17:24:49,277 [grpc-default-executor-6] INFO  client.GrpcClientProtocolClient (GrpcClientProtocolClient.java:onNext(264)) - client-CFDC9F436A43->7ce2171e-d7bb-488f-b53c-71f230bd4ba7: receive RaftClientReply:client-CFDC9F436A43->7ce2171e-d7bb-488f-b53c-71f230bd4ba7@group-A8CC8E72DEEA, cid=16, FAILED org.apache.ratis.protocol.NotLeaderException: Server 7ce2171e-d7bb-488f-b53c-71f230bd4ba7@group-A8CC8E72DEEA is not the leader 60c95f10-37ee-49eb-b84e-63ada232a784:192.168.151.122:37895, logIndex=0, commits[7ce2171e-d7bb-488f-b53c-71f230bd4ba7:c6, 60c95f10-37ee-49eb-b84e-63ada232a784:c6, 35e8f602-e85b-40b3-a2e8-9c7f2541a1dc:c4]
2019-09-18 17:24:51,399 [java.util.concurrent.ThreadPoolExecutor$Worker@5aefd7b9[State = -1, empty queue]] WARN  server.GrpcLogAppender (GrpcLogAppender.java:timeoutAppendRequest(200)) - 60c95f10-37ee-49eb-b84e-63ada232a784@group-A8CC8E72DEEA->7ce2171e-d7bb-488f-b53c-71f230bd4ba7-GrpcLogAppender: appendEntries Timeout, request=60c95f10-37ee-49eb-b84e-63ada232a784->7ce2171e-d7bb-488f-b53c-71f230bd4ba7#42-t1, previous=(t:1, i:11), leaderCommit=6, initializing? false, entries: <empty>
2019-09-18 17:24:51,399 [java.util.concurrent.ThreadPoolExecutor$Worker@290fd5ac[State = -1, empty queue]] WARN  server.GrpcLogAppender (GrpcLogAppender.java:timeoutAppendRequest(200)) - 60c95f10-37ee-49eb-b84e-63ada232a784@group-A8CC8E72DEEA->35e8f602-e85b-40b3-a2e8-9c7f2541a1dc-GrpcLogAppender: appendEntries Timeout, request=60c95f10-37ee-49eb-b84e-63ada232a784->35e8f602-e85b-40b3-a2e8-9c7f2541a1dc#42-t1, previous=(t:1, i:11), leaderCommit=6, initializing? false, entries: <empty>
2019-09-18 17:24:53,383 [7ce2171e-d7bb-488f-b53c-71f230bd4ba7@group-A8CC8E72DEEA-SegmentedRaftLogWorker] WARN  segmented.SegmentedRaftLogWorker (SegmentedRaftLogWorker.java:getFromFuture(90)) - Timeout 7/~
org.apache.ratis.protocol.TimeoutIOException: Timeout 10s: WriteLog:7: (t:1, i:7), STATEMACHINELOGENTRY, client-CFDC9F436A43, cid=16-writeStateMachineData
	at org.apache.ratis.util.IOUtils.getFromFuture(IOUtils.java:87)
	at org.apache.ratis.server.raftlog.segmented.SegmentedRaftLogWorker$StateMachineDataPolicy.getFromFuture(SegmentedRaftLogWorker.java:87)
	at org.apache.ratis.server.raftlog.segmented.SegmentedRaftLogWorker$WriteLog.execute(SegmentedRaftLogWorker.java:477)
	at org.apache.ratis.server.raftlog.segmented.SegmentedRaftLogWorker.run(SegmentedRaftLogWorker.java:289)
	at java.lang.Thread.run(Thread.java:748)
Caused by: java.util.concurrent.TimeoutException
	at java.util.concurrent.CompletableFuture.timedGet(CompletableFuture.java:1771)
	at java.util.concurrent.CompletableFuture.get(CompletableFuture.java:1915)
	at org.apache.ratis.util.IOUtils.getFromFuture(IOUtils.java:79)
	... 4 more
2019-09-18 17:24:53,546 [60c95f10-37ee-49eb-b84e-63ada232a784@group-A8CC8E72DEEA-SegmentedRaftLogWorker] WARN  segmented.SegmentedRaftLogWorker (SegmentedRaftLogWorker.java:getFromFuture(90)) - Timeout 7/~
org.apache.ratis.protocol.TimeoutIOException: Timeout 10s: WriteLog:8: (t:1, i:8), STATEMACHINELOGENTRY, client-CFDC9F436A43, cid=17-writeStateMachineData
	at org.apache.ratis.util.IOUtils.getFromFuture(IOUtils.java:87)
	at org.apache.ratis.server.raftlog.segmented.SegmentedRaftLogWorker$StateMachineDataPolicy.getFromFuture(SegmentedRaftLogWorker.java:87)
	at org.apache.ratis.server.raftlog.segmented.SegmentedRaftLogWorker$WriteLog.execute(SegmentedRaftLogWorker.java:477)
	at org.apache.ratis.server.raftlog.segmented.SegmentedRaftLogWorker.run(SegmentedRaftLogWorker.java:289)
	at java.lang.Thread.run(Thread.java:748)
Caused by: java.util.concurrent.TimeoutException
	at java.util.concurrent.CompletableFuture.timedGet(CompletableFuture.java:1771)
	at java.util.concurrent.CompletableFuture.get(CompletableFuture.java:1915)
	at org.apache.ratis.util.IOUtils.getFromFuture(IOUtils.java:79)
	... 4 more
2019-09-18 17:24:53,546 [35e8f602-e85b-40b3-a2e8-9c7f2541a1dc@group-A8CC8E72DEEA-SegmentedRaftLogWorker] WARN  segmented.SegmentedRaftLogWorker (SegmentedRaftLogWorker.java:getFromFuture(90)) - Timeout 7/~
org.apache.ratis.protocol.TimeoutIOException: Timeout 10s: WriteLog:10: (t:1, i:10), STATEMACHINELOGENTRY, client-CFDC9F436A43, cid=19-writeStateMachineData
	at org.apache.ratis.util.IOUtils.getFromFuture(IOUtils.java:87)
	at org.apache.ratis.server.raftlog.segmented.SegmentedRaftLogWorker$StateMachineDataPolicy.getFromFuture(SegmentedRaftLogWorker.java:87)
	at org.apache.ratis.server.raftlog.segmented.SegmentedRaftLogWorker$WriteLog.execute(SegmentedRaftLogWorker.java:477)
	at org.apache.ratis.server.raftlog.segmented.SegmentedRaftLogWorker.run(SegmentedRaftLogWorker.java:289)
	at java.lang.Thread.run(Thread.java:748)
Caused by: java.util.concurrent.TimeoutException
	at java.util.concurrent.CompletableFuture.timedGet(CompletableFuture.java:1771)
	at java.util.concurrent.CompletableFuture.get(CompletableFuture.java:1915)
	at org.apache.ratis.util.IOUtils.getFromFuture(IOUtils.java:79)
	... 4 more
2019-09-18 17:24:53,899 [java.util.concurrent.ThreadPoolExecutor$Worker@5aefd7b9[State = -1, empty queue]] WARN  server.GrpcLogAppender (GrpcLogAppender.java:timeoutAppendRequest(200)) - 60c95f10-37ee-49eb-b84e-63ada232a784@group-A8CC8E72DEEA->7ce2171e-d7bb-488f-b53c-71f230bd4ba7-GrpcLogAppender: appendEntries Timeout, request=60c95f10-37ee-49eb-b84e-63ada232a784->7ce2171e-d7bb-488f-b53c-71f230bd4ba7#43-t1, previous=(t:1, i:11), leaderCommit=6, initializing? false, entries: <empty>
2019-09-18 17:24:53,899 [java.util.concurrent.ThreadPoolExecutor$Worker@290fd5ac[State = -1, empty queue]] WARN  server.GrpcLogAppender (GrpcLogAppender.java:timeoutAppendRequest(200)) - 60c95f10-37ee-49eb-b84e-63ada232a784@group-A8CC8E72DEEA->35e8f602-e85b-40b3-a2e8-9c7f2541a1dc-GrpcLogAppender: appendEntries Timeout, request=60c95f10-37ee-49eb-b84e-63ada232a784->35e8f602-e85b-40b3-a2e8-9c7f2541a1dc#43-t1, previous=(t:1, i:11), leaderCommit=6, initializing? false, entries: <empty>
2019-09-18 17:24:54,336 [grpc-default-executor-6] INFO  client.GrpcClientProtocolClient (GrpcClientProtocolClient.java:onNext(264)) - client-CFDC9F436A43->7ce2171e-d7bb-488f-b53c-71f230bd4ba7: receive RaftClientReply:client-CFDC9F436A43->7ce2171e-d7bb-488f-b53c-71f230bd4ba7@group-A8CC8E72DEEA, cid=16, FAILED org.apache.ratis.protocol.NotLeaderException: Server 7ce2171e-d7bb-488f-b53c-71f230bd4ba7@group-A8CC8E72DEEA is not the leader 60c95f10-37ee-49eb-b84e-63ada232a784:192.168.151.122:37895, logIndex=0, commits[7ce2171e-d7bb-488f-b53c-71f230bd4ba7:c6, 60c95f10-37ee-49eb-b84e-63ada232a784:c6, 35e8f602-e85b-40b3-a2e8-9c7f2541a1dc:c4]
2019-09-18 17:24:56,400 [java.util.concurrent.ThreadPoolExecutor$Worker@290fd5ac[State = -1, empty queue]] WARN  server.GrpcLogAppender (GrpcLogAppender.java:timeoutAppendRequest(200)) - 60c95f10-37ee-49eb-b84e-63ada232a784@group-A8CC8E72DEEA->35e8f602-e85b-40b3-a2e8-9c7f2541a1dc-GrpcLogAppender: appendEntries Timeout, request=60c95f10-37ee-49eb-b84e-63ada232a784->35e8f602-e85b-40b3-a2e8-9c7f2541a1dc#44-t1, previous=(t:1, i:11), leaderCommit=6, initializing? false, entries: <empty>
2019-09-18 17:24:56,400 [java.util.concurrent.ThreadPoolExecutor$Worker@5aefd7b9[State = -1, empty queue]] WARN  server.GrpcLogAppender (GrpcLogAppender.java:timeoutAppendRequest(200)) - 60c95f10-37ee-49eb-b84e-63ada232a784@group-A8CC8E72DEEA->7ce2171e-d7bb-488f-b53c-71f230bd4ba7-GrpcLogAppender: appendEntries Timeout, request=60c95f10-37ee-49eb-b84e-63ada232a784->7ce2171e-d7bb-488f-b53c-71f230bd4ba7#44-t1, previous=(t:1, i:11), leaderCommit=6, initializing? false, entries: <empty>
2019-09-18 17:24:58,900 [java.util.concurrent.ThreadPoolExecutor$Worker@5aefd7b9[State = -1, empty queue]] WARN  server.GrpcLogAppender (GrpcLogAppender.java:timeoutAppendRequest(200)) - 60c95f10-37ee-49eb-b84e-63ada232a784@group-A8CC8E72DEEA->7ce2171e-d7bb-488f-b53c-71f230bd4ba7-GrpcLogAppender: appendEntries Timeout, request=60c95f10-37ee-49eb-b84e-63ada232a784->7ce2171e-d7bb-488f-b53c-71f230bd4ba7#45-t1, previous=(t:1, i:11), leaderCommit=6, initializing? false, entries: <empty>
2019-09-18 17:24:58,900 [java.util.concurrent.ThreadPoolExecutor$Worker@290fd5ac[State = -1, empty queue]] WARN  server.GrpcLogAppender (GrpcLogAppender.java:timeoutAppendRequest(200)) - 60c95f10-37ee-49eb-b84e-63ada232a784@group-A8CC8E72DEEA->35e8f602-e85b-40b3-a2e8-9c7f2541a1dc-GrpcLogAppender: appendEntries Timeout, request=60c95f10-37ee-49eb-b84e-63ada232a784->35e8f602-e85b-40b3-a2e8-9c7f2541a1dc#45-t1, previous=(t:1, i:11), leaderCommit=6, initializing? false, entries: <empty>
2019-09-18 17:24:59,402 [grpc-default-executor-6] INFO  client.GrpcClientProtocolClient (GrpcClientProtocolClient.java:onNext(264)) - client-CFDC9F436A43->7ce2171e-d7bb-488f-b53c-71f230bd4ba7: receive RaftClientReply:client-CFDC9F436A43->7ce2171e-d7bb-488f-b53c-71f230bd4ba7@group-A8CC8E72DEEA, cid=16, FAILED org.apache.ratis.protocol.NotLeaderException: Server 7ce2171e-d7bb-488f-b53c-71f230bd4ba7@group-A8CC8E72DEEA is not the leader 60c95f10-37ee-49eb-b84e-63ada232a784:192.168.151.122:37895, logIndex=0, commits[7ce2171e-d7bb-488f-b53c-71f230bd4ba7:c6, 60c95f10-37ee-49eb-b84e-63ada232a784:c6, 35e8f602-e85b-40b3-a2e8-9c7f2541a1dc:c4]
2019-09-18 17:25:01,401 [java.util.concurrent.ThreadPoolExecutor$Worker@5aefd7b9[State = -1, empty queue]] WARN  server.GrpcLogAppender (GrpcLogAppender.java:timeoutAppendRequest(200)) - 60c95f10-37ee-49eb-b84e-63ada232a784@group-A8CC8E72DEEA->7ce2171e-d7bb-488f-b53c-71f230bd4ba7-GrpcLogAppender: appendEntries Timeout, request=60c95f10-37ee-49eb-b84e-63ada232a784->7ce2171e-d7bb-488f-b53c-71f230bd4ba7#46-t1, previous=(t:1, i:11), leaderCommit=6, initializing? false, entries: <empty>
2019-09-18 17:25:01,401 [java.util.concurrent.ThreadPoolExecutor$Worker@290fd5ac[State = -1, empty queue]] WARN  server.GrpcLogAppender (GrpcLogAppender.java:timeoutAppendRequest(200)) - 60c95f10-37ee-49eb-b84e-63ada232a784@group-A8CC8E72DEEA->35e8f602-e85b-40b3-a2e8-9c7f2541a1dc-GrpcLogAppender: appendEntries Timeout, request=60c95f10-37ee-49eb-b84e-63ada232a784->35e8f602-e85b-40b3-a2e8-9c7f2541a1dc#46-t1, previous=(t:1, i:11), leaderCommit=6, initializing? false, entries: <empty>
2019-09-18 17:25:03,384 [7ce2171e-d7bb-488f-b53c-71f230bd4ba7@group-A8CC8E72DEEA-SegmentedRaftLogWorker] WARN  segmented.SegmentedRaftLogWorker (SegmentedRaftLogWorker.java:getFromFuture(90)) - Timeout 8/~
org.apache.ratis.protocol.TimeoutIOException: Timeout 10s: WriteLog:7: (t:1, i:7), STATEMACHINELOGENTRY, client-CFDC9F436A43, cid=16-writeStateMachineData
	at org.apache.ratis.util.IOUtils.getFromFuture(IOUtils.java:87)
	at org.apache.ratis.server.raftlog.segmented.SegmentedRaftLogWorker$StateMachineDataPolicy.getFromFuture(SegmentedRaftLogWorker.java:87)
	at org.apache.ratis.server.raftlog.segmented.SegmentedRaftLogWorker$WriteLog.execute(SegmentedRaftLogWorker.java:477)
	at org.apache.ratis.server.raftlog.segmented.SegmentedRaftLogWorker.run(SegmentedRaftLogWorker.java:289)
	at java.lang.Thread.run(Thread.java:748)
Caused by: java.util.concurrent.TimeoutException
	at java.util.concurrent.CompletableFuture.timedGet(CompletableFuture.java:1771)
	at java.util.concurrent.CompletableFuture.get(CompletableFuture.java:1915)
	at org.apache.ratis.util.IOUtils.getFromFuture(IOUtils.java:79)
	... 4 more
2019-09-18 17:25:03,546 [60c95f10-37ee-49eb-b84e-63ada232a784@group-A8CC8E72DEEA-SegmentedRaftLogWorker] WARN  segmented.SegmentedRaftLogWorker (SegmentedRaftLogWorker.java:getFromFuture(90)) - Timeout 8/~
org.apache.ratis.protocol.TimeoutIOException: Timeout 10s: WriteLog:8: (t:1, i:8), STATEMACHINELOGENTRY, client-CFDC9F436A43, cid=17-writeStateMachineData
	at org.apache.ratis.util.IOUtils.getFromFuture(IOUtils.java:87)
	at org.apache.ratis.server.raftlog.segmented.SegmentedRaftLogWorker$StateMachineDataPolicy.getFromFuture(SegmentedRaftLogWorker.java:87)
	at org.apache.ratis.server.raftlog.segmented.SegmentedRaftLogWorker$WriteLog.execute(SegmentedRaftLogWorker.java:477)
	at org.apache.ratis.server.raftlog.segmented.SegmentedRaftLogWorker.run(SegmentedRaftLogWorker.java:289)
	at java.lang.Thread.run(Thread.java:748)
Caused by: java.util.concurrent.TimeoutException
	at java.util.concurrent.CompletableFuture.timedGet(CompletableFuture.java:1771)
	at java.util.concurrent.CompletableFuture.get(CompletableFuture.java:1915)
	at org.apache.ratis.util.IOUtils.getFromFuture(IOUtils.java:79)
	... 4 more
2019-09-18 17:25:03,547 [35e8f602-e85b-40b3-a2e8-9c7f2541a1dc@group-A8CC8E72DEEA-SegmentedRaftLogWorker] WARN  segmented.SegmentedRaftLogWorker (SegmentedRaftLogWorker.java:getFromFuture(90)) - Timeout 8/~
org.apache.ratis.protocol.TimeoutIOException: Timeout 10s: WriteLog:10: (t:1, i:10), STATEMACHINELOGENTRY, client-CFDC9F436A43, cid=19-writeStateMachineData
	at org.apache.ratis.util.IOUtils.getFromFuture(IOUtils.java:87)
	at org.apache.ratis.server.raftlog.segmented.SegmentedRaftLogWorker$StateMachineDataPolicy.getFromFuture(SegmentedRaftLogWorker.java:87)
	at org.apache.ratis.server.raftlog.segmented.SegmentedRaftLogWorker$WriteLog.execute(SegmentedRaftLogWorker.java:477)
	at org.apache.ratis.server.raftlog.segmented.SegmentedRaftLogWorker.run(SegmentedRaftLogWorker.java:289)
	at java.lang.Thread.run(Thread.java:748)
Caused by: java.util.concurrent.TimeoutException
	at java.util.concurrent.CompletableFuture.timedGet(CompletableFuture.java:1771)
	at java.util.concurrent.CompletableFuture.get(CompletableFuture.java:1915)
	at org.apache.ratis.util.IOUtils.getFromFuture(IOUtils.java:79)
	... 4 more
2019-09-18 17:25:03,901 [java.util.concurrent.ThreadPoolExecutor$Worker@5aefd7b9[State = -1, empty queue]] WARN  server.GrpcLogAppender (GrpcLogAppender.java:timeoutAppendRequest(200)) - 60c95f10-37ee-49eb-b84e-63ada232a784@group-A8CC8E72DEEA->7ce2171e-d7bb-488f-b53c-71f230bd4ba7-GrpcLogAppender: appendEntries Timeout, request=60c95f10-37ee-49eb-b84e-63ada232a784->7ce2171e-d7bb-488f-b53c-71f230bd4ba7#47-t1, previous=(t:1, i:11), leaderCommit=6, initializing? false, entries: <empty>
2019-09-18 17:25:03,901 [java.util.concurrent.ThreadPoolExecutor$Worker@290fd5ac[State = -1, empty queue]] WARN  server.GrpcLogAppender (GrpcLogAppender.java:timeoutAppendRequest(200)) - 60c95f10-37ee-49eb-b84e-63ada232a784@group-A8CC8E72DEEA->35e8f602-e85b-40b3-a2e8-9c7f2541a1dc-GrpcLogAppender: appendEntries Timeout, request=60c95f10-37ee-49eb-b84e-63ada232a784->35e8f602-e85b-40b3-a2e8-9c7f2541a1dc#47-t1, previous=(t:1, i:11), leaderCommit=6, initializing? false, entries: <empty>
2019-09-18 17:25:04,444 [grpc-default-executor-6] INFO  client.GrpcClientProtocolClient (GrpcClientProtocolClient.java:onNext(264)) - client-CFDC9F436A43->35e8f602-e85b-40b3-a2e8-9c7f2541a1dc: receive RaftClientReply:client-CFDC9F436A43->35e8f602-e85b-40b3-a2e8-9c7f2541a1dc@group-A8CC8E72DEEA, cid=16, FAILED org.apache.ratis.protocol.NotLeaderException: Server 35e8f602-e85b-40b3-a2e8-9c7f2541a1dc@group-A8CC8E72DEEA is not the leader 60c95f10-37ee-49eb-b84e-63ada232a784:192.168.151.122:37895, logIndex=0, commits[35e8f602-e85b-40b3-a2e8-9c7f2541a1dc:c6, 60c95f10-37ee-49eb-b84e-63ada232a784:c6, 7ce2171e-d7bb-488f-b53c-71f230bd4ba7:c4]
2019-09-18 17:25:06,402 [java.util.concurrent.ThreadPoolExecutor$Worker@5aefd7b9[State = -1, empty queue]] WARN  server.GrpcLogAppender (GrpcLogAppender.java:timeoutAppendRequest(200)) - 60c95f10-37ee-49eb-b84e-63ada232a784@group-A8CC8E72DEEA->7ce2171e-d7bb-488f-b53c-71f230bd4ba7-GrpcLogAppender: appendEntries Timeout, request=60c95f10-37ee-49eb-b84e-63ada232a784->7ce2171e-d7bb-488f-b53c-71f230bd4ba7#48-t1, previous=(t:1, i:11), leaderCommit=6, initializing? false, entries: <empty>
2019-09-18 17:25:06,402 [java.util.concurrent.ThreadPoolExecutor$Worker@290fd5ac[State = -1, empty queue]] WARN  server.GrpcLogAppender (GrpcLogAppender.java:timeoutAppendRequest(200)) - 60c95f10-37ee-49eb-b84e-63ada232a784@group-A8CC8E72DEEA->35e8f602-e85b-40b3-a2e8-9c7f2541a1dc-GrpcLogAppender: appendEntries Timeout, request=60c95f10-37ee-49eb-b84e-63ada232a784->35e8f602-e85b-40b3-a2e8-9c7f2541a1dc#48-t1, previous=(t:1, i:11), leaderCommit=6, initializing? false, entries: <empty>
2019-09-18 17:25:08,902 [java.util.concurrent.ThreadPoolExecutor$Worker@290fd5ac[State = -1, empty queue]] WARN  server.GrpcLogAppender (GrpcLogAppender.java:timeoutAppendRequest(200)) - 60c95f10-37ee-49eb-b84e-63ada232a784@group-A8CC8E72DEEA->35e8f602-e85b-40b3-a2e8-9c7f2541a1dc-GrpcLogAppender: appendEntries Timeout, request=60c95f10-37ee-49eb-b84e-63ada232a784->35e8f602-e85b-40b3-a2e8-9c7f2541a1dc#49-t1, previous=(t:1, i:11), leaderCommit=6, initializing? false, entries: <empty>
2019-09-18 17:25:08,902 [java.util.concurrent.ThreadPoolExecutor$Worker@5aefd7b9[State = -1, empty queue]] WARN  server.GrpcLogAppender (GrpcLogAppender.java:timeoutAppendRequest(200)) - 60c95f10-37ee-49eb-b84e-63ada232a784@group-A8CC8E72DEEA->7ce2171e-d7bb-488f-b53c-71f230bd4ba7-GrpcLogAppender: appendEntries Timeout, request=60c95f10-37ee-49eb-b84e-63ada232a784->7ce2171e-d7bb-488f-b53c-71f230bd4ba7#49-t1, previous=(t:1, i:11), leaderCommit=6, initializing? false, entries: <empty>
2019-09-18 17:25:09,493 [grpc-default-executor-4] INFO  client.GrpcClientProtocolClient (GrpcClientProtocolClient.java:onNext(264)) - client-CFDC9F436A43->35e8f602-e85b-40b3-a2e8-9c7f2541a1dc: receive RaftClientReply:client-CFDC9F436A43->35e8f602-e85b-40b3-a2e8-9c7f2541a1dc@group-A8CC8E72DEEA, cid=16, FAILED org.apache.ratis.protocol.NotLeaderException: Server 35e8f602-e85b-40b3-a2e8-9c7f2541a1dc@group-A8CC8E72DEEA is not the leader 60c95f10-37ee-49eb-b84e-63ada232a784:192.168.151.122:37895, logIndex=0, commits[35e8f602-e85b-40b3-a2e8-9c7f2541a1dc:c6, 60c95f10-37ee-49eb-b84e-63ada232a784:c6, 7ce2171e-d7bb-488f-b53c-71f230bd4ba7:c4]
2019-09-18 17:25:11,403 [java.util.concurrent.ThreadPoolExecutor$Worker@5aefd7b9[State = -1, empty queue]] WARN  server.GrpcLogAppender (GrpcLogAppender.java:timeoutAppendRequest(200)) - 60c95f10-37ee-49eb-b84e-63ada232a784@group-A8CC8E72DEEA->7ce2171e-d7bb-488f-b53c-71f230bd4ba7-GrpcLogAppender: appendEntries Timeout, request=60c95f10-37ee-49eb-b84e-63ada232a784->7ce2171e-d7bb-488f-b53c-71f230bd4ba7#50-t1, previous=(t:1, i:11), leaderCommit=6, initializing? false, entries: <empty>
2019-09-18 17:25:11,403 [java.util.concurrent.ThreadPoolExecutor$Worker@290fd5ac[State = -1, empty queue]] WARN  server.GrpcLogAppender (GrpcLogAppender.java:timeoutAppendRequest(200)) - 60c95f10-37ee-49eb-b84e-63ada232a784@group-A8CC8E72DEEA->35e8f602-e85b-40b3-a2e8-9c7f2541a1dc-GrpcLogAppender: appendEntries Timeout, request=60c95f10-37ee-49eb-b84e-63ada232a784->35e8f602-e85b-40b3-a2e8-9c7f2541a1dc#50-t1, previous=(t:1, i:11), leaderCommit=6, initializing? false, entries: <empty>
2019-09-18 17:25:13,385 [7ce2171e-d7bb-488f-b53c-71f230bd4ba7@group-A8CC8E72DEEA-SegmentedRaftLogWorker] WARN  segmented.SegmentedRaftLogWorker (SegmentedRaftLogWorker.java:getFromFuture(90)) - Timeout 9/~
org.apache.ratis.protocol.TimeoutIOException: Timeout 10s: WriteLog:7: (t:1, i:7), STATEMACHINELOGENTRY, client-CFDC9F436A43, cid=16-writeStateMachineData
	at org.apache.ratis.util.IOUtils.getFromFuture(IOUtils.java:87)
	at org.apache.ratis.server.raftlog.segmented.SegmentedRaftLogWorker$StateMachineDataPolicy.getFromFuture(SegmentedRaftLogWorker.java:87)
	at org.apache.ratis.server.raftlog.segmented.SegmentedRaftLogWorker$WriteLog.execute(SegmentedRaftLogWorker.java:477)
	at org.apache.ratis.server.raftlog.segmented.SegmentedRaftLogWorker.run(SegmentedRaftLogWorker.java:289)
	at java.lang.Thread.run(Thread.java:748)
Caused by: java.util.concurrent.TimeoutException
	at java.util.concurrent.CompletableFuture.timedGet(CompletableFuture.java:1771)
	at java.util.concurrent.CompletableFuture.get(CompletableFuture.java:1915)
	at org.apache.ratis.util.IOUtils.getFromFuture(IOUtils.java:79)
	... 4 more
2019-09-18 17:25:13,547 [60c95f10-37ee-49eb-b84e-63ada232a784@group-A8CC8E72DEEA-SegmentedRaftLogWorker] WARN  segmented.SegmentedRaftLogWorker (SegmentedRaftLogWorker.java:getFromFuture(90)) - Timeout 9/~
org.apache.ratis.protocol.TimeoutIOException: Timeout 10s: WriteLog:8: (t:1, i:8), STATEMACHINELOGENTRY, client-CFDC9F436A43, cid=17-writeStateMachineData
	at org.apache.ratis.util.IOUtils.getFromFuture(IOUtils.java:87)
	at org.apache.ratis.server.raftlog.segmented.SegmentedRaftLogWorker$StateMachineDataPolicy.getFromFuture(SegmentedRaftLogWorker.java:87)
	at org.apache.ratis.server.raftlog.segmented.SegmentedRaftLogWorker$WriteLog.execute(SegmentedRaftLogWorker.java:477)
	at org.apache.ratis.server.raftlog.segmented.SegmentedRaftLogWorker.run(SegmentedRaftLogWorker.java:289)
	at java.lang.Thread.run(Thread.java:748)
Caused by: java.util.concurrent.TimeoutException
	at java.util.concurrent.CompletableFuture.timedGet(CompletableFuture.java:1771)
	at java.util.concurrent.CompletableFuture.get(CompletableFuture.java:1915)
	at org.apache.ratis.util.IOUtils.getFromFuture(IOUtils.java:79)
	... 4 more
2019-09-18 17:25:13,548 [35e8f602-e85b-40b3-a2e8-9c7f2541a1dc@group-A8CC8E72DEEA-SegmentedRaftLogWorker] WARN  segmented.SegmentedRaftLogWorker (SegmentedRaftLogWorker.java:getFromFuture(90)) - Timeout 9/~
org.apache.ratis.protocol.TimeoutIOException: Timeout 10s: WriteLog:10: (t:1, i:10), STATEMACHINELOGENTRY, client-CFDC9F436A43, cid=19-writeStateMachineData
	at org.apache.ratis.util.IOUtils.getFromFuture(IOUtils.java:87)
	at org.apache.ratis.server.raftlog.segmented.SegmentedRaftLogWorker$StateMachineDataPolicy.getFromFuture(SegmentedRaftLogWorker.java:87)
	at org.apache.ratis.server.raftlog.segmented.SegmentedRaftLogWorker$WriteLog.execute(SegmentedRaftLogWorker.java:477)
	at org.apache.ratis.server.raftlog.segmented.SegmentedRaftLogWorker.run(SegmentedRaftLogWorker.java:289)
	at java.lang.Thread.run(Thread.java:748)
Caused by: java.util.concurrent.TimeoutException
	at java.util.concurrent.CompletableFuture.timedGet(CompletableFuture.java:1771)
	at java.util.concurrent.CompletableFuture.get(CompletableFuture.java:1915)
	at org.apache.ratis.util.IOUtils.getFromFuture(IOUtils.java:79)
	... 4 more
2019-09-18 17:25:13,903 [java.util.concurrent.ThreadPoolExecutor$Worker@290fd5ac[State = -1, empty queue]] WARN  server.GrpcLogAppender (GrpcLogAppender.java:timeoutAppendRequest(200)) - 60c95f10-37ee-49eb-b84e-63ada232a784@group-A8CC8E72DEEA->35e8f602-e85b-40b3-a2e8-9c7f2541a1dc-GrpcLogAppender: appendEntries Timeout, request=60c95f10-37ee-49eb-b84e-63ada232a784->35e8f602-e85b-40b3-a2e8-9c7f2541a1dc#51-t1, previous=(t:1, i:11), leaderCommit=6, initializing? false, entries: <empty>
2019-09-18 17:25:13,903 [java.util.concurrent.ThreadPoolExecutor$Worker@5aefd7b9[State = -1, empty queue]] WARN  server.GrpcLogAppender (GrpcLogAppender.java:timeoutAppendRequest(200)) - 60c95f10-37ee-49eb-b84e-63ada232a784@group-A8CC8E72DEEA->7ce2171e-d7bb-488f-b53c-71f230bd4ba7-GrpcLogAppender: appendEntries Timeout, request=60c95f10-37ee-49eb-b84e-63ada232a784->7ce2171e-d7bb-488f-b53c-71f230bd4ba7#51-t1, previous=(t:1, i:11), leaderCommit=6, initializing? false, entries: <empty>
2019-09-18 17:25:14,544 [grpc-default-executor-6] INFO  client.GrpcClientProtocolClient (GrpcClientProtocolClient.java:onNext(264)) - client-CFDC9F436A43->35e8f602-e85b-40b3-a2e8-9c7f2541a1dc: receive RaftClientReply:client-CFDC9F436A43->35e8f602-e85b-40b3-a2e8-9c7f2541a1dc@group-A8CC8E72DEEA, cid=16, FAILED org.apache.ratis.protocol.NotLeaderException: Server 35e8f602-e85b-40b3-a2e8-9c7f2541a1dc@group-A8CC8E72DEEA is not the leader 60c95f10-37ee-49eb-b84e-63ada232a784:192.168.151.122:37895, logIndex=0, commits[35e8f602-e85b-40b3-a2e8-9c7f2541a1dc:c6, 60c95f10-37ee-49eb-b84e-63ada232a784:c6, 7ce2171e-d7bb-488f-b53c-71f230bd4ba7:c4]
2019-09-18 17:25:16,403 [java.util.concurrent.ThreadPoolExecutor$Worker@5aefd7b9[State = -1, empty queue]] WARN  server.GrpcLogAppender (GrpcLogAppender.java:timeoutAppendRequest(200)) - 60c95f10-37ee-49eb-b84e-63ada232a784@group-A8CC8E72DEEA->7ce2171e-d7bb-488f-b53c-71f230bd4ba7-GrpcLogAppender: appendEntries Timeout, request=60c95f10-37ee-49eb-b84e-63ada232a784->7ce2171e-d7bb-488f-b53c-71f230bd4ba7#52-t1, previous=(t:1, i:11), leaderCommit=6, initializing? false, entries: <empty>
2019-09-18 17:25:16,403 [java.util.concurrent.ThreadPoolExecutor$Worker@290fd5ac[State = -1, empty queue]] WARN  server.GrpcLogAppender (GrpcLogAppender.java:timeoutAppendRequest(200)) - 60c95f10-37ee-49eb-b84e-63ada232a784@group-A8CC8E72DEEA->35e8f602-e85b-40b3-a2e8-9c7f2541a1dc-GrpcLogAppender: appendEntries Timeout, request=60c95f10-37ee-49eb-b84e-63ada232a784->35e8f602-e85b-40b3-a2e8-9c7f2541a1dc#52-t1, previous=(t:1, i:11), leaderCommit=6, initializing? false, entries: <empty>
2019-09-18 17:25:18,904 [java.util.concurrent.ThreadPoolExecutor$Worker@5aefd7b9[State = -1, empty queue]] WARN  server.GrpcLogAppender (GrpcLogAppender.java:timeoutAppendRequest(200)) - 60c95f10-37ee-49eb-b84e-63ada232a784@group-A8CC8E72DEEA->7ce2171e-d7bb-488f-b53c-71f230bd4ba7-GrpcLogAppender: appendEntries Timeout, request=60c95f10-37ee-49eb-b84e-63ada232a784->7ce2171e-d7bb-488f-b53c-71f230bd4ba7#53-t1, previous=(t:1, i:11), leaderCommit=6, initializing? false, entries: <empty>
2019-09-18 17:25:18,904 [java.util.concurrent.ThreadPoolExecutor$Worker@290fd5ac[State = -1, empty queue]] WARN  server.GrpcLogAppender (GrpcLogAppender.java:timeoutAppendRequest(200)) - 60c95f10-37ee-49eb-b84e-63ada232a784@group-A8CC8E72DEEA->35e8f602-e85b-40b3-a2e8-9c7f2541a1dc-GrpcLogAppender: appendEntries Timeout, request=60c95f10-37ee-49eb-b84e-63ada232a784->35e8f602-e85b-40b3-a2e8-9c7f2541a1dc#53-t1, previous=(t:1, i:11), leaderCommit=6, initializing? false, entries: <empty>
2019-09-18 17:25:19,599 [grpc-default-executor-6] INFO  client.GrpcClientProtocolClient (GrpcClientProtocolClient.java:onNext(264)) - client-CFDC9F436A43->35e8f602-e85b-40b3-a2e8-9c7f2541a1dc: receive RaftClientReply:client-CFDC9F436A43->35e8f602-e85b-40b3-a2e8-9c7f2541a1dc@group-A8CC8E72DEEA, cid=16, FAILED org.apache.ratis.protocol.NotLeaderException: Server 35e8f602-e85b-40b3-a2e8-9c7f2541a1dc@group-A8CC8E72DEEA is not the leader 60c95f10-37ee-49eb-b84e-63ada232a784:192.168.151.122:37895, logIndex=0, commits[35e8f602-e85b-40b3-a2e8-9c7f2541a1dc:c6, 60c95f10-37ee-49eb-b84e-63ada232a784:c6, 7ce2171e-d7bb-488f-b53c-71f230bd4ba7:c4]
2019-09-18 17:25:21,405 [java.util.concurrent.ThreadPoolExecutor$Worker@290fd5ac[State = -1, empty queue]] WARN  server.GrpcLogAppender (GrpcLogAppender.java:timeoutAppendRequest(200)) - 60c95f10-37ee-49eb-b84e-63ada232a784@group-A8CC8E72DEEA->35e8f602-e85b-40b3-a2e8-9c7f2541a1dc-GrpcLogAppender: appendEntries Timeout, request=60c95f10-37ee-49eb-b84e-63ada232a784->35e8f602-e85b-40b3-a2e8-9c7f2541a1dc#54-t1, previous=(t:1, i:11), leaderCommit=6, initializing? false, entries: <empty>
2019-09-18 17:25:21,405 [java.util.concurrent.ThreadPoolExecutor$Worker@5aefd7b9[State = -1, empty queue]] WARN  server.GrpcLogAppender (GrpcLogAppender.java:timeoutAppendRequest(200)) - 60c95f10-37ee-49eb-b84e-63ada232a784@group-A8CC8E72DEEA->7ce2171e-d7bb-488f-b53c-71f230bd4ba7-GrpcLogAppender: appendEntries Timeout, request=60c95f10-37ee-49eb-b84e-63ada232a784->7ce2171e-d7bb-488f-b53c-71f230bd4ba7#54-t1, previous=(t:1, i:11), leaderCommit=6, initializing? false, entries: <empty>
2019-09-18 17:25:23,386 [7ce2171e-d7bb-488f-b53c-71f230bd4ba7@group-A8CC8E72DEEA-SegmentedRaftLogWorker] WARN  segmented.SegmentedRaftLogWorker (SegmentedRaftLogWorker.java:getFromFuture(90)) - Timeout 10/~
org.apache.ratis.protocol.TimeoutIOException: Timeout 10s: WriteLog:7: (t:1, i:7), STATEMACHINELOGENTRY, client-CFDC9F436A43, cid=16-writeStateMachineData
	at org.apache.ratis.util.IOUtils.getFromFuture(IOUtils.java:87)
	at org.apache.ratis.server.raftlog.segmented.SegmentedRaftLogWorker$StateMachineDataPolicy.getFromFuture(SegmentedRaftLogWorker.java:87)
	at org.apache.ratis.server.raftlog.segmented.SegmentedRaftLogWorker$WriteLog.execute(SegmentedRaftLogWorker.java:477)
	at org.apache.ratis.server.raftlog.segmented.SegmentedRaftLogWorker.run(SegmentedRaftLogWorker.java:289)
	at java.lang.Thread.run(Thread.java:748)
Caused by: java.util.concurrent.TimeoutException
	at java.util.concurrent.CompletableFuture.timedGet(CompletableFuture.java:1771)
	at java.util.concurrent.CompletableFuture.get(CompletableFuture.java:1915)
	at org.apache.ratis.util.IOUtils.getFromFuture(IOUtils.java:79)
	... 4 more
2019-09-18 17:25:23,548 [60c95f10-37ee-49eb-b84e-63ada232a784@group-A8CC8E72DEEA-SegmentedRaftLogWorker] WARN  segmented.SegmentedRaftLogWorker (SegmentedRaftLogWorker.java:getFromFuture(90)) - Timeout 10/~
org.apache.ratis.protocol.TimeoutIOException: Timeout 10s: WriteLog:8: (t:1, i:8), STATEMACHINELOGENTRY, client-CFDC9F436A43, cid=17-writeStateMachineData
	at org.apache.ratis.util.IOUtils.getFromFuture(IOUtils.java:87)
	at org.apache.ratis.server.raftlog.segmented.SegmentedRaftLogWorker$StateMachineDataPolicy.getFromFuture(SegmentedRaftLogWorker.java:87)
	at org.apache.ratis.server.raftlog.segmented.SegmentedRaftLogWorker$WriteLog.execute(SegmentedRaftLogWorker.java:477)
	at org.apache.ratis.server.raftlog.segmented.SegmentedRaftLogWorker.run(SegmentedRaftLogWorker.java:289)
	at java.lang.Thread.run(Thread.java:748)
Caused by: java.util.concurrent.TimeoutException
	at java.util.concurrent.CompletableFuture.timedGet(CompletableFuture.java:1771)
	at java.util.concurrent.CompletableFuture.get(CompletableFuture.java:1915)
	at org.apache.ratis.util.IOUtils.getFromFuture(IOUtils.java:79)
	... 4 more
2019-09-18 17:25:23,549 [35e8f602-e85b-40b3-a2e8-9c7f2541a1dc@group-A8CC8E72DEEA-SegmentedRaftLogWorker] WARN  segmented.SegmentedRaftLogWorker (SegmentedRaftLogWorker.java:getFromFuture(90)) - Timeout 10/~
org.apache.ratis.protocol.TimeoutIOException: Timeout 10s: WriteLog:10: (t:1, i:10), STATEMACHINELOGENTRY, client-CFDC9F436A43, cid=19-writeStateMachineData
	at org.apache.ratis.util.IOUtils.getFromFuture(IOUtils.java:87)
	at org.apache.ratis.server.raftlog.segmented.SegmentedRaftLogWorker$StateMachineDataPolicy.getFromFuture(SegmentedRaftLogWorker.java:87)
	at org.apache.ratis.server.raftlog.segmented.SegmentedRaftLogWorker$WriteLog.execute(SegmentedRaftLogWorker.java:477)
	at org.apache.ratis.server.raftlog.segmented.SegmentedRaftLogWorker.run(SegmentedRaftLogWorker.java:289)
	at java.lang.Thread.run(Thread.java:748)
Caused by: java.util.concurrent.TimeoutException
	at java.util.concurrent.CompletableFuture.timedGet(CompletableFuture.java:1771)
	at java.util.concurrent.CompletableFuture.get(CompletableFuture.java:1915)
	at org.apache.ratis.util.IOUtils.getFromFuture(IOUtils.java:79)
	... 4 more
2019-09-18 17:25:23,905 [java.util.concurrent.ThreadPoolExecutor$Worker@290fd5ac[State = -1, empty queue]] WARN  server.GrpcLogAppender (GrpcLogAppender.java:timeoutAppendRequest(200)) - 60c95f10-37ee-49eb-b84e-63ada232a784@group-A8CC8E72DEEA->35e8f602-e85b-40b3-a2e8-9c7f2541a1dc-GrpcLogAppender: appendEntries Timeout, request=60c95f10-37ee-49eb-b84e-63ada232a784->35e8f602-e85b-40b3-a2e8-9c7f2541a1dc#55-t1, previous=(t:1, i:11), leaderCommit=6, initializing? false, entries: <empty>
2019-09-18 17:25:23,905 [java.util.concurrent.ThreadPoolExecutor$Worker@5aefd7b9[State = -1, empty queue]] WARN  server.GrpcLogAppender (GrpcLogAppender.java:timeoutAppendRequest(200)) - 60c95f10-37ee-49eb-b84e-63ada232a784@group-A8CC8E72DEEA->7ce2171e-d7bb-488f-b53c-71f230bd4ba7-GrpcLogAppender: appendEntries Timeout, request=60c95f10-37ee-49eb-b84e-63ada232a784->7ce2171e-d7bb-488f-b53c-71f230bd4ba7#55-t1, previous=(t:1, i:11), leaderCommit=6, initializing? false, entries: <empty>
2019-09-18 17:25:24,650 [grpc-default-executor-6] INFO  client.GrpcClientProtocolClient (GrpcClientProtocolClient.java:onNext(264)) - client-CFDC9F436A43->35e8f602-e85b-40b3-a2e8-9c7f2541a1dc: receive RaftClientReply:client-CFDC9F436A43->35e8f602-e85b-40b3-a2e8-9c7f2541a1dc@group-A8CC8E72DEEA, cid=16, FAILED org.apache.ratis.protocol.NotLeaderException: Server 35e8f602-e85b-40b3-a2e8-9c7f2541a1dc@group-A8CC8E72DEEA is not the leader 60c95f10-37ee-49eb-b84e-63ada232a784:192.168.151.122:37895, logIndex=0, commits[35e8f602-e85b-40b3-a2e8-9c7f2541a1dc:c6, 60c95f10-37ee-49eb-b84e-63ada232a784:c6, 7ce2171e-d7bb-488f-b53c-71f230bd4ba7:c4]
2019-09-18 17:25:26,406 [java.util.concurrent.ThreadPoolExecutor$Worker@5aefd7b9[State = -1, empty queue]] WARN  server.GrpcLogAppender (GrpcLogAppender.java:timeoutAppendRequest(200)) - 60c95f10-37ee-49eb-b84e-63ada232a784@group-A8CC8E72DEEA->7ce2171e-d7bb-488f-b53c-71f230bd4ba7-GrpcLogAppender: appendEntries Timeout, request=60c95f10-37ee-49eb-b84e-63ada232a784->7ce2171e-d7bb-488f-b53c-71f230bd4ba7#56-t1, previous=(t:1, i:11), leaderCommit=6, initializing? false, entries: <empty>
2019-09-18 17:25:26,406 [java.util.concurrent.ThreadPoolExecutor$Worker@290fd5ac[State = -1, empty queue]] WARN  server.GrpcLogAppender (GrpcLogAppender.java:timeoutAppendRequest(200)) - 60c95f10-37ee-49eb-b84e-63ada232a784@group-A8CC8E72DEEA->35e8f602-e85b-40b3-a2e8-9c7f2541a1dc-GrpcLogAppender: appendEntries Timeout, request=60c95f10-37ee-49eb-b84e-63ada232a784->35e8f602-e85b-40b3-a2e8-9c7f2541a1dc#56-t1, previous=(t:1, i:11), leaderCommit=6, initializing? false, entries: <empty>
2019-09-18 17:25:28,907 [java.util.concurrent.ThreadPoolExecutor$Worker@5aefd7b9[State = -1, empty queue]] WARN  server.GrpcLogAppender (GrpcLogAppender.java:timeoutAppendRequest(200)) - 60c95f10-37ee-49eb-b84e-63ada232a784@group-A8CC8E72DEEA->7ce2171e-d7bb-488f-b53c-71f230bd4ba7-GrpcLogAppender: appendEntries Timeout, request=60c95f10-37ee-49eb-b84e-63ada232a784->7ce2171e-d7bb-488f-b53c-71f230bd4ba7#57-t1, previous=(t:1, i:11), leaderCommit=6, initializing? false, entries: <empty>
2019-09-18 17:25:28,907 [java.util.concurrent.ThreadPoolExecutor$Worker@290fd5ac[State = -1, empty queue]] WARN  server.GrpcLogAppender (GrpcLogAppender.java:timeoutAppendRequest(200)) - 60c95f10-37ee-49eb-b84e-63ada232a784@group-A8CC8E72DEEA->35e8f602-e85b-40b3-a2e8-9c7f2541a1dc-GrpcLogAppender: appendEntries Timeout, request=60c95f10-37ee-49eb-b84e-63ada232a784->35e8f602-e85b-40b3-a2e8-9c7f2541a1dc#57-t1, previous=(t:1, i:11), leaderCommit=6, initializing? false, entries: <empty>
2019-09-18 17:25:29,730 [grpc-default-executor-6] INFO  client.GrpcClientProtocolClient (GrpcClientProtocolClient.java:onNext(264)) - client-CFDC9F436A43->35e8f602-e85b-40b3-a2e8-9c7f2541a1dc: receive RaftClientReply:client-CFDC9F436A43->35e8f602-e85b-40b3-a2e8-9c7f2541a1dc@group-A8CC8E72DEEA, cid=16, FAILED org.apache.ratis.protocol.NotLeaderException: Server 35e8f602-e85b-40b3-a2e8-9c7f2541a1dc@group-A8CC8E72DEEA is not the leader 60c95f10-37ee-49eb-b84e-63ada232a784:192.168.151.122:37895, logIndex=0, commits[35e8f602-e85b-40b3-a2e8-9c7f2541a1dc:c6, 60c95f10-37ee-49eb-b84e-63ada232a784:c6, 7ce2171e-d7bb-488f-b53c-71f230bd4ba7:c4]
2019-09-18 17:25:31,407 [java.util.concurrent.ThreadPoolExecutor$Worker@5aefd7b9[State = -1, empty queue]] WARN  server.GrpcLogAppender (GrpcLogAppender.java:timeoutAppendRequest(200)) - 60c95f10-37ee-49eb-b84e-63ada232a784@group-A8CC8E72DEEA->7ce2171e-d7bb-488f-b53c-71f230bd4ba7-GrpcLogAppender: appendEntries Timeout, request=60c95f10-37ee-49eb-b84e-63ada232a784->7ce2171e-d7bb-488f-b53c-71f230bd4ba7#58-t1, previous=(t:1, i:11), leaderCommit=6, initializing? false, entries: <empty>
2019-09-18 17:25:31,407 [java.util.concurrent.ThreadPoolExecutor$Worker@290fd5ac[State = -1, empty queue]] WARN  server.GrpcLogAppender (GrpcLogAppender.java:timeoutAppendRequest(200)) - 60c95f10-37ee-49eb-b84e-63ada232a784@group-A8CC8E72DEEA->35e8f602-e85b-40b3-a2e8-9c7f2541a1dc-GrpcLogAppender: appendEntries Timeout, request=60c95f10-37ee-49eb-b84e-63ada232a784->35e8f602-e85b-40b3-a2e8-9c7f2541a1dc#58-t1, previous=(t:1, i:11), leaderCommit=6, initializing? false, entries: <empty>
2019-09-18 17:25:33,388 [7ce2171e-d7bb-488f-b53c-71f230bd4ba7@group-A8CC8E72DEEA-SegmentedRaftLogWorker] WARN  segmented.SegmentedRaftLogWorker (SegmentedRaftLogWorker.java:getFromFuture(90)) - Timeout 11/~
org.apache.ratis.protocol.TimeoutIOException: Timeout 10s: WriteLog:7: (t:1, i:7), STATEMACHINELOGENTRY, client-CFDC9F436A43, cid=16-writeStateMachineData
	at org.apache.ratis.util.IOUtils.getFromFuture(IOUtils.java:87)
	at org.apache.ratis.server.raftlog.segmented.SegmentedRaftLogWorker$StateMachineDataPolicy.getFromFuture(SegmentedRaftLogWorker.java:87)
	at org.apache.ratis.server.raftlog.segmented.SegmentedRaftLogWorker$WriteLog.execute(SegmentedRaftLogWorker.java:477)
	at org.apache.ratis.server.raftlog.segmented.SegmentedRaftLogWorker.run(SegmentedRaftLogWorker.java:289)
	at java.lang.Thread.run(Thread.java:748)
Caused by: java.util.concurrent.TimeoutException
	at java.util.concurrent.CompletableFuture.timedGet(CompletableFuture.java:1771)
	at java.util.concurrent.CompletableFuture.get(CompletableFuture.java:1915)
	at org.apache.ratis.util.IOUtils.getFromFuture(IOUtils.java:79)
	... 4 more
2019-09-18 17:25:33,455 [org.apache.ratis.server.impl.LogAppender$AppenderDaemon$$Lambda$488/1062446665@3de28d13] ERROR ratis.XceiverServerRatis (XceiverServerRatis.java:triggerPipelineClose(575)) - pipeline Action CLOSE  on pipeline PipelineID=0865e9aa-3ec9-41d2-a431-a8cc8e72deea.Reason : 60c95f10-37ee-49eb-b84e-63ada232a784 has not seen follower/s 35e8f602-e85b-40b3-a2e8-9c7f2541a1dc for 120306ms 7ce2171e-d7bb-488f-b53c-71f230bd4ba7 for 120310ms
2019-09-18 17:25:33,455 [org.apache.ratis.server.impl.LogAppender$AppenderDaemon$$Lambda$488/1062446665@b69313d] ERROR ratis.XceiverServerRatis (XceiverServerRatis.java:triggerPipelineClose(575)) - pipeline Action CLOSE  on pipeline PipelineID=0865e9aa-3ec9-41d2-a431-a8cc8e72deea.Reason : 60c95f10-37ee-49eb-b84e-63ada232a784 has not seen follower/s 35e8f602-e85b-40b3-a2e8-9c7f2541a1dc for 120306ms 7ce2171e-d7bb-488f-b53c-71f230bd4ba7 for 120310ms
2019-09-18 17:25:33,543 [EventQueue-PipelineActionsForPipelineActionHandler] ERROR pipeline.PipelineActionHandler (PipelineActionHandler.java:onMessage(60)) - Received pipeline action CLOSE for Pipeline[ Id: 0865e9aa-3ec9-41d2-a431-a8cc8e72deea, Nodes: 35e8f602-e85b-40b3-a2e8-9c7f2541a1dc{ip: 192.168.151.122, host: pr-hdds-2121-ltkqc-3926781246, networkLocation: /default-rack, certSerialId: null}60c95f10-37ee-49eb-b84e-63ada232a784{ip: 192.168.151.122, host: pr-hdds-2121-ltkqc-3926781246, networkLocation: /default-rack, certSerialId: null}7ce2171e-d7bb-488f-b53c-71f230bd4ba7{ip: 192.168.151.122, host: pr-hdds-2121-ltkqc-3926781246, networkLocation: /default-rack, certSerialId: null}, Type:RATIS, Factor:THREE, State:OPEN] from datanode 60c95f10-37ee-49eb-b84e-63ada232a784{ip: 192.168.151.122, host: pr-hdds-2121-ltkqc-3926781246, networkLocation: /default-rack, certSerialId: null}. Reason : 60c95f10-37ee-49eb-b84e-63ada232a784 has not seen follower/s 35e8f602-e85b-40b3-a2e8-9c7f2541a1dc for 120306ms 7ce2171e-d7bb-488f-b53c-71f230bd4ba7 for 120310ms
2019-09-18 17:25:33,544 [EventQueue-PipelineActionsForPipelineActionHandler] INFO  pipeline.SCMPipelineManager (SCMPipelineManager.java:finalizeAndDestroyPipeline(311)) - destroying pipeline:Pipeline[ Id: 0865e9aa-3ec9-41d2-a431-a8cc8e72deea, Nodes: 35e8f602-e85b-40b3-a2e8-9c7f2541a1dc{ip: 192.168.151.122, host: pr-hdds-2121-ltkqc-3926781246, networkLocation: /default-rack, certSerialId: null}60c95f10-37ee-49eb-b84e-63ada232a784{ip: 192.168.151.122, host: pr-hdds-2121-ltkqc-3926781246, networkLocation: /default-rack, certSerialId: null}7ce2171e-d7bb-488f-b53c-71f230bd4ba7{ip: 192.168.151.122, host: pr-hdds-2121-ltkqc-3926781246, networkLocation: /default-rack, certSerialId: null}, Type:RATIS, Factor:THREE, State:OPEN]
2019-09-18 17:25:33,545 [EventQueue-PipelineActionsForPipelineActionHandler] INFO  pipeline.PipelineStateManager (PipelineStateManager.java:finalizePipeline(123)) - Pipeline Pipeline[ Id: 0865e9aa-3ec9-41d2-a431-a8cc8e72deea, Nodes: 35e8f602-e85b-40b3-a2e8-9c7f2541a1dc{ip: 192.168.151.122, host: pr-hdds-2121-ltkqc-3926781246, networkLocation: /default-rack, certSerialId: null}60c95f10-37ee-49eb-b84e-63ada232a784{ip: 192.168.151.122, host: pr-hdds-2121-ltkqc-3926781246, networkLocation: /default-rack, certSerialId: null}7ce2171e-d7bb-488f-b53c-71f230bd4ba7{ip: 192.168.151.122, host: pr-hdds-2121-ltkqc-3926781246, networkLocation: /default-rack, certSerialId: null}, Type:RATIS, Factor:THREE, State:CLOSED] moved to CLOSED state
2019-09-18 17:25:33,548 [EventQueue-CloseContainerForCloseContainerEventHandler] INFO  container.CloseContainerEventHandler (CloseContainerEventHandler.java:onMessage(61)) - Close container Event triggered for container : #1
2019-09-18 17:25:33,551 [60c95f10-37ee-49eb-b84e-63ada232a784@group-A8CC8E72DEEA-SegmentedRaftLogWorker] WARN  segmented.SegmentedRaftLogWorker (SegmentedRaftLogWorker.java:getFromFuture(90)) - Timeout 11/~
org.apache.ratis.protocol.TimeoutIOException: Timeout 10s: WriteLog:8: (t:1, i:8), STATEMACHINELOGENTRY, client-CFDC9F436A43, cid=17-writeStateMachineData
	at org.apache.ratis.util.IOUtils.getFromFuture(IOUtils.java:87)
	at org.apache.ratis.server.raftlog.segmented.SegmentedRaftLogWorker$StateMachineDataPolicy.getFromFuture(SegmentedRaftLogWorker.java:87)
	at org.apache.ratis.server.raftlog.segmented.SegmentedRaftLogWorker$WriteLog.execute(SegmentedRaftLogWorker.java:477)
	at org.apache.ratis.server.raftlog.segmented.SegmentedRaftLogWorker.run(SegmentedRaftLogWorker.java:289)
	at java.lang.Thread.run(Thread.java:748)
Caused by: java.util.concurrent.TimeoutException
	at java.util.concurrent.CompletableFuture.timedGet(CompletableFuture.java:1771)
	at java.util.concurrent.CompletableFuture.get(CompletableFuture.java:1915)
	at org.apache.ratis.util.IOUtils.getFromFuture(IOUtils.java:79)
	... 4 more
2019-09-18 17:25:33,554 [35e8f602-e85b-40b3-a2e8-9c7f2541a1dc@group-A8CC8E72DEEA-SegmentedRaftLogWorker] WARN  segmented.SegmentedRaftLogWorker (SegmentedRaftLogWorker.java:getFromFuture(90)) - Timeout 11/~
org.apache.ratis.protocol.TimeoutIOException: Timeout 10s: WriteLog:10: (t:1, i:10), STATEMACHINELOGENTRY, client-CFDC9F436A43, cid=19-writeStateMachineData
	at org.apache.ratis.util.IOUtils.getFromFuture(IOUtils.java:87)
	at org.apache.ratis.server.raftlog.segmented.SegmentedRaftLogWorker$StateMachineDataPolicy.getFromFuture(SegmentedRaftLogWorker.java:87)
	at org.apache.ratis.server.raftlog.segmented.SegmentedRaftLogWorker$WriteLog.execute(SegmentedRaftLogWorker.java:477)
	at org.apache.ratis.server.raftlog.segmented.SegmentedRaftLogWorker.run(SegmentedRaftLogWorker.java:289)
	at java.lang.Thread.run(Thread.java:748)
Caused by: java.util.concurrent.TimeoutException
	at java.util.concurrent.CompletableFuture.timedGet(CompletableFuture.java:1771)
	at java.util.concurrent.CompletableFuture.get(CompletableFuture.java:1915)
	at org.apache.ratis.util.IOUtils.getFromFuture(IOUtils.java:79)
	... 4 more
2019-09-18 17:25:33,558 [EventQueue-CloseContainerForCloseContainerEventHandler] INFO  container.CloseContainerEventHandler (CloseContainerEventHandler.java:onMessage(61)) - Close container Event triggered for container : #2
2019-09-18 17:25:33,908 [java.util.concurrent.ThreadPoolExecutor$Worker@290fd5ac[State = -1, empty queue]] WARN  server.GrpcLogAppender (GrpcLogAppender.java:timeoutAppendRequest(200)) - 60c95f10-37ee-49eb-b84e-63ada232a784@group-A8CC8E72DEEA->35e8f602-e85b-40b3-a2e8-9c7f2541a1dc-GrpcLogAppender: appendEntries Timeout, request=60c95f10-37ee-49eb-b84e-63ada232a784->35e8f602-e85b-40b3-a2e8-9c7f2541a1dc#59-t1, previous=(t:1, i:11), leaderCommit=6, initializing? false, entries: <empty>
2019-09-18 17:25:33,908 [java.util.concurrent.ThreadPoolExecutor$Worker@5aefd7b9[State = -1, empty queue]] WARN  server.GrpcLogAppender (GrpcLogAppender.java:timeoutAppendRequest(200)) - 60c95f10-37ee-49eb-b84e-63ada232a784@group-A8CC8E72DEEA->7ce2171e-d7bb-488f-b53c-71f230bd4ba7-GrpcLogAppender: appendEntries Timeout, request=60c95f10-37ee-49eb-b84e-63ada232a784->7ce2171e-d7bb-488f-b53c-71f230bd4ba7#59-t1, previous=(t:1, i:11), leaderCommit=6, initializing? false, entries: <empty>
2019-09-18 17:25:34,782 [grpc-default-executor-6] INFO  client.GrpcClientProtocolClient (GrpcClientProtocolClient.java:onNext(264)) - client-CFDC9F436A43->35e8f602-e85b-40b3-a2e8-9c7f2541a1dc: receive RaftClientReply:client-CFDC9F436A43->35e8f602-e85b-40b3-a2e8-9c7f2541a1dc@group-A8CC8E72DEEA, cid=16, FAILED org.apache.ratis.protocol.NotLeaderException: Server 35e8f602-e85b-40b3-a2e8-9c7f2541a1dc@group-A8CC8E72DEEA is not the leader 60c95f10-37ee-49eb-b84e-63ada232a784:192.168.151.122:37895, logIndex=0, commits[35e8f602-e85b-40b3-a2e8-9c7f2541a1dc:c6, 60c95f10-37ee-49eb-b84e-63ada232a784:c6, 7ce2171e-d7bb-488f-b53c-71f230bd4ba7:c4]
2019-09-18 17:25:35,579 [org.apache.ratis.server.impl.LogAppender$AppenderDaemon$$Lambda$488/1062446665@b69313d] ERROR ratis.XceiverServerRatis (XceiverServerRatis.java:triggerPipelineClose(575)) - pipeline Action CLOSE  on pipeline PipelineID=0865e9aa-3ec9-41d2-a431-a8cc8e72deea.Reason : 60c95f10-37ee-49eb-b84e-63ada232a784 has not seen follower/s 35e8f602-e85b-40b3-a2e8-9c7f2541a1dc for 122450ms 7ce2171e-d7bb-488f-b53c-71f230bd4ba7 for 122450ms
2019-09-18 17:25:35,579 [org.apache.ratis.server.impl.LogAppender$AppenderDaemon$$Lambda$488/1062446665@3de28d13] ERROR ratis.XceiverServerRatis (XceiverServerRatis.java:triggerPipelineClose(575)) - pipeline Action CLOSE  on pipeline PipelineID=0865e9aa-3ec9-41d2-a431-a8cc8e72deea.Reason : 60c95f10-37ee-49eb-b84e-63ada232a784 has not seen follower/s 35e8f602-e85b-40b3-a2e8-9c7f2541a1dc for 122450ms 7ce2171e-d7bb-488f-b53c-71f230bd4ba7 for 122450ms
2019-09-18 17:25:36,409 [java.util.concurrent.ThreadPoolExecutor$Worker@5aefd7b9[State = -1, empty queue]] WARN  server.GrpcLogAppender (GrpcLogAppender.java:timeoutAppendRequest(200)) - 60c95f10-37ee-49eb-b84e-63ada232a784@group-A8CC8E72DEEA->7ce2171e-d7bb-488f-b53c-71f230bd4ba7-GrpcLogAppender: appendEntries Timeout, request=60c95f10-37ee-49eb-b84e-63ada232a784->7ce2171e-d7bb-488f-b53c-71f230bd4ba7#60-t1, previous=(t:1, i:11), leaderCommit=6, initializing? false, entries: <empty>
2019-09-18 17:25:36,409 [java.util.concurrent.ThreadPoolExecutor$Worker@290fd5ac[State = -1, empty queue]] WARN  server.GrpcLogAppender (GrpcLogAppender.java:timeoutAppendRequest(200)) - 60c95f10-37ee-49eb-b84e-63ada232a784@group-A8CC8E72DEEA->35e8f602-e85b-40b3-a2e8-9c7f2541a1dc-GrpcLogAppender: appendEntries Timeout, request=60c95f10-37ee-49eb-b84e-63ada232a784->35e8f602-e85b-40b3-a2e8-9c7f2541a1dc#60-t1, previous=(t:1, i:11), leaderCommit=6, initializing? false, entries: <empty>
2019-09-18 17:25:36,572 [EventQueue-PipelineActionsForPipelineActionHandler] ERROR pipeline.PipelineActionHandler (PipelineActionHandler.java:onMessage(60)) - Received pipeline action CLOSE for Pipeline[ Id: 0865e9aa-3ec9-41d2-a431-a8cc8e72deea, Nodes: 35e8f602-e85b-40b3-a2e8-9c7f2541a1dc{ip: 192.168.151.122, host: pr-hdds-2121-ltkqc-3926781246, networkLocation: /default-rack, certSerialId: null}60c95f10-37ee-49eb-b84e-63ada232a784{ip: 192.168.151.122, host: pr-hdds-2121-ltkqc-3926781246, networkLocation: /default-rack, certSerialId: null}7ce2171e-d7bb-488f-b53c-71f230bd4ba7{ip: 192.168.151.122, host: pr-hdds-2121-ltkqc-3926781246, networkLocation: /default-rack, certSerialId: null}, Type:RATIS, Factor:THREE, State:CLOSED] from datanode 60c95f10-37ee-49eb-b84e-63ada232a784{ip: 192.168.151.122, host: pr-hdds-2121-ltkqc-3926781246, networkLocation: /default-rack, certSerialId: null}. Reason : 60c95f10-37ee-49eb-b84e-63ada232a784 has not seen follower/s 35e8f602-e85b-40b3-a2e8-9c7f2541a1dc for 122450ms 7ce2171e-d7bb-488f-b53c-71f230bd4ba7 for 122450ms
2019-09-18 17:25:36,572 [EventQueue-PipelineActionsForPipelineActionHandler] INFO  pipeline.SCMPipelineManager (SCMPipelineManager.java:finalizeAndDestroyPipeline(311)) - destroying pipeline:Pipeline[ Id: 0865e9aa-3ec9-41d2-a431-a8cc8e72deea, Nodes: 35e8f602-e85b-40b3-a2e8-9c7f2541a1dc{ip: 192.168.151.122, host: pr-hdds-2121-ltkqc-3926781246, networkLocation: /default-rack, certSerialId: null}60c95f10-37ee-49eb-b84e-63ada232a784{ip: 192.168.151.122, host: pr-hdds-2121-ltkqc-3926781246, networkLocation: /default-rack, certSerialId: null}7ce2171e-d7bb-488f-b53c-71f230bd4ba7{ip: 192.168.151.122, host: pr-hdds-2121-ltkqc-3926781246, networkLocation: /default-rack, certSerialId: null}, Type:RATIS, Factor:THREE, State:CLOSED]
2019-09-18 17:25:38,081 [org.apache.ratis.server.impl.LogAppender$AppenderDaemon$$Lambda$488/1062446665@b69313d] ERROR ratis.XceiverServerRatis (XceiverServerRatis.java:triggerPipelineClose(575)) - pipeline Action CLOSE  on pipeline PipelineID=0865e9aa-3ec9-41d2-a431-a8cc8e72deea.Reason : 60c95f10-37ee-49eb-b84e-63ada232a784 has not seen follower/s 35e8f602-e85b-40b3-a2e8-9c7f2541a1dc for 124952ms 7ce2171e-d7bb-488f-b53c-71f230bd4ba7 for 124952ms
2019-09-18 17:25:38,081 [org.apache.ratis.server.impl.LogAppender$AppenderDaemon$$Lambda$488/1062446665@3de28d13] ERROR ratis.XceiverServerRatis (XceiverServerRatis.java:triggerPipelineClose(575)) - pipeline Action CLOSE  on pipeline PipelineID=0865e9aa-3ec9-41d2-a431-a8cc8e72deea.Reason : 60c95f10-37ee-49eb-b84e-63ada232a784 has not seen follower/s 35e8f602-e85b-40b3-a2e8-9c7f2541a1dc for 124952ms 7ce2171e-d7bb-488f-b53c-71f230bd4ba7 for 124952ms
2019-09-18 17:25:38,573 [EventQueue-PipelineActionsForPipelineActionHandler] ERROR pipeline.PipelineActionHandler (PipelineActionHandler.java:onMessage(60)) - Received pipeline action CLOSE for Pipeline[ Id: 0865e9aa-3ec9-41d2-a431-a8cc8e72deea, Nodes: 35e8f602-e85b-40b3-a2e8-9c7f2541a1dc{ip: 192.168.151.122, host: pr-hdds-2121-ltkqc-3926781246, networkLocation: /default-rack, certSerialId: null}60c95f10-37ee-49eb-b84e-63ada232a784{ip: 192.168.151.122, host: pr-hdds-2121-ltkqc-3926781246, networkLocation: /default-rack, certSerialId: null}7ce2171e-d7bb-488f-b53c-71f230bd4ba7{ip: 192.168.151.122, host: pr-hdds-2121-ltkqc-3926781246, networkLocation: /default-rack, certSerialId: null}, Type:RATIS, Factor:THREE, State:CLOSED] from datanode 60c95f10-37ee-49eb-b84e-63ada232a784{ip: 192.168.151.122, host: pr-hdds-2121-ltkqc-3926781246, networkLocation: /default-rack, certSerialId: null}. Reason : 60c95f10-37ee-49eb-b84e-63ada232a784 has not seen follower/s 35e8f602-e85b-40b3-a2e8-9c7f2541a1dc for 124952ms 7ce2171e-d7bb-488f-b53c-71f230bd4ba7 for 124952ms
2019-09-18 17:25:38,573 [EventQueue-PipelineActionsForPipelineActionHandler] INFO  pipeline.SCMPipelineManager (SCMPipelineManager.java:finalizeAndDestroyPipeline(311)) - destroying pipeline:Pipeline[ Id: 0865e9aa-3ec9-41d2-a431-a8cc8e72deea, Nodes: 35e8f602-e85b-40b3-a2e8-9c7f2541a1dc{ip: 192.168.151.122, host: pr-hdds-2121-ltkqc-3926781246, networkLocation: /default-rack, certSerialId: null}60c95f10-37ee-49eb-b84e-63ada232a784{ip: 192.168.151.122, host: pr-hdds-2121-ltkqc-3926781246, networkLocation: /default-rack, certSerialId: null}7ce2171e-d7bb-488f-b53c-71f230bd4ba7{ip: 192.168.151.122, host: pr-hdds-2121-ltkqc-3926781246, networkLocation: /default-rack, certSerialId: null}, Type:RATIS, Factor:THREE, State:CLOSED]
2019-09-18 17:25:38,579 [java.util.concurrent.ThreadPoolExecutor$Worker@290fd5ac[State = -1, empty queue]] WARN  server.GrpcLogAppender (GrpcLogAppender.java:timeoutAppendRequest(200)) - 60c95f10-37ee-49eb-b84e-63ada232a784@group-A8CC8E72DEEA->35e8f602-e85b-40b3-a2e8-9c7f2541a1dc-GrpcLogAppender: appendEntries Timeout, request=60c95f10-37ee-49eb-b84e-63ada232a784->35e8f602-e85b-40b3-a2e8-9c7f2541a1dc#61-t1, previous=(t:1, i:11), leaderCommit=6, initializing? false, entries: size=1, first=(t:1, i:12), STATEMACHINELOGENTRY, client-8EEDF32AF4B3, cid=0
2019-09-18 17:25:38,579 [java.util.concurrent.ThreadPoolExecutor$Worker@5aefd7b9[State = -1, empty queue]] WARN  server.GrpcLogAppender (GrpcLogAppender.java:timeoutAppendRequest(200)) - 60c95f10-37ee-49eb-b84e-63ada232a784@group-A8CC8E72DEEA->7ce2171e-d7bb-488f-b53c-71f230bd4ba7-GrpcLogAppender: appendEntries Timeout, request=60c95f10-37ee-49eb-b84e-63ada232a784->7ce2171e-d7bb-488f-b53c-71f230bd4ba7#61-t1, previous=(t:1, i:11), leaderCommit=6, initializing? false, entries: size=1, first=(t:1, i:12), STATEMACHINELOGENTRY, client-8EEDF32AF4B3, cid=0
2019-09-18 17:25:39,828 [grpc-default-executor-4] INFO  client.GrpcClientProtocolClient (GrpcClientProtocolClient.java:onNext(264)) - client-CFDC9F436A43->7ce2171e-d7bb-488f-b53c-71f230bd4ba7: receive RaftClientReply:client-CFDC9F436A43->7ce2171e-d7bb-488f-b53c-71f230bd4ba7@group-A8CC8E72DEEA, cid=16, FAILED org.apache.ratis.protocol.NotLeaderException: Server 7ce2171e-d7bb-488f-b53c-71f230bd4ba7@group-A8CC8E72DEEA is not the leader 60c95f10-37ee-49eb-b84e-63ada232a784:192.168.151.122:37895, logIndex=0, commits[7ce2171e-d7bb-488f-b53c-71f230bd4ba7:c6, 60c95f10-37ee-49eb-b84e-63ada232a784:c6, 35e8f602-e85b-40b3-a2e8-9c7f2541a1dc:c4]
2019-09-18 17:25:40,582 [org.apache.ratis.server.impl.LogAppender$AppenderDaemon$$Lambda$488/1062446665@b69313d] ERROR ratis.XceiverServerRatis (XceiverServerRatis.java:triggerPipelineClose(575)) - pipeline Action CLOSE  on pipeline PipelineID=0865e9aa-3ec9-41d2-a431-a8cc8e72deea.Reason : 60c95f10-37ee-49eb-b84e-63ada232a784 has not seen follower/s 35e8f602-e85b-40b3-a2e8-9c7f2541a1dc for 127453ms 7ce2171e-d7bb-488f-b53c-71f230bd4ba7 for 127453ms
2019-09-18 17:25:40,585 [org.apache.ratis.server.impl.LogAppender$AppenderDaemon$$Lambda$488/1062446665@3de28d13] ERROR ratis.XceiverServerRatis (XceiverServerRatis.java:triggerPipelineClose(575)) - pipeline Action CLOSE  on pipeline PipelineID=0865e9aa-3ec9-41d2-a431-a8cc8e72deea.Reason : 60c95f10-37ee-49eb-b84e-63ada232a784 has not seen follower/s 35e8f602-e85b-40b3-a2e8-9c7f2541a1dc for 127456ms 7ce2171e-d7bb-488f-b53c-71f230bd4ba7 for 127457ms
2019-09-18 17:25:41,081 [java.util.concurrent.ThreadPoolExecutor$Worker@290fd5ac[State = -1, empty queue]] WARN  server.GrpcLogAppender (GrpcLogAppender.java:timeoutAppendRequest(200)) - 60c95f10-37ee-49eb-b84e-63ada232a784@group-A8CC8E72DEEA->35e8f602-e85b-40b3-a2e8-9c7f2541a1dc-GrpcLogAppender: appendEntries Timeout, request=60c95f10-37ee-49eb-b84e-63ada232a784->35e8f602-e85b-40b3-a2e8-9c7f2541a1dc#62-t1, previous=(t:1, i:12), leaderCommit=6, initializing? false, entries: <empty>
2019-09-18 17:25:41,081 [java.util.concurrent.ThreadPoolExecutor$Worker@5aefd7b9[State = -1, empty queue]] WARN  server.GrpcLogAppender (GrpcLogAppender.java:timeoutAppendRequest(200)) - 60c95f10-37ee-49eb-b84e-63ada232a784@group-A8CC8E72DEEA->7ce2171e-d7bb-488f-b53c-71f230bd4ba7-GrpcLogAppender: appendEntries Timeout, request=60c95f10-37ee-49eb-b84e-63ada232a784->7ce2171e-d7bb-488f-b53c-71f230bd4ba7#62-t1, previous=(t:1, i:12), leaderCommit=6, initializing? false, entries: <empty>
2019-09-18 17:25:41,573 [EventQueue-PipelineActionsForPipelineActionHandler] ERROR pipeline.PipelineActionHandler (PipelineActionHandler.java:onMessage(60)) - Received pipeline action CLOSE for Pipeline[ Id: 0865e9aa-3ec9-41d2-a431-a8cc8e72deea, Nodes: 35e8f602-e85b-40b3-a2e8-9c7f2541a1dc{ip: 192.168.151.122, host: pr-hdds-2121-ltkqc-3926781246, networkLocation: /default-rack, certSerialId: null}60c95f10-37ee-49eb-b84e-63ada232a784{ip: 192.168.151.122, host: pr-hdds-2121-ltkqc-3926781246, networkLocation: /default-rack, certSerialId: null}7ce2171e-d7bb-488f-b53c-71f230bd4ba7{ip: 192.168.151.122, host: pr-hdds-2121-ltkqc-3926781246, networkLocation: /default-rack, certSerialId: null}, Type:RATIS, Factor:THREE, State:CLOSED] from datanode 60c95f10-37ee-49eb-b84e-63ada232a784{ip: 192.168.151.122, host: pr-hdds-2121-ltkqc-3926781246, networkLocation: /default-rack, certSerialId: null}. Reason : 60c95f10-37ee-49eb-b84e-63ada232a784 has not seen follower/s 35e8f602-e85b-40b3-a2e8-9c7f2541a1dc for 127453ms 7ce2171e-d7bb-488f-b53c-71f230bd4ba7 for 127453ms
2019-09-18 17:25:41,573 [EventQueue-PipelineActionsForPipelineActionHandler] INFO  pipeline.SCMPipelineManager (SCMPipelineManager.java:finalizeAndDestroyPipeline(311)) - destroying pipeline:Pipeline[ Id: 0865e9aa-3ec9-41d2-a431-a8cc8e72deea, Nodes: 35e8f602-e85b-40b3-a2e8-9c7f2541a1dc{ip: 192.168.151.122, host: pr-hdds-2121-ltkqc-3926781246, networkLocation: /default-rack, certSerialId: null}60c95f10-37ee-49eb-b84e-63ada232a784{ip: 192.168.151.122, host: pr-hdds-2121-ltkqc-3926781246, networkLocation: /default-rack, certSerialId: null}7ce2171e-d7bb-488f-b53c-71f230bd4ba7{ip: 192.168.151.122, host: pr-hdds-2121-ltkqc-3926781246, networkLocation: /default-rack, certSerialId: null}, Type:RATIS, Factor:THREE, State:CLOSED]
2019-09-18 17:25:43,082 [org.apache.ratis.server.impl.LogAppender$AppenderDaemon$$Lambda$488/1062446665@b69313d] ERROR ratis.XceiverServerRatis (XceiverServerRatis.java:triggerPipelineClose(575)) - pipeline Action CLOSE  on pipeline PipelineID=0865e9aa-3ec9-41d2-a431-a8cc8e72deea.Reason : 60c95f10-37ee-49eb-b84e-63ada232a784 has not seen follower/s 35e8f602-e85b-40b3-a2e8-9c7f2541a1dc for 129954ms 7ce2171e-d7bb-488f-b53c-71f230bd4ba7 for 129954ms
2019-09-18 17:25:43,086 [org.apache.ratis.server.impl.LogAppender$AppenderDaemon$$Lambda$488/1062446665@3de28d13] ERROR ratis.XceiverServerRatis (XceiverServerRatis.java:triggerPipelineClose(575)) - pipeline Action CLOSE  on pipeline PipelineID=0865e9aa-3ec9-41d2-a431-a8cc8e72deea.Reason : 60c95f10-37ee-49eb-b84e-63ada232a784 has not seen follower/s 35e8f602-e85b-40b3-a2e8-9c7f2541a1dc for 129957ms 7ce2171e-d7bb-488f-b53c-71f230bd4ba7 for 129958ms
2019-09-18 17:25:43,390 [7ce2171e-d7bb-488f-b53c-71f230bd4ba7@group-A8CC8E72DEEA-SegmentedRaftLogWorker] WARN  segmented.SegmentedRaftLogWorker (SegmentedRaftLogWorker.java:getFromFuture(90)) - Timeout 12/~
org.apache.ratis.protocol.TimeoutIOException: Timeout 10s: WriteLog:7: (t:1, i:7), STATEMACHINELOGENTRY, client-CFDC9F436A43, cid=16-writeStateMachineData
	at org.apache.ratis.util.IOUtils.getFromFuture(IOUtils.java:87)
	at org.apache.ratis.server.raftlog.segmented.SegmentedRaftLogWorker$StateMachineDataPolicy.getFromFuture(SegmentedRaftLogWorker.java:87)
	at org.apache.ratis.server.raftlog.segmented.SegmentedRaftLogWorker$WriteLog.execute(SegmentedRaftLogWorker.java:477)
	at org.apache.ratis.server.raftlog.segmented.SegmentedRaftLogWorker.run(SegmentedRaftLogWorker.java:289)
	at java.lang.Thread.run(Thread.java:748)
Caused by: java.util.concurrent.TimeoutException
	at java.util.concurrent.CompletableFuture.timedGet(CompletableFuture.java:1771)
	at java.util.concurrent.CompletableFuture.get(CompletableFuture.java:1915)
	at org.apache.ratis.util.IOUtils.getFromFuture(IOUtils.java:79)
	... 4 more
2019-09-18 17:25:43,554 [60c95f10-37ee-49eb-b84e-63ada232a784@group-A8CC8E72DEEA-SegmentedRaftLogWorker] WARN  segmented.SegmentedRaftLogWorker (SegmentedRaftLogWorker.java:getFromFuture(90)) - Timeout 12/~
org.apache.ratis.protocol.TimeoutIOException: Timeout 10s: WriteLog:8: (t:1, i:8), STATEMACHINELOGENTRY, client-CFDC9F436A43, cid=17-writeStateMachineData
	at org.apache.ratis.util.IOUtils.getFromFuture(IOUtils.java:87)
	at org.apache.ratis.server.raftlog.segmented.SegmentedRaftLogWorker$StateMachineDataPolicy.getFromFuture(SegmentedRaftLogWorker.java:87)
	at org.apache.ratis.server.raftlog.segmented.SegmentedRaftLogWorker$WriteLog.execute(SegmentedRaftLogWorker.java:477)
	at org.apache.ratis.server.raftlog.segmented.SegmentedRaftLogWorker.run(SegmentedRaftLogWorker.java:289)
	at java.lang.Thread.run(Thread.java:748)
Caused by: java.util.concurrent.TimeoutException
	at java.util.concurrent.CompletableFuture.timedGet(CompletableFuture.java:1771)
	at java.util.concurrent.CompletableFuture.get(CompletableFuture.java:1915)
	at org.apache.ratis.util.IOUtils.getFromFuture(IOUtils.java:79)
	... 4 more
2019-09-18 17:25:43,555 [35e8f602-e85b-40b3-a2e8-9c7f2541a1dc@group-A8CC8E72DEEA-SegmentedRaftLogWorker] WARN  segmented.SegmentedRaftLogWorker (SegmentedRaftLogWorker.java:getFromFuture(90)) - Timeout 12/~
org.apache.ratis.protocol.TimeoutIOException: Timeout 10s: WriteLog:10: (t:1, i:10), STATEMACHINELOGENTRY, client-CFDC9F436A43, cid=19-writeStateMachineData
	at org.apache.ratis.util.IOUtils.getFromFuture(IOUtils.java:87)
	at org.apache.ratis.server.raftlog.segmented.SegmentedRaftLogWorker$StateMachineDataPolicy.getFromFuture(SegmentedRaftLogWorker.java:87)
	at org.apache.ratis.server.raftlog.segmented.SegmentedRaftLogWorker$WriteLog.execute(SegmentedRaftLogWorker.java:477)
	at org.apache.ratis.server.raftlog.segmented.SegmentedRaftLogWorker.run(SegmentedRaftLogWorker.java:289)
	at java.lang.Thread.run(Thread.java:748)
Caused by: java.util.concurrent.TimeoutException
	at java.util.concurrent.CompletableFuture.timedGet(CompletableFuture.java:1771)
	at java.util.concurrent.CompletableFuture.get(CompletableFuture.java:1915)
	at org.apache.ratis.util.IOUtils.getFromFuture(IOUtils.java:79)
	... 4 more
2019-09-18 17:25:43,572 [EventQueue-PipelineActionsForPipelineActionHandler] ERROR pipeline.PipelineActionHandler (PipelineActionHandler.java:onMessage(60)) - Received pipeline action CLOSE for Pipeline[ Id: 0865e9aa-3ec9-41d2-a431-a8cc8e72deea, Nodes: 35e8f602-e85b-40b3-a2e8-9c7f2541a1dc{ip: 192.168.151.122, host: pr-hdds-2121-ltkqc-3926781246, networkLocation: /default-rack, certSerialId: null}60c95f10-37ee-49eb-b84e-63ada232a784{ip: 192.168.151.122, host: pr-hdds-2121-ltkqc-3926781246, networkLocation: /default-rack, certSerialId: null}7ce2171e-d7bb-488f-b53c-71f230bd4ba7{ip: 192.168.151.122, host: pr-hdds-2121-ltkqc-3926781246, networkLocation: /default-rack, certSerialId: null}, Type:RATIS, Factor:THREE, State:CLOSED] from datanode 60c95f10-37ee-49eb-b84e-63ada232a784{ip: 192.168.151.122, host: pr-hdds-2121-ltkqc-3926781246, networkLocation: /default-rack, certSerialId: null}. Reason : 60c95f10-37ee-49eb-b84e-63ada232a784 has not seen follower/s 35e8f602-e85b-40b3-a2e8-9c7f2541a1dc for 129954ms 7ce2171e-d7bb-488f-b53c-71f230bd4ba7 for 129954ms
2019-09-18 17:25:43,572 [EventQueue-PipelineActionsForPipelineActionHandler] INFO  pipeline.SCMPipelineManager (SCMPipelineManager.java:finalizeAndDestroyPipeline(311)) - destroying pipeline:Pipeline[ Id: 0865e9aa-3ec9-41d2-a431-a8cc8e72deea, Nodes: 35e8f602-e85b-40b3-a2e8-9c7f2541a1dc{ip: 192.168.151.122, host: pr-hdds-2121-ltkqc-3926781246, networkLocation: /default-rack, certSerialId: null}60c95f10-37ee-49eb-b84e-63ada232a784{ip: 192.168.151.122, host: pr-hdds-2121-ltkqc-3926781246, networkLocation: /default-rack, certSerialId: null}7ce2171e-d7bb-488f-b53c-71f230bd4ba7{ip: 192.168.151.122, host: pr-hdds-2121-ltkqc-3926781246, networkLocation: /default-rack, certSerialId: null}, Type:RATIS, Factor:THREE, State:CLOSED]
2019-09-18 17:25:43,582 [java.util.concurrent.ThreadPoolExecutor$Worker@290fd5ac[State = -1, empty queue]] WARN  server.GrpcLogAppender (GrpcLogAppender.java:timeoutAppendRequest(200)) - 60c95f10-37ee-49eb-b84e-63ada232a784@group-A8CC8E72DEEA->35e8f602-e85b-40b3-a2e8-9c7f2541a1dc-GrpcLogAppender: appendEntries Timeout, request=60c95f10-37ee-49eb-b84e-63ada232a784->35e8f602-e85b-40b3-a2e8-9c7f2541a1dc#63-t1, previous=(t:1, i:12), leaderCommit=6, initializing? false, entries: <empty>
2019-09-18 17:25:43,585 [java.util.concurrent.ThreadPoolExecutor$Worker@5aefd7b9[State = -1, empty queue]] WARN  server.GrpcLogAppender (GrpcLogAppender.java:timeoutAppendRequest(200)) - 60c95f10-37ee-49eb-b84e-63ada232a784@group-A8CC8E72DEEA->7ce2171e-d7bb-488f-b53c-71f230bd4ba7-GrpcLogAppender: appendEntries Timeout, request=60c95f10-37ee-49eb-b84e-63ada232a784->7ce2171e-d7bb-488f-b53c-71f230bd4ba7#63-t1, previous=(t:1, i:12), leaderCommit=6, initializing? false, entries: <empty>
2019-09-18 17:25:44,872 [grpc-default-executor-6] INFO  client.GrpcClientProtocolClient (GrpcClientProtocolClient.java:onNext(264)) - client-CFDC9F436A43->35e8f602-e85b-40b3-a2e8-9c7f2541a1dc: receive RaftClientReply:client-CFDC9F436A43->35e8f602-e85b-40b3-a2e8-9c7f2541a1dc@group-A8CC8E72DEEA, cid=16, FAILED org.apache.ratis.protocol.NotLeaderException: Server 35e8f602-e85b-40b3-a2e8-9c7f2541a1dc@group-A8CC8E72DEEA is not the leader 60c95f10-37ee-49eb-b84e-63ada232a784:192.168.151.122:37895, logIndex=0, commits[35e8f602-e85b-40b3-a2e8-9c7f2541a1dc:c6, 60c95f10-37ee-49eb-b84e-63ada232a784:c6, 7ce2171e-d7bb-488f-b53c-71f230bd4ba7:c4]
2019-09-18 17:25:45,583 [org.apache.ratis.server.impl.LogAppender$AppenderDaemon$$Lambda$488/1062446665@b69313d] ERROR ratis.XceiverServerRatis (XceiverServerRatis.java:triggerPipelineClose(575)) - pipeline Action CLOSE  on pipeline PipelineID=0865e9aa-3ec9-41d2-a431-a8cc8e72deea.Reason : 60c95f10-37ee-49eb-b84e-63ada232a784 has not seen follower/s 35e8f602-e85b-40b3-a2e8-9c7f2541a1dc for 132454ms 7ce2171e-d7bb-488f-b53c-71f230bd4ba7 for 132455ms
2019-09-18 17:25:45,587 [org.apache.ratis.server.impl.LogAppender$AppenderDaemon$$Lambda$488/1062446665@3de28d13] ERROR ratis.XceiverServerRatis (XceiverServerRatis.java:triggerPipelineClose(575)) - pipeline Action CLOSE  on pipeline PipelineID=0865e9aa-3ec9-41d2-a431-a8cc8e72deea.Reason : 60c95f10-37ee-49eb-b84e-63ada232a784 has not seen follower/s 35e8f602-e85b-40b3-a2e8-9c7f2541a1dc for 132458ms 7ce2171e-d7bb-488f-b53c-71f230bd4ba7 for 132459ms
2019-09-18 17:25:46,082 [java.util.concurrent.ThreadPoolExecutor$Worker@290fd5ac[State = -1, empty queue]] WARN  server.GrpcLogAppender (GrpcLogAppender.java:timeoutAppendRequest(200)) - 60c95f10-37ee-49eb-b84e-63ada232a784@group-A8CC8E72DEEA->35e8f602-e85b-40b3-a2e8-9c7f2541a1dc-GrpcLogAppender: appendEntries Timeout, request=60c95f10-37ee-49eb-b84e-63ada232a784->35e8f602-e85b-40b3-a2e8-9c7f2541a1dc#64-t1, previous=(t:1, i:12), leaderCommit=6, initializing? false, entries: <empty>
2019-09-18 17:25:46,086 [java.util.concurrent.ThreadPoolExecutor$Worker@5aefd7b9[State = -1, empty queue]] WARN  server.GrpcLogAppender (GrpcLogAppender.java:timeoutAppendRequest(200)) - 60c95f10-37ee-49eb-b84e-63ada232a784@group-A8CC8E72DEEA->7ce2171e-d7bb-488f-b53c-71f230bd4ba7-GrpcLogAppender: appendEntries Timeout, request=60c95f10-37ee-49eb-b84e-63ada232a784->7ce2171e-d7bb-488f-b53c-71f230bd4ba7#64-t1, previous=(t:1, i:12), leaderCommit=6, initializing? false, entries: <empty>
2019-09-18 17:25:46,573 [EventQueue-PipelineActionsForPipelineActionHandler] ERROR pipeline.PipelineActionHandler (PipelineActionHandler.java:onMessage(60)) - Received pipeline action CLOSE for Pipeline[ Id: 0865e9aa-3ec9-41d2-a431-a8cc8e72deea, Nodes: 35e8f602-e85b-40b3-a2e8-9c7f2541a1dc{ip: 192.168.151.122, host: pr-hdds-2121-ltkqc-3926781246, networkLocation: /default-rack, certSerialId: null}60c95f10-37ee-49eb-b84e-63ada232a784{ip: 192.168.151.122, host: pr-hdds-2121-ltkqc-3926781246, networkLocation: /default-rack, certSerialId: null}7ce2171e-d7bb-488f-b53c-71f230bd4ba7{ip: 192.168.151.122, host: pr-hdds-2121-ltkqc-3926781246, networkLocation: /default-rack, certSerialId: null}, Type:RATIS, Factor:THREE, State:CLOSED] from datanode 60c95f10-37ee-49eb-b84e-63ada232a784{ip: 192.168.151.122, host: pr-hdds-2121-ltkqc-3926781246, networkLocation: /default-rack, certSerialId: null}. Reason : 60c95f10-37ee-49eb-b84e-63ada232a784 has not seen follower/s 35e8f602-e85b-40b3-a2e8-9c7f2541a1dc for 132454ms 7ce2171e-d7bb-488f-b53c-71f230bd4ba7 for 132455ms
2019-09-18 17:25:46,573 [EventQueue-PipelineActionsForPipelineActionHandler] INFO  pipeline.SCMPipelineManager (SCMPipelineManager.java:finalizeAndDestroyPipeline(311)) - destroying pipeline:Pipeline[ Id: 0865e9aa-3ec9-41d2-a431-a8cc8e72deea, Nodes: 35e8f602-e85b-40b3-a2e8-9c7f2541a1dc{ip: 192.168.151.122, host: pr-hdds-2121-ltkqc-3926781246, networkLocation: /default-rack, certSerialId: null}60c95f10-37ee-49eb-b84e-63ada232a784{ip: 192.168.151.122, host: pr-hdds-2121-ltkqc-3926781246, networkLocation: /default-rack, certSerialId: null}7ce2171e-d7bb-488f-b53c-71f230bd4ba7{ip: 192.168.151.122, host: pr-hdds-2121-ltkqc-3926781246, networkLocation: /default-rack, certSerialId: null}, Type:RATIS, Factor:THREE, State:CLOSED]
2019-09-18 17:25:48,084 [org.apache.ratis.server.impl.LogAppender$AppenderDaemon$$Lambda$488/1062446665@b69313d] ERROR ratis.XceiverServerRatis (XceiverServerRatis.java:triggerPipelineClose(575)) - pipeline Action CLOSE  on pipeline PipelineID=0865e9aa-3ec9-41d2-a431-a8cc8e72deea.Reason : 60c95f10-37ee-49eb-b84e-63ada232a784 has not seen follower/s 35e8f602-e85b-40b3-a2e8-9c7f2541a1dc for 134955ms 7ce2171e-d7bb-488f-b53c-71f230bd4ba7 for 134956ms
2019-09-18 17:25:48,088 [org.apache.ratis.server.impl.LogAppender$AppenderDaemon$$Lambda$488/1062446665@3de28d13] ERROR ratis.XceiverServerRatis (XceiverServerRatis.java:triggerPipelineClose(575)) - pipeline Action CLOSE  on pipeline PipelineID=0865e9aa-3ec9-41d2-a431-a8cc8e72deea.Reason : 60c95f10-37ee-49eb-b84e-63ada232a784 has not seen follower/s 35e8f602-e85b-40b3-a2e8-9c7f2541a1dc for 134959ms 7ce2171e-d7bb-488f-b53c-71f230bd4ba7 for 134960ms
2019-09-18 17:25:48,573 [EventQueue-PipelineActionsForPipelineActionHandler] ERROR pipeline.PipelineActionHandler (PipelineActionHandler.java:onMessage(60)) - Received pipeline action CLOSE for Pipeline[ Id: 0865e9aa-3ec9-41d2-a431-a8cc8e72deea, Nodes: 35e8f602-e85b-40b3-a2e8-9c7f2541a1dc{ip: 192.168.151.122, host: pr-hdds-2121-ltkqc-3926781246, networkLocation: /default-rack, certSerialId: null}60c95f10-37ee-49eb-b84e-63ada232a784{ip: 192.168.151.122, host: pr-hdds-2121-ltkqc-3926781246, networkLocation: /default-rack, certSerialId: null}7ce2171e-d7bb-488f-b53c-71f230bd4ba7{ip: 192.168.151.122, host: pr-hdds-2121-ltkqc-3926781246, networkLocation: /default-rack, certSerialId: null}, Type:RATIS, Factor:THREE, State:CLOSED] from datanode 60c95f10-37ee-49eb-b84e-63ada232a784{ip: 192.168.151.122, host: pr-hdds-2121-ltkqc-3926781246, networkLocation: /default-rack, certSerialId: null}. Reason : 60c95f10-37ee-49eb-b84e-63ada232a784 has not seen follower/s 35e8f602-e85b-40b3-a2e8-9c7f2541a1dc for 134955ms 7ce2171e-d7bb-488f-b53c-71f230bd4ba7 for 134956ms
2019-09-18 17:25:48,573 [EventQueue-PipelineActionsForPipelineActionHandler] INFO  pipeline.SCMPipelineManager (SCMPipelineManager.java:finalizeAndDestroyPipeline(311)) - destroying pipeline:Pipeline[ Id: 0865e9aa-3ec9-41d2-a431-a8cc8e72deea, Nodes: 35e8f602-e85b-40b3-a2e8-9c7f2541a1dc{ip: 192.168.151.122, host: pr-hdds-2121-ltkqc-3926781246, networkLocation: /default-rack, certSerialId: null}60c95f10-37ee-49eb-b84e-63ada232a784{ip: 192.168.151.122, host: pr-hdds-2121-ltkqc-3926781246, networkLocation: /default-rack, certSerialId: null}7ce2171e-d7bb-488f-b53c-71f230bd4ba7{ip: 192.168.151.122, host: pr-hdds-2121-ltkqc-3926781246, networkLocation: /default-rack, certSerialId: null}, Type:RATIS, Factor:THREE, State:CLOSED]
2019-09-18 17:25:48,583 [java.util.concurrent.ThreadPoolExecutor$Worker@290fd5ac[State = -1, empty queue]] WARN  server.GrpcLogAppender (GrpcLogAppender.java:timeoutAppendRequest(200)) - 60c95f10-37ee-49eb-b84e-63ada232a784@group-A8CC8E72DEEA->35e8f602-e85b-40b3-a2e8-9c7f2541a1dc-GrpcLogAppender: appendEntries Timeout, request=60c95f10-37ee-49eb-b84e-63ada232a784->35e8f602-e85b-40b3-a2e8-9c7f2541a1dc#65-t1, previous=(t:1, i:12), leaderCommit=6, initializing? false, entries: <empty>
2019-09-18 17:25:48,587 [java.util.concurrent.ThreadPoolExecutor$Worker@5aefd7b9[State = -1, empty queue]] WARN  server.GrpcLogAppender (GrpcLogAppender.java:timeoutAppendRequest(200)) - 60c95f10-37ee-49eb-b84e-63ada232a784@group-A8CC8E72DEEA->7ce2171e-d7bb-488f-b53c-71f230bd4ba7-GrpcLogAppender: appendEntries Timeout, request=60c95f10-37ee-49eb-b84e-63ada232a784->7ce2171e-d7bb-488f-b53c-71f230bd4ba7#65-t1, previous=(t:1, i:12), leaderCommit=6, initializing? false, entries: <empty>
2019-09-18 17:25:49,914 [grpc-default-executor-6] INFO  client.GrpcClientProtocolClient (GrpcClientProtocolClient.java:onNext(264)) - client-CFDC9F436A43->7ce2171e-d7bb-488f-b53c-71f230bd4ba7: receive RaftClientReply:client-CFDC9F436A43->7ce2171e-d7bb-488f-b53c-71f230bd4ba7@group-A8CC8E72DEEA, cid=16, FAILED org.apache.ratis.protocol.NotLeaderException: Server 7ce2171e-d7bb-488f-b53c-71f230bd4ba7@group-A8CC8E72DEEA is not the leader 60c95f10-37ee-49eb-b84e-63ada232a784:192.168.151.122:37895, logIndex=0, commits[7ce2171e-d7bb-488f-b53c-71f230bd4ba7:c6, 60c95f10-37ee-49eb-b84e-63ada232a784:c6, 35e8f602-e85b-40b3-a2e8-9c7f2541a1dc:c4]
2019-09-18 17:25:50,585 [org.apache.ratis.server.impl.LogAppender$AppenderDaemon$$Lambda$488/1062446665@b69313d] ERROR ratis.XceiverServerRatis (XceiverServerRatis.java:triggerPipelineClose(575)) - pipeline Action CLOSE  on pipeline PipelineID=0865e9aa-3ec9-41d2-a431-a8cc8e72deea.Reason : 60c95f10-37ee-49eb-b84e-63ada232a784 has not seen follower/s 35e8f602-e85b-40b3-a2e8-9c7f2541a1dc for 137456ms 7ce2171e-d7bb-488f-b53c-71f230bd4ba7 for 137457ms
2019-09-18 17:25:50,589 [org.apache.ratis.server.impl.LogAppender$AppenderDaemon$$Lambda$488/1062446665@3de28d13] ERROR ratis.XceiverServerRatis (XceiverServerRatis.java:triggerPipelineClose(575)) - pipeline Action CLOSE  on pipeline PipelineID=0865e9aa-3ec9-41d2-a431-a8cc8e72deea.Reason : 60c95f10-37ee-49eb-b84e-63ada232a784 has not seen follower/s 35e8f602-e85b-40b3-a2e8-9c7f2541a1dc for 137460ms 7ce2171e-d7bb-488f-b53c-71f230bd4ba7 for 137461ms
2019-09-18 17:25:51,084 [java.util.concurrent.ThreadPoolExecutor$Worker@290fd5ac[State = -1, empty queue]] WARN  server.GrpcLogAppender (GrpcLogAppender.java:timeoutAppendRequest(200)) - 60c95f10-37ee-49eb-b84e-63ada232a784@group-A8CC8E72DEEA->35e8f602-e85b-40b3-a2e8-9c7f2541a1dc-GrpcLogAppender: appendEntries Timeout, request=60c95f10-37ee-49eb-b84e-63ada232a784->35e8f602-e85b-40b3-a2e8-9c7f2541a1dc#66-t1, previous=(t:1, i:12), leaderCommit=6, initializing? false, entries: <empty>
2019-09-18 17:25:51,088 [java.util.concurrent.ThreadPoolExecutor$Worker@5aefd7b9[State = -1, empty queue]] WARN  server.GrpcLogAppender (GrpcLogAppender.java:timeoutAppendRequest(200)) - 60c95f10-37ee-49eb-b84e-63ada232a784@group-A8CC8E72DEEA->7ce2171e-d7bb-488f-b53c-71f230bd4ba7-GrpcLogAppender: appendEntries Timeout, request=60c95f10-37ee-49eb-b84e-63ada232a784->7ce2171e-d7bb-488f-b53c-71f230bd4ba7#66-t1, previous=(t:1, i:12), leaderCommit=6, initializing? false, entries: <empty>
2019-09-18 17:25:51,574 [EventQueue-PipelineActionsForPipelineActionHandler] ERROR pipeline.PipelineActionHandler (PipelineActionHandler.java:onMessage(60)) - Received pipeline action CLOSE for Pipeline[ Id: 0865e9aa-3ec9-41d2-a431-a8cc8e72deea, Nodes: 35e8f602-e85b-40b3-a2e8-9c7f2541a1dc{ip: 192.168.151.122, host: pr-hdds-2121-ltkqc-3926781246, networkLocation: /default-rack, certSerialId: null}60c95f10-37ee-49eb-b84e-63ada232a784{ip: 192.168.151.122, host: pr-hdds-2121-ltkqc-3926781246, networkLocation: /default-rack, certSerialId: null}7ce2171e-d7bb-488f-b53c-71f230bd4ba7{ip: 192.168.151.122, host: pr-hdds-2121-ltkqc-3926781246, networkLocation: /default-rack, certSerialId: null}, Type:RATIS, Factor:THREE, State:CLOSED] from datanode 60c95f10-37ee-49eb-b84e-63ada232a784{ip: 192.168.151.122, host: pr-hdds-2121-ltkqc-3926781246, networkLocation: /default-rack, certSerialId: null}. Reason : 60c95f10-37ee-49eb-b84e-63ada232a784 has not seen follower/s 35e8f602-e85b-40b3-a2e8-9c7f2541a1dc for 137456ms 7ce2171e-d7bb-488f-b53c-71f230bd4ba7 for 137457ms
2019-09-18 17:25:51,574 [EventQueue-PipelineActionsForPipelineActionHandler] INFO  pipeline.SCMPipelineManager (SCMPipelineManager.java:finalizeAndDestroyPipeline(311)) - destroying pipeline:Pipeline[ Id: 0865e9aa-3ec9-41d2-a431-a8cc8e72deea, Nodes: 35e8f602-e85b-40b3-a2e8-9c7f2541a1dc{ip: 192.168.151.122, host: pr-hdds-2121-ltkqc-3926781246, networkLocation: /default-rack, certSerialId: null}60c95f10-37ee-49eb-b84e-63ada232a784{ip: 192.168.151.122, host: pr-hdds-2121-ltkqc-3926781246, networkLocation: /default-rack, certSerialId: null}7ce2171e-d7bb-488f-b53c-71f230bd4ba7{ip: 192.168.151.122, host: pr-hdds-2121-ltkqc-3926781246, networkLocation: /default-rack, certSerialId: null}, Type:RATIS, Factor:THREE, State:CLOSED]
2019-09-18 17:25:53,087 [org.apache.ratis.server.impl.LogAppender$AppenderDaemon$$Lambda$488/1062446665@b69313d] ERROR ratis.XceiverServerRatis (XceiverServerRatis.java:triggerPipelineClose(575)) - pipeline Action CLOSE  on pipeline PipelineID=0865e9aa-3ec9-41d2-a431-a8cc8e72deea.Reason : 60c95f10-37ee-49eb-b84e-63ada232a784 has not seen follower/s 35e8f602-e85b-40b3-a2e8-9c7f2541a1dc for 139958ms 7ce2171e-d7bb-488f-b53c-71f230bd4ba7 for 139959ms
2019-09-18 17:25:53,091 [org.apache.ratis.server.impl.LogAppender$AppenderDaemon$$Lambda$488/1062446665@3de28d13] ERROR ratis.XceiverServerRatis (XceiverServerRatis.java:triggerPipelineClose(575)) - pipeline Action CLOSE  on pipeline PipelineID=0865e9aa-3ec9-41d2-a431-a8cc8e72deea.Reason : 60c95f10-37ee-49eb-b84e-63ada232a784 has not seen follower/s 35e8f602-e85b-40b3-a2e8-9c7f2541a1dc for 139962ms 7ce2171e-d7bb-488f-b53c-71f230bd4ba7 for 139962ms
2019-09-18 17:25:53,391 [7ce2171e-d7bb-488f-b53c-71f230bd4ba7@group-A8CC8E72DEEA-SegmentedRaftLogWorker] WARN  segmented.SegmentedRaftLogWorker (SegmentedRaftLogWorker.java:getFromFuture(90)) - Timeout 13/~
org.apache.ratis.protocol.TimeoutIOException: Timeout 10s: WriteLog:7: (t:1, i:7), STATEMACHINELOGENTRY, client-CFDC9F436A43, cid=16-writeStateMachineData
	at org.apache.ratis.util.IOUtils.getFromFuture(IOUtils.java:87)
	at org.apache.ratis.server.raftlog.segmented.SegmentedRaftLogWorker$StateMachineDataPolicy.getFromFuture(SegmentedRaftLogWorker.java:87)
	at org.apache.ratis.server.raftlog.segmented.SegmentedRaftLogWorker$WriteLog.execute(SegmentedRaftLogWorker.java:477)
	at org.apache.ratis.server.raftlog.segmented.SegmentedRaftLogWorker.run(SegmentedRaftLogWorker.java:289)
	at java.lang.Thread.run(Thread.java:748)
Caused by: java.util.concurrent.TimeoutException
	at java.util.concurrent.CompletableFuture.timedGet(CompletableFuture.java:1771)
	at java.util.concurrent.CompletableFuture.get(CompletableFuture.java:1915)
	at org.apache.ratis.util.IOUtils.getFromFuture(IOUtils.java:79)
	... 4 more
2019-09-18 17:25:53,554 [60c95f10-37ee-49eb-b84e-63ada232a784@group-A8CC8E72DEEA-SegmentedRaftLogWorker] WARN  segmented.SegmentedRaftLogWorker (SegmentedRaftLogWorker.java:getFromFuture(90)) - Timeout 13/~
org.apache.ratis.protocol.TimeoutIOException: Timeout 10s: WriteLog:8: (t:1, i:8), STATEMACHINELOGENTRY, client-CFDC9F436A43, cid=17-writeStateMachineData
	at org.apache.ratis.util.IOUtils.getFromFuture(IOUtils.java:87)
	at org.apache.ratis.server.raftlog.segmented.SegmentedRaftLogWorker$StateMachineDataPolicy.getFromFuture(SegmentedRaftLogWorker.java:87)
	at org.apache.ratis.server.raftlog.segmented.SegmentedRaftLogWorker$WriteLog.execute(SegmentedRaftLogWorker.java:477)
	at org.apache.ratis.server.raftlog.segmented.SegmentedRaftLogWorker.run(SegmentedRaftLogWorker.java:289)
	at java.lang.Thread.run(Thread.java:748)
Caused by: java.util.concurrent.TimeoutException
	at java.util.concurrent.CompletableFuture.timedGet(CompletableFuture.java:1771)
	at java.util.concurrent.CompletableFuture.get(CompletableFuture.java:1915)
	at org.apache.ratis.util.IOUtils.getFromFuture(IOUtils.java:79)
	... 4 more
2019-09-18 17:25:53,555 [35e8f602-e85b-40b3-a2e8-9c7f2541a1dc@group-A8CC8E72DEEA-SegmentedRaftLogWorker] WARN  segmented.SegmentedRaftLogWorker (SegmentedRaftLogWorker.java:getFromFuture(90)) - Timeout 13/~
org.apache.ratis.protocol.TimeoutIOException: Timeout 10s: WriteLog:10: (t:1, i:10), STATEMACHINELOGENTRY, client-CFDC9F436A43, cid=19-writeStateMachineData
	at org.apache.ratis.util.IOUtils.getFromFuture(IOUtils.java:87)
	at org.apache.ratis.server.raftlog.segmented.SegmentedRaftLogWorker$StateMachineDataPolicy.getFromFuture(SegmentedRaftLogWorker.java:87)
	at org.apache.ratis.server.raftlog.segmented.SegmentedRaftLogWorker$WriteLog.execute(SegmentedRaftLogWorker.java:477)
	at org.apache.ratis.server.raftlog.segmented.SegmentedRaftLogWorker.run(SegmentedRaftLogWorker.java:289)
	at java.lang.Thread.run(Thread.java:748)
Caused by: java.util.concurrent.TimeoutException
	at java.util.concurrent.CompletableFuture.timedGet(CompletableFuture.java:1771)
	at java.util.concurrent.CompletableFuture.get(CompletableFuture.java:1915)
	at org.apache.ratis.util.IOUtils.getFromFuture(IOUtils.java:79)
	... 4 more
2019-09-18 17:25:53,575 [EventQueue-PipelineActionsForPipelineActionHandler] ERROR pipeline.PipelineActionHandler (PipelineActionHandler.java:onMessage(60)) - Received pipeline action CLOSE for Pipeline[ Id: 0865e9aa-3ec9-41d2-a431-a8cc8e72deea, Nodes: 35e8f602-e85b-40b3-a2e8-9c7f2541a1dc{ip: 192.168.151.122, host: pr-hdds-2121-ltkqc-3926781246, networkLocation: /default-rack, certSerialId: null}60c95f10-37ee-49eb-b84e-63ada232a784{ip: 192.168.151.122, host: pr-hdds-2121-ltkqc-3926781246, networkLocation: /default-rack, certSerialId: null}7ce2171e-d7bb-488f-b53c-71f230bd4ba7{ip: 192.168.151.122, host: pr-hdds-2121-ltkqc-3926781246, networkLocation: /default-rack, certSerialId: null}, Type:RATIS, Factor:THREE, State:CLOSED] from datanode 60c95f10-37ee-49eb-b84e-63ada232a784{ip: 192.168.151.122, host: pr-hdds-2121-ltkqc-3926781246, networkLocation: /default-rack, certSerialId: null}. Reason : 60c95f10-37ee-49eb-b84e-63ada232a784 has not seen follower/s 35e8f602-e85b-40b3-a2e8-9c7f2541a1dc for 139958ms 7ce2171e-d7bb-488f-b53c-71f230bd4ba7 for 139959ms
2019-09-18 17:25:53,575 [EventQueue-PipelineActionsForPipelineActionHandler] INFO  pipeline.SCMPipelineManager (SCMPipelineManager.java:finalizeAndDestroyPipeline(311)) - destroying pipeline:Pipeline[ Id: 0865e9aa-3ec9-41d2-a431-a8cc8e72deea, Nodes: 35e8f602-e85b-40b3-a2e8-9c7f2541a1dc{ip: 192.168.151.122, host: pr-hdds-2121-ltkqc-3926781246, networkLocation: /default-rack, certSerialId: null}60c95f10-37ee-49eb-b84e-63ada232a784{ip: 192.168.151.122, host: pr-hdds-2121-ltkqc-3926781246, networkLocation: /default-rack, certSerialId: null}7ce2171e-d7bb-488f-b53c-71f230bd4ba7{ip: 192.168.151.122, host: pr-hdds-2121-ltkqc-3926781246, networkLocation: /default-rack, certSerialId: null}, Type:RATIS, Factor:THREE, State:CLOSED]
2019-09-18 17:25:53,585 [java.util.concurrent.ThreadPoolExecutor$Worker@290fd5ac[State = -1, empty queue]] WARN  server.GrpcLogAppender (GrpcLogAppender.java:timeoutAppendRequest(200)) - 60c95f10-37ee-49eb-b84e-63ada232a784@group-A8CC8E72DEEA->35e8f602-e85b-40b3-a2e8-9c7f2541a1dc-GrpcLogAppender: appendEntries Timeout, request=60c95f10-37ee-49eb-b84e-63ada232a784->35e8f602-e85b-40b3-a2e8-9c7f2541a1dc#67-t1, previous=(t:1, i:12), leaderCommit=6, initializing? false, entries: <empty>
2019-09-18 17:25:53,589 [java.util.concurrent.ThreadPoolExecutor$Worker@5aefd7b9[State = -1, empty queue]] WARN  server.GrpcLogAppender (GrpcLogAppender.java:timeoutAppendRequest(200)) - 60c95f10-37ee-49eb-b84e-63ada232a784@group-A8CC8E72DEEA->7ce2171e-d7bb-488f-b53c-71f230bd4ba7-GrpcLogAppender: appendEntries Timeout, request=60c95f10-37ee-49eb-b84e-63ada232a784->7ce2171e-d7bb-488f-b53c-71f230bd4ba7#67-t1, previous=(t:1, i:12), leaderCommit=6, initializing? false, entries: <empty>
2019-09-18 17:25:54,969 [grpc-default-executor-4] INFO  client.GrpcClientProtocolClient (GrpcClientProtocolClient.java:onNext(264)) - client-CFDC9F436A43->35e8f602-e85b-40b3-a2e8-9c7f2541a1dc: receive RaftClientReply:client-CFDC9F436A43->35e8f602-e85b-40b3-a2e8-9c7f2541a1dc@group-A8CC8E72DEEA, cid=16, FAILED org.apache.ratis.protocol.NotLeaderException: Server 35e8f602-e85b-40b3-a2e8-9c7f2541a1dc@group-A8CC8E72DEEA is not the leader 60c95f10-37ee-49eb-b84e-63ada232a784:192.168.151.122:37895, logIndex=0, commits[35e8f602-e85b-40b3-a2e8-9c7f2541a1dc:c6, 60c95f10-37ee-49eb-b84e-63ada232a784:c6, 7ce2171e-d7bb-488f-b53c-71f230bd4ba7:c4]
2019-09-18 17:25:55,592 [org.apache.ratis.server.impl.LogAppender$AppenderDaemon$$Lambda$488/1062446665@3de28d13] ERROR ratis.XceiverServerRatis (XceiverServerRatis.java:triggerPipelineClose(575)) - pipeline Action CLOSE  on pipeline PipelineID=0865e9aa-3ec9-41d2-a431-a8cc8e72deea.Reason : 60c95f10-37ee-49eb-b84e-63ada232a784 has not seen follower/s 35e8f602-e85b-40b3-a2e8-9c7f2541a1dc for 142463ms 7ce2171e-d7bb-488f-b53c-71f230bd4ba7 for 142463ms
2019-09-18 17:25:55,600 [org.apache.ratis.server.impl.LogAppender$AppenderDaemon$$Lambda$488/1062446665@b69313d] ERROR ratis.XceiverServerRatis (XceiverServerRatis.java:triggerPipelineClose(575)) - pipeline Action CLOSE  on pipeline PipelineID=0865e9aa-3ec9-41d2-a431-a8cc8e72deea.Reason : 60c95f10-37ee-49eb-b84e-63ada232a784 has not seen follower/s 35e8f602-e85b-40b3-a2e8-9c7f2541a1dc for 142471ms 7ce2171e-d7bb-488f-b53c-71f230bd4ba7 for 142471ms
2019-09-18 17:25:56,087 [java.util.concurrent.ThreadPoolExecutor$Worker@290fd5ac[State = -1, empty queue]] WARN  server.GrpcLogAppender (GrpcLogAppender.java:timeoutAppendRequest(200)) - 60c95f10-37ee-49eb-b84e-63ada232a784@group-A8CC8E72DEEA->35e8f602-e85b-40b3-a2e8-9c7f2541a1dc-GrpcLogAppender: appendEntries Timeout, request=60c95f10-37ee-49eb-b84e-63ada232a784->35e8f602-e85b-40b3-a2e8-9c7f2541a1dc#68-t1, previous=(t:1, i:12), leaderCommit=6, initializing? false, entries: <empty>
2019-09-18 17:25:56,091 [java.util.concurrent.ThreadPoolExecutor$Worker@5aefd7b9[State = -1, empty queue]] WARN  server.GrpcLogAppender (GrpcLogAppender.java:timeoutAppendRequest(200)) - 60c95f10-37ee-49eb-b84e-63ada232a784@group-A8CC8E72DEEA->7ce2171e-d7bb-488f-b53c-71f230bd4ba7-GrpcLogAppender: appendEntries Timeout, request=60c95f10-37ee-49eb-b84e-63ada232a784->7ce2171e-d7bb-488f-b53c-71f230bd4ba7#68-t1, previous=(t:1, i:12), leaderCommit=6, initializing? false, entries: <empty>
2019-09-18 17:25:56,577 [EventQueue-PipelineActionsForPipelineActionHandler] ERROR pipeline.PipelineActionHandler (PipelineActionHandler.java:onMessage(60)) - Received pipeline action CLOSE for Pipeline[ Id: 0865e9aa-3ec9-41d2-a431-a8cc8e72deea, Nodes: 35e8f602-e85b-40b3-a2e8-9c7f2541a1dc{ip: 192.168.151.122, host: pr-hdds-2121-ltkqc-3926781246, networkLocation: /default-rack, certSerialId: null}60c95f10-37ee-49eb-b84e-63ada232a784{ip: 192.168.151.122, host: pr-hdds-2121-ltkqc-3926781246, networkLocation: /default-rack, certSerialId: null}7ce2171e-d7bb-488f-b53c-71f230bd4ba7{ip: 192.168.151.122, host: pr-hdds-2121-ltkqc-3926781246, networkLocation: /default-rack, certSerialId: null}, Type:RATIS, Factor:THREE, State:CLOSED] from datanode 60c95f10-37ee-49eb-b84e-63ada232a784{ip: 192.168.151.122, host: pr-hdds-2121-ltkqc-3926781246, networkLocation: /default-rack, certSerialId: null}. Reason : 60c95f10-37ee-49eb-b84e-63ada232a784 has not seen follower/s 35e8f602-e85b-40b3-a2e8-9c7f2541a1dc for 142463ms 7ce2171e-d7bb-488f-b53c-71f230bd4ba7 for 142463ms
2019-09-18 17:25:56,577 [EventQueue-PipelineActionsForPipelineActionHandler] INFO  pipeline.SCMPipelineManager (SCMPipelineManager.java:finalizeAndDestroyPipeline(311)) - destroying pipeline:Pipeline[ Id: 0865e9aa-3ec9-41d2-a431-a8cc8e72deea, Nodes: 35e8f602-e85b-40b3-a2e8-9c7f2541a1dc{ip: 192.168.151.122, host: pr-hdds-2121-ltkqc-3926781246, networkLocation: /default-rack, certSerialId: null}60c95f10-37ee-49eb-b84e-63ada232a784{ip: 192.168.151.122, host: pr-hdds-2121-ltkqc-3926781246, networkLocation: /default-rack, certSerialId: null}7ce2171e-d7bb-488f-b53c-71f230bd4ba7{ip: 192.168.151.122, host: pr-hdds-2121-ltkqc-3926781246, networkLocation: /default-rack, certSerialId: null}, Type:RATIS, Factor:THREE, State:CLOSED]
2019-09-18 17:25:58,094 [org.apache.ratis.server.impl.LogAppender$AppenderDaemon$$Lambda$488/1062446665@3de28d13] ERROR ratis.XceiverServerRatis (XceiverServerRatis.java:triggerPipelineClose(575)) - pipeline Action CLOSE  on pipeline PipelineID=0865e9aa-3ec9-41d2-a431-a8cc8e72deea.Reason : 60c95f10-37ee-49eb-b84e-63ada232a784 has not seen follower/s 35e8f602-e85b-40b3-a2e8-9c7f2541a1dc for 144965ms 7ce2171e-d7bb-488f-b53c-71f230bd4ba7 for 144966ms
2019-09-18 17:25:58,101 [org.apache.ratis.server.impl.LogAppender$AppenderDaemon$$Lambda$488/1062446665@b69313d] ERROR ratis.XceiverServerRatis (XceiverServerRatis.java:triggerPipelineClose(575)) - pipeline Action CLOSE  on pipeline PipelineID=0865e9aa-3ec9-41d2-a431-a8cc8e72deea.Reason : 60c95f10-37ee-49eb-b84e-63ada232a784 has not seen follower/s 35e8f602-e85b-40b3-a2e8-9c7f2541a1dc for 144972ms 7ce2171e-d7bb-488f-b53c-71f230bd4ba7 for 144972ms
2019-09-18 17:25:58,577 [EventQueue-PipelineActionsForPipelineActionHandler] ERROR pipeline.PipelineActionHandler (PipelineActionHandler.java:onMessage(60)) - Received pipeline action CLOSE for Pipeline[ Id: 0865e9aa-3ec9-41d2-a431-a8cc8e72deea, Nodes: 35e8f602-e85b-40b3-a2e8-9c7f2541a1dc{ip: 192.168.151.122, host: pr-hdds-2121-ltkqc-3926781246, networkLocation: /default-rack, certSerialId: null}60c95f10-37ee-49eb-b84e-63ada232a784{ip: 192.168.151.122, host: pr-hdds-2121-ltkqc-3926781246, networkLocation: /default-rack, certSerialId: null}7ce2171e-d7bb-488f-b53c-71f230bd4ba7{ip: 192.168.151.122, host: pr-hdds-2121-ltkqc-3926781246, networkLocation: /default-rack, certSerialId: null}, Type:RATIS, Factor:THREE, State:CLOSED] from datanode 60c95f10-37ee-49eb-b84e-63ada232a784{ip: 192.168.151.122, host: pr-hdds-2121-ltkqc-3926781246, networkLocation: /default-rack, certSerialId: null}. Reason : 60c95f10-37ee-49eb-b84e-63ada232a784 has not seen follower/s 35e8f602-e85b-40b3-a2e8-9c7f2541a1dc for 144965ms 7ce2171e-d7bb-488f-b53c-71f230bd4ba7 for 144966ms
2019-09-18 17:25:58,577 [EventQueue-PipelineActionsForPipelineActionHandler] INFO  pipeline.SCMPipelineManager (SCMPipelineManager.java:finalizeAndDestroyPipeline(311)) - destroying pipeline:Pipeline[ Id: 0865e9aa-3ec9-41d2-a431-a8cc8e72deea, Nodes: 35e8f602-e85b-40b3-a2e8-9c7f2541a1dc{ip: 192.168.151.122, host: pr-hdds-2121-ltkqc-3926781246, networkLocation: /default-rack, certSerialId: null}60c95f10-37ee-49eb-b84e-63ada232a784{ip: 192.168.151.122, host: pr-hdds-2121-ltkqc-3926781246, networkLocation: /default-rack, certSerialId: null}7ce2171e-d7bb-488f-b53c-71f230bd4ba7{ip: 192.168.151.122, host: pr-hdds-2121-ltkqc-3926781246, networkLocation: /default-rack, certSerialId: null}, Type:RATIS, Factor:THREE, State:CLOSED]
2019-09-18 17:25:58,592 [java.util.concurrent.ThreadPoolExecutor$Worker@5aefd7b9[State = -1, empty queue]] WARN  server.GrpcLogAppender (GrpcLogAppender.java:timeoutAppendRequest(200)) - 60c95f10-37ee-49eb-b84e-63ada232a784@group-A8CC8E72DEEA->7ce2171e-d7bb-488f-b53c-71f230bd4ba7-GrpcLogAppender: appendEntries Timeout, request=60c95f10-37ee-49eb-b84e-63ada232a784->7ce2171e-d7bb-488f-b53c-71f230bd4ba7#69-t1, previous=(t:1, i:12), leaderCommit=6, initializing? false, entries: <empty>
2019-09-18 17:25:58,600 [java.util.concurrent.ThreadPoolExecutor$Worker@290fd5ac[State = -1, empty queue]] WARN  server.GrpcLogAppender (GrpcLogAppender.java:timeoutAppendRequest(200)) - 60c95f10-37ee-49eb-b84e-63ada232a784@group-A8CC8E72DEEA->35e8f602-e85b-40b3-a2e8-9c7f2541a1dc-GrpcLogAppender: appendEntries Timeout, request=60c95f10-37ee-49eb-b84e-63ada232a784->35e8f602-e85b-40b3-a2e8-9c7f2541a1dc#69-t1, previous=(t:1, i:12), leaderCommit=6, initializing? false, entries: <empty>
2019-09-18 17:26:00,054 [grpc-default-executor-4] INFO  client.GrpcClientProtocolClient (GrpcClientProtocolClient.java:onNext(264)) - client-CFDC9F436A43->35e8f602-e85b-40b3-a2e8-9c7f2541a1dc: receive RaftClientReply:client-CFDC9F436A43->35e8f602-e85b-40b3-a2e8-9c7f2541a1dc@group-A8CC8E72DEEA, cid=16, FAILED org.apache.ratis.protocol.NotLeaderException: Server 35e8f602-e85b-40b3-a2e8-9c7f2541a1dc@group-A8CC8E72DEEA is not the leader 60c95f10-37ee-49eb-b84e-63ada232a784:192.168.151.122:37895, logIndex=0, commits[35e8f602-e85b-40b3-a2e8-9c7f2541a1dc:c6, 60c95f10-37ee-49eb-b84e-63ada232a784:c6, 7ce2171e-d7bb-488f-b53c-71f230bd4ba7:c4]
2019-09-18 17:26:00,595 [org.apache.ratis.server.impl.LogAppender$AppenderDaemon$$Lambda$488/1062446665@3de28d13] ERROR ratis.XceiverServerRatis (XceiverServerRatis.java:triggerPipelineClose(575)) - pipeline Action CLOSE  on pipeline PipelineID=0865e9aa-3ec9-41d2-a431-a8cc8e72deea.Reason : 60c95f10-37ee-49eb-b84e-63ada232a784 has not seen follower/s 35e8f602-e85b-40b3-a2e8-9c7f2541a1dc for 147466ms 7ce2171e-d7bb-488f-b53c-71f230bd4ba7 for 147466ms
2019-09-18 17:26:00,602 [org.apache.ratis.server.impl.LogAppender$AppenderDaemon$$Lambda$488/1062446665@b69313d] ERROR ratis.XceiverServerRatis (XceiverServerRatis.java:triggerPipelineClose(575)) - pipeline Action CLOSE  on pipeline PipelineID=0865e9aa-3ec9-41d2-a431-a8cc8e72deea.Reason : 60c95f10-37ee-49eb-b84e-63ada232a784 has not seen follower/s 35e8f602-e85b-40b3-a2e8-9c7f2541a1dc for 147473ms 7ce2171e-d7bb-488f-b53c-71f230bd4ba7 for 147473ms
2019-09-18 17:26:01,094 [java.util.concurrent.ThreadPoolExecutor$Worker@5aefd7b9[State = -1, empty queue]] WARN  server.GrpcLogAppender (GrpcLogAppender.java:timeoutAppendRequest(200)) - 60c95f10-37ee-49eb-b84e-63ada232a784@group-A8CC8E72DEEA->7ce2171e-d7bb-488f-b53c-71f230bd4ba7-GrpcLogAppender: appendEntries Timeout, request=60c95f10-37ee-49eb-b84e-63ada232a784->7ce2171e-d7bb-488f-b53c-71f230bd4ba7#70-t1, previous=(t:1, i:12), leaderCommit=6, initializing? false, entries: <empty>
2019-09-18 17:26:01,101 [java.util.concurrent.ThreadPoolExecutor$Worker@290fd5ac[State = -1, empty queue]] WARN  server.GrpcLogAppender (GrpcLogAppender.java:timeoutAppendRequest(200)) - 60c95f10-37ee-49eb-b84e-63ada232a784@group-A8CC8E72DEEA->35e8f602-e85b-40b3-a2e8-9c7f2541a1dc-GrpcLogAppender: appendEntries Timeout, request=60c95f10-37ee-49eb-b84e-63ada232a784->35e8f602-e85b-40b3-a2e8-9c7f2541a1dc#70-t1, previous=(t:1, i:12), leaderCommit=6, initializing? false, entries: <empty>
2019-09-18 17:26:01,578 [EventQueue-PipelineActionsForPipelineActionHandler] ERROR pipeline.PipelineActionHandler (PipelineActionHandler.java:onMessage(60)) - Received pipeline action CLOSE for Pipeline[ Id: 0865e9aa-3ec9-41d2-a431-a8cc8e72deea, Nodes: 35e8f602-e85b-40b3-a2e8-9c7f2541a1dc{ip: 192.168.151.122, host: pr-hdds-2121-ltkqc-3926781246, networkLocation: /default-rack, certSerialId: null}60c95f10-37ee-49eb-b84e-63ada232a784{ip: 192.168.151.122, host: pr-hdds-2121-ltkqc-3926781246, networkLocation: /default-rack, certSerialId: null}7ce2171e-d7bb-488f-b53c-71f230bd4ba7{ip: 192.168.151.122, host: pr-hdds-2121-ltkqc-3926781246, networkLocation: /default-rack, certSerialId: null}, Type:RATIS, Factor:THREE, State:CLOSED] from datanode 60c95f10-37ee-49eb-b84e-63ada232a784{ip: 192.168.151.122, host: pr-hdds-2121-ltkqc-3926781246, networkLocation: /default-rack, certSerialId: null}. Reason : 60c95f10-37ee-49eb-b84e-63ada232a784 has not seen follower/s 35e8f602-e85b-40b3-a2e8-9c7f2541a1dc for 147466ms 7ce2171e-d7bb-488f-b53c-71f230bd4ba7 for 147466ms
2019-09-18 17:26:01,578 [EventQueue-PipelineActionsForPipelineActionHandler] INFO  pipeline.SCMPipelineManager (SCMPipelineManager.java:finalizeAndDestroyPipeline(311)) - destroying pipeline:Pipeline[ Id: 0865e9aa-3ec9-41d2-a431-a8cc8e72deea, Nodes: 35e8f602-e85b-40b3-a2e8-9c7f2541a1dc{ip: 192.168.151.122, host: pr-hdds-2121-ltkqc-3926781246, networkLocation: /default-rack, certSerialId: null}60c95f10-37ee-49eb-b84e-63ada232a784{ip: 192.168.151.122, host: pr-hdds-2121-ltkqc-3926781246, networkLocation: /default-rack, certSerialId: null}7ce2171e-d7bb-488f-b53c-71f230bd4ba7{ip: 192.168.151.122, host: pr-hdds-2121-ltkqc-3926781246, networkLocation: /default-rack, certSerialId: null}, Type:RATIS, Factor:THREE, State:CLOSED]
2019-09-18 17:26:03,096 [org.apache.ratis.server.impl.LogAppender$AppenderDaemon$$Lambda$488/1062446665@3de28d13] ERROR ratis.XceiverServerRatis (XceiverServerRatis.java:triggerPipelineClose(575)) - pipeline Action CLOSE  on pipeline PipelineID=0865e9aa-3ec9-41d2-a431-a8cc8e72deea.Reason : 60c95f10-37ee-49eb-b84e-63ada232a784 has not seen follower/s 35e8f602-e85b-40b3-a2e8-9c7f2541a1dc for 149967ms 7ce2171e-d7bb-488f-b53c-71f230bd4ba7 for 149968ms
2019-09-18 17:26:03,102 [org.apache.ratis.server.impl.LogAppender$AppenderDaemon$$Lambda$488/1062446665@b69313d] ERROR ratis.XceiverServerRatis (XceiverServerRatis.java:triggerPipelineClose(575)) - pipeline Action CLOSE  on pipeline PipelineID=0865e9aa-3ec9-41d2-a431-a8cc8e72deea.Reason : 60c95f10-37ee-49eb-b84e-63ada232a784 has not seen follower/s 35e8f602-e85b-40b3-a2e8-9c7f2541a1dc for 149974ms 7ce2171e-d7bb-488f-b53c-71f230bd4ba7 for 149974ms
2019-09-18 17:26:03,392 [7ce2171e-d7bb-488f-b53c-71f230bd4ba7@group-A8CC8E72DEEA-SegmentedRaftLogWorker] WARN  segmented.SegmentedRaftLogWorker (SegmentedRaftLogWorker.java:getFromFuture(90)) - Timeout 14/~
org.apache.ratis.protocol.TimeoutIOException: Timeout 10s: WriteLog:7: (t:1, i:7), STATEMACHINELOGENTRY, client-CFDC9F436A43, cid=16-writeStateMachineData
	at org.apache.ratis.util.IOUtils.getFromFuture(IOUtils.java:87)
	at org.apache.ratis.server.raftlog.segmented.SegmentedRaftLogWorker$StateMachineDataPolicy.getFromFuture(SegmentedRaftLogWorker.java:87)
	at org.apache.ratis.server.raftlog.segmented.SegmentedRaftLogWorker$WriteLog.execute(SegmentedRaftLogWorker.java:477)
	at org.apache.ratis.server.raftlog.segmented.SegmentedRaftLogWorker.run(SegmentedRaftLogWorker.java:289)
	at java.lang.Thread.run(Thread.java:748)
Caused by: java.util.concurrent.TimeoutException
	at java.util.concurrent.CompletableFuture.timedGet(CompletableFuture.java:1771)
	at java.util.concurrent.CompletableFuture.get(CompletableFuture.java:1915)
	at org.apache.ratis.util.IOUtils.getFromFuture(IOUtils.java:79)
	... 4 more
2019-09-18 17:26:03,555 [60c95f10-37ee-49eb-b84e-63ada232a784@group-A8CC8E72DEEA-SegmentedRaftLogWorker] WARN  segmented.SegmentedRaftLogWorker (SegmentedRaftLogWorker.java:getFromFuture(90)) - Timeout 14/~
org.apache.ratis.protocol.TimeoutIOException: Timeout 10s: WriteLog:8: (t:1, i:8), STATEMACHINELOGENTRY, client-CFDC9F436A43, cid=17-writeStateMachineData
	at org.apache.ratis.util.IOUtils.getFromFuture(IOUtils.java:87)
	at org.apache.ratis.server.raftlog.segmented.SegmentedRaftLogWorker$StateMachineDataPolicy.getFromFuture(SegmentedRaftLogWorker.java:87)
	at org.apache.ratis.server.raftlog.segmented.SegmentedRaftLogWorker$WriteLog.execute(SegmentedRaftLogWorker.java:477)
	at org.apache.ratis.server.raftlog.segmented.SegmentedRaftLogWorker.run(SegmentedRaftLogWorker.java:289)
	at java.lang.Thread.run(Thread.java:748)
Caused by: java.util.concurrent.TimeoutException
	at java.util.concurrent.CompletableFuture.timedGet(CompletableFuture.java:1771)
	at java.util.concurrent.CompletableFuture.get(CompletableFuture.java:1915)
	at org.apache.ratis.util.IOUtils.getFromFuture(IOUtils.java:79)
	... 4 more
2019-09-18 17:26:03,556 [35e8f602-e85b-40b3-a2e8-9c7f2541a1dc@group-A8CC8E72DEEA-SegmentedRaftLogWorker] WARN  segmented.SegmentedRaftLogWorker (SegmentedRaftLogWorker.java:getFromFuture(90)) - Timeout 14/~
org.apache.ratis.protocol.TimeoutIOException: Timeout 10s: WriteLog:10: (t:1, i:10), STATEMACHINELOGENTRY, client-CFDC9F436A43, cid=19-writeStateMachineData
	at org.apache.ratis.util.IOUtils.getFromFuture(IOUtils.java:87)
	at org.apache.ratis.server.raftlog.segmented.SegmentedRaftLogWorker$StateMachineDataPolicy.getFromFuture(SegmentedRaftLogWorker.java:87)
	at org.apache.ratis.server.raftlog.segmented.SegmentedRaftLogWorker$WriteLog.execute(SegmentedRaftLogWorker.java:477)
	at org.apache.ratis.server.raftlog.segmented.SegmentedRaftLogWorker.run(SegmentedRaftLogWorker.java:289)
	at java.lang.Thread.run(Thread.java:748)
Caused by: java.util.concurrent.TimeoutException
	at java.util.concurrent.CompletableFuture.timedGet(CompletableFuture.java:1771)
	at java.util.concurrent.CompletableFuture.get(CompletableFuture.java:1915)
	at org.apache.ratis.util.IOUtils.getFromFuture(IOUtils.java:79)
	... 4 more
2019-09-18 17:26:03,577 [EventQueue-PipelineActionsForPipelineActionHandler] ERROR pipeline.PipelineActionHandler (PipelineActionHandler.java:onMessage(60)) - Received pipeline action CLOSE for Pipeline[ Id: 0865e9aa-3ec9-41d2-a431-a8cc8e72deea, Nodes: 35e8f602-e85b-40b3-a2e8-9c7f2541a1dc{ip: 192.168.151.122, host: pr-hdds-2121-ltkqc-3926781246, networkLocation: /default-rack, certSerialId: null}60c95f10-37ee-49eb-b84e-63ada232a784{ip: 192.168.151.122, host: pr-hdds-2121-ltkqc-3926781246, networkLocation: /default-rack, certSerialId: null}7ce2171e-d7bb-488f-b53c-71f230bd4ba7{ip: 192.168.151.122, host: pr-hdds-2121-ltkqc-3926781246, networkLocation: /default-rack, certSerialId: null}, Type:RATIS, Factor:THREE, State:CLOSED] from datanode 60c95f10-37ee-49eb-b84e-63ada232a784{ip: 192.168.151.122, host: pr-hdds-2121-ltkqc-3926781246, networkLocation: /default-rack, certSerialId: null}. Reason : 60c95f10-37ee-49eb-b84e-63ada232a784 has not seen follower/s 35e8f602-e85b-40b3-a2e8-9c7f2541a1dc for 149967ms 7ce2171e-d7bb-488f-b53c-71f230bd4ba7 for 149968ms
2019-09-18 17:26:03,578 [EventQueue-PipelineActionsForPipelineActionHandler] INFO  pipeline.SCMPipelineManager (SCMPipelineManager.java:finalizeAndDestroyPipeline(311)) - destroying pipeline:Pipeline[ Id: 0865e9aa-3ec9-41d2-a431-a8cc8e72deea, Nodes: 35e8f602-e85b-40b3-a2e8-9c7f2541a1dc{ip: 192.168.151.122, host: pr-hdds-2121-ltkqc-3926781246, networkLocation: /default-rack, certSerialId: null}60c95f10-37ee-49eb-b84e-63ada232a784{ip: 192.168.151.122, host: pr-hdds-2121-ltkqc-3926781246, networkLocation: /default-rack, certSerialId: null}7ce2171e-d7bb-488f-b53c-71f230bd4ba7{ip: 192.168.151.122, host: pr-hdds-2121-ltkqc-3926781246, networkLocation: /default-rack, certSerialId: null}, Type:RATIS, Factor:THREE, State:CLOSED]
2019-09-18 17:26:03,595 [java.util.concurrent.ThreadPoolExecutor$Worker@5aefd7b9[State = -1, empty queue]] WARN  server.GrpcLogAppender (GrpcLogAppender.java:timeoutAppendRequest(200)) - 60c95f10-37ee-49eb-b84e-63ada232a784@group-A8CC8E72DEEA->7ce2171e-d7bb-488f-b53c-71f230bd4ba7-GrpcLogAppender: appendEntries Timeout, request=60c95f10-37ee-49eb-b84e-63ada232a784->7ce2171e-d7bb-488f-b53c-71f230bd4ba7#71-t1, previous=(t:1, i:12), leaderCommit=6, initializing? false, entries: <empty>
2019-09-18 17:26:03,602 [java.util.concurrent.ThreadPoolExecutor$Worker@290fd5ac[State = -1, empty queue]] WARN  server.GrpcLogAppender (GrpcLogAppender.java:timeoutAppendRequest(200)) - 60c95f10-37ee-49eb-b84e-63ada232a784@group-A8CC8E72DEEA->35e8f602-e85b-40b3-a2e8-9c7f2541a1dc-GrpcLogAppender: appendEntries Timeout, request=60c95f10-37ee-49eb-b84e-63ada232a784->35e8f602-e85b-40b3-a2e8-9c7f2541a1dc#71-t1, previous=(t:1, i:12), leaderCommit=6, initializing? false, entries: <empty>
2019-09-18 17:26:05,108 [grpc-default-executor-6] INFO  client.GrpcClientProtocolClient (GrpcClientProtocolClient.java:onNext(264)) - client-CFDC9F436A43->7ce2171e-d7bb-488f-b53c-71f230bd4ba7: receive RaftClientReply:client-CFDC9F436A43->7ce2171e-d7bb-488f-b53c-71f230bd4ba7@group-A8CC8E72DEEA, cid=16, FAILED org.apache.ratis.protocol.NotLeaderException: Server 7ce2171e-d7bb-488f-b53c-71f230bd4ba7@group-A8CC8E72DEEA is not the leader 60c95f10-37ee-49eb-b84e-63ada232a784:192.168.151.122:37895, logIndex=0, commits[7ce2171e-d7bb-488f-b53c-71f230bd4ba7:c6, 60c95f10-37ee-49eb-b84e-63ada232a784:c6, 35e8f602-e85b-40b3-a2e8-9c7f2541a1dc:c4]
2019-09-18 17:26:05,597 [org.apache.ratis.server.impl.LogAppender$AppenderDaemon$$Lambda$488/1062446665@3de28d13] ERROR ratis.XceiverServerRatis (XceiverServerRatis.java:triggerPipelineClose(575)) - pipeline Action CLOSE  on pipeline PipelineID=0865e9aa-3ec9-41d2-a431-a8cc8e72deea.Reason : 60c95f10-37ee-49eb-b84e-63ada232a784 has not seen follower/s 35e8f602-e85b-40b3-a2e8-9c7f2541a1dc for 152468ms 7ce2171e-d7bb-488f-b53c-71f230bd4ba7 for 152469ms
2019-09-18 17:26:05,603 [org.apache.ratis.server.impl.LogAppender$AppenderDaemon$$Lambda$488/1062446665@b69313d] ERROR ratis.XceiverServerRatis (XceiverServerRatis.java:triggerPipelineClose(575)) - pipeline Action CLOSE  on pipeline PipelineID=0865e9aa-3ec9-41d2-a431-a8cc8e72deea.Reason : 60c95f10-37ee-49eb-b84e-63ada232a784 has not seen follower/s 35e8f602-e85b-40b3-a2e8-9c7f2541a1dc for 152474ms 7ce2171e-d7bb-488f-b53c-71f230bd4ba7 for 152475ms
2019-09-18 17:26:06,096 [java.util.concurrent.ThreadPoolExecutor$Worker@5aefd7b9[State = -1, empty queue]] WARN  server.GrpcLogAppender (GrpcLogAppender.java:timeoutAppendRequest(200)) - 60c95f10-37ee-49eb-b84e-63ada232a784@group-A8CC8E72DEEA->7ce2171e-d7bb-488f-b53c-71f230bd4ba7-GrpcLogAppender: appendEntries Timeout, request=60c95f10-37ee-49eb-b84e-63ada232a784->7ce2171e-d7bb-488f-b53c-71f230bd4ba7#72-t1, previous=(t:1, i:12), leaderCommit=6, initializing? false, entries: <empty>
2019-09-18 17:26:06,102 [java.util.concurrent.ThreadPoolExecutor$Worker@290fd5ac[State = -1, empty queue]] WARN  server.GrpcLogAppender (GrpcLogAppender.java:timeoutAppendRequest(200)) - 60c95f10-37ee-49eb-b84e-63ada232a784@group-A8CC8E72DEEA->35e8f602-e85b-40b3-a2e8-9c7f2541a1dc-GrpcLogAppender: appendEntries Timeout, request=60c95f10-37ee-49eb-b84e-63ada232a784->35e8f602-e85b-40b3-a2e8-9c7f2541a1dc#72-t1, previous=(t:1, i:12), leaderCommit=6, initializing? false, entries: <empty>
2019-09-18 17:26:06,579 [EventQueue-PipelineActionsForPipelineActionHandler] ERROR pipeline.PipelineActionHandler (PipelineActionHandler.java:onMessage(60)) - Received pipeline action CLOSE for Pipeline[ Id: 0865e9aa-3ec9-41d2-a431-a8cc8e72deea, Nodes: 35e8f602-e85b-40b3-a2e8-9c7f2541a1dc{ip: 192.168.151.122, host: pr-hdds-2121-ltkqc-3926781246, networkLocation: /default-rack, certSerialId: null}60c95f10-37ee-49eb-b84e-63ada232a784{ip: 192.168.151.122, host: pr-hdds-2121-ltkqc-3926781246, networkLocation: /default-rack, certSerialId: null}7ce2171e-d7bb-488f-b53c-71f230bd4ba7{ip: 192.168.151.122, host: pr-hdds-2121-ltkqc-3926781246, networkLocation: /default-rack, certSerialId: null}, Type:RATIS, Factor:THREE, State:CLOSED] from datanode 60c95f10-37ee-49eb-b84e-63ada232a784{ip: 192.168.151.122, host: pr-hdds-2121-ltkqc-3926781246, networkLocation: /default-rack, certSerialId: null}. Reason : 60c95f10-37ee-49eb-b84e-63ada232a784 has not seen follower/s 35e8f602-e85b-40b3-a2e8-9c7f2541a1dc for 152468ms 7ce2171e-d7bb-488f-b53c-71f230bd4ba7 for 152469ms
2019-09-18 17:26:06,579 [EventQueue-PipelineActionsForPipelineActionHandler] INFO  pipeline.SCMPipelineManager (SCMPipelineManager.java:finalizeAndDestroyPipeline(311)) - destroying pipeline:Pipeline[ Id: 0865e9aa-3ec9-41d2-a431-a8cc8e72deea, Nodes: 35e8f602-e85b-40b3-a2e8-9c7f2541a1dc{ip: 192.168.151.122, host: pr-hdds-2121-ltkqc-3926781246, networkLocation: /default-rack, certSerialId: null}60c95f10-37ee-49eb-b84e-63ada232a784{ip: 192.168.151.122, host: pr-hdds-2121-ltkqc-3926781246, networkLocation: /default-rack, certSerialId: null}7ce2171e-d7bb-488f-b53c-71f230bd4ba7{ip: 192.168.151.122, host: pr-hdds-2121-ltkqc-3926781246, networkLocation: /default-rack, certSerialId: null}, Type:RATIS, Factor:THREE, State:CLOSED]
2019-09-18 17:26:08,100 [org.apache.ratis.server.impl.LogAppender$AppenderDaemon$$Lambda$488/1062446665@3de28d13] ERROR ratis.XceiverServerRatis (XceiverServerRatis.java:triggerPipelineClose(575)) - pipeline Action CLOSE  on pipeline PipelineID=0865e9aa-3ec9-41d2-a431-a8cc8e72deea.Reason : 60c95f10-37ee-49eb-b84e-63ada232a784 has not seen follower/s 35e8f602-e85b-40b3-a2e8-9c7f2541a1dc for 154971ms 7ce2171e-d7bb-488f-b53c-71f230bd4ba7 for 154971ms
2019-09-18 17:26:08,104 [org.apache.ratis.server.impl.LogAppender$AppenderDaemon$$Lambda$488/1062446665@b69313d] ERROR ratis.XceiverServerRatis (XceiverServerRatis.java:triggerPipelineClose(575)) - pipeline Action CLOSE  on pipeline PipelineID=0865e9aa-3ec9-41d2-a431-a8cc8e72deea.Reason : 60c95f10-37ee-49eb-b84e-63ada232a784 has not seen follower/s 35e8f602-e85b-40b3-a2e8-9c7f2541a1dc for 154975ms 7ce2171e-d7bb-488f-b53c-71f230bd4ba7 for 154976ms
2019-09-18 17:26:08,577 [EventQueue-PipelineActionsForPipelineActionHandler] ERROR pipeline.PipelineActionHandler (PipelineActionHandler.java:onMessage(60)) - Received pipeline action CLOSE for Pipeline[ Id: 0865e9aa-3ec9-41d2-a431-a8cc8e72deea, Nodes: 35e8f602-e85b-40b3-a2e8-9c7f2541a1dc{ip: 192.168.151.122, host: pr-hdds-2121-ltkqc-3926781246, networkLocation: /default-rack, certSerialId: null}60c95f10-37ee-49eb-b84e-63ada232a784{ip: 192.168.151.122, host: pr-hdds-2121-ltkqc-3926781246, networkLocation: /default-rack, certSerialId: null}7ce2171e-d7bb-488f-b53c-71f230bd4ba7{ip: 192.168.151.122, host: pr-hdds-2121-ltkqc-3926781246, networkLocation: /default-rack, certSerialId: null}, Type:RATIS, Factor:THREE, State:CLOSED] from datanode 60c95f10-37ee-49eb-b84e-63ada232a784{ip: 192.168.151.122, host: pr-hdds-2121-ltkqc-3926781246, networkLocation: /default-rack, certSerialId: null}. Reason : 60c95f10-37ee-49eb-b84e-63ada232a784 has not seen follower/s 35e8f602-e85b-40b3-a2e8-9c7f2541a1dc for 154971ms 7ce2171e-d7bb-488f-b53c-71f230bd4ba7 for 154971ms
2019-09-18 17:26:08,578 [EventQueue-PipelineActionsForPipelineActionHandler] INFO  pipeline.SCMPipelineManager (SCMPipelineManager.java:finalizeAndDestroyPipeline(311)) - destroying pipeline:Pipeline[ Id: 0865e9aa-3ec9-41d2-a431-a8cc8e72deea, Nodes: 35e8f602-e85b-40b3-a2e8-9c7f2541a1dc{ip: 192.168.151.122, host: pr-hdds-2121-ltkqc-3926781246, networkLocation: /default-rack, certSerialId: null}60c95f10-37ee-49eb-b84e-63ada232a784{ip: 192.168.151.122, host: pr-hdds-2121-ltkqc-3926781246, networkLocation: /default-rack, certSerialId: null}7ce2171e-d7bb-488f-b53c-71f230bd4ba7{ip: 192.168.151.122, host: pr-hdds-2121-ltkqc-3926781246, networkLocation: /default-rack, certSerialId: null}, Type:RATIS, Factor:THREE, State:CLOSED]
2019-09-18 17:26:08,597 [java.util.concurrent.ThreadPoolExecutor$Worker@5aefd7b9[State = -1, empty queue]] WARN  server.GrpcLogAppender (GrpcLogAppender.java:timeoutAppendRequest(200)) - 60c95f10-37ee-49eb-b84e-63ada232a784@group-A8CC8E72DEEA->7ce2171e-d7bb-488f-b53c-71f230bd4ba7-GrpcLogAppender: appendEntries Timeout, request=60c95f10-37ee-49eb-b84e-63ada232a784->7ce2171e-d7bb-488f-b53c-71f230bd4ba7#73-t1, previous=(t:1, i:12), leaderCommit=6, initializing? false, entries: <empty>
2019-09-18 17:26:08,603 [java.util.concurrent.ThreadPoolExecutor$Worker@290fd5ac[State = -1, empty queue]] WARN  server.GrpcLogAppender (GrpcLogAppender.java:timeoutAppendRequest(200)) - 60c95f10-37ee-49eb-b84e-63ada232a784@group-A8CC8E72DEEA->35e8f602-e85b-40b3-a2e8-9c7f2541a1dc-GrpcLogAppender: appendEntries Timeout, request=60c95f10-37ee-49eb-b84e-63ada232a784->35e8f602-e85b-40b3-a2e8-9c7f2541a1dc#73-t1, previous=(t:1, i:12), leaderCommit=6, initializing? false, entries: <empty>
2019-09-18 17:26:10,154 [grpc-default-executor-4] INFO  client.GrpcClientProtocolClient (GrpcClientProtocolClient.java:onNext(264)) - client-CFDC9F436A43->7ce2171e-d7bb-488f-b53c-71f230bd4ba7: receive RaftClientReply:client-CFDC9F436A43->7ce2171e-d7bb-488f-b53c-71f230bd4ba7@group-A8CC8E72DEEA, cid=16, FAILED org.apache.ratis.protocol.NotLeaderException: Server 7ce2171e-d7bb-488f-b53c-71f230bd4ba7@group-A8CC8E72DEEA is not the leader 60c95f10-37ee-49eb-b84e-63ada232a784:192.168.151.122:37895, logIndex=0, commits[7ce2171e-d7bb-488f-b53c-71f230bd4ba7:c6, 60c95f10-37ee-49eb-b84e-63ada232a784:c6, 35e8f602-e85b-40b3-a2e8-9c7f2541a1dc:c4]
2019-09-18 17:26:10,600 [org.apache.ratis.server.impl.LogAppender$AppenderDaemon$$Lambda$488/1062446665@3de28d13] ERROR ratis.XceiverServerRatis (XceiverServerRatis.java:triggerPipelineClose(575)) - pipeline Action CLOSE  on pipeline PipelineID=0865e9aa-3ec9-41d2-a431-a8cc8e72deea.Reason : 60c95f10-37ee-49eb-b84e-63ada232a784 has not seen follower/s 35e8f602-e85b-40b3-a2e8-9c7f2541a1dc for 157472ms 7ce2171e-d7bb-488f-b53c-71f230bd4ba7 for 157472ms
2019-09-18 17:26:10,605 [org.apache.ratis.server.impl.LogAppender$AppenderDaemon$$Lambda$488/1062446665@b69313d] ERROR ratis.XceiverServerRatis (XceiverServerRatis.java:triggerPipelineClose(575)) - pipeline Action CLOSE  on pipeline PipelineID=0865e9aa-3ec9-41d2-a431-a8cc8e72deea.Reason : 60c95f10-37ee-49eb-b84e-63ada232a784 has not seen follower/s 35e8f602-e85b-40b3-a2e8-9c7f2541a1dc for 157476ms 7ce2171e-d7bb-488f-b53c-71f230bd4ba7 for 157476ms
2019-09-18 17:26:11,099 [java.util.concurrent.ThreadPoolExecutor$Worker@5aefd7b9[State = -1, empty queue]] WARN  server.GrpcLogAppender (GrpcLogAppender.java:timeoutAppendRequest(200)) - 60c95f10-37ee-49eb-b84e-63ada232a784@group-A8CC8E72DEEA->7ce2171e-d7bb-488f-b53c-71f230bd4ba7-GrpcLogAppender: appendEntries Timeout, request=60c95f10-37ee-49eb-b84e-63ada232a784->7ce2171e-d7bb-488f-b53c-71f230bd4ba7#74-t1, previous=(t:1, i:12), leaderCommit=6, initializing? false, entries: <empty>
2019-09-18 17:26:11,104 [java.util.concurrent.ThreadPoolExecutor$Worker@290fd5ac[State = -1, empty queue]] WARN  server.GrpcLogAppender (GrpcLogAppender.java:timeoutAppendRequest(200)) - 60c95f10-37ee-49eb-b84e-63ada232a784@group-A8CC8E72DEEA->35e8f602-e85b-40b3-a2e8-9c7f2541a1dc-GrpcLogAppender: appendEntries Timeout, request=60c95f10-37ee-49eb-b84e-63ada232a784->35e8f602-e85b-40b3-a2e8-9c7f2541a1dc#74-t1, previous=(t:1, i:12), leaderCommit=6, initializing? false, entries: <empty>
2019-09-18 17:26:11,577 [EventQueue-PipelineActionsForPipelineActionHandler] ERROR pipeline.PipelineActionHandler (PipelineActionHandler.java:onMessage(60)) - Received pipeline action CLOSE for Pipeline[ Id: 0865e9aa-3ec9-41d2-a431-a8cc8e72deea, Nodes: 35e8f602-e85b-40b3-a2e8-9c7f2541a1dc{ip: 192.168.151.122, host: pr-hdds-2121-ltkqc-3926781246, networkLocation: /default-rack, certSerialId: null}60c95f10-37ee-49eb-b84e-63ada232a784{ip: 192.168.151.122, host: pr-hdds-2121-ltkqc-3926781246, networkLocation: /default-rack, certSerialId: null}7ce2171e-d7bb-488f-b53c-71f230bd4ba7{ip: 192.168.151.122, host: pr-hdds-2121-ltkqc-3926781246, networkLocation: /default-rack, certSerialId: null}, Type:RATIS, Factor:THREE, State:CLOSED] from datanode 60c95f10-37ee-49eb-b84e-63ada232a784{ip: 192.168.151.122, host: pr-hdds-2121-ltkqc-3926781246, networkLocation: /default-rack, certSerialId: null}. Reason : 60c95f10-37ee-49eb-b84e-63ada232a784 has not seen follower/s 35e8f602-e85b-40b3-a2e8-9c7f2541a1dc for 157472ms 7ce2171e-d7bb-488f-b53c-71f230bd4ba7 for 157472ms
2019-09-18 17:26:11,578 [EventQueue-PipelineActionsForPipelineActionHandler] INFO  pipeline.SCMPipelineManager (SCMPipelineManager.java:finalizeAndDestroyPipeline(311)) - destroying pipeline:Pipeline[ Id: 0865e9aa-3ec9-41d2-a431-a8cc8e72deea, Nodes: 35e8f602-e85b-40b3-a2e8-9c7f2541a1dc{ip: 192.168.151.122, host: pr-hdds-2121-ltkqc-3926781246, networkLocation: /default-rack, certSerialId: null}60c95f10-37ee-49eb-b84e-63ada232a784{ip: 192.168.151.122, host: pr-hdds-2121-ltkqc-3926781246, networkLocation: /default-rack, certSerialId: null}7ce2171e-d7bb-488f-b53c-71f230bd4ba7{ip: 192.168.151.122, host: pr-hdds-2121-ltkqc-3926781246, networkLocation: /default-rack, certSerialId: null}, Type:RATIS, Factor:THREE, State:CLOSED]
2019-09-18 17:26:13,101 [org.apache.ratis.server.impl.LogAppender$AppenderDaemon$$Lambda$488/1062446665@3de28d13] ERROR ratis.XceiverServerRatis (XceiverServerRatis.java:triggerPipelineClose(575)) - pipeline Action CLOSE  on pipeline PipelineID=0865e9aa-3ec9-41d2-a431-a8cc8e72deea.Reason : 60c95f10-37ee-49eb-b84e-63ada232a784 has not seen follower/s 35e8f602-e85b-40b3-a2e8-9c7f2541a1dc for 159972ms 7ce2171e-d7bb-488f-b53c-71f230bd4ba7 for 159973ms
2019-09-18 17:26:13,105 [org.apache.ratis.server.impl.LogAppender$AppenderDaemon$$Lambda$488/1062446665@b69313d] ERROR ratis.XceiverServerRatis (XceiverServerRatis.java:triggerPipelineClose(575)) - pipeline Action CLOSE  on pipeline PipelineID=0865e9aa-3ec9-41d2-a431-a8cc8e72deea.Reason : 60c95f10-37ee-49eb-b84e-63ada232a784 has not seen follower/s 35e8f602-e85b-40b3-a2e8-9c7f2541a1dc for 159977ms 7ce2171e-d7bb-488f-b53c-71f230bd4ba7 for 159977ms
2019-09-18 17:26:13,392 [7ce2171e-d7bb-488f-b53c-71f230bd4ba7@group-A8CC8E72DEEA-SegmentedRaftLogWorker] WARN  segmented.SegmentedRaftLogWorker (SegmentedRaftLogWorker.java:getFromFuture(90)) - Timeout 15/~
org.apache.ratis.protocol.TimeoutIOException: Timeout 10s: WriteLog:7: (t:1, i:7), STATEMACHINELOGENTRY, client-CFDC9F436A43, cid=16-writeStateMachineData
	at org.apache.ratis.util.IOUtils.getFromFuture(IOUtils.java:87)
	at org.apache.ratis.server.raftlog.segmented.SegmentedRaftLogWorker$StateMachineDataPolicy.getFromFuture(SegmentedRaftLogWorker.java:87)
	at org.apache.ratis.server.raftlog.segmented.SegmentedRaftLogWorker$WriteLog.execute(SegmentedRaftLogWorker.java:477)
	at org.apache.ratis.server.raftlog.segmented.SegmentedRaftLogWorker.run(SegmentedRaftLogWorker.java:289)
	at java.lang.Thread.run(Thread.java:748)
Caused by: java.util.concurrent.TimeoutException
	at java.util.concurrent.CompletableFuture.timedGet(CompletableFuture.java:1771)
	at java.util.concurrent.CompletableFuture.get(CompletableFuture.java:1915)
	at org.apache.ratis.util.IOUtils.getFromFuture(IOUtils.java:79)
	... 4 more
2019-09-18 17:26:13,556 [60c95f10-37ee-49eb-b84e-63ada232a784@group-A8CC8E72DEEA-SegmentedRaftLogWorker] WARN  segmented.SegmentedRaftLogWorker (SegmentedRaftLogWorker.java:getFromFuture(90)) - Timeout 15/~
org.apache.ratis.protocol.TimeoutIOException: Timeout 10s: WriteLog:8: (t:1, i:8), STATEMACHINELOGENTRY, client-CFDC9F436A43, cid=17-writeStateMachineData
	at org.apache.ratis.util.IOUtils.getFromFuture(IOUtils.java:87)
	at org.apache.ratis.server.raftlog.segmented.SegmentedRaftLogWorker$StateMachineDataPolicy.getFromFuture(SegmentedRaftLogWorker.java:87)
	at org.apache.ratis.server.raftlog.segmented.SegmentedRaftLogWorker$WriteLog.execute(SegmentedRaftLogWorker.java:477)
	at org.apache.ratis.server.raftlog.segmented.SegmentedRaftLogWorker.run(SegmentedRaftLogWorker.java:289)
	at java.lang.Thread.run(Thread.java:748)
Caused by: java.util.concurrent.TimeoutException
	at java.util.concurrent.CompletableFuture.timedGet(CompletableFuture.java:1771)
	at java.util.concurrent.CompletableFuture.get(CompletableFuture.java:1915)
	at org.apache.ratis.util.IOUtils.getFromFuture(IOUtils.java:79)
	... 4 more
2019-09-18 17:26:13,556 [35e8f602-e85b-40b3-a2e8-9c7f2541a1dc@group-A8CC8E72DEEA-SegmentedRaftLogWorker] WARN  segmented.SegmentedRaftLogWorker (SegmentedRaftLogWorker.java:getFromFuture(90)) - Timeout 15/~
org.apache.ratis.protocol.TimeoutIOException: Timeout 10s: WriteLog:10: (t:1, i:10), STATEMACHINELOGENTRY, client-CFDC9F436A43, cid=19-writeStateMachineData
	at org.apache.ratis.util.IOUtils.getFromFuture(IOUtils.java:87)
	at org.apache.ratis.server.raftlog.segmented.SegmentedRaftLogWorker$StateMachineDataPolicy.getFromFuture(SegmentedRaftLogWorker.java:87)
	at org.apache.ratis.server.raftlog.segmented.SegmentedRaftLogWorker$WriteLog.execute(SegmentedRaftLogWorker.java:477)
	at org.apache.ratis.server.raftlog.segmented.SegmentedRaftLogWorker.run(SegmentedRaftLogWorker.java:289)
	at java.lang.Thread.run(Thread.java:748)
Caused by: java.util.concurrent.TimeoutException
	at java.util.concurrent.CompletableFuture.timedGet(CompletableFuture.java:1771)
	at java.util.concurrent.CompletableFuture.get(CompletableFuture.java:1915)
	at org.apache.ratis.util.IOUtils.getFromFuture(IOUtils.java:79)
	... 4 more
2019-09-18 17:26:13,577 [EventQueue-PipelineActionsForPipelineActionHandler] ERROR pipeline.PipelineActionHandler (PipelineActionHandler.java:onMessage(60)) - Received pipeline action CLOSE for Pipeline[ Id: 0865e9aa-3ec9-41d2-a431-a8cc8e72deea, Nodes: 35e8f602-e85b-40b3-a2e8-9c7f2541a1dc{ip: 192.168.151.122, host: pr-hdds-2121-ltkqc-3926781246, networkLocation: /default-rack, certSerialId: null}60c95f10-37ee-49eb-b84e-63ada232a784{ip: 192.168.151.122, host: pr-hdds-2121-ltkqc-3926781246, networkLocation: /default-rack, certSerialId: null}7ce2171e-d7bb-488f-b53c-71f230bd4ba7{ip: 192.168.151.122, host: pr-hdds-2121-ltkqc-3926781246, networkLocation: /default-rack, certSerialId: null}, Type:RATIS, Factor:THREE, State:CLOSED] from datanode 60c95f10-37ee-49eb-b84e-63ada232a784{ip: 192.168.151.122, host: pr-hdds-2121-ltkqc-3926781246, networkLocation: /default-rack, certSerialId: null}. Reason : 60c95f10-37ee-49eb-b84e-63ada232a784 has not seen follower/s 35e8f602-e85b-40b3-a2e8-9c7f2541a1dc for 159972ms 7ce2171e-d7bb-488f-b53c-71f230bd4ba7 for 159973ms
2019-09-18 17:26:13,578 [EventQueue-PipelineActionsForPipelineActionHandler] INFO  pipeline.SCMPipelineManager (SCMPipelineManager.java:finalizeAndDestroyPipeline(311)) - destroying pipeline:Pipeline[ Id: 0865e9aa-3ec9-41d2-a431-a8cc8e72deea, Nodes: 35e8f602-e85b-40b3-a2e8-9c7f2541a1dc{ip: 192.168.151.122, host: pr-hdds-2121-ltkqc-3926781246, networkLocation: /default-rack, certSerialId: null}60c95f10-37ee-49eb-b84e-63ada232a784{ip: 192.168.151.122, host: pr-hdds-2121-ltkqc-3926781246, networkLocation: /default-rack, certSerialId: null}7ce2171e-d7bb-488f-b53c-71f230bd4ba7{ip: 192.168.151.122, host: pr-hdds-2121-ltkqc-3926781246, networkLocation: /default-rack, certSerialId: null}, Type:RATIS, Factor:THREE, State:CLOSED]
2019-09-18 17:26:13,600 [java.util.concurrent.ThreadPoolExecutor$Worker@5aefd7b9[State = -1, empty queue]] WARN  server.GrpcLogAppender (GrpcLogAppender.java:timeoutAppendRequest(200)) - 60c95f10-37ee-49eb-b84e-63ada232a784@group-A8CC8E72DEEA->7ce2171e-d7bb-488f-b53c-71f230bd4ba7-GrpcLogAppender: appendEntries Timeout, request=60c95f10-37ee-49eb-b84e-63ada232a784->7ce2171e-d7bb-488f-b53c-71f230bd4ba7#75-t1, previous=(t:1, i:12), leaderCommit=6, initializing? false, entries: <empty>
2019-09-18 17:26:13,605 [java.util.concurrent.ThreadPoolExecutor$Worker@290fd5ac[State = -1, empty queue]] WARN  server.GrpcLogAppender (GrpcLogAppender.java:timeoutAppendRequest(200)) - 60c95f10-37ee-49eb-b84e-63ada232a784@group-A8CC8E72DEEA->35e8f602-e85b-40b3-a2e8-9c7f2541a1dc-GrpcLogAppender: appendEntries Timeout, request=60c95f10-37ee-49eb-b84e-63ada232a784->35e8f602-e85b-40b3-a2e8-9c7f2541a1dc#75-t1, previous=(t:1, i:12), leaderCommit=6, initializing? false, entries: <empty>
2019-09-18 17:26:15,201 [grpc-default-executor-6] INFO  client.GrpcClientProtocolClient (GrpcClientProtocolClient.java:onNext(264)) - client-CFDC9F436A43->35e8f602-e85b-40b3-a2e8-9c7f2541a1dc: receive RaftClientReply:client-CFDC9F436A43->35e8f602-e85b-40b3-a2e8-9c7f2541a1dc@group-A8CC8E72DEEA, cid=16, FAILED org.apache.ratis.protocol.NotLeaderException: Server 35e8f602-e85b-40b3-a2e8-9c7f2541a1dc@group-A8CC8E72DEEA is not the leader 60c95f10-37ee-49eb-b84e-63ada232a784:192.168.151.122:37895, logIndex=0, commits[35e8f602-e85b-40b3-a2e8-9c7f2541a1dc:c6, 60c95f10-37ee-49eb-b84e-63ada232a784:c6, 7ce2171e-d7bb-488f-b53c-71f230bd4ba7:c4]
2019-09-18 17:26:15,602 [org.apache.ratis.server.impl.LogAppender$AppenderDaemon$$Lambda$488/1062446665@3de28d13] ERROR ratis.XceiverServerRatis (XceiverServerRatis.java:triggerPipelineClose(575)) - pipeline Action CLOSE  on pipeline PipelineID=0865e9aa-3ec9-41d2-a431-a8cc8e72deea.Reason : 60c95f10-37ee-49eb-b84e-63ada232a784 has not seen follower/s 35e8f602-e85b-40b3-a2e8-9c7f2541a1dc for 162473ms 7ce2171e-d7bb-488f-b53c-71f230bd4ba7 for 162474ms
2019-09-18 17:26:15,606 [org.apache.ratis.server.impl.LogAppender$AppenderDaemon$$Lambda$488/1062446665@b69313d] ERROR ratis.XceiverServerRatis (XceiverServerRatis.java:triggerPipelineClose(575)) - pipeline Action CLOSE  on pipeline PipelineID=0865e9aa-3ec9-41d2-a431-a8cc8e72deea.Reason : 60c95f10-37ee-49eb-b84e-63ada232a784 has not seen follower/s 35e8f602-e85b-40b3-a2e8-9c7f2541a1dc for 162477ms 7ce2171e-d7bb-488f-b53c-71f230bd4ba7 for 162478ms
2019-09-18 17:26:16,101 [java.util.concurrent.ThreadPoolExecutor$Worker@5aefd7b9[State = -1, empty queue]] WARN  server.GrpcLogAppender (GrpcLogAppender.java:timeoutAppendRequest(200)) - 60c95f10-37ee-49eb-b84e-63ada232a784@group-A8CC8E72DEEA->7ce2171e-d7bb-488f-b53c-71f230bd4ba7-GrpcLogAppender: appendEntries Timeout, request=60c95f10-37ee-49eb-b84e-63ada232a784->7ce2171e-d7bb-488f-b53c-71f230bd4ba7#76-t1, previous=(t:1, i:12), leaderCommit=6, initializing? false, entries: <empty>
2019-09-18 17:26:16,105 [java.util.concurrent.ThreadPoolExecutor$Worker@290fd5ac[State = -1, empty queue]] WARN  server.GrpcLogAppender (GrpcLogAppender.java:timeoutAppendRequest(200)) - 60c95f10-37ee-49eb-b84e-63ada232a784@group-A8CC8E72DEEA->35e8f602-e85b-40b3-a2e8-9c7f2541a1dc-GrpcLogAppender: appendEntries Timeout, request=60c95f10-37ee-49eb-b84e-63ada232a784->35e8f602-e85b-40b3-a2e8-9c7f2541a1dc#76-t1, previous=(t:1, i:12), leaderCommit=6, initializing? false, entries: <empty>
2019-09-18 17:26:16,578 [EventQueue-PipelineActionsForPipelineActionHandler] ERROR pipeline.PipelineActionHandler (PipelineActionHandler.java:onMessage(60)) - Received pipeline action CLOSE for Pipeline[ Id: 0865e9aa-3ec9-41d2-a431-a8cc8e72deea, Nodes: 35e8f602-e85b-40b3-a2e8-9c7f2541a1dc{ip: 192.168.151.122, host: pr-hdds-2121-ltkqc-3926781246, networkLocation: /default-rack, certSerialId: null}60c95f10-37ee-49eb-b84e-63ada232a784{ip: 192.168.151.122, host: pr-hdds-2121-ltkqc-3926781246, networkLocation: /default-rack, certSerialId: null}7ce2171e-d7bb-488f-b53c-71f230bd4ba7{ip: 192.168.151.122, host: pr-hdds-2121-ltkqc-3926781246, networkLocation: /default-rack, certSerialId: null}, Type:RATIS, Factor:THREE, State:CLOSED] from datanode 60c95f10-37ee-49eb-b84e-63ada232a784{ip: 192.168.151.122, host: pr-hdds-2121-ltkqc-3926781246, networkLocation: /default-rack, certSerialId: null}. Reason : 60c95f10-37ee-49eb-b84e-63ada232a784 has not seen follower/s 35e8f602-e85b-40b3-a2e8-9c7f2541a1dc for 162473ms 7ce2171e-d7bb-488f-b53c-71f230bd4ba7 for 162474ms
2019-09-18 17:26:16,578 [EventQueue-PipelineActionsForPipelineActionHandler] INFO  pipeline.SCMPipelineManager (SCMPipelineManager.java:finalizeAndDestroyPipeline(311)) - destroying pipeline:Pipeline[ Id: 0865e9aa-3ec9-41d2-a431-a8cc8e72deea, Nodes: 35e8f602-e85b-40b3-a2e8-9c7f2541a1dc{ip: 192.168.151.122, host: pr-hdds-2121-ltkqc-3926781246, networkLocation: /default-rack, certSerialId: null}60c95f10-37ee-49eb-b84e-63ada232a784{ip: 192.168.151.122, host: pr-hdds-2121-ltkqc-3926781246, networkLocation: /default-rack, certSerialId: null}7ce2171e-d7bb-488f-b53c-71f230bd4ba7{ip: 192.168.151.122, host: pr-hdds-2121-ltkqc-3926781246, networkLocation: /default-rack, certSerialId: null}, Type:RATIS, Factor:THREE, State:CLOSED]
2019-09-18 17:26:18,103 [org.apache.ratis.server.impl.LogAppender$AppenderDaemon$$Lambda$488/1062446665@3de28d13] ERROR ratis.XceiverServerRatis (XceiverServerRatis.java:triggerPipelineClose(575)) - pipeline Action CLOSE  on pipeline PipelineID=0865e9aa-3ec9-41d2-a431-a8cc8e72deea.Reason : 60c95f10-37ee-49eb-b84e-63ada232a784 has not seen follower/s 35e8f602-e85b-40b3-a2e8-9c7f2541a1dc for 164974ms 7ce2171e-d7bb-488f-b53c-71f230bd4ba7 for 164974ms
2019-09-18 17:26:18,106 [org.apache.ratis.server.impl.LogAppender$AppenderDaemon$$Lambda$488/1062446665@b69313d] ERROR ratis.XceiverServerRatis (XceiverServerRatis.java:triggerPipelineClose(575)) - pipeline Action CLOSE  on pipeline PipelineID=0865e9aa-3ec9-41d2-a431-a8cc8e72deea.Reason : 60c95f10-37ee-49eb-b84e-63ada232a784 has not seen follower/s 35e8f602-e85b-40b3-a2e8-9c7f2541a1dc for 164978ms 7ce2171e-d7bb-488f-b53c-71f230bd4ba7 for 164978ms
2019-09-18 17:26:18,578 [EventQueue-PipelineActionsForPipelineActionHandler] ERROR pipeline.PipelineActionHandler (PipelineActionHandler.java:onMessage(60)) - Received pipeline action CLOSE for Pipeline[ Id: 0865e9aa-3ec9-41d2-a431-a8cc8e72deea, Nodes: 35e8f602-e85b-40b3-a2e8-9c7f2541a1dc{ip: 192.168.151.122, host: pr-hdds-2121-ltkqc-3926781246, networkLocation: /default-rack, certSerialId: null}60c95f10-37ee-49eb-b84e-63ada232a784{ip: 192.168.151.122, host: pr-hdds-2121-ltkqc-3926781246, networkLocation: /default-rack, certSerialId: null}7ce2171e-d7bb-488f-b53c-71f230bd4ba7{ip: 192.168.151.122, host: pr-hdds-2121-ltkqc-3926781246, networkLocation: /default-rack, certSerialId: null}, Type:RATIS, Factor:THREE, State:CLOSED] from datanode 60c95f10-37ee-49eb-b84e-63ada232a784{ip: 192.168.151.122, host: pr-hdds-2121-ltkqc-3926781246, networkLocation: /default-rack, certSerialId: null}. Reason : 60c95f10-37ee-49eb-b84e-63ada232a784 has not seen follower/s 35e8f602-e85b-40b3-a2e8-9c7f2541a1dc for 164974ms 7ce2171e-d7bb-488f-b53c-71f230bd4ba7 for 164974ms
2019-09-18 17:26:18,579 [EventQueue-PipelineActionsForPipelineActionHandler] INFO  pipeline.SCMPipelineManager (SCMPipelineManager.java:finalizeAndDestroyPipeline(311)) - destroying pipeline:Pipeline[ Id: 0865e9aa-3ec9-41d2-a431-a8cc8e72deea, Nodes: 35e8f602-e85b-40b3-a2e8-9c7f2541a1dc{ip: 192.168.151.122, host: pr-hdds-2121-ltkqc-3926781246, networkLocation: /default-rack, certSerialId: null}60c95f10-37ee-49eb-b84e-63ada232a784{ip: 192.168.151.122, host: pr-hdds-2121-ltkqc-3926781246, networkLocation: /default-rack, certSerialId: null}7ce2171e-d7bb-488f-b53c-71f230bd4ba7{ip: 192.168.151.122, host: pr-hdds-2121-ltkqc-3926781246, networkLocation: /default-rack, certSerialId: null}, Type:RATIS, Factor:THREE, State:CLOSED]
2019-09-18 17:26:18,602 [java.util.concurrent.ThreadPoolExecutor$Worker@5aefd7b9[State = -1, empty queue]] WARN  server.GrpcLogAppender (GrpcLogAppender.java:timeoutAppendRequest(200)) - 60c95f10-37ee-49eb-b84e-63ada232a784@group-A8CC8E72DEEA->7ce2171e-d7bb-488f-b53c-71f230bd4ba7-GrpcLogAppender: appendEntries Timeout, request=60c95f10-37ee-49eb-b84e-63ada232a784->7ce2171e-d7bb-488f-b53c-71f230bd4ba7#77-t1, previous=(t:1, i:12), leaderCommit=6, initializing? false, entries: <empty>
2019-09-18 17:26:18,606 [java.util.concurrent.ThreadPoolExecutor$Worker@290fd5ac[State = -1, empty queue]] WARN  server.GrpcLogAppender (GrpcLogAppender.java:timeoutAppendRequest(200)) - 60c95f10-37ee-49eb-b84e-63ada232a784@group-A8CC8E72DEEA->35e8f602-e85b-40b3-a2e8-9c7f2541a1dc-GrpcLogAppender: appendEntries Timeout, request=60c95f10-37ee-49eb-b84e-63ada232a784->35e8f602-e85b-40b3-a2e8-9c7f2541a1dc#77-t1, previous=(t:1, i:12), leaderCommit=6, initializing? false, entries: <empty>
2019-09-18 17:26:20,242 [grpc-default-executor-4] INFO  client.GrpcClientProtocolClient (GrpcClientProtocolClient.java:onNext(264)) - client-CFDC9F436A43->35e8f602-e85b-40b3-a2e8-9c7f2541a1dc: receive RaftClientReply:client-CFDC9F436A43->35e8f602-e85b-40b3-a2e8-9c7f2541a1dc@group-A8CC8E72DEEA, cid=16, FAILED org.apache.ratis.protocol.NotLeaderException: Server 35e8f602-e85b-40b3-a2e8-9c7f2541a1dc@group-A8CC8E72DEEA is not the leader 60c95f10-37ee-49eb-b84e-63ada232a784:192.168.151.122:37895, logIndex=0, commits[35e8f602-e85b-40b3-a2e8-9c7f2541a1dc:c6, 60c95f10-37ee-49eb-b84e-63ada232a784:c6, 7ce2171e-d7bb-488f-b53c-71f230bd4ba7:c4]
2019-09-18 17:26:20,603 [org.apache.ratis.server.impl.LogAppender$AppenderDaemon$$Lambda$488/1062446665@3de28d13] ERROR ratis.XceiverServerRatis (XceiverServerRatis.java:triggerPipelineClose(575)) - pipeline Action CLOSE  on pipeline PipelineID=0865e9aa-3ec9-41d2-a431-a8cc8e72deea.Reason : 60c95f10-37ee-49eb-b84e-63ada232a784 has not seen follower/s 35e8f602-e85b-40b3-a2e8-9c7f2541a1dc for 167475ms 7ce2171e-d7bb-488f-b53c-71f230bd4ba7 for 167475ms
2019-09-18 17:26:20,607 [org.apache.ratis.server.impl.LogAppender$AppenderDaemon$$Lambda$488/1062446665@b69313d] ERROR ratis.XceiverServerRatis (XceiverServerRatis.java:triggerPipelineClose(575)) - pipeline Action CLOSE  on pipeline PipelineID=0865e9aa-3ec9-41d2-a431-a8cc8e72deea.Reason : 60c95f10-37ee-49eb-b84e-63ada232a784 has not seen follower/s 35e8f602-e85b-40b3-a2e8-9c7f2541a1dc for 167478ms 7ce2171e-d7bb-488f-b53c-71f230bd4ba7 for 167479ms
2019-09-18 17:26:21,103 [java.util.concurrent.ThreadPoolExecutor$Worker@5aefd7b9[State = -1, empty queue]] WARN  server.GrpcLogAppender (GrpcLogAppender.java:timeoutAppendRequest(200)) - 60c95f10-37ee-49eb-b84e-63ada232a784@group-A8CC8E72DEEA->7ce2171e-d7bb-488f-b53c-71f230bd4ba7-GrpcLogAppender: appendEntries Timeout, request=60c95f10-37ee-49eb-b84e-63ada232a784->7ce2171e-d7bb-488f-b53c-71f230bd4ba7#78-t1, previous=(t:1, i:12), leaderCommit=6, initializing? false, entries: <empty>
2019-09-18 17:26:21,106 [java.util.concurrent.ThreadPoolExecutor$Worker@290fd5ac[State = -1, empty queue]] WARN  server.GrpcLogAppender (GrpcLogAppender.java:timeoutAppendRequest(200)) - 60c95f10-37ee-49eb-b84e-63ada232a784@group-A8CC8E72DEEA->35e8f602-e85b-40b3-a2e8-9c7f2541a1dc-GrpcLogAppender: appendEntries Timeout, request=60c95f10-37ee-49eb-b84e-63ada232a784->35e8f602-e85b-40b3-a2e8-9c7f2541a1dc#78-t1, previous=(t:1, i:12), leaderCommit=6, initializing? false, entries: <empty>
2019-09-18 17:26:21,579 [EventQueue-PipelineActionsForPipelineActionHandler] ERROR pipeline.PipelineActionHandler (PipelineActionHandler.java:onMessage(60)) - Received pipeline action CLOSE for Pipeline[ Id: 0865e9aa-3ec9-41d2-a431-a8cc8e72deea, Nodes: 35e8f602-e85b-40b3-a2e8-9c7f2541a1dc{ip: 192.168.151.122, host: pr-hdds-2121-ltkqc-3926781246, networkLocation: /default-rack, certSerialId: null}60c95f10-37ee-49eb-b84e-63ada232a784{ip: 192.168.151.122, host: pr-hdds-2121-ltkqc-3926781246, networkLocation: /default-rack, certSerialId: null}7ce2171e-d7bb-488f-b53c-71f230bd4ba7{ip: 192.168.151.122, host: pr-hdds-2121-ltkqc-3926781246, networkLocation: /default-rack, certSerialId: null}, Type:RATIS, Factor:THREE, State:CLOSED] from datanode 60c95f10-37ee-49eb-b84e-63ada232a784{ip: 192.168.151.122, host: pr-hdds-2121-ltkqc-3926781246, networkLocation: /default-rack, certSerialId: null}. Reason : 60c95f10-37ee-49eb-b84e-63ada232a784 has not seen follower/s 35e8f602-e85b-40b3-a2e8-9c7f2541a1dc for 167475ms 7ce2171e-d7bb-488f-b53c-71f230bd4ba7 for 167475ms
2019-09-18 17:26:21,579 [EventQueue-PipelineActionsForPipelineActionHandler] INFO  pipeline.SCMPipelineManager (SCMPipelineManager.java:finalizeAndDestroyPipeline(311)) - destroying pipeline:Pipeline[ Id: 0865e9aa-3ec9-41d2-a431-a8cc8e72deea, Nodes: 35e8f602-e85b-40b3-a2e8-9c7f2541a1dc{ip: 192.168.151.122, host: pr-hdds-2121-ltkqc-3926781246, networkLocation: /default-rack, certSerialId: null}60c95f10-37ee-49eb-b84e-63ada232a784{ip: 192.168.151.122, host: pr-hdds-2121-ltkqc-3926781246, networkLocation: /default-rack, certSerialId: null}7ce2171e-d7bb-488f-b53c-71f230bd4ba7{ip: 192.168.151.122, host: pr-hdds-2121-ltkqc-3926781246, networkLocation: /default-rack, certSerialId: null}, Type:RATIS, Factor:THREE, State:CLOSED]
2019-09-18 17:26:23,104 [org.apache.ratis.server.impl.LogAppender$AppenderDaemon$$Lambda$488/1062446665@3de28d13] ERROR ratis.XceiverServerRatis (XceiverServerRatis.java:triggerPipelineClose(575)) - pipeline Action CLOSE  on pipeline PipelineID=0865e9aa-3ec9-41d2-a431-a8cc8e72deea.Reason : 60c95f10-37ee-49eb-b84e-63ada232a784 has not seen follower/s 35e8f602-e85b-40b3-a2e8-9c7f2541a1dc for 169975ms 7ce2171e-d7bb-488f-b53c-71f230bd4ba7 for 169976ms
2019-09-18 17:26:23,108 [org.apache.ratis.server.impl.LogAppender$AppenderDaemon$$Lambda$488/1062446665@b69313d] ERROR ratis.XceiverServerRatis (XceiverServerRatis.java:triggerPipelineClose(575)) - pipeline Action CLOSE  on pipeline PipelineID=0865e9aa-3ec9-41d2-a431-a8cc8e72deea.Reason : 60c95f10-37ee-49eb-b84e-63ada232a784 has not seen follower/s 35e8f602-e85b-40b3-a2e8-9c7f2541a1dc for 169979ms 7ce2171e-d7bb-488f-b53c-71f230bd4ba7 for 169980ms
2019-09-18 17:26:23,393 [7ce2171e-d7bb-488f-b53c-71f230bd4ba7@group-A8CC8E72DEEA-SegmentedRaftLogWorker] WARN  segmented.SegmentedRaftLogWorker (SegmentedRaftLogWorker.java:getFromFuture(90)) - Timeout 16/~
org.apache.ratis.protocol.TimeoutIOException: Timeout 10s: WriteLog:7: (t:1, i:7), STATEMACHINELOGENTRY, client-CFDC9F436A43, cid=16-writeStateMachineData
	at org.apache.ratis.util.IOUtils.getFromFuture(IOUtils.java:87)
	at org.apache.ratis.server.raftlog.segmented.SegmentedRaftLogWorker$StateMachineDataPolicy.getFromFuture(SegmentedRaftLogWorker.java:87)
	at org.apache.ratis.server.raftlog.segmented.SegmentedRaftLogWorker$WriteLog.execute(SegmentedRaftLogWorker.java:477)
	at org.apache.ratis.server.raftlog.segmented.SegmentedRaftLogWorker.run(SegmentedRaftLogWorker.java:289)
	at java.lang.Thread.run(Thread.java:748)
Caused by: java.util.concurrent.TimeoutException
	at java.util.concurrent.CompletableFuture.timedGet(CompletableFuture.java:1771)
	at java.util.concurrent.CompletableFuture.get(CompletableFuture.java:1915)
	at org.apache.ratis.util.IOUtils.getFromFuture(IOUtils.java:79)
	... 4 more
2019-09-18 17:26:23,576 [60c95f10-37ee-49eb-b84e-63ada232a784@group-A8CC8E72DEEA-SegmentedRaftLogWorker] WARN  segmented.SegmentedRaftLogWorker (SegmentedRaftLogWorker.java:getFromFuture(90)) - Timeout 16/~
org.apache.ratis.protocol.TimeoutIOException: Timeout 10s: WriteLog:8: (t:1, i:8), STATEMACHINELOGENTRY, client-CFDC9F436A43, cid=17-writeStateMachineData
	at org.apache.ratis.util.IOUtils.getFromFuture(IOUtils.java:87)
	at org.apache.ratis.server.raftlog.segmented.SegmentedRaftLogWorker$StateMachineDataPolicy.getFromFuture(SegmentedRaftLogWorker.java:87)
	at org.apache.ratis.server.raftlog.segmented.SegmentedRaftLogWorker$WriteLog.execute(SegmentedRaftLogWorker.java:477)
	at org.apache.ratis.server.raftlog.segmented.SegmentedRaftLogWorker.run(SegmentedRaftLogWorker.java:289)
	at java.lang.Thread.run(Thread.java:748)
Caused by: java.util.concurrent.TimeoutException
	at java.util.concurrent.CompletableFuture.timedGet(CompletableFuture.java:1771)
	at java.util.concurrent.CompletableFuture.get(CompletableFuture.java:1915)
	at org.apache.ratis.util.IOUtils.getFromFuture(IOUtils.java:79)
	... 4 more
2019-09-18 17:26:23,577 [35e8f602-e85b-40b3-a2e8-9c7f2541a1dc@group-A8CC8E72DEEA-SegmentedRaftLogWorker] WARN  segmented.SegmentedRaftLogWorker (SegmentedRaftLogWorker.java:getFromFuture(90)) - Timeout 16/~
org.apache.ratis.protocol.TimeoutIOException: Timeout 10s: WriteLog:10: (t:1, i:10), STATEMACHINELOGENTRY, client-CFDC9F436A43, cid=19-writeStateMachineData
	at org.apache.ratis.util.IOUtils.getFromFuture(IOUtils.java:87)
	at org.apache.ratis.server.raftlog.segmented.SegmentedRaftLogWorker$StateMachineDataPolicy.getFromFuture(SegmentedRaftLogWorker.java:87)
	at org.apache.ratis.server.raftlog.segmented.SegmentedRaftLogWorker$WriteLog.execute(SegmentedRaftLogWorker.java:477)
	at org.apache.ratis.server.raftlog.segmented.SegmentedRaftLogWorker.run(SegmentedRaftLogWorker.java:289)
	at java.lang.Thread.run(Thread.java:748)
Caused by: java.util.concurrent.TimeoutException
	at java.util.concurrent.CompletableFuture.timedGet(CompletableFuture.java:1771)
	at java.util.concurrent.CompletableFuture.get(CompletableFuture.java:1915)
	at org.apache.ratis.util.IOUtils.getFromFuture(IOUtils.java:79)
	... 4 more
2019-09-18 17:26:23,579 [EventQueue-PipelineActionsForPipelineActionHandler] ERROR pipeline.PipelineActionHandler (PipelineActionHandler.java:onMessage(60)) - Received pipeline action CLOSE for Pipeline[ Id: 0865e9aa-3ec9-41d2-a431-a8cc8e72deea, Nodes: 35e8f602-e85b-40b3-a2e8-9c7f2541a1dc{ip: 192.168.151.122, host: pr-hdds-2121-ltkqc-3926781246, networkLocation: /default-rack, certSerialId: null}60c95f10-37ee-49eb-b84e-63ada232a784{ip: 192.168.151.122, host: pr-hdds-2121-ltkqc-3926781246, networkLocation: /default-rack, certSerialId: null}7ce2171e-d7bb-488f-b53c-71f230bd4ba7{ip: 192.168.151.122, host: pr-hdds-2121-ltkqc-3926781246, networkLocation: /default-rack, certSerialId: null}, Type:RATIS, Factor:THREE, State:CLOSED] from datanode 60c95f10-37ee-49eb-b84e-63ada232a784{ip: 192.168.151.122, host: pr-hdds-2121-ltkqc-3926781246, networkLocation: /default-rack, certSerialId: null}. Reason : 60c95f10-37ee-49eb-b84e-63ada232a784 has not seen follower/s 35e8f602-e85b-40b3-a2e8-9c7f2541a1dc for 169975ms 7ce2171e-d7bb-488f-b53c-71f230bd4ba7 for 169976ms
2019-09-18 17:26:23,579 [EventQueue-PipelineActionsForPipelineActionHandler] INFO  pipeline.SCMPipelineManager (SCMPipelineManager.java:finalizeAndDestroyPipeline(311)) - destroying pipeline:Pipeline[ Id: 0865e9aa-3ec9-41d2-a431-a8cc8e72deea, Nodes: 35e8f602-e85b-40b3-a2e8-9c7f2541a1dc{ip: 192.168.151.122, host: pr-hdds-2121-ltkqc-3926781246, networkLocation: /default-rack, certSerialId: null}60c95f10-37ee-49eb-b84e-63ada232a784{ip: 192.168.151.122, host: pr-hdds-2121-ltkqc-3926781246, networkLocation: /default-rack, certSerialId: null}7ce2171e-d7bb-488f-b53c-71f230bd4ba7{ip: 192.168.151.122, host: pr-hdds-2121-ltkqc-3926781246, networkLocation: /default-rack, certSerialId: null}, Type:RATIS, Factor:THREE, State:CLOSED]
2019-09-18 17:26:23,603 [java.util.concurrent.ThreadPoolExecutor$Worker@5aefd7b9[State = -1, empty queue]] WARN  server.GrpcLogAppender (GrpcLogAppender.java:timeoutAppendRequest(200)) - 60c95f10-37ee-49eb-b84e-63ada232a784@group-A8CC8E72DEEA->7ce2171e-d7bb-488f-b53c-71f230bd4ba7-GrpcLogAppender: appendEntries Timeout, request=60c95f10-37ee-49eb-b84e-63ada232a784->7ce2171e-d7bb-488f-b53c-71f230bd4ba7#79-t1, previous=(t:1, i:12), leaderCommit=6, initializing? false, entries: <empty>
2019-09-18 17:26:23,607 [java.util.concurrent.ThreadPoolExecutor$Worker@290fd5ac[State = -1, empty queue]] WARN  server.GrpcLogAppender (GrpcLogAppender.java:timeoutAppendRequest(200)) - 60c95f10-37ee-49eb-b84e-63ada232a784@group-A8CC8E72DEEA->35e8f602-e85b-40b3-a2e8-9c7f2541a1dc-GrpcLogAppender: appendEntries Timeout, request=60c95f10-37ee-49eb-b84e-63ada232a784->35e8f602-e85b-40b3-a2e8-9c7f2541a1dc#79-t1, previous=(t:1, i:12), leaderCommit=6, initializing? false, entries: <empty>
2019-09-18 17:26:25,290 [grpc-default-executor-4] INFO  client.GrpcClientProtocolClient (GrpcClientProtocolClient.java:onNext(264)) - client-CFDC9F436A43->7ce2171e-d7bb-488f-b53c-71f230bd4ba7: receive RaftClientReply:client-CFDC9F436A43->7ce2171e-d7bb-488f-b53c-71f230bd4ba7@group-A8CC8E72DEEA, cid=16, FAILED org.apache.ratis.protocol.NotLeaderException: Server 7ce2171e-d7bb-488f-b53c-71f230bd4ba7@group-A8CC8E72DEEA is not the leader 60c95f10-37ee-49eb-b84e-63ada232a784:192.168.151.122:37895, logIndex=0, commits[7ce2171e-d7bb-488f-b53c-71f230bd4ba7:c6, 60c95f10-37ee-49eb-b84e-63ada232a784:c6, 35e8f602-e85b-40b3-a2e8-9c7f2541a1dc:c4]
2019-09-18 17:26:25,605 [org.apache.ratis.server.impl.LogAppender$AppenderDaemon$$Lambda$488/1062446665@3de28d13] ERROR ratis.XceiverServerRatis (XceiverServerRatis.java:triggerPipelineClose(575)) - pipeline Action CLOSE  on pipeline PipelineID=0865e9aa-3ec9-41d2-a431-a8cc8e72deea.Reason : 60c95f10-37ee-49eb-b84e-63ada232a784 has not seen follower/s 35e8f602-e85b-40b3-a2e8-9c7f2541a1dc for 172476ms 7ce2171e-d7bb-488f-b53c-71f230bd4ba7 for 172477ms
2019-09-18 17:26:25,609 [org.apache.ratis.server.impl.LogAppender$AppenderDaemon$$Lambda$488/1062446665@b69313d] ERROR ratis.XceiverServerRatis (XceiverServerRatis.java:triggerPipelineClose(575)) - pipeline Action CLOSE  on pipeline PipelineID=0865e9aa-3ec9-41d2-a431-a8cc8e72deea.Reason : 60c95f10-37ee-49eb-b84e-63ada232a784 has not seen follower/s 35e8f602-e85b-40b3-a2e8-9c7f2541a1dc for 172480ms 7ce2171e-d7bb-488f-b53c-71f230bd4ba7 for 172480ms
2019-09-18 17:26:26,104 [java.util.concurrent.ThreadPoolExecutor$Worker@5aefd7b9[State = -1, empty queue]] WARN  server.GrpcLogAppender (GrpcLogAppender.java:timeoutAppendRequest(200)) - 60c95f10-37ee-49eb-b84e-63ada232a784@group-A8CC8E72DEEA->7ce2171e-d7bb-488f-b53c-71f230bd4ba7-GrpcLogAppender: appendEntries Timeout, request=60c95f10-37ee-49eb-b84e-63ada232a784->7ce2171e-d7bb-488f-b53c-71f230bd4ba7#80-t1, previous=(t:1, i:12), leaderCommit=6, initializing? false, entries: <empty>
2019-09-18 17:26:26,108 [java.util.concurrent.ThreadPoolExecutor$Worker@290fd5ac[State = -1, empty queue]] WARN  server.GrpcLogAppender (GrpcLogAppender.java:timeoutAppendRequest(200)) - 60c95f10-37ee-49eb-b84e-63ada232a784@group-A8CC8E72DEEA->35e8f602-e85b-40b3-a2e8-9c7f2541a1dc-GrpcLogAppender: appendEntries Timeout, request=60c95f10-37ee-49eb-b84e-63ada232a784->35e8f602-e85b-40b3-a2e8-9c7f2541a1dc#80-t1, previous=(t:1, i:12), leaderCommit=6, initializing? false, entries: <empty>
2019-09-18 17:26:26,579 [EventQueue-PipelineActionsForPipelineActionHandler] ERROR pipeline.PipelineActionHandler (PipelineActionHandler.java:onMessage(60)) - Received pipeline action CLOSE for Pipeline[ Id: 0865e9aa-3ec9-41d2-a431-a8cc8e72deea, Nodes: 35e8f602-e85b-40b3-a2e8-9c7f2541a1dc{ip: 192.168.151.122, host: pr-hdds-2121-ltkqc-3926781246, networkLocation: /default-rack, certSerialId: null}60c95f10-37ee-49eb-b84e-63ada232a784{ip: 192.168.151.122, host: pr-hdds-2121-ltkqc-3926781246, networkLocation: /default-rack, certSerialId: null}7ce2171e-d7bb-488f-b53c-71f230bd4ba7{ip: 192.168.151.122, host: pr-hdds-2121-ltkqc-3926781246, networkLocation: /default-rack, certSerialId: null}, Type:RATIS, Factor:THREE, State:CLOSED] from datanode 60c95f10-37ee-49eb-b84e-63ada232a784{ip: 192.168.151.122, host: pr-hdds-2121-ltkqc-3926781246, networkLocation: /default-rack, certSerialId: null}. Reason : 60c95f10-37ee-49eb-b84e-63ada232a784 has not seen follower/s 35e8f602-e85b-40b3-a2e8-9c7f2541a1dc for 172476ms 7ce2171e-d7bb-488f-b53c-71f230bd4ba7 for 172477ms
2019-09-18 17:26:26,579 [EventQueue-PipelineActionsForPipelineActionHandler] INFO  pipeline.SCMPipelineManager (SCMPipelineManager.java:finalizeAndDestroyPipeline(311)) - destroying pipeline:Pipeline[ Id: 0865e9aa-3ec9-41d2-a431-a8cc8e72deea, Nodes: 35e8f602-e85b-40b3-a2e8-9c7f2541a1dc{ip: 192.168.151.122, host: pr-hdds-2121-ltkqc-3926781246, networkLocation: /default-rack, certSerialId: null}60c95f10-37ee-49eb-b84e-63ada232a784{ip: 192.168.151.122, host: pr-hdds-2121-ltkqc-3926781246, networkLocation: /default-rack, certSerialId: null}7ce2171e-d7bb-488f-b53c-71f230bd4ba7{ip: 192.168.151.122, host: pr-hdds-2121-ltkqc-3926781246, networkLocation: /default-rack, certSerialId: null}, Type:RATIS, Factor:THREE, State:CLOSED]
2019-09-18 17:26:28,106 [org.apache.ratis.server.impl.LogAppender$AppenderDaemon$$Lambda$488/1062446665@3de28d13] ERROR ratis.XceiverServerRatis (XceiverServerRatis.java:triggerPipelineClose(575)) - pipeline Action CLOSE  on pipeline PipelineID=0865e9aa-3ec9-41d2-a431-a8cc8e72deea.Reason : 60c95f10-37ee-49eb-b84e-63ada232a784 has not seen follower/s 35e8f602-e85b-40b3-a2e8-9c7f2541a1dc for 174977ms 7ce2171e-d7bb-488f-b53c-71f230bd4ba7 for 174978ms
2019-09-18 17:26:28,109 [org.apache.ratis.server.impl.LogAppender$AppenderDaemon$$Lambda$488/1062446665@b69313d] ERROR ratis.XceiverServerRatis (XceiverServerRatis.java:triggerPipelineClose(575)) - pipeline Action CLOSE  on pipeline PipelineID=0865e9aa-3ec9-41d2-a431-a8cc8e72deea.Reason : 60c95f10-37ee-49eb-b84e-63ada232a784 has not seen follower/s 35e8f602-e85b-40b3-a2e8-9c7f2541a1dc for 174981ms 7ce2171e-d7bb-488f-b53c-71f230bd4ba7 for 174981ms
2019-09-18 17:26:28,580 [EventQueue-PipelineActionsForPipelineActionHandler] ERROR pipeline.PipelineActionHandler (PipelineActionHandler.java:onMessage(60)) - Received pipeline action CLOSE for Pipeline[ Id: 0865e9aa-3ec9-41d2-a431-a8cc8e72deea, Nodes: 35e8f602-e85b-40b3-a2e8-9c7f2541a1dc{ip: 192.168.151.122, host: pr-hdds-2121-ltkqc-3926781246, networkLocation: /default-rack, certSerialId: null}60c95f10-37ee-49eb-b84e-63ada232a784{ip: 192.168.151.122, host: pr-hdds-2121-ltkqc-3926781246, networkLocation: /default-rack, certSerialId: null}7ce2171e-d7bb-488f-b53c-71f230bd4ba7{ip: 192.168.151.122, host: pr-hdds-2121-ltkqc-3926781246, networkLocation: /default-rack, certSerialId: null}, Type:RATIS, Factor:THREE, State:CLOSED] from datanode 60c95f10-37ee-49eb-b84e-63ada232a784{ip: 192.168.151.122, host: pr-hdds-2121-ltkqc-3926781246, networkLocation: /default-rack, certSerialId: null}. Reason : 60c95f10-37ee-49eb-b84e-63ada232a784 has not seen follower/s 35e8f602-e85b-40b3-a2e8-9c7f2541a1dc for 174977ms 7ce2171e-d7bb-488f-b53c-71f230bd4ba7 for 174978ms
2019-09-18 17:26:28,581 [EventQueue-PipelineActionsForPipelineActionHandler] INFO  pipeline.SCMPipelineManager (SCMPipelineManager.java:finalizeAndDestroyPipeline(311)) - destroying pipeline:Pipeline[ Id: 0865e9aa-3ec9-41d2-a431-a8cc8e72deea, Nodes: 35e8f602-e85b-40b3-a2e8-9c7f2541a1dc{ip: 192.168.151.122, host: pr-hdds-2121-ltkqc-3926781246, networkLocation: /default-rack, certSerialId: null}60c95f10-37ee-49eb-b84e-63ada232a784{ip: 192.168.151.122, host: pr-hdds-2121-ltkqc-3926781246, networkLocation: /default-rack, certSerialId: null}7ce2171e-d7bb-488f-b53c-71f230bd4ba7{ip: 192.168.151.122, host: pr-hdds-2121-ltkqc-3926781246, networkLocation: /default-rack, certSerialId: null}, Type:RATIS, Factor:THREE, State:CLOSED]
2019-09-18 17:26:28,605 [java.util.concurrent.ThreadPoolExecutor$Worker@5aefd7b9[State = -1, empty queue]] WARN  server.GrpcLogAppender (GrpcLogAppender.java:timeoutAppendRequest(200)) - 60c95f10-37ee-49eb-b84e-63ada232a784@group-A8CC8E72DEEA->7ce2171e-d7bb-488f-b53c-71f230bd4ba7-GrpcLogAppender: appendEntries Timeout, request=60c95f10-37ee-49eb-b84e-63ada232a784->7ce2171e-d7bb-488f-b53c-71f230bd4ba7#81-t1, previous=(t:1, i:12), leaderCommit=6, initializing? false, entries: <empty>
2019-09-18 17:26:28,609 [java.util.concurrent.ThreadPoolExecutor$Worker@290fd5ac[State = -1, empty queue]] WARN  server.GrpcLogAppender (GrpcLogAppender.java:timeoutAppendRequest(200)) - 60c95f10-37ee-49eb-b84e-63ada232a784@group-A8CC8E72DEEA->35e8f602-e85b-40b3-a2e8-9c7f2541a1dc-GrpcLogAppender: appendEntries Timeout, request=60c95f10-37ee-49eb-b84e-63ada232a784->35e8f602-e85b-40b3-a2e8-9c7f2541a1dc#81-t1, previous=(t:1, i:12), leaderCommit=6, initializing? false, entries: <empty>
2019-09-18 17:26:30,358 [grpc-default-executor-4] INFO  client.GrpcClientProtocolClient (GrpcClientProtocolClient.java:onNext(264)) - client-CFDC9F436A43->35e8f602-e85b-40b3-a2e8-9c7f2541a1dc: receive RaftClientReply:client-CFDC9F436A43->35e8f602-e85b-40b3-a2e8-9c7f2541a1dc@group-A8CC8E72DEEA, cid=16, FAILED org.apache.ratis.protocol.NotLeaderException: Server 35e8f602-e85b-40b3-a2e8-9c7f2541a1dc@group-A8CC8E72DEEA is not the leader 60c95f10-37ee-49eb-b84e-63ada232a784:192.168.151.122:37895, logIndex=0, commits[35e8f602-e85b-40b3-a2e8-9c7f2541a1dc:c6, 60c95f10-37ee-49eb-b84e-63ada232a784:c6, 7ce2171e-d7bb-488f-b53c-71f230bd4ba7:c4]
2019-09-18 17:26:30,607 [org.apache.ratis.server.impl.LogAppender$AppenderDaemon$$Lambda$488/1062446665@3de28d13] ERROR ratis.XceiverServerRatis (XceiverServerRatis.java:triggerPipelineClose(575)) - pipeline Action CLOSE  on pipeline PipelineID=0865e9aa-3ec9-41d2-a431-a8cc8e72deea.Reason : 60c95f10-37ee-49eb-b84e-63ada232a784 has not seen follower/s 35e8f602-e85b-40b3-a2e8-9c7f2541a1dc for 177478ms 7ce2171e-d7bb-488f-b53c-71f230bd4ba7 for 177479ms
2019-09-18 17:26:30,610 [org.apache.ratis.server.impl.LogAppender$AppenderDaemon$$Lambda$488/1062446665@b69313d] ERROR ratis.XceiverServerRatis (XceiverServerRatis.java:triggerPipelineClose(575)) - pipeline Action CLOSE  on pipeline PipelineID=0865e9aa-3ec9-41d2-a431-a8cc8e72deea.Reason : 60c95f10-37ee-49eb-b84e-63ada232a784 has not seen follower/s 35e8f602-e85b-40b3-a2e8-9c7f2541a1dc for 177481ms 7ce2171e-d7bb-488f-b53c-71f230bd4ba7 for 177482ms
2019-09-18 17:26:31,106 [java.util.concurrent.ThreadPoolExecutor$Worker@5aefd7b9[State = -1, empty queue]] WARN  server.GrpcLogAppender (GrpcLogAppender.java:timeoutAppendRequest(200)) - 60c95f10-37ee-49eb-b84e-63ada232a784@group-A8CC8E72DEEA->7ce2171e-d7bb-488f-b53c-71f230bd4ba7-GrpcLogAppender: appendEntries Timeout, request=60c95f10-37ee-49eb-b84e-63ada232a784->7ce2171e-d7bb-488f-b53c-71f230bd4ba7#82-t1, previous=(t:1, i:12), leaderCommit=6, initializing? false, entries: <empty>
2019-09-18 17:26:31,109 [java.util.concurrent.ThreadPoolExecutor$Worker@290fd5ac[State = -1, empty queue]] WARN  server.GrpcLogAppender (GrpcLogAppender.java:timeoutAppendRequest(200)) - 60c95f10-37ee-49eb-b84e-63ada232a784@group-A8CC8E72DEEA->35e8f602-e85b-40b3-a2e8-9c7f2541a1dc-GrpcLogAppender: appendEntries Timeout, request=60c95f10-37ee-49eb-b84e-63ada232a784->35e8f602-e85b-40b3-a2e8-9c7f2541a1dc#82-t1, previous=(t:1, i:12), leaderCommit=6, initializing? false, entries: <empty>
2019-09-18 17:26:31,580 [EventQueue-PipelineActionsForPipelineActionHandler] ERROR pipeline.PipelineActionHandler (PipelineActionHandler.java:onMessage(60)) - Received pipeline action CLOSE for Pipeline[ Id: 0865e9aa-3ec9-41d2-a431-a8cc8e72deea, Nodes: 35e8f602-e85b-40b3-a2e8-9c7f2541a1dc{ip: 192.168.151.122, host: pr-hdds-2121-ltkqc-3926781246, networkLocation: /default-rack, certSerialId: null}60c95f10-37ee-49eb-b84e-63ada232a784{ip: 192.168.151.122, host: pr-hdds-2121-ltkqc-3926781246, networkLocation: /default-rack, certSerialId: null}7ce2171e-d7bb-488f-b53c-71f230bd4ba7{ip: 192.168.151.122, host: pr-hdds-2121-ltkqc-3926781246, networkLocation: /default-rack, certSerialId: null}, Type:RATIS, Factor:THREE, State:CLOSED] from datanode 60c95f10-37ee-49eb-b84e-63ada232a784{ip: 192.168.151.122, host: pr-hdds-2121-ltkqc-3926781246, networkLocation: /default-rack, certSerialId: null}. Reason : 60c95f10-37ee-49eb-b84e-63ada232a784 has not seen follower/s 35e8f602-e85b-40b3-a2e8-9c7f2541a1dc for 177478ms 7ce2171e-d7bb-488f-b53c-71f230bd4ba7 for 177479ms
2019-09-18 17:26:31,580 [EventQueue-PipelineActionsForPipelineActionHandler] INFO  pipeline.SCMPipelineManager (SCMPipelineManager.java:finalizeAndDestroyPipeline(311)) - destroying pipeline:Pipeline[ Id: 0865e9aa-3ec9-41d2-a431-a8cc8e72deea, Nodes: 35e8f602-e85b-40b3-a2e8-9c7f2541a1dc{ip: 192.168.151.122, host: pr-hdds-2121-ltkqc-3926781246, networkLocation: /default-rack, certSerialId: null}60c95f10-37ee-49eb-b84e-63ada232a784{ip: 192.168.151.122, host: pr-hdds-2121-ltkqc-3926781246, networkLocation: /default-rack, certSerialId: null}7ce2171e-d7bb-488f-b53c-71f230bd4ba7{ip: 192.168.151.122, host: pr-hdds-2121-ltkqc-3926781246, networkLocation: /default-rack, certSerialId: null}, Type:RATIS, Factor:THREE, State:CLOSED]
2019-09-18 17:26:33,108 [org.apache.ratis.server.impl.LogAppender$AppenderDaemon$$Lambda$488/1062446665@3de28d13] ERROR ratis.XceiverServerRatis (XceiverServerRatis.java:triggerPipelineClose(575)) - pipeline Action CLOSE  on pipeline PipelineID=0865e9aa-3ec9-41d2-a431-a8cc8e72deea.Reason : 60c95f10-37ee-49eb-b84e-63ada232a784 has not seen follower/s 35e8f602-e85b-40b3-a2e8-9c7f2541a1dc for 179980ms 7ce2171e-d7bb-488f-b53c-71f230bd4ba7 for 179980ms
2019-09-18 17:26:33,111 [org.apache.ratis.server.impl.LogAppender$AppenderDaemon$$Lambda$488/1062446665@b69313d] ERROR ratis.XceiverServerRatis (XceiverServerRatis.java:triggerPipelineClose(575)) - pipeline Action CLOSE  on pipeline PipelineID=0865e9aa-3ec9-41d2-a431-a8cc8e72deea.Reason : 60c95f10-37ee-49eb-b84e-63ada232a784 has not seen follower/s 35e8f602-e85b-40b3-a2e8-9c7f2541a1dc for 179982ms 7ce2171e-d7bb-488f-b53c-71f230bd4ba7 for 179982ms
2019-09-18 17:26:33,394 [7ce2171e-d7bb-488f-b53c-71f230bd4ba7@group-A8CC8E72DEEA-SegmentedRaftLogWorker] WARN  segmented.SegmentedRaftLogWorker (SegmentedRaftLogWorker.java:getFromFuture(90)) - Timeout 17/~
org.apache.ratis.protocol.TimeoutIOException: Timeout 10s: WriteLog:7: (t:1, i:7), STATEMACHINELOGENTRY, client-CFDC9F436A43, cid=16-writeStateMachineData
	at org.apache.ratis.util.IOUtils.getFromFuture(IOUtils.java:87)
	at org.apache.ratis.server.raftlog.segmented.SegmentedRaftLogWorker$StateMachineDataPolicy.getFromFuture(SegmentedRaftLogWorker.java:87)
	at org.apache.ratis.server.raftlog.segmented.SegmentedRaftLogWorker$WriteLog.execute(SegmentedRaftLogWorker.java:477)
	at org.apache.ratis.server.raftlog.segmented.SegmentedRaftLogWorker.run(SegmentedRaftLogWorker.java:289)
	at java.lang.Thread.run(Thread.java:748)
Caused by: java.util.concurrent.TimeoutException
	at java.util.concurrent.CompletableFuture.timedGet(CompletableFuture.java:1771)
	at java.util.concurrent.CompletableFuture.get(CompletableFuture.java:1915)
	at org.apache.ratis.util.IOUtils.getFromFuture(IOUtils.java:79)
	... 4 more
2019-09-18 17:26:33,577 [60c95f10-37ee-49eb-b84e-63ada232a784@group-A8CC8E72DEEA-SegmentedRaftLogWorker] WARN  segmented.SegmentedRaftLogWorker (SegmentedRaftLogWorker.java:getFromFuture(90)) - Timeout 17/~
org.apache.ratis.protocol.TimeoutIOException: Timeout 10s: WriteLog:8: (t:1, i:8), STATEMACHINELOGENTRY, client-CFDC9F436A43, cid=17-writeStateMachineData
	at org.apache.ratis.util.IOUtils.getFromFuture(IOUtils.java:87)
	at org.apache.ratis.server.raftlog.segmented.SegmentedRaftLogWorker$StateMachineDataPolicy.getFromFuture(SegmentedRaftLogWorker.java:87)
	at org.apache.ratis.server.raftlog.segmented.SegmentedRaftLogWorker$WriteLog.execute(SegmentedRaftLogWorker.java:477)
	at org.apache.ratis.server.raftlog.segmented.SegmentedRaftLogWorker.run(SegmentedRaftLogWorker.java:289)
	at java.lang.Thread.run(Thread.java:748)
Caused by: java.util.concurrent.TimeoutException
	at java.util.concurrent.CompletableFuture.timedGet(CompletableFuture.java:1771)
	at java.util.concurrent.CompletableFuture.get(CompletableFuture.java:1915)
	at org.apache.ratis.util.IOUtils.getFromFuture(IOUtils.java:79)
	... 4 more
2019-09-18 17:26:33,577 [35e8f602-e85b-40b3-a2e8-9c7f2541a1dc@group-A8CC8E72DEEA-SegmentedRaftLogWorker] WARN  segmented.SegmentedRaftLogWorker (SegmentedRaftLogWorker.java:getFromFuture(90)) - Timeout 17/~
org.apache.ratis.protocol.TimeoutIOException: Timeout 10s: WriteLog:10: (t:1, i:10), STATEMACHINELOGENTRY, client-CFDC9F436A43, cid=19-writeStateMachineData
	at org.apache.ratis.util.IOUtils.getFromFuture(IOUtils.java:87)
	at org.apache.ratis.server.raftlog.segmented.SegmentedRaftLogWorker$StateMachineDataPolicy.getFromFuture(SegmentedRaftLogWorker.java:87)
	at org.apache.ratis.server.raftlog.segmented.SegmentedRaftLogWorker$WriteLog.execute(SegmentedRaftLogWorker.java:477)
	at org.apache.ratis.server.raftlog.segmented.SegmentedRaftLogWorker.run(SegmentedRaftLogWorker.java:289)
	at java.lang.Thread.run(Thread.java:748)
Caused by: java.util.concurrent.TimeoutException
	at java.util.concurrent.CompletableFuture.timedGet(CompletableFuture.java:1771)
	at java.util.concurrent.CompletableFuture.get(CompletableFuture.java:1915)
	at org.apache.ratis.util.IOUtils.getFromFuture(IOUtils.java:79)
	... 4 more
2019-09-18 17:26:33,582 [EventQueue-PipelineActionsForPipelineActionHandler] ERROR pipeline.PipelineActionHandler (PipelineActionHandler.java:onMessage(60)) - Received pipeline action CLOSE for Pipeline[ Id: 0865e9aa-3ec9-41d2-a431-a8cc8e72deea, Nodes: 35e8f602-e85b-40b3-a2e8-9c7f2541a1dc{ip: 192.168.151.122, host: pr-hdds-2121-ltkqc-3926781246, networkLocation: /default-rack, certSerialId: null}60c95f10-37ee-49eb-b84e-63ada232a784{ip: 192.168.151.122, host: pr-hdds-2121-ltkqc-3926781246, networkLocation: /default-rack, certSerialId: null}7ce2171e-d7bb-488f-b53c-71f230bd4ba7{ip: 192.168.151.122, host: pr-hdds-2121-ltkqc-3926781246, networkLocation: /default-rack, certSerialId: null}, Type:RATIS, Factor:THREE, State:CLOSED] from datanode 60c95f10-37ee-49eb-b84e-63ada232a784{ip: 192.168.151.122, host: pr-hdds-2121-ltkqc-3926781246, networkLocation: /default-rack, certSerialId: null}. Reason : 60c95f10-37ee-49eb-b84e-63ada232a784 has not seen follower/s 35e8f602-e85b-40b3-a2e8-9c7f2541a1dc for 179980ms 7ce2171e-d7bb-488f-b53c-71f230bd4ba7 for 179980ms
2019-09-18 17:26:33,582 [EventQueue-PipelineActionsForPipelineActionHandler] INFO  pipeline.SCMPipelineManager (SCMPipelineManager.java:finalizeAndDestroyPipeline(311)) - destroying pipeline:Pipeline[ Id: 0865e9aa-3ec9-41d2-a431-a8cc8e72deea, Nodes: 35e8f602-e85b-40b3-a2e8-9c7f2541a1dc{ip: 192.168.151.122, host: pr-hdds-2121-ltkqc-3926781246, networkLocation: /default-rack, certSerialId: null}60c95f10-37ee-49eb-b84e-63ada232a784{ip: 192.168.151.122, host: pr-hdds-2121-ltkqc-3926781246, networkLocation: /default-rack, certSerialId: null}7ce2171e-d7bb-488f-b53c-71f230bd4ba7{ip: 192.168.151.122, host: pr-hdds-2121-ltkqc-3926781246, networkLocation: /default-rack, certSerialId: null}, Type:RATIS, Factor:THREE, State:CLOSED]
2019-09-18 17:26:33,607 [java.util.concurrent.ThreadPoolExecutor$Worker@5aefd7b9[State = -1, empty queue]] WARN  server.GrpcLogAppender (GrpcLogAppender.java:timeoutAppendRequest(200)) - 60c95f10-37ee-49eb-b84e-63ada232a784@group-A8CC8E72DEEA->7ce2171e-d7bb-488f-b53c-71f230bd4ba7-GrpcLogAppender: appendEntries Timeout, request=60c95f10-37ee-49eb-b84e-63ada232a784->7ce2171e-d7bb-488f-b53c-71f230bd4ba7#83-t1, previous=(t:1, i:12), leaderCommit=6, initializing? false, entries: <empty>
2019-09-18 17:26:33,610 [java.util.concurrent.ThreadPoolExecutor$Worker@290fd5ac[State = -1, empty queue]] WARN  server.GrpcLogAppender (GrpcLogAppender.java:timeoutAppendRequest(200)) - 60c95f10-37ee-49eb-b84e-63ada232a784@group-A8CC8E72DEEA->35e8f602-e85b-40b3-a2e8-9c7f2541a1dc-GrpcLogAppender: appendEntries Timeout, request=60c95f10-37ee-49eb-b84e-63ada232a784->35e8f602-e85b-40b3-a2e8-9c7f2541a1dc#83-t1, previous=(t:1, i:12), leaderCommit=6, initializing? false, entries: <empty>
2019-09-18 17:26:35,402 [grpc-default-executor-6] INFO  client.GrpcClientProtocolClient (GrpcClientProtocolClient.java:onNext(264)) - client-CFDC9F436A43->7ce2171e-d7bb-488f-b53c-71f230bd4ba7: receive RaftClientReply:client-CFDC9F436A43->7ce2171e-d7bb-488f-b53c-71f230bd4ba7@group-A8CC8E72DEEA, cid=16, FAILED org.apache.ratis.protocol.NotLeaderException: Server 7ce2171e-d7bb-488f-b53c-71f230bd4ba7@group-A8CC8E72DEEA is not the leader 60c95f10-37ee-49eb-b84e-63ada232a784:192.168.151.122:37895, logIndex=0, commits[7ce2171e-d7bb-488f-b53c-71f230bd4ba7:c6, 60c95f10-37ee-49eb-b84e-63ada232a784:c6, 35e8f602-e85b-40b3-a2e8-9c7f2541a1dc:c4]
2019-09-18 17:26:35,609 [org.apache.ratis.server.impl.LogAppender$AppenderDaemon$$Lambda$488/1062446665@3de28d13] ERROR ratis.XceiverServerRatis (XceiverServerRatis.java:triggerPipelineClose(575)) - pipeline Action CLOSE  on pipeline PipelineID=0865e9aa-3ec9-41d2-a431-a8cc8e72deea.Reason : 60c95f10-37ee-49eb-b84e-63ada232a784 has not seen follower/s 35e8f602-e85b-40b3-a2e8-9c7f2541a1dc for 182481ms 7ce2171e-d7bb-488f-b53c-71f230bd4ba7 for 182481ms
2019-09-18 17:26:35,611 [org.apache.ratis.server.impl.LogAppender$AppenderDaemon$$Lambda$488/1062446665@b69313d] ERROR ratis.XceiverServerRatis (XceiverServerRatis.java:triggerPipelineClose(575)) - pipeline Action CLOSE  on pipeline PipelineID=0865e9aa-3ec9-41d2-a431-a8cc8e72deea.Reason : 60c95f10-37ee-49eb-b84e-63ada232a784 has not seen follower/s 35e8f602-e85b-40b3-a2e8-9c7f2541a1dc for 182482ms 7ce2171e-d7bb-488f-b53c-71f230bd4ba7 for 182483ms
2019-09-18 17:26:36,108 [java.util.concurrent.ThreadPoolExecutor$Worker@5aefd7b9[State = -1, empty queue]] WARN  server.GrpcLogAppender (GrpcLogAppender.java:timeoutAppendRequest(200)) - 60c95f10-37ee-49eb-b84e-63ada232a784@group-A8CC8E72DEEA->7ce2171e-d7bb-488f-b53c-71f230bd4ba7-GrpcLogAppender: appendEntries Timeout, request=60c95f10-37ee-49eb-b84e-63ada232a784->7ce2171e-d7bb-488f-b53c-71f230bd4ba7#84-t1, previous=(t:1, i:12), leaderCommit=6, initializing? false, entries: <empty>
2019-09-18 17:26:36,111 [java.util.concurrent.ThreadPoolExecutor$Worker@290fd5ac[State = -1, empty queue]] WARN  server.GrpcLogAppender (GrpcLogAppender.java:timeoutAppendRequest(200)) - 60c95f10-37ee-49eb-b84e-63ada232a784@group-A8CC8E72DEEA->35e8f602-e85b-40b3-a2e8-9c7f2541a1dc-GrpcLogAppender: appendEntries Timeout, request=60c95f10-37ee-49eb-b84e-63ada232a784->35e8f602-e85b-40b3-a2e8-9c7f2541a1dc#84-t1, previous=(t:1, i:12), leaderCommit=6, initializing? false, entries: <empty>
2019-09-18 17:26:36,581 [EventQueue-PipelineActionsForPipelineActionHandler] ERROR pipeline.PipelineActionHandler (PipelineActionHandler.java:onMessage(60)) - Received pipeline action CLOSE for Pipeline[ Id: 0865e9aa-3ec9-41d2-a431-a8cc8e72deea, Nodes: 35e8f602-e85b-40b3-a2e8-9c7f2541a1dc{ip: 192.168.151.122, host: pr-hdds-2121-ltkqc-3926781246, networkLocation: /default-rack, certSerialId: null}60c95f10-37ee-49eb-b84e-63ada232a784{ip: 192.168.151.122, host: pr-hdds-2121-ltkqc-3926781246, networkLocation: /default-rack, certSerialId: null}7ce2171e-d7bb-488f-b53c-71f230bd4ba7{ip: 192.168.151.122, host: pr-hdds-2121-ltkqc-3926781246, networkLocation: /default-rack, certSerialId: null}, Type:RATIS, Factor:THREE, State:CLOSED] from datanode 60c95f10-37ee-49eb-b84e-63ada232a784{ip: 192.168.151.122, host: pr-hdds-2121-ltkqc-3926781246, networkLocation: /default-rack, certSerialId: null}. Reason : 60c95f10-37ee-49eb-b84e-63ada232a784 has not seen follower/s 35e8f602-e85b-40b3-a2e8-9c7f2541a1dc for 182481ms 7ce2171e-d7bb-488f-b53c-71f230bd4ba7 for 182481ms
2019-09-18 17:26:36,581 [EventQueue-PipelineActionsForPipelineActionHandler] INFO  pipeline.SCMPipelineManager (SCMPipelineManager.java:finalizeAndDestroyPipeline(311)) - destroying pipeline:Pipeline[ Id: 0865e9aa-3ec9-41d2-a431-a8cc8e72deea, Nodes: 35e8f602-e85b-40b3-a2e8-9c7f2541a1dc{ip: 192.168.151.122, host: pr-hdds-2121-ltkqc-3926781246, networkLocation: /default-rack, certSerialId: null}60c95f10-37ee-49eb-b84e-63ada232a784{ip: 192.168.151.122, host: pr-hdds-2121-ltkqc-3926781246, networkLocation: /default-rack, certSerialId: null}7ce2171e-d7bb-488f-b53c-71f230bd4ba7{ip: 192.168.151.122, host: pr-hdds-2121-ltkqc-3926781246, networkLocation: /default-rack, certSerialId: null}, Type:RATIS, Factor:THREE, State:CLOSED]
2019-09-18 17:26:38,110 [org.apache.ratis.server.impl.LogAppender$AppenderDaemon$$Lambda$488/1062446665@3de28d13] ERROR ratis.XceiverServerRatis (XceiverServerRatis.java:triggerPipelineClose(575)) - pipeline Action CLOSE  on pipeline PipelineID=0865e9aa-3ec9-41d2-a431-a8cc8e72deea.Reason : 60c95f10-37ee-49eb-b84e-63ada232a784 has not seen follower/s 35e8f602-e85b-40b3-a2e8-9c7f2541a1dc for 184981ms 7ce2171e-d7bb-488f-b53c-71f230bd4ba7 for 184982ms
2019-09-18 17:26:38,112 [org.apache.ratis.server.impl.LogAppender$AppenderDaemon$$Lambda$488/1062446665@b69313d] ERROR ratis.XceiverServerRatis (XceiverServerRatis.java:triggerPipelineClose(575)) - pipeline Action CLOSE  on pipeline PipelineID=0865e9aa-3ec9-41d2-a431-a8cc8e72deea.Reason : 60c95f10-37ee-49eb-b84e-63ada232a784 has not seen follower/s 35e8f602-e85b-40b3-a2e8-9c7f2541a1dc for 184983ms 7ce2171e-d7bb-488f-b53c-71f230bd4ba7 for 184984ms
2019-09-18 17:26:38,580 [EventQueue-PipelineActionsForPipelineActionHandler] ERROR pipeline.PipelineActionHandler (PipelineActionHandler.java:onMessage(60)) - Received pipeline action CLOSE for Pipeline[ Id: 0865e9aa-3ec9-41d2-a431-a8cc8e72deea, Nodes: 35e8f602-e85b-40b3-a2e8-9c7f2541a1dc{ip: 192.168.151.122, host: pr-hdds-2121-ltkqc-3926781246, networkLocation: /default-rack, certSerialId: null}60c95f10-37ee-49eb-b84e-63ada232a784{ip: 192.168.151.122, host: pr-hdds-2121-ltkqc-3926781246, networkLocation: /default-rack, certSerialId: null}7ce2171e-d7bb-488f-b53c-71f230bd4ba7{ip: 192.168.151.122, host: pr-hdds-2121-ltkqc-3926781246, networkLocation: /default-rack, certSerialId: null}, Type:RATIS, Factor:THREE, State:CLOSED] from datanode 60c95f10-37ee-49eb-b84e-63ada232a784{ip: 192.168.151.122, host: pr-hdds-2121-ltkqc-3926781246, networkLocation: /default-rack, certSerialId: null}. Reason : 60c95f10-37ee-49eb-b84e-63ada232a784 has not seen follower/s 35e8f602-e85b-40b3-a2e8-9c7f2541a1dc for 184981ms 7ce2171e-d7bb-488f-b53c-71f230bd4ba7 for 184982ms
2019-09-18 17:26:38,581 [EventQueue-PipelineActionsForPipelineActionHandler] INFO  pipeline.SCMPipelineManager (SCMPipelineManager.java:finalizeAndDestroyPipeline(311)) - destroying pipeline:Pipeline[ Id: 0865e9aa-3ec9-41d2-a431-a8cc8e72deea, Nodes: 35e8f602-e85b-40b3-a2e8-9c7f2541a1dc{ip: 192.168.151.122, host: pr-hdds-2121-ltkqc-3926781246, networkLocation: /default-rack, certSerialId: null}60c95f10-37ee-49eb-b84e-63ada232a784{ip: 192.168.151.122, host: pr-hdds-2121-ltkqc-3926781246, networkLocation: /default-rack, certSerialId: null}7ce2171e-d7bb-488f-b53c-71f230bd4ba7{ip: 192.168.151.122, host: pr-hdds-2121-ltkqc-3926781246, networkLocation: /default-rack, certSerialId: null}, Type:RATIS, Factor:THREE, State:CLOSED]
2019-09-18 17:26:38,609 [java.util.concurrent.ThreadPoolExecutor$Worker@5aefd7b9[State = -1, empty queue]] WARN  server.GrpcLogAppender (GrpcLogAppender.java:timeoutAppendRequest(200)) - 60c95f10-37ee-49eb-b84e-63ada232a784@group-A8CC8E72DEEA->7ce2171e-d7bb-488f-b53c-71f230bd4ba7-GrpcLogAppender: appendEntries Timeout, request=60c95f10-37ee-49eb-b84e-63ada232a784->7ce2171e-d7bb-488f-b53c-71f230bd4ba7#85-t1, previous=(t:1, i:12), leaderCommit=6, initializing? false, entries: <empty>
2019-09-18 17:26:38,611 [java.util.concurrent.ThreadPoolExecutor$Worker@290fd5ac[State = -1, empty queue]] WARN  server.GrpcLogAppender (GrpcLogAppender.java:timeoutAppendRequest(200)) - 60c95f10-37ee-49eb-b84e-63ada232a784@group-A8CC8E72DEEA->35e8f602-e85b-40b3-a2e8-9c7f2541a1dc-GrpcLogAppender: appendEntries Timeout, request=60c95f10-37ee-49eb-b84e-63ada232a784->35e8f602-e85b-40b3-a2e8-9c7f2541a1dc#85-t1, previous=(t:1, i:12), leaderCommit=6, initializing? false, entries: <empty>
2019-09-18 17:26:39,572 [grpc-default-executor-6] INFO  impl.RaftServerProxy (RaftServerProxy.java:remove(95)) - 35e8f602-e85b-40b3-a2e8-9c7f2541a1dc: remove  FOLLOWER 35e8f602-e85b-40b3-a2e8-9c7f2541a1dc@group-A8CC8E72DEEA:t1, leader=60c95f10-37ee-49eb-b84e-63ada232a784, voted=35e8f602-e85b-40b3-a2e8-9c7f2541a1dc, raftlog=35e8f602-e85b-40b3-a2e8-9c7f2541a1dc@group-A8CC8E72DEEA-SegmentedRaftLog:OPENED:c6,f6,i12, conf=0: [60c95f10-37ee-49eb-b84e-63ada232a784:192.168.151.122:37895, 35e8f602-e85b-40b3-a2e8-9c7f2541a1dc:192.168.151.122:46817, 7ce2171e-d7bb-488f-b53c-71f230bd4ba7:192.168.151.122:34310], old=null RUNNING
2019-09-18 17:26:39,576 [grpc-default-executor-6] INFO  impl.RaftServerImpl (RaftServerImpl.java:lambda$shutdown$3(251)) - 35e8f602-e85b-40b3-a2e8-9c7f2541a1dc@group-A8CC8E72DEEA: shutdown
2019-09-18 17:26:39,577 [grpc-default-executor-6] INFO  util.JmxRegister (JmxRegister.java:unregister(73)) - Successfully un-registered JMX Bean with object name Ratis:service=RaftServer,group=group-A8CC8E72DEEA,id=35e8f602-e85b-40b3-a2e8-9c7f2541a1dc
2019-09-18 17:26:39,577 [grpc-default-executor-6] INFO  impl.RoleInfo (RoleInfo.java:shutdownFollowerState(121)) - 35e8f602-e85b-40b3-a2e8-9c7f2541a1dc: shutdown FollowerState
2019-09-18 17:26:39,578 [grpc-default-executor-6] INFO  impl.StateMachineUpdater (StateMachineUpdater.java:stopAndJoin(125)) - 35e8f602-e85b-40b3-a2e8-9c7f2541a1dc@group-A8CC8E72DEEA-StateMachineUpdater: set stopIndex = 6
2019-09-18 17:26:39,578 [Thread-324] INFO  impl.FollowerState (FollowerState.java:run(115)) - 35e8f602-e85b-40b3-a2e8-9c7f2541a1dc: FollowerState was interrupted: java.lang.InterruptedException: sleep interrupted
2019-09-18 17:26:39,579 [35e8f602-e85b-40b3-a2e8-9c7f2541a1dc@group-A8CC8E72DEEA-StateMachineUpdater] INFO  ratis.ContainerStateMachine (ContainerStateMachine.java:takeSnapshot(289)) - group-A8CC8E72DEEA: Taking a snapshot at:(t:1, i:4) file /workdir/hadoop-ozone/integration-test/target/test-dir/MiniOzoneClusterImpl-b34fcd95-ddd9-49f6-9e80-ffea83eaa9ea/datanode-2/data/ratis/0865e9aa-3ec9-41d2-a431-a8cc8e72deea/sm/snapshot.1_4
2019-09-18 17:26:39,612 [35e8f602-e85b-40b3-a2e8-9c7f2541a1dc@group-A8CC8E72DEEA-StateMachineUpdater] INFO  ratis.ContainerStateMachine (ContainerStateMachine.java:takeSnapshot(300)) - group-A8CC8E72DEEA: Finished taking a snapshot at:(t:1, i:4) file:/workdir/hadoop-ozone/integration-test/target/test-dir/MiniOzoneClusterImpl-b34fcd95-ddd9-49f6-9e80-ffea83eaa9ea/datanode-2/data/ratis/0865e9aa-3ec9-41d2-a431-a8cc8e72deea/sm/snapshot.1_4 time:35
2019-09-18 17:26:39,619 [35e8f602-e85b-40b3-a2e8-9c7f2541a1dc@group-A8CC8E72DEEA-StateMachineUpdater] INFO  impl.StateMachineUpdater (StateMachineUpdater.java:takeSnapshot(258)) - 35e8f602-e85b-40b3-a2e8-9c7f2541a1dc@group-A8CC8E72DEEA-StateMachineUpdater: Took a snapshot at index 4
2019-09-18 17:26:39,621 [35e8f602-e85b-40b3-a2e8-9c7f2541a1dc@group-A8CC8E72DEEA-StateMachineUpdater] INFO  impl.StateMachineUpdater (StateMachineUpdater.java:lambda$new$0(83)) - 35e8f602-e85b-40b3-a2e8-9c7f2541a1dc@group-A8CC8E72DEEA-StateMachineUpdater: snapshotIndex: updateIncreasingly -1 -> 4
2019-09-18 17:26:39,627 [35e8f602-e85b-40b3-a2e8-9c7f2541a1dc@group-A8CC8E72DEEA-StateMachineUpdater] INFO  ratis.ContainerStateMachine (ContainerStateMachine.java:takeSnapshot(289)) - group-A8CC8E72DEEA: Taking a snapshot at:(t:1, i:4) file /workdir/hadoop-ozone/integration-test/target/test-dir/MiniOzoneClusterImpl-b34fcd95-ddd9-49f6-9e80-ffea83eaa9ea/datanode-2/data/ratis/0865e9aa-3ec9-41d2-a431-a8cc8e72deea/sm/snapshot.1_4
2019-09-18 17:26:39,629 [35e8f602-e85b-40b3-a2e8-9c7f2541a1dc@group-A8CC8E72DEEA-StateMachineUpdater] INFO  ratis.ContainerStateMachine (ContainerStateMachine.java:takeSnapshot(300)) - group-A8CC8E72DEEA: Finished taking a snapshot at:(t:1, i:4) file:/workdir/hadoop-ozone/integration-test/target/test-dir/MiniOzoneClusterImpl-b34fcd95-ddd9-49f6-9e80-ffea83eaa9ea/datanode-2/data/ratis/0865e9aa-3ec9-41d2-a431-a8cc8e72deea/sm/snapshot.1_4 time:3
2019-09-18 17:26:39,630 [35e8f602-e85b-40b3-a2e8-9c7f2541a1dc@group-A8CC8E72DEEA-StateMachineUpdater] INFO  impl.StateMachineUpdater (StateMachineUpdater.java:takeSnapshot(258)) - 35e8f602-e85b-40b3-a2e8-9c7f2541a1dc@group-A8CC8E72DEEA-StateMachineUpdater: Took a snapshot at index 4
2019-09-18 17:26:39,630 [35e8f602-e85b-40b3-a2e8-9c7f2541a1dc@group-A8CC8E72DEEA-StateMachineUpdater] INFO  impl.StateMachineUpdater (StateMachineUpdater.java:lambda$new$0(83)) - 35e8f602-e85b-40b3-a2e8-9c7f2541a1dc@group-A8CC8E72DEEA-StateMachineUpdater: snapshotIndex: updateIncreasingly 4 -> 4
2019-09-18 17:26:39,630 [grpc-default-executor-6] INFO  impl.RaftServerImpl (ServerState.java:close(385)) - 35e8f602-e85b-40b3-a2e8-9c7f2541a1dc@group-A8CC8E72DEEA: closes. applyIndex: 6
2019-09-18 17:26:39,640 [35e8f602-e85b-40b3-a2e8-9c7f2541a1dc@group-A8CC8E72DEEA-SegmentedRaftLogWorker] ERROR ratis.XceiverServerRatis (XceiverServerRatis.java:triggerPipelineClose(575)) - pipeline Action CLOSE  on pipeline PipelineID=0865e9aa-3ec9-41d2-a431-a8cc8e72deea.Reason : WriteLog:10: (t:1, i:10), STATEMACHINELOGENTRY, client-CFDC9F436A43, cid=19-writeStateMachineData interrupted.
2019-09-18 17:26:39,643 [EventQueue-PipelineActionsForPipelineActionHandler] ERROR pipeline.PipelineActionHandler (PipelineActionHandler.java:onMessage(60)) - Received pipeline action CLOSE for Pipeline[ Id: 0865e9aa-3ec9-41d2-a431-a8cc8e72deea, Nodes: 35e8f602-e85b-40b3-a2e8-9c7f2541a1dc{ip: 192.168.151.122, host: pr-hdds-2121-ltkqc-3926781246, networkLocation: /default-rack, certSerialId: null}60c95f10-37ee-49eb-b84e-63ada232a784{ip: 192.168.151.122, host: pr-hdds-2121-ltkqc-3926781246, networkLocation: /default-rack, certSerialId: null}7ce2171e-d7bb-488f-b53c-71f230bd4ba7{ip: 192.168.151.122, host: pr-hdds-2121-ltkqc-3926781246, networkLocation: /default-rack, certSerialId: null}, Type:RATIS, Factor:THREE, State:CLOSED] from datanode 35e8f602-e85b-40b3-a2e8-9c7f2541a1dc{ip: 192.168.151.122, host: pr-hdds-2121-ltkqc-3926781246, networkLocation: /default-rack, certSerialId: null}. Reason : WriteLog:10: (t:1, i:10), STATEMACHINELOGENTRY, client-CFDC9F436A43, cid=19-writeStateMachineData interrupted.
2019-09-18 17:26:39,645 [EventQueue-PipelineActionsForPipelineActionHandler] INFO  pipeline.SCMPipelineManager (SCMPipelineManager.java:finalizeAndDestroyPipeline(311)) - destroying pipeline:Pipeline[ Id: 0865e9aa-3ec9-41d2-a431-a8cc8e72deea, Nodes: 35e8f602-e85b-40b3-a2e8-9c7f2541a1dc{ip: 192.168.151.122, host: pr-hdds-2121-ltkqc-3926781246, networkLocation: /default-rack, certSerialId: null}60c95f10-37ee-49eb-b84e-63ada232a784{ip: 192.168.151.122, host: pr-hdds-2121-ltkqc-3926781246, networkLocation: /default-rack, certSerialId: null}7ce2171e-d7bb-488f-b53c-71f230bd4ba7{ip: 192.168.151.122, host: pr-hdds-2121-ltkqc-3926781246, networkLocation: /default-rack, certSerialId: null}, Type:RATIS, Factor:THREE, State:CLOSED]
2019-09-18 17:26:39,647 [grpc-default-executor-6] INFO  segmented.SegmentedRaftLogWorker (SegmentedRaftLogWorker.java:close(228)) - 35e8f602-e85b-40b3-a2e8-9c7f2541a1dc@group-A8CC8E72DEEA-SegmentedRaftLogWorker close()
2019-09-18 17:26:39,658 [grpc-default-executor-6] INFO  interfaces.Container (KeyValueContainer.java:flushAndSyncDB(386)) - Container 1 is synced with bcsId 4.
2019-09-18 17:26:39,658 [grpc-default-executor-6] INFO  interfaces.Container (KeyValueContainer.java:flushAndSyncDB(386)) - Container 1 is synced with bcsId 4.
2019-09-18 17:26:39,667 [EventQueue-IncrementalContainerReportForIncrementalContainerReportHandler] INFO  container.IncrementalContainerReportHandler (AbstractContainerReportHandler.java:updateContainerState(169)) - Moving container #1 to QUASI_CLOSED state, datanode 35e8f602-e85b-40b3-a2e8-9c7f2541a1dc{ip: 192.168.151.122, host: pr-hdds-2121-ltkqc-3926781246, networkLocation: /default-rack, certSerialId: null} reported QUASI_CLOSED replica.
2019-09-18 17:26:39,684 [grpc-default-executor-6] INFO  interfaces.Container (KeyValueContainer.java:flushAndSyncDB(386)) - Container 2 is synced with bcsId 0.
2019-09-18 17:26:39,684 [grpc-default-executor-6] INFO  interfaces.Container (KeyValueContainer.java:flushAndSyncDB(386)) - Container 2 is synced with bcsId 0.
2019-09-18 17:26:39,691 [EventQueue-IncrementalContainerReportForIncrementalContainerReportHandler] INFO  container.IncrementalContainerReportHandler (AbstractContainerReportHandler.java:updateContainerState(169)) - Moving container #2 to QUASI_CLOSED state, datanode 35e8f602-e85b-40b3-a2e8-9c7f2541a1dc{ip: 192.168.151.122, host: pr-hdds-2121-ltkqc-3926781246, networkLocation: /default-rack, certSerialId: null} reported QUASI_CLOSED replica.
2019-09-18 17:26:39,703 [grpc-default-executor-6] INFO  impl.RaftServerProxy (RaftServerProxy.java:remove(95)) - 60c95f10-37ee-49eb-b84e-63ada232a784: remove    LEADER 60c95f10-37ee-49eb-b84e-63ada232a784@group-A8CC8E72DEEA:t1, leader=60c95f10-37ee-49eb-b84e-63ada232a784, voted=60c95f10-37ee-49eb-b84e-63ada232a784, raftlog=60c95f10-37ee-49eb-b84e-63ada232a784@group-A8CC8E72DEEA-SegmentedRaftLog:OPENED:c6,f6,i12, conf=0: [60c95f10-37ee-49eb-b84e-63ada232a784:192.168.151.122:37895, 35e8f602-e85b-40b3-a2e8-9c7f2541a1dc:192.168.151.122:46817, 7ce2171e-d7bb-488f-b53c-71f230bd4ba7:192.168.151.122:34310], old=null RUNNING
2019-09-18 17:26:39,703 [grpc-default-executor-6] INFO  impl.RaftServerImpl (RaftServerImpl.java:lambda$shutdown$3(251)) - 60c95f10-37ee-49eb-b84e-63ada232a784@group-A8CC8E72DEEA: shutdown
2019-09-18 17:26:39,703 [grpc-default-executor-6] INFO  util.JmxRegister (JmxRegister.java:unregister(73)) - Successfully un-registered JMX Bean with object name Ratis:service=RaftServer,group=group-A8CC8E72DEEA,id=60c95f10-37ee-49eb-b84e-63ada232a784
2019-09-18 17:26:39,704 [grpc-default-executor-6] INFO  impl.RoleInfo (RoleInfo.java:shutdownLeaderState(104)) - 60c95f10-37ee-49eb-b84e-63ada232a784: shutdown LeaderState
2019-09-18 17:26:39,708 [grpc-default-executor-6] INFO  impl.PendingRequests (PendingRequests.java:sendNotLeaderResponses(202)) - 60c95f10-37ee-49eb-b84e-63ada232a784-PendingRequests: sendNotLeaderResponses
2019-09-18 17:26:39,708 [org.apache.ratis.server.impl.LogAppender$AppenderDaemon$$Lambda$488/1062446665@b69313d] WARN  server.GrpcLogAppender (GrpcLogAppender.java:mayWait(143)) - 60c95f10-37ee-49eb-b84e-63ada232a784@group-A8CC8E72DEEA->35e8f602-e85b-40b3-a2e8-9c7f2541a1dc-GrpcLogAppender: Wait interrupted by java.lang.InterruptedException
2019-09-18 17:26:39,708 [org.apache.ratis.server.impl.LogAppender$AppenderDaemon$$Lambda$488/1062446665@3de28d13] WARN  server.GrpcLogAppender (GrpcLogAppender.java:mayWait(143)) - 60c95f10-37ee-49eb-b84e-63ada232a784@group-A8CC8E72DEEA->7ce2171e-d7bb-488f-b53c-71f230bd4ba7-GrpcLogAppender: Wait interrupted by java.lang.InterruptedException
2019-09-18 17:26:39,711 [grpc-default-executor-7] INFO  server.GrpcServerProtocolService (GrpcServerProtocolService.java:onCompleted(113)) - 7ce2171e-d7bb-488f-b53c-71f230bd4ba7: Completed APPEND_ENTRIES, lastRequest: 60c95f10-37ee-49eb-b84e-63ada232a784->7ce2171e-d7bb-488f-b53c-71f230bd4ba7#86-t1, previous=(t:1, i:12), leaderCommit=6, initializing? false, entries: <empty>
2019-09-18 17:26:39,711 [grpc-default-executor-4] INFO  server.GrpcServerProtocolService (GrpcServerProtocolService.java:onCompleted(113)) - 35e8f602-e85b-40b3-a2e8-9c7f2541a1dc: Completed APPEND_ENTRIES, lastRequest: 60c95f10-37ee-49eb-b84e-63ada232a784->35e8f602-e85b-40b3-a2e8-9c7f2541a1dc#86-t1, previous=(t:1, i:12), leaderCommit=6, initializing? false, entries: <empty>
2019-09-18 17:26:39,713 [grpc-default-executor-4] INFO  server.GrpcLogAppender (GrpcLogAppender.java:onCompleted(293)) - 60c95f10-37ee-49eb-b84e-63ada232a784@group-A8CC8E72DEEA->7ce2171e-d7bb-488f-b53c-71f230bd4ba7-AppendLogResponseHandler: follower responses appendEntries COMPLETED
2019-09-18 17:26:39,713 [grpc-default-executor-7] INFO  server.GrpcLogAppender (GrpcLogAppender.java:onCompleted(293)) - 60c95f10-37ee-49eb-b84e-63ada232a784@group-A8CC8E72DEEA->35e8f602-e85b-40b3-a2e8-9c7f2541a1dc-AppendLogResponseHandler: follower responses appendEntries COMPLETED
2019-09-18 17:26:39,715 [grpc-default-executor-7] INFO  impl.FollowerInfo (FollowerInfo.java:lambda$new$0(51)) - 60c95f10-37ee-49eb-b84e-63ada232a784@group-A8CC8E72DEEA->35e8f602-e85b-40b3-a2e8-9c7f2541a1dc: nextIndex: updateUnconditionally 13 -> 7
2019-09-18 17:26:39,715 [grpc-default-executor-4] INFO  impl.FollowerInfo (FollowerInfo.java:lambda$new$0(51)) - 60c95f10-37ee-49eb-b84e-63ada232a784@group-A8CC8E72DEEA->7ce2171e-d7bb-488f-b53c-71f230bd4ba7: nextIndex: updateUnconditionally 13 -> 7
2019-09-18 17:26:39,722 [Command processor thread] ERROR commandhandler.CloseContainerCommandHandler (CloseContainerCommandHandler.java:handle(125)) - Can't close container #2
java.io.IOException: org.apache.ratis.protocol.GroupMismatchException: 60c95f10-37ee-49eb-b84e-63ada232a784: group-A8CC8E72DEEA not found.
	at org.apache.hadoop.ozone.container.common.transport.server.ratis.XceiverServerRatis.submitRequest(XceiverServerRatis.java:502)
	at org.apache.hadoop.ozone.container.common.statemachine.commandhandler.CloseContainerCommandHandler.handle(CloseContainerCommandHandler.java:102)
	at org.apache.hadoop.ozone.container.common.statemachine.commandhandler.CommandDispatcher.handle(CommandDispatcher.java:99)
	at org.apache.hadoop.ozone.container.common.statemachine.DatanodeStateMachine.lambda$initCommandHandlerThread$1(DatanodeStateMachine.java:432)
	at java.lang.Thread.run(Thread.java:748)
Caused by: java.util.concurrent.ExecutionException: org.apache.ratis.protocol.GroupMismatchException: 60c95f10-37ee-49eb-b84e-63ada232a784: group-A8CC8E72DEEA not found.
	at java.util.concurrent.CompletableFuture.reportGet(CompletableFuture.java:357)
	at java.util.concurrent.CompletableFuture.get(CompletableFuture.java:1895)
	at org.apache.hadoop.ozone.container.common.transport.server.ratis.XceiverServerRatis.submitRequest(XceiverServerRatis.java:500)
	... 4 more
Caused by: org.apache.ratis.protocol.GroupMismatchException: 60c95f10-37ee-49eb-b84e-63ada232a784: group-A8CC8E72DEEA not found.
	at org.apache.ratis.server.impl.RaftServerProxy$ImplMap.get(RaftServerProxy.java:122)
	at org.apache.ratis.server.impl.RaftServerProxy.getImplFuture(RaftServerProxy.java:269)
	at org.apache.ratis.server.impl.RaftServerProxy.submitRequest(RaftServerProxy.java:327)
	at org.apache.ratis.server.impl.RaftServerProxy.submitClientRequestAsync(RaftServerProxy.java:333)
	... 5 more
2019-09-18 17:26:39,732 [grpc-default-executor-6] INFO  impl.StateMachineUpdater (StateMachineUpdater.java:stopAndJoin(125)) - 60c95f10-37ee-49eb-b84e-63ada232a784@group-A8CC8E72DEEA-StateMachineUpdater: set stopIndex = 6
2019-09-18 17:26:39,732 [60c95f10-37ee-49eb-b84e-63ada232a784@group-A8CC8E72DEEA-StateMachineUpdater] INFO  ratis.ContainerStateMachine (ContainerStateMachine.java:takeSnapshot(289)) - group-A8CC8E72DEEA: Taking a snapshot at:(t:1, i:6) file /workdir/hadoop-ozone/integration-test/target/test-dir/MiniOzoneClusterImpl-b34fcd95-ddd9-49f6-9e80-ffea83eaa9ea/datanode-5/data/ratis/0865e9aa-3ec9-41d2-a431-a8cc8e72deea/sm/snapshot.1_6
2019-09-18 17:26:39,739 [60c95f10-37ee-49eb-b84e-63ada232a784@group-A8CC8E72DEEA-StateMachineUpdater] INFO  ratis.ContainerStateMachine (ContainerStateMachine.java:takeSnapshot(300)) - group-A8CC8E72DEEA: Finished taking a snapshot at:(t:1, i:6) file:/workdir/hadoop-ozone/integration-test/target/test-dir/MiniOzoneClusterImpl-b34fcd95-ddd9-49f6-9e80-ffea83eaa9ea/datanode-5/data/ratis/0865e9aa-3ec9-41d2-a431-a8cc8e72deea/sm/snapshot.1_6 time:7
2019-09-18 17:26:39,740 [60c95f10-37ee-49eb-b84e-63ada232a784@group-A8CC8E72DEEA-StateMachineUpdater] INFO  impl.StateMachineUpdater (StateMachineUpdater.java:takeSnapshot(258)) - 60c95f10-37ee-49eb-b84e-63ada232a784@group-A8CC8E72DEEA-StateMachineUpdater: Took a snapshot at index 6
2019-09-18 17:26:39,740 [60c95f10-37ee-49eb-b84e-63ada232a784@group-A8CC8E72DEEA-StateMachineUpdater] INFO  impl.StateMachineUpdater (StateMachineUpdater.java:lambda$new$0(83)) - 60c95f10-37ee-49eb-b84e-63ada232a784@group-A8CC8E72DEEA-StateMachineUpdater: snapshotIndex: updateIncreasingly -1 -> 6
2019-09-18 17:26:39,740 [grpc-default-executor-6] INFO  impl.RaftServerImpl (ServerState.java:close(385)) - 60c95f10-37ee-49eb-b84e-63ada232a784@group-A8CC8E72DEEA: closes. applyIndex: 6
2019-09-18 17:26:39,741 [60c95f10-37ee-49eb-b84e-63ada232a784@group-A8CC8E72DEEA-SegmentedRaftLogWorker] ERROR ratis.XceiverServerRatis (XceiverServerRatis.java:triggerPipelineClose(575)) - pipeline Action CLOSE  on pipeline PipelineID=0865e9aa-3ec9-41d2-a431-a8cc8e72deea.Reason : WriteLog:8: (t:1, i:8), STATEMACHINELOGENTRY, client-CFDC9F436A43, cid=17-writeStateMachineData interrupted.
2019-09-18 17:26:39,744 [EventQueue-PipelineActionsForPipelineActionHandler] ERROR pipeline.PipelineActionHandler (PipelineActionHandler.java:onMessage(60)) - Received pipeline action CLOSE for Pipeline[ Id: 0865e9aa-3ec9-41d2-a431-a8cc8e72deea, Nodes: 35e8f602-e85b-40b3-a2e8-9c7f2541a1dc{ip: 192.168.151.122, host: pr-hdds-2121-ltkqc-3926781246, networkLocation: /default-rack, certSerialId: null}60c95f10-37ee-49eb-b84e-63ada232a784{ip: 192.168.151.122, host: pr-hdds-2121-ltkqc-3926781246, networkLocation: /default-rack, certSerialId: null}7ce2171e-d7bb-488f-b53c-71f230bd4ba7{ip: 192.168.151.122, host: pr-hdds-2121-ltkqc-3926781246, networkLocation: /default-rack, certSerialId: null}, Type:RATIS, Factor:THREE, State:CLOSED] from datanode 60c95f10-37ee-49eb-b84e-63ada232a784{ip: 192.168.151.122, host: pr-hdds-2121-ltkqc-3926781246, networkLocation: /default-rack, certSerialId: null}. Reason : WriteLog:8: (t:1, i:8), STATEMACHINELOGENTRY, client-CFDC9F436A43, cid=17-writeStateMachineData interrupted.
2019-09-18 17:26:39,744 [EventQueue-PipelineActionsForPipelineActionHandler] INFO  pipeline.SCMPipelineManager (SCMPipelineManager.java:finalizeAndDestroyPipeline(311)) - destroying pipeline:Pipeline[ Id: 0865e9aa-3ec9-41d2-a431-a8cc8e72deea, Nodes: 35e8f602-e85b-40b3-a2e8-9c7f2541a1dc{ip: 192.168.151.122, host: pr-hdds-2121-ltkqc-3926781246, networkLocation: /default-rack, certSerialId: null}60c95f10-37ee-49eb-b84e-63ada232a784{ip: 192.168.151.122, host: pr-hdds-2121-ltkqc-3926781246, networkLocation: /default-rack, certSerialId: null}7ce2171e-d7bb-488f-b53c-71f230bd4ba7{ip: 192.168.151.122, host: pr-hdds-2121-ltkqc-3926781246, networkLocation: /default-rack, certSerialId: null}, Type:RATIS, Factor:THREE, State:CLOSED]
2019-09-18 17:26:39,751 [grpc-default-executor-6] INFO  segmented.SegmentedRaftLogWorker (SegmentedRaftLogWorker.java:close(228)) - 60c95f10-37ee-49eb-b84e-63ada232a784@group-A8CC8E72DEEA-SegmentedRaftLogWorker close()
2019-09-18 17:26:39,768 [grpc-default-executor-6] INFO  interfaces.Container (KeyValueContainer.java:flushAndSyncDB(386)) - Container 1 is synced with bcsId 4.
2019-09-18 17:26:39,769 [grpc-default-executor-6] INFO  interfaces.Container (KeyValueContainer.java:flushAndSyncDB(386)) - Container 1 is synced with bcsId 4.
2019-09-18 17:26:39,843 [grpc-default-executor-6] INFO  interfaces.Container (KeyValueContainer.java:flushAndSyncDB(386)) - Container 2 is synced with bcsId 0.
2019-09-18 17:26:39,843 [grpc-default-executor-6] INFO  interfaces.Container (KeyValueContainer.java:flushAndSyncDB(386)) - Container 2 is synced with bcsId 0.
2019-09-18 17:26:39,872 [grpc-default-executor-6] INFO  impl.RaftServerProxy (RaftServerProxy.java:remove(95)) - 7ce2171e-d7bb-488f-b53c-71f230bd4ba7: remove  FOLLOWER 7ce2171e-d7bb-488f-b53c-71f230bd4ba7@group-A8CC8E72DEEA:t1, leader=60c95f10-37ee-49eb-b84e-63ada232a784, voted=60c95f10-37ee-49eb-b84e-63ada232a784, raftlog=7ce2171e-d7bb-488f-b53c-71f230bd4ba7@group-A8CC8E72DEEA-SegmentedRaftLog:OPENED:c6,f6,i12, conf=0: [60c95f10-37ee-49eb-b84e-63ada232a784:192.168.151.122:37895, 35e8f602-e85b-40b3-a2e8-9c7f2541a1dc:192.168.151.122:46817, 7ce2171e-d7bb-488f-b53c-71f230bd4ba7:192.168.151.122:34310], old=null RUNNING
2019-09-18 17:26:39,872 [grpc-default-executor-6] INFO  impl.RaftServerImpl (RaftServerImpl.java:lambda$shutdown$3(251)) - 7ce2171e-d7bb-488f-b53c-71f230bd4ba7@group-A8CC8E72DEEA: shutdown
2019-09-18 17:26:39,873 [grpc-default-executor-6] INFO  util.JmxRegister (JmxRegister.java:unregister(73)) - Successfully un-registered JMX Bean with object name Ratis:service=RaftServer,group=group-A8CC8E72DEEA,id=7ce2171e-d7bb-488f-b53c-71f230bd4ba7
2019-09-18 17:26:39,873 [grpc-default-executor-6] INFO  impl.RoleInfo (RoleInfo.java:shutdownFollowerState(121)) - 7ce2171e-d7bb-488f-b53c-71f230bd4ba7: shutdown FollowerState
2019-09-18 17:26:39,873 [grpc-default-executor-6] INFO  impl.StateMachineUpdater (StateMachineUpdater.java:stopAndJoin(125)) - 7ce2171e-d7bb-488f-b53c-71f230bd4ba7@group-A8CC8E72DEEA-StateMachineUpdater: set stopIndex = 6
2019-09-18 17:26:39,873 [Thread-320] INFO  impl.FollowerState (FollowerState.java:run(115)) - 7ce2171e-d7bb-488f-b53c-71f230bd4ba7: FollowerState was interrupted: java.lang.InterruptedException: sleep interrupted
2019-09-18 17:26:39,873 [7ce2171e-d7bb-488f-b53c-71f230bd4ba7@group-A8CC8E72DEEA-StateMachineUpdater] INFO  ratis.ContainerStateMachine (ContainerStateMachine.java:takeSnapshot(289)) - group-A8CC8E72DEEA: Taking a snapshot at:(t:1, i:4) file /workdir/hadoop-ozone/integration-test/target/test-dir/MiniOzoneClusterImpl-b34fcd95-ddd9-49f6-9e80-ffea83eaa9ea/datanode-6/data/ratis/0865e9aa-3ec9-41d2-a431-a8cc8e72deea/sm/snapshot.1_4
2019-09-18 17:26:39,888 [7ce2171e-d7bb-488f-b53c-71f230bd4ba7@group-A8CC8E72DEEA-StateMachineUpdater] INFO  ratis.ContainerStateMachine (ContainerStateMachine.java:takeSnapshot(300)) - group-A8CC8E72DEEA: Finished taking a snapshot at:(t:1, i:4) file:/workdir/hadoop-ozone/integration-test/target/test-dir/MiniOzoneClusterImpl-b34fcd95-ddd9-49f6-9e80-ffea83eaa9ea/datanode-6/data/ratis/0865e9aa-3ec9-41d2-a431-a8cc8e72deea/sm/snapshot.1_4 time:16
2019-09-18 17:26:39,889 [7ce2171e-d7bb-488f-b53c-71f230bd4ba7@group-A8CC8E72DEEA-StateMachineUpdater] INFO  impl.StateMachineUpdater (StateMachineUpdater.java:takeSnapshot(258)) - 7ce2171e-d7bb-488f-b53c-71f230bd4ba7@group-A8CC8E72DEEA-StateMachineUpdater: Took a snapshot at index 4
2019-09-18 17:26:39,889 [7ce2171e-d7bb-488f-b53c-71f230bd4ba7@group-A8CC8E72DEEA-StateMachineUpdater] INFO  impl.StateMachineUpdater (StateMachineUpdater.java:lambda$new$0(83)) - 7ce2171e-d7bb-488f-b53c-71f230bd4ba7@group-A8CC8E72DEEA-StateMachineUpdater: snapshotIndex: updateIncreasingly -1 -> 4
2019-09-18 17:26:39,889 [7ce2171e-d7bb-488f-b53c-71f230bd4ba7@group-A8CC8E72DEEA-StateMachineUpdater] INFO  ratis.ContainerStateMachine (ContainerStateMachine.java:takeSnapshot(289)) - group-A8CC8E72DEEA: Taking a snapshot at:(t:1, i:4) file /workdir/hadoop-ozone/integration-test/target/test-dir/MiniOzoneClusterImpl-b34fcd95-ddd9-49f6-9e80-ffea83eaa9ea/datanode-6/data/ratis/0865e9aa-3ec9-41d2-a431-a8cc8e72deea/sm/snapshot.1_4
2019-09-18 17:26:39,914 [7ce2171e-d7bb-488f-b53c-71f230bd4ba7@group-A8CC8E72DEEA-StateMachineUpdater] INFO  ratis.ContainerStateMachine (ContainerStateMachine.java:takeSnapshot(300)) - group-A8CC8E72DEEA: Finished taking a snapshot at:(t:1, i:4) file:/workdir/hadoop-ozone/integration-test/target/test-dir/MiniOzoneClusterImpl-b34fcd95-ddd9-49f6-9e80-ffea83eaa9ea/datanode-6/data/ratis/0865e9aa-3ec9-41d2-a431-a8cc8e72deea/sm/snapshot.1_4 time:25
2019-09-18 17:26:39,914 [7ce2171e-d7bb-488f-b53c-71f230bd4ba7@group-A8CC8E72DEEA-StateMachineUpdater] INFO  impl.StateMachineUpdater (StateMachineUpdater.java:takeSnapshot(258)) - 7ce2171e-d7bb-488f-b53c-71f230bd4ba7@group-A8CC8E72DEEA-StateMachineUpdater: Took a snapshot at index 4
2019-09-18 17:26:39,915 [7ce2171e-d7bb-488f-b53c-71f230bd4ba7@group-A8CC8E72DEEA-StateMachineUpdater] INFO  impl.StateMachineUpdater (StateMachineUpdater.java:lambda$new$0(83)) - 7ce2171e-d7bb-488f-b53c-71f230bd4ba7@group-A8CC8E72DEEA-StateMachineUpdater: snapshotIndex: updateIncreasingly 4 -> 4
2019-09-18 17:26:39,915 [grpc-default-executor-6] INFO  impl.RaftServerImpl (ServerState.java:close(385)) - 7ce2171e-d7bb-488f-b53c-71f230bd4ba7@group-A8CC8E72DEEA: closes. applyIndex: 6
2019-09-18 17:26:39,915 [7ce2171e-d7bb-488f-b53c-71f230bd4ba7@group-A8CC8E72DEEA-SegmentedRaftLogWorker] ERROR ratis.XceiverServerRatis (XceiverServerRatis.java:triggerPipelineClose(575)) - pipeline Action CLOSE  on pipeline PipelineID=0865e9aa-3ec9-41d2-a431-a8cc8e72deea.Reason : WriteLog:7: (t:1, i:7), STATEMACHINELOGENTRY, client-CFDC9F436A43, cid=16-writeStateMachineData interrupted.
2019-09-18 17:26:39,921 [grpc-default-executor-6] INFO  segmented.SegmentedRaftLogWorker (SegmentedRaftLogWorker.java:close(228)) - 7ce2171e-d7bb-488f-b53c-71f230bd4ba7@group-A8CC8E72DEEA-SegmentedRaftLogWorker close()
2019-09-18 17:26:39,925 [EventQueue-PipelineActionsForPipelineActionHandler] ERROR pipeline.PipelineActionHandler (PipelineActionHandler.java:onMessage(60)) - Received pipeline action CLOSE for Pipeline[ Id: 0865e9aa-3ec9-41d2-a431-a8cc8e72deea, Nodes: 35e8f602-e85b-40b3-a2e8-9c7f2541a1dc{ip: 192.168.151.122, host: pr-hdds-2121-ltkqc-3926781246, networkLocation: /default-rack, certSerialId: null}60c95f10-37ee-49eb-b84e-63ada232a784{ip: 192.168.151.122, host: pr-hdds-2121-ltkqc-3926781246, networkLocation: /default-rack, certSerialId: null}7ce2171e-d7bb-488f-b53c-71f230bd4ba7{ip: 192.168.151.122, host: pr-hdds-2121-ltkqc-3926781246, networkLocation: /default-rack, certSerialId: null}, Type:RATIS, Factor:THREE, State:CLOSED] from datanode 7ce2171e-d7bb-488f-b53c-71f230bd4ba7{ip: 192.168.151.122, host: pr-hdds-2121-ltkqc-3926781246, networkLocation: /default-rack, certSerialId: null}. Reason : WriteLog:7: (t:1, i:7), STATEMACHINELOGENTRY, client-CFDC9F436A43, cid=16-writeStateMachineData interrupted.
2019-09-18 17:26:39,926 [EventQueue-PipelineActionsForPipelineActionHandler] INFO  pipeline.SCMPipelineManager (SCMPipelineManager.java:finalizeAndDestroyPipeline(311)) - destroying pipeline:Pipeline[ Id: 0865e9aa-3ec9-41d2-a431-a8cc8e72deea, Nodes: 35e8f602-e85b-40b3-a2e8-9c7f2541a1dc{ip: 192.168.151.122, host: pr-hdds-2121-ltkqc-3926781246, networkLocation: /default-rack, certSerialId: null}60c95f10-37ee-49eb-b84e-63ada232a784{ip: 192.168.151.122, host: pr-hdds-2121-ltkqc-3926781246, networkLocation: /default-rack, certSerialId: null}7ce2171e-d7bb-488f-b53c-71f230bd4ba7{ip: 192.168.151.122, host: pr-hdds-2121-ltkqc-3926781246, networkLocation: /default-rack, certSerialId: null}, Type:RATIS, Factor:THREE, State:CLOSED]
2019-09-18 17:26:39,930 [grpc-default-executor-6] INFO  interfaces.Container (KeyValueContainer.java:flushAndSyncDB(386)) - Container 1 is synced with bcsId 4.
2019-09-18 17:26:39,931 [grpc-default-executor-6] INFO  interfaces.Container (KeyValueContainer.java:flushAndSyncDB(386)) - Container 1 is synced with bcsId 4.
2019-09-18 17:26:39,958 [grpc-default-executor-6] INFO  interfaces.Container (KeyValueContainer.java:flushAndSyncDB(386)) - Container 2 is synced with bcsId 0.
2019-09-18 17:26:39,959 [grpc-default-executor-6] INFO  interfaces.Container (KeyValueContainer.java:flushAndSyncDB(386)) - Container 2 is synced with bcsId 0.
2019-09-18 17:26:39,968 [RatisPipelineUtilsThread] INFO  pipeline.PipelineStateManager (PipelineStateManager.java:removePipeline(108)) - Pipeline Pipeline[ Id: 0865e9aa-3ec9-41d2-a431-a8cc8e72deea, Nodes: 35e8f602-e85b-40b3-a2e8-9c7f2541a1dc{ip: 192.168.151.122, host: pr-hdds-2121-ltkqc-3926781246, networkLocation: /default-rack, certSerialId: null}60c95f10-37ee-49eb-b84e-63ada232a784{ip: 192.168.151.122, host: pr-hdds-2121-ltkqc-3926781246, networkLocation: /default-rack, certSerialId: null}7ce2171e-d7bb-488f-b53c-71f230bd4ba7{ip: 192.168.151.122, host: pr-hdds-2121-ltkqc-3926781246, networkLocation: /default-rack, certSerialId: null}, Type:RATIS, Factor:THREE, State:CLOSED] removed from db
2019-09-18 17:26:39,984 [grpc-default-executor-7] INFO  impl.RaftServerProxy (RaftServerProxy.java:addNew(89)) - 7ce2171e-d7bb-488f-b53c-71f230bd4ba7: addNew group-08BD79912E5D:[60c95f10-37ee-49eb-b84e-63ada232a784:192.168.151.122:37895, 35e8f602-e85b-40b3-a2e8-9c7f2541a1dc:192.168.151.122:46817, 7ce2171e-d7bb-488f-b53c-71f230bd4ba7:192.168.151.122:34310] returns group-08BD79912E5D:java.util.concurrent.CompletableFuture@39fd76e6[Not completed]
2019-09-18 17:26:39,985 [grpc-default-executor-6] INFO  impl.RaftServerProxy (RaftServerProxy.java:addNew(89)) - 35e8f602-e85b-40b3-a2e8-9c7f2541a1dc: addNew group-08BD79912E5D:[60c95f10-37ee-49eb-b84e-63ada232a784:192.168.151.122:37895, 35e8f602-e85b-40b3-a2e8-9c7f2541a1dc:192.168.151.122:46817, 7ce2171e-d7bb-488f-b53c-71f230bd4ba7:192.168.151.122:34310] returns group-08BD79912E5D:java.util.concurrent.CompletableFuture@7620fa14[Not completed]
2019-09-18 17:26:39,987 [grpc-default-executor-4] INFO  impl.RaftServerProxy (RaftServerProxy.java:addNew(89)) - 60c95f10-37ee-49eb-b84e-63ada232a784: addNew group-08BD79912E5D:[60c95f10-37ee-49eb-b84e-63ada232a784:192.168.151.122:37895, 35e8f602-e85b-40b3-a2e8-9c7f2541a1dc:192.168.151.122:46817, 7ce2171e-d7bb-488f-b53c-71f230bd4ba7:192.168.151.122:34310] returns group-08BD79912E5D:java.util.concurrent.CompletableFuture@173029dd[Not completed]
2019-09-18 17:26:39,989 [pool-87-thread-1] INFO  impl.RaftServerImpl (RaftServerImpl.java:<init>(95)) - 7ce2171e-d7bb-488f-b53c-71f230bd4ba7: new RaftServerImpl for group-08BD79912E5D:[60c95f10-37ee-49eb-b84e-63ada232a784:192.168.151.122:37895, 35e8f602-e85b-40b3-a2e8-9c7f2541a1dc:192.168.151.122:46817, 7ce2171e-d7bb-488f-b53c-71f230bd4ba7:192.168.151.122:34310] with ContainerStateMachine:uninitialized
2019-09-18 17:26:39,989 [pool-87-thread-1] INFO  server.RaftServerConfigKeys (ConfUtils.java:logGet(43)) - raft.server.rpc.timeout.min = 5s (custom)
2019-09-18 17:26:39,989 [pool-87-thread-1] INFO  server.RaftServerConfigKeys (ConfUtils.java:logGet(43)) - raft.server.rpc.timeout.max = 5200ms (custom)
2019-09-18 17:26:39,990 [pool-87-thread-1] INFO  server.RaftServerConfigKeys (ConfUtils.java:logGet(43)) - raft.server.rpcslowness.timeout = 120s (custom)
2019-09-18 17:26:39,990 [pool-87-thread-1] INFO  server.RaftServerConfigKeys (ConfUtils.java:logGet(43)) - raft.server.sleep.deviation.threshold = 300 (default)
2019-09-18 17:26:39,990 [pool-87-thread-1] INFO  server.RaftServerConfigKeys (ConfUtils.java:logGet(43)) - raft.server.log.appender.install.snapshot.enabled = false (custom)
2019-09-18 17:26:39,990 [pool-87-thread-1] INFO  impl.RaftServerImpl (ServerState.java:<init>(103)) - 7ce2171e-d7bb-488f-b53c-71f230bd4ba7@group-08BD79912E5D: ConfigurationManager, init=-1: [60c95f10-37ee-49eb-b84e-63ada232a784:192.168.151.122:37895, 35e8f602-e85b-40b3-a2e8-9c7f2541a1dc:192.168.151.122:46817, 7ce2171e-d7bb-488f-b53c-71f230bd4ba7:192.168.151.122:34310], old=null, confs=<EMPTY_MAP>
2019-09-18 17:26:39,990 [pool-77-thread-1] INFO  impl.RaftServerImpl (RaftServerImpl.java:<init>(95)) - 60c95f10-37ee-49eb-b84e-63ada232a784: new RaftServerImpl for group-08BD79912E5D:[60c95f10-37ee-49eb-b84e-63ada232a784:192.168.151.122:37895, 35e8f602-e85b-40b3-a2e8-9c7f2541a1dc:192.168.151.122:46817, 7ce2171e-d7bb-488f-b53c-71f230bd4ba7:192.168.151.122:34310] with ContainerStateMachine:uninitialized
2019-09-18 17:26:39,990 [pool-87-thread-1] INFO  server.RaftServerConfigKeys (ConfUtils.java:logGet(43)) - raft.server.storage.dir = [/workdir/hadoop-ozone/integration-test/target/test-dir/MiniOzoneClusterImpl-b34fcd95-ddd9-49f6-9e80-ffea83eaa9ea/datanode-6/data/ratis] (custom)
2019-09-18 17:26:39,990 [pool-77-thread-1] INFO  server.RaftServerConfigKeys (ConfUtils.java:logGet(43)) - raft.server.rpc.timeout.min = 5s (custom)
2019-09-18 17:26:39,991 [pool-77-thread-1] INFO  server.RaftServerConfigKeys (ConfUtils.java:logGet(43)) - raft.server.rpc.timeout.max = 5200ms (custom)
2019-09-18 17:26:39,991 [pool-77-thread-1] INFO  server.RaftServerConfigKeys (ConfUtils.java:logGet(43)) - raft.server.rpcslowness.timeout = 120s (custom)
2019-09-18 17:26:39,991 [pool-87-thread-1] INFO  storage.RaftStorageDirectory (RaftStorageDirectory.java:analyzeStorage(246)) - The storage directory /workdir/hadoop-ozone/integration-test/target/test-dir/MiniOzoneClusterImpl-b34fcd95-ddd9-49f6-9e80-ffea83eaa9ea/datanode-6/data/ratis/01e7f1a9-86db-4c6b-9936-08bd79912e5d does not exist. Creating ...
2019-09-18 17:26:39,991 [pool-77-thread-1] INFO  server.RaftServerConfigKeys (ConfUtils.java:logGet(43)) - raft.server.sleep.deviation.threshold = 300 (default)
2019-09-18 17:26:39,991 [pool-77-thread-1] INFO  server.RaftServerConfigKeys (ConfUtils.java:logGet(43)) - raft.server.log.appender.install.snapshot.enabled = false (custom)
2019-09-18 17:26:39,991 [pool-77-thread-1] INFO  impl.RaftServerImpl (ServerState.java:<init>(103)) - 60c95f10-37ee-49eb-b84e-63ada232a784@group-08BD79912E5D: ConfigurationManager, init=-1: [60c95f10-37ee-49eb-b84e-63ada232a784:192.168.151.122:37895, 35e8f602-e85b-40b3-a2e8-9c7f2541a1dc:192.168.151.122:46817, 7ce2171e-d7bb-488f-b53c-71f230bd4ba7:192.168.151.122:34310], old=null, confs=<EMPTY_MAP>
2019-09-18 17:26:39,991 [pool-77-thread-1] INFO  server.RaftServerConfigKeys (ConfUtils.java:logGet(43)) - raft.server.storage.dir = [/workdir/hadoop-ozone/integration-test/target/test-dir/MiniOzoneClusterImpl-b34fcd95-ddd9-49f6-9e80-ffea83eaa9ea/datanode-5/data/ratis] (custom)
2019-09-18 17:26:39,991 [pool-47-thread-1] INFO  impl.RaftServerImpl (RaftServerImpl.java:<init>(95)) - 35e8f602-e85b-40b3-a2e8-9c7f2541a1dc: new RaftServerImpl for group-08BD79912E5D:[60c95f10-37ee-49eb-b84e-63ada232a784:192.168.151.122:37895, 35e8f602-e85b-40b3-a2e8-9c7f2541a1dc:192.168.151.122:46817, 7ce2171e-d7bb-488f-b53c-71f230bd4ba7:192.168.151.122:34310] with ContainerStateMachine:uninitialized
2019-09-18 17:26:39,992 [pool-47-thread-1] INFO  server.RaftServerConfigKeys (ConfUtils.java:logGet(43)) - raft.server.rpc.timeout.min = 5s (custom)
2019-09-18 17:26:39,992 [pool-77-thread-1] INFO  storage.RaftStorageDirectory (RaftStorageDirectory.java:analyzeStorage(246)) - The storage directory /workdir/hadoop-ozone/integration-test/target/test-dir/MiniOzoneClusterImpl-b34fcd95-ddd9-49f6-9e80-ffea83eaa9ea/datanode-5/data/ratis/01e7f1a9-86db-4c6b-9936-08bd79912e5d does not exist. Creating ...
2019-09-18 17:26:39,992 [pool-47-thread-1] INFO  server.RaftServerConfigKeys (ConfUtils.java:logGet(43)) - raft.server.rpc.timeout.max = 5200ms (custom)
2019-09-18 17:26:39,992 [pool-47-thread-1] INFO  server.RaftServerConfigKeys (ConfUtils.java:logGet(43)) - raft.server.rpcslowness.timeout = 120s (custom)
2019-09-18 17:26:39,992 [pool-47-thread-1] INFO  server.RaftServerConfigKeys (ConfUtils.java:logGet(43)) - raft.server.sleep.deviation.threshold = 300 (default)
2019-09-18 17:26:39,992 [pool-47-thread-1] INFO  server.RaftServerConfigKeys (ConfUtils.java:logGet(43)) - raft.server.log.appender.install.snapshot.enabled = false (custom)
2019-09-18 17:26:39,992 [pool-47-thread-1] INFO  impl.RaftServerImpl (ServerState.java:<init>(103)) - 35e8f602-e85b-40b3-a2e8-9c7f2541a1dc@group-08BD79912E5D: ConfigurationManager, init=-1: [60c95f10-37ee-49eb-b84e-63ada232a784:192.168.151.122:37895, 35e8f602-e85b-40b3-a2e8-9c7f2541a1dc:192.168.151.122:46817, 7ce2171e-d7bb-488f-b53c-71f230bd4ba7:192.168.151.122:34310], old=null, confs=<EMPTY_MAP>
2019-09-18 17:26:39,993 [pool-47-thread-1] INFO  server.RaftServerConfigKeys (ConfUtils.java:logGet(43)) - raft.server.storage.dir = [/workdir/hadoop-ozone/integration-test/target/test-dir/MiniOzoneClusterImpl-b34fcd95-ddd9-49f6-9e80-ffea83eaa9ea/datanode-2/data/ratis] (custom)
2019-09-18 17:26:39,993 [pool-47-thread-1] INFO  storage.RaftStorageDirectory (RaftStorageDirectory.java:analyzeStorage(246)) - The storage directory /workdir/hadoop-ozone/integration-test/target/test-dir/MiniOzoneClusterImpl-b34fcd95-ddd9-49f6-9e80-ffea83eaa9ea/datanode-2/data/ratis/01e7f1a9-86db-4c6b-9936-08bd79912e5d does not exist. Creating ...
2019-09-18 17:26:39,997 [pool-47-thread-1] INFO  storage.RaftStorageDirectory (RaftStorageDirectory.java:tryLock(328)) - Lock on /workdir/hadoop-ozone/integration-test/target/test-dir/MiniOzoneClusterImpl-b34fcd95-ddd9-49f6-9e80-ffea83eaa9ea/datanode-2/data/ratis/01e7f1a9-86db-4c6b-9936-08bd79912e5d/in_use.lock acquired by nodename 24009@pr-hdds-2121-ltkqc-3926781246
2019-09-18 17:26:39,997 [pool-77-thread-1] INFO  storage.RaftStorageDirectory (RaftStorageDirectory.java:tryLock(328)) - Lock on /workdir/hadoop-ozone/integration-test/target/test-dir/MiniOzoneClusterImpl-b34fcd95-ddd9-49f6-9e80-ffea83eaa9ea/datanode-5/data/ratis/01e7f1a9-86db-4c6b-9936-08bd79912e5d/in_use.lock acquired by nodename 24009@pr-hdds-2121-ltkqc-3926781246
2019-09-18 17:26:39,997 [pool-87-thread-1] INFO  storage.RaftStorageDirectory (RaftStorageDirectory.java:tryLock(328)) - Lock on /workdir/hadoop-ozone/integration-test/target/test-dir/MiniOzoneClusterImpl-b34fcd95-ddd9-49f6-9e80-ffea83eaa9ea/datanode-6/data/ratis/01e7f1a9-86db-4c6b-9936-08bd79912e5d/in_use.lock acquired by nodename 24009@pr-hdds-2121-ltkqc-3926781246
2019-09-18 17:26:40,027 [pool-77-thread-1] INFO  storage.RaftStorage (RaftStorage.java:format(72)) - Storage directory /workdir/hadoop-ozone/integration-test/target/test-dir/MiniOzoneClusterImpl-b34fcd95-ddd9-49f6-9e80-ffea83eaa9ea/datanode-5/data/ratis/01e7f1a9-86db-4c6b-9936-08bd79912e5d has been successfully formatted.
2019-09-18 17:26:40,027 [pool-87-thread-1] INFO  storage.RaftStorage (RaftStorage.java:format(72)) - Storage directory /workdir/hadoop-ozone/integration-test/target/test-dir/MiniOzoneClusterImpl-b34fcd95-ddd9-49f6-9e80-ffea83eaa9ea/datanode-6/data/ratis/01e7f1a9-86db-4c6b-9936-08bd79912e5d has been successfully formatted.
2019-09-18 17:26:40,027 [pool-47-thread-1] INFO  storage.RaftStorage (RaftStorage.java:format(72)) - Storage directory /workdir/hadoop-ozone/integration-test/target/test-dir/MiniOzoneClusterImpl-b34fcd95-ddd9-49f6-9e80-ffea83eaa9ea/datanode-2/data/ratis/01e7f1a9-86db-4c6b-9936-08bd79912e5d has been successfully formatted.
2019-09-18 17:26:40,027 [pool-87-thread-1] INFO  ratis.ContainerStateMachine (ContainerStateMachine.java:loadSnapshot(230)) - group-08BD79912E5D: The snapshot info is null. Setting the last applied indexto:(t:0, i:~)
2019-09-18 17:26:40,027 [pool-47-thread-1] INFO  ratis.ContainerStateMachine (ContainerStateMachine.java:loadSnapshot(230)) - group-08BD79912E5D: The snapshot info is null. Setting the last applied indexto:(t:0, i:~)
2019-09-18 17:26:40,027 [pool-77-thread-1] INFO  ratis.ContainerStateMachine (ContainerStateMachine.java:loadSnapshot(230)) - group-08BD79912E5D: The snapshot info is null. Setting the last applied indexto:(t:0, i:~)
2019-09-18 17:26:40,028 [pool-47-thread-1] INFO  server.RaftServerConfigKeys (ConfUtils.java:logGet(43)) - raft.server.notification.no-leader.timeout = 120s (custom)
2019-09-18 17:26:40,027 [pool-87-thread-1] INFO  server.RaftServerConfigKeys (ConfUtils.java:logGet(43)) - raft.server.notification.no-leader.timeout = 120s (custom)
2019-09-18 17:26:40,028 [pool-47-thread-1] INFO  server.RaftServerConfigKeys (ConfUtils.java:logGet(43)) - raft.server.log.use.memory = false (default)
2019-09-18 17:26:40,028 [pool-77-thread-1] INFO  server.RaftServerConfigKeys (ConfUtils.java:logGet(43)) - raft.server.notification.no-leader.timeout = 120s (custom)
2019-09-18 17:26:40,028 [pool-47-thread-1] INFO  server.RaftServerConfigKeys (ConfUtils.java:logGet(43)) - raft.server.log.purge.gap = 1000000 (custom)
2019-09-18 17:26:40,028 [pool-87-thread-1] INFO  server.RaftServerConfigKeys (ConfUtils.java:logGet(43)) - raft.server.log.use.memory = false (default)
2019-09-18 17:26:40,028 [pool-47-thread-1] INFO  server.RaftServerConfigKeys (ConfUtils.java:logGet(43)) - raft.server.log.appender.buffer.byte-limit = 33554432 (custom)
2019-09-18 17:26:40,028 [pool-77-thread-1] INFO  server.RaftServerConfigKeys (ConfUtils.java:logGet(43)) - raft.server.log.use.memory = false (default)
2019-09-18 17:26:40,028 [pool-47-thread-1] INFO  server.RaftServerConfigKeys (ConfUtils.java:logGet(43)) - raft.server.log.segment.size.max = 1048576 (custom)
2019-09-18 17:26:40,028 [pool-87-thread-1] INFO  server.RaftServerConfigKeys (ConfUtils.java:logGet(43)) - raft.server.log.purge.gap = 1000000 (custom)
2019-09-18 17:26:40,029 [pool-47-thread-1] INFO  server.RaftServerConfigKeys (ConfUtils.java:logGet(43)) - raft.server.log.segment.cache.num.max = 2 (custom)
2019-09-18 17:26:40,028 [pool-77-thread-1] INFO  server.RaftServerConfigKeys (ConfUtils.java:logGet(43)) - raft.server.log.purge.gap = 1000000 (custom)
2019-09-18 17:26:40,029 [pool-47-thread-1] INFO  segmented.SegmentedRaftLogWorker (SegmentedRaftLogWorker.java:<init>(172)) - new 35e8f602-e85b-40b3-a2e8-9c7f2541a1dc@group-08BD79912E5D-SegmentedRaftLogWorker for RaftStorage:Storage Directory /workdir/hadoop-ozone/integration-test/target/test-dir/MiniOzoneClusterImpl-b34fcd95-ddd9-49f6-9e80-ffea83eaa9ea/datanode-2/data/ratis/01e7f1a9-86db-4c6b-9936-08bd79912e5d
2019-09-18 17:26:40,029 [pool-87-thread-1] INFO  server.RaftServerConfigKeys (ConfUtils.java:logGet(43)) - raft.server.log.appender.buffer.byte-limit = 33554432 (custom)
2019-09-18 17:26:40,029 [pool-47-thread-1] INFO  server.RaftServerConfigKeys (ConfUtils.java:logGet(43)) - raft.server.log.queue.byte-limit = 2147483647 (custom)
2019-09-18 17:26:40,029 [pool-77-thread-1] INFO  server.RaftServerConfigKeys (ConfUtils.java:logGet(43)) - raft.server.log.appender.buffer.byte-limit = 33554432 (custom)
2019-09-18 17:26:40,029 [pool-47-thread-1] INFO  server.RaftServerConfigKeys (ConfUtils.java:logGet(43)) - raft.server.log.queue.element-limit = 1024 (custom)
2019-09-18 17:26:40,029 [pool-87-thread-1] INFO  server.RaftServerConfigKeys (ConfUtils.java:logGet(43)) - raft.server.log.segment.size.max = 1048576 (custom)
2019-09-18 17:26:40,029 [pool-47-thread-1] INFO  server.RaftServerConfigKeys (ConfUtils.java:logGet(43)) - raft.server.log.segment.size.max = 1048576 (custom)
2019-09-18 17:26:40,029 [pool-77-thread-1] INFO  server.RaftServerConfigKeys (ConfUtils.java:logGet(43)) - raft.server.log.segment.size.max = 1048576 (custom)
2019-09-18 17:26:40,029 [pool-47-thread-1] INFO  server.RaftServerConfigKeys (ConfUtils.java:logGet(43)) - raft.server.log.preallocated.size = 16384 (custom)
2019-09-18 17:26:40,029 [pool-87-thread-1] INFO  server.RaftServerConfigKeys (ConfUtils.java:logGet(43)) - raft.server.log.segment.cache.num.max = 2 (custom)
2019-09-18 17:26:40,030 [pool-47-thread-1] INFO  server.RaftServerConfigKeys (ConfUtils.java:logGet(43)) - raft.server.log.write.buffer.size = 33554432 (custom)
2019-09-18 17:26:40,030 [pool-77-thread-1] INFO  server.RaftServerConfigKeys (ConfUtils.java:logGet(43)) - raft.server.log.segment.cache.num.max = 2 (custom)
2019-09-18 17:26:40,030 [pool-47-thread-1] INFO  server.RaftServerConfigKeys (ConfUtils.java:logGet(43)) - raft.server.log.force.sync.num = 128 (default)
2019-09-18 17:26:40,030 [pool-87-thread-1] INFO  segmented.SegmentedRaftLogWorker (SegmentedRaftLogWorker.java:<init>(172)) - new 7ce2171e-d7bb-488f-b53c-71f230bd4ba7@group-08BD79912E5D-SegmentedRaftLogWorker for RaftStorage:Storage Directory /workdir/hadoop-ozone/integration-test/target/test-dir/MiniOzoneClusterImpl-b34fcd95-ddd9-49f6-9e80-ffea83eaa9ea/datanode-6/data/ratis/01e7f1a9-86db-4c6b-9936-08bd79912e5d
2019-09-18 17:26:40,030 [pool-47-thread-1] INFO  server.RaftServerConfigKeys (ConfUtils.java:logGet(43)) - raft.server.log.statemachine.data.sync = true (default)
2019-09-18 17:26:40,030 [pool-77-thread-1] INFO  segmented.SegmentedRaftLogWorker (SegmentedRaftLogWorker.java:<init>(172)) - new 60c95f10-37ee-49eb-b84e-63ada232a784@group-08BD79912E5D-SegmentedRaftLogWorker for RaftStorage:Storage Directory /workdir/hadoop-ozone/integration-test/target/test-dir/MiniOzoneClusterImpl-b34fcd95-ddd9-49f6-9e80-ffea83eaa9ea/datanode-5/data/ratis/01e7f1a9-86db-4c6b-9936-08bd79912e5d
2019-09-18 17:26:40,030 [pool-47-thread-1] INFO  server.RaftServerConfigKeys (ConfUtils.java:logGet(43)) - raft.server.log.statemachine.data.sync.timeout = 10s (default)
2019-09-18 17:26:40,030 [pool-87-thread-1] INFO  server.RaftServerConfigKeys (ConfUtils.java:logGet(43)) - raft.server.log.queue.byte-limit = 2147483647 (custom)
2019-09-18 17:26:40,030 [pool-47-thread-1] INFO  server.RaftServerConfigKeys (ConfUtils.java:logGet(43)) - raft.server.log.statemachine.data.sync.timeout.retry = -1 (default)
2019-09-18 17:26:40,030 [pool-77-thread-1] INFO  server.RaftServerConfigKeys (ConfUtils.java:logGet(43)) - raft.server.log.queue.byte-limit = 2147483647 (custom)
2019-09-18 17:26:40,031 [pool-47-thread-1] INFO  server.RaftServerConfigKeys (ConfUtils.java:logGet(43)) - raft.server.log.statemachine.data.caching.enabled = true (custom)
2019-09-18 17:26:40,031 [pool-87-thread-1] INFO  server.RaftServerConfigKeys (ConfUtils.java:logGet(43)) - raft.server.log.queue.element-limit = 1024 (custom)
2019-09-18 17:26:40,031 [pool-77-thread-1] INFO  server.RaftServerConfigKeys (ConfUtils.java:logGet(43)) - raft.server.log.queue.element-limit = 1024 (custom)
2019-09-18 17:26:40,031 [pool-47-thread-1] INFO  segmented.SegmentedRaftLogWorker (SegmentedRaftLogWorker.java:lambda$new$0(132)) - 35e8f602-e85b-40b3-a2e8-9c7f2541a1dc@group-08BD79912E5D-SegmentedRaftLogWorker: flushIndex: setUnconditionally 0 -> -1
2019-09-18 17:26:40,031 [pool-87-thread-1] INFO  server.RaftServerConfigKeys (ConfUtils.java:logGet(43)) - raft.server.log.segment.size.max = 1048576 (custom)
2019-09-18 17:26:40,031 [pool-77-thread-1] INFO  server.RaftServerConfigKeys (ConfUtils.java:logGet(43)) - raft.server.log.segment.size.max = 1048576 (custom)
2019-09-18 17:26:40,031 [pool-87-thread-1] INFO  server.RaftServerConfigKeys (ConfUtils.java:logGet(43)) - raft.server.log.preallocated.size = 16384 (custom)
2019-09-18 17:26:40,031 [pool-47-thread-1] INFO  server.RaftServerConfigKeys (ConfUtils.java:logGet(43)) - raft.server.snapshot.auto.trigger.enabled = true (custom)
2019-09-18 17:26:40,031 [pool-77-thread-1] INFO  server.RaftServerConfigKeys (ConfUtils.java:logGet(43)) - raft.server.log.preallocated.size = 16384 (custom)
2019-09-18 17:26:40,032 [pool-47-thread-1] INFO  server.RaftServerConfigKeys (ConfUtils.java:logGet(43)) - raft.server.snapshot.auto.trigger.threshold = 10000 (custom)
2019-09-18 17:26:40,032 [pool-87-thread-1] INFO  server.RaftServerConfigKeys (ConfUtils.java:logGet(43)) - raft.server.log.write.buffer.size = 33554432 (custom)
2019-09-18 17:26:40,032 [pool-47-thread-1] INFO  server.RaftServerConfigKeys (ConfUtils.java:logGet(43)) - raft.server.snapshot.retention.num.files = 5 (custom)
2019-09-18 17:26:40,032 [pool-77-thread-1] INFO  server.RaftServerConfigKeys (ConfUtils.java:logGet(43)) - raft.server.log.write.buffer.size = 33554432 (custom)
2019-09-18 17:26:40,032 [pool-47-thread-1] INFO  server.RaftServerConfigKeys (ConfUtils.java:logGet(43)) - raft.server.retrycache.expirytime = 600000ms (custom)
2019-09-18 17:26:40,032 [pool-87-thread-1] INFO  server.RaftServerConfigKeys (ConfUtils.java:logGet(43)) - raft.server.log.force.sync.num = 128 (default)
2019-09-18 17:26:40,032 [pool-77-thread-1] INFO  server.RaftServerConfigKeys (ConfUtils.java:logGet(43)) - raft.server.log.force.sync.num = 128 (default)
2019-09-18 17:26:40,032 [pool-87-thread-1] INFO  server.RaftServerConfigKeys (ConfUtils.java:logGet(43)) - raft.server.log.statemachine.data.sync = true (default)
2019-09-18 17:26:40,033 [pool-77-thread-1] INFO  server.RaftServerConfigKeys (ConfUtils.java:logGet(43)) - raft.server.log.statemachine.data.sync = true (default)
2019-09-18 17:26:40,033 [pool-87-thread-1] INFO  server.RaftServerConfigKeys (ConfUtils.java:logGet(43)) - raft.server.log.statemachine.data.sync.timeout = 10s (default)
2019-09-18 17:26:40,033 [pool-77-thread-1] INFO  server.RaftServerConfigKeys (ConfUtils.java:logGet(43)) - raft.server.log.statemachine.data.sync.timeout = 10s (default)
2019-09-18 17:26:40,033 [pool-87-thread-1] INFO  server.RaftServerConfigKeys (ConfUtils.java:logGet(43)) - raft.server.log.statemachine.data.sync.timeout.retry = -1 (default)
2019-09-18 17:26:40,033 [pool-77-thread-1] INFO  server.RaftServerConfigKeys (ConfUtils.java:logGet(43)) - raft.server.log.statemachine.data.sync.timeout.retry = -1 (default)
2019-09-18 17:26:40,033 [pool-87-thread-1] INFO  server.RaftServerConfigKeys (ConfUtils.java:logGet(43)) - raft.server.log.statemachine.data.caching.enabled = true (custom)
2019-09-18 17:26:40,033 [pool-77-thread-1] INFO  server.RaftServerConfigKeys (ConfUtils.java:logGet(43)) - raft.server.log.statemachine.data.caching.enabled = true (custom)
2019-09-18 17:26:40,033 [pool-87-thread-1] INFO  segmented.SegmentedRaftLogWorker (SegmentedRaftLogWorker.java:lambda$new$0(132)) - 7ce2171e-d7bb-488f-b53c-71f230bd4ba7@group-08BD79912E5D-SegmentedRaftLogWorker: flushIndex: setUnconditionally 0 -> -1
2019-09-18 17:26:40,034 [pool-77-thread-1] INFO  segmented.SegmentedRaftLogWorker (SegmentedRaftLogWorker.java:lambda$new$0(132)) - 60c95f10-37ee-49eb-b84e-63ada232a784@group-08BD79912E5D-SegmentedRaftLogWorker: flushIndex: setUnconditionally 0 -> -1
2019-09-18 17:26:40,034 [pool-87-thread-1] INFO  server.RaftServerConfigKeys (ConfUtils.java:logGet(43)) - raft.server.snapshot.auto.trigger.enabled = true (custom)
2019-09-18 17:26:40,034 [pool-77-thread-1] INFO  server.RaftServerConfigKeys (ConfUtils.java:logGet(43)) - raft.server.snapshot.auto.trigger.enabled = true (custom)
2019-09-18 17:26:40,034 [pool-87-thread-1] INFO  server.RaftServerConfigKeys (ConfUtils.java:logGet(43)) - raft.server.snapshot.auto.trigger.threshold = 10000 (custom)
2019-09-18 17:26:40,034 [pool-77-thread-1] INFO  server.RaftServerConfigKeys (ConfUtils.java:logGet(43)) - raft.server.snapshot.auto.trigger.threshold = 10000 (custom)
2019-09-18 17:26:40,034 [pool-87-thread-1] INFO  server.RaftServerConfigKeys (ConfUtils.java:logGet(43)) - raft.server.snapshot.retention.num.files = 5 (custom)
2019-09-18 17:26:40,034 [pool-77-thread-1] INFO  server.RaftServerConfigKeys (ConfUtils.java:logGet(43)) - raft.server.snapshot.retention.num.files = 5 (custom)
2019-09-18 17:26:40,034 [pool-87-thread-1] INFO  server.RaftServerConfigKeys (ConfUtils.java:logGet(43)) - raft.server.retrycache.expirytime = 600000ms (custom)
2019-09-18 17:26:40,035 [pool-77-thread-1] INFO  server.RaftServerConfigKeys (ConfUtils.java:logGet(43)) - raft.server.retrycache.expirytime = 600000ms (custom)
2019-09-18 17:26:40,035 [pool-47-thread-1] INFO  impl.RaftServerImpl (RaftServerImpl.java:start(185)) - 35e8f602-e85b-40b3-a2e8-9c7f2541a1dc@group-08BD79912E5D: start as a follower, conf=-1: [60c95f10-37ee-49eb-b84e-63ada232a784:192.168.151.122:37895, 35e8f602-e85b-40b3-a2e8-9c7f2541a1dc:192.168.151.122:46817, 7ce2171e-d7bb-488f-b53c-71f230bd4ba7:192.168.151.122:34310], old=null
2019-09-18 17:26:40,036 [pool-47-thread-1] INFO  impl.RaftServerImpl (RaftServerImpl.java:setRole(174)) - 35e8f602-e85b-40b3-a2e8-9c7f2541a1dc@group-08BD79912E5D: changes role from      null to FOLLOWER at term 0 for startAsFollower
2019-09-18 17:26:40,036 [pool-47-thread-1] INFO  impl.RoleInfo (RoleInfo.java:updateAndGet(143)) - 35e8f602-e85b-40b3-a2e8-9c7f2541a1dc: start FollowerState
2019-09-18 17:26:40,036 [pool-47-thread-1] INFO  util.JmxRegister (JmxRegister.java:tryRegister(44)) - Successfully registered JMX Bean with object name Ratis:service=RaftServer,group=group-08BD79912E5D,id=35e8f602-e85b-40b3-a2e8-9c7f2541a1dc
2019-09-18 17:26:40,040 [pool-87-thread-1] INFO  impl.RaftServerImpl (RaftServerImpl.java:start(185)) - 7ce2171e-d7bb-488f-b53c-71f230bd4ba7@group-08BD79912E5D: start as a follower, conf=-1: [60c95f10-37ee-49eb-b84e-63ada232a784:192.168.151.122:37895, 35e8f602-e85b-40b3-a2e8-9c7f2541a1dc:192.168.151.122:46817, 7ce2171e-d7bb-488f-b53c-71f230bd4ba7:192.168.151.122:34310], old=null
2019-09-18 17:26:40,040 [pool-87-thread-1] INFO  impl.RaftServerImpl (RaftServerImpl.java:setRole(174)) - 7ce2171e-d7bb-488f-b53c-71f230bd4ba7@group-08BD79912E5D: changes role from      null to FOLLOWER at term 0 for startAsFollower
2019-09-18 17:26:40,041 [pool-87-thread-1] INFO  impl.RoleInfo (RoleInfo.java:updateAndGet(143)) - 7ce2171e-d7bb-488f-b53c-71f230bd4ba7: start FollowerState
2019-09-18 17:26:40,041 [pool-77-thread-1] INFO  impl.RaftServerImpl (RaftServerImpl.java:start(185)) - 60c95f10-37ee-49eb-b84e-63ada232a784@group-08BD79912E5D: start as a follower, conf=-1: [60c95f10-37ee-49eb-b84e-63ada232a784:192.168.151.122:37895, 35e8f602-e85b-40b3-a2e8-9c7f2541a1dc:192.168.151.122:46817, 7ce2171e-d7bb-488f-b53c-71f230bd4ba7:192.168.151.122:34310], old=null
2019-09-18 17:26:40,041 [pool-77-thread-1] INFO  impl.RaftServerImpl (RaftServerImpl.java:setRole(174)) - 60c95f10-37ee-49eb-b84e-63ada232a784@group-08BD79912E5D: changes role from      null to FOLLOWER at term 0 for startAsFollower
2019-09-18 17:26:40,041 [pool-87-thread-1] INFO  util.JmxRegister (JmxRegister.java:tryRegister(44)) - Successfully registered JMX Bean with object name Ratis:service=RaftServer,group=group-08BD79912E5D,id=7ce2171e-d7bb-488f-b53c-71f230bd4ba7
2019-09-18 17:26:40,041 [pool-77-thread-1] INFO  impl.RoleInfo (RoleInfo.java:updateAndGet(143)) - 60c95f10-37ee-49eb-b84e-63ada232a784: start FollowerState
2019-09-18 17:26:40,041 [pool-77-thread-1] INFO  util.JmxRegister (JmxRegister.java:tryRegister(44)) - Successfully registered JMX Bean with object name Ratis:service=RaftServer,group=group-08BD79912E5D,id=60c95f10-37ee-49eb-b84e-63ada232a784
2019-09-18 17:26:40,047 [RatisPipelineUtilsThread] INFO  pipeline.PipelineStateManager (PipelineStateManager.java:addPipeline(56)) - Created pipeline Pipeline[ Id: 01e7f1a9-86db-4c6b-9936-08bd79912e5d, Nodes: 35e8f602-e85b-40b3-a2e8-9c7f2541a1dc{ip: 192.168.151.122, host: pr-hdds-2121-ltkqc-3926781246, networkLocation: /default-rack, certSerialId: null}60c95f10-37ee-49eb-b84e-63ada232a784{ip: 192.168.151.122, host: pr-hdds-2121-ltkqc-3926781246, networkLocation: /default-rack, certSerialId: null}7ce2171e-d7bb-488f-b53c-71f230bd4ba7{ip: 192.168.151.122, host: pr-hdds-2121-ltkqc-3926781246, networkLocation: /default-rack, certSerialId: null}, Type:RATIS, Factor:THREE, State:OPEN]
2019-09-18 17:26:40,494 [main] WARN  io.KeyOutputStream (KeyOutputStream.java:handleException(276)) - Encountered exception java.io.IOException: Unexpected Storage Container Exception: java.util.concurrent.CompletionException: java.util.concurrent.CompletionException: org.apache.ratis.protocol.GroupMismatchException: 7ce2171e-d7bb-488f-b53c-71f230bd4ba7: group-A8CC8E72DEEA not found. on the pipeline Pipeline[ Id: 0865e9aa-3ec9-41d2-a431-a8cc8e72deea, Nodes: 35e8f602-e85b-40b3-a2e8-9c7f2541a1dc{ip: 192.168.151.122, host: pr-hdds-2121-ltkqc-3926781246, networkLocation: /default-rack, certSerialId: null}60c95f10-37ee-49eb-b84e-63ada232a784{ip: 192.168.151.122, host: pr-hdds-2121-ltkqc-3926781246, networkLocation: /default-rack, certSerialId: null}7ce2171e-d7bb-488f-b53c-71f230bd4ba7{ip: 192.168.151.122, host: pr-hdds-2121-ltkqc-3926781246, networkLocation: /default-rack, certSerialId: null}, Type:RATIS, Factor:THREE, State:OPEN]. The last committed block length is 0, uncommitted data length is 250 retry count 0
2019-09-18 17:26:40,557 [grpc-default-executor-4] INFO  client.GrpcClientProtocolClient (GrpcClientProtocolClient.java:onNext(264)) - client-D63B3F3BC33D->3f36f173-4656-4d5a-831c-b6782f9f5ad2: receive RaftClientReply:client-D63B3F3BC33D->3f36f173-4656-4d5a-831c-b6782f9f5ad2@group-4F90601D4E02, cid=27, FAILED org.apache.ratis.protocol.NotLeaderException: Server 3f36f173-4656-4d5a-831c-b6782f9f5ad2@group-4F90601D4E02 is not the leader f1d6cbd0-cc55-4a8c-aff9-0f6c18a578e9:192.168.151.122:38812, logIndex=0, commits[3f36f173-4656-4d5a-831c-b6782f9f5ad2:c0, f1d6cbd0-cc55-4a8c-aff9-0f6c18a578e9:c0, befaacb7-99cd-4d87-819a-d941cb77279d:c0]
2019-09-18 17:26:40,869 [grpc-default-executor-4] INFO  client.GrpcClientProtocolClient (GrpcClientProtocolClient.java:onNext(264)) - client-D63B3F3BC33D->f1d6cbd0-cc55-4a8c-aff9-0f6c18a578e9: receive RaftClientReply:client-D63B3F3BC33D->f1d6cbd0-cc55-4a8c-aff9-0f6c18a578e9@group-4F90601D4E02, cid=27, SUCCESS, logIndex=1, commits[f1d6cbd0-cc55-4a8c-aff9-0f6c18a578e9:c1, befaacb7-99cd-4d87-819a-d941cb77279d:c0, 3f36f173-4656-4d5a-831c-b6782f9f5ad2:c0]
2019-09-18 17:26:40,905 [grpc-default-executor-8] INFO  client.GrpcClientProtocolClient (GrpcClientProtocolClient.java:onNext(264)) - client-D63B3F3BC33D->f1d6cbd0-cc55-4a8c-aff9-0f6c18a578e9: receive RaftClientReply:client-D63B3F3BC33D->f1d6cbd0-cc55-4a8c-aff9-0f6c18a578e9@group-4F90601D4E02, cid=28, SUCCESS, logIndex=3, commits[f1d6cbd0-cc55-4a8c-aff9-0f6c18a578e9:c3, befaacb7-99cd-4d87-819a-d941cb77279d:c2, 3f36f173-4656-4d5a-831c-b6782f9f5ad2:c2]
2019-09-18 17:26:40,945 [grpc-default-executor-8] INFO  client.GrpcClientProtocolClient (GrpcClientProtocolClient.java:onNext(264)) - client-D63B3F3BC33D->f1d6cbd0-cc55-4a8c-aff9-0f6c18a578e9: receive RaftClientReply:client-D63B3F3BC33D->f1d6cbd0-cc55-4a8c-aff9-0f6c18a578e9@group-4F90601D4E02, cid=29, SUCCESS, logIndex=4, commits[f1d6cbd0-cc55-4a8c-aff9-0f6c18a578e9:c10, befaacb7-99cd-4d87-819a-d941cb77279d:c6, 3f36f173-4656-4d5a-831c-b6782f9f5ad2:c6]
2019-09-18 17:26:40,946 [grpc-default-executor-8] INFO  client.GrpcClientProtocolClient (GrpcClientProtocolClient.java:onNext(264)) - client-D63B3F3BC33D->f1d6cbd0-cc55-4a8c-aff9-0f6c18a578e9: receive RaftClientReply:client-D63B3F3BC33D->f1d6cbd0-cc55-4a8c-aff9-0f6c18a578e9@group-4F90601D4E02, cid=30, SUCCESS, logIndex=5, commits[f1d6cbd0-cc55-4a8c-aff9-0f6c18a578e9:c10, befaacb7-99cd-4d87-819a-d941cb77279d:c6, 3f36f173-4656-4d5a-831c-b6782f9f5ad2:c6]
2019-09-18 17:26:41,011 [grpc-default-executor-8] INFO  client.GrpcClientProtocolClient (GrpcClientProtocolClient.java:onNext(264)) - client-D63B3F3BC33D->f1d6cbd0-cc55-4a8c-aff9-0f6c18a578e9: receive RaftClientReply:client-D63B3F3BC33D->f1d6cbd0-cc55-4a8c-aff9-0f6c18a578e9@group-4F90601D4E02, cid=31, SUCCESS, logIndex=6, commits[f1d6cbd0-cc55-4a8c-aff9-0f6c18a578e9:c10, befaacb7-99cd-4d87-819a-d941cb77279d:c6, 3f36f173-4656-4d5a-831c-b6782f9f5ad2:c6]
]]></system-out>
  </testcase>
  <testcase name="testMultiChunkWrite" classname="org.apache.hadoop.ozone.client.rpc.TestBlockOutputStream" time="186.743">
    <failure message="expected:&lt;10&gt; but was:&lt;12&gt;" type="java.lang.AssertionError"><![CDATA[java.lang.AssertionError: expected:<10> but was:<12>
	at org.junit.Assert.fail(Assert.java:88)
	at org.junit.Assert.failNotEquals(Assert.java:743)
	at org.junit.Assert.assertEquals(Assert.java:118)
	at org.junit.Assert.assertEquals(Assert.java:555)
	at org.junit.Assert.assertEquals(Assert.java:542)
	at org.apache.hadoop.ozone.client.rpc.TestBlockOutputStream.testMultiChunkWrite(TestBlockOutputStream.java:364)
	at sun.reflect.NativeMethodAccessorImpl.invoke0(Native Method)
	at sun.reflect.NativeMethodAccessorImpl.invoke(NativeMethodAccessorImpl.java:62)
	at sun.reflect.DelegatingMethodAccessorImpl.invoke(DelegatingMethodAccessorImpl.java:43)
	at java.lang.reflect.Method.invoke(Method.java:498)
	at org.junit.runners.model.FrameworkMethod$1.runReflectiveCall(FrameworkMethod.java:47)
	at org.junit.internal.runners.model.ReflectiveCallable.run(ReflectiveCallable.java:12)
	at org.junit.runners.model.FrameworkMethod.invokeExplosively(FrameworkMethod.java:44)
	at org.junit.internal.runners.statements.InvokeMethod.evaluate(InvokeMethod.java:17)
	at org.junit.runners.ParentRunner.runLeaf(ParentRunner.java:271)
	at org.junit.runners.BlockJUnit4ClassRunner.runChild(BlockJUnit4ClassRunner.java:70)
	at org.junit.runners.BlockJUnit4ClassRunner.runChild(BlockJUnit4ClassRunner.java:50)
	at org.junit.runners.ParentRunner$3.run(ParentRunner.java:238)
	at org.junit.runners.ParentRunner$1.schedule(ParentRunner.java:63)
	at org.junit.runners.ParentRunner.runChildren(ParentRunner.java:236)
	at org.junit.runners.ParentRunner.access$000(ParentRunner.java:53)
	at org.junit.runners.ParentRunner$2.evaluate(ParentRunner.java:229)
	at org.junit.internal.runners.statements.RunBefores.evaluate(RunBefores.java:26)
	at org.junit.internal.runners.statements.RunAfters.evaluate(RunAfters.java:27)
	at org.junit.runners.ParentRunner.run(ParentRunner.java:309)
	at org.apache.maven.surefire.junit4.JUnit4Provider.execute(JUnit4Provider.java:365)
	at org.apache.maven.surefire.junit4.JUnit4Provider.executeWithRerun(JUnit4Provider.java:273)
	at org.apache.maven.surefire.junit4.JUnit4Provider.executeTestSet(JUnit4Provider.java:238)
	at org.apache.maven.surefire.junit4.JUnit4Provider.invoke(JUnit4Provider.java:159)
	at org.apache.maven.surefire.booter.ForkedBooter.invokeProviderInSameClassLoader(ForkedBooter.java:384)
	at org.apache.maven.surefire.booter.ForkedBooter.runSuitesInProcess(ForkedBooter.java:345)
	at org.apache.maven.surefire.booter.ForkedBooter.execute(ForkedBooter.java:126)
	at org.apache.maven.surefire.booter.ForkedBooter.main(ForkedBooter.java:418)
]]></failure>
    <system-out><![CDATA[2019-09-18 17:26:42,582 [grpc-default-executor-6] INFO  impl.RaftServerProxy (RaftServerProxy.java:remove(95)) - 35e8f602-e85b-40b3-a2e8-9c7f2541a1dc: remove group-A8CC8E72DEEA:null
2019-09-18 17:26:42,592 [RatisPipelineUtilsThread] WARN  pipeline.RatisPipelineUtils (RatisPipelineUtils.java:destroyPipeline(66)) - Pipeline destroy failed for pipeline=PipelineID=0865e9aa-3ec9-41d2-a431-a8cc8e72deea dn=35e8f602-e85b-40b3-a2e8-9c7f2541a1dc{ip: 192.168.151.122, host: pr-hdds-2121-ltkqc-3926781246, networkLocation: /default-rack, certSerialId: null}
2019-09-18 17:26:42,600 [grpc-default-executor-6] INFO  impl.RaftServerProxy (RaftServerProxy.java:remove(95)) - 60c95f10-37ee-49eb-b84e-63ada232a784: remove group-A8CC8E72DEEA:null
2019-09-18 17:26:42,607 [RatisPipelineUtilsThread] WARN  pipeline.RatisPipelineUtils (RatisPipelineUtils.java:destroyPipeline(66)) - Pipeline destroy failed for pipeline=PipelineID=0865e9aa-3ec9-41d2-a431-a8cc8e72deea dn=60c95f10-37ee-49eb-b84e-63ada232a784{ip: 192.168.151.122, host: pr-hdds-2121-ltkqc-3926781246, networkLocation: /default-rack, certSerialId: null}
2019-09-18 17:26:42,625 [grpc-default-executor-6] INFO  impl.RaftServerProxy (RaftServerProxy.java:remove(95)) - 7ce2171e-d7bb-488f-b53c-71f230bd4ba7: remove group-A8CC8E72DEEA:null
2019-09-18 17:26:42,633 [RatisPipelineUtilsThread] WARN  pipeline.RatisPipelineUtils (RatisPipelineUtils.java:destroyPipeline(66)) - Pipeline destroy failed for pipeline=PipelineID=0865e9aa-3ec9-41d2-a431-a8cc8e72deea dn=7ce2171e-d7bb-488f-b53c-71f230bd4ba7{ip: 192.168.151.122, host: pr-hdds-2121-ltkqc-3926781246, networkLocation: /default-rack, certSerialId: null}
2019-09-18 17:26:42,633 [RatisPipelineUtilsThread] ERROR pipeline.SCMPipelineManager (Scheduler.java:lambda$schedule$1(70)) - Destroy pipeline failed for pipeline:Pipeline[ Id: 0865e9aa-3ec9-41d2-a431-a8cc8e72deea, Nodes: 35e8f602-e85b-40b3-a2e8-9c7f2541a1dc{ip: 192.168.151.122, host: pr-hdds-2121-ltkqc-3926781246, networkLocation: /default-rack, certSerialId: null}60c95f10-37ee-49eb-b84e-63ada232a784{ip: 192.168.151.122, host: pr-hdds-2121-ltkqc-3926781246, networkLocation: /default-rack, certSerialId: null}7ce2171e-d7bb-488f-b53c-71f230bd4ba7{ip: 192.168.151.122, host: pr-hdds-2121-ltkqc-3926781246, networkLocation: /default-rack, certSerialId: null}, Type:RATIS, Factor:THREE, State:CLOSED]
org.apache.hadoop.hdds.scm.pipeline.PipelineNotFoundException: PipelineID=0865e9aa-3ec9-41d2-a431-a8cc8e72deea not found
	at org.apache.hadoop.hdds.scm.pipeline.PipelineStateMap.getPipeline(PipelineStateMap.java:132)
	at org.apache.hadoop.hdds.scm.pipeline.PipelineStateMap.removePipeline(PipelineStateMap.java:322)
	at org.apache.hadoop.hdds.scm.pipeline.PipelineStateManager.removePipeline(PipelineStateManager.java:107)
	at org.apache.hadoop.hdds.scm.pipeline.SCMPipelineManager.removePipeline(SCMPipelineManager.java:423)
	at org.apache.hadoop.hdds.scm.pipeline.SCMPipelineManager.destroyPipeline(SCMPipelineManager.java:409)
	at org.apache.hadoop.hdds.scm.pipeline.SCMPipelineManager.lambda$finalizeAndDestroyPipeline$0(SCMPipelineManager.java:318)
	at org.apache.hadoop.utils.Scheduler.lambda$schedule$1(Scheduler.java:68)
	at java.util.concurrent.Executors$RunnableAdapter.call(Executors.java:511)
	at java.util.concurrent.FutureTask.run(FutureTask.java:266)
	at java.util.concurrent.ScheduledThreadPoolExecutor$ScheduledFutureTask.access$201(ScheduledThreadPoolExecutor.java:180)
	at java.util.concurrent.ScheduledThreadPoolExecutor$ScheduledFutureTask.run(ScheduledThreadPoolExecutor.java:293)
	at java.util.concurrent.ThreadPoolExecutor.runWorker(ThreadPoolExecutor.java:1149)
	at java.util.concurrent.ThreadPoolExecutor$Worker.run(ThreadPoolExecutor.java:624)
	at java.lang.Thread.run(Thread.java:748)
2019-09-18 17:26:44,057 [java.util.concurrent.ThreadPoolExecutor$Worker@30c21f86[State = -1, empty queue]] WARN  server.GrpcLogAppender (GrpcLogAppender.java:timeoutAppendRequest(200)) - f1d6cbd0-cc55-4a8c-aff9-0f6c18a578e9@group-4F90601D4E02->3f36f173-4656-4d5a-831c-b6782f9f5ad2-GrpcLogAppender: appendEntries Timeout, request=f1d6cbd0-cc55-4a8c-aff9-0f6c18a578e9->3f36f173-4656-4d5a-831c-b6782f9f5ad2#84-t2, previous=(t:2, i:10), leaderCommit=10, initializing? false, entries: size=1, first=(t:2, i:11), STATEMACHINELOGENTRY, client-D63B3F3BC33D, cid=32
2019-09-18 17:26:44,057 [java.util.concurrent.ThreadPoolExecutor$Worker@6cb5db01[State = -1, empty queue]] WARN  server.GrpcLogAppender (GrpcLogAppender.java:timeoutAppendRequest(200)) - f1d6cbd0-cc55-4a8c-aff9-0f6c18a578e9@group-4F90601D4E02->befaacb7-99cd-4d87-819a-d941cb77279d-GrpcLogAppender: appendEntries Timeout, request=f1d6cbd0-cc55-4a8c-aff9-0f6c18a578e9->befaacb7-99cd-4d87-819a-d941cb77279d#84-t2, previous=(t:2, i:10), leaderCommit=10, initializing? false, entries: size=1, first=(t:2, i:11), STATEMACHINELOGENTRY, client-D63B3F3BC33D, cid=32
2019-09-18 17:26:44,058 [java.util.concurrent.ThreadPoolExecutor$Worker@30c21f86[State = -1, empty queue]] WARN  server.GrpcLogAppender (GrpcLogAppender.java:timeoutAppendRequest(200)) - f1d6cbd0-cc55-4a8c-aff9-0f6c18a578e9@group-4F90601D4E02->3f36f173-4656-4d5a-831c-b6782f9f5ad2-GrpcLogAppender: appendEntries Timeout, request=f1d6cbd0-cc55-4a8c-aff9-0f6c18a578e9->3f36f173-4656-4d5a-831c-b6782f9f5ad2#85-t2, previous=(t:2, i:11), leaderCommit=10, initializing? false, entries: size=1, first=(t:2, i:12), STATEMACHINELOGENTRY, client-D63B3F3BC33D, cid=33
2019-09-18 17:26:44,058 [java.util.concurrent.ThreadPoolExecutor$Worker@6cb5db01[State = -1, empty queue]] WARN  server.GrpcLogAppender (GrpcLogAppender.java:timeoutAppendRequest(200)) - f1d6cbd0-cc55-4a8c-aff9-0f6c18a578e9@group-4F90601D4E02->befaacb7-99cd-4d87-819a-d941cb77279d-GrpcLogAppender: appendEntries Timeout, request=f1d6cbd0-cc55-4a8c-aff9-0f6c18a578e9->befaacb7-99cd-4d87-819a-d941cb77279d#85-t2, previous=(t:2, i:11), leaderCommit=10, initializing? false, entries: size=1, first=(t:2, i:12), STATEMACHINELOGENTRY, client-D63B3F3BC33D, cid=33
2019-09-18 17:26:44,058 [java.util.concurrent.ThreadPoolExecutor$Worker@30c21f86[State = -1, empty queue]] WARN  server.GrpcLogAppender (GrpcLogAppender.java:timeoutAppendRequest(200)) - f1d6cbd0-cc55-4a8c-aff9-0f6c18a578e9@group-4F90601D4E02->3f36f173-4656-4d5a-831c-b6782f9f5ad2-GrpcLogAppender: appendEntries Timeout, request=f1d6cbd0-cc55-4a8c-aff9-0f6c18a578e9->3f36f173-4656-4d5a-831c-b6782f9f5ad2#86-t2, previous=(t:2, i:12), leaderCommit=10, initializing? false, entries: size=1, first=(t:2, i:13), STATEMACHINELOGENTRY, client-D63B3F3BC33D, cid=34
2019-09-18 17:26:44,058 [java.util.concurrent.ThreadPoolExecutor$Worker@6cb5db01[State = -1, empty queue]] WARN  server.GrpcLogAppender (GrpcLogAppender.java:timeoutAppendRequest(200)) - f1d6cbd0-cc55-4a8c-aff9-0f6c18a578e9@group-4F90601D4E02->befaacb7-99cd-4d87-819a-d941cb77279d-GrpcLogAppender: appendEntries Timeout, request=f1d6cbd0-cc55-4a8c-aff9-0f6c18a578e9->befaacb7-99cd-4d87-819a-d941cb77279d#86-t2, previous=(t:2, i:12), leaderCommit=10, initializing? false, entries: size=1, first=(t:2, i:13), STATEMACHINELOGENTRY, client-D63B3F3BC33D, cid=34
2019-09-18 17:26:44,592 [grpc-default-executor-7] INFO  impl.RaftServerProxy (RaftServerProxy.java:remove(95)) - 35e8f602-e85b-40b3-a2e8-9c7f2541a1dc: remove group-A8CC8E72DEEA:null
2019-09-18 17:26:44,603 [RatisPipelineUtilsThread] WARN  pipeline.RatisPipelineUtils (RatisPipelineUtils.java:destroyPipeline(66)) - Pipeline destroy failed for pipeline=PipelineID=0865e9aa-3ec9-41d2-a431-a8cc8e72deea dn=35e8f602-e85b-40b3-a2e8-9c7f2541a1dc{ip: 192.168.151.122, host: pr-hdds-2121-ltkqc-3926781246, networkLocation: /default-rack, certSerialId: null}
2019-09-18 17:26:44,610 [grpc-default-executor-7] INFO  impl.RaftServerProxy (RaftServerProxy.java:remove(95)) - 60c95f10-37ee-49eb-b84e-63ada232a784: remove group-A8CC8E72DEEA:null
2019-09-18 17:26:44,628 [RatisPipelineUtilsThread] WARN  pipeline.RatisPipelineUtils (RatisPipelineUtils.java:destroyPipeline(66)) - Pipeline destroy failed for pipeline=PipelineID=0865e9aa-3ec9-41d2-a431-a8cc8e72deea dn=60c95f10-37ee-49eb-b84e-63ada232a784{ip: 192.168.151.122, host: pr-hdds-2121-ltkqc-3926781246, networkLocation: /default-rack, certSerialId: null}
2019-09-18 17:26:44,635 [grpc-default-executor-7] INFO  impl.RaftServerProxy (RaftServerProxy.java:remove(95)) - 7ce2171e-d7bb-488f-b53c-71f230bd4ba7: remove group-A8CC8E72DEEA:null
2019-09-18 17:26:44,642 [RatisPipelineUtilsThread] WARN  pipeline.RatisPipelineUtils (RatisPipelineUtils.java:destroyPipeline(66)) - Pipeline destroy failed for pipeline=PipelineID=0865e9aa-3ec9-41d2-a431-a8cc8e72deea dn=7ce2171e-d7bb-488f-b53c-71f230bd4ba7{ip: 192.168.151.122, host: pr-hdds-2121-ltkqc-3926781246, networkLocation: /default-rack, certSerialId: null}
2019-09-18 17:26:44,642 [RatisPipelineUtilsThread] ERROR pipeline.SCMPipelineManager (Scheduler.java:lambda$schedule$1(70)) - Destroy pipeline failed for pipeline:Pipeline[ Id: 0865e9aa-3ec9-41d2-a431-a8cc8e72deea, Nodes: 35e8f602-e85b-40b3-a2e8-9c7f2541a1dc{ip: 192.168.151.122, host: pr-hdds-2121-ltkqc-3926781246, networkLocation: /default-rack, certSerialId: null}60c95f10-37ee-49eb-b84e-63ada232a784{ip: 192.168.151.122, host: pr-hdds-2121-ltkqc-3926781246, networkLocation: /default-rack, certSerialId: null}7ce2171e-d7bb-488f-b53c-71f230bd4ba7{ip: 192.168.151.122, host: pr-hdds-2121-ltkqc-3926781246, networkLocation: /default-rack, certSerialId: null}, Type:RATIS, Factor:THREE, State:CLOSED]
org.apache.hadoop.hdds.scm.pipeline.PipelineNotFoundException: PipelineID=0865e9aa-3ec9-41d2-a431-a8cc8e72deea not found
	at org.apache.hadoop.hdds.scm.pipeline.PipelineStateMap.getPipeline(PipelineStateMap.java:132)
	at org.apache.hadoop.hdds.scm.pipeline.PipelineStateMap.removePipeline(PipelineStateMap.java:322)
	at org.apache.hadoop.hdds.scm.pipeline.PipelineStateManager.removePipeline(PipelineStateManager.java:107)
	at org.apache.hadoop.hdds.scm.pipeline.SCMPipelineManager.removePipeline(SCMPipelineManager.java:423)
	at org.apache.hadoop.hdds.scm.pipeline.SCMPipelineManager.destroyPipeline(SCMPipelineManager.java:409)
	at org.apache.hadoop.hdds.scm.pipeline.SCMPipelineManager.lambda$finalizeAndDestroyPipeline$0(SCMPipelineManager.java:318)
	at org.apache.hadoop.utils.Scheduler.lambda$schedule$1(Scheduler.java:68)
	at java.util.concurrent.Executors$RunnableAdapter.call(Executors.java:511)
	at java.util.concurrent.FutureTask.run(FutureTask.java:266)
	at java.util.concurrent.ScheduledThreadPoolExecutor$ScheduledFutureTask.access$201(ScheduledThreadPoolExecutor.java:180)
	at java.util.concurrent.ScheduledThreadPoolExecutor$ScheduledFutureTask.run(ScheduledThreadPoolExecutor.java:293)
	at java.util.concurrent.ThreadPoolExecutor.runWorker(ThreadPoolExecutor.java:1149)
	at java.util.concurrent.ThreadPoolExecutor$Worker.run(ThreadPoolExecutor.java:624)
	at java.lang.Thread.run(Thread.java:748)
2019-09-18 17:26:45,085 [Thread-808] INFO  impl.FollowerState (FollowerState.java:run(106)) - 7ce2171e-d7bb-488f-b53c-71f230bd4ba7:group-08BD79912E5D changes to CANDIDATE, lastRpcTime:5044, electionTimeout:5044ms
2019-09-18 17:26:45,086 [Thread-808] INFO  impl.RoleInfo (RoleInfo.java:shutdownFollowerState(121)) - 7ce2171e-d7bb-488f-b53c-71f230bd4ba7: shutdown FollowerState
2019-09-18 17:26:45,086 [Thread-808] INFO  impl.RaftServerImpl (RaftServerImpl.java:setRole(174)) - 7ce2171e-d7bb-488f-b53c-71f230bd4ba7@group-08BD79912E5D: changes role from  FOLLOWER to CANDIDATE at term 0 for changeToCandidate
2019-09-18 17:26:45,086 [Thread-808] INFO  impl.RoleInfo (RoleInfo.java:updateAndGet(143)) - 7ce2171e-d7bb-488f-b53c-71f230bd4ba7: start LeaderElection
2019-09-18 17:26:45,103 [7ce2171e-d7bb-488f-b53c-71f230bd4ba7@group-08BD79912E5D:LeaderElection14] INFO  impl.LeaderElection (LeaderElection.java:askForVotes(182)) - 7ce2171e-d7bb-488f-b53c-71f230bd4ba7@group-08BD79912E5D:LeaderElection14: begin an election at term 1 for -1: [60c95f10-37ee-49eb-b84e-63ada232a784:192.168.151.122:37895, 35e8f602-e85b-40b3-a2e8-9c7f2541a1dc:192.168.151.122:46817, 7ce2171e-d7bb-488f-b53c-71f230bd4ba7:192.168.151.122:34310], old=null
2019-09-18 17:26:45,112 [grpc-default-executor-6] INFO  impl.RaftServerImpl (RaftServerImpl.java:setRole(174)) - 35e8f602-e85b-40b3-a2e8-9c7f2541a1dc@group-08BD79912E5D: changes role from  FOLLOWER to FOLLOWER at term 1 for recognizeCandidate:7ce2171e-d7bb-488f-b53c-71f230bd4ba7
2019-09-18 17:26:45,112 [grpc-default-executor-7] INFO  impl.RaftServerImpl (RaftServerImpl.java:setRole(174)) - 60c95f10-37ee-49eb-b84e-63ada232a784@group-08BD79912E5D: changes role from  FOLLOWER to FOLLOWER at term 1 for recognizeCandidate:7ce2171e-d7bb-488f-b53c-71f230bd4ba7
2019-09-18 17:26:45,112 [grpc-default-executor-6] INFO  impl.RoleInfo (RoleInfo.java:shutdownFollowerState(121)) - 35e8f602-e85b-40b3-a2e8-9c7f2541a1dc: shutdown FollowerState
2019-09-18 17:26:45,113 [grpc-default-executor-7] INFO  impl.RoleInfo (RoleInfo.java:shutdownFollowerState(121)) - 60c95f10-37ee-49eb-b84e-63ada232a784: shutdown FollowerState
2019-09-18 17:26:45,113 [grpc-default-executor-6] INFO  impl.RoleInfo (RoleInfo.java:updateAndGet(143)) - 35e8f602-e85b-40b3-a2e8-9c7f2541a1dc: start FollowerState
2019-09-18 17:26:45,113 [grpc-default-executor-7] INFO  impl.RoleInfo (RoleInfo.java:updateAndGet(143)) - 60c95f10-37ee-49eb-b84e-63ada232a784: start FollowerState
2019-09-18 17:26:45,113 [Thread-806] INFO  impl.FollowerState (FollowerState.java:run(115)) - 35e8f602-e85b-40b3-a2e8-9c7f2541a1dc: FollowerState was interrupted: java.lang.InterruptedException: sleep interrupted
2019-09-18 17:26:45,113 [Thread-809] INFO  impl.FollowerState (FollowerState.java:run(115)) - 60c95f10-37ee-49eb-b84e-63ada232a784: FollowerState was interrupted: java.lang.InterruptedException: sleep interrupted
2019-09-18 17:26:45,131 [7ce2171e-d7bb-488f-b53c-71f230bd4ba7@group-08BD79912E5D:LeaderElection14] INFO  impl.LeaderElection (LeaderElection.java:logAndReturn(56)) - 7ce2171e-d7bb-488f-b53c-71f230bd4ba7@group-08BD79912E5D:LeaderElection14: Election PASSED; received 1 response(s) [7ce2171e-d7bb-488f-b53c-71f230bd4ba7<-35e8f602-e85b-40b3-a2e8-9c7f2541a1dc#0:OK-t1] and 0 exception(s); 7ce2171e-d7bb-488f-b53c-71f230bd4ba7@group-08BD79912E5D:t1, leader=null, voted=7ce2171e-d7bb-488f-b53c-71f230bd4ba7, raftlog=7ce2171e-d7bb-488f-b53c-71f230bd4ba7@group-08BD79912E5D-SegmentedRaftLog:OPENED:c-1,f-1,i0, conf=-1: [60c95f10-37ee-49eb-b84e-63ada232a784:192.168.151.122:37895, 35e8f602-e85b-40b3-a2e8-9c7f2541a1dc:192.168.151.122:46817, 7ce2171e-d7bb-488f-b53c-71f230bd4ba7:192.168.151.122:34310], old=null
2019-09-18 17:26:45,131 [7ce2171e-d7bb-488f-b53c-71f230bd4ba7@group-08BD79912E5D:LeaderElection14] INFO  impl.RoleInfo (RoleInfo.java:shutdownLeaderElection(134)) - 7ce2171e-d7bb-488f-b53c-71f230bd4ba7: shutdown LeaderElection
2019-09-18 17:26:45,131 [7ce2171e-d7bb-488f-b53c-71f230bd4ba7@group-08BD79912E5D:LeaderElection14] INFO  impl.RaftServerImpl (RaftServerImpl.java:setRole(174)) - 7ce2171e-d7bb-488f-b53c-71f230bd4ba7@group-08BD79912E5D: changes role from CANDIDATE to LEADER at term 1 for changeToLeader
2019-09-18 17:26:45,133 [7ce2171e-d7bb-488f-b53c-71f230bd4ba7@group-08BD79912E5D:LeaderElection14] INFO  impl.RaftServerImpl (ServerState.java:setLeader(253)) - 7ce2171e-d7bb-488f-b53c-71f230bd4ba7@group-08BD79912E5D: change Leader from null to 7ce2171e-d7bb-488f-b53c-71f230bd4ba7 at term 1 for becomeLeader, leader elected after 5105ms
2019-09-18 17:26:45,133 [7ce2171e-d7bb-488f-b53c-71f230bd4ba7@group-08BD79912E5D:LeaderElection14] INFO  server.RaftServerConfigKeys (ConfUtils.java:logGet(43)) - raft.server.staging.catchup.gap = 1000 (default)
2019-09-18 17:26:45,133 [7ce2171e-d7bb-488f-b53c-71f230bd4ba7@group-08BD79912E5D:LeaderElection14] INFO  server.RaftServerConfigKeys (ConfUtils.java:logGet(43)) - raft.server.rpc.sleep.time = 25ms (default)
2019-09-18 17:26:45,134 [7ce2171e-d7bb-488f-b53c-71f230bd4ba7@group-08BD79912E5D:LeaderElection14] INFO  server.RaftServerConfigKeys (ConfUtils.java:logGet(43)) - raft.server.write.element-limit = 4096 (default)
2019-09-18 17:26:45,134 [7ce2171e-d7bb-488f-b53c-71f230bd4ba7@group-08BD79912E5D:LeaderElection14] INFO  server.RaftServerConfigKeys (ConfUtils.java:logGet(43)) - raft.server.watch.timeout = 10s (default)
2019-09-18 17:26:45,134 [7ce2171e-d7bb-488f-b53c-71f230bd4ba7@group-08BD79912E5D:LeaderElection14] INFO  server.RaftServerConfigKeys (ConfUtils.java:logGet(43)) - raft.server.watch.timeout.denomination = 1s (default)
2019-09-18 17:26:45,134 [7ce2171e-d7bb-488f-b53c-71f230bd4ba7@group-08BD79912E5D:LeaderElection14] INFO  server.RaftServerConfigKeys (ConfUtils.java:logGet(43)) - raft.server.watch.element-limit = 65536 (default)
2019-09-18 17:26:45,137 [7ce2171e-d7bb-488f-b53c-71f230bd4ba7@group-08BD79912E5D:LeaderElection14] INFO  server.RaftServerConfigKeys (ConfUtils.java:logGet(43)) - raft.server.log.appender.snapshot.chunk.size.max = 16MB (=16777216) (default)
2019-09-18 17:26:45,137 [7ce2171e-d7bb-488f-b53c-71f230bd4ba7@group-08BD79912E5D:LeaderElection14] INFO  server.RaftServerConfigKeys (ConfUtils.java:logGet(43)) - raft.server.log.appender.buffer.byte-limit = 33554432 (custom)
2019-09-18 17:26:45,137 [7ce2171e-d7bb-488f-b53c-71f230bd4ba7@group-08BD79912E5D:LeaderElection14] INFO  server.RaftServerConfigKeys (ConfUtils.java:logGet(43)) - raft.server.log.appender.buffer.element-limit = 1 (custom)
2019-09-18 17:26:45,138 [7ce2171e-d7bb-488f-b53c-71f230bd4ba7@group-08BD79912E5D:LeaderElection14] INFO  grpc.GrpcConfigKeys$Server (ConfUtils.java:logGet(43)) - raft.grpc.server.leader.outstanding.appends.max = 128 (default)
2019-09-18 17:26:45,138 [7ce2171e-d7bb-488f-b53c-71f230bd4ba7@group-08BD79912E5D:LeaderElection14] INFO  server.RaftServerConfigKeys (ConfUtils.java:logGet(43)) - raft.server.rpc.request.timeout = 3000ms (default)
2019-09-18 17:26:45,138 [7ce2171e-d7bb-488f-b53c-71f230bd4ba7@group-08BD79912E5D:LeaderElection14] INFO  server.RaftServerConfigKeys (ConfUtils.java:logGet(43)) - raft.server.log.appender.install.snapshot.enabled = false (custom)
2019-09-18 17:26:45,138 [7ce2171e-d7bb-488f-b53c-71f230bd4ba7@group-08BD79912E5D:LeaderElection14] INFO  server.RaftServerConfigKeys (ConfUtils.java:logGet(43)) - raft.server.log.appender.snapshot.chunk.size.max = 16MB (=16777216) (default)
2019-09-18 17:26:45,138 [7ce2171e-d7bb-488f-b53c-71f230bd4ba7@group-08BD79912E5D:LeaderElection14] INFO  server.RaftServerConfigKeys (ConfUtils.java:logGet(43)) - raft.server.log.appender.buffer.byte-limit = 33554432 (custom)
2019-09-18 17:26:45,138 [7ce2171e-d7bb-488f-b53c-71f230bd4ba7@group-08BD79912E5D:LeaderElection14] INFO  server.RaftServerConfigKeys (ConfUtils.java:logGet(43)) - raft.server.log.appender.buffer.element-limit = 1 (custom)
2019-09-18 17:26:45,139 [7ce2171e-d7bb-488f-b53c-71f230bd4ba7@group-08BD79912E5D:LeaderElection14] INFO  grpc.GrpcConfigKeys$Server (ConfUtils.java:logGet(43)) - raft.grpc.server.leader.outstanding.appends.max = 128 (default)
2019-09-18 17:26:45,139 [7ce2171e-d7bb-488f-b53c-71f230bd4ba7@group-08BD79912E5D:LeaderElection14] INFO  server.RaftServerConfigKeys (ConfUtils.java:logGet(43)) - raft.server.rpc.request.timeout = 3000ms (default)
2019-09-18 17:26:45,139 [7ce2171e-d7bb-488f-b53c-71f230bd4ba7@group-08BD79912E5D:LeaderElection14] INFO  server.RaftServerConfigKeys (ConfUtils.java:logGet(43)) - raft.server.log.appender.install.snapshot.enabled = false (custom)
2019-09-18 17:26:45,139 [7ce2171e-d7bb-488f-b53c-71f230bd4ba7@group-08BD79912E5D:LeaderElection14] INFO  impl.RoleInfo (RoleInfo.java:updateAndGet(143)) - 7ce2171e-d7bb-488f-b53c-71f230bd4ba7: start LeaderState
2019-09-18 17:26:45,139 [7ce2171e-d7bb-488f-b53c-71f230bd4ba7@group-08BD79912E5D:LeaderElection14] INFO  segmented.SegmentedRaftLogWorker (SegmentedRaftLogWorker.java:startLogSegment(380)) - 7ce2171e-d7bb-488f-b53c-71f230bd4ba7@group-08BD79912E5D-SegmentedRaftLogWorker: Starting segment from index:0
2019-09-18 17:26:45,140 [7ce2171e-d7bb-488f-b53c-71f230bd4ba7@group-08BD79912E5D:LeaderElection14] INFO  impl.RaftServerImpl (ServerState.java:setRaftConf(354)) - 7ce2171e-d7bb-488f-b53c-71f230bd4ba7@group-08BD79912E5D: set configuration 0: [60c95f10-37ee-49eb-b84e-63ada232a784:192.168.151.122:37895, 35e8f602-e85b-40b3-a2e8-9c7f2541a1dc:192.168.151.122:46817, 7ce2171e-d7bb-488f-b53c-71f230bd4ba7:192.168.151.122:34310], old=null at 0
2019-09-18 17:26:45,175 [grpc-default-executor-6] INFO  impl.RaftServerImpl (ServerState.java:setLeader(253)) - 60c95f10-37ee-49eb-b84e-63ada232a784@group-08BD79912E5D: change Leader from null to 7ce2171e-d7bb-488f-b53c-71f230bd4ba7 at term 1 for appendEntries, leader elected after 5147ms
2019-09-18 17:26:45,175 [grpc-default-executor-7] INFO  impl.RaftServerImpl (ServerState.java:setLeader(253)) - 35e8f602-e85b-40b3-a2e8-9c7f2541a1dc@group-08BD79912E5D: change Leader from null to 7ce2171e-d7bb-488f-b53c-71f230bd4ba7 at term 1 for appendEntries, leader elected after 5147ms
2019-09-18 17:26:45,179 [grpc-default-executor-6] INFO  impl.RaftServerImpl (ServerState.java:setRaftConf(354)) - 60c95f10-37ee-49eb-b84e-63ada232a784@group-08BD79912E5D: set configuration 0: [60c95f10-37ee-49eb-b84e-63ada232a784:192.168.151.122:37895, 35e8f602-e85b-40b3-a2e8-9c7f2541a1dc:192.168.151.122:46817, 7ce2171e-d7bb-488f-b53c-71f230bd4ba7:192.168.151.122:34310], old=null at 0
2019-09-18 17:26:45,179 [grpc-default-executor-6] INFO  segmented.SegmentedRaftLogWorker (SegmentedRaftLogWorker.java:startLogSegment(380)) - 60c95f10-37ee-49eb-b84e-63ada232a784@group-08BD79912E5D-SegmentedRaftLogWorker: Starting segment from index:0
2019-09-18 17:26:45,179 [grpc-default-executor-7] INFO  impl.RaftServerImpl (ServerState.java:setRaftConf(354)) - 35e8f602-e85b-40b3-a2e8-9c7f2541a1dc@group-08BD79912E5D: set configuration 0: [60c95f10-37ee-49eb-b84e-63ada232a784:192.168.151.122:37895, 35e8f602-e85b-40b3-a2e8-9c7f2541a1dc:192.168.151.122:46817, 7ce2171e-d7bb-488f-b53c-71f230bd4ba7:192.168.151.122:34310], old=null at 0
2019-09-18 17:26:45,180 [grpc-default-executor-7] INFO  segmented.SegmentedRaftLogWorker (SegmentedRaftLogWorker.java:startLogSegment(380)) - 35e8f602-e85b-40b3-a2e8-9c7f2541a1dc@group-08BD79912E5D-SegmentedRaftLogWorker: Starting segment from index:0
2019-09-18 17:26:45,195 [7ce2171e-d7bb-488f-b53c-71f230bd4ba7@group-08BD79912E5D-SegmentedRaftLogWorker] INFO  segmented.SegmentedRaftLogWorker (SegmentedRaftLogWorker.java:execute(569)) - 7ce2171e-d7bb-488f-b53c-71f230bd4ba7@group-08BD79912E5D-SegmentedRaftLogWorker: created new log segment /workdir/hadoop-ozone/integration-test/target/test-dir/MiniOzoneClusterImpl-b34fcd95-ddd9-49f6-9e80-ffea83eaa9ea/datanode-6/data/ratis/01e7f1a9-86db-4c6b-9936-08bd79912e5d/current/log_inprogress_0
2019-09-18 17:26:45,226 [35e8f602-e85b-40b3-a2e8-9c7f2541a1dc@group-08BD79912E5D-SegmentedRaftLogWorker] INFO  segmented.SegmentedRaftLogWorker (SegmentedRaftLogWorker.java:execute(569)) - 35e8f602-e85b-40b3-a2e8-9c7f2541a1dc@group-08BD79912E5D-SegmentedRaftLogWorker: created new log segment /workdir/hadoop-ozone/integration-test/target/test-dir/MiniOzoneClusterImpl-b34fcd95-ddd9-49f6-9e80-ffea83eaa9ea/datanode-2/data/ratis/01e7f1a9-86db-4c6b-9936-08bd79912e5d/current/log_inprogress_0
2019-09-18 17:26:45,226 [60c95f10-37ee-49eb-b84e-63ada232a784@group-08BD79912E5D-SegmentedRaftLogWorker] INFO  segmented.SegmentedRaftLogWorker (SegmentedRaftLogWorker.java:execute(569)) - 60c95f10-37ee-49eb-b84e-63ada232a784@group-08BD79912E5D-SegmentedRaftLogWorker: created new log segment /workdir/hadoop-ozone/integration-test/target/test-dir/MiniOzoneClusterImpl-b34fcd95-ddd9-49f6-9e80-ffea83eaa9ea/datanode-5/data/ratis/01e7f1a9-86db-4c6b-9936-08bd79912e5d/current/log_inprogress_0
2019-09-18 17:26:46,083 [grpc-default-executor-7] INFO  client.GrpcClientProtocolClient (GrpcClientProtocolClient.java:onNext(264)) - client-D63B3F3BC33D->befaacb7-99cd-4d87-819a-d941cb77279d: receive RaftClientReply:client-D63B3F3BC33D->befaacb7-99cd-4d87-819a-d941cb77279d@group-4F90601D4E02, cid=32, FAILED org.apache.ratis.protocol.NotLeaderException: Server befaacb7-99cd-4d87-819a-d941cb77279d@group-4F90601D4E02 is not the leader f1d6cbd0-cc55-4a8c-aff9-0f6c18a578e9:192.168.151.122:38812, logIndex=0, commits[befaacb7-99cd-4d87-819a-d941cb77279d:c10, f1d6cbd0-cc55-4a8c-aff9-0f6c18a578e9:c10, 3f36f173-4656-4d5a-831c-b6782f9f5ad2:c6]
2019-09-18 17:26:46,559 [java.util.concurrent.ThreadPoolExecutor$Worker@30c21f86[State = -1, empty queue]] WARN  server.GrpcLogAppender (GrpcLogAppender.java:timeoutAppendRequest(200)) - f1d6cbd0-cc55-4a8c-aff9-0f6c18a578e9@group-4F90601D4E02->3f36f173-4656-4d5a-831c-b6782f9f5ad2-GrpcLogAppender: appendEntries Timeout, request=f1d6cbd0-cc55-4a8c-aff9-0f6c18a578e9->3f36f173-4656-4d5a-831c-b6782f9f5ad2#87-t2, previous=(t:2, i:13), leaderCommit=10, initializing? false, entries: <empty>
2019-09-18 17:26:46,559 [java.util.concurrent.ThreadPoolExecutor$Worker@6cb5db01[State = -1, empty queue]] WARN  server.GrpcLogAppender (GrpcLogAppender.java:timeoutAppendRequest(200)) - f1d6cbd0-cc55-4a8c-aff9-0f6c18a578e9@group-4F90601D4E02->befaacb7-99cd-4d87-819a-d941cb77279d-GrpcLogAppender: appendEntries Timeout, request=f1d6cbd0-cc55-4a8c-aff9-0f6c18a578e9->befaacb7-99cd-4d87-819a-d941cb77279d#87-t2, previous=(t:2, i:13), leaderCommit=10, initializing? false, entries: <empty>
2019-09-18 17:26:47,583 [grpc-default-executor-6] INFO  impl.RaftServerProxy (RaftServerProxy.java:remove(95)) - 35e8f602-e85b-40b3-a2e8-9c7f2541a1dc: remove group-A8CC8E72DEEA:null
2019-09-18 17:26:47,590 [RatisPipelineUtilsThread] WARN  pipeline.RatisPipelineUtils (RatisPipelineUtils.java:destroyPipeline(66)) - Pipeline destroy failed for pipeline=PipelineID=0865e9aa-3ec9-41d2-a431-a8cc8e72deea dn=35e8f602-e85b-40b3-a2e8-9c7f2541a1dc{ip: 192.168.151.122, host: pr-hdds-2121-ltkqc-3926781246, networkLocation: /default-rack, certSerialId: null}
2019-09-18 17:26:47,596 [grpc-default-executor-6] INFO  impl.RaftServerProxy (RaftServerProxy.java:remove(95)) - 60c95f10-37ee-49eb-b84e-63ada232a784: remove group-A8CC8E72DEEA:null
2019-09-18 17:26:47,603 [RatisPipelineUtilsThread] WARN  pipeline.RatisPipelineUtils (RatisPipelineUtils.java:destroyPipeline(66)) - Pipeline destroy failed for pipeline=PipelineID=0865e9aa-3ec9-41d2-a431-a8cc8e72deea dn=60c95f10-37ee-49eb-b84e-63ada232a784{ip: 192.168.151.122, host: pr-hdds-2121-ltkqc-3926781246, networkLocation: /default-rack, certSerialId: null}
2019-09-18 17:26:47,609 [grpc-default-executor-6] INFO  impl.RaftServerProxy (RaftServerProxy.java:remove(95)) - 7ce2171e-d7bb-488f-b53c-71f230bd4ba7: remove group-A8CC8E72DEEA:null
2019-09-18 17:26:47,615 [RatisPipelineUtilsThread] WARN  pipeline.RatisPipelineUtils (RatisPipelineUtils.java:destroyPipeline(66)) - Pipeline destroy failed for pipeline=PipelineID=0865e9aa-3ec9-41d2-a431-a8cc8e72deea dn=7ce2171e-d7bb-488f-b53c-71f230bd4ba7{ip: 192.168.151.122, host: pr-hdds-2121-ltkqc-3926781246, networkLocation: /default-rack, certSerialId: null}
2019-09-18 17:26:47,616 [RatisPipelineUtilsThread] ERROR pipeline.SCMPipelineManager (Scheduler.java:lambda$schedule$1(70)) - Destroy pipeline failed for pipeline:Pipeline[ Id: 0865e9aa-3ec9-41d2-a431-a8cc8e72deea, Nodes: 35e8f602-e85b-40b3-a2e8-9c7f2541a1dc{ip: 192.168.151.122, host: pr-hdds-2121-ltkqc-3926781246, networkLocation: /default-rack, certSerialId: null}60c95f10-37ee-49eb-b84e-63ada232a784{ip: 192.168.151.122, host: pr-hdds-2121-ltkqc-3926781246, networkLocation: /default-rack, certSerialId: null}7ce2171e-d7bb-488f-b53c-71f230bd4ba7{ip: 192.168.151.122, host: pr-hdds-2121-ltkqc-3926781246, networkLocation: /default-rack, certSerialId: null}, Type:RATIS, Factor:THREE, State:CLOSED]
org.apache.hadoop.hdds.scm.pipeline.PipelineNotFoundException: PipelineID=0865e9aa-3ec9-41d2-a431-a8cc8e72deea not found
	at org.apache.hadoop.hdds.scm.pipeline.PipelineStateMap.getPipeline(PipelineStateMap.java:132)
	at org.apache.hadoop.hdds.scm.pipeline.PipelineStateMap.removePipeline(PipelineStateMap.java:322)
	at org.apache.hadoop.hdds.scm.pipeline.PipelineStateManager.removePipeline(PipelineStateManager.java:107)
	at org.apache.hadoop.hdds.scm.pipeline.SCMPipelineManager.removePipeline(SCMPipelineManager.java:423)
	at org.apache.hadoop.hdds.scm.pipeline.SCMPipelineManager.destroyPipeline(SCMPipelineManager.java:409)
	at org.apache.hadoop.hdds.scm.pipeline.SCMPipelineManager.lambda$finalizeAndDestroyPipeline$0(SCMPipelineManager.java:318)
	at org.apache.hadoop.utils.Scheduler.lambda$schedule$1(Scheduler.java:68)
	at java.util.concurrent.Executors$RunnableAdapter.call(Executors.java:511)
	at java.util.concurrent.FutureTask.run(FutureTask.java:266)
	at java.util.concurrent.ScheduledThreadPoolExecutor$ScheduledFutureTask.access$201(ScheduledThreadPoolExecutor.java:180)
	at java.util.concurrent.ScheduledThreadPoolExecutor$ScheduledFutureTask.run(ScheduledThreadPoolExecutor.java:293)
	at java.util.concurrent.ThreadPoolExecutor.runWorker(ThreadPoolExecutor.java:1149)
	at java.util.concurrent.ThreadPoolExecutor$Worker.run(ThreadPoolExecutor.java:624)
	at java.lang.Thread.run(Thread.java:748)
2019-09-18 17:26:49,059 [java.util.concurrent.ThreadPoolExecutor$Worker@6cb5db01[State = -1, empty queue]] WARN  server.GrpcLogAppender (GrpcLogAppender.java:timeoutAppendRequest(200)) - f1d6cbd0-cc55-4a8c-aff9-0f6c18a578e9@group-4F90601D4E02->befaacb7-99cd-4d87-819a-d941cb77279d-GrpcLogAppender: appendEntries Timeout, request=f1d6cbd0-cc55-4a8c-aff9-0f6c18a578e9->befaacb7-99cd-4d87-819a-d941cb77279d#88-t2, previous=(t:2, i:13), leaderCommit=10, initializing? false, entries: <empty>
2019-09-18 17:26:49,059 [java.util.concurrent.ThreadPoolExecutor$Worker@30c21f86[State = -1, empty queue]] WARN  server.GrpcLogAppender (GrpcLogAppender.java:timeoutAppendRequest(200)) - f1d6cbd0-cc55-4a8c-aff9-0f6c18a578e9@group-4F90601D4E02->3f36f173-4656-4d5a-831c-b6782f9f5ad2-GrpcLogAppender: appendEntries Timeout, request=f1d6cbd0-cc55-4a8c-aff9-0f6c18a578e9->3f36f173-4656-4d5a-831c-b6782f9f5ad2#88-t2, previous=(t:2, i:13), leaderCommit=10, initializing? false, entries: <empty>
2019-09-18 17:26:49,584 [grpc-default-executor-7] INFO  impl.RaftServerProxy (RaftServerProxy.java:remove(95)) - 35e8f602-e85b-40b3-a2e8-9c7f2541a1dc: remove group-A8CC8E72DEEA:null
2019-09-18 17:26:49,592 [RatisPipelineUtilsThread] WARN  pipeline.RatisPipelineUtils (RatisPipelineUtils.java:destroyPipeline(66)) - Pipeline destroy failed for pipeline=PipelineID=0865e9aa-3ec9-41d2-a431-a8cc8e72deea dn=35e8f602-e85b-40b3-a2e8-9c7f2541a1dc{ip: 192.168.151.122, host: pr-hdds-2121-ltkqc-3926781246, networkLocation: /default-rack, certSerialId: null}
2019-09-18 17:26:49,601 [grpc-default-executor-7] INFO  impl.RaftServerProxy (RaftServerProxy.java:remove(95)) - 60c95f10-37ee-49eb-b84e-63ada232a784: remove group-A8CC8E72DEEA:null
2019-09-18 17:26:49,608 [RatisPipelineUtilsThread] WARN  pipeline.RatisPipelineUtils (RatisPipelineUtils.java:destroyPipeline(66)) - Pipeline destroy failed for pipeline=PipelineID=0865e9aa-3ec9-41d2-a431-a8cc8e72deea dn=60c95f10-37ee-49eb-b84e-63ada232a784{ip: 192.168.151.122, host: pr-hdds-2121-ltkqc-3926781246, networkLocation: /default-rack, certSerialId: null}
2019-09-18 17:26:49,616 [grpc-default-executor-7] INFO  impl.RaftServerProxy (RaftServerProxy.java:remove(95)) - 7ce2171e-d7bb-488f-b53c-71f230bd4ba7: remove group-A8CC8E72DEEA:null
2019-09-18 17:26:49,623 [RatisPipelineUtilsThread] WARN  pipeline.RatisPipelineUtils (RatisPipelineUtils.java:destroyPipeline(66)) - Pipeline destroy failed for pipeline=PipelineID=0865e9aa-3ec9-41d2-a431-a8cc8e72deea dn=7ce2171e-d7bb-488f-b53c-71f230bd4ba7{ip: 192.168.151.122, host: pr-hdds-2121-ltkqc-3926781246, networkLocation: /default-rack, certSerialId: null}
2019-09-18 17:26:49,623 [RatisPipelineUtilsThread] ERROR pipeline.SCMPipelineManager (Scheduler.java:lambda$schedule$1(70)) - Destroy pipeline failed for pipeline:Pipeline[ Id: 0865e9aa-3ec9-41d2-a431-a8cc8e72deea, Nodes: 35e8f602-e85b-40b3-a2e8-9c7f2541a1dc{ip: 192.168.151.122, host: pr-hdds-2121-ltkqc-3926781246, networkLocation: /default-rack, certSerialId: null}60c95f10-37ee-49eb-b84e-63ada232a784{ip: 192.168.151.122, host: pr-hdds-2121-ltkqc-3926781246, networkLocation: /default-rack, certSerialId: null}7ce2171e-d7bb-488f-b53c-71f230bd4ba7{ip: 192.168.151.122, host: pr-hdds-2121-ltkqc-3926781246, networkLocation: /default-rack, certSerialId: null}, Type:RATIS, Factor:THREE, State:CLOSED]
org.apache.hadoop.hdds.scm.pipeline.PipelineNotFoundException: PipelineID=0865e9aa-3ec9-41d2-a431-a8cc8e72deea not found
	at org.apache.hadoop.hdds.scm.pipeline.PipelineStateMap.getPipeline(PipelineStateMap.java:132)
	at org.apache.hadoop.hdds.scm.pipeline.PipelineStateMap.removePipeline(PipelineStateMap.java:322)
	at org.apache.hadoop.hdds.scm.pipeline.PipelineStateManager.removePipeline(PipelineStateManager.java:107)
	at org.apache.hadoop.hdds.scm.pipeline.SCMPipelineManager.removePipeline(SCMPipelineManager.java:423)
	at org.apache.hadoop.hdds.scm.pipeline.SCMPipelineManager.destroyPipeline(SCMPipelineManager.java:409)
	at org.apache.hadoop.hdds.scm.pipeline.SCMPipelineManager.lambda$finalizeAndDestroyPipeline$0(SCMPipelineManager.java:318)
	at org.apache.hadoop.utils.Scheduler.lambda$schedule$1(Scheduler.java:68)
	at java.util.concurrent.Executors$RunnableAdapter.call(Executors.java:511)
	at java.util.concurrent.FutureTask.run(FutureTask.java:266)
	at java.util.concurrent.ScheduledThreadPoolExecutor$ScheduledFutureTask.access$201(ScheduledThreadPoolExecutor.java:180)
	at java.util.concurrent.ScheduledThreadPoolExecutor$ScheduledFutureTask.run(ScheduledThreadPoolExecutor.java:293)
	at java.util.concurrent.ThreadPoolExecutor.runWorker(ThreadPoolExecutor.java:1149)
	at java.util.concurrent.ThreadPoolExecutor$Worker.run(ThreadPoolExecutor.java:624)
	at java.lang.Thread.run(Thread.java:748)
2019-09-18 17:26:51,143 [grpc-default-executor-6] INFO  client.GrpcClientProtocolClient (GrpcClientProtocolClient.java:onNext(264)) - client-D63B3F3BC33D->befaacb7-99cd-4d87-819a-d941cb77279d: receive RaftClientReply:client-D63B3F3BC33D->befaacb7-99cd-4d87-819a-d941cb77279d@group-4F90601D4E02, cid=32, FAILED org.apache.ratis.protocol.NotLeaderException: Server befaacb7-99cd-4d87-819a-d941cb77279d@group-4F90601D4E02 is not the leader f1d6cbd0-cc55-4a8c-aff9-0f6c18a578e9:192.168.151.122:38812, logIndex=0, commits[befaacb7-99cd-4d87-819a-d941cb77279d:c10, f1d6cbd0-cc55-4a8c-aff9-0f6c18a578e9:c10, 3f36f173-4656-4d5a-831c-b6782f9f5ad2:c6]
2019-09-18 17:26:51,159 [befaacb7-99cd-4d87-819a-d941cb77279d@group-4F90601D4E02-SegmentedRaftLogWorker] WARN  segmented.SegmentedRaftLogWorker (SegmentedRaftLogWorker.java:getFromFuture(90)) - Timeout 0/~
org.apache.ratis.protocol.TimeoutIOException: Timeout 10s: WriteLog:12: (t:2, i:12), STATEMACHINELOGENTRY, client-D63B3F3BC33D, cid=33-writeStateMachineData
	at org.apache.ratis.util.IOUtils.getFromFuture(IOUtils.java:87)
	at org.apache.ratis.server.raftlog.segmented.SegmentedRaftLogWorker$StateMachineDataPolicy.getFromFuture(SegmentedRaftLogWorker.java:87)
	at org.apache.ratis.server.raftlog.segmented.SegmentedRaftLogWorker$WriteLog.execute(SegmentedRaftLogWorker.java:477)
	at org.apache.ratis.server.raftlog.segmented.SegmentedRaftLogWorker.run(SegmentedRaftLogWorker.java:289)
	at java.lang.Thread.run(Thread.java:748)
Caused by: java.util.concurrent.TimeoutException
	at java.util.concurrent.CompletableFuture.timedGet(CompletableFuture.java:1771)
	at java.util.concurrent.CompletableFuture.get(CompletableFuture.java:1915)
	at org.apache.ratis.util.IOUtils.getFromFuture(IOUtils.java:79)
	... 4 more
2019-09-18 17:26:51,159 [3f36f173-4656-4d5a-831c-b6782f9f5ad2@group-4F90601D4E02-SegmentedRaftLogWorker] WARN  segmented.SegmentedRaftLogWorker (SegmentedRaftLogWorker.java:getFromFuture(90)) - Timeout 0/~
org.apache.ratis.protocol.TimeoutIOException: Timeout 10s: WriteLog:12: (t:2, i:12), STATEMACHINELOGENTRY, client-D63B3F3BC33D, cid=33-writeStateMachineData
	at org.apache.ratis.util.IOUtils.getFromFuture(IOUtils.java:87)
	at org.apache.ratis.server.raftlog.segmented.SegmentedRaftLogWorker$StateMachineDataPolicy.getFromFuture(SegmentedRaftLogWorker.java:87)
	at org.apache.ratis.server.raftlog.segmented.SegmentedRaftLogWorker$WriteLog.execute(SegmentedRaftLogWorker.java:477)
	at org.apache.ratis.server.raftlog.segmented.SegmentedRaftLogWorker.run(SegmentedRaftLogWorker.java:289)
	at java.lang.Thread.run(Thread.java:748)
Caused by: java.util.concurrent.TimeoutException
	at java.util.concurrent.CompletableFuture.timedGet(CompletableFuture.java:1771)
	at java.util.concurrent.CompletableFuture.get(CompletableFuture.java:1915)
	at org.apache.ratis.util.IOUtils.getFromFuture(IOUtils.java:79)
	... 4 more
2019-09-18 17:26:51,159 [f1d6cbd0-cc55-4a8c-aff9-0f6c18a578e9@group-4F90601D4E02-SegmentedRaftLogWorker] WARN  segmented.SegmentedRaftLogWorker (SegmentedRaftLogWorker.java:getFromFuture(90)) - Timeout 0/~
org.apache.ratis.protocol.TimeoutIOException: Timeout 10s: WriteLog:12: (t:2, i:12), STATEMACHINELOGENTRY, client-D63B3F3BC33D, cid=33-writeStateMachineData
	at org.apache.ratis.util.IOUtils.getFromFuture(IOUtils.java:87)
	at org.apache.ratis.server.raftlog.segmented.SegmentedRaftLogWorker$StateMachineDataPolicy.getFromFuture(SegmentedRaftLogWorker.java:87)
	at org.apache.ratis.server.raftlog.segmented.SegmentedRaftLogWorker$WriteLog.execute(SegmentedRaftLogWorker.java:477)
	at org.apache.ratis.server.raftlog.segmented.SegmentedRaftLogWorker.run(SegmentedRaftLogWorker.java:289)
	at java.lang.Thread.run(Thread.java:748)
Caused by: java.util.concurrent.TimeoutException
	at java.util.concurrent.CompletableFuture.timedGet(CompletableFuture.java:1771)
	at java.util.concurrent.CompletableFuture.get(CompletableFuture.java:1915)
	at org.apache.ratis.util.IOUtils.getFromFuture(IOUtils.java:79)
	... 4 more
2019-09-18 17:26:51,559 [java.util.concurrent.ThreadPoolExecutor$Worker@6cb5db01[State = -1, empty queue]] WARN  server.GrpcLogAppender (GrpcLogAppender.java:timeoutAppendRequest(200)) - f1d6cbd0-cc55-4a8c-aff9-0f6c18a578e9@group-4F90601D4E02->befaacb7-99cd-4d87-819a-d941cb77279d-GrpcLogAppender: appendEntries Timeout, request=f1d6cbd0-cc55-4a8c-aff9-0f6c18a578e9->befaacb7-99cd-4d87-819a-d941cb77279d#89-t2, previous=(t:2, i:13), leaderCommit=10, initializing? false, entries: <empty>
2019-09-18 17:26:51,559 [java.util.concurrent.ThreadPoolExecutor$Worker@30c21f86[State = -1, empty queue]] WARN  server.GrpcLogAppender (GrpcLogAppender.java:timeoutAppendRequest(200)) - f1d6cbd0-cc55-4a8c-aff9-0f6c18a578e9@group-4F90601D4E02->3f36f173-4656-4d5a-831c-b6782f9f5ad2-GrpcLogAppender: appendEntries Timeout, request=f1d6cbd0-cc55-4a8c-aff9-0f6c18a578e9->3f36f173-4656-4d5a-831c-b6782f9f5ad2#89-t2, previous=(t:2, i:13), leaderCommit=10, initializing? false, entries: <empty>
2019-09-18 17:26:52,587 [grpc-default-executor-6] INFO  impl.RaftServerProxy (RaftServerProxy.java:remove(95)) - 35e8f602-e85b-40b3-a2e8-9c7f2541a1dc: remove group-A8CC8E72DEEA:null
2019-09-18 17:26:52,594 [RatisPipelineUtilsThread] WARN  pipeline.RatisPipelineUtils (RatisPipelineUtils.java:destroyPipeline(66)) - Pipeline destroy failed for pipeline=PipelineID=0865e9aa-3ec9-41d2-a431-a8cc8e72deea dn=35e8f602-e85b-40b3-a2e8-9c7f2541a1dc{ip: 192.168.151.122, host: pr-hdds-2121-ltkqc-3926781246, networkLocation: /default-rack, certSerialId: null}
2019-09-18 17:26:52,600 [grpc-default-executor-6] INFO  impl.RaftServerProxy (RaftServerProxy.java:remove(95)) - 60c95f10-37ee-49eb-b84e-63ada232a784: remove group-A8CC8E72DEEA:null
2019-09-18 17:26:52,605 [RatisPipelineUtilsThread] WARN  pipeline.RatisPipelineUtils (RatisPipelineUtils.java:destroyPipeline(66)) - Pipeline destroy failed for pipeline=PipelineID=0865e9aa-3ec9-41d2-a431-a8cc8e72deea dn=60c95f10-37ee-49eb-b84e-63ada232a784{ip: 192.168.151.122, host: pr-hdds-2121-ltkqc-3926781246, networkLocation: /default-rack, certSerialId: null}
2019-09-18 17:26:52,611 [grpc-default-executor-6] INFO  impl.RaftServerProxy (RaftServerProxy.java:remove(95)) - 7ce2171e-d7bb-488f-b53c-71f230bd4ba7: remove group-A8CC8E72DEEA:null
2019-09-18 17:26:52,618 [RatisPipelineUtilsThread] WARN  pipeline.RatisPipelineUtils (RatisPipelineUtils.java:destroyPipeline(66)) - Pipeline destroy failed for pipeline=PipelineID=0865e9aa-3ec9-41d2-a431-a8cc8e72deea dn=7ce2171e-d7bb-488f-b53c-71f230bd4ba7{ip: 192.168.151.122, host: pr-hdds-2121-ltkqc-3926781246, networkLocation: /default-rack, certSerialId: null}
2019-09-18 17:26:52,619 [RatisPipelineUtilsThread] ERROR pipeline.SCMPipelineManager (Scheduler.java:lambda$schedule$1(70)) - Destroy pipeline failed for pipeline:Pipeline[ Id: 0865e9aa-3ec9-41d2-a431-a8cc8e72deea, Nodes: 35e8f602-e85b-40b3-a2e8-9c7f2541a1dc{ip: 192.168.151.122, host: pr-hdds-2121-ltkqc-3926781246, networkLocation: /default-rack, certSerialId: null}60c95f10-37ee-49eb-b84e-63ada232a784{ip: 192.168.151.122, host: pr-hdds-2121-ltkqc-3926781246, networkLocation: /default-rack, certSerialId: null}7ce2171e-d7bb-488f-b53c-71f230bd4ba7{ip: 192.168.151.122, host: pr-hdds-2121-ltkqc-3926781246, networkLocation: /default-rack, certSerialId: null}, Type:RATIS, Factor:THREE, State:CLOSED]
org.apache.hadoop.hdds.scm.pipeline.PipelineNotFoundException: PipelineID=0865e9aa-3ec9-41d2-a431-a8cc8e72deea not found
	at org.apache.hadoop.hdds.scm.pipeline.PipelineStateMap.getPipeline(PipelineStateMap.java:132)
	at org.apache.hadoop.hdds.scm.pipeline.PipelineStateMap.removePipeline(PipelineStateMap.java:322)
	at org.apache.hadoop.hdds.scm.pipeline.PipelineStateManager.removePipeline(PipelineStateManager.java:107)
	at org.apache.hadoop.hdds.scm.pipeline.SCMPipelineManager.removePipeline(SCMPipelineManager.java:423)
	at org.apache.hadoop.hdds.scm.pipeline.SCMPipelineManager.destroyPipeline(SCMPipelineManager.java:409)
	at org.apache.hadoop.hdds.scm.pipeline.SCMPipelineManager.lambda$finalizeAndDestroyPipeline$0(SCMPipelineManager.java:318)
	at org.apache.hadoop.utils.Scheduler.lambda$schedule$1(Scheduler.java:68)
	at java.util.concurrent.Executors$RunnableAdapter.call(Executors.java:511)
	at java.util.concurrent.FutureTask.run(FutureTask.java:266)
	at java.util.concurrent.ScheduledThreadPoolExecutor$ScheduledFutureTask.access$201(ScheduledThreadPoolExecutor.java:180)
	at java.util.concurrent.ScheduledThreadPoolExecutor$ScheduledFutureTask.run(ScheduledThreadPoolExecutor.java:293)
	at java.util.concurrent.ThreadPoolExecutor.runWorker(ThreadPoolExecutor.java:1149)
	at java.util.concurrent.ThreadPoolExecutor$Worker.run(ThreadPoolExecutor.java:624)
	at java.lang.Thread.run(Thread.java:748)
2019-09-18 17:26:54,060 [java.util.concurrent.ThreadPoolExecutor$Worker@30c21f86[State = -1, empty queue]] WARN  server.GrpcLogAppender (GrpcLogAppender.java:timeoutAppendRequest(200)) - f1d6cbd0-cc55-4a8c-aff9-0f6c18a578e9@group-4F90601D4E02->3f36f173-4656-4d5a-831c-b6782f9f5ad2-GrpcLogAppender: appendEntries Timeout, request=f1d6cbd0-cc55-4a8c-aff9-0f6c18a578e9->3f36f173-4656-4d5a-831c-b6782f9f5ad2#90-t2, previous=(t:2, i:13), leaderCommit=10, initializing? false, entries: <empty>
2019-09-18 17:26:54,060 [java.util.concurrent.ThreadPoolExecutor$Worker@6cb5db01[State = -1, empty queue]] WARN  server.GrpcLogAppender (GrpcLogAppender.java:timeoutAppendRequest(200)) - f1d6cbd0-cc55-4a8c-aff9-0f6c18a578e9@group-4F90601D4E02->befaacb7-99cd-4d87-819a-d941cb77279d-GrpcLogAppender: appendEntries Timeout, request=f1d6cbd0-cc55-4a8c-aff9-0f6c18a578e9->befaacb7-99cd-4d87-819a-d941cb77279d#90-t2, previous=(t:2, i:13), leaderCommit=10, initializing? false, entries: <empty>
2019-09-18 17:26:54,593 [grpc-default-executor-6] INFO  impl.RaftServerProxy (RaftServerProxy.java:remove(95)) - 35e8f602-e85b-40b3-a2e8-9c7f2541a1dc: remove group-A8CC8E72DEEA:null
2019-09-18 17:26:54,600 [RatisPipelineUtilsThread] WARN  pipeline.RatisPipelineUtils (RatisPipelineUtils.java:destroyPipeline(66)) - Pipeline destroy failed for pipeline=PipelineID=0865e9aa-3ec9-41d2-a431-a8cc8e72deea dn=35e8f602-e85b-40b3-a2e8-9c7f2541a1dc{ip: 192.168.151.122, host: pr-hdds-2121-ltkqc-3926781246, networkLocation: /default-rack, certSerialId: null}
2019-09-18 17:26:54,605 [grpc-default-executor-6] INFO  impl.RaftServerProxy (RaftServerProxy.java:remove(95)) - 60c95f10-37ee-49eb-b84e-63ada232a784: remove group-A8CC8E72DEEA:null
2019-09-18 17:26:54,613 [RatisPipelineUtilsThread] WARN  pipeline.RatisPipelineUtils (RatisPipelineUtils.java:destroyPipeline(66)) - Pipeline destroy failed for pipeline=PipelineID=0865e9aa-3ec9-41d2-a431-a8cc8e72deea dn=60c95f10-37ee-49eb-b84e-63ada232a784{ip: 192.168.151.122, host: pr-hdds-2121-ltkqc-3926781246, networkLocation: /default-rack, certSerialId: null}
2019-09-18 17:26:54,618 [grpc-default-executor-6] INFO  impl.RaftServerProxy (RaftServerProxy.java:remove(95)) - 7ce2171e-d7bb-488f-b53c-71f230bd4ba7: remove group-A8CC8E72DEEA:null
2019-09-18 17:26:54,635 [RatisPipelineUtilsThread] WARN  pipeline.RatisPipelineUtils (RatisPipelineUtils.java:destroyPipeline(66)) - Pipeline destroy failed for pipeline=PipelineID=0865e9aa-3ec9-41d2-a431-a8cc8e72deea dn=7ce2171e-d7bb-488f-b53c-71f230bd4ba7{ip: 192.168.151.122, host: pr-hdds-2121-ltkqc-3926781246, networkLocation: /default-rack, certSerialId: null}
2019-09-18 17:26:54,635 [RatisPipelineUtilsThread] ERROR pipeline.SCMPipelineManager (Scheduler.java:lambda$schedule$1(70)) - Destroy pipeline failed for pipeline:Pipeline[ Id: 0865e9aa-3ec9-41d2-a431-a8cc8e72deea, Nodes: 35e8f602-e85b-40b3-a2e8-9c7f2541a1dc{ip: 192.168.151.122, host: pr-hdds-2121-ltkqc-3926781246, networkLocation: /default-rack, certSerialId: null}60c95f10-37ee-49eb-b84e-63ada232a784{ip: 192.168.151.122, host: pr-hdds-2121-ltkqc-3926781246, networkLocation: /default-rack, certSerialId: null}7ce2171e-d7bb-488f-b53c-71f230bd4ba7{ip: 192.168.151.122, host: pr-hdds-2121-ltkqc-3926781246, networkLocation: /default-rack, certSerialId: null}, Type:RATIS, Factor:THREE, State:CLOSED]
org.apache.hadoop.hdds.scm.pipeline.PipelineNotFoundException: PipelineID=0865e9aa-3ec9-41d2-a431-a8cc8e72deea not found
	at org.apache.hadoop.hdds.scm.pipeline.PipelineStateMap.getPipeline(PipelineStateMap.java:132)
	at org.apache.hadoop.hdds.scm.pipeline.PipelineStateMap.removePipeline(PipelineStateMap.java:322)
	at org.apache.hadoop.hdds.scm.pipeline.PipelineStateManager.removePipeline(PipelineStateManager.java:107)
	at org.apache.hadoop.hdds.scm.pipeline.SCMPipelineManager.removePipeline(SCMPipelineManager.java:423)
	at org.apache.hadoop.hdds.scm.pipeline.SCMPipelineManager.destroyPipeline(SCMPipelineManager.java:409)
	at org.apache.hadoop.hdds.scm.pipeline.SCMPipelineManager.lambda$finalizeAndDestroyPipeline$0(SCMPipelineManager.java:318)
	at org.apache.hadoop.utils.Scheduler.lambda$schedule$1(Scheduler.java:68)
	at java.util.concurrent.Executors$RunnableAdapter.call(Executors.java:511)
	at java.util.concurrent.FutureTask.run(FutureTask.java:266)
	at java.util.concurrent.ScheduledThreadPoolExecutor$ScheduledFutureTask.access$201(ScheduledThreadPoolExecutor.java:180)
	at java.util.concurrent.ScheduledThreadPoolExecutor$ScheduledFutureTask.run(ScheduledThreadPoolExecutor.java:293)
	at java.util.concurrent.ThreadPoolExecutor.runWorker(ThreadPoolExecutor.java:1149)
	at java.util.concurrent.ThreadPoolExecutor$Worker.run(ThreadPoolExecutor.java:624)
	at java.lang.Thread.run(Thread.java:748)
2019-09-18 17:26:56,197 [grpc-default-executor-7] INFO  client.GrpcClientProtocolClient (GrpcClientProtocolClient.java:onNext(264)) - client-D63B3F3BC33D->3f36f173-4656-4d5a-831c-b6782f9f5ad2: receive RaftClientReply:client-D63B3F3BC33D->3f36f173-4656-4d5a-831c-b6782f9f5ad2@group-4F90601D4E02, cid=32, FAILED org.apache.ratis.protocol.NotLeaderException: Server 3f36f173-4656-4d5a-831c-b6782f9f5ad2@group-4F90601D4E02 is not the leader f1d6cbd0-cc55-4a8c-aff9-0f6c18a578e9:192.168.151.122:38812, logIndex=0, commits[3f36f173-4656-4d5a-831c-b6782f9f5ad2:c10, f1d6cbd0-cc55-4a8c-aff9-0f6c18a578e9:c10, befaacb7-99cd-4d87-819a-d941cb77279d:c6]
2019-09-18 17:26:56,560 [java.util.concurrent.ThreadPoolExecutor$Worker@6cb5db01[State = -1, empty queue]] WARN  server.GrpcLogAppender (GrpcLogAppender.java:timeoutAppendRequest(200)) - f1d6cbd0-cc55-4a8c-aff9-0f6c18a578e9@group-4F90601D4E02->befaacb7-99cd-4d87-819a-d941cb77279d-GrpcLogAppender: appendEntries Timeout, request=f1d6cbd0-cc55-4a8c-aff9-0f6c18a578e9->befaacb7-99cd-4d87-819a-d941cb77279d#91-t2, previous=(t:2, i:13), leaderCommit=10, initializing? false, entries: <empty>
2019-09-18 17:26:56,561 [java.util.concurrent.ThreadPoolExecutor$Worker@30c21f86[State = -1, empty queue]] WARN  server.GrpcLogAppender (GrpcLogAppender.java:timeoutAppendRequest(200)) - f1d6cbd0-cc55-4a8c-aff9-0f6c18a578e9@group-4F90601D4E02->3f36f173-4656-4d5a-831c-b6782f9f5ad2-GrpcLogAppender: appendEntries Timeout, request=f1d6cbd0-cc55-4a8c-aff9-0f6c18a578e9->3f36f173-4656-4d5a-831c-b6782f9f5ad2#91-t2, previous=(t:2, i:13), leaderCommit=10, initializing? false, entries: <empty>
2019-09-18 17:26:57,579 [grpc-default-executor-7] INFO  impl.RaftServerProxy (RaftServerProxy.java:remove(95)) - 35e8f602-e85b-40b3-a2e8-9c7f2541a1dc: remove group-A8CC8E72DEEA:null
2019-09-18 17:26:57,588 [RatisPipelineUtilsThread] WARN  pipeline.RatisPipelineUtils (RatisPipelineUtils.java:destroyPipeline(66)) - Pipeline destroy failed for pipeline=PipelineID=0865e9aa-3ec9-41d2-a431-a8cc8e72deea dn=35e8f602-e85b-40b3-a2e8-9c7f2541a1dc{ip: 192.168.151.122, host: pr-hdds-2121-ltkqc-3926781246, networkLocation: /default-rack, certSerialId: null}
2019-09-18 17:26:57,597 [grpc-default-executor-7] INFO  impl.RaftServerProxy (RaftServerProxy.java:remove(95)) - 60c95f10-37ee-49eb-b84e-63ada232a784: remove group-A8CC8E72DEEA:null
2019-09-18 17:26:57,607 [RatisPipelineUtilsThread] WARN  pipeline.RatisPipelineUtils (RatisPipelineUtils.java:destroyPipeline(66)) - Pipeline destroy failed for pipeline=PipelineID=0865e9aa-3ec9-41d2-a431-a8cc8e72deea dn=60c95f10-37ee-49eb-b84e-63ada232a784{ip: 192.168.151.122, host: pr-hdds-2121-ltkqc-3926781246, networkLocation: /default-rack, certSerialId: null}
2019-09-18 17:26:57,612 [grpc-default-executor-7] INFO  impl.RaftServerProxy (RaftServerProxy.java:remove(95)) - 7ce2171e-d7bb-488f-b53c-71f230bd4ba7: remove group-A8CC8E72DEEA:null
2019-09-18 17:26:57,630 [RatisPipelineUtilsThread] WARN  pipeline.RatisPipelineUtils (RatisPipelineUtils.java:destroyPipeline(66)) - Pipeline destroy failed for pipeline=PipelineID=0865e9aa-3ec9-41d2-a431-a8cc8e72deea dn=7ce2171e-d7bb-488f-b53c-71f230bd4ba7{ip: 192.168.151.122, host: pr-hdds-2121-ltkqc-3926781246, networkLocation: /default-rack, certSerialId: null}
2019-09-18 17:26:57,642 [RatisPipelineUtilsThread] ERROR pipeline.SCMPipelineManager (Scheduler.java:lambda$schedule$1(70)) - Destroy pipeline failed for pipeline:Pipeline[ Id: 0865e9aa-3ec9-41d2-a431-a8cc8e72deea, Nodes: 35e8f602-e85b-40b3-a2e8-9c7f2541a1dc{ip: 192.168.151.122, host: pr-hdds-2121-ltkqc-3926781246, networkLocation: /default-rack, certSerialId: null}60c95f10-37ee-49eb-b84e-63ada232a784{ip: 192.168.151.122, host: pr-hdds-2121-ltkqc-3926781246, networkLocation: /default-rack, certSerialId: null}7ce2171e-d7bb-488f-b53c-71f230bd4ba7{ip: 192.168.151.122, host: pr-hdds-2121-ltkqc-3926781246, networkLocation: /default-rack, certSerialId: null}, Type:RATIS, Factor:THREE, State:CLOSED]
org.apache.hadoop.hdds.scm.pipeline.PipelineNotFoundException: PipelineID=0865e9aa-3ec9-41d2-a431-a8cc8e72deea not found
	at org.apache.hadoop.hdds.scm.pipeline.PipelineStateMap.getPipeline(PipelineStateMap.java:132)
	at org.apache.hadoop.hdds.scm.pipeline.PipelineStateMap.removePipeline(PipelineStateMap.java:322)
	at org.apache.hadoop.hdds.scm.pipeline.PipelineStateManager.removePipeline(PipelineStateManager.java:107)
	at org.apache.hadoop.hdds.scm.pipeline.SCMPipelineManager.removePipeline(SCMPipelineManager.java:423)
	at org.apache.hadoop.hdds.scm.pipeline.SCMPipelineManager.destroyPipeline(SCMPipelineManager.java:409)
	at org.apache.hadoop.hdds.scm.pipeline.SCMPipelineManager.lambda$finalizeAndDestroyPipeline$0(SCMPipelineManager.java:318)
	at org.apache.hadoop.utils.Scheduler.lambda$schedule$1(Scheduler.java:68)
	at java.util.concurrent.Executors$RunnableAdapter.call(Executors.java:511)
	at java.util.concurrent.FutureTask.run(FutureTask.java:266)
	at java.util.concurrent.ScheduledThreadPoolExecutor$ScheduledFutureTask.access$201(ScheduledThreadPoolExecutor.java:180)
	at java.util.concurrent.ScheduledThreadPoolExecutor$ScheduledFutureTask.run(ScheduledThreadPoolExecutor.java:293)
	at java.util.concurrent.ThreadPoolExecutor.runWorker(ThreadPoolExecutor.java:1149)
	at java.util.concurrent.ThreadPoolExecutor$Worker.run(ThreadPoolExecutor.java:624)
	at java.lang.Thread.run(Thread.java:748)
2019-09-18 17:26:59,061 [java.util.concurrent.ThreadPoolExecutor$Worker@6cb5db01[State = -1, empty queue]] WARN  server.GrpcLogAppender (GrpcLogAppender.java:timeoutAppendRequest(200)) - f1d6cbd0-cc55-4a8c-aff9-0f6c18a578e9@group-4F90601D4E02->befaacb7-99cd-4d87-819a-d941cb77279d-GrpcLogAppender: appendEntries Timeout, request=f1d6cbd0-cc55-4a8c-aff9-0f6c18a578e9->befaacb7-99cd-4d87-819a-d941cb77279d#92-t2, previous=(t:2, i:13), leaderCommit=10, initializing? false, entries: <empty>
2019-09-18 17:26:59,061 [java.util.concurrent.ThreadPoolExecutor$Worker@30c21f86[State = -1, empty queue]] WARN  server.GrpcLogAppender (GrpcLogAppender.java:timeoutAppendRequest(200)) - f1d6cbd0-cc55-4a8c-aff9-0f6c18a578e9@group-4F90601D4E02->3f36f173-4656-4d5a-831c-b6782f9f5ad2-GrpcLogAppender: appendEntries Timeout, request=f1d6cbd0-cc55-4a8c-aff9-0f6c18a578e9->3f36f173-4656-4d5a-831c-b6782f9f5ad2#92-t2, previous=(t:2, i:13), leaderCommit=10, initializing? false, entries: <empty>
2019-09-18 17:26:59,580 [grpc-default-executor-7] INFO  impl.RaftServerProxy (RaftServerProxy.java:remove(95)) - 35e8f602-e85b-40b3-a2e8-9c7f2541a1dc: remove group-A8CC8E72DEEA:null
2019-09-18 17:26:59,586 [RatisPipelineUtilsThread] WARN  pipeline.RatisPipelineUtils (RatisPipelineUtils.java:destroyPipeline(66)) - Pipeline destroy failed for pipeline=PipelineID=0865e9aa-3ec9-41d2-a431-a8cc8e72deea dn=35e8f602-e85b-40b3-a2e8-9c7f2541a1dc{ip: 192.168.151.122, host: pr-hdds-2121-ltkqc-3926781246, networkLocation: /default-rack, certSerialId: null}
2019-09-18 17:26:59,589 [grpc-default-executor-7] INFO  impl.RaftServerProxy (RaftServerProxy.java:remove(95)) - 60c95f10-37ee-49eb-b84e-63ada232a784: remove group-A8CC8E72DEEA:null
2019-09-18 17:26:59,593 [RatisPipelineUtilsThread] WARN  pipeline.RatisPipelineUtils (RatisPipelineUtils.java:destroyPipeline(66)) - Pipeline destroy failed for pipeline=PipelineID=0865e9aa-3ec9-41d2-a431-a8cc8e72deea dn=60c95f10-37ee-49eb-b84e-63ada232a784{ip: 192.168.151.122, host: pr-hdds-2121-ltkqc-3926781246, networkLocation: /default-rack, certSerialId: null}
2019-09-18 17:26:59,596 [grpc-default-executor-7] INFO  impl.RaftServerProxy (RaftServerProxy.java:remove(95)) - 7ce2171e-d7bb-488f-b53c-71f230bd4ba7: remove group-A8CC8E72DEEA:null
2019-09-18 17:26:59,600 [RatisPipelineUtilsThread] WARN  pipeline.RatisPipelineUtils (RatisPipelineUtils.java:destroyPipeline(66)) - Pipeline destroy failed for pipeline=PipelineID=0865e9aa-3ec9-41d2-a431-a8cc8e72deea dn=7ce2171e-d7bb-488f-b53c-71f230bd4ba7{ip: 192.168.151.122, host: pr-hdds-2121-ltkqc-3926781246, networkLocation: /default-rack, certSerialId: null}
2019-09-18 17:26:59,601 [RatisPipelineUtilsThread] ERROR pipeline.SCMPipelineManager (Scheduler.java:lambda$schedule$1(70)) - Destroy pipeline failed for pipeline:Pipeline[ Id: 0865e9aa-3ec9-41d2-a431-a8cc8e72deea, Nodes: 35e8f602-e85b-40b3-a2e8-9c7f2541a1dc{ip: 192.168.151.122, host: pr-hdds-2121-ltkqc-3926781246, networkLocation: /default-rack, certSerialId: null}60c95f10-37ee-49eb-b84e-63ada232a784{ip: 192.168.151.122, host: pr-hdds-2121-ltkqc-3926781246, networkLocation: /default-rack, certSerialId: null}7ce2171e-d7bb-488f-b53c-71f230bd4ba7{ip: 192.168.151.122, host: pr-hdds-2121-ltkqc-3926781246, networkLocation: /default-rack, certSerialId: null}, Type:RATIS, Factor:THREE, State:CLOSED]
org.apache.hadoop.hdds.scm.pipeline.PipelineNotFoundException: PipelineID=0865e9aa-3ec9-41d2-a431-a8cc8e72deea not found
	at org.apache.hadoop.hdds.scm.pipeline.PipelineStateMap.getPipeline(PipelineStateMap.java:132)
	at org.apache.hadoop.hdds.scm.pipeline.PipelineStateMap.removePipeline(PipelineStateMap.java:322)
	at org.apache.hadoop.hdds.scm.pipeline.PipelineStateManager.removePipeline(PipelineStateManager.java:107)
	at org.apache.hadoop.hdds.scm.pipeline.SCMPipelineManager.removePipeline(SCMPipelineManager.java:423)
	at org.apache.hadoop.hdds.scm.pipeline.SCMPipelineManager.destroyPipeline(SCMPipelineManager.java:409)
	at org.apache.hadoop.hdds.scm.pipeline.SCMPipelineManager.lambda$finalizeAndDestroyPipeline$0(SCMPipelineManager.java:318)
	at org.apache.hadoop.utils.Scheduler.lambda$schedule$1(Scheduler.java:68)
	at java.util.concurrent.Executors$RunnableAdapter.call(Executors.java:511)
	at java.util.concurrent.FutureTask.run(FutureTask.java:266)
	at java.util.concurrent.ScheduledThreadPoolExecutor$ScheduledFutureTask.access$201(ScheduledThreadPoolExecutor.java:180)
	at java.util.concurrent.ScheduledThreadPoolExecutor$ScheduledFutureTask.run(ScheduledThreadPoolExecutor.java:293)
	at java.util.concurrent.ThreadPoolExecutor.runWorker(ThreadPoolExecutor.java:1149)
	at java.util.concurrent.ThreadPoolExecutor$Worker.run(ThreadPoolExecutor.java:624)
	at java.lang.Thread.run(Thread.java:748)
2019-09-18 17:27:01,159 [befaacb7-99cd-4d87-819a-d941cb77279d@group-4F90601D4E02-SegmentedRaftLogWorker] WARN  segmented.SegmentedRaftLogWorker (SegmentedRaftLogWorker.java:getFromFuture(90)) - Timeout 1/~
org.apache.ratis.protocol.TimeoutIOException: Timeout 10s: WriteLog:12: (t:2, i:12), STATEMACHINELOGENTRY, client-D63B3F3BC33D, cid=33-writeStateMachineData
	at org.apache.ratis.util.IOUtils.getFromFuture(IOUtils.java:87)
	at org.apache.ratis.server.raftlog.segmented.SegmentedRaftLogWorker$StateMachineDataPolicy.getFromFuture(SegmentedRaftLogWorker.java:87)
	at org.apache.ratis.server.raftlog.segmented.SegmentedRaftLogWorker$WriteLog.execute(SegmentedRaftLogWorker.java:477)
	at org.apache.ratis.server.raftlog.segmented.SegmentedRaftLogWorker.run(SegmentedRaftLogWorker.java:289)
	at java.lang.Thread.run(Thread.java:748)
Caused by: java.util.concurrent.TimeoutException
	at java.util.concurrent.CompletableFuture.timedGet(CompletableFuture.java:1771)
	at java.util.concurrent.CompletableFuture.get(CompletableFuture.java:1915)
	at org.apache.ratis.util.IOUtils.getFromFuture(IOUtils.java:79)
	... 4 more
2019-09-18 17:27:01,160 [f1d6cbd0-cc55-4a8c-aff9-0f6c18a578e9@group-4F90601D4E02-SegmentedRaftLogWorker] WARN  segmented.SegmentedRaftLogWorker (SegmentedRaftLogWorker.java:getFromFuture(90)) - Timeout 1/~
org.apache.ratis.protocol.TimeoutIOException: Timeout 10s: WriteLog:12: (t:2, i:12), STATEMACHINELOGENTRY, client-D63B3F3BC33D, cid=33-writeStateMachineData
	at org.apache.ratis.util.IOUtils.getFromFuture(IOUtils.java:87)
	at org.apache.ratis.server.raftlog.segmented.SegmentedRaftLogWorker$StateMachineDataPolicy.getFromFuture(SegmentedRaftLogWorker.java:87)
	at org.apache.ratis.server.raftlog.segmented.SegmentedRaftLogWorker$WriteLog.execute(SegmentedRaftLogWorker.java:477)
	at org.apache.ratis.server.raftlog.segmented.SegmentedRaftLogWorker.run(SegmentedRaftLogWorker.java:289)
	at java.lang.Thread.run(Thread.java:748)
Caused by: java.util.concurrent.TimeoutException
	at java.util.concurrent.CompletableFuture.timedGet(CompletableFuture.java:1771)
	at java.util.concurrent.CompletableFuture.get(CompletableFuture.java:1915)
	at org.apache.ratis.util.IOUtils.getFromFuture(IOUtils.java:79)
	... 4 more
2019-09-18 17:27:01,159 [3f36f173-4656-4d5a-831c-b6782f9f5ad2@group-4F90601D4E02-SegmentedRaftLogWorker] WARN  segmented.SegmentedRaftLogWorker (SegmentedRaftLogWorker.java:getFromFuture(90)) - Timeout 1/~
org.apache.ratis.protocol.TimeoutIOException: Timeout 10s: WriteLog:12: (t:2, i:12), STATEMACHINELOGENTRY, client-D63B3F3BC33D, cid=33-writeStateMachineData
	at org.apache.ratis.util.IOUtils.getFromFuture(IOUtils.java:87)
	at org.apache.ratis.server.raftlog.segmented.SegmentedRaftLogWorker$StateMachineDataPolicy.getFromFuture(SegmentedRaftLogWorker.java:87)
	at org.apache.ratis.server.raftlog.segmented.SegmentedRaftLogWorker$WriteLog.execute(SegmentedRaftLogWorker.java:477)
	at org.apache.ratis.server.raftlog.segmented.SegmentedRaftLogWorker.run(SegmentedRaftLogWorker.java:289)
	at java.lang.Thread.run(Thread.java:748)
Caused by: java.util.concurrent.TimeoutException
	at java.util.concurrent.CompletableFuture.timedGet(CompletableFuture.java:1771)
	at java.util.concurrent.CompletableFuture.get(CompletableFuture.java:1915)
	at org.apache.ratis.util.IOUtils.getFromFuture(IOUtils.java:79)
	... 4 more
2019-09-18 17:27:01,240 [grpc-default-executor-7] INFO  client.GrpcClientProtocolClient (GrpcClientProtocolClient.java:onNext(264)) - client-D63B3F3BC33D->3f36f173-4656-4d5a-831c-b6782f9f5ad2: receive RaftClientReply:client-D63B3F3BC33D->3f36f173-4656-4d5a-831c-b6782f9f5ad2@group-4F90601D4E02, cid=32, FAILED org.apache.ratis.protocol.NotLeaderException: Server 3f36f173-4656-4d5a-831c-b6782f9f5ad2@group-4F90601D4E02 is not the leader f1d6cbd0-cc55-4a8c-aff9-0f6c18a578e9:192.168.151.122:38812, logIndex=0, commits[3f36f173-4656-4d5a-831c-b6782f9f5ad2:c10, f1d6cbd0-cc55-4a8c-aff9-0f6c18a578e9:c10, befaacb7-99cd-4d87-819a-d941cb77279d:c6]
2019-09-18 17:27:01,561 [java.util.concurrent.ThreadPoolExecutor$Worker@30c21f86[State = -1, empty queue]] WARN  server.GrpcLogAppender (GrpcLogAppender.java:timeoutAppendRequest(200)) - f1d6cbd0-cc55-4a8c-aff9-0f6c18a578e9@group-4F90601D4E02->3f36f173-4656-4d5a-831c-b6782f9f5ad2-GrpcLogAppender: appendEntries Timeout, request=f1d6cbd0-cc55-4a8c-aff9-0f6c18a578e9->3f36f173-4656-4d5a-831c-b6782f9f5ad2#93-t2, previous=(t:2, i:13), leaderCommit=10, initializing? false, entries: <empty>
2019-09-18 17:27:01,561 [java.util.concurrent.ThreadPoolExecutor$Worker@6cb5db01[State = -1, empty queue]] WARN  server.GrpcLogAppender (GrpcLogAppender.java:timeoutAppendRequest(200)) - f1d6cbd0-cc55-4a8c-aff9-0f6c18a578e9@group-4F90601D4E02->befaacb7-99cd-4d87-819a-d941cb77279d-GrpcLogAppender: appendEntries Timeout, request=f1d6cbd0-cc55-4a8c-aff9-0f6c18a578e9->befaacb7-99cd-4d87-819a-d941cb77279d#93-t2, previous=(t:2, i:13), leaderCommit=10, initializing? false, entries: <empty>
2019-09-18 17:27:02,581 [grpc-default-executor-6] INFO  impl.RaftServerProxy (RaftServerProxy.java:remove(95)) - 35e8f602-e85b-40b3-a2e8-9c7f2541a1dc: remove group-A8CC8E72DEEA:null
2019-09-18 17:27:02,587 [RatisPipelineUtilsThread] WARN  pipeline.RatisPipelineUtils (RatisPipelineUtils.java:destroyPipeline(66)) - Pipeline destroy failed for pipeline=PipelineID=0865e9aa-3ec9-41d2-a431-a8cc8e72deea dn=35e8f602-e85b-40b3-a2e8-9c7f2541a1dc{ip: 192.168.151.122, host: pr-hdds-2121-ltkqc-3926781246, networkLocation: /default-rack, certSerialId: null}
2019-09-18 17:27:02,590 [grpc-default-executor-6] INFO  impl.RaftServerProxy (RaftServerProxy.java:remove(95)) - 60c95f10-37ee-49eb-b84e-63ada232a784: remove group-A8CC8E72DEEA:null
2019-09-18 17:27:02,594 [RatisPipelineUtilsThread] WARN  pipeline.RatisPipelineUtils (RatisPipelineUtils.java:destroyPipeline(66)) - Pipeline destroy failed for pipeline=PipelineID=0865e9aa-3ec9-41d2-a431-a8cc8e72deea dn=60c95f10-37ee-49eb-b84e-63ada232a784{ip: 192.168.151.122, host: pr-hdds-2121-ltkqc-3926781246, networkLocation: /default-rack, certSerialId: null}
2019-09-18 17:27:02,598 [grpc-default-executor-6] INFO  impl.RaftServerProxy (RaftServerProxy.java:remove(95)) - 7ce2171e-d7bb-488f-b53c-71f230bd4ba7: remove group-A8CC8E72DEEA:null
2019-09-18 17:27:02,603 [RatisPipelineUtilsThread] WARN  pipeline.RatisPipelineUtils (RatisPipelineUtils.java:destroyPipeline(66)) - Pipeline destroy failed for pipeline=PipelineID=0865e9aa-3ec9-41d2-a431-a8cc8e72deea dn=7ce2171e-d7bb-488f-b53c-71f230bd4ba7{ip: 192.168.151.122, host: pr-hdds-2121-ltkqc-3926781246, networkLocation: /default-rack, certSerialId: null}
2019-09-18 17:27:02,604 [RatisPipelineUtilsThread] ERROR pipeline.SCMPipelineManager (Scheduler.java:lambda$schedule$1(70)) - Destroy pipeline failed for pipeline:Pipeline[ Id: 0865e9aa-3ec9-41d2-a431-a8cc8e72deea, Nodes: 35e8f602-e85b-40b3-a2e8-9c7f2541a1dc{ip: 192.168.151.122, host: pr-hdds-2121-ltkqc-3926781246, networkLocation: /default-rack, certSerialId: null}60c95f10-37ee-49eb-b84e-63ada232a784{ip: 192.168.151.122, host: pr-hdds-2121-ltkqc-3926781246, networkLocation: /default-rack, certSerialId: null}7ce2171e-d7bb-488f-b53c-71f230bd4ba7{ip: 192.168.151.122, host: pr-hdds-2121-ltkqc-3926781246, networkLocation: /default-rack, certSerialId: null}, Type:RATIS, Factor:THREE, State:CLOSED]
org.apache.hadoop.hdds.scm.pipeline.PipelineNotFoundException: PipelineID=0865e9aa-3ec9-41d2-a431-a8cc8e72deea not found
	at org.apache.hadoop.hdds.scm.pipeline.PipelineStateMap.getPipeline(PipelineStateMap.java:132)
	at org.apache.hadoop.hdds.scm.pipeline.PipelineStateMap.removePipeline(PipelineStateMap.java:322)
	at org.apache.hadoop.hdds.scm.pipeline.PipelineStateManager.removePipeline(PipelineStateManager.java:107)
	at org.apache.hadoop.hdds.scm.pipeline.SCMPipelineManager.removePipeline(SCMPipelineManager.java:423)
	at org.apache.hadoop.hdds.scm.pipeline.SCMPipelineManager.destroyPipeline(SCMPipelineManager.java:409)
	at org.apache.hadoop.hdds.scm.pipeline.SCMPipelineManager.lambda$finalizeAndDestroyPipeline$0(SCMPipelineManager.java:318)
	at org.apache.hadoop.utils.Scheduler.lambda$schedule$1(Scheduler.java:68)
	at java.util.concurrent.Executors$RunnableAdapter.call(Executors.java:511)
	at java.util.concurrent.FutureTask.run(FutureTask.java:266)
	at java.util.concurrent.ScheduledThreadPoolExecutor$ScheduledFutureTask.access$201(ScheduledThreadPoolExecutor.java:180)
	at java.util.concurrent.ScheduledThreadPoolExecutor$ScheduledFutureTask.run(ScheduledThreadPoolExecutor.java:293)
	at java.util.concurrent.ThreadPoolExecutor.runWorker(ThreadPoolExecutor.java:1149)
	at java.util.concurrent.ThreadPoolExecutor$Worker.run(ThreadPoolExecutor.java:624)
	at java.lang.Thread.run(Thread.java:748)
2019-09-18 17:27:04,062 [java.util.concurrent.ThreadPoolExecutor$Worker@6cb5db01[State = -1, empty queue]] WARN  server.GrpcLogAppender (GrpcLogAppender.java:timeoutAppendRequest(200)) - f1d6cbd0-cc55-4a8c-aff9-0f6c18a578e9@group-4F90601D4E02->befaacb7-99cd-4d87-819a-d941cb77279d-GrpcLogAppender: appendEntries Timeout, request=f1d6cbd0-cc55-4a8c-aff9-0f6c18a578e9->befaacb7-99cd-4d87-819a-d941cb77279d#94-t2, previous=(t:2, i:13), leaderCommit=10, initializing? false, entries: <empty>
2019-09-18 17:27:04,062 [java.util.concurrent.ThreadPoolExecutor$Worker@30c21f86[State = -1, empty queue]] WARN  server.GrpcLogAppender (GrpcLogAppender.java:timeoutAppendRequest(200)) - f1d6cbd0-cc55-4a8c-aff9-0f6c18a578e9@group-4F90601D4E02->3f36f173-4656-4d5a-831c-b6782f9f5ad2-GrpcLogAppender: appendEntries Timeout, request=f1d6cbd0-cc55-4a8c-aff9-0f6c18a578e9->3f36f173-4656-4d5a-831c-b6782f9f5ad2#94-t2, previous=(t:2, i:13), leaderCommit=10, initializing? false, entries: <empty>
2019-09-18 17:27:04,590 [grpc-default-executor-7] INFO  impl.RaftServerProxy (RaftServerProxy.java:remove(95)) - 35e8f602-e85b-40b3-a2e8-9c7f2541a1dc: remove group-A8CC8E72DEEA:null
2019-09-18 17:27:04,598 [RatisPipelineUtilsThread] WARN  pipeline.RatisPipelineUtils (RatisPipelineUtils.java:destroyPipeline(66)) - Pipeline destroy failed for pipeline=PipelineID=0865e9aa-3ec9-41d2-a431-a8cc8e72deea dn=35e8f602-e85b-40b3-a2e8-9c7f2541a1dc{ip: 192.168.151.122, host: pr-hdds-2121-ltkqc-3926781246, networkLocation: /default-rack, certSerialId: null}
2019-09-18 17:27:04,603 [grpc-default-executor-7] INFO  impl.RaftServerProxy (RaftServerProxy.java:remove(95)) - 60c95f10-37ee-49eb-b84e-63ada232a784: remove group-A8CC8E72DEEA:null
2019-09-18 17:27:04,609 [RatisPipelineUtilsThread] WARN  pipeline.RatisPipelineUtils (RatisPipelineUtils.java:destroyPipeline(66)) - Pipeline destroy failed for pipeline=PipelineID=0865e9aa-3ec9-41d2-a431-a8cc8e72deea dn=60c95f10-37ee-49eb-b84e-63ada232a784{ip: 192.168.151.122, host: pr-hdds-2121-ltkqc-3926781246, networkLocation: /default-rack, certSerialId: null}
2019-09-18 17:27:04,613 [grpc-default-executor-7] INFO  impl.RaftServerProxy (RaftServerProxy.java:remove(95)) - 7ce2171e-d7bb-488f-b53c-71f230bd4ba7: remove group-A8CC8E72DEEA:null
2019-09-18 17:27:04,618 [RatisPipelineUtilsThread] WARN  pipeline.RatisPipelineUtils (RatisPipelineUtils.java:destroyPipeline(66)) - Pipeline destroy failed for pipeline=PipelineID=0865e9aa-3ec9-41d2-a431-a8cc8e72deea dn=7ce2171e-d7bb-488f-b53c-71f230bd4ba7{ip: 192.168.151.122, host: pr-hdds-2121-ltkqc-3926781246, networkLocation: /default-rack, certSerialId: null}
2019-09-18 17:27:04,619 [RatisPipelineUtilsThread] ERROR pipeline.SCMPipelineManager (Scheduler.java:lambda$schedule$1(70)) - Destroy pipeline failed for pipeline:Pipeline[ Id: 0865e9aa-3ec9-41d2-a431-a8cc8e72deea, Nodes: 35e8f602-e85b-40b3-a2e8-9c7f2541a1dc{ip: 192.168.151.122, host: pr-hdds-2121-ltkqc-3926781246, networkLocation: /default-rack, certSerialId: null}60c95f10-37ee-49eb-b84e-63ada232a784{ip: 192.168.151.122, host: pr-hdds-2121-ltkqc-3926781246, networkLocation: /default-rack, certSerialId: null}7ce2171e-d7bb-488f-b53c-71f230bd4ba7{ip: 192.168.151.122, host: pr-hdds-2121-ltkqc-3926781246, networkLocation: /default-rack, certSerialId: null}, Type:RATIS, Factor:THREE, State:CLOSED]
org.apache.hadoop.hdds.scm.pipeline.PipelineNotFoundException: PipelineID=0865e9aa-3ec9-41d2-a431-a8cc8e72deea not found
	at org.apache.hadoop.hdds.scm.pipeline.PipelineStateMap.getPipeline(PipelineStateMap.java:132)
	at org.apache.hadoop.hdds.scm.pipeline.PipelineStateMap.removePipeline(PipelineStateMap.java:322)
	at org.apache.hadoop.hdds.scm.pipeline.PipelineStateManager.removePipeline(PipelineStateManager.java:107)
	at org.apache.hadoop.hdds.scm.pipeline.SCMPipelineManager.removePipeline(SCMPipelineManager.java:423)
	at org.apache.hadoop.hdds.scm.pipeline.SCMPipelineManager.destroyPipeline(SCMPipelineManager.java:409)
	at org.apache.hadoop.hdds.scm.pipeline.SCMPipelineManager.lambda$finalizeAndDestroyPipeline$0(SCMPipelineManager.java:318)
	at org.apache.hadoop.utils.Scheduler.lambda$schedule$1(Scheduler.java:68)
	at java.util.concurrent.Executors$RunnableAdapter.call(Executors.java:511)
	at java.util.concurrent.FutureTask.run(FutureTask.java:266)
	at java.util.concurrent.ScheduledThreadPoolExecutor$ScheduledFutureTask.access$201(ScheduledThreadPoolExecutor.java:180)
	at java.util.concurrent.ScheduledThreadPoolExecutor$ScheduledFutureTask.run(ScheduledThreadPoolExecutor.java:293)
	at java.util.concurrent.ThreadPoolExecutor.runWorker(ThreadPoolExecutor.java:1149)
	at java.util.concurrent.ThreadPoolExecutor$Worker.run(ThreadPoolExecutor.java:624)
	at java.lang.Thread.run(Thread.java:748)
2019-09-18 17:27:06,284 [grpc-default-executor-8] INFO  client.GrpcClientProtocolClient (GrpcClientProtocolClient.java:onNext(264)) - client-D63B3F3BC33D->befaacb7-99cd-4d87-819a-d941cb77279d: receive RaftClientReply:client-D63B3F3BC33D->befaacb7-99cd-4d87-819a-d941cb77279d@group-4F90601D4E02, cid=32, FAILED org.apache.ratis.protocol.NotLeaderException: Server befaacb7-99cd-4d87-819a-d941cb77279d@group-4F90601D4E02 is not the leader f1d6cbd0-cc55-4a8c-aff9-0f6c18a578e9:192.168.151.122:38812, logIndex=0, commits[befaacb7-99cd-4d87-819a-d941cb77279d:c10, f1d6cbd0-cc55-4a8c-aff9-0f6c18a578e9:c10, 3f36f173-4656-4d5a-831c-b6782f9f5ad2:c6]
2019-09-18 17:27:06,563 [java.util.concurrent.ThreadPoolExecutor$Worker@30c21f86[State = -1, empty queue]] WARN  server.GrpcLogAppender (GrpcLogAppender.java:timeoutAppendRequest(200)) - f1d6cbd0-cc55-4a8c-aff9-0f6c18a578e9@group-4F90601D4E02->3f36f173-4656-4d5a-831c-b6782f9f5ad2-GrpcLogAppender: appendEntries Timeout, request=f1d6cbd0-cc55-4a8c-aff9-0f6c18a578e9->3f36f173-4656-4d5a-831c-b6782f9f5ad2#95-t2, previous=(t:2, i:13), leaderCommit=10, initializing? false, entries: <empty>
2019-09-18 17:27:06,563 [java.util.concurrent.ThreadPoolExecutor$Worker@6cb5db01[State = -1, empty queue]] WARN  server.GrpcLogAppender (GrpcLogAppender.java:timeoutAppendRequest(200)) - f1d6cbd0-cc55-4a8c-aff9-0f6c18a578e9@group-4F90601D4E02->befaacb7-99cd-4d87-819a-d941cb77279d-GrpcLogAppender: appendEntries Timeout, request=f1d6cbd0-cc55-4a8c-aff9-0f6c18a578e9->befaacb7-99cd-4d87-819a-d941cb77279d#95-t2, previous=(t:2, i:13), leaderCommit=10, initializing? false, entries: <empty>
2019-09-18 17:27:07,585 [grpc-default-executor-8] INFO  impl.RaftServerProxy (RaftServerProxy.java:remove(95)) - 35e8f602-e85b-40b3-a2e8-9c7f2541a1dc: remove group-A8CC8E72DEEA:null
2019-09-18 17:27:07,594 [RatisPipelineUtilsThread] WARN  pipeline.RatisPipelineUtils (RatisPipelineUtils.java:destroyPipeline(66)) - Pipeline destroy failed for pipeline=PipelineID=0865e9aa-3ec9-41d2-a431-a8cc8e72deea dn=35e8f602-e85b-40b3-a2e8-9c7f2541a1dc{ip: 192.168.151.122, host: pr-hdds-2121-ltkqc-3926781246, networkLocation: /default-rack, certSerialId: null}
2019-09-18 17:27:07,597 [grpc-default-executor-8] INFO  impl.RaftServerProxy (RaftServerProxy.java:remove(95)) - 60c95f10-37ee-49eb-b84e-63ada232a784: remove group-A8CC8E72DEEA:null
2019-09-18 17:27:07,601 [RatisPipelineUtilsThread] WARN  pipeline.RatisPipelineUtils (RatisPipelineUtils.java:destroyPipeline(66)) - Pipeline destroy failed for pipeline=PipelineID=0865e9aa-3ec9-41d2-a431-a8cc8e72deea dn=60c95f10-37ee-49eb-b84e-63ada232a784{ip: 192.168.151.122, host: pr-hdds-2121-ltkqc-3926781246, networkLocation: /default-rack, certSerialId: null}
2019-09-18 17:27:07,605 [grpc-default-executor-8] INFO  impl.RaftServerProxy (RaftServerProxy.java:remove(95)) - 7ce2171e-d7bb-488f-b53c-71f230bd4ba7: remove group-A8CC8E72DEEA:null
2019-09-18 17:27:07,609 [RatisPipelineUtilsThread] WARN  pipeline.RatisPipelineUtils (RatisPipelineUtils.java:destroyPipeline(66)) - Pipeline destroy failed for pipeline=PipelineID=0865e9aa-3ec9-41d2-a431-a8cc8e72deea dn=7ce2171e-d7bb-488f-b53c-71f230bd4ba7{ip: 192.168.151.122, host: pr-hdds-2121-ltkqc-3926781246, networkLocation: /default-rack, certSerialId: null}
2019-09-18 17:27:07,609 [RatisPipelineUtilsThread] ERROR pipeline.SCMPipelineManager (Scheduler.java:lambda$schedule$1(70)) - Destroy pipeline failed for pipeline:Pipeline[ Id: 0865e9aa-3ec9-41d2-a431-a8cc8e72deea, Nodes: 35e8f602-e85b-40b3-a2e8-9c7f2541a1dc{ip: 192.168.151.122, host: pr-hdds-2121-ltkqc-3926781246, networkLocation: /default-rack, certSerialId: null}60c95f10-37ee-49eb-b84e-63ada232a784{ip: 192.168.151.122, host: pr-hdds-2121-ltkqc-3926781246, networkLocation: /default-rack, certSerialId: null}7ce2171e-d7bb-488f-b53c-71f230bd4ba7{ip: 192.168.151.122, host: pr-hdds-2121-ltkqc-3926781246, networkLocation: /default-rack, certSerialId: null}, Type:RATIS, Factor:THREE, State:CLOSED]
org.apache.hadoop.hdds.scm.pipeline.PipelineNotFoundException: PipelineID=0865e9aa-3ec9-41d2-a431-a8cc8e72deea not found
	at org.apache.hadoop.hdds.scm.pipeline.PipelineStateMap.getPipeline(PipelineStateMap.java:132)
	at org.apache.hadoop.hdds.scm.pipeline.PipelineStateMap.removePipeline(PipelineStateMap.java:322)
	at org.apache.hadoop.hdds.scm.pipeline.PipelineStateManager.removePipeline(PipelineStateManager.java:107)
	at org.apache.hadoop.hdds.scm.pipeline.SCMPipelineManager.removePipeline(SCMPipelineManager.java:423)
	at org.apache.hadoop.hdds.scm.pipeline.SCMPipelineManager.destroyPipeline(SCMPipelineManager.java:409)
	at org.apache.hadoop.hdds.scm.pipeline.SCMPipelineManager.lambda$finalizeAndDestroyPipeline$0(SCMPipelineManager.java:318)
	at org.apache.hadoop.utils.Scheduler.lambda$schedule$1(Scheduler.java:68)
	at java.util.concurrent.Executors$RunnableAdapter.call(Executors.java:511)
	at java.util.concurrent.FutureTask.run(FutureTask.java:266)
	at java.util.concurrent.ScheduledThreadPoolExecutor$ScheduledFutureTask.access$201(ScheduledThreadPoolExecutor.java:180)
	at java.util.concurrent.ScheduledThreadPoolExecutor$ScheduledFutureTask.run(ScheduledThreadPoolExecutor.java:293)
	at java.util.concurrent.ThreadPoolExecutor.runWorker(ThreadPoolExecutor.java:1149)
	at java.util.concurrent.ThreadPoolExecutor$Worker.run(ThreadPoolExecutor.java:624)
	at java.lang.Thread.run(Thread.java:748)
2019-09-18 17:27:09,063 [java.util.concurrent.ThreadPoolExecutor$Worker@6cb5db01[State = -1, empty queue]] WARN  server.GrpcLogAppender (GrpcLogAppender.java:timeoutAppendRequest(200)) - f1d6cbd0-cc55-4a8c-aff9-0f6c18a578e9@group-4F90601D4E02->befaacb7-99cd-4d87-819a-d941cb77279d-GrpcLogAppender: appendEntries Timeout, request=f1d6cbd0-cc55-4a8c-aff9-0f6c18a578e9->befaacb7-99cd-4d87-819a-d941cb77279d#96-t2, previous=(t:2, i:13), leaderCommit=10, initializing? false, entries: <empty>
2019-09-18 17:27:09,063 [java.util.concurrent.ThreadPoolExecutor$Worker@30c21f86[State = -1, empty queue]] WARN  server.GrpcLogAppender (GrpcLogAppender.java:timeoutAppendRequest(200)) - f1d6cbd0-cc55-4a8c-aff9-0f6c18a578e9@group-4F90601D4E02->3f36f173-4656-4d5a-831c-b6782f9f5ad2-GrpcLogAppender: appendEntries Timeout, request=f1d6cbd0-cc55-4a8c-aff9-0f6c18a578e9->3f36f173-4656-4d5a-831c-b6782f9f5ad2#96-t2, previous=(t:2, i:13), leaderCommit=10, initializing? false, entries: <empty>
2019-09-18 17:27:09,584 [grpc-default-executor-7] INFO  impl.RaftServerProxy (RaftServerProxy.java:remove(95)) - 35e8f602-e85b-40b3-a2e8-9c7f2541a1dc: remove group-A8CC8E72DEEA:null
2019-09-18 17:27:09,590 [RatisPipelineUtilsThread] WARN  pipeline.RatisPipelineUtils (RatisPipelineUtils.java:destroyPipeline(66)) - Pipeline destroy failed for pipeline=PipelineID=0865e9aa-3ec9-41d2-a431-a8cc8e72deea dn=35e8f602-e85b-40b3-a2e8-9c7f2541a1dc{ip: 192.168.151.122, host: pr-hdds-2121-ltkqc-3926781246, networkLocation: /default-rack, certSerialId: null}
2019-09-18 17:27:09,593 [grpc-default-executor-7] INFO  impl.RaftServerProxy (RaftServerProxy.java:remove(95)) - 60c95f10-37ee-49eb-b84e-63ada232a784: remove group-A8CC8E72DEEA:null
2019-09-18 17:27:09,598 [RatisPipelineUtilsThread] WARN  pipeline.RatisPipelineUtils (RatisPipelineUtils.java:destroyPipeline(66)) - Pipeline destroy failed for pipeline=PipelineID=0865e9aa-3ec9-41d2-a431-a8cc8e72deea dn=60c95f10-37ee-49eb-b84e-63ada232a784{ip: 192.168.151.122, host: pr-hdds-2121-ltkqc-3926781246, networkLocation: /default-rack, certSerialId: null}
2019-09-18 17:27:09,600 [grpc-default-executor-7] INFO  impl.RaftServerProxy (RaftServerProxy.java:remove(95)) - 7ce2171e-d7bb-488f-b53c-71f230bd4ba7: remove group-A8CC8E72DEEA:null
2019-09-18 17:27:09,605 [RatisPipelineUtilsThread] WARN  pipeline.RatisPipelineUtils (RatisPipelineUtils.java:destroyPipeline(66)) - Pipeline destroy failed for pipeline=PipelineID=0865e9aa-3ec9-41d2-a431-a8cc8e72deea dn=7ce2171e-d7bb-488f-b53c-71f230bd4ba7{ip: 192.168.151.122, host: pr-hdds-2121-ltkqc-3926781246, networkLocation: /default-rack, certSerialId: null}
2019-09-18 17:27:09,605 [RatisPipelineUtilsThread] ERROR pipeline.SCMPipelineManager (Scheduler.java:lambda$schedule$1(70)) - Destroy pipeline failed for pipeline:Pipeline[ Id: 0865e9aa-3ec9-41d2-a431-a8cc8e72deea, Nodes: 35e8f602-e85b-40b3-a2e8-9c7f2541a1dc{ip: 192.168.151.122, host: pr-hdds-2121-ltkqc-3926781246, networkLocation: /default-rack, certSerialId: null}60c95f10-37ee-49eb-b84e-63ada232a784{ip: 192.168.151.122, host: pr-hdds-2121-ltkqc-3926781246, networkLocation: /default-rack, certSerialId: null}7ce2171e-d7bb-488f-b53c-71f230bd4ba7{ip: 192.168.151.122, host: pr-hdds-2121-ltkqc-3926781246, networkLocation: /default-rack, certSerialId: null}, Type:RATIS, Factor:THREE, State:CLOSED]
org.apache.hadoop.hdds.scm.pipeline.PipelineNotFoundException: PipelineID=0865e9aa-3ec9-41d2-a431-a8cc8e72deea not found
	at org.apache.hadoop.hdds.scm.pipeline.PipelineStateMap.getPipeline(PipelineStateMap.java:132)
	at org.apache.hadoop.hdds.scm.pipeline.PipelineStateMap.removePipeline(PipelineStateMap.java:322)
	at org.apache.hadoop.hdds.scm.pipeline.PipelineStateManager.removePipeline(PipelineStateManager.java:107)
	at org.apache.hadoop.hdds.scm.pipeline.SCMPipelineManager.removePipeline(SCMPipelineManager.java:423)
	at org.apache.hadoop.hdds.scm.pipeline.SCMPipelineManager.destroyPipeline(SCMPipelineManager.java:409)
	at org.apache.hadoop.hdds.scm.pipeline.SCMPipelineManager.lambda$finalizeAndDestroyPipeline$0(SCMPipelineManager.java:318)
	at org.apache.hadoop.utils.Scheduler.lambda$schedule$1(Scheduler.java:68)
	at java.util.concurrent.Executors$RunnableAdapter.call(Executors.java:511)
	at java.util.concurrent.FutureTask.run(FutureTask.java:266)
	at java.util.concurrent.ScheduledThreadPoolExecutor$ScheduledFutureTask.access$201(ScheduledThreadPoolExecutor.java:180)
	at java.util.concurrent.ScheduledThreadPoolExecutor$ScheduledFutureTask.run(ScheduledThreadPoolExecutor.java:293)
	at java.util.concurrent.ThreadPoolExecutor.runWorker(ThreadPoolExecutor.java:1149)
	at java.util.concurrent.ThreadPoolExecutor$Worker.run(ThreadPoolExecutor.java:624)
	at java.lang.Thread.run(Thread.java:748)
2019-09-18 17:27:11,160 [befaacb7-99cd-4d87-819a-d941cb77279d@group-4F90601D4E02-SegmentedRaftLogWorker] WARN  segmented.SegmentedRaftLogWorker (SegmentedRaftLogWorker.java:getFromFuture(90)) - Timeout 2/~
org.apache.ratis.protocol.TimeoutIOException: Timeout 10s: WriteLog:12: (t:2, i:12), STATEMACHINELOGENTRY, client-D63B3F3BC33D, cid=33-writeStateMachineData
	at org.apache.ratis.util.IOUtils.getFromFuture(IOUtils.java:87)
	at org.apache.ratis.server.raftlog.segmented.SegmentedRaftLogWorker$StateMachineDataPolicy.getFromFuture(SegmentedRaftLogWorker.java:87)
	at org.apache.ratis.server.raftlog.segmented.SegmentedRaftLogWorker$WriteLog.execute(SegmentedRaftLogWorker.java:477)
	at org.apache.ratis.server.raftlog.segmented.SegmentedRaftLogWorker.run(SegmentedRaftLogWorker.java:289)
	at java.lang.Thread.run(Thread.java:748)
Caused by: java.util.concurrent.TimeoutException
	at java.util.concurrent.CompletableFuture.timedGet(CompletableFuture.java:1771)
	at java.util.concurrent.CompletableFuture.get(CompletableFuture.java:1915)
	at org.apache.ratis.util.IOUtils.getFromFuture(IOUtils.java:79)
	... 4 more
2019-09-18 17:27:11,161 [f1d6cbd0-cc55-4a8c-aff9-0f6c18a578e9@group-4F90601D4E02-SegmentedRaftLogWorker] WARN  segmented.SegmentedRaftLogWorker (SegmentedRaftLogWorker.java:getFromFuture(90)) - Timeout 2/~
org.apache.ratis.protocol.TimeoutIOException: Timeout 10s: WriteLog:12: (t:2, i:12), STATEMACHINELOGENTRY, client-D63B3F3BC33D, cid=33-writeStateMachineData
	at org.apache.ratis.util.IOUtils.getFromFuture(IOUtils.java:87)
	at org.apache.ratis.server.raftlog.segmented.SegmentedRaftLogWorker$StateMachineDataPolicy.getFromFuture(SegmentedRaftLogWorker.java:87)
	at org.apache.ratis.server.raftlog.segmented.SegmentedRaftLogWorker$WriteLog.execute(SegmentedRaftLogWorker.java:477)
	at org.apache.ratis.server.raftlog.segmented.SegmentedRaftLogWorker.run(SegmentedRaftLogWorker.java:289)
	at java.lang.Thread.run(Thread.java:748)
Caused by: java.util.concurrent.TimeoutException
	at java.util.concurrent.CompletableFuture.timedGet(CompletableFuture.java:1771)
	at java.util.concurrent.CompletableFuture.get(CompletableFuture.java:1915)
	at org.apache.ratis.util.IOUtils.getFromFuture(IOUtils.java:79)
	... 4 more
2019-09-18 17:27:11,161 [3f36f173-4656-4d5a-831c-b6782f9f5ad2@group-4F90601D4E02-SegmentedRaftLogWorker] WARN  segmented.SegmentedRaftLogWorker (SegmentedRaftLogWorker.java:getFromFuture(90)) - Timeout 2/~
org.apache.ratis.protocol.TimeoutIOException: Timeout 10s: WriteLog:12: (t:2, i:12), STATEMACHINELOGENTRY, client-D63B3F3BC33D, cid=33-writeStateMachineData
	at org.apache.ratis.util.IOUtils.getFromFuture(IOUtils.java:87)
	at org.apache.ratis.server.raftlog.segmented.SegmentedRaftLogWorker$StateMachineDataPolicy.getFromFuture(SegmentedRaftLogWorker.java:87)
	at org.apache.ratis.server.raftlog.segmented.SegmentedRaftLogWorker$WriteLog.execute(SegmentedRaftLogWorker.java:477)
	at org.apache.ratis.server.raftlog.segmented.SegmentedRaftLogWorker.run(SegmentedRaftLogWorker.java:289)
	at java.lang.Thread.run(Thread.java:748)
Caused by: java.util.concurrent.TimeoutException
	at java.util.concurrent.CompletableFuture.timedGet(CompletableFuture.java:1771)
	at java.util.concurrent.CompletableFuture.get(CompletableFuture.java:1915)
	at org.apache.ratis.util.IOUtils.getFromFuture(IOUtils.java:79)
	... 4 more
2019-09-18 17:27:11,316 [grpc-default-executor-7] INFO  client.GrpcClientProtocolClient (GrpcClientProtocolClient.java:onNext(264)) - client-D63B3F3BC33D->3f36f173-4656-4d5a-831c-b6782f9f5ad2: receive RaftClientReply:client-D63B3F3BC33D->3f36f173-4656-4d5a-831c-b6782f9f5ad2@group-4F90601D4E02, cid=32, FAILED org.apache.ratis.protocol.NotLeaderException: Server 3f36f173-4656-4d5a-831c-b6782f9f5ad2@group-4F90601D4E02 is not the leader f1d6cbd0-cc55-4a8c-aff9-0f6c18a578e9:192.168.151.122:38812, logIndex=0, commits[3f36f173-4656-4d5a-831c-b6782f9f5ad2:c10, f1d6cbd0-cc55-4a8c-aff9-0f6c18a578e9:c10, befaacb7-99cd-4d87-819a-d941cb77279d:c6]
2019-09-18 17:27:11,564 [java.util.concurrent.ThreadPoolExecutor$Worker@6cb5db01[State = -1, empty queue]] WARN  server.GrpcLogAppender (GrpcLogAppender.java:timeoutAppendRequest(200)) - f1d6cbd0-cc55-4a8c-aff9-0f6c18a578e9@group-4F90601D4E02->befaacb7-99cd-4d87-819a-d941cb77279d-GrpcLogAppender: appendEntries Timeout, request=f1d6cbd0-cc55-4a8c-aff9-0f6c18a578e9->befaacb7-99cd-4d87-819a-d941cb77279d#97-t2, previous=(t:2, i:13), leaderCommit=10, initializing? false, entries: <empty>
2019-09-18 17:27:11,564 [java.util.concurrent.ThreadPoolExecutor$Worker@30c21f86[State = -1, empty queue]] WARN  server.GrpcLogAppender (GrpcLogAppender.java:timeoutAppendRequest(200)) - f1d6cbd0-cc55-4a8c-aff9-0f6c18a578e9@group-4F90601D4E02->3f36f173-4656-4d5a-831c-b6782f9f5ad2-GrpcLogAppender: appendEntries Timeout, request=f1d6cbd0-cc55-4a8c-aff9-0f6c18a578e9->3f36f173-4656-4d5a-831c-b6782f9f5ad2#97-t2, previous=(t:2, i:13), leaderCommit=10, initializing? false, entries: <empty>
2019-09-18 17:27:12,583 [grpc-default-executor-7] INFO  impl.RaftServerProxy (RaftServerProxy.java:remove(95)) - 35e8f602-e85b-40b3-a2e8-9c7f2541a1dc: remove group-A8CC8E72DEEA:null
2019-09-18 17:27:12,589 [RatisPipelineUtilsThread] WARN  pipeline.RatisPipelineUtils (RatisPipelineUtils.java:destroyPipeline(66)) - Pipeline destroy failed for pipeline=PipelineID=0865e9aa-3ec9-41d2-a431-a8cc8e72deea dn=35e8f602-e85b-40b3-a2e8-9c7f2541a1dc{ip: 192.168.151.122, host: pr-hdds-2121-ltkqc-3926781246, networkLocation: /default-rack, certSerialId: null}
2019-09-18 17:27:12,592 [grpc-default-executor-7] INFO  impl.RaftServerProxy (RaftServerProxy.java:remove(95)) - 60c95f10-37ee-49eb-b84e-63ada232a784: remove group-A8CC8E72DEEA:null
2019-09-18 17:27:12,604 [RatisPipelineUtilsThread] WARN  pipeline.RatisPipelineUtils (RatisPipelineUtils.java:destroyPipeline(66)) - Pipeline destroy failed for pipeline=PipelineID=0865e9aa-3ec9-41d2-a431-a8cc8e72deea dn=60c95f10-37ee-49eb-b84e-63ada232a784{ip: 192.168.151.122, host: pr-hdds-2121-ltkqc-3926781246, networkLocation: /default-rack, certSerialId: null}
2019-09-18 17:27:12,608 [grpc-default-executor-7] INFO  impl.RaftServerProxy (RaftServerProxy.java:remove(95)) - 7ce2171e-d7bb-488f-b53c-71f230bd4ba7: remove group-A8CC8E72DEEA:null
2019-09-18 17:27:12,611 [RatisPipelineUtilsThread] WARN  pipeline.RatisPipelineUtils (RatisPipelineUtils.java:destroyPipeline(66)) - Pipeline destroy failed for pipeline=PipelineID=0865e9aa-3ec9-41d2-a431-a8cc8e72deea dn=7ce2171e-d7bb-488f-b53c-71f230bd4ba7{ip: 192.168.151.122, host: pr-hdds-2121-ltkqc-3926781246, networkLocation: /default-rack, certSerialId: null}
2019-09-18 17:27:12,611 [RatisPipelineUtilsThread] ERROR pipeline.SCMPipelineManager (Scheduler.java:lambda$schedule$1(70)) - Destroy pipeline failed for pipeline:Pipeline[ Id: 0865e9aa-3ec9-41d2-a431-a8cc8e72deea, Nodes: 35e8f602-e85b-40b3-a2e8-9c7f2541a1dc{ip: 192.168.151.122, host: pr-hdds-2121-ltkqc-3926781246, networkLocation: /default-rack, certSerialId: null}60c95f10-37ee-49eb-b84e-63ada232a784{ip: 192.168.151.122, host: pr-hdds-2121-ltkqc-3926781246, networkLocation: /default-rack, certSerialId: null}7ce2171e-d7bb-488f-b53c-71f230bd4ba7{ip: 192.168.151.122, host: pr-hdds-2121-ltkqc-3926781246, networkLocation: /default-rack, certSerialId: null}, Type:RATIS, Factor:THREE, State:CLOSED]
org.apache.hadoop.hdds.scm.pipeline.PipelineNotFoundException: PipelineID=0865e9aa-3ec9-41d2-a431-a8cc8e72deea not found
	at org.apache.hadoop.hdds.scm.pipeline.PipelineStateMap.getPipeline(PipelineStateMap.java:132)
	at org.apache.hadoop.hdds.scm.pipeline.PipelineStateMap.removePipeline(PipelineStateMap.java:322)
	at org.apache.hadoop.hdds.scm.pipeline.PipelineStateManager.removePipeline(PipelineStateManager.java:107)
	at org.apache.hadoop.hdds.scm.pipeline.SCMPipelineManager.removePipeline(SCMPipelineManager.java:423)
	at org.apache.hadoop.hdds.scm.pipeline.SCMPipelineManager.destroyPipeline(SCMPipelineManager.java:409)
	at org.apache.hadoop.hdds.scm.pipeline.SCMPipelineManager.lambda$finalizeAndDestroyPipeline$0(SCMPipelineManager.java:318)
	at org.apache.hadoop.utils.Scheduler.lambda$schedule$1(Scheduler.java:68)
	at java.util.concurrent.Executors$RunnableAdapter.call(Executors.java:511)
	at java.util.concurrent.FutureTask.run(FutureTask.java:266)
	at java.util.concurrent.ScheduledThreadPoolExecutor$ScheduledFutureTask.access$201(ScheduledThreadPoolExecutor.java:180)
	at java.util.concurrent.ScheduledThreadPoolExecutor$ScheduledFutureTask.run(ScheduledThreadPoolExecutor.java:293)
	at java.util.concurrent.ThreadPoolExecutor.runWorker(ThreadPoolExecutor.java:1149)
	at java.util.concurrent.ThreadPoolExecutor$Worker.run(ThreadPoolExecutor.java:624)
	at java.lang.Thread.run(Thread.java:748)
2019-09-18 17:27:14,064 [java.util.concurrent.ThreadPoolExecutor$Worker@30c21f86[State = -1, empty queue]] WARN  server.GrpcLogAppender (GrpcLogAppender.java:timeoutAppendRequest(200)) - f1d6cbd0-cc55-4a8c-aff9-0f6c18a578e9@group-4F90601D4E02->3f36f173-4656-4d5a-831c-b6782f9f5ad2-GrpcLogAppender: appendEntries Timeout, request=f1d6cbd0-cc55-4a8c-aff9-0f6c18a578e9->3f36f173-4656-4d5a-831c-b6782f9f5ad2#98-t2, previous=(t:2, i:13), leaderCommit=10, initializing? false, entries: <empty>
2019-09-18 17:27:14,064 [java.util.concurrent.ThreadPoolExecutor$Worker@6cb5db01[State = -1, empty queue]] WARN  server.GrpcLogAppender (GrpcLogAppender.java:timeoutAppendRequest(200)) - f1d6cbd0-cc55-4a8c-aff9-0f6c18a578e9@group-4F90601D4E02->befaacb7-99cd-4d87-819a-d941cb77279d-GrpcLogAppender: appendEntries Timeout, request=f1d6cbd0-cc55-4a8c-aff9-0f6c18a578e9->befaacb7-99cd-4d87-819a-d941cb77279d#98-t2, previous=(t:2, i:13), leaderCommit=10, initializing? false, entries: <empty>
2019-09-18 17:27:14,587 [grpc-default-executor-7] INFO  impl.RaftServerProxy (RaftServerProxy.java:remove(95)) - 35e8f602-e85b-40b3-a2e8-9c7f2541a1dc: remove group-A8CC8E72DEEA:null
2019-09-18 17:27:14,593 [RatisPipelineUtilsThread] WARN  pipeline.RatisPipelineUtils (RatisPipelineUtils.java:destroyPipeline(66)) - Pipeline destroy failed for pipeline=PipelineID=0865e9aa-3ec9-41d2-a431-a8cc8e72deea dn=35e8f602-e85b-40b3-a2e8-9c7f2541a1dc{ip: 192.168.151.122, host: pr-hdds-2121-ltkqc-3926781246, networkLocation: /default-rack, certSerialId: null}
2019-09-18 17:27:14,595 [grpc-default-executor-7] INFO  impl.RaftServerProxy (RaftServerProxy.java:remove(95)) - 60c95f10-37ee-49eb-b84e-63ada232a784: remove group-A8CC8E72DEEA:null
2019-09-18 17:27:14,598 [RatisPipelineUtilsThread] WARN  pipeline.RatisPipelineUtils (RatisPipelineUtils.java:destroyPipeline(66)) - Pipeline destroy failed for pipeline=PipelineID=0865e9aa-3ec9-41d2-a431-a8cc8e72deea dn=60c95f10-37ee-49eb-b84e-63ada232a784{ip: 192.168.151.122, host: pr-hdds-2121-ltkqc-3926781246, networkLocation: /default-rack, certSerialId: null}
2019-09-18 17:27:14,601 [grpc-default-executor-7] INFO  impl.RaftServerProxy (RaftServerProxy.java:remove(95)) - 7ce2171e-d7bb-488f-b53c-71f230bd4ba7: remove group-A8CC8E72DEEA:null
2019-09-18 17:27:14,603 [RatisPipelineUtilsThread] WARN  pipeline.RatisPipelineUtils (RatisPipelineUtils.java:destroyPipeline(66)) - Pipeline destroy failed for pipeline=PipelineID=0865e9aa-3ec9-41d2-a431-a8cc8e72deea dn=7ce2171e-d7bb-488f-b53c-71f230bd4ba7{ip: 192.168.151.122, host: pr-hdds-2121-ltkqc-3926781246, networkLocation: /default-rack, certSerialId: null}
2019-09-18 17:27:14,603 [RatisPipelineUtilsThread] ERROR pipeline.SCMPipelineManager (Scheduler.java:lambda$schedule$1(70)) - Destroy pipeline failed for pipeline:Pipeline[ Id: 0865e9aa-3ec9-41d2-a431-a8cc8e72deea, Nodes: 35e8f602-e85b-40b3-a2e8-9c7f2541a1dc{ip: 192.168.151.122, host: pr-hdds-2121-ltkqc-3926781246, networkLocation: /default-rack, certSerialId: null}60c95f10-37ee-49eb-b84e-63ada232a784{ip: 192.168.151.122, host: pr-hdds-2121-ltkqc-3926781246, networkLocation: /default-rack, certSerialId: null}7ce2171e-d7bb-488f-b53c-71f230bd4ba7{ip: 192.168.151.122, host: pr-hdds-2121-ltkqc-3926781246, networkLocation: /default-rack, certSerialId: null}, Type:RATIS, Factor:THREE, State:CLOSED]
org.apache.hadoop.hdds.scm.pipeline.PipelineNotFoundException: PipelineID=0865e9aa-3ec9-41d2-a431-a8cc8e72deea not found
	at org.apache.hadoop.hdds.scm.pipeline.PipelineStateMap.getPipeline(PipelineStateMap.java:132)
	at org.apache.hadoop.hdds.scm.pipeline.PipelineStateMap.removePipeline(PipelineStateMap.java:322)
	at org.apache.hadoop.hdds.scm.pipeline.PipelineStateManager.removePipeline(PipelineStateManager.java:107)
	at org.apache.hadoop.hdds.scm.pipeline.SCMPipelineManager.removePipeline(SCMPipelineManager.java:423)
	at org.apache.hadoop.hdds.scm.pipeline.SCMPipelineManager.destroyPipeline(SCMPipelineManager.java:409)
	at org.apache.hadoop.hdds.scm.pipeline.SCMPipelineManager.lambda$finalizeAndDestroyPipeline$0(SCMPipelineManager.java:318)
	at org.apache.hadoop.utils.Scheduler.lambda$schedule$1(Scheduler.java:68)
	at java.util.concurrent.Executors$RunnableAdapter.call(Executors.java:511)
	at java.util.concurrent.FutureTask.run(FutureTask.java:266)
	at java.util.concurrent.ScheduledThreadPoolExecutor$ScheduledFutureTask.access$201(ScheduledThreadPoolExecutor.java:180)
	at java.util.concurrent.ScheduledThreadPoolExecutor$ScheduledFutureTask.run(ScheduledThreadPoolExecutor.java:293)
	at java.util.concurrent.ThreadPoolExecutor.runWorker(ThreadPoolExecutor.java:1149)
	at java.util.concurrent.ThreadPoolExecutor$Worker.run(ThreadPoolExecutor.java:624)
	at java.lang.Thread.run(Thread.java:748)
2019-09-18 17:27:16,359 [grpc-default-executor-8] INFO  client.GrpcClientProtocolClient (GrpcClientProtocolClient.java:onNext(264)) - client-D63B3F3BC33D->3f36f173-4656-4d5a-831c-b6782f9f5ad2: receive RaftClientReply:client-D63B3F3BC33D->3f36f173-4656-4d5a-831c-b6782f9f5ad2@group-4F90601D4E02, cid=32, FAILED org.apache.ratis.protocol.NotLeaderException: Server 3f36f173-4656-4d5a-831c-b6782f9f5ad2@group-4F90601D4E02 is not the leader f1d6cbd0-cc55-4a8c-aff9-0f6c18a578e9:192.168.151.122:38812, logIndex=0, commits[3f36f173-4656-4d5a-831c-b6782f9f5ad2:c10, f1d6cbd0-cc55-4a8c-aff9-0f6c18a578e9:c10, befaacb7-99cd-4d87-819a-d941cb77279d:c6]
2019-09-18 17:27:16,566 [java.util.concurrent.ThreadPoolExecutor$Worker@6cb5db01[State = -1, empty queue]] WARN  server.GrpcLogAppender (GrpcLogAppender.java:timeoutAppendRequest(200)) - f1d6cbd0-cc55-4a8c-aff9-0f6c18a578e9@group-4F90601D4E02->befaacb7-99cd-4d87-819a-d941cb77279d-GrpcLogAppender: appendEntries Timeout, request=f1d6cbd0-cc55-4a8c-aff9-0f6c18a578e9->befaacb7-99cd-4d87-819a-d941cb77279d#99-t2, previous=(t:2, i:13), leaderCommit=10, initializing? false, entries: <empty>
2019-09-18 17:27:16,567 [java.util.concurrent.ThreadPoolExecutor$Worker@30c21f86[State = -1, empty queue]] WARN  server.GrpcLogAppender (GrpcLogAppender.java:timeoutAppendRequest(200)) - f1d6cbd0-cc55-4a8c-aff9-0f6c18a578e9@group-4F90601D4E02->3f36f173-4656-4d5a-831c-b6782f9f5ad2-GrpcLogAppender: appendEntries Timeout, request=f1d6cbd0-cc55-4a8c-aff9-0f6c18a578e9->3f36f173-4656-4d5a-831c-b6782f9f5ad2#99-t2, previous=(t:2, i:13), leaderCommit=10, initializing? false, entries: <empty>
2019-09-18 17:27:17,582 [grpc-default-executor-8] INFO  impl.RaftServerProxy (RaftServerProxy.java:remove(95)) - 35e8f602-e85b-40b3-a2e8-9c7f2541a1dc: remove group-A8CC8E72DEEA:null
2019-09-18 17:27:17,585 [RatisPipelineUtilsThread] WARN  pipeline.RatisPipelineUtils (RatisPipelineUtils.java:destroyPipeline(66)) - Pipeline destroy failed for pipeline=PipelineID=0865e9aa-3ec9-41d2-a431-a8cc8e72deea dn=35e8f602-e85b-40b3-a2e8-9c7f2541a1dc{ip: 192.168.151.122, host: pr-hdds-2121-ltkqc-3926781246, networkLocation: /default-rack, certSerialId: null}
2019-09-18 17:27:17,588 [grpc-default-executor-8] INFO  impl.RaftServerProxy (RaftServerProxy.java:remove(95)) - 60c95f10-37ee-49eb-b84e-63ada232a784: remove group-A8CC8E72DEEA:null
2019-09-18 17:27:17,591 [RatisPipelineUtilsThread] WARN  pipeline.RatisPipelineUtils (RatisPipelineUtils.java:destroyPipeline(66)) - Pipeline destroy failed for pipeline=PipelineID=0865e9aa-3ec9-41d2-a431-a8cc8e72deea dn=60c95f10-37ee-49eb-b84e-63ada232a784{ip: 192.168.151.122, host: pr-hdds-2121-ltkqc-3926781246, networkLocation: /default-rack, certSerialId: null}
2019-09-18 17:27:17,595 [grpc-default-executor-8] INFO  impl.RaftServerProxy (RaftServerProxy.java:remove(95)) - 7ce2171e-d7bb-488f-b53c-71f230bd4ba7: remove group-A8CC8E72DEEA:null
2019-09-18 17:27:17,598 [RatisPipelineUtilsThread] WARN  pipeline.RatisPipelineUtils (RatisPipelineUtils.java:destroyPipeline(66)) - Pipeline destroy failed for pipeline=PipelineID=0865e9aa-3ec9-41d2-a431-a8cc8e72deea dn=7ce2171e-d7bb-488f-b53c-71f230bd4ba7{ip: 192.168.151.122, host: pr-hdds-2121-ltkqc-3926781246, networkLocation: /default-rack, certSerialId: null}
2019-09-18 17:27:17,598 [RatisPipelineUtilsThread] ERROR pipeline.SCMPipelineManager (Scheduler.java:lambda$schedule$1(70)) - Destroy pipeline failed for pipeline:Pipeline[ Id: 0865e9aa-3ec9-41d2-a431-a8cc8e72deea, Nodes: 35e8f602-e85b-40b3-a2e8-9c7f2541a1dc{ip: 192.168.151.122, host: pr-hdds-2121-ltkqc-3926781246, networkLocation: /default-rack, certSerialId: null}60c95f10-37ee-49eb-b84e-63ada232a784{ip: 192.168.151.122, host: pr-hdds-2121-ltkqc-3926781246, networkLocation: /default-rack, certSerialId: null}7ce2171e-d7bb-488f-b53c-71f230bd4ba7{ip: 192.168.151.122, host: pr-hdds-2121-ltkqc-3926781246, networkLocation: /default-rack, certSerialId: null}, Type:RATIS, Factor:THREE, State:CLOSED]
org.apache.hadoop.hdds.scm.pipeline.PipelineNotFoundException: PipelineID=0865e9aa-3ec9-41d2-a431-a8cc8e72deea not found
	at org.apache.hadoop.hdds.scm.pipeline.PipelineStateMap.getPipeline(PipelineStateMap.java:132)
	at org.apache.hadoop.hdds.scm.pipeline.PipelineStateMap.removePipeline(PipelineStateMap.java:322)
	at org.apache.hadoop.hdds.scm.pipeline.PipelineStateManager.removePipeline(PipelineStateManager.java:107)
	at org.apache.hadoop.hdds.scm.pipeline.SCMPipelineManager.removePipeline(SCMPipelineManager.java:423)
	at org.apache.hadoop.hdds.scm.pipeline.SCMPipelineManager.destroyPipeline(SCMPipelineManager.java:409)
	at org.apache.hadoop.hdds.scm.pipeline.SCMPipelineManager.lambda$finalizeAndDestroyPipeline$0(SCMPipelineManager.java:318)
	at org.apache.hadoop.utils.Scheduler.lambda$schedule$1(Scheduler.java:68)
	at java.util.concurrent.Executors$RunnableAdapter.call(Executors.java:511)
	at java.util.concurrent.FutureTask.run(FutureTask.java:266)
	at java.util.concurrent.ScheduledThreadPoolExecutor$ScheduledFutureTask.access$201(ScheduledThreadPoolExecutor.java:180)
	at java.util.concurrent.ScheduledThreadPoolExecutor$ScheduledFutureTask.run(ScheduledThreadPoolExecutor.java:293)
	at java.util.concurrent.ThreadPoolExecutor.runWorker(ThreadPoolExecutor.java:1149)
	at java.util.concurrent.ThreadPoolExecutor$Worker.run(ThreadPoolExecutor.java:624)
	at java.lang.Thread.run(Thread.java:748)
2019-09-18 17:27:19,065 [java.util.concurrent.ThreadPoolExecutor$Worker@6cb5db01[State = -1, empty queue]] WARN  server.GrpcLogAppender (GrpcLogAppender.java:timeoutAppendRequest(200)) - f1d6cbd0-cc55-4a8c-aff9-0f6c18a578e9@group-4F90601D4E02->befaacb7-99cd-4d87-819a-d941cb77279d-GrpcLogAppender: appendEntries Timeout, request=f1d6cbd0-cc55-4a8c-aff9-0f6c18a578e9->befaacb7-99cd-4d87-819a-d941cb77279d#100-t2, previous=(t:2, i:13), leaderCommit=10, initializing? false, entries: <empty>
2019-09-18 17:27:19,065 [java.util.concurrent.ThreadPoolExecutor$Worker@30c21f86[State = -1, empty queue]] WARN  server.GrpcLogAppender (GrpcLogAppender.java:timeoutAppendRequest(200)) - f1d6cbd0-cc55-4a8c-aff9-0f6c18a578e9@group-4F90601D4E02->3f36f173-4656-4d5a-831c-b6782f9f5ad2-GrpcLogAppender: appendEntries Timeout, request=f1d6cbd0-cc55-4a8c-aff9-0f6c18a578e9->3f36f173-4656-4d5a-831c-b6782f9f5ad2#100-t2, previous=(t:2, i:13), leaderCommit=10, initializing? false, entries: <empty>
2019-09-18 17:27:19,583 [grpc-default-executor-7] INFO  impl.RaftServerProxy (RaftServerProxy.java:remove(95)) - 35e8f602-e85b-40b3-a2e8-9c7f2541a1dc: remove group-A8CC8E72DEEA:null
2019-09-18 17:27:19,585 [RatisPipelineUtilsThread] WARN  pipeline.RatisPipelineUtils (RatisPipelineUtils.java:destroyPipeline(66)) - Pipeline destroy failed for pipeline=PipelineID=0865e9aa-3ec9-41d2-a431-a8cc8e72deea dn=35e8f602-e85b-40b3-a2e8-9c7f2541a1dc{ip: 192.168.151.122, host: pr-hdds-2121-ltkqc-3926781246, networkLocation: /default-rack, certSerialId: null}
2019-09-18 17:27:19,588 [grpc-default-executor-7] INFO  impl.RaftServerProxy (RaftServerProxy.java:remove(95)) - 60c95f10-37ee-49eb-b84e-63ada232a784: remove group-A8CC8E72DEEA:null
2019-09-18 17:27:19,590 [RatisPipelineUtilsThread] WARN  pipeline.RatisPipelineUtils (RatisPipelineUtils.java:destroyPipeline(66)) - Pipeline destroy failed for pipeline=PipelineID=0865e9aa-3ec9-41d2-a431-a8cc8e72deea dn=60c95f10-37ee-49eb-b84e-63ada232a784{ip: 192.168.151.122, host: pr-hdds-2121-ltkqc-3926781246, networkLocation: /default-rack, certSerialId: null}
2019-09-18 17:27:19,593 [grpc-default-executor-7] INFO  impl.RaftServerProxy (RaftServerProxy.java:remove(95)) - 7ce2171e-d7bb-488f-b53c-71f230bd4ba7: remove group-A8CC8E72DEEA:null
2019-09-18 17:27:19,595 [RatisPipelineUtilsThread] WARN  pipeline.RatisPipelineUtils (RatisPipelineUtils.java:destroyPipeline(66)) - Pipeline destroy failed for pipeline=PipelineID=0865e9aa-3ec9-41d2-a431-a8cc8e72deea dn=7ce2171e-d7bb-488f-b53c-71f230bd4ba7{ip: 192.168.151.122, host: pr-hdds-2121-ltkqc-3926781246, networkLocation: /default-rack, certSerialId: null}
2019-09-18 17:27:19,595 [RatisPipelineUtilsThread] ERROR pipeline.SCMPipelineManager (Scheduler.java:lambda$schedule$1(70)) - Destroy pipeline failed for pipeline:Pipeline[ Id: 0865e9aa-3ec9-41d2-a431-a8cc8e72deea, Nodes: 35e8f602-e85b-40b3-a2e8-9c7f2541a1dc{ip: 192.168.151.122, host: pr-hdds-2121-ltkqc-3926781246, networkLocation: /default-rack, certSerialId: null}60c95f10-37ee-49eb-b84e-63ada232a784{ip: 192.168.151.122, host: pr-hdds-2121-ltkqc-3926781246, networkLocation: /default-rack, certSerialId: null}7ce2171e-d7bb-488f-b53c-71f230bd4ba7{ip: 192.168.151.122, host: pr-hdds-2121-ltkqc-3926781246, networkLocation: /default-rack, certSerialId: null}, Type:RATIS, Factor:THREE, State:CLOSED]
org.apache.hadoop.hdds.scm.pipeline.PipelineNotFoundException: PipelineID=0865e9aa-3ec9-41d2-a431-a8cc8e72deea not found
	at org.apache.hadoop.hdds.scm.pipeline.PipelineStateMap.getPipeline(PipelineStateMap.java:132)
	at org.apache.hadoop.hdds.scm.pipeline.PipelineStateMap.removePipeline(PipelineStateMap.java:322)
	at org.apache.hadoop.hdds.scm.pipeline.PipelineStateManager.removePipeline(PipelineStateManager.java:107)
	at org.apache.hadoop.hdds.scm.pipeline.SCMPipelineManager.removePipeline(SCMPipelineManager.java:423)
	at org.apache.hadoop.hdds.scm.pipeline.SCMPipelineManager.destroyPipeline(SCMPipelineManager.java:409)
	at org.apache.hadoop.hdds.scm.pipeline.SCMPipelineManager.lambda$finalizeAndDestroyPipeline$0(SCMPipelineManager.java:318)
	at org.apache.hadoop.utils.Scheduler.lambda$schedule$1(Scheduler.java:68)
	at java.util.concurrent.Executors$RunnableAdapter.call(Executors.java:511)
	at java.util.concurrent.FutureTask.run(FutureTask.java:266)
	at java.util.concurrent.ScheduledThreadPoolExecutor$ScheduledFutureTask.access$201(ScheduledThreadPoolExecutor.java:180)
	at java.util.concurrent.ScheduledThreadPoolExecutor$ScheduledFutureTask.run(ScheduledThreadPoolExecutor.java:293)
	at java.util.concurrent.ThreadPoolExecutor.runWorker(ThreadPoolExecutor.java:1149)
	at java.util.concurrent.ThreadPoolExecutor$Worker.run(ThreadPoolExecutor.java:624)
	at java.lang.Thread.run(Thread.java:748)
2019-09-18 17:27:21,161 [befaacb7-99cd-4d87-819a-d941cb77279d@group-4F90601D4E02-SegmentedRaftLogWorker] WARN  segmented.SegmentedRaftLogWorker (SegmentedRaftLogWorker.java:getFromFuture(90)) - Timeout 3/~
org.apache.ratis.protocol.TimeoutIOException: Timeout 10s: WriteLog:12: (t:2, i:12), STATEMACHINELOGENTRY, client-D63B3F3BC33D, cid=33-writeStateMachineData
	at org.apache.ratis.util.IOUtils.getFromFuture(IOUtils.java:87)
	at org.apache.ratis.server.raftlog.segmented.SegmentedRaftLogWorker$StateMachineDataPolicy.getFromFuture(SegmentedRaftLogWorker.java:87)
	at org.apache.ratis.server.raftlog.segmented.SegmentedRaftLogWorker$WriteLog.execute(SegmentedRaftLogWorker.java:477)
	at org.apache.ratis.server.raftlog.segmented.SegmentedRaftLogWorker.run(SegmentedRaftLogWorker.java:289)
	at java.lang.Thread.run(Thread.java:748)
Caused by: java.util.concurrent.TimeoutException
	at java.util.concurrent.CompletableFuture.timedGet(CompletableFuture.java:1771)
	at java.util.concurrent.CompletableFuture.get(CompletableFuture.java:1915)
	at org.apache.ratis.util.IOUtils.getFromFuture(IOUtils.java:79)
	... 4 more
2019-09-18 17:27:21,161 [f1d6cbd0-cc55-4a8c-aff9-0f6c18a578e9@group-4F90601D4E02-SegmentedRaftLogWorker] WARN  segmented.SegmentedRaftLogWorker (SegmentedRaftLogWorker.java:getFromFuture(90)) - Timeout 3/~
org.apache.ratis.protocol.TimeoutIOException: Timeout 10s: WriteLog:12: (t:2, i:12), STATEMACHINELOGENTRY, client-D63B3F3BC33D, cid=33-writeStateMachineData
	at org.apache.ratis.util.IOUtils.getFromFuture(IOUtils.java:87)
	at org.apache.ratis.server.raftlog.segmented.SegmentedRaftLogWorker$StateMachineDataPolicy.getFromFuture(SegmentedRaftLogWorker.java:87)
	at org.apache.ratis.server.raftlog.segmented.SegmentedRaftLogWorker$WriteLog.execute(SegmentedRaftLogWorker.java:477)
	at org.apache.ratis.server.raftlog.segmented.SegmentedRaftLogWorker.run(SegmentedRaftLogWorker.java:289)
	at java.lang.Thread.run(Thread.java:748)
Caused by: java.util.concurrent.TimeoutException
	at java.util.concurrent.CompletableFuture.timedGet(CompletableFuture.java:1771)
	at java.util.concurrent.CompletableFuture.get(CompletableFuture.java:1915)
	at org.apache.ratis.util.IOUtils.getFromFuture(IOUtils.java:79)
	... 4 more
2019-09-18 17:27:21,162 [3f36f173-4656-4d5a-831c-b6782f9f5ad2@group-4F90601D4E02-SegmentedRaftLogWorker] WARN  segmented.SegmentedRaftLogWorker (SegmentedRaftLogWorker.java:getFromFuture(90)) - Timeout 3/~
org.apache.ratis.protocol.TimeoutIOException: Timeout 10s: WriteLog:12: (t:2, i:12), STATEMACHINELOGENTRY, client-D63B3F3BC33D, cid=33-writeStateMachineData
	at org.apache.ratis.util.IOUtils.getFromFuture(IOUtils.java:87)
	at org.apache.ratis.server.raftlog.segmented.SegmentedRaftLogWorker$StateMachineDataPolicy.getFromFuture(SegmentedRaftLogWorker.java:87)
	at org.apache.ratis.server.raftlog.segmented.SegmentedRaftLogWorker$WriteLog.execute(SegmentedRaftLogWorker.java:477)
	at org.apache.ratis.server.raftlog.segmented.SegmentedRaftLogWorker.run(SegmentedRaftLogWorker.java:289)
	at java.lang.Thread.run(Thread.java:748)
Caused by: java.util.concurrent.TimeoutException
	at java.util.concurrent.CompletableFuture.timedGet(CompletableFuture.java:1771)
	at java.util.concurrent.CompletableFuture.get(CompletableFuture.java:1915)
	at org.apache.ratis.util.IOUtils.getFromFuture(IOUtils.java:79)
	... 4 more
2019-09-18 17:27:21,389 [grpc-default-executor-7] INFO  client.GrpcClientProtocolClient (GrpcClientProtocolClient.java:onNext(264)) - client-D63B3F3BC33D->befaacb7-99cd-4d87-819a-d941cb77279d: receive RaftClientReply:client-D63B3F3BC33D->befaacb7-99cd-4d87-819a-d941cb77279d@group-4F90601D4E02, cid=32, FAILED org.apache.ratis.protocol.NotLeaderException: Server befaacb7-99cd-4d87-819a-d941cb77279d@group-4F90601D4E02 is not the leader f1d6cbd0-cc55-4a8c-aff9-0f6c18a578e9:192.168.151.122:38812, logIndex=0, commits[befaacb7-99cd-4d87-819a-d941cb77279d:c10, f1d6cbd0-cc55-4a8c-aff9-0f6c18a578e9:c10, 3f36f173-4656-4d5a-831c-b6782f9f5ad2:c6]
2019-09-18 17:27:21,565 [java.util.concurrent.ThreadPoolExecutor$Worker@6cb5db01[State = -1, empty queue]] WARN  server.GrpcLogAppender (GrpcLogAppender.java:timeoutAppendRequest(200)) - f1d6cbd0-cc55-4a8c-aff9-0f6c18a578e9@group-4F90601D4E02->befaacb7-99cd-4d87-819a-d941cb77279d-GrpcLogAppender: appendEntries Timeout, request=f1d6cbd0-cc55-4a8c-aff9-0f6c18a578e9->befaacb7-99cd-4d87-819a-d941cb77279d#101-t2, previous=(t:2, i:13), leaderCommit=10, initializing? false, entries: <empty>
2019-09-18 17:27:21,566 [java.util.concurrent.ThreadPoolExecutor$Worker@30c21f86[State = -1, empty queue]] WARN  server.GrpcLogAppender (GrpcLogAppender.java:timeoutAppendRequest(200)) - f1d6cbd0-cc55-4a8c-aff9-0f6c18a578e9@group-4F90601D4E02->3f36f173-4656-4d5a-831c-b6782f9f5ad2-GrpcLogAppender: appendEntries Timeout, request=f1d6cbd0-cc55-4a8c-aff9-0f6c18a578e9->3f36f173-4656-4d5a-831c-b6782f9f5ad2#101-t2, previous=(t:2, i:13), leaderCommit=10, initializing? false, entries: <empty>
2019-09-18 17:27:22,583 [grpc-default-executor-7] INFO  impl.RaftServerProxy (RaftServerProxy.java:remove(95)) - 35e8f602-e85b-40b3-a2e8-9c7f2541a1dc: remove group-A8CC8E72DEEA:null
2019-09-18 17:27:22,586 [RatisPipelineUtilsThread] WARN  pipeline.RatisPipelineUtils (RatisPipelineUtils.java:destroyPipeline(66)) - Pipeline destroy failed for pipeline=PipelineID=0865e9aa-3ec9-41d2-a431-a8cc8e72deea dn=35e8f602-e85b-40b3-a2e8-9c7f2541a1dc{ip: 192.168.151.122, host: pr-hdds-2121-ltkqc-3926781246, networkLocation: /default-rack, certSerialId: null}
2019-09-18 17:27:22,589 [grpc-default-executor-7] INFO  impl.RaftServerProxy (RaftServerProxy.java:remove(95)) - 60c95f10-37ee-49eb-b84e-63ada232a784: remove group-A8CC8E72DEEA:null
2019-09-18 17:27:22,591 [RatisPipelineUtilsThread] WARN  pipeline.RatisPipelineUtils (RatisPipelineUtils.java:destroyPipeline(66)) - Pipeline destroy failed for pipeline=PipelineID=0865e9aa-3ec9-41d2-a431-a8cc8e72deea dn=60c95f10-37ee-49eb-b84e-63ada232a784{ip: 192.168.151.122, host: pr-hdds-2121-ltkqc-3926781246, networkLocation: /default-rack, certSerialId: null}
2019-09-18 17:27:22,594 [grpc-default-executor-7] INFO  impl.RaftServerProxy (RaftServerProxy.java:remove(95)) - 7ce2171e-d7bb-488f-b53c-71f230bd4ba7: remove group-A8CC8E72DEEA:null
2019-09-18 17:27:22,596 [RatisPipelineUtilsThread] WARN  pipeline.RatisPipelineUtils (RatisPipelineUtils.java:destroyPipeline(66)) - Pipeline destroy failed for pipeline=PipelineID=0865e9aa-3ec9-41d2-a431-a8cc8e72deea dn=7ce2171e-d7bb-488f-b53c-71f230bd4ba7{ip: 192.168.151.122, host: pr-hdds-2121-ltkqc-3926781246, networkLocation: /default-rack, certSerialId: null}
2019-09-18 17:27:22,597 [RatisPipelineUtilsThread] ERROR pipeline.SCMPipelineManager (Scheduler.java:lambda$schedule$1(70)) - Destroy pipeline failed for pipeline:Pipeline[ Id: 0865e9aa-3ec9-41d2-a431-a8cc8e72deea, Nodes: 35e8f602-e85b-40b3-a2e8-9c7f2541a1dc{ip: 192.168.151.122, host: pr-hdds-2121-ltkqc-3926781246, networkLocation: /default-rack, certSerialId: null}60c95f10-37ee-49eb-b84e-63ada232a784{ip: 192.168.151.122, host: pr-hdds-2121-ltkqc-3926781246, networkLocation: /default-rack, certSerialId: null}7ce2171e-d7bb-488f-b53c-71f230bd4ba7{ip: 192.168.151.122, host: pr-hdds-2121-ltkqc-3926781246, networkLocation: /default-rack, certSerialId: null}, Type:RATIS, Factor:THREE, State:CLOSED]
org.apache.hadoop.hdds.scm.pipeline.PipelineNotFoundException: PipelineID=0865e9aa-3ec9-41d2-a431-a8cc8e72deea not found
	at org.apache.hadoop.hdds.scm.pipeline.PipelineStateMap.getPipeline(PipelineStateMap.java:132)
	at org.apache.hadoop.hdds.scm.pipeline.PipelineStateMap.removePipeline(PipelineStateMap.java:322)
	at org.apache.hadoop.hdds.scm.pipeline.PipelineStateManager.removePipeline(PipelineStateManager.java:107)
	at org.apache.hadoop.hdds.scm.pipeline.SCMPipelineManager.removePipeline(SCMPipelineManager.java:423)
	at org.apache.hadoop.hdds.scm.pipeline.SCMPipelineManager.destroyPipeline(SCMPipelineManager.java:409)
	at org.apache.hadoop.hdds.scm.pipeline.SCMPipelineManager.lambda$finalizeAndDestroyPipeline$0(SCMPipelineManager.java:318)
	at org.apache.hadoop.utils.Scheduler.lambda$schedule$1(Scheduler.java:68)
	at java.util.concurrent.Executors$RunnableAdapter.call(Executors.java:511)
	at java.util.concurrent.FutureTask.run(FutureTask.java:266)
	at java.util.concurrent.ScheduledThreadPoolExecutor$ScheduledFutureTask.access$201(ScheduledThreadPoolExecutor.java:180)
	at java.util.concurrent.ScheduledThreadPoolExecutor$ScheduledFutureTask.run(ScheduledThreadPoolExecutor.java:293)
	at java.util.concurrent.ThreadPoolExecutor.runWorker(ThreadPoolExecutor.java:1149)
	at java.util.concurrent.ThreadPoolExecutor$Worker.run(ThreadPoolExecutor.java:624)
	at java.lang.Thread.run(Thread.java:748)
2019-09-18 17:27:24,066 [java.util.concurrent.ThreadPoolExecutor$Worker@30c21f86[State = -1, empty queue]] WARN  server.GrpcLogAppender (GrpcLogAppender.java:timeoutAppendRequest(200)) - f1d6cbd0-cc55-4a8c-aff9-0f6c18a578e9@group-4F90601D4E02->3f36f173-4656-4d5a-831c-b6782f9f5ad2-GrpcLogAppender: appendEntries Timeout, request=f1d6cbd0-cc55-4a8c-aff9-0f6c18a578e9->3f36f173-4656-4d5a-831c-b6782f9f5ad2#102-t2, previous=(t:2, i:13), leaderCommit=10, initializing? false, entries: <empty>
2019-09-18 17:27:24,066 [java.util.concurrent.ThreadPoolExecutor$Worker@6cb5db01[State = -1, empty queue]] WARN  server.GrpcLogAppender (GrpcLogAppender.java:timeoutAppendRequest(200)) - f1d6cbd0-cc55-4a8c-aff9-0f6c18a578e9@group-4F90601D4E02->befaacb7-99cd-4d87-819a-d941cb77279d-GrpcLogAppender: appendEntries Timeout, request=f1d6cbd0-cc55-4a8c-aff9-0f6c18a578e9->befaacb7-99cd-4d87-819a-d941cb77279d#102-t2, previous=(t:2, i:13), leaderCommit=10, initializing? false, entries: <empty>
2019-09-18 17:27:24,583 [grpc-default-executor-7] INFO  impl.RaftServerProxy (RaftServerProxy.java:remove(95)) - 35e8f602-e85b-40b3-a2e8-9c7f2541a1dc: remove group-A8CC8E72DEEA:null
2019-09-18 17:27:24,586 [RatisPipelineUtilsThread] WARN  pipeline.RatisPipelineUtils (RatisPipelineUtils.java:destroyPipeline(66)) - Pipeline destroy failed for pipeline=PipelineID=0865e9aa-3ec9-41d2-a431-a8cc8e72deea dn=35e8f602-e85b-40b3-a2e8-9c7f2541a1dc{ip: 192.168.151.122, host: pr-hdds-2121-ltkqc-3926781246, networkLocation: /default-rack, certSerialId: null}
2019-09-18 17:27:24,590 [grpc-default-executor-7] INFO  impl.RaftServerProxy (RaftServerProxy.java:remove(95)) - 60c95f10-37ee-49eb-b84e-63ada232a784: remove group-A8CC8E72DEEA:null
2019-09-18 17:27:24,592 [RatisPipelineUtilsThread] WARN  pipeline.RatisPipelineUtils (RatisPipelineUtils.java:destroyPipeline(66)) - Pipeline destroy failed for pipeline=PipelineID=0865e9aa-3ec9-41d2-a431-a8cc8e72deea dn=60c95f10-37ee-49eb-b84e-63ada232a784{ip: 192.168.151.122, host: pr-hdds-2121-ltkqc-3926781246, networkLocation: /default-rack, certSerialId: null}
2019-09-18 17:27:24,596 [grpc-default-executor-7] INFO  impl.RaftServerProxy (RaftServerProxy.java:remove(95)) - 7ce2171e-d7bb-488f-b53c-71f230bd4ba7: remove group-A8CC8E72DEEA:null
2019-09-18 17:27:24,598 [RatisPipelineUtilsThread] WARN  pipeline.RatisPipelineUtils (RatisPipelineUtils.java:destroyPipeline(66)) - Pipeline destroy failed for pipeline=PipelineID=0865e9aa-3ec9-41d2-a431-a8cc8e72deea dn=7ce2171e-d7bb-488f-b53c-71f230bd4ba7{ip: 192.168.151.122, host: pr-hdds-2121-ltkqc-3926781246, networkLocation: /default-rack, certSerialId: null}
2019-09-18 17:27:24,599 [RatisPipelineUtilsThread] ERROR pipeline.SCMPipelineManager (Scheduler.java:lambda$schedule$1(70)) - Destroy pipeline failed for pipeline:Pipeline[ Id: 0865e9aa-3ec9-41d2-a431-a8cc8e72deea, Nodes: 35e8f602-e85b-40b3-a2e8-9c7f2541a1dc{ip: 192.168.151.122, host: pr-hdds-2121-ltkqc-3926781246, networkLocation: /default-rack, certSerialId: null}60c95f10-37ee-49eb-b84e-63ada232a784{ip: 192.168.151.122, host: pr-hdds-2121-ltkqc-3926781246, networkLocation: /default-rack, certSerialId: null}7ce2171e-d7bb-488f-b53c-71f230bd4ba7{ip: 192.168.151.122, host: pr-hdds-2121-ltkqc-3926781246, networkLocation: /default-rack, certSerialId: null}, Type:RATIS, Factor:THREE, State:CLOSED]
org.apache.hadoop.hdds.scm.pipeline.PipelineNotFoundException: PipelineID=0865e9aa-3ec9-41d2-a431-a8cc8e72deea not found
	at org.apache.hadoop.hdds.scm.pipeline.PipelineStateMap.getPipeline(PipelineStateMap.java:132)
	at org.apache.hadoop.hdds.scm.pipeline.PipelineStateMap.removePipeline(PipelineStateMap.java:322)
	at org.apache.hadoop.hdds.scm.pipeline.PipelineStateManager.removePipeline(PipelineStateManager.java:107)
	at org.apache.hadoop.hdds.scm.pipeline.SCMPipelineManager.removePipeline(SCMPipelineManager.java:423)
	at org.apache.hadoop.hdds.scm.pipeline.SCMPipelineManager.destroyPipeline(SCMPipelineManager.java:409)
	at org.apache.hadoop.hdds.scm.pipeline.SCMPipelineManager.lambda$finalizeAndDestroyPipeline$0(SCMPipelineManager.java:318)
	at org.apache.hadoop.utils.Scheduler.lambda$schedule$1(Scheduler.java:68)
	at java.util.concurrent.Executors$RunnableAdapter.call(Executors.java:511)
	at java.util.concurrent.FutureTask.run(FutureTask.java:266)
	at java.util.concurrent.ScheduledThreadPoolExecutor$ScheduledFutureTask.access$201(ScheduledThreadPoolExecutor.java:180)
	at java.util.concurrent.ScheduledThreadPoolExecutor$ScheduledFutureTask.run(ScheduledThreadPoolExecutor.java:293)
	at java.util.concurrent.ThreadPoolExecutor.runWorker(ThreadPoolExecutor.java:1149)
	at java.util.concurrent.ThreadPoolExecutor$Worker.run(ThreadPoolExecutor.java:624)
	at java.lang.Thread.run(Thread.java:748)
2019-09-18 17:27:26,416 [grpc-default-executor-7] INFO  client.GrpcClientProtocolClient (GrpcClientProtocolClient.java:onNext(264)) - client-D63B3F3BC33D->befaacb7-99cd-4d87-819a-d941cb77279d: receive RaftClientReply:client-D63B3F3BC33D->befaacb7-99cd-4d87-819a-d941cb77279d@group-4F90601D4E02, cid=32, FAILED org.apache.ratis.protocol.NotLeaderException: Server befaacb7-99cd-4d87-819a-d941cb77279d@group-4F90601D4E02 is not the leader f1d6cbd0-cc55-4a8c-aff9-0f6c18a578e9:192.168.151.122:38812, logIndex=0, commits[befaacb7-99cd-4d87-819a-d941cb77279d:c10, f1d6cbd0-cc55-4a8c-aff9-0f6c18a578e9:c10, 3f36f173-4656-4d5a-831c-b6782f9f5ad2:c6]
2019-09-18 17:27:26,566 [java.util.concurrent.ThreadPoolExecutor$Worker@30c21f86[State = -1, empty queue]] WARN  server.GrpcLogAppender (GrpcLogAppender.java:timeoutAppendRequest(200)) - f1d6cbd0-cc55-4a8c-aff9-0f6c18a578e9@group-4F90601D4E02->3f36f173-4656-4d5a-831c-b6782f9f5ad2-GrpcLogAppender: appendEntries Timeout, request=f1d6cbd0-cc55-4a8c-aff9-0f6c18a578e9->3f36f173-4656-4d5a-831c-b6782f9f5ad2#103-t2, previous=(t:2, i:13), leaderCommit=10, initializing? false, entries: <empty>
2019-09-18 17:27:26,566 [java.util.concurrent.ThreadPoolExecutor$Worker@6cb5db01[State = -1, empty queue]] WARN  server.GrpcLogAppender (GrpcLogAppender.java:timeoutAppendRequest(200)) - f1d6cbd0-cc55-4a8c-aff9-0f6c18a578e9@group-4F90601D4E02->befaacb7-99cd-4d87-819a-d941cb77279d-GrpcLogAppender: appendEntries Timeout, request=f1d6cbd0-cc55-4a8c-aff9-0f6c18a578e9->befaacb7-99cd-4d87-819a-d941cb77279d#103-t2, previous=(t:2, i:13), leaderCommit=10, initializing? false, entries: <empty>
2019-09-18 17:27:27,584 [grpc-default-executor-7] INFO  impl.RaftServerProxy (RaftServerProxy.java:remove(95)) - 35e8f602-e85b-40b3-a2e8-9c7f2541a1dc: remove group-A8CC8E72DEEA:null
2019-09-18 17:27:27,586 [RatisPipelineUtilsThread] WARN  pipeline.RatisPipelineUtils (RatisPipelineUtils.java:destroyPipeline(66)) - Pipeline destroy failed for pipeline=PipelineID=0865e9aa-3ec9-41d2-a431-a8cc8e72deea dn=35e8f602-e85b-40b3-a2e8-9c7f2541a1dc{ip: 192.168.151.122, host: pr-hdds-2121-ltkqc-3926781246, networkLocation: /default-rack, certSerialId: null}
2019-09-18 17:27:27,589 [grpc-default-executor-7] INFO  impl.RaftServerProxy (RaftServerProxy.java:remove(95)) - 60c95f10-37ee-49eb-b84e-63ada232a784: remove group-A8CC8E72DEEA:null
2019-09-18 17:27:27,591 [RatisPipelineUtilsThread] WARN  pipeline.RatisPipelineUtils (RatisPipelineUtils.java:destroyPipeline(66)) - Pipeline destroy failed for pipeline=PipelineID=0865e9aa-3ec9-41d2-a431-a8cc8e72deea dn=60c95f10-37ee-49eb-b84e-63ada232a784{ip: 192.168.151.122, host: pr-hdds-2121-ltkqc-3926781246, networkLocation: /default-rack, certSerialId: null}
2019-09-18 17:27:27,594 [grpc-default-executor-7] INFO  impl.RaftServerProxy (RaftServerProxy.java:remove(95)) - 7ce2171e-d7bb-488f-b53c-71f230bd4ba7: remove group-A8CC8E72DEEA:null
2019-09-18 17:27:27,595 [RatisPipelineUtilsThread] WARN  pipeline.RatisPipelineUtils (RatisPipelineUtils.java:destroyPipeline(66)) - Pipeline destroy failed for pipeline=PipelineID=0865e9aa-3ec9-41d2-a431-a8cc8e72deea dn=7ce2171e-d7bb-488f-b53c-71f230bd4ba7{ip: 192.168.151.122, host: pr-hdds-2121-ltkqc-3926781246, networkLocation: /default-rack, certSerialId: null}
2019-09-18 17:27:27,595 [RatisPipelineUtilsThread] ERROR pipeline.SCMPipelineManager (Scheduler.java:lambda$schedule$1(70)) - Destroy pipeline failed for pipeline:Pipeline[ Id: 0865e9aa-3ec9-41d2-a431-a8cc8e72deea, Nodes: 35e8f602-e85b-40b3-a2e8-9c7f2541a1dc{ip: 192.168.151.122, host: pr-hdds-2121-ltkqc-3926781246, networkLocation: /default-rack, certSerialId: null}60c95f10-37ee-49eb-b84e-63ada232a784{ip: 192.168.151.122, host: pr-hdds-2121-ltkqc-3926781246, networkLocation: /default-rack, certSerialId: null}7ce2171e-d7bb-488f-b53c-71f230bd4ba7{ip: 192.168.151.122, host: pr-hdds-2121-ltkqc-3926781246, networkLocation: /default-rack, certSerialId: null}, Type:RATIS, Factor:THREE, State:CLOSED]
org.apache.hadoop.hdds.scm.pipeline.PipelineNotFoundException: PipelineID=0865e9aa-3ec9-41d2-a431-a8cc8e72deea not found
	at org.apache.hadoop.hdds.scm.pipeline.PipelineStateMap.getPipeline(PipelineStateMap.java:132)
	at org.apache.hadoop.hdds.scm.pipeline.PipelineStateMap.removePipeline(PipelineStateMap.java:322)
	at org.apache.hadoop.hdds.scm.pipeline.PipelineStateManager.removePipeline(PipelineStateManager.java:107)
	at org.apache.hadoop.hdds.scm.pipeline.SCMPipelineManager.removePipeline(SCMPipelineManager.java:423)
	at org.apache.hadoop.hdds.scm.pipeline.SCMPipelineManager.destroyPipeline(SCMPipelineManager.java:409)
	at org.apache.hadoop.hdds.scm.pipeline.SCMPipelineManager.lambda$finalizeAndDestroyPipeline$0(SCMPipelineManager.java:318)
	at org.apache.hadoop.utils.Scheduler.lambda$schedule$1(Scheduler.java:68)
	at java.util.concurrent.Executors$RunnableAdapter.call(Executors.java:511)
	at java.util.concurrent.FutureTask.run(FutureTask.java:266)
	at java.util.concurrent.ScheduledThreadPoolExecutor$ScheduledFutureTask.access$201(ScheduledThreadPoolExecutor.java:180)
	at java.util.concurrent.ScheduledThreadPoolExecutor$ScheduledFutureTask.run(ScheduledThreadPoolExecutor.java:293)
	at java.util.concurrent.ThreadPoolExecutor.runWorker(ThreadPoolExecutor.java:1149)
	at java.util.concurrent.ThreadPoolExecutor$Worker.run(ThreadPoolExecutor.java:624)
	at java.lang.Thread.run(Thread.java:748)
2019-09-18 17:27:29,066 [java.util.concurrent.ThreadPoolExecutor$Worker@30c21f86[State = -1, empty queue]] WARN  server.GrpcLogAppender (GrpcLogAppender.java:timeoutAppendRequest(200)) - f1d6cbd0-cc55-4a8c-aff9-0f6c18a578e9@group-4F90601D4E02->3f36f173-4656-4d5a-831c-b6782f9f5ad2-GrpcLogAppender: appendEntries Timeout, request=f1d6cbd0-cc55-4a8c-aff9-0f6c18a578e9->3f36f173-4656-4d5a-831c-b6782f9f5ad2#104-t2, previous=(t:2, i:13), leaderCommit=10, initializing? false, entries: <empty>
2019-09-18 17:27:29,066 [java.util.concurrent.ThreadPoolExecutor$Worker@6cb5db01[State = -1, empty queue]] WARN  server.GrpcLogAppender (GrpcLogAppender.java:timeoutAppendRequest(200)) - f1d6cbd0-cc55-4a8c-aff9-0f6c18a578e9@group-4F90601D4E02->befaacb7-99cd-4d87-819a-d941cb77279d-GrpcLogAppender: appendEntries Timeout, request=f1d6cbd0-cc55-4a8c-aff9-0f6c18a578e9->befaacb7-99cd-4d87-819a-d941cb77279d#104-t2, previous=(t:2, i:13), leaderCommit=10, initializing? false, entries: <empty>
2019-09-18 17:27:29,583 [grpc-default-executor-8] INFO  impl.RaftServerProxy (RaftServerProxy.java:remove(95)) - 35e8f602-e85b-40b3-a2e8-9c7f2541a1dc: remove group-A8CC8E72DEEA:null
2019-09-18 17:27:29,586 [RatisPipelineUtilsThread] WARN  pipeline.RatisPipelineUtils (RatisPipelineUtils.java:destroyPipeline(66)) - Pipeline destroy failed for pipeline=PipelineID=0865e9aa-3ec9-41d2-a431-a8cc8e72deea dn=35e8f602-e85b-40b3-a2e8-9c7f2541a1dc{ip: 192.168.151.122, host: pr-hdds-2121-ltkqc-3926781246, networkLocation: /default-rack, certSerialId: null}
2019-09-18 17:27:29,589 [grpc-default-executor-8] INFO  impl.RaftServerProxy (RaftServerProxy.java:remove(95)) - 60c95f10-37ee-49eb-b84e-63ada232a784: remove group-A8CC8E72DEEA:null
2019-09-18 17:27:29,591 [RatisPipelineUtilsThread] WARN  pipeline.RatisPipelineUtils (RatisPipelineUtils.java:destroyPipeline(66)) - Pipeline destroy failed for pipeline=PipelineID=0865e9aa-3ec9-41d2-a431-a8cc8e72deea dn=60c95f10-37ee-49eb-b84e-63ada232a784{ip: 192.168.151.122, host: pr-hdds-2121-ltkqc-3926781246, networkLocation: /default-rack, certSerialId: null}
2019-09-18 17:27:29,593 [grpc-default-executor-8] INFO  impl.RaftServerProxy (RaftServerProxy.java:remove(95)) - 7ce2171e-d7bb-488f-b53c-71f230bd4ba7: remove group-A8CC8E72DEEA:null
2019-09-18 17:27:29,595 [RatisPipelineUtilsThread] WARN  pipeline.RatisPipelineUtils (RatisPipelineUtils.java:destroyPipeline(66)) - Pipeline destroy failed for pipeline=PipelineID=0865e9aa-3ec9-41d2-a431-a8cc8e72deea dn=7ce2171e-d7bb-488f-b53c-71f230bd4ba7{ip: 192.168.151.122, host: pr-hdds-2121-ltkqc-3926781246, networkLocation: /default-rack, certSerialId: null}
2019-09-18 17:27:29,595 [RatisPipelineUtilsThread] ERROR pipeline.SCMPipelineManager (Scheduler.java:lambda$schedule$1(70)) - Destroy pipeline failed for pipeline:Pipeline[ Id: 0865e9aa-3ec9-41d2-a431-a8cc8e72deea, Nodes: 35e8f602-e85b-40b3-a2e8-9c7f2541a1dc{ip: 192.168.151.122, host: pr-hdds-2121-ltkqc-3926781246, networkLocation: /default-rack, certSerialId: null}60c95f10-37ee-49eb-b84e-63ada232a784{ip: 192.168.151.122, host: pr-hdds-2121-ltkqc-3926781246, networkLocation: /default-rack, certSerialId: null}7ce2171e-d7bb-488f-b53c-71f230bd4ba7{ip: 192.168.151.122, host: pr-hdds-2121-ltkqc-3926781246, networkLocation: /default-rack, certSerialId: null}, Type:RATIS, Factor:THREE, State:CLOSED]
org.apache.hadoop.hdds.scm.pipeline.PipelineNotFoundException: PipelineID=0865e9aa-3ec9-41d2-a431-a8cc8e72deea not found
	at org.apache.hadoop.hdds.scm.pipeline.PipelineStateMap.getPipeline(PipelineStateMap.java:132)
	at org.apache.hadoop.hdds.scm.pipeline.PipelineStateMap.removePipeline(PipelineStateMap.java:322)
	at org.apache.hadoop.hdds.scm.pipeline.PipelineStateManager.removePipeline(PipelineStateManager.java:107)
	at org.apache.hadoop.hdds.scm.pipeline.SCMPipelineManager.removePipeline(SCMPipelineManager.java:423)
	at org.apache.hadoop.hdds.scm.pipeline.SCMPipelineManager.destroyPipeline(SCMPipelineManager.java:409)
	at org.apache.hadoop.hdds.scm.pipeline.SCMPipelineManager.lambda$finalizeAndDestroyPipeline$0(SCMPipelineManager.java:318)
	at org.apache.hadoop.utils.Scheduler.lambda$schedule$1(Scheduler.java:68)
	at java.util.concurrent.Executors$RunnableAdapter.call(Executors.java:511)
	at java.util.concurrent.FutureTask.run(FutureTask.java:266)
	at java.util.concurrent.ScheduledThreadPoolExecutor$ScheduledFutureTask.access$201(ScheduledThreadPoolExecutor.java:180)
	at java.util.concurrent.ScheduledThreadPoolExecutor$ScheduledFutureTask.run(ScheduledThreadPoolExecutor.java:293)
	at java.util.concurrent.ThreadPoolExecutor.runWorker(ThreadPoolExecutor.java:1149)
	at java.util.concurrent.ThreadPoolExecutor$Worker.run(ThreadPoolExecutor.java:624)
	at java.lang.Thread.run(Thread.java:748)
2019-09-18 17:27:31,162 [befaacb7-99cd-4d87-819a-d941cb77279d@group-4F90601D4E02-SegmentedRaftLogWorker] WARN  segmented.SegmentedRaftLogWorker (SegmentedRaftLogWorker.java:getFromFuture(90)) - Timeout 4/~
org.apache.ratis.protocol.TimeoutIOException: Timeout 10s: WriteLog:12: (t:2, i:12), STATEMACHINELOGENTRY, client-D63B3F3BC33D, cid=33-writeStateMachineData
	at org.apache.ratis.util.IOUtils.getFromFuture(IOUtils.java:87)
	at org.apache.ratis.server.raftlog.segmented.SegmentedRaftLogWorker$StateMachineDataPolicy.getFromFuture(SegmentedRaftLogWorker.java:87)
	at org.apache.ratis.server.raftlog.segmented.SegmentedRaftLogWorker$WriteLog.execute(SegmentedRaftLogWorker.java:477)
	at org.apache.ratis.server.raftlog.segmented.SegmentedRaftLogWorker.run(SegmentedRaftLogWorker.java:289)
	at java.lang.Thread.run(Thread.java:748)
Caused by: java.util.concurrent.TimeoutException
	at java.util.concurrent.CompletableFuture.timedGet(CompletableFuture.java:1771)
	at java.util.concurrent.CompletableFuture.get(CompletableFuture.java:1915)
	at org.apache.ratis.util.IOUtils.getFromFuture(IOUtils.java:79)
	... 4 more
2019-09-18 17:27:31,162 [f1d6cbd0-cc55-4a8c-aff9-0f6c18a578e9@group-4F90601D4E02-SegmentedRaftLogWorker] WARN  segmented.SegmentedRaftLogWorker (SegmentedRaftLogWorker.java:getFromFuture(90)) - Timeout 4/~
org.apache.ratis.protocol.TimeoutIOException: Timeout 10s: WriteLog:12: (t:2, i:12), STATEMACHINELOGENTRY, client-D63B3F3BC33D, cid=33-writeStateMachineData
	at org.apache.ratis.util.IOUtils.getFromFuture(IOUtils.java:87)
	at org.apache.ratis.server.raftlog.segmented.SegmentedRaftLogWorker$StateMachineDataPolicy.getFromFuture(SegmentedRaftLogWorker.java:87)
	at org.apache.ratis.server.raftlog.segmented.SegmentedRaftLogWorker$WriteLog.execute(SegmentedRaftLogWorker.java:477)
	at org.apache.ratis.server.raftlog.segmented.SegmentedRaftLogWorker.run(SegmentedRaftLogWorker.java:289)
	at java.lang.Thread.run(Thread.java:748)
Caused by: java.util.concurrent.TimeoutException
	at java.util.concurrent.CompletableFuture.timedGet(CompletableFuture.java:1771)
	at java.util.concurrent.CompletableFuture.get(CompletableFuture.java:1915)
	at org.apache.ratis.util.IOUtils.getFromFuture(IOUtils.java:79)
	... 4 more
2019-09-18 17:27:31,162 [3f36f173-4656-4d5a-831c-b6782f9f5ad2@group-4F90601D4E02-SegmentedRaftLogWorker] WARN  segmented.SegmentedRaftLogWorker (SegmentedRaftLogWorker.java:getFromFuture(90)) - Timeout 4/~
org.apache.ratis.protocol.TimeoutIOException: Timeout 10s: WriteLog:12: (t:2, i:12), STATEMACHINELOGENTRY, client-D63B3F3BC33D, cid=33-writeStateMachineData
	at org.apache.ratis.util.IOUtils.getFromFuture(IOUtils.java:87)
	at org.apache.ratis.server.raftlog.segmented.SegmentedRaftLogWorker$StateMachineDataPolicy.getFromFuture(SegmentedRaftLogWorker.java:87)
	at org.apache.ratis.server.raftlog.segmented.SegmentedRaftLogWorker$WriteLog.execute(SegmentedRaftLogWorker.java:477)
	at org.apache.ratis.server.raftlog.segmented.SegmentedRaftLogWorker.run(SegmentedRaftLogWorker.java:289)
	at java.lang.Thread.run(Thread.java:748)
Caused by: java.util.concurrent.TimeoutException
	at java.util.concurrent.CompletableFuture.timedGet(CompletableFuture.java:1771)
	at java.util.concurrent.CompletableFuture.get(CompletableFuture.java:1915)
	at org.apache.ratis.util.IOUtils.getFromFuture(IOUtils.java:79)
	... 4 more
2019-09-18 17:27:31,448 [grpc-default-executor-8] INFO  client.GrpcClientProtocolClient (GrpcClientProtocolClient.java:onNext(264)) - client-D63B3F3BC33D->befaacb7-99cd-4d87-819a-d941cb77279d: receive RaftClientReply:client-D63B3F3BC33D->befaacb7-99cd-4d87-819a-d941cb77279d@group-4F90601D4E02, cid=32, FAILED org.apache.ratis.protocol.NotLeaderException: Server befaacb7-99cd-4d87-819a-d941cb77279d@group-4F90601D4E02 is not the leader f1d6cbd0-cc55-4a8c-aff9-0f6c18a578e9:192.168.151.122:38812, logIndex=0, commits[befaacb7-99cd-4d87-819a-d941cb77279d:c10, f1d6cbd0-cc55-4a8c-aff9-0f6c18a578e9:c10, 3f36f173-4656-4d5a-831c-b6782f9f5ad2:c6]
2019-09-18 17:27:31,567 [java.util.concurrent.ThreadPoolExecutor$Worker@6cb5db01[State = -1, empty queue]] WARN  server.GrpcLogAppender (GrpcLogAppender.java:timeoutAppendRequest(200)) - f1d6cbd0-cc55-4a8c-aff9-0f6c18a578e9@group-4F90601D4E02->befaacb7-99cd-4d87-819a-d941cb77279d-GrpcLogAppender: appendEntries Timeout, request=f1d6cbd0-cc55-4a8c-aff9-0f6c18a578e9->befaacb7-99cd-4d87-819a-d941cb77279d#105-t2, previous=(t:2, i:13), leaderCommit=10, initializing? false, entries: <empty>
2019-09-18 17:27:31,567 [java.util.concurrent.ThreadPoolExecutor$Worker@30c21f86[State = -1, empty queue]] WARN  server.GrpcLogAppender (GrpcLogAppender.java:timeoutAppendRequest(200)) - f1d6cbd0-cc55-4a8c-aff9-0f6c18a578e9@group-4F90601D4E02->3f36f173-4656-4d5a-831c-b6782f9f5ad2-GrpcLogAppender: appendEntries Timeout, request=f1d6cbd0-cc55-4a8c-aff9-0f6c18a578e9->3f36f173-4656-4d5a-831c-b6782f9f5ad2#105-t2, previous=(t:2, i:13), leaderCommit=10, initializing? false, entries: <empty>
2019-09-18 17:27:32,584 [grpc-default-executor-8] INFO  impl.RaftServerProxy (RaftServerProxy.java:remove(95)) - 35e8f602-e85b-40b3-a2e8-9c7f2541a1dc: remove group-A8CC8E72DEEA:null
2019-09-18 17:27:32,586 [RatisPipelineUtilsThread] WARN  pipeline.RatisPipelineUtils (RatisPipelineUtils.java:destroyPipeline(66)) - Pipeline destroy failed for pipeline=PipelineID=0865e9aa-3ec9-41d2-a431-a8cc8e72deea dn=35e8f602-e85b-40b3-a2e8-9c7f2541a1dc{ip: 192.168.151.122, host: pr-hdds-2121-ltkqc-3926781246, networkLocation: /default-rack, certSerialId: null}
2019-09-18 17:27:32,591 [grpc-default-executor-8] INFO  impl.RaftServerProxy (RaftServerProxy.java:remove(95)) - 60c95f10-37ee-49eb-b84e-63ada232a784: remove group-A8CC8E72DEEA:null
2019-09-18 17:27:32,594 [RatisPipelineUtilsThread] WARN  pipeline.RatisPipelineUtils (RatisPipelineUtils.java:destroyPipeline(66)) - Pipeline destroy failed for pipeline=PipelineID=0865e9aa-3ec9-41d2-a431-a8cc8e72deea dn=60c95f10-37ee-49eb-b84e-63ada232a784{ip: 192.168.151.122, host: pr-hdds-2121-ltkqc-3926781246, networkLocation: /default-rack, certSerialId: null}
2019-09-18 17:27:32,607 [grpc-default-executor-8] INFO  impl.RaftServerProxy (RaftServerProxy.java:remove(95)) - 7ce2171e-d7bb-488f-b53c-71f230bd4ba7: remove group-A8CC8E72DEEA:null
2019-09-18 17:27:32,609 [RatisPipelineUtilsThread] WARN  pipeline.RatisPipelineUtils (RatisPipelineUtils.java:destroyPipeline(66)) - Pipeline destroy failed for pipeline=PipelineID=0865e9aa-3ec9-41d2-a431-a8cc8e72deea dn=7ce2171e-d7bb-488f-b53c-71f230bd4ba7{ip: 192.168.151.122, host: pr-hdds-2121-ltkqc-3926781246, networkLocation: /default-rack, certSerialId: null}
2019-09-18 17:27:32,609 [RatisPipelineUtilsThread] ERROR pipeline.SCMPipelineManager (Scheduler.java:lambda$schedule$1(70)) - Destroy pipeline failed for pipeline:Pipeline[ Id: 0865e9aa-3ec9-41d2-a431-a8cc8e72deea, Nodes: 35e8f602-e85b-40b3-a2e8-9c7f2541a1dc{ip: 192.168.151.122, host: pr-hdds-2121-ltkqc-3926781246, networkLocation: /default-rack, certSerialId: null}60c95f10-37ee-49eb-b84e-63ada232a784{ip: 192.168.151.122, host: pr-hdds-2121-ltkqc-3926781246, networkLocation: /default-rack, certSerialId: null}7ce2171e-d7bb-488f-b53c-71f230bd4ba7{ip: 192.168.151.122, host: pr-hdds-2121-ltkqc-3926781246, networkLocation: /default-rack, certSerialId: null}, Type:RATIS, Factor:THREE, State:CLOSED]
org.apache.hadoop.hdds.scm.pipeline.PipelineNotFoundException: PipelineID=0865e9aa-3ec9-41d2-a431-a8cc8e72deea not found
	at org.apache.hadoop.hdds.scm.pipeline.PipelineStateMap.getPipeline(PipelineStateMap.java:132)
	at org.apache.hadoop.hdds.scm.pipeline.PipelineStateMap.removePipeline(PipelineStateMap.java:322)
	at org.apache.hadoop.hdds.scm.pipeline.PipelineStateManager.removePipeline(PipelineStateManager.java:107)
	at org.apache.hadoop.hdds.scm.pipeline.SCMPipelineManager.removePipeline(SCMPipelineManager.java:423)
	at org.apache.hadoop.hdds.scm.pipeline.SCMPipelineManager.destroyPipeline(SCMPipelineManager.java:409)
	at org.apache.hadoop.hdds.scm.pipeline.SCMPipelineManager.lambda$finalizeAndDestroyPipeline$0(SCMPipelineManager.java:318)
	at org.apache.hadoop.utils.Scheduler.lambda$schedule$1(Scheduler.java:68)
	at java.util.concurrent.Executors$RunnableAdapter.call(Executors.java:511)
	at java.util.concurrent.FutureTask.run(FutureTask.java:266)
	at java.util.concurrent.ScheduledThreadPoolExecutor$ScheduledFutureTask.access$201(ScheduledThreadPoolExecutor.java:180)
	at java.util.concurrent.ScheduledThreadPoolExecutor$ScheduledFutureTask.run(ScheduledThreadPoolExecutor.java:293)
	at java.util.concurrent.ThreadPoolExecutor.runWorker(ThreadPoolExecutor.java:1149)
	at java.util.concurrent.ThreadPoolExecutor$Worker.run(ThreadPoolExecutor.java:624)
	at java.lang.Thread.run(Thread.java:748)
2019-09-18 17:27:34,067 [java.util.concurrent.ThreadPoolExecutor$Worker@6cb5db01[State = -1, empty queue]] WARN  server.GrpcLogAppender (GrpcLogAppender.java:timeoutAppendRequest(200)) - f1d6cbd0-cc55-4a8c-aff9-0f6c18a578e9@group-4F90601D4E02->befaacb7-99cd-4d87-819a-d941cb77279d-GrpcLogAppender: appendEntries Timeout, request=f1d6cbd0-cc55-4a8c-aff9-0f6c18a578e9->befaacb7-99cd-4d87-819a-d941cb77279d#106-t2, previous=(t:2, i:13), leaderCommit=10, initializing? false, entries: <empty>
2019-09-18 17:27:34,067 [java.util.concurrent.ThreadPoolExecutor$Worker@30c21f86[State = -1, empty queue]] WARN  server.GrpcLogAppender (GrpcLogAppender.java:timeoutAppendRequest(200)) - f1d6cbd0-cc55-4a8c-aff9-0f6c18a578e9@group-4F90601D4E02->3f36f173-4656-4d5a-831c-b6782f9f5ad2-GrpcLogAppender: appendEntries Timeout, request=f1d6cbd0-cc55-4a8c-aff9-0f6c18a578e9->3f36f173-4656-4d5a-831c-b6782f9f5ad2#106-t2, previous=(t:2, i:13), leaderCommit=10, initializing? false, entries: <empty>
2019-09-18 17:27:34,585 [grpc-default-executor-8] INFO  impl.RaftServerProxy (RaftServerProxy.java:remove(95)) - 35e8f602-e85b-40b3-a2e8-9c7f2541a1dc: remove group-A8CC8E72DEEA:null
2019-09-18 17:27:34,587 [RatisPipelineUtilsThread] WARN  pipeline.RatisPipelineUtils (RatisPipelineUtils.java:destroyPipeline(66)) - Pipeline destroy failed for pipeline=PipelineID=0865e9aa-3ec9-41d2-a431-a8cc8e72deea dn=35e8f602-e85b-40b3-a2e8-9c7f2541a1dc{ip: 192.168.151.122, host: pr-hdds-2121-ltkqc-3926781246, networkLocation: /default-rack, certSerialId: null}
2019-09-18 17:27:34,590 [grpc-default-executor-8] INFO  impl.RaftServerProxy (RaftServerProxy.java:remove(95)) - 60c95f10-37ee-49eb-b84e-63ada232a784: remove group-A8CC8E72DEEA:null
2019-09-18 17:27:34,592 [RatisPipelineUtilsThread] WARN  pipeline.RatisPipelineUtils (RatisPipelineUtils.java:destroyPipeline(66)) - Pipeline destroy failed for pipeline=PipelineID=0865e9aa-3ec9-41d2-a431-a8cc8e72deea dn=60c95f10-37ee-49eb-b84e-63ada232a784{ip: 192.168.151.122, host: pr-hdds-2121-ltkqc-3926781246, networkLocation: /default-rack, certSerialId: null}
2019-09-18 17:27:34,594 [grpc-default-executor-8] INFO  impl.RaftServerProxy (RaftServerProxy.java:remove(95)) - 7ce2171e-d7bb-488f-b53c-71f230bd4ba7: remove group-A8CC8E72DEEA:null
2019-09-18 17:27:34,596 [RatisPipelineUtilsThread] WARN  pipeline.RatisPipelineUtils (RatisPipelineUtils.java:destroyPipeline(66)) - Pipeline destroy failed for pipeline=PipelineID=0865e9aa-3ec9-41d2-a431-a8cc8e72deea dn=7ce2171e-d7bb-488f-b53c-71f230bd4ba7{ip: 192.168.151.122, host: pr-hdds-2121-ltkqc-3926781246, networkLocation: /default-rack, certSerialId: null}
2019-09-18 17:27:34,597 [RatisPipelineUtilsThread] ERROR pipeline.SCMPipelineManager (Scheduler.java:lambda$schedule$1(70)) - Destroy pipeline failed for pipeline:Pipeline[ Id: 0865e9aa-3ec9-41d2-a431-a8cc8e72deea, Nodes: 35e8f602-e85b-40b3-a2e8-9c7f2541a1dc{ip: 192.168.151.122, host: pr-hdds-2121-ltkqc-3926781246, networkLocation: /default-rack, certSerialId: null}60c95f10-37ee-49eb-b84e-63ada232a784{ip: 192.168.151.122, host: pr-hdds-2121-ltkqc-3926781246, networkLocation: /default-rack, certSerialId: null}7ce2171e-d7bb-488f-b53c-71f230bd4ba7{ip: 192.168.151.122, host: pr-hdds-2121-ltkqc-3926781246, networkLocation: /default-rack, certSerialId: null}, Type:RATIS, Factor:THREE, State:CLOSED]
org.apache.hadoop.hdds.scm.pipeline.PipelineNotFoundException: PipelineID=0865e9aa-3ec9-41d2-a431-a8cc8e72deea not found
	at org.apache.hadoop.hdds.scm.pipeline.PipelineStateMap.getPipeline(PipelineStateMap.java:132)
	at org.apache.hadoop.hdds.scm.pipeline.PipelineStateMap.removePipeline(PipelineStateMap.java:322)
	at org.apache.hadoop.hdds.scm.pipeline.PipelineStateManager.removePipeline(PipelineStateManager.java:107)
	at org.apache.hadoop.hdds.scm.pipeline.SCMPipelineManager.removePipeline(SCMPipelineManager.java:423)
	at org.apache.hadoop.hdds.scm.pipeline.SCMPipelineManager.destroyPipeline(SCMPipelineManager.java:409)
	at org.apache.hadoop.hdds.scm.pipeline.SCMPipelineManager.lambda$finalizeAndDestroyPipeline$0(SCMPipelineManager.java:318)
	at org.apache.hadoop.utils.Scheduler.lambda$schedule$1(Scheduler.java:68)
	at java.util.concurrent.Executors$RunnableAdapter.call(Executors.java:511)
	at java.util.concurrent.FutureTask.run(FutureTask.java:266)
	at java.util.concurrent.ScheduledThreadPoolExecutor$ScheduledFutureTask.access$201(ScheduledThreadPoolExecutor.java:180)
	at java.util.concurrent.ScheduledThreadPoolExecutor$ScheduledFutureTask.run(ScheduledThreadPoolExecutor.java:293)
	at java.util.concurrent.ThreadPoolExecutor.runWorker(ThreadPoolExecutor.java:1149)
	at java.util.concurrent.ThreadPoolExecutor$Worker.run(ThreadPoolExecutor.java:624)
	at java.lang.Thread.run(Thread.java:748)
2019-09-18 17:27:36,476 [grpc-default-executor-6] INFO  client.GrpcClientProtocolClient (GrpcClientProtocolClient.java:onNext(264)) - client-D63B3F3BC33D->3f36f173-4656-4d5a-831c-b6782f9f5ad2: receive RaftClientReply:client-D63B3F3BC33D->3f36f173-4656-4d5a-831c-b6782f9f5ad2@group-4F90601D4E02, cid=32, FAILED org.apache.ratis.protocol.NotLeaderException: Server 3f36f173-4656-4d5a-831c-b6782f9f5ad2@group-4F90601D4E02 is not the leader f1d6cbd0-cc55-4a8c-aff9-0f6c18a578e9:192.168.151.122:38812, logIndex=0, commits[3f36f173-4656-4d5a-831c-b6782f9f5ad2:c10, f1d6cbd0-cc55-4a8c-aff9-0f6c18a578e9:c10, befaacb7-99cd-4d87-819a-d941cb77279d:c6]
2019-09-18 17:27:36,567 [java.util.concurrent.ThreadPoolExecutor$Worker@6cb5db01[State = -1, empty queue]] WARN  server.GrpcLogAppender (GrpcLogAppender.java:timeoutAppendRequest(200)) - f1d6cbd0-cc55-4a8c-aff9-0f6c18a578e9@group-4F90601D4E02->befaacb7-99cd-4d87-819a-d941cb77279d-GrpcLogAppender: appendEntries Timeout, request=f1d6cbd0-cc55-4a8c-aff9-0f6c18a578e9->befaacb7-99cd-4d87-819a-d941cb77279d#107-t2, previous=(t:2, i:13), leaderCommit=10, initializing? false, entries: <empty>
2019-09-18 17:27:36,567 [java.util.concurrent.ThreadPoolExecutor$Worker@30c21f86[State = -1, empty queue]] WARN  server.GrpcLogAppender (GrpcLogAppender.java:timeoutAppendRequest(200)) - f1d6cbd0-cc55-4a8c-aff9-0f6c18a578e9@group-4F90601D4E02->3f36f173-4656-4d5a-831c-b6782f9f5ad2-GrpcLogAppender: appendEntries Timeout, request=f1d6cbd0-cc55-4a8c-aff9-0f6c18a578e9->3f36f173-4656-4d5a-831c-b6782f9f5ad2#107-t2, previous=(t:2, i:13), leaderCommit=10, initializing? false, entries: <empty>
2019-09-18 17:27:37,586 [grpc-default-executor-7] INFO  impl.RaftServerProxy (RaftServerProxy.java:remove(95)) - 35e8f602-e85b-40b3-a2e8-9c7f2541a1dc: remove group-A8CC8E72DEEA:null
2019-09-18 17:27:37,589 [RatisPipelineUtilsThread] WARN  pipeline.RatisPipelineUtils (RatisPipelineUtils.java:destroyPipeline(66)) - Pipeline destroy failed for pipeline=PipelineID=0865e9aa-3ec9-41d2-a431-a8cc8e72deea dn=35e8f602-e85b-40b3-a2e8-9c7f2541a1dc{ip: 192.168.151.122, host: pr-hdds-2121-ltkqc-3926781246, networkLocation: /default-rack, certSerialId: null}
2019-09-18 17:27:37,593 [grpc-default-executor-7] INFO  impl.RaftServerProxy (RaftServerProxy.java:remove(95)) - 60c95f10-37ee-49eb-b84e-63ada232a784: remove group-A8CC8E72DEEA:null
2019-09-18 17:27:37,596 [RatisPipelineUtilsThread] WARN  pipeline.RatisPipelineUtils (RatisPipelineUtils.java:destroyPipeline(66)) - Pipeline destroy failed for pipeline=PipelineID=0865e9aa-3ec9-41d2-a431-a8cc8e72deea dn=60c95f10-37ee-49eb-b84e-63ada232a784{ip: 192.168.151.122, host: pr-hdds-2121-ltkqc-3926781246, networkLocation: /default-rack, certSerialId: null}
2019-09-18 17:27:37,599 [grpc-default-executor-7] INFO  impl.RaftServerProxy (RaftServerProxy.java:remove(95)) - 7ce2171e-d7bb-488f-b53c-71f230bd4ba7: remove group-A8CC8E72DEEA:null
2019-09-18 17:27:37,601 [RatisPipelineUtilsThread] WARN  pipeline.RatisPipelineUtils (RatisPipelineUtils.java:destroyPipeline(66)) - Pipeline destroy failed for pipeline=PipelineID=0865e9aa-3ec9-41d2-a431-a8cc8e72deea dn=7ce2171e-d7bb-488f-b53c-71f230bd4ba7{ip: 192.168.151.122, host: pr-hdds-2121-ltkqc-3926781246, networkLocation: /default-rack, certSerialId: null}
2019-09-18 17:27:37,602 [RatisPipelineUtilsThread] ERROR pipeline.SCMPipelineManager (Scheduler.java:lambda$schedule$1(70)) - Destroy pipeline failed for pipeline:Pipeline[ Id: 0865e9aa-3ec9-41d2-a431-a8cc8e72deea, Nodes: 35e8f602-e85b-40b3-a2e8-9c7f2541a1dc{ip: 192.168.151.122, host: pr-hdds-2121-ltkqc-3926781246, networkLocation: /default-rack, certSerialId: null}60c95f10-37ee-49eb-b84e-63ada232a784{ip: 192.168.151.122, host: pr-hdds-2121-ltkqc-3926781246, networkLocation: /default-rack, certSerialId: null}7ce2171e-d7bb-488f-b53c-71f230bd4ba7{ip: 192.168.151.122, host: pr-hdds-2121-ltkqc-3926781246, networkLocation: /default-rack, certSerialId: null}, Type:RATIS, Factor:THREE, State:CLOSED]
org.apache.hadoop.hdds.scm.pipeline.PipelineNotFoundException: PipelineID=0865e9aa-3ec9-41d2-a431-a8cc8e72deea not found
	at org.apache.hadoop.hdds.scm.pipeline.PipelineStateMap.getPipeline(PipelineStateMap.java:132)
	at org.apache.hadoop.hdds.scm.pipeline.PipelineStateMap.removePipeline(PipelineStateMap.java:322)
	at org.apache.hadoop.hdds.scm.pipeline.PipelineStateManager.removePipeline(PipelineStateManager.java:107)
	at org.apache.hadoop.hdds.scm.pipeline.SCMPipelineManager.removePipeline(SCMPipelineManager.java:423)
	at org.apache.hadoop.hdds.scm.pipeline.SCMPipelineManager.destroyPipeline(SCMPipelineManager.java:409)
	at org.apache.hadoop.hdds.scm.pipeline.SCMPipelineManager.lambda$finalizeAndDestroyPipeline$0(SCMPipelineManager.java:318)
	at org.apache.hadoop.utils.Scheduler.lambda$schedule$1(Scheduler.java:68)
	at java.util.concurrent.Executors$RunnableAdapter.call(Executors.java:511)
	at java.util.concurrent.FutureTask.run(FutureTask.java:266)
	at java.util.concurrent.ScheduledThreadPoolExecutor$ScheduledFutureTask.access$201(ScheduledThreadPoolExecutor.java:180)
	at java.util.concurrent.ScheduledThreadPoolExecutor$ScheduledFutureTask.run(ScheduledThreadPoolExecutor.java:293)
	at java.util.concurrent.ThreadPoolExecutor.runWorker(ThreadPoolExecutor.java:1149)
	at java.util.concurrent.ThreadPoolExecutor$Worker.run(ThreadPoolExecutor.java:624)
	at java.lang.Thread.run(Thread.java:748)
2019-09-18 17:27:39,068 [java.util.concurrent.ThreadPoolExecutor$Worker@30c21f86[State = -1, empty queue]] WARN  server.GrpcLogAppender (GrpcLogAppender.java:timeoutAppendRequest(200)) - f1d6cbd0-cc55-4a8c-aff9-0f6c18a578e9@group-4F90601D4E02->3f36f173-4656-4d5a-831c-b6782f9f5ad2-GrpcLogAppender: appendEntries Timeout, request=f1d6cbd0-cc55-4a8c-aff9-0f6c18a578e9->3f36f173-4656-4d5a-831c-b6782f9f5ad2#108-t2, previous=(t:2, i:13), leaderCommit=10, initializing? false, entries: <empty>
2019-09-18 17:27:39,068 [java.util.concurrent.ThreadPoolExecutor$Worker@6cb5db01[State = -1, empty queue]] WARN  server.GrpcLogAppender (GrpcLogAppender.java:timeoutAppendRequest(200)) - f1d6cbd0-cc55-4a8c-aff9-0f6c18a578e9@group-4F90601D4E02->befaacb7-99cd-4d87-819a-d941cb77279d-GrpcLogAppender: appendEntries Timeout, request=f1d6cbd0-cc55-4a8c-aff9-0f6c18a578e9->befaacb7-99cd-4d87-819a-d941cb77279d#108-t2, previous=(t:2, i:13), leaderCommit=10, initializing? false, entries: <empty>
2019-09-18 17:27:39,586 [grpc-default-executor-7] INFO  impl.RaftServerProxy (RaftServerProxy.java:remove(95)) - 35e8f602-e85b-40b3-a2e8-9c7f2541a1dc: remove group-A8CC8E72DEEA:null
2019-09-18 17:27:39,588 [RatisPipelineUtilsThread] WARN  pipeline.RatisPipelineUtils (RatisPipelineUtils.java:destroyPipeline(66)) - Pipeline destroy failed for pipeline=PipelineID=0865e9aa-3ec9-41d2-a431-a8cc8e72deea dn=35e8f602-e85b-40b3-a2e8-9c7f2541a1dc{ip: 192.168.151.122, host: pr-hdds-2121-ltkqc-3926781246, networkLocation: /default-rack, certSerialId: null}
2019-09-18 17:27:39,589 [grpc-default-executor-7] INFO  impl.RaftServerProxy (RaftServerProxy.java:remove(95)) - 60c95f10-37ee-49eb-b84e-63ada232a784: remove group-A8CC8E72DEEA:null
2019-09-18 17:27:39,591 [RatisPipelineUtilsThread] WARN  pipeline.RatisPipelineUtils (RatisPipelineUtils.java:destroyPipeline(66)) - Pipeline destroy failed for pipeline=PipelineID=0865e9aa-3ec9-41d2-a431-a8cc8e72deea dn=60c95f10-37ee-49eb-b84e-63ada232a784{ip: 192.168.151.122, host: pr-hdds-2121-ltkqc-3926781246, networkLocation: /default-rack, certSerialId: null}
2019-09-18 17:27:39,593 [grpc-default-executor-7] INFO  impl.RaftServerProxy (RaftServerProxy.java:remove(95)) - 7ce2171e-d7bb-488f-b53c-71f230bd4ba7: remove group-A8CC8E72DEEA:null
2019-09-18 17:27:39,594 [RatisPipelineUtilsThread] WARN  pipeline.RatisPipelineUtils (RatisPipelineUtils.java:destroyPipeline(66)) - Pipeline destroy failed for pipeline=PipelineID=0865e9aa-3ec9-41d2-a431-a8cc8e72deea dn=7ce2171e-d7bb-488f-b53c-71f230bd4ba7{ip: 192.168.151.122, host: pr-hdds-2121-ltkqc-3926781246, networkLocation: /default-rack, certSerialId: null}
2019-09-18 17:27:39,595 [RatisPipelineUtilsThread] ERROR pipeline.SCMPipelineManager (Scheduler.java:lambda$schedule$1(70)) - Destroy pipeline failed for pipeline:Pipeline[ Id: 0865e9aa-3ec9-41d2-a431-a8cc8e72deea, Nodes: 35e8f602-e85b-40b3-a2e8-9c7f2541a1dc{ip: 192.168.151.122, host: pr-hdds-2121-ltkqc-3926781246, networkLocation: /default-rack, certSerialId: null}60c95f10-37ee-49eb-b84e-63ada232a784{ip: 192.168.151.122, host: pr-hdds-2121-ltkqc-3926781246, networkLocation: /default-rack, certSerialId: null}7ce2171e-d7bb-488f-b53c-71f230bd4ba7{ip: 192.168.151.122, host: pr-hdds-2121-ltkqc-3926781246, networkLocation: /default-rack, certSerialId: null}, Type:RATIS, Factor:THREE, State:CLOSED]
org.apache.hadoop.hdds.scm.pipeline.PipelineNotFoundException: PipelineID=0865e9aa-3ec9-41d2-a431-a8cc8e72deea not found
	at org.apache.hadoop.hdds.scm.pipeline.PipelineStateMap.getPipeline(PipelineStateMap.java:132)
	at org.apache.hadoop.hdds.scm.pipeline.PipelineStateMap.removePipeline(PipelineStateMap.java:322)
	at org.apache.hadoop.hdds.scm.pipeline.PipelineStateManager.removePipeline(PipelineStateManager.java:107)
	at org.apache.hadoop.hdds.scm.pipeline.SCMPipelineManager.removePipeline(SCMPipelineManager.java:423)
	at org.apache.hadoop.hdds.scm.pipeline.SCMPipelineManager.destroyPipeline(SCMPipelineManager.java:409)
	at org.apache.hadoop.hdds.scm.pipeline.SCMPipelineManager.lambda$finalizeAndDestroyPipeline$0(SCMPipelineManager.java:318)
	at org.apache.hadoop.utils.Scheduler.lambda$schedule$1(Scheduler.java:68)
	at java.util.concurrent.Executors$RunnableAdapter.call(Executors.java:511)
	at java.util.concurrent.FutureTask.run(FutureTask.java:266)
	at java.util.concurrent.ScheduledThreadPoolExecutor$ScheduledFutureTask.access$201(ScheduledThreadPoolExecutor.java:180)
	at java.util.concurrent.ScheduledThreadPoolExecutor$ScheduledFutureTask.run(ScheduledThreadPoolExecutor.java:293)
	at java.util.concurrent.ThreadPoolExecutor.runWorker(ThreadPoolExecutor.java:1149)
	at java.util.concurrent.ThreadPoolExecutor$Worker.run(ThreadPoolExecutor.java:624)
	at java.lang.Thread.run(Thread.java:748)
2019-09-18 17:27:41,163 [befaacb7-99cd-4d87-819a-d941cb77279d@group-4F90601D4E02-SegmentedRaftLogWorker] WARN  segmented.SegmentedRaftLogWorker (SegmentedRaftLogWorker.java:getFromFuture(90)) - Timeout 5/~
org.apache.ratis.protocol.TimeoutIOException: Timeout 10s: WriteLog:12: (t:2, i:12), STATEMACHINELOGENTRY, client-D63B3F3BC33D, cid=33-writeStateMachineData
	at org.apache.ratis.util.IOUtils.getFromFuture(IOUtils.java:87)
	at org.apache.ratis.server.raftlog.segmented.SegmentedRaftLogWorker$StateMachineDataPolicy.getFromFuture(SegmentedRaftLogWorker.java:87)
	at org.apache.ratis.server.raftlog.segmented.SegmentedRaftLogWorker$WriteLog.execute(SegmentedRaftLogWorker.java:477)
	at org.apache.ratis.server.raftlog.segmented.SegmentedRaftLogWorker.run(SegmentedRaftLogWorker.java:289)
	at java.lang.Thread.run(Thread.java:748)
Caused by: java.util.concurrent.TimeoutException
	at java.util.concurrent.CompletableFuture.timedGet(CompletableFuture.java:1771)
	at java.util.concurrent.CompletableFuture.get(CompletableFuture.java:1915)
	at org.apache.ratis.util.IOUtils.getFromFuture(IOUtils.java:79)
	... 4 more
2019-09-18 17:27:41,163 [f1d6cbd0-cc55-4a8c-aff9-0f6c18a578e9@group-4F90601D4E02-SegmentedRaftLogWorker] WARN  segmented.SegmentedRaftLogWorker (SegmentedRaftLogWorker.java:getFromFuture(90)) - Timeout 5/~
org.apache.ratis.protocol.TimeoutIOException: Timeout 10s: WriteLog:12: (t:2, i:12), STATEMACHINELOGENTRY, client-D63B3F3BC33D, cid=33-writeStateMachineData
	at org.apache.ratis.util.IOUtils.getFromFuture(IOUtils.java:87)
	at org.apache.ratis.server.raftlog.segmented.SegmentedRaftLogWorker$StateMachineDataPolicy.getFromFuture(SegmentedRaftLogWorker.java:87)
	at org.apache.ratis.server.raftlog.segmented.SegmentedRaftLogWorker$WriteLog.execute(SegmentedRaftLogWorker.java:477)
	at org.apache.ratis.server.raftlog.segmented.SegmentedRaftLogWorker.run(SegmentedRaftLogWorker.java:289)
	at java.lang.Thread.run(Thread.java:748)
Caused by: java.util.concurrent.TimeoutException
	at java.util.concurrent.CompletableFuture.timedGet(CompletableFuture.java:1771)
	at java.util.concurrent.CompletableFuture.get(CompletableFuture.java:1915)
	at org.apache.ratis.util.IOUtils.getFromFuture(IOUtils.java:79)
	... 4 more
2019-09-18 17:27:41,163 [3f36f173-4656-4d5a-831c-b6782f9f5ad2@group-4F90601D4E02-SegmentedRaftLogWorker] WARN  segmented.SegmentedRaftLogWorker (SegmentedRaftLogWorker.java:getFromFuture(90)) - Timeout 5/~
org.apache.ratis.protocol.TimeoutIOException: Timeout 10s: WriteLog:12: (t:2, i:12), STATEMACHINELOGENTRY, client-D63B3F3BC33D, cid=33-writeStateMachineData
	at org.apache.ratis.util.IOUtils.getFromFuture(IOUtils.java:87)
	at org.apache.ratis.server.raftlog.segmented.SegmentedRaftLogWorker$StateMachineDataPolicy.getFromFuture(SegmentedRaftLogWorker.java:87)
	at org.apache.ratis.server.raftlog.segmented.SegmentedRaftLogWorker$WriteLog.execute(SegmentedRaftLogWorker.java:477)
	at org.apache.ratis.server.raftlog.segmented.SegmentedRaftLogWorker.run(SegmentedRaftLogWorker.java:289)
	at java.lang.Thread.run(Thread.java:748)
Caused by: java.util.concurrent.TimeoutException
	at java.util.concurrent.CompletableFuture.timedGet(CompletableFuture.java:1771)
	at java.util.concurrent.CompletableFuture.get(CompletableFuture.java:1915)
	at org.apache.ratis.util.IOUtils.getFromFuture(IOUtils.java:79)
	... 4 more
2019-09-18 17:27:41,503 [grpc-default-executor-6] INFO  client.GrpcClientProtocolClient (GrpcClientProtocolClient.java:onNext(264)) - client-D63B3F3BC33D->befaacb7-99cd-4d87-819a-d941cb77279d: receive RaftClientReply:client-D63B3F3BC33D->befaacb7-99cd-4d87-819a-d941cb77279d@group-4F90601D4E02, cid=32, FAILED org.apache.ratis.protocol.NotLeaderException: Server befaacb7-99cd-4d87-819a-d941cb77279d@group-4F90601D4E02 is not the leader f1d6cbd0-cc55-4a8c-aff9-0f6c18a578e9:192.168.151.122:38812, logIndex=0, commits[befaacb7-99cd-4d87-819a-d941cb77279d:c10, f1d6cbd0-cc55-4a8c-aff9-0f6c18a578e9:c10, 3f36f173-4656-4d5a-831c-b6782f9f5ad2:c6]
2019-09-18 17:27:41,568 [java.util.concurrent.ThreadPoolExecutor$Worker@30c21f86[State = -1, empty queue]] WARN  server.GrpcLogAppender (GrpcLogAppender.java:timeoutAppendRequest(200)) - f1d6cbd0-cc55-4a8c-aff9-0f6c18a578e9@group-4F90601D4E02->3f36f173-4656-4d5a-831c-b6782f9f5ad2-GrpcLogAppender: appendEntries Timeout, request=f1d6cbd0-cc55-4a8c-aff9-0f6c18a578e9->3f36f173-4656-4d5a-831c-b6782f9f5ad2#109-t2, previous=(t:2, i:13), leaderCommit=10, initializing? false, entries: <empty>
2019-09-18 17:27:41,568 [java.util.concurrent.ThreadPoolExecutor$Worker@6cb5db01[State = -1, empty queue]] WARN  server.GrpcLogAppender (GrpcLogAppender.java:timeoutAppendRequest(200)) - f1d6cbd0-cc55-4a8c-aff9-0f6c18a578e9@group-4F90601D4E02->befaacb7-99cd-4d87-819a-d941cb77279d-GrpcLogAppender: appendEntries Timeout, request=f1d6cbd0-cc55-4a8c-aff9-0f6c18a578e9->befaacb7-99cd-4d87-819a-d941cb77279d#109-t2, previous=(t:2, i:13), leaderCommit=10, initializing? false, entries: <empty>
2019-09-18 17:27:42,586 [grpc-default-executor-6] INFO  impl.RaftServerProxy (RaftServerProxy.java:remove(95)) - 35e8f602-e85b-40b3-a2e8-9c7f2541a1dc: remove group-A8CC8E72DEEA:null
2019-09-18 17:27:42,589 [RatisPipelineUtilsThread] WARN  pipeline.RatisPipelineUtils (RatisPipelineUtils.java:destroyPipeline(66)) - Pipeline destroy failed for pipeline=PipelineID=0865e9aa-3ec9-41d2-a431-a8cc8e72deea dn=35e8f602-e85b-40b3-a2e8-9c7f2541a1dc{ip: 192.168.151.122, host: pr-hdds-2121-ltkqc-3926781246, networkLocation: /default-rack, certSerialId: null}
2019-09-18 17:27:42,593 [grpc-default-executor-6] INFO  impl.RaftServerProxy (RaftServerProxy.java:remove(95)) - 60c95f10-37ee-49eb-b84e-63ada232a784: remove group-A8CC8E72DEEA:null
2019-09-18 17:27:42,595 [RatisPipelineUtilsThread] WARN  pipeline.RatisPipelineUtils (RatisPipelineUtils.java:destroyPipeline(66)) - Pipeline destroy failed for pipeline=PipelineID=0865e9aa-3ec9-41d2-a431-a8cc8e72deea dn=60c95f10-37ee-49eb-b84e-63ada232a784{ip: 192.168.151.122, host: pr-hdds-2121-ltkqc-3926781246, networkLocation: /default-rack, certSerialId: null}
2019-09-18 17:27:42,600 [grpc-default-executor-6] INFO  impl.RaftServerProxy (RaftServerProxy.java:remove(95)) - 7ce2171e-d7bb-488f-b53c-71f230bd4ba7: remove group-A8CC8E72DEEA:null
2019-09-18 17:27:42,603 [RatisPipelineUtilsThread] WARN  pipeline.RatisPipelineUtils (RatisPipelineUtils.java:destroyPipeline(66)) - Pipeline destroy failed for pipeline=PipelineID=0865e9aa-3ec9-41d2-a431-a8cc8e72deea dn=7ce2171e-d7bb-488f-b53c-71f230bd4ba7{ip: 192.168.151.122, host: pr-hdds-2121-ltkqc-3926781246, networkLocation: /default-rack, certSerialId: null}
2019-09-18 17:27:42,603 [RatisPipelineUtilsThread] ERROR pipeline.SCMPipelineManager (Scheduler.java:lambda$schedule$1(70)) - Destroy pipeline failed for pipeline:Pipeline[ Id: 0865e9aa-3ec9-41d2-a431-a8cc8e72deea, Nodes: 35e8f602-e85b-40b3-a2e8-9c7f2541a1dc{ip: 192.168.151.122, host: pr-hdds-2121-ltkqc-3926781246, networkLocation: /default-rack, certSerialId: null}60c95f10-37ee-49eb-b84e-63ada232a784{ip: 192.168.151.122, host: pr-hdds-2121-ltkqc-3926781246, networkLocation: /default-rack, certSerialId: null}7ce2171e-d7bb-488f-b53c-71f230bd4ba7{ip: 192.168.151.122, host: pr-hdds-2121-ltkqc-3926781246, networkLocation: /default-rack, certSerialId: null}, Type:RATIS, Factor:THREE, State:CLOSED]
org.apache.hadoop.hdds.scm.pipeline.PipelineNotFoundException: PipelineID=0865e9aa-3ec9-41d2-a431-a8cc8e72deea not found
	at org.apache.hadoop.hdds.scm.pipeline.PipelineStateMap.getPipeline(PipelineStateMap.java:132)
	at org.apache.hadoop.hdds.scm.pipeline.PipelineStateMap.removePipeline(PipelineStateMap.java:322)
	at org.apache.hadoop.hdds.scm.pipeline.PipelineStateManager.removePipeline(PipelineStateManager.java:107)
	at org.apache.hadoop.hdds.scm.pipeline.SCMPipelineManager.removePipeline(SCMPipelineManager.java:423)
	at org.apache.hadoop.hdds.scm.pipeline.SCMPipelineManager.destroyPipeline(SCMPipelineManager.java:409)
	at org.apache.hadoop.hdds.scm.pipeline.SCMPipelineManager.lambda$finalizeAndDestroyPipeline$0(SCMPipelineManager.java:318)
	at org.apache.hadoop.utils.Scheduler.lambda$schedule$1(Scheduler.java:68)
	at java.util.concurrent.Executors$RunnableAdapter.call(Executors.java:511)
	at java.util.concurrent.FutureTask.run(FutureTask.java:266)
	at java.util.concurrent.ScheduledThreadPoolExecutor$ScheduledFutureTask.access$201(ScheduledThreadPoolExecutor.java:180)
	at java.util.concurrent.ScheduledThreadPoolExecutor$ScheduledFutureTask.run(ScheduledThreadPoolExecutor.java:293)
	at java.util.concurrent.ThreadPoolExecutor.runWorker(ThreadPoolExecutor.java:1149)
	at java.util.concurrent.ThreadPoolExecutor$Worker.run(ThreadPoolExecutor.java:624)
	at java.lang.Thread.run(Thread.java:748)
2019-09-18 17:27:44,068 [java.util.concurrent.ThreadPoolExecutor$Worker@30c21f86[State = -1, empty queue]] WARN  server.GrpcLogAppender (GrpcLogAppender.java:timeoutAppendRequest(200)) - f1d6cbd0-cc55-4a8c-aff9-0f6c18a578e9@group-4F90601D4E02->3f36f173-4656-4d5a-831c-b6782f9f5ad2-GrpcLogAppender: appendEntries Timeout, request=f1d6cbd0-cc55-4a8c-aff9-0f6c18a578e9->3f36f173-4656-4d5a-831c-b6782f9f5ad2#110-t2, previous=(t:2, i:13), leaderCommit=10, initializing? false, entries: <empty>
2019-09-18 17:27:44,068 [java.util.concurrent.ThreadPoolExecutor$Worker@6cb5db01[State = -1, empty queue]] WARN  server.GrpcLogAppender (GrpcLogAppender.java:timeoutAppendRequest(200)) - f1d6cbd0-cc55-4a8c-aff9-0f6c18a578e9@group-4F90601D4E02->befaacb7-99cd-4d87-819a-d941cb77279d-GrpcLogAppender: appendEntries Timeout, request=f1d6cbd0-cc55-4a8c-aff9-0f6c18a578e9->befaacb7-99cd-4d87-819a-d941cb77279d#110-t2, previous=(t:2, i:13), leaderCommit=10, initializing? false, entries: <empty>
2019-09-18 17:27:44,586 [grpc-default-executor-6] INFO  impl.RaftServerProxy (RaftServerProxy.java:remove(95)) - 35e8f602-e85b-40b3-a2e8-9c7f2541a1dc: remove group-A8CC8E72DEEA:null
2019-09-18 17:27:44,589 [RatisPipelineUtilsThread] WARN  pipeline.RatisPipelineUtils (RatisPipelineUtils.java:destroyPipeline(66)) - Pipeline destroy failed for pipeline=PipelineID=0865e9aa-3ec9-41d2-a431-a8cc8e72deea dn=35e8f602-e85b-40b3-a2e8-9c7f2541a1dc{ip: 192.168.151.122, host: pr-hdds-2121-ltkqc-3926781246, networkLocation: /default-rack, certSerialId: null}
2019-09-18 17:27:44,592 [grpc-default-executor-6] INFO  impl.RaftServerProxy (RaftServerProxy.java:remove(95)) - 60c95f10-37ee-49eb-b84e-63ada232a784: remove group-A8CC8E72DEEA:null
2019-09-18 17:27:44,595 [RatisPipelineUtilsThread] WARN  pipeline.RatisPipelineUtils (RatisPipelineUtils.java:destroyPipeline(66)) - Pipeline destroy failed for pipeline=PipelineID=0865e9aa-3ec9-41d2-a431-a8cc8e72deea dn=60c95f10-37ee-49eb-b84e-63ada232a784{ip: 192.168.151.122, host: pr-hdds-2121-ltkqc-3926781246, networkLocation: /default-rack, certSerialId: null}
2019-09-18 17:27:44,598 [grpc-default-executor-6] INFO  impl.RaftServerProxy (RaftServerProxy.java:remove(95)) - 7ce2171e-d7bb-488f-b53c-71f230bd4ba7: remove group-A8CC8E72DEEA:null
2019-09-18 17:27:44,601 [RatisPipelineUtilsThread] WARN  pipeline.RatisPipelineUtils (RatisPipelineUtils.java:destroyPipeline(66)) - Pipeline destroy failed for pipeline=PipelineID=0865e9aa-3ec9-41d2-a431-a8cc8e72deea dn=7ce2171e-d7bb-488f-b53c-71f230bd4ba7{ip: 192.168.151.122, host: pr-hdds-2121-ltkqc-3926781246, networkLocation: /default-rack, certSerialId: null}
2019-09-18 17:27:44,601 [RatisPipelineUtilsThread] ERROR pipeline.SCMPipelineManager (Scheduler.java:lambda$schedule$1(70)) - Destroy pipeline failed for pipeline:Pipeline[ Id: 0865e9aa-3ec9-41d2-a431-a8cc8e72deea, Nodes: 35e8f602-e85b-40b3-a2e8-9c7f2541a1dc{ip: 192.168.151.122, host: pr-hdds-2121-ltkqc-3926781246, networkLocation: /default-rack, certSerialId: null}60c95f10-37ee-49eb-b84e-63ada232a784{ip: 192.168.151.122, host: pr-hdds-2121-ltkqc-3926781246, networkLocation: /default-rack, certSerialId: null}7ce2171e-d7bb-488f-b53c-71f230bd4ba7{ip: 192.168.151.122, host: pr-hdds-2121-ltkqc-3926781246, networkLocation: /default-rack, certSerialId: null}, Type:RATIS, Factor:THREE, State:CLOSED]
org.apache.hadoop.hdds.scm.pipeline.PipelineNotFoundException: PipelineID=0865e9aa-3ec9-41d2-a431-a8cc8e72deea not found
	at org.apache.hadoop.hdds.scm.pipeline.PipelineStateMap.getPipeline(PipelineStateMap.java:132)
	at org.apache.hadoop.hdds.scm.pipeline.PipelineStateMap.removePipeline(PipelineStateMap.java:322)
	at org.apache.hadoop.hdds.scm.pipeline.PipelineStateManager.removePipeline(PipelineStateManager.java:107)
	at org.apache.hadoop.hdds.scm.pipeline.SCMPipelineManager.removePipeline(SCMPipelineManager.java:423)
	at org.apache.hadoop.hdds.scm.pipeline.SCMPipelineManager.destroyPipeline(SCMPipelineManager.java:409)
	at org.apache.hadoop.hdds.scm.pipeline.SCMPipelineManager.lambda$finalizeAndDestroyPipeline$0(SCMPipelineManager.java:318)
	at org.apache.hadoop.utils.Scheduler.lambda$schedule$1(Scheduler.java:68)
	at java.util.concurrent.Executors$RunnableAdapter.call(Executors.java:511)
	at java.util.concurrent.FutureTask.run(FutureTask.java:266)
	at java.util.concurrent.ScheduledThreadPoolExecutor$ScheduledFutureTask.access$201(ScheduledThreadPoolExecutor.java:180)
	at java.util.concurrent.ScheduledThreadPoolExecutor$ScheduledFutureTask.run(ScheduledThreadPoolExecutor.java:293)
	at java.util.concurrent.ThreadPoolExecutor.runWorker(ThreadPoolExecutor.java:1149)
	at java.util.concurrent.ThreadPoolExecutor$Worker.run(ThreadPoolExecutor.java:624)
	at java.lang.Thread.run(Thread.java:748)
2019-09-18 17:27:45,650 [grpc-default-executor-6] INFO  impl.RaftServerProxy (RaftServerProxy.java:remove(95)) - 35e8f602-e85b-40b3-a2e8-9c7f2541a1dc: remove group-A8CC8E72DEEA:null
2019-09-18 17:27:45,653 [RatisPipelineUtilsThread] WARN  pipeline.RatisPipelineUtils (RatisPipelineUtils.java:destroyPipeline(66)) - Pipeline destroy failed for pipeline=PipelineID=0865e9aa-3ec9-41d2-a431-a8cc8e72deea dn=35e8f602-e85b-40b3-a2e8-9c7f2541a1dc{ip: 192.168.151.122, host: pr-hdds-2121-ltkqc-3926781246, networkLocation: /default-rack, certSerialId: null}
2019-09-18 17:27:45,657 [grpc-default-executor-6] INFO  impl.RaftServerProxy (RaftServerProxy.java:remove(95)) - 60c95f10-37ee-49eb-b84e-63ada232a784: remove group-A8CC8E72DEEA:null
2019-09-18 17:27:45,659 [RatisPipelineUtilsThread] WARN  pipeline.RatisPipelineUtils (RatisPipelineUtils.java:destroyPipeline(66)) - Pipeline destroy failed for pipeline=PipelineID=0865e9aa-3ec9-41d2-a431-a8cc8e72deea dn=60c95f10-37ee-49eb-b84e-63ada232a784{ip: 192.168.151.122, host: pr-hdds-2121-ltkqc-3926781246, networkLocation: /default-rack, certSerialId: null}
2019-09-18 17:27:45,663 [grpc-default-executor-6] INFO  impl.RaftServerProxy (RaftServerProxy.java:remove(95)) - 7ce2171e-d7bb-488f-b53c-71f230bd4ba7: remove group-A8CC8E72DEEA:null
2019-09-18 17:27:45,666 [RatisPipelineUtilsThread] WARN  pipeline.RatisPipelineUtils (RatisPipelineUtils.java:destroyPipeline(66)) - Pipeline destroy failed for pipeline=PipelineID=0865e9aa-3ec9-41d2-a431-a8cc8e72deea dn=7ce2171e-d7bb-488f-b53c-71f230bd4ba7{ip: 192.168.151.122, host: pr-hdds-2121-ltkqc-3926781246, networkLocation: /default-rack, certSerialId: null}
2019-09-18 17:27:45,666 [RatisPipelineUtilsThread] ERROR pipeline.SCMPipelineManager (Scheduler.java:lambda$schedule$1(70)) - Destroy pipeline failed for pipeline:Pipeline[ Id: 0865e9aa-3ec9-41d2-a431-a8cc8e72deea, Nodes: 35e8f602-e85b-40b3-a2e8-9c7f2541a1dc{ip: 192.168.151.122, host: pr-hdds-2121-ltkqc-3926781246, networkLocation: /default-rack, certSerialId: null}60c95f10-37ee-49eb-b84e-63ada232a784{ip: 192.168.151.122, host: pr-hdds-2121-ltkqc-3926781246, networkLocation: /default-rack, certSerialId: null}7ce2171e-d7bb-488f-b53c-71f230bd4ba7{ip: 192.168.151.122, host: pr-hdds-2121-ltkqc-3926781246, networkLocation: /default-rack, certSerialId: null}, Type:RATIS, Factor:THREE, State:CLOSED]
org.apache.hadoop.hdds.scm.pipeline.PipelineNotFoundException: PipelineID=0865e9aa-3ec9-41d2-a431-a8cc8e72deea not found
	at org.apache.hadoop.hdds.scm.pipeline.PipelineStateMap.getPipeline(PipelineStateMap.java:132)
	at org.apache.hadoop.hdds.scm.pipeline.PipelineStateMap.removePipeline(PipelineStateMap.java:322)
	at org.apache.hadoop.hdds.scm.pipeline.PipelineStateManager.removePipeline(PipelineStateManager.java:107)
	at org.apache.hadoop.hdds.scm.pipeline.SCMPipelineManager.removePipeline(SCMPipelineManager.java:423)
	at org.apache.hadoop.hdds.scm.pipeline.SCMPipelineManager.destroyPipeline(SCMPipelineManager.java:409)
	at org.apache.hadoop.hdds.scm.pipeline.SCMPipelineManager.lambda$finalizeAndDestroyPipeline$0(SCMPipelineManager.java:318)
	at org.apache.hadoop.utils.Scheduler.lambda$schedule$1(Scheduler.java:68)
	at java.util.concurrent.Executors$RunnableAdapter.call(Executors.java:511)
	at java.util.concurrent.FutureTask.run(FutureTask.java:266)
	at java.util.concurrent.ScheduledThreadPoolExecutor$ScheduledFutureTask.access$201(ScheduledThreadPoolExecutor.java:180)
	at java.util.concurrent.ScheduledThreadPoolExecutor$ScheduledFutureTask.run(ScheduledThreadPoolExecutor.java:293)
	at java.util.concurrent.ThreadPoolExecutor.runWorker(ThreadPoolExecutor.java:1149)
	at java.util.concurrent.ThreadPoolExecutor$Worker.run(ThreadPoolExecutor.java:624)
	at java.lang.Thread.run(Thread.java:748)
2019-09-18 17:27:45,748 [grpc-default-executor-6] INFO  impl.RaftServerProxy (RaftServerProxy.java:remove(95)) - 35e8f602-e85b-40b3-a2e8-9c7f2541a1dc: remove group-A8CC8E72DEEA:null
2019-09-18 17:27:45,751 [RatisPipelineUtilsThread] WARN  pipeline.RatisPipelineUtils (RatisPipelineUtils.java:destroyPipeline(66)) - Pipeline destroy failed for pipeline=PipelineID=0865e9aa-3ec9-41d2-a431-a8cc8e72deea dn=35e8f602-e85b-40b3-a2e8-9c7f2541a1dc{ip: 192.168.151.122, host: pr-hdds-2121-ltkqc-3926781246, networkLocation: /default-rack, certSerialId: null}
2019-09-18 17:27:45,754 [grpc-default-executor-6] INFO  impl.RaftServerProxy (RaftServerProxy.java:remove(95)) - 60c95f10-37ee-49eb-b84e-63ada232a784: remove group-A8CC8E72DEEA:null
2019-09-18 17:27:45,757 [RatisPipelineUtilsThread] WARN  pipeline.RatisPipelineUtils (RatisPipelineUtils.java:destroyPipeline(66)) - Pipeline destroy failed for pipeline=PipelineID=0865e9aa-3ec9-41d2-a431-a8cc8e72deea dn=60c95f10-37ee-49eb-b84e-63ada232a784{ip: 192.168.151.122, host: pr-hdds-2121-ltkqc-3926781246, networkLocation: /default-rack, certSerialId: null}
2019-09-18 17:27:45,760 [grpc-default-executor-6] INFO  impl.RaftServerProxy (RaftServerProxy.java:remove(95)) - 7ce2171e-d7bb-488f-b53c-71f230bd4ba7: remove group-A8CC8E72DEEA:null
2019-09-18 17:27:45,762 [RatisPipelineUtilsThread] WARN  pipeline.RatisPipelineUtils (RatisPipelineUtils.java:destroyPipeline(66)) - Pipeline destroy failed for pipeline=PipelineID=0865e9aa-3ec9-41d2-a431-a8cc8e72deea dn=7ce2171e-d7bb-488f-b53c-71f230bd4ba7{ip: 192.168.151.122, host: pr-hdds-2121-ltkqc-3926781246, networkLocation: /default-rack, certSerialId: null}
2019-09-18 17:27:45,763 [RatisPipelineUtilsThread] ERROR pipeline.SCMPipelineManager (Scheduler.java:lambda$schedule$1(70)) - Destroy pipeline failed for pipeline:Pipeline[ Id: 0865e9aa-3ec9-41d2-a431-a8cc8e72deea, Nodes: 35e8f602-e85b-40b3-a2e8-9c7f2541a1dc{ip: 192.168.151.122, host: pr-hdds-2121-ltkqc-3926781246, networkLocation: /default-rack, certSerialId: null}60c95f10-37ee-49eb-b84e-63ada232a784{ip: 192.168.151.122, host: pr-hdds-2121-ltkqc-3926781246, networkLocation: /default-rack, certSerialId: null}7ce2171e-d7bb-488f-b53c-71f230bd4ba7{ip: 192.168.151.122, host: pr-hdds-2121-ltkqc-3926781246, networkLocation: /default-rack, certSerialId: null}, Type:RATIS, Factor:THREE, State:CLOSED]
org.apache.hadoop.hdds.scm.pipeline.PipelineNotFoundException: PipelineID=0865e9aa-3ec9-41d2-a431-a8cc8e72deea not found
	at org.apache.hadoop.hdds.scm.pipeline.PipelineStateMap.getPipeline(PipelineStateMap.java:132)
	at org.apache.hadoop.hdds.scm.pipeline.PipelineStateMap.removePipeline(PipelineStateMap.java:322)
	at org.apache.hadoop.hdds.scm.pipeline.PipelineStateManager.removePipeline(PipelineStateManager.java:107)
	at org.apache.hadoop.hdds.scm.pipeline.SCMPipelineManager.removePipeline(SCMPipelineManager.java:423)
	at org.apache.hadoop.hdds.scm.pipeline.SCMPipelineManager.destroyPipeline(SCMPipelineManager.java:409)
	at org.apache.hadoop.hdds.scm.pipeline.SCMPipelineManager.lambda$finalizeAndDestroyPipeline$0(SCMPipelineManager.java:318)
	at org.apache.hadoop.utils.Scheduler.lambda$schedule$1(Scheduler.java:68)
	at java.util.concurrent.Executors$RunnableAdapter.call(Executors.java:511)
	at java.util.concurrent.FutureTask.run(FutureTask.java:266)
	at java.util.concurrent.ScheduledThreadPoolExecutor$ScheduledFutureTask.access$201(ScheduledThreadPoolExecutor.java:180)
	at java.util.concurrent.ScheduledThreadPoolExecutor$ScheduledFutureTask.run(ScheduledThreadPoolExecutor.java:293)
	at java.util.concurrent.ThreadPoolExecutor.runWorker(ThreadPoolExecutor.java:1149)
	at java.util.concurrent.ThreadPoolExecutor$Worker.run(ThreadPoolExecutor.java:624)
	at java.lang.Thread.run(Thread.java:748)
2019-09-18 17:27:45,929 [grpc-default-executor-6] INFO  impl.RaftServerProxy (RaftServerProxy.java:remove(95)) - 35e8f602-e85b-40b3-a2e8-9c7f2541a1dc: remove group-A8CC8E72DEEA:null
2019-09-18 17:27:45,932 [RatisPipelineUtilsThread] WARN  pipeline.RatisPipelineUtils (RatisPipelineUtils.java:destroyPipeline(66)) - Pipeline destroy failed for pipeline=PipelineID=0865e9aa-3ec9-41d2-a431-a8cc8e72deea dn=35e8f602-e85b-40b3-a2e8-9c7f2541a1dc{ip: 192.168.151.122, host: pr-hdds-2121-ltkqc-3926781246, networkLocation: /default-rack, certSerialId: null}
2019-09-18 17:27:45,936 [grpc-default-executor-6] INFO  impl.RaftServerProxy (RaftServerProxy.java:remove(95)) - 60c95f10-37ee-49eb-b84e-63ada232a784: remove group-A8CC8E72DEEA:null
2019-09-18 17:27:45,939 [RatisPipelineUtilsThread] WARN  pipeline.RatisPipelineUtils (RatisPipelineUtils.java:destroyPipeline(66)) - Pipeline destroy failed for pipeline=PipelineID=0865e9aa-3ec9-41d2-a431-a8cc8e72deea dn=60c95f10-37ee-49eb-b84e-63ada232a784{ip: 192.168.151.122, host: pr-hdds-2121-ltkqc-3926781246, networkLocation: /default-rack, certSerialId: null}
2019-09-18 17:27:45,942 [grpc-default-executor-6] INFO  impl.RaftServerProxy (RaftServerProxy.java:remove(95)) - 7ce2171e-d7bb-488f-b53c-71f230bd4ba7: remove group-A8CC8E72DEEA:null
2019-09-18 17:27:45,945 [RatisPipelineUtilsThread] WARN  pipeline.RatisPipelineUtils (RatisPipelineUtils.java:destroyPipeline(66)) - Pipeline destroy failed for pipeline=PipelineID=0865e9aa-3ec9-41d2-a431-a8cc8e72deea dn=7ce2171e-d7bb-488f-b53c-71f230bd4ba7{ip: 192.168.151.122, host: pr-hdds-2121-ltkqc-3926781246, networkLocation: /default-rack, certSerialId: null}
2019-09-18 17:27:45,945 [RatisPipelineUtilsThread] ERROR pipeline.SCMPipelineManager (Scheduler.java:lambda$schedule$1(70)) - Destroy pipeline failed for pipeline:Pipeline[ Id: 0865e9aa-3ec9-41d2-a431-a8cc8e72deea, Nodes: 35e8f602-e85b-40b3-a2e8-9c7f2541a1dc{ip: 192.168.151.122, host: pr-hdds-2121-ltkqc-3926781246, networkLocation: /default-rack, certSerialId: null}60c95f10-37ee-49eb-b84e-63ada232a784{ip: 192.168.151.122, host: pr-hdds-2121-ltkqc-3926781246, networkLocation: /default-rack, certSerialId: null}7ce2171e-d7bb-488f-b53c-71f230bd4ba7{ip: 192.168.151.122, host: pr-hdds-2121-ltkqc-3926781246, networkLocation: /default-rack, certSerialId: null}, Type:RATIS, Factor:THREE, State:CLOSED]
org.apache.hadoop.hdds.scm.pipeline.PipelineNotFoundException: PipelineID=0865e9aa-3ec9-41d2-a431-a8cc8e72deea not found
	at org.apache.hadoop.hdds.scm.pipeline.PipelineStateMap.getPipeline(PipelineStateMap.java:132)
	at org.apache.hadoop.hdds.scm.pipeline.PipelineStateMap.removePipeline(PipelineStateMap.java:322)
	at org.apache.hadoop.hdds.scm.pipeline.PipelineStateManager.removePipeline(PipelineStateManager.java:107)
	at org.apache.hadoop.hdds.scm.pipeline.SCMPipelineManager.removePipeline(SCMPipelineManager.java:423)
	at org.apache.hadoop.hdds.scm.pipeline.SCMPipelineManager.destroyPipeline(SCMPipelineManager.java:409)
	at org.apache.hadoop.hdds.scm.pipeline.SCMPipelineManager.lambda$finalizeAndDestroyPipeline$0(SCMPipelineManager.java:318)
	at org.apache.hadoop.utils.Scheduler.lambda$schedule$1(Scheduler.java:68)
	at java.util.concurrent.Executors$RunnableAdapter.call(Executors.java:511)
	at java.util.concurrent.FutureTask.run(FutureTask.java:266)
	at java.util.concurrent.ScheduledThreadPoolExecutor$ScheduledFutureTask.access$201(ScheduledThreadPoolExecutor.java:180)
	at java.util.concurrent.ScheduledThreadPoolExecutor$ScheduledFutureTask.run(ScheduledThreadPoolExecutor.java:293)
	at java.util.concurrent.ThreadPoolExecutor.runWorker(ThreadPoolExecutor.java:1149)
	at java.util.concurrent.ThreadPoolExecutor$Worker.run(ThreadPoolExecutor.java:624)
	at java.lang.Thread.run(Thread.java:748)
2019-09-18 17:27:46,528 [grpc-default-executor-6] INFO  client.GrpcClientProtocolClient (GrpcClientProtocolClient.java:onNext(264)) - client-D63B3F3BC33D->befaacb7-99cd-4d87-819a-d941cb77279d: receive RaftClientReply:client-D63B3F3BC33D->befaacb7-99cd-4d87-819a-d941cb77279d@group-4F90601D4E02, cid=32, FAILED org.apache.ratis.protocol.NotLeaderException: Server befaacb7-99cd-4d87-819a-d941cb77279d@group-4F90601D4E02 is not the leader f1d6cbd0-cc55-4a8c-aff9-0f6c18a578e9:192.168.151.122:38812, logIndex=0, commits[befaacb7-99cd-4d87-819a-d941cb77279d:c10, f1d6cbd0-cc55-4a8c-aff9-0f6c18a578e9:c10, 3f36f173-4656-4d5a-831c-b6782f9f5ad2:c6]
2019-09-18 17:27:46,568 [java.util.concurrent.ThreadPoolExecutor$Worker@6cb5db01[State = -1, empty queue]] WARN  server.GrpcLogAppender (GrpcLogAppender.java:timeoutAppendRequest(200)) - f1d6cbd0-cc55-4a8c-aff9-0f6c18a578e9@group-4F90601D4E02->befaacb7-99cd-4d87-819a-d941cb77279d-GrpcLogAppender: appendEntries Timeout, request=f1d6cbd0-cc55-4a8c-aff9-0f6c18a578e9->befaacb7-99cd-4d87-819a-d941cb77279d#111-t2, previous=(t:2, i:13), leaderCommit=10, initializing? false, entries: <empty>
2019-09-18 17:27:46,568 [java.util.concurrent.ThreadPoolExecutor$Worker@30c21f86[State = -1, empty queue]] WARN  server.GrpcLogAppender (GrpcLogAppender.java:timeoutAppendRequest(200)) - f1d6cbd0-cc55-4a8c-aff9-0f6c18a578e9@group-4F90601D4E02->3f36f173-4656-4d5a-831c-b6782f9f5ad2-GrpcLogAppender: appendEntries Timeout, request=f1d6cbd0-cc55-4a8c-aff9-0f6c18a578e9->3f36f173-4656-4d5a-831c-b6782f9f5ad2#111-t2, previous=(t:2, i:13), leaderCommit=10, initializing? false, entries: <empty>
2019-09-18 17:27:49,069 [java.util.concurrent.ThreadPoolExecutor$Worker@6cb5db01[State = -1, empty queue]] WARN  server.GrpcLogAppender (GrpcLogAppender.java:timeoutAppendRequest(200)) - f1d6cbd0-cc55-4a8c-aff9-0f6c18a578e9@group-4F90601D4E02->befaacb7-99cd-4d87-819a-d941cb77279d-GrpcLogAppender: appendEntries Timeout, request=f1d6cbd0-cc55-4a8c-aff9-0f6c18a578e9->befaacb7-99cd-4d87-819a-d941cb77279d#112-t2, previous=(t:2, i:13), leaderCommit=10, initializing? false, entries: <empty>
2019-09-18 17:27:49,069 [java.util.concurrent.ThreadPoolExecutor$Worker@30c21f86[State = -1, empty queue]] WARN  server.GrpcLogAppender (GrpcLogAppender.java:timeoutAppendRequest(200)) - f1d6cbd0-cc55-4a8c-aff9-0f6c18a578e9@group-4F90601D4E02->3f36f173-4656-4d5a-831c-b6782f9f5ad2-GrpcLogAppender: appendEntries Timeout, request=f1d6cbd0-cc55-4a8c-aff9-0f6c18a578e9->3f36f173-4656-4d5a-831c-b6782f9f5ad2#112-t2, previous=(t:2, i:13), leaderCommit=10, initializing? false, entries: <empty>
2019-09-18 17:27:51,163 [befaacb7-99cd-4d87-819a-d941cb77279d@group-4F90601D4E02-SegmentedRaftLogWorker] WARN  segmented.SegmentedRaftLogWorker (SegmentedRaftLogWorker.java:getFromFuture(90)) - Timeout 6/~
org.apache.ratis.protocol.TimeoutIOException: Timeout 10s: WriteLog:12: (t:2, i:12), STATEMACHINELOGENTRY, client-D63B3F3BC33D, cid=33-writeStateMachineData
	at org.apache.ratis.util.IOUtils.getFromFuture(IOUtils.java:87)
	at org.apache.ratis.server.raftlog.segmented.SegmentedRaftLogWorker$StateMachineDataPolicy.getFromFuture(SegmentedRaftLogWorker.java:87)
	at org.apache.ratis.server.raftlog.segmented.SegmentedRaftLogWorker$WriteLog.execute(SegmentedRaftLogWorker.java:477)
	at org.apache.ratis.server.raftlog.segmented.SegmentedRaftLogWorker.run(SegmentedRaftLogWorker.java:289)
	at java.lang.Thread.run(Thread.java:748)
Caused by: java.util.concurrent.TimeoutException
	at java.util.concurrent.CompletableFuture.timedGet(CompletableFuture.java:1771)
	at java.util.concurrent.CompletableFuture.get(CompletableFuture.java:1915)
	at org.apache.ratis.util.IOUtils.getFromFuture(IOUtils.java:79)
	... 4 more
2019-09-18 17:27:51,164 [f1d6cbd0-cc55-4a8c-aff9-0f6c18a578e9@group-4F90601D4E02-SegmentedRaftLogWorker] WARN  segmented.SegmentedRaftLogWorker (SegmentedRaftLogWorker.java:getFromFuture(90)) - Timeout 6/~
org.apache.ratis.protocol.TimeoutIOException: Timeout 10s: WriteLog:12: (t:2, i:12), STATEMACHINELOGENTRY, client-D63B3F3BC33D, cid=33-writeStateMachineData
	at org.apache.ratis.util.IOUtils.getFromFuture(IOUtils.java:87)
	at org.apache.ratis.server.raftlog.segmented.SegmentedRaftLogWorker$StateMachineDataPolicy.getFromFuture(SegmentedRaftLogWorker.java:87)
	at org.apache.ratis.server.raftlog.segmented.SegmentedRaftLogWorker$WriteLog.execute(SegmentedRaftLogWorker.java:477)
	at org.apache.ratis.server.raftlog.segmented.SegmentedRaftLogWorker.run(SegmentedRaftLogWorker.java:289)
	at java.lang.Thread.run(Thread.java:748)
Caused by: java.util.concurrent.TimeoutException
	at java.util.concurrent.CompletableFuture.timedGet(CompletableFuture.java:1771)
	at java.util.concurrent.CompletableFuture.get(CompletableFuture.java:1915)
	at org.apache.ratis.util.IOUtils.getFromFuture(IOUtils.java:79)
	... 4 more
2019-09-18 17:27:51,164 [3f36f173-4656-4d5a-831c-b6782f9f5ad2@group-4F90601D4E02-SegmentedRaftLogWorker] WARN  segmented.SegmentedRaftLogWorker (SegmentedRaftLogWorker.java:getFromFuture(90)) - Timeout 6/~
org.apache.ratis.protocol.TimeoutIOException: Timeout 10s: WriteLog:12: (t:2, i:12), STATEMACHINELOGENTRY, client-D63B3F3BC33D, cid=33-writeStateMachineData
	at org.apache.ratis.util.IOUtils.getFromFuture(IOUtils.java:87)
	at org.apache.ratis.server.raftlog.segmented.SegmentedRaftLogWorker$StateMachineDataPolicy.getFromFuture(SegmentedRaftLogWorker.java:87)
	at org.apache.ratis.server.raftlog.segmented.SegmentedRaftLogWorker$WriteLog.execute(SegmentedRaftLogWorker.java:477)
	at org.apache.ratis.server.raftlog.segmented.SegmentedRaftLogWorker.run(SegmentedRaftLogWorker.java:289)
	at java.lang.Thread.run(Thread.java:748)
Caused by: java.util.concurrent.TimeoutException
	at java.util.concurrent.CompletableFuture.timedGet(CompletableFuture.java:1771)
	at java.util.concurrent.CompletableFuture.get(CompletableFuture.java:1915)
	at org.apache.ratis.util.IOUtils.getFromFuture(IOUtils.java:79)
	... 4 more
2019-09-18 17:27:51,570 [java.util.concurrent.ThreadPoolExecutor$Worker@30c21f86[State = -1, empty queue]] WARN  server.GrpcLogAppender (GrpcLogAppender.java:timeoutAppendRequest(200)) - f1d6cbd0-cc55-4a8c-aff9-0f6c18a578e9@group-4F90601D4E02->3f36f173-4656-4d5a-831c-b6782f9f5ad2-GrpcLogAppender: appendEntries Timeout, request=f1d6cbd0-cc55-4a8c-aff9-0f6c18a578e9->3f36f173-4656-4d5a-831c-b6782f9f5ad2#113-t2, previous=(t:2, i:13), leaderCommit=10, initializing? false, entries: <empty>
2019-09-18 17:27:51,570 [java.util.concurrent.ThreadPoolExecutor$Worker@6cb5db01[State = -1, empty queue]] WARN  server.GrpcLogAppender (GrpcLogAppender.java:timeoutAppendRequest(200)) - f1d6cbd0-cc55-4a8c-aff9-0f6c18a578e9@group-4F90601D4E02->befaacb7-99cd-4d87-819a-d941cb77279d-GrpcLogAppender: appendEntries Timeout, request=f1d6cbd0-cc55-4a8c-aff9-0f6c18a578e9->befaacb7-99cd-4d87-819a-d941cb77279d#113-t2, previous=(t:2, i:13), leaderCommit=10, initializing? false, entries: <empty>
2019-09-18 17:27:51,571 [grpc-default-executor-7] INFO  client.GrpcClientProtocolClient (GrpcClientProtocolClient.java:onNext(264)) - client-D63B3F3BC33D->befaacb7-99cd-4d87-819a-d941cb77279d: receive RaftClientReply:client-D63B3F3BC33D->befaacb7-99cd-4d87-819a-d941cb77279d@group-4F90601D4E02, cid=32, FAILED org.apache.ratis.protocol.NotLeaderException: Server befaacb7-99cd-4d87-819a-d941cb77279d@group-4F90601D4E02 is not the leader f1d6cbd0-cc55-4a8c-aff9-0f6c18a578e9:192.168.151.122:38812, logIndex=0, commits[befaacb7-99cd-4d87-819a-d941cb77279d:c10, f1d6cbd0-cc55-4a8c-aff9-0f6c18a578e9:c10, 3f36f173-4656-4d5a-831c-b6782f9f5ad2:c6]
2019-09-18 17:27:54,070 [java.util.concurrent.ThreadPoolExecutor$Worker@30c21f86[State = -1, empty queue]] WARN  server.GrpcLogAppender (GrpcLogAppender.java:timeoutAppendRequest(200)) - f1d6cbd0-cc55-4a8c-aff9-0f6c18a578e9@group-4F90601D4E02->3f36f173-4656-4d5a-831c-b6782f9f5ad2-GrpcLogAppender: appendEntries Timeout, request=f1d6cbd0-cc55-4a8c-aff9-0f6c18a578e9->3f36f173-4656-4d5a-831c-b6782f9f5ad2#114-t2, previous=(t:2, i:13), leaderCommit=10, initializing? false, entries: <empty>
2019-09-18 17:27:54,070 [java.util.concurrent.ThreadPoolExecutor$Worker@6cb5db01[State = -1, empty queue]] WARN  server.GrpcLogAppender (GrpcLogAppender.java:timeoutAppendRequest(200)) - f1d6cbd0-cc55-4a8c-aff9-0f6c18a578e9@group-4F90601D4E02->befaacb7-99cd-4d87-819a-d941cb77279d-GrpcLogAppender: appendEntries Timeout, request=f1d6cbd0-cc55-4a8c-aff9-0f6c18a578e9->befaacb7-99cd-4d87-819a-d941cb77279d#114-t2, previous=(t:2, i:13), leaderCommit=10, initializing? false, entries: <empty>
2019-09-18 17:27:56,570 [java.util.concurrent.ThreadPoolExecutor$Worker@30c21f86[State = -1, empty queue]] WARN  server.GrpcLogAppender (GrpcLogAppender.java:timeoutAppendRequest(200)) - f1d6cbd0-cc55-4a8c-aff9-0f6c18a578e9@group-4F90601D4E02->3f36f173-4656-4d5a-831c-b6782f9f5ad2-GrpcLogAppender: appendEntries Timeout, request=f1d6cbd0-cc55-4a8c-aff9-0f6c18a578e9->3f36f173-4656-4d5a-831c-b6782f9f5ad2#115-t2, previous=(t:2, i:13), leaderCommit=10, initializing? false, entries: <empty>
2019-09-18 17:27:56,570 [java.util.concurrent.ThreadPoolExecutor$Worker@6cb5db01[State = -1, empty queue]] WARN  server.GrpcLogAppender (GrpcLogAppender.java:timeoutAppendRequest(200)) - f1d6cbd0-cc55-4a8c-aff9-0f6c18a578e9@group-4F90601D4E02->befaacb7-99cd-4d87-819a-d941cb77279d-GrpcLogAppender: appendEntries Timeout, request=f1d6cbd0-cc55-4a8c-aff9-0f6c18a578e9->befaacb7-99cd-4d87-819a-d941cb77279d#115-t2, previous=(t:2, i:13), leaderCommit=10, initializing? false, entries: <empty>
2019-09-18 17:27:56,640 [grpc-default-executor-7] INFO  client.GrpcClientProtocolClient (GrpcClientProtocolClient.java:onNext(264)) - client-D63B3F3BC33D->3f36f173-4656-4d5a-831c-b6782f9f5ad2: receive RaftClientReply:client-D63B3F3BC33D->3f36f173-4656-4d5a-831c-b6782f9f5ad2@group-4F90601D4E02, cid=32, FAILED org.apache.ratis.protocol.NotLeaderException: Server 3f36f173-4656-4d5a-831c-b6782f9f5ad2@group-4F90601D4E02 is not the leader f1d6cbd0-cc55-4a8c-aff9-0f6c18a578e9:192.168.151.122:38812, logIndex=0, commits[3f36f173-4656-4d5a-831c-b6782f9f5ad2:c10, f1d6cbd0-cc55-4a8c-aff9-0f6c18a578e9:c10, befaacb7-99cd-4d87-819a-d941cb77279d:c6]
2019-09-18 17:27:59,071 [java.util.concurrent.ThreadPoolExecutor$Worker@30c21f86[State = -1, empty queue]] WARN  server.GrpcLogAppender (GrpcLogAppender.java:timeoutAppendRequest(200)) - f1d6cbd0-cc55-4a8c-aff9-0f6c18a578e9@group-4F90601D4E02->3f36f173-4656-4d5a-831c-b6782f9f5ad2-GrpcLogAppender: appendEntries Timeout, request=f1d6cbd0-cc55-4a8c-aff9-0f6c18a578e9->3f36f173-4656-4d5a-831c-b6782f9f5ad2#116-t2, previous=(t:2, i:13), leaderCommit=10, initializing? false, entries: <empty>
2019-09-18 17:27:59,071 [java.util.concurrent.ThreadPoolExecutor$Worker@6cb5db01[State = -1, empty queue]] WARN  server.GrpcLogAppender (GrpcLogAppender.java:timeoutAppendRequest(200)) - f1d6cbd0-cc55-4a8c-aff9-0f6c18a578e9@group-4F90601D4E02->befaacb7-99cd-4d87-819a-d941cb77279d-GrpcLogAppender: appendEntries Timeout, request=f1d6cbd0-cc55-4a8c-aff9-0f6c18a578e9->befaacb7-99cd-4d87-819a-d941cb77279d#116-t2, previous=(t:2, i:13), leaderCommit=10, initializing? false, entries: <empty>
2019-09-18 17:28:01,164 [befaacb7-99cd-4d87-819a-d941cb77279d@group-4F90601D4E02-SegmentedRaftLogWorker] WARN  segmented.SegmentedRaftLogWorker (SegmentedRaftLogWorker.java:getFromFuture(90)) - Timeout 7/~
org.apache.ratis.protocol.TimeoutIOException: Timeout 10s: WriteLog:12: (t:2, i:12), STATEMACHINELOGENTRY, client-D63B3F3BC33D, cid=33-writeStateMachineData
	at org.apache.ratis.util.IOUtils.getFromFuture(IOUtils.java:87)
	at org.apache.ratis.server.raftlog.segmented.SegmentedRaftLogWorker$StateMachineDataPolicy.getFromFuture(SegmentedRaftLogWorker.java:87)
	at org.apache.ratis.server.raftlog.segmented.SegmentedRaftLogWorker$WriteLog.execute(SegmentedRaftLogWorker.java:477)
	at org.apache.ratis.server.raftlog.segmented.SegmentedRaftLogWorker.run(SegmentedRaftLogWorker.java:289)
	at java.lang.Thread.run(Thread.java:748)
Caused by: java.util.concurrent.TimeoutException
	at java.util.concurrent.CompletableFuture.timedGet(CompletableFuture.java:1771)
	at java.util.concurrent.CompletableFuture.get(CompletableFuture.java:1915)
	at org.apache.ratis.util.IOUtils.getFromFuture(IOUtils.java:79)
	... 4 more
2019-09-18 17:28:01,184 [f1d6cbd0-cc55-4a8c-aff9-0f6c18a578e9@group-4F90601D4E02-SegmentedRaftLogWorker] WARN  segmented.SegmentedRaftLogWorker (SegmentedRaftLogWorker.java:getFromFuture(90)) - Timeout 7/~
org.apache.ratis.protocol.TimeoutIOException: Timeout 10s: WriteLog:12: (t:2, i:12), STATEMACHINELOGENTRY, client-D63B3F3BC33D, cid=33-writeStateMachineData
	at org.apache.ratis.util.IOUtils.getFromFuture(IOUtils.java:87)
	at org.apache.ratis.server.raftlog.segmented.SegmentedRaftLogWorker$StateMachineDataPolicy.getFromFuture(SegmentedRaftLogWorker.java:87)
	at org.apache.ratis.server.raftlog.segmented.SegmentedRaftLogWorker$WriteLog.execute(SegmentedRaftLogWorker.java:477)
	at org.apache.ratis.server.raftlog.segmented.SegmentedRaftLogWorker.run(SegmentedRaftLogWorker.java:289)
	at java.lang.Thread.run(Thread.java:748)
Caused by: java.util.concurrent.TimeoutException
	at java.util.concurrent.CompletableFuture.timedGet(CompletableFuture.java:1771)
	at java.util.concurrent.CompletableFuture.get(CompletableFuture.java:1915)
	at org.apache.ratis.util.IOUtils.getFromFuture(IOUtils.java:79)
	... 4 more
2019-09-18 17:28:01,184 [3f36f173-4656-4d5a-831c-b6782f9f5ad2@group-4F90601D4E02-SegmentedRaftLogWorker] WARN  segmented.SegmentedRaftLogWorker (SegmentedRaftLogWorker.java:getFromFuture(90)) - Timeout 7/~
org.apache.ratis.protocol.TimeoutIOException: Timeout 10s: WriteLog:12: (t:2, i:12), STATEMACHINELOGENTRY, client-D63B3F3BC33D, cid=33-writeStateMachineData
	at org.apache.ratis.util.IOUtils.getFromFuture(IOUtils.java:87)
	at org.apache.ratis.server.raftlog.segmented.SegmentedRaftLogWorker$StateMachineDataPolicy.getFromFuture(SegmentedRaftLogWorker.java:87)
	at org.apache.ratis.server.raftlog.segmented.SegmentedRaftLogWorker$WriteLog.execute(SegmentedRaftLogWorker.java:477)
	at org.apache.ratis.server.raftlog.segmented.SegmentedRaftLogWorker.run(SegmentedRaftLogWorker.java:289)
	at java.lang.Thread.run(Thread.java:748)
Caused by: java.util.concurrent.TimeoutException
	at java.util.concurrent.CompletableFuture.timedGet(CompletableFuture.java:1771)
	at java.util.concurrent.CompletableFuture.get(CompletableFuture.java:1915)
	at org.apache.ratis.util.IOUtils.getFromFuture(IOUtils.java:79)
	... 4 more
2019-09-18 17:28:01,571 [java.util.concurrent.ThreadPoolExecutor$Worker@30c21f86[State = -1, empty queue]] WARN  server.GrpcLogAppender (GrpcLogAppender.java:timeoutAppendRequest(200)) - f1d6cbd0-cc55-4a8c-aff9-0f6c18a578e9@group-4F90601D4E02->3f36f173-4656-4d5a-831c-b6782f9f5ad2-GrpcLogAppender: appendEntries Timeout, request=f1d6cbd0-cc55-4a8c-aff9-0f6c18a578e9->3f36f173-4656-4d5a-831c-b6782f9f5ad2#117-t2, previous=(t:2, i:13), leaderCommit=10, initializing? false, entries: <empty>
2019-09-18 17:28:01,571 [java.util.concurrent.ThreadPoolExecutor$Worker@6cb5db01[State = -1, empty queue]] WARN  server.GrpcLogAppender (GrpcLogAppender.java:timeoutAppendRequest(200)) - f1d6cbd0-cc55-4a8c-aff9-0f6c18a578e9@group-4F90601D4E02->befaacb7-99cd-4d87-819a-d941cb77279d-GrpcLogAppender: appendEntries Timeout, request=f1d6cbd0-cc55-4a8c-aff9-0f6c18a578e9->befaacb7-99cd-4d87-819a-d941cb77279d#117-t2, previous=(t:2, i:13), leaderCommit=10, initializing? false, entries: <empty>
2019-09-18 17:28:01,677 [grpc-default-executor-6] INFO  client.GrpcClientProtocolClient (GrpcClientProtocolClient.java:onNext(264)) - client-D63B3F3BC33D->3f36f173-4656-4d5a-831c-b6782f9f5ad2: receive RaftClientReply:client-D63B3F3BC33D->3f36f173-4656-4d5a-831c-b6782f9f5ad2@group-4F90601D4E02, cid=32, FAILED org.apache.ratis.protocol.NotLeaderException: Server 3f36f173-4656-4d5a-831c-b6782f9f5ad2@group-4F90601D4E02 is not the leader f1d6cbd0-cc55-4a8c-aff9-0f6c18a578e9:192.168.151.122:38812, logIndex=0, commits[3f36f173-4656-4d5a-831c-b6782f9f5ad2:c10, f1d6cbd0-cc55-4a8c-aff9-0f6c18a578e9:c10, befaacb7-99cd-4d87-819a-d941cb77279d:c6]
2019-09-18 17:28:04,071 [java.util.concurrent.ThreadPoolExecutor$Worker@6cb5db01[State = -1, empty queue]] WARN  server.GrpcLogAppender (GrpcLogAppender.java:timeoutAppendRequest(200)) - f1d6cbd0-cc55-4a8c-aff9-0f6c18a578e9@group-4F90601D4E02->befaacb7-99cd-4d87-819a-d941cb77279d-GrpcLogAppender: appendEntries Timeout, request=f1d6cbd0-cc55-4a8c-aff9-0f6c18a578e9->befaacb7-99cd-4d87-819a-d941cb77279d#118-t2, previous=(t:2, i:13), leaderCommit=10, initializing? false, entries: <empty>
2019-09-18 17:28:04,071 [java.util.concurrent.ThreadPoolExecutor$Worker@30c21f86[State = -1, empty queue]] WARN  server.GrpcLogAppender (GrpcLogAppender.java:timeoutAppendRequest(200)) - f1d6cbd0-cc55-4a8c-aff9-0f6c18a578e9@group-4F90601D4E02->3f36f173-4656-4d5a-831c-b6782f9f5ad2-GrpcLogAppender: appendEntries Timeout, request=f1d6cbd0-cc55-4a8c-aff9-0f6c18a578e9->3f36f173-4656-4d5a-831c-b6782f9f5ad2#118-t2, previous=(t:2, i:13), leaderCommit=10, initializing? false, entries: <empty>
2019-09-18 17:28:06,572 [java.util.concurrent.ThreadPoolExecutor$Worker@6cb5db01[State = -1, empty queue]] WARN  server.GrpcLogAppender (GrpcLogAppender.java:timeoutAppendRequest(200)) - f1d6cbd0-cc55-4a8c-aff9-0f6c18a578e9@group-4F90601D4E02->befaacb7-99cd-4d87-819a-d941cb77279d-GrpcLogAppender: appendEntries Timeout, request=f1d6cbd0-cc55-4a8c-aff9-0f6c18a578e9->befaacb7-99cd-4d87-819a-d941cb77279d#119-t2, previous=(t:2, i:13), leaderCommit=10, initializing? false, entries: <empty>
2019-09-18 17:28:06,572 [java.util.concurrent.ThreadPoolExecutor$Worker@30c21f86[State = -1, empty queue]] WARN  server.GrpcLogAppender (GrpcLogAppender.java:timeoutAppendRequest(200)) - f1d6cbd0-cc55-4a8c-aff9-0f6c18a578e9@group-4F90601D4E02->3f36f173-4656-4d5a-831c-b6782f9f5ad2-GrpcLogAppender: appendEntries Timeout, request=f1d6cbd0-cc55-4a8c-aff9-0f6c18a578e9->3f36f173-4656-4d5a-831c-b6782f9f5ad2#119-t2, previous=(t:2, i:13), leaderCommit=10, initializing? false, entries: <empty>
2019-09-18 17:28:06,723 [grpc-default-executor-6] INFO  client.GrpcClientProtocolClient (GrpcClientProtocolClient.java:onNext(264)) - client-D63B3F3BC33D->befaacb7-99cd-4d87-819a-d941cb77279d: receive RaftClientReply:client-D63B3F3BC33D->befaacb7-99cd-4d87-819a-d941cb77279d@group-4F90601D4E02, cid=32, FAILED org.apache.ratis.protocol.NotLeaderException: Server befaacb7-99cd-4d87-819a-d941cb77279d@group-4F90601D4E02 is not the leader f1d6cbd0-cc55-4a8c-aff9-0f6c18a578e9:192.168.151.122:38812, logIndex=0, commits[befaacb7-99cd-4d87-819a-d941cb77279d:c10, f1d6cbd0-cc55-4a8c-aff9-0f6c18a578e9:c10, 3f36f173-4656-4d5a-831c-b6782f9f5ad2:c6]
2019-09-18 17:28:09,072 [java.util.concurrent.ThreadPoolExecutor$Worker@6cb5db01[State = -1, empty queue]] WARN  server.GrpcLogAppender (GrpcLogAppender.java:timeoutAppendRequest(200)) - f1d6cbd0-cc55-4a8c-aff9-0f6c18a578e9@group-4F90601D4E02->befaacb7-99cd-4d87-819a-d941cb77279d-GrpcLogAppender: appendEntries Timeout, request=f1d6cbd0-cc55-4a8c-aff9-0f6c18a578e9->befaacb7-99cd-4d87-819a-d941cb77279d#120-t2, previous=(t:2, i:13), leaderCommit=10, initializing? false, entries: <empty>
2019-09-18 17:28:09,072 [java.util.concurrent.ThreadPoolExecutor$Worker@30c21f86[State = -1, empty queue]] WARN  server.GrpcLogAppender (GrpcLogAppender.java:timeoutAppendRequest(200)) - f1d6cbd0-cc55-4a8c-aff9-0f6c18a578e9@group-4F90601D4E02->3f36f173-4656-4d5a-831c-b6782f9f5ad2-GrpcLogAppender: appendEntries Timeout, request=f1d6cbd0-cc55-4a8c-aff9-0f6c18a578e9->3f36f173-4656-4d5a-831c-b6782f9f5ad2#120-t2, previous=(t:2, i:13), leaderCommit=10, initializing? false, entries: <empty>
2019-09-18 17:28:11,165 [befaacb7-99cd-4d87-819a-d941cb77279d@group-4F90601D4E02-SegmentedRaftLogWorker] WARN  segmented.SegmentedRaftLogWorker (SegmentedRaftLogWorker.java:getFromFuture(90)) - Timeout 8/~
org.apache.ratis.protocol.TimeoutIOException: Timeout 10s: WriteLog:12: (t:2, i:12), STATEMACHINELOGENTRY, client-D63B3F3BC33D, cid=33-writeStateMachineData
	at org.apache.ratis.util.IOUtils.getFromFuture(IOUtils.java:87)
	at org.apache.ratis.server.raftlog.segmented.SegmentedRaftLogWorker$StateMachineDataPolicy.getFromFuture(SegmentedRaftLogWorker.java:87)
	at org.apache.ratis.server.raftlog.segmented.SegmentedRaftLogWorker$WriteLog.execute(SegmentedRaftLogWorker.java:477)
	at org.apache.ratis.server.raftlog.segmented.SegmentedRaftLogWorker.run(SegmentedRaftLogWorker.java:289)
	at java.lang.Thread.run(Thread.java:748)
Caused by: java.util.concurrent.TimeoutException
	at java.util.concurrent.CompletableFuture.timedGet(CompletableFuture.java:1771)
	at java.util.concurrent.CompletableFuture.get(CompletableFuture.java:1915)
	at org.apache.ratis.util.IOUtils.getFromFuture(IOUtils.java:79)
	... 4 more
2019-09-18 17:28:11,185 [f1d6cbd0-cc55-4a8c-aff9-0f6c18a578e9@group-4F90601D4E02-SegmentedRaftLogWorker] WARN  segmented.SegmentedRaftLogWorker (SegmentedRaftLogWorker.java:getFromFuture(90)) - Timeout 8/~
org.apache.ratis.protocol.TimeoutIOException: Timeout 10s: WriteLog:12: (t:2, i:12), STATEMACHINELOGENTRY, client-D63B3F3BC33D, cid=33-writeStateMachineData
	at org.apache.ratis.util.IOUtils.getFromFuture(IOUtils.java:87)
	at org.apache.ratis.server.raftlog.segmented.SegmentedRaftLogWorker$StateMachineDataPolicy.getFromFuture(SegmentedRaftLogWorker.java:87)
	at org.apache.ratis.server.raftlog.segmented.SegmentedRaftLogWorker$WriteLog.execute(SegmentedRaftLogWorker.java:477)
	at org.apache.ratis.server.raftlog.segmented.SegmentedRaftLogWorker.run(SegmentedRaftLogWorker.java:289)
	at java.lang.Thread.run(Thread.java:748)
Caused by: java.util.concurrent.TimeoutException
	at java.util.concurrent.CompletableFuture.timedGet(CompletableFuture.java:1771)
	at java.util.concurrent.CompletableFuture.get(CompletableFuture.java:1915)
	at org.apache.ratis.util.IOUtils.getFromFuture(IOUtils.java:79)
	... 4 more
2019-09-18 17:28:11,185 [3f36f173-4656-4d5a-831c-b6782f9f5ad2@group-4F90601D4E02-SegmentedRaftLogWorker] WARN  segmented.SegmentedRaftLogWorker (SegmentedRaftLogWorker.java:getFromFuture(90)) - Timeout 8/~
org.apache.ratis.protocol.TimeoutIOException: Timeout 10s: WriteLog:12: (t:2, i:12), STATEMACHINELOGENTRY, client-D63B3F3BC33D, cid=33-writeStateMachineData
	at org.apache.ratis.util.IOUtils.getFromFuture(IOUtils.java:87)
	at org.apache.ratis.server.raftlog.segmented.SegmentedRaftLogWorker$StateMachineDataPolicy.getFromFuture(SegmentedRaftLogWorker.java:87)
	at org.apache.ratis.server.raftlog.segmented.SegmentedRaftLogWorker$WriteLog.execute(SegmentedRaftLogWorker.java:477)
	at org.apache.ratis.server.raftlog.segmented.SegmentedRaftLogWorker.run(SegmentedRaftLogWorker.java:289)
	at java.lang.Thread.run(Thread.java:748)
Caused by: java.util.concurrent.TimeoutException
	at java.util.concurrent.CompletableFuture.timedGet(CompletableFuture.java:1771)
	at java.util.concurrent.CompletableFuture.get(CompletableFuture.java:1915)
	at org.apache.ratis.util.IOUtils.getFromFuture(IOUtils.java:79)
	... 4 more
2019-09-18 17:28:11,573 [java.util.concurrent.ThreadPoolExecutor$Worker@6cb5db01[State = -1, empty queue]] WARN  server.GrpcLogAppender (GrpcLogAppender.java:timeoutAppendRequest(200)) - f1d6cbd0-cc55-4a8c-aff9-0f6c18a578e9@group-4F90601D4E02->befaacb7-99cd-4d87-819a-d941cb77279d-GrpcLogAppender: appendEntries Timeout, request=f1d6cbd0-cc55-4a8c-aff9-0f6c18a578e9->befaacb7-99cd-4d87-819a-d941cb77279d#121-t2, previous=(t:2, i:13), leaderCommit=10, initializing? false, entries: <empty>
2019-09-18 17:28:11,573 [java.util.concurrent.ThreadPoolExecutor$Worker@30c21f86[State = -1, empty queue]] WARN  server.GrpcLogAppender (GrpcLogAppender.java:timeoutAppendRequest(200)) - f1d6cbd0-cc55-4a8c-aff9-0f6c18a578e9@group-4F90601D4E02->3f36f173-4656-4d5a-831c-b6782f9f5ad2-GrpcLogAppender: appendEntries Timeout, request=f1d6cbd0-cc55-4a8c-aff9-0f6c18a578e9->3f36f173-4656-4d5a-831c-b6782f9f5ad2#121-t2, previous=(t:2, i:13), leaderCommit=10, initializing? false, entries: <empty>
2019-09-18 17:28:11,771 [grpc-default-executor-6] INFO  client.GrpcClientProtocolClient (GrpcClientProtocolClient.java:onNext(264)) - client-D63B3F3BC33D->befaacb7-99cd-4d87-819a-d941cb77279d: receive RaftClientReply:client-D63B3F3BC33D->befaacb7-99cd-4d87-819a-d941cb77279d@group-4F90601D4E02, cid=32, FAILED org.apache.ratis.protocol.NotLeaderException: Server befaacb7-99cd-4d87-819a-d941cb77279d@group-4F90601D4E02 is not the leader f1d6cbd0-cc55-4a8c-aff9-0f6c18a578e9:192.168.151.122:38812, logIndex=0, commits[befaacb7-99cd-4d87-819a-d941cb77279d:c10, f1d6cbd0-cc55-4a8c-aff9-0f6c18a578e9:c10, 3f36f173-4656-4d5a-831c-b6782f9f5ad2:c6]
2019-09-18 17:28:14,073 [java.util.concurrent.ThreadPoolExecutor$Worker@30c21f86[State = -1, empty queue]] WARN  server.GrpcLogAppender (GrpcLogAppender.java:timeoutAppendRequest(200)) - f1d6cbd0-cc55-4a8c-aff9-0f6c18a578e9@group-4F90601D4E02->3f36f173-4656-4d5a-831c-b6782f9f5ad2-GrpcLogAppender: appendEntries Timeout, request=f1d6cbd0-cc55-4a8c-aff9-0f6c18a578e9->3f36f173-4656-4d5a-831c-b6782f9f5ad2#122-t2, previous=(t:2, i:13), leaderCommit=10, initializing? false, entries: <empty>
2019-09-18 17:28:14,073 [java.util.concurrent.ThreadPoolExecutor$Worker@6cb5db01[State = -1, empty queue]] WARN  server.GrpcLogAppender (GrpcLogAppender.java:timeoutAppendRequest(200)) - f1d6cbd0-cc55-4a8c-aff9-0f6c18a578e9@group-4F90601D4E02->befaacb7-99cd-4d87-819a-d941cb77279d-GrpcLogAppender: appendEntries Timeout, request=f1d6cbd0-cc55-4a8c-aff9-0f6c18a578e9->befaacb7-99cd-4d87-819a-d941cb77279d#122-t2, previous=(t:2, i:13), leaderCommit=10, initializing? false, entries: <empty>
2019-09-18 17:28:16,574 [java.util.concurrent.ThreadPoolExecutor$Worker@30c21f86[State = -1, empty queue]] WARN  server.GrpcLogAppender (GrpcLogAppender.java:timeoutAppendRequest(200)) - f1d6cbd0-cc55-4a8c-aff9-0f6c18a578e9@group-4F90601D4E02->3f36f173-4656-4d5a-831c-b6782f9f5ad2-GrpcLogAppender: appendEntries Timeout, request=f1d6cbd0-cc55-4a8c-aff9-0f6c18a578e9->3f36f173-4656-4d5a-831c-b6782f9f5ad2#123-t2, previous=(t:2, i:13), leaderCommit=10, initializing? false, entries: <empty>
2019-09-18 17:28:16,574 [java.util.concurrent.ThreadPoolExecutor$Worker@6cb5db01[State = -1, empty queue]] WARN  server.GrpcLogAppender (GrpcLogAppender.java:timeoutAppendRequest(200)) - f1d6cbd0-cc55-4a8c-aff9-0f6c18a578e9@group-4F90601D4E02->befaacb7-99cd-4d87-819a-d941cb77279d-GrpcLogAppender: appendEntries Timeout, request=f1d6cbd0-cc55-4a8c-aff9-0f6c18a578e9->befaacb7-99cd-4d87-819a-d941cb77279d#123-t2, previous=(t:2, i:13), leaderCommit=10, initializing? false, entries: <empty>
2019-09-18 17:28:16,806 [grpc-default-executor-7] INFO  client.GrpcClientProtocolClient (GrpcClientProtocolClient.java:onNext(264)) - client-D63B3F3BC33D->befaacb7-99cd-4d87-819a-d941cb77279d: receive RaftClientReply:client-D63B3F3BC33D->befaacb7-99cd-4d87-819a-d941cb77279d@group-4F90601D4E02, cid=32, FAILED org.apache.ratis.protocol.NotLeaderException: Server befaacb7-99cd-4d87-819a-d941cb77279d@group-4F90601D4E02 is not the leader f1d6cbd0-cc55-4a8c-aff9-0f6c18a578e9:192.168.151.122:38812, logIndex=0, commits[befaacb7-99cd-4d87-819a-d941cb77279d:c10, f1d6cbd0-cc55-4a8c-aff9-0f6c18a578e9:c10, 3f36f173-4656-4d5a-831c-b6782f9f5ad2:c6]
2019-09-18 17:28:19,074 [java.util.concurrent.ThreadPoolExecutor$Worker@6cb5db01[State = -1, empty queue]] WARN  server.GrpcLogAppender (GrpcLogAppender.java:timeoutAppendRequest(200)) - f1d6cbd0-cc55-4a8c-aff9-0f6c18a578e9@group-4F90601D4E02->befaacb7-99cd-4d87-819a-d941cb77279d-GrpcLogAppender: appendEntries Timeout, request=f1d6cbd0-cc55-4a8c-aff9-0f6c18a578e9->befaacb7-99cd-4d87-819a-d941cb77279d#124-t2, previous=(t:2, i:13), leaderCommit=10, initializing? false, entries: <empty>
2019-09-18 17:28:19,074 [java.util.concurrent.ThreadPoolExecutor$Worker@30c21f86[State = -1, empty queue]] WARN  server.GrpcLogAppender (GrpcLogAppender.java:timeoutAppendRequest(200)) - f1d6cbd0-cc55-4a8c-aff9-0f6c18a578e9@group-4F90601D4E02->3f36f173-4656-4d5a-831c-b6782f9f5ad2-GrpcLogAppender: appendEntries Timeout, request=f1d6cbd0-cc55-4a8c-aff9-0f6c18a578e9->3f36f173-4656-4d5a-831c-b6782f9f5ad2#124-t2, previous=(t:2, i:13), leaderCommit=10, initializing? false, entries: <empty>
2019-09-18 17:28:21,167 [befaacb7-99cd-4d87-819a-d941cb77279d@group-4F90601D4E02-SegmentedRaftLogWorker] WARN  segmented.SegmentedRaftLogWorker (SegmentedRaftLogWorker.java:getFromFuture(90)) - Timeout 9/~
org.apache.ratis.protocol.TimeoutIOException: Timeout 10s: WriteLog:12: (t:2, i:12), STATEMACHINELOGENTRY, client-D63B3F3BC33D, cid=33-writeStateMachineData
	at org.apache.ratis.util.IOUtils.getFromFuture(IOUtils.java:87)
	at org.apache.ratis.server.raftlog.segmented.SegmentedRaftLogWorker$StateMachineDataPolicy.getFromFuture(SegmentedRaftLogWorker.java:87)
	at org.apache.ratis.server.raftlog.segmented.SegmentedRaftLogWorker$WriteLog.execute(SegmentedRaftLogWorker.java:477)
	at org.apache.ratis.server.raftlog.segmented.SegmentedRaftLogWorker.run(SegmentedRaftLogWorker.java:289)
	at java.lang.Thread.run(Thread.java:748)
Caused by: java.util.concurrent.TimeoutException
	at java.util.concurrent.CompletableFuture.timedGet(CompletableFuture.java:1771)
	at java.util.concurrent.CompletableFuture.get(CompletableFuture.java:1915)
	at org.apache.ratis.util.IOUtils.getFromFuture(IOUtils.java:79)
	... 4 more
2019-09-18 17:28:21,185 [f1d6cbd0-cc55-4a8c-aff9-0f6c18a578e9@group-4F90601D4E02-SegmentedRaftLogWorker] WARN  segmented.SegmentedRaftLogWorker (SegmentedRaftLogWorker.java:getFromFuture(90)) - Timeout 9/~
org.apache.ratis.protocol.TimeoutIOException: Timeout 10s: WriteLog:12: (t:2, i:12), STATEMACHINELOGENTRY, client-D63B3F3BC33D, cid=33-writeStateMachineData
	at org.apache.ratis.util.IOUtils.getFromFuture(IOUtils.java:87)
	at org.apache.ratis.server.raftlog.segmented.SegmentedRaftLogWorker$StateMachineDataPolicy.getFromFuture(SegmentedRaftLogWorker.java:87)
	at org.apache.ratis.server.raftlog.segmented.SegmentedRaftLogWorker$WriteLog.execute(SegmentedRaftLogWorker.java:477)
	at org.apache.ratis.server.raftlog.segmented.SegmentedRaftLogWorker.run(SegmentedRaftLogWorker.java:289)
	at java.lang.Thread.run(Thread.java:748)
Caused by: java.util.concurrent.TimeoutException
	at java.util.concurrent.CompletableFuture.timedGet(CompletableFuture.java:1771)
	at java.util.concurrent.CompletableFuture.get(CompletableFuture.java:1915)
	at org.apache.ratis.util.IOUtils.getFromFuture(IOUtils.java:79)
	... 4 more
2019-09-18 17:28:21,186 [3f36f173-4656-4d5a-831c-b6782f9f5ad2@group-4F90601D4E02-SegmentedRaftLogWorker] WARN  segmented.SegmentedRaftLogWorker (SegmentedRaftLogWorker.java:getFromFuture(90)) - Timeout 9/~
org.apache.ratis.protocol.TimeoutIOException: Timeout 10s: WriteLog:12: (t:2, i:12), STATEMACHINELOGENTRY, client-D63B3F3BC33D, cid=33-writeStateMachineData
	at org.apache.ratis.util.IOUtils.getFromFuture(IOUtils.java:87)
	at org.apache.ratis.server.raftlog.segmented.SegmentedRaftLogWorker$StateMachineDataPolicy.getFromFuture(SegmentedRaftLogWorker.java:87)
	at org.apache.ratis.server.raftlog.segmented.SegmentedRaftLogWorker$WriteLog.execute(SegmentedRaftLogWorker.java:477)
	at org.apache.ratis.server.raftlog.segmented.SegmentedRaftLogWorker.run(SegmentedRaftLogWorker.java:289)
	at java.lang.Thread.run(Thread.java:748)
Caused by: java.util.concurrent.TimeoutException
	at java.util.concurrent.CompletableFuture.timedGet(CompletableFuture.java:1771)
	at java.util.concurrent.CompletableFuture.get(CompletableFuture.java:1915)
	at org.apache.ratis.util.IOUtils.getFromFuture(IOUtils.java:79)
	... 4 more
2019-09-18 17:28:21,574 [java.util.concurrent.ThreadPoolExecutor$Worker@30c21f86[State = -1, empty queue]] WARN  server.GrpcLogAppender (GrpcLogAppender.java:timeoutAppendRequest(200)) - f1d6cbd0-cc55-4a8c-aff9-0f6c18a578e9@group-4F90601D4E02->3f36f173-4656-4d5a-831c-b6782f9f5ad2-GrpcLogAppender: appendEntries Timeout, request=f1d6cbd0-cc55-4a8c-aff9-0f6c18a578e9->3f36f173-4656-4d5a-831c-b6782f9f5ad2#125-t2, previous=(t:2, i:13), leaderCommit=10, initializing? false, entries: <empty>
2019-09-18 17:28:21,574 [java.util.concurrent.ThreadPoolExecutor$Worker@6cb5db01[State = -1, empty queue]] WARN  server.GrpcLogAppender (GrpcLogAppender.java:timeoutAppendRequest(200)) - f1d6cbd0-cc55-4a8c-aff9-0f6c18a578e9@group-4F90601D4E02->befaacb7-99cd-4d87-819a-d941cb77279d-GrpcLogAppender: appendEntries Timeout, request=f1d6cbd0-cc55-4a8c-aff9-0f6c18a578e9->befaacb7-99cd-4d87-819a-d941cb77279d#125-t2, previous=(t:2, i:13), leaderCommit=10, initializing? false, entries: <empty>
2019-09-18 17:28:21,840 [grpc-default-executor-7] INFO  client.GrpcClientProtocolClient (GrpcClientProtocolClient.java:onNext(264)) - client-D63B3F3BC33D->3f36f173-4656-4d5a-831c-b6782f9f5ad2: receive RaftClientReply:client-D63B3F3BC33D->3f36f173-4656-4d5a-831c-b6782f9f5ad2@group-4F90601D4E02, cid=32, FAILED org.apache.ratis.protocol.NotLeaderException: Server 3f36f173-4656-4d5a-831c-b6782f9f5ad2@group-4F90601D4E02 is not the leader f1d6cbd0-cc55-4a8c-aff9-0f6c18a578e9:192.168.151.122:38812, logIndex=0, commits[3f36f173-4656-4d5a-831c-b6782f9f5ad2:c10, f1d6cbd0-cc55-4a8c-aff9-0f6c18a578e9:c10, befaacb7-99cd-4d87-819a-d941cb77279d:c6]
2019-09-18 17:28:21,855 [grpc-default-worker-ELG-3-4] WARN  nio.NioEventLoop (NioEventLoop.java:select(786)) - Selector.select() returned prematurely {} times in a row; rebuilding Selector {}.
2019-09-18 17:28:21,856 [grpc-default-worker-ELG-3-4] INFO  nio.NioEventLoop (NioEventLoop.java:rebuildSelector0(396)) - Migrated 9 channel(s) to the new Selector.
2019-09-18 17:28:24,075 [java.util.concurrent.ThreadPoolExecutor$Worker@30c21f86[State = -1, empty queue]] WARN  server.GrpcLogAppender (GrpcLogAppender.java:timeoutAppendRequest(200)) - f1d6cbd0-cc55-4a8c-aff9-0f6c18a578e9@group-4F90601D4E02->3f36f173-4656-4d5a-831c-b6782f9f5ad2-GrpcLogAppender: appendEntries Timeout, request=f1d6cbd0-cc55-4a8c-aff9-0f6c18a578e9->3f36f173-4656-4d5a-831c-b6782f9f5ad2#126-t2, previous=(t:2, i:13), leaderCommit=10, initializing? false, entries: <empty>
2019-09-18 17:28:24,075 [java.util.concurrent.ThreadPoolExecutor$Worker@6cb5db01[State = -1, empty queue]] WARN  server.GrpcLogAppender (GrpcLogAppender.java:timeoutAppendRequest(200)) - f1d6cbd0-cc55-4a8c-aff9-0f6c18a578e9@group-4F90601D4E02->befaacb7-99cd-4d87-819a-d941cb77279d-GrpcLogAppender: appendEntries Timeout, request=f1d6cbd0-cc55-4a8c-aff9-0f6c18a578e9->befaacb7-99cd-4d87-819a-d941cb77279d#126-t2, previous=(t:2, i:13), leaderCommit=10, initializing? false, entries: <empty>
2019-09-18 17:28:26,575 [java.util.concurrent.ThreadPoolExecutor$Worker@6cb5db01[State = -1, empty queue]] WARN  server.GrpcLogAppender (GrpcLogAppender.java:timeoutAppendRequest(200)) - f1d6cbd0-cc55-4a8c-aff9-0f6c18a578e9@group-4F90601D4E02->befaacb7-99cd-4d87-819a-d941cb77279d-GrpcLogAppender: appendEntries Timeout, request=f1d6cbd0-cc55-4a8c-aff9-0f6c18a578e9->befaacb7-99cd-4d87-819a-d941cb77279d#127-t2, previous=(t:2, i:13), leaderCommit=10, initializing? false, entries: <empty>
2019-09-18 17:28:26,575 [java.util.concurrent.ThreadPoolExecutor$Worker@30c21f86[State = -1, empty queue]] WARN  server.GrpcLogAppender (GrpcLogAppender.java:timeoutAppendRequest(200)) - f1d6cbd0-cc55-4a8c-aff9-0f6c18a578e9@group-4F90601D4E02->3f36f173-4656-4d5a-831c-b6782f9f5ad2-GrpcLogAppender: appendEntries Timeout, request=f1d6cbd0-cc55-4a8c-aff9-0f6c18a578e9->3f36f173-4656-4d5a-831c-b6782f9f5ad2#127-t2, previous=(t:2, i:13), leaderCommit=10, initializing? false, entries: <empty>
2019-09-18 17:28:26,878 [grpc-default-executor-6] INFO  client.GrpcClientProtocolClient (GrpcClientProtocolClient.java:onNext(264)) - client-D63B3F3BC33D->befaacb7-99cd-4d87-819a-d941cb77279d: receive RaftClientReply:client-D63B3F3BC33D->befaacb7-99cd-4d87-819a-d941cb77279d@group-4F90601D4E02, cid=32, FAILED org.apache.ratis.protocol.NotLeaderException: Server befaacb7-99cd-4d87-819a-d941cb77279d@group-4F90601D4E02 is not the leader f1d6cbd0-cc55-4a8c-aff9-0f6c18a578e9:192.168.151.122:38812, logIndex=0, commits[befaacb7-99cd-4d87-819a-d941cb77279d:c10, f1d6cbd0-cc55-4a8c-aff9-0f6c18a578e9:c10, 3f36f173-4656-4d5a-831c-b6782f9f5ad2:c6]
2019-09-18 17:28:28,751 [ReplicationMonitor] INFO  container.ReplicationManager (ReplicationManager.java:forceCloseContainer(464)) - Force closing container #1 with BCSID 4, which is in QUASI_CLOSED state.
2019-09-18 17:28:28,753 [ReplicationMonitor] INFO  container.ReplicationManager (ReplicationManager.java:sendCloseCommand(659)) - Sending close container command for container #1 to datanode 35e8f602-e85b-40b3-a2e8-9c7f2541a1dc{ip: 192.168.151.122, host: pr-hdds-2121-ltkqc-3926781246, networkLocation: /default-rack, certSerialId: null}.
2019-09-18 17:28:28,753 [ReplicationMonitor] INFO  container.ReplicationManager (ReplicationManager.java:sendCloseCommand(659)) - Sending close container command for container #1 to datanode 7ce2171e-d7bb-488f-b53c-71f230bd4ba7{ip: 192.168.151.122, host: pr-hdds-2121-ltkqc-3926781246, networkLocation: /default-rack, certSerialId: null}.
2019-09-18 17:28:28,754 [ReplicationMonitor] INFO  container.ReplicationManager (ReplicationManager.java:sendCloseCommand(659)) - Sending close container command for container #1 to datanode 60c95f10-37ee-49eb-b84e-63ada232a784{ip: 192.168.151.122, host: pr-hdds-2121-ltkqc-3926781246, networkLocation: /default-rack, certSerialId: null}.
2019-09-18 17:28:28,754 [ReplicationMonitor] INFO  container.ReplicationManager (ReplicationManager.java:forceCloseContainer(464)) - Force closing container #2 with BCSID 0, which is in QUASI_CLOSED state.
2019-09-18 17:28:28,755 [ReplicationMonitor] INFO  container.ReplicationManager (ReplicationManager.java:sendCloseCommand(659)) - Sending close container command for container #2 to datanode 35e8f602-e85b-40b3-a2e8-9c7f2541a1dc{ip: 192.168.151.122, host: pr-hdds-2121-ltkqc-3926781246, networkLocation: /default-rack, certSerialId: null}.
2019-09-18 17:28:28,755 [ReplicationMonitor] INFO  container.ReplicationManager (ReplicationManager.java:sendCloseCommand(659)) - Sending close container command for container #2 to datanode 7ce2171e-d7bb-488f-b53c-71f230bd4ba7{ip: 192.168.151.122, host: pr-hdds-2121-ltkqc-3926781246, networkLocation: /default-rack, certSerialId: null}.
2019-09-18 17:28:28,755 [ReplicationMonitor] INFO  container.ReplicationManager (ReplicationManager.java:sendCloseCommand(659)) - Sending close container command for container #2 to datanode 60c95f10-37ee-49eb-b84e-63ada232a784{ip: 192.168.151.122, host: pr-hdds-2121-ltkqc-3926781246, networkLocation: /default-rack, certSerialId: null}.
2019-09-18 17:28:28,755 [ReplicationMonitor] INFO  container.ReplicationManager (ReplicationManager.java:run(225)) - Replication Monitor Thread took 10 milliseconds for processing 4 containers.
2019-09-18 17:28:29,075 [java.util.concurrent.ThreadPoolExecutor$Worker@6cb5db01[State = -1, empty queue]] WARN  server.GrpcLogAppender (GrpcLogAppender.java:timeoutAppendRequest(200)) - f1d6cbd0-cc55-4a8c-aff9-0f6c18a578e9@group-4F90601D4E02->befaacb7-99cd-4d87-819a-d941cb77279d-GrpcLogAppender: appendEntries Timeout, request=f1d6cbd0-cc55-4a8c-aff9-0f6c18a578e9->befaacb7-99cd-4d87-819a-d941cb77279d#128-t2, previous=(t:2, i:13), leaderCommit=10, initializing? false, entries: <empty>
2019-09-18 17:28:29,075 [java.util.concurrent.ThreadPoolExecutor$Worker@30c21f86[State = -1, empty queue]] WARN  server.GrpcLogAppender (GrpcLogAppender.java:timeoutAppendRequest(200)) - f1d6cbd0-cc55-4a8c-aff9-0f6c18a578e9@group-4F90601D4E02->3f36f173-4656-4d5a-831c-b6782f9f5ad2-GrpcLogAppender: appendEntries Timeout, request=f1d6cbd0-cc55-4a8c-aff9-0f6c18a578e9->3f36f173-4656-4d5a-831c-b6782f9f5ad2#128-t2, previous=(t:2, i:13), leaderCommit=10, initializing? false, entries: <empty>
2019-09-18 17:28:29,872 [Command processor thread] INFO  interfaces.Container (KeyValueContainer.java:flushAndSyncDB(386)) - Container 1 is synced with bcsId 4.
2019-09-18 17:28:29,876 [Command processor thread] INFO  interfaces.Container (KeyValueContainer.java:flushAndSyncDB(386)) - Container 1 is synced with bcsId 4.
2019-09-18 17:28:29,892 [Command processor thread] INFO  interfaces.Container (KeyValueContainer.java:close(335)) - Container 1 is closed with bcsId 4.
2019-09-18 17:28:29,892 [Command processor thread] INFO  interfaces.Container (KeyValueContainer.java:flushAndSyncDB(386)) - Container 2 is synced with bcsId 0.
2019-09-18 17:28:29,892 [Command processor thread] INFO  interfaces.Container (KeyValueContainer.java:flushAndSyncDB(386)) - Container 2 is synced with bcsId 0.
2019-09-18 17:28:29,893 [EventQueue-IncrementalContainerReportForIncrementalContainerReportHandler] INFO  container.IncrementalContainerReportHandler (AbstractContainerReportHandler.java:updateContainerState(202)) - Moving container #1 to CLOSED state, datanode 60c95f10-37ee-49eb-b84e-63ada232a784{ip: 192.168.151.122, host: pr-hdds-2121-ltkqc-3926781246, networkLocation: /default-rack, certSerialId: null} reported CLOSED replica.
2019-09-18 17:28:29,898 [Command processor thread] INFO  interfaces.Container (KeyValueContainer.java:close(335)) - Container 2 is closed with bcsId 0.
2019-09-18 17:28:29,898 [EventQueue-IncrementalContainerReportForIncrementalContainerReportHandler] INFO  container.IncrementalContainerReportHandler (AbstractContainerReportHandler.java:updateContainerState(202)) - Moving container #2 to CLOSED state, datanode 60c95f10-37ee-49eb-b84e-63ada232a784{ip: 192.168.151.122, host: pr-hdds-2121-ltkqc-3926781246, networkLocation: /default-rack, certSerialId: null} reported CLOSED replica.
2019-09-18 17:28:29,979 [Command processor thread] INFO  interfaces.Container (KeyValueContainer.java:flushAndSyncDB(386)) - Container 1 is synced with bcsId 4.
2019-09-18 17:28:29,980 [Command processor thread] INFO  interfaces.Container (KeyValueContainer.java:flushAndSyncDB(386)) - Container 1 is synced with bcsId 4.
2019-09-18 17:28:29,993 [Command processor thread] INFO  interfaces.Container (KeyValueContainer.java:close(335)) - Container 1 is closed with bcsId 4.
2019-09-18 17:28:29,993 [Command processor thread] INFO  interfaces.Container (KeyValueContainer.java:flushAndSyncDB(386)) - Container 2 is synced with bcsId 0.
2019-09-18 17:28:29,994 [Command processor thread] INFO  interfaces.Container (KeyValueContainer.java:flushAndSyncDB(386)) - Container 2 is synced with bcsId 0.
2019-09-18 17:28:29,999 [Command processor thread] INFO  interfaces.Container (KeyValueContainer.java:close(335)) - Container 2 is closed with bcsId 0.
2019-09-18 17:28:31,167 [befaacb7-99cd-4d87-819a-d941cb77279d@group-4F90601D4E02-SegmentedRaftLogWorker] WARN  segmented.SegmentedRaftLogWorker (SegmentedRaftLogWorker.java:getFromFuture(90)) - Timeout 10/~
org.apache.ratis.protocol.TimeoutIOException: Timeout 10s: WriteLog:12: (t:2, i:12), STATEMACHINELOGENTRY, client-D63B3F3BC33D, cid=33-writeStateMachineData
	at org.apache.ratis.util.IOUtils.getFromFuture(IOUtils.java:87)
	at org.apache.ratis.server.raftlog.segmented.SegmentedRaftLogWorker$StateMachineDataPolicy.getFromFuture(SegmentedRaftLogWorker.java:87)
	at org.apache.ratis.server.raftlog.segmented.SegmentedRaftLogWorker$WriteLog.execute(SegmentedRaftLogWorker.java:477)
	at org.apache.ratis.server.raftlog.segmented.SegmentedRaftLogWorker.run(SegmentedRaftLogWorker.java:289)
	at java.lang.Thread.run(Thread.java:748)
Caused by: java.util.concurrent.TimeoutException
	at java.util.concurrent.CompletableFuture.timedGet(CompletableFuture.java:1771)
	at java.util.concurrent.CompletableFuture.get(CompletableFuture.java:1915)
	at org.apache.ratis.util.IOUtils.getFromFuture(IOUtils.java:79)
	... 4 more
2019-09-18 17:28:31,186 [f1d6cbd0-cc55-4a8c-aff9-0f6c18a578e9@group-4F90601D4E02-SegmentedRaftLogWorker] WARN  segmented.SegmentedRaftLogWorker (SegmentedRaftLogWorker.java:getFromFuture(90)) - Timeout 10/~
org.apache.ratis.protocol.TimeoutIOException: Timeout 10s: WriteLog:12: (t:2, i:12), STATEMACHINELOGENTRY, client-D63B3F3BC33D, cid=33-writeStateMachineData
	at org.apache.ratis.util.IOUtils.getFromFuture(IOUtils.java:87)
	at org.apache.ratis.server.raftlog.segmented.SegmentedRaftLogWorker$StateMachineDataPolicy.getFromFuture(SegmentedRaftLogWorker.java:87)
	at org.apache.ratis.server.raftlog.segmented.SegmentedRaftLogWorker$WriteLog.execute(SegmentedRaftLogWorker.java:477)
	at org.apache.ratis.server.raftlog.segmented.SegmentedRaftLogWorker.run(SegmentedRaftLogWorker.java:289)
	at java.lang.Thread.run(Thread.java:748)
Caused by: java.util.concurrent.TimeoutException
	at java.util.concurrent.CompletableFuture.timedGet(CompletableFuture.java:1771)
	at java.util.concurrent.CompletableFuture.get(CompletableFuture.java:1915)
	at org.apache.ratis.util.IOUtils.getFromFuture(IOUtils.java:79)
	... 4 more
2019-09-18 17:28:31,186 [3f36f173-4656-4d5a-831c-b6782f9f5ad2@group-4F90601D4E02-SegmentedRaftLogWorker] WARN  segmented.SegmentedRaftLogWorker (SegmentedRaftLogWorker.java:getFromFuture(90)) - Timeout 10/~
org.apache.ratis.protocol.TimeoutIOException: Timeout 10s: WriteLog:12: (t:2, i:12), STATEMACHINELOGENTRY, client-D63B3F3BC33D, cid=33-writeStateMachineData
	at org.apache.ratis.util.IOUtils.getFromFuture(IOUtils.java:87)
	at org.apache.ratis.server.raftlog.segmented.SegmentedRaftLogWorker$StateMachineDataPolicy.getFromFuture(SegmentedRaftLogWorker.java:87)
	at org.apache.ratis.server.raftlog.segmented.SegmentedRaftLogWorker$WriteLog.execute(SegmentedRaftLogWorker.java:477)
	at org.apache.ratis.server.raftlog.segmented.SegmentedRaftLogWorker.run(SegmentedRaftLogWorker.java:289)
	at java.lang.Thread.run(Thread.java:748)
Caused by: java.util.concurrent.TimeoutException
	at java.util.concurrent.CompletableFuture.timedGet(CompletableFuture.java:1771)
	at java.util.concurrent.CompletableFuture.get(CompletableFuture.java:1915)
	at org.apache.ratis.util.IOUtils.getFromFuture(IOUtils.java:79)
	... 4 more
2019-09-18 17:28:31,576 [java.util.concurrent.ThreadPoolExecutor$Worker@30c21f86[State = -1, empty queue]] WARN  server.GrpcLogAppender (GrpcLogAppender.java:timeoutAppendRequest(200)) - f1d6cbd0-cc55-4a8c-aff9-0f6c18a578e9@group-4F90601D4E02->3f36f173-4656-4d5a-831c-b6782f9f5ad2-GrpcLogAppender: appendEntries Timeout, request=f1d6cbd0-cc55-4a8c-aff9-0f6c18a578e9->3f36f173-4656-4d5a-831c-b6782f9f5ad2#129-t2, previous=(t:2, i:13), leaderCommit=10, initializing? false, entries: <empty>
2019-09-18 17:28:31,576 [java.util.concurrent.ThreadPoolExecutor$Worker@6cb5db01[State = -1, empty queue]] WARN  server.GrpcLogAppender (GrpcLogAppender.java:timeoutAppendRequest(200)) - f1d6cbd0-cc55-4a8c-aff9-0f6c18a578e9@group-4F90601D4E02->befaacb7-99cd-4d87-819a-d941cb77279d-GrpcLogAppender: appendEntries Timeout, request=f1d6cbd0-cc55-4a8c-aff9-0f6c18a578e9->befaacb7-99cd-4d87-819a-d941cb77279d#129-t2, previous=(t:2, i:13), leaderCommit=10, initializing? false, entries: <empty>
2019-09-18 17:28:31,705 [Command processor thread] INFO  interfaces.Container (KeyValueContainer.java:flushAndSyncDB(386)) - Container 1 is synced with bcsId 4.
2019-09-18 17:28:31,706 [Command processor thread] INFO  interfaces.Container (KeyValueContainer.java:flushAndSyncDB(386)) - Container 1 is synced with bcsId 4.
2019-09-18 17:28:31,720 [Command processor thread] INFO  interfaces.Container (KeyValueContainer.java:close(335)) - Container 1 is closed with bcsId 4.
2019-09-18 17:28:31,721 [Command processor thread] INFO  interfaces.Container (KeyValueContainer.java:flushAndSyncDB(386)) - Container 2 is synced with bcsId 0.
2019-09-18 17:28:31,721 [Command processor thread] INFO  interfaces.Container (KeyValueContainer.java:flushAndSyncDB(386)) - Container 2 is synced with bcsId 0.
2019-09-18 17:28:31,736 [Command processor thread] INFO  interfaces.Container (KeyValueContainer.java:close(335)) - Container 2 is closed with bcsId 0.
2019-09-18 17:28:31,912 [grpc-default-executor-7] INFO  client.GrpcClientProtocolClient (GrpcClientProtocolClient.java:onNext(264)) - client-D63B3F3BC33D->befaacb7-99cd-4d87-819a-d941cb77279d: receive RaftClientReply:client-D63B3F3BC33D->befaacb7-99cd-4d87-819a-d941cb77279d@group-4F90601D4E02, cid=32, FAILED org.apache.ratis.protocol.NotLeaderException: Server befaacb7-99cd-4d87-819a-d941cb77279d@group-4F90601D4E02 is not the leader f1d6cbd0-cc55-4a8c-aff9-0f6c18a578e9:192.168.151.122:38812, logIndex=0, commits[befaacb7-99cd-4d87-819a-d941cb77279d:c10, f1d6cbd0-cc55-4a8c-aff9-0f6c18a578e9:c10, 3f36f173-4656-4d5a-831c-b6782f9f5ad2:c6]
2019-09-18 17:28:34,076 [java.util.concurrent.ThreadPoolExecutor$Worker@30c21f86[State = -1, empty queue]] WARN  server.GrpcLogAppender (GrpcLogAppender.java:timeoutAppendRequest(200)) - f1d6cbd0-cc55-4a8c-aff9-0f6c18a578e9@group-4F90601D4E02->3f36f173-4656-4d5a-831c-b6782f9f5ad2-GrpcLogAppender: appendEntries Timeout, request=f1d6cbd0-cc55-4a8c-aff9-0f6c18a578e9->3f36f173-4656-4d5a-831c-b6782f9f5ad2#130-t2, previous=(t:2, i:13), leaderCommit=10, initializing? false, entries: <empty>
2019-09-18 17:28:34,076 [java.util.concurrent.ThreadPoolExecutor$Worker@6cb5db01[State = -1, empty queue]] WARN  server.GrpcLogAppender (GrpcLogAppender.java:timeoutAppendRequest(200)) - f1d6cbd0-cc55-4a8c-aff9-0f6c18a578e9@group-4F90601D4E02->befaacb7-99cd-4d87-819a-d941cb77279d-GrpcLogAppender: appendEntries Timeout, request=f1d6cbd0-cc55-4a8c-aff9-0f6c18a578e9->befaacb7-99cd-4d87-819a-d941cb77279d#130-t2, previous=(t:2, i:13), leaderCommit=10, initializing? false, entries: <empty>
2019-09-18 17:28:36,577 [java.util.concurrent.ThreadPoolExecutor$Worker@6cb5db01[State = -1, empty queue]] WARN  server.GrpcLogAppender (GrpcLogAppender.java:timeoutAppendRequest(200)) - f1d6cbd0-cc55-4a8c-aff9-0f6c18a578e9@group-4F90601D4E02->befaacb7-99cd-4d87-819a-d941cb77279d-GrpcLogAppender: appendEntries Timeout, request=f1d6cbd0-cc55-4a8c-aff9-0f6c18a578e9->befaacb7-99cd-4d87-819a-d941cb77279d#131-t2, previous=(t:2, i:13), leaderCommit=10, initializing? false, entries: <empty>
2019-09-18 17:28:36,577 [java.util.concurrent.ThreadPoolExecutor$Worker@30c21f86[State = -1, empty queue]] WARN  server.GrpcLogAppender (GrpcLogAppender.java:timeoutAppendRequest(200)) - f1d6cbd0-cc55-4a8c-aff9-0f6c18a578e9@group-4F90601D4E02->3f36f173-4656-4d5a-831c-b6782f9f5ad2-GrpcLogAppender: appendEntries Timeout, request=f1d6cbd0-cc55-4a8c-aff9-0f6c18a578e9->3f36f173-4656-4d5a-831c-b6782f9f5ad2#131-t2, previous=(t:2, i:13), leaderCommit=10, initializing? false, entries: <empty>
2019-09-18 17:28:36,964 [grpc-default-executor-6] INFO  client.GrpcClientProtocolClient (GrpcClientProtocolClient.java:onNext(264)) - client-D63B3F3BC33D->befaacb7-99cd-4d87-819a-d941cb77279d: receive RaftClientReply:client-D63B3F3BC33D->befaacb7-99cd-4d87-819a-d941cb77279d@group-4F90601D4E02, cid=32, FAILED org.apache.ratis.protocol.NotLeaderException: Server befaacb7-99cd-4d87-819a-d941cb77279d@group-4F90601D4E02 is not the leader f1d6cbd0-cc55-4a8c-aff9-0f6c18a578e9:192.168.151.122:38812, logIndex=0, commits[befaacb7-99cd-4d87-819a-d941cb77279d:c10, f1d6cbd0-cc55-4a8c-aff9-0f6c18a578e9:c10, 3f36f173-4656-4d5a-831c-b6782f9f5ad2:c6]
2019-09-18 17:28:39,077 [java.util.concurrent.ThreadPoolExecutor$Worker@6cb5db01[State = -1, empty queue]] WARN  server.GrpcLogAppender (GrpcLogAppender.java:timeoutAppendRequest(200)) - f1d6cbd0-cc55-4a8c-aff9-0f6c18a578e9@group-4F90601D4E02->befaacb7-99cd-4d87-819a-d941cb77279d-GrpcLogAppender: appendEntries Timeout, request=f1d6cbd0-cc55-4a8c-aff9-0f6c18a578e9->befaacb7-99cd-4d87-819a-d941cb77279d#132-t2, previous=(t:2, i:13), leaderCommit=10, initializing? false, entries: <empty>
2019-09-18 17:28:39,077 [java.util.concurrent.ThreadPoolExecutor$Worker@30c21f86[State = -1, empty queue]] WARN  server.GrpcLogAppender (GrpcLogAppender.java:timeoutAppendRequest(200)) - f1d6cbd0-cc55-4a8c-aff9-0f6c18a578e9@group-4F90601D4E02->3f36f173-4656-4d5a-831c-b6782f9f5ad2-GrpcLogAppender: appendEntries Timeout, request=f1d6cbd0-cc55-4a8c-aff9-0f6c18a578e9->3f36f173-4656-4d5a-831c-b6782f9f5ad2#132-t2, previous=(t:2, i:13), leaderCommit=10, initializing? false, entries: <empty>
2019-09-18 17:28:41,080 [org.apache.ratis.server.impl.LogAppender$AppenderDaemon$$Lambda$488/1062446665@7a4f893] ERROR ratis.XceiverServerRatis (XceiverServerRatis.java:triggerPipelineClose(575)) - pipeline Action CLOSE  on pipeline PipelineID=8f3f41fd-663e-48bf-b10e-4f90601d4e02.Reason : f1d6cbd0-cc55-4a8c-aff9-0f6c18a578e9 has not seen follower/s befaacb7-99cd-4d87-819a-d941cb77279d for 120162ms 3f36f173-4656-4d5a-831c-b6782f9f5ad2 for 120161ms
2019-09-18 17:28:41,080 [org.apache.ratis.server.impl.LogAppender$AppenderDaemon$$Lambda$488/1062446665@6563e69e] ERROR ratis.XceiverServerRatis (XceiverServerRatis.java:triggerPipelineClose(575)) - pipeline Action CLOSE  on pipeline PipelineID=8f3f41fd-663e-48bf-b10e-4f90601d4e02.Reason : f1d6cbd0-cc55-4a8c-aff9-0f6c18a578e9 has not seen follower/s befaacb7-99cd-4d87-819a-d941cb77279d for 120162ms 3f36f173-4656-4d5a-831c-b6782f9f5ad2 for 120161ms
2019-09-18 17:28:41,168 [befaacb7-99cd-4d87-819a-d941cb77279d@group-4F90601D4E02-SegmentedRaftLogWorker] WARN  segmented.SegmentedRaftLogWorker (SegmentedRaftLogWorker.java:getFromFuture(90)) - Timeout 11/~
org.apache.ratis.protocol.TimeoutIOException: Timeout 10s: WriteLog:12: (t:2, i:12), STATEMACHINELOGENTRY, client-D63B3F3BC33D, cid=33-writeStateMachineData
	at org.apache.ratis.util.IOUtils.getFromFuture(IOUtils.java:87)
	at org.apache.ratis.server.raftlog.segmented.SegmentedRaftLogWorker$StateMachineDataPolicy.getFromFuture(SegmentedRaftLogWorker.java:87)
	at org.apache.ratis.server.raftlog.segmented.SegmentedRaftLogWorker$WriteLog.execute(SegmentedRaftLogWorker.java:477)
	at org.apache.ratis.server.raftlog.segmented.SegmentedRaftLogWorker.run(SegmentedRaftLogWorker.java:289)
	at java.lang.Thread.run(Thread.java:748)
Caused by: java.util.concurrent.TimeoutException
	at java.util.concurrent.CompletableFuture.timedGet(CompletableFuture.java:1771)
	at java.util.concurrent.CompletableFuture.get(CompletableFuture.java:1915)
	at org.apache.ratis.util.IOUtils.getFromFuture(IOUtils.java:79)
	... 4 more
2019-09-18 17:28:41,187 [f1d6cbd0-cc55-4a8c-aff9-0f6c18a578e9@group-4F90601D4E02-SegmentedRaftLogWorker] WARN  segmented.SegmentedRaftLogWorker (SegmentedRaftLogWorker.java:getFromFuture(90)) - Timeout 11/~
org.apache.ratis.protocol.TimeoutIOException: Timeout 10s: WriteLog:12: (t:2, i:12), STATEMACHINELOGENTRY, client-D63B3F3BC33D, cid=33-writeStateMachineData
	at org.apache.ratis.util.IOUtils.getFromFuture(IOUtils.java:87)
	at org.apache.ratis.server.raftlog.segmented.SegmentedRaftLogWorker$StateMachineDataPolicy.getFromFuture(SegmentedRaftLogWorker.java:87)
	at org.apache.ratis.server.raftlog.segmented.SegmentedRaftLogWorker$WriteLog.execute(SegmentedRaftLogWorker.java:477)
	at org.apache.ratis.server.raftlog.segmented.SegmentedRaftLogWorker.run(SegmentedRaftLogWorker.java:289)
	at java.lang.Thread.run(Thread.java:748)
Caused by: java.util.concurrent.TimeoutException
	at java.util.concurrent.CompletableFuture.timedGet(CompletableFuture.java:1771)
	at java.util.concurrent.CompletableFuture.get(CompletableFuture.java:1915)
	at org.apache.ratis.util.IOUtils.getFromFuture(IOUtils.java:79)
	... 4 more
2019-09-18 17:28:41,187 [3f36f173-4656-4d5a-831c-b6782f9f5ad2@group-4F90601D4E02-SegmentedRaftLogWorker] WARN  segmented.SegmentedRaftLogWorker (SegmentedRaftLogWorker.java:getFromFuture(90)) - Timeout 11/~
org.apache.ratis.protocol.TimeoutIOException: Timeout 10s: WriteLog:12: (t:2, i:12), STATEMACHINELOGENTRY, client-D63B3F3BC33D, cid=33-writeStateMachineData
	at org.apache.ratis.util.IOUtils.getFromFuture(IOUtils.java:87)
	at org.apache.ratis.server.raftlog.segmented.SegmentedRaftLogWorker$StateMachineDataPolicy.getFromFuture(SegmentedRaftLogWorker.java:87)
	at org.apache.ratis.server.raftlog.segmented.SegmentedRaftLogWorker$WriteLog.execute(SegmentedRaftLogWorker.java:477)
	at org.apache.ratis.server.raftlog.segmented.SegmentedRaftLogWorker.run(SegmentedRaftLogWorker.java:289)
	at java.lang.Thread.run(Thread.java:748)
Caused by: java.util.concurrent.TimeoutException
	at java.util.concurrent.CompletableFuture.timedGet(CompletableFuture.java:1771)
	at java.util.concurrent.CompletableFuture.get(CompletableFuture.java:1915)
	at org.apache.ratis.util.IOUtils.getFromFuture(IOUtils.java:79)
	... 4 more
2019-09-18 17:28:41,255 [EventQueue-PipelineActionsForPipelineActionHandler] ERROR pipeline.PipelineActionHandler (PipelineActionHandler.java:onMessage(60)) - Received pipeline action CLOSE for Pipeline[ Id: 8f3f41fd-663e-48bf-b10e-4f90601d4e02, Nodes: 3f36f173-4656-4d5a-831c-b6782f9f5ad2{ip: 192.168.151.122, host: pr-hdds-2121-ltkqc-3926781246, networkLocation: /default-rack, certSerialId: null}f1d6cbd0-cc55-4a8c-aff9-0f6c18a578e9{ip: 192.168.151.122, host: pr-hdds-2121-ltkqc-3926781246, networkLocation: /default-rack, certSerialId: null}befaacb7-99cd-4d87-819a-d941cb77279d{ip: 192.168.151.122, host: pr-hdds-2121-ltkqc-3926781246, networkLocation: /default-rack, certSerialId: null}, Type:RATIS, Factor:THREE, State:OPEN] from datanode f1d6cbd0-cc55-4a8c-aff9-0f6c18a578e9{ip: 192.168.151.122, host: pr-hdds-2121-ltkqc-3926781246, networkLocation: /default-rack, certSerialId: null}. Reason : f1d6cbd0-cc55-4a8c-aff9-0f6c18a578e9 has not seen follower/s befaacb7-99cd-4d87-819a-d941cb77279d for 120162ms 3f36f173-4656-4d5a-831c-b6782f9f5ad2 for 120161ms
2019-09-18 17:28:41,256 [EventQueue-PipelineActionsForPipelineActionHandler] INFO  pipeline.SCMPipelineManager (SCMPipelineManager.java:finalizeAndDestroyPipeline(311)) - destroying pipeline:Pipeline[ Id: 8f3f41fd-663e-48bf-b10e-4f90601d4e02, Nodes: 3f36f173-4656-4d5a-831c-b6782f9f5ad2{ip: 192.168.151.122, host: pr-hdds-2121-ltkqc-3926781246, networkLocation: /default-rack, certSerialId: null}f1d6cbd0-cc55-4a8c-aff9-0f6c18a578e9{ip: 192.168.151.122, host: pr-hdds-2121-ltkqc-3926781246, networkLocation: /default-rack, certSerialId: null}befaacb7-99cd-4d87-819a-d941cb77279d{ip: 192.168.151.122, host: pr-hdds-2121-ltkqc-3926781246, networkLocation: /default-rack, certSerialId: null}, Type:RATIS, Factor:THREE, State:OPEN]
2019-09-18 17:28:41,256 [EventQueue-PipelineActionsForPipelineActionHandler] INFO  pipeline.PipelineStateManager (PipelineStateManager.java:finalizePipeline(123)) - Pipeline Pipeline[ Id: 8f3f41fd-663e-48bf-b10e-4f90601d4e02, Nodes: 3f36f173-4656-4d5a-831c-b6782f9f5ad2{ip: 192.168.151.122, host: pr-hdds-2121-ltkqc-3926781246, networkLocation: /default-rack, certSerialId: null}f1d6cbd0-cc55-4a8c-aff9-0f6c18a578e9{ip: 192.168.151.122, host: pr-hdds-2121-ltkqc-3926781246, networkLocation: /default-rack, certSerialId: null}befaacb7-99cd-4d87-819a-d941cb77279d{ip: 192.168.151.122, host: pr-hdds-2121-ltkqc-3926781246, networkLocation: /default-rack, certSerialId: null}, Type:RATIS, Factor:THREE, State:CLOSED] moved to CLOSED state
2019-09-18 17:28:41,256 [EventQueue-CloseContainerForCloseContainerEventHandler] INFO  container.CloseContainerEventHandler (CloseContainerEventHandler.java:onMessage(61)) - Close container Event triggered for container : #3
2019-09-18 17:28:41,257 [EventQueue-CloseContainerForCloseContainerEventHandler] INFO  container.CloseContainerEventHandler (CloseContainerEventHandler.java:onMessage(61)) - Close container Event triggered for container : #4
2019-09-18 17:28:41,577 [java.util.concurrent.ThreadPoolExecutor$Worker@6cb5db01[State = -1, empty queue]] WARN  server.GrpcLogAppender (GrpcLogAppender.java:timeoutAppendRequest(200)) - f1d6cbd0-cc55-4a8c-aff9-0f6c18a578e9@group-4F90601D4E02->befaacb7-99cd-4d87-819a-d941cb77279d-GrpcLogAppender: appendEntries Timeout, request=f1d6cbd0-cc55-4a8c-aff9-0f6c18a578e9->befaacb7-99cd-4d87-819a-d941cb77279d#133-t2, previous=(t:2, i:13), leaderCommit=10, initializing? false, entries: <empty>
2019-09-18 17:28:41,577 [java.util.concurrent.ThreadPoolExecutor$Worker@30c21f86[State = -1, empty queue]] WARN  server.GrpcLogAppender (GrpcLogAppender.java:timeoutAppendRequest(200)) - f1d6cbd0-cc55-4a8c-aff9-0f6c18a578e9@group-4F90601D4E02->3f36f173-4656-4d5a-831c-b6782f9f5ad2-GrpcLogAppender: appendEntries Timeout, request=f1d6cbd0-cc55-4a8c-aff9-0f6c18a578e9->3f36f173-4656-4d5a-831c-b6782f9f5ad2#133-t2, previous=(t:2, i:13), leaderCommit=10, initializing? false, entries: <empty>
2019-09-18 17:28:41,998 [grpc-default-executor-6] INFO  client.GrpcClientProtocolClient (GrpcClientProtocolClient.java:onNext(264)) - client-D63B3F3BC33D->befaacb7-99cd-4d87-819a-d941cb77279d: receive RaftClientReply:client-D63B3F3BC33D->befaacb7-99cd-4d87-819a-d941cb77279d@group-4F90601D4E02, cid=32, FAILED org.apache.ratis.protocol.NotLeaderException: Server befaacb7-99cd-4d87-819a-d941cb77279d@group-4F90601D4E02 is not the leader f1d6cbd0-cc55-4a8c-aff9-0f6c18a578e9:192.168.151.122:38812, logIndex=0, commits[befaacb7-99cd-4d87-819a-d941cb77279d:c10, f1d6cbd0-cc55-4a8c-aff9-0f6c18a578e9:c10, 3f36f173-4656-4d5a-831c-b6782f9f5ad2:c6]
2019-09-18 17:28:43,264 [org.apache.ratis.server.impl.LogAppender$AppenderDaemon$$Lambda$488/1062446665@7a4f893] ERROR ratis.XceiverServerRatis (XceiverServerRatis.java:triggerPipelineClose(575)) - pipeline Action CLOSE  on pipeline PipelineID=8f3f41fd-663e-48bf-b10e-4f90601d4e02.Reason : f1d6cbd0-cc55-4a8c-aff9-0f6c18a578e9 has not seen follower/s befaacb7-99cd-4d87-819a-d941cb77279d for 122348ms 3f36f173-4656-4d5a-831c-b6782f9f5ad2 for 122348ms
2019-09-18 17:28:43,264 [org.apache.ratis.server.impl.LogAppender$AppenderDaemon$$Lambda$488/1062446665@6563e69e] ERROR ratis.XceiverServerRatis (XceiverServerRatis.java:triggerPipelineClose(575)) - pipeline Action CLOSE  on pipeline PipelineID=8f3f41fd-663e-48bf-b10e-4f90601d4e02.Reason : f1d6cbd0-cc55-4a8c-aff9-0f6c18a578e9 has not seen follower/s befaacb7-99cd-4d87-819a-d941cb77279d for 122348ms 3f36f173-4656-4d5a-831c-b6782f9f5ad2 for 122348ms
2019-09-18 17:28:44,077 [java.util.concurrent.ThreadPoolExecutor$Worker@30c21f86[State = -1, empty queue]] WARN  server.GrpcLogAppender (GrpcLogAppender.java:timeoutAppendRequest(200)) - f1d6cbd0-cc55-4a8c-aff9-0f6c18a578e9@group-4F90601D4E02->3f36f173-4656-4d5a-831c-b6782f9f5ad2-GrpcLogAppender: appendEntries Timeout, request=f1d6cbd0-cc55-4a8c-aff9-0f6c18a578e9->3f36f173-4656-4d5a-831c-b6782f9f5ad2#134-t2, previous=(t:2, i:13), leaderCommit=10, initializing? false, entries: <empty>
2019-09-18 17:28:44,077 [java.util.concurrent.ThreadPoolExecutor$Worker@6cb5db01[State = -1, empty queue]] WARN  server.GrpcLogAppender (GrpcLogAppender.java:timeoutAppendRequest(200)) - f1d6cbd0-cc55-4a8c-aff9-0f6c18a578e9@group-4F90601D4E02->befaacb7-99cd-4d87-819a-d941cb77279d-GrpcLogAppender: appendEntries Timeout, request=f1d6cbd0-cc55-4a8c-aff9-0f6c18a578e9->befaacb7-99cd-4d87-819a-d941cb77279d#134-t2, previous=(t:2, i:13), leaderCommit=10, initializing? false, entries: <empty>
2019-09-18 17:28:44,264 [EventQueue-PipelineActionsForPipelineActionHandler] ERROR pipeline.PipelineActionHandler (PipelineActionHandler.java:onMessage(60)) - Received pipeline action CLOSE for Pipeline[ Id: 8f3f41fd-663e-48bf-b10e-4f90601d4e02, Nodes: 3f36f173-4656-4d5a-831c-b6782f9f5ad2{ip: 192.168.151.122, host: pr-hdds-2121-ltkqc-3926781246, networkLocation: /default-rack, certSerialId: null}f1d6cbd0-cc55-4a8c-aff9-0f6c18a578e9{ip: 192.168.151.122, host: pr-hdds-2121-ltkqc-3926781246, networkLocation: /default-rack, certSerialId: null}befaacb7-99cd-4d87-819a-d941cb77279d{ip: 192.168.151.122, host: pr-hdds-2121-ltkqc-3926781246, networkLocation: /default-rack, certSerialId: null}, Type:RATIS, Factor:THREE, State:CLOSED] from datanode f1d6cbd0-cc55-4a8c-aff9-0f6c18a578e9{ip: 192.168.151.122, host: pr-hdds-2121-ltkqc-3926781246, networkLocation: /default-rack, certSerialId: null}. Reason : f1d6cbd0-cc55-4a8c-aff9-0f6c18a578e9 has not seen follower/s befaacb7-99cd-4d87-819a-d941cb77279d for 122348ms 3f36f173-4656-4d5a-831c-b6782f9f5ad2 for 122348ms
2019-09-18 17:28:44,265 [EventQueue-PipelineActionsForPipelineActionHandler] INFO  pipeline.SCMPipelineManager (SCMPipelineManager.java:finalizeAndDestroyPipeline(311)) - destroying pipeline:Pipeline[ Id: 8f3f41fd-663e-48bf-b10e-4f90601d4e02, Nodes: 3f36f173-4656-4d5a-831c-b6782f9f5ad2{ip: 192.168.151.122, host: pr-hdds-2121-ltkqc-3926781246, networkLocation: /default-rack, certSerialId: null}f1d6cbd0-cc55-4a8c-aff9-0f6c18a578e9{ip: 192.168.151.122, host: pr-hdds-2121-ltkqc-3926781246, networkLocation: /default-rack, certSerialId: null}befaacb7-99cd-4d87-819a-d941cb77279d{ip: 192.168.151.122, host: pr-hdds-2121-ltkqc-3926781246, networkLocation: /default-rack, certSerialId: null}, Type:RATIS, Factor:THREE, State:CLOSED]
2019-09-18 17:28:45,765 [org.apache.ratis.server.impl.LogAppender$AppenderDaemon$$Lambda$488/1062446665@7a4f893] ERROR ratis.XceiverServerRatis (XceiverServerRatis.java:triggerPipelineClose(575)) - pipeline Action CLOSE  on pipeline PipelineID=8f3f41fd-663e-48bf-b10e-4f90601d4e02.Reason : f1d6cbd0-cc55-4a8c-aff9-0f6c18a578e9 has not seen follower/s befaacb7-99cd-4d87-819a-d941cb77279d for 124849ms 3f36f173-4656-4d5a-831c-b6782f9f5ad2 for 124849ms
2019-09-18 17:28:45,765 [org.apache.ratis.server.impl.LogAppender$AppenderDaemon$$Lambda$488/1062446665@6563e69e] ERROR ratis.XceiverServerRatis (XceiverServerRatis.java:triggerPipelineClose(575)) - pipeline Action CLOSE  on pipeline PipelineID=8f3f41fd-663e-48bf-b10e-4f90601d4e02.Reason : f1d6cbd0-cc55-4a8c-aff9-0f6c18a578e9 has not seen follower/s befaacb7-99cd-4d87-819a-d941cb77279d for 124849ms 3f36f173-4656-4d5a-831c-b6782f9f5ad2 for 124849ms
2019-09-18 17:28:46,264 [EventQueue-PipelineActionsForPipelineActionHandler] ERROR pipeline.PipelineActionHandler (PipelineActionHandler.java:onMessage(60)) - Received pipeline action CLOSE for Pipeline[ Id: 8f3f41fd-663e-48bf-b10e-4f90601d4e02, Nodes: 3f36f173-4656-4d5a-831c-b6782f9f5ad2{ip: 192.168.151.122, host: pr-hdds-2121-ltkqc-3926781246, networkLocation: /default-rack, certSerialId: null}f1d6cbd0-cc55-4a8c-aff9-0f6c18a578e9{ip: 192.168.151.122, host: pr-hdds-2121-ltkqc-3926781246, networkLocation: /default-rack, certSerialId: null}befaacb7-99cd-4d87-819a-d941cb77279d{ip: 192.168.151.122, host: pr-hdds-2121-ltkqc-3926781246, networkLocation: /default-rack, certSerialId: null}, Type:RATIS, Factor:THREE, State:CLOSED] from datanode f1d6cbd0-cc55-4a8c-aff9-0f6c18a578e9{ip: 192.168.151.122, host: pr-hdds-2121-ltkqc-3926781246, networkLocation: /default-rack, certSerialId: null}. Reason : f1d6cbd0-cc55-4a8c-aff9-0f6c18a578e9 has not seen follower/s befaacb7-99cd-4d87-819a-d941cb77279d for 124849ms 3f36f173-4656-4d5a-831c-b6782f9f5ad2 for 124849ms
2019-09-18 17:28:46,264 [EventQueue-PipelineActionsForPipelineActionHandler] INFO  pipeline.SCMPipelineManager (SCMPipelineManager.java:finalizeAndDestroyPipeline(311)) - destroying pipeline:Pipeline[ Id: 8f3f41fd-663e-48bf-b10e-4f90601d4e02, Nodes: 3f36f173-4656-4d5a-831c-b6782f9f5ad2{ip: 192.168.151.122, host: pr-hdds-2121-ltkqc-3926781246, networkLocation: /default-rack, certSerialId: null}f1d6cbd0-cc55-4a8c-aff9-0f6c18a578e9{ip: 192.168.151.122, host: pr-hdds-2121-ltkqc-3926781246, networkLocation: /default-rack, certSerialId: null}befaacb7-99cd-4d87-819a-d941cb77279d{ip: 192.168.151.122, host: pr-hdds-2121-ltkqc-3926781246, networkLocation: /default-rack, certSerialId: null}, Type:RATIS, Factor:THREE, State:CLOSED]
2019-09-18 17:28:46,264 [java.util.concurrent.ThreadPoolExecutor$Worker@30c21f86[State = -1, empty queue]] WARN  server.GrpcLogAppender (GrpcLogAppender.java:timeoutAppendRequest(200)) - f1d6cbd0-cc55-4a8c-aff9-0f6c18a578e9@group-4F90601D4E02->3f36f173-4656-4d5a-831c-b6782f9f5ad2-GrpcLogAppender: appendEntries Timeout, request=f1d6cbd0-cc55-4a8c-aff9-0f6c18a578e9->3f36f173-4656-4d5a-831c-b6782f9f5ad2#135-t2, previous=(t:2, i:13), leaderCommit=10, initializing? false, entries: size=1, first=(t:2, i:14), STATEMACHINELOGENTRY, client-926C6F462FBF, cid=8
2019-09-18 17:28:46,264 [java.util.concurrent.ThreadPoolExecutor$Worker@6cb5db01[State = -1, empty queue]] WARN  server.GrpcLogAppender (GrpcLogAppender.java:timeoutAppendRequest(200)) - f1d6cbd0-cc55-4a8c-aff9-0f6c18a578e9@group-4F90601D4E02->befaacb7-99cd-4d87-819a-d941cb77279d-GrpcLogAppender: appendEntries Timeout, request=f1d6cbd0-cc55-4a8c-aff9-0f6c18a578e9->befaacb7-99cd-4d87-819a-d941cb77279d#135-t2, previous=(t:2, i:13), leaderCommit=10, initializing? false, entries: size=1, first=(t:2, i:14), STATEMACHINELOGENTRY, client-926C6F462FBF, cid=8
2019-09-18 17:28:47,044 [grpc-default-executor-7] INFO  client.GrpcClientProtocolClient (GrpcClientProtocolClient.java:onNext(264)) - client-D63B3F3BC33D->3f36f173-4656-4d5a-831c-b6782f9f5ad2: receive RaftClientReply:client-D63B3F3BC33D->3f36f173-4656-4d5a-831c-b6782f9f5ad2@group-4F90601D4E02, cid=32, FAILED org.apache.ratis.protocol.NotLeaderException: Server 3f36f173-4656-4d5a-831c-b6782f9f5ad2@group-4F90601D4E02 is not the leader f1d6cbd0-cc55-4a8c-aff9-0f6c18a578e9:192.168.151.122:38812, logIndex=0, commits[3f36f173-4656-4d5a-831c-b6782f9f5ad2:c10, f1d6cbd0-cc55-4a8c-aff9-0f6c18a578e9:c10, befaacb7-99cd-4d87-819a-d941cb77279d:c6]
2019-09-18 17:28:48,266 [org.apache.ratis.server.impl.LogAppender$AppenderDaemon$$Lambda$488/1062446665@7a4f893] ERROR ratis.XceiverServerRatis (XceiverServerRatis.java:triggerPipelineClose(575)) - pipeline Action CLOSE  on pipeline PipelineID=8f3f41fd-663e-48bf-b10e-4f90601d4e02.Reason : f1d6cbd0-cc55-4a8c-aff9-0f6c18a578e9 has not seen follower/s befaacb7-99cd-4d87-819a-d941cb77279d for 127350ms 3f36f173-4656-4d5a-831c-b6782f9f5ad2 for 127350ms
2019-09-18 17:28:48,266 [org.apache.ratis.server.impl.LogAppender$AppenderDaemon$$Lambda$488/1062446665@6563e69e] ERROR ratis.XceiverServerRatis (XceiverServerRatis.java:triggerPipelineClose(575)) - pipeline Action CLOSE  on pipeline PipelineID=8f3f41fd-663e-48bf-b10e-4f90601d4e02.Reason : f1d6cbd0-cc55-4a8c-aff9-0f6c18a578e9 has not seen follower/s befaacb7-99cd-4d87-819a-d941cb77279d for 127350ms 3f36f173-4656-4d5a-831c-b6782f9f5ad2 for 127350ms
2019-09-18 17:28:48,765 [java.util.concurrent.ThreadPoolExecutor$Worker@30c21f86[State = -1, empty queue]] WARN  server.GrpcLogAppender (GrpcLogAppender.java:timeoutAppendRequest(200)) - f1d6cbd0-cc55-4a8c-aff9-0f6c18a578e9@group-4F90601D4E02->3f36f173-4656-4d5a-831c-b6782f9f5ad2-GrpcLogAppender: appendEntries Timeout, request=f1d6cbd0-cc55-4a8c-aff9-0f6c18a578e9->3f36f173-4656-4d5a-831c-b6782f9f5ad2#136-t2, previous=(t:2, i:14), leaderCommit=10, initializing? false, entries: <empty>
2019-09-18 17:28:48,765 [java.util.concurrent.ThreadPoolExecutor$Worker@6cb5db01[State = -1, empty queue]] WARN  server.GrpcLogAppender (GrpcLogAppender.java:timeoutAppendRequest(200)) - f1d6cbd0-cc55-4a8c-aff9-0f6c18a578e9@group-4F90601D4E02->befaacb7-99cd-4d87-819a-d941cb77279d-GrpcLogAppender: appendEntries Timeout, request=f1d6cbd0-cc55-4a8c-aff9-0f6c18a578e9->befaacb7-99cd-4d87-819a-d941cb77279d#136-t2, previous=(t:2, i:14), leaderCommit=10, initializing? false, entries: <empty>
2019-09-18 17:28:49,264 [EventQueue-PipelineActionsForPipelineActionHandler] ERROR pipeline.PipelineActionHandler (PipelineActionHandler.java:onMessage(60)) - Received pipeline action CLOSE for Pipeline[ Id: 8f3f41fd-663e-48bf-b10e-4f90601d4e02, Nodes: 3f36f173-4656-4d5a-831c-b6782f9f5ad2{ip: 192.168.151.122, host: pr-hdds-2121-ltkqc-3926781246, networkLocation: /default-rack, certSerialId: null}f1d6cbd0-cc55-4a8c-aff9-0f6c18a578e9{ip: 192.168.151.122, host: pr-hdds-2121-ltkqc-3926781246, networkLocation: /default-rack, certSerialId: null}befaacb7-99cd-4d87-819a-d941cb77279d{ip: 192.168.151.122, host: pr-hdds-2121-ltkqc-3926781246, networkLocation: /default-rack, certSerialId: null}, Type:RATIS, Factor:THREE, State:CLOSED] from datanode f1d6cbd0-cc55-4a8c-aff9-0f6c18a578e9{ip: 192.168.151.122, host: pr-hdds-2121-ltkqc-3926781246, networkLocation: /default-rack, certSerialId: null}. Reason : f1d6cbd0-cc55-4a8c-aff9-0f6c18a578e9 has not seen follower/s befaacb7-99cd-4d87-819a-d941cb77279d for 127350ms 3f36f173-4656-4d5a-831c-b6782f9f5ad2 for 127350ms
2019-09-18 17:28:49,265 [EventQueue-PipelineActionsForPipelineActionHandler] INFO  pipeline.SCMPipelineManager (SCMPipelineManager.java:finalizeAndDestroyPipeline(311)) - destroying pipeline:Pipeline[ Id: 8f3f41fd-663e-48bf-b10e-4f90601d4e02, Nodes: 3f36f173-4656-4d5a-831c-b6782f9f5ad2{ip: 192.168.151.122, host: pr-hdds-2121-ltkqc-3926781246, networkLocation: /default-rack, certSerialId: null}f1d6cbd0-cc55-4a8c-aff9-0f6c18a578e9{ip: 192.168.151.122, host: pr-hdds-2121-ltkqc-3926781246, networkLocation: /default-rack, certSerialId: null}befaacb7-99cd-4d87-819a-d941cb77279d{ip: 192.168.151.122, host: pr-hdds-2121-ltkqc-3926781246, networkLocation: /default-rack, certSerialId: null}, Type:RATIS, Factor:THREE, State:CLOSED]
2019-09-18 17:28:50,767 [org.apache.ratis.server.impl.LogAppender$AppenderDaemon$$Lambda$488/1062446665@7a4f893] ERROR ratis.XceiverServerRatis (XceiverServerRatis.java:triggerPipelineClose(575)) - pipeline Action CLOSE  on pipeline PipelineID=8f3f41fd-663e-48bf-b10e-4f90601d4e02.Reason : f1d6cbd0-cc55-4a8c-aff9-0f6c18a578e9 has not seen follower/s befaacb7-99cd-4d87-819a-d941cb77279d for 129851ms 3f36f173-4656-4d5a-831c-b6782f9f5ad2 for 129851ms
2019-09-18 17:28:50,767 [org.apache.ratis.server.impl.LogAppender$AppenderDaemon$$Lambda$488/1062446665@6563e69e] ERROR ratis.XceiverServerRatis (XceiverServerRatis.java:triggerPipelineClose(575)) - pipeline Action CLOSE  on pipeline PipelineID=8f3f41fd-663e-48bf-b10e-4f90601d4e02.Reason : f1d6cbd0-cc55-4a8c-aff9-0f6c18a578e9 has not seen follower/s befaacb7-99cd-4d87-819a-d941cb77279d for 129851ms 3f36f173-4656-4d5a-831c-b6782f9f5ad2 for 129851ms
2019-09-18 17:28:51,169 [befaacb7-99cd-4d87-819a-d941cb77279d@group-4F90601D4E02-SegmentedRaftLogWorker] WARN  segmented.SegmentedRaftLogWorker (SegmentedRaftLogWorker.java:getFromFuture(90)) - Timeout 12/~
org.apache.ratis.protocol.TimeoutIOException: Timeout 10s: WriteLog:12: (t:2, i:12), STATEMACHINELOGENTRY, client-D63B3F3BC33D, cid=33-writeStateMachineData
	at org.apache.ratis.util.IOUtils.getFromFuture(IOUtils.java:87)
	at org.apache.ratis.server.raftlog.segmented.SegmentedRaftLogWorker$StateMachineDataPolicy.getFromFuture(SegmentedRaftLogWorker.java:87)
	at org.apache.ratis.server.raftlog.segmented.SegmentedRaftLogWorker$WriteLog.execute(SegmentedRaftLogWorker.java:477)
	at org.apache.ratis.server.raftlog.segmented.SegmentedRaftLogWorker.run(SegmentedRaftLogWorker.java:289)
	at java.lang.Thread.run(Thread.java:748)
Caused by: java.util.concurrent.TimeoutException
	at java.util.concurrent.CompletableFuture.timedGet(CompletableFuture.java:1771)
	at java.util.concurrent.CompletableFuture.get(CompletableFuture.java:1915)
	at org.apache.ratis.util.IOUtils.getFromFuture(IOUtils.java:79)
	... 4 more
2019-09-18 17:28:51,187 [f1d6cbd0-cc55-4a8c-aff9-0f6c18a578e9@group-4F90601D4E02-SegmentedRaftLogWorker] WARN  segmented.SegmentedRaftLogWorker (SegmentedRaftLogWorker.java:getFromFuture(90)) - Timeout 12/~
org.apache.ratis.protocol.TimeoutIOException: Timeout 10s: WriteLog:12: (t:2, i:12), STATEMACHINELOGENTRY, client-D63B3F3BC33D, cid=33-writeStateMachineData
	at org.apache.ratis.util.IOUtils.getFromFuture(IOUtils.java:87)
	at org.apache.ratis.server.raftlog.segmented.SegmentedRaftLogWorker$StateMachineDataPolicy.getFromFuture(SegmentedRaftLogWorker.java:87)
	at org.apache.ratis.server.raftlog.segmented.SegmentedRaftLogWorker$WriteLog.execute(SegmentedRaftLogWorker.java:477)
	at org.apache.ratis.server.raftlog.segmented.SegmentedRaftLogWorker.run(SegmentedRaftLogWorker.java:289)
	at java.lang.Thread.run(Thread.java:748)
Caused by: java.util.concurrent.TimeoutException
	at java.util.concurrent.CompletableFuture.timedGet(CompletableFuture.java:1771)
	at java.util.concurrent.CompletableFuture.get(CompletableFuture.java:1915)
	at org.apache.ratis.util.IOUtils.getFromFuture(IOUtils.java:79)
	... 4 more
2019-09-18 17:28:51,188 [3f36f173-4656-4d5a-831c-b6782f9f5ad2@group-4F90601D4E02-SegmentedRaftLogWorker] WARN  segmented.SegmentedRaftLogWorker (SegmentedRaftLogWorker.java:getFromFuture(90)) - Timeout 12/~
org.apache.ratis.protocol.TimeoutIOException: Timeout 10s: WriteLog:12: (t:2, i:12), STATEMACHINELOGENTRY, client-D63B3F3BC33D, cid=33-writeStateMachineData
	at org.apache.ratis.util.IOUtils.getFromFuture(IOUtils.java:87)
	at org.apache.ratis.server.raftlog.segmented.SegmentedRaftLogWorker$StateMachineDataPolicy.getFromFuture(SegmentedRaftLogWorker.java:87)
	at org.apache.ratis.server.raftlog.segmented.SegmentedRaftLogWorker$WriteLog.execute(SegmentedRaftLogWorker.java:477)
	at org.apache.ratis.server.raftlog.segmented.SegmentedRaftLogWorker.run(SegmentedRaftLogWorker.java:289)
	at java.lang.Thread.run(Thread.java:748)
Caused by: java.util.concurrent.TimeoutException
	at java.util.concurrent.CompletableFuture.timedGet(CompletableFuture.java:1771)
	at java.util.concurrent.CompletableFuture.get(CompletableFuture.java:1915)
	at org.apache.ratis.util.IOUtils.getFromFuture(IOUtils.java:79)
	... 4 more
2019-09-18 17:28:51,265 [EventQueue-PipelineActionsForPipelineActionHandler] ERROR pipeline.PipelineActionHandler (PipelineActionHandler.java:onMessage(60)) - Received pipeline action CLOSE for Pipeline[ Id: 8f3f41fd-663e-48bf-b10e-4f90601d4e02, Nodes: 3f36f173-4656-4d5a-831c-b6782f9f5ad2{ip: 192.168.151.122, host: pr-hdds-2121-ltkqc-3926781246, networkLocation: /default-rack, certSerialId: null}f1d6cbd0-cc55-4a8c-aff9-0f6c18a578e9{ip: 192.168.151.122, host: pr-hdds-2121-ltkqc-3926781246, networkLocation: /default-rack, certSerialId: null}befaacb7-99cd-4d87-819a-d941cb77279d{ip: 192.168.151.122, host: pr-hdds-2121-ltkqc-3926781246, networkLocation: /default-rack, certSerialId: null}, Type:RATIS, Factor:THREE, State:CLOSED] from datanode f1d6cbd0-cc55-4a8c-aff9-0f6c18a578e9{ip: 192.168.151.122, host: pr-hdds-2121-ltkqc-3926781246, networkLocation: /default-rack, certSerialId: null}. Reason : f1d6cbd0-cc55-4a8c-aff9-0f6c18a578e9 has not seen follower/s befaacb7-99cd-4d87-819a-d941cb77279d for 129851ms 3f36f173-4656-4d5a-831c-b6782f9f5ad2 for 129851ms
2019-09-18 17:28:51,265 [EventQueue-PipelineActionsForPipelineActionHandler] INFO  pipeline.SCMPipelineManager (SCMPipelineManager.java:finalizeAndDestroyPipeline(311)) - destroying pipeline:Pipeline[ Id: 8f3f41fd-663e-48bf-b10e-4f90601d4e02, Nodes: 3f36f173-4656-4d5a-831c-b6782f9f5ad2{ip: 192.168.151.122, host: pr-hdds-2121-ltkqc-3926781246, networkLocation: /default-rack, certSerialId: null}f1d6cbd0-cc55-4a8c-aff9-0f6c18a578e9{ip: 192.168.151.122, host: pr-hdds-2121-ltkqc-3926781246, networkLocation: /default-rack, certSerialId: null}befaacb7-99cd-4d87-819a-d941cb77279d{ip: 192.168.151.122, host: pr-hdds-2121-ltkqc-3926781246, networkLocation: /default-rack, certSerialId: null}, Type:RATIS, Factor:THREE, State:CLOSED]
2019-09-18 17:28:51,266 [java.util.concurrent.ThreadPoolExecutor$Worker@30c21f86[State = -1, empty queue]] WARN  server.GrpcLogAppender (GrpcLogAppender.java:timeoutAppendRequest(200)) - f1d6cbd0-cc55-4a8c-aff9-0f6c18a578e9@group-4F90601D4E02->3f36f173-4656-4d5a-831c-b6782f9f5ad2-GrpcLogAppender: appendEntries Timeout, request=f1d6cbd0-cc55-4a8c-aff9-0f6c18a578e9->3f36f173-4656-4d5a-831c-b6782f9f5ad2#137-t2, previous=(t:2, i:14), leaderCommit=10, initializing? false, entries: <empty>
2019-09-18 17:28:51,266 [java.util.concurrent.ThreadPoolExecutor$Worker@6cb5db01[State = -1, empty queue]] WARN  server.GrpcLogAppender (GrpcLogAppender.java:timeoutAppendRequest(200)) - f1d6cbd0-cc55-4a8c-aff9-0f6c18a578e9@group-4F90601D4E02->befaacb7-99cd-4d87-819a-d941cb77279d-GrpcLogAppender: appendEntries Timeout, request=f1d6cbd0-cc55-4a8c-aff9-0f6c18a578e9->befaacb7-99cd-4d87-819a-d941cb77279d#137-t2, previous=(t:2, i:14), leaderCommit=10, initializing? false, entries: <empty>
2019-09-18 17:28:52,082 [grpc-default-executor-6] INFO  client.GrpcClientProtocolClient (GrpcClientProtocolClient.java:onNext(264)) - client-D63B3F3BC33D->befaacb7-99cd-4d87-819a-d941cb77279d: receive RaftClientReply:client-D63B3F3BC33D->befaacb7-99cd-4d87-819a-d941cb77279d@group-4F90601D4E02, cid=32, FAILED org.apache.ratis.protocol.NotLeaderException: Server befaacb7-99cd-4d87-819a-d941cb77279d@group-4F90601D4E02 is not the leader f1d6cbd0-cc55-4a8c-aff9-0f6c18a578e9:192.168.151.122:38812, logIndex=0, commits[befaacb7-99cd-4d87-819a-d941cb77279d:c10, f1d6cbd0-cc55-4a8c-aff9-0f6c18a578e9:c10, 3f36f173-4656-4d5a-831c-b6782f9f5ad2:c6]
2019-09-18 17:28:53,268 [org.apache.ratis.server.impl.LogAppender$AppenderDaemon$$Lambda$488/1062446665@6563e69e] ERROR ratis.XceiverServerRatis (XceiverServerRatis.java:triggerPipelineClose(575)) - pipeline Action CLOSE  on pipeline PipelineID=8f3f41fd-663e-48bf-b10e-4f90601d4e02.Reason : f1d6cbd0-cc55-4a8c-aff9-0f6c18a578e9 has not seen follower/s befaacb7-99cd-4d87-819a-d941cb77279d for 132352ms 3f36f173-4656-4d5a-831c-b6782f9f5ad2 for 132351ms
2019-09-18 17:28:53,268 [org.apache.ratis.server.impl.LogAppender$AppenderDaemon$$Lambda$488/1062446665@7a4f893] ERROR ratis.XceiverServerRatis (XceiverServerRatis.java:triggerPipelineClose(575)) - pipeline Action CLOSE  on pipeline PipelineID=8f3f41fd-663e-48bf-b10e-4f90601d4e02.Reason : f1d6cbd0-cc55-4a8c-aff9-0f6c18a578e9 has not seen follower/s befaacb7-99cd-4d87-819a-d941cb77279d for 132352ms 3f36f173-4656-4d5a-831c-b6782f9f5ad2 for 132351ms
2019-09-18 17:28:53,767 [java.util.concurrent.ThreadPoolExecutor$Worker@30c21f86[State = -1, empty queue]] WARN  server.GrpcLogAppender (GrpcLogAppender.java:timeoutAppendRequest(200)) - f1d6cbd0-cc55-4a8c-aff9-0f6c18a578e9@group-4F90601D4E02->3f36f173-4656-4d5a-831c-b6782f9f5ad2-GrpcLogAppender: appendEntries Timeout, request=f1d6cbd0-cc55-4a8c-aff9-0f6c18a578e9->3f36f173-4656-4d5a-831c-b6782f9f5ad2#138-t2, previous=(t:2, i:14), leaderCommit=10, initializing? false, entries: <empty>
2019-09-18 17:28:53,767 [java.util.concurrent.ThreadPoolExecutor$Worker@6cb5db01[State = -1, empty queue]] WARN  server.GrpcLogAppender (GrpcLogAppender.java:timeoutAppendRequest(200)) - f1d6cbd0-cc55-4a8c-aff9-0f6c18a578e9@group-4F90601D4E02->befaacb7-99cd-4d87-819a-d941cb77279d-GrpcLogAppender: appendEntries Timeout, request=f1d6cbd0-cc55-4a8c-aff9-0f6c18a578e9->befaacb7-99cd-4d87-819a-d941cb77279d#138-t2, previous=(t:2, i:14), leaderCommit=10, initializing? false, entries: <empty>
2019-09-18 17:28:54,264 [EventQueue-PipelineActionsForPipelineActionHandler] ERROR pipeline.PipelineActionHandler (PipelineActionHandler.java:onMessage(60)) - Received pipeline action CLOSE for Pipeline[ Id: 8f3f41fd-663e-48bf-b10e-4f90601d4e02, Nodes: 3f36f173-4656-4d5a-831c-b6782f9f5ad2{ip: 192.168.151.122, host: pr-hdds-2121-ltkqc-3926781246, networkLocation: /default-rack, certSerialId: null}f1d6cbd0-cc55-4a8c-aff9-0f6c18a578e9{ip: 192.168.151.122, host: pr-hdds-2121-ltkqc-3926781246, networkLocation: /default-rack, certSerialId: null}befaacb7-99cd-4d87-819a-d941cb77279d{ip: 192.168.151.122, host: pr-hdds-2121-ltkqc-3926781246, networkLocation: /default-rack, certSerialId: null}, Type:RATIS, Factor:THREE, State:CLOSED] from datanode f1d6cbd0-cc55-4a8c-aff9-0f6c18a578e9{ip: 192.168.151.122, host: pr-hdds-2121-ltkqc-3926781246, networkLocation: /default-rack, certSerialId: null}. Reason : f1d6cbd0-cc55-4a8c-aff9-0f6c18a578e9 has not seen follower/s befaacb7-99cd-4d87-819a-d941cb77279d for 132352ms 3f36f173-4656-4d5a-831c-b6782f9f5ad2 for 132351ms
2019-09-18 17:28:54,264 [EventQueue-PipelineActionsForPipelineActionHandler] INFO  pipeline.SCMPipelineManager (SCMPipelineManager.java:finalizeAndDestroyPipeline(311)) - destroying pipeline:Pipeline[ Id: 8f3f41fd-663e-48bf-b10e-4f90601d4e02, Nodes: 3f36f173-4656-4d5a-831c-b6782f9f5ad2{ip: 192.168.151.122, host: pr-hdds-2121-ltkqc-3926781246, networkLocation: /default-rack, certSerialId: null}f1d6cbd0-cc55-4a8c-aff9-0f6c18a578e9{ip: 192.168.151.122, host: pr-hdds-2121-ltkqc-3926781246, networkLocation: /default-rack, certSerialId: null}befaacb7-99cd-4d87-819a-d941cb77279d{ip: 192.168.151.122, host: pr-hdds-2121-ltkqc-3926781246, networkLocation: /default-rack, certSerialId: null}, Type:RATIS, Factor:THREE, State:CLOSED]
2019-09-18 17:28:55,768 [org.apache.ratis.server.impl.LogAppender$AppenderDaemon$$Lambda$488/1062446665@7a4f893] ERROR ratis.XceiverServerRatis (XceiverServerRatis.java:triggerPipelineClose(575)) - pipeline Action CLOSE  on pipeline PipelineID=8f3f41fd-663e-48bf-b10e-4f90601d4e02.Reason : f1d6cbd0-cc55-4a8c-aff9-0f6c18a578e9 has not seen follower/s befaacb7-99cd-4d87-819a-d941cb77279d for 134853ms 3f36f173-4656-4d5a-831c-b6782f9f5ad2 for 134852ms
2019-09-18 17:28:55,768 [org.apache.ratis.server.impl.LogAppender$AppenderDaemon$$Lambda$488/1062446665@6563e69e] ERROR ratis.XceiverServerRatis (XceiverServerRatis.java:triggerPipelineClose(575)) - pipeline Action CLOSE  on pipeline PipelineID=8f3f41fd-663e-48bf-b10e-4f90601d4e02.Reason : f1d6cbd0-cc55-4a8c-aff9-0f6c18a578e9 has not seen follower/s befaacb7-99cd-4d87-819a-d941cb77279d for 134853ms 3f36f173-4656-4d5a-831c-b6782f9f5ad2 for 134852ms
2019-09-18 17:28:56,265 [EventQueue-PipelineActionsForPipelineActionHandler] ERROR pipeline.PipelineActionHandler (PipelineActionHandler.java:onMessage(60)) - Received pipeline action CLOSE for Pipeline[ Id: 8f3f41fd-663e-48bf-b10e-4f90601d4e02, Nodes: 3f36f173-4656-4d5a-831c-b6782f9f5ad2{ip: 192.168.151.122, host: pr-hdds-2121-ltkqc-3926781246, networkLocation: /default-rack, certSerialId: null}f1d6cbd0-cc55-4a8c-aff9-0f6c18a578e9{ip: 192.168.151.122, host: pr-hdds-2121-ltkqc-3926781246, networkLocation: /default-rack, certSerialId: null}befaacb7-99cd-4d87-819a-d941cb77279d{ip: 192.168.151.122, host: pr-hdds-2121-ltkqc-3926781246, networkLocation: /default-rack, certSerialId: null}, Type:RATIS, Factor:THREE, State:CLOSED] from datanode f1d6cbd0-cc55-4a8c-aff9-0f6c18a578e9{ip: 192.168.151.122, host: pr-hdds-2121-ltkqc-3926781246, networkLocation: /default-rack, certSerialId: null}. Reason : f1d6cbd0-cc55-4a8c-aff9-0f6c18a578e9 has not seen follower/s befaacb7-99cd-4d87-819a-d941cb77279d for 134853ms 3f36f173-4656-4d5a-831c-b6782f9f5ad2 for 134852ms
2019-09-18 17:28:56,265 [EventQueue-PipelineActionsForPipelineActionHandler] INFO  pipeline.SCMPipelineManager (SCMPipelineManager.java:finalizeAndDestroyPipeline(311)) - destroying pipeline:Pipeline[ Id: 8f3f41fd-663e-48bf-b10e-4f90601d4e02, Nodes: 3f36f173-4656-4d5a-831c-b6782f9f5ad2{ip: 192.168.151.122, host: pr-hdds-2121-ltkqc-3926781246, networkLocation: /default-rack, certSerialId: null}f1d6cbd0-cc55-4a8c-aff9-0f6c18a578e9{ip: 192.168.151.122, host: pr-hdds-2121-ltkqc-3926781246, networkLocation: /default-rack, certSerialId: null}befaacb7-99cd-4d87-819a-d941cb77279d{ip: 192.168.151.122, host: pr-hdds-2121-ltkqc-3926781246, networkLocation: /default-rack, certSerialId: null}, Type:RATIS, Factor:THREE, State:CLOSED]
2019-09-18 17:28:56,267 [java.util.concurrent.ThreadPoolExecutor$Worker@30c21f86[State = -1, empty queue]] WARN  server.GrpcLogAppender (GrpcLogAppender.java:timeoutAppendRequest(200)) - f1d6cbd0-cc55-4a8c-aff9-0f6c18a578e9@group-4F90601D4E02->3f36f173-4656-4d5a-831c-b6782f9f5ad2-GrpcLogAppender: appendEntries Timeout, request=f1d6cbd0-cc55-4a8c-aff9-0f6c18a578e9->3f36f173-4656-4d5a-831c-b6782f9f5ad2#139-t2, previous=(t:2, i:14), leaderCommit=10, initializing? false, entries: <empty>
2019-09-18 17:28:56,268 [java.util.concurrent.ThreadPoolExecutor$Worker@6cb5db01[State = -1, empty queue]] WARN  server.GrpcLogAppender (GrpcLogAppender.java:timeoutAppendRequest(200)) - f1d6cbd0-cc55-4a8c-aff9-0f6c18a578e9@group-4F90601D4E02->befaacb7-99cd-4d87-819a-d941cb77279d-GrpcLogAppender: appendEntries Timeout, request=f1d6cbd0-cc55-4a8c-aff9-0f6c18a578e9->befaacb7-99cd-4d87-819a-d941cb77279d#139-t2, previous=(t:2, i:14), leaderCommit=10, initializing? false, entries: <empty>
2019-09-18 17:28:57,129 [grpc-default-executor-6] INFO  client.GrpcClientProtocolClient (GrpcClientProtocolClient.java:onNext(264)) - client-D63B3F3BC33D->befaacb7-99cd-4d87-819a-d941cb77279d: receive RaftClientReply:client-D63B3F3BC33D->befaacb7-99cd-4d87-819a-d941cb77279d@group-4F90601D4E02, cid=32, FAILED org.apache.ratis.protocol.NotLeaderException: Server befaacb7-99cd-4d87-819a-d941cb77279d@group-4F90601D4E02 is not the leader f1d6cbd0-cc55-4a8c-aff9-0f6c18a578e9:192.168.151.122:38812, logIndex=0, commits[befaacb7-99cd-4d87-819a-d941cb77279d:c10, f1d6cbd0-cc55-4a8c-aff9-0f6c18a578e9:c10, 3f36f173-4656-4d5a-831c-b6782f9f5ad2:c6]
2019-09-18 17:28:58,269 [org.apache.ratis.server.impl.LogAppender$AppenderDaemon$$Lambda$488/1062446665@7a4f893] ERROR ratis.XceiverServerRatis (XceiverServerRatis.java:triggerPipelineClose(575)) - pipeline Action CLOSE  on pipeline PipelineID=8f3f41fd-663e-48bf-b10e-4f90601d4e02.Reason : f1d6cbd0-cc55-4a8c-aff9-0f6c18a578e9 has not seen follower/s befaacb7-99cd-4d87-819a-d941cb77279d for 137353ms 3f36f173-4656-4d5a-831c-b6782f9f5ad2 for 137353ms
2019-09-18 17:28:58,269 [org.apache.ratis.server.impl.LogAppender$AppenderDaemon$$Lambda$488/1062446665@6563e69e] ERROR ratis.XceiverServerRatis (XceiverServerRatis.java:triggerPipelineClose(575)) - pipeline Action CLOSE  on pipeline PipelineID=8f3f41fd-663e-48bf-b10e-4f90601d4e02.Reason : f1d6cbd0-cc55-4a8c-aff9-0f6c18a578e9 has not seen follower/s befaacb7-99cd-4d87-819a-d941cb77279d for 137353ms 3f36f173-4656-4d5a-831c-b6782f9f5ad2 for 137353ms
2019-09-18 17:28:58,768 [java.util.concurrent.ThreadPoolExecutor$Worker@6cb5db01[State = -1, empty queue]] WARN  server.GrpcLogAppender (GrpcLogAppender.java:timeoutAppendRequest(200)) - f1d6cbd0-cc55-4a8c-aff9-0f6c18a578e9@group-4F90601D4E02->befaacb7-99cd-4d87-819a-d941cb77279d-GrpcLogAppender: appendEntries Timeout, request=f1d6cbd0-cc55-4a8c-aff9-0f6c18a578e9->befaacb7-99cd-4d87-819a-d941cb77279d#140-t2, previous=(t:2, i:14), leaderCommit=10, initializing? false, entries: <empty>
2019-09-18 17:28:58,768 [java.util.concurrent.ThreadPoolExecutor$Worker@30c21f86[State = -1, empty queue]] WARN  server.GrpcLogAppender (GrpcLogAppender.java:timeoutAppendRequest(200)) - f1d6cbd0-cc55-4a8c-aff9-0f6c18a578e9@group-4F90601D4E02->3f36f173-4656-4d5a-831c-b6782f9f5ad2-GrpcLogAppender: appendEntries Timeout, request=f1d6cbd0-cc55-4a8c-aff9-0f6c18a578e9->3f36f173-4656-4d5a-831c-b6782f9f5ad2#140-t2, previous=(t:2, i:14), leaderCommit=10, initializing? false, entries: <empty>
2019-09-18 17:28:59,265 [EventQueue-PipelineActionsForPipelineActionHandler] ERROR pipeline.PipelineActionHandler (PipelineActionHandler.java:onMessage(60)) - Received pipeline action CLOSE for Pipeline[ Id: 8f3f41fd-663e-48bf-b10e-4f90601d4e02, Nodes: 3f36f173-4656-4d5a-831c-b6782f9f5ad2{ip: 192.168.151.122, host: pr-hdds-2121-ltkqc-3926781246, networkLocation: /default-rack, certSerialId: null}f1d6cbd0-cc55-4a8c-aff9-0f6c18a578e9{ip: 192.168.151.122, host: pr-hdds-2121-ltkqc-3926781246, networkLocation: /default-rack, certSerialId: null}befaacb7-99cd-4d87-819a-d941cb77279d{ip: 192.168.151.122, host: pr-hdds-2121-ltkqc-3926781246, networkLocation: /default-rack, certSerialId: null}, Type:RATIS, Factor:THREE, State:CLOSED] from datanode f1d6cbd0-cc55-4a8c-aff9-0f6c18a578e9{ip: 192.168.151.122, host: pr-hdds-2121-ltkqc-3926781246, networkLocation: /default-rack, certSerialId: null}. Reason : f1d6cbd0-cc55-4a8c-aff9-0f6c18a578e9 has not seen follower/s befaacb7-99cd-4d87-819a-d941cb77279d for 137353ms 3f36f173-4656-4d5a-831c-b6782f9f5ad2 for 137353ms
2019-09-18 17:28:59,265 [EventQueue-PipelineActionsForPipelineActionHandler] INFO  pipeline.SCMPipelineManager (SCMPipelineManager.java:finalizeAndDestroyPipeline(311)) - destroying pipeline:Pipeline[ Id: 8f3f41fd-663e-48bf-b10e-4f90601d4e02, Nodes: 3f36f173-4656-4d5a-831c-b6782f9f5ad2{ip: 192.168.151.122, host: pr-hdds-2121-ltkqc-3926781246, networkLocation: /default-rack, certSerialId: null}f1d6cbd0-cc55-4a8c-aff9-0f6c18a578e9{ip: 192.168.151.122, host: pr-hdds-2121-ltkqc-3926781246, networkLocation: /default-rack, certSerialId: null}befaacb7-99cd-4d87-819a-d941cb77279d{ip: 192.168.151.122, host: pr-hdds-2121-ltkqc-3926781246, networkLocation: /default-rack, certSerialId: null}, Type:RATIS, Factor:THREE, State:CLOSED]
2019-09-18 17:29:00,770 [org.apache.ratis.server.impl.LogAppender$AppenderDaemon$$Lambda$488/1062446665@7a4f893] ERROR ratis.XceiverServerRatis (XceiverServerRatis.java:triggerPipelineClose(575)) - pipeline Action CLOSE  on pipeline PipelineID=8f3f41fd-663e-48bf-b10e-4f90601d4e02.Reason : f1d6cbd0-cc55-4a8c-aff9-0f6c18a578e9 has not seen follower/s befaacb7-99cd-4d87-819a-d941cb77279d for 139854ms 3f36f173-4656-4d5a-831c-b6782f9f5ad2 for 139854ms
2019-09-18 17:29:00,770 [org.apache.ratis.server.impl.LogAppender$AppenderDaemon$$Lambda$488/1062446665@6563e69e] ERROR ratis.XceiverServerRatis (XceiverServerRatis.java:triggerPipelineClose(575)) - pipeline Action CLOSE  on pipeline PipelineID=8f3f41fd-663e-48bf-b10e-4f90601d4e02.Reason : f1d6cbd0-cc55-4a8c-aff9-0f6c18a578e9 has not seen follower/s befaacb7-99cd-4d87-819a-d941cb77279d for 139854ms 3f36f173-4656-4d5a-831c-b6782f9f5ad2 for 139854ms
2019-09-18 17:29:01,170 [befaacb7-99cd-4d87-819a-d941cb77279d@group-4F90601D4E02-SegmentedRaftLogWorker] WARN  segmented.SegmentedRaftLogWorker (SegmentedRaftLogWorker.java:getFromFuture(90)) - Timeout 13/~
org.apache.ratis.protocol.TimeoutIOException: Timeout 10s: WriteLog:12: (t:2, i:12), STATEMACHINELOGENTRY, client-D63B3F3BC33D, cid=33-writeStateMachineData
	at org.apache.ratis.util.IOUtils.getFromFuture(IOUtils.java:87)
	at org.apache.ratis.server.raftlog.segmented.SegmentedRaftLogWorker$StateMachineDataPolicy.getFromFuture(SegmentedRaftLogWorker.java:87)
	at org.apache.ratis.server.raftlog.segmented.SegmentedRaftLogWorker$WriteLog.execute(SegmentedRaftLogWorker.java:477)
	at org.apache.ratis.server.raftlog.segmented.SegmentedRaftLogWorker.run(SegmentedRaftLogWorker.java:289)
	at java.lang.Thread.run(Thread.java:748)
Caused by: java.util.concurrent.TimeoutException
	at java.util.concurrent.CompletableFuture.timedGet(CompletableFuture.java:1771)
	at java.util.concurrent.CompletableFuture.get(CompletableFuture.java:1915)
	at org.apache.ratis.util.IOUtils.getFromFuture(IOUtils.java:79)
	... 4 more
2019-09-18 17:29:01,188 [f1d6cbd0-cc55-4a8c-aff9-0f6c18a578e9@group-4F90601D4E02-SegmentedRaftLogWorker] WARN  segmented.SegmentedRaftLogWorker (SegmentedRaftLogWorker.java:getFromFuture(90)) - Timeout 13/~
org.apache.ratis.protocol.TimeoutIOException: Timeout 10s: WriteLog:12: (t:2, i:12), STATEMACHINELOGENTRY, client-D63B3F3BC33D, cid=33-writeStateMachineData
	at org.apache.ratis.util.IOUtils.getFromFuture(IOUtils.java:87)
	at org.apache.ratis.server.raftlog.segmented.SegmentedRaftLogWorker$StateMachineDataPolicy.getFromFuture(SegmentedRaftLogWorker.java:87)
	at org.apache.ratis.server.raftlog.segmented.SegmentedRaftLogWorker$WriteLog.execute(SegmentedRaftLogWorker.java:477)
	at org.apache.ratis.server.raftlog.segmented.SegmentedRaftLogWorker.run(SegmentedRaftLogWorker.java:289)
	at java.lang.Thread.run(Thread.java:748)
Caused by: java.util.concurrent.TimeoutException
	at java.util.concurrent.CompletableFuture.timedGet(CompletableFuture.java:1771)
	at java.util.concurrent.CompletableFuture.get(CompletableFuture.java:1915)
	at org.apache.ratis.util.IOUtils.getFromFuture(IOUtils.java:79)
	... 4 more
2019-09-18 17:29:01,188 [3f36f173-4656-4d5a-831c-b6782f9f5ad2@group-4F90601D4E02-SegmentedRaftLogWorker] WARN  segmented.SegmentedRaftLogWorker (SegmentedRaftLogWorker.java:getFromFuture(90)) - Timeout 13/~
org.apache.ratis.protocol.TimeoutIOException: Timeout 10s: WriteLog:12: (t:2, i:12), STATEMACHINELOGENTRY, client-D63B3F3BC33D, cid=33-writeStateMachineData
	at org.apache.ratis.util.IOUtils.getFromFuture(IOUtils.java:87)
	at org.apache.ratis.server.raftlog.segmented.SegmentedRaftLogWorker$StateMachineDataPolicy.getFromFuture(SegmentedRaftLogWorker.java:87)
	at org.apache.ratis.server.raftlog.segmented.SegmentedRaftLogWorker$WriteLog.execute(SegmentedRaftLogWorker.java:477)
	at org.apache.ratis.server.raftlog.segmented.SegmentedRaftLogWorker.run(SegmentedRaftLogWorker.java:289)
	at java.lang.Thread.run(Thread.java:748)
Caused by: java.util.concurrent.TimeoutException
	at java.util.concurrent.CompletableFuture.timedGet(CompletableFuture.java:1771)
	at java.util.concurrent.CompletableFuture.get(CompletableFuture.java:1915)
	at org.apache.ratis.util.IOUtils.getFromFuture(IOUtils.java:79)
	... 4 more
2019-09-18 17:29:01,264 [EventQueue-PipelineActionsForPipelineActionHandler] ERROR pipeline.PipelineActionHandler (PipelineActionHandler.java:onMessage(60)) - Received pipeline action CLOSE for Pipeline[ Id: 8f3f41fd-663e-48bf-b10e-4f90601d4e02, Nodes: 3f36f173-4656-4d5a-831c-b6782f9f5ad2{ip: 192.168.151.122, host: pr-hdds-2121-ltkqc-3926781246, networkLocation: /default-rack, certSerialId: null}f1d6cbd0-cc55-4a8c-aff9-0f6c18a578e9{ip: 192.168.151.122, host: pr-hdds-2121-ltkqc-3926781246, networkLocation: /default-rack, certSerialId: null}befaacb7-99cd-4d87-819a-d941cb77279d{ip: 192.168.151.122, host: pr-hdds-2121-ltkqc-3926781246, networkLocation: /default-rack, certSerialId: null}, Type:RATIS, Factor:THREE, State:CLOSED] from datanode f1d6cbd0-cc55-4a8c-aff9-0f6c18a578e9{ip: 192.168.151.122, host: pr-hdds-2121-ltkqc-3926781246, networkLocation: /default-rack, certSerialId: null}. Reason : f1d6cbd0-cc55-4a8c-aff9-0f6c18a578e9 has not seen follower/s befaacb7-99cd-4d87-819a-d941cb77279d for 139854ms 3f36f173-4656-4d5a-831c-b6782f9f5ad2 for 139854ms
2019-09-18 17:29:01,265 [EventQueue-PipelineActionsForPipelineActionHandler] INFO  pipeline.SCMPipelineManager (SCMPipelineManager.java:finalizeAndDestroyPipeline(311)) - destroying pipeline:Pipeline[ Id: 8f3f41fd-663e-48bf-b10e-4f90601d4e02, Nodes: 3f36f173-4656-4d5a-831c-b6782f9f5ad2{ip: 192.168.151.122, host: pr-hdds-2121-ltkqc-3926781246, networkLocation: /default-rack, certSerialId: null}f1d6cbd0-cc55-4a8c-aff9-0f6c18a578e9{ip: 192.168.151.122, host: pr-hdds-2121-ltkqc-3926781246, networkLocation: /default-rack, certSerialId: null}befaacb7-99cd-4d87-819a-d941cb77279d{ip: 192.168.151.122, host: pr-hdds-2121-ltkqc-3926781246, networkLocation: /default-rack, certSerialId: null}, Type:RATIS, Factor:THREE, State:CLOSED]
2019-09-18 17:29:01,269 [java.util.concurrent.ThreadPoolExecutor$Worker@30c21f86[State = -1, empty queue]] WARN  server.GrpcLogAppender (GrpcLogAppender.java:timeoutAppendRequest(200)) - f1d6cbd0-cc55-4a8c-aff9-0f6c18a578e9@group-4F90601D4E02->3f36f173-4656-4d5a-831c-b6782f9f5ad2-GrpcLogAppender: appendEntries Timeout, request=f1d6cbd0-cc55-4a8c-aff9-0f6c18a578e9->3f36f173-4656-4d5a-831c-b6782f9f5ad2#141-t2, previous=(t:2, i:14), leaderCommit=10, initializing? false, entries: <empty>
2019-09-18 17:29:01,269 [java.util.concurrent.ThreadPoolExecutor$Worker@6cb5db01[State = -1, empty queue]] WARN  server.GrpcLogAppender (GrpcLogAppender.java:timeoutAppendRequest(200)) - f1d6cbd0-cc55-4a8c-aff9-0f6c18a578e9@group-4F90601D4E02->befaacb7-99cd-4d87-819a-d941cb77279d-GrpcLogAppender: appendEntries Timeout, request=f1d6cbd0-cc55-4a8c-aff9-0f6c18a578e9->befaacb7-99cd-4d87-819a-d941cb77279d#141-t2, previous=(t:2, i:14), leaderCommit=10, initializing? false, entries: <empty>
2019-09-18 17:29:02,165 [grpc-default-executor-6] INFO  client.GrpcClientProtocolClient (GrpcClientProtocolClient.java:onNext(264)) - client-D63B3F3BC33D->3f36f173-4656-4d5a-831c-b6782f9f5ad2: receive RaftClientReply:client-D63B3F3BC33D->3f36f173-4656-4d5a-831c-b6782f9f5ad2@group-4F90601D4E02, cid=32, FAILED org.apache.ratis.protocol.NotLeaderException: Server 3f36f173-4656-4d5a-831c-b6782f9f5ad2@group-4F90601D4E02 is not the leader f1d6cbd0-cc55-4a8c-aff9-0f6c18a578e9:192.168.151.122:38812, logIndex=0, commits[3f36f173-4656-4d5a-831c-b6782f9f5ad2:c10, f1d6cbd0-cc55-4a8c-aff9-0f6c18a578e9:c10, befaacb7-99cd-4d87-819a-d941cb77279d:c6]
2019-09-18 17:29:03,271 [org.apache.ratis.server.impl.LogAppender$AppenderDaemon$$Lambda$488/1062446665@6563e69e] ERROR ratis.XceiverServerRatis (XceiverServerRatis.java:triggerPipelineClose(575)) - pipeline Action CLOSE  on pipeline PipelineID=8f3f41fd-663e-48bf-b10e-4f90601d4e02.Reason : f1d6cbd0-cc55-4a8c-aff9-0f6c18a578e9 has not seen follower/s befaacb7-99cd-4d87-819a-d941cb77279d for 142355ms 3f36f173-4656-4d5a-831c-b6782f9f5ad2 for 142354ms
2019-09-18 17:29:03,271 [org.apache.ratis.server.impl.LogAppender$AppenderDaemon$$Lambda$488/1062446665@7a4f893] ERROR ratis.XceiverServerRatis (XceiverServerRatis.java:triggerPipelineClose(575)) - pipeline Action CLOSE  on pipeline PipelineID=8f3f41fd-663e-48bf-b10e-4f90601d4e02.Reason : f1d6cbd0-cc55-4a8c-aff9-0f6c18a578e9 has not seen follower/s befaacb7-99cd-4d87-819a-d941cb77279d for 142355ms 3f36f173-4656-4d5a-831c-b6782f9f5ad2 for 142354ms
2019-09-18 17:29:03,770 [java.util.concurrent.ThreadPoolExecutor$Worker@30c21f86[State = -1, empty queue]] WARN  server.GrpcLogAppender (GrpcLogAppender.java:timeoutAppendRequest(200)) - f1d6cbd0-cc55-4a8c-aff9-0f6c18a578e9@group-4F90601D4E02->3f36f173-4656-4d5a-831c-b6782f9f5ad2-GrpcLogAppender: appendEntries Timeout, request=f1d6cbd0-cc55-4a8c-aff9-0f6c18a578e9->3f36f173-4656-4d5a-831c-b6782f9f5ad2#142-t2, previous=(t:2, i:14), leaderCommit=10, initializing? false, entries: <empty>
2019-09-18 17:29:03,770 [java.util.concurrent.ThreadPoolExecutor$Worker@6cb5db01[State = -1, empty queue]] WARN  server.GrpcLogAppender (GrpcLogAppender.java:timeoutAppendRequest(200)) - f1d6cbd0-cc55-4a8c-aff9-0f6c18a578e9@group-4F90601D4E02->befaacb7-99cd-4d87-819a-d941cb77279d-GrpcLogAppender: appendEntries Timeout, request=f1d6cbd0-cc55-4a8c-aff9-0f6c18a578e9->befaacb7-99cd-4d87-819a-d941cb77279d#142-t2, previous=(t:2, i:14), leaderCommit=10, initializing? false, entries: <empty>
2019-09-18 17:29:04,266 [EventQueue-PipelineActionsForPipelineActionHandler] ERROR pipeline.PipelineActionHandler (PipelineActionHandler.java:onMessage(60)) - Received pipeline action CLOSE for Pipeline[ Id: 8f3f41fd-663e-48bf-b10e-4f90601d4e02, Nodes: 3f36f173-4656-4d5a-831c-b6782f9f5ad2{ip: 192.168.151.122, host: pr-hdds-2121-ltkqc-3926781246, networkLocation: /default-rack, certSerialId: null}f1d6cbd0-cc55-4a8c-aff9-0f6c18a578e9{ip: 192.168.151.122, host: pr-hdds-2121-ltkqc-3926781246, networkLocation: /default-rack, certSerialId: null}befaacb7-99cd-4d87-819a-d941cb77279d{ip: 192.168.151.122, host: pr-hdds-2121-ltkqc-3926781246, networkLocation: /default-rack, certSerialId: null}, Type:RATIS, Factor:THREE, State:CLOSED] from datanode f1d6cbd0-cc55-4a8c-aff9-0f6c18a578e9{ip: 192.168.151.122, host: pr-hdds-2121-ltkqc-3926781246, networkLocation: /default-rack, certSerialId: null}. Reason : f1d6cbd0-cc55-4a8c-aff9-0f6c18a578e9 has not seen follower/s befaacb7-99cd-4d87-819a-d941cb77279d for 142355ms 3f36f173-4656-4d5a-831c-b6782f9f5ad2 for 142354ms
2019-09-18 17:29:04,266 [EventQueue-PipelineActionsForPipelineActionHandler] INFO  pipeline.SCMPipelineManager (SCMPipelineManager.java:finalizeAndDestroyPipeline(311)) - destroying pipeline:Pipeline[ Id: 8f3f41fd-663e-48bf-b10e-4f90601d4e02, Nodes: 3f36f173-4656-4d5a-831c-b6782f9f5ad2{ip: 192.168.151.122, host: pr-hdds-2121-ltkqc-3926781246, networkLocation: /default-rack, certSerialId: null}f1d6cbd0-cc55-4a8c-aff9-0f6c18a578e9{ip: 192.168.151.122, host: pr-hdds-2121-ltkqc-3926781246, networkLocation: /default-rack, certSerialId: null}befaacb7-99cd-4d87-819a-d941cb77279d{ip: 192.168.151.122, host: pr-hdds-2121-ltkqc-3926781246, networkLocation: /default-rack, certSerialId: null}, Type:RATIS, Factor:THREE, State:CLOSED]
2019-09-18 17:29:05,771 [org.apache.ratis.server.impl.LogAppender$AppenderDaemon$$Lambda$488/1062446665@6563e69e] ERROR ratis.XceiverServerRatis (XceiverServerRatis.java:triggerPipelineClose(575)) - pipeline Action CLOSE  on pipeline PipelineID=8f3f41fd-663e-48bf-b10e-4f90601d4e02.Reason : f1d6cbd0-cc55-4a8c-aff9-0f6c18a578e9 has not seen follower/s befaacb7-99cd-4d87-819a-d941cb77279d for 144855ms 3f36f173-4656-4d5a-831c-b6782f9f5ad2 for 144855ms
2019-09-18 17:29:05,772 [org.apache.ratis.server.impl.LogAppender$AppenderDaemon$$Lambda$488/1062446665@7a4f893] ERROR ratis.XceiverServerRatis (XceiverServerRatis.java:triggerPipelineClose(575)) - pipeline Action CLOSE  on pipeline PipelineID=8f3f41fd-663e-48bf-b10e-4f90601d4e02.Reason : f1d6cbd0-cc55-4a8c-aff9-0f6c18a578e9 has not seen follower/s befaacb7-99cd-4d87-819a-d941cb77279d for 144856ms 3f36f173-4656-4d5a-831c-b6782f9f5ad2 for 144855ms
2019-09-18 17:29:06,266 [EventQueue-PipelineActionsForPipelineActionHandler] ERROR pipeline.PipelineActionHandler (PipelineActionHandler.java:onMessage(60)) - Received pipeline action CLOSE for Pipeline[ Id: 8f3f41fd-663e-48bf-b10e-4f90601d4e02, Nodes: 3f36f173-4656-4d5a-831c-b6782f9f5ad2{ip: 192.168.151.122, host: pr-hdds-2121-ltkqc-3926781246, networkLocation: /default-rack, certSerialId: null}f1d6cbd0-cc55-4a8c-aff9-0f6c18a578e9{ip: 192.168.151.122, host: pr-hdds-2121-ltkqc-3926781246, networkLocation: /default-rack, certSerialId: null}befaacb7-99cd-4d87-819a-d941cb77279d{ip: 192.168.151.122, host: pr-hdds-2121-ltkqc-3926781246, networkLocation: /default-rack, certSerialId: null}, Type:RATIS, Factor:THREE, State:CLOSED] from datanode f1d6cbd0-cc55-4a8c-aff9-0f6c18a578e9{ip: 192.168.151.122, host: pr-hdds-2121-ltkqc-3926781246, networkLocation: /default-rack, certSerialId: null}. Reason : f1d6cbd0-cc55-4a8c-aff9-0f6c18a578e9 has not seen follower/s befaacb7-99cd-4d87-819a-d941cb77279d for 144855ms 3f36f173-4656-4d5a-831c-b6782f9f5ad2 for 144855ms
2019-09-18 17:29:06,266 [EventQueue-PipelineActionsForPipelineActionHandler] INFO  pipeline.SCMPipelineManager (SCMPipelineManager.java:finalizeAndDestroyPipeline(311)) - destroying pipeline:Pipeline[ Id: 8f3f41fd-663e-48bf-b10e-4f90601d4e02, Nodes: 3f36f173-4656-4d5a-831c-b6782f9f5ad2{ip: 192.168.151.122, host: pr-hdds-2121-ltkqc-3926781246, networkLocation: /default-rack, certSerialId: null}f1d6cbd0-cc55-4a8c-aff9-0f6c18a578e9{ip: 192.168.151.122, host: pr-hdds-2121-ltkqc-3926781246, networkLocation: /default-rack, certSerialId: null}befaacb7-99cd-4d87-819a-d941cb77279d{ip: 192.168.151.122, host: pr-hdds-2121-ltkqc-3926781246, networkLocation: /default-rack, certSerialId: null}, Type:RATIS, Factor:THREE, State:CLOSED]
2019-09-18 17:29:06,271 [java.util.concurrent.ThreadPoolExecutor$Worker@6cb5db01[State = -1, empty queue]] WARN  server.GrpcLogAppender (GrpcLogAppender.java:timeoutAppendRequest(200)) - f1d6cbd0-cc55-4a8c-aff9-0f6c18a578e9@group-4F90601D4E02->befaacb7-99cd-4d87-819a-d941cb77279d-GrpcLogAppender: appendEntries Timeout, request=f1d6cbd0-cc55-4a8c-aff9-0f6c18a578e9->befaacb7-99cd-4d87-819a-d941cb77279d#143-t2, previous=(t:2, i:14), leaderCommit=10, initializing? false, entries: <empty>
2019-09-18 17:29:06,271 [java.util.concurrent.ThreadPoolExecutor$Worker@30c21f86[State = -1, empty queue]] WARN  server.GrpcLogAppender (GrpcLogAppender.java:timeoutAppendRequest(200)) - f1d6cbd0-cc55-4a8c-aff9-0f6c18a578e9@group-4F90601D4E02->3f36f173-4656-4d5a-831c-b6782f9f5ad2-GrpcLogAppender: appendEntries Timeout, request=f1d6cbd0-cc55-4a8c-aff9-0f6c18a578e9->3f36f173-4656-4d5a-831c-b6782f9f5ad2#143-t2, previous=(t:2, i:14), leaderCommit=10, initializing? false, entries: <empty>
2019-09-18 17:29:07,208 [grpc-default-executor-6] INFO  client.GrpcClientProtocolClient (GrpcClientProtocolClient.java:onNext(264)) - client-D63B3F3BC33D->befaacb7-99cd-4d87-819a-d941cb77279d: receive RaftClientReply:client-D63B3F3BC33D->befaacb7-99cd-4d87-819a-d941cb77279d@group-4F90601D4E02, cid=32, FAILED org.apache.ratis.protocol.NotLeaderException: Server befaacb7-99cd-4d87-819a-d941cb77279d@group-4F90601D4E02 is not the leader f1d6cbd0-cc55-4a8c-aff9-0f6c18a578e9:192.168.151.122:38812, logIndex=0, commits[befaacb7-99cd-4d87-819a-d941cb77279d:c10, f1d6cbd0-cc55-4a8c-aff9-0f6c18a578e9:c10, 3f36f173-4656-4d5a-831c-b6782f9f5ad2:c6]
2019-09-18 17:29:08,272 [org.apache.ratis.server.impl.LogAppender$AppenderDaemon$$Lambda$488/1062446665@6563e69e] ERROR ratis.XceiverServerRatis (XceiverServerRatis.java:triggerPipelineClose(575)) - pipeline Action CLOSE  on pipeline PipelineID=8f3f41fd-663e-48bf-b10e-4f90601d4e02.Reason : f1d6cbd0-cc55-4a8c-aff9-0f6c18a578e9 has not seen follower/s befaacb7-99cd-4d87-819a-d941cb77279d for 147356ms 3f36f173-4656-4d5a-831c-b6782f9f5ad2 for 147356ms
2019-09-18 17:29:08,272 [org.apache.ratis.server.impl.LogAppender$AppenderDaemon$$Lambda$488/1062446665@7a4f893] ERROR ratis.XceiverServerRatis (XceiverServerRatis.java:triggerPipelineClose(575)) - pipeline Action CLOSE  on pipeline PipelineID=8f3f41fd-663e-48bf-b10e-4f90601d4e02.Reason : f1d6cbd0-cc55-4a8c-aff9-0f6c18a578e9 has not seen follower/s befaacb7-99cd-4d87-819a-d941cb77279d for 147356ms 3f36f173-4656-4d5a-831c-b6782f9f5ad2 for 147356ms
2019-09-18 17:29:08,771 [java.util.concurrent.ThreadPoolExecutor$Worker@6cb5db01[State = -1, empty queue]] WARN  server.GrpcLogAppender (GrpcLogAppender.java:timeoutAppendRequest(200)) - f1d6cbd0-cc55-4a8c-aff9-0f6c18a578e9@group-4F90601D4E02->befaacb7-99cd-4d87-819a-d941cb77279d-GrpcLogAppender: appendEntries Timeout, request=f1d6cbd0-cc55-4a8c-aff9-0f6c18a578e9->befaacb7-99cd-4d87-819a-d941cb77279d#144-t2, previous=(t:2, i:14), leaderCommit=10, initializing? false, entries: <empty>
2019-09-18 17:29:08,771 [java.util.concurrent.ThreadPoolExecutor$Worker@30c21f86[State = -1, empty queue]] WARN  server.GrpcLogAppender (GrpcLogAppender.java:timeoutAppendRequest(200)) - f1d6cbd0-cc55-4a8c-aff9-0f6c18a578e9@group-4F90601D4E02->3f36f173-4656-4d5a-831c-b6782f9f5ad2-GrpcLogAppender: appendEntries Timeout, request=f1d6cbd0-cc55-4a8c-aff9-0f6c18a578e9->3f36f173-4656-4d5a-831c-b6782f9f5ad2#144-t2, previous=(t:2, i:14), leaderCommit=10, initializing? false, entries: <empty>
2019-09-18 17:29:09,265 [EventQueue-PipelineActionsForPipelineActionHandler] ERROR pipeline.PipelineActionHandler (PipelineActionHandler.java:onMessage(60)) - Received pipeline action CLOSE for Pipeline[ Id: 8f3f41fd-663e-48bf-b10e-4f90601d4e02, Nodes: 3f36f173-4656-4d5a-831c-b6782f9f5ad2{ip: 192.168.151.122, host: pr-hdds-2121-ltkqc-3926781246, networkLocation: /default-rack, certSerialId: null}f1d6cbd0-cc55-4a8c-aff9-0f6c18a578e9{ip: 192.168.151.122, host: pr-hdds-2121-ltkqc-3926781246, networkLocation: /default-rack, certSerialId: null}befaacb7-99cd-4d87-819a-d941cb77279d{ip: 192.168.151.122, host: pr-hdds-2121-ltkqc-3926781246, networkLocation: /default-rack, certSerialId: null}, Type:RATIS, Factor:THREE, State:CLOSED] from datanode f1d6cbd0-cc55-4a8c-aff9-0f6c18a578e9{ip: 192.168.151.122, host: pr-hdds-2121-ltkqc-3926781246, networkLocation: /default-rack, certSerialId: null}. Reason : f1d6cbd0-cc55-4a8c-aff9-0f6c18a578e9 has not seen follower/s befaacb7-99cd-4d87-819a-d941cb77279d for 147356ms 3f36f173-4656-4d5a-831c-b6782f9f5ad2 for 147356ms
2019-09-18 17:29:09,266 [EventQueue-PipelineActionsForPipelineActionHandler] INFO  pipeline.SCMPipelineManager (SCMPipelineManager.java:finalizeAndDestroyPipeline(311)) - destroying pipeline:Pipeline[ Id: 8f3f41fd-663e-48bf-b10e-4f90601d4e02, Nodes: 3f36f173-4656-4d5a-831c-b6782f9f5ad2{ip: 192.168.151.122, host: pr-hdds-2121-ltkqc-3926781246, networkLocation: /default-rack, certSerialId: null}f1d6cbd0-cc55-4a8c-aff9-0f6c18a578e9{ip: 192.168.151.122, host: pr-hdds-2121-ltkqc-3926781246, networkLocation: /default-rack, certSerialId: null}befaacb7-99cd-4d87-819a-d941cb77279d{ip: 192.168.151.122, host: pr-hdds-2121-ltkqc-3926781246, networkLocation: /default-rack, certSerialId: null}, Type:RATIS, Factor:THREE, State:CLOSED]
2019-09-18 17:29:10,773 [org.apache.ratis.server.impl.LogAppender$AppenderDaemon$$Lambda$488/1062446665@6563e69e] ERROR ratis.XceiverServerRatis (XceiverServerRatis.java:triggerPipelineClose(575)) - pipeline Action CLOSE  on pipeline PipelineID=8f3f41fd-663e-48bf-b10e-4f90601d4e02.Reason : f1d6cbd0-cc55-4a8c-aff9-0f6c18a578e9 has not seen follower/s befaacb7-99cd-4d87-819a-d941cb77279d for 149857ms 3f36f173-4656-4d5a-831c-b6782f9f5ad2 for 149857ms
2019-09-18 17:29:10,773 [org.apache.ratis.server.impl.LogAppender$AppenderDaemon$$Lambda$488/1062446665@7a4f893] ERROR ratis.XceiverServerRatis (XceiverServerRatis.java:triggerPipelineClose(575)) - pipeline Action CLOSE  on pipeline PipelineID=8f3f41fd-663e-48bf-b10e-4f90601d4e02.Reason : f1d6cbd0-cc55-4a8c-aff9-0f6c18a578e9 has not seen follower/s befaacb7-99cd-4d87-819a-d941cb77279d for 149857ms 3f36f173-4656-4d5a-831c-b6782f9f5ad2 for 149857ms
2019-09-18 17:29:11,171 [befaacb7-99cd-4d87-819a-d941cb77279d@group-4F90601D4E02-SegmentedRaftLogWorker] WARN  segmented.SegmentedRaftLogWorker (SegmentedRaftLogWorker.java:getFromFuture(90)) - Timeout 14/~
org.apache.ratis.protocol.TimeoutIOException: Timeout 10s: WriteLog:12: (t:2, i:12), STATEMACHINELOGENTRY, client-D63B3F3BC33D, cid=33-writeStateMachineData
	at org.apache.ratis.util.IOUtils.getFromFuture(IOUtils.java:87)
	at org.apache.ratis.server.raftlog.segmented.SegmentedRaftLogWorker$StateMachineDataPolicy.getFromFuture(SegmentedRaftLogWorker.java:87)
	at org.apache.ratis.server.raftlog.segmented.SegmentedRaftLogWorker$WriteLog.execute(SegmentedRaftLogWorker.java:477)
	at org.apache.ratis.server.raftlog.segmented.SegmentedRaftLogWorker.run(SegmentedRaftLogWorker.java:289)
	at java.lang.Thread.run(Thread.java:748)
Caused by: java.util.concurrent.TimeoutException
	at java.util.concurrent.CompletableFuture.timedGet(CompletableFuture.java:1771)
	at java.util.concurrent.CompletableFuture.get(CompletableFuture.java:1915)
	at org.apache.ratis.util.IOUtils.getFromFuture(IOUtils.java:79)
	... 4 more
2019-09-18 17:29:11,189 [f1d6cbd0-cc55-4a8c-aff9-0f6c18a578e9@group-4F90601D4E02-SegmentedRaftLogWorker] WARN  segmented.SegmentedRaftLogWorker (SegmentedRaftLogWorker.java:getFromFuture(90)) - Timeout 14/~
org.apache.ratis.protocol.TimeoutIOException: Timeout 10s: WriteLog:12: (t:2, i:12), STATEMACHINELOGENTRY, client-D63B3F3BC33D, cid=33-writeStateMachineData
	at org.apache.ratis.util.IOUtils.getFromFuture(IOUtils.java:87)
	at org.apache.ratis.server.raftlog.segmented.SegmentedRaftLogWorker$StateMachineDataPolicy.getFromFuture(SegmentedRaftLogWorker.java:87)
	at org.apache.ratis.server.raftlog.segmented.SegmentedRaftLogWorker$WriteLog.execute(SegmentedRaftLogWorker.java:477)
	at org.apache.ratis.server.raftlog.segmented.SegmentedRaftLogWorker.run(SegmentedRaftLogWorker.java:289)
	at java.lang.Thread.run(Thread.java:748)
Caused by: java.util.concurrent.TimeoutException
	at java.util.concurrent.CompletableFuture.timedGet(CompletableFuture.java:1771)
	at java.util.concurrent.CompletableFuture.get(CompletableFuture.java:1915)
	at org.apache.ratis.util.IOUtils.getFromFuture(IOUtils.java:79)
	... 4 more
2019-09-18 17:29:11,189 [3f36f173-4656-4d5a-831c-b6782f9f5ad2@group-4F90601D4E02-SegmentedRaftLogWorker] WARN  segmented.SegmentedRaftLogWorker (SegmentedRaftLogWorker.java:getFromFuture(90)) - Timeout 14/~
org.apache.ratis.protocol.TimeoutIOException: Timeout 10s: WriteLog:12: (t:2, i:12), STATEMACHINELOGENTRY, client-D63B3F3BC33D, cid=33-writeStateMachineData
	at org.apache.ratis.util.IOUtils.getFromFuture(IOUtils.java:87)
	at org.apache.ratis.server.raftlog.segmented.SegmentedRaftLogWorker$StateMachineDataPolicy.getFromFuture(SegmentedRaftLogWorker.java:87)
	at org.apache.ratis.server.raftlog.segmented.SegmentedRaftLogWorker$WriteLog.execute(SegmentedRaftLogWorker.java:477)
	at org.apache.ratis.server.raftlog.segmented.SegmentedRaftLogWorker.run(SegmentedRaftLogWorker.java:289)
	at java.lang.Thread.run(Thread.java:748)
Caused by: java.util.concurrent.TimeoutException
	at java.util.concurrent.CompletableFuture.timedGet(CompletableFuture.java:1771)
	at java.util.concurrent.CompletableFuture.get(CompletableFuture.java:1915)
	at org.apache.ratis.util.IOUtils.getFromFuture(IOUtils.java:79)
	... 4 more
2019-09-18 17:29:11,266 [EventQueue-PipelineActionsForPipelineActionHandler] ERROR pipeline.PipelineActionHandler (PipelineActionHandler.java:onMessage(60)) - Received pipeline action CLOSE for Pipeline[ Id: 8f3f41fd-663e-48bf-b10e-4f90601d4e02, Nodes: 3f36f173-4656-4d5a-831c-b6782f9f5ad2{ip: 192.168.151.122, host: pr-hdds-2121-ltkqc-3926781246, networkLocation: /default-rack, certSerialId: null}f1d6cbd0-cc55-4a8c-aff9-0f6c18a578e9{ip: 192.168.151.122, host: pr-hdds-2121-ltkqc-3926781246, networkLocation: /default-rack, certSerialId: null}befaacb7-99cd-4d87-819a-d941cb77279d{ip: 192.168.151.122, host: pr-hdds-2121-ltkqc-3926781246, networkLocation: /default-rack, certSerialId: null}, Type:RATIS, Factor:THREE, State:CLOSED] from datanode f1d6cbd0-cc55-4a8c-aff9-0f6c18a578e9{ip: 192.168.151.122, host: pr-hdds-2121-ltkqc-3926781246, networkLocation: /default-rack, certSerialId: null}. Reason : f1d6cbd0-cc55-4a8c-aff9-0f6c18a578e9 has not seen follower/s befaacb7-99cd-4d87-819a-d941cb77279d for 149857ms 3f36f173-4656-4d5a-831c-b6782f9f5ad2 for 149857ms
2019-09-18 17:29:11,266 [EventQueue-PipelineActionsForPipelineActionHandler] INFO  pipeline.SCMPipelineManager (SCMPipelineManager.java:finalizeAndDestroyPipeline(311)) - destroying pipeline:Pipeline[ Id: 8f3f41fd-663e-48bf-b10e-4f90601d4e02, Nodes: 3f36f173-4656-4d5a-831c-b6782f9f5ad2{ip: 192.168.151.122, host: pr-hdds-2121-ltkqc-3926781246, networkLocation: /default-rack, certSerialId: null}f1d6cbd0-cc55-4a8c-aff9-0f6c18a578e9{ip: 192.168.151.122, host: pr-hdds-2121-ltkqc-3926781246, networkLocation: /default-rack, certSerialId: null}befaacb7-99cd-4d87-819a-d941cb77279d{ip: 192.168.151.122, host: pr-hdds-2121-ltkqc-3926781246, networkLocation: /default-rack, certSerialId: null}, Type:RATIS, Factor:THREE, State:CLOSED]
2019-09-18 17:29:11,272 [java.util.concurrent.ThreadPoolExecutor$Worker@6cb5db01[State = -1, empty queue]] WARN  server.GrpcLogAppender (GrpcLogAppender.java:timeoutAppendRequest(200)) - f1d6cbd0-cc55-4a8c-aff9-0f6c18a578e9@group-4F90601D4E02->befaacb7-99cd-4d87-819a-d941cb77279d-GrpcLogAppender: appendEntries Timeout, request=f1d6cbd0-cc55-4a8c-aff9-0f6c18a578e9->befaacb7-99cd-4d87-819a-d941cb77279d#145-t2, previous=(t:2, i:14), leaderCommit=10, initializing? false, entries: <empty>
2019-09-18 17:29:11,272 [java.util.concurrent.ThreadPoolExecutor$Worker@30c21f86[State = -1, empty queue]] WARN  server.GrpcLogAppender (GrpcLogAppender.java:timeoutAppendRequest(200)) - f1d6cbd0-cc55-4a8c-aff9-0f6c18a578e9@group-4F90601D4E02->3f36f173-4656-4d5a-831c-b6782f9f5ad2-GrpcLogAppender: appendEntries Timeout, request=f1d6cbd0-cc55-4a8c-aff9-0f6c18a578e9->3f36f173-4656-4d5a-831c-b6782f9f5ad2#145-t2, previous=(t:2, i:14), leaderCommit=10, initializing? false, entries: <empty>
2019-09-18 17:29:12,250 [grpc-default-executor-6] INFO  client.GrpcClientProtocolClient (GrpcClientProtocolClient.java:onNext(264)) - client-D63B3F3BC33D->3f36f173-4656-4d5a-831c-b6782f9f5ad2: receive RaftClientReply:client-D63B3F3BC33D->3f36f173-4656-4d5a-831c-b6782f9f5ad2@group-4F90601D4E02, cid=32, FAILED org.apache.ratis.protocol.NotLeaderException: Server 3f36f173-4656-4d5a-831c-b6782f9f5ad2@group-4F90601D4E02 is not the leader f1d6cbd0-cc55-4a8c-aff9-0f6c18a578e9:192.168.151.122:38812, logIndex=0, commits[3f36f173-4656-4d5a-831c-b6782f9f5ad2:c10, f1d6cbd0-cc55-4a8c-aff9-0f6c18a578e9:c10, befaacb7-99cd-4d87-819a-d941cb77279d:c6]
2019-09-18 17:29:13,274 [org.apache.ratis.server.impl.LogAppender$AppenderDaemon$$Lambda$488/1062446665@7a4f893] ERROR ratis.XceiverServerRatis (XceiverServerRatis.java:triggerPipelineClose(575)) - pipeline Action CLOSE  on pipeline PipelineID=8f3f41fd-663e-48bf-b10e-4f90601d4e02.Reason : f1d6cbd0-cc55-4a8c-aff9-0f6c18a578e9 has not seen follower/s befaacb7-99cd-4d87-819a-d941cb77279d for 152358ms 3f36f173-4656-4d5a-831c-b6782f9f5ad2 for 152358ms
2019-09-18 17:29:13,274 [org.apache.ratis.server.impl.LogAppender$AppenderDaemon$$Lambda$488/1062446665@6563e69e] ERROR ratis.XceiverServerRatis (XceiverServerRatis.java:triggerPipelineClose(575)) - pipeline Action CLOSE  on pipeline PipelineID=8f3f41fd-663e-48bf-b10e-4f90601d4e02.Reason : f1d6cbd0-cc55-4a8c-aff9-0f6c18a578e9 has not seen follower/s befaacb7-99cd-4d87-819a-d941cb77279d for 152358ms 3f36f173-4656-4d5a-831c-b6782f9f5ad2 for 152358ms
2019-09-18 17:29:13,773 [java.util.concurrent.ThreadPoolExecutor$Worker@6cb5db01[State = -1, empty queue]] WARN  server.GrpcLogAppender (GrpcLogAppender.java:timeoutAppendRequest(200)) - f1d6cbd0-cc55-4a8c-aff9-0f6c18a578e9@group-4F90601D4E02->befaacb7-99cd-4d87-819a-d941cb77279d-GrpcLogAppender: appendEntries Timeout, request=f1d6cbd0-cc55-4a8c-aff9-0f6c18a578e9->befaacb7-99cd-4d87-819a-d941cb77279d#146-t2, previous=(t:2, i:14), leaderCommit=10, initializing? false, entries: <empty>
2019-09-18 17:29:13,773 [java.util.concurrent.ThreadPoolExecutor$Worker@30c21f86[State = -1, empty queue]] WARN  server.GrpcLogAppender (GrpcLogAppender.java:timeoutAppendRequest(200)) - f1d6cbd0-cc55-4a8c-aff9-0f6c18a578e9@group-4F90601D4E02->3f36f173-4656-4d5a-831c-b6782f9f5ad2-GrpcLogAppender: appendEntries Timeout, request=f1d6cbd0-cc55-4a8c-aff9-0f6c18a578e9->3f36f173-4656-4d5a-831c-b6782f9f5ad2#146-t2, previous=(t:2, i:14), leaderCommit=10, initializing? false, entries: <empty>
2019-09-18 17:29:14,267 [EventQueue-PipelineActionsForPipelineActionHandler] ERROR pipeline.PipelineActionHandler (PipelineActionHandler.java:onMessage(60)) - Received pipeline action CLOSE for Pipeline[ Id: 8f3f41fd-663e-48bf-b10e-4f90601d4e02, Nodes: 3f36f173-4656-4d5a-831c-b6782f9f5ad2{ip: 192.168.151.122, host: pr-hdds-2121-ltkqc-3926781246, networkLocation: /default-rack, certSerialId: null}f1d6cbd0-cc55-4a8c-aff9-0f6c18a578e9{ip: 192.168.151.122, host: pr-hdds-2121-ltkqc-3926781246, networkLocation: /default-rack, certSerialId: null}befaacb7-99cd-4d87-819a-d941cb77279d{ip: 192.168.151.122, host: pr-hdds-2121-ltkqc-3926781246, networkLocation: /default-rack, certSerialId: null}, Type:RATIS, Factor:THREE, State:CLOSED] from datanode f1d6cbd0-cc55-4a8c-aff9-0f6c18a578e9{ip: 192.168.151.122, host: pr-hdds-2121-ltkqc-3926781246, networkLocation: /default-rack, certSerialId: null}. Reason : f1d6cbd0-cc55-4a8c-aff9-0f6c18a578e9 has not seen follower/s befaacb7-99cd-4d87-819a-d941cb77279d for 152358ms 3f36f173-4656-4d5a-831c-b6782f9f5ad2 for 152358ms
2019-09-18 17:29:14,267 [EventQueue-PipelineActionsForPipelineActionHandler] INFO  pipeline.SCMPipelineManager (SCMPipelineManager.java:finalizeAndDestroyPipeline(311)) - destroying pipeline:Pipeline[ Id: 8f3f41fd-663e-48bf-b10e-4f90601d4e02, Nodes: 3f36f173-4656-4d5a-831c-b6782f9f5ad2{ip: 192.168.151.122, host: pr-hdds-2121-ltkqc-3926781246, networkLocation: /default-rack, certSerialId: null}f1d6cbd0-cc55-4a8c-aff9-0f6c18a578e9{ip: 192.168.151.122, host: pr-hdds-2121-ltkqc-3926781246, networkLocation: /default-rack, certSerialId: null}befaacb7-99cd-4d87-819a-d941cb77279d{ip: 192.168.151.122, host: pr-hdds-2121-ltkqc-3926781246, networkLocation: /default-rack, certSerialId: null}, Type:RATIS, Factor:THREE, State:CLOSED]
2019-09-18 17:29:15,775 [org.apache.ratis.server.impl.LogAppender$AppenderDaemon$$Lambda$488/1062446665@7a4f893] ERROR ratis.XceiverServerRatis (XceiverServerRatis.java:triggerPipelineClose(575)) - pipeline Action CLOSE  on pipeline PipelineID=8f3f41fd-663e-48bf-b10e-4f90601d4e02.Reason : f1d6cbd0-cc55-4a8c-aff9-0f6c18a578e9 has not seen follower/s befaacb7-99cd-4d87-819a-d941cb77279d for 154859ms 3f36f173-4656-4d5a-831c-b6782f9f5ad2 for 154859ms
2019-09-18 17:29:15,775 [org.apache.ratis.server.impl.LogAppender$AppenderDaemon$$Lambda$488/1062446665@6563e69e] ERROR ratis.XceiverServerRatis (XceiverServerRatis.java:triggerPipelineClose(575)) - pipeline Action CLOSE  on pipeline PipelineID=8f3f41fd-663e-48bf-b10e-4f90601d4e02.Reason : f1d6cbd0-cc55-4a8c-aff9-0f6c18a578e9 has not seen follower/s befaacb7-99cd-4d87-819a-d941cb77279d for 154859ms 3f36f173-4656-4d5a-831c-b6782f9f5ad2 for 154859ms
2019-09-18 17:29:16,275 [java.util.concurrent.ThreadPoolExecutor$Worker@6cb5db01[State = -1, empty queue]] WARN  server.GrpcLogAppender (GrpcLogAppender.java:timeoutAppendRequest(200)) - f1d6cbd0-cc55-4a8c-aff9-0f6c18a578e9@group-4F90601D4E02->befaacb7-99cd-4d87-819a-d941cb77279d-GrpcLogAppender: appendEntries Timeout, request=f1d6cbd0-cc55-4a8c-aff9-0f6c18a578e9->befaacb7-99cd-4d87-819a-d941cb77279d#147-t2, previous=(t:2, i:14), leaderCommit=10, initializing? false, entries: <empty>
2019-09-18 17:29:16,275 [java.util.concurrent.ThreadPoolExecutor$Worker@30c21f86[State = -1, empty queue]] WARN  server.GrpcLogAppender (GrpcLogAppender.java:timeoutAppendRequest(200)) - f1d6cbd0-cc55-4a8c-aff9-0f6c18a578e9@group-4F90601D4E02->3f36f173-4656-4d5a-831c-b6782f9f5ad2-GrpcLogAppender: appendEntries Timeout, request=f1d6cbd0-cc55-4a8c-aff9-0f6c18a578e9->3f36f173-4656-4d5a-831c-b6782f9f5ad2#147-t2, previous=(t:2, i:14), leaderCommit=10, initializing? false, entries: <empty>
2019-09-18 17:29:16,276 [EventQueue-PipelineActionsForPipelineActionHandler] ERROR pipeline.PipelineActionHandler (PipelineActionHandler.java:onMessage(60)) - Received pipeline action CLOSE for Pipeline[ Id: 8f3f41fd-663e-48bf-b10e-4f90601d4e02, Nodes: 3f36f173-4656-4d5a-831c-b6782f9f5ad2{ip: 192.168.151.122, host: pr-hdds-2121-ltkqc-3926781246, networkLocation: /default-rack, certSerialId: null}f1d6cbd0-cc55-4a8c-aff9-0f6c18a578e9{ip: 192.168.151.122, host: pr-hdds-2121-ltkqc-3926781246, networkLocation: /default-rack, certSerialId: null}befaacb7-99cd-4d87-819a-d941cb77279d{ip: 192.168.151.122, host: pr-hdds-2121-ltkqc-3926781246, networkLocation: /default-rack, certSerialId: null}, Type:RATIS, Factor:THREE, State:CLOSED] from datanode f1d6cbd0-cc55-4a8c-aff9-0f6c18a578e9{ip: 192.168.151.122, host: pr-hdds-2121-ltkqc-3926781246, networkLocation: /default-rack, certSerialId: null}. Reason : f1d6cbd0-cc55-4a8c-aff9-0f6c18a578e9 has not seen follower/s befaacb7-99cd-4d87-819a-d941cb77279d for 154859ms 3f36f173-4656-4d5a-831c-b6782f9f5ad2 for 154859ms
2019-09-18 17:29:16,276 [EventQueue-PipelineActionsForPipelineActionHandler] INFO  pipeline.SCMPipelineManager (SCMPipelineManager.java:finalizeAndDestroyPipeline(311)) - destroying pipeline:Pipeline[ Id: 8f3f41fd-663e-48bf-b10e-4f90601d4e02, Nodes: 3f36f173-4656-4d5a-831c-b6782f9f5ad2{ip: 192.168.151.122, host: pr-hdds-2121-ltkqc-3926781246, networkLocation: /default-rack, certSerialId: null}f1d6cbd0-cc55-4a8c-aff9-0f6c18a578e9{ip: 192.168.151.122, host: pr-hdds-2121-ltkqc-3926781246, networkLocation: /default-rack, certSerialId: null}befaacb7-99cd-4d87-819a-d941cb77279d{ip: 192.168.151.122, host: pr-hdds-2121-ltkqc-3926781246, networkLocation: /default-rack, certSerialId: null}, Type:RATIS, Factor:THREE, State:CLOSED]
2019-09-18 17:29:17,290 [grpc-default-executor-7] INFO  client.GrpcClientProtocolClient (GrpcClientProtocolClient.java:onNext(264)) - client-D63B3F3BC33D->3f36f173-4656-4d5a-831c-b6782f9f5ad2: receive RaftClientReply:client-D63B3F3BC33D->3f36f173-4656-4d5a-831c-b6782f9f5ad2@group-4F90601D4E02, cid=32, FAILED org.apache.ratis.protocol.NotLeaderException: Server 3f36f173-4656-4d5a-831c-b6782f9f5ad2@group-4F90601D4E02 is not the leader f1d6cbd0-cc55-4a8c-aff9-0f6c18a578e9:192.168.151.122:38812, logIndex=0, commits[3f36f173-4656-4d5a-831c-b6782f9f5ad2:c10, f1d6cbd0-cc55-4a8c-aff9-0f6c18a578e9:c10, befaacb7-99cd-4d87-819a-d941cb77279d:c6]
2019-09-18 17:29:18,276 [org.apache.ratis.server.impl.LogAppender$AppenderDaemon$$Lambda$488/1062446665@7a4f893] ERROR ratis.XceiverServerRatis (XceiverServerRatis.java:triggerPipelineClose(575)) - pipeline Action CLOSE  on pipeline PipelineID=8f3f41fd-663e-48bf-b10e-4f90601d4e02.Reason : f1d6cbd0-cc55-4a8c-aff9-0f6c18a578e9 has not seen follower/s befaacb7-99cd-4d87-819a-d941cb77279d for 157360ms 3f36f173-4656-4d5a-831c-b6782f9f5ad2 for 157359ms
2019-09-18 17:29:18,276 [org.apache.ratis.server.impl.LogAppender$AppenderDaemon$$Lambda$488/1062446665@6563e69e] ERROR ratis.XceiverServerRatis (XceiverServerRatis.java:triggerPipelineClose(575)) - pipeline Action CLOSE  on pipeline PipelineID=8f3f41fd-663e-48bf-b10e-4f90601d4e02.Reason : f1d6cbd0-cc55-4a8c-aff9-0f6c18a578e9 has not seen follower/s befaacb7-99cd-4d87-819a-d941cb77279d for 157360ms 3f36f173-4656-4d5a-831c-b6782f9f5ad2 for 157360ms
2019-09-18 17:29:18,775 [java.util.concurrent.ThreadPoolExecutor$Worker@30c21f86[State = -1, empty queue]] WARN  server.GrpcLogAppender (GrpcLogAppender.java:timeoutAppendRequest(200)) - f1d6cbd0-cc55-4a8c-aff9-0f6c18a578e9@group-4F90601D4E02->3f36f173-4656-4d5a-831c-b6782f9f5ad2-GrpcLogAppender: appendEntries Timeout, request=f1d6cbd0-cc55-4a8c-aff9-0f6c18a578e9->3f36f173-4656-4d5a-831c-b6782f9f5ad2#148-t2, previous=(t:2, i:14), leaderCommit=10, initializing? false, entries: <empty>
2019-09-18 17:29:18,775 [java.util.concurrent.ThreadPoolExecutor$Worker@6cb5db01[State = -1, empty queue]] WARN  server.GrpcLogAppender (GrpcLogAppender.java:timeoutAppendRequest(200)) - f1d6cbd0-cc55-4a8c-aff9-0f6c18a578e9@group-4F90601D4E02->befaacb7-99cd-4d87-819a-d941cb77279d-GrpcLogAppender: appendEntries Timeout, request=f1d6cbd0-cc55-4a8c-aff9-0f6c18a578e9->befaacb7-99cd-4d87-819a-d941cb77279d#148-t2, previous=(t:2, i:14), leaderCommit=10, initializing? false, entries: <empty>
2019-09-18 17:29:19,276 [EventQueue-PipelineActionsForPipelineActionHandler] ERROR pipeline.PipelineActionHandler (PipelineActionHandler.java:onMessage(60)) - Received pipeline action CLOSE for Pipeline[ Id: 8f3f41fd-663e-48bf-b10e-4f90601d4e02, Nodes: 3f36f173-4656-4d5a-831c-b6782f9f5ad2{ip: 192.168.151.122, host: pr-hdds-2121-ltkqc-3926781246, networkLocation: /default-rack, certSerialId: null}f1d6cbd0-cc55-4a8c-aff9-0f6c18a578e9{ip: 192.168.151.122, host: pr-hdds-2121-ltkqc-3926781246, networkLocation: /default-rack, certSerialId: null}befaacb7-99cd-4d87-819a-d941cb77279d{ip: 192.168.151.122, host: pr-hdds-2121-ltkqc-3926781246, networkLocation: /default-rack, certSerialId: null}, Type:RATIS, Factor:THREE, State:CLOSED] from datanode f1d6cbd0-cc55-4a8c-aff9-0f6c18a578e9{ip: 192.168.151.122, host: pr-hdds-2121-ltkqc-3926781246, networkLocation: /default-rack, certSerialId: null}. Reason : f1d6cbd0-cc55-4a8c-aff9-0f6c18a578e9 has not seen follower/s befaacb7-99cd-4d87-819a-d941cb77279d for 157360ms 3f36f173-4656-4d5a-831c-b6782f9f5ad2 for 157359ms
2019-09-18 17:29:19,277 [EventQueue-PipelineActionsForPipelineActionHandler] INFO  pipeline.SCMPipelineManager (SCMPipelineManager.java:finalizeAndDestroyPipeline(311)) - destroying pipeline:Pipeline[ Id: 8f3f41fd-663e-48bf-b10e-4f90601d4e02, Nodes: 3f36f173-4656-4d5a-831c-b6782f9f5ad2{ip: 192.168.151.122, host: pr-hdds-2121-ltkqc-3926781246, networkLocation: /default-rack, certSerialId: null}f1d6cbd0-cc55-4a8c-aff9-0f6c18a578e9{ip: 192.168.151.122, host: pr-hdds-2121-ltkqc-3926781246, networkLocation: /default-rack, certSerialId: null}befaacb7-99cd-4d87-819a-d941cb77279d{ip: 192.168.151.122, host: pr-hdds-2121-ltkqc-3926781246, networkLocation: /default-rack, certSerialId: null}, Type:RATIS, Factor:THREE, State:CLOSED]
2019-09-18 17:29:20,776 [org.apache.ratis.server.impl.LogAppender$AppenderDaemon$$Lambda$488/1062446665@7a4f893] ERROR ratis.XceiverServerRatis (XceiverServerRatis.java:triggerPipelineClose(575)) - pipeline Action CLOSE  on pipeline PipelineID=8f3f41fd-663e-48bf-b10e-4f90601d4e02.Reason : f1d6cbd0-cc55-4a8c-aff9-0f6c18a578e9 has not seen follower/s befaacb7-99cd-4d87-819a-d941cb77279d for 159861ms 3f36f173-4656-4d5a-831c-b6782f9f5ad2 for 159860ms
2019-09-18 17:29:20,777 [org.apache.ratis.server.impl.LogAppender$AppenderDaemon$$Lambda$488/1062446665@6563e69e] ERROR ratis.XceiverServerRatis (XceiverServerRatis.java:triggerPipelineClose(575)) - pipeline Action CLOSE  on pipeline PipelineID=8f3f41fd-663e-48bf-b10e-4f90601d4e02.Reason : f1d6cbd0-cc55-4a8c-aff9-0f6c18a578e9 has not seen follower/s befaacb7-99cd-4d87-819a-d941cb77279d for 159861ms 3f36f173-4656-4d5a-831c-b6782f9f5ad2 for 159860ms
2019-09-18 17:29:21,173 [befaacb7-99cd-4d87-819a-d941cb77279d@group-4F90601D4E02-SegmentedRaftLogWorker] WARN  segmented.SegmentedRaftLogWorker (SegmentedRaftLogWorker.java:getFromFuture(90)) - Timeout 15/~
org.apache.ratis.protocol.TimeoutIOException: Timeout 10s: WriteLog:12: (t:2, i:12), STATEMACHINELOGENTRY, client-D63B3F3BC33D, cid=33-writeStateMachineData
	at org.apache.ratis.util.IOUtils.getFromFuture(IOUtils.java:87)
	at org.apache.ratis.server.raftlog.segmented.SegmentedRaftLogWorker$StateMachineDataPolicy.getFromFuture(SegmentedRaftLogWorker.java:87)
	at org.apache.ratis.server.raftlog.segmented.SegmentedRaftLogWorker$WriteLog.execute(SegmentedRaftLogWorker.java:477)
	at org.apache.ratis.server.raftlog.segmented.SegmentedRaftLogWorker.run(SegmentedRaftLogWorker.java:289)
	at java.lang.Thread.run(Thread.java:748)
Caused by: java.util.concurrent.TimeoutException
	at java.util.concurrent.CompletableFuture.timedGet(CompletableFuture.java:1771)
	at java.util.concurrent.CompletableFuture.get(CompletableFuture.java:1915)
	at org.apache.ratis.util.IOUtils.getFromFuture(IOUtils.java:79)
	... 4 more
2019-09-18 17:29:21,189 [f1d6cbd0-cc55-4a8c-aff9-0f6c18a578e9@group-4F90601D4E02-SegmentedRaftLogWorker] WARN  segmented.SegmentedRaftLogWorker (SegmentedRaftLogWorker.java:getFromFuture(90)) - Timeout 15/~
org.apache.ratis.protocol.TimeoutIOException: Timeout 10s: WriteLog:12: (t:2, i:12), STATEMACHINELOGENTRY, client-D63B3F3BC33D, cid=33-writeStateMachineData
	at org.apache.ratis.util.IOUtils.getFromFuture(IOUtils.java:87)
	at org.apache.ratis.server.raftlog.segmented.SegmentedRaftLogWorker$StateMachineDataPolicy.getFromFuture(SegmentedRaftLogWorker.java:87)
	at org.apache.ratis.server.raftlog.segmented.SegmentedRaftLogWorker$WriteLog.execute(SegmentedRaftLogWorker.java:477)
	at org.apache.ratis.server.raftlog.segmented.SegmentedRaftLogWorker.run(SegmentedRaftLogWorker.java:289)
	at java.lang.Thread.run(Thread.java:748)
Caused by: java.util.concurrent.TimeoutException
	at java.util.concurrent.CompletableFuture.timedGet(CompletableFuture.java:1771)
	at java.util.concurrent.CompletableFuture.get(CompletableFuture.java:1915)
	at org.apache.ratis.util.IOUtils.getFromFuture(IOUtils.java:79)
	... 4 more
2019-09-18 17:29:21,200 [3f36f173-4656-4d5a-831c-b6782f9f5ad2@group-4F90601D4E02-SegmentedRaftLogWorker] WARN  segmented.SegmentedRaftLogWorker (SegmentedRaftLogWorker.java:getFromFuture(90)) - Timeout 15/~
org.apache.ratis.protocol.TimeoutIOException: Timeout 10s: WriteLog:12: (t:2, i:12), STATEMACHINELOGENTRY, client-D63B3F3BC33D, cid=33-writeStateMachineData
	at org.apache.ratis.util.IOUtils.getFromFuture(IOUtils.java:87)
	at org.apache.ratis.server.raftlog.segmented.SegmentedRaftLogWorker$StateMachineDataPolicy.getFromFuture(SegmentedRaftLogWorker.java:87)
	at org.apache.ratis.server.raftlog.segmented.SegmentedRaftLogWorker$WriteLog.execute(SegmentedRaftLogWorker.java:477)
	at org.apache.ratis.server.raftlog.segmented.SegmentedRaftLogWorker.run(SegmentedRaftLogWorker.java:289)
	at java.lang.Thread.run(Thread.java:748)
Caused by: java.util.concurrent.TimeoutException
	at java.util.concurrent.CompletableFuture.timedGet(CompletableFuture.java:1771)
	at java.util.concurrent.CompletableFuture.get(CompletableFuture.java:1915)
	at org.apache.ratis.util.IOUtils.getFromFuture(IOUtils.java:79)
	... 4 more
2019-09-18 17:29:21,276 [EventQueue-PipelineActionsForPipelineActionHandler] ERROR pipeline.PipelineActionHandler (PipelineActionHandler.java:onMessage(60)) - Received pipeline action CLOSE for Pipeline[ Id: 8f3f41fd-663e-48bf-b10e-4f90601d4e02, Nodes: 3f36f173-4656-4d5a-831c-b6782f9f5ad2{ip: 192.168.151.122, host: pr-hdds-2121-ltkqc-3926781246, networkLocation: /default-rack, certSerialId: null}f1d6cbd0-cc55-4a8c-aff9-0f6c18a578e9{ip: 192.168.151.122, host: pr-hdds-2121-ltkqc-3926781246, networkLocation: /default-rack, certSerialId: null}befaacb7-99cd-4d87-819a-d941cb77279d{ip: 192.168.151.122, host: pr-hdds-2121-ltkqc-3926781246, networkLocation: /default-rack, certSerialId: null}, Type:RATIS, Factor:THREE, State:CLOSED] from datanode f1d6cbd0-cc55-4a8c-aff9-0f6c18a578e9{ip: 192.168.151.122, host: pr-hdds-2121-ltkqc-3926781246, networkLocation: /default-rack, certSerialId: null}. Reason : f1d6cbd0-cc55-4a8c-aff9-0f6c18a578e9 has not seen follower/s befaacb7-99cd-4d87-819a-d941cb77279d for 159861ms 3f36f173-4656-4d5a-831c-b6782f9f5ad2 for 159860ms
2019-09-18 17:29:21,276 [java.util.concurrent.ThreadPoolExecutor$Worker@6cb5db01[State = -1, empty queue]] WARN  server.GrpcLogAppender (GrpcLogAppender.java:timeoutAppendRequest(200)) - f1d6cbd0-cc55-4a8c-aff9-0f6c18a578e9@group-4F90601D4E02->befaacb7-99cd-4d87-819a-d941cb77279d-GrpcLogAppender: appendEntries Timeout, request=f1d6cbd0-cc55-4a8c-aff9-0f6c18a578e9->befaacb7-99cd-4d87-819a-d941cb77279d#149-t2, previous=(t:2, i:14), leaderCommit=10, initializing? false, entries: <empty>
2019-09-18 17:29:21,276 [java.util.concurrent.ThreadPoolExecutor$Worker@30c21f86[State = -1, empty queue]] WARN  server.GrpcLogAppender (GrpcLogAppender.java:timeoutAppendRequest(200)) - f1d6cbd0-cc55-4a8c-aff9-0f6c18a578e9@group-4F90601D4E02->3f36f173-4656-4d5a-831c-b6782f9f5ad2-GrpcLogAppender: appendEntries Timeout, request=f1d6cbd0-cc55-4a8c-aff9-0f6c18a578e9->3f36f173-4656-4d5a-831c-b6782f9f5ad2#149-t2, previous=(t:2, i:14), leaderCommit=10, initializing? false, entries: <empty>
2019-09-18 17:29:21,276 [EventQueue-PipelineActionsForPipelineActionHandler] INFO  pipeline.SCMPipelineManager (SCMPipelineManager.java:finalizeAndDestroyPipeline(311)) - destroying pipeline:Pipeline[ Id: 8f3f41fd-663e-48bf-b10e-4f90601d4e02, Nodes: 3f36f173-4656-4d5a-831c-b6782f9f5ad2{ip: 192.168.151.122, host: pr-hdds-2121-ltkqc-3926781246, networkLocation: /default-rack, certSerialId: null}f1d6cbd0-cc55-4a8c-aff9-0f6c18a578e9{ip: 192.168.151.122, host: pr-hdds-2121-ltkqc-3926781246, networkLocation: /default-rack, certSerialId: null}befaacb7-99cd-4d87-819a-d941cb77279d{ip: 192.168.151.122, host: pr-hdds-2121-ltkqc-3926781246, networkLocation: /default-rack, certSerialId: null}, Type:RATIS, Factor:THREE, State:CLOSED]
2019-09-18 17:29:22,319 [grpc-default-executor-7] INFO  client.GrpcClientProtocolClient (GrpcClientProtocolClient.java:onNext(264)) - client-D63B3F3BC33D->3f36f173-4656-4d5a-831c-b6782f9f5ad2: receive RaftClientReply:client-D63B3F3BC33D->3f36f173-4656-4d5a-831c-b6782f9f5ad2@group-4F90601D4E02, cid=32, FAILED org.apache.ratis.protocol.NotLeaderException: Server 3f36f173-4656-4d5a-831c-b6782f9f5ad2@group-4F90601D4E02 is not the leader f1d6cbd0-cc55-4a8c-aff9-0f6c18a578e9:192.168.151.122:38812, logIndex=0, commits[3f36f173-4656-4d5a-831c-b6782f9f5ad2:c10, f1d6cbd0-cc55-4a8c-aff9-0f6c18a578e9:c10, befaacb7-99cd-4d87-819a-d941cb77279d:c6]
2019-09-18 17:29:23,277 [org.apache.ratis.server.impl.LogAppender$AppenderDaemon$$Lambda$488/1062446665@7a4f893] ERROR ratis.XceiverServerRatis (XceiverServerRatis.java:triggerPipelineClose(575)) - pipeline Action CLOSE  on pipeline PipelineID=8f3f41fd-663e-48bf-b10e-4f90601d4e02.Reason : f1d6cbd0-cc55-4a8c-aff9-0f6c18a578e9 has not seen follower/s befaacb7-99cd-4d87-819a-d941cb77279d for 162361ms 3f36f173-4656-4d5a-831c-b6782f9f5ad2 for 162361ms
2019-09-18 17:29:23,277 [org.apache.ratis.server.impl.LogAppender$AppenderDaemon$$Lambda$488/1062446665@6563e69e] ERROR ratis.XceiverServerRatis (XceiverServerRatis.java:triggerPipelineClose(575)) - pipeline Action CLOSE  on pipeline PipelineID=8f3f41fd-663e-48bf-b10e-4f90601d4e02.Reason : f1d6cbd0-cc55-4a8c-aff9-0f6c18a578e9 has not seen follower/s befaacb7-99cd-4d87-819a-d941cb77279d for 162361ms 3f36f173-4656-4d5a-831c-b6782f9f5ad2 for 162361ms
2019-09-18 17:29:23,776 [java.util.concurrent.ThreadPoolExecutor$Worker@30c21f86[State = -1, empty queue]] WARN  server.GrpcLogAppender (GrpcLogAppender.java:timeoutAppendRequest(200)) - f1d6cbd0-cc55-4a8c-aff9-0f6c18a578e9@group-4F90601D4E02->3f36f173-4656-4d5a-831c-b6782f9f5ad2-GrpcLogAppender: appendEntries Timeout, request=f1d6cbd0-cc55-4a8c-aff9-0f6c18a578e9->3f36f173-4656-4d5a-831c-b6782f9f5ad2#150-t2, previous=(t:2, i:14), leaderCommit=10, initializing? false, entries: <empty>
2019-09-18 17:29:23,777 [java.util.concurrent.ThreadPoolExecutor$Worker@6cb5db01[State = -1, empty queue]] WARN  server.GrpcLogAppender (GrpcLogAppender.java:timeoutAppendRequest(200)) - f1d6cbd0-cc55-4a8c-aff9-0f6c18a578e9@group-4F90601D4E02->befaacb7-99cd-4d87-819a-d941cb77279d-GrpcLogAppender: appendEntries Timeout, request=f1d6cbd0-cc55-4a8c-aff9-0f6c18a578e9->befaacb7-99cd-4d87-819a-d941cb77279d#150-t2, previous=(t:2, i:14), leaderCommit=10, initializing? false, entries: <empty>
2019-09-18 17:29:24,275 [EventQueue-PipelineActionsForPipelineActionHandler] ERROR pipeline.PipelineActionHandler (PipelineActionHandler.java:onMessage(60)) - Received pipeline action CLOSE for Pipeline[ Id: 8f3f41fd-663e-48bf-b10e-4f90601d4e02, Nodes: 3f36f173-4656-4d5a-831c-b6782f9f5ad2{ip: 192.168.151.122, host: pr-hdds-2121-ltkqc-3926781246, networkLocation: /default-rack, certSerialId: null}f1d6cbd0-cc55-4a8c-aff9-0f6c18a578e9{ip: 192.168.151.122, host: pr-hdds-2121-ltkqc-3926781246, networkLocation: /default-rack, certSerialId: null}befaacb7-99cd-4d87-819a-d941cb77279d{ip: 192.168.151.122, host: pr-hdds-2121-ltkqc-3926781246, networkLocation: /default-rack, certSerialId: null}, Type:RATIS, Factor:THREE, State:CLOSED] from datanode f1d6cbd0-cc55-4a8c-aff9-0f6c18a578e9{ip: 192.168.151.122, host: pr-hdds-2121-ltkqc-3926781246, networkLocation: /default-rack, certSerialId: null}. Reason : f1d6cbd0-cc55-4a8c-aff9-0f6c18a578e9 has not seen follower/s befaacb7-99cd-4d87-819a-d941cb77279d for 162361ms 3f36f173-4656-4d5a-831c-b6782f9f5ad2 for 162361ms
2019-09-18 17:29:24,275 [EventQueue-PipelineActionsForPipelineActionHandler] INFO  pipeline.SCMPipelineManager (SCMPipelineManager.java:finalizeAndDestroyPipeline(311)) - destroying pipeline:Pipeline[ Id: 8f3f41fd-663e-48bf-b10e-4f90601d4e02, Nodes: 3f36f173-4656-4d5a-831c-b6782f9f5ad2{ip: 192.168.151.122, host: pr-hdds-2121-ltkqc-3926781246, networkLocation: /default-rack, certSerialId: null}f1d6cbd0-cc55-4a8c-aff9-0f6c18a578e9{ip: 192.168.151.122, host: pr-hdds-2121-ltkqc-3926781246, networkLocation: /default-rack, certSerialId: null}befaacb7-99cd-4d87-819a-d941cb77279d{ip: 192.168.151.122, host: pr-hdds-2121-ltkqc-3926781246, networkLocation: /default-rack, certSerialId: null}, Type:RATIS, Factor:THREE, State:CLOSED]
2019-09-18 17:29:25,778 [org.apache.ratis.server.impl.LogAppender$AppenderDaemon$$Lambda$488/1062446665@6563e69e] ERROR ratis.XceiverServerRatis (XceiverServerRatis.java:triggerPipelineClose(575)) - pipeline Action CLOSE  on pipeline PipelineID=8f3f41fd-663e-48bf-b10e-4f90601d4e02.Reason : f1d6cbd0-cc55-4a8c-aff9-0f6c18a578e9 has not seen follower/s befaacb7-99cd-4d87-819a-d941cb77279d for 164862ms 3f36f173-4656-4d5a-831c-b6782f9f5ad2 for 164862ms
2019-09-18 17:29:25,778 [org.apache.ratis.server.impl.LogAppender$AppenderDaemon$$Lambda$488/1062446665@7a4f893] ERROR ratis.XceiverServerRatis (XceiverServerRatis.java:triggerPipelineClose(575)) - pipeline Action CLOSE  on pipeline PipelineID=8f3f41fd-663e-48bf-b10e-4f90601d4e02.Reason : f1d6cbd0-cc55-4a8c-aff9-0f6c18a578e9 has not seen follower/s befaacb7-99cd-4d87-819a-d941cb77279d for 164862ms 3f36f173-4656-4d5a-831c-b6782f9f5ad2 for 164862ms
2019-09-18 17:29:26,276 [EventQueue-PipelineActionsForPipelineActionHandler] ERROR pipeline.PipelineActionHandler (PipelineActionHandler.java:onMessage(60)) - Received pipeline action CLOSE for Pipeline[ Id: 8f3f41fd-663e-48bf-b10e-4f90601d4e02, Nodes: 3f36f173-4656-4d5a-831c-b6782f9f5ad2{ip: 192.168.151.122, host: pr-hdds-2121-ltkqc-3926781246, networkLocation: /default-rack, certSerialId: null}f1d6cbd0-cc55-4a8c-aff9-0f6c18a578e9{ip: 192.168.151.122, host: pr-hdds-2121-ltkqc-3926781246, networkLocation: /default-rack, certSerialId: null}befaacb7-99cd-4d87-819a-d941cb77279d{ip: 192.168.151.122, host: pr-hdds-2121-ltkqc-3926781246, networkLocation: /default-rack, certSerialId: null}, Type:RATIS, Factor:THREE, State:CLOSED] from datanode f1d6cbd0-cc55-4a8c-aff9-0f6c18a578e9{ip: 192.168.151.122, host: pr-hdds-2121-ltkqc-3926781246, networkLocation: /default-rack, certSerialId: null}. Reason : f1d6cbd0-cc55-4a8c-aff9-0f6c18a578e9 has not seen follower/s befaacb7-99cd-4d87-819a-d941cb77279d for 164862ms 3f36f173-4656-4d5a-831c-b6782f9f5ad2 for 164862ms
2019-09-18 17:29:26,276 [EventQueue-PipelineActionsForPipelineActionHandler] INFO  pipeline.SCMPipelineManager (SCMPipelineManager.java:finalizeAndDestroyPipeline(311)) - destroying pipeline:Pipeline[ Id: 8f3f41fd-663e-48bf-b10e-4f90601d4e02, Nodes: 3f36f173-4656-4d5a-831c-b6782f9f5ad2{ip: 192.168.151.122, host: pr-hdds-2121-ltkqc-3926781246, networkLocation: /default-rack, certSerialId: null}f1d6cbd0-cc55-4a8c-aff9-0f6c18a578e9{ip: 192.168.151.122, host: pr-hdds-2121-ltkqc-3926781246, networkLocation: /default-rack, certSerialId: null}befaacb7-99cd-4d87-819a-d941cb77279d{ip: 192.168.151.122, host: pr-hdds-2121-ltkqc-3926781246, networkLocation: /default-rack, certSerialId: null}, Type:RATIS, Factor:THREE, State:CLOSED]
2019-09-18 17:29:26,277 [java.util.concurrent.ThreadPoolExecutor$Worker@30c21f86[State = -1, empty queue]] WARN  server.GrpcLogAppender (GrpcLogAppender.java:timeoutAppendRequest(200)) - f1d6cbd0-cc55-4a8c-aff9-0f6c18a578e9@group-4F90601D4E02->3f36f173-4656-4d5a-831c-b6782f9f5ad2-GrpcLogAppender: appendEntries Timeout, request=f1d6cbd0-cc55-4a8c-aff9-0f6c18a578e9->3f36f173-4656-4d5a-831c-b6782f9f5ad2#151-t2, previous=(t:2, i:14), leaderCommit=10, initializing? false, entries: <empty>
2019-09-18 17:29:26,277 [java.util.concurrent.ThreadPoolExecutor$Worker@6cb5db01[State = -1, empty queue]] WARN  server.GrpcLogAppender (GrpcLogAppender.java:timeoutAppendRequest(200)) - f1d6cbd0-cc55-4a8c-aff9-0f6c18a578e9@group-4F90601D4E02->befaacb7-99cd-4d87-819a-d941cb77279d-GrpcLogAppender: appendEntries Timeout, request=f1d6cbd0-cc55-4a8c-aff9-0f6c18a578e9->befaacb7-99cd-4d87-819a-d941cb77279d#151-t2, previous=(t:2, i:14), leaderCommit=10, initializing? false, entries: <empty>
2019-09-18 17:29:27,364 [grpc-default-executor-7] INFO  client.GrpcClientProtocolClient (GrpcClientProtocolClient.java:onNext(264)) - client-D63B3F3BC33D->befaacb7-99cd-4d87-819a-d941cb77279d: receive RaftClientReply:client-D63B3F3BC33D->befaacb7-99cd-4d87-819a-d941cb77279d@group-4F90601D4E02, cid=32, FAILED org.apache.ratis.protocol.NotLeaderException: Server befaacb7-99cd-4d87-819a-d941cb77279d@group-4F90601D4E02 is not the leader f1d6cbd0-cc55-4a8c-aff9-0f6c18a578e9:192.168.151.122:38812, logIndex=0, commits[befaacb7-99cd-4d87-819a-d941cb77279d:c10, f1d6cbd0-cc55-4a8c-aff9-0f6c18a578e9:c10, 3f36f173-4656-4d5a-831c-b6782f9f5ad2:c6]
2019-09-18 17:29:27,585 [grpc-default-executor-6] INFO  impl.RaftServerProxy (RaftServerProxy.java:addNew(89)) - f1d6cbd0-cc55-4a8c-aff9-0f6c18a578e9: addNew group-AF8B3C156ABB:[f1d6cbd0-cc55-4a8c-aff9-0f6c18a578e9:192.168.151.122:38812, befaacb7-99cd-4d87-819a-d941cb77279d:192.168.151.122:44171, 3f36f173-4656-4d5a-831c-b6782f9f5ad2:192.168.151.122:40451] returns group-AF8B3C156ABB:java.util.concurrent.CompletableFuture@74027d69[Not completed]
2019-09-18 17:29:27,585 [grpc-default-executor-7] INFO  impl.RaftServerProxy (RaftServerProxy.java:addNew(89)) - befaacb7-99cd-4d87-819a-d941cb77279d: addNew group-AF8B3C156ABB:[f1d6cbd0-cc55-4a8c-aff9-0f6c18a578e9:192.168.151.122:38812, befaacb7-99cd-4d87-819a-d941cb77279d:192.168.151.122:44171, 3f36f173-4656-4d5a-831c-b6782f9f5ad2:192.168.151.122:40451] returns group-AF8B3C156ABB:java.util.concurrent.CompletableFuture@77bfa650[Not completed]
2019-09-18 17:29:27,585 [grpc-default-executor-9] INFO  impl.RaftServerProxy (RaftServerProxy.java:addNew(89)) - 3f36f173-4656-4d5a-831c-b6782f9f5ad2: addNew group-AF8B3C156ABB:[f1d6cbd0-cc55-4a8c-aff9-0f6c18a578e9:192.168.151.122:38812, befaacb7-99cd-4d87-819a-d941cb77279d:192.168.151.122:44171, 3f36f173-4656-4d5a-831c-b6782f9f5ad2:192.168.151.122:40451] returns group-AF8B3C156ABB:java.util.concurrent.CompletableFuture@1520b701[Not completed]
2019-09-18 17:29:27,588 [pool-57-thread-1] INFO  impl.RaftServerImpl (RaftServerImpl.java:<init>(95)) - 3f36f173-4656-4d5a-831c-b6782f9f5ad2: new RaftServerImpl for group-AF8B3C156ABB:[f1d6cbd0-cc55-4a8c-aff9-0f6c18a578e9:192.168.151.122:38812, befaacb7-99cd-4d87-819a-d941cb77279d:192.168.151.122:44171, 3f36f173-4656-4d5a-831c-b6782f9f5ad2:192.168.151.122:40451] with ContainerStateMachine:uninitialized
2019-09-18 17:29:27,588 [pool-57-thread-1] INFO  server.RaftServerConfigKeys (ConfUtils.java:logGet(43)) - raft.server.rpc.timeout.min = 5s (custom)
2019-09-18 17:29:27,588 [pool-57-thread-1] INFO  server.RaftServerConfigKeys (ConfUtils.java:logGet(43)) - raft.server.rpc.timeout.max = 5200ms (custom)
2019-09-18 17:29:27,588 [pool-57-thread-1] INFO  server.RaftServerConfigKeys (ConfUtils.java:logGet(43)) - raft.server.rpcslowness.timeout = 120s (custom)
2019-09-18 17:29:27,588 [pool-57-thread-1] INFO  server.RaftServerConfigKeys (ConfUtils.java:logGet(43)) - raft.server.sleep.deviation.threshold = 300 (default)
2019-09-18 17:29:27,588 [pool-57-thread-1] INFO  server.RaftServerConfigKeys (ConfUtils.java:logGet(43)) - raft.server.log.appender.install.snapshot.enabled = false (custom)
2019-09-18 17:29:27,588 [pool-57-thread-1] INFO  impl.RaftServerImpl (ServerState.java:<init>(103)) - 3f36f173-4656-4d5a-831c-b6782f9f5ad2@group-AF8B3C156ABB: ConfigurationManager, init=-1: [f1d6cbd0-cc55-4a8c-aff9-0f6c18a578e9:192.168.151.122:38812, befaacb7-99cd-4d87-819a-d941cb77279d:192.168.151.122:44171, 3f36f173-4656-4d5a-831c-b6782f9f5ad2:192.168.151.122:40451], old=null, confs=<EMPTY_MAP>
2019-09-18 17:29:27,589 [pool-57-thread-1] INFO  server.RaftServerConfigKeys (ConfUtils.java:logGet(43)) - raft.server.storage.dir = [/workdir/hadoop-ozone/integration-test/target/test-dir/MiniOzoneClusterImpl-b34fcd95-ddd9-49f6-9e80-ffea83eaa9ea/datanode-3/data/ratis] (custom)
2019-09-18 17:29:27,589 [pool-67-thread-1] INFO  impl.RaftServerImpl (RaftServerImpl.java:<init>(95)) - befaacb7-99cd-4d87-819a-d941cb77279d: new RaftServerImpl for group-AF8B3C156ABB:[f1d6cbd0-cc55-4a8c-aff9-0f6c18a578e9:192.168.151.122:38812, befaacb7-99cd-4d87-819a-d941cb77279d:192.168.151.122:44171, 3f36f173-4656-4d5a-831c-b6782f9f5ad2:192.168.151.122:40451] with ContainerStateMachine:uninitialized
2019-09-18 17:29:27,589 [pool-67-thread-1] INFO  server.RaftServerConfigKeys (ConfUtils.java:logGet(43)) - raft.server.rpc.timeout.min = 5s (custom)
2019-09-18 17:29:27,589 [pool-57-thread-1] INFO  storage.RaftStorageDirectory (RaftStorageDirectory.java:analyzeStorage(246)) - The storage directory /workdir/hadoop-ozone/integration-test/target/test-dir/MiniOzoneClusterImpl-b34fcd95-ddd9-49f6-9e80-ffea83eaa9ea/datanode-3/data/ratis/ce0eb6e5-c999-4fde-aaf1-af8b3c156abb does not exist. Creating ...
2019-09-18 17:29:27,589 [pool-67-thread-1] INFO  server.RaftServerConfigKeys (ConfUtils.java:logGet(43)) - raft.server.rpc.timeout.max = 5200ms (custom)
2019-09-18 17:29:27,589 [pool-67-thread-1] INFO  server.RaftServerConfigKeys (ConfUtils.java:logGet(43)) - raft.server.rpcslowness.timeout = 120s (custom)
2019-09-18 17:29:27,589 [pool-67-thread-1] INFO  server.RaftServerConfigKeys (ConfUtils.java:logGet(43)) - raft.server.sleep.deviation.threshold = 300 (default)
2019-09-18 17:29:27,590 [pool-67-thread-1] INFO  server.RaftServerConfigKeys (ConfUtils.java:logGet(43)) - raft.server.log.appender.install.snapshot.enabled = false (custom)
2019-09-18 17:29:27,590 [pool-37-thread-1] INFO  impl.RaftServerImpl (RaftServerImpl.java:<init>(95)) - f1d6cbd0-cc55-4a8c-aff9-0f6c18a578e9: new RaftServerImpl for group-AF8B3C156ABB:[f1d6cbd0-cc55-4a8c-aff9-0f6c18a578e9:192.168.151.122:38812, befaacb7-99cd-4d87-819a-d941cb77279d:192.168.151.122:44171, 3f36f173-4656-4d5a-831c-b6782f9f5ad2:192.168.151.122:40451] with ContainerStateMachine:uninitialized
2019-09-18 17:29:27,590 [pool-67-thread-1] INFO  impl.RaftServerImpl (ServerState.java:<init>(103)) - befaacb7-99cd-4d87-819a-d941cb77279d@group-AF8B3C156ABB: ConfigurationManager, init=-1: [f1d6cbd0-cc55-4a8c-aff9-0f6c18a578e9:192.168.151.122:38812, befaacb7-99cd-4d87-819a-d941cb77279d:192.168.151.122:44171, 3f36f173-4656-4d5a-831c-b6782f9f5ad2:192.168.151.122:40451], old=null, confs=<EMPTY_MAP>
2019-09-18 17:29:27,590 [pool-37-thread-1] INFO  server.RaftServerConfigKeys (ConfUtils.java:logGet(43)) - raft.server.rpc.timeout.min = 5s (custom)
2019-09-18 17:29:27,590 [pool-67-thread-1] INFO  server.RaftServerConfigKeys (ConfUtils.java:logGet(43)) - raft.server.storage.dir = [/workdir/hadoop-ozone/integration-test/target/test-dir/MiniOzoneClusterImpl-b34fcd95-ddd9-49f6-9e80-ffea83eaa9ea/datanode-4/data/ratis] (custom)
2019-09-18 17:29:27,590 [pool-37-thread-1] INFO  server.RaftServerConfigKeys (ConfUtils.java:logGet(43)) - raft.server.rpc.timeout.max = 5200ms (custom)
2019-09-18 17:29:27,590 [pool-37-thread-1] INFO  server.RaftServerConfigKeys (ConfUtils.java:logGet(43)) - raft.server.rpcslowness.timeout = 120s (custom)
2019-09-18 17:29:27,591 [pool-67-thread-1] INFO  storage.RaftStorageDirectory (RaftStorageDirectory.java:analyzeStorage(246)) - The storage directory /workdir/hadoop-ozone/integration-test/target/test-dir/MiniOzoneClusterImpl-b34fcd95-ddd9-49f6-9e80-ffea83eaa9ea/datanode-4/data/ratis/ce0eb6e5-c999-4fde-aaf1-af8b3c156abb does not exist. Creating ...
2019-09-18 17:29:27,591 [pool-37-thread-1] INFO  server.RaftServerConfigKeys (ConfUtils.java:logGet(43)) - raft.server.sleep.deviation.threshold = 300 (default)
2019-09-18 17:29:27,591 [pool-37-thread-1] INFO  server.RaftServerConfigKeys (ConfUtils.java:logGet(43)) - raft.server.log.appender.install.snapshot.enabled = false (custom)
2019-09-18 17:29:27,591 [pool-37-thread-1] INFO  impl.RaftServerImpl (ServerState.java:<init>(103)) - f1d6cbd0-cc55-4a8c-aff9-0f6c18a578e9@group-AF8B3C156ABB: ConfigurationManager, init=-1: [f1d6cbd0-cc55-4a8c-aff9-0f6c18a578e9:192.168.151.122:38812, befaacb7-99cd-4d87-819a-d941cb77279d:192.168.151.122:44171, 3f36f173-4656-4d5a-831c-b6782f9f5ad2:192.168.151.122:40451], old=null, confs=<EMPTY_MAP>
2019-09-18 17:29:27,591 [pool-37-thread-1] INFO  server.RaftServerConfigKeys (ConfUtils.java:logGet(43)) - raft.server.storage.dir = [/workdir/hadoop-ozone/integration-test/target/test-dir/MiniOzoneClusterImpl-b34fcd95-ddd9-49f6-9e80-ffea83eaa9ea/datanode-1/data/ratis] (custom)
2019-09-18 17:29:27,592 [pool-37-thread-1] INFO  storage.RaftStorageDirectory (RaftStorageDirectory.java:analyzeStorage(246)) - The storage directory /workdir/hadoop-ozone/integration-test/target/test-dir/MiniOzoneClusterImpl-b34fcd95-ddd9-49f6-9e80-ffea83eaa9ea/datanode-1/data/ratis/ce0eb6e5-c999-4fde-aaf1-af8b3c156abb does not exist. Creating ...
2019-09-18 17:29:27,603 [pool-57-thread-1] INFO  storage.RaftStorageDirectory (RaftStorageDirectory.java:tryLock(328)) - Lock on /workdir/hadoop-ozone/integration-test/target/test-dir/MiniOzoneClusterImpl-b34fcd95-ddd9-49f6-9e80-ffea83eaa9ea/datanode-3/data/ratis/ce0eb6e5-c999-4fde-aaf1-af8b3c156abb/in_use.lock acquired by nodename 24009@pr-hdds-2121-ltkqc-3926781246
2019-09-18 17:29:27,603 [pool-37-thread-1] INFO  storage.RaftStorageDirectory (RaftStorageDirectory.java:tryLock(328)) - Lock on /workdir/hadoop-ozone/integration-test/target/test-dir/MiniOzoneClusterImpl-b34fcd95-ddd9-49f6-9e80-ffea83eaa9ea/datanode-1/data/ratis/ce0eb6e5-c999-4fde-aaf1-af8b3c156abb/in_use.lock acquired by nodename 24009@pr-hdds-2121-ltkqc-3926781246
2019-09-18 17:29:27,603 [pool-67-thread-1] INFO  storage.RaftStorageDirectory (RaftStorageDirectory.java:tryLock(328)) - Lock on /workdir/hadoop-ozone/integration-test/target/test-dir/MiniOzoneClusterImpl-b34fcd95-ddd9-49f6-9e80-ffea83eaa9ea/datanode-4/data/ratis/ce0eb6e5-c999-4fde-aaf1-af8b3c156abb/in_use.lock acquired by nodename 24009@pr-hdds-2121-ltkqc-3926781246
2019-09-18 17:29:27,616 [pool-37-thread-1] INFO  storage.RaftStorage (RaftStorage.java:format(72)) - Storage directory /workdir/hadoop-ozone/integration-test/target/test-dir/MiniOzoneClusterImpl-b34fcd95-ddd9-49f6-9e80-ffea83eaa9ea/datanode-1/data/ratis/ce0eb6e5-c999-4fde-aaf1-af8b3c156abb has been successfully formatted.
2019-09-18 17:29:27,616 [pool-57-thread-1] INFO  storage.RaftStorage (RaftStorage.java:format(72)) - Storage directory /workdir/hadoop-ozone/integration-test/target/test-dir/MiniOzoneClusterImpl-b34fcd95-ddd9-49f6-9e80-ffea83eaa9ea/datanode-3/data/ratis/ce0eb6e5-c999-4fde-aaf1-af8b3c156abb has been successfully formatted.
2019-09-18 17:29:27,616 [pool-67-thread-1] INFO  storage.RaftStorage (RaftStorage.java:format(72)) - Storage directory /workdir/hadoop-ozone/integration-test/target/test-dir/MiniOzoneClusterImpl-b34fcd95-ddd9-49f6-9e80-ffea83eaa9ea/datanode-4/data/ratis/ce0eb6e5-c999-4fde-aaf1-af8b3c156abb has been successfully formatted.
2019-09-18 17:29:27,617 [pool-37-thread-1] INFO  ratis.ContainerStateMachine (ContainerStateMachine.java:loadSnapshot(230)) - group-AF8B3C156ABB: The snapshot info is null. Setting the last applied indexto:(t:0, i:~)
2019-09-18 17:29:27,617 [pool-57-thread-1] INFO  ratis.ContainerStateMachine (ContainerStateMachine.java:loadSnapshot(230)) - group-AF8B3C156ABB: The snapshot info is null. Setting the last applied indexto:(t:0, i:~)
2019-09-18 17:29:27,617 [pool-37-thread-1] INFO  server.RaftServerConfigKeys (ConfUtils.java:logGet(43)) - raft.server.notification.no-leader.timeout = 120s (custom)
2019-09-18 17:29:27,617 [pool-67-thread-1] INFO  ratis.ContainerStateMachine (ContainerStateMachine.java:loadSnapshot(230)) - group-AF8B3C156ABB: The snapshot info is null. Setting the last applied indexto:(t:0, i:~)
2019-09-18 17:29:27,617 [pool-37-thread-1] INFO  server.RaftServerConfigKeys (ConfUtils.java:logGet(43)) - raft.server.log.use.memory = false (default)
2019-09-18 17:29:27,617 [pool-57-thread-1] INFO  server.RaftServerConfigKeys (ConfUtils.java:logGet(43)) - raft.server.notification.no-leader.timeout = 120s (custom)
2019-09-18 17:29:27,618 [pool-37-thread-1] INFO  server.RaftServerConfigKeys (ConfUtils.java:logGet(43)) - raft.server.log.purge.gap = 1000000 (custom)
2019-09-18 17:29:27,617 [pool-67-thread-1] INFO  server.RaftServerConfigKeys (ConfUtils.java:logGet(43)) - raft.server.notification.no-leader.timeout = 120s (custom)
2019-09-18 17:29:27,618 [pool-37-thread-1] INFO  server.RaftServerConfigKeys (ConfUtils.java:logGet(43)) - raft.server.log.appender.buffer.byte-limit = 33554432 (custom)
2019-09-18 17:29:27,618 [pool-57-thread-1] INFO  server.RaftServerConfigKeys (ConfUtils.java:logGet(43)) - raft.server.log.use.memory = false (default)
2019-09-18 17:29:27,618 [pool-37-thread-1] INFO  server.RaftServerConfigKeys (ConfUtils.java:logGet(43)) - raft.server.log.segment.size.max = 1048576 (custom)
2019-09-18 17:29:27,618 [pool-67-thread-1] INFO  server.RaftServerConfigKeys (ConfUtils.java:logGet(43)) - raft.server.log.use.memory = false (default)
2019-09-18 17:29:27,618 [pool-37-thread-1] INFO  server.RaftServerConfigKeys (ConfUtils.java:logGet(43)) - raft.server.log.segment.cache.num.max = 2 (custom)
2019-09-18 17:29:27,618 [pool-57-thread-1] INFO  server.RaftServerConfigKeys (ConfUtils.java:logGet(43)) - raft.server.log.purge.gap = 1000000 (custom)
2019-09-18 17:29:27,619 [pool-37-thread-1] INFO  segmented.SegmentedRaftLogWorker (SegmentedRaftLogWorker.java:<init>(172)) - new f1d6cbd0-cc55-4a8c-aff9-0f6c18a578e9@group-AF8B3C156ABB-SegmentedRaftLogWorker for RaftStorage:Storage Directory /workdir/hadoop-ozone/integration-test/target/test-dir/MiniOzoneClusterImpl-b34fcd95-ddd9-49f6-9e80-ffea83eaa9ea/datanode-1/data/ratis/ce0eb6e5-c999-4fde-aaf1-af8b3c156abb
2019-09-18 17:29:27,618 [pool-67-thread-1] INFO  server.RaftServerConfigKeys (ConfUtils.java:logGet(43)) - raft.server.log.purge.gap = 1000000 (custom)
2019-09-18 17:29:27,619 [pool-37-thread-1] INFO  server.RaftServerConfigKeys (ConfUtils.java:logGet(43)) - raft.server.log.queue.byte-limit = 2147483647 (custom)
2019-09-18 17:29:27,619 [pool-57-thread-1] INFO  server.RaftServerConfigKeys (ConfUtils.java:logGet(43)) - raft.server.log.appender.buffer.byte-limit = 33554432 (custom)
2019-09-18 17:29:27,619 [pool-37-thread-1] INFO  server.RaftServerConfigKeys (ConfUtils.java:logGet(43)) - raft.server.log.queue.element-limit = 1024 (custom)
2019-09-18 17:29:27,619 [pool-67-thread-1] INFO  server.RaftServerConfigKeys (ConfUtils.java:logGet(43)) - raft.server.log.appender.buffer.byte-limit = 33554432 (custom)
2019-09-18 17:29:27,619 [pool-37-thread-1] INFO  server.RaftServerConfigKeys (ConfUtils.java:logGet(43)) - raft.server.log.segment.size.max = 1048576 (custom)
2019-09-18 17:29:27,619 [pool-57-thread-1] INFO  server.RaftServerConfigKeys (ConfUtils.java:logGet(43)) - raft.server.log.segment.size.max = 1048576 (custom)
2019-09-18 17:29:27,619 [pool-37-thread-1] INFO  server.RaftServerConfigKeys (ConfUtils.java:logGet(43)) - raft.server.log.preallocated.size = 16384 (custom)
2019-09-18 17:29:27,619 [pool-67-thread-1] INFO  server.RaftServerConfigKeys (ConfUtils.java:logGet(43)) - raft.server.log.segment.size.max = 1048576 (custom)
2019-09-18 17:29:27,620 [pool-37-thread-1] INFO  server.RaftServerConfigKeys (ConfUtils.java:logGet(43)) - raft.server.log.write.buffer.size = 33554432 (custom)
2019-09-18 17:29:27,620 [pool-57-thread-1] INFO  server.RaftServerConfigKeys (ConfUtils.java:logGet(43)) - raft.server.log.segment.cache.num.max = 2 (custom)
2019-09-18 17:29:27,620 [pool-37-thread-1] INFO  server.RaftServerConfigKeys (ConfUtils.java:logGet(43)) - raft.server.log.force.sync.num = 128 (default)
2019-09-18 17:29:27,620 [pool-67-thread-1] INFO  server.RaftServerConfigKeys (ConfUtils.java:logGet(43)) - raft.server.log.segment.cache.num.max = 2 (custom)
2019-09-18 17:29:27,620 [pool-37-thread-1] INFO  server.RaftServerConfigKeys (ConfUtils.java:logGet(43)) - raft.server.log.statemachine.data.sync = true (default)
2019-09-18 17:29:27,620 [pool-57-thread-1] INFO  segmented.SegmentedRaftLogWorker (SegmentedRaftLogWorker.java:<init>(172)) - new 3f36f173-4656-4d5a-831c-b6782f9f5ad2@group-AF8B3C156ABB-SegmentedRaftLogWorker for RaftStorage:Storage Directory /workdir/hadoop-ozone/integration-test/target/test-dir/MiniOzoneClusterImpl-b34fcd95-ddd9-49f6-9e80-ffea83eaa9ea/datanode-3/data/ratis/ce0eb6e5-c999-4fde-aaf1-af8b3c156abb
2019-09-18 17:29:27,621 [pool-37-thread-1] INFO  server.RaftServerConfigKeys (ConfUtils.java:logGet(43)) - raft.server.log.statemachine.data.sync.timeout = 10s (default)
2019-09-18 17:29:27,621 [pool-67-thread-1] INFO  segmented.SegmentedRaftLogWorker (SegmentedRaftLogWorker.java:<init>(172)) - new befaacb7-99cd-4d87-819a-d941cb77279d@group-AF8B3C156ABB-SegmentedRaftLogWorker for RaftStorage:Storage Directory /workdir/hadoop-ozone/integration-test/target/test-dir/MiniOzoneClusterImpl-b34fcd95-ddd9-49f6-9e80-ffea83eaa9ea/datanode-4/data/ratis/ce0eb6e5-c999-4fde-aaf1-af8b3c156abb
2019-09-18 17:29:27,621 [pool-37-thread-1] INFO  server.RaftServerConfigKeys (ConfUtils.java:logGet(43)) - raft.server.log.statemachine.data.sync.timeout.retry = -1 (default)
2019-09-18 17:29:27,621 [pool-57-thread-1] INFO  server.RaftServerConfigKeys (ConfUtils.java:logGet(43)) - raft.server.log.queue.byte-limit = 2147483647 (custom)
2019-09-18 17:29:27,621 [pool-37-thread-1] INFO  server.RaftServerConfigKeys (ConfUtils.java:logGet(43)) - raft.server.log.statemachine.data.caching.enabled = true (custom)
2019-09-18 17:29:27,621 [pool-67-thread-1] INFO  server.RaftServerConfigKeys (ConfUtils.java:logGet(43)) - raft.server.log.queue.byte-limit = 2147483647 (custom)
2019-09-18 17:29:27,621 [pool-57-thread-1] INFO  server.RaftServerConfigKeys (ConfUtils.java:logGet(43)) - raft.server.log.queue.element-limit = 1024 (custom)
2019-09-18 17:29:27,622 [pool-37-thread-1] INFO  segmented.SegmentedRaftLogWorker (SegmentedRaftLogWorker.java:lambda$new$0(132)) - f1d6cbd0-cc55-4a8c-aff9-0f6c18a578e9@group-AF8B3C156ABB-SegmentedRaftLogWorker: flushIndex: setUnconditionally 0 -> -1
2019-09-18 17:29:27,622 [pool-67-thread-1] INFO  server.RaftServerConfigKeys (ConfUtils.java:logGet(43)) - raft.server.log.queue.element-limit = 1024 (custom)
2019-09-18 17:29:27,622 [pool-57-thread-1] INFO  server.RaftServerConfigKeys (ConfUtils.java:logGet(43)) - raft.server.log.segment.size.max = 1048576 (custom)
2019-09-18 17:29:27,622 [pool-67-thread-1] INFO  server.RaftServerConfigKeys (ConfUtils.java:logGet(43)) - raft.server.log.segment.size.max = 1048576 (custom)
2019-09-18 17:29:27,622 [pool-37-thread-1] INFO  server.RaftServerConfigKeys (ConfUtils.java:logGet(43)) - raft.server.snapshot.auto.trigger.enabled = true (custom)
2019-09-18 17:29:27,622 [pool-67-thread-1] INFO  server.RaftServerConfigKeys (ConfUtils.java:logGet(43)) - raft.server.log.preallocated.size = 16384 (custom)
2019-09-18 17:29:27,622 [pool-57-thread-1] INFO  server.RaftServerConfigKeys (ConfUtils.java:logGet(43)) - raft.server.log.preallocated.size = 16384 (custom)
2019-09-18 17:29:27,623 [pool-67-thread-1] INFO  server.RaftServerConfigKeys (ConfUtils.java:logGet(43)) - raft.server.log.write.buffer.size = 33554432 (custom)
2019-09-18 17:29:27,623 [pool-37-thread-1] INFO  server.RaftServerConfigKeys (ConfUtils.java:logGet(43)) - raft.server.snapshot.auto.trigger.threshold = 10000 (custom)
2019-09-18 17:29:27,623 [pool-67-thread-1] INFO  server.RaftServerConfigKeys (ConfUtils.java:logGet(43)) - raft.server.log.force.sync.num = 128 (default)
2019-09-18 17:29:27,623 [pool-57-thread-1] INFO  server.RaftServerConfigKeys (ConfUtils.java:logGet(43)) - raft.server.log.write.buffer.size = 33554432 (custom)
2019-09-18 17:29:27,623 [pool-67-thread-1] INFO  server.RaftServerConfigKeys (ConfUtils.java:logGet(43)) - raft.server.log.statemachine.data.sync = true (default)
2019-09-18 17:29:27,623 [pool-37-thread-1] INFO  server.RaftServerConfigKeys (ConfUtils.java:logGet(43)) - raft.server.snapshot.retention.num.files = 5 (custom)
2019-09-18 17:29:27,624 [pool-67-thread-1] INFO  server.RaftServerConfigKeys (ConfUtils.java:logGet(43)) - raft.server.log.statemachine.data.sync.timeout = 10s (default)
2019-09-18 17:29:27,623 [pool-57-thread-1] INFO  server.RaftServerConfigKeys (ConfUtils.java:logGet(43)) - raft.server.log.force.sync.num = 128 (default)
2019-09-18 17:29:27,624 [pool-67-thread-1] INFO  server.RaftServerConfigKeys (ConfUtils.java:logGet(43)) - raft.server.log.statemachine.data.sync.timeout.retry = -1 (default)
2019-09-18 17:29:27,624 [pool-37-thread-1] INFO  server.RaftServerConfigKeys (ConfUtils.java:logGet(43)) - raft.server.retrycache.expirytime = 600000ms (custom)
2019-09-18 17:29:27,624 [pool-57-thread-1] INFO  server.RaftServerConfigKeys (ConfUtils.java:logGet(43)) - raft.server.log.statemachine.data.sync = true (default)
2019-09-18 17:29:27,624 [pool-67-thread-1] INFO  server.RaftServerConfigKeys (ConfUtils.java:logGet(43)) - raft.server.log.statemachine.data.caching.enabled = true (custom)
2019-09-18 17:29:27,624 [pool-57-thread-1] INFO  server.RaftServerConfigKeys (ConfUtils.java:logGet(43)) - raft.server.log.statemachine.data.sync.timeout = 10s (default)
2019-09-18 17:29:27,625 [pool-67-thread-1] INFO  segmented.SegmentedRaftLogWorker (SegmentedRaftLogWorker.java:lambda$new$0(132)) - befaacb7-99cd-4d87-819a-d941cb77279d@group-AF8B3C156ABB-SegmentedRaftLogWorker: flushIndex: setUnconditionally 0 -> -1
2019-09-18 17:29:27,625 [pool-57-thread-1] INFO  server.RaftServerConfigKeys (ConfUtils.java:logGet(43)) - raft.server.log.statemachine.data.sync.timeout.retry = -1 (default)
2019-09-18 17:29:27,625 [pool-67-thread-1] INFO  server.RaftServerConfigKeys (ConfUtils.java:logGet(43)) - raft.server.snapshot.auto.trigger.enabled = true (custom)
2019-09-18 17:29:27,625 [pool-57-thread-1] INFO  server.RaftServerConfigKeys (ConfUtils.java:logGet(43)) - raft.server.log.statemachine.data.caching.enabled = true (custom)
2019-09-18 17:29:27,625 [pool-67-thread-1] INFO  server.RaftServerConfigKeys (ConfUtils.java:logGet(43)) - raft.server.snapshot.auto.trigger.threshold = 10000 (custom)
2019-09-18 17:29:27,625 [pool-67-thread-1] INFO  server.RaftServerConfigKeys (ConfUtils.java:logGet(43)) - raft.server.snapshot.retention.num.files = 5 (custom)
2019-09-18 17:29:27,626 [pool-57-thread-1] INFO  segmented.SegmentedRaftLogWorker (SegmentedRaftLogWorker.java:lambda$new$0(132)) - 3f36f173-4656-4d5a-831c-b6782f9f5ad2@group-AF8B3C156ABB-SegmentedRaftLogWorker: flushIndex: setUnconditionally 0 -> -1
2019-09-18 17:29:27,626 [pool-67-thread-1] INFO  server.RaftServerConfigKeys (ConfUtils.java:logGet(43)) - raft.server.retrycache.expirytime = 600000ms (custom)
2019-09-18 17:29:27,626 [pool-57-thread-1] INFO  server.RaftServerConfigKeys (ConfUtils.java:logGet(43)) - raft.server.snapshot.auto.trigger.enabled = true (custom)
2019-09-18 17:29:27,626 [pool-57-thread-1] INFO  server.RaftServerConfigKeys (ConfUtils.java:logGet(43)) - raft.server.snapshot.auto.trigger.threshold = 10000 (custom)
2019-09-18 17:29:27,626 [pool-57-thread-1] INFO  server.RaftServerConfigKeys (ConfUtils.java:logGet(43)) - raft.server.snapshot.retention.num.files = 5 (custom)
2019-09-18 17:29:27,627 [pool-57-thread-1] INFO  server.RaftServerConfigKeys (ConfUtils.java:logGet(43)) - raft.server.retrycache.expirytime = 600000ms (custom)
2019-09-18 17:29:27,628 [pool-37-thread-1] INFO  impl.RaftServerImpl (RaftServerImpl.java:start(185)) - f1d6cbd0-cc55-4a8c-aff9-0f6c18a578e9@group-AF8B3C156ABB: start as a follower, conf=-1: [f1d6cbd0-cc55-4a8c-aff9-0f6c18a578e9:192.168.151.122:38812, befaacb7-99cd-4d87-819a-d941cb77279d:192.168.151.122:44171, 3f36f173-4656-4d5a-831c-b6782f9f5ad2:192.168.151.122:40451], old=null
2019-09-18 17:29:27,628 [pool-37-thread-1] INFO  impl.RaftServerImpl (RaftServerImpl.java:setRole(174)) - f1d6cbd0-cc55-4a8c-aff9-0f6c18a578e9@group-AF8B3C156ABB: changes role from      null to FOLLOWER at term 0 for startAsFollower
2019-09-18 17:29:27,628 [pool-37-thread-1] INFO  impl.RoleInfo (RoleInfo.java:updateAndGet(143)) - f1d6cbd0-cc55-4a8c-aff9-0f6c18a578e9: start FollowerState
2019-09-18 17:29:27,629 [pool-67-thread-1] INFO  impl.RaftServerImpl (RaftServerImpl.java:start(185)) - befaacb7-99cd-4d87-819a-d941cb77279d@group-AF8B3C156ABB: start as a follower, conf=-1: [f1d6cbd0-cc55-4a8c-aff9-0f6c18a578e9:192.168.151.122:38812, befaacb7-99cd-4d87-819a-d941cb77279d:192.168.151.122:44171, 3f36f173-4656-4d5a-831c-b6782f9f5ad2:192.168.151.122:40451], old=null
2019-09-18 17:29:27,629 [pool-37-thread-1] INFO  util.JmxRegister (JmxRegister.java:tryRegister(44)) - Successfully registered JMX Bean with object name Ratis:service=RaftServer,group=group-AF8B3C156ABB,id=f1d6cbd0-cc55-4a8c-aff9-0f6c18a578e9
2019-09-18 17:29:27,629 [pool-67-thread-1] INFO  impl.RaftServerImpl (RaftServerImpl.java:setRole(174)) - befaacb7-99cd-4d87-819a-d941cb77279d@group-AF8B3C156ABB: changes role from      null to FOLLOWER at term 0 for startAsFollower
2019-09-18 17:29:27,629 [pool-67-thread-1] INFO  impl.RoleInfo (RoleInfo.java:updateAndGet(143)) - befaacb7-99cd-4d87-819a-d941cb77279d: start FollowerState
2019-09-18 17:29:27,629 [pool-67-thread-1] INFO  util.JmxRegister (JmxRegister.java:tryRegister(44)) - Successfully registered JMX Bean with object name Ratis:service=RaftServer,group=group-AF8B3C156ABB,id=befaacb7-99cd-4d87-819a-d941cb77279d
2019-09-18 17:29:27,631 [pool-57-thread-1] INFO  impl.RaftServerImpl (RaftServerImpl.java:start(185)) - 3f36f173-4656-4d5a-831c-b6782f9f5ad2@group-AF8B3C156ABB: start as a follower, conf=-1: [f1d6cbd0-cc55-4a8c-aff9-0f6c18a578e9:192.168.151.122:38812, befaacb7-99cd-4d87-819a-d941cb77279d:192.168.151.122:44171, 3f36f173-4656-4d5a-831c-b6782f9f5ad2:192.168.151.122:40451], old=null
2019-09-18 17:29:27,631 [pool-57-thread-1] INFO  impl.RaftServerImpl (RaftServerImpl.java:setRole(174)) - 3f36f173-4656-4d5a-831c-b6782f9f5ad2@group-AF8B3C156ABB: changes role from      null to FOLLOWER at term 0 for startAsFollower
2019-09-18 17:29:27,631 [pool-57-thread-1] INFO  impl.RoleInfo (RoleInfo.java:updateAndGet(143)) - 3f36f173-4656-4d5a-831c-b6782f9f5ad2: start FollowerState
2019-09-18 17:29:27,631 [pool-57-thread-1] INFO  util.JmxRegister (JmxRegister.java:tryRegister(44)) - Successfully registered JMX Bean with object name Ratis:service=RaftServer,group=group-AF8B3C156ABB,id=3f36f173-4656-4d5a-831c-b6782f9f5ad2
2019-09-18 17:29:27,634 [RatisPipelineUtilsThread] INFO  pipeline.PipelineStateManager (PipelineStateManager.java:addPipeline(56)) - Created pipeline Pipeline[ Id: ce0eb6e5-c999-4fde-aaf1-af8b3c156abb, Nodes: 3f36f173-4656-4d5a-831c-b6782f9f5ad2{ip: 192.168.151.122, host: pr-hdds-2121-ltkqc-3926781246, networkLocation: /default-rack, certSerialId: null}f1d6cbd0-cc55-4a8c-aff9-0f6c18a578e9{ip: 192.168.151.122, host: pr-hdds-2121-ltkqc-3926781246, networkLocation: /default-rack, certSerialId: null}befaacb7-99cd-4d87-819a-d941cb77279d{ip: 192.168.151.122, host: pr-hdds-2121-ltkqc-3926781246, networkLocation: /default-rack, certSerialId: null}, Type:RATIS, Factor:THREE, State:OPEN]
2019-09-18 17:29:28,280 [org.apache.ratis.server.impl.LogAppender$AppenderDaemon$$Lambda$488/1062446665@6563e69e] ERROR ratis.XceiverServerRatis (XceiverServerRatis.java:triggerPipelineClose(575)) - pipeline Action CLOSE  on pipeline PipelineID=8f3f41fd-663e-48bf-b10e-4f90601d4e02.Reason : f1d6cbd0-cc55-4a8c-aff9-0f6c18a578e9 has not seen follower/s befaacb7-99cd-4d87-819a-d941cb77279d for 167364ms 3f36f173-4656-4d5a-831c-b6782f9f5ad2 for 167364ms
2019-09-18 17:29:28,280 [org.apache.ratis.server.impl.LogAppender$AppenderDaemon$$Lambda$488/1062446665@7a4f893] ERROR ratis.XceiverServerRatis (XceiverServerRatis.java:triggerPipelineClose(575)) - pipeline Action CLOSE  on pipeline PipelineID=8f3f41fd-663e-48bf-b10e-4f90601d4e02.Reason : f1d6cbd0-cc55-4a8c-aff9-0f6c18a578e9 has not seen follower/s befaacb7-99cd-4d87-819a-d941cb77279d for 167364ms 3f36f173-4656-4d5a-831c-b6782f9f5ad2 for 167364ms
2019-09-18 17:29:28,778 [java.util.concurrent.ThreadPoolExecutor$Worker@30c21f86[State = -1, empty queue]] WARN  server.GrpcLogAppender (GrpcLogAppender.java:timeoutAppendRequest(200)) - f1d6cbd0-cc55-4a8c-aff9-0f6c18a578e9@group-4F90601D4E02->3f36f173-4656-4d5a-831c-b6782f9f5ad2-GrpcLogAppender: appendEntries Timeout, request=f1d6cbd0-cc55-4a8c-aff9-0f6c18a578e9->3f36f173-4656-4d5a-831c-b6782f9f5ad2#152-t2, previous=(t:2, i:14), leaderCommit=10, initializing? false, entries: <empty>
2019-09-18 17:29:28,778 [java.util.concurrent.ThreadPoolExecutor$Worker@6cb5db01[State = -1, empty queue]] WARN  server.GrpcLogAppender (GrpcLogAppender.java:timeoutAppendRequest(200)) - f1d6cbd0-cc55-4a8c-aff9-0f6c18a578e9@group-4F90601D4E02->befaacb7-99cd-4d87-819a-d941cb77279d-GrpcLogAppender: appendEntries Timeout, request=f1d6cbd0-cc55-4a8c-aff9-0f6c18a578e9->befaacb7-99cd-4d87-819a-d941cb77279d#152-t2, previous=(t:2, i:14), leaderCommit=10, initializing? false, entries: <empty>
2019-09-18 17:29:29,276 [EventQueue-PipelineActionsForPipelineActionHandler] ERROR pipeline.PipelineActionHandler (PipelineActionHandler.java:onMessage(60)) - Received pipeline action CLOSE for Pipeline[ Id: 8f3f41fd-663e-48bf-b10e-4f90601d4e02, Nodes: 3f36f173-4656-4d5a-831c-b6782f9f5ad2{ip: 192.168.151.122, host: pr-hdds-2121-ltkqc-3926781246, networkLocation: /default-rack, certSerialId: null}f1d6cbd0-cc55-4a8c-aff9-0f6c18a578e9{ip: 192.168.151.122, host: pr-hdds-2121-ltkqc-3926781246, networkLocation: /default-rack, certSerialId: null}befaacb7-99cd-4d87-819a-d941cb77279d{ip: 192.168.151.122, host: pr-hdds-2121-ltkqc-3926781246, networkLocation: /default-rack, certSerialId: null}, Type:RATIS, Factor:THREE, State:CLOSED] from datanode f1d6cbd0-cc55-4a8c-aff9-0f6c18a578e9{ip: 192.168.151.122, host: pr-hdds-2121-ltkqc-3926781246, networkLocation: /default-rack, certSerialId: null}. Reason : f1d6cbd0-cc55-4a8c-aff9-0f6c18a578e9 has not seen follower/s befaacb7-99cd-4d87-819a-d941cb77279d for 167364ms 3f36f173-4656-4d5a-831c-b6782f9f5ad2 for 167364ms
2019-09-18 17:29:29,276 [EventQueue-PipelineActionsForPipelineActionHandler] INFO  pipeline.SCMPipelineManager (SCMPipelineManager.java:finalizeAndDestroyPipeline(311)) - destroying pipeline:Pipeline[ Id: 8f3f41fd-663e-48bf-b10e-4f90601d4e02, Nodes: 3f36f173-4656-4d5a-831c-b6782f9f5ad2{ip: 192.168.151.122, host: pr-hdds-2121-ltkqc-3926781246, networkLocation: /default-rack, certSerialId: null}f1d6cbd0-cc55-4a8c-aff9-0f6c18a578e9{ip: 192.168.151.122, host: pr-hdds-2121-ltkqc-3926781246, networkLocation: /default-rack, certSerialId: null}befaacb7-99cd-4d87-819a-d941cb77279d{ip: 192.168.151.122, host: pr-hdds-2121-ltkqc-3926781246, networkLocation: /default-rack, certSerialId: null}, Type:RATIS, Factor:THREE, State:CLOSED]
2019-09-18 17:29:30,781 [org.apache.ratis.server.impl.LogAppender$AppenderDaemon$$Lambda$488/1062446665@6563e69e] ERROR ratis.XceiverServerRatis (XceiverServerRatis.java:triggerPipelineClose(575)) - pipeline Action CLOSE  on pipeline PipelineID=8f3f41fd-663e-48bf-b10e-4f90601d4e02.Reason : f1d6cbd0-cc55-4a8c-aff9-0f6c18a578e9 has not seen follower/s befaacb7-99cd-4d87-819a-d941cb77279d for 169865ms 3f36f173-4656-4d5a-831c-b6782f9f5ad2 for 169864ms
2019-09-18 17:29:30,781 [org.apache.ratis.server.impl.LogAppender$AppenderDaemon$$Lambda$488/1062446665@7a4f893] ERROR ratis.XceiverServerRatis (XceiverServerRatis.java:triggerPipelineClose(575)) - pipeline Action CLOSE  on pipeline PipelineID=8f3f41fd-663e-48bf-b10e-4f90601d4e02.Reason : f1d6cbd0-cc55-4a8c-aff9-0f6c18a578e9 has not seen follower/s befaacb7-99cd-4d87-819a-d941cb77279d for 169865ms 3f36f173-4656-4d5a-831c-b6782f9f5ad2 for 169864ms
2019-09-18 17:29:31,174 [befaacb7-99cd-4d87-819a-d941cb77279d@group-4F90601D4E02-SegmentedRaftLogWorker] WARN  segmented.SegmentedRaftLogWorker (SegmentedRaftLogWorker.java:getFromFuture(90)) - Timeout 16/~
org.apache.ratis.protocol.TimeoutIOException: Timeout 10s: WriteLog:12: (t:2, i:12), STATEMACHINELOGENTRY, client-D63B3F3BC33D, cid=33-writeStateMachineData
	at org.apache.ratis.util.IOUtils.getFromFuture(IOUtils.java:87)
	at org.apache.ratis.server.raftlog.segmented.SegmentedRaftLogWorker$StateMachineDataPolicy.getFromFuture(SegmentedRaftLogWorker.java:87)
	at org.apache.ratis.server.raftlog.segmented.SegmentedRaftLogWorker$WriteLog.execute(SegmentedRaftLogWorker.java:477)
	at org.apache.ratis.server.raftlog.segmented.SegmentedRaftLogWorker.run(SegmentedRaftLogWorker.java:289)
	at java.lang.Thread.run(Thread.java:748)
Caused by: java.util.concurrent.TimeoutException
	at java.util.concurrent.CompletableFuture.timedGet(CompletableFuture.java:1771)
	at java.util.concurrent.CompletableFuture.get(CompletableFuture.java:1915)
	at org.apache.ratis.util.IOUtils.getFromFuture(IOUtils.java:79)
	... 4 more
2019-09-18 17:29:31,206 [f1d6cbd0-cc55-4a8c-aff9-0f6c18a578e9@group-4F90601D4E02-SegmentedRaftLogWorker] WARN  segmented.SegmentedRaftLogWorker (SegmentedRaftLogWorker.java:getFromFuture(90)) - Timeout 16/~
org.apache.ratis.protocol.TimeoutIOException: Timeout 10s: WriteLog:12: (t:2, i:12), STATEMACHINELOGENTRY, client-D63B3F3BC33D, cid=33-writeStateMachineData
	at org.apache.ratis.util.IOUtils.getFromFuture(IOUtils.java:87)
	at org.apache.ratis.server.raftlog.segmented.SegmentedRaftLogWorker$StateMachineDataPolicy.getFromFuture(SegmentedRaftLogWorker.java:87)
	at org.apache.ratis.server.raftlog.segmented.SegmentedRaftLogWorker$WriteLog.execute(SegmentedRaftLogWorker.java:477)
	at org.apache.ratis.server.raftlog.segmented.SegmentedRaftLogWorker.run(SegmentedRaftLogWorker.java:289)
	at java.lang.Thread.run(Thread.java:748)
Caused by: java.util.concurrent.TimeoutException
	at java.util.concurrent.CompletableFuture.timedGet(CompletableFuture.java:1771)
	at java.util.concurrent.CompletableFuture.get(CompletableFuture.java:1915)
	at org.apache.ratis.util.IOUtils.getFromFuture(IOUtils.java:79)
	... 4 more
2019-09-18 17:29:31,206 [3f36f173-4656-4d5a-831c-b6782f9f5ad2@group-4F90601D4E02-SegmentedRaftLogWorker] WARN  segmented.SegmentedRaftLogWorker (SegmentedRaftLogWorker.java:getFromFuture(90)) - Timeout 16/~
org.apache.ratis.protocol.TimeoutIOException: Timeout 10s: WriteLog:12: (t:2, i:12), STATEMACHINELOGENTRY, client-D63B3F3BC33D, cid=33-writeStateMachineData
	at org.apache.ratis.util.IOUtils.getFromFuture(IOUtils.java:87)
	at org.apache.ratis.server.raftlog.segmented.SegmentedRaftLogWorker$StateMachineDataPolicy.getFromFuture(SegmentedRaftLogWorker.java:87)
	at org.apache.ratis.server.raftlog.segmented.SegmentedRaftLogWorker$WriteLog.execute(SegmentedRaftLogWorker.java:477)
	at org.apache.ratis.server.raftlog.segmented.SegmentedRaftLogWorker.run(SegmentedRaftLogWorker.java:289)
	at java.lang.Thread.run(Thread.java:748)
Caused by: java.util.concurrent.TimeoutException
	at java.util.concurrent.CompletableFuture.timedGet(CompletableFuture.java:1771)
	at java.util.concurrent.CompletableFuture.get(CompletableFuture.java:1915)
	at org.apache.ratis.util.IOUtils.getFromFuture(IOUtils.java:79)
	... 4 more
2019-09-18 17:29:31,275 [EventQueue-PipelineActionsForPipelineActionHandler] ERROR pipeline.PipelineActionHandler (PipelineActionHandler.java:onMessage(60)) - Received pipeline action CLOSE for Pipeline[ Id: 8f3f41fd-663e-48bf-b10e-4f90601d4e02, Nodes: 3f36f173-4656-4d5a-831c-b6782f9f5ad2{ip: 192.168.151.122, host: pr-hdds-2121-ltkqc-3926781246, networkLocation: /default-rack, certSerialId: null}f1d6cbd0-cc55-4a8c-aff9-0f6c18a578e9{ip: 192.168.151.122, host: pr-hdds-2121-ltkqc-3926781246, networkLocation: /default-rack, certSerialId: null}befaacb7-99cd-4d87-819a-d941cb77279d{ip: 192.168.151.122, host: pr-hdds-2121-ltkqc-3926781246, networkLocation: /default-rack, certSerialId: null}, Type:RATIS, Factor:THREE, State:CLOSED] from datanode f1d6cbd0-cc55-4a8c-aff9-0f6c18a578e9{ip: 192.168.151.122, host: pr-hdds-2121-ltkqc-3926781246, networkLocation: /default-rack, certSerialId: null}. Reason : f1d6cbd0-cc55-4a8c-aff9-0f6c18a578e9 has not seen follower/s befaacb7-99cd-4d87-819a-d941cb77279d for 169865ms 3f36f173-4656-4d5a-831c-b6782f9f5ad2 for 169864ms
2019-09-18 17:29:31,276 [EventQueue-PipelineActionsForPipelineActionHandler] INFO  pipeline.SCMPipelineManager (SCMPipelineManager.java:finalizeAndDestroyPipeline(311)) - destroying pipeline:Pipeline[ Id: 8f3f41fd-663e-48bf-b10e-4f90601d4e02, Nodes: 3f36f173-4656-4d5a-831c-b6782f9f5ad2{ip: 192.168.151.122, host: pr-hdds-2121-ltkqc-3926781246, networkLocation: /default-rack, certSerialId: null}f1d6cbd0-cc55-4a8c-aff9-0f6c18a578e9{ip: 192.168.151.122, host: pr-hdds-2121-ltkqc-3926781246, networkLocation: /default-rack, certSerialId: null}befaacb7-99cd-4d87-819a-d941cb77279d{ip: 192.168.151.122, host: pr-hdds-2121-ltkqc-3926781246, networkLocation: /default-rack, certSerialId: null}, Type:RATIS, Factor:THREE, State:CLOSED]
2019-09-18 17:29:31,280 [java.util.concurrent.ThreadPoolExecutor$Worker@6cb5db01[State = -1, empty queue]] WARN  server.GrpcLogAppender (GrpcLogAppender.java:timeoutAppendRequest(200)) - f1d6cbd0-cc55-4a8c-aff9-0f6c18a578e9@group-4F90601D4E02->befaacb7-99cd-4d87-819a-d941cb77279d-GrpcLogAppender: appendEntries Timeout, request=f1d6cbd0-cc55-4a8c-aff9-0f6c18a578e9->befaacb7-99cd-4d87-819a-d941cb77279d#153-t2, previous=(t:2, i:14), leaderCommit=10, initializing? false, entries: <empty>
2019-09-18 17:29:31,280 [java.util.concurrent.ThreadPoolExecutor$Worker@30c21f86[State = -1, empty queue]] WARN  server.GrpcLogAppender (GrpcLogAppender.java:timeoutAppendRequest(200)) - f1d6cbd0-cc55-4a8c-aff9-0f6c18a578e9@group-4F90601D4E02->3f36f173-4656-4d5a-831c-b6782f9f5ad2-GrpcLogAppender: appendEntries Timeout, request=f1d6cbd0-cc55-4a8c-aff9-0f6c18a578e9->3f36f173-4656-4d5a-831c-b6782f9f5ad2#153-t2, previous=(t:2, i:14), leaderCommit=10, initializing? false, entries: <empty>
2019-09-18 17:29:32,401 [grpc-default-executor-7] INFO  client.GrpcClientProtocolClient (GrpcClientProtocolClient.java:onNext(264)) - client-D63B3F3BC33D->3f36f173-4656-4d5a-831c-b6782f9f5ad2: receive RaftClientReply:client-D63B3F3BC33D->3f36f173-4656-4d5a-831c-b6782f9f5ad2@group-4F90601D4E02, cid=32, FAILED org.apache.ratis.protocol.NotLeaderException: Server 3f36f173-4656-4d5a-831c-b6782f9f5ad2@group-4F90601D4E02 is not the leader f1d6cbd0-cc55-4a8c-aff9-0f6c18a578e9:192.168.151.122:38812, logIndex=0, commits[3f36f173-4656-4d5a-831c-b6782f9f5ad2:c10, f1d6cbd0-cc55-4a8c-aff9-0f6c18a578e9:c10, befaacb7-99cd-4d87-819a-d941cb77279d:c6]
2019-09-18 17:29:32,631 [Thread-1330] INFO  impl.FollowerState (FollowerState.java:run(106)) - befaacb7-99cd-4d87-819a-d941cb77279d:group-AF8B3C156ABB changes to CANDIDATE, lastRpcTime:5001, electionTimeout:5001ms
2019-09-18 17:29:32,631 [Thread-1330] INFO  impl.RoleInfo (RoleInfo.java:shutdownFollowerState(121)) - befaacb7-99cd-4d87-819a-d941cb77279d: shutdown FollowerState
2019-09-18 17:29:32,631 [Thread-1330] INFO  impl.RaftServerImpl (RaftServerImpl.java:setRole(174)) - befaacb7-99cd-4d87-819a-d941cb77279d@group-AF8B3C156ABB: changes role from  FOLLOWER to CANDIDATE at term 0 for changeToCandidate
2019-09-18 17:29:32,631 [Thread-1330] INFO  impl.RoleInfo (RoleInfo.java:updateAndGet(143)) - befaacb7-99cd-4d87-819a-d941cb77279d: start LeaderElection
2019-09-18 17:29:32,660 [befaacb7-99cd-4d87-819a-d941cb77279d@group-AF8B3C156ABB:LeaderElection15] INFO  impl.LeaderElection (LeaderElection.java:askForVotes(182)) - befaacb7-99cd-4d87-819a-d941cb77279d@group-AF8B3C156ABB:LeaderElection15: begin an election at term 1 for -1: [f1d6cbd0-cc55-4a8c-aff9-0f6c18a578e9:192.168.151.122:38812, befaacb7-99cd-4d87-819a-d941cb77279d:192.168.151.122:44171, 3f36f173-4656-4d5a-831c-b6782f9f5ad2:192.168.151.122:40451], old=null
2019-09-18 17:29:32,667 [grpc-default-executor-7] INFO  impl.RaftServerImpl (RaftServerImpl.java:setRole(174)) - f1d6cbd0-cc55-4a8c-aff9-0f6c18a578e9@group-AF8B3C156ABB: changes role from  FOLLOWER to FOLLOWER at term 1 for recognizeCandidate:befaacb7-99cd-4d87-819a-d941cb77279d
2019-09-18 17:29:32,667 [grpc-default-executor-6] INFO  impl.RaftServerImpl (RaftServerImpl.java:setRole(174)) - 3f36f173-4656-4d5a-831c-b6782f9f5ad2@group-AF8B3C156ABB: changes role from  FOLLOWER to FOLLOWER at term 1 for recognizeCandidate:befaacb7-99cd-4d87-819a-d941cb77279d
2019-09-18 17:29:32,667 [grpc-default-executor-7] INFO  impl.RoleInfo (RoleInfo.java:shutdownFollowerState(121)) - f1d6cbd0-cc55-4a8c-aff9-0f6c18a578e9: shutdown FollowerState
2019-09-18 17:29:32,667 [grpc-default-executor-6] INFO  impl.RoleInfo (RoleInfo.java:shutdownFollowerState(121)) - 3f36f173-4656-4d5a-831c-b6782f9f5ad2: shutdown FollowerState
2019-09-18 17:29:32,667 [Thread-1329] INFO  impl.FollowerState (FollowerState.java:run(115)) - f1d6cbd0-cc55-4a8c-aff9-0f6c18a578e9: FollowerState was interrupted: java.lang.InterruptedException: sleep interrupted
2019-09-18 17:29:32,667 [grpc-default-executor-7] INFO  impl.RoleInfo (RoleInfo.java:updateAndGet(143)) - f1d6cbd0-cc55-4a8c-aff9-0f6c18a578e9: start FollowerState
2019-09-18 17:29:32,667 [Thread-1333] INFO  impl.FollowerState (FollowerState.java:run(115)) - 3f36f173-4656-4d5a-831c-b6782f9f5ad2: FollowerState was interrupted: java.lang.InterruptedException: sleep interrupted
2019-09-18 17:29:32,667 [grpc-default-executor-6] INFO  impl.RoleInfo (RoleInfo.java:updateAndGet(143)) - 3f36f173-4656-4d5a-831c-b6782f9f5ad2: start FollowerState
2019-09-18 17:29:32,685 [befaacb7-99cd-4d87-819a-d941cb77279d@group-AF8B3C156ABB:LeaderElection15] INFO  impl.LeaderElection (LeaderElection.java:logAndReturn(56)) - befaacb7-99cd-4d87-819a-d941cb77279d@group-AF8B3C156ABB:LeaderElection15: Election PASSED; received 1 response(s) [befaacb7-99cd-4d87-819a-d941cb77279d<-f1d6cbd0-cc55-4a8c-aff9-0f6c18a578e9#0:OK-t1] and 0 exception(s); befaacb7-99cd-4d87-819a-d941cb77279d@group-AF8B3C156ABB:t1, leader=null, voted=befaacb7-99cd-4d87-819a-d941cb77279d, raftlog=befaacb7-99cd-4d87-819a-d941cb77279d@group-AF8B3C156ABB-SegmentedRaftLog:OPENED:c-1,f-1,i0, conf=-1: [f1d6cbd0-cc55-4a8c-aff9-0f6c18a578e9:192.168.151.122:38812, befaacb7-99cd-4d87-819a-d941cb77279d:192.168.151.122:44171, 3f36f173-4656-4d5a-831c-b6782f9f5ad2:192.168.151.122:40451], old=null
2019-09-18 17:29:32,686 [befaacb7-99cd-4d87-819a-d941cb77279d@group-AF8B3C156ABB:LeaderElection15] INFO  impl.RoleInfo (RoleInfo.java:shutdownLeaderElection(134)) - befaacb7-99cd-4d87-819a-d941cb77279d: shutdown LeaderElection
2019-09-18 17:29:32,688 [befaacb7-99cd-4d87-819a-d941cb77279d@group-AF8B3C156ABB:LeaderElection15] INFO  impl.RaftServerImpl (RaftServerImpl.java:setRole(174)) - befaacb7-99cd-4d87-819a-d941cb77279d@group-AF8B3C156ABB: changes role from CANDIDATE to LEADER at term 1 for changeToLeader
2019-09-18 17:29:32,688 [befaacb7-99cd-4d87-819a-d941cb77279d@group-AF8B3C156ABB:LeaderElection15] INFO  impl.RaftServerImpl (ServerState.java:setLeader(253)) - befaacb7-99cd-4d87-819a-d941cb77279d@group-AF8B3C156ABB: change Leader from null to befaacb7-99cd-4d87-819a-d941cb77279d at term 1 for becomeLeader, leader elected after 5070ms
2019-09-18 17:29:32,689 [befaacb7-99cd-4d87-819a-d941cb77279d@group-AF8B3C156ABB:LeaderElection15] INFO  server.RaftServerConfigKeys (ConfUtils.java:logGet(43)) - raft.server.staging.catchup.gap = 1000 (default)
2019-09-18 17:29:32,689 [befaacb7-99cd-4d87-819a-d941cb77279d@group-AF8B3C156ABB:LeaderElection15] INFO  server.RaftServerConfigKeys (ConfUtils.java:logGet(43)) - raft.server.rpc.sleep.time = 25ms (default)
2019-09-18 17:29:32,689 [befaacb7-99cd-4d87-819a-d941cb77279d@group-AF8B3C156ABB:LeaderElection15] INFO  server.RaftServerConfigKeys (ConfUtils.java:logGet(43)) - raft.server.write.element-limit = 4096 (default)
2019-09-18 17:29:32,689 [befaacb7-99cd-4d87-819a-d941cb77279d@group-AF8B3C156ABB:LeaderElection15] INFO  server.RaftServerConfigKeys (ConfUtils.java:logGet(43)) - raft.server.watch.timeout = 10s (default)
2019-09-18 17:29:32,690 [befaacb7-99cd-4d87-819a-d941cb77279d@group-AF8B3C156ABB:LeaderElection15] INFO  server.RaftServerConfigKeys (ConfUtils.java:logGet(43)) - raft.server.watch.timeout.denomination = 1s (default)
2019-09-18 17:29:32,690 [befaacb7-99cd-4d87-819a-d941cb77279d@group-AF8B3C156ABB:LeaderElection15] INFO  server.RaftServerConfigKeys (ConfUtils.java:logGet(43)) - raft.server.watch.element-limit = 65536 (default)
2019-09-18 17:29:32,694 [befaacb7-99cd-4d87-819a-d941cb77279d@group-AF8B3C156ABB:LeaderElection15] INFO  server.RaftServerConfigKeys (ConfUtils.java:logGet(43)) - raft.server.log.appender.snapshot.chunk.size.max = 16MB (=16777216) (default)
2019-09-18 17:29:32,694 [befaacb7-99cd-4d87-819a-d941cb77279d@group-AF8B3C156ABB:LeaderElection15] INFO  server.RaftServerConfigKeys (ConfUtils.java:logGet(43)) - raft.server.log.appender.buffer.byte-limit = 33554432 (custom)
2019-09-18 17:29:32,695 [befaacb7-99cd-4d87-819a-d941cb77279d@group-AF8B3C156ABB:LeaderElection15] INFO  server.RaftServerConfigKeys (ConfUtils.java:logGet(43)) - raft.server.log.appender.buffer.element-limit = 1 (custom)
2019-09-18 17:29:32,695 [befaacb7-99cd-4d87-819a-d941cb77279d@group-AF8B3C156ABB:LeaderElection15] INFO  grpc.GrpcConfigKeys$Server (ConfUtils.java:logGet(43)) - raft.grpc.server.leader.outstanding.appends.max = 128 (default)
2019-09-18 17:29:32,695 [befaacb7-99cd-4d87-819a-d941cb77279d@group-AF8B3C156ABB:LeaderElection15] INFO  server.RaftServerConfigKeys (ConfUtils.java:logGet(43)) - raft.server.rpc.request.timeout = 3000ms (default)
2019-09-18 17:29:32,695 [befaacb7-99cd-4d87-819a-d941cb77279d@group-AF8B3C156ABB:LeaderElection15] INFO  server.RaftServerConfigKeys (ConfUtils.java:logGet(43)) - raft.server.log.appender.install.snapshot.enabled = false (custom)
2019-09-18 17:29:32,696 [befaacb7-99cd-4d87-819a-d941cb77279d@group-AF8B3C156ABB:LeaderElection15] INFO  server.RaftServerConfigKeys (ConfUtils.java:logGet(43)) - raft.server.log.appender.snapshot.chunk.size.max = 16MB (=16777216) (default)
2019-09-18 17:29:32,696 [befaacb7-99cd-4d87-819a-d941cb77279d@group-AF8B3C156ABB:LeaderElection15] INFO  server.RaftServerConfigKeys (ConfUtils.java:logGet(43)) - raft.server.log.appender.buffer.byte-limit = 33554432 (custom)
2019-09-18 17:29:32,696 [befaacb7-99cd-4d87-819a-d941cb77279d@group-AF8B3C156ABB:LeaderElection15] INFO  server.RaftServerConfigKeys (ConfUtils.java:logGet(43)) - raft.server.log.appender.buffer.element-limit = 1 (custom)
2019-09-18 17:29:32,696 [befaacb7-99cd-4d87-819a-d941cb77279d@group-AF8B3C156ABB:LeaderElection15] INFO  grpc.GrpcConfigKeys$Server (ConfUtils.java:logGet(43)) - raft.grpc.server.leader.outstanding.appends.max = 128 (default)
2019-09-18 17:29:32,697 [befaacb7-99cd-4d87-819a-d941cb77279d@group-AF8B3C156ABB:LeaderElection15] INFO  server.RaftServerConfigKeys (ConfUtils.java:logGet(43)) - raft.server.rpc.request.timeout = 3000ms (default)
2019-09-18 17:29:32,697 [befaacb7-99cd-4d87-819a-d941cb77279d@group-AF8B3C156ABB:LeaderElection15] INFO  server.RaftServerConfigKeys (ConfUtils.java:logGet(43)) - raft.server.log.appender.install.snapshot.enabled = false (custom)
2019-09-18 17:29:32,697 [befaacb7-99cd-4d87-819a-d941cb77279d@group-AF8B3C156ABB:LeaderElection15] INFO  impl.RoleInfo (RoleInfo.java:updateAndGet(143)) - befaacb7-99cd-4d87-819a-d941cb77279d: start LeaderState
2019-09-18 17:29:32,698 [befaacb7-99cd-4d87-819a-d941cb77279d@group-AF8B3C156ABB:LeaderElection15] INFO  segmented.SegmentedRaftLogWorker (SegmentedRaftLogWorker.java:startLogSegment(380)) - befaacb7-99cd-4d87-819a-d941cb77279d@group-AF8B3C156ABB-SegmentedRaftLogWorker: Starting segment from index:0
2019-09-18 17:29:32,699 [befaacb7-99cd-4d87-819a-d941cb77279d@group-AF8B3C156ABB:LeaderElection15] INFO  impl.RaftServerImpl (ServerState.java:setRaftConf(354)) - befaacb7-99cd-4d87-819a-d941cb77279d@group-AF8B3C156ABB: set configuration 0: [f1d6cbd0-cc55-4a8c-aff9-0f6c18a578e9:192.168.151.122:38812, befaacb7-99cd-4d87-819a-d941cb77279d:192.168.151.122:44171, 3f36f173-4656-4d5a-831c-b6782f9f5ad2:192.168.151.122:40451], old=null at 0
2019-09-18 17:29:32,733 [grpc-default-executor-6] INFO  impl.RaftServerImpl (ServerState.java:setLeader(253)) - f1d6cbd0-cc55-4a8c-aff9-0f6c18a578e9@group-AF8B3C156ABB: change Leader from null to befaacb7-99cd-4d87-819a-d941cb77279d at term 1 for appendEntries, leader elected after 5115ms
2019-09-18 17:29:32,733 [grpc-default-executor-6] INFO  impl.RaftServerImpl (ServerState.java:setLeader(253)) - 3f36f173-4656-4d5a-831c-b6782f9f5ad2@group-AF8B3C156ABB: change Leader from null to befaacb7-99cd-4d87-819a-d941cb77279d at term 1 for appendEntries, leader elected after 5116ms
2019-09-18 17:29:32,737 [grpc-default-executor-7] INFO  impl.RaftServerImpl (ServerState.java:setRaftConf(354)) - f1d6cbd0-cc55-4a8c-aff9-0f6c18a578e9@group-AF8B3C156ABB: set configuration 0: [f1d6cbd0-cc55-4a8c-aff9-0f6c18a578e9:192.168.151.122:38812, befaacb7-99cd-4d87-819a-d941cb77279d:192.168.151.122:44171, 3f36f173-4656-4d5a-831c-b6782f9f5ad2:192.168.151.122:40451], old=null at 0
2019-09-18 17:29:32,737 [grpc-default-executor-6] INFO  impl.RaftServerImpl (ServerState.java:setRaftConf(354)) - 3f36f173-4656-4d5a-831c-b6782f9f5ad2@group-AF8B3C156ABB: set configuration 0: [f1d6cbd0-cc55-4a8c-aff9-0f6c18a578e9:192.168.151.122:38812, befaacb7-99cd-4d87-819a-d941cb77279d:192.168.151.122:44171, 3f36f173-4656-4d5a-831c-b6782f9f5ad2:192.168.151.122:40451], old=null at 0
2019-09-18 17:29:32,737 [grpc-default-executor-7] INFO  segmented.SegmentedRaftLogWorker (SegmentedRaftLogWorker.java:startLogSegment(380)) - f1d6cbd0-cc55-4a8c-aff9-0f6c18a578e9@group-AF8B3C156ABB-SegmentedRaftLogWorker: Starting segment from index:0
2019-09-18 17:29:32,737 [grpc-default-executor-6] INFO  segmented.SegmentedRaftLogWorker (SegmentedRaftLogWorker.java:startLogSegment(380)) - 3f36f173-4656-4d5a-831c-b6782f9f5ad2@group-AF8B3C156ABB-SegmentedRaftLogWorker: Starting segment from index:0
2019-09-18 17:29:32,743 [befaacb7-99cd-4d87-819a-d941cb77279d@group-AF8B3C156ABB-SegmentedRaftLogWorker] INFO  segmented.SegmentedRaftLogWorker (SegmentedRaftLogWorker.java:execute(569)) - befaacb7-99cd-4d87-819a-d941cb77279d@group-AF8B3C156ABB-SegmentedRaftLogWorker: created new log segment /workdir/hadoop-ozone/integration-test/target/test-dir/MiniOzoneClusterImpl-b34fcd95-ddd9-49f6-9e80-ffea83eaa9ea/datanode-4/data/ratis/ce0eb6e5-c999-4fde-aaf1-af8b3c156abb/current/log_inprogress_0
2019-09-18 17:29:32,774 [f1d6cbd0-cc55-4a8c-aff9-0f6c18a578e9@group-AF8B3C156ABB-SegmentedRaftLogWorker] INFO  segmented.SegmentedRaftLogWorker (SegmentedRaftLogWorker.java:execute(569)) - f1d6cbd0-cc55-4a8c-aff9-0f6c18a578e9@group-AF8B3C156ABB-SegmentedRaftLogWorker: created new log segment /workdir/hadoop-ozone/integration-test/target/test-dir/MiniOzoneClusterImpl-b34fcd95-ddd9-49f6-9e80-ffea83eaa9ea/datanode-1/data/ratis/ce0eb6e5-c999-4fde-aaf1-af8b3c156abb/current/log_inprogress_0
2019-09-18 17:29:32,774 [3f36f173-4656-4d5a-831c-b6782f9f5ad2@group-AF8B3C156ABB-SegmentedRaftLogWorker] INFO  segmented.SegmentedRaftLogWorker (SegmentedRaftLogWorker.java:execute(569)) - 3f36f173-4656-4d5a-831c-b6782f9f5ad2@group-AF8B3C156ABB-SegmentedRaftLogWorker: created new log segment /workdir/hadoop-ozone/integration-test/target/test-dir/MiniOzoneClusterImpl-b34fcd95-ddd9-49f6-9e80-ffea83eaa9ea/datanode-3/data/ratis/ce0eb6e5-c999-4fde-aaf1-af8b3c156abb/current/log_inprogress_0
2019-09-18 17:29:33,281 [org.apache.ratis.server.impl.LogAppender$AppenderDaemon$$Lambda$488/1062446665@7a4f893] ERROR ratis.XceiverServerRatis (XceiverServerRatis.java:triggerPipelineClose(575)) - pipeline Action CLOSE  on pipeline PipelineID=8f3f41fd-663e-48bf-b10e-4f90601d4e02.Reason : f1d6cbd0-cc55-4a8c-aff9-0f6c18a578e9 has not seen follower/s befaacb7-99cd-4d87-819a-d941cb77279d for 172366ms 3f36f173-4656-4d5a-831c-b6782f9f5ad2 for 172365ms
2019-09-18 17:29:33,281 [org.apache.ratis.server.impl.LogAppender$AppenderDaemon$$Lambda$488/1062446665@6563e69e] ERROR ratis.XceiverServerRatis (XceiverServerRatis.java:triggerPipelineClose(575)) - pipeline Action CLOSE  on pipeline PipelineID=8f3f41fd-663e-48bf-b10e-4f90601d4e02.Reason : f1d6cbd0-cc55-4a8c-aff9-0f6c18a578e9 has not seen follower/s befaacb7-99cd-4d87-819a-d941cb77279d for 172365ms 3f36f173-4656-4d5a-831c-b6782f9f5ad2 for 172365ms
2019-09-18 17:29:33,780 [java.util.concurrent.ThreadPoolExecutor$Worker@6cb5db01[State = -1, empty queue]] WARN  server.GrpcLogAppender (GrpcLogAppender.java:timeoutAppendRequest(200)) - f1d6cbd0-cc55-4a8c-aff9-0f6c18a578e9@group-4F90601D4E02->befaacb7-99cd-4d87-819a-d941cb77279d-GrpcLogAppender: appendEntries Timeout, request=f1d6cbd0-cc55-4a8c-aff9-0f6c18a578e9->befaacb7-99cd-4d87-819a-d941cb77279d#154-t2, previous=(t:2, i:14), leaderCommit=10, initializing? false, entries: <empty>
2019-09-18 17:29:33,781 [java.util.concurrent.ThreadPoolExecutor$Worker@30c21f86[State = -1, empty queue]] WARN  server.GrpcLogAppender (GrpcLogAppender.java:timeoutAppendRequest(200)) - f1d6cbd0-cc55-4a8c-aff9-0f6c18a578e9@group-4F90601D4E02->3f36f173-4656-4d5a-831c-b6782f9f5ad2-GrpcLogAppender: appendEntries Timeout, request=f1d6cbd0-cc55-4a8c-aff9-0f6c18a578e9->3f36f173-4656-4d5a-831c-b6782f9f5ad2#154-t2, previous=(t:2, i:14), leaderCommit=10, initializing? false, entries: <empty>
2019-09-18 17:29:34,275 [EventQueue-PipelineActionsForPipelineActionHandler] ERROR pipeline.PipelineActionHandler (PipelineActionHandler.java:onMessage(60)) - Received pipeline action CLOSE for Pipeline[ Id: 8f3f41fd-663e-48bf-b10e-4f90601d4e02, Nodes: 3f36f173-4656-4d5a-831c-b6782f9f5ad2{ip: 192.168.151.122, host: pr-hdds-2121-ltkqc-3926781246, networkLocation: /default-rack, certSerialId: null}f1d6cbd0-cc55-4a8c-aff9-0f6c18a578e9{ip: 192.168.151.122, host: pr-hdds-2121-ltkqc-3926781246, networkLocation: /default-rack, certSerialId: null}befaacb7-99cd-4d87-819a-d941cb77279d{ip: 192.168.151.122, host: pr-hdds-2121-ltkqc-3926781246, networkLocation: /default-rack, certSerialId: null}, Type:RATIS, Factor:THREE, State:CLOSED] from datanode f1d6cbd0-cc55-4a8c-aff9-0f6c18a578e9{ip: 192.168.151.122, host: pr-hdds-2121-ltkqc-3926781246, networkLocation: /default-rack, certSerialId: null}. Reason : f1d6cbd0-cc55-4a8c-aff9-0f6c18a578e9 has not seen follower/s befaacb7-99cd-4d87-819a-d941cb77279d for 172366ms 3f36f173-4656-4d5a-831c-b6782f9f5ad2 for 172365ms
2019-09-18 17:29:34,276 [EventQueue-PipelineActionsForPipelineActionHandler] INFO  pipeline.SCMPipelineManager (SCMPipelineManager.java:finalizeAndDestroyPipeline(311)) - destroying pipeline:Pipeline[ Id: 8f3f41fd-663e-48bf-b10e-4f90601d4e02, Nodes: 3f36f173-4656-4d5a-831c-b6782f9f5ad2{ip: 192.168.151.122, host: pr-hdds-2121-ltkqc-3926781246, networkLocation: /default-rack, certSerialId: null}f1d6cbd0-cc55-4a8c-aff9-0f6c18a578e9{ip: 192.168.151.122, host: pr-hdds-2121-ltkqc-3926781246, networkLocation: /default-rack, certSerialId: null}befaacb7-99cd-4d87-819a-d941cb77279d{ip: 192.168.151.122, host: pr-hdds-2121-ltkqc-3926781246, networkLocation: /default-rack, certSerialId: null}, Type:RATIS, Factor:THREE, State:CLOSED]
2019-09-18 17:29:35,783 [org.apache.ratis.server.impl.LogAppender$AppenderDaemon$$Lambda$488/1062446665@6563e69e] ERROR ratis.XceiverServerRatis (XceiverServerRatis.java:triggerPipelineClose(575)) - pipeline Action CLOSE  on pipeline PipelineID=8f3f41fd-663e-48bf-b10e-4f90601d4e02.Reason : f1d6cbd0-cc55-4a8c-aff9-0f6c18a578e9 has not seen follower/s befaacb7-99cd-4d87-819a-d941cb77279d for 174867ms 3f36f173-4656-4d5a-831c-b6782f9f5ad2 for 174866ms
2019-09-18 17:29:35,783 [org.apache.ratis.server.impl.LogAppender$AppenderDaemon$$Lambda$488/1062446665@7a4f893] ERROR ratis.XceiverServerRatis (XceiverServerRatis.java:triggerPipelineClose(575)) - pipeline Action CLOSE  on pipeline PipelineID=8f3f41fd-663e-48bf-b10e-4f90601d4e02.Reason : f1d6cbd0-cc55-4a8c-aff9-0f6c18a578e9 has not seen follower/s befaacb7-99cd-4d87-819a-d941cb77279d for 174867ms 3f36f173-4656-4d5a-831c-b6782f9f5ad2 for 174866ms
2019-09-18 17:29:36,276 [EventQueue-PipelineActionsForPipelineActionHandler] ERROR pipeline.PipelineActionHandler (PipelineActionHandler.java:onMessage(60)) - Received pipeline action CLOSE for Pipeline[ Id: 8f3f41fd-663e-48bf-b10e-4f90601d4e02, Nodes: 3f36f173-4656-4d5a-831c-b6782f9f5ad2{ip: 192.168.151.122, host: pr-hdds-2121-ltkqc-3926781246, networkLocation: /default-rack, certSerialId: null}f1d6cbd0-cc55-4a8c-aff9-0f6c18a578e9{ip: 192.168.151.122, host: pr-hdds-2121-ltkqc-3926781246, networkLocation: /default-rack, certSerialId: null}befaacb7-99cd-4d87-819a-d941cb77279d{ip: 192.168.151.122, host: pr-hdds-2121-ltkqc-3926781246, networkLocation: /default-rack, certSerialId: null}, Type:RATIS, Factor:THREE, State:CLOSED] from datanode f1d6cbd0-cc55-4a8c-aff9-0f6c18a578e9{ip: 192.168.151.122, host: pr-hdds-2121-ltkqc-3926781246, networkLocation: /default-rack, certSerialId: null}. Reason : f1d6cbd0-cc55-4a8c-aff9-0f6c18a578e9 has not seen follower/s befaacb7-99cd-4d87-819a-d941cb77279d for 174867ms 3f36f173-4656-4d5a-831c-b6782f9f5ad2 for 174866ms
2019-09-18 17:29:36,276 [EventQueue-PipelineActionsForPipelineActionHandler] INFO  pipeline.SCMPipelineManager (SCMPipelineManager.java:finalizeAndDestroyPipeline(311)) - destroying pipeline:Pipeline[ Id: 8f3f41fd-663e-48bf-b10e-4f90601d4e02, Nodes: 3f36f173-4656-4d5a-831c-b6782f9f5ad2{ip: 192.168.151.122, host: pr-hdds-2121-ltkqc-3926781246, networkLocation: /default-rack, certSerialId: null}f1d6cbd0-cc55-4a8c-aff9-0f6c18a578e9{ip: 192.168.151.122, host: pr-hdds-2121-ltkqc-3926781246, networkLocation: /default-rack, certSerialId: null}befaacb7-99cd-4d87-819a-d941cb77279d{ip: 192.168.151.122, host: pr-hdds-2121-ltkqc-3926781246, networkLocation: /default-rack, certSerialId: null}, Type:RATIS, Factor:THREE, State:CLOSED]
2019-09-18 17:29:36,281 [java.util.concurrent.ThreadPoolExecutor$Worker@6cb5db01[State = -1, empty queue]] WARN  server.GrpcLogAppender (GrpcLogAppender.java:timeoutAppendRequest(200)) - f1d6cbd0-cc55-4a8c-aff9-0f6c18a578e9@group-4F90601D4E02->befaacb7-99cd-4d87-819a-d941cb77279d-GrpcLogAppender: appendEntries Timeout, request=f1d6cbd0-cc55-4a8c-aff9-0f6c18a578e9->befaacb7-99cd-4d87-819a-d941cb77279d#155-t2, previous=(t:2, i:14), leaderCommit=10, initializing? false, entries: <empty>
2019-09-18 17:29:36,281 [java.util.concurrent.ThreadPoolExecutor$Worker@30c21f86[State = -1, empty queue]] WARN  server.GrpcLogAppender (GrpcLogAppender.java:timeoutAppendRequest(200)) - f1d6cbd0-cc55-4a8c-aff9-0f6c18a578e9@group-4F90601D4E02->3f36f173-4656-4d5a-831c-b6782f9f5ad2-GrpcLogAppender: appendEntries Timeout, request=f1d6cbd0-cc55-4a8c-aff9-0f6c18a578e9->3f36f173-4656-4d5a-831c-b6782f9f5ad2#155-t2, previous=(t:2, i:14), leaderCommit=10, initializing? false, entries: <empty>
2019-09-18 17:29:37,441 [grpc-default-executor-6] INFO  client.GrpcClientProtocolClient (GrpcClientProtocolClient.java:onNext(264)) - client-D63B3F3BC33D->befaacb7-99cd-4d87-819a-d941cb77279d: receive RaftClientReply:client-D63B3F3BC33D->befaacb7-99cd-4d87-819a-d941cb77279d@group-4F90601D4E02, cid=32, FAILED org.apache.ratis.protocol.NotLeaderException: Server befaacb7-99cd-4d87-819a-d941cb77279d@group-4F90601D4E02 is not the leader f1d6cbd0-cc55-4a8c-aff9-0f6c18a578e9:192.168.151.122:38812, logIndex=0, commits[befaacb7-99cd-4d87-819a-d941cb77279d:c10, f1d6cbd0-cc55-4a8c-aff9-0f6c18a578e9:c10, 3f36f173-4656-4d5a-831c-b6782f9f5ad2:c6]
2019-09-18 17:29:38,283 [org.apache.ratis.server.impl.LogAppender$AppenderDaemon$$Lambda$488/1062446665@7a4f893] ERROR ratis.XceiverServerRatis (XceiverServerRatis.java:triggerPipelineClose(575)) - pipeline Action CLOSE  on pipeline PipelineID=8f3f41fd-663e-48bf-b10e-4f90601d4e02.Reason : f1d6cbd0-cc55-4a8c-aff9-0f6c18a578e9 has not seen follower/s befaacb7-99cd-4d87-819a-d941cb77279d for 177367ms 3f36f173-4656-4d5a-831c-b6782f9f5ad2 for 177367ms
2019-09-18 17:29:38,283 [org.apache.ratis.server.impl.LogAppender$AppenderDaemon$$Lambda$488/1062446665@6563e69e] ERROR ratis.XceiverServerRatis (XceiverServerRatis.java:triggerPipelineClose(575)) - pipeline Action CLOSE  on pipeline PipelineID=8f3f41fd-663e-48bf-b10e-4f90601d4e02.Reason : f1d6cbd0-cc55-4a8c-aff9-0f6c18a578e9 has not seen follower/s befaacb7-99cd-4d87-819a-d941cb77279d for 177368ms 3f36f173-4656-4d5a-831c-b6782f9f5ad2 for 177367ms
2019-09-18 17:29:38,782 [java.util.concurrent.ThreadPoolExecutor$Worker@30c21f86[State = -1, empty queue]] WARN  server.GrpcLogAppender (GrpcLogAppender.java:timeoutAppendRequest(200)) - f1d6cbd0-cc55-4a8c-aff9-0f6c18a578e9@group-4F90601D4E02->3f36f173-4656-4d5a-831c-b6782f9f5ad2-GrpcLogAppender: appendEntries Timeout, request=f1d6cbd0-cc55-4a8c-aff9-0f6c18a578e9->3f36f173-4656-4d5a-831c-b6782f9f5ad2#156-t2, previous=(t:2, i:14), leaderCommit=10, initializing? false, entries: <empty>
2019-09-18 17:29:38,782 [java.util.concurrent.ThreadPoolExecutor$Worker@6cb5db01[State = -1, empty queue]] WARN  server.GrpcLogAppender (GrpcLogAppender.java:timeoutAppendRequest(200)) - f1d6cbd0-cc55-4a8c-aff9-0f6c18a578e9@group-4F90601D4E02->befaacb7-99cd-4d87-819a-d941cb77279d-GrpcLogAppender: appendEntries Timeout, request=f1d6cbd0-cc55-4a8c-aff9-0f6c18a578e9->befaacb7-99cd-4d87-819a-d941cb77279d#156-t2, previous=(t:2, i:14), leaderCommit=10, initializing? false, entries: <empty>
2019-09-18 17:29:39,275 [EventQueue-PipelineActionsForPipelineActionHandler] ERROR pipeline.PipelineActionHandler (PipelineActionHandler.java:onMessage(60)) - Received pipeline action CLOSE for Pipeline[ Id: 8f3f41fd-663e-48bf-b10e-4f90601d4e02, Nodes: 3f36f173-4656-4d5a-831c-b6782f9f5ad2{ip: 192.168.151.122, host: pr-hdds-2121-ltkqc-3926781246, networkLocation: /default-rack, certSerialId: null}f1d6cbd0-cc55-4a8c-aff9-0f6c18a578e9{ip: 192.168.151.122, host: pr-hdds-2121-ltkqc-3926781246, networkLocation: /default-rack, certSerialId: null}befaacb7-99cd-4d87-819a-d941cb77279d{ip: 192.168.151.122, host: pr-hdds-2121-ltkqc-3926781246, networkLocation: /default-rack, certSerialId: null}, Type:RATIS, Factor:THREE, State:CLOSED] from datanode f1d6cbd0-cc55-4a8c-aff9-0f6c18a578e9{ip: 192.168.151.122, host: pr-hdds-2121-ltkqc-3926781246, networkLocation: /default-rack, certSerialId: null}. Reason : f1d6cbd0-cc55-4a8c-aff9-0f6c18a578e9 has not seen follower/s befaacb7-99cd-4d87-819a-d941cb77279d for 177367ms 3f36f173-4656-4d5a-831c-b6782f9f5ad2 for 177367ms
2019-09-18 17:29:39,276 [EventQueue-PipelineActionsForPipelineActionHandler] INFO  pipeline.SCMPipelineManager (SCMPipelineManager.java:finalizeAndDestroyPipeline(311)) - destroying pipeline:Pipeline[ Id: 8f3f41fd-663e-48bf-b10e-4f90601d4e02, Nodes: 3f36f173-4656-4d5a-831c-b6782f9f5ad2{ip: 192.168.151.122, host: pr-hdds-2121-ltkqc-3926781246, networkLocation: /default-rack, certSerialId: null}f1d6cbd0-cc55-4a8c-aff9-0f6c18a578e9{ip: 192.168.151.122, host: pr-hdds-2121-ltkqc-3926781246, networkLocation: /default-rack, certSerialId: null}befaacb7-99cd-4d87-819a-d941cb77279d{ip: 192.168.151.122, host: pr-hdds-2121-ltkqc-3926781246, networkLocation: /default-rack, certSerialId: null}, Type:RATIS, Factor:THREE, State:CLOSED]
2019-09-18 17:29:40,784 [org.apache.ratis.server.impl.LogAppender$AppenderDaemon$$Lambda$488/1062446665@7a4f893] ERROR ratis.XceiverServerRatis (XceiverServerRatis.java:triggerPipelineClose(575)) - pipeline Action CLOSE  on pipeline PipelineID=8f3f41fd-663e-48bf-b10e-4f90601d4e02.Reason : f1d6cbd0-cc55-4a8c-aff9-0f6c18a578e9 has not seen follower/s befaacb7-99cd-4d87-819a-d941cb77279d for 179868ms 3f36f173-4656-4d5a-831c-b6782f9f5ad2 for 179867ms
2019-09-18 17:29:40,784 [org.apache.ratis.server.impl.LogAppender$AppenderDaemon$$Lambda$488/1062446665@6563e69e] ERROR ratis.XceiverServerRatis (XceiverServerRatis.java:triggerPipelineClose(575)) - pipeline Action CLOSE  on pipeline PipelineID=8f3f41fd-663e-48bf-b10e-4f90601d4e02.Reason : f1d6cbd0-cc55-4a8c-aff9-0f6c18a578e9 has not seen follower/s befaacb7-99cd-4d87-819a-d941cb77279d for 179868ms 3f36f173-4656-4d5a-831c-b6782f9f5ad2 for 179868ms
2019-09-18 17:29:41,175 [befaacb7-99cd-4d87-819a-d941cb77279d@group-4F90601D4E02-SegmentedRaftLogWorker] WARN  segmented.SegmentedRaftLogWorker (SegmentedRaftLogWorker.java:getFromFuture(90)) - Timeout 17/~
org.apache.ratis.protocol.TimeoutIOException: Timeout 10s: WriteLog:12: (t:2, i:12), STATEMACHINELOGENTRY, client-D63B3F3BC33D, cid=33-writeStateMachineData
	at org.apache.ratis.util.IOUtils.getFromFuture(IOUtils.java:87)
	at org.apache.ratis.server.raftlog.segmented.SegmentedRaftLogWorker$StateMachineDataPolicy.getFromFuture(SegmentedRaftLogWorker.java:87)
	at org.apache.ratis.server.raftlog.segmented.SegmentedRaftLogWorker$WriteLog.execute(SegmentedRaftLogWorker.java:477)
	at org.apache.ratis.server.raftlog.segmented.SegmentedRaftLogWorker.run(SegmentedRaftLogWorker.java:289)
	at java.lang.Thread.run(Thread.java:748)
Caused by: java.util.concurrent.TimeoutException
	at java.util.concurrent.CompletableFuture.timedGet(CompletableFuture.java:1771)
	at java.util.concurrent.CompletableFuture.get(CompletableFuture.java:1915)
	at org.apache.ratis.util.IOUtils.getFromFuture(IOUtils.java:79)
	... 4 more
2019-09-18 17:29:41,207 [f1d6cbd0-cc55-4a8c-aff9-0f6c18a578e9@group-4F90601D4E02-SegmentedRaftLogWorker] WARN  segmented.SegmentedRaftLogWorker (SegmentedRaftLogWorker.java:getFromFuture(90)) - Timeout 17/~
org.apache.ratis.protocol.TimeoutIOException: Timeout 10s: WriteLog:12: (t:2, i:12), STATEMACHINELOGENTRY, client-D63B3F3BC33D, cid=33-writeStateMachineData
	at org.apache.ratis.util.IOUtils.getFromFuture(IOUtils.java:87)
	at org.apache.ratis.server.raftlog.segmented.SegmentedRaftLogWorker$StateMachineDataPolicy.getFromFuture(SegmentedRaftLogWorker.java:87)
	at org.apache.ratis.server.raftlog.segmented.SegmentedRaftLogWorker$WriteLog.execute(SegmentedRaftLogWorker.java:477)
	at org.apache.ratis.server.raftlog.segmented.SegmentedRaftLogWorker.run(SegmentedRaftLogWorker.java:289)
	at java.lang.Thread.run(Thread.java:748)
Caused by: java.util.concurrent.TimeoutException
	at java.util.concurrent.CompletableFuture.timedGet(CompletableFuture.java:1771)
	at java.util.concurrent.CompletableFuture.get(CompletableFuture.java:1915)
	at org.apache.ratis.util.IOUtils.getFromFuture(IOUtils.java:79)
	... 4 more
2019-09-18 17:29:41,207 [3f36f173-4656-4d5a-831c-b6782f9f5ad2@group-4F90601D4E02-SegmentedRaftLogWorker] WARN  segmented.SegmentedRaftLogWorker (SegmentedRaftLogWorker.java:getFromFuture(90)) - Timeout 17/~
org.apache.ratis.protocol.TimeoutIOException: Timeout 10s: WriteLog:12: (t:2, i:12), STATEMACHINELOGENTRY, client-D63B3F3BC33D, cid=33-writeStateMachineData
	at org.apache.ratis.util.IOUtils.getFromFuture(IOUtils.java:87)
	at org.apache.ratis.server.raftlog.segmented.SegmentedRaftLogWorker$StateMachineDataPolicy.getFromFuture(SegmentedRaftLogWorker.java:87)
	at org.apache.ratis.server.raftlog.segmented.SegmentedRaftLogWorker$WriteLog.execute(SegmentedRaftLogWorker.java:477)
	at org.apache.ratis.server.raftlog.segmented.SegmentedRaftLogWorker.run(SegmentedRaftLogWorker.java:289)
	at java.lang.Thread.run(Thread.java:748)
Caused by: java.util.concurrent.TimeoutException
	at java.util.concurrent.CompletableFuture.timedGet(CompletableFuture.java:1771)
	at java.util.concurrent.CompletableFuture.get(CompletableFuture.java:1915)
	at org.apache.ratis.util.IOUtils.getFromFuture(IOUtils.java:79)
	... 4 more
2019-09-18 17:29:41,276 [EventQueue-PipelineActionsForPipelineActionHandler] ERROR pipeline.PipelineActionHandler (PipelineActionHandler.java:onMessage(60)) - Received pipeline action CLOSE for Pipeline[ Id: 8f3f41fd-663e-48bf-b10e-4f90601d4e02, Nodes: 3f36f173-4656-4d5a-831c-b6782f9f5ad2{ip: 192.168.151.122, host: pr-hdds-2121-ltkqc-3926781246, networkLocation: /default-rack, certSerialId: null}f1d6cbd0-cc55-4a8c-aff9-0f6c18a578e9{ip: 192.168.151.122, host: pr-hdds-2121-ltkqc-3926781246, networkLocation: /default-rack, certSerialId: null}befaacb7-99cd-4d87-819a-d941cb77279d{ip: 192.168.151.122, host: pr-hdds-2121-ltkqc-3926781246, networkLocation: /default-rack, certSerialId: null}, Type:RATIS, Factor:THREE, State:CLOSED] from datanode f1d6cbd0-cc55-4a8c-aff9-0f6c18a578e9{ip: 192.168.151.122, host: pr-hdds-2121-ltkqc-3926781246, networkLocation: /default-rack, certSerialId: null}. Reason : f1d6cbd0-cc55-4a8c-aff9-0f6c18a578e9 has not seen follower/s befaacb7-99cd-4d87-819a-d941cb77279d for 179868ms 3f36f173-4656-4d5a-831c-b6782f9f5ad2 for 179867ms
2019-09-18 17:29:41,276 [EventQueue-PipelineActionsForPipelineActionHandler] INFO  pipeline.SCMPipelineManager (SCMPipelineManager.java:finalizeAndDestroyPipeline(311)) - destroying pipeline:Pipeline[ Id: 8f3f41fd-663e-48bf-b10e-4f90601d4e02, Nodes: 3f36f173-4656-4d5a-831c-b6782f9f5ad2{ip: 192.168.151.122, host: pr-hdds-2121-ltkqc-3926781246, networkLocation: /default-rack, certSerialId: null}f1d6cbd0-cc55-4a8c-aff9-0f6c18a578e9{ip: 192.168.151.122, host: pr-hdds-2121-ltkqc-3926781246, networkLocation: /default-rack, certSerialId: null}befaacb7-99cd-4d87-819a-d941cb77279d{ip: 192.168.151.122, host: pr-hdds-2121-ltkqc-3926781246, networkLocation: /default-rack, certSerialId: null}, Type:RATIS, Factor:THREE, State:CLOSED]
2019-09-18 17:29:41,283 [java.util.concurrent.ThreadPoolExecutor$Worker@30c21f86[State = -1, empty queue]] WARN  server.GrpcLogAppender (GrpcLogAppender.java:timeoutAppendRequest(200)) - f1d6cbd0-cc55-4a8c-aff9-0f6c18a578e9@group-4F90601D4E02->3f36f173-4656-4d5a-831c-b6782f9f5ad2-GrpcLogAppender: appendEntries Timeout, request=f1d6cbd0-cc55-4a8c-aff9-0f6c18a578e9->3f36f173-4656-4d5a-831c-b6782f9f5ad2#157-t2, previous=(t:2, i:14), leaderCommit=10, initializing? false, entries: <empty>
2019-09-18 17:29:41,283 [java.util.concurrent.ThreadPoolExecutor$Worker@6cb5db01[State = -1, empty queue]] WARN  server.GrpcLogAppender (GrpcLogAppender.java:timeoutAppendRequest(200)) - f1d6cbd0-cc55-4a8c-aff9-0f6c18a578e9@group-4F90601D4E02->befaacb7-99cd-4d87-819a-d941cb77279d-GrpcLogAppender: appendEntries Timeout, request=f1d6cbd0-cc55-4a8c-aff9-0f6c18a578e9->befaacb7-99cd-4d87-819a-d941cb77279d#157-t2, previous=(t:2, i:14), leaderCommit=10, initializing? false, entries: <empty>
2019-09-18 17:29:42,493 [grpc-default-executor-7] INFO  client.GrpcClientProtocolClient (GrpcClientProtocolClient.java:onNext(264)) - client-D63B3F3BC33D->3f36f173-4656-4d5a-831c-b6782f9f5ad2: receive RaftClientReply:client-D63B3F3BC33D->3f36f173-4656-4d5a-831c-b6782f9f5ad2@group-4F90601D4E02, cid=32, FAILED org.apache.ratis.protocol.NotLeaderException: Server 3f36f173-4656-4d5a-831c-b6782f9f5ad2@group-4F90601D4E02 is not the leader f1d6cbd0-cc55-4a8c-aff9-0f6c18a578e9:192.168.151.122:38812, logIndex=0, commits[3f36f173-4656-4d5a-831c-b6782f9f5ad2:c10, f1d6cbd0-cc55-4a8c-aff9-0f6c18a578e9:c10, befaacb7-99cd-4d87-819a-d941cb77279d:c6]
2019-09-18 17:29:43,285 [org.apache.ratis.server.impl.LogAppender$AppenderDaemon$$Lambda$488/1062446665@7a4f893] ERROR ratis.XceiverServerRatis (XceiverServerRatis.java:triggerPipelineClose(575)) - pipeline Action CLOSE  on pipeline PipelineID=8f3f41fd-663e-48bf-b10e-4f90601d4e02.Reason : f1d6cbd0-cc55-4a8c-aff9-0f6c18a578e9 has not seen follower/s befaacb7-99cd-4d87-819a-d941cb77279d for 182369ms 3f36f173-4656-4d5a-831c-b6782f9f5ad2 for 182369ms
2019-09-18 17:29:43,285 [org.apache.ratis.server.impl.LogAppender$AppenderDaemon$$Lambda$488/1062446665@6563e69e] ERROR ratis.XceiverServerRatis (XceiverServerRatis.java:triggerPipelineClose(575)) - pipeline Action CLOSE  on pipeline PipelineID=8f3f41fd-663e-48bf-b10e-4f90601d4e02.Reason : f1d6cbd0-cc55-4a8c-aff9-0f6c18a578e9 has not seen follower/s befaacb7-99cd-4d87-819a-d941cb77279d for 182369ms 3f36f173-4656-4d5a-831c-b6782f9f5ad2 for 182369ms
2019-09-18 17:29:43,784 [java.util.concurrent.ThreadPoolExecutor$Worker@30c21f86[State = -1, empty queue]] WARN  server.GrpcLogAppender (GrpcLogAppender.java:timeoutAppendRequest(200)) - f1d6cbd0-cc55-4a8c-aff9-0f6c18a578e9@group-4F90601D4E02->3f36f173-4656-4d5a-831c-b6782f9f5ad2-GrpcLogAppender: appendEntries Timeout, request=f1d6cbd0-cc55-4a8c-aff9-0f6c18a578e9->3f36f173-4656-4d5a-831c-b6782f9f5ad2#158-t2, previous=(t:2, i:14), leaderCommit=10, initializing? false, entries: <empty>
2019-09-18 17:29:43,784 [java.util.concurrent.ThreadPoolExecutor$Worker@6cb5db01[State = -1, empty queue]] WARN  server.GrpcLogAppender (GrpcLogAppender.java:timeoutAppendRequest(200)) - f1d6cbd0-cc55-4a8c-aff9-0f6c18a578e9@group-4F90601D4E02->befaacb7-99cd-4d87-819a-d941cb77279d-GrpcLogAppender: appendEntries Timeout, request=f1d6cbd0-cc55-4a8c-aff9-0f6c18a578e9->befaacb7-99cd-4d87-819a-d941cb77279d#158-t2, previous=(t:2, i:14), leaderCommit=10, initializing? false, entries: <empty>
2019-09-18 17:29:44,278 [EventQueue-PipelineActionsForPipelineActionHandler] ERROR pipeline.PipelineActionHandler (PipelineActionHandler.java:onMessage(60)) - Received pipeline action CLOSE for Pipeline[ Id: 8f3f41fd-663e-48bf-b10e-4f90601d4e02, Nodes: 3f36f173-4656-4d5a-831c-b6782f9f5ad2{ip: 192.168.151.122, host: pr-hdds-2121-ltkqc-3926781246, networkLocation: /default-rack, certSerialId: null}f1d6cbd0-cc55-4a8c-aff9-0f6c18a578e9{ip: 192.168.151.122, host: pr-hdds-2121-ltkqc-3926781246, networkLocation: /default-rack, certSerialId: null}befaacb7-99cd-4d87-819a-d941cb77279d{ip: 192.168.151.122, host: pr-hdds-2121-ltkqc-3926781246, networkLocation: /default-rack, certSerialId: null}, Type:RATIS, Factor:THREE, State:CLOSED] from datanode f1d6cbd0-cc55-4a8c-aff9-0f6c18a578e9{ip: 192.168.151.122, host: pr-hdds-2121-ltkqc-3926781246, networkLocation: /default-rack, certSerialId: null}. Reason : f1d6cbd0-cc55-4a8c-aff9-0f6c18a578e9 has not seen follower/s befaacb7-99cd-4d87-819a-d941cb77279d for 182369ms 3f36f173-4656-4d5a-831c-b6782f9f5ad2 for 182369ms
2019-09-18 17:29:44,278 [EventQueue-PipelineActionsForPipelineActionHandler] INFO  pipeline.SCMPipelineManager (SCMPipelineManager.java:finalizeAndDestroyPipeline(311)) - destroying pipeline:Pipeline[ Id: 8f3f41fd-663e-48bf-b10e-4f90601d4e02, Nodes: 3f36f173-4656-4d5a-831c-b6782f9f5ad2{ip: 192.168.151.122, host: pr-hdds-2121-ltkqc-3926781246, networkLocation: /default-rack, certSerialId: null}f1d6cbd0-cc55-4a8c-aff9-0f6c18a578e9{ip: 192.168.151.122, host: pr-hdds-2121-ltkqc-3926781246, networkLocation: /default-rack, certSerialId: null}befaacb7-99cd-4d87-819a-d941cb77279d{ip: 192.168.151.122, host: pr-hdds-2121-ltkqc-3926781246, networkLocation: /default-rack, certSerialId: null}, Type:RATIS, Factor:THREE, State:CLOSED]
2019-09-18 17:29:45,786 [org.apache.ratis.server.impl.LogAppender$AppenderDaemon$$Lambda$488/1062446665@6563e69e] ERROR ratis.XceiverServerRatis (XceiverServerRatis.java:triggerPipelineClose(575)) - pipeline Action CLOSE  on pipeline PipelineID=8f3f41fd-663e-48bf-b10e-4f90601d4e02.Reason : f1d6cbd0-cc55-4a8c-aff9-0f6c18a578e9 has not seen follower/s befaacb7-99cd-4d87-819a-d941cb77279d for 184870ms 3f36f173-4656-4d5a-831c-b6782f9f5ad2 for 184870ms
2019-09-18 17:29:45,786 [org.apache.ratis.server.impl.LogAppender$AppenderDaemon$$Lambda$488/1062446665@7a4f893] ERROR ratis.XceiverServerRatis (XceiverServerRatis.java:triggerPipelineClose(575)) - pipeline Action CLOSE  on pipeline PipelineID=8f3f41fd-663e-48bf-b10e-4f90601d4e02.Reason : f1d6cbd0-cc55-4a8c-aff9-0f6c18a578e9 has not seen follower/s befaacb7-99cd-4d87-819a-d941cb77279d for 184870ms 3f36f173-4656-4d5a-831c-b6782f9f5ad2 for 184870ms
2019-09-18 17:29:46,277 [EventQueue-PipelineActionsForPipelineActionHandler] ERROR pipeline.PipelineActionHandler (PipelineActionHandler.java:onMessage(60)) - Received pipeline action CLOSE for Pipeline[ Id: 8f3f41fd-663e-48bf-b10e-4f90601d4e02, Nodes: 3f36f173-4656-4d5a-831c-b6782f9f5ad2{ip: 192.168.151.122, host: pr-hdds-2121-ltkqc-3926781246, networkLocation: /default-rack, certSerialId: null}f1d6cbd0-cc55-4a8c-aff9-0f6c18a578e9{ip: 192.168.151.122, host: pr-hdds-2121-ltkqc-3926781246, networkLocation: /default-rack, certSerialId: null}befaacb7-99cd-4d87-819a-d941cb77279d{ip: 192.168.151.122, host: pr-hdds-2121-ltkqc-3926781246, networkLocation: /default-rack, certSerialId: null}, Type:RATIS, Factor:THREE, State:CLOSED] from datanode f1d6cbd0-cc55-4a8c-aff9-0f6c18a578e9{ip: 192.168.151.122, host: pr-hdds-2121-ltkqc-3926781246, networkLocation: /default-rack, certSerialId: null}. Reason : f1d6cbd0-cc55-4a8c-aff9-0f6c18a578e9 has not seen follower/s befaacb7-99cd-4d87-819a-d941cb77279d for 184870ms 3f36f173-4656-4d5a-831c-b6782f9f5ad2 for 184870ms
2019-09-18 17:29:46,277 [EventQueue-PipelineActionsForPipelineActionHandler] INFO  pipeline.SCMPipelineManager (SCMPipelineManager.java:finalizeAndDestroyPipeline(311)) - destroying pipeline:Pipeline[ Id: 8f3f41fd-663e-48bf-b10e-4f90601d4e02, Nodes: 3f36f173-4656-4d5a-831c-b6782f9f5ad2{ip: 192.168.151.122, host: pr-hdds-2121-ltkqc-3926781246, networkLocation: /default-rack, certSerialId: null}f1d6cbd0-cc55-4a8c-aff9-0f6c18a578e9{ip: 192.168.151.122, host: pr-hdds-2121-ltkqc-3926781246, networkLocation: /default-rack, certSerialId: null}befaacb7-99cd-4d87-819a-d941cb77279d{ip: 192.168.151.122, host: pr-hdds-2121-ltkqc-3926781246, networkLocation: /default-rack, certSerialId: null}, Type:RATIS, Factor:THREE, State:CLOSED]
2019-09-18 17:29:46,285 [java.util.concurrent.ThreadPoolExecutor$Worker@30c21f86[State = -1, empty queue]] WARN  server.GrpcLogAppender (GrpcLogAppender.java:timeoutAppendRequest(200)) - f1d6cbd0-cc55-4a8c-aff9-0f6c18a578e9@group-4F90601D4E02->3f36f173-4656-4d5a-831c-b6782f9f5ad2-GrpcLogAppender: appendEntries Timeout, request=f1d6cbd0-cc55-4a8c-aff9-0f6c18a578e9->3f36f173-4656-4d5a-831c-b6782f9f5ad2#159-t2, previous=(t:2, i:14), leaderCommit=10, initializing? false, entries: <empty>
2019-09-18 17:29:46,285 [java.util.concurrent.ThreadPoolExecutor$Worker@6cb5db01[State = -1, empty queue]] WARN  server.GrpcLogAppender (GrpcLogAppender.java:timeoutAppendRequest(200)) - f1d6cbd0-cc55-4a8c-aff9-0f6c18a578e9@group-4F90601D4E02->befaacb7-99cd-4d87-819a-d941cb77279d-GrpcLogAppender: appendEntries Timeout, request=f1d6cbd0-cc55-4a8c-aff9-0f6c18a578e9->befaacb7-99cd-4d87-819a-d941cb77279d#159-t2, previous=(t:2, i:14), leaderCommit=10, initializing? false, entries: <empty>
2019-09-18 17:29:47,266 [grpc-default-executor-6] INFO  impl.RaftServerProxy (RaftServerProxy.java:remove(95)) - 3f36f173-4656-4d5a-831c-b6782f9f5ad2: remove  FOLLOWER 3f36f173-4656-4d5a-831c-b6782f9f5ad2@group-4F90601D4E02:t2, leader=f1d6cbd0-cc55-4a8c-aff9-0f6c18a578e9, voted=f1d6cbd0-cc55-4a8c-aff9-0f6c18a578e9, raftlog=3f36f173-4656-4d5a-831c-b6782f9f5ad2@group-4F90601D4E02-SegmentedRaftLog:OPENED:c10,f10,i14, conf=0: [f1d6cbd0-cc55-4a8c-aff9-0f6c18a578e9:192.168.151.122:38812, befaacb7-99cd-4d87-819a-d941cb77279d:192.168.151.122:44171, 3f36f173-4656-4d5a-831c-b6782f9f5ad2:192.168.151.122:40451], old=null RUNNING
2019-09-18 17:29:47,267 [grpc-default-executor-6] INFO  impl.RaftServerImpl (RaftServerImpl.java:lambda$shutdown$3(251)) - 3f36f173-4656-4d5a-831c-b6782f9f5ad2@group-4F90601D4E02: shutdown
2019-09-18 17:29:47,267 [grpc-default-executor-6] INFO  util.JmxRegister (JmxRegister.java:unregister(73)) - Successfully un-registered JMX Bean with object name Ratis:service=RaftServer,group=group-4F90601D4E02,id=3f36f173-4656-4d5a-831c-b6782f9f5ad2
2019-09-18 17:29:47,268 [grpc-default-executor-6] INFO  impl.RoleInfo (RoleInfo.java:shutdownFollowerState(121)) - 3f36f173-4656-4d5a-831c-b6782f9f5ad2: shutdown FollowerState
2019-09-18 17:29:47,268 [grpc-default-executor-6] INFO  impl.StateMachineUpdater (StateMachineUpdater.java:stopAndJoin(125)) - 3f36f173-4656-4d5a-831c-b6782f9f5ad2@group-4F90601D4E02-StateMachineUpdater: set stopIndex = 10
2019-09-18 17:29:47,268 [Thread-362] INFO  impl.FollowerState (FollowerState.java:run(115)) - 3f36f173-4656-4d5a-831c-b6782f9f5ad2: FollowerState was interrupted: java.lang.InterruptedException: sleep interrupted
2019-09-18 17:29:47,268 [3f36f173-4656-4d5a-831c-b6782f9f5ad2@group-4F90601D4E02-StateMachineUpdater] INFO  ratis.ContainerStateMachine (ContainerStateMachine.java:takeSnapshot(289)) - group-4F90601D4E02: Taking a snapshot at:(t:2, i:6) file /workdir/hadoop-ozone/integration-test/target/test-dir/MiniOzoneClusterImpl-b34fcd95-ddd9-49f6-9e80-ffea83eaa9ea/datanode-3/data/ratis/8f3f41fd-663e-48bf-b10e-4f90601d4e02/sm/snapshot.2_6
2019-09-18 17:29:47,282 [3f36f173-4656-4d5a-831c-b6782f9f5ad2@group-4F90601D4E02-StateMachineUpdater] INFO  ratis.ContainerStateMachine (ContainerStateMachine.java:takeSnapshot(300)) - group-4F90601D4E02: Finished taking a snapshot at:(t:2, i:6) file:/workdir/hadoop-ozone/integration-test/target/test-dir/MiniOzoneClusterImpl-b34fcd95-ddd9-49f6-9e80-ffea83eaa9ea/datanode-3/data/ratis/8f3f41fd-663e-48bf-b10e-4f90601d4e02/sm/snapshot.2_6 time:13
2019-09-18 17:29:47,283 [3f36f173-4656-4d5a-831c-b6782f9f5ad2@group-4F90601D4E02-StateMachineUpdater] INFO  impl.StateMachineUpdater (StateMachineUpdater.java:takeSnapshot(258)) - 3f36f173-4656-4d5a-831c-b6782f9f5ad2@group-4F90601D4E02-StateMachineUpdater: Took a snapshot at index 6
2019-09-18 17:29:47,283 [3f36f173-4656-4d5a-831c-b6782f9f5ad2@group-4F90601D4E02-StateMachineUpdater] INFO  impl.StateMachineUpdater (StateMachineUpdater.java:lambda$new$0(83)) - 3f36f173-4656-4d5a-831c-b6782f9f5ad2@group-4F90601D4E02-StateMachineUpdater: snapshotIndex: updateIncreasingly -1 -> 6
2019-09-18 17:29:47,284 [3f36f173-4656-4d5a-831c-b6782f9f5ad2@group-4F90601D4E02-StateMachineUpdater] INFO  ratis.ContainerStateMachine (ContainerStateMachine.java:takeSnapshot(289)) - group-4F90601D4E02: Taking a snapshot at:(t:2, i:6) file /workdir/hadoop-ozone/integration-test/target/test-dir/MiniOzoneClusterImpl-b34fcd95-ddd9-49f6-9e80-ffea83eaa9ea/datanode-3/data/ratis/8f3f41fd-663e-48bf-b10e-4f90601d4e02/sm/snapshot.2_6
2019-09-18 17:29:47,296 [3f36f173-4656-4d5a-831c-b6782f9f5ad2@group-4F90601D4E02-StateMachineUpdater] INFO  ratis.ContainerStateMachine (ContainerStateMachine.java:takeSnapshot(300)) - group-4F90601D4E02: Finished taking a snapshot at:(t:2, i:6) file:/workdir/hadoop-ozone/integration-test/target/test-dir/MiniOzoneClusterImpl-b34fcd95-ddd9-49f6-9e80-ffea83eaa9ea/datanode-3/data/ratis/8f3f41fd-663e-48bf-b10e-4f90601d4e02/sm/snapshot.2_6 time:12
2019-09-18 17:29:47,296 [3f36f173-4656-4d5a-831c-b6782f9f5ad2@group-4F90601D4E02-StateMachineUpdater] INFO  impl.StateMachineUpdater (StateMachineUpdater.java:takeSnapshot(258)) - 3f36f173-4656-4d5a-831c-b6782f9f5ad2@group-4F90601D4E02-StateMachineUpdater: Took a snapshot at index 6
2019-09-18 17:29:47,296 [3f36f173-4656-4d5a-831c-b6782f9f5ad2@group-4F90601D4E02-StateMachineUpdater] INFO  impl.StateMachineUpdater (StateMachineUpdater.java:lambda$new$0(83)) - 3f36f173-4656-4d5a-831c-b6782f9f5ad2@group-4F90601D4E02-StateMachineUpdater: snapshotIndex: updateIncreasingly 6 -> 6
2019-09-18 17:29:47,297 [grpc-default-executor-6] INFO  impl.RaftServerImpl (ServerState.java:close(385)) - 3f36f173-4656-4d5a-831c-b6782f9f5ad2@group-4F90601D4E02: closes. applyIndex: 10
2019-09-18 17:29:47,302 [3f36f173-4656-4d5a-831c-b6782f9f5ad2@group-4F90601D4E02-SegmentedRaftLogWorker] ERROR ratis.XceiverServerRatis (XceiverServerRatis.java:triggerPipelineClose(575)) - pipeline Action CLOSE  on pipeline PipelineID=8f3f41fd-663e-48bf-b10e-4f90601d4e02.Reason : WriteLog:12: (t:2, i:12), STATEMACHINELOGENTRY, client-D63B3F3BC33D, cid=33-writeStateMachineData interrupted.
2019-09-18 17:29:47,305 [EventQueue-PipelineActionsForPipelineActionHandler] ERROR pipeline.PipelineActionHandler (PipelineActionHandler.java:onMessage(60)) - Received pipeline action CLOSE for Pipeline[ Id: 8f3f41fd-663e-48bf-b10e-4f90601d4e02, Nodes: 3f36f173-4656-4d5a-831c-b6782f9f5ad2{ip: 192.168.151.122, host: pr-hdds-2121-ltkqc-3926781246, networkLocation: /default-rack, certSerialId: null}f1d6cbd0-cc55-4a8c-aff9-0f6c18a578e9{ip: 192.168.151.122, host: pr-hdds-2121-ltkqc-3926781246, networkLocation: /default-rack, certSerialId: null}befaacb7-99cd-4d87-819a-d941cb77279d{ip: 192.168.151.122, host: pr-hdds-2121-ltkqc-3926781246, networkLocation: /default-rack, certSerialId: null}, Type:RATIS, Factor:THREE, State:CLOSED] from datanode 3f36f173-4656-4d5a-831c-b6782f9f5ad2{ip: 192.168.151.122, host: pr-hdds-2121-ltkqc-3926781246, networkLocation: /default-rack, certSerialId: null}. Reason : WriteLog:12: (t:2, i:12), STATEMACHINELOGENTRY, client-D63B3F3BC33D, cid=33-writeStateMachineData interrupted.
2019-09-18 17:29:47,305 [EventQueue-PipelineActionsForPipelineActionHandler] INFO  pipeline.SCMPipelineManager (SCMPipelineManager.java:finalizeAndDestroyPipeline(311)) - destroying pipeline:Pipeline[ Id: 8f3f41fd-663e-48bf-b10e-4f90601d4e02, Nodes: 3f36f173-4656-4d5a-831c-b6782f9f5ad2{ip: 192.168.151.122, host: pr-hdds-2121-ltkqc-3926781246, networkLocation: /default-rack, certSerialId: null}f1d6cbd0-cc55-4a8c-aff9-0f6c18a578e9{ip: 192.168.151.122, host: pr-hdds-2121-ltkqc-3926781246, networkLocation: /default-rack, certSerialId: null}befaacb7-99cd-4d87-819a-d941cb77279d{ip: 192.168.151.122, host: pr-hdds-2121-ltkqc-3926781246, networkLocation: /default-rack, certSerialId: null}, Type:RATIS, Factor:THREE, State:CLOSED]
2019-09-18 17:29:47,315 [grpc-default-executor-6] INFO  segmented.SegmentedRaftLogWorker (SegmentedRaftLogWorker.java:close(228)) - 3f36f173-4656-4d5a-831c-b6782f9f5ad2@group-4F90601D4E02-SegmentedRaftLogWorker close()
2019-09-18 17:29:47,332 [grpc-default-executor-6] INFO  interfaces.Container (KeyValueContainer.java:flushAndSyncDB(386)) - Container 3 is synced with bcsId 6.
2019-09-18 17:29:47,332 [grpc-default-executor-6] INFO  interfaces.Container (KeyValueContainer.java:flushAndSyncDB(386)) - Container 3 is synced with bcsId 6.
2019-09-18 17:29:47,349 [EventQueue-IncrementalContainerReportForIncrementalContainerReportHandler] INFO  container.IncrementalContainerReportHandler (AbstractContainerReportHandler.java:updateContainerState(169)) - Moving container #3 to QUASI_CLOSED state, datanode 3f36f173-4656-4d5a-831c-b6782f9f5ad2{ip: 192.168.151.122, host: pr-hdds-2121-ltkqc-3926781246, networkLocation: /default-rack, certSerialId: null} reported QUASI_CLOSED replica.
2019-09-18 17:29:47,368 [grpc-default-executor-6] INFO  interfaces.Container (KeyValueContainer.java:flushAndSyncDB(386)) - Container 4 is synced with bcsId 0.
2019-09-18 17:29:47,368 [grpc-default-executor-6] INFO  interfaces.Container (KeyValueContainer.java:flushAndSyncDB(386)) - Container 4 is synced with bcsId 0.
2019-09-18 17:29:47,373 [EventQueue-IncrementalContainerReportForIncrementalContainerReportHandler] INFO  container.IncrementalContainerReportHandler (AbstractContainerReportHandler.java:updateContainerState(169)) - Moving container #4 to QUASI_CLOSED state, datanode 3f36f173-4656-4d5a-831c-b6782f9f5ad2{ip: 192.168.151.122, host: pr-hdds-2121-ltkqc-3926781246, networkLocation: /default-rack, certSerialId: null} reported QUASI_CLOSED replica.
2019-09-18 17:29:47,378 [grpc-default-executor-6] INFO  impl.RaftServerProxy (RaftServerProxy.java:remove(95)) - f1d6cbd0-cc55-4a8c-aff9-0f6c18a578e9: remove    LEADER f1d6cbd0-cc55-4a8c-aff9-0f6c18a578e9@group-4F90601D4E02:t2, leader=f1d6cbd0-cc55-4a8c-aff9-0f6c18a578e9, voted=f1d6cbd0-cc55-4a8c-aff9-0f6c18a578e9, raftlog=f1d6cbd0-cc55-4a8c-aff9-0f6c18a578e9@group-4F90601D4E02-SegmentedRaftLog:OPENED:c10,f10,i14, conf=0: [f1d6cbd0-cc55-4a8c-aff9-0f6c18a578e9:192.168.151.122:38812, befaacb7-99cd-4d87-819a-d941cb77279d:192.168.151.122:44171, 3f36f173-4656-4d5a-831c-b6782f9f5ad2:192.168.151.122:40451], old=null RUNNING
2019-09-18 17:29:47,378 [grpc-default-executor-6] INFO  impl.RaftServerImpl (RaftServerImpl.java:lambda$shutdown$3(251)) - f1d6cbd0-cc55-4a8c-aff9-0f6c18a578e9@group-4F90601D4E02: shutdown
2019-09-18 17:29:47,378 [grpc-default-executor-6] INFO  util.JmxRegister (JmxRegister.java:unregister(73)) - Successfully un-registered JMX Bean with object name Ratis:service=RaftServer,group=group-4F90601D4E02,id=f1d6cbd0-cc55-4a8c-aff9-0f6c18a578e9
2019-09-18 17:29:47,379 [grpc-default-executor-6] INFO  impl.RoleInfo (RoleInfo.java:shutdownLeaderState(104)) - f1d6cbd0-cc55-4a8c-aff9-0f6c18a578e9: shutdown LeaderState
2019-09-18 17:29:47,383 [org.apache.ratis.server.impl.LogAppender$AppenderDaemon$$Lambda$488/1062446665@6563e69e] WARN  server.GrpcLogAppender (GrpcLogAppender.java:mayWait(143)) - f1d6cbd0-cc55-4a8c-aff9-0f6c18a578e9@group-4F90601D4E02->befaacb7-99cd-4d87-819a-d941cb77279d-GrpcLogAppender: Wait interrupted by java.lang.InterruptedException
2019-09-18 17:29:47,383 [org.apache.ratis.server.impl.LogAppender$AppenderDaemon$$Lambda$488/1062446665@7a4f893] WARN  server.GrpcLogAppender (GrpcLogAppender.java:mayWait(143)) - f1d6cbd0-cc55-4a8c-aff9-0f6c18a578e9@group-4F90601D4E02->3f36f173-4656-4d5a-831c-b6782f9f5ad2-GrpcLogAppender: Wait interrupted by java.lang.InterruptedException
2019-09-18 17:29:47,383 [grpc-default-executor-6] INFO  impl.PendingRequests (PendingRequests.java:sendNotLeaderResponses(202)) - f1d6cbd0-cc55-4a8c-aff9-0f6c18a578e9-PendingRequests: sendNotLeaderResponses
2019-09-18 17:29:47,383 [grpc-default-executor-7] INFO  server.GrpcServerProtocolService (GrpcServerProtocolService.java:onCompleted(113)) - 3f36f173-4656-4d5a-831c-b6782f9f5ad2: Completed APPEND_ENTRIES, lastRequest: f1d6cbd0-cc55-4a8c-aff9-0f6c18a578e9->3f36f173-4656-4d5a-831c-b6782f9f5ad2#160-t2, previous=(t:2, i:14), leaderCommit=10, initializing? false, entries: <empty>
2019-09-18 17:29:47,383 [grpc-default-executor-9] INFO  server.GrpcServerProtocolService (GrpcServerProtocolService.java:onCompleted(113)) - befaacb7-99cd-4d87-819a-d941cb77279d: Completed APPEND_ENTRIES, lastRequest: f1d6cbd0-cc55-4a8c-aff9-0f6c18a578e9->befaacb7-99cd-4d87-819a-d941cb77279d#160-t2, previous=(t:2, i:14), leaderCommit=10, initializing? false, entries: <empty>
2019-09-18 17:29:47,384 [grpc-default-executor-7] INFO  server.GrpcLogAppender (GrpcLogAppender.java:onCompleted(293)) - f1d6cbd0-cc55-4a8c-aff9-0f6c18a578e9@group-4F90601D4E02->3f36f173-4656-4d5a-831c-b6782f9f5ad2-AppendLogResponseHandler: follower responses appendEntries COMPLETED
2019-09-18 17:29:47,388 [f1d6cbd0-cc55-4a8c-aff9-0f6c18a578e9@group-4F90601D4E02-StateMachineUpdater] INFO  ratis.ContainerStateMachine (ContainerStateMachine.java:takeSnapshot(289)) - group-4F90601D4E02: Taking a snapshot at:(t:2, i:10) file /workdir/hadoop-ozone/integration-test/target/test-dir/MiniOzoneClusterImpl-b34fcd95-ddd9-49f6-9e80-ffea83eaa9ea/datanode-1/data/ratis/8f3f41fd-663e-48bf-b10e-4f90601d4e02/sm/snapshot.2_10
2019-09-18 17:29:47,388 [grpc-default-executor-6] INFO  impl.StateMachineUpdater (StateMachineUpdater.java:stopAndJoin(125)) - f1d6cbd0-cc55-4a8c-aff9-0f6c18a578e9@group-4F90601D4E02-StateMachineUpdater: set stopIndex = 10
2019-09-18 17:29:47,388 [grpc-default-executor-9] INFO  server.GrpcLogAppender (GrpcLogAppender.java:onCompleted(293)) - f1d6cbd0-cc55-4a8c-aff9-0f6c18a578e9@group-4F90601D4E02->befaacb7-99cd-4d87-819a-d941cb77279d-AppendLogResponseHandler: follower responses appendEntries COMPLETED
2019-09-18 17:29:47,389 [grpc-default-executor-7] INFO  impl.FollowerInfo (FollowerInfo.java:lambda$new$0(51)) - f1d6cbd0-cc55-4a8c-aff9-0f6c18a578e9@group-4F90601D4E02->3f36f173-4656-4d5a-831c-b6782f9f5ad2: nextIndex: updateUnconditionally 15 -> 11
2019-09-18 17:29:47,389 [grpc-default-executor-9] INFO  impl.FollowerInfo (FollowerInfo.java:lambda$new$0(51)) - f1d6cbd0-cc55-4a8c-aff9-0f6c18a578e9@group-4F90601D4E02->befaacb7-99cd-4d87-819a-d941cb77279d: nextIndex: updateUnconditionally 15 -> 11
2019-09-18 17:29:47,394 [f1d6cbd0-cc55-4a8c-aff9-0f6c18a578e9@group-4F90601D4E02-StateMachineUpdater] INFO  ratis.ContainerStateMachine (ContainerStateMachine.java:takeSnapshot(300)) - group-4F90601D4E02: Finished taking a snapshot at:(t:2, i:10) file:/workdir/hadoop-ozone/integration-test/target/test-dir/MiniOzoneClusterImpl-b34fcd95-ddd9-49f6-9e80-ffea83eaa9ea/datanode-1/data/ratis/8f3f41fd-663e-48bf-b10e-4f90601d4e02/sm/snapshot.2_10 time:5
2019-09-18 17:29:47,394 [f1d6cbd0-cc55-4a8c-aff9-0f6c18a578e9@group-4F90601D4E02-StateMachineUpdater] INFO  impl.StateMachineUpdater (StateMachineUpdater.java:takeSnapshot(258)) - f1d6cbd0-cc55-4a8c-aff9-0f6c18a578e9@group-4F90601D4E02-StateMachineUpdater: Took a snapshot at index 10
2019-09-18 17:29:47,394 [f1d6cbd0-cc55-4a8c-aff9-0f6c18a578e9@group-4F90601D4E02-StateMachineUpdater] INFO  impl.StateMachineUpdater (StateMachineUpdater.java:lambda$new$0(83)) - f1d6cbd0-cc55-4a8c-aff9-0f6c18a578e9@group-4F90601D4E02-StateMachineUpdater: snapshotIndex: updateIncreasingly -1 -> 10
2019-09-18 17:29:47,395 [Command processor thread] ERROR commandhandler.CloseContainerCommandHandler (CloseContainerCommandHandler.java:handle(125)) - Can't close container #4
java.io.IOException: org.apache.ratis.protocol.GroupMismatchException: f1d6cbd0-cc55-4a8c-aff9-0f6c18a578e9: group-4F90601D4E02 not found.
	at org.apache.hadoop.ozone.container.common.transport.server.ratis.XceiverServerRatis.submitRequest(XceiverServerRatis.java:502)
	at org.apache.hadoop.ozone.container.common.statemachine.commandhandler.CloseContainerCommandHandler.handle(CloseContainerCommandHandler.java:102)
	at org.apache.hadoop.ozone.container.common.statemachine.commandhandler.CommandDispatcher.handle(CommandDispatcher.java:99)
	at org.apache.hadoop.ozone.container.common.statemachine.DatanodeStateMachine.lambda$initCommandHandlerThread$1(DatanodeStateMachine.java:432)
	at java.lang.Thread.run(Thread.java:748)
Caused by: java.util.concurrent.ExecutionException: org.apache.ratis.protocol.GroupMismatchException: f1d6cbd0-cc55-4a8c-aff9-0f6c18a578e9: group-4F90601D4E02 not found.
	at java.util.concurrent.CompletableFuture.reportGet(CompletableFuture.java:357)
	at java.util.concurrent.CompletableFuture.get(CompletableFuture.java:1895)
	at org.apache.hadoop.ozone.container.common.transport.server.ratis.XceiverServerRatis.submitRequest(XceiverServerRatis.java:500)
	... 4 more
Caused by: org.apache.ratis.protocol.GroupMismatchException: f1d6cbd0-cc55-4a8c-aff9-0f6c18a578e9: group-4F90601D4E02 not found.
	at org.apache.ratis.server.impl.RaftServerProxy$ImplMap.get(RaftServerProxy.java:122)
	at org.apache.ratis.server.impl.RaftServerProxy.getImplFuture(RaftServerProxy.java:269)
	at org.apache.ratis.server.impl.RaftServerProxy.submitRequest(RaftServerProxy.java:327)
	at org.apache.ratis.server.impl.RaftServerProxy.submitClientRequestAsync(RaftServerProxy.java:333)
	... 5 more
2019-09-18 17:29:47,397 [grpc-default-executor-6] INFO  impl.RaftServerImpl (ServerState.java:close(385)) - f1d6cbd0-cc55-4a8c-aff9-0f6c18a578e9@group-4F90601D4E02: closes. applyIndex: 10
2019-09-18 17:29:47,398 [f1d6cbd0-cc55-4a8c-aff9-0f6c18a578e9@group-4F90601D4E02-SegmentedRaftLogWorker] ERROR ratis.XceiverServerRatis (XceiverServerRatis.java:triggerPipelineClose(575)) - pipeline Action CLOSE  on pipeline PipelineID=8f3f41fd-663e-48bf-b10e-4f90601d4e02.Reason : WriteLog:12: (t:2, i:12), STATEMACHINELOGENTRY, client-D63B3F3BC33D, cid=33-writeStateMachineData interrupted.
2019-09-18 17:29:47,401 [EventQueue-PipelineActionsForPipelineActionHandler] ERROR pipeline.PipelineActionHandler (PipelineActionHandler.java:onMessage(60)) - Received pipeline action CLOSE for Pipeline[ Id: 8f3f41fd-663e-48bf-b10e-4f90601d4e02, Nodes: 3f36f173-4656-4d5a-831c-b6782f9f5ad2{ip: 192.168.151.122, host: pr-hdds-2121-ltkqc-3926781246, networkLocation: /default-rack, certSerialId: null}f1d6cbd0-cc55-4a8c-aff9-0f6c18a578e9{ip: 192.168.151.122, host: pr-hdds-2121-ltkqc-3926781246, networkLocation: /default-rack, certSerialId: null}befaacb7-99cd-4d87-819a-d941cb77279d{ip: 192.168.151.122, host: pr-hdds-2121-ltkqc-3926781246, networkLocation: /default-rack, certSerialId: null}, Type:RATIS, Factor:THREE, State:CLOSED] from datanode f1d6cbd0-cc55-4a8c-aff9-0f6c18a578e9{ip: 192.168.151.122, host: pr-hdds-2121-ltkqc-3926781246, networkLocation: /default-rack, certSerialId: null}. Reason : WriteLog:12: (t:2, i:12), STATEMACHINELOGENTRY, client-D63B3F3BC33D, cid=33-writeStateMachineData interrupted.
2019-09-18 17:29:47,401 [EventQueue-PipelineActionsForPipelineActionHandler] INFO  pipeline.SCMPipelineManager (SCMPipelineManager.java:finalizeAndDestroyPipeline(311)) - destroying pipeline:Pipeline[ Id: 8f3f41fd-663e-48bf-b10e-4f90601d4e02, Nodes: 3f36f173-4656-4d5a-831c-b6782f9f5ad2{ip: 192.168.151.122, host: pr-hdds-2121-ltkqc-3926781246, networkLocation: /default-rack, certSerialId: null}f1d6cbd0-cc55-4a8c-aff9-0f6c18a578e9{ip: 192.168.151.122, host: pr-hdds-2121-ltkqc-3926781246, networkLocation: /default-rack, certSerialId: null}befaacb7-99cd-4d87-819a-d941cb77279d{ip: 192.168.151.122, host: pr-hdds-2121-ltkqc-3926781246, networkLocation: /default-rack, certSerialId: null}, Type:RATIS, Factor:THREE, State:CLOSED]
2019-09-18 17:29:47,402 [grpc-default-executor-6] INFO  segmented.SegmentedRaftLogWorker (SegmentedRaftLogWorker.java:close(228)) - f1d6cbd0-cc55-4a8c-aff9-0f6c18a578e9@group-4F90601D4E02-SegmentedRaftLogWorker close()
2019-09-18 17:29:47,409 [grpc-default-executor-6] INFO  interfaces.Container (KeyValueContainer.java:flushAndSyncDB(386)) - Container 3 is synced with bcsId 6.
2019-09-18 17:29:47,409 [grpc-default-executor-6] INFO  interfaces.Container (KeyValueContainer.java:flushAndSyncDB(386)) - Container 3 is synced with bcsId 6.
2019-09-18 17:29:47,432 [grpc-default-executor-6] INFO  interfaces.Container (KeyValueContainer.java:flushAndSyncDB(386)) - Container 4 is synced with bcsId 0.
2019-09-18 17:29:47,433 [grpc-default-executor-6] INFO  interfaces.Container (KeyValueContainer.java:flushAndSyncDB(386)) - Container 4 is synced with bcsId 0.
2019-09-18 17:29:47,445 [grpc-default-executor-6] INFO  impl.RaftServerProxy (RaftServerProxy.java:remove(95)) - befaacb7-99cd-4d87-819a-d941cb77279d: remove  FOLLOWER befaacb7-99cd-4d87-819a-d941cb77279d@group-4F90601D4E02:t2, leader=f1d6cbd0-cc55-4a8c-aff9-0f6c18a578e9, voted=f1d6cbd0-cc55-4a8c-aff9-0f6c18a578e9, raftlog=befaacb7-99cd-4d87-819a-d941cb77279d@group-4F90601D4E02-SegmentedRaftLog:OPENED:c10,f10,i14, conf=0: [f1d6cbd0-cc55-4a8c-aff9-0f6c18a578e9:192.168.151.122:38812, befaacb7-99cd-4d87-819a-d941cb77279d:192.168.151.122:44171, 3f36f173-4656-4d5a-831c-b6782f9f5ad2:192.168.151.122:40451], old=null RUNNING
2019-09-18 17:29:47,445 [grpc-default-executor-6] INFO  impl.RaftServerImpl (RaftServerImpl.java:lambda$shutdown$3(251)) - befaacb7-99cd-4d87-819a-d941cb77279d@group-4F90601D4E02: shutdown
2019-09-18 17:29:47,445 [grpc-default-executor-6] INFO  util.JmxRegister (JmxRegister.java:unregister(73)) - Successfully un-registered JMX Bean with object name Ratis:service=RaftServer,group=group-4F90601D4E02,id=befaacb7-99cd-4d87-819a-d941cb77279d
2019-09-18 17:29:47,445 [grpc-default-executor-6] INFO  impl.RoleInfo (RoleInfo.java:shutdownFollowerState(121)) - befaacb7-99cd-4d87-819a-d941cb77279d: shutdown FollowerState
2019-09-18 17:29:47,445 [grpc-default-executor-6] INFO  impl.StateMachineUpdater (StateMachineUpdater.java:stopAndJoin(125)) - befaacb7-99cd-4d87-819a-d941cb77279d@group-4F90601D4E02-StateMachineUpdater: set stopIndex = 10
2019-09-18 17:29:47,446 [Thread-361] INFO  impl.FollowerState (FollowerState.java:run(115)) - befaacb7-99cd-4d87-819a-d941cb77279d: FollowerState was interrupted: java.lang.InterruptedException: sleep interrupted
2019-09-18 17:29:47,446 [befaacb7-99cd-4d87-819a-d941cb77279d@group-4F90601D4E02-StateMachineUpdater] INFO  ratis.ContainerStateMachine (ContainerStateMachine.java:takeSnapshot(289)) - group-4F90601D4E02: Taking a snapshot at:(t:2, i:6) file /workdir/hadoop-ozone/integration-test/target/test-dir/MiniOzoneClusterImpl-b34fcd95-ddd9-49f6-9e80-ffea83eaa9ea/datanode-4/data/ratis/8f3f41fd-663e-48bf-b10e-4f90601d4e02/sm/snapshot.2_6
2019-09-18 17:29:47,450 [befaacb7-99cd-4d87-819a-d941cb77279d@group-4F90601D4E02-StateMachineUpdater] INFO  ratis.ContainerStateMachine (ContainerStateMachine.java:takeSnapshot(300)) - group-4F90601D4E02: Finished taking a snapshot at:(t:2, i:6) file:/workdir/hadoop-ozone/integration-test/target/test-dir/MiniOzoneClusterImpl-b34fcd95-ddd9-49f6-9e80-ffea83eaa9ea/datanode-4/data/ratis/8f3f41fd-663e-48bf-b10e-4f90601d4e02/sm/snapshot.2_6 time:4
2019-09-18 17:29:47,450 [befaacb7-99cd-4d87-819a-d941cb77279d@group-4F90601D4E02-StateMachineUpdater] INFO  impl.StateMachineUpdater (StateMachineUpdater.java:takeSnapshot(258)) - befaacb7-99cd-4d87-819a-d941cb77279d@group-4F90601D4E02-StateMachineUpdater: Took a snapshot at index 6
2019-09-18 17:29:47,450 [befaacb7-99cd-4d87-819a-d941cb77279d@group-4F90601D4E02-StateMachineUpdater] INFO  impl.StateMachineUpdater (StateMachineUpdater.java:lambda$new$0(83)) - befaacb7-99cd-4d87-819a-d941cb77279d@group-4F90601D4E02-StateMachineUpdater: snapshotIndex: updateIncreasingly -1 -> 6
2019-09-18 17:29:47,451 [befaacb7-99cd-4d87-819a-d941cb77279d@group-4F90601D4E02-StateMachineUpdater] INFO  ratis.ContainerStateMachine (ContainerStateMachine.java:takeSnapshot(289)) - group-4F90601D4E02: Taking a snapshot at:(t:2, i:6) file /workdir/hadoop-ozone/integration-test/target/test-dir/MiniOzoneClusterImpl-b34fcd95-ddd9-49f6-9e80-ffea83eaa9ea/datanode-4/data/ratis/8f3f41fd-663e-48bf-b10e-4f90601d4e02/sm/snapshot.2_6
2019-09-18 17:29:47,453 [befaacb7-99cd-4d87-819a-d941cb77279d@group-4F90601D4E02-StateMachineUpdater] INFO  ratis.ContainerStateMachine (ContainerStateMachine.java:takeSnapshot(300)) - group-4F90601D4E02: Finished taking a snapshot at:(t:2, i:6) file:/workdir/hadoop-ozone/integration-test/target/test-dir/MiniOzoneClusterImpl-b34fcd95-ddd9-49f6-9e80-ffea83eaa9ea/datanode-4/data/ratis/8f3f41fd-663e-48bf-b10e-4f90601d4e02/sm/snapshot.2_6 time:2
2019-09-18 17:29:47,453 [befaacb7-99cd-4d87-819a-d941cb77279d@group-4F90601D4E02-StateMachineUpdater] INFO  impl.StateMachineUpdater (StateMachineUpdater.java:takeSnapshot(258)) - befaacb7-99cd-4d87-819a-d941cb77279d@group-4F90601D4E02-StateMachineUpdater: Took a snapshot at index 6
2019-09-18 17:29:47,453 [befaacb7-99cd-4d87-819a-d941cb77279d@group-4F90601D4E02-StateMachineUpdater] INFO  impl.StateMachineUpdater (StateMachineUpdater.java:lambda$new$0(83)) - befaacb7-99cd-4d87-819a-d941cb77279d@group-4F90601D4E02-StateMachineUpdater: snapshotIndex: updateIncreasingly 6 -> 6
2019-09-18 17:29:47,453 [grpc-default-executor-6] INFO  impl.RaftServerImpl (ServerState.java:close(385)) - befaacb7-99cd-4d87-819a-d941cb77279d@group-4F90601D4E02: closes. applyIndex: 10
2019-09-18 17:29:47,457 [befaacb7-99cd-4d87-819a-d941cb77279d@group-4F90601D4E02-SegmentedRaftLogWorker] ERROR ratis.XceiverServerRatis (XceiverServerRatis.java:triggerPipelineClose(575)) - pipeline Action CLOSE  on pipeline PipelineID=8f3f41fd-663e-48bf-b10e-4f90601d4e02.Reason : WriteLog:12: (t:2, i:12), STATEMACHINELOGENTRY, client-D63B3F3BC33D, cid=33-writeStateMachineData interrupted.
2019-09-18 17:29:47,459 [EventQueue-PipelineActionsForPipelineActionHandler] ERROR pipeline.PipelineActionHandler (PipelineActionHandler.java:onMessage(60)) - Received pipeline action CLOSE for Pipeline[ Id: 8f3f41fd-663e-48bf-b10e-4f90601d4e02, Nodes: 3f36f173-4656-4d5a-831c-b6782f9f5ad2{ip: 192.168.151.122, host: pr-hdds-2121-ltkqc-3926781246, networkLocation: /default-rack, certSerialId: null}f1d6cbd0-cc55-4a8c-aff9-0f6c18a578e9{ip: 192.168.151.122, host: pr-hdds-2121-ltkqc-3926781246, networkLocation: /default-rack, certSerialId: null}befaacb7-99cd-4d87-819a-d941cb77279d{ip: 192.168.151.122, host: pr-hdds-2121-ltkqc-3926781246, networkLocation: /default-rack, certSerialId: null}, Type:RATIS, Factor:THREE, State:CLOSED] from datanode befaacb7-99cd-4d87-819a-d941cb77279d{ip: 192.168.151.122, host: pr-hdds-2121-ltkqc-3926781246, networkLocation: /default-rack, certSerialId: null}. Reason : WriteLog:12: (t:2, i:12), STATEMACHINELOGENTRY, client-D63B3F3BC33D, cid=33-writeStateMachineData interrupted.
2019-09-18 17:29:47,459 [EventQueue-PipelineActionsForPipelineActionHandler] INFO  pipeline.SCMPipelineManager (SCMPipelineManager.java:finalizeAndDestroyPipeline(311)) - destroying pipeline:Pipeline[ Id: 8f3f41fd-663e-48bf-b10e-4f90601d4e02, Nodes: 3f36f173-4656-4d5a-831c-b6782f9f5ad2{ip: 192.168.151.122, host: pr-hdds-2121-ltkqc-3926781246, networkLocation: /default-rack, certSerialId: null}f1d6cbd0-cc55-4a8c-aff9-0f6c18a578e9{ip: 192.168.151.122, host: pr-hdds-2121-ltkqc-3926781246, networkLocation: /default-rack, certSerialId: null}befaacb7-99cd-4d87-819a-d941cb77279d{ip: 192.168.151.122, host: pr-hdds-2121-ltkqc-3926781246, networkLocation: /default-rack, certSerialId: null}, Type:RATIS, Factor:THREE, State:CLOSED]
2019-09-18 17:29:47,460 [grpc-default-executor-6] INFO  segmented.SegmentedRaftLogWorker (SegmentedRaftLogWorker.java:close(228)) - befaacb7-99cd-4d87-819a-d941cb77279d@group-4F90601D4E02-SegmentedRaftLogWorker close()
2019-09-18 17:29:47,467 [grpc-default-executor-6] INFO  interfaces.Container (KeyValueContainer.java:flushAndSyncDB(386)) - Container 3 is synced with bcsId 6.
2019-09-18 17:29:47,467 [grpc-default-executor-6] INFO  interfaces.Container (KeyValueContainer.java:flushAndSyncDB(386)) - Container 3 is synced with bcsId 6.
2019-09-18 17:29:47,491 [grpc-default-executor-6] INFO  interfaces.Container (KeyValueContainer.java:flushAndSyncDB(386)) - Container 4 is synced with bcsId 0.
2019-09-18 17:29:47,491 [grpc-default-executor-6] INFO  interfaces.Container (KeyValueContainer.java:flushAndSyncDB(386)) - Container 4 is synced with bcsId 0.
2019-09-18 17:29:47,498 [RatisPipelineUtilsThread] INFO  pipeline.PipelineStateManager (PipelineStateManager.java:removePipeline(108)) - Pipeline Pipeline[ Id: 8f3f41fd-663e-48bf-b10e-4f90601d4e02, Nodes: 3f36f173-4656-4d5a-831c-b6782f9f5ad2{ip: 192.168.151.122, host: pr-hdds-2121-ltkqc-3926781246, networkLocation: /default-rack, certSerialId: null}f1d6cbd0-cc55-4a8c-aff9-0f6c18a578e9{ip: 192.168.151.122, host: pr-hdds-2121-ltkqc-3926781246, networkLocation: /default-rack, certSerialId: null}befaacb7-99cd-4d87-819a-d941cb77279d{ip: 192.168.151.122, host: pr-hdds-2121-ltkqc-3926781246, networkLocation: /default-rack, certSerialId: null}, Type:RATIS, Factor:THREE, State:CLOSED] removed from db
2019-09-18 17:29:47,535 [main] WARN  io.KeyOutputStream (KeyOutputStream.java:handleException(276)) - Encountered exception java.io.IOException: Unexpected Storage Container Exception: java.util.concurrent.CompletionException: java.util.concurrent.CompletionException: org.apache.ratis.protocol.GroupMismatchException: befaacb7-99cd-4d87-819a-d941cb77279d: group-4F90601D4E02 not found. on the pipeline Pipeline[ Id: 8f3f41fd-663e-48bf-b10e-4f90601d4e02, Nodes: 3f36f173-4656-4d5a-831c-b6782f9f5ad2{ip: 192.168.151.122, host: pr-hdds-2121-ltkqc-3926781246, networkLocation: /default-rack, certSerialId: null}f1d6cbd0-cc55-4a8c-aff9-0f6c18a578e9{ip: 192.168.151.122, host: pr-hdds-2121-ltkqc-3926781246, networkLocation: /default-rack, certSerialId: null}befaacb7-99cd-4d87-819a-d941cb77279d{ip: 192.168.151.122, host: pr-hdds-2121-ltkqc-3926781246, networkLocation: /default-rack, certSerialId: null}, Type:RATIS, Factor:THREE, State:OPEN]. The last committed block length is 0, uncommitted data length is 150 retry count 0
2019-09-18 17:29:47,566 [grpc-default-executor-6] INFO  client.GrpcClientProtocolClient (GrpcClientProtocolClient.java:onNext(264)) - client-A5AEF000217A->3f36f173-4656-4d5a-831c-b6782f9f5ad2: receive RaftClientReply:client-A5AEF000217A->3f36f173-4656-4d5a-831c-b6782f9f5ad2@group-AF8B3C156ABB, cid=128, FAILED org.apache.ratis.protocol.NotLeaderException: Server 3f36f173-4656-4d5a-831c-b6782f9f5ad2@group-AF8B3C156ABB is not the leader befaacb7-99cd-4d87-819a-d941cb77279d:192.168.151.122:44171, logIndex=0, commits[3f36f173-4656-4d5a-831c-b6782f9f5ad2:c0, f1d6cbd0-cc55-4a8c-aff9-0f6c18a578e9:c0, befaacb7-99cd-4d87-819a-d941cb77279d:c0]
2019-09-18 17:29:47,707 [grpc-default-executor-9] INFO  client.GrpcClientProtocolClient (GrpcClientProtocolClient.java:onNext(264)) - client-A5AEF000217A->befaacb7-99cd-4d87-819a-d941cb77279d: receive RaftClientReply:client-A5AEF000217A->befaacb7-99cd-4d87-819a-d941cb77279d@group-AF8B3C156ABB, cid=128, SUCCESS, logIndex=1, commits[befaacb7-99cd-4d87-819a-d941cb77279d:c1, f1d6cbd0-cc55-4a8c-aff9-0f6c18a578e9:c0, 3f36f173-4656-4d5a-831c-b6782f9f5ad2:c0]
2019-09-18 17:29:47,741 [grpc-default-executor-7] INFO  client.GrpcClientProtocolClient (GrpcClientProtocolClient.java:onNext(264)) - client-A5AEF000217A->befaacb7-99cd-4d87-819a-d941cb77279d: receive RaftClientReply:client-A5AEF000217A->befaacb7-99cd-4d87-819a-d941cb77279d@group-AF8B3C156ABB, cid=129, SUCCESS, logIndex=3, commits[befaacb7-99cd-4d87-819a-d941cb77279d:c4, f1d6cbd0-cc55-4a8c-aff9-0f6c18a578e9:c2, 3f36f173-4656-4d5a-831c-b6782f9f5ad2:c2]
2019-09-18 17:29:47,780 [grpc-default-executor-7] INFO  client.GrpcClientProtocolClient (GrpcClientProtocolClient.java:onNext(264)) - client-A5AEF000217A->befaacb7-99cd-4d87-819a-d941cb77279d: receive RaftClientReply:client-A5AEF000217A->befaacb7-99cd-4d87-819a-d941cb77279d@group-AF8B3C156ABB, cid=130, SUCCESS, logIndex=4, commits[befaacb7-99cd-4d87-819a-d941cb77279d:c6, f1d6cbd0-cc55-4a8c-aff9-0f6c18a578e9:c4, 3f36f173-4656-4d5a-831c-b6782f9f5ad2:c4]
]]></system-out>
  </testcase>
  <testcase name="testFullBufferCondition" classname="org.apache.hadoop.ozone.client.rpc.TestBlockOutputStream" time="192.103">
    <failure type="java.lang.AssertionError">java.lang.AssertionError
	at org.junit.Assert.fail(Assert.java:86)
	at org.junit.Assert.assertTrue(Assert.java:41)
	at org.junit.Assert.assertTrue(Assert.java:52)
	at org.apache.hadoop.ozone.client.rpc.TestBlockOutputStream.testFullBufferCondition(TestBlockOutputStream.java:515)
	at sun.reflect.NativeMethodAccessorImpl.invoke0(Native Method)
	at sun.reflect.NativeMethodAccessorImpl.invoke(NativeMethodAccessorImpl.java:62)
	at sun.reflect.DelegatingMethodAccessorImpl.invoke(DelegatingMethodAccessorImpl.java:43)
	at java.lang.reflect.Method.invoke(Method.java:498)
	at org.junit.runners.model.FrameworkMethod$1.runReflectiveCall(FrameworkMethod.java:47)
	at org.junit.internal.runners.model.ReflectiveCallable.run(ReflectiveCallable.java:12)
	at org.junit.runners.model.FrameworkMethod.invokeExplosively(FrameworkMethod.java:44)
	at org.junit.internal.runners.statements.InvokeMethod.evaluate(InvokeMethod.java:17)
	at org.junit.runners.ParentRunner.runLeaf(ParentRunner.java:271)
	at org.junit.runners.BlockJUnit4ClassRunner.runChild(BlockJUnit4ClassRunner.java:70)
	at org.junit.runners.BlockJUnit4ClassRunner.runChild(BlockJUnit4ClassRunner.java:50)
	at org.junit.runners.ParentRunner$3.run(ParentRunner.java:238)
	at org.junit.runners.ParentRunner$1.schedule(ParentRunner.java:63)
	at org.junit.runners.ParentRunner.runChildren(ParentRunner.java:236)
	at org.junit.runners.ParentRunner.access$000(ParentRunner.java:53)
	at org.junit.runners.ParentRunner$2.evaluate(ParentRunner.java:229)
	at org.junit.internal.runners.statements.RunBefores.evaluate(RunBefores.java:26)
	at org.junit.internal.runners.statements.RunAfters.evaluate(RunAfters.java:27)
	at org.junit.runners.ParentRunner.run(ParentRunner.java:309)
	at org.apache.maven.surefire.junit4.JUnit4Provider.execute(JUnit4Provider.java:365)
	at org.apache.maven.surefire.junit4.JUnit4Provider.executeWithRerun(JUnit4Provider.java:273)
	at org.apache.maven.surefire.junit4.JUnit4Provider.executeTestSet(JUnit4Provider.java:238)
	at org.apache.maven.surefire.junit4.JUnit4Provider.invoke(JUnit4Provider.java:159)
	at org.apache.maven.surefire.booter.ForkedBooter.invokeProviderInSameClassLoader(ForkedBooter.java:384)
	at org.apache.maven.surefire.booter.ForkedBooter.runSuitesInProcess(ForkedBooter.java:345)
	at org.apache.maven.surefire.booter.ForkedBooter.execute(ForkedBooter.java:126)
	at org.apache.maven.surefire.booter.ForkedBooter.main(ForkedBooter.java:418)
</failure>
    <system-out><![CDATA[2019-09-18 17:29:50,274 [grpc-default-executor-7] INFO  impl.RaftServerProxy (RaftServerProxy.java:remove(95)) - 3f36f173-4656-4d5a-831c-b6782f9f5ad2: remove group-4F90601D4E02:null
2019-09-18 17:29:50,277 [RatisPipelineUtilsThread] WARN  pipeline.RatisPipelineUtils (RatisPipelineUtils.java:destroyPipeline(66)) - Pipeline destroy failed for pipeline=PipelineID=8f3f41fd-663e-48bf-b10e-4f90601d4e02 dn=3f36f173-4656-4d5a-831c-b6782f9f5ad2{ip: 192.168.151.122, host: pr-hdds-2121-ltkqc-3926781246, networkLocation: /default-rack, certSerialId: null}
2019-09-18 17:29:50,280 [grpc-default-executor-7] INFO  impl.RaftServerProxy (RaftServerProxy.java:remove(95)) - f1d6cbd0-cc55-4a8c-aff9-0f6c18a578e9: remove group-4F90601D4E02:null
2019-09-18 17:29:50,282 [RatisPipelineUtilsThread] WARN  pipeline.RatisPipelineUtils (RatisPipelineUtils.java:destroyPipeline(66)) - Pipeline destroy failed for pipeline=PipelineID=8f3f41fd-663e-48bf-b10e-4f90601d4e02 dn=f1d6cbd0-cc55-4a8c-aff9-0f6c18a578e9{ip: 192.168.151.122, host: pr-hdds-2121-ltkqc-3926781246, networkLocation: /default-rack, certSerialId: null}
2019-09-18 17:29:50,285 [grpc-default-executor-7] INFO  impl.RaftServerProxy (RaftServerProxy.java:remove(95)) - befaacb7-99cd-4d87-819a-d941cb77279d: remove group-4F90601D4E02:null
2019-09-18 17:29:50,286 [RatisPipelineUtilsThread] WARN  pipeline.RatisPipelineUtils (RatisPipelineUtils.java:destroyPipeline(66)) - Pipeline destroy failed for pipeline=PipelineID=8f3f41fd-663e-48bf-b10e-4f90601d4e02 dn=befaacb7-99cd-4d87-819a-d941cb77279d{ip: 192.168.151.122, host: pr-hdds-2121-ltkqc-3926781246, networkLocation: /default-rack, certSerialId: null}
2019-09-18 17:29:50,287 [RatisPipelineUtilsThread] ERROR pipeline.SCMPipelineManager (Scheduler.java:lambda$schedule$1(70)) - Destroy pipeline failed for pipeline:Pipeline[ Id: 8f3f41fd-663e-48bf-b10e-4f90601d4e02, Nodes: 3f36f173-4656-4d5a-831c-b6782f9f5ad2{ip: 192.168.151.122, host: pr-hdds-2121-ltkqc-3926781246, networkLocation: /default-rack, certSerialId: null}f1d6cbd0-cc55-4a8c-aff9-0f6c18a578e9{ip: 192.168.151.122, host: pr-hdds-2121-ltkqc-3926781246, networkLocation: /default-rack, certSerialId: null}befaacb7-99cd-4d87-819a-d941cb77279d{ip: 192.168.151.122, host: pr-hdds-2121-ltkqc-3926781246, networkLocation: /default-rack, certSerialId: null}, Type:RATIS, Factor:THREE, State:CLOSED]
org.apache.hadoop.hdds.scm.pipeline.PipelineNotFoundException: PipelineID=8f3f41fd-663e-48bf-b10e-4f90601d4e02 not found
	at org.apache.hadoop.hdds.scm.pipeline.PipelineStateMap.getPipeline(PipelineStateMap.java:132)
	at org.apache.hadoop.hdds.scm.pipeline.PipelineStateMap.removePipeline(PipelineStateMap.java:322)
	at org.apache.hadoop.hdds.scm.pipeline.PipelineStateManager.removePipeline(PipelineStateManager.java:107)
	at org.apache.hadoop.hdds.scm.pipeline.SCMPipelineManager.removePipeline(SCMPipelineManager.java:423)
	at org.apache.hadoop.hdds.scm.pipeline.SCMPipelineManager.destroyPipeline(SCMPipelineManager.java:409)
	at org.apache.hadoop.hdds.scm.pipeline.SCMPipelineManager.lambda$finalizeAndDestroyPipeline$0(SCMPipelineManager.java:318)
	at org.apache.hadoop.utils.Scheduler.lambda$schedule$1(Scheduler.java:68)
	at java.util.concurrent.Executors$RunnableAdapter.call(Executors.java:511)
	at java.util.concurrent.FutureTask.run(FutureTask.java:266)
	at java.util.concurrent.ScheduledThreadPoolExecutor$ScheduledFutureTask.access$201(ScheduledThreadPoolExecutor.java:180)
	at java.util.concurrent.ScheduledThreadPoolExecutor$ScheduledFutureTask.run(ScheduledThreadPoolExecutor.java:293)
	at java.util.concurrent.ThreadPoolExecutor.runWorker(ThreadPoolExecutor.java:1149)
	at java.util.concurrent.ThreadPoolExecutor$Worker.run(ThreadPoolExecutor.java:624)
	at java.lang.Thread.run(Thread.java:748)
2019-09-18 17:29:50,817 [java.util.concurrent.ThreadPoolExecutor$Worker@326853c1[State = -1, empty queue]] WARN  server.GrpcLogAppender (GrpcLogAppender.java:timeoutAppendRequest(200)) - befaacb7-99cd-4d87-819a-d941cb77279d@group-AF8B3C156ABB->f1d6cbd0-cc55-4a8c-aff9-0f6c18a578e9-GrpcLogAppender: appendEntries Timeout, request=befaacb7-99cd-4d87-819a-d941cb77279d->f1d6cbd0-cc55-4a8c-aff9-0f6c18a578e9#13-t1, previous=(t:1, i:6), leaderCommit=6, initializing? false, entries: size=1, first=(t:1, i:7), STATEMACHINELOGENTRY, client-A5AEF000217A, cid=131
2019-09-18 17:29:50,817 [java.util.concurrent.ThreadPoolExecutor$Worker@56ebe215[State = -1, empty queue]] WARN  server.GrpcLogAppender (GrpcLogAppender.java:timeoutAppendRequest(200)) - befaacb7-99cd-4d87-819a-d941cb77279d@group-AF8B3C156ABB->3f36f173-4656-4d5a-831c-b6782f9f5ad2-GrpcLogAppender: appendEntries Timeout, request=befaacb7-99cd-4d87-819a-d941cb77279d->3f36f173-4656-4d5a-831c-b6782f9f5ad2#13-t1, previous=(t:1, i:6), leaderCommit=6, initializing? false, entries: size=1, first=(t:1, i:7), STATEMACHINELOGENTRY, client-A5AEF000217A, cid=131
2019-09-18 17:29:50,817 [java.util.concurrent.ThreadPoolExecutor$Worker@326853c1[State = -1, empty queue]] WARN  server.GrpcLogAppender (GrpcLogAppender.java:timeoutAppendRequest(200)) - befaacb7-99cd-4d87-819a-d941cb77279d@group-AF8B3C156ABB->f1d6cbd0-cc55-4a8c-aff9-0f6c18a578e9-GrpcLogAppender: appendEntries Timeout, request=befaacb7-99cd-4d87-819a-d941cb77279d->f1d6cbd0-cc55-4a8c-aff9-0f6c18a578e9#14-t1, previous=(t:1, i:7), leaderCommit=6, initializing? false, entries: size=1, first=(t:1, i:8), STATEMACHINELOGENTRY, client-A5AEF000217A, cid=132
2019-09-18 17:29:50,818 [java.util.concurrent.ThreadPoolExecutor$Worker@56ebe215[State = -1, empty queue]] WARN  server.GrpcLogAppender (GrpcLogAppender.java:timeoutAppendRequest(200)) - befaacb7-99cd-4d87-819a-d941cb77279d@group-AF8B3C156ABB->3f36f173-4656-4d5a-831c-b6782f9f5ad2-GrpcLogAppender: appendEntries Timeout, request=befaacb7-99cd-4d87-819a-d941cb77279d->3f36f173-4656-4d5a-831c-b6782f9f5ad2#14-t1, previous=(t:1, i:7), leaderCommit=6, initializing? false, entries: size=1, first=(t:1, i:8), STATEMACHINELOGENTRY, client-A5AEF000217A, cid=132
2019-09-18 17:29:50,818 [java.util.concurrent.ThreadPoolExecutor$Worker@326853c1[State = -1, empty queue]] WARN  server.GrpcLogAppender (GrpcLogAppender.java:timeoutAppendRequest(200)) - befaacb7-99cd-4d87-819a-d941cb77279d@group-AF8B3C156ABB->f1d6cbd0-cc55-4a8c-aff9-0f6c18a578e9-GrpcLogAppender: appendEntries Timeout, request=befaacb7-99cd-4d87-819a-d941cb77279d->f1d6cbd0-cc55-4a8c-aff9-0f6c18a578e9#15-t1, previous=(t:1, i:8), leaderCommit=6, initializing? false, entries: size=1, first=(t:1, i:9), STATEMACHINELOGENTRY, client-A5AEF000217A, cid=133
2019-09-18 17:29:50,818 [java.util.concurrent.ThreadPoolExecutor$Worker@56ebe215[State = -1, empty queue]] WARN  server.GrpcLogAppender (GrpcLogAppender.java:timeoutAppendRequest(200)) - befaacb7-99cd-4d87-819a-d941cb77279d@group-AF8B3C156ABB->3f36f173-4656-4d5a-831c-b6782f9f5ad2-GrpcLogAppender: appendEntries Timeout, request=befaacb7-99cd-4d87-819a-d941cb77279d->3f36f173-4656-4d5a-831c-b6782f9f5ad2#15-t1, previous=(t:1, i:8), leaderCommit=6, initializing? false, entries: size=1, first=(t:1, i:9), STATEMACHINELOGENTRY, client-A5AEF000217A, cid=133
2019-09-18 17:29:50,819 [java.util.concurrent.ThreadPoolExecutor$Worker@326853c1[State = -1, empty queue]] WARN  server.GrpcLogAppender (GrpcLogAppender.java:timeoutAppendRequest(200)) - befaacb7-99cd-4d87-819a-d941cb77279d@group-AF8B3C156ABB->f1d6cbd0-cc55-4a8c-aff9-0f6c18a578e9-GrpcLogAppender: appendEntries Timeout, request=befaacb7-99cd-4d87-819a-d941cb77279d->f1d6cbd0-cc55-4a8c-aff9-0f6c18a578e9#16-t1, previous=(t:1, i:9), leaderCommit=6, initializing? false, entries: size=1, first=(t:1, i:10), STATEMACHINELOGENTRY, client-A5AEF000217A, cid=134
2019-09-18 17:29:50,819 [java.util.concurrent.ThreadPoolExecutor$Worker@56ebe215[State = -1, empty queue]] WARN  server.GrpcLogAppender (GrpcLogAppender.java:timeoutAppendRequest(200)) - befaacb7-99cd-4d87-819a-d941cb77279d@group-AF8B3C156ABB->3f36f173-4656-4d5a-831c-b6782f9f5ad2-GrpcLogAppender: appendEntries Timeout, request=befaacb7-99cd-4d87-819a-d941cb77279d->3f36f173-4656-4d5a-831c-b6782f9f5ad2#16-t1, previous=(t:1, i:9), leaderCommit=6, initializing? false, entries: size=1, first=(t:1, i:10), STATEMACHINELOGENTRY, client-A5AEF000217A, cid=134
2019-09-18 17:29:50,820 [java.util.concurrent.ThreadPoolExecutor$Worker@326853c1[State = -1, empty queue]] WARN  server.GrpcLogAppender (GrpcLogAppender.java:timeoutAppendRequest(200)) - befaacb7-99cd-4d87-819a-d941cb77279d@group-AF8B3C156ABB->f1d6cbd0-cc55-4a8c-aff9-0f6c18a578e9-GrpcLogAppender: appendEntries Timeout, request=befaacb7-99cd-4d87-819a-d941cb77279d->f1d6cbd0-cc55-4a8c-aff9-0f6c18a578e9#17-t1, previous=(t:1, i:10), leaderCommit=6, initializing? false, entries: size=1, first=(t:1, i:11), STATEMACHINELOGENTRY, client-A5AEF000217A, cid=135
2019-09-18 17:29:50,820 [java.util.concurrent.ThreadPoolExecutor$Worker@56ebe215[State = -1, empty queue]] WARN  server.GrpcLogAppender (GrpcLogAppender.java:timeoutAppendRequest(200)) - befaacb7-99cd-4d87-819a-d941cb77279d@group-AF8B3C156ABB->3f36f173-4656-4d5a-831c-b6782f9f5ad2-GrpcLogAppender: appendEntries Timeout, request=befaacb7-99cd-4d87-819a-d941cb77279d->3f36f173-4656-4d5a-831c-b6782f9f5ad2#17-t1, previous=(t:1, i:10), leaderCommit=6, initializing? false, entries: size=1, first=(t:1, i:11), STATEMACHINELOGENTRY, client-A5AEF000217A, cid=135
2019-09-18 17:29:50,820 [java.util.concurrent.ThreadPoolExecutor$Worker@326853c1[State = -1, empty queue]] WARN  server.GrpcLogAppender (GrpcLogAppender.java:timeoutAppendRequest(200)) - befaacb7-99cd-4d87-819a-d941cb77279d@group-AF8B3C156ABB->f1d6cbd0-cc55-4a8c-aff9-0f6c18a578e9-GrpcLogAppender: appendEntries Timeout, request=befaacb7-99cd-4d87-819a-d941cb77279d->f1d6cbd0-cc55-4a8c-aff9-0f6c18a578e9#18-t1, previous=(t:1, i:11), leaderCommit=6, initializing? false, entries: size=1, first=(t:1, i:12), STATEMACHINELOGENTRY, client-A5AEF000217A, cid=136
2019-09-18 17:29:50,820 [java.util.concurrent.ThreadPoolExecutor$Worker@56ebe215[State = -1, empty queue]] WARN  server.GrpcLogAppender (GrpcLogAppender.java:timeoutAppendRequest(200)) - befaacb7-99cd-4d87-819a-d941cb77279d@group-AF8B3C156ABB->3f36f173-4656-4d5a-831c-b6782f9f5ad2-GrpcLogAppender: appendEntries Timeout, request=befaacb7-99cd-4d87-819a-d941cb77279d->3f36f173-4656-4d5a-831c-b6782f9f5ad2#18-t1, previous=(t:1, i:11), leaderCommit=6, initializing? false, entries: size=1, first=(t:1, i:12), STATEMACHINELOGENTRY, client-A5AEF000217A, cid=136
2019-09-18 17:29:52,272 [grpc-default-executor-9] INFO  impl.RaftServerProxy (RaftServerProxy.java:remove(95)) - 3f36f173-4656-4d5a-831c-b6782f9f5ad2: remove group-4F90601D4E02:null
2019-09-18 17:29:52,275 [RatisPipelineUtilsThread] WARN  pipeline.RatisPipelineUtils (RatisPipelineUtils.java:destroyPipeline(66)) - Pipeline destroy failed for pipeline=PipelineID=8f3f41fd-663e-48bf-b10e-4f90601d4e02 dn=3f36f173-4656-4d5a-831c-b6782f9f5ad2{ip: 192.168.151.122, host: pr-hdds-2121-ltkqc-3926781246, networkLocation: /default-rack, certSerialId: null}
2019-09-18 17:29:52,279 [grpc-default-executor-9] INFO  impl.RaftServerProxy (RaftServerProxy.java:remove(95)) - f1d6cbd0-cc55-4a8c-aff9-0f6c18a578e9: remove group-4F90601D4E02:null
2019-09-18 17:29:52,281 [RatisPipelineUtilsThread] WARN  pipeline.RatisPipelineUtils (RatisPipelineUtils.java:destroyPipeline(66)) - Pipeline destroy failed for pipeline=PipelineID=8f3f41fd-663e-48bf-b10e-4f90601d4e02 dn=f1d6cbd0-cc55-4a8c-aff9-0f6c18a578e9{ip: 192.168.151.122, host: pr-hdds-2121-ltkqc-3926781246, networkLocation: /default-rack, certSerialId: null}
2019-09-18 17:29:52,284 [grpc-default-executor-9] INFO  impl.RaftServerProxy (RaftServerProxy.java:remove(95)) - befaacb7-99cd-4d87-819a-d941cb77279d: remove group-4F90601D4E02:null
2019-09-18 17:29:52,286 [RatisPipelineUtilsThread] WARN  pipeline.RatisPipelineUtils (RatisPipelineUtils.java:destroyPipeline(66)) - Pipeline destroy failed for pipeline=PipelineID=8f3f41fd-663e-48bf-b10e-4f90601d4e02 dn=befaacb7-99cd-4d87-819a-d941cb77279d{ip: 192.168.151.122, host: pr-hdds-2121-ltkqc-3926781246, networkLocation: /default-rack, certSerialId: null}
2019-09-18 17:29:52,286 [RatisPipelineUtilsThread] ERROR pipeline.SCMPipelineManager (Scheduler.java:lambda$schedule$1(70)) - Destroy pipeline failed for pipeline:Pipeline[ Id: 8f3f41fd-663e-48bf-b10e-4f90601d4e02, Nodes: 3f36f173-4656-4d5a-831c-b6782f9f5ad2{ip: 192.168.151.122, host: pr-hdds-2121-ltkqc-3926781246, networkLocation: /default-rack, certSerialId: null}f1d6cbd0-cc55-4a8c-aff9-0f6c18a578e9{ip: 192.168.151.122, host: pr-hdds-2121-ltkqc-3926781246, networkLocation: /default-rack, certSerialId: null}befaacb7-99cd-4d87-819a-d941cb77279d{ip: 192.168.151.122, host: pr-hdds-2121-ltkqc-3926781246, networkLocation: /default-rack, certSerialId: null}, Type:RATIS, Factor:THREE, State:CLOSED]
org.apache.hadoop.hdds.scm.pipeline.PipelineNotFoundException: PipelineID=8f3f41fd-663e-48bf-b10e-4f90601d4e02 not found
	at org.apache.hadoop.hdds.scm.pipeline.PipelineStateMap.getPipeline(PipelineStateMap.java:132)
	at org.apache.hadoop.hdds.scm.pipeline.PipelineStateMap.removePipeline(PipelineStateMap.java:322)
	at org.apache.hadoop.hdds.scm.pipeline.PipelineStateManager.removePipeline(PipelineStateManager.java:107)
	at org.apache.hadoop.hdds.scm.pipeline.SCMPipelineManager.removePipeline(SCMPipelineManager.java:423)
	at org.apache.hadoop.hdds.scm.pipeline.SCMPipelineManager.destroyPipeline(SCMPipelineManager.java:409)
	at org.apache.hadoop.hdds.scm.pipeline.SCMPipelineManager.lambda$finalizeAndDestroyPipeline$0(SCMPipelineManager.java:318)
	at org.apache.hadoop.utils.Scheduler.lambda$schedule$1(Scheduler.java:68)
	at java.util.concurrent.Executors$RunnableAdapter.call(Executors.java:511)
	at java.util.concurrent.FutureTask.run(FutureTask.java:266)
	at java.util.concurrent.ScheduledThreadPoolExecutor$ScheduledFutureTask.access$201(ScheduledThreadPoolExecutor.java:180)
	at java.util.concurrent.ScheduledThreadPoolExecutor$ScheduledFutureTask.run(ScheduledThreadPoolExecutor.java:293)
	at java.util.concurrent.ThreadPoolExecutor.runWorker(ThreadPoolExecutor.java:1149)
	at java.util.concurrent.ThreadPoolExecutor$Worker.run(ThreadPoolExecutor.java:624)
	at java.lang.Thread.run(Thread.java:748)
2019-09-18 17:29:52,839 [grpc-default-executor-7] INFO  client.GrpcClientProtocolClient (GrpcClientProtocolClient.java:onNext(264)) - client-A5AEF000217A->3f36f173-4656-4d5a-831c-b6782f9f5ad2: receive RaftClientReply:client-A5AEF000217A->3f36f173-4656-4d5a-831c-b6782f9f5ad2@group-AF8B3C156ABB, cid=131, FAILED org.apache.ratis.protocol.NotLeaderException: Server 3f36f173-4656-4d5a-831c-b6782f9f5ad2@group-AF8B3C156ABB is not the leader befaacb7-99cd-4d87-819a-d941cb77279d:192.168.151.122:44171, logIndex=0, commits[3f36f173-4656-4d5a-831c-b6782f9f5ad2:c6, f1d6cbd0-cc55-4a8c-aff9-0f6c18a578e9:c4, befaacb7-99cd-4d87-819a-d941cb77279d:c6]
2019-09-18 17:29:53,321 [java.util.concurrent.ThreadPoolExecutor$Worker@56ebe215[State = -1, empty queue]] WARN  server.GrpcLogAppender (GrpcLogAppender.java:timeoutAppendRequest(200)) - befaacb7-99cd-4d87-819a-d941cb77279d@group-AF8B3C156ABB->3f36f173-4656-4d5a-831c-b6782f9f5ad2-GrpcLogAppender: appendEntries Timeout, request=befaacb7-99cd-4d87-819a-d941cb77279d->3f36f173-4656-4d5a-831c-b6782f9f5ad2#19-t1, previous=(t:1, i:12), leaderCommit=6, initializing? false, entries: <empty>
2019-09-18 17:29:53,321 [java.util.concurrent.ThreadPoolExecutor$Worker@326853c1[State = -1, empty queue]] WARN  server.GrpcLogAppender (GrpcLogAppender.java:timeoutAppendRequest(200)) - befaacb7-99cd-4d87-819a-d941cb77279d@group-AF8B3C156ABB->f1d6cbd0-cc55-4a8c-aff9-0f6c18a578e9-GrpcLogAppender: appendEntries Timeout, request=befaacb7-99cd-4d87-819a-d941cb77279d->f1d6cbd0-cc55-4a8c-aff9-0f6c18a578e9#19-t1, previous=(t:1, i:12), leaderCommit=6, initializing? false, entries: <empty>
2019-09-18 17:29:55,278 [grpc-default-executor-9] INFO  impl.RaftServerProxy (RaftServerProxy.java:remove(95)) - 3f36f173-4656-4d5a-831c-b6782f9f5ad2: remove group-4F90601D4E02:null
2019-09-18 17:29:55,283 [RatisPipelineUtilsThread] WARN  pipeline.RatisPipelineUtils (RatisPipelineUtils.java:destroyPipeline(66)) - Pipeline destroy failed for pipeline=PipelineID=8f3f41fd-663e-48bf-b10e-4f90601d4e02 dn=3f36f173-4656-4d5a-831c-b6782f9f5ad2{ip: 192.168.151.122, host: pr-hdds-2121-ltkqc-3926781246, networkLocation: /default-rack, certSerialId: null}
2019-09-18 17:29:55,286 [grpc-default-executor-9] INFO  impl.RaftServerProxy (RaftServerProxy.java:remove(95)) - f1d6cbd0-cc55-4a8c-aff9-0f6c18a578e9: remove group-4F90601D4E02:null
2019-09-18 17:29:55,289 [RatisPipelineUtilsThread] WARN  pipeline.RatisPipelineUtils (RatisPipelineUtils.java:destroyPipeline(66)) - Pipeline destroy failed for pipeline=PipelineID=8f3f41fd-663e-48bf-b10e-4f90601d4e02 dn=f1d6cbd0-cc55-4a8c-aff9-0f6c18a578e9{ip: 192.168.151.122, host: pr-hdds-2121-ltkqc-3926781246, networkLocation: /default-rack, certSerialId: null}
2019-09-18 17:29:55,292 [grpc-default-executor-9] INFO  impl.RaftServerProxy (RaftServerProxy.java:remove(95)) - befaacb7-99cd-4d87-819a-d941cb77279d: remove group-4F90601D4E02:null
2019-09-18 17:29:55,294 [RatisPipelineUtilsThread] WARN  pipeline.RatisPipelineUtils (RatisPipelineUtils.java:destroyPipeline(66)) - Pipeline destroy failed for pipeline=PipelineID=8f3f41fd-663e-48bf-b10e-4f90601d4e02 dn=befaacb7-99cd-4d87-819a-d941cb77279d{ip: 192.168.151.122, host: pr-hdds-2121-ltkqc-3926781246, networkLocation: /default-rack, certSerialId: null}
2019-09-18 17:29:55,294 [RatisPipelineUtilsThread] ERROR pipeline.SCMPipelineManager (Scheduler.java:lambda$schedule$1(70)) - Destroy pipeline failed for pipeline:Pipeline[ Id: 8f3f41fd-663e-48bf-b10e-4f90601d4e02, Nodes: 3f36f173-4656-4d5a-831c-b6782f9f5ad2{ip: 192.168.151.122, host: pr-hdds-2121-ltkqc-3926781246, networkLocation: /default-rack, certSerialId: null}f1d6cbd0-cc55-4a8c-aff9-0f6c18a578e9{ip: 192.168.151.122, host: pr-hdds-2121-ltkqc-3926781246, networkLocation: /default-rack, certSerialId: null}befaacb7-99cd-4d87-819a-d941cb77279d{ip: 192.168.151.122, host: pr-hdds-2121-ltkqc-3926781246, networkLocation: /default-rack, certSerialId: null}, Type:RATIS, Factor:THREE, State:CLOSED]
org.apache.hadoop.hdds.scm.pipeline.PipelineNotFoundException: PipelineID=8f3f41fd-663e-48bf-b10e-4f90601d4e02 not found
	at org.apache.hadoop.hdds.scm.pipeline.PipelineStateMap.getPipeline(PipelineStateMap.java:132)
	at org.apache.hadoop.hdds.scm.pipeline.PipelineStateMap.removePipeline(PipelineStateMap.java:322)
	at org.apache.hadoop.hdds.scm.pipeline.PipelineStateManager.removePipeline(PipelineStateManager.java:107)
	at org.apache.hadoop.hdds.scm.pipeline.SCMPipelineManager.removePipeline(SCMPipelineManager.java:423)
	at org.apache.hadoop.hdds.scm.pipeline.SCMPipelineManager.destroyPipeline(SCMPipelineManager.java:409)
	at org.apache.hadoop.hdds.scm.pipeline.SCMPipelineManager.lambda$finalizeAndDestroyPipeline$0(SCMPipelineManager.java:318)
	at org.apache.hadoop.utils.Scheduler.lambda$schedule$1(Scheduler.java:68)
	at java.util.concurrent.Executors$RunnableAdapter.call(Executors.java:511)
	at java.util.concurrent.FutureTask.run(FutureTask.java:266)
	at java.util.concurrent.ScheduledThreadPoolExecutor$ScheduledFutureTask.access$201(ScheduledThreadPoolExecutor.java:180)
	at java.util.concurrent.ScheduledThreadPoolExecutor$ScheduledFutureTask.run(ScheduledThreadPoolExecutor.java:293)
	at java.util.concurrent.ThreadPoolExecutor.runWorker(ThreadPoolExecutor.java:1149)
	at java.util.concurrent.ThreadPoolExecutor$Worker.run(ThreadPoolExecutor.java:624)
	at java.lang.Thread.run(Thread.java:748)
2019-09-18 17:29:55,822 [java.util.concurrent.ThreadPoolExecutor$Worker@326853c1[State = -1, empty queue]] WARN  server.GrpcLogAppender (GrpcLogAppender.java:timeoutAppendRequest(200)) - befaacb7-99cd-4d87-819a-d941cb77279d@group-AF8B3C156ABB->f1d6cbd0-cc55-4a8c-aff9-0f6c18a578e9-GrpcLogAppender: appendEntries Timeout, request=befaacb7-99cd-4d87-819a-d941cb77279d->f1d6cbd0-cc55-4a8c-aff9-0f6c18a578e9#20-t1, previous=(t:1, i:12), leaderCommit=6, initializing? false, entries: <empty>
2019-09-18 17:29:55,822 [java.util.concurrent.ThreadPoolExecutor$Worker@56ebe215[State = -1, empty queue]] WARN  server.GrpcLogAppender (GrpcLogAppender.java:timeoutAppendRequest(200)) - befaacb7-99cd-4d87-819a-d941cb77279d@group-AF8B3C156ABB->3f36f173-4656-4d5a-831c-b6782f9f5ad2-GrpcLogAppender: appendEntries Timeout, request=befaacb7-99cd-4d87-819a-d941cb77279d->3f36f173-4656-4d5a-831c-b6782f9f5ad2#20-t1, previous=(t:1, i:12), leaderCommit=6, initializing? false, entries: <empty>
2019-09-18 17:29:57,272 [grpc-default-executor-7] INFO  impl.RaftServerProxy (RaftServerProxy.java:remove(95)) - 3f36f173-4656-4d5a-831c-b6782f9f5ad2: remove group-4F90601D4E02:null
2019-09-18 17:29:57,275 [RatisPipelineUtilsThread] WARN  pipeline.RatisPipelineUtils (RatisPipelineUtils.java:destroyPipeline(66)) - Pipeline destroy failed for pipeline=PipelineID=8f3f41fd-663e-48bf-b10e-4f90601d4e02 dn=3f36f173-4656-4d5a-831c-b6782f9f5ad2{ip: 192.168.151.122, host: pr-hdds-2121-ltkqc-3926781246, networkLocation: /default-rack, certSerialId: null}
2019-09-18 17:29:57,278 [grpc-default-executor-7] INFO  impl.RaftServerProxy (RaftServerProxy.java:remove(95)) - f1d6cbd0-cc55-4a8c-aff9-0f6c18a578e9: remove group-4F90601D4E02:null
2019-09-18 17:29:57,280 [RatisPipelineUtilsThread] WARN  pipeline.RatisPipelineUtils (RatisPipelineUtils.java:destroyPipeline(66)) - Pipeline destroy failed for pipeline=PipelineID=8f3f41fd-663e-48bf-b10e-4f90601d4e02 dn=f1d6cbd0-cc55-4a8c-aff9-0f6c18a578e9{ip: 192.168.151.122, host: pr-hdds-2121-ltkqc-3926781246, networkLocation: /default-rack, certSerialId: null}
2019-09-18 17:29:57,283 [grpc-default-executor-7] INFO  impl.RaftServerProxy (RaftServerProxy.java:remove(95)) - befaacb7-99cd-4d87-819a-d941cb77279d: remove group-4F90601D4E02:null
2019-09-18 17:29:57,285 [RatisPipelineUtilsThread] WARN  pipeline.RatisPipelineUtils (RatisPipelineUtils.java:destroyPipeline(66)) - Pipeline destroy failed for pipeline=PipelineID=8f3f41fd-663e-48bf-b10e-4f90601d4e02 dn=befaacb7-99cd-4d87-819a-d941cb77279d{ip: 192.168.151.122, host: pr-hdds-2121-ltkqc-3926781246, networkLocation: /default-rack, certSerialId: null}
2019-09-18 17:29:57,285 [RatisPipelineUtilsThread] ERROR pipeline.SCMPipelineManager (Scheduler.java:lambda$schedule$1(70)) - Destroy pipeline failed for pipeline:Pipeline[ Id: 8f3f41fd-663e-48bf-b10e-4f90601d4e02, Nodes: 3f36f173-4656-4d5a-831c-b6782f9f5ad2{ip: 192.168.151.122, host: pr-hdds-2121-ltkqc-3926781246, networkLocation: /default-rack, certSerialId: null}f1d6cbd0-cc55-4a8c-aff9-0f6c18a578e9{ip: 192.168.151.122, host: pr-hdds-2121-ltkqc-3926781246, networkLocation: /default-rack, certSerialId: null}befaacb7-99cd-4d87-819a-d941cb77279d{ip: 192.168.151.122, host: pr-hdds-2121-ltkqc-3926781246, networkLocation: /default-rack, certSerialId: null}, Type:RATIS, Factor:THREE, State:CLOSED]
org.apache.hadoop.hdds.scm.pipeline.PipelineNotFoundException: PipelineID=8f3f41fd-663e-48bf-b10e-4f90601d4e02 not found
	at org.apache.hadoop.hdds.scm.pipeline.PipelineStateMap.getPipeline(PipelineStateMap.java:132)
	at org.apache.hadoop.hdds.scm.pipeline.PipelineStateMap.removePipeline(PipelineStateMap.java:322)
	at org.apache.hadoop.hdds.scm.pipeline.PipelineStateManager.removePipeline(PipelineStateManager.java:107)
	at org.apache.hadoop.hdds.scm.pipeline.SCMPipelineManager.removePipeline(SCMPipelineManager.java:423)
	at org.apache.hadoop.hdds.scm.pipeline.SCMPipelineManager.destroyPipeline(SCMPipelineManager.java:409)
	at org.apache.hadoop.hdds.scm.pipeline.SCMPipelineManager.lambda$finalizeAndDestroyPipeline$0(SCMPipelineManager.java:318)
	at org.apache.hadoop.utils.Scheduler.lambda$schedule$1(Scheduler.java:68)
	at java.util.concurrent.Executors$RunnableAdapter.call(Executors.java:511)
	at java.util.concurrent.FutureTask.run(FutureTask.java:266)
	at java.util.concurrent.ScheduledThreadPoolExecutor$ScheduledFutureTask.access$201(ScheduledThreadPoolExecutor.java:180)
	at java.util.concurrent.ScheduledThreadPoolExecutor$ScheduledFutureTask.run(ScheduledThreadPoolExecutor.java:293)
	at java.util.concurrent.ThreadPoolExecutor.runWorker(ThreadPoolExecutor.java:1149)
	at java.util.concurrent.ThreadPoolExecutor$Worker.run(ThreadPoolExecutor.java:624)
	at java.lang.Thread.run(Thread.java:748)
2019-09-18 17:29:57,816 [befaacb7-99cd-4d87-819a-d941cb77279d@group-AF8B3C156ABB-SegmentedRaftLogWorker] WARN  segmented.SegmentedRaftLogWorker (SegmentedRaftLogWorker.java:getFromFuture(90)) - Timeout 0/~
org.apache.ratis.protocol.TimeoutIOException: Timeout 10s: WriteLog:7: (t:1, i:7), STATEMACHINELOGENTRY, client-A5AEF000217A, cid=131-writeStateMachineData
	at org.apache.ratis.util.IOUtils.getFromFuture(IOUtils.java:87)
	at org.apache.ratis.server.raftlog.segmented.SegmentedRaftLogWorker$StateMachineDataPolicy.getFromFuture(SegmentedRaftLogWorker.java:87)
	at org.apache.ratis.server.raftlog.segmented.SegmentedRaftLogWorker$WriteLog.execute(SegmentedRaftLogWorker.java:477)
	at org.apache.ratis.server.raftlog.segmented.SegmentedRaftLogWorker.run(SegmentedRaftLogWorker.java:289)
	at java.lang.Thread.run(Thread.java:748)
Caused by: java.util.concurrent.TimeoutException
	at java.util.concurrent.CompletableFuture.timedGet(CompletableFuture.java:1771)
	at java.util.concurrent.CompletableFuture.get(CompletableFuture.java:1915)
	at org.apache.ratis.util.IOUtils.getFromFuture(IOUtils.java:79)
	... 4 more
2019-09-18 17:29:57,817 [3f36f173-4656-4d5a-831c-b6782f9f5ad2@group-AF8B3C156ABB-SegmentedRaftLogWorker] WARN  segmented.SegmentedRaftLogWorker (SegmentedRaftLogWorker.java:getFromFuture(90)) - Timeout 0/~
org.apache.ratis.protocol.TimeoutIOException: Timeout 10s: WriteLog:7: (t:1, i:7), STATEMACHINELOGENTRY, client-A5AEF000217A, cid=131-writeStateMachineData
	at org.apache.ratis.util.IOUtils.getFromFuture(IOUtils.java:87)
	at org.apache.ratis.server.raftlog.segmented.SegmentedRaftLogWorker$StateMachineDataPolicy.getFromFuture(SegmentedRaftLogWorker.java:87)
	at org.apache.ratis.server.raftlog.segmented.SegmentedRaftLogWorker$WriteLog.execute(SegmentedRaftLogWorker.java:477)
	at org.apache.ratis.server.raftlog.segmented.SegmentedRaftLogWorker.run(SegmentedRaftLogWorker.java:289)
	at java.lang.Thread.run(Thread.java:748)
Caused by: java.util.concurrent.TimeoutException
	at java.util.concurrent.CompletableFuture.timedGet(CompletableFuture.java:1771)
	at java.util.concurrent.CompletableFuture.get(CompletableFuture.java:1915)
	at org.apache.ratis.util.IOUtils.getFromFuture(IOUtils.java:79)
	... 4 more
2019-09-18 17:29:57,818 [f1d6cbd0-cc55-4a8c-aff9-0f6c18a578e9@group-AF8B3C156ABB-SegmentedRaftLogWorker] WARN  segmented.SegmentedRaftLogWorker (SegmentedRaftLogWorker.java:getFromFuture(90)) - Timeout 0/~
org.apache.ratis.protocol.TimeoutIOException: Timeout 10s: WriteLog:7: (t:1, i:7), STATEMACHINELOGENTRY, client-A5AEF000217A, cid=131-writeStateMachineData
	at org.apache.ratis.util.IOUtils.getFromFuture(IOUtils.java:87)
	at org.apache.ratis.server.raftlog.segmented.SegmentedRaftLogWorker$StateMachineDataPolicy.getFromFuture(SegmentedRaftLogWorker.java:87)
	at org.apache.ratis.server.raftlog.segmented.SegmentedRaftLogWorker$WriteLog.execute(SegmentedRaftLogWorker.java:477)
	at org.apache.ratis.server.raftlog.segmented.SegmentedRaftLogWorker.run(SegmentedRaftLogWorker.java:289)
	at java.lang.Thread.run(Thread.java:748)
Caused by: java.util.concurrent.TimeoutException
	at java.util.concurrent.CompletableFuture.timedGet(CompletableFuture.java:1771)
	at java.util.concurrent.CompletableFuture.get(CompletableFuture.java:1915)
	at org.apache.ratis.util.IOUtils.getFromFuture(IOUtils.java:79)
	... 4 more
2019-09-18 17:29:57,878 [grpc-default-executor-9] INFO  client.GrpcClientProtocolClient (GrpcClientProtocolClient.java:onNext(264)) - client-A5AEF000217A->f1d6cbd0-cc55-4a8c-aff9-0f6c18a578e9: receive RaftClientReply:client-A5AEF000217A->f1d6cbd0-cc55-4a8c-aff9-0f6c18a578e9@group-AF8B3C156ABB, cid=131, FAILED org.apache.ratis.protocol.NotLeaderException: Server f1d6cbd0-cc55-4a8c-aff9-0f6c18a578e9@group-AF8B3C156ABB is not the leader befaacb7-99cd-4d87-819a-d941cb77279d:192.168.151.122:44171, logIndex=0, commits[f1d6cbd0-cc55-4a8c-aff9-0f6c18a578e9:c6, befaacb7-99cd-4d87-819a-d941cb77279d:c6, 3f36f173-4656-4d5a-831c-b6782f9f5ad2:c4]
2019-09-18 17:29:58,322 [java.util.concurrent.ThreadPoolExecutor$Worker@56ebe215[State = -1, empty queue]] WARN  server.GrpcLogAppender (GrpcLogAppender.java:timeoutAppendRequest(200)) - befaacb7-99cd-4d87-819a-d941cb77279d@group-AF8B3C156ABB->3f36f173-4656-4d5a-831c-b6782f9f5ad2-GrpcLogAppender: appendEntries Timeout, request=befaacb7-99cd-4d87-819a-d941cb77279d->3f36f173-4656-4d5a-831c-b6782f9f5ad2#21-t1, previous=(t:1, i:12), leaderCommit=6, initializing? false, entries: <empty>
2019-09-18 17:29:58,322 [java.util.concurrent.ThreadPoolExecutor$Worker@326853c1[State = -1, empty queue]] WARN  server.GrpcLogAppender (GrpcLogAppender.java:timeoutAppendRequest(200)) - befaacb7-99cd-4d87-819a-d941cb77279d@group-AF8B3C156ABB->f1d6cbd0-cc55-4a8c-aff9-0f6c18a578e9-GrpcLogAppender: appendEntries Timeout, request=befaacb7-99cd-4d87-819a-d941cb77279d->f1d6cbd0-cc55-4a8c-aff9-0f6c18a578e9#21-t1, previous=(t:1, i:12), leaderCommit=6, initializing? false, entries: <empty>
2019-09-18 17:30:00,270 [grpc-default-executor-7] INFO  impl.RaftServerProxy (RaftServerProxy.java:remove(95)) - 3f36f173-4656-4d5a-831c-b6782f9f5ad2: remove group-4F90601D4E02:null
2019-09-18 17:30:00,273 [RatisPipelineUtilsThread] WARN  pipeline.RatisPipelineUtils (RatisPipelineUtils.java:destroyPipeline(66)) - Pipeline destroy failed for pipeline=PipelineID=8f3f41fd-663e-48bf-b10e-4f90601d4e02 dn=3f36f173-4656-4d5a-831c-b6782f9f5ad2{ip: 192.168.151.122, host: pr-hdds-2121-ltkqc-3926781246, networkLocation: /default-rack, certSerialId: null}
2019-09-18 17:30:00,276 [grpc-default-executor-7] INFO  impl.RaftServerProxy (RaftServerProxy.java:remove(95)) - f1d6cbd0-cc55-4a8c-aff9-0f6c18a578e9: remove group-4F90601D4E02:null
2019-09-18 17:30:00,278 [RatisPipelineUtilsThread] WARN  pipeline.RatisPipelineUtils (RatisPipelineUtils.java:destroyPipeline(66)) - Pipeline destroy failed for pipeline=PipelineID=8f3f41fd-663e-48bf-b10e-4f90601d4e02 dn=f1d6cbd0-cc55-4a8c-aff9-0f6c18a578e9{ip: 192.168.151.122, host: pr-hdds-2121-ltkqc-3926781246, networkLocation: /default-rack, certSerialId: null}
2019-09-18 17:30:00,280 [grpc-default-executor-7] INFO  impl.RaftServerProxy (RaftServerProxy.java:remove(95)) - befaacb7-99cd-4d87-819a-d941cb77279d: remove group-4F90601D4E02:null
2019-09-18 17:30:00,282 [RatisPipelineUtilsThread] WARN  pipeline.RatisPipelineUtils (RatisPipelineUtils.java:destroyPipeline(66)) - Pipeline destroy failed for pipeline=PipelineID=8f3f41fd-663e-48bf-b10e-4f90601d4e02 dn=befaacb7-99cd-4d87-819a-d941cb77279d{ip: 192.168.151.122, host: pr-hdds-2121-ltkqc-3926781246, networkLocation: /default-rack, certSerialId: null}
2019-09-18 17:30:00,282 [RatisPipelineUtilsThread] ERROR pipeline.SCMPipelineManager (Scheduler.java:lambda$schedule$1(70)) - Destroy pipeline failed for pipeline:Pipeline[ Id: 8f3f41fd-663e-48bf-b10e-4f90601d4e02, Nodes: 3f36f173-4656-4d5a-831c-b6782f9f5ad2{ip: 192.168.151.122, host: pr-hdds-2121-ltkqc-3926781246, networkLocation: /default-rack, certSerialId: null}f1d6cbd0-cc55-4a8c-aff9-0f6c18a578e9{ip: 192.168.151.122, host: pr-hdds-2121-ltkqc-3926781246, networkLocation: /default-rack, certSerialId: null}befaacb7-99cd-4d87-819a-d941cb77279d{ip: 192.168.151.122, host: pr-hdds-2121-ltkqc-3926781246, networkLocation: /default-rack, certSerialId: null}, Type:RATIS, Factor:THREE, State:CLOSED]
org.apache.hadoop.hdds.scm.pipeline.PipelineNotFoundException: PipelineID=8f3f41fd-663e-48bf-b10e-4f90601d4e02 not found
	at org.apache.hadoop.hdds.scm.pipeline.PipelineStateMap.getPipeline(PipelineStateMap.java:132)
	at org.apache.hadoop.hdds.scm.pipeline.PipelineStateMap.removePipeline(PipelineStateMap.java:322)
	at org.apache.hadoop.hdds.scm.pipeline.PipelineStateManager.removePipeline(PipelineStateManager.java:107)
	at org.apache.hadoop.hdds.scm.pipeline.SCMPipelineManager.removePipeline(SCMPipelineManager.java:423)
	at org.apache.hadoop.hdds.scm.pipeline.SCMPipelineManager.destroyPipeline(SCMPipelineManager.java:409)
	at org.apache.hadoop.hdds.scm.pipeline.SCMPipelineManager.lambda$finalizeAndDestroyPipeline$0(SCMPipelineManager.java:318)
	at org.apache.hadoop.utils.Scheduler.lambda$schedule$1(Scheduler.java:68)
	at java.util.concurrent.Executors$RunnableAdapter.call(Executors.java:511)
	at java.util.concurrent.FutureTask.run(FutureTask.java:266)
	at java.util.concurrent.ScheduledThreadPoolExecutor$ScheduledFutureTask.access$201(ScheduledThreadPoolExecutor.java:180)
	at java.util.concurrent.ScheduledThreadPoolExecutor$ScheduledFutureTask.run(ScheduledThreadPoolExecutor.java:293)
	at java.util.concurrent.ThreadPoolExecutor.runWorker(ThreadPoolExecutor.java:1149)
	at java.util.concurrent.ThreadPoolExecutor$Worker.run(ThreadPoolExecutor.java:624)
	at java.lang.Thread.run(Thread.java:748)
2019-09-18 17:30:00,822 [java.util.concurrent.ThreadPoolExecutor$Worker@326853c1[State = -1, empty queue]] WARN  server.GrpcLogAppender (GrpcLogAppender.java:timeoutAppendRequest(200)) - befaacb7-99cd-4d87-819a-d941cb77279d@group-AF8B3C156ABB->f1d6cbd0-cc55-4a8c-aff9-0f6c18a578e9-GrpcLogAppender: appendEntries Timeout, request=befaacb7-99cd-4d87-819a-d941cb77279d->f1d6cbd0-cc55-4a8c-aff9-0f6c18a578e9#22-t1, previous=(t:1, i:12), leaderCommit=6, initializing? false, entries: <empty>
2019-09-18 17:30:00,822 [java.util.concurrent.ThreadPoolExecutor$Worker@56ebe215[State = -1, empty queue]] WARN  server.GrpcLogAppender (GrpcLogAppender.java:timeoutAppendRequest(200)) - befaacb7-99cd-4d87-819a-d941cb77279d@group-AF8B3C156ABB->3f36f173-4656-4d5a-831c-b6782f9f5ad2-GrpcLogAppender: appendEntries Timeout, request=befaacb7-99cd-4d87-819a-d941cb77279d->3f36f173-4656-4d5a-831c-b6782f9f5ad2#22-t1, previous=(t:1, i:12), leaderCommit=6, initializing? false, entries: <empty>
2019-09-18 17:30:02,271 [grpc-default-executor-9] INFO  impl.RaftServerProxy (RaftServerProxy.java:remove(95)) - 3f36f173-4656-4d5a-831c-b6782f9f5ad2: remove group-4F90601D4E02:null
2019-09-18 17:30:02,273 [RatisPipelineUtilsThread] WARN  pipeline.RatisPipelineUtils (RatisPipelineUtils.java:destroyPipeline(66)) - Pipeline destroy failed for pipeline=PipelineID=8f3f41fd-663e-48bf-b10e-4f90601d4e02 dn=3f36f173-4656-4d5a-831c-b6782f9f5ad2{ip: 192.168.151.122, host: pr-hdds-2121-ltkqc-3926781246, networkLocation: /default-rack, certSerialId: null}
2019-09-18 17:30:02,276 [grpc-default-executor-9] INFO  impl.RaftServerProxy (RaftServerProxy.java:remove(95)) - f1d6cbd0-cc55-4a8c-aff9-0f6c18a578e9: remove group-4F90601D4E02:null
2019-09-18 17:30:02,278 [RatisPipelineUtilsThread] WARN  pipeline.RatisPipelineUtils (RatisPipelineUtils.java:destroyPipeline(66)) - Pipeline destroy failed for pipeline=PipelineID=8f3f41fd-663e-48bf-b10e-4f90601d4e02 dn=f1d6cbd0-cc55-4a8c-aff9-0f6c18a578e9{ip: 192.168.151.122, host: pr-hdds-2121-ltkqc-3926781246, networkLocation: /default-rack, certSerialId: null}
2019-09-18 17:30:02,280 [grpc-default-executor-9] INFO  impl.RaftServerProxy (RaftServerProxy.java:remove(95)) - befaacb7-99cd-4d87-819a-d941cb77279d: remove group-4F90601D4E02:null
2019-09-18 17:30:02,282 [RatisPipelineUtilsThread] WARN  pipeline.RatisPipelineUtils (RatisPipelineUtils.java:destroyPipeline(66)) - Pipeline destroy failed for pipeline=PipelineID=8f3f41fd-663e-48bf-b10e-4f90601d4e02 dn=befaacb7-99cd-4d87-819a-d941cb77279d{ip: 192.168.151.122, host: pr-hdds-2121-ltkqc-3926781246, networkLocation: /default-rack, certSerialId: null}
2019-09-18 17:30:02,283 [RatisPipelineUtilsThread] ERROR pipeline.SCMPipelineManager (Scheduler.java:lambda$schedule$1(70)) - Destroy pipeline failed for pipeline:Pipeline[ Id: 8f3f41fd-663e-48bf-b10e-4f90601d4e02, Nodes: 3f36f173-4656-4d5a-831c-b6782f9f5ad2{ip: 192.168.151.122, host: pr-hdds-2121-ltkqc-3926781246, networkLocation: /default-rack, certSerialId: null}f1d6cbd0-cc55-4a8c-aff9-0f6c18a578e9{ip: 192.168.151.122, host: pr-hdds-2121-ltkqc-3926781246, networkLocation: /default-rack, certSerialId: null}befaacb7-99cd-4d87-819a-d941cb77279d{ip: 192.168.151.122, host: pr-hdds-2121-ltkqc-3926781246, networkLocation: /default-rack, certSerialId: null}, Type:RATIS, Factor:THREE, State:CLOSED]
org.apache.hadoop.hdds.scm.pipeline.PipelineNotFoundException: PipelineID=8f3f41fd-663e-48bf-b10e-4f90601d4e02 not found
	at org.apache.hadoop.hdds.scm.pipeline.PipelineStateMap.getPipeline(PipelineStateMap.java:132)
	at org.apache.hadoop.hdds.scm.pipeline.PipelineStateMap.removePipeline(PipelineStateMap.java:322)
	at org.apache.hadoop.hdds.scm.pipeline.PipelineStateManager.removePipeline(PipelineStateManager.java:107)
	at org.apache.hadoop.hdds.scm.pipeline.SCMPipelineManager.removePipeline(SCMPipelineManager.java:423)
	at org.apache.hadoop.hdds.scm.pipeline.SCMPipelineManager.destroyPipeline(SCMPipelineManager.java:409)
	at org.apache.hadoop.hdds.scm.pipeline.SCMPipelineManager.lambda$finalizeAndDestroyPipeline$0(SCMPipelineManager.java:318)
	at org.apache.hadoop.utils.Scheduler.lambda$schedule$1(Scheduler.java:68)
	at java.util.concurrent.Executors$RunnableAdapter.call(Executors.java:511)
	at java.util.concurrent.FutureTask.run(FutureTask.java:266)
	at java.util.concurrent.ScheduledThreadPoolExecutor$ScheduledFutureTask.access$201(ScheduledThreadPoolExecutor.java:180)
	at java.util.concurrent.ScheduledThreadPoolExecutor$ScheduledFutureTask.run(ScheduledThreadPoolExecutor.java:293)
	at java.util.concurrent.ThreadPoolExecutor.runWorker(ThreadPoolExecutor.java:1149)
	at java.util.concurrent.ThreadPoolExecutor$Worker.run(ThreadPoolExecutor.java:624)
	at java.lang.Thread.run(Thread.java:748)
2019-09-18 17:30:02,915 [grpc-default-executor-7] INFO  client.GrpcClientProtocolClient (GrpcClientProtocolClient.java:onNext(264)) - client-A5AEF000217A->f1d6cbd0-cc55-4a8c-aff9-0f6c18a578e9: receive RaftClientReply:client-A5AEF000217A->f1d6cbd0-cc55-4a8c-aff9-0f6c18a578e9@group-AF8B3C156ABB, cid=131, FAILED org.apache.ratis.protocol.NotLeaderException: Server f1d6cbd0-cc55-4a8c-aff9-0f6c18a578e9@group-AF8B3C156ABB is not the leader befaacb7-99cd-4d87-819a-d941cb77279d:192.168.151.122:44171, logIndex=0, commits[f1d6cbd0-cc55-4a8c-aff9-0f6c18a578e9:c6, befaacb7-99cd-4d87-819a-d941cb77279d:c6, 3f36f173-4656-4d5a-831c-b6782f9f5ad2:c4]
2019-09-18 17:30:03,323 [java.util.concurrent.ThreadPoolExecutor$Worker@326853c1[State = -1, empty queue]] WARN  server.GrpcLogAppender (GrpcLogAppender.java:timeoutAppendRequest(200)) - befaacb7-99cd-4d87-819a-d941cb77279d@group-AF8B3C156ABB->f1d6cbd0-cc55-4a8c-aff9-0f6c18a578e9-GrpcLogAppender: appendEntries Timeout, request=befaacb7-99cd-4d87-819a-d941cb77279d->f1d6cbd0-cc55-4a8c-aff9-0f6c18a578e9#23-t1, previous=(t:1, i:12), leaderCommit=6, initializing? false, entries: <empty>
2019-09-18 17:30:03,323 [java.util.concurrent.ThreadPoolExecutor$Worker@56ebe215[State = -1, empty queue]] WARN  server.GrpcLogAppender (GrpcLogAppender.java:timeoutAppendRequest(200)) - befaacb7-99cd-4d87-819a-d941cb77279d@group-AF8B3C156ABB->3f36f173-4656-4d5a-831c-b6782f9f5ad2-GrpcLogAppender: appendEntries Timeout, request=befaacb7-99cd-4d87-819a-d941cb77279d->3f36f173-4656-4d5a-831c-b6782f9f5ad2#23-t1, previous=(t:1, i:12), leaderCommit=6, initializing? false, entries: <empty>
2019-09-18 17:30:05,274 [grpc-default-executor-9] INFO  impl.RaftServerProxy (RaftServerProxy.java:remove(95)) - 3f36f173-4656-4d5a-831c-b6782f9f5ad2: remove group-4F90601D4E02:null
2019-09-18 17:30:05,278 [RatisPipelineUtilsThread] WARN  pipeline.RatisPipelineUtils (RatisPipelineUtils.java:destroyPipeline(66)) - Pipeline destroy failed for pipeline=PipelineID=8f3f41fd-663e-48bf-b10e-4f90601d4e02 dn=3f36f173-4656-4d5a-831c-b6782f9f5ad2{ip: 192.168.151.122, host: pr-hdds-2121-ltkqc-3926781246, networkLocation: /default-rack, certSerialId: null}
2019-09-18 17:30:05,280 [grpc-default-executor-9] INFO  impl.RaftServerProxy (RaftServerProxy.java:remove(95)) - f1d6cbd0-cc55-4a8c-aff9-0f6c18a578e9: remove group-4F90601D4E02:null
2019-09-18 17:30:05,282 [RatisPipelineUtilsThread] WARN  pipeline.RatisPipelineUtils (RatisPipelineUtils.java:destroyPipeline(66)) - Pipeline destroy failed for pipeline=PipelineID=8f3f41fd-663e-48bf-b10e-4f90601d4e02 dn=f1d6cbd0-cc55-4a8c-aff9-0f6c18a578e9{ip: 192.168.151.122, host: pr-hdds-2121-ltkqc-3926781246, networkLocation: /default-rack, certSerialId: null}
2019-09-18 17:30:05,285 [grpc-default-executor-9] INFO  impl.RaftServerProxy (RaftServerProxy.java:remove(95)) - befaacb7-99cd-4d87-819a-d941cb77279d: remove group-4F90601D4E02:null
2019-09-18 17:30:05,287 [RatisPipelineUtilsThread] WARN  pipeline.RatisPipelineUtils (RatisPipelineUtils.java:destroyPipeline(66)) - Pipeline destroy failed for pipeline=PipelineID=8f3f41fd-663e-48bf-b10e-4f90601d4e02 dn=befaacb7-99cd-4d87-819a-d941cb77279d{ip: 192.168.151.122, host: pr-hdds-2121-ltkqc-3926781246, networkLocation: /default-rack, certSerialId: null}
2019-09-18 17:30:05,287 [RatisPipelineUtilsThread] ERROR pipeline.SCMPipelineManager (Scheduler.java:lambda$schedule$1(70)) - Destroy pipeline failed for pipeline:Pipeline[ Id: 8f3f41fd-663e-48bf-b10e-4f90601d4e02, Nodes: 3f36f173-4656-4d5a-831c-b6782f9f5ad2{ip: 192.168.151.122, host: pr-hdds-2121-ltkqc-3926781246, networkLocation: /default-rack, certSerialId: null}f1d6cbd0-cc55-4a8c-aff9-0f6c18a578e9{ip: 192.168.151.122, host: pr-hdds-2121-ltkqc-3926781246, networkLocation: /default-rack, certSerialId: null}befaacb7-99cd-4d87-819a-d941cb77279d{ip: 192.168.151.122, host: pr-hdds-2121-ltkqc-3926781246, networkLocation: /default-rack, certSerialId: null}, Type:RATIS, Factor:THREE, State:CLOSED]
org.apache.hadoop.hdds.scm.pipeline.PipelineNotFoundException: PipelineID=8f3f41fd-663e-48bf-b10e-4f90601d4e02 not found
	at org.apache.hadoop.hdds.scm.pipeline.PipelineStateMap.getPipeline(PipelineStateMap.java:132)
	at org.apache.hadoop.hdds.scm.pipeline.PipelineStateMap.removePipeline(PipelineStateMap.java:322)
	at org.apache.hadoop.hdds.scm.pipeline.PipelineStateManager.removePipeline(PipelineStateManager.java:107)
	at org.apache.hadoop.hdds.scm.pipeline.SCMPipelineManager.removePipeline(SCMPipelineManager.java:423)
	at org.apache.hadoop.hdds.scm.pipeline.SCMPipelineManager.destroyPipeline(SCMPipelineManager.java:409)
	at org.apache.hadoop.hdds.scm.pipeline.SCMPipelineManager.lambda$finalizeAndDestroyPipeline$0(SCMPipelineManager.java:318)
	at org.apache.hadoop.utils.Scheduler.lambda$schedule$1(Scheduler.java:68)
	at java.util.concurrent.Executors$RunnableAdapter.call(Executors.java:511)
	at java.util.concurrent.FutureTask.run(FutureTask.java:266)
	at java.util.concurrent.ScheduledThreadPoolExecutor$ScheduledFutureTask.access$201(ScheduledThreadPoolExecutor.java:180)
	at java.util.concurrent.ScheduledThreadPoolExecutor$ScheduledFutureTask.run(ScheduledThreadPoolExecutor.java:293)
	at java.util.concurrent.ThreadPoolExecutor.runWorker(ThreadPoolExecutor.java:1149)
	at java.util.concurrent.ThreadPoolExecutor$Worker.run(ThreadPoolExecutor.java:624)
	at java.lang.Thread.run(Thread.java:748)
2019-09-18 17:30:05,823 [java.util.concurrent.ThreadPoolExecutor$Worker@56ebe215[State = -1, empty queue]] WARN  server.GrpcLogAppender (GrpcLogAppender.java:timeoutAppendRequest(200)) - befaacb7-99cd-4d87-819a-d941cb77279d@group-AF8B3C156ABB->3f36f173-4656-4d5a-831c-b6782f9f5ad2-GrpcLogAppender: appendEntries Timeout, request=befaacb7-99cd-4d87-819a-d941cb77279d->3f36f173-4656-4d5a-831c-b6782f9f5ad2#24-t1, previous=(t:1, i:12), leaderCommit=6, initializing? false, entries: <empty>
2019-09-18 17:30:05,823 [java.util.concurrent.ThreadPoolExecutor$Worker@326853c1[State = -1, empty queue]] WARN  server.GrpcLogAppender (GrpcLogAppender.java:timeoutAppendRequest(200)) - befaacb7-99cd-4d87-819a-d941cb77279d@group-AF8B3C156ABB->f1d6cbd0-cc55-4a8c-aff9-0f6c18a578e9-GrpcLogAppender: appendEntries Timeout, request=befaacb7-99cd-4d87-819a-d941cb77279d->f1d6cbd0-cc55-4a8c-aff9-0f6c18a578e9#24-t1, previous=(t:1, i:12), leaderCommit=6, initializing? false, entries: <empty>
2019-09-18 17:30:07,270 [grpc-default-executor-7] INFO  impl.RaftServerProxy (RaftServerProxy.java:remove(95)) - 3f36f173-4656-4d5a-831c-b6782f9f5ad2: remove group-4F90601D4E02:null
2019-09-18 17:30:07,273 [RatisPipelineUtilsThread] WARN  pipeline.RatisPipelineUtils (RatisPipelineUtils.java:destroyPipeline(66)) - Pipeline destroy failed for pipeline=PipelineID=8f3f41fd-663e-48bf-b10e-4f90601d4e02 dn=3f36f173-4656-4d5a-831c-b6782f9f5ad2{ip: 192.168.151.122, host: pr-hdds-2121-ltkqc-3926781246, networkLocation: /default-rack, certSerialId: null}
2019-09-18 17:30:07,276 [grpc-default-executor-7] INFO  impl.RaftServerProxy (RaftServerProxy.java:remove(95)) - f1d6cbd0-cc55-4a8c-aff9-0f6c18a578e9: remove group-4F90601D4E02:null
2019-09-18 17:30:07,278 [RatisPipelineUtilsThread] WARN  pipeline.RatisPipelineUtils (RatisPipelineUtils.java:destroyPipeline(66)) - Pipeline destroy failed for pipeline=PipelineID=8f3f41fd-663e-48bf-b10e-4f90601d4e02 dn=f1d6cbd0-cc55-4a8c-aff9-0f6c18a578e9{ip: 192.168.151.122, host: pr-hdds-2121-ltkqc-3926781246, networkLocation: /default-rack, certSerialId: null}
2019-09-18 17:30:07,281 [grpc-default-executor-7] INFO  impl.RaftServerProxy (RaftServerProxy.java:remove(95)) - befaacb7-99cd-4d87-819a-d941cb77279d: remove group-4F90601D4E02:null
2019-09-18 17:30:07,283 [RatisPipelineUtilsThread] WARN  pipeline.RatisPipelineUtils (RatisPipelineUtils.java:destroyPipeline(66)) - Pipeline destroy failed for pipeline=PipelineID=8f3f41fd-663e-48bf-b10e-4f90601d4e02 dn=befaacb7-99cd-4d87-819a-d941cb77279d{ip: 192.168.151.122, host: pr-hdds-2121-ltkqc-3926781246, networkLocation: /default-rack, certSerialId: null}
2019-09-18 17:30:07,283 [RatisPipelineUtilsThread] ERROR pipeline.SCMPipelineManager (Scheduler.java:lambda$schedule$1(70)) - Destroy pipeline failed for pipeline:Pipeline[ Id: 8f3f41fd-663e-48bf-b10e-4f90601d4e02, Nodes: 3f36f173-4656-4d5a-831c-b6782f9f5ad2{ip: 192.168.151.122, host: pr-hdds-2121-ltkqc-3926781246, networkLocation: /default-rack, certSerialId: null}f1d6cbd0-cc55-4a8c-aff9-0f6c18a578e9{ip: 192.168.151.122, host: pr-hdds-2121-ltkqc-3926781246, networkLocation: /default-rack, certSerialId: null}befaacb7-99cd-4d87-819a-d941cb77279d{ip: 192.168.151.122, host: pr-hdds-2121-ltkqc-3926781246, networkLocation: /default-rack, certSerialId: null}, Type:RATIS, Factor:THREE, State:CLOSED]
org.apache.hadoop.hdds.scm.pipeline.PipelineNotFoundException: PipelineID=8f3f41fd-663e-48bf-b10e-4f90601d4e02 not found
	at org.apache.hadoop.hdds.scm.pipeline.PipelineStateMap.getPipeline(PipelineStateMap.java:132)
	at org.apache.hadoop.hdds.scm.pipeline.PipelineStateMap.removePipeline(PipelineStateMap.java:322)
	at org.apache.hadoop.hdds.scm.pipeline.PipelineStateManager.removePipeline(PipelineStateManager.java:107)
	at org.apache.hadoop.hdds.scm.pipeline.SCMPipelineManager.removePipeline(SCMPipelineManager.java:423)
	at org.apache.hadoop.hdds.scm.pipeline.SCMPipelineManager.destroyPipeline(SCMPipelineManager.java:409)
	at org.apache.hadoop.hdds.scm.pipeline.SCMPipelineManager.lambda$finalizeAndDestroyPipeline$0(SCMPipelineManager.java:318)
	at org.apache.hadoop.utils.Scheduler.lambda$schedule$1(Scheduler.java:68)
	at java.util.concurrent.Executors$RunnableAdapter.call(Executors.java:511)
	at java.util.concurrent.FutureTask.run(FutureTask.java:266)
	at java.util.concurrent.ScheduledThreadPoolExecutor$ScheduledFutureTask.access$201(ScheduledThreadPoolExecutor.java:180)
	at java.util.concurrent.ScheduledThreadPoolExecutor$ScheduledFutureTask.run(ScheduledThreadPoolExecutor.java:293)
	at java.util.concurrent.ThreadPoolExecutor.runWorker(ThreadPoolExecutor.java:1149)
	at java.util.concurrent.ThreadPoolExecutor$Worker.run(ThreadPoolExecutor.java:624)
	at java.lang.Thread.run(Thread.java:748)
2019-09-18 17:30:07,817 [befaacb7-99cd-4d87-819a-d941cb77279d@group-AF8B3C156ABB-SegmentedRaftLogWorker] WARN  segmented.SegmentedRaftLogWorker (SegmentedRaftLogWorker.java:getFromFuture(90)) - Timeout 1/~
org.apache.ratis.protocol.TimeoutIOException: Timeout 10s: WriteLog:7: (t:1, i:7), STATEMACHINELOGENTRY, client-A5AEF000217A, cid=131-writeStateMachineData
	at org.apache.ratis.util.IOUtils.getFromFuture(IOUtils.java:87)
	at org.apache.ratis.server.raftlog.segmented.SegmentedRaftLogWorker$StateMachineDataPolicy.getFromFuture(SegmentedRaftLogWorker.java:87)
	at org.apache.ratis.server.raftlog.segmented.SegmentedRaftLogWorker$WriteLog.execute(SegmentedRaftLogWorker.java:477)
	at org.apache.ratis.server.raftlog.segmented.SegmentedRaftLogWorker.run(SegmentedRaftLogWorker.java:289)
	at java.lang.Thread.run(Thread.java:748)
Caused by: java.util.concurrent.TimeoutException
	at java.util.concurrent.CompletableFuture.timedGet(CompletableFuture.java:1771)
	at java.util.concurrent.CompletableFuture.get(CompletableFuture.java:1915)
	at org.apache.ratis.util.IOUtils.getFromFuture(IOUtils.java:79)
	... 4 more
2019-09-18 17:30:07,818 [3f36f173-4656-4d5a-831c-b6782f9f5ad2@group-AF8B3C156ABB-SegmentedRaftLogWorker] WARN  segmented.SegmentedRaftLogWorker (SegmentedRaftLogWorker.java:getFromFuture(90)) - Timeout 1/~
org.apache.ratis.protocol.TimeoutIOException: Timeout 10s: WriteLog:7: (t:1, i:7), STATEMACHINELOGENTRY, client-A5AEF000217A, cid=131-writeStateMachineData
	at org.apache.ratis.util.IOUtils.getFromFuture(IOUtils.java:87)
	at org.apache.ratis.server.raftlog.segmented.SegmentedRaftLogWorker$StateMachineDataPolicy.getFromFuture(SegmentedRaftLogWorker.java:87)
	at org.apache.ratis.server.raftlog.segmented.SegmentedRaftLogWorker$WriteLog.execute(SegmentedRaftLogWorker.java:477)
	at org.apache.ratis.server.raftlog.segmented.SegmentedRaftLogWorker.run(SegmentedRaftLogWorker.java:289)
	at java.lang.Thread.run(Thread.java:748)
Caused by: java.util.concurrent.TimeoutException
	at java.util.concurrent.CompletableFuture.timedGet(CompletableFuture.java:1771)
	at java.util.concurrent.CompletableFuture.get(CompletableFuture.java:1915)
	at org.apache.ratis.util.IOUtils.getFromFuture(IOUtils.java:79)
	... 4 more
2019-09-18 17:30:07,818 [f1d6cbd0-cc55-4a8c-aff9-0f6c18a578e9@group-AF8B3C156ABB-SegmentedRaftLogWorker] WARN  segmented.SegmentedRaftLogWorker (SegmentedRaftLogWorker.java:getFromFuture(90)) - Timeout 1/~
org.apache.ratis.protocol.TimeoutIOException: Timeout 10s: WriteLog:7: (t:1, i:7), STATEMACHINELOGENTRY, client-A5AEF000217A, cid=131-writeStateMachineData
	at org.apache.ratis.util.IOUtils.getFromFuture(IOUtils.java:87)
	at org.apache.ratis.server.raftlog.segmented.SegmentedRaftLogWorker$StateMachineDataPolicy.getFromFuture(SegmentedRaftLogWorker.java:87)
	at org.apache.ratis.server.raftlog.segmented.SegmentedRaftLogWorker$WriteLog.execute(SegmentedRaftLogWorker.java:477)
	at org.apache.ratis.server.raftlog.segmented.SegmentedRaftLogWorker.run(SegmentedRaftLogWorker.java:289)
	at java.lang.Thread.run(Thread.java:748)
Caused by: java.util.concurrent.TimeoutException
	at java.util.concurrent.CompletableFuture.timedGet(CompletableFuture.java:1771)
	at java.util.concurrent.CompletableFuture.get(CompletableFuture.java:1915)
	at org.apache.ratis.util.IOUtils.getFromFuture(IOUtils.java:79)
	... 4 more
2019-09-18 17:30:07,942 [grpc-default-executor-9] INFO  client.GrpcClientProtocolClient (GrpcClientProtocolClient.java:onNext(264)) - client-A5AEF000217A->f1d6cbd0-cc55-4a8c-aff9-0f6c18a578e9: receive RaftClientReply:client-A5AEF000217A->f1d6cbd0-cc55-4a8c-aff9-0f6c18a578e9@group-AF8B3C156ABB, cid=131, FAILED org.apache.ratis.protocol.NotLeaderException: Server f1d6cbd0-cc55-4a8c-aff9-0f6c18a578e9@group-AF8B3C156ABB is not the leader befaacb7-99cd-4d87-819a-d941cb77279d:192.168.151.122:44171, logIndex=0, commits[f1d6cbd0-cc55-4a8c-aff9-0f6c18a578e9:c6, befaacb7-99cd-4d87-819a-d941cb77279d:c6, 3f36f173-4656-4d5a-831c-b6782f9f5ad2:c4]
2019-09-18 17:30:08,323 [java.util.concurrent.ThreadPoolExecutor$Worker@56ebe215[State = -1, empty queue]] WARN  server.GrpcLogAppender (GrpcLogAppender.java:timeoutAppendRequest(200)) - befaacb7-99cd-4d87-819a-d941cb77279d@group-AF8B3C156ABB->3f36f173-4656-4d5a-831c-b6782f9f5ad2-GrpcLogAppender: appendEntries Timeout, request=befaacb7-99cd-4d87-819a-d941cb77279d->3f36f173-4656-4d5a-831c-b6782f9f5ad2#25-t1, previous=(t:1, i:12), leaderCommit=6, initializing? false, entries: <empty>
2019-09-18 17:30:08,323 [java.util.concurrent.ThreadPoolExecutor$Worker@326853c1[State = -1, empty queue]] WARN  server.GrpcLogAppender (GrpcLogAppender.java:timeoutAppendRequest(200)) - befaacb7-99cd-4d87-819a-d941cb77279d@group-AF8B3C156ABB->f1d6cbd0-cc55-4a8c-aff9-0f6c18a578e9-GrpcLogAppender: appendEntries Timeout, request=befaacb7-99cd-4d87-819a-d941cb77279d->f1d6cbd0-cc55-4a8c-aff9-0f6c18a578e9#25-t1, previous=(t:1, i:12), leaderCommit=6, initializing? false, entries: <empty>
2019-09-18 17:30:10,275 [grpc-default-executor-6] INFO  impl.RaftServerProxy (RaftServerProxy.java:remove(95)) - 3f36f173-4656-4d5a-831c-b6782f9f5ad2: remove group-4F90601D4E02:null
2019-09-18 17:30:10,279 [RatisPipelineUtilsThread] WARN  pipeline.RatisPipelineUtils (RatisPipelineUtils.java:destroyPipeline(66)) - Pipeline destroy failed for pipeline=PipelineID=8f3f41fd-663e-48bf-b10e-4f90601d4e02 dn=3f36f173-4656-4d5a-831c-b6782f9f5ad2{ip: 192.168.151.122, host: pr-hdds-2121-ltkqc-3926781246, networkLocation: /default-rack, certSerialId: null}
2019-09-18 17:30:10,282 [grpc-default-executor-6] INFO  impl.RaftServerProxy (RaftServerProxy.java:remove(95)) - f1d6cbd0-cc55-4a8c-aff9-0f6c18a578e9: remove group-4F90601D4E02:null
2019-09-18 17:30:10,284 [RatisPipelineUtilsThread] WARN  pipeline.RatisPipelineUtils (RatisPipelineUtils.java:destroyPipeline(66)) - Pipeline destroy failed for pipeline=PipelineID=8f3f41fd-663e-48bf-b10e-4f90601d4e02 dn=f1d6cbd0-cc55-4a8c-aff9-0f6c18a578e9{ip: 192.168.151.122, host: pr-hdds-2121-ltkqc-3926781246, networkLocation: /default-rack, certSerialId: null}
2019-09-18 17:30:10,286 [grpc-default-executor-6] INFO  impl.RaftServerProxy (RaftServerProxy.java:remove(95)) - befaacb7-99cd-4d87-819a-d941cb77279d: remove group-4F90601D4E02:null
2019-09-18 17:30:10,287 [RatisPipelineUtilsThread] WARN  pipeline.RatisPipelineUtils (RatisPipelineUtils.java:destroyPipeline(66)) - Pipeline destroy failed for pipeline=PipelineID=8f3f41fd-663e-48bf-b10e-4f90601d4e02 dn=befaacb7-99cd-4d87-819a-d941cb77279d{ip: 192.168.151.122, host: pr-hdds-2121-ltkqc-3926781246, networkLocation: /default-rack, certSerialId: null}
2019-09-18 17:30:10,288 [RatisPipelineUtilsThread] ERROR pipeline.SCMPipelineManager (Scheduler.java:lambda$schedule$1(70)) - Destroy pipeline failed for pipeline:Pipeline[ Id: 8f3f41fd-663e-48bf-b10e-4f90601d4e02, Nodes: 3f36f173-4656-4d5a-831c-b6782f9f5ad2{ip: 192.168.151.122, host: pr-hdds-2121-ltkqc-3926781246, networkLocation: /default-rack, certSerialId: null}f1d6cbd0-cc55-4a8c-aff9-0f6c18a578e9{ip: 192.168.151.122, host: pr-hdds-2121-ltkqc-3926781246, networkLocation: /default-rack, certSerialId: null}befaacb7-99cd-4d87-819a-d941cb77279d{ip: 192.168.151.122, host: pr-hdds-2121-ltkqc-3926781246, networkLocation: /default-rack, certSerialId: null}, Type:RATIS, Factor:THREE, State:CLOSED]
org.apache.hadoop.hdds.scm.pipeline.PipelineNotFoundException: PipelineID=8f3f41fd-663e-48bf-b10e-4f90601d4e02 not found
	at org.apache.hadoop.hdds.scm.pipeline.PipelineStateMap.getPipeline(PipelineStateMap.java:132)
	at org.apache.hadoop.hdds.scm.pipeline.PipelineStateMap.removePipeline(PipelineStateMap.java:322)
	at org.apache.hadoop.hdds.scm.pipeline.PipelineStateManager.removePipeline(PipelineStateManager.java:107)
	at org.apache.hadoop.hdds.scm.pipeline.SCMPipelineManager.removePipeline(SCMPipelineManager.java:423)
	at org.apache.hadoop.hdds.scm.pipeline.SCMPipelineManager.destroyPipeline(SCMPipelineManager.java:409)
	at org.apache.hadoop.hdds.scm.pipeline.SCMPipelineManager.lambda$finalizeAndDestroyPipeline$0(SCMPipelineManager.java:318)
	at org.apache.hadoop.utils.Scheduler.lambda$schedule$1(Scheduler.java:68)
	at java.util.concurrent.Executors$RunnableAdapter.call(Executors.java:511)
	at java.util.concurrent.FutureTask.run(FutureTask.java:266)
	at java.util.concurrent.ScheduledThreadPoolExecutor$ScheduledFutureTask.access$201(ScheduledThreadPoolExecutor.java:180)
	at java.util.concurrent.ScheduledThreadPoolExecutor$ScheduledFutureTask.run(ScheduledThreadPoolExecutor.java:293)
	at java.util.concurrent.ThreadPoolExecutor.runWorker(ThreadPoolExecutor.java:1149)
	at java.util.concurrent.ThreadPoolExecutor$Worker.run(ThreadPoolExecutor.java:624)
	at java.lang.Thread.run(Thread.java:748)
2019-09-18 17:30:10,824 [java.util.concurrent.ThreadPoolExecutor$Worker@56ebe215[State = -1, empty queue]] WARN  server.GrpcLogAppender (GrpcLogAppender.java:timeoutAppendRequest(200)) - befaacb7-99cd-4d87-819a-d941cb77279d@group-AF8B3C156ABB->3f36f173-4656-4d5a-831c-b6782f9f5ad2-GrpcLogAppender: appendEntries Timeout, request=befaacb7-99cd-4d87-819a-d941cb77279d->3f36f173-4656-4d5a-831c-b6782f9f5ad2#26-t1, previous=(t:1, i:12), leaderCommit=6, initializing? false, entries: <empty>
2019-09-18 17:30:10,824 [java.util.concurrent.ThreadPoolExecutor$Worker@326853c1[State = -1, empty queue]] WARN  server.GrpcLogAppender (GrpcLogAppender.java:timeoutAppendRequest(200)) - befaacb7-99cd-4d87-819a-d941cb77279d@group-AF8B3C156ABB->f1d6cbd0-cc55-4a8c-aff9-0f6c18a578e9-GrpcLogAppender: appendEntries Timeout, request=befaacb7-99cd-4d87-819a-d941cb77279d->f1d6cbd0-cc55-4a8c-aff9-0f6c18a578e9#26-t1, previous=(t:1, i:12), leaderCommit=6, initializing? false, entries: <empty>
2019-09-18 17:30:12,270 [grpc-default-executor-9] INFO  impl.RaftServerProxy (RaftServerProxy.java:remove(95)) - 3f36f173-4656-4d5a-831c-b6782f9f5ad2: remove group-4F90601D4E02:null
2019-09-18 17:30:12,273 [RatisPipelineUtilsThread] WARN  pipeline.RatisPipelineUtils (RatisPipelineUtils.java:destroyPipeline(66)) - Pipeline destroy failed for pipeline=PipelineID=8f3f41fd-663e-48bf-b10e-4f90601d4e02 dn=3f36f173-4656-4d5a-831c-b6782f9f5ad2{ip: 192.168.151.122, host: pr-hdds-2121-ltkqc-3926781246, networkLocation: /default-rack, certSerialId: null}
2019-09-18 17:30:12,275 [grpc-default-executor-9] INFO  impl.RaftServerProxy (RaftServerProxy.java:remove(95)) - f1d6cbd0-cc55-4a8c-aff9-0f6c18a578e9: remove group-4F90601D4E02:null
2019-09-18 17:30:12,278 [RatisPipelineUtilsThread] WARN  pipeline.RatisPipelineUtils (RatisPipelineUtils.java:destroyPipeline(66)) - Pipeline destroy failed for pipeline=PipelineID=8f3f41fd-663e-48bf-b10e-4f90601d4e02 dn=f1d6cbd0-cc55-4a8c-aff9-0f6c18a578e9{ip: 192.168.151.122, host: pr-hdds-2121-ltkqc-3926781246, networkLocation: /default-rack, certSerialId: null}
2019-09-18 17:30:12,280 [grpc-default-executor-9] INFO  impl.RaftServerProxy (RaftServerProxy.java:remove(95)) - befaacb7-99cd-4d87-819a-d941cb77279d: remove group-4F90601D4E02:null
2019-09-18 17:30:12,282 [RatisPipelineUtilsThread] WARN  pipeline.RatisPipelineUtils (RatisPipelineUtils.java:destroyPipeline(66)) - Pipeline destroy failed for pipeline=PipelineID=8f3f41fd-663e-48bf-b10e-4f90601d4e02 dn=befaacb7-99cd-4d87-819a-d941cb77279d{ip: 192.168.151.122, host: pr-hdds-2121-ltkqc-3926781246, networkLocation: /default-rack, certSerialId: null}
2019-09-18 17:30:12,283 [RatisPipelineUtilsThread] ERROR pipeline.SCMPipelineManager (Scheduler.java:lambda$schedule$1(70)) - Destroy pipeline failed for pipeline:Pipeline[ Id: 8f3f41fd-663e-48bf-b10e-4f90601d4e02, Nodes: 3f36f173-4656-4d5a-831c-b6782f9f5ad2{ip: 192.168.151.122, host: pr-hdds-2121-ltkqc-3926781246, networkLocation: /default-rack, certSerialId: null}f1d6cbd0-cc55-4a8c-aff9-0f6c18a578e9{ip: 192.168.151.122, host: pr-hdds-2121-ltkqc-3926781246, networkLocation: /default-rack, certSerialId: null}befaacb7-99cd-4d87-819a-d941cb77279d{ip: 192.168.151.122, host: pr-hdds-2121-ltkqc-3926781246, networkLocation: /default-rack, certSerialId: null}, Type:RATIS, Factor:THREE, State:CLOSED]
org.apache.hadoop.hdds.scm.pipeline.PipelineNotFoundException: PipelineID=8f3f41fd-663e-48bf-b10e-4f90601d4e02 not found
	at org.apache.hadoop.hdds.scm.pipeline.PipelineStateMap.getPipeline(PipelineStateMap.java:132)
	at org.apache.hadoop.hdds.scm.pipeline.PipelineStateMap.removePipeline(PipelineStateMap.java:322)
	at org.apache.hadoop.hdds.scm.pipeline.PipelineStateManager.removePipeline(PipelineStateManager.java:107)
	at org.apache.hadoop.hdds.scm.pipeline.SCMPipelineManager.removePipeline(SCMPipelineManager.java:423)
	at org.apache.hadoop.hdds.scm.pipeline.SCMPipelineManager.destroyPipeline(SCMPipelineManager.java:409)
	at org.apache.hadoop.hdds.scm.pipeline.SCMPipelineManager.lambda$finalizeAndDestroyPipeline$0(SCMPipelineManager.java:318)
	at org.apache.hadoop.utils.Scheduler.lambda$schedule$1(Scheduler.java:68)
	at java.util.concurrent.Executors$RunnableAdapter.call(Executors.java:511)
	at java.util.concurrent.FutureTask.run(FutureTask.java:266)
	at java.util.concurrent.ScheduledThreadPoolExecutor$ScheduledFutureTask.access$201(ScheduledThreadPoolExecutor.java:180)
	at java.util.concurrent.ScheduledThreadPoolExecutor$ScheduledFutureTask.run(ScheduledThreadPoolExecutor.java:293)
	at java.util.concurrent.ThreadPoolExecutor.runWorker(ThreadPoolExecutor.java:1149)
	at java.util.concurrent.ThreadPoolExecutor$Worker.run(ThreadPoolExecutor.java:624)
	at java.lang.Thread.run(Thread.java:748)
2019-09-18 17:30:12,986 [grpc-default-executor-6] INFO  client.GrpcClientProtocolClient (GrpcClientProtocolClient.java:onNext(264)) - client-A5AEF000217A->3f36f173-4656-4d5a-831c-b6782f9f5ad2: receive RaftClientReply:client-A5AEF000217A->3f36f173-4656-4d5a-831c-b6782f9f5ad2@group-AF8B3C156ABB, cid=131, FAILED org.apache.ratis.protocol.NotLeaderException: Server 3f36f173-4656-4d5a-831c-b6782f9f5ad2@group-AF8B3C156ABB is not the leader befaacb7-99cd-4d87-819a-d941cb77279d:192.168.151.122:44171, logIndex=0, commits[3f36f173-4656-4d5a-831c-b6782f9f5ad2:c6, f1d6cbd0-cc55-4a8c-aff9-0f6c18a578e9:c4, befaacb7-99cd-4d87-819a-d941cb77279d:c6]
2019-09-18 17:30:13,324 [java.util.concurrent.ThreadPoolExecutor$Worker@326853c1[State = -1, empty queue]] WARN  server.GrpcLogAppender (GrpcLogAppender.java:timeoutAppendRequest(200)) - befaacb7-99cd-4d87-819a-d941cb77279d@group-AF8B3C156ABB->f1d6cbd0-cc55-4a8c-aff9-0f6c18a578e9-GrpcLogAppender: appendEntries Timeout, request=befaacb7-99cd-4d87-819a-d941cb77279d->f1d6cbd0-cc55-4a8c-aff9-0f6c18a578e9#27-t1, previous=(t:1, i:12), leaderCommit=6, initializing? false, entries: <empty>
2019-09-18 17:30:13,324 [java.util.concurrent.ThreadPoolExecutor$Worker@56ebe215[State = -1, empty queue]] WARN  server.GrpcLogAppender (GrpcLogAppender.java:timeoutAppendRequest(200)) - befaacb7-99cd-4d87-819a-d941cb77279d@group-AF8B3C156ABB->3f36f173-4656-4d5a-831c-b6782f9f5ad2-GrpcLogAppender: appendEntries Timeout, request=befaacb7-99cd-4d87-819a-d941cb77279d->3f36f173-4656-4d5a-831c-b6782f9f5ad2#27-t1, previous=(t:1, i:12), leaderCommit=6, initializing? false, entries: <empty>
2019-09-18 17:30:15,272 [grpc-default-executor-6] INFO  impl.RaftServerProxy (RaftServerProxy.java:remove(95)) - 3f36f173-4656-4d5a-831c-b6782f9f5ad2: remove group-4F90601D4E02:null
2019-09-18 17:30:15,275 [RatisPipelineUtilsThread] WARN  pipeline.RatisPipelineUtils (RatisPipelineUtils.java:destroyPipeline(66)) - Pipeline destroy failed for pipeline=PipelineID=8f3f41fd-663e-48bf-b10e-4f90601d4e02 dn=3f36f173-4656-4d5a-831c-b6782f9f5ad2{ip: 192.168.151.122, host: pr-hdds-2121-ltkqc-3926781246, networkLocation: /default-rack, certSerialId: null}
2019-09-18 17:30:15,278 [grpc-default-executor-6] INFO  impl.RaftServerProxy (RaftServerProxy.java:remove(95)) - f1d6cbd0-cc55-4a8c-aff9-0f6c18a578e9: remove group-4F90601D4E02:null
2019-09-18 17:30:15,280 [RatisPipelineUtilsThread] WARN  pipeline.RatisPipelineUtils (RatisPipelineUtils.java:destroyPipeline(66)) - Pipeline destroy failed for pipeline=PipelineID=8f3f41fd-663e-48bf-b10e-4f90601d4e02 dn=f1d6cbd0-cc55-4a8c-aff9-0f6c18a578e9{ip: 192.168.151.122, host: pr-hdds-2121-ltkqc-3926781246, networkLocation: /default-rack, certSerialId: null}
2019-09-18 17:30:15,282 [grpc-default-executor-6] INFO  impl.RaftServerProxy (RaftServerProxy.java:remove(95)) - befaacb7-99cd-4d87-819a-d941cb77279d: remove group-4F90601D4E02:null
2019-09-18 17:30:15,284 [RatisPipelineUtilsThread] WARN  pipeline.RatisPipelineUtils (RatisPipelineUtils.java:destroyPipeline(66)) - Pipeline destroy failed for pipeline=PipelineID=8f3f41fd-663e-48bf-b10e-4f90601d4e02 dn=befaacb7-99cd-4d87-819a-d941cb77279d{ip: 192.168.151.122, host: pr-hdds-2121-ltkqc-3926781246, networkLocation: /default-rack, certSerialId: null}
2019-09-18 17:30:15,285 [RatisPipelineUtilsThread] ERROR pipeline.SCMPipelineManager (Scheduler.java:lambda$schedule$1(70)) - Destroy pipeline failed for pipeline:Pipeline[ Id: 8f3f41fd-663e-48bf-b10e-4f90601d4e02, Nodes: 3f36f173-4656-4d5a-831c-b6782f9f5ad2{ip: 192.168.151.122, host: pr-hdds-2121-ltkqc-3926781246, networkLocation: /default-rack, certSerialId: null}f1d6cbd0-cc55-4a8c-aff9-0f6c18a578e9{ip: 192.168.151.122, host: pr-hdds-2121-ltkqc-3926781246, networkLocation: /default-rack, certSerialId: null}befaacb7-99cd-4d87-819a-d941cb77279d{ip: 192.168.151.122, host: pr-hdds-2121-ltkqc-3926781246, networkLocation: /default-rack, certSerialId: null}, Type:RATIS, Factor:THREE, State:CLOSED]
org.apache.hadoop.hdds.scm.pipeline.PipelineNotFoundException: PipelineID=8f3f41fd-663e-48bf-b10e-4f90601d4e02 not found
	at org.apache.hadoop.hdds.scm.pipeline.PipelineStateMap.getPipeline(PipelineStateMap.java:132)
	at org.apache.hadoop.hdds.scm.pipeline.PipelineStateMap.removePipeline(PipelineStateMap.java:322)
	at org.apache.hadoop.hdds.scm.pipeline.PipelineStateManager.removePipeline(PipelineStateManager.java:107)
	at org.apache.hadoop.hdds.scm.pipeline.SCMPipelineManager.removePipeline(SCMPipelineManager.java:423)
	at org.apache.hadoop.hdds.scm.pipeline.SCMPipelineManager.destroyPipeline(SCMPipelineManager.java:409)
	at org.apache.hadoop.hdds.scm.pipeline.SCMPipelineManager.lambda$finalizeAndDestroyPipeline$0(SCMPipelineManager.java:318)
	at org.apache.hadoop.utils.Scheduler.lambda$schedule$1(Scheduler.java:68)
	at java.util.concurrent.Executors$RunnableAdapter.call(Executors.java:511)
	at java.util.concurrent.FutureTask.run(FutureTask.java:266)
	at java.util.concurrent.ScheduledThreadPoolExecutor$ScheduledFutureTask.access$201(ScheduledThreadPoolExecutor.java:180)
	at java.util.concurrent.ScheduledThreadPoolExecutor$ScheduledFutureTask.run(ScheduledThreadPoolExecutor.java:293)
	at java.util.concurrent.ThreadPoolExecutor.runWorker(ThreadPoolExecutor.java:1149)
	at java.util.concurrent.ThreadPoolExecutor$Worker.run(ThreadPoolExecutor.java:624)
	at java.lang.Thread.run(Thread.java:748)
2019-09-18 17:30:15,825 [java.util.concurrent.ThreadPoolExecutor$Worker@56ebe215[State = -1, empty queue]] WARN  server.GrpcLogAppender (GrpcLogAppender.java:timeoutAppendRequest(200)) - befaacb7-99cd-4d87-819a-d941cb77279d@group-AF8B3C156ABB->3f36f173-4656-4d5a-831c-b6782f9f5ad2-GrpcLogAppender: appendEntries Timeout, request=befaacb7-99cd-4d87-819a-d941cb77279d->3f36f173-4656-4d5a-831c-b6782f9f5ad2#28-t1, previous=(t:1, i:12), leaderCommit=6, initializing? false, entries: <empty>
2019-09-18 17:30:15,825 [java.util.concurrent.ThreadPoolExecutor$Worker@326853c1[State = -1, empty queue]] WARN  server.GrpcLogAppender (GrpcLogAppender.java:timeoutAppendRequest(200)) - befaacb7-99cd-4d87-819a-d941cb77279d@group-AF8B3C156ABB->f1d6cbd0-cc55-4a8c-aff9-0f6c18a578e9-GrpcLogAppender: appendEntries Timeout, request=befaacb7-99cd-4d87-819a-d941cb77279d->f1d6cbd0-cc55-4a8c-aff9-0f6c18a578e9#28-t1, previous=(t:1, i:12), leaderCommit=6, initializing? false, entries: <empty>
2019-09-18 17:30:17,272 [grpc-default-executor-9] INFO  impl.RaftServerProxy (RaftServerProxy.java:remove(95)) - 3f36f173-4656-4d5a-831c-b6782f9f5ad2: remove group-4F90601D4E02:null
2019-09-18 17:30:17,275 [RatisPipelineUtilsThread] WARN  pipeline.RatisPipelineUtils (RatisPipelineUtils.java:destroyPipeline(66)) - Pipeline destroy failed for pipeline=PipelineID=8f3f41fd-663e-48bf-b10e-4f90601d4e02 dn=3f36f173-4656-4d5a-831c-b6782f9f5ad2{ip: 192.168.151.122, host: pr-hdds-2121-ltkqc-3926781246, networkLocation: /default-rack, certSerialId: null}
2019-09-18 17:30:17,278 [grpc-default-executor-9] INFO  impl.RaftServerProxy (RaftServerProxy.java:remove(95)) - f1d6cbd0-cc55-4a8c-aff9-0f6c18a578e9: remove group-4F90601D4E02:null
2019-09-18 17:30:17,281 [RatisPipelineUtilsThread] WARN  pipeline.RatisPipelineUtils (RatisPipelineUtils.java:destroyPipeline(66)) - Pipeline destroy failed for pipeline=PipelineID=8f3f41fd-663e-48bf-b10e-4f90601d4e02 dn=f1d6cbd0-cc55-4a8c-aff9-0f6c18a578e9{ip: 192.168.151.122, host: pr-hdds-2121-ltkqc-3926781246, networkLocation: /default-rack, certSerialId: null}
2019-09-18 17:30:17,283 [grpc-default-executor-9] INFO  impl.RaftServerProxy (RaftServerProxy.java:remove(95)) - befaacb7-99cd-4d87-819a-d941cb77279d: remove group-4F90601D4E02:null
2019-09-18 17:30:17,285 [RatisPipelineUtilsThread] WARN  pipeline.RatisPipelineUtils (RatisPipelineUtils.java:destroyPipeline(66)) - Pipeline destroy failed for pipeline=PipelineID=8f3f41fd-663e-48bf-b10e-4f90601d4e02 dn=befaacb7-99cd-4d87-819a-d941cb77279d{ip: 192.168.151.122, host: pr-hdds-2121-ltkqc-3926781246, networkLocation: /default-rack, certSerialId: null}
2019-09-18 17:30:17,286 [RatisPipelineUtilsThread] ERROR pipeline.SCMPipelineManager (Scheduler.java:lambda$schedule$1(70)) - Destroy pipeline failed for pipeline:Pipeline[ Id: 8f3f41fd-663e-48bf-b10e-4f90601d4e02, Nodes: 3f36f173-4656-4d5a-831c-b6782f9f5ad2{ip: 192.168.151.122, host: pr-hdds-2121-ltkqc-3926781246, networkLocation: /default-rack, certSerialId: null}f1d6cbd0-cc55-4a8c-aff9-0f6c18a578e9{ip: 192.168.151.122, host: pr-hdds-2121-ltkqc-3926781246, networkLocation: /default-rack, certSerialId: null}befaacb7-99cd-4d87-819a-d941cb77279d{ip: 192.168.151.122, host: pr-hdds-2121-ltkqc-3926781246, networkLocation: /default-rack, certSerialId: null}, Type:RATIS, Factor:THREE, State:CLOSED]
org.apache.hadoop.hdds.scm.pipeline.PipelineNotFoundException: PipelineID=8f3f41fd-663e-48bf-b10e-4f90601d4e02 not found
	at org.apache.hadoop.hdds.scm.pipeline.PipelineStateMap.getPipeline(PipelineStateMap.java:132)
	at org.apache.hadoop.hdds.scm.pipeline.PipelineStateMap.removePipeline(PipelineStateMap.java:322)
	at org.apache.hadoop.hdds.scm.pipeline.PipelineStateManager.removePipeline(PipelineStateManager.java:107)
	at org.apache.hadoop.hdds.scm.pipeline.SCMPipelineManager.removePipeline(SCMPipelineManager.java:423)
	at org.apache.hadoop.hdds.scm.pipeline.SCMPipelineManager.destroyPipeline(SCMPipelineManager.java:409)
	at org.apache.hadoop.hdds.scm.pipeline.SCMPipelineManager.lambda$finalizeAndDestroyPipeline$0(SCMPipelineManager.java:318)
	at org.apache.hadoop.utils.Scheduler.lambda$schedule$1(Scheduler.java:68)
	at java.util.concurrent.Executors$RunnableAdapter.call(Executors.java:511)
	at java.util.concurrent.FutureTask.run(FutureTask.java:266)
	at java.util.concurrent.ScheduledThreadPoolExecutor$ScheduledFutureTask.access$201(ScheduledThreadPoolExecutor.java:180)
	at java.util.concurrent.ScheduledThreadPoolExecutor$ScheduledFutureTask.run(ScheduledThreadPoolExecutor.java:293)
	at java.util.concurrent.ThreadPoolExecutor.runWorker(ThreadPoolExecutor.java:1149)
	at java.util.concurrent.ThreadPoolExecutor$Worker.run(ThreadPoolExecutor.java:624)
	at java.lang.Thread.run(Thread.java:748)
2019-09-18 17:30:17,818 [befaacb7-99cd-4d87-819a-d941cb77279d@group-AF8B3C156ABB-SegmentedRaftLogWorker] WARN  segmented.SegmentedRaftLogWorker (SegmentedRaftLogWorker.java:getFromFuture(90)) - Timeout 2/~
org.apache.ratis.protocol.TimeoutIOException: Timeout 10s: WriteLog:7: (t:1, i:7), STATEMACHINELOGENTRY, client-A5AEF000217A, cid=131-writeStateMachineData
	at org.apache.ratis.util.IOUtils.getFromFuture(IOUtils.java:87)
	at org.apache.ratis.server.raftlog.segmented.SegmentedRaftLogWorker$StateMachineDataPolicy.getFromFuture(SegmentedRaftLogWorker.java:87)
	at org.apache.ratis.server.raftlog.segmented.SegmentedRaftLogWorker$WriteLog.execute(SegmentedRaftLogWorker.java:477)
	at org.apache.ratis.server.raftlog.segmented.SegmentedRaftLogWorker.run(SegmentedRaftLogWorker.java:289)
	at java.lang.Thread.run(Thread.java:748)
Caused by: java.util.concurrent.TimeoutException
	at java.util.concurrent.CompletableFuture.timedGet(CompletableFuture.java:1771)
	at java.util.concurrent.CompletableFuture.get(CompletableFuture.java:1915)
	at org.apache.ratis.util.IOUtils.getFromFuture(IOUtils.java:79)
	... 4 more
2019-09-18 17:30:17,819 [f1d6cbd0-cc55-4a8c-aff9-0f6c18a578e9@group-AF8B3C156ABB-SegmentedRaftLogWorker] WARN  segmented.SegmentedRaftLogWorker (SegmentedRaftLogWorker.java:getFromFuture(90)) - Timeout 2/~
org.apache.ratis.protocol.TimeoutIOException: Timeout 10s: WriteLog:7: (t:1, i:7), STATEMACHINELOGENTRY, client-A5AEF000217A, cid=131-writeStateMachineData
	at org.apache.ratis.util.IOUtils.getFromFuture(IOUtils.java:87)
	at org.apache.ratis.server.raftlog.segmented.SegmentedRaftLogWorker$StateMachineDataPolicy.getFromFuture(SegmentedRaftLogWorker.java:87)
	at org.apache.ratis.server.raftlog.segmented.SegmentedRaftLogWorker$WriteLog.execute(SegmentedRaftLogWorker.java:477)
	at org.apache.ratis.server.raftlog.segmented.SegmentedRaftLogWorker.run(SegmentedRaftLogWorker.java:289)
	at java.lang.Thread.run(Thread.java:748)
Caused by: java.util.concurrent.TimeoutException
	at java.util.concurrent.CompletableFuture.timedGet(CompletableFuture.java:1771)
	at java.util.concurrent.CompletableFuture.get(CompletableFuture.java:1915)
	at org.apache.ratis.util.IOUtils.getFromFuture(IOUtils.java:79)
	... 4 more
2019-09-18 17:30:17,818 [3f36f173-4656-4d5a-831c-b6782f9f5ad2@group-AF8B3C156ABB-SegmentedRaftLogWorker] WARN  segmented.SegmentedRaftLogWorker (SegmentedRaftLogWorker.java:getFromFuture(90)) - Timeout 2/~
org.apache.ratis.protocol.TimeoutIOException: Timeout 10s: WriteLog:7: (t:1, i:7), STATEMACHINELOGENTRY, client-A5AEF000217A, cid=131-writeStateMachineData
	at org.apache.ratis.util.IOUtils.getFromFuture(IOUtils.java:87)
	at org.apache.ratis.server.raftlog.segmented.SegmentedRaftLogWorker$StateMachineDataPolicy.getFromFuture(SegmentedRaftLogWorker.java:87)
	at org.apache.ratis.server.raftlog.segmented.SegmentedRaftLogWorker$WriteLog.execute(SegmentedRaftLogWorker.java:477)
	at org.apache.ratis.server.raftlog.segmented.SegmentedRaftLogWorker.run(SegmentedRaftLogWorker.java:289)
	at java.lang.Thread.run(Thread.java:748)
Caused by: java.util.concurrent.TimeoutException
	at java.util.concurrent.CompletableFuture.timedGet(CompletableFuture.java:1771)
	at java.util.concurrent.CompletableFuture.get(CompletableFuture.java:1915)
	at org.apache.ratis.util.IOUtils.getFromFuture(IOUtils.java:79)
	... 4 more
2019-09-18 17:30:18,035 [grpc-default-executor-6] INFO  client.GrpcClientProtocolClient (GrpcClientProtocolClient.java:onNext(264)) - client-A5AEF000217A->f1d6cbd0-cc55-4a8c-aff9-0f6c18a578e9: receive RaftClientReply:client-A5AEF000217A->f1d6cbd0-cc55-4a8c-aff9-0f6c18a578e9@group-AF8B3C156ABB, cid=131, FAILED org.apache.ratis.protocol.NotLeaderException: Server f1d6cbd0-cc55-4a8c-aff9-0f6c18a578e9@group-AF8B3C156ABB is not the leader befaacb7-99cd-4d87-819a-d941cb77279d:192.168.151.122:44171, logIndex=0, commits[f1d6cbd0-cc55-4a8c-aff9-0f6c18a578e9:c6, befaacb7-99cd-4d87-819a-d941cb77279d:c6, 3f36f173-4656-4d5a-831c-b6782f9f5ad2:c4]
2019-09-18 17:30:18,325 [java.util.concurrent.ThreadPoolExecutor$Worker@326853c1[State = -1, empty queue]] WARN  server.GrpcLogAppender (GrpcLogAppender.java:timeoutAppendRequest(200)) - befaacb7-99cd-4d87-819a-d941cb77279d@group-AF8B3C156ABB->f1d6cbd0-cc55-4a8c-aff9-0f6c18a578e9-GrpcLogAppender: appendEntries Timeout, request=befaacb7-99cd-4d87-819a-d941cb77279d->f1d6cbd0-cc55-4a8c-aff9-0f6c18a578e9#29-t1, previous=(t:1, i:12), leaderCommit=6, initializing? false, entries: <empty>
2019-09-18 17:30:18,325 [java.util.concurrent.ThreadPoolExecutor$Worker@56ebe215[State = -1, empty queue]] WARN  server.GrpcLogAppender (GrpcLogAppender.java:timeoutAppendRequest(200)) - befaacb7-99cd-4d87-819a-d941cb77279d@group-AF8B3C156ABB->3f36f173-4656-4d5a-831c-b6782f9f5ad2-GrpcLogAppender: appendEntries Timeout, request=befaacb7-99cd-4d87-819a-d941cb77279d->3f36f173-4656-4d5a-831c-b6782f9f5ad2#29-t1, previous=(t:1, i:12), leaderCommit=6, initializing? false, entries: <empty>
2019-09-18 17:30:20,274 [grpc-default-executor-6] INFO  impl.RaftServerProxy (RaftServerProxy.java:remove(95)) - 3f36f173-4656-4d5a-831c-b6782f9f5ad2: remove group-4F90601D4E02:null
2019-09-18 17:30:20,277 [RatisPipelineUtilsThread] WARN  pipeline.RatisPipelineUtils (RatisPipelineUtils.java:destroyPipeline(66)) - Pipeline destroy failed for pipeline=PipelineID=8f3f41fd-663e-48bf-b10e-4f90601d4e02 dn=3f36f173-4656-4d5a-831c-b6782f9f5ad2{ip: 192.168.151.122, host: pr-hdds-2121-ltkqc-3926781246, networkLocation: /default-rack, certSerialId: null}
2019-09-18 17:30:20,280 [grpc-default-executor-6] INFO  impl.RaftServerProxy (RaftServerProxy.java:remove(95)) - f1d6cbd0-cc55-4a8c-aff9-0f6c18a578e9: remove group-4F90601D4E02:null
2019-09-18 17:30:20,282 [RatisPipelineUtilsThread] WARN  pipeline.RatisPipelineUtils (RatisPipelineUtils.java:destroyPipeline(66)) - Pipeline destroy failed for pipeline=PipelineID=8f3f41fd-663e-48bf-b10e-4f90601d4e02 dn=f1d6cbd0-cc55-4a8c-aff9-0f6c18a578e9{ip: 192.168.151.122, host: pr-hdds-2121-ltkqc-3926781246, networkLocation: /default-rack, certSerialId: null}
2019-09-18 17:30:20,284 [grpc-default-executor-6] INFO  impl.RaftServerProxy (RaftServerProxy.java:remove(95)) - befaacb7-99cd-4d87-819a-d941cb77279d: remove group-4F90601D4E02:null
2019-09-18 17:30:20,287 [RatisPipelineUtilsThread] WARN  pipeline.RatisPipelineUtils (RatisPipelineUtils.java:destroyPipeline(66)) - Pipeline destroy failed for pipeline=PipelineID=8f3f41fd-663e-48bf-b10e-4f90601d4e02 dn=befaacb7-99cd-4d87-819a-d941cb77279d{ip: 192.168.151.122, host: pr-hdds-2121-ltkqc-3926781246, networkLocation: /default-rack, certSerialId: null}
2019-09-18 17:30:20,287 [RatisPipelineUtilsThread] ERROR pipeline.SCMPipelineManager (Scheduler.java:lambda$schedule$1(70)) - Destroy pipeline failed for pipeline:Pipeline[ Id: 8f3f41fd-663e-48bf-b10e-4f90601d4e02, Nodes: 3f36f173-4656-4d5a-831c-b6782f9f5ad2{ip: 192.168.151.122, host: pr-hdds-2121-ltkqc-3926781246, networkLocation: /default-rack, certSerialId: null}f1d6cbd0-cc55-4a8c-aff9-0f6c18a578e9{ip: 192.168.151.122, host: pr-hdds-2121-ltkqc-3926781246, networkLocation: /default-rack, certSerialId: null}befaacb7-99cd-4d87-819a-d941cb77279d{ip: 192.168.151.122, host: pr-hdds-2121-ltkqc-3926781246, networkLocation: /default-rack, certSerialId: null}, Type:RATIS, Factor:THREE, State:CLOSED]
org.apache.hadoop.hdds.scm.pipeline.PipelineNotFoundException: PipelineID=8f3f41fd-663e-48bf-b10e-4f90601d4e02 not found
	at org.apache.hadoop.hdds.scm.pipeline.PipelineStateMap.getPipeline(PipelineStateMap.java:132)
	at org.apache.hadoop.hdds.scm.pipeline.PipelineStateMap.removePipeline(PipelineStateMap.java:322)
	at org.apache.hadoop.hdds.scm.pipeline.PipelineStateManager.removePipeline(PipelineStateManager.java:107)
	at org.apache.hadoop.hdds.scm.pipeline.SCMPipelineManager.removePipeline(SCMPipelineManager.java:423)
	at org.apache.hadoop.hdds.scm.pipeline.SCMPipelineManager.destroyPipeline(SCMPipelineManager.java:409)
	at org.apache.hadoop.hdds.scm.pipeline.SCMPipelineManager.lambda$finalizeAndDestroyPipeline$0(SCMPipelineManager.java:318)
	at org.apache.hadoop.utils.Scheduler.lambda$schedule$1(Scheduler.java:68)
	at java.util.concurrent.Executors$RunnableAdapter.call(Executors.java:511)
	at java.util.concurrent.FutureTask.run(FutureTask.java:266)
	at java.util.concurrent.ScheduledThreadPoolExecutor$ScheduledFutureTask.access$201(ScheduledThreadPoolExecutor.java:180)
	at java.util.concurrent.ScheduledThreadPoolExecutor$ScheduledFutureTask.run(ScheduledThreadPoolExecutor.java:293)
	at java.util.concurrent.ThreadPoolExecutor.runWorker(ThreadPoolExecutor.java:1149)
	at java.util.concurrent.ThreadPoolExecutor$Worker.run(ThreadPoolExecutor.java:624)
	at java.lang.Thread.run(Thread.java:748)
2019-09-18 17:30:20,826 [java.util.concurrent.ThreadPoolExecutor$Worker@326853c1[State = -1, empty queue]] WARN  server.GrpcLogAppender (GrpcLogAppender.java:timeoutAppendRequest(200)) - befaacb7-99cd-4d87-819a-d941cb77279d@group-AF8B3C156ABB->f1d6cbd0-cc55-4a8c-aff9-0f6c18a578e9-GrpcLogAppender: appendEntries Timeout, request=befaacb7-99cd-4d87-819a-d941cb77279d->f1d6cbd0-cc55-4a8c-aff9-0f6c18a578e9#30-t1, previous=(t:1, i:12), leaderCommit=6, initializing? false, entries: <empty>
2019-09-18 17:30:20,826 [java.util.concurrent.ThreadPoolExecutor$Worker@56ebe215[State = -1, empty queue]] WARN  server.GrpcLogAppender (GrpcLogAppender.java:timeoutAppendRequest(200)) - befaacb7-99cd-4d87-819a-d941cb77279d@group-AF8B3C156ABB->3f36f173-4656-4d5a-831c-b6782f9f5ad2-GrpcLogAppender: appendEntries Timeout, request=befaacb7-99cd-4d87-819a-d941cb77279d->3f36f173-4656-4d5a-831c-b6782f9f5ad2#30-t1, previous=(t:1, i:12), leaderCommit=6, initializing? false, entries: <empty>
2019-09-18 17:30:22,280 [grpc-default-executor-9] INFO  impl.RaftServerProxy (RaftServerProxy.java:remove(95)) - 3f36f173-4656-4d5a-831c-b6782f9f5ad2: remove group-4F90601D4E02:null
2019-09-18 17:30:22,282 [RatisPipelineUtilsThread] WARN  pipeline.RatisPipelineUtils (RatisPipelineUtils.java:destroyPipeline(66)) - Pipeline destroy failed for pipeline=PipelineID=8f3f41fd-663e-48bf-b10e-4f90601d4e02 dn=3f36f173-4656-4d5a-831c-b6782f9f5ad2{ip: 192.168.151.122, host: pr-hdds-2121-ltkqc-3926781246, networkLocation: /default-rack, certSerialId: null}
2019-09-18 17:30:22,285 [grpc-default-executor-9] INFO  impl.RaftServerProxy (RaftServerProxy.java:remove(95)) - f1d6cbd0-cc55-4a8c-aff9-0f6c18a578e9: remove group-4F90601D4E02:null
2019-09-18 17:30:22,287 [RatisPipelineUtilsThread] WARN  pipeline.RatisPipelineUtils (RatisPipelineUtils.java:destroyPipeline(66)) - Pipeline destroy failed for pipeline=PipelineID=8f3f41fd-663e-48bf-b10e-4f90601d4e02 dn=f1d6cbd0-cc55-4a8c-aff9-0f6c18a578e9{ip: 192.168.151.122, host: pr-hdds-2121-ltkqc-3926781246, networkLocation: /default-rack, certSerialId: null}
2019-09-18 17:30:22,289 [grpc-default-executor-9] INFO  impl.RaftServerProxy (RaftServerProxy.java:remove(95)) - befaacb7-99cd-4d87-819a-d941cb77279d: remove group-4F90601D4E02:null
2019-09-18 17:30:22,291 [RatisPipelineUtilsThread] WARN  pipeline.RatisPipelineUtils (RatisPipelineUtils.java:destroyPipeline(66)) - Pipeline destroy failed for pipeline=PipelineID=8f3f41fd-663e-48bf-b10e-4f90601d4e02 dn=befaacb7-99cd-4d87-819a-d941cb77279d{ip: 192.168.151.122, host: pr-hdds-2121-ltkqc-3926781246, networkLocation: /default-rack, certSerialId: null}
2019-09-18 17:30:22,291 [RatisPipelineUtilsThread] ERROR pipeline.SCMPipelineManager (Scheduler.java:lambda$schedule$1(70)) - Destroy pipeline failed for pipeline:Pipeline[ Id: 8f3f41fd-663e-48bf-b10e-4f90601d4e02, Nodes: 3f36f173-4656-4d5a-831c-b6782f9f5ad2{ip: 192.168.151.122, host: pr-hdds-2121-ltkqc-3926781246, networkLocation: /default-rack, certSerialId: null}f1d6cbd0-cc55-4a8c-aff9-0f6c18a578e9{ip: 192.168.151.122, host: pr-hdds-2121-ltkqc-3926781246, networkLocation: /default-rack, certSerialId: null}befaacb7-99cd-4d87-819a-d941cb77279d{ip: 192.168.151.122, host: pr-hdds-2121-ltkqc-3926781246, networkLocation: /default-rack, certSerialId: null}, Type:RATIS, Factor:THREE, State:CLOSED]
org.apache.hadoop.hdds.scm.pipeline.PipelineNotFoundException: PipelineID=8f3f41fd-663e-48bf-b10e-4f90601d4e02 not found
	at org.apache.hadoop.hdds.scm.pipeline.PipelineStateMap.getPipeline(PipelineStateMap.java:132)
	at org.apache.hadoop.hdds.scm.pipeline.PipelineStateMap.removePipeline(PipelineStateMap.java:322)
	at org.apache.hadoop.hdds.scm.pipeline.PipelineStateManager.removePipeline(PipelineStateManager.java:107)
	at org.apache.hadoop.hdds.scm.pipeline.SCMPipelineManager.removePipeline(SCMPipelineManager.java:423)
	at org.apache.hadoop.hdds.scm.pipeline.SCMPipelineManager.destroyPipeline(SCMPipelineManager.java:409)
	at org.apache.hadoop.hdds.scm.pipeline.SCMPipelineManager.lambda$finalizeAndDestroyPipeline$0(SCMPipelineManager.java:318)
	at org.apache.hadoop.utils.Scheduler.lambda$schedule$1(Scheduler.java:68)
	at java.util.concurrent.Executors$RunnableAdapter.call(Executors.java:511)
	at java.util.concurrent.FutureTask.run(FutureTask.java:266)
	at java.util.concurrent.ScheduledThreadPoolExecutor$ScheduledFutureTask.access$201(ScheduledThreadPoolExecutor.java:180)
	at java.util.concurrent.ScheduledThreadPoolExecutor$ScheduledFutureTask.run(ScheduledThreadPoolExecutor.java:293)
	at java.util.concurrent.ThreadPoolExecutor.runWorker(ThreadPoolExecutor.java:1149)
	at java.util.concurrent.ThreadPoolExecutor$Worker.run(ThreadPoolExecutor.java:624)
	at java.lang.Thread.run(Thread.java:748)
2019-09-18 17:30:23,081 [grpc-default-executor-9] INFO  client.GrpcClientProtocolClient (GrpcClientProtocolClient.java:onNext(264)) - client-A5AEF000217A->f1d6cbd0-cc55-4a8c-aff9-0f6c18a578e9: receive RaftClientReply:client-A5AEF000217A->f1d6cbd0-cc55-4a8c-aff9-0f6c18a578e9@group-AF8B3C156ABB, cid=131, FAILED org.apache.ratis.protocol.NotLeaderException: Server f1d6cbd0-cc55-4a8c-aff9-0f6c18a578e9@group-AF8B3C156ABB is not the leader befaacb7-99cd-4d87-819a-d941cb77279d:192.168.151.122:44171, logIndex=0, commits[f1d6cbd0-cc55-4a8c-aff9-0f6c18a578e9:c6, befaacb7-99cd-4d87-819a-d941cb77279d:c6, 3f36f173-4656-4d5a-831c-b6782f9f5ad2:c4]
2019-09-18 17:30:23,326 [java.util.concurrent.ThreadPoolExecutor$Worker@326853c1[State = -1, empty queue]] WARN  server.GrpcLogAppender (GrpcLogAppender.java:timeoutAppendRequest(200)) - befaacb7-99cd-4d87-819a-d941cb77279d@group-AF8B3C156ABB->f1d6cbd0-cc55-4a8c-aff9-0f6c18a578e9-GrpcLogAppender: appendEntries Timeout, request=befaacb7-99cd-4d87-819a-d941cb77279d->f1d6cbd0-cc55-4a8c-aff9-0f6c18a578e9#31-t1, previous=(t:1, i:12), leaderCommit=6, initializing? false, entries: <empty>
2019-09-18 17:30:23,326 [java.util.concurrent.ThreadPoolExecutor$Worker@56ebe215[State = -1, empty queue]] WARN  server.GrpcLogAppender (GrpcLogAppender.java:timeoutAppendRequest(200)) - befaacb7-99cd-4d87-819a-d941cb77279d@group-AF8B3C156ABB->3f36f173-4656-4d5a-831c-b6782f9f5ad2-GrpcLogAppender: appendEntries Timeout, request=befaacb7-99cd-4d87-819a-d941cb77279d->3f36f173-4656-4d5a-831c-b6782f9f5ad2#31-t1, previous=(t:1, i:12), leaderCommit=6, initializing? false, entries: <empty>
2019-09-18 17:30:25,281 [grpc-default-executor-6] INFO  impl.RaftServerProxy (RaftServerProxy.java:remove(95)) - 3f36f173-4656-4d5a-831c-b6782f9f5ad2: remove group-4F90601D4E02:null
2019-09-18 17:30:25,283 [RatisPipelineUtilsThread] WARN  pipeline.RatisPipelineUtils (RatisPipelineUtils.java:destroyPipeline(66)) - Pipeline destroy failed for pipeline=PipelineID=8f3f41fd-663e-48bf-b10e-4f90601d4e02 dn=3f36f173-4656-4d5a-831c-b6782f9f5ad2{ip: 192.168.151.122, host: pr-hdds-2121-ltkqc-3926781246, networkLocation: /default-rack, certSerialId: null}
2019-09-18 17:30:25,285 [grpc-default-executor-6] INFO  impl.RaftServerProxy (RaftServerProxy.java:remove(95)) - f1d6cbd0-cc55-4a8c-aff9-0f6c18a578e9: remove group-4F90601D4E02:null
2019-09-18 17:30:25,287 [RatisPipelineUtilsThread] WARN  pipeline.RatisPipelineUtils (RatisPipelineUtils.java:destroyPipeline(66)) - Pipeline destroy failed for pipeline=PipelineID=8f3f41fd-663e-48bf-b10e-4f90601d4e02 dn=f1d6cbd0-cc55-4a8c-aff9-0f6c18a578e9{ip: 192.168.151.122, host: pr-hdds-2121-ltkqc-3926781246, networkLocation: /default-rack, certSerialId: null}
2019-09-18 17:30:25,290 [grpc-default-executor-6] INFO  impl.RaftServerProxy (RaftServerProxy.java:remove(95)) - befaacb7-99cd-4d87-819a-d941cb77279d: remove group-4F90601D4E02:null
2019-09-18 17:30:25,292 [RatisPipelineUtilsThread] WARN  pipeline.RatisPipelineUtils (RatisPipelineUtils.java:destroyPipeline(66)) - Pipeline destroy failed for pipeline=PipelineID=8f3f41fd-663e-48bf-b10e-4f90601d4e02 dn=befaacb7-99cd-4d87-819a-d941cb77279d{ip: 192.168.151.122, host: pr-hdds-2121-ltkqc-3926781246, networkLocation: /default-rack, certSerialId: null}
2019-09-18 17:30:25,292 [RatisPipelineUtilsThread] ERROR pipeline.SCMPipelineManager (Scheduler.java:lambda$schedule$1(70)) - Destroy pipeline failed for pipeline:Pipeline[ Id: 8f3f41fd-663e-48bf-b10e-4f90601d4e02, Nodes: 3f36f173-4656-4d5a-831c-b6782f9f5ad2{ip: 192.168.151.122, host: pr-hdds-2121-ltkqc-3926781246, networkLocation: /default-rack, certSerialId: null}f1d6cbd0-cc55-4a8c-aff9-0f6c18a578e9{ip: 192.168.151.122, host: pr-hdds-2121-ltkqc-3926781246, networkLocation: /default-rack, certSerialId: null}befaacb7-99cd-4d87-819a-d941cb77279d{ip: 192.168.151.122, host: pr-hdds-2121-ltkqc-3926781246, networkLocation: /default-rack, certSerialId: null}, Type:RATIS, Factor:THREE, State:CLOSED]
org.apache.hadoop.hdds.scm.pipeline.PipelineNotFoundException: PipelineID=8f3f41fd-663e-48bf-b10e-4f90601d4e02 not found
	at org.apache.hadoop.hdds.scm.pipeline.PipelineStateMap.getPipeline(PipelineStateMap.java:132)
	at org.apache.hadoop.hdds.scm.pipeline.PipelineStateMap.removePipeline(PipelineStateMap.java:322)
	at org.apache.hadoop.hdds.scm.pipeline.PipelineStateManager.removePipeline(PipelineStateManager.java:107)
	at org.apache.hadoop.hdds.scm.pipeline.SCMPipelineManager.removePipeline(SCMPipelineManager.java:423)
	at org.apache.hadoop.hdds.scm.pipeline.SCMPipelineManager.destroyPipeline(SCMPipelineManager.java:409)
	at org.apache.hadoop.hdds.scm.pipeline.SCMPipelineManager.lambda$finalizeAndDestroyPipeline$0(SCMPipelineManager.java:318)
	at org.apache.hadoop.utils.Scheduler.lambda$schedule$1(Scheduler.java:68)
	at java.util.concurrent.Executors$RunnableAdapter.call(Executors.java:511)
	at java.util.concurrent.FutureTask.run(FutureTask.java:266)
	at java.util.concurrent.ScheduledThreadPoolExecutor$ScheduledFutureTask.access$201(ScheduledThreadPoolExecutor.java:180)
	at java.util.concurrent.ScheduledThreadPoolExecutor$ScheduledFutureTask.run(ScheduledThreadPoolExecutor.java:293)
	at java.util.concurrent.ThreadPoolExecutor.runWorker(ThreadPoolExecutor.java:1149)
	at java.util.concurrent.ThreadPoolExecutor$Worker.run(ThreadPoolExecutor.java:624)
	at java.lang.Thread.run(Thread.java:748)
2019-09-18 17:30:25,826 [java.util.concurrent.ThreadPoolExecutor$Worker@56ebe215[State = -1, empty queue]] WARN  server.GrpcLogAppender (GrpcLogAppender.java:timeoutAppendRequest(200)) - befaacb7-99cd-4d87-819a-d941cb77279d@group-AF8B3C156ABB->3f36f173-4656-4d5a-831c-b6782f9f5ad2-GrpcLogAppender: appendEntries Timeout, request=befaacb7-99cd-4d87-819a-d941cb77279d->3f36f173-4656-4d5a-831c-b6782f9f5ad2#32-t1, previous=(t:1, i:12), leaderCommit=6, initializing? false, entries: <empty>
2019-09-18 17:30:25,826 [java.util.concurrent.ThreadPoolExecutor$Worker@326853c1[State = -1, empty queue]] WARN  server.GrpcLogAppender (GrpcLogAppender.java:timeoutAppendRequest(200)) - befaacb7-99cd-4d87-819a-d941cb77279d@group-AF8B3C156ABB->f1d6cbd0-cc55-4a8c-aff9-0f6c18a578e9-GrpcLogAppender: appendEntries Timeout, request=befaacb7-99cd-4d87-819a-d941cb77279d->f1d6cbd0-cc55-4a8c-aff9-0f6c18a578e9#32-t1, previous=(t:1, i:12), leaderCommit=6, initializing? false, entries: <empty>
2019-09-18 17:30:27,281 [grpc-default-executor-9] INFO  impl.RaftServerProxy (RaftServerProxy.java:remove(95)) - 3f36f173-4656-4d5a-831c-b6782f9f5ad2: remove group-4F90601D4E02:null
2019-09-18 17:30:27,283 [RatisPipelineUtilsThread] WARN  pipeline.RatisPipelineUtils (RatisPipelineUtils.java:destroyPipeline(66)) - Pipeline destroy failed for pipeline=PipelineID=8f3f41fd-663e-48bf-b10e-4f90601d4e02 dn=3f36f173-4656-4d5a-831c-b6782f9f5ad2{ip: 192.168.151.122, host: pr-hdds-2121-ltkqc-3926781246, networkLocation: /default-rack, certSerialId: null}
2019-09-18 17:30:27,285 [grpc-default-executor-9] INFO  impl.RaftServerProxy (RaftServerProxy.java:remove(95)) - f1d6cbd0-cc55-4a8c-aff9-0f6c18a578e9: remove group-4F90601D4E02:null
2019-09-18 17:30:27,286 [RatisPipelineUtilsThread] WARN  pipeline.RatisPipelineUtils (RatisPipelineUtils.java:destroyPipeline(66)) - Pipeline destroy failed for pipeline=PipelineID=8f3f41fd-663e-48bf-b10e-4f90601d4e02 dn=f1d6cbd0-cc55-4a8c-aff9-0f6c18a578e9{ip: 192.168.151.122, host: pr-hdds-2121-ltkqc-3926781246, networkLocation: /default-rack, certSerialId: null}
2019-09-18 17:30:27,288 [grpc-default-executor-9] INFO  impl.RaftServerProxy (RaftServerProxy.java:remove(95)) - befaacb7-99cd-4d87-819a-d941cb77279d: remove group-4F90601D4E02:null
2019-09-18 17:30:27,290 [RatisPipelineUtilsThread] WARN  pipeline.RatisPipelineUtils (RatisPipelineUtils.java:destroyPipeline(66)) - Pipeline destroy failed for pipeline=PipelineID=8f3f41fd-663e-48bf-b10e-4f90601d4e02 dn=befaacb7-99cd-4d87-819a-d941cb77279d{ip: 192.168.151.122, host: pr-hdds-2121-ltkqc-3926781246, networkLocation: /default-rack, certSerialId: null}
2019-09-18 17:30:27,290 [RatisPipelineUtilsThread] ERROR pipeline.SCMPipelineManager (Scheduler.java:lambda$schedule$1(70)) - Destroy pipeline failed for pipeline:Pipeline[ Id: 8f3f41fd-663e-48bf-b10e-4f90601d4e02, Nodes: 3f36f173-4656-4d5a-831c-b6782f9f5ad2{ip: 192.168.151.122, host: pr-hdds-2121-ltkqc-3926781246, networkLocation: /default-rack, certSerialId: null}f1d6cbd0-cc55-4a8c-aff9-0f6c18a578e9{ip: 192.168.151.122, host: pr-hdds-2121-ltkqc-3926781246, networkLocation: /default-rack, certSerialId: null}befaacb7-99cd-4d87-819a-d941cb77279d{ip: 192.168.151.122, host: pr-hdds-2121-ltkqc-3926781246, networkLocation: /default-rack, certSerialId: null}, Type:RATIS, Factor:THREE, State:CLOSED]
org.apache.hadoop.hdds.scm.pipeline.PipelineNotFoundException: PipelineID=8f3f41fd-663e-48bf-b10e-4f90601d4e02 not found
	at org.apache.hadoop.hdds.scm.pipeline.PipelineStateMap.getPipeline(PipelineStateMap.java:132)
	at org.apache.hadoop.hdds.scm.pipeline.PipelineStateMap.removePipeline(PipelineStateMap.java:322)
	at org.apache.hadoop.hdds.scm.pipeline.PipelineStateManager.removePipeline(PipelineStateManager.java:107)
	at org.apache.hadoop.hdds.scm.pipeline.SCMPipelineManager.removePipeline(SCMPipelineManager.java:423)
	at org.apache.hadoop.hdds.scm.pipeline.SCMPipelineManager.destroyPipeline(SCMPipelineManager.java:409)
	at org.apache.hadoop.hdds.scm.pipeline.SCMPipelineManager.lambda$finalizeAndDestroyPipeline$0(SCMPipelineManager.java:318)
	at org.apache.hadoop.utils.Scheduler.lambda$schedule$1(Scheduler.java:68)
	at java.util.concurrent.Executors$RunnableAdapter.call(Executors.java:511)
	at java.util.concurrent.FutureTask.run(FutureTask.java:266)
	at java.util.concurrent.ScheduledThreadPoolExecutor$ScheduledFutureTask.access$201(ScheduledThreadPoolExecutor.java:180)
	at java.util.concurrent.ScheduledThreadPoolExecutor$ScheduledFutureTask.run(ScheduledThreadPoolExecutor.java:293)
	at java.util.concurrent.ThreadPoolExecutor.runWorker(ThreadPoolExecutor.java:1149)
	at java.util.concurrent.ThreadPoolExecutor$Worker.run(ThreadPoolExecutor.java:624)
	at java.lang.Thread.run(Thread.java:748)
2019-09-18 17:30:27,819 [befaacb7-99cd-4d87-819a-d941cb77279d@group-AF8B3C156ABB-SegmentedRaftLogWorker] WARN  segmented.SegmentedRaftLogWorker (SegmentedRaftLogWorker.java:getFromFuture(90)) - Timeout 3/~
org.apache.ratis.protocol.TimeoutIOException: Timeout 10s: WriteLog:7: (t:1, i:7), STATEMACHINELOGENTRY, client-A5AEF000217A, cid=131-writeStateMachineData
	at org.apache.ratis.util.IOUtils.getFromFuture(IOUtils.java:87)
	at org.apache.ratis.server.raftlog.segmented.SegmentedRaftLogWorker$StateMachineDataPolicy.getFromFuture(SegmentedRaftLogWorker.java:87)
	at org.apache.ratis.server.raftlog.segmented.SegmentedRaftLogWorker$WriteLog.execute(SegmentedRaftLogWorker.java:477)
	at org.apache.ratis.server.raftlog.segmented.SegmentedRaftLogWorker.run(SegmentedRaftLogWorker.java:289)
	at java.lang.Thread.run(Thread.java:748)
Caused by: java.util.concurrent.TimeoutException
	at java.util.concurrent.CompletableFuture.timedGet(CompletableFuture.java:1771)
	at java.util.concurrent.CompletableFuture.get(CompletableFuture.java:1915)
	at org.apache.ratis.util.IOUtils.getFromFuture(IOUtils.java:79)
	... 4 more
2019-09-18 17:30:27,819 [3f36f173-4656-4d5a-831c-b6782f9f5ad2@group-AF8B3C156ABB-SegmentedRaftLogWorker] WARN  segmented.SegmentedRaftLogWorker (SegmentedRaftLogWorker.java:getFromFuture(90)) - Timeout 3/~
org.apache.ratis.protocol.TimeoutIOException: Timeout 10s: WriteLog:7: (t:1, i:7), STATEMACHINELOGENTRY, client-A5AEF000217A, cid=131-writeStateMachineData
	at org.apache.ratis.util.IOUtils.getFromFuture(IOUtils.java:87)
	at org.apache.ratis.server.raftlog.segmented.SegmentedRaftLogWorker$StateMachineDataPolicy.getFromFuture(SegmentedRaftLogWorker.java:87)
	at org.apache.ratis.server.raftlog.segmented.SegmentedRaftLogWorker$WriteLog.execute(SegmentedRaftLogWorker.java:477)
	at org.apache.ratis.server.raftlog.segmented.SegmentedRaftLogWorker.run(SegmentedRaftLogWorker.java:289)
	at java.lang.Thread.run(Thread.java:748)
Caused by: java.util.concurrent.TimeoutException
	at java.util.concurrent.CompletableFuture.timedGet(CompletableFuture.java:1771)
	at java.util.concurrent.CompletableFuture.get(CompletableFuture.java:1915)
	at org.apache.ratis.util.IOUtils.getFromFuture(IOUtils.java:79)
	... 4 more
2019-09-18 17:30:27,819 [f1d6cbd0-cc55-4a8c-aff9-0f6c18a578e9@group-AF8B3C156ABB-SegmentedRaftLogWorker] WARN  segmented.SegmentedRaftLogWorker (SegmentedRaftLogWorker.java:getFromFuture(90)) - Timeout 3/~
org.apache.ratis.protocol.TimeoutIOException: Timeout 10s: WriteLog:7: (t:1, i:7), STATEMACHINELOGENTRY, client-A5AEF000217A, cid=131-writeStateMachineData
	at org.apache.ratis.util.IOUtils.getFromFuture(IOUtils.java:87)
	at org.apache.ratis.server.raftlog.segmented.SegmentedRaftLogWorker$StateMachineDataPolicy.getFromFuture(SegmentedRaftLogWorker.java:87)
	at org.apache.ratis.server.raftlog.segmented.SegmentedRaftLogWorker$WriteLog.execute(SegmentedRaftLogWorker.java:477)
	at org.apache.ratis.server.raftlog.segmented.SegmentedRaftLogWorker.run(SegmentedRaftLogWorker.java:289)
	at java.lang.Thread.run(Thread.java:748)
Caused by: java.util.concurrent.TimeoutException
	at java.util.concurrent.CompletableFuture.timedGet(CompletableFuture.java:1771)
	at java.util.concurrent.CompletableFuture.get(CompletableFuture.java:1915)
	at org.apache.ratis.util.IOUtils.getFromFuture(IOUtils.java:79)
	... 4 more
2019-09-18 17:30:28,118 [grpc-default-executor-6] INFO  client.GrpcClientProtocolClient (GrpcClientProtocolClient.java:onNext(264)) - client-A5AEF000217A->3f36f173-4656-4d5a-831c-b6782f9f5ad2: receive RaftClientReply:client-A5AEF000217A->3f36f173-4656-4d5a-831c-b6782f9f5ad2@group-AF8B3C156ABB, cid=131, FAILED org.apache.ratis.protocol.NotLeaderException: Server 3f36f173-4656-4d5a-831c-b6782f9f5ad2@group-AF8B3C156ABB is not the leader befaacb7-99cd-4d87-819a-d941cb77279d:192.168.151.122:44171, logIndex=0, commits[3f36f173-4656-4d5a-831c-b6782f9f5ad2:c6, f1d6cbd0-cc55-4a8c-aff9-0f6c18a578e9:c4, befaacb7-99cd-4d87-819a-d941cb77279d:c6]
2019-09-18 17:30:28,326 [java.util.concurrent.ThreadPoolExecutor$Worker@56ebe215[State = -1, empty queue]] WARN  server.GrpcLogAppender (GrpcLogAppender.java:timeoutAppendRequest(200)) - befaacb7-99cd-4d87-819a-d941cb77279d@group-AF8B3C156ABB->3f36f173-4656-4d5a-831c-b6782f9f5ad2-GrpcLogAppender: appendEntries Timeout, request=befaacb7-99cd-4d87-819a-d941cb77279d->3f36f173-4656-4d5a-831c-b6782f9f5ad2#33-t1, previous=(t:1, i:12), leaderCommit=6, initializing? false, entries: <empty>
2019-09-18 17:30:28,326 [java.util.concurrent.ThreadPoolExecutor$Worker@326853c1[State = -1, empty queue]] WARN  server.GrpcLogAppender (GrpcLogAppender.java:timeoutAppendRequest(200)) - befaacb7-99cd-4d87-819a-d941cb77279d@group-AF8B3C156ABB->f1d6cbd0-cc55-4a8c-aff9-0f6c18a578e9-GrpcLogAppender: appendEntries Timeout, request=befaacb7-99cd-4d87-819a-d941cb77279d->f1d6cbd0-cc55-4a8c-aff9-0f6c18a578e9#33-t1, previous=(t:1, i:12), leaderCommit=6, initializing? false, entries: <empty>
2019-09-18 17:30:30,279 [grpc-default-executor-6] INFO  impl.RaftServerProxy (RaftServerProxy.java:remove(95)) - 3f36f173-4656-4d5a-831c-b6782f9f5ad2: remove group-4F90601D4E02:null
2019-09-18 17:30:30,281 [RatisPipelineUtilsThread] WARN  pipeline.RatisPipelineUtils (RatisPipelineUtils.java:destroyPipeline(66)) - Pipeline destroy failed for pipeline=PipelineID=8f3f41fd-663e-48bf-b10e-4f90601d4e02 dn=3f36f173-4656-4d5a-831c-b6782f9f5ad2{ip: 192.168.151.122, host: pr-hdds-2121-ltkqc-3926781246, networkLocation: /default-rack, certSerialId: null}
2019-09-18 17:30:30,283 [grpc-default-executor-6] INFO  impl.RaftServerProxy (RaftServerProxy.java:remove(95)) - f1d6cbd0-cc55-4a8c-aff9-0f6c18a578e9: remove group-4F90601D4E02:null
2019-09-18 17:30:30,285 [RatisPipelineUtilsThread] WARN  pipeline.RatisPipelineUtils (RatisPipelineUtils.java:destroyPipeline(66)) - Pipeline destroy failed for pipeline=PipelineID=8f3f41fd-663e-48bf-b10e-4f90601d4e02 dn=f1d6cbd0-cc55-4a8c-aff9-0f6c18a578e9{ip: 192.168.151.122, host: pr-hdds-2121-ltkqc-3926781246, networkLocation: /default-rack, certSerialId: null}
2019-09-18 17:30:30,287 [grpc-default-executor-6] INFO  impl.RaftServerProxy (RaftServerProxy.java:remove(95)) - befaacb7-99cd-4d87-819a-d941cb77279d: remove group-4F90601D4E02:null
2019-09-18 17:30:30,289 [RatisPipelineUtilsThread] WARN  pipeline.RatisPipelineUtils (RatisPipelineUtils.java:destroyPipeline(66)) - Pipeline destroy failed for pipeline=PipelineID=8f3f41fd-663e-48bf-b10e-4f90601d4e02 dn=befaacb7-99cd-4d87-819a-d941cb77279d{ip: 192.168.151.122, host: pr-hdds-2121-ltkqc-3926781246, networkLocation: /default-rack, certSerialId: null}
2019-09-18 17:30:30,289 [RatisPipelineUtilsThread] ERROR pipeline.SCMPipelineManager (Scheduler.java:lambda$schedule$1(70)) - Destroy pipeline failed for pipeline:Pipeline[ Id: 8f3f41fd-663e-48bf-b10e-4f90601d4e02, Nodes: 3f36f173-4656-4d5a-831c-b6782f9f5ad2{ip: 192.168.151.122, host: pr-hdds-2121-ltkqc-3926781246, networkLocation: /default-rack, certSerialId: null}f1d6cbd0-cc55-4a8c-aff9-0f6c18a578e9{ip: 192.168.151.122, host: pr-hdds-2121-ltkqc-3926781246, networkLocation: /default-rack, certSerialId: null}befaacb7-99cd-4d87-819a-d941cb77279d{ip: 192.168.151.122, host: pr-hdds-2121-ltkqc-3926781246, networkLocation: /default-rack, certSerialId: null}, Type:RATIS, Factor:THREE, State:CLOSED]
org.apache.hadoop.hdds.scm.pipeline.PipelineNotFoundException: PipelineID=8f3f41fd-663e-48bf-b10e-4f90601d4e02 not found
	at org.apache.hadoop.hdds.scm.pipeline.PipelineStateMap.getPipeline(PipelineStateMap.java:132)
	at org.apache.hadoop.hdds.scm.pipeline.PipelineStateMap.removePipeline(PipelineStateMap.java:322)
	at org.apache.hadoop.hdds.scm.pipeline.PipelineStateManager.removePipeline(PipelineStateManager.java:107)
	at org.apache.hadoop.hdds.scm.pipeline.SCMPipelineManager.removePipeline(SCMPipelineManager.java:423)
	at org.apache.hadoop.hdds.scm.pipeline.SCMPipelineManager.destroyPipeline(SCMPipelineManager.java:409)
	at org.apache.hadoop.hdds.scm.pipeline.SCMPipelineManager.lambda$finalizeAndDestroyPipeline$0(SCMPipelineManager.java:318)
	at org.apache.hadoop.utils.Scheduler.lambda$schedule$1(Scheduler.java:68)
	at java.util.concurrent.Executors$RunnableAdapter.call(Executors.java:511)
	at java.util.concurrent.FutureTask.run(FutureTask.java:266)
	at java.util.concurrent.ScheduledThreadPoolExecutor$ScheduledFutureTask.access$201(ScheduledThreadPoolExecutor.java:180)
	at java.util.concurrent.ScheduledThreadPoolExecutor$ScheduledFutureTask.run(ScheduledThreadPoolExecutor.java:293)
	at java.util.concurrent.ThreadPoolExecutor.runWorker(ThreadPoolExecutor.java:1149)
	at java.util.concurrent.ThreadPoolExecutor$Worker.run(ThreadPoolExecutor.java:624)
	at java.lang.Thread.run(Thread.java:748)
2019-09-18 17:30:30,827 [java.util.concurrent.ThreadPoolExecutor$Worker@326853c1[State = -1, empty queue]] WARN  server.GrpcLogAppender (GrpcLogAppender.java:timeoutAppendRequest(200)) - befaacb7-99cd-4d87-819a-d941cb77279d@group-AF8B3C156ABB->f1d6cbd0-cc55-4a8c-aff9-0f6c18a578e9-GrpcLogAppender: appendEntries Timeout, request=befaacb7-99cd-4d87-819a-d941cb77279d->f1d6cbd0-cc55-4a8c-aff9-0f6c18a578e9#34-t1, previous=(t:1, i:12), leaderCommit=6, initializing? false, entries: <empty>
2019-09-18 17:30:30,827 [java.util.concurrent.ThreadPoolExecutor$Worker@56ebe215[State = -1, empty queue]] WARN  server.GrpcLogAppender (GrpcLogAppender.java:timeoutAppendRequest(200)) - befaacb7-99cd-4d87-819a-d941cb77279d@group-AF8B3C156ABB->3f36f173-4656-4d5a-831c-b6782f9f5ad2-GrpcLogAppender: appendEntries Timeout, request=befaacb7-99cd-4d87-819a-d941cb77279d->3f36f173-4656-4d5a-831c-b6782f9f5ad2#34-t1, previous=(t:1, i:12), leaderCommit=6, initializing? false, entries: <empty>
2019-09-18 17:30:32,281 [grpc-default-executor-6] INFO  impl.RaftServerProxy (RaftServerProxy.java:remove(95)) - 3f36f173-4656-4d5a-831c-b6782f9f5ad2: remove group-4F90601D4E02:null
2019-09-18 17:30:32,283 [RatisPipelineUtilsThread] WARN  pipeline.RatisPipelineUtils (RatisPipelineUtils.java:destroyPipeline(66)) - Pipeline destroy failed for pipeline=PipelineID=8f3f41fd-663e-48bf-b10e-4f90601d4e02 dn=3f36f173-4656-4d5a-831c-b6782f9f5ad2{ip: 192.168.151.122, host: pr-hdds-2121-ltkqc-3926781246, networkLocation: /default-rack, certSerialId: null}
2019-09-18 17:30:32,286 [grpc-default-executor-6] INFO  impl.RaftServerProxy (RaftServerProxy.java:remove(95)) - f1d6cbd0-cc55-4a8c-aff9-0f6c18a578e9: remove group-4F90601D4E02:null
2019-09-18 17:30:32,288 [RatisPipelineUtilsThread] WARN  pipeline.RatisPipelineUtils (RatisPipelineUtils.java:destroyPipeline(66)) - Pipeline destroy failed for pipeline=PipelineID=8f3f41fd-663e-48bf-b10e-4f90601d4e02 dn=f1d6cbd0-cc55-4a8c-aff9-0f6c18a578e9{ip: 192.168.151.122, host: pr-hdds-2121-ltkqc-3926781246, networkLocation: /default-rack, certSerialId: null}
2019-09-18 17:30:32,291 [grpc-default-executor-6] INFO  impl.RaftServerProxy (RaftServerProxy.java:remove(95)) - befaacb7-99cd-4d87-819a-d941cb77279d: remove group-4F90601D4E02:null
2019-09-18 17:30:32,293 [RatisPipelineUtilsThread] WARN  pipeline.RatisPipelineUtils (RatisPipelineUtils.java:destroyPipeline(66)) - Pipeline destroy failed for pipeline=PipelineID=8f3f41fd-663e-48bf-b10e-4f90601d4e02 dn=befaacb7-99cd-4d87-819a-d941cb77279d{ip: 192.168.151.122, host: pr-hdds-2121-ltkqc-3926781246, networkLocation: /default-rack, certSerialId: null}
2019-09-18 17:30:32,293 [RatisPipelineUtilsThread] ERROR pipeline.SCMPipelineManager (Scheduler.java:lambda$schedule$1(70)) - Destroy pipeline failed for pipeline:Pipeline[ Id: 8f3f41fd-663e-48bf-b10e-4f90601d4e02, Nodes: 3f36f173-4656-4d5a-831c-b6782f9f5ad2{ip: 192.168.151.122, host: pr-hdds-2121-ltkqc-3926781246, networkLocation: /default-rack, certSerialId: null}f1d6cbd0-cc55-4a8c-aff9-0f6c18a578e9{ip: 192.168.151.122, host: pr-hdds-2121-ltkqc-3926781246, networkLocation: /default-rack, certSerialId: null}befaacb7-99cd-4d87-819a-d941cb77279d{ip: 192.168.151.122, host: pr-hdds-2121-ltkqc-3926781246, networkLocation: /default-rack, certSerialId: null}, Type:RATIS, Factor:THREE, State:CLOSED]
org.apache.hadoop.hdds.scm.pipeline.PipelineNotFoundException: PipelineID=8f3f41fd-663e-48bf-b10e-4f90601d4e02 not found
	at org.apache.hadoop.hdds.scm.pipeline.PipelineStateMap.getPipeline(PipelineStateMap.java:132)
	at org.apache.hadoop.hdds.scm.pipeline.PipelineStateMap.removePipeline(PipelineStateMap.java:322)
	at org.apache.hadoop.hdds.scm.pipeline.PipelineStateManager.removePipeline(PipelineStateManager.java:107)
	at org.apache.hadoop.hdds.scm.pipeline.SCMPipelineManager.removePipeline(SCMPipelineManager.java:423)
	at org.apache.hadoop.hdds.scm.pipeline.SCMPipelineManager.destroyPipeline(SCMPipelineManager.java:409)
	at org.apache.hadoop.hdds.scm.pipeline.SCMPipelineManager.lambda$finalizeAndDestroyPipeline$0(SCMPipelineManager.java:318)
	at org.apache.hadoop.utils.Scheduler.lambda$schedule$1(Scheduler.java:68)
	at java.util.concurrent.Executors$RunnableAdapter.call(Executors.java:511)
	at java.util.concurrent.FutureTask.run(FutureTask.java:266)
	at java.util.concurrent.ScheduledThreadPoolExecutor$ScheduledFutureTask.access$201(ScheduledThreadPoolExecutor.java:180)
	at java.util.concurrent.ScheduledThreadPoolExecutor$ScheduledFutureTask.run(ScheduledThreadPoolExecutor.java:293)
	at java.util.concurrent.ThreadPoolExecutor.runWorker(ThreadPoolExecutor.java:1149)
	at java.util.concurrent.ThreadPoolExecutor$Worker.run(ThreadPoolExecutor.java:624)
	at java.lang.Thread.run(Thread.java:748)
2019-09-18 17:30:33,147 [grpc-default-executor-6] INFO  client.GrpcClientProtocolClient (GrpcClientProtocolClient.java:onNext(264)) - client-A5AEF000217A->f1d6cbd0-cc55-4a8c-aff9-0f6c18a578e9: receive RaftClientReply:client-A5AEF000217A->f1d6cbd0-cc55-4a8c-aff9-0f6c18a578e9@group-AF8B3C156ABB, cid=131, FAILED org.apache.ratis.protocol.NotLeaderException: Server f1d6cbd0-cc55-4a8c-aff9-0f6c18a578e9@group-AF8B3C156ABB is not the leader befaacb7-99cd-4d87-819a-d941cb77279d:192.168.151.122:44171, logIndex=0, commits[f1d6cbd0-cc55-4a8c-aff9-0f6c18a578e9:c6, befaacb7-99cd-4d87-819a-d941cb77279d:c6, 3f36f173-4656-4d5a-831c-b6782f9f5ad2:c4]
2019-09-18 17:30:33,327 [java.util.concurrent.ThreadPoolExecutor$Worker@56ebe215[State = -1, empty queue]] WARN  server.GrpcLogAppender (GrpcLogAppender.java:timeoutAppendRequest(200)) - befaacb7-99cd-4d87-819a-d941cb77279d@group-AF8B3C156ABB->3f36f173-4656-4d5a-831c-b6782f9f5ad2-GrpcLogAppender: appendEntries Timeout, request=befaacb7-99cd-4d87-819a-d941cb77279d->3f36f173-4656-4d5a-831c-b6782f9f5ad2#35-t1, previous=(t:1, i:12), leaderCommit=6, initializing? false, entries: <empty>
2019-09-18 17:30:33,327 [java.util.concurrent.ThreadPoolExecutor$Worker@326853c1[State = -1, empty queue]] WARN  server.GrpcLogAppender (GrpcLogAppender.java:timeoutAppendRequest(200)) - befaacb7-99cd-4d87-819a-d941cb77279d@group-AF8B3C156ABB->f1d6cbd0-cc55-4a8c-aff9-0f6c18a578e9-GrpcLogAppender: appendEntries Timeout, request=befaacb7-99cd-4d87-819a-d941cb77279d->f1d6cbd0-cc55-4a8c-aff9-0f6c18a578e9#35-t1, previous=(t:1, i:12), leaderCommit=6, initializing? false, entries: <empty>
2019-09-18 17:30:35,280 [grpc-default-executor-6] INFO  impl.RaftServerProxy (RaftServerProxy.java:remove(95)) - 3f36f173-4656-4d5a-831c-b6782f9f5ad2: remove group-4F90601D4E02:null
2019-09-18 17:30:35,283 [RatisPipelineUtilsThread] WARN  pipeline.RatisPipelineUtils (RatisPipelineUtils.java:destroyPipeline(66)) - Pipeline destroy failed for pipeline=PipelineID=8f3f41fd-663e-48bf-b10e-4f90601d4e02 dn=3f36f173-4656-4d5a-831c-b6782f9f5ad2{ip: 192.168.151.122, host: pr-hdds-2121-ltkqc-3926781246, networkLocation: /default-rack, certSerialId: null}
2019-09-18 17:30:35,286 [grpc-default-executor-6] INFO  impl.RaftServerProxy (RaftServerProxy.java:remove(95)) - f1d6cbd0-cc55-4a8c-aff9-0f6c18a578e9: remove group-4F90601D4E02:null
2019-09-18 17:30:35,288 [RatisPipelineUtilsThread] WARN  pipeline.RatisPipelineUtils (RatisPipelineUtils.java:destroyPipeline(66)) - Pipeline destroy failed for pipeline=PipelineID=8f3f41fd-663e-48bf-b10e-4f90601d4e02 dn=f1d6cbd0-cc55-4a8c-aff9-0f6c18a578e9{ip: 192.168.151.122, host: pr-hdds-2121-ltkqc-3926781246, networkLocation: /default-rack, certSerialId: null}
2019-09-18 17:30:35,290 [grpc-default-executor-6] INFO  impl.RaftServerProxy (RaftServerProxy.java:remove(95)) - befaacb7-99cd-4d87-819a-d941cb77279d: remove group-4F90601D4E02:null
2019-09-18 17:30:35,292 [RatisPipelineUtilsThread] WARN  pipeline.RatisPipelineUtils (RatisPipelineUtils.java:destroyPipeline(66)) - Pipeline destroy failed for pipeline=PipelineID=8f3f41fd-663e-48bf-b10e-4f90601d4e02 dn=befaacb7-99cd-4d87-819a-d941cb77279d{ip: 192.168.151.122, host: pr-hdds-2121-ltkqc-3926781246, networkLocation: /default-rack, certSerialId: null}
2019-09-18 17:30:35,299 [RatisPipelineUtilsThread] ERROR pipeline.SCMPipelineManager (Scheduler.java:lambda$schedule$1(70)) - Destroy pipeline failed for pipeline:Pipeline[ Id: 8f3f41fd-663e-48bf-b10e-4f90601d4e02, Nodes: 3f36f173-4656-4d5a-831c-b6782f9f5ad2{ip: 192.168.151.122, host: pr-hdds-2121-ltkqc-3926781246, networkLocation: /default-rack, certSerialId: null}f1d6cbd0-cc55-4a8c-aff9-0f6c18a578e9{ip: 192.168.151.122, host: pr-hdds-2121-ltkqc-3926781246, networkLocation: /default-rack, certSerialId: null}befaacb7-99cd-4d87-819a-d941cb77279d{ip: 192.168.151.122, host: pr-hdds-2121-ltkqc-3926781246, networkLocation: /default-rack, certSerialId: null}, Type:RATIS, Factor:THREE, State:CLOSED]
org.apache.hadoop.hdds.scm.pipeline.PipelineNotFoundException: PipelineID=8f3f41fd-663e-48bf-b10e-4f90601d4e02 not found
	at org.apache.hadoop.hdds.scm.pipeline.PipelineStateMap.getPipeline(PipelineStateMap.java:132)
	at org.apache.hadoop.hdds.scm.pipeline.PipelineStateMap.removePipeline(PipelineStateMap.java:322)
	at org.apache.hadoop.hdds.scm.pipeline.PipelineStateManager.removePipeline(PipelineStateManager.java:107)
	at org.apache.hadoop.hdds.scm.pipeline.SCMPipelineManager.removePipeline(SCMPipelineManager.java:423)
	at org.apache.hadoop.hdds.scm.pipeline.SCMPipelineManager.destroyPipeline(SCMPipelineManager.java:409)
	at org.apache.hadoop.hdds.scm.pipeline.SCMPipelineManager.lambda$finalizeAndDestroyPipeline$0(SCMPipelineManager.java:318)
	at org.apache.hadoop.utils.Scheduler.lambda$schedule$1(Scheduler.java:68)
	at java.util.concurrent.Executors$RunnableAdapter.call(Executors.java:511)
	at java.util.concurrent.FutureTask.run(FutureTask.java:266)
	at java.util.concurrent.ScheduledThreadPoolExecutor$ScheduledFutureTask.access$201(ScheduledThreadPoolExecutor.java:180)
	at java.util.concurrent.ScheduledThreadPoolExecutor$ScheduledFutureTask.run(ScheduledThreadPoolExecutor.java:293)
	at java.util.concurrent.ThreadPoolExecutor.runWorker(ThreadPoolExecutor.java:1149)
	at java.util.concurrent.ThreadPoolExecutor$Worker.run(ThreadPoolExecutor.java:624)
	at java.lang.Thread.run(Thread.java:748)
2019-09-18 17:30:35,827 [java.util.concurrent.ThreadPoolExecutor$Worker@56ebe215[State = -1, empty queue]] WARN  server.GrpcLogAppender (GrpcLogAppender.java:timeoutAppendRequest(200)) - befaacb7-99cd-4d87-819a-d941cb77279d@group-AF8B3C156ABB->3f36f173-4656-4d5a-831c-b6782f9f5ad2-GrpcLogAppender: appendEntries Timeout, request=befaacb7-99cd-4d87-819a-d941cb77279d->3f36f173-4656-4d5a-831c-b6782f9f5ad2#36-t1, previous=(t:1, i:12), leaderCommit=6, initializing? false, entries: <empty>
2019-09-18 17:30:35,827 [java.util.concurrent.ThreadPoolExecutor$Worker@326853c1[State = -1, empty queue]] WARN  server.GrpcLogAppender (GrpcLogAppender.java:timeoutAppendRequest(200)) - befaacb7-99cd-4d87-819a-d941cb77279d@group-AF8B3C156ABB->f1d6cbd0-cc55-4a8c-aff9-0f6c18a578e9-GrpcLogAppender: appendEntries Timeout, request=befaacb7-99cd-4d87-819a-d941cb77279d->f1d6cbd0-cc55-4a8c-aff9-0f6c18a578e9#36-t1, previous=(t:1, i:12), leaderCommit=6, initializing? false, entries: <empty>
2019-09-18 17:30:37,279 [grpc-default-executor-6] INFO  impl.RaftServerProxy (RaftServerProxy.java:remove(95)) - 3f36f173-4656-4d5a-831c-b6782f9f5ad2: remove group-4F90601D4E02:null
2019-09-18 17:30:37,282 [RatisPipelineUtilsThread] WARN  pipeline.RatisPipelineUtils (RatisPipelineUtils.java:destroyPipeline(66)) - Pipeline destroy failed for pipeline=PipelineID=8f3f41fd-663e-48bf-b10e-4f90601d4e02 dn=3f36f173-4656-4d5a-831c-b6782f9f5ad2{ip: 192.168.151.122, host: pr-hdds-2121-ltkqc-3926781246, networkLocation: /default-rack, certSerialId: null}
2019-09-18 17:30:37,284 [grpc-default-executor-6] INFO  impl.RaftServerProxy (RaftServerProxy.java:remove(95)) - f1d6cbd0-cc55-4a8c-aff9-0f6c18a578e9: remove group-4F90601D4E02:null
2019-09-18 17:30:37,285 [RatisPipelineUtilsThread] WARN  pipeline.RatisPipelineUtils (RatisPipelineUtils.java:destroyPipeline(66)) - Pipeline destroy failed for pipeline=PipelineID=8f3f41fd-663e-48bf-b10e-4f90601d4e02 dn=f1d6cbd0-cc55-4a8c-aff9-0f6c18a578e9{ip: 192.168.151.122, host: pr-hdds-2121-ltkqc-3926781246, networkLocation: /default-rack, certSerialId: null}
2019-09-18 17:30:37,288 [grpc-default-executor-6] INFO  impl.RaftServerProxy (RaftServerProxy.java:remove(95)) - befaacb7-99cd-4d87-819a-d941cb77279d: remove group-4F90601D4E02:null
2019-09-18 17:30:37,289 [RatisPipelineUtilsThread] WARN  pipeline.RatisPipelineUtils (RatisPipelineUtils.java:destroyPipeline(66)) - Pipeline destroy failed for pipeline=PipelineID=8f3f41fd-663e-48bf-b10e-4f90601d4e02 dn=befaacb7-99cd-4d87-819a-d941cb77279d{ip: 192.168.151.122, host: pr-hdds-2121-ltkqc-3926781246, networkLocation: /default-rack, certSerialId: null}
2019-09-18 17:30:37,289 [RatisPipelineUtilsThread] ERROR pipeline.SCMPipelineManager (Scheduler.java:lambda$schedule$1(70)) - Destroy pipeline failed for pipeline:Pipeline[ Id: 8f3f41fd-663e-48bf-b10e-4f90601d4e02, Nodes: 3f36f173-4656-4d5a-831c-b6782f9f5ad2{ip: 192.168.151.122, host: pr-hdds-2121-ltkqc-3926781246, networkLocation: /default-rack, certSerialId: null}f1d6cbd0-cc55-4a8c-aff9-0f6c18a578e9{ip: 192.168.151.122, host: pr-hdds-2121-ltkqc-3926781246, networkLocation: /default-rack, certSerialId: null}befaacb7-99cd-4d87-819a-d941cb77279d{ip: 192.168.151.122, host: pr-hdds-2121-ltkqc-3926781246, networkLocation: /default-rack, certSerialId: null}, Type:RATIS, Factor:THREE, State:CLOSED]
org.apache.hadoop.hdds.scm.pipeline.PipelineNotFoundException: PipelineID=8f3f41fd-663e-48bf-b10e-4f90601d4e02 not found
	at org.apache.hadoop.hdds.scm.pipeline.PipelineStateMap.getPipeline(PipelineStateMap.java:132)
	at org.apache.hadoop.hdds.scm.pipeline.PipelineStateMap.removePipeline(PipelineStateMap.java:322)
	at org.apache.hadoop.hdds.scm.pipeline.PipelineStateManager.removePipeline(PipelineStateManager.java:107)
	at org.apache.hadoop.hdds.scm.pipeline.SCMPipelineManager.removePipeline(SCMPipelineManager.java:423)
	at org.apache.hadoop.hdds.scm.pipeline.SCMPipelineManager.destroyPipeline(SCMPipelineManager.java:409)
	at org.apache.hadoop.hdds.scm.pipeline.SCMPipelineManager.lambda$finalizeAndDestroyPipeline$0(SCMPipelineManager.java:318)
	at org.apache.hadoop.utils.Scheduler.lambda$schedule$1(Scheduler.java:68)
	at java.util.concurrent.Executors$RunnableAdapter.call(Executors.java:511)
	at java.util.concurrent.FutureTask.run(FutureTask.java:266)
	at java.util.concurrent.ScheduledThreadPoolExecutor$ScheduledFutureTask.access$201(ScheduledThreadPoolExecutor.java:180)
	at java.util.concurrent.ScheduledThreadPoolExecutor$ScheduledFutureTask.run(ScheduledThreadPoolExecutor.java:293)
	at java.util.concurrent.ThreadPoolExecutor.runWorker(ThreadPoolExecutor.java:1149)
	at java.util.concurrent.ThreadPoolExecutor$Worker.run(ThreadPoolExecutor.java:624)
	at java.lang.Thread.run(Thread.java:748)
2019-09-18 17:30:37,820 [befaacb7-99cd-4d87-819a-d941cb77279d@group-AF8B3C156ABB-SegmentedRaftLogWorker] WARN  segmented.SegmentedRaftLogWorker (SegmentedRaftLogWorker.java:getFromFuture(90)) - Timeout 4/~
org.apache.ratis.protocol.TimeoutIOException: Timeout 10s: WriteLog:7: (t:1, i:7), STATEMACHINELOGENTRY, client-A5AEF000217A, cid=131-writeStateMachineData
	at org.apache.ratis.util.IOUtils.getFromFuture(IOUtils.java:87)
	at org.apache.ratis.server.raftlog.segmented.SegmentedRaftLogWorker$StateMachineDataPolicy.getFromFuture(SegmentedRaftLogWorker.java:87)
	at org.apache.ratis.server.raftlog.segmented.SegmentedRaftLogWorker$WriteLog.execute(SegmentedRaftLogWorker.java:477)
	at org.apache.ratis.server.raftlog.segmented.SegmentedRaftLogWorker.run(SegmentedRaftLogWorker.java:289)
	at java.lang.Thread.run(Thread.java:748)
Caused by: java.util.concurrent.TimeoutException
	at java.util.concurrent.CompletableFuture.timedGet(CompletableFuture.java:1771)
	at java.util.concurrent.CompletableFuture.get(CompletableFuture.java:1915)
	at org.apache.ratis.util.IOUtils.getFromFuture(IOUtils.java:79)
	... 4 more
2019-09-18 17:30:37,820 [3f36f173-4656-4d5a-831c-b6782f9f5ad2@group-AF8B3C156ABB-SegmentedRaftLogWorker] WARN  segmented.SegmentedRaftLogWorker (SegmentedRaftLogWorker.java:getFromFuture(90)) - Timeout 4/~
org.apache.ratis.protocol.TimeoutIOException: Timeout 10s: WriteLog:7: (t:1, i:7), STATEMACHINELOGENTRY, client-A5AEF000217A, cid=131-writeStateMachineData
	at org.apache.ratis.util.IOUtils.getFromFuture(IOUtils.java:87)
	at org.apache.ratis.server.raftlog.segmented.SegmentedRaftLogWorker$StateMachineDataPolicy.getFromFuture(SegmentedRaftLogWorker.java:87)
	at org.apache.ratis.server.raftlog.segmented.SegmentedRaftLogWorker$WriteLog.execute(SegmentedRaftLogWorker.java:477)
	at org.apache.ratis.server.raftlog.segmented.SegmentedRaftLogWorker.run(SegmentedRaftLogWorker.java:289)
	at java.lang.Thread.run(Thread.java:748)
Caused by: java.util.concurrent.TimeoutException
	at java.util.concurrent.CompletableFuture.timedGet(CompletableFuture.java:1771)
	at java.util.concurrent.CompletableFuture.get(CompletableFuture.java:1915)
	at org.apache.ratis.util.IOUtils.getFromFuture(IOUtils.java:79)
	... 4 more
2019-09-18 17:30:37,821 [f1d6cbd0-cc55-4a8c-aff9-0f6c18a578e9@group-AF8B3C156ABB-SegmentedRaftLogWorker] WARN  segmented.SegmentedRaftLogWorker (SegmentedRaftLogWorker.java:getFromFuture(90)) - Timeout 4/~
org.apache.ratis.protocol.TimeoutIOException: Timeout 10s: WriteLog:7: (t:1, i:7), STATEMACHINELOGENTRY, client-A5AEF000217A, cid=131-writeStateMachineData
	at org.apache.ratis.util.IOUtils.getFromFuture(IOUtils.java:87)
	at org.apache.ratis.server.raftlog.segmented.SegmentedRaftLogWorker$StateMachineDataPolicy.getFromFuture(SegmentedRaftLogWorker.java:87)
	at org.apache.ratis.server.raftlog.segmented.SegmentedRaftLogWorker$WriteLog.execute(SegmentedRaftLogWorker.java:477)
	at org.apache.ratis.server.raftlog.segmented.SegmentedRaftLogWorker.run(SegmentedRaftLogWorker.java:289)
	at java.lang.Thread.run(Thread.java:748)
Caused by: java.util.concurrent.TimeoutException
	at java.util.concurrent.CompletableFuture.timedGet(CompletableFuture.java:1771)
	at java.util.concurrent.CompletableFuture.get(CompletableFuture.java:1915)
	at org.apache.ratis.util.IOUtils.getFromFuture(IOUtils.java:79)
	... 4 more
2019-09-18 17:30:38,184 [grpc-default-executor-6] INFO  client.GrpcClientProtocolClient (GrpcClientProtocolClient.java:onNext(264)) - client-A5AEF000217A->3f36f173-4656-4d5a-831c-b6782f9f5ad2: receive RaftClientReply:client-A5AEF000217A->3f36f173-4656-4d5a-831c-b6782f9f5ad2@group-AF8B3C156ABB, cid=131, FAILED org.apache.ratis.protocol.NotLeaderException: Server 3f36f173-4656-4d5a-831c-b6782f9f5ad2@group-AF8B3C156ABB is not the leader befaacb7-99cd-4d87-819a-d941cb77279d:192.168.151.122:44171, logIndex=0, commits[3f36f173-4656-4d5a-831c-b6782f9f5ad2:c6, f1d6cbd0-cc55-4a8c-aff9-0f6c18a578e9:c4, befaacb7-99cd-4d87-819a-d941cb77279d:c6]
2019-09-18 17:30:38,327 [java.util.concurrent.ThreadPoolExecutor$Worker@326853c1[State = -1, empty queue]] WARN  server.GrpcLogAppender (GrpcLogAppender.java:timeoutAppendRequest(200)) - befaacb7-99cd-4d87-819a-d941cb77279d@group-AF8B3C156ABB->f1d6cbd0-cc55-4a8c-aff9-0f6c18a578e9-GrpcLogAppender: appendEntries Timeout, request=befaacb7-99cd-4d87-819a-d941cb77279d->f1d6cbd0-cc55-4a8c-aff9-0f6c18a578e9#37-t1, previous=(t:1, i:12), leaderCommit=6, initializing? false, entries: <empty>
2019-09-18 17:30:38,327 [java.util.concurrent.ThreadPoolExecutor$Worker@56ebe215[State = -1, empty queue]] WARN  server.GrpcLogAppender (GrpcLogAppender.java:timeoutAppendRequest(200)) - befaacb7-99cd-4d87-819a-d941cb77279d@group-AF8B3C156ABB->3f36f173-4656-4d5a-831c-b6782f9f5ad2-GrpcLogAppender: appendEntries Timeout, request=befaacb7-99cd-4d87-819a-d941cb77279d->3f36f173-4656-4d5a-831c-b6782f9f5ad2#37-t1, previous=(t:1, i:12), leaderCommit=6, initializing? false, entries: <empty>
2019-09-18 17:30:40,285 [grpc-default-executor-7] INFO  impl.RaftServerProxy (RaftServerProxy.java:remove(95)) - 3f36f173-4656-4d5a-831c-b6782f9f5ad2: remove group-4F90601D4E02:null
2019-09-18 17:30:40,290 [RatisPipelineUtilsThread] WARN  pipeline.RatisPipelineUtils (RatisPipelineUtils.java:destroyPipeline(66)) - Pipeline destroy failed for pipeline=PipelineID=8f3f41fd-663e-48bf-b10e-4f90601d4e02 dn=3f36f173-4656-4d5a-831c-b6782f9f5ad2{ip: 192.168.151.122, host: pr-hdds-2121-ltkqc-3926781246, networkLocation: /default-rack, certSerialId: null}
2019-09-18 17:30:40,292 [grpc-default-executor-7] INFO  impl.RaftServerProxy (RaftServerProxy.java:remove(95)) - f1d6cbd0-cc55-4a8c-aff9-0f6c18a578e9: remove group-4F90601D4E02:null
2019-09-18 17:30:40,294 [RatisPipelineUtilsThread] WARN  pipeline.RatisPipelineUtils (RatisPipelineUtils.java:destroyPipeline(66)) - Pipeline destroy failed for pipeline=PipelineID=8f3f41fd-663e-48bf-b10e-4f90601d4e02 dn=f1d6cbd0-cc55-4a8c-aff9-0f6c18a578e9{ip: 192.168.151.122, host: pr-hdds-2121-ltkqc-3926781246, networkLocation: /default-rack, certSerialId: null}
2019-09-18 17:30:40,297 [grpc-default-executor-7] INFO  impl.RaftServerProxy (RaftServerProxy.java:remove(95)) - befaacb7-99cd-4d87-819a-d941cb77279d: remove group-4F90601D4E02:null
2019-09-18 17:30:40,299 [RatisPipelineUtilsThread] WARN  pipeline.RatisPipelineUtils (RatisPipelineUtils.java:destroyPipeline(66)) - Pipeline destroy failed for pipeline=PipelineID=8f3f41fd-663e-48bf-b10e-4f90601d4e02 dn=befaacb7-99cd-4d87-819a-d941cb77279d{ip: 192.168.151.122, host: pr-hdds-2121-ltkqc-3926781246, networkLocation: /default-rack, certSerialId: null}
2019-09-18 17:30:40,299 [RatisPipelineUtilsThread] ERROR pipeline.SCMPipelineManager (Scheduler.java:lambda$schedule$1(70)) - Destroy pipeline failed for pipeline:Pipeline[ Id: 8f3f41fd-663e-48bf-b10e-4f90601d4e02, Nodes: 3f36f173-4656-4d5a-831c-b6782f9f5ad2{ip: 192.168.151.122, host: pr-hdds-2121-ltkqc-3926781246, networkLocation: /default-rack, certSerialId: null}f1d6cbd0-cc55-4a8c-aff9-0f6c18a578e9{ip: 192.168.151.122, host: pr-hdds-2121-ltkqc-3926781246, networkLocation: /default-rack, certSerialId: null}befaacb7-99cd-4d87-819a-d941cb77279d{ip: 192.168.151.122, host: pr-hdds-2121-ltkqc-3926781246, networkLocation: /default-rack, certSerialId: null}, Type:RATIS, Factor:THREE, State:CLOSED]
org.apache.hadoop.hdds.scm.pipeline.PipelineNotFoundException: PipelineID=8f3f41fd-663e-48bf-b10e-4f90601d4e02 not found
	at org.apache.hadoop.hdds.scm.pipeline.PipelineStateMap.getPipeline(PipelineStateMap.java:132)
	at org.apache.hadoop.hdds.scm.pipeline.PipelineStateMap.removePipeline(PipelineStateMap.java:322)
	at org.apache.hadoop.hdds.scm.pipeline.PipelineStateManager.removePipeline(PipelineStateManager.java:107)
	at org.apache.hadoop.hdds.scm.pipeline.SCMPipelineManager.removePipeline(SCMPipelineManager.java:423)
	at org.apache.hadoop.hdds.scm.pipeline.SCMPipelineManager.destroyPipeline(SCMPipelineManager.java:409)
	at org.apache.hadoop.hdds.scm.pipeline.SCMPipelineManager.lambda$finalizeAndDestroyPipeline$0(SCMPipelineManager.java:318)
	at org.apache.hadoop.utils.Scheduler.lambda$schedule$1(Scheduler.java:68)
	at java.util.concurrent.Executors$RunnableAdapter.call(Executors.java:511)
	at java.util.concurrent.FutureTask.run(FutureTask.java:266)
	at java.util.concurrent.ScheduledThreadPoolExecutor$ScheduledFutureTask.access$201(ScheduledThreadPoolExecutor.java:180)
	at java.util.concurrent.ScheduledThreadPoolExecutor$ScheduledFutureTask.run(ScheduledThreadPoolExecutor.java:293)
	at java.util.concurrent.ThreadPoolExecutor.runWorker(ThreadPoolExecutor.java:1149)
	at java.util.concurrent.ThreadPoolExecutor$Worker.run(ThreadPoolExecutor.java:624)
	at java.lang.Thread.run(Thread.java:748)
2019-09-18 17:30:40,828 [java.util.concurrent.ThreadPoolExecutor$Worker@326853c1[State = -1, empty queue]] WARN  server.GrpcLogAppender (GrpcLogAppender.java:timeoutAppendRequest(200)) - befaacb7-99cd-4d87-819a-d941cb77279d@group-AF8B3C156ABB->f1d6cbd0-cc55-4a8c-aff9-0f6c18a578e9-GrpcLogAppender: appendEntries Timeout, request=befaacb7-99cd-4d87-819a-d941cb77279d->f1d6cbd0-cc55-4a8c-aff9-0f6c18a578e9#38-t1, previous=(t:1, i:12), leaderCommit=6, initializing? false, entries: <empty>
2019-09-18 17:30:40,828 [java.util.concurrent.ThreadPoolExecutor$Worker@56ebe215[State = -1, empty queue]] WARN  server.GrpcLogAppender (GrpcLogAppender.java:timeoutAppendRequest(200)) - befaacb7-99cd-4d87-819a-d941cb77279d@group-AF8B3C156ABB->3f36f173-4656-4d5a-831c-b6782f9f5ad2-GrpcLogAppender: appendEntries Timeout, request=befaacb7-99cd-4d87-819a-d941cb77279d->3f36f173-4656-4d5a-831c-b6782f9f5ad2#38-t1, previous=(t:1, i:12), leaderCommit=6, initializing? false, entries: <empty>
2019-09-18 17:30:42,283 [grpc-default-executor-6] INFO  impl.RaftServerProxy (RaftServerProxy.java:remove(95)) - 3f36f173-4656-4d5a-831c-b6782f9f5ad2: remove group-4F90601D4E02:null
2019-09-18 17:30:42,286 [RatisPipelineUtilsThread] WARN  pipeline.RatisPipelineUtils (RatisPipelineUtils.java:destroyPipeline(66)) - Pipeline destroy failed for pipeline=PipelineID=8f3f41fd-663e-48bf-b10e-4f90601d4e02 dn=3f36f173-4656-4d5a-831c-b6782f9f5ad2{ip: 192.168.151.122, host: pr-hdds-2121-ltkqc-3926781246, networkLocation: /default-rack, certSerialId: null}
2019-09-18 17:30:42,288 [grpc-default-executor-6] INFO  impl.RaftServerProxy (RaftServerProxy.java:remove(95)) - f1d6cbd0-cc55-4a8c-aff9-0f6c18a578e9: remove group-4F90601D4E02:null
2019-09-18 17:30:42,290 [RatisPipelineUtilsThread] WARN  pipeline.RatisPipelineUtils (RatisPipelineUtils.java:destroyPipeline(66)) - Pipeline destroy failed for pipeline=PipelineID=8f3f41fd-663e-48bf-b10e-4f90601d4e02 dn=f1d6cbd0-cc55-4a8c-aff9-0f6c18a578e9{ip: 192.168.151.122, host: pr-hdds-2121-ltkqc-3926781246, networkLocation: /default-rack, certSerialId: null}
2019-09-18 17:30:42,292 [grpc-default-executor-6] INFO  impl.RaftServerProxy (RaftServerProxy.java:remove(95)) - befaacb7-99cd-4d87-819a-d941cb77279d: remove group-4F90601D4E02:null
2019-09-18 17:30:42,294 [RatisPipelineUtilsThread] WARN  pipeline.RatisPipelineUtils (RatisPipelineUtils.java:destroyPipeline(66)) - Pipeline destroy failed for pipeline=PipelineID=8f3f41fd-663e-48bf-b10e-4f90601d4e02 dn=befaacb7-99cd-4d87-819a-d941cb77279d{ip: 192.168.151.122, host: pr-hdds-2121-ltkqc-3926781246, networkLocation: /default-rack, certSerialId: null}
2019-09-18 17:30:42,294 [RatisPipelineUtilsThread] ERROR pipeline.SCMPipelineManager (Scheduler.java:lambda$schedule$1(70)) - Destroy pipeline failed for pipeline:Pipeline[ Id: 8f3f41fd-663e-48bf-b10e-4f90601d4e02, Nodes: 3f36f173-4656-4d5a-831c-b6782f9f5ad2{ip: 192.168.151.122, host: pr-hdds-2121-ltkqc-3926781246, networkLocation: /default-rack, certSerialId: null}f1d6cbd0-cc55-4a8c-aff9-0f6c18a578e9{ip: 192.168.151.122, host: pr-hdds-2121-ltkqc-3926781246, networkLocation: /default-rack, certSerialId: null}befaacb7-99cd-4d87-819a-d941cb77279d{ip: 192.168.151.122, host: pr-hdds-2121-ltkqc-3926781246, networkLocation: /default-rack, certSerialId: null}, Type:RATIS, Factor:THREE, State:CLOSED]
org.apache.hadoop.hdds.scm.pipeline.PipelineNotFoundException: PipelineID=8f3f41fd-663e-48bf-b10e-4f90601d4e02 not found
	at org.apache.hadoop.hdds.scm.pipeline.PipelineStateMap.getPipeline(PipelineStateMap.java:132)
	at org.apache.hadoop.hdds.scm.pipeline.PipelineStateMap.removePipeline(PipelineStateMap.java:322)
	at org.apache.hadoop.hdds.scm.pipeline.PipelineStateManager.removePipeline(PipelineStateManager.java:107)
	at org.apache.hadoop.hdds.scm.pipeline.SCMPipelineManager.removePipeline(SCMPipelineManager.java:423)
	at org.apache.hadoop.hdds.scm.pipeline.SCMPipelineManager.destroyPipeline(SCMPipelineManager.java:409)
	at org.apache.hadoop.hdds.scm.pipeline.SCMPipelineManager.lambda$finalizeAndDestroyPipeline$0(SCMPipelineManager.java:318)
	at org.apache.hadoop.utils.Scheduler.lambda$schedule$1(Scheduler.java:68)
	at java.util.concurrent.Executors$RunnableAdapter.call(Executors.java:511)
	at java.util.concurrent.FutureTask.run(FutureTask.java:266)
	at java.util.concurrent.ScheduledThreadPoolExecutor$ScheduledFutureTask.access$201(ScheduledThreadPoolExecutor.java:180)
	at java.util.concurrent.ScheduledThreadPoolExecutor$ScheduledFutureTask.run(ScheduledThreadPoolExecutor.java:293)
	at java.util.concurrent.ThreadPoolExecutor.runWorker(ThreadPoolExecutor.java:1149)
	at java.util.concurrent.ThreadPoolExecutor$Worker.run(ThreadPoolExecutor.java:624)
	at java.lang.Thread.run(Thread.java:748)
2019-09-18 17:30:43,244 [grpc-default-executor-6] INFO  client.GrpcClientProtocolClient (GrpcClientProtocolClient.java:onNext(264)) - client-A5AEF000217A->f1d6cbd0-cc55-4a8c-aff9-0f6c18a578e9: receive RaftClientReply:client-A5AEF000217A->f1d6cbd0-cc55-4a8c-aff9-0f6c18a578e9@group-AF8B3C156ABB, cid=131, FAILED org.apache.ratis.protocol.NotLeaderException: Server f1d6cbd0-cc55-4a8c-aff9-0f6c18a578e9@group-AF8B3C156ABB is not the leader befaacb7-99cd-4d87-819a-d941cb77279d:192.168.151.122:44171, logIndex=0, commits[f1d6cbd0-cc55-4a8c-aff9-0f6c18a578e9:c6, befaacb7-99cd-4d87-819a-d941cb77279d:c6, 3f36f173-4656-4d5a-831c-b6782f9f5ad2:c4]
2019-09-18 17:30:43,329 [java.util.concurrent.ThreadPoolExecutor$Worker@326853c1[State = -1, empty queue]] WARN  server.GrpcLogAppender (GrpcLogAppender.java:timeoutAppendRequest(200)) - befaacb7-99cd-4d87-819a-d941cb77279d@group-AF8B3C156ABB->f1d6cbd0-cc55-4a8c-aff9-0f6c18a578e9-GrpcLogAppender: appendEntries Timeout, request=befaacb7-99cd-4d87-819a-d941cb77279d->f1d6cbd0-cc55-4a8c-aff9-0f6c18a578e9#39-t1, previous=(t:1, i:12), leaderCommit=6, initializing? false, entries: <empty>
2019-09-18 17:30:43,329 [java.util.concurrent.ThreadPoolExecutor$Worker@56ebe215[State = -1, empty queue]] WARN  server.GrpcLogAppender (GrpcLogAppender.java:timeoutAppendRequest(200)) - befaacb7-99cd-4d87-819a-d941cb77279d@group-AF8B3C156ABB->3f36f173-4656-4d5a-831c-b6782f9f5ad2-GrpcLogAppender: appendEntries Timeout, request=befaacb7-99cd-4d87-819a-d941cb77279d->3f36f173-4656-4d5a-831c-b6782f9f5ad2#39-t1, previous=(t:1, i:12), leaderCommit=6, initializing? false, entries: <empty>
2019-09-18 17:30:45,280 [grpc-default-executor-6] INFO  impl.RaftServerProxy (RaftServerProxy.java:remove(95)) - 3f36f173-4656-4d5a-831c-b6782f9f5ad2: remove group-4F90601D4E02:null
2019-09-18 17:30:45,282 [RatisPipelineUtilsThread] WARN  pipeline.RatisPipelineUtils (RatisPipelineUtils.java:destroyPipeline(66)) - Pipeline destroy failed for pipeline=PipelineID=8f3f41fd-663e-48bf-b10e-4f90601d4e02 dn=3f36f173-4656-4d5a-831c-b6782f9f5ad2{ip: 192.168.151.122, host: pr-hdds-2121-ltkqc-3926781246, networkLocation: /default-rack, certSerialId: null}
2019-09-18 17:30:45,284 [grpc-default-executor-6] INFO  impl.RaftServerProxy (RaftServerProxy.java:remove(95)) - f1d6cbd0-cc55-4a8c-aff9-0f6c18a578e9: remove group-4F90601D4E02:null
2019-09-18 17:30:45,285 [RatisPipelineUtilsThread] WARN  pipeline.RatisPipelineUtils (RatisPipelineUtils.java:destroyPipeline(66)) - Pipeline destroy failed for pipeline=PipelineID=8f3f41fd-663e-48bf-b10e-4f90601d4e02 dn=f1d6cbd0-cc55-4a8c-aff9-0f6c18a578e9{ip: 192.168.151.122, host: pr-hdds-2121-ltkqc-3926781246, networkLocation: /default-rack, certSerialId: null}
2019-09-18 17:30:45,287 [grpc-default-executor-6] INFO  impl.RaftServerProxy (RaftServerProxy.java:remove(95)) - befaacb7-99cd-4d87-819a-d941cb77279d: remove group-4F90601D4E02:null
2019-09-18 17:30:45,288 [RatisPipelineUtilsThread] WARN  pipeline.RatisPipelineUtils (RatisPipelineUtils.java:destroyPipeline(66)) - Pipeline destroy failed for pipeline=PipelineID=8f3f41fd-663e-48bf-b10e-4f90601d4e02 dn=befaacb7-99cd-4d87-819a-d941cb77279d{ip: 192.168.151.122, host: pr-hdds-2121-ltkqc-3926781246, networkLocation: /default-rack, certSerialId: null}
2019-09-18 17:30:45,288 [RatisPipelineUtilsThread] ERROR pipeline.SCMPipelineManager (Scheduler.java:lambda$schedule$1(70)) - Destroy pipeline failed for pipeline:Pipeline[ Id: 8f3f41fd-663e-48bf-b10e-4f90601d4e02, Nodes: 3f36f173-4656-4d5a-831c-b6782f9f5ad2{ip: 192.168.151.122, host: pr-hdds-2121-ltkqc-3926781246, networkLocation: /default-rack, certSerialId: null}f1d6cbd0-cc55-4a8c-aff9-0f6c18a578e9{ip: 192.168.151.122, host: pr-hdds-2121-ltkqc-3926781246, networkLocation: /default-rack, certSerialId: null}befaacb7-99cd-4d87-819a-d941cb77279d{ip: 192.168.151.122, host: pr-hdds-2121-ltkqc-3926781246, networkLocation: /default-rack, certSerialId: null}, Type:RATIS, Factor:THREE, State:CLOSED]
org.apache.hadoop.hdds.scm.pipeline.PipelineNotFoundException: PipelineID=8f3f41fd-663e-48bf-b10e-4f90601d4e02 not found
	at org.apache.hadoop.hdds.scm.pipeline.PipelineStateMap.getPipeline(PipelineStateMap.java:132)
	at org.apache.hadoop.hdds.scm.pipeline.PipelineStateMap.removePipeline(PipelineStateMap.java:322)
	at org.apache.hadoop.hdds.scm.pipeline.PipelineStateManager.removePipeline(PipelineStateManager.java:107)
	at org.apache.hadoop.hdds.scm.pipeline.SCMPipelineManager.removePipeline(SCMPipelineManager.java:423)
	at org.apache.hadoop.hdds.scm.pipeline.SCMPipelineManager.destroyPipeline(SCMPipelineManager.java:409)
	at org.apache.hadoop.hdds.scm.pipeline.SCMPipelineManager.lambda$finalizeAndDestroyPipeline$0(SCMPipelineManager.java:318)
	at org.apache.hadoop.utils.Scheduler.lambda$schedule$1(Scheduler.java:68)
	at java.util.concurrent.Executors$RunnableAdapter.call(Executors.java:511)
	at java.util.concurrent.FutureTask.run(FutureTask.java:266)
	at java.util.concurrent.ScheduledThreadPoolExecutor$ScheduledFutureTask.access$201(ScheduledThreadPoolExecutor.java:180)
	at java.util.concurrent.ScheduledThreadPoolExecutor$ScheduledFutureTask.run(ScheduledThreadPoolExecutor.java:293)
	at java.util.concurrent.ThreadPoolExecutor.runWorker(ThreadPoolExecutor.java:1149)
	at java.util.concurrent.ThreadPoolExecutor$Worker.run(ThreadPoolExecutor.java:624)
	at java.lang.Thread.run(Thread.java:748)
2019-09-18 17:30:45,829 [java.util.concurrent.ThreadPoolExecutor$Worker@326853c1[State = -1, empty queue]] WARN  server.GrpcLogAppender (GrpcLogAppender.java:timeoutAppendRequest(200)) - befaacb7-99cd-4d87-819a-d941cb77279d@group-AF8B3C156ABB->f1d6cbd0-cc55-4a8c-aff9-0f6c18a578e9-GrpcLogAppender: appendEntries Timeout, request=befaacb7-99cd-4d87-819a-d941cb77279d->f1d6cbd0-cc55-4a8c-aff9-0f6c18a578e9#40-t1, previous=(t:1, i:12), leaderCommit=6, initializing? false, entries: <empty>
2019-09-18 17:30:45,829 [java.util.concurrent.ThreadPoolExecutor$Worker@56ebe215[State = -1, empty queue]] WARN  server.GrpcLogAppender (GrpcLogAppender.java:timeoutAppendRequest(200)) - befaacb7-99cd-4d87-819a-d941cb77279d@group-AF8B3C156ABB->3f36f173-4656-4d5a-831c-b6782f9f5ad2-GrpcLogAppender: appendEntries Timeout, request=befaacb7-99cd-4d87-819a-d941cb77279d->3f36f173-4656-4d5a-831c-b6782f9f5ad2#40-t1, previous=(t:1, i:12), leaderCommit=6, initializing? false, entries: <empty>
2019-09-18 17:30:47,280 [grpc-default-executor-7] INFO  impl.RaftServerProxy (RaftServerProxy.java:remove(95)) - 3f36f173-4656-4d5a-831c-b6782f9f5ad2: remove group-4F90601D4E02:null
2019-09-18 17:30:47,282 [RatisPipelineUtilsThread] WARN  pipeline.RatisPipelineUtils (RatisPipelineUtils.java:destroyPipeline(66)) - Pipeline destroy failed for pipeline=PipelineID=8f3f41fd-663e-48bf-b10e-4f90601d4e02 dn=3f36f173-4656-4d5a-831c-b6782f9f5ad2{ip: 192.168.151.122, host: pr-hdds-2121-ltkqc-3926781246, networkLocation: /default-rack, certSerialId: null}
2019-09-18 17:30:47,284 [grpc-default-executor-7] INFO  impl.RaftServerProxy (RaftServerProxy.java:remove(95)) - f1d6cbd0-cc55-4a8c-aff9-0f6c18a578e9: remove group-4F90601D4E02:null
2019-09-18 17:30:47,286 [RatisPipelineUtilsThread] WARN  pipeline.RatisPipelineUtils (RatisPipelineUtils.java:destroyPipeline(66)) - Pipeline destroy failed for pipeline=PipelineID=8f3f41fd-663e-48bf-b10e-4f90601d4e02 dn=f1d6cbd0-cc55-4a8c-aff9-0f6c18a578e9{ip: 192.168.151.122, host: pr-hdds-2121-ltkqc-3926781246, networkLocation: /default-rack, certSerialId: null}
2019-09-18 17:30:47,288 [grpc-default-executor-7] INFO  impl.RaftServerProxy (RaftServerProxy.java:remove(95)) - befaacb7-99cd-4d87-819a-d941cb77279d: remove group-4F90601D4E02:null
2019-09-18 17:30:47,290 [RatisPipelineUtilsThread] WARN  pipeline.RatisPipelineUtils (RatisPipelineUtils.java:destroyPipeline(66)) - Pipeline destroy failed for pipeline=PipelineID=8f3f41fd-663e-48bf-b10e-4f90601d4e02 dn=befaacb7-99cd-4d87-819a-d941cb77279d{ip: 192.168.151.122, host: pr-hdds-2121-ltkqc-3926781246, networkLocation: /default-rack, certSerialId: null}
2019-09-18 17:30:47,290 [RatisPipelineUtilsThread] ERROR pipeline.SCMPipelineManager (Scheduler.java:lambda$schedule$1(70)) - Destroy pipeline failed for pipeline:Pipeline[ Id: 8f3f41fd-663e-48bf-b10e-4f90601d4e02, Nodes: 3f36f173-4656-4d5a-831c-b6782f9f5ad2{ip: 192.168.151.122, host: pr-hdds-2121-ltkqc-3926781246, networkLocation: /default-rack, certSerialId: null}f1d6cbd0-cc55-4a8c-aff9-0f6c18a578e9{ip: 192.168.151.122, host: pr-hdds-2121-ltkqc-3926781246, networkLocation: /default-rack, certSerialId: null}befaacb7-99cd-4d87-819a-d941cb77279d{ip: 192.168.151.122, host: pr-hdds-2121-ltkqc-3926781246, networkLocation: /default-rack, certSerialId: null}, Type:RATIS, Factor:THREE, State:CLOSED]
org.apache.hadoop.hdds.scm.pipeline.PipelineNotFoundException: PipelineID=8f3f41fd-663e-48bf-b10e-4f90601d4e02 not found
	at org.apache.hadoop.hdds.scm.pipeline.PipelineStateMap.getPipeline(PipelineStateMap.java:132)
	at org.apache.hadoop.hdds.scm.pipeline.PipelineStateMap.removePipeline(PipelineStateMap.java:322)
	at org.apache.hadoop.hdds.scm.pipeline.PipelineStateManager.removePipeline(PipelineStateManager.java:107)
	at org.apache.hadoop.hdds.scm.pipeline.SCMPipelineManager.removePipeline(SCMPipelineManager.java:423)
	at org.apache.hadoop.hdds.scm.pipeline.SCMPipelineManager.destroyPipeline(SCMPipelineManager.java:409)
	at org.apache.hadoop.hdds.scm.pipeline.SCMPipelineManager.lambda$finalizeAndDestroyPipeline$0(SCMPipelineManager.java:318)
	at org.apache.hadoop.utils.Scheduler.lambda$schedule$1(Scheduler.java:68)
	at java.util.concurrent.Executors$RunnableAdapter.call(Executors.java:511)
	at java.util.concurrent.FutureTask.run(FutureTask.java:266)
	at java.util.concurrent.ScheduledThreadPoolExecutor$ScheduledFutureTask.access$201(ScheduledThreadPoolExecutor.java:180)
	at java.util.concurrent.ScheduledThreadPoolExecutor$ScheduledFutureTask.run(ScheduledThreadPoolExecutor.java:293)
	at java.util.concurrent.ThreadPoolExecutor.runWorker(ThreadPoolExecutor.java:1149)
	at java.util.concurrent.ThreadPoolExecutor$Worker.run(ThreadPoolExecutor.java:624)
	at java.lang.Thread.run(Thread.java:748)
2019-09-18 17:30:47,821 [befaacb7-99cd-4d87-819a-d941cb77279d@group-AF8B3C156ABB-SegmentedRaftLogWorker] WARN  segmented.SegmentedRaftLogWorker (SegmentedRaftLogWorker.java:getFromFuture(90)) - Timeout 5/~
org.apache.ratis.protocol.TimeoutIOException: Timeout 10s: WriteLog:7: (t:1, i:7), STATEMACHINELOGENTRY, client-A5AEF000217A, cid=131-writeStateMachineData
	at org.apache.ratis.util.IOUtils.getFromFuture(IOUtils.java:87)
	at org.apache.ratis.server.raftlog.segmented.SegmentedRaftLogWorker$StateMachineDataPolicy.getFromFuture(SegmentedRaftLogWorker.java:87)
	at org.apache.ratis.server.raftlog.segmented.SegmentedRaftLogWorker$WriteLog.execute(SegmentedRaftLogWorker.java:477)
	at org.apache.ratis.server.raftlog.segmented.SegmentedRaftLogWorker.run(SegmentedRaftLogWorker.java:289)
	at java.lang.Thread.run(Thread.java:748)
Caused by: java.util.concurrent.TimeoutException
	at java.util.concurrent.CompletableFuture.timedGet(CompletableFuture.java:1771)
	at java.util.concurrent.CompletableFuture.get(CompletableFuture.java:1915)
	at org.apache.ratis.util.IOUtils.getFromFuture(IOUtils.java:79)
	... 4 more
2019-09-18 17:30:47,821 [3f36f173-4656-4d5a-831c-b6782f9f5ad2@group-AF8B3C156ABB-SegmentedRaftLogWorker] WARN  segmented.SegmentedRaftLogWorker (SegmentedRaftLogWorker.java:getFromFuture(90)) - Timeout 5/~
org.apache.ratis.protocol.TimeoutIOException: Timeout 10s: WriteLog:7: (t:1, i:7), STATEMACHINELOGENTRY, client-A5AEF000217A, cid=131-writeStateMachineData
	at org.apache.ratis.util.IOUtils.getFromFuture(IOUtils.java:87)
	at org.apache.ratis.server.raftlog.segmented.SegmentedRaftLogWorker$StateMachineDataPolicy.getFromFuture(SegmentedRaftLogWorker.java:87)
	at org.apache.ratis.server.raftlog.segmented.SegmentedRaftLogWorker$WriteLog.execute(SegmentedRaftLogWorker.java:477)
	at org.apache.ratis.server.raftlog.segmented.SegmentedRaftLogWorker.run(SegmentedRaftLogWorker.java:289)
	at java.lang.Thread.run(Thread.java:748)
Caused by: java.util.concurrent.TimeoutException
	at java.util.concurrent.CompletableFuture.timedGet(CompletableFuture.java:1771)
	at java.util.concurrent.CompletableFuture.get(CompletableFuture.java:1915)
	at org.apache.ratis.util.IOUtils.getFromFuture(IOUtils.java:79)
	... 4 more
2019-09-18 17:30:47,822 [f1d6cbd0-cc55-4a8c-aff9-0f6c18a578e9@group-AF8B3C156ABB-SegmentedRaftLogWorker] WARN  segmented.SegmentedRaftLogWorker (SegmentedRaftLogWorker.java:getFromFuture(90)) - Timeout 5/~
org.apache.ratis.protocol.TimeoutIOException: Timeout 10s: WriteLog:7: (t:1, i:7), STATEMACHINELOGENTRY, client-A5AEF000217A, cid=131-writeStateMachineData
	at org.apache.ratis.util.IOUtils.getFromFuture(IOUtils.java:87)
	at org.apache.ratis.server.raftlog.segmented.SegmentedRaftLogWorker$StateMachineDataPolicy.getFromFuture(SegmentedRaftLogWorker.java:87)
	at org.apache.ratis.server.raftlog.segmented.SegmentedRaftLogWorker$WriteLog.execute(SegmentedRaftLogWorker.java:477)
	at org.apache.ratis.server.raftlog.segmented.SegmentedRaftLogWorker.run(SegmentedRaftLogWorker.java:289)
	at java.lang.Thread.run(Thread.java:748)
Caused by: java.util.concurrent.TimeoutException
	at java.util.concurrent.CompletableFuture.timedGet(CompletableFuture.java:1771)
	at java.util.concurrent.CompletableFuture.get(CompletableFuture.java:1915)
	at org.apache.ratis.util.IOUtils.getFromFuture(IOUtils.java:79)
	... 4 more
2019-09-18 17:30:48,278 [grpc-default-executor-6] INFO  client.GrpcClientProtocolClient (GrpcClientProtocolClient.java:onNext(264)) - client-A5AEF000217A->3f36f173-4656-4d5a-831c-b6782f9f5ad2: receive RaftClientReply:client-A5AEF000217A->3f36f173-4656-4d5a-831c-b6782f9f5ad2@group-AF8B3C156ABB, cid=131, FAILED org.apache.ratis.protocol.NotLeaderException: Server 3f36f173-4656-4d5a-831c-b6782f9f5ad2@group-AF8B3C156ABB is not the leader befaacb7-99cd-4d87-819a-d941cb77279d:192.168.151.122:44171, logIndex=0, commits[3f36f173-4656-4d5a-831c-b6782f9f5ad2:c6, f1d6cbd0-cc55-4a8c-aff9-0f6c18a578e9:c4, befaacb7-99cd-4d87-819a-d941cb77279d:c6]
2019-09-18 17:30:48,330 [java.util.concurrent.ThreadPoolExecutor$Worker@56ebe215[State = -1, empty queue]] WARN  server.GrpcLogAppender (GrpcLogAppender.java:timeoutAppendRequest(200)) - befaacb7-99cd-4d87-819a-d941cb77279d@group-AF8B3C156ABB->3f36f173-4656-4d5a-831c-b6782f9f5ad2-GrpcLogAppender: appendEntries Timeout, request=befaacb7-99cd-4d87-819a-d941cb77279d->3f36f173-4656-4d5a-831c-b6782f9f5ad2#41-t1, previous=(t:1, i:12), leaderCommit=6, initializing? false, entries: <empty>
2019-09-18 17:30:48,330 [java.util.concurrent.ThreadPoolExecutor$Worker@326853c1[State = -1, empty queue]] WARN  server.GrpcLogAppender (GrpcLogAppender.java:timeoutAppendRequest(200)) - befaacb7-99cd-4d87-819a-d941cb77279d@group-AF8B3C156ABB->f1d6cbd0-cc55-4a8c-aff9-0f6c18a578e9-GrpcLogAppender: appendEntries Timeout, request=befaacb7-99cd-4d87-819a-d941cb77279d->f1d6cbd0-cc55-4a8c-aff9-0f6c18a578e9#41-t1, previous=(t:1, i:12), leaderCommit=6, initializing? false, entries: <empty>
2019-09-18 17:30:50,283 [grpc-default-executor-6] INFO  impl.RaftServerProxy (RaftServerProxy.java:remove(95)) - 3f36f173-4656-4d5a-831c-b6782f9f5ad2: remove group-4F90601D4E02:null
2019-09-18 17:30:50,286 [RatisPipelineUtilsThread] WARN  pipeline.RatisPipelineUtils (RatisPipelineUtils.java:destroyPipeline(66)) - Pipeline destroy failed for pipeline=PipelineID=8f3f41fd-663e-48bf-b10e-4f90601d4e02 dn=3f36f173-4656-4d5a-831c-b6782f9f5ad2{ip: 192.168.151.122, host: pr-hdds-2121-ltkqc-3926781246, networkLocation: /default-rack, certSerialId: null}
2019-09-18 17:30:50,289 [grpc-default-executor-6] INFO  impl.RaftServerProxy (RaftServerProxy.java:remove(95)) - f1d6cbd0-cc55-4a8c-aff9-0f6c18a578e9: remove group-4F90601D4E02:null
2019-09-18 17:30:50,295 [RatisPipelineUtilsThread] WARN  pipeline.RatisPipelineUtils (RatisPipelineUtils.java:destroyPipeline(66)) - Pipeline destroy failed for pipeline=PipelineID=8f3f41fd-663e-48bf-b10e-4f90601d4e02 dn=f1d6cbd0-cc55-4a8c-aff9-0f6c18a578e9{ip: 192.168.151.122, host: pr-hdds-2121-ltkqc-3926781246, networkLocation: /default-rack, certSerialId: null}
2019-09-18 17:30:50,298 [grpc-default-executor-6] INFO  impl.RaftServerProxy (RaftServerProxy.java:remove(95)) - befaacb7-99cd-4d87-819a-d941cb77279d: remove group-4F90601D4E02:null
2019-09-18 17:30:50,300 [RatisPipelineUtilsThread] WARN  pipeline.RatisPipelineUtils (RatisPipelineUtils.java:destroyPipeline(66)) - Pipeline destroy failed for pipeline=PipelineID=8f3f41fd-663e-48bf-b10e-4f90601d4e02 dn=befaacb7-99cd-4d87-819a-d941cb77279d{ip: 192.168.151.122, host: pr-hdds-2121-ltkqc-3926781246, networkLocation: /default-rack, certSerialId: null}
2019-09-18 17:30:50,301 [RatisPipelineUtilsThread] ERROR pipeline.SCMPipelineManager (Scheduler.java:lambda$schedule$1(70)) - Destroy pipeline failed for pipeline:Pipeline[ Id: 8f3f41fd-663e-48bf-b10e-4f90601d4e02, Nodes: 3f36f173-4656-4d5a-831c-b6782f9f5ad2{ip: 192.168.151.122, host: pr-hdds-2121-ltkqc-3926781246, networkLocation: /default-rack, certSerialId: null}f1d6cbd0-cc55-4a8c-aff9-0f6c18a578e9{ip: 192.168.151.122, host: pr-hdds-2121-ltkqc-3926781246, networkLocation: /default-rack, certSerialId: null}befaacb7-99cd-4d87-819a-d941cb77279d{ip: 192.168.151.122, host: pr-hdds-2121-ltkqc-3926781246, networkLocation: /default-rack, certSerialId: null}, Type:RATIS, Factor:THREE, State:CLOSED]
org.apache.hadoop.hdds.scm.pipeline.PipelineNotFoundException: PipelineID=8f3f41fd-663e-48bf-b10e-4f90601d4e02 not found
	at org.apache.hadoop.hdds.scm.pipeline.PipelineStateMap.getPipeline(PipelineStateMap.java:132)
	at org.apache.hadoop.hdds.scm.pipeline.PipelineStateMap.removePipeline(PipelineStateMap.java:322)
	at org.apache.hadoop.hdds.scm.pipeline.PipelineStateManager.removePipeline(PipelineStateManager.java:107)
	at org.apache.hadoop.hdds.scm.pipeline.SCMPipelineManager.removePipeline(SCMPipelineManager.java:423)
	at org.apache.hadoop.hdds.scm.pipeline.SCMPipelineManager.destroyPipeline(SCMPipelineManager.java:409)
	at org.apache.hadoop.hdds.scm.pipeline.SCMPipelineManager.lambda$finalizeAndDestroyPipeline$0(SCMPipelineManager.java:318)
	at org.apache.hadoop.utils.Scheduler.lambda$schedule$1(Scheduler.java:68)
	at java.util.concurrent.Executors$RunnableAdapter.call(Executors.java:511)
	at java.util.concurrent.FutureTask.run(FutureTask.java:266)
	at java.util.concurrent.ScheduledThreadPoolExecutor$ScheduledFutureTask.access$201(ScheduledThreadPoolExecutor.java:180)
	at java.util.concurrent.ScheduledThreadPoolExecutor$ScheduledFutureTask.run(ScheduledThreadPoolExecutor.java:293)
	at java.util.concurrent.ThreadPoolExecutor.runWorker(ThreadPoolExecutor.java:1149)
	at java.util.concurrent.ThreadPoolExecutor$Worker.run(ThreadPoolExecutor.java:624)
	at java.lang.Thread.run(Thread.java:748)
2019-09-18 17:30:50,830 [java.util.concurrent.ThreadPoolExecutor$Worker@326853c1[State = -1, empty queue]] WARN  server.GrpcLogAppender (GrpcLogAppender.java:timeoutAppendRequest(200)) - befaacb7-99cd-4d87-819a-d941cb77279d@group-AF8B3C156ABB->f1d6cbd0-cc55-4a8c-aff9-0f6c18a578e9-GrpcLogAppender: appendEntries Timeout, request=befaacb7-99cd-4d87-819a-d941cb77279d->f1d6cbd0-cc55-4a8c-aff9-0f6c18a578e9#42-t1, previous=(t:1, i:12), leaderCommit=6, initializing? false, entries: <empty>
2019-09-18 17:30:50,830 [java.util.concurrent.ThreadPoolExecutor$Worker@56ebe215[State = -1, empty queue]] WARN  server.GrpcLogAppender (GrpcLogAppender.java:timeoutAppendRequest(200)) - befaacb7-99cd-4d87-819a-d941cb77279d@group-AF8B3C156ABB->3f36f173-4656-4d5a-831c-b6782f9f5ad2-GrpcLogAppender: appendEntries Timeout, request=befaacb7-99cd-4d87-819a-d941cb77279d->3f36f173-4656-4d5a-831c-b6782f9f5ad2#42-t1, previous=(t:1, i:12), leaderCommit=6, initializing? false, entries: <empty>
2019-09-18 17:30:52,282 [grpc-default-executor-7] INFO  impl.RaftServerProxy (RaftServerProxy.java:remove(95)) - 3f36f173-4656-4d5a-831c-b6782f9f5ad2: remove group-4F90601D4E02:null
2019-09-18 17:30:52,284 [RatisPipelineUtilsThread] WARN  pipeline.RatisPipelineUtils (RatisPipelineUtils.java:destroyPipeline(66)) - Pipeline destroy failed for pipeline=PipelineID=8f3f41fd-663e-48bf-b10e-4f90601d4e02 dn=3f36f173-4656-4d5a-831c-b6782f9f5ad2{ip: 192.168.151.122, host: pr-hdds-2121-ltkqc-3926781246, networkLocation: /default-rack, certSerialId: null}
2019-09-18 17:30:52,287 [grpc-default-executor-7] INFO  impl.RaftServerProxy (RaftServerProxy.java:remove(95)) - f1d6cbd0-cc55-4a8c-aff9-0f6c18a578e9: remove group-4F90601D4E02:null
2019-09-18 17:30:52,289 [RatisPipelineUtilsThread] WARN  pipeline.RatisPipelineUtils (RatisPipelineUtils.java:destroyPipeline(66)) - Pipeline destroy failed for pipeline=PipelineID=8f3f41fd-663e-48bf-b10e-4f90601d4e02 dn=f1d6cbd0-cc55-4a8c-aff9-0f6c18a578e9{ip: 192.168.151.122, host: pr-hdds-2121-ltkqc-3926781246, networkLocation: /default-rack, certSerialId: null}
2019-09-18 17:30:52,301 [grpc-default-executor-6] INFO  impl.RaftServerProxy (RaftServerProxy.java:remove(95)) - befaacb7-99cd-4d87-819a-d941cb77279d: remove group-4F90601D4E02:null
2019-09-18 17:30:52,303 [RatisPipelineUtilsThread] WARN  pipeline.RatisPipelineUtils (RatisPipelineUtils.java:destroyPipeline(66)) - Pipeline destroy failed for pipeline=PipelineID=8f3f41fd-663e-48bf-b10e-4f90601d4e02 dn=befaacb7-99cd-4d87-819a-d941cb77279d{ip: 192.168.151.122, host: pr-hdds-2121-ltkqc-3926781246, networkLocation: /default-rack, certSerialId: null}
2019-09-18 17:30:52,303 [RatisPipelineUtilsThread] ERROR pipeline.SCMPipelineManager (Scheduler.java:lambda$schedule$1(70)) - Destroy pipeline failed for pipeline:Pipeline[ Id: 8f3f41fd-663e-48bf-b10e-4f90601d4e02, Nodes: 3f36f173-4656-4d5a-831c-b6782f9f5ad2{ip: 192.168.151.122, host: pr-hdds-2121-ltkqc-3926781246, networkLocation: /default-rack, certSerialId: null}f1d6cbd0-cc55-4a8c-aff9-0f6c18a578e9{ip: 192.168.151.122, host: pr-hdds-2121-ltkqc-3926781246, networkLocation: /default-rack, certSerialId: null}befaacb7-99cd-4d87-819a-d941cb77279d{ip: 192.168.151.122, host: pr-hdds-2121-ltkqc-3926781246, networkLocation: /default-rack, certSerialId: null}, Type:RATIS, Factor:THREE, State:CLOSED]
org.apache.hadoop.hdds.scm.pipeline.PipelineNotFoundException: PipelineID=8f3f41fd-663e-48bf-b10e-4f90601d4e02 not found
	at org.apache.hadoop.hdds.scm.pipeline.PipelineStateMap.getPipeline(PipelineStateMap.java:132)
	at org.apache.hadoop.hdds.scm.pipeline.PipelineStateMap.removePipeline(PipelineStateMap.java:322)
	at org.apache.hadoop.hdds.scm.pipeline.PipelineStateManager.removePipeline(PipelineStateManager.java:107)
	at org.apache.hadoop.hdds.scm.pipeline.SCMPipelineManager.removePipeline(SCMPipelineManager.java:423)
	at org.apache.hadoop.hdds.scm.pipeline.SCMPipelineManager.destroyPipeline(SCMPipelineManager.java:409)
	at org.apache.hadoop.hdds.scm.pipeline.SCMPipelineManager.lambda$finalizeAndDestroyPipeline$0(SCMPipelineManager.java:318)
	at org.apache.hadoop.utils.Scheduler.lambda$schedule$1(Scheduler.java:68)
	at java.util.concurrent.Executors$RunnableAdapter.call(Executors.java:511)
	at java.util.concurrent.FutureTask.run(FutureTask.java:266)
	at java.util.concurrent.ScheduledThreadPoolExecutor$ScheduledFutureTask.access$201(ScheduledThreadPoolExecutor.java:180)
	at java.util.concurrent.ScheduledThreadPoolExecutor$ScheduledFutureTask.run(ScheduledThreadPoolExecutor.java:293)
	at java.util.concurrent.ThreadPoolExecutor.runWorker(ThreadPoolExecutor.java:1149)
	at java.util.concurrent.ThreadPoolExecutor$Worker.run(ThreadPoolExecutor.java:624)
	at java.lang.Thread.run(Thread.java:748)
2019-09-18 17:30:53,313 [grpc-default-executor-6] INFO  client.GrpcClientProtocolClient (GrpcClientProtocolClient.java:onNext(264)) - client-A5AEF000217A->f1d6cbd0-cc55-4a8c-aff9-0f6c18a578e9: receive RaftClientReply:client-A5AEF000217A->f1d6cbd0-cc55-4a8c-aff9-0f6c18a578e9@group-AF8B3C156ABB, cid=131, FAILED org.apache.ratis.protocol.NotLeaderException: Server f1d6cbd0-cc55-4a8c-aff9-0f6c18a578e9@group-AF8B3C156ABB is not the leader befaacb7-99cd-4d87-819a-d941cb77279d:192.168.151.122:44171, logIndex=0, commits[f1d6cbd0-cc55-4a8c-aff9-0f6c18a578e9:c6, befaacb7-99cd-4d87-819a-d941cb77279d:c6, 3f36f173-4656-4d5a-831c-b6782f9f5ad2:c4]
2019-09-18 17:30:53,326 [grpc-default-executor-9] INFO  impl.RaftServerProxy (RaftServerProxy.java:remove(95)) - 3f36f173-4656-4d5a-831c-b6782f9f5ad2: remove group-4F90601D4E02:null
2019-09-18 17:30:53,329 [RatisPipelineUtilsThread] WARN  pipeline.RatisPipelineUtils (RatisPipelineUtils.java:destroyPipeline(66)) - Pipeline destroy failed for pipeline=PipelineID=8f3f41fd-663e-48bf-b10e-4f90601d4e02 dn=3f36f173-4656-4d5a-831c-b6782f9f5ad2{ip: 192.168.151.122, host: pr-hdds-2121-ltkqc-3926781246, networkLocation: /default-rack, certSerialId: null}
2019-09-18 17:30:53,330 [java.util.concurrent.ThreadPoolExecutor$Worker@56ebe215[State = -1, empty queue]] WARN  server.GrpcLogAppender (GrpcLogAppender.java:timeoutAppendRequest(200)) - befaacb7-99cd-4d87-819a-d941cb77279d@group-AF8B3C156ABB->3f36f173-4656-4d5a-831c-b6782f9f5ad2-GrpcLogAppender: appendEntries Timeout, request=befaacb7-99cd-4d87-819a-d941cb77279d->3f36f173-4656-4d5a-831c-b6782f9f5ad2#43-t1, previous=(t:1, i:12), leaderCommit=6, initializing? false, entries: <empty>
2019-09-18 17:30:53,330 [java.util.concurrent.ThreadPoolExecutor$Worker@326853c1[State = -1, empty queue]] WARN  server.GrpcLogAppender (GrpcLogAppender.java:timeoutAppendRequest(200)) - befaacb7-99cd-4d87-819a-d941cb77279d@group-AF8B3C156ABB->f1d6cbd0-cc55-4a8c-aff9-0f6c18a578e9-GrpcLogAppender: appendEntries Timeout, request=befaacb7-99cd-4d87-819a-d941cb77279d->f1d6cbd0-cc55-4a8c-aff9-0f6c18a578e9#43-t1, previous=(t:1, i:12), leaderCommit=6, initializing? false, entries: <empty>
2019-09-18 17:30:53,331 [grpc-default-executor-6] INFO  impl.RaftServerProxy (RaftServerProxy.java:remove(95)) - f1d6cbd0-cc55-4a8c-aff9-0f6c18a578e9: remove group-4F90601D4E02:null
2019-09-18 17:30:53,332 [RatisPipelineUtilsThread] WARN  pipeline.RatisPipelineUtils (RatisPipelineUtils.java:destroyPipeline(66)) - Pipeline destroy failed for pipeline=PipelineID=8f3f41fd-663e-48bf-b10e-4f90601d4e02 dn=f1d6cbd0-cc55-4a8c-aff9-0f6c18a578e9{ip: 192.168.151.122, host: pr-hdds-2121-ltkqc-3926781246, networkLocation: /default-rack, certSerialId: null}
2019-09-18 17:30:53,334 [grpc-default-executor-6] INFO  impl.RaftServerProxy (RaftServerProxy.java:remove(95)) - befaacb7-99cd-4d87-819a-d941cb77279d: remove group-4F90601D4E02:null
2019-09-18 17:30:53,336 [RatisPipelineUtilsThread] WARN  pipeline.RatisPipelineUtils (RatisPipelineUtils.java:destroyPipeline(66)) - Pipeline destroy failed for pipeline=PipelineID=8f3f41fd-663e-48bf-b10e-4f90601d4e02 dn=befaacb7-99cd-4d87-819a-d941cb77279d{ip: 192.168.151.122, host: pr-hdds-2121-ltkqc-3926781246, networkLocation: /default-rack, certSerialId: null}
2019-09-18 17:30:53,336 [RatisPipelineUtilsThread] ERROR pipeline.SCMPipelineManager (Scheduler.java:lambda$schedule$1(70)) - Destroy pipeline failed for pipeline:Pipeline[ Id: 8f3f41fd-663e-48bf-b10e-4f90601d4e02, Nodes: 3f36f173-4656-4d5a-831c-b6782f9f5ad2{ip: 192.168.151.122, host: pr-hdds-2121-ltkqc-3926781246, networkLocation: /default-rack, certSerialId: null}f1d6cbd0-cc55-4a8c-aff9-0f6c18a578e9{ip: 192.168.151.122, host: pr-hdds-2121-ltkqc-3926781246, networkLocation: /default-rack, certSerialId: null}befaacb7-99cd-4d87-819a-d941cb77279d{ip: 192.168.151.122, host: pr-hdds-2121-ltkqc-3926781246, networkLocation: /default-rack, certSerialId: null}, Type:RATIS, Factor:THREE, State:CLOSED]
org.apache.hadoop.hdds.scm.pipeline.PipelineNotFoundException: PipelineID=8f3f41fd-663e-48bf-b10e-4f90601d4e02 not found
	at org.apache.hadoop.hdds.scm.pipeline.PipelineStateMap.getPipeline(PipelineStateMap.java:132)
	at org.apache.hadoop.hdds.scm.pipeline.PipelineStateMap.removePipeline(PipelineStateMap.java:322)
	at org.apache.hadoop.hdds.scm.pipeline.PipelineStateManager.removePipeline(PipelineStateManager.java:107)
	at org.apache.hadoop.hdds.scm.pipeline.SCMPipelineManager.removePipeline(SCMPipelineManager.java:423)
	at org.apache.hadoop.hdds.scm.pipeline.SCMPipelineManager.destroyPipeline(SCMPipelineManager.java:409)
	at org.apache.hadoop.hdds.scm.pipeline.SCMPipelineManager.lambda$finalizeAndDestroyPipeline$0(SCMPipelineManager.java:318)
	at org.apache.hadoop.utils.Scheduler.lambda$schedule$1(Scheduler.java:68)
	at java.util.concurrent.Executors$RunnableAdapter.call(Executors.java:511)
	at java.util.concurrent.FutureTask.run(FutureTask.java:266)
	at java.util.concurrent.ScheduledThreadPoolExecutor$ScheduledFutureTask.access$201(ScheduledThreadPoolExecutor.java:180)
	at java.util.concurrent.ScheduledThreadPoolExecutor$ScheduledFutureTask.run(ScheduledThreadPoolExecutor.java:293)
	at java.util.concurrent.ThreadPoolExecutor.runWorker(ThreadPoolExecutor.java:1149)
	at java.util.concurrent.ThreadPoolExecutor$Worker.run(ThreadPoolExecutor.java:624)
	at java.lang.Thread.run(Thread.java:748)
2019-09-18 17:30:53,405 [grpc-default-executor-6] INFO  impl.RaftServerProxy (RaftServerProxy.java:remove(95)) - 3f36f173-4656-4d5a-831c-b6782f9f5ad2: remove group-4F90601D4E02:null
2019-09-18 17:30:53,407 [RatisPipelineUtilsThread] WARN  pipeline.RatisPipelineUtils (RatisPipelineUtils.java:destroyPipeline(66)) - Pipeline destroy failed for pipeline=PipelineID=8f3f41fd-663e-48bf-b10e-4f90601d4e02 dn=3f36f173-4656-4d5a-831c-b6782f9f5ad2{ip: 192.168.151.122, host: pr-hdds-2121-ltkqc-3926781246, networkLocation: /default-rack, certSerialId: null}
2019-09-18 17:30:53,410 [grpc-default-executor-6] INFO  impl.RaftServerProxy (RaftServerProxy.java:remove(95)) - f1d6cbd0-cc55-4a8c-aff9-0f6c18a578e9: remove group-4F90601D4E02:null
2019-09-18 17:30:53,412 [RatisPipelineUtilsThread] WARN  pipeline.RatisPipelineUtils (RatisPipelineUtils.java:destroyPipeline(66)) - Pipeline destroy failed for pipeline=PipelineID=8f3f41fd-663e-48bf-b10e-4f90601d4e02 dn=f1d6cbd0-cc55-4a8c-aff9-0f6c18a578e9{ip: 192.168.151.122, host: pr-hdds-2121-ltkqc-3926781246, networkLocation: /default-rack, certSerialId: null}
2019-09-18 17:30:53,414 [grpc-default-executor-6] INFO  impl.RaftServerProxy (RaftServerProxy.java:remove(95)) - befaacb7-99cd-4d87-819a-d941cb77279d: remove group-4F90601D4E02:null
2019-09-18 17:30:53,416 [RatisPipelineUtilsThread] WARN  pipeline.RatisPipelineUtils (RatisPipelineUtils.java:destroyPipeline(66)) - Pipeline destroy failed for pipeline=PipelineID=8f3f41fd-663e-48bf-b10e-4f90601d4e02 dn=befaacb7-99cd-4d87-819a-d941cb77279d{ip: 192.168.151.122, host: pr-hdds-2121-ltkqc-3926781246, networkLocation: /default-rack, certSerialId: null}
2019-09-18 17:30:53,416 [RatisPipelineUtilsThread] ERROR pipeline.SCMPipelineManager (Scheduler.java:lambda$schedule$1(70)) - Destroy pipeline failed for pipeline:Pipeline[ Id: 8f3f41fd-663e-48bf-b10e-4f90601d4e02, Nodes: 3f36f173-4656-4d5a-831c-b6782f9f5ad2{ip: 192.168.151.122, host: pr-hdds-2121-ltkqc-3926781246, networkLocation: /default-rack, certSerialId: null}f1d6cbd0-cc55-4a8c-aff9-0f6c18a578e9{ip: 192.168.151.122, host: pr-hdds-2121-ltkqc-3926781246, networkLocation: /default-rack, certSerialId: null}befaacb7-99cd-4d87-819a-d941cb77279d{ip: 192.168.151.122, host: pr-hdds-2121-ltkqc-3926781246, networkLocation: /default-rack, certSerialId: null}, Type:RATIS, Factor:THREE, State:CLOSED]
org.apache.hadoop.hdds.scm.pipeline.PipelineNotFoundException: PipelineID=8f3f41fd-663e-48bf-b10e-4f90601d4e02 not found
	at org.apache.hadoop.hdds.scm.pipeline.PipelineStateMap.getPipeline(PipelineStateMap.java:132)
	at org.apache.hadoop.hdds.scm.pipeline.PipelineStateMap.removePipeline(PipelineStateMap.java:322)
	at org.apache.hadoop.hdds.scm.pipeline.PipelineStateManager.removePipeline(PipelineStateManager.java:107)
	at org.apache.hadoop.hdds.scm.pipeline.SCMPipelineManager.removePipeline(SCMPipelineManager.java:423)
	at org.apache.hadoop.hdds.scm.pipeline.SCMPipelineManager.destroyPipeline(SCMPipelineManager.java:409)
	at org.apache.hadoop.hdds.scm.pipeline.SCMPipelineManager.lambda$finalizeAndDestroyPipeline$0(SCMPipelineManager.java:318)
	at org.apache.hadoop.utils.Scheduler.lambda$schedule$1(Scheduler.java:68)
	at java.util.concurrent.Executors$RunnableAdapter.call(Executors.java:511)
	at java.util.concurrent.FutureTask.run(FutureTask.java:266)
	at java.util.concurrent.ScheduledThreadPoolExecutor$ScheduledFutureTask.access$201(ScheduledThreadPoolExecutor.java:180)
	at java.util.concurrent.ScheduledThreadPoolExecutor$ScheduledFutureTask.run(ScheduledThreadPoolExecutor.java:293)
	at java.util.concurrent.ThreadPoolExecutor.runWorker(ThreadPoolExecutor.java:1149)
	at java.util.concurrent.ThreadPoolExecutor$Worker.run(ThreadPoolExecutor.java:624)
	at java.lang.Thread.run(Thread.java:748)
2019-09-18 17:30:53,462 [grpc-default-executor-6] INFO  impl.RaftServerProxy (RaftServerProxy.java:remove(95)) - 3f36f173-4656-4d5a-831c-b6782f9f5ad2: remove group-4F90601D4E02:null
2019-09-18 17:30:53,464 [RatisPipelineUtilsThread] WARN  pipeline.RatisPipelineUtils (RatisPipelineUtils.java:destroyPipeline(66)) - Pipeline destroy failed for pipeline=PipelineID=8f3f41fd-663e-48bf-b10e-4f90601d4e02 dn=3f36f173-4656-4d5a-831c-b6782f9f5ad2{ip: 192.168.151.122, host: pr-hdds-2121-ltkqc-3926781246, networkLocation: /default-rack, certSerialId: null}
2019-09-18 17:30:53,467 [grpc-default-executor-6] INFO  impl.RaftServerProxy (RaftServerProxy.java:remove(95)) - f1d6cbd0-cc55-4a8c-aff9-0f6c18a578e9: remove group-4F90601D4E02:null
2019-09-18 17:30:53,468 [RatisPipelineUtilsThread] WARN  pipeline.RatisPipelineUtils (RatisPipelineUtils.java:destroyPipeline(66)) - Pipeline destroy failed for pipeline=PipelineID=8f3f41fd-663e-48bf-b10e-4f90601d4e02 dn=f1d6cbd0-cc55-4a8c-aff9-0f6c18a578e9{ip: 192.168.151.122, host: pr-hdds-2121-ltkqc-3926781246, networkLocation: /default-rack, certSerialId: null}
2019-09-18 17:30:53,471 [grpc-default-executor-6] INFO  impl.RaftServerProxy (RaftServerProxy.java:remove(95)) - befaacb7-99cd-4d87-819a-d941cb77279d: remove group-4F90601D4E02:null
2019-09-18 17:30:53,473 [RatisPipelineUtilsThread] WARN  pipeline.RatisPipelineUtils (RatisPipelineUtils.java:destroyPipeline(66)) - Pipeline destroy failed for pipeline=PipelineID=8f3f41fd-663e-48bf-b10e-4f90601d4e02 dn=befaacb7-99cd-4d87-819a-d941cb77279d{ip: 192.168.151.122, host: pr-hdds-2121-ltkqc-3926781246, networkLocation: /default-rack, certSerialId: null}
2019-09-18 17:30:53,473 [RatisPipelineUtilsThread] ERROR pipeline.SCMPipelineManager (Scheduler.java:lambda$schedule$1(70)) - Destroy pipeline failed for pipeline:Pipeline[ Id: 8f3f41fd-663e-48bf-b10e-4f90601d4e02, Nodes: 3f36f173-4656-4d5a-831c-b6782f9f5ad2{ip: 192.168.151.122, host: pr-hdds-2121-ltkqc-3926781246, networkLocation: /default-rack, certSerialId: null}f1d6cbd0-cc55-4a8c-aff9-0f6c18a578e9{ip: 192.168.151.122, host: pr-hdds-2121-ltkqc-3926781246, networkLocation: /default-rack, certSerialId: null}befaacb7-99cd-4d87-819a-d941cb77279d{ip: 192.168.151.122, host: pr-hdds-2121-ltkqc-3926781246, networkLocation: /default-rack, certSerialId: null}, Type:RATIS, Factor:THREE, State:CLOSED]
org.apache.hadoop.hdds.scm.pipeline.PipelineNotFoundException: PipelineID=8f3f41fd-663e-48bf-b10e-4f90601d4e02 not found
	at org.apache.hadoop.hdds.scm.pipeline.PipelineStateMap.getPipeline(PipelineStateMap.java:132)
	at org.apache.hadoop.hdds.scm.pipeline.PipelineStateMap.removePipeline(PipelineStateMap.java:322)
	at org.apache.hadoop.hdds.scm.pipeline.PipelineStateManager.removePipeline(PipelineStateManager.java:107)
	at org.apache.hadoop.hdds.scm.pipeline.SCMPipelineManager.removePipeline(SCMPipelineManager.java:423)
	at org.apache.hadoop.hdds.scm.pipeline.SCMPipelineManager.destroyPipeline(SCMPipelineManager.java:409)
	at org.apache.hadoop.hdds.scm.pipeline.SCMPipelineManager.lambda$finalizeAndDestroyPipeline$0(SCMPipelineManager.java:318)
	at org.apache.hadoop.utils.Scheduler.lambda$schedule$1(Scheduler.java:68)
	at java.util.concurrent.Executors$RunnableAdapter.call(Executors.java:511)
	at java.util.concurrent.FutureTask.run(FutureTask.java:266)
	at java.util.concurrent.ScheduledThreadPoolExecutor$ScheduledFutureTask.access$201(ScheduledThreadPoolExecutor.java:180)
	at java.util.concurrent.ScheduledThreadPoolExecutor$ScheduledFutureTask.run(ScheduledThreadPoolExecutor.java:293)
	at java.util.concurrent.ThreadPoolExecutor.runWorker(ThreadPoolExecutor.java:1149)
	at java.util.concurrent.ThreadPoolExecutor$Worker.run(ThreadPoolExecutor.java:624)
	at java.lang.Thread.run(Thread.java:748)
2019-09-18 17:30:55,831 [java.util.concurrent.ThreadPoolExecutor$Worker@326853c1[State = -1, empty queue]] WARN  server.GrpcLogAppender (GrpcLogAppender.java:timeoutAppendRequest(200)) - befaacb7-99cd-4d87-819a-d941cb77279d@group-AF8B3C156ABB->f1d6cbd0-cc55-4a8c-aff9-0f6c18a578e9-GrpcLogAppender: appendEntries Timeout, request=befaacb7-99cd-4d87-819a-d941cb77279d->f1d6cbd0-cc55-4a8c-aff9-0f6c18a578e9#44-t1, previous=(t:1, i:12), leaderCommit=6, initializing? false, entries: <empty>
2019-09-18 17:30:55,831 [java.util.concurrent.ThreadPoolExecutor$Worker@56ebe215[State = -1, empty queue]] WARN  server.GrpcLogAppender (GrpcLogAppender.java:timeoutAppendRequest(200)) - befaacb7-99cd-4d87-819a-d941cb77279d@group-AF8B3C156ABB->3f36f173-4656-4d5a-831c-b6782f9f5ad2-GrpcLogAppender: appendEntries Timeout, request=befaacb7-99cd-4d87-819a-d941cb77279d->3f36f173-4656-4d5a-831c-b6782f9f5ad2#44-t1, previous=(t:1, i:12), leaderCommit=6, initializing? false, entries: <empty>
2019-09-18 17:30:57,821 [befaacb7-99cd-4d87-819a-d941cb77279d@group-AF8B3C156ABB-SegmentedRaftLogWorker] WARN  segmented.SegmentedRaftLogWorker (SegmentedRaftLogWorker.java:getFromFuture(90)) - Timeout 6/~
org.apache.ratis.protocol.TimeoutIOException: Timeout 10s: WriteLog:7: (t:1, i:7), STATEMACHINELOGENTRY, client-A5AEF000217A, cid=131-writeStateMachineData
	at org.apache.ratis.util.IOUtils.getFromFuture(IOUtils.java:87)
	at org.apache.ratis.server.raftlog.segmented.SegmentedRaftLogWorker$StateMachineDataPolicy.getFromFuture(SegmentedRaftLogWorker.java:87)
	at org.apache.ratis.server.raftlog.segmented.SegmentedRaftLogWorker$WriteLog.execute(SegmentedRaftLogWorker.java:477)
	at org.apache.ratis.server.raftlog.segmented.SegmentedRaftLogWorker.run(SegmentedRaftLogWorker.java:289)
	at java.lang.Thread.run(Thread.java:748)
Caused by: java.util.concurrent.TimeoutException
	at java.util.concurrent.CompletableFuture.timedGet(CompletableFuture.java:1771)
	at java.util.concurrent.CompletableFuture.get(CompletableFuture.java:1915)
	at org.apache.ratis.util.IOUtils.getFromFuture(IOUtils.java:79)
	... 4 more
2019-09-18 17:30:57,822 [3f36f173-4656-4d5a-831c-b6782f9f5ad2@group-AF8B3C156ABB-SegmentedRaftLogWorker] WARN  segmented.SegmentedRaftLogWorker (SegmentedRaftLogWorker.java:getFromFuture(90)) - Timeout 6/~
org.apache.ratis.protocol.TimeoutIOException: Timeout 10s: WriteLog:7: (t:1, i:7), STATEMACHINELOGENTRY, client-A5AEF000217A, cid=131-writeStateMachineData
	at org.apache.ratis.util.IOUtils.getFromFuture(IOUtils.java:87)
	at org.apache.ratis.server.raftlog.segmented.SegmentedRaftLogWorker$StateMachineDataPolicy.getFromFuture(SegmentedRaftLogWorker.java:87)
	at org.apache.ratis.server.raftlog.segmented.SegmentedRaftLogWorker$WriteLog.execute(SegmentedRaftLogWorker.java:477)
	at org.apache.ratis.server.raftlog.segmented.SegmentedRaftLogWorker.run(SegmentedRaftLogWorker.java:289)
	at java.lang.Thread.run(Thread.java:748)
Caused by: java.util.concurrent.TimeoutException
	at java.util.concurrent.CompletableFuture.timedGet(CompletableFuture.java:1771)
	at java.util.concurrent.CompletableFuture.get(CompletableFuture.java:1915)
	at org.apache.ratis.util.IOUtils.getFromFuture(IOUtils.java:79)
	... 4 more
2019-09-18 17:30:57,822 [f1d6cbd0-cc55-4a8c-aff9-0f6c18a578e9@group-AF8B3C156ABB-SegmentedRaftLogWorker] WARN  segmented.SegmentedRaftLogWorker (SegmentedRaftLogWorker.java:getFromFuture(90)) - Timeout 6/~
org.apache.ratis.protocol.TimeoutIOException: Timeout 10s: WriteLog:7: (t:1, i:7), STATEMACHINELOGENTRY, client-A5AEF000217A, cid=131-writeStateMachineData
	at org.apache.ratis.util.IOUtils.getFromFuture(IOUtils.java:87)
	at org.apache.ratis.server.raftlog.segmented.SegmentedRaftLogWorker$StateMachineDataPolicy.getFromFuture(SegmentedRaftLogWorker.java:87)
	at org.apache.ratis.server.raftlog.segmented.SegmentedRaftLogWorker$WriteLog.execute(SegmentedRaftLogWorker.java:477)
	at org.apache.ratis.server.raftlog.segmented.SegmentedRaftLogWorker.run(SegmentedRaftLogWorker.java:289)
	at java.lang.Thread.run(Thread.java:748)
Caused by: java.util.concurrent.TimeoutException
	at java.util.concurrent.CompletableFuture.timedGet(CompletableFuture.java:1771)
	at java.util.concurrent.CompletableFuture.get(CompletableFuture.java:1915)
	at org.apache.ratis.util.IOUtils.getFromFuture(IOUtils.java:79)
	... 4 more
2019-09-18 17:30:58,332 [java.util.concurrent.ThreadPoolExecutor$Worker@56ebe215[State = -1, empty queue]] WARN  server.GrpcLogAppender (GrpcLogAppender.java:timeoutAppendRequest(200)) - befaacb7-99cd-4d87-819a-d941cb77279d@group-AF8B3C156ABB->3f36f173-4656-4d5a-831c-b6782f9f5ad2-GrpcLogAppender: appendEntries Timeout, request=befaacb7-99cd-4d87-819a-d941cb77279d->3f36f173-4656-4d5a-831c-b6782f9f5ad2#45-t1, previous=(t:1, i:12), leaderCommit=6, initializing? false, entries: <empty>
2019-09-18 17:30:58,332 [java.util.concurrent.ThreadPoolExecutor$Worker@326853c1[State = -1, empty queue]] WARN  server.GrpcLogAppender (GrpcLogAppender.java:timeoutAppendRequest(200)) - befaacb7-99cd-4d87-819a-d941cb77279d@group-AF8B3C156ABB->f1d6cbd0-cc55-4a8c-aff9-0f6c18a578e9-GrpcLogAppender: appendEntries Timeout, request=befaacb7-99cd-4d87-819a-d941cb77279d->f1d6cbd0-cc55-4a8c-aff9-0f6c18a578e9#45-t1, previous=(t:1, i:12), leaderCommit=6, initializing? false, entries: <empty>
2019-09-18 17:30:58,352 [grpc-default-executor-6] INFO  client.GrpcClientProtocolClient (GrpcClientProtocolClient.java:onNext(264)) - client-A5AEF000217A->f1d6cbd0-cc55-4a8c-aff9-0f6c18a578e9: receive RaftClientReply:client-A5AEF000217A->f1d6cbd0-cc55-4a8c-aff9-0f6c18a578e9@group-AF8B3C156ABB, cid=131, FAILED org.apache.ratis.protocol.NotLeaderException: Server f1d6cbd0-cc55-4a8c-aff9-0f6c18a578e9@group-AF8B3C156ABB is not the leader befaacb7-99cd-4d87-819a-d941cb77279d:192.168.151.122:44171, logIndex=0, commits[f1d6cbd0-cc55-4a8c-aff9-0f6c18a578e9:c6, befaacb7-99cd-4d87-819a-d941cb77279d:c6, 3f36f173-4656-4d5a-831c-b6782f9f5ad2:c4]
2019-09-18 17:31:00,840 [java.util.concurrent.ThreadPoolExecutor$Worker@56ebe215[State = -1, empty queue]] WARN  server.GrpcLogAppender (GrpcLogAppender.java:timeoutAppendRequest(200)) - befaacb7-99cd-4d87-819a-d941cb77279d@group-AF8B3C156ABB->3f36f173-4656-4d5a-831c-b6782f9f5ad2-GrpcLogAppender: appendEntries Timeout, request=befaacb7-99cd-4d87-819a-d941cb77279d->3f36f173-4656-4d5a-831c-b6782f9f5ad2#46-t1, previous=(t:1, i:12), leaderCommit=6, initializing? false, entries: <empty>
2019-09-18 17:31:00,840 [java.util.concurrent.ThreadPoolExecutor$Worker@326853c1[State = -1, empty queue]] WARN  server.GrpcLogAppender (GrpcLogAppender.java:timeoutAppendRequest(200)) - befaacb7-99cd-4d87-819a-d941cb77279d@group-AF8B3C156ABB->f1d6cbd0-cc55-4a8c-aff9-0f6c18a578e9-GrpcLogAppender: appendEntries Timeout, request=befaacb7-99cd-4d87-819a-d941cb77279d->f1d6cbd0-cc55-4a8c-aff9-0f6c18a578e9#46-t1, previous=(t:1, i:12), leaderCommit=6, initializing? false, entries: <empty>
2019-09-18 17:31:03,341 [java.util.concurrent.ThreadPoolExecutor$Worker@56ebe215[State = -1, empty queue]] WARN  server.GrpcLogAppender (GrpcLogAppender.java:timeoutAppendRequest(200)) - befaacb7-99cd-4d87-819a-d941cb77279d@group-AF8B3C156ABB->3f36f173-4656-4d5a-831c-b6782f9f5ad2-GrpcLogAppender: appendEntries Timeout, request=befaacb7-99cd-4d87-819a-d941cb77279d->3f36f173-4656-4d5a-831c-b6782f9f5ad2#47-t1, previous=(t:1, i:12), leaderCommit=6, initializing? false, entries: <empty>
2019-09-18 17:31:03,341 [java.util.concurrent.ThreadPoolExecutor$Worker@326853c1[State = -1, empty queue]] WARN  server.GrpcLogAppender (GrpcLogAppender.java:timeoutAppendRequest(200)) - befaacb7-99cd-4d87-819a-d941cb77279d@group-AF8B3C156ABB->f1d6cbd0-cc55-4a8c-aff9-0f6c18a578e9-GrpcLogAppender: appendEntries Timeout, request=befaacb7-99cd-4d87-819a-d941cb77279d->f1d6cbd0-cc55-4a8c-aff9-0f6c18a578e9#47-t1, previous=(t:1, i:12), leaderCommit=6, initializing? false, entries: <empty>
2019-09-18 17:31:03,387 [grpc-default-executor-9] INFO  client.GrpcClientProtocolClient (GrpcClientProtocolClient.java:onNext(264)) - client-A5AEF000217A->3f36f173-4656-4d5a-831c-b6782f9f5ad2: receive RaftClientReply:client-A5AEF000217A->3f36f173-4656-4d5a-831c-b6782f9f5ad2@group-AF8B3C156ABB, cid=131, FAILED org.apache.ratis.protocol.NotLeaderException: Server 3f36f173-4656-4d5a-831c-b6782f9f5ad2@group-AF8B3C156ABB is not the leader befaacb7-99cd-4d87-819a-d941cb77279d:192.168.151.122:44171, logIndex=0, commits[3f36f173-4656-4d5a-831c-b6782f9f5ad2:c6, f1d6cbd0-cc55-4a8c-aff9-0f6c18a578e9:c4, befaacb7-99cd-4d87-819a-d941cb77279d:c6]
2019-09-18 17:31:05,841 [java.util.concurrent.ThreadPoolExecutor$Worker@56ebe215[State = -1, empty queue]] WARN  server.GrpcLogAppender (GrpcLogAppender.java:timeoutAppendRequest(200)) - befaacb7-99cd-4d87-819a-d941cb77279d@group-AF8B3C156ABB->3f36f173-4656-4d5a-831c-b6782f9f5ad2-GrpcLogAppender: appendEntries Timeout, request=befaacb7-99cd-4d87-819a-d941cb77279d->3f36f173-4656-4d5a-831c-b6782f9f5ad2#48-t1, previous=(t:1, i:12), leaderCommit=6, initializing? false, entries: <empty>
2019-09-18 17:31:05,841 [java.util.concurrent.ThreadPoolExecutor$Worker@326853c1[State = -1, empty queue]] WARN  server.GrpcLogAppender (GrpcLogAppender.java:timeoutAppendRequest(200)) - befaacb7-99cd-4d87-819a-d941cb77279d@group-AF8B3C156ABB->f1d6cbd0-cc55-4a8c-aff9-0f6c18a578e9-GrpcLogAppender: appendEntries Timeout, request=befaacb7-99cd-4d87-819a-d941cb77279d->f1d6cbd0-cc55-4a8c-aff9-0f6c18a578e9#48-t1, previous=(t:1, i:12), leaderCommit=6, initializing? false, entries: <empty>
2019-09-18 17:31:07,822 [befaacb7-99cd-4d87-819a-d941cb77279d@group-AF8B3C156ABB-SegmentedRaftLogWorker] WARN  segmented.SegmentedRaftLogWorker (SegmentedRaftLogWorker.java:getFromFuture(90)) - Timeout 7/~
org.apache.ratis.protocol.TimeoutIOException: Timeout 10s: WriteLog:7: (t:1, i:7), STATEMACHINELOGENTRY, client-A5AEF000217A, cid=131-writeStateMachineData
	at org.apache.ratis.util.IOUtils.getFromFuture(IOUtils.java:87)
	at org.apache.ratis.server.raftlog.segmented.SegmentedRaftLogWorker$StateMachineDataPolicy.getFromFuture(SegmentedRaftLogWorker.java:87)
	at org.apache.ratis.server.raftlog.segmented.SegmentedRaftLogWorker$WriteLog.execute(SegmentedRaftLogWorker.java:477)
	at org.apache.ratis.server.raftlog.segmented.SegmentedRaftLogWorker.run(SegmentedRaftLogWorker.java:289)
	at java.lang.Thread.run(Thread.java:748)
Caused by: java.util.concurrent.TimeoutException
	at java.util.concurrent.CompletableFuture.timedGet(CompletableFuture.java:1771)
	at java.util.concurrent.CompletableFuture.get(CompletableFuture.java:1915)
	at org.apache.ratis.util.IOUtils.getFromFuture(IOUtils.java:79)
	... 4 more
2019-09-18 17:31:07,840 [3f36f173-4656-4d5a-831c-b6782f9f5ad2@group-AF8B3C156ABB-SegmentedRaftLogWorker] WARN  segmented.SegmentedRaftLogWorker (SegmentedRaftLogWorker.java:getFromFuture(90)) - Timeout 7/~
org.apache.ratis.protocol.TimeoutIOException: Timeout 10s: WriteLog:7: (t:1, i:7), STATEMACHINELOGENTRY, client-A5AEF000217A, cid=131-writeStateMachineData
	at org.apache.ratis.util.IOUtils.getFromFuture(IOUtils.java:87)
	at org.apache.ratis.server.raftlog.segmented.SegmentedRaftLogWorker$StateMachineDataPolicy.getFromFuture(SegmentedRaftLogWorker.java:87)
	at org.apache.ratis.server.raftlog.segmented.SegmentedRaftLogWorker$WriteLog.execute(SegmentedRaftLogWorker.java:477)
	at org.apache.ratis.server.raftlog.segmented.SegmentedRaftLogWorker.run(SegmentedRaftLogWorker.java:289)
	at java.lang.Thread.run(Thread.java:748)
Caused by: java.util.concurrent.TimeoutException
	at java.util.concurrent.CompletableFuture.timedGet(CompletableFuture.java:1771)
	at java.util.concurrent.CompletableFuture.get(CompletableFuture.java:1915)
	at org.apache.ratis.util.IOUtils.getFromFuture(IOUtils.java:79)
	... 4 more
2019-09-18 17:31:07,840 [f1d6cbd0-cc55-4a8c-aff9-0f6c18a578e9@group-AF8B3C156ABB-SegmentedRaftLogWorker] WARN  segmented.SegmentedRaftLogWorker (SegmentedRaftLogWorker.java:getFromFuture(90)) - Timeout 7/~
org.apache.ratis.protocol.TimeoutIOException: Timeout 10s: WriteLog:7: (t:1, i:7), STATEMACHINELOGENTRY, client-A5AEF000217A, cid=131-writeStateMachineData
	at org.apache.ratis.util.IOUtils.getFromFuture(IOUtils.java:87)
	at org.apache.ratis.server.raftlog.segmented.SegmentedRaftLogWorker$StateMachineDataPolicy.getFromFuture(SegmentedRaftLogWorker.java:87)
	at org.apache.ratis.server.raftlog.segmented.SegmentedRaftLogWorker$WriteLog.execute(SegmentedRaftLogWorker.java:477)
	at org.apache.ratis.server.raftlog.segmented.SegmentedRaftLogWorker.run(SegmentedRaftLogWorker.java:289)
	at java.lang.Thread.run(Thread.java:748)
Caused by: java.util.concurrent.TimeoutException
	at java.util.concurrent.CompletableFuture.timedGet(CompletableFuture.java:1771)
	at java.util.concurrent.CompletableFuture.get(CompletableFuture.java:1915)
	at org.apache.ratis.util.IOUtils.getFromFuture(IOUtils.java:79)
	... 4 more
2019-09-18 17:31:08,341 [java.util.concurrent.ThreadPoolExecutor$Worker@326853c1[State = -1, empty queue]] WARN  server.GrpcLogAppender (GrpcLogAppender.java:timeoutAppendRequest(200)) - befaacb7-99cd-4d87-819a-d941cb77279d@group-AF8B3C156ABB->f1d6cbd0-cc55-4a8c-aff9-0f6c18a578e9-GrpcLogAppender: appendEntries Timeout, request=befaacb7-99cd-4d87-819a-d941cb77279d->f1d6cbd0-cc55-4a8c-aff9-0f6c18a578e9#49-t1, previous=(t:1, i:12), leaderCommit=6, initializing? false, entries: <empty>
2019-09-18 17:31:08,341 [java.util.concurrent.ThreadPoolExecutor$Worker@56ebe215[State = -1, empty queue]] WARN  server.GrpcLogAppender (GrpcLogAppender.java:timeoutAppendRequest(200)) - befaacb7-99cd-4d87-819a-d941cb77279d@group-AF8B3C156ABB->3f36f173-4656-4d5a-831c-b6782f9f5ad2-GrpcLogAppender: appendEntries Timeout, request=befaacb7-99cd-4d87-819a-d941cb77279d->3f36f173-4656-4d5a-831c-b6782f9f5ad2#49-t1, previous=(t:1, i:12), leaderCommit=6, initializing? false, entries: <empty>
2019-09-18 17:31:08,420 [grpc-default-executor-9] INFO  client.GrpcClientProtocolClient (GrpcClientProtocolClient.java:onNext(264)) - client-A5AEF000217A->3f36f173-4656-4d5a-831c-b6782f9f5ad2: receive RaftClientReply:client-A5AEF000217A->3f36f173-4656-4d5a-831c-b6782f9f5ad2@group-AF8B3C156ABB, cid=131, FAILED org.apache.ratis.protocol.NotLeaderException: Server 3f36f173-4656-4d5a-831c-b6782f9f5ad2@group-AF8B3C156ABB is not the leader befaacb7-99cd-4d87-819a-d941cb77279d:192.168.151.122:44171, logIndex=0, commits[3f36f173-4656-4d5a-831c-b6782f9f5ad2:c6, f1d6cbd0-cc55-4a8c-aff9-0f6c18a578e9:c4, befaacb7-99cd-4d87-819a-d941cb77279d:c6]
2019-09-18 17:31:10,842 [java.util.concurrent.ThreadPoolExecutor$Worker@56ebe215[State = -1, empty queue]] WARN  server.GrpcLogAppender (GrpcLogAppender.java:timeoutAppendRequest(200)) - befaacb7-99cd-4d87-819a-d941cb77279d@group-AF8B3C156ABB->3f36f173-4656-4d5a-831c-b6782f9f5ad2-GrpcLogAppender: appendEntries Timeout, request=befaacb7-99cd-4d87-819a-d941cb77279d->3f36f173-4656-4d5a-831c-b6782f9f5ad2#50-t1, previous=(t:1, i:12), leaderCommit=6, initializing? false, entries: <empty>
2019-09-18 17:31:10,842 [java.util.concurrent.ThreadPoolExecutor$Worker@326853c1[State = -1, empty queue]] WARN  server.GrpcLogAppender (GrpcLogAppender.java:timeoutAppendRequest(200)) - befaacb7-99cd-4d87-819a-d941cb77279d@group-AF8B3C156ABB->f1d6cbd0-cc55-4a8c-aff9-0f6c18a578e9-GrpcLogAppender: appendEntries Timeout, request=befaacb7-99cd-4d87-819a-d941cb77279d->f1d6cbd0-cc55-4a8c-aff9-0f6c18a578e9#50-t1, previous=(t:1, i:12), leaderCommit=6, initializing? false, entries: <empty>
2019-09-18 17:31:13,343 [java.util.concurrent.ThreadPoolExecutor$Worker@56ebe215[State = -1, empty queue]] WARN  server.GrpcLogAppender (GrpcLogAppender.java:timeoutAppendRequest(200)) - befaacb7-99cd-4d87-819a-d941cb77279d@group-AF8B3C156ABB->3f36f173-4656-4d5a-831c-b6782f9f5ad2-GrpcLogAppender: appendEntries Timeout, request=befaacb7-99cd-4d87-819a-d941cb77279d->3f36f173-4656-4d5a-831c-b6782f9f5ad2#51-t1, previous=(t:1, i:12), leaderCommit=6, initializing? false, entries: <empty>
2019-09-18 17:31:13,343 [java.util.concurrent.ThreadPoolExecutor$Worker@326853c1[State = -1, empty queue]] WARN  server.GrpcLogAppender (GrpcLogAppender.java:timeoutAppendRequest(200)) - befaacb7-99cd-4d87-819a-d941cb77279d@group-AF8B3C156ABB->f1d6cbd0-cc55-4a8c-aff9-0f6c18a578e9-GrpcLogAppender: appendEntries Timeout, request=befaacb7-99cd-4d87-819a-d941cb77279d->f1d6cbd0-cc55-4a8c-aff9-0f6c18a578e9#51-t1, previous=(t:1, i:12), leaderCommit=6, initializing? false, entries: <empty>
2019-09-18 17:31:13,469 [grpc-default-executor-9] INFO  client.GrpcClientProtocolClient (GrpcClientProtocolClient.java:onNext(264)) - client-A5AEF000217A->f1d6cbd0-cc55-4a8c-aff9-0f6c18a578e9: receive RaftClientReply:client-A5AEF000217A->f1d6cbd0-cc55-4a8c-aff9-0f6c18a578e9@group-AF8B3C156ABB, cid=131, FAILED org.apache.ratis.protocol.NotLeaderException: Server f1d6cbd0-cc55-4a8c-aff9-0f6c18a578e9@group-AF8B3C156ABB is not the leader befaacb7-99cd-4d87-819a-d941cb77279d:192.168.151.122:44171, logIndex=0, commits[f1d6cbd0-cc55-4a8c-aff9-0f6c18a578e9:c6, befaacb7-99cd-4d87-819a-d941cb77279d:c6, 3f36f173-4656-4d5a-831c-b6782f9f5ad2:c4]
2019-09-18 17:31:15,843 [java.util.concurrent.ThreadPoolExecutor$Worker@56ebe215[State = -1, empty queue]] WARN  server.GrpcLogAppender (GrpcLogAppender.java:timeoutAppendRequest(200)) - befaacb7-99cd-4d87-819a-d941cb77279d@group-AF8B3C156ABB->3f36f173-4656-4d5a-831c-b6782f9f5ad2-GrpcLogAppender: appendEntries Timeout, request=befaacb7-99cd-4d87-819a-d941cb77279d->3f36f173-4656-4d5a-831c-b6782f9f5ad2#52-t1, previous=(t:1, i:12), leaderCommit=6, initializing? false, entries: <empty>
2019-09-18 17:31:15,843 [java.util.concurrent.ThreadPoolExecutor$Worker@326853c1[State = -1, empty queue]] WARN  server.GrpcLogAppender (GrpcLogAppender.java:timeoutAppendRequest(200)) - befaacb7-99cd-4d87-819a-d941cb77279d@group-AF8B3C156ABB->f1d6cbd0-cc55-4a8c-aff9-0f6c18a578e9-GrpcLogAppender: appendEntries Timeout, request=befaacb7-99cd-4d87-819a-d941cb77279d->f1d6cbd0-cc55-4a8c-aff9-0f6c18a578e9#52-t1, previous=(t:1, i:12), leaderCommit=6, initializing? false, entries: <empty>
2019-09-18 17:31:17,823 [befaacb7-99cd-4d87-819a-d941cb77279d@group-AF8B3C156ABB-SegmentedRaftLogWorker] WARN  segmented.SegmentedRaftLogWorker (SegmentedRaftLogWorker.java:getFromFuture(90)) - Timeout 8/~
org.apache.ratis.protocol.TimeoutIOException: Timeout 10s: WriteLog:7: (t:1, i:7), STATEMACHINELOGENTRY, client-A5AEF000217A, cid=131-writeStateMachineData
	at org.apache.ratis.util.IOUtils.getFromFuture(IOUtils.java:87)
	at org.apache.ratis.server.raftlog.segmented.SegmentedRaftLogWorker$StateMachineDataPolicy.getFromFuture(SegmentedRaftLogWorker.java:87)
	at org.apache.ratis.server.raftlog.segmented.SegmentedRaftLogWorker$WriteLog.execute(SegmentedRaftLogWorker.java:477)
	at org.apache.ratis.server.raftlog.segmented.SegmentedRaftLogWorker.run(SegmentedRaftLogWorker.java:289)
	at java.lang.Thread.run(Thread.java:748)
Caused by: java.util.concurrent.TimeoutException
	at java.util.concurrent.CompletableFuture.timedGet(CompletableFuture.java:1771)
	at java.util.concurrent.CompletableFuture.get(CompletableFuture.java:1915)
	at org.apache.ratis.util.IOUtils.getFromFuture(IOUtils.java:79)
	... 4 more
2019-09-18 17:31:17,841 [3f36f173-4656-4d5a-831c-b6782f9f5ad2@group-AF8B3C156ABB-SegmentedRaftLogWorker] WARN  segmented.SegmentedRaftLogWorker (SegmentedRaftLogWorker.java:getFromFuture(90)) - Timeout 8/~
org.apache.ratis.protocol.TimeoutIOException: Timeout 10s: WriteLog:7: (t:1, i:7), STATEMACHINELOGENTRY, client-A5AEF000217A, cid=131-writeStateMachineData
	at org.apache.ratis.util.IOUtils.getFromFuture(IOUtils.java:87)
	at org.apache.ratis.server.raftlog.segmented.SegmentedRaftLogWorker$StateMachineDataPolicy.getFromFuture(SegmentedRaftLogWorker.java:87)
	at org.apache.ratis.server.raftlog.segmented.SegmentedRaftLogWorker$WriteLog.execute(SegmentedRaftLogWorker.java:477)
	at org.apache.ratis.server.raftlog.segmented.SegmentedRaftLogWorker.run(SegmentedRaftLogWorker.java:289)
	at java.lang.Thread.run(Thread.java:748)
Caused by: java.util.concurrent.TimeoutException
	at java.util.concurrent.CompletableFuture.timedGet(CompletableFuture.java:1771)
	at java.util.concurrent.CompletableFuture.get(CompletableFuture.java:1915)
	at org.apache.ratis.util.IOUtils.getFromFuture(IOUtils.java:79)
	... 4 more
2019-09-18 17:31:17,841 [f1d6cbd0-cc55-4a8c-aff9-0f6c18a578e9@group-AF8B3C156ABB-SegmentedRaftLogWorker] WARN  segmented.SegmentedRaftLogWorker (SegmentedRaftLogWorker.java:getFromFuture(90)) - Timeout 8/~
org.apache.ratis.protocol.TimeoutIOException: Timeout 10s: WriteLog:7: (t:1, i:7), STATEMACHINELOGENTRY, client-A5AEF000217A, cid=131-writeStateMachineData
	at org.apache.ratis.util.IOUtils.getFromFuture(IOUtils.java:87)
	at org.apache.ratis.server.raftlog.segmented.SegmentedRaftLogWorker$StateMachineDataPolicy.getFromFuture(SegmentedRaftLogWorker.java:87)
	at org.apache.ratis.server.raftlog.segmented.SegmentedRaftLogWorker$WriteLog.execute(SegmentedRaftLogWorker.java:477)
	at org.apache.ratis.server.raftlog.segmented.SegmentedRaftLogWorker.run(SegmentedRaftLogWorker.java:289)
	at java.lang.Thread.run(Thread.java:748)
Caused by: java.util.concurrent.TimeoutException
	at java.util.concurrent.CompletableFuture.timedGet(CompletableFuture.java:1771)
	at java.util.concurrent.CompletableFuture.get(CompletableFuture.java:1915)
	at org.apache.ratis.util.IOUtils.getFromFuture(IOUtils.java:79)
	... 4 more
2019-09-18 17:31:18,343 [java.util.concurrent.ThreadPoolExecutor$Worker@326853c1[State = -1, empty queue]] WARN  server.GrpcLogAppender (GrpcLogAppender.java:timeoutAppendRequest(200)) - befaacb7-99cd-4d87-819a-d941cb77279d@group-AF8B3C156ABB->f1d6cbd0-cc55-4a8c-aff9-0f6c18a578e9-GrpcLogAppender: appendEntries Timeout, request=befaacb7-99cd-4d87-819a-d941cb77279d->f1d6cbd0-cc55-4a8c-aff9-0f6c18a578e9#53-t1, previous=(t:1, i:12), leaderCommit=6, initializing? false, entries: <empty>
2019-09-18 17:31:18,343 [java.util.concurrent.ThreadPoolExecutor$Worker@56ebe215[State = -1, empty queue]] WARN  server.GrpcLogAppender (GrpcLogAppender.java:timeoutAppendRequest(200)) - befaacb7-99cd-4d87-819a-d941cb77279d@group-AF8B3C156ABB->3f36f173-4656-4d5a-831c-b6782f9f5ad2-GrpcLogAppender: appendEntries Timeout, request=befaacb7-99cd-4d87-819a-d941cb77279d->3f36f173-4656-4d5a-831c-b6782f9f5ad2#53-t1, previous=(t:1, i:12), leaderCommit=6, initializing? false, entries: <empty>
2019-09-18 17:31:18,519 [grpc-default-executor-7] INFO  client.GrpcClientProtocolClient (GrpcClientProtocolClient.java:onNext(264)) - client-A5AEF000217A->f1d6cbd0-cc55-4a8c-aff9-0f6c18a578e9: receive RaftClientReply:client-A5AEF000217A->f1d6cbd0-cc55-4a8c-aff9-0f6c18a578e9@group-AF8B3C156ABB, cid=131, FAILED org.apache.ratis.protocol.NotLeaderException: Server f1d6cbd0-cc55-4a8c-aff9-0f6c18a578e9@group-AF8B3C156ABB is not the leader befaacb7-99cd-4d87-819a-d941cb77279d:192.168.151.122:44171, logIndex=0, commits[f1d6cbd0-cc55-4a8c-aff9-0f6c18a578e9:c6, befaacb7-99cd-4d87-819a-d941cb77279d:c6, 3f36f173-4656-4d5a-831c-b6782f9f5ad2:c4]
2019-09-18 17:31:20,844 [java.util.concurrent.ThreadPoolExecutor$Worker@56ebe215[State = -1, empty queue]] WARN  server.GrpcLogAppender (GrpcLogAppender.java:timeoutAppendRequest(200)) - befaacb7-99cd-4d87-819a-d941cb77279d@group-AF8B3C156ABB->3f36f173-4656-4d5a-831c-b6782f9f5ad2-GrpcLogAppender: appendEntries Timeout, request=befaacb7-99cd-4d87-819a-d941cb77279d->3f36f173-4656-4d5a-831c-b6782f9f5ad2#54-t1, previous=(t:1, i:12), leaderCommit=6, initializing? false, entries: <empty>
2019-09-18 17:31:20,844 [java.util.concurrent.ThreadPoolExecutor$Worker@326853c1[State = -1, empty queue]] WARN  server.GrpcLogAppender (GrpcLogAppender.java:timeoutAppendRequest(200)) - befaacb7-99cd-4d87-819a-d941cb77279d@group-AF8B3C156ABB->f1d6cbd0-cc55-4a8c-aff9-0f6c18a578e9-GrpcLogAppender: appendEntries Timeout, request=befaacb7-99cd-4d87-819a-d941cb77279d->f1d6cbd0-cc55-4a8c-aff9-0f6c18a578e9#54-t1, previous=(t:1, i:12), leaderCommit=6, initializing? false, entries: <empty>
2019-09-18 17:31:23,344 [java.util.concurrent.ThreadPoolExecutor$Worker@56ebe215[State = -1, empty queue]] WARN  server.GrpcLogAppender (GrpcLogAppender.java:timeoutAppendRequest(200)) - befaacb7-99cd-4d87-819a-d941cb77279d@group-AF8B3C156ABB->3f36f173-4656-4d5a-831c-b6782f9f5ad2-GrpcLogAppender: appendEntries Timeout, request=befaacb7-99cd-4d87-819a-d941cb77279d->3f36f173-4656-4d5a-831c-b6782f9f5ad2#55-t1, previous=(t:1, i:12), leaderCommit=6, initializing? false, entries: <empty>
2019-09-18 17:31:23,344 [java.util.concurrent.ThreadPoolExecutor$Worker@326853c1[State = -1, empty queue]] WARN  server.GrpcLogAppender (GrpcLogAppender.java:timeoutAppendRequest(200)) - befaacb7-99cd-4d87-819a-d941cb77279d@group-AF8B3C156ABB->f1d6cbd0-cc55-4a8c-aff9-0f6c18a578e9-GrpcLogAppender: appendEntries Timeout, request=befaacb7-99cd-4d87-819a-d941cb77279d->f1d6cbd0-cc55-4a8c-aff9-0f6c18a578e9#55-t1, previous=(t:1, i:12), leaderCommit=6, initializing? false, entries: <empty>
2019-09-18 17:31:23,565 [grpc-default-executor-9] INFO  client.GrpcClientProtocolClient (GrpcClientProtocolClient.java:onNext(264)) - client-A5AEF000217A->3f36f173-4656-4d5a-831c-b6782f9f5ad2: receive RaftClientReply:client-A5AEF000217A->3f36f173-4656-4d5a-831c-b6782f9f5ad2@group-AF8B3C156ABB, cid=131, FAILED org.apache.ratis.protocol.NotLeaderException: Server 3f36f173-4656-4d5a-831c-b6782f9f5ad2@group-AF8B3C156ABB is not the leader befaacb7-99cd-4d87-819a-d941cb77279d:192.168.151.122:44171, logIndex=0, commits[3f36f173-4656-4d5a-831c-b6782f9f5ad2:c6, f1d6cbd0-cc55-4a8c-aff9-0f6c18a578e9:c4, befaacb7-99cd-4d87-819a-d941cb77279d:c6]
2019-09-18 17:31:25,844 [java.util.concurrent.ThreadPoolExecutor$Worker@56ebe215[State = -1, empty queue]] WARN  server.GrpcLogAppender (GrpcLogAppender.java:timeoutAppendRequest(200)) - befaacb7-99cd-4d87-819a-d941cb77279d@group-AF8B3C156ABB->3f36f173-4656-4d5a-831c-b6782f9f5ad2-GrpcLogAppender: appendEntries Timeout, request=befaacb7-99cd-4d87-819a-d941cb77279d->3f36f173-4656-4d5a-831c-b6782f9f5ad2#56-t1, previous=(t:1, i:12), leaderCommit=6, initializing? false, entries: <empty>
2019-09-18 17:31:25,844 [java.util.concurrent.ThreadPoolExecutor$Worker@326853c1[State = -1, empty queue]] WARN  server.GrpcLogAppender (GrpcLogAppender.java:timeoutAppendRequest(200)) - befaacb7-99cd-4d87-819a-d941cb77279d@group-AF8B3C156ABB->f1d6cbd0-cc55-4a8c-aff9-0f6c18a578e9-GrpcLogAppender: appendEntries Timeout, request=befaacb7-99cd-4d87-819a-d941cb77279d->f1d6cbd0-cc55-4a8c-aff9-0f6c18a578e9#56-t1, previous=(t:1, i:12), leaderCommit=6, initializing? false, entries: <empty>
2019-09-18 17:31:27,825 [befaacb7-99cd-4d87-819a-d941cb77279d@group-AF8B3C156ABB-SegmentedRaftLogWorker] WARN  segmented.SegmentedRaftLogWorker (SegmentedRaftLogWorker.java:getFromFuture(90)) - Timeout 9/~
org.apache.ratis.protocol.TimeoutIOException: Timeout 10s: WriteLog:7: (t:1, i:7), STATEMACHINELOGENTRY, client-A5AEF000217A, cid=131-writeStateMachineData
	at org.apache.ratis.util.IOUtils.getFromFuture(IOUtils.java:87)
	at org.apache.ratis.server.raftlog.segmented.SegmentedRaftLogWorker$StateMachineDataPolicy.getFromFuture(SegmentedRaftLogWorker.java:87)
	at org.apache.ratis.server.raftlog.segmented.SegmentedRaftLogWorker$WriteLog.execute(SegmentedRaftLogWorker.java:477)
	at org.apache.ratis.server.raftlog.segmented.SegmentedRaftLogWorker.run(SegmentedRaftLogWorker.java:289)
	at java.lang.Thread.run(Thread.java:748)
Caused by: java.util.concurrent.TimeoutException
	at java.util.concurrent.CompletableFuture.timedGet(CompletableFuture.java:1771)
	at java.util.concurrent.CompletableFuture.get(CompletableFuture.java:1915)
	at org.apache.ratis.util.IOUtils.getFromFuture(IOUtils.java:79)
	... 4 more
2019-09-18 17:31:27,841 [3f36f173-4656-4d5a-831c-b6782f9f5ad2@group-AF8B3C156ABB-SegmentedRaftLogWorker] WARN  segmented.SegmentedRaftLogWorker (SegmentedRaftLogWorker.java:getFromFuture(90)) - Timeout 9/~
org.apache.ratis.protocol.TimeoutIOException: Timeout 10s: WriteLog:7: (t:1, i:7), STATEMACHINELOGENTRY, client-A5AEF000217A, cid=131-writeStateMachineData
	at org.apache.ratis.util.IOUtils.getFromFuture(IOUtils.java:87)
	at org.apache.ratis.server.raftlog.segmented.SegmentedRaftLogWorker$StateMachineDataPolicy.getFromFuture(SegmentedRaftLogWorker.java:87)
	at org.apache.ratis.server.raftlog.segmented.SegmentedRaftLogWorker$WriteLog.execute(SegmentedRaftLogWorker.java:477)
	at org.apache.ratis.server.raftlog.segmented.SegmentedRaftLogWorker.run(SegmentedRaftLogWorker.java:289)
	at java.lang.Thread.run(Thread.java:748)
Caused by: java.util.concurrent.TimeoutException
	at java.util.concurrent.CompletableFuture.timedGet(CompletableFuture.java:1771)
	at java.util.concurrent.CompletableFuture.get(CompletableFuture.java:1915)
	at org.apache.ratis.util.IOUtils.getFromFuture(IOUtils.java:79)
	... 4 more
2019-09-18 17:31:27,842 [f1d6cbd0-cc55-4a8c-aff9-0f6c18a578e9@group-AF8B3C156ABB-SegmentedRaftLogWorker] WARN  segmented.SegmentedRaftLogWorker (SegmentedRaftLogWorker.java:getFromFuture(90)) - Timeout 9/~
org.apache.ratis.protocol.TimeoutIOException: Timeout 10s: WriteLog:7: (t:1, i:7), STATEMACHINELOGENTRY, client-A5AEF000217A, cid=131-writeStateMachineData
	at org.apache.ratis.util.IOUtils.getFromFuture(IOUtils.java:87)
	at org.apache.ratis.server.raftlog.segmented.SegmentedRaftLogWorker$StateMachineDataPolicy.getFromFuture(SegmentedRaftLogWorker.java:87)
	at org.apache.ratis.server.raftlog.segmented.SegmentedRaftLogWorker$WriteLog.execute(SegmentedRaftLogWorker.java:477)
	at org.apache.ratis.server.raftlog.segmented.SegmentedRaftLogWorker.run(SegmentedRaftLogWorker.java:289)
	at java.lang.Thread.run(Thread.java:748)
Caused by: java.util.concurrent.TimeoutException
	at java.util.concurrent.CompletableFuture.timedGet(CompletableFuture.java:1771)
	at java.util.concurrent.CompletableFuture.get(CompletableFuture.java:1915)
	at org.apache.ratis.util.IOUtils.getFromFuture(IOUtils.java:79)
	... 4 more
2019-09-18 17:31:28,345 [java.util.concurrent.ThreadPoolExecutor$Worker@56ebe215[State = -1, empty queue]] WARN  server.GrpcLogAppender (GrpcLogAppender.java:timeoutAppendRequest(200)) - befaacb7-99cd-4d87-819a-d941cb77279d@group-AF8B3C156ABB->3f36f173-4656-4d5a-831c-b6782f9f5ad2-GrpcLogAppender: appendEntries Timeout, request=befaacb7-99cd-4d87-819a-d941cb77279d->3f36f173-4656-4d5a-831c-b6782f9f5ad2#57-t1, previous=(t:1, i:12), leaderCommit=6, initializing? false, entries: <empty>
2019-09-18 17:31:28,345 [java.util.concurrent.ThreadPoolExecutor$Worker@326853c1[State = -1, empty queue]] WARN  server.GrpcLogAppender (GrpcLogAppender.java:timeoutAppendRequest(200)) - befaacb7-99cd-4d87-819a-d941cb77279d@group-AF8B3C156ABB->f1d6cbd0-cc55-4a8c-aff9-0f6c18a578e9-GrpcLogAppender: appendEntries Timeout, request=befaacb7-99cd-4d87-819a-d941cb77279d->f1d6cbd0-cc55-4a8c-aff9-0f6c18a578e9#57-t1, previous=(t:1, i:12), leaderCommit=6, initializing? false, entries: <empty>
2019-09-18 17:31:28,608 [grpc-default-executor-10] INFO  client.GrpcClientProtocolClient (GrpcClientProtocolClient.java:onNext(264)) - client-A5AEF000217A->3f36f173-4656-4d5a-831c-b6782f9f5ad2: receive RaftClientReply:client-A5AEF000217A->3f36f173-4656-4d5a-831c-b6782f9f5ad2@group-AF8B3C156ABB, cid=131, FAILED org.apache.ratis.protocol.NotLeaderException: Server 3f36f173-4656-4d5a-831c-b6782f9f5ad2@group-AF8B3C156ABB is not the leader befaacb7-99cd-4d87-819a-d941cb77279d:192.168.151.122:44171, logIndex=0, commits[3f36f173-4656-4d5a-831c-b6782f9f5ad2:c6, f1d6cbd0-cc55-4a8c-aff9-0f6c18a578e9:c4, befaacb7-99cd-4d87-819a-d941cb77279d:c6]
2019-09-18 17:31:30,845 [java.util.concurrent.ThreadPoolExecutor$Worker@56ebe215[State = -1, empty queue]] WARN  server.GrpcLogAppender (GrpcLogAppender.java:timeoutAppendRequest(200)) - befaacb7-99cd-4d87-819a-d941cb77279d@group-AF8B3C156ABB->3f36f173-4656-4d5a-831c-b6782f9f5ad2-GrpcLogAppender: appendEntries Timeout, request=befaacb7-99cd-4d87-819a-d941cb77279d->3f36f173-4656-4d5a-831c-b6782f9f5ad2#58-t1, previous=(t:1, i:12), leaderCommit=6, initializing? false, entries: <empty>
2019-09-18 17:31:30,845 [java.util.concurrent.ThreadPoolExecutor$Worker@326853c1[State = -1, empty queue]] WARN  server.GrpcLogAppender (GrpcLogAppender.java:timeoutAppendRequest(200)) - befaacb7-99cd-4d87-819a-d941cb77279d@group-AF8B3C156ABB->f1d6cbd0-cc55-4a8c-aff9-0f6c18a578e9-GrpcLogAppender: appendEntries Timeout, request=befaacb7-99cd-4d87-819a-d941cb77279d->f1d6cbd0-cc55-4a8c-aff9-0f6c18a578e9#58-t1, previous=(t:1, i:12), leaderCommit=6, initializing? false, entries: <empty>
2019-09-18 17:31:33,346 [java.util.concurrent.ThreadPoolExecutor$Worker@56ebe215[State = -1, empty queue]] WARN  server.GrpcLogAppender (GrpcLogAppender.java:timeoutAppendRequest(200)) - befaacb7-99cd-4d87-819a-d941cb77279d@group-AF8B3C156ABB->3f36f173-4656-4d5a-831c-b6782f9f5ad2-GrpcLogAppender: appendEntries Timeout, request=befaacb7-99cd-4d87-819a-d941cb77279d->3f36f173-4656-4d5a-831c-b6782f9f5ad2#59-t1, previous=(t:1, i:12), leaderCommit=6, initializing? false, entries: <empty>
2019-09-18 17:31:33,346 [java.util.concurrent.ThreadPoolExecutor$Worker@326853c1[State = -1, empty queue]] WARN  server.GrpcLogAppender (GrpcLogAppender.java:timeoutAppendRequest(200)) - befaacb7-99cd-4d87-819a-d941cb77279d@group-AF8B3C156ABB->f1d6cbd0-cc55-4a8c-aff9-0f6c18a578e9-GrpcLogAppender: appendEntries Timeout, request=befaacb7-99cd-4d87-819a-d941cb77279d->f1d6cbd0-cc55-4a8c-aff9-0f6c18a578e9#59-t1, previous=(t:1, i:12), leaderCommit=6, initializing? false, entries: <empty>
2019-09-18 17:31:33,661 [grpc-default-executor-9] INFO  client.GrpcClientProtocolClient (GrpcClientProtocolClient.java:onNext(264)) - client-A5AEF000217A->f1d6cbd0-cc55-4a8c-aff9-0f6c18a578e9: receive RaftClientReply:client-A5AEF000217A->f1d6cbd0-cc55-4a8c-aff9-0f6c18a578e9@group-AF8B3C156ABB, cid=131, FAILED org.apache.ratis.protocol.NotLeaderException: Server f1d6cbd0-cc55-4a8c-aff9-0f6c18a578e9@group-AF8B3C156ABB is not the leader befaacb7-99cd-4d87-819a-d941cb77279d:192.168.151.122:44171, logIndex=0, commits[f1d6cbd0-cc55-4a8c-aff9-0f6c18a578e9:c6, befaacb7-99cd-4d87-819a-d941cb77279d:c6, 3f36f173-4656-4d5a-831c-b6782f9f5ad2:c4]
2019-09-18 17:31:35,846 [java.util.concurrent.ThreadPoolExecutor$Worker@326853c1[State = -1, empty queue]] WARN  server.GrpcLogAppender (GrpcLogAppender.java:timeoutAppendRequest(200)) - befaacb7-99cd-4d87-819a-d941cb77279d@group-AF8B3C156ABB->f1d6cbd0-cc55-4a8c-aff9-0f6c18a578e9-GrpcLogAppender: appendEntries Timeout, request=befaacb7-99cd-4d87-819a-d941cb77279d->f1d6cbd0-cc55-4a8c-aff9-0f6c18a578e9#60-t1, previous=(t:1, i:12), leaderCommit=6, initializing? false, entries: <empty>
2019-09-18 17:31:35,846 [java.util.concurrent.ThreadPoolExecutor$Worker@56ebe215[State = -1, empty queue]] WARN  server.GrpcLogAppender (GrpcLogAppender.java:timeoutAppendRequest(200)) - befaacb7-99cd-4d87-819a-d941cb77279d@group-AF8B3C156ABB->3f36f173-4656-4d5a-831c-b6782f9f5ad2-GrpcLogAppender: appendEntries Timeout, request=befaacb7-99cd-4d87-819a-d941cb77279d->3f36f173-4656-4d5a-831c-b6782f9f5ad2#60-t1, previous=(t:1, i:12), leaderCommit=6, initializing? false, entries: <empty>
2019-09-18 17:31:37,826 [befaacb7-99cd-4d87-819a-d941cb77279d@group-AF8B3C156ABB-SegmentedRaftLogWorker] WARN  segmented.SegmentedRaftLogWorker (SegmentedRaftLogWorker.java:getFromFuture(90)) - Timeout 10/~
org.apache.ratis.protocol.TimeoutIOException: Timeout 10s: WriteLog:7: (t:1, i:7), STATEMACHINELOGENTRY, client-A5AEF000217A, cid=131-writeStateMachineData
	at org.apache.ratis.util.IOUtils.getFromFuture(IOUtils.java:87)
	at org.apache.ratis.server.raftlog.segmented.SegmentedRaftLogWorker$StateMachineDataPolicy.getFromFuture(SegmentedRaftLogWorker.java:87)
	at org.apache.ratis.server.raftlog.segmented.SegmentedRaftLogWorker$WriteLog.execute(SegmentedRaftLogWorker.java:477)
	at org.apache.ratis.server.raftlog.segmented.SegmentedRaftLogWorker.run(SegmentedRaftLogWorker.java:289)
	at java.lang.Thread.run(Thread.java:748)
Caused by: java.util.concurrent.TimeoutException
	at java.util.concurrent.CompletableFuture.timedGet(CompletableFuture.java:1771)
	at java.util.concurrent.CompletableFuture.get(CompletableFuture.java:1915)
	at org.apache.ratis.util.IOUtils.getFromFuture(IOUtils.java:79)
	... 4 more
2019-09-18 17:31:37,842 [3f36f173-4656-4d5a-831c-b6782f9f5ad2@group-AF8B3C156ABB-SegmentedRaftLogWorker] WARN  segmented.SegmentedRaftLogWorker (SegmentedRaftLogWorker.java:getFromFuture(90)) - Timeout 10/~
org.apache.ratis.protocol.TimeoutIOException: Timeout 10s: WriteLog:7: (t:1, i:7), STATEMACHINELOGENTRY, client-A5AEF000217A, cid=131-writeStateMachineData
	at org.apache.ratis.util.IOUtils.getFromFuture(IOUtils.java:87)
	at org.apache.ratis.server.raftlog.segmented.SegmentedRaftLogWorker$StateMachineDataPolicy.getFromFuture(SegmentedRaftLogWorker.java:87)
	at org.apache.ratis.server.raftlog.segmented.SegmentedRaftLogWorker$WriteLog.execute(SegmentedRaftLogWorker.java:477)
	at org.apache.ratis.server.raftlog.segmented.SegmentedRaftLogWorker.run(SegmentedRaftLogWorker.java:289)
	at java.lang.Thread.run(Thread.java:748)
Caused by: java.util.concurrent.TimeoutException
	at java.util.concurrent.CompletableFuture.timedGet(CompletableFuture.java:1771)
	at java.util.concurrent.CompletableFuture.get(CompletableFuture.java:1915)
	at org.apache.ratis.util.IOUtils.getFromFuture(IOUtils.java:79)
	... 4 more
2019-09-18 17:31:37,842 [f1d6cbd0-cc55-4a8c-aff9-0f6c18a578e9@group-AF8B3C156ABB-SegmentedRaftLogWorker] WARN  segmented.SegmentedRaftLogWorker (SegmentedRaftLogWorker.java:getFromFuture(90)) - Timeout 10/~
org.apache.ratis.protocol.TimeoutIOException: Timeout 10s: WriteLog:7: (t:1, i:7), STATEMACHINELOGENTRY, client-A5AEF000217A, cid=131-writeStateMachineData
	at org.apache.ratis.util.IOUtils.getFromFuture(IOUtils.java:87)
	at org.apache.ratis.server.raftlog.segmented.SegmentedRaftLogWorker$StateMachineDataPolicy.getFromFuture(SegmentedRaftLogWorker.java:87)
	at org.apache.ratis.server.raftlog.segmented.SegmentedRaftLogWorker$WriteLog.execute(SegmentedRaftLogWorker.java:477)
	at org.apache.ratis.server.raftlog.segmented.SegmentedRaftLogWorker.run(SegmentedRaftLogWorker.java:289)
	at java.lang.Thread.run(Thread.java:748)
Caused by: java.util.concurrent.TimeoutException
	at java.util.concurrent.CompletableFuture.timedGet(CompletableFuture.java:1771)
	at java.util.concurrent.CompletableFuture.get(CompletableFuture.java:1915)
	at org.apache.ratis.util.IOUtils.getFromFuture(IOUtils.java:79)
	... 4 more
2019-09-18 17:31:38,346 [java.util.concurrent.ThreadPoolExecutor$Worker@326853c1[State = -1, empty queue]] WARN  server.GrpcLogAppender (GrpcLogAppender.java:timeoutAppendRequest(200)) - befaacb7-99cd-4d87-819a-d941cb77279d@group-AF8B3C156ABB->f1d6cbd0-cc55-4a8c-aff9-0f6c18a578e9-GrpcLogAppender: appendEntries Timeout, request=befaacb7-99cd-4d87-819a-d941cb77279d->f1d6cbd0-cc55-4a8c-aff9-0f6c18a578e9#61-t1, previous=(t:1, i:12), leaderCommit=6, initializing? false, entries: <empty>
2019-09-18 17:31:38,346 [java.util.concurrent.ThreadPoolExecutor$Worker@56ebe215[State = -1, empty queue]] WARN  server.GrpcLogAppender (GrpcLogAppender.java:timeoutAppendRequest(200)) - befaacb7-99cd-4d87-819a-d941cb77279d@group-AF8B3C156ABB->3f36f173-4656-4d5a-831c-b6782f9f5ad2-GrpcLogAppender: appendEntries Timeout, request=befaacb7-99cd-4d87-819a-d941cb77279d->3f36f173-4656-4d5a-831c-b6782f9f5ad2#61-t1, previous=(t:1, i:12), leaderCommit=6, initializing? false, entries: <empty>
2019-09-18 17:31:38,705 [grpc-default-executor-10] INFO  client.GrpcClientProtocolClient (GrpcClientProtocolClient.java:onNext(264)) - client-A5AEF000217A->f1d6cbd0-cc55-4a8c-aff9-0f6c18a578e9: receive RaftClientReply:client-A5AEF000217A->f1d6cbd0-cc55-4a8c-aff9-0f6c18a578e9@group-AF8B3C156ABB, cid=131, FAILED org.apache.ratis.protocol.NotLeaderException: Server f1d6cbd0-cc55-4a8c-aff9-0f6c18a578e9@group-AF8B3C156ABB is not the leader befaacb7-99cd-4d87-819a-d941cb77279d:192.168.151.122:44171, logIndex=0, commits[f1d6cbd0-cc55-4a8c-aff9-0f6c18a578e9:c6, befaacb7-99cd-4d87-819a-d941cb77279d:c6, 3f36f173-4656-4d5a-831c-b6782f9f5ad2:c4]
2019-09-18 17:31:40,847 [java.util.concurrent.ThreadPoolExecutor$Worker@56ebe215[State = -1, empty queue]] WARN  server.GrpcLogAppender (GrpcLogAppender.java:timeoutAppendRequest(200)) - befaacb7-99cd-4d87-819a-d941cb77279d@group-AF8B3C156ABB->3f36f173-4656-4d5a-831c-b6782f9f5ad2-GrpcLogAppender: appendEntries Timeout, request=befaacb7-99cd-4d87-819a-d941cb77279d->3f36f173-4656-4d5a-831c-b6782f9f5ad2#62-t1, previous=(t:1, i:12), leaderCommit=6, initializing? false, entries: <empty>
2019-09-18 17:31:40,847 [java.util.concurrent.ThreadPoolExecutor$Worker@326853c1[State = -1, empty queue]] WARN  server.GrpcLogAppender (GrpcLogAppender.java:timeoutAppendRequest(200)) - befaacb7-99cd-4d87-819a-d941cb77279d@group-AF8B3C156ABB->f1d6cbd0-cc55-4a8c-aff9-0f6c18a578e9-GrpcLogAppender: appendEntries Timeout, request=befaacb7-99cd-4d87-819a-d941cb77279d->f1d6cbd0-cc55-4a8c-aff9-0f6c18a578e9#62-t1, previous=(t:1, i:12), leaderCommit=6, initializing? false, entries: <empty>
2019-09-18 17:31:43,347 [java.util.concurrent.ThreadPoolExecutor$Worker@56ebe215[State = -1, empty queue]] WARN  server.GrpcLogAppender (GrpcLogAppender.java:timeoutAppendRequest(200)) - befaacb7-99cd-4d87-819a-d941cb77279d@group-AF8B3C156ABB->3f36f173-4656-4d5a-831c-b6782f9f5ad2-GrpcLogAppender: appendEntries Timeout, request=befaacb7-99cd-4d87-819a-d941cb77279d->3f36f173-4656-4d5a-831c-b6782f9f5ad2#63-t1, previous=(t:1, i:12), leaderCommit=6, initializing? false, entries: <empty>
2019-09-18 17:31:43,347 [java.util.concurrent.ThreadPoolExecutor$Worker@326853c1[State = -1, empty queue]] WARN  server.GrpcLogAppender (GrpcLogAppender.java:timeoutAppendRequest(200)) - befaacb7-99cd-4d87-819a-d941cb77279d@group-AF8B3C156ABB->f1d6cbd0-cc55-4a8c-aff9-0f6c18a578e9-GrpcLogAppender: appendEntries Timeout, request=befaacb7-99cd-4d87-819a-d941cb77279d->f1d6cbd0-cc55-4a8c-aff9-0f6c18a578e9#63-t1, previous=(t:1, i:12), leaderCommit=6, initializing? false, entries: <empty>
2019-09-18 17:31:43,760 [grpc-default-executor-10] INFO  client.GrpcClientProtocolClient (GrpcClientProtocolClient.java:onNext(264)) - client-A5AEF000217A->3f36f173-4656-4d5a-831c-b6782f9f5ad2: receive RaftClientReply:client-A5AEF000217A->3f36f173-4656-4d5a-831c-b6782f9f5ad2@group-AF8B3C156ABB, cid=131, FAILED org.apache.ratis.protocol.NotLeaderException: Server 3f36f173-4656-4d5a-831c-b6782f9f5ad2@group-AF8B3C156ABB is not the leader befaacb7-99cd-4d87-819a-d941cb77279d:192.168.151.122:44171, logIndex=0, commits[3f36f173-4656-4d5a-831c-b6782f9f5ad2:c6, f1d6cbd0-cc55-4a8c-aff9-0f6c18a578e9:c4, befaacb7-99cd-4d87-819a-d941cb77279d:c6]
2019-09-18 17:31:45,848 [java.util.concurrent.ThreadPoolExecutor$Worker@326853c1[State = -1, empty queue]] WARN  server.GrpcLogAppender (GrpcLogAppender.java:timeoutAppendRequest(200)) - befaacb7-99cd-4d87-819a-d941cb77279d@group-AF8B3C156ABB->f1d6cbd0-cc55-4a8c-aff9-0f6c18a578e9-GrpcLogAppender: appendEntries Timeout, request=befaacb7-99cd-4d87-819a-d941cb77279d->f1d6cbd0-cc55-4a8c-aff9-0f6c18a578e9#64-t1, previous=(t:1, i:12), leaderCommit=6, initializing? false, entries: <empty>
2019-09-18 17:31:45,848 [java.util.concurrent.ThreadPoolExecutor$Worker@56ebe215[State = -1, empty queue]] WARN  server.GrpcLogAppender (GrpcLogAppender.java:timeoutAppendRequest(200)) - befaacb7-99cd-4d87-819a-d941cb77279d@group-AF8B3C156ABB->3f36f173-4656-4d5a-831c-b6782f9f5ad2-GrpcLogAppender: appendEntries Timeout, request=befaacb7-99cd-4d87-819a-d941cb77279d->3f36f173-4656-4d5a-831c-b6782f9f5ad2#64-t1, previous=(t:1, i:12), leaderCommit=6, initializing? false, entries: <empty>
2019-09-18 17:31:47,828 [befaacb7-99cd-4d87-819a-d941cb77279d@group-AF8B3C156ABB-SegmentedRaftLogWorker] WARN  segmented.SegmentedRaftLogWorker (SegmentedRaftLogWorker.java:getFromFuture(90)) - Timeout 11/~
org.apache.ratis.protocol.TimeoutIOException: Timeout 10s: WriteLog:7: (t:1, i:7), STATEMACHINELOGENTRY, client-A5AEF000217A, cid=131-writeStateMachineData
	at org.apache.ratis.util.IOUtils.getFromFuture(IOUtils.java:87)
	at org.apache.ratis.server.raftlog.segmented.SegmentedRaftLogWorker$StateMachineDataPolicy.getFromFuture(SegmentedRaftLogWorker.java:87)
	at org.apache.ratis.server.raftlog.segmented.SegmentedRaftLogWorker$WriteLog.execute(SegmentedRaftLogWorker.java:477)
	at org.apache.ratis.server.raftlog.segmented.SegmentedRaftLogWorker.run(SegmentedRaftLogWorker.java:289)
	at java.lang.Thread.run(Thread.java:748)
Caused by: java.util.concurrent.TimeoutException
	at java.util.concurrent.CompletableFuture.timedGet(CompletableFuture.java:1771)
	at java.util.concurrent.CompletableFuture.get(CompletableFuture.java:1915)
	at org.apache.ratis.util.IOUtils.getFromFuture(IOUtils.java:79)
	... 4 more
2019-09-18 17:31:47,842 [3f36f173-4656-4d5a-831c-b6782f9f5ad2@group-AF8B3C156ABB-SegmentedRaftLogWorker] WARN  segmented.SegmentedRaftLogWorker (SegmentedRaftLogWorker.java:getFromFuture(90)) - Timeout 11/~
org.apache.ratis.protocol.TimeoutIOException: Timeout 10s: WriteLog:7: (t:1, i:7), STATEMACHINELOGENTRY, client-A5AEF000217A, cid=131-writeStateMachineData
	at org.apache.ratis.util.IOUtils.getFromFuture(IOUtils.java:87)
	at org.apache.ratis.server.raftlog.segmented.SegmentedRaftLogWorker$StateMachineDataPolicy.getFromFuture(SegmentedRaftLogWorker.java:87)
	at org.apache.ratis.server.raftlog.segmented.SegmentedRaftLogWorker$WriteLog.execute(SegmentedRaftLogWorker.java:477)
	at org.apache.ratis.server.raftlog.segmented.SegmentedRaftLogWorker.run(SegmentedRaftLogWorker.java:289)
	at java.lang.Thread.run(Thread.java:748)
Caused by: java.util.concurrent.TimeoutException
	at java.util.concurrent.CompletableFuture.timedGet(CompletableFuture.java:1771)
	at java.util.concurrent.CompletableFuture.get(CompletableFuture.java:1915)
	at org.apache.ratis.util.IOUtils.getFromFuture(IOUtils.java:79)
	... 4 more
2019-09-18 17:31:47,843 [f1d6cbd0-cc55-4a8c-aff9-0f6c18a578e9@group-AF8B3C156ABB-SegmentedRaftLogWorker] WARN  segmented.SegmentedRaftLogWorker (SegmentedRaftLogWorker.java:getFromFuture(90)) - Timeout 11/~
org.apache.ratis.protocol.TimeoutIOException: Timeout 10s: WriteLog:7: (t:1, i:7), STATEMACHINELOGENTRY, client-A5AEF000217A, cid=131-writeStateMachineData
	at org.apache.ratis.util.IOUtils.getFromFuture(IOUtils.java:87)
	at org.apache.ratis.server.raftlog.segmented.SegmentedRaftLogWorker$StateMachineDataPolicy.getFromFuture(SegmentedRaftLogWorker.java:87)
	at org.apache.ratis.server.raftlog.segmented.SegmentedRaftLogWorker$WriteLog.execute(SegmentedRaftLogWorker.java:477)
	at org.apache.ratis.server.raftlog.segmented.SegmentedRaftLogWorker.run(SegmentedRaftLogWorker.java:289)
	at java.lang.Thread.run(Thread.java:748)
Caused by: java.util.concurrent.TimeoutException
	at java.util.concurrent.CompletableFuture.timedGet(CompletableFuture.java:1771)
	at java.util.concurrent.CompletableFuture.get(CompletableFuture.java:1915)
	at org.apache.ratis.util.IOUtils.getFromFuture(IOUtils.java:79)
	... 4 more
2019-09-18 17:31:47,850 [org.apache.ratis.server.impl.LogAppender$AppenderDaemon$$Lambda$488/1062446665@5ec62807] ERROR ratis.XceiverServerRatis (XceiverServerRatis.java:triggerPipelineClose(575)) - pipeline Action CLOSE  on pipeline PipelineID=ce0eb6e5-c999-4fde-aaf1-af8b3c156abb.Reason : befaacb7-99cd-4d87-819a-d941cb77279d has not seen follower/s f1d6cbd0-cc55-4a8c-aff9-0f6c18a578e9 for 120096ms 3f36f173-4656-4d5a-831c-b6782f9f5ad2 for 120097ms
2019-09-18 17:31:47,850 [org.apache.ratis.server.impl.LogAppender$AppenderDaemon$$Lambda$488/1062446665@29fe7a32] ERROR ratis.XceiverServerRatis (XceiverServerRatis.java:triggerPipelineClose(575)) - pipeline Action CLOSE  on pipeline PipelineID=ce0eb6e5-c999-4fde-aaf1-af8b3c156abb.Reason : befaacb7-99cd-4d87-819a-d941cb77279d has not seen follower/s f1d6cbd0-cc55-4a8c-aff9-0f6c18a578e9 for 120096ms 3f36f173-4656-4d5a-831c-b6782f9f5ad2 for 120097ms
2019-09-18 17:31:47,929 [EventQueue-PipelineActionsForPipelineActionHandler] ERROR pipeline.PipelineActionHandler (PipelineActionHandler.java:onMessage(60)) - Received pipeline action CLOSE for Pipeline[ Id: ce0eb6e5-c999-4fde-aaf1-af8b3c156abb, Nodes: 3f36f173-4656-4d5a-831c-b6782f9f5ad2{ip: 192.168.151.122, host: pr-hdds-2121-ltkqc-3926781246, networkLocation: /default-rack, certSerialId: null}f1d6cbd0-cc55-4a8c-aff9-0f6c18a578e9{ip: 192.168.151.122, host: pr-hdds-2121-ltkqc-3926781246, networkLocation: /default-rack, certSerialId: null}befaacb7-99cd-4d87-819a-d941cb77279d{ip: 192.168.151.122, host: pr-hdds-2121-ltkqc-3926781246, networkLocation: /default-rack, certSerialId: null}, Type:RATIS, Factor:THREE, State:OPEN] from datanode befaacb7-99cd-4d87-819a-d941cb77279d{ip: 192.168.151.122, host: pr-hdds-2121-ltkqc-3926781246, networkLocation: /default-rack, certSerialId: null}. Reason : befaacb7-99cd-4d87-819a-d941cb77279d has not seen follower/s f1d6cbd0-cc55-4a8c-aff9-0f6c18a578e9 for 120096ms 3f36f173-4656-4d5a-831c-b6782f9f5ad2 for 120097ms
2019-09-18 17:31:47,929 [EventQueue-PipelineActionsForPipelineActionHandler] INFO  pipeline.SCMPipelineManager (SCMPipelineManager.java:finalizeAndDestroyPipeline(311)) - destroying pipeline:Pipeline[ Id: ce0eb6e5-c999-4fde-aaf1-af8b3c156abb, Nodes: 3f36f173-4656-4d5a-831c-b6782f9f5ad2{ip: 192.168.151.122, host: pr-hdds-2121-ltkqc-3926781246, networkLocation: /default-rack, certSerialId: null}f1d6cbd0-cc55-4a8c-aff9-0f6c18a578e9{ip: 192.168.151.122, host: pr-hdds-2121-ltkqc-3926781246, networkLocation: /default-rack, certSerialId: null}befaacb7-99cd-4d87-819a-d941cb77279d{ip: 192.168.151.122, host: pr-hdds-2121-ltkqc-3926781246, networkLocation: /default-rack, certSerialId: null}, Type:RATIS, Factor:THREE, State:OPEN]
2019-09-18 17:31:47,930 [EventQueue-PipelineActionsForPipelineActionHandler] INFO  pipeline.PipelineStateManager (PipelineStateManager.java:finalizePipeline(123)) - Pipeline Pipeline[ Id: ce0eb6e5-c999-4fde-aaf1-af8b3c156abb, Nodes: 3f36f173-4656-4d5a-831c-b6782f9f5ad2{ip: 192.168.151.122, host: pr-hdds-2121-ltkqc-3926781246, networkLocation: /default-rack, certSerialId: null}f1d6cbd0-cc55-4a8c-aff9-0f6c18a578e9{ip: 192.168.151.122, host: pr-hdds-2121-ltkqc-3926781246, networkLocation: /default-rack, certSerialId: null}befaacb7-99cd-4d87-819a-d941cb77279d{ip: 192.168.151.122, host: pr-hdds-2121-ltkqc-3926781246, networkLocation: /default-rack, certSerialId: null}, Type:RATIS, Factor:THREE, State:CLOSED] moved to CLOSED state
2019-09-18 17:31:47,930 [EventQueue-CloseContainerForCloseContainerEventHandler] INFO  container.CloseContainerEventHandler (CloseContainerEventHandler.java:onMessage(61)) - Close container Event triggered for container : #5
2019-09-18 17:31:47,931 [EventQueue-CloseContainerForCloseContainerEventHandler] INFO  container.CloseContainerEventHandler (CloseContainerEventHandler.java:onMessage(61)) - Close container Event triggered for container : #6
2019-09-18 17:31:48,349 [java.util.concurrent.ThreadPoolExecutor$Worker@326853c1[State = -1, empty queue]] WARN  server.GrpcLogAppender (GrpcLogAppender.java:timeoutAppendRequest(200)) - befaacb7-99cd-4d87-819a-d941cb77279d@group-AF8B3C156ABB->f1d6cbd0-cc55-4a8c-aff9-0f6c18a578e9-GrpcLogAppender: appendEntries Timeout, request=befaacb7-99cd-4d87-819a-d941cb77279d->f1d6cbd0-cc55-4a8c-aff9-0f6c18a578e9#65-t1, previous=(t:1, i:12), leaderCommit=6, initializing? false, entries: <empty>
2019-09-18 17:31:48,349 [java.util.concurrent.ThreadPoolExecutor$Worker@56ebe215[State = -1, empty queue]] WARN  server.GrpcLogAppender (GrpcLogAppender.java:timeoutAppendRequest(200)) - befaacb7-99cd-4d87-819a-d941cb77279d@group-AF8B3C156ABB->3f36f173-4656-4d5a-831c-b6782f9f5ad2-GrpcLogAppender: appendEntries Timeout, request=befaacb7-99cd-4d87-819a-d941cb77279d->3f36f173-4656-4d5a-831c-b6782f9f5ad2#65-t1, previous=(t:1, i:12), leaderCommit=6, initializing? false, entries: <empty>
2019-09-18 17:31:48,815 [grpc-default-executor-9] INFO  client.GrpcClientProtocolClient (GrpcClientProtocolClient.java:onNext(264)) - client-A5AEF000217A->f1d6cbd0-cc55-4a8c-aff9-0f6c18a578e9: receive RaftClientReply:client-A5AEF000217A->f1d6cbd0-cc55-4a8c-aff9-0f6c18a578e9@group-AF8B3C156ABB, cid=131, FAILED org.apache.ratis.protocol.NotLeaderException: Server f1d6cbd0-cc55-4a8c-aff9-0f6c18a578e9@group-AF8B3C156ABB is not the leader befaacb7-99cd-4d87-819a-d941cb77279d:192.168.151.122:44171, logIndex=0, commits[f1d6cbd0-cc55-4a8c-aff9-0f6c18a578e9:c6, befaacb7-99cd-4d87-819a-d941cb77279d:c6, 3f36f173-4656-4d5a-831c-b6782f9f5ad2:c4]
2019-09-18 17:31:49,939 [org.apache.ratis.server.impl.LogAppender$AppenderDaemon$$Lambda$488/1062446665@5ec62807] ERROR ratis.XceiverServerRatis (XceiverServerRatis.java:triggerPipelineClose(575)) - pipeline Action CLOSE  on pipeline PipelineID=ce0eb6e5-c999-4fde-aaf1-af8b3c156abb.Reason : befaacb7-99cd-4d87-819a-d941cb77279d has not seen follower/s f1d6cbd0-cc55-4a8c-aff9-0f6c18a578e9 for 122186ms 3f36f173-4656-4d5a-831c-b6782f9f5ad2 for 122186ms
2019-09-18 17:31:49,939 [org.apache.ratis.server.impl.LogAppender$AppenderDaemon$$Lambda$488/1062446665@29fe7a32] ERROR ratis.XceiverServerRatis (XceiverServerRatis.java:triggerPipelineClose(575)) - pipeline Action CLOSE  on pipeline PipelineID=ce0eb6e5-c999-4fde-aaf1-af8b3c156abb.Reason : befaacb7-99cd-4d87-819a-d941cb77279d has not seen follower/s f1d6cbd0-cc55-4a8c-aff9-0f6c18a578e9 for 122186ms 3f36f173-4656-4d5a-831c-b6782f9f5ad2 for 122186ms
2019-09-18 17:31:50,850 [java.util.concurrent.ThreadPoolExecutor$Worker@326853c1[State = -1, empty queue]] WARN  server.GrpcLogAppender (GrpcLogAppender.java:timeoutAppendRequest(200)) - befaacb7-99cd-4d87-819a-d941cb77279d@group-AF8B3C156ABB->f1d6cbd0-cc55-4a8c-aff9-0f6c18a578e9-GrpcLogAppender: appendEntries Timeout, request=befaacb7-99cd-4d87-819a-d941cb77279d->f1d6cbd0-cc55-4a8c-aff9-0f6c18a578e9#66-t1, previous=(t:1, i:12), leaderCommit=6, initializing? false, entries: <empty>
2019-09-18 17:31:50,850 [java.util.concurrent.ThreadPoolExecutor$Worker@56ebe215[State = -1, empty queue]] WARN  server.GrpcLogAppender (GrpcLogAppender.java:timeoutAppendRequest(200)) - befaacb7-99cd-4d87-819a-d941cb77279d@group-AF8B3C156ABB->3f36f173-4656-4d5a-831c-b6782f9f5ad2-GrpcLogAppender: appendEntries Timeout, request=befaacb7-99cd-4d87-819a-d941cb77279d->3f36f173-4656-4d5a-831c-b6782f9f5ad2#66-t1, previous=(t:1, i:12), leaderCommit=6, initializing? false, entries: <empty>
2019-09-18 17:31:50,939 [EventQueue-PipelineActionsForPipelineActionHandler] ERROR pipeline.PipelineActionHandler (PipelineActionHandler.java:onMessage(60)) - Received pipeline action CLOSE for Pipeline[ Id: ce0eb6e5-c999-4fde-aaf1-af8b3c156abb, Nodes: 3f36f173-4656-4d5a-831c-b6782f9f5ad2{ip: 192.168.151.122, host: pr-hdds-2121-ltkqc-3926781246, networkLocation: /default-rack, certSerialId: null}f1d6cbd0-cc55-4a8c-aff9-0f6c18a578e9{ip: 192.168.151.122, host: pr-hdds-2121-ltkqc-3926781246, networkLocation: /default-rack, certSerialId: null}befaacb7-99cd-4d87-819a-d941cb77279d{ip: 192.168.151.122, host: pr-hdds-2121-ltkqc-3926781246, networkLocation: /default-rack, certSerialId: null}, Type:RATIS, Factor:THREE, State:CLOSED] from datanode befaacb7-99cd-4d87-819a-d941cb77279d{ip: 192.168.151.122, host: pr-hdds-2121-ltkqc-3926781246, networkLocation: /default-rack, certSerialId: null}. Reason : befaacb7-99cd-4d87-819a-d941cb77279d has not seen follower/s f1d6cbd0-cc55-4a8c-aff9-0f6c18a578e9 for 122186ms 3f36f173-4656-4d5a-831c-b6782f9f5ad2 for 122186ms
2019-09-18 17:31:50,939 [EventQueue-PipelineActionsForPipelineActionHandler] INFO  pipeline.SCMPipelineManager (SCMPipelineManager.java:finalizeAndDestroyPipeline(311)) - destroying pipeline:Pipeline[ Id: ce0eb6e5-c999-4fde-aaf1-af8b3c156abb, Nodes: 3f36f173-4656-4d5a-831c-b6782f9f5ad2{ip: 192.168.151.122, host: pr-hdds-2121-ltkqc-3926781246, networkLocation: /default-rack, certSerialId: null}f1d6cbd0-cc55-4a8c-aff9-0f6c18a578e9{ip: 192.168.151.122, host: pr-hdds-2121-ltkqc-3926781246, networkLocation: /default-rack, certSerialId: null}befaacb7-99cd-4d87-819a-d941cb77279d{ip: 192.168.151.122, host: pr-hdds-2121-ltkqc-3926781246, networkLocation: /default-rack, certSerialId: null}, Type:RATIS, Factor:THREE, State:CLOSED]
2019-09-18 17:31:52,443 [org.apache.ratis.server.impl.LogAppender$AppenderDaemon$$Lambda$488/1062446665@5ec62807] ERROR ratis.XceiverServerRatis (XceiverServerRatis.java:triggerPipelineClose(575)) - pipeline Action CLOSE  on pipeline PipelineID=ce0eb6e5-c999-4fde-aaf1-af8b3c156abb.Reason : befaacb7-99cd-4d87-819a-d941cb77279d has not seen follower/s f1d6cbd0-cc55-4a8c-aff9-0f6c18a578e9 for 124689ms 3f36f173-4656-4d5a-831c-b6782f9f5ad2 for 124689ms
2019-09-18 17:31:52,443 [org.apache.ratis.server.impl.LogAppender$AppenderDaemon$$Lambda$488/1062446665@29fe7a32] ERROR ratis.XceiverServerRatis (XceiverServerRatis.java:triggerPipelineClose(575)) - pipeline Action CLOSE  on pipeline PipelineID=ce0eb6e5-c999-4fde-aaf1-af8b3c156abb.Reason : befaacb7-99cd-4d87-819a-d941cb77279d has not seen follower/s f1d6cbd0-cc55-4a8c-aff9-0f6c18a578e9 for 124689ms 3f36f173-4656-4d5a-831c-b6782f9f5ad2 for 124689ms
2019-09-18 17:31:52,939 [java.util.concurrent.ThreadPoolExecutor$Worker@326853c1[State = -1, empty queue]] WARN  server.GrpcLogAppender (GrpcLogAppender.java:timeoutAppendRequest(200)) - befaacb7-99cd-4d87-819a-d941cb77279d@group-AF8B3C156ABB->f1d6cbd0-cc55-4a8c-aff9-0f6c18a578e9-GrpcLogAppender: appendEntries Timeout, request=befaacb7-99cd-4d87-819a-d941cb77279d->f1d6cbd0-cc55-4a8c-aff9-0f6c18a578e9#67-t1, previous=(t:1, i:12), leaderCommit=6, initializing? false, entries: size=1, first=(t:1, i:13), STATEMACHINELOGENTRY, client-DD2B4D584F7B, cid=12
2019-09-18 17:31:52,939 [java.util.concurrent.ThreadPoolExecutor$Worker@56ebe215[State = -1, empty queue]] WARN  server.GrpcLogAppender (GrpcLogAppender.java:timeoutAppendRequest(200)) - befaacb7-99cd-4d87-819a-d941cb77279d@group-AF8B3C156ABB->3f36f173-4656-4d5a-831c-b6782f9f5ad2-GrpcLogAppender: appendEntries Timeout, request=befaacb7-99cd-4d87-819a-d941cb77279d->3f36f173-4656-4d5a-831c-b6782f9f5ad2#67-t1, previous=(t:1, i:12), leaderCommit=6, initializing? false, entries: size=1, first=(t:1, i:13), STATEMACHINELOGENTRY, client-DD2B4D584F7B, cid=12
2019-09-18 17:31:52,940 [EventQueue-PipelineActionsForPipelineActionHandler] ERROR pipeline.PipelineActionHandler (PipelineActionHandler.java:onMessage(60)) - Received pipeline action CLOSE for Pipeline[ Id: ce0eb6e5-c999-4fde-aaf1-af8b3c156abb, Nodes: 3f36f173-4656-4d5a-831c-b6782f9f5ad2{ip: 192.168.151.122, host: pr-hdds-2121-ltkqc-3926781246, networkLocation: /default-rack, certSerialId: null}f1d6cbd0-cc55-4a8c-aff9-0f6c18a578e9{ip: 192.168.151.122, host: pr-hdds-2121-ltkqc-3926781246, networkLocation: /default-rack, certSerialId: null}befaacb7-99cd-4d87-819a-d941cb77279d{ip: 192.168.151.122, host: pr-hdds-2121-ltkqc-3926781246, networkLocation: /default-rack, certSerialId: null}, Type:RATIS, Factor:THREE, State:CLOSED] from datanode befaacb7-99cd-4d87-819a-d941cb77279d{ip: 192.168.151.122, host: pr-hdds-2121-ltkqc-3926781246, networkLocation: /default-rack, certSerialId: null}. Reason : befaacb7-99cd-4d87-819a-d941cb77279d has not seen follower/s f1d6cbd0-cc55-4a8c-aff9-0f6c18a578e9 for 124689ms 3f36f173-4656-4d5a-831c-b6782f9f5ad2 for 124689ms
2019-09-18 17:31:52,941 [EventQueue-PipelineActionsForPipelineActionHandler] INFO  pipeline.SCMPipelineManager (SCMPipelineManager.java:finalizeAndDestroyPipeline(311)) - destroying pipeline:Pipeline[ Id: ce0eb6e5-c999-4fde-aaf1-af8b3c156abb, Nodes: 3f36f173-4656-4d5a-831c-b6782f9f5ad2{ip: 192.168.151.122, host: pr-hdds-2121-ltkqc-3926781246, networkLocation: /default-rack, certSerialId: null}f1d6cbd0-cc55-4a8c-aff9-0f6c18a578e9{ip: 192.168.151.122, host: pr-hdds-2121-ltkqc-3926781246, networkLocation: /default-rack, certSerialId: null}befaacb7-99cd-4d87-819a-d941cb77279d{ip: 192.168.151.122, host: pr-hdds-2121-ltkqc-3926781246, networkLocation: /default-rack, certSerialId: null}, Type:RATIS, Factor:THREE, State:CLOSED]
2019-09-18 17:31:53,858 [grpc-default-executor-9] INFO  client.GrpcClientProtocolClient (GrpcClientProtocolClient.java:onNext(264)) - client-A5AEF000217A->f1d6cbd0-cc55-4a8c-aff9-0f6c18a578e9: receive RaftClientReply:client-A5AEF000217A->f1d6cbd0-cc55-4a8c-aff9-0f6c18a578e9@group-AF8B3C156ABB, cid=131, FAILED org.apache.ratis.protocol.NotLeaderException: Server f1d6cbd0-cc55-4a8c-aff9-0f6c18a578e9@group-AF8B3C156ABB is not the leader befaacb7-99cd-4d87-819a-d941cb77279d:192.168.151.122:44171, logIndex=0, commits[f1d6cbd0-cc55-4a8c-aff9-0f6c18a578e9:c6, befaacb7-99cd-4d87-819a-d941cb77279d:c6, 3f36f173-4656-4d5a-831c-b6782f9f5ad2:c4]
2019-09-18 17:31:54,943 [org.apache.ratis.server.impl.LogAppender$AppenderDaemon$$Lambda$488/1062446665@5ec62807] ERROR ratis.XceiverServerRatis (XceiverServerRatis.java:triggerPipelineClose(575)) - pipeline Action CLOSE  on pipeline PipelineID=ce0eb6e5-c999-4fde-aaf1-af8b3c156abb.Reason : befaacb7-99cd-4d87-819a-d941cb77279d has not seen follower/s f1d6cbd0-cc55-4a8c-aff9-0f6c18a578e9 for 127189ms 3f36f173-4656-4d5a-831c-b6782f9f5ad2 for 127189ms
2019-09-18 17:31:54,943 [org.apache.ratis.server.impl.LogAppender$AppenderDaemon$$Lambda$488/1062446665@29fe7a32] ERROR ratis.XceiverServerRatis (XceiverServerRatis.java:triggerPipelineClose(575)) - pipeline Action CLOSE  on pipeline PipelineID=ce0eb6e5-c999-4fde-aaf1-af8b3c156abb.Reason : befaacb7-99cd-4d87-819a-d941cb77279d has not seen follower/s f1d6cbd0-cc55-4a8c-aff9-0f6c18a578e9 for 127189ms 3f36f173-4656-4d5a-831c-b6782f9f5ad2 for 127190ms
2019-09-18 17:31:55,442 [java.util.concurrent.ThreadPoolExecutor$Worker@326853c1[State = -1, empty queue]] WARN  server.GrpcLogAppender (GrpcLogAppender.java:timeoutAppendRequest(200)) - befaacb7-99cd-4d87-819a-d941cb77279d@group-AF8B3C156ABB->f1d6cbd0-cc55-4a8c-aff9-0f6c18a578e9-GrpcLogAppender: appendEntries Timeout, request=befaacb7-99cd-4d87-819a-d941cb77279d->f1d6cbd0-cc55-4a8c-aff9-0f6c18a578e9#68-t1, previous=(t:1, i:13), leaderCommit=6, initializing? false, entries: <empty>
2019-09-18 17:31:55,442 [java.util.concurrent.ThreadPoolExecutor$Worker@56ebe215[State = -1, empty queue]] WARN  server.GrpcLogAppender (GrpcLogAppender.java:timeoutAppendRequest(200)) - befaacb7-99cd-4d87-819a-d941cb77279d@group-AF8B3C156ABB->3f36f173-4656-4d5a-831c-b6782f9f5ad2-GrpcLogAppender: appendEntries Timeout, request=befaacb7-99cd-4d87-819a-d941cb77279d->3f36f173-4656-4d5a-831c-b6782f9f5ad2#68-t1, previous=(t:1, i:13), leaderCommit=6, initializing? false, entries: <empty>
2019-09-18 17:31:55,940 [EventQueue-PipelineActionsForPipelineActionHandler] ERROR pipeline.PipelineActionHandler (PipelineActionHandler.java:onMessage(60)) - Received pipeline action CLOSE for Pipeline[ Id: ce0eb6e5-c999-4fde-aaf1-af8b3c156abb, Nodes: 3f36f173-4656-4d5a-831c-b6782f9f5ad2{ip: 192.168.151.122, host: pr-hdds-2121-ltkqc-3926781246, networkLocation: /default-rack, certSerialId: null}f1d6cbd0-cc55-4a8c-aff9-0f6c18a578e9{ip: 192.168.151.122, host: pr-hdds-2121-ltkqc-3926781246, networkLocation: /default-rack, certSerialId: null}befaacb7-99cd-4d87-819a-d941cb77279d{ip: 192.168.151.122, host: pr-hdds-2121-ltkqc-3926781246, networkLocation: /default-rack, certSerialId: null}, Type:RATIS, Factor:THREE, State:CLOSED] from datanode befaacb7-99cd-4d87-819a-d941cb77279d{ip: 192.168.151.122, host: pr-hdds-2121-ltkqc-3926781246, networkLocation: /default-rack, certSerialId: null}. Reason : befaacb7-99cd-4d87-819a-d941cb77279d has not seen follower/s f1d6cbd0-cc55-4a8c-aff9-0f6c18a578e9 for 127189ms 3f36f173-4656-4d5a-831c-b6782f9f5ad2 for 127189ms
2019-09-18 17:31:55,941 [EventQueue-PipelineActionsForPipelineActionHandler] INFO  pipeline.SCMPipelineManager (SCMPipelineManager.java:finalizeAndDestroyPipeline(311)) - destroying pipeline:Pipeline[ Id: ce0eb6e5-c999-4fde-aaf1-af8b3c156abb, Nodes: 3f36f173-4656-4d5a-831c-b6782f9f5ad2{ip: 192.168.151.122, host: pr-hdds-2121-ltkqc-3926781246, networkLocation: /default-rack, certSerialId: null}f1d6cbd0-cc55-4a8c-aff9-0f6c18a578e9{ip: 192.168.151.122, host: pr-hdds-2121-ltkqc-3926781246, networkLocation: /default-rack, certSerialId: null}befaacb7-99cd-4d87-819a-d941cb77279d{ip: 192.168.151.122, host: pr-hdds-2121-ltkqc-3926781246, networkLocation: /default-rack, certSerialId: null}, Type:RATIS, Factor:THREE, State:CLOSED]
2019-09-18 17:31:57,443 [org.apache.ratis.server.impl.LogAppender$AppenderDaemon$$Lambda$488/1062446665@29fe7a32] ERROR ratis.XceiverServerRatis (XceiverServerRatis.java:triggerPipelineClose(575)) - pipeline Action CLOSE  on pipeline PipelineID=ce0eb6e5-c999-4fde-aaf1-af8b3c156abb.Reason : befaacb7-99cd-4d87-819a-d941cb77279d has not seen follower/s f1d6cbd0-cc55-4a8c-aff9-0f6c18a578e9 for 129690ms 3f36f173-4656-4d5a-831c-b6782f9f5ad2 for 129690ms
2019-09-18 17:31:57,443 [org.apache.ratis.server.impl.LogAppender$AppenderDaemon$$Lambda$488/1062446665@5ec62807] ERROR ratis.XceiverServerRatis (XceiverServerRatis.java:triggerPipelineClose(575)) - pipeline Action CLOSE  on pipeline PipelineID=ce0eb6e5-c999-4fde-aaf1-af8b3c156abb.Reason : befaacb7-99cd-4d87-819a-d941cb77279d has not seen follower/s f1d6cbd0-cc55-4a8c-aff9-0f6c18a578e9 for 129690ms 3f36f173-4656-4d5a-831c-b6782f9f5ad2 for 129690ms
2019-09-18 17:31:57,829 [befaacb7-99cd-4d87-819a-d941cb77279d@group-AF8B3C156ABB-SegmentedRaftLogWorker] WARN  segmented.SegmentedRaftLogWorker (SegmentedRaftLogWorker.java:getFromFuture(90)) - Timeout 12/~
org.apache.ratis.protocol.TimeoutIOException: Timeout 10s: WriteLog:7: (t:1, i:7), STATEMACHINELOGENTRY, client-A5AEF000217A, cid=131-writeStateMachineData
	at org.apache.ratis.util.IOUtils.getFromFuture(IOUtils.java:87)
	at org.apache.ratis.server.raftlog.segmented.SegmentedRaftLogWorker$StateMachineDataPolicy.getFromFuture(SegmentedRaftLogWorker.java:87)
	at org.apache.ratis.server.raftlog.segmented.SegmentedRaftLogWorker$WriteLog.execute(SegmentedRaftLogWorker.java:477)
	at org.apache.ratis.server.raftlog.segmented.SegmentedRaftLogWorker.run(SegmentedRaftLogWorker.java:289)
	at java.lang.Thread.run(Thread.java:748)
Caused by: java.util.concurrent.TimeoutException
	at java.util.concurrent.CompletableFuture.timedGet(CompletableFuture.java:1771)
	at java.util.concurrent.CompletableFuture.get(CompletableFuture.java:1915)
	at org.apache.ratis.util.IOUtils.getFromFuture(IOUtils.java:79)
	... 4 more
2019-09-18 17:31:57,843 [3f36f173-4656-4d5a-831c-b6782f9f5ad2@group-AF8B3C156ABB-SegmentedRaftLogWorker] WARN  segmented.SegmentedRaftLogWorker (SegmentedRaftLogWorker.java:getFromFuture(90)) - Timeout 12/~
org.apache.ratis.protocol.TimeoutIOException: Timeout 10s: WriteLog:7: (t:1, i:7), STATEMACHINELOGENTRY, client-A5AEF000217A, cid=131-writeStateMachineData
	at org.apache.ratis.util.IOUtils.getFromFuture(IOUtils.java:87)
	at org.apache.ratis.server.raftlog.segmented.SegmentedRaftLogWorker$StateMachineDataPolicy.getFromFuture(SegmentedRaftLogWorker.java:87)
	at org.apache.ratis.server.raftlog.segmented.SegmentedRaftLogWorker$WriteLog.execute(SegmentedRaftLogWorker.java:477)
	at org.apache.ratis.server.raftlog.segmented.SegmentedRaftLogWorker.run(SegmentedRaftLogWorker.java:289)
	at java.lang.Thread.run(Thread.java:748)
Caused by: java.util.concurrent.TimeoutException
	at java.util.concurrent.CompletableFuture.timedGet(CompletableFuture.java:1771)
	at java.util.concurrent.CompletableFuture.get(CompletableFuture.java:1915)
	at org.apache.ratis.util.IOUtils.getFromFuture(IOUtils.java:79)
	... 4 more
2019-09-18 17:31:57,844 [f1d6cbd0-cc55-4a8c-aff9-0f6c18a578e9@group-AF8B3C156ABB-SegmentedRaftLogWorker] WARN  segmented.SegmentedRaftLogWorker (SegmentedRaftLogWorker.java:getFromFuture(90)) - Timeout 12/~
org.apache.ratis.protocol.TimeoutIOException: Timeout 10s: WriteLog:7: (t:1, i:7), STATEMACHINELOGENTRY, client-A5AEF000217A, cid=131-writeStateMachineData
	at org.apache.ratis.util.IOUtils.getFromFuture(IOUtils.java:87)
	at org.apache.ratis.server.raftlog.segmented.SegmentedRaftLogWorker$StateMachineDataPolicy.getFromFuture(SegmentedRaftLogWorker.java:87)
	at org.apache.ratis.server.raftlog.segmented.SegmentedRaftLogWorker$WriteLog.execute(SegmentedRaftLogWorker.java:477)
	at org.apache.ratis.server.raftlog.segmented.SegmentedRaftLogWorker.run(SegmentedRaftLogWorker.java:289)
	at java.lang.Thread.run(Thread.java:748)
Caused by: java.util.concurrent.TimeoutException
	at java.util.concurrent.CompletableFuture.timedGet(CompletableFuture.java:1771)
	at java.util.concurrent.CompletableFuture.get(CompletableFuture.java:1915)
	at org.apache.ratis.util.IOUtils.getFromFuture(IOUtils.java:79)
	... 4 more
2019-09-18 17:31:57,940 [EventQueue-PipelineActionsForPipelineActionHandler] ERROR pipeline.PipelineActionHandler (PipelineActionHandler.java:onMessage(60)) - Received pipeline action CLOSE for Pipeline[ Id: ce0eb6e5-c999-4fde-aaf1-af8b3c156abb, Nodes: 3f36f173-4656-4d5a-831c-b6782f9f5ad2{ip: 192.168.151.122, host: pr-hdds-2121-ltkqc-3926781246, networkLocation: /default-rack, certSerialId: null}f1d6cbd0-cc55-4a8c-aff9-0f6c18a578e9{ip: 192.168.151.122, host: pr-hdds-2121-ltkqc-3926781246, networkLocation: /default-rack, certSerialId: null}befaacb7-99cd-4d87-819a-d941cb77279d{ip: 192.168.151.122, host: pr-hdds-2121-ltkqc-3926781246, networkLocation: /default-rack, certSerialId: null}, Type:RATIS, Factor:THREE, State:CLOSED] from datanode befaacb7-99cd-4d87-819a-d941cb77279d{ip: 192.168.151.122, host: pr-hdds-2121-ltkqc-3926781246, networkLocation: /default-rack, certSerialId: null}. Reason : befaacb7-99cd-4d87-819a-d941cb77279d has not seen follower/s f1d6cbd0-cc55-4a8c-aff9-0f6c18a578e9 for 129690ms 3f36f173-4656-4d5a-831c-b6782f9f5ad2 for 129690ms
2019-09-18 17:31:57,940 [EventQueue-PipelineActionsForPipelineActionHandler] INFO  pipeline.SCMPipelineManager (SCMPipelineManager.java:finalizeAndDestroyPipeline(311)) - destroying pipeline:Pipeline[ Id: ce0eb6e5-c999-4fde-aaf1-af8b3c156abb, Nodes: 3f36f173-4656-4d5a-831c-b6782f9f5ad2{ip: 192.168.151.122, host: pr-hdds-2121-ltkqc-3926781246, networkLocation: /default-rack, certSerialId: null}f1d6cbd0-cc55-4a8c-aff9-0f6c18a578e9{ip: 192.168.151.122, host: pr-hdds-2121-ltkqc-3926781246, networkLocation: /default-rack, certSerialId: null}befaacb7-99cd-4d87-819a-d941cb77279d{ip: 192.168.151.122, host: pr-hdds-2121-ltkqc-3926781246, networkLocation: /default-rack, certSerialId: null}, Type:RATIS, Factor:THREE, State:CLOSED]
2019-09-18 17:31:57,942 [java.util.concurrent.ThreadPoolExecutor$Worker@326853c1[State = -1, empty queue]] WARN  server.GrpcLogAppender (GrpcLogAppender.java:timeoutAppendRequest(200)) - befaacb7-99cd-4d87-819a-d941cb77279d@group-AF8B3C156ABB->f1d6cbd0-cc55-4a8c-aff9-0f6c18a578e9-GrpcLogAppender: appendEntries Timeout, request=befaacb7-99cd-4d87-819a-d941cb77279d->f1d6cbd0-cc55-4a8c-aff9-0f6c18a578e9#69-t1, previous=(t:1, i:13), leaderCommit=6, initializing? false, entries: <empty>
2019-09-18 17:31:57,942 [java.util.concurrent.ThreadPoolExecutor$Worker@56ebe215[State = -1, empty queue]] WARN  server.GrpcLogAppender (GrpcLogAppender.java:timeoutAppendRequest(200)) - befaacb7-99cd-4d87-819a-d941cb77279d@group-AF8B3C156ABB->3f36f173-4656-4d5a-831c-b6782f9f5ad2-GrpcLogAppender: appendEntries Timeout, request=befaacb7-99cd-4d87-819a-d941cb77279d->3f36f173-4656-4d5a-831c-b6782f9f5ad2#69-t1, previous=(t:1, i:13), leaderCommit=6, initializing? false, entries: <empty>
2019-09-18 17:31:58,892 [grpc-default-executor-10] INFO  client.GrpcClientProtocolClient (GrpcClientProtocolClient.java:onNext(264)) - client-A5AEF000217A->f1d6cbd0-cc55-4a8c-aff9-0f6c18a578e9: receive RaftClientReply:client-A5AEF000217A->f1d6cbd0-cc55-4a8c-aff9-0f6c18a578e9@group-AF8B3C156ABB, cid=131, FAILED org.apache.ratis.protocol.NotLeaderException: Server f1d6cbd0-cc55-4a8c-aff9-0f6c18a578e9@group-AF8B3C156ABB is not the leader befaacb7-99cd-4d87-819a-d941cb77279d:192.168.151.122:44171, logIndex=0, commits[f1d6cbd0-cc55-4a8c-aff9-0f6c18a578e9:c6, befaacb7-99cd-4d87-819a-d941cb77279d:c6, 3f36f173-4656-4d5a-831c-b6782f9f5ad2:c4]
2019-09-18 17:31:59,944 [org.apache.ratis.server.impl.LogAppender$AppenderDaemon$$Lambda$488/1062446665@29fe7a32] ERROR ratis.XceiverServerRatis (XceiverServerRatis.java:triggerPipelineClose(575)) - pipeline Action CLOSE  on pipeline PipelineID=ce0eb6e5-c999-4fde-aaf1-af8b3c156abb.Reason : befaacb7-99cd-4d87-819a-d941cb77279d has not seen follower/s f1d6cbd0-cc55-4a8c-aff9-0f6c18a578e9 for 132191ms 3f36f173-4656-4d5a-831c-b6782f9f5ad2 for 132191ms
2019-09-18 17:31:59,944 [org.apache.ratis.server.impl.LogAppender$AppenderDaemon$$Lambda$488/1062446665@5ec62807] ERROR ratis.XceiverServerRatis (XceiverServerRatis.java:triggerPipelineClose(575)) - pipeline Action CLOSE  on pipeline PipelineID=ce0eb6e5-c999-4fde-aaf1-af8b3c156abb.Reason : befaacb7-99cd-4d87-819a-d941cb77279d has not seen follower/s f1d6cbd0-cc55-4a8c-aff9-0f6c18a578e9 for 132191ms 3f36f173-4656-4d5a-831c-b6782f9f5ad2 for 132191ms
2019-09-18 17:32:00,443 [java.util.concurrent.ThreadPoolExecutor$Worker@326853c1[State = -1, empty queue]] WARN  server.GrpcLogAppender (GrpcLogAppender.java:timeoutAppendRequest(200)) - befaacb7-99cd-4d87-819a-d941cb77279d@group-AF8B3C156ABB->f1d6cbd0-cc55-4a8c-aff9-0f6c18a578e9-GrpcLogAppender: appendEntries Timeout, request=befaacb7-99cd-4d87-819a-d941cb77279d->f1d6cbd0-cc55-4a8c-aff9-0f6c18a578e9#70-t1, previous=(t:1, i:13), leaderCommit=6, initializing? false, entries: <empty>
2019-09-18 17:32:00,443 [java.util.concurrent.ThreadPoolExecutor$Worker@56ebe215[State = -1, empty queue]] WARN  server.GrpcLogAppender (GrpcLogAppender.java:timeoutAppendRequest(200)) - befaacb7-99cd-4d87-819a-d941cb77279d@group-AF8B3C156ABB->3f36f173-4656-4d5a-831c-b6782f9f5ad2-GrpcLogAppender: appendEntries Timeout, request=befaacb7-99cd-4d87-819a-d941cb77279d->3f36f173-4656-4d5a-831c-b6782f9f5ad2#70-t1, previous=(t:1, i:13), leaderCommit=6, initializing? false, entries: <empty>
2019-09-18 17:32:00,942 [EventQueue-PipelineActionsForPipelineActionHandler] ERROR pipeline.PipelineActionHandler (PipelineActionHandler.java:onMessage(60)) - Received pipeline action CLOSE for Pipeline[ Id: ce0eb6e5-c999-4fde-aaf1-af8b3c156abb, Nodes: 3f36f173-4656-4d5a-831c-b6782f9f5ad2{ip: 192.168.151.122, host: pr-hdds-2121-ltkqc-3926781246, networkLocation: /default-rack, certSerialId: null}f1d6cbd0-cc55-4a8c-aff9-0f6c18a578e9{ip: 192.168.151.122, host: pr-hdds-2121-ltkqc-3926781246, networkLocation: /default-rack, certSerialId: null}befaacb7-99cd-4d87-819a-d941cb77279d{ip: 192.168.151.122, host: pr-hdds-2121-ltkqc-3926781246, networkLocation: /default-rack, certSerialId: null}, Type:RATIS, Factor:THREE, State:CLOSED] from datanode befaacb7-99cd-4d87-819a-d941cb77279d{ip: 192.168.151.122, host: pr-hdds-2121-ltkqc-3926781246, networkLocation: /default-rack, certSerialId: null}. Reason : befaacb7-99cd-4d87-819a-d941cb77279d has not seen follower/s f1d6cbd0-cc55-4a8c-aff9-0f6c18a578e9 for 132191ms 3f36f173-4656-4d5a-831c-b6782f9f5ad2 for 132191ms
2019-09-18 17:32:00,942 [EventQueue-PipelineActionsForPipelineActionHandler] INFO  pipeline.SCMPipelineManager (SCMPipelineManager.java:finalizeAndDestroyPipeline(311)) - destroying pipeline:Pipeline[ Id: ce0eb6e5-c999-4fde-aaf1-af8b3c156abb, Nodes: 3f36f173-4656-4d5a-831c-b6782f9f5ad2{ip: 192.168.151.122, host: pr-hdds-2121-ltkqc-3926781246, networkLocation: /default-rack, certSerialId: null}f1d6cbd0-cc55-4a8c-aff9-0f6c18a578e9{ip: 192.168.151.122, host: pr-hdds-2121-ltkqc-3926781246, networkLocation: /default-rack, certSerialId: null}befaacb7-99cd-4d87-819a-d941cb77279d{ip: 192.168.151.122, host: pr-hdds-2121-ltkqc-3926781246, networkLocation: /default-rack, certSerialId: null}, Type:RATIS, Factor:THREE, State:CLOSED]
2019-09-18 17:32:02,445 [org.apache.ratis.server.impl.LogAppender$AppenderDaemon$$Lambda$488/1062446665@29fe7a32] ERROR ratis.XceiverServerRatis (XceiverServerRatis.java:triggerPipelineClose(575)) - pipeline Action CLOSE  on pipeline PipelineID=ce0eb6e5-c999-4fde-aaf1-af8b3c156abb.Reason : befaacb7-99cd-4d87-819a-d941cb77279d has not seen follower/s f1d6cbd0-cc55-4a8c-aff9-0f6c18a578e9 for 134692ms 3f36f173-4656-4d5a-831c-b6782f9f5ad2 for 134692ms
2019-09-18 17:32:02,445 [org.apache.ratis.server.impl.LogAppender$AppenderDaemon$$Lambda$488/1062446665@5ec62807] ERROR ratis.XceiverServerRatis (XceiverServerRatis.java:triggerPipelineClose(575)) - pipeline Action CLOSE  on pipeline PipelineID=ce0eb6e5-c999-4fde-aaf1-af8b3c156abb.Reason : befaacb7-99cd-4d87-819a-d941cb77279d has not seen follower/s f1d6cbd0-cc55-4a8c-aff9-0f6c18a578e9 for 134692ms 3f36f173-4656-4d5a-831c-b6782f9f5ad2 for 134692ms
2019-09-18 17:32:02,943 [EventQueue-PipelineActionsForPipelineActionHandler] ERROR pipeline.PipelineActionHandler (PipelineActionHandler.java:onMessage(60)) - Received pipeline action CLOSE for Pipeline[ Id: ce0eb6e5-c999-4fde-aaf1-af8b3c156abb, Nodes: 3f36f173-4656-4d5a-831c-b6782f9f5ad2{ip: 192.168.151.122, host: pr-hdds-2121-ltkqc-3926781246, networkLocation: /default-rack, certSerialId: null}f1d6cbd0-cc55-4a8c-aff9-0f6c18a578e9{ip: 192.168.151.122, host: pr-hdds-2121-ltkqc-3926781246, networkLocation: /default-rack, certSerialId: null}befaacb7-99cd-4d87-819a-d941cb77279d{ip: 192.168.151.122, host: pr-hdds-2121-ltkqc-3926781246, networkLocation: /default-rack, certSerialId: null}, Type:RATIS, Factor:THREE, State:CLOSED] from datanode befaacb7-99cd-4d87-819a-d941cb77279d{ip: 192.168.151.122, host: pr-hdds-2121-ltkqc-3926781246, networkLocation: /default-rack, certSerialId: null}. Reason : befaacb7-99cd-4d87-819a-d941cb77279d has not seen follower/s f1d6cbd0-cc55-4a8c-aff9-0f6c18a578e9 for 134692ms 3f36f173-4656-4d5a-831c-b6782f9f5ad2 for 134692ms
2019-09-18 17:32:02,943 [EventQueue-PipelineActionsForPipelineActionHandler] INFO  pipeline.SCMPipelineManager (SCMPipelineManager.java:finalizeAndDestroyPipeline(311)) - destroying pipeline:Pipeline[ Id: ce0eb6e5-c999-4fde-aaf1-af8b3c156abb, Nodes: 3f36f173-4656-4d5a-831c-b6782f9f5ad2{ip: 192.168.151.122, host: pr-hdds-2121-ltkqc-3926781246, networkLocation: /default-rack, certSerialId: null}f1d6cbd0-cc55-4a8c-aff9-0f6c18a578e9{ip: 192.168.151.122, host: pr-hdds-2121-ltkqc-3926781246, networkLocation: /default-rack, certSerialId: null}befaacb7-99cd-4d87-819a-d941cb77279d{ip: 192.168.151.122, host: pr-hdds-2121-ltkqc-3926781246, networkLocation: /default-rack, certSerialId: null}, Type:RATIS, Factor:THREE, State:CLOSED]
2019-09-18 17:32:02,944 [java.util.concurrent.ThreadPoolExecutor$Worker@56ebe215[State = -1, empty queue]] WARN  server.GrpcLogAppender (GrpcLogAppender.java:timeoutAppendRequest(200)) - befaacb7-99cd-4d87-819a-d941cb77279d@group-AF8B3C156ABB->3f36f173-4656-4d5a-831c-b6782f9f5ad2-GrpcLogAppender: appendEntries Timeout, request=befaacb7-99cd-4d87-819a-d941cb77279d->3f36f173-4656-4d5a-831c-b6782f9f5ad2#71-t1, previous=(t:1, i:13), leaderCommit=6, initializing? false, entries: <empty>
2019-09-18 17:32:02,944 [java.util.concurrent.ThreadPoolExecutor$Worker@326853c1[State = -1, empty queue]] WARN  server.GrpcLogAppender (GrpcLogAppender.java:timeoutAppendRequest(200)) - befaacb7-99cd-4d87-819a-d941cb77279d@group-AF8B3C156ABB->f1d6cbd0-cc55-4a8c-aff9-0f6c18a578e9-GrpcLogAppender: appendEntries Timeout, request=befaacb7-99cd-4d87-819a-d941cb77279d->f1d6cbd0-cc55-4a8c-aff9-0f6c18a578e9#71-t1, previous=(t:1, i:13), leaderCommit=6, initializing? false, entries: <empty>
2019-09-18 17:32:03,930 [grpc-default-executor-10] INFO  client.GrpcClientProtocolClient (GrpcClientProtocolClient.java:onNext(264)) - client-A5AEF000217A->f1d6cbd0-cc55-4a8c-aff9-0f6c18a578e9: receive RaftClientReply:client-A5AEF000217A->f1d6cbd0-cc55-4a8c-aff9-0f6c18a578e9@group-AF8B3C156ABB, cid=131, FAILED org.apache.ratis.protocol.NotLeaderException: Server f1d6cbd0-cc55-4a8c-aff9-0f6c18a578e9@group-AF8B3C156ABB is not the leader befaacb7-99cd-4d87-819a-d941cb77279d:192.168.151.122:44171, logIndex=0, commits[f1d6cbd0-cc55-4a8c-aff9-0f6c18a578e9:c6, befaacb7-99cd-4d87-819a-d941cb77279d:c6, 3f36f173-4656-4d5a-831c-b6782f9f5ad2:c4]
2019-09-18 17:32:04,946 [org.apache.ratis.server.impl.LogAppender$AppenderDaemon$$Lambda$488/1062446665@29fe7a32] ERROR ratis.XceiverServerRatis (XceiverServerRatis.java:triggerPipelineClose(575)) - pipeline Action CLOSE  on pipeline PipelineID=ce0eb6e5-c999-4fde-aaf1-af8b3c156abb.Reason : befaacb7-99cd-4d87-819a-d941cb77279d has not seen follower/s f1d6cbd0-cc55-4a8c-aff9-0f6c18a578e9 for 137193ms 3f36f173-4656-4d5a-831c-b6782f9f5ad2 for 137193ms
2019-09-18 17:32:04,946 [org.apache.ratis.server.impl.LogAppender$AppenderDaemon$$Lambda$488/1062446665@5ec62807] ERROR ratis.XceiverServerRatis (XceiverServerRatis.java:triggerPipelineClose(575)) - pipeline Action CLOSE  on pipeline PipelineID=ce0eb6e5-c999-4fde-aaf1-af8b3c156abb.Reason : befaacb7-99cd-4d87-819a-d941cb77279d has not seen follower/s f1d6cbd0-cc55-4a8c-aff9-0f6c18a578e9 for 137193ms 3f36f173-4656-4d5a-831c-b6782f9f5ad2 for 137193ms
2019-09-18 17:32:05,445 [java.util.concurrent.ThreadPoolExecutor$Worker@326853c1[State = -1, empty queue]] WARN  server.GrpcLogAppender (GrpcLogAppender.java:timeoutAppendRequest(200)) - befaacb7-99cd-4d87-819a-d941cb77279d@group-AF8B3C156ABB->f1d6cbd0-cc55-4a8c-aff9-0f6c18a578e9-GrpcLogAppender: appendEntries Timeout, request=befaacb7-99cd-4d87-819a-d941cb77279d->f1d6cbd0-cc55-4a8c-aff9-0f6c18a578e9#72-t1, previous=(t:1, i:13), leaderCommit=6, initializing? false, entries: <empty>
2019-09-18 17:32:05,445 [java.util.concurrent.ThreadPoolExecutor$Worker@56ebe215[State = -1, empty queue]] WARN  server.GrpcLogAppender (GrpcLogAppender.java:timeoutAppendRequest(200)) - befaacb7-99cd-4d87-819a-d941cb77279d@group-AF8B3C156ABB->3f36f173-4656-4d5a-831c-b6782f9f5ad2-GrpcLogAppender: appendEntries Timeout, request=befaacb7-99cd-4d87-819a-d941cb77279d->3f36f173-4656-4d5a-831c-b6782f9f5ad2#72-t1, previous=(t:1, i:13), leaderCommit=6, initializing? false, entries: <empty>
2019-09-18 17:32:05,944 [EventQueue-PipelineActionsForPipelineActionHandler] ERROR pipeline.PipelineActionHandler (PipelineActionHandler.java:onMessage(60)) - Received pipeline action CLOSE for Pipeline[ Id: ce0eb6e5-c999-4fde-aaf1-af8b3c156abb, Nodes: 3f36f173-4656-4d5a-831c-b6782f9f5ad2{ip: 192.168.151.122, host: pr-hdds-2121-ltkqc-3926781246, networkLocation: /default-rack, certSerialId: null}f1d6cbd0-cc55-4a8c-aff9-0f6c18a578e9{ip: 192.168.151.122, host: pr-hdds-2121-ltkqc-3926781246, networkLocation: /default-rack, certSerialId: null}befaacb7-99cd-4d87-819a-d941cb77279d{ip: 192.168.151.122, host: pr-hdds-2121-ltkqc-3926781246, networkLocation: /default-rack, certSerialId: null}, Type:RATIS, Factor:THREE, State:CLOSED] from datanode befaacb7-99cd-4d87-819a-d941cb77279d{ip: 192.168.151.122, host: pr-hdds-2121-ltkqc-3926781246, networkLocation: /default-rack, certSerialId: null}. Reason : befaacb7-99cd-4d87-819a-d941cb77279d has not seen follower/s f1d6cbd0-cc55-4a8c-aff9-0f6c18a578e9 for 137193ms 3f36f173-4656-4d5a-831c-b6782f9f5ad2 for 137193ms
2019-09-18 17:32:05,945 [EventQueue-PipelineActionsForPipelineActionHandler] INFO  pipeline.SCMPipelineManager (SCMPipelineManager.java:finalizeAndDestroyPipeline(311)) - destroying pipeline:Pipeline[ Id: ce0eb6e5-c999-4fde-aaf1-af8b3c156abb, Nodes: 3f36f173-4656-4d5a-831c-b6782f9f5ad2{ip: 192.168.151.122, host: pr-hdds-2121-ltkqc-3926781246, networkLocation: /default-rack, certSerialId: null}f1d6cbd0-cc55-4a8c-aff9-0f6c18a578e9{ip: 192.168.151.122, host: pr-hdds-2121-ltkqc-3926781246, networkLocation: /default-rack, certSerialId: null}befaacb7-99cd-4d87-819a-d941cb77279d{ip: 192.168.151.122, host: pr-hdds-2121-ltkqc-3926781246, networkLocation: /default-rack, certSerialId: null}, Type:RATIS, Factor:THREE, State:CLOSED]
2019-09-18 17:32:07,448 [org.apache.ratis.server.impl.LogAppender$AppenderDaemon$$Lambda$488/1062446665@29fe7a32] ERROR ratis.XceiverServerRatis (XceiverServerRatis.java:triggerPipelineClose(575)) - pipeline Action CLOSE  on pipeline PipelineID=ce0eb6e5-c999-4fde-aaf1-af8b3c156abb.Reason : befaacb7-99cd-4d87-819a-d941cb77279d has not seen follower/s f1d6cbd0-cc55-4a8c-aff9-0f6c18a578e9 for 139694ms 3f36f173-4656-4d5a-831c-b6782f9f5ad2 for 139695ms
2019-09-18 17:32:07,448 [org.apache.ratis.server.impl.LogAppender$AppenderDaemon$$Lambda$488/1062446665@5ec62807] ERROR ratis.XceiverServerRatis (XceiverServerRatis.java:triggerPipelineClose(575)) - pipeline Action CLOSE  on pipeline PipelineID=ce0eb6e5-c999-4fde-aaf1-af8b3c156abb.Reason : befaacb7-99cd-4d87-819a-d941cb77279d has not seen follower/s f1d6cbd0-cc55-4a8c-aff9-0f6c18a578e9 for 139694ms 3f36f173-4656-4d5a-831c-b6782f9f5ad2 for 139695ms
2019-09-18 17:32:07,831 [befaacb7-99cd-4d87-819a-d941cb77279d@group-AF8B3C156ABB-SegmentedRaftLogWorker] WARN  segmented.SegmentedRaftLogWorker (SegmentedRaftLogWorker.java:getFromFuture(90)) - Timeout 13/~
org.apache.ratis.protocol.TimeoutIOException: Timeout 10s: WriteLog:7: (t:1, i:7), STATEMACHINELOGENTRY, client-A5AEF000217A, cid=131-writeStateMachineData
	at org.apache.ratis.util.IOUtils.getFromFuture(IOUtils.java:87)
	at org.apache.ratis.server.raftlog.segmented.SegmentedRaftLogWorker$StateMachineDataPolicy.getFromFuture(SegmentedRaftLogWorker.java:87)
	at org.apache.ratis.server.raftlog.segmented.SegmentedRaftLogWorker$WriteLog.execute(SegmentedRaftLogWorker.java:477)
	at org.apache.ratis.server.raftlog.segmented.SegmentedRaftLogWorker.run(SegmentedRaftLogWorker.java:289)
	at java.lang.Thread.run(Thread.java:748)
Caused by: java.util.concurrent.TimeoutException
	at java.util.concurrent.CompletableFuture.timedGet(CompletableFuture.java:1771)
	at java.util.concurrent.CompletableFuture.get(CompletableFuture.java:1915)
	at org.apache.ratis.util.IOUtils.getFromFuture(IOUtils.java:79)
	... 4 more
2019-09-18 17:32:07,843 [3f36f173-4656-4d5a-831c-b6782f9f5ad2@group-AF8B3C156ABB-SegmentedRaftLogWorker] WARN  segmented.SegmentedRaftLogWorker (SegmentedRaftLogWorker.java:getFromFuture(90)) - Timeout 13/~
org.apache.ratis.protocol.TimeoutIOException: Timeout 10s: WriteLog:7: (t:1, i:7), STATEMACHINELOGENTRY, client-A5AEF000217A, cid=131-writeStateMachineData
	at org.apache.ratis.util.IOUtils.getFromFuture(IOUtils.java:87)
	at org.apache.ratis.server.raftlog.segmented.SegmentedRaftLogWorker$StateMachineDataPolicy.getFromFuture(SegmentedRaftLogWorker.java:87)
	at org.apache.ratis.server.raftlog.segmented.SegmentedRaftLogWorker$WriteLog.execute(SegmentedRaftLogWorker.java:477)
	at org.apache.ratis.server.raftlog.segmented.SegmentedRaftLogWorker.run(SegmentedRaftLogWorker.java:289)
	at java.lang.Thread.run(Thread.java:748)
Caused by: java.util.concurrent.TimeoutException
	at java.util.concurrent.CompletableFuture.timedGet(CompletableFuture.java:1771)
	at java.util.concurrent.CompletableFuture.get(CompletableFuture.java:1915)
	at org.apache.ratis.util.IOUtils.getFromFuture(IOUtils.java:79)
	... 4 more
2019-09-18 17:32:07,844 [f1d6cbd0-cc55-4a8c-aff9-0f6c18a578e9@group-AF8B3C156ABB-SegmentedRaftLogWorker] WARN  segmented.SegmentedRaftLogWorker (SegmentedRaftLogWorker.java:getFromFuture(90)) - Timeout 13/~
org.apache.ratis.protocol.TimeoutIOException: Timeout 10s: WriteLog:7: (t:1, i:7), STATEMACHINELOGENTRY, client-A5AEF000217A, cid=131-writeStateMachineData
	at org.apache.ratis.util.IOUtils.getFromFuture(IOUtils.java:87)
	at org.apache.ratis.server.raftlog.segmented.SegmentedRaftLogWorker$StateMachineDataPolicy.getFromFuture(SegmentedRaftLogWorker.java:87)
	at org.apache.ratis.server.raftlog.segmented.SegmentedRaftLogWorker$WriteLog.execute(SegmentedRaftLogWorker.java:477)
	at org.apache.ratis.server.raftlog.segmented.SegmentedRaftLogWorker.run(SegmentedRaftLogWorker.java:289)
	at java.lang.Thread.run(Thread.java:748)
Caused by: java.util.concurrent.TimeoutException
	at java.util.concurrent.CompletableFuture.timedGet(CompletableFuture.java:1771)
	at java.util.concurrent.CompletableFuture.get(CompletableFuture.java:1915)
	at org.apache.ratis.util.IOUtils.getFromFuture(IOUtils.java:79)
	... 4 more
2019-09-18 17:32:07,946 [java.util.concurrent.ThreadPoolExecutor$Worker@56ebe215[State = -1, empty queue]] WARN  server.GrpcLogAppender (GrpcLogAppender.java:timeoutAppendRequest(200)) - befaacb7-99cd-4d87-819a-d941cb77279d@group-AF8B3C156ABB->3f36f173-4656-4d5a-831c-b6782f9f5ad2-GrpcLogAppender: appendEntries Timeout, request=befaacb7-99cd-4d87-819a-d941cb77279d->3f36f173-4656-4d5a-831c-b6782f9f5ad2#73-t1, previous=(t:1, i:13), leaderCommit=6, initializing? false, entries: <empty>
2019-09-18 17:32:07,946 [java.util.concurrent.ThreadPoolExecutor$Worker@326853c1[State = -1, empty queue]] WARN  server.GrpcLogAppender (GrpcLogAppender.java:timeoutAppendRequest(200)) - befaacb7-99cd-4d87-819a-d941cb77279d@group-AF8B3C156ABB->f1d6cbd0-cc55-4a8c-aff9-0f6c18a578e9-GrpcLogAppender: appendEntries Timeout, request=befaacb7-99cd-4d87-819a-d941cb77279d->f1d6cbd0-cc55-4a8c-aff9-0f6c18a578e9#73-t1, previous=(t:1, i:13), leaderCommit=6, initializing? false, entries: <empty>
2019-09-18 17:32:07,947 [EventQueue-PipelineActionsForPipelineActionHandler] ERROR pipeline.PipelineActionHandler (PipelineActionHandler.java:onMessage(60)) - Received pipeline action CLOSE for Pipeline[ Id: ce0eb6e5-c999-4fde-aaf1-af8b3c156abb, Nodes: 3f36f173-4656-4d5a-831c-b6782f9f5ad2{ip: 192.168.151.122, host: pr-hdds-2121-ltkqc-3926781246, networkLocation: /default-rack, certSerialId: null}f1d6cbd0-cc55-4a8c-aff9-0f6c18a578e9{ip: 192.168.151.122, host: pr-hdds-2121-ltkqc-3926781246, networkLocation: /default-rack, certSerialId: null}befaacb7-99cd-4d87-819a-d941cb77279d{ip: 192.168.151.122, host: pr-hdds-2121-ltkqc-3926781246, networkLocation: /default-rack, certSerialId: null}, Type:RATIS, Factor:THREE, State:CLOSED] from datanode befaacb7-99cd-4d87-819a-d941cb77279d{ip: 192.168.151.122, host: pr-hdds-2121-ltkqc-3926781246, networkLocation: /default-rack, certSerialId: null}. Reason : befaacb7-99cd-4d87-819a-d941cb77279d has not seen follower/s f1d6cbd0-cc55-4a8c-aff9-0f6c18a578e9 for 139694ms 3f36f173-4656-4d5a-831c-b6782f9f5ad2 for 139695ms
2019-09-18 17:32:07,947 [EventQueue-PipelineActionsForPipelineActionHandler] INFO  pipeline.SCMPipelineManager (SCMPipelineManager.java:finalizeAndDestroyPipeline(311)) - destroying pipeline:Pipeline[ Id: ce0eb6e5-c999-4fde-aaf1-af8b3c156abb, Nodes: 3f36f173-4656-4d5a-831c-b6782f9f5ad2{ip: 192.168.151.122, host: pr-hdds-2121-ltkqc-3926781246, networkLocation: /default-rack, certSerialId: null}f1d6cbd0-cc55-4a8c-aff9-0f6c18a578e9{ip: 192.168.151.122, host: pr-hdds-2121-ltkqc-3926781246, networkLocation: /default-rack, certSerialId: null}befaacb7-99cd-4d87-819a-d941cb77279d{ip: 192.168.151.122, host: pr-hdds-2121-ltkqc-3926781246, networkLocation: /default-rack, certSerialId: null}, Type:RATIS, Factor:THREE, State:CLOSED]
2019-09-18 17:32:08,975 [grpc-default-executor-10] INFO  client.GrpcClientProtocolClient (GrpcClientProtocolClient.java:onNext(264)) - client-A5AEF000217A->3f36f173-4656-4d5a-831c-b6782f9f5ad2: receive RaftClientReply:client-A5AEF000217A->3f36f173-4656-4d5a-831c-b6782f9f5ad2@group-AF8B3C156ABB, cid=131, FAILED org.apache.ratis.protocol.NotLeaderException: Server 3f36f173-4656-4d5a-831c-b6782f9f5ad2@group-AF8B3C156ABB is not the leader befaacb7-99cd-4d87-819a-d941cb77279d:192.168.151.122:44171, logIndex=0, commits[3f36f173-4656-4d5a-831c-b6782f9f5ad2:c6, f1d6cbd0-cc55-4a8c-aff9-0f6c18a578e9:c4, befaacb7-99cd-4d87-819a-d941cb77279d:c6]
2019-09-18 17:32:09,948 [org.apache.ratis.server.impl.LogAppender$AppenderDaemon$$Lambda$488/1062446665@5ec62807] ERROR ratis.XceiverServerRatis (XceiverServerRatis.java:triggerPipelineClose(575)) - pipeline Action CLOSE  on pipeline PipelineID=ce0eb6e5-c999-4fde-aaf1-af8b3c156abb.Reason : befaacb7-99cd-4d87-819a-d941cb77279d has not seen follower/s f1d6cbd0-cc55-4a8c-aff9-0f6c18a578e9 for 142194ms 3f36f173-4656-4d5a-831c-b6782f9f5ad2 for 142195ms
2019-09-18 17:32:09,949 [org.apache.ratis.server.impl.LogAppender$AppenderDaemon$$Lambda$488/1062446665@29fe7a32] ERROR ratis.XceiverServerRatis (XceiverServerRatis.java:triggerPipelineClose(575)) - pipeline Action CLOSE  on pipeline PipelineID=ce0eb6e5-c999-4fde-aaf1-af8b3c156abb.Reason : befaacb7-99cd-4d87-819a-d941cb77279d has not seen follower/s f1d6cbd0-cc55-4a8c-aff9-0f6c18a578e9 for 142195ms 3f36f173-4656-4d5a-831c-b6782f9f5ad2 for 142196ms
2019-09-18 17:32:10,447 [java.util.concurrent.ThreadPoolExecutor$Worker@56ebe215[State = -1, empty queue]] WARN  server.GrpcLogAppender (GrpcLogAppender.java:timeoutAppendRequest(200)) - befaacb7-99cd-4d87-819a-d941cb77279d@group-AF8B3C156ABB->3f36f173-4656-4d5a-831c-b6782f9f5ad2-GrpcLogAppender: appendEntries Timeout, request=befaacb7-99cd-4d87-819a-d941cb77279d->3f36f173-4656-4d5a-831c-b6782f9f5ad2#74-t1, previous=(t:1, i:13), leaderCommit=6, initializing? false, entries: <empty>
2019-09-18 17:32:10,447 [java.util.concurrent.ThreadPoolExecutor$Worker@326853c1[State = -1, empty queue]] WARN  server.GrpcLogAppender (GrpcLogAppender.java:timeoutAppendRequest(200)) - befaacb7-99cd-4d87-819a-d941cb77279d@group-AF8B3C156ABB->f1d6cbd0-cc55-4a8c-aff9-0f6c18a578e9-GrpcLogAppender: appendEntries Timeout, request=befaacb7-99cd-4d87-819a-d941cb77279d->f1d6cbd0-cc55-4a8c-aff9-0f6c18a578e9#74-t1, previous=(t:1, i:13), leaderCommit=6, initializing? false, entries: <empty>
2019-09-18 17:32:10,947 [EventQueue-PipelineActionsForPipelineActionHandler] ERROR pipeline.PipelineActionHandler (PipelineActionHandler.java:onMessage(60)) - Received pipeline action CLOSE for Pipeline[ Id: ce0eb6e5-c999-4fde-aaf1-af8b3c156abb, Nodes: 3f36f173-4656-4d5a-831c-b6782f9f5ad2{ip: 192.168.151.122, host: pr-hdds-2121-ltkqc-3926781246, networkLocation: /default-rack, certSerialId: null}f1d6cbd0-cc55-4a8c-aff9-0f6c18a578e9{ip: 192.168.151.122, host: pr-hdds-2121-ltkqc-3926781246, networkLocation: /default-rack, certSerialId: null}befaacb7-99cd-4d87-819a-d941cb77279d{ip: 192.168.151.122, host: pr-hdds-2121-ltkqc-3926781246, networkLocation: /default-rack, certSerialId: null}, Type:RATIS, Factor:THREE, State:CLOSED] from datanode befaacb7-99cd-4d87-819a-d941cb77279d{ip: 192.168.151.122, host: pr-hdds-2121-ltkqc-3926781246, networkLocation: /default-rack, certSerialId: null}. Reason : befaacb7-99cd-4d87-819a-d941cb77279d has not seen follower/s f1d6cbd0-cc55-4a8c-aff9-0f6c18a578e9 for 142194ms 3f36f173-4656-4d5a-831c-b6782f9f5ad2 for 142195ms
2019-09-18 17:32:10,948 [EventQueue-PipelineActionsForPipelineActionHandler] INFO  pipeline.SCMPipelineManager (SCMPipelineManager.java:finalizeAndDestroyPipeline(311)) - destroying pipeline:Pipeline[ Id: ce0eb6e5-c999-4fde-aaf1-af8b3c156abb, Nodes: 3f36f173-4656-4d5a-831c-b6782f9f5ad2{ip: 192.168.151.122, host: pr-hdds-2121-ltkqc-3926781246, networkLocation: /default-rack, certSerialId: null}f1d6cbd0-cc55-4a8c-aff9-0f6c18a578e9{ip: 192.168.151.122, host: pr-hdds-2121-ltkqc-3926781246, networkLocation: /default-rack, certSerialId: null}befaacb7-99cd-4d87-819a-d941cb77279d{ip: 192.168.151.122, host: pr-hdds-2121-ltkqc-3926781246, networkLocation: /default-rack, certSerialId: null}, Type:RATIS, Factor:THREE, State:CLOSED]
2019-09-18 17:32:12,450 [org.apache.ratis.server.impl.LogAppender$AppenderDaemon$$Lambda$488/1062446665@29fe7a32] ERROR ratis.XceiverServerRatis (XceiverServerRatis.java:triggerPipelineClose(575)) - pipeline Action CLOSE  on pipeline PipelineID=ce0eb6e5-c999-4fde-aaf1-af8b3c156abb.Reason : befaacb7-99cd-4d87-819a-d941cb77279d has not seen follower/s f1d6cbd0-cc55-4a8c-aff9-0f6c18a578e9 for 144696ms 3f36f173-4656-4d5a-831c-b6782f9f5ad2 for 144697ms
2019-09-18 17:32:12,450 [org.apache.ratis.server.impl.LogAppender$AppenderDaemon$$Lambda$488/1062446665@5ec62807] ERROR ratis.XceiverServerRatis (XceiverServerRatis.java:triggerPipelineClose(575)) - pipeline Action CLOSE  on pipeline PipelineID=ce0eb6e5-c999-4fde-aaf1-af8b3c156abb.Reason : befaacb7-99cd-4d87-819a-d941cb77279d has not seen follower/s f1d6cbd0-cc55-4a8c-aff9-0f6c18a578e9 for 144696ms 3f36f173-4656-4d5a-831c-b6782f9f5ad2 for 144697ms
2019-09-18 17:32:12,947 [EventQueue-PipelineActionsForPipelineActionHandler] ERROR pipeline.PipelineActionHandler (PipelineActionHandler.java:onMessage(60)) - Received pipeline action CLOSE for Pipeline[ Id: ce0eb6e5-c999-4fde-aaf1-af8b3c156abb, Nodes: 3f36f173-4656-4d5a-831c-b6782f9f5ad2{ip: 192.168.151.122, host: pr-hdds-2121-ltkqc-3926781246, networkLocation: /default-rack, certSerialId: null}f1d6cbd0-cc55-4a8c-aff9-0f6c18a578e9{ip: 192.168.151.122, host: pr-hdds-2121-ltkqc-3926781246, networkLocation: /default-rack, certSerialId: null}befaacb7-99cd-4d87-819a-d941cb77279d{ip: 192.168.151.122, host: pr-hdds-2121-ltkqc-3926781246, networkLocation: /default-rack, certSerialId: null}, Type:RATIS, Factor:THREE, State:CLOSED] from datanode befaacb7-99cd-4d87-819a-d941cb77279d{ip: 192.168.151.122, host: pr-hdds-2121-ltkqc-3926781246, networkLocation: /default-rack, certSerialId: null}. Reason : befaacb7-99cd-4d87-819a-d941cb77279d has not seen follower/s f1d6cbd0-cc55-4a8c-aff9-0f6c18a578e9 for 144696ms 3f36f173-4656-4d5a-831c-b6782f9f5ad2 for 144697ms
2019-09-18 17:32:12,948 [EventQueue-PipelineActionsForPipelineActionHandler] INFO  pipeline.SCMPipelineManager (SCMPipelineManager.java:finalizeAndDestroyPipeline(311)) - destroying pipeline:Pipeline[ Id: ce0eb6e5-c999-4fde-aaf1-af8b3c156abb, Nodes: 3f36f173-4656-4d5a-831c-b6782f9f5ad2{ip: 192.168.151.122, host: pr-hdds-2121-ltkqc-3926781246, networkLocation: /default-rack, certSerialId: null}f1d6cbd0-cc55-4a8c-aff9-0f6c18a578e9{ip: 192.168.151.122, host: pr-hdds-2121-ltkqc-3926781246, networkLocation: /default-rack, certSerialId: null}befaacb7-99cd-4d87-819a-d941cb77279d{ip: 192.168.151.122, host: pr-hdds-2121-ltkqc-3926781246, networkLocation: /default-rack, certSerialId: null}, Type:RATIS, Factor:THREE, State:CLOSED]
2019-09-18 17:32:12,948 [java.util.concurrent.ThreadPoolExecutor$Worker@326853c1[State = -1, empty queue]] WARN  server.GrpcLogAppender (GrpcLogAppender.java:timeoutAppendRequest(200)) - befaacb7-99cd-4d87-819a-d941cb77279d@group-AF8B3C156ABB->f1d6cbd0-cc55-4a8c-aff9-0f6c18a578e9-GrpcLogAppender: appendEntries Timeout, request=befaacb7-99cd-4d87-819a-d941cb77279d->f1d6cbd0-cc55-4a8c-aff9-0f6c18a578e9#75-t1, previous=(t:1, i:13), leaderCommit=6, initializing? false, entries: <empty>
2019-09-18 17:32:12,948 [java.util.concurrent.ThreadPoolExecutor$Worker@56ebe215[State = -1, empty queue]] WARN  server.GrpcLogAppender (GrpcLogAppender.java:timeoutAppendRequest(200)) - befaacb7-99cd-4d87-819a-d941cb77279d@group-AF8B3C156ABB->3f36f173-4656-4d5a-831c-b6782f9f5ad2-GrpcLogAppender: appendEntries Timeout, request=befaacb7-99cd-4d87-819a-d941cb77279d->3f36f173-4656-4d5a-831c-b6782f9f5ad2#75-t1, previous=(t:1, i:13), leaderCommit=6, initializing? false, entries: <empty>
2019-09-18 17:32:14,021 [grpc-default-executor-6] INFO  client.GrpcClientProtocolClient (GrpcClientProtocolClient.java:onNext(264)) - client-A5AEF000217A->f1d6cbd0-cc55-4a8c-aff9-0f6c18a578e9: receive RaftClientReply:client-A5AEF000217A->f1d6cbd0-cc55-4a8c-aff9-0f6c18a578e9@group-AF8B3C156ABB, cid=131, FAILED org.apache.ratis.protocol.NotLeaderException: Server f1d6cbd0-cc55-4a8c-aff9-0f6c18a578e9@group-AF8B3C156ABB is not the leader befaacb7-99cd-4d87-819a-d941cb77279d:192.168.151.122:44171, logIndex=0, commits[f1d6cbd0-cc55-4a8c-aff9-0f6c18a578e9:c6, befaacb7-99cd-4d87-819a-d941cb77279d:c6, 3f36f173-4656-4d5a-831c-b6782f9f5ad2:c4]
2019-09-18 17:32:14,950 [org.apache.ratis.server.impl.LogAppender$AppenderDaemon$$Lambda$488/1062446665@5ec62807] ERROR ratis.XceiverServerRatis (XceiverServerRatis.java:triggerPipelineClose(575)) - pipeline Action CLOSE  on pipeline PipelineID=ce0eb6e5-c999-4fde-aaf1-af8b3c156abb.Reason : befaacb7-99cd-4d87-819a-d941cb77279d has not seen follower/s f1d6cbd0-cc55-4a8c-aff9-0f6c18a578e9 for 147196ms 3f36f173-4656-4d5a-831c-b6782f9f5ad2 for 147197ms
2019-09-18 17:32:14,951 [org.apache.ratis.server.impl.LogAppender$AppenderDaemon$$Lambda$488/1062446665@29fe7a32] ERROR ratis.XceiverServerRatis (XceiverServerRatis.java:triggerPipelineClose(575)) - pipeline Action CLOSE  on pipeline PipelineID=ce0eb6e5-c999-4fde-aaf1-af8b3c156abb.Reason : befaacb7-99cd-4d87-819a-d941cb77279d has not seen follower/s f1d6cbd0-cc55-4a8c-aff9-0f6c18a578e9 for 147197ms 3f36f173-4656-4d5a-831c-b6782f9f5ad2 for 147198ms
2019-09-18 17:32:15,450 [java.util.concurrent.ThreadPoolExecutor$Worker@56ebe215[State = -1, empty queue]] WARN  server.GrpcLogAppender (GrpcLogAppender.java:timeoutAppendRequest(200)) - befaacb7-99cd-4d87-819a-d941cb77279d@group-AF8B3C156ABB->3f36f173-4656-4d5a-831c-b6782f9f5ad2-GrpcLogAppender: appendEntries Timeout, request=befaacb7-99cd-4d87-819a-d941cb77279d->3f36f173-4656-4d5a-831c-b6782f9f5ad2#76-t1, previous=(t:1, i:13), leaderCommit=6, initializing? false, entries: <empty>
2019-09-18 17:32:15,450 [java.util.concurrent.ThreadPoolExecutor$Worker@326853c1[State = -1, empty queue]] WARN  server.GrpcLogAppender (GrpcLogAppender.java:timeoutAppendRequest(200)) - befaacb7-99cd-4d87-819a-d941cb77279d@group-AF8B3C156ABB->f1d6cbd0-cc55-4a8c-aff9-0f6c18a578e9-GrpcLogAppender: appendEntries Timeout, request=befaacb7-99cd-4d87-819a-d941cb77279d->f1d6cbd0-cc55-4a8c-aff9-0f6c18a578e9#76-t1, previous=(t:1, i:13), leaderCommit=6, initializing? false, entries: <empty>
2019-09-18 17:32:15,948 [EventQueue-PipelineActionsForPipelineActionHandler] ERROR pipeline.PipelineActionHandler (PipelineActionHandler.java:onMessage(60)) - Received pipeline action CLOSE for Pipeline[ Id: ce0eb6e5-c999-4fde-aaf1-af8b3c156abb, Nodes: 3f36f173-4656-4d5a-831c-b6782f9f5ad2{ip: 192.168.151.122, host: pr-hdds-2121-ltkqc-3926781246, networkLocation: /default-rack, certSerialId: null}f1d6cbd0-cc55-4a8c-aff9-0f6c18a578e9{ip: 192.168.151.122, host: pr-hdds-2121-ltkqc-3926781246, networkLocation: /default-rack, certSerialId: null}befaacb7-99cd-4d87-819a-d941cb77279d{ip: 192.168.151.122, host: pr-hdds-2121-ltkqc-3926781246, networkLocation: /default-rack, certSerialId: null}, Type:RATIS, Factor:THREE, State:CLOSED] from datanode befaacb7-99cd-4d87-819a-d941cb77279d{ip: 192.168.151.122, host: pr-hdds-2121-ltkqc-3926781246, networkLocation: /default-rack, certSerialId: null}. Reason : befaacb7-99cd-4d87-819a-d941cb77279d has not seen follower/s f1d6cbd0-cc55-4a8c-aff9-0f6c18a578e9 for 147196ms 3f36f173-4656-4d5a-831c-b6782f9f5ad2 for 147197ms
2019-09-18 17:32:15,948 [EventQueue-PipelineActionsForPipelineActionHandler] INFO  pipeline.SCMPipelineManager (SCMPipelineManager.java:finalizeAndDestroyPipeline(311)) - destroying pipeline:Pipeline[ Id: ce0eb6e5-c999-4fde-aaf1-af8b3c156abb, Nodes: 3f36f173-4656-4d5a-831c-b6782f9f5ad2{ip: 192.168.151.122, host: pr-hdds-2121-ltkqc-3926781246, networkLocation: /default-rack, certSerialId: null}f1d6cbd0-cc55-4a8c-aff9-0f6c18a578e9{ip: 192.168.151.122, host: pr-hdds-2121-ltkqc-3926781246, networkLocation: /default-rack, certSerialId: null}befaacb7-99cd-4d87-819a-d941cb77279d{ip: 192.168.151.122, host: pr-hdds-2121-ltkqc-3926781246, networkLocation: /default-rack, certSerialId: null}, Type:RATIS, Factor:THREE, State:CLOSED]
2019-09-18 17:32:17,451 [org.apache.ratis.server.impl.LogAppender$AppenderDaemon$$Lambda$488/1062446665@5ec62807] ERROR ratis.XceiverServerRatis (XceiverServerRatis.java:triggerPipelineClose(575)) - pipeline Action CLOSE  on pipeline PipelineID=ce0eb6e5-c999-4fde-aaf1-af8b3c156abb.Reason : befaacb7-99cd-4d87-819a-d941cb77279d has not seen follower/s f1d6cbd0-cc55-4a8c-aff9-0f6c18a578e9 for 149697ms 3f36f173-4656-4d5a-831c-b6782f9f5ad2 for 149698ms
2019-09-18 17:32:17,451 [org.apache.ratis.server.impl.LogAppender$AppenderDaemon$$Lambda$488/1062446665@29fe7a32] ERROR ratis.XceiverServerRatis (XceiverServerRatis.java:triggerPipelineClose(575)) - pipeline Action CLOSE  on pipeline PipelineID=ce0eb6e5-c999-4fde-aaf1-af8b3c156abb.Reason : befaacb7-99cd-4d87-819a-d941cb77279d has not seen follower/s f1d6cbd0-cc55-4a8c-aff9-0f6c18a578e9 for 149698ms 3f36f173-4656-4d5a-831c-b6782f9f5ad2 for 149698ms
2019-09-18 17:32:17,832 [befaacb7-99cd-4d87-819a-d941cb77279d@group-AF8B3C156ABB-SegmentedRaftLogWorker] WARN  segmented.SegmentedRaftLogWorker (SegmentedRaftLogWorker.java:getFromFuture(90)) - Timeout 14/~
org.apache.ratis.protocol.TimeoutIOException: Timeout 10s: WriteLog:7: (t:1, i:7), STATEMACHINELOGENTRY, client-A5AEF000217A, cid=131-writeStateMachineData
	at org.apache.ratis.util.IOUtils.getFromFuture(IOUtils.java:87)
	at org.apache.ratis.server.raftlog.segmented.SegmentedRaftLogWorker$StateMachineDataPolicy.getFromFuture(SegmentedRaftLogWorker.java:87)
	at org.apache.ratis.server.raftlog.segmented.SegmentedRaftLogWorker$WriteLog.execute(SegmentedRaftLogWorker.java:477)
	at org.apache.ratis.server.raftlog.segmented.SegmentedRaftLogWorker.run(SegmentedRaftLogWorker.java:289)
	at java.lang.Thread.run(Thread.java:748)
Caused by: java.util.concurrent.TimeoutException
	at java.util.concurrent.CompletableFuture.timedGet(CompletableFuture.java:1771)
	at java.util.concurrent.CompletableFuture.get(CompletableFuture.java:1915)
	at org.apache.ratis.util.IOUtils.getFromFuture(IOUtils.java:79)
	... 4 more
2019-09-18 17:32:17,844 [3f36f173-4656-4d5a-831c-b6782f9f5ad2@group-AF8B3C156ABB-SegmentedRaftLogWorker] WARN  segmented.SegmentedRaftLogWorker (SegmentedRaftLogWorker.java:getFromFuture(90)) - Timeout 14/~
org.apache.ratis.protocol.TimeoutIOException: Timeout 10s: WriteLog:7: (t:1, i:7), STATEMACHINELOGENTRY, client-A5AEF000217A, cid=131-writeStateMachineData
	at org.apache.ratis.util.IOUtils.getFromFuture(IOUtils.java:87)
	at org.apache.ratis.server.raftlog.segmented.SegmentedRaftLogWorker$StateMachineDataPolicy.getFromFuture(SegmentedRaftLogWorker.java:87)
	at org.apache.ratis.server.raftlog.segmented.SegmentedRaftLogWorker$WriteLog.execute(SegmentedRaftLogWorker.java:477)
	at org.apache.ratis.server.raftlog.segmented.SegmentedRaftLogWorker.run(SegmentedRaftLogWorker.java:289)
	at java.lang.Thread.run(Thread.java:748)
Caused by: java.util.concurrent.TimeoutException
	at java.util.concurrent.CompletableFuture.timedGet(CompletableFuture.java:1771)
	at java.util.concurrent.CompletableFuture.get(CompletableFuture.java:1915)
	at org.apache.ratis.util.IOUtils.getFromFuture(IOUtils.java:79)
	... 4 more
2019-09-18 17:32:17,845 [f1d6cbd0-cc55-4a8c-aff9-0f6c18a578e9@group-AF8B3C156ABB-SegmentedRaftLogWorker] WARN  segmented.SegmentedRaftLogWorker (SegmentedRaftLogWorker.java:getFromFuture(90)) - Timeout 14/~
org.apache.ratis.protocol.TimeoutIOException: Timeout 10s: WriteLog:7: (t:1, i:7), STATEMACHINELOGENTRY, client-A5AEF000217A, cid=131-writeStateMachineData
	at org.apache.ratis.util.IOUtils.getFromFuture(IOUtils.java:87)
	at org.apache.ratis.server.raftlog.segmented.SegmentedRaftLogWorker$StateMachineDataPolicy.getFromFuture(SegmentedRaftLogWorker.java:87)
	at org.apache.ratis.server.raftlog.segmented.SegmentedRaftLogWorker$WriteLog.execute(SegmentedRaftLogWorker.java:477)
	at org.apache.ratis.server.raftlog.segmented.SegmentedRaftLogWorker.run(SegmentedRaftLogWorker.java:289)
	at java.lang.Thread.run(Thread.java:748)
Caused by: java.util.concurrent.TimeoutException
	at java.util.concurrent.CompletableFuture.timedGet(CompletableFuture.java:1771)
	at java.util.concurrent.CompletableFuture.get(CompletableFuture.java:1915)
	at org.apache.ratis.util.IOUtils.getFromFuture(IOUtils.java:79)
	... 4 more
2019-09-18 17:32:17,947 [EventQueue-PipelineActionsForPipelineActionHandler] ERROR pipeline.PipelineActionHandler (PipelineActionHandler.java:onMessage(60)) - Received pipeline action CLOSE for Pipeline[ Id: ce0eb6e5-c999-4fde-aaf1-af8b3c156abb, Nodes: 3f36f173-4656-4d5a-831c-b6782f9f5ad2{ip: 192.168.151.122, host: pr-hdds-2121-ltkqc-3926781246, networkLocation: /default-rack, certSerialId: null}f1d6cbd0-cc55-4a8c-aff9-0f6c18a578e9{ip: 192.168.151.122, host: pr-hdds-2121-ltkqc-3926781246, networkLocation: /default-rack, certSerialId: null}befaacb7-99cd-4d87-819a-d941cb77279d{ip: 192.168.151.122, host: pr-hdds-2121-ltkqc-3926781246, networkLocation: /default-rack, certSerialId: null}, Type:RATIS, Factor:THREE, State:CLOSED] from datanode befaacb7-99cd-4d87-819a-d941cb77279d{ip: 192.168.151.122, host: pr-hdds-2121-ltkqc-3926781246, networkLocation: /default-rack, certSerialId: null}. Reason : befaacb7-99cd-4d87-819a-d941cb77279d has not seen follower/s f1d6cbd0-cc55-4a8c-aff9-0f6c18a578e9 for 149697ms 3f36f173-4656-4d5a-831c-b6782f9f5ad2 for 149698ms
2019-09-18 17:32:17,948 [EventQueue-PipelineActionsForPipelineActionHandler] INFO  pipeline.SCMPipelineManager (SCMPipelineManager.java:finalizeAndDestroyPipeline(311)) - destroying pipeline:Pipeline[ Id: ce0eb6e5-c999-4fde-aaf1-af8b3c156abb, Nodes: 3f36f173-4656-4d5a-831c-b6782f9f5ad2{ip: 192.168.151.122, host: pr-hdds-2121-ltkqc-3926781246, networkLocation: /default-rack, certSerialId: null}f1d6cbd0-cc55-4a8c-aff9-0f6c18a578e9{ip: 192.168.151.122, host: pr-hdds-2121-ltkqc-3926781246, networkLocation: /default-rack, certSerialId: null}befaacb7-99cd-4d87-819a-d941cb77279d{ip: 192.168.151.122, host: pr-hdds-2121-ltkqc-3926781246, networkLocation: /default-rack, certSerialId: null}, Type:RATIS, Factor:THREE, State:CLOSED]
2019-09-18 17:32:17,950 [java.util.concurrent.ThreadPoolExecutor$Worker@326853c1[State = -1, empty queue]] WARN  server.GrpcLogAppender (GrpcLogAppender.java:timeoutAppendRequest(200)) - befaacb7-99cd-4d87-819a-d941cb77279d@group-AF8B3C156ABB->f1d6cbd0-cc55-4a8c-aff9-0f6c18a578e9-GrpcLogAppender: appendEntries Timeout, request=befaacb7-99cd-4d87-819a-d941cb77279d->f1d6cbd0-cc55-4a8c-aff9-0f6c18a578e9#77-t1, previous=(t:1, i:13), leaderCommit=6, initializing? false, entries: <empty>
2019-09-18 17:32:17,951 [java.util.concurrent.ThreadPoolExecutor$Worker@56ebe215[State = -1, empty queue]] WARN  server.GrpcLogAppender (GrpcLogAppender.java:timeoutAppendRequest(200)) - befaacb7-99cd-4d87-819a-d941cb77279d@group-AF8B3C156ABB->3f36f173-4656-4d5a-831c-b6782f9f5ad2-GrpcLogAppender: appendEntries Timeout, request=befaacb7-99cd-4d87-819a-d941cb77279d->3f36f173-4656-4d5a-831c-b6782f9f5ad2#77-t1, previous=(t:1, i:13), leaderCommit=6, initializing? false, entries: <empty>
2019-09-18 17:32:19,075 [grpc-default-executor-6] INFO  client.GrpcClientProtocolClient (GrpcClientProtocolClient.java:onNext(264)) - client-A5AEF000217A->f1d6cbd0-cc55-4a8c-aff9-0f6c18a578e9: receive RaftClientReply:client-A5AEF000217A->f1d6cbd0-cc55-4a8c-aff9-0f6c18a578e9@group-AF8B3C156ABB, cid=131, FAILED org.apache.ratis.protocol.NotLeaderException: Server f1d6cbd0-cc55-4a8c-aff9-0f6c18a578e9@group-AF8B3C156ABB is not the leader befaacb7-99cd-4d87-819a-d941cb77279d:192.168.151.122:44171, logIndex=0, commits[f1d6cbd0-cc55-4a8c-aff9-0f6c18a578e9:c6, befaacb7-99cd-4d87-819a-d941cb77279d:c6, 3f36f173-4656-4d5a-831c-b6782f9f5ad2:c4]
2019-09-18 17:32:19,952 [org.apache.ratis.server.impl.LogAppender$AppenderDaemon$$Lambda$488/1062446665@5ec62807] ERROR ratis.XceiverServerRatis (XceiverServerRatis.java:triggerPipelineClose(575)) - pipeline Action CLOSE  on pipeline PipelineID=ce0eb6e5-c999-4fde-aaf1-af8b3c156abb.Reason : befaacb7-99cd-4d87-819a-d941cb77279d has not seen follower/s f1d6cbd0-cc55-4a8c-aff9-0f6c18a578e9 for 152198ms 3f36f173-4656-4d5a-831c-b6782f9f5ad2 for 152199ms
2019-09-18 17:32:19,952 [org.apache.ratis.server.impl.LogAppender$AppenderDaemon$$Lambda$488/1062446665@29fe7a32] ERROR ratis.XceiverServerRatis (XceiverServerRatis.java:triggerPipelineClose(575)) - pipeline Action CLOSE  on pipeline PipelineID=ce0eb6e5-c999-4fde-aaf1-af8b3c156abb.Reason : befaacb7-99cd-4d87-819a-d941cb77279d has not seen follower/s f1d6cbd0-cc55-4a8c-aff9-0f6c18a578e9 for 152198ms 3f36f173-4656-4d5a-831c-b6782f9f5ad2 for 152199ms
2019-09-18 17:32:20,451 [java.util.concurrent.ThreadPoolExecutor$Worker@326853c1[State = -1, empty queue]] WARN  server.GrpcLogAppender (GrpcLogAppender.java:timeoutAppendRequest(200)) - befaacb7-99cd-4d87-819a-d941cb77279d@group-AF8B3C156ABB->f1d6cbd0-cc55-4a8c-aff9-0f6c18a578e9-GrpcLogAppender: appendEntries Timeout, request=befaacb7-99cd-4d87-819a-d941cb77279d->f1d6cbd0-cc55-4a8c-aff9-0f6c18a578e9#78-t1, previous=(t:1, i:13), leaderCommit=6, initializing? false, entries: <empty>
2019-09-18 17:32:20,451 [java.util.concurrent.ThreadPoolExecutor$Worker@56ebe215[State = -1, empty queue]] WARN  server.GrpcLogAppender (GrpcLogAppender.java:timeoutAppendRequest(200)) - befaacb7-99cd-4d87-819a-d941cb77279d@group-AF8B3C156ABB->3f36f173-4656-4d5a-831c-b6782f9f5ad2-GrpcLogAppender: appendEntries Timeout, request=befaacb7-99cd-4d87-819a-d941cb77279d->3f36f173-4656-4d5a-831c-b6782f9f5ad2#78-t1, previous=(t:1, i:13), leaderCommit=6, initializing? false, entries: <empty>
2019-09-18 17:32:20,948 [EventQueue-PipelineActionsForPipelineActionHandler] ERROR pipeline.PipelineActionHandler (PipelineActionHandler.java:onMessage(60)) - Received pipeline action CLOSE for Pipeline[ Id: ce0eb6e5-c999-4fde-aaf1-af8b3c156abb, Nodes: 3f36f173-4656-4d5a-831c-b6782f9f5ad2{ip: 192.168.151.122, host: pr-hdds-2121-ltkqc-3926781246, networkLocation: /default-rack, certSerialId: null}f1d6cbd0-cc55-4a8c-aff9-0f6c18a578e9{ip: 192.168.151.122, host: pr-hdds-2121-ltkqc-3926781246, networkLocation: /default-rack, certSerialId: null}befaacb7-99cd-4d87-819a-d941cb77279d{ip: 192.168.151.122, host: pr-hdds-2121-ltkqc-3926781246, networkLocation: /default-rack, certSerialId: null}, Type:RATIS, Factor:THREE, State:CLOSED] from datanode befaacb7-99cd-4d87-819a-d941cb77279d{ip: 192.168.151.122, host: pr-hdds-2121-ltkqc-3926781246, networkLocation: /default-rack, certSerialId: null}. Reason : befaacb7-99cd-4d87-819a-d941cb77279d has not seen follower/s f1d6cbd0-cc55-4a8c-aff9-0f6c18a578e9 for 152198ms 3f36f173-4656-4d5a-831c-b6782f9f5ad2 for 152199ms
2019-09-18 17:32:20,949 [EventQueue-PipelineActionsForPipelineActionHandler] INFO  pipeline.SCMPipelineManager (SCMPipelineManager.java:finalizeAndDestroyPipeline(311)) - destroying pipeline:Pipeline[ Id: ce0eb6e5-c999-4fde-aaf1-af8b3c156abb, Nodes: 3f36f173-4656-4d5a-831c-b6782f9f5ad2{ip: 192.168.151.122, host: pr-hdds-2121-ltkqc-3926781246, networkLocation: /default-rack, certSerialId: null}f1d6cbd0-cc55-4a8c-aff9-0f6c18a578e9{ip: 192.168.151.122, host: pr-hdds-2121-ltkqc-3926781246, networkLocation: /default-rack, certSerialId: null}befaacb7-99cd-4d87-819a-d941cb77279d{ip: 192.168.151.122, host: pr-hdds-2121-ltkqc-3926781246, networkLocation: /default-rack, certSerialId: null}, Type:RATIS, Factor:THREE, State:CLOSED]
2019-09-18 17:32:22,453 [org.apache.ratis.server.impl.LogAppender$AppenderDaemon$$Lambda$488/1062446665@29fe7a32] ERROR ratis.XceiverServerRatis (XceiverServerRatis.java:triggerPipelineClose(575)) - pipeline Action CLOSE  on pipeline PipelineID=ce0eb6e5-c999-4fde-aaf1-af8b3c156abb.Reason : befaacb7-99cd-4d87-819a-d941cb77279d has not seen follower/s f1d6cbd0-cc55-4a8c-aff9-0f6c18a578e9 for 154699ms 3f36f173-4656-4d5a-831c-b6782f9f5ad2 for 154700ms
2019-09-18 17:32:22,453 [org.apache.ratis.server.impl.LogAppender$AppenderDaemon$$Lambda$488/1062446665@5ec62807] ERROR ratis.XceiverServerRatis (XceiverServerRatis.java:triggerPipelineClose(575)) - pipeline Action CLOSE  on pipeline PipelineID=ce0eb6e5-c999-4fde-aaf1-af8b3c156abb.Reason : befaacb7-99cd-4d87-819a-d941cb77279d has not seen follower/s f1d6cbd0-cc55-4a8c-aff9-0f6c18a578e9 for 154699ms 3f36f173-4656-4d5a-831c-b6782f9f5ad2 for 154700ms
2019-09-18 17:32:22,949 [EventQueue-PipelineActionsForPipelineActionHandler] ERROR pipeline.PipelineActionHandler (PipelineActionHandler.java:onMessage(60)) - Received pipeline action CLOSE for Pipeline[ Id: ce0eb6e5-c999-4fde-aaf1-af8b3c156abb, Nodes: 3f36f173-4656-4d5a-831c-b6782f9f5ad2{ip: 192.168.151.122, host: pr-hdds-2121-ltkqc-3926781246, networkLocation: /default-rack, certSerialId: null}f1d6cbd0-cc55-4a8c-aff9-0f6c18a578e9{ip: 192.168.151.122, host: pr-hdds-2121-ltkqc-3926781246, networkLocation: /default-rack, certSerialId: null}befaacb7-99cd-4d87-819a-d941cb77279d{ip: 192.168.151.122, host: pr-hdds-2121-ltkqc-3926781246, networkLocation: /default-rack, certSerialId: null}, Type:RATIS, Factor:THREE, State:CLOSED] from datanode befaacb7-99cd-4d87-819a-d941cb77279d{ip: 192.168.151.122, host: pr-hdds-2121-ltkqc-3926781246, networkLocation: /default-rack, certSerialId: null}. Reason : befaacb7-99cd-4d87-819a-d941cb77279d has not seen follower/s f1d6cbd0-cc55-4a8c-aff9-0f6c18a578e9 for 154699ms 3f36f173-4656-4d5a-831c-b6782f9f5ad2 for 154700ms
2019-09-18 17:32:22,950 [EventQueue-PipelineActionsForPipelineActionHandler] INFO  pipeline.SCMPipelineManager (SCMPipelineManager.java:finalizeAndDestroyPipeline(311)) - destroying pipeline:Pipeline[ Id: ce0eb6e5-c999-4fde-aaf1-af8b3c156abb, Nodes: 3f36f173-4656-4d5a-831c-b6782f9f5ad2{ip: 192.168.151.122, host: pr-hdds-2121-ltkqc-3926781246, networkLocation: /default-rack, certSerialId: null}f1d6cbd0-cc55-4a8c-aff9-0f6c18a578e9{ip: 192.168.151.122, host: pr-hdds-2121-ltkqc-3926781246, networkLocation: /default-rack, certSerialId: null}befaacb7-99cd-4d87-819a-d941cb77279d{ip: 192.168.151.122, host: pr-hdds-2121-ltkqc-3926781246, networkLocation: /default-rack, certSerialId: null}, Type:RATIS, Factor:THREE, State:CLOSED]
2019-09-18 17:32:22,952 [java.util.concurrent.ThreadPoolExecutor$Worker@326853c1[State = -1, empty queue]] WARN  server.GrpcLogAppender (GrpcLogAppender.java:timeoutAppendRequest(200)) - befaacb7-99cd-4d87-819a-d941cb77279d@group-AF8B3C156ABB->f1d6cbd0-cc55-4a8c-aff9-0f6c18a578e9-GrpcLogAppender: appendEntries Timeout, request=befaacb7-99cd-4d87-819a-d941cb77279d->f1d6cbd0-cc55-4a8c-aff9-0f6c18a578e9#79-t1, previous=(t:1, i:13), leaderCommit=6, initializing? false, entries: <empty>
2019-09-18 17:32:22,952 [java.util.concurrent.ThreadPoolExecutor$Worker@56ebe215[State = -1, empty queue]] WARN  server.GrpcLogAppender (GrpcLogAppender.java:timeoutAppendRequest(200)) - befaacb7-99cd-4d87-819a-d941cb77279d@group-AF8B3C156ABB->3f36f173-4656-4d5a-831c-b6782f9f5ad2-GrpcLogAppender: appendEntries Timeout, request=befaacb7-99cd-4d87-819a-d941cb77279d->3f36f173-4656-4d5a-831c-b6782f9f5ad2#79-t1, previous=(t:1, i:13), leaderCommit=6, initializing? false, entries: <empty>
2019-09-18 17:32:24,131 [grpc-default-executor-6] INFO  client.GrpcClientProtocolClient (GrpcClientProtocolClient.java:onNext(264)) - client-A5AEF000217A->3f36f173-4656-4d5a-831c-b6782f9f5ad2: receive RaftClientReply:client-A5AEF000217A->3f36f173-4656-4d5a-831c-b6782f9f5ad2@group-AF8B3C156ABB, cid=131, FAILED org.apache.ratis.protocol.NotLeaderException: Server 3f36f173-4656-4d5a-831c-b6782f9f5ad2@group-AF8B3C156ABB is not the leader befaacb7-99cd-4d87-819a-d941cb77279d:192.168.151.122:44171, logIndex=0, commits[3f36f173-4656-4d5a-831c-b6782f9f5ad2:c6, f1d6cbd0-cc55-4a8c-aff9-0f6c18a578e9:c4, befaacb7-99cd-4d87-819a-d941cb77279d:c6]
2019-09-18 17:32:24,954 [org.apache.ratis.server.impl.LogAppender$AppenderDaemon$$Lambda$488/1062446665@29fe7a32] ERROR ratis.XceiverServerRatis (XceiverServerRatis.java:triggerPipelineClose(575)) - pipeline Action CLOSE  on pipeline PipelineID=ce0eb6e5-c999-4fde-aaf1-af8b3c156abb.Reason : befaacb7-99cd-4d87-819a-d941cb77279d has not seen follower/s f1d6cbd0-cc55-4a8c-aff9-0f6c18a578e9 for 157200ms 3f36f173-4656-4d5a-831c-b6782f9f5ad2 for 157201ms
2019-09-18 17:32:24,954 [org.apache.ratis.server.impl.LogAppender$AppenderDaemon$$Lambda$488/1062446665@5ec62807] ERROR ratis.XceiverServerRatis (XceiverServerRatis.java:triggerPipelineClose(575)) - pipeline Action CLOSE  on pipeline PipelineID=ce0eb6e5-c999-4fde-aaf1-af8b3c156abb.Reason : befaacb7-99cd-4d87-819a-d941cb77279d has not seen follower/s f1d6cbd0-cc55-4a8c-aff9-0f6c18a578e9 for 157200ms 3f36f173-4656-4d5a-831c-b6782f9f5ad2 for 157201ms
2019-09-18 17:32:25,453 [java.util.concurrent.ThreadPoolExecutor$Worker@56ebe215[State = -1, empty queue]] WARN  server.GrpcLogAppender (GrpcLogAppender.java:timeoutAppendRequest(200)) - befaacb7-99cd-4d87-819a-d941cb77279d@group-AF8B3C156ABB->3f36f173-4656-4d5a-831c-b6782f9f5ad2-GrpcLogAppender: appendEntries Timeout, request=befaacb7-99cd-4d87-819a-d941cb77279d->3f36f173-4656-4d5a-831c-b6782f9f5ad2#80-t1, previous=(t:1, i:13), leaderCommit=6, initializing? false, entries: <empty>
2019-09-18 17:32:25,453 [java.util.concurrent.ThreadPoolExecutor$Worker@326853c1[State = -1, empty queue]] WARN  server.GrpcLogAppender (GrpcLogAppender.java:timeoutAppendRequest(200)) - befaacb7-99cd-4d87-819a-d941cb77279d@group-AF8B3C156ABB->f1d6cbd0-cc55-4a8c-aff9-0f6c18a578e9-GrpcLogAppender: appendEntries Timeout, request=befaacb7-99cd-4d87-819a-d941cb77279d->f1d6cbd0-cc55-4a8c-aff9-0f6c18a578e9#80-t1, previous=(t:1, i:13), leaderCommit=6, initializing? false, entries: <empty>
2019-09-18 17:32:25,950 [EventQueue-PipelineActionsForPipelineActionHandler] ERROR pipeline.PipelineActionHandler (PipelineActionHandler.java:onMessage(60)) - Received pipeline action CLOSE for Pipeline[ Id: ce0eb6e5-c999-4fde-aaf1-af8b3c156abb, Nodes: 3f36f173-4656-4d5a-831c-b6782f9f5ad2{ip: 192.168.151.122, host: pr-hdds-2121-ltkqc-3926781246, networkLocation: /default-rack, certSerialId: null}f1d6cbd0-cc55-4a8c-aff9-0f6c18a578e9{ip: 192.168.151.122, host: pr-hdds-2121-ltkqc-3926781246, networkLocation: /default-rack, certSerialId: null}befaacb7-99cd-4d87-819a-d941cb77279d{ip: 192.168.151.122, host: pr-hdds-2121-ltkqc-3926781246, networkLocation: /default-rack, certSerialId: null}, Type:RATIS, Factor:THREE, State:CLOSED] from datanode befaacb7-99cd-4d87-819a-d941cb77279d{ip: 192.168.151.122, host: pr-hdds-2121-ltkqc-3926781246, networkLocation: /default-rack, certSerialId: null}. Reason : befaacb7-99cd-4d87-819a-d941cb77279d has not seen follower/s f1d6cbd0-cc55-4a8c-aff9-0f6c18a578e9 for 157200ms 3f36f173-4656-4d5a-831c-b6782f9f5ad2 for 157201ms
2019-09-18 17:32:25,950 [EventQueue-PipelineActionsForPipelineActionHandler] INFO  pipeline.SCMPipelineManager (SCMPipelineManager.java:finalizeAndDestroyPipeline(311)) - destroying pipeline:Pipeline[ Id: ce0eb6e5-c999-4fde-aaf1-af8b3c156abb, Nodes: 3f36f173-4656-4d5a-831c-b6782f9f5ad2{ip: 192.168.151.122, host: pr-hdds-2121-ltkqc-3926781246, networkLocation: /default-rack, certSerialId: null}f1d6cbd0-cc55-4a8c-aff9-0f6c18a578e9{ip: 192.168.151.122, host: pr-hdds-2121-ltkqc-3926781246, networkLocation: /default-rack, certSerialId: null}befaacb7-99cd-4d87-819a-d941cb77279d{ip: 192.168.151.122, host: pr-hdds-2121-ltkqc-3926781246, networkLocation: /default-rack, certSerialId: null}, Type:RATIS, Factor:THREE, State:CLOSED]
2019-09-18 17:32:27,456 [org.apache.ratis.server.impl.LogAppender$AppenderDaemon$$Lambda$488/1062446665@29fe7a32] ERROR ratis.XceiverServerRatis (XceiverServerRatis.java:triggerPipelineClose(575)) - pipeline Action CLOSE  on pipeline PipelineID=ce0eb6e5-c999-4fde-aaf1-af8b3c156abb.Reason : befaacb7-99cd-4d87-819a-d941cb77279d has not seen follower/s f1d6cbd0-cc55-4a8c-aff9-0f6c18a578e9 for 159702ms 3f36f173-4656-4d5a-831c-b6782f9f5ad2 for 159703ms
2019-09-18 17:32:27,456 [org.apache.ratis.server.impl.LogAppender$AppenderDaemon$$Lambda$488/1062446665@5ec62807] ERROR ratis.XceiverServerRatis (XceiverServerRatis.java:triggerPipelineClose(575)) - pipeline Action CLOSE  on pipeline PipelineID=ce0eb6e5-c999-4fde-aaf1-af8b3c156abb.Reason : befaacb7-99cd-4d87-819a-d941cb77279d has not seen follower/s f1d6cbd0-cc55-4a8c-aff9-0f6c18a578e9 for 159702ms 3f36f173-4656-4d5a-831c-b6782f9f5ad2 for 159703ms
2019-09-18 17:32:27,833 [befaacb7-99cd-4d87-819a-d941cb77279d@group-AF8B3C156ABB-SegmentedRaftLogWorker] WARN  segmented.SegmentedRaftLogWorker (SegmentedRaftLogWorker.java:getFromFuture(90)) - Timeout 15/~
org.apache.ratis.protocol.TimeoutIOException: Timeout 10s: WriteLog:7: (t:1, i:7), STATEMACHINELOGENTRY, client-A5AEF000217A, cid=131-writeStateMachineData
	at org.apache.ratis.util.IOUtils.getFromFuture(IOUtils.java:87)
	at org.apache.ratis.server.raftlog.segmented.SegmentedRaftLogWorker$StateMachineDataPolicy.getFromFuture(SegmentedRaftLogWorker.java:87)
	at org.apache.ratis.server.raftlog.segmented.SegmentedRaftLogWorker$WriteLog.execute(SegmentedRaftLogWorker.java:477)
	at org.apache.ratis.server.raftlog.segmented.SegmentedRaftLogWorker.run(SegmentedRaftLogWorker.java:289)
	at java.lang.Thread.run(Thread.java:748)
Caused by: java.util.concurrent.TimeoutException
	at java.util.concurrent.CompletableFuture.timedGet(CompletableFuture.java:1771)
	at java.util.concurrent.CompletableFuture.get(CompletableFuture.java:1915)
	at org.apache.ratis.util.IOUtils.getFromFuture(IOUtils.java:79)
	... 4 more
2019-09-18 17:32:27,844 [3f36f173-4656-4d5a-831c-b6782f9f5ad2@group-AF8B3C156ABB-SegmentedRaftLogWorker] WARN  segmented.SegmentedRaftLogWorker (SegmentedRaftLogWorker.java:getFromFuture(90)) - Timeout 15/~
org.apache.ratis.protocol.TimeoutIOException: Timeout 10s: WriteLog:7: (t:1, i:7), STATEMACHINELOGENTRY, client-A5AEF000217A, cid=131-writeStateMachineData
	at org.apache.ratis.util.IOUtils.getFromFuture(IOUtils.java:87)
	at org.apache.ratis.server.raftlog.segmented.SegmentedRaftLogWorker$StateMachineDataPolicy.getFromFuture(SegmentedRaftLogWorker.java:87)
	at org.apache.ratis.server.raftlog.segmented.SegmentedRaftLogWorker$WriteLog.execute(SegmentedRaftLogWorker.java:477)
	at org.apache.ratis.server.raftlog.segmented.SegmentedRaftLogWorker.run(SegmentedRaftLogWorker.java:289)
	at java.lang.Thread.run(Thread.java:748)
Caused by: java.util.concurrent.TimeoutException
	at java.util.concurrent.CompletableFuture.timedGet(CompletableFuture.java:1771)
	at java.util.concurrent.CompletableFuture.get(CompletableFuture.java:1915)
	at org.apache.ratis.util.IOUtils.getFromFuture(IOUtils.java:79)
	... 4 more
2019-09-18 17:32:27,874 [f1d6cbd0-cc55-4a8c-aff9-0f6c18a578e9@group-AF8B3C156ABB-SegmentedRaftLogWorker] WARN  segmented.SegmentedRaftLogWorker (SegmentedRaftLogWorker.java:getFromFuture(90)) - Timeout 15/~
org.apache.ratis.protocol.TimeoutIOException: Timeout 10s: WriteLog:7: (t:1, i:7), STATEMACHINELOGENTRY, client-A5AEF000217A, cid=131-writeStateMachineData
	at org.apache.ratis.util.IOUtils.getFromFuture(IOUtils.java:87)
	at org.apache.ratis.server.raftlog.segmented.SegmentedRaftLogWorker$StateMachineDataPolicy.getFromFuture(SegmentedRaftLogWorker.java:87)
	at org.apache.ratis.server.raftlog.segmented.SegmentedRaftLogWorker$WriteLog.execute(SegmentedRaftLogWorker.java:477)
	at org.apache.ratis.server.raftlog.segmented.SegmentedRaftLogWorker.run(SegmentedRaftLogWorker.java:289)
	at java.lang.Thread.run(Thread.java:748)
Caused by: java.util.concurrent.TimeoutException
	at java.util.concurrent.CompletableFuture.timedGet(CompletableFuture.java:1771)
	at java.util.concurrent.CompletableFuture.get(CompletableFuture.java:1915)
	at org.apache.ratis.util.IOUtils.getFromFuture(IOUtils.java:79)
	... 4 more
2019-09-18 17:32:27,951 [EventQueue-PipelineActionsForPipelineActionHandler] ERROR pipeline.PipelineActionHandler (PipelineActionHandler.java:onMessage(60)) - Received pipeline action CLOSE for Pipeline[ Id: ce0eb6e5-c999-4fde-aaf1-af8b3c156abb, Nodes: 3f36f173-4656-4d5a-831c-b6782f9f5ad2{ip: 192.168.151.122, host: pr-hdds-2121-ltkqc-3926781246, networkLocation: /default-rack, certSerialId: null}f1d6cbd0-cc55-4a8c-aff9-0f6c18a578e9{ip: 192.168.151.122, host: pr-hdds-2121-ltkqc-3926781246, networkLocation: /default-rack, certSerialId: null}befaacb7-99cd-4d87-819a-d941cb77279d{ip: 192.168.151.122, host: pr-hdds-2121-ltkqc-3926781246, networkLocation: /default-rack, certSerialId: null}, Type:RATIS, Factor:THREE, State:CLOSED] from datanode befaacb7-99cd-4d87-819a-d941cb77279d{ip: 192.168.151.122, host: pr-hdds-2121-ltkqc-3926781246, networkLocation: /default-rack, certSerialId: null}. Reason : befaacb7-99cd-4d87-819a-d941cb77279d has not seen follower/s f1d6cbd0-cc55-4a8c-aff9-0f6c18a578e9 for 159702ms 3f36f173-4656-4d5a-831c-b6782f9f5ad2 for 159703ms
2019-09-18 17:32:27,951 [EventQueue-PipelineActionsForPipelineActionHandler] INFO  pipeline.SCMPipelineManager (SCMPipelineManager.java:finalizeAndDestroyPipeline(311)) - destroying pipeline:Pipeline[ Id: ce0eb6e5-c999-4fde-aaf1-af8b3c156abb, Nodes: 3f36f173-4656-4d5a-831c-b6782f9f5ad2{ip: 192.168.151.122, host: pr-hdds-2121-ltkqc-3926781246, networkLocation: /default-rack, certSerialId: null}f1d6cbd0-cc55-4a8c-aff9-0f6c18a578e9{ip: 192.168.151.122, host: pr-hdds-2121-ltkqc-3926781246, networkLocation: /default-rack, certSerialId: null}befaacb7-99cd-4d87-819a-d941cb77279d{ip: 192.168.151.122, host: pr-hdds-2121-ltkqc-3926781246, networkLocation: /default-rack, certSerialId: null}, Type:RATIS, Factor:THREE, State:CLOSED]
2019-09-18 17:32:27,954 [java.util.concurrent.ThreadPoolExecutor$Worker@326853c1[State = -1, empty queue]] WARN  server.GrpcLogAppender (GrpcLogAppender.java:timeoutAppendRequest(200)) - befaacb7-99cd-4d87-819a-d941cb77279d@group-AF8B3C156ABB->f1d6cbd0-cc55-4a8c-aff9-0f6c18a578e9-GrpcLogAppender: appendEntries Timeout, request=befaacb7-99cd-4d87-819a-d941cb77279d->f1d6cbd0-cc55-4a8c-aff9-0f6c18a578e9#81-t1, previous=(t:1, i:13), leaderCommit=6, initializing? false, entries: <empty>
2019-09-18 17:32:27,954 [java.util.concurrent.ThreadPoolExecutor$Worker@56ebe215[State = -1, empty queue]] WARN  server.GrpcLogAppender (GrpcLogAppender.java:timeoutAppendRequest(200)) - befaacb7-99cd-4d87-819a-d941cb77279d@group-AF8B3C156ABB->3f36f173-4656-4d5a-831c-b6782f9f5ad2-GrpcLogAppender: appendEntries Timeout, request=befaacb7-99cd-4d87-819a-d941cb77279d->3f36f173-4656-4d5a-831c-b6782f9f5ad2#81-t1, previous=(t:1, i:13), leaderCommit=6, initializing? false, entries: <empty>
2019-09-18 17:32:29,168 [grpc-default-executor-6] INFO  client.GrpcClientProtocolClient (GrpcClientProtocolClient.java:onNext(264)) - client-A5AEF000217A->3f36f173-4656-4d5a-831c-b6782f9f5ad2: receive RaftClientReply:client-A5AEF000217A->3f36f173-4656-4d5a-831c-b6782f9f5ad2@group-AF8B3C156ABB, cid=131, FAILED org.apache.ratis.protocol.NotLeaderException: Server 3f36f173-4656-4d5a-831c-b6782f9f5ad2@group-AF8B3C156ABB is not the leader befaacb7-99cd-4d87-819a-d941cb77279d:192.168.151.122:44171, logIndex=0, commits[3f36f173-4656-4d5a-831c-b6782f9f5ad2:c6, f1d6cbd0-cc55-4a8c-aff9-0f6c18a578e9:c4, befaacb7-99cd-4d87-819a-d941cb77279d:c6]
2019-09-18 17:32:29,957 [org.apache.ratis.server.impl.LogAppender$AppenderDaemon$$Lambda$488/1062446665@5ec62807] ERROR ratis.XceiverServerRatis (XceiverServerRatis.java:triggerPipelineClose(575)) - pipeline Action CLOSE  on pipeline PipelineID=ce0eb6e5-c999-4fde-aaf1-af8b3c156abb.Reason : befaacb7-99cd-4d87-819a-d941cb77279d has not seen follower/s f1d6cbd0-cc55-4a8c-aff9-0f6c18a578e9 for 162203ms 3f36f173-4656-4d5a-831c-b6782f9f5ad2 for 162204ms
2019-09-18 17:32:29,957 [org.apache.ratis.server.impl.LogAppender$AppenderDaemon$$Lambda$488/1062446665@29fe7a32] ERROR ratis.XceiverServerRatis (XceiverServerRatis.java:triggerPipelineClose(575)) - pipeline Action CLOSE  on pipeline PipelineID=ce0eb6e5-c999-4fde-aaf1-af8b3c156abb.Reason : befaacb7-99cd-4d87-819a-d941cb77279d has not seen follower/s f1d6cbd0-cc55-4a8c-aff9-0f6c18a578e9 for 162203ms 3f36f173-4656-4d5a-831c-b6782f9f5ad2 for 162204ms
2019-09-18 17:32:30,456 [java.util.concurrent.ThreadPoolExecutor$Worker@326853c1[State = -1, empty queue]] WARN  server.GrpcLogAppender (GrpcLogAppender.java:timeoutAppendRequest(200)) - befaacb7-99cd-4d87-819a-d941cb77279d@group-AF8B3C156ABB->f1d6cbd0-cc55-4a8c-aff9-0f6c18a578e9-GrpcLogAppender: appendEntries Timeout, request=befaacb7-99cd-4d87-819a-d941cb77279d->f1d6cbd0-cc55-4a8c-aff9-0f6c18a578e9#82-t1, previous=(t:1, i:13), leaderCommit=6, initializing? false, entries: <empty>
2019-09-18 17:32:30,456 [java.util.concurrent.ThreadPoolExecutor$Worker@56ebe215[State = -1, empty queue]] WARN  server.GrpcLogAppender (GrpcLogAppender.java:timeoutAppendRequest(200)) - befaacb7-99cd-4d87-819a-d941cb77279d@group-AF8B3C156ABB->3f36f173-4656-4d5a-831c-b6782f9f5ad2-GrpcLogAppender: appendEntries Timeout, request=befaacb7-99cd-4d87-819a-d941cb77279d->3f36f173-4656-4d5a-831c-b6782f9f5ad2#82-t1, previous=(t:1, i:13), leaderCommit=6, initializing? false, entries: <empty>
2019-09-18 17:32:30,951 [EventQueue-PipelineActionsForPipelineActionHandler] ERROR pipeline.PipelineActionHandler (PipelineActionHandler.java:onMessage(60)) - Received pipeline action CLOSE for Pipeline[ Id: ce0eb6e5-c999-4fde-aaf1-af8b3c156abb, Nodes: 3f36f173-4656-4d5a-831c-b6782f9f5ad2{ip: 192.168.151.122, host: pr-hdds-2121-ltkqc-3926781246, networkLocation: /default-rack, certSerialId: null}f1d6cbd0-cc55-4a8c-aff9-0f6c18a578e9{ip: 192.168.151.122, host: pr-hdds-2121-ltkqc-3926781246, networkLocation: /default-rack, certSerialId: null}befaacb7-99cd-4d87-819a-d941cb77279d{ip: 192.168.151.122, host: pr-hdds-2121-ltkqc-3926781246, networkLocation: /default-rack, certSerialId: null}, Type:RATIS, Factor:THREE, State:CLOSED] from datanode befaacb7-99cd-4d87-819a-d941cb77279d{ip: 192.168.151.122, host: pr-hdds-2121-ltkqc-3926781246, networkLocation: /default-rack, certSerialId: null}. Reason : befaacb7-99cd-4d87-819a-d941cb77279d has not seen follower/s f1d6cbd0-cc55-4a8c-aff9-0f6c18a578e9 for 162203ms 3f36f173-4656-4d5a-831c-b6782f9f5ad2 for 162204ms
2019-09-18 17:32:30,952 [EventQueue-PipelineActionsForPipelineActionHandler] INFO  pipeline.SCMPipelineManager (SCMPipelineManager.java:finalizeAndDestroyPipeline(311)) - destroying pipeline:Pipeline[ Id: ce0eb6e5-c999-4fde-aaf1-af8b3c156abb, Nodes: 3f36f173-4656-4d5a-831c-b6782f9f5ad2{ip: 192.168.151.122, host: pr-hdds-2121-ltkqc-3926781246, networkLocation: /default-rack, certSerialId: null}f1d6cbd0-cc55-4a8c-aff9-0f6c18a578e9{ip: 192.168.151.122, host: pr-hdds-2121-ltkqc-3926781246, networkLocation: /default-rack, certSerialId: null}befaacb7-99cd-4d87-819a-d941cb77279d{ip: 192.168.151.122, host: pr-hdds-2121-ltkqc-3926781246, networkLocation: /default-rack, certSerialId: null}, Type:RATIS, Factor:THREE, State:CLOSED]
2019-09-18 17:32:32,458 [org.apache.ratis.server.impl.LogAppender$AppenderDaemon$$Lambda$488/1062446665@5ec62807] ERROR ratis.XceiverServerRatis (XceiverServerRatis.java:triggerPipelineClose(575)) - pipeline Action CLOSE  on pipeline PipelineID=ce0eb6e5-c999-4fde-aaf1-af8b3c156abb.Reason : befaacb7-99cd-4d87-819a-d941cb77279d has not seen follower/s f1d6cbd0-cc55-4a8c-aff9-0f6c18a578e9 for 164704ms 3f36f173-4656-4d5a-831c-b6782f9f5ad2 for 164705ms
2019-09-18 17:32:32,458 [org.apache.ratis.server.impl.LogAppender$AppenderDaemon$$Lambda$488/1062446665@29fe7a32] ERROR ratis.XceiverServerRatis (XceiverServerRatis.java:triggerPipelineClose(575)) - pipeline Action CLOSE  on pipeline PipelineID=ce0eb6e5-c999-4fde-aaf1-af8b3c156abb.Reason : befaacb7-99cd-4d87-819a-d941cb77279d has not seen follower/s f1d6cbd0-cc55-4a8c-aff9-0f6c18a578e9 for 164704ms 3f36f173-4656-4d5a-831c-b6782f9f5ad2 for 164705ms
2019-09-18 17:32:32,952 [EventQueue-PipelineActionsForPipelineActionHandler] ERROR pipeline.PipelineActionHandler (PipelineActionHandler.java:onMessage(60)) - Received pipeline action CLOSE for Pipeline[ Id: ce0eb6e5-c999-4fde-aaf1-af8b3c156abb, Nodes: 3f36f173-4656-4d5a-831c-b6782f9f5ad2{ip: 192.168.151.122, host: pr-hdds-2121-ltkqc-3926781246, networkLocation: /default-rack, certSerialId: null}f1d6cbd0-cc55-4a8c-aff9-0f6c18a578e9{ip: 192.168.151.122, host: pr-hdds-2121-ltkqc-3926781246, networkLocation: /default-rack, certSerialId: null}befaacb7-99cd-4d87-819a-d941cb77279d{ip: 192.168.151.122, host: pr-hdds-2121-ltkqc-3926781246, networkLocation: /default-rack, certSerialId: null}, Type:RATIS, Factor:THREE, State:CLOSED] from datanode befaacb7-99cd-4d87-819a-d941cb77279d{ip: 192.168.151.122, host: pr-hdds-2121-ltkqc-3926781246, networkLocation: /default-rack, certSerialId: null}. Reason : befaacb7-99cd-4d87-819a-d941cb77279d has not seen follower/s f1d6cbd0-cc55-4a8c-aff9-0f6c18a578e9 for 164704ms 3f36f173-4656-4d5a-831c-b6782f9f5ad2 for 164705ms
2019-09-18 17:32:32,952 [EventQueue-PipelineActionsForPipelineActionHandler] INFO  pipeline.SCMPipelineManager (SCMPipelineManager.java:finalizeAndDestroyPipeline(311)) - destroying pipeline:Pipeline[ Id: ce0eb6e5-c999-4fde-aaf1-af8b3c156abb, Nodes: 3f36f173-4656-4d5a-831c-b6782f9f5ad2{ip: 192.168.151.122, host: pr-hdds-2121-ltkqc-3926781246, networkLocation: /default-rack, certSerialId: null}f1d6cbd0-cc55-4a8c-aff9-0f6c18a578e9{ip: 192.168.151.122, host: pr-hdds-2121-ltkqc-3926781246, networkLocation: /default-rack, certSerialId: null}befaacb7-99cd-4d87-819a-d941cb77279d{ip: 192.168.151.122, host: pr-hdds-2121-ltkqc-3926781246, networkLocation: /default-rack, certSerialId: null}, Type:RATIS, Factor:THREE, State:CLOSED]
2019-09-18 17:32:32,957 [java.util.concurrent.ThreadPoolExecutor$Worker@56ebe215[State = -1, empty queue]] WARN  server.GrpcLogAppender (GrpcLogAppender.java:timeoutAppendRequest(200)) - befaacb7-99cd-4d87-819a-d941cb77279d@group-AF8B3C156ABB->3f36f173-4656-4d5a-831c-b6782f9f5ad2-GrpcLogAppender: appendEntries Timeout, request=befaacb7-99cd-4d87-819a-d941cb77279d->3f36f173-4656-4d5a-831c-b6782f9f5ad2#83-t1, previous=(t:1, i:13), leaderCommit=6, initializing? false, entries: <empty>
2019-09-18 17:32:32,957 [java.util.concurrent.ThreadPoolExecutor$Worker@326853c1[State = -1, empty queue]] WARN  server.GrpcLogAppender (GrpcLogAppender.java:timeoutAppendRequest(200)) - befaacb7-99cd-4d87-819a-d941cb77279d@group-AF8B3C156ABB->f1d6cbd0-cc55-4a8c-aff9-0f6c18a578e9-GrpcLogAppender: appendEntries Timeout, request=befaacb7-99cd-4d87-819a-d941cb77279d->f1d6cbd0-cc55-4a8c-aff9-0f6c18a578e9#83-t1, previous=(t:1, i:13), leaderCommit=6, initializing? false, entries: <empty>
2019-09-18 17:32:34,207 [grpc-default-executor-6] INFO  client.GrpcClientProtocolClient (GrpcClientProtocolClient.java:onNext(264)) - client-A5AEF000217A->f1d6cbd0-cc55-4a8c-aff9-0f6c18a578e9: receive RaftClientReply:client-A5AEF000217A->f1d6cbd0-cc55-4a8c-aff9-0f6c18a578e9@group-AF8B3C156ABB, cid=131, FAILED org.apache.ratis.protocol.NotLeaderException: Server f1d6cbd0-cc55-4a8c-aff9-0f6c18a578e9@group-AF8B3C156ABB is not the leader befaacb7-99cd-4d87-819a-d941cb77279d:192.168.151.122:44171, logIndex=0, commits[f1d6cbd0-cc55-4a8c-aff9-0f6c18a578e9:c6, befaacb7-99cd-4d87-819a-d941cb77279d:c6, 3f36f173-4656-4d5a-831c-b6782f9f5ad2:c4]
2019-09-18 17:32:34,958 [org.apache.ratis.server.impl.LogAppender$AppenderDaemon$$Lambda$488/1062446665@5ec62807] ERROR ratis.XceiverServerRatis (XceiverServerRatis.java:triggerPipelineClose(575)) - pipeline Action CLOSE  on pipeline PipelineID=ce0eb6e5-c999-4fde-aaf1-af8b3c156abb.Reason : befaacb7-99cd-4d87-819a-d941cb77279d has not seen follower/s f1d6cbd0-cc55-4a8c-aff9-0f6c18a578e9 for 167205ms 3f36f173-4656-4d5a-831c-b6782f9f5ad2 for 167205ms
2019-09-18 17:32:34,958 [org.apache.ratis.server.impl.LogAppender$AppenderDaemon$$Lambda$488/1062446665@29fe7a32] ERROR ratis.XceiverServerRatis (XceiverServerRatis.java:triggerPipelineClose(575)) - pipeline Action CLOSE  on pipeline PipelineID=ce0eb6e5-c999-4fde-aaf1-af8b3c156abb.Reason : befaacb7-99cd-4d87-819a-d941cb77279d has not seen follower/s f1d6cbd0-cc55-4a8c-aff9-0f6c18a578e9 for 167205ms 3f36f173-4656-4d5a-831c-b6782f9f5ad2 for 167205ms
2019-09-18 17:32:35,458 [java.util.concurrent.ThreadPoolExecutor$Worker@56ebe215[State = -1, empty queue]] WARN  server.GrpcLogAppender (GrpcLogAppender.java:timeoutAppendRequest(200)) - befaacb7-99cd-4d87-819a-d941cb77279d@group-AF8B3C156ABB->3f36f173-4656-4d5a-831c-b6782f9f5ad2-GrpcLogAppender: appendEntries Timeout, request=befaacb7-99cd-4d87-819a-d941cb77279d->3f36f173-4656-4d5a-831c-b6782f9f5ad2#84-t1, previous=(t:1, i:13), leaderCommit=6, initializing? false, entries: <empty>
2019-09-18 17:32:35,458 [java.util.concurrent.ThreadPoolExecutor$Worker@326853c1[State = -1, empty queue]] WARN  server.GrpcLogAppender (GrpcLogAppender.java:timeoutAppendRequest(200)) - befaacb7-99cd-4d87-819a-d941cb77279d@group-AF8B3C156ABB->f1d6cbd0-cc55-4a8c-aff9-0f6c18a578e9-GrpcLogAppender: appendEntries Timeout, request=befaacb7-99cd-4d87-819a-d941cb77279d->f1d6cbd0-cc55-4a8c-aff9-0f6c18a578e9#84-t1, previous=(t:1, i:13), leaderCommit=6, initializing? false, entries: <empty>
2019-09-18 17:32:35,952 [EventQueue-PipelineActionsForPipelineActionHandler] ERROR pipeline.PipelineActionHandler (PipelineActionHandler.java:onMessage(60)) - Received pipeline action CLOSE for Pipeline[ Id: ce0eb6e5-c999-4fde-aaf1-af8b3c156abb, Nodes: 3f36f173-4656-4d5a-831c-b6782f9f5ad2{ip: 192.168.151.122, host: pr-hdds-2121-ltkqc-3926781246, networkLocation: /default-rack, certSerialId: null}f1d6cbd0-cc55-4a8c-aff9-0f6c18a578e9{ip: 192.168.151.122, host: pr-hdds-2121-ltkqc-3926781246, networkLocation: /default-rack, certSerialId: null}befaacb7-99cd-4d87-819a-d941cb77279d{ip: 192.168.151.122, host: pr-hdds-2121-ltkqc-3926781246, networkLocation: /default-rack, certSerialId: null}, Type:RATIS, Factor:THREE, State:CLOSED] from datanode befaacb7-99cd-4d87-819a-d941cb77279d{ip: 192.168.151.122, host: pr-hdds-2121-ltkqc-3926781246, networkLocation: /default-rack, certSerialId: null}. Reason : befaacb7-99cd-4d87-819a-d941cb77279d has not seen follower/s f1d6cbd0-cc55-4a8c-aff9-0f6c18a578e9 for 167205ms 3f36f173-4656-4d5a-831c-b6782f9f5ad2 for 167205ms
2019-09-18 17:32:35,953 [EventQueue-PipelineActionsForPipelineActionHandler] INFO  pipeline.SCMPipelineManager (SCMPipelineManager.java:finalizeAndDestroyPipeline(311)) - destroying pipeline:Pipeline[ Id: ce0eb6e5-c999-4fde-aaf1-af8b3c156abb, Nodes: 3f36f173-4656-4d5a-831c-b6782f9f5ad2{ip: 192.168.151.122, host: pr-hdds-2121-ltkqc-3926781246, networkLocation: /default-rack, certSerialId: null}f1d6cbd0-cc55-4a8c-aff9-0f6c18a578e9{ip: 192.168.151.122, host: pr-hdds-2121-ltkqc-3926781246, networkLocation: /default-rack, certSerialId: null}befaacb7-99cd-4d87-819a-d941cb77279d{ip: 192.168.151.122, host: pr-hdds-2121-ltkqc-3926781246, networkLocation: /default-rack, certSerialId: null}, Type:RATIS, Factor:THREE, State:CLOSED]
2019-09-18 17:32:37,461 [org.apache.ratis.server.impl.LogAppender$AppenderDaemon$$Lambda$488/1062446665@5ec62807] ERROR ratis.XceiverServerRatis (XceiverServerRatis.java:triggerPipelineClose(575)) - pipeline Action CLOSE  on pipeline PipelineID=ce0eb6e5-c999-4fde-aaf1-af8b3c156abb.Reason : befaacb7-99cd-4d87-819a-d941cb77279d has not seen follower/s f1d6cbd0-cc55-4a8c-aff9-0f6c18a578e9 for 169707ms 3f36f173-4656-4d5a-831c-b6782f9f5ad2 for 169708ms
2019-09-18 17:32:37,461 [org.apache.ratis.server.impl.LogAppender$AppenderDaemon$$Lambda$488/1062446665@29fe7a32] ERROR ratis.XceiverServerRatis (XceiverServerRatis.java:triggerPipelineClose(575)) - pipeline Action CLOSE  on pipeline PipelineID=ce0eb6e5-c999-4fde-aaf1-af8b3c156abb.Reason : befaacb7-99cd-4d87-819a-d941cb77279d has not seen follower/s f1d6cbd0-cc55-4a8c-aff9-0f6c18a578e9 for 169707ms 3f36f173-4656-4d5a-831c-b6782f9f5ad2 for 169708ms
2019-09-18 17:32:37,835 [befaacb7-99cd-4d87-819a-d941cb77279d@group-AF8B3C156ABB-SegmentedRaftLogWorker] WARN  segmented.SegmentedRaftLogWorker (SegmentedRaftLogWorker.java:getFromFuture(90)) - Timeout 16/~
org.apache.ratis.protocol.TimeoutIOException: Timeout 10s: WriteLog:7: (t:1, i:7), STATEMACHINELOGENTRY, client-A5AEF000217A, cid=131-writeStateMachineData
	at org.apache.ratis.util.IOUtils.getFromFuture(IOUtils.java:87)
	at org.apache.ratis.server.raftlog.segmented.SegmentedRaftLogWorker$StateMachineDataPolicy.getFromFuture(SegmentedRaftLogWorker.java:87)
	at org.apache.ratis.server.raftlog.segmented.SegmentedRaftLogWorker$WriteLog.execute(SegmentedRaftLogWorker.java:477)
	at org.apache.ratis.server.raftlog.segmented.SegmentedRaftLogWorker.run(SegmentedRaftLogWorker.java:289)
	at java.lang.Thread.run(Thread.java:748)
Caused by: java.util.concurrent.TimeoutException
	at java.util.concurrent.CompletableFuture.timedGet(CompletableFuture.java:1771)
	at java.util.concurrent.CompletableFuture.get(CompletableFuture.java:1915)
	at org.apache.ratis.util.IOUtils.getFromFuture(IOUtils.java:79)
	... 4 more
2019-09-18 17:32:37,874 [3f36f173-4656-4d5a-831c-b6782f9f5ad2@group-AF8B3C156ABB-SegmentedRaftLogWorker] WARN  segmented.SegmentedRaftLogWorker (SegmentedRaftLogWorker.java:getFromFuture(90)) - Timeout 16/~
org.apache.ratis.protocol.TimeoutIOException: Timeout 10s: WriteLog:7: (t:1, i:7), STATEMACHINELOGENTRY, client-A5AEF000217A, cid=131-writeStateMachineData
	at org.apache.ratis.util.IOUtils.getFromFuture(IOUtils.java:87)
	at org.apache.ratis.server.raftlog.segmented.SegmentedRaftLogWorker$StateMachineDataPolicy.getFromFuture(SegmentedRaftLogWorker.java:87)
	at org.apache.ratis.server.raftlog.segmented.SegmentedRaftLogWorker$WriteLog.execute(SegmentedRaftLogWorker.java:477)
	at org.apache.ratis.server.raftlog.segmented.SegmentedRaftLogWorker.run(SegmentedRaftLogWorker.java:289)
	at java.lang.Thread.run(Thread.java:748)
Caused by: java.util.concurrent.TimeoutException
	at java.util.concurrent.CompletableFuture.timedGet(CompletableFuture.java:1771)
	at java.util.concurrent.CompletableFuture.get(CompletableFuture.java:1915)
	at org.apache.ratis.util.IOUtils.getFromFuture(IOUtils.java:79)
	... 4 more
2019-09-18 17:32:37,875 [f1d6cbd0-cc55-4a8c-aff9-0f6c18a578e9@group-AF8B3C156ABB-SegmentedRaftLogWorker] WARN  segmented.SegmentedRaftLogWorker (SegmentedRaftLogWorker.java:getFromFuture(90)) - Timeout 16/~
org.apache.ratis.protocol.TimeoutIOException: Timeout 10s: WriteLog:7: (t:1, i:7), STATEMACHINELOGENTRY, client-A5AEF000217A, cid=131-writeStateMachineData
	at org.apache.ratis.util.IOUtils.getFromFuture(IOUtils.java:87)
	at org.apache.ratis.server.raftlog.segmented.SegmentedRaftLogWorker$StateMachineDataPolicy.getFromFuture(SegmentedRaftLogWorker.java:87)
	at org.apache.ratis.server.raftlog.segmented.SegmentedRaftLogWorker$WriteLog.execute(SegmentedRaftLogWorker.java:477)
	at org.apache.ratis.server.raftlog.segmented.SegmentedRaftLogWorker.run(SegmentedRaftLogWorker.java:289)
	at java.lang.Thread.run(Thread.java:748)
Caused by: java.util.concurrent.TimeoutException
	at java.util.concurrent.CompletableFuture.timedGet(CompletableFuture.java:1771)
	at java.util.concurrent.CompletableFuture.get(CompletableFuture.java:1915)
	at org.apache.ratis.util.IOUtils.getFromFuture(IOUtils.java:79)
	... 4 more
2019-09-18 17:32:37,953 [EventQueue-PipelineActionsForPipelineActionHandler] ERROR pipeline.PipelineActionHandler (PipelineActionHandler.java:onMessage(60)) - Received pipeline action CLOSE for Pipeline[ Id: ce0eb6e5-c999-4fde-aaf1-af8b3c156abb, Nodes: 3f36f173-4656-4d5a-831c-b6782f9f5ad2{ip: 192.168.151.122, host: pr-hdds-2121-ltkqc-3926781246, networkLocation: /default-rack, certSerialId: null}f1d6cbd0-cc55-4a8c-aff9-0f6c18a578e9{ip: 192.168.151.122, host: pr-hdds-2121-ltkqc-3926781246, networkLocation: /default-rack, certSerialId: null}befaacb7-99cd-4d87-819a-d941cb77279d{ip: 192.168.151.122, host: pr-hdds-2121-ltkqc-3926781246, networkLocation: /default-rack, certSerialId: null}, Type:RATIS, Factor:THREE, State:CLOSED] from datanode befaacb7-99cd-4d87-819a-d941cb77279d{ip: 192.168.151.122, host: pr-hdds-2121-ltkqc-3926781246, networkLocation: /default-rack, certSerialId: null}. Reason : befaacb7-99cd-4d87-819a-d941cb77279d has not seen follower/s f1d6cbd0-cc55-4a8c-aff9-0f6c18a578e9 for 169707ms 3f36f173-4656-4d5a-831c-b6782f9f5ad2 for 169708ms
2019-09-18 17:32:37,953 [EventQueue-PipelineActionsForPipelineActionHandler] INFO  pipeline.SCMPipelineManager (SCMPipelineManager.java:finalizeAndDestroyPipeline(311)) - destroying pipeline:Pipeline[ Id: ce0eb6e5-c999-4fde-aaf1-af8b3c156abb, Nodes: 3f36f173-4656-4d5a-831c-b6782f9f5ad2{ip: 192.168.151.122, host: pr-hdds-2121-ltkqc-3926781246, networkLocation: /default-rack, certSerialId: null}f1d6cbd0-cc55-4a8c-aff9-0f6c18a578e9{ip: 192.168.151.122, host: pr-hdds-2121-ltkqc-3926781246, networkLocation: /default-rack, certSerialId: null}befaacb7-99cd-4d87-819a-d941cb77279d{ip: 192.168.151.122, host: pr-hdds-2121-ltkqc-3926781246, networkLocation: /default-rack, certSerialId: null}, Type:RATIS, Factor:THREE, State:CLOSED]
2019-09-18 17:32:37,958 [java.util.concurrent.ThreadPoolExecutor$Worker@326853c1[State = -1, empty queue]] WARN  server.GrpcLogAppender (GrpcLogAppender.java:timeoutAppendRequest(200)) - befaacb7-99cd-4d87-819a-d941cb77279d@group-AF8B3C156ABB->f1d6cbd0-cc55-4a8c-aff9-0f6c18a578e9-GrpcLogAppender: appendEntries Timeout, request=befaacb7-99cd-4d87-819a-d941cb77279d->f1d6cbd0-cc55-4a8c-aff9-0f6c18a578e9#85-t1, previous=(t:1, i:13), leaderCommit=6, initializing? false, entries: <empty>
2019-09-18 17:32:37,958 [java.util.concurrent.ThreadPoolExecutor$Worker@56ebe215[State = -1, empty queue]] WARN  server.GrpcLogAppender (GrpcLogAppender.java:timeoutAppendRequest(200)) - befaacb7-99cd-4d87-819a-d941cb77279d@group-AF8B3C156ABB->3f36f173-4656-4d5a-831c-b6782f9f5ad2-GrpcLogAppender: appendEntries Timeout, request=befaacb7-99cd-4d87-819a-d941cb77279d->3f36f173-4656-4d5a-831c-b6782f9f5ad2#85-t1, previous=(t:1, i:13), leaderCommit=6, initializing? false, entries: <empty>
2019-09-18 17:32:39,251 [grpc-default-executor-6] INFO  client.GrpcClientProtocolClient (GrpcClientProtocolClient.java:onNext(264)) - client-A5AEF000217A->3f36f173-4656-4d5a-831c-b6782f9f5ad2: receive RaftClientReply:client-A5AEF000217A->3f36f173-4656-4d5a-831c-b6782f9f5ad2@group-AF8B3C156ABB, cid=131, FAILED org.apache.ratis.protocol.NotLeaderException: Server 3f36f173-4656-4d5a-831c-b6782f9f5ad2@group-AF8B3C156ABB is not the leader befaacb7-99cd-4d87-819a-d941cb77279d:192.168.151.122:44171, logIndex=0, commits[3f36f173-4656-4d5a-831c-b6782f9f5ad2:c6, f1d6cbd0-cc55-4a8c-aff9-0f6c18a578e9:c4, befaacb7-99cd-4d87-819a-d941cb77279d:c6]
2019-09-18 17:32:39,961 [org.apache.ratis.server.impl.LogAppender$AppenderDaemon$$Lambda$488/1062446665@5ec62807] ERROR ratis.XceiverServerRatis (XceiverServerRatis.java:triggerPipelineClose(575)) - pipeline Action CLOSE  on pipeline PipelineID=ce0eb6e5-c999-4fde-aaf1-af8b3c156abb.Reason : befaacb7-99cd-4d87-819a-d941cb77279d has not seen follower/s f1d6cbd0-cc55-4a8c-aff9-0f6c18a578e9 for 172208ms 3f36f173-4656-4d5a-831c-b6782f9f5ad2 for 172208ms
2019-09-18 17:32:39,962 [org.apache.ratis.server.impl.LogAppender$AppenderDaemon$$Lambda$488/1062446665@29fe7a32] ERROR ratis.XceiverServerRatis (XceiverServerRatis.java:triggerPipelineClose(575)) - pipeline Action CLOSE  on pipeline PipelineID=ce0eb6e5-c999-4fde-aaf1-af8b3c156abb.Reason : befaacb7-99cd-4d87-819a-d941cb77279d has not seen follower/s f1d6cbd0-cc55-4a8c-aff9-0f6c18a578e9 for 172208ms 3f36f173-4656-4d5a-831c-b6782f9f5ad2 for 172209ms
2019-09-18 17:32:40,460 [java.util.concurrent.ThreadPoolExecutor$Worker@326853c1[State = -1, empty queue]] WARN  server.GrpcLogAppender (GrpcLogAppender.java:timeoutAppendRequest(200)) - befaacb7-99cd-4d87-819a-d941cb77279d@group-AF8B3C156ABB->f1d6cbd0-cc55-4a8c-aff9-0f6c18a578e9-GrpcLogAppender: appendEntries Timeout, request=befaacb7-99cd-4d87-819a-d941cb77279d->f1d6cbd0-cc55-4a8c-aff9-0f6c18a578e9#86-t1, previous=(t:1, i:13), leaderCommit=6, initializing? false, entries: <empty>
2019-09-18 17:32:40,460 [java.util.concurrent.ThreadPoolExecutor$Worker@56ebe215[State = -1, empty queue]] WARN  server.GrpcLogAppender (GrpcLogAppender.java:timeoutAppendRequest(200)) - befaacb7-99cd-4d87-819a-d941cb77279d@group-AF8B3C156ABB->3f36f173-4656-4d5a-831c-b6782f9f5ad2-GrpcLogAppender: appendEntries Timeout, request=befaacb7-99cd-4d87-819a-d941cb77279d->3f36f173-4656-4d5a-831c-b6782f9f5ad2#86-t1, previous=(t:1, i:13), leaderCommit=6, initializing? false, entries: <empty>
2019-09-18 17:32:40,952 [EventQueue-PipelineActionsForPipelineActionHandler] ERROR pipeline.PipelineActionHandler (PipelineActionHandler.java:onMessage(60)) - Received pipeline action CLOSE for Pipeline[ Id: ce0eb6e5-c999-4fde-aaf1-af8b3c156abb, Nodes: 3f36f173-4656-4d5a-831c-b6782f9f5ad2{ip: 192.168.151.122, host: pr-hdds-2121-ltkqc-3926781246, networkLocation: /default-rack, certSerialId: null}f1d6cbd0-cc55-4a8c-aff9-0f6c18a578e9{ip: 192.168.151.122, host: pr-hdds-2121-ltkqc-3926781246, networkLocation: /default-rack, certSerialId: null}befaacb7-99cd-4d87-819a-d941cb77279d{ip: 192.168.151.122, host: pr-hdds-2121-ltkqc-3926781246, networkLocation: /default-rack, certSerialId: null}, Type:RATIS, Factor:THREE, State:CLOSED] from datanode befaacb7-99cd-4d87-819a-d941cb77279d{ip: 192.168.151.122, host: pr-hdds-2121-ltkqc-3926781246, networkLocation: /default-rack, certSerialId: null}. Reason : befaacb7-99cd-4d87-819a-d941cb77279d has not seen follower/s f1d6cbd0-cc55-4a8c-aff9-0f6c18a578e9 for 172208ms 3f36f173-4656-4d5a-831c-b6782f9f5ad2 for 172208ms
2019-09-18 17:32:40,952 [EventQueue-PipelineActionsForPipelineActionHandler] INFO  pipeline.SCMPipelineManager (SCMPipelineManager.java:finalizeAndDestroyPipeline(311)) - destroying pipeline:Pipeline[ Id: ce0eb6e5-c999-4fde-aaf1-af8b3c156abb, Nodes: 3f36f173-4656-4d5a-831c-b6782f9f5ad2{ip: 192.168.151.122, host: pr-hdds-2121-ltkqc-3926781246, networkLocation: /default-rack, certSerialId: null}f1d6cbd0-cc55-4a8c-aff9-0f6c18a578e9{ip: 192.168.151.122, host: pr-hdds-2121-ltkqc-3926781246, networkLocation: /default-rack, certSerialId: null}befaacb7-99cd-4d87-819a-d941cb77279d{ip: 192.168.151.122, host: pr-hdds-2121-ltkqc-3926781246, networkLocation: /default-rack, certSerialId: null}, Type:RATIS, Factor:THREE, State:CLOSED]
2019-09-18 17:32:42,463 [org.apache.ratis.server.impl.LogAppender$AppenderDaemon$$Lambda$488/1062446665@5ec62807] ERROR ratis.XceiverServerRatis (XceiverServerRatis.java:triggerPipelineClose(575)) - pipeline Action CLOSE  on pipeline PipelineID=ce0eb6e5-c999-4fde-aaf1-af8b3c156abb.Reason : befaacb7-99cd-4d87-819a-d941cb77279d has not seen follower/s f1d6cbd0-cc55-4a8c-aff9-0f6c18a578e9 for 174709ms 3f36f173-4656-4d5a-831c-b6782f9f5ad2 for 174710ms
2019-09-18 17:32:42,463 [org.apache.ratis.server.impl.LogAppender$AppenderDaemon$$Lambda$488/1062446665@29fe7a32] ERROR ratis.XceiverServerRatis (XceiverServerRatis.java:triggerPipelineClose(575)) - pipeline Action CLOSE  on pipeline PipelineID=ce0eb6e5-c999-4fde-aaf1-af8b3c156abb.Reason : befaacb7-99cd-4d87-819a-d941cb77279d has not seen follower/s f1d6cbd0-cc55-4a8c-aff9-0f6c18a578e9 for 174709ms 3f36f173-4656-4d5a-831c-b6782f9f5ad2 for 174710ms
2019-09-18 17:32:42,953 [EventQueue-PipelineActionsForPipelineActionHandler] ERROR pipeline.PipelineActionHandler (PipelineActionHandler.java:onMessage(60)) - Received pipeline action CLOSE for Pipeline[ Id: ce0eb6e5-c999-4fde-aaf1-af8b3c156abb, Nodes: 3f36f173-4656-4d5a-831c-b6782f9f5ad2{ip: 192.168.151.122, host: pr-hdds-2121-ltkqc-3926781246, networkLocation: /default-rack, certSerialId: null}f1d6cbd0-cc55-4a8c-aff9-0f6c18a578e9{ip: 192.168.151.122, host: pr-hdds-2121-ltkqc-3926781246, networkLocation: /default-rack, certSerialId: null}befaacb7-99cd-4d87-819a-d941cb77279d{ip: 192.168.151.122, host: pr-hdds-2121-ltkqc-3926781246, networkLocation: /default-rack, certSerialId: null}, Type:RATIS, Factor:THREE, State:CLOSED] from datanode befaacb7-99cd-4d87-819a-d941cb77279d{ip: 192.168.151.122, host: pr-hdds-2121-ltkqc-3926781246, networkLocation: /default-rack, certSerialId: null}. Reason : befaacb7-99cd-4d87-819a-d941cb77279d has not seen follower/s f1d6cbd0-cc55-4a8c-aff9-0f6c18a578e9 for 174709ms 3f36f173-4656-4d5a-831c-b6782f9f5ad2 for 174710ms
2019-09-18 17:32:42,953 [EventQueue-PipelineActionsForPipelineActionHandler] INFO  pipeline.SCMPipelineManager (SCMPipelineManager.java:finalizeAndDestroyPipeline(311)) - destroying pipeline:Pipeline[ Id: ce0eb6e5-c999-4fde-aaf1-af8b3c156abb, Nodes: 3f36f173-4656-4d5a-831c-b6782f9f5ad2{ip: 192.168.151.122, host: pr-hdds-2121-ltkqc-3926781246, networkLocation: /default-rack, certSerialId: null}f1d6cbd0-cc55-4a8c-aff9-0f6c18a578e9{ip: 192.168.151.122, host: pr-hdds-2121-ltkqc-3926781246, networkLocation: /default-rack, certSerialId: null}befaacb7-99cd-4d87-819a-d941cb77279d{ip: 192.168.151.122, host: pr-hdds-2121-ltkqc-3926781246, networkLocation: /default-rack, certSerialId: null}, Type:RATIS, Factor:THREE, State:CLOSED]
2019-09-18 17:32:42,961 [java.util.concurrent.ThreadPoolExecutor$Worker@326853c1[State = -1, empty queue]] WARN  server.GrpcLogAppender (GrpcLogAppender.java:timeoutAppendRequest(200)) - befaacb7-99cd-4d87-819a-d941cb77279d@group-AF8B3C156ABB->f1d6cbd0-cc55-4a8c-aff9-0f6c18a578e9-GrpcLogAppender: appendEntries Timeout, request=befaacb7-99cd-4d87-819a-d941cb77279d->f1d6cbd0-cc55-4a8c-aff9-0f6c18a578e9#87-t1, previous=(t:1, i:13), leaderCommit=6, initializing? false, entries: <empty>
2019-09-18 17:32:42,961 [java.util.concurrent.ThreadPoolExecutor$Worker@56ebe215[State = -1, empty queue]] WARN  server.GrpcLogAppender (GrpcLogAppender.java:timeoutAppendRequest(200)) - befaacb7-99cd-4d87-819a-d941cb77279d@group-AF8B3C156ABB->3f36f173-4656-4d5a-831c-b6782f9f5ad2-GrpcLogAppender: appendEntries Timeout, request=befaacb7-99cd-4d87-819a-d941cb77279d->3f36f173-4656-4d5a-831c-b6782f9f5ad2#87-t1, previous=(t:1, i:13), leaderCommit=6, initializing? false, entries: <empty>
2019-09-18 17:32:44,306 [grpc-default-executor-6] INFO  client.GrpcClientProtocolClient (GrpcClientProtocolClient.java:onNext(264)) - client-A5AEF000217A->3f36f173-4656-4d5a-831c-b6782f9f5ad2: receive RaftClientReply:client-A5AEF000217A->3f36f173-4656-4d5a-831c-b6782f9f5ad2@group-AF8B3C156ABB, cid=131, FAILED org.apache.ratis.protocol.NotLeaderException: Server 3f36f173-4656-4d5a-831c-b6782f9f5ad2@group-AF8B3C156ABB is not the leader befaacb7-99cd-4d87-819a-d941cb77279d:192.168.151.122:44171, logIndex=0, commits[3f36f173-4656-4d5a-831c-b6782f9f5ad2:c6, f1d6cbd0-cc55-4a8c-aff9-0f6c18a578e9:c4, befaacb7-99cd-4d87-819a-d941cb77279d:c6]
2019-09-18 17:32:44,963 [org.apache.ratis.server.impl.LogAppender$AppenderDaemon$$Lambda$488/1062446665@5ec62807] ERROR ratis.XceiverServerRatis (XceiverServerRatis.java:triggerPipelineClose(575)) - pipeline Action CLOSE  on pipeline PipelineID=ce0eb6e5-c999-4fde-aaf1-af8b3c156abb.Reason : befaacb7-99cd-4d87-819a-d941cb77279d has not seen follower/s f1d6cbd0-cc55-4a8c-aff9-0f6c18a578e9 for 177210ms 3f36f173-4656-4d5a-831c-b6782f9f5ad2 for 177210ms
2019-09-18 17:32:44,964 [org.apache.ratis.server.impl.LogAppender$AppenderDaemon$$Lambda$488/1062446665@29fe7a32] ERROR ratis.XceiverServerRatis (XceiverServerRatis.java:triggerPipelineClose(575)) - pipeline Action CLOSE  on pipeline PipelineID=ce0eb6e5-c999-4fde-aaf1-af8b3c156abb.Reason : befaacb7-99cd-4d87-819a-d941cb77279d has not seen follower/s f1d6cbd0-cc55-4a8c-aff9-0f6c18a578e9 for 177210ms 3f36f173-4656-4d5a-831c-b6782f9f5ad2 for 177211ms
2019-09-18 17:32:45,462 [java.util.concurrent.ThreadPoolExecutor$Worker@326853c1[State = -1, empty queue]] WARN  server.GrpcLogAppender (GrpcLogAppender.java:timeoutAppendRequest(200)) - befaacb7-99cd-4d87-819a-d941cb77279d@group-AF8B3C156ABB->f1d6cbd0-cc55-4a8c-aff9-0f6c18a578e9-GrpcLogAppender: appendEntries Timeout, request=befaacb7-99cd-4d87-819a-d941cb77279d->f1d6cbd0-cc55-4a8c-aff9-0f6c18a578e9#88-t1, previous=(t:1, i:13), leaderCommit=6, initializing? false, entries: <empty>
2019-09-18 17:32:45,462 [java.util.concurrent.ThreadPoolExecutor$Worker@56ebe215[State = -1, empty queue]] WARN  server.GrpcLogAppender (GrpcLogAppender.java:timeoutAppendRequest(200)) - befaacb7-99cd-4d87-819a-d941cb77279d@group-AF8B3C156ABB->3f36f173-4656-4d5a-831c-b6782f9f5ad2-GrpcLogAppender: appendEntries Timeout, request=befaacb7-99cd-4d87-819a-d941cb77279d->3f36f173-4656-4d5a-831c-b6782f9f5ad2#88-t1, previous=(t:1, i:13), leaderCommit=6, initializing? false, entries: <empty>
2019-09-18 17:32:45,954 [EventQueue-PipelineActionsForPipelineActionHandler] ERROR pipeline.PipelineActionHandler (PipelineActionHandler.java:onMessage(60)) - Received pipeline action CLOSE for Pipeline[ Id: ce0eb6e5-c999-4fde-aaf1-af8b3c156abb, Nodes: 3f36f173-4656-4d5a-831c-b6782f9f5ad2{ip: 192.168.151.122, host: pr-hdds-2121-ltkqc-3926781246, networkLocation: /default-rack, certSerialId: null}f1d6cbd0-cc55-4a8c-aff9-0f6c18a578e9{ip: 192.168.151.122, host: pr-hdds-2121-ltkqc-3926781246, networkLocation: /default-rack, certSerialId: null}befaacb7-99cd-4d87-819a-d941cb77279d{ip: 192.168.151.122, host: pr-hdds-2121-ltkqc-3926781246, networkLocation: /default-rack, certSerialId: null}, Type:RATIS, Factor:THREE, State:CLOSED] from datanode befaacb7-99cd-4d87-819a-d941cb77279d{ip: 192.168.151.122, host: pr-hdds-2121-ltkqc-3926781246, networkLocation: /default-rack, certSerialId: null}. Reason : befaacb7-99cd-4d87-819a-d941cb77279d has not seen follower/s f1d6cbd0-cc55-4a8c-aff9-0f6c18a578e9 for 177210ms 3f36f173-4656-4d5a-831c-b6782f9f5ad2 for 177210ms
2019-09-18 17:32:45,954 [EventQueue-PipelineActionsForPipelineActionHandler] INFO  pipeline.SCMPipelineManager (SCMPipelineManager.java:finalizeAndDestroyPipeline(311)) - destroying pipeline:Pipeline[ Id: ce0eb6e5-c999-4fde-aaf1-af8b3c156abb, Nodes: 3f36f173-4656-4d5a-831c-b6782f9f5ad2{ip: 192.168.151.122, host: pr-hdds-2121-ltkqc-3926781246, networkLocation: /default-rack, certSerialId: null}f1d6cbd0-cc55-4a8c-aff9-0f6c18a578e9{ip: 192.168.151.122, host: pr-hdds-2121-ltkqc-3926781246, networkLocation: /default-rack, certSerialId: null}befaacb7-99cd-4d87-819a-d941cb77279d{ip: 192.168.151.122, host: pr-hdds-2121-ltkqc-3926781246, networkLocation: /default-rack, certSerialId: null}, Type:RATIS, Factor:THREE, State:CLOSED]
2019-09-18 17:32:47,465 [org.apache.ratis.server.impl.LogAppender$AppenderDaemon$$Lambda$488/1062446665@5ec62807] ERROR ratis.XceiverServerRatis (XceiverServerRatis.java:triggerPipelineClose(575)) - pipeline Action CLOSE  on pipeline PipelineID=ce0eb6e5-c999-4fde-aaf1-af8b3c156abb.Reason : befaacb7-99cd-4d87-819a-d941cb77279d has not seen follower/s f1d6cbd0-cc55-4a8c-aff9-0f6c18a578e9 for 179712ms 3f36f173-4656-4d5a-831c-b6782f9f5ad2 for 179712ms
2019-09-18 17:32:47,465 [org.apache.ratis.server.impl.LogAppender$AppenderDaemon$$Lambda$488/1062446665@29fe7a32] ERROR ratis.XceiverServerRatis (XceiverServerRatis.java:triggerPipelineClose(575)) - pipeline Action CLOSE  on pipeline PipelineID=ce0eb6e5-c999-4fde-aaf1-af8b3c156abb.Reason : befaacb7-99cd-4d87-819a-d941cb77279d has not seen follower/s f1d6cbd0-cc55-4a8c-aff9-0f6c18a578e9 for 179712ms 3f36f173-4656-4d5a-831c-b6782f9f5ad2 for 179712ms
2019-09-18 17:32:47,836 [befaacb7-99cd-4d87-819a-d941cb77279d@group-AF8B3C156ABB-SegmentedRaftLogWorker] WARN  segmented.SegmentedRaftLogWorker (SegmentedRaftLogWorker.java:getFromFuture(90)) - Timeout 17/~
org.apache.ratis.protocol.TimeoutIOException: Timeout 10s: WriteLog:7: (t:1, i:7), STATEMACHINELOGENTRY, client-A5AEF000217A, cid=131-writeStateMachineData
	at org.apache.ratis.util.IOUtils.getFromFuture(IOUtils.java:87)
	at org.apache.ratis.server.raftlog.segmented.SegmentedRaftLogWorker$StateMachineDataPolicy.getFromFuture(SegmentedRaftLogWorker.java:87)
	at org.apache.ratis.server.raftlog.segmented.SegmentedRaftLogWorker$WriteLog.execute(SegmentedRaftLogWorker.java:477)
	at org.apache.ratis.server.raftlog.segmented.SegmentedRaftLogWorker.run(SegmentedRaftLogWorker.java:289)
	at java.lang.Thread.run(Thread.java:748)
Caused by: java.util.concurrent.TimeoutException
	at java.util.concurrent.CompletableFuture.timedGet(CompletableFuture.java:1771)
	at java.util.concurrent.CompletableFuture.get(CompletableFuture.java:1915)
	at org.apache.ratis.util.IOUtils.getFromFuture(IOUtils.java:79)
	... 4 more
2019-09-18 17:32:47,875 [3f36f173-4656-4d5a-831c-b6782f9f5ad2@group-AF8B3C156ABB-SegmentedRaftLogWorker] WARN  segmented.SegmentedRaftLogWorker (SegmentedRaftLogWorker.java:getFromFuture(90)) - Timeout 17/~
org.apache.ratis.protocol.TimeoutIOException: Timeout 10s: WriteLog:7: (t:1, i:7), STATEMACHINELOGENTRY, client-A5AEF000217A, cid=131-writeStateMachineData
	at org.apache.ratis.util.IOUtils.getFromFuture(IOUtils.java:87)
	at org.apache.ratis.server.raftlog.segmented.SegmentedRaftLogWorker$StateMachineDataPolicy.getFromFuture(SegmentedRaftLogWorker.java:87)
	at org.apache.ratis.server.raftlog.segmented.SegmentedRaftLogWorker$WriteLog.execute(SegmentedRaftLogWorker.java:477)
	at org.apache.ratis.server.raftlog.segmented.SegmentedRaftLogWorker.run(SegmentedRaftLogWorker.java:289)
	at java.lang.Thread.run(Thread.java:748)
Caused by: java.util.concurrent.TimeoutException
	at java.util.concurrent.CompletableFuture.timedGet(CompletableFuture.java:1771)
	at java.util.concurrent.CompletableFuture.get(CompletableFuture.java:1915)
	at org.apache.ratis.util.IOUtils.getFromFuture(IOUtils.java:79)
	... 4 more
2019-09-18 17:32:47,876 [f1d6cbd0-cc55-4a8c-aff9-0f6c18a578e9@group-AF8B3C156ABB-SegmentedRaftLogWorker] WARN  segmented.SegmentedRaftLogWorker (SegmentedRaftLogWorker.java:getFromFuture(90)) - Timeout 17/~
org.apache.ratis.protocol.TimeoutIOException: Timeout 10s: WriteLog:7: (t:1, i:7), STATEMACHINELOGENTRY, client-A5AEF000217A, cid=131-writeStateMachineData
	at org.apache.ratis.util.IOUtils.getFromFuture(IOUtils.java:87)
	at org.apache.ratis.server.raftlog.segmented.SegmentedRaftLogWorker$StateMachineDataPolicy.getFromFuture(SegmentedRaftLogWorker.java:87)
	at org.apache.ratis.server.raftlog.segmented.SegmentedRaftLogWorker$WriteLog.execute(SegmentedRaftLogWorker.java:477)
	at org.apache.ratis.server.raftlog.segmented.SegmentedRaftLogWorker.run(SegmentedRaftLogWorker.java:289)
	at java.lang.Thread.run(Thread.java:748)
Caused by: java.util.concurrent.TimeoutException
	at java.util.concurrent.CompletableFuture.timedGet(CompletableFuture.java:1771)
	at java.util.concurrent.CompletableFuture.get(CompletableFuture.java:1915)
	at org.apache.ratis.util.IOUtils.getFromFuture(IOUtils.java:79)
	... 4 more
2019-09-18 17:32:47,955 [EventQueue-PipelineActionsForPipelineActionHandler] ERROR pipeline.PipelineActionHandler (PipelineActionHandler.java:onMessage(60)) - Received pipeline action CLOSE for Pipeline[ Id: ce0eb6e5-c999-4fde-aaf1-af8b3c156abb, Nodes: 3f36f173-4656-4d5a-831c-b6782f9f5ad2{ip: 192.168.151.122, host: pr-hdds-2121-ltkqc-3926781246, networkLocation: /default-rack, certSerialId: null}f1d6cbd0-cc55-4a8c-aff9-0f6c18a578e9{ip: 192.168.151.122, host: pr-hdds-2121-ltkqc-3926781246, networkLocation: /default-rack, certSerialId: null}befaacb7-99cd-4d87-819a-d941cb77279d{ip: 192.168.151.122, host: pr-hdds-2121-ltkqc-3926781246, networkLocation: /default-rack, certSerialId: null}, Type:RATIS, Factor:THREE, State:CLOSED] from datanode befaacb7-99cd-4d87-819a-d941cb77279d{ip: 192.168.151.122, host: pr-hdds-2121-ltkqc-3926781246, networkLocation: /default-rack, certSerialId: null}. Reason : befaacb7-99cd-4d87-819a-d941cb77279d has not seen follower/s f1d6cbd0-cc55-4a8c-aff9-0f6c18a578e9 for 179712ms 3f36f173-4656-4d5a-831c-b6782f9f5ad2 for 179712ms
2019-09-18 17:32:47,956 [EventQueue-PipelineActionsForPipelineActionHandler] INFO  pipeline.SCMPipelineManager (SCMPipelineManager.java:finalizeAndDestroyPipeline(311)) - destroying pipeline:Pipeline[ Id: ce0eb6e5-c999-4fde-aaf1-af8b3c156abb, Nodes: 3f36f173-4656-4d5a-831c-b6782f9f5ad2{ip: 192.168.151.122, host: pr-hdds-2121-ltkqc-3926781246, networkLocation: /default-rack, certSerialId: null}f1d6cbd0-cc55-4a8c-aff9-0f6c18a578e9{ip: 192.168.151.122, host: pr-hdds-2121-ltkqc-3926781246, networkLocation: /default-rack, certSerialId: null}befaacb7-99cd-4d87-819a-d941cb77279d{ip: 192.168.151.122, host: pr-hdds-2121-ltkqc-3926781246, networkLocation: /default-rack, certSerialId: null}, Type:RATIS, Factor:THREE, State:CLOSED]
2019-09-18 17:32:47,963 [java.util.concurrent.ThreadPoolExecutor$Worker@326853c1[State = -1, empty queue]] WARN  server.GrpcLogAppender (GrpcLogAppender.java:timeoutAppendRequest(200)) - befaacb7-99cd-4d87-819a-d941cb77279d@group-AF8B3C156ABB->f1d6cbd0-cc55-4a8c-aff9-0f6c18a578e9-GrpcLogAppender: appendEntries Timeout, request=befaacb7-99cd-4d87-819a-d941cb77279d->f1d6cbd0-cc55-4a8c-aff9-0f6c18a578e9#89-t1, previous=(t:1, i:13), leaderCommit=6, initializing? false, entries: <empty>
2019-09-18 17:32:47,964 [java.util.concurrent.ThreadPoolExecutor$Worker@56ebe215[State = -1, empty queue]] WARN  server.GrpcLogAppender (GrpcLogAppender.java:timeoutAppendRequest(200)) - befaacb7-99cd-4d87-819a-d941cb77279d@group-AF8B3C156ABB->3f36f173-4656-4d5a-831c-b6782f9f5ad2-GrpcLogAppender: appendEntries Timeout, request=befaacb7-99cd-4d87-819a-d941cb77279d->3f36f173-4656-4d5a-831c-b6782f9f5ad2#89-t1, previous=(t:1, i:13), leaderCommit=6, initializing? false, entries: <empty>
2019-09-18 17:32:49,358 [grpc-default-executor-6] INFO  client.GrpcClientProtocolClient (GrpcClientProtocolClient.java:onNext(264)) - client-A5AEF000217A->3f36f173-4656-4d5a-831c-b6782f9f5ad2: receive RaftClientReply:client-A5AEF000217A->3f36f173-4656-4d5a-831c-b6782f9f5ad2@group-AF8B3C156ABB, cid=131, FAILED org.apache.ratis.protocol.NotLeaderException: Server 3f36f173-4656-4d5a-831c-b6782f9f5ad2@group-AF8B3C156ABB is not the leader befaacb7-99cd-4d87-819a-d941cb77279d:192.168.151.122:44171, logIndex=0, commits[3f36f173-4656-4d5a-831c-b6782f9f5ad2:c6, f1d6cbd0-cc55-4a8c-aff9-0f6c18a578e9:c4, befaacb7-99cd-4d87-819a-d941cb77279d:c6]
2019-09-18 17:32:49,966 [org.apache.ratis.server.impl.LogAppender$AppenderDaemon$$Lambda$488/1062446665@5ec62807] ERROR ratis.XceiverServerRatis (XceiverServerRatis.java:triggerPipelineClose(575)) - pipeline Action CLOSE  on pipeline PipelineID=ce0eb6e5-c999-4fde-aaf1-af8b3c156abb.Reason : befaacb7-99cd-4d87-819a-d941cb77279d has not seen follower/s f1d6cbd0-cc55-4a8c-aff9-0f6c18a578e9 for 182212ms 3f36f173-4656-4d5a-831c-b6782f9f5ad2 for 182213ms
2019-09-18 17:32:49,966 [org.apache.ratis.server.impl.LogAppender$AppenderDaemon$$Lambda$488/1062446665@29fe7a32] ERROR ratis.XceiverServerRatis (XceiverServerRatis.java:triggerPipelineClose(575)) - pipeline Action CLOSE  on pipeline PipelineID=ce0eb6e5-c999-4fde-aaf1-af8b3c156abb.Reason : befaacb7-99cd-4d87-819a-d941cb77279d has not seen follower/s f1d6cbd0-cc55-4a8c-aff9-0f6c18a578e9 for 182212ms 3f36f173-4656-4d5a-831c-b6782f9f5ad2 for 182213ms
2019-09-18 17:32:50,465 [java.util.concurrent.ThreadPoolExecutor$Worker@326853c1[State = -1, empty queue]] WARN  server.GrpcLogAppender (GrpcLogAppender.java:timeoutAppendRequest(200)) - befaacb7-99cd-4d87-819a-d941cb77279d@group-AF8B3C156ABB->f1d6cbd0-cc55-4a8c-aff9-0f6c18a578e9-GrpcLogAppender: appendEntries Timeout, request=befaacb7-99cd-4d87-819a-d941cb77279d->f1d6cbd0-cc55-4a8c-aff9-0f6c18a578e9#90-t1, previous=(t:1, i:13), leaderCommit=6, initializing? false, entries: <empty>
2019-09-18 17:32:50,465 [java.util.concurrent.ThreadPoolExecutor$Worker@56ebe215[State = -1, empty queue]] WARN  server.GrpcLogAppender (GrpcLogAppender.java:timeoutAppendRequest(200)) - befaacb7-99cd-4d87-819a-d941cb77279d@group-AF8B3C156ABB->3f36f173-4656-4d5a-831c-b6782f9f5ad2-GrpcLogAppender: appendEntries Timeout, request=befaacb7-99cd-4d87-819a-d941cb77279d->3f36f173-4656-4d5a-831c-b6782f9f5ad2#90-t1, previous=(t:1, i:13), leaderCommit=6, initializing? false, entries: <empty>
2019-09-18 17:32:50,956 [EventQueue-PipelineActionsForPipelineActionHandler] ERROR pipeline.PipelineActionHandler (PipelineActionHandler.java:onMessage(60)) - Received pipeline action CLOSE for Pipeline[ Id: ce0eb6e5-c999-4fde-aaf1-af8b3c156abb, Nodes: 3f36f173-4656-4d5a-831c-b6782f9f5ad2{ip: 192.168.151.122, host: pr-hdds-2121-ltkqc-3926781246, networkLocation: /default-rack, certSerialId: null}f1d6cbd0-cc55-4a8c-aff9-0f6c18a578e9{ip: 192.168.151.122, host: pr-hdds-2121-ltkqc-3926781246, networkLocation: /default-rack, certSerialId: null}befaacb7-99cd-4d87-819a-d941cb77279d{ip: 192.168.151.122, host: pr-hdds-2121-ltkqc-3926781246, networkLocation: /default-rack, certSerialId: null}, Type:RATIS, Factor:THREE, State:CLOSED] from datanode befaacb7-99cd-4d87-819a-d941cb77279d{ip: 192.168.151.122, host: pr-hdds-2121-ltkqc-3926781246, networkLocation: /default-rack, certSerialId: null}. Reason : befaacb7-99cd-4d87-819a-d941cb77279d has not seen follower/s f1d6cbd0-cc55-4a8c-aff9-0f6c18a578e9 for 182212ms 3f36f173-4656-4d5a-831c-b6782f9f5ad2 for 182213ms
2019-09-18 17:32:50,956 [EventQueue-PipelineActionsForPipelineActionHandler] INFO  pipeline.SCMPipelineManager (SCMPipelineManager.java:finalizeAndDestroyPipeline(311)) - destroying pipeline:Pipeline[ Id: ce0eb6e5-c999-4fde-aaf1-af8b3c156abb, Nodes: 3f36f173-4656-4d5a-831c-b6782f9f5ad2{ip: 192.168.151.122, host: pr-hdds-2121-ltkqc-3926781246, networkLocation: /default-rack, certSerialId: null}f1d6cbd0-cc55-4a8c-aff9-0f6c18a578e9{ip: 192.168.151.122, host: pr-hdds-2121-ltkqc-3926781246, networkLocation: /default-rack, certSerialId: null}befaacb7-99cd-4d87-819a-d941cb77279d{ip: 192.168.151.122, host: pr-hdds-2121-ltkqc-3926781246, networkLocation: /default-rack, certSerialId: null}, Type:RATIS, Factor:THREE, State:CLOSED]
2019-09-18 17:32:52,468 [org.apache.ratis.server.impl.LogAppender$AppenderDaemon$$Lambda$488/1062446665@5ec62807] ERROR ratis.XceiverServerRatis (XceiverServerRatis.java:triggerPipelineClose(575)) - pipeline Action CLOSE  on pipeline PipelineID=ce0eb6e5-c999-4fde-aaf1-af8b3c156abb.Reason : befaacb7-99cd-4d87-819a-d941cb77279d has not seen follower/s f1d6cbd0-cc55-4a8c-aff9-0f6c18a578e9 for 184714ms 3f36f173-4656-4d5a-831c-b6782f9f5ad2 for 184714ms
2019-09-18 17:32:52,468 [org.apache.ratis.server.impl.LogAppender$AppenderDaemon$$Lambda$488/1062446665@29fe7a32] ERROR ratis.XceiverServerRatis (XceiverServerRatis.java:triggerPipelineClose(575)) - pipeline Action CLOSE  on pipeline PipelineID=ce0eb6e5-c999-4fde-aaf1-af8b3c156abb.Reason : befaacb7-99cd-4d87-819a-d941cb77279d has not seen follower/s f1d6cbd0-cc55-4a8c-aff9-0f6c18a578e9 for 184714ms 3f36f173-4656-4d5a-831c-b6782f9f5ad2 for 184714ms
2019-09-18 17:32:52,957 [EventQueue-PipelineActionsForPipelineActionHandler] ERROR pipeline.PipelineActionHandler (PipelineActionHandler.java:onMessage(60)) - Received pipeline action CLOSE for Pipeline[ Id: ce0eb6e5-c999-4fde-aaf1-af8b3c156abb, Nodes: 3f36f173-4656-4d5a-831c-b6782f9f5ad2{ip: 192.168.151.122, host: pr-hdds-2121-ltkqc-3926781246, networkLocation: /default-rack, certSerialId: null}f1d6cbd0-cc55-4a8c-aff9-0f6c18a578e9{ip: 192.168.151.122, host: pr-hdds-2121-ltkqc-3926781246, networkLocation: /default-rack, certSerialId: null}befaacb7-99cd-4d87-819a-d941cb77279d{ip: 192.168.151.122, host: pr-hdds-2121-ltkqc-3926781246, networkLocation: /default-rack, certSerialId: null}, Type:RATIS, Factor:THREE, State:CLOSED] from datanode befaacb7-99cd-4d87-819a-d941cb77279d{ip: 192.168.151.122, host: pr-hdds-2121-ltkqc-3926781246, networkLocation: /default-rack, certSerialId: null}. Reason : befaacb7-99cd-4d87-819a-d941cb77279d has not seen follower/s f1d6cbd0-cc55-4a8c-aff9-0f6c18a578e9 for 184714ms 3f36f173-4656-4d5a-831c-b6782f9f5ad2 for 184714ms
2019-09-18 17:32:52,958 [EventQueue-PipelineActionsForPipelineActionHandler] INFO  pipeline.SCMPipelineManager (SCMPipelineManager.java:finalizeAndDestroyPipeline(311)) - destroying pipeline:Pipeline[ Id: ce0eb6e5-c999-4fde-aaf1-af8b3c156abb, Nodes: 3f36f173-4656-4d5a-831c-b6782f9f5ad2{ip: 192.168.151.122, host: pr-hdds-2121-ltkqc-3926781246, networkLocation: /default-rack, certSerialId: null}f1d6cbd0-cc55-4a8c-aff9-0f6c18a578e9{ip: 192.168.151.122, host: pr-hdds-2121-ltkqc-3926781246, networkLocation: /default-rack, certSerialId: null}befaacb7-99cd-4d87-819a-d941cb77279d{ip: 192.168.151.122, host: pr-hdds-2121-ltkqc-3926781246, networkLocation: /default-rack, certSerialId: null}, Type:RATIS, Factor:THREE, State:CLOSED]
2019-09-18 17:32:52,966 [java.util.concurrent.ThreadPoolExecutor$Worker@326853c1[State = -1, empty queue]] WARN  server.GrpcLogAppender (GrpcLogAppender.java:timeoutAppendRequest(200)) - befaacb7-99cd-4d87-819a-d941cb77279d@group-AF8B3C156ABB->f1d6cbd0-cc55-4a8c-aff9-0f6c18a578e9-GrpcLogAppender: appendEntries Timeout, request=befaacb7-99cd-4d87-819a-d941cb77279d->f1d6cbd0-cc55-4a8c-aff9-0f6c18a578e9#91-t1, previous=(t:1, i:13), leaderCommit=6, initializing? false, entries: <empty>
2019-09-18 17:32:52,966 [java.util.concurrent.ThreadPoolExecutor$Worker@56ebe215[State = -1, empty queue]] WARN  server.GrpcLogAppender (GrpcLogAppender.java:timeoutAppendRequest(200)) - befaacb7-99cd-4d87-819a-d941cb77279d@group-AF8B3C156ABB->3f36f173-4656-4d5a-831c-b6782f9f5ad2-GrpcLogAppender: appendEntries Timeout, request=befaacb7-99cd-4d87-819a-d941cb77279d->3f36f173-4656-4d5a-831c-b6782f9f5ad2#91-t1, previous=(t:1, i:13), leaderCommit=6, initializing? false, entries: <empty>
2019-09-18 17:32:53,939 [grpc-default-executor-6] INFO  impl.RaftServerProxy (RaftServerProxy.java:remove(95)) - 3f36f173-4656-4d5a-831c-b6782f9f5ad2: remove  FOLLOWER 3f36f173-4656-4d5a-831c-b6782f9f5ad2@group-AF8B3C156ABB:t1, leader=befaacb7-99cd-4d87-819a-d941cb77279d, voted=befaacb7-99cd-4d87-819a-d941cb77279d, raftlog=3f36f173-4656-4d5a-831c-b6782f9f5ad2@group-AF8B3C156ABB-SegmentedRaftLog:OPENED:c6,f6,i13, conf=0: [f1d6cbd0-cc55-4a8c-aff9-0f6c18a578e9:192.168.151.122:38812, befaacb7-99cd-4d87-819a-d941cb77279d:192.168.151.122:44171, 3f36f173-4656-4d5a-831c-b6782f9f5ad2:192.168.151.122:40451], old=null RUNNING
2019-09-18 17:32:53,939 [grpc-default-executor-6] INFO  impl.RaftServerImpl (RaftServerImpl.java:lambda$shutdown$3(251)) - 3f36f173-4656-4d5a-831c-b6782f9f5ad2@group-AF8B3C156ABB: shutdown
2019-09-18 17:32:53,940 [grpc-default-executor-6] INFO  util.JmxRegister (JmxRegister.java:unregister(73)) - Successfully un-registered JMX Bean with object name Ratis:service=RaftServer,group=group-AF8B3C156ABB,id=3f36f173-4656-4d5a-831c-b6782f9f5ad2
2019-09-18 17:32:53,940 [grpc-default-executor-6] INFO  impl.RoleInfo (RoleInfo.java:shutdownFollowerState(121)) - 3f36f173-4656-4d5a-831c-b6782f9f5ad2: shutdown FollowerState
2019-09-18 17:32:53,941 [grpc-default-executor-6] INFO  impl.StateMachineUpdater (StateMachineUpdater.java:stopAndJoin(125)) - 3f36f173-4656-4d5a-831c-b6782f9f5ad2@group-AF8B3C156ABB-StateMachineUpdater: set stopIndex = 6
2019-09-18 17:32:53,941 [Thread-1350] INFO  impl.FollowerState (FollowerState.java:run(115)) - 3f36f173-4656-4d5a-831c-b6782f9f5ad2: FollowerState was interrupted: java.lang.InterruptedException: sleep interrupted
2019-09-18 17:32:53,941 [3f36f173-4656-4d5a-831c-b6782f9f5ad2@group-AF8B3C156ABB-StateMachineUpdater] INFO  ratis.ContainerStateMachine (ContainerStateMachine.java:takeSnapshot(289)) - group-AF8B3C156ABB: Taking a snapshot at:(t:1, i:4) file /workdir/hadoop-ozone/integration-test/target/test-dir/MiniOzoneClusterImpl-b34fcd95-ddd9-49f6-9e80-ffea83eaa9ea/datanode-3/data/ratis/ce0eb6e5-c999-4fde-aaf1-af8b3c156abb/sm/snapshot.1_4
2019-09-18 17:32:53,957 [3f36f173-4656-4d5a-831c-b6782f9f5ad2@group-AF8B3C156ABB-StateMachineUpdater] INFO  ratis.ContainerStateMachine (ContainerStateMachine.java:takeSnapshot(300)) - group-AF8B3C156ABB: Finished taking a snapshot at:(t:1, i:4) file:/workdir/hadoop-ozone/integration-test/target/test-dir/MiniOzoneClusterImpl-b34fcd95-ddd9-49f6-9e80-ffea83eaa9ea/datanode-3/data/ratis/ce0eb6e5-c999-4fde-aaf1-af8b3c156abb/sm/snapshot.1_4 time:17
2019-09-18 17:32:53,958 [3f36f173-4656-4d5a-831c-b6782f9f5ad2@group-AF8B3C156ABB-StateMachineUpdater] INFO  impl.StateMachineUpdater (StateMachineUpdater.java:takeSnapshot(258)) - 3f36f173-4656-4d5a-831c-b6782f9f5ad2@group-AF8B3C156ABB-StateMachineUpdater: Took a snapshot at index 4
2019-09-18 17:32:53,958 [3f36f173-4656-4d5a-831c-b6782f9f5ad2@group-AF8B3C156ABB-StateMachineUpdater] INFO  impl.StateMachineUpdater (StateMachineUpdater.java:lambda$new$0(83)) - 3f36f173-4656-4d5a-831c-b6782f9f5ad2@group-AF8B3C156ABB-StateMachineUpdater: snapshotIndex: updateIncreasingly -1 -> 4
2019-09-18 17:32:53,959 [3f36f173-4656-4d5a-831c-b6782f9f5ad2@group-AF8B3C156ABB-StateMachineUpdater] INFO  ratis.ContainerStateMachine (ContainerStateMachine.java:takeSnapshot(289)) - group-AF8B3C156ABB: Taking a snapshot at:(t:1, i:4) file /workdir/hadoop-ozone/integration-test/target/test-dir/MiniOzoneClusterImpl-b34fcd95-ddd9-49f6-9e80-ffea83eaa9ea/datanode-3/data/ratis/ce0eb6e5-c999-4fde-aaf1-af8b3c156abb/sm/snapshot.1_4
2019-09-18 17:32:53,972 [3f36f173-4656-4d5a-831c-b6782f9f5ad2@group-AF8B3C156ABB-StateMachineUpdater] INFO  ratis.ContainerStateMachine (ContainerStateMachine.java:takeSnapshot(300)) - group-AF8B3C156ABB: Finished taking a snapshot at:(t:1, i:4) file:/workdir/hadoop-ozone/integration-test/target/test-dir/MiniOzoneClusterImpl-b34fcd95-ddd9-49f6-9e80-ffea83eaa9ea/datanode-3/data/ratis/ce0eb6e5-c999-4fde-aaf1-af8b3c156abb/sm/snapshot.1_4 time:13
2019-09-18 17:32:53,972 [3f36f173-4656-4d5a-831c-b6782f9f5ad2@group-AF8B3C156ABB-StateMachineUpdater] INFO  impl.StateMachineUpdater (StateMachineUpdater.java:takeSnapshot(258)) - 3f36f173-4656-4d5a-831c-b6782f9f5ad2@group-AF8B3C156ABB-StateMachineUpdater: Took a snapshot at index 4
2019-09-18 17:32:53,972 [3f36f173-4656-4d5a-831c-b6782f9f5ad2@group-AF8B3C156ABB-StateMachineUpdater] INFO  impl.StateMachineUpdater (StateMachineUpdater.java:lambda$new$0(83)) - 3f36f173-4656-4d5a-831c-b6782f9f5ad2@group-AF8B3C156ABB-StateMachineUpdater: snapshotIndex: updateIncreasingly 4 -> 4
2019-09-18 17:32:53,973 [grpc-default-executor-6] INFO  impl.RaftServerImpl (ServerState.java:close(385)) - 3f36f173-4656-4d5a-831c-b6782f9f5ad2@group-AF8B3C156ABB: closes. applyIndex: 6
2019-09-18 17:32:53,974 [3f36f173-4656-4d5a-831c-b6782f9f5ad2@group-AF8B3C156ABB-SegmentedRaftLogWorker] ERROR ratis.XceiverServerRatis (XceiverServerRatis.java:triggerPipelineClose(575)) - pipeline Action CLOSE  on pipeline PipelineID=ce0eb6e5-c999-4fde-aaf1-af8b3c156abb.Reason : WriteLog:7: (t:1, i:7), STATEMACHINELOGENTRY, client-A5AEF000217A, cid=131-writeStateMachineData interrupted.
2019-09-18 17:32:53,977 [grpc-default-executor-6] INFO  segmented.SegmentedRaftLogWorker (SegmentedRaftLogWorker.java:close(228)) - 3f36f173-4656-4d5a-831c-b6782f9f5ad2@group-AF8B3C156ABB-SegmentedRaftLogWorker close()
2019-09-18 17:32:53,980 [EventQueue-PipelineActionsForPipelineActionHandler] ERROR pipeline.PipelineActionHandler (PipelineActionHandler.java:onMessage(60)) - Received pipeline action CLOSE for Pipeline[ Id: ce0eb6e5-c999-4fde-aaf1-af8b3c156abb, Nodes: 3f36f173-4656-4d5a-831c-b6782f9f5ad2{ip: 192.168.151.122, host: pr-hdds-2121-ltkqc-3926781246, networkLocation: /default-rack, certSerialId: null}f1d6cbd0-cc55-4a8c-aff9-0f6c18a578e9{ip: 192.168.151.122, host: pr-hdds-2121-ltkqc-3926781246, networkLocation: /default-rack, certSerialId: null}befaacb7-99cd-4d87-819a-d941cb77279d{ip: 192.168.151.122, host: pr-hdds-2121-ltkqc-3926781246, networkLocation: /default-rack, certSerialId: null}, Type:RATIS, Factor:THREE, State:CLOSED] from datanode 3f36f173-4656-4d5a-831c-b6782f9f5ad2{ip: 192.168.151.122, host: pr-hdds-2121-ltkqc-3926781246, networkLocation: /default-rack, certSerialId: null}. Reason : WriteLog:7: (t:1, i:7), STATEMACHINELOGENTRY, client-A5AEF000217A, cid=131-writeStateMachineData interrupted.
2019-09-18 17:32:53,982 [EventQueue-PipelineActionsForPipelineActionHandler] INFO  pipeline.SCMPipelineManager (SCMPipelineManager.java:finalizeAndDestroyPipeline(311)) - destroying pipeline:Pipeline[ Id: ce0eb6e5-c999-4fde-aaf1-af8b3c156abb, Nodes: 3f36f173-4656-4d5a-831c-b6782f9f5ad2{ip: 192.168.151.122, host: pr-hdds-2121-ltkqc-3926781246, networkLocation: /default-rack, certSerialId: null}f1d6cbd0-cc55-4a8c-aff9-0f6c18a578e9{ip: 192.168.151.122, host: pr-hdds-2121-ltkqc-3926781246, networkLocation: /default-rack, certSerialId: null}befaacb7-99cd-4d87-819a-d941cb77279d{ip: 192.168.151.122, host: pr-hdds-2121-ltkqc-3926781246, networkLocation: /default-rack, certSerialId: null}, Type:RATIS, Factor:THREE, State:CLOSED]
2019-09-18 17:32:53,996 [grpc-default-executor-6] INFO  interfaces.Container (KeyValueContainer.java:flushAndSyncDB(386)) - Container 5 is synced with bcsId 4.
2019-09-18 17:32:53,996 [grpc-default-executor-6] INFO  interfaces.Container (KeyValueContainer.java:flushAndSyncDB(386)) - Container 5 is synced with bcsId 4.
2019-09-18 17:32:54,013 [EventQueue-IncrementalContainerReportForIncrementalContainerReportHandler] INFO  container.IncrementalContainerReportHandler (AbstractContainerReportHandler.java:updateContainerState(169)) - Moving container #5 to QUASI_CLOSED state, datanode 3f36f173-4656-4d5a-831c-b6782f9f5ad2{ip: 192.168.151.122, host: pr-hdds-2121-ltkqc-3926781246, networkLocation: /default-rack, certSerialId: null} reported QUASI_CLOSED replica.
2019-09-18 17:32:54,050 [grpc-default-executor-6] INFO  interfaces.Container (KeyValueContainer.java:flushAndSyncDB(386)) - Container 6 is synced with bcsId 0.
2019-09-18 17:32:54,051 [grpc-default-executor-6] INFO  interfaces.Container (KeyValueContainer.java:flushAndSyncDB(386)) - Container 6 is synced with bcsId 0.
2019-09-18 17:32:54,057 [EventQueue-IncrementalContainerReportForIncrementalContainerReportHandler] INFO  container.IncrementalContainerReportHandler (AbstractContainerReportHandler.java:updateContainerState(169)) - Moving container #6 to QUASI_CLOSED state, datanode 3f36f173-4656-4d5a-831c-b6782f9f5ad2{ip: 192.168.151.122, host: pr-hdds-2121-ltkqc-3926781246, networkLocation: /default-rack, certSerialId: null} reported QUASI_CLOSED replica.
2019-09-18 17:32:54,061 [grpc-default-executor-6] INFO  impl.RaftServerProxy (RaftServerProxy.java:remove(95)) - f1d6cbd0-cc55-4a8c-aff9-0f6c18a578e9: remove  FOLLOWER f1d6cbd0-cc55-4a8c-aff9-0f6c18a578e9@group-AF8B3C156ABB:t1, leader=befaacb7-99cd-4d87-819a-d941cb77279d, voted=befaacb7-99cd-4d87-819a-d941cb77279d, raftlog=f1d6cbd0-cc55-4a8c-aff9-0f6c18a578e9@group-AF8B3C156ABB-SegmentedRaftLog:OPENED:c6,f6,i13, conf=0: [f1d6cbd0-cc55-4a8c-aff9-0f6c18a578e9:192.168.151.122:38812, befaacb7-99cd-4d87-819a-d941cb77279d:192.168.151.122:44171, 3f36f173-4656-4d5a-831c-b6782f9f5ad2:192.168.151.122:40451], old=null RUNNING
2019-09-18 17:32:54,061 [grpc-default-executor-6] INFO  impl.RaftServerImpl (RaftServerImpl.java:lambda$shutdown$3(251)) - f1d6cbd0-cc55-4a8c-aff9-0f6c18a578e9@group-AF8B3C156ABB: shutdown
2019-09-18 17:32:54,062 [grpc-default-executor-6] INFO  util.JmxRegister (JmxRegister.java:unregister(73)) - Successfully un-registered JMX Bean with object name Ratis:service=RaftServer,group=group-AF8B3C156ABB,id=f1d6cbd0-cc55-4a8c-aff9-0f6c18a578e9
2019-09-18 17:32:54,062 [grpc-default-executor-6] INFO  impl.RoleInfo (RoleInfo.java:shutdownFollowerState(121)) - f1d6cbd0-cc55-4a8c-aff9-0f6c18a578e9: shutdown FollowerState
2019-09-18 17:32:54,062 [grpc-default-executor-6] INFO  impl.StateMachineUpdater (StateMachineUpdater.java:stopAndJoin(125)) - f1d6cbd0-cc55-4a8c-aff9-0f6c18a578e9@group-AF8B3C156ABB-StateMachineUpdater: set stopIndex = 6
2019-09-18 17:32:54,062 [f1d6cbd0-cc55-4a8c-aff9-0f6c18a578e9@group-AF8B3C156ABB-StateMachineUpdater] INFO  ratis.ContainerStateMachine (ContainerStateMachine.java:takeSnapshot(289)) - group-AF8B3C156ABB: Taking a snapshot at:(t:1, i:4) file /workdir/hadoop-ozone/integration-test/target/test-dir/MiniOzoneClusterImpl-b34fcd95-ddd9-49f6-9e80-ffea83eaa9ea/datanode-1/data/ratis/ce0eb6e5-c999-4fde-aaf1-af8b3c156abb/sm/snapshot.1_4
2019-09-18 17:32:54,062 [Thread-1349] INFO  impl.FollowerState (FollowerState.java:run(115)) - f1d6cbd0-cc55-4a8c-aff9-0f6c18a578e9: FollowerState was interrupted: java.lang.InterruptedException: sleep interrupted
2019-09-18 17:32:54,089 [f1d6cbd0-cc55-4a8c-aff9-0f6c18a578e9@group-AF8B3C156ABB-StateMachineUpdater] INFO  ratis.ContainerStateMachine (ContainerStateMachine.java:takeSnapshot(300)) - group-AF8B3C156ABB: Finished taking a snapshot at:(t:1, i:4) file:/workdir/hadoop-ozone/integration-test/target/test-dir/MiniOzoneClusterImpl-b34fcd95-ddd9-49f6-9e80-ffea83eaa9ea/datanode-1/data/ratis/ce0eb6e5-c999-4fde-aaf1-af8b3c156abb/sm/snapshot.1_4 time:27
2019-09-18 17:32:54,090 [f1d6cbd0-cc55-4a8c-aff9-0f6c18a578e9@group-AF8B3C156ABB-StateMachineUpdater] INFO  impl.StateMachineUpdater (StateMachineUpdater.java:takeSnapshot(258)) - f1d6cbd0-cc55-4a8c-aff9-0f6c18a578e9@group-AF8B3C156ABB-StateMachineUpdater: Took a snapshot at index 4
2019-09-18 17:32:54,090 [f1d6cbd0-cc55-4a8c-aff9-0f6c18a578e9@group-AF8B3C156ABB-StateMachineUpdater] INFO  impl.StateMachineUpdater (StateMachineUpdater.java:lambda$new$0(83)) - f1d6cbd0-cc55-4a8c-aff9-0f6c18a578e9@group-AF8B3C156ABB-StateMachineUpdater: snapshotIndex: updateIncreasingly -1 -> 4
2019-09-18 17:32:54,090 [f1d6cbd0-cc55-4a8c-aff9-0f6c18a578e9@group-AF8B3C156ABB-StateMachineUpdater] INFO  ratis.ContainerStateMachine (ContainerStateMachine.java:takeSnapshot(289)) - group-AF8B3C156ABB: Taking a snapshot at:(t:1, i:4) file /workdir/hadoop-ozone/integration-test/target/test-dir/MiniOzoneClusterImpl-b34fcd95-ddd9-49f6-9e80-ffea83eaa9ea/datanode-1/data/ratis/ce0eb6e5-c999-4fde-aaf1-af8b3c156abb/sm/snapshot.1_4
2019-09-18 17:32:54,093 [f1d6cbd0-cc55-4a8c-aff9-0f6c18a578e9@group-AF8B3C156ABB-StateMachineUpdater] INFO  ratis.ContainerStateMachine (ContainerStateMachine.java:takeSnapshot(300)) - group-AF8B3C156ABB: Finished taking a snapshot at:(t:1, i:4) file:/workdir/hadoop-ozone/integration-test/target/test-dir/MiniOzoneClusterImpl-b34fcd95-ddd9-49f6-9e80-ffea83eaa9ea/datanode-1/data/ratis/ce0eb6e5-c999-4fde-aaf1-af8b3c156abb/sm/snapshot.1_4 time:3
2019-09-18 17:32:54,093 [f1d6cbd0-cc55-4a8c-aff9-0f6c18a578e9@group-AF8B3C156ABB-StateMachineUpdater] INFO  impl.StateMachineUpdater (StateMachineUpdater.java:takeSnapshot(258)) - f1d6cbd0-cc55-4a8c-aff9-0f6c18a578e9@group-AF8B3C156ABB-StateMachineUpdater: Took a snapshot at index 4
2019-09-18 17:32:54,093 [f1d6cbd0-cc55-4a8c-aff9-0f6c18a578e9@group-AF8B3C156ABB-StateMachineUpdater] INFO  impl.StateMachineUpdater (StateMachineUpdater.java:lambda$new$0(83)) - f1d6cbd0-cc55-4a8c-aff9-0f6c18a578e9@group-AF8B3C156ABB-StateMachineUpdater: snapshotIndex: updateIncreasingly 4 -> 4
2019-09-18 17:32:54,093 [grpc-default-executor-6] INFO  impl.RaftServerImpl (ServerState.java:close(385)) - f1d6cbd0-cc55-4a8c-aff9-0f6c18a578e9@group-AF8B3C156ABB: closes. applyIndex: 6
2019-09-18 17:32:54,094 [f1d6cbd0-cc55-4a8c-aff9-0f6c18a578e9@group-AF8B3C156ABB-SegmentedRaftLogWorker] ERROR ratis.XceiverServerRatis (XceiverServerRatis.java:triggerPipelineClose(575)) - pipeline Action CLOSE  on pipeline PipelineID=ce0eb6e5-c999-4fde-aaf1-af8b3c156abb.Reason : WriteLog:7: (t:1, i:7), STATEMACHINELOGENTRY, client-A5AEF000217A, cid=131-writeStateMachineData interrupted.
2019-09-18 17:32:54,097 [grpc-default-executor-6] INFO  segmented.SegmentedRaftLogWorker (SegmentedRaftLogWorker.java:close(228)) - f1d6cbd0-cc55-4a8c-aff9-0f6c18a578e9@group-AF8B3C156ABB-SegmentedRaftLogWorker close()
2019-09-18 17:32:54,102 [EventQueue-PipelineActionsForPipelineActionHandler] ERROR pipeline.PipelineActionHandler (PipelineActionHandler.java:onMessage(60)) - Received pipeline action CLOSE for Pipeline[ Id: ce0eb6e5-c999-4fde-aaf1-af8b3c156abb, Nodes: 3f36f173-4656-4d5a-831c-b6782f9f5ad2{ip: 192.168.151.122, host: pr-hdds-2121-ltkqc-3926781246, networkLocation: /default-rack, certSerialId: null}f1d6cbd0-cc55-4a8c-aff9-0f6c18a578e9{ip: 192.168.151.122, host: pr-hdds-2121-ltkqc-3926781246, networkLocation: /default-rack, certSerialId: null}befaacb7-99cd-4d87-819a-d941cb77279d{ip: 192.168.151.122, host: pr-hdds-2121-ltkqc-3926781246, networkLocation: /default-rack, certSerialId: null}, Type:RATIS, Factor:THREE, State:CLOSED] from datanode f1d6cbd0-cc55-4a8c-aff9-0f6c18a578e9{ip: 192.168.151.122, host: pr-hdds-2121-ltkqc-3926781246, networkLocation: /default-rack, certSerialId: null}. Reason : WriteLog:7: (t:1, i:7), STATEMACHINELOGENTRY, client-A5AEF000217A, cid=131-writeStateMachineData interrupted.
2019-09-18 17:32:54,102 [EventQueue-PipelineActionsForPipelineActionHandler] INFO  pipeline.SCMPipelineManager (SCMPipelineManager.java:finalizeAndDestroyPipeline(311)) - destroying pipeline:Pipeline[ Id: ce0eb6e5-c999-4fde-aaf1-af8b3c156abb, Nodes: 3f36f173-4656-4d5a-831c-b6782f9f5ad2{ip: 192.168.151.122, host: pr-hdds-2121-ltkqc-3926781246, networkLocation: /default-rack, certSerialId: null}f1d6cbd0-cc55-4a8c-aff9-0f6c18a578e9{ip: 192.168.151.122, host: pr-hdds-2121-ltkqc-3926781246, networkLocation: /default-rack, certSerialId: null}befaacb7-99cd-4d87-819a-d941cb77279d{ip: 192.168.151.122, host: pr-hdds-2121-ltkqc-3926781246, networkLocation: /default-rack, certSerialId: null}, Type:RATIS, Factor:THREE, State:CLOSED]
2019-09-18 17:32:54,106 [grpc-default-executor-6] INFO  interfaces.Container (KeyValueContainer.java:flushAndSyncDB(386)) - Container 5 is synced with bcsId 4.
2019-09-18 17:32:54,106 [grpc-default-executor-6] INFO  interfaces.Container (KeyValueContainer.java:flushAndSyncDB(386)) - Container 5 is synced with bcsId 4.
2019-09-18 17:32:54,130 [grpc-default-executor-6] INFO  interfaces.Container (KeyValueContainer.java:flushAndSyncDB(386)) - Container 6 is synced with bcsId 0.
2019-09-18 17:32:54,130 [grpc-default-executor-6] INFO  interfaces.Container (KeyValueContainer.java:flushAndSyncDB(386)) - Container 6 is synced with bcsId 0.
2019-09-18 17:32:54,138 [grpc-default-executor-6] INFO  impl.RaftServerProxy (RaftServerProxy.java:remove(95)) - befaacb7-99cd-4d87-819a-d941cb77279d: remove    LEADER befaacb7-99cd-4d87-819a-d941cb77279d@group-AF8B3C156ABB:t1, leader=befaacb7-99cd-4d87-819a-d941cb77279d, voted=befaacb7-99cd-4d87-819a-d941cb77279d, raftlog=befaacb7-99cd-4d87-819a-d941cb77279d@group-AF8B3C156ABB-SegmentedRaftLog:OPENED:c6,f6,i13, conf=0: [f1d6cbd0-cc55-4a8c-aff9-0f6c18a578e9:192.168.151.122:38812, befaacb7-99cd-4d87-819a-d941cb77279d:192.168.151.122:44171, 3f36f173-4656-4d5a-831c-b6782f9f5ad2:192.168.151.122:40451], old=null RUNNING
2019-09-18 17:32:54,138 [grpc-default-executor-6] INFO  impl.RaftServerImpl (RaftServerImpl.java:lambda$shutdown$3(251)) - befaacb7-99cd-4d87-819a-d941cb77279d@group-AF8B3C156ABB: shutdown
2019-09-18 17:32:54,138 [grpc-default-executor-6] INFO  util.JmxRegister (JmxRegister.java:unregister(73)) - Successfully un-registered JMX Bean with object name Ratis:service=RaftServer,group=group-AF8B3C156ABB,id=befaacb7-99cd-4d87-819a-d941cb77279d
2019-09-18 17:32:54,138 [grpc-default-executor-6] INFO  impl.RoleInfo (RoleInfo.java:shutdownLeaderState(104)) - befaacb7-99cd-4d87-819a-d941cb77279d: shutdown LeaderState
2019-09-18 17:32:54,144 [org.apache.ratis.server.impl.LogAppender$AppenderDaemon$$Lambda$488/1062446665@5ec62807] WARN  server.GrpcLogAppender (GrpcLogAppender.java:mayWait(143)) - befaacb7-99cd-4d87-819a-d941cb77279d@group-AF8B3C156ABB->f1d6cbd0-cc55-4a8c-aff9-0f6c18a578e9-GrpcLogAppender: Wait interrupted by java.lang.InterruptedException
2019-09-18 17:32:54,144 [org.apache.ratis.server.impl.LogAppender$AppenderDaemon$$Lambda$488/1062446665@29fe7a32] WARN  server.GrpcLogAppender (GrpcLogAppender.java:mayWait(143)) - befaacb7-99cd-4d87-819a-d941cb77279d@group-AF8B3C156ABB->3f36f173-4656-4d5a-831c-b6782f9f5ad2-GrpcLogAppender: Wait interrupted by java.lang.InterruptedException
2019-09-18 17:32:54,144 [grpc-default-executor-6] INFO  impl.PendingRequests (PendingRequests.java:sendNotLeaderResponses(202)) - befaacb7-99cd-4d87-819a-d941cb77279d-PendingRequests: sendNotLeaderResponses
2019-09-18 17:32:54,144 [grpc-default-executor-9] INFO  server.GrpcServerProtocolService (GrpcServerProtocolService.java:onCompleted(113)) - f1d6cbd0-cc55-4a8c-aff9-0f6c18a578e9: Completed APPEND_ENTRIES, lastRequest: befaacb7-99cd-4d87-819a-d941cb77279d->f1d6cbd0-cc55-4a8c-aff9-0f6c18a578e9#92-t1, previous=(t:1, i:13), leaderCommit=6, initializing? false, entries: <empty>
2019-09-18 17:32:54,145 [grpc-default-executor-10] INFO  server.GrpcServerProtocolService (GrpcServerProtocolService.java:onCompleted(113)) - 3f36f173-4656-4d5a-831c-b6782f9f5ad2: Completed APPEND_ENTRIES, lastRequest: befaacb7-99cd-4d87-819a-d941cb77279d->3f36f173-4656-4d5a-831c-b6782f9f5ad2#92-t1, previous=(t:1, i:13), leaderCommit=6, initializing? false, entries: <empty>
2019-09-18 17:32:54,145 [grpc-default-executor-9] INFO  server.GrpcLogAppender (GrpcLogAppender.java:onCompleted(293)) - befaacb7-99cd-4d87-819a-d941cb77279d@group-AF8B3C156ABB->f1d6cbd0-cc55-4a8c-aff9-0f6c18a578e9-AppendLogResponseHandler: follower responses appendEntries COMPLETED
2019-09-18 17:32:54,150 [grpc-default-executor-6] INFO  impl.StateMachineUpdater (StateMachineUpdater.java:stopAndJoin(125)) - befaacb7-99cd-4d87-819a-d941cb77279d@group-AF8B3C156ABB-StateMachineUpdater: set stopIndex = 6
2019-09-18 17:32:54,146 [grpc-default-executor-10] INFO  server.GrpcLogAppender (GrpcLogAppender.java:onCompleted(293)) - befaacb7-99cd-4d87-819a-d941cb77279d@group-AF8B3C156ABB->3f36f173-4656-4d5a-831c-b6782f9f5ad2-AppendLogResponseHandler: follower responses appendEntries COMPLETED
2019-09-18 17:32:54,152 [grpc-default-executor-9] INFO  impl.FollowerInfo (FollowerInfo.java:lambda$new$0(51)) - befaacb7-99cd-4d87-819a-d941cb77279d@group-AF8B3C156ABB->f1d6cbd0-cc55-4a8c-aff9-0f6c18a578e9: nextIndex: updateUnconditionally 14 -> 7
2019-09-18 17:32:54,150 [befaacb7-99cd-4d87-819a-d941cb77279d@group-AF8B3C156ABB-StateMachineUpdater] INFO  ratis.ContainerStateMachine (ContainerStateMachine.java:takeSnapshot(289)) - group-AF8B3C156ABB: Taking a snapshot at:(t:1, i:6) file /workdir/hadoop-ozone/integration-test/target/test-dir/MiniOzoneClusterImpl-b34fcd95-ddd9-49f6-9e80-ffea83eaa9ea/datanode-4/data/ratis/ce0eb6e5-c999-4fde-aaf1-af8b3c156abb/sm/snapshot.1_6
2019-09-18 17:32:54,154 [grpc-default-executor-10] INFO  impl.FollowerInfo (FollowerInfo.java:lambda$new$0(51)) - befaacb7-99cd-4d87-819a-d941cb77279d@group-AF8B3C156ABB->3f36f173-4656-4d5a-831c-b6782f9f5ad2: nextIndex: updateUnconditionally 14 -> 7
2019-09-18 17:32:54,157 [befaacb7-99cd-4d87-819a-d941cb77279d@group-AF8B3C156ABB-StateMachineUpdater] INFO  ratis.ContainerStateMachine (ContainerStateMachine.java:takeSnapshot(300)) - group-AF8B3C156ABB: Finished taking a snapshot at:(t:1, i:6) file:/workdir/hadoop-ozone/integration-test/target/test-dir/MiniOzoneClusterImpl-b34fcd95-ddd9-49f6-9e80-ffea83eaa9ea/datanode-4/data/ratis/ce0eb6e5-c999-4fde-aaf1-af8b3c156abb/sm/snapshot.1_6 time:8
2019-09-18 17:32:54,158 [befaacb7-99cd-4d87-819a-d941cb77279d@group-AF8B3C156ABB-StateMachineUpdater] INFO  impl.StateMachineUpdater (StateMachineUpdater.java:takeSnapshot(258)) - befaacb7-99cd-4d87-819a-d941cb77279d@group-AF8B3C156ABB-StateMachineUpdater: Took a snapshot at index 6
2019-09-18 17:32:54,158 [befaacb7-99cd-4d87-819a-d941cb77279d@group-AF8B3C156ABB-StateMachineUpdater] INFO  impl.StateMachineUpdater (StateMachineUpdater.java:lambda$new$0(83)) - befaacb7-99cd-4d87-819a-d941cb77279d@group-AF8B3C156ABB-StateMachineUpdater: snapshotIndex: updateIncreasingly -1 -> 6
2019-09-18 17:32:54,158 [grpc-default-executor-6] INFO  impl.RaftServerImpl (ServerState.java:close(385)) - befaacb7-99cd-4d87-819a-d941cb77279d@group-AF8B3C156ABB: closes. applyIndex: 6
2019-09-18 17:32:54,159 [befaacb7-99cd-4d87-819a-d941cb77279d@group-AF8B3C156ABB-SegmentedRaftLogWorker] ERROR ratis.XceiverServerRatis (XceiverServerRatis.java:triggerPipelineClose(575)) - pipeline Action CLOSE  on pipeline PipelineID=ce0eb6e5-c999-4fde-aaf1-af8b3c156abb.Reason : WriteLog:7: (t:1, i:7), STATEMACHINELOGENTRY, client-A5AEF000217A, cid=131-writeStateMachineData interrupted.
2019-09-18 17:32:54,161 [grpc-default-executor-6] INFO  segmented.SegmentedRaftLogWorker (SegmentedRaftLogWorker.java:close(228)) - befaacb7-99cd-4d87-819a-d941cb77279d@group-AF8B3C156ABB-SegmentedRaftLogWorker close()
2019-09-18 17:32:54,165 [EventQueue-PipelineActionsForPipelineActionHandler] ERROR pipeline.PipelineActionHandler (PipelineActionHandler.java:onMessage(60)) - Received pipeline action CLOSE for Pipeline[ Id: ce0eb6e5-c999-4fde-aaf1-af8b3c156abb, Nodes: 3f36f173-4656-4d5a-831c-b6782f9f5ad2{ip: 192.168.151.122, host: pr-hdds-2121-ltkqc-3926781246, networkLocation: /default-rack, certSerialId: null}f1d6cbd0-cc55-4a8c-aff9-0f6c18a578e9{ip: 192.168.151.122, host: pr-hdds-2121-ltkqc-3926781246, networkLocation: /default-rack, certSerialId: null}befaacb7-99cd-4d87-819a-d941cb77279d{ip: 192.168.151.122, host: pr-hdds-2121-ltkqc-3926781246, networkLocation: /default-rack, certSerialId: null}, Type:RATIS, Factor:THREE, State:CLOSED] from datanode befaacb7-99cd-4d87-819a-d941cb77279d{ip: 192.168.151.122, host: pr-hdds-2121-ltkqc-3926781246, networkLocation: /default-rack, certSerialId: null}. Reason : WriteLog:7: (t:1, i:7), STATEMACHINELOGENTRY, client-A5AEF000217A, cid=131-writeStateMachineData interrupted.
2019-09-18 17:32:54,166 [EventQueue-PipelineActionsForPipelineActionHandler] INFO  pipeline.SCMPipelineManager (SCMPipelineManager.java:finalizeAndDestroyPipeline(311)) - destroying pipeline:Pipeline[ Id: ce0eb6e5-c999-4fde-aaf1-af8b3c156abb, Nodes: 3f36f173-4656-4d5a-831c-b6782f9f5ad2{ip: 192.168.151.122, host: pr-hdds-2121-ltkqc-3926781246, networkLocation: /default-rack, certSerialId: null}f1d6cbd0-cc55-4a8c-aff9-0f6c18a578e9{ip: 192.168.151.122, host: pr-hdds-2121-ltkqc-3926781246, networkLocation: /default-rack, certSerialId: null}befaacb7-99cd-4d87-819a-d941cb77279d{ip: 192.168.151.122, host: pr-hdds-2121-ltkqc-3926781246, networkLocation: /default-rack, certSerialId: null}, Type:RATIS, Factor:THREE, State:CLOSED]
2019-09-18 17:32:54,166 [Command processor thread] ERROR commandhandler.CloseContainerCommandHandler (CloseContainerCommandHandler.java:handle(125)) - Can't close container #6
java.io.IOException: org.apache.ratis.protocol.GroupMismatchException: befaacb7-99cd-4d87-819a-d941cb77279d: group-AF8B3C156ABB not found.
	at org.apache.hadoop.ozone.container.common.transport.server.ratis.XceiverServerRatis.submitRequest(XceiverServerRatis.java:502)
	at org.apache.hadoop.ozone.container.common.statemachine.commandhandler.CloseContainerCommandHandler.handle(CloseContainerCommandHandler.java:102)
	at org.apache.hadoop.ozone.container.common.statemachine.commandhandler.CommandDispatcher.handle(CommandDispatcher.java:99)
	at org.apache.hadoop.ozone.container.common.statemachine.DatanodeStateMachine.lambda$initCommandHandlerThread$1(DatanodeStateMachine.java:432)
	at java.lang.Thread.run(Thread.java:748)
Caused by: java.util.concurrent.ExecutionException: org.apache.ratis.protocol.GroupMismatchException: befaacb7-99cd-4d87-819a-d941cb77279d: group-AF8B3C156ABB not found.
	at java.util.concurrent.CompletableFuture.reportGet(CompletableFuture.java:357)
	at java.util.concurrent.CompletableFuture.get(CompletableFuture.java:1895)
	at org.apache.hadoop.ozone.container.common.transport.server.ratis.XceiverServerRatis.submitRequest(XceiverServerRatis.java:500)
	... 4 more
Caused by: org.apache.ratis.protocol.GroupMismatchException: befaacb7-99cd-4d87-819a-d941cb77279d: group-AF8B3C156ABB not found.
	at org.apache.ratis.server.impl.RaftServerProxy$ImplMap.get(RaftServerProxy.java:122)
	at org.apache.ratis.server.impl.RaftServerProxy.getImplFuture(RaftServerProxy.java:269)
	at org.apache.ratis.server.impl.RaftServerProxy.submitRequest(RaftServerProxy.java:327)
	at org.apache.ratis.server.impl.RaftServerProxy.submitClientRequestAsync(RaftServerProxy.java:333)
	... 5 more
2019-09-18 17:32:54,179 [grpc-default-executor-6] INFO  interfaces.Container (KeyValueContainer.java:flushAndSyncDB(386)) - Container 5 is synced with bcsId 4.
2019-09-18 17:32:54,180 [grpc-default-executor-6] INFO  interfaces.Container (KeyValueContainer.java:flushAndSyncDB(386)) - Container 5 is synced with bcsId 4.
2019-09-18 17:32:54,233 [grpc-default-executor-6] INFO  interfaces.Container (KeyValueContainer.java:flushAndSyncDB(386)) - Container 6 is synced with bcsId 0.
2019-09-18 17:32:54,233 [grpc-default-executor-6] INFO  interfaces.Container (KeyValueContainer.java:flushAndSyncDB(386)) - Container 6 is synced with bcsId 0.
2019-09-18 17:32:54,251 [RatisPipelineUtilsThread] INFO  pipeline.PipelineStateManager (PipelineStateManager.java:removePipeline(108)) - Pipeline Pipeline[ Id: ce0eb6e5-c999-4fde-aaf1-af8b3c156abb, Nodes: 3f36f173-4656-4d5a-831c-b6782f9f5ad2{ip: 192.168.151.122, host: pr-hdds-2121-ltkqc-3926781246, networkLocation: /default-rack, certSerialId: null}f1d6cbd0-cc55-4a8c-aff9-0f6c18a578e9{ip: 192.168.151.122, host: pr-hdds-2121-ltkqc-3926781246, networkLocation: /default-rack, certSerialId: null}befaacb7-99cd-4d87-819a-d941cb77279d{ip: 192.168.151.122, host: pr-hdds-2121-ltkqc-3926781246, networkLocation: /default-rack, certSerialId: null}, Type:RATIS, Factor:THREE, State:CLOSED] removed from db
2019-09-18 17:32:54,263 [grpc-default-executor-6] INFO  impl.RaftServerProxy (RaftServerProxy.java:addNew(89)) - 3f36f173-4656-4d5a-831c-b6782f9f5ad2: addNew group-A05F4BEF8117:[f1d6cbd0-cc55-4a8c-aff9-0f6c18a578e9:192.168.151.122:38812, befaacb7-99cd-4d87-819a-d941cb77279d:192.168.151.122:44171, 3f36f173-4656-4d5a-831c-b6782f9f5ad2:192.168.151.122:40451] returns group-A05F4BEF8117:java.util.concurrent.CompletableFuture@1c4a5523[Not completed]
2019-09-18 17:32:54,263 [grpc-default-executor-10] INFO  impl.RaftServerProxy (RaftServerProxy.java:addNew(89)) - befaacb7-99cd-4d87-819a-d941cb77279d: addNew group-A05F4BEF8117:[f1d6cbd0-cc55-4a8c-aff9-0f6c18a578e9:192.168.151.122:38812, befaacb7-99cd-4d87-819a-d941cb77279d:192.168.151.122:44171, 3f36f173-4656-4d5a-831c-b6782f9f5ad2:192.168.151.122:40451] returns group-A05F4BEF8117:java.util.concurrent.CompletableFuture@243823d8[Not completed]
2019-09-18 17:32:54,263 [grpc-default-executor-9] INFO  impl.RaftServerProxy (RaftServerProxy.java:addNew(89)) - f1d6cbd0-cc55-4a8c-aff9-0f6c18a578e9: addNew group-A05F4BEF8117:[f1d6cbd0-cc55-4a8c-aff9-0f6c18a578e9:192.168.151.122:38812, befaacb7-99cd-4d87-819a-d941cb77279d:192.168.151.122:44171, 3f36f173-4656-4d5a-831c-b6782f9f5ad2:192.168.151.122:40451] returns group-A05F4BEF8117:java.util.concurrent.CompletableFuture@2e38e043[Not completed]
2019-09-18 17:32:54,264 [pool-37-thread-1] INFO  impl.RaftServerImpl (RaftServerImpl.java:<init>(95)) - f1d6cbd0-cc55-4a8c-aff9-0f6c18a578e9: new RaftServerImpl for group-A05F4BEF8117:[f1d6cbd0-cc55-4a8c-aff9-0f6c18a578e9:192.168.151.122:38812, befaacb7-99cd-4d87-819a-d941cb77279d:192.168.151.122:44171, 3f36f173-4656-4d5a-831c-b6782f9f5ad2:192.168.151.122:40451] with ContainerStateMachine:uninitialized
2019-09-18 17:32:54,265 [pool-37-thread-1] INFO  server.RaftServerConfigKeys (ConfUtils.java:logGet(43)) - raft.server.rpc.timeout.min = 5s (custom)
2019-09-18 17:32:54,265 [pool-37-thread-1] INFO  server.RaftServerConfigKeys (ConfUtils.java:logGet(43)) - raft.server.rpc.timeout.max = 5200ms (custom)
2019-09-18 17:32:54,265 [pool-37-thread-1] INFO  server.RaftServerConfigKeys (ConfUtils.java:logGet(43)) - raft.server.rpcslowness.timeout = 120s (custom)
2019-09-18 17:32:54,265 [pool-37-thread-1] INFO  server.RaftServerConfigKeys (ConfUtils.java:logGet(43)) - raft.server.sleep.deviation.threshold = 300 (default)
2019-09-18 17:32:54,265 [pool-37-thread-1] INFO  server.RaftServerConfigKeys (ConfUtils.java:logGet(43)) - raft.server.log.appender.install.snapshot.enabled = false (custom)
2019-09-18 17:32:54,265 [pool-37-thread-1] INFO  impl.RaftServerImpl (ServerState.java:<init>(103)) - f1d6cbd0-cc55-4a8c-aff9-0f6c18a578e9@group-A05F4BEF8117: ConfigurationManager, init=-1: [f1d6cbd0-cc55-4a8c-aff9-0f6c18a578e9:192.168.151.122:38812, befaacb7-99cd-4d87-819a-d941cb77279d:192.168.151.122:44171, 3f36f173-4656-4d5a-831c-b6782f9f5ad2:192.168.151.122:40451], old=null, confs=<EMPTY_MAP>
2019-09-18 17:32:54,265 [pool-37-thread-1] INFO  server.RaftServerConfigKeys (ConfUtils.java:logGet(43)) - raft.server.storage.dir = [/workdir/hadoop-ozone/integration-test/target/test-dir/MiniOzoneClusterImpl-b34fcd95-ddd9-49f6-9e80-ffea83eaa9ea/datanode-1/data/ratis] (custom)
2019-09-18 17:32:54,265 [pool-37-thread-1] INFO  storage.RaftStorageDirectory (RaftStorageDirectory.java:analyzeStorage(246)) - The storage directory /workdir/hadoop-ozone/integration-test/target/test-dir/MiniOzoneClusterImpl-b34fcd95-ddd9-49f6-9e80-ffea83eaa9ea/datanode-1/data/ratis/3738141e-61ad-4dcc-b765-a05f4bef8117 does not exist. Creating ...
2019-09-18 17:32:54,265 [pool-67-thread-1] INFO  impl.RaftServerImpl (RaftServerImpl.java:<init>(95)) - befaacb7-99cd-4d87-819a-d941cb77279d: new RaftServerImpl for group-A05F4BEF8117:[f1d6cbd0-cc55-4a8c-aff9-0f6c18a578e9:192.168.151.122:38812, befaacb7-99cd-4d87-819a-d941cb77279d:192.168.151.122:44171, 3f36f173-4656-4d5a-831c-b6782f9f5ad2:192.168.151.122:40451] with ContainerStateMachine:uninitialized
2019-09-18 17:32:54,266 [pool-67-thread-1] INFO  server.RaftServerConfigKeys (ConfUtils.java:logGet(43)) - raft.server.rpc.timeout.min = 5s (custom)
2019-09-18 17:32:54,266 [pool-67-thread-1] INFO  server.RaftServerConfigKeys (ConfUtils.java:logGet(43)) - raft.server.rpc.timeout.max = 5200ms (custom)
2019-09-18 17:32:54,266 [pool-67-thread-1] INFO  server.RaftServerConfigKeys (ConfUtils.java:logGet(43)) - raft.server.rpcslowness.timeout = 120s (custom)
2019-09-18 17:32:54,266 [pool-57-thread-1] INFO  impl.RaftServerImpl (RaftServerImpl.java:<init>(95)) - 3f36f173-4656-4d5a-831c-b6782f9f5ad2: new RaftServerImpl for group-A05F4BEF8117:[f1d6cbd0-cc55-4a8c-aff9-0f6c18a578e9:192.168.151.122:38812, befaacb7-99cd-4d87-819a-d941cb77279d:192.168.151.122:44171, 3f36f173-4656-4d5a-831c-b6782f9f5ad2:192.168.151.122:40451] with ContainerStateMachine:uninitialized
2019-09-18 17:32:54,266 [pool-67-thread-1] INFO  server.RaftServerConfigKeys (ConfUtils.java:logGet(43)) - raft.server.sleep.deviation.threshold = 300 (default)
2019-09-18 17:32:54,266 [pool-57-thread-1] INFO  server.RaftServerConfigKeys (ConfUtils.java:logGet(43)) - raft.server.rpc.timeout.min = 5s (custom)
2019-09-18 17:32:54,266 [pool-67-thread-1] INFO  server.RaftServerConfigKeys (ConfUtils.java:logGet(43)) - raft.server.log.appender.install.snapshot.enabled = false (custom)
2019-09-18 17:32:54,267 [pool-57-thread-1] INFO  server.RaftServerConfigKeys (ConfUtils.java:logGet(43)) - raft.server.rpc.timeout.max = 5200ms (custom)
2019-09-18 17:32:54,267 [pool-67-thread-1] INFO  impl.RaftServerImpl (ServerState.java:<init>(103)) - befaacb7-99cd-4d87-819a-d941cb77279d@group-A05F4BEF8117: ConfigurationManager, init=-1: [f1d6cbd0-cc55-4a8c-aff9-0f6c18a578e9:192.168.151.122:38812, befaacb7-99cd-4d87-819a-d941cb77279d:192.168.151.122:44171, 3f36f173-4656-4d5a-831c-b6782f9f5ad2:192.168.151.122:40451], old=null, confs=<EMPTY_MAP>
2019-09-18 17:32:54,267 [pool-57-thread-1] INFO  server.RaftServerConfigKeys (ConfUtils.java:logGet(43)) - raft.server.rpcslowness.timeout = 120s (custom)
2019-09-18 17:32:54,267 [pool-67-thread-1] INFO  server.RaftServerConfigKeys (ConfUtils.java:logGet(43)) - raft.server.storage.dir = [/workdir/hadoop-ozone/integration-test/target/test-dir/MiniOzoneClusterImpl-b34fcd95-ddd9-49f6-9e80-ffea83eaa9ea/datanode-4/data/ratis] (custom)
2019-09-18 17:32:54,267 [pool-57-thread-1] INFO  server.RaftServerConfigKeys (ConfUtils.java:logGet(43)) - raft.server.sleep.deviation.threshold = 300 (default)
2019-09-18 17:32:54,267 [pool-57-thread-1] INFO  server.RaftServerConfigKeys (ConfUtils.java:logGet(43)) - raft.server.log.appender.install.snapshot.enabled = false (custom)
2019-09-18 17:32:54,267 [pool-57-thread-1] INFO  impl.RaftServerImpl (ServerState.java:<init>(103)) - 3f36f173-4656-4d5a-831c-b6782f9f5ad2@group-A05F4BEF8117: ConfigurationManager, init=-1: [f1d6cbd0-cc55-4a8c-aff9-0f6c18a578e9:192.168.151.122:38812, befaacb7-99cd-4d87-819a-d941cb77279d:192.168.151.122:44171, 3f36f173-4656-4d5a-831c-b6782f9f5ad2:192.168.151.122:40451], old=null, confs=<EMPTY_MAP>
2019-09-18 17:32:54,268 [pool-67-thread-1] INFO  storage.RaftStorageDirectory (RaftStorageDirectory.java:analyzeStorage(246)) - The storage directory /workdir/hadoop-ozone/integration-test/target/test-dir/MiniOzoneClusterImpl-b34fcd95-ddd9-49f6-9e80-ffea83eaa9ea/datanode-4/data/ratis/3738141e-61ad-4dcc-b765-a05f4bef8117 does not exist. Creating ...
2019-09-18 17:32:54,268 [pool-57-thread-1] INFO  server.RaftServerConfigKeys (ConfUtils.java:logGet(43)) - raft.server.storage.dir = [/workdir/hadoop-ozone/integration-test/target/test-dir/MiniOzoneClusterImpl-b34fcd95-ddd9-49f6-9e80-ffea83eaa9ea/datanode-3/data/ratis] (custom)
2019-09-18 17:32:54,268 [pool-57-thread-1] INFO  storage.RaftStorageDirectory (RaftStorageDirectory.java:analyzeStorage(246)) - The storage directory /workdir/hadoop-ozone/integration-test/target/test-dir/MiniOzoneClusterImpl-b34fcd95-ddd9-49f6-9e80-ffea83eaa9ea/datanode-3/data/ratis/3738141e-61ad-4dcc-b765-a05f4bef8117 does not exist. Creating ...
2019-09-18 17:32:54,279 [pool-67-thread-1] INFO  storage.RaftStorageDirectory (RaftStorageDirectory.java:tryLock(328)) - Lock on /workdir/hadoop-ozone/integration-test/target/test-dir/MiniOzoneClusterImpl-b34fcd95-ddd9-49f6-9e80-ffea83eaa9ea/datanode-4/data/ratis/3738141e-61ad-4dcc-b765-a05f4bef8117/in_use.lock acquired by nodename 24009@pr-hdds-2121-ltkqc-3926781246
2019-09-18 17:32:54,279 [pool-57-thread-1] INFO  storage.RaftStorageDirectory (RaftStorageDirectory.java:tryLock(328)) - Lock on /workdir/hadoop-ozone/integration-test/target/test-dir/MiniOzoneClusterImpl-b34fcd95-ddd9-49f6-9e80-ffea83eaa9ea/datanode-3/data/ratis/3738141e-61ad-4dcc-b765-a05f4bef8117/in_use.lock acquired by nodename 24009@pr-hdds-2121-ltkqc-3926781246
2019-09-18 17:32:54,279 [pool-37-thread-1] INFO  storage.RaftStorageDirectory (RaftStorageDirectory.java:tryLock(328)) - Lock on /workdir/hadoop-ozone/integration-test/target/test-dir/MiniOzoneClusterImpl-b34fcd95-ddd9-49f6-9e80-ffea83eaa9ea/datanode-1/data/ratis/3738141e-61ad-4dcc-b765-a05f4bef8117/in_use.lock acquired by nodename 24009@pr-hdds-2121-ltkqc-3926781246
2019-09-18 17:32:54,293 [pool-57-thread-1] INFO  storage.RaftStorage (RaftStorage.java:format(72)) - Storage directory /workdir/hadoop-ozone/integration-test/target/test-dir/MiniOzoneClusterImpl-b34fcd95-ddd9-49f6-9e80-ffea83eaa9ea/datanode-3/data/ratis/3738141e-61ad-4dcc-b765-a05f4bef8117 has been successfully formatted.
2019-09-18 17:32:54,293 [pool-67-thread-1] INFO  storage.RaftStorage (RaftStorage.java:format(72)) - Storage directory /workdir/hadoop-ozone/integration-test/target/test-dir/MiniOzoneClusterImpl-b34fcd95-ddd9-49f6-9e80-ffea83eaa9ea/datanode-4/data/ratis/3738141e-61ad-4dcc-b765-a05f4bef8117 has been successfully formatted.
2019-09-18 17:32:54,293 [pool-37-thread-1] INFO  storage.RaftStorage (RaftStorage.java:format(72)) - Storage directory /workdir/hadoop-ozone/integration-test/target/test-dir/MiniOzoneClusterImpl-b34fcd95-ddd9-49f6-9e80-ffea83eaa9ea/datanode-1/data/ratis/3738141e-61ad-4dcc-b765-a05f4bef8117 has been successfully formatted.
2019-09-18 17:32:54,293 [pool-67-thread-1] INFO  ratis.ContainerStateMachine (ContainerStateMachine.java:loadSnapshot(230)) - group-A05F4BEF8117: The snapshot info is null. Setting the last applied indexto:(t:0, i:~)
2019-09-18 17:32:54,293 [pool-57-thread-1] INFO  ratis.ContainerStateMachine (ContainerStateMachine.java:loadSnapshot(230)) - group-A05F4BEF8117: The snapshot info is null. Setting the last applied indexto:(t:0, i:~)
2019-09-18 17:32:54,293 [pool-67-thread-1] INFO  server.RaftServerConfigKeys (ConfUtils.java:logGet(43)) - raft.server.notification.no-leader.timeout = 120s (custom)
2019-09-18 17:32:54,293 [pool-37-thread-1] INFO  ratis.ContainerStateMachine (ContainerStateMachine.java:loadSnapshot(230)) - group-A05F4BEF8117: The snapshot info is null. Setting the last applied indexto:(t:0, i:~)
2019-09-18 17:32:54,293 [pool-67-thread-1] INFO  server.RaftServerConfigKeys (ConfUtils.java:logGet(43)) - raft.server.log.use.memory = false (default)
2019-09-18 17:32:54,293 [pool-57-thread-1] INFO  server.RaftServerConfigKeys (ConfUtils.java:logGet(43)) - raft.server.notification.no-leader.timeout = 120s (custom)
2019-09-18 17:32:54,294 [pool-37-thread-1] INFO  server.RaftServerConfigKeys (ConfUtils.java:logGet(43)) - raft.server.notification.no-leader.timeout = 120s (custom)
2019-09-18 17:32:54,294 [pool-67-thread-1] INFO  server.RaftServerConfigKeys (ConfUtils.java:logGet(43)) - raft.server.log.purge.gap = 1000000 (custom)
2019-09-18 17:32:54,294 [pool-57-thread-1] INFO  server.RaftServerConfigKeys (ConfUtils.java:logGet(43)) - raft.server.log.use.memory = false (default)
2019-09-18 17:32:54,294 [pool-67-thread-1] INFO  server.RaftServerConfigKeys (ConfUtils.java:logGet(43)) - raft.server.log.appender.buffer.byte-limit = 33554432 (custom)
2019-09-18 17:32:54,294 [pool-37-thread-1] INFO  server.RaftServerConfigKeys (ConfUtils.java:logGet(43)) - raft.server.log.use.memory = false (default)
2019-09-18 17:32:54,294 [pool-67-thread-1] INFO  server.RaftServerConfigKeys (ConfUtils.java:logGet(43)) - raft.server.log.segment.size.max = 1048576 (custom)
2019-09-18 17:32:54,294 [pool-57-thread-1] INFO  server.RaftServerConfigKeys (ConfUtils.java:logGet(43)) - raft.server.log.purge.gap = 1000000 (custom)
2019-09-18 17:32:54,295 [pool-67-thread-1] INFO  server.RaftServerConfigKeys (ConfUtils.java:logGet(43)) - raft.server.log.segment.cache.num.max = 2 (custom)
2019-09-18 17:32:54,295 [pool-37-thread-1] INFO  server.RaftServerConfigKeys (ConfUtils.java:logGet(43)) - raft.server.log.purge.gap = 1000000 (custom)
2019-09-18 17:32:54,295 [pool-67-thread-1] INFO  segmented.SegmentedRaftLogWorker (SegmentedRaftLogWorker.java:<init>(172)) - new befaacb7-99cd-4d87-819a-d941cb77279d@group-A05F4BEF8117-SegmentedRaftLogWorker for RaftStorage:Storage Directory /workdir/hadoop-ozone/integration-test/target/test-dir/MiniOzoneClusterImpl-b34fcd95-ddd9-49f6-9e80-ffea83eaa9ea/datanode-4/data/ratis/3738141e-61ad-4dcc-b765-a05f4bef8117
2019-09-18 17:32:54,295 [pool-57-thread-1] INFO  server.RaftServerConfigKeys (ConfUtils.java:logGet(43)) - raft.server.log.appender.buffer.byte-limit = 33554432 (custom)
2019-09-18 17:32:54,295 [pool-37-thread-1] INFO  server.RaftServerConfigKeys (ConfUtils.java:logGet(43)) - raft.server.log.appender.buffer.byte-limit = 33554432 (custom)
2019-09-18 17:32:54,295 [pool-57-thread-1] INFO  server.RaftServerConfigKeys (ConfUtils.java:logGet(43)) - raft.server.log.segment.size.max = 1048576 (custom)
2019-09-18 17:32:54,295 [pool-67-thread-1] INFO  server.RaftServerConfigKeys (ConfUtils.java:logGet(43)) - raft.server.log.queue.byte-limit = 2147483647 (custom)
2019-09-18 17:32:54,296 [pool-57-thread-1] INFO  server.RaftServerConfigKeys (ConfUtils.java:logGet(43)) - raft.server.log.segment.cache.num.max = 2 (custom)
2019-09-18 17:32:54,296 [pool-37-thread-1] INFO  server.RaftServerConfigKeys (ConfUtils.java:logGet(43)) - raft.server.log.segment.size.max = 1048576 (custom)
2019-09-18 17:32:54,296 [pool-57-thread-1] INFO  segmented.SegmentedRaftLogWorker (SegmentedRaftLogWorker.java:<init>(172)) - new 3f36f173-4656-4d5a-831c-b6782f9f5ad2@group-A05F4BEF8117-SegmentedRaftLogWorker for RaftStorage:Storage Directory /workdir/hadoop-ozone/integration-test/target/test-dir/MiniOzoneClusterImpl-b34fcd95-ddd9-49f6-9e80-ffea83eaa9ea/datanode-3/data/ratis/3738141e-61ad-4dcc-b765-a05f4bef8117
2019-09-18 17:32:54,296 [pool-67-thread-1] INFO  server.RaftServerConfigKeys (ConfUtils.java:logGet(43)) - raft.server.log.queue.element-limit = 1024 (custom)
2019-09-18 17:32:54,296 [pool-57-thread-1] INFO  server.RaftServerConfigKeys (ConfUtils.java:logGet(43)) - raft.server.log.queue.byte-limit = 2147483647 (custom)
2019-09-18 17:32:54,296 [pool-37-thread-1] INFO  server.RaftServerConfigKeys (ConfUtils.java:logGet(43)) - raft.server.log.segment.cache.num.max = 2 (custom)
2019-09-18 17:32:54,296 [pool-57-thread-1] INFO  server.RaftServerConfigKeys (ConfUtils.java:logGet(43)) - raft.server.log.queue.element-limit = 1024 (custom)
2019-09-18 17:32:54,296 [pool-67-thread-1] INFO  server.RaftServerConfigKeys (ConfUtils.java:logGet(43)) - raft.server.log.segment.size.max = 1048576 (custom)
2019-09-18 17:32:54,297 [pool-57-thread-1] INFO  server.RaftServerConfigKeys (ConfUtils.java:logGet(43)) - raft.server.log.segment.size.max = 1048576 (custom)
2019-09-18 17:32:54,296 [pool-37-thread-1] INFO  segmented.SegmentedRaftLogWorker (SegmentedRaftLogWorker.java:<init>(172)) - new f1d6cbd0-cc55-4a8c-aff9-0f6c18a578e9@group-A05F4BEF8117-SegmentedRaftLogWorker for RaftStorage:Storage Directory /workdir/hadoop-ozone/integration-test/target/test-dir/MiniOzoneClusterImpl-b34fcd95-ddd9-49f6-9e80-ffea83eaa9ea/datanode-1/data/ratis/3738141e-61ad-4dcc-b765-a05f4bef8117
2019-09-18 17:32:54,297 [pool-57-thread-1] INFO  server.RaftServerConfigKeys (ConfUtils.java:logGet(43)) - raft.server.log.preallocated.size = 16384 (custom)
2019-09-18 17:32:54,297 [pool-67-thread-1] INFO  server.RaftServerConfigKeys (ConfUtils.java:logGet(43)) - raft.server.log.preallocated.size = 16384 (custom)
2019-09-18 17:32:54,297 [pool-57-thread-1] INFO  server.RaftServerConfigKeys (ConfUtils.java:logGet(43)) - raft.server.log.write.buffer.size = 33554432 (custom)
2019-09-18 17:32:54,297 [pool-37-thread-1] INFO  server.RaftServerConfigKeys (ConfUtils.java:logGet(43)) - raft.server.log.queue.byte-limit = 2147483647 (custom)
2019-09-18 17:32:54,297 [pool-57-thread-1] INFO  server.RaftServerConfigKeys (ConfUtils.java:logGet(43)) - raft.server.log.force.sync.num = 128 (default)
2019-09-18 17:32:54,297 [pool-67-thread-1] INFO  server.RaftServerConfigKeys (ConfUtils.java:logGet(43)) - raft.server.log.write.buffer.size = 33554432 (custom)
2019-09-18 17:32:54,297 [pool-57-thread-1] INFO  server.RaftServerConfigKeys (ConfUtils.java:logGet(43)) - raft.server.log.statemachine.data.sync = true (default)
2019-09-18 17:32:54,298 [pool-57-thread-1] INFO  server.RaftServerConfigKeys (ConfUtils.java:logGet(43)) - raft.server.log.statemachine.data.sync.timeout = 10s (default)
2019-09-18 17:32:54,297 [pool-37-thread-1] INFO  server.RaftServerConfigKeys (ConfUtils.java:logGet(43)) - raft.server.log.queue.element-limit = 1024 (custom)
2019-09-18 17:32:54,298 [pool-57-thread-1] INFO  server.RaftServerConfigKeys (ConfUtils.java:logGet(43)) - raft.server.log.statemachine.data.sync.timeout.retry = -1 (default)
2019-09-18 17:32:54,298 [pool-67-thread-1] INFO  server.RaftServerConfigKeys (ConfUtils.java:logGet(43)) - raft.server.log.force.sync.num = 128 (default)
2019-09-18 17:32:54,298 [pool-57-thread-1] INFO  server.RaftServerConfigKeys (ConfUtils.java:logGet(43)) - raft.server.log.statemachine.data.caching.enabled = true (custom)
2019-09-18 17:32:54,298 [pool-37-thread-1] INFO  server.RaftServerConfigKeys (ConfUtils.java:logGet(43)) - raft.server.log.segment.size.max = 1048576 (custom)
2019-09-18 17:32:54,298 [pool-57-thread-1] INFO  segmented.SegmentedRaftLogWorker (SegmentedRaftLogWorker.java:lambda$new$0(132)) - 3f36f173-4656-4d5a-831c-b6782f9f5ad2@group-A05F4BEF8117-SegmentedRaftLogWorker: flushIndex: setUnconditionally 0 -> -1
2019-09-18 17:32:54,298 [pool-67-thread-1] INFO  server.RaftServerConfigKeys (ConfUtils.java:logGet(43)) - raft.server.log.statemachine.data.sync = true (default)
2019-09-18 17:32:54,298 [pool-37-thread-1] INFO  server.RaftServerConfigKeys (ConfUtils.java:logGet(43)) - raft.server.log.preallocated.size = 16384 (custom)
2019-09-18 17:32:54,299 [pool-67-thread-1] INFO  server.RaftServerConfigKeys (ConfUtils.java:logGet(43)) - raft.server.log.statemachine.data.sync.timeout = 10s (default)
2019-09-18 17:32:54,299 [pool-57-thread-1] INFO  server.RaftServerConfigKeys (ConfUtils.java:logGet(43)) - raft.server.snapshot.auto.trigger.enabled = true (custom)
2019-09-18 17:32:54,299 [pool-67-thread-1] INFO  server.RaftServerConfigKeys (ConfUtils.java:logGet(43)) - raft.server.log.statemachine.data.sync.timeout.retry = -1 (default)
2019-09-18 17:32:54,299 [pool-37-thread-1] INFO  server.RaftServerConfigKeys (ConfUtils.java:logGet(43)) - raft.server.log.write.buffer.size = 33554432 (custom)
2019-09-18 17:32:54,299 [pool-67-thread-1] INFO  server.RaftServerConfigKeys (ConfUtils.java:logGet(43)) - raft.server.log.statemachine.data.caching.enabled = true (custom)
2019-09-18 17:32:54,299 [pool-57-thread-1] INFO  server.RaftServerConfigKeys (ConfUtils.java:logGet(43)) - raft.server.snapshot.auto.trigger.threshold = 10000 (custom)
2019-09-18 17:32:54,299 [pool-37-thread-1] INFO  server.RaftServerConfigKeys (ConfUtils.java:logGet(43)) - raft.server.log.force.sync.num = 128 (default)
2019-09-18 17:32:54,300 [pool-67-thread-1] INFO  segmented.SegmentedRaftLogWorker (SegmentedRaftLogWorker.java:lambda$new$0(132)) - befaacb7-99cd-4d87-819a-d941cb77279d@group-A05F4BEF8117-SegmentedRaftLogWorker: flushIndex: setUnconditionally 0 -> -1
2019-09-18 17:32:54,300 [pool-57-thread-1] INFO  server.RaftServerConfigKeys (ConfUtils.java:logGet(43)) - raft.server.snapshot.retention.num.files = 5 (custom)
2019-09-18 17:32:54,300 [pool-37-thread-1] INFO  server.RaftServerConfigKeys (ConfUtils.java:logGet(43)) - raft.server.log.statemachine.data.sync = true (default)
2019-09-18 17:32:54,300 [pool-67-thread-1] INFO  server.RaftServerConfigKeys (ConfUtils.java:logGet(43)) - raft.server.snapshot.auto.trigger.enabled = true (custom)
2019-09-18 17:32:54,300 [pool-57-thread-1] INFO  server.RaftServerConfigKeys (ConfUtils.java:logGet(43)) - raft.server.retrycache.expirytime = 600000ms (custom)
2019-09-18 17:32:54,300 [pool-67-thread-1] INFO  server.RaftServerConfigKeys (ConfUtils.java:logGet(43)) - raft.server.snapshot.auto.trigger.threshold = 10000 (custom)
2019-09-18 17:32:54,300 [pool-37-thread-1] INFO  server.RaftServerConfigKeys (ConfUtils.java:logGet(43)) - raft.server.log.statemachine.data.sync.timeout = 10s (default)
2019-09-18 17:32:54,301 [pool-67-thread-1] INFO  server.RaftServerConfigKeys (ConfUtils.java:logGet(43)) - raft.server.snapshot.retention.num.files = 5 (custom)
2019-09-18 17:32:54,301 [pool-37-thread-1] INFO  server.RaftServerConfigKeys (ConfUtils.java:logGet(43)) - raft.server.log.statemachine.data.sync.timeout.retry = -1 (default)
2019-09-18 17:32:54,301 [pool-67-thread-1] INFO  server.RaftServerConfigKeys (ConfUtils.java:logGet(43)) - raft.server.retrycache.expirytime = 600000ms (custom)
2019-09-18 17:32:54,301 [pool-37-thread-1] INFO  server.RaftServerConfigKeys (ConfUtils.java:logGet(43)) - raft.server.log.statemachine.data.caching.enabled = true (custom)
2019-09-18 17:32:54,301 [pool-37-thread-1] INFO  segmented.SegmentedRaftLogWorker (SegmentedRaftLogWorker.java:lambda$new$0(132)) - f1d6cbd0-cc55-4a8c-aff9-0f6c18a578e9@group-A05F4BEF8117-SegmentedRaftLogWorker: flushIndex: setUnconditionally 0 -> -1
2019-09-18 17:32:54,302 [pool-37-thread-1] INFO  server.RaftServerConfigKeys (ConfUtils.java:logGet(43)) - raft.server.snapshot.auto.trigger.enabled = true (custom)
2019-09-18 17:32:54,302 [pool-37-thread-1] INFO  server.RaftServerConfigKeys (ConfUtils.java:logGet(43)) - raft.server.snapshot.auto.trigger.threshold = 10000 (custom)
2019-09-18 17:32:54,302 [pool-37-thread-1] INFO  server.RaftServerConfigKeys (ConfUtils.java:logGet(43)) - raft.server.snapshot.retention.num.files = 5 (custom)
2019-09-18 17:32:54,302 [pool-37-thread-1] INFO  server.RaftServerConfigKeys (ConfUtils.java:logGet(43)) - raft.server.retrycache.expirytime = 600000ms (custom)
2019-09-18 17:32:54,303 [pool-57-thread-1] INFO  impl.RaftServerImpl (RaftServerImpl.java:start(185)) - 3f36f173-4656-4d5a-831c-b6782f9f5ad2@group-A05F4BEF8117: start as a follower, conf=-1: [f1d6cbd0-cc55-4a8c-aff9-0f6c18a578e9:192.168.151.122:38812, befaacb7-99cd-4d87-819a-d941cb77279d:192.168.151.122:44171, 3f36f173-4656-4d5a-831c-b6782f9f5ad2:192.168.151.122:40451], old=null
2019-09-18 17:32:54,303 [pool-57-thread-1] INFO  impl.RaftServerImpl (RaftServerImpl.java:setRole(174)) - 3f36f173-4656-4d5a-831c-b6782f9f5ad2@group-A05F4BEF8117: changes role from      null to FOLLOWER at term 0 for startAsFollower
2019-09-18 17:32:54,303 [pool-57-thread-1] INFO  impl.RoleInfo (RoleInfo.java:updateAndGet(143)) - 3f36f173-4656-4d5a-831c-b6782f9f5ad2: start FollowerState
2019-09-18 17:32:54,309 [pool-57-thread-1] INFO  util.JmxRegister (JmxRegister.java:tryRegister(44)) - Successfully registered JMX Bean with object name Ratis:service=RaftServer,group=group-A05F4BEF8117,id=3f36f173-4656-4d5a-831c-b6782f9f5ad2
2019-09-18 17:32:54,315 [pool-67-thread-1] INFO  impl.RaftServerImpl (RaftServerImpl.java:start(185)) - befaacb7-99cd-4d87-819a-d941cb77279d@group-A05F4BEF8117: start as a follower, conf=-1: [f1d6cbd0-cc55-4a8c-aff9-0f6c18a578e9:192.168.151.122:38812, befaacb7-99cd-4d87-819a-d941cb77279d:192.168.151.122:44171, 3f36f173-4656-4d5a-831c-b6782f9f5ad2:192.168.151.122:40451], old=null
2019-09-18 17:32:54,315 [pool-67-thread-1] INFO  impl.RaftServerImpl (RaftServerImpl.java:setRole(174)) - befaacb7-99cd-4d87-819a-d941cb77279d@group-A05F4BEF8117: changes role from      null to FOLLOWER at term 0 for startAsFollower
2019-09-18 17:32:54,315 [pool-67-thread-1] INFO  impl.RoleInfo (RoleInfo.java:updateAndGet(143)) - befaacb7-99cd-4d87-819a-d941cb77279d: start FollowerState
2019-09-18 17:32:54,316 [pool-67-thread-1] INFO  util.JmxRegister (JmxRegister.java:tryRegister(44)) - Successfully registered JMX Bean with object name Ratis:service=RaftServer,group=group-A05F4BEF8117,id=befaacb7-99cd-4d87-819a-d941cb77279d
2019-09-18 17:32:54,316 [pool-37-thread-1] INFO  impl.RaftServerImpl (RaftServerImpl.java:start(185)) - f1d6cbd0-cc55-4a8c-aff9-0f6c18a578e9@group-A05F4BEF8117: start as a follower, conf=-1: [f1d6cbd0-cc55-4a8c-aff9-0f6c18a578e9:192.168.151.122:38812, befaacb7-99cd-4d87-819a-d941cb77279d:192.168.151.122:44171, 3f36f173-4656-4d5a-831c-b6782f9f5ad2:192.168.151.122:40451], old=null
2019-09-18 17:32:54,317 [pool-37-thread-1] INFO  impl.RaftServerImpl (RaftServerImpl.java:setRole(174)) - f1d6cbd0-cc55-4a8c-aff9-0f6c18a578e9@group-A05F4BEF8117: changes role from      null to FOLLOWER at term 0 for startAsFollower
2019-09-18 17:32:54,317 [pool-37-thread-1] INFO  impl.RoleInfo (RoleInfo.java:updateAndGet(143)) - f1d6cbd0-cc55-4a8c-aff9-0f6c18a578e9: start FollowerState
2019-09-18 17:32:54,317 [pool-37-thread-1] INFO  util.JmxRegister (JmxRegister.java:tryRegister(44)) - Successfully registered JMX Bean with object name Ratis:service=RaftServer,group=group-A05F4BEF8117,id=f1d6cbd0-cc55-4a8c-aff9-0f6c18a578e9
2019-09-18 17:32:54,319 [RatisPipelineUtilsThread] INFO  pipeline.PipelineStateManager (PipelineStateManager.java:addPipeline(56)) - Created pipeline Pipeline[ Id: 3738141e-61ad-4dcc-b765-a05f4bef8117, Nodes: 3f36f173-4656-4d5a-831c-b6782f9f5ad2{ip: 192.168.151.122, host: pr-hdds-2121-ltkqc-3926781246, networkLocation: /default-rack, certSerialId: null}f1d6cbd0-cc55-4a8c-aff9-0f6c18a578e9{ip: 192.168.151.122, host: pr-hdds-2121-ltkqc-3926781246, networkLocation: /default-rack, certSerialId: null}befaacb7-99cd-4d87-819a-d941cb77279d{ip: 192.168.151.122, host: pr-hdds-2121-ltkqc-3926781246, networkLocation: /default-rack, certSerialId: null}, Type:RATIS, Factor:THREE, State:OPEN]
2019-09-18 17:32:54,407 [main] WARN  io.KeyOutputStream (KeyOutputStream.java:handleException(276)) - Encountered exception java.io.IOException: Unexpected Storage Container Exception: java.util.concurrent.CompletionException: java.util.concurrent.CompletionException: org.apache.ratis.protocol.GroupMismatchException: 3f36f173-4656-4d5a-831c-b6782f9f5ad2: group-AF8B3C156ABB not found. on the pipeline Pipeline[ Id: ce0eb6e5-c999-4fde-aaf1-af8b3c156abb, Nodes: 3f36f173-4656-4d5a-831c-b6782f9f5ad2{ip: 192.168.151.122, host: pr-hdds-2121-ltkqc-3926781246, networkLocation: /default-rack, certSerialId: null}f1d6cbd0-cc55-4a8c-aff9-0f6c18a578e9{ip: 192.168.151.122, host: pr-hdds-2121-ltkqc-3926781246, networkLocation: /default-rack, certSerialId: null}befaacb7-99cd-4d87-819a-d941cb77279d{ip: 192.168.151.122, host: pr-hdds-2121-ltkqc-3926781246, networkLocation: /default-rack, certSerialId: null}, Type:RATIS, Factor:THREE, State:OPEN]. The last committed block length is 0, uncommitted data length is 400 retry count 0
2019-09-18 17:32:54,454 [grpc-default-executor-9] INFO  client.GrpcClientProtocolClient (GrpcClientProtocolClient.java:onNext(264)) - client-28BA9BD21A23->3f36f173-4656-4d5a-831c-b6782f9f5ad2: receive RaftClientReply:client-28BA9BD21A23->3f36f173-4656-4d5a-831c-b6782f9f5ad2@group-A05F4BEF8117, cid=230, FAILED org.apache.ratis.protocol.NotLeaderException: Server 3f36f173-4656-4d5a-831c-b6782f9f5ad2@group-A05F4BEF8117 is not the leader, logIndex=0, commits[3f36f173-4656-4d5a-831c-b6782f9f5ad2:c-1]
2019-09-18 17:32:55,477 [grpc-default-executor-10] INFO  client.GrpcClientProtocolClient (GrpcClientProtocolClient.java:onNext(264)) - client-28BA9BD21A23->befaacb7-99cd-4d87-819a-d941cb77279d: receive RaftClientReply:client-28BA9BD21A23->befaacb7-99cd-4d87-819a-d941cb77279d@group-A05F4BEF8117, cid=230, FAILED org.apache.ratis.protocol.NotLeaderException: Server befaacb7-99cd-4d87-819a-d941cb77279d@group-A05F4BEF8117 is not the leader, logIndex=0, commits[befaacb7-99cd-4d87-819a-d941cb77279d:c-1]
2019-09-18 17:32:56,502 [grpc-default-executor-9] INFO  client.GrpcClientProtocolClient (GrpcClientProtocolClient.java:onNext(264)) - client-28BA9BD21A23->f1d6cbd0-cc55-4a8c-aff9-0f6c18a578e9: receive RaftClientReply:client-28BA9BD21A23->f1d6cbd0-cc55-4a8c-aff9-0f6c18a578e9@group-A05F4BEF8117, cid=230, FAILED org.apache.ratis.protocol.NotLeaderException: Server f1d6cbd0-cc55-4a8c-aff9-0f6c18a578e9@group-A05F4BEF8117 is not the leader, logIndex=0, commits[f1d6cbd0-cc55-4a8c-aff9-0f6c18a578e9:c-1]
2019-09-18 17:32:56,946 [grpc-default-executor-10] INFO  impl.RaftServerProxy (RaftServerProxy.java:remove(95)) - 3f36f173-4656-4d5a-831c-b6782f9f5ad2: remove group-AF8B3C156ABB:null
2019-09-18 17:32:56,950 [RatisPipelineUtilsThread] WARN  pipeline.RatisPipelineUtils (RatisPipelineUtils.java:destroyPipeline(66)) - Pipeline destroy failed for pipeline=PipelineID=ce0eb6e5-c999-4fde-aaf1-af8b3c156abb dn=3f36f173-4656-4d5a-831c-b6782f9f5ad2{ip: 192.168.151.122, host: pr-hdds-2121-ltkqc-3926781246, networkLocation: /default-rack, certSerialId: null}
2019-09-18 17:32:56,952 [grpc-default-executor-10] INFO  impl.RaftServerProxy (RaftServerProxy.java:remove(95)) - f1d6cbd0-cc55-4a8c-aff9-0f6c18a578e9: remove group-AF8B3C156ABB:null
2019-09-18 17:32:56,954 [RatisPipelineUtilsThread] WARN  pipeline.RatisPipelineUtils (RatisPipelineUtils.java:destroyPipeline(66)) - Pipeline destroy failed for pipeline=PipelineID=ce0eb6e5-c999-4fde-aaf1-af8b3c156abb dn=f1d6cbd0-cc55-4a8c-aff9-0f6c18a578e9{ip: 192.168.151.122, host: pr-hdds-2121-ltkqc-3926781246, networkLocation: /default-rack, certSerialId: null}
2019-09-18 17:32:56,956 [grpc-default-executor-10] INFO  impl.RaftServerProxy (RaftServerProxy.java:remove(95)) - befaacb7-99cd-4d87-819a-d941cb77279d: remove group-AF8B3C156ABB:null
2019-09-18 17:32:56,957 [RatisPipelineUtilsThread] WARN  pipeline.RatisPipelineUtils (RatisPipelineUtils.java:destroyPipeline(66)) - Pipeline destroy failed for pipeline=PipelineID=ce0eb6e5-c999-4fde-aaf1-af8b3c156abb dn=befaacb7-99cd-4d87-819a-d941cb77279d{ip: 192.168.151.122, host: pr-hdds-2121-ltkqc-3926781246, networkLocation: /default-rack, certSerialId: null}
2019-09-18 17:32:56,958 [RatisPipelineUtilsThread] ERROR pipeline.SCMPipelineManager (Scheduler.java:lambda$schedule$1(70)) - Destroy pipeline failed for pipeline:Pipeline[ Id: ce0eb6e5-c999-4fde-aaf1-af8b3c156abb, Nodes: 3f36f173-4656-4d5a-831c-b6782f9f5ad2{ip: 192.168.151.122, host: pr-hdds-2121-ltkqc-3926781246, networkLocation: /default-rack, certSerialId: null}f1d6cbd0-cc55-4a8c-aff9-0f6c18a578e9{ip: 192.168.151.122, host: pr-hdds-2121-ltkqc-3926781246, networkLocation: /default-rack, certSerialId: null}befaacb7-99cd-4d87-819a-d941cb77279d{ip: 192.168.151.122, host: pr-hdds-2121-ltkqc-3926781246, networkLocation: /default-rack, certSerialId: null}, Type:RATIS, Factor:THREE, State:CLOSED]
org.apache.hadoop.hdds.scm.pipeline.PipelineNotFoundException: PipelineID=ce0eb6e5-c999-4fde-aaf1-af8b3c156abb not found
	at org.apache.hadoop.hdds.scm.pipeline.PipelineStateMap.getPipeline(PipelineStateMap.java:132)
	at org.apache.hadoop.hdds.scm.pipeline.PipelineStateMap.removePipeline(PipelineStateMap.java:322)
	at org.apache.hadoop.hdds.scm.pipeline.PipelineStateManager.removePipeline(PipelineStateManager.java:107)
	at org.apache.hadoop.hdds.scm.pipeline.SCMPipelineManager.removePipeline(SCMPipelineManager.java:423)
	at org.apache.hadoop.hdds.scm.pipeline.SCMPipelineManager.destroyPipeline(SCMPipelineManager.java:409)
	at org.apache.hadoop.hdds.scm.pipeline.SCMPipelineManager.lambda$finalizeAndDestroyPipeline$0(SCMPipelineManager.java:318)
	at org.apache.hadoop.utils.Scheduler.lambda$schedule$1(Scheduler.java:68)
	at java.util.concurrent.Executors$RunnableAdapter.call(Executors.java:511)
	at java.util.concurrent.FutureTask.run(FutureTask.java:266)
	at java.util.concurrent.ScheduledThreadPoolExecutor$ScheduledFutureTask.access$201(ScheduledThreadPoolExecutor.java:180)
	at java.util.concurrent.ScheduledThreadPoolExecutor$ScheduledFutureTask.run(ScheduledThreadPoolExecutor.java:293)
	at java.util.concurrent.ThreadPoolExecutor.runWorker(ThreadPoolExecutor.java:1149)
	at java.util.concurrent.ThreadPoolExecutor$Worker.run(ThreadPoolExecutor.java:624)
	at java.lang.Thread.run(Thread.java:748)
2019-09-18 17:32:57,520 [grpc-default-executor-10] INFO  client.GrpcClientProtocolClient (GrpcClientProtocolClient.java:onNext(264)) - client-28BA9BD21A23->befaacb7-99cd-4d87-819a-d941cb77279d: receive RaftClientReply:client-28BA9BD21A23->befaacb7-99cd-4d87-819a-d941cb77279d@group-A05F4BEF8117, cid=230, FAILED org.apache.ratis.protocol.NotLeaderException: Server befaacb7-99cd-4d87-819a-d941cb77279d@group-A05F4BEF8117 is not the leader, logIndex=0, commits[befaacb7-99cd-4d87-819a-d941cb77279d:c-1]
2019-09-18 17:32:58,540 [grpc-default-executor-10] INFO  client.GrpcClientProtocolClient (GrpcClientProtocolClient.java:onNext(264)) - client-28BA9BD21A23->f1d6cbd0-cc55-4a8c-aff9-0f6c18a578e9: receive RaftClientReply:client-28BA9BD21A23->f1d6cbd0-cc55-4a8c-aff9-0f6c18a578e9@group-A05F4BEF8117, cid=230, FAILED org.apache.ratis.protocol.NotLeaderException: Server f1d6cbd0-cc55-4a8c-aff9-0f6c18a578e9@group-A05F4BEF8117 is not the leader, logIndex=0, commits[f1d6cbd0-cc55-4a8c-aff9-0f6c18a578e9:c-1]
2019-09-18 17:32:58,945 [grpc-default-executor-9] INFO  impl.RaftServerProxy (RaftServerProxy.java:remove(95)) - 3f36f173-4656-4d5a-831c-b6782f9f5ad2: remove group-AF8B3C156ABB:null
2019-09-18 17:32:58,947 [RatisPipelineUtilsThread] WARN  pipeline.RatisPipelineUtils (RatisPipelineUtils.java:destroyPipeline(66)) - Pipeline destroy failed for pipeline=PipelineID=ce0eb6e5-c999-4fde-aaf1-af8b3c156abb dn=3f36f173-4656-4d5a-831c-b6782f9f5ad2{ip: 192.168.151.122, host: pr-hdds-2121-ltkqc-3926781246, networkLocation: /default-rack, certSerialId: null}
2019-09-18 17:32:58,950 [grpc-default-executor-9] INFO  impl.RaftServerProxy (RaftServerProxy.java:remove(95)) - f1d6cbd0-cc55-4a8c-aff9-0f6c18a578e9: remove group-AF8B3C156ABB:null
2019-09-18 17:32:58,951 [RatisPipelineUtilsThread] WARN  pipeline.RatisPipelineUtils (RatisPipelineUtils.java:destroyPipeline(66)) - Pipeline destroy failed for pipeline=PipelineID=ce0eb6e5-c999-4fde-aaf1-af8b3c156abb dn=f1d6cbd0-cc55-4a8c-aff9-0f6c18a578e9{ip: 192.168.151.122, host: pr-hdds-2121-ltkqc-3926781246, networkLocation: /default-rack, certSerialId: null}
2019-09-18 17:32:58,954 [grpc-default-executor-9] INFO  impl.RaftServerProxy (RaftServerProxy.java:remove(95)) - befaacb7-99cd-4d87-819a-d941cb77279d: remove group-AF8B3C156ABB:null
2019-09-18 17:32:58,955 [RatisPipelineUtilsThread] WARN  pipeline.RatisPipelineUtils (RatisPipelineUtils.java:destroyPipeline(66)) - Pipeline destroy failed for pipeline=PipelineID=ce0eb6e5-c999-4fde-aaf1-af8b3c156abb dn=befaacb7-99cd-4d87-819a-d941cb77279d{ip: 192.168.151.122, host: pr-hdds-2121-ltkqc-3926781246, networkLocation: /default-rack, certSerialId: null}
2019-09-18 17:32:58,956 [RatisPipelineUtilsThread] ERROR pipeline.SCMPipelineManager (Scheduler.java:lambda$schedule$1(70)) - Destroy pipeline failed for pipeline:Pipeline[ Id: ce0eb6e5-c999-4fde-aaf1-af8b3c156abb, Nodes: 3f36f173-4656-4d5a-831c-b6782f9f5ad2{ip: 192.168.151.122, host: pr-hdds-2121-ltkqc-3926781246, networkLocation: /default-rack, certSerialId: null}f1d6cbd0-cc55-4a8c-aff9-0f6c18a578e9{ip: 192.168.151.122, host: pr-hdds-2121-ltkqc-3926781246, networkLocation: /default-rack, certSerialId: null}befaacb7-99cd-4d87-819a-d941cb77279d{ip: 192.168.151.122, host: pr-hdds-2121-ltkqc-3926781246, networkLocation: /default-rack, certSerialId: null}, Type:RATIS, Factor:THREE, State:CLOSED]
org.apache.hadoop.hdds.scm.pipeline.PipelineNotFoundException: PipelineID=ce0eb6e5-c999-4fde-aaf1-af8b3c156abb not found
	at org.apache.hadoop.hdds.scm.pipeline.PipelineStateMap.getPipeline(PipelineStateMap.java:132)
	at org.apache.hadoop.hdds.scm.pipeline.PipelineStateMap.removePipeline(PipelineStateMap.java:322)
	at org.apache.hadoop.hdds.scm.pipeline.PipelineStateManager.removePipeline(PipelineStateManager.java:107)
	at org.apache.hadoop.hdds.scm.pipeline.SCMPipelineManager.removePipeline(SCMPipelineManager.java:423)
	at org.apache.hadoop.hdds.scm.pipeline.SCMPipelineManager.destroyPipeline(SCMPipelineManager.java:409)
	at org.apache.hadoop.hdds.scm.pipeline.SCMPipelineManager.lambda$finalizeAndDestroyPipeline$0(SCMPipelineManager.java:318)
	at org.apache.hadoop.utils.Scheduler.lambda$schedule$1(Scheduler.java:68)
	at java.util.concurrent.Executors$RunnableAdapter.call(Executors.java:511)
	at java.util.concurrent.FutureTask.run(FutureTask.java:266)
	at java.util.concurrent.ScheduledThreadPoolExecutor$ScheduledFutureTask.access$201(ScheduledThreadPoolExecutor.java:180)
	at java.util.concurrent.ScheduledThreadPoolExecutor$ScheduledFutureTask.run(ScheduledThreadPoolExecutor.java:293)
	at java.util.concurrent.ThreadPoolExecutor.runWorker(ThreadPoolExecutor.java:1149)
	at java.util.concurrent.ThreadPoolExecutor$Worker.run(ThreadPoolExecutor.java:624)
	at java.lang.Thread.run(Thread.java:748)
2019-09-18 17:32:59,334 [Thread-1955] INFO  impl.FollowerState (FollowerState.java:run(106)) - 3f36f173-4656-4d5a-831c-b6782f9f5ad2:group-A05F4BEF8117 changes to CANDIDATE, lastRpcTime:5031, electionTimeout:5031ms
2019-09-18 17:32:59,335 [Thread-1955] INFO  impl.RoleInfo (RoleInfo.java:shutdownFollowerState(121)) - 3f36f173-4656-4d5a-831c-b6782f9f5ad2: shutdown FollowerState
2019-09-18 17:32:59,335 [Thread-1955] INFO  impl.RaftServerImpl (RaftServerImpl.java:setRole(174)) - 3f36f173-4656-4d5a-831c-b6782f9f5ad2@group-A05F4BEF8117: changes role from  FOLLOWER to CANDIDATE at term 0 for changeToCandidate
2019-09-18 17:32:59,335 [Thread-1955] INFO  impl.RoleInfo (RoleInfo.java:updateAndGet(143)) - 3f36f173-4656-4d5a-831c-b6782f9f5ad2: start LeaderElection
2019-09-18 17:32:59,363 [3f36f173-4656-4d5a-831c-b6782f9f5ad2@group-A05F4BEF8117:LeaderElection16] INFO  impl.LeaderElection (LeaderElection.java:askForVotes(182)) - 3f36f173-4656-4d5a-831c-b6782f9f5ad2@group-A05F4BEF8117:LeaderElection16: begin an election at term 1 for -1: [f1d6cbd0-cc55-4a8c-aff9-0f6c18a578e9:192.168.151.122:38812, befaacb7-99cd-4d87-819a-d941cb77279d:192.168.151.122:44171, 3f36f173-4656-4d5a-831c-b6782f9f5ad2:192.168.151.122:40451], old=null
2019-09-18 17:32:59,365 [grpc-default-executor-10] INFO  impl.RaftServerImpl (RaftServerImpl.java:setRole(174)) - f1d6cbd0-cc55-4a8c-aff9-0f6c18a578e9@group-A05F4BEF8117: changes role from  FOLLOWER to FOLLOWER at term 1 for recognizeCandidate:3f36f173-4656-4d5a-831c-b6782f9f5ad2
2019-09-18 17:32:59,367 [grpc-default-executor-9] INFO  impl.RaftServerImpl (RaftServerImpl.java:setRole(174)) - befaacb7-99cd-4d87-819a-d941cb77279d@group-A05F4BEF8117: changes role from  FOLLOWER to FOLLOWER at term 1 for recognizeCandidate:3f36f173-4656-4d5a-831c-b6782f9f5ad2
2019-09-18 17:32:59,367 [grpc-default-executor-10] INFO  impl.RoleInfo (RoleInfo.java:shutdownFollowerState(121)) - f1d6cbd0-cc55-4a8c-aff9-0f6c18a578e9: shutdown FollowerState
2019-09-18 17:32:59,368 [grpc-default-executor-9] INFO  impl.RoleInfo (RoleInfo.java:shutdownFollowerState(121)) - befaacb7-99cd-4d87-819a-d941cb77279d: shutdown FollowerState
2019-09-18 17:32:59,368 [grpc-default-executor-10] INFO  impl.RoleInfo (RoleInfo.java:updateAndGet(143)) - f1d6cbd0-cc55-4a8c-aff9-0f6c18a578e9: start FollowerState
2019-09-18 17:32:59,368 [Thread-1959] INFO  impl.FollowerState (FollowerState.java:run(115)) - f1d6cbd0-cc55-4a8c-aff9-0f6c18a578e9: FollowerState was interrupted: java.lang.InterruptedException: sleep interrupted
2019-09-18 17:32:59,368 [Thread-1957] INFO  impl.FollowerState (FollowerState.java:run(115)) - befaacb7-99cd-4d87-819a-d941cb77279d: FollowerState was interrupted: java.lang.InterruptedException: sleep interrupted
2019-09-18 17:32:59,368 [grpc-default-executor-9] INFO  impl.RoleInfo (RoleInfo.java:updateAndGet(143)) - befaacb7-99cd-4d87-819a-d941cb77279d: start FollowerState
2019-09-18 17:32:59,386 [3f36f173-4656-4d5a-831c-b6782f9f5ad2@group-A05F4BEF8117:LeaderElection16] INFO  impl.LeaderElection (LeaderElection.java:logAndReturn(56)) - 3f36f173-4656-4d5a-831c-b6782f9f5ad2@group-A05F4BEF8117:LeaderElection16: Election PASSED; received 1 response(s) [3f36f173-4656-4d5a-831c-b6782f9f5ad2<-befaacb7-99cd-4d87-819a-d941cb77279d#0:OK-t1] and 0 exception(s); 3f36f173-4656-4d5a-831c-b6782f9f5ad2@group-A05F4BEF8117:t1, leader=null, voted=3f36f173-4656-4d5a-831c-b6782f9f5ad2, raftlog=3f36f173-4656-4d5a-831c-b6782f9f5ad2@group-A05F4BEF8117-SegmentedRaftLog:OPENED:c-1,f-1,i0, conf=-1: [f1d6cbd0-cc55-4a8c-aff9-0f6c18a578e9:192.168.151.122:38812, befaacb7-99cd-4d87-819a-d941cb77279d:192.168.151.122:44171, 3f36f173-4656-4d5a-831c-b6782f9f5ad2:192.168.151.122:40451], old=null
2019-09-18 17:32:59,387 [3f36f173-4656-4d5a-831c-b6782f9f5ad2@group-A05F4BEF8117:LeaderElection16] INFO  impl.RoleInfo (RoleInfo.java:shutdownLeaderElection(134)) - 3f36f173-4656-4d5a-831c-b6782f9f5ad2: shutdown LeaderElection
2019-09-18 17:32:59,388 [3f36f173-4656-4d5a-831c-b6782f9f5ad2@group-A05F4BEF8117:LeaderElection16] INFO  impl.RaftServerImpl (RaftServerImpl.java:setRole(174)) - 3f36f173-4656-4d5a-831c-b6782f9f5ad2@group-A05F4BEF8117: changes role from CANDIDATE to LEADER at term 1 for changeToLeader
2019-09-18 17:32:59,388 [3f36f173-4656-4d5a-831c-b6782f9f5ad2@group-A05F4BEF8117:LeaderElection16] INFO  impl.RaftServerImpl (ServerState.java:setLeader(253)) - 3f36f173-4656-4d5a-831c-b6782f9f5ad2@group-A05F4BEF8117: change Leader from null to 3f36f173-4656-4d5a-831c-b6782f9f5ad2 at term 1 for becomeLeader, leader elected after 5095ms
2019-09-18 17:32:59,389 [3f36f173-4656-4d5a-831c-b6782f9f5ad2@group-A05F4BEF8117:LeaderElection16] INFO  server.RaftServerConfigKeys (ConfUtils.java:logGet(43)) - raft.server.staging.catchup.gap = 1000 (default)
2019-09-18 17:32:59,389 [3f36f173-4656-4d5a-831c-b6782f9f5ad2@group-A05F4BEF8117:LeaderElection16] INFO  server.RaftServerConfigKeys (ConfUtils.java:logGet(43)) - raft.server.rpc.sleep.time = 25ms (default)
2019-09-18 17:32:59,389 [3f36f173-4656-4d5a-831c-b6782f9f5ad2@group-A05F4BEF8117:LeaderElection16] INFO  server.RaftServerConfigKeys (ConfUtils.java:logGet(43)) - raft.server.write.element-limit = 4096 (default)
2019-09-18 17:32:59,389 [3f36f173-4656-4d5a-831c-b6782f9f5ad2@group-A05F4BEF8117:LeaderElection16] INFO  server.RaftServerConfigKeys (ConfUtils.java:logGet(43)) - raft.server.watch.timeout = 10s (default)
2019-09-18 17:32:59,389 [3f36f173-4656-4d5a-831c-b6782f9f5ad2@group-A05F4BEF8117:LeaderElection16] INFO  server.RaftServerConfigKeys (ConfUtils.java:logGet(43)) - raft.server.watch.timeout.denomination = 1s (default)
2019-09-18 17:32:59,390 [3f36f173-4656-4d5a-831c-b6782f9f5ad2@group-A05F4BEF8117:LeaderElection16] INFO  server.RaftServerConfigKeys (ConfUtils.java:logGet(43)) - raft.server.watch.element-limit = 65536 (default)
2019-09-18 17:32:59,393 [3f36f173-4656-4d5a-831c-b6782f9f5ad2@group-A05F4BEF8117:LeaderElection16] INFO  server.RaftServerConfigKeys (ConfUtils.java:logGet(43)) - raft.server.log.appender.snapshot.chunk.size.max = 16MB (=16777216) (default)
2019-09-18 17:32:59,394 [3f36f173-4656-4d5a-831c-b6782f9f5ad2@group-A05F4BEF8117:LeaderElection16] INFO  server.RaftServerConfigKeys (ConfUtils.java:logGet(43)) - raft.server.log.appender.buffer.byte-limit = 33554432 (custom)
2019-09-18 17:32:59,394 [3f36f173-4656-4d5a-831c-b6782f9f5ad2@group-A05F4BEF8117:LeaderElection16] INFO  server.RaftServerConfigKeys (ConfUtils.java:logGet(43)) - raft.server.log.appender.buffer.element-limit = 1 (custom)
2019-09-18 17:32:59,394 [3f36f173-4656-4d5a-831c-b6782f9f5ad2@group-A05F4BEF8117:LeaderElection16] INFO  grpc.GrpcConfigKeys$Server (ConfUtils.java:logGet(43)) - raft.grpc.server.leader.outstanding.appends.max = 128 (default)
2019-09-18 17:32:59,394 [3f36f173-4656-4d5a-831c-b6782f9f5ad2@group-A05F4BEF8117:LeaderElection16] INFO  server.RaftServerConfigKeys (ConfUtils.java:logGet(43)) - raft.server.rpc.request.timeout = 3000ms (default)
2019-09-18 17:32:59,395 [3f36f173-4656-4d5a-831c-b6782f9f5ad2@group-A05F4BEF8117:LeaderElection16] INFO  server.RaftServerConfigKeys (ConfUtils.java:logGet(43)) - raft.server.log.appender.install.snapshot.enabled = false (custom)
2019-09-18 17:32:59,395 [3f36f173-4656-4d5a-831c-b6782f9f5ad2@group-A05F4BEF8117:LeaderElection16] INFO  server.RaftServerConfigKeys (ConfUtils.java:logGet(43)) - raft.server.log.appender.snapshot.chunk.size.max = 16MB (=16777216) (default)
2019-09-18 17:32:59,395 [3f36f173-4656-4d5a-831c-b6782f9f5ad2@group-A05F4BEF8117:LeaderElection16] INFO  server.RaftServerConfigKeys (ConfUtils.java:logGet(43)) - raft.server.log.appender.buffer.byte-limit = 33554432 (custom)
2019-09-18 17:32:59,395 [3f36f173-4656-4d5a-831c-b6782f9f5ad2@group-A05F4BEF8117:LeaderElection16] INFO  server.RaftServerConfigKeys (ConfUtils.java:logGet(43)) - raft.server.log.appender.buffer.element-limit = 1 (custom)
2019-09-18 17:32:59,395 [3f36f173-4656-4d5a-831c-b6782f9f5ad2@group-A05F4BEF8117:LeaderElection16] INFO  grpc.GrpcConfigKeys$Server (ConfUtils.java:logGet(43)) - raft.grpc.server.leader.outstanding.appends.max = 128 (default)
2019-09-18 17:32:59,396 [3f36f173-4656-4d5a-831c-b6782f9f5ad2@group-A05F4BEF8117:LeaderElection16] INFO  server.RaftServerConfigKeys (ConfUtils.java:logGet(43)) - raft.server.rpc.request.timeout = 3000ms (default)
2019-09-18 17:32:59,396 [3f36f173-4656-4d5a-831c-b6782f9f5ad2@group-A05F4BEF8117:LeaderElection16] INFO  server.RaftServerConfigKeys (ConfUtils.java:logGet(43)) - raft.server.log.appender.install.snapshot.enabled = false (custom)
2019-09-18 17:32:59,396 [3f36f173-4656-4d5a-831c-b6782f9f5ad2@group-A05F4BEF8117:LeaderElection16] INFO  impl.RoleInfo (RoleInfo.java:updateAndGet(143)) - 3f36f173-4656-4d5a-831c-b6782f9f5ad2: start LeaderState
2019-09-18 17:32:59,397 [3f36f173-4656-4d5a-831c-b6782f9f5ad2@group-A05F4BEF8117:LeaderElection16] INFO  segmented.SegmentedRaftLogWorker (SegmentedRaftLogWorker.java:startLogSegment(380)) - 3f36f173-4656-4d5a-831c-b6782f9f5ad2@group-A05F4BEF8117-SegmentedRaftLogWorker: Starting segment from index:0
2019-09-18 17:32:59,424 [3f36f173-4656-4d5a-831c-b6782f9f5ad2@group-A05F4BEF8117:LeaderElection16] INFO  impl.RaftServerImpl (ServerState.java:setRaftConf(354)) - 3f36f173-4656-4d5a-831c-b6782f9f5ad2@group-A05F4BEF8117: set configuration 0: [f1d6cbd0-cc55-4a8c-aff9-0f6c18a578e9:192.168.151.122:38812, befaacb7-99cd-4d87-819a-d941cb77279d:192.168.151.122:44171, 3f36f173-4656-4d5a-831c-b6782f9f5ad2:192.168.151.122:40451], old=null at 0
2019-09-18 17:32:59,429 [grpc-default-executor-9] INFO  impl.RaftServerImpl (ServerState.java:setLeader(253)) - f1d6cbd0-cc55-4a8c-aff9-0f6c18a578e9@group-A05F4BEF8117: change Leader from null to 3f36f173-4656-4d5a-831c-b6782f9f5ad2 at term 1 for appendEntries, leader elected after 5134ms
2019-09-18 17:32:59,429 [grpc-default-executor-10] INFO  impl.RaftServerImpl (ServerState.java:setLeader(253)) - befaacb7-99cd-4d87-819a-d941cb77279d@group-A05F4BEF8117: change Leader from null to 3f36f173-4656-4d5a-831c-b6782f9f5ad2 at term 1 for appendEntries, leader elected after 5135ms
2019-09-18 17:32:59,430 [grpc-default-executor-9] INFO  impl.RaftServerImpl (ServerState.java:setRaftConf(354)) - f1d6cbd0-cc55-4a8c-aff9-0f6c18a578e9@group-A05F4BEF8117: set configuration 0: [f1d6cbd0-cc55-4a8c-aff9-0f6c18a578e9:192.168.151.122:38812, befaacb7-99cd-4d87-819a-d941cb77279d:192.168.151.122:44171, 3f36f173-4656-4d5a-831c-b6782f9f5ad2:192.168.151.122:40451], old=null at 0
2019-09-18 17:32:59,430 [grpc-default-executor-10] INFO  impl.RaftServerImpl (ServerState.java:setRaftConf(354)) - befaacb7-99cd-4d87-819a-d941cb77279d@group-A05F4BEF8117: set configuration 0: [f1d6cbd0-cc55-4a8c-aff9-0f6c18a578e9:192.168.151.122:38812, befaacb7-99cd-4d87-819a-d941cb77279d:192.168.151.122:44171, 3f36f173-4656-4d5a-831c-b6782f9f5ad2:192.168.151.122:40451], old=null at 0
2019-09-18 17:32:59,431 [grpc-default-executor-9] INFO  segmented.SegmentedRaftLogWorker (SegmentedRaftLogWorker.java:startLogSegment(380)) - f1d6cbd0-cc55-4a8c-aff9-0f6c18a578e9@group-A05F4BEF8117-SegmentedRaftLogWorker: Starting segment from index:0
2019-09-18 17:32:59,431 [grpc-default-executor-10] INFO  segmented.SegmentedRaftLogWorker (SegmentedRaftLogWorker.java:startLogSegment(380)) - befaacb7-99cd-4d87-819a-d941cb77279d@group-A05F4BEF8117-SegmentedRaftLogWorker: Starting segment from index:0
2019-09-18 17:32:59,436 [3f36f173-4656-4d5a-831c-b6782f9f5ad2@group-A05F4BEF8117-SegmentedRaftLogWorker] INFO  segmented.SegmentedRaftLogWorker (SegmentedRaftLogWorker.java:execute(569)) - 3f36f173-4656-4d5a-831c-b6782f9f5ad2@group-A05F4BEF8117-SegmentedRaftLogWorker: created new log segment /workdir/hadoop-ozone/integration-test/target/test-dir/MiniOzoneClusterImpl-b34fcd95-ddd9-49f6-9e80-ffea83eaa9ea/datanode-3/data/ratis/3738141e-61ad-4dcc-b765-a05f4bef8117/current/log_inprogress_0
2019-09-18 17:32:59,472 [befaacb7-99cd-4d87-819a-d941cb77279d@group-A05F4BEF8117-SegmentedRaftLogWorker] INFO  segmented.SegmentedRaftLogWorker (SegmentedRaftLogWorker.java:execute(569)) - befaacb7-99cd-4d87-819a-d941cb77279d@group-A05F4BEF8117-SegmentedRaftLogWorker: created new log segment /workdir/hadoop-ozone/integration-test/target/test-dir/MiniOzoneClusterImpl-b34fcd95-ddd9-49f6-9e80-ffea83eaa9ea/datanode-4/data/ratis/3738141e-61ad-4dcc-b765-a05f4bef8117/current/log_inprogress_0
2019-09-18 17:32:59,472 [f1d6cbd0-cc55-4a8c-aff9-0f6c18a578e9@group-A05F4BEF8117-SegmentedRaftLogWorker] INFO  segmented.SegmentedRaftLogWorker (SegmentedRaftLogWorker.java:execute(569)) - f1d6cbd0-cc55-4a8c-aff9-0f6c18a578e9@group-A05F4BEF8117-SegmentedRaftLogWorker: created new log segment /workdir/hadoop-ozone/integration-test/target/test-dir/MiniOzoneClusterImpl-b34fcd95-ddd9-49f6-9e80-ffea83eaa9ea/datanode-1/data/ratis/3738141e-61ad-4dcc-b765-a05f4bef8117/current/log_inprogress_0
2019-09-18 17:32:59,557 [grpc-default-executor-10] INFO  client.GrpcClientProtocolClient (GrpcClientProtocolClient.java:onNext(264)) - client-28BA9BD21A23->befaacb7-99cd-4d87-819a-d941cb77279d: receive RaftClientReply:client-28BA9BD21A23->befaacb7-99cd-4d87-819a-d941cb77279d@group-A05F4BEF8117, cid=230, FAILED org.apache.ratis.protocol.NotLeaderException: Server befaacb7-99cd-4d87-819a-d941cb77279d@group-A05F4BEF8117 is not the leader 3f36f173-4656-4d5a-831c-b6782f9f5ad2:192.168.151.122:40451, logIndex=0, commits[befaacb7-99cd-4d87-819a-d941cb77279d:c-1, f1d6cbd0-cc55-4a8c-aff9-0f6c18a578e9:c-1, 3f36f173-4656-4d5a-831c-b6782f9f5ad2:c-1]
2019-09-18 17:32:59,689 [grpc-default-executor-10] INFO  client.GrpcClientProtocolClient (GrpcClientProtocolClient.java:onNext(264)) - client-28BA9BD21A23->3f36f173-4656-4d5a-831c-b6782f9f5ad2: receive RaftClientReply:client-28BA9BD21A23->3f36f173-4656-4d5a-831c-b6782f9f5ad2@group-A05F4BEF8117, cid=230, SUCCESS, logIndex=1, commits[3f36f173-4656-4d5a-831c-b6782f9f5ad2:c1, f1d6cbd0-cc55-4a8c-aff9-0f6c18a578e9:c0, befaacb7-99cd-4d87-819a-d941cb77279d:c0]
2019-09-18 17:32:59,717 [grpc-default-executor-9] INFO  client.GrpcClientProtocolClient (GrpcClientProtocolClient.java:onNext(264)) - client-28BA9BD21A23->3f36f173-4656-4d5a-831c-b6782f9f5ad2: receive RaftClientReply:client-28BA9BD21A23->3f36f173-4656-4d5a-831c-b6782f9f5ad2@group-A05F4BEF8117, cid=231, SUCCESS, logIndex=3, commits[3f36f173-4656-4d5a-831c-b6782f9f5ad2:c6, f1d6cbd0-cc55-4a8c-aff9-0f6c18a578e9:c2, befaacb7-99cd-4d87-819a-d941cb77279d:c2]
2019-09-18 17:32:59,782 [grpc-default-executor-9] INFO  client.GrpcClientProtocolClient (GrpcClientProtocolClient.java:onNext(264)) - client-28BA9BD21A23->3f36f173-4656-4d5a-831c-b6782f9f5ad2: receive RaftClientReply:client-28BA9BD21A23->3f36f173-4656-4d5a-831c-b6782f9f5ad2@group-A05F4BEF8117, cid=232, SUCCESS, logIndex=4, commits[3f36f173-4656-4d5a-831c-b6782f9f5ad2:c11, f1d6cbd0-cc55-4a8c-aff9-0f6c18a578e9:c7, befaacb7-99cd-4d87-819a-d941cb77279d:c7]
2019-09-18 17:32:59,783 [grpc-default-executor-9] INFO  client.GrpcClientProtocolClient (GrpcClientProtocolClient.java:onNext(264)) - client-28BA9BD21A23->3f36f173-4656-4d5a-831c-b6782f9f5ad2: receive RaftClientReply:client-28BA9BD21A23->3f36f173-4656-4d5a-831c-b6782f9f5ad2@group-A05F4BEF8117, cid=233, SUCCESS, logIndex=5, commits[3f36f173-4656-4d5a-831c-b6782f9f5ad2:c11, f1d6cbd0-cc55-4a8c-aff9-0f6c18a578e9:c7, befaacb7-99cd-4d87-819a-d941cb77279d:c7]
2019-09-18 17:32:59,783 [grpc-default-executor-9] INFO  client.GrpcClientProtocolClient (GrpcClientProtocolClient.java:onNext(264)) - client-28BA9BD21A23->3f36f173-4656-4d5a-831c-b6782f9f5ad2: receive RaftClientReply:client-28BA9BD21A23->3f36f173-4656-4d5a-831c-b6782f9f5ad2@group-A05F4BEF8117, cid=234, SUCCESS, logIndex=6, commits[3f36f173-4656-4d5a-831c-b6782f9f5ad2:c11, f1d6cbd0-cc55-4a8c-aff9-0f6c18a578e9:c7, befaacb7-99cd-4d87-819a-d941cb77279d:c7]
2019-09-18 17:32:59,882 [grpc-default-executor-9] INFO  client.GrpcClientProtocolClient (GrpcClientProtocolClient.java:onNext(264)) - client-28BA9BD21A23->3f36f173-4656-4d5a-831c-b6782f9f5ad2: receive RaftClientReply:client-28BA9BD21A23->3f36f173-4656-4d5a-831c-b6782f9f5ad2@group-A05F4BEF8117, cid=235, SUCCESS, logIndex=7, commits[3f36f173-4656-4d5a-831c-b6782f9f5ad2:c11, f1d6cbd0-cc55-4a8c-aff9-0f6c18a578e9:c7, befaacb7-99cd-4d87-819a-d941cb77279d:c7]
]]></system-out>
  </testcase>
  <testcase name="testBufferCaching" classname="org.apache.hadoop.ozone.client.rpc.TestBlockOutputStream" time="0.294"/>
  <testcase name="testWriteWithExceedingMaxBufferLimit" classname="org.apache.hadoop.ozone.client.rpc.TestBlockOutputStream" time="0.357"/>
</testsuite>