<?xml version="1.0" encoding="UTF-8"?>
<testsuite xmlns:xsi="http://www.w3.org/2001/XMLSchema-instance" xsi:noNamespaceSchemaLocation="https://maven.apache.org/surefire/maven-surefire-plugin/xsd/surefire-test-report.xsd" name="org.apache.hadoop.ozone.client.rpc.TestContainerReplicationEndToEnd" time="26.082" tests="1" errors="1" skipped="0" failures="0">
  <properties>
    <property name="awt.toolkit" value="sun.awt.X11.XToolkit"/>
    <property name="file.encoding.pkg" value="sun.io"/>
    <property name="java.specification.version" value="1.8"/>
    <property name="sun.cpu.isalist" value=""/>
    <property name="sun.jnu.encoding" value="UTF-8"/>
    <property name="java.class.path" value="/workdir/hadoop-ozone/integration-test/target/test-classes:/workdir/hadoop-ozone/integration-test/target/classes:/home/user/.m2/repository/org/apache/hadoop/hadoop-ozone-common/0.5.0-SNAPSHOT/hadoop-ozone-common-0.5.0-SNAPSHOT.jar:/home/user/.m2/repository/org/apache/commons/commons-compress/1.4.1/commons-compress-1.4.1.jar:/home/user/.m2/repository/org/tukaani/xz/1.0/xz-1.0.jar:/home/user/.m2/repository/org/apache/hadoop/hadoop-common/3.2.0/hadoop-common-3.2.0.jar:/home/user/.m2/repository/org/apache/hadoop/hadoop-hdfs/3.2.0/hadoop-hdfs-3.2.0.jar:/home/user/.m2/repository/org/apache/hadoop/hadoop-hdfs-client/3.2.0/hadoop-hdfs-client-3.2.0.jar:/home/user/.m2/repository/com/fasterxml/jackson/core/jackson-annotations/2.9.5/jackson-annotations-2.9.5.jar:/home/user/.m2/repository/org/apache/hadoop/hadoop-hdds-common/0.5.0-SNAPSHOT/hadoop-hdds-common-0.5.0-SNAPSHOT.jar:/home/user/.m2/repository/javax/annotation/javax.annotation-api/1.2/javax.annotation-api-1.2.jar:/home/user/.m2/repository/org/apache/ratis/ratis-server/0.4.0-78e95b9-SNAPSHOT/ratis-server-0.4.0-78e95b9-SNAPSHOT.jar:/home/user/.m2/repository/org/apache/ratis/ratis-thirdparty-misc/0.2.0/ratis-thirdparty-misc-0.2.0.jar:/home/user/.m2/repository/org/apache/ratis/ratis-proto/0.4.0-78e95b9-SNAPSHOT/ratis-proto-0.4.0-78e95b9-SNAPSHOT.jar:/home/user/.m2/repository/org/apache/ratis/ratis-common/0.4.0-78e95b9-SNAPSHOT/ratis-common-0.4.0-78e95b9-SNAPSHOT.jar:/home/user/.m2/repository/org/apache/ratis/ratis-client/0.4.0-78e95b9-SNAPSHOT/ratis-client-0.4.0-78e95b9-SNAPSHOT.jar:/home/user/.m2/repository/org/apache/ratis/ratis-metrics/0.4.0-78e95b9-SNAPSHOT/ratis-metrics-0.4.0-78e95b9-SNAPSHOT.jar:/home/user/.m2/repository/com/github/joshelser/dropwizard-metrics-hadoop-metrics2-reporter/0.1.2/dropwizard-metrics-hadoop-metrics2-reporter-0.1.2.jar:/home/user/.m2/repository/io/dropwizard/metrics/metrics-jvm/3.2.5/metrics-jvm-3.2.5.jar:/home/user/.m2/repository/io/dropwizard/metrics/metrics-ganglia/3.2.5/metrics-ganglia-3.2.5.jar:/home/user/.m2/repository/info/ganglia/gmetric4j/gmetric4j/1.0.7/gmetric4j-1.0.7.jar:/home/user/.m2/repository/org/apache/ratis/ratis-netty/0.4.0-78e95b9-SNAPSHOT/ratis-netty-0.4.0-78e95b9-SNAPSHOT.jar:/home/user/.m2/repository/org/apache/ratis/ratis-grpc/0.4.0-78e95b9-SNAPSHOT/ratis-grpc-0.4.0-78e95b9-SNAPSHOT.jar:/home/user/.m2/repository/org/rocksdb/rocksdbjni/6.0.1/rocksdbjni-6.0.1.jar:/home/user/.m2/repository/org/apache/logging/log4j/log4j-api/2.11.0/log4j-api-2.11.0.jar:/home/user/.m2/repository/org/apache/logging/log4j/log4j-core/2.11.0/log4j-core-2.11.0.jar:/home/user/.m2/repository/com/lmax/disruptor/3.4.2/disruptor-3.4.2.jar:/home/user/.m2/repository/org/apache/commons/commons-pool2/2.6.0/commons-pool2-2.6.0.jar:/home/user/.m2/repository/org/bouncycastle/bcpkix-jdk15on/1.60/bcpkix-jdk15on-1.60.jar:/home/user/.m2/repository/commons-validator/commons-validator/1.6/commons-validator-1.6.jar:/home/user/.m2/repository/commons-digester/commons-digester/1.8.1/commons-digester-1.8.1.jar:/home/user/.m2/repository/io/jaegertracing/jaeger-client/0.33.1/jaeger-client-0.33.1.jar:/home/user/.m2/repository/io/jaegertracing/jaeger-thrift/0.33.1/jaeger-thrift-0.33.1.jar:/home/user/.m2/repository/org/apache/thrift/libthrift/0.11.0/libthrift-0.11.0.jar:/home/user/.m2/repository/com/squareup/okhttp3/okhttp/3.9.0/okhttp-3.9.0.jar:/home/user/.m2/repository/com/squareup/okio/okio/1.13.0/okio-1.13.0.jar:/home/user/.m2/repository/io/jaegertracing/jaeger-core/0.33.1/jaeger-core-0.33.1.jar:/home/user/.m2/repository/io/jaegertracing/jaeger-tracerresolver/0.33.1/jaeger-tracerresolver-0.33.1.jar:/home/user/.m2/repository/io/opentracing/contrib/opentracing-tracerresolver/0.1.5/opentracing-tracerresolver-0.1.5.jar:/home/user/.m2/repository/io/opentracing/opentracing-util/0.31.0/opentracing-util-0.31.0.jar:/home/user/.m2/repository/io/opentracing/opentracing-api/0.31.0/opentracing-api-0.31.0.jar:/home/user/.m2/repository/io/opentracing/opentracing-noop/0.31.0/opentracing-noop-0.31.0.jar:/home/user/.m2/repository/org/apache/hadoop/hadoop-hdds-server-framework/0.5.0-SNAPSHOT/hadoop-hdds-server-framework-0.5.0-SNAPSHOT.jar:/home/user/.m2/repository/org/apache/hadoop/hadoop-hdds-container-service/0.5.0-SNAPSHOT/hadoop-hdds-container-service-0.5.0-SNAPSHOT.jar:/home/user/.m2/repository/org/apache/hadoop/hadoop-hdds-client/0.5.0-SNAPSHOT/hadoop-hdds-client-0.5.0-SNAPSHOT.jar:/home/user/.m2/repository/org/apache/hadoop/hadoop-hdds-tools/0.5.0-SNAPSHOT/hadoop-hdds-tools-0.5.0-SNAPSHOT.jar:/home/user/.m2/repository/org/apache/hadoop/hadoop-hdds-server-scm/0.5.0-SNAPSHOT/hadoop-hdds-server-scm-0.5.0-SNAPSHOT.jar:/home/user/.m2/repository/org/apache/hadoop/hadoop-hdds-docs/0.5.0-SNAPSHOT/hadoop-hdds-docs-0.5.0-SNAPSHOT.jar:/home/user/.m2/repository/io/dropwizard/metrics/metrics-core/3.2.4/metrics-core-3.2.4.jar:/home/user/.m2/repository/org/hamcrest/hamcrest-all/1.3/hamcrest-all-1.3.jar:/home/user/.m2/repository/org/bouncycastle/bcprov-jdk15on/1.60/bcprov-jdk15on-1.60.jar:/home/user/.m2/repository/info/picocli/picocli/3.9.6/picocli-3.9.6.jar:/home/user/.m2/repository/com/google/protobuf/protobuf-java/2.5.0/protobuf-java-2.5.0.jar:/home/user/.m2/repository/com/google/guava/guava/11.0.2/guava-11.0.2.jar:/home/user/.m2/repository/org/apache/hadoop/hadoop-ozone-ozone-manager/0.5.0-SNAPSHOT/hadoop-ozone-ozone-manager-0.5.0-SNAPSHOT.jar:/home/user/.m2/repository/org/apache/hadoop/hadoop-minikdc/3.2.0/hadoop-minikdc-3.2.0.jar:/home/user/.m2/repository/commons-io/commons-io/2.5/commons-io-2.5.jar:/home/user/.m2/repository/org/apache/kerby/kerb-simplekdc/1.0.1/kerb-simplekdc-1.0.1.jar:/home/user/.m2/repository/org/apache/kerby/kerb-client/1.0.1/kerb-client-1.0.1.jar:/home/user/.m2/repository/org/apache/kerby/kerby-config/1.0.1/kerby-config-1.0.1.jar:/home/user/.m2/repository/org/apache/kerby/kerb-core/1.0.1/kerb-core-1.0.1.jar:/home/user/.m2/repository/org/apache/kerby/kerby-pkix/1.0.1/kerby-pkix-1.0.1.jar:/home/user/.m2/repository/org/apache/kerby/kerby-asn1/1.0.1/kerby-asn1-1.0.1.jar:/home/user/.m2/repository/org/apache/kerby/kerby-util/1.0.1/kerby-util-1.0.1.jar:/home/user/.m2/repository/org/apache/kerby/kerb-common/1.0.1/kerb-common-1.0.1.jar:/home/user/.m2/repository/org/apache/kerby/kerb-crypto/1.0.1/kerb-crypto-1.0.1.jar:/home/user/.m2/repository/org/apache/kerby/kerb-util/1.0.1/kerb-util-1.0.1.jar:/home/user/.m2/repository/org/apache/kerby/token-provider/1.0.1/token-provider-1.0.1.jar:/home/user/.m2/repository/org/apache/kerby/kerb-admin/1.0.1/kerb-admin-1.0.1.jar:/home/user/.m2/repository/org/apache/kerby/kerb-server/1.0.1/kerb-server-1.0.1.jar:/home/user/.m2/repository/org/apache/kerby/kerb-identity/1.0.1/kerb-identity-1.0.1.jar:/home/user/.m2/repository/org/apache/kerby/kerby-xdr/1.0.1/kerby-xdr-1.0.1.jar:/home/user/.m2/repository/org/slf4j/slf4j-log4j12/1.7.25/slf4j-log4j12-1.7.25.jar:/home/user/.m2/repository/org/apache/hadoop/hadoop-ozone-s3gateway/0.5.0-SNAPSHOT/hadoop-ozone-s3gateway-0.5.0-SNAPSHOT.jar:/home/user/.m2/repository/org/jboss/weld/servlet/weld-servlet/2.4.7.Final/weld-servlet-2.4.7.Final.jar:/home/user/.m2/repository/org/glassfish/jersey/containers/jersey-container-servlet-core/2.27/jersey-container-servlet-core-2.27.jar:/home/user/.m2/repository/org/glassfish/hk2/external/javax.inject/2.5.0-b42/javax.inject-2.5.0-b42.jar:/home/user/.m2/repository/org/glassfish/jersey/core/jersey-common/2.27/jersey-common-2.27.jar:/home/user/.m2/repository/org/glassfish/hk2/osgi-resource-locator/1.0.1/osgi-resource-locator-1.0.1.jar:/home/user/.m2/repository/javax/ws/rs/javax.ws.rs-api/2.1/javax.ws.rs-api-2.1.jar:/home/user/.m2/repository/org/glassfish/jersey/ext/cdi/jersey-cdi1x/2.27/jersey-cdi1x-2.27.jar:/home/user/.m2/repository/org/glassfish/jersey/inject/jersey-hk2/2.27/jersey-hk2-2.27.jar:/home/user/.m2/repository/org/glassfish/hk2/hk2-locator/2.5.0-b42/hk2-locator-2.5.0-b42.jar:/home/user/.m2/repository/org/javassist/javassist/3.22.0-CR2/javassist-3.22.0-CR2.jar:/home/user/.m2/repository/org/glassfish/hk2/hk2-api/2.5.0/hk2-api-2.5.0.jar:/home/user/.m2/repository/org/glassfish/hk2/external/jakarta.inject/2.5.0/jakarta.inject-2.5.0.jar:/home/user/.m2/repository/org/glassfish/hk2/hk2-utils/2.5.0/hk2-utils-2.5.0.jar:/home/user/.m2/repository/jakarta/annotation/jakarta.annotation-api/1.3.4/jakarta.annotation-api-1.3.4.jar:/home/user/.m2/repository/org/glassfish/hk2/external/aopalliance-repackaged/2.5.0/aopalliance-repackaged-2.5.0.jar:/home/user/.m2/repository/com/fasterxml/jackson/dataformat/jackson-dataformat-xml/2.9.0/jackson-dataformat-xml-2.9.0.jar:/home/user/.m2/repository/com/fasterxml/jackson/core/jackson-core/2.9.5/jackson-core-2.9.5.jar:/home/user/.m2/repository/com/fasterxml/jackson/module/jackson-module-jaxb-annotations/2.9.5/jackson-module-jaxb-annotations-2.9.5.jar:/home/user/.m2/repository/javax/enterprise/cdi-api/1.2/cdi-api-1.2.jar:/home/user/.m2/repository/javax/el/javax.el-api/3.0.0/javax.el-api-3.0.0.jar:/home/user/.m2/repository/javax/interceptor/javax.interceptor-api/1.2/javax.interceptor-api-1.2.jar:/home/user/.m2/repository/javax/inject/javax.inject/1/javax.inject-1.jar:/home/user/.m2/repository/com/sun/xml/bind/jaxb-impl/2.3.0.1/jaxb-impl-2.3.0.1.jar:/home/user/.m2/repository/com/sun/xml/bind/jaxb-core/2.3.0.1/jaxb-core-2.3.0.1.jar:/home/user/.m2/repository/javax/xml/bind/jaxb-api/2.3.0/jaxb-api-2.3.0.jar:/home/user/.m2/repository/javax/activation/activation/1.1.1/activation-1.1.1.jar:/home/user/.m2/repository/org/apache/hadoop/hadoop-ozone-csi/0.5.0-SNAPSHOT/hadoop-ozone-csi-0.5.0-SNAPSHOT.jar:/home/user/.m2/repository/com/google/protobuf/protobuf-java-util/3.5.1/protobuf-java-util-3.5.1.jar:/home/user/.m2/repository/org/apache/hadoop/hadoop-hdds-config/0.5.0-SNAPSHOT/hadoop-hdds-config-0.5.0-SNAPSHOT.jar:/home/user/.m2/repository/io/grpc/grpc-netty/1.17.1/grpc-netty-1.17.1.jar:/home/user/.m2/repository/io/grpc/grpc-core/1.17.1/grpc-core-1.17.1.jar:/home/user/.m2/repository/io/grpc/grpc-context/1.17.1/grpc-context-1.17.1.jar:/home/user/.m2/repository/com/google/errorprone/error_prone_annotations/2.2.0/error_prone_annotations-2.2.0.jar:/home/user/.m2/repository/org/codehaus/mojo/animal-sniffer-annotations/1.17/animal-sniffer-annotations-1.17.jar:/home/user/.m2/repository/io/opencensus/opencensus-api/0.17.0/opencensus-api-0.17.0.jar:/home/user/.m2/repository/io/opencensus/opencensus-contrib-grpc-metrics/0.17.0/opencensus-contrib-grpc-metrics-0.17.0.jar:/home/user/.m2/repository/io/netty/netty-codec-http2/4.1.30.Final/netty-codec-http2-4.1.30.Final.jar:/home/user/.m2/repository/io/netty/netty-codec-http/4.1.30.Final/netty-codec-http-4.1.30.Final.jar:/home/user/.m2/repository/io/netty/netty-codec/4.1.30.Final/netty-codec-4.1.30.Final.jar:/home/user/.m2/repository/io/netty/netty-handler/4.1.30.Final/netty-handler-4.1.30.Final.jar:/home/user/.m2/repository/io/netty/netty-handler-proxy/4.1.30.Final/netty-handler-proxy-4.1.30.Final.jar:/home/user/.m2/repository/io/netty/netty-codec-socks/4.1.30.Final/netty-codec-socks-4.1.30.Final.jar:/home/user/.m2/repository/io/netty/netty-transport-native-epoll/4.1.30.Final/netty-transport-native-epoll-4.1.30.Final.jar:/home/user/.m2/repository/io/netty/netty-common/4.1.30.Final/netty-common-4.1.30.Final.jar:/home/user/.m2/repository/io/netty/netty-buffer/4.1.30.Final/netty-buffer-4.1.30.Final.jar:/home/user/.m2/repository/io/netty/netty-transport/4.1.30.Final/netty-transport-4.1.30.Final.jar:/home/user/.m2/repository/io/netty/netty-resolver/4.1.30.Final/netty-resolver-4.1.30.Final.jar:/home/user/.m2/repository/io/netty/netty-transport-native-unix-common/4.1.30.Final/netty-transport-native-unix-common-4.1.30.Final.jar:/home/user/.m2/repository/io/grpc/grpc-protobuf/1.17.1/grpc-protobuf-1.17.1.jar:/home/user/.m2/repository/com/google/api/grpc/proto-google-common-protos/1.0.0/proto-google-common-protos-1.0.0.jar:/home/user/.m2/repository/io/grpc/grpc-protobuf-lite/1.17.1/grpc-protobuf-lite-1.17.1.jar:/home/user/.m2/repository/io/grpc/grpc-stub/1.17.1/grpc-stub-1.17.1.jar:/home/user/.m2/repository/org/apache/hadoop/hadoop-ozone-recon/0.5.0-SNAPSHOT/hadoop-ozone-recon-0.5.0-SNAPSHOT.jar:/home/user/.m2/repository/org/apache/hadoop/hadoop-ozone-reconcodegen/0.5.0-SNAPSHOT/hadoop-ozone-reconcodegen-0.5.0-SNAPSHOT.jar:/home/user/.m2/repository/com/google/inject/extensions/guice-multibindings/4.0/guice-multibindings-4.0.jar:/home/user/.m2/repository/com/google/inject/guice/4.0/guice-4.0.jar:/home/user/.m2/repository/aopalliance/aopalliance/1.0/aopalliance-1.0.jar:/home/user/.m2/repository/com/google/inject/extensions/guice-servlet/4.0/guice-servlet-4.0.jar:/home/user/.m2/repository/org/glassfish/jersey/containers/jersey-container-servlet/2.27/jersey-container-servlet-2.27.jar:/home/user/.m2/repository/org/glassfish/hk2/guice-bridge/2.5.0/guice-bridge-2.5.0.jar:/home/user/.m2/repository/org/glassfish/jersey/core/jersey-server/2.27/jersey-server-2.27.jar:/home/user/.m2/repository/org/glassfish/jersey/core/jersey-client/2.27/jersey-client-2.27.jar:/home/user/.m2/repository/org/glassfish/jersey/media/jersey-media-jaxb/2.27/jersey-media-jaxb-2.27.jar:/home/user/.m2/repository/javax/validation/validation-api/1.1.0.Final/validation-api-1.1.0.Final.jar:/home/user/.m2/repository/org/glassfish/jersey/media/jersey-media-json-jackson/2.27/jersey-media-json-jackson-2.27.jar:/home/user/.m2/repository/org/glassfish/jersey/ext/jersey-entity-filtering/2.27/jersey-entity-filtering-2.27.jar:/home/user/.m2/repository/com/google/inject/extensions/guice-assistedinject/4.0/guice-assistedinject-4.0.jar:/home/user/.m2/repository/org/jooq/jooq/3.11.10/jooq-3.11.10.jar:/home/user/.m2/repository/org/jooq/jooq-meta/3.11.10/jooq-meta-3.11.10.jar:/home/user/.m2/repository/org/jooq/jooq-codegen/3.11.10/jooq-codegen-3.11.10.jar:/home/user/.m2/repository/com/jolbox/bonecp/0.8.0.RELEASE/bonecp-0.8.0.RELEASE.jar:/home/user/.m2/repository/org/xerial/sqlite-jdbc/3.25.2/sqlite-jdbc-3.25.2.jar:/home/user/.m2/repository/org/springframework/spring-jdbc/5.1.3.RELEASE/spring-jdbc-5.1.3.RELEASE.jar:/home/user/.m2/repository/org/springframework/spring-beans/5.1.3.RELEASE/spring-beans-5.1.3.RELEASE.jar:/home/user/.m2/repository/org/springframework/spring-core/5.1.3.RELEASE/spring-core-5.1.3.RELEASE.jar:/home/user/.m2/repository/org/springframework/spring-jcl/5.1.3.RELEASE/spring-jcl-5.1.3.RELEASE.jar:/home/user/.m2/repository/org/springframework/spring-tx/5.1.3.RELEASE/spring-tx-5.1.3.RELEASE.jar:/home/user/.m2/repository/org/apache/hadoop/hadoop-ozone-client/0.5.0-SNAPSHOT/hadoop-ozone-client-0.5.0-SNAPSHOT.jar:/home/user/.m2/repository/commons-lang/commons-lang/2.6/commons-lang-2.6.jar:/home/user/.m2/repository/org/apache/hadoop/hadoop-ozone-ozone-manager/0.5.0-SNAPSHOT/hadoop-ozone-ozone-manager-0.5.0-SNAPSHOT-tests.jar:/home/user/.m2/repository/junit/junit/4.11/junit-4.11.jar:/home/user/.m2/repository/org/hamcrest/hamcrest-core/1.3/hamcrest-core-1.3.jar:/home/user/.m2/repository/org/openjdk/jmh/jmh-core/1.19/jmh-core-1.19.jar:/home/user/.m2/repository/net/sf/jopt-simple/jopt-simple/4.6/jopt-simple-4.6.jar:/home/user/.m2/repository/org/apache/commons/commons-math3/3.1.1/commons-math3-3.1.1.jar:/home/user/.m2/repository/org/openjdk/jmh/jmh-generator-annprocess/1.19/jmh-generator-annprocess-1.19.jar:/home/user/.m2/repository/org/mockito/mockito-all/1.8.5/mockito-all-1.8.5.jar:/home/user/.m2/repository/org/apache/hadoop/hadoop-kms/3.2.0/hadoop-kms-3.2.0.jar:/home/user/.m2/repository/org/apache/hadoop/hadoop-auth/3.2.0/hadoop-auth-3.2.0.jar:/home/user/.m2/repository/com/nimbusds/nimbus-jose-jwt/4.41.1/nimbus-jose-jwt-4.41.1.jar:/home/user/.m2/repository/com/github/stephenc/jcip/jcip-annotations/1.0-1/jcip-annotations-1.0-1.jar:/home/user/.m2/repository/net/minidev/json-smart/2.3/json-smart-2.3.jar:/home/user/.m2/repository/net/minidev/accessors-smart/1.2/accessors-smart-1.2.jar:/home/user/.m2/repository/org/ow2/asm/asm/5.0.4/asm-5.0.4.jar:/home/user/.m2/repository/org/apache/curator/curator-framework/2.12.0/curator-framework-2.12.0.jar:/home/user/.m2/repository/com/sun/jersey/jersey-core/1.19/jersey-core-1.19.jar:/home/user/.m2/repository/javax/ws/rs/jsr311-api/1.1.1/jsr311-api-1.1.1.jar:/home/user/.m2/repository/com/sun/jersey/jersey-server/1.19/jersey-server-1.19.jar:/home/user/.m2/repository/javax/servlet/javax.servlet-api/3.1.0/javax.servlet-api-3.1.0.jar:/home/user/.m2/repository/org/eclipse/jetty/jetty-server/9.3.24.v20180605/jetty-server-9.3.24.v20180605.jar:/home/user/.m2/repository/org/eclipse/jetty/jetty-http/9.3.24.v20180605/jetty-http-9.3.24.v20180605.jar:/home/user/.m2/repository/org/eclipse/jetty/jetty-io/9.3.24.v20180605/jetty-io-9.3.24.v20180605.jar:/home/user/.m2/repository/org/eclipse/jetty/jetty-webapp/9.3.24.v20180605/jetty-webapp-9.3.24.v20180605.jar:/home/user/.m2/repository/org/eclipse/jetty/jetty-xml/9.3.24.v20180605/jetty-xml-9.3.24.v20180605.jar:/home/user/.m2/repository/log4j/log4j/1.2.17/log4j-1.2.17.jar:/home/user/.m2/repository/org/slf4j/slf4j-api/1.7.25/slf4j-api-1.7.25.jar:/home/user/.m2/repository/org/slf4j/jul-to-slf4j/1.7.25/jul-to-slf4j-1.7.25.jar:/home/user/.m2/repository/org/eclipse/jetty/jetty-util/9.3.24.v20180605/jetty-util-9.3.24.v20180605.jar:/home/user/.m2/repository/com/fasterxml/jackson/core/jackson-databind/2.9.5/jackson-databind-2.9.5.jar:/home/user/.m2/repository/org/apache/hadoop/hadoop-kms/3.2.0/hadoop-kms-3.2.0-tests.jar:/home/user/.m2/repository/org/apache/hadoop/hadoop-hdds-server-scm/0.5.0-SNAPSHOT/hadoop-hdds-server-scm-0.5.0-SNAPSHOT-tests.jar:/home/user/.m2/repository/org/apache/hadoop/hadoop-hdds-container-service/0.5.0-SNAPSHOT/hadoop-hdds-container-service-0.5.0-SNAPSHOT-tests.jar:/home/user/.m2/repository/org/yaml/snakeyaml/1.16/snakeyaml-1.16.jar:/home/user/.m2/repository/org/apache/hadoop/hadoop-common/3.2.0/hadoop-common-3.2.0-tests.jar:/home/user/.m2/repository/org/apache/hadoop/hadoop-annotations/3.2.0/hadoop-annotations-3.2.0.jar:/usr/lib/jvm/java-1.8-openjdk/jre/../lib/tools.jar:/home/user/.m2/repository/commons-cli/commons-cli/1.2/commons-cli-1.2.jar:/home/user/.m2/repository/org/apache/httpcomponents/httpclient/4.5.2/httpclient-4.5.2.jar:/home/user/.m2/repository/org/apache/httpcomponents/httpcore/4.4.4/httpcore-4.4.4.jar:/home/user/.m2/repository/commons-codec/commons-codec/1.11/commons-codec-1.11.jar:/home/user/.m2/repository/commons-net/commons-net/3.6/commons-net-3.6.jar:/home/user/.m2/repository/commons-collections/commons-collections/3.2.2/commons-collections-3.2.2.jar:/home/user/.m2/repository/org/eclipse/jetty/jetty-servlet/9.3.24.v20180605/jetty-servlet-9.3.24.v20180605.jar:/home/user/.m2/repository/org/eclipse/jetty/jetty-security/9.3.24.v20180605/jetty-security-9.3.24.v20180605.jar:/home/user/.m2/repository/javax/servlet/jsp/jsp-api/2.1/jsp-api-2.1.jar:/home/user/.m2/repository/com/sun/jersey/jersey-servlet/1.19/jersey-servlet-1.19.jar:/home/user/.m2/repository/com/sun/jersey/jersey-json/1.19/jersey-json-1.19.jar:/home/user/.m2/repository/org/codehaus/jettison/jettison/1.1/jettison-1.1.jar:/home/user/.m2/repository/org/codehaus/jackson/jackson-core-asl/1.9.13/jackson-core-asl-1.9.13.jar:/home/user/.m2/repository/org/codehaus/jackson/jackson-mapper-asl/1.9.13/jackson-mapper-asl-1.9.13.jar:/home/user/.m2/repository/org/codehaus/jackson/jackson-jaxrs/1.9.13/jackson-jaxrs-1.9.13.jar:/home/user/.m2/repository/org/codehaus/jackson/jackson-xc/1.9.13/jackson-xc-1.9.13.jar:/home/user/.m2/repository/commons-logging/commons-logging/1.1.3/commons-logging-1.1.3.jar:/home/user/.m2/repository/commons-beanutils/commons-beanutils/1.9.3/commons-beanutils-1.9.3.jar:/home/user/.m2/repository/org/apache/commons/commons-configuration2/2.1.1/commons-configuration2-2.1.1.jar:/home/user/.m2/repository/org/apache/commons/commons-lang3/3.7/commons-lang3-3.7.jar:/home/user/.m2/repository/org/apache/commons/commons-text/1.4/commons-text-1.4.jar:/home/user/.m2/repository/org/apache/avro/avro/1.7.7/avro-1.7.7.jar:/home/user/.m2/repository/com/thoughtworks/paranamer/paranamer/2.3/paranamer-2.3.jar:/home/user/.m2/repository/org/xerial/snappy/snappy-java/1.0.5/snappy-java-1.0.5.jar:/home/user/.m2/repository/com/google/re2j/re2j/1.1/re2j-1.1.jar:/home/user/.m2/repository/com/google/code/gson/gson/2.2.4/gson-2.2.4.jar:/home/user/.m2/repository/com/jcraft/jsch/0.1.54/jsch-0.1.54.jar:/home/user/.m2/repository/org/apache/curator/curator-client/2.12.0/curator-client-2.12.0.jar:/home/user/.m2/repository/org/apache/curator/curator-recipes/2.12.0/curator-recipes-2.12.0.jar:/home/user/.m2/repository/com/google/code/findbugs/jsr305/3.0.0/jsr305-3.0.0.jar:/home/user/.m2/repository/org/apache/htrace/htrace-core4/4.1.0-incubating/htrace-core4-4.1.0-incubating.jar:/home/user/.m2/repository/org/apache/zookeeper/zookeeper/3.4.13/zookeeper-3.4.13.jar:/home/user/.m2/repository/org/apache/yetus/audience-annotations/0.5.0/audience-annotations-0.5.0.jar:/home/user/.m2/repository/org/codehaus/woodstox/stax2-api/3.1.4/stax2-api-3.1.4.jar:/home/user/.m2/repository/com/fasterxml/woodstox/woodstox-core/5.0.3/woodstox-core-5.0.3.jar:/home/user/.m2/repository/dnsjava/dnsjava/2.1.7/dnsjava-2.1.7.jar:/home/user/.m2/repository/org/apache/hadoop/hadoop-hdfs/3.2.0/hadoop-hdfs-3.2.0-tests.jar:/home/user/.m2/repository/org/eclipse/jetty/jetty-util-ajax/9.3.24.v20180605/jetty-util-ajax-9.3.24.v20180605.jar:/home/user/.m2/repository/commons-daemon/commons-daemon/1.0.13/commons-daemon-1.0.13.jar:/home/user/.m2/repository/io/netty/netty/3.10.5.Final/netty-3.10.5.Final.jar:/home/user/.m2/repository/io/netty/netty-all/4.0.52.Final/netty-all-4.0.52.Final.jar:/home/user/.m2/repository/org/fusesource/leveldbjni/leveldbjni-all/1.8/leveldbjni-all-1.8.jar:"/>
    <property name="java.vm.vendor" value="IcedTea"/>
    <property name="sun.arch.data.model" value="64"/>
    <property name="test.build.dir" value="/workdir/hadoop-ozone/integration-test/target/test-dir"/>
    <property name="test.cache.data" value=""/>
    <property name="java.vendor.url" value="https://icedtea.classpath.org"/>
    <property name="user.timezone" value=""/>
    <property name="java.vm.specification.version" value="1.8"/>
    <property name="os.name" value="Linux"/>
    <property name="test.build.data" value="/workdir/hadoop-ozone/integration-test/target/test-dir"/>
    <property name="user.country" value="US"/>
    <property name="sun.java.launcher" value="SUN_STANDARD"/>
    <property name="sun.boot.library.path" value="/usr/lib/jvm/java-1.8-openjdk/jre/lib/amd64"/>
    <property name="sun.java.command" value="/workdir/hadoop-ozone/integration-test/target/surefire/surefirebooter4611746188966539648.jar /workdir/hadoop-ozone/integration-test/target/surefire 2019-09-18T15-38-55_326-jvmRun1 surefire4450586081318302143tmp surefire_713251074255302676932tmp"/>
    <property name="test" value="!TestMiniChaosOzoneCluster"/>
    <property name="surefire.test.class.path" value="/workdir/hadoop-ozone/integration-test/target/test-classes:/workdir/hadoop-ozone/integration-test/target/classes:/home/user/.m2/repository/org/apache/hadoop/hadoop-ozone-common/0.5.0-SNAPSHOT/hadoop-ozone-common-0.5.0-SNAPSHOT.jar:/home/user/.m2/repository/org/apache/commons/commons-compress/1.4.1/commons-compress-1.4.1.jar:/home/user/.m2/repository/org/tukaani/xz/1.0/xz-1.0.jar:/home/user/.m2/repository/org/apache/hadoop/hadoop-common/3.2.0/hadoop-common-3.2.0.jar:/home/user/.m2/repository/org/apache/hadoop/hadoop-hdfs/3.2.0/hadoop-hdfs-3.2.0.jar:/home/user/.m2/repository/org/apache/hadoop/hadoop-hdfs-client/3.2.0/hadoop-hdfs-client-3.2.0.jar:/home/user/.m2/repository/com/fasterxml/jackson/core/jackson-annotations/2.9.5/jackson-annotations-2.9.5.jar:/home/user/.m2/repository/org/apache/hadoop/hadoop-hdds-common/0.5.0-SNAPSHOT/hadoop-hdds-common-0.5.0-SNAPSHOT.jar:/home/user/.m2/repository/javax/annotation/javax.annotation-api/1.2/javax.annotation-api-1.2.jar:/home/user/.m2/repository/org/apache/ratis/ratis-server/0.4.0-78e95b9-SNAPSHOT/ratis-server-0.4.0-78e95b9-SNAPSHOT.jar:/home/user/.m2/repository/org/apache/ratis/ratis-thirdparty-misc/0.2.0/ratis-thirdparty-misc-0.2.0.jar:/home/user/.m2/repository/org/apache/ratis/ratis-proto/0.4.0-78e95b9-SNAPSHOT/ratis-proto-0.4.0-78e95b9-SNAPSHOT.jar:/home/user/.m2/repository/org/apache/ratis/ratis-common/0.4.0-78e95b9-SNAPSHOT/ratis-common-0.4.0-78e95b9-SNAPSHOT.jar:/home/user/.m2/repository/org/apache/ratis/ratis-client/0.4.0-78e95b9-SNAPSHOT/ratis-client-0.4.0-78e95b9-SNAPSHOT.jar:/home/user/.m2/repository/org/apache/ratis/ratis-metrics/0.4.0-78e95b9-SNAPSHOT/ratis-metrics-0.4.0-78e95b9-SNAPSHOT.jar:/home/user/.m2/repository/com/github/joshelser/dropwizard-metrics-hadoop-metrics2-reporter/0.1.2/dropwizard-metrics-hadoop-metrics2-reporter-0.1.2.jar:/home/user/.m2/repository/io/dropwizard/metrics/metrics-jvm/3.2.5/metrics-jvm-3.2.5.jar:/home/user/.m2/repository/io/dropwizard/metrics/metrics-ganglia/3.2.5/metrics-ganglia-3.2.5.jar:/home/user/.m2/repository/info/ganglia/gmetric4j/gmetric4j/1.0.7/gmetric4j-1.0.7.jar:/home/user/.m2/repository/org/apache/ratis/ratis-netty/0.4.0-78e95b9-SNAPSHOT/ratis-netty-0.4.0-78e95b9-SNAPSHOT.jar:/home/user/.m2/repository/org/apache/ratis/ratis-grpc/0.4.0-78e95b9-SNAPSHOT/ratis-grpc-0.4.0-78e95b9-SNAPSHOT.jar:/home/user/.m2/repository/org/rocksdb/rocksdbjni/6.0.1/rocksdbjni-6.0.1.jar:/home/user/.m2/repository/org/apache/logging/log4j/log4j-api/2.11.0/log4j-api-2.11.0.jar:/home/user/.m2/repository/org/apache/logging/log4j/log4j-core/2.11.0/log4j-core-2.11.0.jar:/home/user/.m2/repository/com/lmax/disruptor/3.4.2/disruptor-3.4.2.jar:/home/user/.m2/repository/org/apache/commons/commons-pool2/2.6.0/commons-pool2-2.6.0.jar:/home/user/.m2/repository/org/bouncycastle/bcpkix-jdk15on/1.60/bcpkix-jdk15on-1.60.jar:/home/user/.m2/repository/commons-validator/commons-validator/1.6/commons-validator-1.6.jar:/home/user/.m2/repository/commons-digester/commons-digester/1.8.1/commons-digester-1.8.1.jar:/home/user/.m2/repository/io/jaegertracing/jaeger-client/0.33.1/jaeger-client-0.33.1.jar:/home/user/.m2/repository/io/jaegertracing/jaeger-thrift/0.33.1/jaeger-thrift-0.33.1.jar:/home/user/.m2/repository/org/apache/thrift/libthrift/0.11.0/libthrift-0.11.0.jar:/home/user/.m2/repository/com/squareup/okhttp3/okhttp/3.9.0/okhttp-3.9.0.jar:/home/user/.m2/repository/com/squareup/okio/okio/1.13.0/okio-1.13.0.jar:/home/user/.m2/repository/io/jaegertracing/jaeger-core/0.33.1/jaeger-core-0.33.1.jar:/home/user/.m2/repository/io/jaegertracing/jaeger-tracerresolver/0.33.1/jaeger-tracerresolver-0.33.1.jar:/home/user/.m2/repository/io/opentracing/contrib/opentracing-tracerresolver/0.1.5/opentracing-tracerresolver-0.1.5.jar:/home/user/.m2/repository/io/opentracing/opentracing-util/0.31.0/opentracing-util-0.31.0.jar:/home/user/.m2/repository/io/opentracing/opentracing-api/0.31.0/opentracing-api-0.31.0.jar:/home/user/.m2/repository/io/opentracing/opentracing-noop/0.31.0/opentracing-noop-0.31.0.jar:/home/user/.m2/repository/org/apache/hadoop/hadoop-hdds-server-framework/0.5.0-SNAPSHOT/hadoop-hdds-server-framework-0.5.0-SNAPSHOT.jar:/home/user/.m2/repository/org/apache/hadoop/hadoop-hdds-container-service/0.5.0-SNAPSHOT/hadoop-hdds-container-service-0.5.0-SNAPSHOT.jar:/home/user/.m2/repository/org/apache/hadoop/hadoop-hdds-client/0.5.0-SNAPSHOT/hadoop-hdds-client-0.5.0-SNAPSHOT.jar:/home/user/.m2/repository/org/apache/hadoop/hadoop-hdds-tools/0.5.0-SNAPSHOT/hadoop-hdds-tools-0.5.0-SNAPSHOT.jar:/home/user/.m2/repository/org/apache/hadoop/hadoop-hdds-server-scm/0.5.0-SNAPSHOT/hadoop-hdds-server-scm-0.5.0-SNAPSHOT.jar:/home/user/.m2/repository/org/apache/hadoop/hadoop-hdds-docs/0.5.0-SNAPSHOT/hadoop-hdds-docs-0.5.0-SNAPSHOT.jar:/home/user/.m2/repository/io/dropwizard/metrics/metrics-core/3.2.4/metrics-core-3.2.4.jar:/home/user/.m2/repository/org/hamcrest/hamcrest-all/1.3/hamcrest-all-1.3.jar:/home/user/.m2/repository/org/bouncycastle/bcprov-jdk15on/1.60/bcprov-jdk15on-1.60.jar:/home/user/.m2/repository/info/picocli/picocli/3.9.6/picocli-3.9.6.jar:/home/user/.m2/repository/com/google/protobuf/protobuf-java/2.5.0/protobuf-java-2.5.0.jar:/home/user/.m2/repository/com/google/guava/guava/11.0.2/guava-11.0.2.jar:/home/user/.m2/repository/org/apache/hadoop/hadoop-ozone-ozone-manager/0.5.0-SNAPSHOT/hadoop-ozone-ozone-manager-0.5.0-SNAPSHOT.jar:/home/user/.m2/repository/org/apache/hadoop/hadoop-minikdc/3.2.0/hadoop-minikdc-3.2.0.jar:/home/user/.m2/repository/commons-io/commons-io/2.5/commons-io-2.5.jar:/home/user/.m2/repository/org/apache/kerby/kerb-simplekdc/1.0.1/kerb-simplekdc-1.0.1.jar:/home/user/.m2/repository/org/apache/kerby/kerb-client/1.0.1/kerb-client-1.0.1.jar:/home/user/.m2/repository/org/apache/kerby/kerby-config/1.0.1/kerby-config-1.0.1.jar:/home/user/.m2/repository/org/apache/kerby/kerb-core/1.0.1/kerb-core-1.0.1.jar:/home/user/.m2/repository/org/apache/kerby/kerby-pkix/1.0.1/kerby-pkix-1.0.1.jar:/home/user/.m2/repository/org/apache/kerby/kerby-asn1/1.0.1/kerby-asn1-1.0.1.jar:/home/user/.m2/repository/org/apache/kerby/kerby-util/1.0.1/kerby-util-1.0.1.jar:/home/user/.m2/repository/org/apache/kerby/kerb-common/1.0.1/kerb-common-1.0.1.jar:/home/user/.m2/repository/org/apache/kerby/kerb-crypto/1.0.1/kerb-crypto-1.0.1.jar:/home/user/.m2/repository/org/apache/kerby/kerb-util/1.0.1/kerb-util-1.0.1.jar:/home/user/.m2/repository/org/apache/kerby/token-provider/1.0.1/token-provider-1.0.1.jar:/home/user/.m2/repository/org/apache/kerby/kerb-admin/1.0.1/kerb-admin-1.0.1.jar:/home/user/.m2/repository/org/apache/kerby/kerb-server/1.0.1/kerb-server-1.0.1.jar:/home/user/.m2/repository/org/apache/kerby/kerb-identity/1.0.1/kerb-identity-1.0.1.jar:/home/user/.m2/repository/org/apache/kerby/kerby-xdr/1.0.1/kerby-xdr-1.0.1.jar:/home/user/.m2/repository/org/slf4j/slf4j-log4j12/1.7.25/slf4j-log4j12-1.7.25.jar:/home/user/.m2/repository/org/apache/hadoop/hadoop-ozone-s3gateway/0.5.0-SNAPSHOT/hadoop-ozone-s3gateway-0.5.0-SNAPSHOT.jar:/home/user/.m2/repository/org/jboss/weld/servlet/weld-servlet/2.4.7.Final/weld-servlet-2.4.7.Final.jar:/home/user/.m2/repository/org/glassfish/jersey/containers/jersey-container-servlet-core/2.27/jersey-container-servlet-core-2.27.jar:/home/user/.m2/repository/org/glassfish/hk2/external/javax.inject/2.5.0-b42/javax.inject-2.5.0-b42.jar:/home/user/.m2/repository/org/glassfish/jersey/core/jersey-common/2.27/jersey-common-2.27.jar:/home/user/.m2/repository/org/glassfish/hk2/osgi-resource-locator/1.0.1/osgi-resource-locator-1.0.1.jar:/home/user/.m2/repository/javax/ws/rs/javax.ws.rs-api/2.1/javax.ws.rs-api-2.1.jar:/home/user/.m2/repository/org/glassfish/jersey/ext/cdi/jersey-cdi1x/2.27/jersey-cdi1x-2.27.jar:/home/user/.m2/repository/org/glassfish/jersey/inject/jersey-hk2/2.27/jersey-hk2-2.27.jar:/home/user/.m2/repository/org/glassfish/hk2/hk2-locator/2.5.0-b42/hk2-locator-2.5.0-b42.jar:/home/user/.m2/repository/org/javassist/javassist/3.22.0-CR2/javassist-3.22.0-CR2.jar:/home/user/.m2/repository/org/glassfish/hk2/hk2-api/2.5.0/hk2-api-2.5.0.jar:/home/user/.m2/repository/org/glassfish/hk2/external/jakarta.inject/2.5.0/jakarta.inject-2.5.0.jar:/home/user/.m2/repository/org/glassfish/hk2/hk2-utils/2.5.0/hk2-utils-2.5.0.jar:/home/user/.m2/repository/jakarta/annotation/jakarta.annotation-api/1.3.4/jakarta.annotation-api-1.3.4.jar:/home/user/.m2/repository/org/glassfish/hk2/external/aopalliance-repackaged/2.5.0/aopalliance-repackaged-2.5.0.jar:/home/user/.m2/repository/com/fasterxml/jackson/dataformat/jackson-dataformat-xml/2.9.0/jackson-dataformat-xml-2.9.0.jar:/home/user/.m2/repository/com/fasterxml/jackson/core/jackson-core/2.9.5/jackson-core-2.9.5.jar:/home/user/.m2/repository/com/fasterxml/jackson/module/jackson-module-jaxb-annotations/2.9.5/jackson-module-jaxb-annotations-2.9.5.jar:/home/user/.m2/repository/javax/enterprise/cdi-api/1.2/cdi-api-1.2.jar:/home/user/.m2/repository/javax/el/javax.el-api/3.0.0/javax.el-api-3.0.0.jar:/home/user/.m2/repository/javax/interceptor/javax.interceptor-api/1.2/javax.interceptor-api-1.2.jar:/home/user/.m2/repository/javax/inject/javax.inject/1/javax.inject-1.jar:/home/user/.m2/repository/com/sun/xml/bind/jaxb-impl/2.3.0.1/jaxb-impl-2.3.0.1.jar:/home/user/.m2/repository/com/sun/xml/bind/jaxb-core/2.3.0.1/jaxb-core-2.3.0.1.jar:/home/user/.m2/repository/javax/xml/bind/jaxb-api/2.3.0/jaxb-api-2.3.0.jar:/home/user/.m2/repository/javax/activation/activation/1.1.1/activation-1.1.1.jar:/home/user/.m2/repository/org/apache/hadoop/hadoop-ozone-csi/0.5.0-SNAPSHOT/hadoop-ozone-csi-0.5.0-SNAPSHOT.jar:/home/user/.m2/repository/com/google/protobuf/protobuf-java-util/3.5.1/protobuf-java-util-3.5.1.jar:/home/user/.m2/repository/org/apache/hadoop/hadoop-hdds-config/0.5.0-SNAPSHOT/hadoop-hdds-config-0.5.0-SNAPSHOT.jar:/home/user/.m2/repository/io/grpc/grpc-netty/1.17.1/grpc-netty-1.17.1.jar:/home/user/.m2/repository/io/grpc/grpc-core/1.17.1/grpc-core-1.17.1.jar:/home/user/.m2/repository/io/grpc/grpc-context/1.17.1/grpc-context-1.17.1.jar:/home/user/.m2/repository/com/google/errorprone/error_prone_annotations/2.2.0/error_prone_annotations-2.2.0.jar:/home/user/.m2/repository/org/codehaus/mojo/animal-sniffer-annotations/1.17/animal-sniffer-annotations-1.17.jar:/home/user/.m2/repository/io/opencensus/opencensus-api/0.17.0/opencensus-api-0.17.0.jar:/home/user/.m2/repository/io/opencensus/opencensus-contrib-grpc-metrics/0.17.0/opencensus-contrib-grpc-metrics-0.17.0.jar:/home/user/.m2/repository/io/netty/netty-codec-http2/4.1.30.Final/netty-codec-http2-4.1.30.Final.jar:/home/user/.m2/repository/io/netty/netty-codec-http/4.1.30.Final/netty-codec-http-4.1.30.Final.jar:/home/user/.m2/repository/io/netty/netty-codec/4.1.30.Final/netty-codec-4.1.30.Final.jar:/home/user/.m2/repository/io/netty/netty-handler/4.1.30.Final/netty-handler-4.1.30.Final.jar:/home/user/.m2/repository/io/netty/netty-handler-proxy/4.1.30.Final/netty-handler-proxy-4.1.30.Final.jar:/home/user/.m2/repository/io/netty/netty-codec-socks/4.1.30.Final/netty-codec-socks-4.1.30.Final.jar:/home/user/.m2/repository/io/netty/netty-transport-native-epoll/4.1.30.Final/netty-transport-native-epoll-4.1.30.Final.jar:/home/user/.m2/repository/io/netty/netty-common/4.1.30.Final/netty-common-4.1.30.Final.jar:/home/user/.m2/repository/io/netty/netty-buffer/4.1.30.Final/netty-buffer-4.1.30.Final.jar:/home/user/.m2/repository/io/netty/netty-transport/4.1.30.Final/netty-transport-4.1.30.Final.jar:/home/user/.m2/repository/io/netty/netty-resolver/4.1.30.Final/netty-resolver-4.1.30.Final.jar:/home/user/.m2/repository/io/netty/netty-transport-native-unix-common/4.1.30.Final/netty-transport-native-unix-common-4.1.30.Final.jar:/home/user/.m2/repository/io/grpc/grpc-protobuf/1.17.1/grpc-protobuf-1.17.1.jar:/home/user/.m2/repository/com/google/api/grpc/proto-google-common-protos/1.0.0/proto-google-common-protos-1.0.0.jar:/home/user/.m2/repository/io/grpc/grpc-protobuf-lite/1.17.1/grpc-protobuf-lite-1.17.1.jar:/home/user/.m2/repository/io/grpc/grpc-stub/1.17.1/grpc-stub-1.17.1.jar:/home/user/.m2/repository/org/apache/hadoop/hadoop-ozone-recon/0.5.0-SNAPSHOT/hadoop-ozone-recon-0.5.0-SNAPSHOT.jar:/home/user/.m2/repository/org/apache/hadoop/hadoop-ozone-reconcodegen/0.5.0-SNAPSHOT/hadoop-ozone-reconcodegen-0.5.0-SNAPSHOT.jar:/home/user/.m2/repository/com/google/inject/extensions/guice-multibindings/4.0/guice-multibindings-4.0.jar:/home/user/.m2/repository/com/google/inject/guice/4.0/guice-4.0.jar:/home/user/.m2/repository/aopalliance/aopalliance/1.0/aopalliance-1.0.jar:/home/user/.m2/repository/com/google/inject/extensions/guice-servlet/4.0/guice-servlet-4.0.jar:/home/user/.m2/repository/org/glassfish/jersey/containers/jersey-container-servlet/2.27/jersey-container-servlet-2.27.jar:/home/user/.m2/repository/org/glassfish/hk2/guice-bridge/2.5.0/guice-bridge-2.5.0.jar:/home/user/.m2/repository/org/glassfish/jersey/core/jersey-server/2.27/jersey-server-2.27.jar:/home/user/.m2/repository/org/glassfish/jersey/core/jersey-client/2.27/jersey-client-2.27.jar:/home/user/.m2/repository/org/glassfish/jersey/media/jersey-media-jaxb/2.27/jersey-media-jaxb-2.27.jar:/home/user/.m2/repository/javax/validation/validation-api/1.1.0.Final/validation-api-1.1.0.Final.jar:/home/user/.m2/repository/org/glassfish/jersey/media/jersey-media-json-jackson/2.27/jersey-media-json-jackson-2.27.jar:/home/user/.m2/repository/org/glassfish/jersey/ext/jersey-entity-filtering/2.27/jersey-entity-filtering-2.27.jar:/home/user/.m2/repository/com/google/inject/extensions/guice-assistedinject/4.0/guice-assistedinject-4.0.jar:/home/user/.m2/repository/org/jooq/jooq/3.11.10/jooq-3.11.10.jar:/home/user/.m2/repository/org/jooq/jooq-meta/3.11.10/jooq-meta-3.11.10.jar:/home/user/.m2/repository/org/jooq/jooq-codegen/3.11.10/jooq-codegen-3.11.10.jar:/home/user/.m2/repository/com/jolbox/bonecp/0.8.0.RELEASE/bonecp-0.8.0.RELEASE.jar:/home/user/.m2/repository/org/xerial/sqlite-jdbc/3.25.2/sqlite-jdbc-3.25.2.jar:/home/user/.m2/repository/org/springframework/spring-jdbc/5.1.3.RELEASE/spring-jdbc-5.1.3.RELEASE.jar:/home/user/.m2/repository/org/springframework/spring-beans/5.1.3.RELEASE/spring-beans-5.1.3.RELEASE.jar:/home/user/.m2/repository/org/springframework/spring-core/5.1.3.RELEASE/spring-core-5.1.3.RELEASE.jar:/home/user/.m2/repository/org/springframework/spring-jcl/5.1.3.RELEASE/spring-jcl-5.1.3.RELEASE.jar:/home/user/.m2/repository/org/springframework/spring-tx/5.1.3.RELEASE/spring-tx-5.1.3.RELEASE.jar:/home/user/.m2/repository/org/apache/hadoop/hadoop-ozone-client/0.5.0-SNAPSHOT/hadoop-ozone-client-0.5.0-SNAPSHOT.jar:/home/user/.m2/repository/commons-lang/commons-lang/2.6/commons-lang-2.6.jar:/home/user/.m2/repository/org/apache/hadoop/hadoop-ozone-ozone-manager/0.5.0-SNAPSHOT/hadoop-ozone-ozone-manager-0.5.0-SNAPSHOT-tests.jar:/home/user/.m2/repository/junit/junit/4.11/junit-4.11.jar:/home/user/.m2/repository/org/hamcrest/hamcrest-core/1.3/hamcrest-core-1.3.jar:/home/user/.m2/repository/org/openjdk/jmh/jmh-core/1.19/jmh-core-1.19.jar:/home/user/.m2/repository/net/sf/jopt-simple/jopt-simple/4.6/jopt-simple-4.6.jar:/home/user/.m2/repository/org/apache/commons/commons-math3/3.1.1/commons-math3-3.1.1.jar:/home/user/.m2/repository/org/openjdk/jmh/jmh-generator-annprocess/1.19/jmh-generator-annprocess-1.19.jar:/home/user/.m2/repository/org/mockito/mockito-all/1.8.5/mockito-all-1.8.5.jar:/home/user/.m2/repository/org/apache/hadoop/hadoop-kms/3.2.0/hadoop-kms-3.2.0.jar:/home/user/.m2/repository/org/apache/hadoop/hadoop-auth/3.2.0/hadoop-auth-3.2.0.jar:/home/user/.m2/repository/com/nimbusds/nimbus-jose-jwt/4.41.1/nimbus-jose-jwt-4.41.1.jar:/home/user/.m2/repository/com/github/stephenc/jcip/jcip-annotations/1.0-1/jcip-annotations-1.0-1.jar:/home/user/.m2/repository/net/minidev/json-smart/2.3/json-smart-2.3.jar:/home/user/.m2/repository/net/minidev/accessors-smart/1.2/accessors-smart-1.2.jar:/home/user/.m2/repository/org/ow2/asm/asm/5.0.4/asm-5.0.4.jar:/home/user/.m2/repository/org/apache/curator/curator-framework/2.12.0/curator-framework-2.12.0.jar:/home/user/.m2/repository/com/sun/jersey/jersey-core/1.19/jersey-core-1.19.jar:/home/user/.m2/repository/javax/ws/rs/jsr311-api/1.1.1/jsr311-api-1.1.1.jar:/home/user/.m2/repository/com/sun/jersey/jersey-server/1.19/jersey-server-1.19.jar:/home/user/.m2/repository/javax/servlet/javax.servlet-api/3.1.0/javax.servlet-api-3.1.0.jar:/home/user/.m2/repository/org/eclipse/jetty/jetty-server/9.3.24.v20180605/jetty-server-9.3.24.v20180605.jar:/home/user/.m2/repository/org/eclipse/jetty/jetty-http/9.3.24.v20180605/jetty-http-9.3.24.v20180605.jar:/home/user/.m2/repository/org/eclipse/jetty/jetty-io/9.3.24.v20180605/jetty-io-9.3.24.v20180605.jar:/home/user/.m2/repository/org/eclipse/jetty/jetty-webapp/9.3.24.v20180605/jetty-webapp-9.3.24.v20180605.jar:/home/user/.m2/repository/org/eclipse/jetty/jetty-xml/9.3.24.v20180605/jetty-xml-9.3.24.v20180605.jar:/home/user/.m2/repository/log4j/log4j/1.2.17/log4j-1.2.17.jar:/home/user/.m2/repository/org/slf4j/slf4j-api/1.7.25/slf4j-api-1.7.25.jar:/home/user/.m2/repository/org/slf4j/jul-to-slf4j/1.7.25/jul-to-slf4j-1.7.25.jar:/home/user/.m2/repository/org/eclipse/jetty/jetty-util/9.3.24.v20180605/jetty-util-9.3.24.v20180605.jar:/home/user/.m2/repository/com/fasterxml/jackson/core/jackson-databind/2.9.5/jackson-databind-2.9.5.jar:/home/user/.m2/repository/org/apache/hadoop/hadoop-kms/3.2.0/hadoop-kms-3.2.0-tests.jar:/home/user/.m2/repository/org/apache/hadoop/hadoop-hdds-server-scm/0.5.0-SNAPSHOT/hadoop-hdds-server-scm-0.5.0-SNAPSHOT-tests.jar:/home/user/.m2/repository/org/apache/hadoop/hadoop-hdds-container-service/0.5.0-SNAPSHOT/hadoop-hdds-container-service-0.5.0-SNAPSHOT-tests.jar:/home/user/.m2/repository/org/yaml/snakeyaml/1.16/snakeyaml-1.16.jar:/home/user/.m2/repository/org/apache/hadoop/hadoop-common/3.2.0/hadoop-common-3.2.0-tests.jar:/home/user/.m2/repository/org/apache/hadoop/hadoop-annotations/3.2.0/hadoop-annotations-3.2.0.jar:/usr/lib/jvm/java-1.8-openjdk/jre/../lib/tools.jar:/home/user/.m2/repository/commons-cli/commons-cli/1.2/commons-cli-1.2.jar:/home/user/.m2/repository/org/apache/httpcomponents/httpclient/4.5.2/httpclient-4.5.2.jar:/home/user/.m2/repository/org/apache/httpcomponents/httpcore/4.4.4/httpcore-4.4.4.jar:/home/user/.m2/repository/commons-codec/commons-codec/1.11/commons-codec-1.11.jar:/home/user/.m2/repository/commons-net/commons-net/3.6/commons-net-3.6.jar:/home/user/.m2/repository/commons-collections/commons-collections/3.2.2/commons-collections-3.2.2.jar:/home/user/.m2/repository/org/eclipse/jetty/jetty-servlet/9.3.24.v20180605/jetty-servlet-9.3.24.v20180605.jar:/home/user/.m2/repository/org/eclipse/jetty/jetty-security/9.3.24.v20180605/jetty-security-9.3.24.v20180605.jar:/home/user/.m2/repository/javax/servlet/jsp/jsp-api/2.1/jsp-api-2.1.jar:/home/user/.m2/repository/com/sun/jersey/jersey-servlet/1.19/jersey-servlet-1.19.jar:/home/user/.m2/repository/com/sun/jersey/jersey-json/1.19/jersey-json-1.19.jar:/home/user/.m2/repository/org/codehaus/jettison/jettison/1.1/jettison-1.1.jar:/home/user/.m2/repository/org/codehaus/jackson/jackson-core-asl/1.9.13/jackson-core-asl-1.9.13.jar:/home/user/.m2/repository/org/codehaus/jackson/jackson-mapper-asl/1.9.13/jackson-mapper-asl-1.9.13.jar:/home/user/.m2/repository/org/codehaus/jackson/jackson-jaxrs/1.9.13/jackson-jaxrs-1.9.13.jar:/home/user/.m2/repository/org/codehaus/jackson/jackson-xc/1.9.13/jackson-xc-1.9.13.jar:/home/user/.m2/repository/commons-logging/commons-logging/1.1.3/commons-logging-1.1.3.jar:/home/user/.m2/repository/commons-beanutils/commons-beanutils/1.9.3/commons-beanutils-1.9.3.jar:/home/user/.m2/repository/org/apache/commons/commons-configuration2/2.1.1/commons-configuration2-2.1.1.jar:/home/user/.m2/repository/org/apache/commons/commons-lang3/3.7/commons-lang3-3.7.jar:/home/user/.m2/repository/org/apache/commons/commons-text/1.4/commons-text-1.4.jar:/home/user/.m2/repository/org/apache/avro/avro/1.7.7/avro-1.7.7.jar:/home/user/.m2/repository/com/thoughtworks/paranamer/paranamer/2.3/paranamer-2.3.jar:/home/user/.m2/repository/org/xerial/snappy/snappy-java/1.0.5/snappy-java-1.0.5.jar:/home/user/.m2/repository/com/google/re2j/re2j/1.1/re2j-1.1.jar:/home/user/.m2/repository/com/google/code/gson/gson/2.2.4/gson-2.2.4.jar:/home/user/.m2/repository/com/jcraft/jsch/0.1.54/jsch-0.1.54.jar:/home/user/.m2/repository/org/apache/curator/curator-client/2.12.0/curator-client-2.12.0.jar:/home/user/.m2/repository/org/apache/curator/curator-recipes/2.12.0/curator-recipes-2.12.0.jar:/home/user/.m2/repository/com/google/code/findbugs/jsr305/3.0.0/jsr305-3.0.0.jar:/home/user/.m2/repository/org/apache/htrace/htrace-core4/4.1.0-incubating/htrace-core4-4.1.0-incubating.jar:/home/user/.m2/repository/org/apache/zookeeper/zookeeper/3.4.13/zookeeper-3.4.13.jar:/home/user/.m2/repository/org/apache/yetus/audience-annotations/0.5.0/audience-annotations-0.5.0.jar:/home/user/.m2/repository/org/codehaus/woodstox/stax2-api/3.1.4/stax2-api-3.1.4.jar:/home/user/.m2/repository/com/fasterxml/woodstox/woodstox-core/5.0.3/woodstox-core-5.0.3.jar:/home/user/.m2/repository/dnsjava/dnsjava/2.1.7/dnsjava-2.1.7.jar:/home/user/.m2/repository/org/apache/hadoop/hadoop-hdfs/3.2.0/hadoop-hdfs-3.2.0-tests.jar:/home/user/.m2/repository/org/eclipse/jetty/jetty-util-ajax/9.3.24.v20180605/jetty-util-ajax-9.3.24.v20180605.jar:/home/user/.m2/repository/commons-daemon/commons-daemon/1.0.13/commons-daemon-1.0.13.jar:/home/user/.m2/repository/io/netty/netty/3.10.5.Final/netty-3.10.5.Final.jar:/home/user/.m2/repository/io/netty/netty-all/4.0.52.Final/netty-all-4.0.52.Final.jar:/home/user/.m2/repository/org/fusesource/leveldbjni/leveldbjni-all/1.8/leveldbjni-all-1.8.jar:"/>
    <property name="sun.cpu.endian" value="little"/>
    <property name="user.home" value="/home/user"/>
    <property name="user.language" value="en"/>
    <property name="java.specification.vendor" value="Oracle Corporation"/>
    <property name="java.home" value="/usr/lib/jvm/java-1.8-openjdk/jre"/>
    <property name="java.security.krb5.conf" value="/workdir/hadoop-ozone/integration-test/target/test-classes/krb5.conf"/>
    <property name="basedir" value="/workdir/hadoop-ozone/integration-test"/>
    <property name="file.separator" value="/"/>
    <property name="line.separator" value="&#10;"/>
    <property name="java.vm.specification.vendor" value="Oracle Corporation"/>
    <property name="java.specification.name" value="Java Platform API Specification"/>
    <property name="java.awt.graphicsenv" value="sun.awt.X11GraphicsEnvironment"/>
    <property name="surefire.real.class.path" value="/workdir/hadoop-ozone/integration-test/target/surefire/surefirebooter4611746188966539648.jar"/>
    <property name="hadoop.log.dir" value="/workdir/hadoop-ozone/integration-test/target/log"/>
    <property name="sun.boot.class.path" value="/usr/lib/jvm/java-1.8-openjdk/jre/lib/resources.jar:/usr/lib/jvm/java-1.8-openjdk/jre/lib/rt.jar:/usr/lib/jvm/java-1.8-openjdk/jre/lib/sunrsasign.jar:/usr/lib/jvm/java-1.8-openjdk/jre/lib/jsse.jar:/usr/lib/jvm/java-1.8-openjdk/jre/lib/jce.jar:/usr/lib/jvm/java-1.8-openjdk/jre/lib/charsets.jar:/usr/lib/jvm/java-1.8-openjdk/jre/lib/jfr.jar:/usr/lib/jvm/java-1.8-openjdk/jre/classes"/>
    <property name="sun.management.compiler" value="HotSpot 64-Bit Tiered Compilers"/>
    <property name="java.runtime.version" value="1.8.0_212-b04"/>
    <property name="java.net.preferIPv4Stack" value="true"/>
    <property name="user.name" value="jenkins1000"/>
    <property name="path.separator" value=":"/>
    <property name="java.security.egd" value="file:///dev/urandom"/>
    <property name="os.version" value="3.10.0-957.12.2.el7.x86_64"/>
    <property name="java.endorsed.dirs" value="/usr/lib/jvm/java-1.8-openjdk/jre/lib/endorsed"/>
    <property name="java.runtime.name" value="OpenJDK Runtime Environment"/>
    <property name="file.encoding" value="UTF-8"/>
    <property name="java.vm.name" value="OpenJDK 64-Bit Server VM"/>
    <property name="test.build.webapps" value=""/>
    <property name="localRepository" value="/home/user/.m2/repository"/>
    <property name="java.vendor.url.bug" value="https://icedtea.classpath.org/bugzilla"/>
    <property name="java.io.tmpdir" value="/tmp"/>
    <property name="require.test.libhadoop" value=""/>
    <property name="java.version" value="1.8.0_212"/>
    <property name="user.dir" value="/workdir/hadoop-ozone/integration-test"/>
    <property name="os.arch" value="amd64"/>
    <property name="java.vm.specification.name" value="Java Virtual Machine Specification"/>
    <property name="test.build.classes" value="/workdir/hadoop-ozone/integration-test/target/test-classes"/>
    <property name="java.awt.printerjob" value="sun.print.PSPrinterJob"/>
    <property name="sun.os.patch.level" value="unknown"/>
    <property name="hadoop.tmp.dir" value="/workdir/hadoop-ozone/integration-test/target/tmp"/>
    <property name="java.library.path" value="/usr/lib/jvm/java-1.8-openjdk/jre/lib/amd64/server:/usr/lib/jvm/java-1.8-openjdk/jre/lib/amd64:/usr/lib/jvm/java-1.8-openjdk/jre/../lib/amd64:/workdir/hadoop-ozone/integration-test/target/native/target/usr/local/lib:/workdir/hadoop-ozone/integration-test/../../hadoop-common-project/hadoop-common/target/native/target/usr/local/lib:/usr/java/packages/lib/amd64:/usr/lib64:/lib64:/lib:/usr/lib"/>
    <property name="java.vm.info" value="mixed mode"/>
    <property name="java.vendor" value="IcedTea"/>
    <property name="java.vm.version" value="25.212-b04"/>
    <property name="java.ext.dirs" value="/usr/lib/jvm/java-1.8-openjdk/jre/lib/ext:/usr/java/packages/lib/ext"/>
    <property name="sun.io.unicode.encoding" value="UnicodeLittle"/>
    <property name="java.class.version" value="52.0"/>
  </properties>
  <testcase name="testContainerReplication" classname="org.apache.hadoop.ozone.client.rpc.TestContainerReplicationEndToEnd" time="5.017">
    <error message="Failed to update container state #1, reason: invalid state transition from state: CLOSING upon event: FINALIZE." type="org.apache.hadoop.hdds.scm.exceptions.SCMException">org.apache.hadoop.hdds.scm.exceptions.SCMException: Failed to update container state #1, reason: invalid state transition from state: CLOSING upon event: FINALIZE.
	at org.apache.hadoop.hdds.scm.container.ContainerStateManager.updateContainerState(ContainerStateManager.java:336)
	at org.apache.hadoop.hdds.scm.container.SCMContainerManager.updateContainerState(SCMContainerManager.java:312)
	at org.apache.hadoop.ozone.client.rpc.TestContainerReplicationEndToEnd.testContainerReplication(TestContainerReplicationEndToEnd.java:159)
	at sun.reflect.NativeMethodAccessorImpl.invoke0(Native Method)
	at sun.reflect.NativeMethodAccessorImpl.invoke(NativeMethodAccessorImpl.java:62)
	at sun.reflect.DelegatingMethodAccessorImpl.invoke(DelegatingMethodAccessorImpl.java:43)
	at java.lang.reflect.Method.invoke(Method.java:498)
	at org.junit.runners.model.FrameworkMethod$1.runReflectiveCall(FrameworkMethod.java:47)
	at org.junit.internal.runners.model.ReflectiveCallable.run(ReflectiveCallable.java:12)
	at org.junit.runners.model.FrameworkMethod.invokeExplosively(FrameworkMethod.java:44)
	at org.junit.internal.runners.statements.InvokeMethod.evaluate(InvokeMethod.java:17)
	at org.junit.runners.ParentRunner.runLeaf(ParentRunner.java:271)
	at org.junit.runners.BlockJUnit4ClassRunner.runChild(BlockJUnit4ClassRunner.java:70)
	at org.junit.runners.BlockJUnit4ClassRunner.runChild(BlockJUnit4ClassRunner.java:50)
	at org.junit.runners.ParentRunner$3.run(ParentRunner.java:238)
	at org.junit.runners.ParentRunner$1.schedule(ParentRunner.java:63)
	at org.junit.runners.ParentRunner.runChildren(ParentRunner.java:236)
	at org.junit.runners.ParentRunner.access$000(ParentRunner.java:53)
	at org.junit.runners.ParentRunner$2.evaluate(ParentRunner.java:229)
	at org.junit.internal.runners.statements.RunBefores.evaluate(RunBefores.java:26)
	at org.junit.internal.runners.statements.RunAfters.evaluate(RunAfters.java:27)
	at org.junit.runners.ParentRunner.run(ParentRunner.java:309)
	at org.apache.maven.surefire.junit4.JUnit4Provider.execute(JUnit4Provider.java:365)
	at org.apache.maven.surefire.junit4.JUnit4Provider.executeWithRerun(JUnit4Provider.java:273)
	at org.apache.maven.surefire.junit4.JUnit4Provider.executeTestSet(JUnit4Provider.java:238)
	at org.apache.maven.surefire.junit4.JUnit4Provider.invoke(JUnit4Provider.java:159)
	at org.apache.maven.surefire.booter.ForkedBooter.invokeProviderInSameClassLoader(ForkedBooter.java:384)
	at org.apache.maven.surefire.booter.ForkedBooter.runSuitesInProcess(ForkedBooter.java:345)
	at org.apache.maven.surefire.booter.ForkedBooter.execute(ForkedBooter.java:126)
	at org.apache.maven.surefire.booter.ForkedBooter.main(ForkedBooter.java:418)
</error>
    <system-out><![CDATA[2019-09-18 17:09:09,504 [main] WARN  server.ServerUtils (ServerUtils.java:getScmDbDir(145)) - ozone.scm.db.dirs is not configured. We recommend adding this setting. Falling back to ozone.metadata.dirs instead.
2019-09-18 17:09:09,642 [main] WARN  server.ServerUtils (ServerUtils.java:getScmDbDir(145)) - ozone.scm.db.dirs is not configured. We recommend adding this setting. Falling back to ozone.metadata.dirs instead.
2019-09-18 17:09:09,646 [main] WARN  server.ServerUtils (ServerUtils.java:getScmDbDir(145)) - ozone.scm.db.dirs is not configured. We recommend adding this setting. Falling back to ozone.metadata.dirs instead.
2019-09-18 17:09:09,665 [main] INFO  util.log (Log.java:initialized(192)) - Logging initialized @939ms
2019-09-18 17:09:09,768 [main] INFO  db.DBStoreBuilder (DBStoreBuilder.java:addTable(110)) - using custom profile for table: deletedBlocks
2019-09-18 17:09:09,768 [main] INFO  db.DBStoreBuilder (DBStoreBuilder.java:processTables(161)) - Using default column profile:DBProfile.DISK for Table:deletedBlocks
2019-09-18 17:09:09,769 [main] INFO  db.DBStoreBuilder (DBStoreBuilder.java:addTable(110)) - using custom profile for table: validCerts
2019-09-18 17:09:09,769 [main] INFO  db.DBStoreBuilder (DBStoreBuilder.java:processTables(161)) - Using default column profile:DBProfile.DISK for Table:validCerts
2019-09-18 17:09:09,769 [main] INFO  db.DBStoreBuilder (DBStoreBuilder.java:addTable(110)) - using custom profile for table: revokedCerts
2019-09-18 17:09:09,769 [main] INFO  db.DBStoreBuilder (DBStoreBuilder.java:processTables(161)) - Using default column profile:DBProfile.DISK for Table:revokedCerts
2019-09-18 17:09:09,782 [main] INFO  db.DBStoreBuilder (DBStoreBuilder.java:addTable(110)) - using custom profile for table: default
2019-09-18 17:09:09,782 [main] INFO  db.DBStoreBuilder (DBStoreBuilder.java:processTables(167)) - Using default column profile:DBProfile.DISK for Table:default
2019-09-18 17:09:09,783 [main] INFO  db.DBStoreBuilder (DBStoreBuilder.java:getDbProfile(198)) - Using default options. DBProfile.DISK
2019-09-18 17:09:10,035 [main] INFO  net.NodeSchemaLoader (NodeSchemaLoader.java:loadSchemaFromFile(125)) - Loading file from sun.misc.CompoundEnumeration@77888435
2019-09-18 17:09:10,037 [main] INFO  net.NodeSchemaLoader (NodeSchemaLoader.java:loadSchema(171)) - Loading network topology layer schema file
2019-09-18 17:09:10,110 [main] INFO  node.SCMNodeManager (SCMNodeManager.java:<init>(114)) - Entering startup safe mode.
2019-09-18 17:09:10,184 [main] INFO  algorithms.ContainerPlacementPolicyFactory (ContainerPlacementPolicyFactory.java:getPolicy(57)) - Create container placement policy of type org.apache.hadoop.hdds.scm.container.placement.algorithms.SCMContainerPlacementRandom
2019-09-18 17:09:10,199 [main] WARN  server.ServerUtils (ServerUtils.java:getScmDbDir(145)) - ozone.scm.db.dirs is not configured. We recommend adding this setting. Falling back to ozone.metadata.dirs instead.
2019-09-18 17:09:10,258 [main] INFO  pipeline.SCMPipelineManager (SCMPipelineManager.java:initializePipelineState(128)) - No pipeline exists in current db
2019-09-18 17:09:10,261 [main] WARN  server.ServerUtils (ServerUtils.java:getScmDbDir(145)) - ozone.scm.db.dirs is not configured. We recommend adding this setting. Falling back to ozone.metadata.dirs instead.
2019-09-18 17:09:10,345 [main] INFO  Configuration.deprecation (Configuration.java:logDeprecation(1394)) - No unit for hdds.scm.replication.thread.interval(2000) assuming MILLISECONDS
2019-09-18 17:09:10,370 [main] WARN  events.EventQueue (EventQueue.java:fireEvent(183)) - No event handler registered for event TypedEvent{payloadType=SafeModeStatus, name='SafeModeStatus'}
2019-09-18 17:09:10,731 [main] INFO  ipc.CallQueueManager (CallQueueManager.java:<init>(84)) - Using callQueue: class java.util.concurrent.LinkedBlockingQueue, queueCapacity: 2000, scheduler: class org.apache.hadoop.ipc.DefaultRpcScheduler, ipcBackoff: false.
2019-09-18 17:09:10,760 [Socket Reader #1 for port 40728] INFO  ipc.Server (Server.java:run(1074)) - Starting Socket Reader #1 for port 40728
2019-09-18 17:09:10,893 [main] INFO  ipc.CallQueueManager (CallQueueManager.java:<init>(84)) - Using callQueue: class java.util.concurrent.LinkedBlockingQueue, queueCapacity: 2000, scheduler: class org.apache.hadoop.ipc.DefaultRpcScheduler, ipcBackoff: false.
2019-09-18 17:09:10,893 [Socket Reader #1 for port 46244] INFO  ipc.Server (Server.java:run(1074)) - Starting Socket Reader #1 for port 46244
2019-09-18 17:09:10,901 [main] INFO  ipc.CallQueueManager (CallQueueManager.java:<init>(84)) - Using callQueue: class java.util.concurrent.LinkedBlockingQueue, queueCapacity: 2000, scheduler: class org.apache.hadoop.ipc.DefaultRpcScheduler, ipcBackoff: false.
2019-09-18 17:09:10,902 [Socket Reader #1 for port 34131] INFO  ipc.Server (Server.java:run(1074)) - Starting Socket Reader #1 for port 34131
2019-09-18 17:09:10,922 [main] INFO  hdfs.DFSUtil (DFSUtil.java:httpServerTemplateForNNAndJN(1641)) - Starting Web-server for scm at: http://0.0.0.0:0
2019-09-18 17:09:11,071 [main] INFO  server.AuthenticationFilter (AuthenticationFilter.java:constructSecretProvider(240)) - Unable to initialize FileSignerSecretProvider, falling back to use random secrets.
2019-09-18 17:09:11,080 [main] WARN  http.HttpRequestLog (HttpRequestLog.java:getRequestLog(97)) - Jetty request log can only be enabled using Log4j
2019-09-18 17:09:11,088 [main] INFO  http.HttpServer2 (HttpServer2.java:addGlobalFilter(975)) - Added global filter 'safety' (class=org.apache.hadoop.http.HttpServer2$QuotingInputFilter)
2019-09-18 17:09:11,091 [main] INFO  http.HttpServer2 (HttpServer2.java:addFilter(948)) - Added filter static_user_filter (class=org.apache.hadoop.http.lib.StaticUserWebFilter$StaticUserFilter) to context scm
2019-09-18 17:09:11,091 [main] INFO  http.HttpServer2 (HttpServer2.java:addFilter(958)) - Added filter static_user_filter (class=org.apache.hadoop.http.lib.StaticUserWebFilter$StaticUserFilter) to context static
2019-09-18 17:09:11,091 [main] INFO  http.HttpServer2 (HttpServer2.java:addFilter(958)) - Added filter static_user_filter (class=org.apache.hadoop.http.lib.StaticUserWebFilter$StaticUserFilter) to context logs
2019-09-18 17:09:11,123 [main] INFO  server.StorageContainerManager (StorageContainerManager.java:start(763)) - StorageContainerLocationProtocol RPC server is listening at /0.0.0.0:34131
2019-09-18 17:09:11,190 [main] WARN  impl.MetricsConfig (MetricsConfig.java:loadFirst(134)) - Cannot locate configuration: tried hadoop-metrics2-storagecontainermanager.properties,hadoop-metrics2.properties
2019-09-18 17:09:11,205 [main] INFO  impl.MetricsSystemImpl (MetricsSystemImpl.java:startTimer(374)) - Scheduled Metric snapshot period at 10 second(s).
2019-09-18 17:09:11,205 [main] INFO  impl.MetricsSystemImpl (MetricsSystemImpl.java:start(191)) - StorageContainerManager metrics system started
2019-09-18 17:09:11,423 [main] INFO  server.SCMClientProtocolServer (SCMClientProtocolServer.java:start(151)) - RPC server for Client  is listening at /0.0.0.0:34131
2019-09-18 17:09:11,423 [IPC Server Responder] INFO  ipc.Server (Server.java:run(1314)) - IPC Server Responder: starting
2019-09-18 17:09:11,423 [IPC Server listener on 34131] INFO  ipc.Server (Server.java:run(1153)) - IPC Server listener on 34131: starting
2019-09-18 17:09:11,426 [main] INFO  server.StorageContainerManager (StorageContainerManager.java:start(773)) - ScmBlockLocationProtocol RPC server is listening at /0.0.0.0:46244
2019-09-18 17:09:11,427 [main] INFO  server.SCMBlockProtocolServer (SCMBlockProtocolServer.java:start(146)) - RPC server for Block Protocol is listening at /0.0.0.0:46244
2019-09-18 17:09:11,427 [IPC Server Responder] INFO  ipc.Server (Server.java:run(1314)) - IPC Server Responder: starting
2019-09-18 17:09:11,427 [IPC Server listener on 46244] INFO  ipc.Server (Server.java:run(1153)) - IPC Server listener on 46244: starting
2019-09-18 17:09:11,429 [main] INFO  server.StorageContainerManager (StorageContainerManager.java:start(777)) - ScmDatanodeProtocl RPC server is listening at /0.0.0.0:40728
2019-09-18 17:09:11,429 [main] INFO  server.SCMDatanodeProtocolServer (SCMDatanodeProtocolServer.java:start(191)) - RPC server for DataNodes is listening at /0.0.0.0:40728
2019-09-18 17:09:11,430 [IPC Server Responder] INFO  ipc.Server (Server.java:run(1314)) - IPC Server Responder: starting
2019-09-18 17:09:11,430 [IPC Server listener on 40728] INFO  ipc.Server (Server.java:run(1153)) - IPC Server listener on 40728: starting
2019-09-18 17:09:11,433 [main] INFO  http.HttpServer2 (HttpServer2.java:bindListener(1191)) - Jetty bound to port 44441
2019-09-18 17:09:11,435 [main] INFO  server.Server (Server.java:doStart(351)) - jetty-9.3.24.v20180605, build timestamp: 2018-06-05T17:11:56Z, git hash: 84205aa28f11a4f31f2a3b86d1bba2cc8ab69827
2019-09-18 17:09:11,470 [main] INFO  handler.ContextHandler (ContextHandler.java:doStart(781)) - Started o.e.j.s.ServletContextHandler@6622fc65{/logs,file:///workdir/hadoop-ozone/integration-test/target/log,AVAILABLE}
2019-09-18 17:09:11,471 [main] INFO  handler.ContextHandler (ContextHandler.java:doStart(781)) - Started o.e.j.s.ServletContextHandler@23fb172e{/static,file:///workdir/hadoop-ozone/integration-test/target/test-classes/webapps/static,AVAILABLE}
2019-09-18 17:09:11,515 [main] INFO  handler.ContextHandler (ContextHandler.java:doStart(781)) - Started o.e.j.w.WebAppContext@3591009c{/,file:///workdir/hadoop-ozone/integration-test/target/test-classes/webapps/scm/,AVAILABLE}{/scm}
2019-09-18 17:09:11,523 [main] INFO  server.AbstractConnector (AbstractConnector.java:doStart(278)) - Started ServerConnector@2de366bb{HTTP/1.1,[http/1.1]}{0.0.0.0:44441}
2019-09-18 17:09:11,523 [main] INFO  server.Server (Server.java:doStart(419)) - Started @2797ms
2019-09-18 17:09:11,526 [main] INFO  impl.MetricsSinkAdapter (MetricsSinkAdapter.java:start(204)) - Sink prometheus started
2019-09-18 17:09:11,527 [main] INFO  impl.MetricsSystemImpl (MetricsSystemImpl.java:registerSink(301)) - Registered sink prometheus
2019-09-18 17:09:11,528 [main] INFO  server.BaseHttpServer (BaseHttpServer.java:updateConnectorAddress(215)) - HTTP server of SCM is listening at http://0.0.0.0:44441
2019-09-18 17:09:11,535 [org.apache.hadoop.util.JvmPauseMonitor$Monitor@64f857e7] INFO  util.JvmPauseMonitor (JvmPauseMonitor.java:run(188)) - Starting JVM pause monitor
2019-09-18 17:09:11,539 [main] WARN  server.ServerUtils (ServerUtils.java:getDBPath(222)) - ozone.om.db.dirs is not configured. We recommend adding this setting. Falling back to ozone.metadata.dirs instead.
2019-09-18 17:09:11,651 [main] WARN  server.ServerUtils (ServerUtils.java:getDBPath(222)) - ozone.om.db.dirs is not configured. We recommend adding this setting. Falling back to ozone.metadata.dirs instead.
2019-09-18 17:09:11,652 [main] WARN  server.ServerUtils (ServerUtils.java:getDBPath(222)) - ozone.om.db.dirs is not configured. We recommend adding this setting. Falling back to ozone.metadata.dirs instead.
2019-09-18 17:09:11,653 [main] INFO  om.OzoneManager (OzoneManager.java:setOMNodeDetails(649)) - OM Service ID is not set. Setting it to the default ID: omServiceIdDefault
2019-09-18 17:09:11,653 [main] INFO  om.OzoneManager (OzoneManager.java:setOMNodeDetails(655)) - OM Node ID is not set. Setting it to the OmStorage's OmID: 1c791ab8-e10f-495b-995c-ed74e982b897
2019-09-18 17:09:11,655 [main] INFO  om.OzoneManager (OzoneManager.java:loadOMHAConfigs(606)) - Found matching OM address with OMServiceId: null, OMNodeId: null, RPC Address: localhost:0 and Ratis port: 9872
2019-09-18 17:09:12,378 [main] WARN  server.ServerUtils (ServerUtils.java:getDBPath(222)) - ozone.om.db.dirs is not configured. We recommend adding this setting. Falling back to ozone.metadata.dirs instead.
2019-09-18 17:09:12,385 [main] INFO  db.DBStoreBuilder (DBStoreBuilder.java:addTable(110)) - using custom profile for table: userTable
2019-09-18 17:09:12,386 [main] INFO  db.DBStoreBuilder (DBStoreBuilder.java:processTables(161)) - Using default column profile:DBProfile.DISK for Table:userTable
2019-09-18 17:09:12,386 [main] INFO  db.DBStoreBuilder (DBStoreBuilder.java:addTable(110)) - using custom profile for table: volumeTable
2019-09-18 17:09:12,386 [main] INFO  db.DBStoreBuilder (DBStoreBuilder.java:processTables(161)) - Using default column profile:DBProfile.DISK for Table:volumeTable
2019-09-18 17:09:12,386 [main] INFO  db.DBStoreBuilder (DBStoreBuilder.java:addTable(110)) - using custom profile for table: bucketTable
2019-09-18 17:09:12,386 [main] INFO  db.DBStoreBuilder (DBStoreBuilder.java:processTables(161)) - Using default column profile:DBProfile.DISK for Table:bucketTable
2019-09-18 17:09:12,387 [main] INFO  db.DBStoreBuilder (DBStoreBuilder.java:addTable(110)) - using custom profile for table: keyTable
2019-09-18 17:09:12,387 [main] INFO  db.DBStoreBuilder (DBStoreBuilder.java:processTables(161)) - Using default column profile:DBProfile.DISK for Table:keyTable
2019-09-18 17:09:12,387 [main] INFO  db.DBStoreBuilder (DBStoreBuilder.java:addTable(110)) - using custom profile for table: deletedTable
2019-09-18 17:09:12,387 [main] INFO  db.DBStoreBuilder (DBStoreBuilder.java:processTables(161)) - Using default column profile:DBProfile.DISK for Table:deletedTable
2019-09-18 17:09:12,388 [main] INFO  db.DBStoreBuilder (DBStoreBuilder.java:addTable(110)) - using custom profile for table: openKeyTable
2019-09-18 17:09:12,388 [main] INFO  db.DBStoreBuilder (DBStoreBuilder.java:processTables(161)) - Using default column profile:DBProfile.DISK for Table:openKeyTable
2019-09-18 17:09:12,388 [main] INFO  db.DBStoreBuilder (DBStoreBuilder.java:addTable(110)) - using custom profile for table: s3Table
2019-09-18 17:09:12,388 [main] INFO  db.DBStoreBuilder (DBStoreBuilder.java:processTables(161)) - Using default column profile:DBProfile.DISK for Table:s3Table
2019-09-18 17:09:12,388 [main] INFO  db.DBStoreBuilder (DBStoreBuilder.java:addTable(110)) - using custom profile for table: multipartInfoTable
2019-09-18 17:09:12,389 [main] INFO  db.DBStoreBuilder (DBStoreBuilder.java:processTables(161)) - Using default column profile:DBProfile.DISK for Table:multipartInfoTable
2019-09-18 17:09:12,389 [main] INFO  db.DBStoreBuilder (DBStoreBuilder.java:addTable(110)) - using custom profile for table: dTokenTable
2019-09-18 17:09:12,389 [main] INFO  db.DBStoreBuilder (DBStoreBuilder.java:processTables(161)) - Using default column profile:DBProfile.DISK for Table:dTokenTable
2019-09-18 17:09:12,389 [main] INFO  db.DBStoreBuilder (DBStoreBuilder.java:addTable(110)) - using custom profile for table: s3SecretTable
2019-09-18 17:09:12,390 [main] INFO  db.DBStoreBuilder (DBStoreBuilder.java:processTables(161)) - Using default column profile:DBProfile.DISK for Table:s3SecretTable
2019-09-18 17:09:12,390 [main] INFO  db.DBStoreBuilder (DBStoreBuilder.java:addTable(110)) - using custom profile for table: prefixTable
2019-09-18 17:09:12,390 [main] INFO  db.DBStoreBuilder (DBStoreBuilder.java:processTables(161)) - Using default column profile:DBProfile.DISK for Table:prefixTable
2019-09-18 17:09:12,390 [main] INFO  db.DBStoreBuilder (DBStoreBuilder.java:addTable(110)) - using custom profile for table: default
2019-09-18 17:09:12,390 [main] INFO  db.DBStoreBuilder (DBStoreBuilder.java:processTables(167)) - Using default column profile:DBProfile.DISK for Table:default
2019-09-18 17:09:12,391 [main] INFO  db.DBStoreBuilder (DBStoreBuilder.java:getDbProfile(198)) - Using default options. DBProfile.DISK
2019-09-18 17:09:13,199 [main] INFO  ipc.CallQueueManager (CallQueueManager.java:<init>(84)) - Using callQueue: class java.util.concurrent.LinkedBlockingQueue, queueCapacity: 2000, scheduler: class org.apache.hadoop.ipc.DefaultRpcScheduler, ipcBackoff: false.
2019-09-18 17:09:13,200 [Socket Reader #1 for port 34706] INFO  ipc.Server (Server.java:run(1074)) - Starting Socket Reader #1 for port 34706
2019-09-18 17:09:13,223 [main] INFO  om.OzoneManager (OzoneManager.java:start(1240)) - OzoneManager RPC server is listening at localhost/127.0.0.1:34706
2019-09-18 17:09:13,223 [main] INFO  impl.MetricsSystemImpl (MetricsSystemImpl.java:init(158)) - OzoneManager metrics system started (again)
2019-09-18 17:09:13,224 [IPC Server Responder] INFO  ipc.Server (Server.java:run(1314)) - IPC Server Responder: starting
2019-09-18 17:09:13,225 [IPC Server listener on 34706] INFO  ipc.Server (Server.java:run(1153)) - IPC Server listener on 34706: starting
2019-09-18 17:09:13,231 [main] INFO  hdfs.DFSUtil (DFSUtil.java:httpServerTemplateForNNAndJN(1641)) - Starting Web-server for ozoneManager at: http://0.0.0.0:0
2019-09-18 17:09:13,233 [main] INFO  server.AuthenticationFilter (AuthenticationFilter.java:constructSecretProvider(240)) - Unable to initialize FileSignerSecretProvider, falling back to use random secrets.
2019-09-18 17:09:13,234 [main] WARN  http.HttpRequestLog (HttpRequestLog.java:getRequestLog(97)) - Jetty request log can only be enabled using Log4j
2019-09-18 17:09:13,237 [main] INFO  http.HttpServer2 (HttpServer2.java:addGlobalFilter(975)) - Added global filter 'safety' (class=org.apache.hadoop.http.HttpServer2$QuotingInputFilter)
2019-09-18 17:09:13,238 [main] INFO  http.HttpServer2 (HttpServer2.java:addFilter(948)) - Added filter static_user_filter (class=org.apache.hadoop.http.lib.StaticUserWebFilter$StaticUserFilter) to context ozoneManager
2019-09-18 17:09:13,238 [main] INFO  http.HttpServer2 (HttpServer2.java:addFilter(958)) - Added filter static_user_filter (class=org.apache.hadoop.http.lib.StaticUserWebFilter$StaticUserFilter) to context static
2019-09-18 17:09:13,239 [main] INFO  http.HttpServer2 (HttpServer2.java:addFilter(958)) - Added filter static_user_filter (class=org.apache.hadoop.http.lib.StaticUserWebFilter$StaticUserFilter) to context logs
2019-09-18 17:09:13,241 [main] INFO  http.HttpServer2 (HttpServer2.java:bindListener(1191)) - Jetty bound to port 34229
2019-09-18 17:09:13,242 [main] INFO  server.Server (Server.java:doStart(351)) - jetty-9.3.24.v20180605, build timestamp: 2018-06-05T17:11:56Z, git hash: 84205aa28f11a4f31f2a3b86d1bba2cc8ab69827
2019-09-18 17:09:13,244 [main] INFO  handler.ContextHandler (ContextHandler.java:doStart(781)) - Started o.e.j.s.ServletContextHandler@2571066a{/logs,file:///workdir/hadoop-ozone/integration-test/target/log,AVAILABLE}
2019-09-18 17:09:13,245 [main] INFO  handler.ContextHandler (ContextHandler.java:doStart(781)) - Started o.e.j.s.ServletContextHandler@4fe875be{/static,file:///workdir/hadoop-ozone/integration-test/target/test-classes/webapps/static,AVAILABLE}
2019-09-18 17:09:13,254 [main] INFO  handler.ContextHandler (ContextHandler.java:doStart(781)) - Started o.e.j.w.WebAppContext@773c0293{/,file:///workdir/hadoop-ozone/integration-test/target/test-classes/webapps/ozoneManager/,AVAILABLE}{/ozoneManager}
2019-09-18 17:09:13,255 [main] INFO  server.AbstractConnector (AbstractConnector.java:doStart(278)) - Started ServerConnector@55b8dbda{HTTP/1.1,[http/1.1]}{0.0.0.0:34229}
2019-09-18 17:09:13,256 [main] INFO  server.Server (Server.java:doStart(419)) - Started @4530ms
2019-09-18 17:09:13,257 [main] WARN  impl.MetricsSystemImpl (MetricsSystemImpl.java:register(276)) - Sink prometheus already exists!
2019-09-18 17:09:13,258 [main] INFO  server.BaseHttpServer (BaseHttpServer.java:updateConnectorAddress(215)) - HTTP server of OZONEMANAGER is listening at http://0.0.0.0:34229
2019-09-18 17:09:13,550 [main] INFO  impl.MetricsSystemImpl (MetricsSystemImpl.java:init(158)) - HddsDatanode metrics system started (again)
2019-09-18 17:09:13,600 [main] INFO  ozone.HddsDatanodeService (HddsDatanodeService.java:start(184)) - HddsDatanodeService host:pr-hdds-2121-ltkqc-3926781246 ip:192.168.151.122
2019-09-18 17:09:13,632 [main] INFO  volume.HddsVolume (HddsVolume.java:<init>(176)) - Creating Volume: /workdir/hadoop-ozone/integration-test/target/test-dir/MiniOzoneClusterImpl-59decb4f-f8f2-4ce8-9745-e0acc777be20/datanode-0/data/containers/hdds of  storage type : DISK and capacity : 1482555576320
2019-09-18 17:09:13,634 [main] INFO  volume.VolumeSet (VolumeSet.java:initializeVolumeSet(170)) - Added Volume : /workdir/hadoop-ozone/integration-test/target/test-dir/MiniOzoneClusterImpl-59decb4f-f8f2-4ce8-9745-e0acc777be20/datanode-0/data/containers/hdds to VolumeSet
2019-09-18 17:09:13,637 [main] INFO  volume.ThrottledAsyncChecker (ThrottledAsyncChecker.java:schedule(139)) - Scheduling a check for org.apache.hadoop.ozone.container.common.volume.HddsVolume@5c82cd4f
2019-09-18 17:09:13,654 [main] INFO  volume.HddsVolumeChecker (HddsVolumeChecker.java:checkAllVolumes(202)) - Scheduled health check for volume org.apache.hadoop.ozone.container.common.volume.HddsVolume@5c82cd4f
2019-09-18 17:09:13,779 [main] INFO  impl.RaftServerProxy (ConfUtils.java:logGet(43)) - raft.rpc.type = GRPC (default)
2019-09-18 17:09:13,851 [main] INFO  grpc.GrpcFactory (GrpcFactory.java:checkPooledByteBufAllocatorUseCacheForAllThreads(45)) - PERFORMANCE WARNING: useCacheForAllThreads is true that may cause Netty to create a lot garbage objects and, as a result, trigger GC.
	It is recommended to disable useCacheForAllThreads by setting -Dorg.apache.ratis.thirdparty.io.netty.allocator.useCacheForAllThreads=false in command line.
2019-09-18 17:09:13,856 [main] INFO  grpc.GrpcConfigKeys$Server (ConfUtils.java:logGet(43)) - raft.grpc.server.port = 0 (default)
2019-09-18 17:09:13,857 [main] INFO  server.GrpcService (ConfUtils.java:logGet(43)) - raft.grpc.message.size.max = 33570816 (custom)
2019-09-18 17:09:13,858 [main] INFO  server.RaftServerConfigKeys (ConfUtils.java:logGet(43)) - raft.server.log.appender.buffer.byte-limit = 33554432 (custom)
2019-09-18 17:09:13,859 [main] INFO  server.GrpcService (ConfUtils.java:logGet(43)) - raft.grpc.flow.control.window = 1MB (=1048576) (default)
2019-09-18 17:09:13,859 [main] INFO  server.RaftServerConfigKeys (ConfUtils.java:logGet(43)) - raft.server.rpc.request.timeout = 3000ms (default)
2019-09-18 17:09:14,016 [main] INFO  server.RaftServerConfigKeys (ConfUtils.java:logGet(43)) - raft.server.storage.dir = [/workdir/hadoop-ozone/integration-test/target/test-dir/MiniOzoneClusterImpl-59decb4f-f8f2-4ce8-9745-e0acc777be20/datanode-0/data/ratis] (custom)
2019-09-18 17:09:14,068 [main] INFO  hdfs.DFSUtil (DFSUtil.java:httpServerTemplateForNNAndJN(1641)) - Starting Web-server for hddsDatanode at: http://0.0.0.0:0
2019-09-18 17:09:14,070 [main] INFO  server.AuthenticationFilter (AuthenticationFilter.java:constructSecretProvider(240)) - Unable to initialize FileSignerSecretProvider, falling back to use random secrets.
2019-09-18 17:09:14,071 [main] WARN  http.HttpRequestLog (HttpRequestLog.java:getRequestLog(97)) - Jetty request log can only be enabled using Log4j
2019-09-18 17:09:14,073 [main] INFO  http.HttpServer2 (HttpServer2.java:addGlobalFilter(975)) - Added global filter 'safety' (class=org.apache.hadoop.http.HttpServer2$QuotingInputFilter)
2019-09-18 17:09:14,073 [main] INFO  http.HttpServer2 (HttpServer2.java:addFilter(948)) - Added filter static_user_filter (class=org.apache.hadoop.http.lib.StaticUserWebFilter$StaticUserFilter) to context hddsDatanode
2019-09-18 17:09:14,073 [main] INFO  http.HttpServer2 (HttpServer2.java:addFilter(958)) - Added filter static_user_filter (class=org.apache.hadoop.http.lib.StaticUserWebFilter$StaticUserFilter) to context static
2019-09-18 17:09:14,074 [main] INFO  http.HttpServer2 (HttpServer2.java:addFilter(958)) - Added filter static_user_filter (class=org.apache.hadoop.http.lib.StaticUserWebFilter$StaticUserFilter) to context logs
2019-09-18 17:09:14,075 [main] INFO  http.HttpServer2 (HttpServer2.java:bindListener(1191)) - Jetty bound to port 36412
2019-09-18 17:09:14,075 [main] INFO  server.Server (Server.java:doStart(351)) - jetty-9.3.24.v20180605, build timestamp: 2018-06-05T17:11:56Z, git hash: 84205aa28f11a4f31f2a3b86d1bba2cc8ab69827
2019-09-18 17:09:14,076 [main] INFO  handler.ContextHandler (ContextHandler.java:doStart(781)) - Started o.e.j.s.ServletContextHandler@4fc3c165{/logs,file:///workdir/hadoop-ozone/integration-test/target/log,AVAILABLE}
2019-09-18 17:09:14,077 [main] INFO  handler.ContextHandler (ContextHandler.java:doStart(781)) - Started o.e.j.s.ServletContextHandler@7b6860f9{/static,jar:file:/home/user/.m2/repository/org/apache/hadoop/hadoop-hdds-container-service/0.5.0-SNAPSHOT/hadoop-hdds-container-service-0.5.0-SNAPSHOT.jar!/webapps/static,AVAILABLE}
2019-09-18 17:09:14,109 [main] INFO  handler.ContextHandler (ContextHandler.java:doStart(781)) - Started o.e.j.w.WebAppContext@26c47874{/,file:///tmp/jetty-0.0.0.0-36412-hddsDatanode-_-any-4216917406388445721.dir/webapp/,AVAILABLE}{/hddsDatanode}
2019-09-18 17:09:14,110 [main] INFO  server.AbstractConnector (AbstractConnector.java:doStart(278)) - Started ServerConnector@421056e5{HTTP/1.1,[http/1.1]}{0.0.0.0:36412}
2019-09-18 17:09:14,112 [main] INFO  server.Server (Server.java:doStart(419)) - Started @5386ms
2019-09-18 17:09:14,112 [main] WARN  impl.MetricsSystemImpl (MetricsSystemImpl.java:register(276)) - Sink prometheus already exists!
2019-09-18 17:09:14,113 [main] INFO  server.BaseHttpServer (BaseHttpServer.java:updateConnectorAddress(215)) - HTTP server of HDDSDATANODE is listening at http://0.0.0.0:36412
2019-09-18 17:09:14,114 [main] INFO  impl.MetricsSystemImpl (MetricsSystemImpl.java:init(158)) - HddsDatanode metrics system started (again)
2019-09-18 17:09:14,117 [main] INFO  ozone.HddsDatanodeService (HddsDatanodeService.java:start(184)) - HddsDatanodeService host:pr-hdds-2121-ltkqc-3926781246 ip:192.168.151.122
2019-09-18 17:09:14,119 [org.apache.hadoop.util.JvmPauseMonitor$Monitor@9aabb28] INFO  util.JvmPauseMonitor (JvmPauseMonitor.java:run(188)) - Starting JVM pause monitor
2019-09-18 17:09:14,125 [main] INFO  volume.HddsVolume (HddsVolume.java:<init>(176)) - Creating Volume: /workdir/hadoop-ozone/integration-test/target/test-dir/MiniOzoneClusterImpl-59decb4f-f8f2-4ce8-9745-e0acc777be20/datanode-1/data/containers/hdds of  storage type : DISK and capacity : 1482555576320
2019-09-18 17:09:14,126 [main] INFO  volume.VolumeSet (VolumeSet.java:initializeVolumeSet(170)) - Added Volume : /workdir/hadoop-ozone/integration-test/target/test-dir/MiniOzoneClusterImpl-59decb4f-f8f2-4ce8-9745-e0acc777be20/datanode-1/data/containers/hdds to VolumeSet
2019-09-18 17:09:14,127 [main] INFO  volume.ThrottledAsyncChecker (ThrottledAsyncChecker.java:schedule(139)) - Scheduling a check for org.apache.hadoop.ozone.container.common.volume.HddsVolume@80bfdc6
2019-09-18 17:09:14,127 [main] INFO  volume.HddsVolumeChecker (HddsVolumeChecker.java:checkAllVolumes(202)) - Scheduled health check for volume org.apache.hadoop.ozone.container.common.volume.HddsVolume@80bfdc6
2019-09-18 17:09:14,141 [main] INFO  impl.RaftServerProxy (ConfUtils.java:logGet(43)) - raft.rpc.type = GRPC (default)
2019-09-18 17:09:14,141 [main] INFO  grpc.GrpcFactory (GrpcFactory.java:checkPooledByteBufAllocatorUseCacheForAllThreads(45)) - PERFORMANCE WARNING: useCacheForAllThreads is true that may cause Netty to create a lot garbage objects and, as a result, trigger GC.
	It is recommended to disable useCacheForAllThreads by setting -Dorg.apache.ratis.thirdparty.io.netty.allocator.useCacheForAllThreads=false in command line.
2019-09-18 17:09:14,141 [main] INFO  grpc.GrpcConfigKeys$Server (ConfUtils.java:logGet(43)) - raft.grpc.server.port = 0 (default)
2019-09-18 17:09:14,141 [main] INFO  server.GrpcService (ConfUtils.java:logGet(43)) - raft.grpc.message.size.max = 33570816 (custom)
2019-09-18 17:09:14,142 [main] INFO  server.RaftServerConfigKeys (ConfUtils.java:logGet(43)) - raft.server.log.appender.buffer.byte-limit = 33554432 (custom)
2019-09-18 17:09:14,142 [main] INFO  server.GrpcService (ConfUtils.java:logGet(43)) - raft.grpc.flow.control.window = 1MB (=1048576) (default)
2019-09-18 17:09:14,142 [main] INFO  server.RaftServerConfigKeys (ConfUtils.java:logGet(43)) - raft.server.rpc.request.timeout = 3000ms (default)
2019-09-18 17:09:14,143 [main] INFO  server.RaftServerConfigKeys (ConfUtils.java:logGet(43)) - raft.server.storage.dir = [/workdir/hadoop-ozone/integration-test/target/test-dir/MiniOzoneClusterImpl-59decb4f-f8f2-4ce8-9745-e0acc777be20/datanode-1/data/ratis] (custom)
2019-09-18 17:09:14,145 [main] INFO  hdfs.DFSUtil (DFSUtil.java:httpServerTemplateForNNAndJN(1641)) - Starting Web-server for hddsDatanode at: http://0.0.0.0:0
2019-09-18 17:09:14,146 [main] INFO  server.AuthenticationFilter (AuthenticationFilter.java:constructSecretProvider(240)) - Unable to initialize FileSignerSecretProvider, falling back to use random secrets.
2019-09-18 17:09:14,147 [main] WARN  http.HttpRequestLog (HttpRequestLog.java:getRequestLog(97)) - Jetty request log can only be enabled using Log4j
2019-09-18 17:09:14,149 [main] INFO  http.HttpServer2 (HttpServer2.java:addGlobalFilter(975)) - Added global filter 'safety' (class=org.apache.hadoop.http.HttpServer2$QuotingInputFilter)
2019-09-18 17:09:14,150 [main] INFO  http.HttpServer2 (HttpServer2.java:addFilter(948)) - Added filter static_user_filter (class=org.apache.hadoop.http.lib.StaticUserWebFilter$StaticUserFilter) to context hddsDatanode
2019-09-18 17:09:14,150 [main] INFO  http.HttpServer2 (HttpServer2.java:addFilter(958)) - Added filter static_user_filter (class=org.apache.hadoop.http.lib.StaticUserWebFilter$StaticUserFilter) to context logs
2019-09-18 17:09:14,150 [main] INFO  http.HttpServer2 (HttpServer2.java:addFilter(958)) - Added filter static_user_filter (class=org.apache.hadoop.http.lib.StaticUserWebFilter$StaticUserFilter) to context static
2019-09-18 17:09:14,151 [main] INFO  http.HttpServer2 (HttpServer2.java:bindListener(1191)) - Jetty bound to port 40822
2019-09-18 17:09:14,151 [main] INFO  server.Server (Server.java:doStart(351)) - jetty-9.3.24.v20180605, build timestamp: 2018-06-05T17:11:56Z, git hash: 84205aa28f11a4f31f2a3b86d1bba2cc8ab69827
2019-09-18 17:09:14,154 [main] INFO  handler.ContextHandler (ContextHandler.java:doStart(781)) - Started o.e.j.s.ServletContextHandler@78054f54{/logs,file:///workdir/hadoop-ozone/integration-test/target/log,AVAILABLE}
2019-09-18 17:09:14,155 [main] INFO  handler.ContextHandler (ContextHandler.java:doStart(781)) - Started o.e.j.s.ServletContextHandler@3dffc764{/static,jar:file:/home/user/.m2/repository/org/apache/hadoop/hadoop-hdds-container-service/0.5.0-SNAPSHOT/hadoop-hdds-container-service-0.5.0-SNAPSHOT.jar!/webapps/static,AVAILABLE}
2019-09-18 17:09:14,187 [main] INFO  handler.ContextHandler (ContextHandler.java:doStart(781)) - Started o.e.j.w.WebAppContext@3c87e6b7{/,file:///tmp/jetty-0.0.0.0-40822-hddsDatanode-_-any-1646055912383811827.dir/webapp/,AVAILABLE}{/hddsDatanode}
2019-09-18 17:09:14,188 [main] INFO  server.AbstractConnector (AbstractConnector.java:doStart(278)) - Started ServerConnector@77bbadc{HTTP/1.1,[http/1.1]}{0.0.0.0:40822}
2019-09-18 17:09:14,189 [main] INFO  server.Server (Server.java:doStart(419)) - Started @5463ms
2019-09-18 17:09:14,189 [main] WARN  impl.MetricsSystemImpl (MetricsSystemImpl.java:register(276)) - Sink prometheus already exists!
2019-09-18 17:09:14,190 [main] INFO  server.BaseHttpServer (BaseHttpServer.java:updateConnectorAddress(215)) - HTTP server of HDDSDATANODE is listening at http://0.0.0.0:40822
2019-09-18 17:09:14,191 [main] INFO  impl.MetricsSystemImpl (MetricsSystemImpl.java:init(158)) - HddsDatanode metrics system started (again)
2019-09-18 17:09:14,194 [org.apache.hadoop.util.JvmPauseMonitor$Monitor@ebf160c] INFO  util.JvmPauseMonitor (JvmPauseMonitor.java:run(188)) - Starting JVM pause monitor
2019-09-18 17:09:14,196 [main] INFO  ozone.HddsDatanodeService (HddsDatanodeService.java:start(184)) - HddsDatanodeService host:pr-hdds-2121-ltkqc-3926781246 ip:192.168.151.122
2019-09-18 17:09:14,204 [main] INFO  volume.HddsVolume (HddsVolume.java:<init>(176)) - Creating Volume: /workdir/hadoop-ozone/integration-test/target/test-dir/MiniOzoneClusterImpl-59decb4f-f8f2-4ce8-9745-e0acc777be20/datanode-2/data/containers/hdds of  storage type : DISK and capacity : 1482555576320
2019-09-18 17:09:14,205 [main] INFO  volume.VolumeSet (VolumeSet.java:initializeVolumeSet(170)) - Added Volume : /workdir/hadoop-ozone/integration-test/target/test-dir/MiniOzoneClusterImpl-59decb4f-f8f2-4ce8-9745-e0acc777be20/datanode-2/data/containers/hdds to VolumeSet
2019-09-18 17:09:14,205 [main] INFO  volume.ThrottledAsyncChecker (ThrottledAsyncChecker.java:schedule(139)) - Scheduling a check for org.apache.hadoop.ozone.container.common.volume.HddsVolume@337bbfdf
2019-09-18 17:09:14,206 [main] INFO  volume.HddsVolumeChecker (HddsVolumeChecker.java:checkAllVolumes(202)) - Scheduled health check for volume org.apache.hadoop.ozone.container.common.volume.HddsVolume@337bbfdf
2019-09-18 17:09:14,225 [main] INFO  impl.RaftServerProxy (ConfUtils.java:logGet(43)) - raft.rpc.type = GRPC (default)
2019-09-18 17:09:14,225 [main] INFO  grpc.GrpcFactory (GrpcFactory.java:checkPooledByteBufAllocatorUseCacheForAllThreads(45)) - PERFORMANCE WARNING: useCacheForAllThreads is true that may cause Netty to create a lot garbage objects and, as a result, trigger GC.
	It is recommended to disable useCacheForAllThreads by setting -Dorg.apache.ratis.thirdparty.io.netty.allocator.useCacheForAllThreads=false in command line.
2019-09-18 17:09:14,226 [main] INFO  grpc.GrpcConfigKeys$Server (ConfUtils.java:logGet(43)) - raft.grpc.server.port = 0 (default)
2019-09-18 17:09:14,226 [main] INFO  server.GrpcService (ConfUtils.java:logGet(43)) - raft.grpc.message.size.max = 33570816 (custom)
2019-09-18 17:09:14,226 [main] INFO  server.RaftServerConfigKeys (ConfUtils.java:logGet(43)) - raft.server.log.appender.buffer.byte-limit = 33554432 (custom)
2019-09-18 17:09:14,227 [main] INFO  server.GrpcService (ConfUtils.java:logGet(43)) - raft.grpc.flow.control.window = 1MB (=1048576) (default)
2019-09-18 17:09:14,227 [main] INFO  server.RaftServerConfigKeys (ConfUtils.java:logGet(43)) - raft.server.rpc.request.timeout = 3000ms (default)
2019-09-18 17:09:14,227 [Datanode State Machine Thread - 0] INFO  datanode.InitDatanodeState (InitDatanodeState.java:persistContainerDatanodeDetails(140)) - DatanodeDetails is persisted to /workdir/hadoop-ozone/integration-test/target/test-dir/MiniOzoneClusterImpl-59decb4f-f8f2-4ce8-9745-e0acc777be20/datanode-0/meta/datanode.id
2019-09-18 17:09:14,231 [main] INFO  server.RaftServerConfigKeys (ConfUtils.java:logGet(43)) - raft.server.storage.dir = [/workdir/hadoop-ozone/integration-test/target/test-dir/MiniOzoneClusterImpl-59decb4f-f8f2-4ce8-9745-e0acc777be20/datanode-2/data/ratis] (custom)
2019-09-18 17:09:14,232 [Datanode State Machine Thread - 0] INFO  datanode.InitDatanodeState (InitDatanodeState.java:persistContainerDatanodeDetails(140)) - DatanodeDetails is persisted to /workdir/hadoop-ozone/integration-test/target/test-dir/MiniOzoneClusterImpl-59decb4f-f8f2-4ce8-9745-e0acc777be20/datanode-1/meta/datanode.id
2019-09-18 17:09:14,234 [main] INFO  hdfs.DFSUtil (DFSUtil.java:httpServerTemplateForNNAndJN(1641)) - Starting Web-server for hddsDatanode at: http://0.0.0.0:0
2019-09-18 17:09:14,235 [main] INFO  server.AuthenticationFilter (AuthenticationFilter.java:constructSecretProvider(240)) - Unable to initialize FileSignerSecretProvider, falling back to use random secrets.
2019-09-18 17:09:14,236 [main] WARN  http.HttpRequestLog (HttpRequestLog.java:getRequestLog(97)) - Jetty request log can only be enabled using Log4j
2019-09-18 17:09:14,237 [main] INFO  http.HttpServer2 (HttpServer2.java:addGlobalFilter(975)) - Added global filter 'safety' (class=org.apache.hadoop.http.HttpServer2$QuotingInputFilter)
2019-09-18 17:09:14,238 [main] INFO  http.HttpServer2 (HttpServer2.java:addFilter(948)) - Added filter static_user_filter (class=org.apache.hadoop.http.lib.StaticUserWebFilter$StaticUserFilter) to context hddsDatanode
2019-09-18 17:09:14,238 [main] INFO  http.HttpServer2 (HttpServer2.java:addFilter(958)) - Added filter static_user_filter (class=org.apache.hadoop.http.lib.StaticUserWebFilter$StaticUserFilter) to context logs
2019-09-18 17:09:14,238 [main] INFO  http.HttpServer2 (HttpServer2.java:addFilter(958)) - Added filter static_user_filter (class=org.apache.hadoop.http.lib.StaticUserWebFilter$StaticUserFilter) to context static
2019-09-18 17:09:14,239 [main] INFO  http.HttpServer2 (HttpServer2.java:bindListener(1191)) - Jetty bound to port 36431
2019-09-18 17:09:14,239 [main] INFO  server.Server (Server.java:doStart(351)) - jetty-9.3.24.v20180605, build timestamp: 2018-06-05T17:11:56Z, git hash: 84205aa28f11a4f31f2a3b86d1bba2cc8ab69827
2019-09-18 17:09:14,241 [main] INFO  handler.ContextHandler (ContextHandler.java:doStart(781)) - Started o.e.j.s.ServletContextHandler@2aff9dff{/logs,file:///workdir/hadoop-ozone/integration-test/target/log,AVAILABLE}
2019-09-18 17:09:14,242 [main] INFO  handler.ContextHandler (ContextHandler.java:doStart(781)) - Started o.e.j.s.ServletContextHandler@1aad0b1{/static,jar:file:/home/user/.m2/repository/org/apache/hadoop/hadoop-hdds-container-service/0.5.0-SNAPSHOT/hadoop-hdds-container-service-0.5.0-SNAPSHOT.jar!/webapps/static,AVAILABLE}
2019-09-18 17:09:14,270 [main] INFO  handler.ContextHandler (ContextHandler.java:doStart(781)) - Started o.e.j.w.WebAppContext@2b680207{/,file:///tmp/jetty-0.0.0.0-36431-hddsDatanode-_-any-7621318732334495116.dir/webapp/,AVAILABLE}{/hddsDatanode}
2019-09-18 17:09:14,272 [main] INFO  server.AbstractConnector (AbstractConnector.java:doStart(278)) - Started ServerConnector@70887727{HTTP/1.1,[http/1.1]}{0.0.0.0:36431}
2019-09-18 17:09:14,272 [main] INFO  server.Server (Server.java:doStart(419)) - Started @5546ms
2019-09-18 17:09:14,272 [main] WARN  impl.MetricsSystemImpl (MetricsSystemImpl.java:register(276)) - Sink prometheus already exists!
2019-09-18 17:09:14,274 [main] INFO  server.BaseHttpServer (BaseHttpServer.java:updateConnectorAddress(215)) - HTTP server of HDDSDATANODE is listening at http://0.0.0.0:36431
2019-09-18 17:09:14,274 [main] INFO  impl.MetricsSystemImpl (MetricsSystemImpl.java:init(158)) - HddsDatanode metrics system started (again)
2019-09-18 17:09:14,277 [org.apache.hadoop.util.JvmPauseMonitor$Monitor@5e1b2e06] INFO  util.JvmPauseMonitor (JvmPauseMonitor.java:run(188)) - Starting JVM pause monitor
2019-09-18 17:09:14,279 [main] INFO  ozone.HddsDatanodeService (HddsDatanodeService.java:start(184)) - HddsDatanodeService host:pr-hdds-2121-ltkqc-3926781246 ip:192.168.151.122
2019-09-18 17:09:14,280 [Datanode State Machine Thread - 0] INFO  datanode.InitDatanodeState (InitDatanodeState.java:persistContainerDatanodeDetails(140)) - DatanodeDetails is persisted to /workdir/hadoop-ozone/integration-test/target/test-dir/MiniOzoneClusterImpl-59decb4f-f8f2-4ce8-9745-e0acc777be20/datanode-2/meta/datanode.id
2019-09-18 17:09:14,288 [main] INFO  volume.HddsVolume (HddsVolume.java:<init>(176)) - Creating Volume: /workdir/hadoop-ozone/integration-test/target/test-dir/MiniOzoneClusterImpl-59decb4f-f8f2-4ce8-9745-e0acc777be20/datanode-3/data/containers/hdds of  storage type : DISK and capacity : 1482555576320
2019-09-18 17:09:14,288 [main] INFO  volume.VolumeSet (VolumeSet.java:initializeVolumeSet(170)) - Added Volume : /workdir/hadoop-ozone/integration-test/target/test-dir/MiniOzoneClusterImpl-59decb4f-f8f2-4ce8-9745-e0acc777be20/datanode-3/data/containers/hdds to VolumeSet
2019-09-18 17:09:14,289 [main] INFO  volume.ThrottledAsyncChecker (ThrottledAsyncChecker.java:schedule(139)) - Scheduling a check for org.apache.hadoop.ozone.container.common.volume.HddsVolume@588f63c
2019-09-18 17:09:14,290 [main] INFO  volume.HddsVolumeChecker (HddsVolumeChecker.java:checkAllVolumes(202)) - Scheduled health check for volume org.apache.hadoop.ozone.container.common.volume.HddsVolume@588f63c
2019-09-18 17:09:14,312 [main] INFO  impl.RaftServerProxy (ConfUtils.java:logGet(43)) - raft.rpc.type = GRPC (default)
2019-09-18 17:09:14,313 [main] INFO  grpc.GrpcFactory (GrpcFactory.java:checkPooledByteBufAllocatorUseCacheForAllThreads(45)) - PERFORMANCE WARNING: useCacheForAllThreads is true that may cause Netty to create a lot garbage objects and, as a result, trigger GC.
	It is recommended to disable useCacheForAllThreads by setting -Dorg.apache.ratis.thirdparty.io.netty.allocator.useCacheForAllThreads=false in command line.
2019-09-18 17:09:14,313 [main] INFO  grpc.GrpcConfigKeys$Server (ConfUtils.java:logGet(43)) - raft.grpc.server.port = 0 (default)
2019-09-18 17:09:14,313 [main] INFO  server.GrpcService (ConfUtils.java:logGet(43)) - raft.grpc.message.size.max = 33570816 (custom)
2019-09-18 17:09:14,314 [main] INFO  server.RaftServerConfigKeys (ConfUtils.java:logGet(43)) - raft.server.log.appender.buffer.byte-limit = 33554432 (custom)
2019-09-18 17:09:14,314 [main] INFO  server.GrpcService (ConfUtils.java:logGet(43)) - raft.grpc.flow.control.window = 1MB (=1048576) (default)
2019-09-18 17:09:14,315 [main] INFO  server.RaftServerConfigKeys (ConfUtils.java:logGet(43)) - raft.server.rpc.request.timeout = 3000ms (default)
2019-09-18 17:09:14,316 [main] INFO  server.RaftServerConfigKeys (ConfUtils.java:logGet(43)) - raft.server.storage.dir = [/workdir/hadoop-ozone/integration-test/target/test-dir/MiniOzoneClusterImpl-59decb4f-f8f2-4ce8-9745-e0acc777be20/datanode-3/data/ratis] (custom)
2019-09-18 17:09:14,318 [main] INFO  hdfs.DFSUtil (DFSUtil.java:httpServerTemplateForNNAndJN(1641)) - Starting Web-server for hddsDatanode at: http://0.0.0.0:0
2019-09-18 17:09:14,320 [main] INFO  server.AuthenticationFilter (AuthenticationFilter.java:constructSecretProvider(240)) - Unable to initialize FileSignerSecretProvider, falling back to use random secrets.
2019-09-18 17:09:14,321 [main] WARN  http.HttpRequestLog (HttpRequestLog.java:getRequestLog(97)) - Jetty request log can only be enabled using Log4j
2019-09-18 17:09:14,324 [main] INFO  http.HttpServer2 (HttpServer2.java:addGlobalFilter(975)) - Added global filter 'safety' (class=org.apache.hadoop.http.HttpServer2$QuotingInputFilter)
2019-09-18 17:09:14,325 [main] INFO  http.HttpServer2 (HttpServer2.java:addFilter(948)) - Added filter static_user_filter (class=org.apache.hadoop.http.lib.StaticUserWebFilter$StaticUserFilter) to context hddsDatanode
2019-09-18 17:09:14,325 [main] INFO  http.HttpServer2 (HttpServer2.java:addFilter(958)) - Added filter static_user_filter (class=org.apache.hadoop.http.lib.StaticUserWebFilter$StaticUserFilter) to context logs
2019-09-18 17:09:14,325 [main] INFO  http.HttpServer2 (HttpServer2.java:addFilter(958)) - Added filter static_user_filter (class=org.apache.hadoop.http.lib.StaticUserWebFilter$StaticUserFilter) to context static
2019-09-18 17:09:14,326 [main] INFO  http.HttpServer2 (HttpServer2.java:bindListener(1191)) - Jetty bound to port 43729
2019-09-18 17:09:14,326 [main] INFO  server.Server (Server.java:doStart(351)) - jetty-9.3.24.v20180605, build timestamp: 2018-06-05T17:11:56Z, git hash: 84205aa28f11a4f31f2a3b86d1bba2cc8ab69827
2019-09-18 17:09:14,330 [main] INFO  handler.ContextHandler (ContextHandler.java:doStart(781)) - Started o.e.j.s.ServletContextHandler@3dfa819{/logs,file:///workdir/hadoop-ozone/integration-test/target/log,AVAILABLE}
2019-09-18 17:09:14,331 [main] INFO  handler.ContextHandler (ContextHandler.java:doStart(781)) - Started o.e.j.s.ServletContextHandler@68ab0936{/static,jar:file:/home/user/.m2/repository/org/apache/hadoop/hadoop-hdds-container-service/0.5.0-SNAPSHOT/hadoop-hdds-container-service-0.5.0-SNAPSHOT.jar!/webapps/static,AVAILABLE}
2019-09-18 17:09:14,363 [main] INFO  handler.ContextHandler (ContextHandler.java:doStart(781)) - Started o.e.j.w.WebAppContext@69fe0ed4{/,file:///tmp/jetty-0.0.0.0-43729-hddsDatanode-_-any-3360511918123594121.dir/webapp/,AVAILABLE}{/hddsDatanode}
2019-09-18 17:09:14,365 [main] INFO  server.AbstractConnector (AbstractConnector.java:doStart(278)) - Started ServerConnector@20ab3e3a{HTTP/1.1,[http/1.1]}{0.0.0.0:43729}
2019-09-18 17:09:14,365 [main] INFO  server.Server (Server.java:doStart(419)) - Started @5639ms
2019-09-18 17:09:14,366 [main] WARN  impl.MetricsSystemImpl (MetricsSystemImpl.java:register(276)) - Sink prometheus already exists!
2019-09-18 17:09:14,367 [main] INFO  server.BaseHttpServer (BaseHttpServer.java:updateConnectorAddress(215)) - HTTP server of HDDSDATANODE is listening at http://0.0.0.0:43729
2019-09-18 17:09:14,369 [main] INFO  ozone.MiniOzoneClusterImpl (MiniOzoneClusterImpl.java:lambda$waitForClusterToBeReady$0(145)) - Waiting for cluster to be ready. Got 0 of 4 DN Heartbeats.
2019-09-18 17:09:14,369 [org.apache.hadoop.util.JvmPauseMonitor$Monitor@770f4907] INFO  util.JvmPauseMonitor (JvmPauseMonitor.java:run(188)) - Starting JVM pause monitor
2019-09-18 17:09:14,373 [Datanode State Machine Thread - 0] INFO  datanode.InitDatanodeState (InitDatanodeState.java:persistContainerDatanodeDetails(140)) - DatanodeDetails is persisted to /workdir/hadoop-ozone/integration-test/target/test-dir/MiniOzoneClusterImpl-59decb4f-f8f2-4ce8-9745-e0acc777be20/datanode-3/meta/datanode.id
2019-09-18 17:09:15,369 [main] INFO  ozone.MiniOzoneClusterImpl (MiniOzoneClusterImpl.java:lambda$waitForClusterToBeReady$0(145)) - Waiting for cluster to be ready. Got 0 of 4 DN Heartbeats.
2019-09-18 17:09:16,193 [Datanode State Machine Thread - 0] INFO  ozoneimpl.OzoneContainer (OzoneContainer.java:start(217)) - Attempting to start container services.
2019-09-18 17:09:16,196 [Datanode State Machine Thread - 0] INFO  ozoneimpl.OzoneContainer (OzoneContainer.java:startContainerScrub(179)) - Background container scanner has been disabled.
2019-09-18 17:09:16,196 [Datanode State Machine Thread - 0] INFO  ratis.XceiverServerRatis (XceiverServerRatis.java:start(411)) - Starting XceiverServerRatis a7d7468a-bff9-481c-a656-b0fb8908c0fe at port 0
2019-09-18 17:09:16,210 [Datanode State Machine Thread - 0] INFO  ozoneimpl.OzoneContainer (OzoneContainer.java:start(217)) - Attempting to start container services.
2019-09-18 17:09:16,215 [Datanode State Machine Thread - 0] INFO  ozoneimpl.OzoneContainer (OzoneContainer.java:startContainerScrub(179)) - Background container scanner has been disabled.
2019-09-18 17:09:16,215 [Datanode State Machine Thread - 0] INFO  ratis.XceiverServerRatis (XceiverServerRatis.java:start(411)) - Starting XceiverServerRatis bb2e2fdc-5e2a-4e7b-bf34-b91a4ef6e57f at port 0
2019-09-18 17:09:16,231 [Datanode State Machine Thread - 0] INFO  impl.RaftServerProxy (RaftServerProxy.java:lambda$start$3(299)) - bb2e2fdc-5e2a-4e7b-bf34-b91a4ef6e57f: start RPC server
2019-09-18 17:09:16,231 [Datanode State Machine Thread - 0] INFO  impl.RaftServerProxy (RaftServerProxy.java:lambda$start$3(299)) - a7d7468a-bff9-481c-a656-b0fb8908c0fe: start RPC server
2019-09-18 17:09:16,292 [Datanode State Machine Thread - 0] INFO  ozoneimpl.OzoneContainer (OzoneContainer.java:start(217)) - Attempting to start container services.
2019-09-18 17:09:16,294 [Datanode State Machine Thread - 0] INFO  ozoneimpl.OzoneContainer (OzoneContainer.java:startContainerScrub(179)) - Background container scanner has been disabled.
2019-09-18 17:09:16,294 [Datanode State Machine Thread - 0] INFO  ratis.XceiverServerRatis (XceiverServerRatis.java:start(411)) - Starting XceiverServerRatis e8cef482-1b4f-4b0c-a396-2936b3598954 at port 0
2019-09-18 17:09:16,301 [Datanode State Machine Thread - 0] INFO  impl.RaftServerProxy (RaftServerProxy.java:lambda$start$3(299)) - e8cef482-1b4f-4b0c-a396-2936b3598954: start RPC server
2019-09-18 17:09:16,363 [Datanode State Machine Thread - 0] INFO  server.GrpcService (GrpcService.java:startImpl(158)) - a7d7468a-bff9-481c-a656-b0fb8908c0fe: GrpcService started, listening on 0.0.0.0/0.0.0.0:43606
2019-09-18 17:09:16,363 [Datanode State Machine Thread - 0] INFO  server.GrpcService (GrpcService.java:startImpl(158)) - bb2e2fdc-5e2a-4e7b-bf34-b91a4ef6e57f: GrpcService started, listening on 0.0.0.0/0.0.0.0:37055
2019-09-18 17:09:16,363 [Datanode State Machine Thread - 0] INFO  server.GrpcService (GrpcService.java:startImpl(158)) - e8cef482-1b4f-4b0c-a396-2936b3598954: GrpcService started, listening on 0.0.0.0/0.0.0.0:34824
2019-09-18 17:09:16,364 [Datanode State Machine Thread - 0] INFO  ratis.XceiverServerRatis (XceiverServerRatis.java:start(421)) - XceiverServerRatis bb2e2fdc-5e2a-4e7b-bf34-b91a4ef6e57f is started using port 37055
2019-09-18 17:09:16,364 [Datanode State Machine Thread - 0] INFO  ratis.XceiverServerRatis (XceiverServerRatis.java:start(421)) - XceiverServerRatis a7d7468a-bff9-481c-a656-b0fb8908c0fe is started using port 43606
2019-09-18 17:09:16,364 [Datanode State Machine Thread - 0] INFO  ratis.XceiverServerRatis (XceiverServerRatis.java:start(421)) - XceiverServerRatis e8cef482-1b4f-4b0c-a396-2936b3598954 is started using port 34824
2019-09-18 17:09:16,370 [Datanode State Machine Thread - 0] INFO  server.XceiverServerGrpc (XceiverServerGrpc.java:start(163)) - XceiverServerGrpc e8cef482-1b4f-4b0c-a396-2936b3598954 is started using port 41372
2019-09-18 17:09:16,370 [Datanode State Machine Thread - 0] INFO  server.XceiverServerGrpc (XceiverServerGrpc.java:start(163)) - XceiverServerGrpc a7d7468a-bff9-481c-a656-b0fb8908c0fe is started using port 46875
2019-09-18 17:09:16,370 [main] INFO  ozone.MiniOzoneClusterImpl (MiniOzoneClusterImpl.java:lambda$waitForClusterToBeReady$0(145)) - Waiting for cluster to be ready. Got 0 of 4 DN Heartbeats.
2019-09-18 17:09:16,370 [Datanode State Machine Thread - 0] INFO  server.XceiverServerGrpc (XceiverServerGrpc.java:start(163)) - XceiverServerGrpc bb2e2fdc-5e2a-4e7b-bf34-b91a4ef6e57f is started using port 36922
2019-09-18 17:09:16,386 [Datanode State Machine Thread - 0] INFO  ozoneimpl.OzoneContainer (OzoneContainer.java:start(217)) - Attempting to start container services.
2019-09-18 17:09:16,387 [Datanode State Machine Thread - 0] INFO  ozoneimpl.OzoneContainer (OzoneContainer.java:startContainerScrub(179)) - Background container scanner has been disabled.
2019-09-18 17:09:16,387 [Datanode State Machine Thread - 0] INFO  ratis.XceiverServerRatis (XceiverServerRatis.java:start(411)) - Starting XceiverServerRatis 32ecdba1-92e8-4c43-a304-4cdea8f8e510 at port 0
2019-09-18 17:09:16,393 [Datanode State Machine Thread - 0] INFO  impl.RaftServerProxy (RaftServerProxy.java:lambda$start$3(299)) - 32ecdba1-92e8-4c43-a304-4cdea8f8e510: start RPC server
2019-09-18 17:09:16,395 [Datanode State Machine Thread - 0] INFO  server.GrpcService (GrpcService.java:startImpl(158)) - 32ecdba1-92e8-4c43-a304-4cdea8f8e510: GrpcService started, listening on 0.0.0.0/0.0.0.0:35272
2019-09-18 17:09:16,395 [Datanode State Machine Thread - 0] INFO  ratis.XceiverServerRatis (XceiverServerRatis.java:start(421)) - XceiverServerRatis 32ecdba1-92e8-4c43-a304-4cdea8f8e510 is started using port 35272
2019-09-18 17:09:16,397 [Datanode State Machine Thread - 0] INFO  server.XceiverServerGrpc (XceiverServerGrpc.java:start(163)) - XceiverServerGrpc 32ecdba1-92e8-4c43-a304-4cdea8f8e510 is started using port 39261
2019-09-18 17:09:17,371 [main] INFO  ozone.MiniOzoneClusterImpl (MiniOzoneClusterImpl.java:lambda$waitForClusterToBeReady$0(145)) - Waiting for cluster to be ready. Got 0 of 4 DN Heartbeats.
2019-09-18 17:09:18,160 [IPC Server handler 14 on 40728] INFO  net.NetworkTopology (NetworkTopologyImpl.java:add(111)) - Added a new node: /default-rack/a7d7468a-bff9-481c-a656-b0fb8908c0fe
2019-09-18 17:09:18,160 [IPC Server handler 14 on 40728] INFO  node.SCMNodeManager (SCMNodeManager.java:register(266)) - Registered Data node : a7d7468a-bff9-481c-a656-b0fb8908c0fe{ip: 192.168.151.122, host: pr-hdds-2121-ltkqc-3926781246, networkLocation: /default-rack, certSerialId: null}
2019-09-18 17:09:18,166 [EventQueue-NodeRegistrationContainerReportForDataNodeSafeModeRule] INFO  safemode.SCMSafeModeManager (DataNodeSafeModeRule.java:process(71)) - SCM in safe mode. 1 DataNodes registered, 1 required.
2019-09-18 17:09:18,166 [EventQueue-NodeRegistrationContainerReportForDataNodeSafeModeRule] INFO  safemode.SCMSafeModeManager (SCMSafeModeManager.java:validateSafeModeExitRules(177)) - ScmSafeModeManager, all rules are successfully validated
2019-09-18 17:09:18,166 [EventQueue-NodeRegistrationContainerReportForDataNodeSafeModeRule] INFO  safemode.SCMSafeModeManager (SCMSafeModeManager.java:exitSafeMode(193)) - SCM exiting safe mode.
2019-09-18 17:09:18,197 [IPC Server handler 19 on 40728] INFO  net.NetworkTopology (NetworkTopologyImpl.java:add(111)) - Added a new node: /default-rack/bb2e2fdc-5e2a-4e7b-bf34-b91a4ef6e57f
2019-09-18 17:09:18,197 [IPC Server handler 19 on 40728] INFO  node.SCMNodeManager (SCMNodeManager.java:register(266)) - Registered Data node : bb2e2fdc-5e2a-4e7b-bf34-b91a4ef6e57f{ip: 192.168.151.122, host: pr-hdds-2121-ltkqc-3926781246, networkLocation: /default-rack, certSerialId: null}
2019-09-18 17:09:18,280 [IPC Server handler 16 on 40728] INFO  net.NetworkTopology (NetworkTopologyImpl.java:add(111)) - Added a new node: /default-rack/e8cef482-1b4f-4b0c-a396-2936b3598954
2019-09-18 17:09:18,281 [IPC Server handler 16 on 40728] INFO  node.SCMNodeManager (SCMNodeManager.java:register(266)) - Registered Data node : e8cef482-1b4f-4b0c-a396-2936b3598954{ip: 192.168.151.122, host: pr-hdds-2121-ltkqc-3926781246, networkLocation: /default-rack, certSerialId: null}
2019-09-18 17:09:18,373 [main] INFO  ozone.MiniOzoneClusterImpl (MiniOzoneClusterImpl.java:lambda$waitForClusterToBeReady$0(145)) - Waiting for cluster to be ready. Got 3 of 4 DN Heartbeats.
2019-09-18 17:09:18,374 [IPC Server handler 18 on 40728] INFO  net.NetworkTopology (NetworkTopologyImpl.java:add(111)) - Added a new node: /default-rack/32ecdba1-92e8-4c43-a304-4cdea8f8e510
2019-09-18 17:09:18,374 [IPC Server handler 18 on 40728] INFO  node.SCMNodeManager (SCMNodeManager.java:register(266)) - Registered Data node : 32ecdba1-92e8-4c43-a304-4cdea8f8e510{ip: 192.168.151.122, host: pr-hdds-2121-ltkqc-3926781246, networkLocation: /default-rack, certSerialId: null}
2019-09-18 17:09:18,645 [grpc-default-executor-0] INFO  impl.RaftServerProxy (RaftServerProxy.java:addNew(89)) - a7d7468a-bff9-481c-a656-b0fb8908c0fe: addNew group-B8B687853419:[a7d7468a-bff9-481c-a656-b0fb8908c0fe:192.168.151.122:43606] returns group-B8B687853419:java.util.concurrent.CompletableFuture@1152cc2b[Not completed]
2019-09-18 17:09:18,661 [pool-27-thread-1] INFO  impl.RaftServerImpl (RaftServerImpl.java:<init>(95)) - a7d7468a-bff9-481c-a656-b0fb8908c0fe: new RaftServerImpl for group-B8B687853419:[a7d7468a-bff9-481c-a656-b0fb8908c0fe:192.168.151.122:43606] with ContainerStateMachine:uninitialized
2019-09-18 17:09:18,663 [pool-27-thread-1] INFO  server.RaftServerConfigKeys (ConfUtils.java:logGet(43)) - raft.server.rpc.timeout.min = 5s (custom)
2019-09-18 17:09:18,664 [pool-27-thread-1] INFO  server.RaftServerConfigKeys (ConfUtils.java:logGet(43)) - raft.server.rpc.timeout.max = 5200ms (custom)
2019-09-18 17:09:18,664 [pool-27-thread-1] INFO  server.RaftServerConfigKeys (ConfUtils.java:logGet(43)) - raft.server.rpcslowness.timeout = 1000s (custom)
2019-09-18 17:09:18,665 [pool-27-thread-1] INFO  server.RaftServerConfigKeys (ConfUtils.java:logGet(43)) - raft.server.sleep.deviation.threshold = 300 (default)
2019-09-18 17:09:18,666 [pool-27-thread-1] INFO  server.RaftServerConfigKeys (ConfUtils.java:logGet(43)) - raft.server.log.appender.install.snapshot.enabled = false (custom)
2019-09-18 17:09:18,672 [pool-27-thread-1] INFO  impl.RaftServerImpl (ServerState.java:<init>(103)) - a7d7468a-bff9-481c-a656-b0fb8908c0fe@group-B8B687853419: ConfigurationManager, init=-1: [a7d7468a-bff9-481c-a656-b0fb8908c0fe:192.168.151.122:43606], old=null, confs=<EMPTY_MAP>
2019-09-18 17:09:18,673 [pool-27-thread-1] INFO  server.RaftServerConfigKeys (ConfUtils.java:logGet(43)) - raft.server.storage.dir = [/workdir/hadoop-ozone/integration-test/target/test-dir/MiniOzoneClusterImpl-59decb4f-f8f2-4ce8-9745-e0acc777be20/datanode-0/data/ratis] (custom)
2019-09-18 17:09:18,679 [pool-27-thread-1] INFO  storage.RaftStorageDirectory (RaftStorageDirectory.java:analyzeStorage(246)) - The storage directory /workdir/hadoop-ozone/integration-test/target/test-dir/MiniOzoneClusterImpl-59decb4f-f8f2-4ce8-9745-e0acc777be20/datanode-0/data/ratis/360fc3e1-0eda-4144-8ab8-b8b687853419 does not exist. Creating ...
2019-09-18 17:09:18,730 [pool-27-thread-1] INFO  storage.RaftStorageDirectory (RaftStorageDirectory.java:tryLock(328)) - Lock on /workdir/hadoop-ozone/integration-test/target/test-dir/MiniOzoneClusterImpl-59decb4f-f8f2-4ce8-9745-e0acc777be20/datanode-0/data/ratis/360fc3e1-0eda-4144-8ab8-b8b687853419/in_use.lock acquired by nodename 4947@pr-hdds-2121-ltkqc-3926781246
2019-09-18 17:09:18,776 [pool-27-thread-1] INFO  storage.RaftStorage (RaftStorage.java:format(72)) - Storage directory /workdir/hadoop-ozone/integration-test/target/test-dir/MiniOzoneClusterImpl-59decb4f-f8f2-4ce8-9745-e0acc777be20/datanode-0/data/ratis/360fc3e1-0eda-4144-8ab8-b8b687853419 has been successfully formatted.
2019-09-18 17:09:18,780 [pool-27-thread-1] INFO  ratis.ContainerStateMachine (ContainerStateMachine.java:loadSnapshot(230)) - group-B8B687853419: The snapshot info is null. Setting the last applied indexto:(t:0, i:~)
2019-09-18 17:09:18,780 [pool-27-thread-1] INFO  server.RaftServerConfigKeys (ConfUtils.java:logGet(43)) - raft.server.notification.no-leader.timeout = 1000s (custom)
2019-09-18 17:09:18,783 [pool-27-thread-1] INFO  server.RaftServerConfigKeys (ConfUtils.java:logGet(43)) - raft.server.log.use.memory = false (default)
2019-09-18 17:09:18,791 [pool-27-thread-1] INFO  server.RaftServerConfigKeys (ConfUtils.java:logGet(43)) - raft.server.log.purge.gap = 1000000 (custom)
2019-09-18 17:09:18,792 [pool-27-thread-1] INFO  server.RaftServerConfigKeys (ConfUtils.java:logGet(43)) - raft.server.log.appender.buffer.byte-limit = 33554432 (custom)
2019-09-18 17:09:18,794 [pool-27-thread-1] INFO  server.RaftServerConfigKeys (ConfUtils.java:logGet(43)) - raft.server.log.segment.size.max = 1048576 (custom)
2019-09-18 17:09:18,801 [pool-27-thread-1] INFO  server.RaftServerConfigKeys (ConfUtils.java:logGet(43)) - raft.server.log.segment.cache.num.max = 2 (custom)
2019-09-18 17:09:18,808 [pool-27-thread-1] INFO  segmented.SegmentedRaftLogWorker (SegmentedRaftLogWorker.java:<init>(172)) - new a7d7468a-bff9-481c-a656-b0fb8908c0fe@group-B8B687853419-SegmentedRaftLogWorker for RaftStorage:Storage Directory /workdir/hadoop-ozone/integration-test/target/test-dir/MiniOzoneClusterImpl-59decb4f-f8f2-4ce8-9745-e0acc777be20/datanode-0/data/ratis/360fc3e1-0eda-4144-8ab8-b8b687853419
2019-09-18 17:09:18,809 [pool-27-thread-1] INFO  impl.MetricsSystemImpl (MetricsSystemImpl.java:init(158)) - ratis metrics system started (again)
2019-09-18 17:09:18,849 [pool-27-thread-1] INFO  server.RaftServerConfigKeys (ConfUtils.java:logGet(43)) - raft.server.log.queue.byte-limit = 2147483647 (custom)
2019-09-18 17:09:18,849 [pool-27-thread-1] INFO  server.RaftServerConfigKeys (ConfUtils.java:logGet(43)) - raft.server.log.queue.element-limit = 1024 (custom)
2019-09-18 17:09:18,853 [pool-27-thread-1] INFO  server.RaftServerConfigKeys (ConfUtils.java:logGet(43)) - raft.server.log.segment.size.max = 1048576 (custom)
2019-09-18 17:09:18,853 [pool-27-thread-1] INFO  server.RaftServerConfigKeys (ConfUtils.java:logGet(43)) - raft.server.log.preallocated.size = 16384 (custom)
2019-09-18 17:09:18,854 [pool-27-thread-1] INFO  server.RaftServerConfigKeys (ConfUtils.java:logGet(43)) - raft.server.log.write.buffer.size = 33554432 (custom)
2019-09-18 17:09:18,854 [pool-27-thread-1] INFO  server.RaftServerConfigKeys (ConfUtils.java:logGet(43)) - raft.server.log.force.sync.num = 128 (default)
2019-09-18 17:09:18,855 [pool-27-thread-1] INFO  server.RaftServerConfigKeys (ConfUtils.java:logGet(43)) - raft.server.log.statemachine.data.sync = true (default)
2019-09-18 17:09:18,856 [pool-27-thread-1] INFO  server.RaftServerConfigKeys (ConfUtils.java:logGet(43)) - raft.server.log.statemachine.data.sync.timeout = 10s (default)
2019-09-18 17:09:18,856 [pool-27-thread-1] INFO  server.RaftServerConfigKeys (ConfUtils.java:logGet(43)) - raft.server.log.statemachine.data.sync.timeout.retry = -1 (default)
2019-09-18 17:09:18,865 [pool-27-thread-1] INFO  server.RaftServerConfigKeys (ConfUtils.java:logGet(43)) - raft.server.log.statemachine.data.caching.enabled = true (custom)
2019-09-18 17:09:18,870 [pool-27-thread-1] INFO  segmented.SegmentedRaftLogWorker (SegmentedRaftLogWorker.java:lambda$new$0(132)) - a7d7468a-bff9-481c-a656-b0fb8908c0fe@group-B8B687853419-SegmentedRaftLogWorker: flushIndex: setUnconditionally 0 -> -1
2019-09-18 17:09:18,874 [pool-27-thread-1] INFO  server.RaftServerConfigKeys (ConfUtils.java:logGet(43)) - raft.server.snapshot.auto.trigger.enabled = true (custom)
2019-09-18 17:09:18,875 [pool-27-thread-1] INFO  server.RaftServerConfigKeys (ConfUtils.java:logGet(43)) - raft.server.snapshot.auto.trigger.threshold = 10000 (custom)
2019-09-18 17:09:18,876 [pool-27-thread-1] INFO  server.RaftServerConfigKeys (ConfUtils.java:logGet(43)) - raft.server.snapshot.retention.num.files = 5 (custom)
2019-09-18 17:09:18,876 [pool-27-thread-1] INFO  server.RaftServerConfigKeys (ConfUtils.java:logGet(43)) - raft.server.retrycache.expirytime = 600000ms (custom)
2019-09-18 17:09:18,903 [pool-27-thread-1] INFO  impl.RaftServerImpl (RaftServerImpl.java:start(185)) - a7d7468a-bff9-481c-a656-b0fb8908c0fe@group-B8B687853419: start as a follower, conf=-1: [a7d7468a-bff9-481c-a656-b0fb8908c0fe:192.168.151.122:43606], old=null
2019-09-18 17:09:18,904 [pool-27-thread-1] INFO  impl.RaftServerImpl (RaftServerImpl.java:setRole(174)) - a7d7468a-bff9-481c-a656-b0fb8908c0fe@group-B8B687853419: changes role from      null to FOLLOWER at term 0 for startAsFollower
2019-09-18 17:09:18,905 [pool-27-thread-1] INFO  impl.RoleInfo (RoleInfo.java:updateAndGet(143)) - a7d7468a-bff9-481c-a656-b0fb8908c0fe: start FollowerState
2019-09-18 17:09:18,907 [pool-27-thread-1] INFO  util.JmxRegister (JmxRegister.java:tryRegister(44)) - Successfully registered JMX Bean with object name Ratis:service=RaftServer,group=group-B8B687853419,id=a7d7468a-bff9-481c-a656-b0fb8908c0fe
2019-09-18 17:09:18,967 [RatisPipelineUtilsThread] INFO  pipeline.PipelineStateManager (PipelineStateManager.java:addPipeline(56)) - Created pipeline Pipeline[ Id: 360fc3e1-0eda-4144-8ab8-b8b687853419, Nodes: a7d7468a-bff9-481c-a656-b0fb8908c0fe{ip: 192.168.151.122, host: pr-hdds-2121-ltkqc-3926781246, networkLocation: /default-rack, certSerialId: null}, Type:RATIS, Factor:ONE, State:OPEN]
2019-09-18 17:09:18,985 [grpc-default-executor-0] INFO  impl.RaftServerProxy (RaftServerProxy.java:addNew(89)) - e8cef482-1b4f-4b0c-a396-2936b3598954: addNew group-53FEB05D837A:[e8cef482-1b4f-4b0c-a396-2936b3598954:192.168.151.122:34824] returns group-53FEB05D837A:java.util.concurrent.CompletableFuture@7bd30f75[Not completed]
2019-09-18 17:09:19,012 [pool-47-thread-1] INFO  impl.RaftServerImpl (RaftServerImpl.java:<init>(95)) - e8cef482-1b4f-4b0c-a396-2936b3598954: new RaftServerImpl for group-53FEB05D837A:[e8cef482-1b4f-4b0c-a396-2936b3598954:192.168.151.122:34824] with ContainerStateMachine:uninitialized
2019-09-18 17:09:19,014 [pool-47-thread-1] INFO  server.RaftServerConfigKeys (ConfUtils.java:logGet(43)) - raft.server.rpc.timeout.min = 5s (custom)
2019-09-18 17:09:19,014 [pool-47-thread-1] INFO  server.RaftServerConfigKeys (ConfUtils.java:logGet(43)) - raft.server.rpc.timeout.max = 5200ms (custom)
2019-09-18 17:09:19,014 [pool-47-thread-1] INFO  server.RaftServerConfigKeys (ConfUtils.java:logGet(43)) - raft.server.rpcslowness.timeout = 1000s (custom)
2019-09-18 17:09:19,014 [pool-47-thread-1] INFO  server.RaftServerConfigKeys (ConfUtils.java:logGet(43)) - raft.server.sleep.deviation.threshold = 300 (default)
2019-09-18 17:09:19,014 [pool-47-thread-1] INFO  server.RaftServerConfigKeys (ConfUtils.java:logGet(43)) - raft.server.log.appender.install.snapshot.enabled = false (custom)
2019-09-18 17:09:19,015 [pool-47-thread-1] INFO  impl.RaftServerImpl (ServerState.java:<init>(103)) - e8cef482-1b4f-4b0c-a396-2936b3598954@group-53FEB05D837A: ConfigurationManager, init=-1: [e8cef482-1b4f-4b0c-a396-2936b3598954:192.168.151.122:34824], old=null, confs=<EMPTY_MAP>
2019-09-18 17:09:19,015 [pool-47-thread-1] INFO  server.RaftServerConfigKeys (ConfUtils.java:logGet(43)) - raft.server.storage.dir = [/workdir/hadoop-ozone/integration-test/target/test-dir/MiniOzoneClusterImpl-59decb4f-f8f2-4ce8-9745-e0acc777be20/datanode-2/data/ratis] (custom)
2019-09-18 17:09:19,015 [pool-47-thread-1] INFO  storage.RaftStorageDirectory (RaftStorageDirectory.java:analyzeStorage(246)) - The storage directory /workdir/hadoop-ozone/integration-test/target/test-dir/MiniOzoneClusterImpl-59decb4f-f8f2-4ce8-9745-e0acc777be20/datanode-2/data/ratis/95e424a3-d52a-42bb-8b73-53feb05d837a does not exist. Creating ...
2019-09-18 17:09:19,025 [pool-47-thread-1] INFO  storage.RaftStorageDirectory (RaftStorageDirectory.java:tryLock(328)) - Lock on /workdir/hadoop-ozone/integration-test/target/test-dir/MiniOzoneClusterImpl-59decb4f-f8f2-4ce8-9745-e0acc777be20/datanode-2/data/ratis/95e424a3-d52a-42bb-8b73-53feb05d837a/in_use.lock acquired by nodename 4947@pr-hdds-2121-ltkqc-3926781246
2019-09-18 17:09:19,039 [pool-47-thread-1] INFO  storage.RaftStorage (RaftStorage.java:format(72)) - Storage directory /workdir/hadoop-ozone/integration-test/target/test-dir/MiniOzoneClusterImpl-59decb4f-f8f2-4ce8-9745-e0acc777be20/datanode-2/data/ratis/95e424a3-d52a-42bb-8b73-53feb05d837a has been successfully formatted.
2019-09-18 17:09:19,041 [pool-47-thread-1] INFO  ratis.ContainerStateMachine (ContainerStateMachine.java:loadSnapshot(230)) - group-53FEB05D837A: The snapshot info is null. Setting the last applied indexto:(t:0, i:~)
2019-09-18 17:09:19,042 [pool-47-thread-1] INFO  server.RaftServerConfigKeys (ConfUtils.java:logGet(43)) - raft.server.notification.no-leader.timeout = 1000s (custom)
2019-09-18 17:09:19,042 [pool-47-thread-1] INFO  server.RaftServerConfigKeys (ConfUtils.java:logGet(43)) - raft.server.log.use.memory = false (default)
2019-09-18 17:09:19,042 [pool-47-thread-1] INFO  server.RaftServerConfigKeys (ConfUtils.java:logGet(43)) - raft.server.log.purge.gap = 1000000 (custom)
2019-09-18 17:09:19,042 [pool-47-thread-1] INFO  server.RaftServerConfigKeys (ConfUtils.java:logGet(43)) - raft.server.log.appender.buffer.byte-limit = 33554432 (custom)
2019-09-18 17:09:19,042 [pool-47-thread-1] INFO  server.RaftServerConfigKeys (ConfUtils.java:logGet(43)) - raft.server.log.segment.size.max = 1048576 (custom)
2019-09-18 17:09:19,043 [pool-47-thread-1] INFO  server.RaftServerConfigKeys (ConfUtils.java:logGet(43)) - raft.server.log.segment.cache.num.max = 2 (custom)
2019-09-18 17:09:19,043 [pool-47-thread-1] INFO  segmented.SegmentedRaftLogWorker (SegmentedRaftLogWorker.java:<init>(172)) - new e8cef482-1b4f-4b0c-a396-2936b3598954@group-53FEB05D837A-SegmentedRaftLogWorker for RaftStorage:Storage Directory /workdir/hadoop-ozone/integration-test/target/test-dir/MiniOzoneClusterImpl-59decb4f-f8f2-4ce8-9745-e0acc777be20/datanode-2/data/ratis/95e424a3-d52a-42bb-8b73-53feb05d837a
2019-09-18 17:09:19,048 [pool-47-thread-1] INFO  server.RaftServerConfigKeys (ConfUtils.java:logGet(43)) - raft.server.log.queue.byte-limit = 2147483647 (custom)
2019-09-18 17:09:19,048 [pool-47-thread-1] INFO  server.RaftServerConfigKeys (ConfUtils.java:logGet(43)) - raft.server.log.queue.element-limit = 1024 (custom)
2019-09-18 17:09:19,048 [pool-47-thread-1] INFO  server.RaftServerConfigKeys (ConfUtils.java:logGet(43)) - raft.server.log.segment.size.max = 1048576 (custom)
2019-09-18 17:09:19,048 [pool-47-thread-1] INFO  server.RaftServerConfigKeys (ConfUtils.java:logGet(43)) - raft.server.log.preallocated.size = 16384 (custom)
2019-09-18 17:09:19,048 [pool-47-thread-1] INFO  server.RaftServerConfigKeys (ConfUtils.java:logGet(43)) - raft.server.log.write.buffer.size = 33554432 (custom)
2019-09-18 17:09:19,048 [pool-47-thread-1] INFO  server.RaftServerConfigKeys (ConfUtils.java:logGet(43)) - raft.server.log.force.sync.num = 128 (default)
2019-09-18 17:09:19,048 [pool-47-thread-1] INFO  server.RaftServerConfigKeys (ConfUtils.java:logGet(43)) - raft.server.log.statemachine.data.sync = true (default)
2019-09-18 17:09:19,049 [pool-47-thread-1] INFO  server.RaftServerConfigKeys (ConfUtils.java:logGet(43)) - raft.server.log.statemachine.data.sync.timeout = 10s (default)
2019-09-18 17:09:19,049 [pool-47-thread-1] INFO  server.RaftServerConfigKeys (ConfUtils.java:logGet(43)) - raft.server.log.statemachine.data.sync.timeout.retry = -1 (default)
2019-09-18 17:09:19,049 [pool-47-thread-1] INFO  server.RaftServerConfigKeys (ConfUtils.java:logGet(43)) - raft.server.log.statemachine.data.caching.enabled = true (custom)
2019-09-18 17:09:19,049 [pool-47-thread-1] INFO  segmented.SegmentedRaftLogWorker (SegmentedRaftLogWorker.java:lambda$new$0(132)) - e8cef482-1b4f-4b0c-a396-2936b3598954@group-53FEB05D837A-SegmentedRaftLogWorker: flushIndex: setUnconditionally 0 -> -1
2019-09-18 17:09:19,050 [pool-47-thread-1] INFO  server.RaftServerConfigKeys (ConfUtils.java:logGet(43)) - raft.server.snapshot.auto.trigger.enabled = true (custom)
2019-09-18 17:09:19,050 [pool-47-thread-1] INFO  server.RaftServerConfigKeys (ConfUtils.java:logGet(43)) - raft.server.snapshot.auto.trigger.threshold = 10000 (custom)
2019-09-18 17:09:19,050 [pool-47-thread-1] INFO  server.RaftServerConfigKeys (ConfUtils.java:logGet(43)) - raft.server.snapshot.retention.num.files = 5 (custom)
2019-09-18 17:09:19,050 [pool-47-thread-1] INFO  server.RaftServerConfigKeys (ConfUtils.java:logGet(43)) - raft.server.retrycache.expirytime = 600000ms (custom)
2019-09-18 17:09:19,054 [pool-47-thread-1] INFO  impl.RaftServerImpl (RaftServerImpl.java:start(185)) - e8cef482-1b4f-4b0c-a396-2936b3598954@group-53FEB05D837A: start as a follower, conf=-1: [e8cef482-1b4f-4b0c-a396-2936b3598954:192.168.151.122:34824], old=null
2019-09-18 17:09:19,054 [pool-47-thread-1] INFO  impl.RaftServerImpl (RaftServerImpl.java:setRole(174)) - e8cef482-1b4f-4b0c-a396-2936b3598954@group-53FEB05D837A: changes role from      null to FOLLOWER at term 0 for startAsFollower
2019-09-18 17:09:19,054 [pool-47-thread-1] INFO  impl.RoleInfo (RoleInfo.java:updateAndGet(143)) - e8cef482-1b4f-4b0c-a396-2936b3598954: start FollowerState
2019-09-18 17:09:19,056 [pool-47-thread-1] INFO  util.JmxRegister (JmxRegister.java:tryRegister(44)) - Successfully registered JMX Bean with object name Ratis:service=RaftServer,group=group-53FEB05D837A,id=e8cef482-1b4f-4b0c-a396-2936b3598954
2019-09-18 17:09:19,067 [RatisPipelineUtilsThread] INFO  pipeline.PipelineStateManager (PipelineStateManager.java:addPipeline(56)) - Created pipeline Pipeline[ Id: 95e424a3-d52a-42bb-8b73-53feb05d837a, Nodes: e8cef482-1b4f-4b0c-a396-2936b3598954{ip: 192.168.151.122, host: pr-hdds-2121-ltkqc-3926781246, networkLocation: /default-rack, certSerialId: null}, Type:RATIS, Factor:ONE, State:OPEN]
2019-09-18 17:09:19,083 [grpc-default-executor-0] INFO  impl.RaftServerProxy (RaftServerProxy.java:addNew(89)) - bb2e2fdc-5e2a-4e7b-bf34-b91a4ef6e57f: addNew group-F1F51D76FB95:[bb2e2fdc-5e2a-4e7b-bf34-b91a4ef6e57f:192.168.151.122:37055] returns group-F1F51D76FB95:java.util.concurrent.CompletableFuture@2e25c8f6[Not completed]
2019-09-18 17:09:19,097 [pool-37-thread-1] INFO  impl.RaftServerImpl (RaftServerImpl.java:<init>(95)) - bb2e2fdc-5e2a-4e7b-bf34-b91a4ef6e57f: new RaftServerImpl for group-F1F51D76FB95:[bb2e2fdc-5e2a-4e7b-bf34-b91a4ef6e57f:192.168.151.122:37055] with ContainerStateMachine:uninitialized
2019-09-18 17:09:19,100 [pool-37-thread-1] INFO  server.RaftServerConfigKeys (ConfUtils.java:logGet(43)) - raft.server.rpc.timeout.min = 5s (custom)
2019-09-18 17:09:19,100 [pool-37-thread-1] INFO  server.RaftServerConfigKeys (ConfUtils.java:logGet(43)) - raft.server.rpc.timeout.max = 5200ms (custom)
2019-09-18 17:09:19,100 [pool-37-thread-1] INFO  server.RaftServerConfigKeys (ConfUtils.java:logGet(43)) - raft.server.rpcslowness.timeout = 1000s (custom)
2019-09-18 17:09:19,100 [pool-37-thread-1] INFO  server.RaftServerConfigKeys (ConfUtils.java:logGet(43)) - raft.server.sleep.deviation.threshold = 300 (default)
2019-09-18 17:09:19,101 [pool-37-thread-1] INFO  server.RaftServerConfigKeys (ConfUtils.java:logGet(43)) - raft.server.log.appender.install.snapshot.enabled = false (custom)
2019-09-18 17:09:19,101 [pool-37-thread-1] INFO  impl.RaftServerImpl (ServerState.java:<init>(103)) - bb2e2fdc-5e2a-4e7b-bf34-b91a4ef6e57f@group-F1F51D76FB95: ConfigurationManager, init=-1: [bb2e2fdc-5e2a-4e7b-bf34-b91a4ef6e57f:192.168.151.122:37055], old=null, confs=<EMPTY_MAP>
2019-09-18 17:09:19,101 [pool-37-thread-1] INFO  server.RaftServerConfigKeys (ConfUtils.java:logGet(43)) - raft.server.storage.dir = [/workdir/hadoop-ozone/integration-test/target/test-dir/MiniOzoneClusterImpl-59decb4f-f8f2-4ce8-9745-e0acc777be20/datanode-1/data/ratis] (custom)
2019-09-18 17:09:19,101 [pool-37-thread-1] INFO  storage.RaftStorageDirectory (RaftStorageDirectory.java:analyzeStorage(246)) - The storage directory /workdir/hadoop-ozone/integration-test/target/test-dir/MiniOzoneClusterImpl-59decb4f-f8f2-4ce8-9745-e0acc777be20/datanode-1/data/ratis/cc726c18-cc34-4e50-bd23-f1f51d76fb95 does not exist. Creating ...
2019-09-18 17:09:19,112 [pool-37-thread-1] INFO  storage.RaftStorageDirectory (RaftStorageDirectory.java:tryLock(328)) - Lock on /workdir/hadoop-ozone/integration-test/target/test-dir/MiniOzoneClusterImpl-59decb4f-f8f2-4ce8-9745-e0acc777be20/datanode-1/data/ratis/cc726c18-cc34-4e50-bd23-f1f51d76fb95/in_use.lock acquired by nodename 4947@pr-hdds-2121-ltkqc-3926781246
2019-09-18 17:09:19,115 [pool-37-thread-1] INFO  storage.RaftStorage (RaftStorage.java:format(72)) - Storage directory /workdir/hadoop-ozone/integration-test/target/test-dir/MiniOzoneClusterImpl-59decb4f-f8f2-4ce8-9745-e0acc777be20/datanode-1/data/ratis/cc726c18-cc34-4e50-bd23-f1f51d76fb95 has been successfully formatted.
2019-09-18 17:09:19,116 [pool-37-thread-1] INFO  ratis.ContainerStateMachine (ContainerStateMachine.java:loadSnapshot(230)) - group-F1F51D76FB95: The snapshot info is null. Setting the last applied indexto:(t:0, i:~)
2019-09-18 17:09:19,116 [pool-37-thread-1] INFO  server.RaftServerConfigKeys (ConfUtils.java:logGet(43)) - raft.server.notification.no-leader.timeout = 1000s (custom)
2019-09-18 17:09:19,116 [pool-37-thread-1] INFO  server.RaftServerConfigKeys (ConfUtils.java:logGet(43)) - raft.server.log.use.memory = false (default)
2019-09-18 17:09:19,116 [pool-37-thread-1] INFO  server.RaftServerConfigKeys (ConfUtils.java:logGet(43)) - raft.server.log.purge.gap = 1000000 (custom)
2019-09-18 17:09:19,116 [pool-37-thread-1] INFO  server.RaftServerConfigKeys (ConfUtils.java:logGet(43)) - raft.server.log.appender.buffer.byte-limit = 33554432 (custom)
2019-09-18 17:09:19,116 [pool-37-thread-1] INFO  server.RaftServerConfigKeys (ConfUtils.java:logGet(43)) - raft.server.log.segment.size.max = 1048576 (custom)
2019-09-18 17:09:19,117 [pool-37-thread-1] INFO  server.RaftServerConfigKeys (ConfUtils.java:logGet(43)) - raft.server.log.segment.cache.num.max = 2 (custom)
2019-09-18 17:09:19,117 [pool-37-thread-1] INFO  segmented.SegmentedRaftLogWorker (SegmentedRaftLogWorker.java:<init>(172)) - new bb2e2fdc-5e2a-4e7b-bf34-b91a4ef6e57f@group-F1F51D76FB95-SegmentedRaftLogWorker for RaftStorage:Storage Directory /workdir/hadoop-ozone/integration-test/target/test-dir/MiniOzoneClusterImpl-59decb4f-f8f2-4ce8-9745-e0acc777be20/datanode-1/data/ratis/cc726c18-cc34-4e50-bd23-f1f51d76fb95
2019-09-18 17:09:19,137 [pool-37-thread-1] INFO  server.RaftServerConfigKeys (ConfUtils.java:logGet(43)) - raft.server.log.queue.byte-limit = 2147483647 (custom)
2019-09-18 17:09:19,137 [pool-37-thread-1] INFO  server.RaftServerConfigKeys (ConfUtils.java:logGet(43)) - raft.server.log.queue.element-limit = 1024 (custom)
2019-09-18 17:09:19,138 [pool-37-thread-1] INFO  server.RaftServerConfigKeys (ConfUtils.java:logGet(43)) - raft.server.log.segment.size.max = 1048576 (custom)
2019-09-18 17:09:19,138 [pool-37-thread-1] INFO  server.RaftServerConfigKeys (ConfUtils.java:logGet(43)) - raft.server.log.preallocated.size = 16384 (custom)
2019-09-18 17:09:19,138 [pool-37-thread-1] INFO  server.RaftServerConfigKeys (ConfUtils.java:logGet(43)) - raft.server.log.write.buffer.size = 33554432 (custom)
2019-09-18 17:09:19,138 [pool-37-thread-1] INFO  server.RaftServerConfigKeys (ConfUtils.java:logGet(43)) - raft.server.log.force.sync.num = 128 (default)
2019-09-18 17:09:19,138 [pool-37-thread-1] INFO  server.RaftServerConfigKeys (ConfUtils.java:logGet(43)) - raft.server.log.statemachine.data.sync = true (default)
2019-09-18 17:09:19,138 [pool-37-thread-1] INFO  server.RaftServerConfigKeys (ConfUtils.java:logGet(43)) - raft.server.log.statemachine.data.sync.timeout = 10s (default)
2019-09-18 17:09:19,138 [pool-37-thread-1] INFO  server.RaftServerConfigKeys (ConfUtils.java:logGet(43)) - raft.server.log.statemachine.data.sync.timeout.retry = -1 (default)
2019-09-18 17:09:19,139 [pool-37-thread-1] INFO  server.RaftServerConfigKeys (ConfUtils.java:logGet(43)) - raft.server.log.statemachine.data.caching.enabled = true (custom)
2019-09-18 17:09:19,139 [pool-37-thread-1] INFO  segmented.SegmentedRaftLogWorker (SegmentedRaftLogWorker.java:lambda$new$0(132)) - bb2e2fdc-5e2a-4e7b-bf34-b91a4ef6e57f@group-F1F51D76FB95-SegmentedRaftLogWorker: flushIndex: setUnconditionally 0 -> -1
2019-09-18 17:09:19,139 [pool-37-thread-1] INFO  server.RaftServerConfigKeys (ConfUtils.java:logGet(43)) - raft.server.snapshot.auto.trigger.enabled = true (custom)
2019-09-18 17:09:19,139 [pool-37-thread-1] INFO  server.RaftServerConfigKeys (ConfUtils.java:logGet(43)) - raft.server.snapshot.auto.trigger.threshold = 10000 (custom)
2019-09-18 17:09:19,140 [pool-37-thread-1] INFO  server.RaftServerConfigKeys (ConfUtils.java:logGet(43)) - raft.server.snapshot.retention.num.files = 5 (custom)
2019-09-18 17:09:19,140 [pool-37-thread-1] INFO  server.RaftServerConfigKeys (ConfUtils.java:logGet(43)) - raft.server.retrycache.expirytime = 600000ms (custom)
2019-09-18 17:09:19,143 [pool-37-thread-1] INFO  impl.RaftServerImpl (RaftServerImpl.java:start(185)) - bb2e2fdc-5e2a-4e7b-bf34-b91a4ef6e57f@group-F1F51D76FB95: start as a follower, conf=-1: [bb2e2fdc-5e2a-4e7b-bf34-b91a4ef6e57f:192.168.151.122:37055], old=null
2019-09-18 17:09:19,143 [pool-37-thread-1] INFO  impl.RaftServerImpl (RaftServerImpl.java:setRole(174)) - bb2e2fdc-5e2a-4e7b-bf34-b91a4ef6e57f@group-F1F51D76FB95: changes role from      null to FOLLOWER at term 0 for startAsFollower
2019-09-18 17:09:19,143 [pool-37-thread-1] INFO  impl.RoleInfo (RoleInfo.java:updateAndGet(143)) - bb2e2fdc-5e2a-4e7b-bf34-b91a4ef6e57f: start FollowerState
2019-09-18 17:09:19,144 [pool-37-thread-1] INFO  util.JmxRegister (JmxRegister.java:tryRegister(44)) - Successfully registered JMX Bean with object name Ratis:service=RaftServer,group=group-F1F51D76FB95,id=bb2e2fdc-5e2a-4e7b-bf34-b91a4ef6e57f
2019-09-18 17:09:19,151 [RatisPipelineUtilsThread] INFO  pipeline.PipelineStateManager (PipelineStateManager.java:addPipeline(56)) - Created pipeline Pipeline[ Id: cc726c18-cc34-4e50-bd23-f1f51d76fb95, Nodes: bb2e2fdc-5e2a-4e7b-bf34-b91a4ef6e57f{ip: 192.168.151.122, host: pr-hdds-2121-ltkqc-3926781246, networkLocation: /default-rack, certSerialId: null}, Type:RATIS, Factor:ONE, State:OPEN]
2019-09-18 17:09:19,164 [grpc-default-executor-0] INFO  impl.RaftServerProxy (RaftServerProxy.java:addNew(89)) - 32ecdba1-92e8-4c43-a304-4cdea8f8e510: addNew group-7330DBE7BE43:[32ecdba1-92e8-4c43-a304-4cdea8f8e510:192.168.151.122:35272] returns group-7330DBE7BE43:java.util.concurrent.CompletableFuture@1295bc76[Not completed]
2019-09-18 17:09:19,165 [pool-57-thread-1] INFO  impl.RaftServerImpl (RaftServerImpl.java:<init>(95)) - 32ecdba1-92e8-4c43-a304-4cdea8f8e510: new RaftServerImpl for group-7330DBE7BE43:[32ecdba1-92e8-4c43-a304-4cdea8f8e510:192.168.151.122:35272] with ContainerStateMachine:uninitialized
2019-09-18 17:09:19,166 [pool-57-thread-1] INFO  server.RaftServerConfigKeys (ConfUtils.java:logGet(43)) - raft.server.rpc.timeout.min = 5s (custom)
2019-09-18 17:09:19,166 [pool-57-thread-1] INFO  server.RaftServerConfigKeys (ConfUtils.java:logGet(43)) - raft.server.rpc.timeout.max = 5200ms (custom)
2019-09-18 17:09:19,166 [pool-57-thread-1] INFO  server.RaftServerConfigKeys (ConfUtils.java:logGet(43)) - raft.server.rpcslowness.timeout = 1000s (custom)
2019-09-18 17:09:19,166 [pool-57-thread-1] INFO  server.RaftServerConfigKeys (ConfUtils.java:logGet(43)) - raft.server.sleep.deviation.threshold = 300 (default)
2019-09-18 17:09:19,166 [pool-57-thread-1] INFO  server.RaftServerConfigKeys (ConfUtils.java:logGet(43)) - raft.server.log.appender.install.snapshot.enabled = false (custom)
2019-09-18 17:09:19,166 [pool-57-thread-1] INFO  impl.RaftServerImpl (ServerState.java:<init>(103)) - 32ecdba1-92e8-4c43-a304-4cdea8f8e510@group-7330DBE7BE43: ConfigurationManager, init=-1: [32ecdba1-92e8-4c43-a304-4cdea8f8e510:192.168.151.122:35272], old=null, confs=<EMPTY_MAP>
2019-09-18 17:09:19,166 [pool-57-thread-1] INFO  server.RaftServerConfigKeys (ConfUtils.java:logGet(43)) - raft.server.storage.dir = [/workdir/hadoop-ozone/integration-test/target/test-dir/MiniOzoneClusterImpl-59decb4f-f8f2-4ce8-9745-e0acc777be20/datanode-3/data/ratis] (custom)
2019-09-18 17:09:19,167 [pool-57-thread-1] INFO  storage.RaftStorageDirectory (RaftStorageDirectory.java:analyzeStorage(246)) - The storage directory /workdir/hadoop-ozone/integration-test/target/test-dir/MiniOzoneClusterImpl-59decb4f-f8f2-4ce8-9745-e0acc777be20/datanode-3/data/ratis/61db09ac-972f-47e3-85f5-7330dbe7be43 does not exist. Creating ...
2019-09-18 17:09:19,170 [pool-57-thread-1] INFO  storage.RaftStorageDirectory (RaftStorageDirectory.java:tryLock(328)) - Lock on /workdir/hadoop-ozone/integration-test/target/test-dir/MiniOzoneClusterImpl-59decb4f-f8f2-4ce8-9745-e0acc777be20/datanode-3/data/ratis/61db09ac-972f-47e3-85f5-7330dbe7be43/in_use.lock acquired by nodename 4947@pr-hdds-2121-ltkqc-3926781246
2019-09-18 17:09:19,176 [pool-57-thread-1] INFO  storage.RaftStorage (RaftStorage.java:format(72)) - Storage directory /workdir/hadoop-ozone/integration-test/target/test-dir/MiniOzoneClusterImpl-59decb4f-f8f2-4ce8-9745-e0acc777be20/datanode-3/data/ratis/61db09ac-972f-47e3-85f5-7330dbe7be43 has been successfully formatted.
2019-09-18 17:09:19,176 [pool-57-thread-1] INFO  ratis.ContainerStateMachine (ContainerStateMachine.java:loadSnapshot(230)) - group-7330DBE7BE43: The snapshot info is null. Setting the last applied indexto:(t:0, i:~)
2019-09-18 17:09:19,176 [pool-57-thread-1] INFO  server.RaftServerConfigKeys (ConfUtils.java:logGet(43)) - raft.server.notification.no-leader.timeout = 1000s (custom)
2019-09-18 17:09:19,176 [pool-57-thread-1] INFO  server.RaftServerConfigKeys (ConfUtils.java:logGet(43)) - raft.server.log.use.memory = false (default)
2019-09-18 17:09:19,177 [pool-57-thread-1] INFO  server.RaftServerConfigKeys (ConfUtils.java:logGet(43)) - raft.server.log.purge.gap = 1000000 (custom)
2019-09-18 17:09:19,177 [pool-57-thread-1] INFO  server.RaftServerConfigKeys (ConfUtils.java:logGet(43)) - raft.server.log.appender.buffer.byte-limit = 33554432 (custom)
2019-09-18 17:09:19,177 [pool-57-thread-1] INFO  server.RaftServerConfigKeys (ConfUtils.java:logGet(43)) - raft.server.log.segment.size.max = 1048576 (custom)
2019-09-18 17:09:19,177 [pool-57-thread-1] INFO  server.RaftServerConfigKeys (ConfUtils.java:logGet(43)) - raft.server.log.segment.cache.num.max = 2 (custom)
2019-09-18 17:09:19,177 [pool-57-thread-1] INFO  segmented.SegmentedRaftLogWorker (SegmentedRaftLogWorker.java:<init>(172)) - new 32ecdba1-92e8-4c43-a304-4cdea8f8e510@group-7330DBE7BE43-SegmentedRaftLogWorker for RaftStorage:Storage Directory /workdir/hadoop-ozone/integration-test/target/test-dir/MiniOzoneClusterImpl-59decb4f-f8f2-4ce8-9745-e0acc777be20/datanode-3/data/ratis/61db09ac-972f-47e3-85f5-7330dbe7be43
2019-09-18 17:09:19,181 [pool-57-thread-1] INFO  server.RaftServerConfigKeys (ConfUtils.java:logGet(43)) - raft.server.log.queue.byte-limit = 2147483647 (custom)
2019-09-18 17:09:19,181 [pool-57-thread-1] INFO  server.RaftServerConfigKeys (ConfUtils.java:logGet(43)) - raft.server.log.queue.element-limit = 1024 (custom)
2019-09-18 17:09:19,181 [pool-57-thread-1] INFO  server.RaftServerConfigKeys (ConfUtils.java:logGet(43)) - raft.server.log.segment.size.max = 1048576 (custom)
2019-09-18 17:09:19,181 [pool-57-thread-1] INFO  server.RaftServerConfigKeys (ConfUtils.java:logGet(43)) - raft.server.log.preallocated.size = 16384 (custom)
2019-09-18 17:09:19,181 [pool-57-thread-1] INFO  server.RaftServerConfigKeys (ConfUtils.java:logGet(43)) - raft.server.log.write.buffer.size = 33554432 (custom)
2019-09-18 17:09:19,181 [pool-57-thread-1] INFO  server.RaftServerConfigKeys (ConfUtils.java:logGet(43)) - raft.server.log.force.sync.num = 128 (default)
2019-09-18 17:09:19,182 [pool-57-thread-1] INFO  server.RaftServerConfigKeys (ConfUtils.java:logGet(43)) - raft.server.log.statemachine.data.sync = true (default)
2019-09-18 17:09:19,182 [pool-57-thread-1] INFO  server.RaftServerConfigKeys (ConfUtils.java:logGet(43)) - raft.server.log.statemachine.data.sync.timeout = 10s (default)
2019-09-18 17:09:19,182 [pool-57-thread-1] INFO  server.RaftServerConfigKeys (ConfUtils.java:logGet(43)) - raft.server.log.statemachine.data.sync.timeout.retry = -1 (default)
2019-09-18 17:09:19,182 [pool-57-thread-1] INFO  server.RaftServerConfigKeys (ConfUtils.java:logGet(43)) - raft.server.log.statemachine.data.caching.enabled = true (custom)
2019-09-18 17:09:19,182 [pool-57-thread-1] INFO  segmented.SegmentedRaftLogWorker (SegmentedRaftLogWorker.java:lambda$new$0(132)) - 32ecdba1-92e8-4c43-a304-4cdea8f8e510@group-7330DBE7BE43-SegmentedRaftLogWorker: flushIndex: setUnconditionally 0 -> -1
2019-09-18 17:09:19,183 [pool-57-thread-1] INFO  server.RaftServerConfigKeys (ConfUtils.java:logGet(43)) - raft.server.snapshot.auto.trigger.enabled = true (custom)
2019-09-18 17:09:19,183 [pool-57-thread-1] INFO  server.RaftServerConfigKeys (ConfUtils.java:logGet(43)) - raft.server.snapshot.auto.trigger.threshold = 10000 (custom)
2019-09-18 17:09:19,183 [pool-57-thread-1] INFO  server.RaftServerConfigKeys (ConfUtils.java:logGet(43)) - raft.server.snapshot.retention.num.files = 5 (custom)
2019-09-18 17:09:19,183 [pool-57-thread-1] INFO  server.RaftServerConfigKeys (ConfUtils.java:logGet(43)) - raft.server.retrycache.expirytime = 600000ms (custom)
2019-09-18 17:09:19,186 [pool-57-thread-1] INFO  impl.RaftServerImpl (RaftServerImpl.java:start(185)) - 32ecdba1-92e8-4c43-a304-4cdea8f8e510@group-7330DBE7BE43: start as a follower, conf=-1: [32ecdba1-92e8-4c43-a304-4cdea8f8e510:192.168.151.122:35272], old=null
2019-09-18 17:09:19,186 [pool-57-thread-1] INFO  impl.RaftServerImpl (RaftServerImpl.java:setRole(174)) - 32ecdba1-92e8-4c43-a304-4cdea8f8e510@group-7330DBE7BE43: changes role from      null to FOLLOWER at term 0 for startAsFollower
2019-09-18 17:09:19,186 [pool-57-thread-1] INFO  impl.RoleInfo (RoleInfo.java:updateAndGet(143)) - 32ecdba1-92e8-4c43-a304-4cdea8f8e510: start FollowerState
2019-09-18 17:09:19,187 [pool-57-thread-1] INFO  util.JmxRegister (JmxRegister.java:tryRegister(44)) - Successfully registered JMX Bean with object name Ratis:service=RaftServer,group=group-7330DBE7BE43,id=32ecdba1-92e8-4c43-a304-4cdea8f8e510
2019-09-18 17:09:19,195 [RatisPipelineUtilsThread] INFO  pipeline.PipelineStateManager (PipelineStateManager.java:addPipeline(56)) - Created pipeline Pipeline[ Id: 61db09ac-972f-47e3-85f5-7330dbe7be43, Nodes: 32ecdba1-92e8-4c43-a304-4cdea8f8e510{ip: 192.168.151.122, host: pr-hdds-2121-ltkqc-3926781246, networkLocation: /default-rack, certSerialId: null}, Type:RATIS, Factor:ONE, State:OPEN]
2019-09-18 17:09:19,235 [grpc-default-executor-2] INFO  impl.RaftServerProxy (RaftServerProxy.java:addNew(89)) - e8cef482-1b4f-4b0c-a396-2936b3598954: addNew group-EF5DEF9BEA14:[e8cef482-1b4f-4b0c-a396-2936b3598954:192.168.151.122:34824, bb2e2fdc-5e2a-4e7b-bf34-b91a4ef6e57f:192.168.151.122:37055, a7d7468a-bff9-481c-a656-b0fb8908c0fe:192.168.151.122:43606] returns group-EF5DEF9BEA14:java.util.concurrent.CompletableFuture@3f3d40cb[Not completed]
2019-09-18 17:09:19,236 [grpc-default-executor-1] INFO  impl.RaftServerProxy (RaftServerProxy.java:addNew(89)) - a7d7468a-bff9-481c-a656-b0fb8908c0fe: addNew group-EF5DEF9BEA14:[e8cef482-1b4f-4b0c-a396-2936b3598954:192.168.151.122:34824, bb2e2fdc-5e2a-4e7b-bf34-b91a4ef6e57f:192.168.151.122:37055, a7d7468a-bff9-481c-a656-b0fb8908c0fe:192.168.151.122:43606] returns group-EF5DEF9BEA14:java.util.concurrent.CompletableFuture@50757bf1[Not completed]
2019-09-18 17:09:19,236 [grpc-default-executor-2] INFO  impl.RaftServerProxy (RaftServerProxy.java:addNew(89)) - bb2e2fdc-5e2a-4e7b-bf34-b91a4ef6e57f: addNew group-EF5DEF9BEA14:[e8cef482-1b4f-4b0c-a396-2936b3598954:192.168.151.122:34824, bb2e2fdc-5e2a-4e7b-bf34-b91a4ef6e57f:192.168.151.122:37055, a7d7468a-bff9-481c-a656-b0fb8908c0fe:192.168.151.122:43606] returns group-EF5DEF9BEA14:java.util.concurrent.CompletableFuture@7a3fc948[Not completed]
2019-09-18 17:09:19,237 [pool-47-thread-1] INFO  impl.RaftServerImpl (RaftServerImpl.java:<init>(95)) - e8cef482-1b4f-4b0c-a396-2936b3598954: new RaftServerImpl for group-EF5DEF9BEA14:[e8cef482-1b4f-4b0c-a396-2936b3598954:192.168.151.122:34824, bb2e2fdc-5e2a-4e7b-bf34-b91a4ef6e57f:192.168.151.122:37055, a7d7468a-bff9-481c-a656-b0fb8908c0fe:192.168.151.122:43606] with ContainerStateMachine:uninitialized
2019-09-18 17:09:19,237 [pool-47-thread-1] INFO  server.RaftServerConfigKeys (ConfUtils.java:logGet(43)) - raft.server.rpc.timeout.min = 5s (custom)
2019-09-18 17:09:19,237 [pool-47-thread-1] INFO  server.RaftServerConfigKeys (ConfUtils.java:logGet(43)) - raft.server.rpc.timeout.max = 5200ms (custom)
2019-09-18 17:09:19,238 [pool-47-thread-1] INFO  server.RaftServerConfigKeys (ConfUtils.java:logGet(43)) - raft.server.rpcslowness.timeout = 1000s (custom)
2019-09-18 17:09:19,238 [pool-47-thread-1] INFO  server.RaftServerConfigKeys (ConfUtils.java:logGet(43)) - raft.server.sleep.deviation.threshold = 300 (default)
2019-09-18 17:09:19,238 [pool-47-thread-1] INFO  server.RaftServerConfigKeys (ConfUtils.java:logGet(43)) - raft.server.log.appender.install.snapshot.enabled = false (custom)
2019-09-18 17:09:19,238 [pool-47-thread-1] INFO  impl.RaftServerImpl (ServerState.java:<init>(103)) - e8cef482-1b4f-4b0c-a396-2936b3598954@group-EF5DEF9BEA14: ConfigurationManager, init=-1: [e8cef482-1b4f-4b0c-a396-2936b3598954:192.168.151.122:34824, bb2e2fdc-5e2a-4e7b-bf34-b91a4ef6e57f:192.168.151.122:37055, a7d7468a-bff9-481c-a656-b0fb8908c0fe:192.168.151.122:43606], old=null, confs=<EMPTY_MAP>
2019-09-18 17:09:19,238 [pool-37-thread-1] INFO  impl.RaftServerImpl (RaftServerImpl.java:<init>(95)) - bb2e2fdc-5e2a-4e7b-bf34-b91a4ef6e57f: new RaftServerImpl for group-EF5DEF9BEA14:[e8cef482-1b4f-4b0c-a396-2936b3598954:192.168.151.122:34824, bb2e2fdc-5e2a-4e7b-bf34-b91a4ef6e57f:192.168.151.122:37055, a7d7468a-bff9-481c-a656-b0fb8908c0fe:192.168.151.122:43606] with ContainerStateMachine:uninitialized
2019-09-18 17:09:19,238 [pool-47-thread-1] INFO  server.RaftServerConfigKeys (ConfUtils.java:logGet(43)) - raft.server.storage.dir = [/workdir/hadoop-ozone/integration-test/target/test-dir/MiniOzoneClusterImpl-59decb4f-f8f2-4ce8-9745-e0acc777be20/datanode-2/data/ratis] (custom)
2019-09-18 17:09:19,238 [pool-37-thread-1] INFO  server.RaftServerConfigKeys (ConfUtils.java:logGet(43)) - raft.server.rpc.timeout.min = 5s (custom)
2019-09-18 17:09:19,238 [pool-37-thread-1] INFO  server.RaftServerConfigKeys (ConfUtils.java:logGet(43)) - raft.server.rpc.timeout.max = 5200ms (custom)
2019-09-18 17:09:19,238 [pool-27-thread-1] INFO  impl.RaftServerImpl (RaftServerImpl.java:<init>(95)) - a7d7468a-bff9-481c-a656-b0fb8908c0fe: new RaftServerImpl for group-EF5DEF9BEA14:[e8cef482-1b4f-4b0c-a396-2936b3598954:192.168.151.122:34824, bb2e2fdc-5e2a-4e7b-bf34-b91a4ef6e57f:192.168.151.122:37055, a7d7468a-bff9-481c-a656-b0fb8908c0fe:192.168.151.122:43606] with ContainerStateMachine:uninitialized
2019-09-18 17:09:19,238 [pool-47-thread-1] INFO  storage.RaftStorageDirectory (RaftStorageDirectory.java:analyzeStorage(246)) - The storage directory /workdir/hadoop-ozone/integration-test/target/test-dir/MiniOzoneClusterImpl-59decb4f-f8f2-4ce8-9745-e0acc777be20/datanode-2/data/ratis/6eddffa9-f1dd-420f-879e-ef5def9bea14 does not exist. Creating ...
2019-09-18 17:09:19,238 [pool-37-thread-1] INFO  server.RaftServerConfigKeys (ConfUtils.java:logGet(43)) - raft.server.rpcslowness.timeout = 1000s (custom)
2019-09-18 17:09:19,239 [pool-27-thread-1] INFO  server.RaftServerConfigKeys (ConfUtils.java:logGet(43)) - raft.server.rpc.timeout.min = 5s (custom)
2019-09-18 17:09:19,239 [pool-37-thread-1] INFO  server.RaftServerConfigKeys (ConfUtils.java:logGet(43)) - raft.server.sleep.deviation.threshold = 300 (default)
2019-09-18 17:09:19,239 [pool-27-thread-1] INFO  server.RaftServerConfigKeys (ConfUtils.java:logGet(43)) - raft.server.rpc.timeout.max = 5200ms (custom)
2019-09-18 17:09:19,239 [pool-37-thread-1] INFO  server.RaftServerConfigKeys (ConfUtils.java:logGet(43)) - raft.server.log.appender.install.snapshot.enabled = false (custom)
2019-09-18 17:09:19,239 [pool-27-thread-1] INFO  server.RaftServerConfigKeys (ConfUtils.java:logGet(43)) - raft.server.rpcslowness.timeout = 1000s (custom)
2019-09-18 17:09:19,239 [pool-37-thread-1] INFO  impl.RaftServerImpl (ServerState.java:<init>(103)) - bb2e2fdc-5e2a-4e7b-bf34-b91a4ef6e57f@group-EF5DEF9BEA14: ConfigurationManager, init=-1: [e8cef482-1b4f-4b0c-a396-2936b3598954:192.168.151.122:34824, bb2e2fdc-5e2a-4e7b-bf34-b91a4ef6e57f:192.168.151.122:37055, a7d7468a-bff9-481c-a656-b0fb8908c0fe:192.168.151.122:43606], old=null, confs=<EMPTY_MAP>
2019-09-18 17:09:19,239 [pool-27-thread-1] INFO  server.RaftServerConfigKeys (ConfUtils.java:logGet(43)) - raft.server.sleep.deviation.threshold = 300 (default)
2019-09-18 17:09:19,239 [pool-37-thread-1] INFO  server.RaftServerConfigKeys (ConfUtils.java:logGet(43)) - raft.server.storage.dir = [/workdir/hadoop-ozone/integration-test/target/test-dir/MiniOzoneClusterImpl-59decb4f-f8f2-4ce8-9745-e0acc777be20/datanode-1/data/ratis] (custom)
2019-09-18 17:09:19,239 [pool-27-thread-1] INFO  server.RaftServerConfigKeys (ConfUtils.java:logGet(43)) - raft.server.log.appender.install.snapshot.enabled = false (custom)
2019-09-18 17:09:19,240 [pool-27-thread-1] INFO  impl.RaftServerImpl (ServerState.java:<init>(103)) - a7d7468a-bff9-481c-a656-b0fb8908c0fe@group-EF5DEF9BEA14: ConfigurationManager, init=-1: [e8cef482-1b4f-4b0c-a396-2936b3598954:192.168.151.122:34824, bb2e2fdc-5e2a-4e7b-bf34-b91a4ef6e57f:192.168.151.122:37055, a7d7468a-bff9-481c-a656-b0fb8908c0fe:192.168.151.122:43606], old=null, confs=<EMPTY_MAP>
2019-09-18 17:09:19,240 [pool-37-thread-1] INFO  storage.RaftStorageDirectory (RaftStorageDirectory.java:analyzeStorage(246)) - The storage directory /workdir/hadoop-ozone/integration-test/target/test-dir/MiniOzoneClusterImpl-59decb4f-f8f2-4ce8-9745-e0acc777be20/datanode-1/data/ratis/6eddffa9-f1dd-420f-879e-ef5def9bea14 does not exist. Creating ...
2019-09-18 17:09:19,240 [pool-27-thread-1] INFO  server.RaftServerConfigKeys (ConfUtils.java:logGet(43)) - raft.server.storage.dir = [/workdir/hadoop-ozone/integration-test/target/test-dir/MiniOzoneClusterImpl-59decb4f-f8f2-4ce8-9745-e0acc777be20/datanode-0/data/ratis] (custom)
2019-09-18 17:09:19,240 [pool-27-thread-1] INFO  storage.RaftStorageDirectory (RaftStorageDirectory.java:analyzeStorage(246)) - The storage directory /workdir/hadoop-ozone/integration-test/target/test-dir/MiniOzoneClusterImpl-59decb4f-f8f2-4ce8-9745-e0acc777be20/datanode-0/data/ratis/6eddffa9-f1dd-420f-879e-ef5def9bea14 does not exist. Creating ...
2019-09-18 17:09:19,244 [pool-37-thread-1] INFO  storage.RaftStorageDirectory (RaftStorageDirectory.java:tryLock(328)) - Lock on /workdir/hadoop-ozone/integration-test/target/test-dir/MiniOzoneClusterImpl-59decb4f-f8f2-4ce8-9745-e0acc777be20/datanode-1/data/ratis/6eddffa9-f1dd-420f-879e-ef5def9bea14/in_use.lock acquired by nodename 4947@pr-hdds-2121-ltkqc-3926781246
2019-09-18 17:09:19,244 [pool-47-thread-1] INFO  storage.RaftStorageDirectory (RaftStorageDirectory.java:tryLock(328)) - Lock on /workdir/hadoop-ozone/integration-test/target/test-dir/MiniOzoneClusterImpl-59decb4f-f8f2-4ce8-9745-e0acc777be20/datanode-2/data/ratis/6eddffa9-f1dd-420f-879e-ef5def9bea14/in_use.lock acquired by nodename 4947@pr-hdds-2121-ltkqc-3926781246
2019-09-18 17:09:19,244 [pool-27-thread-1] INFO  storage.RaftStorageDirectory (RaftStorageDirectory.java:tryLock(328)) - Lock on /workdir/hadoop-ozone/integration-test/target/test-dir/MiniOzoneClusterImpl-59decb4f-f8f2-4ce8-9745-e0acc777be20/datanode-0/data/ratis/6eddffa9-f1dd-420f-879e-ef5def9bea14/in_use.lock acquired by nodename 4947@pr-hdds-2121-ltkqc-3926781246
2019-09-18 17:09:19,248 [pool-47-thread-1] INFO  storage.RaftStorage (RaftStorage.java:format(72)) - Storage directory /workdir/hadoop-ozone/integration-test/target/test-dir/MiniOzoneClusterImpl-59decb4f-f8f2-4ce8-9745-e0acc777be20/datanode-2/data/ratis/6eddffa9-f1dd-420f-879e-ef5def9bea14 has been successfully formatted.
2019-09-18 17:09:19,248 [pool-27-thread-1] INFO  storage.RaftStorage (RaftStorage.java:format(72)) - Storage directory /workdir/hadoop-ozone/integration-test/target/test-dir/MiniOzoneClusterImpl-59decb4f-f8f2-4ce8-9745-e0acc777be20/datanode-0/data/ratis/6eddffa9-f1dd-420f-879e-ef5def9bea14 has been successfully formatted.
2019-09-18 17:09:19,248 [pool-37-thread-1] INFO  storage.RaftStorage (RaftStorage.java:format(72)) - Storage directory /workdir/hadoop-ozone/integration-test/target/test-dir/MiniOzoneClusterImpl-59decb4f-f8f2-4ce8-9745-e0acc777be20/datanode-1/data/ratis/6eddffa9-f1dd-420f-879e-ef5def9bea14 has been successfully formatted.
2019-09-18 17:09:19,248 [pool-47-thread-1] INFO  ratis.ContainerStateMachine (ContainerStateMachine.java:loadSnapshot(230)) - group-EF5DEF9BEA14: The snapshot info is null. Setting the last applied indexto:(t:0, i:~)
2019-09-18 17:09:19,249 [pool-27-thread-1] INFO  ratis.ContainerStateMachine (ContainerStateMachine.java:loadSnapshot(230)) - group-EF5DEF9BEA14: The snapshot info is null. Setting the last applied indexto:(t:0, i:~)
2019-09-18 17:09:19,249 [pool-47-thread-1] INFO  server.RaftServerConfigKeys (ConfUtils.java:logGet(43)) - raft.server.notification.no-leader.timeout = 1000s (custom)
2019-09-18 17:09:19,249 [pool-37-thread-1] INFO  ratis.ContainerStateMachine (ContainerStateMachine.java:loadSnapshot(230)) - group-EF5DEF9BEA14: The snapshot info is null. Setting the last applied indexto:(t:0, i:~)
2019-09-18 17:09:19,249 [pool-47-thread-1] INFO  server.RaftServerConfigKeys (ConfUtils.java:logGet(43)) - raft.server.log.use.memory = false (default)
2019-09-18 17:09:19,249 [pool-27-thread-1] INFO  server.RaftServerConfigKeys (ConfUtils.java:logGet(43)) - raft.server.notification.no-leader.timeout = 1000s (custom)
2019-09-18 17:09:19,249 [pool-47-thread-1] INFO  server.RaftServerConfigKeys (ConfUtils.java:logGet(43)) - raft.server.log.purge.gap = 1000000 (custom)
2019-09-18 17:09:19,249 [pool-37-thread-1] INFO  server.RaftServerConfigKeys (ConfUtils.java:logGet(43)) - raft.server.notification.no-leader.timeout = 1000s (custom)
2019-09-18 17:09:19,250 [pool-47-thread-1] INFO  server.RaftServerConfigKeys (ConfUtils.java:logGet(43)) - raft.server.log.appender.buffer.byte-limit = 33554432 (custom)
2019-09-18 17:09:19,250 [pool-27-thread-1] INFO  server.RaftServerConfigKeys (ConfUtils.java:logGet(43)) - raft.server.log.use.memory = false (default)
2019-09-18 17:09:19,250 [pool-47-thread-1] INFO  server.RaftServerConfigKeys (ConfUtils.java:logGet(43)) - raft.server.log.segment.size.max = 1048576 (custom)
2019-09-18 17:09:19,250 [pool-37-thread-1] INFO  server.RaftServerConfigKeys (ConfUtils.java:logGet(43)) - raft.server.log.use.memory = false (default)
2019-09-18 17:09:19,250 [pool-47-thread-1] INFO  server.RaftServerConfigKeys (ConfUtils.java:logGet(43)) - raft.server.log.segment.cache.num.max = 2 (custom)
2019-09-18 17:09:19,250 [pool-27-thread-1] INFO  server.RaftServerConfigKeys (ConfUtils.java:logGet(43)) - raft.server.log.purge.gap = 1000000 (custom)
2019-09-18 17:09:19,251 [pool-47-thread-1] INFO  segmented.SegmentedRaftLogWorker (SegmentedRaftLogWorker.java:<init>(172)) - new e8cef482-1b4f-4b0c-a396-2936b3598954@group-EF5DEF9BEA14-SegmentedRaftLogWorker for RaftStorage:Storage Directory /workdir/hadoop-ozone/integration-test/target/test-dir/MiniOzoneClusterImpl-59decb4f-f8f2-4ce8-9745-e0acc777be20/datanode-2/data/ratis/6eddffa9-f1dd-420f-879e-ef5def9bea14
2019-09-18 17:09:19,250 [pool-37-thread-1] INFO  server.RaftServerConfigKeys (ConfUtils.java:logGet(43)) - raft.server.log.purge.gap = 1000000 (custom)
2019-09-18 17:09:19,251 [pool-47-thread-1] INFO  server.RaftServerConfigKeys (ConfUtils.java:logGet(43)) - raft.server.log.queue.byte-limit = 2147483647 (custom)
2019-09-18 17:09:19,251 [pool-27-thread-1] INFO  server.RaftServerConfigKeys (ConfUtils.java:logGet(43)) - raft.server.log.appender.buffer.byte-limit = 33554432 (custom)
2019-09-18 17:09:19,251 [pool-47-thread-1] INFO  server.RaftServerConfigKeys (ConfUtils.java:logGet(43)) - raft.server.log.queue.element-limit = 1024 (custom)
2019-09-18 17:09:19,251 [pool-37-thread-1] INFO  server.RaftServerConfigKeys (ConfUtils.java:logGet(43)) - raft.server.log.appender.buffer.byte-limit = 33554432 (custom)
2019-09-18 17:09:19,251 [pool-47-thread-1] INFO  server.RaftServerConfigKeys (ConfUtils.java:logGet(43)) - raft.server.log.segment.size.max = 1048576 (custom)
2019-09-18 17:09:19,251 [pool-27-thread-1] INFO  server.RaftServerConfigKeys (ConfUtils.java:logGet(43)) - raft.server.log.segment.size.max = 1048576 (custom)
2019-09-18 17:09:19,252 [pool-47-thread-1] INFO  server.RaftServerConfigKeys (ConfUtils.java:logGet(43)) - raft.server.log.preallocated.size = 16384 (custom)
2019-09-18 17:09:19,252 [pool-37-thread-1] INFO  server.RaftServerConfigKeys (ConfUtils.java:logGet(43)) - raft.server.log.segment.size.max = 1048576 (custom)
2019-09-18 17:09:19,252 [pool-47-thread-1] INFO  server.RaftServerConfigKeys (ConfUtils.java:logGet(43)) - raft.server.log.write.buffer.size = 33554432 (custom)
2019-09-18 17:09:19,252 [pool-27-thread-1] INFO  server.RaftServerConfigKeys (ConfUtils.java:logGet(43)) - raft.server.log.segment.cache.num.max = 2 (custom)
2019-09-18 17:09:19,252 [pool-47-thread-1] INFO  server.RaftServerConfigKeys (ConfUtils.java:logGet(43)) - raft.server.log.force.sync.num = 128 (default)
2019-09-18 17:09:19,252 [pool-37-thread-1] INFO  server.RaftServerConfigKeys (ConfUtils.java:logGet(43)) - raft.server.log.segment.cache.num.max = 2 (custom)
2019-09-18 17:09:19,253 [pool-47-thread-1] INFO  server.RaftServerConfigKeys (ConfUtils.java:logGet(43)) - raft.server.log.statemachine.data.sync = true (default)
2019-09-18 17:09:19,252 [pool-27-thread-1] INFO  segmented.SegmentedRaftLogWorker (SegmentedRaftLogWorker.java:<init>(172)) - new a7d7468a-bff9-481c-a656-b0fb8908c0fe@group-EF5DEF9BEA14-SegmentedRaftLogWorker for RaftStorage:Storage Directory /workdir/hadoop-ozone/integration-test/target/test-dir/MiniOzoneClusterImpl-59decb4f-f8f2-4ce8-9745-e0acc777be20/datanode-0/data/ratis/6eddffa9-f1dd-420f-879e-ef5def9bea14
2019-09-18 17:09:19,253 [pool-47-thread-1] INFO  server.RaftServerConfigKeys (ConfUtils.java:logGet(43)) - raft.server.log.statemachine.data.sync.timeout = 10s (default)
2019-09-18 17:09:19,253 [pool-37-thread-1] INFO  segmented.SegmentedRaftLogWorker (SegmentedRaftLogWorker.java:<init>(172)) - new bb2e2fdc-5e2a-4e7b-bf34-b91a4ef6e57f@group-EF5DEF9BEA14-SegmentedRaftLogWorker for RaftStorage:Storage Directory /workdir/hadoop-ozone/integration-test/target/test-dir/MiniOzoneClusterImpl-59decb4f-f8f2-4ce8-9745-e0acc777be20/datanode-1/data/ratis/6eddffa9-f1dd-420f-879e-ef5def9bea14
2019-09-18 17:09:19,253 [pool-47-thread-1] INFO  server.RaftServerConfigKeys (ConfUtils.java:logGet(43)) - raft.server.log.statemachine.data.sync.timeout.retry = -1 (default)
2019-09-18 17:09:19,253 [pool-27-thread-1] INFO  server.RaftServerConfigKeys (ConfUtils.java:logGet(43)) - raft.server.log.queue.byte-limit = 2147483647 (custom)
2019-09-18 17:09:19,253 [pool-37-thread-1] INFO  server.RaftServerConfigKeys (ConfUtils.java:logGet(43)) - raft.server.log.queue.byte-limit = 2147483647 (custom)
2019-09-18 17:09:19,254 [pool-47-thread-1] INFO  server.RaftServerConfigKeys (ConfUtils.java:logGet(43)) - raft.server.log.statemachine.data.caching.enabled = true (custom)
2019-09-18 17:09:19,254 [pool-27-thread-1] INFO  server.RaftServerConfigKeys (ConfUtils.java:logGet(43)) - raft.server.log.queue.element-limit = 1024 (custom)
2019-09-18 17:09:19,254 [pool-37-thread-1] INFO  server.RaftServerConfigKeys (ConfUtils.java:logGet(43)) - raft.server.log.queue.element-limit = 1024 (custom)
2019-09-18 17:09:19,254 [pool-27-thread-1] INFO  server.RaftServerConfigKeys (ConfUtils.java:logGet(43)) - raft.server.log.segment.size.max = 1048576 (custom)
2019-09-18 17:09:19,254 [pool-47-thread-1] INFO  segmented.SegmentedRaftLogWorker (SegmentedRaftLogWorker.java:lambda$new$0(132)) - e8cef482-1b4f-4b0c-a396-2936b3598954@group-EF5DEF9BEA14-SegmentedRaftLogWorker: flushIndex: setUnconditionally 0 -> -1
2019-09-18 17:09:19,254 [pool-37-thread-1] INFO  server.RaftServerConfigKeys (ConfUtils.java:logGet(43)) - raft.server.log.segment.size.max = 1048576 (custom)
2019-09-18 17:09:19,254 [pool-27-thread-1] INFO  server.RaftServerConfigKeys (ConfUtils.java:logGet(43)) - raft.server.log.preallocated.size = 16384 (custom)
2019-09-18 17:09:19,255 [pool-37-thread-1] INFO  server.RaftServerConfigKeys (ConfUtils.java:logGet(43)) - raft.server.log.preallocated.size = 16384 (custom)
2019-09-18 17:09:19,255 [pool-47-thread-1] INFO  server.RaftServerConfigKeys (ConfUtils.java:logGet(43)) - raft.server.snapshot.auto.trigger.enabled = true (custom)
2019-09-18 17:09:19,255 [pool-27-thread-1] INFO  server.RaftServerConfigKeys (ConfUtils.java:logGet(43)) - raft.server.log.write.buffer.size = 33554432 (custom)
2019-09-18 17:09:19,255 [pool-47-thread-1] INFO  server.RaftServerConfigKeys (ConfUtils.java:logGet(43)) - raft.server.snapshot.auto.trigger.threshold = 10000 (custom)
2019-09-18 17:09:19,255 [pool-37-thread-1] INFO  server.RaftServerConfigKeys (ConfUtils.java:logGet(43)) - raft.server.log.write.buffer.size = 33554432 (custom)
2019-09-18 17:09:19,255 [pool-47-thread-1] INFO  server.RaftServerConfigKeys (ConfUtils.java:logGet(43)) - raft.server.snapshot.retention.num.files = 5 (custom)
2019-09-18 17:09:19,255 [pool-27-thread-1] INFO  server.RaftServerConfigKeys (ConfUtils.java:logGet(43)) - raft.server.log.force.sync.num = 128 (default)
2019-09-18 17:09:19,256 [pool-37-thread-1] INFO  server.RaftServerConfigKeys (ConfUtils.java:logGet(43)) - raft.server.log.force.sync.num = 128 (default)
2019-09-18 17:09:19,256 [pool-47-thread-1] INFO  server.RaftServerConfigKeys (ConfUtils.java:logGet(43)) - raft.server.retrycache.expirytime = 600000ms (custom)
2019-09-18 17:09:19,256 [pool-27-thread-1] INFO  server.RaftServerConfigKeys (ConfUtils.java:logGet(43)) - raft.server.log.statemachine.data.sync = true (default)
2019-09-18 17:09:19,256 [pool-37-thread-1] INFO  server.RaftServerConfigKeys (ConfUtils.java:logGet(43)) - raft.server.log.statemachine.data.sync = true (default)
2019-09-18 17:09:19,256 [pool-27-thread-1] INFO  server.RaftServerConfigKeys (ConfUtils.java:logGet(43)) - raft.server.log.statemachine.data.sync.timeout = 10s (default)
2019-09-18 17:09:19,256 [pool-37-thread-1] INFO  server.RaftServerConfigKeys (ConfUtils.java:logGet(43)) - raft.server.log.statemachine.data.sync.timeout = 10s (default)
2019-09-18 17:09:19,256 [pool-27-thread-1] INFO  server.RaftServerConfigKeys (ConfUtils.java:logGet(43)) - raft.server.log.statemachine.data.sync.timeout.retry = -1 (default)
2019-09-18 17:09:19,257 [pool-37-thread-1] INFO  server.RaftServerConfigKeys (ConfUtils.java:logGet(43)) - raft.server.log.statemachine.data.sync.timeout.retry = -1 (default)
2019-09-18 17:09:19,257 [pool-27-thread-1] INFO  server.RaftServerConfigKeys (ConfUtils.java:logGet(43)) - raft.server.log.statemachine.data.caching.enabled = true (custom)
2019-09-18 17:09:19,257 [pool-37-thread-1] INFO  server.RaftServerConfigKeys (ConfUtils.java:logGet(43)) - raft.server.log.statemachine.data.caching.enabled = true (custom)
2019-09-18 17:09:19,257 [pool-27-thread-1] INFO  segmented.SegmentedRaftLogWorker (SegmentedRaftLogWorker.java:lambda$new$0(132)) - a7d7468a-bff9-481c-a656-b0fb8908c0fe@group-EF5DEF9BEA14-SegmentedRaftLogWorker: flushIndex: setUnconditionally 0 -> -1
2019-09-18 17:09:19,257 [pool-37-thread-1] INFO  segmented.SegmentedRaftLogWorker (SegmentedRaftLogWorker.java:lambda$new$0(132)) - bb2e2fdc-5e2a-4e7b-bf34-b91a4ef6e57f@group-EF5DEF9BEA14-SegmentedRaftLogWorker: flushIndex: setUnconditionally 0 -> -1
2019-09-18 17:09:19,258 [pool-27-thread-1] INFO  server.RaftServerConfigKeys (ConfUtils.java:logGet(43)) - raft.server.snapshot.auto.trigger.enabled = true (custom)
2019-09-18 17:09:19,258 [pool-37-thread-1] INFO  server.RaftServerConfigKeys (ConfUtils.java:logGet(43)) - raft.server.snapshot.auto.trigger.enabled = true (custom)
2019-09-18 17:09:19,258 [pool-27-thread-1] INFO  server.RaftServerConfigKeys (ConfUtils.java:logGet(43)) - raft.server.snapshot.auto.trigger.threshold = 10000 (custom)
2019-09-18 17:09:19,258 [pool-37-thread-1] INFO  server.RaftServerConfigKeys (ConfUtils.java:logGet(43)) - raft.server.snapshot.auto.trigger.threshold = 10000 (custom)
2019-09-18 17:09:19,258 [pool-27-thread-1] INFO  server.RaftServerConfigKeys (ConfUtils.java:logGet(43)) - raft.server.snapshot.retention.num.files = 5 (custom)
2019-09-18 17:09:19,258 [pool-37-thread-1] INFO  server.RaftServerConfigKeys (ConfUtils.java:logGet(43)) - raft.server.snapshot.retention.num.files = 5 (custom)
2019-09-18 17:09:19,258 [pool-27-thread-1] INFO  server.RaftServerConfigKeys (ConfUtils.java:logGet(43)) - raft.server.retrycache.expirytime = 600000ms (custom)
2019-09-18 17:09:19,258 [pool-37-thread-1] INFO  server.RaftServerConfigKeys (ConfUtils.java:logGet(43)) - raft.server.retrycache.expirytime = 600000ms (custom)
2019-09-18 17:09:19,261 [pool-47-thread-1] INFO  impl.RaftServerImpl (RaftServerImpl.java:start(185)) - e8cef482-1b4f-4b0c-a396-2936b3598954@group-EF5DEF9BEA14: start as a follower, conf=-1: [e8cef482-1b4f-4b0c-a396-2936b3598954:192.168.151.122:34824, bb2e2fdc-5e2a-4e7b-bf34-b91a4ef6e57f:192.168.151.122:37055, a7d7468a-bff9-481c-a656-b0fb8908c0fe:192.168.151.122:43606], old=null
2019-09-18 17:09:19,261 [pool-47-thread-1] INFO  impl.RaftServerImpl (RaftServerImpl.java:setRole(174)) - e8cef482-1b4f-4b0c-a396-2936b3598954@group-EF5DEF9BEA14: changes role from      null to FOLLOWER at term 0 for startAsFollower
2019-09-18 17:09:19,261 [pool-47-thread-1] INFO  impl.RoleInfo (RoleInfo.java:updateAndGet(143)) - e8cef482-1b4f-4b0c-a396-2936b3598954: start FollowerState
2019-09-18 17:09:19,262 [pool-47-thread-1] INFO  util.JmxRegister (JmxRegister.java:tryRegister(44)) - Successfully registered JMX Bean with object name Ratis:service=RaftServer,group=group-EF5DEF9BEA14,id=e8cef482-1b4f-4b0c-a396-2936b3598954
2019-09-18 17:09:19,265 [pool-27-thread-1] INFO  impl.RaftServerImpl (RaftServerImpl.java:start(185)) - a7d7468a-bff9-481c-a656-b0fb8908c0fe@group-EF5DEF9BEA14: start as a follower, conf=-1: [e8cef482-1b4f-4b0c-a396-2936b3598954:192.168.151.122:34824, bb2e2fdc-5e2a-4e7b-bf34-b91a4ef6e57f:192.168.151.122:37055, a7d7468a-bff9-481c-a656-b0fb8908c0fe:192.168.151.122:43606], old=null
2019-09-18 17:09:19,265 [pool-37-thread-1] INFO  impl.RaftServerImpl (RaftServerImpl.java:start(185)) - bb2e2fdc-5e2a-4e7b-bf34-b91a4ef6e57f@group-EF5DEF9BEA14: start as a follower, conf=-1: [e8cef482-1b4f-4b0c-a396-2936b3598954:192.168.151.122:34824, bb2e2fdc-5e2a-4e7b-bf34-b91a4ef6e57f:192.168.151.122:37055, a7d7468a-bff9-481c-a656-b0fb8908c0fe:192.168.151.122:43606], old=null
2019-09-18 17:09:19,265 [pool-27-thread-1] INFO  impl.RaftServerImpl (RaftServerImpl.java:setRole(174)) - a7d7468a-bff9-481c-a656-b0fb8908c0fe@group-EF5DEF9BEA14: changes role from      null to FOLLOWER at term 0 for startAsFollower
2019-09-18 17:09:19,265 [pool-37-thread-1] INFO  impl.RaftServerImpl (RaftServerImpl.java:setRole(174)) - bb2e2fdc-5e2a-4e7b-bf34-b91a4ef6e57f@group-EF5DEF9BEA14: changes role from      null to FOLLOWER at term 0 for startAsFollower
2019-09-18 17:09:19,266 [pool-27-thread-1] INFO  impl.RoleInfo (RoleInfo.java:updateAndGet(143)) - a7d7468a-bff9-481c-a656-b0fb8908c0fe: start FollowerState
2019-09-18 17:09:19,266 [pool-37-thread-1] INFO  impl.RoleInfo (RoleInfo.java:updateAndGet(143)) - bb2e2fdc-5e2a-4e7b-bf34-b91a4ef6e57f: start FollowerState
2019-09-18 17:09:19,266 [pool-27-thread-1] INFO  util.JmxRegister (JmxRegister.java:tryRegister(44)) - Successfully registered JMX Bean with object name Ratis:service=RaftServer,group=group-EF5DEF9BEA14,id=a7d7468a-bff9-481c-a656-b0fb8908c0fe
2019-09-18 17:09:19,266 [pool-37-thread-1] INFO  util.JmxRegister (JmxRegister.java:tryRegister(44)) - Successfully registered JMX Bean with object name Ratis:service=RaftServer,group=group-EF5DEF9BEA14,id=bb2e2fdc-5e2a-4e7b-bf34-b91a4ef6e57f
2019-09-18 17:09:19,283 [RatisPipelineUtilsThread] INFO  pipeline.PipelineStateManager (PipelineStateManager.java:addPipeline(56)) - Created pipeline Pipeline[ Id: 6eddffa9-f1dd-420f-879e-ef5def9bea14, Nodes: e8cef482-1b4f-4b0c-a396-2936b3598954{ip: 192.168.151.122, host: pr-hdds-2121-ltkqc-3926781246, networkLocation: /default-rack, certSerialId: null}a7d7468a-bff9-481c-a656-b0fb8908c0fe{ip: 192.168.151.122, host: pr-hdds-2121-ltkqc-3926781246, networkLocation: /default-rack, certSerialId: null}bb2e2fdc-5e2a-4e7b-bf34-b91a4ef6e57f{ip: 192.168.151.122, host: pr-hdds-2121-ltkqc-3926781246, networkLocation: /default-rack, certSerialId: null}, Type:RATIS, Factor:THREE, State:OPEN]
2019-09-18 17:09:19,373 [main] INFO  ozone.MiniOzoneClusterImpl (MiniOzoneClusterImpl.java:lambda$waitForClusterToBeReady$0(145)) - Cluster is ready. Got 4 of 4 DN Heartbeats.
2019-09-18 17:09:19,377 [main] INFO  container.ReplicationManager (ReplicationManager.java:start(162)) - Starting Replication Monitor Thread.
2019-09-18 17:09:19,378 [ReplicationMonitor] INFO  container.ReplicationManager (ReplicationManager.java:run(225)) - Replication Monitor Thread took 1 milliseconds for processing 0 containers.
2019-09-18 17:09:19,808 [main] INFO  rpc.RpcClient (RpcClient.java:createVolume(302)) - Creating Volume: testcontainerstatemachinefailures, with jenkins1000 as owner.
2019-09-18 17:09:19,887 [IPC Server handler 1 on 34706] INFO  volume.OMVolumeCreateRequest (OMVolumeCreateRequest.java:validateAndUpdateCache(189)) - created volume:testcontainerstatemachinefailures for user:jenkins1000
2019-09-18 17:09:19,916 [main] INFO  rpc.RpcClient (RpcClient.java:createBucket(441)) - Creating Bucket: testcontainerstatemachinefailures/testcontainerstatemachinefailures, with Versioning false and Storage Type set to DISK and Encryption set to false 
2019-09-18 17:09:20,323 [EventQueue-StaleNodeForStaleNodeHandler] INFO  node.StaleNodeHandler (StaleNodeHandler.java:onMessage(58)) - Datanode e8cef482-1b4f-4b0c-a396-2936b3598954{ip: 192.168.151.122, host: pr-hdds-2121-ltkqc-3926781246, networkLocation: /default-rack, certSerialId: null} moved to stale state. Finalizing its pipelines [PipelineID=6eddffa9-f1dd-420f-879e-ef5def9bea14, PipelineID=95e424a3-d52a-42bb-8b73-53feb05d837a]
2019-09-18 17:09:20,331 [EventQueue-StaleNodeForStaleNodeHandler] INFO  pipeline.SCMPipelineManager (SCMPipelineManager.java:finalizeAndDestroyPipeline(311)) - destroying pipeline:Pipeline[ Id: 6eddffa9-f1dd-420f-879e-ef5def9bea14, Nodes: e8cef482-1b4f-4b0c-a396-2936b3598954{ip: 192.168.151.122, host: pr-hdds-2121-ltkqc-3926781246, networkLocation: /default-rack, certSerialId: null}a7d7468a-bff9-481c-a656-b0fb8908c0fe{ip: 192.168.151.122, host: pr-hdds-2121-ltkqc-3926781246, networkLocation: /default-rack, certSerialId: null}bb2e2fdc-5e2a-4e7b-bf34-b91a4ef6e57f{ip: 192.168.151.122, host: pr-hdds-2121-ltkqc-3926781246, networkLocation: /default-rack, certSerialId: null}, Type:RATIS, Factor:THREE, State:OPEN]
2019-09-18 17:09:20,335 [EventQueue-StaleNodeForStaleNodeHandler] INFO  pipeline.PipelineStateManager (PipelineStateManager.java:finalizePipeline(123)) - Pipeline Pipeline[ Id: 6eddffa9-f1dd-420f-879e-ef5def9bea14, Nodes: e8cef482-1b4f-4b0c-a396-2936b3598954{ip: 192.168.151.122, host: pr-hdds-2121-ltkqc-3926781246, networkLocation: /default-rack, certSerialId: null}a7d7468a-bff9-481c-a656-b0fb8908c0fe{ip: 192.168.151.122, host: pr-hdds-2121-ltkqc-3926781246, networkLocation: /default-rack, certSerialId: null}bb2e2fdc-5e2a-4e7b-bf34-b91a4ef6e57f{ip: 192.168.151.122, host: pr-hdds-2121-ltkqc-3926781246, networkLocation: /default-rack, certSerialId: null}, Type:RATIS, Factor:THREE, State:CLOSED] moved to CLOSED state
2019-09-18 17:09:20,353 [EventQueue-CloseContainerForCloseContainerEventHandler] INFO  container.CloseContainerEventHandler (CloseContainerEventHandler.java:onMessage(61)) - Close container Event triggered for container : #1
2019-09-18 17:09:20,355 [EventQueue-StaleNodeForStaleNodeHandler] INFO  pipeline.SCMPipelineManager (SCMPipelineManager.java:finalizeAndDestroyPipeline(311)) - destroying pipeline:Pipeline[ Id: 95e424a3-d52a-42bb-8b73-53feb05d837a, Nodes: e8cef482-1b4f-4b0c-a396-2936b3598954{ip: 192.168.151.122, host: pr-hdds-2121-ltkqc-3926781246, networkLocation: /default-rack, certSerialId: null}, Type:RATIS, Factor:ONE, State:OPEN]
2019-09-18 17:09:20,357 [EventQueue-StaleNodeForStaleNodeHandler] INFO  pipeline.PipelineStateManager (PipelineStateManager.java:finalizePipeline(123)) - Pipeline Pipeline[ Id: 95e424a3-d52a-42bb-8b73-53feb05d837a, Nodes: e8cef482-1b4f-4b0c-a396-2936b3598954{ip: 192.168.151.122, host: pr-hdds-2121-ltkqc-3926781246, networkLocation: /default-rack, certSerialId: null}, Type:RATIS, Factor:ONE, State:CLOSED] moved to CLOSED state
2019-09-18 17:09:20,357 [EventQueue-StaleNodeForStaleNodeHandler] INFO  node.StaleNodeHandler (StaleNodeHandler.java:onMessage(58)) - Datanode a7d7468a-bff9-481c-a656-b0fb8908c0fe{ip: 192.168.151.122, host: pr-hdds-2121-ltkqc-3926781246, networkLocation: /default-rack, certSerialId: null} moved to stale state. Finalizing its pipelines [PipelineID=360fc3e1-0eda-4144-8ab8-b8b687853419, PipelineID=6eddffa9-f1dd-420f-879e-ef5def9bea14]
2019-09-18 17:09:20,358 [EventQueue-StaleNodeForStaleNodeHandler] INFO  pipeline.SCMPipelineManager (SCMPipelineManager.java:finalizeAndDestroyPipeline(311)) - destroying pipeline:Pipeline[ Id: 360fc3e1-0eda-4144-8ab8-b8b687853419, Nodes: a7d7468a-bff9-481c-a656-b0fb8908c0fe{ip: 192.168.151.122, host: pr-hdds-2121-ltkqc-3926781246, networkLocation: /default-rack, certSerialId: null}, Type:RATIS, Factor:ONE, State:OPEN]
2019-09-18 17:09:20,358 [EventQueue-StaleNodeForStaleNodeHandler] INFO  pipeline.PipelineStateManager (PipelineStateManager.java:finalizePipeline(123)) - Pipeline Pipeline[ Id: 360fc3e1-0eda-4144-8ab8-b8b687853419, Nodes: a7d7468a-bff9-481c-a656-b0fb8908c0fe{ip: 192.168.151.122, host: pr-hdds-2121-ltkqc-3926781246, networkLocation: /default-rack, certSerialId: null}, Type:RATIS, Factor:ONE, State:CLOSED] moved to CLOSED state
2019-09-18 17:09:20,358 [EventQueue-StaleNodeForStaleNodeHandler] INFO  pipeline.SCMPipelineManager (SCMPipelineManager.java:finalizeAndDestroyPipeline(311)) - destroying pipeline:Pipeline[ Id: 6eddffa9-f1dd-420f-879e-ef5def9bea14, Nodes: e8cef482-1b4f-4b0c-a396-2936b3598954{ip: 192.168.151.122, host: pr-hdds-2121-ltkqc-3926781246, networkLocation: /default-rack, certSerialId: null}a7d7468a-bff9-481c-a656-b0fb8908c0fe{ip: 192.168.151.122, host: pr-hdds-2121-ltkqc-3926781246, networkLocation: /default-rack, certSerialId: null}bb2e2fdc-5e2a-4e7b-bf34-b91a4ef6e57f{ip: 192.168.151.122, host: pr-hdds-2121-ltkqc-3926781246, networkLocation: /default-rack, certSerialId: null}, Type:RATIS, Factor:THREE, State:CLOSED]
2019-09-18 17:09:20,358 [EventQueue-StaleNodeForStaleNodeHandler] INFO  node.StaleNodeHandler (StaleNodeHandler.java:onMessage(58)) - Datanode bb2e2fdc-5e2a-4e7b-bf34-b91a4ef6e57f{ip: 192.168.151.122, host: pr-hdds-2121-ltkqc-3926781246, networkLocation: /default-rack, certSerialId: null} moved to stale state. Finalizing its pipelines [PipelineID=6eddffa9-f1dd-420f-879e-ef5def9bea14, PipelineID=cc726c18-cc34-4e50-bd23-f1f51d76fb95]
2019-09-18 17:09:20,358 [EventQueue-StaleNodeForStaleNodeHandler] INFO  pipeline.SCMPipelineManager (SCMPipelineManager.java:finalizeAndDestroyPipeline(311)) - destroying pipeline:Pipeline[ Id: 6eddffa9-f1dd-420f-879e-ef5def9bea14, Nodes: e8cef482-1b4f-4b0c-a396-2936b3598954{ip: 192.168.151.122, host: pr-hdds-2121-ltkqc-3926781246, networkLocation: /default-rack, certSerialId: null}a7d7468a-bff9-481c-a656-b0fb8908c0fe{ip: 192.168.151.122, host: pr-hdds-2121-ltkqc-3926781246, networkLocation: /default-rack, certSerialId: null}bb2e2fdc-5e2a-4e7b-bf34-b91a4ef6e57f{ip: 192.168.151.122, host: pr-hdds-2121-ltkqc-3926781246, networkLocation: /default-rack, certSerialId: null}, Type:RATIS, Factor:THREE, State:CLOSED]
2019-09-18 17:09:20,360 [EventQueue-StaleNodeForStaleNodeHandler] INFO  pipeline.SCMPipelineManager (SCMPipelineManager.java:finalizeAndDestroyPipeline(311)) - destroying pipeline:Pipeline[ Id: cc726c18-cc34-4e50-bd23-f1f51d76fb95, Nodes: bb2e2fdc-5e2a-4e7b-bf34-b91a4ef6e57f{ip: 192.168.151.122, host: pr-hdds-2121-ltkqc-3926781246, networkLocation: /default-rack, certSerialId: null}, Type:RATIS, Factor:ONE, State:OPEN]
2019-09-18 17:09:20,360 [EventQueue-StaleNodeForStaleNodeHandler] INFO  pipeline.PipelineStateManager (PipelineStateManager.java:finalizePipeline(123)) - Pipeline Pipeline[ Id: cc726c18-cc34-4e50-bd23-f1f51d76fb95, Nodes: bb2e2fdc-5e2a-4e7b-bf34-b91a4ef6e57f{ip: 192.168.151.122, host: pr-hdds-2121-ltkqc-3926781246, networkLocation: /default-rack, certSerialId: null}, Type:RATIS, Factor:ONE, State:CLOSED] moved to CLOSED state
2019-09-18 17:09:20,404 [main] INFO  impl.MetricsSystemImpl (MetricsSystemImpl.java:init(158)) - XceiverClientMetrics metrics system started (again)
2019-09-18 17:09:20,435 [grpc-default-executor-2] INFO  impl.RaftServerProxy (RaftServerProxy.java:addNew(89)) - e8cef482-1b4f-4b0c-a396-2936b3598954: addNew group-B743CE71530C:[e8cef482-1b4f-4b0c-a396-2936b3598954:192.168.151.122:34824] returns group-B743CE71530C:java.util.concurrent.CompletableFuture@4b0ff3a8[Not completed]
2019-09-18 17:09:20,437 [pool-47-thread-1] INFO  impl.RaftServerImpl (RaftServerImpl.java:<init>(95)) - e8cef482-1b4f-4b0c-a396-2936b3598954: new RaftServerImpl for group-B743CE71530C:[e8cef482-1b4f-4b0c-a396-2936b3598954:192.168.151.122:34824] with ContainerStateMachine:uninitialized
2019-09-18 17:09:20,438 [pool-47-thread-1] INFO  server.RaftServerConfigKeys (ConfUtils.java:logGet(43)) - raft.server.rpc.timeout.min = 5s (custom)
2019-09-18 17:09:20,438 [pool-47-thread-1] INFO  server.RaftServerConfigKeys (ConfUtils.java:logGet(43)) - raft.server.rpc.timeout.max = 5200ms (custom)
2019-09-18 17:09:20,438 [pool-47-thread-1] INFO  server.RaftServerConfigKeys (ConfUtils.java:logGet(43)) - raft.server.rpcslowness.timeout = 1000s (custom)
2019-09-18 17:09:20,438 [pool-47-thread-1] INFO  server.RaftServerConfigKeys (ConfUtils.java:logGet(43)) - raft.server.sleep.deviation.threshold = 300 (default)
2019-09-18 17:09:20,438 [pool-47-thread-1] INFO  server.RaftServerConfigKeys (ConfUtils.java:logGet(43)) - raft.server.log.appender.install.snapshot.enabled = false (custom)
2019-09-18 17:09:20,438 [pool-47-thread-1] INFO  impl.RaftServerImpl (ServerState.java:<init>(103)) - e8cef482-1b4f-4b0c-a396-2936b3598954@group-B743CE71530C: ConfigurationManager, init=-1: [e8cef482-1b4f-4b0c-a396-2936b3598954:192.168.151.122:34824], old=null, confs=<EMPTY_MAP>
2019-09-18 17:09:20,439 [pool-47-thread-1] INFO  server.RaftServerConfigKeys (ConfUtils.java:logGet(43)) - raft.server.storage.dir = [/workdir/hadoop-ozone/integration-test/target/test-dir/MiniOzoneClusterImpl-59decb4f-f8f2-4ce8-9745-e0acc777be20/datanode-2/data/ratis] (custom)
2019-09-18 17:09:20,439 [pool-47-thread-1] INFO  storage.RaftStorageDirectory (RaftStorageDirectory.java:analyzeStorage(246)) - The storage directory /workdir/hadoop-ozone/integration-test/target/test-dir/MiniOzoneClusterImpl-59decb4f-f8f2-4ce8-9745-e0acc777be20/datanode-2/data/ratis/6359af7d-784d-4351-9e3b-b743ce71530c does not exist. Creating ...
2019-09-18 17:09:20,453 [pool-47-thread-1] INFO  storage.RaftStorageDirectory (RaftStorageDirectory.java:tryLock(328)) - Lock on /workdir/hadoop-ozone/integration-test/target/test-dir/MiniOzoneClusterImpl-59decb4f-f8f2-4ce8-9745-e0acc777be20/datanode-2/data/ratis/6359af7d-784d-4351-9e3b-b743ce71530c/in_use.lock acquired by nodename 4947@pr-hdds-2121-ltkqc-3926781246
2019-09-18 17:09:20,466 [pool-47-thread-1] INFO  storage.RaftStorage (RaftStorage.java:format(72)) - Storage directory /workdir/hadoop-ozone/integration-test/target/test-dir/MiniOzoneClusterImpl-59decb4f-f8f2-4ce8-9745-e0acc777be20/datanode-2/data/ratis/6359af7d-784d-4351-9e3b-b743ce71530c has been successfully formatted.
2019-09-18 17:09:20,467 [pool-47-thread-1] INFO  ratis.ContainerStateMachine (ContainerStateMachine.java:loadSnapshot(230)) - group-B743CE71530C: The snapshot info is null. Setting the last applied indexto:(t:0, i:~)
2019-09-18 17:09:20,467 [pool-47-thread-1] INFO  server.RaftServerConfigKeys (ConfUtils.java:logGet(43)) - raft.server.notification.no-leader.timeout = 1000s (custom)
2019-09-18 17:09:20,467 [pool-47-thread-1] INFO  server.RaftServerConfigKeys (ConfUtils.java:logGet(43)) - raft.server.log.use.memory = false (default)
2019-09-18 17:09:20,467 [pool-47-thread-1] INFO  server.RaftServerConfigKeys (ConfUtils.java:logGet(43)) - raft.server.log.purge.gap = 1000000 (custom)
2019-09-18 17:09:20,467 [pool-47-thread-1] INFO  server.RaftServerConfigKeys (ConfUtils.java:logGet(43)) - raft.server.log.appender.buffer.byte-limit = 33554432 (custom)
2019-09-18 17:09:20,467 [pool-47-thread-1] INFO  server.RaftServerConfigKeys (ConfUtils.java:logGet(43)) - raft.server.log.segment.size.max = 1048576 (custom)
2019-09-18 17:09:20,468 [pool-47-thread-1] INFO  server.RaftServerConfigKeys (ConfUtils.java:logGet(43)) - raft.server.log.segment.cache.num.max = 2 (custom)
2019-09-18 17:09:20,468 [pool-47-thread-1] INFO  segmented.SegmentedRaftLogWorker (SegmentedRaftLogWorker.java:<init>(172)) - new e8cef482-1b4f-4b0c-a396-2936b3598954@group-B743CE71530C-SegmentedRaftLogWorker for RaftStorage:Storage Directory /workdir/hadoop-ozone/integration-test/target/test-dir/MiniOzoneClusterImpl-59decb4f-f8f2-4ce8-9745-e0acc777be20/datanode-2/data/ratis/6359af7d-784d-4351-9e3b-b743ce71530c
2019-09-18 17:09:20,468 [pool-47-thread-1] INFO  server.RaftServerConfigKeys (ConfUtils.java:logGet(43)) - raft.server.log.queue.byte-limit = 2147483647 (custom)
2019-09-18 17:09:20,468 [pool-47-thread-1] INFO  server.RaftServerConfigKeys (ConfUtils.java:logGet(43)) - raft.server.log.queue.element-limit = 1024 (custom)
2019-09-18 17:09:20,468 [pool-47-thread-1] INFO  server.RaftServerConfigKeys (ConfUtils.java:logGet(43)) - raft.server.log.segment.size.max = 1048576 (custom)
2019-09-18 17:09:20,468 [pool-47-thread-1] INFO  server.RaftServerConfigKeys (ConfUtils.java:logGet(43)) - raft.server.log.preallocated.size = 16384 (custom)
2019-09-18 17:09:20,469 [pool-47-thread-1] INFO  server.RaftServerConfigKeys (ConfUtils.java:logGet(43)) - raft.server.log.write.buffer.size = 33554432 (custom)
2019-09-18 17:09:20,469 [pool-47-thread-1] INFO  server.RaftServerConfigKeys (ConfUtils.java:logGet(43)) - raft.server.log.force.sync.num = 128 (default)
2019-09-18 17:09:20,469 [pool-47-thread-1] INFO  server.RaftServerConfigKeys (ConfUtils.java:logGet(43)) - raft.server.log.statemachine.data.sync = true (default)
2019-09-18 17:09:20,469 [pool-47-thread-1] INFO  server.RaftServerConfigKeys (ConfUtils.java:logGet(43)) - raft.server.log.statemachine.data.sync.timeout = 10s (default)
2019-09-18 17:09:20,469 [pool-47-thread-1] INFO  server.RaftServerConfigKeys (ConfUtils.java:logGet(43)) - raft.server.log.statemachine.data.sync.timeout.retry = -1 (default)
2019-09-18 17:09:20,470 [pool-47-thread-1] INFO  server.RaftServerConfigKeys (ConfUtils.java:logGet(43)) - raft.server.log.statemachine.data.caching.enabled = true (custom)
2019-09-18 17:09:20,470 [pool-47-thread-1] INFO  segmented.SegmentedRaftLogWorker (SegmentedRaftLogWorker.java:lambda$new$0(132)) - e8cef482-1b4f-4b0c-a396-2936b3598954@group-B743CE71530C-SegmentedRaftLogWorker: flushIndex: setUnconditionally 0 -> -1
2019-09-18 17:09:20,472 [pool-47-thread-1] INFO  server.RaftServerConfigKeys (ConfUtils.java:logGet(43)) - raft.server.snapshot.auto.trigger.enabled = true (custom)
2019-09-18 17:09:20,472 [pool-47-thread-1] INFO  server.RaftServerConfigKeys (ConfUtils.java:logGet(43)) - raft.server.snapshot.auto.trigger.threshold = 10000 (custom)
2019-09-18 17:09:20,472 [pool-47-thread-1] INFO  server.RaftServerConfigKeys (ConfUtils.java:logGet(43)) - raft.server.snapshot.retention.num.files = 5 (custom)
2019-09-18 17:09:20,474 [pool-47-thread-1] INFO  server.RaftServerConfigKeys (ConfUtils.java:logGet(43)) - raft.server.retrycache.expirytime = 600000ms (custom)
2019-09-18 17:09:20,479 [pool-47-thread-1] INFO  impl.RaftServerImpl (RaftServerImpl.java:start(185)) - e8cef482-1b4f-4b0c-a396-2936b3598954@group-B743CE71530C: start as a follower, conf=-1: [e8cef482-1b4f-4b0c-a396-2936b3598954:192.168.151.122:34824], old=null
2019-09-18 17:09:20,480 [pool-47-thread-1] INFO  impl.RaftServerImpl (RaftServerImpl.java:setRole(174)) - e8cef482-1b4f-4b0c-a396-2936b3598954@group-B743CE71530C: changes role from      null to FOLLOWER at term 0 for startAsFollower
2019-09-18 17:09:20,480 [pool-47-thread-1] INFO  impl.RoleInfo (RoleInfo.java:updateAndGet(143)) - e8cef482-1b4f-4b0c-a396-2936b3598954: start FollowerState
2019-09-18 17:09:20,480 [pool-47-thread-1] INFO  util.JmxRegister (JmxRegister.java:tryRegister(44)) - Successfully registered JMX Bean with object name Ratis:service=RaftServer,group=group-B743CE71530C,id=e8cef482-1b4f-4b0c-a396-2936b3598954
2019-09-18 17:09:20,490 [RatisPipelineUtilsThread] INFO  pipeline.PipelineStateManager (PipelineStateManager.java:addPipeline(56)) - Created pipeline Pipeline[ Id: 6359af7d-784d-4351-9e3b-b743ce71530c, Nodes: e8cef482-1b4f-4b0c-a396-2936b3598954{ip: 192.168.151.122, host: pr-hdds-2121-ltkqc-3926781246, networkLocation: /default-rack, certSerialId: null}, Type:RATIS, Factor:ONE, State:OPEN]
2019-09-18 17:09:20,506 [grpc-default-executor-2] INFO  impl.RaftServerProxy (RaftServerProxy.java:addNew(89)) - a7d7468a-bff9-481c-a656-b0fb8908c0fe: addNew group-65FE31C3A0A4:[a7d7468a-bff9-481c-a656-b0fb8908c0fe:192.168.151.122:43606] returns group-65FE31C3A0A4:java.util.concurrent.CompletableFuture@47a96d87[Not completed]
2019-09-18 17:09:20,507 [pool-27-thread-1] INFO  impl.RaftServerImpl (RaftServerImpl.java:<init>(95)) - a7d7468a-bff9-481c-a656-b0fb8908c0fe: new RaftServerImpl for group-65FE31C3A0A4:[a7d7468a-bff9-481c-a656-b0fb8908c0fe:192.168.151.122:43606] with ContainerStateMachine:uninitialized
2019-09-18 17:09:20,508 [pool-27-thread-1] INFO  server.RaftServerConfigKeys (ConfUtils.java:logGet(43)) - raft.server.rpc.timeout.min = 5s (custom)
2019-09-18 17:09:20,508 [pool-27-thread-1] INFO  server.RaftServerConfigKeys (ConfUtils.java:logGet(43)) - raft.server.rpc.timeout.max = 5200ms (custom)
2019-09-18 17:09:20,508 [pool-27-thread-1] INFO  server.RaftServerConfigKeys (ConfUtils.java:logGet(43)) - raft.server.rpcslowness.timeout = 1000s (custom)
2019-09-18 17:09:20,508 [pool-27-thread-1] INFO  server.RaftServerConfigKeys (ConfUtils.java:logGet(43)) - raft.server.sleep.deviation.threshold = 300 (default)
2019-09-18 17:09:20,508 [pool-27-thread-1] INFO  server.RaftServerConfigKeys (ConfUtils.java:logGet(43)) - raft.server.log.appender.install.snapshot.enabled = false (custom)
2019-09-18 17:09:20,508 [pool-27-thread-1] INFO  impl.RaftServerImpl (ServerState.java:<init>(103)) - a7d7468a-bff9-481c-a656-b0fb8908c0fe@group-65FE31C3A0A4: ConfigurationManager, init=-1: [a7d7468a-bff9-481c-a656-b0fb8908c0fe:192.168.151.122:43606], old=null, confs=<EMPTY_MAP>
2019-09-18 17:09:20,508 [pool-27-thread-1] INFO  server.RaftServerConfigKeys (ConfUtils.java:logGet(43)) - raft.server.storage.dir = [/workdir/hadoop-ozone/integration-test/target/test-dir/MiniOzoneClusterImpl-59decb4f-f8f2-4ce8-9745-e0acc777be20/datanode-0/data/ratis] (custom)
2019-09-18 17:09:20,508 [pool-27-thread-1] INFO  storage.RaftStorageDirectory (RaftStorageDirectory.java:analyzeStorage(246)) - The storage directory /workdir/hadoop-ozone/integration-test/target/test-dir/MiniOzoneClusterImpl-59decb4f-f8f2-4ce8-9745-e0acc777be20/datanode-0/data/ratis/9d5389bd-00f9-4c84-b58a-65fe31c3a0a4 does not exist. Creating ...
2019-09-18 17:09:20,514 [grpc-default-executor-2] INFO  client.GrpcClientProtocolClient (GrpcClientProtocolClient.java:onNext(264)) - client-7489BECC4939->e8cef482-1b4f-4b0c-a396-2936b3598954: receive RaftClientReply:client-7489BECC4939->e8cef482-1b4f-4b0c-a396-2936b3598954@group-EF5DEF9BEA14, cid=8, FAILED org.apache.ratis.protocol.NotLeaderException: Server e8cef482-1b4f-4b0c-a396-2936b3598954@group-EF5DEF9BEA14 is not the leader, logIndex=0, commits[e8cef482-1b4f-4b0c-a396-2936b3598954:c-1]
2019-09-18 17:09:20,523 [pool-27-thread-1] INFO  storage.RaftStorageDirectory (RaftStorageDirectory.java:tryLock(328)) - Lock on /workdir/hadoop-ozone/integration-test/target/test-dir/MiniOzoneClusterImpl-59decb4f-f8f2-4ce8-9745-e0acc777be20/datanode-0/data/ratis/9d5389bd-00f9-4c84-b58a-65fe31c3a0a4/in_use.lock acquired by nodename 4947@pr-hdds-2121-ltkqc-3926781246
2019-09-18 17:09:20,539 [pool-27-thread-1] INFO  storage.RaftStorage (RaftStorage.java:format(72)) - Storage directory /workdir/hadoop-ozone/integration-test/target/test-dir/MiniOzoneClusterImpl-59decb4f-f8f2-4ce8-9745-e0acc777be20/datanode-0/data/ratis/9d5389bd-00f9-4c84-b58a-65fe31c3a0a4 has been successfully formatted.
2019-09-18 17:09:20,540 [pool-27-thread-1] INFO  ratis.ContainerStateMachine (ContainerStateMachine.java:loadSnapshot(230)) - group-65FE31C3A0A4: The snapshot info is null. Setting the last applied indexto:(t:0, i:~)
2019-09-18 17:09:20,540 [pool-27-thread-1] INFO  server.RaftServerConfigKeys (ConfUtils.java:logGet(43)) - raft.server.notification.no-leader.timeout = 1000s (custom)
2019-09-18 17:09:20,540 [pool-27-thread-1] INFO  server.RaftServerConfigKeys (ConfUtils.java:logGet(43)) - raft.server.log.use.memory = false (default)
2019-09-18 17:09:20,540 [pool-27-thread-1] INFO  server.RaftServerConfigKeys (ConfUtils.java:logGet(43)) - raft.server.log.purge.gap = 1000000 (custom)
2019-09-18 17:09:20,540 [pool-27-thread-1] INFO  server.RaftServerConfigKeys (ConfUtils.java:logGet(43)) - raft.server.log.appender.buffer.byte-limit = 33554432 (custom)
2019-09-18 17:09:20,540 [pool-27-thread-1] INFO  server.RaftServerConfigKeys (ConfUtils.java:logGet(43)) - raft.server.log.segment.size.max = 1048576 (custom)
2019-09-18 17:09:20,540 [pool-27-thread-1] INFO  server.RaftServerConfigKeys (ConfUtils.java:logGet(43)) - raft.server.log.segment.cache.num.max = 2 (custom)
2019-09-18 17:09:20,541 [pool-27-thread-1] INFO  segmented.SegmentedRaftLogWorker (SegmentedRaftLogWorker.java:<init>(172)) - new a7d7468a-bff9-481c-a656-b0fb8908c0fe@group-65FE31C3A0A4-SegmentedRaftLogWorker for RaftStorage:Storage Directory /workdir/hadoop-ozone/integration-test/target/test-dir/MiniOzoneClusterImpl-59decb4f-f8f2-4ce8-9745-e0acc777be20/datanode-0/data/ratis/9d5389bd-00f9-4c84-b58a-65fe31c3a0a4
2019-09-18 17:09:20,541 [pool-27-thread-1] INFO  server.RaftServerConfigKeys (ConfUtils.java:logGet(43)) - raft.server.log.queue.byte-limit = 2147483647 (custom)
2019-09-18 17:09:20,541 [pool-27-thread-1] INFO  server.RaftServerConfigKeys (ConfUtils.java:logGet(43)) - raft.server.log.queue.element-limit = 1024 (custom)
2019-09-18 17:09:20,541 [pool-27-thread-1] INFO  server.RaftServerConfigKeys (ConfUtils.java:logGet(43)) - raft.server.log.segment.size.max = 1048576 (custom)
2019-09-18 17:09:20,541 [pool-27-thread-1] INFO  server.RaftServerConfigKeys (ConfUtils.java:logGet(43)) - raft.server.log.preallocated.size = 16384 (custom)
2019-09-18 17:09:20,541 [pool-27-thread-1] INFO  server.RaftServerConfigKeys (ConfUtils.java:logGet(43)) - raft.server.log.write.buffer.size = 33554432 (custom)
2019-09-18 17:09:20,541 [pool-27-thread-1] INFO  server.RaftServerConfigKeys (ConfUtils.java:logGet(43)) - raft.server.log.force.sync.num = 128 (default)
2019-09-18 17:09:20,541 [pool-27-thread-1] INFO  server.RaftServerConfigKeys (ConfUtils.java:logGet(43)) - raft.server.log.statemachine.data.sync = true (default)
2019-09-18 17:09:20,541 [pool-27-thread-1] INFO  server.RaftServerConfigKeys (ConfUtils.java:logGet(43)) - raft.server.log.statemachine.data.sync.timeout = 10s (default)
2019-09-18 17:09:20,542 [pool-27-thread-1] INFO  server.RaftServerConfigKeys (ConfUtils.java:logGet(43)) - raft.server.log.statemachine.data.sync.timeout.retry = -1 (default)
2019-09-18 17:09:20,542 [pool-27-thread-1] INFO  server.RaftServerConfigKeys (ConfUtils.java:logGet(43)) - raft.server.log.statemachine.data.caching.enabled = true (custom)
2019-09-18 17:09:20,542 [pool-27-thread-1] INFO  segmented.SegmentedRaftLogWorker (SegmentedRaftLogWorker.java:lambda$new$0(132)) - a7d7468a-bff9-481c-a656-b0fb8908c0fe@group-65FE31C3A0A4-SegmentedRaftLogWorker: flushIndex: setUnconditionally 0 -> -1
2019-09-18 17:09:20,542 [pool-27-thread-1] INFO  server.RaftServerConfigKeys (ConfUtils.java:logGet(43)) - raft.server.snapshot.auto.trigger.enabled = true (custom)
2019-09-18 17:09:20,542 [pool-27-thread-1] INFO  server.RaftServerConfigKeys (ConfUtils.java:logGet(43)) - raft.server.snapshot.auto.trigger.threshold = 10000 (custom)
2019-09-18 17:09:20,542 [pool-27-thread-1] INFO  server.RaftServerConfigKeys (ConfUtils.java:logGet(43)) - raft.server.snapshot.retention.num.files = 5 (custom)
2019-09-18 17:09:20,543 [pool-27-thread-1] INFO  server.RaftServerConfigKeys (ConfUtils.java:logGet(43)) - raft.server.retrycache.expirytime = 600000ms (custom)
2019-09-18 17:09:20,545 [pool-27-thread-1] INFO  impl.RaftServerImpl (RaftServerImpl.java:start(185)) - a7d7468a-bff9-481c-a656-b0fb8908c0fe@group-65FE31C3A0A4: start as a follower, conf=-1: [a7d7468a-bff9-481c-a656-b0fb8908c0fe:192.168.151.122:43606], old=null
2019-09-18 17:09:20,545 [pool-27-thread-1] INFO  impl.RaftServerImpl (RaftServerImpl.java:setRole(174)) - a7d7468a-bff9-481c-a656-b0fb8908c0fe@group-65FE31C3A0A4: changes role from      null to FOLLOWER at term 0 for startAsFollower
2019-09-18 17:09:20,545 [pool-27-thread-1] INFO  impl.RoleInfo (RoleInfo.java:updateAndGet(143)) - a7d7468a-bff9-481c-a656-b0fb8908c0fe: start FollowerState
2019-09-18 17:09:20,545 [pool-27-thread-1] INFO  util.JmxRegister (JmxRegister.java:tryRegister(44)) - Successfully registered JMX Bean with object name Ratis:service=RaftServer,group=group-65FE31C3A0A4,id=a7d7468a-bff9-481c-a656-b0fb8908c0fe
2019-09-18 17:09:20,552 [RatisPipelineUtilsThread] INFO  pipeline.PipelineStateManager (PipelineStateManager.java:addPipeline(56)) - Created pipeline Pipeline[ Id: 9d5389bd-00f9-4c84-b58a-65fe31c3a0a4, Nodes: a7d7468a-bff9-481c-a656-b0fb8908c0fe{ip: 192.168.151.122, host: pr-hdds-2121-ltkqc-3926781246, networkLocation: /default-rack, certSerialId: null}, Type:RATIS, Factor:ONE, State:OPEN]
2019-09-18 17:09:20,564 [grpc-default-executor-1] INFO  impl.RaftServerProxy (RaftServerProxy.java:addNew(89)) - bb2e2fdc-5e2a-4e7b-bf34-b91a4ef6e57f: addNew group-73B053662116:[bb2e2fdc-5e2a-4e7b-bf34-b91a4ef6e57f:192.168.151.122:37055] returns group-73B053662116:java.util.concurrent.CompletableFuture@35313b5f[Not completed]
2019-09-18 17:09:20,565 [pool-37-thread-1] INFO  impl.RaftServerImpl (RaftServerImpl.java:<init>(95)) - bb2e2fdc-5e2a-4e7b-bf34-b91a4ef6e57f: new RaftServerImpl for group-73B053662116:[bb2e2fdc-5e2a-4e7b-bf34-b91a4ef6e57f:192.168.151.122:37055] with ContainerStateMachine:uninitialized
2019-09-18 17:09:20,565 [pool-37-thread-1] INFO  server.RaftServerConfigKeys (ConfUtils.java:logGet(43)) - raft.server.rpc.timeout.min = 5s (custom)
2019-09-18 17:09:20,566 [pool-37-thread-1] INFO  server.RaftServerConfigKeys (ConfUtils.java:logGet(43)) - raft.server.rpc.timeout.max = 5200ms (custom)
2019-09-18 17:09:20,566 [pool-37-thread-1] INFO  server.RaftServerConfigKeys (ConfUtils.java:logGet(43)) - raft.server.rpcslowness.timeout = 1000s (custom)
2019-09-18 17:09:20,566 [pool-37-thread-1] INFO  server.RaftServerConfigKeys (ConfUtils.java:logGet(43)) - raft.server.sleep.deviation.threshold = 300 (default)
2019-09-18 17:09:20,566 [pool-37-thread-1] INFO  server.RaftServerConfigKeys (ConfUtils.java:logGet(43)) - raft.server.log.appender.install.snapshot.enabled = false (custom)
2019-09-18 17:09:20,566 [pool-37-thread-1] INFO  impl.RaftServerImpl (ServerState.java:<init>(103)) - bb2e2fdc-5e2a-4e7b-bf34-b91a4ef6e57f@group-73B053662116: ConfigurationManager, init=-1: [bb2e2fdc-5e2a-4e7b-bf34-b91a4ef6e57f:192.168.151.122:37055], old=null, confs=<EMPTY_MAP>
2019-09-18 17:09:20,566 [pool-37-thread-1] INFO  server.RaftServerConfigKeys (ConfUtils.java:logGet(43)) - raft.server.storage.dir = [/workdir/hadoop-ozone/integration-test/target/test-dir/MiniOzoneClusterImpl-59decb4f-f8f2-4ce8-9745-e0acc777be20/datanode-1/data/ratis] (custom)
2019-09-18 17:09:20,567 [pool-37-thread-1] INFO  storage.RaftStorageDirectory (RaftStorageDirectory.java:analyzeStorage(246)) - The storage directory /workdir/hadoop-ozone/integration-test/target/test-dir/MiniOzoneClusterImpl-59decb4f-f8f2-4ce8-9745-e0acc777be20/datanode-1/data/ratis/2fce6e53-5849-4918-a7f9-73b053662116 does not exist. Creating ...
2019-09-18 17:09:20,579 [pool-37-thread-1] INFO  storage.RaftStorageDirectory (RaftStorageDirectory.java:tryLock(328)) - Lock on /workdir/hadoop-ozone/integration-test/target/test-dir/MiniOzoneClusterImpl-59decb4f-f8f2-4ce8-9745-e0acc777be20/datanode-1/data/ratis/2fce6e53-5849-4918-a7f9-73b053662116/in_use.lock acquired by nodename 4947@pr-hdds-2121-ltkqc-3926781246
2019-09-18 17:09:20,600 [pool-37-thread-1] INFO  storage.RaftStorage (RaftStorage.java:format(72)) - Storage directory /workdir/hadoop-ozone/integration-test/target/test-dir/MiniOzoneClusterImpl-59decb4f-f8f2-4ce8-9745-e0acc777be20/datanode-1/data/ratis/2fce6e53-5849-4918-a7f9-73b053662116 has been successfully formatted.
2019-09-18 17:09:20,601 [pool-37-thread-1] INFO  ratis.ContainerStateMachine (ContainerStateMachine.java:loadSnapshot(230)) - group-73B053662116: The snapshot info is null. Setting the last applied indexto:(t:0, i:~)
2019-09-18 17:09:20,601 [pool-37-thread-1] INFO  server.RaftServerConfigKeys (ConfUtils.java:logGet(43)) - raft.server.notification.no-leader.timeout = 1000s (custom)
2019-09-18 17:09:20,601 [pool-37-thread-1] INFO  server.RaftServerConfigKeys (ConfUtils.java:logGet(43)) - raft.server.log.use.memory = false (default)
2019-09-18 17:09:20,601 [pool-37-thread-1] INFO  server.RaftServerConfigKeys (ConfUtils.java:logGet(43)) - raft.server.log.purge.gap = 1000000 (custom)
2019-09-18 17:09:20,601 [pool-37-thread-1] INFO  server.RaftServerConfigKeys (ConfUtils.java:logGet(43)) - raft.server.log.appender.buffer.byte-limit = 33554432 (custom)
2019-09-18 17:09:20,601 [pool-37-thread-1] INFO  server.RaftServerConfigKeys (ConfUtils.java:logGet(43)) - raft.server.log.segment.size.max = 1048576 (custom)
2019-09-18 17:09:20,602 [pool-37-thread-1] INFO  server.RaftServerConfigKeys (ConfUtils.java:logGet(43)) - raft.server.log.segment.cache.num.max = 2 (custom)
2019-09-18 17:09:20,602 [pool-37-thread-1] INFO  segmented.SegmentedRaftLogWorker (SegmentedRaftLogWorker.java:<init>(172)) - new bb2e2fdc-5e2a-4e7b-bf34-b91a4ef6e57f@group-73B053662116-SegmentedRaftLogWorker for RaftStorage:Storage Directory /workdir/hadoop-ozone/integration-test/target/test-dir/MiniOzoneClusterImpl-59decb4f-f8f2-4ce8-9745-e0acc777be20/datanode-1/data/ratis/2fce6e53-5849-4918-a7f9-73b053662116
2019-09-18 17:09:20,602 [pool-37-thread-1] INFO  server.RaftServerConfigKeys (ConfUtils.java:logGet(43)) - raft.server.log.queue.byte-limit = 2147483647 (custom)
2019-09-18 17:09:20,602 [pool-37-thread-1] INFO  server.RaftServerConfigKeys (ConfUtils.java:logGet(43)) - raft.server.log.queue.element-limit = 1024 (custom)
2019-09-18 17:09:20,602 [pool-37-thread-1] INFO  server.RaftServerConfigKeys (ConfUtils.java:logGet(43)) - raft.server.log.segment.size.max = 1048576 (custom)
2019-09-18 17:09:20,602 [pool-37-thread-1] INFO  server.RaftServerConfigKeys (ConfUtils.java:logGet(43)) - raft.server.log.preallocated.size = 16384 (custom)
2019-09-18 17:09:20,602 [pool-37-thread-1] INFO  server.RaftServerConfigKeys (ConfUtils.java:logGet(43)) - raft.server.log.write.buffer.size = 33554432 (custom)
2019-09-18 17:09:20,602 [pool-37-thread-1] INFO  server.RaftServerConfigKeys (ConfUtils.java:logGet(43)) - raft.server.log.force.sync.num = 128 (default)
2019-09-18 17:09:20,602 [pool-37-thread-1] INFO  server.RaftServerConfigKeys (ConfUtils.java:logGet(43)) - raft.server.log.statemachine.data.sync = true (default)
2019-09-18 17:09:20,603 [pool-37-thread-1] INFO  server.RaftServerConfigKeys (ConfUtils.java:logGet(43)) - raft.server.log.statemachine.data.sync.timeout = 10s (default)
2019-09-18 17:09:20,603 [pool-37-thread-1] INFO  server.RaftServerConfigKeys (ConfUtils.java:logGet(43)) - raft.server.log.statemachine.data.sync.timeout.retry = -1 (default)
2019-09-18 17:09:20,603 [pool-37-thread-1] INFO  server.RaftServerConfigKeys (ConfUtils.java:logGet(43)) - raft.server.log.statemachine.data.caching.enabled = true (custom)
2019-09-18 17:09:20,603 [pool-37-thread-1] INFO  segmented.SegmentedRaftLogWorker (SegmentedRaftLogWorker.java:lambda$new$0(132)) - bb2e2fdc-5e2a-4e7b-bf34-b91a4ef6e57f@group-73B053662116-SegmentedRaftLogWorker: flushIndex: setUnconditionally 0 -> -1
2019-09-18 17:09:20,603 [pool-37-thread-1] INFO  server.RaftServerConfigKeys (ConfUtils.java:logGet(43)) - raft.server.snapshot.auto.trigger.enabled = true (custom)
2019-09-18 17:09:20,604 [pool-37-thread-1] INFO  server.RaftServerConfigKeys (ConfUtils.java:logGet(43)) - raft.server.snapshot.auto.trigger.threshold = 10000 (custom)
2019-09-18 17:09:20,604 [pool-37-thread-1] INFO  server.RaftServerConfigKeys (ConfUtils.java:logGet(43)) - raft.server.snapshot.retention.num.files = 5 (custom)
2019-09-18 17:09:20,604 [pool-37-thread-1] INFO  server.RaftServerConfigKeys (ConfUtils.java:logGet(43)) - raft.server.retrycache.expirytime = 600000ms (custom)
2019-09-18 17:09:20,606 [pool-37-thread-1] INFO  impl.RaftServerImpl (RaftServerImpl.java:start(185)) - bb2e2fdc-5e2a-4e7b-bf34-b91a4ef6e57f@group-73B053662116: start as a follower, conf=-1: [bb2e2fdc-5e2a-4e7b-bf34-b91a4ef6e57f:192.168.151.122:37055], old=null
2019-09-18 17:09:20,606 [pool-37-thread-1] INFO  impl.RaftServerImpl (RaftServerImpl.java:setRole(174)) - bb2e2fdc-5e2a-4e7b-bf34-b91a4ef6e57f@group-73B053662116: changes role from      null to FOLLOWER at term 0 for startAsFollower
2019-09-18 17:09:20,606 [pool-37-thread-1] INFO  impl.RoleInfo (RoleInfo.java:updateAndGet(143)) - bb2e2fdc-5e2a-4e7b-bf34-b91a4ef6e57f: start FollowerState
2019-09-18 17:09:20,607 [pool-37-thread-1] INFO  util.JmxRegister (JmxRegister.java:tryRegister(44)) - Successfully registered JMX Bean with object name Ratis:service=RaftServer,group=group-73B053662116,id=bb2e2fdc-5e2a-4e7b-bf34-b91a4ef6e57f
2019-09-18 17:09:20,614 [RatisPipelineUtilsThread] INFO  pipeline.PipelineStateManager (PipelineStateManager.java:addPipeline(56)) - Created pipeline Pipeline[ Id: 2fce6e53-5849-4918-a7f9-73b053662116, Nodes: bb2e2fdc-5e2a-4e7b-bf34-b91a4ef6e57f{ip: 192.168.151.122, host: pr-hdds-2121-ltkqc-3926781246, networkLocation: /default-rack, certSerialId: null}, Type:RATIS, Factor:ONE, State:OPEN]
2019-09-18 17:09:20,638 [grpc-default-executor-1] INFO  impl.RaftServerProxy (RaftServerProxy.java:addNew(89)) - 32ecdba1-92e8-4c43-a304-4cdea8f8e510: addNew group-5C9F998C68A8:[32ecdba1-92e8-4c43-a304-4cdea8f8e510:192.168.151.122:35272, e8cef482-1b4f-4b0c-a396-2936b3598954:192.168.151.122:34824, a7d7468a-bff9-481c-a656-b0fb8908c0fe:192.168.151.122:43606] returns group-5C9F998C68A8:java.util.concurrent.CompletableFuture@447d6fde[Not completed]
2019-09-18 17:09:20,638 [grpc-default-executor-0] INFO  impl.RaftServerProxy (RaftServerProxy.java:addNew(89)) - e8cef482-1b4f-4b0c-a396-2936b3598954: addNew group-5C9F998C68A8:[32ecdba1-92e8-4c43-a304-4cdea8f8e510:192.168.151.122:35272, e8cef482-1b4f-4b0c-a396-2936b3598954:192.168.151.122:34824, a7d7468a-bff9-481c-a656-b0fb8908c0fe:192.168.151.122:43606] returns group-5C9F998C68A8:java.util.concurrent.CompletableFuture@55581cf9[Not completed]
2019-09-18 17:09:20,638 [grpc-default-executor-2] INFO  impl.RaftServerProxy (RaftServerProxy.java:addNew(89)) - a7d7468a-bff9-481c-a656-b0fb8908c0fe: addNew group-5C9F998C68A8:[32ecdba1-92e8-4c43-a304-4cdea8f8e510:192.168.151.122:35272, e8cef482-1b4f-4b0c-a396-2936b3598954:192.168.151.122:34824, a7d7468a-bff9-481c-a656-b0fb8908c0fe:192.168.151.122:43606] returns group-5C9F998C68A8:java.util.concurrent.CompletableFuture@8c51ab7[Not completed]
2019-09-18 17:09:20,639 [pool-47-thread-1] INFO  impl.RaftServerImpl (RaftServerImpl.java:<init>(95)) - e8cef482-1b4f-4b0c-a396-2936b3598954: new RaftServerImpl for group-5C9F998C68A8:[32ecdba1-92e8-4c43-a304-4cdea8f8e510:192.168.151.122:35272, e8cef482-1b4f-4b0c-a396-2936b3598954:192.168.151.122:34824, a7d7468a-bff9-481c-a656-b0fb8908c0fe:192.168.151.122:43606] with ContainerStateMachine:uninitialized
2019-09-18 17:09:20,639 [pool-47-thread-1] INFO  server.RaftServerConfigKeys (ConfUtils.java:logGet(43)) - raft.server.rpc.timeout.min = 5s (custom)
2019-09-18 17:09:20,640 [pool-47-thread-1] INFO  server.RaftServerConfigKeys (ConfUtils.java:logGet(43)) - raft.server.rpc.timeout.max = 5200ms (custom)
2019-09-18 17:09:20,640 [pool-47-thread-1] INFO  server.RaftServerConfigKeys (ConfUtils.java:logGet(43)) - raft.server.rpcslowness.timeout = 1000s (custom)
2019-09-18 17:09:20,640 [pool-57-thread-1] INFO  impl.RaftServerImpl (RaftServerImpl.java:<init>(95)) - 32ecdba1-92e8-4c43-a304-4cdea8f8e510: new RaftServerImpl for group-5C9F998C68A8:[32ecdba1-92e8-4c43-a304-4cdea8f8e510:192.168.151.122:35272, e8cef482-1b4f-4b0c-a396-2936b3598954:192.168.151.122:34824, a7d7468a-bff9-481c-a656-b0fb8908c0fe:192.168.151.122:43606] with ContainerStateMachine:uninitialized
2019-09-18 17:09:20,640 [pool-47-thread-1] INFO  server.RaftServerConfigKeys (ConfUtils.java:logGet(43)) - raft.server.sleep.deviation.threshold = 300 (default)
2019-09-18 17:09:20,640 [pool-57-thread-1] INFO  server.RaftServerConfigKeys (ConfUtils.java:logGet(43)) - raft.server.rpc.timeout.min = 5s (custom)
2019-09-18 17:09:20,640 [pool-47-thread-1] INFO  server.RaftServerConfigKeys (ConfUtils.java:logGet(43)) - raft.server.log.appender.install.snapshot.enabled = false (custom)
2019-09-18 17:09:20,640 [pool-57-thread-1] INFO  server.RaftServerConfigKeys (ConfUtils.java:logGet(43)) - raft.server.rpc.timeout.max = 5200ms (custom)
2019-09-18 17:09:20,640 [pool-27-thread-1] INFO  impl.RaftServerImpl (RaftServerImpl.java:<init>(95)) - a7d7468a-bff9-481c-a656-b0fb8908c0fe: new RaftServerImpl for group-5C9F998C68A8:[32ecdba1-92e8-4c43-a304-4cdea8f8e510:192.168.151.122:35272, e8cef482-1b4f-4b0c-a396-2936b3598954:192.168.151.122:34824, a7d7468a-bff9-481c-a656-b0fb8908c0fe:192.168.151.122:43606] with ContainerStateMachine:uninitialized
2019-09-18 17:09:20,640 [pool-47-thread-1] INFO  impl.RaftServerImpl (ServerState.java:<init>(103)) - e8cef482-1b4f-4b0c-a396-2936b3598954@group-5C9F998C68A8: ConfigurationManager, init=-1: [32ecdba1-92e8-4c43-a304-4cdea8f8e510:192.168.151.122:35272, e8cef482-1b4f-4b0c-a396-2936b3598954:192.168.151.122:34824, a7d7468a-bff9-481c-a656-b0fb8908c0fe:192.168.151.122:43606], old=null, confs=<EMPTY_MAP>
2019-09-18 17:09:20,641 [pool-27-thread-1] INFO  server.RaftServerConfigKeys (ConfUtils.java:logGet(43)) - raft.server.rpc.timeout.min = 5s (custom)
2019-09-18 17:09:20,640 [pool-57-thread-1] INFO  server.RaftServerConfigKeys (ConfUtils.java:logGet(43)) - raft.server.rpcslowness.timeout = 1000s (custom)
2019-09-18 17:09:20,641 [pool-27-thread-1] INFO  server.RaftServerConfigKeys (ConfUtils.java:logGet(43)) - raft.server.rpc.timeout.max = 5200ms (custom)
2019-09-18 17:09:20,641 [pool-47-thread-1] INFO  server.RaftServerConfigKeys (ConfUtils.java:logGet(43)) - raft.server.storage.dir = [/workdir/hadoop-ozone/integration-test/target/test-dir/MiniOzoneClusterImpl-59decb4f-f8f2-4ce8-9745-e0acc777be20/datanode-2/data/ratis] (custom)
2019-09-18 17:09:20,641 [pool-27-thread-1] INFO  server.RaftServerConfigKeys (ConfUtils.java:logGet(43)) - raft.server.rpcslowness.timeout = 1000s (custom)
2019-09-18 17:09:20,641 [pool-57-thread-1] INFO  server.RaftServerConfigKeys (ConfUtils.java:logGet(43)) - raft.server.sleep.deviation.threshold = 300 (default)
2019-09-18 17:09:20,641 [pool-27-thread-1] INFO  server.RaftServerConfigKeys (ConfUtils.java:logGet(43)) - raft.server.sleep.deviation.threshold = 300 (default)
2019-09-18 17:09:20,641 [pool-57-thread-1] INFO  server.RaftServerConfigKeys (ConfUtils.java:logGet(43)) - raft.server.log.appender.install.snapshot.enabled = false (custom)
2019-09-18 17:09:20,641 [pool-47-thread-1] INFO  storage.RaftStorageDirectory (RaftStorageDirectory.java:analyzeStorage(246)) - The storage directory /workdir/hadoop-ozone/integration-test/target/test-dir/MiniOzoneClusterImpl-59decb4f-f8f2-4ce8-9745-e0acc777be20/datanode-2/data/ratis/0bb6fcb4-344e-4722-981d-5c9f998c68a8 does not exist. Creating ...
2019-09-18 17:09:20,641 [pool-27-thread-1] INFO  server.RaftServerConfigKeys (ConfUtils.java:logGet(43)) - raft.server.log.appender.install.snapshot.enabled = false (custom)
2019-09-18 17:09:20,642 [pool-57-thread-1] INFO  impl.RaftServerImpl (ServerState.java:<init>(103)) - 32ecdba1-92e8-4c43-a304-4cdea8f8e510@group-5C9F998C68A8: ConfigurationManager, init=-1: [32ecdba1-92e8-4c43-a304-4cdea8f8e510:192.168.151.122:35272, e8cef482-1b4f-4b0c-a396-2936b3598954:192.168.151.122:34824, a7d7468a-bff9-481c-a656-b0fb8908c0fe:192.168.151.122:43606], old=null, confs=<EMPTY_MAP>
2019-09-18 17:09:20,642 [pool-27-thread-1] INFO  impl.RaftServerImpl (ServerState.java:<init>(103)) - a7d7468a-bff9-481c-a656-b0fb8908c0fe@group-5C9F998C68A8: ConfigurationManager, init=-1: [32ecdba1-92e8-4c43-a304-4cdea8f8e510:192.168.151.122:35272, e8cef482-1b4f-4b0c-a396-2936b3598954:192.168.151.122:34824, a7d7468a-bff9-481c-a656-b0fb8908c0fe:192.168.151.122:43606], old=null, confs=<EMPTY_MAP>
2019-09-18 17:09:20,642 [pool-57-thread-1] INFO  server.RaftServerConfigKeys (ConfUtils.java:logGet(43)) - raft.server.storage.dir = [/workdir/hadoop-ozone/integration-test/target/test-dir/MiniOzoneClusterImpl-59decb4f-f8f2-4ce8-9745-e0acc777be20/datanode-3/data/ratis] (custom)
2019-09-18 17:09:20,642 [pool-27-thread-1] INFO  server.RaftServerConfigKeys (ConfUtils.java:logGet(43)) - raft.server.storage.dir = [/workdir/hadoop-ozone/integration-test/target/test-dir/MiniOzoneClusterImpl-59decb4f-f8f2-4ce8-9745-e0acc777be20/datanode-0/data/ratis] (custom)
2019-09-18 17:09:20,642 [pool-57-thread-1] INFO  storage.RaftStorageDirectory (RaftStorageDirectory.java:analyzeStorage(246)) - The storage directory /workdir/hadoop-ozone/integration-test/target/test-dir/MiniOzoneClusterImpl-59decb4f-f8f2-4ce8-9745-e0acc777be20/datanode-3/data/ratis/0bb6fcb4-344e-4722-981d-5c9f998c68a8 does not exist. Creating ...
2019-09-18 17:09:20,642 [pool-27-thread-1] INFO  storage.RaftStorageDirectory (RaftStorageDirectory.java:analyzeStorage(246)) - The storage directory /workdir/hadoop-ozone/integration-test/target/test-dir/MiniOzoneClusterImpl-59decb4f-f8f2-4ce8-9745-e0acc777be20/datanode-0/data/ratis/0bb6fcb4-344e-4722-981d-5c9f998c68a8 does not exist. Creating ...
2019-09-18 17:09:20,655 [pool-57-thread-1] INFO  storage.RaftStorageDirectory (RaftStorageDirectory.java:tryLock(328)) - Lock on /workdir/hadoop-ozone/integration-test/target/test-dir/MiniOzoneClusterImpl-59decb4f-f8f2-4ce8-9745-e0acc777be20/datanode-3/data/ratis/0bb6fcb4-344e-4722-981d-5c9f998c68a8/in_use.lock acquired by nodename 4947@pr-hdds-2121-ltkqc-3926781246
2019-09-18 17:09:20,655 [pool-27-thread-1] INFO  storage.RaftStorageDirectory (RaftStorageDirectory.java:tryLock(328)) - Lock on /workdir/hadoop-ozone/integration-test/target/test-dir/MiniOzoneClusterImpl-59decb4f-f8f2-4ce8-9745-e0acc777be20/datanode-0/data/ratis/0bb6fcb4-344e-4722-981d-5c9f998c68a8/in_use.lock acquired by nodename 4947@pr-hdds-2121-ltkqc-3926781246
2019-09-18 17:09:20,655 [pool-47-thread-1] INFO  storage.RaftStorageDirectory (RaftStorageDirectory.java:tryLock(328)) - Lock on /workdir/hadoop-ozone/integration-test/target/test-dir/MiniOzoneClusterImpl-59decb4f-f8f2-4ce8-9745-e0acc777be20/datanode-2/data/ratis/0bb6fcb4-344e-4722-981d-5c9f998c68a8/in_use.lock acquired by nodename 4947@pr-hdds-2121-ltkqc-3926781246
2019-09-18 17:09:20,668 [pool-27-thread-1] INFO  storage.RaftStorage (RaftStorage.java:format(72)) - Storage directory /workdir/hadoop-ozone/integration-test/target/test-dir/MiniOzoneClusterImpl-59decb4f-f8f2-4ce8-9745-e0acc777be20/datanode-0/data/ratis/0bb6fcb4-344e-4722-981d-5c9f998c68a8 has been successfully formatted.
2019-09-18 17:09:20,668 [pool-57-thread-1] INFO  storage.RaftStorage (RaftStorage.java:format(72)) - Storage directory /workdir/hadoop-ozone/integration-test/target/test-dir/MiniOzoneClusterImpl-59decb4f-f8f2-4ce8-9745-e0acc777be20/datanode-3/data/ratis/0bb6fcb4-344e-4722-981d-5c9f998c68a8 has been successfully formatted.
2019-09-18 17:09:20,668 [pool-47-thread-1] INFO  storage.RaftStorage (RaftStorage.java:format(72)) - Storage directory /workdir/hadoop-ozone/integration-test/target/test-dir/MiniOzoneClusterImpl-59decb4f-f8f2-4ce8-9745-e0acc777be20/datanode-2/data/ratis/0bb6fcb4-344e-4722-981d-5c9f998c68a8 has been successfully formatted.
2019-09-18 17:09:20,668 [pool-27-thread-1] INFO  ratis.ContainerStateMachine (ContainerStateMachine.java:loadSnapshot(230)) - group-5C9F998C68A8: The snapshot info is null. Setting the last applied indexto:(t:0, i:~)
2019-09-18 17:09:20,669 [pool-57-thread-1] INFO  ratis.ContainerStateMachine (ContainerStateMachine.java:loadSnapshot(230)) - group-5C9F998C68A8: The snapshot info is null. Setting the last applied indexto:(t:0, i:~)
2019-09-18 17:09:20,669 [pool-27-thread-1] INFO  server.RaftServerConfigKeys (ConfUtils.java:logGet(43)) - raft.server.notification.no-leader.timeout = 1000s (custom)
2019-09-18 17:09:20,669 [pool-47-thread-1] INFO  ratis.ContainerStateMachine (ContainerStateMachine.java:loadSnapshot(230)) - group-5C9F998C68A8: The snapshot info is null. Setting the last applied indexto:(t:0, i:~)
2019-09-18 17:09:20,669 [pool-27-thread-1] INFO  server.RaftServerConfigKeys (ConfUtils.java:logGet(43)) - raft.server.log.use.memory = false (default)
2019-09-18 17:09:20,669 [pool-57-thread-1] INFO  server.RaftServerConfigKeys (ConfUtils.java:logGet(43)) - raft.server.notification.no-leader.timeout = 1000s (custom)
2019-09-18 17:09:20,669 [pool-27-thread-1] INFO  server.RaftServerConfigKeys (ConfUtils.java:logGet(43)) - raft.server.log.purge.gap = 1000000 (custom)
2019-09-18 17:09:20,669 [pool-47-thread-1] INFO  server.RaftServerConfigKeys (ConfUtils.java:logGet(43)) - raft.server.notification.no-leader.timeout = 1000s (custom)
2019-09-18 17:09:20,669 [pool-27-thread-1] INFO  server.RaftServerConfigKeys (ConfUtils.java:logGet(43)) - raft.server.log.appender.buffer.byte-limit = 33554432 (custom)
2019-09-18 17:09:20,669 [pool-57-thread-1] INFO  server.RaftServerConfigKeys (ConfUtils.java:logGet(43)) - raft.server.log.use.memory = false (default)
2019-09-18 17:09:20,670 [pool-27-thread-1] INFO  server.RaftServerConfigKeys (ConfUtils.java:logGet(43)) - raft.server.log.segment.size.max = 1048576 (custom)
2019-09-18 17:09:20,669 [pool-47-thread-1] INFO  server.RaftServerConfigKeys (ConfUtils.java:logGet(43)) - raft.server.log.use.memory = false (default)
2019-09-18 17:09:20,670 [pool-27-thread-1] INFO  server.RaftServerConfigKeys (ConfUtils.java:logGet(43)) - raft.server.log.segment.cache.num.max = 2 (custom)
2019-09-18 17:09:20,670 [pool-57-thread-1] INFO  server.RaftServerConfigKeys (ConfUtils.java:logGet(43)) - raft.server.log.purge.gap = 1000000 (custom)
2019-09-18 17:09:20,670 [pool-27-thread-1] INFO  segmented.SegmentedRaftLogWorker (SegmentedRaftLogWorker.java:<init>(172)) - new a7d7468a-bff9-481c-a656-b0fb8908c0fe@group-5C9F998C68A8-SegmentedRaftLogWorker for RaftStorage:Storage Directory /workdir/hadoop-ozone/integration-test/target/test-dir/MiniOzoneClusterImpl-59decb4f-f8f2-4ce8-9745-e0acc777be20/datanode-0/data/ratis/0bb6fcb4-344e-4722-981d-5c9f998c68a8
2019-09-18 17:09:20,670 [pool-47-thread-1] INFO  server.RaftServerConfigKeys (ConfUtils.java:logGet(43)) - raft.server.log.purge.gap = 1000000 (custom)
2019-09-18 17:09:20,670 [pool-27-thread-1] INFO  server.RaftServerConfigKeys (ConfUtils.java:logGet(43)) - raft.server.log.queue.byte-limit = 2147483647 (custom)
2019-09-18 17:09:20,670 [pool-57-thread-1] INFO  server.RaftServerConfigKeys (ConfUtils.java:logGet(43)) - raft.server.log.appender.buffer.byte-limit = 33554432 (custom)
2019-09-18 17:09:20,670 [pool-27-thread-1] INFO  server.RaftServerConfigKeys (ConfUtils.java:logGet(43)) - raft.server.log.queue.element-limit = 1024 (custom)
2019-09-18 17:09:20,670 [pool-47-thread-1] INFO  server.RaftServerConfigKeys (ConfUtils.java:logGet(43)) - raft.server.log.appender.buffer.byte-limit = 33554432 (custom)
2019-09-18 17:09:20,671 [pool-27-thread-1] INFO  server.RaftServerConfigKeys (ConfUtils.java:logGet(43)) - raft.server.log.segment.size.max = 1048576 (custom)
2019-09-18 17:09:20,671 [pool-57-thread-1] INFO  server.RaftServerConfigKeys (ConfUtils.java:logGet(43)) - raft.server.log.segment.size.max = 1048576 (custom)
2019-09-18 17:09:20,671 [pool-27-thread-1] INFO  server.RaftServerConfigKeys (ConfUtils.java:logGet(43)) - raft.server.log.preallocated.size = 16384 (custom)
2019-09-18 17:09:20,671 [pool-47-thread-1] INFO  server.RaftServerConfigKeys (ConfUtils.java:logGet(43)) - raft.server.log.segment.size.max = 1048576 (custom)
2019-09-18 17:09:20,671 [pool-27-thread-1] INFO  server.RaftServerConfigKeys (ConfUtils.java:logGet(43)) - raft.server.log.write.buffer.size = 33554432 (custom)
2019-09-18 17:09:20,671 [pool-57-thread-1] INFO  server.RaftServerConfigKeys (ConfUtils.java:logGet(43)) - raft.server.log.segment.cache.num.max = 2 (custom)
2019-09-18 17:09:20,671 [pool-27-thread-1] INFO  server.RaftServerConfigKeys (ConfUtils.java:logGet(43)) - raft.server.log.force.sync.num = 128 (default)
2019-09-18 17:09:20,671 [pool-47-thread-1] INFO  server.RaftServerConfigKeys (ConfUtils.java:logGet(43)) - raft.server.log.segment.cache.num.max = 2 (custom)
2019-09-18 17:09:20,672 [pool-27-thread-1] INFO  server.RaftServerConfigKeys (ConfUtils.java:logGet(43)) - raft.server.log.statemachine.data.sync = true (default)
2019-09-18 17:09:20,672 [pool-57-thread-1] INFO  segmented.SegmentedRaftLogWorker (SegmentedRaftLogWorker.java:<init>(172)) - new 32ecdba1-92e8-4c43-a304-4cdea8f8e510@group-5C9F998C68A8-SegmentedRaftLogWorker for RaftStorage:Storage Directory /workdir/hadoop-ozone/integration-test/target/test-dir/MiniOzoneClusterImpl-59decb4f-f8f2-4ce8-9745-e0acc777be20/datanode-3/data/ratis/0bb6fcb4-344e-4722-981d-5c9f998c68a8
2019-09-18 17:09:20,672 [pool-27-thread-1] INFO  server.RaftServerConfigKeys (ConfUtils.java:logGet(43)) - raft.server.log.statemachine.data.sync.timeout = 10s (default)
2019-09-18 17:09:20,672 [pool-47-thread-1] INFO  segmented.SegmentedRaftLogWorker (SegmentedRaftLogWorker.java:<init>(172)) - new e8cef482-1b4f-4b0c-a396-2936b3598954@group-5C9F998C68A8-SegmentedRaftLogWorker for RaftStorage:Storage Directory /workdir/hadoop-ozone/integration-test/target/test-dir/MiniOzoneClusterImpl-59decb4f-f8f2-4ce8-9745-e0acc777be20/datanode-2/data/ratis/0bb6fcb4-344e-4722-981d-5c9f998c68a8
2019-09-18 17:09:20,672 [pool-27-thread-1] INFO  server.RaftServerConfigKeys (ConfUtils.java:logGet(43)) - raft.server.log.statemachine.data.sync.timeout.retry = -1 (default)
2019-09-18 17:09:20,672 [pool-57-thread-1] INFO  server.RaftServerConfigKeys (ConfUtils.java:logGet(43)) - raft.server.log.queue.byte-limit = 2147483647 (custom)
2019-09-18 17:09:20,672 [pool-27-thread-1] INFO  server.RaftServerConfigKeys (ConfUtils.java:logGet(43)) - raft.server.log.statemachine.data.caching.enabled = true (custom)
2019-09-18 17:09:20,672 [pool-47-thread-1] INFO  server.RaftServerConfigKeys (ConfUtils.java:logGet(43)) - raft.server.log.queue.byte-limit = 2147483647 (custom)
2019-09-18 17:09:20,673 [pool-57-thread-1] INFO  server.RaftServerConfigKeys (ConfUtils.java:logGet(43)) - raft.server.log.queue.element-limit = 1024 (custom)
2019-09-18 17:09:20,673 [pool-47-thread-1] INFO  server.RaftServerConfigKeys (ConfUtils.java:logGet(43)) - raft.server.log.queue.element-limit = 1024 (custom)
2019-09-18 17:09:20,673 [pool-27-thread-1] INFO  segmented.SegmentedRaftLogWorker (SegmentedRaftLogWorker.java:lambda$new$0(132)) - a7d7468a-bff9-481c-a656-b0fb8908c0fe@group-5C9F998C68A8-SegmentedRaftLogWorker: flushIndex: setUnconditionally 0 -> -1
2019-09-18 17:09:20,673 [pool-47-thread-1] INFO  server.RaftServerConfigKeys (ConfUtils.java:logGet(43)) - raft.server.log.segment.size.max = 1048576 (custom)
2019-09-18 17:09:20,673 [pool-57-thread-1] INFO  server.RaftServerConfigKeys (ConfUtils.java:logGet(43)) - raft.server.log.segment.size.max = 1048576 (custom)
2019-09-18 17:09:20,673 [pool-47-thread-1] INFO  server.RaftServerConfigKeys (ConfUtils.java:logGet(43)) - raft.server.log.preallocated.size = 16384 (custom)
2019-09-18 17:09:20,673 [pool-27-thread-1] INFO  server.RaftServerConfigKeys (ConfUtils.java:logGet(43)) - raft.server.snapshot.auto.trigger.enabled = true (custom)
2019-09-18 17:09:20,674 [pool-47-thread-1] INFO  server.RaftServerConfigKeys (ConfUtils.java:logGet(43)) - raft.server.log.write.buffer.size = 33554432 (custom)
2019-09-18 17:09:20,674 [pool-57-thread-1] INFO  server.RaftServerConfigKeys (ConfUtils.java:logGet(43)) - raft.server.log.preallocated.size = 16384 (custom)
2019-09-18 17:09:20,674 [pool-47-thread-1] INFO  server.RaftServerConfigKeys (ConfUtils.java:logGet(43)) - raft.server.log.force.sync.num = 128 (default)
2019-09-18 17:09:20,674 [pool-27-thread-1] INFO  server.RaftServerConfigKeys (ConfUtils.java:logGet(43)) - raft.server.snapshot.auto.trigger.threshold = 10000 (custom)
2019-09-18 17:09:20,674 [pool-47-thread-1] INFO  server.RaftServerConfigKeys (ConfUtils.java:logGet(43)) - raft.server.log.statemachine.data.sync = true (default)
2019-09-18 17:09:20,674 [pool-57-thread-1] INFO  server.RaftServerConfigKeys (ConfUtils.java:logGet(43)) - raft.server.log.write.buffer.size = 33554432 (custom)
2019-09-18 17:09:20,674 [pool-47-thread-1] INFO  server.RaftServerConfigKeys (ConfUtils.java:logGet(43)) - raft.server.log.statemachine.data.sync.timeout = 10s (default)
2019-09-18 17:09:20,674 [pool-27-thread-1] INFO  server.RaftServerConfigKeys (ConfUtils.java:logGet(43)) - raft.server.snapshot.retention.num.files = 5 (custom)
2019-09-18 17:09:20,675 [pool-47-thread-1] INFO  server.RaftServerConfigKeys (ConfUtils.java:logGet(43)) - raft.server.log.statemachine.data.sync.timeout.retry = -1 (default)
2019-09-18 17:09:20,675 [pool-57-thread-1] INFO  server.RaftServerConfigKeys (ConfUtils.java:logGet(43)) - raft.server.log.force.sync.num = 128 (default)
2019-09-18 17:09:20,675 [pool-47-thread-1] INFO  server.RaftServerConfigKeys (ConfUtils.java:logGet(43)) - raft.server.log.statemachine.data.caching.enabled = true (custom)
2019-09-18 17:09:20,675 [pool-27-thread-1] INFO  server.RaftServerConfigKeys (ConfUtils.java:logGet(43)) - raft.server.retrycache.expirytime = 600000ms (custom)
2019-09-18 17:09:20,675 [pool-57-thread-1] INFO  server.RaftServerConfigKeys (ConfUtils.java:logGet(43)) - raft.server.log.statemachine.data.sync = true (default)
2019-09-18 17:09:20,675 [pool-47-thread-1] INFO  segmented.SegmentedRaftLogWorker (SegmentedRaftLogWorker.java:lambda$new$0(132)) - e8cef482-1b4f-4b0c-a396-2936b3598954@group-5C9F998C68A8-SegmentedRaftLogWorker: flushIndex: setUnconditionally 0 -> -1
2019-09-18 17:09:20,676 [pool-57-thread-1] INFO  server.RaftServerConfigKeys (ConfUtils.java:logGet(43)) - raft.server.log.statemachine.data.sync.timeout = 10s (default)
2019-09-18 17:09:20,676 [pool-47-thread-1] INFO  server.RaftServerConfigKeys (ConfUtils.java:logGet(43)) - raft.server.snapshot.auto.trigger.enabled = true (custom)
2019-09-18 17:09:20,676 [pool-57-thread-1] INFO  server.RaftServerConfigKeys (ConfUtils.java:logGet(43)) - raft.server.log.statemachine.data.sync.timeout.retry = -1 (default)
2019-09-18 17:09:20,676 [pool-47-thread-1] INFO  server.RaftServerConfigKeys (ConfUtils.java:logGet(43)) - raft.server.snapshot.auto.trigger.threshold = 10000 (custom)
2019-09-18 17:09:20,676 [pool-57-thread-1] INFO  server.RaftServerConfigKeys (ConfUtils.java:logGet(43)) - raft.server.log.statemachine.data.caching.enabled = true (custom)
2019-09-18 17:09:20,676 [pool-47-thread-1] INFO  server.RaftServerConfigKeys (ConfUtils.java:logGet(43)) - raft.server.snapshot.retention.num.files = 5 (custom)
2019-09-18 17:09:20,677 [pool-47-thread-1] INFO  server.RaftServerConfigKeys (ConfUtils.java:logGet(43)) - raft.server.retrycache.expirytime = 600000ms (custom)
2019-09-18 17:09:20,677 [pool-57-thread-1] INFO  segmented.SegmentedRaftLogWorker (SegmentedRaftLogWorker.java:lambda$new$0(132)) - 32ecdba1-92e8-4c43-a304-4cdea8f8e510@group-5C9F998C68A8-SegmentedRaftLogWorker: flushIndex: setUnconditionally 0 -> -1
2019-09-18 17:09:20,677 [pool-57-thread-1] INFO  server.RaftServerConfigKeys (ConfUtils.java:logGet(43)) - raft.server.snapshot.auto.trigger.enabled = true (custom)
2019-09-18 17:09:20,677 [pool-57-thread-1] INFO  server.RaftServerConfigKeys (ConfUtils.java:logGet(43)) - raft.server.snapshot.auto.trigger.threshold = 10000 (custom)
2019-09-18 17:09:20,677 [pool-27-thread-1] INFO  impl.RaftServerImpl (RaftServerImpl.java:start(185)) - a7d7468a-bff9-481c-a656-b0fb8908c0fe@group-5C9F998C68A8: start as a follower, conf=-1: [32ecdba1-92e8-4c43-a304-4cdea8f8e510:192.168.151.122:35272, e8cef482-1b4f-4b0c-a396-2936b3598954:192.168.151.122:34824, a7d7468a-bff9-481c-a656-b0fb8908c0fe:192.168.151.122:43606], old=null
2019-09-18 17:09:20,677 [pool-57-thread-1] INFO  server.RaftServerConfigKeys (ConfUtils.java:logGet(43)) - raft.server.snapshot.retention.num.files = 5 (custom)
2019-09-18 17:09:20,677 [pool-27-thread-1] INFO  impl.RaftServerImpl (RaftServerImpl.java:setRole(174)) - a7d7468a-bff9-481c-a656-b0fb8908c0fe@group-5C9F998C68A8: changes role from      null to FOLLOWER at term 0 for startAsFollower
2019-09-18 17:09:20,678 [pool-57-thread-1] INFO  server.RaftServerConfigKeys (ConfUtils.java:logGet(43)) - raft.server.retrycache.expirytime = 600000ms (custom)
2019-09-18 17:09:20,678 [pool-27-thread-1] INFO  impl.RoleInfo (RoleInfo.java:updateAndGet(143)) - a7d7468a-bff9-481c-a656-b0fb8908c0fe: start FollowerState
2019-09-18 17:09:20,678 [pool-27-thread-1] INFO  util.JmxRegister (JmxRegister.java:tryRegister(44)) - Successfully registered JMX Bean with object name Ratis:service=RaftServer,group=group-5C9F998C68A8,id=a7d7468a-bff9-481c-a656-b0fb8908c0fe
2019-09-18 17:09:20,679 [pool-47-thread-1] INFO  impl.RaftServerImpl (RaftServerImpl.java:start(185)) - e8cef482-1b4f-4b0c-a396-2936b3598954@group-5C9F998C68A8: start as a follower, conf=-1: [32ecdba1-92e8-4c43-a304-4cdea8f8e510:192.168.151.122:35272, e8cef482-1b4f-4b0c-a396-2936b3598954:192.168.151.122:34824, a7d7468a-bff9-481c-a656-b0fb8908c0fe:192.168.151.122:43606], old=null
2019-09-18 17:09:20,680 [pool-47-thread-1] INFO  impl.RaftServerImpl (RaftServerImpl.java:setRole(174)) - e8cef482-1b4f-4b0c-a396-2936b3598954@group-5C9F998C68A8: changes role from      null to FOLLOWER at term 0 for startAsFollower
2019-09-18 17:09:20,680 [pool-47-thread-1] INFO  impl.RoleInfo (RoleInfo.java:updateAndGet(143)) - e8cef482-1b4f-4b0c-a396-2936b3598954: start FollowerState
2019-09-18 17:09:20,682 [pool-47-thread-1] INFO  util.JmxRegister (JmxRegister.java:tryRegister(44)) - Successfully registered JMX Bean with object name Ratis:service=RaftServer,group=group-5C9F998C68A8,id=e8cef482-1b4f-4b0c-a396-2936b3598954
2019-09-18 17:09:20,683 [pool-57-thread-1] INFO  impl.RaftServerImpl (RaftServerImpl.java:start(185)) - 32ecdba1-92e8-4c43-a304-4cdea8f8e510@group-5C9F998C68A8: start as a follower, conf=-1: [32ecdba1-92e8-4c43-a304-4cdea8f8e510:192.168.151.122:35272, e8cef482-1b4f-4b0c-a396-2936b3598954:192.168.151.122:34824, a7d7468a-bff9-481c-a656-b0fb8908c0fe:192.168.151.122:43606], old=null
2019-09-18 17:09:20,684 [pool-57-thread-1] INFO  impl.RaftServerImpl (RaftServerImpl.java:setRole(174)) - 32ecdba1-92e8-4c43-a304-4cdea8f8e510@group-5C9F998C68A8: changes role from      null to FOLLOWER at term 0 for startAsFollower
2019-09-18 17:09:20,684 [pool-57-thread-1] INFO  impl.RoleInfo (RoleInfo.java:updateAndGet(143)) - 32ecdba1-92e8-4c43-a304-4cdea8f8e510: start FollowerState
2019-09-18 17:09:20,686 [pool-57-thread-1] INFO  util.JmxRegister (JmxRegister.java:tryRegister(44)) - Successfully registered JMX Bean with object name Ratis:service=RaftServer,group=group-5C9F998C68A8,id=32ecdba1-92e8-4c43-a304-4cdea8f8e510
2019-09-18 17:09:20,700 [RatisPipelineUtilsThread] INFO  pipeline.PipelineStateManager (PipelineStateManager.java:addPipeline(56)) - Created pipeline Pipeline[ Id: 0bb6fcb4-344e-4722-981d-5c9f998c68a8, Nodes: e8cef482-1b4f-4b0c-a396-2936b3598954{ip: 192.168.151.122, host: pr-hdds-2121-ltkqc-3926781246, networkLocation: /default-rack, certSerialId: null}a7d7468a-bff9-481c-a656-b0fb8908c0fe{ip: 192.168.151.122, host: pr-hdds-2121-ltkqc-3926781246, networkLocation: /default-rack, certSerialId: null}32ecdba1-92e8-4c43-a304-4cdea8f8e510{ip: 192.168.151.122, host: pr-hdds-2121-ltkqc-3926781246, networkLocation: /default-rack, certSerialId: null}, Type:RATIS, Factor:THREE, State:OPEN]
2019-09-18 17:09:21,120 [Command processor thread] ERROR commandhandler.CloseContainerCommandHandler (CloseContainerCommandHandler.java:handle(84)) - Container #1 does not exist in datanode. Container close failed.
2019-09-18 17:09:21,168 [Thread-193] INFO  container.ReplicationManager (ReplicationManager.java:start(169)) - Replication Monitor Thread is already running.
2019-09-18 17:09:21,193 [Command processor thread] ERROR commandhandler.CloseContainerCommandHandler (CloseContainerCommandHandler.java:handle(84)) - Container #1 does not exist in datanode. Container close failed.
2019-09-18 17:09:21,283 [Command processor thread] ERROR commandhandler.CloseContainerCommandHandler (CloseContainerCommandHandler.java:handle(84)) - Container #1 does not exist in datanode. Container close failed.
2019-09-18 17:09:21,381 [ReplicationMonitor] INFO  container.ReplicationManager (ReplicationManager.java:run(225)) - Replication Monitor Thread took 1 milliseconds for processing 1 containers.
2019-09-18 17:09:21,552 [grpc-default-executor-2] INFO  client.GrpcClientProtocolClient (GrpcClientProtocolClient.java:onNext(264)) - client-7489BECC4939->a7d7468a-bff9-481c-a656-b0fb8908c0fe: receive RaftClientReply:client-7489BECC4939->a7d7468a-bff9-481c-a656-b0fb8908c0fe@group-EF5DEF9BEA14, cid=8, FAILED org.apache.ratis.protocol.NotLeaderException: Server a7d7468a-bff9-481c-a656-b0fb8908c0fe@group-EF5DEF9BEA14 is not the leader, logIndex=0, commits[a7d7468a-bff9-481c-a656-b0fb8908c0fe:c-1]
2019-09-18 17:09:22,576 [grpc-default-executor-2] INFO  client.GrpcClientProtocolClient (GrpcClientProtocolClient.java:onNext(264)) - client-7489BECC4939->e8cef482-1b4f-4b0c-a396-2936b3598954: receive RaftClientReply:client-7489BECC4939->e8cef482-1b4f-4b0c-a396-2936b3598954@group-EF5DEF9BEA14, cid=8, FAILED org.apache.ratis.protocol.NotLeaderException: Server e8cef482-1b4f-4b0c-a396-2936b3598954@group-EF5DEF9BEA14 is not the leader, logIndex=0, commits[e8cef482-1b4f-4b0c-a396-2936b3598954:c-1]
2019-09-18 17:09:23,382 [ReplicationMonitor] INFO  container.ReplicationManager (ReplicationManager.java:run(225)) - Replication Monitor Thread took 0 milliseconds for processing 1 containers.
2019-09-18 17:09:23,600 [grpc-default-executor-2] INFO  client.GrpcClientProtocolClient (GrpcClientProtocolClient.java:onNext(264)) - client-7489BECC4939->bb2e2fdc-5e2a-4e7b-bf34-b91a4ef6e57f: receive RaftClientReply:client-7489BECC4939->bb2e2fdc-5e2a-4e7b-bf34-b91a4ef6e57f@group-EF5DEF9BEA14, cid=8, FAILED org.apache.ratis.protocol.NotLeaderException: Server bb2e2fdc-5e2a-4e7b-bf34-b91a4ef6e57f@group-EF5DEF9BEA14 is not the leader, logIndex=0, commits[bb2e2fdc-5e2a-4e7b-bf34-b91a4ef6e57f:c-1]
2019-09-18 17:09:23,957 [Thread-195] INFO  impl.FollowerState (FollowerState.java:run(106)) - a7d7468a-bff9-481c-a656-b0fb8908c0fe:group-B8B687853419 changes to CANDIDATE, lastRpcTime:5051, electionTimeout:5051ms
2019-09-18 17:09:23,961 [Thread-195] INFO  impl.RoleInfo (RoleInfo.java:shutdownFollowerState(121)) - a7d7468a-bff9-481c-a656-b0fb8908c0fe: shutdown FollowerState
2019-09-18 17:09:23,962 [Thread-195] INFO  impl.RaftServerImpl (RaftServerImpl.java:setRole(174)) - a7d7468a-bff9-481c-a656-b0fb8908c0fe@group-B8B687853419: changes role from  FOLLOWER to CANDIDATE at term 0 for changeToCandidate
2019-09-18 17:09:23,969 [Thread-195] INFO  impl.RoleInfo (RoleInfo.java:updateAndGet(143)) - a7d7468a-bff9-481c-a656-b0fb8908c0fe: start LeaderElection
2019-09-18 17:09:23,998 [a7d7468a-bff9-481c-a656-b0fb8908c0fe@group-B8B687853419:LeaderElection1] INFO  impl.LeaderElection (LeaderElection.java:askForVotes(182)) - a7d7468a-bff9-481c-a656-b0fb8908c0fe@group-B8B687853419:LeaderElection1: begin an election at term 1 for -1: [a7d7468a-bff9-481c-a656-b0fb8908c0fe:192.168.151.122:43606], old=null
2019-09-18 17:09:24,000 [a7d7468a-bff9-481c-a656-b0fb8908c0fe@group-B8B687853419:LeaderElection1] INFO  impl.RoleInfo (RoleInfo.java:shutdownLeaderElection(134)) - a7d7468a-bff9-481c-a656-b0fb8908c0fe: shutdown LeaderElection
2019-09-18 17:09:24,001 [a7d7468a-bff9-481c-a656-b0fb8908c0fe@group-B8B687853419:LeaderElection1] INFO  impl.RaftServerImpl (RaftServerImpl.java:setRole(174)) - a7d7468a-bff9-481c-a656-b0fb8908c0fe@group-B8B687853419: changes role from CANDIDATE to LEADER at term 1 for changeToLeader
2019-09-18 17:09:24,001 [a7d7468a-bff9-481c-a656-b0fb8908c0fe@group-B8B687853419:LeaderElection1] INFO  impl.RaftServerImpl (ServerState.java:setLeader(253)) - a7d7468a-bff9-481c-a656-b0fb8908c0fe@group-B8B687853419: change Leader from null to a7d7468a-bff9-481c-a656-b0fb8908c0fe at term 1 for becomeLeader, leader elected after 5221ms
2019-09-18 17:09:24,010 [a7d7468a-bff9-481c-a656-b0fb8908c0fe@group-B8B687853419:LeaderElection1] INFO  server.RaftServerConfigKeys (ConfUtils.java:logGet(43)) - raft.server.staging.catchup.gap = 1000 (default)
2019-09-18 17:09:24,010 [a7d7468a-bff9-481c-a656-b0fb8908c0fe@group-B8B687853419:LeaderElection1] INFO  server.RaftServerConfigKeys (ConfUtils.java:logGet(43)) - raft.server.rpc.sleep.time = 25ms (default)
2019-09-18 17:09:24,014 [a7d7468a-bff9-481c-a656-b0fb8908c0fe@group-B8B687853419:LeaderElection1] INFO  server.RaftServerConfigKeys (ConfUtils.java:logGet(43)) - raft.server.write.element-limit = 4096 (default)
2019-09-18 17:09:24,017 [a7d7468a-bff9-481c-a656-b0fb8908c0fe@group-B8B687853419:LeaderElection1] INFO  server.RaftServerConfigKeys (ConfUtils.java:logGet(43)) - raft.server.watch.timeout = 10s (default)
2019-09-18 17:09:24,018 [a7d7468a-bff9-481c-a656-b0fb8908c0fe@group-B8B687853419:LeaderElection1] INFO  server.RaftServerConfigKeys (ConfUtils.java:logGet(43)) - raft.server.watch.timeout.denomination = 1s (default)
2019-09-18 17:09:24,019 [a7d7468a-bff9-481c-a656-b0fb8908c0fe@group-B8B687853419:LeaderElection1] INFO  server.RaftServerConfigKeys (ConfUtils.java:logGet(43)) - raft.server.watch.element-limit = 65536 (default)
2019-09-18 17:09:24,033 [a7d7468a-bff9-481c-a656-b0fb8908c0fe@group-B8B687853419:LeaderElection1] INFO  impl.RoleInfo (RoleInfo.java:updateAndGet(143)) - a7d7468a-bff9-481c-a656-b0fb8908c0fe: start LeaderState
2019-09-18 17:09:24,060 [a7d7468a-bff9-481c-a656-b0fb8908c0fe@group-B8B687853419:LeaderElection1] INFO  segmented.SegmentedRaftLogWorker (SegmentedRaftLogWorker.java:startLogSegment(380)) - a7d7468a-bff9-481c-a656-b0fb8908c0fe@group-B8B687853419-SegmentedRaftLogWorker: Starting segment from index:0
2019-09-18 17:09:24,070 [a7d7468a-bff9-481c-a656-b0fb8908c0fe@group-B8B687853419:LeaderElection1] INFO  impl.RaftServerImpl (ServerState.java:setRaftConf(354)) - a7d7468a-bff9-481c-a656-b0fb8908c0fe@group-B8B687853419: set configuration 0: [a7d7468a-bff9-481c-a656-b0fb8908c0fe:192.168.151.122:43606], old=null at 0
2019-09-18 17:09:24,201 [Thread-198] INFO  impl.FollowerState (FollowerState.java:run(106)) - e8cef482-1b4f-4b0c-a396-2936b3598954:group-53FEB05D837A changes to CANDIDATE, lastRpcTime:5146, electionTimeout:5145ms
2019-09-18 17:09:24,216 [Thread-201] INFO  impl.FollowerState (FollowerState.java:run(106)) - bb2e2fdc-5e2a-4e7b-bf34-b91a4ef6e57f:group-F1F51D76FB95 changes to CANDIDATE, lastRpcTime:5072, electionTimeout:5063ms
2019-09-18 17:09:24,217 [Thread-198] INFO  impl.RoleInfo (RoleInfo.java:shutdownFollowerState(121)) - e8cef482-1b4f-4b0c-a396-2936b3598954: shutdown FollowerState
2019-09-18 17:09:24,217 [Thread-201] INFO  impl.RoleInfo (RoleInfo.java:shutdownFollowerState(121)) - bb2e2fdc-5e2a-4e7b-bf34-b91a4ef6e57f: shutdown FollowerState
2019-09-18 17:09:24,217 [Thread-198] INFO  impl.RaftServerImpl (RaftServerImpl.java:setRole(174)) - e8cef482-1b4f-4b0c-a396-2936b3598954@group-53FEB05D837A: changes role from  FOLLOWER to CANDIDATE at term 0 for changeToCandidate
2019-09-18 17:09:24,217 [Thread-201] INFO  impl.RaftServerImpl (RaftServerImpl.java:setRole(174)) - bb2e2fdc-5e2a-4e7b-bf34-b91a4ef6e57f@group-F1F51D76FB95: changes role from  FOLLOWER to CANDIDATE at term 0 for changeToCandidate
2019-09-18 17:09:24,217 [Thread-198] INFO  impl.RoleInfo (RoleInfo.java:updateAndGet(143)) - e8cef482-1b4f-4b0c-a396-2936b3598954: start LeaderElection
2019-09-18 17:09:24,217 [Thread-201] INFO  impl.RoleInfo (RoleInfo.java:updateAndGet(143)) - bb2e2fdc-5e2a-4e7b-bf34-b91a4ef6e57f: start LeaderElection
2019-09-18 17:09:24,238 [a7d7468a-bff9-481c-a656-b0fb8908c0fe@group-B8B687853419-SegmentedRaftLogWorker] INFO  segmented.SegmentedRaftLogWorker (SegmentedRaftLogWorker.java:execute(569)) - a7d7468a-bff9-481c-a656-b0fb8908c0fe@group-B8B687853419-SegmentedRaftLogWorker: created new log segment /workdir/hadoop-ozone/integration-test/target/test-dir/MiniOzoneClusterImpl-59decb4f-f8f2-4ce8-9745-e0acc777be20/datanode-0/data/ratis/360fc3e1-0eda-4144-8ab8-b8b687853419/current/log_inprogress_0
2019-09-18 17:09:24,239 [bb2e2fdc-5e2a-4e7b-bf34-b91a4ef6e57f@group-F1F51D76FB95:LeaderElection3] INFO  impl.LeaderElection (LeaderElection.java:askForVotes(182)) - bb2e2fdc-5e2a-4e7b-bf34-b91a4ef6e57f@group-F1F51D76FB95:LeaderElection3: begin an election at term 1 for -1: [bb2e2fdc-5e2a-4e7b-bf34-b91a4ef6e57f:192.168.151.122:37055], old=null
2019-09-18 17:09:24,239 [e8cef482-1b4f-4b0c-a396-2936b3598954@group-53FEB05D837A:LeaderElection2] INFO  impl.LeaderElection (LeaderElection.java:askForVotes(182)) - e8cef482-1b4f-4b0c-a396-2936b3598954@group-53FEB05D837A:LeaderElection2: begin an election at term 1 for -1: [e8cef482-1b4f-4b0c-a396-2936b3598954:192.168.151.122:34824], old=null
2019-09-18 17:09:24,245 [bb2e2fdc-5e2a-4e7b-bf34-b91a4ef6e57f@group-F1F51D76FB95:LeaderElection3] INFO  impl.RoleInfo (RoleInfo.java:shutdownLeaderElection(134)) - bb2e2fdc-5e2a-4e7b-bf34-b91a4ef6e57f: shutdown LeaderElection
2019-09-18 17:09:24,246 [e8cef482-1b4f-4b0c-a396-2936b3598954@group-53FEB05D837A:LeaderElection2] INFO  impl.RoleInfo (RoleInfo.java:shutdownLeaderElection(134)) - e8cef482-1b4f-4b0c-a396-2936b3598954: shutdown LeaderElection
2019-09-18 17:09:24,246 [bb2e2fdc-5e2a-4e7b-bf34-b91a4ef6e57f@group-F1F51D76FB95:LeaderElection3] INFO  impl.RaftServerImpl (RaftServerImpl.java:setRole(174)) - bb2e2fdc-5e2a-4e7b-bf34-b91a4ef6e57f@group-F1F51D76FB95: changes role from CANDIDATE to LEADER at term 1 for changeToLeader
2019-09-18 17:09:24,246 [e8cef482-1b4f-4b0c-a396-2936b3598954@group-53FEB05D837A:LeaderElection2] INFO  impl.RaftServerImpl (RaftServerImpl.java:setRole(174)) - e8cef482-1b4f-4b0c-a396-2936b3598954@group-53FEB05D837A: changes role from CANDIDATE to LEADER at term 1 for changeToLeader
2019-09-18 17:09:24,246 [bb2e2fdc-5e2a-4e7b-bf34-b91a4ef6e57f@group-F1F51D76FB95:LeaderElection3] INFO  impl.RaftServerImpl (ServerState.java:setLeader(253)) - bb2e2fdc-5e2a-4e7b-bf34-b91a4ef6e57f@group-F1F51D76FB95: change Leader from null to bb2e2fdc-5e2a-4e7b-bf34-b91a4ef6e57f at term 1 for becomeLeader, leader elected after 5130ms
2019-09-18 17:09:24,246 [e8cef482-1b4f-4b0c-a396-2936b3598954@group-53FEB05D837A:LeaderElection2] INFO  impl.RaftServerImpl (ServerState.java:setLeader(253)) - e8cef482-1b4f-4b0c-a396-2936b3598954@group-53FEB05D837A: change Leader from null to e8cef482-1b4f-4b0c-a396-2936b3598954 at term 1 for becomeLeader, leader elected after 5204ms
2019-09-18 17:09:24,247 [bb2e2fdc-5e2a-4e7b-bf34-b91a4ef6e57f@group-F1F51D76FB95:LeaderElection3] INFO  server.RaftServerConfigKeys (ConfUtils.java:logGet(43)) - raft.server.staging.catchup.gap = 1000 (default)
2019-09-18 17:09:24,247 [e8cef482-1b4f-4b0c-a396-2936b3598954@group-53FEB05D837A:LeaderElection2] INFO  server.RaftServerConfigKeys (ConfUtils.java:logGet(43)) - raft.server.staging.catchup.gap = 1000 (default)
2019-09-18 17:09:24,248 [bb2e2fdc-5e2a-4e7b-bf34-b91a4ef6e57f@group-F1F51D76FB95:LeaderElection3] INFO  server.RaftServerConfigKeys (ConfUtils.java:logGet(43)) - raft.server.rpc.sleep.time = 25ms (default)
2019-09-18 17:09:24,248 [e8cef482-1b4f-4b0c-a396-2936b3598954@group-53FEB05D837A:LeaderElection2] INFO  server.RaftServerConfigKeys (ConfUtils.java:logGet(43)) - raft.server.rpc.sleep.time = 25ms (default)
2019-09-18 17:09:24,248 [bb2e2fdc-5e2a-4e7b-bf34-b91a4ef6e57f@group-F1F51D76FB95:LeaderElection3] INFO  server.RaftServerConfigKeys (ConfUtils.java:logGet(43)) - raft.server.write.element-limit = 4096 (default)
2019-09-18 17:09:24,248 [e8cef482-1b4f-4b0c-a396-2936b3598954@group-53FEB05D837A:LeaderElection2] INFO  server.RaftServerConfigKeys (ConfUtils.java:logGet(43)) - raft.server.write.element-limit = 4096 (default)
2019-09-18 17:09:24,248 [bb2e2fdc-5e2a-4e7b-bf34-b91a4ef6e57f@group-F1F51D76FB95:LeaderElection3] INFO  server.RaftServerConfigKeys (ConfUtils.java:logGet(43)) - raft.server.watch.timeout = 10s (default)
2019-09-18 17:09:24,248 [e8cef482-1b4f-4b0c-a396-2936b3598954@group-53FEB05D837A:LeaderElection2] INFO  server.RaftServerConfigKeys (ConfUtils.java:logGet(43)) - raft.server.watch.timeout = 10s (default)
2019-09-18 17:09:24,248 [bb2e2fdc-5e2a-4e7b-bf34-b91a4ef6e57f@group-F1F51D76FB95:LeaderElection3] INFO  server.RaftServerConfigKeys (ConfUtils.java:logGet(43)) - raft.server.watch.timeout.denomination = 1s (default)
2019-09-18 17:09:24,249 [e8cef482-1b4f-4b0c-a396-2936b3598954@group-53FEB05D837A:LeaderElection2] INFO  server.RaftServerConfigKeys (ConfUtils.java:logGet(43)) - raft.server.watch.timeout.denomination = 1s (default)
2019-09-18 17:09:24,249 [bb2e2fdc-5e2a-4e7b-bf34-b91a4ef6e57f@group-F1F51D76FB95:LeaderElection3] INFO  server.RaftServerConfigKeys (ConfUtils.java:logGet(43)) - raft.server.watch.element-limit = 65536 (default)
2019-09-18 17:09:24,249 [e8cef482-1b4f-4b0c-a396-2936b3598954@group-53FEB05D837A:LeaderElection2] INFO  server.RaftServerConfigKeys (ConfUtils.java:logGet(43)) - raft.server.watch.element-limit = 65536 (default)
2019-09-18 17:09:24,252 [bb2e2fdc-5e2a-4e7b-bf34-b91a4ef6e57f@group-F1F51D76FB95:LeaderElection3] INFO  impl.RoleInfo (RoleInfo.java:updateAndGet(143)) - bb2e2fdc-5e2a-4e7b-bf34-b91a4ef6e57f: start LeaderState
2019-09-18 17:09:24,252 [e8cef482-1b4f-4b0c-a396-2936b3598954@group-53FEB05D837A:LeaderElection2] INFO  impl.RoleInfo (RoleInfo.java:updateAndGet(143)) - e8cef482-1b4f-4b0c-a396-2936b3598954: start LeaderState
2019-09-18 17:09:24,252 [bb2e2fdc-5e2a-4e7b-bf34-b91a4ef6e57f@group-F1F51D76FB95:LeaderElection3] INFO  segmented.SegmentedRaftLogWorker (SegmentedRaftLogWorker.java:startLogSegment(380)) - bb2e2fdc-5e2a-4e7b-bf34-b91a4ef6e57f@group-F1F51D76FB95-SegmentedRaftLogWorker: Starting segment from index:0
2019-09-18 17:09:24,253 [e8cef482-1b4f-4b0c-a396-2936b3598954@group-53FEB05D837A:LeaderElection2] INFO  segmented.SegmentedRaftLogWorker (SegmentedRaftLogWorker.java:startLogSegment(380)) - e8cef482-1b4f-4b0c-a396-2936b3598954@group-53FEB05D837A-SegmentedRaftLogWorker: Starting segment from index:0
2019-09-18 17:09:24,253 [bb2e2fdc-5e2a-4e7b-bf34-b91a4ef6e57f@group-F1F51D76FB95:LeaderElection3] INFO  impl.RaftServerImpl (ServerState.java:setRaftConf(354)) - bb2e2fdc-5e2a-4e7b-bf34-b91a4ef6e57f@group-F1F51D76FB95: set configuration 0: [bb2e2fdc-5e2a-4e7b-bf34-b91a4ef6e57f:192.168.151.122:37055], old=null at 0
2019-09-18 17:09:24,285 [e8cef482-1b4f-4b0c-a396-2936b3598954@group-53FEB05D837A:LeaderElection2] INFO  impl.RaftServerImpl (ServerState.java:setRaftConf(354)) - e8cef482-1b4f-4b0c-a396-2936b3598954@group-53FEB05D837A: set configuration 0: [e8cef482-1b4f-4b0c-a396-2936b3598954:192.168.151.122:34824], old=null at 0
2019-09-18 17:09:24,299 [e8cef482-1b4f-4b0c-a396-2936b3598954@group-53FEB05D837A-SegmentedRaftLogWorker] INFO  segmented.SegmentedRaftLogWorker (SegmentedRaftLogWorker.java:execute(569)) - e8cef482-1b4f-4b0c-a396-2936b3598954@group-53FEB05D837A-SegmentedRaftLogWorker: created new log segment /workdir/hadoop-ozone/integration-test/target/test-dir/MiniOzoneClusterImpl-59decb4f-f8f2-4ce8-9745-e0acc777be20/datanode-2/data/ratis/95e424a3-d52a-42bb-8b73-53feb05d837a/current/log_inprogress_0
2019-09-18 17:09:24,299 [bb2e2fdc-5e2a-4e7b-bf34-b91a4ef6e57f@group-F1F51D76FB95-SegmentedRaftLogWorker] INFO  segmented.SegmentedRaftLogWorker (SegmentedRaftLogWorker.java:execute(569)) - bb2e2fdc-5e2a-4e7b-bf34-b91a4ef6e57f@group-F1F51D76FB95-SegmentedRaftLogWorker: created new log segment /workdir/hadoop-ozone/integration-test/target/test-dir/MiniOzoneClusterImpl-59decb4f-f8f2-4ce8-9745-e0acc777be20/datanode-1/data/ratis/cc726c18-cc34-4e50-bd23-f1f51d76fb95/current/log_inprogress_0
2019-09-18 17:09:24,303 [Thread-212] INFO  impl.FollowerState (FollowerState.java:run(106)) - bb2e2fdc-5e2a-4e7b-bf34-b91a4ef6e57f:group-EF5DEF9BEA14 changes to CANDIDATE, lastRpcTime:5037, electionTimeout:5037ms
2019-09-18 17:09:24,303 [Thread-212] INFO  impl.RoleInfo (RoleInfo.java:shutdownFollowerState(121)) - bb2e2fdc-5e2a-4e7b-bf34-b91a4ef6e57f: shutdown FollowerState
2019-09-18 17:09:24,304 [Thread-212] INFO  impl.RaftServerImpl (RaftServerImpl.java:setRole(174)) - bb2e2fdc-5e2a-4e7b-bf34-b91a4ef6e57f@group-EF5DEF9BEA14: changes role from  FOLLOWER to CANDIDATE at term 0 for changeToCandidate
2019-09-18 17:09:24,304 [Thread-212] INFO  impl.RoleInfo (RoleInfo.java:updateAndGet(143)) - bb2e2fdc-5e2a-4e7b-bf34-b91a4ef6e57f: start LeaderElection
2019-09-18 17:09:24,319 [bb2e2fdc-5e2a-4e7b-bf34-b91a4ef6e57f@group-EF5DEF9BEA14:LeaderElection4] INFO  impl.LeaderElection (LeaderElection.java:askForVotes(182)) - bb2e2fdc-5e2a-4e7b-bf34-b91a4ef6e57f@group-EF5DEF9BEA14:LeaderElection4: begin an election at term 1 for -1: [e8cef482-1b4f-4b0c-a396-2936b3598954:192.168.151.122:34824, bb2e2fdc-5e2a-4e7b-bf34-b91a4ef6e57f:192.168.151.122:37055, a7d7468a-bff9-481c-a656-b0fb8908c0fe:192.168.151.122:43606], old=null
2019-09-18 17:09:24,339 [grpc-default-executor-0] INFO  impl.RaftServerImpl (RaftServerImpl.java:setRole(174)) - a7d7468a-bff9-481c-a656-b0fb8908c0fe@group-EF5DEF9BEA14: changes role from  FOLLOWER to FOLLOWER at term 1 for recognizeCandidate:bb2e2fdc-5e2a-4e7b-bf34-b91a4ef6e57f
2019-09-18 17:09:24,339 [grpc-default-executor-2] INFO  impl.RaftServerImpl (RaftServerImpl.java:setRole(174)) - e8cef482-1b4f-4b0c-a396-2936b3598954@group-EF5DEF9BEA14: changes role from  FOLLOWER to FOLLOWER at term 1 for recognizeCandidate:bb2e2fdc-5e2a-4e7b-bf34-b91a4ef6e57f
2019-09-18 17:09:24,340 [Thread-204] INFO  impl.FollowerState (FollowerState.java:run(106)) - 32ecdba1-92e8-4c43-a304-4cdea8f8e510:group-7330DBE7BE43 changes to CANDIDATE, lastRpcTime:5153, electionTimeout:5153ms
2019-09-18 17:09:24,340 [grpc-default-executor-0] INFO  impl.RoleInfo (RoleInfo.java:shutdownFollowerState(121)) - a7d7468a-bff9-481c-a656-b0fb8908c0fe: shutdown FollowerState
2019-09-18 17:09:24,340 [Thread-204] INFO  impl.RoleInfo (RoleInfo.java:shutdownFollowerState(121)) - 32ecdba1-92e8-4c43-a304-4cdea8f8e510: shutdown FollowerState
2019-09-18 17:09:24,340 [grpc-default-executor-2] INFO  impl.RoleInfo (RoleInfo.java:shutdownFollowerState(121)) - e8cef482-1b4f-4b0c-a396-2936b3598954: shutdown FollowerState
2019-09-18 17:09:24,340 [Thread-211] INFO  impl.FollowerState (FollowerState.java:run(115)) - a7d7468a-bff9-481c-a656-b0fb8908c0fe: FollowerState was interrupted: java.lang.InterruptedException: sleep interrupted
2019-09-18 17:09:24,341 [grpc-default-executor-2] INFO  impl.RoleInfo (RoleInfo.java:updateAndGet(143)) - e8cef482-1b4f-4b0c-a396-2936b3598954: start FollowerState
2019-09-18 17:09:24,340 [Thread-204] INFO  impl.RaftServerImpl (RaftServerImpl.java:setRole(174)) - 32ecdba1-92e8-4c43-a304-4cdea8f8e510@group-7330DBE7BE43: changes role from  FOLLOWER to CANDIDATE at term 0 for changeToCandidate
2019-09-18 17:09:24,340 [grpc-default-executor-0] INFO  impl.RoleInfo (RoleInfo.java:updateAndGet(143)) - a7d7468a-bff9-481c-a656-b0fb8908c0fe: start FollowerState
2019-09-18 17:09:24,342 [Thread-204] INFO  impl.RoleInfo (RoleInfo.java:updateAndGet(143)) - 32ecdba1-92e8-4c43-a304-4cdea8f8e510: start LeaderElection
2019-09-18 17:09:24,341 [Thread-209] INFO  impl.FollowerState (FollowerState.java:run(115)) - e8cef482-1b4f-4b0c-a396-2936b3598954: FollowerState was interrupted: java.lang.InterruptedException: sleep interrupted
2019-09-18 17:09:24,360 [32ecdba1-92e8-4c43-a304-4cdea8f8e510@group-7330DBE7BE43:LeaderElection5] INFO  impl.LeaderElection (LeaderElection.java:askForVotes(182)) - 32ecdba1-92e8-4c43-a304-4cdea8f8e510@group-7330DBE7BE43:LeaderElection5: begin an election at term 1 for -1: [32ecdba1-92e8-4c43-a304-4cdea8f8e510:192.168.151.122:35272], old=null
2019-09-18 17:09:24,360 [32ecdba1-92e8-4c43-a304-4cdea8f8e510@group-7330DBE7BE43:LeaderElection5] INFO  impl.RoleInfo (RoleInfo.java:shutdownLeaderElection(134)) - 32ecdba1-92e8-4c43-a304-4cdea8f8e510: shutdown LeaderElection
2019-09-18 17:09:24,360 [32ecdba1-92e8-4c43-a304-4cdea8f8e510@group-7330DBE7BE43:LeaderElection5] INFO  impl.RaftServerImpl (RaftServerImpl.java:setRole(174)) - 32ecdba1-92e8-4c43-a304-4cdea8f8e510@group-7330DBE7BE43: changes role from CANDIDATE to LEADER at term 1 for changeToLeader
2019-09-18 17:09:24,360 [32ecdba1-92e8-4c43-a304-4cdea8f8e510@group-7330DBE7BE43:LeaderElection5] INFO  impl.RaftServerImpl (ServerState.java:setLeader(253)) - 32ecdba1-92e8-4c43-a304-4cdea8f8e510@group-7330DBE7BE43: change Leader from null to 32ecdba1-92e8-4c43-a304-4cdea8f8e510 at term 1 for becomeLeader, leader elected after 5183ms
2019-09-18 17:09:24,362 [32ecdba1-92e8-4c43-a304-4cdea8f8e510@group-7330DBE7BE43:LeaderElection5] INFO  server.RaftServerConfigKeys (ConfUtils.java:logGet(43)) - raft.server.staging.catchup.gap = 1000 (default)
2019-09-18 17:09:24,362 [32ecdba1-92e8-4c43-a304-4cdea8f8e510@group-7330DBE7BE43:LeaderElection5] INFO  server.RaftServerConfigKeys (ConfUtils.java:logGet(43)) - raft.server.rpc.sleep.time = 25ms (default)
2019-09-18 17:09:24,362 [32ecdba1-92e8-4c43-a304-4cdea8f8e510@group-7330DBE7BE43:LeaderElection5] INFO  server.RaftServerConfigKeys (ConfUtils.java:logGet(43)) - raft.server.write.element-limit = 4096 (default)
2019-09-18 17:09:24,362 [32ecdba1-92e8-4c43-a304-4cdea8f8e510@group-7330DBE7BE43:LeaderElection5] INFO  server.RaftServerConfigKeys (ConfUtils.java:logGet(43)) - raft.server.watch.timeout = 10s (default)
2019-09-18 17:09:24,363 [32ecdba1-92e8-4c43-a304-4cdea8f8e510@group-7330DBE7BE43:LeaderElection5] INFO  server.RaftServerConfigKeys (ConfUtils.java:logGet(43)) - raft.server.watch.timeout.denomination = 1s (default)
2019-09-18 17:09:24,363 [32ecdba1-92e8-4c43-a304-4cdea8f8e510@group-7330DBE7BE43:LeaderElection5] INFO  server.RaftServerConfigKeys (ConfUtils.java:logGet(43)) - raft.server.watch.element-limit = 65536 (default)
2019-09-18 17:09:24,368 [32ecdba1-92e8-4c43-a304-4cdea8f8e510@group-7330DBE7BE43:LeaderElection5] INFO  impl.RoleInfo (RoleInfo.java:updateAndGet(143)) - 32ecdba1-92e8-4c43-a304-4cdea8f8e510: start LeaderState
2019-09-18 17:09:24,368 [32ecdba1-92e8-4c43-a304-4cdea8f8e510@group-7330DBE7BE43:LeaderElection5] INFO  segmented.SegmentedRaftLogWorker (SegmentedRaftLogWorker.java:startLogSegment(380)) - 32ecdba1-92e8-4c43-a304-4cdea8f8e510@group-7330DBE7BE43-SegmentedRaftLogWorker: Starting segment from index:0
2019-09-18 17:09:24,369 [32ecdba1-92e8-4c43-a304-4cdea8f8e510@group-7330DBE7BE43:LeaderElection5] INFO  impl.RaftServerImpl (ServerState.java:setRaftConf(354)) - 32ecdba1-92e8-4c43-a304-4cdea8f8e510@group-7330DBE7BE43: set configuration 0: [32ecdba1-92e8-4c43-a304-4cdea8f8e510:192.168.151.122:35272], old=null at 0
2019-09-18 17:09:24,404 [bb2e2fdc-5e2a-4e7b-bf34-b91a4ef6e57f@group-EF5DEF9BEA14:LeaderElection4] INFO  impl.LeaderElection (LeaderElection.java:logAndReturn(56)) - bb2e2fdc-5e2a-4e7b-bf34-b91a4ef6e57f@group-EF5DEF9BEA14:LeaderElection4: Election PASSED; received 1 response(s) [bb2e2fdc-5e2a-4e7b-bf34-b91a4ef6e57f<-e8cef482-1b4f-4b0c-a396-2936b3598954#0:OK-t1] and 0 exception(s); bb2e2fdc-5e2a-4e7b-bf34-b91a4ef6e57f@group-EF5DEF9BEA14:t1, leader=null, voted=bb2e2fdc-5e2a-4e7b-bf34-b91a4ef6e57f, raftlog=bb2e2fdc-5e2a-4e7b-bf34-b91a4ef6e57f@group-EF5DEF9BEA14-SegmentedRaftLog:OPENED:c-1,f-1,i0, conf=-1: [e8cef482-1b4f-4b0c-a396-2936b3598954:192.168.151.122:34824, bb2e2fdc-5e2a-4e7b-bf34-b91a4ef6e57f:192.168.151.122:37055, a7d7468a-bff9-481c-a656-b0fb8908c0fe:192.168.151.122:43606], old=null
2019-09-18 17:09:24,405 [bb2e2fdc-5e2a-4e7b-bf34-b91a4ef6e57f@group-EF5DEF9BEA14:LeaderElection4] INFO  impl.RoleInfo (RoleInfo.java:shutdownLeaderElection(134)) - bb2e2fdc-5e2a-4e7b-bf34-b91a4ef6e57f: shutdown LeaderElection
2019-09-18 17:09:24,405 [bb2e2fdc-5e2a-4e7b-bf34-b91a4ef6e57f@group-EF5DEF9BEA14:LeaderElection4] INFO  impl.RaftServerImpl (RaftServerImpl.java:setRole(174)) - bb2e2fdc-5e2a-4e7b-bf34-b91a4ef6e57f@group-EF5DEF9BEA14: changes role from CANDIDATE to LEADER at term 1 for changeToLeader
2019-09-18 17:09:24,406 [bb2e2fdc-5e2a-4e7b-bf34-b91a4ef6e57f@group-EF5DEF9BEA14:LeaderElection4] INFO  impl.RaftServerImpl (ServerState.java:setLeader(253)) - bb2e2fdc-5e2a-4e7b-bf34-b91a4ef6e57f@group-EF5DEF9BEA14: change Leader from null to bb2e2fdc-5e2a-4e7b-bf34-b91a4ef6e57f at term 1 for becomeLeader, leader elected after 5156ms
2019-09-18 17:09:24,407 [bb2e2fdc-5e2a-4e7b-bf34-b91a4ef6e57f@group-EF5DEF9BEA14:LeaderElection4] INFO  server.RaftServerConfigKeys (ConfUtils.java:logGet(43)) - raft.server.staging.catchup.gap = 1000 (default)
2019-09-18 17:09:24,407 [bb2e2fdc-5e2a-4e7b-bf34-b91a4ef6e57f@group-EF5DEF9BEA14:LeaderElection4] INFO  server.RaftServerConfigKeys (ConfUtils.java:logGet(43)) - raft.server.rpc.sleep.time = 25ms (default)
2019-09-18 17:09:24,408 [bb2e2fdc-5e2a-4e7b-bf34-b91a4ef6e57f@group-EF5DEF9BEA14:LeaderElection4] INFO  server.RaftServerConfigKeys (ConfUtils.java:logGet(43)) - raft.server.write.element-limit = 4096 (default)
2019-09-18 17:09:24,408 [bb2e2fdc-5e2a-4e7b-bf34-b91a4ef6e57f@group-EF5DEF9BEA14:LeaderElection4] INFO  server.RaftServerConfigKeys (ConfUtils.java:logGet(43)) - raft.server.watch.timeout = 10s (default)
2019-09-18 17:09:24,408 [bb2e2fdc-5e2a-4e7b-bf34-b91a4ef6e57f@group-EF5DEF9BEA14:LeaderElection4] INFO  server.RaftServerConfigKeys (ConfUtils.java:logGet(43)) - raft.server.watch.timeout.denomination = 1s (default)
2019-09-18 17:09:24,408 [bb2e2fdc-5e2a-4e7b-bf34-b91a4ef6e57f@group-EF5DEF9BEA14:LeaderElection4] INFO  server.RaftServerConfigKeys (ConfUtils.java:logGet(43)) - raft.server.watch.element-limit = 65536 (default)
2019-09-18 17:09:24,411 [32ecdba1-92e8-4c43-a304-4cdea8f8e510@group-7330DBE7BE43-SegmentedRaftLogWorker] INFO  segmented.SegmentedRaftLogWorker (SegmentedRaftLogWorker.java:execute(569)) - 32ecdba1-92e8-4c43-a304-4cdea8f8e510@group-7330DBE7BE43-SegmentedRaftLogWorker: created new log segment /workdir/hadoop-ozone/integration-test/target/test-dir/MiniOzoneClusterImpl-59decb4f-f8f2-4ce8-9745-e0acc777be20/datanode-3/data/ratis/61db09ac-972f-47e3-85f5-7330dbe7be43/current/log_inprogress_0
2019-09-18 17:09:24,414 [bb2e2fdc-5e2a-4e7b-bf34-b91a4ef6e57f@group-EF5DEF9BEA14:LeaderElection4] INFO  server.RaftServerConfigKeys (ConfUtils.java:logGet(43)) - raft.server.log.appender.snapshot.chunk.size.max = 16MB (=16777216) (default)
2019-09-18 17:09:24,414 [bb2e2fdc-5e2a-4e7b-bf34-b91a4ef6e57f@group-EF5DEF9BEA14:LeaderElection4] INFO  server.RaftServerConfigKeys (ConfUtils.java:logGet(43)) - raft.server.log.appender.buffer.byte-limit = 33554432 (custom)
2019-09-18 17:09:24,415 [bb2e2fdc-5e2a-4e7b-bf34-b91a4ef6e57f@group-EF5DEF9BEA14:LeaderElection4] INFO  server.RaftServerConfigKeys (ConfUtils.java:logGet(43)) - raft.server.log.appender.buffer.element-limit = 1 (custom)
2019-09-18 17:09:24,418 [bb2e2fdc-5e2a-4e7b-bf34-b91a4ef6e57f@group-EF5DEF9BEA14:LeaderElection4] INFO  grpc.GrpcConfigKeys$Server (ConfUtils.java:logGet(43)) - raft.grpc.server.leader.outstanding.appends.max = 128 (default)
2019-09-18 17:09:24,418 [bb2e2fdc-5e2a-4e7b-bf34-b91a4ef6e57f@group-EF5DEF9BEA14:LeaderElection4] INFO  server.RaftServerConfigKeys (ConfUtils.java:logGet(43)) - raft.server.rpc.request.timeout = 3000ms (default)
2019-09-18 17:09:24,419 [bb2e2fdc-5e2a-4e7b-bf34-b91a4ef6e57f@group-EF5DEF9BEA14:LeaderElection4] INFO  server.RaftServerConfigKeys (ConfUtils.java:logGet(43)) - raft.server.log.appender.install.snapshot.enabled = false (custom)
2019-09-18 17:09:24,420 [bb2e2fdc-5e2a-4e7b-bf34-b91a4ef6e57f@group-EF5DEF9BEA14:LeaderElection4] INFO  server.RaftServerConfigKeys (ConfUtils.java:logGet(43)) - raft.server.log.appender.snapshot.chunk.size.max = 16MB (=16777216) (default)
2019-09-18 17:09:24,420 [bb2e2fdc-5e2a-4e7b-bf34-b91a4ef6e57f@group-EF5DEF9BEA14:LeaderElection4] INFO  server.RaftServerConfigKeys (ConfUtils.java:logGet(43)) - raft.server.log.appender.buffer.byte-limit = 33554432 (custom)
2019-09-18 17:09:24,420 [bb2e2fdc-5e2a-4e7b-bf34-b91a4ef6e57f@group-EF5DEF9BEA14:LeaderElection4] INFO  server.RaftServerConfigKeys (ConfUtils.java:logGet(43)) - raft.server.log.appender.buffer.element-limit = 1 (custom)
2019-09-18 17:09:24,420 [bb2e2fdc-5e2a-4e7b-bf34-b91a4ef6e57f@group-EF5DEF9BEA14:LeaderElection4] INFO  grpc.GrpcConfigKeys$Server (ConfUtils.java:logGet(43)) - raft.grpc.server.leader.outstanding.appends.max = 128 (default)
2019-09-18 17:09:24,421 [bb2e2fdc-5e2a-4e7b-bf34-b91a4ef6e57f@group-EF5DEF9BEA14:LeaderElection4] INFO  server.RaftServerConfigKeys (ConfUtils.java:logGet(43)) - raft.server.rpc.request.timeout = 3000ms (default)
2019-09-18 17:09:24,421 [bb2e2fdc-5e2a-4e7b-bf34-b91a4ef6e57f@group-EF5DEF9BEA14:LeaderElection4] INFO  server.RaftServerConfigKeys (ConfUtils.java:logGet(43)) - raft.server.log.appender.install.snapshot.enabled = false (custom)
2019-09-18 17:09:24,422 [bb2e2fdc-5e2a-4e7b-bf34-b91a4ef6e57f@group-EF5DEF9BEA14:LeaderElection4] INFO  impl.RoleInfo (RoleInfo.java:updateAndGet(143)) - bb2e2fdc-5e2a-4e7b-bf34-b91a4ef6e57f: start LeaderState
2019-09-18 17:09:24,422 [bb2e2fdc-5e2a-4e7b-bf34-b91a4ef6e57f@group-EF5DEF9BEA14:LeaderElection4] INFO  segmented.SegmentedRaftLogWorker (SegmentedRaftLogWorker.java:startLogSegment(380)) - bb2e2fdc-5e2a-4e7b-bf34-b91a4ef6e57f@group-EF5DEF9BEA14-SegmentedRaftLogWorker: Starting segment from index:0
2019-09-18 17:09:24,423 [bb2e2fdc-5e2a-4e7b-bf34-b91a4ef6e57f@group-EF5DEF9BEA14:LeaderElection4] INFO  impl.RaftServerImpl (ServerState.java:setRaftConf(354)) - bb2e2fdc-5e2a-4e7b-bf34-b91a4ef6e57f@group-EF5DEF9BEA14: set configuration 0: [e8cef482-1b4f-4b0c-a396-2936b3598954:192.168.151.122:34824, bb2e2fdc-5e2a-4e7b-bf34-b91a4ef6e57f:192.168.151.122:37055, a7d7468a-bff9-481c-a656-b0fb8908c0fe:192.168.151.122:43606], old=null at 0
2019-09-18 17:09:24,470 [bb2e2fdc-5e2a-4e7b-bf34-b91a4ef6e57f@group-EF5DEF9BEA14-SegmentedRaftLogWorker] INFO  segmented.SegmentedRaftLogWorker (SegmentedRaftLogWorker.java:execute(569)) - bb2e2fdc-5e2a-4e7b-bf34-b91a4ef6e57f@group-EF5DEF9BEA14-SegmentedRaftLogWorker: created new log segment /workdir/hadoop-ozone/integration-test/target/test-dir/MiniOzoneClusterImpl-59decb4f-f8f2-4ce8-9745-e0acc777be20/datanode-1/data/ratis/6eddffa9-f1dd-420f-879e-ef5def9bea14/current/log_inprogress_0
2019-09-18 17:09:24,482 [grpc-default-executor-0] INFO  impl.RaftServerImpl (ServerState.java:setLeader(253)) - e8cef482-1b4f-4b0c-a396-2936b3598954@group-EF5DEF9BEA14: change Leader from null to bb2e2fdc-5e2a-4e7b-bf34-b91a4ef6e57f at term 1 for appendEntries, leader elected after 5233ms
2019-09-18 17:09:24,482 [grpc-default-executor-2] INFO  impl.RaftServerImpl (ServerState.java:setLeader(253)) - a7d7468a-bff9-481c-a656-b0fb8908c0fe@group-EF5DEF9BEA14: change Leader from null to bb2e2fdc-5e2a-4e7b-bf34-b91a4ef6e57f at term 1 for appendEntries, leader elected after 5231ms
2019-09-18 17:09:24,512 [grpc-default-executor-2] INFO  impl.RaftServerImpl (ServerState.java:setRaftConf(354)) - e8cef482-1b4f-4b0c-a396-2936b3598954@group-EF5DEF9BEA14: set configuration 0: [e8cef482-1b4f-4b0c-a396-2936b3598954:192.168.151.122:34824, bb2e2fdc-5e2a-4e7b-bf34-b91a4ef6e57f:192.168.151.122:37055, a7d7468a-bff9-481c-a656-b0fb8908c0fe:192.168.151.122:43606], old=null at 0
2019-09-18 17:09:24,512 [grpc-default-executor-0] INFO  impl.RaftServerImpl (ServerState.java:setRaftConf(354)) - a7d7468a-bff9-481c-a656-b0fb8908c0fe@group-EF5DEF9BEA14: set configuration 0: [e8cef482-1b4f-4b0c-a396-2936b3598954:192.168.151.122:34824, bb2e2fdc-5e2a-4e7b-bf34-b91a4ef6e57f:192.168.151.122:37055, a7d7468a-bff9-481c-a656-b0fb8908c0fe:192.168.151.122:43606], old=null at 0
2019-09-18 17:09:24,512 [grpc-default-executor-2] INFO  segmented.SegmentedRaftLogWorker (SegmentedRaftLogWorker.java:startLogSegment(380)) - e8cef482-1b4f-4b0c-a396-2936b3598954@group-EF5DEF9BEA14-SegmentedRaftLogWorker: Starting segment from index:0
2019-09-18 17:09:24,512 [grpc-default-executor-0] INFO  segmented.SegmentedRaftLogWorker (SegmentedRaftLogWorker.java:startLogSegment(380)) - a7d7468a-bff9-481c-a656-b0fb8908c0fe@group-EF5DEF9BEA14-SegmentedRaftLogWorker: Starting segment from index:0
2019-09-18 17:09:24,564 [a7d7468a-bff9-481c-a656-b0fb8908c0fe@group-EF5DEF9BEA14-SegmentedRaftLogWorker] INFO  segmented.SegmentedRaftLogWorker (SegmentedRaftLogWorker.java:execute(569)) - a7d7468a-bff9-481c-a656-b0fb8908c0fe@group-EF5DEF9BEA14-SegmentedRaftLogWorker: created new log segment /workdir/hadoop-ozone/integration-test/target/test-dir/MiniOzoneClusterImpl-59decb4f-f8f2-4ce8-9745-e0acc777be20/datanode-0/data/ratis/6eddffa9-f1dd-420f-879e-ef5def9bea14/current/log_inprogress_0
2019-09-18 17:09:24,564 [e8cef482-1b4f-4b0c-a396-2936b3598954@group-EF5DEF9BEA14-SegmentedRaftLogWorker] INFO  segmented.SegmentedRaftLogWorker (SegmentedRaftLogWorker.java:execute(569)) - e8cef482-1b4f-4b0c-a396-2936b3598954@group-EF5DEF9BEA14-SegmentedRaftLogWorker: created new log segment /workdir/hadoop-ozone/integration-test/target/test-dir/MiniOzoneClusterImpl-59decb4f-f8f2-4ce8-9745-e0acc777be20/datanode-2/data/ratis/6eddffa9-f1dd-420f-879e-ef5def9bea14/current/log_inprogress_0
2019-09-18 17:09:24,627 [grpc-default-executor-0] INFO  client.GrpcClientProtocolClient (GrpcClientProtocolClient.java:onNext(264)) - client-7489BECC4939->e8cef482-1b4f-4b0c-a396-2936b3598954: receive RaftClientReply:client-7489BECC4939->e8cef482-1b4f-4b0c-a396-2936b3598954@group-EF5DEF9BEA14, cid=8, FAILED org.apache.ratis.protocol.NotLeaderException: Server e8cef482-1b4f-4b0c-a396-2936b3598954@group-EF5DEF9BEA14 is not the leader bb2e2fdc-5e2a-4e7b-bf34-b91a4ef6e57f:192.168.151.122:37055, logIndex=0, commits[e8cef482-1b4f-4b0c-a396-2936b3598954:c0, bb2e2fdc-5e2a-4e7b-bf34-b91a4ef6e57f:c0, a7d7468a-bff9-481c-a656-b0fb8908c0fe:c-1]
2019-09-18 17:09:24,844 [grpc-default-executor-2] INFO  client.GrpcClientProtocolClient (GrpcClientProtocolClient.java:onNext(264)) - client-7489BECC4939->bb2e2fdc-5e2a-4e7b-bf34-b91a4ef6e57f: receive RaftClientReply:client-7489BECC4939->bb2e2fdc-5e2a-4e7b-bf34-b91a4ef6e57f@group-EF5DEF9BEA14, cid=8, SUCCESS, logIndex=1, commits[bb2e2fdc-5e2a-4e7b-bf34-b91a4ef6e57f:c1, e8cef482-1b4f-4b0c-a396-2936b3598954:c0, a7d7468a-bff9-481c-a656-b0fb8908c0fe:c0]
2019-09-18 17:09:24,925 [grpc-default-executor-1] INFO  client.GrpcClientProtocolClient (GrpcClientProtocolClient.java:onNext(264)) - client-7489BECC4939->bb2e2fdc-5e2a-4e7b-bf34-b91a4ef6e57f: receive RaftClientReply:client-7489BECC4939->bb2e2fdc-5e2a-4e7b-bf34-b91a4ef6e57f@group-EF5DEF9BEA14, cid=10, SUCCESS, logIndex=3, commits[bb2e2fdc-5e2a-4e7b-bf34-b91a4ef6e57f:c4, e8cef482-1b4f-4b0c-a396-2936b3598954:c3, a7d7468a-bff9-481c-a656-b0fb8908c0fe:c3]
2019-09-18 17:09:24,950 [main] ERROR container.ContainerStateManager (ContainerStateManager.java:updateContainerState(335)) - Failed to update container state #1, reason: invalid state transition from state: CLOSING upon event: FINALIZE.
]]></system-out>
    <system-err><![CDATA[ERROR StatusLogger No Log4j 2 configuration file found. Using default configuration (logging only errors to the console), or user programmatically provided configurations. Set system property 'log4j2.debug' to show Log4j 2 internal initialization logging. See https://logging.apache.org/log4j/2.x/manual/configuration.html for instructions on how to configure Log4j 2
]]></system-err>
  </testcase>
</testsuite>