<?xml version="1.0" encoding="UTF-8"?>
<testsuite xmlns:xsi="http://www.w3.org/2001/XMLSchema-instance" xsi:noNamespaceSchemaLocation="https://maven.apache.org/surefire/maven-surefire-plugin/xsd/surefire-test-report.xsd" name="org.apache.hadoop.ozone.client.rpc.TestMultiBlockWritesWithDnFailures" time="151.25" tests="2" errors="1" skipped="0" failures="0">
  <properties>
    <property name="awt.toolkit" value="sun.awt.X11.XToolkit"/>
    <property name="file.encoding.pkg" value="sun.io"/>
    <property name="java.specification.version" value="1.8"/>
    <property name="sun.cpu.isalist" value=""/>
    <property name="sun.jnu.encoding" value="UTF-8"/>
    <property name="java.class.path" value="/workdir/hadoop-ozone/integration-test/target/test-classes:/workdir/hadoop-ozone/integration-test/target/classes:/home/user/.m2/repository/org/apache/hadoop/hadoop-ozone-common/0.5.0-SNAPSHOT/hadoop-ozone-common-0.5.0-SNAPSHOT.jar:/home/user/.m2/repository/org/apache/commons/commons-compress/1.4.1/commons-compress-1.4.1.jar:/home/user/.m2/repository/org/tukaani/xz/1.0/xz-1.0.jar:/home/user/.m2/repository/org/apache/hadoop/hadoop-common/3.2.0/hadoop-common-3.2.0.jar:/home/user/.m2/repository/org/apache/hadoop/hadoop-hdfs/3.2.0/hadoop-hdfs-3.2.0.jar:/home/user/.m2/repository/org/apache/hadoop/hadoop-hdfs-client/3.2.0/hadoop-hdfs-client-3.2.0.jar:/home/user/.m2/repository/com/fasterxml/jackson/core/jackson-annotations/2.9.5/jackson-annotations-2.9.5.jar:/home/user/.m2/repository/org/apache/hadoop/hadoop-hdds-common/0.5.0-SNAPSHOT/hadoop-hdds-common-0.5.0-SNAPSHOT.jar:/home/user/.m2/repository/javax/annotation/javax.annotation-api/1.2/javax.annotation-api-1.2.jar:/home/user/.m2/repository/org/apache/ratis/ratis-server/0.4.0-78e95b9-SNAPSHOT/ratis-server-0.4.0-78e95b9-SNAPSHOT.jar:/home/user/.m2/repository/org/apache/ratis/ratis-thirdparty-misc/0.2.0/ratis-thirdparty-misc-0.2.0.jar:/home/user/.m2/repository/org/apache/ratis/ratis-proto/0.4.0-78e95b9-SNAPSHOT/ratis-proto-0.4.0-78e95b9-SNAPSHOT.jar:/home/user/.m2/repository/org/apache/ratis/ratis-common/0.4.0-78e95b9-SNAPSHOT/ratis-common-0.4.0-78e95b9-SNAPSHOT.jar:/home/user/.m2/repository/org/apache/ratis/ratis-client/0.4.0-78e95b9-SNAPSHOT/ratis-client-0.4.0-78e95b9-SNAPSHOT.jar:/home/user/.m2/repository/org/apache/ratis/ratis-metrics/0.4.0-78e95b9-SNAPSHOT/ratis-metrics-0.4.0-78e95b9-SNAPSHOT.jar:/home/user/.m2/repository/com/github/joshelser/dropwizard-metrics-hadoop-metrics2-reporter/0.1.2/dropwizard-metrics-hadoop-metrics2-reporter-0.1.2.jar:/home/user/.m2/repository/io/dropwizard/metrics/metrics-jvm/3.2.5/metrics-jvm-3.2.5.jar:/home/user/.m2/repository/io/dropwizard/metrics/metrics-ganglia/3.2.5/metrics-ganglia-3.2.5.jar:/home/user/.m2/repository/info/ganglia/gmetric4j/gmetric4j/1.0.7/gmetric4j-1.0.7.jar:/home/user/.m2/repository/org/apache/ratis/ratis-netty/0.4.0-78e95b9-SNAPSHOT/ratis-netty-0.4.0-78e95b9-SNAPSHOT.jar:/home/user/.m2/repository/org/apache/ratis/ratis-grpc/0.4.0-78e95b9-SNAPSHOT/ratis-grpc-0.4.0-78e95b9-SNAPSHOT.jar:/home/user/.m2/repository/org/rocksdb/rocksdbjni/6.0.1/rocksdbjni-6.0.1.jar:/home/user/.m2/repository/org/apache/logging/log4j/log4j-api/2.11.0/log4j-api-2.11.0.jar:/home/user/.m2/repository/org/apache/logging/log4j/log4j-core/2.11.0/log4j-core-2.11.0.jar:/home/user/.m2/repository/com/lmax/disruptor/3.4.2/disruptor-3.4.2.jar:/home/user/.m2/repository/org/apache/commons/commons-pool2/2.6.0/commons-pool2-2.6.0.jar:/home/user/.m2/repository/org/bouncycastle/bcpkix-jdk15on/1.60/bcpkix-jdk15on-1.60.jar:/home/user/.m2/repository/commons-validator/commons-validator/1.6/commons-validator-1.6.jar:/home/user/.m2/repository/commons-digester/commons-digester/1.8.1/commons-digester-1.8.1.jar:/home/user/.m2/repository/io/jaegertracing/jaeger-client/0.33.1/jaeger-client-0.33.1.jar:/home/user/.m2/repository/io/jaegertracing/jaeger-thrift/0.33.1/jaeger-thrift-0.33.1.jar:/home/user/.m2/repository/org/apache/thrift/libthrift/0.11.0/libthrift-0.11.0.jar:/home/user/.m2/repository/com/squareup/okhttp3/okhttp/3.9.0/okhttp-3.9.0.jar:/home/user/.m2/repository/com/squareup/okio/okio/1.13.0/okio-1.13.0.jar:/home/user/.m2/repository/io/jaegertracing/jaeger-core/0.33.1/jaeger-core-0.33.1.jar:/home/user/.m2/repository/io/jaegertracing/jaeger-tracerresolver/0.33.1/jaeger-tracerresolver-0.33.1.jar:/home/user/.m2/repository/io/opentracing/contrib/opentracing-tracerresolver/0.1.5/opentracing-tracerresolver-0.1.5.jar:/home/user/.m2/repository/io/opentracing/opentracing-util/0.31.0/opentracing-util-0.31.0.jar:/home/user/.m2/repository/io/opentracing/opentracing-api/0.31.0/opentracing-api-0.31.0.jar:/home/user/.m2/repository/io/opentracing/opentracing-noop/0.31.0/opentracing-noop-0.31.0.jar:/home/user/.m2/repository/org/apache/hadoop/hadoop-hdds-server-framework/0.5.0-SNAPSHOT/hadoop-hdds-server-framework-0.5.0-SNAPSHOT.jar:/home/user/.m2/repository/org/apache/hadoop/hadoop-hdds-container-service/0.5.0-SNAPSHOT/hadoop-hdds-container-service-0.5.0-SNAPSHOT.jar:/home/user/.m2/repository/org/apache/hadoop/hadoop-hdds-client/0.5.0-SNAPSHOT/hadoop-hdds-client-0.5.0-SNAPSHOT.jar:/home/user/.m2/repository/org/apache/hadoop/hadoop-hdds-tools/0.5.0-SNAPSHOT/hadoop-hdds-tools-0.5.0-SNAPSHOT.jar:/home/user/.m2/repository/org/apache/hadoop/hadoop-hdds-server-scm/0.5.0-SNAPSHOT/hadoop-hdds-server-scm-0.5.0-SNAPSHOT.jar:/home/user/.m2/repository/org/apache/hadoop/hadoop-hdds-docs/0.5.0-SNAPSHOT/hadoop-hdds-docs-0.5.0-SNAPSHOT.jar:/home/user/.m2/repository/io/dropwizard/metrics/metrics-core/3.2.4/metrics-core-3.2.4.jar:/home/user/.m2/repository/org/hamcrest/hamcrest-all/1.3/hamcrest-all-1.3.jar:/home/user/.m2/repository/org/bouncycastle/bcprov-jdk15on/1.60/bcprov-jdk15on-1.60.jar:/home/user/.m2/repository/info/picocli/picocli/3.9.6/picocli-3.9.6.jar:/home/user/.m2/repository/com/google/protobuf/protobuf-java/2.5.0/protobuf-java-2.5.0.jar:/home/user/.m2/repository/com/google/guava/guava/11.0.2/guava-11.0.2.jar:/home/user/.m2/repository/org/apache/hadoop/hadoop-ozone-ozone-manager/0.5.0-SNAPSHOT/hadoop-ozone-ozone-manager-0.5.0-SNAPSHOT.jar:/home/user/.m2/repository/org/apache/hadoop/hadoop-minikdc/3.2.0/hadoop-minikdc-3.2.0.jar:/home/user/.m2/repository/commons-io/commons-io/2.5/commons-io-2.5.jar:/home/user/.m2/repository/org/apache/kerby/kerb-simplekdc/1.0.1/kerb-simplekdc-1.0.1.jar:/home/user/.m2/repository/org/apache/kerby/kerb-client/1.0.1/kerb-client-1.0.1.jar:/home/user/.m2/repository/org/apache/kerby/kerby-config/1.0.1/kerby-config-1.0.1.jar:/home/user/.m2/repository/org/apache/kerby/kerb-core/1.0.1/kerb-core-1.0.1.jar:/home/user/.m2/repository/org/apache/kerby/kerby-pkix/1.0.1/kerby-pkix-1.0.1.jar:/home/user/.m2/repository/org/apache/kerby/kerby-asn1/1.0.1/kerby-asn1-1.0.1.jar:/home/user/.m2/repository/org/apache/kerby/kerby-util/1.0.1/kerby-util-1.0.1.jar:/home/user/.m2/repository/org/apache/kerby/kerb-common/1.0.1/kerb-common-1.0.1.jar:/home/user/.m2/repository/org/apache/kerby/kerb-crypto/1.0.1/kerb-crypto-1.0.1.jar:/home/user/.m2/repository/org/apache/kerby/kerb-util/1.0.1/kerb-util-1.0.1.jar:/home/user/.m2/repository/org/apache/kerby/token-provider/1.0.1/token-provider-1.0.1.jar:/home/user/.m2/repository/org/apache/kerby/kerb-admin/1.0.1/kerb-admin-1.0.1.jar:/home/user/.m2/repository/org/apache/kerby/kerb-server/1.0.1/kerb-server-1.0.1.jar:/home/user/.m2/repository/org/apache/kerby/kerb-identity/1.0.1/kerb-identity-1.0.1.jar:/home/user/.m2/repository/org/apache/kerby/kerby-xdr/1.0.1/kerby-xdr-1.0.1.jar:/home/user/.m2/repository/org/slf4j/slf4j-log4j12/1.7.25/slf4j-log4j12-1.7.25.jar:/home/user/.m2/repository/org/apache/hadoop/hadoop-ozone-s3gateway/0.5.0-SNAPSHOT/hadoop-ozone-s3gateway-0.5.0-SNAPSHOT.jar:/home/user/.m2/repository/org/jboss/weld/servlet/weld-servlet/2.4.7.Final/weld-servlet-2.4.7.Final.jar:/home/user/.m2/repository/org/glassfish/jersey/containers/jersey-container-servlet-core/2.27/jersey-container-servlet-core-2.27.jar:/home/user/.m2/repository/org/glassfish/hk2/external/javax.inject/2.5.0-b42/javax.inject-2.5.0-b42.jar:/home/user/.m2/repository/org/glassfish/jersey/core/jersey-common/2.27/jersey-common-2.27.jar:/home/user/.m2/repository/org/glassfish/hk2/osgi-resource-locator/1.0.1/osgi-resource-locator-1.0.1.jar:/home/user/.m2/repository/javax/ws/rs/javax.ws.rs-api/2.1/javax.ws.rs-api-2.1.jar:/home/user/.m2/repository/org/glassfish/jersey/ext/cdi/jersey-cdi1x/2.27/jersey-cdi1x-2.27.jar:/home/user/.m2/repository/org/glassfish/jersey/inject/jersey-hk2/2.27/jersey-hk2-2.27.jar:/home/user/.m2/repository/org/glassfish/hk2/hk2-locator/2.5.0-b42/hk2-locator-2.5.0-b42.jar:/home/user/.m2/repository/org/javassist/javassist/3.22.0-CR2/javassist-3.22.0-CR2.jar:/home/user/.m2/repository/org/glassfish/hk2/hk2-api/2.5.0/hk2-api-2.5.0.jar:/home/user/.m2/repository/org/glassfish/hk2/external/jakarta.inject/2.5.0/jakarta.inject-2.5.0.jar:/home/user/.m2/repository/org/glassfish/hk2/hk2-utils/2.5.0/hk2-utils-2.5.0.jar:/home/user/.m2/repository/jakarta/annotation/jakarta.annotation-api/1.3.4/jakarta.annotation-api-1.3.4.jar:/home/user/.m2/repository/org/glassfish/hk2/external/aopalliance-repackaged/2.5.0/aopalliance-repackaged-2.5.0.jar:/home/user/.m2/repository/com/fasterxml/jackson/dataformat/jackson-dataformat-xml/2.9.0/jackson-dataformat-xml-2.9.0.jar:/home/user/.m2/repository/com/fasterxml/jackson/core/jackson-core/2.9.5/jackson-core-2.9.5.jar:/home/user/.m2/repository/com/fasterxml/jackson/module/jackson-module-jaxb-annotations/2.9.5/jackson-module-jaxb-annotations-2.9.5.jar:/home/user/.m2/repository/javax/enterprise/cdi-api/1.2/cdi-api-1.2.jar:/home/user/.m2/repository/javax/el/javax.el-api/3.0.0/javax.el-api-3.0.0.jar:/home/user/.m2/repository/javax/interceptor/javax.interceptor-api/1.2/javax.interceptor-api-1.2.jar:/home/user/.m2/repository/javax/inject/javax.inject/1/javax.inject-1.jar:/home/user/.m2/repository/com/sun/xml/bind/jaxb-impl/2.3.0.1/jaxb-impl-2.3.0.1.jar:/home/user/.m2/repository/com/sun/xml/bind/jaxb-core/2.3.0.1/jaxb-core-2.3.0.1.jar:/home/user/.m2/repository/javax/xml/bind/jaxb-api/2.3.0/jaxb-api-2.3.0.jar:/home/user/.m2/repository/javax/activation/activation/1.1.1/activation-1.1.1.jar:/home/user/.m2/repository/org/apache/hadoop/hadoop-ozone-csi/0.5.0-SNAPSHOT/hadoop-ozone-csi-0.5.0-SNAPSHOT.jar:/home/user/.m2/repository/com/google/protobuf/protobuf-java-util/3.5.1/protobuf-java-util-3.5.1.jar:/home/user/.m2/repository/org/apache/hadoop/hadoop-hdds-config/0.5.0-SNAPSHOT/hadoop-hdds-config-0.5.0-SNAPSHOT.jar:/home/user/.m2/repository/io/grpc/grpc-netty/1.17.1/grpc-netty-1.17.1.jar:/home/user/.m2/repository/io/grpc/grpc-core/1.17.1/grpc-core-1.17.1.jar:/home/user/.m2/repository/io/grpc/grpc-context/1.17.1/grpc-context-1.17.1.jar:/home/user/.m2/repository/com/google/errorprone/error_prone_annotations/2.2.0/error_prone_annotations-2.2.0.jar:/home/user/.m2/repository/org/codehaus/mojo/animal-sniffer-annotations/1.17/animal-sniffer-annotations-1.17.jar:/home/user/.m2/repository/io/opencensus/opencensus-api/0.17.0/opencensus-api-0.17.0.jar:/home/user/.m2/repository/io/opencensus/opencensus-contrib-grpc-metrics/0.17.0/opencensus-contrib-grpc-metrics-0.17.0.jar:/home/user/.m2/repository/io/netty/netty-codec-http2/4.1.30.Final/netty-codec-http2-4.1.30.Final.jar:/home/user/.m2/repository/io/netty/netty-codec-http/4.1.30.Final/netty-codec-http-4.1.30.Final.jar:/home/user/.m2/repository/io/netty/netty-codec/4.1.30.Final/netty-codec-4.1.30.Final.jar:/home/user/.m2/repository/io/netty/netty-handler/4.1.30.Final/netty-handler-4.1.30.Final.jar:/home/user/.m2/repository/io/netty/netty-handler-proxy/4.1.30.Final/netty-handler-proxy-4.1.30.Final.jar:/home/user/.m2/repository/io/netty/netty-codec-socks/4.1.30.Final/netty-codec-socks-4.1.30.Final.jar:/home/user/.m2/repository/io/netty/netty-transport-native-epoll/4.1.30.Final/netty-transport-native-epoll-4.1.30.Final.jar:/home/user/.m2/repository/io/netty/netty-common/4.1.30.Final/netty-common-4.1.30.Final.jar:/home/user/.m2/repository/io/netty/netty-buffer/4.1.30.Final/netty-buffer-4.1.30.Final.jar:/home/user/.m2/repository/io/netty/netty-transport/4.1.30.Final/netty-transport-4.1.30.Final.jar:/home/user/.m2/repository/io/netty/netty-resolver/4.1.30.Final/netty-resolver-4.1.30.Final.jar:/home/user/.m2/repository/io/netty/netty-transport-native-unix-common/4.1.30.Final/netty-transport-native-unix-common-4.1.30.Final.jar:/home/user/.m2/repository/io/grpc/grpc-protobuf/1.17.1/grpc-protobuf-1.17.1.jar:/home/user/.m2/repository/com/google/api/grpc/proto-google-common-protos/1.0.0/proto-google-common-protos-1.0.0.jar:/home/user/.m2/repository/io/grpc/grpc-protobuf-lite/1.17.1/grpc-protobuf-lite-1.17.1.jar:/home/user/.m2/repository/io/grpc/grpc-stub/1.17.1/grpc-stub-1.17.1.jar:/home/user/.m2/repository/org/apache/hadoop/hadoop-ozone-recon/0.5.0-SNAPSHOT/hadoop-ozone-recon-0.5.0-SNAPSHOT.jar:/home/user/.m2/repository/org/apache/hadoop/hadoop-ozone-reconcodegen/0.5.0-SNAPSHOT/hadoop-ozone-reconcodegen-0.5.0-SNAPSHOT.jar:/home/user/.m2/repository/com/google/inject/extensions/guice-multibindings/4.0/guice-multibindings-4.0.jar:/home/user/.m2/repository/com/google/inject/guice/4.0/guice-4.0.jar:/home/user/.m2/repository/aopalliance/aopalliance/1.0/aopalliance-1.0.jar:/home/user/.m2/repository/com/google/inject/extensions/guice-servlet/4.0/guice-servlet-4.0.jar:/home/user/.m2/repository/org/glassfish/jersey/containers/jersey-container-servlet/2.27/jersey-container-servlet-2.27.jar:/home/user/.m2/repository/org/glassfish/hk2/guice-bridge/2.5.0/guice-bridge-2.5.0.jar:/home/user/.m2/repository/org/glassfish/jersey/core/jersey-server/2.27/jersey-server-2.27.jar:/home/user/.m2/repository/org/glassfish/jersey/core/jersey-client/2.27/jersey-client-2.27.jar:/home/user/.m2/repository/org/glassfish/jersey/media/jersey-media-jaxb/2.27/jersey-media-jaxb-2.27.jar:/home/user/.m2/repository/javax/validation/validation-api/1.1.0.Final/validation-api-1.1.0.Final.jar:/home/user/.m2/repository/org/glassfish/jersey/media/jersey-media-json-jackson/2.27/jersey-media-json-jackson-2.27.jar:/home/user/.m2/repository/org/glassfish/jersey/ext/jersey-entity-filtering/2.27/jersey-entity-filtering-2.27.jar:/home/user/.m2/repository/com/google/inject/extensions/guice-assistedinject/4.0/guice-assistedinject-4.0.jar:/home/user/.m2/repository/org/jooq/jooq/3.11.10/jooq-3.11.10.jar:/home/user/.m2/repository/org/jooq/jooq-meta/3.11.10/jooq-meta-3.11.10.jar:/home/user/.m2/repository/org/jooq/jooq-codegen/3.11.10/jooq-codegen-3.11.10.jar:/home/user/.m2/repository/com/jolbox/bonecp/0.8.0.RELEASE/bonecp-0.8.0.RELEASE.jar:/home/user/.m2/repository/org/xerial/sqlite-jdbc/3.25.2/sqlite-jdbc-3.25.2.jar:/home/user/.m2/repository/org/springframework/spring-jdbc/5.1.3.RELEASE/spring-jdbc-5.1.3.RELEASE.jar:/home/user/.m2/repository/org/springframework/spring-beans/5.1.3.RELEASE/spring-beans-5.1.3.RELEASE.jar:/home/user/.m2/repository/org/springframework/spring-core/5.1.3.RELEASE/spring-core-5.1.3.RELEASE.jar:/home/user/.m2/repository/org/springframework/spring-jcl/5.1.3.RELEASE/spring-jcl-5.1.3.RELEASE.jar:/home/user/.m2/repository/org/springframework/spring-tx/5.1.3.RELEASE/spring-tx-5.1.3.RELEASE.jar:/home/user/.m2/repository/org/apache/hadoop/hadoop-ozone-client/0.5.0-SNAPSHOT/hadoop-ozone-client-0.5.0-SNAPSHOT.jar:/home/user/.m2/repository/commons-lang/commons-lang/2.6/commons-lang-2.6.jar:/home/user/.m2/repository/org/apache/hadoop/hadoop-ozone-ozone-manager/0.5.0-SNAPSHOT/hadoop-ozone-ozone-manager-0.5.0-SNAPSHOT-tests.jar:/home/user/.m2/repository/junit/junit/4.11/junit-4.11.jar:/home/user/.m2/repository/org/hamcrest/hamcrest-core/1.3/hamcrest-core-1.3.jar:/home/user/.m2/repository/org/openjdk/jmh/jmh-core/1.19/jmh-core-1.19.jar:/home/user/.m2/repository/net/sf/jopt-simple/jopt-simple/4.6/jopt-simple-4.6.jar:/home/user/.m2/repository/org/apache/commons/commons-math3/3.1.1/commons-math3-3.1.1.jar:/home/user/.m2/repository/org/openjdk/jmh/jmh-generator-annprocess/1.19/jmh-generator-annprocess-1.19.jar:/home/user/.m2/repository/org/mockito/mockito-all/1.8.5/mockito-all-1.8.5.jar:/home/user/.m2/repository/org/apache/hadoop/hadoop-kms/3.2.0/hadoop-kms-3.2.0.jar:/home/user/.m2/repository/org/apache/hadoop/hadoop-auth/3.2.0/hadoop-auth-3.2.0.jar:/home/user/.m2/repository/com/nimbusds/nimbus-jose-jwt/4.41.1/nimbus-jose-jwt-4.41.1.jar:/home/user/.m2/repository/com/github/stephenc/jcip/jcip-annotations/1.0-1/jcip-annotations-1.0-1.jar:/home/user/.m2/repository/net/minidev/json-smart/2.3/json-smart-2.3.jar:/home/user/.m2/repository/net/minidev/accessors-smart/1.2/accessors-smart-1.2.jar:/home/user/.m2/repository/org/ow2/asm/asm/5.0.4/asm-5.0.4.jar:/home/user/.m2/repository/org/apache/curator/curator-framework/2.12.0/curator-framework-2.12.0.jar:/home/user/.m2/repository/com/sun/jersey/jersey-core/1.19/jersey-core-1.19.jar:/home/user/.m2/repository/javax/ws/rs/jsr311-api/1.1.1/jsr311-api-1.1.1.jar:/home/user/.m2/repository/com/sun/jersey/jersey-server/1.19/jersey-server-1.19.jar:/home/user/.m2/repository/javax/servlet/javax.servlet-api/3.1.0/javax.servlet-api-3.1.0.jar:/home/user/.m2/repository/org/eclipse/jetty/jetty-server/9.3.24.v20180605/jetty-server-9.3.24.v20180605.jar:/home/user/.m2/repository/org/eclipse/jetty/jetty-http/9.3.24.v20180605/jetty-http-9.3.24.v20180605.jar:/home/user/.m2/repository/org/eclipse/jetty/jetty-io/9.3.24.v20180605/jetty-io-9.3.24.v20180605.jar:/home/user/.m2/repository/org/eclipse/jetty/jetty-webapp/9.3.24.v20180605/jetty-webapp-9.3.24.v20180605.jar:/home/user/.m2/repository/org/eclipse/jetty/jetty-xml/9.3.24.v20180605/jetty-xml-9.3.24.v20180605.jar:/home/user/.m2/repository/log4j/log4j/1.2.17/log4j-1.2.17.jar:/home/user/.m2/repository/org/slf4j/slf4j-api/1.7.25/slf4j-api-1.7.25.jar:/home/user/.m2/repository/org/slf4j/jul-to-slf4j/1.7.25/jul-to-slf4j-1.7.25.jar:/home/user/.m2/repository/org/eclipse/jetty/jetty-util/9.3.24.v20180605/jetty-util-9.3.24.v20180605.jar:/home/user/.m2/repository/com/fasterxml/jackson/core/jackson-databind/2.9.5/jackson-databind-2.9.5.jar:/home/user/.m2/repository/org/apache/hadoop/hadoop-kms/3.2.0/hadoop-kms-3.2.0-tests.jar:/home/user/.m2/repository/org/apache/hadoop/hadoop-hdds-server-scm/0.5.0-SNAPSHOT/hadoop-hdds-server-scm-0.5.0-SNAPSHOT-tests.jar:/home/user/.m2/repository/org/apache/hadoop/hadoop-hdds-container-service/0.5.0-SNAPSHOT/hadoop-hdds-container-service-0.5.0-SNAPSHOT-tests.jar:/home/user/.m2/repository/org/yaml/snakeyaml/1.16/snakeyaml-1.16.jar:/home/user/.m2/repository/org/apache/hadoop/hadoop-common/3.2.0/hadoop-common-3.2.0-tests.jar:/home/user/.m2/repository/org/apache/hadoop/hadoop-annotations/3.2.0/hadoop-annotations-3.2.0.jar:/usr/lib/jvm/java-1.8-openjdk/jre/../lib/tools.jar:/home/user/.m2/repository/commons-cli/commons-cli/1.2/commons-cli-1.2.jar:/home/user/.m2/repository/org/apache/httpcomponents/httpclient/4.5.2/httpclient-4.5.2.jar:/home/user/.m2/repository/org/apache/httpcomponents/httpcore/4.4.4/httpcore-4.4.4.jar:/home/user/.m2/repository/commons-codec/commons-codec/1.11/commons-codec-1.11.jar:/home/user/.m2/repository/commons-net/commons-net/3.6/commons-net-3.6.jar:/home/user/.m2/repository/commons-collections/commons-collections/3.2.2/commons-collections-3.2.2.jar:/home/user/.m2/repository/org/eclipse/jetty/jetty-servlet/9.3.24.v20180605/jetty-servlet-9.3.24.v20180605.jar:/home/user/.m2/repository/org/eclipse/jetty/jetty-security/9.3.24.v20180605/jetty-security-9.3.24.v20180605.jar:/home/user/.m2/repository/javax/servlet/jsp/jsp-api/2.1/jsp-api-2.1.jar:/home/user/.m2/repository/com/sun/jersey/jersey-servlet/1.19/jersey-servlet-1.19.jar:/home/user/.m2/repository/com/sun/jersey/jersey-json/1.19/jersey-json-1.19.jar:/home/user/.m2/repository/org/codehaus/jettison/jettison/1.1/jettison-1.1.jar:/home/user/.m2/repository/org/codehaus/jackson/jackson-core-asl/1.9.13/jackson-core-asl-1.9.13.jar:/home/user/.m2/repository/org/codehaus/jackson/jackson-mapper-asl/1.9.13/jackson-mapper-asl-1.9.13.jar:/home/user/.m2/repository/org/codehaus/jackson/jackson-jaxrs/1.9.13/jackson-jaxrs-1.9.13.jar:/home/user/.m2/repository/org/codehaus/jackson/jackson-xc/1.9.13/jackson-xc-1.9.13.jar:/home/user/.m2/repository/commons-logging/commons-logging/1.1.3/commons-logging-1.1.3.jar:/home/user/.m2/repository/commons-beanutils/commons-beanutils/1.9.3/commons-beanutils-1.9.3.jar:/home/user/.m2/repository/org/apache/commons/commons-configuration2/2.1.1/commons-configuration2-2.1.1.jar:/home/user/.m2/repository/org/apache/commons/commons-lang3/3.7/commons-lang3-3.7.jar:/home/user/.m2/repository/org/apache/commons/commons-text/1.4/commons-text-1.4.jar:/home/user/.m2/repository/org/apache/avro/avro/1.7.7/avro-1.7.7.jar:/home/user/.m2/repository/com/thoughtworks/paranamer/paranamer/2.3/paranamer-2.3.jar:/home/user/.m2/repository/org/xerial/snappy/snappy-java/1.0.5/snappy-java-1.0.5.jar:/home/user/.m2/repository/com/google/re2j/re2j/1.1/re2j-1.1.jar:/home/user/.m2/repository/com/google/code/gson/gson/2.2.4/gson-2.2.4.jar:/home/user/.m2/repository/com/jcraft/jsch/0.1.54/jsch-0.1.54.jar:/home/user/.m2/repository/org/apache/curator/curator-client/2.12.0/curator-client-2.12.0.jar:/home/user/.m2/repository/org/apache/curator/curator-recipes/2.12.0/curator-recipes-2.12.0.jar:/home/user/.m2/repository/com/google/code/findbugs/jsr305/3.0.0/jsr305-3.0.0.jar:/home/user/.m2/repository/org/apache/htrace/htrace-core4/4.1.0-incubating/htrace-core4-4.1.0-incubating.jar:/home/user/.m2/repository/org/apache/zookeeper/zookeeper/3.4.13/zookeeper-3.4.13.jar:/home/user/.m2/repository/org/apache/yetus/audience-annotations/0.5.0/audience-annotations-0.5.0.jar:/home/user/.m2/repository/org/codehaus/woodstox/stax2-api/3.1.4/stax2-api-3.1.4.jar:/home/user/.m2/repository/com/fasterxml/woodstox/woodstox-core/5.0.3/woodstox-core-5.0.3.jar:/home/user/.m2/repository/dnsjava/dnsjava/2.1.7/dnsjava-2.1.7.jar:/home/user/.m2/repository/org/apache/hadoop/hadoop-hdfs/3.2.0/hadoop-hdfs-3.2.0-tests.jar:/home/user/.m2/repository/org/eclipse/jetty/jetty-util-ajax/9.3.24.v20180605/jetty-util-ajax-9.3.24.v20180605.jar:/home/user/.m2/repository/commons-daemon/commons-daemon/1.0.13/commons-daemon-1.0.13.jar:/home/user/.m2/repository/io/netty/netty/3.10.5.Final/netty-3.10.5.Final.jar:/home/user/.m2/repository/io/netty/netty-all/4.0.52.Final/netty-all-4.0.52.Final.jar:/home/user/.m2/repository/org/fusesource/leveldbjni/leveldbjni-all/1.8/leveldbjni-all-1.8.jar:"/>
    <property name="java.vm.vendor" value="IcedTea"/>
    <property name="sun.arch.data.model" value="64"/>
    <property name="test.build.dir" value="/workdir/hadoop-ozone/integration-test/target/test-dir"/>
    <property name="test.cache.data" value=""/>
    <property name="java.vendor.url" value="https://icedtea.classpath.org"/>
    <property name="user.timezone" value=""/>
    <property name="java.vm.specification.version" value="1.8"/>
    <property name="os.name" value="Linux"/>
    <property name="test.build.data" value="/workdir/hadoop-ozone/integration-test/target/test-dir"/>
    <property name="user.country" value="US"/>
    <property name="sun.java.launcher" value="SUN_STANDARD"/>
    <property name="sun.boot.library.path" value="/usr/lib/jvm/java-1.8-openjdk/jre/lib/amd64"/>
    <property name="sun.java.command" value="/workdir/hadoop-ozone/integration-test/target/surefire/surefirebooter3716321908404369326.jar /workdir/hadoop-ozone/integration-test/target/surefire 2019-09-18T15-38-55_326-jvmRun1 surefire3784679126370102401tmp surefire_728443004437087064596tmp"/>
    <property name="test" value="!TestMiniChaosOzoneCluster"/>
    <property name="surefire.test.class.path" value="/workdir/hadoop-ozone/integration-test/target/test-classes:/workdir/hadoop-ozone/integration-test/target/classes:/home/user/.m2/repository/org/apache/hadoop/hadoop-ozone-common/0.5.0-SNAPSHOT/hadoop-ozone-common-0.5.0-SNAPSHOT.jar:/home/user/.m2/repository/org/apache/commons/commons-compress/1.4.1/commons-compress-1.4.1.jar:/home/user/.m2/repository/org/tukaani/xz/1.0/xz-1.0.jar:/home/user/.m2/repository/org/apache/hadoop/hadoop-common/3.2.0/hadoop-common-3.2.0.jar:/home/user/.m2/repository/org/apache/hadoop/hadoop-hdfs/3.2.0/hadoop-hdfs-3.2.0.jar:/home/user/.m2/repository/org/apache/hadoop/hadoop-hdfs-client/3.2.0/hadoop-hdfs-client-3.2.0.jar:/home/user/.m2/repository/com/fasterxml/jackson/core/jackson-annotations/2.9.5/jackson-annotations-2.9.5.jar:/home/user/.m2/repository/org/apache/hadoop/hadoop-hdds-common/0.5.0-SNAPSHOT/hadoop-hdds-common-0.5.0-SNAPSHOT.jar:/home/user/.m2/repository/javax/annotation/javax.annotation-api/1.2/javax.annotation-api-1.2.jar:/home/user/.m2/repository/org/apache/ratis/ratis-server/0.4.0-78e95b9-SNAPSHOT/ratis-server-0.4.0-78e95b9-SNAPSHOT.jar:/home/user/.m2/repository/org/apache/ratis/ratis-thirdparty-misc/0.2.0/ratis-thirdparty-misc-0.2.0.jar:/home/user/.m2/repository/org/apache/ratis/ratis-proto/0.4.0-78e95b9-SNAPSHOT/ratis-proto-0.4.0-78e95b9-SNAPSHOT.jar:/home/user/.m2/repository/org/apache/ratis/ratis-common/0.4.0-78e95b9-SNAPSHOT/ratis-common-0.4.0-78e95b9-SNAPSHOT.jar:/home/user/.m2/repository/org/apache/ratis/ratis-client/0.4.0-78e95b9-SNAPSHOT/ratis-client-0.4.0-78e95b9-SNAPSHOT.jar:/home/user/.m2/repository/org/apache/ratis/ratis-metrics/0.4.0-78e95b9-SNAPSHOT/ratis-metrics-0.4.0-78e95b9-SNAPSHOT.jar:/home/user/.m2/repository/com/github/joshelser/dropwizard-metrics-hadoop-metrics2-reporter/0.1.2/dropwizard-metrics-hadoop-metrics2-reporter-0.1.2.jar:/home/user/.m2/repository/io/dropwizard/metrics/metrics-jvm/3.2.5/metrics-jvm-3.2.5.jar:/home/user/.m2/repository/io/dropwizard/metrics/metrics-ganglia/3.2.5/metrics-ganglia-3.2.5.jar:/home/user/.m2/repository/info/ganglia/gmetric4j/gmetric4j/1.0.7/gmetric4j-1.0.7.jar:/home/user/.m2/repository/org/apache/ratis/ratis-netty/0.4.0-78e95b9-SNAPSHOT/ratis-netty-0.4.0-78e95b9-SNAPSHOT.jar:/home/user/.m2/repository/org/apache/ratis/ratis-grpc/0.4.0-78e95b9-SNAPSHOT/ratis-grpc-0.4.0-78e95b9-SNAPSHOT.jar:/home/user/.m2/repository/org/rocksdb/rocksdbjni/6.0.1/rocksdbjni-6.0.1.jar:/home/user/.m2/repository/org/apache/logging/log4j/log4j-api/2.11.0/log4j-api-2.11.0.jar:/home/user/.m2/repository/org/apache/logging/log4j/log4j-core/2.11.0/log4j-core-2.11.0.jar:/home/user/.m2/repository/com/lmax/disruptor/3.4.2/disruptor-3.4.2.jar:/home/user/.m2/repository/org/apache/commons/commons-pool2/2.6.0/commons-pool2-2.6.0.jar:/home/user/.m2/repository/org/bouncycastle/bcpkix-jdk15on/1.60/bcpkix-jdk15on-1.60.jar:/home/user/.m2/repository/commons-validator/commons-validator/1.6/commons-validator-1.6.jar:/home/user/.m2/repository/commons-digester/commons-digester/1.8.1/commons-digester-1.8.1.jar:/home/user/.m2/repository/io/jaegertracing/jaeger-client/0.33.1/jaeger-client-0.33.1.jar:/home/user/.m2/repository/io/jaegertracing/jaeger-thrift/0.33.1/jaeger-thrift-0.33.1.jar:/home/user/.m2/repository/org/apache/thrift/libthrift/0.11.0/libthrift-0.11.0.jar:/home/user/.m2/repository/com/squareup/okhttp3/okhttp/3.9.0/okhttp-3.9.0.jar:/home/user/.m2/repository/com/squareup/okio/okio/1.13.0/okio-1.13.0.jar:/home/user/.m2/repository/io/jaegertracing/jaeger-core/0.33.1/jaeger-core-0.33.1.jar:/home/user/.m2/repository/io/jaegertracing/jaeger-tracerresolver/0.33.1/jaeger-tracerresolver-0.33.1.jar:/home/user/.m2/repository/io/opentracing/contrib/opentracing-tracerresolver/0.1.5/opentracing-tracerresolver-0.1.5.jar:/home/user/.m2/repository/io/opentracing/opentracing-util/0.31.0/opentracing-util-0.31.0.jar:/home/user/.m2/repository/io/opentracing/opentracing-api/0.31.0/opentracing-api-0.31.0.jar:/home/user/.m2/repository/io/opentracing/opentracing-noop/0.31.0/opentracing-noop-0.31.0.jar:/home/user/.m2/repository/org/apache/hadoop/hadoop-hdds-server-framework/0.5.0-SNAPSHOT/hadoop-hdds-server-framework-0.5.0-SNAPSHOT.jar:/home/user/.m2/repository/org/apache/hadoop/hadoop-hdds-container-service/0.5.0-SNAPSHOT/hadoop-hdds-container-service-0.5.0-SNAPSHOT.jar:/home/user/.m2/repository/org/apache/hadoop/hadoop-hdds-client/0.5.0-SNAPSHOT/hadoop-hdds-client-0.5.0-SNAPSHOT.jar:/home/user/.m2/repository/org/apache/hadoop/hadoop-hdds-tools/0.5.0-SNAPSHOT/hadoop-hdds-tools-0.5.0-SNAPSHOT.jar:/home/user/.m2/repository/org/apache/hadoop/hadoop-hdds-server-scm/0.5.0-SNAPSHOT/hadoop-hdds-server-scm-0.5.0-SNAPSHOT.jar:/home/user/.m2/repository/org/apache/hadoop/hadoop-hdds-docs/0.5.0-SNAPSHOT/hadoop-hdds-docs-0.5.0-SNAPSHOT.jar:/home/user/.m2/repository/io/dropwizard/metrics/metrics-core/3.2.4/metrics-core-3.2.4.jar:/home/user/.m2/repository/org/hamcrest/hamcrest-all/1.3/hamcrest-all-1.3.jar:/home/user/.m2/repository/org/bouncycastle/bcprov-jdk15on/1.60/bcprov-jdk15on-1.60.jar:/home/user/.m2/repository/info/picocli/picocli/3.9.6/picocli-3.9.6.jar:/home/user/.m2/repository/com/google/protobuf/protobuf-java/2.5.0/protobuf-java-2.5.0.jar:/home/user/.m2/repository/com/google/guava/guava/11.0.2/guava-11.0.2.jar:/home/user/.m2/repository/org/apache/hadoop/hadoop-ozone-ozone-manager/0.5.0-SNAPSHOT/hadoop-ozone-ozone-manager-0.5.0-SNAPSHOT.jar:/home/user/.m2/repository/org/apache/hadoop/hadoop-minikdc/3.2.0/hadoop-minikdc-3.2.0.jar:/home/user/.m2/repository/commons-io/commons-io/2.5/commons-io-2.5.jar:/home/user/.m2/repository/org/apache/kerby/kerb-simplekdc/1.0.1/kerb-simplekdc-1.0.1.jar:/home/user/.m2/repository/org/apache/kerby/kerb-client/1.0.1/kerb-client-1.0.1.jar:/home/user/.m2/repository/org/apache/kerby/kerby-config/1.0.1/kerby-config-1.0.1.jar:/home/user/.m2/repository/org/apache/kerby/kerb-core/1.0.1/kerb-core-1.0.1.jar:/home/user/.m2/repository/org/apache/kerby/kerby-pkix/1.0.1/kerby-pkix-1.0.1.jar:/home/user/.m2/repository/org/apache/kerby/kerby-asn1/1.0.1/kerby-asn1-1.0.1.jar:/home/user/.m2/repository/org/apache/kerby/kerby-util/1.0.1/kerby-util-1.0.1.jar:/home/user/.m2/repository/org/apache/kerby/kerb-common/1.0.1/kerb-common-1.0.1.jar:/home/user/.m2/repository/org/apache/kerby/kerb-crypto/1.0.1/kerb-crypto-1.0.1.jar:/home/user/.m2/repository/org/apache/kerby/kerb-util/1.0.1/kerb-util-1.0.1.jar:/home/user/.m2/repository/org/apache/kerby/token-provider/1.0.1/token-provider-1.0.1.jar:/home/user/.m2/repository/org/apache/kerby/kerb-admin/1.0.1/kerb-admin-1.0.1.jar:/home/user/.m2/repository/org/apache/kerby/kerb-server/1.0.1/kerb-server-1.0.1.jar:/home/user/.m2/repository/org/apache/kerby/kerb-identity/1.0.1/kerb-identity-1.0.1.jar:/home/user/.m2/repository/org/apache/kerby/kerby-xdr/1.0.1/kerby-xdr-1.0.1.jar:/home/user/.m2/repository/org/slf4j/slf4j-log4j12/1.7.25/slf4j-log4j12-1.7.25.jar:/home/user/.m2/repository/org/apache/hadoop/hadoop-ozone-s3gateway/0.5.0-SNAPSHOT/hadoop-ozone-s3gateway-0.5.0-SNAPSHOT.jar:/home/user/.m2/repository/org/jboss/weld/servlet/weld-servlet/2.4.7.Final/weld-servlet-2.4.7.Final.jar:/home/user/.m2/repository/org/glassfish/jersey/containers/jersey-container-servlet-core/2.27/jersey-container-servlet-core-2.27.jar:/home/user/.m2/repository/org/glassfish/hk2/external/javax.inject/2.5.0-b42/javax.inject-2.5.0-b42.jar:/home/user/.m2/repository/org/glassfish/jersey/core/jersey-common/2.27/jersey-common-2.27.jar:/home/user/.m2/repository/org/glassfish/hk2/osgi-resource-locator/1.0.1/osgi-resource-locator-1.0.1.jar:/home/user/.m2/repository/javax/ws/rs/javax.ws.rs-api/2.1/javax.ws.rs-api-2.1.jar:/home/user/.m2/repository/org/glassfish/jersey/ext/cdi/jersey-cdi1x/2.27/jersey-cdi1x-2.27.jar:/home/user/.m2/repository/org/glassfish/jersey/inject/jersey-hk2/2.27/jersey-hk2-2.27.jar:/home/user/.m2/repository/org/glassfish/hk2/hk2-locator/2.5.0-b42/hk2-locator-2.5.0-b42.jar:/home/user/.m2/repository/org/javassist/javassist/3.22.0-CR2/javassist-3.22.0-CR2.jar:/home/user/.m2/repository/org/glassfish/hk2/hk2-api/2.5.0/hk2-api-2.5.0.jar:/home/user/.m2/repository/org/glassfish/hk2/external/jakarta.inject/2.5.0/jakarta.inject-2.5.0.jar:/home/user/.m2/repository/org/glassfish/hk2/hk2-utils/2.5.0/hk2-utils-2.5.0.jar:/home/user/.m2/repository/jakarta/annotation/jakarta.annotation-api/1.3.4/jakarta.annotation-api-1.3.4.jar:/home/user/.m2/repository/org/glassfish/hk2/external/aopalliance-repackaged/2.5.0/aopalliance-repackaged-2.5.0.jar:/home/user/.m2/repository/com/fasterxml/jackson/dataformat/jackson-dataformat-xml/2.9.0/jackson-dataformat-xml-2.9.0.jar:/home/user/.m2/repository/com/fasterxml/jackson/core/jackson-core/2.9.5/jackson-core-2.9.5.jar:/home/user/.m2/repository/com/fasterxml/jackson/module/jackson-module-jaxb-annotations/2.9.5/jackson-module-jaxb-annotations-2.9.5.jar:/home/user/.m2/repository/javax/enterprise/cdi-api/1.2/cdi-api-1.2.jar:/home/user/.m2/repository/javax/el/javax.el-api/3.0.0/javax.el-api-3.0.0.jar:/home/user/.m2/repository/javax/interceptor/javax.interceptor-api/1.2/javax.interceptor-api-1.2.jar:/home/user/.m2/repository/javax/inject/javax.inject/1/javax.inject-1.jar:/home/user/.m2/repository/com/sun/xml/bind/jaxb-impl/2.3.0.1/jaxb-impl-2.3.0.1.jar:/home/user/.m2/repository/com/sun/xml/bind/jaxb-core/2.3.0.1/jaxb-core-2.3.0.1.jar:/home/user/.m2/repository/javax/xml/bind/jaxb-api/2.3.0/jaxb-api-2.3.0.jar:/home/user/.m2/repository/javax/activation/activation/1.1.1/activation-1.1.1.jar:/home/user/.m2/repository/org/apache/hadoop/hadoop-ozone-csi/0.5.0-SNAPSHOT/hadoop-ozone-csi-0.5.0-SNAPSHOT.jar:/home/user/.m2/repository/com/google/protobuf/protobuf-java-util/3.5.1/protobuf-java-util-3.5.1.jar:/home/user/.m2/repository/org/apache/hadoop/hadoop-hdds-config/0.5.0-SNAPSHOT/hadoop-hdds-config-0.5.0-SNAPSHOT.jar:/home/user/.m2/repository/io/grpc/grpc-netty/1.17.1/grpc-netty-1.17.1.jar:/home/user/.m2/repository/io/grpc/grpc-core/1.17.1/grpc-core-1.17.1.jar:/home/user/.m2/repository/io/grpc/grpc-context/1.17.1/grpc-context-1.17.1.jar:/home/user/.m2/repository/com/google/errorprone/error_prone_annotations/2.2.0/error_prone_annotations-2.2.0.jar:/home/user/.m2/repository/org/codehaus/mojo/animal-sniffer-annotations/1.17/animal-sniffer-annotations-1.17.jar:/home/user/.m2/repository/io/opencensus/opencensus-api/0.17.0/opencensus-api-0.17.0.jar:/home/user/.m2/repository/io/opencensus/opencensus-contrib-grpc-metrics/0.17.0/opencensus-contrib-grpc-metrics-0.17.0.jar:/home/user/.m2/repository/io/netty/netty-codec-http2/4.1.30.Final/netty-codec-http2-4.1.30.Final.jar:/home/user/.m2/repository/io/netty/netty-codec-http/4.1.30.Final/netty-codec-http-4.1.30.Final.jar:/home/user/.m2/repository/io/netty/netty-codec/4.1.30.Final/netty-codec-4.1.30.Final.jar:/home/user/.m2/repository/io/netty/netty-handler/4.1.30.Final/netty-handler-4.1.30.Final.jar:/home/user/.m2/repository/io/netty/netty-handler-proxy/4.1.30.Final/netty-handler-proxy-4.1.30.Final.jar:/home/user/.m2/repository/io/netty/netty-codec-socks/4.1.30.Final/netty-codec-socks-4.1.30.Final.jar:/home/user/.m2/repository/io/netty/netty-transport-native-epoll/4.1.30.Final/netty-transport-native-epoll-4.1.30.Final.jar:/home/user/.m2/repository/io/netty/netty-common/4.1.30.Final/netty-common-4.1.30.Final.jar:/home/user/.m2/repository/io/netty/netty-buffer/4.1.30.Final/netty-buffer-4.1.30.Final.jar:/home/user/.m2/repository/io/netty/netty-transport/4.1.30.Final/netty-transport-4.1.30.Final.jar:/home/user/.m2/repository/io/netty/netty-resolver/4.1.30.Final/netty-resolver-4.1.30.Final.jar:/home/user/.m2/repository/io/netty/netty-transport-native-unix-common/4.1.30.Final/netty-transport-native-unix-common-4.1.30.Final.jar:/home/user/.m2/repository/io/grpc/grpc-protobuf/1.17.1/grpc-protobuf-1.17.1.jar:/home/user/.m2/repository/com/google/api/grpc/proto-google-common-protos/1.0.0/proto-google-common-protos-1.0.0.jar:/home/user/.m2/repository/io/grpc/grpc-protobuf-lite/1.17.1/grpc-protobuf-lite-1.17.1.jar:/home/user/.m2/repository/io/grpc/grpc-stub/1.17.1/grpc-stub-1.17.1.jar:/home/user/.m2/repository/org/apache/hadoop/hadoop-ozone-recon/0.5.0-SNAPSHOT/hadoop-ozone-recon-0.5.0-SNAPSHOT.jar:/home/user/.m2/repository/org/apache/hadoop/hadoop-ozone-reconcodegen/0.5.0-SNAPSHOT/hadoop-ozone-reconcodegen-0.5.0-SNAPSHOT.jar:/home/user/.m2/repository/com/google/inject/extensions/guice-multibindings/4.0/guice-multibindings-4.0.jar:/home/user/.m2/repository/com/google/inject/guice/4.0/guice-4.0.jar:/home/user/.m2/repository/aopalliance/aopalliance/1.0/aopalliance-1.0.jar:/home/user/.m2/repository/com/google/inject/extensions/guice-servlet/4.0/guice-servlet-4.0.jar:/home/user/.m2/repository/org/glassfish/jersey/containers/jersey-container-servlet/2.27/jersey-container-servlet-2.27.jar:/home/user/.m2/repository/org/glassfish/hk2/guice-bridge/2.5.0/guice-bridge-2.5.0.jar:/home/user/.m2/repository/org/glassfish/jersey/core/jersey-server/2.27/jersey-server-2.27.jar:/home/user/.m2/repository/org/glassfish/jersey/core/jersey-client/2.27/jersey-client-2.27.jar:/home/user/.m2/repository/org/glassfish/jersey/media/jersey-media-jaxb/2.27/jersey-media-jaxb-2.27.jar:/home/user/.m2/repository/javax/validation/validation-api/1.1.0.Final/validation-api-1.1.0.Final.jar:/home/user/.m2/repository/org/glassfish/jersey/media/jersey-media-json-jackson/2.27/jersey-media-json-jackson-2.27.jar:/home/user/.m2/repository/org/glassfish/jersey/ext/jersey-entity-filtering/2.27/jersey-entity-filtering-2.27.jar:/home/user/.m2/repository/com/google/inject/extensions/guice-assistedinject/4.0/guice-assistedinject-4.0.jar:/home/user/.m2/repository/org/jooq/jooq/3.11.10/jooq-3.11.10.jar:/home/user/.m2/repository/org/jooq/jooq-meta/3.11.10/jooq-meta-3.11.10.jar:/home/user/.m2/repository/org/jooq/jooq-codegen/3.11.10/jooq-codegen-3.11.10.jar:/home/user/.m2/repository/com/jolbox/bonecp/0.8.0.RELEASE/bonecp-0.8.0.RELEASE.jar:/home/user/.m2/repository/org/xerial/sqlite-jdbc/3.25.2/sqlite-jdbc-3.25.2.jar:/home/user/.m2/repository/org/springframework/spring-jdbc/5.1.3.RELEASE/spring-jdbc-5.1.3.RELEASE.jar:/home/user/.m2/repository/org/springframework/spring-beans/5.1.3.RELEASE/spring-beans-5.1.3.RELEASE.jar:/home/user/.m2/repository/org/springframework/spring-core/5.1.3.RELEASE/spring-core-5.1.3.RELEASE.jar:/home/user/.m2/repository/org/springframework/spring-jcl/5.1.3.RELEASE/spring-jcl-5.1.3.RELEASE.jar:/home/user/.m2/repository/org/springframework/spring-tx/5.1.3.RELEASE/spring-tx-5.1.3.RELEASE.jar:/home/user/.m2/repository/org/apache/hadoop/hadoop-ozone-client/0.5.0-SNAPSHOT/hadoop-ozone-client-0.5.0-SNAPSHOT.jar:/home/user/.m2/repository/commons-lang/commons-lang/2.6/commons-lang-2.6.jar:/home/user/.m2/repository/org/apache/hadoop/hadoop-ozone-ozone-manager/0.5.0-SNAPSHOT/hadoop-ozone-ozone-manager-0.5.0-SNAPSHOT-tests.jar:/home/user/.m2/repository/junit/junit/4.11/junit-4.11.jar:/home/user/.m2/repository/org/hamcrest/hamcrest-core/1.3/hamcrest-core-1.3.jar:/home/user/.m2/repository/org/openjdk/jmh/jmh-core/1.19/jmh-core-1.19.jar:/home/user/.m2/repository/net/sf/jopt-simple/jopt-simple/4.6/jopt-simple-4.6.jar:/home/user/.m2/repository/org/apache/commons/commons-math3/3.1.1/commons-math3-3.1.1.jar:/home/user/.m2/repository/org/openjdk/jmh/jmh-generator-annprocess/1.19/jmh-generator-annprocess-1.19.jar:/home/user/.m2/repository/org/mockito/mockito-all/1.8.5/mockito-all-1.8.5.jar:/home/user/.m2/repository/org/apache/hadoop/hadoop-kms/3.2.0/hadoop-kms-3.2.0.jar:/home/user/.m2/repository/org/apache/hadoop/hadoop-auth/3.2.0/hadoop-auth-3.2.0.jar:/home/user/.m2/repository/com/nimbusds/nimbus-jose-jwt/4.41.1/nimbus-jose-jwt-4.41.1.jar:/home/user/.m2/repository/com/github/stephenc/jcip/jcip-annotations/1.0-1/jcip-annotations-1.0-1.jar:/home/user/.m2/repository/net/minidev/json-smart/2.3/json-smart-2.3.jar:/home/user/.m2/repository/net/minidev/accessors-smart/1.2/accessors-smart-1.2.jar:/home/user/.m2/repository/org/ow2/asm/asm/5.0.4/asm-5.0.4.jar:/home/user/.m2/repository/org/apache/curator/curator-framework/2.12.0/curator-framework-2.12.0.jar:/home/user/.m2/repository/com/sun/jersey/jersey-core/1.19/jersey-core-1.19.jar:/home/user/.m2/repository/javax/ws/rs/jsr311-api/1.1.1/jsr311-api-1.1.1.jar:/home/user/.m2/repository/com/sun/jersey/jersey-server/1.19/jersey-server-1.19.jar:/home/user/.m2/repository/javax/servlet/javax.servlet-api/3.1.0/javax.servlet-api-3.1.0.jar:/home/user/.m2/repository/org/eclipse/jetty/jetty-server/9.3.24.v20180605/jetty-server-9.3.24.v20180605.jar:/home/user/.m2/repository/org/eclipse/jetty/jetty-http/9.3.24.v20180605/jetty-http-9.3.24.v20180605.jar:/home/user/.m2/repository/org/eclipse/jetty/jetty-io/9.3.24.v20180605/jetty-io-9.3.24.v20180605.jar:/home/user/.m2/repository/org/eclipse/jetty/jetty-webapp/9.3.24.v20180605/jetty-webapp-9.3.24.v20180605.jar:/home/user/.m2/repository/org/eclipse/jetty/jetty-xml/9.3.24.v20180605/jetty-xml-9.3.24.v20180605.jar:/home/user/.m2/repository/log4j/log4j/1.2.17/log4j-1.2.17.jar:/home/user/.m2/repository/org/slf4j/slf4j-api/1.7.25/slf4j-api-1.7.25.jar:/home/user/.m2/repository/org/slf4j/jul-to-slf4j/1.7.25/jul-to-slf4j-1.7.25.jar:/home/user/.m2/repository/org/eclipse/jetty/jetty-util/9.3.24.v20180605/jetty-util-9.3.24.v20180605.jar:/home/user/.m2/repository/com/fasterxml/jackson/core/jackson-databind/2.9.5/jackson-databind-2.9.5.jar:/home/user/.m2/repository/org/apache/hadoop/hadoop-kms/3.2.0/hadoop-kms-3.2.0-tests.jar:/home/user/.m2/repository/org/apache/hadoop/hadoop-hdds-server-scm/0.5.0-SNAPSHOT/hadoop-hdds-server-scm-0.5.0-SNAPSHOT-tests.jar:/home/user/.m2/repository/org/apache/hadoop/hadoop-hdds-container-service/0.5.0-SNAPSHOT/hadoop-hdds-container-service-0.5.0-SNAPSHOT-tests.jar:/home/user/.m2/repository/org/yaml/snakeyaml/1.16/snakeyaml-1.16.jar:/home/user/.m2/repository/org/apache/hadoop/hadoop-common/3.2.0/hadoop-common-3.2.0-tests.jar:/home/user/.m2/repository/org/apache/hadoop/hadoop-annotations/3.2.0/hadoop-annotations-3.2.0.jar:/usr/lib/jvm/java-1.8-openjdk/jre/../lib/tools.jar:/home/user/.m2/repository/commons-cli/commons-cli/1.2/commons-cli-1.2.jar:/home/user/.m2/repository/org/apache/httpcomponents/httpclient/4.5.2/httpclient-4.5.2.jar:/home/user/.m2/repository/org/apache/httpcomponents/httpcore/4.4.4/httpcore-4.4.4.jar:/home/user/.m2/repository/commons-codec/commons-codec/1.11/commons-codec-1.11.jar:/home/user/.m2/repository/commons-net/commons-net/3.6/commons-net-3.6.jar:/home/user/.m2/repository/commons-collections/commons-collections/3.2.2/commons-collections-3.2.2.jar:/home/user/.m2/repository/org/eclipse/jetty/jetty-servlet/9.3.24.v20180605/jetty-servlet-9.3.24.v20180605.jar:/home/user/.m2/repository/org/eclipse/jetty/jetty-security/9.3.24.v20180605/jetty-security-9.3.24.v20180605.jar:/home/user/.m2/repository/javax/servlet/jsp/jsp-api/2.1/jsp-api-2.1.jar:/home/user/.m2/repository/com/sun/jersey/jersey-servlet/1.19/jersey-servlet-1.19.jar:/home/user/.m2/repository/com/sun/jersey/jersey-json/1.19/jersey-json-1.19.jar:/home/user/.m2/repository/org/codehaus/jettison/jettison/1.1/jettison-1.1.jar:/home/user/.m2/repository/org/codehaus/jackson/jackson-core-asl/1.9.13/jackson-core-asl-1.9.13.jar:/home/user/.m2/repository/org/codehaus/jackson/jackson-mapper-asl/1.9.13/jackson-mapper-asl-1.9.13.jar:/home/user/.m2/repository/org/codehaus/jackson/jackson-jaxrs/1.9.13/jackson-jaxrs-1.9.13.jar:/home/user/.m2/repository/org/codehaus/jackson/jackson-xc/1.9.13/jackson-xc-1.9.13.jar:/home/user/.m2/repository/commons-logging/commons-logging/1.1.3/commons-logging-1.1.3.jar:/home/user/.m2/repository/commons-beanutils/commons-beanutils/1.9.3/commons-beanutils-1.9.3.jar:/home/user/.m2/repository/org/apache/commons/commons-configuration2/2.1.1/commons-configuration2-2.1.1.jar:/home/user/.m2/repository/org/apache/commons/commons-lang3/3.7/commons-lang3-3.7.jar:/home/user/.m2/repository/org/apache/commons/commons-text/1.4/commons-text-1.4.jar:/home/user/.m2/repository/org/apache/avro/avro/1.7.7/avro-1.7.7.jar:/home/user/.m2/repository/com/thoughtworks/paranamer/paranamer/2.3/paranamer-2.3.jar:/home/user/.m2/repository/org/xerial/snappy/snappy-java/1.0.5/snappy-java-1.0.5.jar:/home/user/.m2/repository/com/google/re2j/re2j/1.1/re2j-1.1.jar:/home/user/.m2/repository/com/google/code/gson/gson/2.2.4/gson-2.2.4.jar:/home/user/.m2/repository/com/jcraft/jsch/0.1.54/jsch-0.1.54.jar:/home/user/.m2/repository/org/apache/curator/curator-client/2.12.0/curator-client-2.12.0.jar:/home/user/.m2/repository/org/apache/curator/curator-recipes/2.12.0/curator-recipes-2.12.0.jar:/home/user/.m2/repository/com/google/code/findbugs/jsr305/3.0.0/jsr305-3.0.0.jar:/home/user/.m2/repository/org/apache/htrace/htrace-core4/4.1.0-incubating/htrace-core4-4.1.0-incubating.jar:/home/user/.m2/repository/org/apache/zookeeper/zookeeper/3.4.13/zookeeper-3.4.13.jar:/home/user/.m2/repository/org/apache/yetus/audience-annotations/0.5.0/audience-annotations-0.5.0.jar:/home/user/.m2/repository/org/codehaus/woodstox/stax2-api/3.1.4/stax2-api-3.1.4.jar:/home/user/.m2/repository/com/fasterxml/woodstox/woodstox-core/5.0.3/woodstox-core-5.0.3.jar:/home/user/.m2/repository/dnsjava/dnsjava/2.1.7/dnsjava-2.1.7.jar:/home/user/.m2/repository/org/apache/hadoop/hadoop-hdfs/3.2.0/hadoop-hdfs-3.2.0-tests.jar:/home/user/.m2/repository/org/eclipse/jetty/jetty-util-ajax/9.3.24.v20180605/jetty-util-ajax-9.3.24.v20180605.jar:/home/user/.m2/repository/commons-daemon/commons-daemon/1.0.13/commons-daemon-1.0.13.jar:/home/user/.m2/repository/io/netty/netty/3.10.5.Final/netty-3.10.5.Final.jar:/home/user/.m2/repository/io/netty/netty-all/4.0.52.Final/netty-all-4.0.52.Final.jar:/home/user/.m2/repository/org/fusesource/leveldbjni/leveldbjni-all/1.8/leveldbjni-all-1.8.jar:"/>
    <property name="sun.cpu.endian" value="little"/>
    <property name="user.home" value="/home/user"/>
    <property name="user.language" value="en"/>
    <property name="java.specification.vendor" value="Oracle Corporation"/>
    <property name="java.home" value="/usr/lib/jvm/java-1.8-openjdk/jre"/>
    <property name="java.security.krb5.conf" value="/workdir/hadoop-ozone/integration-test/target/test-classes/krb5.conf"/>
    <property name="basedir" value="/workdir/hadoop-ozone/integration-test"/>
    <property name="file.separator" value="/"/>
    <property name="line.separator" value="&#10;"/>
    <property name="java.vm.specification.vendor" value="Oracle Corporation"/>
    <property name="java.specification.name" value="Java Platform API Specification"/>
    <property name="java.awt.graphicsenv" value="sun.awt.X11GraphicsEnvironment"/>
    <property name="surefire.real.class.path" value="/workdir/hadoop-ozone/integration-test/target/surefire/surefirebooter3716321908404369326.jar"/>
    <property name="hadoop.log.dir" value="/workdir/hadoop-ozone/integration-test/target/log"/>
    <property name="sun.boot.class.path" value="/usr/lib/jvm/java-1.8-openjdk/jre/lib/resources.jar:/usr/lib/jvm/java-1.8-openjdk/jre/lib/rt.jar:/usr/lib/jvm/java-1.8-openjdk/jre/lib/sunrsasign.jar:/usr/lib/jvm/java-1.8-openjdk/jre/lib/jsse.jar:/usr/lib/jvm/java-1.8-openjdk/jre/lib/jce.jar:/usr/lib/jvm/java-1.8-openjdk/jre/lib/charsets.jar:/usr/lib/jvm/java-1.8-openjdk/jre/lib/jfr.jar:/usr/lib/jvm/java-1.8-openjdk/jre/classes"/>
    <property name="sun.management.compiler" value="HotSpot 64-Bit Tiered Compilers"/>
    <property name="java.runtime.version" value="1.8.0_212-b04"/>
    <property name="java.net.preferIPv4Stack" value="true"/>
    <property name="user.name" value="jenkins1000"/>
    <property name="path.separator" value=":"/>
    <property name="java.security.egd" value="file:///dev/urandom"/>
    <property name="os.version" value="3.10.0-957.12.2.el7.x86_64"/>
    <property name="java.endorsed.dirs" value="/usr/lib/jvm/java-1.8-openjdk/jre/lib/endorsed"/>
    <property name="java.runtime.name" value="OpenJDK Runtime Environment"/>
    <property name="file.encoding" value="UTF-8"/>
    <property name="java.vm.name" value="OpenJDK 64-Bit Server VM"/>
    <property name="test.build.webapps" value=""/>
    <property name="localRepository" value="/home/user/.m2/repository"/>
    <property name="java.vendor.url.bug" value="https://icedtea.classpath.org/bugzilla"/>
    <property name="java.io.tmpdir" value="/tmp"/>
    <property name="require.test.libhadoop" value=""/>
    <property name="java.version" value="1.8.0_212"/>
    <property name="user.dir" value="/workdir/hadoop-ozone/integration-test"/>
    <property name="os.arch" value="amd64"/>
    <property name="java.vm.specification.name" value="Java Virtual Machine Specification"/>
    <property name="test.build.classes" value="/workdir/hadoop-ozone/integration-test/target/test-classes"/>
    <property name="java.awt.printerjob" value="sun.print.PSPrinterJob"/>
    <property name="sun.os.patch.level" value="unknown"/>
    <property name="hadoop.tmp.dir" value="/workdir/hadoop-ozone/integration-test/target/tmp"/>
    <property name="java.library.path" value="/usr/lib/jvm/java-1.8-openjdk/jre/lib/amd64/server:/usr/lib/jvm/java-1.8-openjdk/jre/lib/amd64:/usr/lib/jvm/java-1.8-openjdk/jre/../lib/amd64:/workdir/hadoop-ozone/integration-test/target/native/target/usr/local/lib:/workdir/hadoop-ozone/integration-test/../../hadoop-common-project/hadoop-common/target/native/target/usr/local/lib:/usr/java/packages/lib/amd64:/usr/lib64:/lib64:/lib:/usr/lib"/>
    <property name="java.vm.info" value="mixed mode"/>
    <property name="java.vendor" value="IcedTea"/>
    <property name="java.vm.version" value="25.212-b04"/>
    <property name="java.ext.dirs" value="/usr/lib/jvm/java-1.8-openjdk/jre/lib/ext:/usr/java/packages/lib/ext"/>
    <property name="sun.io.unicode.encoding" value="UnicodeLittle"/>
    <property name="java.class.version" value="52.0"/>
  </properties>
  <testcase name="testMultiBlockWritesWithIntermittentDnFailures" classname="org.apache.hadoop.ozone.client.rpc.TestMultiBlockWritesWithDnFailures" time="101.264">
    <error message="Allocated 0 blocks. Requested 1 blocks" type="INTERNAL_ERROR org.apache.hadoop.ozone.om.exceptions.OMException">INTERNAL_ERROR org.apache.hadoop.ozone.om.exceptions.OMException: Allocated 0 blocks. Requested 1 blocks
	at org.apache.hadoop.ozone.om.protocolPB.OzoneManagerProtocolClientSideTranslatorPB.handleError(OzoneManagerProtocolClientSideTranslatorPB.java:726)
	at org.apache.hadoop.ozone.om.protocolPB.OzoneManagerProtocolClientSideTranslatorPB.allocateBlock(OzoneManagerProtocolClientSideTranslatorPB.java:758)
	at sun.reflect.NativeMethodAccessorImpl.invoke0(Native Method)
	at sun.reflect.NativeMethodAccessorImpl.invoke(NativeMethodAccessorImpl.java:62)
	at sun.reflect.DelegatingMethodAccessorImpl.invoke(DelegatingMethodAccessorImpl.java:43)
	at java.lang.reflect.Method.invoke(Method.java:498)
	at org.apache.hadoop.hdds.tracing.TraceAllMethod.invoke(TraceAllMethod.java:66)
	at com.sun.proxy.$Proxy36.allocateBlock(Unknown Source)
	at org.apache.hadoop.ozone.client.io.BlockOutputStreamEntryPool.allocateNewBlock(BlockOutputStreamEntryPool.java:248)
	at org.apache.hadoop.ozone.client.io.BlockOutputStreamEntryPool.allocateBlockIfNeeded(BlockOutputStreamEntryPool.java:296)
	at org.apache.hadoop.ozone.client.io.KeyOutputStream.handleWrite(KeyOutputStream.java:201)
	at org.apache.hadoop.ozone.client.io.KeyOutputStream.handleRetry(KeyOutputStream.java:376)
	at org.apache.hadoop.ozone.client.io.KeyOutputStream.handleException(KeyOutputStream.java:325)
	at org.apache.hadoop.ozone.client.io.KeyOutputStream.handleWrite(KeyOutputStream.java:231)
	at org.apache.hadoop.ozone.client.io.KeyOutputStream.write(KeyOutputStream.java:193)
	at org.apache.hadoop.ozone.client.io.OzoneOutputStream.write(OzoneOutputStream.java:49)
	at java.io.OutputStream.write(OutputStream.java:75)
	at org.apache.hadoop.ozone.client.rpc.TestMultiBlockWritesWithDnFailures.testMultiBlockWritesWithIntermittentDnFailures(TestMultiBlockWritesWithDnFailures.java:196)
	at sun.reflect.NativeMethodAccessorImpl.invoke0(Native Method)
	at sun.reflect.NativeMethodAccessorImpl.invoke(NativeMethodAccessorImpl.java:62)
	at sun.reflect.DelegatingMethodAccessorImpl.invoke(DelegatingMethodAccessorImpl.java:43)
	at java.lang.reflect.Method.invoke(Method.java:498)
	at org.junit.runners.model.FrameworkMethod$1.runReflectiveCall(FrameworkMethod.java:47)
	at org.junit.internal.runners.model.ReflectiveCallable.run(ReflectiveCallable.java:12)
	at org.junit.runners.model.FrameworkMethod.invokeExplosively(FrameworkMethod.java:44)
	at org.junit.internal.runners.statements.InvokeMethod.evaluate(InvokeMethod.java:17)
	at org.junit.internal.runners.statements.RunAfters.evaluate(RunAfters.java:27)
	at org.junit.runners.ParentRunner.runLeaf(ParentRunner.java:271)
	at org.junit.runners.BlockJUnit4ClassRunner.runChild(BlockJUnit4ClassRunner.java:70)
	at org.junit.runners.BlockJUnit4ClassRunner.runChild(BlockJUnit4ClassRunner.java:50)
	at org.junit.runners.ParentRunner$3.run(ParentRunner.java:238)
	at org.junit.runners.ParentRunner$1.schedule(ParentRunner.java:63)
	at org.junit.runners.ParentRunner.runChildren(ParentRunner.java:236)
	at org.junit.runners.ParentRunner.access$000(ParentRunner.java:53)
	at org.junit.runners.ParentRunner$2.evaluate(ParentRunner.java:229)
	at org.junit.runners.ParentRunner.run(ParentRunner.java:309)
	at org.apache.maven.surefire.junit4.JUnit4Provider.execute(JUnit4Provider.java:365)
	at org.apache.maven.surefire.junit4.JUnit4Provider.executeWithRerun(JUnit4Provider.java:273)
	at org.apache.maven.surefire.junit4.JUnit4Provider.executeTestSet(JUnit4Provider.java:238)
	at org.apache.maven.surefire.junit4.JUnit4Provider.invoke(JUnit4Provider.java:159)
	at org.apache.maven.surefire.booter.ForkedBooter.invokeProviderInSameClassLoader(ForkedBooter.java:384)
	at org.apache.maven.surefire.booter.ForkedBooter.runSuitesInProcess(ForkedBooter.java:345)
	at org.apache.maven.surefire.booter.ForkedBooter.execute(ForkedBooter.java:126)
	at org.apache.maven.surefire.booter.ForkedBooter.main(ForkedBooter.java:418)
</error>
    <system-out><![CDATA[2019-09-18 17:09:36,396 [main] WARN  server.ServerUtils (ServerUtils.java:getScmDbDir(145)) - ozone.scm.db.dirs is not configured. We recommend adding this setting. Falling back to ozone.metadata.dirs instead.
2019-09-18 17:09:36,525 [main] WARN  server.ServerUtils (ServerUtils.java:getScmDbDir(145)) - ozone.scm.db.dirs is not configured. We recommend adding this setting. Falling back to ozone.metadata.dirs instead.
2019-09-18 17:09:36,529 [main] WARN  server.ServerUtils (ServerUtils.java:getScmDbDir(145)) - ozone.scm.db.dirs is not configured. We recommend adding this setting. Falling back to ozone.metadata.dirs instead.
2019-09-18 17:09:36,546 [main] INFO  util.log (Log.java:initialized(192)) - Logging initialized @853ms
2019-09-18 17:09:36,642 [main] INFO  db.DBStoreBuilder (DBStoreBuilder.java:addTable(110)) - using custom profile for table: deletedBlocks
2019-09-18 17:09:36,643 [main] INFO  db.DBStoreBuilder (DBStoreBuilder.java:processTables(161)) - Using default column profile:DBProfile.DISK for Table:deletedBlocks
2019-09-18 17:09:36,643 [main] INFO  db.DBStoreBuilder (DBStoreBuilder.java:addTable(110)) - using custom profile for table: validCerts
2019-09-18 17:09:36,643 [main] INFO  db.DBStoreBuilder (DBStoreBuilder.java:processTables(161)) - Using default column profile:DBProfile.DISK for Table:validCerts
2019-09-18 17:09:36,644 [main] INFO  db.DBStoreBuilder (DBStoreBuilder.java:addTable(110)) - using custom profile for table: revokedCerts
2019-09-18 17:09:36,644 [main] INFO  db.DBStoreBuilder (DBStoreBuilder.java:processTables(161)) - Using default column profile:DBProfile.DISK for Table:revokedCerts
2019-09-18 17:09:36,655 [main] INFO  db.DBStoreBuilder (DBStoreBuilder.java:addTable(110)) - using custom profile for table: default
2019-09-18 17:09:36,656 [main] INFO  db.DBStoreBuilder (DBStoreBuilder.java:processTables(167)) - Using default column profile:DBProfile.DISK for Table:default
2019-09-18 17:09:36,657 [main] INFO  db.DBStoreBuilder (DBStoreBuilder.java:getDbProfile(198)) - Using default options. DBProfile.DISK
2019-09-18 17:09:36,890 [main] INFO  net.NodeSchemaLoader (NodeSchemaLoader.java:loadSchemaFromFile(125)) - Loading file from sun.misc.CompoundEnumeration@4218d6a3
2019-09-18 17:09:36,893 [main] INFO  net.NodeSchemaLoader (NodeSchemaLoader.java:loadSchema(171)) - Loading network topology layer schema file
2019-09-18 17:09:36,960 [main] INFO  node.SCMNodeManager (SCMNodeManager.java:<init>(114)) - Entering startup safe mode.
2019-09-18 17:09:37,027 [main] INFO  algorithms.ContainerPlacementPolicyFactory (ContainerPlacementPolicyFactory.java:getPolicy(57)) - Create container placement policy of type org.apache.hadoop.hdds.scm.container.placement.algorithms.SCMContainerPlacementRandom
2019-09-18 17:09:37,041 [main] WARN  server.ServerUtils (ServerUtils.java:getScmDbDir(145)) - ozone.scm.db.dirs is not configured. We recommend adding this setting. Falling back to ozone.metadata.dirs instead.
2019-09-18 17:09:37,097 [main] INFO  pipeline.SCMPipelineManager (SCMPipelineManager.java:initializePipelineState(128)) - No pipeline exists in current db
2019-09-18 17:09:37,099 [main] WARN  server.ServerUtils (ServerUtils.java:getScmDbDir(145)) - ozone.scm.db.dirs is not configured. We recommend adding this setting. Falling back to ozone.metadata.dirs instead.
2019-09-18 17:09:37,180 [main] WARN  events.EventQueue (EventQueue.java:fireEvent(183)) - No event handler registered for event TypedEvent{payloadType=SafeModeStatus, name='SafeModeStatus'}
2019-09-18 17:09:37,580 [main] INFO  ipc.CallQueueManager (CallQueueManager.java:<init>(84)) - Using callQueue: class java.util.concurrent.LinkedBlockingQueue, queueCapacity: 2000, scheduler: class org.apache.hadoop.ipc.DefaultRpcScheduler, ipcBackoff: false.
2019-09-18 17:09:37,610 [Socket Reader #1 for port 41195] INFO  ipc.Server (Server.java:run(1074)) - Starting Socket Reader #1 for port 41195
2019-09-18 17:09:37,770 [main] INFO  ipc.CallQueueManager (CallQueueManager.java:<init>(84)) - Using callQueue: class java.util.concurrent.LinkedBlockingQueue, queueCapacity: 2000, scheduler: class org.apache.hadoop.ipc.DefaultRpcScheduler, ipcBackoff: false.
2019-09-18 17:09:37,771 [Socket Reader #1 for port 36216] INFO  ipc.Server (Server.java:run(1074)) - Starting Socket Reader #1 for port 36216
2019-09-18 17:09:37,783 [main] INFO  ipc.CallQueueManager (CallQueueManager.java:<init>(84)) - Using callQueue: class java.util.concurrent.LinkedBlockingQueue, queueCapacity: 2000, scheduler: class org.apache.hadoop.ipc.DefaultRpcScheduler, ipcBackoff: false.
2019-09-18 17:09:37,784 [Socket Reader #1 for port 34471] INFO  ipc.Server (Server.java:run(1074)) - Starting Socket Reader #1 for port 34471
2019-09-18 17:09:37,813 [main] INFO  hdfs.DFSUtil (DFSUtil.java:httpServerTemplateForNNAndJN(1641)) - Starting Web-server for scm at: http://0.0.0.0:0
2019-09-18 17:09:37,980 [main] INFO  server.AuthenticationFilter (AuthenticationFilter.java:constructSecretProvider(240)) - Unable to initialize FileSignerSecretProvider, falling back to use random secrets.
2019-09-18 17:09:37,989 [main] WARN  http.HttpRequestLog (HttpRequestLog.java:getRequestLog(97)) - Jetty request log can only be enabled using Log4j
2019-09-18 17:09:37,998 [main] INFO  http.HttpServer2 (HttpServer2.java:addGlobalFilter(975)) - Added global filter 'safety' (class=org.apache.hadoop.http.HttpServer2$QuotingInputFilter)
2019-09-18 17:09:38,001 [main] INFO  http.HttpServer2 (HttpServer2.java:addFilter(948)) - Added filter static_user_filter (class=org.apache.hadoop.http.lib.StaticUserWebFilter$StaticUserFilter) to context scm
2019-09-18 17:09:38,002 [main] INFO  http.HttpServer2 (HttpServer2.java:addFilter(958)) - Added filter static_user_filter (class=org.apache.hadoop.http.lib.StaticUserWebFilter$StaticUserFilter) to context logs
2019-09-18 17:09:38,002 [main] INFO  http.HttpServer2 (HttpServer2.java:addFilter(958)) - Added filter static_user_filter (class=org.apache.hadoop.http.lib.StaticUserWebFilter$StaticUserFilter) to context static
2019-09-18 17:09:38,036 [main] INFO  server.StorageContainerManager (StorageContainerManager.java:start(763)) - StorageContainerLocationProtocol RPC server is listening at /0.0.0.0:34471
2019-09-18 17:09:38,109 [main] WARN  impl.MetricsConfig (MetricsConfig.java:loadFirst(134)) - Cannot locate configuration: tried hadoop-metrics2-storagecontainermanager.properties,hadoop-metrics2.properties
2019-09-18 17:09:38,123 [main] INFO  impl.MetricsSystemImpl (MetricsSystemImpl.java:startTimer(374)) - Scheduled Metric snapshot period at 10 second(s).
2019-09-18 17:09:38,123 [main] INFO  impl.MetricsSystemImpl (MetricsSystemImpl.java:start(191)) - StorageContainerManager metrics system started
2019-09-18 17:09:38,354 [main] INFO  server.SCMClientProtocolServer (SCMClientProtocolServer.java:start(151)) - RPC server for Client  is listening at /0.0.0.0:34471
2019-09-18 17:09:38,355 [IPC Server Responder] INFO  ipc.Server (Server.java:run(1314)) - IPC Server Responder: starting
2019-09-18 17:09:38,355 [IPC Server listener on 34471] INFO  ipc.Server (Server.java:run(1153)) - IPC Server listener on 34471: starting
2019-09-18 17:09:38,358 [main] INFO  server.StorageContainerManager (StorageContainerManager.java:start(773)) - ScmBlockLocationProtocol RPC server is listening at /0.0.0.0:36216
2019-09-18 17:09:38,361 [main] INFO  server.SCMBlockProtocolServer (SCMBlockProtocolServer.java:start(146)) - RPC server for Block Protocol is listening at /0.0.0.0:36216
2019-09-18 17:09:38,361 [IPC Server Responder] INFO  ipc.Server (Server.java:run(1314)) - IPC Server Responder: starting
2019-09-18 17:09:38,361 [IPC Server listener on 36216] INFO  ipc.Server (Server.java:run(1153)) - IPC Server listener on 36216: starting
2019-09-18 17:09:38,364 [main] INFO  server.StorageContainerManager (StorageContainerManager.java:start(777)) - ScmDatanodeProtocl RPC server is listening at /0.0.0.0:41195
2019-09-18 17:09:38,364 [main] INFO  server.SCMDatanodeProtocolServer (SCMDatanodeProtocolServer.java:start(191)) - RPC server for DataNodes is listening at /0.0.0.0:41195
2019-09-18 17:09:38,365 [IPC Server Responder] INFO  ipc.Server (Server.java:run(1314)) - IPC Server Responder: starting
2019-09-18 17:09:38,365 [IPC Server listener on 41195] INFO  ipc.Server (Server.java:run(1153)) - IPC Server listener on 41195: starting
2019-09-18 17:09:38,370 [main] INFO  http.HttpServer2 (HttpServer2.java:bindListener(1191)) - Jetty bound to port 43532
2019-09-18 17:09:38,372 [main] INFO  server.Server (Server.java:doStart(351)) - jetty-9.3.24.v20180605, build timestamp: 2018-06-05T17:11:56Z, git hash: 84205aa28f11a4f31f2a3b86d1bba2cc8ab69827
2019-09-18 17:09:38,422 [main] INFO  handler.ContextHandler (ContextHandler.java:doStart(781)) - Started o.e.j.s.ServletContextHandler@299321e2{/logs,file:///workdir/hadoop-ozone/integration-test/target/log,AVAILABLE}
2019-09-18 17:09:38,423 [main] INFO  handler.ContextHandler (ContextHandler.java:doStart(781)) - Started o.e.j.s.ServletContextHandler@64ba3208{/static,file:///workdir/hadoop-ozone/integration-test/target/test-classes/webapps/static,AVAILABLE}
2019-09-18 17:09:38,460 [main] INFO  handler.ContextHandler (ContextHandler.java:doStart(781)) - Started o.e.j.w.WebAppContext@5398edd0{/,file:///workdir/hadoop-ozone/integration-test/target/test-classes/webapps/scm/,AVAILABLE}{/scm}
2019-09-18 17:09:38,467 [main] INFO  server.AbstractConnector (AbstractConnector.java:doStart(278)) - Started ServerConnector@3f093abe{HTTP/1.1,[http/1.1]}{0.0.0.0:43532}
2019-09-18 17:09:38,467 [main] INFO  server.Server (Server.java:doStart(419)) - Started @2774ms
2019-09-18 17:09:38,469 [main] INFO  impl.MetricsSinkAdapter (MetricsSinkAdapter.java:start(204)) - Sink prometheus started
2019-09-18 17:09:38,469 [main] INFO  impl.MetricsSystemImpl (MetricsSystemImpl.java:registerSink(301)) - Registered sink prometheus
2019-09-18 17:09:38,471 [main] INFO  server.BaseHttpServer (BaseHttpServer.java:updateConnectorAddress(215)) - HTTP server of SCM is listening at http://0.0.0.0:43532
2019-09-18 17:09:38,479 [org.apache.hadoop.util.JvmPauseMonitor$Monitor@1095f122] INFO  util.JvmPauseMonitor (JvmPauseMonitor.java:run(188)) - Starting JVM pause monitor
2019-09-18 17:09:38,483 [main] WARN  server.ServerUtils (ServerUtils.java:getDBPath(222)) - ozone.om.db.dirs is not configured. We recommend adding this setting. Falling back to ozone.metadata.dirs instead.
2019-09-18 17:09:38,592 [main] WARN  server.ServerUtils (ServerUtils.java:getDBPath(222)) - ozone.om.db.dirs is not configured. We recommend adding this setting. Falling back to ozone.metadata.dirs instead.
2019-09-18 17:09:38,593 [main] WARN  server.ServerUtils (ServerUtils.java:getDBPath(222)) - ozone.om.db.dirs is not configured. We recommend adding this setting. Falling back to ozone.metadata.dirs instead.
2019-09-18 17:09:38,594 [main] INFO  om.OzoneManager (OzoneManager.java:setOMNodeDetails(649)) - OM Service ID is not set. Setting it to the default ID: omServiceIdDefault
2019-09-18 17:09:38,594 [main] INFO  om.OzoneManager (OzoneManager.java:setOMNodeDetails(655)) - OM Node ID is not set. Setting it to the OmStorage's OmID: 86600638-0648-43e8-80f3-1450cc51fc6b
2019-09-18 17:09:38,595 [main] INFO  om.OzoneManager (OzoneManager.java:loadOMHAConfigs(606)) - Found matching OM address with OMServiceId: null, OMNodeId: null, RPC Address: localhost:0 and Ratis port: 9872
2019-09-18 17:09:39,258 [main] WARN  server.ServerUtils (ServerUtils.java:getDBPath(222)) - ozone.om.db.dirs is not configured. We recommend adding this setting. Falling back to ozone.metadata.dirs instead.
2019-09-18 17:09:39,266 [main] INFO  db.DBStoreBuilder (DBStoreBuilder.java:addTable(110)) - using custom profile for table: userTable
2019-09-18 17:09:39,266 [main] INFO  db.DBStoreBuilder (DBStoreBuilder.java:processTables(161)) - Using default column profile:DBProfile.DISK for Table:userTable
2019-09-18 17:09:39,266 [main] INFO  db.DBStoreBuilder (DBStoreBuilder.java:addTable(110)) - using custom profile for table: volumeTable
2019-09-18 17:09:39,266 [main] INFO  db.DBStoreBuilder (DBStoreBuilder.java:processTables(161)) - Using default column profile:DBProfile.DISK for Table:volumeTable
2019-09-18 17:09:39,267 [main] INFO  db.DBStoreBuilder (DBStoreBuilder.java:addTable(110)) - using custom profile for table: bucketTable
2019-09-18 17:09:39,267 [main] INFO  db.DBStoreBuilder (DBStoreBuilder.java:processTables(161)) - Using default column profile:DBProfile.DISK for Table:bucketTable
2019-09-18 17:09:39,267 [main] INFO  db.DBStoreBuilder (DBStoreBuilder.java:addTable(110)) - using custom profile for table: keyTable
2019-09-18 17:09:39,267 [main] INFO  db.DBStoreBuilder (DBStoreBuilder.java:processTables(161)) - Using default column profile:DBProfile.DISK for Table:keyTable
2019-09-18 17:09:39,268 [main] INFO  db.DBStoreBuilder (DBStoreBuilder.java:addTable(110)) - using custom profile for table: deletedTable
2019-09-18 17:09:39,268 [main] INFO  db.DBStoreBuilder (DBStoreBuilder.java:processTables(161)) - Using default column profile:DBProfile.DISK for Table:deletedTable
2019-09-18 17:09:39,268 [main] INFO  db.DBStoreBuilder (DBStoreBuilder.java:addTable(110)) - using custom profile for table: openKeyTable
2019-09-18 17:09:39,268 [main] INFO  db.DBStoreBuilder (DBStoreBuilder.java:processTables(161)) - Using default column profile:DBProfile.DISK for Table:openKeyTable
2019-09-18 17:09:39,269 [main] INFO  db.DBStoreBuilder (DBStoreBuilder.java:addTable(110)) - using custom profile for table: s3Table
2019-09-18 17:09:39,269 [main] INFO  db.DBStoreBuilder (DBStoreBuilder.java:processTables(161)) - Using default column profile:DBProfile.DISK for Table:s3Table
2019-09-18 17:09:39,269 [main] INFO  db.DBStoreBuilder (DBStoreBuilder.java:addTable(110)) - using custom profile for table: multipartInfoTable
2019-09-18 17:09:39,269 [main] INFO  db.DBStoreBuilder (DBStoreBuilder.java:processTables(161)) - Using default column profile:DBProfile.DISK for Table:multipartInfoTable
2019-09-18 17:09:39,270 [main] INFO  db.DBStoreBuilder (DBStoreBuilder.java:addTable(110)) - using custom profile for table: dTokenTable
2019-09-18 17:09:39,270 [main] INFO  db.DBStoreBuilder (DBStoreBuilder.java:processTables(161)) - Using default column profile:DBProfile.DISK for Table:dTokenTable
2019-09-18 17:09:39,270 [main] INFO  db.DBStoreBuilder (DBStoreBuilder.java:addTable(110)) - using custom profile for table: s3SecretTable
2019-09-18 17:09:39,271 [main] INFO  db.DBStoreBuilder (DBStoreBuilder.java:processTables(161)) - Using default column profile:DBProfile.DISK for Table:s3SecretTable
2019-09-18 17:09:39,271 [main] INFO  db.DBStoreBuilder (DBStoreBuilder.java:addTable(110)) - using custom profile for table: prefixTable
2019-09-18 17:09:39,271 [main] INFO  db.DBStoreBuilder (DBStoreBuilder.java:processTables(161)) - Using default column profile:DBProfile.DISK for Table:prefixTable
2019-09-18 17:09:39,271 [main] INFO  db.DBStoreBuilder (DBStoreBuilder.java:addTable(110)) - using custom profile for table: default
2019-09-18 17:09:39,272 [main] INFO  db.DBStoreBuilder (DBStoreBuilder.java:processTables(167)) - Using default column profile:DBProfile.DISK for Table:default
2019-09-18 17:09:39,272 [main] INFO  db.DBStoreBuilder (DBStoreBuilder.java:getDbProfile(198)) - Using default options. DBProfile.DISK
2019-09-18 17:09:39,814 [main] INFO  ipc.CallQueueManager (CallQueueManager.java:<init>(84)) - Using callQueue: class java.util.concurrent.LinkedBlockingQueue, queueCapacity: 2000, scheduler: class org.apache.hadoop.ipc.DefaultRpcScheduler, ipcBackoff: false.
2019-09-18 17:09:39,815 [Socket Reader #1 for port 33396] INFO  ipc.Server (Server.java:run(1074)) - Starting Socket Reader #1 for port 33396
2019-09-18 17:09:39,835 [main] INFO  om.OzoneManager (OzoneManager.java:start(1240)) - OzoneManager RPC server is listening at localhost/127.0.0.1:33396
2019-09-18 17:09:39,836 [main] INFO  impl.MetricsSystemImpl (MetricsSystemImpl.java:init(158)) - OzoneManager metrics system started (again)
2019-09-18 17:09:39,837 [IPC Server Responder] INFO  ipc.Server (Server.java:run(1314)) - IPC Server Responder: starting
2019-09-18 17:09:39,837 [IPC Server listener on 33396] INFO  ipc.Server (Server.java:run(1153)) - IPC Server listener on 33396: starting
2019-09-18 17:09:39,844 [main] INFO  hdfs.DFSUtil (DFSUtil.java:httpServerTemplateForNNAndJN(1641)) - Starting Web-server for ozoneManager at: http://0.0.0.0:0
2019-09-18 17:09:39,847 [main] INFO  server.AuthenticationFilter (AuthenticationFilter.java:constructSecretProvider(240)) - Unable to initialize FileSignerSecretProvider, falling back to use random secrets.
2019-09-18 17:09:39,848 [main] WARN  http.HttpRequestLog (HttpRequestLog.java:getRequestLog(97)) - Jetty request log can only be enabled using Log4j
2019-09-18 17:09:39,852 [main] INFO  http.HttpServer2 (HttpServer2.java:addGlobalFilter(975)) - Added global filter 'safety' (class=org.apache.hadoop.http.HttpServer2$QuotingInputFilter)
2019-09-18 17:09:39,853 [main] INFO  http.HttpServer2 (HttpServer2.java:addFilter(948)) - Added filter static_user_filter (class=org.apache.hadoop.http.lib.StaticUserWebFilter$StaticUserFilter) to context ozoneManager
2019-09-18 17:09:39,854 [main] INFO  http.HttpServer2 (HttpServer2.java:addFilter(958)) - Added filter static_user_filter (class=org.apache.hadoop.http.lib.StaticUserWebFilter$StaticUserFilter) to context logs
2019-09-18 17:09:39,854 [main] INFO  http.HttpServer2 (HttpServer2.java:addFilter(958)) - Added filter static_user_filter (class=org.apache.hadoop.http.lib.StaticUserWebFilter$StaticUserFilter) to context static
2019-09-18 17:09:39,857 [main] INFO  http.HttpServer2 (HttpServer2.java:bindListener(1191)) - Jetty bound to port 36583
2019-09-18 17:09:39,858 [main] INFO  server.Server (Server.java:doStart(351)) - jetty-9.3.24.v20180605, build timestamp: 2018-06-05T17:11:56Z, git hash: 84205aa28f11a4f31f2a3b86d1bba2cc8ab69827
2019-09-18 17:09:39,860 [main] INFO  handler.ContextHandler (ContextHandler.java:doStart(781)) - Started o.e.j.s.ServletContextHandler@74fe5966{/logs,file:///workdir/hadoop-ozone/integration-test/target/log,AVAILABLE}
2019-09-18 17:09:39,861 [main] INFO  handler.ContextHandler (ContextHandler.java:doStart(781)) - Started o.e.j.s.ServletContextHandler@677b8e13{/static,file:///workdir/hadoop-ozone/integration-test/target/test-classes/webapps/static,AVAILABLE}
2019-09-18 17:09:39,869 [main] INFO  handler.ContextHandler (ContextHandler.java:doStart(781)) - Started o.e.j.w.WebAppContext@55b8dbda{/,file:///workdir/hadoop-ozone/integration-test/target/test-classes/webapps/ozoneManager/,AVAILABLE}{/ozoneManager}
2019-09-18 17:09:39,871 [main] INFO  server.AbstractConnector (AbstractConnector.java:doStart(278)) - Started ServerConnector@3b569985{HTTP/1.1,[http/1.1]}{0.0.0.0:36583}
2019-09-18 17:09:39,872 [main] INFO  server.Server (Server.java:doStart(419)) - Started @4179ms
2019-09-18 17:09:39,872 [main] WARN  impl.MetricsSystemImpl (MetricsSystemImpl.java:register(276)) - Sink prometheus already exists!
2019-09-18 17:09:39,873 [main] INFO  server.BaseHttpServer (BaseHttpServer.java:updateConnectorAddress(215)) - HTTP server of OZONEMANAGER is listening at http://0.0.0.0:36583
2019-09-18 17:09:40,204 [main] INFO  impl.MetricsSystemImpl (MetricsSystemImpl.java:init(158)) - HddsDatanode metrics system started (again)
2019-09-18 17:09:40,254 [main] INFO  ozone.HddsDatanodeService (HddsDatanodeService.java:start(184)) - HddsDatanodeService host:pr-hdds-2121-ltkqc-3926781246 ip:192.168.151.122
2019-09-18 17:09:40,286 [main] INFO  volume.HddsVolume (HddsVolume.java:<init>(176)) - Creating Volume: /workdir/hadoop-ozone/integration-test/target/test-dir/MiniOzoneClusterImpl-a0535264-3a9d-47dc-a6b5-6352fdff8bcc/datanode-0/data/containers/hdds of  storage type : DISK and capacity : 1482555576320
2019-09-18 17:09:40,288 [main] INFO  volume.VolumeSet (VolumeSet.java:initializeVolumeSet(170)) - Added Volume : /workdir/hadoop-ozone/integration-test/target/test-dir/MiniOzoneClusterImpl-a0535264-3a9d-47dc-a6b5-6352fdff8bcc/datanode-0/data/containers/hdds to VolumeSet
2019-09-18 17:09:40,292 [main] INFO  volume.ThrottledAsyncChecker (ThrottledAsyncChecker.java:schedule(139)) - Scheduling a check for org.apache.hadoop.ozone.container.common.volume.HddsVolume@53ac845a
2019-09-18 17:09:40,309 [main] INFO  volume.HddsVolumeChecker (HddsVolumeChecker.java:checkAllVolumes(202)) - Scheduled health check for volume org.apache.hadoop.ozone.container.common.volume.HddsVolume@53ac845a
2019-09-18 17:09:40,429 [main] INFO  impl.RaftServerProxy (ConfUtils.java:logGet(43)) - raft.rpc.type = GRPC (default)
2019-09-18 17:09:40,496 [main] INFO  grpc.GrpcFactory (GrpcFactory.java:checkPooledByteBufAllocatorUseCacheForAllThreads(45)) - PERFORMANCE WARNING: useCacheForAllThreads is true that may cause Netty to create a lot garbage objects and, as a result, trigger GC.
	It is recommended to disable useCacheForAllThreads by setting -Dorg.apache.ratis.thirdparty.io.netty.allocator.useCacheForAllThreads=false in command line.
2019-09-18 17:09:40,501 [main] INFO  grpc.GrpcConfigKeys$Server (ConfUtils.java:logGet(43)) - raft.grpc.server.port = 0 (default)
2019-09-18 17:09:40,502 [main] INFO  server.GrpcService (ConfUtils.java:logGet(43)) - raft.grpc.message.size.max = 33570816 (custom)
2019-09-18 17:09:40,503 [main] INFO  server.RaftServerConfigKeys (ConfUtils.java:logGet(43)) - raft.server.log.appender.buffer.byte-limit = 33554432 (custom)
2019-09-18 17:09:40,504 [main] INFO  server.GrpcService (ConfUtils.java:logGet(43)) - raft.grpc.flow.control.window = 1MB (=1048576) (default)
2019-09-18 17:09:40,505 [main] INFO  server.RaftServerConfigKeys (ConfUtils.java:logGet(43)) - raft.server.rpc.request.timeout = 3000ms (default)
2019-09-18 17:09:40,662 [main] INFO  server.RaftServerConfigKeys (ConfUtils.java:logGet(43)) - raft.server.storage.dir = [/workdir/hadoop-ozone/integration-test/target/test-dir/MiniOzoneClusterImpl-a0535264-3a9d-47dc-a6b5-6352fdff8bcc/datanode-0/data/ratis] (custom)
2019-09-18 17:09:40,713 [main] INFO  hdfs.DFSUtil (DFSUtil.java:httpServerTemplateForNNAndJN(1641)) - Starting Web-server for hddsDatanode at: http://0.0.0.0:0
2019-09-18 17:09:40,716 [main] INFO  server.AuthenticationFilter (AuthenticationFilter.java:constructSecretProvider(240)) - Unable to initialize FileSignerSecretProvider, falling back to use random secrets.
2019-09-18 17:09:40,717 [main] WARN  http.HttpRequestLog (HttpRequestLog.java:getRequestLog(97)) - Jetty request log can only be enabled using Log4j
2019-09-18 17:09:40,719 [main] INFO  http.HttpServer2 (HttpServer2.java:addGlobalFilter(975)) - Added global filter 'safety' (class=org.apache.hadoop.http.HttpServer2$QuotingInputFilter)
2019-09-18 17:09:40,720 [main] INFO  http.HttpServer2 (HttpServer2.java:addFilter(948)) - Added filter static_user_filter (class=org.apache.hadoop.http.lib.StaticUserWebFilter$StaticUserFilter) to context hddsDatanode
2019-09-18 17:09:40,720 [main] INFO  http.HttpServer2 (HttpServer2.java:addFilter(958)) - Added filter static_user_filter (class=org.apache.hadoop.http.lib.StaticUserWebFilter$StaticUserFilter) to context logs
2019-09-18 17:09:40,721 [main] INFO  http.HttpServer2 (HttpServer2.java:addFilter(958)) - Added filter static_user_filter (class=org.apache.hadoop.http.lib.StaticUserWebFilter$StaticUserFilter) to context static
2019-09-18 17:09:40,722 [main] INFO  http.HttpServer2 (HttpServer2.java:bindListener(1191)) - Jetty bound to port 35039
2019-09-18 17:09:40,722 [main] INFO  server.Server (Server.java:doStart(351)) - jetty-9.3.24.v20180605, build timestamp: 2018-06-05T17:11:56Z, git hash: 84205aa28f11a4f31f2a3b86d1bba2cc8ab69827
2019-09-18 17:09:40,724 [main] INFO  handler.ContextHandler (ContextHandler.java:doStart(781)) - Started o.e.j.s.ServletContextHandler@6d1dcdff{/logs,file:///workdir/hadoop-ozone/integration-test/target/log,AVAILABLE}
2019-09-18 17:09:40,725 [main] INFO  handler.ContextHandler (ContextHandler.java:doStart(781)) - Started o.e.j.s.ServletContextHandler@7ff35a3f{/static,jar:file:/home/user/.m2/repository/org/apache/hadoop/hadoop-hdds-container-service/0.5.0-SNAPSHOT/hadoop-hdds-container-service-0.5.0-SNAPSHOT.jar!/webapps/static,AVAILABLE}
2019-09-18 17:09:40,759 [main] INFO  handler.ContextHandler (ContextHandler.java:doStart(781)) - Started o.e.j.w.WebAppContext@a66e580{/,file:///tmp/jetty-0.0.0.0-35039-hddsDatanode-_-any-7980003011971157233.dir/webapp/,AVAILABLE}{/hddsDatanode}
2019-09-18 17:09:40,760 [main] INFO  server.AbstractConnector (AbstractConnector.java:doStart(278)) - Started ServerConnector@5b852b49{HTTP/1.1,[http/1.1]}{0.0.0.0:35039}
2019-09-18 17:09:40,761 [main] INFO  server.Server (Server.java:doStart(419)) - Started @5068ms
2019-09-18 17:09:40,762 [main] WARN  impl.MetricsSystemImpl (MetricsSystemImpl.java:register(276)) - Sink prometheus already exists!
2019-09-18 17:09:40,763 [main] INFO  server.BaseHttpServer (BaseHttpServer.java:updateConnectorAddress(215)) - HTTP server of HDDSDATANODE is listening at http://0.0.0.0:35039
2019-09-18 17:09:40,764 [main] INFO  impl.MetricsSystemImpl (MetricsSystemImpl.java:init(158)) - HddsDatanode metrics system started (again)
2019-09-18 17:09:40,767 [main] INFO  ozone.HddsDatanodeService (HddsDatanodeService.java:start(184)) - HddsDatanodeService host:pr-hdds-2121-ltkqc-3926781246 ip:192.168.151.122
2019-09-18 17:09:40,771 [org.apache.hadoop.util.JvmPauseMonitor$Monitor@33fe9a47] INFO  util.JvmPauseMonitor (JvmPauseMonitor.java:run(188)) - Starting JVM pause monitor
2019-09-18 17:09:40,780 [main] INFO  volume.HddsVolume (HddsVolume.java:<init>(176)) - Creating Volume: /workdir/hadoop-ozone/integration-test/target/test-dir/MiniOzoneClusterImpl-a0535264-3a9d-47dc-a6b5-6352fdff8bcc/datanode-1/data/containers/hdds of  storage type : DISK and capacity : 1482555576320
2019-09-18 17:09:40,780 [main] INFO  volume.VolumeSet (VolumeSet.java:initializeVolumeSet(170)) - Added Volume : /workdir/hadoop-ozone/integration-test/target/test-dir/MiniOzoneClusterImpl-a0535264-3a9d-47dc-a6b5-6352fdff8bcc/datanode-1/data/containers/hdds to VolumeSet
2019-09-18 17:09:40,781 [main] INFO  volume.ThrottledAsyncChecker (ThrottledAsyncChecker.java:schedule(139)) - Scheduling a check for org.apache.hadoop.ozone.container.common.volume.HddsVolume@5bc28f40
2019-09-18 17:09:40,781 [main] INFO  volume.HddsVolumeChecker (HddsVolumeChecker.java:checkAllVolumes(202)) - Scheduled health check for volume org.apache.hadoop.ozone.container.common.volume.HddsVolume@5bc28f40
2019-09-18 17:09:40,795 [main] INFO  impl.RaftServerProxy (ConfUtils.java:logGet(43)) - raft.rpc.type = GRPC (default)
2019-09-18 17:09:40,795 [main] INFO  grpc.GrpcFactory (GrpcFactory.java:checkPooledByteBufAllocatorUseCacheForAllThreads(45)) - PERFORMANCE WARNING: useCacheForAllThreads is true that may cause Netty to create a lot garbage objects and, as a result, trigger GC.
	It is recommended to disable useCacheForAllThreads by setting -Dorg.apache.ratis.thirdparty.io.netty.allocator.useCacheForAllThreads=false in command line.
2019-09-18 17:09:40,796 [main] INFO  grpc.GrpcConfigKeys$Server (ConfUtils.java:logGet(43)) - raft.grpc.server.port = 0 (default)
2019-09-18 17:09:40,796 [main] INFO  server.GrpcService (ConfUtils.java:logGet(43)) - raft.grpc.message.size.max = 33570816 (custom)
2019-09-18 17:09:40,796 [main] INFO  server.RaftServerConfigKeys (ConfUtils.java:logGet(43)) - raft.server.log.appender.buffer.byte-limit = 33554432 (custom)
2019-09-18 17:09:40,796 [main] INFO  server.GrpcService (ConfUtils.java:logGet(43)) - raft.grpc.flow.control.window = 1MB (=1048576) (default)
2019-09-18 17:09:40,797 [main] INFO  server.RaftServerConfigKeys (ConfUtils.java:logGet(43)) - raft.server.rpc.request.timeout = 3000ms (default)
2019-09-18 17:09:40,797 [main] INFO  server.RaftServerConfigKeys (ConfUtils.java:logGet(43)) - raft.server.storage.dir = [/workdir/hadoop-ozone/integration-test/target/test-dir/MiniOzoneClusterImpl-a0535264-3a9d-47dc-a6b5-6352fdff8bcc/datanode-1/data/ratis] (custom)
2019-09-18 17:09:40,799 [main] INFO  hdfs.DFSUtil (DFSUtil.java:httpServerTemplateForNNAndJN(1641)) - Starting Web-server for hddsDatanode at: http://0.0.0.0:0
2019-09-18 17:09:40,800 [main] INFO  server.AuthenticationFilter (AuthenticationFilter.java:constructSecretProvider(240)) - Unable to initialize FileSignerSecretProvider, falling back to use random secrets.
2019-09-18 17:09:40,801 [main] WARN  http.HttpRequestLog (HttpRequestLog.java:getRequestLog(97)) - Jetty request log can only be enabled using Log4j
2019-09-18 17:09:40,803 [main] INFO  http.HttpServer2 (HttpServer2.java:addGlobalFilter(975)) - Added global filter 'safety' (class=org.apache.hadoop.http.HttpServer2$QuotingInputFilter)
2019-09-18 17:09:40,803 [main] INFO  http.HttpServer2 (HttpServer2.java:addFilter(948)) - Added filter static_user_filter (class=org.apache.hadoop.http.lib.StaticUserWebFilter$StaticUserFilter) to context hddsDatanode
2019-09-18 17:09:40,804 [main] INFO  http.HttpServer2 (HttpServer2.java:addFilter(958)) - Added filter static_user_filter (class=org.apache.hadoop.http.lib.StaticUserWebFilter$StaticUserFilter) to context static
2019-09-18 17:09:40,804 [main] INFO  http.HttpServer2 (HttpServer2.java:addFilter(958)) - Added filter static_user_filter (class=org.apache.hadoop.http.lib.StaticUserWebFilter$StaticUserFilter) to context logs
2019-09-18 17:09:40,805 [main] INFO  http.HttpServer2 (HttpServer2.java:bindListener(1191)) - Jetty bound to port 43259
2019-09-18 17:09:40,805 [main] INFO  server.Server (Server.java:doStart(351)) - jetty-9.3.24.v20180605, build timestamp: 2018-06-05T17:11:56Z, git hash: 84205aa28f11a4f31f2a3b86d1bba2cc8ab69827
2019-09-18 17:09:40,809 [main] INFO  handler.ContextHandler (ContextHandler.java:doStart(781)) - Started o.e.j.s.ServletContextHandler@6cd64ee8{/logs,file:///workdir/hadoop-ozone/integration-test/target/log,AVAILABLE}
2019-09-18 17:09:40,810 [main] INFO  handler.ContextHandler (ContextHandler.java:doStart(781)) - Started o.e.j.s.ServletContextHandler@2f1d0bbc{/static,jar:file:/home/user/.m2/repository/org/apache/hadoop/hadoop-hdds-container-service/0.5.0-SNAPSHOT/hadoop-hdds-container-service-0.5.0-SNAPSHOT.jar!/webapps/static,AVAILABLE}
2019-09-18 17:09:40,839 [main] INFO  handler.ContextHandler (ContextHandler.java:doStart(781)) - Started o.e.j.w.WebAppContext@59072e9d{/,file:///tmp/jetty-0.0.0.0-43259-hddsDatanode-_-any-2651172075481755338.dir/webapp/,AVAILABLE}{/hddsDatanode}
2019-09-18 17:09:40,841 [main] INFO  server.AbstractConnector (AbstractConnector.java:doStart(278)) - Started ServerConnector@58472096{HTTP/1.1,[http/1.1]}{0.0.0.0:43259}
2019-09-18 17:09:40,842 [main] INFO  server.Server (Server.java:doStart(419)) - Started @5148ms
2019-09-18 17:09:40,842 [main] WARN  impl.MetricsSystemImpl (MetricsSystemImpl.java:register(276)) - Sink prometheus already exists!
2019-09-18 17:09:40,843 [main] INFO  server.BaseHttpServer (BaseHttpServer.java:updateConnectorAddress(215)) - HTTP server of HDDSDATANODE is listening at http://0.0.0.0:43259
2019-09-18 17:09:40,843 [main] INFO  impl.MetricsSystemImpl (MetricsSystemImpl.java:init(158)) - HddsDatanode metrics system started (again)
2019-09-18 17:09:40,846 [main] INFO  ozone.HddsDatanodeService (HddsDatanodeService.java:start(184)) - HddsDatanodeService host:pr-hdds-2121-ltkqc-3926781246 ip:192.168.151.122
2019-09-18 17:09:40,846 [org.apache.hadoop.util.JvmPauseMonitor$Monitor@7d8a1a20] INFO  util.JvmPauseMonitor (JvmPauseMonitor.java:run(188)) - Starting JVM pause monitor
2019-09-18 17:09:40,855 [main] INFO  volume.HddsVolume (HddsVolume.java:<init>(176)) - Creating Volume: /workdir/hadoop-ozone/integration-test/target/test-dir/MiniOzoneClusterImpl-a0535264-3a9d-47dc-a6b5-6352fdff8bcc/datanode-2/data/containers/hdds of  storage type : DISK and capacity : 1482555576320
2019-09-18 17:09:40,856 [main] INFO  volume.VolumeSet (VolumeSet.java:initializeVolumeSet(170)) - Added Volume : /workdir/hadoop-ozone/integration-test/target/test-dir/MiniOzoneClusterImpl-a0535264-3a9d-47dc-a6b5-6352fdff8bcc/datanode-2/data/containers/hdds to VolumeSet
2019-09-18 17:09:40,856 [main] INFO  volume.ThrottledAsyncChecker (ThrottledAsyncChecker.java:schedule(139)) - Scheduling a check for org.apache.hadoop.ozone.container.common.volume.HddsVolume@7baf1f5a
2019-09-18 17:09:40,857 [main] INFO  volume.HddsVolumeChecker (HddsVolumeChecker.java:checkAllVolumes(202)) - Scheduled health check for volume org.apache.hadoop.ozone.container.common.volume.HddsVolume@7baf1f5a
2019-09-18 17:09:40,870 [main] INFO  impl.RaftServerProxy (ConfUtils.java:logGet(43)) - raft.rpc.type = GRPC (default)
2019-09-18 17:09:40,870 [main] INFO  grpc.GrpcFactory (GrpcFactory.java:checkPooledByteBufAllocatorUseCacheForAllThreads(45)) - PERFORMANCE WARNING: useCacheForAllThreads is true that may cause Netty to create a lot garbage objects and, as a result, trigger GC.
	It is recommended to disable useCacheForAllThreads by setting -Dorg.apache.ratis.thirdparty.io.netty.allocator.useCacheForAllThreads=false in command line.
2019-09-18 17:09:40,870 [main] INFO  grpc.GrpcConfigKeys$Server (ConfUtils.java:logGet(43)) - raft.grpc.server.port = 0 (default)
2019-09-18 17:09:40,871 [main] INFO  server.GrpcService (ConfUtils.java:logGet(43)) - raft.grpc.message.size.max = 33570816 (custom)
2019-09-18 17:09:40,871 [main] INFO  server.RaftServerConfigKeys (ConfUtils.java:logGet(43)) - raft.server.log.appender.buffer.byte-limit = 33554432 (custom)
2019-09-18 17:09:40,871 [main] INFO  server.GrpcService (ConfUtils.java:logGet(43)) - raft.grpc.flow.control.window = 1MB (=1048576) (default)
2019-09-18 17:09:40,871 [main] INFO  server.RaftServerConfigKeys (ConfUtils.java:logGet(43)) - raft.server.rpc.request.timeout = 3000ms (default)
2019-09-18 17:09:40,872 [main] INFO  server.RaftServerConfigKeys (ConfUtils.java:logGet(43)) - raft.server.storage.dir = [/workdir/hadoop-ozone/integration-test/target/test-dir/MiniOzoneClusterImpl-a0535264-3a9d-47dc-a6b5-6352fdff8bcc/datanode-2/data/ratis] (custom)
2019-09-18 17:09:40,874 [main] INFO  hdfs.DFSUtil (DFSUtil.java:httpServerTemplateForNNAndJN(1641)) - Starting Web-server for hddsDatanode at: http://0.0.0.0:0
2019-09-18 17:09:40,875 [main] INFO  server.AuthenticationFilter (AuthenticationFilter.java:constructSecretProvider(240)) - Unable to initialize FileSignerSecretProvider, falling back to use random secrets.
2019-09-18 17:09:40,876 [main] WARN  http.HttpRequestLog (HttpRequestLog.java:getRequestLog(97)) - Jetty request log can only be enabled using Log4j
2019-09-18 17:09:40,878 [main] INFO  http.HttpServer2 (HttpServer2.java:addGlobalFilter(975)) - Added global filter 'safety' (class=org.apache.hadoop.http.HttpServer2$QuotingInputFilter)
2019-09-18 17:09:40,878 [main] INFO  http.HttpServer2 (HttpServer2.java:addFilter(948)) - Added filter static_user_filter (class=org.apache.hadoop.http.lib.StaticUserWebFilter$StaticUserFilter) to context hddsDatanode
2019-09-18 17:09:40,878 [main] INFO  http.HttpServer2 (HttpServer2.java:addFilter(958)) - Added filter static_user_filter (class=org.apache.hadoop.http.lib.StaticUserWebFilter$StaticUserFilter) to context logs
2019-09-18 17:09:40,879 [main] INFO  http.HttpServer2 (HttpServer2.java:addFilter(958)) - Added filter static_user_filter (class=org.apache.hadoop.http.lib.StaticUserWebFilter$StaticUserFilter) to context static
2019-09-18 17:09:40,879 [main] INFO  http.HttpServer2 (HttpServer2.java:bindListener(1191)) - Jetty bound to port 36459
2019-09-18 17:09:40,880 [main] INFO  server.Server (Server.java:doStart(351)) - jetty-9.3.24.v20180605, build timestamp: 2018-06-05T17:11:56Z, git hash: 84205aa28f11a4f31f2a3b86d1bba2cc8ab69827
2019-09-18 17:09:40,882 [main] INFO  handler.ContextHandler (ContextHandler.java:doStart(781)) - Started o.e.j.s.ServletContextHandler@28da7d11{/logs,file:///workdir/hadoop-ozone/integration-test/target/log,AVAILABLE}
2019-09-18 17:09:40,882 [main] INFO  handler.ContextHandler (ContextHandler.java:doStart(781)) - Started o.e.j.s.ServletContextHandler@5624657a{/static,jar:file:/home/user/.m2/repository/org/apache/hadoop/hadoop-hdds-container-service/0.5.0-SNAPSHOT/hadoop-hdds-container-service-0.5.0-SNAPSHOT.jar!/webapps/static,AVAILABLE}
2019-09-18 17:09:40,910 [Datanode State Machine Thread - 0] INFO  datanode.InitDatanodeState (InitDatanodeState.java:persistContainerDatanodeDetails(140)) - DatanodeDetails is persisted to /workdir/hadoop-ozone/integration-test/target/test-dir/MiniOzoneClusterImpl-a0535264-3a9d-47dc-a6b5-6352fdff8bcc/datanode-0/meta/datanode.id
2019-09-18 17:09:40,913 [Datanode State Machine Thread - 0] INFO  datanode.InitDatanodeState (InitDatanodeState.java:persistContainerDatanodeDetails(140)) - DatanodeDetails is persisted to /workdir/hadoop-ozone/integration-test/target/test-dir/MiniOzoneClusterImpl-a0535264-3a9d-47dc-a6b5-6352fdff8bcc/datanode-1/meta/datanode.id
2019-09-18 17:09:40,914 [main] INFO  handler.ContextHandler (ContextHandler.java:doStart(781)) - Started o.e.j.w.WebAppContext@5dd903be{/,file:///tmp/jetty-0.0.0.0-36459-hddsDatanode-_-any-1137953640887665879.dir/webapp/,AVAILABLE}{/hddsDatanode}
2019-09-18 17:09:40,915 [main] INFO  server.AbstractConnector (AbstractConnector.java:doStart(278)) - Started ServerConnector@12e0f1cb{HTTP/1.1,[http/1.1]}{0.0.0.0:36459}
2019-09-18 17:09:40,916 [main] INFO  server.Server (Server.java:doStart(419)) - Started @5222ms
2019-09-18 17:09:40,916 [main] WARN  impl.MetricsSystemImpl (MetricsSystemImpl.java:register(276)) - Sink prometheus already exists!
2019-09-18 17:09:40,917 [main] INFO  server.BaseHttpServer (BaseHttpServer.java:updateConnectorAddress(215)) - HTTP server of HDDSDATANODE is listening at http://0.0.0.0:36459
2019-09-18 17:09:40,917 [main] INFO  impl.MetricsSystemImpl (MetricsSystemImpl.java:init(158)) - HddsDatanode metrics system started (again)
2019-09-18 17:09:40,919 [main] INFO  ozone.HddsDatanodeService (HddsDatanodeService.java:start(184)) - HddsDatanodeService host:pr-hdds-2121-ltkqc-3926781246 ip:192.168.151.122
2019-09-18 17:09:40,920 [org.apache.hadoop.util.JvmPauseMonitor$Monitor@11341f12] INFO  util.JvmPauseMonitor (JvmPauseMonitor.java:run(188)) - Starting JVM pause monitor
2019-09-18 17:09:40,924 [Datanode State Machine Thread - 0] INFO  datanode.InitDatanodeState (InitDatanodeState.java:persistContainerDatanodeDetails(140)) - DatanodeDetails is persisted to /workdir/hadoop-ozone/integration-test/target/test-dir/MiniOzoneClusterImpl-a0535264-3a9d-47dc-a6b5-6352fdff8bcc/datanode-2/meta/datanode.id
2019-09-18 17:09:40,927 [main] INFO  volume.HddsVolume (HddsVolume.java:<init>(176)) - Creating Volume: /workdir/hadoop-ozone/integration-test/target/test-dir/MiniOzoneClusterImpl-a0535264-3a9d-47dc-a6b5-6352fdff8bcc/datanode-3/data/containers/hdds of  storage type : DISK and capacity : 1482555576320
2019-09-18 17:09:40,927 [main] INFO  volume.VolumeSet (VolumeSet.java:initializeVolumeSet(170)) - Added Volume : /workdir/hadoop-ozone/integration-test/target/test-dir/MiniOzoneClusterImpl-a0535264-3a9d-47dc-a6b5-6352fdff8bcc/datanode-3/data/containers/hdds to VolumeSet
2019-09-18 17:09:40,927 [main] INFO  volume.ThrottledAsyncChecker (ThrottledAsyncChecker.java:schedule(139)) - Scheduling a check for org.apache.hadoop.ozone.container.common.volume.HddsVolume@4613311f
2019-09-18 17:09:40,928 [main] INFO  volume.HddsVolumeChecker (HddsVolumeChecker.java:checkAllVolumes(202)) - Scheduled health check for volume org.apache.hadoop.ozone.container.common.volume.HddsVolume@4613311f
2019-09-18 17:09:40,941 [main] INFO  impl.RaftServerProxy (ConfUtils.java:logGet(43)) - raft.rpc.type = GRPC (default)
2019-09-18 17:09:40,942 [main] INFO  grpc.GrpcFactory (GrpcFactory.java:checkPooledByteBufAllocatorUseCacheForAllThreads(45)) - PERFORMANCE WARNING: useCacheForAllThreads is true that may cause Netty to create a lot garbage objects and, as a result, trigger GC.
	It is recommended to disable useCacheForAllThreads by setting -Dorg.apache.ratis.thirdparty.io.netty.allocator.useCacheForAllThreads=false in command line.
2019-09-18 17:09:40,942 [main] INFO  grpc.GrpcConfigKeys$Server (ConfUtils.java:logGet(43)) - raft.grpc.server.port = 0 (default)
2019-09-18 17:09:40,942 [main] INFO  server.GrpcService (ConfUtils.java:logGet(43)) - raft.grpc.message.size.max = 33570816 (custom)
2019-09-18 17:09:40,943 [main] INFO  server.RaftServerConfigKeys (ConfUtils.java:logGet(43)) - raft.server.log.appender.buffer.byte-limit = 33554432 (custom)
2019-09-18 17:09:40,943 [main] INFO  server.GrpcService (ConfUtils.java:logGet(43)) - raft.grpc.flow.control.window = 1MB (=1048576) (default)
2019-09-18 17:09:40,943 [main] INFO  server.RaftServerConfigKeys (ConfUtils.java:logGet(43)) - raft.server.rpc.request.timeout = 3000ms (default)
2019-09-18 17:09:40,944 [main] INFO  server.RaftServerConfigKeys (ConfUtils.java:logGet(43)) - raft.server.storage.dir = [/workdir/hadoop-ozone/integration-test/target/test-dir/MiniOzoneClusterImpl-a0535264-3a9d-47dc-a6b5-6352fdff8bcc/datanode-3/data/ratis] (custom)
2019-09-18 17:09:40,945 [main] INFO  hdfs.DFSUtil (DFSUtil.java:httpServerTemplateForNNAndJN(1641)) - Starting Web-server for hddsDatanode at: http://0.0.0.0:0
2019-09-18 17:09:40,947 [main] INFO  server.AuthenticationFilter (AuthenticationFilter.java:constructSecretProvider(240)) - Unable to initialize FileSignerSecretProvider, falling back to use random secrets.
2019-09-18 17:09:40,947 [main] WARN  http.HttpRequestLog (HttpRequestLog.java:getRequestLog(97)) - Jetty request log can only be enabled using Log4j
2019-09-18 17:09:40,949 [main] INFO  http.HttpServer2 (HttpServer2.java:addGlobalFilter(975)) - Added global filter 'safety' (class=org.apache.hadoop.http.HttpServer2$QuotingInputFilter)
2019-09-18 17:09:40,950 [main] INFO  http.HttpServer2 (HttpServer2.java:addFilter(948)) - Added filter static_user_filter (class=org.apache.hadoop.http.lib.StaticUserWebFilter$StaticUserFilter) to context hddsDatanode
2019-09-18 17:09:40,950 [main] INFO  http.HttpServer2 (HttpServer2.java:addFilter(958)) - Added filter static_user_filter (class=org.apache.hadoop.http.lib.StaticUserWebFilter$StaticUserFilter) to context logs
2019-09-18 17:09:40,950 [main] INFO  http.HttpServer2 (HttpServer2.java:addFilter(958)) - Added filter static_user_filter (class=org.apache.hadoop.http.lib.StaticUserWebFilter$StaticUserFilter) to context static
2019-09-18 17:09:40,951 [main] INFO  http.HttpServer2 (HttpServer2.java:bindListener(1191)) - Jetty bound to port 39985
2019-09-18 17:09:40,952 [main] INFO  server.Server (Server.java:doStart(351)) - jetty-9.3.24.v20180605, build timestamp: 2018-06-05T17:11:56Z, git hash: 84205aa28f11a4f31f2a3b86d1bba2cc8ab69827
2019-09-18 17:09:40,955 [main] INFO  handler.ContextHandler (ContextHandler.java:doStart(781)) - Started o.e.j.s.ServletContextHandler@41eb94bc{/logs,file:///workdir/hadoop-ozone/integration-test/target/log,AVAILABLE}
2019-09-18 17:09:40,956 [main] INFO  handler.ContextHandler (ContextHandler.java:doStart(781)) - Started o.e.j.s.ServletContextHandler@97d0c06{/static,jar:file:/home/user/.m2/repository/org/apache/hadoop/hadoop-hdds-container-service/0.5.0-SNAPSHOT/hadoop-hdds-container-service-0.5.0-SNAPSHOT.jar!/webapps/static,AVAILABLE}
2019-09-18 17:09:40,985 [main] INFO  handler.ContextHandler (ContextHandler.java:doStart(781)) - Started o.e.j.w.WebAppContext@38eb0f4d{/,file:///tmp/jetty-0.0.0.0-39985-hddsDatanode-_-any-2840820054885590797.dir/webapp/,AVAILABLE}{/hddsDatanode}
2019-09-18 17:09:40,986 [main] INFO  server.AbstractConnector (AbstractConnector.java:doStart(278)) - Started ServerConnector@437486cd{HTTP/1.1,[http/1.1]}{0.0.0.0:39985}
2019-09-18 17:09:40,987 [main] INFO  server.Server (Server.java:doStart(419)) - Started @5294ms
2019-09-18 17:09:40,987 [main] WARN  impl.MetricsSystemImpl (MetricsSystemImpl.java:register(276)) - Sink prometheus already exists!
2019-09-18 17:09:40,988 [main] INFO  server.BaseHttpServer (BaseHttpServer.java:updateConnectorAddress(215)) - HTTP server of HDDSDATANODE is listening at http://0.0.0.0:39985
2019-09-18 17:09:40,989 [main] INFO  impl.MetricsSystemImpl (MetricsSystemImpl.java:init(158)) - HddsDatanode metrics system started (again)
2019-09-18 17:09:40,992 [org.apache.hadoop.util.JvmPauseMonitor$Monitor@5ddfc29c] INFO  util.JvmPauseMonitor (JvmPauseMonitor.java:run(188)) - Starting JVM pause monitor
2019-09-18 17:09:40,994 [main] INFO  ozone.HddsDatanodeService (HddsDatanodeService.java:start(184)) - HddsDatanodeService host:pr-hdds-2121-ltkqc-3926781246 ip:192.168.151.122
2019-09-18 17:09:40,996 [Datanode State Machine Thread - 0] INFO  datanode.InitDatanodeState (InitDatanodeState.java:persistContainerDatanodeDetails(140)) - DatanodeDetails is persisted to /workdir/hadoop-ozone/integration-test/target/test-dir/MiniOzoneClusterImpl-a0535264-3a9d-47dc-a6b5-6352fdff8bcc/datanode-3/meta/datanode.id
2019-09-18 17:09:41,002 [main] INFO  volume.HddsVolume (HddsVolume.java:<init>(176)) - Creating Volume: /workdir/hadoop-ozone/integration-test/target/test-dir/MiniOzoneClusterImpl-a0535264-3a9d-47dc-a6b5-6352fdff8bcc/datanode-4/data/containers/hdds of  storage type : DISK and capacity : 1482555576320
2019-09-18 17:09:41,003 [main] INFO  volume.VolumeSet (VolumeSet.java:initializeVolumeSet(170)) - Added Volume : /workdir/hadoop-ozone/integration-test/target/test-dir/MiniOzoneClusterImpl-a0535264-3a9d-47dc-a6b5-6352fdff8bcc/datanode-4/data/containers/hdds to VolumeSet
2019-09-18 17:09:41,003 [main] INFO  volume.ThrottledAsyncChecker (ThrottledAsyncChecker.java:schedule(139)) - Scheduling a check for org.apache.hadoop.ozone.container.common.volume.HddsVolume@748d2277
2019-09-18 17:09:41,004 [main] INFO  volume.HddsVolumeChecker (HddsVolumeChecker.java:checkAllVolumes(202)) - Scheduled health check for volume org.apache.hadoop.ozone.container.common.volume.HddsVolume@748d2277
2019-09-18 17:09:41,018 [main] INFO  impl.RaftServerProxy (ConfUtils.java:logGet(43)) - raft.rpc.type = GRPC (default)
2019-09-18 17:09:41,019 [main] INFO  grpc.GrpcFactory (GrpcFactory.java:checkPooledByteBufAllocatorUseCacheForAllThreads(45)) - PERFORMANCE WARNING: useCacheForAllThreads is true that may cause Netty to create a lot garbage objects and, as a result, trigger GC.
	It is recommended to disable useCacheForAllThreads by setting -Dorg.apache.ratis.thirdparty.io.netty.allocator.useCacheForAllThreads=false in command line.
2019-09-18 17:09:41,019 [main] INFO  grpc.GrpcConfigKeys$Server (ConfUtils.java:logGet(43)) - raft.grpc.server.port = 0 (default)
2019-09-18 17:09:41,019 [main] INFO  server.GrpcService (ConfUtils.java:logGet(43)) - raft.grpc.message.size.max = 33570816 (custom)
2019-09-18 17:09:41,019 [main] INFO  server.RaftServerConfigKeys (ConfUtils.java:logGet(43)) - raft.server.log.appender.buffer.byte-limit = 33554432 (custom)
2019-09-18 17:09:41,020 [main] INFO  server.GrpcService (ConfUtils.java:logGet(43)) - raft.grpc.flow.control.window = 1MB (=1048576) (default)
2019-09-18 17:09:41,020 [main] INFO  server.RaftServerConfigKeys (ConfUtils.java:logGet(43)) - raft.server.rpc.request.timeout = 3000ms (default)
2019-09-18 17:09:41,021 [main] INFO  server.RaftServerConfigKeys (ConfUtils.java:logGet(43)) - raft.server.storage.dir = [/workdir/hadoop-ozone/integration-test/target/test-dir/MiniOzoneClusterImpl-a0535264-3a9d-47dc-a6b5-6352fdff8bcc/datanode-4/data/ratis] (custom)
2019-09-18 17:09:41,022 [main] INFO  hdfs.DFSUtil (DFSUtil.java:httpServerTemplateForNNAndJN(1641)) - Starting Web-server for hddsDatanode at: http://0.0.0.0:0
2019-09-18 17:09:41,024 [main] INFO  server.AuthenticationFilter (AuthenticationFilter.java:constructSecretProvider(240)) - Unable to initialize FileSignerSecretProvider, falling back to use random secrets.
2019-09-18 17:09:41,024 [main] WARN  http.HttpRequestLog (HttpRequestLog.java:getRequestLog(97)) - Jetty request log can only be enabled using Log4j
2019-09-18 17:09:41,026 [main] INFO  http.HttpServer2 (HttpServer2.java:addGlobalFilter(975)) - Added global filter 'safety' (class=org.apache.hadoop.http.HttpServer2$QuotingInputFilter)
2019-09-18 17:09:41,026 [main] INFO  http.HttpServer2 (HttpServer2.java:addFilter(948)) - Added filter static_user_filter (class=org.apache.hadoop.http.lib.StaticUserWebFilter$StaticUserFilter) to context hddsDatanode
2019-09-18 17:09:41,027 [main] INFO  http.HttpServer2 (HttpServer2.java:addFilter(958)) - Added filter static_user_filter (class=org.apache.hadoop.http.lib.StaticUserWebFilter$StaticUserFilter) to context static
2019-09-18 17:09:41,027 [main] INFO  http.HttpServer2 (HttpServer2.java:addFilter(958)) - Added filter static_user_filter (class=org.apache.hadoop.http.lib.StaticUserWebFilter$StaticUserFilter) to context logs
2019-09-18 17:09:41,028 [main] INFO  http.HttpServer2 (HttpServer2.java:bindListener(1191)) - Jetty bound to port 38351
2019-09-18 17:09:41,028 [main] INFO  server.Server (Server.java:doStart(351)) - jetty-9.3.24.v20180605, build timestamp: 2018-06-05T17:11:56Z, git hash: 84205aa28f11a4f31f2a3b86d1bba2cc8ab69827
2019-09-18 17:09:41,030 [main] INFO  handler.ContextHandler (ContextHandler.java:doStart(781)) - Started o.e.j.s.ServletContextHandler@6a1d3225{/logs,file:///workdir/hadoop-ozone/integration-test/target/log,AVAILABLE}
2019-09-18 17:09:41,030 [main] INFO  handler.ContextHandler (ContextHandler.java:doStart(781)) - Started o.e.j.s.ServletContextHandler@50fb33a{/static,jar:file:/home/user/.m2/repository/org/apache/hadoop/hadoop-hdds-container-service/0.5.0-SNAPSHOT/hadoop-hdds-container-service-0.5.0-SNAPSHOT.jar!/webapps/static,AVAILABLE}
2019-09-18 17:09:41,059 [main] INFO  handler.ContextHandler (ContextHandler.java:doStart(781)) - Started o.e.j.w.WebAppContext@10b1a751{/,file:///tmp/jetty-0.0.0.0-38351-hddsDatanode-_-any-173913234530658519.dir/webapp/,AVAILABLE}{/hddsDatanode}
2019-09-18 17:09:41,060 [main] INFO  server.AbstractConnector (AbstractConnector.java:doStart(278)) - Started ServerConnector@53cf9c99{HTTP/1.1,[http/1.1]}{0.0.0.0:38351}
2019-09-18 17:09:41,061 [main] INFO  server.Server (Server.java:doStart(419)) - Started @5368ms
2019-09-18 17:09:41,062 [main] WARN  impl.MetricsSystemImpl (MetricsSystemImpl.java:register(276)) - Sink prometheus already exists!
2019-09-18 17:09:41,063 [main] INFO  server.BaseHttpServer (BaseHttpServer.java:updateConnectorAddress(215)) - HTTP server of HDDSDATANODE is listening at http://0.0.0.0:38351
2019-09-18 17:09:41,063 [main] INFO  impl.MetricsSystemImpl (MetricsSystemImpl.java:init(158)) - HddsDatanode metrics system started (again)
2019-09-18 17:09:41,066 [main] INFO  ozone.HddsDatanodeService (HddsDatanodeService.java:start(184)) - HddsDatanodeService host:pr-hdds-2121-ltkqc-3926781246 ip:192.168.151.122
2019-09-18 17:09:41,066 [org.apache.hadoop.util.JvmPauseMonitor$Monitor@6d5cdce3] INFO  util.JvmPauseMonitor (JvmPauseMonitor.java:run(188)) - Starting JVM pause monitor
2019-09-18 17:09:41,069 [Datanode State Machine Thread - 0] INFO  datanode.InitDatanodeState (InitDatanodeState.java:persistContainerDatanodeDetails(140)) - DatanodeDetails is persisted to /workdir/hadoop-ozone/integration-test/target/test-dir/MiniOzoneClusterImpl-a0535264-3a9d-47dc-a6b5-6352fdff8bcc/datanode-4/meta/datanode.id
2019-09-18 17:09:41,078 [main] INFO  volume.HddsVolume (HddsVolume.java:<init>(176)) - Creating Volume: /workdir/hadoop-ozone/integration-test/target/test-dir/MiniOzoneClusterImpl-a0535264-3a9d-47dc-a6b5-6352fdff8bcc/datanode-5/data/containers/hdds of  storage type : DISK and capacity : 1482555576320
2019-09-18 17:09:41,079 [main] INFO  volume.VolumeSet (VolumeSet.java:initializeVolumeSet(170)) - Added Volume : /workdir/hadoop-ozone/integration-test/target/test-dir/MiniOzoneClusterImpl-a0535264-3a9d-47dc-a6b5-6352fdff8bcc/datanode-5/data/containers/hdds to VolumeSet
2019-09-18 17:09:41,079 [main] INFO  volume.ThrottledAsyncChecker (ThrottledAsyncChecker.java:schedule(139)) - Scheduling a check for org.apache.hadoop.ozone.container.common.volume.HddsVolume@6f911326
2019-09-18 17:09:41,079 [main] INFO  volume.HddsVolumeChecker (HddsVolumeChecker.java:checkAllVolumes(202)) - Scheduled health check for volume org.apache.hadoop.ozone.container.common.volume.HddsVolume@6f911326
2019-09-18 17:09:41,098 [main] INFO  impl.RaftServerProxy (ConfUtils.java:logGet(43)) - raft.rpc.type = GRPC (default)
2019-09-18 17:09:41,099 [main] INFO  grpc.GrpcFactory (GrpcFactory.java:checkPooledByteBufAllocatorUseCacheForAllThreads(45)) - PERFORMANCE WARNING: useCacheForAllThreads is true that may cause Netty to create a lot garbage objects and, as a result, trigger GC.
	It is recommended to disable useCacheForAllThreads by setting -Dorg.apache.ratis.thirdparty.io.netty.allocator.useCacheForAllThreads=false in command line.
2019-09-18 17:09:41,099 [main] INFO  grpc.GrpcConfigKeys$Server (ConfUtils.java:logGet(43)) - raft.grpc.server.port = 0 (default)
2019-09-18 17:09:41,099 [main] INFO  server.GrpcService (ConfUtils.java:logGet(43)) - raft.grpc.message.size.max = 33570816 (custom)
2019-09-18 17:09:41,100 [main] INFO  server.RaftServerConfigKeys (ConfUtils.java:logGet(43)) - raft.server.log.appender.buffer.byte-limit = 33554432 (custom)
2019-09-18 17:09:41,100 [main] INFO  server.GrpcService (ConfUtils.java:logGet(43)) - raft.grpc.flow.control.window = 1MB (=1048576) (default)
2019-09-18 17:09:41,100 [main] INFO  server.RaftServerConfigKeys (ConfUtils.java:logGet(43)) - raft.server.rpc.request.timeout = 3000ms (default)
2019-09-18 17:09:41,101 [main] INFO  server.RaftServerConfigKeys (ConfUtils.java:logGet(43)) - raft.server.storage.dir = [/workdir/hadoop-ozone/integration-test/target/test-dir/MiniOzoneClusterImpl-a0535264-3a9d-47dc-a6b5-6352fdff8bcc/datanode-5/data/ratis] (custom)
2019-09-18 17:09:41,102 [main] INFO  hdfs.DFSUtil (DFSUtil.java:httpServerTemplateForNNAndJN(1641)) - Starting Web-server for hddsDatanode at: http://0.0.0.0:0
2019-09-18 17:09:41,104 [main] INFO  server.AuthenticationFilter (AuthenticationFilter.java:constructSecretProvider(240)) - Unable to initialize FileSignerSecretProvider, falling back to use random secrets.
2019-09-18 17:09:41,105 [main] WARN  http.HttpRequestLog (HttpRequestLog.java:getRequestLog(97)) - Jetty request log can only be enabled using Log4j
2019-09-18 17:09:41,108 [main] INFO  http.HttpServer2 (HttpServer2.java:addGlobalFilter(975)) - Added global filter 'safety' (class=org.apache.hadoop.http.HttpServer2$QuotingInputFilter)
2019-09-18 17:09:41,109 [main] INFO  http.HttpServer2 (HttpServer2.java:addFilter(948)) - Added filter static_user_filter (class=org.apache.hadoop.http.lib.StaticUserWebFilter$StaticUserFilter) to context hddsDatanode
2019-09-18 17:09:41,109 [main] INFO  http.HttpServer2 (HttpServer2.java:addFilter(958)) - Added filter static_user_filter (class=org.apache.hadoop.http.lib.StaticUserWebFilter$StaticUserFilter) to context logs
2019-09-18 17:09:41,109 [main] INFO  http.HttpServer2 (HttpServer2.java:addFilter(958)) - Added filter static_user_filter (class=org.apache.hadoop.http.lib.StaticUserWebFilter$StaticUserFilter) to context static
2019-09-18 17:09:41,110 [main] INFO  http.HttpServer2 (HttpServer2.java:bindListener(1191)) - Jetty bound to port 33026
2019-09-18 17:09:41,111 [main] INFO  server.Server (Server.java:doStart(351)) - jetty-9.3.24.v20180605, build timestamp: 2018-06-05T17:11:56Z, git hash: 84205aa28f11a4f31f2a3b86d1bba2cc8ab69827
2019-09-18 17:09:41,113 [main] INFO  handler.ContextHandler (ContextHandler.java:doStart(781)) - Started o.e.j.s.ServletContextHandler@6cf0a747{/logs,file:///workdir/hadoop-ozone/integration-test/target/log,AVAILABLE}
2019-09-18 17:09:41,113 [main] INFO  handler.ContextHandler (ContextHandler.java:doStart(781)) - Started o.e.j.s.ServletContextHandler@7e53339{/static,jar:file:/home/user/.m2/repository/org/apache/hadoop/hadoop-hdds-container-service/0.5.0-SNAPSHOT/hadoop-hdds-container-service-0.5.0-SNAPSHOT.jar!/webapps/static,AVAILABLE}
2019-09-18 17:09:41,176 [main] INFO  handler.ContextHandler (ContextHandler.java:doStart(781)) - Started o.e.j.w.WebAppContext@17143b3b{/,file:///tmp/jetty-0.0.0.0-33026-hddsDatanode-_-any-1725144762835683385.dir/webapp/,AVAILABLE}{/hddsDatanode}
2019-09-18 17:09:41,176 [main] INFO  server.AbstractConnector (AbstractConnector.java:doStart(278)) - Started ServerConnector@100c8b75{HTTP/1.1,[http/1.1]}{0.0.0.0:33026}
2019-09-18 17:09:41,178 [main] INFO  server.Server (Server.java:doStart(419)) - Started @5484ms
2019-09-18 17:09:41,178 [main] WARN  impl.MetricsSystemImpl (MetricsSystemImpl.java:register(276)) - Sink prometheus already exists!
2019-09-18 17:09:41,179 [main] INFO  server.BaseHttpServer (BaseHttpServer.java:updateConnectorAddress(215)) - HTTP server of HDDSDATANODE is listening at http://0.0.0.0:33026
2019-09-18 17:09:41,179 [main] INFO  impl.MetricsSystemImpl (MetricsSystemImpl.java:init(158)) - HddsDatanode metrics system started (again)
2019-09-18 17:09:41,184 [org.apache.hadoop.util.JvmPauseMonitor$Monitor@5c7ddf44] INFO  util.JvmPauseMonitor (JvmPauseMonitor.java:run(188)) - Starting JVM pause monitor
2019-09-18 17:09:41,186 [main] INFO  ozone.HddsDatanodeService (HddsDatanodeService.java:start(184)) - HddsDatanodeService host:pr-hdds-2121-ltkqc-3926781246 ip:192.168.151.122
2019-09-18 17:09:41,188 [Datanode State Machine Thread - 0] INFO  datanode.InitDatanodeState (InitDatanodeState.java:persistContainerDatanodeDetails(140)) - DatanodeDetails is persisted to /workdir/hadoop-ozone/integration-test/target/test-dir/MiniOzoneClusterImpl-a0535264-3a9d-47dc-a6b5-6352fdff8bcc/datanode-5/meta/datanode.id
2019-09-18 17:09:41,195 [main] INFO  volume.HddsVolume (HddsVolume.java:<init>(176)) - Creating Volume: /workdir/hadoop-ozone/integration-test/target/test-dir/MiniOzoneClusterImpl-a0535264-3a9d-47dc-a6b5-6352fdff8bcc/datanode-6/data/containers/hdds of  storage type : DISK and capacity : 1482555576320
2019-09-18 17:09:41,196 [main] INFO  volume.VolumeSet (VolumeSet.java:initializeVolumeSet(170)) - Added Volume : /workdir/hadoop-ozone/integration-test/target/test-dir/MiniOzoneClusterImpl-a0535264-3a9d-47dc-a6b5-6352fdff8bcc/datanode-6/data/containers/hdds to VolumeSet
2019-09-18 17:09:41,196 [main] INFO  volume.ThrottledAsyncChecker (ThrottledAsyncChecker.java:schedule(139)) - Scheduling a check for org.apache.hadoop.ozone.container.common.volume.HddsVolume@ae2db25
2019-09-18 17:09:41,197 [main] INFO  volume.HddsVolumeChecker (HddsVolumeChecker.java:checkAllVolumes(202)) - Scheduled health check for volume org.apache.hadoop.ozone.container.common.volume.HddsVolume@ae2db25
2019-09-18 17:09:41,213 [main] INFO  impl.RaftServerProxy (ConfUtils.java:logGet(43)) - raft.rpc.type = GRPC (default)
2019-09-18 17:09:41,213 [main] INFO  grpc.GrpcFactory (GrpcFactory.java:checkPooledByteBufAllocatorUseCacheForAllThreads(45)) - PERFORMANCE WARNING: useCacheForAllThreads is true that may cause Netty to create a lot garbage objects and, as a result, trigger GC.
	It is recommended to disable useCacheForAllThreads by setting -Dorg.apache.ratis.thirdparty.io.netty.allocator.useCacheForAllThreads=false in command line.
2019-09-18 17:09:41,214 [main] INFO  grpc.GrpcConfigKeys$Server (ConfUtils.java:logGet(43)) - raft.grpc.server.port = 0 (default)
2019-09-18 17:09:41,214 [main] INFO  server.GrpcService (ConfUtils.java:logGet(43)) - raft.grpc.message.size.max = 33570816 (custom)
2019-09-18 17:09:41,214 [main] INFO  server.RaftServerConfigKeys (ConfUtils.java:logGet(43)) - raft.server.log.appender.buffer.byte-limit = 33554432 (custom)
2019-09-18 17:09:41,214 [main] INFO  server.GrpcService (ConfUtils.java:logGet(43)) - raft.grpc.flow.control.window = 1MB (=1048576) (default)
2019-09-18 17:09:41,215 [main] INFO  server.RaftServerConfigKeys (ConfUtils.java:logGet(43)) - raft.server.rpc.request.timeout = 3000ms (default)
2019-09-18 17:09:41,216 [main] INFO  server.RaftServerConfigKeys (ConfUtils.java:logGet(43)) - raft.server.storage.dir = [/workdir/hadoop-ozone/integration-test/target/test-dir/MiniOzoneClusterImpl-a0535264-3a9d-47dc-a6b5-6352fdff8bcc/datanode-6/data/ratis] (custom)
2019-09-18 17:09:41,219 [main] INFO  hdfs.DFSUtil (DFSUtil.java:httpServerTemplateForNNAndJN(1641)) - Starting Web-server for hddsDatanode at: http://0.0.0.0:0
2019-09-18 17:09:41,220 [main] INFO  server.AuthenticationFilter (AuthenticationFilter.java:constructSecretProvider(240)) - Unable to initialize FileSignerSecretProvider, falling back to use random secrets.
2019-09-18 17:09:41,221 [main] WARN  http.HttpRequestLog (HttpRequestLog.java:getRequestLog(97)) - Jetty request log can only be enabled using Log4j
2019-09-18 17:09:41,223 [main] INFO  http.HttpServer2 (HttpServer2.java:addGlobalFilter(975)) - Added global filter 'safety' (class=org.apache.hadoop.http.HttpServer2$QuotingInputFilter)
2019-09-18 17:09:41,223 [main] INFO  http.HttpServer2 (HttpServer2.java:addFilter(948)) - Added filter static_user_filter (class=org.apache.hadoop.http.lib.StaticUserWebFilter$StaticUserFilter) to context hddsDatanode
2019-09-18 17:09:41,224 [main] INFO  http.HttpServer2 (HttpServer2.java:addFilter(958)) - Added filter static_user_filter (class=org.apache.hadoop.http.lib.StaticUserWebFilter$StaticUserFilter) to context logs
2019-09-18 17:09:41,224 [main] INFO  http.HttpServer2 (HttpServer2.java:addFilter(958)) - Added filter static_user_filter (class=org.apache.hadoop.http.lib.StaticUserWebFilter$StaticUserFilter) to context static
2019-09-18 17:09:41,225 [main] INFO  http.HttpServer2 (HttpServer2.java:bindListener(1191)) - Jetty bound to port 36010
2019-09-18 17:09:41,225 [main] INFO  server.Server (Server.java:doStart(351)) - jetty-9.3.24.v20180605, build timestamp: 2018-06-05T17:11:56Z, git hash: 84205aa28f11a4f31f2a3b86d1bba2cc8ab69827
2019-09-18 17:09:41,227 [main] INFO  handler.ContextHandler (ContextHandler.java:doStart(781)) - Started o.e.j.s.ServletContextHandler@623ebac7{/logs,file:///workdir/hadoop-ozone/integration-test/target/log,AVAILABLE}
2019-09-18 17:09:41,228 [main] INFO  handler.ContextHandler (ContextHandler.java:doStart(781)) - Started o.e.j.s.ServletContextHandler@1ab5f08a{/static,jar:file:/home/user/.m2/repository/org/apache/hadoop/hadoop-hdds-container-service/0.5.0-SNAPSHOT/hadoop-hdds-container-service-0.5.0-SNAPSHOT.jar!/webapps/static,AVAILABLE}
2019-09-18 17:09:41,261 [main] INFO  handler.ContextHandler (ContextHandler.java:doStart(781)) - Started o.e.j.w.WebAppContext@26350ea2{/,file:///tmp/jetty-0.0.0.0-36010-hddsDatanode-_-any-1182994147804136628.dir/webapp/,AVAILABLE}{/hddsDatanode}
2019-09-18 17:09:41,262 [main] INFO  server.AbstractConnector (AbstractConnector.java:doStart(278)) - Started ServerConnector@1e9469b8{HTTP/1.1,[http/1.1]}{0.0.0.0:36010}
2019-09-18 17:09:41,262 [main] INFO  server.Server (Server.java:doStart(419)) - Started @5569ms
2019-09-18 17:09:41,263 [main] WARN  impl.MetricsSystemImpl (MetricsSystemImpl.java:register(276)) - Sink prometheus already exists!
2019-09-18 17:09:41,264 [main] INFO  server.BaseHttpServer (BaseHttpServer.java:updateConnectorAddress(215)) - HTTP server of HDDSDATANODE is listening at http://0.0.0.0:36010
2019-09-18 17:09:41,264 [main] INFO  impl.MetricsSystemImpl (MetricsSystemImpl.java:init(158)) - HddsDatanode metrics system started (again)
2019-09-18 17:09:41,268 [org.apache.hadoop.util.JvmPauseMonitor$Monitor@70d6e39b] INFO  util.JvmPauseMonitor (JvmPauseMonitor.java:run(188)) - Starting JVM pause monitor
2019-09-18 17:09:41,270 [main] INFO  ozone.HddsDatanodeService (HddsDatanodeService.java:start(184)) - HddsDatanodeService host:pr-hdds-2121-ltkqc-3926781246 ip:192.168.151.122
2019-09-18 17:09:41,270 [Datanode State Machine Thread - 0] INFO  datanode.InitDatanodeState (InitDatanodeState.java:persistContainerDatanodeDetails(140)) - DatanodeDetails is persisted to /workdir/hadoop-ozone/integration-test/target/test-dir/MiniOzoneClusterImpl-a0535264-3a9d-47dc-a6b5-6352fdff8bcc/datanode-6/meta/datanode.id
2019-09-18 17:09:41,278 [main] INFO  volume.HddsVolume (HddsVolume.java:<init>(176)) - Creating Volume: /workdir/hadoop-ozone/integration-test/target/test-dir/MiniOzoneClusterImpl-a0535264-3a9d-47dc-a6b5-6352fdff8bcc/datanode-7/data/containers/hdds of  storage type : DISK and capacity : 1482555576320
2019-09-18 17:09:41,278 [main] INFO  volume.VolumeSet (VolumeSet.java:initializeVolumeSet(170)) - Added Volume : /workdir/hadoop-ozone/integration-test/target/test-dir/MiniOzoneClusterImpl-a0535264-3a9d-47dc-a6b5-6352fdff8bcc/datanode-7/data/containers/hdds to VolumeSet
2019-09-18 17:09:41,279 [main] INFO  volume.ThrottledAsyncChecker (ThrottledAsyncChecker.java:schedule(139)) - Scheduling a check for org.apache.hadoop.ozone.container.common.volume.HddsVolume@6c841199
2019-09-18 17:09:41,279 [main] INFO  volume.HddsVolumeChecker (HddsVolumeChecker.java:checkAllVolumes(202)) - Scheduled health check for volume org.apache.hadoop.ozone.container.common.volume.HddsVolume@6c841199
2019-09-18 17:09:41,296 [main] INFO  impl.RaftServerProxy (ConfUtils.java:logGet(43)) - raft.rpc.type = GRPC (default)
2019-09-18 17:09:41,296 [main] INFO  grpc.GrpcFactory (GrpcFactory.java:checkPooledByteBufAllocatorUseCacheForAllThreads(45)) - PERFORMANCE WARNING: useCacheForAllThreads is true that may cause Netty to create a lot garbage objects and, as a result, trigger GC.
	It is recommended to disable useCacheForAllThreads by setting -Dorg.apache.ratis.thirdparty.io.netty.allocator.useCacheForAllThreads=false in command line.
2019-09-18 17:09:41,296 [main] INFO  grpc.GrpcConfigKeys$Server (ConfUtils.java:logGet(43)) - raft.grpc.server.port = 0 (default)
2019-09-18 17:09:41,297 [main] INFO  server.GrpcService (ConfUtils.java:logGet(43)) - raft.grpc.message.size.max = 33570816 (custom)
2019-09-18 17:09:41,297 [main] INFO  server.RaftServerConfigKeys (ConfUtils.java:logGet(43)) - raft.server.log.appender.buffer.byte-limit = 33554432 (custom)
2019-09-18 17:09:41,297 [main] INFO  server.GrpcService (ConfUtils.java:logGet(43)) - raft.grpc.flow.control.window = 1MB (=1048576) (default)
2019-09-18 17:09:41,298 [main] INFO  server.RaftServerConfigKeys (ConfUtils.java:logGet(43)) - raft.server.rpc.request.timeout = 3000ms (default)
2019-09-18 17:09:41,298 [main] INFO  server.RaftServerConfigKeys (ConfUtils.java:logGet(43)) - raft.server.storage.dir = [/workdir/hadoop-ozone/integration-test/target/test-dir/MiniOzoneClusterImpl-a0535264-3a9d-47dc-a6b5-6352fdff8bcc/datanode-7/data/ratis] (custom)
2019-09-18 17:09:41,300 [main] INFO  hdfs.DFSUtil (DFSUtil.java:httpServerTemplateForNNAndJN(1641)) - Starting Web-server for hddsDatanode at: http://0.0.0.0:0
2019-09-18 17:09:41,302 [main] INFO  server.AuthenticationFilter (AuthenticationFilter.java:constructSecretProvider(240)) - Unable to initialize FileSignerSecretProvider, falling back to use random secrets.
2019-09-18 17:09:41,302 [main] WARN  http.HttpRequestLog (HttpRequestLog.java:getRequestLog(97)) - Jetty request log can only be enabled using Log4j
2019-09-18 17:09:41,303 [main] INFO  http.HttpServer2 (HttpServer2.java:addGlobalFilter(975)) - Added global filter 'safety' (class=org.apache.hadoop.http.HttpServer2$QuotingInputFilter)
2019-09-18 17:09:41,304 [main] INFO  http.HttpServer2 (HttpServer2.java:addFilter(948)) - Added filter static_user_filter (class=org.apache.hadoop.http.lib.StaticUserWebFilter$StaticUserFilter) to context hddsDatanode
2019-09-18 17:09:41,304 [main] INFO  http.HttpServer2 (HttpServer2.java:addFilter(958)) - Added filter static_user_filter (class=org.apache.hadoop.http.lib.StaticUserWebFilter$StaticUserFilter) to context logs
2019-09-18 17:09:41,305 [main] INFO  http.HttpServer2 (HttpServer2.java:addFilter(958)) - Added filter static_user_filter (class=org.apache.hadoop.http.lib.StaticUserWebFilter$StaticUserFilter) to context static
2019-09-18 17:09:41,305 [main] INFO  http.HttpServer2 (HttpServer2.java:bindListener(1191)) - Jetty bound to port 37205
2019-09-18 17:09:41,306 [main] INFO  server.Server (Server.java:doStart(351)) - jetty-9.3.24.v20180605, build timestamp: 2018-06-05T17:11:56Z, git hash: 84205aa28f11a4f31f2a3b86d1bba2cc8ab69827
2019-09-18 17:09:41,307 [main] INFO  handler.ContextHandler (ContextHandler.java:doStart(781)) - Started o.e.j.s.ServletContextHandler@1b1c538d{/logs,file:///workdir/hadoop-ozone/integration-test/target/log,AVAILABLE}
2019-09-18 17:09:41,308 [main] INFO  handler.ContextHandler (ContextHandler.java:doStart(781)) - Started o.e.j.s.ServletContextHandler@6325f352{/static,jar:file:/home/user/.m2/repository/org/apache/hadoop/hadoop-hdds-container-service/0.5.0-SNAPSHOT/hadoop-hdds-container-service-0.5.0-SNAPSHOT.jar!/webapps/static,AVAILABLE}
2019-09-18 17:09:41,339 [main] INFO  handler.ContextHandler (ContextHandler.java:doStart(781)) - Started o.e.j.w.WebAppContext@aaa0f76{/,file:///tmp/jetty-0.0.0.0-37205-hddsDatanode-_-any-6490203744823273311.dir/webapp/,AVAILABLE}{/hddsDatanode}
2019-09-18 17:09:41,340 [main] INFO  server.AbstractConnector (AbstractConnector.java:doStart(278)) - Started ServerConnector@340a8894{HTTP/1.1,[http/1.1]}{0.0.0.0:37205}
2019-09-18 17:09:41,341 [main] INFO  server.Server (Server.java:doStart(419)) - Started @5648ms
2019-09-18 17:09:41,341 [main] WARN  impl.MetricsSystemImpl (MetricsSystemImpl.java:register(276)) - Sink prometheus already exists!
2019-09-18 17:09:41,342 [main] INFO  server.BaseHttpServer (BaseHttpServer.java:updateConnectorAddress(215)) - HTTP server of HDDSDATANODE is listening at http://0.0.0.0:37205
2019-09-18 17:09:41,343 [main] INFO  impl.MetricsSystemImpl (MetricsSystemImpl.java:init(158)) - HddsDatanode metrics system started (again)
2019-09-18 17:09:41,347 [org.apache.hadoop.util.JvmPauseMonitor$Monitor@4620d046] INFO  util.JvmPauseMonitor (JvmPauseMonitor.java:run(188)) - Starting JVM pause monitor
2019-09-18 17:09:41,349 [main] INFO  ozone.HddsDatanodeService (HddsDatanodeService.java:start(184)) - HddsDatanodeService host:pr-hdds-2121-ltkqc-3926781246 ip:192.168.151.122
2019-09-18 17:09:41,350 [Datanode State Machine Thread - 0] INFO  datanode.InitDatanodeState (InitDatanodeState.java:persistContainerDatanodeDetails(140)) - DatanodeDetails is persisted to /workdir/hadoop-ozone/integration-test/target/test-dir/MiniOzoneClusterImpl-a0535264-3a9d-47dc-a6b5-6352fdff8bcc/datanode-7/meta/datanode.id
2019-09-18 17:09:41,361 [main] INFO  volume.HddsVolume (HddsVolume.java:<init>(176)) - Creating Volume: /workdir/hadoop-ozone/integration-test/target/test-dir/MiniOzoneClusterImpl-a0535264-3a9d-47dc-a6b5-6352fdff8bcc/datanode-8/data/containers/hdds of  storage type : DISK and capacity : 1482555576320
2019-09-18 17:09:41,361 [main] INFO  volume.VolumeSet (VolumeSet.java:initializeVolumeSet(170)) - Added Volume : /workdir/hadoop-ozone/integration-test/target/test-dir/MiniOzoneClusterImpl-a0535264-3a9d-47dc-a6b5-6352fdff8bcc/datanode-8/data/containers/hdds to VolumeSet
2019-09-18 17:09:41,361 [main] INFO  volume.ThrottledAsyncChecker (ThrottledAsyncChecker.java:schedule(139)) - Scheduling a check for org.apache.hadoop.ozone.container.common.volume.HddsVolume@23f86d8a
2019-09-18 17:09:41,362 [main] INFO  volume.HddsVolumeChecker (HddsVolumeChecker.java:checkAllVolumes(202)) - Scheduled health check for volume org.apache.hadoop.ozone.container.common.volume.HddsVolume@23f86d8a
2019-09-18 17:09:41,377 [main] INFO  impl.RaftServerProxy (ConfUtils.java:logGet(43)) - raft.rpc.type = GRPC (default)
2019-09-18 17:09:41,377 [main] INFO  grpc.GrpcFactory (GrpcFactory.java:checkPooledByteBufAllocatorUseCacheForAllThreads(45)) - PERFORMANCE WARNING: useCacheForAllThreads is true that may cause Netty to create a lot garbage objects and, as a result, trigger GC.
	It is recommended to disable useCacheForAllThreads by setting -Dorg.apache.ratis.thirdparty.io.netty.allocator.useCacheForAllThreads=false in command line.
2019-09-18 17:09:41,378 [main] INFO  grpc.GrpcConfigKeys$Server (ConfUtils.java:logGet(43)) - raft.grpc.server.port = 0 (default)
2019-09-18 17:09:41,378 [main] INFO  server.GrpcService (ConfUtils.java:logGet(43)) - raft.grpc.message.size.max = 33570816 (custom)
2019-09-18 17:09:41,378 [main] INFO  server.RaftServerConfigKeys (ConfUtils.java:logGet(43)) - raft.server.log.appender.buffer.byte-limit = 33554432 (custom)
2019-09-18 17:09:41,378 [main] INFO  server.GrpcService (ConfUtils.java:logGet(43)) - raft.grpc.flow.control.window = 1MB (=1048576) (default)
2019-09-18 17:09:41,378 [main] INFO  server.RaftServerConfigKeys (ConfUtils.java:logGet(43)) - raft.server.rpc.request.timeout = 3000ms (default)
2019-09-18 17:09:41,379 [main] INFO  server.RaftServerConfigKeys (ConfUtils.java:logGet(43)) - raft.server.storage.dir = [/workdir/hadoop-ozone/integration-test/target/test-dir/MiniOzoneClusterImpl-a0535264-3a9d-47dc-a6b5-6352fdff8bcc/datanode-8/data/ratis] (custom)
2019-09-18 17:09:41,381 [main] INFO  hdfs.DFSUtil (DFSUtil.java:httpServerTemplateForNNAndJN(1641)) - Starting Web-server for hddsDatanode at: http://0.0.0.0:0
2019-09-18 17:09:41,382 [main] INFO  server.AuthenticationFilter (AuthenticationFilter.java:constructSecretProvider(240)) - Unable to initialize FileSignerSecretProvider, falling back to use random secrets.
2019-09-18 17:09:41,383 [main] WARN  http.HttpRequestLog (HttpRequestLog.java:getRequestLog(97)) - Jetty request log can only be enabled using Log4j
2019-09-18 17:09:41,384 [main] INFO  http.HttpServer2 (HttpServer2.java:addGlobalFilter(975)) - Added global filter 'safety' (class=org.apache.hadoop.http.HttpServer2$QuotingInputFilter)
2019-09-18 17:09:41,385 [main] INFO  http.HttpServer2 (HttpServer2.java:addFilter(948)) - Added filter static_user_filter (class=org.apache.hadoop.http.lib.StaticUserWebFilter$StaticUserFilter) to context hddsDatanode
2019-09-18 17:09:41,385 [main] INFO  http.HttpServer2 (HttpServer2.java:addFilter(958)) - Added filter static_user_filter (class=org.apache.hadoop.http.lib.StaticUserWebFilter$StaticUserFilter) to context logs
2019-09-18 17:09:41,385 [main] INFO  http.HttpServer2 (HttpServer2.java:addFilter(958)) - Added filter static_user_filter (class=org.apache.hadoop.http.lib.StaticUserWebFilter$StaticUserFilter) to context static
2019-09-18 17:09:41,386 [main] INFO  http.HttpServer2 (HttpServer2.java:bindListener(1191)) - Jetty bound to port 43004
2019-09-18 17:09:41,386 [main] INFO  server.Server (Server.java:doStart(351)) - jetty-9.3.24.v20180605, build timestamp: 2018-06-05T17:11:56Z, git hash: 84205aa28f11a4f31f2a3b86d1bba2cc8ab69827
2019-09-18 17:09:41,388 [main] INFO  handler.ContextHandler (ContextHandler.java:doStart(781)) - Started o.e.j.s.ServletContextHandler@4b74b35{/logs,file:///workdir/hadoop-ozone/integration-test/target/log,AVAILABLE}
2019-09-18 17:09:41,388 [main] INFO  handler.ContextHandler (ContextHandler.java:doStart(781)) - Started o.e.j.s.ServletContextHandler@6d11ceef{/static,jar:file:/home/user/.m2/repository/org/apache/hadoop/hadoop-hdds-container-service/0.5.0-SNAPSHOT/hadoop-hdds-container-service-0.5.0-SNAPSHOT.jar!/webapps/static,AVAILABLE}
2019-09-18 17:09:41,417 [main] INFO  handler.ContextHandler (ContextHandler.java:doStart(781)) - Started o.e.j.w.WebAppContext@512575e9{/,file:///tmp/jetty-0.0.0.0-43004-hddsDatanode-_-any-7659315437001710630.dir/webapp/,AVAILABLE}{/hddsDatanode}
2019-09-18 17:09:41,417 [main] INFO  server.AbstractConnector (AbstractConnector.java:doStart(278)) - Started ServerConnector@6f1a16fe{HTTP/1.1,[http/1.1]}{0.0.0.0:43004}
2019-09-18 17:09:41,419 [main] INFO  server.Server (Server.java:doStart(419)) - Started @5725ms
2019-09-18 17:09:41,419 [main] WARN  impl.MetricsSystemImpl (MetricsSystemImpl.java:register(276)) - Sink prometheus already exists!
2019-09-18 17:09:41,420 [main] INFO  server.BaseHttpServer (BaseHttpServer.java:updateConnectorAddress(215)) - HTTP server of HDDSDATANODE is listening at http://0.0.0.0:43004
2019-09-18 17:09:41,420 [main] INFO  impl.MetricsSystemImpl (MetricsSystemImpl.java:init(158)) - HddsDatanode metrics system started (again)
2019-09-18 17:09:41,424 [org.apache.hadoop.util.JvmPauseMonitor$Monitor@7780ab] INFO  util.JvmPauseMonitor (JvmPauseMonitor.java:run(188)) - Starting JVM pause monitor
2019-09-18 17:09:41,426 [main] INFO  ozone.HddsDatanodeService (HddsDatanodeService.java:start(184)) - HddsDatanodeService host:pr-hdds-2121-ltkqc-3926781246 ip:192.168.151.122
2019-09-18 17:09:41,427 [Datanode State Machine Thread - 0] INFO  datanode.InitDatanodeState (InitDatanodeState.java:persistContainerDatanodeDetails(140)) - DatanodeDetails is persisted to /workdir/hadoop-ozone/integration-test/target/test-dir/MiniOzoneClusterImpl-a0535264-3a9d-47dc-a6b5-6352fdff8bcc/datanode-8/meta/datanode.id
2019-09-18 17:09:41,436 [main] INFO  volume.HddsVolume (HddsVolume.java:<init>(176)) - Creating Volume: /workdir/hadoop-ozone/integration-test/target/test-dir/MiniOzoneClusterImpl-a0535264-3a9d-47dc-a6b5-6352fdff8bcc/datanode-9/data/containers/hdds of  storage type : DISK and capacity : 1482555576320
2019-09-18 17:09:41,436 [main] INFO  volume.VolumeSet (VolumeSet.java:initializeVolumeSet(170)) - Added Volume : /workdir/hadoop-ozone/integration-test/target/test-dir/MiniOzoneClusterImpl-a0535264-3a9d-47dc-a6b5-6352fdff8bcc/datanode-9/data/containers/hdds to VolumeSet
2019-09-18 17:09:41,436 [main] INFO  volume.ThrottledAsyncChecker (ThrottledAsyncChecker.java:schedule(139)) - Scheduling a check for org.apache.hadoop.ozone.container.common.volume.HddsVolume@67064bdc
2019-09-18 17:09:41,437 [main] INFO  volume.HddsVolumeChecker (HddsVolumeChecker.java:checkAllVolumes(202)) - Scheduled health check for volume org.apache.hadoop.ozone.container.common.volume.HddsVolume@67064bdc
2019-09-18 17:09:41,451 [main] INFO  impl.RaftServerProxy (ConfUtils.java:logGet(43)) - raft.rpc.type = GRPC (default)
2019-09-18 17:09:41,451 [main] INFO  grpc.GrpcFactory (GrpcFactory.java:checkPooledByteBufAllocatorUseCacheForAllThreads(45)) - PERFORMANCE WARNING: useCacheForAllThreads is true that may cause Netty to create a lot garbage objects and, as a result, trigger GC.
	It is recommended to disable useCacheForAllThreads by setting -Dorg.apache.ratis.thirdparty.io.netty.allocator.useCacheForAllThreads=false in command line.
2019-09-18 17:09:41,451 [main] INFO  grpc.GrpcConfigKeys$Server (ConfUtils.java:logGet(43)) - raft.grpc.server.port = 0 (default)
2019-09-18 17:09:41,452 [main] INFO  server.GrpcService (ConfUtils.java:logGet(43)) - raft.grpc.message.size.max = 33570816 (custom)
2019-09-18 17:09:41,452 [main] INFO  server.RaftServerConfigKeys (ConfUtils.java:logGet(43)) - raft.server.log.appender.buffer.byte-limit = 33554432 (custom)
2019-09-18 17:09:41,452 [main] INFO  server.GrpcService (ConfUtils.java:logGet(43)) - raft.grpc.flow.control.window = 1MB (=1048576) (default)
2019-09-18 17:09:41,452 [main] INFO  server.RaftServerConfigKeys (ConfUtils.java:logGet(43)) - raft.server.rpc.request.timeout = 3000ms (default)
2019-09-18 17:09:41,453 [main] INFO  server.RaftServerConfigKeys (ConfUtils.java:logGet(43)) - raft.server.storage.dir = [/workdir/hadoop-ozone/integration-test/target/test-dir/MiniOzoneClusterImpl-a0535264-3a9d-47dc-a6b5-6352fdff8bcc/datanode-9/data/ratis] (custom)
2019-09-18 17:09:41,454 [main] INFO  hdfs.DFSUtil (DFSUtil.java:httpServerTemplateForNNAndJN(1641)) - Starting Web-server for hddsDatanode at: http://0.0.0.0:0
2019-09-18 17:09:41,456 [main] INFO  server.AuthenticationFilter (AuthenticationFilter.java:constructSecretProvider(240)) - Unable to initialize FileSignerSecretProvider, falling back to use random secrets.
2019-09-18 17:09:41,456 [main] WARN  http.HttpRequestLog (HttpRequestLog.java:getRequestLog(97)) - Jetty request log can only be enabled using Log4j
2019-09-18 17:09:41,458 [main] INFO  http.HttpServer2 (HttpServer2.java:addGlobalFilter(975)) - Added global filter 'safety' (class=org.apache.hadoop.http.HttpServer2$QuotingInputFilter)
2019-09-18 17:09:41,458 [main] INFO  http.HttpServer2 (HttpServer2.java:addFilter(948)) - Added filter static_user_filter (class=org.apache.hadoop.http.lib.StaticUserWebFilter$StaticUserFilter) to context hddsDatanode
2019-09-18 17:09:41,458 [main] INFO  http.HttpServer2 (HttpServer2.java:addFilter(958)) - Added filter static_user_filter (class=org.apache.hadoop.http.lib.StaticUserWebFilter$StaticUserFilter) to context logs
2019-09-18 17:09:41,459 [main] INFO  http.HttpServer2 (HttpServer2.java:addFilter(958)) - Added filter static_user_filter (class=org.apache.hadoop.http.lib.StaticUserWebFilter$StaticUserFilter) to context static
2019-09-18 17:09:41,459 [main] INFO  http.HttpServer2 (HttpServer2.java:bindListener(1191)) - Jetty bound to port 39791
2019-09-18 17:09:41,459 [main] INFO  server.Server (Server.java:doStart(351)) - jetty-9.3.24.v20180605, build timestamp: 2018-06-05T17:11:56Z, git hash: 84205aa28f11a4f31f2a3b86d1bba2cc8ab69827
2019-09-18 17:09:41,461 [main] INFO  handler.ContextHandler (ContextHandler.java:doStart(781)) - Started o.e.j.s.ServletContextHandler@1b7a52dd{/logs,file:///workdir/hadoop-ozone/integration-test/target/log,AVAILABLE}
2019-09-18 17:09:41,461 [main] INFO  handler.ContextHandler (ContextHandler.java:doStart(781)) - Started o.e.j.s.ServletContextHandler@5ad5be4a{/static,jar:file:/home/user/.m2/repository/org/apache/hadoop/hadoop-hdds-container-service/0.5.0-SNAPSHOT/hadoop-hdds-container-service-0.5.0-SNAPSHOT.jar!/webapps/static,AVAILABLE}
2019-09-18 17:09:41,490 [main] INFO  handler.ContextHandler (ContextHandler.java:doStart(781)) - Started o.e.j.w.WebAppContext@2c8c16c0{/,file:///tmp/jetty-0.0.0.0-39791-hddsDatanode-_-any-5777018109493818212.dir/webapp/,AVAILABLE}{/hddsDatanode}
2019-09-18 17:09:41,490 [main] INFO  server.AbstractConnector (AbstractConnector.java:doStart(278)) - Started ServerConnector@80bfa9d{HTTP/1.1,[http/1.1]}{0.0.0.0:39791}
2019-09-18 17:09:41,492 [main] INFO  server.Server (Server.java:doStart(419)) - Started @5799ms
2019-09-18 17:09:41,492 [main] WARN  impl.MetricsSystemImpl (MetricsSystemImpl.java:register(276)) - Sink prometheus already exists!
2019-09-18 17:09:41,493 [main] INFO  server.BaseHttpServer (BaseHttpServer.java:updateConnectorAddress(215)) - HTTP server of HDDSDATANODE is listening at http://0.0.0.0:39791
2019-09-18 17:09:41,499 [main] INFO  ozone.MiniOzoneClusterImpl (MiniOzoneClusterImpl.java:lambda$waitForClusterToBeReady$0(145)) - Waiting for cluster to be ready. Got 0 of 10 DN Heartbeats.
2019-09-18 17:09:41,499 [org.apache.hadoop.util.JvmPauseMonitor$Monitor@44b47225] INFO  util.JvmPauseMonitor (JvmPauseMonitor.java:run(188)) - Starting JVM pause monitor
2019-09-18 17:09:41,503 [Datanode State Machine Thread - 0] INFO  datanode.InitDatanodeState (InitDatanodeState.java:persistContainerDatanodeDetails(140)) - DatanodeDetails is persisted to /workdir/hadoop-ozone/integration-test/target/test-dir/MiniOzoneClusterImpl-a0535264-3a9d-47dc-a6b5-6352fdff8bcc/datanode-9/meta/datanode.id
2019-09-18 17:09:42,500 [main] INFO  ozone.MiniOzoneClusterImpl (MiniOzoneClusterImpl.java:lambda$waitForClusterToBeReady$0(145)) - Waiting for cluster to be ready. Got 0 of 10 DN Heartbeats.
2019-09-18 17:09:43,048 [Datanode State Machine Thread - 0] INFO  ozoneimpl.OzoneContainer (OzoneContainer.java:start(217)) - Attempting to start container services.
2019-09-18 17:09:43,048 [Datanode State Machine Thread - 0] INFO  ozoneimpl.OzoneContainer (OzoneContainer.java:start(217)) - Attempting to start container services.
2019-09-18 17:09:43,048 [Datanode State Machine Thread - 0] INFO  ozoneimpl.OzoneContainer (OzoneContainer.java:start(217)) - Attempting to start container services.
2019-09-18 17:09:43,048 [Datanode State Machine Thread - 0] INFO  ozoneimpl.OzoneContainer (OzoneContainer.java:start(217)) - Attempting to start container services.
2019-09-18 17:09:43,052 [Datanode State Machine Thread - 0] INFO  ozoneimpl.OzoneContainer (OzoneContainer.java:startContainerScrub(179)) - Background container scanner has been disabled.
2019-09-18 17:09:43,052 [Datanode State Machine Thread - 0] INFO  ozoneimpl.OzoneContainer (OzoneContainer.java:startContainerScrub(179)) - Background container scanner has been disabled.
2019-09-18 17:09:43,052 [Datanode State Machine Thread - 0] INFO  ozoneimpl.OzoneContainer (OzoneContainer.java:startContainerScrub(179)) - Background container scanner has been disabled.
2019-09-18 17:09:43,052 [Datanode State Machine Thread - 0] INFO  ozoneimpl.OzoneContainer (OzoneContainer.java:startContainerScrub(179)) - Background container scanner has been disabled.
2019-09-18 17:09:43,054 [Datanode State Machine Thread - 0] INFO  ratis.XceiverServerRatis (XceiverServerRatis.java:start(411)) - Starting XceiverServerRatis 1abc736a-4830-4c4e-94c6-330cfb37cbd9 at port 0
2019-09-18 17:09:43,053 [Datanode State Machine Thread - 0] INFO  ratis.XceiverServerRatis (XceiverServerRatis.java:start(411)) - Starting XceiverServerRatis 78cf3f4b-2ba3-4c47-8363-becf5fcab44c at port 0
2019-09-18 17:09:43,052 [Datanode State Machine Thread - 0] INFO  ratis.XceiverServerRatis (XceiverServerRatis.java:start(411)) - Starting XceiverServerRatis 96f0c9f3-2286-484a-8caa-cc6cff81bf3d at port 0
2019-09-18 17:09:43,054 [Datanode State Machine Thread - 0] INFO  ratis.XceiverServerRatis (XceiverServerRatis.java:start(411)) - Starting XceiverServerRatis 79a64b58-83b2-41e5-8e31-5442cbf358c7 at port 0
2019-09-18 17:09:43,084 [Datanode State Machine Thread - 0] INFO  ozoneimpl.OzoneContainer (OzoneContainer.java:start(217)) - Attempting to start container services.
2019-09-18 17:09:43,097 [Datanode State Machine Thread - 0] INFO  ozoneimpl.OzoneContainer (OzoneContainer.java:startContainerScrub(179)) - Background container scanner has been disabled.
2019-09-18 17:09:43,097 [Datanode State Machine Thread - 0] INFO  ratis.XceiverServerRatis (XceiverServerRatis.java:start(411)) - Starting XceiverServerRatis 4807b144-2c85-4659-8a46-71684e6faffd at port 0
2019-09-18 17:09:43,108 [Datanode State Machine Thread - 0] INFO  impl.RaftServerProxy (RaftServerProxy.java:lambda$start$3(299)) - 78cf3f4b-2ba3-4c47-8363-becf5fcab44c: start RPC server
2019-09-18 17:09:43,108 [Datanode State Machine Thread - 0] INFO  impl.RaftServerProxy (RaftServerProxy.java:lambda$start$3(299)) - 4807b144-2c85-4659-8a46-71684e6faffd: start RPC server
2019-09-18 17:09:43,108 [Datanode State Machine Thread - 0] INFO  impl.RaftServerProxy (RaftServerProxy.java:lambda$start$3(299)) - 1abc736a-4830-4c4e-94c6-330cfb37cbd9: start RPC server
2019-09-18 17:09:43,108 [Datanode State Machine Thread - 0] INFO  impl.RaftServerProxy (RaftServerProxy.java:lambda$start$3(299)) - 96f0c9f3-2286-484a-8caa-cc6cff81bf3d: start RPC server
2019-09-18 17:09:43,108 [Datanode State Machine Thread - 0] INFO  impl.RaftServerProxy (RaftServerProxy.java:lambda$start$3(299)) - 79a64b58-83b2-41e5-8e31-5442cbf358c7: start RPC server
2019-09-18 17:09:43,202 [Datanode State Machine Thread - 0] INFO  ozoneimpl.OzoneContainer (OzoneContainer.java:start(217)) - Attempting to start container services.
2019-09-18 17:09:43,202 [Datanode State Machine Thread - 0] INFO  ozoneimpl.OzoneContainer (OzoneContainer.java:startContainerScrub(179)) - Background container scanner has been disabled.
2019-09-18 17:09:43,203 [Datanode State Machine Thread - 0] INFO  ratis.XceiverServerRatis (XceiverServerRatis.java:start(411)) - Starting XceiverServerRatis 77addda6-fc28-4fe0-a9c9-ddb04539ca78 at port 0
2019-09-18 17:09:43,209 [Datanode State Machine Thread - 0] INFO  impl.RaftServerProxy (RaftServerProxy.java:lambda$start$3(299)) - 77addda6-fc28-4fe0-a9c9-ddb04539ca78: start RPC server
2019-09-18 17:09:43,287 [Datanode State Machine Thread - 0] INFO  ozoneimpl.OzoneContainer (OzoneContainer.java:start(217)) - Attempting to start container services.
2019-09-18 17:09:43,288 [Datanode State Machine Thread - 0] INFO  ozoneimpl.OzoneContainer (OzoneContainer.java:startContainerScrub(179)) - Background container scanner has been disabled.
2019-09-18 17:09:43,288 [Datanode State Machine Thread - 0] INFO  ratis.XceiverServerRatis (XceiverServerRatis.java:start(411)) - Starting XceiverServerRatis 62d2617d-d759-46ce-9c32-c3f7d08f54db at port 0
2019-09-18 17:09:43,295 [Datanode State Machine Thread - 0] INFO  server.GrpcService (GrpcService.java:startImpl(158)) - 4807b144-2c85-4659-8a46-71684e6faffd: GrpcService started, listening on 0.0.0.0/0.0.0.0:37839
2019-09-18 17:09:43,295 [Datanode State Machine Thread - 0] INFO  server.GrpcService (GrpcService.java:startImpl(158)) - 1abc736a-4830-4c4e-94c6-330cfb37cbd9: GrpcService started, listening on 0.0.0.0/0.0.0.0:42374
2019-09-18 17:09:43,295 [Datanode State Machine Thread - 0] INFO  server.GrpcService (GrpcService.java:startImpl(158)) - 77addda6-fc28-4fe0-a9c9-ddb04539ca78: GrpcService started, listening on 0.0.0.0/0.0.0.0:43343
2019-09-18 17:09:43,295 [Datanode State Machine Thread - 0] INFO  server.GrpcService (GrpcService.java:startImpl(158)) - 79a64b58-83b2-41e5-8e31-5442cbf358c7: GrpcService started, listening on 0.0.0.0/0.0.0.0:34854
2019-09-18 17:09:43,295 [Datanode State Machine Thread - 0] INFO  server.GrpcService (GrpcService.java:startImpl(158)) - 96f0c9f3-2286-484a-8caa-cc6cff81bf3d: GrpcService started, listening on 0.0.0.0/0.0.0.0:42800
2019-09-18 17:09:43,295 [Datanode State Machine Thread - 0] INFO  server.GrpcService (GrpcService.java:startImpl(158)) - 78cf3f4b-2ba3-4c47-8363-becf5fcab44c: GrpcService started, listening on 0.0.0.0/0.0.0.0:41660
2019-09-18 17:09:43,298 [Datanode State Machine Thread - 0] INFO  ratis.XceiverServerRatis (XceiverServerRatis.java:start(421)) - XceiverServerRatis 96f0c9f3-2286-484a-8caa-cc6cff81bf3d is started using port 42800
2019-09-18 17:09:43,297 [Datanode State Machine Thread - 0] INFO  ratis.XceiverServerRatis (XceiverServerRatis.java:start(421)) - XceiverServerRatis 79a64b58-83b2-41e5-8e31-5442cbf358c7 is started using port 34854
2019-09-18 17:09:43,297 [Datanode State Machine Thread - 0] INFO  ratis.XceiverServerRatis (XceiverServerRatis.java:start(421)) - XceiverServerRatis 77addda6-fc28-4fe0-a9c9-ddb04539ca78 is started using port 43343
2019-09-18 17:09:43,297 [Datanode State Machine Thread - 0] INFO  impl.RaftServerProxy (RaftServerProxy.java:lambda$start$3(299)) - 62d2617d-d759-46ce-9c32-c3f7d08f54db: start RPC server
2019-09-18 17:09:43,297 [Datanode State Machine Thread - 0] INFO  ratis.XceiverServerRatis (XceiverServerRatis.java:start(421)) - XceiverServerRatis 1abc736a-4830-4c4e-94c6-330cfb37cbd9 is started using port 42374
2019-09-18 17:09:43,297 [Datanode State Machine Thread - 0] INFO  ratis.XceiverServerRatis (XceiverServerRatis.java:start(421)) - XceiverServerRatis 4807b144-2c85-4659-8a46-71684e6faffd is started using port 37839
2019-09-18 17:09:43,298 [Datanode State Machine Thread - 0] INFO  ratis.XceiverServerRatis (XceiverServerRatis.java:start(421)) - XceiverServerRatis 78cf3f4b-2ba3-4c47-8363-becf5fcab44c is started using port 41660
2019-09-18 17:09:43,316 [Datanode State Machine Thread - 0] INFO  server.GrpcService (GrpcService.java:startImpl(158)) - 62d2617d-d759-46ce-9c32-c3f7d08f54db: GrpcService started, listening on 0.0.0.0/0.0.0.0:37326
2019-09-18 17:09:43,317 [Datanode State Machine Thread - 0] INFO  server.XceiverServerGrpc (XceiverServerGrpc.java:start(163)) - XceiverServerGrpc 77addda6-fc28-4fe0-a9c9-ddb04539ca78 is started using port 39529
2019-09-18 17:09:43,318 [Datanode State Machine Thread - 0] INFO  ratis.XceiverServerRatis (XceiverServerRatis.java:start(421)) - XceiverServerRatis 62d2617d-d759-46ce-9c32-c3f7d08f54db is started using port 37326
2019-09-18 17:09:43,317 [Datanode State Machine Thread - 0] INFO  server.XceiverServerGrpc (XceiverServerGrpc.java:start(163)) - XceiverServerGrpc 1abc736a-4830-4c4e-94c6-330cfb37cbd9 is started using port 44422
2019-09-18 17:09:43,317 [Datanode State Machine Thread - 0] INFO  server.XceiverServerGrpc (XceiverServerGrpc.java:start(163)) - XceiverServerGrpc 96f0c9f3-2286-484a-8caa-cc6cff81bf3d is started using port 37510
2019-09-18 17:09:43,320 [Datanode State Machine Thread - 0] INFO  server.XceiverServerGrpc (XceiverServerGrpc.java:start(163)) - XceiverServerGrpc 79a64b58-83b2-41e5-8e31-5442cbf358c7 is started using port 37003
2019-09-18 17:09:43,318 [Datanode State Machine Thread - 0] INFO  server.XceiverServerGrpc (XceiverServerGrpc.java:start(163)) - XceiverServerGrpc 4807b144-2c85-4659-8a46-71684e6faffd is started using port 35487
2019-09-18 17:09:43,318 [Datanode State Machine Thread - 0] INFO  server.XceiverServerGrpc (XceiverServerGrpc.java:start(163)) - XceiverServerGrpc 78cf3f4b-2ba3-4c47-8363-becf5fcab44c is started using port 46028
2019-09-18 17:09:43,322 [Datanode State Machine Thread - 0] INFO  server.XceiverServerGrpc (XceiverServerGrpc.java:start(163)) - XceiverServerGrpc 62d2617d-d759-46ce-9c32-c3f7d08f54db is started using port 45963
2019-09-18 17:09:43,363 [Datanode State Machine Thread - 0] INFO  ozoneimpl.OzoneContainer (OzoneContainer.java:start(217)) - Attempting to start container services.
2019-09-18 17:09:43,363 [Datanode State Machine Thread - 0] INFO  ozoneimpl.OzoneContainer (OzoneContainer.java:startContainerScrub(179)) - Background container scanner has been disabled.
2019-09-18 17:09:43,363 [Datanode State Machine Thread - 0] INFO  ratis.XceiverServerRatis (XceiverServerRatis.java:start(411)) - Starting XceiverServerRatis 9060795c-f318-48a7-8c5f-b9c772b9291e at port 0
2019-09-18 17:09:43,367 [Datanode State Machine Thread - 0] INFO  impl.RaftServerProxy (RaftServerProxy.java:lambda$start$3(299)) - 9060795c-f318-48a7-8c5f-b9c772b9291e: start RPC server
2019-09-18 17:09:43,371 [Datanode State Machine Thread - 0] INFO  server.GrpcService (GrpcService.java:startImpl(158)) - 9060795c-f318-48a7-8c5f-b9c772b9291e: GrpcService started, listening on 0.0.0.0/0.0.0.0:37562
2019-09-18 17:09:43,371 [Datanode State Machine Thread - 0] INFO  ratis.XceiverServerRatis (XceiverServerRatis.java:start(421)) - XceiverServerRatis 9060795c-f318-48a7-8c5f-b9c772b9291e is started using port 37562
2019-09-18 17:09:43,374 [Datanode State Machine Thread - 0] INFO  server.XceiverServerGrpc (XceiverServerGrpc.java:start(163)) - XceiverServerGrpc 9060795c-f318-48a7-8c5f-b9c772b9291e is started using port 43765
2019-09-18 17:09:43,451 [Datanode State Machine Thread - 0] INFO  ozoneimpl.OzoneContainer (OzoneContainer.java:start(217)) - Attempting to start container services.
2019-09-18 17:09:43,452 [Datanode State Machine Thread - 0] INFO  ozoneimpl.OzoneContainer (OzoneContainer.java:startContainerScrub(179)) - Background container scanner has been disabled.
2019-09-18 17:09:43,452 [Datanode State Machine Thread - 0] INFO  ratis.XceiverServerRatis (XceiverServerRatis.java:start(411)) - Starting XceiverServerRatis b4ae2fc6-33d9-4c1f-ba2b-766eed3c72c1 at port 0
2019-09-18 17:09:43,458 [Datanode State Machine Thread - 0] INFO  impl.RaftServerProxy (RaftServerProxy.java:lambda$start$3(299)) - b4ae2fc6-33d9-4c1f-ba2b-766eed3c72c1: start RPC server
2019-09-18 17:09:43,464 [Datanode State Machine Thread - 0] INFO  server.GrpcService (GrpcService.java:startImpl(158)) - b4ae2fc6-33d9-4c1f-ba2b-766eed3c72c1: GrpcService started, listening on 0.0.0.0/0.0.0.0:37678
2019-09-18 17:09:43,465 [Datanode State Machine Thread - 0] INFO  ratis.XceiverServerRatis (XceiverServerRatis.java:start(421)) - XceiverServerRatis b4ae2fc6-33d9-4c1f-ba2b-766eed3c72c1 is started using port 37678
2019-09-18 17:09:43,469 [Datanode State Machine Thread - 0] INFO  server.XceiverServerGrpc (XceiverServerGrpc.java:start(163)) - XceiverServerGrpc b4ae2fc6-33d9-4c1f-ba2b-766eed3c72c1 is started using port 40949
2019-09-18 17:09:43,502 [main] INFO  ozone.MiniOzoneClusterImpl (MiniOzoneClusterImpl.java:lambda$waitForClusterToBeReady$0(145)) - Waiting for cluster to be ready. Got 0 of 10 DN Heartbeats.
2019-09-18 17:09:43,517 [Datanode State Machine Thread - 0] INFO  ozoneimpl.OzoneContainer (OzoneContainer.java:start(217)) - Attempting to start container services.
2019-09-18 17:09:43,517 [Datanode State Machine Thread - 0] INFO  ozoneimpl.OzoneContainer (OzoneContainer.java:startContainerScrub(179)) - Background container scanner has been disabled.
2019-09-18 17:09:43,517 [Datanode State Machine Thread - 0] INFO  ratis.XceiverServerRatis (XceiverServerRatis.java:start(411)) - Starting XceiverServerRatis c79c5a76-aee4-4242-a106-dd0d04c341ff at port 0
2019-09-18 17:09:43,525 [Datanode State Machine Thread - 0] INFO  impl.RaftServerProxy (RaftServerProxy.java:lambda$start$3(299)) - c79c5a76-aee4-4242-a106-dd0d04c341ff: start RPC server
2019-09-18 17:09:43,542 [Datanode State Machine Thread - 0] INFO  server.GrpcService (GrpcService.java:startImpl(158)) - c79c5a76-aee4-4242-a106-dd0d04c341ff: GrpcService started, listening on 0.0.0.0/0.0.0.0:46461
2019-09-18 17:09:43,543 [Datanode State Machine Thread - 0] INFO  ratis.XceiverServerRatis (XceiverServerRatis.java:start(421)) - XceiverServerRatis c79c5a76-aee4-4242-a106-dd0d04c341ff is started using port 46461
2019-09-18 17:09:43,567 [Datanode State Machine Thread - 0] INFO  server.XceiverServerGrpc (XceiverServerGrpc.java:start(163)) - XceiverServerGrpc c79c5a76-aee4-4242-a106-dd0d04c341ff is started using port 36744
2019-09-18 17:09:44,503 [main] INFO  ozone.MiniOzoneClusterImpl (MiniOzoneClusterImpl.java:lambda$waitForClusterToBeReady$0(145)) - Waiting for cluster to be ready. Got 0 of 10 DN Heartbeats.
2019-09-18 17:09:44,818 [IPC Server handler 3 on 41195] INFO  net.NetworkTopology (NetworkTopologyImpl.java:add(111)) - Added a new node: /default-rack/96f0c9f3-2286-484a-8caa-cc6cff81bf3d
2019-09-18 17:09:44,819 [IPC Server handler 3 on 41195] INFO  node.SCMNodeManager (SCMNodeManager.java:register(266)) - Registered Data node : 96f0c9f3-2286-484a-8caa-cc6cff81bf3d{ip: 192.168.151.122, host: pr-hdds-2121-ltkqc-3926781246, networkLocation: /default-rack, certSerialId: null}
2019-09-18 17:09:44,824 [EventQueue-NodeRegistrationContainerReportForDataNodeSafeModeRule] INFO  safemode.SCMSafeModeManager (DataNodeSafeModeRule.java:process(71)) - SCM in safe mode. 1 DataNodes registered, 1 required.
2019-09-18 17:09:44,824 [EventQueue-NodeRegistrationContainerReportForDataNodeSafeModeRule] INFO  safemode.SCMSafeModeManager (SCMSafeModeManager.java:validateSafeModeExitRules(177)) - ScmSafeModeManager, all rules are successfully validated
2019-09-18 17:09:44,825 [EventQueue-NodeRegistrationContainerReportForDataNodeSafeModeRule] INFO  safemode.SCMSafeModeManager (SCMSafeModeManager.java:exitSafeMode(193)) - SCM exiting safe mode.
2019-09-18 17:09:44,850 [IPC Server handler 2 on 41195] INFO  net.NetworkTopology (NetworkTopologyImpl.java:add(111)) - Added a new node: /default-rack/78cf3f4b-2ba3-4c47-8363-becf5fcab44c
2019-09-18 17:09:44,852 [IPC Server handler 2 on 41195] INFO  node.SCMNodeManager (SCMNodeManager.java:register(266)) - Registered Data node : 78cf3f4b-2ba3-4c47-8363-becf5fcab44c{ip: 192.168.151.122, host: pr-hdds-2121-ltkqc-3926781246, networkLocation: /default-rack, certSerialId: null}
2019-09-18 17:09:44,925 [IPC Server handler 4 on 41195] INFO  net.NetworkTopology (NetworkTopologyImpl.java:add(111)) - Added a new node: /default-rack/79a64b58-83b2-41e5-8e31-5442cbf358c7
2019-09-18 17:09:44,925 [IPC Server handler 4 on 41195] INFO  node.SCMNodeManager (SCMNodeManager.java:register(266)) - Registered Data node : 79a64b58-83b2-41e5-8e31-5442cbf358c7{ip: 192.168.151.122, host: pr-hdds-2121-ltkqc-3926781246, networkLocation: /default-rack, certSerialId: null}
2019-09-18 17:09:45,001 [IPC Server handler 6 on 41195] INFO  net.NetworkTopology (NetworkTopologyImpl.java:add(111)) - Added a new node: /default-rack/1abc736a-4830-4c4e-94c6-330cfb37cbd9
2019-09-18 17:09:45,002 [IPC Server handler 6 on 41195] INFO  node.SCMNodeManager (SCMNodeManager.java:register(266)) - Registered Data node : 1abc736a-4830-4c4e-94c6-330cfb37cbd9{ip: 192.168.151.122, host: pr-hdds-2121-ltkqc-3926781246, networkLocation: /default-rack, certSerialId: null}
2019-09-18 17:09:45,071 [IPC Server handler 5 on 41195] INFO  net.NetworkTopology (NetworkTopologyImpl.java:add(111)) - Added a new node: /default-rack/4807b144-2c85-4659-8a46-71684e6faffd
2019-09-18 17:09:45,072 [IPC Server handler 5 on 41195] INFO  node.SCMNodeManager (SCMNodeManager.java:register(266)) - Registered Data node : 4807b144-2c85-4659-8a46-71684e6faffd{ip: 192.168.151.122, host: pr-hdds-2121-ltkqc-3926781246, networkLocation: /default-rack, certSerialId: null}
2019-09-18 17:09:45,191 [IPC Server handler 7 on 41195] INFO  net.NetworkTopology (NetworkTopologyImpl.java:add(111)) - Added a new node: /default-rack/77addda6-fc28-4fe0-a9c9-ddb04539ca78
2019-09-18 17:09:45,191 [IPC Server handler 7 on 41195] INFO  node.SCMNodeManager (SCMNodeManager.java:register(266)) - Registered Data node : 77addda6-fc28-4fe0-a9c9-ddb04539ca78{ip: 192.168.151.122, host: pr-hdds-2121-ltkqc-3926781246, networkLocation: /default-rack, certSerialId: null}
2019-09-18 17:09:45,305 [IPC Server handler 8 on 41195] INFO  net.NetworkTopology (NetworkTopologyImpl.java:add(111)) - Added a new node: /default-rack/62d2617d-d759-46ce-9c32-c3f7d08f54db
2019-09-18 17:09:45,306 [IPC Server handler 8 on 41195] INFO  node.SCMNodeManager (SCMNodeManager.java:register(266)) - Registered Data node : 62d2617d-d759-46ce-9c32-c3f7d08f54db{ip: 192.168.151.122, host: pr-hdds-2121-ltkqc-3926781246, networkLocation: /default-rack, certSerialId: null}
2019-09-18 17:09:45,353 [IPC Server handler 9 on 41195] INFO  net.NetworkTopology (NetworkTopologyImpl.java:add(111)) - Added a new node: /default-rack/9060795c-f318-48a7-8c5f-b9c772b9291e
2019-09-18 17:09:45,353 [IPC Server handler 9 on 41195] INFO  node.SCMNodeManager (SCMNodeManager.java:register(266)) - Registered Data node : 9060795c-f318-48a7-8c5f-b9c772b9291e{ip: 192.168.151.122, host: pr-hdds-2121-ltkqc-3926781246, networkLocation: /default-rack, certSerialId: null}
2019-09-18 17:09:45,429 [IPC Server handler 0 on 41195] INFO  net.NetworkTopology (NetworkTopologyImpl.java:add(111)) - Added a new node: /default-rack/b4ae2fc6-33d9-4c1f-ba2b-766eed3c72c1
2019-09-18 17:09:45,429 [IPC Server handler 0 on 41195] INFO  node.SCMNodeManager (SCMNodeManager.java:register(266)) - Registered Data node : b4ae2fc6-33d9-4c1f-ba2b-766eed3c72c1{ip: 192.168.151.122, host: pr-hdds-2121-ltkqc-3926781246, networkLocation: /default-rack, certSerialId: null}
2019-09-18 17:09:45,458 [grpc-default-executor-0] INFO  impl.RaftServerProxy (RaftServerProxy.java:addNew(89)) - 96f0c9f3-2286-484a-8caa-cc6cff81bf3d: addNew group-F1499B7A9D61:[96f0c9f3-2286-484a-8caa-cc6cff81bf3d:192.168.151.122:42800] returns group-F1499B7A9D61:java.util.concurrent.CompletableFuture@441a0fab[Not completed]
2019-09-18 17:09:45,492 [pool-27-thread-1] INFO  impl.RaftServerImpl (RaftServerImpl.java:<init>(95)) - 96f0c9f3-2286-484a-8caa-cc6cff81bf3d: new RaftServerImpl for group-F1499B7A9D61:[96f0c9f3-2286-484a-8caa-cc6cff81bf3d:192.168.151.122:42800] with ContainerStateMachine:uninitialized
2019-09-18 17:09:45,494 [pool-27-thread-1] INFO  server.RaftServerConfigKeys (ConfUtils.java:logGet(43)) - raft.server.rpc.timeout.min = 1s (custom)
2019-09-18 17:09:45,495 [pool-27-thread-1] INFO  server.RaftServerConfigKeys (ConfUtils.java:logGet(43)) - raft.server.rpc.timeout.max = 1200ms (custom)
2019-09-18 17:09:45,496 [pool-27-thread-1] INFO  server.RaftServerConfigKeys (ConfUtils.java:logGet(43)) - raft.server.rpcslowness.timeout = 120s (custom)
2019-09-18 17:09:45,496 [pool-27-thread-1] INFO  server.RaftServerConfigKeys (ConfUtils.java:logGet(43)) - raft.server.sleep.deviation.threshold = 300 (default)
2019-09-18 17:09:45,497 [pool-27-thread-1] INFO  server.RaftServerConfigKeys (ConfUtils.java:logGet(43)) - raft.server.log.appender.install.snapshot.enabled = false (custom)
2019-09-18 17:09:45,507 [main] INFO  ozone.MiniOzoneClusterImpl (MiniOzoneClusterImpl.java:lambda$waitForClusterToBeReady$0(145)) - Waiting for cluster to be ready. Got 9 of 10 DN Heartbeats.
2019-09-18 17:09:45,514 [IPC Server handler 3 on 41195] INFO  net.NetworkTopology (NetworkTopologyImpl.java:add(111)) - Added a new node: /default-rack/c79c5a76-aee4-4242-a106-dd0d04c341ff
2019-09-18 17:09:45,514 [IPC Server handler 3 on 41195] INFO  node.SCMNodeManager (SCMNodeManager.java:register(266)) - Registered Data node : c79c5a76-aee4-4242-a106-dd0d04c341ff{ip: 192.168.151.122, host: pr-hdds-2121-ltkqc-3926781246, networkLocation: /default-rack, certSerialId: null}
2019-09-18 17:09:45,519 [pool-27-thread-1] INFO  impl.RaftServerImpl (ServerState.java:<init>(103)) - 96f0c9f3-2286-484a-8caa-cc6cff81bf3d@group-F1499B7A9D61: ConfigurationManager, init=-1: [96f0c9f3-2286-484a-8caa-cc6cff81bf3d:192.168.151.122:42800], old=null, confs=<EMPTY_MAP>
2019-09-18 17:09:45,520 [pool-27-thread-1] INFO  server.RaftServerConfigKeys (ConfUtils.java:logGet(43)) - raft.server.storage.dir = [/workdir/hadoop-ozone/integration-test/target/test-dir/MiniOzoneClusterImpl-a0535264-3a9d-47dc-a6b5-6352fdff8bcc/datanode-0/data/ratis] (custom)
2019-09-18 17:09:45,528 [pool-27-thread-1] INFO  storage.RaftStorageDirectory (RaftStorageDirectory.java:analyzeStorage(246)) - The storage directory /workdir/hadoop-ozone/integration-test/target/test-dir/MiniOzoneClusterImpl-a0535264-3a9d-47dc-a6b5-6352fdff8bcc/datanode-0/data/ratis/dcabaedc-e611-4c41-910c-f1499b7a9d61 does not exist. Creating ...
2019-09-18 17:09:45,549 [pool-27-thread-1] INFO  storage.RaftStorageDirectory (RaftStorageDirectory.java:tryLock(328)) - Lock on /workdir/hadoop-ozone/integration-test/target/test-dir/MiniOzoneClusterImpl-a0535264-3a9d-47dc-a6b5-6352fdff8bcc/datanode-0/data/ratis/dcabaedc-e611-4c41-910c-f1499b7a9d61/in_use.lock acquired by nodename 5895@pr-hdds-2121-ltkqc-3926781246
2019-09-18 17:09:45,564 [pool-27-thread-1] INFO  storage.RaftStorage (RaftStorage.java:format(72)) - Storage directory /workdir/hadoop-ozone/integration-test/target/test-dir/MiniOzoneClusterImpl-a0535264-3a9d-47dc-a6b5-6352fdff8bcc/datanode-0/data/ratis/dcabaedc-e611-4c41-910c-f1499b7a9d61 has been successfully formatted.
2019-09-18 17:09:45,566 [pool-27-thread-1] INFO  ratis.ContainerStateMachine (ContainerStateMachine.java:loadSnapshot(230)) - group-F1499B7A9D61: The snapshot info is null. Setting the last applied indexto:(t:0, i:~)
2019-09-18 17:09:45,567 [pool-27-thread-1] INFO  server.RaftServerConfigKeys (ConfUtils.java:logGet(43)) - raft.server.notification.no-leader.timeout = 120s (custom)
2019-09-18 17:09:45,569 [pool-27-thread-1] INFO  server.RaftServerConfigKeys (ConfUtils.java:logGet(43)) - raft.server.log.use.memory = false (default)
2019-09-18 17:09:45,574 [pool-27-thread-1] INFO  server.RaftServerConfigKeys (ConfUtils.java:logGet(43)) - raft.server.log.purge.gap = 1000000 (custom)
2019-09-18 17:09:45,574 [pool-27-thread-1] INFO  server.RaftServerConfigKeys (ConfUtils.java:logGet(43)) - raft.server.log.appender.buffer.byte-limit = 33554432 (custom)
2019-09-18 17:09:45,576 [pool-27-thread-1] INFO  server.RaftServerConfigKeys (ConfUtils.java:logGet(43)) - raft.server.log.segment.size.max = 1048576 (custom)
2019-09-18 17:09:45,580 [pool-27-thread-1] INFO  server.RaftServerConfigKeys (ConfUtils.java:logGet(43)) - raft.server.log.segment.cache.num.max = 2 (custom)
2019-09-18 17:09:45,585 [pool-27-thread-1] INFO  segmented.SegmentedRaftLogWorker (SegmentedRaftLogWorker.java:<init>(172)) - new 96f0c9f3-2286-484a-8caa-cc6cff81bf3d@group-F1499B7A9D61-SegmentedRaftLogWorker for RaftStorage:Storage Directory /workdir/hadoop-ozone/integration-test/target/test-dir/MiniOzoneClusterImpl-a0535264-3a9d-47dc-a6b5-6352fdff8bcc/datanode-0/data/ratis/dcabaedc-e611-4c41-910c-f1499b7a9d61
2019-09-18 17:09:45,587 [pool-27-thread-1] INFO  impl.MetricsSystemImpl (MetricsSystemImpl.java:init(158)) - ratis metrics system started (again)
2019-09-18 17:09:45,620 [pool-27-thread-1] INFO  server.RaftServerConfigKeys (ConfUtils.java:logGet(43)) - raft.server.log.queue.byte-limit = 2147483647 (custom)
2019-09-18 17:09:45,621 [pool-27-thread-1] INFO  server.RaftServerConfigKeys (ConfUtils.java:logGet(43)) - raft.server.log.queue.element-limit = 1024 (custom)
2019-09-18 17:09:45,624 [pool-27-thread-1] INFO  server.RaftServerConfigKeys (ConfUtils.java:logGet(43)) - raft.server.log.segment.size.max = 1048576 (custom)
2019-09-18 17:09:45,624 [pool-27-thread-1] INFO  server.RaftServerConfigKeys (ConfUtils.java:logGet(43)) - raft.server.log.preallocated.size = 16384 (custom)
2019-09-18 17:09:45,625 [pool-27-thread-1] INFO  server.RaftServerConfigKeys (ConfUtils.java:logGet(43)) - raft.server.log.write.buffer.size = 33554432 (custom)
2019-09-18 17:09:45,625 [pool-27-thread-1] INFO  server.RaftServerConfigKeys (ConfUtils.java:logGet(43)) - raft.server.log.force.sync.num = 128 (default)
2019-09-18 17:09:45,626 [pool-27-thread-1] INFO  server.RaftServerConfigKeys (ConfUtils.java:logGet(43)) - raft.server.log.statemachine.data.sync = true (default)
2019-09-18 17:09:45,626 [pool-27-thread-1] INFO  server.RaftServerConfigKeys (ConfUtils.java:logGet(43)) - raft.server.log.statemachine.data.sync.timeout = 10s (default)
2019-09-18 17:09:45,627 [pool-27-thread-1] INFO  server.RaftServerConfigKeys (ConfUtils.java:logGet(43)) - raft.server.log.statemachine.data.sync.timeout.retry = -1 (default)
2019-09-18 17:09:45,636 [pool-27-thread-1] INFO  server.RaftServerConfigKeys (ConfUtils.java:logGet(43)) - raft.server.log.statemachine.data.caching.enabled = true (custom)
2019-09-18 17:09:45,640 [pool-27-thread-1] INFO  segmented.SegmentedRaftLogWorker (SegmentedRaftLogWorker.java:lambda$new$0(132)) - 96f0c9f3-2286-484a-8caa-cc6cff81bf3d@group-F1499B7A9D61-SegmentedRaftLogWorker: flushIndex: setUnconditionally 0 -> -1
2019-09-18 17:09:45,644 [pool-27-thread-1] INFO  server.RaftServerConfigKeys (ConfUtils.java:logGet(43)) - raft.server.snapshot.auto.trigger.enabled = true (custom)
2019-09-18 17:09:45,645 [pool-27-thread-1] INFO  server.RaftServerConfigKeys (ConfUtils.java:logGet(43)) - raft.server.snapshot.auto.trigger.threshold = 10000 (custom)
2019-09-18 17:09:45,645 [pool-27-thread-1] INFO  server.RaftServerConfigKeys (ConfUtils.java:logGet(43)) - raft.server.snapshot.retention.num.files = 5 (custom)
2019-09-18 17:09:45,646 [pool-27-thread-1] INFO  server.RaftServerConfigKeys (ConfUtils.java:logGet(43)) - raft.server.retrycache.expirytime = 600000ms (custom)
2019-09-18 17:09:45,672 [pool-27-thread-1] INFO  impl.RaftServerImpl (RaftServerImpl.java:start(185)) - 96f0c9f3-2286-484a-8caa-cc6cff81bf3d@group-F1499B7A9D61: start as a follower, conf=-1: [96f0c9f3-2286-484a-8caa-cc6cff81bf3d:192.168.151.122:42800], old=null
2019-09-18 17:09:45,673 [pool-27-thread-1] INFO  impl.RaftServerImpl (RaftServerImpl.java:setRole(174)) - 96f0c9f3-2286-484a-8caa-cc6cff81bf3d@group-F1499B7A9D61: changes role from      null to FOLLOWER at term 0 for startAsFollower
2019-09-18 17:09:45,674 [pool-27-thread-1] INFO  impl.RoleInfo (RoleInfo.java:updateAndGet(143)) - 96f0c9f3-2286-484a-8caa-cc6cff81bf3d: start FollowerState
2019-09-18 17:09:45,676 [pool-27-thread-1] INFO  util.JmxRegister (JmxRegister.java:tryRegister(44)) - Successfully registered JMX Bean with object name Ratis:service=RaftServer,group=group-F1499B7A9D61,id=96f0c9f3-2286-484a-8caa-cc6cff81bf3d
2019-09-18 17:09:45,742 [RatisPipelineUtilsThread] INFO  pipeline.PipelineStateManager (PipelineStateManager.java:addPipeline(56)) - Created pipeline Pipeline[ Id: dcabaedc-e611-4c41-910c-f1499b7a9d61, Nodes: 96f0c9f3-2286-484a-8caa-cc6cff81bf3d{ip: 192.168.151.122, host: pr-hdds-2121-ltkqc-3926781246, networkLocation: /default-rack, certSerialId: null}, Type:RATIS, Factor:ONE, State:OPEN]
2019-09-18 17:09:45,766 [grpc-default-executor-0] INFO  impl.RaftServerProxy (RaftServerProxy.java:addNew(89)) - 4807b144-2c85-4659-8a46-71684e6faffd: addNew group-43492A71F62E:[4807b144-2c85-4659-8a46-71684e6faffd:192.168.151.122:37839] returns group-43492A71F62E:java.util.concurrent.CompletableFuture@17197a41[Not completed]
2019-09-18 17:09:45,826 [pool-67-thread-1] INFO  impl.RaftServerImpl (RaftServerImpl.java:<init>(95)) - 4807b144-2c85-4659-8a46-71684e6faffd: new RaftServerImpl for group-43492A71F62E:[4807b144-2c85-4659-8a46-71684e6faffd:192.168.151.122:37839] with ContainerStateMachine:uninitialized
2019-09-18 17:09:45,832 [pool-67-thread-1] INFO  server.RaftServerConfigKeys (ConfUtils.java:logGet(43)) - raft.server.rpc.timeout.min = 1s (custom)
2019-09-18 17:09:45,833 [pool-67-thread-1] INFO  server.RaftServerConfigKeys (ConfUtils.java:logGet(43)) - raft.server.rpc.timeout.max = 1200ms (custom)
2019-09-18 17:09:45,833 [pool-67-thread-1] INFO  server.RaftServerConfigKeys (ConfUtils.java:logGet(43)) - raft.server.rpcslowness.timeout = 120s (custom)
2019-09-18 17:09:45,833 [pool-67-thread-1] INFO  server.RaftServerConfigKeys (ConfUtils.java:logGet(43)) - raft.server.sleep.deviation.threshold = 300 (default)
2019-09-18 17:09:45,833 [pool-67-thread-1] INFO  server.RaftServerConfigKeys (ConfUtils.java:logGet(43)) - raft.server.log.appender.install.snapshot.enabled = false (custom)
2019-09-18 17:09:45,833 [pool-67-thread-1] INFO  impl.RaftServerImpl (ServerState.java:<init>(103)) - 4807b144-2c85-4659-8a46-71684e6faffd@group-43492A71F62E: ConfigurationManager, init=-1: [4807b144-2c85-4659-8a46-71684e6faffd:192.168.151.122:37839], old=null, confs=<EMPTY_MAP>
2019-09-18 17:09:45,834 [pool-67-thread-1] INFO  server.RaftServerConfigKeys (ConfUtils.java:logGet(43)) - raft.server.storage.dir = [/workdir/hadoop-ozone/integration-test/target/test-dir/MiniOzoneClusterImpl-a0535264-3a9d-47dc-a6b5-6352fdff8bcc/datanode-4/data/ratis] (custom)
2019-09-18 17:09:45,834 [pool-67-thread-1] INFO  storage.RaftStorageDirectory (RaftStorageDirectory.java:analyzeStorage(246)) - The storage directory /workdir/hadoop-ozone/integration-test/target/test-dir/MiniOzoneClusterImpl-a0535264-3a9d-47dc-a6b5-6352fdff8bcc/datanode-4/data/ratis/3f846551-58e8-4491-ad79-43492a71f62e does not exist. Creating ...
2019-09-18 17:09:45,849 [pool-67-thread-1] INFO  storage.RaftStorageDirectory (RaftStorageDirectory.java:tryLock(328)) - Lock on /workdir/hadoop-ozone/integration-test/target/test-dir/MiniOzoneClusterImpl-a0535264-3a9d-47dc-a6b5-6352fdff8bcc/datanode-4/data/ratis/3f846551-58e8-4491-ad79-43492a71f62e/in_use.lock acquired by nodename 5895@pr-hdds-2121-ltkqc-3926781246
2019-09-18 17:09:45,862 [pool-67-thread-1] INFO  storage.RaftStorage (RaftStorage.java:format(72)) - Storage directory /workdir/hadoop-ozone/integration-test/target/test-dir/MiniOzoneClusterImpl-a0535264-3a9d-47dc-a6b5-6352fdff8bcc/datanode-4/data/ratis/3f846551-58e8-4491-ad79-43492a71f62e has been successfully formatted.
2019-09-18 17:09:45,863 [pool-67-thread-1] INFO  ratis.ContainerStateMachine (ContainerStateMachine.java:loadSnapshot(230)) - group-43492A71F62E: The snapshot info is null. Setting the last applied indexto:(t:0, i:~)
2019-09-18 17:09:45,863 [pool-67-thread-1] INFO  server.RaftServerConfigKeys (ConfUtils.java:logGet(43)) - raft.server.notification.no-leader.timeout = 120s (custom)
2019-09-18 17:09:45,863 [pool-67-thread-1] INFO  server.RaftServerConfigKeys (ConfUtils.java:logGet(43)) - raft.server.log.use.memory = false (default)
2019-09-18 17:09:45,864 [pool-67-thread-1] INFO  server.RaftServerConfigKeys (ConfUtils.java:logGet(43)) - raft.server.log.purge.gap = 1000000 (custom)
2019-09-18 17:09:45,864 [pool-67-thread-1] INFO  server.RaftServerConfigKeys (ConfUtils.java:logGet(43)) - raft.server.log.appender.buffer.byte-limit = 33554432 (custom)
2019-09-18 17:09:45,864 [pool-67-thread-1] INFO  server.RaftServerConfigKeys (ConfUtils.java:logGet(43)) - raft.server.log.segment.size.max = 1048576 (custom)
2019-09-18 17:09:45,864 [pool-67-thread-1] INFO  server.RaftServerConfigKeys (ConfUtils.java:logGet(43)) - raft.server.log.segment.cache.num.max = 2 (custom)
2019-09-18 17:09:45,864 [pool-67-thread-1] INFO  segmented.SegmentedRaftLogWorker (SegmentedRaftLogWorker.java:<init>(172)) - new 4807b144-2c85-4659-8a46-71684e6faffd@group-43492A71F62E-SegmentedRaftLogWorker for RaftStorage:Storage Directory /workdir/hadoop-ozone/integration-test/target/test-dir/MiniOzoneClusterImpl-a0535264-3a9d-47dc-a6b5-6352fdff8bcc/datanode-4/data/ratis/3f846551-58e8-4491-ad79-43492a71f62e
2019-09-18 17:09:45,871 [pool-67-thread-1] INFO  server.RaftServerConfigKeys (ConfUtils.java:logGet(43)) - raft.server.log.queue.byte-limit = 2147483647 (custom)
2019-09-18 17:09:45,871 [pool-67-thread-1] INFO  server.RaftServerConfigKeys (ConfUtils.java:logGet(43)) - raft.server.log.queue.element-limit = 1024 (custom)
2019-09-18 17:09:45,871 [pool-67-thread-1] INFO  server.RaftServerConfigKeys (ConfUtils.java:logGet(43)) - raft.server.log.segment.size.max = 1048576 (custom)
2019-09-18 17:09:45,872 [pool-67-thread-1] INFO  server.RaftServerConfigKeys (ConfUtils.java:logGet(43)) - raft.server.log.preallocated.size = 16384 (custom)
2019-09-18 17:09:45,872 [pool-67-thread-1] INFO  server.RaftServerConfigKeys (ConfUtils.java:logGet(43)) - raft.server.log.write.buffer.size = 33554432 (custom)
2019-09-18 17:09:45,872 [pool-67-thread-1] INFO  server.RaftServerConfigKeys (ConfUtils.java:logGet(43)) - raft.server.log.force.sync.num = 128 (default)
2019-09-18 17:09:45,872 [pool-67-thread-1] INFO  server.RaftServerConfigKeys (ConfUtils.java:logGet(43)) - raft.server.log.statemachine.data.sync = true (default)
2019-09-18 17:09:45,872 [pool-67-thread-1] INFO  server.RaftServerConfigKeys (ConfUtils.java:logGet(43)) - raft.server.log.statemachine.data.sync.timeout = 10s (default)
2019-09-18 17:09:45,872 [pool-67-thread-1] INFO  server.RaftServerConfigKeys (ConfUtils.java:logGet(43)) - raft.server.log.statemachine.data.sync.timeout.retry = -1 (default)
2019-09-18 17:09:45,873 [pool-67-thread-1] INFO  server.RaftServerConfigKeys (ConfUtils.java:logGet(43)) - raft.server.log.statemachine.data.caching.enabled = true (custom)
2019-09-18 17:09:45,873 [pool-67-thread-1] INFO  segmented.SegmentedRaftLogWorker (SegmentedRaftLogWorker.java:lambda$new$0(132)) - 4807b144-2c85-4659-8a46-71684e6faffd@group-43492A71F62E-SegmentedRaftLogWorker: flushIndex: setUnconditionally 0 -> -1
2019-09-18 17:09:45,874 [pool-67-thread-1] INFO  server.RaftServerConfigKeys (ConfUtils.java:logGet(43)) - raft.server.snapshot.auto.trigger.enabled = true (custom)
2019-09-18 17:09:45,874 [pool-67-thread-1] INFO  server.RaftServerConfigKeys (ConfUtils.java:logGet(43)) - raft.server.snapshot.auto.trigger.threshold = 10000 (custom)
2019-09-18 17:09:45,874 [pool-67-thread-1] INFO  server.RaftServerConfigKeys (ConfUtils.java:logGet(43)) - raft.server.snapshot.retention.num.files = 5 (custom)
2019-09-18 17:09:45,874 [pool-67-thread-1] INFO  server.RaftServerConfigKeys (ConfUtils.java:logGet(43)) - raft.server.retrycache.expirytime = 600000ms (custom)
2019-09-18 17:09:45,880 [pool-67-thread-1] INFO  impl.RaftServerImpl (RaftServerImpl.java:start(185)) - 4807b144-2c85-4659-8a46-71684e6faffd@group-43492A71F62E: start as a follower, conf=-1: [4807b144-2c85-4659-8a46-71684e6faffd:192.168.151.122:37839], old=null
2019-09-18 17:09:45,880 [pool-67-thread-1] INFO  impl.RaftServerImpl (RaftServerImpl.java:setRole(174)) - 4807b144-2c85-4659-8a46-71684e6faffd@group-43492A71F62E: changes role from      null to FOLLOWER at term 0 for startAsFollower
2019-09-18 17:09:45,880 [pool-67-thread-1] INFO  impl.RoleInfo (RoleInfo.java:updateAndGet(143)) - 4807b144-2c85-4659-8a46-71684e6faffd: start FollowerState
2019-09-18 17:09:45,881 [pool-67-thread-1] INFO  util.JmxRegister (JmxRegister.java:tryRegister(44)) - Successfully registered JMX Bean with object name Ratis:service=RaftServer,group=group-43492A71F62E,id=4807b144-2c85-4659-8a46-71684e6faffd
2019-09-18 17:09:45,897 [RatisPipelineUtilsThread] INFO  pipeline.PipelineStateManager (PipelineStateManager.java:addPipeline(56)) - Created pipeline Pipeline[ Id: 3f846551-58e8-4491-ad79-43492a71f62e, Nodes: 4807b144-2c85-4659-8a46-71684e6faffd{ip: 192.168.151.122, host: pr-hdds-2121-ltkqc-3926781246, networkLocation: /default-rack, certSerialId: null}, Type:RATIS, Factor:ONE, State:OPEN]
2019-09-18 17:09:45,920 [grpc-default-executor-0] INFO  impl.RaftServerProxy (RaftServerProxy.java:addNew(89)) - b4ae2fc6-33d9-4c1f-ba2b-766eed3c72c1: addNew group-57D1ABA3967B:[b4ae2fc6-33d9-4c1f-ba2b-766eed3c72c1:192.168.151.122:37678] returns group-57D1ABA3967B:java.util.concurrent.CompletableFuture@7eb301b1[Not completed]
2019-09-18 17:09:45,951 [pool-107-thread-1] INFO  impl.RaftServerImpl (RaftServerImpl.java:<init>(95)) - b4ae2fc6-33d9-4c1f-ba2b-766eed3c72c1: new RaftServerImpl for group-57D1ABA3967B:[b4ae2fc6-33d9-4c1f-ba2b-766eed3c72c1:192.168.151.122:37678] with ContainerStateMachine:uninitialized
2019-09-18 17:09:45,953 [pool-107-thread-1] INFO  server.RaftServerConfigKeys (ConfUtils.java:logGet(43)) - raft.server.rpc.timeout.min = 1s (custom)
2019-09-18 17:09:45,953 [pool-107-thread-1] INFO  server.RaftServerConfigKeys (ConfUtils.java:logGet(43)) - raft.server.rpc.timeout.max = 1200ms (custom)
2019-09-18 17:09:45,953 [pool-107-thread-1] INFO  server.RaftServerConfigKeys (ConfUtils.java:logGet(43)) - raft.server.rpcslowness.timeout = 120s (custom)
2019-09-18 17:09:45,953 [pool-107-thread-1] INFO  server.RaftServerConfigKeys (ConfUtils.java:logGet(43)) - raft.server.sleep.deviation.threshold = 300 (default)
2019-09-18 17:09:45,953 [pool-107-thread-1] INFO  server.RaftServerConfigKeys (ConfUtils.java:logGet(43)) - raft.server.log.appender.install.snapshot.enabled = false (custom)
2019-09-18 17:09:45,953 [pool-107-thread-1] INFO  impl.RaftServerImpl (ServerState.java:<init>(103)) - b4ae2fc6-33d9-4c1f-ba2b-766eed3c72c1@group-57D1ABA3967B: ConfigurationManager, init=-1: [b4ae2fc6-33d9-4c1f-ba2b-766eed3c72c1:192.168.151.122:37678], old=null, confs=<EMPTY_MAP>
2019-09-18 17:09:45,954 [pool-107-thread-1] INFO  server.RaftServerConfigKeys (ConfUtils.java:logGet(43)) - raft.server.storage.dir = [/workdir/hadoop-ozone/integration-test/target/test-dir/MiniOzoneClusterImpl-a0535264-3a9d-47dc-a6b5-6352fdff8bcc/datanode-8/data/ratis] (custom)
2019-09-18 17:09:45,954 [pool-107-thread-1] INFO  storage.RaftStorageDirectory (RaftStorageDirectory.java:analyzeStorage(246)) - The storage directory /workdir/hadoop-ozone/integration-test/target/test-dir/MiniOzoneClusterImpl-a0535264-3a9d-47dc-a6b5-6352fdff8bcc/datanode-8/data/ratis/d027d6cd-8ad9-46fe-8e8b-57d1aba3967b does not exist. Creating ...
2019-09-18 17:09:45,968 [pool-107-thread-1] INFO  storage.RaftStorageDirectory (RaftStorageDirectory.java:tryLock(328)) - Lock on /workdir/hadoop-ozone/integration-test/target/test-dir/MiniOzoneClusterImpl-a0535264-3a9d-47dc-a6b5-6352fdff8bcc/datanode-8/data/ratis/d027d6cd-8ad9-46fe-8e8b-57d1aba3967b/in_use.lock acquired by nodename 5895@pr-hdds-2121-ltkqc-3926781246
2019-09-18 17:09:45,981 [pool-107-thread-1] INFO  storage.RaftStorage (RaftStorage.java:format(72)) - Storage directory /workdir/hadoop-ozone/integration-test/target/test-dir/MiniOzoneClusterImpl-a0535264-3a9d-47dc-a6b5-6352fdff8bcc/datanode-8/data/ratis/d027d6cd-8ad9-46fe-8e8b-57d1aba3967b has been successfully formatted.
2019-09-18 17:09:45,983 [pool-107-thread-1] INFO  ratis.ContainerStateMachine (ContainerStateMachine.java:loadSnapshot(230)) - group-57D1ABA3967B: The snapshot info is null. Setting the last applied indexto:(t:0, i:~)
2019-09-18 17:09:45,985 [pool-107-thread-1] INFO  server.RaftServerConfigKeys (ConfUtils.java:logGet(43)) - raft.server.notification.no-leader.timeout = 120s (custom)
2019-09-18 17:09:45,985 [pool-107-thread-1] INFO  server.RaftServerConfigKeys (ConfUtils.java:logGet(43)) - raft.server.log.use.memory = false (default)
2019-09-18 17:09:45,985 [pool-107-thread-1] INFO  server.RaftServerConfigKeys (ConfUtils.java:logGet(43)) - raft.server.log.purge.gap = 1000000 (custom)
2019-09-18 17:09:45,985 [pool-107-thread-1] INFO  server.RaftServerConfigKeys (ConfUtils.java:logGet(43)) - raft.server.log.appender.buffer.byte-limit = 33554432 (custom)
2019-09-18 17:09:45,986 [pool-107-thread-1] INFO  server.RaftServerConfigKeys (ConfUtils.java:logGet(43)) - raft.server.log.segment.size.max = 1048576 (custom)
2019-09-18 17:09:45,986 [pool-107-thread-1] INFO  server.RaftServerConfigKeys (ConfUtils.java:logGet(43)) - raft.server.log.segment.cache.num.max = 2 (custom)
2019-09-18 17:09:45,986 [pool-107-thread-1] INFO  segmented.SegmentedRaftLogWorker (SegmentedRaftLogWorker.java:<init>(172)) - new b4ae2fc6-33d9-4c1f-ba2b-766eed3c72c1@group-57D1ABA3967B-SegmentedRaftLogWorker for RaftStorage:Storage Directory /workdir/hadoop-ozone/integration-test/target/test-dir/MiniOzoneClusterImpl-a0535264-3a9d-47dc-a6b5-6352fdff8bcc/datanode-8/data/ratis/d027d6cd-8ad9-46fe-8e8b-57d1aba3967b
2019-09-18 17:09:46,027 [pool-107-thread-1] INFO  server.RaftServerConfigKeys (ConfUtils.java:logGet(43)) - raft.server.log.queue.byte-limit = 2147483647 (custom)
2019-09-18 17:09:46,028 [pool-107-thread-1] INFO  server.RaftServerConfigKeys (ConfUtils.java:logGet(43)) - raft.server.log.queue.element-limit = 1024 (custom)
2019-09-18 17:09:46,028 [pool-107-thread-1] INFO  server.RaftServerConfigKeys (ConfUtils.java:logGet(43)) - raft.server.log.segment.size.max = 1048576 (custom)
2019-09-18 17:09:46,028 [pool-107-thread-1] INFO  server.RaftServerConfigKeys (ConfUtils.java:logGet(43)) - raft.server.log.preallocated.size = 16384 (custom)
2019-09-18 17:09:46,028 [pool-107-thread-1] INFO  server.RaftServerConfigKeys (ConfUtils.java:logGet(43)) - raft.server.log.write.buffer.size = 33554432 (custom)
2019-09-18 17:09:46,028 [pool-107-thread-1] INFO  server.RaftServerConfigKeys (ConfUtils.java:logGet(43)) - raft.server.log.force.sync.num = 128 (default)
2019-09-18 17:09:46,028 [pool-107-thread-1] INFO  server.RaftServerConfigKeys (ConfUtils.java:logGet(43)) - raft.server.log.statemachine.data.sync = true (default)
2019-09-18 17:09:46,029 [pool-107-thread-1] INFO  server.RaftServerConfigKeys (ConfUtils.java:logGet(43)) - raft.server.log.statemachine.data.sync.timeout = 10s (default)
2019-09-18 17:09:46,029 [pool-107-thread-1] INFO  server.RaftServerConfigKeys (ConfUtils.java:logGet(43)) - raft.server.log.statemachine.data.sync.timeout.retry = -1 (default)
2019-09-18 17:09:46,029 [pool-107-thread-1] INFO  server.RaftServerConfigKeys (ConfUtils.java:logGet(43)) - raft.server.log.statemachine.data.caching.enabled = true (custom)
2019-09-18 17:09:46,029 [pool-107-thread-1] INFO  segmented.SegmentedRaftLogWorker (SegmentedRaftLogWorker.java:lambda$new$0(132)) - b4ae2fc6-33d9-4c1f-ba2b-766eed3c72c1@group-57D1ABA3967B-SegmentedRaftLogWorker: flushIndex: setUnconditionally 0 -> -1
2019-09-18 17:09:46,030 [pool-107-thread-1] INFO  server.RaftServerConfigKeys (ConfUtils.java:logGet(43)) - raft.server.snapshot.auto.trigger.enabled = true (custom)
2019-09-18 17:09:46,030 [pool-107-thread-1] INFO  server.RaftServerConfigKeys (ConfUtils.java:logGet(43)) - raft.server.snapshot.auto.trigger.threshold = 10000 (custom)
2019-09-18 17:09:46,030 [pool-107-thread-1] INFO  server.RaftServerConfigKeys (ConfUtils.java:logGet(43)) - raft.server.snapshot.retention.num.files = 5 (custom)
2019-09-18 17:09:46,030 [pool-107-thread-1] INFO  server.RaftServerConfigKeys (ConfUtils.java:logGet(43)) - raft.server.retrycache.expirytime = 600000ms (custom)
2019-09-18 17:09:46,034 [pool-107-thread-1] INFO  impl.RaftServerImpl (RaftServerImpl.java:start(185)) - b4ae2fc6-33d9-4c1f-ba2b-766eed3c72c1@group-57D1ABA3967B: start as a follower, conf=-1: [b4ae2fc6-33d9-4c1f-ba2b-766eed3c72c1:192.168.151.122:37678], old=null
2019-09-18 17:09:46,034 [pool-107-thread-1] INFO  impl.RaftServerImpl (RaftServerImpl.java:setRole(174)) - b4ae2fc6-33d9-4c1f-ba2b-766eed3c72c1@group-57D1ABA3967B: changes role from      null to FOLLOWER at term 0 for startAsFollower
2019-09-18 17:09:46,034 [pool-107-thread-1] INFO  impl.RoleInfo (RoleInfo.java:updateAndGet(143)) - b4ae2fc6-33d9-4c1f-ba2b-766eed3c72c1: start FollowerState
2019-09-18 17:09:46,036 [pool-107-thread-1] INFO  util.JmxRegister (JmxRegister.java:tryRegister(44)) - Successfully registered JMX Bean with object name Ratis:service=RaftServer,group=group-57D1ABA3967B,id=b4ae2fc6-33d9-4c1f-ba2b-766eed3c72c1
2019-09-18 17:09:46,048 [RatisPipelineUtilsThread] INFO  pipeline.PipelineStateManager (PipelineStateManager.java:addPipeline(56)) - Created pipeline Pipeline[ Id: d027d6cd-8ad9-46fe-8e8b-57d1aba3967b, Nodes: b4ae2fc6-33d9-4c1f-ba2b-766eed3c72c1{ip: 192.168.151.122, host: pr-hdds-2121-ltkqc-3926781246, networkLocation: /default-rack, certSerialId: null}, Type:RATIS, Factor:ONE, State:OPEN]
2019-09-18 17:09:46,068 [grpc-default-executor-0] INFO  impl.RaftServerProxy (RaftServerProxy.java:addNew(89)) - 62d2617d-d759-46ce-9c32-c3f7d08f54db: addNew group-A61F2AA8A0AB:[62d2617d-d759-46ce-9c32-c3f7d08f54db:192.168.151.122:37326] returns group-A61F2AA8A0AB:java.util.concurrent.CompletableFuture@6b983412[Not completed]
2019-09-18 17:09:46,073 [pool-87-thread-1] INFO  impl.RaftServerImpl (RaftServerImpl.java:<init>(95)) - 62d2617d-d759-46ce-9c32-c3f7d08f54db: new RaftServerImpl for group-A61F2AA8A0AB:[62d2617d-d759-46ce-9c32-c3f7d08f54db:192.168.151.122:37326] with ContainerStateMachine:uninitialized
2019-09-18 17:09:46,073 [pool-87-thread-1] INFO  server.RaftServerConfigKeys (ConfUtils.java:logGet(43)) - raft.server.rpc.timeout.min = 1s (custom)
2019-09-18 17:09:46,073 [pool-87-thread-1] INFO  server.RaftServerConfigKeys (ConfUtils.java:logGet(43)) - raft.server.rpc.timeout.max = 1200ms (custom)
2019-09-18 17:09:46,073 [pool-87-thread-1] INFO  server.RaftServerConfigKeys (ConfUtils.java:logGet(43)) - raft.server.rpcslowness.timeout = 120s (custom)
2019-09-18 17:09:46,073 [pool-87-thread-1] INFO  server.RaftServerConfigKeys (ConfUtils.java:logGet(43)) - raft.server.sleep.deviation.threshold = 300 (default)
2019-09-18 17:09:46,073 [pool-87-thread-1] INFO  server.RaftServerConfigKeys (ConfUtils.java:logGet(43)) - raft.server.log.appender.install.snapshot.enabled = false (custom)
2019-09-18 17:09:46,074 [pool-87-thread-1] INFO  impl.RaftServerImpl (ServerState.java:<init>(103)) - 62d2617d-d759-46ce-9c32-c3f7d08f54db@group-A61F2AA8A0AB: ConfigurationManager, init=-1: [62d2617d-d759-46ce-9c32-c3f7d08f54db:192.168.151.122:37326], old=null, confs=<EMPTY_MAP>
2019-09-18 17:09:46,074 [pool-87-thread-1] INFO  server.RaftServerConfigKeys (ConfUtils.java:logGet(43)) - raft.server.storage.dir = [/workdir/hadoop-ozone/integration-test/target/test-dir/MiniOzoneClusterImpl-a0535264-3a9d-47dc-a6b5-6352fdff8bcc/datanode-6/data/ratis] (custom)
2019-09-18 17:09:46,074 [pool-87-thread-1] INFO  storage.RaftStorageDirectory (RaftStorageDirectory.java:analyzeStorage(246)) - The storage directory /workdir/hadoop-ozone/integration-test/target/test-dir/MiniOzoneClusterImpl-a0535264-3a9d-47dc-a6b5-6352fdff8bcc/datanode-6/data/ratis/f6910501-fc42-4762-ab89-a61f2aa8a0ab does not exist. Creating ...
2019-09-18 17:09:46,087 [pool-87-thread-1] INFO  storage.RaftStorageDirectory (RaftStorageDirectory.java:tryLock(328)) - Lock on /workdir/hadoop-ozone/integration-test/target/test-dir/MiniOzoneClusterImpl-a0535264-3a9d-47dc-a6b5-6352fdff8bcc/datanode-6/data/ratis/f6910501-fc42-4762-ab89-a61f2aa8a0ab/in_use.lock acquired by nodename 5895@pr-hdds-2121-ltkqc-3926781246
2019-09-18 17:09:46,100 [pool-87-thread-1] INFO  storage.RaftStorage (RaftStorage.java:format(72)) - Storage directory /workdir/hadoop-ozone/integration-test/target/test-dir/MiniOzoneClusterImpl-a0535264-3a9d-47dc-a6b5-6352fdff8bcc/datanode-6/data/ratis/f6910501-fc42-4762-ab89-a61f2aa8a0ab has been successfully formatted.
2019-09-18 17:09:46,100 [pool-87-thread-1] INFO  ratis.ContainerStateMachine (ContainerStateMachine.java:loadSnapshot(230)) - group-A61F2AA8A0AB: The snapshot info is null. Setting the last applied indexto:(t:0, i:~)
2019-09-18 17:09:46,100 [pool-87-thread-1] INFO  server.RaftServerConfigKeys (ConfUtils.java:logGet(43)) - raft.server.notification.no-leader.timeout = 120s (custom)
2019-09-18 17:09:46,100 [pool-87-thread-1] INFO  server.RaftServerConfigKeys (ConfUtils.java:logGet(43)) - raft.server.log.use.memory = false (default)
2019-09-18 17:09:46,101 [pool-87-thread-1] INFO  server.RaftServerConfigKeys (ConfUtils.java:logGet(43)) - raft.server.log.purge.gap = 1000000 (custom)
2019-09-18 17:09:46,101 [pool-87-thread-1] INFO  server.RaftServerConfigKeys (ConfUtils.java:logGet(43)) - raft.server.log.appender.buffer.byte-limit = 33554432 (custom)
2019-09-18 17:09:46,101 [pool-87-thread-1] INFO  server.RaftServerConfigKeys (ConfUtils.java:logGet(43)) - raft.server.log.segment.size.max = 1048576 (custom)
2019-09-18 17:09:46,101 [pool-87-thread-1] INFO  server.RaftServerConfigKeys (ConfUtils.java:logGet(43)) - raft.server.log.segment.cache.num.max = 2 (custom)
2019-09-18 17:09:46,101 [pool-87-thread-1] INFO  segmented.SegmentedRaftLogWorker (SegmentedRaftLogWorker.java:<init>(172)) - new 62d2617d-d759-46ce-9c32-c3f7d08f54db@group-A61F2AA8A0AB-SegmentedRaftLogWorker for RaftStorage:Storage Directory /workdir/hadoop-ozone/integration-test/target/test-dir/MiniOzoneClusterImpl-a0535264-3a9d-47dc-a6b5-6352fdff8bcc/datanode-6/data/ratis/f6910501-fc42-4762-ab89-a61f2aa8a0ab
2019-09-18 17:09:46,108 [pool-87-thread-1] INFO  server.RaftServerConfigKeys (ConfUtils.java:logGet(43)) - raft.server.log.queue.byte-limit = 2147483647 (custom)
2019-09-18 17:09:46,108 [pool-87-thread-1] INFO  server.RaftServerConfigKeys (ConfUtils.java:logGet(43)) - raft.server.log.queue.element-limit = 1024 (custom)
2019-09-18 17:09:46,108 [pool-87-thread-1] INFO  server.RaftServerConfigKeys (ConfUtils.java:logGet(43)) - raft.server.log.segment.size.max = 1048576 (custom)
2019-09-18 17:09:46,108 [pool-87-thread-1] INFO  server.RaftServerConfigKeys (ConfUtils.java:logGet(43)) - raft.server.log.preallocated.size = 16384 (custom)
2019-09-18 17:09:46,108 [pool-87-thread-1] INFO  server.RaftServerConfigKeys (ConfUtils.java:logGet(43)) - raft.server.log.write.buffer.size = 33554432 (custom)
2019-09-18 17:09:46,108 [pool-87-thread-1] INFO  server.RaftServerConfigKeys (ConfUtils.java:logGet(43)) - raft.server.log.force.sync.num = 128 (default)
2019-09-18 17:09:46,109 [pool-87-thread-1] INFO  server.RaftServerConfigKeys (ConfUtils.java:logGet(43)) - raft.server.log.statemachine.data.sync = true (default)
2019-09-18 17:09:46,109 [pool-87-thread-1] INFO  server.RaftServerConfigKeys (ConfUtils.java:logGet(43)) - raft.server.log.statemachine.data.sync.timeout = 10s (default)
2019-09-18 17:09:46,109 [pool-87-thread-1] INFO  server.RaftServerConfigKeys (ConfUtils.java:logGet(43)) - raft.server.log.statemachine.data.sync.timeout.retry = -1 (default)
2019-09-18 17:09:46,109 [pool-87-thread-1] INFO  server.RaftServerConfigKeys (ConfUtils.java:logGet(43)) - raft.server.log.statemachine.data.caching.enabled = true (custom)
2019-09-18 17:09:46,109 [pool-87-thread-1] INFO  segmented.SegmentedRaftLogWorker (SegmentedRaftLogWorker.java:lambda$new$0(132)) - 62d2617d-d759-46ce-9c32-c3f7d08f54db@group-A61F2AA8A0AB-SegmentedRaftLogWorker: flushIndex: setUnconditionally 0 -> -1
2019-09-18 17:09:46,110 [pool-87-thread-1] INFO  server.RaftServerConfigKeys (ConfUtils.java:logGet(43)) - raft.server.snapshot.auto.trigger.enabled = true (custom)
2019-09-18 17:09:46,110 [pool-87-thread-1] INFO  server.RaftServerConfigKeys (ConfUtils.java:logGet(43)) - raft.server.snapshot.auto.trigger.threshold = 10000 (custom)
2019-09-18 17:09:46,110 [pool-87-thread-1] INFO  server.RaftServerConfigKeys (ConfUtils.java:logGet(43)) - raft.server.snapshot.retention.num.files = 5 (custom)
2019-09-18 17:09:46,110 [pool-87-thread-1] INFO  server.RaftServerConfigKeys (ConfUtils.java:logGet(43)) - raft.server.retrycache.expirytime = 600000ms (custom)
2019-09-18 17:09:46,113 [pool-87-thread-1] INFO  impl.RaftServerImpl (RaftServerImpl.java:start(185)) - 62d2617d-d759-46ce-9c32-c3f7d08f54db@group-A61F2AA8A0AB: start as a follower, conf=-1: [62d2617d-d759-46ce-9c32-c3f7d08f54db:192.168.151.122:37326], old=null
2019-09-18 17:09:46,114 [pool-87-thread-1] INFO  impl.RaftServerImpl (RaftServerImpl.java:setRole(174)) - 62d2617d-d759-46ce-9c32-c3f7d08f54db@group-A61F2AA8A0AB: changes role from      null to FOLLOWER at term 0 for startAsFollower
2019-09-18 17:09:46,114 [pool-87-thread-1] INFO  impl.RoleInfo (RoleInfo.java:updateAndGet(143)) - 62d2617d-d759-46ce-9c32-c3f7d08f54db: start FollowerState
2019-09-18 17:09:46,114 [pool-87-thread-1] INFO  util.JmxRegister (JmxRegister.java:tryRegister(44)) - Successfully registered JMX Bean with object name Ratis:service=RaftServer,group=group-A61F2AA8A0AB,id=62d2617d-d759-46ce-9c32-c3f7d08f54db
2019-09-18 17:09:46,139 [RatisPipelineUtilsThread] INFO  pipeline.PipelineStateManager (PipelineStateManager.java:addPipeline(56)) - Created pipeline Pipeline[ Id: f6910501-fc42-4762-ab89-a61f2aa8a0ab, Nodes: 62d2617d-d759-46ce-9c32-c3f7d08f54db{ip: 192.168.151.122, host: pr-hdds-2121-ltkqc-3926781246, networkLocation: /default-rack, certSerialId: null}, Type:RATIS, Factor:ONE, State:OPEN]
2019-09-18 17:09:46,160 [grpc-default-executor-0] INFO  impl.RaftServerProxy (RaftServerProxy.java:addNew(89)) - 78cf3f4b-2ba3-4c47-8363-becf5fcab44c: addNew group-33FFF70EC92C:[78cf3f4b-2ba3-4c47-8363-becf5fcab44c:192.168.151.122:41660] returns group-33FFF70EC92C:java.util.concurrent.CompletableFuture@71d466eb[Not completed]
2019-09-18 17:09:46,165 [pool-37-thread-1] INFO  impl.RaftServerImpl (RaftServerImpl.java:<init>(95)) - 78cf3f4b-2ba3-4c47-8363-becf5fcab44c: new RaftServerImpl for group-33FFF70EC92C:[78cf3f4b-2ba3-4c47-8363-becf5fcab44c:192.168.151.122:41660] with ContainerStateMachine:uninitialized
2019-09-18 17:09:46,165 [pool-37-thread-1] INFO  server.RaftServerConfigKeys (ConfUtils.java:logGet(43)) - raft.server.rpc.timeout.min = 1s (custom)
2019-09-18 17:09:46,165 [pool-37-thread-1] INFO  server.RaftServerConfigKeys (ConfUtils.java:logGet(43)) - raft.server.rpc.timeout.max = 1200ms (custom)
2019-09-18 17:09:46,165 [pool-37-thread-1] INFO  server.RaftServerConfigKeys (ConfUtils.java:logGet(43)) - raft.server.rpcslowness.timeout = 120s (custom)
2019-09-18 17:09:46,166 [pool-37-thread-1] INFO  server.RaftServerConfigKeys (ConfUtils.java:logGet(43)) - raft.server.sleep.deviation.threshold = 300 (default)
2019-09-18 17:09:46,166 [pool-37-thread-1] INFO  server.RaftServerConfigKeys (ConfUtils.java:logGet(43)) - raft.server.log.appender.install.snapshot.enabled = false (custom)
2019-09-18 17:09:46,166 [pool-37-thread-1] INFO  impl.RaftServerImpl (ServerState.java:<init>(103)) - 78cf3f4b-2ba3-4c47-8363-becf5fcab44c@group-33FFF70EC92C: ConfigurationManager, init=-1: [78cf3f4b-2ba3-4c47-8363-becf5fcab44c:192.168.151.122:41660], old=null, confs=<EMPTY_MAP>
2019-09-18 17:09:46,166 [pool-37-thread-1] INFO  server.RaftServerConfigKeys (ConfUtils.java:logGet(43)) - raft.server.storage.dir = [/workdir/hadoop-ozone/integration-test/target/test-dir/MiniOzoneClusterImpl-a0535264-3a9d-47dc-a6b5-6352fdff8bcc/datanode-1/data/ratis] (custom)
2019-09-18 17:09:46,166 [pool-37-thread-1] INFO  storage.RaftStorageDirectory (RaftStorageDirectory.java:analyzeStorage(246)) - The storage directory /workdir/hadoop-ozone/integration-test/target/test-dir/MiniOzoneClusterImpl-a0535264-3a9d-47dc-a6b5-6352fdff8bcc/datanode-1/data/ratis/349cc9e5-fd18-47a4-8e08-33fff70ec92c does not exist. Creating ...
2019-09-18 17:09:46,171 [pool-37-thread-1] INFO  storage.RaftStorageDirectory (RaftStorageDirectory.java:tryLock(328)) - Lock on /workdir/hadoop-ozone/integration-test/target/test-dir/MiniOzoneClusterImpl-a0535264-3a9d-47dc-a6b5-6352fdff8bcc/datanode-1/data/ratis/349cc9e5-fd18-47a4-8e08-33fff70ec92c/in_use.lock acquired by nodename 5895@pr-hdds-2121-ltkqc-3926781246
2019-09-18 17:09:46,184 [pool-37-thread-1] INFO  storage.RaftStorage (RaftStorage.java:format(72)) - Storage directory /workdir/hadoop-ozone/integration-test/target/test-dir/MiniOzoneClusterImpl-a0535264-3a9d-47dc-a6b5-6352fdff8bcc/datanode-1/data/ratis/349cc9e5-fd18-47a4-8e08-33fff70ec92c has been successfully formatted.
2019-09-18 17:09:46,184 [pool-37-thread-1] INFO  ratis.ContainerStateMachine (ContainerStateMachine.java:loadSnapshot(230)) - group-33FFF70EC92C: The snapshot info is null. Setting the last applied indexto:(t:0, i:~)
2019-09-18 17:09:46,184 [pool-37-thread-1] INFO  server.RaftServerConfigKeys (ConfUtils.java:logGet(43)) - raft.server.notification.no-leader.timeout = 120s (custom)
2019-09-18 17:09:46,184 [pool-37-thread-1] INFO  server.RaftServerConfigKeys (ConfUtils.java:logGet(43)) - raft.server.log.use.memory = false (default)
2019-09-18 17:09:46,185 [pool-37-thread-1] INFO  server.RaftServerConfigKeys (ConfUtils.java:logGet(43)) - raft.server.log.purge.gap = 1000000 (custom)
2019-09-18 17:09:46,185 [pool-37-thread-1] INFO  server.RaftServerConfigKeys (ConfUtils.java:logGet(43)) - raft.server.log.appender.buffer.byte-limit = 33554432 (custom)
2019-09-18 17:09:46,185 [pool-37-thread-1] INFO  server.RaftServerConfigKeys (ConfUtils.java:logGet(43)) - raft.server.log.segment.size.max = 1048576 (custom)
2019-09-18 17:09:46,185 [pool-37-thread-1] INFO  server.RaftServerConfigKeys (ConfUtils.java:logGet(43)) - raft.server.log.segment.cache.num.max = 2 (custom)
2019-09-18 17:09:46,185 [pool-37-thread-1] INFO  segmented.SegmentedRaftLogWorker (SegmentedRaftLogWorker.java:<init>(172)) - new 78cf3f4b-2ba3-4c47-8363-becf5fcab44c@group-33FFF70EC92C-SegmentedRaftLogWorker for RaftStorage:Storage Directory /workdir/hadoop-ozone/integration-test/target/test-dir/MiniOzoneClusterImpl-a0535264-3a9d-47dc-a6b5-6352fdff8bcc/datanode-1/data/ratis/349cc9e5-fd18-47a4-8e08-33fff70ec92c
2019-09-18 17:09:46,188 [pool-37-thread-1] INFO  server.RaftServerConfigKeys (ConfUtils.java:logGet(43)) - raft.server.log.queue.byte-limit = 2147483647 (custom)
2019-09-18 17:09:46,188 [pool-37-thread-1] INFO  server.RaftServerConfigKeys (ConfUtils.java:logGet(43)) - raft.server.log.queue.element-limit = 1024 (custom)
2019-09-18 17:09:46,189 [pool-37-thread-1] INFO  server.RaftServerConfigKeys (ConfUtils.java:logGet(43)) - raft.server.log.segment.size.max = 1048576 (custom)
2019-09-18 17:09:46,189 [pool-37-thread-1] INFO  server.RaftServerConfigKeys (ConfUtils.java:logGet(43)) - raft.server.log.preallocated.size = 16384 (custom)
2019-09-18 17:09:46,189 [pool-37-thread-1] INFO  server.RaftServerConfigKeys (ConfUtils.java:logGet(43)) - raft.server.log.write.buffer.size = 33554432 (custom)
2019-09-18 17:09:46,189 [pool-37-thread-1] INFO  server.RaftServerConfigKeys (ConfUtils.java:logGet(43)) - raft.server.log.force.sync.num = 128 (default)
2019-09-18 17:09:46,189 [pool-37-thread-1] INFO  server.RaftServerConfigKeys (ConfUtils.java:logGet(43)) - raft.server.log.statemachine.data.sync = true (default)
2019-09-18 17:09:46,189 [pool-37-thread-1] INFO  server.RaftServerConfigKeys (ConfUtils.java:logGet(43)) - raft.server.log.statemachine.data.sync.timeout = 10s (default)
2019-09-18 17:09:46,189 [pool-37-thread-1] INFO  server.RaftServerConfigKeys (ConfUtils.java:logGet(43)) - raft.server.log.statemachine.data.sync.timeout.retry = -1 (default)
2019-09-18 17:09:46,190 [pool-37-thread-1] INFO  server.RaftServerConfigKeys (ConfUtils.java:logGet(43)) - raft.server.log.statemachine.data.caching.enabled = true (custom)
2019-09-18 17:09:46,190 [pool-37-thread-1] INFO  segmented.SegmentedRaftLogWorker (SegmentedRaftLogWorker.java:lambda$new$0(132)) - 78cf3f4b-2ba3-4c47-8363-becf5fcab44c@group-33FFF70EC92C-SegmentedRaftLogWorker: flushIndex: setUnconditionally 0 -> -1
2019-09-18 17:09:46,190 [pool-37-thread-1] INFO  server.RaftServerConfigKeys (ConfUtils.java:logGet(43)) - raft.server.snapshot.auto.trigger.enabled = true (custom)
2019-09-18 17:09:46,190 [pool-37-thread-1] INFO  server.RaftServerConfigKeys (ConfUtils.java:logGet(43)) - raft.server.snapshot.auto.trigger.threshold = 10000 (custom)
2019-09-18 17:09:46,190 [pool-37-thread-1] INFO  server.RaftServerConfigKeys (ConfUtils.java:logGet(43)) - raft.server.snapshot.retention.num.files = 5 (custom)
2019-09-18 17:09:46,191 [pool-37-thread-1] INFO  server.RaftServerConfigKeys (ConfUtils.java:logGet(43)) - raft.server.retrycache.expirytime = 600000ms (custom)
2019-09-18 17:09:46,193 [pool-37-thread-1] INFO  impl.RaftServerImpl (RaftServerImpl.java:start(185)) - 78cf3f4b-2ba3-4c47-8363-becf5fcab44c@group-33FFF70EC92C: start as a follower, conf=-1: [78cf3f4b-2ba3-4c47-8363-becf5fcab44c:192.168.151.122:41660], old=null
2019-09-18 17:09:46,193 [pool-37-thread-1] INFO  impl.RaftServerImpl (RaftServerImpl.java:setRole(174)) - 78cf3f4b-2ba3-4c47-8363-becf5fcab44c@group-33FFF70EC92C: changes role from      null to FOLLOWER at term 0 for startAsFollower
2019-09-18 17:09:46,193 [pool-37-thread-1] INFO  impl.RoleInfo (RoleInfo.java:updateAndGet(143)) - 78cf3f4b-2ba3-4c47-8363-becf5fcab44c: start FollowerState
2019-09-18 17:09:46,194 [pool-37-thread-1] INFO  util.JmxRegister (JmxRegister.java:tryRegister(44)) - Successfully registered JMX Bean with object name Ratis:service=RaftServer,group=group-33FFF70EC92C,id=78cf3f4b-2ba3-4c47-8363-becf5fcab44c
2019-09-18 17:09:46,206 [RatisPipelineUtilsThread] INFO  pipeline.PipelineStateManager (PipelineStateManager.java:addPipeline(56)) - Created pipeline Pipeline[ Id: 349cc9e5-fd18-47a4-8e08-33fff70ec92c, Nodes: 78cf3f4b-2ba3-4c47-8363-becf5fcab44c{ip: 192.168.151.122, host: pr-hdds-2121-ltkqc-3926781246, networkLocation: /default-rack, certSerialId: null}, Type:RATIS, Factor:ONE, State:OPEN]
2019-09-18 17:09:46,221 [grpc-default-executor-0] INFO  impl.RaftServerProxy (RaftServerProxy.java:addNew(89)) - 77addda6-fc28-4fe0-a9c9-ddb04539ca78: addNew group-457D4FD2217F:[77addda6-fc28-4fe0-a9c9-ddb04539ca78:192.168.151.122:43343] returns group-457D4FD2217F:java.util.concurrent.CompletableFuture@10d37b6b[Not completed]
2019-09-18 17:09:46,226 [pool-77-thread-1] INFO  impl.RaftServerImpl (RaftServerImpl.java:<init>(95)) - 77addda6-fc28-4fe0-a9c9-ddb04539ca78: new RaftServerImpl for group-457D4FD2217F:[77addda6-fc28-4fe0-a9c9-ddb04539ca78:192.168.151.122:43343] with ContainerStateMachine:uninitialized
2019-09-18 17:09:46,227 [pool-77-thread-1] INFO  server.RaftServerConfigKeys (ConfUtils.java:logGet(43)) - raft.server.rpc.timeout.min = 1s (custom)
2019-09-18 17:09:46,227 [pool-77-thread-1] INFO  server.RaftServerConfigKeys (ConfUtils.java:logGet(43)) - raft.server.rpc.timeout.max = 1200ms (custom)
2019-09-18 17:09:46,227 [pool-77-thread-1] INFO  server.RaftServerConfigKeys (ConfUtils.java:logGet(43)) - raft.server.rpcslowness.timeout = 120s (custom)
2019-09-18 17:09:46,228 [pool-77-thread-1] INFO  server.RaftServerConfigKeys (ConfUtils.java:logGet(43)) - raft.server.sleep.deviation.threshold = 300 (default)
2019-09-18 17:09:46,228 [pool-77-thread-1] INFO  server.RaftServerConfigKeys (ConfUtils.java:logGet(43)) - raft.server.log.appender.install.snapshot.enabled = false (custom)
2019-09-18 17:09:46,228 [pool-77-thread-1] INFO  impl.RaftServerImpl (ServerState.java:<init>(103)) - 77addda6-fc28-4fe0-a9c9-ddb04539ca78@group-457D4FD2217F: ConfigurationManager, init=-1: [77addda6-fc28-4fe0-a9c9-ddb04539ca78:192.168.151.122:43343], old=null, confs=<EMPTY_MAP>
2019-09-18 17:09:46,228 [pool-77-thread-1] INFO  server.RaftServerConfigKeys (ConfUtils.java:logGet(43)) - raft.server.storage.dir = [/workdir/hadoop-ozone/integration-test/target/test-dir/MiniOzoneClusterImpl-a0535264-3a9d-47dc-a6b5-6352fdff8bcc/datanode-5/data/ratis] (custom)
2019-09-18 17:09:46,229 [pool-77-thread-1] INFO  storage.RaftStorageDirectory (RaftStorageDirectory.java:analyzeStorage(246)) - The storage directory /workdir/hadoop-ozone/integration-test/target/test-dir/MiniOzoneClusterImpl-a0535264-3a9d-47dc-a6b5-6352fdff8bcc/datanode-5/data/ratis/0722ba57-46cb-4224-830c-457d4fd2217f does not exist. Creating ...
2019-09-18 17:09:46,231 [pool-77-thread-1] INFO  storage.RaftStorageDirectory (RaftStorageDirectory.java:tryLock(328)) - Lock on /workdir/hadoop-ozone/integration-test/target/test-dir/MiniOzoneClusterImpl-a0535264-3a9d-47dc-a6b5-6352fdff8bcc/datanode-5/data/ratis/0722ba57-46cb-4224-830c-457d4fd2217f/in_use.lock acquired by nodename 5895@pr-hdds-2121-ltkqc-3926781246
2019-09-18 17:09:46,244 [pool-77-thread-1] INFO  storage.RaftStorage (RaftStorage.java:format(72)) - Storage directory /workdir/hadoop-ozone/integration-test/target/test-dir/MiniOzoneClusterImpl-a0535264-3a9d-47dc-a6b5-6352fdff8bcc/datanode-5/data/ratis/0722ba57-46cb-4224-830c-457d4fd2217f has been successfully formatted.
2019-09-18 17:09:46,244 [pool-77-thread-1] INFO  ratis.ContainerStateMachine (ContainerStateMachine.java:loadSnapshot(230)) - group-457D4FD2217F: The snapshot info is null. Setting the last applied indexto:(t:0, i:~)
2019-09-18 17:09:46,244 [pool-77-thread-1] INFO  server.RaftServerConfigKeys (ConfUtils.java:logGet(43)) - raft.server.notification.no-leader.timeout = 120s (custom)
2019-09-18 17:09:46,245 [pool-77-thread-1] INFO  server.RaftServerConfigKeys (ConfUtils.java:logGet(43)) - raft.server.log.use.memory = false (default)
2019-09-18 17:09:46,245 [pool-77-thread-1] INFO  server.RaftServerConfigKeys (ConfUtils.java:logGet(43)) - raft.server.log.purge.gap = 1000000 (custom)
2019-09-18 17:09:46,245 [pool-77-thread-1] INFO  server.RaftServerConfigKeys (ConfUtils.java:logGet(43)) - raft.server.log.appender.buffer.byte-limit = 33554432 (custom)
2019-09-18 17:09:46,245 [pool-77-thread-1] INFO  server.RaftServerConfigKeys (ConfUtils.java:logGet(43)) - raft.server.log.segment.size.max = 1048576 (custom)
2019-09-18 17:09:46,245 [pool-77-thread-1] INFO  server.RaftServerConfigKeys (ConfUtils.java:logGet(43)) - raft.server.log.segment.cache.num.max = 2 (custom)
2019-09-18 17:09:46,246 [pool-77-thread-1] INFO  segmented.SegmentedRaftLogWorker (SegmentedRaftLogWorker.java:<init>(172)) - new 77addda6-fc28-4fe0-a9c9-ddb04539ca78@group-457D4FD2217F-SegmentedRaftLogWorker for RaftStorage:Storage Directory /workdir/hadoop-ozone/integration-test/target/test-dir/MiniOzoneClusterImpl-a0535264-3a9d-47dc-a6b5-6352fdff8bcc/datanode-5/data/ratis/0722ba57-46cb-4224-830c-457d4fd2217f
2019-09-18 17:09:46,250 [pool-77-thread-1] INFO  server.RaftServerConfigKeys (ConfUtils.java:logGet(43)) - raft.server.log.queue.byte-limit = 2147483647 (custom)
2019-09-18 17:09:46,250 [pool-77-thread-1] INFO  server.RaftServerConfigKeys (ConfUtils.java:logGet(43)) - raft.server.log.queue.element-limit = 1024 (custom)
2019-09-18 17:09:46,250 [pool-77-thread-1] INFO  server.RaftServerConfigKeys (ConfUtils.java:logGet(43)) - raft.server.log.segment.size.max = 1048576 (custom)
2019-09-18 17:09:46,251 [pool-77-thread-1] INFO  server.RaftServerConfigKeys (ConfUtils.java:logGet(43)) - raft.server.log.preallocated.size = 16384 (custom)
2019-09-18 17:09:46,251 [pool-77-thread-1] INFO  server.RaftServerConfigKeys (ConfUtils.java:logGet(43)) - raft.server.log.write.buffer.size = 33554432 (custom)
2019-09-18 17:09:46,251 [pool-77-thread-1] INFO  server.RaftServerConfigKeys (ConfUtils.java:logGet(43)) - raft.server.log.force.sync.num = 128 (default)
2019-09-18 17:09:46,251 [pool-77-thread-1] INFO  server.RaftServerConfigKeys (ConfUtils.java:logGet(43)) - raft.server.log.statemachine.data.sync = true (default)
2019-09-18 17:09:46,251 [pool-77-thread-1] INFO  server.RaftServerConfigKeys (ConfUtils.java:logGet(43)) - raft.server.log.statemachine.data.sync.timeout = 10s (default)
2019-09-18 17:09:46,252 [pool-77-thread-1] INFO  server.RaftServerConfigKeys (ConfUtils.java:logGet(43)) - raft.server.log.statemachine.data.sync.timeout.retry = -1 (default)
2019-09-18 17:09:46,252 [pool-77-thread-1] INFO  server.RaftServerConfigKeys (ConfUtils.java:logGet(43)) - raft.server.log.statemachine.data.caching.enabled = true (custom)
2019-09-18 17:09:46,253 [pool-77-thread-1] INFO  segmented.SegmentedRaftLogWorker (SegmentedRaftLogWorker.java:lambda$new$0(132)) - 77addda6-fc28-4fe0-a9c9-ddb04539ca78@group-457D4FD2217F-SegmentedRaftLogWorker: flushIndex: setUnconditionally 0 -> -1
2019-09-18 17:09:46,253 [pool-77-thread-1] INFO  server.RaftServerConfigKeys (ConfUtils.java:logGet(43)) - raft.server.snapshot.auto.trigger.enabled = true (custom)
2019-09-18 17:09:46,253 [pool-77-thread-1] INFO  server.RaftServerConfigKeys (ConfUtils.java:logGet(43)) - raft.server.snapshot.auto.trigger.threshold = 10000 (custom)
2019-09-18 17:09:46,254 [pool-77-thread-1] INFO  server.RaftServerConfigKeys (ConfUtils.java:logGet(43)) - raft.server.snapshot.retention.num.files = 5 (custom)
2019-09-18 17:09:46,254 [pool-77-thread-1] INFO  server.RaftServerConfigKeys (ConfUtils.java:logGet(43)) - raft.server.retrycache.expirytime = 600000ms (custom)
2019-09-18 17:09:46,259 [pool-77-thread-1] INFO  impl.RaftServerImpl (RaftServerImpl.java:start(185)) - 77addda6-fc28-4fe0-a9c9-ddb04539ca78@group-457D4FD2217F: start as a follower, conf=-1: [77addda6-fc28-4fe0-a9c9-ddb04539ca78:192.168.151.122:43343], old=null
2019-09-18 17:09:46,259 [pool-77-thread-1] INFO  impl.RaftServerImpl (RaftServerImpl.java:setRole(174)) - 77addda6-fc28-4fe0-a9c9-ddb04539ca78@group-457D4FD2217F: changes role from      null to FOLLOWER at term 0 for startAsFollower
2019-09-18 17:09:46,259 [pool-77-thread-1] INFO  impl.RoleInfo (RoleInfo.java:updateAndGet(143)) - 77addda6-fc28-4fe0-a9c9-ddb04539ca78: start FollowerState
2019-09-18 17:09:46,260 [pool-77-thread-1] INFO  util.JmxRegister (JmxRegister.java:tryRegister(44)) - Successfully registered JMX Bean with object name Ratis:service=RaftServer,group=group-457D4FD2217F,id=77addda6-fc28-4fe0-a9c9-ddb04539ca78
2019-09-18 17:09:46,272 [RatisPipelineUtilsThread] INFO  pipeline.PipelineStateManager (PipelineStateManager.java:addPipeline(56)) - Created pipeline Pipeline[ Id: 0722ba57-46cb-4224-830c-457d4fd2217f, Nodes: 77addda6-fc28-4fe0-a9c9-ddb04539ca78{ip: 192.168.151.122, host: pr-hdds-2121-ltkqc-3926781246, networkLocation: /default-rack, certSerialId: null}, Type:RATIS, Factor:ONE, State:OPEN]
2019-09-18 17:09:46,288 [grpc-default-executor-0] INFO  impl.RaftServerProxy (RaftServerProxy.java:addNew(89)) - c79c5a76-aee4-4242-a106-dd0d04c341ff: addNew group-B8F35F5892D5:[c79c5a76-aee4-4242-a106-dd0d04c341ff:192.168.151.122:46461] returns group-B8F35F5892D5:java.util.concurrent.CompletableFuture@34d4be15[Not completed]
2019-09-18 17:09:46,293 [pool-117-thread-1] INFO  impl.RaftServerImpl (RaftServerImpl.java:<init>(95)) - c79c5a76-aee4-4242-a106-dd0d04c341ff: new RaftServerImpl for group-B8F35F5892D5:[c79c5a76-aee4-4242-a106-dd0d04c341ff:192.168.151.122:46461] with ContainerStateMachine:uninitialized
2019-09-18 17:09:46,294 [pool-117-thread-1] INFO  server.RaftServerConfigKeys (ConfUtils.java:logGet(43)) - raft.server.rpc.timeout.min = 1s (custom)
2019-09-18 17:09:46,294 [pool-117-thread-1] INFO  server.RaftServerConfigKeys (ConfUtils.java:logGet(43)) - raft.server.rpc.timeout.max = 1200ms (custom)
2019-09-18 17:09:46,294 [pool-117-thread-1] INFO  server.RaftServerConfigKeys (ConfUtils.java:logGet(43)) - raft.server.rpcslowness.timeout = 120s (custom)
2019-09-18 17:09:46,294 [pool-117-thread-1] INFO  server.RaftServerConfigKeys (ConfUtils.java:logGet(43)) - raft.server.sleep.deviation.threshold = 300 (default)
2019-09-18 17:09:46,294 [pool-117-thread-1] INFO  server.RaftServerConfigKeys (ConfUtils.java:logGet(43)) - raft.server.log.appender.install.snapshot.enabled = false (custom)
2019-09-18 17:09:46,294 [pool-117-thread-1] INFO  impl.RaftServerImpl (ServerState.java:<init>(103)) - c79c5a76-aee4-4242-a106-dd0d04c341ff@group-B8F35F5892D5: ConfigurationManager, init=-1: [c79c5a76-aee4-4242-a106-dd0d04c341ff:192.168.151.122:46461], old=null, confs=<EMPTY_MAP>
2019-09-18 17:09:46,294 [pool-117-thread-1] INFO  server.RaftServerConfigKeys (ConfUtils.java:logGet(43)) - raft.server.storage.dir = [/workdir/hadoop-ozone/integration-test/target/test-dir/MiniOzoneClusterImpl-a0535264-3a9d-47dc-a6b5-6352fdff8bcc/datanode-9/data/ratis] (custom)
2019-09-18 17:09:46,295 [pool-117-thread-1] INFO  storage.RaftStorageDirectory (RaftStorageDirectory.java:analyzeStorage(246)) - The storage directory /workdir/hadoop-ozone/integration-test/target/test-dir/MiniOzoneClusterImpl-a0535264-3a9d-47dc-a6b5-6352fdff8bcc/datanode-9/data/ratis/732299e3-d245-4180-af71-b8f35f5892d5 does not exist. Creating ...
2019-09-18 17:09:46,304 [pool-117-thread-1] INFO  storage.RaftStorageDirectory (RaftStorageDirectory.java:tryLock(328)) - Lock on /workdir/hadoop-ozone/integration-test/target/test-dir/MiniOzoneClusterImpl-a0535264-3a9d-47dc-a6b5-6352fdff8bcc/datanode-9/data/ratis/732299e3-d245-4180-af71-b8f35f5892d5/in_use.lock acquired by nodename 5895@pr-hdds-2121-ltkqc-3926781246
2019-09-18 17:09:46,307 [pool-117-thread-1] INFO  storage.RaftStorage (RaftStorage.java:format(72)) - Storage directory /workdir/hadoop-ozone/integration-test/target/test-dir/MiniOzoneClusterImpl-a0535264-3a9d-47dc-a6b5-6352fdff8bcc/datanode-9/data/ratis/732299e3-d245-4180-af71-b8f35f5892d5 has been successfully formatted.
2019-09-18 17:09:46,307 [pool-117-thread-1] INFO  ratis.ContainerStateMachine (ContainerStateMachine.java:loadSnapshot(230)) - group-B8F35F5892D5: The snapshot info is null. Setting the last applied indexto:(t:0, i:~)
2019-09-18 17:09:46,307 [pool-117-thread-1] INFO  server.RaftServerConfigKeys (ConfUtils.java:logGet(43)) - raft.server.notification.no-leader.timeout = 120s (custom)
2019-09-18 17:09:46,307 [pool-117-thread-1] INFO  server.RaftServerConfigKeys (ConfUtils.java:logGet(43)) - raft.server.log.use.memory = false (default)
2019-09-18 17:09:46,307 [pool-117-thread-1] INFO  server.RaftServerConfigKeys (ConfUtils.java:logGet(43)) - raft.server.log.purge.gap = 1000000 (custom)
2019-09-18 17:09:46,307 [pool-117-thread-1] INFO  server.RaftServerConfigKeys (ConfUtils.java:logGet(43)) - raft.server.log.appender.buffer.byte-limit = 33554432 (custom)
2019-09-18 17:09:46,307 [pool-117-thread-1] INFO  server.RaftServerConfigKeys (ConfUtils.java:logGet(43)) - raft.server.log.segment.size.max = 1048576 (custom)
2019-09-18 17:09:46,308 [pool-117-thread-1] INFO  server.RaftServerConfigKeys (ConfUtils.java:logGet(43)) - raft.server.log.segment.cache.num.max = 2 (custom)
2019-09-18 17:09:46,308 [pool-117-thread-1] INFO  segmented.SegmentedRaftLogWorker (SegmentedRaftLogWorker.java:<init>(172)) - new c79c5a76-aee4-4242-a106-dd0d04c341ff@group-B8F35F5892D5-SegmentedRaftLogWorker for RaftStorage:Storage Directory /workdir/hadoop-ozone/integration-test/target/test-dir/MiniOzoneClusterImpl-a0535264-3a9d-47dc-a6b5-6352fdff8bcc/datanode-9/data/ratis/732299e3-d245-4180-af71-b8f35f5892d5
2019-09-18 17:09:46,310 [pool-117-thread-1] INFO  server.RaftServerConfigKeys (ConfUtils.java:logGet(43)) - raft.server.log.queue.byte-limit = 2147483647 (custom)
2019-09-18 17:09:46,310 [pool-117-thread-1] INFO  server.RaftServerConfigKeys (ConfUtils.java:logGet(43)) - raft.server.log.queue.element-limit = 1024 (custom)
2019-09-18 17:09:46,310 [pool-117-thread-1] INFO  server.RaftServerConfigKeys (ConfUtils.java:logGet(43)) - raft.server.log.segment.size.max = 1048576 (custom)
2019-09-18 17:09:46,310 [pool-117-thread-1] INFO  server.RaftServerConfigKeys (ConfUtils.java:logGet(43)) - raft.server.log.preallocated.size = 16384 (custom)
2019-09-18 17:09:46,310 [pool-117-thread-1] INFO  server.RaftServerConfigKeys (ConfUtils.java:logGet(43)) - raft.server.log.write.buffer.size = 33554432 (custom)
2019-09-18 17:09:46,310 [pool-117-thread-1] INFO  server.RaftServerConfigKeys (ConfUtils.java:logGet(43)) - raft.server.log.force.sync.num = 128 (default)
2019-09-18 17:09:46,311 [pool-117-thread-1] INFO  server.RaftServerConfigKeys (ConfUtils.java:logGet(43)) - raft.server.log.statemachine.data.sync = true (default)
2019-09-18 17:09:46,311 [pool-117-thread-1] INFO  server.RaftServerConfigKeys (ConfUtils.java:logGet(43)) - raft.server.log.statemachine.data.sync.timeout = 10s (default)
2019-09-18 17:09:46,311 [pool-117-thread-1] INFO  server.RaftServerConfigKeys (ConfUtils.java:logGet(43)) - raft.server.log.statemachine.data.sync.timeout.retry = -1 (default)
2019-09-18 17:09:46,311 [pool-117-thread-1] INFO  server.RaftServerConfigKeys (ConfUtils.java:logGet(43)) - raft.server.log.statemachine.data.caching.enabled = true (custom)
2019-09-18 17:09:46,311 [pool-117-thread-1] INFO  segmented.SegmentedRaftLogWorker (SegmentedRaftLogWorker.java:lambda$new$0(132)) - c79c5a76-aee4-4242-a106-dd0d04c341ff@group-B8F35F5892D5-SegmentedRaftLogWorker: flushIndex: setUnconditionally 0 -> -1
2019-09-18 17:09:46,312 [pool-117-thread-1] INFO  server.RaftServerConfigKeys (ConfUtils.java:logGet(43)) - raft.server.snapshot.auto.trigger.enabled = true (custom)
2019-09-18 17:09:46,312 [pool-117-thread-1] INFO  server.RaftServerConfigKeys (ConfUtils.java:logGet(43)) - raft.server.snapshot.auto.trigger.threshold = 10000 (custom)
2019-09-18 17:09:46,312 [pool-117-thread-1] INFO  server.RaftServerConfigKeys (ConfUtils.java:logGet(43)) - raft.server.snapshot.retention.num.files = 5 (custom)
2019-09-18 17:09:46,312 [pool-117-thread-1] INFO  server.RaftServerConfigKeys (ConfUtils.java:logGet(43)) - raft.server.retrycache.expirytime = 600000ms (custom)
2019-09-18 17:09:46,314 [pool-117-thread-1] INFO  impl.RaftServerImpl (RaftServerImpl.java:start(185)) - c79c5a76-aee4-4242-a106-dd0d04c341ff@group-B8F35F5892D5: start as a follower, conf=-1: [c79c5a76-aee4-4242-a106-dd0d04c341ff:192.168.151.122:46461], old=null
2019-09-18 17:09:46,314 [pool-117-thread-1] INFO  impl.RaftServerImpl (RaftServerImpl.java:setRole(174)) - c79c5a76-aee4-4242-a106-dd0d04c341ff@group-B8F35F5892D5: changes role from      null to FOLLOWER at term 0 for startAsFollower
2019-09-18 17:09:46,314 [pool-117-thread-1] INFO  impl.RoleInfo (RoleInfo.java:updateAndGet(143)) - c79c5a76-aee4-4242-a106-dd0d04c341ff: start FollowerState
2019-09-18 17:09:46,314 [pool-117-thread-1] INFO  util.JmxRegister (JmxRegister.java:tryRegister(44)) - Successfully registered JMX Bean with object name Ratis:service=RaftServer,group=group-B8F35F5892D5,id=c79c5a76-aee4-4242-a106-dd0d04c341ff
2019-09-18 17:09:46,331 [RatisPipelineUtilsThread] INFO  pipeline.PipelineStateManager (PipelineStateManager.java:addPipeline(56)) - Created pipeline Pipeline[ Id: 732299e3-d245-4180-af71-b8f35f5892d5, Nodes: c79c5a76-aee4-4242-a106-dd0d04c341ff{ip: 192.168.151.122, host: pr-hdds-2121-ltkqc-3926781246, networkLocation: /default-rack, certSerialId: null}, Type:RATIS, Factor:ONE, State:OPEN]
2019-09-18 17:09:46,346 [grpc-default-executor-0] INFO  impl.RaftServerProxy (RaftServerProxy.java:addNew(89)) - 1abc736a-4830-4c4e-94c6-330cfb37cbd9: addNew group-148DFA6B88FF:[1abc736a-4830-4c4e-94c6-330cfb37cbd9:192.168.151.122:42374] returns group-148DFA6B88FF:java.util.concurrent.CompletableFuture@1a74965b[Not completed]
2019-09-18 17:09:46,350 [pool-57-thread-1] INFO  impl.RaftServerImpl (RaftServerImpl.java:<init>(95)) - 1abc736a-4830-4c4e-94c6-330cfb37cbd9: new RaftServerImpl for group-148DFA6B88FF:[1abc736a-4830-4c4e-94c6-330cfb37cbd9:192.168.151.122:42374] with ContainerStateMachine:uninitialized
2019-09-18 17:09:46,350 [pool-57-thread-1] INFO  server.RaftServerConfigKeys (ConfUtils.java:logGet(43)) - raft.server.rpc.timeout.min = 1s (custom)
2019-09-18 17:09:46,350 [pool-57-thread-1] INFO  server.RaftServerConfigKeys (ConfUtils.java:logGet(43)) - raft.server.rpc.timeout.max = 1200ms (custom)
2019-09-18 17:09:46,350 [pool-57-thread-1] INFO  server.RaftServerConfigKeys (ConfUtils.java:logGet(43)) - raft.server.rpcslowness.timeout = 120s (custom)
2019-09-18 17:09:46,350 [pool-57-thread-1] INFO  server.RaftServerConfigKeys (ConfUtils.java:logGet(43)) - raft.server.sleep.deviation.threshold = 300 (default)
2019-09-18 17:09:46,350 [pool-57-thread-1] INFO  server.RaftServerConfigKeys (ConfUtils.java:logGet(43)) - raft.server.log.appender.install.snapshot.enabled = false (custom)
2019-09-18 17:09:46,350 [pool-57-thread-1] INFO  impl.RaftServerImpl (ServerState.java:<init>(103)) - 1abc736a-4830-4c4e-94c6-330cfb37cbd9@group-148DFA6B88FF: ConfigurationManager, init=-1: [1abc736a-4830-4c4e-94c6-330cfb37cbd9:192.168.151.122:42374], old=null, confs=<EMPTY_MAP>
2019-09-18 17:09:46,351 [pool-57-thread-1] INFO  server.RaftServerConfigKeys (ConfUtils.java:logGet(43)) - raft.server.storage.dir = [/workdir/hadoop-ozone/integration-test/target/test-dir/MiniOzoneClusterImpl-a0535264-3a9d-47dc-a6b5-6352fdff8bcc/datanode-3/data/ratis] (custom)
2019-09-18 17:09:46,351 [pool-57-thread-1] INFO  storage.RaftStorageDirectory (RaftStorageDirectory.java:analyzeStorage(246)) - The storage directory /workdir/hadoop-ozone/integration-test/target/test-dir/MiniOzoneClusterImpl-a0535264-3a9d-47dc-a6b5-6352fdff8bcc/datanode-3/data/ratis/5009acff-fc32-42c4-b885-148dfa6b88ff does not exist. Creating ...
2019-09-18 17:09:46,363 [pool-57-thread-1] INFO  storage.RaftStorageDirectory (RaftStorageDirectory.java:tryLock(328)) - Lock on /workdir/hadoop-ozone/integration-test/target/test-dir/MiniOzoneClusterImpl-a0535264-3a9d-47dc-a6b5-6352fdff8bcc/datanode-3/data/ratis/5009acff-fc32-42c4-b885-148dfa6b88ff/in_use.lock acquired by nodename 5895@pr-hdds-2121-ltkqc-3926781246
2019-09-18 17:09:46,367 [pool-57-thread-1] INFO  storage.RaftStorage (RaftStorage.java:format(72)) - Storage directory /workdir/hadoop-ozone/integration-test/target/test-dir/MiniOzoneClusterImpl-a0535264-3a9d-47dc-a6b5-6352fdff8bcc/datanode-3/data/ratis/5009acff-fc32-42c4-b885-148dfa6b88ff has been successfully formatted.
2019-09-18 17:09:46,367 [pool-57-thread-1] INFO  ratis.ContainerStateMachine (ContainerStateMachine.java:loadSnapshot(230)) - group-148DFA6B88FF: The snapshot info is null. Setting the last applied indexto:(t:0, i:~)
2019-09-18 17:09:46,367 [pool-57-thread-1] INFO  server.RaftServerConfigKeys (ConfUtils.java:logGet(43)) - raft.server.notification.no-leader.timeout = 120s (custom)
2019-09-18 17:09:46,367 [pool-57-thread-1] INFO  server.RaftServerConfigKeys (ConfUtils.java:logGet(43)) - raft.server.log.use.memory = false (default)
2019-09-18 17:09:46,367 [pool-57-thread-1] INFO  server.RaftServerConfigKeys (ConfUtils.java:logGet(43)) - raft.server.log.purge.gap = 1000000 (custom)
2019-09-18 17:09:46,368 [pool-57-thread-1] INFO  server.RaftServerConfigKeys (ConfUtils.java:logGet(43)) - raft.server.log.appender.buffer.byte-limit = 33554432 (custom)
2019-09-18 17:09:46,368 [pool-57-thread-1] INFO  server.RaftServerConfigKeys (ConfUtils.java:logGet(43)) - raft.server.log.segment.size.max = 1048576 (custom)
2019-09-18 17:09:46,368 [pool-57-thread-1] INFO  server.RaftServerConfigKeys (ConfUtils.java:logGet(43)) - raft.server.log.segment.cache.num.max = 2 (custom)
2019-09-18 17:09:46,368 [pool-57-thread-1] INFO  segmented.SegmentedRaftLogWorker (SegmentedRaftLogWorker.java:<init>(172)) - new 1abc736a-4830-4c4e-94c6-330cfb37cbd9@group-148DFA6B88FF-SegmentedRaftLogWorker for RaftStorage:Storage Directory /workdir/hadoop-ozone/integration-test/target/test-dir/MiniOzoneClusterImpl-a0535264-3a9d-47dc-a6b5-6352fdff8bcc/datanode-3/data/ratis/5009acff-fc32-42c4-b885-148dfa6b88ff
2019-09-18 17:09:46,370 [pool-57-thread-1] INFO  server.RaftServerConfigKeys (ConfUtils.java:logGet(43)) - raft.server.log.queue.byte-limit = 2147483647 (custom)
2019-09-18 17:09:46,370 [pool-57-thread-1] INFO  server.RaftServerConfigKeys (ConfUtils.java:logGet(43)) - raft.server.log.queue.element-limit = 1024 (custom)
2019-09-18 17:09:46,370 [pool-57-thread-1] INFO  server.RaftServerConfigKeys (ConfUtils.java:logGet(43)) - raft.server.log.segment.size.max = 1048576 (custom)
2019-09-18 17:09:46,370 [pool-57-thread-1] INFO  server.RaftServerConfigKeys (ConfUtils.java:logGet(43)) - raft.server.log.preallocated.size = 16384 (custom)
2019-09-18 17:09:46,370 [pool-57-thread-1] INFO  server.RaftServerConfigKeys (ConfUtils.java:logGet(43)) - raft.server.log.write.buffer.size = 33554432 (custom)
2019-09-18 17:09:46,370 [pool-57-thread-1] INFO  server.RaftServerConfigKeys (ConfUtils.java:logGet(43)) - raft.server.log.force.sync.num = 128 (default)
2019-09-18 17:09:46,370 [pool-57-thread-1] INFO  server.RaftServerConfigKeys (ConfUtils.java:logGet(43)) - raft.server.log.statemachine.data.sync = true (default)
2019-09-18 17:09:46,370 [pool-57-thread-1] INFO  server.RaftServerConfigKeys (ConfUtils.java:logGet(43)) - raft.server.log.statemachine.data.sync.timeout = 10s (default)
2019-09-18 17:09:46,371 [pool-57-thread-1] INFO  server.RaftServerConfigKeys (ConfUtils.java:logGet(43)) - raft.server.log.statemachine.data.sync.timeout.retry = -1 (default)
2019-09-18 17:09:46,371 [pool-57-thread-1] INFO  server.RaftServerConfigKeys (ConfUtils.java:logGet(43)) - raft.server.log.statemachine.data.caching.enabled = true (custom)
2019-09-18 17:09:46,371 [pool-57-thread-1] INFO  segmented.SegmentedRaftLogWorker (SegmentedRaftLogWorker.java:lambda$new$0(132)) - 1abc736a-4830-4c4e-94c6-330cfb37cbd9@group-148DFA6B88FF-SegmentedRaftLogWorker: flushIndex: setUnconditionally 0 -> -1
2019-09-18 17:09:46,371 [pool-57-thread-1] INFO  server.RaftServerConfigKeys (ConfUtils.java:logGet(43)) - raft.server.snapshot.auto.trigger.enabled = true (custom)
2019-09-18 17:09:46,371 [pool-57-thread-1] INFO  server.RaftServerConfigKeys (ConfUtils.java:logGet(43)) - raft.server.snapshot.auto.trigger.threshold = 10000 (custom)
2019-09-18 17:09:46,371 [pool-57-thread-1] INFO  server.RaftServerConfigKeys (ConfUtils.java:logGet(43)) - raft.server.snapshot.retention.num.files = 5 (custom)
2019-09-18 17:09:46,372 [pool-57-thread-1] INFO  server.RaftServerConfigKeys (ConfUtils.java:logGet(43)) - raft.server.retrycache.expirytime = 600000ms (custom)
2019-09-18 17:09:46,373 [pool-57-thread-1] INFO  impl.RaftServerImpl (RaftServerImpl.java:start(185)) - 1abc736a-4830-4c4e-94c6-330cfb37cbd9@group-148DFA6B88FF: start as a follower, conf=-1: [1abc736a-4830-4c4e-94c6-330cfb37cbd9:192.168.151.122:42374], old=null
2019-09-18 17:09:46,373 [pool-57-thread-1] INFO  impl.RaftServerImpl (RaftServerImpl.java:setRole(174)) - 1abc736a-4830-4c4e-94c6-330cfb37cbd9@group-148DFA6B88FF: changes role from      null to FOLLOWER at term 0 for startAsFollower
2019-09-18 17:09:46,373 [pool-57-thread-1] INFO  impl.RoleInfo (RoleInfo.java:updateAndGet(143)) - 1abc736a-4830-4c4e-94c6-330cfb37cbd9: start FollowerState
2019-09-18 17:09:46,374 [pool-57-thread-1] INFO  util.JmxRegister (JmxRegister.java:tryRegister(44)) - Successfully registered JMX Bean with object name Ratis:service=RaftServer,group=group-148DFA6B88FF,id=1abc736a-4830-4c4e-94c6-330cfb37cbd9
2019-09-18 17:09:46,385 [RatisPipelineUtilsThread] INFO  pipeline.PipelineStateManager (PipelineStateManager.java:addPipeline(56)) - Created pipeline Pipeline[ Id: 5009acff-fc32-42c4-b885-148dfa6b88ff, Nodes: 1abc736a-4830-4c4e-94c6-330cfb37cbd9{ip: 192.168.151.122, host: pr-hdds-2121-ltkqc-3926781246, networkLocation: /default-rack, certSerialId: null}, Type:RATIS, Factor:ONE, State:OPEN]
2019-09-18 17:09:46,398 [grpc-default-executor-0] INFO  impl.RaftServerProxy (RaftServerProxy.java:addNew(89)) - 9060795c-f318-48a7-8c5f-b9c772b9291e: addNew group-EC0DB46F5AE1:[9060795c-f318-48a7-8c5f-b9c772b9291e:192.168.151.122:37562] returns group-EC0DB46F5AE1:java.util.concurrent.CompletableFuture@5aa69521[Not completed]
2019-09-18 17:09:46,402 [pool-97-thread-1] INFO  impl.RaftServerImpl (RaftServerImpl.java:<init>(95)) - 9060795c-f318-48a7-8c5f-b9c772b9291e: new RaftServerImpl for group-EC0DB46F5AE1:[9060795c-f318-48a7-8c5f-b9c772b9291e:192.168.151.122:37562] with ContainerStateMachine:uninitialized
2019-09-18 17:09:46,402 [pool-97-thread-1] INFO  server.RaftServerConfigKeys (ConfUtils.java:logGet(43)) - raft.server.rpc.timeout.min = 1s (custom)
2019-09-18 17:09:46,402 [pool-97-thread-1] INFO  server.RaftServerConfigKeys (ConfUtils.java:logGet(43)) - raft.server.rpc.timeout.max = 1200ms (custom)
2019-09-18 17:09:46,402 [pool-97-thread-1] INFO  server.RaftServerConfigKeys (ConfUtils.java:logGet(43)) - raft.server.rpcslowness.timeout = 120s (custom)
2019-09-18 17:09:46,402 [pool-97-thread-1] INFO  server.RaftServerConfigKeys (ConfUtils.java:logGet(43)) - raft.server.sleep.deviation.threshold = 300 (default)
2019-09-18 17:09:46,402 [pool-97-thread-1] INFO  server.RaftServerConfigKeys (ConfUtils.java:logGet(43)) - raft.server.log.appender.install.snapshot.enabled = false (custom)
2019-09-18 17:09:46,403 [pool-97-thread-1] INFO  impl.RaftServerImpl (ServerState.java:<init>(103)) - 9060795c-f318-48a7-8c5f-b9c772b9291e@group-EC0DB46F5AE1: ConfigurationManager, init=-1: [9060795c-f318-48a7-8c5f-b9c772b9291e:192.168.151.122:37562], old=null, confs=<EMPTY_MAP>
2019-09-18 17:09:46,403 [pool-97-thread-1] INFO  server.RaftServerConfigKeys (ConfUtils.java:logGet(43)) - raft.server.storage.dir = [/workdir/hadoop-ozone/integration-test/target/test-dir/MiniOzoneClusterImpl-a0535264-3a9d-47dc-a6b5-6352fdff8bcc/datanode-7/data/ratis] (custom)
2019-09-18 17:09:46,403 [pool-97-thread-1] INFO  storage.RaftStorageDirectory (RaftStorageDirectory.java:analyzeStorage(246)) - The storage directory /workdir/hadoop-ozone/integration-test/target/test-dir/MiniOzoneClusterImpl-a0535264-3a9d-47dc-a6b5-6352fdff8bcc/datanode-7/data/ratis/9d219bec-4a5e-4c05-a4c2-ec0db46f5ae1 does not exist. Creating ...
2019-09-18 17:09:46,415 [pool-97-thread-1] INFO  storage.RaftStorageDirectory (RaftStorageDirectory.java:tryLock(328)) - Lock on /workdir/hadoop-ozone/integration-test/target/test-dir/MiniOzoneClusterImpl-a0535264-3a9d-47dc-a6b5-6352fdff8bcc/datanode-7/data/ratis/9d219bec-4a5e-4c05-a4c2-ec0db46f5ae1/in_use.lock acquired by nodename 5895@pr-hdds-2121-ltkqc-3926781246
2019-09-18 17:09:46,433 [pool-97-thread-1] INFO  storage.RaftStorage (RaftStorage.java:format(72)) - Storage directory /workdir/hadoop-ozone/integration-test/target/test-dir/MiniOzoneClusterImpl-a0535264-3a9d-47dc-a6b5-6352fdff8bcc/datanode-7/data/ratis/9d219bec-4a5e-4c05-a4c2-ec0db46f5ae1 has been successfully formatted.
2019-09-18 17:09:46,433 [pool-97-thread-1] INFO  ratis.ContainerStateMachine (ContainerStateMachine.java:loadSnapshot(230)) - group-EC0DB46F5AE1: The snapshot info is null. Setting the last applied indexto:(t:0, i:~)
2019-09-18 17:09:46,433 [pool-97-thread-1] INFO  server.RaftServerConfigKeys (ConfUtils.java:logGet(43)) - raft.server.notification.no-leader.timeout = 120s (custom)
2019-09-18 17:09:46,433 [pool-97-thread-1] INFO  server.RaftServerConfigKeys (ConfUtils.java:logGet(43)) - raft.server.log.use.memory = false (default)
2019-09-18 17:09:46,434 [pool-97-thread-1] INFO  server.RaftServerConfigKeys (ConfUtils.java:logGet(43)) - raft.server.log.purge.gap = 1000000 (custom)
2019-09-18 17:09:46,434 [pool-97-thread-1] INFO  server.RaftServerConfigKeys (ConfUtils.java:logGet(43)) - raft.server.log.appender.buffer.byte-limit = 33554432 (custom)
2019-09-18 17:09:46,437 [pool-97-thread-1] INFO  server.RaftServerConfigKeys (ConfUtils.java:logGet(43)) - raft.server.log.segment.size.max = 1048576 (custom)
2019-09-18 17:09:46,437 [pool-97-thread-1] INFO  server.RaftServerConfigKeys (ConfUtils.java:logGet(43)) - raft.server.log.segment.cache.num.max = 2 (custom)
2019-09-18 17:09:46,437 [pool-97-thread-1] INFO  segmented.SegmentedRaftLogWorker (SegmentedRaftLogWorker.java:<init>(172)) - new 9060795c-f318-48a7-8c5f-b9c772b9291e@group-EC0DB46F5AE1-SegmentedRaftLogWorker for RaftStorage:Storage Directory /workdir/hadoop-ozone/integration-test/target/test-dir/MiniOzoneClusterImpl-a0535264-3a9d-47dc-a6b5-6352fdff8bcc/datanode-7/data/ratis/9d219bec-4a5e-4c05-a4c2-ec0db46f5ae1
2019-09-18 17:09:46,439 [pool-97-thread-1] INFO  server.RaftServerConfigKeys (ConfUtils.java:logGet(43)) - raft.server.log.queue.byte-limit = 2147483647 (custom)
2019-09-18 17:09:46,439 [pool-97-thread-1] INFO  server.RaftServerConfigKeys (ConfUtils.java:logGet(43)) - raft.server.log.queue.element-limit = 1024 (custom)
2019-09-18 17:09:46,439 [pool-97-thread-1] INFO  server.RaftServerConfigKeys (ConfUtils.java:logGet(43)) - raft.server.log.segment.size.max = 1048576 (custom)
2019-09-18 17:09:46,439 [pool-97-thread-1] INFO  server.RaftServerConfigKeys (ConfUtils.java:logGet(43)) - raft.server.log.preallocated.size = 16384 (custom)
2019-09-18 17:09:46,439 [pool-97-thread-1] INFO  server.RaftServerConfigKeys (ConfUtils.java:logGet(43)) - raft.server.log.write.buffer.size = 33554432 (custom)
2019-09-18 17:09:46,440 [pool-97-thread-1] INFO  server.RaftServerConfigKeys (ConfUtils.java:logGet(43)) - raft.server.log.force.sync.num = 128 (default)
2019-09-18 17:09:46,440 [pool-97-thread-1] INFO  server.RaftServerConfigKeys (ConfUtils.java:logGet(43)) - raft.server.log.statemachine.data.sync = true (default)
2019-09-18 17:09:46,440 [pool-97-thread-1] INFO  server.RaftServerConfigKeys (ConfUtils.java:logGet(43)) - raft.server.log.statemachine.data.sync.timeout = 10s (default)
2019-09-18 17:09:46,440 [pool-97-thread-1] INFO  server.RaftServerConfigKeys (ConfUtils.java:logGet(43)) - raft.server.log.statemachine.data.sync.timeout.retry = -1 (default)
2019-09-18 17:09:46,440 [pool-97-thread-1] INFO  server.RaftServerConfigKeys (ConfUtils.java:logGet(43)) - raft.server.log.statemachine.data.caching.enabled = true (custom)
2019-09-18 17:09:46,440 [pool-97-thread-1] INFO  segmented.SegmentedRaftLogWorker (SegmentedRaftLogWorker.java:lambda$new$0(132)) - 9060795c-f318-48a7-8c5f-b9c772b9291e@group-EC0DB46F5AE1-SegmentedRaftLogWorker: flushIndex: setUnconditionally 0 -> -1
2019-09-18 17:09:46,441 [pool-97-thread-1] INFO  server.RaftServerConfigKeys (ConfUtils.java:logGet(43)) - raft.server.snapshot.auto.trigger.enabled = true (custom)
2019-09-18 17:09:46,441 [pool-97-thread-1] INFO  server.RaftServerConfigKeys (ConfUtils.java:logGet(43)) - raft.server.snapshot.auto.trigger.threshold = 10000 (custom)
2019-09-18 17:09:46,441 [pool-97-thread-1] INFO  server.RaftServerConfigKeys (ConfUtils.java:logGet(43)) - raft.server.snapshot.retention.num.files = 5 (custom)
2019-09-18 17:09:46,441 [pool-97-thread-1] INFO  server.RaftServerConfigKeys (ConfUtils.java:logGet(43)) - raft.server.retrycache.expirytime = 600000ms (custom)
2019-09-18 17:09:46,443 [pool-97-thread-1] INFO  impl.RaftServerImpl (RaftServerImpl.java:start(185)) - 9060795c-f318-48a7-8c5f-b9c772b9291e@group-EC0DB46F5AE1: start as a follower, conf=-1: [9060795c-f318-48a7-8c5f-b9c772b9291e:192.168.151.122:37562], old=null
2019-09-18 17:09:46,443 [pool-97-thread-1] INFO  impl.RaftServerImpl (RaftServerImpl.java:setRole(174)) - 9060795c-f318-48a7-8c5f-b9c772b9291e@group-EC0DB46F5AE1: changes role from      null to FOLLOWER at term 0 for startAsFollower
2019-09-18 17:09:46,443 [pool-97-thread-1] INFO  impl.RoleInfo (RoleInfo.java:updateAndGet(143)) - 9060795c-f318-48a7-8c5f-b9c772b9291e: start FollowerState
2019-09-18 17:09:46,443 [pool-97-thread-1] INFO  util.JmxRegister (JmxRegister.java:tryRegister(44)) - Successfully registered JMX Bean with object name Ratis:service=RaftServer,group=group-EC0DB46F5AE1,id=9060795c-f318-48a7-8c5f-b9c772b9291e
2019-09-18 17:09:46,458 [RatisPipelineUtilsThread] INFO  pipeline.PipelineStateManager (PipelineStateManager.java:addPipeline(56)) - Created pipeline Pipeline[ Id: 9d219bec-4a5e-4c05-a4c2-ec0db46f5ae1, Nodes: 9060795c-f318-48a7-8c5f-b9c772b9291e{ip: 192.168.151.122, host: pr-hdds-2121-ltkqc-3926781246, networkLocation: /default-rack, certSerialId: null}, Type:RATIS, Factor:ONE, State:OPEN]
2019-09-18 17:09:46,482 [grpc-default-executor-0] INFO  impl.RaftServerProxy (RaftServerProxy.java:addNew(89)) - 79a64b58-83b2-41e5-8e31-5442cbf358c7: addNew group-1D477B5D9525:[79a64b58-83b2-41e5-8e31-5442cbf358c7:192.168.151.122:34854] returns group-1D477B5D9525:java.util.concurrent.CompletableFuture@34dc8768[Not completed]
2019-09-18 17:09:46,491 [pool-47-thread-1] INFO  impl.RaftServerImpl (RaftServerImpl.java:<init>(95)) - 79a64b58-83b2-41e5-8e31-5442cbf358c7: new RaftServerImpl for group-1D477B5D9525:[79a64b58-83b2-41e5-8e31-5442cbf358c7:192.168.151.122:34854] with ContainerStateMachine:uninitialized
2019-09-18 17:09:46,491 [pool-47-thread-1] INFO  server.RaftServerConfigKeys (ConfUtils.java:logGet(43)) - raft.server.rpc.timeout.min = 1s (custom)
2019-09-18 17:09:46,491 [pool-47-thread-1] INFO  server.RaftServerConfigKeys (ConfUtils.java:logGet(43)) - raft.server.rpc.timeout.max = 1200ms (custom)
2019-09-18 17:09:46,492 [pool-47-thread-1] INFO  server.RaftServerConfigKeys (ConfUtils.java:logGet(43)) - raft.server.rpcslowness.timeout = 120s (custom)
2019-09-18 17:09:46,492 [pool-47-thread-1] INFO  server.RaftServerConfigKeys (ConfUtils.java:logGet(43)) - raft.server.sleep.deviation.threshold = 300 (default)
2019-09-18 17:09:46,492 [pool-47-thread-1] INFO  server.RaftServerConfigKeys (ConfUtils.java:logGet(43)) - raft.server.log.appender.install.snapshot.enabled = false (custom)
2019-09-18 17:09:46,492 [pool-47-thread-1] INFO  impl.RaftServerImpl (ServerState.java:<init>(103)) - 79a64b58-83b2-41e5-8e31-5442cbf358c7@group-1D477B5D9525: ConfigurationManager, init=-1: [79a64b58-83b2-41e5-8e31-5442cbf358c7:192.168.151.122:34854], old=null, confs=<EMPTY_MAP>
2019-09-18 17:09:46,492 [pool-47-thread-1] INFO  server.RaftServerConfigKeys (ConfUtils.java:logGet(43)) - raft.server.storage.dir = [/workdir/hadoop-ozone/integration-test/target/test-dir/MiniOzoneClusterImpl-a0535264-3a9d-47dc-a6b5-6352fdff8bcc/datanode-2/data/ratis] (custom)
2019-09-18 17:09:46,492 [pool-47-thread-1] INFO  storage.RaftStorageDirectory (RaftStorageDirectory.java:analyzeStorage(246)) - The storage directory /workdir/hadoop-ozone/integration-test/target/test-dir/MiniOzoneClusterImpl-a0535264-3a9d-47dc-a6b5-6352fdff8bcc/datanode-2/data/ratis/0ed9e1bc-5229-4866-b05d-1d477b5d9525 does not exist. Creating ...
2019-09-18 17:09:46,505 [pool-47-thread-1] INFO  storage.RaftStorageDirectory (RaftStorageDirectory.java:tryLock(328)) - Lock on /workdir/hadoop-ozone/integration-test/target/test-dir/MiniOzoneClusterImpl-a0535264-3a9d-47dc-a6b5-6352fdff8bcc/datanode-2/data/ratis/0ed9e1bc-5229-4866-b05d-1d477b5d9525/in_use.lock acquired by nodename 5895@pr-hdds-2121-ltkqc-3926781246
2019-09-18 17:09:46,513 [main] INFO  ozone.MiniOzoneClusterImpl (MiniOzoneClusterImpl.java:lambda$waitForClusterToBeReady$0(145)) - Cluster is ready. Got 10 of 10 DN Heartbeats.
2019-09-18 17:09:46,517 [pool-47-thread-1] INFO  storage.RaftStorage (RaftStorage.java:format(72)) - Storage directory /workdir/hadoop-ozone/integration-test/target/test-dir/MiniOzoneClusterImpl-a0535264-3a9d-47dc-a6b5-6352fdff8bcc/datanode-2/data/ratis/0ed9e1bc-5229-4866-b05d-1d477b5d9525 has been successfully formatted.
2019-09-18 17:09:46,518 [pool-47-thread-1] INFO  ratis.ContainerStateMachine (ContainerStateMachine.java:loadSnapshot(230)) - group-1D477B5D9525: The snapshot info is null. Setting the last applied indexto:(t:0, i:~)
2019-09-18 17:09:46,518 [pool-47-thread-1] INFO  server.RaftServerConfigKeys (ConfUtils.java:logGet(43)) - raft.server.notification.no-leader.timeout = 120s (custom)
2019-09-18 17:09:46,518 [pool-47-thread-1] INFO  server.RaftServerConfigKeys (ConfUtils.java:logGet(43)) - raft.server.log.use.memory = false (default)
2019-09-18 17:09:46,518 [pool-47-thread-1] INFO  server.RaftServerConfigKeys (ConfUtils.java:logGet(43)) - raft.server.log.purge.gap = 1000000 (custom)
2019-09-18 17:09:46,518 [pool-47-thread-1] INFO  server.RaftServerConfigKeys (ConfUtils.java:logGet(43)) - raft.server.log.appender.buffer.byte-limit = 33554432 (custom)
2019-09-18 17:09:46,588 [pool-47-thread-1] INFO  server.RaftServerConfigKeys (ConfUtils.java:logGet(43)) - raft.server.log.segment.size.max = 1048576 (custom)
2019-09-18 17:09:46,588 [pool-47-thread-1] INFO  server.RaftServerConfigKeys (ConfUtils.java:logGet(43)) - raft.server.log.segment.cache.num.max = 2 (custom)
2019-09-18 17:09:46,588 [pool-47-thread-1] INFO  segmented.SegmentedRaftLogWorker (SegmentedRaftLogWorker.java:<init>(172)) - new 79a64b58-83b2-41e5-8e31-5442cbf358c7@group-1D477B5D9525-SegmentedRaftLogWorker for RaftStorage:Storage Directory /workdir/hadoop-ozone/integration-test/target/test-dir/MiniOzoneClusterImpl-a0535264-3a9d-47dc-a6b5-6352fdff8bcc/datanode-2/data/ratis/0ed9e1bc-5229-4866-b05d-1d477b5d9525
2019-09-18 17:09:46,591 [pool-47-thread-1] INFO  server.RaftServerConfigKeys (ConfUtils.java:logGet(43)) - raft.server.log.queue.byte-limit = 2147483647 (custom)
2019-09-18 17:09:46,594 [pool-47-thread-1] INFO  server.RaftServerConfigKeys (ConfUtils.java:logGet(43)) - raft.server.log.queue.element-limit = 1024 (custom)
2019-09-18 17:09:46,601 [pool-47-thread-1] INFO  server.RaftServerConfigKeys (ConfUtils.java:logGet(43)) - raft.server.log.segment.size.max = 1048576 (custom)
2019-09-18 17:09:46,605 [pool-47-thread-1] INFO  server.RaftServerConfigKeys (ConfUtils.java:logGet(43)) - raft.server.log.preallocated.size = 16384 (custom)
2019-09-18 17:09:46,606 [pool-47-thread-1] INFO  server.RaftServerConfigKeys (ConfUtils.java:logGet(43)) - raft.server.log.write.buffer.size = 33554432 (custom)
2019-09-18 17:09:46,606 [pool-47-thread-1] INFO  server.RaftServerConfigKeys (ConfUtils.java:logGet(43)) - raft.server.log.force.sync.num = 128 (default)
2019-09-18 17:09:46,606 [pool-47-thread-1] INFO  server.RaftServerConfigKeys (ConfUtils.java:logGet(43)) - raft.server.log.statemachine.data.sync = true (default)
2019-09-18 17:09:46,606 [pool-47-thread-1] INFO  server.RaftServerConfigKeys (ConfUtils.java:logGet(43)) - raft.server.log.statemachine.data.sync.timeout = 10s (default)
2019-09-18 17:09:46,606 [pool-47-thread-1] INFO  server.RaftServerConfigKeys (ConfUtils.java:logGet(43)) - raft.server.log.statemachine.data.sync.timeout.retry = -1 (default)
2019-09-18 17:09:46,606 [pool-47-thread-1] INFO  server.RaftServerConfigKeys (ConfUtils.java:logGet(43)) - raft.server.log.statemachine.data.caching.enabled = true (custom)
2019-09-18 17:09:46,607 [pool-47-thread-1] INFO  segmented.SegmentedRaftLogWorker (SegmentedRaftLogWorker.java:lambda$new$0(132)) - 79a64b58-83b2-41e5-8e31-5442cbf358c7@group-1D477B5D9525-SegmentedRaftLogWorker: flushIndex: setUnconditionally 0 -> -1
2019-09-18 17:09:46,607 [pool-47-thread-1] INFO  server.RaftServerConfigKeys (ConfUtils.java:logGet(43)) - raft.server.snapshot.auto.trigger.enabled = true (custom)
2019-09-18 17:09:46,607 [pool-47-thread-1] INFO  server.RaftServerConfigKeys (ConfUtils.java:logGet(43)) - raft.server.snapshot.auto.trigger.threshold = 10000 (custom)
2019-09-18 17:09:46,607 [pool-47-thread-1] INFO  server.RaftServerConfigKeys (ConfUtils.java:logGet(43)) - raft.server.snapshot.retention.num.files = 5 (custom)
2019-09-18 17:09:46,608 [pool-47-thread-1] INFO  server.RaftServerConfigKeys (ConfUtils.java:logGet(43)) - raft.server.retrycache.expirytime = 600000ms (custom)
2019-09-18 17:09:46,610 [pool-47-thread-1] INFO  impl.RaftServerImpl (RaftServerImpl.java:start(185)) - 79a64b58-83b2-41e5-8e31-5442cbf358c7@group-1D477B5D9525: start as a follower, conf=-1: [79a64b58-83b2-41e5-8e31-5442cbf358c7:192.168.151.122:34854], old=null
2019-09-18 17:09:46,610 [pool-47-thread-1] INFO  impl.RaftServerImpl (RaftServerImpl.java:setRole(174)) - 79a64b58-83b2-41e5-8e31-5442cbf358c7@group-1D477B5D9525: changes role from      null to FOLLOWER at term 0 for startAsFollower
2019-09-18 17:09:46,611 [pool-47-thread-1] INFO  impl.RoleInfo (RoleInfo.java:updateAndGet(143)) - 79a64b58-83b2-41e5-8e31-5442cbf358c7: start FollowerState
2019-09-18 17:09:46,614 [pool-47-thread-1] INFO  util.JmxRegister (JmxRegister.java:tryRegister(44)) - Successfully registered JMX Bean with object name Ratis:service=RaftServer,group=group-1D477B5D9525,id=79a64b58-83b2-41e5-8e31-5442cbf358c7
2019-09-18 17:09:46,659 [RatisPipelineUtilsThread] INFO  pipeline.PipelineStateManager (PipelineStateManager.java:addPipeline(56)) - Created pipeline Pipeline[ Id: 0ed9e1bc-5229-4866-b05d-1d477b5d9525, Nodes: 79a64b58-83b2-41e5-8e31-5442cbf358c7{ip: 192.168.151.122, host: pr-hdds-2121-ltkqc-3926781246, networkLocation: /default-rack, certSerialId: null}, Type:RATIS, Factor:ONE, State:OPEN]
2019-09-18 17:09:46,684 [grpc-default-executor-2] INFO  impl.RaftServerProxy (RaftServerProxy.java:addNew(89)) - b4ae2fc6-33d9-4c1f-ba2b-766eed3c72c1: addNew group-A40D0514C021:[b4ae2fc6-33d9-4c1f-ba2b-766eed3c72c1:192.168.151.122:37678, 4807b144-2c85-4659-8a46-71684e6faffd:192.168.151.122:37839, 96f0c9f3-2286-484a-8caa-cc6cff81bf3d:192.168.151.122:42800] returns group-A40D0514C021:java.util.concurrent.CompletableFuture@3fd39dca[Not completed]
2019-09-18 17:09:46,684 [grpc-default-executor-1] INFO  impl.RaftServerProxy (RaftServerProxy.java:addNew(89)) - 96f0c9f3-2286-484a-8caa-cc6cff81bf3d: addNew group-A40D0514C021:[b4ae2fc6-33d9-4c1f-ba2b-766eed3c72c1:192.168.151.122:37678, 4807b144-2c85-4659-8a46-71684e6faffd:192.168.151.122:37839, 96f0c9f3-2286-484a-8caa-cc6cff81bf3d:192.168.151.122:42800] returns group-A40D0514C021:java.util.concurrent.CompletableFuture@61cedac9[Not completed]
2019-09-18 17:09:46,684 [grpc-default-executor-0] INFO  impl.RaftServerProxy (RaftServerProxy.java:addNew(89)) - 4807b144-2c85-4659-8a46-71684e6faffd: addNew group-A40D0514C021:[b4ae2fc6-33d9-4c1f-ba2b-766eed3c72c1:192.168.151.122:37678, 4807b144-2c85-4659-8a46-71684e6faffd:192.168.151.122:37839, 96f0c9f3-2286-484a-8caa-cc6cff81bf3d:192.168.151.122:42800] returns group-A40D0514C021:java.util.concurrent.CompletableFuture@232fc878[Not completed]
2019-09-18 17:09:46,685 [pool-107-thread-1] INFO  impl.RaftServerImpl (RaftServerImpl.java:<init>(95)) - b4ae2fc6-33d9-4c1f-ba2b-766eed3c72c1: new RaftServerImpl for group-A40D0514C021:[b4ae2fc6-33d9-4c1f-ba2b-766eed3c72c1:192.168.151.122:37678, 4807b144-2c85-4659-8a46-71684e6faffd:192.168.151.122:37839, 96f0c9f3-2286-484a-8caa-cc6cff81bf3d:192.168.151.122:42800] with ContainerStateMachine:uninitialized
2019-09-18 17:09:46,685 [pool-107-thread-1] INFO  server.RaftServerConfigKeys (ConfUtils.java:logGet(43)) - raft.server.rpc.timeout.min = 1s (custom)
2019-09-18 17:09:46,686 [pool-107-thread-1] INFO  server.RaftServerConfigKeys (ConfUtils.java:logGet(43)) - raft.server.rpc.timeout.max = 1200ms (custom)
2019-09-18 17:09:46,686 [pool-107-thread-1] INFO  server.RaftServerConfigKeys (ConfUtils.java:logGet(43)) - raft.server.rpcslowness.timeout = 120s (custom)
2019-09-18 17:09:46,686 [pool-107-thread-1] INFO  server.RaftServerConfigKeys (ConfUtils.java:logGet(43)) - raft.server.sleep.deviation.threshold = 300 (default)
2019-09-18 17:09:46,686 [pool-107-thread-1] INFO  server.RaftServerConfigKeys (ConfUtils.java:logGet(43)) - raft.server.log.appender.install.snapshot.enabled = false (custom)
2019-09-18 17:09:46,686 [pool-107-thread-1] INFO  impl.RaftServerImpl (ServerState.java:<init>(103)) - b4ae2fc6-33d9-4c1f-ba2b-766eed3c72c1@group-A40D0514C021: ConfigurationManager, init=-1: [b4ae2fc6-33d9-4c1f-ba2b-766eed3c72c1:192.168.151.122:37678, 4807b144-2c85-4659-8a46-71684e6faffd:192.168.151.122:37839, 96f0c9f3-2286-484a-8caa-cc6cff81bf3d:192.168.151.122:42800], old=null, confs=<EMPTY_MAP>
2019-09-18 17:09:46,688 [pool-67-thread-1] INFO  impl.RaftServerImpl (RaftServerImpl.java:<init>(95)) - 4807b144-2c85-4659-8a46-71684e6faffd: new RaftServerImpl for group-A40D0514C021:[b4ae2fc6-33d9-4c1f-ba2b-766eed3c72c1:192.168.151.122:37678, 4807b144-2c85-4659-8a46-71684e6faffd:192.168.151.122:37839, 96f0c9f3-2286-484a-8caa-cc6cff81bf3d:192.168.151.122:42800] with ContainerStateMachine:uninitialized
2019-09-18 17:09:46,688 [pool-107-thread-1] INFO  server.RaftServerConfigKeys (ConfUtils.java:logGet(43)) - raft.server.storage.dir = [/workdir/hadoop-ozone/integration-test/target/test-dir/MiniOzoneClusterImpl-a0535264-3a9d-47dc-a6b5-6352fdff8bcc/datanode-8/data/ratis] (custom)
2019-09-18 17:09:46,688 [pool-67-thread-1] INFO  server.RaftServerConfigKeys (ConfUtils.java:logGet(43)) - raft.server.rpc.timeout.min = 1s (custom)
2019-09-18 17:09:46,688 [pool-67-thread-1] INFO  server.RaftServerConfigKeys (ConfUtils.java:logGet(43)) - raft.server.rpc.timeout.max = 1200ms (custom)
2019-09-18 17:09:46,688 [pool-107-thread-1] INFO  storage.RaftStorageDirectory (RaftStorageDirectory.java:analyzeStorage(246)) - The storage directory /workdir/hadoop-ozone/integration-test/target/test-dir/MiniOzoneClusterImpl-a0535264-3a9d-47dc-a6b5-6352fdff8bcc/datanode-8/data/ratis/083b1187-6039-494e-a78c-a40d0514c021 does not exist. Creating ...
2019-09-18 17:09:46,688 [pool-27-thread-1] INFO  impl.RaftServerImpl (RaftServerImpl.java:<init>(95)) - 96f0c9f3-2286-484a-8caa-cc6cff81bf3d: new RaftServerImpl for group-A40D0514C021:[b4ae2fc6-33d9-4c1f-ba2b-766eed3c72c1:192.168.151.122:37678, 4807b144-2c85-4659-8a46-71684e6faffd:192.168.151.122:37839, 96f0c9f3-2286-484a-8caa-cc6cff81bf3d:192.168.151.122:42800] with ContainerStateMachine:uninitialized
2019-09-18 17:09:46,688 [pool-67-thread-1] INFO  server.RaftServerConfigKeys (ConfUtils.java:logGet(43)) - raft.server.rpcslowness.timeout = 120s (custom)
2019-09-18 17:09:46,688 [pool-27-thread-1] INFO  server.RaftServerConfigKeys (ConfUtils.java:logGet(43)) - raft.server.rpc.timeout.min = 1s (custom)
2019-09-18 17:09:46,689 [pool-67-thread-1] INFO  server.RaftServerConfigKeys (ConfUtils.java:logGet(43)) - raft.server.sleep.deviation.threshold = 300 (default)
2019-09-18 17:09:46,689 [pool-27-thread-1] INFO  server.RaftServerConfigKeys (ConfUtils.java:logGet(43)) - raft.server.rpc.timeout.max = 1200ms (custom)
2019-09-18 17:09:46,689 [pool-67-thread-1] INFO  server.RaftServerConfigKeys (ConfUtils.java:logGet(43)) - raft.server.log.appender.install.snapshot.enabled = false (custom)
2019-09-18 17:09:46,689 [pool-27-thread-1] INFO  server.RaftServerConfigKeys (ConfUtils.java:logGet(43)) - raft.server.rpcslowness.timeout = 120s (custom)
2019-09-18 17:09:46,689 [pool-67-thread-1] INFO  impl.RaftServerImpl (ServerState.java:<init>(103)) - 4807b144-2c85-4659-8a46-71684e6faffd@group-A40D0514C021: ConfigurationManager, init=-1: [b4ae2fc6-33d9-4c1f-ba2b-766eed3c72c1:192.168.151.122:37678, 4807b144-2c85-4659-8a46-71684e6faffd:192.168.151.122:37839, 96f0c9f3-2286-484a-8caa-cc6cff81bf3d:192.168.151.122:42800], old=null, confs=<EMPTY_MAP>
2019-09-18 17:09:46,689 [pool-27-thread-1] INFO  server.RaftServerConfigKeys (ConfUtils.java:logGet(43)) - raft.server.sleep.deviation.threshold = 300 (default)
2019-09-18 17:09:46,689 [pool-27-thread-1] INFO  server.RaftServerConfigKeys (ConfUtils.java:logGet(43)) - raft.server.log.appender.install.snapshot.enabled = false (custom)
2019-09-18 17:09:46,689 [pool-67-thread-1] INFO  server.RaftServerConfigKeys (ConfUtils.java:logGet(43)) - raft.server.storage.dir = [/workdir/hadoop-ozone/integration-test/target/test-dir/MiniOzoneClusterImpl-a0535264-3a9d-47dc-a6b5-6352fdff8bcc/datanode-4/data/ratis] (custom)
2019-09-18 17:09:46,690 [pool-27-thread-1] INFO  impl.RaftServerImpl (ServerState.java:<init>(103)) - 96f0c9f3-2286-484a-8caa-cc6cff81bf3d@group-A40D0514C021: ConfigurationManager, init=-1: [b4ae2fc6-33d9-4c1f-ba2b-766eed3c72c1:192.168.151.122:37678, 4807b144-2c85-4659-8a46-71684e6faffd:192.168.151.122:37839, 96f0c9f3-2286-484a-8caa-cc6cff81bf3d:192.168.151.122:42800], old=null, confs=<EMPTY_MAP>
2019-09-18 17:09:46,690 [pool-27-thread-1] INFO  server.RaftServerConfigKeys (ConfUtils.java:logGet(43)) - raft.server.storage.dir = [/workdir/hadoop-ozone/integration-test/target/test-dir/MiniOzoneClusterImpl-a0535264-3a9d-47dc-a6b5-6352fdff8bcc/datanode-0/data/ratis] (custom)
2019-09-18 17:09:46,690 [pool-67-thread-1] INFO  storage.RaftStorageDirectory (RaftStorageDirectory.java:analyzeStorage(246)) - The storage directory /workdir/hadoop-ozone/integration-test/target/test-dir/MiniOzoneClusterImpl-a0535264-3a9d-47dc-a6b5-6352fdff8bcc/datanode-4/data/ratis/083b1187-6039-494e-a78c-a40d0514c021 does not exist. Creating ...
2019-09-18 17:09:46,690 [pool-27-thread-1] INFO  storage.RaftStorageDirectory (RaftStorageDirectory.java:analyzeStorage(246)) - The storage directory /workdir/hadoop-ozone/integration-test/target/test-dir/MiniOzoneClusterImpl-a0535264-3a9d-47dc-a6b5-6352fdff8bcc/datanode-0/data/ratis/083b1187-6039-494e-a78c-a40d0514c021 does not exist. Creating ...
2019-09-18 17:09:46,703 [pool-27-thread-1] INFO  storage.RaftStorageDirectory (RaftStorageDirectory.java:tryLock(328)) - Lock on /workdir/hadoop-ozone/integration-test/target/test-dir/MiniOzoneClusterImpl-a0535264-3a9d-47dc-a6b5-6352fdff8bcc/datanode-0/data/ratis/083b1187-6039-494e-a78c-a40d0514c021/in_use.lock acquired by nodename 5895@pr-hdds-2121-ltkqc-3926781246
2019-09-18 17:09:46,703 [pool-67-thread-1] INFO  storage.RaftStorageDirectory (RaftStorageDirectory.java:tryLock(328)) - Lock on /workdir/hadoop-ozone/integration-test/target/test-dir/MiniOzoneClusterImpl-a0535264-3a9d-47dc-a6b5-6352fdff8bcc/datanode-4/data/ratis/083b1187-6039-494e-a78c-a40d0514c021/in_use.lock acquired by nodename 5895@pr-hdds-2121-ltkqc-3926781246
2019-09-18 17:09:46,703 [pool-107-thread-1] INFO  storage.RaftStorageDirectory (RaftStorageDirectory.java:tryLock(328)) - Lock on /workdir/hadoop-ozone/integration-test/target/test-dir/MiniOzoneClusterImpl-a0535264-3a9d-47dc-a6b5-6352fdff8bcc/datanode-8/data/ratis/083b1187-6039-494e-a78c-a40d0514c021/in_use.lock acquired by nodename 5895@pr-hdds-2121-ltkqc-3926781246
2019-09-18 17:09:46,717 [pool-107-thread-1] INFO  storage.RaftStorage (RaftStorage.java:format(72)) - Storage directory /workdir/hadoop-ozone/integration-test/target/test-dir/MiniOzoneClusterImpl-a0535264-3a9d-47dc-a6b5-6352fdff8bcc/datanode-8/data/ratis/083b1187-6039-494e-a78c-a40d0514c021 has been successfully formatted.
2019-09-18 17:09:46,717 [pool-27-thread-1] INFO  storage.RaftStorage (RaftStorage.java:format(72)) - Storage directory /workdir/hadoop-ozone/integration-test/target/test-dir/MiniOzoneClusterImpl-a0535264-3a9d-47dc-a6b5-6352fdff8bcc/datanode-0/data/ratis/083b1187-6039-494e-a78c-a40d0514c021 has been successfully formatted.
2019-09-18 17:09:46,717 [pool-107-thread-1] INFO  ratis.ContainerStateMachine (ContainerStateMachine.java:loadSnapshot(230)) - group-A40D0514C021: The snapshot info is null. Setting the last applied indexto:(t:0, i:~)
2019-09-18 17:09:46,717 [pool-107-thread-1] INFO  server.RaftServerConfigKeys (ConfUtils.java:logGet(43)) - raft.server.notification.no-leader.timeout = 120s (custom)
2019-09-18 17:09:46,717 [pool-67-thread-1] INFO  storage.RaftStorage (RaftStorage.java:format(72)) - Storage directory /workdir/hadoop-ozone/integration-test/target/test-dir/MiniOzoneClusterImpl-a0535264-3a9d-47dc-a6b5-6352fdff8bcc/datanode-4/data/ratis/083b1187-6039-494e-a78c-a40d0514c021 has been successfully formatted.
2019-09-18 17:09:46,717 [pool-107-thread-1] INFO  server.RaftServerConfigKeys (ConfUtils.java:logGet(43)) - raft.server.log.use.memory = false (default)
2019-09-18 17:09:46,718 [pool-107-thread-1] INFO  server.RaftServerConfigKeys (ConfUtils.java:logGet(43)) - raft.server.log.purge.gap = 1000000 (custom)
2019-09-18 17:09:46,717 [pool-27-thread-1] INFO  ratis.ContainerStateMachine (ContainerStateMachine.java:loadSnapshot(230)) - group-A40D0514C021: The snapshot info is null. Setting the last applied indexto:(t:0, i:~)
2019-09-18 17:09:46,718 [pool-107-thread-1] INFO  server.RaftServerConfigKeys (ConfUtils.java:logGet(43)) - raft.server.log.appender.buffer.byte-limit = 33554432 (custom)
2019-09-18 17:09:46,718 [pool-67-thread-1] INFO  ratis.ContainerStateMachine (ContainerStateMachine.java:loadSnapshot(230)) - group-A40D0514C021: The snapshot info is null. Setting the last applied indexto:(t:0, i:~)
2019-09-18 17:09:46,718 [pool-107-thread-1] INFO  server.RaftServerConfigKeys (ConfUtils.java:logGet(43)) - raft.server.log.segment.size.max = 1048576 (custom)
2019-09-18 17:09:46,718 [pool-27-thread-1] INFO  server.RaftServerConfigKeys (ConfUtils.java:logGet(43)) - raft.server.notification.no-leader.timeout = 120s (custom)
2019-09-18 17:09:46,718 [pool-107-thread-1] INFO  server.RaftServerConfigKeys (ConfUtils.java:logGet(43)) - raft.server.log.segment.cache.num.max = 2 (custom)
2019-09-18 17:09:46,718 [pool-67-thread-1] INFO  server.RaftServerConfigKeys (ConfUtils.java:logGet(43)) - raft.server.notification.no-leader.timeout = 120s (custom)
2019-09-18 17:09:46,719 [pool-107-thread-1] INFO  segmented.SegmentedRaftLogWorker (SegmentedRaftLogWorker.java:<init>(172)) - new b4ae2fc6-33d9-4c1f-ba2b-766eed3c72c1@group-A40D0514C021-SegmentedRaftLogWorker for RaftStorage:Storage Directory /workdir/hadoop-ozone/integration-test/target/test-dir/MiniOzoneClusterImpl-a0535264-3a9d-47dc-a6b5-6352fdff8bcc/datanode-8/data/ratis/083b1187-6039-494e-a78c-a40d0514c021
2019-09-18 17:09:46,719 [pool-27-thread-1] INFO  server.RaftServerConfigKeys (ConfUtils.java:logGet(43)) - raft.server.log.use.memory = false (default)
2019-09-18 17:09:46,719 [pool-107-thread-1] INFO  server.RaftServerConfigKeys (ConfUtils.java:logGet(43)) - raft.server.log.queue.byte-limit = 2147483647 (custom)
2019-09-18 17:09:46,719 [pool-67-thread-1] INFO  server.RaftServerConfigKeys (ConfUtils.java:logGet(43)) - raft.server.log.use.memory = false (default)
2019-09-18 17:09:46,719 [pool-107-thread-1] INFO  server.RaftServerConfigKeys (ConfUtils.java:logGet(43)) - raft.server.log.queue.element-limit = 1024 (custom)
2019-09-18 17:09:46,719 [pool-27-thread-1] INFO  server.RaftServerConfigKeys (ConfUtils.java:logGet(43)) - raft.server.log.purge.gap = 1000000 (custom)
2019-09-18 17:09:46,719 [pool-107-thread-1] INFO  server.RaftServerConfigKeys (ConfUtils.java:logGet(43)) - raft.server.log.segment.size.max = 1048576 (custom)
2019-09-18 17:09:46,719 [pool-67-thread-1] INFO  server.RaftServerConfigKeys (ConfUtils.java:logGet(43)) - raft.server.log.purge.gap = 1000000 (custom)
2019-09-18 17:09:46,720 [pool-107-thread-1] INFO  server.RaftServerConfigKeys (ConfUtils.java:logGet(43)) - raft.server.log.preallocated.size = 16384 (custom)
2019-09-18 17:09:46,719 [pool-27-thread-1] INFO  server.RaftServerConfigKeys (ConfUtils.java:logGet(43)) - raft.server.log.appender.buffer.byte-limit = 33554432 (custom)
2019-09-18 17:09:46,720 [pool-107-thread-1] INFO  server.RaftServerConfigKeys (ConfUtils.java:logGet(43)) - raft.server.log.write.buffer.size = 33554432 (custom)
2019-09-18 17:09:46,720 [pool-67-thread-1] INFO  server.RaftServerConfigKeys (ConfUtils.java:logGet(43)) - raft.server.log.appender.buffer.byte-limit = 33554432 (custom)
2019-09-18 17:09:46,720 [pool-107-thread-1] INFO  server.RaftServerConfigKeys (ConfUtils.java:logGet(43)) - raft.server.log.force.sync.num = 128 (default)
2019-09-18 17:09:46,720 [pool-27-thread-1] INFO  server.RaftServerConfigKeys (ConfUtils.java:logGet(43)) - raft.server.log.segment.size.max = 1048576 (custom)
2019-09-18 17:09:46,720 [pool-107-thread-1] INFO  server.RaftServerConfigKeys (ConfUtils.java:logGet(43)) - raft.server.log.statemachine.data.sync = true (default)
2019-09-18 17:09:46,720 [pool-67-thread-1] INFO  server.RaftServerConfigKeys (ConfUtils.java:logGet(43)) - raft.server.log.segment.size.max = 1048576 (custom)
2019-09-18 17:09:46,721 [pool-107-thread-1] INFO  server.RaftServerConfigKeys (ConfUtils.java:logGet(43)) - raft.server.log.statemachine.data.sync.timeout = 10s (default)
2019-09-18 17:09:46,721 [pool-27-thread-1] INFO  server.RaftServerConfigKeys (ConfUtils.java:logGet(43)) - raft.server.log.segment.cache.num.max = 2 (custom)
2019-09-18 17:09:46,721 [pool-107-thread-1] INFO  server.RaftServerConfigKeys (ConfUtils.java:logGet(43)) - raft.server.log.statemachine.data.sync.timeout.retry = -1 (default)
2019-09-18 17:09:46,721 [pool-67-thread-1] INFO  server.RaftServerConfigKeys (ConfUtils.java:logGet(43)) - raft.server.log.segment.cache.num.max = 2 (custom)
2019-09-18 17:09:46,721 [pool-107-thread-1] INFO  server.RaftServerConfigKeys (ConfUtils.java:logGet(43)) - raft.server.log.statemachine.data.caching.enabled = true (custom)
2019-09-18 17:09:46,721 [pool-27-thread-1] INFO  segmented.SegmentedRaftLogWorker (SegmentedRaftLogWorker.java:<init>(172)) - new 96f0c9f3-2286-484a-8caa-cc6cff81bf3d@group-A40D0514C021-SegmentedRaftLogWorker for RaftStorage:Storage Directory /workdir/hadoop-ozone/integration-test/target/test-dir/MiniOzoneClusterImpl-a0535264-3a9d-47dc-a6b5-6352fdff8bcc/datanode-0/data/ratis/083b1187-6039-494e-a78c-a40d0514c021
2019-09-18 17:09:46,721 [pool-67-thread-1] INFO  segmented.SegmentedRaftLogWorker (SegmentedRaftLogWorker.java:<init>(172)) - new 4807b144-2c85-4659-8a46-71684e6faffd@group-A40D0514C021-SegmentedRaftLogWorker for RaftStorage:Storage Directory /workdir/hadoop-ozone/integration-test/target/test-dir/MiniOzoneClusterImpl-a0535264-3a9d-47dc-a6b5-6352fdff8bcc/datanode-4/data/ratis/083b1187-6039-494e-a78c-a40d0514c021
2019-09-18 17:09:46,722 [pool-107-thread-1] INFO  segmented.SegmentedRaftLogWorker (SegmentedRaftLogWorker.java:lambda$new$0(132)) - b4ae2fc6-33d9-4c1f-ba2b-766eed3c72c1@group-A40D0514C021-SegmentedRaftLogWorker: flushIndex: setUnconditionally 0 -> -1
2019-09-18 17:09:46,722 [pool-27-thread-1] INFO  server.RaftServerConfigKeys (ConfUtils.java:logGet(43)) - raft.server.log.queue.byte-limit = 2147483647 (custom)
2019-09-18 17:09:46,722 [pool-27-thread-1] INFO  server.RaftServerConfigKeys (ConfUtils.java:logGet(43)) - raft.server.log.queue.element-limit = 1024 (custom)
2019-09-18 17:09:46,722 [pool-27-thread-1] INFO  server.RaftServerConfigKeys (ConfUtils.java:logGet(43)) - raft.server.log.segment.size.max = 1048576 (custom)
2019-09-18 17:09:46,722 [pool-27-thread-1] INFO  server.RaftServerConfigKeys (ConfUtils.java:logGet(43)) - raft.server.log.preallocated.size = 16384 (custom)
2019-09-18 17:09:46,723 [pool-27-thread-1] INFO  server.RaftServerConfigKeys (ConfUtils.java:logGet(43)) - raft.server.log.write.buffer.size = 33554432 (custom)
2019-09-18 17:09:46,723 [pool-27-thread-1] INFO  server.RaftServerConfigKeys (ConfUtils.java:logGet(43)) - raft.server.log.force.sync.num = 128 (default)
2019-09-18 17:09:46,723 [pool-27-thread-1] INFO  server.RaftServerConfigKeys (ConfUtils.java:logGet(43)) - raft.server.log.statemachine.data.sync = true (default)
2019-09-18 17:09:46,723 [pool-27-thread-1] INFO  server.RaftServerConfigKeys (ConfUtils.java:logGet(43)) - raft.server.log.statemachine.data.sync.timeout = 10s (default)
2019-09-18 17:09:46,722 [pool-67-thread-1] INFO  server.RaftServerConfigKeys (ConfUtils.java:logGet(43)) - raft.server.log.queue.byte-limit = 2147483647 (custom)
2019-09-18 17:09:46,723 [pool-27-thread-1] INFO  server.RaftServerConfigKeys (ConfUtils.java:logGet(43)) - raft.server.log.statemachine.data.sync.timeout.retry = -1 (default)
2019-09-18 17:09:46,722 [pool-107-thread-1] INFO  server.RaftServerConfigKeys (ConfUtils.java:logGet(43)) - raft.server.snapshot.auto.trigger.enabled = true (custom)
2019-09-18 17:09:46,724 [pool-27-thread-1] INFO  server.RaftServerConfigKeys (ConfUtils.java:logGet(43)) - raft.server.log.statemachine.data.caching.enabled = true (custom)
2019-09-18 17:09:46,723 [pool-67-thread-1] INFO  server.RaftServerConfigKeys (ConfUtils.java:logGet(43)) - raft.server.log.queue.element-limit = 1024 (custom)
2019-09-18 17:09:46,724 [pool-107-thread-1] INFO  server.RaftServerConfigKeys (ConfUtils.java:logGet(43)) - raft.server.snapshot.auto.trigger.threshold = 10000 (custom)
2019-09-18 17:09:46,724 [pool-67-thread-1] INFO  server.RaftServerConfigKeys (ConfUtils.java:logGet(43)) - raft.server.log.segment.size.max = 1048576 (custom)
2019-09-18 17:09:46,724 [pool-27-thread-1] INFO  segmented.SegmentedRaftLogWorker (SegmentedRaftLogWorker.java:lambda$new$0(132)) - 96f0c9f3-2286-484a-8caa-cc6cff81bf3d@group-A40D0514C021-SegmentedRaftLogWorker: flushIndex: setUnconditionally 0 -> -1
2019-09-18 17:09:46,724 [pool-67-thread-1] INFO  server.RaftServerConfigKeys (ConfUtils.java:logGet(43)) - raft.server.log.preallocated.size = 16384 (custom)
2019-09-18 17:09:46,724 [pool-107-thread-1] INFO  server.RaftServerConfigKeys (ConfUtils.java:logGet(43)) - raft.server.snapshot.retention.num.files = 5 (custom)
2019-09-18 17:09:46,724 [pool-27-thread-1] INFO  server.RaftServerConfigKeys (ConfUtils.java:logGet(43)) - raft.server.snapshot.auto.trigger.enabled = true (custom)
2019-09-18 17:09:46,724 [pool-67-thread-1] INFO  server.RaftServerConfigKeys (ConfUtils.java:logGet(43)) - raft.server.log.write.buffer.size = 33554432 (custom)
2019-09-18 17:09:46,725 [pool-27-thread-1] INFO  server.RaftServerConfigKeys (ConfUtils.java:logGet(43)) - raft.server.snapshot.auto.trigger.threshold = 10000 (custom)
2019-09-18 17:09:46,725 [pool-107-thread-1] INFO  server.RaftServerConfigKeys (ConfUtils.java:logGet(43)) - raft.server.retrycache.expirytime = 600000ms (custom)
2019-09-18 17:09:46,725 [pool-27-thread-1] INFO  server.RaftServerConfigKeys (ConfUtils.java:logGet(43)) - raft.server.snapshot.retention.num.files = 5 (custom)
2019-09-18 17:09:46,725 [pool-67-thread-1] INFO  server.RaftServerConfigKeys (ConfUtils.java:logGet(43)) - raft.server.log.force.sync.num = 128 (default)
2019-09-18 17:09:46,725 [pool-27-thread-1] INFO  server.RaftServerConfigKeys (ConfUtils.java:logGet(43)) - raft.server.retrycache.expirytime = 600000ms (custom)
2019-09-18 17:09:46,725 [pool-67-thread-1] INFO  server.RaftServerConfigKeys (ConfUtils.java:logGet(43)) - raft.server.log.statemachine.data.sync = true (default)
2019-09-18 17:09:46,726 [pool-67-thread-1] INFO  server.RaftServerConfigKeys (ConfUtils.java:logGet(43)) - raft.server.log.statemachine.data.sync.timeout = 10s (default)
2019-09-18 17:09:46,726 [pool-67-thread-1] INFO  server.RaftServerConfigKeys (ConfUtils.java:logGet(43)) - raft.server.log.statemachine.data.sync.timeout.retry = -1 (default)
2019-09-18 17:09:46,726 [pool-67-thread-1] INFO  server.RaftServerConfigKeys (ConfUtils.java:logGet(43)) - raft.server.log.statemachine.data.caching.enabled = true (custom)
2019-09-18 17:09:46,726 [pool-67-thread-1] INFO  segmented.SegmentedRaftLogWorker (SegmentedRaftLogWorker.java:lambda$new$0(132)) - 4807b144-2c85-4659-8a46-71684e6faffd@group-A40D0514C021-SegmentedRaftLogWorker: flushIndex: setUnconditionally 0 -> -1
2019-09-18 17:09:46,726 [pool-67-thread-1] INFO  server.RaftServerConfigKeys (ConfUtils.java:logGet(43)) - raft.server.snapshot.auto.trigger.enabled = true (custom)
2019-09-18 17:09:46,727 [pool-67-thread-1] INFO  server.RaftServerConfigKeys (ConfUtils.java:logGet(43)) - raft.server.snapshot.auto.trigger.threshold = 10000 (custom)
2019-09-18 17:09:46,727 [pool-67-thread-1] INFO  server.RaftServerConfigKeys (ConfUtils.java:logGet(43)) - raft.server.snapshot.retention.num.files = 5 (custom)
2019-09-18 17:09:46,727 [pool-67-thread-1] INFO  server.RaftServerConfigKeys (ConfUtils.java:logGet(43)) - raft.server.retrycache.expirytime = 600000ms (custom)
2019-09-18 17:09:46,729 [pool-107-thread-1] INFO  impl.RaftServerImpl (RaftServerImpl.java:start(185)) - b4ae2fc6-33d9-4c1f-ba2b-766eed3c72c1@group-A40D0514C021: start as a follower, conf=-1: [b4ae2fc6-33d9-4c1f-ba2b-766eed3c72c1:192.168.151.122:37678, 4807b144-2c85-4659-8a46-71684e6faffd:192.168.151.122:37839, 96f0c9f3-2286-484a-8caa-cc6cff81bf3d:192.168.151.122:42800], old=null
2019-09-18 17:09:46,729 [pool-107-thread-1] INFO  impl.RaftServerImpl (RaftServerImpl.java:setRole(174)) - b4ae2fc6-33d9-4c1f-ba2b-766eed3c72c1@group-A40D0514C021: changes role from      null to FOLLOWER at term 0 for startAsFollower
2019-09-18 17:09:46,730 [pool-27-thread-1] INFO  impl.RaftServerImpl (RaftServerImpl.java:start(185)) - 96f0c9f3-2286-484a-8caa-cc6cff81bf3d@group-A40D0514C021: start as a follower, conf=-1: [b4ae2fc6-33d9-4c1f-ba2b-766eed3c72c1:192.168.151.122:37678, 4807b144-2c85-4659-8a46-71684e6faffd:192.168.151.122:37839, 96f0c9f3-2286-484a-8caa-cc6cff81bf3d:192.168.151.122:42800], old=null
2019-09-18 17:09:46,730 [pool-107-thread-1] INFO  impl.RoleInfo (RoleInfo.java:updateAndGet(143)) - b4ae2fc6-33d9-4c1f-ba2b-766eed3c72c1: start FollowerState
2019-09-18 17:09:46,730 [pool-27-thread-1] INFO  impl.RaftServerImpl (RaftServerImpl.java:setRole(174)) - 96f0c9f3-2286-484a-8caa-cc6cff81bf3d@group-A40D0514C021: changes role from      null to FOLLOWER at term 0 for startAsFollower
2019-09-18 17:09:46,730 [pool-27-thread-1] INFO  impl.RoleInfo (RoleInfo.java:updateAndGet(143)) - 96f0c9f3-2286-484a-8caa-cc6cff81bf3d: start FollowerState
2019-09-18 17:09:46,730 [pool-107-thread-1] INFO  util.JmxRegister (JmxRegister.java:tryRegister(44)) - Successfully registered JMX Bean with object name Ratis:service=RaftServer,group=group-A40D0514C021,id=b4ae2fc6-33d9-4c1f-ba2b-766eed3c72c1
2019-09-18 17:09:46,730 [pool-67-thread-1] INFO  impl.RaftServerImpl (RaftServerImpl.java:start(185)) - 4807b144-2c85-4659-8a46-71684e6faffd@group-A40D0514C021: start as a follower, conf=-1: [b4ae2fc6-33d9-4c1f-ba2b-766eed3c72c1:192.168.151.122:37678, 4807b144-2c85-4659-8a46-71684e6faffd:192.168.151.122:37839, 96f0c9f3-2286-484a-8caa-cc6cff81bf3d:192.168.151.122:42800], old=null
2019-09-18 17:09:46,730 [pool-67-thread-1] INFO  impl.RaftServerImpl (RaftServerImpl.java:setRole(174)) - 4807b144-2c85-4659-8a46-71684e6faffd@group-A40D0514C021: changes role from      null to FOLLOWER at term 0 for startAsFollower
2019-09-18 17:09:46,730 [pool-27-thread-1] INFO  util.JmxRegister (JmxRegister.java:tryRegister(44)) - Successfully registered JMX Bean with object name Ratis:service=RaftServer,group=group-A40D0514C021,id=96f0c9f3-2286-484a-8caa-cc6cff81bf3d
2019-09-18 17:09:46,731 [pool-67-thread-1] INFO  impl.RoleInfo (RoleInfo.java:updateAndGet(143)) - 4807b144-2c85-4659-8a46-71684e6faffd: start FollowerState
2019-09-18 17:09:46,731 [pool-67-thread-1] INFO  util.JmxRegister (JmxRegister.java:tryRegister(44)) - Successfully registered JMX Bean with object name Ratis:service=RaftServer,group=group-A40D0514C021,id=4807b144-2c85-4659-8a46-71684e6faffd
2019-09-18 17:09:46,737 [Thread-285] INFO  impl.FollowerState (FollowerState.java:run(106)) - 96f0c9f3-2286-484a-8caa-cc6cff81bf3d:group-F1499B7A9D61 changes to CANDIDATE, lastRpcTime:1063, electionTimeout:1058ms
2019-09-18 17:09:46,746 [Thread-285] INFO  impl.RoleInfo (RoleInfo.java:shutdownFollowerState(121)) - 96f0c9f3-2286-484a-8caa-cc6cff81bf3d: shutdown FollowerState
2019-09-18 17:09:46,750 [Thread-285] INFO  impl.RaftServerImpl (RaftServerImpl.java:setRole(174)) - 96f0c9f3-2286-484a-8caa-cc6cff81bf3d@group-F1499B7A9D61: changes role from  FOLLOWER to CANDIDATE at term 0 for changeToCandidate
2019-09-18 17:09:46,754 [RatisPipelineUtilsThread] INFO  pipeline.PipelineStateManager (PipelineStateManager.java:addPipeline(56)) - Created pipeline Pipeline[ Id: 083b1187-6039-494e-a78c-a40d0514c021, Nodes: 4807b144-2c85-4659-8a46-71684e6faffd{ip: 192.168.151.122, host: pr-hdds-2121-ltkqc-3926781246, networkLocation: /default-rack, certSerialId: null}96f0c9f3-2286-484a-8caa-cc6cff81bf3d{ip: 192.168.151.122, host: pr-hdds-2121-ltkqc-3926781246, networkLocation: /default-rack, certSerialId: null}b4ae2fc6-33d9-4c1f-ba2b-766eed3c72c1{ip: 192.168.151.122, host: pr-hdds-2121-ltkqc-3926781246, networkLocation: /default-rack, certSerialId: null}, Type:RATIS, Factor:THREE, State:OPEN]
2019-09-18 17:09:46,760 [Thread-285] INFO  impl.RoleInfo (RoleInfo.java:updateAndGet(143)) - 96f0c9f3-2286-484a-8caa-cc6cff81bf3d: start LeaderElection
2019-09-18 17:09:46,785 [96f0c9f3-2286-484a-8caa-cc6cff81bf3d@group-F1499B7A9D61:LeaderElection1] INFO  impl.LeaderElection (LeaderElection.java:askForVotes(182)) - 96f0c9f3-2286-484a-8caa-cc6cff81bf3d@group-F1499B7A9D61:LeaderElection1: begin an election at term 1 for -1: [96f0c9f3-2286-484a-8caa-cc6cff81bf3d:192.168.151.122:42800], old=null
2019-09-18 17:09:46,788 [grpc-default-executor-1] INFO  impl.RaftServerProxy (RaftServerProxy.java:addNew(89)) - 78cf3f4b-2ba3-4c47-8363-becf5fcab44c: addNew group-44CDFF0F5509:[78cf3f4b-2ba3-4c47-8363-becf5fcab44c:192.168.151.122:41660, 77addda6-fc28-4fe0-a9c9-ddb04539ca78:192.168.151.122:43343, 62d2617d-d759-46ce-9c32-c3f7d08f54db:192.168.151.122:37326] returns group-44CDFF0F5509:java.util.concurrent.CompletableFuture@15224f0d[Not completed]
2019-09-18 17:09:46,789 [grpc-default-executor-0] INFO  impl.RaftServerProxy (RaftServerProxy.java:addNew(89)) - 62d2617d-d759-46ce-9c32-c3f7d08f54db: addNew group-44CDFF0F5509:[78cf3f4b-2ba3-4c47-8363-becf5fcab44c:192.168.151.122:41660, 77addda6-fc28-4fe0-a9c9-ddb04539ca78:192.168.151.122:43343, 62d2617d-d759-46ce-9c32-c3f7d08f54db:192.168.151.122:37326] returns group-44CDFF0F5509:java.util.concurrent.CompletableFuture@410d3ef5[Not completed]
2019-09-18 17:09:46,789 [grpc-default-executor-2] INFO  impl.RaftServerProxy (RaftServerProxy.java:addNew(89)) - 77addda6-fc28-4fe0-a9c9-ddb04539ca78: addNew group-44CDFF0F5509:[78cf3f4b-2ba3-4c47-8363-becf5fcab44c:192.168.151.122:41660, 77addda6-fc28-4fe0-a9c9-ddb04539ca78:192.168.151.122:43343, 62d2617d-d759-46ce-9c32-c3f7d08f54db:192.168.151.122:37326] returns group-44CDFF0F5509:java.util.concurrent.CompletableFuture@6c449501[Not completed]
2019-09-18 17:09:46,790 [96f0c9f3-2286-484a-8caa-cc6cff81bf3d@group-F1499B7A9D61:LeaderElection1] INFO  impl.RoleInfo (RoleInfo.java:shutdownLeaderElection(134)) - 96f0c9f3-2286-484a-8caa-cc6cff81bf3d: shutdown LeaderElection
2019-09-18 17:09:46,791 [96f0c9f3-2286-484a-8caa-cc6cff81bf3d@group-F1499B7A9D61:LeaderElection1] INFO  impl.RaftServerImpl (RaftServerImpl.java:setRole(174)) - 96f0c9f3-2286-484a-8caa-cc6cff81bf3d@group-F1499B7A9D61: changes role from CANDIDATE to LEADER at term 1 for changeToLeader
2019-09-18 17:09:46,791 [96f0c9f3-2286-484a-8caa-cc6cff81bf3d@group-F1499B7A9D61:LeaderElection1] INFO  impl.RaftServerImpl (ServerState.java:setLeader(253)) - 96f0c9f3-2286-484a-8caa-cc6cff81bf3d@group-F1499B7A9D61: change Leader from null to 96f0c9f3-2286-484a-8caa-cc6cff81bf3d at term 1 for becomeLeader, leader elected after 1224ms
2019-09-18 17:09:46,791 [pool-37-thread-1] INFO  impl.RaftServerImpl (RaftServerImpl.java:<init>(95)) - 78cf3f4b-2ba3-4c47-8363-becf5fcab44c: new RaftServerImpl for group-44CDFF0F5509:[78cf3f4b-2ba3-4c47-8363-becf5fcab44c:192.168.151.122:41660, 77addda6-fc28-4fe0-a9c9-ddb04539ca78:192.168.151.122:43343, 62d2617d-d759-46ce-9c32-c3f7d08f54db:192.168.151.122:37326] with ContainerStateMachine:uninitialized
2019-09-18 17:09:46,791 [pool-37-thread-1] INFO  server.RaftServerConfigKeys (ConfUtils.java:logGet(43)) - raft.server.rpc.timeout.min = 1s (custom)
2019-09-18 17:09:46,791 [pool-37-thread-1] INFO  server.RaftServerConfigKeys (ConfUtils.java:logGet(43)) - raft.server.rpc.timeout.max = 1200ms (custom)
2019-09-18 17:09:46,791 [pool-37-thread-1] INFO  server.RaftServerConfigKeys (ConfUtils.java:logGet(43)) - raft.server.rpcslowness.timeout = 120s (custom)
2019-09-18 17:09:46,791 [pool-37-thread-1] INFO  server.RaftServerConfigKeys (ConfUtils.java:logGet(43)) - raft.server.sleep.deviation.threshold = 300 (default)
2019-09-18 17:09:46,791 [pool-37-thread-1] INFO  server.RaftServerConfigKeys (ConfUtils.java:logGet(43)) - raft.server.log.appender.install.snapshot.enabled = false (custom)
2019-09-18 17:09:46,792 [pool-37-thread-1] INFO  impl.RaftServerImpl (ServerState.java:<init>(103)) - 78cf3f4b-2ba3-4c47-8363-becf5fcab44c@group-44CDFF0F5509: ConfigurationManager, init=-1: [78cf3f4b-2ba3-4c47-8363-becf5fcab44c:192.168.151.122:41660, 77addda6-fc28-4fe0-a9c9-ddb04539ca78:192.168.151.122:43343, 62d2617d-d759-46ce-9c32-c3f7d08f54db:192.168.151.122:37326], old=null, confs=<EMPTY_MAP>
2019-09-18 17:09:46,792 [pool-37-thread-1] INFO  server.RaftServerConfigKeys (ConfUtils.java:logGet(43)) - raft.server.storage.dir = [/workdir/hadoop-ozone/integration-test/target/test-dir/MiniOzoneClusterImpl-a0535264-3a9d-47dc-a6b5-6352fdff8bcc/datanode-1/data/ratis] (custom)
2019-09-18 17:09:46,792 [pool-87-thread-1] INFO  impl.RaftServerImpl (RaftServerImpl.java:<init>(95)) - 62d2617d-d759-46ce-9c32-c3f7d08f54db: new RaftServerImpl for group-44CDFF0F5509:[78cf3f4b-2ba3-4c47-8363-becf5fcab44c:192.168.151.122:41660, 77addda6-fc28-4fe0-a9c9-ddb04539ca78:192.168.151.122:43343, 62d2617d-d759-46ce-9c32-c3f7d08f54db:192.168.151.122:37326] with ContainerStateMachine:uninitialized
2019-09-18 17:09:46,792 [pool-87-thread-1] INFO  server.RaftServerConfigKeys (ConfUtils.java:logGet(43)) - raft.server.rpc.timeout.min = 1s (custom)
2019-09-18 17:09:46,792 [pool-37-thread-1] INFO  storage.RaftStorageDirectory (RaftStorageDirectory.java:analyzeStorage(246)) - The storage directory /workdir/hadoop-ozone/integration-test/target/test-dir/MiniOzoneClusterImpl-a0535264-3a9d-47dc-a6b5-6352fdff8bcc/datanode-1/data/ratis/56775dd8-28a6-4e8e-8e6c-44cdff0f5509 does not exist. Creating ...
2019-09-18 17:09:46,792 [pool-87-thread-1] INFO  server.RaftServerConfigKeys (ConfUtils.java:logGet(43)) - raft.server.rpc.timeout.max = 1200ms (custom)
2019-09-18 17:09:46,792 [pool-77-thread-1] INFO  impl.RaftServerImpl (RaftServerImpl.java:<init>(95)) - 77addda6-fc28-4fe0-a9c9-ddb04539ca78: new RaftServerImpl for group-44CDFF0F5509:[78cf3f4b-2ba3-4c47-8363-becf5fcab44c:192.168.151.122:41660, 77addda6-fc28-4fe0-a9c9-ddb04539ca78:192.168.151.122:43343, 62d2617d-d759-46ce-9c32-c3f7d08f54db:192.168.151.122:37326] with ContainerStateMachine:uninitialized
2019-09-18 17:09:46,792 [pool-87-thread-1] INFO  server.RaftServerConfigKeys (ConfUtils.java:logGet(43)) - raft.server.rpcslowness.timeout = 120s (custom)
2019-09-18 17:09:46,792 [pool-77-thread-1] INFO  server.RaftServerConfigKeys (ConfUtils.java:logGet(43)) - raft.server.rpc.timeout.min = 1s (custom)
2019-09-18 17:09:46,793 [pool-87-thread-1] INFO  server.RaftServerConfigKeys (ConfUtils.java:logGet(43)) - raft.server.sleep.deviation.threshold = 300 (default)
2019-09-18 17:09:46,793 [pool-77-thread-1] INFO  server.RaftServerConfigKeys (ConfUtils.java:logGet(43)) - raft.server.rpc.timeout.max = 1200ms (custom)
2019-09-18 17:09:46,793 [pool-87-thread-1] INFO  server.RaftServerConfigKeys (ConfUtils.java:logGet(43)) - raft.server.log.appender.install.snapshot.enabled = false (custom)
2019-09-18 17:09:46,793 [pool-77-thread-1] INFO  server.RaftServerConfigKeys (ConfUtils.java:logGet(43)) - raft.server.rpcslowness.timeout = 120s (custom)
2019-09-18 17:09:46,793 [pool-87-thread-1] INFO  impl.RaftServerImpl (ServerState.java:<init>(103)) - 62d2617d-d759-46ce-9c32-c3f7d08f54db@group-44CDFF0F5509: ConfigurationManager, init=-1: [78cf3f4b-2ba3-4c47-8363-becf5fcab44c:192.168.151.122:41660, 77addda6-fc28-4fe0-a9c9-ddb04539ca78:192.168.151.122:43343, 62d2617d-d759-46ce-9c32-c3f7d08f54db:192.168.151.122:37326], old=null, confs=<EMPTY_MAP>
2019-09-18 17:09:46,793 [pool-77-thread-1] INFO  server.RaftServerConfigKeys (ConfUtils.java:logGet(43)) - raft.server.sleep.deviation.threshold = 300 (default)
2019-09-18 17:09:46,793 [pool-77-thread-1] INFO  server.RaftServerConfigKeys (ConfUtils.java:logGet(43)) - raft.server.log.appender.install.snapshot.enabled = false (custom)
2019-09-18 17:09:46,793 [pool-87-thread-1] INFO  server.RaftServerConfigKeys (ConfUtils.java:logGet(43)) - raft.server.storage.dir = [/workdir/hadoop-ozone/integration-test/target/test-dir/MiniOzoneClusterImpl-a0535264-3a9d-47dc-a6b5-6352fdff8bcc/datanode-6/data/ratis] (custom)
2019-09-18 17:09:46,793 [pool-77-thread-1] INFO  impl.RaftServerImpl (ServerState.java:<init>(103)) - 77addda6-fc28-4fe0-a9c9-ddb04539ca78@group-44CDFF0F5509: ConfigurationManager, init=-1: [78cf3f4b-2ba3-4c47-8363-becf5fcab44c:192.168.151.122:41660, 77addda6-fc28-4fe0-a9c9-ddb04539ca78:192.168.151.122:43343, 62d2617d-d759-46ce-9c32-c3f7d08f54db:192.168.151.122:37326], old=null, confs=<EMPTY_MAP>
2019-09-18 17:09:46,793 [pool-77-thread-1] INFO  server.RaftServerConfigKeys (ConfUtils.java:logGet(43)) - raft.server.storage.dir = [/workdir/hadoop-ozone/integration-test/target/test-dir/MiniOzoneClusterImpl-a0535264-3a9d-47dc-a6b5-6352fdff8bcc/datanode-5/data/ratis] (custom)
2019-09-18 17:09:46,794 [pool-87-thread-1] INFO  storage.RaftStorageDirectory (RaftStorageDirectory.java:analyzeStorage(246)) - The storage directory /workdir/hadoop-ozone/integration-test/target/test-dir/MiniOzoneClusterImpl-a0535264-3a9d-47dc-a6b5-6352fdff8bcc/datanode-6/data/ratis/56775dd8-28a6-4e8e-8e6c-44cdff0f5509 does not exist. Creating ...
2019-09-18 17:09:46,794 [pool-77-thread-1] INFO  storage.RaftStorageDirectory (RaftStorageDirectory.java:analyzeStorage(246)) - The storage directory /workdir/hadoop-ozone/integration-test/target/test-dir/MiniOzoneClusterImpl-a0535264-3a9d-47dc-a6b5-6352fdff8bcc/datanode-5/data/ratis/56775dd8-28a6-4e8e-8e6c-44cdff0f5509 does not exist. Creating ...
2019-09-18 17:09:46,796 [96f0c9f3-2286-484a-8caa-cc6cff81bf3d@group-F1499B7A9D61:LeaderElection1] INFO  server.RaftServerConfigKeys (ConfUtils.java:logGet(43)) - raft.server.staging.catchup.gap = 1000 (default)
2019-09-18 17:09:46,796 [96f0c9f3-2286-484a-8caa-cc6cff81bf3d@group-F1499B7A9D61:LeaderElection1] INFO  server.RaftServerConfigKeys (ConfUtils.java:logGet(43)) - raft.server.rpc.sleep.time = 25ms (default)
2019-09-18 17:09:46,799 [96f0c9f3-2286-484a-8caa-cc6cff81bf3d@group-F1499B7A9D61:LeaderElection1] INFO  server.RaftServerConfigKeys (ConfUtils.java:logGet(43)) - raft.server.write.element-limit = 4096 (default)
2019-09-18 17:09:46,801 [96f0c9f3-2286-484a-8caa-cc6cff81bf3d@group-F1499B7A9D61:LeaderElection1] INFO  server.RaftServerConfigKeys (ConfUtils.java:logGet(43)) - raft.server.watch.timeout = 10s (default)
2019-09-18 17:09:46,801 [96f0c9f3-2286-484a-8caa-cc6cff81bf3d@group-F1499B7A9D61:LeaderElection1] INFO  server.RaftServerConfigKeys (ConfUtils.java:logGet(43)) - raft.server.watch.timeout.denomination = 1s (default)
2019-09-18 17:09:46,802 [96f0c9f3-2286-484a-8caa-cc6cff81bf3d@group-F1499B7A9D61:LeaderElection1] INFO  server.RaftServerConfigKeys (ConfUtils.java:logGet(43)) - raft.server.watch.element-limit = 65536 (default)
2019-09-18 17:09:46,805 [pool-37-thread-1] INFO  storage.RaftStorageDirectory (RaftStorageDirectory.java:tryLock(328)) - Lock on /workdir/hadoop-ozone/integration-test/target/test-dir/MiniOzoneClusterImpl-a0535264-3a9d-47dc-a6b5-6352fdff8bcc/datanode-1/data/ratis/56775dd8-28a6-4e8e-8e6c-44cdff0f5509/in_use.lock acquired by nodename 5895@pr-hdds-2121-ltkqc-3926781246
2019-09-18 17:09:46,806 [pool-77-thread-1] INFO  storage.RaftStorageDirectory (RaftStorageDirectory.java:tryLock(328)) - Lock on /workdir/hadoop-ozone/integration-test/target/test-dir/MiniOzoneClusterImpl-a0535264-3a9d-47dc-a6b5-6352fdff8bcc/datanode-5/data/ratis/56775dd8-28a6-4e8e-8e6c-44cdff0f5509/in_use.lock acquired by nodename 5895@pr-hdds-2121-ltkqc-3926781246
2019-09-18 17:09:46,806 [pool-87-thread-1] INFO  storage.RaftStorageDirectory (RaftStorageDirectory.java:tryLock(328)) - Lock on /workdir/hadoop-ozone/integration-test/target/test-dir/MiniOzoneClusterImpl-a0535264-3a9d-47dc-a6b5-6352fdff8bcc/datanode-6/data/ratis/56775dd8-28a6-4e8e-8e6c-44cdff0f5509/in_use.lock acquired by nodename 5895@pr-hdds-2121-ltkqc-3926781246
2019-09-18 17:09:46,815 [96f0c9f3-2286-484a-8caa-cc6cff81bf3d@group-F1499B7A9D61:LeaderElection1] INFO  impl.RoleInfo (RoleInfo.java:updateAndGet(143)) - 96f0c9f3-2286-484a-8caa-cc6cff81bf3d: start LeaderState
2019-09-18 17:09:46,819 [pool-87-thread-1] INFO  storage.RaftStorage (RaftStorage.java:format(72)) - Storage directory /workdir/hadoop-ozone/integration-test/target/test-dir/MiniOzoneClusterImpl-a0535264-3a9d-47dc-a6b5-6352fdff8bcc/datanode-6/data/ratis/56775dd8-28a6-4e8e-8e6c-44cdff0f5509 has been successfully formatted.
2019-09-18 17:09:46,819 [pool-77-thread-1] INFO  storage.RaftStorage (RaftStorage.java:format(72)) - Storage directory /workdir/hadoop-ozone/integration-test/target/test-dir/MiniOzoneClusterImpl-a0535264-3a9d-47dc-a6b5-6352fdff8bcc/datanode-5/data/ratis/56775dd8-28a6-4e8e-8e6c-44cdff0f5509 has been successfully formatted.
2019-09-18 17:09:46,819 [pool-37-thread-1] INFO  storage.RaftStorage (RaftStorage.java:format(72)) - Storage directory /workdir/hadoop-ozone/integration-test/target/test-dir/MiniOzoneClusterImpl-a0535264-3a9d-47dc-a6b5-6352fdff8bcc/datanode-1/data/ratis/56775dd8-28a6-4e8e-8e6c-44cdff0f5509 has been successfully formatted.
2019-09-18 17:09:46,819 [pool-77-thread-1] INFO  ratis.ContainerStateMachine (ContainerStateMachine.java:loadSnapshot(230)) - group-44CDFF0F5509: The snapshot info is null. Setting the last applied indexto:(t:0, i:~)
2019-09-18 17:09:46,819 [pool-87-thread-1] INFO  ratis.ContainerStateMachine (ContainerStateMachine.java:loadSnapshot(230)) - group-44CDFF0F5509: The snapshot info is null. Setting the last applied indexto:(t:0, i:~)
2019-09-18 17:09:46,820 [pool-37-thread-1] INFO  ratis.ContainerStateMachine (ContainerStateMachine.java:loadSnapshot(230)) - group-44CDFF0F5509: The snapshot info is null. Setting the last applied indexto:(t:0, i:~)
2019-09-18 17:09:46,820 [pool-77-thread-1] INFO  server.RaftServerConfigKeys (ConfUtils.java:logGet(43)) - raft.server.notification.no-leader.timeout = 120s (custom)
2019-09-18 17:09:46,820 [pool-37-thread-1] INFO  server.RaftServerConfigKeys (ConfUtils.java:logGet(43)) - raft.server.notification.no-leader.timeout = 120s (custom)
2019-09-18 17:09:46,820 [pool-87-thread-1] INFO  server.RaftServerConfigKeys (ConfUtils.java:logGet(43)) - raft.server.notification.no-leader.timeout = 120s (custom)
2019-09-18 17:09:46,820 [pool-37-thread-1] INFO  server.RaftServerConfigKeys (ConfUtils.java:logGet(43)) - raft.server.log.use.memory = false (default)
2019-09-18 17:09:46,820 [pool-77-thread-1] INFO  server.RaftServerConfigKeys (ConfUtils.java:logGet(43)) - raft.server.log.use.memory = false (default)
2019-09-18 17:09:46,820 [pool-37-thread-1] INFO  server.RaftServerConfigKeys (ConfUtils.java:logGet(43)) - raft.server.log.purge.gap = 1000000 (custom)
2019-09-18 17:09:46,820 [pool-87-thread-1] INFO  server.RaftServerConfigKeys (ConfUtils.java:logGet(43)) - raft.server.log.use.memory = false (default)
2019-09-18 17:09:46,820 [pool-37-thread-1] INFO  server.RaftServerConfigKeys (ConfUtils.java:logGet(43)) - raft.server.log.appender.buffer.byte-limit = 33554432 (custom)
2019-09-18 17:09:46,820 [pool-77-thread-1] INFO  server.RaftServerConfigKeys (ConfUtils.java:logGet(43)) - raft.server.log.purge.gap = 1000000 (custom)
2019-09-18 17:09:46,821 [pool-37-thread-1] INFO  server.RaftServerConfigKeys (ConfUtils.java:logGet(43)) - raft.server.log.segment.size.max = 1048576 (custom)
2019-09-18 17:09:46,821 [pool-87-thread-1] INFO  server.RaftServerConfigKeys (ConfUtils.java:logGet(43)) - raft.server.log.purge.gap = 1000000 (custom)
2019-09-18 17:09:46,821 [pool-37-thread-1] INFO  server.RaftServerConfigKeys (ConfUtils.java:logGet(43)) - raft.server.log.segment.cache.num.max = 2 (custom)
2019-09-18 17:09:46,821 [pool-77-thread-1] INFO  server.RaftServerConfigKeys (ConfUtils.java:logGet(43)) - raft.server.log.appender.buffer.byte-limit = 33554432 (custom)
2019-09-18 17:09:46,821 [pool-37-thread-1] INFO  segmented.SegmentedRaftLogWorker (SegmentedRaftLogWorker.java:<init>(172)) - new 78cf3f4b-2ba3-4c47-8363-becf5fcab44c@group-44CDFF0F5509-SegmentedRaftLogWorker for RaftStorage:Storage Directory /workdir/hadoop-ozone/integration-test/target/test-dir/MiniOzoneClusterImpl-a0535264-3a9d-47dc-a6b5-6352fdff8bcc/datanode-1/data/ratis/56775dd8-28a6-4e8e-8e6c-44cdff0f5509
2019-09-18 17:09:46,821 [pool-87-thread-1] INFO  server.RaftServerConfigKeys (ConfUtils.java:logGet(43)) - raft.server.log.appender.buffer.byte-limit = 33554432 (custom)
2019-09-18 17:09:46,821 [pool-37-thread-1] INFO  server.RaftServerConfigKeys (ConfUtils.java:logGet(43)) - raft.server.log.queue.byte-limit = 2147483647 (custom)
2019-09-18 17:09:46,821 [pool-77-thread-1] INFO  server.RaftServerConfigKeys (ConfUtils.java:logGet(43)) - raft.server.log.segment.size.max = 1048576 (custom)
2019-09-18 17:09:46,821 [pool-37-thread-1] INFO  server.RaftServerConfigKeys (ConfUtils.java:logGet(43)) - raft.server.log.queue.element-limit = 1024 (custom)
2019-09-18 17:09:46,821 [pool-87-thread-1] INFO  server.RaftServerConfigKeys (ConfUtils.java:logGet(43)) - raft.server.log.segment.size.max = 1048576 (custom)
2019-09-18 17:09:46,822 [pool-37-thread-1] INFO  server.RaftServerConfigKeys (ConfUtils.java:logGet(43)) - raft.server.log.segment.size.max = 1048576 (custom)
2019-09-18 17:09:46,822 [pool-77-thread-1] INFO  server.RaftServerConfigKeys (ConfUtils.java:logGet(43)) - raft.server.log.segment.cache.num.max = 2 (custom)
2019-09-18 17:09:46,822 [pool-37-thread-1] INFO  server.RaftServerConfigKeys (ConfUtils.java:logGet(43)) - raft.server.log.preallocated.size = 16384 (custom)
2019-09-18 17:09:46,822 [pool-87-thread-1] INFO  server.RaftServerConfigKeys (ConfUtils.java:logGet(43)) - raft.server.log.segment.cache.num.max = 2 (custom)
2019-09-18 17:09:46,822 [pool-37-thread-1] INFO  server.RaftServerConfigKeys (ConfUtils.java:logGet(43)) - raft.server.log.write.buffer.size = 33554432 (custom)
2019-09-18 17:09:46,822 [pool-77-thread-1] INFO  segmented.SegmentedRaftLogWorker (SegmentedRaftLogWorker.java:<init>(172)) - new 77addda6-fc28-4fe0-a9c9-ddb04539ca78@group-44CDFF0F5509-SegmentedRaftLogWorker for RaftStorage:Storage Directory /workdir/hadoop-ozone/integration-test/target/test-dir/MiniOzoneClusterImpl-a0535264-3a9d-47dc-a6b5-6352fdff8bcc/datanode-5/data/ratis/56775dd8-28a6-4e8e-8e6c-44cdff0f5509
2019-09-18 17:09:46,822 [pool-37-thread-1] INFO  server.RaftServerConfigKeys (ConfUtils.java:logGet(43)) - raft.server.log.force.sync.num = 128 (default)
2019-09-18 17:09:46,822 [pool-87-thread-1] INFO  segmented.SegmentedRaftLogWorker (SegmentedRaftLogWorker.java:<init>(172)) - new 62d2617d-d759-46ce-9c32-c3f7d08f54db@group-44CDFF0F5509-SegmentedRaftLogWorker for RaftStorage:Storage Directory /workdir/hadoop-ozone/integration-test/target/test-dir/MiniOzoneClusterImpl-a0535264-3a9d-47dc-a6b5-6352fdff8bcc/datanode-6/data/ratis/56775dd8-28a6-4e8e-8e6c-44cdff0f5509
2019-09-18 17:09:46,822 [pool-37-thread-1] INFO  server.RaftServerConfigKeys (ConfUtils.java:logGet(43)) - raft.server.log.statemachine.data.sync = true (default)
2019-09-18 17:09:46,822 [pool-77-thread-1] INFO  server.RaftServerConfigKeys (ConfUtils.java:logGet(43)) - raft.server.log.queue.byte-limit = 2147483647 (custom)
2019-09-18 17:09:46,823 [pool-37-thread-1] INFO  server.RaftServerConfigKeys (ConfUtils.java:logGet(43)) - raft.server.log.statemachine.data.sync.timeout = 10s (default)
2019-09-18 17:09:46,823 [pool-87-thread-1] INFO  server.RaftServerConfigKeys (ConfUtils.java:logGet(43)) - raft.server.log.queue.byte-limit = 2147483647 (custom)
2019-09-18 17:09:46,823 [pool-37-thread-1] INFO  server.RaftServerConfigKeys (ConfUtils.java:logGet(43)) - raft.server.log.statemachine.data.sync.timeout.retry = -1 (default)
2019-09-18 17:09:46,823 [pool-77-thread-1] INFO  server.RaftServerConfigKeys (ConfUtils.java:logGet(43)) - raft.server.log.queue.element-limit = 1024 (custom)
2019-09-18 17:09:46,823 [pool-37-thread-1] INFO  server.RaftServerConfigKeys (ConfUtils.java:logGet(43)) - raft.server.log.statemachine.data.caching.enabled = true (custom)
2019-09-18 17:09:46,823 [pool-87-thread-1] INFO  server.RaftServerConfigKeys (ConfUtils.java:logGet(43)) - raft.server.log.queue.element-limit = 1024 (custom)
2019-09-18 17:09:46,823 [pool-77-thread-1] INFO  server.RaftServerConfigKeys (ConfUtils.java:logGet(43)) - raft.server.log.segment.size.max = 1048576 (custom)
2019-09-18 17:09:46,823 [pool-37-thread-1] INFO  segmented.SegmentedRaftLogWorker (SegmentedRaftLogWorker.java:lambda$new$0(132)) - 78cf3f4b-2ba3-4c47-8363-becf5fcab44c@group-44CDFF0F5509-SegmentedRaftLogWorker: flushIndex: setUnconditionally 0 -> -1
2019-09-18 17:09:46,823 [pool-87-thread-1] INFO  server.RaftServerConfigKeys (ConfUtils.java:logGet(43)) - raft.server.log.segment.size.max = 1048576 (custom)
2019-09-18 17:09:46,824 [pool-77-thread-1] INFO  server.RaftServerConfigKeys (ConfUtils.java:logGet(43)) - raft.server.log.preallocated.size = 16384 (custom)
2019-09-18 17:09:46,824 [pool-37-thread-1] INFO  server.RaftServerConfigKeys (ConfUtils.java:logGet(43)) - raft.server.snapshot.auto.trigger.enabled = true (custom)
2019-09-18 17:09:46,824 [pool-87-thread-1] INFO  server.RaftServerConfigKeys (ConfUtils.java:logGet(43)) - raft.server.log.preallocated.size = 16384 (custom)
2019-09-18 17:09:46,824 [pool-37-thread-1] INFO  server.RaftServerConfigKeys (ConfUtils.java:logGet(43)) - raft.server.snapshot.auto.trigger.threshold = 10000 (custom)
2019-09-18 17:09:46,824 [pool-77-thread-1] INFO  server.RaftServerConfigKeys (ConfUtils.java:logGet(43)) - raft.server.log.write.buffer.size = 33554432 (custom)
2019-09-18 17:09:46,824 [pool-37-thread-1] INFO  server.RaftServerConfigKeys (ConfUtils.java:logGet(43)) - raft.server.snapshot.retention.num.files = 5 (custom)
2019-09-18 17:09:46,824 [pool-87-thread-1] INFO  server.RaftServerConfigKeys (ConfUtils.java:logGet(43)) - raft.server.log.write.buffer.size = 33554432 (custom)
2019-09-18 17:09:46,824 [pool-37-thread-1] INFO  server.RaftServerConfigKeys (ConfUtils.java:logGet(43)) - raft.server.retrycache.expirytime = 600000ms (custom)
2019-09-18 17:09:46,824 [pool-77-thread-1] INFO  server.RaftServerConfigKeys (ConfUtils.java:logGet(43)) - raft.server.log.force.sync.num = 128 (default)
2019-09-18 17:09:46,824 [pool-87-thread-1] INFO  server.RaftServerConfigKeys (ConfUtils.java:logGet(43)) - raft.server.log.force.sync.num = 128 (default)
2019-09-18 17:09:46,825 [pool-77-thread-1] INFO  server.RaftServerConfigKeys (ConfUtils.java:logGet(43)) - raft.server.log.statemachine.data.sync = true (default)
2019-09-18 17:09:46,825 [pool-87-thread-1] INFO  server.RaftServerConfigKeys (ConfUtils.java:logGet(43)) - raft.server.log.statemachine.data.sync = true (default)
2019-09-18 17:09:46,825 [pool-77-thread-1] INFO  server.RaftServerConfigKeys (ConfUtils.java:logGet(43)) - raft.server.log.statemachine.data.sync.timeout = 10s (default)
2019-09-18 17:09:46,825 [pool-87-thread-1] INFO  server.RaftServerConfigKeys (ConfUtils.java:logGet(43)) - raft.server.log.statemachine.data.sync.timeout = 10s (default)
2019-09-18 17:09:46,825 [pool-77-thread-1] INFO  server.RaftServerConfigKeys (ConfUtils.java:logGet(43)) - raft.server.log.statemachine.data.sync.timeout.retry = -1 (default)
2019-09-18 17:09:46,825 [pool-87-thread-1] INFO  server.RaftServerConfigKeys (ConfUtils.java:logGet(43)) - raft.server.log.statemachine.data.sync.timeout.retry = -1 (default)
2019-09-18 17:09:46,825 [pool-77-thread-1] INFO  server.RaftServerConfigKeys (ConfUtils.java:logGet(43)) - raft.server.log.statemachine.data.caching.enabled = true (custom)
2019-09-18 17:09:46,826 [pool-87-thread-1] INFO  server.RaftServerConfigKeys (ConfUtils.java:logGet(43)) - raft.server.log.statemachine.data.caching.enabled = true (custom)
2019-09-18 17:09:46,826 [pool-77-thread-1] INFO  segmented.SegmentedRaftLogWorker (SegmentedRaftLogWorker.java:lambda$new$0(132)) - 77addda6-fc28-4fe0-a9c9-ddb04539ca78@group-44CDFF0F5509-SegmentedRaftLogWorker: flushIndex: setUnconditionally 0 -> -1
2019-09-18 17:09:46,826 [pool-87-thread-1] INFO  segmented.SegmentedRaftLogWorker (SegmentedRaftLogWorker.java:lambda$new$0(132)) - 62d2617d-d759-46ce-9c32-c3f7d08f54db@group-44CDFF0F5509-SegmentedRaftLogWorker: flushIndex: setUnconditionally 0 -> -1
2019-09-18 17:09:46,826 [pool-77-thread-1] INFO  server.RaftServerConfigKeys (ConfUtils.java:logGet(43)) - raft.server.snapshot.auto.trigger.enabled = true (custom)
2019-09-18 17:09:46,826 [pool-87-thread-1] INFO  server.RaftServerConfigKeys (ConfUtils.java:logGet(43)) - raft.server.snapshot.auto.trigger.enabled = true (custom)
2019-09-18 17:09:46,826 [pool-77-thread-1] INFO  server.RaftServerConfigKeys (ConfUtils.java:logGet(43)) - raft.server.snapshot.auto.trigger.threshold = 10000 (custom)
2019-09-18 17:09:46,826 [pool-87-thread-1] INFO  server.RaftServerConfigKeys (ConfUtils.java:logGet(43)) - raft.server.snapshot.auto.trigger.threshold = 10000 (custom)
2019-09-18 17:09:46,826 [pool-37-thread-1] INFO  impl.RaftServerImpl (RaftServerImpl.java:start(185)) - 78cf3f4b-2ba3-4c47-8363-becf5fcab44c@group-44CDFF0F5509: start as a follower, conf=-1: [78cf3f4b-2ba3-4c47-8363-becf5fcab44c:192.168.151.122:41660, 77addda6-fc28-4fe0-a9c9-ddb04539ca78:192.168.151.122:43343, 62d2617d-d759-46ce-9c32-c3f7d08f54db:192.168.151.122:37326], old=null
2019-09-18 17:09:46,827 [pool-87-thread-1] INFO  server.RaftServerConfigKeys (ConfUtils.java:logGet(43)) - raft.server.snapshot.retention.num.files = 5 (custom)
2019-09-18 17:09:46,826 [pool-77-thread-1] INFO  server.RaftServerConfigKeys (ConfUtils.java:logGet(43)) - raft.server.snapshot.retention.num.files = 5 (custom)
2019-09-18 17:09:46,827 [pool-87-thread-1] INFO  server.RaftServerConfigKeys (ConfUtils.java:logGet(43)) - raft.server.retrycache.expirytime = 600000ms (custom)
2019-09-18 17:09:46,827 [pool-37-thread-1] INFO  impl.RaftServerImpl (RaftServerImpl.java:setRole(174)) - 78cf3f4b-2ba3-4c47-8363-becf5fcab44c@group-44CDFF0F5509: changes role from      null to FOLLOWER at term 0 for startAsFollower
2019-09-18 17:09:46,827 [pool-77-thread-1] INFO  server.RaftServerConfigKeys (ConfUtils.java:logGet(43)) - raft.server.retrycache.expirytime = 600000ms (custom)
2019-09-18 17:09:46,827 [pool-37-thread-1] INFO  impl.RoleInfo (RoleInfo.java:updateAndGet(143)) - 78cf3f4b-2ba3-4c47-8363-becf5fcab44c: start FollowerState
2019-09-18 17:09:46,827 [pool-37-thread-1] INFO  util.JmxRegister (JmxRegister.java:tryRegister(44)) - Successfully registered JMX Bean with object name Ratis:service=RaftServer,group=group-44CDFF0F5509,id=78cf3f4b-2ba3-4c47-8363-becf5fcab44c
2019-09-18 17:09:46,829 [pool-87-thread-1] INFO  impl.RaftServerImpl (RaftServerImpl.java:start(185)) - 62d2617d-d759-46ce-9c32-c3f7d08f54db@group-44CDFF0F5509: start as a follower, conf=-1: [78cf3f4b-2ba3-4c47-8363-becf5fcab44c:192.168.151.122:41660, 77addda6-fc28-4fe0-a9c9-ddb04539ca78:192.168.151.122:43343, 62d2617d-d759-46ce-9c32-c3f7d08f54db:192.168.151.122:37326], old=null
2019-09-18 17:09:46,829 [pool-87-thread-1] INFO  impl.RaftServerImpl (RaftServerImpl.java:setRole(174)) - 62d2617d-d759-46ce-9c32-c3f7d08f54db@group-44CDFF0F5509: changes role from      null to FOLLOWER at term 0 for startAsFollower
2019-09-18 17:09:46,829 [pool-87-thread-1] INFO  impl.RoleInfo (RoleInfo.java:updateAndGet(143)) - 62d2617d-d759-46ce-9c32-c3f7d08f54db: start FollowerState
2019-09-18 17:09:46,841 [pool-77-thread-1] INFO  impl.RaftServerImpl (RaftServerImpl.java:start(185)) - 77addda6-fc28-4fe0-a9c9-ddb04539ca78@group-44CDFF0F5509: start as a follower, conf=-1: [78cf3f4b-2ba3-4c47-8363-becf5fcab44c:192.168.151.122:41660, 77addda6-fc28-4fe0-a9c9-ddb04539ca78:192.168.151.122:43343, 62d2617d-d759-46ce-9c32-c3f7d08f54db:192.168.151.122:37326], old=null
2019-09-18 17:09:46,841 [pool-87-thread-1] INFO  util.JmxRegister (JmxRegister.java:tryRegister(44)) - Successfully registered JMX Bean with object name Ratis:service=RaftServer,group=group-44CDFF0F5509,id=62d2617d-d759-46ce-9c32-c3f7d08f54db
2019-09-18 17:09:46,841 [pool-77-thread-1] INFO  impl.RaftServerImpl (RaftServerImpl.java:setRole(174)) - 77addda6-fc28-4fe0-a9c9-ddb04539ca78@group-44CDFF0F5509: changes role from      null to FOLLOWER at term 0 for startAsFollower
2019-09-18 17:09:46,843 [pool-77-thread-1] INFO  impl.RoleInfo (RoleInfo.java:updateAndGet(143)) - 77addda6-fc28-4fe0-a9c9-ddb04539ca78: start FollowerState
2019-09-18 17:09:46,843 [pool-77-thread-1] INFO  util.JmxRegister (JmxRegister.java:tryRegister(44)) - Successfully registered JMX Bean with object name Ratis:service=RaftServer,group=group-44CDFF0F5509,id=77addda6-fc28-4fe0-a9c9-ddb04539ca78
2019-09-18 17:09:46,844 [96f0c9f3-2286-484a-8caa-cc6cff81bf3d@group-F1499B7A9D61:LeaderElection1] INFO  segmented.SegmentedRaftLogWorker (SegmentedRaftLogWorker.java:startLogSegment(380)) - 96f0c9f3-2286-484a-8caa-cc6cff81bf3d@group-F1499B7A9D61-SegmentedRaftLogWorker: Starting segment from index:0
2019-09-18 17:09:46,853 [RatisPipelineUtilsThread] INFO  pipeline.PipelineStateManager (PipelineStateManager.java:addPipeline(56)) - Created pipeline Pipeline[ Id: 56775dd8-28a6-4e8e-8e6c-44cdff0f5509, Nodes: 62d2617d-d759-46ce-9c32-c3f7d08f54db{ip: 192.168.151.122, host: pr-hdds-2121-ltkqc-3926781246, networkLocation: /default-rack, certSerialId: null}78cf3f4b-2ba3-4c47-8363-becf5fcab44c{ip: 192.168.151.122, host: pr-hdds-2121-ltkqc-3926781246, networkLocation: /default-rack, certSerialId: null}77addda6-fc28-4fe0-a9c9-ddb04539ca78{ip: 192.168.151.122, host: pr-hdds-2121-ltkqc-3926781246, networkLocation: /default-rack, certSerialId: null}, Type:RATIS, Factor:THREE, State:OPEN]
2019-09-18 17:09:46,868 [96f0c9f3-2286-484a-8caa-cc6cff81bf3d@group-F1499B7A9D61:LeaderElection1] INFO  impl.RaftServerImpl (ServerState.java:setRaftConf(354)) - 96f0c9f3-2286-484a-8caa-cc6cff81bf3d@group-F1499B7A9D61: set configuration 0: [96f0c9f3-2286-484a-8caa-cc6cff81bf3d:192.168.151.122:42800], old=null at 0
2019-09-18 17:09:46,877 [grpc-default-executor-1] INFO  impl.RaftServerProxy (RaftServerProxy.java:addNew(89)) - c79c5a76-aee4-4242-a106-dd0d04c341ff: addNew group-16324F4B6BD7:[c79c5a76-aee4-4242-a106-dd0d04c341ff:192.168.151.122:46461, 1abc736a-4830-4c4e-94c6-330cfb37cbd9:192.168.151.122:42374, 9060795c-f318-48a7-8c5f-b9c772b9291e:192.168.151.122:37562] returns group-16324F4B6BD7:java.util.concurrent.CompletableFuture@44e3b7db[Not completed]
2019-09-18 17:09:46,883 [grpc-default-executor-1] INFO  impl.RaftServerProxy (RaftServerProxy.java:addNew(89)) - 9060795c-f318-48a7-8c5f-b9c772b9291e: addNew group-16324F4B6BD7:[c79c5a76-aee4-4242-a106-dd0d04c341ff:192.168.151.122:46461, 1abc736a-4830-4c4e-94c6-330cfb37cbd9:192.168.151.122:42374, 9060795c-f318-48a7-8c5f-b9c772b9291e:192.168.151.122:37562] returns group-16324F4B6BD7:java.util.concurrent.CompletableFuture@728a167c[Not completed]
2019-09-18 17:09:46,885 [pool-117-thread-1] INFO  impl.RaftServerImpl (RaftServerImpl.java:<init>(95)) - c79c5a76-aee4-4242-a106-dd0d04c341ff: new RaftServerImpl for group-16324F4B6BD7:[c79c5a76-aee4-4242-a106-dd0d04c341ff:192.168.151.122:46461, 1abc736a-4830-4c4e-94c6-330cfb37cbd9:192.168.151.122:42374, 9060795c-f318-48a7-8c5f-b9c772b9291e:192.168.151.122:37562] with ContainerStateMachine:uninitialized
2019-09-18 17:09:46,885 [grpc-default-executor-1] INFO  impl.RaftServerProxy (RaftServerProxy.java:addNew(89)) - 1abc736a-4830-4c4e-94c6-330cfb37cbd9: addNew group-16324F4B6BD7:[c79c5a76-aee4-4242-a106-dd0d04c341ff:192.168.151.122:46461, 1abc736a-4830-4c4e-94c6-330cfb37cbd9:192.168.151.122:42374, 9060795c-f318-48a7-8c5f-b9c772b9291e:192.168.151.122:37562] returns group-16324F4B6BD7:java.util.concurrent.CompletableFuture@75d76507[Not completed]
2019-09-18 17:09:46,886 [pool-117-thread-1] INFO  server.RaftServerConfigKeys (ConfUtils.java:logGet(43)) - raft.server.rpc.timeout.min = 1s (custom)
2019-09-18 17:09:46,886 [pool-117-thread-1] INFO  server.RaftServerConfigKeys (ConfUtils.java:logGet(43)) - raft.server.rpc.timeout.max = 1200ms (custom)
2019-09-18 17:09:46,886 [pool-117-thread-1] INFO  server.RaftServerConfigKeys (ConfUtils.java:logGet(43)) - raft.server.rpcslowness.timeout = 120s (custom)
2019-09-18 17:09:46,886 [pool-117-thread-1] INFO  server.RaftServerConfigKeys (ConfUtils.java:logGet(43)) - raft.server.sleep.deviation.threshold = 300 (default)
2019-09-18 17:09:46,886 [pool-117-thread-1] INFO  server.RaftServerConfigKeys (ConfUtils.java:logGet(43)) - raft.server.log.appender.install.snapshot.enabled = false (custom)
2019-09-18 17:09:46,886 [pool-117-thread-1] INFO  impl.RaftServerImpl (ServerState.java:<init>(103)) - c79c5a76-aee4-4242-a106-dd0d04c341ff@group-16324F4B6BD7: ConfigurationManager, init=-1: [c79c5a76-aee4-4242-a106-dd0d04c341ff:192.168.151.122:46461, 1abc736a-4830-4c4e-94c6-330cfb37cbd9:192.168.151.122:42374, 9060795c-f318-48a7-8c5f-b9c772b9291e:192.168.151.122:37562], old=null, confs=<EMPTY_MAP>
2019-09-18 17:09:46,886 [pool-97-thread-1] INFO  impl.RaftServerImpl (RaftServerImpl.java:<init>(95)) - 9060795c-f318-48a7-8c5f-b9c772b9291e: new RaftServerImpl for group-16324F4B6BD7:[c79c5a76-aee4-4242-a106-dd0d04c341ff:192.168.151.122:46461, 1abc736a-4830-4c4e-94c6-330cfb37cbd9:192.168.151.122:42374, 9060795c-f318-48a7-8c5f-b9c772b9291e:192.168.151.122:37562] with ContainerStateMachine:uninitialized
2019-09-18 17:09:46,886 [pool-117-thread-1] INFO  server.RaftServerConfigKeys (ConfUtils.java:logGet(43)) - raft.server.storage.dir = [/workdir/hadoop-ozone/integration-test/target/test-dir/MiniOzoneClusterImpl-a0535264-3a9d-47dc-a6b5-6352fdff8bcc/datanode-9/data/ratis] (custom)
2019-09-18 17:09:46,886 [pool-97-thread-1] INFO  server.RaftServerConfigKeys (ConfUtils.java:logGet(43)) - raft.server.rpc.timeout.min = 1s (custom)
2019-09-18 17:09:46,887 [pool-97-thread-1] INFO  server.RaftServerConfigKeys (ConfUtils.java:logGet(43)) - raft.server.rpc.timeout.max = 1200ms (custom)
2019-09-18 17:09:46,887 [pool-57-thread-1] INFO  impl.RaftServerImpl (RaftServerImpl.java:<init>(95)) - 1abc736a-4830-4c4e-94c6-330cfb37cbd9: new RaftServerImpl for group-16324F4B6BD7:[c79c5a76-aee4-4242-a106-dd0d04c341ff:192.168.151.122:46461, 1abc736a-4830-4c4e-94c6-330cfb37cbd9:192.168.151.122:42374, 9060795c-f318-48a7-8c5f-b9c772b9291e:192.168.151.122:37562] with ContainerStateMachine:uninitialized
2019-09-18 17:09:46,887 [pool-97-thread-1] INFO  server.RaftServerConfigKeys (ConfUtils.java:logGet(43)) - raft.server.rpcslowness.timeout = 120s (custom)
2019-09-18 17:09:46,887 [pool-117-thread-1] INFO  storage.RaftStorageDirectory (RaftStorageDirectory.java:analyzeStorage(246)) - The storage directory /workdir/hadoop-ozone/integration-test/target/test-dir/MiniOzoneClusterImpl-a0535264-3a9d-47dc-a6b5-6352fdff8bcc/datanode-9/data/ratis/076edb64-726e-4ef9-a825-16324f4b6bd7 does not exist. Creating ...
2019-09-18 17:09:46,887 [pool-97-thread-1] INFO  server.RaftServerConfigKeys (ConfUtils.java:logGet(43)) - raft.server.sleep.deviation.threshold = 300 (default)
2019-09-18 17:09:46,887 [pool-57-thread-1] INFO  server.RaftServerConfigKeys (ConfUtils.java:logGet(43)) - raft.server.rpc.timeout.min = 1s (custom)
2019-09-18 17:09:46,887 [pool-97-thread-1] INFO  server.RaftServerConfigKeys (ConfUtils.java:logGet(43)) - raft.server.log.appender.install.snapshot.enabled = false (custom)
2019-09-18 17:09:46,887 [pool-57-thread-1] INFO  server.RaftServerConfigKeys (ConfUtils.java:logGet(43)) - raft.server.rpc.timeout.max = 1200ms (custom)
2019-09-18 17:09:46,888 [pool-97-thread-1] INFO  impl.RaftServerImpl (ServerState.java:<init>(103)) - 9060795c-f318-48a7-8c5f-b9c772b9291e@group-16324F4B6BD7: ConfigurationManager, init=-1: [c79c5a76-aee4-4242-a106-dd0d04c341ff:192.168.151.122:46461, 1abc736a-4830-4c4e-94c6-330cfb37cbd9:192.168.151.122:42374, 9060795c-f318-48a7-8c5f-b9c772b9291e:192.168.151.122:37562], old=null, confs=<EMPTY_MAP>
2019-09-18 17:09:46,888 [pool-57-thread-1] INFO  server.RaftServerConfigKeys (ConfUtils.java:logGet(43)) - raft.server.rpcslowness.timeout = 120s (custom)
2019-09-18 17:09:46,888 [pool-57-thread-1] INFO  server.RaftServerConfigKeys (ConfUtils.java:logGet(43)) - raft.server.sleep.deviation.threshold = 300 (default)
2019-09-18 17:09:46,888 [pool-97-thread-1] INFO  server.RaftServerConfigKeys (ConfUtils.java:logGet(43)) - raft.server.storage.dir = [/workdir/hadoop-ozone/integration-test/target/test-dir/MiniOzoneClusterImpl-a0535264-3a9d-47dc-a6b5-6352fdff8bcc/datanode-7/data/ratis] (custom)
2019-09-18 17:09:46,888 [pool-57-thread-1] INFO  server.RaftServerConfigKeys (ConfUtils.java:logGet(43)) - raft.server.log.appender.install.snapshot.enabled = false (custom)
2019-09-18 17:09:46,888 [pool-57-thread-1] INFO  impl.RaftServerImpl (ServerState.java:<init>(103)) - 1abc736a-4830-4c4e-94c6-330cfb37cbd9@group-16324F4B6BD7: ConfigurationManager, init=-1: [c79c5a76-aee4-4242-a106-dd0d04c341ff:192.168.151.122:46461, 1abc736a-4830-4c4e-94c6-330cfb37cbd9:192.168.151.122:42374, 9060795c-f318-48a7-8c5f-b9c772b9291e:192.168.151.122:37562], old=null, confs=<EMPTY_MAP>
2019-09-18 17:09:46,888 [pool-57-thread-1] INFO  server.RaftServerConfigKeys (ConfUtils.java:logGet(43)) - raft.server.storage.dir = [/workdir/hadoop-ozone/integration-test/target/test-dir/MiniOzoneClusterImpl-a0535264-3a9d-47dc-a6b5-6352fdff8bcc/datanode-3/data/ratis] (custom)
2019-09-18 17:09:46,888 [pool-97-thread-1] INFO  storage.RaftStorageDirectory (RaftStorageDirectory.java:analyzeStorage(246)) - The storage directory /workdir/hadoop-ozone/integration-test/target/test-dir/MiniOzoneClusterImpl-a0535264-3a9d-47dc-a6b5-6352fdff8bcc/datanode-7/data/ratis/076edb64-726e-4ef9-a825-16324f4b6bd7 does not exist. Creating ...
2019-09-18 17:09:46,889 [pool-57-thread-1] INFO  storage.RaftStorageDirectory (RaftStorageDirectory.java:analyzeStorage(246)) - The storage directory /workdir/hadoop-ozone/integration-test/target/test-dir/MiniOzoneClusterImpl-a0535264-3a9d-47dc-a6b5-6352fdff8bcc/datanode-3/data/ratis/076edb64-726e-4ef9-a825-16324f4b6bd7 does not exist. Creating ...
2019-09-18 17:09:46,900 [pool-57-thread-1] INFO  storage.RaftStorageDirectory (RaftStorageDirectory.java:tryLock(328)) - Lock on /workdir/hadoop-ozone/integration-test/target/test-dir/MiniOzoneClusterImpl-a0535264-3a9d-47dc-a6b5-6352fdff8bcc/datanode-3/data/ratis/076edb64-726e-4ef9-a825-16324f4b6bd7/in_use.lock acquired by nodename 5895@pr-hdds-2121-ltkqc-3926781246
2019-09-18 17:09:46,901 [pool-117-thread-1] INFO  storage.RaftStorageDirectory (RaftStorageDirectory.java:tryLock(328)) - Lock on /workdir/hadoop-ozone/integration-test/target/test-dir/MiniOzoneClusterImpl-a0535264-3a9d-47dc-a6b5-6352fdff8bcc/datanode-9/data/ratis/076edb64-726e-4ef9-a825-16324f4b6bd7/in_use.lock acquired by nodename 5895@pr-hdds-2121-ltkqc-3926781246
2019-09-18 17:09:46,900 [pool-97-thread-1] INFO  storage.RaftStorageDirectory (RaftStorageDirectory.java:tryLock(328)) - Lock on /workdir/hadoop-ozone/integration-test/target/test-dir/MiniOzoneClusterImpl-a0535264-3a9d-47dc-a6b5-6352fdff8bcc/datanode-7/data/ratis/076edb64-726e-4ef9-a825-16324f4b6bd7/in_use.lock acquired by nodename 5895@pr-hdds-2121-ltkqc-3926781246
2019-09-18 17:09:46,914 [pool-97-thread-1] INFO  storage.RaftStorage (RaftStorage.java:format(72)) - Storage directory /workdir/hadoop-ozone/integration-test/target/test-dir/MiniOzoneClusterImpl-a0535264-3a9d-47dc-a6b5-6352fdff8bcc/datanode-7/data/ratis/076edb64-726e-4ef9-a825-16324f4b6bd7 has been successfully formatted.
2019-09-18 17:09:46,914 [pool-57-thread-1] INFO  storage.RaftStorage (RaftStorage.java:format(72)) - Storage directory /workdir/hadoop-ozone/integration-test/target/test-dir/MiniOzoneClusterImpl-a0535264-3a9d-47dc-a6b5-6352fdff8bcc/datanode-3/data/ratis/076edb64-726e-4ef9-a825-16324f4b6bd7 has been successfully formatted.
2019-09-18 17:09:46,914 [pool-117-thread-1] INFO  storage.RaftStorage (RaftStorage.java:format(72)) - Storage directory /workdir/hadoop-ozone/integration-test/target/test-dir/MiniOzoneClusterImpl-a0535264-3a9d-47dc-a6b5-6352fdff8bcc/datanode-9/data/ratis/076edb64-726e-4ef9-a825-16324f4b6bd7 has been successfully formatted.
2019-09-18 17:09:46,914 [pool-97-thread-1] INFO  ratis.ContainerStateMachine (ContainerStateMachine.java:loadSnapshot(230)) - group-16324F4B6BD7: The snapshot info is null. Setting the last applied indexto:(t:0, i:~)
2019-09-18 17:09:46,914 [pool-57-thread-1] INFO  ratis.ContainerStateMachine (ContainerStateMachine.java:loadSnapshot(230)) - group-16324F4B6BD7: The snapshot info is null. Setting the last applied indexto:(t:0, i:~)
2019-09-18 17:09:46,915 [pool-97-thread-1] INFO  server.RaftServerConfigKeys (ConfUtils.java:logGet(43)) - raft.server.notification.no-leader.timeout = 120s (custom)
2019-09-18 17:09:46,915 [pool-117-thread-1] INFO  ratis.ContainerStateMachine (ContainerStateMachine.java:loadSnapshot(230)) - group-16324F4B6BD7: The snapshot info is null. Setting the last applied indexto:(t:0, i:~)
2019-09-18 17:09:46,915 [pool-97-thread-1] INFO  server.RaftServerConfigKeys (ConfUtils.java:logGet(43)) - raft.server.log.use.memory = false (default)
2019-09-18 17:09:46,915 [pool-57-thread-1] INFO  server.RaftServerConfigKeys (ConfUtils.java:logGet(43)) - raft.server.notification.no-leader.timeout = 120s (custom)
2019-09-18 17:09:46,915 [pool-97-thread-1] INFO  server.RaftServerConfigKeys (ConfUtils.java:logGet(43)) - raft.server.log.purge.gap = 1000000 (custom)
2019-09-18 17:09:46,915 [pool-117-thread-1] INFO  server.RaftServerConfigKeys (ConfUtils.java:logGet(43)) - raft.server.notification.no-leader.timeout = 120s (custom)
2019-09-18 17:09:46,915 [pool-97-thread-1] INFO  server.RaftServerConfigKeys (ConfUtils.java:logGet(43)) - raft.server.log.appender.buffer.byte-limit = 33554432 (custom)
2019-09-18 17:09:46,915 [pool-57-thread-1] INFO  server.RaftServerConfigKeys (ConfUtils.java:logGet(43)) - raft.server.log.use.memory = false (default)
2019-09-18 17:09:46,915 [pool-97-thread-1] INFO  server.RaftServerConfigKeys (ConfUtils.java:logGet(43)) - raft.server.log.segment.size.max = 1048576 (custom)
2019-09-18 17:09:46,915 [pool-117-thread-1] INFO  server.RaftServerConfigKeys (ConfUtils.java:logGet(43)) - raft.server.log.use.memory = false (default)
2019-09-18 17:09:46,915 [pool-97-thread-1] INFO  server.RaftServerConfigKeys (ConfUtils.java:logGet(43)) - raft.server.log.segment.cache.num.max = 2 (custom)
2019-09-18 17:09:46,915 [pool-57-thread-1] INFO  server.RaftServerConfigKeys (ConfUtils.java:logGet(43)) - raft.server.log.purge.gap = 1000000 (custom)
2019-09-18 17:09:46,916 [pool-97-thread-1] INFO  segmented.SegmentedRaftLogWorker (SegmentedRaftLogWorker.java:<init>(172)) - new 9060795c-f318-48a7-8c5f-b9c772b9291e@group-16324F4B6BD7-SegmentedRaftLogWorker for RaftStorage:Storage Directory /workdir/hadoop-ozone/integration-test/target/test-dir/MiniOzoneClusterImpl-a0535264-3a9d-47dc-a6b5-6352fdff8bcc/datanode-7/data/ratis/076edb64-726e-4ef9-a825-16324f4b6bd7
2019-09-18 17:09:46,916 [pool-117-thread-1] INFO  server.RaftServerConfigKeys (ConfUtils.java:logGet(43)) - raft.server.log.purge.gap = 1000000 (custom)
2019-09-18 17:09:46,916 [pool-97-thread-1] INFO  server.RaftServerConfigKeys (ConfUtils.java:logGet(43)) - raft.server.log.queue.byte-limit = 2147483647 (custom)
2019-09-18 17:09:46,916 [pool-57-thread-1] INFO  server.RaftServerConfigKeys (ConfUtils.java:logGet(43)) - raft.server.log.appender.buffer.byte-limit = 33554432 (custom)
2019-09-18 17:09:46,916 [pool-97-thread-1] INFO  server.RaftServerConfigKeys (ConfUtils.java:logGet(43)) - raft.server.log.queue.element-limit = 1024 (custom)
2019-09-18 17:09:46,916 [pool-117-thread-1] INFO  server.RaftServerConfigKeys (ConfUtils.java:logGet(43)) - raft.server.log.appender.buffer.byte-limit = 33554432 (custom)
2019-09-18 17:09:46,916 [pool-97-thread-1] INFO  server.RaftServerConfigKeys (ConfUtils.java:logGet(43)) - raft.server.log.segment.size.max = 1048576 (custom)
2019-09-18 17:09:46,916 [pool-57-thread-1] INFO  server.RaftServerConfigKeys (ConfUtils.java:logGet(43)) - raft.server.log.segment.size.max = 1048576 (custom)
2019-09-18 17:09:46,916 [pool-97-thread-1] INFO  server.RaftServerConfigKeys (ConfUtils.java:logGet(43)) - raft.server.log.preallocated.size = 16384 (custom)
2019-09-18 17:09:46,916 [pool-117-thread-1] INFO  server.RaftServerConfigKeys (ConfUtils.java:logGet(43)) - raft.server.log.segment.size.max = 1048576 (custom)
2019-09-18 17:09:46,917 [pool-97-thread-1] INFO  server.RaftServerConfigKeys (ConfUtils.java:logGet(43)) - raft.server.log.write.buffer.size = 33554432 (custom)
2019-09-18 17:09:46,916 [pool-57-thread-1] INFO  server.RaftServerConfigKeys (ConfUtils.java:logGet(43)) - raft.server.log.segment.cache.num.max = 2 (custom)
2019-09-18 17:09:46,917 [pool-97-thread-1] INFO  server.RaftServerConfigKeys (ConfUtils.java:logGet(43)) - raft.server.log.force.sync.num = 128 (default)
2019-09-18 17:09:46,917 [pool-117-thread-1] INFO  server.RaftServerConfigKeys (ConfUtils.java:logGet(43)) - raft.server.log.segment.cache.num.max = 2 (custom)
2019-09-18 17:09:46,917 [pool-97-thread-1] INFO  server.RaftServerConfigKeys (ConfUtils.java:logGet(43)) - raft.server.log.statemachine.data.sync = true (default)
2019-09-18 17:09:46,917 [pool-57-thread-1] INFO  segmented.SegmentedRaftLogWorker (SegmentedRaftLogWorker.java:<init>(172)) - new 1abc736a-4830-4c4e-94c6-330cfb37cbd9@group-16324F4B6BD7-SegmentedRaftLogWorker for RaftStorage:Storage Directory /workdir/hadoop-ozone/integration-test/target/test-dir/MiniOzoneClusterImpl-a0535264-3a9d-47dc-a6b5-6352fdff8bcc/datanode-3/data/ratis/076edb64-726e-4ef9-a825-16324f4b6bd7
2019-09-18 17:09:46,917 [pool-97-thread-1] INFO  server.RaftServerConfigKeys (ConfUtils.java:logGet(43)) - raft.server.log.statemachine.data.sync.timeout = 10s (default)
2019-09-18 17:09:46,917 [pool-117-thread-1] INFO  segmented.SegmentedRaftLogWorker (SegmentedRaftLogWorker.java:<init>(172)) - new c79c5a76-aee4-4242-a106-dd0d04c341ff@group-16324F4B6BD7-SegmentedRaftLogWorker for RaftStorage:Storage Directory /workdir/hadoop-ozone/integration-test/target/test-dir/MiniOzoneClusterImpl-a0535264-3a9d-47dc-a6b5-6352fdff8bcc/datanode-9/data/ratis/076edb64-726e-4ef9-a825-16324f4b6bd7
2019-09-18 17:09:46,917 [pool-97-thread-1] INFO  server.RaftServerConfigKeys (ConfUtils.java:logGet(43)) - raft.server.log.statemachine.data.sync.timeout.retry = -1 (default)
2019-09-18 17:09:46,917 [pool-57-thread-1] INFO  server.RaftServerConfigKeys (ConfUtils.java:logGet(43)) - raft.server.log.queue.byte-limit = 2147483647 (custom)
2019-09-18 17:09:46,918 [pool-97-thread-1] INFO  server.RaftServerConfigKeys (ConfUtils.java:logGet(43)) - raft.server.log.statemachine.data.caching.enabled = true (custom)
2019-09-18 17:09:46,918 [pool-117-thread-1] INFO  server.RaftServerConfigKeys (ConfUtils.java:logGet(43)) - raft.server.log.queue.byte-limit = 2147483647 (custom)
2019-09-18 17:09:46,918 [pool-57-thread-1] INFO  server.RaftServerConfigKeys (ConfUtils.java:logGet(43)) - raft.server.log.queue.element-limit = 1024 (custom)
2019-09-18 17:09:46,918 [pool-97-thread-1] INFO  segmented.SegmentedRaftLogWorker (SegmentedRaftLogWorker.java:lambda$new$0(132)) - 9060795c-f318-48a7-8c5f-b9c772b9291e@group-16324F4B6BD7-SegmentedRaftLogWorker: flushIndex: setUnconditionally 0 -> -1
2019-09-18 17:09:46,918 [pool-117-thread-1] INFO  server.RaftServerConfigKeys (ConfUtils.java:logGet(43)) - raft.server.log.queue.element-limit = 1024 (custom)
2019-09-18 17:09:46,918 [pool-57-thread-1] INFO  server.RaftServerConfigKeys (ConfUtils.java:logGet(43)) - raft.server.log.segment.size.max = 1048576 (custom)
2019-09-18 17:09:46,918 [pool-97-thread-1] INFO  server.RaftServerConfigKeys (ConfUtils.java:logGet(43)) - raft.server.snapshot.auto.trigger.enabled = true (custom)
2019-09-18 17:09:46,918 [pool-117-thread-1] INFO  server.RaftServerConfigKeys (ConfUtils.java:logGet(43)) - raft.server.log.segment.size.max = 1048576 (custom)
2019-09-18 17:09:46,919 [pool-97-thread-1] INFO  server.RaftServerConfigKeys (ConfUtils.java:logGet(43)) - raft.server.snapshot.auto.trigger.threshold = 10000 (custom)
2019-09-18 17:09:46,919 [pool-57-thread-1] INFO  server.RaftServerConfigKeys (ConfUtils.java:logGet(43)) - raft.server.log.preallocated.size = 16384 (custom)
2019-09-18 17:09:46,919 [pool-97-thread-1] INFO  server.RaftServerConfigKeys (ConfUtils.java:logGet(43)) - raft.server.snapshot.retention.num.files = 5 (custom)
2019-09-18 17:09:46,919 [pool-117-thread-1] INFO  server.RaftServerConfigKeys (ConfUtils.java:logGet(43)) - raft.server.log.preallocated.size = 16384 (custom)
2019-09-18 17:09:46,919 [pool-97-thread-1] INFO  server.RaftServerConfigKeys (ConfUtils.java:logGet(43)) - raft.server.retrycache.expirytime = 600000ms (custom)
2019-09-18 17:09:46,919 [pool-57-thread-1] INFO  server.RaftServerConfigKeys (ConfUtils.java:logGet(43)) - raft.server.log.write.buffer.size = 33554432 (custom)
2019-09-18 17:09:46,919 [pool-117-thread-1] INFO  server.RaftServerConfigKeys (ConfUtils.java:logGet(43)) - raft.server.log.write.buffer.size = 33554432 (custom)
2019-09-18 17:09:46,919 [pool-57-thread-1] INFO  server.RaftServerConfigKeys (ConfUtils.java:logGet(43)) - raft.server.log.force.sync.num = 128 (default)
2019-09-18 17:09:46,919 [pool-117-thread-1] INFO  server.RaftServerConfigKeys (ConfUtils.java:logGet(43)) - raft.server.log.force.sync.num = 128 (default)
2019-09-18 17:09:46,919 [pool-57-thread-1] INFO  server.RaftServerConfigKeys (ConfUtils.java:logGet(43)) - raft.server.log.statemachine.data.sync = true (default)
2019-09-18 17:09:46,920 [pool-117-thread-1] INFO  server.RaftServerConfigKeys (ConfUtils.java:logGet(43)) - raft.server.log.statemachine.data.sync = true (default)
2019-09-18 17:09:46,920 [pool-57-thread-1] INFO  server.RaftServerConfigKeys (ConfUtils.java:logGet(43)) - raft.server.log.statemachine.data.sync.timeout = 10s (default)
2019-09-18 17:09:46,920 [pool-117-thread-1] INFO  server.RaftServerConfigKeys (ConfUtils.java:logGet(43)) - raft.server.log.statemachine.data.sync.timeout = 10s (default)
2019-09-18 17:09:46,920 [pool-57-thread-1] INFO  server.RaftServerConfigKeys (ConfUtils.java:logGet(43)) - raft.server.log.statemachine.data.sync.timeout.retry = -1 (default)
2019-09-18 17:09:46,920 [pool-117-thread-1] INFO  server.RaftServerConfigKeys (ConfUtils.java:logGet(43)) - raft.server.log.statemachine.data.sync.timeout.retry = -1 (default)
2019-09-18 17:09:46,920 [pool-57-thread-1] INFO  server.RaftServerConfigKeys (ConfUtils.java:logGet(43)) - raft.server.log.statemachine.data.caching.enabled = true (custom)
2019-09-18 17:09:46,920 [pool-117-thread-1] INFO  server.RaftServerConfigKeys (ConfUtils.java:logGet(43)) - raft.server.log.statemachine.data.caching.enabled = true (custom)
2019-09-18 17:09:46,927 [pool-57-thread-1] INFO  segmented.SegmentedRaftLogWorker (SegmentedRaftLogWorker.java:lambda$new$0(132)) - 1abc736a-4830-4c4e-94c6-330cfb37cbd9@group-16324F4B6BD7-SegmentedRaftLogWorker: flushIndex: setUnconditionally 0 -> -1
2019-09-18 17:09:46,927 [pool-117-thread-1] INFO  segmented.SegmentedRaftLogWorker (SegmentedRaftLogWorker.java:lambda$new$0(132)) - c79c5a76-aee4-4242-a106-dd0d04c341ff@group-16324F4B6BD7-SegmentedRaftLogWorker: flushIndex: setUnconditionally 0 -> -1
2019-09-18 17:09:46,928 [pool-97-thread-1] INFO  impl.RaftServerImpl (RaftServerImpl.java:start(185)) - 9060795c-f318-48a7-8c5f-b9c772b9291e@group-16324F4B6BD7: start as a follower, conf=-1: [c79c5a76-aee4-4242-a106-dd0d04c341ff:192.168.151.122:46461, 1abc736a-4830-4c4e-94c6-330cfb37cbd9:192.168.151.122:42374, 9060795c-f318-48a7-8c5f-b9c772b9291e:192.168.151.122:37562], old=null
2019-09-18 17:09:46,928 [pool-57-thread-1] INFO  server.RaftServerConfigKeys (ConfUtils.java:logGet(43)) - raft.server.snapshot.auto.trigger.enabled = true (custom)
2019-09-18 17:09:46,928 [pool-117-thread-1] INFO  server.RaftServerConfigKeys (ConfUtils.java:logGet(43)) - raft.server.snapshot.auto.trigger.enabled = true (custom)
2019-09-18 17:09:46,928 [pool-97-thread-1] INFO  impl.RaftServerImpl (RaftServerImpl.java:setRole(174)) - 9060795c-f318-48a7-8c5f-b9c772b9291e@group-16324F4B6BD7: changes role from      null to FOLLOWER at term 0 for startAsFollower
2019-09-18 17:09:46,928 [pool-117-thread-1] INFO  server.RaftServerConfigKeys (ConfUtils.java:logGet(43)) - raft.server.snapshot.auto.trigger.threshold = 10000 (custom)
2019-09-18 17:09:46,928 [pool-57-thread-1] INFO  server.RaftServerConfigKeys (ConfUtils.java:logGet(43)) - raft.server.snapshot.auto.trigger.threshold = 10000 (custom)
2019-09-18 17:09:46,928 [pool-117-thread-1] INFO  server.RaftServerConfigKeys (ConfUtils.java:logGet(43)) - raft.server.snapshot.retention.num.files = 5 (custom)
2019-09-18 17:09:46,928 [pool-97-thread-1] INFO  impl.RoleInfo (RoleInfo.java:updateAndGet(143)) - 9060795c-f318-48a7-8c5f-b9c772b9291e: start FollowerState
2019-09-18 17:09:46,928 [pool-117-thread-1] INFO  server.RaftServerConfigKeys (ConfUtils.java:logGet(43)) - raft.server.retrycache.expirytime = 600000ms (custom)
2019-09-18 17:09:46,928 [pool-57-thread-1] INFO  server.RaftServerConfigKeys (ConfUtils.java:logGet(43)) - raft.server.snapshot.retention.num.files = 5 (custom)
2019-09-18 17:09:46,928 [pool-97-thread-1] INFO  util.JmxRegister (JmxRegister.java:tryRegister(44)) - Successfully registered JMX Bean with object name Ratis:service=RaftServer,group=group-16324F4B6BD7,id=9060795c-f318-48a7-8c5f-b9c772b9291e
2019-09-18 17:09:46,928 [pool-57-thread-1] INFO  server.RaftServerConfigKeys (ConfUtils.java:logGet(43)) - raft.server.retrycache.expirytime = 600000ms (custom)
2019-09-18 17:09:46,940 [pool-117-thread-1] INFO  impl.RaftServerImpl (RaftServerImpl.java:start(185)) - c79c5a76-aee4-4242-a106-dd0d04c341ff@group-16324F4B6BD7: start as a follower, conf=-1: [c79c5a76-aee4-4242-a106-dd0d04c341ff:192.168.151.122:46461, 1abc736a-4830-4c4e-94c6-330cfb37cbd9:192.168.151.122:42374, 9060795c-f318-48a7-8c5f-b9c772b9291e:192.168.151.122:37562], old=null
2019-09-18 17:09:46,941 [pool-117-thread-1] INFO  impl.RaftServerImpl (RaftServerImpl.java:setRole(174)) - c79c5a76-aee4-4242-a106-dd0d04c341ff@group-16324F4B6BD7: changes role from      null to FOLLOWER at term 0 for startAsFollower
2019-09-18 17:09:46,941 [pool-57-thread-1] INFO  impl.RaftServerImpl (RaftServerImpl.java:start(185)) - 1abc736a-4830-4c4e-94c6-330cfb37cbd9@group-16324F4B6BD7: start as a follower, conf=-1: [c79c5a76-aee4-4242-a106-dd0d04c341ff:192.168.151.122:46461, 1abc736a-4830-4c4e-94c6-330cfb37cbd9:192.168.151.122:42374, 9060795c-f318-48a7-8c5f-b9c772b9291e:192.168.151.122:37562], old=null
2019-09-18 17:09:46,941 [pool-117-thread-1] INFO  impl.RoleInfo (RoleInfo.java:updateAndGet(143)) - c79c5a76-aee4-4242-a106-dd0d04c341ff: start FollowerState
2019-09-18 17:09:46,941 [pool-57-thread-1] INFO  impl.RaftServerImpl (RaftServerImpl.java:setRole(174)) - 1abc736a-4830-4c4e-94c6-330cfb37cbd9@group-16324F4B6BD7: changes role from      null to FOLLOWER at term 0 for startAsFollower
2019-09-18 17:09:46,941 [pool-57-thread-1] INFO  impl.RoleInfo (RoleInfo.java:updateAndGet(143)) - 1abc736a-4830-4c4e-94c6-330cfb37cbd9: start FollowerState
2019-09-18 17:09:46,941 [pool-117-thread-1] INFO  util.JmxRegister (JmxRegister.java:tryRegister(44)) - Successfully registered JMX Bean with object name Ratis:service=RaftServer,group=group-16324F4B6BD7,id=c79c5a76-aee4-4242-a106-dd0d04c341ff
2019-09-18 17:09:46,941 [pool-57-thread-1] INFO  util.JmxRegister (JmxRegister.java:tryRegister(44)) - Successfully registered JMX Bean with object name Ratis:service=RaftServer,group=group-16324F4B6BD7,id=1abc736a-4830-4c4e-94c6-330cfb37cbd9
2019-09-18 17:09:46,950 [RatisPipelineUtilsThread] INFO  pipeline.PipelineStateManager (PipelineStateManager.java:addPipeline(56)) - Created pipeline Pipeline[ Id: 076edb64-726e-4ef9-a825-16324f4b6bd7, Nodes: c79c5a76-aee4-4242-a106-dd0d04c341ff{ip: 192.168.151.122, host: pr-hdds-2121-ltkqc-3926781246, networkLocation: /default-rack, certSerialId: null}1abc736a-4830-4c4e-94c6-330cfb37cbd9{ip: 192.168.151.122, host: pr-hdds-2121-ltkqc-3926781246, networkLocation: /default-rack, certSerialId: null}9060795c-f318-48a7-8c5f-b9c772b9291e{ip: 192.168.151.122, host: pr-hdds-2121-ltkqc-3926781246, networkLocation: /default-rack, certSerialId: null}, Type:RATIS, Factor:THREE, State:OPEN]
2019-09-18 17:09:47,072 [Thread-288] INFO  impl.FollowerState (FollowerState.java:run(106)) - 4807b144-2c85-4659-8a46-71684e6faffd:group-43492A71F62E changes to CANDIDATE, lastRpcTime:1191, electionTimeout:1190ms
2019-09-18 17:09:47,075 [Thread-288] INFO  impl.RoleInfo (RoleInfo.java:shutdownFollowerState(121)) - 4807b144-2c85-4659-8a46-71684e6faffd: shutdown FollowerState
2019-09-18 17:09:47,075 [Thread-288] INFO  impl.RaftServerImpl (RaftServerImpl.java:setRole(174)) - 4807b144-2c85-4659-8a46-71684e6faffd@group-43492A71F62E: changes role from  FOLLOWER to CANDIDATE at term 0 for changeToCandidate
2019-09-18 17:09:47,076 [Thread-288] INFO  impl.RoleInfo (RoleInfo.java:updateAndGet(143)) - 4807b144-2c85-4659-8a46-71684e6faffd: start LeaderElection
2019-09-18 17:09:47,088 [96f0c9f3-2286-484a-8caa-cc6cff81bf3d@group-F1499B7A9D61-SegmentedRaftLogWorker] INFO  segmented.SegmentedRaftLogWorker (SegmentedRaftLogWorker.java:execute(569)) - 96f0c9f3-2286-484a-8caa-cc6cff81bf3d@group-F1499B7A9D61-SegmentedRaftLogWorker: created new log segment /workdir/hadoop-ozone/integration-test/target/test-dir/MiniOzoneClusterImpl-a0535264-3a9d-47dc-a6b5-6352fdff8bcc/datanode-0/data/ratis/dcabaedc-e611-4c41-910c-f1499b7a9d61/current/log_inprogress_0
2019-09-18 17:09:47,092 [4807b144-2c85-4659-8a46-71684e6faffd@group-43492A71F62E:LeaderElection2] INFO  impl.LeaderElection (LeaderElection.java:askForVotes(182)) - 4807b144-2c85-4659-8a46-71684e6faffd@group-43492A71F62E:LeaderElection2: begin an election at term 1 for -1: [4807b144-2c85-4659-8a46-71684e6faffd:192.168.151.122:37839], old=null
2019-09-18 17:09:47,095 [4807b144-2c85-4659-8a46-71684e6faffd@group-43492A71F62E:LeaderElection2] INFO  impl.RoleInfo (RoleInfo.java:shutdownLeaderElection(134)) - 4807b144-2c85-4659-8a46-71684e6faffd: shutdown LeaderElection
2019-09-18 17:09:47,095 [4807b144-2c85-4659-8a46-71684e6faffd@group-43492A71F62E:LeaderElection2] INFO  impl.RaftServerImpl (RaftServerImpl.java:setRole(174)) - 4807b144-2c85-4659-8a46-71684e6faffd@group-43492A71F62E: changes role from CANDIDATE to LEADER at term 1 for changeToLeader
2019-09-18 17:09:47,095 [4807b144-2c85-4659-8a46-71684e6faffd@group-43492A71F62E:LeaderElection2] INFO  impl.RaftServerImpl (ServerState.java:setLeader(253)) - 4807b144-2c85-4659-8a46-71684e6faffd@group-43492A71F62E: change Leader from null to 4807b144-2c85-4659-8a46-71684e6faffd at term 1 for becomeLeader, leader elected after 1232ms
2019-09-18 17:09:47,095 [4807b144-2c85-4659-8a46-71684e6faffd@group-43492A71F62E:LeaderElection2] INFO  server.RaftServerConfigKeys (ConfUtils.java:logGet(43)) - raft.server.staging.catchup.gap = 1000 (default)
2019-09-18 17:09:47,096 [4807b144-2c85-4659-8a46-71684e6faffd@group-43492A71F62E:LeaderElection2] INFO  server.RaftServerConfigKeys (ConfUtils.java:logGet(43)) - raft.server.rpc.sleep.time = 25ms (default)
2019-09-18 17:09:47,096 [4807b144-2c85-4659-8a46-71684e6faffd@group-43492A71F62E:LeaderElection2] INFO  server.RaftServerConfigKeys (ConfUtils.java:logGet(43)) - raft.server.write.element-limit = 4096 (default)
2019-09-18 17:09:47,096 [4807b144-2c85-4659-8a46-71684e6faffd@group-43492A71F62E:LeaderElection2] INFO  server.RaftServerConfigKeys (ConfUtils.java:logGet(43)) - raft.server.watch.timeout = 10s (default)
2019-09-18 17:09:47,096 [4807b144-2c85-4659-8a46-71684e6faffd@group-43492A71F62E:LeaderElection2] INFO  server.RaftServerConfigKeys (ConfUtils.java:logGet(43)) - raft.server.watch.timeout.denomination = 1s (default)
2019-09-18 17:09:47,096 [4807b144-2c85-4659-8a46-71684e6faffd@group-43492A71F62E:LeaderElection2] INFO  server.RaftServerConfigKeys (ConfUtils.java:logGet(43)) - raft.server.watch.element-limit = 65536 (default)
2019-09-18 17:09:47,125 [4807b144-2c85-4659-8a46-71684e6faffd@group-43492A71F62E:LeaderElection2] INFO  impl.RoleInfo (RoleInfo.java:updateAndGet(143)) - 4807b144-2c85-4659-8a46-71684e6faffd: start LeaderState
2019-09-18 17:09:47,129 [4807b144-2c85-4659-8a46-71684e6faffd@group-43492A71F62E:LeaderElection2] INFO  segmented.SegmentedRaftLogWorker (SegmentedRaftLogWorker.java:startLogSegment(380)) - 4807b144-2c85-4659-8a46-71684e6faffd@group-43492A71F62E-SegmentedRaftLogWorker: Starting segment from index:0
2019-09-18 17:09:47,130 [4807b144-2c85-4659-8a46-71684e6faffd@group-43492A71F62E:LeaderElection2] INFO  impl.RaftServerImpl (ServerState.java:setRaftConf(354)) - 4807b144-2c85-4659-8a46-71684e6faffd@group-43492A71F62E: set configuration 0: [4807b144-2c85-4659-8a46-71684e6faffd:192.168.151.122:37839], old=null at 0
2019-09-18 17:09:47,156 [Thread-294] INFO  impl.FollowerState (FollowerState.java:run(106)) - 62d2617d-d759-46ce-9c32-c3f7d08f54db:group-A61F2AA8A0AB changes to CANDIDATE, lastRpcTime:1042, electionTimeout:1036ms
2019-09-18 17:09:47,156 [Thread-294] INFO  impl.RoleInfo (RoleInfo.java:shutdownFollowerState(121)) - 62d2617d-d759-46ce-9c32-c3f7d08f54db: shutdown FollowerState
2019-09-18 17:09:47,157 [Thread-294] INFO  impl.RaftServerImpl (RaftServerImpl.java:setRole(174)) - 62d2617d-d759-46ce-9c32-c3f7d08f54db@group-A61F2AA8A0AB: changes role from  FOLLOWER to CANDIDATE at term 0 for changeToCandidate
2019-09-18 17:09:47,157 [Thread-294] INFO  impl.RoleInfo (RoleInfo.java:updateAndGet(143)) - 62d2617d-d759-46ce-9c32-c3f7d08f54db: start LeaderElection
2019-09-18 17:09:47,169 [4807b144-2c85-4659-8a46-71684e6faffd@group-43492A71F62E-SegmentedRaftLogWorker] INFO  segmented.SegmentedRaftLogWorker (SegmentedRaftLogWorker.java:execute(569)) - 4807b144-2c85-4659-8a46-71684e6faffd@group-43492A71F62E-SegmentedRaftLogWorker: created new log segment /workdir/hadoop-ozone/integration-test/target/test-dir/MiniOzoneClusterImpl-a0535264-3a9d-47dc-a6b5-6352fdff8bcc/datanode-4/data/ratis/3f846551-58e8-4491-ad79-43492a71f62e/current/log_inprogress_0
2019-09-18 17:09:47,169 [62d2617d-d759-46ce-9c32-c3f7d08f54db@group-A61F2AA8A0AB:LeaderElection3] INFO  impl.LeaderElection (LeaderElection.java:askForVotes(182)) - 62d2617d-d759-46ce-9c32-c3f7d08f54db@group-A61F2AA8A0AB:LeaderElection3: begin an election at term 1 for -1: [62d2617d-d759-46ce-9c32-c3f7d08f54db:192.168.151.122:37326], old=null
2019-09-18 17:09:47,169 [62d2617d-d759-46ce-9c32-c3f7d08f54db@group-A61F2AA8A0AB:LeaderElection3] INFO  impl.RoleInfo (RoleInfo.java:shutdownLeaderElection(134)) - 62d2617d-d759-46ce-9c32-c3f7d08f54db: shutdown LeaderElection
2019-09-18 17:09:47,170 [62d2617d-d759-46ce-9c32-c3f7d08f54db@group-A61F2AA8A0AB:LeaderElection3] INFO  impl.RaftServerImpl (RaftServerImpl.java:setRole(174)) - 62d2617d-d759-46ce-9c32-c3f7d08f54db@group-A61F2AA8A0AB: changes role from CANDIDATE to LEADER at term 1 for changeToLeader
2019-09-18 17:09:47,170 [62d2617d-d759-46ce-9c32-c3f7d08f54db@group-A61F2AA8A0AB:LeaderElection3] INFO  impl.RaftServerImpl (ServerState.java:setLeader(253)) - 62d2617d-d759-46ce-9c32-c3f7d08f54db@group-A61F2AA8A0AB: change Leader from null to 62d2617d-d759-46ce-9c32-c3f7d08f54db at term 1 for becomeLeader, leader elected after 1069ms
2019-09-18 17:09:47,170 [62d2617d-d759-46ce-9c32-c3f7d08f54db@group-A61F2AA8A0AB:LeaderElection3] INFO  server.RaftServerConfigKeys (ConfUtils.java:logGet(43)) - raft.server.staging.catchup.gap = 1000 (default)
2019-09-18 17:09:47,170 [62d2617d-d759-46ce-9c32-c3f7d08f54db@group-A61F2AA8A0AB:LeaderElection3] INFO  server.RaftServerConfigKeys (ConfUtils.java:logGet(43)) - raft.server.rpc.sleep.time = 25ms (default)
2019-09-18 17:09:47,170 [62d2617d-d759-46ce-9c32-c3f7d08f54db@group-A61F2AA8A0AB:LeaderElection3] INFO  server.RaftServerConfigKeys (ConfUtils.java:logGet(43)) - raft.server.write.element-limit = 4096 (default)
2019-09-18 17:09:47,170 [62d2617d-d759-46ce-9c32-c3f7d08f54db@group-A61F2AA8A0AB:LeaderElection3] INFO  server.RaftServerConfigKeys (ConfUtils.java:logGet(43)) - raft.server.watch.timeout = 10s (default)
2019-09-18 17:09:47,170 [62d2617d-d759-46ce-9c32-c3f7d08f54db@group-A61F2AA8A0AB:LeaderElection3] INFO  server.RaftServerConfigKeys (ConfUtils.java:logGet(43)) - raft.server.watch.timeout.denomination = 1s (default)
2019-09-18 17:09:47,170 [62d2617d-d759-46ce-9c32-c3f7d08f54db@group-A61F2AA8A0AB:LeaderElection3] INFO  server.RaftServerConfigKeys (ConfUtils.java:logGet(43)) - raft.server.watch.element-limit = 65536 (default)
2019-09-18 17:09:47,172 [62d2617d-d759-46ce-9c32-c3f7d08f54db@group-A61F2AA8A0AB:LeaderElection3] INFO  impl.RoleInfo (RoleInfo.java:updateAndGet(143)) - 62d2617d-d759-46ce-9c32-c3f7d08f54db: start LeaderState
2019-09-18 17:09:47,172 [62d2617d-d759-46ce-9c32-c3f7d08f54db@group-A61F2AA8A0AB:LeaderElection3] INFO  segmented.SegmentedRaftLogWorker (SegmentedRaftLogWorker.java:startLogSegment(380)) - 62d2617d-d759-46ce-9c32-c3f7d08f54db@group-A61F2AA8A0AB-SegmentedRaftLogWorker: Starting segment from index:0
2019-09-18 17:09:47,173 [62d2617d-d759-46ce-9c32-c3f7d08f54db@group-A61F2AA8A0AB:LeaderElection3] INFO  impl.RaftServerImpl (ServerState.java:setRaftConf(354)) - 62d2617d-d759-46ce-9c32-c3f7d08f54db@group-A61F2AA8A0AB: set configuration 0: [62d2617d-d759-46ce-9c32-c3f7d08f54db:192.168.151.122:37326], old=null at 0
2019-09-18 17:09:47,215 [62d2617d-d759-46ce-9c32-c3f7d08f54db@group-A61F2AA8A0AB-SegmentedRaftLogWorker] INFO  segmented.SegmentedRaftLogWorker (SegmentedRaftLogWorker.java:execute(569)) - 62d2617d-d759-46ce-9c32-c3f7d08f54db@group-A61F2AA8A0AB-SegmentedRaftLogWorker: created new log segment /workdir/hadoop-ozone/integration-test/target/test-dir/MiniOzoneClusterImpl-a0535264-3a9d-47dc-a6b5-6352fdff8bcc/datanode-6/data/ratis/f6910501-fc42-4762-ab89-a61f2aa8a0ab/current/log_inprogress_0
2019-09-18 17:09:47,218 [Thread-291] INFO  impl.FollowerState (FollowerState.java:run(106)) - b4ae2fc6-33d9-4c1f-ba2b-766eed3c72c1:group-57D1ABA3967B changes to CANDIDATE, lastRpcTime:1182, electionTimeout:1180ms
2019-09-18 17:09:47,219 [Thread-291] INFO  impl.RoleInfo (RoleInfo.java:shutdownFollowerState(121)) - b4ae2fc6-33d9-4c1f-ba2b-766eed3c72c1: shutdown FollowerState
2019-09-18 17:09:47,219 [Thread-291] INFO  impl.RaftServerImpl (RaftServerImpl.java:setRole(174)) - b4ae2fc6-33d9-4c1f-ba2b-766eed3c72c1@group-57D1ABA3967B: changes role from  FOLLOWER to CANDIDATE at term 0 for changeToCandidate
2019-09-18 17:09:47,219 [Thread-291] INFO  impl.RoleInfo (RoleInfo.java:updateAndGet(143)) - b4ae2fc6-33d9-4c1f-ba2b-766eed3c72c1: start LeaderElection
2019-09-18 17:09:47,231 [b4ae2fc6-33d9-4c1f-ba2b-766eed3c72c1@group-57D1ABA3967B:LeaderElection4] INFO  impl.LeaderElection (LeaderElection.java:askForVotes(182)) - b4ae2fc6-33d9-4c1f-ba2b-766eed3c72c1@group-57D1ABA3967B:LeaderElection4: begin an election at term 1 for -1: [b4ae2fc6-33d9-4c1f-ba2b-766eed3c72c1:192.168.151.122:37678], old=null
2019-09-18 17:09:47,231 [b4ae2fc6-33d9-4c1f-ba2b-766eed3c72c1@group-57D1ABA3967B:LeaderElection4] INFO  impl.RoleInfo (RoleInfo.java:shutdownLeaderElection(134)) - b4ae2fc6-33d9-4c1f-ba2b-766eed3c72c1: shutdown LeaderElection
2019-09-18 17:09:47,231 [b4ae2fc6-33d9-4c1f-ba2b-766eed3c72c1@group-57D1ABA3967B:LeaderElection4] INFO  impl.RaftServerImpl (RaftServerImpl.java:setRole(174)) - b4ae2fc6-33d9-4c1f-ba2b-766eed3c72c1@group-57D1ABA3967B: changes role from CANDIDATE to LEADER at term 1 for changeToLeader
2019-09-18 17:09:47,232 [b4ae2fc6-33d9-4c1f-ba2b-766eed3c72c1@group-57D1ABA3967B:LeaderElection4] INFO  impl.RaftServerImpl (ServerState.java:setLeader(253)) - b4ae2fc6-33d9-4c1f-ba2b-766eed3c72c1@group-57D1ABA3967B: change Leader from null to b4ae2fc6-33d9-4c1f-ba2b-766eed3c72c1 at term 1 for becomeLeader, leader elected after 1246ms
2019-09-18 17:09:47,232 [b4ae2fc6-33d9-4c1f-ba2b-766eed3c72c1@group-57D1ABA3967B:LeaderElection4] INFO  server.RaftServerConfigKeys (ConfUtils.java:logGet(43)) - raft.server.staging.catchup.gap = 1000 (default)
2019-09-18 17:09:47,232 [b4ae2fc6-33d9-4c1f-ba2b-766eed3c72c1@group-57D1ABA3967B:LeaderElection4] INFO  server.RaftServerConfigKeys (ConfUtils.java:logGet(43)) - raft.server.rpc.sleep.time = 25ms (default)
2019-09-18 17:09:47,232 [b4ae2fc6-33d9-4c1f-ba2b-766eed3c72c1@group-57D1ABA3967B:LeaderElection4] INFO  server.RaftServerConfigKeys (ConfUtils.java:logGet(43)) - raft.server.write.element-limit = 4096 (default)
2019-09-18 17:09:47,232 [b4ae2fc6-33d9-4c1f-ba2b-766eed3c72c1@group-57D1ABA3967B:LeaderElection4] INFO  server.RaftServerConfigKeys (ConfUtils.java:logGet(43)) - raft.server.watch.timeout = 10s (default)
2019-09-18 17:09:47,232 [b4ae2fc6-33d9-4c1f-ba2b-766eed3c72c1@group-57D1ABA3967B:LeaderElection4] INFO  server.RaftServerConfigKeys (ConfUtils.java:logGet(43)) - raft.server.watch.timeout.denomination = 1s (default)
2019-09-18 17:09:47,232 [b4ae2fc6-33d9-4c1f-ba2b-766eed3c72c1@group-57D1ABA3967B:LeaderElection4] INFO  server.RaftServerConfigKeys (ConfUtils.java:logGet(43)) - raft.server.watch.element-limit = 65536 (default)
2019-09-18 17:09:47,234 [b4ae2fc6-33d9-4c1f-ba2b-766eed3c72c1@group-57D1ABA3967B:LeaderElection4] INFO  impl.RoleInfo (RoleInfo.java:updateAndGet(143)) - b4ae2fc6-33d9-4c1f-ba2b-766eed3c72c1: start LeaderState
2019-09-18 17:09:47,234 [b4ae2fc6-33d9-4c1f-ba2b-766eed3c72c1@group-57D1ABA3967B:LeaderElection4] INFO  segmented.SegmentedRaftLogWorker (SegmentedRaftLogWorker.java:startLogSegment(380)) - b4ae2fc6-33d9-4c1f-ba2b-766eed3c72c1@group-57D1ABA3967B-SegmentedRaftLogWorker: Starting segment from index:0
2019-09-18 17:09:47,235 [b4ae2fc6-33d9-4c1f-ba2b-766eed3c72c1@group-57D1ABA3967B:LeaderElection4] INFO  impl.RaftServerImpl (ServerState.java:setRaftConf(354)) - b4ae2fc6-33d9-4c1f-ba2b-766eed3c72c1@group-57D1ABA3967B: set configuration 0: [b4ae2fc6-33d9-4c1f-ba2b-766eed3c72c1:192.168.151.122:37678], old=null at 0
2019-09-18 17:09:47,273 [Thread-297] INFO  impl.FollowerState (FollowerState.java:run(106)) - 78cf3f4b-2ba3-4c47-8363-becf5fcab44c:group-33FFF70EC92C changes to CANDIDATE, lastRpcTime:1079, electionTimeout:1043ms
2019-09-18 17:09:47,273 [Thread-297] INFO  impl.RoleInfo (RoleInfo.java:shutdownFollowerState(121)) - 78cf3f4b-2ba3-4c47-8363-becf5fcab44c: shutdown FollowerState
2019-09-18 17:09:47,275 [Thread-297] INFO  impl.RaftServerImpl (RaftServerImpl.java:setRole(174)) - 78cf3f4b-2ba3-4c47-8363-becf5fcab44c@group-33FFF70EC92C: changes role from  FOLLOWER to CANDIDATE at term 0 for changeToCandidate
2019-09-18 17:09:47,275 [Thread-297] INFO  impl.RoleInfo (RoleInfo.java:updateAndGet(143)) - 78cf3f4b-2ba3-4c47-8363-becf5fcab44c: start LeaderElection
2019-09-18 17:09:47,286 [b4ae2fc6-33d9-4c1f-ba2b-766eed3c72c1@group-57D1ABA3967B-SegmentedRaftLogWorker] INFO  segmented.SegmentedRaftLogWorker (SegmentedRaftLogWorker.java:execute(569)) - b4ae2fc6-33d9-4c1f-ba2b-766eed3c72c1@group-57D1ABA3967B-SegmentedRaftLogWorker: created new log segment /workdir/hadoop-ozone/integration-test/target/test-dir/MiniOzoneClusterImpl-a0535264-3a9d-47dc-a6b5-6352fdff8bcc/datanode-8/data/ratis/d027d6cd-8ad9-46fe-8e8b-57d1aba3967b/current/log_inprogress_0
2019-09-18 17:09:47,286 [78cf3f4b-2ba3-4c47-8363-becf5fcab44c@group-33FFF70EC92C:LeaderElection5] INFO  impl.LeaderElection (LeaderElection.java:askForVotes(182)) - 78cf3f4b-2ba3-4c47-8363-becf5fcab44c@group-33FFF70EC92C:LeaderElection5: begin an election at term 1 for -1: [78cf3f4b-2ba3-4c47-8363-becf5fcab44c:192.168.151.122:41660], old=null
2019-09-18 17:09:47,286 [78cf3f4b-2ba3-4c47-8363-becf5fcab44c@group-33FFF70EC92C:LeaderElection5] INFO  impl.RoleInfo (RoleInfo.java:shutdownLeaderElection(134)) - 78cf3f4b-2ba3-4c47-8363-becf5fcab44c: shutdown LeaderElection
2019-09-18 17:09:47,286 [78cf3f4b-2ba3-4c47-8363-becf5fcab44c@group-33FFF70EC92C:LeaderElection5] INFO  impl.RaftServerImpl (RaftServerImpl.java:setRole(174)) - 78cf3f4b-2ba3-4c47-8363-becf5fcab44c@group-33FFF70EC92C: changes role from CANDIDATE to LEADER at term 1 for changeToLeader
2019-09-18 17:09:47,286 [78cf3f4b-2ba3-4c47-8363-becf5fcab44c@group-33FFF70EC92C:LeaderElection5] INFO  impl.RaftServerImpl (ServerState.java:setLeader(253)) - 78cf3f4b-2ba3-4c47-8363-becf5fcab44c@group-33FFF70EC92C: change Leader from null to 78cf3f4b-2ba3-4c47-8363-becf5fcab44c at term 1 for becomeLeader, leader elected after 1102ms
2019-09-18 17:09:47,286 [78cf3f4b-2ba3-4c47-8363-becf5fcab44c@group-33FFF70EC92C:LeaderElection5] INFO  server.RaftServerConfigKeys (ConfUtils.java:logGet(43)) - raft.server.staging.catchup.gap = 1000 (default)
2019-09-18 17:09:47,287 [78cf3f4b-2ba3-4c47-8363-becf5fcab44c@group-33FFF70EC92C:LeaderElection5] INFO  server.RaftServerConfigKeys (ConfUtils.java:logGet(43)) - raft.server.rpc.sleep.time = 25ms (default)
2019-09-18 17:09:47,287 [78cf3f4b-2ba3-4c47-8363-becf5fcab44c@group-33FFF70EC92C:LeaderElection5] INFO  server.RaftServerConfigKeys (ConfUtils.java:logGet(43)) - raft.server.write.element-limit = 4096 (default)
2019-09-18 17:09:47,287 [78cf3f4b-2ba3-4c47-8363-becf5fcab44c@group-33FFF70EC92C:LeaderElection5] INFO  server.RaftServerConfigKeys (ConfUtils.java:logGet(43)) - raft.server.watch.timeout = 10s (default)
2019-09-18 17:09:47,287 [78cf3f4b-2ba3-4c47-8363-becf5fcab44c@group-33FFF70EC92C:LeaderElection5] INFO  server.RaftServerConfigKeys (ConfUtils.java:logGet(43)) - raft.server.watch.timeout.denomination = 1s (default)
2019-09-18 17:09:47,287 [78cf3f4b-2ba3-4c47-8363-becf5fcab44c@group-33FFF70EC92C:LeaderElection5] INFO  server.RaftServerConfigKeys (ConfUtils.java:logGet(43)) - raft.server.watch.element-limit = 65536 (default)
2019-09-18 17:09:47,289 [78cf3f4b-2ba3-4c47-8363-becf5fcab44c@group-33FFF70EC92C:LeaderElection5] INFO  impl.RoleInfo (RoleInfo.java:updateAndGet(143)) - 78cf3f4b-2ba3-4c47-8363-becf5fcab44c: start LeaderState
2019-09-18 17:09:47,289 [78cf3f4b-2ba3-4c47-8363-becf5fcab44c@group-33FFF70EC92C:LeaderElection5] INFO  segmented.SegmentedRaftLogWorker (SegmentedRaftLogWorker.java:startLogSegment(380)) - 78cf3f4b-2ba3-4c47-8363-becf5fcab44c@group-33FFF70EC92C-SegmentedRaftLogWorker: Starting segment from index:0
2019-09-18 17:09:47,290 [78cf3f4b-2ba3-4c47-8363-becf5fcab44c@group-33FFF70EC92C:LeaderElection5] INFO  impl.RaftServerImpl (ServerState.java:setRaftConf(354)) - 78cf3f4b-2ba3-4c47-8363-becf5fcab44c@group-33FFF70EC92C: set configuration 0: [78cf3f4b-2ba3-4c47-8363-becf5fcab44c:192.168.151.122:41660], old=null at 0
2019-09-18 17:09:47,329 [Thread-300] INFO  impl.FollowerState (FollowerState.java:run(106)) - 77addda6-fc28-4fe0-a9c9-ddb04539ca78:group-457D4FD2217F changes to CANDIDATE, lastRpcTime:1069, electionTimeout:1069ms
2019-09-18 17:09:47,338 [78cf3f4b-2ba3-4c47-8363-becf5fcab44c@group-33FFF70EC92C-SegmentedRaftLogWorker] INFO  segmented.SegmentedRaftLogWorker (SegmentedRaftLogWorker.java:execute(569)) - 78cf3f4b-2ba3-4c47-8363-becf5fcab44c@group-33FFF70EC92C-SegmentedRaftLogWorker: created new log segment /workdir/hadoop-ozone/integration-test/target/test-dir/MiniOzoneClusterImpl-a0535264-3a9d-47dc-a6b5-6352fdff8bcc/datanode-1/data/ratis/349cc9e5-fd18-47a4-8e08-33fff70ec92c/current/log_inprogress_0
2019-09-18 17:09:47,338 [Thread-300] INFO  impl.RoleInfo (RoleInfo.java:shutdownFollowerState(121)) - 77addda6-fc28-4fe0-a9c9-ddb04539ca78: shutdown FollowerState
2019-09-18 17:09:47,338 [Thread-300] INFO  impl.RaftServerImpl (RaftServerImpl.java:setRole(174)) - 77addda6-fc28-4fe0-a9c9-ddb04539ca78@group-457D4FD2217F: changes role from  FOLLOWER to CANDIDATE at term 0 for changeToCandidate
2019-09-18 17:09:47,339 [Thread-300] INFO  impl.RoleInfo (RoleInfo.java:updateAndGet(143)) - 77addda6-fc28-4fe0-a9c9-ddb04539ca78: start LeaderElection
2019-09-18 17:09:47,347 [main] INFO  rpc.RpcClient (RpcClient.java:createVolume(302)) - Creating Volume: datanodefailurehandlingtest, with jenkins1000 as owner.
2019-09-18 17:09:47,352 [77addda6-fc28-4fe0-a9c9-ddb04539ca78@group-457D4FD2217F:LeaderElection6] INFO  impl.LeaderElection (LeaderElection.java:askForVotes(182)) - 77addda6-fc28-4fe0-a9c9-ddb04539ca78@group-457D4FD2217F:LeaderElection6: begin an election at term 1 for -1: [77addda6-fc28-4fe0-a9c9-ddb04539ca78:192.168.151.122:43343], old=null
2019-09-18 17:09:47,352 [77addda6-fc28-4fe0-a9c9-ddb04539ca78@group-457D4FD2217F:LeaderElection6] INFO  impl.RoleInfo (RoleInfo.java:shutdownLeaderElection(134)) - 77addda6-fc28-4fe0-a9c9-ddb04539ca78: shutdown LeaderElection
2019-09-18 17:09:47,353 [77addda6-fc28-4fe0-a9c9-ddb04539ca78@group-457D4FD2217F:LeaderElection6] INFO  impl.RaftServerImpl (RaftServerImpl.java:setRole(174)) - 77addda6-fc28-4fe0-a9c9-ddb04539ca78@group-457D4FD2217F: changes role from CANDIDATE to LEADER at term 1 for changeToLeader
2019-09-18 17:09:47,353 [77addda6-fc28-4fe0-a9c9-ddb04539ca78@group-457D4FD2217F:LeaderElection6] INFO  impl.RaftServerImpl (ServerState.java:setLeader(253)) - 77addda6-fc28-4fe0-a9c9-ddb04539ca78@group-457D4FD2217F: change Leader from null to 77addda6-fc28-4fe0-a9c9-ddb04539ca78 at term 1 for becomeLeader, leader elected after 1108ms
2019-09-18 17:09:47,353 [77addda6-fc28-4fe0-a9c9-ddb04539ca78@group-457D4FD2217F:LeaderElection6] INFO  server.RaftServerConfigKeys (ConfUtils.java:logGet(43)) - raft.server.staging.catchup.gap = 1000 (default)
2019-09-18 17:09:47,354 [77addda6-fc28-4fe0-a9c9-ddb04539ca78@group-457D4FD2217F:LeaderElection6] INFO  server.RaftServerConfigKeys (ConfUtils.java:logGet(43)) - raft.server.rpc.sleep.time = 25ms (default)
2019-09-18 17:09:47,355 [77addda6-fc28-4fe0-a9c9-ddb04539ca78@group-457D4FD2217F:LeaderElection6] INFO  server.RaftServerConfigKeys (ConfUtils.java:logGet(43)) - raft.server.write.element-limit = 4096 (default)
2019-09-18 17:09:47,355 [77addda6-fc28-4fe0-a9c9-ddb04539ca78@group-457D4FD2217F:LeaderElection6] INFO  server.RaftServerConfigKeys (ConfUtils.java:logGet(43)) - raft.server.watch.timeout = 10s (default)
2019-09-18 17:09:47,355 [77addda6-fc28-4fe0-a9c9-ddb04539ca78@group-457D4FD2217F:LeaderElection6] INFO  server.RaftServerConfigKeys (ConfUtils.java:logGet(43)) - raft.server.watch.timeout.denomination = 1s (default)
2019-09-18 17:09:47,355 [77addda6-fc28-4fe0-a9c9-ddb04539ca78@group-457D4FD2217F:LeaderElection6] INFO  server.RaftServerConfigKeys (ConfUtils.java:logGet(43)) - raft.server.watch.element-limit = 65536 (default)
2019-09-18 17:09:47,357 [77addda6-fc28-4fe0-a9c9-ddb04539ca78@group-457D4FD2217F:LeaderElection6] INFO  impl.RoleInfo (RoleInfo.java:updateAndGet(143)) - 77addda6-fc28-4fe0-a9c9-ddb04539ca78: start LeaderState
2019-09-18 17:09:47,358 [77addda6-fc28-4fe0-a9c9-ddb04539ca78@group-457D4FD2217F:LeaderElection6] INFO  segmented.SegmentedRaftLogWorker (SegmentedRaftLogWorker.java:startLogSegment(380)) - 77addda6-fc28-4fe0-a9c9-ddb04539ca78@group-457D4FD2217F-SegmentedRaftLogWorker: Starting segment from index:0
2019-09-18 17:09:47,358 [77addda6-fc28-4fe0-a9c9-ddb04539ca78@group-457D4FD2217F:LeaderElection6] INFO  impl.RaftServerImpl (ServerState.java:setRaftConf(354)) - 77addda6-fc28-4fe0-a9c9-ddb04539ca78@group-457D4FD2217F: set configuration 0: [77addda6-fc28-4fe0-a9c9-ddb04539ca78:192.168.151.122:43343], old=null at 0
2019-09-18 17:09:47,396 [77addda6-fc28-4fe0-a9c9-ddb04539ca78@group-457D4FD2217F-SegmentedRaftLogWorker] INFO  segmented.SegmentedRaftLogWorker (SegmentedRaftLogWorker.java:execute(569)) - 77addda6-fc28-4fe0-a9c9-ddb04539ca78@group-457D4FD2217F-SegmentedRaftLogWorker: created new log segment /workdir/hadoop-ozone/integration-test/target/test-dir/MiniOzoneClusterImpl-a0535264-3a9d-47dc-a6b5-6352fdff8bcc/datanode-5/data/ratis/0722ba57-46cb-4224-830c-457d4fd2217f/current/log_inprogress_0
2019-09-18 17:09:47,739 [Thread-309] INFO  impl.FollowerState (FollowerState.java:run(106)) - 9060795c-f318-48a7-8c5f-b9c772b9291e:group-EC0DB46F5AE1 changes to CANDIDATE, lastRpcTime:1295, electionTimeout:1037ms
2019-09-18 17:09:47,739 [Thread-303] INFO  impl.FollowerState (FollowerState.java:run(106)) - c79c5a76-aee4-4242-a106-dd0d04c341ff:group-B8F35F5892D5 changes to CANDIDATE, lastRpcTime:1424, electionTimeout:1200ms
2019-09-18 17:09:47,742 [Thread-309] INFO  impl.RoleInfo (RoleInfo.java:shutdownFollowerState(121)) - 9060795c-f318-48a7-8c5f-b9c772b9291e: shutdown FollowerState
2019-09-18 17:09:47,739 [Thread-306] INFO  impl.FollowerState (FollowerState.java:run(106)) - 1abc736a-4830-4c4e-94c6-330cfb37cbd9:group-148DFA6B88FF changes to CANDIDATE, lastRpcTime:1365, electionTimeout:1106ms
2019-09-18 17:09:47,743 [Thread-303] INFO  impl.RoleInfo (RoleInfo.java:shutdownFollowerState(121)) - c79c5a76-aee4-4242-a106-dd0d04c341ff: shutdown FollowerState
2019-09-18 17:09:47,743 [Thread-306] INFO  impl.RoleInfo (RoleInfo.java:shutdownFollowerState(121)) - 1abc736a-4830-4c4e-94c6-330cfb37cbd9: shutdown FollowerState
2019-09-18 17:09:47,743 [Thread-309] INFO  impl.RaftServerImpl (RaftServerImpl.java:setRole(174)) - 9060795c-f318-48a7-8c5f-b9c772b9291e@group-EC0DB46F5AE1: changes role from  FOLLOWER to CANDIDATE at term 0 for changeToCandidate
2019-09-18 17:09:47,743 [Thread-303] INFO  impl.RaftServerImpl (RaftServerImpl.java:setRole(174)) - c79c5a76-aee4-4242-a106-dd0d04c341ff@group-B8F35F5892D5: changes role from  FOLLOWER to CANDIDATE at term 0 for changeToCandidate
2019-09-18 17:09:47,746 [Thread-309] INFO  impl.RoleInfo (RoleInfo.java:updateAndGet(143)) - 9060795c-f318-48a7-8c5f-b9c772b9291e: start LeaderElection
2019-09-18 17:09:47,746 [Thread-306] INFO  impl.RaftServerImpl (RaftServerImpl.java:setRole(174)) - 1abc736a-4830-4c4e-94c6-330cfb37cbd9@group-148DFA6B88FF: changes role from  FOLLOWER to CANDIDATE at term 0 for changeToCandidate
2019-09-18 17:09:47,746 [Thread-303] INFO  impl.RoleInfo (RoleInfo.java:updateAndGet(143)) - c79c5a76-aee4-4242-a106-dd0d04c341ff: start LeaderElection
2019-09-18 17:09:47,754 [Thread-306] INFO  impl.RoleInfo (RoleInfo.java:updateAndGet(143)) - 1abc736a-4830-4c4e-94c6-330cfb37cbd9: start LeaderElection
2019-09-18 17:09:47,781 [1abc736a-4830-4c4e-94c6-330cfb37cbd9@group-148DFA6B88FF:LeaderElection9] INFO  impl.LeaderElection (LeaderElection.java:askForVotes(182)) - 1abc736a-4830-4c4e-94c6-330cfb37cbd9@group-148DFA6B88FF:LeaderElection9: begin an election at term 1 for -1: [1abc736a-4830-4c4e-94c6-330cfb37cbd9:192.168.151.122:42374], old=null
2019-09-18 17:09:47,781 [c79c5a76-aee4-4242-a106-dd0d04c341ff@group-B8F35F5892D5:LeaderElection8] INFO  impl.LeaderElection (LeaderElection.java:askForVotes(182)) - c79c5a76-aee4-4242-a106-dd0d04c341ff@group-B8F35F5892D5:LeaderElection8: begin an election at term 1 for -1: [c79c5a76-aee4-4242-a106-dd0d04c341ff:192.168.151.122:46461], old=null
2019-09-18 17:09:47,781 [1abc736a-4830-4c4e-94c6-330cfb37cbd9@group-148DFA6B88FF:LeaderElection9] INFO  impl.RoleInfo (RoleInfo.java:shutdownLeaderElection(134)) - 1abc736a-4830-4c4e-94c6-330cfb37cbd9: shutdown LeaderElection
2019-09-18 17:09:47,781 [9060795c-f318-48a7-8c5f-b9c772b9291e@group-EC0DB46F5AE1:LeaderElection7] INFO  impl.LeaderElection (LeaderElection.java:askForVotes(182)) - 9060795c-f318-48a7-8c5f-b9c772b9291e@group-EC0DB46F5AE1:LeaderElection7: begin an election at term 1 for -1: [9060795c-f318-48a7-8c5f-b9c772b9291e:192.168.151.122:37562], old=null
2019-09-18 17:09:47,781 [1abc736a-4830-4c4e-94c6-330cfb37cbd9@group-148DFA6B88FF:LeaderElection9] INFO  impl.RaftServerImpl (RaftServerImpl.java:setRole(174)) - 1abc736a-4830-4c4e-94c6-330cfb37cbd9@group-148DFA6B88FF: changes role from CANDIDATE to LEADER at term 1 for changeToLeader
2019-09-18 17:09:47,781 [c79c5a76-aee4-4242-a106-dd0d04c341ff@group-B8F35F5892D5:LeaderElection8] INFO  impl.RoleInfo (RoleInfo.java:shutdownLeaderElection(134)) - c79c5a76-aee4-4242-a106-dd0d04c341ff: shutdown LeaderElection
2019-09-18 17:09:47,781 [1abc736a-4830-4c4e-94c6-330cfb37cbd9@group-148DFA6B88FF:LeaderElection9] INFO  impl.RaftServerImpl (ServerState.java:setLeader(253)) - 1abc736a-4830-4c4e-94c6-330cfb37cbd9@group-148DFA6B88FF: change Leader from null to 1abc736a-4830-4c4e-94c6-330cfb37cbd9 at term 1 for becomeLeader, leader elected after 1414ms
2019-09-18 17:09:47,781 [9060795c-f318-48a7-8c5f-b9c772b9291e@group-EC0DB46F5AE1:LeaderElection7] INFO  impl.RoleInfo (RoleInfo.java:shutdownLeaderElection(134)) - 9060795c-f318-48a7-8c5f-b9c772b9291e: shutdown LeaderElection
2019-09-18 17:09:47,781 [1abc736a-4830-4c4e-94c6-330cfb37cbd9@group-148DFA6B88FF:LeaderElection9] INFO  server.RaftServerConfigKeys (ConfUtils.java:logGet(43)) - raft.server.staging.catchup.gap = 1000 (default)
2019-09-18 17:09:47,781 [c79c5a76-aee4-4242-a106-dd0d04c341ff@group-B8F35F5892D5:LeaderElection8] INFO  impl.RaftServerImpl (RaftServerImpl.java:setRole(174)) - c79c5a76-aee4-4242-a106-dd0d04c341ff@group-B8F35F5892D5: changes role from CANDIDATE to LEADER at term 1 for changeToLeader
2019-09-18 17:09:47,782 [1abc736a-4830-4c4e-94c6-330cfb37cbd9@group-148DFA6B88FF:LeaderElection9] INFO  server.RaftServerConfigKeys (ConfUtils.java:logGet(43)) - raft.server.rpc.sleep.time = 25ms (default)
2019-09-18 17:09:47,781 [9060795c-f318-48a7-8c5f-b9c772b9291e@group-EC0DB46F5AE1:LeaderElection7] INFO  impl.RaftServerImpl (RaftServerImpl.java:setRole(174)) - 9060795c-f318-48a7-8c5f-b9c772b9291e@group-EC0DB46F5AE1: changes role from CANDIDATE to LEADER at term 1 for changeToLeader
2019-09-18 17:09:47,782 [c79c5a76-aee4-4242-a106-dd0d04c341ff@group-B8F35F5892D5:LeaderElection8] INFO  impl.RaftServerImpl (ServerState.java:setLeader(253)) - c79c5a76-aee4-4242-a106-dd0d04c341ff@group-B8F35F5892D5: change Leader from null to c79c5a76-aee4-4242-a106-dd0d04c341ff at term 1 for becomeLeader, leader elected after 1474ms
2019-09-18 17:09:47,782 [1abc736a-4830-4c4e-94c6-330cfb37cbd9@group-148DFA6B88FF:LeaderElection9] INFO  server.RaftServerConfigKeys (ConfUtils.java:logGet(43)) - raft.server.write.element-limit = 4096 (default)
2019-09-18 17:09:47,782 [9060795c-f318-48a7-8c5f-b9c772b9291e@group-EC0DB46F5AE1:LeaderElection7] INFO  impl.RaftServerImpl (ServerState.java:setLeader(253)) - 9060795c-f318-48a7-8c5f-b9c772b9291e@group-EC0DB46F5AE1: change Leader from null to 9060795c-f318-48a7-8c5f-b9c772b9291e at term 1 for becomeLeader, leader elected after 1348ms
2019-09-18 17:09:47,782 [1abc736a-4830-4c4e-94c6-330cfb37cbd9@group-148DFA6B88FF:LeaderElection9] INFO  server.RaftServerConfigKeys (ConfUtils.java:logGet(43)) - raft.server.watch.timeout = 10s (default)
2019-09-18 17:09:47,782 [c79c5a76-aee4-4242-a106-dd0d04c341ff@group-B8F35F5892D5:LeaderElection8] INFO  server.RaftServerConfigKeys (ConfUtils.java:logGet(43)) - raft.server.staging.catchup.gap = 1000 (default)
2019-09-18 17:09:47,782 [1abc736a-4830-4c4e-94c6-330cfb37cbd9@group-148DFA6B88FF:LeaderElection9] INFO  server.RaftServerConfigKeys (ConfUtils.java:logGet(43)) - raft.server.watch.timeout.denomination = 1s (default)
2019-09-18 17:09:47,782 [9060795c-f318-48a7-8c5f-b9c772b9291e@group-EC0DB46F5AE1:LeaderElection7] INFO  server.RaftServerConfigKeys (ConfUtils.java:logGet(43)) - raft.server.staging.catchup.gap = 1000 (default)
2019-09-18 17:09:47,782 [1abc736a-4830-4c4e-94c6-330cfb37cbd9@group-148DFA6B88FF:LeaderElection9] INFO  server.RaftServerConfigKeys (ConfUtils.java:logGet(43)) - raft.server.watch.element-limit = 65536 (default)
2019-09-18 17:09:47,782 [c79c5a76-aee4-4242-a106-dd0d04c341ff@group-B8F35F5892D5:LeaderElection8] INFO  server.RaftServerConfigKeys (ConfUtils.java:logGet(43)) - raft.server.rpc.sleep.time = 25ms (default)
2019-09-18 17:09:47,783 [9060795c-f318-48a7-8c5f-b9c772b9291e@group-EC0DB46F5AE1:LeaderElection7] INFO  server.RaftServerConfigKeys (ConfUtils.java:logGet(43)) - raft.server.rpc.sleep.time = 25ms (default)
2019-09-18 17:09:47,783 [c79c5a76-aee4-4242-a106-dd0d04c341ff@group-B8F35F5892D5:LeaderElection8] INFO  server.RaftServerConfigKeys (ConfUtils.java:logGet(43)) - raft.server.write.element-limit = 4096 (default)
2019-09-18 17:09:47,783 [9060795c-f318-48a7-8c5f-b9c772b9291e@group-EC0DB46F5AE1:LeaderElection7] INFO  server.RaftServerConfigKeys (ConfUtils.java:logGet(43)) - raft.server.write.element-limit = 4096 (default)
2019-09-18 17:09:47,783 [c79c5a76-aee4-4242-a106-dd0d04c341ff@group-B8F35F5892D5:LeaderElection8] INFO  server.RaftServerConfigKeys (ConfUtils.java:logGet(43)) - raft.server.watch.timeout = 10s (default)
2019-09-18 17:09:47,783 [9060795c-f318-48a7-8c5f-b9c772b9291e@group-EC0DB46F5AE1:LeaderElection7] INFO  server.RaftServerConfigKeys (ConfUtils.java:logGet(43)) - raft.server.watch.timeout = 10s (default)
2019-09-18 17:09:47,783 [c79c5a76-aee4-4242-a106-dd0d04c341ff@group-B8F35F5892D5:LeaderElection8] INFO  server.RaftServerConfigKeys (ConfUtils.java:logGet(43)) - raft.server.watch.timeout.denomination = 1s (default)
2019-09-18 17:09:47,783 [9060795c-f318-48a7-8c5f-b9c772b9291e@group-EC0DB46F5AE1:LeaderElection7] INFO  server.RaftServerConfigKeys (ConfUtils.java:logGet(43)) - raft.server.watch.timeout.denomination = 1s (default)
2019-09-18 17:09:47,783 [c79c5a76-aee4-4242-a106-dd0d04c341ff@group-B8F35F5892D5:LeaderElection8] INFO  server.RaftServerConfigKeys (ConfUtils.java:logGet(43)) - raft.server.watch.element-limit = 65536 (default)
2019-09-18 17:09:47,783 [9060795c-f318-48a7-8c5f-b9c772b9291e@group-EC0DB46F5AE1:LeaderElection7] INFO  server.RaftServerConfigKeys (ConfUtils.java:logGet(43)) - raft.server.watch.element-limit = 65536 (default)
2019-09-18 17:09:47,786 [Thread-312] INFO  impl.FollowerState (FollowerState.java:run(106)) - 79a64b58-83b2-41e5-8e31-5442cbf358c7:group-1D477B5D9525 changes to CANDIDATE, lastRpcTime:1175, electionTimeout:1172ms
2019-09-18 17:09:47,786 [Thread-312] INFO  impl.RoleInfo (RoleInfo.java:shutdownFollowerState(121)) - 79a64b58-83b2-41e5-8e31-5442cbf358c7: shutdown FollowerState
2019-09-18 17:09:47,786 [Thread-312] INFO  impl.RaftServerImpl (RaftServerImpl.java:setRole(174)) - 79a64b58-83b2-41e5-8e31-5442cbf358c7@group-1D477B5D9525: changes role from  FOLLOWER to CANDIDATE at term 0 for changeToCandidate
2019-09-18 17:09:47,786 [Thread-312] INFO  impl.RoleInfo (RoleInfo.java:updateAndGet(143)) - 79a64b58-83b2-41e5-8e31-5442cbf358c7: start LeaderElection
2019-09-18 17:09:47,794 [1abc736a-4830-4c4e-94c6-330cfb37cbd9@group-148DFA6B88FF:LeaderElection9] INFO  impl.RoleInfo (RoleInfo.java:updateAndGet(143)) - 1abc736a-4830-4c4e-94c6-330cfb37cbd9: start LeaderState
2019-09-18 17:09:47,794 [9060795c-f318-48a7-8c5f-b9c772b9291e@group-EC0DB46F5AE1:LeaderElection7] INFO  impl.RoleInfo (RoleInfo.java:updateAndGet(143)) - 9060795c-f318-48a7-8c5f-b9c772b9291e: start LeaderState
2019-09-18 17:09:47,794 [c79c5a76-aee4-4242-a106-dd0d04c341ff@group-B8F35F5892D5:LeaderElection8] INFO  impl.RoleInfo (RoleInfo.java:updateAndGet(143)) - c79c5a76-aee4-4242-a106-dd0d04c341ff: start LeaderState
2019-09-18 17:09:47,794 [1abc736a-4830-4c4e-94c6-330cfb37cbd9@group-148DFA6B88FF:LeaderElection9] INFO  segmented.SegmentedRaftLogWorker (SegmentedRaftLogWorker.java:startLogSegment(380)) - 1abc736a-4830-4c4e-94c6-330cfb37cbd9@group-148DFA6B88FF-SegmentedRaftLogWorker: Starting segment from index:0
2019-09-18 17:09:47,795 [c79c5a76-aee4-4242-a106-dd0d04c341ff@group-B8F35F5892D5:LeaderElection8] INFO  segmented.SegmentedRaftLogWorker (SegmentedRaftLogWorker.java:startLogSegment(380)) - c79c5a76-aee4-4242-a106-dd0d04c341ff@group-B8F35F5892D5-SegmentedRaftLogWorker: Starting segment from index:0
2019-09-18 17:09:47,795 [9060795c-f318-48a7-8c5f-b9c772b9291e@group-EC0DB46F5AE1:LeaderElection7] INFO  segmented.SegmentedRaftLogWorker (SegmentedRaftLogWorker.java:startLogSegment(380)) - 9060795c-f318-48a7-8c5f-b9c772b9291e@group-EC0DB46F5AE1-SegmentedRaftLogWorker: Starting segment from index:0
2019-09-18 17:09:47,795 [1abc736a-4830-4c4e-94c6-330cfb37cbd9@group-148DFA6B88FF:LeaderElection9] INFO  impl.RaftServerImpl (ServerState.java:setRaftConf(354)) - 1abc736a-4830-4c4e-94c6-330cfb37cbd9@group-148DFA6B88FF: set configuration 0: [1abc736a-4830-4c4e-94c6-330cfb37cbd9:192.168.151.122:42374], old=null at 0
2019-09-18 17:09:47,795 [c79c5a76-aee4-4242-a106-dd0d04c341ff@group-B8F35F5892D5:LeaderElection8] INFO  impl.RaftServerImpl (ServerState.java:setRaftConf(354)) - c79c5a76-aee4-4242-a106-dd0d04c341ff@group-B8F35F5892D5: set configuration 0: [c79c5a76-aee4-4242-a106-dd0d04c341ff:192.168.151.122:46461], old=null at 0
2019-09-18 17:09:47,795 [9060795c-f318-48a7-8c5f-b9c772b9291e@group-EC0DB46F5AE1:LeaderElection7] INFO  impl.RaftServerImpl (ServerState.java:setRaftConf(354)) - 9060795c-f318-48a7-8c5f-b9c772b9291e@group-EC0DB46F5AE1: set configuration 0: [9060795c-f318-48a7-8c5f-b9c772b9291e:192.168.151.122:37562], old=null at 0
2019-09-18 17:09:47,831 [79a64b58-83b2-41e5-8e31-5442cbf358c7@group-1D477B5D9525:LeaderElection10] INFO  impl.LeaderElection (LeaderElection.java:askForVotes(182)) - 79a64b58-83b2-41e5-8e31-5442cbf358c7@group-1D477B5D9525:LeaderElection10: begin an election at term 1 for -1: [79a64b58-83b2-41e5-8e31-5442cbf358c7:192.168.151.122:34854], old=null
2019-09-18 17:09:47,831 [Thread-318] INFO  impl.FollowerState (FollowerState.java:run(106)) - 96f0c9f3-2286-484a-8caa-cc6cff81bf3d:group-A40D0514C021 changes to CANDIDATE, lastRpcTime:1101, electionTimeout:1091ms
2019-09-18 17:09:47,831 [Thread-328] INFO  impl.FollowerState (FollowerState.java:run(106)) - 78cf3f4b-2ba3-4c47-8363-becf5fcab44c:group-44CDFF0F5509 changes to CANDIDATE, lastRpcTime:1003, electionTimeout:1003ms
2019-09-18 17:09:47,837 [79a64b58-83b2-41e5-8e31-5442cbf358c7@group-1D477B5D9525:LeaderElection10] INFO  impl.RoleInfo (RoleInfo.java:shutdownLeaderElection(134)) - 79a64b58-83b2-41e5-8e31-5442cbf358c7: shutdown LeaderElection
2019-09-18 17:09:47,838 [Thread-328] INFO  impl.RoleInfo (RoleInfo.java:shutdownFollowerState(121)) - 78cf3f4b-2ba3-4c47-8363-becf5fcab44c: shutdown FollowerState
2019-09-18 17:09:47,838 [Thread-318] INFO  impl.RoleInfo (RoleInfo.java:shutdownFollowerState(121)) - 96f0c9f3-2286-484a-8caa-cc6cff81bf3d: shutdown FollowerState
2019-09-18 17:09:47,838 [Thread-328] INFO  impl.RaftServerImpl (RaftServerImpl.java:setRole(174)) - 78cf3f4b-2ba3-4c47-8363-becf5fcab44c@group-44CDFF0F5509: changes role from  FOLLOWER to CANDIDATE at term 0 for changeToCandidate
2019-09-18 17:09:47,838 [79a64b58-83b2-41e5-8e31-5442cbf358c7@group-1D477B5D9525:LeaderElection10] INFO  impl.RaftServerImpl (RaftServerImpl.java:setRole(174)) - 79a64b58-83b2-41e5-8e31-5442cbf358c7@group-1D477B5D9525: changes role from CANDIDATE to LEADER at term 1 for changeToLeader
2019-09-18 17:09:47,838 [Thread-318] INFO  impl.RaftServerImpl (RaftServerImpl.java:setRole(174)) - 96f0c9f3-2286-484a-8caa-cc6cff81bf3d@group-A40D0514C021: changes role from  FOLLOWER to CANDIDATE at term 0 for changeToCandidate
2019-09-18 17:09:47,838 [Thread-328] INFO  impl.RoleInfo (RoleInfo.java:updateAndGet(143)) - 78cf3f4b-2ba3-4c47-8363-becf5fcab44c: start LeaderElection
2019-09-18 17:09:47,838 [79a64b58-83b2-41e5-8e31-5442cbf358c7@group-1D477B5D9525:LeaderElection10] INFO  impl.RaftServerImpl (ServerState.java:setLeader(253)) - 79a64b58-83b2-41e5-8e31-5442cbf358c7@group-1D477B5D9525: change Leader from null to 79a64b58-83b2-41e5-8e31-5442cbf358c7 at term 1 for becomeLeader, leader elected after 1320ms
2019-09-18 17:09:47,838 [Thread-318] INFO  impl.RoleInfo (RoleInfo.java:updateAndGet(143)) - 96f0c9f3-2286-484a-8caa-cc6cff81bf3d: start LeaderElection
2019-09-18 17:09:47,839 [79a64b58-83b2-41e5-8e31-5442cbf358c7@group-1D477B5D9525:LeaderElection10] INFO  server.RaftServerConfigKeys (ConfUtils.java:logGet(43)) - raft.server.staging.catchup.gap = 1000 (default)
2019-09-18 17:09:47,844 [1abc736a-4830-4c4e-94c6-330cfb37cbd9@group-148DFA6B88FF-SegmentedRaftLogWorker] INFO  segmented.SegmentedRaftLogWorker (SegmentedRaftLogWorker.java:execute(569)) - 1abc736a-4830-4c4e-94c6-330cfb37cbd9@group-148DFA6B88FF-SegmentedRaftLogWorker: created new log segment /workdir/hadoop-ozone/integration-test/target/test-dir/MiniOzoneClusterImpl-a0535264-3a9d-47dc-a6b5-6352fdff8bcc/datanode-3/data/ratis/5009acff-fc32-42c4-b885-148dfa6b88ff/current/log_inprogress_0
2019-09-18 17:09:47,847 [79a64b58-83b2-41e5-8e31-5442cbf358c7@group-1D477B5D9525:LeaderElection10] INFO  server.RaftServerConfigKeys (ConfUtils.java:logGet(43)) - raft.server.rpc.sleep.time = 25ms (default)
2019-09-18 17:09:47,844 [c79c5a76-aee4-4242-a106-dd0d04c341ff@group-B8F35F5892D5-SegmentedRaftLogWorker] INFO  segmented.SegmentedRaftLogWorker (SegmentedRaftLogWorker.java:execute(569)) - c79c5a76-aee4-4242-a106-dd0d04c341ff@group-B8F35F5892D5-SegmentedRaftLogWorker: created new log segment /workdir/hadoop-ozone/integration-test/target/test-dir/MiniOzoneClusterImpl-a0535264-3a9d-47dc-a6b5-6352fdff8bcc/datanode-9/data/ratis/732299e3-d245-4180-af71-b8f35f5892d5/current/log_inprogress_0
2019-09-18 17:09:47,844 [9060795c-f318-48a7-8c5f-b9c772b9291e@group-EC0DB46F5AE1-SegmentedRaftLogWorker] INFO  segmented.SegmentedRaftLogWorker (SegmentedRaftLogWorker.java:execute(569)) - 9060795c-f318-48a7-8c5f-b9c772b9291e@group-EC0DB46F5AE1-SegmentedRaftLogWorker: created new log segment /workdir/hadoop-ozone/integration-test/target/test-dir/MiniOzoneClusterImpl-a0535264-3a9d-47dc-a6b5-6352fdff8bcc/datanode-7/data/ratis/9d219bec-4a5e-4c05-a4c2-ec0db46f5ae1/current/log_inprogress_0
2019-09-18 17:09:47,849 [79a64b58-83b2-41e5-8e31-5442cbf358c7@group-1D477B5D9525:LeaderElection10] INFO  server.RaftServerConfigKeys (ConfUtils.java:logGet(43)) - raft.server.write.element-limit = 4096 (default)
2019-09-18 17:09:47,854 [79a64b58-83b2-41e5-8e31-5442cbf358c7@group-1D477B5D9525:LeaderElection10] INFO  server.RaftServerConfigKeys (ConfUtils.java:logGet(43)) - raft.server.watch.timeout = 10s (default)
2019-09-18 17:09:47,854 [79a64b58-83b2-41e5-8e31-5442cbf358c7@group-1D477B5D9525:LeaderElection10] INFO  server.RaftServerConfigKeys (ConfUtils.java:logGet(43)) - raft.server.watch.timeout.denomination = 1s (default)
2019-09-18 17:09:47,855 [79a64b58-83b2-41e5-8e31-5442cbf358c7@group-1D477B5D9525:LeaderElection10] INFO  server.RaftServerConfigKeys (ConfUtils.java:logGet(43)) - raft.server.watch.element-limit = 65536 (default)
2019-09-18 17:09:47,859 [Thread-283] INFO  container.ReplicationManager (ReplicationManager.java:start(162)) - Starting Replication Monitor Thread.
2019-09-18 17:09:47,860 [ReplicationMonitor] INFO  container.ReplicationManager (ReplicationManager.java:run(225)) - Replication Monitor Thread took 0 milliseconds for processing 0 containers.
2019-09-18 17:09:47,861 [79a64b58-83b2-41e5-8e31-5442cbf358c7@group-1D477B5D9525:LeaderElection10] INFO  impl.RoleInfo (RoleInfo.java:updateAndGet(143)) - 79a64b58-83b2-41e5-8e31-5442cbf358c7: start LeaderState
2019-09-18 17:09:47,861 [79a64b58-83b2-41e5-8e31-5442cbf358c7@group-1D477B5D9525:LeaderElection10] INFO  segmented.SegmentedRaftLogWorker (SegmentedRaftLogWorker.java:startLogSegment(380)) - 79a64b58-83b2-41e5-8e31-5442cbf358c7@group-1D477B5D9525-SegmentedRaftLogWorker: Starting segment from index:0
2019-09-18 17:09:47,861 [79a64b58-83b2-41e5-8e31-5442cbf358c7@group-1D477B5D9525:LeaderElection10] INFO  impl.RaftServerImpl (ServerState.java:setRaftConf(354)) - 79a64b58-83b2-41e5-8e31-5442cbf358c7@group-1D477B5D9525: set configuration 0: [79a64b58-83b2-41e5-8e31-5442cbf358c7:192.168.151.122:34854], old=null at 0
2019-09-18 17:09:47,895 [Thread-317] INFO  impl.FollowerState (FollowerState.java:run(106)) - b4ae2fc6-33d9-4c1f-ba2b-766eed3c72c1:group-A40D0514C021 changes to CANDIDATE, lastRpcTime:1165, electionTimeout:1158ms
2019-09-18 17:09:47,895 [Thread-319] INFO  impl.FollowerState (FollowerState.java:run(106)) - 4807b144-2c85-4659-8a46-71684e6faffd:group-A40D0514C021 changes to CANDIDATE, lastRpcTime:1164, electionTimeout:1147ms
2019-09-18 17:09:47,895 [Thread-317] INFO  impl.RoleInfo (RoleInfo.java:shutdownFollowerState(121)) - b4ae2fc6-33d9-4c1f-ba2b-766eed3c72c1: shutdown FollowerState
2019-09-18 17:09:47,895 [Thread-319] INFO  impl.RoleInfo (RoleInfo.java:shutdownFollowerState(121)) - 4807b144-2c85-4659-8a46-71684e6faffd: shutdown FollowerState
2019-09-18 17:09:47,895 [78cf3f4b-2ba3-4c47-8363-becf5fcab44c@group-44CDFF0F5509:LeaderElection11] INFO  impl.LeaderElection (LeaderElection.java:askForVotes(182)) - 78cf3f4b-2ba3-4c47-8363-becf5fcab44c@group-44CDFF0F5509:LeaderElection11: begin an election at term 1 for -1: [78cf3f4b-2ba3-4c47-8363-becf5fcab44c:192.168.151.122:41660, 77addda6-fc28-4fe0-a9c9-ddb04539ca78:192.168.151.122:43343, 62d2617d-d759-46ce-9c32-c3f7d08f54db:192.168.151.122:37326], old=null
2019-09-18 17:09:47,895 [96f0c9f3-2286-484a-8caa-cc6cff81bf3d@group-A40D0514C021:LeaderElection12] INFO  impl.LeaderElection (LeaderElection.java:askForVotes(182)) - 96f0c9f3-2286-484a-8caa-cc6cff81bf3d@group-A40D0514C021:LeaderElection12: begin an election at term 1 for -1: [b4ae2fc6-33d9-4c1f-ba2b-766eed3c72c1:192.168.151.122:37678, 4807b144-2c85-4659-8a46-71684e6faffd:192.168.151.122:37839, 96f0c9f3-2286-484a-8caa-cc6cff81bf3d:192.168.151.122:42800], old=null
2019-09-18 17:09:47,895 [Thread-319] INFO  impl.RaftServerImpl (RaftServerImpl.java:setRole(174)) - 4807b144-2c85-4659-8a46-71684e6faffd@group-A40D0514C021: changes role from  FOLLOWER to CANDIDATE at term 0 for changeToCandidate
2019-09-18 17:09:47,895 [Thread-317] INFO  impl.RaftServerImpl (RaftServerImpl.java:setRole(174)) - b4ae2fc6-33d9-4c1f-ba2b-766eed3c72c1@group-A40D0514C021: changes role from  FOLLOWER to CANDIDATE at term 0 for changeToCandidate
2019-09-18 17:09:47,896 [Thread-319] INFO  impl.RoleInfo (RoleInfo.java:updateAndGet(143)) - 4807b144-2c85-4659-8a46-71684e6faffd: start LeaderElection
2019-09-18 17:09:47,896 [Thread-317] INFO  impl.RoleInfo (RoleInfo.java:updateAndGet(143)) - b4ae2fc6-33d9-4c1f-ba2b-766eed3c72c1: start LeaderElection
2019-09-18 17:09:47,929 [79a64b58-83b2-41e5-8e31-5442cbf358c7@group-1D477B5D9525-SegmentedRaftLogWorker] INFO  segmented.SegmentedRaftLogWorker (SegmentedRaftLogWorker.java:execute(569)) - 79a64b58-83b2-41e5-8e31-5442cbf358c7@group-1D477B5D9525-SegmentedRaftLogWorker: created new log segment /workdir/hadoop-ozone/integration-test/target/test-dir/MiniOzoneClusterImpl-a0535264-3a9d-47dc-a6b5-6352fdff8bcc/datanode-2/data/ratis/0ed9e1bc-5229-4866-b05d-1d477b5d9525/current/log_inprogress_0
2019-09-18 17:09:47,929 [4807b144-2c85-4659-8a46-71684e6faffd@group-A40D0514C021:LeaderElection13] INFO  impl.LeaderElection (LeaderElection.java:askForVotes(182)) - 4807b144-2c85-4659-8a46-71684e6faffd@group-A40D0514C021:LeaderElection13: begin an election at term 1 for -1: [b4ae2fc6-33d9-4c1f-ba2b-766eed3c72c1:192.168.151.122:37678, 4807b144-2c85-4659-8a46-71684e6faffd:192.168.151.122:37839, 96f0c9f3-2286-484a-8caa-cc6cff81bf3d:192.168.151.122:42800], old=null
2019-09-18 17:09:47,929 [b4ae2fc6-33d9-4c1f-ba2b-766eed3c72c1@group-A40D0514C021:LeaderElection14] INFO  impl.LeaderElection (LeaderElection.java:askForVotes(182)) - b4ae2fc6-33d9-4c1f-ba2b-766eed3c72c1@group-A40D0514C021:LeaderElection14: begin an election at term 1 for -1: [b4ae2fc6-33d9-4c1f-ba2b-766eed3c72c1:192.168.151.122:37678, 4807b144-2c85-4659-8a46-71684e6faffd:192.168.151.122:37839, 96f0c9f3-2286-484a-8caa-cc6cff81bf3d:192.168.151.122:42800], old=null
2019-09-18 17:09:47,947 [IPC Server handler 2 on 33396] INFO  volume.OMVolumeCreateRequest (OMVolumeCreateRequest.java:validateAndUpdateCache(189)) - created volume:datanodefailurehandlingtest for user:jenkins1000
2019-09-18 17:09:47,954 [Thread-335] INFO  impl.FollowerState (FollowerState.java:run(106)) - 9060795c-f318-48a7-8c5f-b9c772b9291e:group-16324F4B6BD7 changes to CANDIDATE, lastRpcTime:1025, electionTimeout:1025ms
2019-09-18 17:09:47,954 [Thread-335] INFO  impl.RoleInfo (RoleInfo.java:shutdownFollowerState(121)) - 9060795c-f318-48a7-8c5f-b9c772b9291e: shutdown FollowerState
2019-09-18 17:09:47,954 [Thread-335] INFO  impl.RaftServerImpl (RaftServerImpl.java:setRole(174)) - 9060795c-f318-48a7-8c5f-b9c772b9291e@group-16324F4B6BD7: changes role from  FOLLOWER to CANDIDATE at term 0 for changeToCandidate
2019-09-18 17:09:47,967 [Thread-335] INFO  impl.RoleInfo (RoleInfo.java:updateAndGet(143)) - 9060795c-f318-48a7-8c5f-b9c772b9291e: start LeaderElection
2019-09-18 17:09:47,975 [Thread-341] INFO  impl.FollowerState (FollowerState.java:run(106)) - 1abc736a-4830-4c4e-94c6-330cfb37cbd9:group-16324F4B6BD7 changes to CANDIDATE, lastRpcTime:1034, electionTimeout:1031ms
2019-09-18 17:09:47,975 [Thread-341] INFO  impl.RoleInfo (RoleInfo.java:shutdownFollowerState(121)) - 1abc736a-4830-4c4e-94c6-330cfb37cbd9: shutdown FollowerState
2019-09-18 17:09:47,996 [Thread-331] INFO  impl.FollowerState (FollowerState.java:run(106)) - 77addda6-fc28-4fe0-a9c9-ddb04539ca78:group-44CDFF0F5509 changes to CANDIDATE, lastRpcTime:1152, electionTimeout:1152ms
2019-09-18 17:09:47,986 [Thread-340] INFO  impl.FollowerState (FollowerState.java:run(106)) - c79c5a76-aee4-4242-a106-dd0d04c341ff:group-16324F4B6BD7 changes to CANDIDATE, lastRpcTime:1045, electionTimeout:1045ms
2019-09-18 17:09:48,023 [Thread-331] INFO  impl.RoleInfo (RoleInfo.java:shutdownFollowerState(121)) - 77addda6-fc28-4fe0-a9c9-ddb04539ca78: shutdown FollowerState
2019-09-18 17:09:48,023 [Thread-341] INFO  impl.RaftServerImpl (RaftServerImpl.java:setRole(174)) - 1abc736a-4830-4c4e-94c6-330cfb37cbd9@group-16324F4B6BD7: changes role from  FOLLOWER to CANDIDATE at term 0 for changeToCandidate
2019-09-18 17:09:48,026 [Thread-331] INFO  impl.RaftServerImpl (RaftServerImpl.java:setRole(174)) - 77addda6-fc28-4fe0-a9c9-ddb04539ca78@group-44CDFF0F5509: changes role from  FOLLOWER to CANDIDATE at term 0 for changeToCandidate
2019-09-18 17:09:48,025 [grpc-default-executor-0] INFO  impl.RaftServerImpl (RaftServerImpl.java:setRole(174)) - 62d2617d-d759-46ce-9c32-c3f7d08f54db@group-44CDFF0F5509: changes role from  FOLLOWER to FOLLOWER at term 1 for recognizeCandidate:78cf3f4b-2ba3-4c47-8363-becf5fcab44c
2019-09-18 17:09:48,025 [Thread-340] INFO  impl.RoleInfo (RoleInfo.java:shutdownFollowerState(121)) - c79c5a76-aee4-4242-a106-dd0d04c341ff: shutdown FollowerState
2019-09-18 17:09:48,026 [grpc-default-executor-0] INFO  impl.RoleInfo (RoleInfo.java:shutdownFollowerState(121)) - 62d2617d-d759-46ce-9c32-c3f7d08f54db: shutdown FollowerState
2019-09-18 17:09:48,026 [Thread-331] INFO  impl.RoleInfo (RoleInfo.java:updateAndGet(143)) - 77addda6-fc28-4fe0-a9c9-ddb04539ca78: start LeaderElection
2019-09-18 17:09:48,026 [Thread-341] INFO  impl.RoleInfo (RoleInfo.java:updateAndGet(143)) - 1abc736a-4830-4c4e-94c6-330cfb37cbd9: start LeaderElection
2019-09-18 17:09:48,029 [grpc-default-executor-0] INFO  impl.RoleInfo (RoleInfo.java:updateAndGet(143)) - 62d2617d-d759-46ce-9c32-c3f7d08f54db: start FollowerState
2019-09-18 17:09:48,026 [Thread-340] INFO  impl.RaftServerImpl (RaftServerImpl.java:setRole(174)) - c79c5a76-aee4-4242-a106-dd0d04c341ff@group-16324F4B6BD7: changes role from  FOLLOWER to CANDIDATE at term 0 for changeToCandidate
2019-09-18 17:09:48,040 [Thread-340] INFO  impl.RoleInfo (RoleInfo.java:updateAndGet(143)) - c79c5a76-aee4-4242-a106-dd0d04c341ff: start LeaderElection
2019-09-18 17:09:48,040 [9060795c-f318-48a7-8c5f-b9c772b9291e@group-16324F4B6BD7:LeaderElection15] INFO  impl.LeaderElection (LeaderElection.java:askForVotes(182)) - 9060795c-f318-48a7-8c5f-b9c772b9291e@group-16324F4B6BD7:LeaderElection15: begin an election at term 1 for -1: [c79c5a76-aee4-4242-a106-dd0d04c341ff:192.168.151.122:46461, 1abc736a-4830-4c4e-94c6-330cfb37cbd9:192.168.151.122:42374, 9060795c-f318-48a7-8c5f-b9c772b9291e:192.168.151.122:37562], old=null
2019-09-18 17:09:48,070 [77addda6-fc28-4fe0-a9c9-ddb04539ca78@group-44CDFF0F5509:LeaderElection17] INFO  impl.LeaderElection (LeaderElection.java:askForVotes(182)) - 77addda6-fc28-4fe0-a9c9-ddb04539ca78@group-44CDFF0F5509:LeaderElection17: begin an election at term 1 for -1: [78cf3f4b-2ba3-4c47-8363-becf5fcab44c:192.168.151.122:41660, 77addda6-fc28-4fe0-a9c9-ddb04539ca78:192.168.151.122:43343, 62d2617d-d759-46ce-9c32-c3f7d08f54db:192.168.151.122:37326], old=null
2019-09-18 17:09:48,075 [c79c5a76-aee4-4242-a106-dd0d04c341ff@group-16324F4B6BD7:LeaderElection18] INFO  impl.LeaderElection (LeaderElection.java:askForVotes(182)) - c79c5a76-aee4-4242-a106-dd0d04c341ff@group-16324F4B6BD7:LeaderElection18: begin an election at term 1 for -1: [c79c5a76-aee4-4242-a106-dd0d04c341ff:192.168.151.122:46461, 1abc736a-4830-4c4e-94c6-330cfb37cbd9:192.168.151.122:42374, 9060795c-f318-48a7-8c5f-b9c772b9291e:192.168.151.122:37562], old=null
2019-09-18 17:09:48,073 [1abc736a-4830-4c4e-94c6-330cfb37cbd9@group-16324F4B6BD7:LeaderElection16] INFO  impl.LeaderElection (LeaderElection.java:askForVotes(182)) - 1abc736a-4830-4c4e-94c6-330cfb37cbd9@group-16324F4B6BD7:LeaderElection16: begin an election at term 1 for -1: [c79c5a76-aee4-4242-a106-dd0d04c341ff:192.168.151.122:46461, 1abc736a-4830-4c4e-94c6-330cfb37cbd9:192.168.151.122:42374, 9060795c-f318-48a7-8c5f-b9c772b9291e:192.168.151.122:37562], old=null
2019-09-18 17:09:48,089 [96f0c9f3-2286-484a-8caa-cc6cff81bf3d@group-A40D0514C021:LeaderElection12] INFO  impl.LeaderElection (LeaderElection.java:logAndReturn(56)) - 96f0c9f3-2286-484a-8caa-cc6cff81bf3d@group-A40D0514C021:LeaderElection12: Election REJECTED; received 2 response(s) [96f0c9f3-2286-484a-8caa-cc6cff81bf3d<-b4ae2fc6-33d9-4c1f-ba2b-766eed3c72c1#0:FAIL-t1, 96f0c9f3-2286-484a-8caa-cc6cff81bf3d<-4807b144-2c85-4659-8a46-71684e6faffd#0:FAIL-t1] and 0 exception(s); 96f0c9f3-2286-484a-8caa-cc6cff81bf3d@group-A40D0514C021:t1, leader=null, voted=96f0c9f3-2286-484a-8caa-cc6cff81bf3d, raftlog=96f0c9f3-2286-484a-8caa-cc6cff81bf3d@group-A40D0514C021-SegmentedRaftLog:OPENED:c-1,f-1,i0, conf=-1: [b4ae2fc6-33d9-4c1f-ba2b-766eed3c72c1:192.168.151.122:37678, 4807b144-2c85-4659-8a46-71684e6faffd:192.168.151.122:37839, 96f0c9f3-2286-484a-8caa-cc6cff81bf3d:192.168.151.122:42800], old=null
2019-09-18 17:09:48,089 [96f0c9f3-2286-484a-8caa-cc6cff81bf3d@group-A40D0514C021:LeaderElection12] INFO  impl.RaftServerImpl (RaftServerImpl.java:setRole(174)) - 96f0c9f3-2286-484a-8caa-cc6cff81bf3d@group-A40D0514C021: changes role from CANDIDATE to FOLLOWER at term 1 for DISCOVERED_A_NEW_TERM
2019-09-18 17:09:48,092 [96f0c9f3-2286-484a-8caa-cc6cff81bf3d@group-A40D0514C021:LeaderElection12] INFO  impl.RoleInfo (RoleInfo.java:shutdownLeaderElection(134)) - 96f0c9f3-2286-484a-8caa-cc6cff81bf3d: shutdown LeaderElection
2019-09-18 17:09:48,092 [96f0c9f3-2286-484a-8caa-cc6cff81bf3d@group-A40D0514C021:LeaderElection12] INFO  impl.RoleInfo (RoleInfo.java:updateAndGet(143)) - 96f0c9f3-2286-484a-8caa-cc6cff81bf3d: start FollowerState
2019-09-18 17:09:48,092 [b4ae2fc6-33d9-4c1f-ba2b-766eed3c72c1@group-A40D0514C021:LeaderElection14] INFO  impl.LeaderElection (LeaderElection.java:logAndReturn(56)) - b4ae2fc6-33d9-4c1f-ba2b-766eed3c72c1@group-A40D0514C021:LeaderElection14: Election REJECTED; received 2 response(s) [b4ae2fc6-33d9-4c1f-ba2b-766eed3c72c1<-4807b144-2c85-4659-8a46-71684e6faffd#0:FAIL-t1, b4ae2fc6-33d9-4c1f-ba2b-766eed3c72c1<-96f0c9f3-2286-484a-8caa-cc6cff81bf3d#0:FAIL-t1] and 0 exception(s); b4ae2fc6-33d9-4c1f-ba2b-766eed3c72c1@group-A40D0514C021:t1, leader=null, voted=b4ae2fc6-33d9-4c1f-ba2b-766eed3c72c1, raftlog=b4ae2fc6-33d9-4c1f-ba2b-766eed3c72c1@group-A40D0514C021-SegmentedRaftLog:OPENED:c-1,f-1,i0, conf=-1: [b4ae2fc6-33d9-4c1f-ba2b-766eed3c72c1:192.168.151.122:37678, 4807b144-2c85-4659-8a46-71684e6faffd:192.168.151.122:37839, 96f0c9f3-2286-484a-8caa-cc6cff81bf3d:192.168.151.122:42800], old=null
2019-09-18 17:09:48,095 [78cf3f4b-2ba3-4c47-8363-becf5fcab44c@group-44CDFF0F5509:LeaderElection11] INFO  impl.LeaderElection (LeaderElection.java:logAndReturn(56)) - 78cf3f4b-2ba3-4c47-8363-becf5fcab44c@group-44CDFF0F5509:LeaderElection11: Election PASSED; received 2 response(s) [78cf3f4b-2ba3-4c47-8363-becf5fcab44c<-77addda6-fc28-4fe0-a9c9-ddb04539ca78#0:FAIL-t1, 78cf3f4b-2ba3-4c47-8363-becf5fcab44c<-62d2617d-d759-46ce-9c32-c3f7d08f54db#0:OK-t1] and 0 exception(s); 78cf3f4b-2ba3-4c47-8363-becf5fcab44c@group-44CDFF0F5509:t1, leader=null, voted=78cf3f4b-2ba3-4c47-8363-becf5fcab44c, raftlog=78cf3f4b-2ba3-4c47-8363-becf5fcab44c@group-44CDFF0F5509-SegmentedRaftLog:OPENED:c-1,f-1,i0, conf=-1: [78cf3f4b-2ba3-4c47-8363-becf5fcab44c:192.168.151.122:41660, 77addda6-fc28-4fe0-a9c9-ddb04539ca78:192.168.151.122:43343, 62d2617d-d759-46ce-9c32-c3f7d08f54db:192.168.151.122:37326], old=null
2019-09-18 17:09:48,095 [b4ae2fc6-33d9-4c1f-ba2b-766eed3c72c1@group-A40D0514C021:LeaderElection14] INFO  impl.RaftServerImpl (RaftServerImpl.java:setRole(174)) - b4ae2fc6-33d9-4c1f-ba2b-766eed3c72c1@group-A40D0514C021: changes role from CANDIDATE to FOLLOWER at term 1 for DISCOVERED_A_NEW_TERM
2019-09-18 17:09:48,102 [b4ae2fc6-33d9-4c1f-ba2b-766eed3c72c1@group-A40D0514C021:LeaderElection14] INFO  impl.RoleInfo (RoleInfo.java:shutdownLeaderElection(134)) - b4ae2fc6-33d9-4c1f-ba2b-766eed3c72c1: shutdown LeaderElection
2019-09-18 17:09:48,102 [78cf3f4b-2ba3-4c47-8363-becf5fcab44c@group-44CDFF0F5509:LeaderElection11] INFO  impl.RoleInfo (RoleInfo.java:shutdownLeaderElection(134)) - 78cf3f4b-2ba3-4c47-8363-becf5fcab44c: shutdown LeaderElection
2019-09-18 17:09:48,104 [b4ae2fc6-33d9-4c1f-ba2b-766eed3c72c1@group-A40D0514C021:LeaderElection14] INFO  impl.RoleInfo (RoleInfo.java:updateAndGet(143)) - b4ae2fc6-33d9-4c1f-ba2b-766eed3c72c1: start FollowerState
2019-09-18 17:09:48,108 [main] INFO  rpc.RpcClient (RpcClient.java:createBucket(441)) - Creating Bucket: datanodefailurehandlingtest/datanodefailurehandlingtest, with Versioning false and Storage Type set to DISK and Encryption set to false 
2019-09-18 17:09:48,108 [78cf3f4b-2ba3-4c47-8363-becf5fcab44c@group-44CDFF0F5509:LeaderElection11] INFO  impl.RaftServerImpl (RaftServerImpl.java:setRole(174)) - 78cf3f4b-2ba3-4c47-8363-becf5fcab44c@group-44CDFF0F5509: changes role from CANDIDATE to LEADER at term 1 for changeToLeader
2019-09-18 17:09:48,110 [78cf3f4b-2ba3-4c47-8363-becf5fcab44c@group-44CDFF0F5509:LeaderElection11] INFO  impl.RaftServerImpl (ServerState.java:setLeader(253)) - 78cf3f4b-2ba3-4c47-8363-becf5fcab44c@group-44CDFF0F5509: change Leader from null to 78cf3f4b-2ba3-4c47-8363-becf5fcab44c at term 1 for becomeLeader, leader elected after 1290ms
2019-09-18 17:09:48,110 [78cf3f4b-2ba3-4c47-8363-becf5fcab44c@group-44CDFF0F5509:LeaderElection11] INFO  server.RaftServerConfigKeys (ConfUtils.java:logGet(43)) - raft.server.staging.catchup.gap = 1000 (default)
2019-09-18 17:09:48,113 [78cf3f4b-2ba3-4c47-8363-becf5fcab44c@group-44CDFF0F5509:LeaderElection11] INFO  server.RaftServerConfigKeys (ConfUtils.java:logGet(43)) - raft.server.rpc.sleep.time = 25ms (default)
2019-09-18 17:09:48,113 [78cf3f4b-2ba3-4c47-8363-becf5fcab44c@group-44CDFF0F5509:LeaderElection11] INFO  server.RaftServerConfigKeys (ConfUtils.java:logGet(43)) - raft.server.write.element-limit = 4096 (default)
2019-09-18 17:09:48,113 [78cf3f4b-2ba3-4c47-8363-becf5fcab44c@group-44CDFF0F5509:LeaderElection11] INFO  server.RaftServerConfigKeys (ConfUtils.java:logGet(43)) - raft.server.watch.timeout = 10s (default)
2019-09-18 17:09:48,113 [78cf3f4b-2ba3-4c47-8363-becf5fcab44c@group-44CDFF0F5509:LeaderElection11] INFO  server.RaftServerConfigKeys (ConfUtils.java:logGet(43)) - raft.server.watch.timeout.denomination = 1s (default)
2019-09-18 17:09:48,113 [78cf3f4b-2ba3-4c47-8363-becf5fcab44c@group-44CDFF0F5509:LeaderElection11] INFO  server.RaftServerConfigKeys (ConfUtils.java:logGet(43)) - raft.server.watch.element-limit = 65536 (default)
2019-09-18 17:09:48,115 [4807b144-2c85-4659-8a46-71684e6faffd@group-A40D0514C021:LeaderElection13] INFO  impl.LeaderElection (LeaderElection.java:logAndReturn(56)) - 4807b144-2c85-4659-8a46-71684e6faffd@group-A40D0514C021:LeaderElection13: Election REJECTED; received 2 response(s) [4807b144-2c85-4659-8a46-71684e6faffd<-b4ae2fc6-33d9-4c1f-ba2b-766eed3c72c1#0:FAIL-t1, 4807b144-2c85-4659-8a46-71684e6faffd<-96f0c9f3-2286-484a-8caa-cc6cff81bf3d#0:FAIL-t1] and 0 exception(s); 4807b144-2c85-4659-8a46-71684e6faffd@group-A40D0514C021:t1, leader=null, voted=4807b144-2c85-4659-8a46-71684e6faffd, raftlog=4807b144-2c85-4659-8a46-71684e6faffd@group-A40D0514C021-SegmentedRaftLog:OPENED:c-1,f-1,i0, conf=-1: [b4ae2fc6-33d9-4c1f-ba2b-766eed3c72c1:192.168.151.122:37678, 4807b144-2c85-4659-8a46-71684e6faffd:192.168.151.122:37839, 96f0c9f3-2286-484a-8caa-cc6cff81bf3d:192.168.151.122:42800], old=null
2019-09-18 17:09:48,120 [4807b144-2c85-4659-8a46-71684e6faffd@group-A40D0514C021:LeaderElection13] INFO  impl.RaftServerImpl (RaftServerImpl.java:setRole(174)) - 4807b144-2c85-4659-8a46-71684e6faffd@group-A40D0514C021: changes role from CANDIDATE to FOLLOWER at term 1 for DISCOVERED_A_NEW_TERM
2019-09-18 17:09:48,128 [4807b144-2c85-4659-8a46-71684e6faffd@group-A40D0514C021:LeaderElection13] INFO  impl.RoleInfo (RoleInfo.java:shutdownLeaderElection(134)) - 4807b144-2c85-4659-8a46-71684e6faffd: shutdown LeaderElection
2019-09-18 17:09:48,130 [4807b144-2c85-4659-8a46-71684e6faffd@group-A40D0514C021:LeaderElection13] INFO  impl.RoleInfo (RoleInfo.java:updateAndGet(143)) - 4807b144-2c85-4659-8a46-71684e6faffd: start FollowerState
2019-09-18 17:09:48,130 [78cf3f4b-2ba3-4c47-8363-becf5fcab44c@group-44CDFF0F5509:LeaderElection11] INFO  server.RaftServerConfigKeys (ConfUtils.java:logGet(43)) - raft.server.log.appender.snapshot.chunk.size.max = 16MB (=16777216) (default)
2019-09-18 17:09:48,132 [78cf3f4b-2ba3-4c47-8363-becf5fcab44c@group-44CDFF0F5509:LeaderElection11] INFO  server.RaftServerConfigKeys (ConfUtils.java:logGet(43)) - raft.server.log.appender.buffer.byte-limit = 33554432 (custom)
2019-09-18 17:09:48,146 [78cf3f4b-2ba3-4c47-8363-becf5fcab44c@group-44CDFF0F5509:LeaderElection11] INFO  server.RaftServerConfigKeys (ConfUtils.java:logGet(43)) - raft.server.log.appender.buffer.element-limit = 1 (custom)
2019-09-18 17:09:48,155 [78cf3f4b-2ba3-4c47-8363-becf5fcab44c@group-44CDFF0F5509:LeaderElection11] INFO  grpc.GrpcConfigKeys$Server (ConfUtils.java:logGet(43)) - raft.grpc.server.leader.outstanding.appends.max = 128 (default)
2019-09-18 17:09:48,155 [78cf3f4b-2ba3-4c47-8363-becf5fcab44c@group-44CDFF0F5509:LeaderElection11] INFO  server.RaftServerConfigKeys (ConfUtils.java:logGet(43)) - raft.server.rpc.request.timeout = 3000ms (default)
2019-09-18 17:09:48,155 [78cf3f4b-2ba3-4c47-8363-becf5fcab44c@group-44CDFF0F5509:LeaderElection11] INFO  server.RaftServerConfigKeys (ConfUtils.java:logGet(43)) - raft.server.log.appender.install.snapshot.enabled = false (custom)
2019-09-18 17:09:48,161 [78cf3f4b-2ba3-4c47-8363-becf5fcab44c@group-44CDFF0F5509:LeaderElection11] INFO  server.RaftServerConfigKeys (ConfUtils.java:logGet(43)) - raft.server.log.appender.snapshot.chunk.size.max = 16MB (=16777216) (default)
2019-09-18 17:09:48,197 [78cf3f4b-2ba3-4c47-8363-becf5fcab44c@group-44CDFF0F5509:LeaderElection11] INFO  server.RaftServerConfigKeys (ConfUtils.java:logGet(43)) - raft.server.log.appender.buffer.byte-limit = 33554432 (custom)
2019-09-18 17:09:48,197 [78cf3f4b-2ba3-4c47-8363-becf5fcab44c@group-44CDFF0F5509:LeaderElection11] INFO  server.RaftServerConfigKeys (ConfUtils.java:logGet(43)) - raft.server.log.appender.buffer.element-limit = 1 (custom)
2019-09-18 17:09:48,198 [78cf3f4b-2ba3-4c47-8363-becf5fcab44c@group-44CDFF0F5509:LeaderElection11] INFO  grpc.GrpcConfigKeys$Server (ConfUtils.java:logGet(43)) - raft.grpc.server.leader.outstanding.appends.max = 128 (default)
2019-09-18 17:09:48,200 [78cf3f4b-2ba3-4c47-8363-becf5fcab44c@group-44CDFF0F5509:LeaderElection11] INFO  server.RaftServerConfigKeys (ConfUtils.java:logGet(43)) - raft.server.rpc.request.timeout = 3000ms (default)
2019-09-18 17:09:48,200 [78cf3f4b-2ba3-4c47-8363-becf5fcab44c@group-44CDFF0F5509:LeaderElection11] INFO  server.RaftServerConfigKeys (ConfUtils.java:logGet(43)) - raft.server.log.appender.install.snapshot.enabled = false (custom)
2019-09-18 17:09:48,207 [c79c5a76-aee4-4242-a106-dd0d04c341ff@group-16324F4B6BD7:LeaderElection18] INFO  impl.LeaderElection (LeaderElection.java:logAndReturn(56)) - c79c5a76-aee4-4242-a106-dd0d04c341ff@group-16324F4B6BD7:LeaderElection18: Election REJECTED; received 2 response(s) [c79c5a76-aee4-4242-a106-dd0d04c341ff<-1abc736a-4830-4c4e-94c6-330cfb37cbd9#0:FAIL-t1, c79c5a76-aee4-4242-a106-dd0d04c341ff<-9060795c-f318-48a7-8c5f-b9c772b9291e#0:FAIL-t1] and 0 exception(s); c79c5a76-aee4-4242-a106-dd0d04c341ff@group-16324F4B6BD7:t1, leader=null, voted=c79c5a76-aee4-4242-a106-dd0d04c341ff, raftlog=c79c5a76-aee4-4242-a106-dd0d04c341ff@group-16324F4B6BD7-SegmentedRaftLog:OPENED:c-1,f-1,i0, conf=-1: [c79c5a76-aee4-4242-a106-dd0d04c341ff:192.168.151.122:46461, 1abc736a-4830-4c4e-94c6-330cfb37cbd9:192.168.151.122:42374, 9060795c-f318-48a7-8c5f-b9c772b9291e:192.168.151.122:37562], old=null
2019-09-18 17:09:48,209 [c79c5a76-aee4-4242-a106-dd0d04c341ff@group-16324F4B6BD7:LeaderElection18] INFO  impl.RaftServerImpl (RaftServerImpl.java:setRole(174)) - c79c5a76-aee4-4242-a106-dd0d04c341ff@group-16324F4B6BD7: changes role from CANDIDATE to FOLLOWER at term 1 for DISCOVERED_A_NEW_TERM
2019-09-18 17:09:48,209 [c79c5a76-aee4-4242-a106-dd0d04c341ff@group-16324F4B6BD7:LeaderElection18] INFO  impl.RoleInfo (RoleInfo.java:shutdownLeaderElection(134)) - c79c5a76-aee4-4242-a106-dd0d04c341ff: shutdown LeaderElection
2019-09-18 17:09:48,209 [c79c5a76-aee4-4242-a106-dd0d04c341ff@group-16324F4B6BD7:LeaderElection18] INFO  impl.RoleInfo (RoleInfo.java:updateAndGet(143)) - c79c5a76-aee4-4242-a106-dd0d04c341ff: start FollowerState
2019-09-18 17:09:48,209 [9060795c-f318-48a7-8c5f-b9c772b9291e@group-16324F4B6BD7:LeaderElection15] INFO  impl.LeaderElection (LeaderElection.java:logAndReturn(56)) - 9060795c-f318-48a7-8c5f-b9c772b9291e@group-16324F4B6BD7:LeaderElection15: Election REJECTED; received 2 response(s) [9060795c-f318-48a7-8c5f-b9c772b9291e<-c79c5a76-aee4-4242-a106-dd0d04c341ff#0:FAIL-t1, 9060795c-f318-48a7-8c5f-b9c772b9291e<-1abc736a-4830-4c4e-94c6-330cfb37cbd9#0:FAIL-t1] and 0 exception(s); 9060795c-f318-48a7-8c5f-b9c772b9291e@group-16324F4B6BD7:t1, leader=null, voted=9060795c-f318-48a7-8c5f-b9c772b9291e, raftlog=9060795c-f318-48a7-8c5f-b9c772b9291e@group-16324F4B6BD7-SegmentedRaftLog:OPENED:c-1,f-1,i0, conf=-1: [c79c5a76-aee4-4242-a106-dd0d04c341ff:192.168.151.122:46461, 1abc736a-4830-4c4e-94c6-330cfb37cbd9:192.168.151.122:42374, 9060795c-f318-48a7-8c5f-b9c772b9291e:192.168.151.122:37562], old=null
2019-09-18 17:09:48,211 [9060795c-f318-48a7-8c5f-b9c772b9291e@group-16324F4B6BD7:LeaderElection15] INFO  impl.RaftServerImpl (RaftServerImpl.java:setRole(174)) - 9060795c-f318-48a7-8c5f-b9c772b9291e@group-16324F4B6BD7: changes role from CANDIDATE to FOLLOWER at term 1 for DISCOVERED_A_NEW_TERM
2019-09-18 17:09:48,211 [9060795c-f318-48a7-8c5f-b9c772b9291e@group-16324F4B6BD7:LeaderElection15] INFO  impl.RoleInfo (RoleInfo.java:shutdownLeaderElection(134)) - 9060795c-f318-48a7-8c5f-b9c772b9291e: shutdown LeaderElection
2019-09-18 17:09:48,212 [78cf3f4b-2ba3-4c47-8363-becf5fcab44c@group-44CDFF0F5509:LeaderElection11] INFO  impl.RoleInfo (RoleInfo.java:updateAndGet(143)) - 78cf3f4b-2ba3-4c47-8363-becf5fcab44c: start LeaderState
2019-09-18 17:09:48,234 [9060795c-f318-48a7-8c5f-b9c772b9291e@group-16324F4B6BD7:LeaderElection15] INFO  impl.RoleInfo (RoleInfo.java:updateAndGet(143)) - 9060795c-f318-48a7-8c5f-b9c772b9291e: start FollowerState
2019-09-18 17:09:48,242 [78cf3f4b-2ba3-4c47-8363-becf5fcab44c@group-44CDFF0F5509:LeaderElection11] INFO  segmented.SegmentedRaftLogWorker (SegmentedRaftLogWorker.java:startLogSegment(380)) - 78cf3f4b-2ba3-4c47-8363-becf5fcab44c@group-44CDFF0F5509-SegmentedRaftLogWorker: Starting segment from index:0
2019-09-18 17:09:48,243 [1abc736a-4830-4c4e-94c6-330cfb37cbd9@group-16324F4B6BD7:LeaderElection16] INFO  impl.LeaderElection (LeaderElection.java:logAndReturn(56)) - 1abc736a-4830-4c4e-94c6-330cfb37cbd9@group-16324F4B6BD7:LeaderElection16: Election REJECTED; received 2 response(s) [1abc736a-4830-4c4e-94c6-330cfb37cbd9<-c79c5a76-aee4-4242-a106-dd0d04c341ff#0:FAIL-t1, 1abc736a-4830-4c4e-94c6-330cfb37cbd9<-9060795c-f318-48a7-8c5f-b9c772b9291e#0:FAIL-t1] and 0 exception(s); 1abc736a-4830-4c4e-94c6-330cfb37cbd9@group-16324F4B6BD7:t1, leader=null, voted=1abc736a-4830-4c4e-94c6-330cfb37cbd9, raftlog=1abc736a-4830-4c4e-94c6-330cfb37cbd9@group-16324F4B6BD7-SegmentedRaftLog:OPENED:c-1,f-1,i0, conf=-1: [c79c5a76-aee4-4242-a106-dd0d04c341ff:192.168.151.122:46461, 1abc736a-4830-4c4e-94c6-330cfb37cbd9:192.168.151.122:42374, 9060795c-f318-48a7-8c5f-b9c772b9291e:192.168.151.122:37562], old=null
2019-09-18 17:09:48,243 [1abc736a-4830-4c4e-94c6-330cfb37cbd9@group-16324F4B6BD7:LeaderElection16] INFO  impl.RaftServerImpl (RaftServerImpl.java:setRole(174)) - 1abc736a-4830-4c4e-94c6-330cfb37cbd9@group-16324F4B6BD7: changes role from CANDIDATE to FOLLOWER at term 1 for DISCOVERED_A_NEW_TERM
2019-09-18 17:09:48,243 [78cf3f4b-2ba3-4c47-8363-becf5fcab44c@group-44CDFF0F5509:LeaderElection11] INFO  impl.RaftServerImpl (ServerState.java:setRaftConf(354)) - 78cf3f4b-2ba3-4c47-8363-becf5fcab44c@group-44CDFF0F5509: set configuration 0: [78cf3f4b-2ba3-4c47-8363-becf5fcab44c:192.168.151.122:41660, 77addda6-fc28-4fe0-a9c9-ddb04539ca78:192.168.151.122:43343, 62d2617d-d759-46ce-9c32-c3f7d08f54db:192.168.151.122:37326], old=null at 0
2019-09-18 17:09:48,243 [1abc736a-4830-4c4e-94c6-330cfb37cbd9@group-16324F4B6BD7:LeaderElection16] INFO  impl.RoleInfo (RoleInfo.java:shutdownLeaderElection(134)) - 1abc736a-4830-4c4e-94c6-330cfb37cbd9: shutdown LeaderElection
2019-09-18 17:09:48,267 [grpc-default-executor-5] INFO  impl.RaftServerImpl (RaftServerImpl.java:requestVote(758)) - 78cf3f4b-2ba3-4c47-8363-becf5fcab44c@group-44CDFF0F5509-   LEADER: Withhold vote from candidate 77addda6-fc28-4fe0-a9c9-ddb04539ca78 with term 1. State: leader=78cf3f4b-2ba3-4c47-8363-becf5fcab44c, term=1, lastRpcElapsed=null
2019-09-18 17:09:48,268 [1abc736a-4830-4c4e-94c6-330cfb37cbd9@group-16324F4B6BD7:LeaderElection16] INFO  impl.RoleInfo (RoleInfo.java:updateAndGet(143)) - 1abc736a-4830-4c4e-94c6-330cfb37cbd9: start FollowerState
2019-09-18 17:09:48,281 [78cf3f4b-2ba3-4c47-8363-becf5fcab44c@group-44CDFF0F5509-SegmentedRaftLogWorker] INFO  segmented.SegmentedRaftLogWorker (SegmentedRaftLogWorker.java:execute(569)) - 78cf3f4b-2ba3-4c47-8363-becf5fcab44c@group-44CDFF0F5509-SegmentedRaftLogWorker: created new log segment /workdir/hadoop-ozone/integration-test/target/test-dir/MiniOzoneClusterImpl-a0535264-3a9d-47dc-a6b5-6352fdff8bcc/datanode-1/data/ratis/56775dd8-28a6-4e8e-8e6c-44cdff0f5509/current/log_inprogress_0
2019-09-18 17:09:48,283 [77addda6-fc28-4fe0-a9c9-ddb04539ca78@group-44CDFF0F5509:LeaderElection17] INFO  impl.LeaderElection (LeaderElection.java:logAndReturn(56)) - 77addda6-fc28-4fe0-a9c9-ddb04539ca78@group-44CDFF0F5509:LeaderElection17: Election REJECTED; received 2 response(s) [77addda6-fc28-4fe0-a9c9-ddb04539ca78<-78cf3f4b-2ba3-4c47-8363-becf5fcab44c#0:FAIL-t1, 77addda6-fc28-4fe0-a9c9-ddb04539ca78<-62d2617d-d759-46ce-9c32-c3f7d08f54db#0:FAIL-t1] and 0 exception(s); 77addda6-fc28-4fe0-a9c9-ddb04539ca78@group-44CDFF0F5509:t1, leader=null, voted=77addda6-fc28-4fe0-a9c9-ddb04539ca78, raftlog=77addda6-fc28-4fe0-a9c9-ddb04539ca78@group-44CDFF0F5509-SegmentedRaftLog:OPENED:c-1,f-1,i0, conf=-1: [78cf3f4b-2ba3-4c47-8363-becf5fcab44c:192.168.151.122:41660, 77addda6-fc28-4fe0-a9c9-ddb04539ca78:192.168.151.122:43343, 62d2617d-d759-46ce-9c32-c3f7d08f54db:192.168.151.122:37326], old=null
2019-09-18 17:09:48,283 [77addda6-fc28-4fe0-a9c9-ddb04539ca78@group-44CDFF0F5509:LeaderElection17] INFO  impl.RaftServerImpl (RaftServerImpl.java:setRole(174)) - 77addda6-fc28-4fe0-a9c9-ddb04539ca78@group-44CDFF0F5509: changes role from CANDIDATE to FOLLOWER at term 1 for DISCOVERED_A_NEW_TERM
2019-09-18 17:09:48,283 [77addda6-fc28-4fe0-a9c9-ddb04539ca78@group-44CDFF0F5509:LeaderElection17] INFO  impl.RoleInfo (RoleInfo.java:shutdownLeaderElection(134)) - 77addda6-fc28-4fe0-a9c9-ddb04539ca78: shutdown LeaderElection
2019-09-18 17:09:48,290 [77addda6-fc28-4fe0-a9c9-ddb04539ca78@group-44CDFF0F5509:LeaderElection17] INFO  impl.RoleInfo (RoleInfo.java:updateAndGet(143)) - 77addda6-fc28-4fe0-a9c9-ddb04539ca78: start FollowerState
2019-09-18 17:09:48,308 [grpc-default-executor-5] INFO  impl.RaftServerImpl (ServerState.java:setLeader(253)) - 77addda6-fc28-4fe0-a9c9-ddb04539ca78@group-44CDFF0F5509: change Leader from null to 78cf3f4b-2ba3-4c47-8363-becf5fcab44c at term 1 for appendEntries, leader elected after 1488ms
2019-09-18 17:09:48,341 [grpc-default-executor-4] INFO  impl.RaftServerImpl (ServerState.java:setLeader(253)) - 62d2617d-d759-46ce-9c32-c3f7d08f54db@group-44CDFF0F5509: change Leader from null to 78cf3f4b-2ba3-4c47-8363-becf5fcab44c at term 1 for appendEntries, leader elected after 1521ms
2019-09-18 17:09:48,416 [grpc-default-executor-4] INFO  impl.RaftServerImpl (ServerState.java:setRaftConf(354)) - 62d2617d-d759-46ce-9c32-c3f7d08f54db@group-44CDFF0F5509: set configuration 0: [78cf3f4b-2ba3-4c47-8363-becf5fcab44c:192.168.151.122:41660, 77addda6-fc28-4fe0-a9c9-ddb04539ca78:192.168.151.122:43343, 62d2617d-d759-46ce-9c32-c3f7d08f54db:192.168.151.122:37326], old=null at 0
2019-09-18 17:09:48,417 [grpc-default-executor-4] INFO  segmented.SegmentedRaftLogWorker (SegmentedRaftLogWorker.java:startLogSegment(380)) - 62d2617d-d759-46ce-9c32-c3f7d08f54db@group-44CDFF0F5509-SegmentedRaftLogWorker: Starting segment from index:0
2019-09-18 17:09:48,449 [grpc-default-executor-4] INFO  impl.RaftServerImpl (ServerState.java:setRaftConf(354)) - 77addda6-fc28-4fe0-a9c9-ddb04539ca78@group-44CDFF0F5509: set configuration 0: [78cf3f4b-2ba3-4c47-8363-becf5fcab44c:192.168.151.122:41660, 77addda6-fc28-4fe0-a9c9-ddb04539ca78:192.168.151.122:43343, 62d2617d-d759-46ce-9c32-c3f7d08f54db:192.168.151.122:37326], old=null at 0
2019-09-18 17:09:48,449 [grpc-default-executor-4] INFO  segmented.SegmentedRaftLogWorker (SegmentedRaftLogWorker.java:startLogSegment(380)) - 77addda6-fc28-4fe0-a9c9-ddb04539ca78@group-44CDFF0F5509-SegmentedRaftLogWorker: Starting segment from index:0
2019-09-18 17:09:48,458 [62d2617d-d759-46ce-9c32-c3f7d08f54db@group-44CDFF0F5509-SegmentedRaftLogWorker] INFO  segmented.SegmentedRaftLogWorker (SegmentedRaftLogWorker.java:execute(569)) - 62d2617d-d759-46ce-9c32-c3f7d08f54db@group-44CDFF0F5509-SegmentedRaftLogWorker: created new log segment /workdir/hadoop-ozone/integration-test/target/test-dir/MiniOzoneClusterImpl-a0535264-3a9d-47dc-a6b5-6352fdff8bcc/datanode-6/data/ratis/56775dd8-28a6-4e8e-8e6c-44cdff0f5509/current/log_inprogress_0
2019-09-18 17:09:48,517 [77addda6-fc28-4fe0-a9c9-ddb04539ca78@group-44CDFF0F5509-SegmentedRaftLogWorker] INFO  segmented.SegmentedRaftLogWorker (SegmentedRaftLogWorker.java:execute(569)) - 77addda6-fc28-4fe0-a9c9-ddb04539ca78@group-44CDFF0F5509-SegmentedRaftLogWorker: created new log segment /workdir/hadoop-ozone/integration-test/target/test-dir/MiniOzoneClusterImpl-a0535264-3a9d-47dc-a6b5-6352fdff8bcc/datanode-5/data/ratis/56775dd8-28a6-4e8e-8e6c-44cdff0f5509/current/log_inprogress_0
2019-09-18 17:09:48,735 [main] INFO  impl.MetricsSystemImpl (MetricsSystemImpl.java:init(158)) - XceiverClientMetrics metrics system started (again)
2019-09-18 17:09:48,852 [grpc-default-executor-4] INFO  client.GrpcClientProtocolClient (GrpcClientProtocolClient.java:onNext(264)) - client-23B55BADBE70->4807b144-2c85-4659-8a46-71684e6faffd: receive RaftClientReply:client-23B55BADBE70->4807b144-2c85-4659-8a46-71684e6faffd@group-A40D0514C021, cid=19, FAILED org.apache.ratis.protocol.NotLeaderException: Server 4807b144-2c85-4659-8a46-71684e6faffd@group-A40D0514C021 is not the leader, logIndex=0, commits[4807b144-2c85-4659-8a46-71684e6faffd:c-1]
2019-09-18 17:09:49,201 [Thread-390] INFO  impl.FollowerState (FollowerState.java:run(106)) - 96f0c9f3-2286-484a-8caa-cc6cff81bf3d:group-A40D0514C021 changes to CANDIDATE, lastRpcTime:1108, electionTimeout:1100ms
2019-09-18 17:09:49,201 [Thread-390] INFO  impl.RoleInfo (RoleInfo.java:shutdownFollowerState(121)) - 96f0c9f3-2286-484a-8caa-cc6cff81bf3d: shutdown FollowerState
2019-09-18 17:09:49,201 [Thread-390] INFO  impl.RaftServerImpl (RaftServerImpl.java:setRole(174)) - 96f0c9f3-2286-484a-8caa-cc6cff81bf3d@group-A40D0514C021: changes role from  FOLLOWER to CANDIDATE at term 1 for changeToCandidate
2019-09-18 17:09:49,201 [Thread-390] INFO  impl.RoleInfo (RoleInfo.java:updateAndGet(143)) - 96f0c9f3-2286-484a-8caa-cc6cff81bf3d: start LeaderElection
2019-09-18 17:09:49,218 [96f0c9f3-2286-484a-8caa-cc6cff81bf3d@group-A40D0514C021:LeaderElection19] INFO  impl.LeaderElection (LeaderElection.java:askForVotes(182)) - 96f0c9f3-2286-484a-8caa-cc6cff81bf3d@group-A40D0514C021:LeaderElection19: begin an election at term 2 for -1: [b4ae2fc6-33d9-4c1f-ba2b-766eed3c72c1:192.168.151.122:37678, 4807b144-2c85-4659-8a46-71684e6faffd:192.168.151.122:37839, 96f0c9f3-2286-484a-8caa-cc6cff81bf3d:192.168.151.122:42800], old=null
2019-09-18 17:09:49,225 [grpc-default-executor-5] INFO  impl.RaftServerImpl (RaftServerImpl.java:setRole(174)) - b4ae2fc6-33d9-4c1f-ba2b-766eed3c72c1@group-A40D0514C021: changes role from  FOLLOWER to FOLLOWER at term 2 for recognizeCandidate:96f0c9f3-2286-484a-8caa-cc6cff81bf3d
2019-09-18 17:09:49,225 [grpc-default-executor-4] INFO  impl.RaftServerImpl (RaftServerImpl.java:setRole(174)) - 4807b144-2c85-4659-8a46-71684e6faffd@group-A40D0514C021: changes role from  FOLLOWER to FOLLOWER at term 2 for recognizeCandidate:96f0c9f3-2286-484a-8caa-cc6cff81bf3d
2019-09-18 17:09:49,225 [grpc-default-executor-5] INFO  impl.RoleInfo (RoleInfo.java:shutdownFollowerState(121)) - b4ae2fc6-33d9-4c1f-ba2b-766eed3c72c1: shutdown FollowerState
2019-09-18 17:09:49,225 [grpc-default-executor-4] INFO  impl.RoleInfo (RoleInfo.java:shutdownFollowerState(121)) - 4807b144-2c85-4659-8a46-71684e6faffd: shutdown FollowerState
2019-09-18 17:09:49,225 [Thread-391] INFO  impl.FollowerState (FollowerState.java:run(115)) - b4ae2fc6-33d9-4c1f-ba2b-766eed3c72c1: FollowerState was interrupted: java.lang.InterruptedException: sleep interrupted
2019-09-18 17:09:49,225 [grpc-default-executor-4] INFO  impl.RoleInfo (RoleInfo.java:updateAndGet(143)) - 4807b144-2c85-4659-8a46-71684e6faffd: start FollowerState
2019-09-18 17:09:49,225 [grpc-default-executor-5] INFO  impl.RoleInfo (RoleInfo.java:updateAndGet(143)) - b4ae2fc6-33d9-4c1f-ba2b-766eed3c72c1: start FollowerState
2019-09-18 17:09:49,225 [Thread-393] INFO  impl.FollowerState (FollowerState.java:run(115)) - 4807b144-2c85-4659-8a46-71684e6faffd: FollowerState was interrupted: java.lang.InterruptedException: sleep interrupted
2019-09-18 17:09:49,247 [96f0c9f3-2286-484a-8caa-cc6cff81bf3d@group-A40D0514C021:LeaderElection19] INFO  impl.LeaderElection (LeaderElection.java:logAndReturn(56)) - 96f0c9f3-2286-484a-8caa-cc6cff81bf3d@group-A40D0514C021:LeaderElection19: Election PASSED; received 1 response(s) [96f0c9f3-2286-484a-8caa-cc6cff81bf3d<-b4ae2fc6-33d9-4c1f-ba2b-766eed3c72c1#0:OK-t2] and 0 exception(s); 96f0c9f3-2286-484a-8caa-cc6cff81bf3d@group-A40D0514C021:t2, leader=null, voted=96f0c9f3-2286-484a-8caa-cc6cff81bf3d, raftlog=96f0c9f3-2286-484a-8caa-cc6cff81bf3d@group-A40D0514C021-SegmentedRaftLog:OPENED:c-1,f-1,i0, conf=-1: [b4ae2fc6-33d9-4c1f-ba2b-766eed3c72c1:192.168.151.122:37678, 4807b144-2c85-4659-8a46-71684e6faffd:192.168.151.122:37839, 96f0c9f3-2286-484a-8caa-cc6cff81bf3d:192.168.151.122:42800], old=null
2019-09-18 17:09:49,248 [96f0c9f3-2286-484a-8caa-cc6cff81bf3d@group-A40D0514C021:LeaderElection19] INFO  impl.RoleInfo (RoleInfo.java:shutdownLeaderElection(134)) - 96f0c9f3-2286-484a-8caa-cc6cff81bf3d: shutdown LeaderElection
2019-09-18 17:09:49,250 [96f0c9f3-2286-484a-8caa-cc6cff81bf3d@group-A40D0514C021:LeaderElection19] INFO  impl.RaftServerImpl (RaftServerImpl.java:setRole(174)) - 96f0c9f3-2286-484a-8caa-cc6cff81bf3d@group-A40D0514C021: changes role from CANDIDATE to LEADER at term 2 for changeToLeader
2019-09-18 17:09:49,250 [96f0c9f3-2286-484a-8caa-cc6cff81bf3d@group-A40D0514C021:LeaderElection19] INFO  impl.RaftServerImpl (ServerState.java:setLeader(253)) - 96f0c9f3-2286-484a-8caa-cc6cff81bf3d@group-A40D0514C021: change Leader from null to 96f0c9f3-2286-484a-8caa-cc6cff81bf3d at term 2 for becomeLeader, leader elected after 2532ms
2019-09-18 17:09:49,250 [96f0c9f3-2286-484a-8caa-cc6cff81bf3d@group-A40D0514C021:LeaderElection19] INFO  server.RaftServerConfigKeys (ConfUtils.java:logGet(43)) - raft.server.staging.catchup.gap = 1000 (default)
2019-09-18 17:09:49,250 [96f0c9f3-2286-484a-8caa-cc6cff81bf3d@group-A40D0514C021:LeaderElection19] INFO  server.RaftServerConfigKeys (ConfUtils.java:logGet(43)) - raft.server.rpc.sleep.time = 25ms (default)
2019-09-18 17:09:49,251 [96f0c9f3-2286-484a-8caa-cc6cff81bf3d@group-A40D0514C021:LeaderElection19] INFO  server.RaftServerConfigKeys (ConfUtils.java:logGet(43)) - raft.server.write.element-limit = 4096 (default)
2019-09-18 17:09:49,251 [96f0c9f3-2286-484a-8caa-cc6cff81bf3d@group-A40D0514C021:LeaderElection19] INFO  server.RaftServerConfigKeys (ConfUtils.java:logGet(43)) - raft.server.watch.timeout = 10s (default)
2019-09-18 17:09:49,251 [96f0c9f3-2286-484a-8caa-cc6cff81bf3d@group-A40D0514C021:LeaderElection19] INFO  server.RaftServerConfigKeys (ConfUtils.java:logGet(43)) - raft.server.watch.timeout.denomination = 1s (default)
2019-09-18 17:09:49,251 [96f0c9f3-2286-484a-8caa-cc6cff81bf3d@group-A40D0514C021:LeaderElection19] INFO  server.RaftServerConfigKeys (ConfUtils.java:logGet(43)) - raft.server.watch.element-limit = 65536 (default)
2019-09-18 17:09:49,254 [96f0c9f3-2286-484a-8caa-cc6cff81bf3d@group-A40D0514C021:LeaderElection19] INFO  server.RaftServerConfigKeys (ConfUtils.java:logGet(43)) - raft.server.log.appender.snapshot.chunk.size.max = 16MB (=16777216) (default)
2019-09-18 17:09:49,255 [96f0c9f3-2286-484a-8caa-cc6cff81bf3d@group-A40D0514C021:LeaderElection19] INFO  server.RaftServerConfigKeys (ConfUtils.java:logGet(43)) - raft.server.log.appender.buffer.byte-limit = 33554432 (custom)
2019-09-18 17:09:49,255 [96f0c9f3-2286-484a-8caa-cc6cff81bf3d@group-A40D0514C021:LeaderElection19] INFO  server.RaftServerConfigKeys (ConfUtils.java:logGet(43)) - raft.server.log.appender.buffer.element-limit = 1 (custom)
2019-09-18 17:09:49,255 [96f0c9f3-2286-484a-8caa-cc6cff81bf3d@group-A40D0514C021:LeaderElection19] INFO  grpc.GrpcConfigKeys$Server (ConfUtils.java:logGet(43)) - raft.grpc.server.leader.outstanding.appends.max = 128 (default)
2019-09-18 17:09:49,258 [96f0c9f3-2286-484a-8caa-cc6cff81bf3d@group-A40D0514C021:LeaderElection19] INFO  server.RaftServerConfigKeys (ConfUtils.java:logGet(43)) - raft.server.rpc.request.timeout = 3000ms (default)
2019-09-18 17:09:49,258 [96f0c9f3-2286-484a-8caa-cc6cff81bf3d@group-A40D0514C021:LeaderElection19] INFO  server.RaftServerConfigKeys (ConfUtils.java:logGet(43)) - raft.server.log.appender.install.snapshot.enabled = false (custom)
2019-09-18 17:09:49,259 [96f0c9f3-2286-484a-8caa-cc6cff81bf3d@group-A40D0514C021:LeaderElection19] INFO  server.RaftServerConfigKeys (ConfUtils.java:logGet(43)) - raft.server.log.appender.snapshot.chunk.size.max = 16MB (=16777216) (default)
2019-09-18 17:09:49,259 [96f0c9f3-2286-484a-8caa-cc6cff81bf3d@group-A40D0514C021:LeaderElection19] INFO  server.RaftServerConfigKeys (ConfUtils.java:logGet(43)) - raft.server.log.appender.buffer.byte-limit = 33554432 (custom)
2019-09-18 17:09:49,259 [96f0c9f3-2286-484a-8caa-cc6cff81bf3d@group-A40D0514C021:LeaderElection19] INFO  server.RaftServerConfigKeys (ConfUtils.java:logGet(43)) - raft.server.log.appender.buffer.element-limit = 1 (custom)
2019-09-18 17:09:49,259 [96f0c9f3-2286-484a-8caa-cc6cff81bf3d@group-A40D0514C021:LeaderElection19] INFO  grpc.GrpcConfigKeys$Server (ConfUtils.java:logGet(43)) - raft.grpc.server.leader.outstanding.appends.max = 128 (default)
2019-09-18 17:09:49,260 [96f0c9f3-2286-484a-8caa-cc6cff81bf3d@group-A40D0514C021:LeaderElection19] INFO  server.RaftServerConfigKeys (ConfUtils.java:logGet(43)) - raft.server.rpc.request.timeout = 3000ms (default)
2019-09-18 17:09:49,260 [96f0c9f3-2286-484a-8caa-cc6cff81bf3d@group-A40D0514C021:LeaderElection19] INFO  server.RaftServerConfigKeys (ConfUtils.java:logGet(43)) - raft.server.log.appender.install.snapshot.enabled = false (custom)
2019-09-18 17:09:49,260 [96f0c9f3-2286-484a-8caa-cc6cff81bf3d@group-A40D0514C021:LeaderElection19] INFO  impl.RoleInfo (RoleInfo.java:updateAndGet(143)) - 96f0c9f3-2286-484a-8caa-cc6cff81bf3d: start LeaderState
2019-09-18 17:09:49,260 [96f0c9f3-2286-484a-8caa-cc6cff81bf3d@group-A40D0514C021:LeaderElection19] INFO  segmented.SegmentedRaftLogWorker (SegmentedRaftLogWorker.java:startLogSegment(380)) - 96f0c9f3-2286-484a-8caa-cc6cff81bf3d@group-A40D0514C021-SegmentedRaftLogWorker: Starting segment from index:0
2019-09-18 17:09:49,261 [96f0c9f3-2286-484a-8caa-cc6cff81bf3d@group-A40D0514C021:LeaderElection19] INFO  impl.RaftServerImpl (ServerState.java:setRaftConf(354)) - 96f0c9f3-2286-484a-8caa-cc6cff81bf3d@group-A40D0514C021: set configuration 0: [b4ae2fc6-33d9-4c1f-ba2b-766eed3c72c1:192.168.151.122:37678, 4807b144-2c85-4659-8a46-71684e6faffd:192.168.151.122:37839, 96f0c9f3-2286-484a-8caa-cc6cff81bf3d:192.168.151.122:42800], old=null at 0
2019-09-18 17:09:49,300 [grpc-default-executor-4] INFO  impl.RaftServerImpl (ServerState.java:setLeader(253)) - 4807b144-2c85-4659-8a46-71684e6faffd@group-A40D0514C021: change Leader from null to 96f0c9f3-2286-484a-8caa-cc6cff81bf3d at term 2 for appendEntries, leader elected after 2581ms
2019-09-18 17:09:49,303 [grpc-default-executor-5] INFO  impl.RaftServerImpl (ServerState.java:setLeader(253)) - b4ae2fc6-33d9-4c1f-ba2b-766eed3c72c1@group-A40D0514C021: change Leader from null to 96f0c9f3-2286-484a-8caa-cc6cff81bf3d at term 2 for appendEntries, leader elected after 2585ms
2019-09-18 17:09:49,306 [grpc-default-executor-5] INFO  impl.RaftServerImpl (ServerState.java:setRaftConf(354)) - b4ae2fc6-33d9-4c1f-ba2b-766eed3c72c1@group-A40D0514C021: set configuration 0: [b4ae2fc6-33d9-4c1f-ba2b-766eed3c72c1:192.168.151.122:37678, 4807b144-2c85-4659-8a46-71684e6faffd:192.168.151.122:37839, 96f0c9f3-2286-484a-8caa-cc6cff81bf3d:192.168.151.122:42800], old=null at 0
2019-09-18 17:09:49,306 [grpc-default-executor-4] INFO  impl.RaftServerImpl (ServerState.java:setRaftConf(354)) - 4807b144-2c85-4659-8a46-71684e6faffd@group-A40D0514C021: set configuration 0: [b4ae2fc6-33d9-4c1f-ba2b-766eed3c72c1:192.168.151.122:37678, 4807b144-2c85-4659-8a46-71684e6faffd:192.168.151.122:37839, 96f0c9f3-2286-484a-8caa-cc6cff81bf3d:192.168.151.122:42800], old=null at 0
2019-09-18 17:09:49,306 [grpc-default-executor-5] INFO  segmented.SegmentedRaftLogWorker (SegmentedRaftLogWorker.java:startLogSegment(380)) - b4ae2fc6-33d9-4c1f-ba2b-766eed3c72c1@group-A40D0514C021-SegmentedRaftLogWorker: Starting segment from index:0
2019-09-18 17:09:49,306 [grpc-default-executor-4] INFO  segmented.SegmentedRaftLogWorker (SegmentedRaftLogWorker.java:startLogSegment(380)) - 4807b144-2c85-4659-8a46-71684e6faffd@group-A40D0514C021-SegmentedRaftLogWorker: Starting segment from index:0
2019-09-18 17:09:49,310 [96f0c9f3-2286-484a-8caa-cc6cff81bf3d@group-A40D0514C021-SegmentedRaftLogWorker] INFO  segmented.SegmentedRaftLogWorker (SegmentedRaftLogWorker.java:execute(569)) - 96f0c9f3-2286-484a-8caa-cc6cff81bf3d@group-A40D0514C021-SegmentedRaftLogWorker: created new log segment /workdir/hadoop-ozone/integration-test/target/test-dir/MiniOzoneClusterImpl-a0535264-3a9d-47dc-a6b5-6352fdff8bcc/datanode-0/data/ratis/083b1187-6039-494e-a78c-a40d0514c021/current/log_inprogress_0
2019-09-18 17:09:49,341 [Thread-398] INFO  impl.FollowerState (FollowerState.java:run(106)) - 1abc736a-4830-4c4e-94c6-330cfb37cbd9:group-16324F4B6BD7 changes to CANDIDATE, lastRpcTime:1073, electionTimeout:1073ms
2019-09-18 17:09:49,341 [Thread-398] INFO  impl.RoleInfo (RoleInfo.java:shutdownFollowerState(121)) - 1abc736a-4830-4c4e-94c6-330cfb37cbd9: shutdown FollowerState
2019-09-18 17:09:49,341 [Thread-398] INFO  impl.RaftServerImpl (RaftServerImpl.java:setRole(174)) - 1abc736a-4830-4c4e-94c6-330cfb37cbd9@group-16324F4B6BD7: changes role from  FOLLOWER to CANDIDATE at term 1 for changeToCandidate
2019-09-18 17:09:49,342 [Thread-398] INFO  impl.RoleInfo (RoleInfo.java:updateAndGet(143)) - 1abc736a-4830-4c4e-94c6-330cfb37cbd9: start LeaderElection
2019-09-18 17:09:49,344 [b4ae2fc6-33d9-4c1f-ba2b-766eed3c72c1@group-A40D0514C021-SegmentedRaftLogWorker] INFO  segmented.SegmentedRaftLogWorker (SegmentedRaftLogWorker.java:execute(569)) - b4ae2fc6-33d9-4c1f-ba2b-766eed3c72c1@group-A40D0514C021-SegmentedRaftLogWorker: created new log segment /workdir/hadoop-ozone/integration-test/target/test-dir/MiniOzoneClusterImpl-a0535264-3a9d-47dc-a6b5-6352fdff8bcc/datanode-8/data/ratis/083b1187-6039-494e-a78c-a40d0514c021/current/log_inprogress_0
2019-09-18 17:09:49,344 [4807b144-2c85-4659-8a46-71684e6faffd@group-A40D0514C021-SegmentedRaftLogWorker] INFO  segmented.SegmentedRaftLogWorker (SegmentedRaftLogWorker.java:execute(569)) - 4807b144-2c85-4659-8a46-71684e6faffd@group-A40D0514C021-SegmentedRaftLogWorker: created new log segment /workdir/hadoop-ozone/integration-test/target/test-dir/MiniOzoneClusterImpl-a0535264-3a9d-47dc-a6b5-6352fdff8bcc/datanode-4/data/ratis/083b1187-6039-494e-a78c-a40d0514c021/current/log_inprogress_0
2019-09-18 17:09:49,344 [Thread-396] INFO  impl.FollowerState (FollowerState.java:run(106)) - c79c5a76-aee4-4242-a106-dd0d04c341ff:group-16324F4B6BD7 changes to CANDIDATE, lastRpcTime:1135, electionTimeout:1133ms
2019-09-18 17:09:49,344 [Thread-396] INFO  impl.RoleInfo (RoleInfo.java:shutdownFollowerState(121)) - c79c5a76-aee4-4242-a106-dd0d04c341ff: shutdown FollowerState
2019-09-18 17:09:49,345 [Thread-396] INFO  impl.RaftServerImpl (RaftServerImpl.java:setRole(174)) - c79c5a76-aee4-4242-a106-dd0d04c341ff@group-16324F4B6BD7: changes role from  FOLLOWER to CANDIDATE at term 1 for changeToCandidate
2019-09-18 17:09:49,345 [Thread-396] INFO  impl.RoleInfo (RoleInfo.java:updateAndGet(143)) - c79c5a76-aee4-4242-a106-dd0d04c341ff: start LeaderElection
2019-09-18 17:09:49,358 [1abc736a-4830-4c4e-94c6-330cfb37cbd9@group-16324F4B6BD7:LeaderElection20] INFO  impl.LeaderElection (LeaderElection.java:askForVotes(182)) - 1abc736a-4830-4c4e-94c6-330cfb37cbd9@group-16324F4B6BD7:LeaderElection20: begin an election at term 2 for -1: [c79c5a76-aee4-4242-a106-dd0d04c341ff:192.168.151.122:46461, 1abc736a-4830-4c4e-94c6-330cfb37cbd9:192.168.151.122:42374, 9060795c-f318-48a7-8c5f-b9c772b9291e:192.168.151.122:37562], old=null
2019-09-18 17:09:49,375 [c79c5a76-aee4-4242-a106-dd0d04c341ff@group-16324F4B6BD7:LeaderElection21] INFO  impl.LeaderElection (LeaderElection.java:askForVotes(182)) - c79c5a76-aee4-4242-a106-dd0d04c341ff@group-16324F4B6BD7:LeaderElection21: begin an election at term 2 for -1: [c79c5a76-aee4-4242-a106-dd0d04c341ff:192.168.151.122:46461, 1abc736a-4830-4c4e-94c6-330cfb37cbd9:192.168.151.122:42374, 9060795c-f318-48a7-8c5f-b9c772b9291e:192.168.151.122:37562], old=null
2019-09-18 17:09:49,375 [grpc-default-executor-5] INFO  impl.RaftServerImpl (RaftServerImpl.java:setRole(174)) - 9060795c-f318-48a7-8c5f-b9c772b9291e@group-16324F4B6BD7: changes role from  FOLLOWER to FOLLOWER at term 2 for recognizeCandidate:1abc736a-4830-4c4e-94c6-330cfb37cbd9
2019-09-18 17:09:49,375 [grpc-default-executor-5] INFO  impl.RoleInfo (RoleInfo.java:shutdownFollowerState(121)) - 9060795c-f318-48a7-8c5f-b9c772b9291e: shutdown FollowerState
2019-09-18 17:09:49,376 [grpc-default-executor-5] INFO  impl.RoleInfo (RoleInfo.java:updateAndGet(143)) - 9060795c-f318-48a7-8c5f-b9c772b9291e: start FollowerState
2019-09-18 17:09:49,376 [Thread-397] INFO  impl.FollowerState (FollowerState.java:run(115)) - 9060795c-f318-48a7-8c5f-b9c772b9291e: FollowerState was interrupted: java.lang.InterruptedException: sleep interrupted
2019-09-18 17:09:49,391 [c79c5a76-aee4-4242-a106-dd0d04c341ff@group-16324F4B6BD7:LeaderElection21] INFO  impl.LeaderElection (LeaderElection.java:logAndReturn(56)) - c79c5a76-aee4-4242-a106-dd0d04c341ff@group-16324F4B6BD7:LeaderElection21: Election REJECTED; received 2 response(s) [c79c5a76-aee4-4242-a106-dd0d04c341ff<-1abc736a-4830-4c4e-94c6-330cfb37cbd9#0:FAIL-t2, c79c5a76-aee4-4242-a106-dd0d04c341ff<-9060795c-f318-48a7-8c5f-b9c772b9291e#0:FAIL-t2] and 0 exception(s); c79c5a76-aee4-4242-a106-dd0d04c341ff@group-16324F4B6BD7:t2, leader=null, voted=c79c5a76-aee4-4242-a106-dd0d04c341ff, raftlog=c79c5a76-aee4-4242-a106-dd0d04c341ff@group-16324F4B6BD7-SegmentedRaftLog:OPENED:c-1,f-1,i0, conf=-1: [c79c5a76-aee4-4242-a106-dd0d04c341ff:192.168.151.122:46461, 1abc736a-4830-4c4e-94c6-330cfb37cbd9:192.168.151.122:42374, 9060795c-f318-48a7-8c5f-b9c772b9291e:192.168.151.122:37562], old=null
2019-09-18 17:09:49,391 [1abc736a-4830-4c4e-94c6-330cfb37cbd9@group-16324F4B6BD7:LeaderElection20] INFO  impl.LeaderElection (LeaderElection.java:logAndReturn(56)) - 1abc736a-4830-4c4e-94c6-330cfb37cbd9@group-16324F4B6BD7:LeaderElection20: Election PASSED; received 2 response(s) [1abc736a-4830-4c4e-94c6-330cfb37cbd9<-c79c5a76-aee4-4242-a106-dd0d04c341ff#0:FAIL-t2, 1abc736a-4830-4c4e-94c6-330cfb37cbd9<-9060795c-f318-48a7-8c5f-b9c772b9291e#0:OK-t2] and 0 exception(s); 1abc736a-4830-4c4e-94c6-330cfb37cbd9@group-16324F4B6BD7:t2, leader=null, voted=1abc736a-4830-4c4e-94c6-330cfb37cbd9, raftlog=1abc736a-4830-4c4e-94c6-330cfb37cbd9@group-16324F4B6BD7-SegmentedRaftLog:OPENED:c-1,f-1,i0, conf=-1: [c79c5a76-aee4-4242-a106-dd0d04c341ff:192.168.151.122:46461, 1abc736a-4830-4c4e-94c6-330cfb37cbd9:192.168.151.122:42374, 9060795c-f318-48a7-8c5f-b9c772b9291e:192.168.151.122:37562], old=null
2019-09-18 17:09:49,395 [c79c5a76-aee4-4242-a106-dd0d04c341ff@group-16324F4B6BD7:LeaderElection21] INFO  impl.RaftServerImpl (RaftServerImpl.java:setRole(174)) - c79c5a76-aee4-4242-a106-dd0d04c341ff@group-16324F4B6BD7: changes role from CANDIDATE to FOLLOWER at term 2 for DISCOVERED_A_NEW_TERM
2019-09-18 17:09:49,397 [1abc736a-4830-4c4e-94c6-330cfb37cbd9@group-16324F4B6BD7:LeaderElection20] INFO  impl.RoleInfo (RoleInfo.java:shutdownLeaderElection(134)) - 1abc736a-4830-4c4e-94c6-330cfb37cbd9: shutdown LeaderElection
2019-09-18 17:09:49,401 [c79c5a76-aee4-4242-a106-dd0d04c341ff@group-16324F4B6BD7:LeaderElection21] INFO  impl.RoleInfo (RoleInfo.java:shutdownLeaderElection(134)) - c79c5a76-aee4-4242-a106-dd0d04c341ff: shutdown LeaderElection
2019-09-18 17:09:49,401 [1abc736a-4830-4c4e-94c6-330cfb37cbd9@group-16324F4B6BD7:LeaderElection20] INFO  impl.RaftServerImpl (RaftServerImpl.java:setRole(174)) - 1abc736a-4830-4c4e-94c6-330cfb37cbd9@group-16324F4B6BD7: changes role from CANDIDATE to LEADER at term 2 for changeToLeader
2019-09-18 17:09:49,401 [1abc736a-4830-4c4e-94c6-330cfb37cbd9@group-16324F4B6BD7:LeaderElection20] INFO  impl.RaftServerImpl (ServerState.java:setLeader(253)) - 1abc736a-4830-4c4e-94c6-330cfb37cbd9@group-16324F4B6BD7: change Leader from null to 1abc736a-4830-4c4e-94c6-330cfb37cbd9 at term 2 for becomeLeader, leader elected after 2486ms
2019-09-18 17:09:49,401 [c79c5a76-aee4-4242-a106-dd0d04c341ff@group-16324F4B6BD7:LeaderElection21] INFO  impl.RoleInfo (RoleInfo.java:updateAndGet(143)) - c79c5a76-aee4-4242-a106-dd0d04c341ff: start FollowerState
2019-09-18 17:09:49,401 [1abc736a-4830-4c4e-94c6-330cfb37cbd9@group-16324F4B6BD7:LeaderElection20] INFO  server.RaftServerConfigKeys (ConfUtils.java:logGet(43)) - raft.server.staging.catchup.gap = 1000 (default)
2019-09-18 17:09:49,402 [1abc736a-4830-4c4e-94c6-330cfb37cbd9@group-16324F4B6BD7:LeaderElection20] INFO  server.RaftServerConfigKeys (ConfUtils.java:logGet(43)) - raft.server.rpc.sleep.time = 25ms (default)
2019-09-18 17:09:49,403 [1abc736a-4830-4c4e-94c6-330cfb37cbd9@group-16324F4B6BD7:LeaderElection20] INFO  server.RaftServerConfigKeys (ConfUtils.java:logGet(43)) - raft.server.write.element-limit = 4096 (default)
2019-09-18 17:09:49,404 [1abc736a-4830-4c4e-94c6-330cfb37cbd9@group-16324F4B6BD7:LeaderElection20] INFO  server.RaftServerConfigKeys (ConfUtils.java:logGet(43)) - raft.server.watch.timeout = 10s (default)
2019-09-18 17:09:49,404 [1abc736a-4830-4c4e-94c6-330cfb37cbd9@group-16324F4B6BD7:LeaderElection20] INFO  server.RaftServerConfigKeys (ConfUtils.java:logGet(43)) - raft.server.watch.timeout.denomination = 1s (default)
2019-09-18 17:09:49,404 [1abc736a-4830-4c4e-94c6-330cfb37cbd9@group-16324F4B6BD7:LeaderElection20] INFO  server.RaftServerConfigKeys (ConfUtils.java:logGet(43)) - raft.server.watch.element-limit = 65536 (default)
2019-09-18 17:09:49,407 [1abc736a-4830-4c4e-94c6-330cfb37cbd9@group-16324F4B6BD7:LeaderElection20] INFO  server.RaftServerConfigKeys (ConfUtils.java:logGet(43)) - raft.server.log.appender.snapshot.chunk.size.max = 16MB (=16777216) (default)
2019-09-18 17:09:49,407 [1abc736a-4830-4c4e-94c6-330cfb37cbd9@group-16324F4B6BD7:LeaderElection20] INFO  server.RaftServerConfigKeys (ConfUtils.java:logGet(43)) - raft.server.log.appender.buffer.byte-limit = 33554432 (custom)
2019-09-18 17:09:49,407 [1abc736a-4830-4c4e-94c6-330cfb37cbd9@group-16324F4B6BD7:LeaderElection20] INFO  server.RaftServerConfigKeys (ConfUtils.java:logGet(43)) - raft.server.log.appender.buffer.element-limit = 1 (custom)
2019-09-18 17:09:49,407 [1abc736a-4830-4c4e-94c6-330cfb37cbd9@group-16324F4B6BD7:LeaderElection20] INFO  grpc.GrpcConfigKeys$Server (ConfUtils.java:logGet(43)) - raft.grpc.server.leader.outstanding.appends.max = 128 (default)
2019-09-18 17:09:49,407 [1abc736a-4830-4c4e-94c6-330cfb37cbd9@group-16324F4B6BD7:LeaderElection20] INFO  server.RaftServerConfigKeys (ConfUtils.java:logGet(43)) - raft.server.rpc.request.timeout = 3000ms (default)
2019-09-18 17:09:49,408 [1abc736a-4830-4c4e-94c6-330cfb37cbd9@group-16324F4B6BD7:LeaderElection20] INFO  server.RaftServerConfigKeys (ConfUtils.java:logGet(43)) - raft.server.log.appender.install.snapshot.enabled = false (custom)
2019-09-18 17:09:49,408 [1abc736a-4830-4c4e-94c6-330cfb37cbd9@group-16324F4B6BD7:LeaderElection20] INFO  server.RaftServerConfigKeys (ConfUtils.java:logGet(43)) - raft.server.log.appender.snapshot.chunk.size.max = 16MB (=16777216) (default)
2019-09-18 17:09:49,408 [1abc736a-4830-4c4e-94c6-330cfb37cbd9@group-16324F4B6BD7:LeaderElection20] INFO  server.RaftServerConfigKeys (ConfUtils.java:logGet(43)) - raft.server.log.appender.buffer.byte-limit = 33554432 (custom)
2019-09-18 17:09:49,408 [1abc736a-4830-4c4e-94c6-330cfb37cbd9@group-16324F4B6BD7:LeaderElection20] INFO  server.RaftServerConfigKeys (ConfUtils.java:logGet(43)) - raft.server.log.appender.buffer.element-limit = 1 (custom)
2019-09-18 17:09:49,409 [1abc736a-4830-4c4e-94c6-330cfb37cbd9@group-16324F4B6BD7:LeaderElection20] INFO  grpc.GrpcConfigKeys$Server (ConfUtils.java:logGet(43)) - raft.grpc.server.leader.outstanding.appends.max = 128 (default)
2019-09-18 17:09:49,409 [1abc736a-4830-4c4e-94c6-330cfb37cbd9@group-16324F4B6BD7:LeaderElection20] INFO  server.RaftServerConfigKeys (ConfUtils.java:logGet(43)) - raft.server.rpc.request.timeout = 3000ms (default)
2019-09-18 17:09:49,409 [1abc736a-4830-4c4e-94c6-330cfb37cbd9@group-16324F4B6BD7:LeaderElection20] INFO  server.RaftServerConfigKeys (ConfUtils.java:logGet(43)) - raft.server.log.appender.install.snapshot.enabled = false (custom)
2019-09-18 17:09:49,409 [1abc736a-4830-4c4e-94c6-330cfb37cbd9@group-16324F4B6BD7:LeaderElection20] INFO  impl.RoleInfo (RoleInfo.java:updateAndGet(143)) - 1abc736a-4830-4c4e-94c6-330cfb37cbd9: start LeaderState
2019-09-18 17:09:49,410 [1abc736a-4830-4c4e-94c6-330cfb37cbd9@group-16324F4B6BD7:LeaderElection20] INFO  segmented.SegmentedRaftLogWorker (SegmentedRaftLogWorker.java:startLogSegment(380)) - 1abc736a-4830-4c4e-94c6-330cfb37cbd9@group-16324F4B6BD7-SegmentedRaftLogWorker: Starting segment from index:0
2019-09-18 17:09:49,410 [1abc736a-4830-4c4e-94c6-330cfb37cbd9@group-16324F4B6BD7:LeaderElection20] INFO  impl.RaftServerImpl (ServerState.java:setRaftConf(354)) - 1abc736a-4830-4c4e-94c6-330cfb37cbd9@group-16324F4B6BD7: set configuration 0: [c79c5a76-aee4-4242-a106-dd0d04c341ff:192.168.151.122:46461, 1abc736a-4830-4c4e-94c6-330cfb37cbd9:192.168.151.122:42374, 9060795c-f318-48a7-8c5f-b9c772b9291e:192.168.151.122:37562], old=null at 0
2019-09-18 17:09:49,450 [grpc-default-executor-5] INFO  impl.RaftServerImpl (ServerState.java:setLeader(253)) - c79c5a76-aee4-4242-a106-dd0d04c341ff@group-16324F4B6BD7: change Leader from null to 1abc736a-4830-4c4e-94c6-330cfb37cbd9 at term 2 for appendEntries, leader elected after 2535ms
2019-09-18 17:09:49,450 [grpc-default-executor-0] INFO  impl.RaftServerImpl (ServerState.java:setLeader(253)) - 9060795c-f318-48a7-8c5f-b9c772b9291e@group-16324F4B6BD7: change Leader from null to 1abc736a-4830-4c4e-94c6-330cfb37cbd9 at term 2 for appendEntries, leader elected after 2535ms
2019-09-18 17:09:49,453 [grpc-default-executor-0] INFO  impl.RaftServerImpl (ServerState.java:setRaftConf(354)) - c79c5a76-aee4-4242-a106-dd0d04c341ff@group-16324F4B6BD7: set configuration 0: [c79c5a76-aee4-4242-a106-dd0d04c341ff:192.168.151.122:46461, 1abc736a-4830-4c4e-94c6-330cfb37cbd9:192.168.151.122:42374, 9060795c-f318-48a7-8c5f-b9c772b9291e:192.168.151.122:37562], old=null at 0
2019-09-18 17:09:49,453 [grpc-default-executor-0] INFO  segmented.SegmentedRaftLogWorker (SegmentedRaftLogWorker.java:startLogSegment(380)) - c79c5a76-aee4-4242-a106-dd0d04c341ff@group-16324F4B6BD7-SegmentedRaftLogWorker: Starting segment from index:0
2019-09-18 17:09:49,453 [grpc-default-executor-5] INFO  impl.RaftServerImpl (ServerState.java:setRaftConf(354)) - 9060795c-f318-48a7-8c5f-b9c772b9291e@group-16324F4B6BD7: set configuration 0: [c79c5a76-aee4-4242-a106-dd0d04c341ff:192.168.151.122:46461, 1abc736a-4830-4c4e-94c6-330cfb37cbd9:192.168.151.122:42374, 9060795c-f318-48a7-8c5f-b9c772b9291e:192.168.151.122:37562], old=null at 0
2019-09-18 17:09:49,453 [grpc-default-executor-5] INFO  segmented.SegmentedRaftLogWorker (SegmentedRaftLogWorker.java:startLogSegment(380)) - 9060795c-f318-48a7-8c5f-b9c772b9291e@group-16324F4B6BD7-SegmentedRaftLogWorker: Starting segment from index:0
2019-09-18 17:09:49,472 [1abc736a-4830-4c4e-94c6-330cfb37cbd9@group-16324F4B6BD7-SegmentedRaftLogWorker] INFO  segmented.SegmentedRaftLogWorker (SegmentedRaftLogWorker.java:execute(569)) - 1abc736a-4830-4c4e-94c6-330cfb37cbd9@group-16324F4B6BD7-SegmentedRaftLogWorker: created new log segment /workdir/hadoop-ozone/integration-test/target/test-dir/MiniOzoneClusterImpl-a0535264-3a9d-47dc-a6b5-6352fdff8bcc/datanode-3/data/ratis/076edb64-726e-4ef9-a825-16324f4b6bd7/current/log_inprogress_0
2019-09-18 17:09:49,497 [9060795c-f318-48a7-8c5f-b9c772b9291e@group-16324F4B6BD7-SegmentedRaftLogWorker] INFO  segmented.SegmentedRaftLogWorker (SegmentedRaftLogWorker.java:execute(569)) - 9060795c-f318-48a7-8c5f-b9c772b9291e@group-16324F4B6BD7-SegmentedRaftLogWorker: created new log segment /workdir/hadoop-ozone/integration-test/target/test-dir/MiniOzoneClusterImpl-a0535264-3a9d-47dc-a6b5-6352fdff8bcc/datanode-7/data/ratis/076edb64-726e-4ef9-a825-16324f4b6bd7/current/log_inprogress_0
2019-09-18 17:09:49,498 [c79c5a76-aee4-4242-a106-dd0d04c341ff@group-16324F4B6BD7-SegmentedRaftLogWorker] INFO  segmented.SegmentedRaftLogWorker (SegmentedRaftLogWorker.java:execute(569)) - c79c5a76-aee4-4242-a106-dd0d04c341ff@group-16324F4B6BD7-SegmentedRaftLogWorker: created new log segment /workdir/hadoop-ozone/integration-test/target/test-dir/MiniOzoneClusterImpl-a0535264-3a9d-47dc-a6b5-6352fdff8bcc/datanode-9/data/ratis/076edb64-726e-4ef9-a825-16324f4b6bd7/current/log_inprogress_0
2019-09-18 17:09:50,121 [grpc-default-executor-0] INFO  client.GrpcClientProtocolClient (GrpcClientProtocolClient.java:onNext(264)) - client-23B55BADBE70->96f0c9f3-2286-484a-8caa-cc6cff81bf3d: receive RaftClientReply:client-23B55BADBE70->96f0c9f3-2286-484a-8caa-cc6cff81bf3d@group-A40D0514C021, cid=19, SUCCESS, logIndex=1, commits[96f0c9f3-2286-484a-8caa-cc6cff81bf3d:c1, b4ae2fc6-33d9-4c1f-ba2b-766eed3c72c1:c0, 4807b144-2c85-4659-8a46-71684e6faffd:c0]
2019-09-18 17:09:50,319 [grpc-default-executor-0] INFO  client.GrpcClientProtocolClient (GrpcClientProtocolClient.java:onNext(264)) - client-23B55BADBE70->96f0c9f3-2286-484a-8caa-cc6cff81bf3d: receive RaftClientReply:client-23B55BADBE70->96f0c9f3-2286-484a-8caa-cc6cff81bf3d@group-A40D0514C021, cid=20, SUCCESS, logIndex=3, commits[96f0c9f3-2286-484a-8caa-cc6cff81bf3d:c8, b4ae2fc6-33d9-4c1f-ba2b-766eed3c72c1:c5, 4807b144-2c85-4659-8a46-71684e6faffd:c6]
2019-09-18 17:09:50,323 [grpc-default-executor-0] INFO  client.GrpcClientProtocolClient (GrpcClientProtocolClient.java:onNext(264)) - client-23B55BADBE70->96f0c9f3-2286-484a-8caa-cc6cff81bf3d: receive RaftClientReply:client-23B55BADBE70->96f0c9f3-2286-484a-8caa-cc6cff81bf3d@group-A40D0514C021, cid=21, SUCCESS, logIndex=4, commits[96f0c9f3-2286-484a-8caa-cc6cff81bf3d:c8, b4ae2fc6-33d9-4c1f-ba2b-766eed3c72c1:c5, 4807b144-2c85-4659-8a46-71684e6faffd:c6]
2019-09-18 17:09:50,324 [grpc-default-executor-0] INFO  client.GrpcClientProtocolClient (GrpcClientProtocolClient.java:onNext(264)) - client-23B55BADBE70->96f0c9f3-2286-484a-8caa-cc6cff81bf3d: receive RaftClientReply:client-23B55BADBE70->96f0c9f3-2286-484a-8caa-cc6cff81bf3d@group-A40D0514C021, cid=22, SUCCESS, logIndex=5, commits[96f0c9f3-2286-484a-8caa-cc6cff81bf3d:c8, b4ae2fc6-33d9-4c1f-ba2b-766eed3c72c1:c5, 4807b144-2c85-4659-8a46-71684e6faffd:c6]
2019-09-18 17:09:50,376 [grpc-default-executor-4] INFO  client.GrpcClientProtocolClient (GrpcClientProtocolClient.java:onNext(264)) - client-23B55BADBE70->96f0c9f3-2286-484a-8caa-cc6cff81bf3d: receive RaftClientReply:client-23B55BADBE70->96f0c9f3-2286-484a-8caa-cc6cff81bf3d@group-A40D0514C021, cid=23, SUCCESS, logIndex=9, commits[96f0c9f3-2286-484a-8caa-cc6cff81bf3d:c10, b4ae2fc6-33d9-4c1f-ba2b-766eed3c72c1:c8, 4807b144-2c85-4659-8a46-71684e6faffd:c8]
2019-09-18 17:09:50,377 [grpc-default-executor-4] INFO  client.GrpcClientProtocolClient (GrpcClientProtocolClient.java:onNext(264)) - client-23B55BADBE70->96f0c9f3-2286-484a-8caa-cc6cff81bf3d: receive RaftClientReply:client-23B55BADBE70->96f0c9f3-2286-484a-8caa-cc6cff81bf3d@group-A40D0514C021, cid=24, SUCCESS, logIndex=10, commits[96f0c9f3-2286-484a-8caa-cc6cff81bf3d:c10, b4ae2fc6-33d9-4c1f-ba2b-766eed3c72c1:c8, 4807b144-2c85-4659-8a46-71684e6faffd:c8]
2019-09-18 17:09:50,388 [grpc-default-executor-0] INFO  client.GrpcClientProtocolClient (GrpcClientProtocolClient.java:onNext(264)) - client-23B55BADBE70->96f0c9f3-2286-484a-8caa-cc6cff81bf3d: receive RaftClientReply:client-23B55BADBE70->96f0c9f3-2286-484a-8caa-cc6cff81bf3d@group-A40D0514C021, cid=25, SUCCESS, logIndex=11, commits[96f0c9f3-2286-484a-8caa-cc6cff81bf3d:c12, b4ae2fc6-33d9-4c1f-ba2b-766eed3c72c1:c8, 4807b144-2c85-4659-8a46-71684e6faffd:c8]
2019-09-18 17:09:50,389 [grpc-default-executor-0] INFO  client.GrpcClientProtocolClient (GrpcClientProtocolClient.java:onNext(264)) - client-23B55BADBE70->96f0c9f3-2286-484a-8caa-cc6cff81bf3d: receive RaftClientReply:client-23B55BADBE70->96f0c9f3-2286-484a-8caa-cc6cff81bf3d@group-A40D0514C021, cid=26, SUCCESS, logIndex=12, commits[96f0c9f3-2286-484a-8caa-cc6cff81bf3d:c13, b4ae2fc6-33d9-4c1f-ba2b-766eed3c72c1:c8, 4807b144-2c85-4659-8a46-71684e6faffd:c10]
2019-09-18 17:09:50,424 [grpc-default-executor-0] INFO  client.GrpcClientProtocolClient (GrpcClientProtocolClient.java:onNext(264)) - client-23B55BADBE70->96f0c9f3-2286-484a-8caa-cc6cff81bf3d: receive RaftClientReply:client-23B55BADBE70->96f0c9f3-2286-484a-8caa-cc6cff81bf3d@group-A40D0514C021, cid=27, SUCCESS, logIndex=0, commits[96f0c9f3-2286-484a-8caa-cc6cff81bf3d:c16, b4ae2fc6-33d9-4c1f-ba2b-766eed3c72c1:c12, 4807b144-2c85-4659-8a46-71684e6faffd:c12]
2019-09-18 17:09:50,430 [grpc-default-executor-0] INFO  client.GrpcClientProtocolClient (GrpcClientProtocolClient.java:onNext(264)) - client-23B55BADBE70->96f0c9f3-2286-484a-8caa-cc6cff81bf3d: receive RaftClientReply:client-23B55BADBE70->96f0c9f3-2286-484a-8caa-cc6cff81bf3d@group-A40D0514C021, cid=28, SUCCESS, logIndex=0, commits[96f0c9f3-2286-484a-8caa-cc6cff81bf3d:c16, b4ae2fc6-33d9-4c1f-ba2b-766eed3c72c1:c12, 4807b144-2c85-4659-8a46-71684e6faffd:c12]
2019-09-18 17:09:53,443 [java.util.concurrent.ThreadPoolExecutor$Worker@3640334d[State = -1, empty queue]] WARN  server.GrpcLogAppender (GrpcLogAppender.java:timeoutAppendRequest(200)) - 96f0c9f3-2286-484a-8caa-cc6cff81bf3d@group-A40D0514C021->b4ae2fc6-33d9-4c1f-ba2b-766eed3c72c1-GrpcLogAppender: appendEntries Timeout, request=96f0c9f3-2286-484a-8caa-cc6cff81bf3d->b4ae2fc6-33d9-4c1f-ba2b-766eed3c72c1#19-t2, previous=(t:2, i:16), leaderCommit=16, initializing? false, entries: size=1, first=(t:2, i:17), STATEMACHINELOGENTRY, client-23B55BADBE70, cid=29
2019-09-18 17:09:53,443 [java.util.concurrent.ThreadPoolExecutor$Worker@517498b8[State = -1, empty queue]] WARN  server.GrpcLogAppender (GrpcLogAppender.java:timeoutAppendRequest(200)) - 96f0c9f3-2286-484a-8caa-cc6cff81bf3d@group-A40D0514C021->4807b144-2c85-4659-8a46-71684e6faffd-GrpcLogAppender: appendEntries Timeout, request=96f0c9f3-2286-484a-8caa-cc6cff81bf3d->4807b144-2c85-4659-8a46-71684e6faffd#19-t2, previous=(t:2, i:16), leaderCommit=16, initializing? false, entries: size=1, first=(t:2, i:17), STATEMACHINELOGENTRY, client-23B55BADBE70, cid=29
2019-09-18 17:09:53,447 [java.util.concurrent.ThreadPoolExecutor$Worker@3640334d[State = -1, empty queue]] WARN  server.GrpcLogAppender (GrpcLogAppender.java:timeoutAppendRequest(200)) - 96f0c9f3-2286-484a-8caa-cc6cff81bf3d@group-A40D0514C021->b4ae2fc6-33d9-4c1f-ba2b-766eed3c72c1-GrpcLogAppender: appendEntries Timeout, request=96f0c9f3-2286-484a-8caa-cc6cff81bf3d->b4ae2fc6-33d9-4c1f-ba2b-766eed3c72c1#20-t2, previous=(t:2, i:17), leaderCommit=16, initializing? false, entries: size=1, first=(t:2, i:18), STATEMACHINELOGENTRY, client-23B55BADBE70, cid=30
2019-09-18 17:09:53,450 [java.util.concurrent.ThreadPoolExecutor$Worker@517498b8[State = -1, empty queue]] WARN  server.GrpcLogAppender (GrpcLogAppender.java:timeoutAppendRequest(200)) - 96f0c9f3-2286-484a-8caa-cc6cff81bf3d@group-A40D0514C021->4807b144-2c85-4659-8a46-71684e6faffd-GrpcLogAppender: appendEntries Timeout, request=96f0c9f3-2286-484a-8caa-cc6cff81bf3d->4807b144-2c85-4659-8a46-71684e6faffd#20-t2, previous=(t:2, i:17), leaderCommit=16, initializing? false, entries: size=1, first=(t:2, i:18), STATEMACHINELOGENTRY, client-23B55BADBE70, cid=30
2019-09-18 17:09:53,460 [java.util.concurrent.ThreadPoolExecutor$Worker@517498b8[State = -1, empty queue]] WARN  server.GrpcLogAppender (GrpcLogAppender.java:timeoutAppendRequest(200)) - 96f0c9f3-2286-484a-8caa-cc6cff81bf3d@group-A40D0514C021->4807b144-2c85-4659-8a46-71684e6faffd-GrpcLogAppender: appendEntries Timeout, request=96f0c9f3-2286-484a-8caa-cc6cff81bf3d->4807b144-2c85-4659-8a46-71684e6faffd#21-t2, previous=(t:2, i:18), leaderCommit=16, initializing? false, entries: size=1, first=(t:2, i:19), STATEMACHINELOGENTRY, client-23B55BADBE70, cid=31
2019-09-18 17:09:53,460 [java.util.concurrent.ThreadPoolExecutor$Worker@3640334d[State = -1, empty queue]] WARN  server.GrpcLogAppender (GrpcLogAppender.java:timeoutAppendRequest(200)) - 96f0c9f3-2286-484a-8caa-cc6cff81bf3d@group-A40D0514C021->b4ae2fc6-33d9-4c1f-ba2b-766eed3c72c1-GrpcLogAppender: appendEntries Timeout, request=96f0c9f3-2286-484a-8caa-cc6cff81bf3d->b4ae2fc6-33d9-4c1f-ba2b-766eed3c72c1#21-t2, previous=(t:2, i:18), leaderCommit=16, initializing? false, entries: size=1, first=(t:2, i:19), STATEMACHINELOGENTRY, client-23B55BADBE70, cid=31
2019-09-18 17:09:53,463 [java.util.concurrent.ThreadPoolExecutor$Worker@517498b8[State = -1, empty queue]] WARN  server.GrpcLogAppender (GrpcLogAppender.java:timeoutAppendRequest(200)) - 96f0c9f3-2286-484a-8caa-cc6cff81bf3d@group-A40D0514C021->4807b144-2c85-4659-8a46-71684e6faffd-GrpcLogAppender: appendEntries Timeout, request=96f0c9f3-2286-484a-8caa-cc6cff81bf3d->4807b144-2c85-4659-8a46-71684e6faffd#22-t2, previous=(t:2, i:19), leaderCommit=16, initializing? false, entries: size=1, first=(t:2, i:20), STATEMACHINELOGENTRY, client-23B55BADBE70, cid=32
2019-09-18 17:09:53,465 [java.util.concurrent.ThreadPoolExecutor$Worker@3640334d[State = -1, empty queue]] WARN  server.GrpcLogAppender (GrpcLogAppender.java:timeoutAppendRequest(200)) - 96f0c9f3-2286-484a-8caa-cc6cff81bf3d@group-A40D0514C021->b4ae2fc6-33d9-4c1f-ba2b-766eed3c72c1-GrpcLogAppender: appendEntries Timeout, request=96f0c9f3-2286-484a-8caa-cc6cff81bf3d->b4ae2fc6-33d9-4c1f-ba2b-766eed3c72c1#22-t2, previous=(t:2, i:19), leaderCommit=16, initializing? false, entries: size=1, first=(t:2, i:20), STATEMACHINELOGENTRY, client-23B55BADBE70, cid=32
2019-09-18 17:09:53,961 [java.util.concurrent.ThreadPoolExecutor$Worker@517498b8[State = -1, empty queue]] WARN  server.GrpcLogAppender (GrpcLogAppender.java:timeoutAppendRequest(200)) - 96f0c9f3-2286-484a-8caa-cc6cff81bf3d@group-A40D0514C021->4807b144-2c85-4659-8a46-71684e6faffd-GrpcLogAppender: appendEntries Timeout, request=96f0c9f3-2286-484a-8caa-cc6cff81bf3d->4807b144-2c85-4659-8a46-71684e6faffd#23-t2, previous=(t:2, i:20), leaderCommit=16, initializing? false, entries: <empty>
2019-09-18 17:09:53,961 [java.util.concurrent.ThreadPoolExecutor$Worker@3640334d[State = -1, empty queue]] WARN  server.GrpcLogAppender (GrpcLogAppender.java:timeoutAppendRequest(200)) - 96f0c9f3-2286-484a-8caa-cc6cff81bf3d@group-A40D0514C021->b4ae2fc6-33d9-4c1f-ba2b-766eed3c72c1-GrpcLogAppender: appendEntries Timeout, request=96f0c9f3-2286-484a-8caa-cc6cff81bf3d->b4ae2fc6-33d9-4c1f-ba2b-766eed3c72c1#23-t2, previous=(t:2, i:20), leaderCommit=16, initializing? false, entries: <empty>
2019-09-18 17:09:54,462 [java.util.concurrent.ThreadPoolExecutor$Worker@517498b8[State = -1, empty queue]] WARN  server.GrpcLogAppender (GrpcLogAppender.java:timeoutAppendRequest(200)) - 96f0c9f3-2286-484a-8caa-cc6cff81bf3d@group-A40D0514C021->4807b144-2c85-4659-8a46-71684e6faffd-GrpcLogAppender: appendEntries Timeout, request=96f0c9f3-2286-484a-8caa-cc6cff81bf3d->4807b144-2c85-4659-8a46-71684e6faffd#24-t2, previous=(t:2, i:20), leaderCommit=16, initializing? false, entries: <empty>
2019-09-18 17:09:54,462 [java.util.concurrent.ThreadPoolExecutor$Worker@3640334d[State = -1, empty queue]] WARN  server.GrpcLogAppender (GrpcLogAppender.java:timeoutAppendRequest(200)) - 96f0c9f3-2286-484a-8caa-cc6cff81bf3d@group-A40D0514C021->b4ae2fc6-33d9-4c1f-ba2b-766eed3c72c1-GrpcLogAppender: appendEntries Timeout, request=96f0c9f3-2286-484a-8caa-cc6cff81bf3d->b4ae2fc6-33d9-4c1f-ba2b-766eed3c72c1#24-t2, previous=(t:2, i:20), leaderCommit=16, initializing? false, entries: <empty>
2019-09-18 17:09:54,963 [java.util.concurrent.ThreadPoolExecutor$Worker@517498b8[State = -1, empty queue]] WARN  server.GrpcLogAppender (GrpcLogAppender.java:timeoutAppendRequest(200)) - 96f0c9f3-2286-484a-8caa-cc6cff81bf3d@group-A40D0514C021->4807b144-2c85-4659-8a46-71684e6faffd-GrpcLogAppender: appendEntries Timeout, request=96f0c9f3-2286-484a-8caa-cc6cff81bf3d->4807b144-2c85-4659-8a46-71684e6faffd#25-t2, previous=(t:2, i:20), leaderCommit=16, initializing? false, entries: <empty>
2019-09-18 17:09:54,963 [java.util.concurrent.ThreadPoolExecutor$Worker@3640334d[State = -1, empty queue]] WARN  server.GrpcLogAppender (GrpcLogAppender.java:timeoutAppendRequest(200)) - 96f0c9f3-2286-484a-8caa-cc6cff81bf3d@group-A40D0514C021->b4ae2fc6-33d9-4c1f-ba2b-766eed3c72c1-GrpcLogAppender: appendEntries Timeout, request=96f0c9f3-2286-484a-8caa-cc6cff81bf3d->b4ae2fc6-33d9-4c1f-ba2b-766eed3c72c1#25-t2, previous=(t:2, i:20), leaderCommit=16, initializing? false, entries: <empty>
2019-09-18 17:09:55,463 [java.util.concurrent.ThreadPoolExecutor$Worker@517498b8[State = -1, empty queue]] WARN  server.GrpcLogAppender (GrpcLogAppender.java:timeoutAppendRequest(200)) - 96f0c9f3-2286-484a-8caa-cc6cff81bf3d@group-A40D0514C021->4807b144-2c85-4659-8a46-71684e6faffd-GrpcLogAppender: appendEntries Timeout, request=96f0c9f3-2286-484a-8caa-cc6cff81bf3d->4807b144-2c85-4659-8a46-71684e6faffd#26-t2, previous=(t:2, i:20), leaderCommit=16, initializing? false, entries: <empty>
2019-09-18 17:09:55,463 [java.util.concurrent.ThreadPoolExecutor$Worker@3640334d[State = -1, empty queue]] WARN  server.GrpcLogAppender (GrpcLogAppender.java:timeoutAppendRequest(200)) - 96f0c9f3-2286-484a-8caa-cc6cff81bf3d@group-A40D0514C021->b4ae2fc6-33d9-4c1f-ba2b-766eed3c72c1-GrpcLogAppender: appendEntries Timeout, request=96f0c9f3-2286-484a-8caa-cc6cff81bf3d->b4ae2fc6-33d9-4c1f-ba2b-766eed3c72c1#26-t2, previous=(t:2, i:20), leaderCommit=16, initializing? false, entries: <empty>
2019-09-18 17:09:55,504 [grpc-default-executor-5] INFO  client.GrpcClientProtocolClient (GrpcClientProtocolClient.java:onNext(264)) - client-23B55BADBE70->b4ae2fc6-33d9-4c1f-ba2b-766eed3c72c1: receive RaftClientReply:client-23B55BADBE70->b4ae2fc6-33d9-4c1f-ba2b-766eed3c72c1@group-A40D0514C021, cid=29, FAILED org.apache.ratis.protocol.NotLeaderException: Server b4ae2fc6-33d9-4c1f-ba2b-766eed3c72c1@group-A40D0514C021 is not the leader 96f0c9f3-2286-484a-8caa-cc6cff81bf3d:192.168.151.122:42800, logIndex=0, commits[b4ae2fc6-33d9-4c1f-ba2b-766eed3c72c1:c16, 4807b144-2c85-4659-8a46-71684e6faffd:c12, 96f0c9f3-2286-484a-8caa-cc6cff81bf3d:c16]
2019-09-18 17:09:55,964 [java.util.concurrent.ThreadPoolExecutor$Worker@517498b8[State = -1, empty queue]] WARN  server.GrpcLogAppender (GrpcLogAppender.java:timeoutAppendRequest(200)) - 96f0c9f3-2286-484a-8caa-cc6cff81bf3d@group-A40D0514C021->4807b144-2c85-4659-8a46-71684e6faffd-GrpcLogAppender: appendEntries Timeout, request=96f0c9f3-2286-484a-8caa-cc6cff81bf3d->4807b144-2c85-4659-8a46-71684e6faffd#27-t2, previous=(t:2, i:20), leaderCommit=16, initializing? false, entries: <empty>
2019-09-18 17:09:55,964 [java.util.concurrent.ThreadPoolExecutor$Worker@3640334d[State = -1, empty queue]] WARN  server.GrpcLogAppender (GrpcLogAppender.java:timeoutAppendRequest(200)) - 96f0c9f3-2286-484a-8caa-cc6cff81bf3d@group-A40D0514C021->b4ae2fc6-33d9-4c1f-ba2b-766eed3c72c1-GrpcLogAppender: appendEntries Timeout, request=96f0c9f3-2286-484a-8caa-cc6cff81bf3d->b4ae2fc6-33d9-4c1f-ba2b-766eed3c72c1#27-t2, previous=(t:2, i:20), leaderCommit=16, initializing? false, entries: <empty>
2019-09-18 17:09:56,468 [java.util.concurrent.ThreadPoolExecutor$Worker@3640334d[State = -1, empty queue]] WARN  server.GrpcLogAppender (GrpcLogAppender.java:timeoutAppendRequest(200)) - 96f0c9f3-2286-484a-8caa-cc6cff81bf3d@group-A40D0514C021->b4ae2fc6-33d9-4c1f-ba2b-766eed3c72c1-GrpcLogAppender: appendEntries Timeout, request=96f0c9f3-2286-484a-8caa-cc6cff81bf3d->b4ae2fc6-33d9-4c1f-ba2b-766eed3c72c1#28-t2, previous=(t:2, i:20), leaderCommit=16, initializing? false, entries: <empty>
2019-09-18 17:09:56,468 [java.util.concurrent.ThreadPoolExecutor$Worker@517498b8[State = -1, empty queue]] WARN  server.GrpcLogAppender (GrpcLogAppender.java:timeoutAppendRequest(200)) - 96f0c9f3-2286-484a-8caa-cc6cff81bf3d@group-A40D0514C021->4807b144-2c85-4659-8a46-71684e6faffd-GrpcLogAppender: appendEntries Timeout, request=96f0c9f3-2286-484a-8caa-cc6cff81bf3d->4807b144-2c85-4659-8a46-71684e6faffd#28-t2, previous=(t:2, i:20), leaderCommit=16, initializing? false, entries: <empty>
2019-09-18 17:09:56,977 [java.util.concurrent.ThreadPoolExecutor$Worker@517498b8[State = -1, empty queue]] WARN  server.GrpcLogAppender (GrpcLogAppender.java:timeoutAppendRequest(200)) - 96f0c9f3-2286-484a-8caa-cc6cff81bf3d@group-A40D0514C021->4807b144-2c85-4659-8a46-71684e6faffd-GrpcLogAppender: appendEntries Timeout, request=96f0c9f3-2286-484a-8caa-cc6cff81bf3d->4807b144-2c85-4659-8a46-71684e6faffd#29-t2, previous=(t:2, i:20), leaderCommit=16, initializing? false, entries: <empty>
2019-09-18 17:09:56,977 [java.util.concurrent.ThreadPoolExecutor$Worker@3640334d[State = -1, empty queue]] WARN  server.GrpcLogAppender (GrpcLogAppender.java:timeoutAppendRequest(200)) - 96f0c9f3-2286-484a-8caa-cc6cff81bf3d@group-A40D0514C021->b4ae2fc6-33d9-4c1f-ba2b-766eed3c72c1-GrpcLogAppender: appendEntries Timeout, request=96f0c9f3-2286-484a-8caa-cc6cff81bf3d->b4ae2fc6-33d9-4c1f-ba2b-766eed3c72c1#29-t2, previous=(t:2, i:20), leaderCommit=16, initializing? false, entries: <empty>
2019-09-18 17:09:57,478 [java.util.concurrent.ThreadPoolExecutor$Worker@3640334d[State = -1, empty queue]] WARN  server.GrpcLogAppender (GrpcLogAppender.java:timeoutAppendRequest(200)) - 96f0c9f3-2286-484a-8caa-cc6cff81bf3d@group-A40D0514C021->b4ae2fc6-33d9-4c1f-ba2b-766eed3c72c1-GrpcLogAppender: appendEntries Timeout, request=96f0c9f3-2286-484a-8caa-cc6cff81bf3d->b4ae2fc6-33d9-4c1f-ba2b-766eed3c72c1#30-t2, previous=(t:2, i:20), leaderCommit=16, initializing? false, entries: <empty>
2019-09-18 17:09:57,478 [java.util.concurrent.ThreadPoolExecutor$Worker@517498b8[State = -1, empty queue]] WARN  server.GrpcLogAppender (GrpcLogAppender.java:timeoutAppendRequest(200)) - 96f0c9f3-2286-484a-8caa-cc6cff81bf3d@group-A40D0514C021->4807b144-2c85-4659-8a46-71684e6faffd-GrpcLogAppender: appendEntries Timeout, request=96f0c9f3-2286-484a-8caa-cc6cff81bf3d->4807b144-2c85-4659-8a46-71684e6faffd#30-t2, previous=(t:2, i:20), leaderCommit=16, initializing? false, entries: <empty>
2019-09-18 17:09:57,978 [java.util.concurrent.ThreadPoolExecutor$Worker@3640334d[State = -1, empty queue]] WARN  server.GrpcLogAppender (GrpcLogAppender.java:timeoutAppendRequest(200)) - 96f0c9f3-2286-484a-8caa-cc6cff81bf3d@group-A40D0514C021->b4ae2fc6-33d9-4c1f-ba2b-766eed3c72c1-GrpcLogAppender: appendEntries Timeout, request=96f0c9f3-2286-484a-8caa-cc6cff81bf3d->b4ae2fc6-33d9-4c1f-ba2b-766eed3c72c1#31-t2, previous=(t:2, i:20), leaderCommit=16, initializing? false, entries: <empty>
2019-09-18 17:09:57,978 [java.util.concurrent.ThreadPoolExecutor$Worker@517498b8[State = -1, empty queue]] WARN  server.GrpcLogAppender (GrpcLogAppender.java:timeoutAppendRequest(200)) - 96f0c9f3-2286-484a-8caa-cc6cff81bf3d@group-A40D0514C021->4807b144-2c85-4659-8a46-71684e6faffd-GrpcLogAppender: appendEntries Timeout, request=96f0c9f3-2286-484a-8caa-cc6cff81bf3d->4807b144-2c85-4659-8a46-71684e6faffd#31-t2, previous=(t:2, i:20), leaderCommit=16, initializing? false, entries: <empty>
2019-09-18 17:09:58,487 [java.util.concurrent.ThreadPoolExecutor$Worker@517498b8[State = -1, empty queue]] WARN  server.GrpcLogAppender (GrpcLogAppender.java:timeoutAppendRequest(200)) - 96f0c9f3-2286-484a-8caa-cc6cff81bf3d@group-A40D0514C021->4807b144-2c85-4659-8a46-71684e6faffd-GrpcLogAppender: appendEntries Timeout, request=96f0c9f3-2286-484a-8caa-cc6cff81bf3d->4807b144-2c85-4659-8a46-71684e6faffd#32-t2, previous=(t:2, i:20), leaderCommit=16, initializing? false, entries: <empty>
2019-09-18 17:09:58,487 [java.util.concurrent.ThreadPoolExecutor$Worker@3640334d[State = -1, empty queue]] WARN  server.GrpcLogAppender (GrpcLogAppender.java:timeoutAppendRequest(200)) - 96f0c9f3-2286-484a-8caa-cc6cff81bf3d@group-A40D0514C021->b4ae2fc6-33d9-4c1f-ba2b-766eed3c72c1-GrpcLogAppender: appendEntries Timeout, request=96f0c9f3-2286-484a-8caa-cc6cff81bf3d->b4ae2fc6-33d9-4c1f-ba2b-766eed3c72c1#32-t2, previous=(t:2, i:20), leaderCommit=16, initializing? false, entries: <empty>
2019-09-18 17:09:58,980 [java.util.concurrent.ThreadPoolExecutor$Worker@517498b8[State = -1, empty queue]] WARN  server.GrpcLogAppender (GrpcLogAppender.java:timeoutAppendRequest(200)) - 96f0c9f3-2286-484a-8caa-cc6cff81bf3d@group-A40D0514C021->4807b144-2c85-4659-8a46-71684e6faffd-GrpcLogAppender: appendEntries Timeout, request=96f0c9f3-2286-484a-8caa-cc6cff81bf3d->4807b144-2c85-4659-8a46-71684e6faffd#33-t2, previous=(t:2, i:20), leaderCommit=16, initializing? false, entries: <empty>
2019-09-18 17:09:58,980 [java.util.concurrent.ThreadPoolExecutor$Worker@3640334d[State = -1, empty queue]] WARN  server.GrpcLogAppender (GrpcLogAppender.java:timeoutAppendRequest(200)) - 96f0c9f3-2286-484a-8caa-cc6cff81bf3d@group-A40D0514C021->b4ae2fc6-33d9-4c1f-ba2b-766eed3c72c1-GrpcLogAppender: appendEntries Timeout, request=96f0c9f3-2286-484a-8caa-cc6cff81bf3d->b4ae2fc6-33d9-4c1f-ba2b-766eed3c72c1#33-t2, previous=(t:2, i:20), leaderCommit=16, initializing? false, entries: <empty>
2019-09-18 17:09:59,480 [java.util.concurrent.ThreadPoolExecutor$Worker@3640334d[State = -1, empty queue]] WARN  server.GrpcLogAppender (GrpcLogAppender.java:timeoutAppendRequest(200)) - 96f0c9f3-2286-484a-8caa-cc6cff81bf3d@group-A40D0514C021->b4ae2fc6-33d9-4c1f-ba2b-766eed3c72c1-GrpcLogAppender: appendEntries Timeout, request=96f0c9f3-2286-484a-8caa-cc6cff81bf3d->b4ae2fc6-33d9-4c1f-ba2b-766eed3c72c1#34-t2, previous=(t:2, i:20), leaderCommit=16, initializing? false, entries: <empty>
2019-09-18 17:09:59,480 [java.util.concurrent.ThreadPoolExecutor$Worker@517498b8[State = -1, empty queue]] WARN  server.GrpcLogAppender (GrpcLogAppender.java:timeoutAppendRequest(200)) - 96f0c9f3-2286-484a-8caa-cc6cff81bf3d@group-A40D0514C021->4807b144-2c85-4659-8a46-71684e6faffd-GrpcLogAppender: appendEntries Timeout, request=96f0c9f3-2286-484a-8caa-cc6cff81bf3d->4807b144-2c85-4659-8a46-71684e6faffd#34-t2, previous=(t:2, i:20), leaderCommit=16, initializing? false, entries: <empty>
2019-09-18 17:09:59,981 [java.util.concurrent.ThreadPoolExecutor$Worker@517498b8[State = -1, empty queue]] WARN  server.GrpcLogAppender (GrpcLogAppender.java:timeoutAppendRequest(200)) - 96f0c9f3-2286-484a-8caa-cc6cff81bf3d@group-A40D0514C021->4807b144-2c85-4659-8a46-71684e6faffd-GrpcLogAppender: appendEntries Timeout, request=96f0c9f3-2286-484a-8caa-cc6cff81bf3d->4807b144-2c85-4659-8a46-71684e6faffd#35-t2, previous=(t:2, i:20), leaderCommit=16, initializing? false, entries: <empty>
2019-09-18 17:09:59,981 [java.util.concurrent.ThreadPoolExecutor$Worker@3640334d[State = -1, empty queue]] WARN  server.GrpcLogAppender (GrpcLogAppender.java:timeoutAppendRequest(200)) - 96f0c9f3-2286-484a-8caa-cc6cff81bf3d@group-A40D0514C021->b4ae2fc6-33d9-4c1f-ba2b-766eed3c72c1-GrpcLogAppender: appendEntries Timeout, request=96f0c9f3-2286-484a-8caa-cc6cff81bf3d->b4ae2fc6-33d9-4c1f-ba2b-766eed3c72c1#35-t2, previous=(t:2, i:20), leaderCommit=16, initializing? false, entries: <empty>
2019-09-18 17:10:00,455 [b4ae2fc6-33d9-4c1f-ba2b-766eed3c72c1@group-A40D0514C021-SegmentedRaftLogWorker] WARN  segmented.SegmentedRaftLogWorker (SegmentedRaftLogWorker.java:getFromFuture(90)) - Timeout 0/~
org.apache.ratis.protocol.TimeoutIOException: Timeout 10s: WriteLog:17: (t:2, i:17), STATEMACHINELOGENTRY, client-23B55BADBE70, cid=29-writeStateMachineData
	at org.apache.ratis.util.IOUtils.getFromFuture(IOUtils.java:87)
	at org.apache.ratis.server.raftlog.segmented.SegmentedRaftLogWorker$StateMachineDataPolicy.getFromFuture(SegmentedRaftLogWorker.java:87)
	at org.apache.ratis.server.raftlog.segmented.SegmentedRaftLogWorker$WriteLog.execute(SegmentedRaftLogWorker.java:477)
	at org.apache.ratis.server.raftlog.segmented.SegmentedRaftLogWorker.run(SegmentedRaftLogWorker.java:289)
	at java.lang.Thread.run(Thread.java:748)
Caused by: java.util.concurrent.TimeoutException
	at java.util.concurrent.CompletableFuture.timedGet(CompletableFuture.java:1771)
	at java.util.concurrent.CompletableFuture.get(CompletableFuture.java:1915)
	at org.apache.ratis.util.IOUtils.getFromFuture(IOUtils.java:79)
	... 4 more
2019-09-18 17:10:00,481 [java.util.concurrent.ThreadPoolExecutor$Worker@517498b8[State = -1, empty queue]] WARN  server.GrpcLogAppender (GrpcLogAppender.java:timeoutAppendRequest(200)) - 96f0c9f3-2286-484a-8caa-cc6cff81bf3d@group-A40D0514C021->4807b144-2c85-4659-8a46-71684e6faffd-GrpcLogAppender: appendEntries Timeout, request=96f0c9f3-2286-484a-8caa-cc6cff81bf3d->4807b144-2c85-4659-8a46-71684e6faffd#36-t2, previous=(t:2, i:20), leaderCommit=16, initializing? false, entries: <empty>
2019-09-18 17:10:00,481 [java.util.concurrent.ThreadPoolExecutor$Worker@3640334d[State = -1, empty queue]] WARN  server.GrpcLogAppender (GrpcLogAppender.java:timeoutAppendRequest(200)) - 96f0c9f3-2286-484a-8caa-cc6cff81bf3d@group-A40D0514C021->b4ae2fc6-33d9-4c1f-ba2b-766eed3c72c1-GrpcLogAppender: appendEntries Timeout, request=96f0c9f3-2286-484a-8caa-cc6cff81bf3d->b4ae2fc6-33d9-4c1f-ba2b-766eed3c72c1#36-t2, previous=(t:2, i:20), leaderCommit=16, initializing? false, entries: <empty>
2019-09-18 17:10:00,547 [4807b144-2c85-4659-8a46-71684e6faffd@group-A40D0514C021-SegmentedRaftLogWorker] WARN  segmented.SegmentedRaftLogWorker (SegmentedRaftLogWorker.java:getFromFuture(90)) - Timeout 0/~
org.apache.ratis.protocol.TimeoutIOException: Timeout 10s: WriteLog:19: (t:2, i:19), STATEMACHINELOGENTRY, client-23B55BADBE70, cid=31-writeStateMachineData
	at org.apache.ratis.util.IOUtils.getFromFuture(IOUtils.java:87)
	at org.apache.ratis.server.raftlog.segmented.SegmentedRaftLogWorker$StateMachineDataPolicy.getFromFuture(SegmentedRaftLogWorker.java:87)
	at org.apache.ratis.server.raftlog.segmented.SegmentedRaftLogWorker$WriteLog.execute(SegmentedRaftLogWorker.java:477)
	at org.apache.ratis.server.raftlog.segmented.SegmentedRaftLogWorker.run(SegmentedRaftLogWorker.java:289)
	at java.lang.Thread.run(Thread.java:748)
Caused by: java.util.concurrent.TimeoutException
	at java.util.concurrent.CompletableFuture.timedGet(CompletableFuture.java:1771)
	at java.util.concurrent.CompletableFuture.get(CompletableFuture.java:1915)
	at org.apache.ratis.util.IOUtils.getFromFuture(IOUtils.java:79)
	... 4 more
2019-09-18 17:10:00,547 [96f0c9f3-2286-484a-8caa-cc6cff81bf3d@group-A40D0514C021-SegmentedRaftLogWorker] WARN  segmented.SegmentedRaftLogWorker (SegmentedRaftLogWorker.java:getFromFuture(90)) - Timeout 0/~
org.apache.ratis.protocol.TimeoutIOException: Timeout 10s: WriteLog:19: (t:2, i:19), STATEMACHINELOGENTRY, client-23B55BADBE70, cid=31-writeStateMachineData
	at org.apache.ratis.util.IOUtils.getFromFuture(IOUtils.java:87)
	at org.apache.ratis.server.raftlog.segmented.SegmentedRaftLogWorker$StateMachineDataPolicy.getFromFuture(SegmentedRaftLogWorker.java:87)
	at org.apache.ratis.server.raftlog.segmented.SegmentedRaftLogWorker$WriteLog.execute(SegmentedRaftLogWorker.java:477)
	at org.apache.ratis.server.raftlog.segmented.SegmentedRaftLogWorker.run(SegmentedRaftLogWorker.java:289)
	at java.lang.Thread.run(Thread.java:748)
Caused by: java.util.concurrent.TimeoutException
	at java.util.concurrent.CompletableFuture.timedGet(CompletableFuture.java:1771)
	at java.util.concurrent.CompletableFuture.get(CompletableFuture.java:1915)
	at org.apache.ratis.util.IOUtils.getFromFuture(IOUtils.java:79)
	... 4 more
2019-09-18 17:10:00,585 [grpc-default-executor-5] INFO  client.GrpcClientProtocolClient (GrpcClientProtocolClient.java:onNext(264)) - client-23B55BADBE70->b4ae2fc6-33d9-4c1f-ba2b-766eed3c72c1: receive RaftClientReply:client-23B55BADBE70->b4ae2fc6-33d9-4c1f-ba2b-766eed3c72c1@group-A40D0514C021, cid=29, FAILED org.apache.ratis.protocol.NotLeaderException: Server b4ae2fc6-33d9-4c1f-ba2b-766eed3c72c1@group-A40D0514C021 is not the leader 96f0c9f3-2286-484a-8caa-cc6cff81bf3d:192.168.151.122:42800, logIndex=0, commits[b4ae2fc6-33d9-4c1f-ba2b-766eed3c72c1:c16, 4807b144-2c85-4659-8a46-71684e6faffd:c12, 96f0c9f3-2286-484a-8caa-cc6cff81bf3d:c16]
2019-09-18 17:10:00,982 [java.util.concurrent.ThreadPoolExecutor$Worker@3640334d[State = -1, empty queue]] WARN  server.GrpcLogAppender (GrpcLogAppender.java:timeoutAppendRequest(200)) - 96f0c9f3-2286-484a-8caa-cc6cff81bf3d@group-A40D0514C021->b4ae2fc6-33d9-4c1f-ba2b-766eed3c72c1-GrpcLogAppender: appendEntries Timeout, request=96f0c9f3-2286-484a-8caa-cc6cff81bf3d->b4ae2fc6-33d9-4c1f-ba2b-766eed3c72c1#37-t2, previous=(t:2, i:20), leaderCommit=16, initializing? false, entries: <empty>
2019-09-18 17:10:00,982 [java.util.concurrent.ThreadPoolExecutor$Worker@517498b8[State = -1, empty queue]] WARN  server.GrpcLogAppender (GrpcLogAppender.java:timeoutAppendRequest(200)) - 96f0c9f3-2286-484a-8caa-cc6cff81bf3d@group-A40D0514C021->4807b144-2c85-4659-8a46-71684e6faffd-GrpcLogAppender: appendEntries Timeout, request=96f0c9f3-2286-484a-8caa-cc6cff81bf3d->4807b144-2c85-4659-8a46-71684e6faffd#37-t2, previous=(t:2, i:20), leaderCommit=16, initializing? false, entries: <empty>
2019-09-18 17:10:01,493 [java.util.concurrent.ThreadPoolExecutor$Worker@3640334d[State = -1, empty queue]] WARN  server.GrpcLogAppender (GrpcLogAppender.java:timeoutAppendRequest(200)) - 96f0c9f3-2286-484a-8caa-cc6cff81bf3d@group-A40D0514C021->b4ae2fc6-33d9-4c1f-ba2b-766eed3c72c1-GrpcLogAppender: appendEntries Timeout, request=96f0c9f3-2286-484a-8caa-cc6cff81bf3d->b4ae2fc6-33d9-4c1f-ba2b-766eed3c72c1#38-t2, previous=(t:2, i:20), leaderCommit=16, initializing? false, entries: <empty>
2019-09-18 17:10:01,493 [java.util.concurrent.ThreadPoolExecutor$Worker@517498b8[State = -1, empty queue]] WARN  server.GrpcLogAppender (GrpcLogAppender.java:timeoutAppendRequest(200)) - 96f0c9f3-2286-484a-8caa-cc6cff81bf3d@group-A40D0514C021->4807b144-2c85-4659-8a46-71684e6faffd-GrpcLogAppender: appendEntries Timeout, request=96f0c9f3-2286-484a-8caa-cc6cff81bf3d->4807b144-2c85-4659-8a46-71684e6faffd#38-t2, previous=(t:2, i:20), leaderCommit=16, initializing? false, entries: <empty>
2019-09-18 17:10:01,994 [java.util.concurrent.ThreadPoolExecutor$Worker@3640334d[State = -1, empty queue]] WARN  server.GrpcLogAppender (GrpcLogAppender.java:timeoutAppendRequest(200)) - 96f0c9f3-2286-484a-8caa-cc6cff81bf3d@group-A40D0514C021->b4ae2fc6-33d9-4c1f-ba2b-766eed3c72c1-GrpcLogAppender: appendEntries Timeout, request=96f0c9f3-2286-484a-8caa-cc6cff81bf3d->b4ae2fc6-33d9-4c1f-ba2b-766eed3c72c1#39-t2, previous=(t:2, i:20), leaderCommit=16, initializing? false, entries: <empty>
2019-09-18 17:10:01,994 [java.util.concurrent.ThreadPoolExecutor$Worker@517498b8[State = -1, empty queue]] WARN  server.GrpcLogAppender (GrpcLogAppender.java:timeoutAppendRequest(200)) - 96f0c9f3-2286-484a-8caa-cc6cff81bf3d@group-A40D0514C021->4807b144-2c85-4659-8a46-71684e6faffd-GrpcLogAppender: appendEntries Timeout, request=96f0c9f3-2286-484a-8caa-cc6cff81bf3d->4807b144-2c85-4659-8a46-71684e6faffd#39-t2, previous=(t:2, i:20), leaderCommit=16, initializing? false, entries: <empty>
2019-09-18 17:10:02,495 [java.util.concurrent.ThreadPoolExecutor$Worker@3640334d[State = -1, empty queue]] WARN  server.GrpcLogAppender (GrpcLogAppender.java:timeoutAppendRequest(200)) - 96f0c9f3-2286-484a-8caa-cc6cff81bf3d@group-A40D0514C021->b4ae2fc6-33d9-4c1f-ba2b-766eed3c72c1-GrpcLogAppender: appendEntries Timeout, request=96f0c9f3-2286-484a-8caa-cc6cff81bf3d->b4ae2fc6-33d9-4c1f-ba2b-766eed3c72c1#40-t2, previous=(t:2, i:20), leaderCommit=16, initializing? false, entries: <empty>
2019-09-18 17:10:02,495 [java.util.concurrent.ThreadPoolExecutor$Worker@517498b8[State = -1, empty queue]] WARN  server.GrpcLogAppender (GrpcLogAppender.java:timeoutAppendRequest(200)) - 96f0c9f3-2286-484a-8caa-cc6cff81bf3d@group-A40D0514C021->4807b144-2c85-4659-8a46-71684e6faffd-GrpcLogAppender: appendEntries Timeout, request=96f0c9f3-2286-484a-8caa-cc6cff81bf3d->4807b144-2c85-4659-8a46-71684e6faffd#40-t2, previous=(t:2, i:20), leaderCommit=16, initializing? false, entries: <empty>
2019-09-18 17:10:02,995 [java.util.concurrent.ThreadPoolExecutor$Worker@517498b8[State = -1, empty queue]] WARN  server.GrpcLogAppender (GrpcLogAppender.java:timeoutAppendRequest(200)) - 96f0c9f3-2286-484a-8caa-cc6cff81bf3d@group-A40D0514C021->4807b144-2c85-4659-8a46-71684e6faffd-GrpcLogAppender: appendEntries Timeout, request=96f0c9f3-2286-484a-8caa-cc6cff81bf3d->4807b144-2c85-4659-8a46-71684e6faffd#41-t2, previous=(t:2, i:20), leaderCommit=16, initializing? false, entries: <empty>
2019-09-18 17:10:02,995 [java.util.concurrent.ThreadPoolExecutor$Worker@3640334d[State = -1, empty queue]] WARN  server.GrpcLogAppender (GrpcLogAppender.java:timeoutAppendRequest(200)) - 96f0c9f3-2286-484a-8caa-cc6cff81bf3d@group-A40D0514C021->b4ae2fc6-33d9-4c1f-ba2b-766eed3c72c1-GrpcLogAppender: appendEntries Timeout, request=96f0c9f3-2286-484a-8caa-cc6cff81bf3d->b4ae2fc6-33d9-4c1f-ba2b-766eed3c72c1#41-t2, previous=(t:2, i:20), leaderCommit=16, initializing? false, entries: <empty>
2019-09-18 17:10:03,496 [java.util.concurrent.ThreadPoolExecutor$Worker@517498b8[State = -1, empty queue]] WARN  server.GrpcLogAppender (GrpcLogAppender.java:timeoutAppendRequest(200)) - 96f0c9f3-2286-484a-8caa-cc6cff81bf3d@group-A40D0514C021->4807b144-2c85-4659-8a46-71684e6faffd-GrpcLogAppender: appendEntries Timeout, request=96f0c9f3-2286-484a-8caa-cc6cff81bf3d->4807b144-2c85-4659-8a46-71684e6faffd#42-t2, previous=(t:2, i:20), leaderCommit=16, initializing? false, entries: <empty>
2019-09-18 17:10:03,496 [java.util.concurrent.ThreadPoolExecutor$Worker@3640334d[State = -1, empty queue]] WARN  server.GrpcLogAppender (GrpcLogAppender.java:timeoutAppendRequest(200)) - 96f0c9f3-2286-484a-8caa-cc6cff81bf3d@group-A40D0514C021->b4ae2fc6-33d9-4c1f-ba2b-766eed3c72c1-GrpcLogAppender: appendEntries Timeout, request=96f0c9f3-2286-484a-8caa-cc6cff81bf3d->b4ae2fc6-33d9-4c1f-ba2b-766eed3c72c1#42-t2, previous=(t:2, i:20), leaderCommit=16, initializing? false, entries: <empty>
2019-09-18 17:10:03,997 [java.util.concurrent.ThreadPoolExecutor$Worker@3640334d[State = -1, empty queue]] WARN  server.GrpcLogAppender (GrpcLogAppender.java:timeoutAppendRequest(200)) - 96f0c9f3-2286-484a-8caa-cc6cff81bf3d@group-A40D0514C021->b4ae2fc6-33d9-4c1f-ba2b-766eed3c72c1-GrpcLogAppender: appendEntries Timeout, request=96f0c9f3-2286-484a-8caa-cc6cff81bf3d->b4ae2fc6-33d9-4c1f-ba2b-766eed3c72c1#43-t2, previous=(t:2, i:20), leaderCommit=16, initializing? false, entries: <empty>
2019-09-18 17:10:03,997 [java.util.concurrent.ThreadPoolExecutor$Worker@517498b8[State = -1, empty queue]] WARN  server.GrpcLogAppender (GrpcLogAppender.java:timeoutAppendRequest(200)) - 96f0c9f3-2286-484a-8caa-cc6cff81bf3d@group-A40D0514C021->4807b144-2c85-4659-8a46-71684e6faffd-GrpcLogAppender: appendEntries Timeout, request=96f0c9f3-2286-484a-8caa-cc6cff81bf3d->4807b144-2c85-4659-8a46-71684e6faffd#43-t2, previous=(t:2, i:20), leaderCommit=16, initializing? false, entries: <empty>
2019-09-18 17:10:04,497 [java.util.concurrent.ThreadPoolExecutor$Worker@3640334d[State = -1, empty queue]] WARN  server.GrpcLogAppender (GrpcLogAppender.java:timeoutAppendRequest(200)) - 96f0c9f3-2286-484a-8caa-cc6cff81bf3d@group-A40D0514C021->b4ae2fc6-33d9-4c1f-ba2b-766eed3c72c1-GrpcLogAppender: appendEntries Timeout, request=96f0c9f3-2286-484a-8caa-cc6cff81bf3d->b4ae2fc6-33d9-4c1f-ba2b-766eed3c72c1#44-t2, previous=(t:2, i:20), leaderCommit=16, initializing? false, entries: <empty>
2019-09-18 17:10:04,497 [java.util.concurrent.ThreadPoolExecutor$Worker@517498b8[State = -1, empty queue]] WARN  server.GrpcLogAppender (GrpcLogAppender.java:timeoutAppendRequest(200)) - 96f0c9f3-2286-484a-8caa-cc6cff81bf3d@group-A40D0514C021->4807b144-2c85-4659-8a46-71684e6faffd-GrpcLogAppender: appendEntries Timeout, request=96f0c9f3-2286-484a-8caa-cc6cff81bf3d->4807b144-2c85-4659-8a46-71684e6faffd#44-t2, previous=(t:2, i:20), leaderCommit=16, initializing? false, entries: <empty>
2019-09-18 17:10:04,997 [java.util.concurrent.ThreadPoolExecutor$Worker@3640334d[State = -1, empty queue]] WARN  server.GrpcLogAppender (GrpcLogAppender.java:timeoutAppendRequest(200)) - 96f0c9f3-2286-484a-8caa-cc6cff81bf3d@group-A40D0514C021->b4ae2fc6-33d9-4c1f-ba2b-766eed3c72c1-GrpcLogAppender: appendEntries Timeout, request=96f0c9f3-2286-484a-8caa-cc6cff81bf3d->b4ae2fc6-33d9-4c1f-ba2b-766eed3c72c1#45-t2, previous=(t:2, i:20), leaderCommit=16, initializing? false, entries: <empty>
2019-09-18 17:10:04,998 [java.util.concurrent.ThreadPoolExecutor$Worker@517498b8[State = -1, empty queue]] WARN  server.GrpcLogAppender (GrpcLogAppender.java:timeoutAppendRequest(200)) - 96f0c9f3-2286-484a-8caa-cc6cff81bf3d@group-A40D0514C021->4807b144-2c85-4659-8a46-71684e6faffd-GrpcLogAppender: appendEntries Timeout, request=96f0c9f3-2286-484a-8caa-cc6cff81bf3d->4807b144-2c85-4659-8a46-71684e6faffd#45-t2, previous=(t:2, i:20), leaderCommit=16, initializing? false, entries: <empty>
2019-09-18 17:10:05,498 [java.util.concurrent.ThreadPoolExecutor$Worker@3640334d[State = -1, empty queue]] WARN  server.GrpcLogAppender (GrpcLogAppender.java:timeoutAppendRequest(200)) - 96f0c9f3-2286-484a-8caa-cc6cff81bf3d@group-A40D0514C021->b4ae2fc6-33d9-4c1f-ba2b-766eed3c72c1-GrpcLogAppender: appendEntries Timeout, request=96f0c9f3-2286-484a-8caa-cc6cff81bf3d->b4ae2fc6-33d9-4c1f-ba2b-766eed3c72c1#46-t2, previous=(t:2, i:20), leaderCommit=16, initializing? false, entries: <empty>
2019-09-18 17:10:05,498 [java.util.concurrent.ThreadPoolExecutor$Worker@517498b8[State = -1, empty queue]] WARN  server.GrpcLogAppender (GrpcLogAppender.java:timeoutAppendRequest(200)) - 96f0c9f3-2286-484a-8caa-cc6cff81bf3d@group-A40D0514C021->4807b144-2c85-4659-8a46-71684e6faffd-GrpcLogAppender: appendEntries Timeout, request=96f0c9f3-2286-484a-8caa-cc6cff81bf3d->4807b144-2c85-4659-8a46-71684e6faffd#46-t2, previous=(t:2, i:20), leaderCommit=16, initializing? false, entries: <empty>
2019-09-18 17:10:05,647 [grpc-default-executor-5] INFO  client.GrpcClientProtocolClient (GrpcClientProtocolClient.java:onNext(264)) - client-23B55BADBE70->4807b144-2c85-4659-8a46-71684e6faffd: receive RaftClientReply:client-23B55BADBE70->4807b144-2c85-4659-8a46-71684e6faffd@group-A40D0514C021, cid=29, FAILED org.apache.ratis.protocol.NotLeaderException: Server 4807b144-2c85-4659-8a46-71684e6faffd@group-A40D0514C021 is not the leader 96f0c9f3-2286-484a-8caa-cc6cff81bf3d:192.168.151.122:42800, logIndex=0, commits[4807b144-2c85-4659-8a46-71684e6faffd:c16, b4ae2fc6-33d9-4c1f-ba2b-766eed3c72c1:c12, 96f0c9f3-2286-484a-8caa-cc6cff81bf3d:c16]
2019-09-18 17:10:05,998 [java.util.concurrent.ThreadPoolExecutor$Worker@3640334d[State = -1, empty queue]] WARN  server.GrpcLogAppender (GrpcLogAppender.java:timeoutAppendRequest(200)) - 96f0c9f3-2286-484a-8caa-cc6cff81bf3d@group-A40D0514C021->b4ae2fc6-33d9-4c1f-ba2b-766eed3c72c1-GrpcLogAppender: appendEntries Timeout, request=96f0c9f3-2286-484a-8caa-cc6cff81bf3d->b4ae2fc6-33d9-4c1f-ba2b-766eed3c72c1#47-t2, previous=(t:2, i:20), leaderCommit=16, initializing? false, entries: <empty>
2019-09-18 17:10:05,998 [java.util.concurrent.ThreadPoolExecutor$Worker@517498b8[State = -1, empty queue]] WARN  server.GrpcLogAppender (GrpcLogAppender.java:timeoutAppendRequest(200)) - 96f0c9f3-2286-484a-8caa-cc6cff81bf3d@group-A40D0514C021->4807b144-2c85-4659-8a46-71684e6faffd-GrpcLogAppender: appendEntries Timeout, request=96f0c9f3-2286-484a-8caa-cc6cff81bf3d->4807b144-2c85-4659-8a46-71684e6faffd#47-t2, previous=(t:2, i:20), leaderCommit=16, initializing? false, entries: <empty>
2019-09-18 17:10:06,501 [java.util.concurrent.ThreadPoolExecutor$Worker@517498b8[State = -1, empty queue]] WARN  server.GrpcLogAppender (GrpcLogAppender.java:timeoutAppendRequest(200)) - 96f0c9f3-2286-484a-8caa-cc6cff81bf3d@group-A40D0514C021->4807b144-2c85-4659-8a46-71684e6faffd-GrpcLogAppender: appendEntries Timeout, request=96f0c9f3-2286-484a-8caa-cc6cff81bf3d->4807b144-2c85-4659-8a46-71684e6faffd#48-t2, previous=(t:2, i:20), leaderCommit=16, initializing? false, entries: <empty>
2019-09-18 17:10:06,501 [java.util.concurrent.ThreadPoolExecutor$Worker@3640334d[State = -1, empty queue]] WARN  server.GrpcLogAppender (GrpcLogAppender.java:timeoutAppendRequest(200)) - 96f0c9f3-2286-484a-8caa-cc6cff81bf3d@group-A40D0514C021->b4ae2fc6-33d9-4c1f-ba2b-766eed3c72c1-GrpcLogAppender: appendEntries Timeout, request=96f0c9f3-2286-484a-8caa-cc6cff81bf3d->b4ae2fc6-33d9-4c1f-ba2b-766eed3c72c1#48-t2, previous=(t:2, i:20), leaderCommit=16, initializing? false, entries: <empty>
2019-09-18 17:10:07,001 [java.util.concurrent.ThreadPoolExecutor$Worker@3640334d[State = -1, empty queue]] WARN  server.GrpcLogAppender (GrpcLogAppender.java:timeoutAppendRequest(200)) - 96f0c9f3-2286-484a-8caa-cc6cff81bf3d@group-A40D0514C021->b4ae2fc6-33d9-4c1f-ba2b-766eed3c72c1-GrpcLogAppender: appendEntries Timeout, request=96f0c9f3-2286-484a-8caa-cc6cff81bf3d->b4ae2fc6-33d9-4c1f-ba2b-766eed3c72c1#49-t2, previous=(t:2, i:20), leaderCommit=16, initializing? false, entries: <empty>
2019-09-18 17:10:07,001 [java.util.concurrent.ThreadPoolExecutor$Worker@517498b8[State = -1, empty queue]] WARN  server.GrpcLogAppender (GrpcLogAppender.java:timeoutAppendRequest(200)) - 96f0c9f3-2286-484a-8caa-cc6cff81bf3d@group-A40D0514C021->4807b144-2c85-4659-8a46-71684e6faffd-GrpcLogAppender: appendEntries Timeout, request=96f0c9f3-2286-484a-8caa-cc6cff81bf3d->4807b144-2c85-4659-8a46-71684e6faffd#49-t2, previous=(t:2, i:20), leaderCommit=16, initializing? false, entries: <empty>
2019-09-18 17:10:07,502 [java.util.concurrent.ThreadPoolExecutor$Worker@3640334d[State = -1, empty queue]] WARN  server.GrpcLogAppender (GrpcLogAppender.java:timeoutAppendRequest(200)) - 96f0c9f3-2286-484a-8caa-cc6cff81bf3d@group-A40D0514C021->b4ae2fc6-33d9-4c1f-ba2b-766eed3c72c1-GrpcLogAppender: appendEntries Timeout, request=96f0c9f3-2286-484a-8caa-cc6cff81bf3d->b4ae2fc6-33d9-4c1f-ba2b-766eed3c72c1#50-t2, previous=(t:2, i:20), leaderCommit=16, initializing? false, entries: <empty>
2019-09-18 17:10:07,502 [java.util.concurrent.ThreadPoolExecutor$Worker@517498b8[State = -1, empty queue]] WARN  server.GrpcLogAppender (GrpcLogAppender.java:timeoutAppendRequest(200)) - 96f0c9f3-2286-484a-8caa-cc6cff81bf3d@group-A40D0514C021->4807b144-2c85-4659-8a46-71684e6faffd-GrpcLogAppender: appendEntries Timeout, request=96f0c9f3-2286-484a-8caa-cc6cff81bf3d->4807b144-2c85-4659-8a46-71684e6faffd#50-t2, previous=(t:2, i:20), leaderCommit=16, initializing? false, entries: <empty>
2019-09-18 17:10:08,002 [java.util.concurrent.ThreadPoolExecutor$Worker@517498b8[State = -1, empty queue]] WARN  server.GrpcLogAppender (GrpcLogAppender.java:timeoutAppendRequest(200)) - 96f0c9f3-2286-484a-8caa-cc6cff81bf3d@group-A40D0514C021->4807b144-2c85-4659-8a46-71684e6faffd-GrpcLogAppender: appendEntries Timeout, request=96f0c9f3-2286-484a-8caa-cc6cff81bf3d->4807b144-2c85-4659-8a46-71684e6faffd#51-t2, previous=(t:2, i:20), leaderCommit=16, initializing? false, entries: <empty>
2019-09-18 17:10:08,002 [java.util.concurrent.ThreadPoolExecutor$Worker@3640334d[State = -1, empty queue]] WARN  server.GrpcLogAppender (GrpcLogAppender.java:timeoutAppendRequest(200)) - 96f0c9f3-2286-484a-8caa-cc6cff81bf3d@group-A40D0514C021->b4ae2fc6-33d9-4c1f-ba2b-766eed3c72c1-GrpcLogAppender: appendEntries Timeout, request=96f0c9f3-2286-484a-8caa-cc6cff81bf3d->b4ae2fc6-33d9-4c1f-ba2b-766eed3c72c1#51-t2, previous=(t:2, i:20), leaderCommit=16, initializing? false, entries: <empty>
2019-09-18 17:10:08,505 [java.util.concurrent.ThreadPoolExecutor$Worker@3640334d[State = -1, empty queue]] WARN  server.GrpcLogAppender (GrpcLogAppender.java:timeoutAppendRequest(200)) - 96f0c9f3-2286-484a-8caa-cc6cff81bf3d@group-A40D0514C021->b4ae2fc6-33d9-4c1f-ba2b-766eed3c72c1-GrpcLogAppender: appendEntries Timeout, request=96f0c9f3-2286-484a-8caa-cc6cff81bf3d->b4ae2fc6-33d9-4c1f-ba2b-766eed3c72c1#52-t2, previous=(t:2, i:20), leaderCommit=16, initializing? false, entries: <empty>
2019-09-18 17:10:08,505 [java.util.concurrent.ThreadPoolExecutor$Worker@517498b8[State = -1, empty queue]] WARN  server.GrpcLogAppender (GrpcLogAppender.java:timeoutAppendRequest(200)) - 96f0c9f3-2286-484a-8caa-cc6cff81bf3d@group-A40D0514C021->4807b144-2c85-4659-8a46-71684e6faffd-GrpcLogAppender: appendEntries Timeout, request=96f0c9f3-2286-484a-8caa-cc6cff81bf3d->4807b144-2c85-4659-8a46-71684e6faffd#52-t2, previous=(t:2, i:20), leaderCommit=16, initializing? false, entries: <empty>
2019-09-18 17:10:08,680 [main] WARN  io.KeyOutputStream (KeyOutputStream.java:handleException(276)) - Encountered exception java.io.IOException: Unexpected Storage Container Exception: java.util.concurrent.CompletionException: java.util.concurrent.CompletionException: org.apache.ratis.protocol.RaftRetryFailureException: Failed RaftClientRequest:client-23B55BADBE70->96f0c9f3-2286-484a-8caa-cc6cff81bf3d@group-A40D0514C021, cid=29, seq=9*, RW, org.apache.hadoop.hdds.scm.XceiverClientRatis$$Lambda$515/1476915117@2795d589 for 10 attempts with RetryLimited(maxAttempts=10, sleepTime=1000ms) on the pipeline Pipeline[ Id: 083b1187-6039-494e-a78c-a40d0514c021, Nodes: 4807b144-2c85-4659-8a46-71684e6faffd{ip: 192.168.151.122, host: pr-hdds-2121-ltkqc-3926781246, networkLocation: /default-rack, certSerialId: null}96f0c9f3-2286-484a-8caa-cc6cff81bf3d{ip: 192.168.151.122, host: pr-hdds-2121-ltkqc-3926781246, networkLocation: /default-rack, certSerialId: null}b4ae2fc6-33d9-4c1f-ba2b-766eed3c72c1{ip: 192.168.151.122, host: pr-hdds-2121-ltkqc-3926781246, networkLocation: /default-rack, certSerialId: null}, Type:RATIS, Factor:THREE, State:OPEN]. The last committed block length is 0, uncommitted data length is 2097152 retry count 0
2019-09-18 17:10:08,722 [grpc-default-executor-4] INFO  client.GrpcClientProtocolClient (GrpcClientProtocolClient.java:onNext(264)) - client-6E0405EBEC43->62d2617d-d759-46ce-9c32-c3f7d08f54db: receive RaftClientReply:client-6E0405EBEC43->62d2617d-d759-46ce-9c32-c3f7d08f54db@group-44CDFF0F5509, cid=33, FAILED org.apache.ratis.protocol.NotLeaderException: Server 62d2617d-d759-46ce-9c32-c3f7d08f54db@group-44CDFF0F5509 is not the leader 78cf3f4b-2ba3-4c47-8363-becf5fcab44c:192.168.151.122:41660, logIndex=0, commits[62d2617d-d759-46ce-9c32-c3f7d08f54db:c0, 78cf3f4b-2ba3-4c47-8363-becf5fcab44c:c0, 77addda6-fc28-4fe0-a9c9-ddb04539ca78:c0]
2019-09-18 17:10:08,868 [grpc-default-executor-5] INFO  client.GrpcClientProtocolClient (GrpcClientProtocolClient.java:onNext(264)) - client-6E0405EBEC43->78cf3f4b-2ba3-4c47-8363-becf5fcab44c: receive RaftClientReply:client-6E0405EBEC43->78cf3f4b-2ba3-4c47-8363-becf5fcab44c@group-44CDFF0F5509, cid=33, SUCCESS, logIndex=1, commits[78cf3f4b-2ba3-4c47-8363-becf5fcab44c:c1, 77addda6-fc28-4fe0-a9c9-ddb04539ca78:c0, 62d2617d-d759-46ce-9c32-c3f7d08f54db:c0]
2019-09-18 17:10:08,917 [grpc-default-executor-0] INFO  client.GrpcClientProtocolClient (GrpcClientProtocolClient.java:onNext(264)) - client-6E0405EBEC43->78cf3f4b-2ba3-4c47-8363-becf5fcab44c: receive RaftClientReply:client-6E0405EBEC43->78cf3f4b-2ba3-4c47-8363-becf5fcab44c@group-44CDFF0F5509, cid=34, SUCCESS, logIndex=3, commits[78cf3f4b-2ba3-4c47-8363-becf5fcab44c:c7, 77addda6-fc28-4fe0-a9c9-ddb04539ca78:c4, 62d2617d-d759-46ce-9c32-c3f7d08f54db:c4]
2019-09-18 17:10:08,919 [grpc-default-executor-0] INFO  client.GrpcClientProtocolClient (GrpcClientProtocolClient.java:onNext(264)) - client-6E0405EBEC43->78cf3f4b-2ba3-4c47-8363-becf5fcab44c: receive RaftClientReply:client-6E0405EBEC43->78cf3f4b-2ba3-4c47-8363-becf5fcab44c@group-44CDFF0F5509, cid=35, SUCCESS, logIndex=4, commits[78cf3f4b-2ba3-4c47-8363-becf5fcab44c:c7, 77addda6-fc28-4fe0-a9c9-ddb04539ca78:c4, 62d2617d-d759-46ce-9c32-c3f7d08f54db:c4]
2019-09-18 17:10:08,966 [grpc-default-executor-0] INFO  client.GrpcClientProtocolClient (GrpcClientProtocolClient.java:onNext(264)) - client-6E0405EBEC43->78cf3f4b-2ba3-4c47-8363-becf5fcab44c: receive RaftClientReply:client-6E0405EBEC43->78cf3f4b-2ba3-4c47-8363-becf5fcab44c@group-44CDFF0F5509, cid=36, SUCCESS, logIndex=5, commits[78cf3f4b-2ba3-4c47-8363-becf5fcab44c:c7, 77addda6-fc28-4fe0-a9c9-ddb04539ca78:c4, 62d2617d-d759-46ce-9c32-c3f7d08f54db:c4]
2019-09-18 17:10:09,003 [grpc-default-executor-4] INFO  client.GrpcClientProtocolClient (GrpcClientProtocolClient.java:onNext(264)) - client-6E0405EBEC43->78cf3f4b-2ba3-4c47-8363-becf5fcab44c: receive RaftClientReply:client-6E0405EBEC43->78cf3f4b-2ba3-4c47-8363-becf5fcab44c@group-44CDFF0F5509, cid=37, SUCCESS, logIndex=8, commits[78cf3f4b-2ba3-4c47-8363-becf5fcab44c:c9, 77addda6-fc28-4fe0-a9c9-ddb04539ca78:c7, 62d2617d-d759-46ce-9c32-c3f7d08f54db:c7]
2019-09-18 17:10:09,004 [grpc-default-executor-4] INFO  client.GrpcClientProtocolClient (GrpcClientProtocolClient.java:onNext(264)) - client-6E0405EBEC43->78cf3f4b-2ba3-4c47-8363-becf5fcab44c: receive RaftClientReply:client-6E0405EBEC43->78cf3f4b-2ba3-4c47-8363-becf5fcab44c@group-44CDFF0F5509, cid=38, SUCCESS, logIndex=9, commits[78cf3f4b-2ba3-4c47-8363-becf5fcab44c:c9, 77addda6-fc28-4fe0-a9c9-ddb04539ca78:c7, 62d2617d-d759-46ce-9c32-c3f7d08f54db:c7]
2019-09-18 17:10:09,004 [java.util.concurrent.ThreadPoolExecutor$Worker@3640334d[State = -1, empty queue]] WARN  server.GrpcLogAppender (GrpcLogAppender.java:timeoutAppendRequest(200)) - 96f0c9f3-2286-484a-8caa-cc6cff81bf3d@group-A40D0514C021->b4ae2fc6-33d9-4c1f-ba2b-766eed3c72c1-GrpcLogAppender: appendEntries Timeout, request=96f0c9f3-2286-484a-8caa-cc6cff81bf3d->b4ae2fc6-33d9-4c1f-ba2b-766eed3c72c1#53-t2, previous=(t:2, i:20), leaderCommit=16, initializing? false, entries: <empty>
2019-09-18 17:10:09,004 [java.util.concurrent.ThreadPoolExecutor$Worker@517498b8[State = -1, empty queue]] WARN  server.GrpcLogAppender (GrpcLogAppender.java:timeoutAppendRequest(200)) - 96f0c9f3-2286-484a-8caa-cc6cff81bf3d@group-A40D0514C021->4807b144-2c85-4659-8a46-71684e6faffd-GrpcLogAppender: appendEntries Timeout, request=96f0c9f3-2286-484a-8caa-cc6cff81bf3d->4807b144-2c85-4659-8a46-71684e6faffd#53-t2, previous=(t:2, i:20), leaderCommit=16, initializing? false, entries: <empty>
2019-09-18 17:10:09,037 [grpc-default-executor-5] INFO  client.GrpcClientProtocolClient (GrpcClientProtocolClient.java:onNext(264)) - client-6E0405EBEC43->78cf3f4b-2ba3-4c47-8363-becf5fcab44c: receive RaftClientReply:client-6E0405EBEC43->78cf3f4b-2ba3-4c47-8363-becf5fcab44c@group-44CDFF0F5509, cid=39, SUCCESS, logIndex=12, commits[78cf3f4b-2ba3-4c47-8363-becf5fcab44c:c13, 77addda6-fc28-4fe0-a9c9-ddb04539ca78:c9, 62d2617d-d759-46ce-9c32-c3f7d08f54db:c9]
2019-09-18 17:10:09,037 [grpc-default-executor-5] INFO  client.GrpcClientProtocolClient (GrpcClientProtocolClient.java:onNext(264)) - client-6E0405EBEC43->78cf3f4b-2ba3-4c47-8363-becf5fcab44c: receive RaftClientReply:client-6E0405EBEC43->78cf3f4b-2ba3-4c47-8363-becf5fcab44c@group-44CDFF0F5509, cid=40, SUCCESS, logIndex=13, commits[78cf3f4b-2ba3-4c47-8363-becf5fcab44c:c13, 77addda6-fc28-4fe0-a9c9-ddb04539ca78:c9, 62d2617d-d759-46ce-9c32-c3f7d08f54db:c9]
2019-09-18 17:10:09,050 [grpc-default-executor-5] INFO  client.GrpcClientProtocolClient (GrpcClientProtocolClient.java:onNext(264)) - client-6E0405EBEC43->78cf3f4b-2ba3-4c47-8363-becf5fcab44c: receive RaftClientReply:client-6E0405EBEC43->78cf3f4b-2ba3-4c47-8363-becf5fcab44c@group-44CDFF0F5509, cid=41, SUCCESS, logIndex=0, commits[78cf3f4b-2ba3-4c47-8363-becf5fcab44c:c15, 77addda6-fc28-4fe0-a9c9-ddb04539ca78:c13, 62d2617d-d759-46ce-9c32-c3f7d08f54db:c13]
2019-09-18 17:10:09,067 [grpc-default-executor-5] INFO  client.GrpcClientProtocolClient (GrpcClientProtocolClient.java:onNext(264)) - client-A93D41F52A29->c79c5a76-aee4-4242-a106-dd0d04c341ff: receive RaftClientReply:client-A93D41F52A29->c79c5a76-aee4-4242-a106-dd0d04c341ff@group-16324F4B6BD7, cid=42, FAILED org.apache.ratis.protocol.NotLeaderException: Server c79c5a76-aee4-4242-a106-dd0d04c341ff@group-16324F4B6BD7 is not the leader 1abc736a-4830-4c4e-94c6-330cfb37cbd9:192.168.151.122:42374, logIndex=0, commits[c79c5a76-aee4-4242-a106-dd0d04c341ff:c0, 1abc736a-4830-4c4e-94c6-330cfb37cbd9:c0, 9060795c-f318-48a7-8c5f-b9c772b9291e:c0]
2019-09-18 17:10:09,180 [grpc-default-executor-5] INFO  client.GrpcClientProtocolClient (GrpcClientProtocolClient.java:onNext(264)) - client-A93D41F52A29->1abc736a-4830-4c4e-94c6-330cfb37cbd9: receive RaftClientReply:client-A93D41F52A29->1abc736a-4830-4c4e-94c6-330cfb37cbd9@group-16324F4B6BD7, cid=42, SUCCESS, logIndex=1, commits[1abc736a-4830-4c4e-94c6-330cfb37cbd9:c1, c79c5a76-aee4-4242-a106-dd0d04c341ff:c0, 9060795c-f318-48a7-8c5f-b9c772b9291e:c0]
2019-09-18 17:10:09,236 [grpc-default-executor-4] INFO  client.GrpcClientProtocolClient (GrpcClientProtocolClient.java:onNext(264)) - client-A93D41F52A29->1abc736a-4830-4c4e-94c6-330cfb37cbd9: receive RaftClientReply:client-A93D41F52A29->1abc736a-4830-4c4e-94c6-330cfb37cbd9@group-16324F4B6BD7, cid=43, SUCCESS, logIndex=3, commits[1abc736a-4830-4c4e-94c6-330cfb37cbd9:c6, c79c5a76-aee4-4242-a106-dd0d04c341ff:c3, 9060795c-f318-48a7-8c5f-b9c772b9291e:c3]
2019-09-18 17:10:09,289 [grpc-default-executor-4] INFO  client.GrpcClientProtocolClient (GrpcClientProtocolClient.java:onNext(264)) - client-A93D41F52A29->1abc736a-4830-4c4e-94c6-330cfb37cbd9: receive RaftClientReply:client-A93D41F52A29->1abc736a-4830-4c4e-94c6-330cfb37cbd9@group-16324F4B6BD7, cid=44, SUCCESS, logIndex=5, commits[1abc736a-4830-4c4e-94c6-330cfb37cbd9:c7, c79c5a76-aee4-4242-a106-dd0d04c341ff:c6, 9060795c-f318-48a7-8c5f-b9c772b9291e:c6]
2019-09-18 17:10:09,354 [grpc-default-executor-4] INFO  client.GrpcClientProtocolClient (GrpcClientProtocolClient.java:onNext(264)) - client-A93D41F52A29->1abc736a-4830-4c4e-94c6-330cfb37cbd9: receive RaftClientReply:client-A93D41F52A29->1abc736a-4830-4c4e-94c6-330cfb37cbd9@group-16324F4B6BD7, cid=45, SUCCESS, logIndex=6, commits[1abc736a-4830-4c4e-94c6-330cfb37cbd9:c8, c79c5a76-aee4-4242-a106-dd0d04c341ff:c6, 9060795c-f318-48a7-8c5f-b9c772b9291e:c6]
2019-09-18 17:10:09,504 [java.util.concurrent.ThreadPoolExecutor$Worker@3640334d[State = -1, empty queue]] WARN  server.GrpcLogAppender (GrpcLogAppender.java:timeoutAppendRequest(200)) - 96f0c9f3-2286-484a-8caa-cc6cff81bf3d@group-A40D0514C021->b4ae2fc6-33d9-4c1f-ba2b-766eed3c72c1-GrpcLogAppender: appendEntries Timeout, request=96f0c9f3-2286-484a-8caa-cc6cff81bf3d->b4ae2fc6-33d9-4c1f-ba2b-766eed3c72c1#54-t2, previous=(t:2, i:20), leaderCommit=16, initializing? false, entries: <empty>
2019-09-18 17:10:09,504 [java.util.concurrent.ThreadPoolExecutor$Worker@517498b8[State = -1, empty queue]] WARN  server.GrpcLogAppender (GrpcLogAppender.java:timeoutAppendRequest(200)) - 96f0c9f3-2286-484a-8caa-cc6cff81bf3d@group-A40D0514C021->4807b144-2c85-4659-8a46-71684e6faffd-GrpcLogAppender: appendEntries Timeout, request=96f0c9f3-2286-484a-8caa-cc6cff81bf3d->4807b144-2c85-4659-8a46-71684e6faffd#54-t2, previous=(t:2, i:20), leaderCommit=16, initializing? false, entries: <empty>
2019-09-18 17:10:09,544 [Datanode State Machine Thread - 0] INFO  statemachine.DatanodeStateMachine (DatanodeStateMachine.java:lambda$startDaemon$0(350)) - Ozone container server started.
2019-09-18 17:10:10,104 [java.util.concurrent.ThreadPoolExecutor$Worker@3640334d[State = -1, empty queue]] WARN  server.GrpcLogAppender (GrpcLogAppender.java:timeoutAppendRequest(200)) - 96f0c9f3-2286-484a-8caa-cc6cff81bf3d@group-A40D0514C021->b4ae2fc6-33d9-4c1f-ba2b-766eed3c72c1-GrpcLogAppender: appendEntries Timeout, request=96f0c9f3-2286-484a-8caa-cc6cff81bf3d->b4ae2fc6-33d9-4c1f-ba2b-766eed3c72c1#55-t2, previous=(t:2, i:20), leaderCommit=16, initializing? false, entries: <empty>
2019-09-18 17:10:10,104 [java.util.concurrent.ThreadPoolExecutor$Worker@517498b8[State = -1, empty queue]] WARN  server.GrpcLogAppender (GrpcLogAppender.java:timeoutAppendRequest(200)) - 96f0c9f3-2286-484a-8caa-cc6cff81bf3d@group-A40D0514C021->4807b144-2c85-4659-8a46-71684e6faffd-GrpcLogAppender: appendEntries Timeout, request=96f0c9f3-2286-484a-8caa-cc6cff81bf3d->4807b144-2c85-4659-8a46-71684e6faffd#55-t2, previous=(t:2, i:20), leaderCommit=16, initializing? false, entries: <empty>
2019-09-18 17:10:10,457 [b4ae2fc6-33d9-4c1f-ba2b-766eed3c72c1@group-A40D0514C021-SegmentedRaftLogWorker] WARN  segmented.SegmentedRaftLogWorker (SegmentedRaftLogWorker.java:getFromFuture(90)) - Timeout 1/~
org.apache.ratis.protocol.TimeoutIOException: Timeout 10s: WriteLog:17: (t:2, i:17), STATEMACHINELOGENTRY, client-23B55BADBE70, cid=29-writeStateMachineData
	at org.apache.ratis.util.IOUtils.getFromFuture(IOUtils.java:87)
	at org.apache.ratis.server.raftlog.segmented.SegmentedRaftLogWorker$StateMachineDataPolicy.getFromFuture(SegmentedRaftLogWorker.java:87)
	at org.apache.ratis.server.raftlog.segmented.SegmentedRaftLogWorker$WriteLog.execute(SegmentedRaftLogWorker.java:477)
	at org.apache.ratis.server.raftlog.segmented.SegmentedRaftLogWorker.run(SegmentedRaftLogWorker.java:289)
	at java.lang.Thread.run(Thread.java:748)
Caused by: java.util.concurrent.TimeoutException
	at java.util.concurrent.CompletableFuture.timedGet(CompletableFuture.java:1771)
	at java.util.concurrent.CompletableFuture.get(CompletableFuture.java:1915)
	at org.apache.ratis.util.IOUtils.getFromFuture(IOUtils.java:79)
	... 4 more
2019-09-18 17:10:10,505 [java.util.concurrent.ThreadPoolExecutor$Worker@517498b8[State = -1, empty queue]] WARN  server.GrpcLogAppender (GrpcLogAppender.java:timeoutAppendRequest(200)) - 96f0c9f3-2286-484a-8caa-cc6cff81bf3d@group-A40D0514C021->4807b144-2c85-4659-8a46-71684e6faffd-GrpcLogAppender: appendEntries Timeout, request=96f0c9f3-2286-484a-8caa-cc6cff81bf3d->4807b144-2c85-4659-8a46-71684e6faffd#56-t2, previous=(t:2, i:20), leaderCommit=16, initializing? false, entries: <empty>
2019-09-18 17:10:10,505 [java.util.concurrent.ThreadPoolExecutor$Worker@3640334d[State = -1, empty queue]] WARN  server.GrpcLogAppender (GrpcLogAppender.java:timeoutAppendRequest(200)) - 96f0c9f3-2286-484a-8caa-cc6cff81bf3d@group-A40D0514C021->b4ae2fc6-33d9-4c1f-ba2b-766eed3c72c1-GrpcLogAppender: appendEntries Timeout, request=96f0c9f3-2286-484a-8caa-cc6cff81bf3d->b4ae2fc6-33d9-4c1f-ba2b-766eed3c72c1#56-t2, previous=(t:2, i:20), leaderCommit=16, initializing? false, entries: <empty>
2019-09-18 17:10:10,548 [4807b144-2c85-4659-8a46-71684e6faffd@group-A40D0514C021-SegmentedRaftLogWorker] WARN  segmented.SegmentedRaftLogWorker (SegmentedRaftLogWorker.java:getFromFuture(90)) - Timeout 1/~
org.apache.ratis.protocol.TimeoutIOException: Timeout 10s: WriteLog:19: (t:2, i:19), STATEMACHINELOGENTRY, client-23B55BADBE70, cid=31-writeStateMachineData
	at org.apache.ratis.util.IOUtils.getFromFuture(IOUtils.java:87)
	at org.apache.ratis.server.raftlog.segmented.SegmentedRaftLogWorker$StateMachineDataPolicy.getFromFuture(SegmentedRaftLogWorker.java:87)
	at org.apache.ratis.server.raftlog.segmented.SegmentedRaftLogWorker$WriteLog.execute(SegmentedRaftLogWorker.java:477)
	at org.apache.ratis.server.raftlog.segmented.SegmentedRaftLogWorker.run(SegmentedRaftLogWorker.java:289)
	at java.lang.Thread.run(Thread.java:748)
Caused by: java.util.concurrent.TimeoutException
	at java.util.concurrent.CompletableFuture.timedGet(CompletableFuture.java:1771)
	at java.util.concurrent.CompletableFuture.get(CompletableFuture.java:1915)
	at org.apache.ratis.util.IOUtils.getFromFuture(IOUtils.java:79)
	... 4 more
2019-09-18 17:10:10,548 [96f0c9f3-2286-484a-8caa-cc6cff81bf3d@group-A40D0514C021-SegmentedRaftLogWorker] WARN  segmented.SegmentedRaftLogWorker (SegmentedRaftLogWorker.java:getFromFuture(90)) - Timeout 1/~
org.apache.ratis.protocol.TimeoutIOException: Timeout 10s: WriteLog:19: (t:2, i:19), STATEMACHINELOGENTRY, client-23B55BADBE70, cid=31-writeStateMachineData
	at org.apache.ratis.util.IOUtils.getFromFuture(IOUtils.java:87)
	at org.apache.ratis.server.raftlog.segmented.SegmentedRaftLogWorker$StateMachineDataPolicy.getFromFuture(SegmentedRaftLogWorker.java:87)
	at org.apache.ratis.server.raftlog.segmented.SegmentedRaftLogWorker$WriteLog.execute(SegmentedRaftLogWorker.java:477)
	at org.apache.ratis.server.raftlog.segmented.SegmentedRaftLogWorker.run(SegmentedRaftLogWorker.java:289)
	at java.lang.Thread.run(Thread.java:748)
Caused by: java.util.concurrent.TimeoutException
	at java.util.concurrent.CompletableFuture.timedGet(CompletableFuture.java:1771)
	at java.util.concurrent.CompletableFuture.get(CompletableFuture.java:1915)
	at org.apache.ratis.util.IOUtils.getFromFuture(IOUtils.java:79)
	... 4 more
2019-09-18 17:10:11,006 [java.util.concurrent.ThreadPoolExecutor$Worker@517498b8[State = -1, empty queue]] WARN  server.GrpcLogAppender (GrpcLogAppender.java:timeoutAppendRequest(200)) - 96f0c9f3-2286-484a-8caa-cc6cff81bf3d@group-A40D0514C021->4807b144-2c85-4659-8a46-71684e6faffd-GrpcLogAppender: appendEntries Timeout, request=96f0c9f3-2286-484a-8caa-cc6cff81bf3d->4807b144-2c85-4659-8a46-71684e6faffd#57-t2, previous=(t:2, i:20), leaderCommit=16, initializing? false, entries: <empty>
2019-09-18 17:10:11,006 [java.util.concurrent.ThreadPoolExecutor$Worker@3640334d[State = -1, empty queue]] WARN  server.GrpcLogAppender (GrpcLogAppender.java:timeoutAppendRequest(200)) - 96f0c9f3-2286-484a-8caa-cc6cff81bf3d@group-A40D0514C021->b4ae2fc6-33d9-4c1f-ba2b-766eed3c72c1-GrpcLogAppender: appendEntries Timeout, request=96f0c9f3-2286-484a-8caa-cc6cff81bf3d->b4ae2fc6-33d9-4c1f-ba2b-766eed3c72c1#57-t2, previous=(t:2, i:20), leaderCommit=16, initializing? false, entries: <empty>
2019-09-18 17:10:11,506 [java.util.concurrent.ThreadPoolExecutor$Worker@517498b8[State = -1, empty queue]] WARN  server.GrpcLogAppender (GrpcLogAppender.java:timeoutAppendRequest(200)) - 96f0c9f3-2286-484a-8caa-cc6cff81bf3d@group-A40D0514C021->4807b144-2c85-4659-8a46-71684e6faffd-GrpcLogAppender: appendEntries Timeout, request=96f0c9f3-2286-484a-8caa-cc6cff81bf3d->4807b144-2c85-4659-8a46-71684e6faffd#58-t2, previous=(t:2, i:20), leaderCommit=16, initializing? false, entries: <empty>
2019-09-18 17:10:11,506 [java.util.concurrent.ThreadPoolExecutor$Worker@3640334d[State = -1, empty queue]] WARN  server.GrpcLogAppender (GrpcLogAppender.java:timeoutAppendRequest(200)) - 96f0c9f3-2286-484a-8caa-cc6cff81bf3d@group-A40D0514C021->b4ae2fc6-33d9-4c1f-ba2b-766eed3c72c1-GrpcLogAppender: appendEntries Timeout, request=96f0c9f3-2286-484a-8caa-cc6cff81bf3d->b4ae2fc6-33d9-4c1f-ba2b-766eed3c72c1#58-t2, previous=(t:2, i:20), leaderCommit=16, initializing? false, entries: <empty>
2019-09-18 17:10:12,006 [java.util.concurrent.ThreadPoolExecutor$Worker@3640334d[State = -1, empty queue]] WARN  server.GrpcLogAppender (GrpcLogAppender.java:timeoutAppendRequest(200)) - 96f0c9f3-2286-484a-8caa-cc6cff81bf3d@group-A40D0514C021->b4ae2fc6-33d9-4c1f-ba2b-766eed3c72c1-GrpcLogAppender: appendEntries Timeout, request=96f0c9f3-2286-484a-8caa-cc6cff81bf3d->b4ae2fc6-33d9-4c1f-ba2b-766eed3c72c1#59-t2, previous=(t:2, i:20), leaderCommit=16, initializing? false, entries: <empty>
2019-09-18 17:10:12,006 [java.util.concurrent.ThreadPoolExecutor$Worker@517498b8[State = -1, empty queue]] WARN  server.GrpcLogAppender (GrpcLogAppender.java:timeoutAppendRequest(200)) - 96f0c9f3-2286-484a-8caa-cc6cff81bf3d@group-A40D0514C021->4807b144-2c85-4659-8a46-71684e6faffd-GrpcLogAppender: appendEntries Timeout, request=96f0c9f3-2286-484a-8caa-cc6cff81bf3d->4807b144-2c85-4659-8a46-71684e6faffd#59-t2, previous=(t:2, i:20), leaderCommit=16, initializing? false, entries: <empty>
2019-09-18 17:10:12,507 [java.util.concurrent.ThreadPoolExecutor$Worker@517498b8[State = -1, empty queue]] WARN  server.GrpcLogAppender (GrpcLogAppender.java:timeoutAppendRequest(200)) - 96f0c9f3-2286-484a-8caa-cc6cff81bf3d@group-A40D0514C021->4807b144-2c85-4659-8a46-71684e6faffd-GrpcLogAppender: appendEntries Timeout, request=96f0c9f3-2286-484a-8caa-cc6cff81bf3d->4807b144-2c85-4659-8a46-71684e6faffd#60-t2, previous=(t:2, i:20), leaderCommit=16, initializing? false, entries: <empty>
2019-09-18 17:10:12,507 [java.util.concurrent.ThreadPoolExecutor$Worker@3640334d[State = -1, empty queue]] WARN  server.GrpcLogAppender (GrpcLogAppender.java:timeoutAppendRequest(200)) - 96f0c9f3-2286-484a-8caa-cc6cff81bf3d@group-A40D0514C021->b4ae2fc6-33d9-4c1f-ba2b-766eed3c72c1-GrpcLogAppender: appendEntries Timeout, request=96f0c9f3-2286-484a-8caa-cc6cff81bf3d->b4ae2fc6-33d9-4c1f-ba2b-766eed3c72c1#60-t2, previous=(t:2, i:20), leaderCommit=16, initializing? false, entries: <empty>
2019-09-18 17:10:13,104 [java.util.concurrent.ThreadPoolExecutor$Worker@3640334d[State = -1, empty queue]] WARN  server.GrpcLogAppender (GrpcLogAppender.java:timeoutAppendRequest(200)) - 96f0c9f3-2286-484a-8caa-cc6cff81bf3d@group-A40D0514C021->b4ae2fc6-33d9-4c1f-ba2b-766eed3c72c1-GrpcLogAppender: appendEntries Timeout, request=96f0c9f3-2286-484a-8caa-cc6cff81bf3d->b4ae2fc6-33d9-4c1f-ba2b-766eed3c72c1#61-t2, previous=(t:2, i:20), leaderCommit=16, initializing? false, entries: <empty>
2019-09-18 17:10:13,104 [java.util.concurrent.ThreadPoolExecutor$Worker@517498b8[State = -1, empty queue]] WARN  server.GrpcLogAppender (GrpcLogAppender.java:timeoutAppendRequest(200)) - 96f0c9f3-2286-484a-8caa-cc6cff81bf3d@group-A40D0514C021->4807b144-2c85-4659-8a46-71684e6faffd-GrpcLogAppender: appendEntries Timeout, request=96f0c9f3-2286-484a-8caa-cc6cff81bf3d->4807b144-2c85-4659-8a46-71684e6faffd#61-t2, previous=(t:2, i:20), leaderCommit=16, initializing? false, entries: <empty>
2019-09-18 17:10:13,605 [java.util.concurrent.ThreadPoolExecutor$Worker@517498b8[State = -1, empty queue]] WARN  server.GrpcLogAppender (GrpcLogAppender.java:timeoutAppendRequest(200)) - 96f0c9f3-2286-484a-8caa-cc6cff81bf3d@group-A40D0514C021->4807b144-2c85-4659-8a46-71684e6faffd-GrpcLogAppender: appendEntries Timeout, request=96f0c9f3-2286-484a-8caa-cc6cff81bf3d->4807b144-2c85-4659-8a46-71684e6faffd#62-t2, previous=(t:2, i:20), leaderCommit=16, initializing? false, entries: <empty>
2019-09-18 17:10:13,605 [java.util.concurrent.ThreadPoolExecutor$Worker@3640334d[State = -1, empty queue]] WARN  server.GrpcLogAppender (GrpcLogAppender.java:timeoutAppendRequest(200)) - 96f0c9f3-2286-484a-8caa-cc6cff81bf3d@group-A40D0514C021->b4ae2fc6-33d9-4c1f-ba2b-766eed3c72c1-GrpcLogAppender: appendEntries Timeout, request=96f0c9f3-2286-484a-8caa-cc6cff81bf3d->b4ae2fc6-33d9-4c1f-ba2b-766eed3c72c1#62-t2, previous=(t:2, i:20), leaderCommit=16, initializing? false, entries: <empty>
2019-09-18 17:10:14,105 [java.util.concurrent.ThreadPoolExecutor$Worker@517498b8[State = -1, empty queue]] WARN  server.GrpcLogAppender (GrpcLogAppender.java:timeoutAppendRequest(200)) - 96f0c9f3-2286-484a-8caa-cc6cff81bf3d@group-A40D0514C021->4807b144-2c85-4659-8a46-71684e6faffd-GrpcLogAppender: appendEntries Timeout, request=96f0c9f3-2286-484a-8caa-cc6cff81bf3d->4807b144-2c85-4659-8a46-71684e6faffd#63-t2, previous=(t:2, i:20), leaderCommit=16, initializing? false, entries: <empty>
2019-09-18 17:10:14,105 [java.util.concurrent.ThreadPoolExecutor$Worker@3640334d[State = -1, empty queue]] WARN  server.GrpcLogAppender (GrpcLogAppender.java:timeoutAppendRequest(200)) - 96f0c9f3-2286-484a-8caa-cc6cff81bf3d@group-A40D0514C021->b4ae2fc6-33d9-4c1f-ba2b-766eed3c72c1-GrpcLogAppender: appendEntries Timeout, request=96f0c9f3-2286-484a-8caa-cc6cff81bf3d->b4ae2fc6-33d9-4c1f-ba2b-766eed3c72c1#63-t2, previous=(t:2, i:20), leaderCommit=16, initializing? false, entries: <empty>
2019-09-18 17:10:14,357 [main] INFO  ozoneimpl.OzoneContainer (OzoneContainer.java:stop(231)) - Attempting to stop container services.
2019-09-18 17:10:14,358 [main] INFO  impl.RaftServerProxy (RaftServerProxy.java:lambda$close$4(314)) - 4807b144-2c85-4659-8a46-71684e6faffd: close
2019-09-18 17:10:14,360 [main] INFO  impl.RaftServerImpl (RaftServerImpl.java:lambda$shutdown$3(251)) - 4807b144-2c85-4659-8a46-71684e6faffd@group-43492A71F62E: shutdown
2019-09-18 17:10:14,360 [ForkJoinPool.commonPool-worker-0] INFO  impl.RaftServerImpl (RaftServerImpl.java:lambda$shutdown$3(251)) - 4807b144-2c85-4659-8a46-71684e6faffd@group-A40D0514C021: shutdown
2019-09-18 17:10:14,360 [main] INFO  util.JmxRegister (JmxRegister.java:unregister(73)) - Successfully un-registered JMX Bean with object name Ratis:service=RaftServer,group=group-43492A71F62E,id=4807b144-2c85-4659-8a46-71684e6faffd
2019-09-18 17:10:14,361 [ForkJoinPool.commonPool-worker-0] INFO  util.JmxRegister (JmxRegister.java:unregister(73)) - Successfully un-registered JMX Bean with object name Ratis:service=RaftServer,group=group-A40D0514C021,id=4807b144-2c85-4659-8a46-71684e6faffd
2019-09-18 17:10:14,361 [main] INFO  impl.RoleInfo (RoleInfo.java:shutdownLeaderState(104)) - 4807b144-2c85-4659-8a46-71684e6faffd: shutdown LeaderState
2019-09-18 17:10:14,361 [ForkJoinPool.commonPool-worker-0] INFO  impl.RoleInfo (RoleInfo.java:shutdownFollowerState(121)) - 4807b144-2c85-4659-8a46-71684e6faffd: shutdown FollowerState
2019-09-18 17:10:14,362 [Thread-415] INFO  impl.FollowerState (FollowerState.java:run(115)) - 4807b144-2c85-4659-8a46-71684e6faffd: FollowerState was interrupted: java.lang.InterruptedException: sleep interrupted
2019-09-18 17:10:14,362 [ForkJoinPool.commonPool-worker-0] INFO  impl.StateMachineUpdater (StateMachineUpdater.java:stopAndJoin(125)) - 4807b144-2c85-4659-8a46-71684e6faffd@group-A40D0514C021-StateMachineUpdater: set stopIndex = 16
2019-09-18 17:10:14,370 [main] INFO  impl.PendingRequests (PendingRequests.java:sendNotLeaderResponses(202)) - 4807b144-2c85-4659-8a46-71684e6faffd-PendingRequests: sendNotLeaderResponses
2019-09-18 17:10:14,370 [4807b144-2c85-4659-8a46-71684e6faffd@group-A40D0514C021-StateMachineUpdater] INFO  ratis.ContainerStateMachine (ContainerStateMachine.java:takeSnapshot(289)) - group-A40D0514C021: Taking a snapshot at:(t:2, i:12) file /workdir/hadoop-ozone/integration-test/target/test-dir/MiniOzoneClusterImpl-a0535264-3a9d-47dc-a6b5-6352fdff8bcc/datanode-4/data/ratis/083b1187-6039-494e-a78c-a40d0514c021/sm/snapshot.2_12
2019-09-18 17:10:14,372 [main] INFO  impl.StateMachineUpdater (StateMachineUpdater.java:stopAndJoin(125)) - 4807b144-2c85-4659-8a46-71684e6faffd@group-43492A71F62E-StateMachineUpdater: set stopIndex = 0
2019-09-18 17:10:14,376 [main] INFO  impl.RaftServerImpl (ServerState.java:close(385)) - 4807b144-2c85-4659-8a46-71684e6faffd@group-43492A71F62E: closes. applyIndex: 0
2019-09-18 17:10:14,378 [4807b144-2c85-4659-8a46-71684e6faffd@group-43492A71F62E-SegmentedRaftLogWorker] INFO  segmented.SegmentedRaftLogWorker (SegmentedRaftLogWorker.java:run(313)) - 4807b144-2c85-4659-8a46-71684e6faffd@group-43492A71F62E-SegmentedRaftLogWorker was interrupted, exiting. There are 0 tasks remaining in the queue.
2019-09-18 17:10:14,384 [main] INFO  segmented.SegmentedRaftLogWorker (SegmentedRaftLogWorker.java:close(228)) - 4807b144-2c85-4659-8a46-71684e6faffd@group-43492A71F62E-SegmentedRaftLogWorker close()
2019-09-18 17:10:14,417 [4807b144-2c85-4659-8a46-71684e6faffd@group-A40D0514C021-StateMachineUpdater] INFO  ratis.ContainerStateMachine (ContainerStateMachine.java:takeSnapshot(300)) - group-A40D0514C021: Finished taking a snapshot at:(t:2, i:12) file:/workdir/hadoop-ozone/integration-test/target/test-dir/MiniOzoneClusterImpl-a0535264-3a9d-47dc-a6b5-6352fdff8bcc/datanode-4/data/ratis/083b1187-6039-494e-a78c-a40d0514c021/sm/snapshot.2_12 time:46
2019-09-18 17:10:14,424 [4807b144-2c85-4659-8a46-71684e6faffd@group-A40D0514C021-StateMachineUpdater] INFO  impl.StateMachineUpdater (StateMachineUpdater.java:takeSnapshot(258)) - 4807b144-2c85-4659-8a46-71684e6faffd@group-A40D0514C021-StateMachineUpdater: Took a snapshot at index 12
2019-09-18 17:10:14,424 [4807b144-2c85-4659-8a46-71684e6faffd@group-A40D0514C021-StateMachineUpdater] INFO  impl.StateMachineUpdater (StateMachineUpdater.java:lambda$new$0(83)) - 4807b144-2c85-4659-8a46-71684e6faffd@group-A40D0514C021-StateMachineUpdater: snapshotIndex: updateIncreasingly -1 -> 12
2019-09-18 17:10:14,431 [4807b144-2c85-4659-8a46-71684e6faffd@group-A40D0514C021-StateMachineUpdater] INFO  ratis.ContainerStateMachine (ContainerStateMachine.java:takeSnapshot(289)) - group-A40D0514C021: Taking a snapshot at:(t:2, i:12) file /workdir/hadoop-ozone/integration-test/target/test-dir/MiniOzoneClusterImpl-a0535264-3a9d-47dc-a6b5-6352fdff8bcc/datanode-4/data/ratis/083b1187-6039-494e-a78c-a40d0514c021/sm/snapshot.2_12
2019-09-18 17:10:14,443 [4807b144-2c85-4659-8a46-71684e6faffd@group-A40D0514C021-StateMachineUpdater] INFO  ratis.ContainerStateMachine (ContainerStateMachine.java:takeSnapshot(300)) - group-A40D0514C021: Finished taking a snapshot at:(t:2, i:12) file:/workdir/hadoop-ozone/integration-test/target/test-dir/MiniOzoneClusterImpl-a0535264-3a9d-47dc-a6b5-6352fdff8bcc/datanode-4/data/ratis/083b1187-6039-494e-a78c-a40d0514c021/sm/snapshot.2_12 time:13
2019-09-18 17:10:14,444 [4807b144-2c85-4659-8a46-71684e6faffd@group-A40D0514C021-StateMachineUpdater] INFO  impl.StateMachineUpdater (StateMachineUpdater.java:takeSnapshot(258)) - 4807b144-2c85-4659-8a46-71684e6faffd@group-A40D0514C021-StateMachineUpdater: Took a snapshot at index 12
2019-09-18 17:10:14,444 [4807b144-2c85-4659-8a46-71684e6faffd@group-A40D0514C021-StateMachineUpdater] INFO  impl.StateMachineUpdater (StateMachineUpdater.java:lambda$new$0(83)) - 4807b144-2c85-4659-8a46-71684e6faffd@group-A40D0514C021-StateMachineUpdater: snapshotIndex: updateIncreasingly 12 -> 12
2019-09-18 17:10:14,444 [ForkJoinPool.commonPool-worker-0] INFO  impl.RaftServerImpl (ServerState.java:close(385)) - 4807b144-2c85-4659-8a46-71684e6faffd@group-A40D0514C021: closes. applyIndex: 16
2019-09-18 17:10:14,453 [4807b144-2c85-4659-8a46-71684e6faffd@group-A40D0514C021-SegmentedRaftLogWorker] ERROR ratis.XceiverServerRatis (XceiverServerRatis.java:triggerPipelineClose(575)) - pipeline Action CLOSE  on pipeline PipelineID=083b1187-6039-494e-a78c-a40d0514c021.Reason : WriteLog:19: (t:2, i:19), STATEMACHINELOGENTRY, client-23B55BADBE70, cid=31-writeStateMachineData interrupted.
2019-09-18 17:10:14,467 [ForkJoinPool.commonPool-worker-0] INFO  segmented.SegmentedRaftLogWorker (SegmentedRaftLogWorker.java:close(228)) - 4807b144-2c85-4659-8a46-71684e6faffd@group-A40D0514C021-SegmentedRaftLogWorker close()
2019-09-18 17:10:14,474 [main] INFO  server.GrpcService (GrpcService.java:closeImpl(164)) - 4807b144-2c85-4659-8a46-71684e6faffd: shutdown server with port 37839 now
2019-09-18 17:10:14,484 [main] INFO  server.GrpcService (GrpcService.java:closeImpl(172)) - 4807b144-2c85-4659-8a46-71684e6faffd: shutdown server with port 37839 successfully
2019-09-18 17:10:14,485 [grpc-default-executor-4] WARN  server.GrpcServerProtocolService (LogUtils.java:warn(134)) - 4807b144-2c85-4659-8a46-71684e6faffd: installSnapshot onError, lastRequest: 96f0c9f3-2286-484a-8caa-cc6cff81bf3d->4807b144-2c85-4659-8a46-71684e6faffd#69-t2, previous=(t:2, i:20), leaderCommit=16, initializing? false, entries: <empty>: org.apache.ratis.thirdparty.io.grpc.StatusRuntimeException: CANCELLED: cancelled before receiving half close
2019-09-18 17:10:14,486 [grpc-default-executor-0] WARN  server.GrpcLogAppender (LogUtils.java:warn(134)) - 96f0c9f3-2286-484a-8caa-cc6cff81bf3d@group-A40D0514C021->4807b144-2c85-4659-8a46-71684e6faffd-AppendLogResponseHandler: Failed appendEntries: org.apache.ratis.thirdparty.io.grpc.StatusRuntimeException: CANCELLED: HTTP/2 error code: CANCEL
Received Rst Stream
2019-09-18 17:10:14,490 [grpc-default-executor-0] INFO  impl.FollowerInfo (FollowerInfo.java:lambda$new$0(51)) - 96f0c9f3-2286-484a-8caa-cc6cff81bf3d@group-A40D0514C021->4807b144-2c85-4659-8a46-71684e6faffd: nextIndex: updateUnconditionally 21 -> 17
2019-09-18 17:10:14,492 [refreshUsed-/workdir/hadoop-ozone/integration-test/target/test-dir/MiniOzoneClusterImpl-a0535264-3a9d-47dc-a6b5-6352fdff8bcc/datanode-4/data/containers] WARN  fs.CachingGetSpaceUsed (CachingGetSpaceUsed.java:run(183)) - Thread Interrupted waiting to refresh disk information: sleep interrupted
2019-09-18 17:10:14,510 [main] INFO  utils.BackgroundService (BackgroundService.java:shutdown(148)) - Shutting down service BlockDeletingService
2019-09-18 17:10:14,517 [main] INFO  statemachine.DatanodeStateMachine (DatanodeStateMachine.java:stopDaemon(395)) - Ozone container server stopped.
2019-09-18 17:10:14,522 [main] INFO  handler.ContextHandler (ContextHandler.java:doStop(910)) - Stopped o.e.j.w.WebAppContext@10b1a751{/,null,UNAVAILABLE}{/hddsDatanode}
2019-09-18 17:10:14,528 [main] INFO  server.AbstractConnector (AbstractConnector.java:doStop(318)) - Stopped ServerConnector@53cf9c99{HTTP/1.1,[http/1.1]}{0.0.0.0:0}
2019-09-18 17:10:14,528 [main] INFO  handler.ContextHandler (ContextHandler.java:doStop(910)) - Stopped o.e.j.s.ServletContextHandler@50fb33a{/static,jar:file:/home/user/.m2/repository/org/apache/hadoop/hadoop-hdds-container-service/0.5.0-SNAPSHOT/hadoop-hdds-container-service-0.5.0-SNAPSHOT.jar!/webapps/static,UNAVAILABLE}
2019-09-18 17:10:14,529 [main] INFO  handler.ContextHandler (ContextHandler.java:doStop(910)) - Stopped o.e.j.s.ServletContextHandler@6a1d3225{/logs,file:///workdir/hadoop-ozone/integration-test/target/log,UNAVAILABLE}
2019-09-18 17:10:14,590 [grpc-default-executor-4] INFO  client.GrpcClientProtocolClient (GrpcClientProtocolClient.java:onNext(264)) - client-A93D41F52A29->1abc736a-4830-4c4e-94c6-330cfb37cbd9: receive RaftClientReply:client-A93D41F52A29->1abc736a-4830-4c4e-94c6-330cfb37cbd9@group-16324F4B6BD7, cid=46, SUCCESS, logIndex=9, commits[1abc736a-4830-4c4e-94c6-330cfb37cbd9:c12, c79c5a76-aee4-4242-a106-dd0d04c341ff:c8, 9060795c-f318-48a7-8c5f-b9c772b9291e:c8]
2019-09-18 17:10:14,591 [grpc-default-executor-4] INFO  client.GrpcClientProtocolClient (GrpcClientProtocolClient.java:onNext(264)) - client-A93D41F52A29->1abc736a-4830-4c4e-94c6-330cfb37cbd9: receive RaftClientReply:client-A93D41F52A29->1abc736a-4830-4c4e-94c6-330cfb37cbd9@group-16324F4B6BD7, cid=47, SUCCESS, logIndex=10, commits[1abc736a-4830-4c4e-94c6-330cfb37cbd9:c12, c79c5a76-aee4-4242-a106-dd0d04c341ff:c8, 9060795c-f318-48a7-8c5f-b9c772b9291e:c8]
2019-09-18 17:10:14,592 [grpc-default-executor-4] INFO  client.GrpcClientProtocolClient (GrpcClientProtocolClient.java:onNext(264)) - client-A93D41F52A29->1abc736a-4830-4c4e-94c6-330cfb37cbd9: receive RaftClientReply:client-A93D41F52A29->1abc736a-4830-4c4e-94c6-330cfb37cbd9@group-16324F4B6BD7, cid=48, SUCCESS, logIndex=11, commits[1abc736a-4830-4c4e-94c6-330cfb37cbd9:c12, c79c5a76-aee4-4242-a106-dd0d04c341ff:c8, 9060795c-f318-48a7-8c5f-b9c772b9291e:c8]
2019-09-18 17:10:14,592 [grpc-default-executor-4] INFO  client.GrpcClientProtocolClient (GrpcClientProtocolClient.java:onNext(264)) - client-A93D41F52A29->1abc736a-4830-4c4e-94c6-330cfb37cbd9: receive RaftClientReply:client-A93D41F52A29->1abc736a-4830-4c4e-94c6-330cfb37cbd9@group-16324F4B6BD7, cid=49, SUCCESS, logIndex=12, commits[1abc736a-4830-4c4e-94c6-330cfb37cbd9:c12, c79c5a76-aee4-4242-a106-dd0d04c341ff:c8, 9060795c-f318-48a7-8c5f-b9c772b9291e:c8]
2019-09-18 17:10:14,605 [java.util.concurrent.ThreadPoolExecutor$Worker@3640334d[State = -1, empty queue]] WARN  server.GrpcLogAppender (GrpcLogAppender.java:timeoutAppendRequest(200)) - 96f0c9f3-2286-484a-8caa-cc6cff81bf3d@group-A40D0514C021->b4ae2fc6-33d9-4c1f-ba2b-766eed3c72c1-GrpcLogAppender: appendEntries Timeout, request=96f0c9f3-2286-484a-8caa-cc6cff81bf3d->b4ae2fc6-33d9-4c1f-ba2b-766eed3c72c1#64-t2, previous=(t:2, i:20), leaderCommit=16, initializing? false, entries: <empty>
2019-09-18 17:10:14,606 [grpc-default-executor-5] INFO  client.GrpcClientProtocolClient (GrpcClientProtocolClient.java:onNext(264)) - client-A93D41F52A29->1abc736a-4830-4c4e-94c6-330cfb37cbd9: receive RaftClientReply:client-A93D41F52A29->1abc736a-4830-4c4e-94c6-330cfb37cbd9@group-16324F4B6BD7, cid=50, SUCCESS, logIndex=0, commits[1abc736a-4830-4c4e-94c6-330cfb37cbd9:c15, c79c5a76-aee4-4242-a106-dd0d04c341ff:c12, 9060795c-f318-48a7-8c5f-b9c772b9291e:c10]
2019-09-18 17:10:14,608 [grpc-default-executor-4] INFO  client.GrpcClientProtocolClient (GrpcClientProtocolClient.java:onNext(264)) - client-A93D41F52A29->1abc736a-4830-4c4e-94c6-330cfb37cbd9: receive RaftClientReply:client-A93D41F52A29->1abc736a-4830-4c4e-94c6-330cfb37cbd9@group-16324F4B6BD7, cid=51, SUCCESS, logIndex=0, commits[1abc736a-4830-4c4e-94c6-330cfb37cbd9:c16, c79c5a76-aee4-4242-a106-dd0d04c341ff:c12, 9060795c-f318-48a7-8c5f-b9c772b9291e:c12]
2019-09-18 17:10:14,615 [grpc-default-executor-4] WARN  server.GrpcLogAppender (LogUtils.java:warn(134)) - 96f0c9f3-2286-484a-8caa-cc6cff81bf3d@group-A40D0514C021->4807b144-2c85-4659-8a46-71684e6faffd-AppendLogResponseHandler: Failed appendEntries: org.apache.ratis.thirdparty.io.grpc.StatusRuntimeException: UNAVAILABLE: io exception
2019-09-18 17:10:14,618 [grpc-default-executor-4] INFO  impl.FollowerInfo (FollowerInfo.java:lambda$new$0(51)) - 96f0c9f3-2286-484a-8caa-cc6cff81bf3d@group-A40D0514C021->4807b144-2c85-4659-8a46-71684e6faffd: nextIndex: updateUnconditionally 17 -> 16
2019-09-18 17:10:15,106 [java.util.concurrent.ThreadPoolExecutor$Worker@3640334d[State = -1, empty queue]] WARN  server.GrpcLogAppender (GrpcLogAppender.java:timeoutAppendRequest(200)) - 96f0c9f3-2286-484a-8caa-cc6cff81bf3d@group-A40D0514C021->b4ae2fc6-33d9-4c1f-ba2b-766eed3c72c1-GrpcLogAppender: appendEntries Timeout, request=96f0c9f3-2286-484a-8caa-cc6cff81bf3d->b4ae2fc6-33d9-4c1f-ba2b-766eed3c72c1#65-t2, previous=(t:2, i:20), leaderCommit=16, initializing? false, entries: <empty>
2019-09-18 17:10:15,111 [grpc-default-executor-5] WARN  server.GrpcLogAppender (LogUtils.java:warn(134)) - 96f0c9f3-2286-484a-8caa-cc6cff81bf3d@group-A40D0514C021->4807b144-2c85-4659-8a46-71684e6faffd-AppendLogResponseHandler: Failed appendEntries: org.apache.ratis.thirdparty.io.grpc.StatusRuntimeException: UNAVAILABLE: io exception
2019-09-18 17:10:15,115 [grpc-default-executor-5] INFO  impl.FollowerInfo (FollowerInfo.java:lambda$new$0(51)) - 96f0c9f3-2286-484a-8caa-cc6cff81bf3d@group-A40D0514C021->4807b144-2c85-4659-8a46-71684e6faffd: nextIndex: updateUnconditionally 16 -> 15
2019-09-18 17:10:15,606 [java.util.concurrent.ThreadPoolExecutor$Worker@3640334d[State = -1, empty queue]] WARN  server.GrpcLogAppender (GrpcLogAppender.java:timeoutAppendRequest(200)) - 96f0c9f3-2286-484a-8caa-cc6cff81bf3d@group-A40D0514C021->b4ae2fc6-33d9-4c1f-ba2b-766eed3c72c1-GrpcLogAppender: appendEntries Timeout, request=96f0c9f3-2286-484a-8caa-cc6cff81bf3d->b4ae2fc6-33d9-4c1f-ba2b-766eed3c72c1#66-t2, previous=(t:2, i:20), leaderCommit=16, initializing? false, entries: <empty>
2019-09-18 17:10:15,612 [grpc-default-executor-4] WARN  server.GrpcLogAppender (LogUtils.java:warn(134)) - 96f0c9f3-2286-484a-8caa-cc6cff81bf3d@group-A40D0514C021->4807b144-2c85-4659-8a46-71684e6faffd-AppendLogResponseHandler: Failed appendEntries: org.apache.ratis.thirdparty.io.grpc.StatusRuntimeException: UNAVAILABLE: io exception
2019-09-18 17:10:15,617 [grpc-default-executor-4] INFO  impl.FollowerInfo (FollowerInfo.java:lambda$new$0(51)) - 96f0c9f3-2286-484a-8caa-cc6cff81bf3d@group-A40D0514C021->4807b144-2c85-4659-8a46-71684e6faffd: nextIndex: updateUnconditionally 15 -> 14
2019-09-18 17:10:16,106 [java.util.concurrent.ThreadPoolExecutor$Worker@3640334d[State = -1, empty queue]] WARN  server.GrpcLogAppender (GrpcLogAppender.java:timeoutAppendRequest(200)) - 96f0c9f3-2286-484a-8caa-cc6cff81bf3d@group-A40D0514C021->b4ae2fc6-33d9-4c1f-ba2b-766eed3c72c1-GrpcLogAppender: appendEntries Timeout, request=96f0c9f3-2286-484a-8caa-cc6cff81bf3d->b4ae2fc6-33d9-4c1f-ba2b-766eed3c72c1#67-t2, previous=(t:2, i:20), leaderCommit=16, initializing? false, entries: <empty>
2019-09-18 17:10:16,112 [grpc-default-executor-0] WARN  server.GrpcLogAppender (LogUtils.java:warn(134)) - 96f0c9f3-2286-484a-8caa-cc6cff81bf3d@group-A40D0514C021->4807b144-2c85-4659-8a46-71684e6faffd-AppendLogResponseHandler: Failed appendEntries: org.apache.ratis.thirdparty.io.grpc.StatusRuntimeException: UNAVAILABLE: io exception
2019-09-18 17:10:16,116 [grpc-default-executor-0] INFO  impl.FollowerInfo (FollowerInfo.java:lambda$new$0(51)) - 96f0c9f3-2286-484a-8caa-cc6cff81bf3d@group-A40D0514C021->4807b144-2c85-4659-8a46-71684e6faffd: nextIndex: updateUnconditionally 14 -> 13
2019-09-18 17:10:16,611 [java.util.concurrent.ThreadPoolExecutor$Worker@3640334d[State = -1, empty queue]] WARN  server.GrpcLogAppender (GrpcLogAppender.java:timeoutAppendRequest(200)) - 96f0c9f3-2286-484a-8caa-cc6cff81bf3d@group-A40D0514C021->b4ae2fc6-33d9-4c1f-ba2b-766eed3c72c1-GrpcLogAppender: appendEntries Timeout, request=96f0c9f3-2286-484a-8caa-cc6cff81bf3d->b4ae2fc6-33d9-4c1f-ba2b-766eed3c72c1#68-t2, previous=(t:2, i:20), leaderCommit=16, initializing? false, entries: <empty>
2019-09-18 17:10:16,614 [grpc-default-executor-5] WARN  server.GrpcLogAppender (LogUtils.java:warn(134)) - 96f0c9f3-2286-484a-8caa-cc6cff81bf3d@group-A40D0514C021->4807b144-2c85-4659-8a46-71684e6faffd-AppendLogResponseHandler: Failed appendEntries: org.apache.ratis.thirdparty.io.grpc.StatusRuntimeException: UNAVAILABLE: io exception
2019-09-18 17:10:16,618 [grpc-default-executor-5] INFO  impl.FollowerInfo (FollowerInfo.java:lambda$new$0(51)) - 96f0c9f3-2286-484a-8caa-cc6cff81bf3d@group-A40D0514C021->4807b144-2c85-4659-8a46-71684e6faffd: nextIndex: updateUnconditionally 13 -> 12
2019-09-18 17:10:17,108 [java.util.concurrent.ThreadPoolExecutor$Worker@3640334d[State = -1, empty queue]] WARN  server.GrpcLogAppender (GrpcLogAppender.java:timeoutAppendRequest(200)) - 96f0c9f3-2286-484a-8caa-cc6cff81bf3d@group-A40D0514C021->b4ae2fc6-33d9-4c1f-ba2b-766eed3c72c1-GrpcLogAppender: appendEntries Timeout, request=96f0c9f3-2286-484a-8caa-cc6cff81bf3d->b4ae2fc6-33d9-4c1f-ba2b-766eed3c72c1#69-t2, previous=(t:2, i:20), leaderCommit=16, initializing? false, entries: <empty>
2019-09-18 17:10:17,117 [grpc-default-executor-0] WARN  server.GrpcLogAppender (LogUtils.java:warn(134)) - 96f0c9f3-2286-484a-8caa-cc6cff81bf3d@group-A40D0514C021->4807b144-2c85-4659-8a46-71684e6faffd-AppendLogResponseHandler: Failed appendEntries: org.apache.ratis.thirdparty.io.grpc.StatusRuntimeException: UNAVAILABLE: io exception
2019-09-18 17:10:17,123 [grpc-default-executor-0] INFO  impl.FollowerInfo (FollowerInfo.java:lambda$new$0(51)) - 96f0c9f3-2286-484a-8caa-cc6cff81bf3d@group-A40D0514C021->4807b144-2c85-4659-8a46-71684e6faffd: nextIndex: updateUnconditionally 12 -> 11
2019-09-18 17:10:17,608 [java.util.concurrent.ThreadPoolExecutor$Worker@3640334d[State = -1, empty queue]] WARN  server.GrpcLogAppender (GrpcLogAppender.java:timeoutAppendRequest(200)) - 96f0c9f3-2286-484a-8caa-cc6cff81bf3d@group-A40D0514C021->b4ae2fc6-33d9-4c1f-ba2b-766eed3c72c1-GrpcLogAppender: appendEntries Timeout, request=96f0c9f3-2286-484a-8caa-cc6cff81bf3d->b4ae2fc6-33d9-4c1f-ba2b-766eed3c72c1#70-t2, previous=(t:2, i:20), leaderCommit=16, initializing? false, entries: <empty>
2019-09-18 17:10:17,617 [grpc-default-executor-4] WARN  server.GrpcLogAppender (LogUtils.java:warn(134)) - 96f0c9f3-2286-484a-8caa-cc6cff81bf3d@group-A40D0514C021->4807b144-2c85-4659-8a46-71684e6faffd-AppendLogResponseHandler: Failed appendEntries: org.apache.ratis.thirdparty.io.grpc.StatusRuntimeException: UNAVAILABLE: io exception
2019-09-18 17:10:17,630 [grpc-default-executor-4] INFO  impl.FollowerInfo (FollowerInfo.java:lambda$new$0(51)) - 96f0c9f3-2286-484a-8caa-cc6cff81bf3d@group-A40D0514C021->4807b144-2c85-4659-8a46-71684e6faffd: nextIndex: updateUnconditionally 11 -> 10
2019-09-18 17:10:17,630 [java.util.concurrent.ThreadPoolExecutor$Worker@30253f2e[State = -1, empty queue]] WARN  server.GrpcLogAppender (GrpcLogAppender.java:timeoutAppendRequest(200)) - 1abc736a-4830-4c4e-94c6-330cfb37cbd9@group-16324F4B6BD7->c79c5a76-aee4-4242-a106-dd0d04c341ff-GrpcLogAppender: appendEntries Timeout, request=1abc736a-4830-4c4e-94c6-330cfb37cbd9->c79c5a76-aee4-4242-a106-dd0d04c341ff#66-t2, previous=(t:2, i:16), leaderCommit=16, initializing? false, entries: size=1, first=(t:2, i:17), STATEMACHINELOGENTRY, client-A93D41F52A29, cid=52
2019-09-18 17:10:17,630 [java.util.concurrent.ThreadPoolExecutor$Worker@5edbee1f[State = -1, empty queue]] WARN  server.GrpcLogAppender (GrpcLogAppender.java:timeoutAppendRequest(200)) - 1abc736a-4830-4c4e-94c6-330cfb37cbd9@group-16324F4B6BD7->9060795c-f318-48a7-8c5f-b9c772b9291e-GrpcLogAppender: appendEntries Timeout, request=1abc736a-4830-4c4e-94c6-330cfb37cbd9->9060795c-f318-48a7-8c5f-b9c772b9291e#66-t2, previous=(t:2, i:16), leaderCommit=16, initializing? false, entries: size=1, first=(t:2, i:17), STATEMACHINELOGENTRY, client-A93D41F52A29, cid=52
2019-09-18 17:10:17,631 [java.util.concurrent.ThreadPoolExecutor$Worker@30253f2e[State = -1, empty queue]] WARN  server.GrpcLogAppender (GrpcLogAppender.java:timeoutAppendRequest(200)) - 1abc736a-4830-4c4e-94c6-330cfb37cbd9@group-16324F4B6BD7->c79c5a76-aee4-4242-a106-dd0d04c341ff-GrpcLogAppender: appendEntries Timeout, request=1abc736a-4830-4c4e-94c6-330cfb37cbd9->c79c5a76-aee4-4242-a106-dd0d04c341ff#67-t2, previous=(t:2, i:17), leaderCommit=16, initializing? false, entries: size=1, first=(t:2, i:18), STATEMACHINELOGENTRY, client-A93D41F52A29, cid=53
2019-09-18 17:10:17,635 [java.util.concurrent.ThreadPoolExecutor$Worker@30253f2e[State = -1, empty queue]] WARN  server.GrpcLogAppender (GrpcLogAppender.java:timeoutAppendRequest(200)) - 1abc736a-4830-4c4e-94c6-330cfb37cbd9@group-16324F4B6BD7->c79c5a76-aee4-4242-a106-dd0d04c341ff-GrpcLogAppender: appendEntries Timeout, request=1abc736a-4830-4c4e-94c6-330cfb37cbd9->c79c5a76-aee4-4242-a106-dd0d04c341ff#68-t2, previous=(t:2, i:18), leaderCommit=16, initializing? false, entries: size=1, first=(t:2, i:19), STATEMACHINELOGENTRY, client-A93D41F52A29, cid=54
2019-09-18 17:10:17,635 [java.util.concurrent.ThreadPoolExecutor$Worker@5edbee1f[State = -1, empty queue]] WARN  server.GrpcLogAppender (GrpcLogAppender.java:timeoutAppendRequest(200)) - 1abc736a-4830-4c4e-94c6-330cfb37cbd9@group-16324F4B6BD7->9060795c-f318-48a7-8c5f-b9c772b9291e-GrpcLogAppender: appendEntries Timeout, request=1abc736a-4830-4c4e-94c6-330cfb37cbd9->9060795c-f318-48a7-8c5f-b9c772b9291e#67-t2, previous=(t:2, i:17), leaderCommit=16, initializing? false, entries: size=1, first=(t:2, i:18), STATEMACHINELOGENTRY, client-A93D41F52A29, cid=53
2019-09-18 17:10:17,638 [java.util.concurrent.ThreadPoolExecutor$Worker@30253f2e[State = -1, empty queue]] WARN  server.GrpcLogAppender (GrpcLogAppender.java:timeoutAppendRequest(200)) - 1abc736a-4830-4c4e-94c6-330cfb37cbd9@group-16324F4B6BD7->c79c5a76-aee4-4242-a106-dd0d04c341ff-GrpcLogAppender: appendEntries Timeout, request=1abc736a-4830-4c4e-94c6-330cfb37cbd9->c79c5a76-aee4-4242-a106-dd0d04c341ff#69-t2, previous=(t:2, i:19), leaderCommit=16, initializing? false, entries: size=1, first=(t:2, i:20), STATEMACHINELOGENTRY, client-A93D41F52A29, cid=55
2019-09-18 17:10:17,640 [java.util.concurrent.ThreadPoolExecutor$Worker@5edbee1f[State = -1, empty queue]] WARN  server.GrpcLogAppender (GrpcLogAppender.java:timeoutAppendRequest(200)) - 1abc736a-4830-4c4e-94c6-330cfb37cbd9@group-16324F4B6BD7->9060795c-f318-48a7-8c5f-b9c772b9291e-GrpcLogAppender: appendEntries Timeout, request=1abc736a-4830-4c4e-94c6-330cfb37cbd9->9060795c-f318-48a7-8c5f-b9c772b9291e#68-t2, previous=(t:2, i:18), leaderCommit=16, initializing? false, entries: size=1, first=(t:2, i:19), STATEMACHINELOGENTRY, client-A93D41F52A29, cid=54
2019-09-18 17:10:17,643 [java.util.concurrent.ThreadPoolExecutor$Worker@5edbee1f[State = -1, empty queue]] WARN  server.GrpcLogAppender (GrpcLogAppender.java:timeoutAppendRequest(200)) - 1abc736a-4830-4c4e-94c6-330cfb37cbd9@group-16324F4B6BD7->9060795c-f318-48a7-8c5f-b9c772b9291e-GrpcLogAppender: appendEntries Timeout, request=1abc736a-4830-4c4e-94c6-330cfb37cbd9->9060795c-f318-48a7-8c5f-b9c772b9291e#69-t2, previous=(t:2, i:19), leaderCommit=16, initializing? false, entries: size=1, first=(t:2, i:20), STATEMACHINELOGENTRY, client-A93D41F52A29, cid=55
2019-09-18 17:10:18,108 [java.util.concurrent.ThreadPoolExecutor$Worker@3640334d[State = -1, empty queue]] WARN  server.GrpcLogAppender (GrpcLogAppender.java:timeoutAppendRequest(200)) - 96f0c9f3-2286-484a-8caa-cc6cff81bf3d@group-A40D0514C021->b4ae2fc6-33d9-4c1f-ba2b-766eed3c72c1-GrpcLogAppender: appendEntries Timeout, request=96f0c9f3-2286-484a-8caa-cc6cff81bf3d->b4ae2fc6-33d9-4c1f-ba2b-766eed3c72c1#71-t2, previous=(t:2, i:20), leaderCommit=16, initializing? false, entries: <empty>
2019-09-18 17:10:18,117 [grpc-default-executor-0] WARN  server.GrpcLogAppender (LogUtils.java:warn(134)) - 96f0c9f3-2286-484a-8caa-cc6cff81bf3d@group-A40D0514C021->4807b144-2c85-4659-8a46-71684e6faffd-AppendLogResponseHandler: Failed appendEntries: org.apache.ratis.thirdparty.io.grpc.StatusRuntimeException: UNAVAILABLE: io exception
2019-09-18 17:10:18,121 [grpc-default-executor-0] INFO  impl.FollowerInfo (FollowerInfo.java:lambda$new$0(51)) - 96f0c9f3-2286-484a-8caa-cc6cff81bf3d@group-A40D0514C021->4807b144-2c85-4659-8a46-71684e6faffd: nextIndex: updateUnconditionally 10 -> 9
2019-09-18 17:10:18,125 [java.util.concurrent.ThreadPoolExecutor$Worker@30253f2e[State = -1, empty queue]] WARN  server.GrpcLogAppender (GrpcLogAppender.java:timeoutAppendRequest(200)) - 1abc736a-4830-4c4e-94c6-330cfb37cbd9@group-16324F4B6BD7->c79c5a76-aee4-4242-a106-dd0d04c341ff-GrpcLogAppender: appendEntries Timeout, request=1abc736a-4830-4c4e-94c6-330cfb37cbd9->c79c5a76-aee4-4242-a106-dd0d04c341ff#70-t2, previous=(t:2, i:20), leaderCommit=16, initializing? false, entries: <empty>
2019-09-18 17:10:18,125 [java.util.concurrent.ThreadPoolExecutor$Worker@5edbee1f[State = -1, empty queue]] WARN  server.GrpcLogAppender (GrpcLogAppender.java:timeoutAppendRequest(200)) - 1abc736a-4830-4c4e-94c6-330cfb37cbd9@group-16324F4B6BD7->9060795c-f318-48a7-8c5f-b9c772b9291e-GrpcLogAppender: appendEntries Timeout, request=1abc736a-4830-4c4e-94c6-330cfb37cbd9->9060795c-f318-48a7-8c5f-b9c772b9291e#70-t2, previous=(t:2, i:20), leaderCommit=16, initializing? false, entries: <empty>
2019-09-18 17:10:18,609 [java.util.concurrent.ThreadPoolExecutor$Worker@3640334d[State = -1, empty queue]] WARN  server.GrpcLogAppender (GrpcLogAppender.java:timeoutAppendRequest(200)) - 96f0c9f3-2286-484a-8caa-cc6cff81bf3d@group-A40D0514C021->b4ae2fc6-33d9-4c1f-ba2b-766eed3c72c1-GrpcLogAppender: appendEntries Timeout, request=96f0c9f3-2286-484a-8caa-cc6cff81bf3d->b4ae2fc6-33d9-4c1f-ba2b-766eed3c72c1#72-t2, previous=(t:2, i:20), leaderCommit=16, initializing? false, entries: <empty>
2019-09-18 17:10:18,618 [grpc-default-executor-2] WARN  server.GrpcLogAppender (LogUtils.java:warn(134)) - 96f0c9f3-2286-484a-8caa-cc6cff81bf3d@group-A40D0514C021->4807b144-2c85-4659-8a46-71684e6faffd-AppendLogResponseHandler: Failed appendEntries: org.apache.ratis.thirdparty.io.grpc.StatusRuntimeException: UNAVAILABLE: io exception
2019-09-18 17:10:18,622 [grpc-default-executor-2] INFO  impl.FollowerInfo (FollowerInfo.java:lambda$new$0(51)) - 96f0c9f3-2286-484a-8caa-cc6cff81bf3d@group-A40D0514C021->4807b144-2c85-4659-8a46-71684e6faffd: nextIndex: updateUnconditionally 9 -> 8
2019-09-18 17:10:18,626 [java.util.concurrent.ThreadPoolExecutor$Worker@30253f2e[State = -1, empty queue]] WARN  server.GrpcLogAppender (GrpcLogAppender.java:timeoutAppendRequest(200)) - 1abc736a-4830-4c4e-94c6-330cfb37cbd9@group-16324F4B6BD7->c79c5a76-aee4-4242-a106-dd0d04c341ff-GrpcLogAppender: appendEntries Timeout, request=1abc736a-4830-4c4e-94c6-330cfb37cbd9->c79c5a76-aee4-4242-a106-dd0d04c341ff#71-t2, previous=(t:2, i:20), leaderCommit=16, initializing? false, entries: <empty>
2019-09-18 17:10:18,626 [java.util.concurrent.ThreadPoolExecutor$Worker@5edbee1f[State = -1, empty queue]] WARN  server.GrpcLogAppender (GrpcLogAppender.java:timeoutAppendRequest(200)) - 1abc736a-4830-4c4e-94c6-330cfb37cbd9@group-16324F4B6BD7->9060795c-f318-48a7-8c5f-b9c772b9291e-GrpcLogAppender: appendEntries Timeout, request=1abc736a-4830-4c4e-94c6-330cfb37cbd9->9060795c-f318-48a7-8c5f-b9c772b9291e#71-t2, previous=(t:2, i:20), leaderCommit=16, initializing? false, entries: <empty>
2019-09-18 17:10:19,109 [java.util.concurrent.ThreadPoolExecutor$Worker@3640334d[State = -1, empty queue]] WARN  server.GrpcLogAppender (GrpcLogAppender.java:timeoutAppendRequest(200)) - 96f0c9f3-2286-484a-8caa-cc6cff81bf3d@group-A40D0514C021->b4ae2fc6-33d9-4c1f-ba2b-766eed3c72c1-GrpcLogAppender: appendEntries Timeout, request=96f0c9f3-2286-484a-8caa-cc6cff81bf3d->b4ae2fc6-33d9-4c1f-ba2b-766eed3c72c1#73-t2, previous=(t:2, i:20), leaderCommit=16, initializing? false, entries: <empty>
2019-09-18 17:10:19,119 [grpc-default-executor-0] WARN  server.GrpcLogAppender (LogUtils.java:warn(134)) - 96f0c9f3-2286-484a-8caa-cc6cff81bf3d@group-A40D0514C021->4807b144-2c85-4659-8a46-71684e6faffd-AppendLogResponseHandler: Failed appendEntries: org.apache.ratis.thirdparty.io.grpc.StatusRuntimeException: UNAVAILABLE: io exception
2019-09-18 17:10:19,123 [grpc-default-executor-0] INFO  impl.FollowerInfo (FollowerInfo.java:lambda$new$0(51)) - 96f0c9f3-2286-484a-8caa-cc6cff81bf3d@group-A40D0514C021->4807b144-2c85-4659-8a46-71684e6faffd: nextIndex: updateUnconditionally 8 -> 7
2019-09-18 17:10:19,126 [java.util.concurrent.ThreadPoolExecutor$Worker@30253f2e[State = -1, empty queue]] WARN  server.GrpcLogAppender (GrpcLogAppender.java:timeoutAppendRequest(200)) - 1abc736a-4830-4c4e-94c6-330cfb37cbd9@group-16324F4B6BD7->c79c5a76-aee4-4242-a106-dd0d04c341ff-GrpcLogAppender: appendEntries Timeout, request=1abc736a-4830-4c4e-94c6-330cfb37cbd9->c79c5a76-aee4-4242-a106-dd0d04c341ff#72-t2, previous=(t:2, i:20), leaderCommit=16, initializing? false, entries: <empty>
2019-09-18 17:10:19,126 [java.util.concurrent.ThreadPoolExecutor$Worker@5edbee1f[State = -1, empty queue]] WARN  server.GrpcLogAppender (GrpcLogAppender.java:timeoutAppendRequest(200)) - 1abc736a-4830-4c4e-94c6-330cfb37cbd9@group-16324F4B6BD7->9060795c-f318-48a7-8c5f-b9c772b9291e-GrpcLogAppender: appendEntries Timeout, request=1abc736a-4830-4c4e-94c6-330cfb37cbd9->9060795c-f318-48a7-8c5f-b9c772b9291e#72-t2, previous=(t:2, i:20), leaderCommit=16, initializing? false, entries: <empty>
2019-09-18 17:10:19,611 [java.util.concurrent.ThreadPoolExecutor$Worker@3640334d[State = -1, empty queue]] WARN  server.GrpcLogAppender (GrpcLogAppender.java:timeoutAppendRequest(200)) - 96f0c9f3-2286-484a-8caa-cc6cff81bf3d@group-A40D0514C021->b4ae2fc6-33d9-4c1f-ba2b-766eed3c72c1-GrpcLogAppender: appendEntries Timeout, request=96f0c9f3-2286-484a-8caa-cc6cff81bf3d->b4ae2fc6-33d9-4c1f-ba2b-766eed3c72c1#74-t2, previous=(t:2, i:20), leaderCommit=16, initializing? false, entries: <empty>
2019-09-18 17:10:19,620 [grpc-default-executor-5] WARN  server.GrpcLogAppender (LogUtils.java:warn(134)) - 96f0c9f3-2286-484a-8caa-cc6cff81bf3d@group-A40D0514C021->4807b144-2c85-4659-8a46-71684e6faffd-AppendLogResponseHandler: Failed appendEntries: org.apache.ratis.thirdparty.io.grpc.StatusRuntimeException: UNAVAILABLE: io exception
2019-09-18 17:10:19,624 [grpc-default-executor-5] INFO  impl.FollowerInfo (FollowerInfo.java:lambda$new$0(51)) - 96f0c9f3-2286-484a-8caa-cc6cff81bf3d@group-A40D0514C021->4807b144-2c85-4659-8a46-71684e6faffd: nextIndex: updateUnconditionally 7 -> 6
2019-09-18 17:10:19,626 [java.util.concurrent.ThreadPoolExecutor$Worker@30253f2e[State = -1, empty queue]] WARN  server.GrpcLogAppender (GrpcLogAppender.java:timeoutAppendRequest(200)) - 1abc736a-4830-4c4e-94c6-330cfb37cbd9@group-16324F4B6BD7->c79c5a76-aee4-4242-a106-dd0d04c341ff-GrpcLogAppender: appendEntries Timeout, request=1abc736a-4830-4c4e-94c6-330cfb37cbd9->c79c5a76-aee4-4242-a106-dd0d04c341ff#73-t2, previous=(t:2, i:20), leaderCommit=16, initializing? false, entries: <empty>
2019-09-18 17:10:19,626 [java.util.concurrent.ThreadPoolExecutor$Worker@5edbee1f[State = -1, empty queue]] WARN  server.GrpcLogAppender (GrpcLogAppender.java:timeoutAppendRequest(200)) - 1abc736a-4830-4c4e-94c6-330cfb37cbd9@group-16324F4B6BD7->9060795c-f318-48a7-8c5f-b9c772b9291e-GrpcLogAppender: appendEntries Timeout, request=1abc736a-4830-4c4e-94c6-330cfb37cbd9->9060795c-f318-48a7-8c5f-b9c772b9291e#73-t2, previous=(t:2, i:20), leaderCommit=16, initializing? false, entries: <empty>
2019-09-18 17:10:19,647 [grpc-default-executor-0] INFO  client.GrpcClientProtocolClient (GrpcClientProtocolClient.java:onNext(264)) - client-A93D41F52A29->c79c5a76-aee4-4242-a106-dd0d04c341ff: receive RaftClientReply:client-A93D41F52A29->c79c5a76-aee4-4242-a106-dd0d04c341ff@group-16324F4B6BD7, cid=52, FAILED org.apache.ratis.protocol.NotLeaderException: Server c79c5a76-aee4-4242-a106-dd0d04c341ff@group-16324F4B6BD7 is not the leader 1abc736a-4830-4c4e-94c6-330cfb37cbd9:192.168.151.122:42374, logIndex=0, commits[c79c5a76-aee4-4242-a106-dd0d04c341ff:c16, 1abc736a-4830-4c4e-94c6-330cfb37cbd9:c16, 9060795c-f318-48a7-8c5f-b9c772b9291e:c12]
2019-09-18 17:10:20,113 [java.util.concurrent.ThreadPoolExecutor$Worker@3640334d[State = -1, empty queue]] WARN  server.GrpcLogAppender (GrpcLogAppender.java:timeoutAppendRequest(200)) - 96f0c9f3-2286-484a-8caa-cc6cff81bf3d@group-A40D0514C021->b4ae2fc6-33d9-4c1f-ba2b-766eed3c72c1-GrpcLogAppender: appendEntries Timeout, request=96f0c9f3-2286-484a-8caa-cc6cff81bf3d->b4ae2fc6-33d9-4c1f-ba2b-766eed3c72c1#75-t2, previous=(t:2, i:20), leaderCommit=16, initializing? false, entries: <empty>
2019-09-18 17:10:20,121 [grpc-default-executor-0] WARN  server.GrpcLogAppender (LogUtils.java:warn(134)) - 96f0c9f3-2286-484a-8caa-cc6cff81bf3d@group-A40D0514C021->4807b144-2c85-4659-8a46-71684e6faffd-AppendLogResponseHandler: Failed appendEntries: org.apache.ratis.thirdparty.io.grpc.StatusRuntimeException: UNAVAILABLE: io exception
2019-09-18 17:10:20,128 [java.util.concurrent.ThreadPoolExecutor$Worker@5edbee1f[State = -1, empty queue]] WARN  server.GrpcLogAppender (GrpcLogAppender.java:timeoutAppendRequest(200)) - 1abc736a-4830-4c4e-94c6-330cfb37cbd9@group-16324F4B6BD7->9060795c-f318-48a7-8c5f-b9c772b9291e-GrpcLogAppender: appendEntries Timeout, request=1abc736a-4830-4c4e-94c6-330cfb37cbd9->9060795c-f318-48a7-8c5f-b9c772b9291e#74-t2, previous=(t:2, i:20), leaderCommit=16, initializing? false, entries: <empty>
2019-09-18 17:10:20,128 [grpc-default-executor-0] INFO  impl.FollowerInfo (FollowerInfo.java:lambda$new$0(51)) - 96f0c9f3-2286-484a-8caa-cc6cff81bf3d@group-A40D0514C021->4807b144-2c85-4659-8a46-71684e6faffd: nextIndex: updateUnconditionally 6 -> 5
2019-09-18 17:10:20,128 [java.util.concurrent.ThreadPoolExecutor$Worker@30253f2e[State = -1, empty queue]] WARN  server.GrpcLogAppender (GrpcLogAppender.java:timeoutAppendRequest(200)) - 1abc736a-4830-4c4e-94c6-330cfb37cbd9@group-16324F4B6BD7->c79c5a76-aee4-4242-a106-dd0d04c341ff-GrpcLogAppender: appendEntries Timeout, request=1abc736a-4830-4c4e-94c6-330cfb37cbd9->c79c5a76-aee4-4242-a106-dd0d04c341ff#74-t2, previous=(t:2, i:20), leaderCommit=16, initializing? false, entries: <empty>
2019-09-18 17:10:20,458 [b4ae2fc6-33d9-4c1f-ba2b-766eed3c72c1@group-A40D0514C021-SegmentedRaftLogWorker] WARN  segmented.SegmentedRaftLogWorker (SegmentedRaftLogWorker.java:getFromFuture(90)) - Timeout 2/~
org.apache.ratis.protocol.TimeoutIOException: Timeout 10s: WriteLog:17: (t:2, i:17), STATEMACHINELOGENTRY, client-23B55BADBE70, cid=29-writeStateMachineData
	at org.apache.ratis.util.IOUtils.getFromFuture(IOUtils.java:87)
	at org.apache.ratis.server.raftlog.segmented.SegmentedRaftLogWorker$StateMachineDataPolicy.getFromFuture(SegmentedRaftLogWorker.java:87)
	at org.apache.ratis.server.raftlog.segmented.SegmentedRaftLogWorker$WriteLog.execute(SegmentedRaftLogWorker.java:477)
	at org.apache.ratis.server.raftlog.segmented.SegmentedRaftLogWorker.run(SegmentedRaftLogWorker.java:289)
	at java.lang.Thread.run(Thread.java:748)
Caused by: java.util.concurrent.TimeoutException
	at java.util.concurrent.CompletableFuture.timedGet(CompletableFuture.java:1771)
	at java.util.concurrent.CompletableFuture.get(CompletableFuture.java:1915)
	at org.apache.ratis.util.IOUtils.getFromFuture(IOUtils.java:79)
	... 4 more
2019-09-18 17:10:20,549 [96f0c9f3-2286-484a-8caa-cc6cff81bf3d@group-A40D0514C021-SegmentedRaftLogWorker] WARN  segmented.SegmentedRaftLogWorker (SegmentedRaftLogWorker.java:getFromFuture(90)) - Timeout 2/~
org.apache.ratis.protocol.TimeoutIOException: Timeout 10s: WriteLog:19: (t:2, i:19), STATEMACHINELOGENTRY, client-23B55BADBE70, cid=31-writeStateMachineData
	at org.apache.ratis.util.IOUtils.getFromFuture(IOUtils.java:87)
	at org.apache.ratis.server.raftlog.segmented.SegmentedRaftLogWorker$StateMachineDataPolicy.getFromFuture(SegmentedRaftLogWorker.java:87)
	at org.apache.ratis.server.raftlog.segmented.SegmentedRaftLogWorker$WriteLog.execute(SegmentedRaftLogWorker.java:477)
	at org.apache.ratis.server.raftlog.segmented.SegmentedRaftLogWorker.run(SegmentedRaftLogWorker.java:289)
	at java.lang.Thread.run(Thread.java:748)
Caused by: java.util.concurrent.TimeoutException
	at java.util.concurrent.CompletableFuture.timedGet(CompletableFuture.java:1771)
	at java.util.concurrent.CompletableFuture.get(CompletableFuture.java:1915)
	at org.apache.ratis.util.IOUtils.getFromFuture(IOUtils.java:79)
	... 4 more
2019-09-18 17:10:20,613 [java.util.concurrent.ThreadPoolExecutor$Worker@3640334d[State = -1, empty queue]] WARN  server.GrpcLogAppender (GrpcLogAppender.java:timeoutAppendRequest(200)) - 96f0c9f3-2286-484a-8caa-cc6cff81bf3d@group-A40D0514C021->b4ae2fc6-33d9-4c1f-ba2b-766eed3c72c1-GrpcLogAppender: appendEntries Timeout, request=96f0c9f3-2286-484a-8caa-cc6cff81bf3d->b4ae2fc6-33d9-4c1f-ba2b-766eed3c72c1#76-t2, previous=(t:2, i:20), leaderCommit=16, initializing? false, entries: <empty>
2019-09-18 17:10:20,621 [grpc-default-executor-2] WARN  server.GrpcLogAppender (LogUtils.java:warn(134)) - 96f0c9f3-2286-484a-8caa-cc6cff81bf3d@group-A40D0514C021->4807b144-2c85-4659-8a46-71684e6faffd-AppendLogResponseHandler: Failed appendEntries: org.apache.ratis.thirdparty.io.grpc.StatusRuntimeException: UNAVAILABLE: io exception
2019-09-18 17:10:20,626 [grpc-default-executor-2] INFO  impl.FollowerInfo (FollowerInfo.java:lambda$new$0(51)) - 96f0c9f3-2286-484a-8caa-cc6cff81bf3d@group-A40D0514C021->4807b144-2c85-4659-8a46-71684e6faffd: nextIndex: updateUnconditionally 5 -> 4
2019-09-18 17:10:20,631 [java.util.concurrent.ThreadPoolExecutor$Worker@30253f2e[State = -1, empty queue]] WARN  server.GrpcLogAppender (GrpcLogAppender.java:timeoutAppendRequest(200)) - 1abc736a-4830-4c4e-94c6-330cfb37cbd9@group-16324F4B6BD7->c79c5a76-aee4-4242-a106-dd0d04c341ff-GrpcLogAppender: appendEntries Timeout, request=1abc736a-4830-4c4e-94c6-330cfb37cbd9->c79c5a76-aee4-4242-a106-dd0d04c341ff#75-t2, previous=(t:2, i:20), leaderCommit=16, initializing? false, entries: <empty>
2019-09-18 17:10:20,631 [java.util.concurrent.ThreadPoolExecutor$Worker@5edbee1f[State = -1, empty queue]] WARN  server.GrpcLogAppender (GrpcLogAppender.java:timeoutAppendRequest(200)) - 1abc736a-4830-4c4e-94c6-330cfb37cbd9@group-16324F4B6BD7->9060795c-f318-48a7-8c5f-b9c772b9291e-GrpcLogAppender: appendEntries Timeout, request=1abc736a-4830-4c4e-94c6-330cfb37cbd9->9060795c-f318-48a7-8c5f-b9c772b9291e#75-t2, previous=(t:2, i:20), leaderCommit=16, initializing? false, entries: <empty>
2019-09-18 17:10:21,113 [java.util.concurrent.ThreadPoolExecutor$Worker@3640334d[State = -1, empty queue]] WARN  server.GrpcLogAppender (GrpcLogAppender.java:timeoutAppendRequest(200)) - 96f0c9f3-2286-484a-8caa-cc6cff81bf3d@group-A40D0514C021->b4ae2fc6-33d9-4c1f-ba2b-766eed3c72c1-GrpcLogAppender: appendEntries Timeout, request=96f0c9f3-2286-484a-8caa-cc6cff81bf3d->b4ae2fc6-33d9-4c1f-ba2b-766eed3c72c1#77-t2, previous=(t:2, i:20), leaderCommit=16, initializing? false, entries: <empty>
2019-09-18 17:10:21,122 [grpc-default-executor-0] WARN  server.GrpcLogAppender (LogUtils.java:warn(134)) - 96f0c9f3-2286-484a-8caa-cc6cff81bf3d@group-A40D0514C021->4807b144-2c85-4659-8a46-71684e6faffd-AppendLogResponseHandler: Failed appendEntries: org.apache.ratis.thirdparty.io.grpc.StatusRuntimeException: UNAVAILABLE: io exception
2019-09-18 17:10:21,127 [grpc-default-executor-0] INFO  impl.FollowerInfo (FollowerInfo.java:lambda$new$0(51)) - 96f0c9f3-2286-484a-8caa-cc6cff81bf3d@group-A40D0514C021->4807b144-2c85-4659-8a46-71684e6faffd: nextIndex: updateUnconditionally 4 -> 3
2019-09-18 17:10:21,131 [java.util.concurrent.ThreadPoolExecutor$Worker@5edbee1f[State = -1, empty queue]] WARN  server.GrpcLogAppender (GrpcLogAppender.java:timeoutAppendRequest(200)) - 1abc736a-4830-4c4e-94c6-330cfb37cbd9@group-16324F4B6BD7->9060795c-f318-48a7-8c5f-b9c772b9291e-GrpcLogAppender: appendEntries Timeout, request=1abc736a-4830-4c4e-94c6-330cfb37cbd9->9060795c-f318-48a7-8c5f-b9c772b9291e#76-t2, previous=(t:2, i:20), leaderCommit=16, initializing? false, entries: <empty>
2019-09-18 17:10:21,131 [java.util.concurrent.ThreadPoolExecutor$Worker@30253f2e[State = -1, empty queue]] WARN  server.GrpcLogAppender (GrpcLogAppender.java:timeoutAppendRequest(200)) - 1abc736a-4830-4c4e-94c6-330cfb37cbd9@group-16324F4B6BD7->c79c5a76-aee4-4242-a106-dd0d04c341ff-GrpcLogAppender: appendEntries Timeout, request=1abc736a-4830-4c4e-94c6-330cfb37cbd9->c79c5a76-aee4-4242-a106-dd0d04c341ff#76-t2, previous=(t:2, i:20), leaderCommit=16, initializing? false, entries: <empty>
2019-09-18 17:10:21,614 [java.util.concurrent.ThreadPoolExecutor$Worker@3640334d[State = -1, empty queue]] WARN  server.GrpcLogAppender (GrpcLogAppender.java:timeoutAppendRequest(200)) - 96f0c9f3-2286-484a-8caa-cc6cff81bf3d@group-A40D0514C021->b4ae2fc6-33d9-4c1f-ba2b-766eed3c72c1-GrpcLogAppender: appendEntries Timeout, request=96f0c9f3-2286-484a-8caa-cc6cff81bf3d->b4ae2fc6-33d9-4c1f-ba2b-766eed3c72c1#78-t2, previous=(t:2, i:20), leaderCommit=16, initializing? false, entries: <empty>
2019-09-18 17:10:21,625 [grpc-default-executor-5] WARN  server.GrpcLogAppender (LogUtils.java:warn(134)) - 96f0c9f3-2286-484a-8caa-cc6cff81bf3d@group-A40D0514C021->4807b144-2c85-4659-8a46-71684e6faffd-AppendLogResponseHandler: Failed appendEntries: org.apache.ratis.thirdparty.io.grpc.StatusRuntimeException: UNAVAILABLE: io exception
2019-09-18 17:10:21,635 [grpc-default-executor-5] INFO  impl.FollowerInfo (FollowerInfo.java:lambda$new$0(51)) - 96f0c9f3-2286-484a-8caa-cc6cff81bf3d@group-A40D0514C021->4807b144-2c85-4659-8a46-71684e6faffd: nextIndex: updateUnconditionally 3 -> 2
2019-09-18 17:10:21,636 [java.util.concurrent.ThreadPoolExecutor$Worker@30253f2e[State = -1, empty queue]] WARN  server.GrpcLogAppender (GrpcLogAppender.java:timeoutAppendRequest(200)) - 1abc736a-4830-4c4e-94c6-330cfb37cbd9@group-16324F4B6BD7->c79c5a76-aee4-4242-a106-dd0d04c341ff-GrpcLogAppender: appendEntries Timeout, request=1abc736a-4830-4c4e-94c6-330cfb37cbd9->c79c5a76-aee4-4242-a106-dd0d04c341ff#77-t2, previous=(t:2, i:20), leaderCommit=16, initializing? false, entries: <empty>
2019-09-18 17:10:21,636 [java.util.concurrent.ThreadPoolExecutor$Worker@5edbee1f[State = -1, empty queue]] WARN  server.GrpcLogAppender (GrpcLogAppender.java:timeoutAppendRequest(200)) - 1abc736a-4830-4c4e-94c6-330cfb37cbd9@group-16324F4B6BD7->9060795c-f318-48a7-8c5f-b9c772b9291e-GrpcLogAppender: appendEntries Timeout, request=1abc736a-4830-4c4e-94c6-330cfb37cbd9->9060795c-f318-48a7-8c5f-b9c772b9291e#77-t2, previous=(t:2, i:20), leaderCommit=16, initializing? false, entries: <empty>
2019-09-18 17:10:22,114 [java.util.concurrent.ThreadPoolExecutor$Worker@3640334d[State = -1, empty queue]] WARN  server.GrpcLogAppender (GrpcLogAppender.java:timeoutAppendRequest(200)) - 96f0c9f3-2286-484a-8caa-cc6cff81bf3d@group-A40D0514C021->b4ae2fc6-33d9-4c1f-ba2b-766eed3c72c1-GrpcLogAppender: appendEntries Timeout, request=96f0c9f3-2286-484a-8caa-cc6cff81bf3d->b4ae2fc6-33d9-4c1f-ba2b-766eed3c72c1#79-t2, previous=(t:2, i:20), leaderCommit=16, initializing? false, entries: <empty>
2019-09-18 17:10:22,126 [grpc-default-executor-0] WARN  server.GrpcLogAppender (LogUtils.java:warn(134)) - 96f0c9f3-2286-484a-8caa-cc6cff81bf3d@group-A40D0514C021->4807b144-2c85-4659-8a46-71684e6faffd-AppendLogResponseHandler: Failed appendEntries: org.apache.ratis.thirdparty.io.grpc.StatusRuntimeException: UNAVAILABLE: io exception
2019-09-18 17:10:22,130 [grpc-default-executor-0] INFO  impl.FollowerInfo (FollowerInfo.java:lambda$new$0(51)) - 96f0c9f3-2286-484a-8caa-cc6cff81bf3d@group-A40D0514C021->4807b144-2c85-4659-8a46-71684e6faffd: nextIndex: updateUnconditionally 2 -> 1
2019-09-18 17:10:22,136 [java.util.concurrent.ThreadPoolExecutor$Worker@30253f2e[State = -1, empty queue]] WARN  server.GrpcLogAppender (GrpcLogAppender.java:timeoutAppendRequest(200)) - 1abc736a-4830-4c4e-94c6-330cfb37cbd9@group-16324F4B6BD7->c79c5a76-aee4-4242-a106-dd0d04c341ff-GrpcLogAppender: appendEntries Timeout, request=1abc736a-4830-4c4e-94c6-330cfb37cbd9->c79c5a76-aee4-4242-a106-dd0d04c341ff#78-t2, previous=(t:2, i:20), leaderCommit=16, initializing? false, entries: <empty>
2019-09-18 17:10:22,136 [java.util.concurrent.ThreadPoolExecutor$Worker@5edbee1f[State = -1, empty queue]] WARN  server.GrpcLogAppender (GrpcLogAppender.java:timeoutAppendRequest(200)) - 1abc736a-4830-4c4e-94c6-330cfb37cbd9@group-16324F4B6BD7->9060795c-f318-48a7-8c5f-b9c772b9291e-GrpcLogAppender: appendEntries Timeout, request=1abc736a-4830-4c4e-94c6-330cfb37cbd9->9060795c-f318-48a7-8c5f-b9c772b9291e#78-t2, previous=(t:2, i:20), leaderCommit=16, initializing? false, entries: <empty>
2019-09-18 17:10:22,614 [java.util.concurrent.ThreadPoolExecutor$Worker@3640334d[State = -1, empty queue]] WARN  server.GrpcLogAppender (GrpcLogAppender.java:timeoutAppendRequest(200)) - 96f0c9f3-2286-484a-8caa-cc6cff81bf3d@group-A40D0514C021->b4ae2fc6-33d9-4c1f-ba2b-766eed3c72c1-GrpcLogAppender: appendEntries Timeout, request=96f0c9f3-2286-484a-8caa-cc6cff81bf3d->b4ae2fc6-33d9-4c1f-ba2b-766eed3c72c1#80-t2, previous=(t:2, i:20), leaderCommit=16, initializing? false, entries: <empty>
2019-09-18 17:10:22,628 [grpc-default-executor-2] WARN  server.GrpcLogAppender (LogUtils.java:warn(134)) - 96f0c9f3-2286-484a-8caa-cc6cff81bf3d@group-A40D0514C021->4807b144-2c85-4659-8a46-71684e6faffd-AppendLogResponseHandler: Failed appendEntries: org.apache.ratis.thirdparty.io.grpc.StatusRuntimeException: UNAVAILABLE: io exception
2019-09-18 17:10:22,633 [grpc-default-executor-2] INFO  impl.FollowerInfo (FollowerInfo.java:lambda$new$0(51)) - 96f0c9f3-2286-484a-8caa-cc6cff81bf3d@group-A40D0514C021->4807b144-2c85-4659-8a46-71684e6faffd: nextIndex: updateUnconditionally 1 -> 0
2019-09-18 17:10:22,636 [java.util.concurrent.ThreadPoolExecutor$Worker@30253f2e[State = -1, empty queue]] WARN  server.GrpcLogAppender (GrpcLogAppender.java:timeoutAppendRequest(200)) - 1abc736a-4830-4c4e-94c6-330cfb37cbd9@group-16324F4B6BD7->c79c5a76-aee4-4242-a106-dd0d04c341ff-GrpcLogAppender: appendEntries Timeout, request=1abc736a-4830-4c4e-94c6-330cfb37cbd9->c79c5a76-aee4-4242-a106-dd0d04c341ff#79-t2, previous=(t:2, i:20), leaderCommit=16, initializing? false, entries: <empty>
2019-09-18 17:10:22,636 [java.util.concurrent.ThreadPoolExecutor$Worker@5edbee1f[State = -1, empty queue]] WARN  server.GrpcLogAppender (GrpcLogAppender.java:timeoutAppendRequest(200)) - 1abc736a-4830-4c4e-94c6-330cfb37cbd9@group-16324F4B6BD7->9060795c-f318-48a7-8c5f-b9c772b9291e-GrpcLogAppender: appendEntries Timeout, request=1abc736a-4830-4c4e-94c6-330cfb37cbd9->9060795c-f318-48a7-8c5f-b9c772b9291e#79-t2, previous=(t:2, i:20), leaderCommit=16, initializing? false, entries: <empty>
2019-09-18 17:10:23,114 [java.util.concurrent.ThreadPoolExecutor$Worker@3640334d[State = -1, empty queue]] WARN  server.GrpcLogAppender (GrpcLogAppender.java:timeoutAppendRequest(200)) - 96f0c9f3-2286-484a-8caa-cc6cff81bf3d@group-A40D0514C021->b4ae2fc6-33d9-4c1f-ba2b-766eed3c72c1-GrpcLogAppender: appendEntries Timeout, request=96f0c9f3-2286-484a-8caa-cc6cff81bf3d->b4ae2fc6-33d9-4c1f-ba2b-766eed3c72c1#81-t2, previous=(t:2, i:20), leaderCommit=16, initializing? false, entries: <empty>
2019-09-18 17:10:23,129 [grpc-default-executor-5] WARN  server.GrpcLogAppender (LogUtils.java:warn(134)) - 96f0c9f3-2286-484a-8caa-cc6cff81bf3d@group-A40D0514C021->4807b144-2c85-4659-8a46-71684e6faffd-AppendLogResponseHandler: Failed appendEntries: org.apache.ratis.thirdparty.io.grpc.StatusRuntimeException: UNAVAILABLE: io exception
2019-09-18 17:10:23,136 [java.util.concurrent.ThreadPoolExecutor$Worker@30253f2e[State = -1, empty queue]] WARN  server.GrpcLogAppender (GrpcLogAppender.java:timeoutAppendRequest(200)) - 1abc736a-4830-4c4e-94c6-330cfb37cbd9@group-16324F4B6BD7->c79c5a76-aee4-4242-a106-dd0d04c341ff-GrpcLogAppender: appendEntries Timeout, request=1abc736a-4830-4c4e-94c6-330cfb37cbd9->c79c5a76-aee4-4242-a106-dd0d04c341ff#80-t2, previous=(t:2, i:20), leaderCommit=16, initializing? false, entries: <empty>
2019-09-18 17:10:23,136 [java.util.concurrent.ThreadPoolExecutor$Worker@5edbee1f[State = -1, empty queue]] WARN  server.GrpcLogAppender (GrpcLogAppender.java:timeoutAppendRequest(200)) - 1abc736a-4830-4c4e-94c6-330cfb37cbd9@group-16324F4B6BD7->9060795c-f318-48a7-8c5f-b9c772b9291e-GrpcLogAppender: appendEntries Timeout, request=1abc736a-4830-4c4e-94c6-330cfb37cbd9->9060795c-f318-48a7-8c5f-b9c772b9291e#80-t2, previous=(t:2, i:20), leaderCommit=16, initializing? false, entries: <empty>
2019-09-18 17:10:23,136 [grpc-default-executor-5] INFO  impl.FollowerInfo (FollowerInfo.java:lambda$new$0(51)) - 96f0c9f3-2286-484a-8caa-cc6cff81bf3d@group-A40D0514C021->4807b144-2c85-4659-8a46-71684e6faffd: nextIndex: updateUnconditionally 0 -> 0
2019-09-18 17:10:23,615 [java.util.concurrent.ThreadPoolExecutor$Worker@3640334d[State = -1, empty queue]] WARN  server.GrpcLogAppender (GrpcLogAppender.java:timeoutAppendRequest(200)) - 96f0c9f3-2286-484a-8caa-cc6cff81bf3d@group-A40D0514C021->b4ae2fc6-33d9-4c1f-ba2b-766eed3c72c1-GrpcLogAppender: appendEntries Timeout, request=96f0c9f3-2286-484a-8caa-cc6cff81bf3d->b4ae2fc6-33d9-4c1f-ba2b-766eed3c72c1#82-t2, previous=(t:2, i:20), leaderCommit=16, initializing? false, entries: <empty>
2019-09-18 17:10:23,630 [grpc-default-executor-2] WARN  server.GrpcLogAppender (LogUtils.java:warn(134)) - 96f0c9f3-2286-484a-8caa-cc6cff81bf3d@group-A40D0514C021->4807b144-2c85-4659-8a46-71684e6faffd-AppendLogResponseHandler: Failed appendEntries: org.apache.ratis.thirdparty.io.grpc.StatusRuntimeException: UNAVAILABLE: io exception
2019-09-18 17:10:23,635 [grpc-default-executor-2] INFO  impl.FollowerInfo (FollowerInfo.java:lambda$new$0(51)) - 96f0c9f3-2286-484a-8caa-cc6cff81bf3d@group-A40D0514C021->4807b144-2c85-4659-8a46-71684e6faffd: nextIndex: updateUnconditionally 0 -> 0
2019-09-18 17:10:23,637 [java.util.concurrent.ThreadPoolExecutor$Worker@30253f2e[State = -1, empty queue]] WARN  server.GrpcLogAppender (GrpcLogAppender.java:timeoutAppendRequest(200)) - 1abc736a-4830-4c4e-94c6-330cfb37cbd9@group-16324F4B6BD7->c79c5a76-aee4-4242-a106-dd0d04c341ff-GrpcLogAppender: appendEntries Timeout, request=1abc736a-4830-4c4e-94c6-330cfb37cbd9->c79c5a76-aee4-4242-a106-dd0d04c341ff#81-t2, previous=(t:2, i:20), leaderCommit=16, initializing? false, entries: <empty>
2019-09-18 17:10:23,637 [java.util.concurrent.ThreadPoolExecutor$Worker@5edbee1f[State = -1, empty queue]] WARN  server.GrpcLogAppender (GrpcLogAppender.java:timeoutAppendRequest(200)) - 1abc736a-4830-4c4e-94c6-330cfb37cbd9@group-16324F4B6BD7->9060795c-f318-48a7-8c5f-b9c772b9291e-GrpcLogAppender: appendEntries Timeout, request=1abc736a-4830-4c4e-94c6-330cfb37cbd9->9060795c-f318-48a7-8c5f-b9c772b9291e#81-t2, previous=(t:2, i:20), leaderCommit=16, initializing? false, entries: <empty>
2019-09-18 17:10:24,115 [java.util.concurrent.ThreadPoolExecutor$Worker@3640334d[State = -1, empty queue]] WARN  server.GrpcLogAppender (GrpcLogAppender.java:timeoutAppendRequest(200)) - 96f0c9f3-2286-484a-8caa-cc6cff81bf3d@group-A40D0514C021->b4ae2fc6-33d9-4c1f-ba2b-766eed3c72c1-GrpcLogAppender: appendEntries Timeout, request=96f0c9f3-2286-484a-8caa-cc6cff81bf3d->b4ae2fc6-33d9-4c1f-ba2b-766eed3c72c1#83-t2, previous=(t:2, i:20), leaderCommit=16, initializing? false, entries: <empty>
2019-09-18 17:10:24,160 [java.util.concurrent.ThreadPoolExecutor$Worker@5edbee1f[State = -1, empty queue]] WARN  server.GrpcLogAppender (GrpcLogAppender.java:timeoutAppendRequest(200)) - 1abc736a-4830-4c4e-94c6-330cfb37cbd9@group-16324F4B6BD7->9060795c-f318-48a7-8c5f-b9c772b9291e-GrpcLogAppender: appendEntries Timeout, request=1abc736a-4830-4c4e-94c6-330cfb37cbd9->9060795c-f318-48a7-8c5f-b9c772b9291e#82-t2, previous=(t:2, i:20), leaderCommit=16, initializing? false, entries: <empty>
2019-09-18 17:10:24,160 [grpc-default-executor-2] WARN  server.GrpcLogAppender (LogUtils.java:warn(134)) - 96f0c9f3-2286-484a-8caa-cc6cff81bf3d@group-A40D0514C021->4807b144-2c85-4659-8a46-71684e6faffd-AppendLogResponseHandler: Failed appendEntries: org.apache.ratis.thirdparty.io.grpc.StatusRuntimeException: UNAVAILABLE: io exception
2019-09-18 17:10:24,160 [java.util.concurrent.ThreadPoolExecutor$Worker@30253f2e[State = -1, empty queue]] WARN  server.GrpcLogAppender (GrpcLogAppender.java:timeoutAppendRequest(200)) - 1abc736a-4830-4c4e-94c6-330cfb37cbd9@group-16324F4B6BD7->c79c5a76-aee4-4242-a106-dd0d04c341ff-GrpcLogAppender: appendEntries Timeout, request=1abc736a-4830-4c4e-94c6-330cfb37cbd9->c79c5a76-aee4-4242-a106-dd0d04c341ff#82-t2, previous=(t:2, i:20), leaderCommit=16, initializing? false, entries: <empty>
2019-09-18 17:10:24,164 [grpc-default-executor-2] INFO  impl.FollowerInfo (FollowerInfo.java:lambda$new$0(51)) - 96f0c9f3-2286-484a-8caa-cc6cff81bf3d@group-A40D0514C021->4807b144-2c85-4659-8a46-71684e6faffd: nextIndex: updateUnconditionally 0 -> 0
2019-09-18 17:10:24,616 [java.util.concurrent.ThreadPoolExecutor$Worker@3640334d[State = -1, empty queue]] WARN  server.GrpcLogAppender (GrpcLogAppender.java:timeoutAppendRequest(200)) - 96f0c9f3-2286-484a-8caa-cc6cff81bf3d@group-A40D0514C021->b4ae2fc6-33d9-4c1f-ba2b-766eed3c72c1-GrpcLogAppender: appendEntries Timeout, request=96f0c9f3-2286-484a-8caa-cc6cff81bf3d->b4ae2fc6-33d9-4c1f-ba2b-766eed3c72c1#84-t2, previous=(t:2, i:20), leaderCommit=16, initializing? false, entries: <empty>
2019-09-18 17:10:24,620 [1abc736a-4830-4c4e-94c6-330cfb37cbd9@group-16324F4B6BD7-SegmentedRaftLogWorker] WARN  segmented.SegmentedRaftLogWorker (SegmentedRaftLogWorker.java:getFromFuture(90)) - Timeout 0/~
org.apache.ratis.protocol.TimeoutIOException: Timeout 10s: WriteLog:17: (t:2, i:17), STATEMACHINELOGENTRY, client-A93D41F52A29, cid=52-writeStateMachineData
	at org.apache.ratis.util.IOUtils.getFromFuture(IOUtils.java:87)
	at org.apache.ratis.server.raftlog.segmented.SegmentedRaftLogWorker$StateMachineDataPolicy.getFromFuture(SegmentedRaftLogWorker.java:87)
	at org.apache.ratis.server.raftlog.segmented.SegmentedRaftLogWorker$WriteLog.execute(SegmentedRaftLogWorker.java:477)
	at org.apache.ratis.server.raftlog.segmented.SegmentedRaftLogWorker.run(SegmentedRaftLogWorker.java:289)
	at java.lang.Thread.run(Thread.java:748)
Caused by: java.util.concurrent.TimeoutException
	at java.util.concurrent.CompletableFuture.timedGet(CompletableFuture.java:1771)
	at java.util.concurrent.CompletableFuture.get(CompletableFuture.java:1915)
	at org.apache.ratis.util.IOUtils.getFromFuture(IOUtils.java:79)
	... 4 more
2019-09-18 17:10:24,626 [9060795c-f318-48a7-8c5f-b9c772b9291e@group-16324F4B6BD7-SegmentedRaftLogWorker] WARN  segmented.SegmentedRaftLogWorker (SegmentedRaftLogWorker.java:getFromFuture(90)) - Timeout 0/~
org.apache.ratis.protocol.TimeoutIOException: Timeout 10s: WriteLog:17: (t:2, i:17), STATEMACHINELOGENTRY, client-A93D41F52A29, cid=52-writeStateMachineData
	at org.apache.ratis.util.IOUtils.getFromFuture(IOUtils.java:87)
	at org.apache.ratis.server.raftlog.segmented.SegmentedRaftLogWorker$StateMachineDataPolicy.getFromFuture(SegmentedRaftLogWorker.java:87)
	at org.apache.ratis.server.raftlog.segmented.SegmentedRaftLogWorker$WriteLog.execute(SegmentedRaftLogWorker.java:477)
	at org.apache.ratis.server.raftlog.segmented.SegmentedRaftLogWorker.run(SegmentedRaftLogWorker.java:289)
	at java.lang.Thread.run(Thread.java:748)
Caused by: java.util.concurrent.TimeoutException
	at java.util.concurrent.CompletableFuture.timedGet(CompletableFuture.java:1771)
	at java.util.concurrent.CompletableFuture.get(CompletableFuture.java:1915)
	at org.apache.ratis.util.IOUtils.getFromFuture(IOUtils.java:79)
	... 4 more
2019-09-18 17:10:24,632 [grpc-default-executor-0] WARN  server.GrpcLogAppender (LogUtils.java:warn(134)) - 96f0c9f3-2286-484a-8caa-cc6cff81bf3d@group-A40D0514C021->4807b144-2c85-4659-8a46-71684e6faffd-AppendLogResponseHandler: Failed appendEntries: org.apache.ratis.thirdparty.io.grpc.StatusRuntimeException: UNAVAILABLE: io exception
2019-09-18 17:10:24,636 [grpc-default-executor-0] INFO  impl.FollowerInfo (FollowerInfo.java:lambda$new$0(51)) - 96f0c9f3-2286-484a-8caa-cc6cff81bf3d@group-A40D0514C021->4807b144-2c85-4659-8a46-71684e6faffd: nextIndex: updateUnconditionally 0 -> 0
2019-09-18 17:10:24,637 [java.util.concurrent.ThreadPoolExecutor$Worker@30253f2e[State = -1, empty queue]] WARN  server.GrpcLogAppender (GrpcLogAppender.java:timeoutAppendRequest(200)) - 1abc736a-4830-4c4e-94c6-330cfb37cbd9@group-16324F4B6BD7->c79c5a76-aee4-4242-a106-dd0d04c341ff-GrpcLogAppender: appendEntries Timeout, request=1abc736a-4830-4c4e-94c6-330cfb37cbd9->c79c5a76-aee4-4242-a106-dd0d04c341ff#83-t2, previous=(t:2, i:20), leaderCommit=16, initializing? false, entries: <empty>
2019-09-18 17:10:24,637 [java.util.concurrent.ThreadPoolExecutor$Worker@5edbee1f[State = -1, empty queue]] WARN  server.GrpcLogAppender (GrpcLogAppender.java:timeoutAppendRequest(200)) - 1abc736a-4830-4c4e-94c6-330cfb37cbd9@group-16324F4B6BD7->9060795c-f318-48a7-8c5f-b9c772b9291e-GrpcLogAppender: appendEntries Timeout, request=1abc736a-4830-4c4e-94c6-330cfb37cbd9->9060795c-f318-48a7-8c5f-b9c772b9291e#83-t2, previous=(t:2, i:20), leaderCommit=16, initializing? false, entries: <empty>
2019-09-18 17:10:24,698 [grpc-default-executor-0] INFO  client.GrpcClientProtocolClient (GrpcClientProtocolClient.java:onNext(264)) - client-A93D41F52A29->9060795c-f318-48a7-8c5f-b9c772b9291e: receive RaftClientReply:client-A93D41F52A29->9060795c-f318-48a7-8c5f-b9c772b9291e@group-16324F4B6BD7, cid=52, FAILED org.apache.ratis.protocol.NotLeaderException: Server 9060795c-f318-48a7-8c5f-b9c772b9291e@group-16324F4B6BD7 is not the leader 1abc736a-4830-4c4e-94c6-330cfb37cbd9:192.168.151.122:42374, logIndex=0, commits[9060795c-f318-48a7-8c5f-b9c772b9291e:c16, c79c5a76-aee4-4242-a106-dd0d04c341ff:c12, 1abc736a-4830-4c4e-94c6-330cfb37cbd9:c16]
2019-09-18 17:10:24,747 [c79c5a76-aee4-4242-a106-dd0d04c341ff@group-16324F4B6BD7-SegmentedRaftLogWorker] WARN  segmented.SegmentedRaftLogWorker (SegmentedRaftLogWorker.java:getFromFuture(90)) - Timeout 0/~
org.apache.ratis.protocol.TimeoutIOException: Timeout 10s: WriteLog:19: (t:2, i:19), STATEMACHINELOGENTRY, client-A93D41F52A29, cid=54-writeStateMachineData
	at org.apache.ratis.util.IOUtils.getFromFuture(IOUtils.java:87)
	at org.apache.ratis.server.raftlog.segmented.SegmentedRaftLogWorker$StateMachineDataPolicy.getFromFuture(SegmentedRaftLogWorker.java:87)
	at org.apache.ratis.server.raftlog.segmented.SegmentedRaftLogWorker$WriteLog.execute(SegmentedRaftLogWorker.java:477)
	at org.apache.ratis.server.raftlog.segmented.SegmentedRaftLogWorker.run(SegmentedRaftLogWorker.java:289)
	at java.lang.Thread.run(Thread.java:748)
Caused by: java.util.concurrent.TimeoutException
	at java.util.concurrent.CompletableFuture.timedGet(CompletableFuture.java:1771)
	at java.util.concurrent.CompletableFuture.get(CompletableFuture.java:1915)
	at org.apache.ratis.util.IOUtils.getFromFuture(IOUtils.java:79)
	... 4 more
2019-09-18 17:10:25,116 [java.util.concurrent.ThreadPoolExecutor$Worker@3640334d[State = -1, empty queue]] WARN  server.GrpcLogAppender (GrpcLogAppender.java:timeoutAppendRequest(200)) - 96f0c9f3-2286-484a-8caa-cc6cff81bf3d@group-A40D0514C021->b4ae2fc6-33d9-4c1f-ba2b-766eed3c72c1-GrpcLogAppender: appendEntries Timeout, request=96f0c9f3-2286-484a-8caa-cc6cff81bf3d->b4ae2fc6-33d9-4c1f-ba2b-766eed3c72c1#85-t2, previous=(t:2, i:20), leaderCommit=16, initializing? false, entries: <empty>
2019-09-18 17:10:25,132 [grpc-default-executor-5] WARN  server.GrpcLogAppender (LogUtils.java:warn(134)) - 96f0c9f3-2286-484a-8caa-cc6cff81bf3d@group-A40D0514C021->4807b144-2c85-4659-8a46-71684e6faffd-AppendLogResponseHandler: Failed appendEntries: org.apache.ratis.thirdparty.io.grpc.StatusRuntimeException: UNAVAILABLE: io exception
2019-09-18 17:10:25,135 [grpc-default-executor-5] INFO  impl.FollowerInfo (FollowerInfo.java:lambda$new$0(51)) - 96f0c9f3-2286-484a-8caa-cc6cff81bf3d@group-A40D0514C021->4807b144-2c85-4659-8a46-71684e6faffd: nextIndex: updateUnconditionally 0 -> 0
2019-09-18 17:10:25,138 [java.util.concurrent.ThreadPoolExecutor$Worker@5edbee1f[State = -1, empty queue]] WARN  server.GrpcLogAppender (GrpcLogAppender.java:timeoutAppendRequest(200)) - 1abc736a-4830-4c4e-94c6-330cfb37cbd9@group-16324F4B6BD7->9060795c-f318-48a7-8c5f-b9c772b9291e-GrpcLogAppender: appendEntries Timeout, request=1abc736a-4830-4c4e-94c6-330cfb37cbd9->9060795c-f318-48a7-8c5f-b9c772b9291e#84-t2, previous=(t:2, i:20), leaderCommit=16, initializing? false, entries: <empty>
2019-09-18 17:10:25,138 [java.util.concurrent.ThreadPoolExecutor$Worker@30253f2e[State = -1, empty queue]] WARN  server.GrpcLogAppender (GrpcLogAppender.java:timeoutAppendRequest(200)) - 1abc736a-4830-4c4e-94c6-330cfb37cbd9@group-16324F4B6BD7->c79c5a76-aee4-4242-a106-dd0d04c341ff-GrpcLogAppender: appendEntries Timeout, request=1abc736a-4830-4c4e-94c6-330cfb37cbd9->c79c5a76-aee4-4242-a106-dd0d04c341ff#84-t2, previous=(t:2, i:20), leaderCommit=16, initializing? false, entries: <empty>
2019-09-18 17:10:25,617 [java.util.concurrent.ThreadPoolExecutor$Worker@3640334d[State = -1, empty queue]] WARN  server.GrpcLogAppender (GrpcLogAppender.java:timeoutAppendRequest(200)) - 96f0c9f3-2286-484a-8caa-cc6cff81bf3d@group-A40D0514C021->b4ae2fc6-33d9-4c1f-ba2b-766eed3c72c1-GrpcLogAppender: appendEntries Timeout, request=96f0c9f3-2286-484a-8caa-cc6cff81bf3d->b4ae2fc6-33d9-4c1f-ba2b-766eed3c72c1#86-t2, previous=(t:2, i:20), leaderCommit=16, initializing? false, entries: <empty>
2019-09-18 17:10:25,633 [grpc-default-executor-2] WARN  server.GrpcLogAppender (LogUtils.java:warn(134)) - 96f0c9f3-2286-484a-8caa-cc6cff81bf3d@group-A40D0514C021->4807b144-2c85-4659-8a46-71684e6faffd-AppendLogResponseHandler: Failed appendEntries: org.apache.ratis.thirdparty.io.grpc.StatusRuntimeException: UNAVAILABLE: io exception
2019-09-18 17:10:25,636 [grpc-default-executor-2] INFO  impl.FollowerInfo (FollowerInfo.java:lambda$new$0(51)) - 96f0c9f3-2286-484a-8caa-cc6cff81bf3d@group-A40D0514C021->4807b144-2c85-4659-8a46-71684e6faffd: nextIndex: updateUnconditionally 0 -> 0
2019-09-18 17:10:25,638 [java.util.concurrent.ThreadPoolExecutor$Worker@5edbee1f[State = -1, empty queue]] WARN  server.GrpcLogAppender (GrpcLogAppender.java:timeoutAppendRequest(200)) - 1abc736a-4830-4c4e-94c6-330cfb37cbd9@group-16324F4B6BD7->9060795c-f318-48a7-8c5f-b9c772b9291e-GrpcLogAppender: appendEntries Timeout, request=1abc736a-4830-4c4e-94c6-330cfb37cbd9->9060795c-f318-48a7-8c5f-b9c772b9291e#85-t2, previous=(t:2, i:20), leaderCommit=16, initializing? false, entries: <empty>
2019-09-18 17:10:25,638 [java.util.concurrent.ThreadPoolExecutor$Worker@30253f2e[State = -1, empty queue]] WARN  server.GrpcLogAppender (GrpcLogAppender.java:timeoutAppendRequest(200)) - 1abc736a-4830-4c4e-94c6-330cfb37cbd9@group-16324F4B6BD7->c79c5a76-aee4-4242-a106-dd0d04c341ff-GrpcLogAppender: appendEntries Timeout, request=1abc736a-4830-4c4e-94c6-330cfb37cbd9->c79c5a76-aee4-4242-a106-dd0d04c341ff#85-t2, previous=(t:2, i:20), leaderCommit=16, initializing? false, entries: <empty>
2019-09-18 17:10:26,117 [java.util.concurrent.ThreadPoolExecutor$Worker@3640334d[State = -1, empty queue]] WARN  server.GrpcLogAppender (GrpcLogAppender.java:timeoutAppendRequest(200)) - 96f0c9f3-2286-484a-8caa-cc6cff81bf3d@group-A40D0514C021->b4ae2fc6-33d9-4c1f-ba2b-766eed3c72c1-GrpcLogAppender: appendEntries Timeout, request=96f0c9f3-2286-484a-8caa-cc6cff81bf3d->b4ae2fc6-33d9-4c1f-ba2b-766eed3c72c1#87-t2, previous=(t:2, i:20), leaderCommit=16, initializing? false, entries: <empty>
2019-09-18 17:10:26,133 [grpc-default-executor-2] WARN  server.GrpcLogAppender (LogUtils.java:warn(134)) - 96f0c9f3-2286-484a-8caa-cc6cff81bf3d@group-A40D0514C021->4807b144-2c85-4659-8a46-71684e6faffd-AppendLogResponseHandler: Failed appendEntries: org.apache.ratis.thirdparty.io.grpc.StatusRuntimeException: UNAVAILABLE: io exception
2019-09-18 17:10:26,148 [java.util.concurrent.ThreadPoolExecutor$Worker@5edbee1f[State = -1, empty queue]] WARN  server.GrpcLogAppender (GrpcLogAppender.java:timeoutAppendRequest(200)) - 1abc736a-4830-4c4e-94c6-330cfb37cbd9@group-16324F4B6BD7->9060795c-f318-48a7-8c5f-b9c772b9291e-GrpcLogAppender: appendEntries Timeout, request=1abc736a-4830-4c4e-94c6-330cfb37cbd9->9060795c-f318-48a7-8c5f-b9c772b9291e#86-t2, previous=(t:2, i:20), leaderCommit=16, initializing? false, entries: <empty>
2019-09-18 17:10:26,148 [java.util.concurrent.ThreadPoolExecutor$Worker@30253f2e[State = -1, empty queue]] WARN  server.GrpcLogAppender (GrpcLogAppender.java:timeoutAppendRequest(200)) - 1abc736a-4830-4c4e-94c6-330cfb37cbd9@group-16324F4B6BD7->c79c5a76-aee4-4242-a106-dd0d04c341ff-GrpcLogAppender: appendEntries Timeout, request=1abc736a-4830-4c4e-94c6-330cfb37cbd9->c79c5a76-aee4-4242-a106-dd0d04c341ff#86-t2, previous=(t:2, i:20), leaderCommit=16, initializing? false, entries: <empty>
2019-09-18 17:10:26,148 [grpc-default-executor-2] INFO  impl.FollowerInfo (FollowerInfo.java:lambda$new$0(51)) - 96f0c9f3-2286-484a-8caa-cc6cff81bf3d@group-A40D0514C021->4807b144-2c85-4659-8a46-71684e6faffd: nextIndex: updateUnconditionally 0 -> 0
2019-09-18 17:10:26,618 [java.util.concurrent.ThreadPoolExecutor$Worker@3640334d[State = -1, empty queue]] WARN  server.GrpcLogAppender (GrpcLogAppender.java:timeoutAppendRequest(200)) - 96f0c9f3-2286-484a-8caa-cc6cff81bf3d@group-A40D0514C021->b4ae2fc6-33d9-4c1f-ba2b-766eed3c72c1-GrpcLogAppender: appendEntries Timeout, request=96f0c9f3-2286-484a-8caa-cc6cff81bf3d->b4ae2fc6-33d9-4c1f-ba2b-766eed3c72c1#88-t2, previous=(t:2, i:20), leaderCommit=16, initializing? false, entries: <empty>
2019-09-18 17:10:26,635 [grpc-default-executor-0] WARN  server.GrpcLogAppender (LogUtils.java:warn(134)) - 96f0c9f3-2286-484a-8caa-cc6cff81bf3d@group-A40D0514C021->4807b144-2c85-4659-8a46-71684e6faffd-AppendLogResponseHandler: Failed appendEntries: org.apache.ratis.thirdparty.io.grpc.StatusRuntimeException: UNAVAILABLE: io exception
2019-09-18 17:10:26,635 [grpc-default-executor-0] INFO  impl.FollowerInfo (FollowerInfo.java:lambda$new$0(51)) - 96f0c9f3-2286-484a-8caa-cc6cff81bf3d@group-A40D0514C021->4807b144-2c85-4659-8a46-71684e6faffd: nextIndex: updateUnconditionally 0 -> 0
2019-09-18 17:10:26,638 [java.util.concurrent.ThreadPoolExecutor$Worker@30253f2e[State = -1, empty queue]] WARN  server.GrpcLogAppender (GrpcLogAppender.java:timeoutAppendRequest(200)) - 1abc736a-4830-4c4e-94c6-330cfb37cbd9@group-16324F4B6BD7->c79c5a76-aee4-4242-a106-dd0d04c341ff-GrpcLogAppender: appendEntries Timeout, request=1abc736a-4830-4c4e-94c6-330cfb37cbd9->c79c5a76-aee4-4242-a106-dd0d04c341ff#87-t2, previous=(t:2, i:20), leaderCommit=16, initializing? false, entries: <empty>
2019-09-18 17:10:26,639 [java.util.concurrent.ThreadPoolExecutor$Worker@5edbee1f[State = -1, empty queue]] WARN  server.GrpcLogAppender (GrpcLogAppender.java:timeoutAppendRequest(200)) - 1abc736a-4830-4c4e-94c6-330cfb37cbd9@group-16324F4B6BD7->9060795c-f318-48a7-8c5f-b9c772b9291e-GrpcLogAppender: appendEntries Timeout, request=1abc736a-4830-4c4e-94c6-330cfb37cbd9->9060795c-f318-48a7-8c5f-b9c772b9291e#87-t2, previous=(t:2, i:20), leaderCommit=16, initializing? false, entries: <empty>
2019-09-18 17:10:27,119 [java.util.concurrent.ThreadPoolExecutor$Worker@3640334d[State = -1, empty queue]] WARN  server.GrpcLogAppender (GrpcLogAppender.java:timeoutAppendRequest(200)) - 96f0c9f3-2286-484a-8caa-cc6cff81bf3d@group-A40D0514C021->b4ae2fc6-33d9-4c1f-ba2b-766eed3c72c1-GrpcLogAppender: appendEntries Timeout, request=96f0c9f3-2286-484a-8caa-cc6cff81bf3d->b4ae2fc6-33d9-4c1f-ba2b-766eed3c72c1#89-t2, previous=(t:2, i:20), leaderCommit=16, initializing? false, entries: <empty>
2019-09-18 17:10:27,136 [grpc-default-executor-0] WARN  server.GrpcLogAppender (LogUtils.java:warn(134)) - 96f0c9f3-2286-484a-8caa-cc6cff81bf3d@group-A40D0514C021->4807b144-2c85-4659-8a46-71684e6faffd-AppendLogResponseHandler: Failed appendEntries: org.apache.ratis.thirdparty.io.grpc.StatusRuntimeException: UNAVAILABLE: io exception
2019-09-18 17:10:27,137 [grpc-default-executor-0] INFO  impl.FollowerInfo (FollowerInfo.java:lambda$new$0(51)) - 96f0c9f3-2286-484a-8caa-cc6cff81bf3d@group-A40D0514C021->4807b144-2c85-4659-8a46-71684e6faffd: nextIndex: updateUnconditionally 0 -> 0
2019-09-18 17:10:27,160 [java.util.concurrent.ThreadPoolExecutor$Worker@5edbee1f[State = -1, empty queue]] WARN  server.GrpcLogAppender (GrpcLogAppender.java:timeoutAppendRequest(200)) - 1abc736a-4830-4c4e-94c6-330cfb37cbd9@group-16324F4B6BD7->9060795c-f318-48a7-8c5f-b9c772b9291e-GrpcLogAppender: appendEntries Timeout, request=1abc736a-4830-4c4e-94c6-330cfb37cbd9->9060795c-f318-48a7-8c5f-b9c772b9291e#88-t2, previous=(t:2, i:20), leaderCommit=16, initializing? false, entries: <empty>
2019-09-18 17:10:27,160 [java.util.concurrent.ThreadPoolExecutor$Worker@30253f2e[State = -1, empty queue]] WARN  server.GrpcLogAppender (GrpcLogAppender.java:timeoutAppendRequest(200)) - 1abc736a-4830-4c4e-94c6-330cfb37cbd9@group-16324F4B6BD7->c79c5a76-aee4-4242-a106-dd0d04c341ff-GrpcLogAppender: appendEntries Timeout, request=1abc736a-4830-4c4e-94c6-330cfb37cbd9->c79c5a76-aee4-4242-a106-dd0d04c341ff#88-t2, previous=(t:2, i:20), leaderCommit=16, initializing? false, entries: <empty>
2019-09-18 17:10:27,619 [java.util.concurrent.ThreadPoolExecutor$Worker@3640334d[State = -1, empty queue]] WARN  server.GrpcLogAppender (GrpcLogAppender.java:timeoutAppendRequest(200)) - 96f0c9f3-2286-484a-8caa-cc6cff81bf3d@group-A40D0514C021->b4ae2fc6-33d9-4c1f-ba2b-766eed3c72c1-GrpcLogAppender: appendEntries Timeout, request=96f0c9f3-2286-484a-8caa-cc6cff81bf3d->b4ae2fc6-33d9-4c1f-ba2b-766eed3c72c1#90-t2, previous=(t:2, i:20), leaderCommit=16, initializing? false, entries: <empty>
2019-09-18 17:10:27,638 [grpc-default-executor-5] WARN  server.GrpcLogAppender (LogUtils.java:warn(134)) - 96f0c9f3-2286-484a-8caa-cc6cff81bf3d@group-A40D0514C021->4807b144-2c85-4659-8a46-71684e6faffd-AppendLogResponseHandler: Failed appendEntries: org.apache.ratis.thirdparty.io.grpc.StatusRuntimeException: UNAVAILABLE: io exception
2019-09-18 17:10:27,638 [grpc-default-executor-5] INFO  impl.FollowerInfo (FollowerInfo.java:lambda$new$0(51)) - 96f0c9f3-2286-484a-8caa-cc6cff81bf3d@group-A40D0514C021->4807b144-2c85-4659-8a46-71684e6faffd: nextIndex: updateUnconditionally 0 -> 0
2019-09-18 17:10:27,660 [java.util.concurrent.ThreadPoolExecutor$Worker@5edbee1f[State = -1, empty queue]] WARN  server.GrpcLogAppender (GrpcLogAppender.java:timeoutAppendRequest(200)) - 1abc736a-4830-4c4e-94c6-330cfb37cbd9@group-16324F4B6BD7->9060795c-f318-48a7-8c5f-b9c772b9291e-GrpcLogAppender: appendEntries Timeout, request=1abc736a-4830-4c4e-94c6-330cfb37cbd9->9060795c-f318-48a7-8c5f-b9c772b9291e#89-t2, previous=(t:2, i:20), leaderCommit=16, initializing? false, entries: <empty>
2019-09-18 17:10:27,660 [java.util.concurrent.ThreadPoolExecutor$Worker@30253f2e[State = -1, empty queue]] WARN  server.GrpcLogAppender (GrpcLogAppender.java:timeoutAppendRequest(200)) - 1abc736a-4830-4c4e-94c6-330cfb37cbd9@group-16324F4B6BD7->c79c5a76-aee4-4242-a106-dd0d04c341ff-GrpcLogAppender: appendEntries Timeout, request=1abc736a-4830-4c4e-94c6-330cfb37cbd9->c79c5a76-aee4-4242-a106-dd0d04c341ff#89-t2, previous=(t:2, i:20), leaderCommit=16, initializing? false, entries: <empty>
2019-09-18 17:10:28,119 [java.util.concurrent.ThreadPoolExecutor$Worker@3640334d[State = -1, empty queue]] WARN  server.GrpcLogAppender (GrpcLogAppender.java:timeoutAppendRequest(200)) - 96f0c9f3-2286-484a-8caa-cc6cff81bf3d@group-A40D0514C021->b4ae2fc6-33d9-4c1f-ba2b-766eed3c72c1-GrpcLogAppender: appendEntries Timeout, request=96f0c9f3-2286-484a-8caa-cc6cff81bf3d->b4ae2fc6-33d9-4c1f-ba2b-766eed3c72c1#91-t2, previous=(t:2, i:20), leaderCommit=16, initializing? false, entries: <empty>
2019-09-18 17:10:28,138 [grpc-default-executor-2] WARN  server.GrpcLogAppender (LogUtils.java:warn(134)) - 96f0c9f3-2286-484a-8caa-cc6cff81bf3d@group-A40D0514C021->4807b144-2c85-4659-8a46-71684e6faffd-AppendLogResponseHandler: Failed appendEntries: org.apache.ratis.thirdparty.io.grpc.StatusRuntimeException: UNAVAILABLE: io exception
2019-09-18 17:10:28,139 [grpc-default-executor-2] INFO  impl.FollowerInfo (FollowerInfo.java:lambda$new$0(51)) - 96f0c9f3-2286-484a-8caa-cc6cff81bf3d@group-A40D0514C021->4807b144-2c85-4659-8a46-71684e6faffd: nextIndex: updateUnconditionally 0 -> 0
2019-09-18 17:10:28,161 [java.util.concurrent.ThreadPoolExecutor$Worker@5edbee1f[State = -1, empty queue]] WARN  server.GrpcLogAppender (GrpcLogAppender.java:timeoutAppendRequest(200)) - 1abc736a-4830-4c4e-94c6-330cfb37cbd9@group-16324F4B6BD7->9060795c-f318-48a7-8c5f-b9c772b9291e-GrpcLogAppender: appendEntries Timeout, request=1abc736a-4830-4c4e-94c6-330cfb37cbd9->9060795c-f318-48a7-8c5f-b9c772b9291e#90-t2, previous=(t:2, i:20), leaderCommit=16, initializing? false, entries: <empty>
2019-09-18 17:10:28,161 [java.util.concurrent.ThreadPoolExecutor$Worker@30253f2e[State = -1, empty queue]] WARN  server.GrpcLogAppender (GrpcLogAppender.java:timeoutAppendRequest(200)) - 1abc736a-4830-4c4e-94c6-330cfb37cbd9@group-16324F4B6BD7->c79c5a76-aee4-4242-a106-dd0d04c341ff-GrpcLogAppender: appendEntries Timeout, request=1abc736a-4830-4c4e-94c6-330cfb37cbd9->c79c5a76-aee4-4242-a106-dd0d04c341ff#90-t2, previous=(t:2, i:20), leaderCommit=16, initializing? false, entries: <empty>
2019-09-18 17:10:28,620 [java.util.concurrent.ThreadPoolExecutor$Worker@3640334d[State = -1, empty queue]] WARN  server.GrpcLogAppender (GrpcLogAppender.java:timeoutAppendRequest(200)) - 96f0c9f3-2286-484a-8caa-cc6cff81bf3d@group-A40D0514C021->b4ae2fc6-33d9-4c1f-ba2b-766eed3c72c1-GrpcLogAppender: appendEntries Timeout, request=96f0c9f3-2286-484a-8caa-cc6cff81bf3d->b4ae2fc6-33d9-4c1f-ba2b-766eed3c72c1#92-t2, previous=(t:2, i:20), leaderCommit=16, initializing? false, entries: <empty>
2019-09-18 17:10:28,639 [grpc-default-executor-5] WARN  server.GrpcLogAppender (LogUtils.java:warn(134)) - 96f0c9f3-2286-484a-8caa-cc6cff81bf3d@group-A40D0514C021->4807b144-2c85-4659-8a46-71684e6faffd-AppendLogResponseHandler: Failed appendEntries: org.apache.ratis.thirdparty.io.grpc.StatusRuntimeException: UNAVAILABLE: io exception
2019-09-18 17:10:28,639 [grpc-default-executor-5] INFO  impl.FollowerInfo (FollowerInfo.java:lambda$new$0(51)) - 96f0c9f3-2286-484a-8caa-cc6cff81bf3d@group-A40D0514C021->4807b144-2c85-4659-8a46-71684e6faffd: nextIndex: updateUnconditionally 0 -> 0
2019-09-18 17:10:28,661 [java.util.concurrent.ThreadPoolExecutor$Worker@5edbee1f[State = -1, empty queue]] WARN  server.GrpcLogAppender (GrpcLogAppender.java:timeoutAppendRequest(200)) - 1abc736a-4830-4c4e-94c6-330cfb37cbd9@group-16324F4B6BD7->9060795c-f318-48a7-8c5f-b9c772b9291e-GrpcLogAppender: appendEntries Timeout, request=1abc736a-4830-4c4e-94c6-330cfb37cbd9->9060795c-f318-48a7-8c5f-b9c772b9291e#91-t2, previous=(t:2, i:20), leaderCommit=16, initializing? false, entries: <empty>
2019-09-18 17:10:28,661 [java.util.concurrent.ThreadPoolExecutor$Worker@30253f2e[State = -1, empty queue]] WARN  server.GrpcLogAppender (GrpcLogAppender.java:timeoutAppendRequest(200)) - 1abc736a-4830-4c4e-94c6-330cfb37cbd9@group-16324F4B6BD7->c79c5a76-aee4-4242-a106-dd0d04c341ff-GrpcLogAppender: appendEntries Timeout, request=1abc736a-4830-4c4e-94c6-330cfb37cbd9->c79c5a76-aee4-4242-a106-dd0d04c341ff#91-t2, previous=(t:2, i:20), leaderCommit=16, initializing? false, entries: <empty>
2019-09-18 17:10:29,120 [java.util.concurrent.ThreadPoolExecutor$Worker@3640334d[State = -1, empty queue]] WARN  server.GrpcLogAppender (GrpcLogAppender.java:timeoutAppendRequest(200)) - 96f0c9f3-2286-484a-8caa-cc6cff81bf3d@group-A40D0514C021->b4ae2fc6-33d9-4c1f-ba2b-766eed3c72c1-GrpcLogAppender: appendEntries Timeout, request=96f0c9f3-2286-484a-8caa-cc6cff81bf3d->b4ae2fc6-33d9-4c1f-ba2b-766eed3c72c1#93-t2, previous=(t:2, i:20), leaderCommit=16, initializing? false, entries: <empty>
2019-09-18 17:10:29,140 [grpc-default-executor-2] WARN  server.GrpcLogAppender (LogUtils.java:warn(134)) - 96f0c9f3-2286-484a-8caa-cc6cff81bf3d@group-A40D0514C021->4807b144-2c85-4659-8a46-71684e6faffd-AppendLogResponseHandler: Failed appendEntries: org.apache.ratis.thirdparty.io.grpc.StatusRuntimeException: UNAVAILABLE: io exception
2019-09-18 17:10:29,141 [grpc-default-executor-2] INFO  impl.FollowerInfo (FollowerInfo.java:lambda$new$0(51)) - 96f0c9f3-2286-484a-8caa-cc6cff81bf3d@group-A40D0514C021->4807b144-2c85-4659-8a46-71684e6faffd: nextIndex: updateUnconditionally 0 -> 0
2019-09-18 17:10:29,161 [java.util.concurrent.ThreadPoolExecutor$Worker@30253f2e[State = -1, empty queue]] WARN  server.GrpcLogAppender (GrpcLogAppender.java:timeoutAppendRequest(200)) - 1abc736a-4830-4c4e-94c6-330cfb37cbd9@group-16324F4B6BD7->c79c5a76-aee4-4242-a106-dd0d04c341ff-GrpcLogAppender: appendEntries Timeout, request=1abc736a-4830-4c4e-94c6-330cfb37cbd9->c79c5a76-aee4-4242-a106-dd0d04c341ff#92-t2, previous=(t:2, i:20), leaderCommit=16, initializing? false, entries: <empty>
2019-09-18 17:10:29,161 [java.util.concurrent.ThreadPoolExecutor$Worker@5edbee1f[State = -1, empty queue]] WARN  server.GrpcLogAppender (GrpcLogAppender.java:timeoutAppendRequest(200)) - 1abc736a-4830-4c4e-94c6-330cfb37cbd9@group-16324F4B6BD7->9060795c-f318-48a7-8c5f-b9c772b9291e-GrpcLogAppender: appendEntries Timeout, request=1abc736a-4830-4c4e-94c6-330cfb37cbd9->9060795c-f318-48a7-8c5f-b9c772b9291e#92-t2, previous=(t:2, i:20), leaderCommit=16, initializing? false, entries: <empty>
2019-09-18 17:10:29,621 [java.util.concurrent.ThreadPoolExecutor$Worker@3640334d[State = -1, empty queue]] WARN  server.GrpcLogAppender (GrpcLogAppender.java:timeoutAppendRequest(200)) - 96f0c9f3-2286-484a-8caa-cc6cff81bf3d@group-A40D0514C021->b4ae2fc6-33d9-4c1f-ba2b-766eed3c72c1-GrpcLogAppender: appendEntries Timeout, request=96f0c9f3-2286-484a-8caa-cc6cff81bf3d->b4ae2fc6-33d9-4c1f-ba2b-766eed3c72c1#94-t2, previous=(t:2, i:20), leaderCommit=16, initializing? false, entries: <empty>
2019-09-18 17:10:29,642 [grpc-default-executor-5] WARN  server.GrpcLogAppender (LogUtils.java:warn(134)) - 96f0c9f3-2286-484a-8caa-cc6cff81bf3d@group-A40D0514C021->4807b144-2c85-4659-8a46-71684e6faffd-AppendLogResponseHandler: Failed appendEntries: org.apache.ratis.thirdparty.io.grpc.StatusRuntimeException: UNAVAILABLE: io exception
2019-09-18 17:10:29,643 [grpc-default-executor-5] INFO  impl.FollowerInfo (FollowerInfo.java:lambda$new$0(51)) - 96f0c9f3-2286-484a-8caa-cc6cff81bf3d@group-A40D0514C021->4807b144-2c85-4659-8a46-71684e6faffd: nextIndex: updateUnconditionally 0 -> 0
2019-09-18 17:10:29,661 [java.util.concurrent.ThreadPoolExecutor$Worker@30253f2e[State = -1, empty queue]] WARN  server.GrpcLogAppender (GrpcLogAppender.java:timeoutAppendRequest(200)) - 1abc736a-4830-4c4e-94c6-330cfb37cbd9@group-16324F4B6BD7->c79c5a76-aee4-4242-a106-dd0d04c341ff-GrpcLogAppender: appendEntries Timeout, request=1abc736a-4830-4c4e-94c6-330cfb37cbd9->c79c5a76-aee4-4242-a106-dd0d04c341ff#93-t2, previous=(t:2, i:20), leaderCommit=16, initializing? false, entries: <empty>
2019-09-18 17:10:29,662 [java.util.concurrent.ThreadPoolExecutor$Worker@5edbee1f[State = -1, empty queue]] WARN  server.GrpcLogAppender (GrpcLogAppender.java:timeoutAppendRequest(200)) - 1abc736a-4830-4c4e-94c6-330cfb37cbd9@group-16324F4B6BD7->9060795c-f318-48a7-8c5f-b9c772b9291e-GrpcLogAppender: appendEntries Timeout, request=1abc736a-4830-4c4e-94c6-330cfb37cbd9->9060795c-f318-48a7-8c5f-b9c772b9291e#93-t2, previous=(t:2, i:20), leaderCommit=16, initializing? false, entries: <empty>
2019-09-18 17:10:29,752 [grpc-default-executor-2] INFO  client.GrpcClientProtocolClient (GrpcClientProtocolClient.java:onNext(264)) - client-A93D41F52A29->9060795c-f318-48a7-8c5f-b9c772b9291e: receive RaftClientReply:client-A93D41F52A29->9060795c-f318-48a7-8c5f-b9c772b9291e@group-16324F4B6BD7, cid=52, FAILED org.apache.ratis.protocol.NotLeaderException: Server 9060795c-f318-48a7-8c5f-b9c772b9291e@group-16324F4B6BD7 is not the leader 1abc736a-4830-4c4e-94c6-330cfb37cbd9:192.168.151.122:42374, logIndex=0, commits[9060795c-f318-48a7-8c5f-b9c772b9291e:c16, c79c5a76-aee4-4242-a106-dd0d04c341ff:c12, 1abc736a-4830-4c4e-94c6-330cfb37cbd9:c16]
2019-09-18 17:10:30,121 [java.util.concurrent.ThreadPoolExecutor$Worker@3640334d[State = -1, empty queue]] WARN  server.GrpcLogAppender (GrpcLogAppender.java:timeoutAppendRequest(200)) - 96f0c9f3-2286-484a-8caa-cc6cff81bf3d@group-A40D0514C021->b4ae2fc6-33d9-4c1f-ba2b-766eed3c72c1-GrpcLogAppender: appendEntries Timeout, request=96f0c9f3-2286-484a-8caa-cc6cff81bf3d->b4ae2fc6-33d9-4c1f-ba2b-766eed3c72c1#95-t2, previous=(t:2, i:20), leaderCommit=16, initializing? false, entries: <empty>
2019-09-18 17:10:30,142 [grpc-default-executor-2] WARN  server.GrpcLogAppender (LogUtils.java:warn(134)) - 96f0c9f3-2286-484a-8caa-cc6cff81bf3d@group-A40D0514C021->4807b144-2c85-4659-8a46-71684e6faffd-AppendLogResponseHandler: Failed appendEntries: org.apache.ratis.thirdparty.io.grpc.StatusRuntimeException: UNAVAILABLE: io exception
2019-09-18 17:10:30,145 [grpc-default-executor-2] INFO  impl.FollowerInfo (FollowerInfo.java:lambda$new$0(51)) - 96f0c9f3-2286-484a-8caa-cc6cff81bf3d@group-A40D0514C021->4807b144-2c85-4659-8a46-71684e6faffd: nextIndex: updateUnconditionally 0 -> 0
2019-09-18 17:10:30,162 [java.util.concurrent.ThreadPoolExecutor$Worker@30253f2e[State = -1, empty queue]] WARN  server.GrpcLogAppender (GrpcLogAppender.java:timeoutAppendRequest(200)) - 1abc736a-4830-4c4e-94c6-330cfb37cbd9@group-16324F4B6BD7->c79c5a76-aee4-4242-a106-dd0d04c341ff-GrpcLogAppender: appendEntries Timeout, request=1abc736a-4830-4c4e-94c6-330cfb37cbd9->c79c5a76-aee4-4242-a106-dd0d04c341ff#94-t2, previous=(t:2, i:20), leaderCommit=16, initializing? false, entries: <empty>
2019-09-18 17:10:30,162 [java.util.concurrent.ThreadPoolExecutor$Worker@5edbee1f[State = -1, empty queue]] WARN  server.GrpcLogAppender (GrpcLogAppender.java:timeoutAppendRequest(200)) - 1abc736a-4830-4c4e-94c6-330cfb37cbd9@group-16324F4B6BD7->9060795c-f318-48a7-8c5f-b9c772b9291e-GrpcLogAppender: appendEntries Timeout, request=1abc736a-4830-4c4e-94c6-330cfb37cbd9->9060795c-f318-48a7-8c5f-b9c772b9291e#94-t2, previous=(t:2, i:20), leaderCommit=16, initializing? false, entries: <empty>
2019-09-18 17:10:30,460 [b4ae2fc6-33d9-4c1f-ba2b-766eed3c72c1@group-A40D0514C021-SegmentedRaftLogWorker] WARN  segmented.SegmentedRaftLogWorker (SegmentedRaftLogWorker.java:getFromFuture(90)) - Timeout 3/~
org.apache.ratis.protocol.TimeoutIOException: Timeout 10s: WriteLog:17: (t:2, i:17), STATEMACHINELOGENTRY, client-23B55BADBE70, cid=29-writeStateMachineData
	at org.apache.ratis.util.IOUtils.getFromFuture(IOUtils.java:87)
	at org.apache.ratis.server.raftlog.segmented.SegmentedRaftLogWorker$StateMachineDataPolicy.getFromFuture(SegmentedRaftLogWorker.java:87)
	at org.apache.ratis.server.raftlog.segmented.SegmentedRaftLogWorker$WriteLog.execute(SegmentedRaftLogWorker.java:477)
	at org.apache.ratis.server.raftlog.segmented.SegmentedRaftLogWorker.run(SegmentedRaftLogWorker.java:289)
	at java.lang.Thread.run(Thread.java:748)
Caused by: java.util.concurrent.TimeoutException
	at java.util.concurrent.CompletableFuture.timedGet(CompletableFuture.java:1771)
	at java.util.concurrent.CompletableFuture.get(CompletableFuture.java:1915)
	at org.apache.ratis.util.IOUtils.getFromFuture(IOUtils.java:79)
	... 4 more
2019-09-18 17:10:30,550 [96f0c9f3-2286-484a-8caa-cc6cff81bf3d@group-A40D0514C021-SegmentedRaftLogWorker] WARN  segmented.SegmentedRaftLogWorker (SegmentedRaftLogWorker.java:getFromFuture(90)) - Timeout 3/~
org.apache.ratis.protocol.TimeoutIOException: Timeout 10s: WriteLog:19: (t:2, i:19), STATEMACHINELOGENTRY, client-23B55BADBE70, cid=31-writeStateMachineData
	at org.apache.ratis.util.IOUtils.getFromFuture(IOUtils.java:87)
	at org.apache.ratis.server.raftlog.segmented.SegmentedRaftLogWorker$StateMachineDataPolicy.getFromFuture(SegmentedRaftLogWorker.java:87)
	at org.apache.ratis.server.raftlog.segmented.SegmentedRaftLogWorker$WriteLog.execute(SegmentedRaftLogWorker.java:477)
	at org.apache.ratis.server.raftlog.segmented.SegmentedRaftLogWorker.run(SegmentedRaftLogWorker.java:289)
	at java.lang.Thread.run(Thread.java:748)
Caused by: java.util.concurrent.TimeoutException
	at java.util.concurrent.CompletableFuture.timedGet(CompletableFuture.java:1771)
	at java.util.concurrent.CompletableFuture.get(CompletableFuture.java:1915)
	at org.apache.ratis.util.IOUtils.getFromFuture(IOUtils.java:79)
	... 4 more
2019-09-18 17:10:30,621 [java.util.concurrent.ThreadPoolExecutor$Worker@3640334d[State = -1, empty queue]] WARN  server.GrpcLogAppender (GrpcLogAppender.java:timeoutAppendRequest(200)) - 96f0c9f3-2286-484a-8caa-cc6cff81bf3d@group-A40D0514C021->b4ae2fc6-33d9-4c1f-ba2b-766eed3c72c1-GrpcLogAppender: appendEntries Timeout, request=96f0c9f3-2286-484a-8caa-cc6cff81bf3d->b4ae2fc6-33d9-4c1f-ba2b-766eed3c72c1#96-t2, previous=(t:2, i:20), leaderCommit=16, initializing? false, entries: <empty>
2019-09-18 17:10:30,645 [grpc-default-executor-5] WARN  server.GrpcLogAppender (LogUtils.java:warn(134)) - 96f0c9f3-2286-484a-8caa-cc6cff81bf3d@group-A40D0514C021->4807b144-2c85-4659-8a46-71684e6faffd-AppendLogResponseHandler: Failed appendEntries: org.apache.ratis.thirdparty.io.grpc.StatusRuntimeException: UNAVAILABLE: io exception
2019-09-18 17:10:30,645 [grpc-default-executor-5] INFO  impl.FollowerInfo (FollowerInfo.java:lambda$new$0(51)) - 96f0c9f3-2286-484a-8caa-cc6cff81bf3d@group-A40D0514C021->4807b144-2c85-4659-8a46-71684e6faffd: nextIndex: updateUnconditionally 0 -> 0
2019-09-18 17:10:30,662 [java.util.concurrent.ThreadPoolExecutor$Worker@30253f2e[State = -1, empty queue]] WARN  server.GrpcLogAppender (GrpcLogAppender.java:timeoutAppendRequest(200)) - 1abc736a-4830-4c4e-94c6-330cfb37cbd9@group-16324F4B6BD7->c79c5a76-aee4-4242-a106-dd0d04c341ff-GrpcLogAppender: appendEntries Timeout, request=1abc736a-4830-4c4e-94c6-330cfb37cbd9->c79c5a76-aee4-4242-a106-dd0d04c341ff#95-t2, previous=(t:2, i:20), leaderCommit=16, initializing? false, entries: <empty>
2019-09-18 17:10:30,662 [java.util.concurrent.ThreadPoolExecutor$Worker@5edbee1f[State = -1, empty queue]] WARN  server.GrpcLogAppender (GrpcLogAppender.java:timeoutAppendRequest(200)) - 1abc736a-4830-4c4e-94c6-330cfb37cbd9@group-16324F4B6BD7->9060795c-f318-48a7-8c5f-b9c772b9291e-GrpcLogAppender: appendEntries Timeout, request=1abc736a-4830-4c4e-94c6-330cfb37cbd9->9060795c-f318-48a7-8c5f-b9c772b9291e#95-t2, previous=(t:2, i:20), leaderCommit=16, initializing? false, entries: <empty>
2019-09-18 17:10:31,122 [java.util.concurrent.ThreadPoolExecutor$Worker@3640334d[State = -1, empty queue]] WARN  server.GrpcLogAppender (GrpcLogAppender.java:timeoutAppendRequest(200)) - 96f0c9f3-2286-484a-8caa-cc6cff81bf3d@group-A40D0514C021->b4ae2fc6-33d9-4c1f-ba2b-766eed3c72c1-GrpcLogAppender: appendEntries Timeout, request=96f0c9f3-2286-484a-8caa-cc6cff81bf3d->b4ae2fc6-33d9-4c1f-ba2b-766eed3c72c1#97-t2, previous=(t:2, i:20), leaderCommit=16, initializing? false, entries: <empty>
2019-09-18 17:10:31,155 [grpc-default-executor-0] WARN  server.GrpcLogAppender (LogUtils.java:warn(134)) - 96f0c9f3-2286-484a-8caa-cc6cff81bf3d@group-A40D0514C021->4807b144-2c85-4659-8a46-71684e6faffd-AppendLogResponseHandler: Failed appendEntries: org.apache.ratis.thirdparty.io.grpc.StatusRuntimeException: UNAVAILABLE: io exception
2019-09-18 17:10:31,156 [grpc-default-executor-0] INFO  impl.FollowerInfo (FollowerInfo.java:lambda$new$0(51)) - 96f0c9f3-2286-484a-8caa-cc6cff81bf3d@group-A40D0514C021->4807b144-2c85-4659-8a46-71684e6faffd: nextIndex: updateUnconditionally 0 -> 0
2019-09-18 17:10:31,162 [java.util.concurrent.ThreadPoolExecutor$Worker@30253f2e[State = -1, empty queue]] WARN  server.GrpcLogAppender (GrpcLogAppender.java:timeoutAppendRequest(200)) - 1abc736a-4830-4c4e-94c6-330cfb37cbd9@group-16324F4B6BD7->c79c5a76-aee4-4242-a106-dd0d04c341ff-GrpcLogAppender: appendEntries Timeout, request=1abc736a-4830-4c4e-94c6-330cfb37cbd9->c79c5a76-aee4-4242-a106-dd0d04c341ff#96-t2, previous=(t:2, i:20), leaderCommit=16, initializing? false, entries: <empty>
2019-09-18 17:10:31,162 [java.util.concurrent.ThreadPoolExecutor$Worker@5edbee1f[State = -1, empty queue]] WARN  server.GrpcLogAppender (GrpcLogAppender.java:timeoutAppendRequest(200)) - 1abc736a-4830-4c4e-94c6-330cfb37cbd9@group-16324F4B6BD7->9060795c-f318-48a7-8c5f-b9c772b9291e-GrpcLogAppender: appendEntries Timeout, request=1abc736a-4830-4c4e-94c6-330cfb37cbd9->9060795c-f318-48a7-8c5f-b9c772b9291e#96-t2, previous=(t:2, i:20), leaderCommit=16, initializing? false, entries: <empty>
2019-09-18 17:10:31,623 [java.util.concurrent.ThreadPoolExecutor$Worker@3640334d[State = -1, empty queue]] WARN  server.GrpcLogAppender (GrpcLogAppender.java:timeoutAppendRequest(200)) - 96f0c9f3-2286-484a-8caa-cc6cff81bf3d@group-A40D0514C021->b4ae2fc6-33d9-4c1f-ba2b-766eed3c72c1-GrpcLogAppender: appendEntries Timeout, request=96f0c9f3-2286-484a-8caa-cc6cff81bf3d->b4ae2fc6-33d9-4c1f-ba2b-766eed3c72c1#98-t2, previous=(t:2, i:20), leaderCommit=16, initializing? false, entries: <empty>
2019-09-18 17:10:31,646 [grpc-default-executor-2] WARN  server.GrpcLogAppender (LogUtils.java:warn(134)) - 96f0c9f3-2286-484a-8caa-cc6cff81bf3d@group-A40D0514C021->4807b144-2c85-4659-8a46-71684e6faffd-AppendLogResponseHandler: Failed appendEntries: org.apache.ratis.thirdparty.io.grpc.StatusRuntimeException: UNAVAILABLE: io exception
2019-09-18 17:10:31,646 [grpc-default-executor-2] INFO  impl.FollowerInfo (FollowerInfo.java:lambda$new$0(51)) - 96f0c9f3-2286-484a-8caa-cc6cff81bf3d@group-A40D0514C021->4807b144-2c85-4659-8a46-71684e6faffd: nextIndex: updateUnconditionally 0 -> 0
2019-09-18 17:10:31,662 [java.util.concurrent.ThreadPoolExecutor$Worker@30253f2e[State = -1, empty queue]] WARN  server.GrpcLogAppender (GrpcLogAppender.java:timeoutAppendRequest(200)) - 1abc736a-4830-4c4e-94c6-330cfb37cbd9@group-16324F4B6BD7->c79c5a76-aee4-4242-a106-dd0d04c341ff-GrpcLogAppender: appendEntries Timeout, request=1abc736a-4830-4c4e-94c6-330cfb37cbd9->c79c5a76-aee4-4242-a106-dd0d04c341ff#97-t2, previous=(t:2, i:20), leaderCommit=16, initializing? false, entries: <empty>
2019-09-18 17:10:31,663 [java.util.concurrent.ThreadPoolExecutor$Worker@5edbee1f[State = -1, empty queue]] WARN  server.GrpcLogAppender (GrpcLogAppender.java:timeoutAppendRequest(200)) - 1abc736a-4830-4c4e-94c6-330cfb37cbd9@group-16324F4B6BD7->9060795c-f318-48a7-8c5f-b9c772b9291e-GrpcLogAppender: appendEntries Timeout, request=1abc736a-4830-4c4e-94c6-330cfb37cbd9->9060795c-f318-48a7-8c5f-b9c772b9291e#97-t2, previous=(t:2, i:20), leaderCommit=16, initializing? false, entries: <empty>
2019-09-18 17:10:32,123 [java.util.concurrent.ThreadPoolExecutor$Worker@3640334d[State = -1, empty queue]] WARN  server.GrpcLogAppender (GrpcLogAppender.java:timeoutAppendRequest(200)) - 96f0c9f3-2286-484a-8caa-cc6cff81bf3d@group-A40D0514C021->b4ae2fc6-33d9-4c1f-ba2b-766eed3c72c1-GrpcLogAppender: appendEntries Timeout, request=96f0c9f3-2286-484a-8caa-cc6cff81bf3d->b4ae2fc6-33d9-4c1f-ba2b-766eed3c72c1#99-t2, previous=(t:2, i:20), leaderCommit=16, initializing? false, entries: <empty>
2019-09-18 17:10:32,147 [grpc-default-executor-5] WARN  server.GrpcLogAppender (LogUtils.java:warn(134)) - 96f0c9f3-2286-484a-8caa-cc6cff81bf3d@group-A40D0514C021->4807b144-2c85-4659-8a46-71684e6faffd-AppendLogResponseHandler: Failed appendEntries: org.apache.ratis.thirdparty.io.grpc.StatusRuntimeException: UNAVAILABLE: io exception
2019-09-18 17:10:32,147 [grpc-default-executor-5] INFO  impl.FollowerInfo (FollowerInfo.java:lambda$new$0(51)) - 96f0c9f3-2286-484a-8caa-cc6cff81bf3d@group-A40D0514C021->4807b144-2c85-4659-8a46-71684e6faffd: nextIndex: updateUnconditionally 0 -> 0
2019-09-18 17:10:32,163 [java.util.concurrent.ThreadPoolExecutor$Worker@30253f2e[State = -1, empty queue]] WARN  server.GrpcLogAppender (GrpcLogAppender.java:timeoutAppendRequest(200)) - 1abc736a-4830-4c4e-94c6-330cfb37cbd9@group-16324F4B6BD7->c79c5a76-aee4-4242-a106-dd0d04c341ff-GrpcLogAppender: appendEntries Timeout, request=1abc736a-4830-4c4e-94c6-330cfb37cbd9->c79c5a76-aee4-4242-a106-dd0d04c341ff#98-t2, previous=(t:2, i:20), leaderCommit=16, initializing? false, entries: <empty>
2019-09-18 17:10:32,163 [java.util.concurrent.ThreadPoolExecutor$Worker@5edbee1f[State = -1, empty queue]] WARN  server.GrpcLogAppender (GrpcLogAppender.java:timeoutAppendRequest(200)) - 1abc736a-4830-4c4e-94c6-330cfb37cbd9@group-16324F4B6BD7->9060795c-f318-48a7-8c5f-b9c772b9291e-GrpcLogAppender: appendEntries Timeout, request=1abc736a-4830-4c4e-94c6-330cfb37cbd9->9060795c-f318-48a7-8c5f-b9c772b9291e#98-t2, previous=(t:2, i:20), leaderCommit=16, initializing? false, entries: <empty>
2019-09-18 17:10:32,624 [java.util.concurrent.ThreadPoolExecutor$Worker@3640334d[State = -1, empty queue]] WARN  server.GrpcLogAppender (GrpcLogAppender.java:timeoutAppendRequest(200)) - 96f0c9f3-2286-484a-8caa-cc6cff81bf3d@group-A40D0514C021->b4ae2fc6-33d9-4c1f-ba2b-766eed3c72c1-GrpcLogAppender: appendEntries Timeout, request=96f0c9f3-2286-484a-8caa-cc6cff81bf3d->b4ae2fc6-33d9-4c1f-ba2b-766eed3c72c1#100-t2, previous=(t:2, i:20), leaderCommit=16, initializing? false, entries: <empty>
2019-09-18 17:10:32,648 [grpc-default-executor-5] WARN  server.GrpcLogAppender (LogUtils.java:warn(134)) - 96f0c9f3-2286-484a-8caa-cc6cff81bf3d@group-A40D0514C021->4807b144-2c85-4659-8a46-71684e6faffd-AppendLogResponseHandler: Failed appendEntries: org.apache.ratis.thirdparty.io.grpc.StatusRuntimeException: UNAVAILABLE: io exception
2019-09-18 17:10:32,649 [grpc-default-executor-5] INFO  impl.FollowerInfo (FollowerInfo.java:lambda$new$0(51)) - 96f0c9f3-2286-484a-8caa-cc6cff81bf3d@group-A40D0514C021->4807b144-2c85-4659-8a46-71684e6faffd: nextIndex: updateUnconditionally 0 -> 0
2019-09-18 17:10:32,663 [java.util.concurrent.ThreadPoolExecutor$Worker@30253f2e[State = -1, empty queue]] WARN  server.GrpcLogAppender (GrpcLogAppender.java:timeoutAppendRequest(200)) - 1abc736a-4830-4c4e-94c6-330cfb37cbd9@group-16324F4B6BD7->c79c5a76-aee4-4242-a106-dd0d04c341ff-GrpcLogAppender: appendEntries Timeout, request=1abc736a-4830-4c4e-94c6-330cfb37cbd9->c79c5a76-aee4-4242-a106-dd0d04c341ff#99-t2, previous=(t:2, i:20), leaderCommit=16, initializing? false, entries: <empty>
2019-09-18 17:10:32,663 [java.util.concurrent.ThreadPoolExecutor$Worker@5edbee1f[State = -1, empty queue]] WARN  server.GrpcLogAppender (GrpcLogAppender.java:timeoutAppendRequest(200)) - 1abc736a-4830-4c4e-94c6-330cfb37cbd9@group-16324F4B6BD7->9060795c-f318-48a7-8c5f-b9c772b9291e-GrpcLogAppender: appendEntries Timeout, request=1abc736a-4830-4c4e-94c6-330cfb37cbd9->9060795c-f318-48a7-8c5f-b9c772b9291e#99-t2, previous=(t:2, i:20), leaderCommit=16, initializing? false, entries: <empty>
2019-09-18 17:10:32,774 [main] WARN  io.KeyOutputStream (KeyOutputStream.java:handleException(276)) - Encountered exception java.io.IOException: Unexpected Storage Container Exception: java.util.concurrent.CompletionException: java.util.concurrent.CompletionException: org.apache.ratis.protocol.RaftRetryFailureException: Failed RaftClientRequest:client-A93D41F52A29->1abc736a-4830-4c4e-94c6-330cfb37cbd9@group-16324F4B6BD7, cid=52, seq=9*, RW, org.apache.hadoop.hdds.scm.XceiverClientRatis$$Lambda$515/1476915117@79e3e4cb for 10 attempts with RetryLimited(maxAttempts=10, sleepTime=1000ms) on the pipeline Pipeline[ Id: 076edb64-726e-4ef9-a825-16324f4b6bd7, Nodes: c79c5a76-aee4-4242-a106-dd0d04c341ff{ip: 192.168.151.122, host: pr-hdds-2121-ltkqc-3926781246, networkLocation: /default-rack, certSerialId: null}1abc736a-4830-4c4e-94c6-330cfb37cbd9{ip: 192.168.151.122, host: pr-hdds-2121-ltkqc-3926781246, networkLocation: /default-rack, certSerialId: null}9060795c-f318-48a7-8c5f-b9c772b9291e{ip: 192.168.151.122, host: pr-hdds-2121-ltkqc-3926781246, networkLocation: /default-rack, certSerialId: null}, Type:RATIS, Factor:THREE, State:OPEN]. The last committed block length is 0, uncommitted data length is 2097152 retry count 0
2019-09-18 17:10:32,862 [grpc-default-executor-5] INFO  client.GrpcClientProtocolClient (GrpcClientProtocolClient.java:onNext(264)) - client-F299FC84871C->62d2617d-d759-46ce-9c32-c3f7d08f54db: receive RaftClientReply:client-F299FC84871C->62d2617d-d759-46ce-9c32-c3f7d08f54db@group-44CDFF0F5509, cid=56, FAILED org.apache.ratis.protocol.NotLeaderException: Server 62d2617d-d759-46ce-9c32-c3f7d08f54db@group-44CDFF0F5509 is not the leader 78cf3f4b-2ba3-4c47-8363-becf5fcab44c:192.168.151.122:41660, logIndex=0, commits[62d2617d-d759-46ce-9c32-c3f7d08f54db:c15, 78cf3f4b-2ba3-4c47-8363-becf5fcab44c:c15, 77addda6-fc28-4fe0-a9c9-ddb04539ca78:c15]
2019-09-18 17:10:33,049 [grpc-default-executor-4] INFO  client.GrpcClientProtocolClient (GrpcClientProtocolClient.java:onNext(264)) - client-F299FC84871C->78cf3f4b-2ba3-4c47-8363-becf5fcab44c: receive RaftClientReply:client-F299FC84871C->78cf3f4b-2ba3-4c47-8363-becf5fcab44c@group-44CDFF0F5509, cid=56, SUCCESS, logIndex=16, commits[78cf3f4b-2ba3-4c47-8363-becf5fcab44c:c16, 77addda6-fc28-4fe0-a9c9-ddb04539ca78:c15, 62d2617d-d759-46ce-9c32-c3f7d08f54db:c15]
2019-09-18 17:10:33,112 [grpc-default-executor-0] INFO  client.GrpcClientProtocolClient (GrpcClientProtocolClient.java:onNext(264)) - client-F299FC84871C->78cf3f4b-2ba3-4c47-8363-becf5fcab44c: receive RaftClientReply:client-F299FC84871C->78cf3f4b-2ba3-4c47-8363-becf5fcab44c@group-44CDFF0F5509, cid=57, SUCCESS, logIndex=18, commits[78cf3f4b-2ba3-4c47-8363-becf5fcab44c:c22, 77addda6-fc28-4fe0-a9c9-ddb04539ca78:c21, 62d2617d-d759-46ce-9c32-c3f7d08f54db:c21]
2019-09-18 17:10:33,116 [grpc-default-executor-0] INFO  client.GrpcClientProtocolClient (GrpcClientProtocolClient.java:onNext(264)) - client-F299FC84871C->78cf3f4b-2ba3-4c47-8363-becf5fcab44c: receive RaftClientReply:client-F299FC84871C->78cf3f4b-2ba3-4c47-8363-becf5fcab44c@group-44CDFF0F5509, cid=58, SUCCESS, logIndex=19, commits[78cf3f4b-2ba3-4c47-8363-becf5fcab44c:c22, 77addda6-fc28-4fe0-a9c9-ddb04539ca78:c21, 62d2617d-d759-46ce-9c32-c3f7d08f54db:c21]
2019-09-18 17:10:33,125 [java.util.concurrent.ThreadPoolExecutor$Worker@3640334d[State = -1, empty queue]] WARN  server.GrpcLogAppender (GrpcLogAppender.java:timeoutAppendRequest(200)) - 96f0c9f3-2286-484a-8caa-cc6cff81bf3d@group-A40D0514C021->b4ae2fc6-33d9-4c1f-ba2b-766eed3c72c1-GrpcLogAppender: appendEntries Timeout, request=96f0c9f3-2286-484a-8caa-cc6cff81bf3d->b4ae2fc6-33d9-4c1f-ba2b-766eed3c72c1#101-t2, previous=(t:2, i:20), leaderCommit=16, initializing? false, entries: <empty>
2019-09-18 17:10:33,149 [grpc-default-executor-4] WARN  server.GrpcLogAppender (LogUtils.java:warn(134)) - 96f0c9f3-2286-484a-8caa-cc6cff81bf3d@group-A40D0514C021->4807b144-2c85-4659-8a46-71684e6faffd-AppendLogResponseHandler: Failed appendEntries: org.apache.ratis.thirdparty.io.grpc.StatusRuntimeException: UNAVAILABLE: io exception
2019-09-18 17:10:33,149 [grpc-default-executor-4] INFO  impl.FollowerInfo (FollowerInfo.java:lambda$new$0(51)) - 96f0c9f3-2286-484a-8caa-cc6cff81bf3d@group-A40D0514C021->4807b144-2c85-4659-8a46-71684e6faffd: nextIndex: updateUnconditionally 0 -> 0
2019-09-18 17:10:33,164 [java.util.concurrent.ThreadPoolExecutor$Worker@30253f2e[State = -1, empty queue]] WARN  server.GrpcLogAppender (GrpcLogAppender.java:timeoutAppendRequest(200)) - 1abc736a-4830-4c4e-94c6-330cfb37cbd9@group-16324F4B6BD7->c79c5a76-aee4-4242-a106-dd0d04c341ff-GrpcLogAppender: appendEntries Timeout, request=1abc736a-4830-4c4e-94c6-330cfb37cbd9->c79c5a76-aee4-4242-a106-dd0d04c341ff#100-t2, previous=(t:2, i:20), leaderCommit=16, initializing? false, entries: <empty>
2019-09-18 17:10:33,164 [java.util.concurrent.ThreadPoolExecutor$Worker@5edbee1f[State = -1, empty queue]] WARN  server.GrpcLogAppender (GrpcLogAppender.java:timeoutAppendRequest(200)) - 1abc736a-4830-4c4e-94c6-330cfb37cbd9@group-16324F4B6BD7->9060795c-f318-48a7-8c5f-b9c772b9291e-GrpcLogAppender: appendEntries Timeout, request=1abc736a-4830-4c4e-94c6-330cfb37cbd9->9060795c-f318-48a7-8c5f-b9c772b9291e#100-t2, previous=(t:2, i:20), leaderCommit=16, initializing? false, entries: <empty>
2019-09-18 17:10:33,164 [grpc-default-executor-4] INFO  client.GrpcClientProtocolClient (GrpcClientProtocolClient.java:onNext(264)) - client-F299FC84871C->78cf3f4b-2ba3-4c47-8363-becf5fcab44c: receive RaftClientReply:client-F299FC84871C->78cf3f4b-2ba3-4c47-8363-becf5fcab44c@group-44CDFF0F5509, cid=59, SUCCESS, logIndex=20, commits[78cf3f4b-2ba3-4c47-8363-becf5fcab44c:c22, 77addda6-fc28-4fe0-a9c9-ddb04539ca78:c21, 62d2617d-d759-46ce-9c32-c3f7d08f54db:c21]
2019-09-18 17:10:33,191 [grpc-default-executor-4] INFO  client.GrpcClientProtocolClient (GrpcClientProtocolClient.java:onNext(264)) - client-F299FC84871C->78cf3f4b-2ba3-4c47-8363-becf5fcab44c: receive RaftClientReply:client-F299FC84871C->78cf3f4b-2ba3-4c47-8363-becf5fcab44c@group-44CDFF0F5509, cid=60, SUCCESS, logIndex=23, commits[78cf3f4b-2ba3-4c47-8363-becf5fcab44c:c24, 77addda6-fc28-4fe0-a9c9-ddb04539ca78:c22, 62d2617d-d759-46ce-9c32-c3f7d08f54db:c22]
2019-09-18 17:10:33,191 [grpc-default-executor-4] INFO  client.GrpcClientProtocolClient (GrpcClientProtocolClient.java:onNext(264)) - client-F299FC84871C->78cf3f4b-2ba3-4c47-8363-becf5fcab44c: receive RaftClientReply:client-F299FC84871C->78cf3f4b-2ba3-4c47-8363-becf5fcab44c@group-44CDFF0F5509, cid=61, SUCCESS, logIndex=24, commits[78cf3f4b-2ba3-4c47-8363-becf5fcab44c:c24, 77addda6-fc28-4fe0-a9c9-ddb04539ca78:c22, 62d2617d-d759-46ce-9c32-c3f7d08f54db:c22]
2019-09-18 17:10:33,545 [Datanode State Machine Thread - 0] INFO  statemachine.DatanodeStateMachine (DatanodeStateMachine.java:lambda$startDaemon$0(350)) - Ozone container server started.
2019-09-18 17:10:33,625 [java.util.concurrent.ThreadPoolExecutor$Worker@3640334d[State = -1, empty queue]] WARN  server.GrpcLogAppender (GrpcLogAppender.java:timeoutAppendRequest(200)) - 96f0c9f3-2286-484a-8caa-cc6cff81bf3d@group-A40D0514C021->b4ae2fc6-33d9-4c1f-ba2b-766eed3c72c1-GrpcLogAppender: appendEntries Timeout, request=96f0c9f3-2286-484a-8caa-cc6cff81bf3d->b4ae2fc6-33d9-4c1f-ba2b-766eed3c72c1#102-t2, previous=(t:2, i:20), leaderCommit=16, initializing? false, entries: <empty>
2019-09-18 17:10:33,649 [grpc-default-executor-5] WARN  server.GrpcLogAppender (LogUtils.java:warn(134)) - 96f0c9f3-2286-484a-8caa-cc6cff81bf3d@group-A40D0514C021->4807b144-2c85-4659-8a46-71684e6faffd-AppendLogResponseHandler: Failed appendEntries: org.apache.ratis.thirdparty.io.grpc.StatusRuntimeException: UNAVAILABLE: io exception
2019-09-18 17:10:33,650 [grpc-default-executor-5] INFO  impl.FollowerInfo (FollowerInfo.java:lambda$new$0(51)) - 96f0c9f3-2286-484a-8caa-cc6cff81bf3d@group-A40D0514C021->4807b144-2c85-4659-8a46-71684e6faffd: nextIndex: updateUnconditionally 0 -> 0
2019-09-18 17:10:33,664 [java.util.concurrent.ThreadPoolExecutor$Worker@30253f2e[State = -1, empty queue]] WARN  server.GrpcLogAppender (GrpcLogAppender.java:timeoutAppendRequest(200)) - 1abc736a-4830-4c4e-94c6-330cfb37cbd9@group-16324F4B6BD7->c79c5a76-aee4-4242-a106-dd0d04c341ff-GrpcLogAppender: appendEntries Timeout, request=1abc736a-4830-4c4e-94c6-330cfb37cbd9->c79c5a76-aee4-4242-a106-dd0d04c341ff#101-t2, previous=(t:2, i:20), leaderCommit=16, initializing? false, entries: <empty>
2019-09-18 17:10:33,664 [java.util.concurrent.ThreadPoolExecutor$Worker@5edbee1f[State = -1, empty queue]] WARN  server.GrpcLogAppender (GrpcLogAppender.java:timeoutAppendRequest(200)) - 1abc736a-4830-4c4e-94c6-330cfb37cbd9@group-16324F4B6BD7->9060795c-f318-48a7-8c5f-b9c772b9291e-GrpcLogAppender: appendEntries Timeout, request=1abc736a-4830-4c4e-94c6-330cfb37cbd9->9060795c-f318-48a7-8c5f-b9c772b9291e#101-t2, previous=(t:2, i:20), leaderCommit=16, initializing? false, entries: <empty>
2019-09-18 17:10:34,126 [java.util.concurrent.ThreadPoolExecutor$Worker@3640334d[State = -1, empty queue]] WARN  server.GrpcLogAppender (GrpcLogAppender.java:timeoutAppendRequest(200)) - 96f0c9f3-2286-484a-8caa-cc6cff81bf3d@group-A40D0514C021->b4ae2fc6-33d9-4c1f-ba2b-766eed3c72c1-GrpcLogAppender: appendEntries Timeout, request=96f0c9f3-2286-484a-8caa-cc6cff81bf3d->b4ae2fc6-33d9-4c1f-ba2b-766eed3c72c1#103-t2, previous=(t:2, i:20), leaderCommit=16, initializing? false, entries: <empty>
2019-09-18 17:10:34,165 [java.util.concurrent.ThreadPoolExecutor$Worker@5edbee1f[State = -1, empty queue]] WARN  server.GrpcLogAppender (GrpcLogAppender.java:timeoutAppendRequest(200)) - 1abc736a-4830-4c4e-94c6-330cfb37cbd9@group-16324F4B6BD7->9060795c-f318-48a7-8c5f-b9c772b9291e-GrpcLogAppender: appendEntries Timeout, request=1abc736a-4830-4c4e-94c6-330cfb37cbd9->9060795c-f318-48a7-8c5f-b9c772b9291e#102-t2, previous=(t:2, i:20), leaderCommit=16, initializing? false, entries: <empty>
2019-09-18 17:10:34,165 [java.util.concurrent.ThreadPoolExecutor$Worker@30253f2e[State = -1, empty queue]] WARN  server.GrpcLogAppender (GrpcLogAppender.java:timeoutAppendRequest(200)) - 1abc736a-4830-4c4e-94c6-330cfb37cbd9@group-16324F4B6BD7->c79c5a76-aee4-4242-a106-dd0d04c341ff-GrpcLogAppender: appendEntries Timeout, request=1abc736a-4830-4c4e-94c6-330cfb37cbd9->c79c5a76-aee4-4242-a106-dd0d04c341ff#102-t2, previous=(t:2, i:20), leaderCommit=16, initializing? false, entries: <empty>
2019-09-18 17:10:34,165 [grpc-default-executor-0] WARN  server.GrpcLogAppender (LogUtils.java:warn(134)) - 96f0c9f3-2286-484a-8caa-cc6cff81bf3d@group-A40D0514C021->4807b144-2c85-4659-8a46-71684e6faffd-AppendLogResponseHandler: Failed appendEntries: org.apache.ratis.thirdparty.io.grpc.StatusRuntimeException: UNAVAILABLE: io exception
2019-09-18 17:10:34,166 [grpc-default-executor-0] INFO  impl.FollowerInfo (FollowerInfo.java:lambda$new$0(51)) - 96f0c9f3-2286-484a-8caa-cc6cff81bf3d@group-A40D0514C021->4807b144-2c85-4659-8a46-71684e6faffd: nextIndex: updateUnconditionally 0 -> 0
2019-09-18 17:10:34,621 [1abc736a-4830-4c4e-94c6-330cfb37cbd9@group-16324F4B6BD7-SegmentedRaftLogWorker] WARN  segmented.SegmentedRaftLogWorker (SegmentedRaftLogWorker.java:getFromFuture(90)) - Timeout 1/~
org.apache.ratis.protocol.TimeoutIOException: Timeout 10s: WriteLog:17: (t:2, i:17), STATEMACHINELOGENTRY, client-A93D41F52A29, cid=52-writeStateMachineData
	at org.apache.ratis.util.IOUtils.getFromFuture(IOUtils.java:87)
	at org.apache.ratis.server.raftlog.segmented.SegmentedRaftLogWorker$StateMachineDataPolicy.getFromFuture(SegmentedRaftLogWorker.java:87)
	at org.apache.ratis.server.raftlog.segmented.SegmentedRaftLogWorker$WriteLog.execute(SegmentedRaftLogWorker.java:477)
	at org.apache.ratis.server.raftlog.segmented.SegmentedRaftLogWorker.run(SegmentedRaftLogWorker.java:289)
	at java.lang.Thread.run(Thread.java:748)
Caused by: java.util.concurrent.TimeoutException
	at java.util.concurrent.CompletableFuture.timedGet(CompletableFuture.java:1771)
	at java.util.concurrent.CompletableFuture.get(CompletableFuture.java:1915)
	at org.apache.ratis.util.IOUtils.getFromFuture(IOUtils.java:79)
	... 4 more
2019-09-18 17:10:34,626 [java.util.concurrent.ThreadPoolExecutor$Worker@3640334d[State = -1, empty queue]] WARN  server.GrpcLogAppender (GrpcLogAppender.java:timeoutAppendRequest(200)) - 96f0c9f3-2286-484a-8caa-cc6cff81bf3d@group-A40D0514C021->b4ae2fc6-33d9-4c1f-ba2b-766eed3c72c1-GrpcLogAppender: appendEntries Timeout, request=96f0c9f3-2286-484a-8caa-cc6cff81bf3d->b4ae2fc6-33d9-4c1f-ba2b-766eed3c72c1#104-t2, previous=(t:2, i:20), leaderCommit=16, initializing? false, entries: <empty>
2019-09-18 17:10:34,627 [9060795c-f318-48a7-8c5f-b9c772b9291e@group-16324F4B6BD7-SegmentedRaftLogWorker] WARN  segmented.SegmentedRaftLogWorker (SegmentedRaftLogWorker.java:getFromFuture(90)) - Timeout 1/~
org.apache.ratis.protocol.TimeoutIOException: Timeout 10s: WriteLog:17: (t:2, i:17), STATEMACHINELOGENTRY, client-A93D41F52A29, cid=52-writeStateMachineData
	at org.apache.ratis.util.IOUtils.getFromFuture(IOUtils.java:87)
	at org.apache.ratis.server.raftlog.segmented.SegmentedRaftLogWorker$StateMachineDataPolicy.getFromFuture(SegmentedRaftLogWorker.java:87)
	at org.apache.ratis.server.raftlog.segmented.SegmentedRaftLogWorker$WriteLog.execute(SegmentedRaftLogWorker.java:477)
	at org.apache.ratis.server.raftlog.segmented.SegmentedRaftLogWorker.run(SegmentedRaftLogWorker.java:289)
	at java.lang.Thread.run(Thread.java:748)
Caused by: java.util.concurrent.TimeoutException
	at java.util.concurrent.CompletableFuture.timedGet(CompletableFuture.java:1771)
	at java.util.concurrent.CompletableFuture.get(CompletableFuture.java:1915)
	at org.apache.ratis.util.IOUtils.getFromFuture(IOUtils.java:79)
	... 4 more
2019-09-18 17:10:34,651 [grpc-default-executor-4] WARN  server.GrpcLogAppender (LogUtils.java:warn(134)) - 96f0c9f3-2286-484a-8caa-cc6cff81bf3d@group-A40D0514C021->4807b144-2c85-4659-8a46-71684e6faffd-AppendLogResponseHandler: Failed appendEntries: org.apache.ratis.thirdparty.io.grpc.StatusRuntimeException: UNAVAILABLE: io exception
2019-09-18 17:10:34,651 [grpc-default-executor-4] INFO  impl.FollowerInfo (FollowerInfo.java:lambda$new$0(51)) - 96f0c9f3-2286-484a-8caa-cc6cff81bf3d@group-A40D0514C021->4807b144-2c85-4659-8a46-71684e6faffd: nextIndex: updateUnconditionally 0 -> 0
2019-09-18 17:10:34,664 [java.util.concurrent.ThreadPoolExecutor$Worker@30253f2e[State = -1, empty queue]] WARN  server.GrpcLogAppender (GrpcLogAppender.java:timeoutAppendRequest(200)) - 1abc736a-4830-4c4e-94c6-330cfb37cbd9@group-16324F4B6BD7->c79c5a76-aee4-4242-a106-dd0d04c341ff-GrpcLogAppender: appendEntries Timeout, request=1abc736a-4830-4c4e-94c6-330cfb37cbd9->c79c5a76-aee4-4242-a106-dd0d04c341ff#103-t2, previous=(t:2, i:20), leaderCommit=16, initializing? false, entries: <empty>
2019-09-18 17:10:34,665 [java.util.concurrent.ThreadPoolExecutor$Worker@5edbee1f[State = -1, empty queue]] WARN  server.GrpcLogAppender (GrpcLogAppender.java:timeoutAppendRequest(200)) - 1abc736a-4830-4c4e-94c6-330cfb37cbd9@group-16324F4B6BD7->9060795c-f318-48a7-8c5f-b9c772b9291e-GrpcLogAppender: appendEntries Timeout, request=1abc736a-4830-4c4e-94c6-330cfb37cbd9->9060795c-f318-48a7-8c5f-b9c772b9291e#103-t2, previous=(t:2, i:20), leaderCommit=16, initializing? false, entries: <empty>
2019-09-18 17:10:34,747 [c79c5a76-aee4-4242-a106-dd0d04c341ff@group-16324F4B6BD7-SegmentedRaftLogWorker] WARN  segmented.SegmentedRaftLogWorker (SegmentedRaftLogWorker.java:getFromFuture(90)) - Timeout 1/~
org.apache.ratis.protocol.TimeoutIOException: Timeout 10s: WriteLog:19: (t:2, i:19), STATEMACHINELOGENTRY, client-A93D41F52A29, cid=54-writeStateMachineData
	at org.apache.ratis.util.IOUtils.getFromFuture(IOUtils.java:87)
	at org.apache.ratis.server.raftlog.segmented.SegmentedRaftLogWorker$StateMachineDataPolicy.getFromFuture(SegmentedRaftLogWorker.java:87)
	at org.apache.ratis.server.raftlog.segmented.SegmentedRaftLogWorker$WriteLog.execute(SegmentedRaftLogWorker.java:477)
	at org.apache.ratis.server.raftlog.segmented.SegmentedRaftLogWorker.run(SegmentedRaftLogWorker.java:289)
	at java.lang.Thread.run(Thread.java:748)
Caused by: java.util.concurrent.TimeoutException
	at java.util.concurrent.CompletableFuture.timedGet(CompletableFuture.java:1771)
	at java.util.concurrent.CompletableFuture.get(CompletableFuture.java:1915)
	at org.apache.ratis.util.IOUtils.getFromFuture(IOUtils.java:79)
	... 4 more
2019-09-18 17:10:35,127 [java.util.concurrent.ThreadPoolExecutor$Worker@3640334d[State = -1, empty queue]] WARN  server.GrpcLogAppender (GrpcLogAppender.java:timeoutAppendRequest(200)) - 96f0c9f3-2286-484a-8caa-cc6cff81bf3d@group-A40D0514C021->b4ae2fc6-33d9-4c1f-ba2b-766eed3c72c1-GrpcLogAppender: appendEntries Timeout, request=96f0c9f3-2286-484a-8caa-cc6cff81bf3d->b4ae2fc6-33d9-4c1f-ba2b-766eed3c72c1#105-t2, previous=(t:2, i:20), leaderCommit=16, initializing? false, entries: <empty>
2019-09-18 17:10:35,152 [grpc-default-executor-0] WARN  server.GrpcLogAppender (LogUtils.java:warn(134)) - 96f0c9f3-2286-484a-8caa-cc6cff81bf3d@group-A40D0514C021->4807b144-2c85-4659-8a46-71684e6faffd-AppendLogResponseHandler: Failed appendEntries: org.apache.ratis.thirdparty.io.grpc.StatusRuntimeException: UNAVAILABLE: io exception
2019-09-18 17:10:35,152 [grpc-default-executor-0] INFO  impl.FollowerInfo (FollowerInfo.java:lambda$new$0(51)) - 96f0c9f3-2286-484a-8caa-cc6cff81bf3d@group-A40D0514C021->4807b144-2c85-4659-8a46-71684e6faffd: nextIndex: updateUnconditionally 0 -> 0
2019-09-18 17:10:35,168 [java.util.concurrent.ThreadPoolExecutor$Worker@5edbee1f[State = -1, empty queue]] WARN  server.GrpcLogAppender (GrpcLogAppender.java:timeoutAppendRequest(200)) - 1abc736a-4830-4c4e-94c6-330cfb37cbd9@group-16324F4B6BD7->9060795c-f318-48a7-8c5f-b9c772b9291e-GrpcLogAppender: appendEntries Timeout, request=1abc736a-4830-4c4e-94c6-330cfb37cbd9->9060795c-f318-48a7-8c5f-b9c772b9291e#104-t2, previous=(t:2, i:20), leaderCommit=16, initializing? false, entries: <empty>
2019-09-18 17:10:35,169 [java.util.concurrent.ThreadPoolExecutor$Worker@30253f2e[State = -1, empty queue]] WARN  server.GrpcLogAppender (GrpcLogAppender.java:timeoutAppendRequest(200)) - 1abc736a-4830-4c4e-94c6-330cfb37cbd9@group-16324F4B6BD7->c79c5a76-aee4-4242-a106-dd0d04c341ff-GrpcLogAppender: appendEntries Timeout, request=1abc736a-4830-4c4e-94c6-330cfb37cbd9->c79c5a76-aee4-4242-a106-dd0d04c341ff#104-t2, previous=(t:2, i:20), leaderCommit=16, initializing? false, entries: <empty>
2019-09-18 17:10:35,627 [java.util.concurrent.ThreadPoolExecutor$Worker@3640334d[State = -1, empty queue]] WARN  server.GrpcLogAppender (GrpcLogAppender.java:timeoutAppendRequest(200)) - 96f0c9f3-2286-484a-8caa-cc6cff81bf3d@group-A40D0514C021->b4ae2fc6-33d9-4c1f-ba2b-766eed3c72c1-GrpcLogAppender: appendEntries Timeout, request=96f0c9f3-2286-484a-8caa-cc6cff81bf3d->b4ae2fc6-33d9-4c1f-ba2b-766eed3c72c1#106-t2, previous=(t:2, i:20), leaderCommit=16, initializing? false, entries: <empty>
2019-09-18 17:10:35,653 [grpc-default-executor-5] WARN  server.GrpcLogAppender (LogUtils.java:warn(134)) - 96f0c9f3-2286-484a-8caa-cc6cff81bf3d@group-A40D0514C021->4807b144-2c85-4659-8a46-71684e6faffd-AppendLogResponseHandler: Failed appendEntries: org.apache.ratis.thirdparty.io.grpc.StatusRuntimeException: UNAVAILABLE: io exception
2019-09-18 17:10:35,653 [grpc-default-executor-5] INFO  impl.FollowerInfo (FollowerInfo.java:lambda$new$0(51)) - 96f0c9f3-2286-484a-8caa-cc6cff81bf3d@group-A40D0514C021->4807b144-2c85-4659-8a46-71684e6faffd: nextIndex: updateUnconditionally 0 -> 0
2019-09-18 17:10:35,665 [java.util.concurrent.ThreadPoolExecutor$Worker@30253f2e[State = -1, empty queue]] WARN  server.GrpcLogAppender (GrpcLogAppender.java:timeoutAppendRequest(200)) - 1abc736a-4830-4c4e-94c6-330cfb37cbd9@group-16324F4B6BD7->c79c5a76-aee4-4242-a106-dd0d04c341ff-GrpcLogAppender: appendEntries Timeout, request=1abc736a-4830-4c4e-94c6-330cfb37cbd9->c79c5a76-aee4-4242-a106-dd0d04c341ff#105-t2, previous=(t:2, i:20), leaderCommit=16, initializing? false, entries: <empty>
2019-09-18 17:10:35,665 [java.util.concurrent.ThreadPoolExecutor$Worker@5edbee1f[State = -1, empty queue]] WARN  server.GrpcLogAppender (GrpcLogAppender.java:timeoutAppendRequest(200)) - 1abc736a-4830-4c4e-94c6-330cfb37cbd9@group-16324F4B6BD7->9060795c-f318-48a7-8c5f-b9c772b9291e-GrpcLogAppender: appendEntries Timeout, request=1abc736a-4830-4c4e-94c6-330cfb37cbd9->9060795c-f318-48a7-8c5f-b9c772b9291e#105-t2, previous=(t:2, i:20), leaderCommit=16, initializing? false, entries: <empty>
2019-09-18 17:10:36,127 [java.util.concurrent.ThreadPoolExecutor$Worker@3640334d[State = -1, empty queue]] WARN  server.GrpcLogAppender (GrpcLogAppender.java:timeoutAppendRequest(200)) - 96f0c9f3-2286-484a-8caa-cc6cff81bf3d@group-A40D0514C021->b4ae2fc6-33d9-4c1f-ba2b-766eed3c72c1-GrpcLogAppender: appendEntries Timeout, request=96f0c9f3-2286-484a-8caa-cc6cff81bf3d->b4ae2fc6-33d9-4c1f-ba2b-766eed3c72c1#107-t2, previous=(t:2, i:20), leaderCommit=16, initializing? false, entries: <empty>
2019-09-18 17:10:36,155 [grpc-default-executor-0] WARN  server.GrpcLogAppender (LogUtils.java:warn(134)) - 96f0c9f3-2286-484a-8caa-cc6cff81bf3d@group-A40D0514C021->4807b144-2c85-4659-8a46-71684e6faffd-AppendLogResponseHandler: Failed appendEntries: org.apache.ratis.thirdparty.io.grpc.StatusRuntimeException: UNAVAILABLE: io exception
2019-09-18 17:10:36,156 [grpc-default-executor-0] INFO  impl.FollowerInfo (FollowerInfo.java:lambda$new$0(51)) - 96f0c9f3-2286-484a-8caa-cc6cff81bf3d@group-A40D0514C021->4807b144-2c85-4659-8a46-71684e6faffd: nextIndex: updateUnconditionally 0 -> 0
2019-09-18 17:10:36,165 [java.util.concurrent.ThreadPoolExecutor$Worker@30253f2e[State = -1, empty queue]] WARN  server.GrpcLogAppender (GrpcLogAppender.java:timeoutAppendRequest(200)) - 1abc736a-4830-4c4e-94c6-330cfb37cbd9@group-16324F4B6BD7->c79c5a76-aee4-4242-a106-dd0d04c341ff-GrpcLogAppender: appendEntries Timeout, request=1abc736a-4830-4c4e-94c6-330cfb37cbd9->c79c5a76-aee4-4242-a106-dd0d04c341ff#106-t2, previous=(t:2, i:20), leaderCommit=16, initializing? false, entries: <empty>
2019-09-18 17:10:36,166 [java.util.concurrent.ThreadPoolExecutor$Worker@5edbee1f[State = -1, empty queue]] WARN  server.GrpcLogAppender (GrpcLogAppender.java:timeoutAppendRequest(200)) - 1abc736a-4830-4c4e-94c6-330cfb37cbd9@group-16324F4B6BD7->9060795c-f318-48a7-8c5f-b9c772b9291e-GrpcLogAppender: appendEntries Timeout, request=1abc736a-4830-4c4e-94c6-330cfb37cbd9->9060795c-f318-48a7-8c5f-b9c772b9291e#106-t2, previous=(t:2, i:20), leaderCommit=16, initializing? false, entries: <empty>
2019-09-18 17:10:36,628 [java.util.concurrent.ThreadPoolExecutor$Worker@3640334d[State = -1, empty queue]] WARN  server.GrpcLogAppender (GrpcLogAppender.java:timeoutAppendRequest(200)) - 96f0c9f3-2286-484a-8caa-cc6cff81bf3d@group-A40D0514C021->b4ae2fc6-33d9-4c1f-ba2b-766eed3c72c1-GrpcLogAppender: appendEntries Timeout, request=96f0c9f3-2286-484a-8caa-cc6cff81bf3d->b4ae2fc6-33d9-4c1f-ba2b-766eed3c72c1#108-t2, previous=(t:2, i:20), leaderCommit=16, initializing? false, entries: <empty>
2019-09-18 17:10:36,655 [grpc-default-executor-0] WARN  server.GrpcLogAppender (LogUtils.java:warn(134)) - 96f0c9f3-2286-484a-8caa-cc6cff81bf3d@group-A40D0514C021->4807b144-2c85-4659-8a46-71684e6faffd-AppendLogResponseHandler: Failed appendEntries: org.apache.ratis.thirdparty.io.grpc.StatusRuntimeException: UNAVAILABLE: io exception
2019-09-18 17:10:36,655 [grpc-default-executor-0] INFO  impl.FollowerInfo (FollowerInfo.java:lambda$new$0(51)) - 96f0c9f3-2286-484a-8caa-cc6cff81bf3d@group-A40D0514C021->4807b144-2c85-4659-8a46-71684e6faffd: nextIndex: updateUnconditionally 0 -> 0
2019-09-18 17:10:36,665 [java.util.concurrent.ThreadPoolExecutor$Worker@30253f2e[State = -1, empty queue]] WARN  server.GrpcLogAppender (GrpcLogAppender.java:timeoutAppendRequest(200)) - 1abc736a-4830-4c4e-94c6-330cfb37cbd9@group-16324F4B6BD7->c79c5a76-aee4-4242-a106-dd0d04c341ff-GrpcLogAppender: appendEntries Timeout, request=1abc736a-4830-4c4e-94c6-330cfb37cbd9->c79c5a76-aee4-4242-a106-dd0d04c341ff#107-t2, previous=(t:2, i:20), leaderCommit=16, initializing? false, entries: <empty>
2019-09-18 17:10:36,666 [java.util.concurrent.ThreadPoolExecutor$Worker@5edbee1f[State = -1, empty queue]] WARN  server.GrpcLogAppender (GrpcLogAppender.java:timeoutAppendRequest(200)) - 1abc736a-4830-4c4e-94c6-330cfb37cbd9@group-16324F4B6BD7->9060795c-f318-48a7-8c5f-b9c772b9291e-GrpcLogAppender: appendEntries Timeout, request=1abc736a-4830-4c4e-94c6-330cfb37cbd9->9060795c-f318-48a7-8c5f-b9c772b9291e#107-t2, previous=(t:2, i:20), leaderCommit=16, initializing? false, entries: <empty>
2019-09-18 17:10:37,128 [java.util.concurrent.ThreadPoolExecutor$Worker@3640334d[State = -1, empty queue]] WARN  server.GrpcLogAppender (GrpcLogAppender.java:timeoutAppendRequest(200)) - 96f0c9f3-2286-484a-8caa-cc6cff81bf3d@group-A40D0514C021->b4ae2fc6-33d9-4c1f-ba2b-766eed3c72c1-GrpcLogAppender: appendEntries Timeout, request=96f0c9f3-2286-484a-8caa-cc6cff81bf3d->b4ae2fc6-33d9-4c1f-ba2b-766eed3c72c1#109-t2, previous=(t:2, i:20), leaderCommit=16, initializing? false, entries: <empty>
2019-09-18 17:10:37,156 [grpc-default-executor-4] WARN  server.GrpcLogAppender (LogUtils.java:warn(134)) - 96f0c9f3-2286-484a-8caa-cc6cff81bf3d@group-A40D0514C021->4807b144-2c85-4659-8a46-71684e6faffd-AppendLogResponseHandler: Failed appendEntries: org.apache.ratis.thirdparty.io.grpc.StatusRuntimeException: UNAVAILABLE: io exception
2019-09-18 17:10:37,157 [grpc-default-executor-4] INFO  impl.FollowerInfo (FollowerInfo.java:lambda$new$0(51)) - 96f0c9f3-2286-484a-8caa-cc6cff81bf3d@group-A40D0514C021->4807b144-2c85-4659-8a46-71684e6faffd: nextIndex: updateUnconditionally 0 -> 0
2019-09-18 17:10:37,166 [java.util.concurrent.ThreadPoolExecutor$Worker@30253f2e[State = -1, empty queue]] WARN  server.GrpcLogAppender (GrpcLogAppender.java:timeoutAppendRequest(200)) - 1abc736a-4830-4c4e-94c6-330cfb37cbd9@group-16324F4B6BD7->c79c5a76-aee4-4242-a106-dd0d04c341ff-GrpcLogAppender: appendEntries Timeout, request=1abc736a-4830-4c4e-94c6-330cfb37cbd9->c79c5a76-aee4-4242-a106-dd0d04c341ff#108-t2, previous=(t:2, i:20), leaderCommit=16, initializing? false, entries: <empty>
2019-09-18 17:10:37,166 [java.util.concurrent.ThreadPoolExecutor$Worker@5edbee1f[State = -1, empty queue]] WARN  server.GrpcLogAppender (GrpcLogAppender.java:timeoutAppendRequest(200)) - 1abc736a-4830-4c4e-94c6-330cfb37cbd9@group-16324F4B6BD7->9060795c-f318-48a7-8c5f-b9c772b9291e-GrpcLogAppender: appendEntries Timeout, request=1abc736a-4830-4c4e-94c6-330cfb37cbd9->9060795c-f318-48a7-8c5f-b9c772b9291e#108-t2, previous=(t:2, i:20), leaderCommit=16, initializing? false, entries: <empty>
2019-09-18 17:10:37,628 [java.util.concurrent.ThreadPoolExecutor$Worker@3640334d[State = -1, empty queue]] WARN  server.GrpcLogAppender (GrpcLogAppender.java:timeoutAppendRequest(200)) - 96f0c9f3-2286-484a-8caa-cc6cff81bf3d@group-A40D0514C021->b4ae2fc6-33d9-4c1f-ba2b-766eed3c72c1-GrpcLogAppender: appendEntries Timeout, request=96f0c9f3-2286-484a-8caa-cc6cff81bf3d->b4ae2fc6-33d9-4c1f-ba2b-766eed3c72c1#110-t2, previous=(t:2, i:20), leaderCommit=16, initializing? false, entries: <empty>
2019-09-18 17:10:37,658 [grpc-default-executor-0] WARN  server.GrpcLogAppender (LogUtils.java:warn(134)) - 96f0c9f3-2286-484a-8caa-cc6cff81bf3d@group-A40D0514C021->4807b144-2c85-4659-8a46-71684e6faffd-AppendLogResponseHandler: Failed appendEntries: org.apache.ratis.thirdparty.io.grpc.StatusRuntimeException: UNAVAILABLE: io exception
2019-09-18 17:10:37,658 [grpc-default-executor-0] INFO  impl.FollowerInfo (FollowerInfo.java:lambda$new$0(51)) - 96f0c9f3-2286-484a-8caa-cc6cff81bf3d@group-A40D0514C021->4807b144-2c85-4659-8a46-71684e6faffd: nextIndex: updateUnconditionally 0 -> 0
2019-09-18 17:10:37,666 [java.util.concurrent.ThreadPoolExecutor$Worker@30253f2e[State = -1, empty queue]] WARN  server.GrpcLogAppender (GrpcLogAppender.java:timeoutAppendRequest(200)) - 1abc736a-4830-4c4e-94c6-330cfb37cbd9@group-16324F4B6BD7->c79c5a76-aee4-4242-a106-dd0d04c341ff-GrpcLogAppender: appendEntries Timeout, request=1abc736a-4830-4c4e-94c6-330cfb37cbd9->c79c5a76-aee4-4242-a106-dd0d04c341ff#109-t2, previous=(t:2, i:20), leaderCommit=16, initializing? false, entries: <empty>
2019-09-18 17:10:37,667 [java.util.concurrent.ThreadPoolExecutor$Worker@5edbee1f[State = -1, empty queue]] WARN  server.GrpcLogAppender (GrpcLogAppender.java:timeoutAppendRequest(200)) - 1abc736a-4830-4c4e-94c6-330cfb37cbd9@group-16324F4B6BD7->9060795c-f318-48a7-8c5f-b9c772b9291e-GrpcLogAppender: appendEntries Timeout, request=1abc736a-4830-4c4e-94c6-330cfb37cbd9->9060795c-f318-48a7-8c5f-b9c772b9291e#109-t2, previous=(t:2, i:20), leaderCommit=16, initializing? false, entries: <empty>
2019-09-18 17:10:38,128 [java.util.concurrent.ThreadPoolExecutor$Worker@3640334d[State = -1, empty queue]] WARN  server.GrpcLogAppender (GrpcLogAppender.java:timeoutAppendRequest(200)) - 96f0c9f3-2286-484a-8caa-cc6cff81bf3d@group-A40D0514C021->b4ae2fc6-33d9-4c1f-ba2b-766eed3c72c1-GrpcLogAppender: appendEntries Timeout, request=96f0c9f3-2286-484a-8caa-cc6cff81bf3d->b4ae2fc6-33d9-4c1f-ba2b-766eed3c72c1#111-t2, previous=(t:2, i:20), leaderCommit=16, initializing? false, entries: <empty>
2019-09-18 17:10:38,157 [grpc-default-executor-5] WARN  server.GrpcLogAppender (LogUtils.java:warn(134)) - 96f0c9f3-2286-484a-8caa-cc6cff81bf3d@group-A40D0514C021->4807b144-2c85-4659-8a46-71684e6faffd-AppendLogResponseHandler: Failed appendEntries: org.apache.ratis.thirdparty.io.grpc.StatusRuntimeException: UNAVAILABLE: io exception
2019-09-18 17:10:38,158 [grpc-default-executor-5] INFO  impl.FollowerInfo (FollowerInfo.java:lambda$new$0(51)) - 96f0c9f3-2286-484a-8caa-cc6cff81bf3d@group-A40D0514C021->4807b144-2c85-4659-8a46-71684e6faffd: nextIndex: updateUnconditionally 0 -> 0
2019-09-18 17:10:38,169 [java.util.concurrent.ThreadPoolExecutor$Worker@30253f2e[State = -1, empty queue]] WARN  server.GrpcLogAppender (GrpcLogAppender.java:timeoutAppendRequest(200)) - 1abc736a-4830-4c4e-94c6-330cfb37cbd9@group-16324F4B6BD7->c79c5a76-aee4-4242-a106-dd0d04c341ff-GrpcLogAppender: appendEntries Timeout, request=1abc736a-4830-4c4e-94c6-330cfb37cbd9->c79c5a76-aee4-4242-a106-dd0d04c341ff#110-t2, previous=(t:2, i:20), leaderCommit=16, initializing? false, entries: <empty>
2019-09-18 17:10:38,169 [java.util.concurrent.ThreadPoolExecutor$Worker@5edbee1f[State = -1, empty queue]] WARN  server.GrpcLogAppender (GrpcLogAppender.java:timeoutAppendRequest(200)) - 1abc736a-4830-4c4e-94c6-330cfb37cbd9@group-16324F4B6BD7->9060795c-f318-48a7-8c5f-b9c772b9291e-GrpcLogAppender: appendEntries Timeout, request=1abc736a-4830-4c4e-94c6-330cfb37cbd9->9060795c-f318-48a7-8c5f-b9c772b9291e#110-t2, previous=(t:2, i:20), leaderCommit=16, initializing? false, entries: <empty>
2019-09-18 17:10:38,173 [main] INFO  ozoneimpl.OzoneContainer (OzoneContainer.java:stop(231)) - Attempting to stop container services.
2019-09-18 17:10:38,190 [main] INFO  impl.RaftServerProxy (RaftServerProxy.java:lambda$close$4(314)) - 96f0c9f3-2286-484a-8caa-cc6cff81bf3d: close
2019-09-18 17:10:38,191 [main] INFO  impl.RaftServerImpl (RaftServerImpl.java:lambda$shutdown$3(251)) - 96f0c9f3-2286-484a-8caa-cc6cff81bf3d@group-F1499B7A9D61: shutdown
2019-09-18 17:10:38,192 [main] INFO  util.JmxRegister (JmxRegister.java:unregister(73)) - Successfully un-registered JMX Bean with object name Ratis:service=RaftServer,group=group-F1499B7A9D61,id=96f0c9f3-2286-484a-8caa-cc6cff81bf3d
2019-09-18 17:10:38,192 [main] INFO  impl.RoleInfo (RoleInfo.java:shutdownLeaderState(104)) - 96f0c9f3-2286-484a-8caa-cc6cff81bf3d: shutdown LeaderState
2019-09-18 17:10:38,193 [main] INFO  impl.PendingRequests (PendingRequests.java:sendNotLeaderResponses(202)) - 96f0c9f3-2286-484a-8caa-cc6cff81bf3d-PendingRequests: sendNotLeaderResponses
2019-09-18 17:10:38,194 [main] INFO  impl.StateMachineUpdater (StateMachineUpdater.java:stopAndJoin(125)) - 96f0c9f3-2286-484a-8caa-cc6cff81bf3d@group-F1499B7A9D61-StateMachineUpdater: set stopIndex = 0
2019-09-18 17:10:38,195 [main] INFO  impl.RaftServerImpl (ServerState.java:close(385)) - 96f0c9f3-2286-484a-8caa-cc6cff81bf3d@group-F1499B7A9D61: closes. applyIndex: 0
2019-09-18 17:10:38,208 [96f0c9f3-2286-484a-8caa-cc6cff81bf3d@group-F1499B7A9D61-SegmentedRaftLogWorker] INFO  segmented.SegmentedRaftLogWorker (SegmentedRaftLogWorker.java:run(313)) - 96f0c9f3-2286-484a-8caa-cc6cff81bf3d@group-F1499B7A9D61-SegmentedRaftLogWorker was interrupted, exiting. There are 0 tasks remaining in the queue.
2019-09-18 17:10:38,222 [main] INFO  segmented.SegmentedRaftLogWorker (SegmentedRaftLogWorker.java:close(228)) - 96f0c9f3-2286-484a-8caa-cc6cff81bf3d@group-F1499B7A9D61-SegmentedRaftLogWorker close()
2019-09-18 17:10:38,226 [main] INFO  impl.RaftServerImpl (RaftServerImpl.java:lambda$shutdown$3(251)) - 96f0c9f3-2286-484a-8caa-cc6cff81bf3d@group-A40D0514C021: shutdown
2019-09-18 17:10:38,226 [main] INFO  util.JmxRegister (JmxRegister.java:unregister(73)) - Successfully un-registered JMX Bean with object name Ratis:service=RaftServer,group=group-A40D0514C021,id=96f0c9f3-2286-484a-8caa-cc6cff81bf3d
2019-09-18 17:10:38,226 [main] INFO  impl.RoleInfo (RoleInfo.java:shutdownLeaderState(104)) - 96f0c9f3-2286-484a-8caa-cc6cff81bf3d: shutdown LeaderState
2019-09-18 17:10:38,247 [main] INFO  impl.PendingRequests (PendingRequests.java:sendNotLeaderResponses(202)) - 96f0c9f3-2286-484a-8caa-cc6cff81bf3d-PendingRequests: sendNotLeaderResponses
2019-09-18 17:10:38,247 [org.apache.ratis.server.impl.LogAppender$AppenderDaemon$$Lambda$428/778963491@74fb7b33] WARN  server.GrpcLogAppender (GrpcLogAppender.java:mayWait(143)) - 96f0c9f3-2286-484a-8caa-cc6cff81bf3d@group-A40D0514C021->4807b144-2c85-4659-8a46-71684e6faffd-GrpcLogAppender: Wait interrupted by java.lang.InterruptedException
2019-09-18 17:10:38,247 [org.apache.ratis.server.impl.LogAppender$AppenderDaemon$$Lambda$428/778963491@cfd9316] WARN  server.GrpcLogAppender (GrpcLogAppender.java:mayWait(143)) - 96f0c9f3-2286-484a-8caa-cc6cff81bf3d@group-A40D0514C021->b4ae2fc6-33d9-4c1f-ba2b-766eed3c72c1-GrpcLogAppender: Wait interrupted by java.lang.InterruptedException
2019-09-18 17:10:38,252 [main] INFO  impl.StateMachineUpdater (StateMachineUpdater.java:stopAndJoin(125)) - 96f0c9f3-2286-484a-8caa-cc6cff81bf3d@group-A40D0514C021-StateMachineUpdater: set stopIndex = 16
2019-09-18 17:10:38,252 [96f0c9f3-2286-484a-8caa-cc6cff81bf3d@group-A40D0514C021-StateMachineUpdater] INFO  ratis.ContainerStateMachine (ContainerStateMachine.java:takeSnapshot(289)) - group-A40D0514C021: Taking a snapshot at:(t:2, i:14) file /workdir/hadoop-ozone/integration-test/target/test-dir/MiniOzoneClusterImpl-a0535264-3a9d-47dc-a6b5-6352fdff8bcc/datanode-0/data/ratis/083b1187-6039-494e-a78c-a40d0514c021/sm/snapshot.2_14
2019-09-18 17:10:38,254 [grpc-default-executor-4] INFO  server.GrpcServerProtocolService (GrpcServerProtocolService.java:onCompleted(113)) - b4ae2fc6-33d9-4c1f-ba2b-766eed3c72c1: Completed APPEND_ENTRIES, lastRequest: 96f0c9f3-2286-484a-8caa-cc6cff81bf3d->b4ae2fc6-33d9-4c1f-ba2b-766eed3c72c1#117-t2, previous=(t:2, i:20), leaderCommit=16, initializing? false, entries: <empty>
2019-09-18 17:10:38,255 [grpc-default-executor-4] INFO  server.GrpcLogAppender (GrpcLogAppender.java:onCompleted(293)) - 96f0c9f3-2286-484a-8caa-cc6cff81bf3d@group-A40D0514C021->b4ae2fc6-33d9-4c1f-ba2b-766eed3c72c1-AppendLogResponseHandler: follower responses appendEntries COMPLETED
2019-09-18 17:10:38,255 [grpc-default-executor-4] INFO  impl.FollowerInfo (FollowerInfo.java:lambda$new$0(51)) - 96f0c9f3-2286-484a-8caa-cc6cff81bf3d@group-A40D0514C021->b4ae2fc6-33d9-4c1f-ba2b-766eed3c72c1: nextIndex: updateUnconditionally 21 -> 17
2019-09-18 17:10:38,258 [96f0c9f3-2286-484a-8caa-cc6cff81bf3d@group-A40D0514C021-StateMachineUpdater] INFO  ratis.ContainerStateMachine (ContainerStateMachine.java:takeSnapshot(300)) - group-A40D0514C021: Finished taking a snapshot at:(t:2, i:14) file:/workdir/hadoop-ozone/integration-test/target/test-dir/MiniOzoneClusterImpl-a0535264-3a9d-47dc-a6b5-6352fdff8bcc/datanode-0/data/ratis/083b1187-6039-494e-a78c-a40d0514c021/sm/snapshot.2_14 time:5
2019-09-18 17:10:38,258 [96f0c9f3-2286-484a-8caa-cc6cff81bf3d@group-A40D0514C021-StateMachineUpdater] INFO  impl.StateMachineUpdater (StateMachineUpdater.java:takeSnapshot(258)) - 96f0c9f3-2286-484a-8caa-cc6cff81bf3d@group-A40D0514C021-StateMachineUpdater: Took a snapshot at index 14
2019-09-18 17:10:38,258 [96f0c9f3-2286-484a-8caa-cc6cff81bf3d@group-A40D0514C021-StateMachineUpdater] INFO  impl.StateMachineUpdater (StateMachineUpdater.java:lambda$new$0(83)) - 96f0c9f3-2286-484a-8caa-cc6cff81bf3d@group-A40D0514C021-StateMachineUpdater: snapshotIndex: updateIncreasingly -1 -> 14
2019-09-18 17:10:38,258 [96f0c9f3-2286-484a-8caa-cc6cff81bf3d@group-A40D0514C021-StateMachineUpdater] INFO  ratis.ContainerStateMachine (ContainerStateMachine.java:takeSnapshot(289)) - group-A40D0514C021: Taking a snapshot at:(t:2, i:14) file /workdir/hadoop-ozone/integration-test/target/test-dir/MiniOzoneClusterImpl-a0535264-3a9d-47dc-a6b5-6352fdff8bcc/datanode-0/data/ratis/083b1187-6039-494e-a78c-a40d0514c021/sm/snapshot.2_14
2019-09-18 17:10:38,264 [96f0c9f3-2286-484a-8caa-cc6cff81bf3d@group-A40D0514C021-StateMachineUpdater] INFO  ratis.ContainerStateMachine (ContainerStateMachine.java:takeSnapshot(300)) - group-A40D0514C021: Finished taking a snapshot at:(t:2, i:14) file:/workdir/hadoop-ozone/integration-test/target/test-dir/MiniOzoneClusterImpl-a0535264-3a9d-47dc-a6b5-6352fdff8bcc/datanode-0/data/ratis/083b1187-6039-494e-a78c-a40d0514c021/sm/snapshot.2_14 time:5
2019-09-18 17:10:38,264 [96f0c9f3-2286-484a-8caa-cc6cff81bf3d@group-A40D0514C021-StateMachineUpdater] INFO  impl.StateMachineUpdater (StateMachineUpdater.java:takeSnapshot(258)) - 96f0c9f3-2286-484a-8caa-cc6cff81bf3d@group-A40D0514C021-StateMachineUpdater: Took a snapshot at index 14
2019-09-18 17:10:38,264 [96f0c9f3-2286-484a-8caa-cc6cff81bf3d@group-A40D0514C021-StateMachineUpdater] INFO  impl.StateMachineUpdater (StateMachineUpdater.java:lambda$new$0(83)) - 96f0c9f3-2286-484a-8caa-cc6cff81bf3d@group-A40D0514C021-StateMachineUpdater: snapshotIndex: updateIncreasingly 14 -> 14
2019-09-18 17:10:38,269 [main] INFO  impl.RaftServerImpl (ServerState.java:close(385)) - 96f0c9f3-2286-484a-8caa-cc6cff81bf3d@group-A40D0514C021: closes. applyIndex: 16
2019-09-18 17:10:38,273 [96f0c9f3-2286-484a-8caa-cc6cff81bf3d@group-A40D0514C021-SegmentedRaftLogWorker] ERROR ratis.XceiverServerRatis (XceiverServerRatis.java:triggerPipelineClose(575)) - pipeline Action CLOSE  on pipeline PipelineID=083b1187-6039-494e-a78c-a40d0514c021.Reason : WriteLog:19: (t:2, i:19), STATEMACHINELOGENTRY, client-23B55BADBE70, cid=31-writeStateMachineData interrupted.
2019-09-18 17:10:38,280 [main] INFO  segmented.SegmentedRaftLogWorker (SegmentedRaftLogWorker.java:close(228)) - 96f0c9f3-2286-484a-8caa-cc6cff81bf3d@group-A40D0514C021-SegmentedRaftLogWorker close()
2019-09-18 17:10:38,294 [main] INFO  server.GrpcService (GrpcService.java:closeImpl(164)) - 96f0c9f3-2286-484a-8caa-cc6cff81bf3d: shutdown server with port 42800 now
2019-09-18 17:10:38,295 [main] INFO  server.GrpcService (GrpcService.java:closeImpl(172)) - 96f0c9f3-2286-484a-8caa-cc6cff81bf3d: shutdown server with port 42800 successfully
2019-09-18 17:10:38,312 [refreshUsed-/workdir/hadoop-ozone/integration-test/target/test-dir/MiniOzoneClusterImpl-a0535264-3a9d-47dc-a6b5-6352fdff8bcc/datanode-0/data/containers] WARN  fs.CachingGetSpaceUsed (CachingGetSpaceUsed.java:run(183)) - Thread Interrupted waiting to refresh disk information: sleep interrupted
2019-09-18 17:10:38,328 [main] INFO  utils.BackgroundService (BackgroundService.java:shutdown(148)) - Shutting down service BlockDeletingService
2019-09-18 17:10:38,339 [main] INFO  statemachine.DatanodeStateMachine (DatanodeStateMachine.java:stopDaemon(395)) - Ozone container server stopped.
2019-09-18 17:10:38,356 [main] INFO  handler.ContextHandler (ContextHandler.java:doStop(910)) - Stopped o.e.j.w.WebAppContext@a66e580{/,null,UNAVAILABLE}{/hddsDatanode}
2019-09-18 17:10:38,358 [main] INFO  server.AbstractConnector (AbstractConnector.java:doStop(318)) - Stopped ServerConnector@5b852b49{HTTP/1.1,[http/1.1]}{0.0.0.0:0}
2019-09-18 17:10:38,373 [main] INFO  handler.ContextHandler (ContextHandler.java:doStop(910)) - Stopped o.e.j.s.ServletContextHandler@7ff35a3f{/static,jar:file:/home/user/.m2/repository/org/apache/hadoop/hadoop-hdds-container-service/0.5.0-SNAPSHOT/hadoop-hdds-container-service-0.5.0-SNAPSHOT.jar!/webapps/static,UNAVAILABLE}
2019-09-18 17:10:38,374 [main] INFO  handler.ContextHandler (ContextHandler.java:doStop(910)) - Stopped o.e.j.s.ServletContextHandler@6d1dcdff{/logs,file:///workdir/hadoop-ozone/integration-test/target/log,UNAVAILABLE}
2019-09-18 17:10:38,447 [grpc-default-executor-4] INFO  client.GrpcClientProtocolClient (GrpcClientProtocolClient.java:onNext(264)) - client-F299FC84871C->78cf3f4b-2ba3-4c47-8363-becf5fcab44c: receive RaftClientReply:client-F299FC84871C->78cf3f4b-2ba3-4c47-8363-becf5fcab44c@group-44CDFF0F5509, cid=62, SUCCESS, logIndex=27, commits[78cf3f4b-2ba3-4c47-8363-becf5fcab44c:c28, 77addda6-fc28-4fe0-a9c9-ddb04539ca78:c26, 62d2617d-d759-46ce-9c32-c3f7d08f54db:c26]
2019-09-18 17:10:38,448 [grpc-default-executor-4] INFO  client.GrpcClientProtocolClient (GrpcClientProtocolClient.java:onNext(264)) - client-F299FC84871C->78cf3f4b-2ba3-4c47-8363-becf5fcab44c: receive RaftClientReply:client-F299FC84871C->78cf3f4b-2ba3-4c47-8363-becf5fcab44c@group-44CDFF0F5509, cid=63, SUCCESS, logIndex=28, commits[78cf3f4b-2ba3-4c47-8363-becf5fcab44c:c28, 77addda6-fc28-4fe0-a9c9-ddb04539ca78:c26, 62d2617d-d759-46ce-9c32-c3f7d08f54db:c26]
2019-09-18 17:10:38,457 [grpc-default-executor-4] INFO  client.GrpcClientProtocolClient (GrpcClientProtocolClient.java:onNext(264)) - client-F299FC84871C->78cf3f4b-2ba3-4c47-8363-becf5fcab44c: receive RaftClientReply:client-F299FC84871C->78cf3f4b-2ba3-4c47-8363-becf5fcab44c@group-44CDFF0F5509, cid=64, SUCCESS, logIndex=0, commits[78cf3f4b-2ba3-4c47-8363-becf5fcab44c:c30, 77addda6-fc28-4fe0-a9c9-ddb04539ca78:c28, 62d2617d-d759-46ce-9c32-c3f7d08f54db:c28]
2019-09-18 17:10:38,669 [java.util.concurrent.ThreadPoolExecutor$Worker@30253f2e[State = -1, empty queue]] WARN  server.GrpcLogAppender (GrpcLogAppender.java:timeoutAppendRequest(200)) - 1abc736a-4830-4c4e-94c6-330cfb37cbd9@group-16324F4B6BD7->c79c5a76-aee4-4242-a106-dd0d04c341ff-GrpcLogAppender: appendEntries Timeout, request=1abc736a-4830-4c4e-94c6-330cfb37cbd9->c79c5a76-aee4-4242-a106-dd0d04c341ff#111-t2, previous=(t:2, i:20), leaderCommit=16, initializing? false, entries: <empty>
2019-09-18 17:10:38,669 [java.util.concurrent.ThreadPoolExecutor$Worker@5edbee1f[State = -1, empty queue]] WARN  server.GrpcLogAppender (GrpcLogAppender.java:timeoutAppendRequest(200)) - 1abc736a-4830-4c4e-94c6-330cfb37cbd9@group-16324F4B6BD7->9060795c-f318-48a7-8c5f-b9c772b9291e-GrpcLogAppender: appendEntries Timeout, request=1abc736a-4830-4c4e-94c6-330cfb37cbd9->9060795c-f318-48a7-8c5f-b9c772b9291e#111-t2, previous=(t:2, i:20), leaderCommit=16, initializing? false, entries: <empty>
2019-09-18 17:10:39,169 [java.util.concurrent.ThreadPoolExecutor$Worker@30253f2e[State = -1, empty queue]] WARN  server.GrpcLogAppender (GrpcLogAppender.java:timeoutAppendRequest(200)) - 1abc736a-4830-4c4e-94c6-330cfb37cbd9@group-16324F4B6BD7->c79c5a76-aee4-4242-a106-dd0d04c341ff-GrpcLogAppender: appendEntries Timeout, request=1abc736a-4830-4c4e-94c6-330cfb37cbd9->c79c5a76-aee4-4242-a106-dd0d04c341ff#112-t2, previous=(t:2, i:20), leaderCommit=16, initializing? false, entries: <empty>
2019-09-18 17:10:39,169 [java.util.concurrent.ThreadPoolExecutor$Worker@5edbee1f[State = -1, empty queue]] WARN  server.GrpcLogAppender (GrpcLogAppender.java:timeoutAppendRequest(200)) - 1abc736a-4830-4c4e-94c6-330cfb37cbd9@group-16324F4B6BD7->9060795c-f318-48a7-8c5f-b9c772b9291e-GrpcLogAppender: appendEntries Timeout, request=1abc736a-4830-4c4e-94c6-330cfb37cbd9->9060795c-f318-48a7-8c5f-b9c772b9291e#112-t2, previous=(t:2, i:20), leaderCommit=16, initializing? false, entries: <empty>
2019-09-18 17:10:39,669 [java.util.concurrent.ThreadPoolExecutor$Worker@30253f2e[State = -1, empty queue]] WARN  server.GrpcLogAppender (GrpcLogAppender.java:timeoutAppendRequest(200)) - 1abc736a-4830-4c4e-94c6-330cfb37cbd9@group-16324F4B6BD7->c79c5a76-aee4-4242-a106-dd0d04c341ff-GrpcLogAppender: appendEntries Timeout, request=1abc736a-4830-4c4e-94c6-330cfb37cbd9->c79c5a76-aee4-4242-a106-dd0d04c341ff#113-t2, previous=(t:2, i:20), leaderCommit=16, initializing? false, entries: <empty>
2019-09-18 17:10:39,670 [java.util.concurrent.ThreadPoolExecutor$Worker@5edbee1f[State = -1, empty queue]] WARN  server.GrpcLogAppender (GrpcLogAppender.java:timeoutAppendRequest(200)) - 1abc736a-4830-4c4e-94c6-330cfb37cbd9@group-16324F4B6BD7->9060795c-f318-48a7-8c5f-b9c772b9291e-GrpcLogAppender: appendEntries Timeout, request=1abc736a-4830-4c4e-94c6-330cfb37cbd9->9060795c-f318-48a7-8c5f-b9c772b9291e#113-t2, previous=(t:2, i:20), leaderCommit=16, initializing? false, entries: <empty>
2019-09-18 17:10:40,170 [java.util.concurrent.ThreadPoolExecutor$Worker@30253f2e[State = -1, empty queue]] WARN  server.GrpcLogAppender (GrpcLogAppender.java:timeoutAppendRequest(200)) - 1abc736a-4830-4c4e-94c6-330cfb37cbd9@group-16324F4B6BD7->c79c5a76-aee4-4242-a106-dd0d04c341ff-GrpcLogAppender: appendEntries Timeout, request=1abc736a-4830-4c4e-94c6-330cfb37cbd9->c79c5a76-aee4-4242-a106-dd0d04c341ff#114-t2, previous=(t:2, i:20), leaderCommit=16, initializing? false, entries: <empty>
2019-09-18 17:10:40,170 [java.util.concurrent.ThreadPoolExecutor$Worker@5edbee1f[State = -1, empty queue]] WARN  server.GrpcLogAppender (GrpcLogAppender.java:timeoutAppendRequest(200)) - 1abc736a-4830-4c4e-94c6-330cfb37cbd9@group-16324F4B6BD7->9060795c-f318-48a7-8c5f-b9c772b9291e-GrpcLogAppender: appendEntries Timeout, request=1abc736a-4830-4c4e-94c6-330cfb37cbd9->9060795c-f318-48a7-8c5f-b9c772b9291e#114-t2, previous=(t:2, i:20), leaderCommit=16, initializing? false, entries: <empty>
2019-09-18 17:10:40,460 [b4ae2fc6-33d9-4c1f-ba2b-766eed3c72c1@group-A40D0514C021-SegmentedRaftLogWorker] WARN  segmented.SegmentedRaftLogWorker (SegmentedRaftLogWorker.java:getFromFuture(90)) - Timeout 4/~
org.apache.ratis.protocol.TimeoutIOException: Timeout 10s: WriteLog:17: (t:2, i:17), STATEMACHINELOGENTRY, client-23B55BADBE70, cid=29-writeStateMachineData
	at org.apache.ratis.util.IOUtils.getFromFuture(IOUtils.java:87)
	at org.apache.ratis.server.raftlog.segmented.SegmentedRaftLogWorker$StateMachineDataPolicy.getFromFuture(SegmentedRaftLogWorker.java:87)
	at org.apache.ratis.server.raftlog.segmented.SegmentedRaftLogWorker$WriteLog.execute(SegmentedRaftLogWorker.java:477)
	at org.apache.ratis.server.raftlog.segmented.SegmentedRaftLogWorker.run(SegmentedRaftLogWorker.java:289)
	at java.lang.Thread.run(Thread.java:748)
Caused by: java.util.concurrent.TimeoutException
	at java.util.concurrent.CompletableFuture.timedGet(CompletableFuture.java:1771)
	at java.util.concurrent.CompletableFuture.get(CompletableFuture.java:1915)
	at org.apache.ratis.util.IOUtils.getFromFuture(IOUtils.java:79)
	... 4 more
2019-09-18 17:10:40,670 [java.util.concurrent.ThreadPoolExecutor$Worker@30253f2e[State = -1, empty queue]] WARN  server.GrpcLogAppender (GrpcLogAppender.java:timeoutAppendRequest(200)) - 1abc736a-4830-4c4e-94c6-330cfb37cbd9@group-16324F4B6BD7->c79c5a76-aee4-4242-a106-dd0d04c341ff-GrpcLogAppender: appendEntries Timeout, request=1abc736a-4830-4c4e-94c6-330cfb37cbd9->c79c5a76-aee4-4242-a106-dd0d04c341ff#115-t2, previous=(t:2, i:20), leaderCommit=16, initializing? false, entries: <empty>
2019-09-18 17:10:40,670 [java.util.concurrent.ThreadPoolExecutor$Worker@5edbee1f[State = -1, empty queue]] WARN  server.GrpcLogAppender (GrpcLogAppender.java:timeoutAppendRequest(200)) - 1abc736a-4830-4c4e-94c6-330cfb37cbd9@group-16324F4B6BD7->9060795c-f318-48a7-8c5f-b9c772b9291e-GrpcLogAppender: appendEntries Timeout, request=1abc736a-4830-4c4e-94c6-330cfb37cbd9->9060795c-f318-48a7-8c5f-b9c772b9291e#115-t2, previous=(t:2, i:20), leaderCommit=16, initializing? false, entries: <empty>
2019-09-18 17:10:41,170 [java.util.concurrent.ThreadPoolExecutor$Worker@5edbee1f[State = -1, empty queue]] WARN  server.GrpcLogAppender (GrpcLogAppender.java:timeoutAppendRequest(200)) - 1abc736a-4830-4c4e-94c6-330cfb37cbd9@group-16324F4B6BD7->9060795c-f318-48a7-8c5f-b9c772b9291e-GrpcLogAppender: appendEntries Timeout, request=1abc736a-4830-4c4e-94c6-330cfb37cbd9->9060795c-f318-48a7-8c5f-b9c772b9291e#116-t2, previous=(t:2, i:20), leaderCommit=16, initializing? false, entries: <empty>
2019-09-18 17:10:41,170 [java.util.concurrent.ThreadPoolExecutor$Worker@30253f2e[State = -1, empty queue]] WARN  server.GrpcLogAppender (GrpcLogAppender.java:timeoutAppendRequest(200)) - 1abc736a-4830-4c4e-94c6-330cfb37cbd9@group-16324F4B6BD7->c79c5a76-aee4-4242-a106-dd0d04c341ff-GrpcLogAppender: appendEntries Timeout, request=1abc736a-4830-4c4e-94c6-330cfb37cbd9->c79c5a76-aee4-4242-a106-dd0d04c341ff#116-t2, previous=(t:2, i:20), leaderCommit=16, initializing? false, entries: <empty>
2019-09-18 17:10:41,484 [java.util.concurrent.ThreadPoolExecutor$Worker@583eae3a[State = -1, empty queue]] WARN  server.GrpcLogAppender (GrpcLogAppender.java:timeoutAppendRequest(200)) - 78cf3f4b-2ba3-4c47-8363-becf5fcab44c@group-44CDFF0F5509->62d2617d-d759-46ce-9c32-c3f7d08f54db-GrpcLogAppender: appendEntries Timeout, request=78cf3f4b-2ba3-4c47-8363-becf5fcab44c->62d2617d-d759-46ce-9c32-c3f7d08f54db#129-t1, previous=(t:1, i:30), leaderCommit=30, initializing? false, entries: size=1, first=(t:1, i:31), STATEMACHINELOGENTRY, client-F299FC84871C, cid=65
2019-09-18 17:10:41,485 [java.util.concurrent.ThreadPoolExecutor$Worker@583eae3a[State = -1, empty queue]] WARN  server.GrpcLogAppender (GrpcLogAppender.java:timeoutAppendRequest(200)) - 78cf3f4b-2ba3-4c47-8363-becf5fcab44c@group-44CDFF0F5509->62d2617d-d759-46ce-9c32-c3f7d08f54db-GrpcLogAppender: appendEntries Timeout, request=78cf3f4b-2ba3-4c47-8363-becf5fcab44c->62d2617d-d759-46ce-9c32-c3f7d08f54db#130-t1, previous=(t:1, i:31), leaderCommit=30, initializing? false, entries: size=1, first=(t:1, i:32), STATEMACHINELOGENTRY, client-F299FC84871C, cid=66
2019-09-18 17:10:41,485 [java.util.concurrent.ThreadPoolExecutor$Worker@6db19003[State = -1, empty queue]] WARN  server.GrpcLogAppender (GrpcLogAppender.java:timeoutAppendRequest(200)) - 78cf3f4b-2ba3-4c47-8363-becf5fcab44c@group-44CDFF0F5509->77addda6-fc28-4fe0-a9c9-ddb04539ca78-GrpcLogAppender: appendEntries Timeout, request=78cf3f4b-2ba3-4c47-8363-becf5fcab44c->77addda6-fc28-4fe0-a9c9-ddb04539ca78#129-t1, previous=(t:1, i:30), leaderCommit=30, initializing? false, entries: size=1, first=(t:1, i:31), STATEMACHINELOGENTRY, client-F299FC84871C, cid=65
2019-09-18 17:10:41,488 [java.util.concurrent.ThreadPoolExecutor$Worker@6db19003[State = -1, empty queue]] WARN  server.GrpcLogAppender (GrpcLogAppender.java:timeoutAppendRequest(200)) - 78cf3f4b-2ba3-4c47-8363-becf5fcab44c@group-44CDFF0F5509->77addda6-fc28-4fe0-a9c9-ddb04539ca78-GrpcLogAppender: appendEntries Timeout, request=78cf3f4b-2ba3-4c47-8363-becf5fcab44c->77addda6-fc28-4fe0-a9c9-ddb04539ca78#130-t1, previous=(t:1, i:31), leaderCommit=30, initializing? false, entries: size=1, first=(t:1, i:32), STATEMACHINELOGENTRY, client-F299FC84871C, cid=66
2019-09-18 17:10:41,488 [java.util.concurrent.ThreadPoolExecutor$Worker@583eae3a[State = -1, empty queue]] WARN  server.GrpcLogAppender (GrpcLogAppender.java:timeoutAppendRequest(200)) - 78cf3f4b-2ba3-4c47-8363-becf5fcab44c@group-44CDFF0F5509->62d2617d-d759-46ce-9c32-c3f7d08f54db-GrpcLogAppender: appendEntries Timeout, request=78cf3f4b-2ba3-4c47-8363-becf5fcab44c->62d2617d-d759-46ce-9c32-c3f7d08f54db#131-t1, previous=(t:1, i:32), leaderCommit=30, initializing? false, entries: size=1, first=(t:1, i:33), STATEMACHINELOGENTRY, client-F299FC84871C, cid=67
2019-09-18 17:10:41,489 [java.util.concurrent.ThreadPoolExecutor$Worker@6db19003[State = -1, empty queue]] WARN  server.GrpcLogAppender (GrpcLogAppender.java:timeoutAppendRequest(200)) - 78cf3f4b-2ba3-4c47-8363-becf5fcab44c@group-44CDFF0F5509->77addda6-fc28-4fe0-a9c9-ddb04539ca78-GrpcLogAppender: appendEntries Timeout, request=78cf3f4b-2ba3-4c47-8363-becf5fcab44c->77addda6-fc28-4fe0-a9c9-ddb04539ca78#131-t1, previous=(t:1, i:32), leaderCommit=30, initializing? false, entries: size=1, first=(t:1, i:33), STATEMACHINELOGENTRY, client-F299FC84871C, cid=67
2019-09-18 17:10:41,491 [java.util.concurrent.ThreadPoolExecutor$Worker@583eae3a[State = -1, empty queue]] WARN  server.GrpcLogAppender (GrpcLogAppender.java:timeoutAppendRequest(200)) - 78cf3f4b-2ba3-4c47-8363-becf5fcab44c@group-44CDFF0F5509->62d2617d-d759-46ce-9c32-c3f7d08f54db-GrpcLogAppender: appendEntries Timeout, request=78cf3f4b-2ba3-4c47-8363-becf5fcab44c->62d2617d-d759-46ce-9c32-c3f7d08f54db#132-t1, previous=(t:1, i:33), leaderCommit=30, initializing? false, entries: size=1, first=(t:1, i:34), STATEMACHINELOGENTRY, client-F299FC84871C, cid=68
2019-09-18 17:10:41,491 [java.util.concurrent.ThreadPoolExecutor$Worker@6db19003[State = -1, empty queue]] WARN  server.GrpcLogAppender (GrpcLogAppender.java:timeoutAppendRequest(200)) - 78cf3f4b-2ba3-4c47-8363-becf5fcab44c@group-44CDFF0F5509->77addda6-fc28-4fe0-a9c9-ddb04539ca78-GrpcLogAppender: appendEntries Timeout, request=78cf3f4b-2ba3-4c47-8363-becf5fcab44c->77addda6-fc28-4fe0-a9c9-ddb04539ca78#132-t1, previous=(t:1, i:33), leaderCommit=30, initializing? false, entries: size=1, first=(t:1, i:34), STATEMACHINELOGENTRY, client-F299FC84871C, cid=68
2019-09-18 17:10:41,671 [java.util.concurrent.ThreadPoolExecutor$Worker@30253f2e[State = -1, empty queue]] WARN  server.GrpcLogAppender (GrpcLogAppender.java:timeoutAppendRequest(200)) - 1abc736a-4830-4c4e-94c6-330cfb37cbd9@group-16324F4B6BD7->c79c5a76-aee4-4242-a106-dd0d04c341ff-GrpcLogAppender: appendEntries Timeout, request=1abc736a-4830-4c4e-94c6-330cfb37cbd9->c79c5a76-aee4-4242-a106-dd0d04c341ff#117-t2, previous=(t:2, i:20), leaderCommit=16, initializing? false, entries: <empty>
2019-09-18 17:10:41,671 [java.util.concurrent.ThreadPoolExecutor$Worker@5edbee1f[State = -1, empty queue]] WARN  server.GrpcLogAppender (GrpcLogAppender.java:timeoutAppendRequest(200)) - 1abc736a-4830-4c4e-94c6-330cfb37cbd9@group-16324F4B6BD7->9060795c-f318-48a7-8c5f-b9c772b9291e-GrpcLogAppender: appendEntries Timeout, request=1abc736a-4830-4c4e-94c6-330cfb37cbd9->9060795c-f318-48a7-8c5f-b9c772b9291e#117-t2, previous=(t:2, i:20), leaderCommit=16, initializing? false, entries: <empty>
2019-09-18 17:10:41,988 [java.util.concurrent.ThreadPoolExecutor$Worker@6db19003[State = -1, empty queue]] WARN  server.GrpcLogAppender (GrpcLogAppender.java:timeoutAppendRequest(200)) - 78cf3f4b-2ba3-4c47-8363-becf5fcab44c@group-44CDFF0F5509->77addda6-fc28-4fe0-a9c9-ddb04539ca78-GrpcLogAppender: appendEntries Timeout, request=78cf3f4b-2ba3-4c47-8363-becf5fcab44c->77addda6-fc28-4fe0-a9c9-ddb04539ca78#133-t1, previous=(t:1, i:34), leaderCommit=30, initializing? false, entries: <empty>
2019-09-18 17:10:41,988 [java.util.concurrent.ThreadPoolExecutor$Worker@583eae3a[State = -1, empty queue]] WARN  server.GrpcLogAppender (GrpcLogAppender.java:timeoutAppendRequest(200)) - 78cf3f4b-2ba3-4c47-8363-becf5fcab44c@group-44CDFF0F5509->62d2617d-d759-46ce-9c32-c3f7d08f54db-GrpcLogAppender: appendEntries Timeout, request=78cf3f4b-2ba3-4c47-8363-becf5fcab44c->62d2617d-d759-46ce-9c32-c3f7d08f54db#133-t1, previous=(t:1, i:34), leaderCommit=30, initializing? false, entries: <empty>
2019-09-18 17:10:42,171 [java.util.concurrent.ThreadPoolExecutor$Worker@30253f2e[State = -1, empty queue]] WARN  server.GrpcLogAppender (GrpcLogAppender.java:timeoutAppendRequest(200)) - 1abc736a-4830-4c4e-94c6-330cfb37cbd9@group-16324F4B6BD7->c79c5a76-aee4-4242-a106-dd0d04c341ff-GrpcLogAppender: appendEntries Timeout, request=1abc736a-4830-4c4e-94c6-330cfb37cbd9->c79c5a76-aee4-4242-a106-dd0d04c341ff#118-t2, previous=(t:2, i:20), leaderCommit=16, initializing? false, entries: <empty>
2019-09-18 17:10:42,171 [java.util.concurrent.ThreadPoolExecutor$Worker@5edbee1f[State = -1, empty queue]] WARN  server.GrpcLogAppender (GrpcLogAppender.java:timeoutAppendRequest(200)) - 1abc736a-4830-4c4e-94c6-330cfb37cbd9@group-16324F4B6BD7->9060795c-f318-48a7-8c5f-b9c772b9291e-GrpcLogAppender: appendEntries Timeout, request=1abc736a-4830-4c4e-94c6-330cfb37cbd9->9060795c-f318-48a7-8c5f-b9c772b9291e#118-t2, previous=(t:2, i:20), leaderCommit=16, initializing? false, entries: <empty>
2019-09-18 17:10:42,488 [java.util.concurrent.ThreadPoolExecutor$Worker@583eae3a[State = -1, empty queue]] WARN  server.GrpcLogAppender (GrpcLogAppender.java:timeoutAppendRequest(200)) - 78cf3f4b-2ba3-4c47-8363-becf5fcab44c@group-44CDFF0F5509->62d2617d-d759-46ce-9c32-c3f7d08f54db-GrpcLogAppender: appendEntries Timeout, request=78cf3f4b-2ba3-4c47-8363-becf5fcab44c->62d2617d-d759-46ce-9c32-c3f7d08f54db#134-t1, previous=(t:1, i:34), leaderCommit=30, initializing? false, entries: <empty>
2019-09-18 17:10:42,489 [java.util.concurrent.ThreadPoolExecutor$Worker@6db19003[State = -1, empty queue]] WARN  server.GrpcLogAppender (GrpcLogAppender.java:timeoutAppendRequest(200)) - 78cf3f4b-2ba3-4c47-8363-becf5fcab44c@group-44CDFF0F5509->77addda6-fc28-4fe0-a9c9-ddb04539ca78-GrpcLogAppender: appendEntries Timeout, request=78cf3f4b-2ba3-4c47-8363-becf5fcab44c->77addda6-fc28-4fe0-a9c9-ddb04539ca78#134-t1, previous=(t:1, i:34), leaderCommit=30, initializing? false, entries: <empty>
2019-09-18 17:10:42,671 [java.util.concurrent.ThreadPoolExecutor$Worker@30253f2e[State = -1, empty queue]] WARN  server.GrpcLogAppender (GrpcLogAppender.java:timeoutAppendRequest(200)) - 1abc736a-4830-4c4e-94c6-330cfb37cbd9@group-16324F4B6BD7->c79c5a76-aee4-4242-a106-dd0d04c341ff-GrpcLogAppender: appendEntries Timeout, request=1abc736a-4830-4c4e-94c6-330cfb37cbd9->c79c5a76-aee4-4242-a106-dd0d04c341ff#119-t2, previous=(t:2, i:20), leaderCommit=16, initializing? false, entries: <empty>
2019-09-18 17:10:42,671 [java.util.concurrent.ThreadPoolExecutor$Worker@5edbee1f[State = -1, empty queue]] WARN  server.GrpcLogAppender (GrpcLogAppender.java:timeoutAppendRequest(200)) - 1abc736a-4830-4c4e-94c6-330cfb37cbd9@group-16324F4B6BD7->9060795c-f318-48a7-8c5f-b9c772b9291e-GrpcLogAppender: appendEntries Timeout, request=1abc736a-4830-4c4e-94c6-330cfb37cbd9->9060795c-f318-48a7-8c5f-b9c772b9291e#119-t2, previous=(t:2, i:20), leaderCommit=16, initializing? false, entries: <empty>
2019-09-18 17:10:42,989 [java.util.concurrent.ThreadPoolExecutor$Worker@6db19003[State = -1, empty queue]] WARN  server.GrpcLogAppender (GrpcLogAppender.java:timeoutAppendRequest(200)) - 78cf3f4b-2ba3-4c47-8363-becf5fcab44c@group-44CDFF0F5509->77addda6-fc28-4fe0-a9c9-ddb04539ca78-GrpcLogAppender: appendEntries Timeout, request=78cf3f4b-2ba3-4c47-8363-becf5fcab44c->77addda6-fc28-4fe0-a9c9-ddb04539ca78#135-t1, previous=(t:1, i:34), leaderCommit=30, initializing? false, entries: <empty>
2019-09-18 17:10:42,989 [java.util.concurrent.ThreadPoolExecutor$Worker@583eae3a[State = -1, empty queue]] WARN  server.GrpcLogAppender (GrpcLogAppender.java:timeoutAppendRequest(200)) - 78cf3f4b-2ba3-4c47-8363-becf5fcab44c@group-44CDFF0F5509->62d2617d-d759-46ce-9c32-c3f7d08f54db-GrpcLogAppender: appendEntries Timeout, request=78cf3f4b-2ba3-4c47-8363-becf5fcab44c->62d2617d-d759-46ce-9c32-c3f7d08f54db#135-t1, previous=(t:1, i:34), leaderCommit=30, initializing? false, entries: <empty>
2019-09-18 17:10:43,172 [java.util.concurrent.ThreadPoolExecutor$Worker@30253f2e[State = -1, empty queue]] WARN  server.GrpcLogAppender (GrpcLogAppender.java:timeoutAppendRequest(200)) - 1abc736a-4830-4c4e-94c6-330cfb37cbd9@group-16324F4B6BD7->c79c5a76-aee4-4242-a106-dd0d04c341ff-GrpcLogAppender: appendEntries Timeout, request=1abc736a-4830-4c4e-94c6-330cfb37cbd9->c79c5a76-aee4-4242-a106-dd0d04c341ff#120-t2, previous=(t:2, i:20), leaderCommit=16, initializing? false, entries: <empty>
2019-09-18 17:10:43,172 [java.util.concurrent.ThreadPoolExecutor$Worker@5edbee1f[State = -1, empty queue]] WARN  server.GrpcLogAppender (GrpcLogAppender.java:timeoutAppendRequest(200)) - 1abc736a-4830-4c4e-94c6-330cfb37cbd9@group-16324F4B6BD7->9060795c-f318-48a7-8c5f-b9c772b9291e-GrpcLogAppender: appendEntries Timeout, request=1abc736a-4830-4c4e-94c6-330cfb37cbd9->9060795c-f318-48a7-8c5f-b9c772b9291e#120-t2, previous=(t:2, i:20), leaderCommit=16, initializing? false, entries: <empty>
2019-09-18 17:10:43,489 [java.util.concurrent.ThreadPoolExecutor$Worker@6db19003[State = -1, empty queue]] WARN  server.GrpcLogAppender (GrpcLogAppender.java:timeoutAppendRequest(200)) - 78cf3f4b-2ba3-4c47-8363-becf5fcab44c@group-44CDFF0F5509->77addda6-fc28-4fe0-a9c9-ddb04539ca78-GrpcLogAppender: appendEntries Timeout, request=78cf3f4b-2ba3-4c47-8363-becf5fcab44c->77addda6-fc28-4fe0-a9c9-ddb04539ca78#136-t1, previous=(t:1, i:34), leaderCommit=30, initializing? false, entries: <empty>
2019-09-18 17:10:43,489 [java.util.concurrent.ThreadPoolExecutor$Worker@583eae3a[State = -1, empty queue]] WARN  server.GrpcLogAppender (GrpcLogAppender.java:timeoutAppendRequest(200)) - 78cf3f4b-2ba3-4c47-8363-becf5fcab44c@group-44CDFF0F5509->62d2617d-d759-46ce-9c32-c3f7d08f54db-GrpcLogAppender: appendEntries Timeout, request=78cf3f4b-2ba3-4c47-8363-becf5fcab44c->62d2617d-d759-46ce-9c32-c3f7d08f54db#136-t1, previous=(t:1, i:34), leaderCommit=30, initializing? false, entries: <empty>
2019-09-18 17:10:43,512 [grpc-default-executor-5] INFO  client.GrpcClientProtocolClient (GrpcClientProtocolClient.java:onNext(264)) - client-F299FC84871C->77addda6-fc28-4fe0-a9c9-ddb04539ca78: receive RaftClientReply:client-F299FC84871C->77addda6-fc28-4fe0-a9c9-ddb04539ca78@group-44CDFF0F5509, cid=65, FAILED org.apache.ratis.protocol.NotLeaderException: Server 77addda6-fc28-4fe0-a9c9-ddb04539ca78@group-44CDFF0F5509 is not the leader 78cf3f4b-2ba3-4c47-8363-becf5fcab44c:192.168.151.122:41660, logIndex=0, commits[77addda6-fc28-4fe0-a9c9-ddb04539ca78:c30, 78cf3f4b-2ba3-4c47-8363-becf5fcab44c:c30, 62d2617d-d759-46ce-9c32-c3f7d08f54db:c28]
2019-09-18 17:10:43,672 [java.util.concurrent.ThreadPoolExecutor$Worker@30253f2e[State = -1, empty queue]] WARN  server.GrpcLogAppender (GrpcLogAppender.java:timeoutAppendRequest(200)) - 1abc736a-4830-4c4e-94c6-330cfb37cbd9@group-16324F4B6BD7->c79c5a76-aee4-4242-a106-dd0d04c341ff-GrpcLogAppender: appendEntries Timeout, request=1abc736a-4830-4c4e-94c6-330cfb37cbd9->c79c5a76-aee4-4242-a106-dd0d04c341ff#121-t2, previous=(t:2, i:20), leaderCommit=16, initializing? false, entries: <empty>
2019-09-18 17:10:43,672 [java.util.concurrent.ThreadPoolExecutor$Worker@5edbee1f[State = -1, empty queue]] WARN  server.GrpcLogAppender (GrpcLogAppender.java:timeoutAppendRequest(200)) - 1abc736a-4830-4c4e-94c6-330cfb37cbd9@group-16324F4B6BD7->9060795c-f318-48a7-8c5f-b9c772b9291e-GrpcLogAppender: appendEntries Timeout, request=1abc736a-4830-4c4e-94c6-330cfb37cbd9->9060795c-f318-48a7-8c5f-b9c772b9291e#121-t2, previous=(t:2, i:20), leaderCommit=16, initializing? false, entries: <empty>
2019-09-18 17:10:43,990 [java.util.concurrent.ThreadPoolExecutor$Worker@6db19003[State = -1, empty queue]] WARN  server.GrpcLogAppender (GrpcLogAppender.java:timeoutAppendRequest(200)) - 78cf3f4b-2ba3-4c47-8363-becf5fcab44c@group-44CDFF0F5509->77addda6-fc28-4fe0-a9c9-ddb04539ca78-GrpcLogAppender: appendEntries Timeout, request=78cf3f4b-2ba3-4c47-8363-becf5fcab44c->77addda6-fc28-4fe0-a9c9-ddb04539ca78#137-t1, previous=(t:1, i:34), leaderCommit=30, initializing? false, entries: <empty>
2019-09-18 17:10:43,990 [java.util.concurrent.ThreadPoolExecutor$Worker@583eae3a[State = -1, empty queue]] WARN  server.GrpcLogAppender (GrpcLogAppender.java:timeoutAppendRequest(200)) - 78cf3f4b-2ba3-4c47-8363-becf5fcab44c@group-44CDFF0F5509->62d2617d-d759-46ce-9c32-c3f7d08f54db-GrpcLogAppender: appendEntries Timeout, request=78cf3f4b-2ba3-4c47-8363-becf5fcab44c->62d2617d-d759-46ce-9c32-c3f7d08f54db#137-t1, previous=(t:1, i:34), leaderCommit=30, initializing? false, entries: <empty>
2019-09-18 17:10:44,172 [java.util.concurrent.ThreadPoolExecutor$Worker@30253f2e[State = -1, empty queue]] WARN  server.GrpcLogAppender (GrpcLogAppender.java:timeoutAppendRequest(200)) - 1abc736a-4830-4c4e-94c6-330cfb37cbd9@group-16324F4B6BD7->c79c5a76-aee4-4242-a106-dd0d04c341ff-GrpcLogAppender: appendEntries Timeout, request=1abc736a-4830-4c4e-94c6-330cfb37cbd9->c79c5a76-aee4-4242-a106-dd0d04c341ff#122-t2, previous=(t:2, i:20), leaderCommit=16, initializing? false, entries: <empty>
2019-09-18 17:10:44,172 [java.util.concurrent.ThreadPoolExecutor$Worker@5edbee1f[State = -1, empty queue]] WARN  server.GrpcLogAppender (GrpcLogAppender.java:timeoutAppendRequest(200)) - 1abc736a-4830-4c4e-94c6-330cfb37cbd9@group-16324F4B6BD7->9060795c-f318-48a7-8c5f-b9c772b9291e-GrpcLogAppender: appendEntries Timeout, request=1abc736a-4830-4c4e-94c6-330cfb37cbd9->9060795c-f318-48a7-8c5f-b9c772b9291e#122-t2, previous=(t:2, i:20), leaderCommit=16, initializing? false, entries: <empty>
2019-09-18 17:10:44,491 [java.util.concurrent.ThreadPoolExecutor$Worker@583eae3a[State = -1, empty queue]] WARN  server.GrpcLogAppender (GrpcLogAppender.java:timeoutAppendRequest(200)) - 78cf3f4b-2ba3-4c47-8363-becf5fcab44c@group-44CDFF0F5509->62d2617d-d759-46ce-9c32-c3f7d08f54db-GrpcLogAppender: appendEntries Timeout, request=78cf3f4b-2ba3-4c47-8363-becf5fcab44c->62d2617d-d759-46ce-9c32-c3f7d08f54db#138-t1, previous=(t:1, i:34), leaderCommit=30, initializing? false, entries: <empty>
2019-09-18 17:10:44,491 [java.util.concurrent.ThreadPoolExecutor$Worker@6db19003[State = -1, empty queue]] WARN  server.GrpcLogAppender (GrpcLogAppender.java:timeoutAppendRequest(200)) - 78cf3f4b-2ba3-4c47-8363-becf5fcab44c@group-44CDFF0F5509->77addda6-fc28-4fe0-a9c9-ddb04539ca78-GrpcLogAppender: appendEntries Timeout, request=78cf3f4b-2ba3-4c47-8363-becf5fcab44c->77addda6-fc28-4fe0-a9c9-ddb04539ca78#138-t1, previous=(t:1, i:34), leaderCommit=30, initializing? false, entries: <empty>
2019-09-18 17:10:44,622 [1abc736a-4830-4c4e-94c6-330cfb37cbd9@group-16324F4B6BD7-SegmentedRaftLogWorker] WARN  segmented.SegmentedRaftLogWorker (SegmentedRaftLogWorker.java:getFromFuture(90)) - Timeout 2/~
org.apache.ratis.protocol.TimeoutIOException: Timeout 10s: WriteLog:17: (t:2, i:17), STATEMACHINELOGENTRY, client-A93D41F52A29, cid=52-writeStateMachineData
	at org.apache.ratis.util.IOUtils.getFromFuture(IOUtils.java:87)
	at org.apache.ratis.server.raftlog.segmented.SegmentedRaftLogWorker$StateMachineDataPolicy.getFromFuture(SegmentedRaftLogWorker.java:87)
	at org.apache.ratis.server.raftlog.segmented.SegmentedRaftLogWorker$WriteLog.execute(SegmentedRaftLogWorker.java:477)
	at org.apache.ratis.server.raftlog.segmented.SegmentedRaftLogWorker.run(SegmentedRaftLogWorker.java:289)
	at java.lang.Thread.run(Thread.java:748)
Caused by: java.util.concurrent.TimeoutException
	at java.util.concurrent.CompletableFuture.timedGet(CompletableFuture.java:1771)
	at java.util.concurrent.CompletableFuture.get(CompletableFuture.java:1915)
	at org.apache.ratis.util.IOUtils.getFromFuture(IOUtils.java:79)
	... 4 more
2019-09-18 17:10:44,627 [9060795c-f318-48a7-8c5f-b9c772b9291e@group-16324F4B6BD7-SegmentedRaftLogWorker] WARN  segmented.SegmentedRaftLogWorker (SegmentedRaftLogWorker.java:getFromFuture(90)) - Timeout 2/~
org.apache.ratis.protocol.TimeoutIOException: Timeout 10s: WriteLog:17: (t:2, i:17), STATEMACHINELOGENTRY, client-A93D41F52A29, cid=52-writeStateMachineData
	at org.apache.ratis.util.IOUtils.getFromFuture(IOUtils.java:87)
	at org.apache.ratis.server.raftlog.segmented.SegmentedRaftLogWorker$StateMachineDataPolicy.getFromFuture(SegmentedRaftLogWorker.java:87)
	at org.apache.ratis.server.raftlog.segmented.SegmentedRaftLogWorker$WriteLog.execute(SegmentedRaftLogWorker.java:477)
	at org.apache.ratis.server.raftlog.segmented.SegmentedRaftLogWorker.run(SegmentedRaftLogWorker.java:289)
	at java.lang.Thread.run(Thread.java:748)
Caused by: java.util.concurrent.TimeoutException
	at java.util.concurrent.CompletableFuture.timedGet(CompletableFuture.java:1771)
	at java.util.concurrent.CompletableFuture.get(CompletableFuture.java:1915)
	at org.apache.ratis.util.IOUtils.getFromFuture(IOUtils.java:79)
	... 4 more
2019-09-18 17:10:44,674 [java.util.concurrent.ThreadPoolExecutor$Worker@30253f2e[State = -1, empty queue]] WARN  server.GrpcLogAppender (GrpcLogAppender.java:timeoutAppendRequest(200)) - 1abc736a-4830-4c4e-94c6-330cfb37cbd9@group-16324F4B6BD7->c79c5a76-aee4-4242-a106-dd0d04c341ff-GrpcLogAppender: appendEntries Timeout, request=1abc736a-4830-4c4e-94c6-330cfb37cbd9->c79c5a76-aee4-4242-a106-dd0d04c341ff#123-t2, previous=(t:2, i:20), leaderCommit=16, initializing? false, entries: <empty>
2019-09-18 17:10:44,674 [java.util.concurrent.ThreadPoolExecutor$Worker@5edbee1f[State = -1, empty queue]] WARN  server.GrpcLogAppender (GrpcLogAppender.java:timeoutAppendRequest(200)) - 1abc736a-4830-4c4e-94c6-330cfb37cbd9@group-16324F4B6BD7->9060795c-f318-48a7-8c5f-b9c772b9291e-GrpcLogAppender: appendEntries Timeout, request=1abc736a-4830-4c4e-94c6-330cfb37cbd9->9060795c-f318-48a7-8c5f-b9c772b9291e#123-t2, previous=(t:2, i:20), leaderCommit=16, initializing? false, entries: <empty>
2019-09-18 17:10:44,748 [c79c5a76-aee4-4242-a106-dd0d04c341ff@group-16324F4B6BD7-SegmentedRaftLogWorker] WARN  segmented.SegmentedRaftLogWorker (SegmentedRaftLogWorker.java:getFromFuture(90)) - Timeout 2/~
org.apache.ratis.protocol.TimeoutIOException: Timeout 10s: WriteLog:19: (t:2, i:19), STATEMACHINELOGENTRY, client-A93D41F52A29, cid=54-writeStateMachineData
	at org.apache.ratis.util.IOUtils.getFromFuture(IOUtils.java:87)
	at org.apache.ratis.server.raftlog.segmented.SegmentedRaftLogWorker$StateMachineDataPolicy.getFromFuture(SegmentedRaftLogWorker.java:87)
	at org.apache.ratis.server.raftlog.segmented.SegmentedRaftLogWorker$WriteLog.execute(SegmentedRaftLogWorker.java:477)
	at org.apache.ratis.server.raftlog.segmented.SegmentedRaftLogWorker.run(SegmentedRaftLogWorker.java:289)
	at java.lang.Thread.run(Thread.java:748)
Caused by: java.util.concurrent.TimeoutException
	at java.util.concurrent.CompletableFuture.timedGet(CompletableFuture.java:1771)
	at java.util.concurrent.CompletableFuture.get(CompletableFuture.java:1915)
	at org.apache.ratis.util.IOUtils.getFromFuture(IOUtils.java:79)
	... 4 more
2019-09-18 17:10:44,992 [java.util.concurrent.ThreadPoolExecutor$Worker@6db19003[State = -1, empty queue]] WARN  server.GrpcLogAppender (GrpcLogAppender.java:timeoutAppendRequest(200)) - 78cf3f4b-2ba3-4c47-8363-becf5fcab44c@group-44CDFF0F5509->77addda6-fc28-4fe0-a9c9-ddb04539ca78-GrpcLogAppender: appendEntries Timeout, request=78cf3f4b-2ba3-4c47-8363-becf5fcab44c->77addda6-fc28-4fe0-a9c9-ddb04539ca78#139-t1, previous=(t:1, i:34), leaderCommit=30, initializing? false, entries: <empty>
2019-09-18 17:10:44,992 [java.util.concurrent.ThreadPoolExecutor$Worker@583eae3a[State = -1, empty queue]] WARN  server.GrpcLogAppender (GrpcLogAppender.java:timeoutAppendRequest(200)) - 78cf3f4b-2ba3-4c47-8363-becf5fcab44c@group-44CDFF0F5509->62d2617d-d759-46ce-9c32-c3f7d08f54db-GrpcLogAppender: appendEntries Timeout, request=78cf3f4b-2ba3-4c47-8363-becf5fcab44c->62d2617d-d759-46ce-9c32-c3f7d08f54db#139-t1, previous=(t:1, i:34), leaderCommit=30, initializing? false, entries: <empty>
2019-09-18 17:10:45,174 [java.util.concurrent.ThreadPoolExecutor$Worker@30253f2e[State = -1, empty queue]] WARN  server.GrpcLogAppender (GrpcLogAppender.java:timeoutAppendRequest(200)) - 1abc736a-4830-4c4e-94c6-330cfb37cbd9@group-16324F4B6BD7->c79c5a76-aee4-4242-a106-dd0d04c341ff-GrpcLogAppender: appendEntries Timeout, request=1abc736a-4830-4c4e-94c6-330cfb37cbd9->c79c5a76-aee4-4242-a106-dd0d04c341ff#124-t2, previous=(t:2, i:20), leaderCommit=16, initializing? false, entries: <empty>
2019-09-18 17:10:45,174 [java.util.concurrent.ThreadPoolExecutor$Worker@5edbee1f[State = -1, empty queue]] WARN  server.GrpcLogAppender (GrpcLogAppender.java:timeoutAppendRequest(200)) - 1abc736a-4830-4c4e-94c6-330cfb37cbd9@group-16324F4B6BD7->9060795c-f318-48a7-8c5f-b9c772b9291e-GrpcLogAppender: appendEntries Timeout, request=1abc736a-4830-4c4e-94c6-330cfb37cbd9->9060795c-f318-48a7-8c5f-b9c772b9291e#124-t2, previous=(t:2, i:20), leaderCommit=16, initializing? false, entries: <empty>
2019-09-18 17:10:45,495 [java.util.concurrent.ThreadPoolExecutor$Worker@6db19003[State = -1, empty queue]] WARN  server.GrpcLogAppender (GrpcLogAppender.java:timeoutAppendRequest(200)) - 78cf3f4b-2ba3-4c47-8363-becf5fcab44c@group-44CDFF0F5509->77addda6-fc28-4fe0-a9c9-ddb04539ca78-GrpcLogAppender: appendEntries Timeout, request=78cf3f4b-2ba3-4c47-8363-becf5fcab44c->77addda6-fc28-4fe0-a9c9-ddb04539ca78#140-t1, previous=(t:1, i:34), leaderCommit=30, initializing? false, entries: <empty>
2019-09-18 17:10:45,495 [java.util.concurrent.ThreadPoolExecutor$Worker@583eae3a[State = -1, empty queue]] WARN  server.GrpcLogAppender (GrpcLogAppender.java:timeoutAppendRequest(200)) - 78cf3f4b-2ba3-4c47-8363-becf5fcab44c@group-44CDFF0F5509->62d2617d-d759-46ce-9c32-c3f7d08f54db-GrpcLogAppender: appendEntries Timeout, request=78cf3f4b-2ba3-4c47-8363-becf5fcab44c->62d2617d-d759-46ce-9c32-c3f7d08f54db#140-t1, previous=(t:1, i:34), leaderCommit=30, initializing? false, entries: <empty>
2019-09-18 17:10:45,674 [java.util.concurrent.ThreadPoolExecutor$Worker@5edbee1f[State = -1, empty queue]] WARN  server.GrpcLogAppender (GrpcLogAppender.java:timeoutAppendRequest(200)) - 1abc736a-4830-4c4e-94c6-330cfb37cbd9@group-16324F4B6BD7->9060795c-f318-48a7-8c5f-b9c772b9291e-GrpcLogAppender: appendEntries Timeout, request=1abc736a-4830-4c4e-94c6-330cfb37cbd9->9060795c-f318-48a7-8c5f-b9c772b9291e#125-t2, previous=(t:2, i:20), leaderCommit=16, initializing? false, entries: <empty>
2019-09-18 17:10:45,674 [java.util.concurrent.ThreadPoolExecutor$Worker@30253f2e[State = -1, empty queue]] WARN  server.GrpcLogAppender (GrpcLogAppender.java:timeoutAppendRequest(200)) - 1abc736a-4830-4c4e-94c6-330cfb37cbd9@group-16324F4B6BD7->c79c5a76-aee4-4242-a106-dd0d04c341ff-GrpcLogAppender: appendEntries Timeout, request=1abc736a-4830-4c4e-94c6-330cfb37cbd9->c79c5a76-aee4-4242-a106-dd0d04c341ff#125-t2, previous=(t:2, i:20), leaderCommit=16, initializing? false, entries: <empty>
2019-09-18 17:10:45,995 [java.util.concurrent.ThreadPoolExecutor$Worker@6db19003[State = -1, empty queue]] WARN  server.GrpcLogAppender (GrpcLogAppender.java:timeoutAppendRequest(200)) - 78cf3f4b-2ba3-4c47-8363-becf5fcab44c@group-44CDFF0F5509->77addda6-fc28-4fe0-a9c9-ddb04539ca78-GrpcLogAppender: appendEntries Timeout, request=78cf3f4b-2ba3-4c47-8363-becf5fcab44c->77addda6-fc28-4fe0-a9c9-ddb04539ca78#141-t1, previous=(t:1, i:34), leaderCommit=30, initializing? false, entries: <empty>
2019-09-18 17:10:45,995 [java.util.concurrent.ThreadPoolExecutor$Worker@583eae3a[State = -1, empty queue]] WARN  server.GrpcLogAppender (GrpcLogAppender.java:timeoutAppendRequest(200)) - 78cf3f4b-2ba3-4c47-8363-becf5fcab44c@group-44CDFF0F5509->62d2617d-d759-46ce-9c32-c3f7d08f54db-GrpcLogAppender: appendEntries Timeout, request=78cf3f4b-2ba3-4c47-8363-becf5fcab44c->62d2617d-d759-46ce-9c32-c3f7d08f54db#141-t1, previous=(t:1, i:34), leaderCommit=30, initializing? false, entries: <empty>
2019-09-18 17:10:46,174 [java.util.concurrent.ThreadPoolExecutor$Worker@30253f2e[State = -1, empty queue]] WARN  server.GrpcLogAppender (GrpcLogAppender.java:timeoutAppendRequest(200)) - 1abc736a-4830-4c4e-94c6-330cfb37cbd9@group-16324F4B6BD7->c79c5a76-aee4-4242-a106-dd0d04c341ff-GrpcLogAppender: appendEntries Timeout, request=1abc736a-4830-4c4e-94c6-330cfb37cbd9->c79c5a76-aee4-4242-a106-dd0d04c341ff#126-t2, previous=(t:2, i:20), leaderCommit=16, initializing? false, entries: <empty>
2019-09-18 17:10:46,174 [java.util.concurrent.ThreadPoolExecutor$Worker@5edbee1f[State = -1, empty queue]] WARN  server.GrpcLogAppender (GrpcLogAppender.java:timeoutAppendRequest(200)) - 1abc736a-4830-4c4e-94c6-330cfb37cbd9@group-16324F4B6BD7->9060795c-f318-48a7-8c5f-b9c772b9291e-GrpcLogAppender: appendEntries Timeout, request=1abc736a-4830-4c4e-94c6-330cfb37cbd9->9060795c-f318-48a7-8c5f-b9c772b9291e#126-t2, previous=(t:2, i:20), leaderCommit=16, initializing? false, entries: <empty>
2019-09-18 17:10:46,498 [java.util.concurrent.ThreadPoolExecutor$Worker@6db19003[State = -1, empty queue]] WARN  server.GrpcLogAppender (GrpcLogAppender.java:timeoutAppendRequest(200)) - 78cf3f4b-2ba3-4c47-8363-becf5fcab44c@group-44CDFF0F5509->77addda6-fc28-4fe0-a9c9-ddb04539ca78-GrpcLogAppender: appendEntries Timeout, request=78cf3f4b-2ba3-4c47-8363-becf5fcab44c->77addda6-fc28-4fe0-a9c9-ddb04539ca78#142-t1, previous=(t:1, i:34), leaderCommit=30, initializing? false, entries: <empty>
2019-09-18 17:10:46,498 [java.util.concurrent.ThreadPoolExecutor$Worker@583eae3a[State = -1, empty queue]] WARN  server.GrpcLogAppender (GrpcLogAppender.java:timeoutAppendRequest(200)) - 78cf3f4b-2ba3-4c47-8363-becf5fcab44c@group-44CDFF0F5509->62d2617d-d759-46ce-9c32-c3f7d08f54db-GrpcLogAppender: appendEntries Timeout, request=78cf3f4b-2ba3-4c47-8363-becf5fcab44c->62d2617d-d759-46ce-9c32-c3f7d08f54db#142-t1, previous=(t:1, i:34), leaderCommit=30, initializing? false, entries: <empty>
2019-09-18 17:10:46,675 [java.util.concurrent.ThreadPoolExecutor$Worker@30253f2e[State = -1, empty queue]] WARN  server.GrpcLogAppender (GrpcLogAppender.java:timeoutAppendRequest(200)) - 1abc736a-4830-4c4e-94c6-330cfb37cbd9@group-16324F4B6BD7->c79c5a76-aee4-4242-a106-dd0d04c341ff-GrpcLogAppender: appendEntries Timeout, request=1abc736a-4830-4c4e-94c6-330cfb37cbd9->c79c5a76-aee4-4242-a106-dd0d04c341ff#127-t2, previous=(t:2, i:20), leaderCommit=16, initializing? false, entries: <empty>
2019-09-18 17:10:46,675 [java.util.concurrent.ThreadPoolExecutor$Worker@5edbee1f[State = -1, empty queue]] WARN  server.GrpcLogAppender (GrpcLogAppender.java:timeoutAppendRequest(200)) - 1abc736a-4830-4c4e-94c6-330cfb37cbd9@group-16324F4B6BD7->9060795c-f318-48a7-8c5f-b9c772b9291e-GrpcLogAppender: appendEntries Timeout, request=1abc736a-4830-4c4e-94c6-330cfb37cbd9->9060795c-f318-48a7-8c5f-b9c772b9291e#127-t2, previous=(t:2, i:20), leaderCommit=16, initializing? false, entries: <empty>
2019-09-18 17:10:46,998 [java.util.concurrent.ThreadPoolExecutor$Worker@583eae3a[State = -1, empty queue]] WARN  server.GrpcLogAppender (GrpcLogAppender.java:timeoutAppendRequest(200)) - 78cf3f4b-2ba3-4c47-8363-becf5fcab44c@group-44CDFF0F5509->62d2617d-d759-46ce-9c32-c3f7d08f54db-GrpcLogAppender: appendEntries Timeout, request=78cf3f4b-2ba3-4c47-8363-becf5fcab44c->62d2617d-d759-46ce-9c32-c3f7d08f54db#143-t1, previous=(t:1, i:34), leaderCommit=30, initializing? false, entries: <empty>
2019-09-18 17:10:46,998 [java.util.concurrent.ThreadPoolExecutor$Worker@6db19003[State = -1, empty queue]] WARN  server.GrpcLogAppender (GrpcLogAppender.java:timeoutAppendRequest(200)) - 78cf3f4b-2ba3-4c47-8363-becf5fcab44c@group-44CDFF0F5509->77addda6-fc28-4fe0-a9c9-ddb04539ca78-GrpcLogAppender: appendEntries Timeout, request=78cf3f4b-2ba3-4c47-8363-becf5fcab44c->77addda6-fc28-4fe0-a9c9-ddb04539ca78#143-t1, previous=(t:1, i:34), leaderCommit=30, initializing? false, entries: <empty>
2019-09-18 17:10:47,175 [java.util.concurrent.ThreadPoolExecutor$Worker@30253f2e[State = -1, empty queue]] WARN  server.GrpcLogAppender (GrpcLogAppender.java:timeoutAppendRequest(200)) - 1abc736a-4830-4c4e-94c6-330cfb37cbd9@group-16324F4B6BD7->c79c5a76-aee4-4242-a106-dd0d04c341ff-GrpcLogAppender: appendEntries Timeout, request=1abc736a-4830-4c4e-94c6-330cfb37cbd9->c79c5a76-aee4-4242-a106-dd0d04c341ff#128-t2, previous=(t:2, i:20), leaderCommit=16, initializing? false, entries: <empty>
2019-09-18 17:10:47,175 [java.util.concurrent.ThreadPoolExecutor$Worker@5edbee1f[State = -1, empty queue]] WARN  server.GrpcLogAppender (GrpcLogAppender.java:timeoutAppendRequest(200)) - 1abc736a-4830-4c4e-94c6-330cfb37cbd9@group-16324F4B6BD7->9060795c-f318-48a7-8c5f-b9c772b9291e-GrpcLogAppender: appendEntries Timeout, request=1abc736a-4830-4c4e-94c6-330cfb37cbd9->9060795c-f318-48a7-8c5f-b9c772b9291e#128-t2, previous=(t:2, i:20), leaderCommit=16, initializing? false, entries: <empty>
2019-09-18 17:10:47,498 [java.util.concurrent.ThreadPoolExecutor$Worker@6db19003[State = -1, empty queue]] WARN  server.GrpcLogAppender (GrpcLogAppender.java:timeoutAppendRequest(200)) - 78cf3f4b-2ba3-4c47-8363-becf5fcab44c@group-44CDFF0F5509->77addda6-fc28-4fe0-a9c9-ddb04539ca78-GrpcLogAppender: appendEntries Timeout, request=78cf3f4b-2ba3-4c47-8363-becf5fcab44c->77addda6-fc28-4fe0-a9c9-ddb04539ca78#144-t1, previous=(t:1, i:34), leaderCommit=30, initializing? false, entries: <empty>
2019-09-18 17:10:47,498 [java.util.concurrent.ThreadPoolExecutor$Worker@583eae3a[State = -1, empty queue]] WARN  server.GrpcLogAppender (GrpcLogAppender.java:timeoutAppendRequest(200)) - 78cf3f4b-2ba3-4c47-8363-becf5fcab44c@group-44CDFF0F5509->62d2617d-d759-46ce-9c32-c3f7d08f54db-GrpcLogAppender: appendEntries Timeout, request=78cf3f4b-2ba3-4c47-8363-becf5fcab44c->62d2617d-d759-46ce-9c32-c3f7d08f54db#144-t1, previous=(t:1, i:34), leaderCommit=30, initializing? false, entries: <empty>
2019-09-18 17:10:47,677 [java.util.concurrent.ThreadPoolExecutor$Worker@5edbee1f[State = -1, empty queue]] WARN  server.GrpcLogAppender (GrpcLogAppender.java:timeoutAppendRequest(200)) - 1abc736a-4830-4c4e-94c6-330cfb37cbd9@group-16324F4B6BD7->9060795c-f318-48a7-8c5f-b9c772b9291e-GrpcLogAppender: appendEntries Timeout, request=1abc736a-4830-4c4e-94c6-330cfb37cbd9->9060795c-f318-48a7-8c5f-b9c772b9291e#129-t2, previous=(t:2, i:20), leaderCommit=16, initializing? false, entries: <empty>
2019-09-18 17:10:47,677 [java.util.concurrent.ThreadPoolExecutor$Worker@30253f2e[State = -1, empty queue]] WARN  server.GrpcLogAppender (GrpcLogAppender.java:timeoutAppendRequest(200)) - 1abc736a-4830-4c4e-94c6-330cfb37cbd9@group-16324F4B6BD7->c79c5a76-aee4-4242-a106-dd0d04c341ff-GrpcLogAppender: appendEntries Timeout, request=1abc736a-4830-4c4e-94c6-330cfb37cbd9->c79c5a76-aee4-4242-a106-dd0d04c341ff#129-t2, previous=(t:2, i:20), leaderCommit=16, initializing? false, entries: <empty>
2019-09-18 17:10:47,998 [java.util.concurrent.ThreadPoolExecutor$Worker@583eae3a[State = -1, empty queue]] WARN  server.GrpcLogAppender (GrpcLogAppender.java:timeoutAppendRequest(200)) - 78cf3f4b-2ba3-4c47-8363-becf5fcab44c@group-44CDFF0F5509->62d2617d-d759-46ce-9c32-c3f7d08f54db-GrpcLogAppender: appendEntries Timeout, request=78cf3f4b-2ba3-4c47-8363-becf5fcab44c->62d2617d-d759-46ce-9c32-c3f7d08f54db#145-t1, previous=(t:1, i:34), leaderCommit=30, initializing? false, entries: <empty>
2019-09-18 17:10:47,998 [java.util.concurrent.ThreadPoolExecutor$Worker@6db19003[State = -1, empty queue]] WARN  server.GrpcLogAppender (GrpcLogAppender.java:timeoutAppendRequest(200)) - 78cf3f4b-2ba3-4c47-8363-becf5fcab44c@group-44CDFF0F5509->77addda6-fc28-4fe0-a9c9-ddb04539ca78-GrpcLogAppender: appendEntries Timeout, request=78cf3f4b-2ba3-4c47-8363-becf5fcab44c->77addda6-fc28-4fe0-a9c9-ddb04539ca78#145-t1, previous=(t:1, i:34), leaderCommit=30, initializing? false, entries: <empty>
2019-09-18 17:10:48,178 [java.util.concurrent.ThreadPoolExecutor$Worker@5edbee1f[State = -1, empty queue]] WARN  server.GrpcLogAppender (GrpcLogAppender.java:timeoutAppendRequest(200)) - 1abc736a-4830-4c4e-94c6-330cfb37cbd9@group-16324F4B6BD7->9060795c-f318-48a7-8c5f-b9c772b9291e-GrpcLogAppender: appendEntries Timeout, request=1abc736a-4830-4c4e-94c6-330cfb37cbd9->9060795c-f318-48a7-8c5f-b9c772b9291e#130-t2, previous=(t:2, i:20), leaderCommit=16, initializing? false, entries: <empty>
2019-09-18 17:10:48,178 [java.util.concurrent.ThreadPoolExecutor$Worker@30253f2e[State = -1, empty queue]] WARN  server.GrpcLogAppender (GrpcLogAppender.java:timeoutAppendRequest(200)) - 1abc736a-4830-4c4e-94c6-330cfb37cbd9@group-16324F4B6BD7->c79c5a76-aee4-4242-a106-dd0d04c341ff-GrpcLogAppender: appendEntries Timeout, request=1abc736a-4830-4c4e-94c6-330cfb37cbd9->c79c5a76-aee4-4242-a106-dd0d04c341ff#130-t2, previous=(t:2, i:20), leaderCommit=16, initializing? false, entries: <empty>
2019-09-18 17:10:48,483 [78cf3f4b-2ba3-4c47-8363-becf5fcab44c@group-44CDFF0F5509-SegmentedRaftLogWorker] WARN  segmented.SegmentedRaftLogWorker (SegmentedRaftLogWorker.java:getFromFuture(90)) - Timeout 0/~
org.apache.ratis.protocol.TimeoutIOException: Timeout 10s: WriteLog:31: (t:1, i:31), STATEMACHINELOGENTRY, client-F299FC84871C, cid=65-writeStateMachineData
	at org.apache.ratis.util.IOUtils.getFromFuture(IOUtils.java:87)
	at org.apache.ratis.server.raftlog.segmented.SegmentedRaftLogWorker$StateMachineDataPolicy.getFromFuture(SegmentedRaftLogWorker.java:87)
	at org.apache.ratis.server.raftlog.segmented.SegmentedRaftLogWorker$WriteLog.execute(SegmentedRaftLogWorker.java:477)
	at org.apache.ratis.server.raftlog.segmented.SegmentedRaftLogWorker.run(SegmentedRaftLogWorker.java:289)
	at java.lang.Thread.run(Thread.java:748)
Caused by: java.util.concurrent.TimeoutException
	at java.util.concurrent.CompletableFuture.timedGet(CompletableFuture.java:1771)
	at java.util.concurrent.CompletableFuture.get(CompletableFuture.java:1915)
	at org.apache.ratis.util.IOUtils.getFromFuture(IOUtils.java:79)
	... 4 more
2019-09-18 17:10:48,488 [77addda6-fc28-4fe0-a9c9-ddb04539ca78@group-44CDFF0F5509-SegmentedRaftLogWorker] WARN  segmented.SegmentedRaftLogWorker (SegmentedRaftLogWorker.java:getFromFuture(90)) - Timeout 0/~
org.apache.ratis.protocol.TimeoutIOException: Timeout 10s: WriteLog:31: (t:1, i:31), STATEMACHINELOGENTRY, client-F299FC84871C, cid=65-writeStateMachineData
	at org.apache.ratis.util.IOUtils.getFromFuture(IOUtils.java:87)
	at org.apache.ratis.server.raftlog.segmented.SegmentedRaftLogWorker$StateMachineDataPolicy.getFromFuture(SegmentedRaftLogWorker.java:87)
	at org.apache.ratis.server.raftlog.segmented.SegmentedRaftLogWorker$WriteLog.execute(SegmentedRaftLogWorker.java:477)
	at org.apache.ratis.server.raftlog.segmented.SegmentedRaftLogWorker.run(SegmentedRaftLogWorker.java:289)
	at java.lang.Thread.run(Thread.java:748)
Caused by: java.util.concurrent.TimeoutException
	at java.util.concurrent.CompletableFuture.timedGet(CompletableFuture.java:1771)
	at java.util.concurrent.CompletableFuture.get(CompletableFuture.java:1915)
	at org.apache.ratis.util.IOUtils.getFromFuture(IOUtils.java:79)
	... 4 more
2019-09-18 17:10:48,488 [62d2617d-d759-46ce-9c32-c3f7d08f54db@group-44CDFF0F5509-SegmentedRaftLogWorker] WARN  segmented.SegmentedRaftLogWorker (SegmentedRaftLogWorker.java:getFromFuture(90)) - Timeout 0/~
org.apache.ratis.protocol.TimeoutIOException: Timeout 10s: WriteLog:31: (t:1, i:31), STATEMACHINELOGENTRY, client-F299FC84871C, cid=65-writeStateMachineData
	at org.apache.ratis.util.IOUtils.getFromFuture(IOUtils.java:87)
	at org.apache.ratis.server.raftlog.segmented.SegmentedRaftLogWorker$StateMachineDataPolicy.getFromFuture(SegmentedRaftLogWorker.java:87)
	at org.apache.ratis.server.raftlog.segmented.SegmentedRaftLogWorker$WriteLog.execute(SegmentedRaftLogWorker.java:477)
	at org.apache.ratis.server.raftlog.segmented.SegmentedRaftLogWorker.run(SegmentedRaftLogWorker.java:289)
	at java.lang.Thread.run(Thread.java:748)
Caused by: java.util.concurrent.TimeoutException
	at java.util.concurrent.CompletableFuture.timedGet(CompletableFuture.java:1771)
	at java.util.concurrent.CompletableFuture.get(CompletableFuture.java:1915)
	at org.apache.ratis.util.IOUtils.getFromFuture(IOUtils.java:79)
	... 4 more
2019-09-18 17:10:48,499 [java.util.concurrent.ThreadPoolExecutor$Worker@6db19003[State = -1, empty queue]] WARN  server.GrpcLogAppender (GrpcLogAppender.java:timeoutAppendRequest(200)) - 78cf3f4b-2ba3-4c47-8363-becf5fcab44c@group-44CDFF0F5509->77addda6-fc28-4fe0-a9c9-ddb04539ca78-GrpcLogAppender: appendEntries Timeout, request=78cf3f4b-2ba3-4c47-8363-becf5fcab44c->77addda6-fc28-4fe0-a9c9-ddb04539ca78#146-t1, previous=(t:1, i:34), leaderCommit=30, initializing? false, entries: <empty>
2019-09-18 17:10:48,499 [java.util.concurrent.ThreadPoolExecutor$Worker@583eae3a[State = -1, empty queue]] WARN  server.GrpcLogAppender (GrpcLogAppender.java:timeoutAppendRequest(200)) - 78cf3f4b-2ba3-4c47-8363-becf5fcab44c@group-44CDFF0F5509->62d2617d-d759-46ce-9c32-c3f7d08f54db-GrpcLogAppender: appendEntries Timeout, request=78cf3f4b-2ba3-4c47-8363-becf5fcab44c->62d2617d-d759-46ce-9c32-c3f7d08f54db#146-t1, previous=(t:1, i:34), leaderCommit=30, initializing? false, entries: <empty>
2019-09-18 17:10:48,560 [grpc-default-executor-5] INFO  client.GrpcClientProtocolClient (GrpcClientProtocolClient.java:onNext(264)) - client-F299FC84871C->77addda6-fc28-4fe0-a9c9-ddb04539ca78: receive RaftClientReply:client-F299FC84871C->77addda6-fc28-4fe0-a9c9-ddb04539ca78@group-44CDFF0F5509, cid=65, FAILED org.apache.ratis.protocol.NotLeaderException: Server 77addda6-fc28-4fe0-a9c9-ddb04539ca78@group-44CDFF0F5509 is not the leader 78cf3f4b-2ba3-4c47-8363-becf5fcab44c:192.168.151.122:41660, logIndex=0, commits[77addda6-fc28-4fe0-a9c9-ddb04539ca78:c30, 78cf3f4b-2ba3-4c47-8363-becf5fcab44c:c30, 62d2617d-d759-46ce-9c32-c3f7d08f54db:c28]
2019-09-18 17:10:48,678 [java.util.concurrent.ThreadPoolExecutor$Worker@30253f2e[State = -1, empty queue]] WARN  server.GrpcLogAppender (GrpcLogAppender.java:timeoutAppendRequest(200)) - 1abc736a-4830-4c4e-94c6-330cfb37cbd9@group-16324F4B6BD7->c79c5a76-aee4-4242-a106-dd0d04c341ff-GrpcLogAppender: appendEntries Timeout, request=1abc736a-4830-4c4e-94c6-330cfb37cbd9->c79c5a76-aee4-4242-a106-dd0d04c341ff#131-t2, previous=(t:2, i:20), leaderCommit=16, initializing? false, entries: <empty>
2019-09-18 17:10:48,678 [java.util.concurrent.ThreadPoolExecutor$Worker@5edbee1f[State = -1, empty queue]] WARN  server.GrpcLogAppender (GrpcLogAppender.java:timeoutAppendRequest(200)) - 1abc736a-4830-4c4e-94c6-330cfb37cbd9@group-16324F4B6BD7->9060795c-f318-48a7-8c5f-b9c772b9291e-GrpcLogAppender: appendEntries Timeout, request=1abc736a-4830-4c4e-94c6-330cfb37cbd9->9060795c-f318-48a7-8c5f-b9c772b9291e#131-t2, previous=(t:2, i:20), leaderCommit=16, initializing? false, entries: <empty>
2019-09-18 17:10:48,999 [java.util.concurrent.ThreadPoolExecutor$Worker@583eae3a[State = -1, empty queue]] WARN  server.GrpcLogAppender (GrpcLogAppender.java:timeoutAppendRequest(200)) - 78cf3f4b-2ba3-4c47-8363-becf5fcab44c@group-44CDFF0F5509->62d2617d-d759-46ce-9c32-c3f7d08f54db-GrpcLogAppender: appendEntries Timeout, request=78cf3f4b-2ba3-4c47-8363-becf5fcab44c->62d2617d-d759-46ce-9c32-c3f7d08f54db#147-t1, previous=(t:1, i:34), leaderCommit=30, initializing? false, entries: <empty>
2019-09-18 17:10:48,999 [java.util.concurrent.ThreadPoolExecutor$Worker@6db19003[State = -1, empty queue]] WARN  server.GrpcLogAppender (GrpcLogAppender.java:timeoutAppendRequest(200)) - 78cf3f4b-2ba3-4c47-8363-becf5fcab44c@group-44CDFF0F5509->77addda6-fc28-4fe0-a9c9-ddb04539ca78-GrpcLogAppender: appendEntries Timeout, request=78cf3f4b-2ba3-4c47-8363-becf5fcab44c->77addda6-fc28-4fe0-a9c9-ddb04539ca78#147-t1, previous=(t:1, i:34), leaderCommit=30, initializing? false, entries: <empty>
2019-09-18 17:10:49,178 [java.util.concurrent.ThreadPoolExecutor$Worker@30253f2e[State = -1, empty queue]] WARN  server.GrpcLogAppender (GrpcLogAppender.java:timeoutAppendRequest(200)) - 1abc736a-4830-4c4e-94c6-330cfb37cbd9@group-16324F4B6BD7->c79c5a76-aee4-4242-a106-dd0d04c341ff-GrpcLogAppender: appendEntries Timeout, request=1abc736a-4830-4c4e-94c6-330cfb37cbd9->c79c5a76-aee4-4242-a106-dd0d04c341ff#132-t2, previous=(t:2, i:20), leaderCommit=16, initializing? false, entries: <empty>
2019-09-18 17:10:49,178 [java.util.concurrent.ThreadPoolExecutor$Worker@5edbee1f[State = -1, empty queue]] WARN  server.GrpcLogAppender (GrpcLogAppender.java:timeoutAppendRequest(200)) - 1abc736a-4830-4c4e-94c6-330cfb37cbd9@group-16324F4B6BD7->9060795c-f318-48a7-8c5f-b9c772b9291e-GrpcLogAppender: appendEntries Timeout, request=1abc736a-4830-4c4e-94c6-330cfb37cbd9->9060795c-f318-48a7-8c5f-b9c772b9291e#132-t2, previous=(t:2, i:20), leaderCommit=16, initializing? false, entries: <empty>
2019-09-18 17:10:49,499 [java.util.concurrent.ThreadPoolExecutor$Worker@583eae3a[State = -1, empty queue]] WARN  server.GrpcLogAppender (GrpcLogAppender.java:timeoutAppendRequest(200)) - 78cf3f4b-2ba3-4c47-8363-becf5fcab44c@group-44CDFF0F5509->62d2617d-d759-46ce-9c32-c3f7d08f54db-GrpcLogAppender: appendEntries Timeout, request=78cf3f4b-2ba3-4c47-8363-becf5fcab44c->62d2617d-d759-46ce-9c32-c3f7d08f54db#148-t1, previous=(t:1, i:34), leaderCommit=30, initializing? false, entries: <empty>
2019-09-18 17:10:49,499 [java.util.concurrent.ThreadPoolExecutor$Worker@6db19003[State = -1, empty queue]] WARN  server.GrpcLogAppender (GrpcLogAppender.java:timeoutAppendRequest(200)) - 78cf3f4b-2ba3-4c47-8363-becf5fcab44c@group-44CDFF0F5509->77addda6-fc28-4fe0-a9c9-ddb04539ca78-GrpcLogAppender: appendEntries Timeout, request=78cf3f4b-2ba3-4c47-8363-becf5fcab44c->77addda6-fc28-4fe0-a9c9-ddb04539ca78#148-t1, previous=(t:1, i:34), leaderCommit=30, initializing? false, entries: <empty>
2019-09-18 17:10:49,678 [java.util.concurrent.ThreadPoolExecutor$Worker@30253f2e[State = -1, empty queue]] WARN  server.GrpcLogAppender (GrpcLogAppender.java:timeoutAppendRequest(200)) - 1abc736a-4830-4c4e-94c6-330cfb37cbd9@group-16324F4B6BD7->c79c5a76-aee4-4242-a106-dd0d04c341ff-GrpcLogAppender: appendEntries Timeout, request=1abc736a-4830-4c4e-94c6-330cfb37cbd9->c79c5a76-aee4-4242-a106-dd0d04c341ff#133-t2, previous=(t:2, i:20), leaderCommit=16, initializing? false, entries: <empty>
2019-09-18 17:10:49,678 [java.util.concurrent.ThreadPoolExecutor$Worker@5edbee1f[State = -1, empty queue]] WARN  server.GrpcLogAppender (GrpcLogAppender.java:timeoutAppendRequest(200)) - 1abc736a-4830-4c4e-94c6-330cfb37cbd9@group-16324F4B6BD7->9060795c-f318-48a7-8c5f-b9c772b9291e-GrpcLogAppender: appendEntries Timeout, request=1abc736a-4830-4c4e-94c6-330cfb37cbd9->9060795c-f318-48a7-8c5f-b9c772b9291e#133-t2, previous=(t:2, i:20), leaderCommit=16, initializing? false, entries: <empty>
2019-09-18 17:10:50,000 [java.util.concurrent.ThreadPoolExecutor$Worker@583eae3a[State = -1, empty queue]] WARN  server.GrpcLogAppender (GrpcLogAppender.java:timeoutAppendRequest(200)) - 78cf3f4b-2ba3-4c47-8363-becf5fcab44c@group-44CDFF0F5509->62d2617d-d759-46ce-9c32-c3f7d08f54db-GrpcLogAppender: appendEntries Timeout, request=78cf3f4b-2ba3-4c47-8363-becf5fcab44c->62d2617d-d759-46ce-9c32-c3f7d08f54db#149-t1, previous=(t:1, i:34), leaderCommit=30, initializing? false, entries: <empty>
2019-09-18 17:10:50,000 [java.util.concurrent.ThreadPoolExecutor$Worker@6db19003[State = -1, empty queue]] WARN  server.GrpcLogAppender (GrpcLogAppender.java:timeoutAppendRequest(200)) - 78cf3f4b-2ba3-4c47-8363-becf5fcab44c@group-44CDFF0F5509->77addda6-fc28-4fe0-a9c9-ddb04539ca78-GrpcLogAppender: appendEntries Timeout, request=78cf3f4b-2ba3-4c47-8363-becf5fcab44c->77addda6-fc28-4fe0-a9c9-ddb04539ca78#149-t1, previous=(t:1, i:34), leaderCommit=30, initializing? false, entries: <empty>
2019-09-18 17:10:50,179 [java.util.concurrent.ThreadPoolExecutor$Worker@30253f2e[State = -1, empty queue]] WARN  server.GrpcLogAppender (GrpcLogAppender.java:timeoutAppendRequest(200)) - 1abc736a-4830-4c4e-94c6-330cfb37cbd9@group-16324F4B6BD7->c79c5a76-aee4-4242-a106-dd0d04c341ff-GrpcLogAppender: appendEntries Timeout, request=1abc736a-4830-4c4e-94c6-330cfb37cbd9->c79c5a76-aee4-4242-a106-dd0d04c341ff#134-t2, previous=(t:2, i:20), leaderCommit=16, initializing? false, entries: <empty>
2019-09-18 17:10:50,179 [java.util.concurrent.ThreadPoolExecutor$Worker@5edbee1f[State = -1, empty queue]] WARN  server.GrpcLogAppender (GrpcLogAppender.java:timeoutAppendRequest(200)) - 1abc736a-4830-4c4e-94c6-330cfb37cbd9@group-16324F4B6BD7->9060795c-f318-48a7-8c5f-b9c772b9291e-GrpcLogAppender: appendEntries Timeout, request=1abc736a-4830-4c4e-94c6-330cfb37cbd9->9060795c-f318-48a7-8c5f-b9c772b9291e#134-t2, previous=(t:2, i:20), leaderCommit=16, initializing? false, entries: <empty>
2019-09-18 17:10:50,461 [b4ae2fc6-33d9-4c1f-ba2b-766eed3c72c1@group-A40D0514C021-SegmentedRaftLogWorker] WARN  segmented.SegmentedRaftLogWorker (SegmentedRaftLogWorker.java:getFromFuture(90)) - Timeout 5/~
org.apache.ratis.protocol.TimeoutIOException: Timeout 10s: WriteLog:17: (t:2, i:17), STATEMACHINELOGENTRY, client-23B55BADBE70, cid=29-writeStateMachineData
	at org.apache.ratis.util.IOUtils.getFromFuture(IOUtils.java:87)
	at org.apache.ratis.server.raftlog.segmented.SegmentedRaftLogWorker$StateMachineDataPolicy.getFromFuture(SegmentedRaftLogWorker.java:87)
	at org.apache.ratis.server.raftlog.segmented.SegmentedRaftLogWorker$WriteLog.execute(SegmentedRaftLogWorker.java:477)
	at org.apache.ratis.server.raftlog.segmented.SegmentedRaftLogWorker.run(SegmentedRaftLogWorker.java:289)
	at java.lang.Thread.run(Thread.java:748)
Caused by: java.util.concurrent.TimeoutException
	at java.util.concurrent.CompletableFuture.timedGet(CompletableFuture.java:1771)
	at java.util.concurrent.CompletableFuture.get(CompletableFuture.java:1915)
	at org.apache.ratis.util.IOUtils.getFromFuture(IOUtils.java:79)
	... 4 more
2019-09-18 17:10:50,500 [java.util.concurrent.ThreadPoolExecutor$Worker@583eae3a[State = -1, empty queue]] WARN  server.GrpcLogAppender (GrpcLogAppender.java:timeoutAppendRequest(200)) - 78cf3f4b-2ba3-4c47-8363-becf5fcab44c@group-44CDFF0F5509->62d2617d-d759-46ce-9c32-c3f7d08f54db-GrpcLogAppender: appendEntries Timeout, request=78cf3f4b-2ba3-4c47-8363-becf5fcab44c->62d2617d-d759-46ce-9c32-c3f7d08f54db#150-t1, previous=(t:1, i:34), leaderCommit=30, initializing? false, entries: <empty>
2019-09-18 17:10:50,500 [java.util.concurrent.ThreadPoolExecutor$Worker@6db19003[State = -1, empty queue]] WARN  server.GrpcLogAppender (GrpcLogAppender.java:timeoutAppendRequest(200)) - 78cf3f4b-2ba3-4c47-8363-becf5fcab44c@group-44CDFF0F5509->77addda6-fc28-4fe0-a9c9-ddb04539ca78-GrpcLogAppender: appendEntries Timeout, request=78cf3f4b-2ba3-4c47-8363-becf5fcab44c->77addda6-fc28-4fe0-a9c9-ddb04539ca78#150-t1, previous=(t:1, i:34), leaderCommit=30, initializing? false, entries: <empty>
2019-09-18 17:10:50,679 [java.util.concurrent.ThreadPoolExecutor$Worker@5edbee1f[State = -1, empty queue]] WARN  server.GrpcLogAppender (GrpcLogAppender.java:timeoutAppendRequest(200)) - 1abc736a-4830-4c4e-94c6-330cfb37cbd9@group-16324F4B6BD7->9060795c-f318-48a7-8c5f-b9c772b9291e-GrpcLogAppender: appendEntries Timeout, request=1abc736a-4830-4c4e-94c6-330cfb37cbd9->9060795c-f318-48a7-8c5f-b9c772b9291e#135-t2, previous=(t:2, i:20), leaderCommit=16, initializing? false, entries: <empty>
2019-09-18 17:10:50,679 [java.util.concurrent.ThreadPoolExecutor$Worker@30253f2e[State = -1, empty queue]] WARN  server.GrpcLogAppender (GrpcLogAppender.java:timeoutAppendRequest(200)) - 1abc736a-4830-4c4e-94c6-330cfb37cbd9@group-16324F4B6BD7->c79c5a76-aee4-4242-a106-dd0d04c341ff-GrpcLogAppender: appendEntries Timeout, request=1abc736a-4830-4c4e-94c6-330cfb37cbd9->c79c5a76-aee4-4242-a106-dd0d04c341ff#135-t2, previous=(t:2, i:20), leaderCommit=16, initializing? false, entries: <empty>
2019-09-18 17:10:51,000 [java.util.concurrent.ThreadPoolExecutor$Worker@6db19003[State = -1, empty queue]] WARN  server.GrpcLogAppender (GrpcLogAppender.java:timeoutAppendRequest(200)) - 78cf3f4b-2ba3-4c47-8363-becf5fcab44c@group-44CDFF0F5509->77addda6-fc28-4fe0-a9c9-ddb04539ca78-GrpcLogAppender: appendEntries Timeout, request=78cf3f4b-2ba3-4c47-8363-becf5fcab44c->77addda6-fc28-4fe0-a9c9-ddb04539ca78#151-t1, previous=(t:1, i:34), leaderCommit=30, initializing? false, entries: <empty>
2019-09-18 17:10:51,000 [java.util.concurrent.ThreadPoolExecutor$Worker@583eae3a[State = -1, empty queue]] WARN  server.GrpcLogAppender (GrpcLogAppender.java:timeoutAppendRequest(200)) - 78cf3f4b-2ba3-4c47-8363-becf5fcab44c@group-44CDFF0F5509->62d2617d-d759-46ce-9c32-c3f7d08f54db-GrpcLogAppender: appendEntries Timeout, request=78cf3f4b-2ba3-4c47-8363-becf5fcab44c->62d2617d-d759-46ce-9c32-c3f7d08f54db#151-t1, previous=(t:1, i:34), leaderCommit=30, initializing? false, entries: <empty>
2019-09-18 17:10:51,179 [java.util.concurrent.ThreadPoolExecutor$Worker@5edbee1f[State = -1, empty queue]] WARN  server.GrpcLogAppender (GrpcLogAppender.java:timeoutAppendRequest(200)) - 1abc736a-4830-4c4e-94c6-330cfb37cbd9@group-16324F4B6BD7->9060795c-f318-48a7-8c5f-b9c772b9291e-GrpcLogAppender: appendEntries Timeout, request=1abc736a-4830-4c4e-94c6-330cfb37cbd9->9060795c-f318-48a7-8c5f-b9c772b9291e#136-t2, previous=(t:2, i:20), leaderCommit=16, initializing? false, entries: <empty>
2019-09-18 17:10:51,180 [java.util.concurrent.ThreadPoolExecutor$Worker@30253f2e[State = -1, empty queue]] WARN  server.GrpcLogAppender (GrpcLogAppender.java:timeoutAppendRequest(200)) - 1abc736a-4830-4c4e-94c6-330cfb37cbd9@group-16324F4B6BD7->c79c5a76-aee4-4242-a106-dd0d04c341ff-GrpcLogAppender: appendEntries Timeout, request=1abc736a-4830-4c4e-94c6-330cfb37cbd9->c79c5a76-aee4-4242-a106-dd0d04c341ff#136-t2, previous=(t:2, i:20), leaderCommit=16, initializing? false, entries: <empty>
2019-09-18 17:10:51,501 [java.util.concurrent.ThreadPoolExecutor$Worker@6db19003[State = -1, empty queue]] WARN  server.GrpcLogAppender (GrpcLogAppender.java:timeoutAppendRequest(200)) - 78cf3f4b-2ba3-4c47-8363-becf5fcab44c@group-44CDFF0F5509->77addda6-fc28-4fe0-a9c9-ddb04539ca78-GrpcLogAppender: appendEntries Timeout, request=78cf3f4b-2ba3-4c47-8363-becf5fcab44c->77addda6-fc28-4fe0-a9c9-ddb04539ca78#152-t1, previous=(t:1, i:34), leaderCommit=30, initializing? false, entries: <empty>
2019-09-18 17:10:51,501 [java.util.concurrent.ThreadPoolExecutor$Worker@583eae3a[State = -1, empty queue]] WARN  server.GrpcLogAppender (GrpcLogAppender.java:timeoutAppendRequest(200)) - 78cf3f4b-2ba3-4c47-8363-becf5fcab44c@group-44CDFF0F5509->62d2617d-d759-46ce-9c32-c3f7d08f54db-GrpcLogAppender: appendEntries Timeout, request=78cf3f4b-2ba3-4c47-8363-becf5fcab44c->62d2617d-d759-46ce-9c32-c3f7d08f54db#152-t1, previous=(t:1, i:34), leaderCommit=30, initializing? false, entries: <empty>
2019-09-18 17:10:51,682 [java.util.concurrent.ThreadPoolExecutor$Worker@30253f2e[State = -1, empty queue]] WARN  server.GrpcLogAppender (GrpcLogAppender.java:timeoutAppendRequest(200)) - 1abc736a-4830-4c4e-94c6-330cfb37cbd9@group-16324F4B6BD7->c79c5a76-aee4-4242-a106-dd0d04c341ff-GrpcLogAppender: appendEntries Timeout, request=1abc736a-4830-4c4e-94c6-330cfb37cbd9->c79c5a76-aee4-4242-a106-dd0d04c341ff#137-t2, previous=(t:2, i:20), leaderCommit=16, initializing? false, entries: <empty>
2019-09-18 17:10:51,682 [java.util.concurrent.ThreadPoolExecutor$Worker@5edbee1f[State = -1, empty queue]] WARN  server.GrpcLogAppender (GrpcLogAppender.java:timeoutAppendRequest(200)) - 1abc736a-4830-4c4e-94c6-330cfb37cbd9@group-16324F4B6BD7->9060795c-f318-48a7-8c5f-b9c772b9291e-GrpcLogAppender: appendEntries Timeout, request=1abc736a-4830-4c4e-94c6-330cfb37cbd9->9060795c-f318-48a7-8c5f-b9c772b9291e#137-t2, previous=(t:2, i:20), leaderCommit=16, initializing? false, entries: <empty>
2019-09-18 17:10:52,001 [java.util.concurrent.ThreadPoolExecutor$Worker@583eae3a[State = -1, empty queue]] WARN  server.GrpcLogAppender (GrpcLogAppender.java:timeoutAppendRequest(200)) - 78cf3f4b-2ba3-4c47-8363-becf5fcab44c@group-44CDFF0F5509->62d2617d-d759-46ce-9c32-c3f7d08f54db-GrpcLogAppender: appendEntries Timeout, request=78cf3f4b-2ba3-4c47-8363-becf5fcab44c->62d2617d-d759-46ce-9c32-c3f7d08f54db#153-t1, previous=(t:1, i:34), leaderCommit=30, initializing? false, entries: <empty>
2019-09-18 17:10:52,002 [java.util.concurrent.ThreadPoolExecutor$Worker@6db19003[State = -1, empty queue]] WARN  server.GrpcLogAppender (GrpcLogAppender.java:timeoutAppendRequest(200)) - 78cf3f4b-2ba3-4c47-8363-becf5fcab44c@group-44CDFF0F5509->77addda6-fc28-4fe0-a9c9-ddb04539ca78-GrpcLogAppender: appendEntries Timeout, request=78cf3f4b-2ba3-4c47-8363-becf5fcab44c->77addda6-fc28-4fe0-a9c9-ddb04539ca78#153-t1, previous=(t:1, i:34), leaderCommit=30, initializing? false, entries: <empty>
2019-09-18 17:10:52,182 [java.util.concurrent.ThreadPoolExecutor$Worker@5edbee1f[State = -1, empty queue]] WARN  server.GrpcLogAppender (GrpcLogAppender.java:timeoutAppendRequest(200)) - 1abc736a-4830-4c4e-94c6-330cfb37cbd9@group-16324F4B6BD7->9060795c-f318-48a7-8c5f-b9c772b9291e-GrpcLogAppender: appendEntries Timeout, request=1abc736a-4830-4c4e-94c6-330cfb37cbd9->9060795c-f318-48a7-8c5f-b9c772b9291e#138-t2, previous=(t:2, i:20), leaderCommit=16, initializing? false, entries: <empty>
2019-09-18 17:10:52,183 [java.util.concurrent.ThreadPoolExecutor$Worker@30253f2e[State = -1, empty queue]] WARN  server.GrpcLogAppender (GrpcLogAppender.java:timeoutAppendRequest(200)) - 1abc736a-4830-4c4e-94c6-330cfb37cbd9@group-16324F4B6BD7->c79c5a76-aee4-4242-a106-dd0d04c341ff-GrpcLogAppender: appendEntries Timeout, request=1abc736a-4830-4c4e-94c6-330cfb37cbd9->c79c5a76-aee4-4242-a106-dd0d04c341ff#138-t2, previous=(t:2, i:20), leaderCommit=16, initializing? false, entries: <empty>
2019-09-18 17:10:52,501 [java.util.concurrent.ThreadPoolExecutor$Worker@583eae3a[State = -1, empty queue]] WARN  server.GrpcLogAppender (GrpcLogAppender.java:timeoutAppendRequest(200)) - 78cf3f4b-2ba3-4c47-8363-becf5fcab44c@group-44CDFF0F5509->62d2617d-d759-46ce-9c32-c3f7d08f54db-GrpcLogAppender: appendEntries Timeout, request=78cf3f4b-2ba3-4c47-8363-becf5fcab44c->62d2617d-d759-46ce-9c32-c3f7d08f54db#154-t1, previous=(t:1, i:34), leaderCommit=30, initializing? false, entries: <empty>
2019-09-18 17:10:52,501 [java.util.concurrent.ThreadPoolExecutor$Worker@6db19003[State = -1, empty queue]] WARN  server.GrpcLogAppender (GrpcLogAppender.java:timeoutAppendRequest(200)) - 78cf3f4b-2ba3-4c47-8363-becf5fcab44c@group-44CDFF0F5509->77addda6-fc28-4fe0-a9c9-ddb04539ca78-GrpcLogAppender: appendEntries Timeout, request=78cf3f4b-2ba3-4c47-8363-becf5fcab44c->77addda6-fc28-4fe0-a9c9-ddb04539ca78#154-t1, previous=(t:1, i:34), leaderCommit=30, initializing? false, entries: <empty>
2019-09-18 17:10:52,683 [java.util.concurrent.ThreadPoolExecutor$Worker@30253f2e[State = -1, empty queue]] WARN  server.GrpcLogAppender (GrpcLogAppender.java:timeoutAppendRequest(200)) - 1abc736a-4830-4c4e-94c6-330cfb37cbd9@group-16324F4B6BD7->c79c5a76-aee4-4242-a106-dd0d04c341ff-GrpcLogAppender: appendEntries Timeout, request=1abc736a-4830-4c4e-94c6-330cfb37cbd9->c79c5a76-aee4-4242-a106-dd0d04c341ff#139-t2, previous=(t:2, i:20), leaderCommit=16, initializing? false, entries: <empty>
2019-09-18 17:10:52,683 [java.util.concurrent.ThreadPoolExecutor$Worker@5edbee1f[State = -1, empty queue]] WARN  server.GrpcLogAppender (GrpcLogAppender.java:timeoutAppendRequest(200)) - 1abc736a-4830-4c4e-94c6-330cfb37cbd9@group-16324F4B6BD7->9060795c-f318-48a7-8c5f-b9c772b9291e-GrpcLogAppender: appendEntries Timeout, request=1abc736a-4830-4c4e-94c6-330cfb37cbd9->9060795c-f318-48a7-8c5f-b9c772b9291e#139-t2, previous=(t:2, i:20), leaderCommit=16, initializing? false, entries: <empty>
2019-09-18 17:10:53,002 [java.util.concurrent.ThreadPoolExecutor$Worker@6db19003[State = -1, empty queue]] WARN  server.GrpcLogAppender (GrpcLogAppender.java:timeoutAppendRequest(200)) - 78cf3f4b-2ba3-4c47-8363-becf5fcab44c@group-44CDFF0F5509->77addda6-fc28-4fe0-a9c9-ddb04539ca78-GrpcLogAppender: appendEntries Timeout, request=78cf3f4b-2ba3-4c47-8363-becf5fcab44c->77addda6-fc28-4fe0-a9c9-ddb04539ca78#155-t1, previous=(t:1, i:34), leaderCommit=30, initializing? false, entries: <empty>
2019-09-18 17:10:53,002 [java.util.concurrent.ThreadPoolExecutor$Worker@583eae3a[State = -1, empty queue]] WARN  server.GrpcLogAppender (GrpcLogAppender.java:timeoutAppendRequest(200)) - 78cf3f4b-2ba3-4c47-8363-becf5fcab44c@group-44CDFF0F5509->62d2617d-d759-46ce-9c32-c3f7d08f54db-GrpcLogAppender: appendEntries Timeout, request=78cf3f4b-2ba3-4c47-8363-becf5fcab44c->62d2617d-d759-46ce-9c32-c3f7d08f54db#155-t1, previous=(t:1, i:34), leaderCommit=30, initializing? false, entries: <empty>
2019-09-18 17:10:53,183 [java.util.concurrent.ThreadPoolExecutor$Worker@5edbee1f[State = -1, empty queue]] WARN  server.GrpcLogAppender (GrpcLogAppender.java:timeoutAppendRequest(200)) - 1abc736a-4830-4c4e-94c6-330cfb37cbd9@group-16324F4B6BD7->9060795c-f318-48a7-8c5f-b9c772b9291e-GrpcLogAppender: appendEntries Timeout, request=1abc736a-4830-4c4e-94c6-330cfb37cbd9->9060795c-f318-48a7-8c5f-b9c772b9291e#140-t2, previous=(t:2, i:20), leaderCommit=16, initializing? false, entries: <empty>
2019-09-18 17:10:53,183 [java.util.concurrent.ThreadPoolExecutor$Worker@30253f2e[State = -1, empty queue]] WARN  server.GrpcLogAppender (GrpcLogAppender.java:timeoutAppendRequest(200)) - 1abc736a-4830-4c4e-94c6-330cfb37cbd9@group-16324F4B6BD7->c79c5a76-aee4-4242-a106-dd0d04c341ff-GrpcLogAppender: appendEntries Timeout, request=1abc736a-4830-4c4e-94c6-330cfb37cbd9->c79c5a76-aee4-4242-a106-dd0d04c341ff#140-t2, previous=(t:2, i:20), leaderCommit=16, initializing? false, entries: <empty>
2019-09-18 17:10:53,502 [java.util.concurrent.ThreadPoolExecutor$Worker@583eae3a[State = -1, empty queue]] WARN  server.GrpcLogAppender (GrpcLogAppender.java:timeoutAppendRequest(200)) - 78cf3f4b-2ba3-4c47-8363-becf5fcab44c@group-44CDFF0F5509->62d2617d-d759-46ce-9c32-c3f7d08f54db-GrpcLogAppender: appendEntries Timeout, request=78cf3f4b-2ba3-4c47-8363-becf5fcab44c->62d2617d-d759-46ce-9c32-c3f7d08f54db#156-t1, previous=(t:1, i:34), leaderCommit=30, initializing? false, entries: <empty>
2019-09-18 17:10:53,502 [java.util.concurrent.ThreadPoolExecutor$Worker@6db19003[State = -1, empty queue]] WARN  server.GrpcLogAppender (GrpcLogAppender.java:timeoutAppendRequest(200)) - 78cf3f4b-2ba3-4c47-8363-becf5fcab44c@group-44CDFF0F5509->77addda6-fc28-4fe0-a9c9-ddb04539ca78-GrpcLogAppender: appendEntries Timeout, request=78cf3f4b-2ba3-4c47-8363-becf5fcab44c->77addda6-fc28-4fe0-a9c9-ddb04539ca78#156-t1, previous=(t:1, i:34), leaderCommit=30, initializing? false, entries: <empty>
2019-09-18 17:10:53,620 [grpc-default-executor-2] INFO  client.GrpcClientProtocolClient (GrpcClientProtocolClient.java:onNext(264)) - client-F299FC84871C->62d2617d-d759-46ce-9c32-c3f7d08f54db: receive RaftClientReply:client-F299FC84871C->62d2617d-d759-46ce-9c32-c3f7d08f54db@group-44CDFF0F5509, cid=65, FAILED org.apache.ratis.protocol.NotLeaderException: Server 62d2617d-d759-46ce-9c32-c3f7d08f54db@group-44CDFF0F5509 is not the leader 78cf3f4b-2ba3-4c47-8363-becf5fcab44c:192.168.151.122:41660, logIndex=0, commits[62d2617d-d759-46ce-9c32-c3f7d08f54db:c30, 78cf3f4b-2ba3-4c47-8363-becf5fcab44c:c30, 77addda6-fc28-4fe0-a9c9-ddb04539ca78:c28]
2019-09-18 17:10:53,683 [java.util.concurrent.ThreadPoolExecutor$Worker@30253f2e[State = -1, empty queue]] WARN  server.GrpcLogAppender (GrpcLogAppender.java:timeoutAppendRequest(200)) - 1abc736a-4830-4c4e-94c6-330cfb37cbd9@group-16324F4B6BD7->c79c5a76-aee4-4242-a106-dd0d04c341ff-GrpcLogAppender: appendEntries Timeout, request=1abc736a-4830-4c4e-94c6-330cfb37cbd9->c79c5a76-aee4-4242-a106-dd0d04c341ff#141-t2, previous=(t:2, i:20), leaderCommit=16, initializing? false, entries: <empty>
2019-09-18 17:10:53,683 [java.util.concurrent.ThreadPoolExecutor$Worker@5edbee1f[State = -1, empty queue]] WARN  server.GrpcLogAppender (GrpcLogAppender.java:timeoutAppendRequest(200)) - 1abc736a-4830-4c4e-94c6-330cfb37cbd9@group-16324F4B6BD7->9060795c-f318-48a7-8c5f-b9c772b9291e-GrpcLogAppender: appendEntries Timeout, request=1abc736a-4830-4c4e-94c6-330cfb37cbd9->9060795c-f318-48a7-8c5f-b9c772b9291e#141-t2, previous=(t:2, i:20), leaderCommit=16, initializing? false, entries: <empty>
2019-09-18 17:10:54,003 [java.util.concurrent.ThreadPoolExecutor$Worker@583eae3a[State = -1, empty queue]] WARN  server.GrpcLogAppender (GrpcLogAppender.java:timeoutAppendRequest(200)) - 78cf3f4b-2ba3-4c47-8363-becf5fcab44c@group-44CDFF0F5509->62d2617d-d759-46ce-9c32-c3f7d08f54db-GrpcLogAppender: appendEntries Timeout, request=78cf3f4b-2ba3-4c47-8363-becf5fcab44c->62d2617d-d759-46ce-9c32-c3f7d08f54db#157-t1, previous=(t:1, i:34), leaderCommit=30, initializing? false, entries: <empty>
2019-09-18 17:10:54,003 [java.util.concurrent.ThreadPoolExecutor$Worker@6db19003[State = -1, empty queue]] WARN  server.GrpcLogAppender (GrpcLogAppender.java:timeoutAppendRequest(200)) - 78cf3f4b-2ba3-4c47-8363-becf5fcab44c@group-44CDFF0F5509->77addda6-fc28-4fe0-a9c9-ddb04539ca78-GrpcLogAppender: appendEntries Timeout, request=78cf3f4b-2ba3-4c47-8363-becf5fcab44c->77addda6-fc28-4fe0-a9c9-ddb04539ca78#157-t1, previous=(t:1, i:34), leaderCommit=30, initializing? false, entries: <empty>
2019-09-18 17:10:54,184 [java.util.concurrent.ThreadPoolExecutor$Worker@5edbee1f[State = -1, empty queue]] WARN  server.GrpcLogAppender (GrpcLogAppender.java:timeoutAppendRequest(200)) - 1abc736a-4830-4c4e-94c6-330cfb37cbd9@group-16324F4B6BD7->9060795c-f318-48a7-8c5f-b9c772b9291e-GrpcLogAppender: appendEntries Timeout, request=1abc736a-4830-4c4e-94c6-330cfb37cbd9->9060795c-f318-48a7-8c5f-b9c772b9291e#142-t2, previous=(t:2, i:20), leaderCommit=16, initializing? false, entries: <empty>
2019-09-18 17:10:54,184 [java.util.concurrent.ThreadPoolExecutor$Worker@30253f2e[State = -1, empty queue]] WARN  server.GrpcLogAppender (GrpcLogAppender.java:timeoutAppendRequest(200)) - 1abc736a-4830-4c4e-94c6-330cfb37cbd9@group-16324F4B6BD7->c79c5a76-aee4-4242-a106-dd0d04c341ff-GrpcLogAppender: appendEntries Timeout, request=1abc736a-4830-4c4e-94c6-330cfb37cbd9->c79c5a76-aee4-4242-a106-dd0d04c341ff#142-t2, previous=(t:2, i:20), leaderCommit=16, initializing? false, entries: <empty>
2019-09-18 17:10:54,503 [java.util.concurrent.ThreadPoolExecutor$Worker@583eae3a[State = -1, empty queue]] WARN  server.GrpcLogAppender (GrpcLogAppender.java:timeoutAppendRequest(200)) - 78cf3f4b-2ba3-4c47-8363-becf5fcab44c@group-44CDFF0F5509->62d2617d-d759-46ce-9c32-c3f7d08f54db-GrpcLogAppender: appendEntries Timeout, request=78cf3f4b-2ba3-4c47-8363-becf5fcab44c->62d2617d-d759-46ce-9c32-c3f7d08f54db#158-t1, previous=(t:1, i:34), leaderCommit=30, initializing? false, entries: <empty>
2019-09-18 17:10:54,503 [java.util.concurrent.ThreadPoolExecutor$Worker@6db19003[State = -1, empty queue]] WARN  server.GrpcLogAppender (GrpcLogAppender.java:timeoutAppendRequest(200)) - 78cf3f4b-2ba3-4c47-8363-becf5fcab44c@group-44CDFF0F5509->77addda6-fc28-4fe0-a9c9-ddb04539ca78-GrpcLogAppender: appendEntries Timeout, request=78cf3f4b-2ba3-4c47-8363-becf5fcab44c->77addda6-fc28-4fe0-a9c9-ddb04539ca78#158-t1, previous=(t:1, i:34), leaderCommit=30, initializing? false, entries: <empty>
2019-09-18 17:10:54,622 [1abc736a-4830-4c4e-94c6-330cfb37cbd9@group-16324F4B6BD7-SegmentedRaftLogWorker] WARN  segmented.SegmentedRaftLogWorker (SegmentedRaftLogWorker.java:getFromFuture(90)) - Timeout 3/~
org.apache.ratis.protocol.TimeoutIOException: Timeout 10s: WriteLog:17: (t:2, i:17), STATEMACHINELOGENTRY, client-A93D41F52A29, cid=52-writeStateMachineData
	at org.apache.ratis.util.IOUtils.getFromFuture(IOUtils.java:87)
	at org.apache.ratis.server.raftlog.segmented.SegmentedRaftLogWorker$StateMachineDataPolicy.getFromFuture(SegmentedRaftLogWorker.java:87)
	at org.apache.ratis.server.raftlog.segmented.SegmentedRaftLogWorker$WriteLog.execute(SegmentedRaftLogWorker.java:477)
	at org.apache.ratis.server.raftlog.segmented.SegmentedRaftLogWorker.run(SegmentedRaftLogWorker.java:289)
	at java.lang.Thread.run(Thread.java:748)
Caused by: java.util.concurrent.TimeoutException
	at java.util.concurrent.CompletableFuture.timedGet(CompletableFuture.java:1771)
	at java.util.concurrent.CompletableFuture.get(CompletableFuture.java:1915)
	at org.apache.ratis.util.IOUtils.getFromFuture(IOUtils.java:79)
	... 4 more
2019-09-18 17:10:54,628 [9060795c-f318-48a7-8c5f-b9c772b9291e@group-16324F4B6BD7-SegmentedRaftLogWorker] WARN  segmented.SegmentedRaftLogWorker (SegmentedRaftLogWorker.java:getFromFuture(90)) - Timeout 3/~
org.apache.ratis.protocol.TimeoutIOException: Timeout 10s: WriteLog:17: (t:2, i:17), STATEMACHINELOGENTRY, client-A93D41F52A29, cid=52-writeStateMachineData
	at org.apache.ratis.util.IOUtils.getFromFuture(IOUtils.java:87)
	at org.apache.ratis.server.raftlog.segmented.SegmentedRaftLogWorker$StateMachineDataPolicy.getFromFuture(SegmentedRaftLogWorker.java:87)
	at org.apache.ratis.server.raftlog.segmented.SegmentedRaftLogWorker$WriteLog.execute(SegmentedRaftLogWorker.java:477)
	at org.apache.ratis.server.raftlog.segmented.SegmentedRaftLogWorker.run(SegmentedRaftLogWorker.java:289)
	at java.lang.Thread.run(Thread.java:748)
Caused by: java.util.concurrent.TimeoutException
	at java.util.concurrent.CompletableFuture.timedGet(CompletableFuture.java:1771)
	at java.util.concurrent.CompletableFuture.get(CompletableFuture.java:1915)
	at org.apache.ratis.util.IOUtils.getFromFuture(IOUtils.java:79)
	... 4 more
2019-09-18 17:10:54,684 [java.util.concurrent.ThreadPoolExecutor$Worker@30253f2e[State = -1, empty queue]] WARN  server.GrpcLogAppender (GrpcLogAppender.java:timeoutAppendRequest(200)) - 1abc736a-4830-4c4e-94c6-330cfb37cbd9@group-16324F4B6BD7->c79c5a76-aee4-4242-a106-dd0d04c341ff-GrpcLogAppender: appendEntries Timeout, request=1abc736a-4830-4c4e-94c6-330cfb37cbd9->c79c5a76-aee4-4242-a106-dd0d04c341ff#143-t2, previous=(t:2, i:20), leaderCommit=16, initializing? false, entries: <empty>
2019-09-18 17:10:54,684 [java.util.concurrent.ThreadPoolExecutor$Worker@5edbee1f[State = -1, empty queue]] WARN  server.GrpcLogAppender (GrpcLogAppender.java:timeoutAppendRequest(200)) - 1abc736a-4830-4c4e-94c6-330cfb37cbd9@group-16324F4B6BD7->9060795c-f318-48a7-8c5f-b9c772b9291e-GrpcLogAppender: appendEntries Timeout, request=1abc736a-4830-4c4e-94c6-330cfb37cbd9->9060795c-f318-48a7-8c5f-b9c772b9291e#143-t2, previous=(t:2, i:20), leaderCommit=16, initializing? false, entries: <empty>
2019-09-18 17:10:54,766 [c79c5a76-aee4-4242-a106-dd0d04c341ff@group-16324F4B6BD7-SegmentedRaftLogWorker] WARN  segmented.SegmentedRaftLogWorker (SegmentedRaftLogWorker.java:getFromFuture(90)) - Timeout 3/~
org.apache.ratis.protocol.TimeoutIOException: Timeout 10s: WriteLog:19: (t:2, i:19), STATEMACHINELOGENTRY, client-A93D41F52A29, cid=54-writeStateMachineData
	at org.apache.ratis.util.IOUtils.getFromFuture(IOUtils.java:87)
	at org.apache.ratis.server.raftlog.segmented.SegmentedRaftLogWorker$StateMachineDataPolicy.getFromFuture(SegmentedRaftLogWorker.java:87)
	at org.apache.ratis.server.raftlog.segmented.SegmentedRaftLogWorker$WriteLog.execute(SegmentedRaftLogWorker.java:477)
	at org.apache.ratis.server.raftlog.segmented.SegmentedRaftLogWorker.run(SegmentedRaftLogWorker.java:289)
	at java.lang.Thread.run(Thread.java:748)
Caused by: java.util.concurrent.TimeoutException
	at java.util.concurrent.CompletableFuture.timedGet(CompletableFuture.java:1771)
	at java.util.concurrent.CompletableFuture.get(CompletableFuture.java:1915)
	at org.apache.ratis.util.IOUtils.getFromFuture(IOUtils.java:79)
	... 4 more
2019-09-18 17:10:55,004 [java.util.concurrent.ThreadPoolExecutor$Worker@583eae3a[State = -1, empty queue]] WARN  server.GrpcLogAppender (GrpcLogAppender.java:timeoutAppendRequest(200)) - 78cf3f4b-2ba3-4c47-8363-becf5fcab44c@group-44CDFF0F5509->62d2617d-d759-46ce-9c32-c3f7d08f54db-GrpcLogAppender: appendEntries Timeout, request=78cf3f4b-2ba3-4c47-8363-becf5fcab44c->62d2617d-d759-46ce-9c32-c3f7d08f54db#159-t1, previous=(t:1, i:34), leaderCommit=30, initializing? false, entries: <empty>
2019-09-18 17:10:55,004 [java.util.concurrent.ThreadPoolExecutor$Worker@6db19003[State = -1, empty queue]] WARN  server.GrpcLogAppender (GrpcLogAppender.java:timeoutAppendRequest(200)) - 78cf3f4b-2ba3-4c47-8363-becf5fcab44c@group-44CDFF0F5509->77addda6-fc28-4fe0-a9c9-ddb04539ca78-GrpcLogAppender: appendEntries Timeout, request=78cf3f4b-2ba3-4c47-8363-becf5fcab44c->77addda6-fc28-4fe0-a9c9-ddb04539ca78#159-t1, previous=(t:1, i:34), leaderCommit=30, initializing? false, entries: <empty>
2019-09-18 17:10:55,185 [java.util.concurrent.ThreadPoolExecutor$Worker@30253f2e[State = -1, empty queue]] WARN  server.GrpcLogAppender (GrpcLogAppender.java:timeoutAppendRequest(200)) - 1abc736a-4830-4c4e-94c6-330cfb37cbd9@group-16324F4B6BD7->c79c5a76-aee4-4242-a106-dd0d04c341ff-GrpcLogAppender: appendEntries Timeout, request=1abc736a-4830-4c4e-94c6-330cfb37cbd9->c79c5a76-aee4-4242-a106-dd0d04c341ff#144-t2, previous=(t:2, i:20), leaderCommit=16, initializing? false, entries: <empty>
2019-09-18 17:10:55,185 [java.util.concurrent.ThreadPoolExecutor$Worker@5edbee1f[State = -1, empty queue]] WARN  server.GrpcLogAppender (GrpcLogAppender.java:timeoutAppendRequest(200)) - 1abc736a-4830-4c4e-94c6-330cfb37cbd9@group-16324F4B6BD7->9060795c-f318-48a7-8c5f-b9c772b9291e-GrpcLogAppender: appendEntries Timeout, request=1abc736a-4830-4c4e-94c6-330cfb37cbd9->9060795c-f318-48a7-8c5f-b9c772b9291e#144-t2, previous=(t:2, i:20), leaderCommit=16, initializing? false, entries: <empty>
2019-09-18 17:10:55,505 [java.util.concurrent.ThreadPoolExecutor$Worker@583eae3a[State = -1, empty queue]] WARN  server.GrpcLogAppender (GrpcLogAppender.java:timeoutAppendRequest(200)) - 78cf3f4b-2ba3-4c47-8363-becf5fcab44c@group-44CDFF0F5509->62d2617d-d759-46ce-9c32-c3f7d08f54db-GrpcLogAppender: appendEntries Timeout, request=78cf3f4b-2ba3-4c47-8363-becf5fcab44c->62d2617d-d759-46ce-9c32-c3f7d08f54db#160-t1, previous=(t:1, i:34), leaderCommit=30, initializing? false, entries: <empty>
2019-09-18 17:10:55,505 [java.util.concurrent.ThreadPoolExecutor$Worker@6db19003[State = -1, empty queue]] WARN  server.GrpcLogAppender (GrpcLogAppender.java:timeoutAppendRequest(200)) - 78cf3f4b-2ba3-4c47-8363-becf5fcab44c@group-44CDFF0F5509->77addda6-fc28-4fe0-a9c9-ddb04539ca78-GrpcLogAppender: appendEntries Timeout, request=78cf3f4b-2ba3-4c47-8363-becf5fcab44c->77addda6-fc28-4fe0-a9c9-ddb04539ca78#160-t1, previous=(t:1, i:34), leaderCommit=30, initializing? false, entries: <empty>
2019-09-18 17:10:55,685 [java.util.concurrent.ThreadPoolExecutor$Worker@30253f2e[State = -1, empty queue]] WARN  server.GrpcLogAppender (GrpcLogAppender.java:timeoutAppendRequest(200)) - 1abc736a-4830-4c4e-94c6-330cfb37cbd9@group-16324F4B6BD7->c79c5a76-aee4-4242-a106-dd0d04c341ff-GrpcLogAppender: appendEntries Timeout, request=1abc736a-4830-4c4e-94c6-330cfb37cbd9->c79c5a76-aee4-4242-a106-dd0d04c341ff#145-t2, previous=(t:2, i:20), leaderCommit=16, initializing? false, entries: <empty>
2019-09-18 17:10:55,685 [java.util.concurrent.ThreadPoolExecutor$Worker@5edbee1f[State = -1, empty queue]] WARN  server.GrpcLogAppender (GrpcLogAppender.java:timeoutAppendRequest(200)) - 1abc736a-4830-4c4e-94c6-330cfb37cbd9@group-16324F4B6BD7->9060795c-f318-48a7-8c5f-b9c772b9291e-GrpcLogAppender: appendEntries Timeout, request=1abc736a-4830-4c4e-94c6-330cfb37cbd9->9060795c-f318-48a7-8c5f-b9c772b9291e#145-t2, previous=(t:2, i:20), leaderCommit=16, initializing? false, entries: <empty>
2019-09-18 17:10:56,005 [java.util.concurrent.ThreadPoolExecutor$Worker@6db19003[State = -1, empty queue]] WARN  server.GrpcLogAppender (GrpcLogAppender.java:timeoutAppendRequest(200)) - 78cf3f4b-2ba3-4c47-8363-becf5fcab44c@group-44CDFF0F5509->77addda6-fc28-4fe0-a9c9-ddb04539ca78-GrpcLogAppender: appendEntries Timeout, request=78cf3f4b-2ba3-4c47-8363-becf5fcab44c->77addda6-fc28-4fe0-a9c9-ddb04539ca78#161-t1, previous=(t:1, i:34), leaderCommit=30, initializing? false, entries: <empty>
2019-09-18 17:10:56,005 [java.util.concurrent.ThreadPoolExecutor$Worker@583eae3a[State = -1, empty queue]] WARN  server.GrpcLogAppender (GrpcLogAppender.java:timeoutAppendRequest(200)) - 78cf3f4b-2ba3-4c47-8363-becf5fcab44c@group-44CDFF0F5509->62d2617d-d759-46ce-9c32-c3f7d08f54db-GrpcLogAppender: appendEntries Timeout, request=78cf3f4b-2ba3-4c47-8363-becf5fcab44c->62d2617d-d759-46ce-9c32-c3f7d08f54db#161-t1, previous=(t:1, i:34), leaderCommit=30, initializing? false, entries: <empty>
2019-09-18 17:10:56,185 [java.util.concurrent.ThreadPoolExecutor$Worker@5edbee1f[State = -1, empty queue]] WARN  server.GrpcLogAppender (GrpcLogAppender.java:timeoutAppendRequest(200)) - 1abc736a-4830-4c4e-94c6-330cfb37cbd9@group-16324F4B6BD7->9060795c-f318-48a7-8c5f-b9c772b9291e-GrpcLogAppender: appendEntries Timeout, request=1abc736a-4830-4c4e-94c6-330cfb37cbd9->9060795c-f318-48a7-8c5f-b9c772b9291e#146-t2, previous=(t:2, i:20), leaderCommit=16, initializing? false, entries: <empty>
2019-09-18 17:10:56,185 [java.util.concurrent.ThreadPoolExecutor$Worker@30253f2e[State = -1, empty queue]] WARN  server.GrpcLogAppender (GrpcLogAppender.java:timeoutAppendRequest(200)) - 1abc736a-4830-4c4e-94c6-330cfb37cbd9@group-16324F4B6BD7->c79c5a76-aee4-4242-a106-dd0d04c341ff-GrpcLogAppender: appendEntries Timeout, request=1abc736a-4830-4c4e-94c6-330cfb37cbd9->c79c5a76-aee4-4242-a106-dd0d04c341ff#146-t2, previous=(t:2, i:20), leaderCommit=16, initializing? false, entries: <empty>
2019-09-18 17:10:56,506 [java.util.concurrent.ThreadPoolExecutor$Worker@6db19003[State = -1, empty queue]] WARN  server.GrpcLogAppender (GrpcLogAppender.java:timeoutAppendRequest(200)) - 78cf3f4b-2ba3-4c47-8363-becf5fcab44c@group-44CDFF0F5509->77addda6-fc28-4fe0-a9c9-ddb04539ca78-GrpcLogAppender: appendEntries Timeout, request=78cf3f4b-2ba3-4c47-8363-becf5fcab44c->77addda6-fc28-4fe0-a9c9-ddb04539ca78#162-t1, previous=(t:1, i:34), leaderCommit=30, initializing? false, entries: <empty>
2019-09-18 17:10:56,506 [java.util.concurrent.ThreadPoolExecutor$Worker@583eae3a[State = -1, empty queue]] WARN  server.GrpcLogAppender (GrpcLogAppender.java:timeoutAppendRequest(200)) - 78cf3f4b-2ba3-4c47-8363-becf5fcab44c@group-44CDFF0F5509->62d2617d-d759-46ce-9c32-c3f7d08f54db-GrpcLogAppender: appendEntries Timeout, request=78cf3f4b-2ba3-4c47-8363-becf5fcab44c->62d2617d-d759-46ce-9c32-c3f7d08f54db#162-t1, previous=(t:1, i:34), leaderCommit=30, initializing? false, entries: <empty>
2019-09-18 17:10:56,643 [main] WARN  io.KeyOutputStream (KeyOutputStream.java:handleException(276)) - Encountered exception java.io.IOException: Unexpected Storage Container Exception: java.util.concurrent.CompletionException: java.util.concurrent.CompletionException: org.apache.ratis.protocol.RaftRetryFailureException: Failed RaftClientRequest:client-F299FC84871C->78cf3f4b-2ba3-4c47-8363-becf5fcab44c@group-44CDFF0F5509, cid=65, seq=9*, RW, org.apache.hadoop.hdds.scm.XceiverClientRatis$$Lambda$515/1476915117@681a18fb for 10 attempts with RetryLimited(maxAttempts=10, sleepTime=1000ms) on the pipeline Pipeline[ Id: 56775dd8-28a6-4e8e-8e6c-44cdff0f5509, Nodes: 62d2617d-d759-46ce-9c32-c3f7d08f54db{ip: 192.168.151.122, host: pr-hdds-2121-ltkqc-3926781246, networkLocation: /default-rack, certSerialId: null}78cf3f4b-2ba3-4c47-8363-becf5fcab44c{ip: 192.168.151.122, host: pr-hdds-2121-ltkqc-3926781246, networkLocation: /default-rack, certSerialId: null}77addda6-fc28-4fe0-a9c9-ddb04539ca78{ip: 192.168.151.122, host: pr-hdds-2121-ltkqc-3926781246, networkLocation: /default-rack, certSerialId: null}, Type:RATIS, Factor:THREE, State:OPEN]. The last committed block length is 0, uncommitted data length is 2097152 retry count 0
2019-09-18 17:10:56,679 [IPC Server handler 0 on 36216] WARN  block.BlockManagerImpl (BlockManagerImpl.java:allocateBlock(192)) - Pipeline creation failed for type:RATIS factor:THREE. Retrying get pipelines call once.
org.apache.hadoop.hdds.scm.pipeline.InsufficientDatanodesException: Cannot create pipeline of factor 3 using 1 nodes.
	at org.apache.hadoop.hdds.scm.pipeline.RatisPipelineProvider.create(RatisPipelineProvider.java:152)
	at org.apache.hadoop.hdds.scm.pipeline.PipelineFactory.create(PipelineFactory.java:57)
	at org.apache.hadoop.hdds.scm.pipeline.SCMPipelineManager.createPipeline(SCMPipelineManager.java:151)
	at org.apache.hadoop.hdds.scm.block.BlockManagerImpl.allocateBlock(BlockManagerImpl.java:190)
	at org.apache.hadoop.hdds.scm.server.SCMBlockProtocolServer.allocateBlock(SCMBlockProtocolServer.java:182)
	at org.apache.hadoop.ozone.protocolPB.ScmBlockLocationProtocolServerSideTranslatorPB.allocateScmBlock(ScmBlockLocationProtocolServerSideTranslatorPB.java:183)
	at org.apache.hadoop.ozone.protocolPB.ScmBlockLocationProtocolServerSideTranslatorPB.processMessage(ScmBlockLocationProtocolServerSideTranslatorPB.java:141)
	at org.apache.hadoop.ozone.protocolPB.ScmBlockLocationProtocolServerSideTranslatorPB.send(ScmBlockLocationProtocolServerSideTranslatorPB.java:116)
	at org.apache.hadoop.hdds.protocol.proto.ScmBlockLocationProtocolProtos$ScmBlockLocationProtocolService$2.callBlockingMethod(ScmBlockLocationProtocolProtos.java:13157)
	at org.apache.hadoop.ipc.ProtobufRpcEngine$Server$ProtoBufRpcInvoker.call(ProtobufRpcEngine.java:524)
	at org.apache.hadoop.ipc.RPC$Server.call(RPC.java:1025)
	at org.apache.hadoop.ipc.Server$RpcCall.run(Server.java:876)
	at org.apache.hadoop.ipc.Server$RpcCall.run(Server.java:822)
	at java.security.AccessController.doPrivileged(Native Method)
	at javax.security.auth.Subject.doAs(Subject.java:422)
	at org.apache.hadoop.security.UserGroupInformation.doAs(UserGroupInformation.java:1730)
	at org.apache.hadoop.ipc.Server$Handler.run(Server.java:2682)
2019-09-18 17:10:56,682 [IPC Server handler 0 on 36216] INFO  block.BlockManagerImpl (BlockManagerImpl.java:allocateBlock(198)) - Could not find available pipeline of type:RATIS and factor:THREE even after retrying
2019-09-18 17:10:56,682 [IPC Server handler 0 on 36216] ERROR block.BlockManagerImpl (BlockManagerImpl.java:allocateBlock(222)) - Unable to allocate a block for the size: 4194304, type: RATIS, factor: THREE
2019-09-18 17:10:56,687 [java.util.concurrent.ThreadPoolExecutor$Worker@30253f2e[State = -1, empty queue]] WARN  server.GrpcLogAppender (GrpcLogAppender.java:timeoutAppendRequest(200)) - 1abc736a-4830-4c4e-94c6-330cfb37cbd9@group-16324F4B6BD7->c79c5a76-aee4-4242-a106-dd0d04c341ff-GrpcLogAppender: appendEntries Timeout, request=1abc736a-4830-4c4e-94c6-330cfb37cbd9->c79c5a76-aee4-4242-a106-dd0d04c341ff#147-t2, previous=(t:2, i:20), leaderCommit=16, initializing? false, entries: <empty>
2019-09-18 17:10:56,690 [java.util.concurrent.ThreadPoolExecutor$Worker@5edbee1f[State = -1, empty queue]] WARN  server.GrpcLogAppender (GrpcLogAppender.java:timeoutAppendRequest(200)) - 1abc736a-4830-4c4e-94c6-330cfb37cbd9@group-16324F4B6BD7->9060795c-f318-48a7-8c5f-b9c772b9291e-GrpcLogAppender: appendEntries Timeout, request=1abc736a-4830-4c4e-94c6-330cfb37cbd9->9060795c-f318-48a7-8c5f-b9c772b9291e#147-t2, previous=(t:2, i:20), leaderCommit=16, initializing? false, entries: <empty>
2019-09-18 17:10:56,691 [main] ERROR io.BlockOutputStreamEntryPool (BlockOutputStreamEntryPool.java:allocateBlockIfNeeded(299)) - Try to allocate more blocks for write failed, already allocated 0 blocks for this write.
INTERNAL_ERROR org.apache.hadoop.ozone.om.exceptions.OMException: Allocated 0 blocks. Requested 1 blocks
	at org.apache.hadoop.ozone.om.protocolPB.OzoneManagerProtocolClientSideTranslatorPB.handleError(OzoneManagerProtocolClientSideTranslatorPB.java:726)
	at org.apache.hadoop.ozone.om.protocolPB.OzoneManagerProtocolClientSideTranslatorPB.allocateBlock(OzoneManagerProtocolClientSideTranslatorPB.java:758)
	at sun.reflect.NativeMethodAccessorImpl.invoke0(Native Method)
	at sun.reflect.NativeMethodAccessorImpl.invoke(NativeMethodAccessorImpl.java:62)
	at sun.reflect.DelegatingMethodAccessorImpl.invoke(DelegatingMethodAccessorImpl.java:43)
	at java.lang.reflect.Method.invoke(Method.java:498)
	at org.apache.hadoop.hdds.tracing.TraceAllMethod.invoke(TraceAllMethod.java:66)
	at com.sun.proxy.$Proxy36.allocateBlock(Unknown Source)
	at org.apache.hadoop.ozone.client.io.BlockOutputStreamEntryPool.allocateNewBlock(BlockOutputStreamEntryPool.java:248)
	at org.apache.hadoop.ozone.client.io.BlockOutputStreamEntryPool.allocateBlockIfNeeded(BlockOutputStreamEntryPool.java:296)
	at org.apache.hadoop.ozone.client.io.KeyOutputStream.handleWrite(KeyOutputStream.java:201)
	at org.apache.hadoop.ozone.client.io.KeyOutputStream.handleRetry(KeyOutputStream.java:376)
	at org.apache.hadoop.ozone.client.io.KeyOutputStream.handleException(KeyOutputStream.java:325)
	at org.apache.hadoop.ozone.client.io.KeyOutputStream.handleWrite(KeyOutputStream.java:231)
	at org.apache.hadoop.ozone.client.io.KeyOutputStream.write(KeyOutputStream.java:193)
	at org.apache.hadoop.ozone.client.io.OzoneOutputStream.write(OzoneOutputStream.java:49)
	at java.io.OutputStream.write(OutputStream.java:75)
	at org.apache.hadoop.ozone.client.rpc.TestMultiBlockWritesWithDnFailures.testMultiBlockWritesWithIntermittentDnFailures(TestMultiBlockWritesWithDnFailures.java:196)
	at sun.reflect.NativeMethodAccessorImpl.invoke0(Native Method)
	at sun.reflect.NativeMethodAccessorImpl.invoke(NativeMethodAccessorImpl.java:62)
	at sun.reflect.DelegatingMethodAccessorImpl.invoke(DelegatingMethodAccessorImpl.java:43)
	at java.lang.reflect.Method.invoke(Method.java:498)
	at org.junit.runners.model.FrameworkMethod$1.runReflectiveCall(FrameworkMethod.java:47)
	at org.junit.internal.runners.model.ReflectiveCallable.run(ReflectiveCallable.java:12)
	at org.junit.runners.model.FrameworkMethod.invokeExplosively(FrameworkMethod.java:44)
	at org.junit.internal.runners.statements.InvokeMethod.evaluate(InvokeMethod.java:17)
	at org.junit.internal.runners.statements.RunAfters.evaluate(RunAfters.java:27)
	at org.junit.runners.ParentRunner.runLeaf(ParentRunner.java:271)
	at org.junit.runners.BlockJUnit4ClassRunner.runChild(BlockJUnit4ClassRunner.java:70)
	at org.junit.runners.BlockJUnit4ClassRunner.runChild(BlockJUnit4ClassRunner.java:50)
	at org.junit.runners.ParentRunner$3.run(ParentRunner.java:238)
	at org.junit.runners.ParentRunner$1.schedule(ParentRunner.java:63)
	at org.junit.runners.ParentRunner.runChildren(ParentRunner.java:236)
	at org.junit.runners.ParentRunner.access$000(ParentRunner.java:53)
	at org.junit.runners.ParentRunner$2.evaluate(ParentRunner.java:229)
	at org.junit.runners.ParentRunner.run(ParentRunner.java:309)
	at org.apache.maven.surefire.junit4.JUnit4Provider.execute(JUnit4Provider.java:365)
	at org.apache.maven.surefire.junit4.JUnit4Provider.executeWithRerun(JUnit4Provider.java:273)
	at org.apache.maven.surefire.junit4.JUnit4Provider.executeTestSet(JUnit4Provider.java:238)
	at org.apache.maven.surefire.junit4.JUnit4Provider.invoke(JUnit4Provider.java:159)
	at org.apache.maven.surefire.booter.ForkedBooter.invokeProviderInSameClassLoader(ForkedBooter.java:384)
	at org.apache.maven.surefire.booter.ForkedBooter.runSuitesInProcess(ForkedBooter.java:345)
	at org.apache.maven.surefire.booter.ForkedBooter.execute(ForkedBooter.java:126)
	at org.apache.maven.surefire.booter.ForkedBooter.main(ForkedBooter.java:418)
2019-09-18 17:10:56,693 [main] INFO  ozone.MiniOzoneClusterImpl (MiniOzoneClusterImpl.java:shutdown(312)) - Shutting down the Mini Ozone Cluster
2019-09-18 17:10:56,694 [main] INFO  ozone.MiniOzoneClusterImpl (MiniOzoneClusterImpl.java:stop(327)) - Stopping the Mini Ozone Cluster
2019-09-18 17:10:56,694 [main] INFO  ozone.MiniOzoneClusterImpl (MiniOzoneClusterImpl.java:stop(329)) - Stopping the OzoneManager
2019-09-18 17:10:56,694 [main] INFO  ipc.Server (Server.java:stop(3082)) - Stopping server on 33396
2019-09-18 17:10:56,703 [IPC Server listener on 33396] INFO  ipc.Server (Server.java:run(1185)) - Stopping IPC Server listener on 33396
2019-09-18 17:10:56,705 [main] INFO  ratis.OzoneManagerDoubleBuffer (OzoneManagerDoubleBuffer.java:stop(248)) - Stopping OMDoubleBuffer flush thread
2019-09-18 17:10:56,713 [IPC Server Responder] INFO  ipc.Server (Server.java:run(1319)) - Stopping IPC Server Responder
2019-09-18 17:10:56,724 [OMDoubleBufferFlushThread] INFO  ratis.OzoneManagerDoubleBuffer (OzoneManagerDoubleBuffer.java:flushTransactions(191)) - OMDoubleBuffer flush thread OMDoubleBufferFlushThread is interrupted and will exit. OMDoubleBufferFlushThread
2019-09-18 17:10:56,749 [main] INFO  utils.BackgroundService (BackgroundService.java:shutdown(148)) - Shutting down service KeyDeletingService
2019-09-18 17:10:56,751 [main] INFO  handler.ContextHandler (ContextHandler.java:doStop(910)) - Stopped o.e.j.w.WebAppContext@55b8dbda{/,null,UNAVAILABLE}{/ozoneManager}
2019-09-18 17:10:56,752 [main] INFO  server.AbstractConnector (AbstractConnector.java:doStop(318)) - Stopped ServerConnector@3b569985{HTTP/1.1,[http/1.1]}{0.0.0.0:0}
2019-09-18 17:10:56,752 [main] INFO  handler.ContextHandler (ContextHandler.java:doStop(910)) - Stopped o.e.j.s.ServletContextHandler@677b8e13{/static,file:///workdir/hadoop-ozone/integration-test/target/test-classes/webapps/static,UNAVAILABLE}
2019-09-18 17:10:56,753 [main] INFO  handler.ContextHandler (ContextHandler.java:doStop(910)) - Stopped o.e.j.s.ServletContextHandler@74fe5966{/logs,file:///workdir/hadoop-ozone/integration-test/target/log,UNAVAILABLE}
2019-09-18 17:10:56,757 [main] INFO  ozone.MiniOzoneClusterImpl (MiniOzoneClusterImpl.java:stop(335)) - Shutting the HddsDatanodes
2019-09-18 17:10:57,006 [java.util.concurrent.ThreadPoolExecutor$Worker@6db19003[State = -1, empty queue]] WARN  server.GrpcLogAppender (GrpcLogAppender.java:timeoutAppendRequest(200)) - 78cf3f4b-2ba3-4c47-8363-becf5fcab44c@group-44CDFF0F5509->77addda6-fc28-4fe0-a9c9-ddb04539ca78-GrpcLogAppender: appendEntries Timeout, request=78cf3f4b-2ba3-4c47-8363-becf5fcab44c->77addda6-fc28-4fe0-a9c9-ddb04539ca78#163-t1, previous=(t:1, i:34), leaderCommit=30, initializing? false, entries: <empty>
2019-09-18 17:10:57,006 [java.util.concurrent.ThreadPoolExecutor$Worker@583eae3a[State = -1, empty queue]] WARN  server.GrpcLogAppender (GrpcLogAppender.java:timeoutAppendRequest(200)) - 78cf3f4b-2ba3-4c47-8363-becf5fcab44c@group-44CDFF0F5509->62d2617d-d759-46ce-9c32-c3f7d08f54db-GrpcLogAppender: appendEntries Timeout, request=78cf3f4b-2ba3-4c47-8363-becf5fcab44c->62d2617d-d759-46ce-9c32-c3f7d08f54db#163-t1, previous=(t:1, i:34), leaderCommit=30, initializing? false, entries: <empty>
2019-09-18 17:10:57,114 [Datanode State Machine Thread - 0] INFO  statemachine.DatanodeStateMachine (DatanodeStateMachine.java:lambda$startDaemon$0(350)) - Ozone container server started.
2019-09-18 17:10:57,187 [java.util.concurrent.ThreadPoolExecutor$Worker@30253f2e[State = -1, empty queue]] WARN  server.GrpcLogAppender (GrpcLogAppender.java:timeoutAppendRequest(200)) - 1abc736a-4830-4c4e-94c6-330cfb37cbd9@group-16324F4B6BD7->c79c5a76-aee4-4242-a106-dd0d04c341ff-GrpcLogAppender: appendEntries Timeout, request=1abc736a-4830-4c4e-94c6-330cfb37cbd9->c79c5a76-aee4-4242-a106-dd0d04c341ff#148-t2, previous=(t:2, i:20), leaderCommit=16, initializing? false, entries: <empty>
2019-09-18 17:10:57,187 [java.util.concurrent.ThreadPoolExecutor$Worker@5edbee1f[State = -1, empty queue]] WARN  server.GrpcLogAppender (GrpcLogAppender.java:timeoutAppendRequest(200)) - 1abc736a-4830-4c4e-94c6-330cfb37cbd9@group-16324F4B6BD7->9060795c-f318-48a7-8c5f-b9c772b9291e-GrpcLogAppender: appendEntries Timeout, request=1abc736a-4830-4c4e-94c6-330cfb37cbd9->9060795c-f318-48a7-8c5f-b9c772b9291e#148-t2, previous=(t:2, i:20), leaderCommit=16, initializing? false, entries: <empty>
2019-09-18 17:10:57,506 [java.util.concurrent.ThreadPoolExecutor$Worker@6db19003[State = -1, empty queue]] WARN  server.GrpcLogAppender (GrpcLogAppender.java:timeoutAppendRequest(200)) - 78cf3f4b-2ba3-4c47-8363-becf5fcab44c@group-44CDFF0F5509->77addda6-fc28-4fe0-a9c9-ddb04539ca78-GrpcLogAppender: appendEntries Timeout, request=78cf3f4b-2ba3-4c47-8363-becf5fcab44c->77addda6-fc28-4fe0-a9c9-ddb04539ca78#164-t1, previous=(t:1, i:34), leaderCommit=30, initializing? false, entries: <empty>
2019-09-18 17:10:57,506 [java.util.concurrent.ThreadPoolExecutor$Worker@583eae3a[State = -1, empty queue]] WARN  server.GrpcLogAppender (GrpcLogAppender.java:timeoutAppendRequest(200)) - 78cf3f4b-2ba3-4c47-8363-becf5fcab44c@group-44CDFF0F5509->62d2617d-d759-46ce-9c32-c3f7d08f54db-GrpcLogAppender: appendEntries Timeout, request=78cf3f4b-2ba3-4c47-8363-becf5fcab44c->62d2617d-d759-46ce-9c32-c3f7d08f54db#164-t1, previous=(t:1, i:34), leaderCommit=30, initializing? false, entries: <empty>
2019-09-18 17:10:57,575 [Datanode State Machine Thread - 0] INFO  statemachine.DatanodeStateMachine (DatanodeStateMachine.java:lambda$startDaemon$0(350)) - Ozone container server started.
2019-09-18 17:10:57,688 [java.util.concurrent.ThreadPoolExecutor$Worker@30253f2e[State = -1, empty queue]] WARN  server.GrpcLogAppender (GrpcLogAppender.java:timeoutAppendRequest(200)) - 1abc736a-4830-4c4e-94c6-330cfb37cbd9@group-16324F4B6BD7->c79c5a76-aee4-4242-a106-dd0d04c341ff-GrpcLogAppender: appendEntries Timeout, request=1abc736a-4830-4c4e-94c6-330cfb37cbd9->c79c5a76-aee4-4242-a106-dd0d04c341ff#149-t2, previous=(t:2, i:20), leaderCommit=16, initializing? false, entries: <empty>
2019-09-18 17:10:57,688 [java.util.concurrent.ThreadPoolExecutor$Worker@5edbee1f[State = -1, empty queue]] WARN  server.GrpcLogAppender (GrpcLogAppender.java:timeoutAppendRequest(200)) - 1abc736a-4830-4c4e-94c6-330cfb37cbd9@group-16324F4B6BD7->9060795c-f318-48a7-8c5f-b9c772b9291e-GrpcLogAppender: appendEntries Timeout, request=1abc736a-4830-4c4e-94c6-330cfb37cbd9->9060795c-f318-48a7-8c5f-b9c772b9291e#149-t2, previous=(t:2, i:20), leaderCommit=16, initializing? false, entries: <empty>
2019-09-18 17:10:58,007 [java.util.concurrent.ThreadPoolExecutor$Worker@583eae3a[State = -1, empty queue]] WARN  server.GrpcLogAppender (GrpcLogAppender.java:timeoutAppendRequest(200)) - 78cf3f4b-2ba3-4c47-8363-becf5fcab44c@group-44CDFF0F5509->62d2617d-d759-46ce-9c32-c3f7d08f54db-GrpcLogAppender: appendEntries Timeout, request=78cf3f4b-2ba3-4c47-8363-becf5fcab44c->62d2617d-d759-46ce-9c32-c3f7d08f54db#165-t1, previous=(t:1, i:34), leaderCommit=30, initializing? false, entries: <empty>
2019-09-18 17:10:58,007 [java.util.concurrent.ThreadPoolExecutor$Worker@6db19003[State = -1, empty queue]] WARN  server.GrpcLogAppender (GrpcLogAppender.java:timeoutAppendRequest(200)) - 78cf3f4b-2ba3-4c47-8363-becf5fcab44c@group-44CDFF0F5509->77addda6-fc28-4fe0-a9c9-ddb04539ca78-GrpcLogAppender: appendEntries Timeout, request=78cf3f4b-2ba3-4c47-8363-becf5fcab44c->77addda6-fc28-4fe0-a9c9-ddb04539ca78#165-t1, previous=(t:1, i:34), leaderCommit=30, initializing? false, entries: <empty>
2019-09-18 17:10:58,188 [java.util.concurrent.ThreadPoolExecutor$Worker@30253f2e[State = -1, empty queue]] WARN  server.GrpcLogAppender (GrpcLogAppender.java:timeoutAppendRequest(200)) - 1abc736a-4830-4c4e-94c6-330cfb37cbd9@group-16324F4B6BD7->c79c5a76-aee4-4242-a106-dd0d04c341ff-GrpcLogAppender: appendEntries Timeout, request=1abc736a-4830-4c4e-94c6-330cfb37cbd9->c79c5a76-aee4-4242-a106-dd0d04c341ff#150-t2, previous=(t:2, i:20), leaderCommit=16, initializing? false, entries: <empty>
2019-09-18 17:10:58,188 [java.util.concurrent.ThreadPoolExecutor$Worker@5edbee1f[State = -1, empty queue]] WARN  server.GrpcLogAppender (GrpcLogAppender.java:timeoutAppendRequest(200)) - 1abc736a-4830-4c4e-94c6-330cfb37cbd9@group-16324F4B6BD7->9060795c-f318-48a7-8c5f-b9c772b9291e-GrpcLogAppender: appendEntries Timeout, request=1abc736a-4830-4c4e-94c6-330cfb37cbd9->9060795c-f318-48a7-8c5f-b9c772b9291e#150-t2, previous=(t:2, i:20), leaderCommit=16, initializing? false, entries: <empty>
2019-09-18 17:10:58,484 [78cf3f4b-2ba3-4c47-8363-becf5fcab44c@group-44CDFF0F5509-SegmentedRaftLogWorker] WARN  segmented.SegmentedRaftLogWorker (SegmentedRaftLogWorker.java:getFromFuture(90)) - Timeout 1/~
org.apache.ratis.protocol.TimeoutIOException: Timeout 10s: WriteLog:31: (t:1, i:31), STATEMACHINELOGENTRY, client-F299FC84871C, cid=65-writeStateMachineData
	at org.apache.ratis.util.IOUtils.getFromFuture(IOUtils.java:87)
	at org.apache.ratis.server.raftlog.segmented.SegmentedRaftLogWorker$StateMachineDataPolicy.getFromFuture(SegmentedRaftLogWorker.java:87)
	at org.apache.ratis.server.raftlog.segmented.SegmentedRaftLogWorker$WriteLog.execute(SegmentedRaftLogWorker.java:477)
	at org.apache.ratis.server.raftlog.segmented.SegmentedRaftLogWorker.run(SegmentedRaftLogWorker.java:289)
	at java.lang.Thread.run(Thread.java:748)
Caused by: java.util.concurrent.TimeoutException
	at java.util.concurrent.CompletableFuture.timedGet(CompletableFuture.java:1771)
	at java.util.concurrent.CompletableFuture.get(CompletableFuture.java:1915)
	at org.apache.ratis.util.IOUtils.getFromFuture(IOUtils.java:79)
	... 4 more
2019-09-18 17:10:58,489 [77addda6-fc28-4fe0-a9c9-ddb04539ca78@group-44CDFF0F5509-SegmentedRaftLogWorker] WARN  segmented.SegmentedRaftLogWorker (SegmentedRaftLogWorker.java:getFromFuture(90)) - Timeout 1/~
org.apache.ratis.protocol.TimeoutIOException: Timeout 10s: WriteLog:31: (t:1, i:31), STATEMACHINELOGENTRY, client-F299FC84871C, cid=65-writeStateMachineData
	at org.apache.ratis.util.IOUtils.getFromFuture(IOUtils.java:87)
	at org.apache.ratis.server.raftlog.segmented.SegmentedRaftLogWorker$StateMachineDataPolicy.getFromFuture(SegmentedRaftLogWorker.java:87)
	at org.apache.ratis.server.raftlog.segmented.SegmentedRaftLogWorker$WriteLog.execute(SegmentedRaftLogWorker.java:477)
	at org.apache.ratis.server.raftlog.segmented.SegmentedRaftLogWorker.run(SegmentedRaftLogWorker.java:289)
	at java.lang.Thread.run(Thread.java:748)
Caused by: java.util.concurrent.TimeoutException
	at java.util.concurrent.CompletableFuture.timedGet(CompletableFuture.java:1771)
	at java.util.concurrent.CompletableFuture.get(CompletableFuture.java:1915)
	at org.apache.ratis.util.IOUtils.getFromFuture(IOUtils.java:79)
	... 4 more
2019-09-18 17:10:58,489 [62d2617d-d759-46ce-9c32-c3f7d08f54db@group-44CDFF0F5509-SegmentedRaftLogWorker] WARN  segmented.SegmentedRaftLogWorker (SegmentedRaftLogWorker.java:getFromFuture(90)) - Timeout 1/~
org.apache.ratis.protocol.TimeoutIOException: Timeout 10s: WriteLog:31: (t:1, i:31), STATEMACHINELOGENTRY, client-F299FC84871C, cid=65-writeStateMachineData
	at org.apache.ratis.util.IOUtils.getFromFuture(IOUtils.java:87)
	at org.apache.ratis.server.raftlog.segmented.SegmentedRaftLogWorker$StateMachineDataPolicy.getFromFuture(SegmentedRaftLogWorker.java:87)
	at org.apache.ratis.server.raftlog.segmented.SegmentedRaftLogWorker$WriteLog.execute(SegmentedRaftLogWorker.java:477)
	at org.apache.ratis.server.raftlog.segmented.SegmentedRaftLogWorker.run(SegmentedRaftLogWorker.java:289)
	at java.lang.Thread.run(Thread.java:748)
Caused by: java.util.concurrent.TimeoutException
	at java.util.concurrent.CompletableFuture.timedGet(CompletableFuture.java:1771)
	at java.util.concurrent.CompletableFuture.get(CompletableFuture.java:1915)
	at org.apache.ratis.util.IOUtils.getFromFuture(IOUtils.java:79)
	... 4 more
2019-09-18 17:10:58,507 [java.util.concurrent.ThreadPoolExecutor$Worker@583eae3a[State = -1, empty queue]] WARN  server.GrpcLogAppender (GrpcLogAppender.java:timeoutAppendRequest(200)) - 78cf3f4b-2ba3-4c47-8363-becf5fcab44c@group-44CDFF0F5509->62d2617d-d759-46ce-9c32-c3f7d08f54db-GrpcLogAppender: appendEntries Timeout, request=78cf3f4b-2ba3-4c47-8363-becf5fcab44c->62d2617d-d759-46ce-9c32-c3f7d08f54db#166-t1, previous=(t:1, i:34), leaderCommit=30, initializing? false, entries: <empty>
2019-09-18 17:10:58,507 [java.util.concurrent.ThreadPoolExecutor$Worker@6db19003[State = -1, empty queue]] WARN  server.GrpcLogAppender (GrpcLogAppender.java:timeoutAppendRequest(200)) - 78cf3f4b-2ba3-4c47-8363-becf5fcab44c@group-44CDFF0F5509->77addda6-fc28-4fe0-a9c9-ddb04539ca78-GrpcLogAppender: appendEntries Timeout, request=78cf3f4b-2ba3-4c47-8363-becf5fcab44c->77addda6-fc28-4fe0-a9c9-ddb04539ca78#166-t1, previous=(t:1, i:34), leaderCommit=30, initializing? false, entries: <empty>
2019-09-18 17:10:58,688 [java.util.concurrent.ThreadPoolExecutor$Worker@30253f2e[State = -1, empty queue]] WARN  server.GrpcLogAppender (GrpcLogAppender.java:timeoutAppendRequest(200)) - 1abc736a-4830-4c4e-94c6-330cfb37cbd9@group-16324F4B6BD7->c79c5a76-aee4-4242-a106-dd0d04c341ff-GrpcLogAppender: appendEntries Timeout, request=1abc736a-4830-4c4e-94c6-330cfb37cbd9->c79c5a76-aee4-4242-a106-dd0d04c341ff#151-t2, previous=(t:2, i:20), leaderCommit=16, initializing? false, entries: <empty>
2019-09-18 17:10:58,688 [java.util.concurrent.ThreadPoolExecutor$Worker@5edbee1f[State = -1, empty queue]] WARN  server.GrpcLogAppender (GrpcLogAppender.java:timeoutAppendRequest(200)) - 1abc736a-4830-4c4e-94c6-330cfb37cbd9@group-16324F4B6BD7->9060795c-f318-48a7-8c5f-b9c772b9291e-GrpcLogAppender: appendEntries Timeout, request=1abc736a-4830-4c4e-94c6-330cfb37cbd9->9060795c-f318-48a7-8c5f-b9c772b9291e#151-t2, previous=(t:2, i:20), leaderCommit=16, initializing? false, entries: <empty>
2019-09-18 17:10:59,008 [java.util.concurrent.ThreadPoolExecutor$Worker@6db19003[State = -1, empty queue]] WARN  server.GrpcLogAppender (GrpcLogAppender.java:timeoutAppendRequest(200)) - 78cf3f4b-2ba3-4c47-8363-becf5fcab44c@group-44CDFF0F5509->77addda6-fc28-4fe0-a9c9-ddb04539ca78-GrpcLogAppender: appendEntries Timeout, request=78cf3f4b-2ba3-4c47-8363-becf5fcab44c->77addda6-fc28-4fe0-a9c9-ddb04539ca78#167-t1, previous=(t:1, i:34), leaderCommit=30, initializing? false, entries: <empty>
2019-09-18 17:10:59,008 [java.util.concurrent.ThreadPoolExecutor$Worker@583eae3a[State = -1, empty queue]] WARN  server.GrpcLogAppender (GrpcLogAppender.java:timeoutAppendRequest(200)) - 78cf3f4b-2ba3-4c47-8363-becf5fcab44c@group-44CDFF0F5509->62d2617d-d759-46ce-9c32-c3f7d08f54db-GrpcLogAppender: appendEntries Timeout, request=78cf3f4b-2ba3-4c47-8363-becf5fcab44c->62d2617d-d759-46ce-9c32-c3f7d08f54db#167-t1, previous=(t:1, i:34), leaderCommit=30, initializing? false, entries: <empty>
2019-09-18 17:10:59,189 [java.util.concurrent.ThreadPoolExecutor$Worker@30253f2e[State = -1, empty queue]] WARN  server.GrpcLogAppender (GrpcLogAppender.java:timeoutAppendRequest(200)) - 1abc736a-4830-4c4e-94c6-330cfb37cbd9@group-16324F4B6BD7->c79c5a76-aee4-4242-a106-dd0d04c341ff-GrpcLogAppender: appendEntries Timeout, request=1abc736a-4830-4c4e-94c6-330cfb37cbd9->c79c5a76-aee4-4242-a106-dd0d04c341ff#152-t2, previous=(t:2, i:20), leaderCommit=16, initializing? false, entries: <empty>
2019-09-18 17:10:59,189 [java.util.concurrent.ThreadPoolExecutor$Worker@5edbee1f[State = -1, empty queue]] WARN  server.GrpcLogAppender (GrpcLogAppender.java:timeoutAppendRequest(200)) - 1abc736a-4830-4c4e-94c6-330cfb37cbd9@group-16324F4B6BD7->9060795c-f318-48a7-8c5f-b9c772b9291e-GrpcLogAppender: appendEntries Timeout, request=1abc736a-4830-4c4e-94c6-330cfb37cbd9->9060795c-f318-48a7-8c5f-b9c772b9291e#152-t2, previous=(t:2, i:20), leaderCommit=16, initializing? false, entries: <empty>
2019-09-18 17:10:59,509 [java.util.concurrent.ThreadPoolExecutor$Worker@583eae3a[State = -1, empty queue]] WARN  server.GrpcLogAppender (GrpcLogAppender.java:timeoutAppendRequest(200)) - 78cf3f4b-2ba3-4c47-8363-becf5fcab44c@group-44CDFF0F5509->62d2617d-d759-46ce-9c32-c3f7d08f54db-GrpcLogAppender: appendEntries Timeout, request=78cf3f4b-2ba3-4c47-8363-becf5fcab44c->62d2617d-d759-46ce-9c32-c3f7d08f54db#168-t1, previous=(t:1, i:34), leaderCommit=30, initializing? false, entries: <empty>
2019-09-18 17:10:59,509 [java.util.concurrent.ThreadPoolExecutor$Worker@6db19003[State = -1, empty queue]] WARN  server.GrpcLogAppender (GrpcLogAppender.java:timeoutAppendRequest(200)) - 78cf3f4b-2ba3-4c47-8363-becf5fcab44c@group-44CDFF0F5509->77addda6-fc28-4fe0-a9c9-ddb04539ca78-GrpcLogAppender: appendEntries Timeout, request=78cf3f4b-2ba3-4c47-8363-becf5fcab44c->77addda6-fc28-4fe0-a9c9-ddb04539ca78#168-t1, previous=(t:1, i:34), leaderCommit=30, initializing? false, entries: <empty>
2019-09-18 17:10:59,690 [java.util.concurrent.ThreadPoolExecutor$Worker@5edbee1f[State = -1, empty queue]] WARN  server.GrpcLogAppender (GrpcLogAppender.java:timeoutAppendRequest(200)) - 1abc736a-4830-4c4e-94c6-330cfb37cbd9@group-16324F4B6BD7->9060795c-f318-48a7-8c5f-b9c772b9291e-GrpcLogAppender: appendEntries Timeout, request=1abc736a-4830-4c4e-94c6-330cfb37cbd9->9060795c-f318-48a7-8c5f-b9c772b9291e#153-t2, previous=(t:2, i:20), leaderCommit=16, initializing? false, entries: <empty>
2019-09-18 17:10:59,690 [java.util.concurrent.ThreadPoolExecutor$Worker@30253f2e[State = -1, empty queue]] WARN  server.GrpcLogAppender (GrpcLogAppender.java:timeoutAppendRequest(200)) - 1abc736a-4830-4c4e-94c6-330cfb37cbd9@group-16324F4B6BD7->c79c5a76-aee4-4242-a106-dd0d04c341ff-GrpcLogAppender: appendEntries Timeout, request=1abc736a-4830-4c4e-94c6-330cfb37cbd9->c79c5a76-aee4-4242-a106-dd0d04c341ff#153-t2, previous=(t:2, i:20), leaderCommit=16, initializing? false, entries: <empty>
2019-09-18 17:11:00,009 [java.util.concurrent.ThreadPoolExecutor$Worker@583eae3a[State = -1, empty queue]] WARN  server.GrpcLogAppender (GrpcLogAppender.java:timeoutAppendRequest(200)) - 78cf3f4b-2ba3-4c47-8363-becf5fcab44c@group-44CDFF0F5509->62d2617d-d759-46ce-9c32-c3f7d08f54db-GrpcLogAppender: appendEntries Timeout, request=78cf3f4b-2ba3-4c47-8363-becf5fcab44c->62d2617d-d759-46ce-9c32-c3f7d08f54db#169-t1, previous=(t:1, i:34), leaderCommit=30, initializing? false, entries: <empty>
2019-09-18 17:11:00,009 [java.util.concurrent.ThreadPoolExecutor$Worker@6db19003[State = -1, empty queue]] WARN  server.GrpcLogAppender (GrpcLogAppender.java:timeoutAppendRequest(200)) - 78cf3f4b-2ba3-4c47-8363-becf5fcab44c@group-44CDFF0F5509->77addda6-fc28-4fe0-a9c9-ddb04539ca78-GrpcLogAppender: appendEntries Timeout, request=78cf3f4b-2ba3-4c47-8363-becf5fcab44c->77addda6-fc28-4fe0-a9c9-ddb04539ca78#169-t1, previous=(t:1, i:34), leaderCommit=30, initializing? false, entries: <empty>
2019-09-18 17:11:00,190 [java.util.concurrent.ThreadPoolExecutor$Worker@30253f2e[State = -1, empty queue]] WARN  server.GrpcLogAppender (GrpcLogAppender.java:timeoutAppendRequest(200)) - 1abc736a-4830-4c4e-94c6-330cfb37cbd9@group-16324F4B6BD7->c79c5a76-aee4-4242-a106-dd0d04c341ff-GrpcLogAppender: appendEntries Timeout, request=1abc736a-4830-4c4e-94c6-330cfb37cbd9->c79c5a76-aee4-4242-a106-dd0d04c341ff#154-t2, previous=(t:2, i:20), leaderCommit=16, initializing? false, entries: <empty>
2019-09-18 17:11:00,190 [java.util.concurrent.ThreadPoolExecutor$Worker@5edbee1f[State = -1, empty queue]] WARN  server.GrpcLogAppender (GrpcLogAppender.java:timeoutAppendRequest(200)) - 1abc736a-4830-4c4e-94c6-330cfb37cbd9@group-16324F4B6BD7->9060795c-f318-48a7-8c5f-b9c772b9291e-GrpcLogAppender: appendEntries Timeout, request=1abc736a-4830-4c4e-94c6-330cfb37cbd9->9060795c-f318-48a7-8c5f-b9c772b9291e#154-t2, previous=(t:2, i:20), leaderCommit=16, initializing? false, entries: <empty>
2019-09-18 17:11:00,462 [b4ae2fc6-33d9-4c1f-ba2b-766eed3c72c1@group-A40D0514C021-SegmentedRaftLogWorker] WARN  segmented.SegmentedRaftLogWorker (SegmentedRaftLogWorker.java:getFromFuture(90)) - Timeout 6/~
org.apache.ratis.protocol.TimeoutIOException: Timeout 10s: WriteLog:17: (t:2, i:17), STATEMACHINELOGENTRY, client-23B55BADBE70, cid=29-writeStateMachineData
	at org.apache.ratis.util.IOUtils.getFromFuture(IOUtils.java:87)
	at org.apache.ratis.server.raftlog.segmented.SegmentedRaftLogWorker$StateMachineDataPolicy.getFromFuture(SegmentedRaftLogWorker.java:87)
	at org.apache.ratis.server.raftlog.segmented.SegmentedRaftLogWorker$WriteLog.execute(SegmentedRaftLogWorker.java:477)
	at org.apache.ratis.server.raftlog.segmented.SegmentedRaftLogWorker.run(SegmentedRaftLogWorker.java:289)
	at java.lang.Thread.run(Thread.java:748)
Caused by: java.util.concurrent.TimeoutException
	at java.util.concurrent.CompletableFuture.timedGet(CompletableFuture.java:1771)
	at java.util.concurrent.CompletableFuture.get(CompletableFuture.java:1915)
	at org.apache.ratis.util.IOUtils.getFromFuture(IOUtils.java:79)
	... 4 more
2019-09-18 17:11:00,509 [java.util.concurrent.ThreadPoolExecutor$Worker@583eae3a[State = -1, empty queue]] WARN  server.GrpcLogAppender (GrpcLogAppender.java:timeoutAppendRequest(200)) - 78cf3f4b-2ba3-4c47-8363-becf5fcab44c@group-44CDFF0F5509->62d2617d-d759-46ce-9c32-c3f7d08f54db-GrpcLogAppender: appendEntries Timeout, request=78cf3f4b-2ba3-4c47-8363-becf5fcab44c->62d2617d-d759-46ce-9c32-c3f7d08f54db#170-t1, previous=(t:1, i:34), leaderCommit=30, initializing? false, entries: <empty>
2019-09-18 17:11:00,509 [java.util.concurrent.ThreadPoolExecutor$Worker@6db19003[State = -1, empty queue]] WARN  server.GrpcLogAppender (GrpcLogAppender.java:timeoutAppendRequest(200)) - 78cf3f4b-2ba3-4c47-8363-becf5fcab44c@group-44CDFF0F5509->77addda6-fc28-4fe0-a9c9-ddb04539ca78-GrpcLogAppender: appendEntries Timeout, request=78cf3f4b-2ba3-4c47-8363-becf5fcab44c->77addda6-fc28-4fe0-a9c9-ddb04539ca78#170-t1, previous=(t:1, i:34), leaderCommit=30, initializing? false, entries: <empty>
2019-09-18 17:11:00,691 [java.util.concurrent.ThreadPoolExecutor$Worker@30253f2e[State = -1, empty queue]] WARN  server.GrpcLogAppender (GrpcLogAppender.java:timeoutAppendRequest(200)) - 1abc736a-4830-4c4e-94c6-330cfb37cbd9@group-16324F4B6BD7->c79c5a76-aee4-4242-a106-dd0d04c341ff-GrpcLogAppender: appendEntries Timeout, request=1abc736a-4830-4c4e-94c6-330cfb37cbd9->c79c5a76-aee4-4242-a106-dd0d04c341ff#155-t2, previous=(t:2, i:20), leaderCommit=16, initializing? false, entries: <empty>
2019-09-18 17:11:00,691 [java.util.concurrent.ThreadPoolExecutor$Worker@5edbee1f[State = -1, empty queue]] WARN  server.GrpcLogAppender (GrpcLogAppender.java:timeoutAppendRequest(200)) - 1abc736a-4830-4c4e-94c6-330cfb37cbd9@group-16324F4B6BD7->9060795c-f318-48a7-8c5f-b9c772b9291e-GrpcLogAppender: appendEntries Timeout, request=1abc736a-4830-4c4e-94c6-330cfb37cbd9->9060795c-f318-48a7-8c5f-b9c772b9291e#155-t2, previous=(t:2, i:20), leaderCommit=16, initializing? false, entries: <empty>
2019-09-18 17:11:01,009 [java.util.concurrent.ThreadPoolExecutor$Worker@583eae3a[State = -1, empty queue]] WARN  server.GrpcLogAppender (GrpcLogAppender.java:timeoutAppendRequest(200)) - 78cf3f4b-2ba3-4c47-8363-becf5fcab44c@group-44CDFF0F5509->62d2617d-d759-46ce-9c32-c3f7d08f54db-GrpcLogAppender: appendEntries Timeout, request=78cf3f4b-2ba3-4c47-8363-becf5fcab44c->62d2617d-d759-46ce-9c32-c3f7d08f54db#171-t1, previous=(t:1, i:34), leaderCommit=30, initializing? false, entries: <empty>
2019-09-18 17:11:01,009 [java.util.concurrent.ThreadPoolExecutor$Worker@6db19003[State = -1, empty queue]] WARN  server.GrpcLogAppender (GrpcLogAppender.java:timeoutAppendRequest(200)) - 78cf3f4b-2ba3-4c47-8363-becf5fcab44c@group-44CDFF0F5509->77addda6-fc28-4fe0-a9c9-ddb04539ca78-GrpcLogAppender: appendEntries Timeout, request=78cf3f4b-2ba3-4c47-8363-becf5fcab44c->77addda6-fc28-4fe0-a9c9-ddb04539ca78#171-t1, previous=(t:1, i:34), leaderCommit=30, initializing? false, entries: <empty>
2019-09-18 17:11:01,191 [java.util.concurrent.ThreadPoolExecutor$Worker@5edbee1f[State = -1, empty queue]] WARN  server.GrpcLogAppender (GrpcLogAppender.java:timeoutAppendRequest(200)) - 1abc736a-4830-4c4e-94c6-330cfb37cbd9@group-16324F4B6BD7->9060795c-f318-48a7-8c5f-b9c772b9291e-GrpcLogAppender: appendEntries Timeout, request=1abc736a-4830-4c4e-94c6-330cfb37cbd9->9060795c-f318-48a7-8c5f-b9c772b9291e#156-t2, previous=(t:2, i:20), leaderCommit=16, initializing? false, entries: <empty>
2019-09-18 17:11:01,191 [java.util.concurrent.ThreadPoolExecutor$Worker@30253f2e[State = -1, empty queue]] WARN  server.GrpcLogAppender (GrpcLogAppender.java:timeoutAppendRequest(200)) - 1abc736a-4830-4c4e-94c6-330cfb37cbd9@group-16324F4B6BD7->c79c5a76-aee4-4242-a106-dd0d04c341ff-GrpcLogAppender: appendEntries Timeout, request=1abc736a-4830-4c4e-94c6-330cfb37cbd9->c79c5a76-aee4-4242-a106-dd0d04c341ff#156-t2, previous=(t:2, i:20), leaderCommit=16, initializing? false, entries: <empty>
2019-09-18 17:11:01,510 [java.util.concurrent.ThreadPoolExecutor$Worker@6db19003[State = -1, empty queue]] WARN  server.GrpcLogAppender (GrpcLogAppender.java:timeoutAppendRequest(200)) - 78cf3f4b-2ba3-4c47-8363-becf5fcab44c@group-44CDFF0F5509->77addda6-fc28-4fe0-a9c9-ddb04539ca78-GrpcLogAppender: appendEntries Timeout, request=78cf3f4b-2ba3-4c47-8363-becf5fcab44c->77addda6-fc28-4fe0-a9c9-ddb04539ca78#172-t1, previous=(t:1, i:34), leaderCommit=30, initializing? false, entries: <empty>
2019-09-18 17:11:01,510 [java.util.concurrent.ThreadPoolExecutor$Worker@583eae3a[State = -1, empty queue]] WARN  server.GrpcLogAppender (GrpcLogAppender.java:timeoutAppendRequest(200)) - 78cf3f4b-2ba3-4c47-8363-becf5fcab44c@group-44CDFF0F5509->62d2617d-d759-46ce-9c32-c3f7d08f54db-GrpcLogAppender: appendEntries Timeout, request=78cf3f4b-2ba3-4c47-8363-becf5fcab44c->62d2617d-d759-46ce-9c32-c3f7d08f54db#172-t1, previous=(t:1, i:34), leaderCommit=30, initializing? false, entries: <empty>
2019-09-18 17:11:01,691 [java.util.concurrent.ThreadPoolExecutor$Worker@5edbee1f[State = -1, empty queue]] WARN  server.GrpcLogAppender (GrpcLogAppender.java:timeoutAppendRequest(200)) - 1abc736a-4830-4c4e-94c6-330cfb37cbd9@group-16324F4B6BD7->9060795c-f318-48a7-8c5f-b9c772b9291e-GrpcLogAppender: appendEntries Timeout, request=1abc736a-4830-4c4e-94c6-330cfb37cbd9->9060795c-f318-48a7-8c5f-b9c772b9291e#157-t2, previous=(t:2, i:20), leaderCommit=16, initializing? false, entries: <empty>
2019-09-18 17:11:01,691 [java.util.concurrent.ThreadPoolExecutor$Worker@30253f2e[State = -1, empty queue]] WARN  server.GrpcLogAppender (GrpcLogAppender.java:timeoutAppendRequest(200)) - 1abc736a-4830-4c4e-94c6-330cfb37cbd9@group-16324F4B6BD7->c79c5a76-aee4-4242-a106-dd0d04c341ff-GrpcLogAppender: appendEntries Timeout, request=1abc736a-4830-4c4e-94c6-330cfb37cbd9->c79c5a76-aee4-4242-a106-dd0d04c341ff#157-t2, previous=(t:2, i:20), leaderCommit=16, initializing? false, entries: <empty>
2019-09-18 17:11:01,760 [main] INFO  ozoneimpl.OzoneContainer (OzoneContainer.java:stop(231)) - Attempting to stop container services.
2019-09-18 17:11:01,760 [ForkJoinPool.commonPool-worker-1] INFO  ozoneimpl.OzoneContainer (OzoneContainer.java:stop(231)) - Attempting to stop container services.
2019-09-18 17:11:01,761 [main] INFO  impl.RaftServerProxy (RaftServerProxy.java:lambda$close$4(314)) - 77addda6-fc28-4fe0-a9c9-ddb04539ca78: close
2019-09-18 17:11:01,761 [ForkJoinPool.commonPool-worker-1] INFO  impl.RaftServerProxy (RaftServerProxy.java:lambda$close$4(314)) - 79a64b58-83b2-41e5-8e31-5442cbf358c7: close
2019-09-18 17:11:01,762 [main] INFO  impl.RaftServerImpl (RaftServerImpl.java:lambda$shutdown$3(251)) - 77addda6-fc28-4fe0-a9c9-ddb04539ca78@group-44CDFF0F5509: shutdown
2019-09-18 17:11:01,762 [ForkJoinPool.commonPool-worker-1] INFO  impl.RaftServerImpl (RaftServerImpl.java:lambda$shutdown$3(251)) - 79a64b58-83b2-41e5-8e31-5442cbf358c7@group-1D477B5D9525: shutdown
2019-09-18 17:11:01,762 [main] INFO  util.JmxRegister (JmxRegister.java:unregister(73)) - Successfully un-registered JMX Bean with object name Ratis:service=RaftServer,group=group-44CDFF0F5509,id=77addda6-fc28-4fe0-a9c9-ddb04539ca78
2019-09-18 17:11:01,762 [ForkJoinPool.commonPool-worker-1] INFO  util.JmxRegister (JmxRegister.java:unregister(73)) - Successfully un-registered JMX Bean with object name Ratis:service=RaftServer,group=group-1D477B5D9525,id=79a64b58-83b2-41e5-8e31-5442cbf358c7
2019-09-18 17:11:01,762 [main] INFO  impl.RoleInfo (RoleInfo.java:shutdownFollowerState(121)) - 77addda6-fc28-4fe0-a9c9-ddb04539ca78: shutdown FollowerState
2019-09-18 17:11:01,762 [ForkJoinPool.commonPool-worker-1] INFO  impl.RoleInfo (RoleInfo.java:shutdownLeaderState(104)) - 79a64b58-83b2-41e5-8e31-5442cbf358c7: shutdown LeaderState
2019-09-18 17:11:01,763 [Thread-399] INFO  impl.FollowerState (FollowerState.java:run(115)) - 77addda6-fc28-4fe0-a9c9-ddb04539ca78: FollowerState was interrupted: java.lang.InterruptedException: sleep interrupted
2019-09-18 17:11:01,763 [main] INFO  impl.StateMachineUpdater (StateMachineUpdater.java:stopAndJoin(125)) - 77addda6-fc28-4fe0-a9c9-ddb04539ca78@group-44CDFF0F5509-StateMachineUpdater: set stopIndex = 30
2019-09-18 17:11:01,763 [ForkJoinPool.commonPool-worker-1] INFO  impl.PendingRequests (PendingRequests.java:sendNotLeaderResponses(202)) - 79a64b58-83b2-41e5-8e31-5442cbf358c7-PendingRequests: sendNotLeaderResponses
2019-09-18 17:11:01,763 [77addda6-fc28-4fe0-a9c9-ddb04539ca78@group-44CDFF0F5509-StateMachineUpdater] INFO  ratis.ContainerStateMachine (ContainerStateMachine.java:takeSnapshot(289)) - group-44CDFF0F5509: Taking a snapshot at:(t:1, i:28) file /workdir/hadoop-ozone/integration-test/target/test-dir/MiniOzoneClusterImpl-a0535264-3a9d-47dc-a6b5-6352fdff8bcc/datanode-5/data/ratis/56775dd8-28a6-4e8e-8e6c-44cdff0f5509/sm/snapshot.1_28
2019-09-18 17:11:01,767 [ForkJoinPool.commonPool-worker-1] INFO  impl.StateMachineUpdater (StateMachineUpdater.java:stopAndJoin(125)) - 79a64b58-83b2-41e5-8e31-5442cbf358c7@group-1D477B5D9525-StateMachineUpdater: set stopIndex = 0
2019-09-18 17:11:01,767 [ForkJoinPool.commonPool-worker-1] INFO  impl.RaftServerImpl (ServerState.java:close(385)) - 79a64b58-83b2-41e5-8e31-5442cbf358c7@group-1D477B5D9525: closes. applyIndex: 0
2019-09-18 17:11:01,768 [79a64b58-83b2-41e5-8e31-5442cbf358c7@group-1D477B5D9525-SegmentedRaftLogWorker] INFO  segmented.SegmentedRaftLogWorker (SegmentedRaftLogWorker.java:run(313)) - 79a64b58-83b2-41e5-8e31-5442cbf358c7@group-1D477B5D9525-SegmentedRaftLogWorker was interrupted, exiting. There are 0 tasks remaining in the queue.
2019-09-18 17:11:01,794 [ForkJoinPool.commonPool-worker-1] INFO  segmented.SegmentedRaftLogWorker (SegmentedRaftLogWorker.java:close(228)) - 79a64b58-83b2-41e5-8e31-5442cbf358c7@group-1D477B5D9525-SegmentedRaftLogWorker close()
2019-09-18 17:11:01,798 [ForkJoinPool.commonPool-worker-1] INFO  server.GrpcService (GrpcService.java:closeImpl(164)) - 79a64b58-83b2-41e5-8e31-5442cbf358c7: shutdown server with port 34854 now
2019-09-18 17:11:01,801 [ForkJoinPool.commonPool-worker-1] INFO  server.GrpcService (GrpcService.java:closeImpl(172)) - 79a64b58-83b2-41e5-8e31-5442cbf358c7: shutdown server with port 34854 successfully
2019-09-18 17:11:01,848 [refreshUsed-/workdir/hadoop-ozone/integration-test/target/test-dir/MiniOzoneClusterImpl-a0535264-3a9d-47dc-a6b5-6352fdff8bcc/datanode-2/data/containers] WARN  fs.CachingGetSpaceUsed (CachingGetSpaceUsed.java:run(183)) - Thread Interrupted waiting to refresh disk information: sleep interrupted
2019-09-18 17:11:01,865 [ForkJoinPool.commonPool-worker-1] INFO  utils.BackgroundService (BackgroundService.java:shutdown(148)) - Shutting down service BlockDeletingService
2019-09-18 17:11:01,870 [ForkJoinPool.commonPool-worker-1] INFO  statemachine.DatanodeStateMachine (DatanodeStateMachine.java:stopDaemon(395)) - Ozone container server stopped.
2019-09-18 17:11:01,875 [77addda6-fc28-4fe0-a9c9-ddb04539ca78@group-44CDFF0F5509-StateMachineUpdater] INFO  ratis.ContainerStateMachine (ContainerStateMachine.java:takeSnapshot(300)) - group-44CDFF0F5509: Finished taking a snapshot at:(t:1, i:28) file:/workdir/hadoop-ozone/integration-test/target/test-dir/MiniOzoneClusterImpl-a0535264-3a9d-47dc-a6b5-6352fdff8bcc/datanode-5/data/ratis/56775dd8-28a6-4e8e-8e6c-44cdff0f5509/sm/snapshot.1_28 time:113
2019-09-18 17:11:01,875 [ForkJoinPool.commonPool-worker-1] INFO  handler.ContextHandler (ContextHandler.java:doStop(910)) - Stopped o.e.j.w.WebAppContext@5dd903be{/,null,UNAVAILABLE}{/hddsDatanode}
2019-09-18 17:11:01,876 [77addda6-fc28-4fe0-a9c9-ddb04539ca78@group-44CDFF0F5509-StateMachineUpdater] INFO  impl.StateMachineUpdater (StateMachineUpdater.java:takeSnapshot(258)) - 77addda6-fc28-4fe0-a9c9-ddb04539ca78@group-44CDFF0F5509-StateMachineUpdater: Took a snapshot at index 28
2019-09-18 17:11:01,876 [77addda6-fc28-4fe0-a9c9-ddb04539ca78@group-44CDFF0F5509-StateMachineUpdater] INFO  impl.StateMachineUpdater (StateMachineUpdater.java:lambda$new$0(83)) - 77addda6-fc28-4fe0-a9c9-ddb04539ca78@group-44CDFF0F5509-StateMachineUpdater: snapshotIndex: updateIncreasingly -1 -> 28
2019-09-18 17:11:01,876 [77addda6-fc28-4fe0-a9c9-ddb04539ca78@group-44CDFF0F5509-StateMachineUpdater] INFO  ratis.ContainerStateMachine (ContainerStateMachine.java:takeSnapshot(289)) - group-44CDFF0F5509: Taking a snapshot at:(t:1, i:28) file /workdir/hadoop-ozone/integration-test/target/test-dir/MiniOzoneClusterImpl-a0535264-3a9d-47dc-a6b5-6352fdff8bcc/datanode-5/data/ratis/56775dd8-28a6-4e8e-8e6c-44cdff0f5509/sm/snapshot.1_28
2019-09-18 17:11:01,876 [ForkJoinPool.commonPool-worker-1] INFO  server.AbstractConnector (AbstractConnector.java:doStop(318)) - Stopped ServerConnector@12e0f1cb{HTTP/1.1,[http/1.1]}{0.0.0.0:0}
2019-09-18 17:11:01,878 [ForkJoinPool.commonPool-worker-1] INFO  handler.ContextHandler (ContextHandler.java:doStop(910)) - Stopped o.e.j.s.ServletContextHandler@5624657a{/static,jar:file:/home/user/.m2/repository/org/apache/hadoop/hadoop-hdds-container-service/0.5.0-SNAPSHOT/hadoop-hdds-container-service-0.5.0-SNAPSHOT.jar!/webapps/static,UNAVAILABLE}
2019-09-18 17:11:01,880 [ForkJoinPool.commonPool-worker-1] INFO  handler.ContextHandler (ContextHandler.java:doStop(910)) - Stopped o.e.j.s.ServletContextHandler@28da7d11{/logs,file:///workdir/hadoop-ozone/integration-test/target/log,UNAVAILABLE}
2019-09-18 17:11:01,889 [77addda6-fc28-4fe0-a9c9-ddb04539ca78@group-44CDFF0F5509-StateMachineUpdater] INFO  ratis.ContainerStateMachine (ContainerStateMachine.java:takeSnapshot(300)) - group-44CDFF0F5509: Finished taking a snapshot at:(t:1, i:28) file:/workdir/hadoop-ozone/integration-test/target/test-dir/MiniOzoneClusterImpl-a0535264-3a9d-47dc-a6b5-6352fdff8bcc/datanode-5/data/ratis/56775dd8-28a6-4e8e-8e6c-44cdff0f5509/sm/snapshot.1_28 time:13
2019-09-18 17:11:01,889 [77addda6-fc28-4fe0-a9c9-ddb04539ca78@group-44CDFF0F5509-StateMachineUpdater] INFO  impl.StateMachineUpdater (StateMachineUpdater.java:takeSnapshot(258)) - 77addda6-fc28-4fe0-a9c9-ddb04539ca78@group-44CDFF0F5509-StateMachineUpdater: Took a snapshot at index 28
2019-09-18 17:11:01,889 [77addda6-fc28-4fe0-a9c9-ddb04539ca78@group-44CDFF0F5509-StateMachineUpdater] INFO  impl.StateMachineUpdater (StateMachineUpdater.java:lambda$new$0(83)) - 77addda6-fc28-4fe0-a9c9-ddb04539ca78@group-44CDFF0F5509-StateMachineUpdater: snapshotIndex: updateIncreasingly 28 -> 28
2019-09-18 17:11:01,889 [main] INFO  impl.RaftServerImpl (ServerState.java:close(385)) - 77addda6-fc28-4fe0-a9c9-ddb04539ca78@group-44CDFF0F5509: closes. applyIndex: 30
2019-09-18 17:11:01,892 [77addda6-fc28-4fe0-a9c9-ddb04539ca78@group-44CDFF0F5509-SegmentedRaftLogWorker] ERROR ratis.XceiverServerRatis (XceiverServerRatis.java:triggerPipelineClose(575)) - pipeline Action CLOSE  on pipeline PipelineID=56775dd8-28a6-4e8e-8e6c-44cdff0f5509.Reason : WriteLog:31: (t:1, i:31), STATEMACHINELOGENTRY, client-F299FC84871C, cid=65-writeStateMachineData interrupted.
2019-09-18 17:11:01,893 [main] INFO  segmented.SegmentedRaftLogWorker (SegmentedRaftLogWorker.java:close(228)) - 77addda6-fc28-4fe0-a9c9-ddb04539ca78@group-44CDFF0F5509-SegmentedRaftLogWorker close()
2019-09-18 17:11:01,896 [main] INFO  impl.RaftServerImpl (RaftServerImpl.java:lambda$shutdown$3(251)) - 77addda6-fc28-4fe0-a9c9-ddb04539ca78@group-457D4FD2217F: shutdown
2019-09-18 17:11:01,896 [main] INFO  util.JmxRegister (JmxRegister.java:unregister(73)) - Successfully un-registered JMX Bean with object name Ratis:service=RaftServer,group=group-457D4FD2217F,id=77addda6-fc28-4fe0-a9c9-ddb04539ca78
2019-09-18 17:11:01,896 [main] INFO  impl.RoleInfo (RoleInfo.java:shutdownLeaderState(104)) - 77addda6-fc28-4fe0-a9c9-ddb04539ca78: shutdown LeaderState
2019-09-18 17:11:01,897 [main] INFO  impl.PendingRequests (PendingRequests.java:sendNotLeaderResponses(202)) - 77addda6-fc28-4fe0-a9c9-ddb04539ca78-PendingRequests: sendNotLeaderResponses
2019-09-18 17:11:01,897 [main] INFO  impl.StateMachineUpdater (StateMachineUpdater.java:stopAndJoin(125)) - 77addda6-fc28-4fe0-a9c9-ddb04539ca78@group-457D4FD2217F-StateMachineUpdater: set stopIndex = 0
2019-09-18 17:11:01,897 [main] INFO  impl.RaftServerImpl (ServerState.java:close(385)) - 77addda6-fc28-4fe0-a9c9-ddb04539ca78@group-457D4FD2217F: closes. applyIndex: 0
2019-09-18 17:11:01,898 [77addda6-fc28-4fe0-a9c9-ddb04539ca78@group-457D4FD2217F-SegmentedRaftLogWorker] INFO  segmented.SegmentedRaftLogWorker (SegmentedRaftLogWorker.java:run(313)) - 77addda6-fc28-4fe0-a9c9-ddb04539ca78@group-457D4FD2217F-SegmentedRaftLogWorker was interrupted, exiting. There are 0 tasks remaining in the queue.
2019-09-18 17:11:01,899 [main] INFO  segmented.SegmentedRaftLogWorker (SegmentedRaftLogWorker.java:close(228)) - 77addda6-fc28-4fe0-a9c9-ddb04539ca78@group-457D4FD2217F-SegmentedRaftLogWorker close()
2019-09-18 17:11:01,902 [main] INFO  server.GrpcService (GrpcService.java:closeImpl(164)) - 77addda6-fc28-4fe0-a9c9-ddb04539ca78: shutdown server with port 43343 now
2019-09-18 17:11:01,903 [grpc-default-executor-2] WARN  server.GrpcServerProtocolService (LogUtils.java:warn(134)) - 77addda6-fc28-4fe0-a9c9-ddb04539ca78: installSnapshot onError, lastRequest: 78cf3f4b-2ba3-4c47-8363-becf5fcab44c->77addda6-fc28-4fe0-a9c9-ddb04539ca78#178-t1, previous=(t:1, i:34), leaderCommit=30, initializing? false, entries: <empty>: org.apache.ratis.thirdparty.io.grpc.StatusRuntimeException: CANCELLED: cancelled before receiving half close
2019-09-18 17:11:01,905 [main] INFO  server.GrpcService (GrpcService.java:closeImpl(172)) - 77addda6-fc28-4fe0-a9c9-ddb04539ca78: shutdown server with port 43343 successfully
2019-09-18 17:11:01,908 [grpc-default-executor-0] WARN  server.GrpcLogAppender (LogUtils.java:warn(134)) - 78cf3f4b-2ba3-4c47-8363-becf5fcab44c@group-44CDFF0F5509->77addda6-fc28-4fe0-a9c9-ddb04539ca78-AppendLogResponseHandler: Failed appendEntries: org.apache.ratis.thirdparty.io.grpc.StatusRuntimeException: CANCELLED: HTTP/2 error code: CANCEL
Received Rst Stream
2019-09-18 17:11:01,908 [grpc-default-executor-0] INFO  impl.FollowerInfo (FollowerInfo.java:lambda$new$0(51)) - 78cf3f4b-2ba3-4c47-8363-becf5fcab44c@group-44CDFF0F5509->77addda6-fc28-4fe0-a9c9-ddb04539ca78: nextIndex: updateUnconditionally 35 -> 31
2019-09-18 17:11:01,914 [refreshUsed-/workdir/hadoop-ozone/integration-test/target/test-dir/MiniOzoneClusterImpl-a0535264-3a9d-47dc-a6b5-6352fdff8bcc/datanode-5/data/containers] WARN  fs.CachingGetSpaceUsed (CachingGetSpaceUsed.java:run(183)) - Thread Interrupted waiting to refresh disk information: sleep interrupted
2019-09-18 17:11:01,924 [main] INFO  utils.BackgroundService (BackgroundService.java:shutdown(148)) - Shutting down service BlockDeletingService
2019-09-18 17:11:01,929 [main] INFO  statemachine.DatanodeStateMachine (DatanodeStateMachine.java:stopDaemon(395)) - Ozone container server stopped.
2019-09-18 17:11:01,930 [main] INFO  handler.ContextHandler (ContextHandler.java:doStop(910)) - Stopped o.e.j.w.WebAppContext@17143b3b{/,null,UNAVAILABLE}{/hddsDatanode}
2019-09-18 17:11:01,930 [main] INFO  server.AbstractConnector (AbstractConnector.java:doStop(318)) - Stopped ServerConnector@100c8b75{HTTP/1.1,[http/1.1]}{0.0.0.0:0}
2019-09-18 17:11:01,931 [main] INFO  handler.ContextHandler (ContextHandler.java:doStop(910)) - Stopped o.e.j.s.ServletContextHandler@7e53339{/static,jar:file:/home/user/.m2/repository/org/apache/hadoop/hadoop-hdds-container-service/0.5.0-SNAPSHOT/hadoop-hdds-container-service-0.5.0-SNAPSHOT.jar!/webapps/static,UNAVAILABLE}
2019-09-18 17:11:01,931 [main] INFO  handler.ContextHandler (ContextHandler.java:doStop(910)) - Stopped o.e.j.s.ServletContextHandler@6cf0a747{/logs,file:///workdir/hadoop-ozone/integration-test/target/log,UNAVAILABLE}
2019-09-18 17:11:02,010 [java.util.concurrent.ThreadPoolExecutor$Worker@583eae3a[State = -1, empty queue]] WARN  server.GrpcLogAppender (GrpcLogAppender.java:timeoutAppendRequest(200)) - 78cf3f4b-2ba3-4c47-8363-becf5fcab44c@group-44CDFF0F5509->62d2617d-d759-46ce-9c32-c3f7d08f54db-GrpcLogAppender: appendEntries Timeout, request=78cf3f4b-2ba3-4c47-8363-becf5fcab44c->62d2617d-d759-46ce-9c32-c3f7d08f54db#173-t1, previous=(t:1, i:34), leaderCommit=30, initializing? false, entries: <empty>
2019-09-18 17:11:02,015 [grpc-default-executor-5] WARN  server.GrpcLogAppender (LogUtils.java:warn(134)) - 78cf3f4b-2ba3-4c47-8363-becf5fcab44c@group-44CDFF0F5509->77addda6-fc28-4fe0-a9c9-ddb04539ca78-AppendLogResponseHandler: Failed appendEntries: org.apache.ratis.thirdparty.io.grpc.StatusRuntimeException: UNAVAILABLE: io exception
2019-09-18 17:11:02,015 [grpc-default-executor-5] INFO  impl.FollowerInfo (FollowerInfo.java:lambda$new$0(51)) - 78cf3f4b-2ba3-4c47-8363-becf5fcab44c@group-44CDFF0F5509->77addda6-fc28-4fe0-a9c9-ddb04539ca78: nextIndex: updateUnconditionally 31 -> 30
2019-09-18 17:11:02,191 [java.util.concurrent.ThreadPoolExecutor$Worker@30253f2e[State = -1, empty queue]] WARN  server.GrpcLogAppender (GrpcLogAppender.java:timeoutAppendRequest(200)) - 1abc736a-4830-4c4e-94c6-330cfb37cbd9@group-16324F4B6BD7->c79c5a76-aee4-4242-a106-dd0d04c341ff-GrpcLogAppender: appendEntries Timeout, request=1abc736a-4830-4c4e-94c6-330cfb37cbd9->c79c5a76-aee4-4242-a106-dd0d04c341ff#158-t2, previous=(t:2, i:20), leaderCommit=16, initializing? false, entries: <empty>
2019-09-18 17:11:02,191 [java.util.concurrent.ThreadPoolExecutor$Worker@5edbee1f[State = -1, empty queue]] WARN  server.GrpcLogAppender (GrpcLogAppender.java:timeoutAppendRequest(200)) - 1abc736a-4830-4c4e-94c6-330cfb37cbd9@group-16324F4B6BD7->9060795c-f318-48a7-8c5f-b9c772b9291e-GrpcLogAppender: appendEntries Timeout, request=1abc736a-4830-4c4e-94c6-330cfb37cbd9->9060795c-f318-48a7-8c5f-b9c772b9291e#158-t2, previous=(t:2, i:20), leaderCommit=16, initializing? false, entries: <empty>
2019-09-18 17:11:02,511 [java.util.concurrent.ThreadPoolExecutor$Worker@583eae3a[State = -1, empty queue]] WARN  server.GrpcLogAppender (GrpcLogAppender.java:timeoutAppendRequest(200)) - 78cf3f4b-2ba3-4c47-8363-becf5fcab44c@group-44CDFF0F5509->62d2617d-d759-46ce-9c32-c3f7d08f54db-GrpcLogAppender: appendEntries Timeout, request=78cf3f4b-2ba3-4c47-8363-becf5fcab44c->62d2617d-d759-46ce-9c32-c3f7d08f54db#174-t1, previous=(t:1, i:34), leaderCommit=30, initializing? false, entries: <empty>
2019-09-18 17:11:02,517 [grpc-default-executor-2] WARN  server.GrpcLogAppender (LogUtils.java:warn(134)) - 78cf3f4b-2ba3-4c47-8363-becf5fcab44c@group-44CDFF0F5509->77addda6-fc28-4fe0-a9c9-ddb04539ca78-AppendLogResponseHandler: Failed appendEntries: org.apache.ratis.thirdparty.io.grpc.StatusRuntimeException: UNAVAILABLE: io exception
2019-09-18 17:11:02,517 [grpc-default-executor-2] INFO  impl.FollowerInfo (FollowerInfo.java:lambda$new$0(51)) - 78cf3f4b-2ba3-4c47-8363-becf5fcab44c@group-44CDFF0F5509->77addda6-fc28-4fe0-a9c9-ddb04539ca78: nextIndex: updateUnconditionally 30 -> 29
2019-09-18 17:11:02,574 [Datanode State Machine Thread - 0] INFO  statemachine.DatanodeStateMachine (DatanodeStateMachine.java:lambda$startDaemon$0(350)) - Ozone container server started.
2019-09-18 17:11:02,692 [java.util.concurrent.ThreadPoolExecutor$Worker@5edbee1f[State = -1, empty queue]] WARN  server.GrpcLogAppender (GrpcLogAppender.java:timeoutAppendRequest(200)) - 1abc736a-4830-4c4e-94c6-330cfb37cbd9@group-16324F4B6BD7->9060795c-f318-48a7-8c5f-b9c772b9291e-GrpcLogAppender: appendEntries Timeout, request=1abc736a-4830-4c4e-94c6-330cfb37cbd9->9060795c-f318-48a7-8c5f-b9c772b9291e#159-t2, previous=(t:2, i:20), leaderCommit=16, initializing? false, entries: <empty>
2019-09-18 17:11:02,692 [java.util.concurrent.ThreadPoolExecutor$Worker@30253f2e[State = -1, empty queue]] WARN  server.GrpcLogAppender (GrpcLogAppender.java:timeoutAppendRequest(200)) - 1abc736a-4830-4c4e-94c6-330cfb37cbd9@group-16324F4B6BD7->c79c5a76-aee4-4242-a106-dd0d04c341ff-GrpcLogAppender: appendEntries Timeout, request=1abc736a-4830-4c4e-94c6-330cfb37cbd9->c79c5a76-aee4-4242-a106-dd0d04c341ff#159-t2, previous=(t:2, i:20), leaderCommit=16, initializing? false, entries: <empty>
2019-09-18 17:11:02,756 [Datanode State Machine Thread - 0] INFO  statemachine.DatanodeStateMachine (DatanodeStateMachine.java:lambda$startDaemon$0(350)) - Ozone container server started.
2019-09-18 17:11:03,011 [java.util.concurrent.ThreadPoolExecutor$Worker@583eae3a[State = -1, empty queue]] WARN  server.GrpcLogAppender (GrpcLogAppender.java:timeoutAppendRequest(200)) - 78cf3f4b-2ba3-4c47-8363-becf5fcab44c@group-44CDFF0F5509->62d2617d-d759-46ce-9c32-c3f7d08f54db-GrpcLogAppender: appendEntries Timeout, request=78cf3f4b-2ba3-4c47-8363-becf5fcab44c->62d2617d-d759-46ce-9c32-c3f7d08f54db#175-t1, previous=(t:1, i:34), leaderCommit=30, initializing? false, entries: <empty>
2019-09-18 17:11:03,017 [grpc-default-executor-0] WARN  server.GrpcLogAppender (LogUtils.java:warn(134)) - 78cf3f4b-2ba3-4c47-8363-becf5fcab44c@group-44CDFF0F5509->77addda6-fc28-4fe0-a9c9-ddb04539ca78-AppendLogResponseHandler: Failed appendEntries: org.apache.ratis.thirdparty.io.grpc.StatusRuntimeException: UNAVAILABLE: io exception
2019-09-18 17:11:03,017 [grpc-default-executor-0] INFO  impl.FollowerInfo (FollowerInfo.java:lambda$new$0(51)) - 78cf3f4b-2ba3-4c47-8363-becf5fcab44c@group-44CDFF0F5509->77addda6-fc28-4fe0-a9c9-ddb04539ca78: nextIndex: updateUnconditionally 29 -> 28
2019-09-18 17:11:03,192 [java.util.concurrent.ThreadPoolExecutor$Worker@30253f2e[State = -1, empty queue]] WARN  server.GrpcLogAppender (GrpcLogAppender.java:timeoutAppendRequest(200)) - 1abc736a-4830-4c4e-94c6-330cfb37cbd9@group-16324F4B6BD7->c79c5a76-aee4-4242-a106-dd0d04c341ff-GrpcLogAppender: appendEntries Timeout, request=1abc736a-4830-4c4e-94c6-330cfb37cbd9->c79c5a76-aee4-4242-a106-dd0d04c341ff#160-t2, previous=(t:2, i:20), leaderCommit=16, initializing? false, entries: <empty>
2019-09-18 17:11:03,192 [java.util.concurrent.ThreadPoolExecutor$Worker@5edbee1f[State = -1, empty queue]] WARN  server.GrpcLogAppender (GrpcLogAppender.java:timeoutAppendRequest(200)) - 1abc736a-4830-4c4e-94c6-330cfb37cbd9@group-16324F4B6BD7->9060795c-f318-48a7-8c5f-b9c772b9291e-GrpcLogAppender: appendEntries Timeout, request=1abc736a-4830-4c4e-94c6-330cfb37cbd9->9060795c-f318-48a7-8c5f-b9c772b9291e#160-t2, previous=(t:2, i:20), leaderCommit=16, initializing? false, entries: <empty>
2019-09-18 17:11:03,512 [java.util.concurrent.ThreadPoolExecutor$Worker@583eae3a[State = -1, empty queue]] WARN  server.GrpcLogAppender (GrpcLogAppender.java:timeoutAppendRequest(200)) - 78cf3f4b-2ba3-4c47-8363-becf5fcab44c@group-44CDFF0F5509->62d2617d-d759-46ce-9c32-c3f7d08f54db-GrpcLogAppender: appendEntries Timeout, request=78cf3f4b-2ba3-4c47-8363-becf5fcab44c->62d2617d-d759-46ce-9c32-c3f7d08f54db#176-t1, previous=(t:1, i:34), leaderCommit=30, initializing? false, entries: <empty>
2019-09-18 17:11:03,518 [grpc-default-executor-2] WARN  server.GrpcLogAppender (LogUtils.java:warn(134)) - 78cf3f4b-2ba3-4c47-8363-becf5fcab44c@group-44CDFF0F5509->77addda6-fc28-4fe0-a9c9-ddb04539ca78-AppendLogResponseHandler: Failed appendEntries: org.apache.ratis.thirdparty.io.grpc.StatusRuntimeException: UNAVAILABLE: io exception
2019-09-18 17:11:03,519 [grpc-default-executor-2] INFO  impl.FollowerInfo (FollowerInfo.java:lambda$new$0(51)) - 78cf3f4b-2ba3-4c47-8363-becf5fcab44c@group-44CDFF0F5509->77addda6-fc28-4fe0-a9c9-ddb04539ca78: nextIndex: updateUnconditionally 28 -> 27
2019-09-18 17:11:03,693 [java.util.concurrent.ThreadPoolExecutor$Worker@5edbee1f[State = -1, empty queue]] WARN  server.GrpcLogAppender (GrpcLogAppender.java:timeoutAppendRequest(200)) - 1abc736a-4830-4c4e-94c6-330cfb37cbd9@group-16324F4B6BD7->9060795c-f318-48a7-8c5f-b9c772b9291e-GrpcLogAppender: appendEntries Timeout, request=1abc736a-4830-4c4e-94c6-330cfb37cbd9->9060795c-f318-48a7-8c5f-b9c772b9291e#161-t2, previous=(t:2, i:20), leaderCommit=16, initializing? false, entries: <empty>
2019-09-18 17:11:03,693 [java.util.concurrent.ThreadPoolExecutor$Worker@30253f2e[State = -1, empty queue]] WARN  server.GrpcLogAppender (GrpcLogAppender.java:timeoutAppendRequest(200)) - 1abc736a-4830-4c4e-94c6-330cfb37cbd9@group-16324F4B6BD7->c79c5a76-aee4-4242-a106-dd0d04c341ff-GrpcLogAppender: appendEntries Timeout, request=1abc736a-4830-4c4e-94c6-330cfb37cbd9->c79c5a76-aee4-4242-a106-dd0d04c341ff#161-t2, previous=(t:2, i:20), leaderCommit=16, initializing? false, entries: <empty>
2019-09-18 17:11:04,012 [java.util.concurrent.ThreadPoolExecutor$Worker@583eae3a[State = -1, empty queue]] WARN  server.GrpcLogAppender (GrpcLogAppender.java:timeoutAppendRequest(200)) - 78cf3f4b-2ba3-4c47-8363-becf5fcab44c@group-44CDFF0F5509->62d2617d-d759-46ce-9c32-c3f7d08f54db-GrpcLogAppender: appendEntries Timeout, request=78cf3f4b-2ba3-4c47-8363-becf5fcab44c->62d2617d-d759-46ce-9c32-c3f7d08f54db#177-t1, previous=(t:1, i:34), leaderCommit=30, initializing? false, entries: <empty>
2019-09-18 17:11:04,019 [grpc-default-executor-5] WARN  server.GrpcLogAppender (LogUtils.java:warn(134)) - 78cf3f4b-2ba3-4c47-8363-becf5fcab44c@group-44CDFF0F5509->77addda6-fc28-4fe0-a9c9-ddb04539ca78-AppendLogResponseHandler: Failed appendEntries: org.apache.ratis.thirdparty.io.grpc.StatusRuntimeException: UNAVAILABLE: io exception
2019-09-18 17:11:04,020 [grpc-default-executor-5] INFO  impl.FollowerInfo (FollowerInfo.java:lambda$new$0(51)) - 78cf3f4b-2ba3-4c47-8363-becf5fcab44c@group-44CDFF0F5509->77addda6-fc28-4fe0-a9c9-ddb04539ca78: nextIndex: updateUnconditionally 27 -> 26
2019-09-18 17:11:04,193 [java.util.concurrent.ThreadPoolExecutor$Worker@30253f2e[State = -1, empty queue]] WARN  server.GrpcLogAppender (GrpcLogAppender.java:timeoutAppendRequest(200)) - 1abc736a-4830-4c4e-94c6-330cfb37cbd9@group-16324F4B6BD7->c79c5a76-aee4-4242-a106-dd0d04c341ff-GrpcLogAppender: appendEntries Timeout, request=1abc736a-4830-4c4e-94c6-330cfb37cbd9->c79c5a76-aee4-4242-a106-dd0d04c341ff#162-t2, previous=(t:2, i:20), leaderCommit=16, initializing? false, entries: <empty>
2019-09-18 17:11:04,193 [java.util.concurrent.ThreadPoolExecutor$Worker@5edbee1f[State = -1, empty queue]] WARN  server.GrpcLogAppender (GrpcLogAppender.java:timeoutAppendRequest(200)) - 1abc736a-4830-4c4e-94c6-330cfb37cbd9@group-16324F4B6BD7->9060795c-f318-48a7-8c5f-b9c772b9291e-GrpcLogAppender: appendEntries Timeout, request=1abc736a-4830-4c4e-94c6-330cfb37cbd9->9060795c-f318-48a7-8c5f-b9c772b9291e#162-t2, previous=(t:2, i:20), leaderCommit=16, initializing? false, entries: <empty>
2019-09-18 17:11:04,513 [java.util.concurrent.ThreadPoolExecutor$Worker@583eae3a[State = -1, empty queue]] WARN  server.GrpcLogAppender (GrpcLogAppender.java:timeoutAppendRequest(200)) - 78cf3f4b-2ba3-4c47-8363-becf5fcab44c@group-44CDFF0F5509->62d2617d-d759-46ce-9c32-c3f7d08f54db-GrpcLogAppender: appendEntries Timeout, request=78cf3f4b-2ba3-4c47-8363-becf5fcab44c->62d2617d-d759-46ce-9c32-c3f7d08f54db#178-t1, previous=(t:1, i:34), leaderCommit=30, initializing? false, entries: <empty>
2019-09-18 17:11:04,521 [grpc-default-executor-2] WARN  server.GrpcLogAppender (LogUtils.java:warn(134)) - 78cf3f4b-2ba3-4c47-8363-becf5fcab44c@group-44CDFF0F5509->77addda6-fc28-4fe0-a9c9-ddb04539ca78-AppendLogResponseHandler: Failed appendEntries: org.apache.ratis.thirdparty.io.grpc.StatusRuntimeException: UNAVAILABLE: io exception
2019-09-18 17:11:04,521 [grpc-default-executor-2] INFO  impl.FollowerInfo (FollowerInfo.java:lambda$new$0(51)) - 78cf3f4b-2ba3-4c47-8363-becf5fcab44c@group-44CDFF0F5509->77addda6-fc28-4fe0-a9c9-ddb04539ca78: nextIndex: updateUnconditionally 26 -> 25
2019-09-18 17:11:04,623 [1abc736a-4830-4c4e-94c6-330cfb37cbd9@group-16324F4B6BD7-SegmentedRaftLogWorker] WARN  segmented.SegmentedRaftLogWorker (SegmentedRaftLogWorker.java:getFromFuture(90)) - Timeout 4/~
org.apache.ratis.protocol.TimeoutIOException: Timeout 10s: WriteLog:17: (t:2, i:17), STATEMACHINELOGENTRY, client-A93D41F52A29, cid=52-writeStateMachineData
	at org.apache.ratis.util.IOUtils.getFromFuture(IOUtils.java:87)
	at org.apache.ratis.server.raftlog.segmented.SegmentedRaftLogWorker$StateMachineDataPolicy.getFromFuture(SegmentedRaftLogWorker.java:87)
	at org.apache.ratis.server.raftlog.segmented.SegmentedRaftLogWorker$WriteLog.execute(SegmentedRaftLogWorker.java:477)
	at org.apache.ratis.server.raftlog.segmented.SegmentedRaftLogWorker.run(SegmentedRaftLogWorker.java:289)
	at java.lang.Thread.run(Thread.java:748)
Caused by: java.util.concurrent.TimeoutException
	at java.util.concurrent.CompletableFuture.timedGet(CompletableFuture.java:1771)
	at java.util.concurrent.CompletableFuture.get(CompletableFuture.java:1915)
	at org.apache.ratis.util.IOUtils.getFromFuture(IOUtils.java:79)
	... 4 more
2019-09-18 17:11:04,629 [9060795c-f318-48a7-8c5f-b9c772b9291e@group-16324F4B6BD7-SegmentedRaftLogWorker] WARN  segmented.SegmentedRaftLogWorker (SegmentedRaftLogWorker.java:getFromFuture(90)) - Timeout 4/~
org.apache.ratis.protocol.TimeoutIOException: Timeout 10s: WriteLog:17: (t:2, i:17), STATEMACHINELOGENTRY, client-A93D41F52A29, cid=52-writeStateMachineData
	at org.apache.ratis.util.IOUtils.getFromFuture(IOUtils.java:87)
	at org.apache.ratis.server.raftlog.segmented.SegmentedRaftLogWorker$StateMachineDataPolicy.getFromFuture(SegmentedRaftLogWorker.java:87)
	at org.apache.ratis.server.raftlog.segmented.SegmentedRaftLogWorker$WriteLog.execute(SegmentedRaftLogWorker.java:477)
	at org.apache.ratis.server.raftlog.segmented.SegmentedRaftLogWorker.run(SegmentedRaftLogWorker.java:289)
	at java.lang.Thread.run(Thread.java:748)
Caused by: java.util.concurrent.TimeoutException
	at java.util.concurrent.CompletableFuture.timedGet(CompletableFuture.java:1771)
	at java.util.concurrent.CompletableFuture.get(CompletableFuture.java:1915)
	at org.apache.ratis.util.IOUtils.getFromFuture(IOUtils.java:79)
	... 4 more
2019-09-18 17:11:04,693 [java.util.concurrent.ThreadPoolExecutor$Worker@5edbee1f[State = -1, empty queue]] WARN  server.GrpcLogAppender (GrpcLogAppender.java:timeoutAppendRequest(200)) - 1abc736a-4830-4c4e-94c6-330cfb37cbd9@group-16324F4B6BD7->9060795c-f318-48a7-8c5f-b9c772b9291e-GrpcLogAppender: appendEntries Timeout, request=1abc736a-4830-4c4e-94c6-330cfb37cbd9->9060795c-f318-48a7-8c5f-b9c772b9291e#163-t2, previous=(t:2, i:20), leaderCommit=16, initializing? false, entries: <empty>
2019-09-18 17:11:04,694 [java.util.concurrent.ThreadPoolExecutor$Worker@30253f2e[State = -1, empty queue]] WARN  server.GrpcLogAppender (GrpcLogAppender.java:timeoutAppendRequest(200)) - 1abc736a-4830-4c4e-94c6-330cfb37cbd9@group-16324F4B6BD7->c79c5a76-aee4-4242-a106-dd0d04c341ff-GrpcLogAppender: appendEntries Timeout, request=1abc736a-4830-4c4e-94c6-330cfb37cbd9->c79c5a76-aee4-4242-a106-dd0d04c341ff#163-t2, previous=(t:2, i:20), leaderCommit=16, initializing? false, entries: <empty>
2019-09-18 17:11:04,768 [c79c5a76-aee4-4242-a106-dd0d04c341ff@group-16324F4B6BD7-SegmentedRaftLogWorker] WARN  segmented.SegmentedRaftLogWorker (SegmentedRaftLogWorker.java:getFromFuture(90)) - Timeout 4/~
org.apache.ratis.protocol.TimeoutIOException: Timeout 10s: WriteLog:19: (t:2, i:19), STATEMACHINELOGENTRY, client-A93D41F52A29, cid=54-writeStateMachineData
	at org.apache.ratis.util.IOUtils.getFromFuture(IOUtils.java:87)
	at org.apache.ratis.server.raftlog.segmented.SegmentedRaftLogWorker$StateMachineDataPolicy.getFromFuture(SegmentedRaftLogWorker.java:87)
	at org.apache.ratis.server.raftlog.segmented.SegmentedRaftLogWorker$WriteLog.execute(SegmentedRaftLogWorker.java:477)
	at org.apache.ratis.server.raftlog.segmented.SegmentedRaftLogWorker.run(SegmentedRaftLogWorker.java:289)
	at java.lang.Thread.run(Thread.java:748)
Caused by: java.util.concurrent.TimeoutException
	at java.util.concurrent.CompletableFuture.timedGet(CompletableFuture.java:1771)
	at java.util.concurrent.CompletableFuture.get(CompletableFuture.java:1915)
	at org.apache.ratis.util.IOUtils.getFromFuture(IOUtils.java:79)
	... 4 more
2019-09-18 17:11:05,017 [java.util.concurrent.ThreadPoolExecutor$Worker@583eae3a[State = -1, empty queue]] WARN  server.GrpcLogAppender (GrpcLogAppender.java:timeoutAppendRequest(200)) - 78cf3f4b-2ba3-4c47-8363-becf5fcab44c@group-44CDFF0F5509->62d2617d-d759-46ce-9c32-c3f7d08f54db-GrpcLogAppender: appendEntries Timeout, request=78cf3f4b-2ba3-4c47-8363-becf5fcab44c->62d2617d-d759-46ce-9c32-c3f7d08f54db#179-t1, previous=(t:1, i:34), leaderCommit=30, initializing? false, entries: <empty>
2019-09-18 17:11:05,023 [grpc-default-executor-5] WARN  server.GrpcLogAppender (LogUtils.java:warn(134)) - 78cf3f4b-2ba3-4c47-8363-becf5fcab44c@group-44CDFF0F5509->77addda6-fc28-4fe0-a9c9-ddb04539ca78-AppendLogResponseHandler: Failed appendEntries: org.apache.ratis.thirdparty.io.grpc.StatusRuntimeException: UNAVAILABLE: io exception
2019-09-18 17:11:05,023 [grpc-default-executor-5] INFO  impl.FollowerInfo (FollowerInfo.java:lambda$new$0(51)) - 78cf3f4b-2ba3-4c47-8363-becf5fcab44c@group-44CDFF0F5509->77addda6-fc28-4fe0-a9c9-ddb04539ca78: nextIndex: updateUnconditionally 25 -> 24
2019-09-18 17:11:05,194 [java.util.concurrent.ThreadPoolExecutor$Worker@5edbee1f[State = -1, empty queue]] WARN  server.GrpcLogAppender (GrpcLogAppender.java:timeoutAppendRequest(200)) - 1abc736a-4830-4c4e-94c6-330cfb37cbd9@group-16324F4B6BD7->9060795c-f318-48a7-8c5f-b9c772b9291e-GrpcLogAppender: appendEntries Timeout, request=1abc736a-4830-4c4e-94c6-330cfb37cbd9->9060795c-f318-48a7-8c5f-b9c772b9291e#164-t2, previous=(t:2, i:20), leaderCommit=16, initializing? false, entries: <empty>
2019-09-18 17:11:05,194 [java.util.concurrent.ThreadPoolExecutor$Worker@30253f2e[State = -1, empty queue]] WARN  server.GrpcLogAppender (GrpcLogAppender.java:timeoutAppendRequest(200)) - 1abc736a-4830-4c4e-94c6-330cfb37cbd9@group-16324F4B6BD7->c79c5a76-aee4-4242-a106-dd0d04c341ff-GrpcLogAppender: appendEntries Timeout, request=1abc736a-4830-4c4e-94c6-330cfb37cbd9->c79c5a76-aee4-4242-a106-dd0d04c341ff#164-t2, previous=(t:2, i:20), leaderCommit=16, initializing? false, entries: <empty>
2019-09-18 17:11:05,514 [java.util.concurrent.ThreadPoolExecutor$Worker@583eae3a[State = -1, empty queue]] WARN  server.GrpcLogAppender (GrpcLogAppender.java:timeoutAppendRequest(200)) - 78cf3f4b-2ba3-4c47-8363-becf5fcab44c@group-44CDFF0F5509->62d2617d-d759-46ce-9c32-c3f7d08f54db-GrpcLogAppender: appendEntries Timeout, request=78cf3f4b-2ba3-4c47-8363-becf5fcab44c->62d2617d-d759-46ce-9c32-c3f7d08f54db#180-t1, previous=(t:1, i:34), leaderCommit=30, initializing? false, entries: <empty>
2019-09-18 17:11:05,523 [grpc-default-executor-0] WARN  server.GrpcLogAppender (LogUtils.java:warn(134)) - 78cf3f4b-2ba3-4c47-8363-becf5fcab44c@group-44CDFF0F5509->77addda6-fc28-4fe0-a9c9-ddb04539ca78-AppendLogResponseHandler: Failed appendEntries: org.apache.ratis.thirdparty.io.grpc.StatusRuntimeException: UNAVAILABLE: io exception
2019-09-18 17:11:05,523 [grpc-default-executor-0] INFO  impl.FollowerInfo (FollowerInfo.java:lambda$new$0(51)) - 78cf3f4b-2ba3-4c47-8363-becf5fcab44c@group-44CDFF0F5509->77addda6-fc28-4fe0-a9c9-ddb04539ca78: nextIndex: updateUnconditionally 24 -> 23
2019-09-18 17:11:05,694 [java.util.concurrent.ThreadPoolExecutor$Worker@5edbee1f[State = -1, empty queue]] WARN  server.GrpcLogAppender (GrpcLogAppender.java:timeoutAppendRequest(200)) - 1abc736a-4830-4c4e-94c6-330cfb37cbd9@group-16324F4B6BD7->9060795c-f318-48a7-8c5f-b9c772b9291e-GrpcLogAppender: appendEntries Timeout, request=1abc736a-4830-4c4e-94c6-330cfb37cbd9->9060795c-f318-48a7-8c5f-b9c772b9291e#165-t2, previous=(t:2, i:20), leaderCommit=16, initializing? false, entries: <empty>
2019-09-18 17:11:05,694 [java.util.concurrent.ThreadPoolExecutor$Worker@30253f2e[State = -1, empty queue]] WARN  server.GrpcLogAppender (GrpcLogAppender.java:timeoutAppendRequest(200)) - 1abc736a-4830-4c4e-94c6-330cfb37cbd9@group-16324F4B6BD7->c79c5a76-aee4-4242-a106-dd0d04c341ff-GrpcLogAppender: appendEntries Timeout, request=1abc736a-4830-4c4e-94c6-330cfb37cbd9->c79c5a76-aee4-4242-a106-dd0d04c341ff#165-t2, previous=(t:2, i:20), leaderCommit=16, initializing? false, entries: <empty>
2019-09-18 17:11:06,014 [java.util.concurrent.ThreadPoolExecutor$Worker@583eae3a[State = -1, empty queue]] WARN  server.GrpcLogAppender (GrpcLogAppender.java:timeoutAppendRequest(200)) - 78cf3f4b-2ba3-4c47-8363-becf5fcab44c@group-44CDFF0F5509->62d2617d-d759-46ce-9c32-c3f7d08f54db-GrpcLogAppender: appendEntries Timeout, request=78cf3f4b-2ba3-4c47-8363-becf5fcab44c->62d2617d-d759-46ce-9c32-c3f7d08f54db#181-t1, previous=(t:1, i:34), leaderCommit=30, initializing? false, entries: <empty>
2019-09-18 17:11:06,023 [grpc-default-executor-5] WARN  server.GrpcLogAppender (LogUtils.java:warn(134)) - 78cf3f4b-2ba3-4c47-8363-becf5fcab44c@group-44CDFF0F5509->77addda6-fc28-4fe0-a9c9-ddb04539ca78-AppendLogResponseHandler: Failed appendEntries: org.apache.ratis.thirdparty.io.grpc.StatusRuntimeException: UNAVAILABLE: io exception
2019-09-18 17:11:06,024 [grpc-default-executor-5] INFO  impl.FollowerInfo (FollowerInfo.java:lambda$new$0(51)) - 78cf3f4b-2ba3-4c47-8363-becf5fcab44c@group-44CDFF0F5509->77addda6-fc28-4fe0-a9c9-ddb04539ca78: nextIndex: updateUnconditionally 23 -> 22
2019-09-18 17:11:06,194 [java.util.concurrent.ThreadPoolExecutor$Worker@30253f2e[State = -1, empty queue]] WARN  server.GrpcLogAppender (GrpcLogAppender.java:timeoutAppendRequest(200)) - 1abc736a-4830-4c4e-94c6-330cfb37cbd9@group-16324F4B6BD7->c79c5a76-aee4-4242-a106-dd0d04c341ff-GrpcLogAppender: appendEntries Timeout, request=1abc736a-4830-4c4e-94c6-330cfb37cbd9->c79c5a76-aee4-4242-a106-dd0d04c341ff#166-t2, previous=(t:2, i:20), leaderCommit=16, initializing? false, entries: <empty>
2019-09-18 17:11:06,194 [java.util.concurrent.ThreadPoolExecutor$Worker@5edbee1f[State = -1, empty queue]] WARN  server.GrpcLogAppender (GrpcLogAppender.java:timeoutAppendRequest(200)) - 1abc736a-4830-4c4e-94c6-330cfb37cbd9@group-16324F4B6BD7->9060795c-f318-48a7-8c5f-b9c772b9291e-GrpcLogAppender: appendEntries Timeout, request=1abc736a-4830-4c4e-94c6-330cfb37cbd9->9060795c-f318-48a7-8c5f-b9c772b9291e#166-t2, previous=(t:2, i:20), leaderCommit=16, initializing? false, entries: <empty>
2019-09-18 17:11:06,514 [java.util.concurrent.ThreadPoolExecutor$Worker@583eae3a[State = -1, empty queue]] WARN  server.GrpcLogAppender (GrpcLogAppender.java:timeoutAppendRequest(200)) - 78cf3f4b-2ba3-4c47-8363-becf5fcab44c@group-44CDFF0F5509->62d2617d-d759-46ce-9c32-c3f7d08f54db-GrpcLogAppender: appendEntries Timeout, request=78cf3f4b-2ba3-4c47-8363-becf5fcab44c->62d2617d-d759-46ce-9c32-c3f7d08f54db#182-t1, previous=(t:1, i:34), leaderCommit=30, initializing? false, entries: <empty>
2019-09-18 17:11:06,524 [grpc-default-executor-0] WARN  server.GrpcLogAppender (LogUtils.java:warn(134)) - 78cf3f4b-2ba3-4c47-8363-becf5fcab44c@group-44CDFF0F5509->77addda6-fc28-4fe0-a9c9-ddb04539ca78-AppendLogResponseHandler: Failed appendEntries: org.apache.ratis.thirdparty.io.grpc.StatusRuntimeException: UNAVAILABLE: io exception
2019-09-18 17:11:06,525 [grpc-default-executor-0] INFO  impl.FollowerInfo (FollowerInfo.java:lambda$new$0(51)) - 78cf3f4b-2ba3-4c47-8363-becf5fcab44c@group-44CDFF0F5509->77addda6-fc28-4fe0-a9c9-ddb04539ca78: nextIndex: updateUnconditionally 22 -> 21
2019-09-18 17:11:06,695 [java.util.concurrent.ThreadPoolExecutor$Worker@5edbee1f[State = -1, empty queue]] WARN  server.GrpcLogAppender (GrpcLogAppender.java:timeoutAppendRequest(200)) - 1abc736a-4830-4c4e-94c6-330cfb37cbd9@group-16324F4B6BD7->9060795c-f318-48a7-8c5f-b9c772b9291e-GrpcLogAppender: appendEntries Timeout, request=1abc736a-4830-4c4e-94c6-330cfb37cbd9->9060795c-f318-48a7-8c5f-b9c772b9291e#167-t2, previous=(t:2, i:20), leaderCommit=16, initializing? false, entries: <empty>
2019-09-18 17:11:06,695 [java.util.concurrent.ThreadPoolExecutor$Worker@30253f2e[State = -1, empty queue]] WARN  server.GrpcLogAppender (GrpcLogAppender.java:timeoutAppendRequest(200)) - 1abc736a-4830-4c4e-94c6-330cfb37cbd9@group-16324F4B6BD7->c79c5a76-aee4-4242-a106-dd0d04c341ff-GrpcLogAppender: appendEntries Timeout, request=1abc736a-4830-4c4e-94c6-330cfb37cbd9->c79c5a76-aee4-4242-a106-dd0d04c341ff#167-t2, previous=(t:2, i:20), leaderCommit=16, initializing? false, entries: <empty>
2019-09-18 17:11:06,882 [ForkJoinPool.commonPool-worker-1] INFO  ozoneimpl.OzoneContainer (OzoneContainer.java:stop(231)) - Attempting to stop container services.
2019-09-18 17:11:06,883 [ForkJoinPool.commonPool-worker-1] INFO  impl.RaftServerProxy (RaftServerProxy.java:lambda$close$4(314)) - 1abc736a-4830-4c4e-94c6-330cfb37cbd9: close
2019-09-18 17:11:06,884 [ForkJoinPool.commonPool-worker-1] INFO  impl.RaftServerImpl (RaftServerImpl.java:lambda$shutdown$3(251)) - 1abc736a-4830-4c4e-94c6-330cfb37cbd9@group-16324F4B6BD7: shutdown
2019-09-18 17:11:06,884 [ForkJoinPool.commonPool-worker-1] INFO  util.JmxRegister (JmxRegister.java:unregister(73)) - Successfully un-registered JMX Bean with object name Ratis:service=RaftServer,group=group-16324F4B6BD7,id=1abc736a-4830-4c4e-94c6-330cfb37cbd9
2019-09-18 17:11:06,884 [ForkJoinPool.commonPool-worker-1] INFO  impl.RoleInfo (RoleInfo.java:shutdownLeaderState(104)) - 1abc736a-4830-4c4e-94c6-330cfb37cbd9: shutdown LeaderState
2019-09-18 17:11:06,890 [org.apache.ratis.server.impl.LogAppender$AppenderDaemon$$Lambda$428/778963491@54be3681] WARN  server.GrpcLogAppender (GrpcLogAppender.java:mayWait(143)) - 1abc736a-4830-4c4e-94c6-330cfb37cbd9@group-16324F4B6BD7->c79c5a76-aee4-4242-a106-dd0d04c341ff-GrpcLogAppender: Wait interrupted by java.lang.InterruptedException
2019-09-18 17:11:06,890 [org.apache.ratis.server.impl.LogAppender$AppenderDaemon$$Lambda$428/778963491@69ca3475] WARN  server.GrpcLogAppender (GrpcLogAppender.java:mayWait(143)) - 1abc736a-4830-4c4e-94c6-330cfb37cbd9@group-16324F4B6BD7->9060795c-f318-48a7-8c5f-b9c772b9291e-GrpcLogAppender: Wait interrupted by java.lang.InterruptedException
2019-09-18 17:11:06,890 [ForkJoinPool.commonPool-worker-1] INFO  impl.PendingRequests (PendingRequests.java:sendNotLeaderResponses(202)) - 1abc736a-4830-4c4e-94c6-330cfb37cbd9-PendingRequests: sendNotLeaderResponses
2019-09-18 17:11:06,891 [grpc-default-executor-2] INFO  server.GrpcServerProtocolService (GrpcServerProtocolService.java:onCompleted(113)) - c79c5a76-aee4-4242-a106-dd0d04c341ff: Completed APPEND_ENTRIES, lastRequest: 1abc736a-4830-4c4e-94c6-330cfb37cbd9->c79c5a76-aee4-4242-a106-dd0d04c341ff#173-t2, previous=(t:2, i:20), leaderCommit=16, initializing? false, entries: <empty>
2019-09-18 17:11:06,891 [grpc-default-executor-0] INFO  server.GrpcServerProtocolService (GrpcServerProtocolService.java:onCompleted(113)) - 9060795c-f318-48a7-8c5f-b9c772b9291e: Completed APPEND_ENTRIES, lastRequest: 1abc736a-4830-4c4e-94c6-330cfb37cbd9->9060795c-f318-48a7-8c5f-b9c772b9291e#173-t2, previous=(t:2, i:20), leaderCommit=16, initializing? false, entries: <empty>
2019-09-18 17:11:06,892 [grpc-default-executor-0] INFO  server.GrpcLogAppender (GrpcLogAppender.java:onCompleted(293)) - 1abc736a-4830-4c4e-94c6-330cfb37cbd9@group-16324F4B6BD7->c79c5a76-aee4-4242-a106-dd0d04c341ff-AppendLogResponseHandler: follower responses appendEntries COMPLETED
2019-09-18 17:11:06,897 [grpc-default-executor-2] INFO  server.GrpcLogAppender (GrpcLogAppender.java:onCompleted(293)) - 1abc736a-4830-4c4e-94c6-330cfb37cbd9@group-16324F4B6BD7->9060795c-f318-48a7-8c5f-b9c772b9291e-AppendLogResponseHandler: follower responses appendEntries COMPLETED
2019-09-18 17:11:06,897 [grpc-default-executor-0] INFO  impl.FollowerInfo (FollowerInfo.java:lambda$new$0(51)) - 1abc736a-4830-4c4e-94c6-330cfb37cbd9@group-16324F4B6BD7->c79c5a76-aee4-4242-a106-dd0d04c341ff: nextIndex: updateUnconditionally 21 -> 17
2019-09-18 17:11:06,897 [ForkJoinPool.commonPool-worker-1] INFO  impl.StateMachineUpdater (StateMachineUpdater.java:stopAndJoin(125)) - 1abc736a-4830-4c4e-94c6-330cfb37cbd9@group-16324F4B6BD7-StateMachineUpdater: set stopIndex = 16
2019-09-18 17:11:06,897 [grpc-default-executor-2] INFO  impl.FollowerInfo (FollowerInfo.java:lambda$new$0(51)) - 1abc736a-4830-4c4e-94c6-330cfb37cbd9@group-16324F4B6BD7->9060795c-f318-48a7-8c5f-b9c772b9291e: nextIndex: updateUnconditionally 21 -> 17
2019-09-18 17:11:06,897 [1abc736a-4830-4c4e-94c6-330cfb37cbd9@group-16324F4B6BD7-StateMachineUpdater] INFO  ratis.ContainerStateMachine (ContainerStateMachine.java:takeSnapshot(289)) - group-16324F4B6BD7: Taking a snapshot at:(t:2, i:12) file /workdir/hadoop-ozone/integration-test/target/test-dir/MiniOzoneClusterImpl-a0535264-3a9d-47dc-a6b5-6352fdff8bcc/datanode-3/data/ratis/076edb64-726e-4ef9-a825-16324f4b6bd7/sm/snapshot.2_12
2019-09-18 17:11:06,923 [1abc736a-4830-4c4e-94c6-330cfb37cbd9@group-16324F4B6BD7-StateMachineUpdater] INFO  ratis.ContainerStateMachine (ContainerStateMachine.java:takeSnapshot(300)) - group-16324F4B6BD7: Finished taking a snapshot at:(t:2, i:12) file:/workdir/hadoop-ozone/integration-test/target/test-dir/MiniOzoneClusterImpl-a0535264-3a9d-47dc-a6b5-6352fdff8bcc/datanode-3/data/ratis/076edb64-726e-4ef9-a825-16324f4b6bd7/sm/snapshot.2_12 time:26
2019-09-18 17:11:06,923 [1abc736a-4830-4c4e-94c6-330cfb37cbd9@group-16324F4B6BD7-StateMachineUpdater] INFO  impl.StateMachineUpdater (StateMachineUpdater.java:takeSnapshot(258)) - 1abc736a-4830-4c4e-94c6-330cfb37cbd9@group-16324F4B6BD7-StateMachineUpdater: Took a snapshot at index 12
2019-09-18 17:11:06,923 [1abc736a-4830-4c4e-94c6-330cfb37cbd9@group-16324F4B6BD7-StateMachineUpdater] INFO  impl.StateMachineUpdater (StateMachineUpdater.java:lambda$new$0(83)) - 1abc736a-4830-4c4e-94c6-330cfb37cbd9@group-16324F4B6BD7-StateMachineUpdater: snapshotIndex: updateIncreasingly -1 -> 12
2019-09-18 17:11:06,924 [1abc736a-4830-4c4e-94c6-330cfb37cbd9@group-16324F4B6BD7-StateMachineUpdater] INFO  ratis.ContainerStateMachine (ContainerStateMachine.java:takeSnapshot(289)) - group-16324F4B6BD7: Taking a snapshot at:(t:2, i:12) file /workdir/hadoop-ozone/integration-test/target/test-dir/MiniOzoneClusterImpl-a0535264-3a9d-47dc-a6b5-6352fdff8bcc/datanode-3/data/ratis/076edb64-726e-4ef9-a825-16324f4b6bd7/sm/snapshot.2_12
2019-09-18 17:11:06,927 [1abc736a-4830-4c4e-94c6-330cfb37cbd9@group-16324F4B6BD7-StateMachineUpdater] INFO  ratis.ContainerStateMachine (ContainerStateMachine.java:takeSnapshot(300)) - group-16324F4B6BD7: Finished taking a snapshot at:(t:2, i:12) file:/workdir/hadoop-ozone/integration-test/target/test-dir/MiniOzoneClusterImpl-a0535264-3a9d-47dc-a6b5-6352fdff8bcc/datanode-3/data/ratis/076edb64-726e-4ef9-a825-16324f4b6bd7/sm/snapshot.2_12 time:3
2019-09-18 17:11:06,927 [1abc736a-4830-4c4e-94c6-330cfb37cbd9@group-16324F4B6BD7-StateMachineUpdater] INFO  impl.StateMachineUpdater (StateMachineUpdater.java:takeSnapshot(258)) - 1abc736a-4830-4c4e-94c6-330cfb37cbd9@group-16324F4B6BD7-StateMachineUpdater: Took a snapshot at index 12
2019-09-18 17:11:06,927 [1abc736a-4830-4c4e-94c6-330cfb37cbd9@group-16324F4B6BD7-StateMachineUpdater] INFO  impl.StateMachineUpdater (StateMachineUpdater.java:lambda$new$0(83)) - 1abc736a-4830-4c4e-94c6-330cfb37cbd9@group-16324F4B6BD7-StateMachineUpdater: snapshotIndex: updateIncreasingly 12 -> 12
2019-09-18 17:11:06,927 [ForkJoinPool.commonPool-worker-1] INFO  impl.RaftServerImpl (ServerState.java:close(385)) - 1abc736a-4830-4c4e-94c6-330cfb37cbd9@group-16324F4B6BD7: closes. applyIndex: 16
2019-09-18 17:11:06,930 [1abc736a-4830-4c4e-94c6-330cfb37cbd9@group-16324F4B6BD7-SegmentedRaftLogWorker] ERROR ratis.XceiverServerRatis (XceiverServerRatis.java:triggerPipelineClose(575)) - pipeline Action CLOSE  on pipeline PipelineID=076edb64-726e-4ef9-a825-16324f4b6bd7.Reason : WriteLog:17: (t:2, i:17), STATEMACHINELOGENTRY, client-A93D41F52A29, cid=52-writeStateMachineData interrupted.
2019-09-18 17:11:06,933 [ForkJoinPool.commonPool-worker-1] INFO  segmented.SegmentedRaftLogWorker (SegmentedRaftLogWorker.java:close(228)) - 1abc736a-4830-4c4e-94c6-330cfb37cbd9@group-16324F4B6BD7-SegmentedRaftLogWorker close()
2019-09-18 17:11:06,937 [main] INFO  ozoneimpl.OzoneContainer (OzoneContainer.java:stop(231)) - Attempting to stop container services.
2019-09-18 17:11:06,937 [ForkJoinPool.commonPool-worker-1] INFO  impl.RaftServerImpl (RaftServerImpl.java:lambda$shutdown$3(251)) - 1abc736a-4830-4c4e-94c6-330cfb37cbd9@group-148DFA6B88FF: shutdown
2019-09-18 17:11:06,938 [ForkJoinPool.commonPool-worker-1] INFO  util.JmxRegister (JmxRegister.java:unregister(73)) - Successfully un-registered JMX Bean with object name Ratis:service=RaftServer,group=group-148DFA6B88FF,id=1abc736a-4830-4c4e-94c6-330cfb37cbd9
2019-09-18 17:11:06,938 [main] INFO  impl.RaftServerProxy (RaftServerProxy.java:lambda$close$4(314)) - 62d2617d-d759-46ce-9c32-c3f7d08f54db: close
2019-09-18 17:11:06,938 [ForkJoinPool.commonPool-worker-1] INFO  impl.RoleInfo (RoleInfo.java:shutdownLeaderState(104)) - 1abc736a-4830-4c4e-94c6-330cfb37cbd9: shutdown LeaderState
2019-09-18 17:11:06,938 [main] INFO  impl.RaftServerImpl (RaftServerImpl.java:lambda$shutdown$3(251)) - 62d2617d-d759-46ce-9c32-c3f7d08f54db@group-44CDFF0F5509: shutdown
2019-09-18 17:11:06,938 [ForkJoinPool.commonPool-worker-1] INFO  impl.PendingRequests (PendingRequests.java:sendNotLeaderResponses(202)) - 1abc736a-4830-4c4e-94c6-330cfb37cbd9-PendingRequests: sendNotLeaderResponses
2019-09-18 17:11:06,938 [main] INFO  util.JmxRegister (JmxRegister.java:unregister(73)) - Successfully un-registered JMX Bean with object name Ratis:service=RaftServer,group=group-44CDFF0F5509,id=62d2617d-d759-46ce-9c32-c3f7d08f54db
2019-09-18 17:11:06,939 [ForkJoinPool.commonPool-worker-1] INFO  impl.StateMachineUpdater (StateMachineUpdater.java:stopAndJoin(125)) - 1abc736a-4830-4c4e-94c6-330cfb37cbd9@group-148DFA6B88FF-StateMachineUpdater: set stopIndex = 0
2019-09-18 17:11:06,939 [main] INFO  impl.RoleInfo (RoleInfo.java:shutdownFollowerState(121)) - 62d2617d-d759-46ce-9c32-c3f7d08f54db: shutdown FollowerState
2019-09-18 17:11:06,939 [ForkJoinPool.commonPool-worker-1] INFO  impl.RaftServerImpl (ServerState.java:close(385)) - 1abc736a-4830-4c4e-94c6-330cfb37cbd9@group-148DFA6B88FF: closes. applyIndex: 0
2019-09-18 17:11:06,939 [Thread-380] INFO  impl.FollowerState (FollowerState.java:run(115)) - 62d2617d-d759-46ce-9c32-c3f7d08f54db: FollowerState was interrupted: java.lang.InterruptedException: sleep interrupted
2019-09-18 17:11:06,939 [62d2617d-d759-46ce-9c32-c3f7d08f54db@group-44CDFF0F5509-StateMachineUpdater] INFO  ratis.ContainerStateMachine (ContainerStateMachine.java:takeSnapshot(289)) - group-44CDFF0F5509: Taking a snapshot at:(t:1, i:28) file /workdir/hadoop-ozone/integration-test/target/test-dir/MiniOzoneClusterImpl-a0535264-3a9d-47dc-a6b5-6352fdff8bcc/datanode-6/data/ratis/56775dd8-28a6-4e8e-8e6c-44cdff0f5509/sm/snapshot.1_28
2019-09-18 17:11:06,939 [main] INFO  impl.StateMachineUpdater (StateMachineUpdater.java:stopAndJoin(125)) - 62d2617d-d759-46ce-9c32-c3f7d08f54db@group-44CDFF0F5509-StateMachineUpdater: set stopIndex = 30
2019-09-18 17:11:06,940 [1abc736a-4830-4c4e-94c6-330cfb37cbd9@group-148DFA6B88FF-SegmentedRaftLogWorker] INFO  segmented.SegmentedRaftLogWorker (SegmentedRaftLogWorker.java:run(313)) - 1abc736a-4830-4c4e-94c6-330cfb37cbd9@group-148DFA6B88FF-SegmentedRaftLogWorker was interrupted, exiting. There are 0 tasks remaining in the queue.
2019-09-18 17:11:06,944 [ForkJoinPool.commonPool-worker-1] INFO  segmented.SegmentedRaftLogWorker (SegmentedRaftLogWorker.java:close(228)) - 1abc736a-4830-4c4e-94c6-330cfb37cbd9@group-148DFA6B88FF-SegmentedRaftLogWorker close()
2019-09-18 17:11:06,948 [62d2617d-d759-46ce-9c32-c3f7d08f54db@group-44CDFF0F5509-StateMachineUpdater] INFO  ratis.ContainerStateMachine (ContainerStateMachine.java:takeSnapshot(300)) - group-44CDFF0F5509: Finished taking a snapshot at:(t:1, i:28) file:/workdir/hadoop-ozone/integration-test/target/test-dir/MiniOzoneClusterImpl-a0535264-3a9d-47dc-a6b5-6352fdff8bcc/datanode-6/data/ratis/56775dd8-28a6-4e8e-8e6c-44cdff0f5509/sm/snapshot.1_28 time:9
2019-09-18 17:11:06,948 [ForkJoinPool.commonPool-worker-1] INFO  server.GrpcService (GrpcService.java:closeImpl(164)) - 1abc736a-4830-4c4e-94c6-330cfb37cbd9: shutdown server with port 42374 now
2019-09-18 17:11:06,949 [62d2617d-d759-46ce-9c32-c3f7d08f54db@group-44CDFF0F5509-StateMachineUpdater] INFO  impl.StateMachineUpdater (StateMachineUpdater.java:takeSnapshot(258)) - 62d2617d-d759-46ce-9c32-c3f7d08f54db@group-44CDFF0F5509-StateMachineUpdater: Took a snapshot at index 28
2019-09-18 17:11:06,949 [62d2617d-d759-46ce-9c32-c3f7d08f54db@group-44CDFF0F5509-StateMachineUpdater] INFO  impl.StateMachineUpdater (StateMachineUpdater.java:lambda$new$0(83)) - 62d2617d-d759-46ce-9c32-c3f7d08f54db@group-44CDFF0F5509-StateMachineUpdater: snapshotIndex: updateIncreasingly -1 -> 28
2019-09-18 17:11:06,949 [62d2617d-d759-46ce-9c32-c3f7d08f54db@group-44CDFF0F5509-StateMachineUpdater] INFO  ratis.ContainerStateMachine (ContainerStateMachine.java:takeSnapshot(289)) - group-44CDFF0F5509: Taking a snapshot at:(t:1, i:28) file /workdir/hadoop-ozone/integration-test/target/test-dir/MiniOzoneClusterImpl-a0535264-3a9d-47dc-a6b5-6352fdff8bcc/datanode-6/data/ratis/56775dd8-28a6-4e8e-8e6c-44cdff0f5509/sm/snapshot.1_28
2019-09-18 17:11:06,949 [ForkJoinPool.commonPool-worker-1] INFO  server.GrpcService (GrpcService.java:closeImpl(172)) - 1abc736a-4830-4c4e-94c6-330cfb37cbd9: shutdown server with port 42374 successfully
2019-09-18 17:11:06,952 [62d2617d-d759-46ce-9c32-c3f7d08f54db@group-44CDFF0F5509-StateMachineUpdater] INFO  ratis.ContainerStateMachine (ContainerStateMachine.java:takeSnapshot(300)) - group-44CDFF0F5509: Finished taking a snapshot at:(t:1, i:28) file:/workdir/hadoop-ozone/integration-test/target/test-dir/MiniOzoneClusterImpl-a0535264-3a9d-47dc-a6b5-6352fdff8bcc/datanode-6/data/ratis/56775dd8-28a6-4e8e-8e6c-44cdff0f5509/sm/snapshot.1_28 time:4
2019-09-18 17:11:06,952 [62d2617d-d759-46ce-9c32-c3f7d08f54db@group-44CDFF0F5509-StateMachineUpdater] INFO  impl.StateMachineUpdater (StateMachineUpdater.java:takeSnapshot(258)) - 62d2617d-d759-46ce-9c32-c3f7d08f54db@group-44CDFF0F5509-StateMachineUpdater: Took a snapshot at index 28
2019-09-18 17:11:06,953 [62d2617d-d759-46ce-9c32-c3f7d08f54db@group-44CDFF0F5509-StateMachineUpdater] INFO  impl.StateMachineUpdater (StateMachineUpdater.java:lambda$new$0(83)) - 62d2617d-d759-46ce-9c32-c3f7d08f54db@group-44CDFF0F5509-StateMachineUpdater: snapshotIndex: updateIncreasingly 28 -> 28
2019-09-18 17:11:06,953 [main] INFO  impl.RaftServerImpl (ServerState.java:close(385)) - 62d2617d-d759-46ce-9c32-c3f7d08f54db@group-44CDFF0F5509: closes. applyIndex: 30
2019-09-18 17:11:06,956 [62d2617d-d759-46ce-9c32-c3f7d08f54db@group-44CDFF0F5509-SegmentedRaftLogWorker] ERROR ratis.XceiverServerRatis (XceiverServerRatis.java:triggerPipelineClose(575)) - pipeline Action CLOSE  on pipeline PipelineID=56775dd8-28a6-4e8e-8e6c-44cdff0f5509.Reason : WriteLog:31: (t:1, i:31), STATEMACHINELOGENTRY, client-F299FC84871C, cid=65-writeStateMachineData interrupted.
2019-09-18 17:11:06,959 [main] INFO  segmented.SegmentedRaftLogWorker (SegmentedRaftLogWorker.java:close(228)) - 62d2617d-d759-46ce-9c32-c3f7d08f54db@group-44CDFF0F5509-SegmentedRaftLogWorker close()
2019-09-18 17:11:06,972 [main] INFO  impl.RaftServerImpl (RaftServerImpl.java:lambda$shutdown$3(251)) - 62d2617d-d759-46ce-9c32-c3f7d08f54db@group-A61F2AA8A0AB: shutdown
2019-09-18 17:11:06,972 [refreshUsed-/workdir/hadoop-ozone/integration-test/target/test-dir/MiniOzoneClusterImpl-a0535264-3a9d-47dc-a6b5-6352fdff8bcc/datanode-3/data/containers] WARN  fs.CachingGetSpaceUsed (CachingGetSpaceUsed.java:run(183)) - Thread Interrupted waiting to refresh disk information: sleep interrupted
2019-09-18 17:11:06,972 [main] INFO  util.JmxRegister (JmxRegister.java:unregister(73)) - Successfully un-registered JMX Bean with object name Ratis:service=RaftServer,group=group-A61F2AA8A0AB,id=62d2617d-d759-46ce-9c32-c3f7d08f54db
2019-09-18 17:11:06,974 [main] INFO  impl.RoleInfo (RoleInfo.java:shutdownLeaderState(104)) - 62d2617d-d759-46ce-9c32-c3f7d08f54db: shutdown LeaderState
2019-09-18 17:11:06,974 [main] INFO  impl.PendingRequests (PendingRequests.java:sendNotLeaderResponses(202)) - 62d2617d-d759-46ce-9c32-c3f7d08f54db-PendingRequests: sendNotLeaderResponses
2019-09-18 17:11:06,976 [main] INFO  impl.StateMachineUpdater (StateMachineUpdater.java:stopAndJoin(125)) - 62d2617d-d759-46ce-9c32-c3f7d08f54db@group-A61F2AA8A0AB-StateMachineUpdater: set stopIndex = 0
2019-09-18 17:11:06,977 [main] INFO  impl.RaftServerImpl (ServerState.java:close(385)) - 62d2617d-d759-46ce-9c32-c3f7d08f54db@group-A61F2AA8A0AB: closes. applyIndex: 0
2019-09-18 17:11:06,977 [62d2617d-d759-46ce-9c32-c3f7d08f54db@group-A61F2AA8A0AB-SegmentedRaftLogWorker] INFO  segmented.SegmentedRaftLogWorker (SegmentedRaftLogWorker.java:run(313)) - 62d2617d-d759-46ce-9c32-c3f7d08f54db@group-A61F2AA8A0AB-SegmentedRaftLogWorker was interrupted, exiting. There are 0 tasks remaining in the queue.
2019-09-18 17:11:06,977 [main] INFO  segmented.SegmentedRaftLogWorker (SegmentedRaftLogWorker.java:close(228)) - 62d2617d-d759-46ce-9c32-c3f7d08f54db@group-A61F2AA8A0AB-SegmentedRaftLogWorker close()
2019-09-18 17:11:06,980 [main] INFO  server.GrpcService (GrpcService.java:closeImpl(164)) - 62d2617d-d759-46ce-9c32-c3f7d08f54db: shutdown server with port 37326 now
2019-09-18 17:11:06,981 [grpc-default-executor-2] WARN  server.GrpcServerProtocolService (LogUtils.java:warn(134)) - 62d2617d-d759-46ce-9c32-c3f7d08f54db: installSnapshot onError, lastRequest: 78cf3f4b-2ba3-4c47-8363-becf5fcab44c->62d2617d-d759-46ce-9c32-c3f7d08f54db#188-t1, previous=(t:1, i:34), leaderCommit=30, initializing? false, entries: <empty>: org.apache.ratis.thirdparty.io.grpc.StatusRuntimeException: CANCELLED: cancelled before receiving half close
2019-09-18 17:11:06,981 [main] INFO  server.GrpcService (GrpcService.java:closeImpl(172)) - 62d2617d-d759-46ce-9c32-c3f7d08f54db: shutdown server with port 37326 successfully
2019-09-18 17:11:06,982 [grpc-default-executor-5] WARN  server.GrpcLogAppender (LogUtils.java:warn(134)) - 78cf3f4b-2ba3-4c47-8363-becf5fcab44c@group-44CDFF0F5509->62d2617d-d759-46ce-9c32-c3f7d08f54db-AppendLogResponseHandler: Failed appendEntries: org.apache.ratis.thirdparty.io.grpc.StatusRuntimeException: CANCELLED: HTTP/2 error code: CANCEL
Received Rst Stream
2019-09-18 17:11:06,982 [grpc-default-executor-5] INFO  impl.FollowerInfo (FollowerInfo.java:lambda$new$0(51)) - 78cf3f4b-2ba3-4c47-8363-becf5fcab44c@group-44CDFF0F5509->62d2617d-d759-46ce-9c32-c3f7d08f54db: nextIndex: updateUnconditionally 35 -> 31
2019-09-18 17:11:06,983 [refreshUsed-/workdir/hadoop-ozone/integration-test/target/test-dir/MiniOzoneClusterImpl-a0535264-3a9d-47dc-a6b5-6352fdff8bcc/datanode-6/data/containers] WARN  fs.CachingGetSpaceUsed (CachingGetSpaceUsed.java:run(183)) - Thread Interrupted waiting to refresh disk information: sleep interrupted
2019-09-18 17:11:06,997 [main] INFO  utils.BackgroundService (BackgroundService.java:shutdown(148)) - Shutting down service BlockDeletingService
2019-09-18 17:11:07,002 [main] INFO  statemachine.DatanodeStateMachine (DatanodeStateMachine.java:stopDaemon(395)) - Ozone container server stopped.
2019-09-18 17:11:07,003 [ForkJoinPool.commonPool-worker-1] INFO  utils.BackgroundService (BackgroundService.java:shutdown(148)) - Shutting down service BlockDeletingService
2019-09-18 17:11:07,006 [main] INFO  handler.ContextHandler (ContextHandler.java:doStop(910)) - Stopped o.e.j.w.WebAppContext@26350ea2{/,null,UNAVAILABLE}{/hddsDatanode}
2019-09-18 17:11:07,007 [ForkJoinPool.commonPool-worker-1] INFO  statemachine.DatanodeStateMachine (DatanodeStateMachine.java:stopDaemon(395)) - Ozone container server stopped.
2019-09-18 17:11:07,010 [main] INFO  server.AbstractConnector (AbstractConnector.java:doStop(318)) - Stopped ServerConnector@1e9469b8{HTTP/1.1,[http/1.1]}{0.0.0.0:0}
2019-09-18 17:11:07,011 [ForkJoinPool.commonPool-worker-1] INFO  handler.ContextHandler (ContextHandler.java:doStop(910)) - Stopped o.e.j.w.WebAppContext@38eb0f4d{/,null,UNAVAILABLE}{/hddsDatanode}
2019-09-18 17:11:07,011 [main] INFO  handler.ContextHandler (ContextHandler.java:doStop(910)) - Stopped o.e.j.s.ServletContextHandler@1ab5f08a{/static,jar:file:/home/user/.m2/repository/org/apache/hadoop/hadoop-hdds-container-service/0.5.0-SNAPSHOT/hadoop-hdds-container-service-0.5.0-SNAPSHOT.jar!/webapps/static,UNAVAILABLE}
2019-09-18 17:11:07,011 [main] INFO  handler.ContextHandler (ContextHandler.java:doStop(910)) - Stopped o.e.j.s.ServletContextHandler@623ebac7{/logs,file:///workdir/hadoop-ozone/integration-test/target/log,UNAVAILABLE}
2019-09-18 17:11:07,012 [ForkJoinPool.commonPool-worker-1] INFO  server.AbstractConnector (AbstractConnector.java:doStop(318)) - Stopped ServerConnector@437486cd{HTTP/1.1,[http/1.1]}{0.0.0.0:0}
2019-09-18 17:11:07,013 [ForkJoinPool.commonPool-worker-1] INFO  handler.ContextHandler (ContextHandler.java:doStop(910)) - Stopped o.e.j.s.ServletContextHandler@97d0c06{/static,jar:file:/home/user/.m2/repository/org/apache/hadoop/hadoop-hdds-container-service/0.5.0-SNAPSHOT/hadoop-hdds-container-service-0.5.0-SNAPSHOT.jar!/webapps/static,UNAVAILABLE}
2019-09-18 17:11:07,015 [ForkJoinPool.commonPool-worker-1] INFO  handler.ContextHandler (ContextHandler.java:doStop(910)) - Stopped o.e.j.s.ServletContextHandler@41eb94bc{/logs,file:///workdir/hadoop-ozone/integration-test/target/log,UNAVAILABLE}
2019-09-18 17:11:07,021 [grpc-default-executor-0] WARN  server.GrpcLogAppender (LogUtils.java:warn(134)) - 78cf3f4b-2ba3-4c47-8363-becf5fcab44c@group-44CDFF0F5509->62d2617d-d759-46ce-9c32-c3f7d08f54db-AppendLogResponseHandler: Failed appendEntries: org.apache.ratis.thirdparty.io.grpc.StatusRuntimeException: UNAVAILABLE: io exception
2019-09-18 17:11:07,021 [grpc-default-executor-0] INFO  impl.FollowerInfo (FollowerInfo.java:lambda$new$0(51)) - 78cf3f4b-2ba3-4c47-8363-becf5fcab44c@group-44CDFF0F5509->62d2617d-d759-46ce-9c32-c3f7d08f54db: nextIndex: updateUnconditionally 31 -> 30
2019-09-18 17:11:07,024 [grpc-default-executor-2] WARN  server.GrpcLogAppender (LogUtils.java:warn(134)) - 78cf3f4b-2ba3-4c47-8363-becf5fcab44c@group-44CDFF0F5509->77addda6-fc28-4fe0-a9c9-ddb04539ca78-AppendLogResponseHandler: Failed appendEntries: org.apache.ratis.thirdparty.io.grpc.StatusRuntimeException: UNAVAILABLE: io exception
2019-09-18 17:11:07,024 [grpc-default-executor-2] INFO  impl.FollowerInfo (FollowerInfo.java:lambda$new$0(51)) - 78cf3f4b-2ba3-4c47-8363-becf5fcab44c@group-44CDFF0F5509->77addda6-fc28-4fe0-a9c9-ddb04539ca78: nextIndex: updateUnconditionally 21 -> 20
2019-09-18 17:11:07,522 [grpc-default-executor-5] WARN  server.GrpcLogAppender (LogUtils.java:warn(134)) - 78cf3f4b-2ba3-4c47-8363-becf5fcab44c@group-44CDFF0F5509->62d2617d-d759-46ce-9c32-c3f7d08f54db-AppendLogResponseHandler: Failed appendEntries: org.apache.ratis.thirdparty.io.grpc.StatusRuntimeException: UNAVAILABLE: io exception
2019-09-18 17:11:07,523 [grpc-default-executor-5] INFO  impl.FollowerInfo (FollowerInfo.java:lambda$new$0(51)) - 78cf3f4b-2ba3-4c47-8363-becf5fcab44c@group-44CDFF0F5509->62d2617d-d759-46ce-9c32-c3f7d08f54db: nextIndex: updateUnconditionally 30 -> 29
2019-09-18 17:11:07,525 [grpc-default-executor-0] WARN  server.GrpcLogAppender (LogUtils.java:warn(134)) - 78cf3f4b-2ba3-4c47-8363-becf5fcab44c@group-44CDFF0F5509->77addda6-fc28-4fe0-a9c9-ddb04539ca78-AppendLogResponseHandler: Failed appendEntries: org.apache.ratis.thirdparty.io.grpc.StatusRuntimeException: UNAVAILABLE: io exception
2019-09-18 17:11:07,525 [grpc-default-executor-0] INFO  impl.FollowerInfo (FollowerInfo.java:lambda$new$0(51)) - 78cf3f4b-2ba3-4c47-8363-becf5fcab44c@group-44CDFF0F5509->77addda6-fc28-4fe0-a9c9-ddb04539ca78: nextIndex: updateUnconditionally 20 -> 19
2019-09-18 17:11:07,562 [Datanode State Machine Thread - 0] INFO  statemachine.DatanodeStateMachine (DatanodeStateMachine.java:lambda$startDaemon$0(350)) - Ozone container server started.
2019-09-18 17:11:07,575 [Datanode State Machine Thread - 0] INFO  statemachine.DatanodeStateMachine (DatanodeStateMachine.java:lambda$startDaemon$0(350)) - Ozone container server started.
2019-09-18 17:11:08,023 [grpc-default-executor-2] WARN  server.GrpcLogAppender (LogUtils.java:warn(134)) - 78cf3f4b-2ba3-4c47-8363-becf5fcab44c@group-44CDFF0F5509->62d2617d-d759-46ce-9c32-c3f7d08f54db-AppendLogResponseHandler: Failed appendEntries: org.apache.ratis.thirdparty.io.grpc.StatusRuntimeException: UNAVAILABLE: io exception
2019-09-18 17:11:08,024 [grpc-default-executor-2] INFO  impl.FollowerInfo (FollowerInfo.java:lambda$new$0(51)) - 78cf3f4b-2ba3-4c47-8363-becf5fcab44c@group-44CDFF0F5509->62d2617d-d759-46ce-9c32-c3f7d08f54db: nextIndex: updateUnconditionally 29 -> 28
2019-09-18 17:11:08,025 [grpc-default-executor-5] WARN  server.GrpcLogAppender (LogUtils.java:warn(134)) - 78cf3f4b-2ba3-4c47-8363-becf5fcab44c@group-44CDFF0F5509->77addda6-fc28-4fe0-a9c9-ddb04539ca78-AppendLogResponseHandler: Failed appendEntries: org.apache.ratis.thirdparty.io.grpc.StatusRuntimeException: UNAVAILABLE: io exception
2019-09-18 17:11:08,026 [grpc-default-executor-5] INFO  impl.FollowerInfo (FollowerInfo.java:lambda$new$0(51)) - 78cf3f4b-2ba3-4c47-8363-becf5fcab44c@group-44CDFF0F5509->77addda6-fc28-4fe0-a9c9-ddb04539ca78: nextIndex: updateUnconditionally 19 -> 18
2019-09-18 17:11:08,489 [78cf3f4b-2ba3-4c47-8363-becf5fcab44c@group-44CDFF0F5509-SegmentedRaftLogWorker] WARN  segmented.SegmentedRaftLogWorker (SegmentedRaftLogWorker.java:getFromFuture(90)) - Timeout 2/~
org.apache.ratis.protocol.TimeoutIOException: Timeout 10s: WriteLog:31: (t:1, i:31), STATEMACHINELOGENTRY, client-F299FC84871C, cid=65-writeStateMachineData
	at org.apache.ratis.util.IOUtils.getFromFuture(IOUtils.java:87)
	at org.apache.ratis.server.raftlog.segmented.SegmentedRaftLogWorker$StateMachineDataPolicy.getFromFuture(SegmentedRaftLogWorker.java:87)
	at org.apache.ratis.server.raftlog.segmented.SegmentedRaftLogWorker$WriteLog.execute(SegmentedRaftLogWorker.java:477)
	at org.apache.ratis.server.raftlog.segmented.SegmentedRaftLogWorker.run(SegmentedRaftLogWorker.java:289)
	at java.lang.Thread.run(Thread.java:748)
Caused by: java.util.concurrent.TimeoutException
	at java.util.concurrent.CompletableFuture.timedGet(CompletableFuture.java:1771)
	at java.util.concurrent.CompletableFuture.get(CompletableFuture.java:1915)
	at org.apache.ratis.util.IOUtils.getFromFuture(IOUtils.java:79)
	... 4 more
2019-09-18 17:11:08,524 [grpc-default-executor-0] WARN  server.GrpcLogAppender (LogUtils.java:warn(134)) - 78cf3f4b-2ba3-4c47-8363-becf5fcab44c@group-44CDFF0F5509->62d2617d-d759-46ce-9c32-c3f7d08f54db-AppendLogResponseHandler: Failed appendEntries: org.apache.ratis.thirdparty.io.grpc.StatusRuntimeException: UNAVAILABLE: io exception
2019-09-18 17:11:08,524 [grpc-default-executor-0] INFO  impl.FollowerInfo (FollowerInfo.java:lambda$new$0(51)) - 78cf3f4b-2ba3-4c47-8363-becf5fcab44c@group-44CDFF0F5509->62d2617d-d759-46ce-9c32-c3f7d08f54db: nextIndex: updateUnconditionally 28 -> 27
2019-09-18 17:11:08,526 [grpc-default-executor-2] WARN  server.GrpcLogAppender (LogUtils.java:warn(134)) - 78cf3f4b-2ba3-4c47-8363-becf5fcab44c@group-44CDFF0F5509->77addda6-fc28-4fe0-a9c9-ddb04539ca78-AppendLogResponseHandler: Failed appendEntries: org.apache.ratis.thirdparty.io.grpc.StatusRuntimeException: UNAVAILABLE: io exception
2019-09-18 17:11:08,526 [grpc-default-executor-2] INFO  impl.FollowerInfo (FollowerInfo.java:lambda$new$0(51)) - 78cf3f4b-2ba3-4c47-8363-becf5fcab44c@group-44CDFF0F5509->77addda6-fc28-4fe0-a9c9-ddb04539ca78: nextIndex: updateUnconditionally 18 -> 17
2019-09-18 17:11:09,025 [grpc-default-executor-2] WARN  server.GrpcLogAppender (LogUtils.java:warn(134)) - 78cf3f4b-2ba3-4c47-8363-becf5fcab44c@group-44CDFF0F5509->62d2617d-d759-46ce-9c32-c3f7d08f54db-AppendLogResponseHandler: Failed appendEntries: org.apache.ratis.thirdparty.io.grpc.StatusRuntimeException: UNAVAILABLE: io exception
2019-09-18 17:11:09,025 [grpc-default-executor-2] INFO  impl.FollowerInfo (FollowerInfo.java:lambda$new$0(51)) - 78cf3f4b-2ba3-4c47-8363-becf5fcab44c@group-44CDFF0F5509->62d2617d-d759-46ce-9c32-c3f7d08f54db: nextIndex: updateUnconditionally 27 -> 26
2019-09-18 17:11:09,026 [grpc-default-executor-5] WARN  server.GrpcLogAppender (LogUtils.java:warn(134)) - 78cf3f4b-2ba3-4c47-8363-becf5fcab44c@group-44CDFF0F5509->77addda6-fc28-4fe0-a9c9-ddb04539ca78-AppendLogResponseHandler: Failed appendEntries: org.apache.ratis.thirdparty.io.grpc.StatusRuntimeException: UNAVAILABLE: io exception
2019-09-18 17:11:09,027 [grpc-default-executor-5] INFO  impl.FollowerInfo (FollowerInfo.java:lambda$new$0(51)) - 78cf3f4b-2ba3-4c47-8363-becf5fcab44c@group-44CDFF0F5509->77addda6-fc28-4fe0-a9c9-ddb04539ca78: nextIndex: updateUnconditionally 17 -> 16
2019-09-18 17:11:09,526 [grpc-default-executor-5] WARN  server.GrpcLogAppender (LogUtils.java:warn(134)) - 78cf3f4b-2ba3-4c47-8363-becf5fcab44c@group-44CDFF0F5509->62d2617d-d759-46ce-9c32-c3f7d08f54db-AppendLogResponseHandler: Failed appendEntries: org.apache.ratis.thirdparty.io.grpc.StatusRuntimeException: UNAVAILABLE: io exception
2019-09-18 17:11:09,526 [grpc-default-executor-5] INFO  impl.FollowerInfo (FollowerInfo.java:lambda$new$0(51)) - 78cf3f4b-2ba3-4c47-8363-becf5fcab44c@group-44CDFF0F5509->62d2617d-d759-46ce-9c32-c3f7d08f54db: nextIndex: updateUnconditionally 26 -> 25
2019-09-18 17:11:09,527 [grpc-default-executor-0] WARN  server.GrpcLogAppender (LogUtils.java:warn(134)) - 78cf3f4b-2ba3-4c47-8363-becf5fcab44c@group-44CDFF0F5509->77addda6-fc28-4fe0-a9c9-ddb04539ca78-AppendLogResponseHandler: Failed appendEntries: org.apache.ratis.thirdparty.io.grpc.StatusRuntimeException: UNAVAILABLE: io exception
2019-09-18 17:11:09,528 [grpc-default-executor-0] INFO  impl.FollowerInfo (FollowerInfo.java:lambda$new$0(51)) - 78cf3f4b-2ba3-4c47-8363-becf5fcab44c@group-44CDFF0F5509->77addda6-fc28-4fe0-a9c9-ddb04539ca78: nextIndex: updateUnconditionally 16 -> 15
2019-09-18 17:11:10,029 [grpc-default-executor-7] WARN  server.GrpcLogAppender (LogUtils.java:warn(134)) - 78cf3f4b-2ba3-4c47-8363-becf5fcab44c@group-44CDFF0F5509->62d2617d-d759-46ce-9c32-c3f7d08f54db-AppendLogResponseHandler: Failed appendEntries: org.apache.ratis.thirdparty.io.grpc.StatusRuntimeException: UNAVAILABLE: io exception
2019-09-18 17:11:10,029 [grpc-default-executor-6] WARN  server.GrpcLogAppender (LogUtils.java:warn(134)) - 78cf3f4b-2ba3-4c47-8363-becf5fcab44c@group-44CDFF0F5509->77addda6-fc28-4fe0-a9c9-ddb04539ca78-AppendLogResponseHandler: Failed appendEntries: org.apache.ratis.thirdparty.io.grpc.StatusRuntimeException: UNAVAILABLE: io exception
2019-09-18 17:11:10,029 [grpc-default-executor-7] INFO  impl.FollowerInfo (FollowerInfo.java:lambda$new$0(51)) - 78cf3f4b-2ba3-4c47-8363-becf5fcab44c@group-44CDFF0F5509->62d2617d-d759-46ce-9c32-c3f7d08f54db: nextIndex: updateUnconditionally 25 -> 24
2019-09-18 17:11:10,030 [grpc-default-executor-6] INFO  impl.FollowerInfo (FollowerInfo.java:lambda$new$0(51)) - 78cf3f4b-2ba3-4c47-8363-becf5fcab44c@group-44CDFF0F5509->77addda6-fc28-4fe0-a9c9-ddb04539ca78: nextIndex: updateUnconditionally 15 -> 14
2019-09-18 17:11:10,464 [b4ae2fc6-33d9-4c1f-ba2b-766eed3c72c1@group-A40D0514C021-SegmentedRaftLogWorker] WARN  segmented.SegmentedRaftLogWorker (SegmentedRaftLogWorker.java:getFromFuture(90)) - Timeout 7/~
org.apache.ratis.protocol.TimeoutIOException: Timeout 10s: WriteLog:17: (t:2, i:17), STATEMACHINELOGENTRY, client-23B55BADBE70, cid=29-writeStateMachineData
	at org.apache.ratis.util.IOUtils.getFromFuture(IOUtils.java:87)
	at org.apache.ratis.server.raftlog.segmented.SegmentedRaftLogWorker$StateMachineDataPolicy.getFromFuture(SegmentedRaftLogWorker.java:87)
	at org.apache.ratis.server.raftlog.segmented.SegmentedRaftLogWorker$WriteLog.execute(SegmentedRaftLogWorker.java:477)
	at org.apache.ratis.server.raftlog.segmented.SegmentedRaftLogWorker.run(SegmentedRaftLogWorker.java:289)
	at java.lang.Thread.run(Thread.java:748)
Caused by: java.util.concurrent.TimeoutException
	at java.util.concurrent.CompletableFuture.timedGet(CompletableFuture.java:1771)
	at java.util.concurrent.CompletableFuture.get(CompletableFuture.java:1915)
	at org.apache.ratis.util.IOUtils.getFromFuture(IOUtils.java:79)
	... 4 more
2019-09-18 17:11:10,530 [grpc-default-executor-2] WARN  server.GrpcLogAppender (LogUtils.java:warn(134)) - 78cf3f4b-2ba3-4c47-8363-becf5fcab44c@group-44CDFF0F5509->77addda6-fc28-4fe0-a9c9-ddb04539ca78-AppendLogResponseHandler: Failed appendEntries: org.apache.ratis.thirdparty.io.grpc.StatusRuntimeException: UNAVAILABLE: io exception
2019-09-18 17:11:10,530 [grpc-default-executor-0] WARN  server.GrpcLogAppender (LogUtils.java:warn(134)) - 78cf3f4b-2ba3-4c47-8363-becf5fcab44c@group-44CDFF0F5509->62d2617d-d759-46ce-9c32-c3f7d08f54db-AppendLogResponseHandler: Failed appendEntries: org.apache.ratis.thirdparty.io.grpc.StatusRuntimeException: UNAVAILABLE: io exception
2019-09-18 17:11:10,531 [grpc-default-executor-2] INFO  impl.FollowerInfo (FollowerInfo.java:lambda$new$0(51)) - 78cf3f4b-2ba3-4c47-8363-becf5fcab44c@group-44CDFF0F5509->77addda6-fc28-4fe0-a9c9-ddb04539ca78: nextIndex: updateUnconditionally 14 -> 13
2019-09-18 17:11:10,531 [grpc-default-executor-0] INFO  impl.FollowerInfo (FollowerInfo.java:lambda$new$0(51)) - 78cf3f4b-2ba3-4c47-8363-becf5fcab44c@group-44CDFF0F5509->62d2617d-d759-46ce-9c32-c3f7d08f54db: nextIndex: updateUnconditionally 24 -> 23
2019-09-18 17:11:11,030 [grpc-default-executor-4] WARN  server.GrpcLogAppender (LogUtils.java:warn(134)) - 78cf3f4b-2ba3-4c47-8363-becf5fcab44c@group-44CDFF0F5509->62d2617d-d759-46ce-9c32-c3f7d08f54db-AppendLogResponseHandler: Failed appendEntries: org.apache.ratis.thirdparty.io.grpc.StatusRuntimeException: UNAVAILABLE: io exception
2019-09-18 17:11:11,030 [grpc-default-executor-0] WARN  server.GrpcLogAppender (LogUtils.java:warn(134)) - 78cf3f4b-2ba3-4c47-8363-becf5fcab44c@group-44CDFF0F5509->77addda6-fc28-4fe0-a9c9-ddb04539ca78-AppendLogResponseHandler: Failed appendEntries: org.apache.ratis.thirdparty.io.grpc.StatusRuntimeException: UNAVAILABLE: io exception
2019-09-18 17:11:11,030 [grpc-default-executor-4] INFO  impl.FollowerInfo (FollowerInfo.java:lambda$new$0(51)) - 78cf3f4b-2ba3-4c47-8363-becf5fcab44c@group-44CDFF0F5509->62d2617d-d759-46ce-9c32-c3f7d08f54db: nextIndex: updateUnconditionally 23 -> 22
2019-09-18 17:11:11,031 [grpc-default-executor-0] INFO  impl.FollowerInfo (FollowerInfo.java:lambda$new$0(51)) - 78cf3f4b-2ba3-4c47-8363-becf5fcab44c@group-44CDFF0F5509->77addda6-fc28-4fe0-a9c9-ddb04539ca78: nextIndex: updateUnconditionally 13 -> 12
2019-09-18 17:11:11,533 [grpc-default-executor-0] WARN  server.GrpcLogAppender (LogUtils.java:warn(134)) - 78cf3f4b-2ba3-4c47-8363-becf5fcab44c@group-44CDFF0F5509->62d2617d-d759-46ce-9c32-c3f7d08f54db-AppendLogResponseHandler: Failed appendEntries: org.apache.ratis.thirdparty.io.grpc.StatusRuntimeException: UNAVAILABLE: io exception
2019-09-18 17:11:11,533 [grpc-default-executor-7] WARN  server.GrpcLogAppender (LogUtils.java:warn(134)) - 78cf3f4b-2ba3-4c47-8363-becf5fcab44c@group-44CDFF0F5509->77addda6-fc28-4fe0-a9c9-ddb04539ca78-AppendLogResponseHandler: Failed appendEntries: org.apache.ratis.thirdparty.io.grpc.StatusRuntimeException: UNAVAILABLE: io exception
2019-09-18 17:11:11,534 [grpc-default-executor-0] INFO  impl.FollowerInfo (FollowerInfo.java:lambda$new$0(51)) - 78cf3f4b-2ba3-4c47-8363-becf5fcab44c@group-44CDFF0F5509->62d2617d-d759-46ce-9c32-c3f7d08f54db: nextIndex: updateUnconditionally 22 -> 21
2019-09-18 17:11:11,534 [grpc-default-executor-7] INFO  impl.FollowerInfo (FollowerInfo.java:lambda$new$0(51)) - 78cf3f4b-2ba3-4c47-8363-becf5fcab44c@group-44CDFF0F5509->77addda6-fc28-4fe0-a9c9-ddb04539ca78: nextIndex: updateUnconditionally 12 -> 11
2019-09-18 17:11:12,014 [main] INFO  ozoneimpl.OzoneContainer (OzoneContainer.java:stop(231)) - Attempting to stop container services.
2019-09-18 17:11:12,016 [main] INFO  impl.RaftServerProxy (RaftServerProxy.java:lambda$close$4(314)) - b4ae2fc6-33d9-4c1f-ba2b-766eed3c72c1: close
2019-09-18 17:11:12,017 [ForkJoinPool.commonPool-worker-1] INFO  ozoneimpl.OzoneContainer (OzoneContainer.java:stop(231)) - Attempting to stop container services.
2019-09-18 17:11:12,017 [main] INFO  impl.RaftServerImpl (RaftServerImpl.java:lambda$shutdown$3(251)) - b4ae2fc6-33d9-4c1f-ba2b-766eed3c72c1@group-57D1ABA3967B: shutdown
2019-09-18 17:11:12,017 [ForkJoinPool.commonPool-worker-1] INFO  impl.RaftServerProxy (RaftServerProxy.java:lambda$close$4(314)) - 78cf3f4b-2ba3-4c47-8363-becf5fcab44c: close
2019-09-18 17:11:12,017 [main] INFO  util.JmxRegister (JmxRegister.java:unregister(73)) - Successfully un-registered JMX Bean with object name Ratis:service=RaftServer,group=group-57D1ABA3967B,id=b4ae2fc6-33d9-4c1f-ba2b-766eed3c72c1
2019-09-18 17:11:12,018 [ForkJoinPool.commonPool-worker-1] INFO  impl.RaftServerImpl (RaftServerImpl.java:lambda$shutdown$3(251)) - 78cf3f4b-2ba3-4c47-8363-becf5fcab44c@group-33FFF70EC92C: shutdown
2019-09-18 17:11:12,018 [main] INFO  impl.RoleInfo (RoleInfo.java:shutdownLeaderState(104)) - b4ae2fc6-33d9-4c1f-ba2b-766eed3c72c1: shutdown LeaderState
2019-09-18 17:11:12,019 [main] INFO  impl.PendingRequests (PendingRequests.java:sendNotLeaderResponses(202)) - b4ae2fc6-33d9-4c1f-ba2b-766eed3c72c1-PendingRequests: sendNotLeaderResponses
2019-09-18 17:11:12,018 [ForkJoinPool.commonPool-worker-1] INFO  util.JmxRegister (JmxRegister.java:unregister(73)) - Successfully un-registered JMX Bean with object name Ratis:service=RaftServer,group=group-33FFF70EC92C,id=78cf3f4b-2ba3-4c47-8363-becf5fcab44c
2019-09-18 17:11:12,020 [ForkJoinPool.commonPool-worker-1] INFO  impl.RoleInfo (RoleInfo.java:shutdownLeaderState(104)) - 78cf3f4b-2ba3-4c47-8363-becf5fcab44c: shutdown LeaderState
2019-09-18 17:11:12,020 [main] INFO  impl.StateMachineUpdater (StateMachineUpdater.java:stopAndJoin(125)) - b4ae2fc6-33d9-4c1f-ba2b-766eed3c72c1@group-57D1ABA3967B-StateMachineUpdater: set stopIndex = 0
2019-09-18 17:11:12,020 [ForkJoinPool.commonPool-worker-1] INFO  impl.PendingRequests (PendingRequests.java:sendNotLeaderResponses(202)) - 78cf3f4b-2ba3-4c47-8363-becf5fcab44c-PendingRequests: sendNotLeaderResponses
2019-09-18 17:11:12,020 [main] INFO  impl.RaftServerImpl (ServerState.java:close(385)) - b4ae2fc6-33d9-4c1f-ba2b-766eed3c72c1@group-57D1ABA3967B: closes. applyIndex: 0
2019-09-18 17:11:12,021 [ForkJoinPool.commonPool-worker-1] INFO  impl.StateMachineUpdater (StateMachineUpdater.java:stopAndJoin(125)) - 78cf3f4b-2ba3-4c47-8363-becf5fcab44c@group-33FFF70EC92C-StateMachineUpdater: set stopIndex = 0
2019-09-18 17:11:12,022 [ForkJoinPool.commonPool-worker-1] INFO  impl.RaftServerImpl (ServerState.java:close(385)) - 78cf3f4b-2ba3-4c47-8363-becf5fcab44c@group-33FFF70EC92C: closes. applyIndex: 0
2019-09-18 17:11:12,022 [b4ae2fc6-33d9-4c1f-ba2b-766eed3c72c1@group-57D1ABA3967B-SegmentedRaftLogWorker] INFO  segmented.SegmentedRaftLogWorker (SegmentedRaftLogWorker.java:run(313)) - b4ae2fc6-33d9-4c1f-ba2b-766eed3c72c1@group-57D1ABA3967B-SegmentedRaftLogWorker was interrupted, exiting. There are 0 tasks remaining in the queue.
2019-09-18 17:11:12,022 [78cf3f4b-2ba3-4c47-8363-becf5fcab44c@group-33FFF70EC92C-SegmentedRaftLogWorker] INFO  segmented.SegmentedRaftLogWorker (SegmentedRaftLogWorker.java:run(313)) - 78cf3f4b-2ba3-4c47-8363-becf5fcab44c@group-33FFF70EC92C-SegmentedRaftLogWorker was interrupted, exiting. There are 0 tasks remaining in the queue.
2019-09-18 17:11:12,032 [grpc-default-executor-6] WARN  server.GrpcLogAppender (LogUtils.java:warn(134)) - 78cf3f4b-2ba3-4c47-8363-becf5fcab44c@group-44CDFF0F5509->62d2617d-d759-46ce-9c32-c3f7d08f54db-AppendLogResponseHandler: Failed appendEntries: org.apache.ratis.thirdparty.io.grpc.StatusRuntimeException: UNAVAILABLE: io exception
2019-09-18 17:11:12,032 [grpc-default-executor-7] WARN  server.GrpcLogAppender (LogUtils.java:warn(134)) - 78cf3f4b-2ba3-4c47-8363-becf5fcab44c@group-44CDFF0F5509->77addda6-fc28-4fe0-a9c9-ddb04539ca78-AppendLogResponseHandler: Failed appendEntries: org.apache.ratis.thirdparty.io.grpc.StatusRuntimeException: UNAVAILABLE: io exception
2019-09-18 17:11:12,033 [grpc-default-executor-6] INFO  impl.FollowerInfo (FollowerInfo.java:lambda$new$0(51)) - 78cf3f4b-2ba3-4c47-8363-becf5fcab44c@group-44CDFF0F5509->62d2617d-d759-46ce-9c32-c3f7d08f54db: nextIndex: updateUnconditionally 21 -> 20
2019-09-18 17:11:12,033 [grpc-default-executor-7] INFO  impl.FollowerInfo (FollowerInfo.java:lambda$new$0(51)) - 78cf3f4b-2ba3-4c47-8363-becf5fcab44c@group-44CDFF0F5509->77addda6-fc28-4fe0-a9c9-ddb04539ca78: nextIndex: updateUnconditionally 11 -> 10
2019-09-18 17:11:12,034 [ForkJoinPool.commonPool-worker-1] INFO  segmented.SegmentedRaftLogWorker (SegmentedRaftLogWorker.java:close(228)) - 78cf3f4b-2ba3-4c47-8363-becf5fcab44c@group-33FFF70EC92C-SegmentedRaftLogWorker close()
2019-09-18 17:11:12,034 [main] INFO  segmented.SegmentedRaftLogWorker (SegmentedRaftLogWorker.java:close(228)) - b4ae2fc6-33d9-4c1f-ba2b-766eed3c72c1@group-57D1ABA3967B-SegmentedRaftLogWorker close()
2019-09-18 17:11:12,036 [ForkJoinPool.commonPool-worker-1] INFO  impl.RaftServerImpl (RaftServerImpl.java:lambda$shutdown$3(251)) - 78cf3f4b-2ba3-4c47-8363-becf5fcab44c@group-44CDFF0F5509: shutdown
2019-09-18 17:11:12,038 [main] INFO  impl.RaftServerImpl (RaftServerImpl.java:lambda$shutdown$3(251)) - b4ae2fc6-33d9-4c1f-ba2b-766eed3c72c1@group-A40D0514C021: shutdown
2019-09-18 17:11:12,038 [ForkJoinPool.commonPool-worker-1] INFO  util.JmxRegister (JmxRegister.java:unregister(73)) - Successfully un-registered JMX Bean with object name Ratis:service=RaftServer,group=group-44CDFF0F5509,id=78cf3f4b-2ba3-4c47-8363-becf5fcab44c
2019-09-18 17:11:12,039 [main] INFO  util.JmxRegister (JmxRegister.java:unregister(73)) - Successfully un-registered JMX Bean with object name Ratis:service=RaftServer,group=group-A40D0514C021,id=b4ae2fc6-33d9-4c1f-ba2b-766eed3c72c1
2019-09-18 17:11:12,039 [ForkJoinPool.commonPool-worker-1] INFO  impl.RoleInfo (RoleInfo.java:shutdownLeaderState(104)) - 78cf3f4b-2ba3-4c47-8363-becf5fcab44c: shutdown LeaderState
2019-09-18 17:11:12,039 [main] INFO  impl.RoleInfo (RoleInfo.java:shutdownFollowerState(121)) - b4ae2fc6-33d9-4c1f-ba2b-766eed3c72c1: shutdown FollowerState
2019-09-18 17:11:12,043 [org.apache.ratis.server.impl.LogAppender$AppenderDaemon$$Lambda$428/778963491@27a0b917] WARN  server.GrpcLogAppender (GrpcLogAppender.java:mayWait(143)) - 78cf3f4b-2ba3-4c47-8363-becf5fcab44c@group-44CDFF0F5509->77addda6-fc28-4fe0-a9c9-ddb04539ca78-GrpcLogAppender: Wait interrupted by java.lang.InterruptedException
2019-09-18 17:11:12,042 [org.apache.ratis.server.impl.LogAppender$AppenderDaemon$$Lambda$428/778963491@57ea989d] WARN  server.GrpcLogAppender (GrpcLogAppender.java:mayWait(143)) - 78cf3f4b-2ba3-4c47-8363-becf5fcab44c@group-44CDFF0F5509->62d2617d-d759-46ce-9c32-c3f7d08f54db-GrpcLogAppender: Wait interrupted by java.lang.InterruptedException
2019-09-18 17:11:12,042 [ForkJoinPool.commonPool-worker-1] INFO  impl.PendingRequests (PendingRequests.java:sendNotLeaderResponses(202)) - 78cf3f4b-2ba3-4c47-8363-becf5fcab44c-PendingRequests: sendNotLeaderResponses
2019-09-18 17:11:12,043 [b4ae2fc6-33d9-4c1f-ba2b-766eed3c72c1@group-A40D0514C021-StateMachineUpdater] INFO  ratis.ContainerStateMachine (ContainerStateMachine.java:takeSnapshot(289)) - group-A40D0514C021: Taking a snapshot at:(t:2, i:12) file /workdir/hadoop-ozone/integration-test/target/test-dir/MiniOzoneClusterImpl-a0535264-3a9d-47dc-a6b5-6352fdff8bcc/datanode-8/data/ratis/083b1187-6039-494e-a78c-a40d0514c021/sm/snapshot.2_12
2019-09-18 17:11:12,043 [Thread-414] INFO  impl.FollowerState (FollowerState.java:run(115)) - b4ae2fc6-33d9-4c1f-ba2b-766eed3c72c1: FollowerState was interrupted: java.lang.InterruptedException: sleep interrupted
2019-09-18 17:11:12,043 [main] INFO  impl.StateMachineUpdater (StateMachineUpdater.java:stopAndJoin(125)) - b4ae2fc6-33d9-4c1f-ba2b-766eed3c72c1@group-A40D0514C021-StateMachineUpdater: set stopIndex = 16
2019-09-18 17:11:12,049 [ForkJoinPool.commonPool-worker-1] INFO  impl.StateMachineUpdater (StateMachineUpdater.java:stopAndJoin(125)) - 78cf3f4b-2ba3-4c47-8363-becf5fcab44c@group-44CDFF0F5509-StateMachineUpdater: set stopIndex = 30
2019-09-18 17:11:12,049 [78cf3f4b-2ba3-4c47-8363-becf5fcab44c@group-44CDFF0F5509-StateMachineUpdater] INFO  ratis.ContainerStateMachine (ContainerStateMachine.java:takeSnapshot(289)) - group-44CDFF0F5509: Taking a snapshot at:(t:1, i:28) file /workdir/hadoop-ozone/integration-test/target/test-dir/MiniOzoneClusterImpl-a0535264-3a9d-47dc-a6b5-6352fdff8bcc/datanode-1/data/ratis/56775dd8-28a6-4e8e-8e6c-44cdff0f5509/sm/snapshot.1_28
2019-09-18 17:11:12,063 [78cf3f4b-2ba3-4c47-8363-becf5fcab44c@group-44CDFF0F5509-StateMachineUpdater] INFO  ratis.ContainerStateMachine (ContainerStateMachine.java:takeSnapshot(300)) - group-44CDFF0F5509: Finished taking a snapshot at:(t:1, i:28) file:/workdir/hadoop-ozone/integration-test/target/test-dir/MiniOzoneClusterImpl-a0535264-3a9d-47dc-a6b5-6352fdff8bcc/datanode-1/data/ratis/56775dd8-28a6-4e8e-8e6c-44cdff0f5509/sm/snapshot.1_28 time:14
2019-09-18 17:11:12,063 [b4ae2fc6-33d9-4c1f-ba2b-766eed3c72c1@group-A40D0514C021-StateMachineUpdater] INFO  ratis.ContainerStateMachine (ContainerStateMachine.java:takeSnapshot(300)) - group-A40D0514C021: Finished taking a snapshot at:(t:2, i:12) file:/workdir/hadoop-ozone/integration-test/target/test-dir/MiniOzoneClusterImpl-a0535264-3a9d-47dc-a6b5-6352fdff8bcc/datanode-8/data/ratis/083b1187-6039-494e-a78c-a40d0514c021/sm/snapshot.2_12 time:20
2019-09-18 17:11:12,063 [78cf3f4b-2ba3-4c47-8363-becf5fcab44c@group-44CDFF0F5509-StateMachineUpdater] INFO  impl.StateMachineUpdater (StateMachineUpdater.java:takeSnapshot(258)) - 78cf3f4b-2ba3-4c47-8363-becf5fcab44c@group-44CDFF0F5509-StateMachineUpdater: Took a snapshot at index 28
2019-09-18 17:11:12,063 [b4ae2fc6-33d9-4c1f-ba2b-766eed3c72c1@group-A40D0514C021-StateMachineUpdater] INFO  impl.StateMachineUpdater (StateMachineUpdater.java:takeSnapshot(258)) - b4ae2fc6-33d9-4c1f-ba2b-766eed3c72c1@group-A40D0514C021-StateMachineUpdater: Took a snapshot at index 12
2019-09-18 17:11:12,063 [78cf3f4b-2ba3-4c47-8363-becf5fcab44c@group-44CDFF0F5509-StateMachineUpdater] INFO  impl.StateMachineUpdater (StateMachineUpdater.java:lambda$new$0(83)) - 78cf3f4b-2ba3-4c47-8363-becf5fcab44c@group-44CDFF0F5509-StateMachineUpdater: snapshotIndex: updateIncreasingly -1 -> 28
2019-09-18 17:11:12,063 [b4ae2fc6-33d9-4c1f-ba2b-766eed3c72c1@group-A40D0514C021-StateMachineUpdater] INFO  impl.StateMachineUpdater (StateMachineUpdater.java:lambda$new$0(83)) - b4ae2fc6-33d9-4c1f-ba2b-766eed3c72c1@group-A40D0514C021-StateMachineUpdater: snapshotIndex: updateIncreasingly -1 -> 12
2019-09-18 17:11:12,063 [78cf3f4b-2ba3-4c47-8363-becf5fcab44c@group-44CDFF0F5509-StateMachineUpdater] INFO  ratis.ContainerStateMachine (ContainerStateMachine.java:takeSnapshot(289)) - group-44CDFF0F5509: Taking a snapshot at:(t:1, i:28) file /workdir/hadoop-ozone/integration-test/target/test-dir/MiniOzoneClusterImpl-a0535264-3a9d-47dc-a6b5-6352fdff8bcc/datanode-1/data/ratis/56775dd8-28a6-4e8e-8e6c-44cdff0f5509/sm/snapshot.1_28
2019-09-18 17:11:12,064 [b4ae2fc6-33d9-4c1f-ba2b-766eed3c72c1@group-A40D0514C021-StateMachineUpdater] INFO  ratis.ContainerStateMachine (ContainerStateMachine.java:takeSnapshot(289)) - group-A40D0514C021: Taking a snapshot at:(t:2, i:12) file /workdir/hadoop-ozone/integration-test/target/test-dir/MiniOzoneClusterImpl-a0535264-3a9d-47dc-a6b5-6352fdff8bcc/datanode-8/data/ratis/083b1187-6039-494e-a78c-a40d0514c021/sm/snapshot.2_12
2019-09-18 17:11:12,076 [78cf3f4b-2ba3-4c47-8363-becf5fcab44c@group-44CDFF0F5509-StateMachineUpdater] INFO  ratis.ContainerStateMachine (ContainerStateMachine.java:takeSnapshot(300)) - group-44CDFF0F5509: Finished taking a snapshot at:(t:1, i:28) file:/workdir/hadoop-ozone/integration-test/target/test-dir/MiniOzoneClusterImpl-a0535264-3a9d-47dc-a6b5-6352fdff8bcc/datanode-1/data/ratis/56775dd8-28a6-4e8e-8e6c-44cdff0f5509/sm/snapshot.1_28 time:13
2019-09-18 17:11:12,076 [b4ae2fc6-33d9-4c1f-ba2b-766eed3c72c1@group-A40D0514C021-StateMachineUpdater] INFO  ratis.ContainerStateMachine (ContainerStateMachine.java:takeSnapshot(300)) - group-A40D0514C021: Finished taking a snapshot at:(t:2, i:12) file:/workdir/hadoop-ozone/integration-test/target/test-dir/MiniOzoneClusterImpl-a0535264-3a9d-47dc-a6b5-6352fdff8bcc/datanode-8/data/ratis/083b1187-6039-494e-a78c-a40d0514c021/sm/snapshot.2_12 time:13
2019-09-18 17:11:12,076 [78cf3f4b-2ba3-4c47-8363-becf5fcab44c@group-44CDFF0F5509-StateMachineUpdater] INFO  impl.StateMachineUpdater (StateMachineUpdater.java:takeSnapshot(258)) - 78cf3f4b-2ba3-4c47-8363-becf5fcab44c@group-44CDFF0F5509-StateMachineUpdater: Took a snapshot at index 28
2019-09-18 17:11:12,077 [78cf3f4b-2ba3-4c47-8363-becf5fcab44c@group-44CDFF0F5509-StateMachineUpdater] INFO  impl.StateMachineUpdater (StateMachineUpdater.java:lambda$new$0(83)) - 78cf3f4b-2ba3-4c47-8363-becf5fcab44c@group-44CDFF0F5509-StateMachineUpdater: snapshotIndex: updateIncreasingly 28 -> 28
2019-09-18 17:11:12,077 [b4ae2fc6-33d9-4c1f-ba2b-766eed3c72c1@group-A40D0514C021-StateMachineUpdater] INFO  impl.StateMachineUpdater (StateMachineUpdater.java:takeSnapshot(258)) - b4ae2fc6-33d9-4c1f-ba2b-766eed3c72c1@group-A40D0514C021-StateMachineUpdater: Took a snapshot at index 12
2019-09-18 17:11:12,077 [b4ae2fc6-33d9-4c1f-ba2b-766eed3c72c1@group-A40D0514C021-StateMachineUpdater] INFO  impl.StateMachineUpdater (StateMachineUpdater.java:lambda$new$0(83)) - b4ae2fc6-33d9-4c1f-ba2b-766eed3c72c1@group-A40D0514C021-StateMachineUpdater: snapshotIndex: updateIncreasingly 12 -> 12
2019-09-18 17:11:12,077 [ForkJoinPool.commonPool-worker-1] INFO  impl.RaftServerImpl (ServerState.java:close(385)) - 78cf3f4b-2ba3-4c47-8363-becf5fcab44c@group-44CDFF0F5509: closes. applyIndex: 30
2019-09-18 17:11:12,077 [main] INFO  impl.RaftServerImpl (ServerState.java:close(385)) - b4ae2fc6-33d9-4c1f-ba2b-766eed3c72c1@group-A40D0514C021: closes. applyIndex: 16
2019-09-18 17:11:12,080 [b4ae2fc6-33d9-4c1f-ba2b-766eed3c72c1@group-A40D0514C021-SegmentedRaftLogWorker] ERROR ratis.XceiverServerRatis (XceiverServerRatis.java:triggerPipelineClose(575)) - pipeline Action CLOSE  on pipeline PipelineID=083b1187-6039-494e-a78c-a40d0514c021.Reason : WriteLog:17: (t:2, i:17), STATEMACHINELOGENTRY, client-23B55BADBE70, cid=29-writeStateMachineData interrupted.
2019-09-18 17:11:12,080 [78cf3f4b-2ba3-4c47-8363-becf5fcab44c@group-44CDFF0F5509-SegmentedRaftLogWorker] ERROR ratis.XceiverServerRatis (XceiverServerRatis.java:triggerPipelineClose(575)) - pipeline Action CLOSE  on pipeline PipelineID=56775dd8-28a6-4e8e-8e6c-44cdff0f5509.Reason : WriteLog:31: (t:1, i:31), STATEMACHINELOGENTRY, client-F299FC84871C, cid=65-writeStateMachineData interrupted.
2019-09-18 17:11:12,081 [ForkJoinPool.commonPool-worker-1] INFO  segmented.SegmentedRaftLogWorker (SegmentedRaftLogWorker.java:close(228)) - 78cf3f4b-2ba3-4c47-8363-becf5fcab44c@group-44CDFF0F5509-SegmentedRaftLogWorker close()
2019-09-18 17:11:12,081 [main] INFO  segmented.SegmentedRaftLogWorker (SegmentedRaftLogWorker.java:close(228)) - b4ae2fc6-33d9-4c1f-ba2b-766eed3c72c1@group-A40D0514C021-SegmentedRaftLogWorker close()
2019-09-18 17:11:12,082 [ForkJoinPool.commonPool-worker-1] INFO  server.GrpcService (GrpcService.java:closeImpl(164)) - 78cf3f4b-2ba3-4c47-8363-becf5fcab44c: shutdown server with port 41660 now
2019-09-18 17:11:12,084 [main] INFO  server.GrpcService (GrpcService.java:closeImpl(164)) - b4ae2fc6-33d9-4c1f-ba2b-766eed3c72c1: shutdown server with port 37678 now
2019-09-18 17:11:12,084 [main] INFO  server.GrpcService (GrpcService.java:closeImpl(172)) - b4ae2fc6-33d9-4c1f-ba2b-766eed3c72c1: shutdown server with port 37678 successfully
2019-09-18 17:11:12,084 [ForkJoinPool.commonPool-worker-1] INFO  server.GrpcService (GrpcService.java:closeImpl(172)) - 78cf3f4b-2ba3-4c47-8363-becf5fcab44c: shutdown server with port 41660 successfully
2019-09-18 17:11:12,087 [refreshUsed-/workdir/hadoop-ozone/integration-test/target/test-dir/MiniOzoneClusterImpl-a0535264-3a9d-47dc-a6b5-6352fdff8bcc/datanode-8/data/containers] WARN  fs.CachingGetSpaceUsed (CachingGetSpaceUsed.java:run(183)) - Thread Interrupted waiting to refresh disk information: sleep interrupted
2019-09-18 17:11:12,087 [refreshUsed-/workdir/hadoop-ozone/integration-test/target/test-dir/MiniOzoneClusterImpl-a0535264-3a9d-47dc-a6b5-6352fdff8bcc/datanode-1/data/containers] WARN  fs.CachingGetSpaceUsed (CachingGetSpaceUsed.java:run(183)) - Thread Interrupted waiting to refresh disk information: sleep interrupted
2019-09-18 17:11:12,114 [main] INFO  utils.BackgroundService (BackgroundService.java:shutdown(148)) - Shutting down service BlockDeletingService
2019-09-18 17:11:12,118 [main] INFO  statemachine.DatanodeStateMachine (DatanodeStateMachine.java:stopDaemon(395)) - Ozone container server stopped.
2019-09-18 17:11:12,119 [main] INFO  handler.ContextHandler (ContextHandler.java:doStop(910)) - Stopped o.e.j.w.WebAppContext@512575e9{/,null,UNAVAILABLE}{/hddsDatanode}
2019-09-18 17:11:12,120 [ForkJoinPool.commonPool-worker-1] INFO  utils.BackgroundService (BackgroundService.java:shutdown(148)) - Shutting down service BlockDeletingService
2019-09-18 17:11:12,120 [main] INFO  server.AbstractConnector (AbstractConnector.java:doStop(318)) - Stopped ServerConnector@6f1a16fe{HTTP/1.1,[http/1.1]}{0.0.0.0:0}
2019-09-18 17:11:12,122 [main] INFO  handler.ContextHandler (ContextHandler.java:doStop(910)) - Stopped o.e.j.s.ServletContextHandler@6d11ceef{/static,jar:file:/home/user/.m2/repository/org/apache/hadoop/hadoop-hdds-container-service/0.5.0-SNAPSHOT/hadoop-hdds-container-service-0.5.0-SNAPSHOT.jar!/webapps/static,UNAVAILABLE}
2019-09-18 17:11:12,123 [ForkJoinPool.commonPool-worker-1] INFO  statemachine.DatanodeStateMachine (DatanodeStateMachine.java:stopDaemon(395)) - Ozone container server stopped.
2019-09-18 17:11:12,124 [main] INFO  handler.ContextHandler (ContextHandler.java:doStop(910)) - Stopped o.e.j.s.ServletContextHandler@4b74b35{/logs,file:///workdir/hadoop-ozone/integration-test/target/log,UNAVAILABLE}
2019-09-18 17:11:12,127 [ForkJoinPool.commonPool-worker-1] INFO  handler.ContextHandler (ContextHandler.java:doStop(910)) - Stopped o.e.j.w.WebAppContext@59072e9d{/,null,UNAVAILABLE}{/hddsDatanode}
2019-09-18 17:11:12,127 [ForkJoinPool.commonPool-worker-1] INFO  server.AbstractConnector (AbstractConnector.java:doStop(318)) - Stopped ServerConnector@58472096{HTTP/1.1,[http/1.1]}{0.0.0.0:0}
2019-09-18 17:11:12,128 [ForkJoinPool.commonPool-worker-1] INFO  handler.ContextHandler (ContextHandler.java:doStop(910)) - Stopped o.e.j.s.ServletContextHandler@2f1d0bbc{/static,jar:file:/home/user/.m2/repository/org/apache/hadoop/hadoop-hdds-container-service/0.5.0-SNAPSHOT/hadoop-hdds-container-service-0.5.0-SNAPSHOT.jar!/webapps/static,UNAVAILABLE}
2019-09-18 17:11:12,129 [ForkJoinPool.commonPool-worker-1] INFO  handler.ContextHandler (ContextHandler.java:doStop(910)) - Stopped o.e.j.s.ServletContextHandler@6cd64ee8{/logs,file:///workdir/hadoop-ozone/integration-test/target/log,UNAVAILABLE}
2019-09-18 17:11:12,753 [Datanode State Machine Thread - 0] INFO  statemachine.DatanodeStateMachine (DatanodeStateMachine.java:lambda$startDaemon$0(350)) - Ozone container server started.
2019-09-18 17:11:12,759 [Datanode State Machine Thread - 0] INFO  statemachine.DatanodeStateMachine (DatanodeStateMachine.java:lambda$startDaemon$0(350)) - Ozone container server started.
2019-09-18 17:11:14,630 [9060795c-f318-48a7-8c5f-b9c772b9291e@group-16324F4B6BD7-SegmentedRaftLogWorker] WARN  segmented.SegmentedRaftLogWorker (SegmentedRaftLogWorker.java:getFromFuture(90)) - Timeout 5/~
org.apache.ratis.protocol.TimeoutIOException: Timeout 10s: WriteLog:17: (t:2, i:17), STATEMACHINELOGENTRY, client-A93D41F52A29, cid=52-writeStateMachineData
	at org.apache.ratis.util.IOUtils.getFromFuture(IOUtils.java:87)
	at org.apache.ratis.server.raftlog.segmented.SegmentedRaftLogWorker$StateMachineDataPolicy.getFromFuture(SegmentedRaftLogWorker.java:87)
	at org.apache.ratis.server.raftlog.segmented.SegmentedRaftLogWorker$WriteLog.execute(SegmentedRaftLogWorker.java:477)
	at org.apache.ratis.server.raftlog.segmented.SegmentedRaftLogWorker.run(SegmentedRaftLogWorker.java:289)
	at java.lang.Thread.run(Thread.java:748)
Caused by: java.util.concurrent.TimeoutException
	at java.util.concurrent.CompletableFuture.timedGet(CompletableFuture.java:1771)
	at java.util.concurrent.CompletableFuture.get(CompletableFuture.java:1915)
	at org.apache.ratis.util.IOUtils.getFromFuture(IOUtils.java:79)
	... 4 more
2019-09-18 17:11:14,769 [c79c5a76-aee4-4242-a106-dd0d04c341ff@group-16324F4B6BD7-SegmentedRaftLogWorker] WARN  segmented.SegmentedRaftLogWorker (SegmentedRaftLogWorker.java:getFromFuture(90)) - Timeout 5/~
org.apache.ratis.protocol.TimeoutIOException: Timeout 10s: WriteLog:19: (t:2, i:19), STATEMACHINELOGENTRY, client-A93D41F52A29, cid=54-writeStateMachineData
	at org.apache.ratis.util.IOUtils.getFromFuture(IOUtils.java:87)
	at org.apache.ratis.server.raftlog.segmented.SegmentedRaftLogWorker$StateMachineDataPolicy.getFromFuture(SegmentedRaftLogWorker.java:87)
	at org.apache.ratis.server.raftlog.segmented.SegmentedRaftLogWorker$WriteLog.execute(SegmentedRaftLogWorker.java:477)
	at org.apache.ratis.server.raftlog.segmented.SegmentedRaftLogWorker.run(SegmentedRaftLogWorker.java:289)
	at java.lang.Thread.run(Thread.java:748)
Caused by: java.util.concurrent.TimeoutException
	at java.util.concurrent.CompletableFuture.timedGet(CompletableFuture.java:1771)
	at java.util.concurrent.CompletableFuture.get(CompletableFuture.java:1915)
	at org.apache.ratis.util.IOUtils.getFromFuture(IOUtils.java:79)
	... 4 more
2019-09-18 17:11:17,128 [main] INFO  ozoneimpl.OzoneContainer (OzoneContainer.java:stop(231)) - Attempting to stop container services.
2019-09-18 17:11:17,130 [main] INFO  impl.RaftServerProxy (RaftServerProxy.java:lambda$close$4(314)) - c79c5a76-aee4-4242-a106-dd0d04c341ff: close
2019-09-18 17:11:17,131 [main] INFO  impl.RaftServerImpl (RaftServerImpl.java:lambda$shutdown$3(251)) - c79c5a76-aee4-4242-a106-dd0d04c341ff@group-16324F4B6BD7: shutdown
2019-09-18 17:11:17,131 [ForkJoinPool.commonPool-worker-1] INFO  ozoneimpl.OzoneContainer (OzoneContainer.java:stop(231)) - Attempting to stop container services.
2019-09-18 17:11:17,131 [main] INFO  util.JmxRegister (JmxRegister.java:unregister(73)) - Successfully un-registered JMX Bean with object name Ratis:service=RaftServer,group=group-16324F4B6BD7,id=c79c5a76-aee4-4242-a106-dd0d04c341ff
2019-09-18 17:11:17,132 [ForkJoinPool.commonPool-worker-1] INFO  impl.RaftServerProxy (RaftServerProxy.java:lambda$close$4(314)) - 9060795c-f318-48a7-8c5f-b9c772b9291e: close
2019-09-18 17:11:17,132 [main] INFO  impl.RoleInfo (RoleInfo.java:shutdownFollowerState(121)) - c79c5a76-aee4-4242-a106-dd0d04c341ff: shutdown FollowerState
2019-09-18 17:11:17,132 [ForkJoinPool.commonPool-worker-1] INFO  impl.RaftServerImpl (RaftServerImpl.java:lambda$shutdown$3(251)) - 9060795c-f318-48a7-8c5f-b9c772b9291e@group-16324F4B6BD7: shutdown
2019-09-18 17:11:17,133 [Thread-432] INFO  impl.FollowerState (FollowerState.java:run(115)) - c79c5a76-aee4-4242-a106-dd0d04c341ff: FollowerState was interrupted: java.lang.InterruptedException: sleep interrupted
2019-09-18 17:11:17,133 [main] INFO  impl.StateMachineUpdater (StateMachineUpdater.java:stopAndJoin(125)) - c79c5a76-aee4-4242-a106-dd0d04c341ff@group-16324F4B6BD7-StateMachineUpdater: set stopIndex = 16
2019-09-18 17:11:17,133 [c79c5a76-aee4-4242-a106-dd0d04c341ff@group-16324F4B6BD7-StateMachineUpdater] INFO  ratis.ContainerStateMachine (ContainerStateMachine.java:takeSnapshot(289)) - group-16324F4B6BD7: Taking a snapshot at:(t:2, i:12) file /workdir/hadoop-ozone/integration-test/target/test-dir/MiniOzoneClusterImpl-a0535264-3a9d-47dc-a6b5-6352fdff8bcc/datanode-9/data/ratis/076edb64-726e-4ef9-a825-16324f4b6bd7/sm/snapshot.2_12
2019-09-18 17:11:17,133 [ForkJoinPool.commonPool-worker-1] INFO  util.JmxRegister (JmxRegister.java:unregister(73)) - Successfully un-registered JMX Bean with object name Ratis:service=RaftServer,group=group-16324F4B6BD7,id=9060795c-f318-48a7-8c5f-b9c772b9291e
2019-09-18 17:11:17,137 [ForkJoinPool.commonPool-worker-1] INFO  impl.RoleInfo (RoleInfo.java:shutdownFollowerState(121)) - 9060795c-f318-48a7-8c5f-b9c772b9291e: shutdown FollowerState
2019-09-18 17:11:17,137 [ForkJoinPool.commonPool-worker-1] INFO  impl.StateMachineUpdater (StateMachineUpdater.java:stopAndJoin(125)) - 9060795c-f318-48a7-8c5f-b9c772b9291e@group-16324F4B6BD7-StateMachineUpdater: set stopIndex = 16
2019-09-18 17:11:17,137 [Thread-431] INFO  impl.FollowerState (FollowerState.java:run(115)) - 9060795c-f318-48a7-8c5f-b9c772b9291e: FollowerState was interrupted: java.lang.InterruptedException: sleep interrupted
2019-09-18 17:11:17,137 [9060795c-f318-48a7-8c5f-b9c772b9291e@group-16324F4B6BD7-StateMachineUpdater] INFO  ratis.ContainerStateMachine (ContainerStateMachine.java:takeSnapshot(289)) - group-16324F4B6BD7: Taking a snapshot at:(t:2, i:12) file /workdir/hadoop-ozone/integration-test/target/test-dir/MiniOzoneClusterImpl-a0535264-3a9d-47dc-a6b5-6352fdff8bcc/datanode-7/data/ratis/076edb64-726e-4ef9-a825-16324f4b6bd7/sm/snapshot.2_12
2019-09-18 17:11:17,151 [9060795c-f318-48a7-8c5f-b9c772b9291e@group-16324F4B6BD7-StateMachineUpdater] INFO  ratis.ContainerStateMachine (ContainerStateMachine.java:takeSnapshot(300)) - group-16324F4B6BD7: Finished taking a snapshot at:(t:2, i:12) file:/workdir/hadoop-ozone/integration-test/target/test-dir/MiniOzoneClusterImpl-a0535264-3a9d-47dc-a6b5-6352fdff8bcc/datanode-7/data/ratis/076edb64-726e-4ef9-a825-16324f4b6bd7/sm/snapshot.2_12 time:14
2019-09-18 17:11:17,151 [c79c5a76-aee4-4242-a106-dd0d04c341ff@group-16324F4B6BD7-StateMachineUpdater] INFO  ratis.ContainerStateMachine (ContainerStateMachine.java:takeSnapshot(300)) - group-16324F4B6BD7: Finished taking a snapshot at:(t:2, i:12) file:/workdir/hadoop-ozone/integration-test/target/test-dir/MiniOzoneClusterImpl-a0535264-3a9d-47dc-a6b5-6352fdff8bcc/datanode-9/data/ratis/076edb64-726e-4ef9-a825-16324f4b6bd7/sm/snapshot.2_12 time:19
2019-09-18 17:11:17,152 [9060795c-f318-48a7-8c5f-b9c772b9291e@group-16324F4B6BD7-StateMachineUpdater] INFO  impl.StateMachineUpdater (StateMachineUpdater.java:takeSnapshot(258)) - 9060795c-f318-48a7-8c5f-b9c772b9291e@group-16324F4B6BD7-StateMachineUpdater: Took a snapshot at index 12
2019-09-18 17:11:17,152 [c79c5a76-aee4-4242-a106-dd0d04c341ff@group-16324F4B6BD7-StateMachineUpdater] INFO  impl.StateMachineUpdater (StateMachineUpdater.java:takeSnapshot(258)) - c79c5a76-aee4-4242-a106-dd0d04c341ff@group-16324F4B6BD7-StateMachineUpdater: Took a snapshot at index 12
2019-09-18 17:11:17,152 [9060795c-f318-48a7-8c5f-b9c772b9291e@group-16324F4B6BD7-StateMachineUpdater] INFO  impl.StateMachineUpdater (StateMachineUpdater.java:lambda$new$0(83)) - 9060795c-f318-48a7-8c5f-b9c772b9291e@group-16324F4B6BD7-StateMachineUpdater: snapshotIndex: updateIncreasingly -1 -> 12
2019-09-18 17:11:17,152 [c79c5a76-aee4-4242-a106-dd0d04c341ff@group-16324F4B6BD7-StateMachineUpdater] INFO  impl.StateMachineUpdater (StateMachineUpdater.java:lambda$new$0(83)) - c79c5a76-aee4-4242-a106-dd0d04c341ff@group-16324F4B6BD7-StateMachineUpdater: snapshotIndex: updateIncreasingly -1 -> 12
2019-09-18 17:11:17,152 [c79c5a76-aee4-4242-a106-dd0d04c341ff@group-16324F4B6BD7-StateMachineUpdater] INFO  ratis.ContainerStateMachine (ContainerStateMachine.java:takeSnapshot(289)) - group-16324F4B6BD7: Taking a snapshot at:(t:2, i:12) file /workdir/hadoop-ozone/integration-test/target/test-dir/MiniOzoneClusterImpl-a0535264-3a9d-47dc-a6b5-6352fdff8bcc/datanode-9/data/ratis/076edb64-726e-4ef9-a825-16324f4b6bd7/sm/snapshot.2_12
2019-09-18 17:11:17,152 [9060795c-f318-48a7-8c5f-b9c772b9291e@group-16324F4B6BD7-StateMachineUpdater] INFO  ratis.ContainerStateMachine (ContainerStateMachine.java:takeSnapshot(289)) - group-16324F4B6BD7: Taking a snapshot at:(t:2, i:12) file /workdir/hadoop-ozone/integration-test/target/test-dir/MiniOzoneClusterImpl-a0535264-3a9d-47dc-a6b5-6352fdff8bcc/datanode-7/data/ratis/076edb64-726e-4ef9-a825-16324f4b6bd7/sm/snapshot.2_12
2019-09-18 17:11:17,165 [c79c5a76-aee4-4242-a106-dd0d04c341ff@group-16324F4B6BD7-StateMachineUpdater] INFO  ratis.ContainerStateMachine (ContainerStateMachine.java:takeSnapshot(300)) - group-16324F4B6BD7: Finished taking a snapshot at:(t:2, i:12) file:/workdir/hadoop-ozone/integration-test/target/test-dir/MiniOzoneClusterImpl-a0535264-3a9d-47dc-a6b5-6352fdff8bcc/datanode-9/data/ratis/076edb64-726e-4ef9-a825-16324f4b6bd7/sm/snapshot.2_12 time:12
2019-09-18 17:11:17,165 [9060795c-f318-48a7-8c5f-b9c772b9291e@group-16324F4B6BD7-StateMachineUpdater] INFO  ratis.ContainerStateMachine (ContainerStateMachine.java:takeSnapshot(300)) - group-16324F4B6BD7: Finished taking a snapshot at:(t:2, i:12) file:/workdir/hadoop-ozone/integration-test/target/test-dir/MiniOzoneClusterImpl-a0535264-3a9d-47dc-a6b5-6352fdff8bcc/datanode-7/data/ratis/076edb64-726e-4ef9-a825-16324f4b6bd7/sm/snapshot.2_12 time:12
2019-09-18 17:11:17,165 [c79c5a76-aee4-4242-a106-dd0d04c341ff@group-16324F4B6BD7-StateMachineUpdater] INFO  impl.StateMachineUpdater (StateMachineUpdater.java:takeSnapshot(258)) - c79c5a76-aee4-4242-a106-dd0d04c341ff@group-16324F4B6BD7-StateMachineUpdater: Took a snapshot at index 12
2019-09-18 17:11:17,165 [c79c5a76-aee4-4242-a106-dd0d04c341ff@group-16324F4B6BD7-StateMachineUpdater] INFO  impl.StateMachineUpdater (StateMachineUpdater.java:lambda$new$0(83)) - c79c5a76-aee4-4242-a106-dd0d04c341ff@group-16324F4B6BD7-StateMachineUpdater: snapshotIndex: updateIncreasingly 12 -> 12
2019-09-18 17:11:17,165 [9060795c-f318-48a7-8c5f-b9c772b9291e@group-16324F4B6BD7-StateMachineUpdater] INFO  impl.StateMachineUpdater (StateMachineUpdater.java:takeSnapshot(258)) - 9060795c-f318-48a7-8c5f-b9c772b9291e@group-16324F4B6BD7-StateMachineUpdater: Took a snapshot at index 12
2019-09-18 17:11:17,165 [9060795c-f318-48a7-8c5f-b9c772b9291e@group-16324F4B6BD7-StateMachineUpdater] INFO  impl.StateMachineUpdater (StateMachineUpdater.java:lambda$new$0(83)) - 9060795c-f318-48a7-8c5f-b9c772b9291e@group-16324F4B6BD7-StateMachineUpdater: snapshotIndex: updateIncreasingly 12 -> 12
2019-09-18 17:11:17,165 [main] INFO  impl.RaftServerImpl (ServerState.java:close(385)) - c79c5a76-aee4-4242-a106-dd0d04c341ff@group-16324F4B6BD7: closes. applyIndex: 16
2019-09-18 17:11:17,165 [ForkJoinPool.commonPool-worker-1] INFO  impl.RaftServerImpl (ServerState.java:close(385)) - 9060795c-f318-48a7-8c5f-b9c772b9291e@group-16324F4B6BD7: closes. applyIndex: 16
2019-09-18 17:11:17,167 [c79c5a76-aee4-4242-a106-dd0d04c341ff@group-16324F4B6BD7-SegmentedRaftLogWorker] ERROR ratis.XceiverServerRatis (XceiverServerRatis.java:triggerPipelineClose(575)) - pipeline Action CLOSE  on pipeline PipelineID=076edb64-726e-4ef9-a825-16324f4b6bd7.Reason : WriteLog:19: (t:2, i:19), STATEMACHINELOGENTRY, client-A93D41F52A29, cid=54-writeStateMachineData interrupted.
2019-09-18 17:11:17,167 [9060795c-f318-48a7-8c5f-b9c772b9291e@group-16324F4B6BD7-SegmentedRaftLogWorker] ERROR ratis.XceiverServerRatis (XceiverServerRatis.java:triggerPipelineClose(575)) - pipeline Action CLOSE  on pipeline PipelineID=076edb64-726e-4ef9-a825-16324f4b6bd7.Reason : WriteLog:17: (t:2, i:17), STATEMACHINELOGENTRY, client-A93D41F52A29, cid=52-writeStateMachineData interrupted.
2019-09-18 17:11:17,168 [ForkJoinPool.commonPool-worker-1] INFO  segmented.SegmentedRaftLogWorker (SegmentedRaftLogWorker.java:close(228)) - 9060795c-f318-48a7-8c5f-b9c772b9291e@group-16324F4B6BD7-SegmentedRaftLogWorker close()
2019-09-18 17:11:17,170 [ForkJoinPool.commonPool-worker-1] INFO  impl.RaftServerImpl (RaftServerImpl.java:lambda$shutdown$3(251)) - 9060795c-f318-48a7-8c5f-b9c772b9291e@group-EC0DB46F5AE1: shutdown
2019-09-18 17:11:17,170 [ForkJoinPool.commonPool-worker-1] INFO  util.JmxRegister (JmxRegister.java:unregister(73)) - Successfully un-registered JMX Bean with object name Ratis:service=RaftServer,group=group-EC0DB46F5AE1,id=9060795c-f318-48a7-8c5f-b9c772b9291e
2019-09-18 17:11:17,170 [ForkJoinPool.commonPool-worker-1] INFO  impl.RoleInfo (RoleInfo.java:shutdownLeaderState(104)) - 9060795c-f318-48a7-8c5f-b9c772b9291e: shutdown LeaderState
2019-09-18 17:11:17,171 [ForkJoinPool.commonPool-worker-1] INFO  impl.PendingRequests (PendingRequests.java:sendNotLeaderResponses(202)) - 9060795c-f318-48a7-8c5f-b9c772b9291e-PendingRequests: sendNotLeaderResponses
2019-09-18 17:11:17,171 [ForkJoinPool.commonPool-worker-1] INFO  impl.StateMachineUpdater (StateMachineUpdater.java:stopAndJoin(125)) - 9060795c-f318-48a7-8c5f-b9c772b9291e@group-EC0DB46F5AE1-StateMachineUpdater: set stopIndex = 0
2019-09-18 17:11:17,171 [ForkJoinPool.commonPool-worker-1] INFO  impl.RaftServerImpl (ServerState.java:close(385)) - 9060795c-f318-48a7-8c5f-b9c772b9291e@group-EC0DB46F5AE1: closes. applyIndex: 0
2019-09-18 17:11:17,172 [9060795c-f318-48a7-8c5f-b9c772b9291e@group-EC0DB46F5AE1-SegmentedRaftLogWorker] INFO  segmented.SegmentedRaftLogWorker (SegmentedRaftLogWorker.java:run(313)) - 9060795c-f318-48a7-8c5f-b9c772b9291e@group-EC0DB46F5AE1-SegmentedRaftLogWorker was interrupted, exiting. There are 0 tasks remaining in the queue.
2019-09-18 17:11:17,172 [ForkJoinPool.commonPool-worker-1] INFO  segmented.SegmentedRaftLogWorker (SegmentedRaftLogWorker.java:close(228)) - 9060795c-f318-48a7-8c5f-b9c772b9291e@group-EC0DB46F5AE1-SegmentedRaftLogWorker close()
2019-09-18 17:11:17,173 [ForkJoinPool.commonPool-worker-1] INFO  server.GrpcService (GrpcService.java:closeImpl(164)) - 9060795c-f318-48a7-8c5f-b9c772b9291e: shutdown server with port 37562 now
2019-09-18 17:11:17,174 [ForkJoinPool.commonPool-worker-1] INFO  server.GrpcService (GrpcService.java:closeImpl(172)) - 9060795c-f318-48a7-8c5f-b9c772b9291e: shutdown server with port 37562 successfully
2019-09-18 17:11:17,176 [refreshUsed-/workdir/hadoop-ozone/integration-test/target/test-dir/MiniOzoneClusterImpl-a0535264-3a9d-47dc-a6b5-6352fdff8bcc/datanode-7/data/containers] WARN  fs.CachingGetSpaceUsed (CachingGetSpaceUsed.java:run(183)) - Thread Interrupted waiting to refresh disk information: sleep interrupted
2019-09-18 17:11:17,179 [main] INFO  segmented.SegmentedRaftLogWorker (SegmentedRaftLogWorker.java:close(228)) - c79c5a76-aee4-4242-a106-dd0d04c341ff@group-16324F4B6BD7-SegmentedRaftLogWorker close()
2019-09-18 17:11:17,181 [main] INFO  impl.RaftServerImpl (RaftServerImpl.java:lambda$shutdown$3(251)) - c79c5a76-aee4-4242-a106-dd0d04c341ff@group-B8F35F5892D5: shutdown
2019-09-18 17:11:17,182 [main] INFO  util.JmxRegister (JmxRegister.java:unregister(73)) - Successfully un-registered JMX Bean with object name Ratis:service=RaftServer,group=group-B8F35F5892D5,id=c79c5a76-aee4-4242-a106-dd0d04c341ff
2019-09-18 17:11:17,183 [main] INFO  impl.RoleInfo (RoleInfo.java:shutdownLeaderState(104)) - c79c5a76-aee4-4242-a106-dd0d04c341ff: shutdown LeaderState
2019-09-18 17:11:17,183 [main] INFO  impl.PendingRequests (PendingRequests.java:sendNotLeaderResponses(202)) - c79c5a76-aee4-4242-a106-dd0d04c341ff-PendingRequests: sendNotLeaderResponses
2019-09-18 17:11:17,183 [main] INFO  impl.StateMachineUpdater (StateMachineUpdater.java:stopAndJoin(125)) - c79c5a76-aee4-4242-a106-dd0d04c341ff@group-B8F35F5892D5-StateMachineUpdater: set stopIndex = 0
2019-09-18 17:11:17,184 [main] INFO  impl.RaftServerImpl (ServerState.java:close(385)) - c79c5a76-aee4-4242-a106-dd0d04c341ff@group-B8F35F5892D5: closes. applyIndex: 0
2019-09-18 17:11:17,184 [c79c5a76-aee4-4242-a106-dd0d04c341ff@group-B8F35F5892D5-SegmentedRaftLogWorker] INFO  segmented.SegmentedRaftLogWorker (SegmentedRaftLogWorker.java:run(313)) - c79c5a76-aee4-4242-a106-dd0d04c341ff@group-B8F35F5892D5-SegmentedRaftLogWorker was interrupted, exiting. There are 0 tasks remaining in the queue.
2019-09-18 17:11:17,184 [main] INFO  segmented.SegmentedRaftLogWorker (SegmentedRaftLogWorker.java:close(228)) - c79c5a76-aee4-4242-a106-dd0d04c341ff@group-B8F35F5892D5-SegmentedRaftLogWorker close()
2019-09-18 17:11:17,185 [main] INFO  server.GrpcService (GrpcService.java:closeImpl(164)) - c79c5a76-aee4-4242-a106-dd0d04c341ff: shutdown server with port 46461 now
2019-09-18 17:11:17,186 [main] INFO  server.GrpcService (GrpcService.java:closeImpl(172)) - c79c5a76-aee4-4242-a106-dd0d04c341ff: shutdown server with port 46461 successfully
2019-09-18 17:11:17,189 [refreshUsed-/workdir/hadoop-ozone/integration-test/target/test-dir/MiniOzoneClusterImpl-a0535264-3a9d-47dc-a6b5-6352fdff8bcc/datanode-9/data/containers] WARN  fs.CachingGetSpaceUsed (CachingGetSpaceUsed.java:run(183)) - Thread Interrupted waiting to refresh disk information: sleep interrupted
2019-09-18 17:11:17,199 [ForkJoinPool.commonPool-worker-1] INFO  utils.BackgroundService (BackgroundService.java:shutdown(148)) - Shutting down service BlockDeletingService
2019-09-18 17:11:17,202 [ForkJoinPool.commonPool-worker-1] INFO  statemachine.DatanodeStateMachine (DatanodeStateMachine.java:stopDaemon(395)) - Ozone container server stopped.
2019-09-18 17:11:17,205 [ForkJoinPool.commonPool-worker-1] INFO  handler.ContextHandler (ContextHandler.java:doStop(910)) - Stopped o.e.j.w.WebAppContext@aaa0f76{/,null,UNAVAILABLE}{/hddsDatanode}
2019-09-18 17:11:17,205 [ForkJoinPool.commonPool-worker-1] INFO  server.AbstractConnector (AbstractConnector.java:doStop(318)) - Stopped ServerConnector@340a8894{HTTP/1.1,[http/1.1]}{0.0.0.0:0}
2019-09-18 17:11:17,206 [ForkJoinPool.commonPool-worker-1] INFO  handler.ContextHandler (ContextHandler.java:doStop(910)) - Stopped o.e.j.s.ServletContextHandler@6325f352{/static,jar:file:/home/user/.m2/repository/org/apache/hadoop/hadoop-hdds-container-service/0.5.0-SNAPSHOT/hadoop-hdds-container-service-0.5.0-SNAPSHOT.jar!/webapps/static,UNAVAILABLE}
2019-09-18 17:11:17,207 [ForkJoinPool.commonPool-worker-1] INFO  handler.ContextHandler (ContextHandler.java:doStop(910)) - Stopped o.e.j.s.ServletContextHandler@1b1c538d{/logs,file:///workdir/hadoop-ozone/integration-test/target/log,UNAVAILABLE}
2019-09-18 17:11:17,210 [main] INFO  utils.BackgroundService (BackgroundService.java:shutdown(148)) - Shutting down service BlockDeletingService
2019-09-18 17:11:17,212 [main] INFO  statemachine.DatanodeStateMachine (DatanodeStateMachine.java:stopDaemon(395)) - Ozone container server stopped.
2019-09-18 17:11:17,212 [main] INFO  handler.ContextHandler (ContextHandler.java:doStop(910)) - Stopped o.e.j.w.WebAppContext@2c8c16c0{/,null,UNAVAILABLE}{/hddsDatanode}
2019-09-18 17:11:17,213 [main] INFO  server.AbstractConnector (AbstractConnector.java:doStop(318)) - Stopped ServerConnector@80bfa9d{HTTP/1.1,[http/1.1]}{0.0.0.0:0}
2019-09-18 17:11:17,213 [main] INFO  handler.ContextHandler (ContextHandler.java:doStop(910)) - Stopped o.e.j.s.ServletContextHandler@5ad5be4a{/static,jar:file:/home/user/.m2/repository/org/apache/hadoop/hadoop-hdds-container-service/0.5.0-SNAPSHOT/hadoop-hdds-container-service-0.5.0-SNAPSHOT.jar!/webapps/static,UNAVAILABLE}
2019-09-18 17:11:17,214 [main] INFO  handler.ContextHandler (ContextHandler.java:doStop(910)) - Stopped o.e.j.s.ServletContextHandler@1b7a52dd{/logs,file:///workdir/hadoop-ozone/integration-test/target/log,UNAVAILABLE}
2019-09-18 17:11:17,215 [main] INFO  ozone.MiniOzoneClusterImpl (MiniOzoneClusterImpl.java:stop(344)) - Stopping the StorageContainerManager
2019-09-18 17:11:17,215 [main] INFO  server.StorageContainerManager (StorageContainerManager.java:stop(801)) - Stopping Replication Manager Service.
2019-09-18 17:11:17,215 [main] INFO  container.ReplicationManager (ReplicationManager.java:stop(203)) - Stopping Replication Monitor Thread.
2019-09-18 17:11:17,215 [main] INFO  server.StorageContainerManager (StorageContainerManager.java:stop(808)) - Stopping Lease Manager of the command watchers
2019-09-18 17:11:17,215 [main] INFO  server.StorageContainerManager (StorageContainerManager.java:stop(815)) - Stopping datanode service RPC server
2019-09-18 17:11:17,216 [main] INFO  server.SCMDatanodeProtocolServer (SCMDatanodeProtocolServer.java:stop(367)) - Stopping the RPC server for DataNodes
2019-09-18 17:11:17,216 [main] INFO  ipc.Server (Server.java:stop(3082)) - Stopping server on 41195
2019-09-18 17:11:17,217 [IPC Server listener on 41195] INFO  ipc.Server (Server.java:run(1185)) - Stopping IPC Server listener on 41195
2019-09-18 17:11:17,218 [IPC Server Responder] INFO  ipc.Server (Server.java:run(1319)) - Stopping IPC Server Responder
2019-09-18 17:11:17,238 [SCM Heartbeat Processing Thread - 0] WARN  node.NodeStateManager (NodeStateManager.java:scheduleNextHealthCheck(646)) - Current Thread is interrupted, shutting down HB processing thread for Node Manager.
2019-09-18 17:11:17,238 [main] INFO  server.StorageContainerManager (StorageContainerManager.java:stop(823)) - Stopping block service RPC server
2019-09-18 17:11:17,238 [main] INFO  server.SCMBlockProtocolServer (SCMBlockProtocolServer.java:stop(155)) - Stopping the RPC server for Block Protocol
2019-09-18 17:11:17,239 [main] INFO  ipc.Server (Server.java:stop(3082)) - Stopping server on 36216
2019-09-18 17:11:17,240 [IPC Server listener on 36216] INFO  ipc.Server (Server.java:run(1185)) - Stopping IPC Server listener on 36216
2019-09-18 17:11:17,240 [main] INFO  server.StorageContainerManager (StorageContainerManager.java:stop(830)) - Stopping the StorageContainerLocationProtocol RPC server
2019-09-18 17:11:17,240 [IPC Server Responder] INFO  ipc.Server (Server.java:run(1319)) - Stopping IPC Server Responder
2019-09-18 17:11:17,241 [main] INFO  server.SCMClientProtocolServer (SCMClientProtocolServer.java:stop(159)) - Stopping the RPC server for Client Protocol
2019-09-18 17:11:17,241 [main] INFO  ipc.Server (Server.java:stop(3082)) - Stopping server on 34471
2019-09-18 17:11:17,242 [IPC Server listener on 34471] INFO  ipc.Server (Server.java:run(1185)) - Stopping IPC Server listener on 34471
2019-09-18 17:11:17,242 [main] INFO  server.StorageContainerManager (StorageContainerManager.java:stop(837)) - Stopping Storage Container Manager HTTP server.
2019-09-18 17:11:17,242 [IPC Server Responder] INFO  ipc.Server (Server.java:run(1319)) - Stopping IPC Server Responder
2019-09-18 17:11:17,243 [main] INFO  handler.ContextHandler (ContextHandler.java:doStop(910)) - Stopped o.e.j.w.WebAppContext@5398edd0{/,null,UNAVAILABLE}{/scm}
2019-09-18 17:11:17,244 [main] INFO  server.AbstractConnector (AbstractConnector.java:doStop(318)) - Stopped ServerConnector@3f093abe{HTTP/1.1,[http/1.1]}{0.0.0.0:0}
2019-09-18 17:11:17,244 [main] INFO  handler.ContextHandler (ContextHandler.java:doStop(910)) - Stopped o.e.j.s.ServletContextHandler@64ba3208{/static,file:///workdir/hadoop-ozone/integration-test/target/test-classes/webapps/static,UNAVAILABLE}
2019-09-18 17:11:17,244 [main] INFO  handler.ContextHandler (ContextHandler.java:doStop(910)) - Stopped o.e.j.s.ServletContextHandler@299321e2{/logs,file:///workdir/hadoop-ozone/integration-test/target/log,UNAVAILABLE}
2019-09-18 17:11:17,245 [main] INFO  server.StorageContainerManager (StorageContainerManager.java:stop(848)) - Stopping Block Manager Service.
2019-09-18 17:11:17,245 [main] INFO  utils.BackgroundService (BackgroundService.java:shutdown(148)) - Shutting down service SCMBlockDeletingService
2019-09-18 17:11:17,245 [main] INFO  utils.BackgroundService (BackgroundService.java:shutdown(148)) - Shutting down service SCMBlockDeletingService
2019-09-18 17:11:17,246 [main] INFO  server.StorageContainerManager (StorageContainerManager.java:stop(870)) - Stopping SCM Event Queue.
2019-09-18 17:11:17,253 [main] INFO  impl.MetricsSystemImpl (MetricsSystemImpl.java:stop(210)) - Stopping XceiverClientMetrics metrics system...
2019-09-18 17:11:17,263 [prometheus] INFO  impl.MetricsSinkAdapter (MetricsSinkAdapter.java:publishMetricsFromQueue(141)) - prometheus thread interrupted.
2019-09-18 17:11:17,263 [main] INFO  impl.MetricsSystemImpl (MetricsSystemImpl.java:stop(216)) - XceiverClientMetrics metrics system stopped.
]]></system-out>
    <system-err><![CDATA[ERROR StatusLogger No Log4j 2 configuration file found. Using default configuration (logging only errors to the console), or user programmatically provided configurations. Set system property 'log4j2.debug' to show Log4j 2 internal initialization logging. See https://logging.apache.org/log4j/2.x/manual/configuration.html for instructions on how to configure Log4j 2
Sep 18, 2019 5:10:14 PM org.apache.ratis.thirdparty.io.grpc.internal.SerializingExecutor run
SEVERE: Exception while executing runnable org.apache.ratis.thirdparty.io.grpc.internal.ServerImpl$JumpToApplicationThreadServerStreamListener$1Closed@77b32ba7
org.apache.ratis.thirdparty.io.grpc.StatusRuntimeException: CANCELLED: call already cancelled
	at org.apache.ratis.thirdparty.io.grpc.Status.asRuntimeException(Status.java:517)
	at org.apache.ratis.thirdparty.io.grpc.stub.ServerCalls$ServerCallStreamObserverImpl.onCompleted(ServerCalls.java:356)
	at org.apache.ratis.grpc.server.GrpcServerProtocolService$ServerRequestStreamObserver.onError(GrpcServerProtocolService.java:121)
	at org.apache.ratis.thirdparty.io.grpc.stub.ServerCalls$StreamingServerCallHandler$StreamingServerCallListener.onCancel(ServerCalls.java:269)
	at org.apache.ratis.thirdparty.io.grpc.internal.ServerCallImpl$ServerStreamListenerImpl.closed(ServerCallImpl.java:293)
	at org.apache.ratis.thirdparty.io.grpc.internal.ServerImpl$JumpToApplicationThreadServerStreamListener$1Closed.runInContext(ServerImpl.java:741)
	at org.apache.ratis.thirdparty.io.grpc.internal.ContextRunnable.run(ContextRunnable.java:37)
	at org.apache.ratis.thirdparty.io.grpc.internal.SerializingExecutor.run(SerializingExecutor.java:123)
	at java.util.concurrent.ThreadPoolExecutor.runWorker(ThreadPoolExecutor.java:1149)
	at java.util.concurrent.ThreadPoolExecutor$Worker.run(ThreadPoolExecutor.java:624)
	at java.lang.Thread.run(Thread.java:748)

Sep 18, 2019 5:11:01 PM org.apache.ratis.thirdparty.io.grpc.internal.SerializingExecutor run
SEVERE: Exception while executing runnable org.apache.ratis.thirdparty.io.grpc.internal.ServerImpl$JumpToApplicationThreadServerStreamListener$1Closed@5e3d3a0f
org.apache.ratis.thirdparty.io.grpc.StatusRuntimeException: CANCELLED: call already cancelled
	at org.apache.ratis.thirdparty.io.grpc.Status.asRuntimeException(Status.java:517)
	at org.apache.ratis.thirdparty.io.grpc.stub.ServerCalls$ServerCallStreamObserverImpl.onCompleted(ServerCalls.java:356)
	at org.apache.ratis.grpc.server.GrpcServerProtocolService$ServerRequestStreamObserver.onError(GrpcServerProtocolService.java:121)
	at org.apache.ratis.thirdparty.io.grpc.stub.ServerCalls$StreamingServerCallHandler$StreamingServerCallListener.onCancel(ServerCalls.java:269)
	at org.apache.ratis.thirdparty.io.grpc.internal.ServerCallImpl$ServerStreamListenerImpl.closed(ServerCallImpl.java:293)
	at org.apache.ratis.thirdparty.io.grpc.internal.ServerImpl$JumpToApplicationThreadServerStreamListener$1Closed.runInContext(ServerImpl.java:741)
	at org.apache.ratis.thirdparty.io.grpc.internal.ContextRunnable.run(ContextRunnable.java:37)
	at org.apache.ratis.thirdparty.io.grpc.internal.SerializingExecutor.run(SerializingExecutor.java:123)
	at java.util.concurrent.ThreadPoolExecutor.runWorker(ThreadPoolExecutor.java:1149)
	at java.util.concurrent.ThreadPoolExecutor$Worker.run(ThreadPoolExecutor.java:624)
	at java.lang.Thread.run(Thread.java:748)

Sep 18, 2019 5:11:06 PM org.apache.ratis.thirdparty.io.grpc.internal.SerializingExecutor run
SEVERE: Exception while executing runnable org.apache.ratis.thirdparty.io.grpc.internal.ServerImpl$JumpToApplicationThreadServerStreamListener$1Closed@3a549fc1
org.apache.ratis.thirdparty.io.grpc.StatusRuntimeException: CANCELLED: call already cancelled
	at org.apache.ratis.thirdparty.io.grpc.Status.asRuntimeException(Status.java:517)
	at org.apache.ratis.thirdparty.io.grpc.stub.ServerCalls$ServerCallStreamObserverImpl.onCompleted(ServerCalls.java:356)
	at org.apache.ratis.grpc.server.GrpcServerProtocolService$ServerRequestStreamObserver.onError(GrpcServerProtocolService.java:121)
	at org.apache.ratis.thirdparty.io.grpc.stub.ServerCalls$StreamingServerCallHandler$StreamingServerCallListener.onCancel(ServerCalls.java:269)
	at org.apache.ratis.thirdparty.io.grpc.internal.ServerCallImpl$ServerStreamListenerImpl.closed(ServerCallImpl.java:293)
	at org.apache.ratis.thirdparty.io.grpc.internal.ServerImpl$JumpToApplicationThreadServerStreamListener$1Closed.runInContext(ServerImpl.java:741)
	at org.apache.ratis.thirdparty.io.grpc.internal.ContextRunnable.run(ContextRunnable.java:37)
	at org.apache.ratis.thirdparty.io.grpc.internal.SerializingExecutor.run(SerializingExecutor.java:123)
	at java.util.concurrent.ThreadPoolExecutor.runWorker(ThreadPoolExecutor.java:1149)
	at java.util.concurrent.ThreadPoolExecutor$Worker.run(ThreadPoolExecutor.java:624)
	at java.lang.Thread.run(Thread.java:748)

]]></system-err>
  </testcase>
  <testcase name="testMultiBlockWritesWithDnFailures" classname="org.apache.hadoop.ozone.client.rpc.TestMultiBlockWritesWithDnFailures" time="49.924"/>
</testsuite>