<?xml version="1.0" encoding="UTF-8"?>
<testsuite xmlns:xsi="http://www.w3.org/2001/XMLSchema-instance" xsi:noNamespaceSchemaLocation="https://maven.apache.org/surefire/maven-surefire-plugin/xsd/surefire-test-report.xsd" name="org.apache.hadoop.ozone.client.rpc.TestOzoneClientRetriesOnException" time="86.382" tests="2" errors="1" skipped="0" failures="0">
  <properties>
    <property name="awt.toolkit" value="sun.awt.X11.XToolkit"/>
    <property name="file.encoding.pkg" value="sun.io"/>
    <property name="java.specification.version" value="1.8"/>
    <property name="sun.cpu.isalist" value=""/>
    <property name="sun.jnu.encoding" value="UTF-8"/>
    <property name="java.class.path" value="/tmp/workdir/hadoop-ozone/integration-test/target/test-classes:/tmp/workdir/hadoop-ozone/integration-test/target/classes:/home/user/.m2/repository/org/apache/hadoop/hadoop-ozone-common/0.5.0-SNAPSHOT/hadoop-ozone-common-0.5.0-SNAPSHOT.jar:/home/user/.m2/repository/org/apache/commons/commons-compress/1.4.1/commons-compress-1.4.1.jar:/home/user/.m2/repository/org/tukaani/xz/1.0/xz-1.0.jar:/home/user/.m2/repository/org/apache/hadoop/hadoop-common/3.2.0/hadoop-common-3.2.0.jar:/home/user/.m2/repository/org/apache/hadoop/hadoop-hdfs/3.2.0/hadoop-hdfs-3.2.0.jar:/home/user/.m2/repository/org/apache/hadoop/hadoop-hdfs-client/3.2.0/hadoop-hdfs-client-3.2.0.jar:/home/user/.m2/repository/com/fasterxml/jackson/core/jackson-annotations/2.9.5/jackson-annotations-2.9.5.jar:/home/user/.m2/repository/org/apache/hadoop/hadoop-hdds-common/0.5.0-SNAPSHOT/hadoop-hdds-common-0.5.0-SNAPSHOT.jar:/home/user/.m2/repository/javax/annotation/javax.annotation-api/1.2/javax.annotation-api-1.2.jar:/home/user/.m2/repository/org/apache/ratis/ratis-server/0.4.0-2337318-SNAPSHOT/ratis-server-0.4.0-2337318-SNAPSHOT.jar:/home/user/.m2/repository/org/apache/ratis/ratis-thirdparty-misc/0.2.0/ratis-thirdparty-misc-0.2.0.jar:/home/user/.m2/repository/org/apache/ratis/ratis-proto/0.4.0-2337318-SNAPSHOT/ratis-proto-0.4.0-2337318-SNAPSHOT.jar:/home/user/.m2/repository/org/apache/ratis/ratis-common/0.4.0-2337318-SNAPSHOT/ratis-common-0.4.0-2337318-SNAPSHOT.jar:/home/user/.m2/repository/org/apache/ratis/ratis-client/0.4.0-2337318-SNAPSHOT/ratis-client-0.4.0-2337318-SNAPSHOT.jar:/home/user/.m2/repository/org/apache/ratis/ratis-metrics/0.4.0-2337318-SNAPSHOT/ratis-metrics-0.4.0-2337318-SNAPSHOT.jar:/home/user/.m2/repository/org/apache/ratis/ratis-netty/0.4.0-2337318-SNAPSHOT/ratis-netty-0.4.0-2337318-SNAPSHOT.jar:/home/user/.m2/repository/org/apache/ratis/ratis-grpc/0.4.0-2337318-SNAPSHOT/ratis-grpc-0.4.0-2337318-SNAPSHOT.jar:/home/user/.m2/repository/org/rocksdb/rocksdbjni/6.0.1/rocksdbjni-6.0.1.jar:/home/user/.m2/repository/org/apache/logging/log4j/log4j-api/2.11.0/log4j-api-2.11.0.jar:/home/user/.m2/repository/org/apache/logging/log4j/log4j-core/2.11.0/log4j-core-2.11.0.jar:/home/user/.m2/repository/com/lmax/disruptor/3.4.2/disruptor-3.4.2.jar:/home/user/.m2/repository/org/apache/commons/commons-pool2/2.6.0/commons-pool2-2.6.0.jar:/home/user/.m2/repository/org/bouncycastle/bcpkix-jdk15on/1.60/bcpkix-jdk15on-1.60.jar:/home/user/.m2/repository/commons-validator/commons-validator/1.6/commons-validator-1.6.jar:/home/user/.m2/repository/commons-digester/commons-digester/1.8.1/commons-digester-1.8.1.jar:/home/user/.m2/repository/io/jaegertracing/jaeger-client/0.33.1/jaeger-client-0.33.1.jar:/home/user/.m2/repository/io/jaegertracing/jaeger-thrift/0.33.1/jaeger-thrift-0.33.1.jar:/home/user/.m2/repository/org/apache/thrift/libthrift/0.11.0/libthrift-0.11.0.jar:/home/user/.m2/repository/com/squareup/okhttp3/okhttp/3.9.0/okhttp-3.9.0.jar:/home/user/.m2/repository/com/squareup/okio/okio/1.13.0/okio-1.13.0.jar:/home/user/.m2/repository/io/jaegertracing/jaeger-core/0.33.1/jaeger-core-0.33.1.jar:/home/user/.m2/repository/io/jaegertracing/jaeger-tracerresolver/0.33.1/jaeger-tracerresolver-0.33.1.jar:/home/user/.m2/repository/io/opentracing/contrib/opentracing-tracerresolver/0.1.5/opentracing-tracerresolver-0.1.5.jar:/home/user/.m2/repository/io/opentracing/opentracing-util/0.31.0/opentracing-util-0.31.0.jar:/home/user/.m2/repository/io/opentracing/opentracing-api/0.31.0/opentracing-api-0.31.0.jar:/home/user/.m2/repository/io/opentracing/opentracing-noop/0.31.0/opentracing-noop-0.31.0.jar:/home/user/.m2/repository/org/apache/hadoop/hadoop-hdds-server-framework/0.5.0-SNAPSHOT/hadoop-hdds-server-framework-0.5.0-SNAPSHOT.jar:/home/user/.m2/repository/org/apache/hadoop/hadoop-hdds-container-service/0.5.0-SNAPSHOT/hadoop-hdds-container-service-0.5.0-SNAPSHOT.jar:/home/user/.m2/repository/org/apache/hadoop/hadoop-hdds-client/0.5.0-SNAPSHOT/hadoop-hdds-client-0.5.0-SNAPSHOT.jar:/home/user/.m2/repository/org/apache/hadoop/hadoop-hdds-tools/0.5.0-SNAPSHOT/hadoop-hdds-tools-0.5.0-SNAPSHOT.jar:/home/user/.m2/repository/org/apache/hadoop/hadoop-hdds-server-scm/0.5.0-SNAPSHOT/hadoop-hdds-server-scm-0.5.0-SNAPSHOT.jar:/home/user/.m2/repository/org/apache/hadoop/hadoop-hdds-docs/0.5.0-SNAPSHOT/hadoop-hdds-docs-0.5.0-SNAPSHOT.jar:/home/user/.m2/repository/io/dropwizard/metrics/metrics-core/3.2.4/metrics-core-3.2.4.jar:/home/user/.m2/repository/org/hamcrest/hamcrest-all/1.3/hamcrest-all-1.3.jar:/home/user/.m2/repository/org/bouncycastle/bcprov-jdk15on/1.60/bcprov-jdk15on-1.60.jar:/home/user/.m2/repository/info/picocli/picocli/3.9.6/picocli-3.9.6.jar:/home/user/.m2/repository/com/google/protobuf/protobuf-java/2.5.0/protobuf-java-2.5.0.jar:/home/user/.m2/repository/com/google/guava/guava/11.0.2/guava-11.0.2.jar:/home/user/.m2/repository/org/apache/hadoop/hadoop-ozone-ozone-manager/0.5.0-SNAPSHOT/hadoop-ozone-ozone-manager-0.5.0-SNAPSHOT.jar:/home/user/.m2/repository/org/apache/hadoop/hadoop-minikdc/3.2.0/hadoop-minikdc-3.2.0.jar:/home/user/.m2/repository/commons-io/commons-io/2.5/commons-io-2.5.jar:/home/user/.m2/repository/org/apache/kerby/kerb-simplekdc/1.0.1/kerb-simplekdc-1.0.1.jar:/home/user/.m2/repository/org/apache/kerby/kerb-client/1.0.1/kerb-client-1.0.1.jar:/home/user/.m2/repository/org/apache/kerby/kerby-config/1.0.1/kerby-config-1.0.1.jar:/home/user/.m2/repository/org/apache/kerby/kerb-core/1.0.1/kerb-core-1.0.1.jar:/home/user/.m2/repository/org/apache/kerby/kerby-pkix/1.0.1/kerby-pkix-1.0.1.jar:/home/user/.m2/repository/org/apache/kerby/kerby-asn1/1.0.1/kerby-asn1-1.0.1.jar:/home/user/.m2/repository/org/apache/kerby/kerby-util/1.0.1/kerby-util-1.0.1.jar:/home/user/.m2/repository/org/apache/kerby/kerb-common/1.0.1/kerb-common-1.0.1.jar:/home/user/.m2/repository/org/apache/kerby/kerb-crypto/1.0.1/kerb-crypto-1.0.1.jar:/home/user/.m2/repository/org/apache/kerby/kerb-util/1.0.1/kerb-util-1.0.1.jar:/home/user/.m2/repository/org/apache/kerby/token-provider/1.0.1/token-provider-1.0.1.jar:/home/user/.m2/repository/org/apache/kerby/kerb-admin/1.0.1/kerb-admin-1.0.1.jar:/home/user/.m2/repository/org/apache/kerby/kerb-server/1.0.1/kerb-server-1.0.1.jar:/home/user/.m2/repository/org/apache/kerby/kerb-identity/1.0.1/kerb-identity-1.0.1.jar:/home/user/.m2/repository/org/apache/kerby/kerby-xdr/1.0.1/kerby-xdr-1.0.1.jar:/home/user/.m2/repository/org/slf4j/slf4j-log4j12/1.7.25/slf4j-log4j12-1.7.25.jar:/home/user/.m2/repository/org/apache/hadoop/hadoop-ozone-objectstore-service/0.5.0-SNAPSHOT/hadoop-ozone-objectstore-service-0.5.0-SNAPSHOT.jar:/home/user/.m2/repository/org/apache/hadoop/hadoop-ozone-s3gateway/0.5.0-SNAPSHOT/hadoop-ozone-s3gateway-0.5.0-SNAPSHOT.jar:/home/user/.m2/repository/org/jboss/weld/servlet/weld-servlet/2.4.7.Final/weld-servlet-2.4.7.Final.jar:/home/user/.m2/repository/org/glassfish/jersey/containers/jersey-container-servlet-core/2.27/jersey-container-servlet-core-2.27.jar:/home/user/.m2/repository/org/glassfish/hk2/external/javax.inject/2.5.0-b42/javax.inject-2.5.0-b42.jar:/home/user/.m2/repository/org/glassfish/jersey/core/jersey-common/2.27/jersey-common-2.27.jar:/home/user/.m2/repository/org/glassfish/hk2/osgi-resource-locator/1.0.1/osgi-resource-locator-1.0.1.jar:/home/user/.m2/repository/javax/ws/rs/javax.ws.rs-api/2.1/javax.ws.rs-api-2.1.jar:/home/user/.m2/repository/org/glassfish/jersey/ext/cdi/jersey-cdi1x/2.27/jersey-cdi1x-2.27.jar:/home/user/.m2/repository/org/glassfish/jersey/inject/jersey-hk2/2.27/jersey-hk2-2.27.jar:/home/user/.m2/repository/org/glassfish/hk2/hk2-locator/2.5.0-b42/hk2-locator-2.5.0-b42.jar:/home/user/.m2/repository/org/javassist/javassist/3.22.0-CR2/javassist-3.22.0-CR2.jar:/home/user/.m2/repository/org/glassfish/hk2/hk2-api/2.5.0/hk2-api-2.5.0.jar:/home/user/.m2/repository/org/glassfish/hk2/external/jakarta.inject/2.5.0/jakarta.inject-2.5.0.jar:/home/user/.m2/repository/org/glassfish/hk2/hk2-utils/2.5.0/hk2-utils-2.5.0.jar:/home/user/.m2/repository/jakarta/annotation/jakarta.annotation-api/1.3.4/jakarta.annotation-api-1.3.4.jar:/home/user/.m2/repository/org/glassfish/hk2/external/aopalliance-repackaged/2.5.0/aopalliance-repackaged-2.5.0.jar:/home/user/.m2/repository/com/fasterxml/jackson/dataformat/jackson-dataformat-xml/2.9.0/jackson-dataformat-xml-2.9.0.jar:/home/user/.m2/repository/com/fasterxml/jackson/core/jackson-core/2.9.5/jackson-core-2.9.5.jar:/home/user/.m2/repository/com/fasterxml/jackson/module/jackson-module-jaxb-annotations/2.9.5/jackson-module-jaxb-annotations-2.9.5.jar:/home/user/.m2/repository/javax/enterprise/cdi-api/1.2/cdi-api-1.2.jar:/home/user/.m2/repository/javax/el/javax.el-api/3.0.0/javax.el-api-3.0.0.jar:/home/user/.m2/repository/javax/interceptor/javax.interceptor-api/1.2/javax.interceptor-api-1.2.jar:/home/user/.m2/repository/javax/inject/javax.inject/1/javax.inject-1.jar:/home/user/.m2/repository/com/sun/xml/bind/jaxb-impl/2.3.0.1/jaxb-impl-2.3.0.1.jar:/home/user/.m2/repository/com/sun/xml/bind/jaxb-core/2.3.0.1/jaxb-core-2.3.0.1.jar:/home/user/.m2/repository/javax/xml/bind/jaxb-api/2.3.0/jaxb-api-2.3.0.jar:/home/user/.m2/repository/javax/activation/activation/1.1.1/activation-1.1.1.jar:/home/user/.m2/repository/org/apache/hadoop/hadoop-ozone-csi/0.5.0-SNAPSHOT/hadoop-ozone-csi-0.5.0-SNAPSHOT.jar:/home/user/.m2/repository/com/google/protobuf/protobuf-java-util/3.5.1/protobuf-java-util-3.5.1.jar:/home/user/.m2/repository/org/apache/hadoop/hadoop-hdds-config/0.5.0-SNAPSHOT/hadoop-hdds-config-0.5.0-SNAPSHOT.jar:/home/user/.m2/repository/io/grpc/grpc-netty/1.17.1/grpc-netty-1.17.1.jar:/home/user/.m2/repository/io/grpc/grpc-core/1.17.1/grpc-core-1.17.1.jar:/home/user/.m2/repository/io/grpc/grpc-context/1.17.1/grpc-context-1.17.1.jar:/home/user/.m2/repository/com/google/errorprone/error_prone_annotations/2.2.0/error_prone_annotations-2.2.0.jar:/home/user/.m2/repository/org/codehaus/mojo/animal-sniffer-annotations/1.17/animal-sniffer-annotations-1.17.jar:/home/user/.m2/repository/io/opencensus/opencensus-api/0.17.0/opencensus-api-0.17.0.jar:/home/user/.m2/repository/io/opencensus/opencensus-contrib-grpc-metrics/0.17.0/opencensus-contrib-grpc-metrics-0.17.0.jar:/home/user/.m2/repository/io/netty/netty-codec-http2/4.1.30.Final/netty-codec-http2-4.1.30.Final.jar:/home/user/.m2/repository/io/netty/netty-codec-http/4.1.30.Final/netty-codec-http-4.1.30.Final.jar:/home/user/.m2/repository/io/netty/netty-codec/4.1.30.Final/netty-codec-4.1.30.Final.jar:/home/user/.m2/repository/io/netty/netty-handler/4.1.30.Final/netty-handler-4.1.30.Final.jar:/home/user/.m2/repository/io/netty/netty-handler-proxy/4.1.30.Final/netty-handler-proxy-4.1.30.Final.jar:/home/user/.m2/repository/io/netty/netty-codec-socks/4.1.30.Final/netty-codec-socks-4.1.30.Final.jar:/home/user/.m2/repository/io/netty/netty-transport-native-epoll/4.1.30.Final/netty-transport-native-epoll-4.1.30.Final.jar:/home/user/.m2/repository/io/netty/netty-common/4.1.30.Final/netty-common-4.1.30.Final.jar:/home/user/.m2/repository/io/netty/netty-buffer/4.1.30.Final/netty-buffer-4.1.30.Final.jar:/home/user/.m2/repository/io/netty/netty-transport/4.1.30.Final/netty-transport-4.1.30.Final.jar:/home/user/.m2/repository/io/netty/netty-resolver/4.1.30.Final/netty-resolver-4.1.30.Final.jar:/home/user/.m2/repository/io/netty/netty-transport-native-unix-common/4.1.30.Final/netty-transport-native-unix-common-4.1.30.Final.jar:/home/user/.m2/repository/io/grpc/grpc-protobuf/1.17.1/grpc-protobuf-1.17.1.jar:/home/user/.m2/repository/com/google/api/grpc/proto-google-common-protos/1.0.0/proto-google-common-protos-1.0.0.jar:/home/user/.m2/repository/io/grpc/grpc-protobuf-lite/1.17.1/grpc-protobuf-lite-1.17.1.jar:/home/user/.m2/repository/io/grpc/grpc-stub/1.17.1/grpc-stub-1.17.1.jar:/home/user/.m2/repository/org/apache/hadoop/hadoop-ozone-recon/0.5.0-SNAPSHOT/hadoop-ozone-recon-0.5.0-SNAPSHOT.jar:/home/user/.m2/repository/org/apache/hadoop/hadoop-ozone-reconcodegen/0.5.0-SNAPSHOT/hadoop-ozone-reconcodegen-0.5.0-SNAPSHOT.jar:/home/user/.m2/repository/com/google/inject/extensions/guice-multibindings/4.0/guice-multibindings-4.0.jar:/home/user/.m2/repository/com/google/inject/guice/4.0/guice-4.0.jar:/home/user/.m2/repository/aopalliance/aopalliance/1.0/aopalliance-1.0.jar:/home/user/.m2/repository/com/google/inject/extensions/guice-servlet/4.0/guice-servlet-4.0.jar:/home/user/.m2/repository/org/glassfish/jersey/containers/jersey-container-servlet/2.27/jersey-container-servlet-2.27.jar:/home/user/.m2/repository/org/glassfish/hk2/guice-bridge/2.5.0/guice-bridge-2.5.0.jar:/home/user/.m2/repository/org/glassfish/jersey/core/jersey-server/2.27/jersey-server-2.27.jar:/home/user/.m2/repository/org/glassfish/jersey/core/jersey-client/2.27/jersey-client-2.27.jar:/home/user/.m2/repository/org/glassfish/jersey/media/jersey-media-jaxb/2.27/jersey-media-jaxb-2.27.jar:/home/user/.m2/repository/javax/validation/validation-api/1.1.0.Final/validation-api-1.1.0.Final.jar:/home/user/.m2/repository/org/glassfish/jersey/media/jersey-media-json-jackson/2.27/jersey-media-json-jackson-2.27.jar:/home/user/.m2/repository/org/glassfish/jersey/ext/jersey-entity-filtering/2.27/jersey-entity-filtering-2.27.jar:/home/user/.m2/repository/com/google/inject/extensions/guice-assistedinject/4.0/guice-assistedinject-4.0.jar:/home/user/.m2/repository/org/jooq/jooq/3.11.10/jooq-3.11.10.jar:/home/user/.m2/repository/org/jooq/jooq-meta/3.11.10/jooq-meta-3.11.10.jar:/home/user/.m2/repository/org/jooq/jooq-codegen/3.11.10/jooq-codegen-3.11.10.jar:/home/user/.m2/repository/com/jolbox/bonecp/0.8.0.RELEASE/bonecp-0.8.0.RELEASE.jar:/home/user/.m2/repository/org/xerial/sqlite-jdbc/3.25.2/sqlite-jdbc-3.25.2.jar:/home/user/.m2/repository/org/springframework/spring-jdbc/5.1.3.RELEASE/spring-jdbc-5.1.3.RELEASE.jar:/home/user/.m2/repository/org/springframework/spring-beans/5.1.3.RELEASE/spring-beans-5.1.3.RELEASE.jar:/home/user/.m2/repository/org/springframework/spring-core/5.1.3.RELEASE/spring-core-5.1.3.RELEASE.jar:/home/user/.m2/repository/org/springframework/spring-jcl/5.1.3.RELEASE/spring-jcl-5.1.3.RELEASE.jar:/home/user/.m2/repository/org/springframework/spring-tx/5.1.3.RELEASE/spring-tx-5.1.3.RELEASE.jar:/home/user/.m2/repository/org/apache/hadoop/hadoop-ozone-client/0.5.0-SNAPSHOT/hadoop-ozone-client-0.5.0-SNAPSHOT.jar:/home/user/.m2/repository/commons-lang/commons-lang/2.6/commons-lang-2.6.jar:/home/user/.m2/repository/org/apache/hadoop/hadoop-ozone-ozone-manager/0.5.0-SNAPSHOT/hadoop-ozone-ozone-manager-0.5.0-SNAPSHOT-tests.jar:/home/user/.m2/repository/junit/junit/4.11/junit-4.11.jar:/home/user/.m2/repository/org/hamcrest/hamcrest-core/1.3/hamcrest-core-1.3.jar:/home/user/.m2/repository/org/openjdk/jmh/jmh-core/1.19/jmh-core-1.19.jar:/home/user/.m2/repository/net/sf/jopt-simple/jopt-simple/4.6/jopt-simple-4.6.jar:/home/user/.m2/repository/org/apache/commons/commons-math3/3.1.1/commons-math3-3.1.1.jar:/home/user/.m2/repository/org/openjdk/jmh/jmh-generator-annprocess/1.19/jmh-generator-annprocess-1.19.jar:/home/user/.m2/repository/org/mockito/mockito-all/1.8.5/mockito-all-1.8.5.jar:/home/user/.m2/repository/org/apache/hadoop/hadoop-kms/3.2.0/hadoop-kms-3.2.0.jar:/home/user/.m2/repository/org/apache/hadoop/hadoop-auth/3.2.0/hadoop-auth-3.2.0.jar:/home/user/.m2/repository/com/nimbusds/nimbus-jose-jwt/4.41.1/nimbus-jose-jwt-4.41.1.jar:/home/user/.m2/repository/com/github/stephenc/jcip/jcip-annotations/1.0-1/jcip-annotations-1.0-1.jar:/home/user/.m2/repository/net/minidev/json-smart/2.3/json-smart-2.3.jar:/home/user/.m2/repository/net/minidev/accessors-smart/1.2/accessors-smart-1.2.jar:/home/user/.m2/repository/org/ow2/asm/asm/5.0.4/asm-5.0.4.jar:/home/user/.m2/repository/org/apache/curator/curator-framework/2.12.0/curator-framework-2.12.0.jar:/home/user/.m2/repository/com/sun/jersey/jersey-core/1.19/jersey-core-1.19.jar:/home/user/.m2/repository/javax/ws/rs/jsr311-api/1.1.1/jsr311-api-1.1.1.jar:/home/user/.m2/repository/com/sun/jersey/jersey-server/1.19/jersey-server-1.19.jar:/home/user/.m2/repository/javax/servlet/javax.servlet-api/3.1.0/javax.servlet-api-3.1.0.jar:/home/user/.m2/repository/org/eclipse/jetty/jetty-server/9.3.24.v20180605/jetty-server-9.3.24.v20180605.jar:/home/user/.m2/repository/org/eclipse/jetty/jetty-http/9.3.24.v20180605/jetty-http-9.3.24.v20180605.jar:/home/user/.m2/repository/org/eclipse/jetty/jetty-io/9.3.24.v20180605/jetty-io-9.3.24.v20180605.jar:/home/user/.m2/repository/org/eclipse/jetty/jetty-webapp/9.3.24.v20180605/jetty-webapp-9.3.24.v20180605.jar:/home/user/.m2/repository/org/eclipse/jetty/jetty-xml/9.3.24.v20180605/jetty-xml-9.3.24.v20180605.jar:/home/user/.m2/repository/log4j/log4j/1.2.17/log4j-1.2.17.jar:/home/user/.m2/repository/org/slf4j/slf4j-api/1.7.25/slf4j-api-1.7.25.jar:/home/user/.m2/repository/org/slf4j/jul-to-slf4j/1.7.25/jul-to-slf4j-1.7.25.jar:/home/user/.m2/repository/org/eclipse/jetty/jetty-util/9.3.24.v20180605/jetty-util-9.3.24.v20180605.jar:/home/user/.m2/repository/com/fasterxml/jackson/core/jackson-databind/2.9.5/jackson-databind-2.9.5.jar:/home/user/.m2/repository/org/apache/hadoop/hadoop-kms/3.2.0/hadoop-kms-3.2.0-tests.jar:/home/user/.m2/repository/org/apache/hadoop/hadoop-hdds-server-scm/0.5.0-SNAPSHOT/hadoop-hdds-server-scm-0.5.0-SNAPSHOT-tests.jar:/home/user/.m2/repository/org/apache/hadoop/hadoop-hdds-container-service/0.5.0-SNAPSHOT/hadoop-hdds-container-service-0.5.0-SNAPSHOT-tests.jar:/home/user/.m2/repository/org/yaml/snakeyaml/1.16/snakeyaml-1.16.jar:/home/user/.m2/repository/org/apache/hadoop/hadoop-common/3.2.0/hadoop-common-3.2.0-tests.jar:/home/user/.m2/repository/org/apache/hadoop/hadoop-annotations/3.2.0/hadoop-annotations-3.2.0.jar:/usr/lib/jvm/java-1.8-openjdk/jre/../lib/tools.jar:/home/user/.m2/repository/commons-cli/commons-cli/1.2/commons-cli-1.2.jar:/home/user/.m2/repository/org/apache/httpcomponents/httpclient/4.5.2/httpclient-4.5.2.jar:/home/user/.m2/repository/org/apache/httpcomponents/httpcore/4.4.4/httpcore-4.4.4.jar:/home/user/.m2/repository/commons-codec/commons-codec/1.11/commons-codec-1.11.jar:/home/user/.m2/repository/commons-net/commons-net/3.6/commons-net-3.6.jar:/home/user/.m2/repository/commons-collections/commons-collections/3.2.2/commons-collections-3.2.2.jar:/home/user/.m2/repository/org/eclipse/jetty/jetty-servlet/9.3.24.v20180605/jetty-servlet-9.3.24.v20180605.jar:/home/user/.m2/repository/org/eclipse/jetty/jetty-security/9.3.24.v20180605/jetty-security-9.3.24.v20180605.jar:/home/user/.m2/repository/javax/servlet/jsp/jsp-api/2.1/jsp-api-2.1.jar:/home/user/.m2/repository/com/sun/jersey/jersey-servlet/1.19/jersey-servlet-1.19.jar:/home/user/.m2/repository/com/sun/jersey/jersey-json/1.19/jersey-json-1.19.jar:/home/user/.m2/repository/org/codehaus/jettison/jettison/1.1/jettison-1.1.jar:/home/user/.m2/repository/org/codehaus/jackson/jackson-core-asl/1.9.13/jackson-core-asl-1.9.13.jar:/home/user/.m2/repository/org/codehaus/jackson/jackson-mapper-asl/1.9.13/jackson-mapper-asl-1.9.13.jar:/home/user/.m2/repository/org/codehaus/jackson/jackson-jaxrs/1.9.13/jackson-jaxrs-1.9.13.jar:/home/user/.m2/repository/org/codehaus/jackson/jackson-xc/1.9.13/jackson-xc-1.9.13.jar:/home/user/.m2/repository/commons-logging/commons-logging/1.1.3/commons-logging-1.1.3.jar:/home/user/.m2/repository/commons-beanutils/commons-beanutils/1.9.3/commons-beanutils-1.9.3.jar:/home/user/.m2/repository/org/apache/commons/commons-configuration2/2.1.1/commons-configuration2-2.1.1.jar:/home/user/.m2/repository/org/apache/commons/commons-lang3/3.7/commons-lang3-3.7.jar:/home/user/.m2/repository/org/apache/commons/commons-text/1.4/commons-text-1.4.jar:/home/user/.m2/repository/org/apache/avro/avro/1.7.7/avro-1.7.7.jar:/home/user/.m2/repository/com/thoughtworks/paranamer/paranamer/2.3/paranamer-2.3.jar:/home/user/.m2/repository/org/xerial/snappy/snappy-java/1.0.5/snappy-java-1.0.5.jar:/home/user/.m2/repository/com/google/re2j/re2j/1.1/re2j-1.1.jar:/home/user/.m2/repository/com/google/code/gson/gson/2.2.4/gson-2.2.4.jar:/home/user/.m2/repository/com/jcraft/jsch/0.1.54/jsch-0.1.54.jar:/home/user/.m2/repository/org/apache/curator/curator-client/2.12.0/curator-client-2.12.0.jar:/home/user/.m2/repository/org/apache/curator/curator-recipes/2.12.0/curator-recipes-2.12.0.jar:/home/user/.m2/repository/com/google/code/findbugs/jsr305/3.0.0/jsr305-3.0.0.jar:/home/user/.m2/repository/org/apache/htrace/htrace-core4/4.1.0-incubating/htrace-core4-4.1.0-incubating.jar:/home/user/.m2/repository/org/apache/zookeeper/zookeeper/3.4.13/zookeeper-3.4.13.jar:/home/user/.m2/repository/org/apache/yetus/audience-annotations/0.5.0/audience-annotations-0.5.0.jar:/home/user/.m2/repository/org/codehaus/woodstox/stax2-api/3.1.4/stax2-api-3.1.4.jar:/home/user/.m2/repository/com/fasterxml/woodstox/woodstox-core/5.0.3/woodstox-core-5.0.3.jar:/home/user/.m2/repository/dnsjava/dnsjava/2.1.7/dnsjava-2.1.7.jar:/home/user/.m2/repository/org/apache/hadoop/hadoop-hdfs/3.2.0/hadoop-hdfs-3.2.0-tests.jar:/home/user/.m2/repository/org/eclipse/jetty/jetty-util-ajax/9.3.24.v20180605/jetty-util-ajax-9.3.24.v20180605.jar:/home/user/.m2/repository/commons-daemon/commons-daemon/1.0.13/commons-daemon-1.0.13.jar:/home/user/.m2/repository/io/netty/netty/3.10.5.Final/netty-3.10.5.Final.jar:/home/user/.m2/repository/io/netty/netty-all/4.0.52.Final/netty-all-4.0.52.Final.jar:/home/user/.m2/repository/org/fusesource/leveldbjni/leveldbjni-all/1.8/leveldbjni-all-1.8.jar:"/>
    <property name="java.vm.vendor" value="IcedTea"/>
    <property name="sun.arch.data.model" value="64"/>
    <property name="test.build.dir" value="/tmp/workdir/hadoop-ozone/integration-test/target/test-dir"/>
    <property name="test.cache.data" value=""/>
    <property name="java.vendor.url" value="https://icedtea.classpath.org"/>
    <property name="user.timezone" value=""/>
    <property name="java.vm.specification.version" value="1.8"/>
    <property name="os.name" value="Linux"/>
    <property name="test.build.data" value="/tmp/workdir/hadoop-ozone/integration-test/target/test-dir"/>
    <property name="user.country" value="US"/>
    <property name="sun.java.launcher" value="SUN_STANDARD"/>
    <property name="sun.boot.library.path" value="/usr/lib/jvm/java-1.8-openjdk/jre/lib/amd64"/>
    <property name="sun.java.command" value="/tmp/workdir/hadoop-ozone/integration-test/target/surefire/surefirebooter1011552622708844830.jar /tmp/workdir/hadoop-ozone/integration-test/target/surefire 2019-07-14T04-10-26_574-jvmRun1 surefire6593085437129155261tmp surefire_416939826327259150006tmp"/>
    <property name="surefire.test.class.path" value="/tmp/workdir/hadoop-ozone/integration-test/target/test-classes:/tmp/workdir/hadoop-ozone/integration-test/target/classes:/home/user/.m2/repository/org/apache/hadoop/hadoop-ozone-common/0.5.0-SNAPSHOT/hadoop-ozone-common-0.5.0-SNAPSHOT.jar:/home/user/.m2/repository/org/apache/commons/commons-compress/1.4.1/commons-compress-1.4.1.jar:/home/user/.m2/repository/org/tukaani/xz/1.0/xz-1.0.jar:/home/user/.m2/repository/org/apache/hadoop/hadoop-common/3.2.0/hadoop-common-3.2.0.jar:/home/user/.m2/repository/org/apache/hadoop/hadoop-hdfs/3.2.0/hadoop-hdfs-3.2.0.jar:/home/user/.m2/repository/org/apache/hadoop/hadoop-hdfs-client/3.2.0/hadoop-hdfs-client-3.2.0.jar:/home/user/.m2/repository/com/fasterxml/jackson/core/jackson-annotations/2.9.5/jackson-annotations-2.9.5.jar:/home/user/.m2/repository/org/apache/hadoop/hadoop-hdds-common/0.5.0-SNAPSHOT/hadoop-hdds-common-0.5.0-SNAPSHOT.jar:/home/user/.m2/repository/javax/annotation/javax.annotation-api/1.2/javax.annotation-api-1.2.jar:/home/user/.m2/repository/org/apache/ratis/ratis-server/0.4.0-2337318-SNAPSHOT/ratis-server-0.4.0-2337318-SNAPSHOT.jar:/home/user/.m2/repository/org/apache/ratis/ratis-thirdparty-misc/0.2.0/ratis-thirdparty-misc-0.2.0.jar:/home/user/.m2/repository/org/apache/ratis/ratis-proto/0.4.0-2337318-SNAPSHOT/ratis-proto-0.4.0-2337318-SNAPSHOT.jar:/home/user/.m2/repository/org/apache/ratis/ratis-common/0.4.0-2337318-SNAPSHOT/ratis-common-0.4.0-2337318-SNAPSHOT.jar:/home/user/.m2/repository/org/apache/ratis/ratis-client/0.4.0-2337318-SNAPSHOT/ratis-client-0.4.0-2337318-SNAPSHOT.jar:/home/user/.m2/repository/org/apache/ratis/ratis-metrics/0.4.0-2337318-SNAPSHOT/ratis-metrics-0.4.0-2337318-SNAPSHOT.jar:/home/user/.m2/repository/org/apache/ratis/ratis-netty/0.4.0-2337318-SNAPSHOT/ratis-netty-0.4.0-2337318-SNAPSHOT.jar:/home/user/.m2/repository/org/apache/ratis/ratis-grpc/0.4.0-2337318-SNAPSHOT/ratis-grpc-0.4.0-2337318-SNAPSHOT.jar:/home/user/.m2/repository/org/rocksdb/rocksdbjni/6.0.1/rocksdbjni-6.0.1.jar:/home/user/.m2/repository/org/apache/logging/log4j/log4j-api/2.11.0/log4j-api-2.11.0.jar:/home/user/.m2/repository/org/apache/logging/log4j/log4j-core/2.11.0/log4j-core-2.11.0.jar:/home/user/.m2/repository/com/lmax/disruptor/3.4.2/disruptor-3.4.2.jar:/home/user/.m2/repository/org/apache/commons/commons-pool2/2.6.0/commons-pool2-2.6.0.jar:/home/user/.m2/repository/org/bouncycastle/bcpkix-jdk15on/1.60/bcpkix-jdk15on-1.60.jar:/home/user/.m2/repository/commons-validator/commons-validator/1.6/commons-validator-1.6.jar:/home/user/.m2/repository/commons-digester/commons-digester/1.8.1/commons-digester-1.8.1.jar:/home/user/.m2/repository/io/jaegertracing/jaeger-client/0.33.1/jaeger-client-0.33.1.jar:/home/user/.m2/repository/io/jaegertracing/jaeger-thrift/0.33.1/jaeger-thrift-0.33.1.jar:/home/user/.m2/repository/org/apache/thrift/libthrift/0.11.0/libthrift-0.11.0.jar:/home/user/.m2/repository/com/squareup/okhttp3/okhttp/3.9.0/okhttp-3.9.0.jar:/home/user/.m2/repository/com/squareup/okio/okio/1.13.0/okio-1.13.0.jar:/home/user/.m2/repository/io/jaegertracing/jaeger-core/0.33.1/jaeger-core-0.33.1.jar:/home/user/.m2/repository/io/jaegertracing/jaeger-tracerresolver/0.33.1/jaeger-tracerresolver-0.33.1.jar:/home/user/.m2/repository/io/opentracing/contrib/opentracing-tracerresolver/0.1.5/opentracing-tracerresolver-0.1.5.jar:/home/user/.m2/repository/io/opentracing/opentracing-util/0.31.0/opentracing-util-0.31.0.jar:/home/user/.m2/repository/io/opentracing/opentracing-api/0.31.0/opentracing-api-0.31.0.jar:/home/user/.m2/repository/io/opentracing/opentracing-noop/0.31.0/opentracing-noop-0.31.0.jar:/home/user/.m2/repository/org/apache/hadoop/hadoop-hdds-server-framework/0.5.0-SNAPSHOT/hadoop-hdds-server-framework-0.5.0-SNAPSHOT.jar:/home/user/.m2/repository/org/apache/hadoop/hadoop-hdds-container-service/0.5.0-SNAPSHOT/hadoop-hdds-container-service-0.5.0-SNAPSHOT.jar:/home/user/.m2/repository/org/apache/hadoop/hadoop-hdds-client/0.5.0-SNAPSHOT/hadoop-hdds-client-0.5.0-SNAPSHOT.jar:/home/user/.m2/repository/org/apache/hadoop/hadoop-hdds-tools/0.5.0-SNAPSHOT/hadoop-hdds-tools-0.5.0-SNAPSHOT.jar:/home/user/.m2/repository/org/apache/hadoop/hadoop-hdds-server-scm/0.5.0-SNAPSHOT/hadoop-hdds-server-scm-0.5.0-SNAPSHOT.jar:/home/user/.m2/repository/org/apache/hadoop/hadoop-hdds-docs/0.5.0-SNAPSHOT/hadoop-hdds-docs-0.5.0-SNAPSHOT.jar:/home/user/.m2/repository/io/dropwizard/metrics/metrics-core/3.2.4/metrics-core-3.2.4.jar:/home/user/.m2/repository/org/hamcrest/hamcrest-all/1.3/hamcrest-all-1.3.jar:/home/user/.m2/repository/org/bouncycastle/bcprov-jdk15on/1.60/bcprov-jdk15on-1.60.jar:/home/user/.m2/repository/info/picocli/picocli/3.9.6/picocli-3.9.6.jar:/home/user/.m2/repository/com/google/protobuf/protobuf-java/2.5.0/protobuf-java-2.5.0.jar:/home/user/.m2/repository/com/google/guava/guava/11.0.2/guava-11.0.2.jar:/home/user/.m2/repository/org/apache/hadoop/hadoop-ozone-ozone-manager/0.5.0-SNAPSHOT/hadoop-ozone-ozone-manager-0.5.0-SNAPSHOT.jar:/home/user/.m2/repository/org/apache/hadoop/hadoop-minikdc/3.2.0/hadoop-minikdc-3.2.0.jar:/home/user/.m2/repository/commons-io/commons-io/2.5/commons-io-2.5.jar:/home/user/.m2/repository/org/apache/kerby/kerb-simplekdc/1.0.1/kerb-simplekdc-1.0.1.jar:/home/user/.m2/repository/org/apache/kerby/kerb-client/1.0.1/kerb-client-1.0.1.jar:/home/user/.m2/repository/org/apache/kerby/kerby-config/1.0.1/kerby-config-1.0.1.jar:/home/user/.m2/repository/org/apache/kerby/kerb-core/1.0.1/kerb-core-1.0.1.jar:/home/user/.m2/repository/org/apache/kerby/kerby-pkix/1.0.1/kerby-pkix-1.0.1.jar:/home/user/.m2/repository/org/apache/kerby/kerby-asn1/1.0.1/kerby-asn1-1.0.1.jar:/home/user/.m2/repository/org/apache/kerby/kerby-util/1.0.1/kerby-util-1.0.1.jar:/home/user/.m2/repository/org/apache/kerby/kerb-common/1.0.1/kerb-common-1.0.1.jar:/home/user/.m2/repository/org/apache/kerby/kerb-crypto/1.0.1/kerb-crypto-1.0.1.jar:/home/user/.m2/repository/org/apache/kerby/kerb-util/1.0.1/kerb-util-1.0.1.jar:/home/user/.m2/repository/org/apache/kerby/token-provider/1.0.1/token-provider-1.0.1.jar:/home/user/.m2/repository/org/apache/kerby/kerb-admin/1.0.1/kerb-admin-1.0.1.jar:/home/user/.m2/repository/org/apache/kerby/kerb-server/1.0.1/kerb-server-1.0.1.jar:/home/user/.m2/repository/org/apache/kerby/kerb-identity/1.0.1/kerb-identity-1.0.1.jar:/home/user/.m2/repository/org/apache/kerby/kerby-xdr/1.0.1/kerby-xdr-1.0.1.jar:/home/user/.m2/repository/org/slf4j/slf4j-log4j12/1.7.25/slf4j-log4j12-1.7.25.jar:/home/user/.m2/repository/org/apache/hadoop/hadoop-ozone-objectstore-service/0.5.0-SNAPSHOT/hadoop-ozone-objectstore-service-0.5.0-SNAPSHOT.jar:/home/user/.m2/repository/org/apache/hadoop/hadoop-ozone-s3gateway/0.5.0-SNAPSHOT/hadoop-ozone-s3gateway-0.5.0-SNAPSHOT.jar:/home/user/.m2/repository/org/jboss/weld/servlet/weld-servlet/2.4.7.Final/weld-servlet-2.4.7.Final.jar:/home/user/.m2/repository/org/glassfish/jersey/containers/jersey-container-servlet-core/2.27/jersey-container-servlet-core-2.27.jar:/home/user/.m2/repository/org/glassfish/hk2/external/javax.inject/2.5.0-b42/javax.inject-2.5.0-b42.jar:/home/user/.m2/repository/org/glassfish/jersey/core/jersey-common/2.27/jersey-common-2.27.jar:/home/user/.m2/repository/org/glassfish/hk2/osgi-resource-locator/1.0.1/osgi-resource-locator-1.0.1.jar:/home/user/.m2/repository/javax/ws/rs/javax.ws.rs-api/2.1/javax.ws.rs-api-2.1.jar:/home/user/.m2/repository/org/glassfish/jersey/ext/cdi/jersey-cdi1x/2.27/jersey-cdi1x-2.27.jar:/home/user/.m2/repository/org/glassfish/jersey/inject/jersey-hk2/2.27/jersey-hk2-2.27.jar:/home/user/.m2/repository/org/glassfish/hk2/hk2-locator/2.5.0-b42/hk2-locator-2.5.0-b42.jar:/home/user/.m2/repository/org/javassist/javassist/3.22.0-CR2/javassist-3.22.0-CR2.jar:/home/user/.m2/repository/org/glassfish/hk2/hk2-api/2.5.0/hk2-api-2.5.0.jar:/home/user/.m2/repository/org/glassfish/hk2/external/jakarta.inject/2.5.0/jakarta.inject-2.5.0.jar:/home/user/.m2/repository/org/glassfish/hk2/hk2-utils/2.5.0/hk2-utils-2.5.0.jar:/home/user/.m2/repository/jakarta/annotation/jakarta.annotation-api/1.3.4/jakarta.annotation-api-1.3.4.jar:/home/user/.m2/repository/org/glassfish/hk2/external/aopalliance-repackaged/2.5.0/aopalliance-repackaged-2.5.0.jar:/home/user/.m2/repository/com/fasterxml/jackson/dataformat/jackson-dataformat-xml/2.9.0/jackson-dataformat-xml-2.9.0.jar:/home/user/.m2/repository/com/fasterxml/jackson/core/jackson-core/2.9.5/jackson-core-2.9.5.jar:/home/user/.m2/repository/com/fasterxml/jackson/module/jackson-module-jaxb-annotations/2.9.5/jackson-module-jaxb-annotations-2.9.5.jar:/home/user/.m2/repository/javax/enterprise/cdi-api/1.2/cdi-api-1.2.jar:/home/user/.m2/repository/javax/el/javax.el-api/3.0.0/javax.el-api-3.0.0.jar:/home/user/.m2/repository/javax/interceptor/javax.interceptor-api/1.2/javax.interceptor-api-1.2.jar:/home/user/.m2/repository/javax/inject/javax.inject/1/javax.inject-1.jar:/home/user/.m2/repository/com/sun/xml/bind/jaxb-impl/2.3.0.1/jaxb-impl-2.3.0.1.jar:/home/user/.m2/repository/com/sun/xml/bind/jaxb-core/2.3.0.1/jaxb-core-2.3.0.1.jar:/home/user/.m2/repository/javax/xml/bind/jaxb-api/2.3.0/jaxb-api-2.3.0.jar:/home/user/.m2/repository/javax/activation/activation/1.1.1/activation-1.1.1.jar:/home/user/.m2/repository/org/apache/hadoop/hadoop-ozone-csi/0.5.0-SNAPSHOT/hadoop-ozone-csi-0.5.0-SNAPSHOT.jar:/home/user/.m2/repository/com/google/protobuf/protobuf-java-util/3.5.1/protobuf-java-util-3.5.1.jar:/home/user/.m2/repository/org/apache/hadoop/hadoop-hdds-config/0.5.0-SNAPSHOT/hadoop-hdds-config-0.5.0-SNAPSHOT.jar:/home/user/.m2/repository/io/grpc/grpc-netty/1.17.1/grpc-netty-1.17.1.jar:/home/user/.m2/repository/io/grpc/grpc-core/1.17.1/grpc-core-1.17.1.jar:/home/user/.m2/repository/io/grpc/grpc-context/1.17.1/grpc-context-1.17.1.jar:/home/user/.m2/repository/com/google/errorprone/error_prone_annotations/2.2.0/error_prone_annotations-2.2.0.jar:/home/user/.m2/repository/org/codehaus/mojo/animal-sniffer-annotations/1.17/animal-sniffer-annotations-1.17.jar:/home/user/.m2/repository/io/opencensus/opencensus-api/0.17.0/opencensus-api-0.17.0.jar:/home/user/.m2/repository/io/opencensus/opencensus-contrib-grpc-metrics/0.17.0/opencensus-contrib-grpc-metrics-0.17.0.jar:/home/user/.m2/repository/io/netty/netty-codec-http2/4.1.30.Final/netty-codec-http2-4.1.30.Final.jar:/home/user/.m2/repository/io/netty/netty-codec-http/4.1.30.Final/netty-codec-http-4.1.30.Final.jar:/home/user/.m2/repository/io/netty/netty-codec/4.1.30.Final/netty-codec-4.1.30.Final.jar:/home/user/.m2/repository/io/netty/netty-handler/4.1.30.Final/netty-handler-4.1.30.Final.jar:/home/user/.m2/repository/io/netty/netty-handler-proxy/4.1.30.Final/netty-handler-proxy-4.1.30.Final.jar:/home/user/.m2/repository/io/netty/netty-codec-socks/4.1.30.Final/netty-codec-socks-4.1.30.Final.jar:/home/user/.m2/repository/io/netty/netty-transport-native-epoll/4.1.30.Final/netty-transport-native-epoll-4.1.30.Final.jar:/home/user/.m2/repository/io/netty/netty-common/4.1.30.Final/netty-common-4.1.30.Final.jar:/home/user/.m2/repository/io/netty/netty-buffer/4.1.30.Final/netty-buffer-4.1.30.Final.jar:/home/user/.m2/repository/io/netty/netty-transport/4.1.30.Final/netty-transport-4.1.30.Final.jar:/home/user/.m2/repository/io/netty/netty-resolver/4.1.30.Final/netty-resolver-4.1.30.Final.jar:/home/user/.m2/repository/io/netty/netty-transport-native-unix-common/4.1.30.Final/netty-transport-native-unix-common-4.1.30.Final.jar:/home/user/.m2/repository/io/grpc/grpc-protobuf/1.17.1/grpc-protobuf-1.17.1.jar:/home/user/.m2/repository/com/google/api/grpc/proto-google-common-protos/1.0.0/proto-google-common-protos-1.0.0.jar:/home/user/.m2/repository/io/grpc/grpc-protobuf-lite/1.17.1/grpc-protobuf-lite-1.17.1.jar:/home/user/.m2/repository/io/grpc/grpc-stub/1.17.1/grpc-stub-1.17.1.jar:/home/user/.m2/repository/org/apache/hadoop/hadoop-ozone-recon/0.5.0-SNAPSHOT/hadoop-ozone-recon-0.5.0-SNAPSHOT.jar:/home/user/.m2/repository/org/apache/hadoop/hadoop-ozone-reconcodegen/0.5.0-SNAPSHOT/hadoop-ozone-reconcodegen-0.5.0-SNAPSHOT.jar:/home/user/.m2/repository/com/google/inject/extensions/guice-multibindings/4.0/guice-multibindings-4.0.jar:/home/user/.m2/repository/com/google/inject/guice/4.0/guice-4.0.jar:/home/user/.m2/repository/aopalliance/aopalliance/1.0/aopalliance-1.0.jar:/home/user/.m2/repository/com/google/inject/extensions/guice-servlet/4.0/guice-servlet-4.0.jar:/home/user/.m2/repository/org/glassfish/jersey/containers/jersey-container-servlet/2.27/jersey-container-servlet-2.27.jar:/home/user/.m2/repository/org/glassfish/hk2/guice-bridge/2.5.0/guice-bridge-2.5.0.jar:/home/user/.m2/repository/org/glassfish/jersey/core/jersey-server/2.27/jersey-server-2.27.jar:/home/user/.m2/repository/org/glassfish/jersey/core/jersey-client/2.27/jersey-client-2.27.jar:/home/user/.m2/repository/org/glassfish/jersey/media/jersey-media-jaxb/2.27/jersey-media-jaxb-2.27.jar:/home/user/.m2/repository/javax/validation/validation-api/1.1.0.Final/validation-api-1.1.0.Final.jar:/home/user/.m2/repository/org/glassfish/jersey/media/jersey-media-json-jackson/2.27/jersey-media-json-jackson-2.27.jar:/home/user/.m2/repository/org/glassfish/jersey/ext/jersey-entity-filtering/2.27/jersey-entity-filtering-2.27.jar:/home/user/.m2/repository/com/google/inject/extensions/guice-assistedinject/4.0/guice-assistedinject-4.0.jar:/home/user/.m2/repository/org/jooq/jooq/3.11.10/jooq-3.11.10.jar:/home/user/.m2/repository/org/jooq/jooq-meta/3.11.10/jooq-meta-3.11.10.jar:/home/user/.m2/repository/org/jooq/jooq-codegen/3.11.10/jooq-codegen-3.11.10.jar:/home/user/.m2/repository/com/jolbox/bonecp/0.8.0.RELEASE/bonecp-0.8.0.RELEASE.jar:/home/user/.m2/repository/org/xerial/sqlite-jdbc/3.25.2/sqlite-jdbc-3.25.2.jar:/home/user/.m2/repository/org/springframework/spring-jdbc/5.1.3.RELEASE/spring-jdbc-5.1.3.RELEASE.jar:/home/user/.m2/repository/org/springframework/spring-beans/5.1.3.RELEASE/spring-beans-5.1.3.RELEASE.jar:/home/user/.m2/repository/org/springframework/spring-core/5.1.3.RELEASE/spring-core-5.1.3.RELEASE.jar:/home/user/.m2/repository/org/springframework/spring-jcl/5.1.3.RELEASE/spring-jcl-5.1.3.RELEASE.jar:/home/user/.m2/repository/org/springframework/spring-tx/5.1.3.RELEASE/spring-tx-5.1.3.RELEASE.jar:/home/user/.m2/repository/org/apache/hadoop/hadoop-ozone-client/0.5.0-SNAPSHOT/hadoop-ozone-client-0.5.0-SNAPSHOT.jar:/home/user/.m2/repository/commons-lang/commons-lang/2.6/commons-lang-2.6.jar:/home/user/.m2/repository/org/apache/hadoop/hadoop-ozone-ozone-manager/0.5.0-SNAPSHOT/hadoop-ozone-ozone-manager-0.5.0-SNAPSHOT-tests.jar:/home/user/.m2/repository/junit/junit/4.11/junit-4.11.jar:/home/user/.m2/repository/org/hamcrest/hamcrest-core/1.3/hamcrest-core-1.3.jar:/home/user/.m2/repository/org/openjdk/jmh/jmh-core/1.19/jmh-core-1.19.jar:/home/user/.m2/repository/net/sf/jopt-simple/jopt-simple/4.6/jopt-simple-4.6.jar:/home/user/.m2/repository/org/apache/commons/commons-math3/3.1.1/commons-math3-3.1.1.jar:/home/user/.m2/repository/org/openjdk/jmh/jmh-generator-annprocess/1.19/jmh-generator-annprocess-1.19.jar:/home/user/.m2/repository/org/mockito/mockito-all/1.8.5/mockito-all-1.8.5.jar:/home/user/.m2/repository/org/apache/hadoop/hadoop-kms/3.2.0/hadoop-kms-3.2.0.jar:/home/user/.m2/repository/org/apache/hadoop/hadoop-auth/3.2.0/hadoop-auth-3.2.0.jar:/home/user/.m2/repository/com/nimbusds/nimbus-jose-jwt/4.41.1/nimbus-jose-jwt-4.41.1.jar:/home/user/.m2/repository/com/github/stephenc/jcip/jcip-annotations/1.0-1/jcip-annotations-1.0-1.jar:/home/user/.m2/repository/net/minidev/json-smart/2.3/json-smart-2.3.jar:/home/user/.m2/repository/net/minidev/accessors-smart/1.2/accessors-smart-1.2.jar:/home/user/.m2/repository/org/ow2/asm/asm/5.0.4/asm-5.0.4.jar:/home/user/.m2/repository/org/apache/curator/curator-framework/2.12.0/curator-framework-2.12.0.jar:/home/user/.m2/repository/com/sun/jersey/jersey-core/1.19/jersey-core-1.19.jar:/home/user/.m2/repository/javax/ws/rs/jsr311-api/1.1.1/jsr311-api-1.1.1.jar:/home/user/.m2/repository/com/sun/jersey/jersey-server/1.19/jersey-server-1.19.jar:/home/user/.m2/repository/javax/servlet/javax.servlet-api/3.1.0/javax.servlet-api-3.1.0.jar:/home/user/.m2/repository/org/eclipse/jetty/jetty-server/9.3.24.v20180605/jetty-server-9.3.24.v20180605.jar:/home/user/.m2/repository/org/eclipse/jetty/jetty-http/9.3.24.v20180605/jetty-http-9.3.24.v20180605.jar:/home/user/.m2/repository/org/eclipse/jetty/jetty-io/9.3.24.v20180605/jetty-io-9.3.24.v20180605.jar:/home/user/.m2/repository/org/eclipse/jetty/jetty-webapp/9.3.24.v20180605/jetty-webapp-9.3.24.v20180605.jar:/home/user/.m2/repository/org/eclipse/jetty/jetty-xml/9.3.24.v20180605/jetty-xml-9.3.24.v20180605.jar:/home/user/.m2/repository/log4j/log4j/1.2.17/log4j-1.2.17.jar:/home/user/.m2/repository/org/slf4j/slf4j-api/1.7.25/slf4j-api-1.7.25.jar:/home/user/.m2/repository/org/slf4j/jul-to-slf4j/1.7.25/jul-to-slf4j-1.7.25.jar:/home/user/.m2/repository/org/eclipse/jetty/jetty-util/9.3.24.v20180605/jetty-util-9.3.24.v20180605.jar:/home/user/.m2/repository/com/fasterxml/jackson/core/jackson-databind/2.9.5/jackson-databind-2.9.5.jar:/home/user/.m2/repository/org/apache/hadoop/hadoop-kms/3.2.0/hadoop-kms-3.2.0-tests.jar:/home/user/.m2/repository/org/apache/hadoop/hadoop-hdds-server-scm/0.5.0-SNAPSHOT/hadoop-hdds-server-scm-0.5.0-SNAPSHOT-tests.jar:/home/user/.m2/repository/org/apache/hadoop/hadoop-hdds-container-service/0.5.0-SNAPSHOT/hadoop-hdds-container-service-0.5.0-SNAPSHOT-tests.jar:/home/user/.m2/repository/org/yaml/snakeyaml/1.16/snakeyaml-1.16.jar:/home/user/.m2/repository/org/apache/hadoop/hadoop-common/3.2.0/hadoop-common-3.2.0-tests.jar:/home/user/.m2/repository/org/apache/hadoop/hadoop-annotations/3.2.0/hadoop-annotations-3.2.0.jar:/usr/lib/jvm/java-1.8-openjdk/jre/../lib/tools.jar:/home/user/.m2/repository/commons-cli/commons-cli/1.2/commons-cli-1.2.jar:/home/user/.m2/repository/org/apache/httpcomponents/httpclient/4.5.2/httpclient-4.5.2.jar:/home/user/.m2/repository/org/apache/httpcomponents/httpcore/4.4.4/httpcore-4.4.4.jar:/home/user/.m2/repository/commons-codec/commons-codec/1.11/commons-codec-1.11.jar:/home/user/.m2/repository/commons-net/commons-net/3.6/commons-net-3.6.jar:/home/user/.m2/repository/commons-collections/commons-collections/3.2.2/commons-collections-3.2.2.jar:/home/user/.m2/repository/org/eclipse/jetty/jetty-servlet/9.3.24.v20180605/jetty-servlet-9.3.24.v20180605.jar:/home/user/.m2/repository/org/eclipse/jetty/jetty-security/9.3.24.v20180605/jetty-security-9.3.24.v20180605.jar:/home/user/.m2/repository/javax/servlet/jsp/jsp-api/2.1/jsp-api-2.1.jar:/home/user/.m2/repository/com/sun/jersey/jersey-servlet/1.19/jersey-servlet-1.19.jar:/home/user/.m2/repository/com/sun/jersey/jersey-json/1.19/jersey-json-1.19.jar:/home/user/.m2/repository/org/codehaus/jettison/jettison/1.1/jettison-1.1.jar:/home/user/.m2/repository/org/codehaus/jackson/jackson-core-asl/1.9.13/jackson-core-asl-1.9.13.jar:/home/user/.m2/repository/org/codehaus/jackson/jackson-mapper-asl/1.9.13/jackson-mapper-asl-1.9.13.jar:/home/user/.m2/repository/org/codehaus/jackson/jackson-jaxrs/1.9.13/jackson-jaxrs-1.9.13.jar:/home/user/.m2/repository/org/codehaus/jackson/jackson-xc/1.9.13/jackson-xc-1.9.13.jar:/home/user/.m2/repository/commons-logging/commons-logging/1.1.3/commons-logging-1.1.3.jar:/home/user/.m2/repository/commons-beanutils/commons-beanutils/1.9.3/commons-beanutils-1.9.3.jar:/home/user/.m2/repository/org/apache/commons/commons-configuration2/2.1.1/commons-configuration2-2.1.1.jar:/home/user/.m2/repository/org/apache/commons/commons-lang3/3.7/commons-lang3-3.7.jar:/home/user/.m2/repository/org/apache/commons/commons-text/1.4/commons-text-1.4.jar:/home/user/.m2/repository/org/apache/avro/avro/1.7.7/avro-1.7.7.jar:/home/user/.m2/repository/com/thoughtworks/paranamer/paranamer/2.3/paranamer-2.3.jar:/home/user/.m2/repository/org/xerial/snappy/snappy-java/1.0.5/snappy-java-1.0.5.jar:/home/user/.m2/repository/com/google/re2j/re2j/1.1/re2j-1.1.jar:/home/user/.m2/repository/com/google/code/gson/gson/2.2.4/gson-2.2.4.jar:/home/user/.m2/repository/com/jcraft/jsch/0.1.54/jsch-0.1.54.jar:/home/user/.m2/repository/org/apache/curator/curator-client/2.12.0/curator-client-2.12.0.jar:/home/user/.m2/repository/org/apache/curator/curator-recipes/2.12.0/curator-recipes-2.12.0.jar:/home/user/.m2/repository/com/google/code/findbugs/jsr305/3.0.0/jsr305-3.0.0.jar:/home/user/.m2/repository/org/apache/htrace/htrace-core4/4.1.0-incubating/htrace-core4-4.1.0-incubating.jar:/home/user/.m2/repository/org/apache/zookeeper/zookeeper/3.4.13/zookeeper-3.4.13.jar:/home/user/.m2/repository/org/apache/yetus/audience-annotations/0.5.0/audience-annotations-0.5.0.jar:/home/user/.m2/repository/org/codehaus/woodstox/stax2-api/3.1.4/stax2-api-3.1.4.jar:/home/user/.m2/repository/com/fasterxml/woodstox/woodstox-core/5.0.3/woodstox-core-5.0.3.jar:/home/user/.m2/repository/dnsjava/dnsjava/2.1.7/dnsjava-2.1.7.jar:/home/user/.m2/repository/org/apache/hadoop/hadoop-hdfs/3.2.0/hadoop-hdfs-3.2.0-tests.jar:/home/user/.m2/repository/org/eclipse/jetty/jetty-util-ajax/9.3.24.v20180605/jetty-util-ajax-9.3.24.v20180605.jar:/home/user/.m2/repository/commons-daemon/commons-daemon/1.0.13/commons-daemon-1.0.13.jar:/home/user/.m2/repository/io/netty/netty/3.10.5.Final/netty-3.10.5.Final.jar:/home/user/.m2/repository/io/netty/netty-all/4.0.52.Final/netty-all-4.0.52.Final.jar:/home/user/.m2/repository/org/fusesource/leveldbjni/leveldbjni-all/1.8/leveldbjni-all-1.8.jar:"/>
    <property name="sun.cpu.endian" value="little"/>
    <property name="user.home" value="/home/user"/>
    <property name="user.language" value="en"/>
    <property name="java.specification.vendor" value="Oracle Corporation"/>
    <property name="java.home" value="/usr/lib/jvm/java-1.8-openjdk/jre"/>
    <property name="java.security.krb5.conf" value="/tmp/workdir/hadoop-ozone/integration-test/target/test-classes/krb5.conf"/>
    <property name="basedir" value="/tmp/workdir/hadoop-ozone/integration-test"/>
    <property name="file.separator" value="/"/>
    <property name="line.separator" value="&#10;"/>
    <property name="java.vm.specification.vendor" value="Oracle Corporation"/>
    <property name="java.specification.name" value="Java Platform API Specification"/>
    <property name="java.awt.graphicsenv" value="sun.awt.X11GraphicsEnvironment"/>
    <property name="surefire.real.class.path" value="/tmp/workdir/hadoop-ozone/integration-test/target/surefire/surefirebooter1011552622708844830.jar"/>
    <property name="hadoop.log.dir" value="/tmp/workdir/hadoop-ozone/integration-test/target/log"/>
    <property name="sun.boot.class.path" value="/usr/lib/jvm/java-1.8-openjdk/jre/lib/resources.jar:/usr/lib/jvm/java-1.8-openjdk/jre/lib/rt.jar:/usr/lib/jvm/java-1.8-openjdk/jre/lib/sunrsasign.jar:/usr/lib/jvm/java-1.8-openjdk/jre/lib/jsse.jar:/usr/lib/jvm/java-1.8-openjdk/jre/lib/jce.jar:/usr/lib/jvm/java-1.8-openjdk/jre/lib/charsets.jar:/usr/lib/jvm/java-1.8-openjdk/jre/lib/jfr.jar:/usr/lib/jvm/java-1.8-openjdk/jre/classes"/>
    <property name="sun.management.compiler" value="HotSpot 64-Bit Tiered Compilers"/>
    <property name="java.runtime.version" value="1.8.0_212-b04"/>
    <property name="java.net.preferIPv4Stack" value="true"/>
    <property name="user.name" value="jenkins1000"/>
    <property name="path.separator" value=":"/>
    <property name="java.security.egd" value="file:///dev/urandom"/>
    <property name="os.version" value="3.10.0-957.12.2.el7.x86_64"/>
    <property name="java.endorsed.dirs" value="/usr/lib/jvm/java-1.8-openjdk/jre/lib/endorsed"/>
    <property name="java.runtime.name" value="OpenJDK Runtime Environment"/>
    <property name="file.encoding" value="UTF-8"/>
    <property name="java.vm.name" value="OpenJDK 64-Bit Server VM"/>
    <property name="test.build.webapps" value=""/>
    <property name="localRepository" value="/home/user/.m2/repository"/>
    <property name="java.vendor.url.bug" value="https://icedtea.classpath.org/bugzilla"/>
    <property name="java.io.tmpdir" value="/tmp"/>
    <property name="require.test.libhadoop" value=""/>
    <property name="java.version" value="1.8.0_212"/>
    <property name="user.dir" value="/tmp/workdir/hadoop-ozone/integration-test"/>
    <property name="os.arch" value="amd64"/>
    <property name="java.vm.specification.name" value="Java Virtual Machine Specification"/>
    <property name="test.build.classes" value="/tmp/workdir/hadoop-ozone/integration-test/target/test-classes"/>
    <property name="java.awt.printerjob" value="sun.print.PSPrinterJob"/>
    <property name="sun.os.patch.level" value="unknown"/>
    <property name="hadoop.tmp.dir" value="/tmp/workdir/hadoop-ozone/integration-test/target/tmp"/>
    <property name="java.library.path" value="/usr/lib/jvm/java-1.8-openjdk/jre/lib/amd64/server:/usr/lib/jvm/java-1.8-openjdk/jre/lib/amd64:/usr/lib/jvm/java-1.8-openjdk/jre/../lib/amd64:/tmp/workdir/hadoop-ozone/integration-test/target/native/target/usr/local/lib:/tmp/workdir/hadoop-ozone/integration-test/../../hadoop-common-project/hadoop-common/target/native/target/usr/local/lib:/usr/java/packages/lib/amd64:/usr/lib64:/lib64:/lib:/usr/lib"/>
    <property name="java.vm.info" value="mixed mode"/>
    <property name="java.vendor" value="IcedTea"/>
    <property name="java.vm.version" value="25.212-b04"/>
    <property name="java.ext.dirs" value="/usr/lib/jvm/java-1.8-openjdk/jre/lib/ext:/usr/java/packages/lib/ext"/>
    <property name="sun.io.unicode.encoding" value="UnicodeLittle"/>
    <property name="java.class.version" value="52.0"/>
  </properties>
  <testcase name="testGroupMismatchExceptionHandling" classname="org.apache.hadoop.ozone.client.rpc.TestOzoneClientRetriesOnException" time="45.921">
    <error type="java.lang.IllegalArgumentException">java.lang.IllegalArgumentException
	at com.google.common.base.Preconditions.checkArgument(Preconditions.java:72)
	at org.apache.hadoop.hdds.scm.XceiverClientManager.acquireClient(XceiverClientManager.java:150)
	at org.apache.hadoop.hdds.scm.XceiverClientManager.acquireClientForReadData(XceiverClientManager.java:143)
	at org.apache.hadoop.hdds.scm.storage.BlockInputStream.getChunkInfos(BlockInputStream.java:154)
	at org.apache.hadoop.hdds.scm.storage.BlockInputStream.initialize(BlockInputStream.java:118)
	at org.apache.hadoop.hdds.scm.storage.BlockInputStream.read(BlockInputStream.java:222)
	at org.apache.hadoop.ozone.client.io.KeyInputStream.read(KeyInputStream.java:171)
	at org.apache.hadoop.ozone.client.io.OzoneInputStream.read(OzoneInputStream.java:47)
	at java.io.InputStream.read(InputStream.java:101)
	at org.apache.hadoop.ozone.container.ContainerTestHelper.validateData(ContainerTestHelper.java:709)
	at org.apache.hadoop.ozone.client.rpc.TestOzoneClientRetriesOnException.validateData(TestOzoneClientRetriesOnException.java:231)
	at org.apache.hadoop.ozone.client.rpc.TestOzoneClientRetriesOnException.testGroupMismatchExceptionHandling(TestOzoneClientRetriesOnException.java:160)
	at sun.reflect.NativeMethodAccessorImpl.invoke0(Native Method)
	at sun.reflect.NativeMethodAccessorImpl.invoke(NativeMethodAccessorImpl.java:62)
	at sun.reflect.DelegatingMethodAccessorImpl.invoke(DelegatingMethodAccessorImpl.java:43)
	at java.lang.reflect.Method.invoke(Method.java:498)
	at org.junit.runners.model.FrameworkMethod$1.runReflectiveCall(FrameworkMethod.java:47)
	at org.junit.internal.runners.model.ReflectiveCallable.run(ReflectiveCallable.java:12)
	at org.junit.runners.model.FrameworkMethod.invokeExplosively(FrameworkMethod.java:44)
	at org.junit.internal.runners.statements.InvokeMethod.evaluate(InvokeMethod.java:17)
	at org.junit.internal.runners.statements.RunBefores.evaluate(RunBefores.java:26)
	at org.junit.internal.runners.statements.RunAfters.evaluate(RunAfters.java:27)
	at org.junit.runners.ParentRunner.runLeaf(ParentRunner.java:271)
	at org.junit.runners.BlockJUnit4ClassRunner.runChild(BlockJUnit4ClassRunner.java:70)
	at org.junit.runners.BlockJUnit4ClassRunner.runChild(BlockJUnit4ClassRunner.java:50)
	at org.junit.runners.ParentRunner$3.run(ParentRunner.java:238)
	at org.junit.runners.ParentRunner$1.schedule(ParentRunner.java:63)
	at org.junit.runners.ParentRunner.runChildren(ParentRunner.java:236)
	at org.junit.runners.ParentRunner.access$000(ParentRunner.java:53)
	at org.junit.runners.ParentRunner$2.evaluate(ParentRunner.java:229)
	at org.junit.runners.ParentRunner.run(ParentRunner.java:309)
	at org.apache.maven.surefire.junit4.JUnit4Provider.execute(JUnit4Provider.java:365)
	at org.apache.maven.surefire.junit4.JUnit4Provider.executeWithRerun(JUnit4Provider.java:273)
	at org.apache.maven.surefire.junit4.JUnit4Provider.executeTestSet(JUnit4Provider.java:238)
	at org.apache.maven.surefire.junit4.JUnit4Provider.invoke(JUnit4Provider.java:159)
	at org.apache.maven.surefire.booter.ForkedBooter.invokeProviderInSameClassLoader(ForkedBooter.java:384)
	at org.apache.maven.surefire.booter.ForkedBooter.runSuitesInProcess(ForkedBooter.java:345)
	at org.apache.maven.surefire.booter.ForkedBooter.execute(ForkedBooter.java:126)
	at org.apache.maven.surefire.booter.ForkedBooter.main(ForkedBooter.java:418)
</error>
    <system-out><![CDATA[2019-07-14 04:42:52,201 WARN  server.ServerUtils (ServerUtils.java:getScmDbDir(145)) - ozone.scm.db.dirs is not configured. We recommend adding this setting. Falling back to ozone.metadata.dirs instead.
2019-07-14 04:42:52,319 WARN  server.ServerUtils (ServerUtils.java:getScmDbDir(145)) - ozone.scm.db.dirs is not configured. We recommend adding this setting. Falling back to ozone.metadata.dirs instead.
2019-07-14 04:42:52,323 WARN  server.ServerUtils (ServerUtils.java:getScmDbDir(145)) - ozone.scm.db.dirs is not configured. We recommend adding this setting. Falling back to ozone.metadata.dirs instead.
2019-07-14 04:42:52,344 INFO  util.log (Log.java:initialized(192)) - Logging initialized @833ms
2019-07-14 04:42:52,449 INFO  db.DBStoreBuilder (DBStoreBuilder.java:addTable(110)) - using custom profile for table: deletedBlocks
2019-07-14 04:42:52,450 INFO  db.DBStoreBuilder (DBStoreBuilder.java:processTables(161)) - Using default column profile:DBProfile.DISK for Table:deletedBlocks
2019-07-14 04:42:52,450 INFO  db.DBStoreBuilder (DBStoreBuilder.java:addTable(110)) - using custom profile for table: validCerts
2019-07-14 04:42:52,450 INFO  db.DBStoreBuilder (DBStoreBuilder.java:processTables(161)) - Using default column profile:DBProfile.DISK for Table:validCerts
2019-07-14 04:42:52,451 INFO  db.DBStoreBuilder (DBStoreBuilder.java:addTable(110)) - using custom profile for table: revokedCerts
2019-07-14 04:42:52,451 INFO  db.DBStoreBuilder (DBStoreBuilder.java:processTables(161)) - Using default column profile:DBProfile.DISK for Table:revokedCerts
2019-07-14 04:42:52,463 INFO  db.DBStoreBuilder (DBStoreBuilder.java:addTable(110)) - using custom profile for table: default
2019-07-14 04:42:52,463 INFO  db.DBStoreBuilder (DBStoreBuilder.java:processTables(167)) - Using default column profile:DBProfile.DISK for Table:default
2019-07-14 04:42:52,464 INFO  db.DBStoreBuilder (DBStoreBuilder.java:getDbProfile(198)) - Using default options. DBProfile.DISK
2019-07-14 04:42:52,624 INFO  net.NodeSchemaLoader (NodeSchemaLoader.java:loadSchemaFromFile(125)) - Loading file from sun.misc.CompoundEnumeration@20ce78ec
2019-07-14 04:42:52,626 INFO  net.NodeSchemaLoader (NodeSchemaLoader.java:loadSchema(171)) - Loading network topology layer schema file
2019-07-14 04:42:52,713 WARN  server.ServerUtils (ServerUtils.java:sanitizeUserArgs(70)) - ozone.scm.stale.node.interval value = 300000 is larger than max = 100000 based on the key value of ozone.scm.heartbeat.thread.interval, reset to the max value 100000.
2019-07-14 04:42:52,714 WARN  server.ServerUtils (ServerUtils.java:sanitizeUserArgs(70)) - ozone.scm.stale.node.interval value = 300000 is larger than max = 100000 based on the key value of ozone.scm.heartbeat.thread.interval, reset to the max value 100000.
2019-07-14 04:42:52,717 INFO  node.SCMNodeManager (SCMNodeManager.java:<init>(119)) - Entering startup safe mode.
2019-07-14 04:42:52,799 WARN  server.ServerUtils (ServerUtils.java:getScmDbDir(145)) - ozone.scm.db.dirs is not configured. We recommend adding this setting. Falling back to ozone.metadata.dirs instead.
2019-07-14 04:42:52,840 INFO  pipeline.SCMPipelineManager (SCMPipelineManager.java:initializePipelineState(126)) - No pipeline exists in current db
2019-07-14 04:42:52,843 WARN  server.ServerUtils (ServerUtils.java:getScmDbDir(145)) - ozone.scm.db.dirs is not configured. We recommend adding this setting. Falling back to ozone.metadata.dirs instead.
2019-07-14 04:42:52,955 WARN  events.EventQueue (EventQueue.java:fireEvent(175)) - No event handler registered for event TypedEvent{payloadType=SafeModeStatus, name='SafeModeStatus'}
2019-07-14 04:42:53,293 INFO  ipc.CallQueueManager (CallQueueManager.java:<init>(84)) - Using callQueue: class java.util.concurrent.LinkedBlockingQueue, queueCapacity: 2000, scheduler: class org.apache.hadoop.ipc.DefaultRpcScheduler, ipcBackoff: false.
2019-07-14 04:42:53,319 INFO  ipc.Server (Server.java:run(1074)) - Starting Socket Reader #1 for port 36969
2019-07-14 04:42:53,342 INFO  ipc.CallQueueManager (CallQueueManager.java:<init>(84)) - Using callQueue: class java.util.concurrent.LinkedBlockingQueue, queueCapacity: 2000, scheduler: class org.apache.hadoop.ipc.DefaultRpcScheduler, ipcBackoff: false.
2019-07-14 04:42:53,344 INFO  ipc.Server (Server.java:run(1074)) - Starting Socket Reader #1 for port 40663
2019-07-14 04:42:53,350 INFO  ipc.CallQueueManager (CallQueueManager.java:<init>(84)) - Using callQueue: class java.util.concurrent.LinkedBlockingQueue, queueCapacity: 2000, scheduler: class org.apache.hadoop.ipc.DefaultRpcScheduler, ipcBackoff: false.
2019-07-14 04:42:53,351 INFO  ipc.Server (Server.java:run(1074)) - Starting Socket Reader #1 for port 34709
2019-07-14 04:42:53,492 INFO  hdfs.DFSUtil (DFSUtil.java:httpServerTemplateForNNAndJN(1641)) - Starting Web-server for scm at: http://0.0.0.0:0
2019-07-14 04:42:53,651 INFO  server.AuthenticationFilter (AuthenticationFilter.java:constructSecretProvider(240)) - Unable to initialize FileSignerSecretProvider, falling back to use random secrets.
2019-07-14 04:42:53,658 WARN  http.HttpRequestLog (HttpRequestLog.java:getRequestLog(97)) - Jetty request log can only be enabled using Log4j
2019-07-14 04:42:53,666 INFO  http.HttpServer2 (HttpServer2.java:addGlobalFilter(975)) - Added global filter 'safety' (class=org.apache.hadoop.http.HttpServer2$QuotingInputFilter)
2019-07-14 04:42:53,669 INFO  http.HttpServer2 (HttpServer2.java:addFilter(948)) - Added filter static_user_filter (class=org.apache.hadoop.http.lib.StaticUserWebFilter$StaticUserFilter) to context scm
2019-07-14 04:42:53,669 INFO  http.HttpServer2 (HttpServer2.java:addFilter(958)) - Added filter static_user_filter (class=org.apache.hadoop.http.lib.StaticUserWebFilter$StaticUserFilter) to context static
2019-07-14 04:42:53,669 INFO  http.HttpServer2 (HttpServer2.java:addFilter(958)) - Added filter static_user_filter (class=org.apache.hadoop.http.lib.StaticUserWebFilter$StaticUserFilter) to context logs
2019-07-14 04:42:53,712 INFO  server.StorageContainerManager (StorageContainerManager.java:start(759)) - StorageContainerLocationProtocol RPC server is listening at /0.0.0.0:34709
2019-07-14 04:42:53,787 WARN  impl.MetricsConfig (MetricsConfig.java:loadFirst(134)) - Cannot locate configuration: tried hadoop-metrics2-storagecontainermanager.properties,hadoop-metrics2.properties
2019-07-14 04:42:53,801 INFO  impl.MetricsSystemImpl (MetricsSystemImpl.java:startTimer(374)) - Scheduled Metric snapshot period at 10 second(s).
2019-07-14 04:42:53,802 INFO  impl.MetricsSystemImpl (MetricsSystemImpl.java:start(191)) - StorageContainerManager metrics system started
2019-07-14 04:42:54,019 INFO  server.SCMClientProtocolServer (SCMClientProtocolServer.java:start(149)) - RPC server for Client  is listening at /0.0.0.0:34709
2019-07-14 04:42:54,020 INFO  ipc.Server (Server.java:run(1314)) - IPC Server Responder: starting
2019-07-14 04:42:54,020 INFO  ipc.Server (Server.java:run(1153)) - IPC Server listener on 34709: starting
2019-07-14 04:42:54,025 INFO  server.StorageContainerManager (StorageContainerManager.java:start(768)) - ScmBlockLocationProtocol RPC server is listening at /0.0.0.0:40663
2019-07-14 04:42:54,025 INFO  server.SCMBlockProtocolServer (SCMBlockProtocolServer.java:start(140)) - RPC server for Block Protocol is listening at /0.0.0.0:40663
2019-07-14 04:42:54,026 INFO  ipc.Server (Server.java:run(1314)) - IPC Server Responder: starting
2019-07-14 04:42:54,026 INFO  ipc.Server (Server.java:run(1153)) - IPC Server listener on 40663: starting
2019-07-14 04:42:54,035 INFO  server.StorageContainerManager (StorageContainerManager.java:start(772)) - ScmDatanodeProtocl RPC server is listening at /0.0.0.0:36969
2019-07-14 04:42:54,035 INFO  server.SCMDatanodeProtocolServer (SCMDatanodeProtocolServer.java:start(191)) - RPC server for DataNodes is listening at /0.0.0.0:36969
2019-07-14 04:42:54,037 INFO  ipc.Server (Server.java:run(1153)) - IPC Server listener on 36969: starting
2019-07-14 04:42:54,037 INFO  ipc.Server (Server.java:run(1314)) - IPC Server Responder: starting
2019-07-14 04:42:54,050 INFO  http.HttpServer2 (HttpServer2.java:bindListener(1191)) - Jetty bound to port 41476
2019-07-14 04:42:54,052 INFO  server.Server (Server.java:doStart(351)) - jetty-9.3.24.v20180605, build timestamp: 2018-06-05T17:11:56Z, git hash: 84205aa28f11a4f31f2a3b86d1bba2cc8ab69827
2019-07-14 04:42:54,095 INFO  handler.ContextHandler (ContextHandler.java:doStart(781)) - Started o.e.j.s.ServletContextHandler@635572a7{/logs,file:///tmp/workdir/hadoop-ozone/integration-test/target/log,AVAILABLE}
2019-07-14 04:42:54,096 INFO  handler.ContextHandler (ContextHandler.java:doStart(781)) - Started o.e.j.s.ServletContextHandler@4dd02341{/static,file:///tmp/workdir/hadoop-ozone/integration-test/target/test-classes/webapps/static,AVAILABLE}
2019-07-14 04:42:54,129 INFO  handler.ContextHandler (ContextHandler.java:doStart(781)) - Started o.e.j.w.WebAppContext@6fff253c{/,file:///tmp/workdir/hadoop-ozone/integration-test/target/test-classes/webapps/scm/,AVAILABLE}{/scm}
2019-07-14 04:42:54,134 INFO  server.AbstractConnector (AbstractConnector.java:doStart(278)) - Started ServerConnector@7c041b41{HTTP/1.1,[http/1.1]}{0.0.0.0:41476}
2019-07-14 04:42:54,134 INFO  server.Server (Server.java:doStart(419)) - Started @2624ms
2019-07-14 04:42:54,136 INFO  server.BaseHttpServer (BaseHttpServer.java:updateConnectorAddress(207)) - HTTP server of SCM is listening at http://0.0.0.0:41476
2019-07-14 04:42:54,147 INFO  util.JvmPauseMonitor (JvmPauseMonitor.java:run(188)) - Starting JVM pause monitor
2019-07-14 04:42:54,152 WARN  server.ServerUtils (ServerUtils.java:getDBPath(222)) - ozone.om.db.dirs is not configured. We recommend adding this setting. Falling back to ozone.metadata.dirs instead.
2019-07-14 04:42:54,289 WARN  server.ServerUtils (ServerUtils.java:getDBPath(222)) - ozone.om.db.dirs is not configured. We recommend adding this setting. Falling back to ozone.metadata.dirs instead.
2019-07-14 04:42:54,290 INFO  om.OzoneManager (OzoneManager.java:setOMNodeDetails(630)) - OM Service ID is not set. Setting it to the default ID: omServiceIdDefault
2019-07-14 04:42:54,290 INFO  om.OzoneManager (OzoneManager.java:setOMNodeDetails(636)) - OM Node ID is not set. Setting it to the OmStorage's OmID: b7cb763c-7f38-4c43-ad7b-a9e2b24df9e0
2019-07-14 04:42:54,291 INFO  om.OzoneManager (OzoneManager.java:loadOMHAConfigs(587)) - Found matching OM address with OMServiceId: null, OMNodeId: null, RPC Address: localhost:0 and Ratis port: 9872
2019-07-14 04:42:54,550 WARN  server.ServerUtils (ServerUtils.java:getDBPath(222)) - ozone.om.db.dirs is not configured. We recommend adding this setting. Falling back to ozone.metadata.dirs instead.
2019-07-14 04:42:54,562 INFO  db.DBStoreBuilder (DBStoreBuilder.java:addTable(110)) - using custom profile for table: userTable
2019-07-14 04:42:54,563 INFO  db.DBStoreBuilder (DBStoreBuilder.java:processTables(161)) - Using default column profile:DBProfile.DISK for Table:userTable
2019-07-14 04:42:54,563 INFO  db.DBStoreBuilder (DBStoreBuilder.java:addTable(110)) - using custom profile for table: volumeTable
2019-07-14 04:42:54,563 INFO  db.DBStoreBuilder (DBStoreBuilder.java:processTables(161)) - Using default column profile:DBProfile.DISK for Table:volumeTable
2019-07-14 04:42:54,564 INFO  db.DBStoreBuilder (DBStoreBuilder.java:addTable(110)) - using custom profile for table: bucketTable
2019-07-14 04:42:54,564 INFO  db.DBStoreBuilder (DBStoreBuilder.java:processTables(161)) - Using default column profile:DBProfile.DISK for Table:bucketTable
2019-07-14 04:42:54,565 INFO  db.DBStoreBuilder (DBStoreBuilder.java:addTable(110)) - using custom profile for table: keyTable
2019-07-14 04:42:54,565 INFO  db.DBStoreBuilder (DBStoreBuilder.java:processTables(161)) - Using default column profile:DBProfile.DISK for Table:keyTable
2019-07-14 04:42:54,566 INFO  db.DBStoreBuilder (DBStoreBuilder.java:addTable(110)) - using custom profile for table: deletedTable
2019-07-14 04:42:54,566 INFO  db.DBStoreBuilder (DBStoreBuilder.java:processTables(161)) - Using default column profile:DBProfile.DISK for Table:deletedTable
2019-07-14 04:42:54,566 INFO  db.DBStoreBuilder (DBStoreBuilder.java:addTable(110)) - using custom profile for table: openKeyTable
2019-07-14 04:42:54,567 INFO  db.DBStoreBuilder (DBStoreBuilder.java:processTables(161)) - Using default column profile:DBProfile.DISK for Table:openKeyTable
2019-07-14 04:42:54,567 INFO  db.DBStoreBuilder (DBStoreBuilder.java:addTable(110)) - using custom profile for table: s3Table
2019-07-14 04:42:54,568 INFO  db.DBStoreBuilder (DBStoreBuilder.java:processTables(161)) - Using default column profile:DBProfile.DISK for Table:s3Table
2019-07-14 04:42:54,568 INFO  db.DBStoreBuilder (DBStoreBuilder.java:addTable(110)) - using custom profile for table: multipartInfoTable
2019-07-14 04:42:54,568 INFO  db.DBStoreBuilder (DBStoreBuilder.java:processTables(161)) - Using default column profile:DBProfile.DISK for Table:multipartInfoTable
2019-07-14 04:42:54,569 INFO  db.DBStoreBuilder (DBStoreBuilder.java:addTable(110)) - using custom profile for table: dTokenTable
2019-07-14 04:42:54,569 INFO  db.DBStoreBuilder (DBStoreBuilder.java:processTables(161)) - Using default column profile:DBProfile.DISK for Table:dTokenTable
2019-07-14 04:42:54,570 INFO  db.DBStoreBuilder (DBStoreBuilder.java:addTable(110)) - using custom profile for table: s3SecretTable
2019-07-14 04:42:54,570 INFO  db.DBStoreBuilder (DBStoreBuilder.java:processTables(161)) - Using default column profile:DBProfile.DISK for Table:s3SecretTable
2019-07-14 04:42:54,571 INFO  db.DBStoreBuilder (DBStoreBuilder.java:addTable(110)) - using custom profile for table: prefixTable
2019-07-14 04:42:54,571 INFO  db.DBStoreBuilder (DBStoreBuilder.java:processTables(161)) - Using default column profile:DBProfile.DISK for Table:prefixTable
2019-07-14 04:42:54,571 INFO  db.DBStoreBuilder (DBStoreBuilder.java:addTable(110)) - using custom profile for table: default
2019-07-14 04:42:54,572 INFO  db.DBStoreBuilder (DBStoreBuilder.java:processTables(167)) - Using default column profile:DBProfile.DISK for Table:default
2019-07-14 04:42:54,572 INFO  db.DBStoreBuilder (DBStoreBuilder.java:getDbProfile(198)) - Using default options. DBProfile.DISK
2019-07-14 04:42:55,403 INFO  ipc.CallQueueManager (CallQueueManager.java:<init>(84)) - Using callQueue: class java.util.concurrent.LinkedBlockingQueue, queueCapacity: 2000, scheduler: class org.apache.hadoop.ipc.DefaultRpcScheduler, ipcBackoff: false.
2019-07-14 04:42:55,405 INFO  ipc.Server (Server.java:run(1074)) - Starting Socket Reader #1 for port 40784
2019-07-14 04:42:55,433 WARN  server.ServerUtils (ServerUtils.java:getDBPath(222)) - ozone.om.db.dirs is not configured. We recommend adding this setting. Falling back to ozone.metadata.dirs instead.
2019-07-14 04:42:55,434 INFO  om.OzoneManager (OzoneManager.java:start(1228)) - OzoneManager RPC server is listening at localhost/127.0.0.1:40784
2019-07-14 04:42:55,434 INFO  impl.MetricsSystemImpl (MetricsSystemImpl.java:init(158)) - OzoneManager metrics system started (again)
2019-07-14 04:42:55,436 INFO  ipc.Server (Server.java:run(1314)) - IPC Server Responder: starting
2019-07-14 04:42:55,437 INFO  ipc.Server (Server.java:run(1153)) - IPC Server listener on 40784: starting
2019-07-14 04:42:55,450 INFO  hdfs.DFSUtil (DFSUtil.java:httpServerTemplateForNNAndJN(1641)) - Starting Web-server for ozoneManager at: http://0.0.0.0:0
2019-07-14 04:42:55,452 INFO  server.AuthenticationFilter (AuthenticationFilter.java:constructSecretProvider(240)) - Unable to initialize FileSignerSecretProvider, falling back to use random secrets.
2019-07-14 04:42:55,453 WARN  http.HttpRequestLog (HttpRequestLog.java:getRequestLog(97)) - Jetty request log can only be enabled using Log4j
2019-07-14 04:42:55,456 INFO  http.HttpServer2 (HttpServer2.java:addGlobalFilter(975)) - Added global filter 'safety' (class=org.apache.hadoop.http.HttpServer2$QuotingInputFilter)
2019-07-14 04:42:55,457 INFO  http.HttpServer2 (HttpServer2.java:addFilter(948)) - Added filter static_user_filter (class=org.apache.hadoop.http.lib.StaticUserWebFilter$StaticUserFilter) to context ozoneManager
2019-07-14 04:42:55,457 INFO  http.HttpServer2 (HttpServer2.java:addFilter(958)) - Added filter static_user_filter (class=org.apache.hadoop.http.lib.StaticUserWebFilter$StaticUserFilter) to context static
2019-07-14 04:42:55,457 INFO  http.HttpServer2 (HttpServer2.java:addFilter(958)) - Added filter static_user_filter (class=org.apache.hadoop.http.lib.StaticUserWebFilter$StaticUserFilter) to context logs
2019-07-14 04:42:55,460 INFO  http.HttpServer2 (HttpServer2.java:bindListener(1191)) - Jetty bound to port 35527
2019-07-14 04:42:55,460 INFO  server.Server (Server.java:doStart(351)) - jetty-9.3.24.v20180605, build timestamp: 2018-06-05T17:11:56Z, git hash: 84205aa28f11a4f31f2a3b86d1bba2cc8ab69827
2019-07-14 04:42:55,462 INFO  handler.ContextHandler (ContextHandler.java:doStart(781)) - Started o.e.j.s.ServletContextHandler@2d0bfb24{/logs,file:///tmp/workdir/hadoop-ozone/integration-test/target/log,AVAILABLE}
2019-07-14 04:42:55,463 INFO  handler.ContextHandler (ContextHandler.java:doStart(781)) - Started o.e.j.s.ServletContextHandler@7b44b63d{/static,file:///tmp/workdir/hadoop-ozone/integration-test/target/test-classes/webapps/static,AVAILABLE}
2019-07-14 04:42:55,469 INFO  handler.ContextHandler (ContextHandler.java:doStart(781)) - Started o.e.j.w.WebAppContext@3e9803c2{/,file:///tmp/workdir/hadoop-ozone/integration-test/target/test-classes/webapps/ozoneManager/,AVAILABLE}{/ozoneManager}
2019-07-14 04:42:55,470 INFO  server.AbstractConnector (AbstractConnector.java:doStart(278)) - Started ServerConnector@4525d1d3{HTTP/1.1,[http/1.1]}{0.0.0.0:35527}
2019-07-14 04:42:55,470 INFO  server.Server (Server.java:doStart(419)) - Started @3960ms
2019-07-14 04:42:55,471 INFO  server.BaseHttpServer (BaseHttpServer.java:updateConnectorAddress(207)) - HTTP server of OZONEMANAGER is listening at http://0.0.0.0:35527
2019-07-14 04:42:55,795 INFO  impl.MetricsSystemImpl (MetricsSystemImpl.java:init(158)) - HddsDatanode metrics system started (again)
2019-07-14 04:42:55,901 INFO  ozone.HddsDatanodeService (HddsDatanodeService.java:start(185)) - HddsDatanodeService host:trunk-nightly-6h29n-2077950039 ip:192.168.5.157
2019-07-14 04:42:55,944 INFO  volume.HddsVolume (HddsVolume.java:<init>(176)) - Creating Volume: /tmp/workdir/hadoop-ozone/integration-test/target/test-dir/MiniOzoneClusterImpl-cde32a4e-e365-4eba-9bc1-7f9b124dac02/datanode-0/data/containers/hdds of  storage type : DISK and capacity : 52710309888
2019-07-14 04:42:55,946 INFO  volume.VolumeSet (VolumeSet.java:initializeVolumeSet(170)) - Added Volume : /tmp/workdir/hadoop-ozone/integration-test/target/test-dir/MiniOzoneClusterImpl-cde32a4e-e365-4eba-9bc1-7f9b124dac02/datanode-0/data/containers/hdds to VolumeSet
2019-07-14 04:42:55,950 INFO  volume.ThrottledAsyncChecker (ThrottledAsyncChecker.java:schedule(140)) - Scheduling a check for org.apache.hadoop.ozone.container.common.volume.HddsVolume@59546cfe
2019-07-14 04:42:55,970 INFO  volume.HddsVolumeChecker (HddsVolumeChecker.java:checkAllVolumes(203)) - Scheduled health check for volume org.apache.hadoop.ozone.container.common.volume.HddsVolume@59546cfe
2019-07-14 04:42:56,092 INFO  impl.RaftServerProxy (ConfUtils.java:logGet(43)) - raft.rpc.type = GRPC (default)
2019-07-14 04:42:56,159 INFO  grpc.GrpcFactory (GrpcFactory.java:checkPooledByteBufAllocatorUseCacheForAllThreads(45)) - PERFORMANCE WARNING: useCacheForAllThreads is true that may cause Netty to create a lot garbage objects and, as a result, trigger GC.
	It is recommended to disable useCacheForAllThreads by setting -Dorg.apache.ratis.thirdparty.io.netty.allocator.useCacheForAllThreads=false in command line.
2019-07-14 04:42:56,164 INFO  grpc.GrpcConfigKeys$Server (ConfUtils.java:logGet(43)) - raft.grpc.server.port = 0 (default)
2019-07-14 04:42:56,165 INFO  server.GrpcService (ConfUtils.java:logGet(43)) - raft.grpc.message.size.max = 33570816 (custom)
2019-07-14 04:42:56,166 INFO  server.RaftServerConfigKeys (ConfUtils.java:logGet(43)) - raft.server.log.appender.buffer.byte-limit = 33554432 (custom)
2019-07-14 04:42:56,167 INFO  server.GrpcService (ConfUtils.java:logGet(43)) - raft.grpc.flow.control.window = 1MB (=1048576) (default)
2019-07-14 04:42:56,168 INFO  server.RaftServerConfigKeys (ConfUtils.java:logGet(43)) - raft.server.rpc.request.timeout = 3000ms (default)
2019-07-14 04:42:56,331 INFO  server.RaftServerConfigKeys (ConfUtils.java:logGet(43)) - raft.server.storage.dir = [/tmp/workdir/hadoop-ozone/integration-test/target/test-dir/MiniOzoneClusterImpl-cde32a4e-e365-4eba-9bc1-7f9b124dac02/datanode-0/data/ratis] (custom)
2019-07-14 04:42:56,368 INFO  replication.SimpleContainerDownloader (SimpleContainerDownloader.java:<init>(72)) - Starting container downloader service to copy containers to replicate.
2019-07-14 04:42:56,381 INFO  hdfs.DFSUtil (DFSUtil.java:httpServerTemplateForNNAndJN(1641)) - Starting Web-server for hddsDatanode at: http://0.0.0.0:0
2019-07-14 04:42:56,384 INFO  server.AuthenticationFilter (AuthenticationFilter.java:constructSecretProvider(240)) - Unable to initialize FileSignerSecretProvider, falling back to use random secrets.
2019-07-14 04:42:56,385 WARN  http.HttpRequestLog (HttpRequestLog.java:getRequestLog(97)) - Jetty request log can only be enabled using Log4j
2019-07-14 04:42:56,388 INFO  http.HttpServer2 (HttpServer2.java:addGlobalFilter(975)) - Added global filter 'safety' (class=org.apache.hadoop.http.HttpServer2$QuotingInputFilter)
2019-07-14 04:42:56,389 INFO  http.HttpServer2 (HttpServer2.java:addFilter(948)) - Added filter static_user_filter (class=org.apache.hadoop.http.lib.StaticUserWebFilter$StaticUserFilter) to context hddsDatanode
2019-07-14 04:42:56,390 INFO  http.HttpServer2 (HttpServer2.java:addFilter(958)) - Added filter static_user_filter (class=org.apache.hadoop.http.lib.StaticUserWebFilter$StaticUserFilter) to context static
2019-07-14 04:42:56,390 INFO  http.HttpServer2 (HttpServer2.java:addFilter(958)) - Added filter static_user_filter (class=org.apache.hadoop.http.lib.StaticUserWebFilter$StaticUserFilter) to context logs
2019-07-14 04:42:56,392 INFO  http.HttpServer2 (HttpServer2.java:bindListener(1191)) - Jetty bound to port 39480
2019-07-14 04:42:56,392 INFO  server.Server (Server.java:doStart(351)) - jetty-9.3.24.v20180605, build timestamp: 2018-06-05T17:11:56Z, git hash: 84205aa28f11a4f31f2a3b86d1bba2cc8ab69827
2019-07-14 04:42:56,395 INFO  handler.ContextHandler (ContextHandler.java:doStart(781)) - Started o.e.j.s.ServletContextHandler@36cc9385{/logs,file:///tmp/workdir/hadoop-ozone/integration-test/target/log,AVAILABLE}
2019-07-14 04:42:56,396 INFO  handler.ContextHandler (ContextHandler.java:doStart(781)) - Started o.e.j.s.ServletContextHandler@7915bca3{/static,jar:file:/home/user/.m2/repository/org/apache/hadoop/hadoop-hdds-container-service/0.5.0-SNAPSHOT/hadoop-hdds-container-service-0.5.0-SNAPSHOT.jar!/webapps/static,AVAILABLE}
2019-07-14 04:42:56,455 INFO  handler.ContextHandler (ContextHandler.java:doStart(781)) - Started o.e.j.w.WebAppContext@37e0292a{/,file:///tmp/jetty-0.0.0.0-39480-hddsDatanode-_-any-3169195978975926282.dir/webapp/,AVAILABLE}{/hddsDatanode}
2019-07-14 04:42:56,457 INFO  server.AbstractConnector (AbstractConnector.java:doStart(278)) - Started ServerConnector@4af70944{HTTP/1.1,[http/1.1]}{0.0.0.0:39480}
2019-07-14 04:42:56,462 INFO  server.Server (Server.java:doStart(419)) - Started @4951ms
2019-07-14 04:42:56,463 INFO  server.BaseHttpServer (BaseHttpServer.java:updateConnectorAddress(207)) - HTTP server of HDDSDATANODE is listening at http://0.0.0.0:39480
2019-07-14 04:42:57,695 INFO  ozone.HddsDatanodeService (HddsDatanodeService.java:startPlugins(396)) - Started plug-in org.apache.hadoop.ozone.web.OzoneHddsDatanodeService@b4732dc
2019-07-14 04:42:57,697 INFO  impl.MetricsSystemImpl (MetricsSystemImpl.java:init(158)) - HddsDatanode metrics system started (again)
2019-07-14 04:42:57,698 INFO  ozone.HddsDatanodeService (HddsDatanodeService.java:start(185)) - HddsDatanodeService host:trunk-nightly-6h29n-2077950039 ip:192.168.5.157
2019-07-14 04:42:57,705 INFO  util.JvmPauseMonitor (JvmPauseMonitor.java:run(188)) - Starting JVM pause monitor
2019-07-14 04:42:57,710 INFO  volume.HddsVolume (HddsVolume.java:<init>(176)) - Creating Volume: /tmp/workdir/hadoop-ozone/integration-test/target/test-dir/MiniOzoneClusterImpl-cde32a4e-e365-4eba-9bc1-7f9b124dac02/datanode-1/data/containers/hdds of  storage type : DISK and capacity : 52710309888
2019-07-14 04:42:57,711 INFO  volume.VolumeSet (VolumeSet.java:initializeVolumeSet(170)) - Added Volume : /tmp/workdir/hadoop-ozone/integration-test/target/test-dir/MiniOzoneClusterImpl-cde32a4e-e365-4eba-9bc1-7f9b124dac02/datanode-1/data/containers/hdds to VolumeSet
2019-07-14 04:42:57,711 INFO  volume.ThrottledAsyncChecker (ThrottledAsyncChecker.java:schedule(140)) - Scheduling a check for org.apache.hadoop.ozone.container.common.volume.HddsVolume@778a1250
2019-07-14 04:42:57,712 INFO  volume.HddsVolumeChecker (HddsVolumeChecker.java:checkAllVolumes(203)) - Scheduled health check for volume org.apache.hadoop.ozone.container.common.volume.HddsVolume@778a1250
2019-07-14 04:42:57,737 INFO  impl.RaftServerProxy (ConfUtils.java:logGet(43)) - raft.rpc.type = GRPC (default)
2019-07-14 04:42:57,737 INFO  grpc.GrpcFactory (GrpcFactory.java:checkPooledByteBufAllocatorUseCacheForAllThreads(45)) - PERFORMANCE WARNING: useCacheForAllThreads is true that may cause Netty to create a lot garbage objects and, as a result, trigger GC.
	It is recommended to disable useCacheForAllThreads by setting -Dorg.apache.ratis.thirdparty.io.netty.allocator.useCacheForAllThreads=false in command line.
2019-07-14 04:42:57,738 INFO  grpc.GrpcConfigKeys$Server (ConfUtils.java:logGet(43)) - raft.grpc.server.port = 0 (default)
2019-07-14 04:42:57,738 INFO  server.GrpcService (ConfUtils.java:logGet(43)) - raft.grpc.message.size.max = 33570816 (custom)
2019-07-14 04:42:57,738 INFO  server.RaftServerConfigKeys (ConfUtils.java:logGet(43)) - raft.server.log.appender.buffer.byte-limit = 33554432 (custom)
2019-07-14 04:42:57,739 INFO  server.GrpcService (ConfUtils.java:logGet(43)) - raft.grpc.flow.control.window = 1MB (=1048576) (default)
2019-07-14 04:42:57,739 INFO  server.RaftServerConfigKeys (ConfUtils.java:logGet(43)) - raft.server.rpc.request.timeout = 3000ms (default)
2019-07-14 04:42:57,740 INFO  server.RaftServerConfigKeys (ConfUtils.java:logGet(43)) - raft.server.storage.dir = [/tmp/workdir/hadoop-ozone/integration-test/target/test-dir/MiniOzoneClusterImpl-cde32a4e-e365-4eba-9bc1-7f9b124dac02/datanode-1/data/ratis] (custom)
2019-07-14 04:42:57,740 INFO  replication.SimpleContainerDownloader (SimpleContainerDownloader.java:<init>(72)) - Starting container downloader service to copy containers to replicate.
2019-07-14 04:42:57,742 INFO  hdfs.DFSUtil (DFSUtil.java:httpServerTemplateForNNAndJN(1641)) - Starting Web-server for hddsDatanode at: http://0.0.0.0:0
2019-07-14 04:42:57,746 INFO  server.AuthenticationFilter (AuthenticationFilter.java:constructSecretProvider(240)) - Unable to initialize FileSignerSecretProvider, falling back to use random secrets.
2019-07-14 04:42:57,748 WARN  http.HttpRequestLog (HttpRequestLog.java:getRequestLog(97)) - Jetty request log can only be enabled using Log4j
2019-07-14 04:42:57,752 INFO  http.HttpServer2 (HttpServer2.java:addGlobalFilter(975)) - Added global filter 'safety' (class=org.apache.hadoop.http.HttpServer2$QuotingInputFilter)
2019-07-14 04:42:57,753 INFO  http.HttpServer2 (HttpServer2.java:addFilter(948)) - Added filter static_user_filter (class=org.apache.hadoop.http.lib.StaticUserWebFilter$StaticUserFilter) to context hddsDatanode
2019-07-14 04:42:57,753 INFO  http.HttpServer2 (HttpServer2.java:addFilter(958)) - Added filter static_user_filter (class=org.apache.hadoop.http.lib.StaticUserWebFilter$StaticUserFilter) to context static
2019-07-14 04:42:57,754 INFO  http.HttpServer2 (HttpServer2.java:addFilter(958)) - Added filter static_user_filter (class=org.apache.hadoop.http.lib.StaticUserWebFilter$StaticUserFilter) to context logs
2019-07-14 04:42:57,755 INFO  http.HttpServer2 (HttpServer2.java:bindListener(1191)) - Jetty bound to port 38638
2019-07-14 04:42:57,755 INFO  server.Server (Server.java:doStart(351)) - jetty-9.3.24.v20180605, build timestamp: 2018-06-05T17:11:56Z, git hash: 84205aa28f11a4f31f2a3b86d1bba2cc8ab69827
2019-07-14 04:42:57,760 INFO  handler.ContextHandler (ContextHandler.java:doStart(781)) - Started o.e.j.s.ServletContextHandler@359066bc{/logs,file:///tmp/workdir/hadoop-ozone/integration-test/target/log,AVAILABLE}
2019-07-14 04:42:57,761 INFO  handler.ContextHandler (ContextHandler.java:doStart(781)) - Started o.e.j.s.ServletContextHandler@364fd4ae{/static,jar:file:/home/user/.m2/repository/org/apache/hadoop/hadoop-hdds-container-service/0.5.0-SNAPSHOT/hadoop-hdds-container-service-0.5.0-SNAPSHOT.jar!/webapps/static,AVAILABLE}
2019-07-14 04:42:57,800 INFO  handler.ContextHandler (ContextHandler.java:doStart(781)) - Started o.e.j.w.WebAppContext@2e1eb85f{/,file:///tmp/jetty-0.0.0.0-38638-hddsDatanode-_-any-4296601766850099321.dir/webapp/,AVAILABLE}{/hddsDatanode}
2019-07-14 04:42:57,800 INFO  server.AbstractConnector (AbstractConnector.java:doStart(278)) - Started ServerConnector@ea7a4c3{HTTP/1.1,[http/1.1]}{0.0.0.0:38638}
2019-07-14 04:42:57,801 INFO  server.Server (Server.java:doStart(419)) - Started @6291ms
2019-07-14 04:42:57,804 INFO  server.BaseHttpServer (BaseHttpServer.java:updateConnectorAddress(207)) - HTTP server of HDDSDATANODE is listening at http://0.0.0.0:38638
2019-07-14 04:42:57,839 INFO  datanode.InitDatanodeState (InitDatanodeState.java:persistContainerDatanodeDetails(140)) - DatanodeDetails is persisted to /tmp/workdir/hadoop-ozone/integration-test/target/test-dir/MiniOzoneClusterImpl-cde32a4e-e365-4eba-9bc1-7f9b124dac02/datanode-0/meta/datanode.id
2019-07-14 04:42:57,951 INFO  ozone.HddsDatanodeService (HddsDatanodeService.java:startPlugins(396)) - Started plug-in org.apache.hadoop.ozone.web.OzoneHddsDatanodeService@5729b410
2019-07-14 04:42:57,952 INFO  impl.MetricsSystemImpl (MetricsSystemImpl.java:init(158)) - HddsDatanode metrics system started (again)
2019-07-14 04:42:57,954 INFO  ozone.HddsDatanodeService (HddsDatanodeService.java:start(185)) - HddsDatanodeService host:trunk-nightly-6h29n-2077950039 ip:192.168.5.157
2019-07-14 04:42:57,955 INFO  util.JvmPauseMonitor (JvmPauseMonitor.java:run(188)) - Starting JVM pause monitor
2019-07-14 04:42:57,964 INFO  volume.HddsVolume (HddsVolume.java:<init>(176)) - Creating Volume: /tmp/workdir/hadoop-ozone/integration-test/target/test-dir/MiniOzoneClusterImpl-cde32a4e-e365-4eba-9bc1-7f9b124dac02/datanode-2/data/containers/hdds of  storage type : DISK and capacity : 52710309888
2019-07-14 04:42:57,965 INFO  volume.VolumeSet (VolumeSet.java:initializeVolumeSet(170)) - Added Volume : /tmp/workdir/hadoop-ozone/integration-test/target/test-dir/MiniOzoneClusterImpl-cde32a4e-e365-4eba-9bc1-7f9b124dac02/datanode-2/data/containers/hdds to VolumeSet
2019-07-14 04:42:57,965 INFO  volume.ThrottledAsyncChecker (ThrottledAsyncChecker.java:schedule(140)) - Scheduling a check for org.apache.hadoop.ozone.container.common.volume.HddsVolume@52b959df
2019-07-14 04:42:57,966 INFO  datanode.InitDatanodeState (InitDatanodeState.java:persistContainerDatanodeDetails(140)) - DatanodeDetails is persisted to /tmp/workdir/hadoop-ozone/integration-test/target/test-dir/MiniOzoneClusterImpl-cde32a4e-e365-4eba-9bc1-7f9b124dac02/datanode-1/meta/datanode.id
2019-07-14 04:42:57,966 INFO  volume.HddsVolumeChecker (HddsVolumeChecker.java:checkAllVolumes(203)) - Scheduled health check for volume org.apache.hadoop.ozone.container.common.volume.HddsVolume@52b959df
2019-07-14 04:42:57,990 INFO  impl.RaftServerProxy (ConfUtils.java:logGet(43)) - raft.rpc.type = GRPC (default)
2019-07-14 04:42:57,990 INFO  grpc.GrpcFactory (GrpcFactory.java:checkPooledByteBufAllocatorUseCacheForAllThreads(45)) - PERFORMANCE WARNING: useCacheForAllThreads is true that may cause Netty to create a lot garbage objects and, as a result, trigger GC.
	It is recommended to disable useCacheForAllThreads by setting -Dorg.apache.ratis.thirdparty.io.netty.allocator.useCacheForAllThreads=false in command line.
2019-07-14 04:42:57,991 INFO  grpc.GrpcConfigKeys$Server (ConfUtils.java:logGet(43)) - raft.grpc.server.port = 0 (default)
2019-07-14 04:42:57,991 INFO  server.GrpcService (ConfUtils.java:logGet(43)) - raft.grpc.message.size.max = 33570816 (custom)
2019-07-14 04:42:57,992 INFO  server.RaftServerConfigKeys (ConfUtils.java:logGet(43)) - raft.server.log.appender.buffer.byte-limit = 33554432 (custom)
2019-07-14 04:42:57,992 INFO  server.GrpcService (ConfUtils.java:logGet(43)) - raft.grpc.flow.control.window = 1MB (=1048576) (default)
2019-07-14 04:42:57,992 INFO  server.RaftServerConfigKeys (ConfUtils.java:logGet(43)) - raft.server.rpc.request.timeout = 3000ms (default)
2019-07-14 04:42:57,993 INFO  server.RaftServerConfigKeys (ConfUtils.java:logGet(43)) - raft.server.storage.dir = [/tmp/workdir/hadoop-ozone/integration-test/target/test-dir/MiniOzoneClusterImpl-cde32a4e-e365-4eba-9bc1-7f9b124dac02/datanode-2/data/ratis] (custom)
2019-07-14 04:42:57,994 INFO  replication.SimpleContainerDownloader (SimpleContainerDownloader.java:<init>(72)) - Starting container downloader service to copy containers to replicate.
2019-07-14 04:42:57,996 INFO  hdfs.DFSUtil (DFSUtil.java:httpServerTemplateForNNAndJN(1641)) - Starting Web-server for hddsDatanode at: http://0.0.0.0:0
2019-07-14 04:42:57,997 INFO  server.AuthenticationFilter (AuthenticationFilter.java:constructSecretProvider(240)) - Unable to initialize FileSignerSecretProvider, falling back to use random secrets.
2019-07-14 04:42:57,997 WARN  http.HttpRequestLog (HttpRequestLog.java:getRequestLog(97)) - Jetty request log can only be enabled using Log4j
2019-07-14 04:42:57,999 INFO  http.HttpServer2 (HttpServer2.java:addGlobalFilter(975)) - Added global filter 'safety' (class=org.apache.hadoop.http.HttpServer2$QuotingInputFilter)
2019-07-14 04:42:58,000 INFO  http.HttpServer2 (HttpServer2.java:addFilter(948)) - Added filter static_user_filter (class=org.apache.hadoop.http.lib.StaticUserWebFilter$StaticUserFilter) to context hddsDatanode
2019-07-14 04:42:58,000 INFO  http.HttpServer2 (HttpServer2.java:addFilter(958)) - Added filter static_user_filter (class=org.apache.hadoop.http.lib.StaticUserWebFilter$StaticUserFilter) to context static
2019-07-14 04:42:58,000 INFO  http.HttpServer2 (HttpServer2.java:addFilter(958)) - Added filter static_user_filter (class=org.apache.hadoop.http.lib.StaticUserWebFilter$StaticUserFilter) to context logs
2019-07-14 04:42:58,001 INFO  http.HttpServer2 (HttpServer2.java:bindListener(1191)) - Jetty bound to port 43567
2019-07-14 04:42:58,001 INFO  server.Server (Server.java:doStart(351)) - jetty-9.3.24.v20180605, build timestamp: 2018-06-05T17:11:56Z, git hash: 84205aa28f11a4f31f2a3b86d1bba2cc8ab69827
2019-07-14 04:42:58,005 INFO  handler.ContextHandler (ContextHandler.java:doStart(781)) - Started o.e.j.s.ServletContextHandler@631c6d11{/logs,file:///tmp/workdir/hadoop-ozone/integration-test/target/log,AVAILABLE}
2019-07-14 04:42:58,006 INFO  handler.ContextHandler (ContextHandler.java:doStart(781)) - Started o.e.j.s.ServletContextHandler@62ade015{/static,jar:file:/home/user/.m2/repository/org/apache/hadoop/hadoop-hdds-container-service/0.5.0-SNAPSHOT/hadoop-hdds-container-service-0.5.0-SNAPSHOT.jar!/webapps/static,AVAILABLE}
2019-07-14 04:42:58,053 INFO  handler.ContextHandler (ContextHandler.java:doStart(781)) - Started o.e.j.w.WebAppContext@7197b07f{/,file:///tmp/jetty-0.0.0.0-43567-hddsDatanode-_-any-7890225082406659264.dir/webapp/,AVAILABLE}{/hddsDatanode}
2019-07-14 04:42:58,054 INFO  server.AbstractConnector (AbstractConnector.java:doStart(278)) - Started ServerConnector@1f10fec6{HTTP/1.1,[http/1.1]}{0.0.0.0:43567}
2019-07-14 04:42:58,056 INFO  server.Server (Server.java:doStart(419)) - Started @6546ms
2019-07-14 04:42:58,058 INFO  server.BaseHttpServer (BaseHttpServer.java:updateConnectorAddress(207)) - HTTP server of HDDSDATANODE is listening at http://0.0.0.0:43567
2019-07-14 04:42:58,195 INFO  ozone.HddsDatanodeService (HddsDatanodeService.java:startPlugins(396)) - Started plug-in org.apache.hadoop.ozone.web.OzoneHddsDatanodeService@7436364d
2019-07-14 04:42:58,196 INFO  impl.MetricsSystemImpl (MetricsSystemImpl.java:init(158)) - HddsDatanode metrics system started (again)
2019-07-14 04:42:58,197 INFO  ozone.HddsDatanodeService (HddsDatanodeService.java:start(185)) - HddsDatanodeService host:trunk-nightly-6h29n-2077950039 ip:192.168.5.157
2019-07-14 04:42:58,199 INFO  util.JvmPauseMonitor (JvmPauseMonitor.java:run(188)) - Starting JVM pause monitor
2019-07-14 04:42:58,203 INFO  datanode.InitDatanodeState (InitDatanodeState.java:persistContainerDatanodeDetails(140)) - DatanodeDetails is persisted to /tmp/workdir/hadoop-ozone/integration-test/target/test-dir/MiniOzoneClusterImpl-cde32a4e-e365-4eba-9bc1-7f9b124dac02/datanode-2/meta/datanode.id
2019-07-14 04:42:58,206 INFO  volume.HddsVolume (HddsVolume.java:<init>(176)) - Creating Volume: /tmp/workdir/hadoop-ozone/integration-test/target/test-dir/MiniOzoneClusterImpl-cde32a4e-e365-4eba-9bc1-7f9b124dac02/datanode-3/data/containers/hdds of  storage type : DISK and capacity : 52710309888
2019-07-14 04:42:58,208 INFO  volume.VolumeSet (VolumeSet.java:initializeVolumeSet(170)) - Added Volume : /tmp/workdir/hadoop-ozone/integration-test/target/test-dir/MiniOzoneClusterImpl-cde32a4e-e365-4eba-9bc1-7f9b124dac02/datanode-3/data/containers/hdds to VolumeSet
2019-07-14 04:42:58,208 INFO  volume.ThrottledAsyncChecker (ThrottledAsyncChecker.java:schedule(140)) - Scheduling a check for org.apache.hadoop.ozone.container.common.volume.HddsVolume@517704
2019-07-14 04:42:58,209 INFO  volume.HddsVolumeChecker (HddsVolumeChecker.java:checkAllVolumes(203)) - Scheduled health check for volume org.apache.hadoop.ozone.container.common.volume.HddsVolume@517704
2019-07-14 04:42:58,225 INFO  impl.RaftServerProxy (ConfUtils.java:logGet(43)) - raft.rpc.type = GRPC (default)
2019-07-14 04:42:58,225 INFO  grpc.GrpcFactory (GrpcFactory.java:checkPooledByteBufAllocatorUseCacheForAllThreads(45)) - PERFORMANCE WARNING: useCacheForAllThreads is true that may cause Netty to create a lot garbage objects and, as a result, trigger GC.
	It is recommended to disable useCacheForAllThreads by setting -Dorg.apache.ratis.thirdparty.io.netty.allocator.useCacheForAllThreads=false in command line.
2019-07-14 04:42:58,225 INFO  grpc.GrpcConfigKeys$Server (ConfUtils.java:logGet(43)) - raft.grpc.server.port = 0 (default)
2019-07-14 04:42:58,226 INFO  server.GrpcService (ConfUtils.java:logGet(43)) - raft.grpc.message.size.max = 33570816 (custom)
2019-07-14 04:42:58,226 INFO  server.RaftServerConfigKeys (ConfUtils.java:logGet(43)) - raft.server.log.appender.buffer.byte-limit = 33554432 (custom)
2019-07-14 04:42:58,226 INFO  server.GrpcService (ConfUtils.java:logGet(43)) - raft.grpc.flow.control.window = 1MB (=1048576) (default)
2019-07-14 04:42:58,226 INFO  server.RaftServerConfigKeys (ConfUtils.java:logGet(43)) - raft.server.rpc.request.timeout = 3000ms (default)
2019-07-14 04:42:58,227 INFO  server.RaftServerConfigKeys (ConfUtils.java:logGet(43)) - raft.server.storage.dir = [/tmp/workdir/hadoop-ozone/integration-test/target/test-dir/MiniOzoneClusterImpl-cde32a4e-e365-4eba-9bc1-7f9b124dac02/datanode-3/data/ratis] (custom)
2019-07-14 04:42:58,227 INFO  replication.SimpleContainerDownloader (SimpleContainerDownloader.java:<init>(72)) - Starting container downloader service to copy containers to replicate.
2019-07-14 04:42:58,228 INFO  hdfs.DFSUtil (DFSUtil.java:httpServerTemplateForNNAndJN(1641)) - Starting Web-server for hddsDatanode at: http://0.0.0.0:0
2019-07-14 04:42:58,230 INFO  server.AuthenticationFilter (AuthenticationFilter.java:constructSecretProvider(240)) - Unable to initialize FileSignerSecretProvider, falling back to use random secrets.
2019-07-14 04:42:58,230 WARN  http.HttpRequestLog (HttpRequestLog.java:getRequestLog(97)) - Jetty request log can only be enabled using Log4j
2019-07-14 04:42:58,232 INFO  http.HttpServer2 (HttpServer2.java:addGlobalFilter(975)) - Added global filter 'safety' (class=org.apache.hadoop.http.HttpServer2$QuotingInputFilter)
2019-07-14 04:42:58,232 INFO  http.HttpServer2 (HttpServer2.java:addFilter(948)) - Added filter static_user_filter (class=org.apache.hadoop.http.lib.StaticUserWebFilter$StaticUserFilter) to context hddsDatanode
2019-07-14 04:42:58,232 INFO  http.HttpServer2 (HttpServer2.java:addFilter(958)) - Added filter static_user_filter (class=org.apache.hadoop.http.lib.StaticUserWebFilter$StaticUserFilter) to context static
2019-07-14 04:42:58,233 INFO  http.HttpServer2 (HttpServer2.java:addFilter(958)) - Added filter static_user_filter (class=org.apache.hadoop.http.lib.StaticUserWebFilter$StaticUserFilter) to context logs
2019-07-14 04:42:58,233 INFO  http.HttpServer2 (HttpServer2.java:bindListener(1191)) - Jetty bound to port 33341
2019-07-14 04:42:58,233 INFO  server.Server (Server.java:doStart(351)) - jetty-9.3.24.v20180605, build timestamp: 2018-06-05T17:11:56Z, git hash: 84205aa28f11a4f31f2a3b86d1bba2cc8ab69827
2019-07-14 04:42:58,236 INFO  handler.ContextHandler (ContextHandler.java:doStart(781)) - Started o.e.j.s.ServletContextHandler@1e30db85{/logs,file:///tmp/workdir/hadoop-ozone/integration-test/target/log,AVAILABLE}
2019-07-14 04:42:58,237 INFO  handler.ContextHandler (ContextHandler.java:doStart(781)) - Started o.e.j.s.ServletContextHandler@cc9ef8d{/static,jar:file:/home/user/.m2/repository/org/apache/hadoop/hadoop-hdds-container-service/0.5.0-SNAPSHOT/hadoop-hdds-container-service-0.5.0-SNAPSHOT.jar!/webapps/static,AVAILABLE}
2019-07-14 04:42:58,264 INFO  handler.ContextHandler (ContextHandler.java:doStart(781)) - Started o.e.j.w.WebAppContext@6a2d867d{/,file:///tmp/jetty-0.0.0.0-33341-hddsDatanode-_-any-3191559230804337395.dir/webapp/,AVAILABLE}{/hddsDatanode}
2019-07-14 04:42:58,265 INFO  server.AbstractConnector (AbstractConnector.java:doStart(278)) - Started ServerConnector@73bb1337{HTTP/1.1,[http/1.1]}{0.0.0.0:33341}
2019-07-14 04:42:58,266 INFO  server.Server (Server.java:doStart(419)) - Started @6755ms
2019-07-14 04:42:58,268 INFO  server.BaseHttpServer (BaseHttpServer.java:updateConnectorAddress(207)) - HTTP server of HDDSDATANODE is listening at http://0.0.0.0:33341
2019-07-14 04:42:58,404 INFO  ozone.HddsDatanodeService (HddsDatanodeService.java:startPlugins(396)) - Started plug-in org.apache.hadoop.ozone.web.OzoneHddsDatanodeService@65da01f4
2019-07-14 04:42:58,405 INFO  impl.MetricsSystemImpl (MetricsSystemImpl.java:init(158)) - HddsDatanode metrics system started (again)
2019-07-14 04:42:58,406 INFO  ozone.HddsDatanodeService (HddsDatanodeService.java:start(185)) - HddsDatanodeService host:trunk-nightly-6h29n-2077950039 ip:192.168.5.157
2019-07-14 04:42:58,408 INFO  util.JvmPauseMonitor (JvmPauseMonitor.java:run(188)) - Starting JVM pause monitor
2019-07-14 04:42:58,411 INFO  datanode.InitDatanodeState (InitDatanodeState.java:persistContainerDatanodeDetails(140)) - DatanodeDetails is persisted to /tmp/workdir/hadoop-ozone/integration-test/target/test-dir/MiniOzoneClusterImpl-cde32a4e-e365-4eba-9bc1-7f9b124dac02/datanode-3/meta/datanode.id
2019-07-14 04:42:58,416 INFO  volume.HddsVolume (HddsVolume.java:<init>(176)) - Creating Volume: /tmp/workdir/hadoop-ozone/integration-test/target/test-dir/MiniOzoneClusterImpl-cde32a4e-e365-4eba-9bc1-7f9b124dac02/datanode-4/data/containers/hdds of  storage type : DISK and capacity : 52710309888
2019-07-14 04:42:58,416 INFO  volume.VolumeSet (VolumeSet.java:initializeVolumeSet(170)) - Added Volume : /tmp/workdir/hadoop-ozone/integration-test/target/test-dir/MiniOzoneClusterImpl-cde32a4e-e365-4eba-9bc1-7f9b124dac02/datanode-4/data/containers/hdds to VolumeSet
2019-07-14 04:42:58,416 INFO  volume.ThrottledAsyncChecker (ThrottledAsyncChecker.java:schedule(140)) - Scheduling a check for org.apache.hadoop.ozone.container.common.volume.HddsVolume@6b2fdffc
2019-07-14 04:42:58,417 INFO  volume.HddsVolumeChecker (HddsVolumeChecker.java:checkAllVolumes(203)) - Scheduled health check for volume org.apache.hadoop.ozone.container.common.volume.HddsVolume@6b2fdffc
2019-07-14 04:42:58,434 INFO  impl.RaftServerProxy (ConfUtils.java:logGet(43)) - raft.rpc.type = GRPC (default)
2019-07-14 04:42:58,434 INFO  grpc.GrpcFactory (GrpcFactory.java:checkPooledByteBufAllocatorUseCacheForAllThreads(45)) - PERFORMANCE WARNING: useCacheForAllThreads is true that may cause Netty to create a lot garbage objects and, as a result, trigger GC.
	It is recommended to disable useCacheForAllThreads by setting -Dorg.apache.ratis.thirdparty.io.netty.allocator.useCacheForAllThreads=false in command line.
2019-07-14 04:42:58,434 INFO  grpc.GrpcConfigKeys$Server (ConfUtils.java:logGet(43)) - raft.grpc.server.port = 0 (default)
2019-07-14 04:42:58,435 INFO  server.GrpcService (ConfUtils.java:logGet(43)) - raft.grpc.message.size.max = 33570816 (custom)
2019-07-14 04:42:58,435 INFO  server.RaftServerConfigKeys (ConfUtils.java:logGet(43)) - raft.server.log.appender.buffer.byte-limit = 33554432 (custom)
2019-07-14 04:42:58,435 INFO  server.GrpcService (ConfUtils.java:logGet(43)) - raft.grpc.flow.control.window = 1MB (=1048576) (default)
2019-07-14 04:42:58,435 INFO  server.RaftServerConfigKeys (ConfUtils.java:logGet(43)) - raft.server.rpc.request.timeout = 3000ms (default)
2019-07-14 04:42:58,436 INFO  server.RaftServerConfigKeys (ConfUtils.java:logGet(43)) - raft.server.storage.dir = [/tmp/workdir/hadoop-ozone/integration-test/target/test-dir/MiniOzoneClusterImpl-cde32a4e-e365-4eba-9bc1-7f9b124dac02/datanode-4/data/ratis] (custom)
2019-07-14 04:42:58,437 INFO  replication.SimpleContainerDownloader (SimpleContainerDownloader.java:<init>(72)) - Starting container downloader service to copy containers to replicate.
2019-07-14 04:42:58,438 INFO  hdfs.DFSUtil (DFSUtil.java:httpServerTemplateForNNAndJN(1641)) - Starting Web-server for hddsDatanode at: http://0.0.0.0:0
2019-07-14 04:42:58,440 INFO  server.AuthenticationFilter (AuthenticationFilter.java:constructSecretProvider(240)) - Unable to initialize FileSignerSecretProvider, falling back to use random secrets.
2019-07-14 04:42:58,441 WARN  http.HttpRequestLog (HttpRequestLog.java:getRequestLog(97)) - Jetty request log can only be enabled using Log4j
2019-07-14 04:42:58,443 INFO  http.HttpServer2 (HttpServer2.java:addGlobalFilter(975)) - Added global filter 'safety' (class=org.apache.hadoop.http.HttpServer2$QuotingInputFilter)
2019-07-14 04:42:58,444 INFO  http.HttpServer2 (HttpServer2.java:addFilter(948)) - Added filter static_user_filter (class=org.apache.hadoop.http.lib.StaticUserWebFilter$StaticUserFilter) to context hddsDatanode
2019-07-14 04:42:58,444 INFO  http.HttpServer2 (HttpServer2.java:addFilter(958)) - Added filter static_user_filter (class=org.apache.hadoop.http.lib.StaticUserWebFilter$StaticUserFilter) to context logs
2019-07-14 04:42:58,445 INFO  http.HttpServer2 (HttpServer2.java:addFilter(958)) - Added filter static_user_filter (class=org.apache.hadoop.http.lib.StaticUserWebFilter$StaticUserFilter) to context static
2019-07-14 04:42:58,446 INFO  http.HttpServer2 (HttpServer2.java:bindListener(1191)) - Jetty bound to port 42375
2019-07-14 04:42:58,446 INFO  server.Server (Server.java:doStart(351)) - jetty-9.3.24.v20180605, build timestamp: 2018-06-05T17:11:56Z, git hash: 84205aa28f11a4f31f2a3b86d1bba2cc8ab69827
2019-07-14 04:42:58,452 INFO  handler.ContextHandler (ContextHandler.java:doStart(781)) - Started o.e.j.s.ServletContextHandler@615db358{/logs,file:///tmp/workdir/hadoop-ozone/integration-test/target/log,AVAILABLE}
2019-07-14 04:42:58,453 INFO  handler.ContextHandler (ContextHandler.java:doStart(781)) - Started o.e.j.s.ServletContextHandler@5fef0c19{/static,jar:file:/home/user/.m2/repository/org/apache/hadoop/hadoop-hdds-container-service/0.5.0-SNAPSHOT/hadoop-hdds-container-service-0.5.0-SNAPSHOT.jar!/webapps/static,AVAILABLE}
2019-07-14 04:42:58,485 INFO  handler.ContextHandler (ContextHandler.java:doStart(781)) - Started o.e.j.w.WebAppContext@367d34c0{/,file:///tmp/jetty-0.0.0.0-42375-hddsDatanode-_-any-7385730924038586012.dir/webapp/,AVAILABLE}{/hddsDatanode}
2019-07-14 04:42:58,485 INFO  server.AbstractConnector (AbstractConnector.java:doStart(278)) - Started ServerConnector@4ce25e47{HTTP/1.1,[http/1.1]}{0.0.0.0:42375}
2019-07-14 04:42:58,486 INFO  server.Server (Server.java:doStart(419)) - Started @6975ms
2019-07-14 04:42:58,487 INFO  server.BaseHttpServer (BaseHttpServer.java:updateConnectorAddress(207)) - HTTP server of HDDSDATANODE is listening at http://0.0.0.0:42375
2019-07-14 04:42:58,617 INFO  ozone.HddsDatanodeService (HddsDatanodeService.java:startPlugins(396)) - Started plug-in org.apache.hadoop.ozone.web.OzoneHddsDatanodeService@15d236fd
2019-07-14 04:42:58,618 INFO  impl.MetricsSystemImpl (MetricsSystemImpl.java:init(158)) - HddsDatanode metrics system started (again)
2019-07-14 04:42:58,619 INFO  ozone.HddsDatanodeService (HddsDatanodeService.java:start(185)) - HddsDatanodeService host:trunk-nightly-6h29n-2077950039 ip:192.168.5.157
2019-07-14 04:42:58,622 INFO  util.JvmPauseMonitor (JvmPauseMonitor.java:run(188)) - Starting JVM pause monitor
2019-07-14 04:42:58,624 INFO  datanode.InitDatanodeState (InitDatanodeState.java:persistContainerDatanodeDetails(140)) - DatanodeDetails is persisted to /tmp/workdir/hadoop-ozone/integration-test/target/test-dir/MiniOzoneClusterImpl-cde32a4e-e365-4eba-9bc1-7f9b124dac02/datanode-4/meta/datanode.id
2019-07-14 04:42:58,630 INFO  volume.HddsVolume (HddsVolume.java:<init>(176)) - Creating Volume: /tmp/workdir/hadoop-ozone/integration-test/target/test-dir/MiniOzoneClusterImpl-cde32a4e-e365-4eba-9bc1-7f9b124dac02/datanode-5/data/containers/hdds of  storage type : DISK and capacity : 52710309888
2019-07-14 04:42:58,630 INFO  volume.VolumeSet (VolumeSet.java:initializeVolumeSet(170)) - Added Volume : /tmp/workdir/hadoop-ozone/integration-test/target/test-dir/MiniOzoneClusterImpl-cde32a4e-e365-4eba-9bc1-7f9b124dac02/datanode-5/data/containers/hdds to VolumeSet
2019-07-14 04:42:58,630 INFO  volume.ThrottledAsyncChecker (ThrottledAsyncChecker.java:schedule(140)) - Scheduling a check for org.apache.hadoop.ozone.container.common.volume.HddsVolume@33eb0d4
2019-07-14 04:42:58,631 INFO  volume.HddsVolumeChecker (HddsVolumeChecker.java:checkAllVolumes(203)) - Scheduled health check for volume org.apache.hadoop.ozone.container.common.volume.HddsVolume@33eb0d4
2019-07-14 04:42:58,646 INFO  impl.RaftServerProxy (ConfUtils.java:logGet(43)) - raft.rpc.type = GRPC (default)
2019-07-14 04:42:58,646 INFO  grpc.GrpcFactory (GrpcFactory.java:checkPooledByteBufAllocatorUseCacheForAllThreads(45)) - PERFORMANCE WARNING: useCacheForAllThreads is true that may cause Netty to create a lot garbage objects and, as a result, trigger GC.
	It is recommended to disable useCacheForAllThreads by setting -Dorg.apache.ratis.thirdparty.io.netty.allocator.useCacheForAllThreads=false in command line.
2019-07-14 04:42:58,646 INFO  grpc.GrpcConfigKeys$Server (ConfUtils.java:logGet(43)) - raft.grpc.server.port = 0 (default)
2019-07-14 04:42:58,646 INFO  server.GrpcService (ConfUtils.java:logGet(43)) - raft.grpc.message.size.max = 33570816 (custom)
2019-07-14 04:42:58,647 INFO  server.RaftServerConfigKeys (ConfUtils.java:logGet(43)) - raft.server.log.appender.buffer.byte-limit = 33554432 (custom)
2019-07-14 04:42:58,647 INFO  server.GrpcService (ConfUtils.java:logGet(43)) - raft.grpc.flow.control.window = 1MB (=1048576) (default)
2019-07-14 04:42:58,647 INFO  server.RaftServerConfigKeys (ConfUtils.java:logGet(43)) - raft.server.rpc.request.timeout = 3000ms (default)
2019-07-14 04:42:58,648 INFO  server.RaftServerConfigKeys (ConfUtils.java:logGet(43)) - raft.server.storage.dir = [/tmp/workdir/hadoop-ozone/integration-test/target/test-dir/MiniOzoneClusterImpl-cde32a4e-e365-4eba-9bc1-7f9b124dac02/datanode-5/data/ratis] (custom)
2019-07-14 04:42:58,648 INFO  replication.SimpleContainerDownloader (SimpleContainerDownloader.java:<init>(72)) - Starting container downloader service to copy containers to replicate.
2019-07-14 04:42:58,649 INFO  hdfs.DFSUtil (DFSUtil.java:httpServerTemplateForNNAndJN(1641)) - Starting Web-server for hddsDatanode at: http://0.0.0.0:0
2019-07-14 04:42:58,650 INFO  server.AuthenticationFilter (AuthenticationFilter.java:constructSecretProvider(240)) - Unable to initialize FileSignerSecretProvider, falling back to use random secrets.
2019-07-14 04:42:58,651 WARN  http.HttpRequestLog (HttpRequestLog.java:getRequestLog(97)) - Jetty request log can only be enabled using Log4j
2019-07-14 04:42:58,652 INFO  http.HttpServer2 (HttpServer2.java:addGlobalFilter(975)) - Added global filter 'safety' (class=org.apache.hadoop.http.HttpServer2$QuotingInputFilter)
2019-07-14 04:42:58,653 INFO  http.HttpServer2 (HttpServer2.java:addFilter(948)) - Added filter static_user_filter (class=org.apache.hadoop.http.lib.StaticUserWebFilter$StaticUserFilter) to context hddsDatanode
2019-07-14 04:42:58,653 INFO  http.HttpServer2 (HttpServer2.java:addFilter(958)) - Added filter static_user_filter (class=org.apache.hadoop.http.lib.StaticUserWebFilter$StaticUserFilter) to context static
2019-07-14 04:42:58,653 INFO  http.HttpServer2 (HttpServer2.java:addFilter(958)) - Added filter static_user_filter (class=org.apache.hadoop.http.lib.StaticUserWebFilter$StaticUserFilter) to context logs
2019-07-14 04:42:58,654 INFO  http.HttpServer2 (HttpServer2.java:bindListener(1191)) - Jetty bound to port 43197
2019-07-14 04:42:58,654 INFO  server.Server (Server.java:doStart(351)) - jetty-9.3.24.v20180605, build timestamp: 2018-06-05T17:11:56Z, git hash: 84205aa28f11a4f31f2a3b86d1bba2cc8ab69827
2019-07-14 04:42:58,657 INFO  handler.ContextHandler (ContextHandler.java:doStart(781)) - Started o.e.j.s.ServletContextHandler@6885ed19{/logs,file:///tmp/workdir/hadoop-ozone/integration-test/target/log,AVAILABLE}
2019-07-14 04:42:58,657 INFO  handler.ContextHandler (ContextHandler.java:doStart(781)) - Started o.e.j.s.ServletContextHandler@2d4a3e13{/static,jar:file:/home/user/.m2/repository/org/apache/hadoop/hadoop-hdds-container-service/0.5.0-SNAPSHOT/hadoop-hdds-container-service-0.5.0-SNAPSHOT.jar!/webapps/static,AVAILABLE}
2019-07-14 04:42:58,685 INFO  handler.ContextHandler (ContextHandler.java:doStart(781)) - Started o.e.j.w.WebAppContext@561f9d92{/,file:///tmp/jetty-0.0.0.0-43197-hddsDatanode-_-any-3964026052728705675.dir/webapp/,AVAILABLE}{/hddsDatanode}
2019-07-14 04:42:58,686 INFO  server.AbstractConnector (AbstractConnector.java:doStart(278)) - Started ServerConnector@1c84d80a{HTTP/1.1,[http/1.1]}{0.0.0.0:43197}
2019-07-14 04:42:58,687 INFO  server.Server (Server.java:doStart(419)) - Started @7176ms
2019-07-14 04:42:58,687 INFO  server.BaseHttpServer (BaseHttpServer.java:updateConnectorAddress(207)) - HTTP server of HDDSDATANODE is listening at http://0.0.0.0:43197
2019-07-14 04:42:58,818 INFO  ozone.HddsDatanodeService (HddsDatanodeService.java:startPlugins(396)) - Started plug-in org.apache.hadoop.ozone.web.OzoneHddsDatanodeService@16f15ae9
2019-07-14 04:42:58,818 INFO  impl.MetricsSystemImpl (MetricsSystemImpl.java:init(158)) - HddsDatanode metrics system started (again)
2019-07-14 04:42:58,820 INFO  ozone.HddsDatanodeService (HddsDatanodeService.java:start(185)) - HddsDatanodeService host:trunk-nightly-6h29n-2077950039 ip:192.168.5.157
2019-07-14 04:42:58,866 INFO  util.JvmPauseMonitor (JvmPauseMonitor.java:run(188)) - Starting JVM pause monitor
2019-07-14 04:42:58,871 INFO  datanode.InitDatanodeState (InitDatanodeState.java:persistContainerDatanodeDetails(140)) - DatanodeDetails is persisted to /tmp/workdir/hadoop-ozone/integration-test/target/test-dir/MiniOzoneClusterImpl-cde32a4e-e365-4eba-9bc1-7f9b124dac02/datanode-5/meta/datanode.id
2019-07-14 04:42:58,877 INFO  volume.HddsVolume (HddsVolume.java:<init>(176)) - Creating Volume: /tmp/workdir/hadoop-ozone/integration-test/target/test-dir/MiniOzoneClusterImpl-cde32a4e-e365-4eba-9bc1-7f9b124dac02/datanode-6/data/containers/hdds of  storage type : DISK and capacity : 52710309888
2019-07-14 04:42:58,879 INFO  volume.VolumeSet (VolumeSet.java:initializeVolumeSet(170)) - Added Volume : /tmp/workdir/hadoop-ozone/integration-test/target/test-dir/MiniOzoneClusterImpl-cde32a4e-e365-4eba-9bc1-7f9b124dac02/datanode-6/data/containers/hdds to VolumeSet
2019-07-14 04:42:58,879 INFO  volume.ThrottledAsyncChecker (ThrottledAsyncChecker.java:schedule(140)) - Scheduling a check for org.apache.hadoop.ozone.container.common.volume.HddsVolume@2b79c8ff
2019-07-14 04:42:58,881 INFO  volume.HddsVolumeChecker (HddsVolumeChecker.java:checkAllVolumes(203)) - Scheduled health check for volume org.apache.hadoop.ozone.container.common.volume.HddsVolume@2b79c8ff
2019-07-14 04:42:58,923 INFO  impl.RaftServerProxy (ConfUtils.java:logGet(43)) - raft.rpc.type = GRPC (default)
2019-07-14 04:42:58,923 INFO  grpc.GrpcFactory (GrpcFactory.java:checkPooledByteBufAllocatorUseCacheForAllThreads(45)) - PERFORMANCE WARNING: useCacheForAllThreads is true that may cause Netty to create a lot garbage objects and, as a result, trigger GC.
	It is recommended to disable useCacheForAllThreads by setting -Dorg.apache.ratis.thirdparty.io.netty.allocator.useCacheForAllThreads=false in command line.
2019-07-14 04:42:58,924 INFO  grpc.GrpcConfigKeys$Server (ConfUtils.java:logGet(43)) - raft.grpc.server.port = 0 (default)
2019-07-14 04:42:58,924 INFO  server.GrpcService (ConfUtils.java:logGet(43)) - raft.grpc.message.size.max = 33570816 (custom)
2019-07-14 04:42:58,924 INFO  server.RaftServerConfigKeys (ConfUtils.java:logGet(43)) - raft.server.log.appender.buffer.byte-limit = 33554432 (custom)
2019-07-14 04:42:58,925 INFO  server.GrpcService (ConfUtils.java:logGet(43)) - raft.grpc.flow.control.window = 1MB (=1048576) (default)
2019-07-14 04:42:58,925 INFO  server.RaftServerConfigKeys (ConfUtils.java:logGet(43)) - raft.server.rpc.request.timeout = 3000ms (default)
2019-07-14 04:42:58,925 INFO  server.RaftServerConfigKeys (ConfUtils.java:logGet(43)) - raft.server.storage.dir = [/tmp/workdir/hadoop-ozone/integration-test/target/test-dir/MiniOzoneClusterImpl-cde32a4e-e365-4eba-9bc1-7f9b124dac02/datanode-6/data/ratis] (custom)
2019-07-14 04:42:58,926 INFO  replication.SimpleContainerDownloader (SimpleContainerDownloader.java:<init>(72)) - Starting container downloader service to copy containers to replicate.
2019-07-14 04:42:58,928 INFO  hdfs.DFSUtil (DFSUtil.java:httpServerTemplateForNNAndJN(1641)) - Starting Web-server for hddsDatanode at: http://0.0.0.0:0
2019-07-14 04:42:58,929 INFO  server.AuthenticationFilter (AuthenticationFilter.java:constructSecretProvider(240)) - Unable to initialize FileSignerSecretProvider, falling back to use random secrets.
2019-07-14 04:42:58,930 WARN  http.HttpRequestLog (HttpRequestLog.java:getRequestLog(97)) - Jetty request log can only be enabled using Log4j
2019-07-14 04:42:58,932 INFO  http.HttpServer2 (HttpServer2.java:addGlobalFilter(975)) - Added global filter 'safety' (class=org.apache.hadoop.http.HttpServer2$QuotingInputFilter)
2019-07-14 04:42:58,933 INFO  http.HttpServer2 (HttpServer2.java:addFilter(948)) - Added filter static_user_filter (class=org.apache.hadoop.http.lib.StaticUserWebFilter$StaticUserFilter) to context hddsDatanode
2019-07-14 04:42:58,934 INFO  http.HttpServer2 (HttpServer2.java:addFilter(958)) - Added filter static_user_filter (class=org.apache.hadoop.http.lib.StaticUserWebFilter$StaticUserFilter) to context logs
2019-07-14 04:42:58,934 INFO  http.HttpServer2 (HttpServer2.java:addFilter(958)) - Added filter static_user_filter (class=org.apache.hadoop.http.lib.StaticUserWebFilter$StaticUserFilter) to context static
2019-07-14 04:42:58,935 INFO  http.HttpServer2 (HttpServer2.java:bindListener(1191)) - Jetty bound to port 44725
2019-07-14 04:42:58,935 INFO  server.Server (Server.java:doStart(351)) - jetty-9.3.24.v20180605, build timestamp: 2018-06-05T17:11:56Z, git hash: 84205aa28f11a4f31f2a3b86d1bba2cc8ab69827
2019-07-14 04:42:58,937 INFO  handler.ContextHandler (ContextHandler.java:doStart(781)) - Started o.e.j.s.ServletContextHandler@6568f998{/logs,file:///tmp/workdir/hadoop-ozone/integration-test/target/log,AVAILABLE}
2019-07-14 04:42:58,938 INFO  handler.ContextHandler (ContextHandler.java:doStart(781)) - Started o.e.j.s.ServletContextHandler@782fd504{/static,jar:file:/home/user/.m2/repository/org/apache/hadoop/hadoop-hdds-container-service/0.5.0-SNAPSHOT/hadoop-hdds-container-service-0.5.0-SNAPSHOT.jar!/webapps/static,AVAILABLE}
2019-07-14 04:42:58,994 INFO  handler.ContextHandler (ContextHandler.java:doStart(781)) - Started o.e.j.w.WebAppContext@418f0534{/,file:///tmp/jetty-0.0.0.0-44725-hddsDatanode-_-any-4846345785115323770.dir/webapp/,AVAILABLE}{/hddsDatanode}
2019-07-14 04:42:58,995 INFO  server.AbstractConnector (AbstractConnector.java:doStart(278)) - Started ServerConnector@3dfd7eaa{HTTP/1.1,[http/1.1]}{0.0.0.0:44725}
2019-07-14 04:42:58,996 INFO  server.Server (Server.java:doStart(419)) - Started @7485ms
2019-07-14 04:42:58,997 INFO  server.BaseHttpServer (BaseHttpServer.java:updateConnectorAddress(207)) - HTTP server of HDDSDATANODE is listening at http://0.0.0.0:44725
2019-07-14 04:42:59,161 INFO  ozone.HddsDatanodeService (HddsDatanodeService.java:startPlugins(396)) - Started plug-in org.apache.hadoop.ozone.web.OzoneHddsDatanodeService@28e7bb31
2019-07-14 04:42:59,164 INFO  ozone.MiniOzoneClusterImpl (MiniOzoneClusterImpl.java:lambda$waitForClusterToBeReady$0(142)) - Waiting for cluster to be ready. Got 0 of 7 DN Heartbeats.
2019-07-14 04:42:59,165 INFO  util.JvmPauseMonitor (JvmPauseMonitor.java:run(188)) - Starting JVM pause monitor
2019-07-14 04:42:59,168 INFO  datanode.InitDatanodeState (InitDatanodeState.java:persistContainerDatanodeDetails(140)) - DatanodeDetails is persisted to /tmp/workdir/hadoop-ozone/integration-test/target/test-dir/MiniOzoneClusterImpl-cde32a4e-e365-4eba-9bc1-7f9b124dac02/datanode-6/meta/datanode.id
2019-07-14 04:42:59,769 INFO  ozoneimpl.OzoneContainer (OzoneContainer.java:start(186)) - Attempting to start container services.
2019-07-14 04:42:59,772 INFO  ozoneimpl.OzoneContainer (OzoneContainer.java:startContainerScrub(160)) - Background container scrubber has been disabled by hdds.containerscrub.enabled
2019-07-14 04:42:59,772 INFO  ratis.XceiverServerRatis (XceiverServerRatis.java:start(418)) - Starting XceiverServerRatis ce2b87ac-94ff-4d1f-8ba8-ab32d1173b60 at port 0
2019-07-14 04:42:59,797 INFO  impl.RaftServerProxy (RaftServerProxy.java:lambda$start$3(299)) - ce2b87ac-94ff-4d1f-8ba8-ab32d1173b60: start RPC server
2019-07-14 04:42:59,930 INFO  server.GrpcService (GrpcService.java:startImpl(149)) - ce2b87ac-94ff-4d1f-8ba8-ab32d1173b60: GrpcService started, listening on 0.0.0.0/0.0.0.0:34774
2019-07-14 04:42:59,931 INFO  ratis.XceiverServerRatis (XceiverServerRatis.java:start(428)) - XceiverServerRatis ce2b87ac-94ff-4d1f-8ba8-ab32d1173b60 is started using port 34774
2019-07-14 04:42:59,934 INFO  server.XceiverServerGrpc (XceiverServerGrpc.java:start(161)) - XceiverServerGrpc ce2b87ac-94ff-4d1f-8ba8-ab32d1173b60 is started using port 34293
2019-07-14 04:42:59,973 INFO  ozoneimpl.OzoneContainer (OzoneContainer.java:start(186)) - Attempting to start container services.
2019-07-14 04:42:59,976 INFO  ozoneimpl.OzoneContainer (OzoneContainer.java:startContainerScrub(160)) - Background container scrubber has been disabled by hdds.containerscrub.enabled
2019-07-14 04:42:59,976 INFO  ratis.XceiverServerRatis (XceiverServerRatis.java:start(418)) - Starting XceiverServerRatis a490aa72-b079-4a27-a857-8651cf52422d at port 0
2019-07-14 04:42:59,985 INFO  impl.RaftServerProxy (RaftServerProxy.java:lambda$start$3(299)) - a490aa72-b079-4a27-a857-8651cf52422d: start RPC server
2019-07-14 04:42:59,989 INFO  server.GrpcService (GrpcService.java:startImpl(149)) - a490aa72-b079-4a27-a857-8651cf52422d: GrpcService started, listening on 0.0.0.0/0.0.0.0:35222
2019-07-14 04:42:59,989 INFO  ratis.XceiverServerRatis (XceiverServerRatis.java:start(428)) - XceiverServerRatis a490aa72-b079-4a27-a857-8651cf52422d is started using port 35222
2019-07-14 04:42:59,992 INFO  server.XceiverServerGrpc (XceiverServerGrpc.java:start(161)) - XceiverServerGrpc a490aa72-b079-4a27-a857-8651cf52422d is started using port 34031
2019-07-14 04:43:00,165 INFO  ozone.MiniOzoneClusterImpl (MiniOzoneClusterImpl.java:lambda$waitForClusterToBeReady$0(142)) - Waiting for cluster to be ready. Got 0 of 7 DN Heartbeats.
2019-07-14 04:43:00,211 INFO  ozoneimpl.OzoneContainer (OzoneContainer.java:start(186)) - Attempting to start container services.
2019-07-14 04:43:00,213 INFO  ozoneimpl.OzoneContainer (OzoneContainer.java:startContainerScrub(160)) - Background container scrubber has been disabled by hdds.containerscrub.enabled
2019-07-14 04:43:00,213 INFO  ratis.XceiverServerRatis (XceiverServerRatis.java:start(418)) - Starting XceiverServerRatis 8da3dc15-2a6c-4843-89b6-6adf41d92897 at port 0
2019-07-14 04:43:00,225 INFO  impl.RaftServerProxy (RaftServerProxy.java:lambda$start$3(299)) - 8da3dc15-2a6c-4843-89b6-6adf41d92897: start RPC server
2019-07-14 04:43:00,229 INFO  server.GrpcService (GrpcService.java:startImpl(149)) - 8da3dc15-2a6c-4843-89b6-6adf41d92897: GrpcService started, listening on 0.0.0.0/0.0.0.0:34978
2019-07-14 04:43:00,229 INFO  ratis.XceiverServerRatis (XceiverServerRatis.java:start(428)) - XceiverServerRatis 8da3dc15-2a6c-4843-89b6-6adf41d92897 is started using port 34978
2019-07-14 04:43:00,234 INFO  server.XceiverServerGrpc (XceiverServerGrpc.java:start(161)) - XceiverServerGrpc 8da3dc15-2a6c-4843-89b6-6adf41d92897 is started using port 36822
2019-07-14 04:43:00,417 INFO  ozoneimpl.OzoneContainer (OzoneContainer.java:start(186)) - Attempting to start container services.
2019-07-14 04:43:00,424 INFO  ozoneimpl.OzoneContainer (OzoneContainer.java:startContainerScrub(160)) - Background container scrubber has been disabled by hdds.containerscrub.enabled
2019-07-14 04:43:00,424 INFO  ratis.XceiverServerRatis (XceiverServerRatis.java:start(418)) - Starting XceiverServerRatis 36fa793a-8181-4835-8542-419b2c9663e3 at port 0
2019-07-14 04:43:00,435 INFO  impl.RaftServerProxy (RaftServerProxy.java:lambda$start$3(299)) - 36fa793a-8181-4835-8542-419b2c9663e3: start RPC server
2019-07-14 04:43:00,438 INFO  server.GrpcService (GrpcService.java:startImpl(149)) - 36fa793a-8181-4835-8542-419b2c9663e3: GrpcService started, listening on 0.0.0.0/0.0.0.0:33357
2019-07-14 04:43:00,439 INFO  ratis.XceiverServerRatis (XceiverServerRatis.java:start(428)) - XceiverServerRatis 36fa793a-8181-4835-8542-419b2c9663e3 is started using port 33357
2019-07-14 04:43:00,442 INFO  server.XceiverServerGrpc (XceiverServerGrpc.java:start(161)) - XceiverServerGrpc 36fa793a-8181-4835-8542-419b2c9663e3 is started using port 33722
2019-07-14 04:43:00,631 INFO  ozoneimpl.OzoneContainer (OzoneContainer.java:start(186)) - Attempting to start container services.
2019-07-14 04:43:00,632 INFO  ozoneimpl.OzoneContainer (OzoneContainer.java:startContainerScrub(160)) - Background container scrubber has been disabled by hdds.containerscrub.enabled
2019-07-14 04:43:00,632 INFO  ratis.XceiverServerRatis (XceiverServerRatis.java:start(418)) - Starting XceiverServerRatis b26b0bf7-41ce-424a-82ff-6d42a44b8232 at port 0
2019-07-14 04:43:00,643 INFO  impl.RaftServerProxy (RaftServerProxy.java:lambda$start$3(299)) - b26b0bf7-41ce-424a-82ff-6d42a44b8232: start RPC server
2019-07-14 04:43:00,647 INFO  server.GrpcService (GrpcService.java:startImpl(149)) - b26b0bf7-41ce-424a-82ff-6d42a44b8232: GrpcService started, listening on 0.0.0.0/0.0.0.0:32955
2019-07-14 04:43:00,648 INFO  ratis.XceiverServerRatis (XceiverServerRatis.java:start(428)) - XceiverServerRatis b26b0bf7-41ce-424a-82ff-6d42a44b8232 is started using port 32955
2019-07-14 04:43:00,651 INFO  server.XceiverServerGrpc (XceiverServerGrpc.java:start(161)) - XceiverServerGrpc b26b0bf7-41ce-424a-82ff-6d42a44b8232 is started using port 33834
2019-07-14 04:43:00,838 INFO  ozoneimpl.OzoneContainer (OzoneContainer.java:start(186)) - Attempting to start container services.
2019-07-14 04:43:00,838 INFO  ozoneimpl.OzoneContainer (OzoneContainer.java:startContainerScrub(160)) - Background container scrubber has been disabled by hdds.containerscrub.enabled
2019-07-14 04:43:00,838 INFO  ratis.XceiverServerRatis (XceiverServerRatis.java:start(418)) - Starting XceiverServerRatis 81f2cfd3-4e6d-4976-acdf-5fc3d3480df9 at port 0
2019-07-14 04:43:00,848 INFO  impl.RaftServerProxy (RaftServerProxy.java:lambda$start$3(299)) - 81f2cfd3-4e6d-4976-acdf-5fc3d3480df9: start RPC server
2019-07-14 04:43:00,853 INFO  server.GrpcService (GrpcService.java:startImpl(149)) - 81f2cfd3-4e6d-4976-acdf-5fc3d3480df9: GrpcService started, listening on 0.0.0.0/0.0.0.0:36380
2019-07-14 04:43:00,853 INFO  ratis.XceiverServerRatis (XceiverServerRatis.java:start(428)) - XceiverServerRatis 81f2cfd3-4e6d-4976-acdf-5fc3d3480df9 is started using port 36380
2019-07-14 04:43:00,857 INFO  server.XceiverServerGrpc (XceiverServerGrpc.java:start(161)) - XceiverServerGrpc 81f2cfd3-4e6d-4976-acdf-5fc3d3480df9 is started using port 45377
2019-07-14 04:43:01,166 INFO  ozone.MiniOzoneClusterImpl (MiniOzoneClusterImpl.java:lambda$waitForClusterToBeReady$0(142)) - Waiting for cluster to be ready. Got 0 of 7 DN Heartbeats.
2019-07-14 04:43:01,180 INFO  ozoneimpl.OzoneContainer (OzoneContainer.java:start(186)) - Attempting to start container services.
2019-07-14 04:43:01,181 INFO  ozoneimpl.OzoneContainer (OzoneContainer.java:startContainerScrub(160)) - Background container scrubber has been disabled by hdds.containerscrub.enabled
2019-07-14 04:43:01,181 INFO  ratis.XceiverServerRatis (XceiverServerRatis.java:start(418)) - Starting XceiverServerRatis 60a1f487-3869-438b-9653-4786ac435c84 at port 0
2019-07-14 04:43:01,189 INFO  impl.RaftServerProxy (RaftServerProxy.java:lambda$start$3(299)) - 60a1f487-3869-438b-9653-4786ac435c84: start RPC server
2019-07-14 04:43:01,194 INFO  server.GrpcService (GrpcService.java:startImpl(149)) - 60a1f487-3869-438b-9653-4786ac435c84: GrpcService started, listening on 0.0.0.0/0.0.0.0:34505
2019-07-14 04:43:01,194 INFO  ratis.XceiverServerRatis (XceiverServerRatis.java:start(428)) - XceiverServerRatis 60a1f487-3869-438b-9653-4786ac435c84 is started using port 34505
2019-07-14 04:43:01,198 INFO  server.XceiverServerGrpc (XceiverServerGrpc.java:start(161)) - XceiverServerGrpc 60a1f487-3869-438b-9653-4786ac435c84 is started using port 45593
2019-07-14 04:43:01,752 INFO  net.NetworkTopology (NetworkTopologyImpl.java:add(110)) - Added a new node: /default-rack/192.168.5.157
2019-07-14 04:43:01,753 INFO  node.SCMNodeManager (SCMNodeManager.java:register(269)) - Registered Data node : ce2b87ac-94ff-4d1f-8ba8-ab32d1173b60{ip: 192.168.5.157, host: trunk-nightly-6h29n-2077950039, networkLocation: /default-rack, certSerialId: null}
2019-07-14 04:43:01,759 INFO  safemode.SCMSafeModeManager (DataNodeSafeModeRule.java:process(71)) - SCM in safe mode. 1 DataNodes registered, 1 required.
2019-07-14 04:43:01,759 INFO  safemode.SCMSafeModeManager (SCMSafeModeManager.java:validateSafeModeExitRules(177)) - ScmSafeModeManager, all rules are successfully validated
2019-07-14 04:43:01,759 INFO  safemode.SCMSafeModeManager (SCMSafeModeManager.java:exitSafeMode(193)) - SCM exiting safe mode.
2019-07-14 04:43:01,966 INFO  node.SCMNodeManager (SCMNodeManager.java:register(269)) - Registered Data node : a490aa72-b079-4a27-a857-8651cf52422d{ip: 192.168.5.157, host: trunk-nightly-6h29n-2077950039, networkLocation: /default-rack, certSerialId: null}
2019-07-14 04:43:02,168 INFO  ozone.MiniOzoneClusterImpl (MiniOzoneClusterImpl.java:lambda$waitForClusterToBeReady$0(142)) - Waiting for cluster to be ready. Got 2 of 7 DN Heartbeats.
2019-07-14 04:43:02,203 INFO  node.SCMNodeManager (SCMNodeManager.java:register(269)) - Registered Data node : 8da3dc15-2a6c-4843-89b6-6adf41d92897{ip: 192.168.5.157, host: trunk-nightly-6h29n-2077950039, networkLocation: /default-rack, certSerialId: null}
2019-07-14 04:43:02,670 INFO  node.SCMNodeManager (SCMNodeManager.java:register(269)) - Registered Data node : b26b0bf7-41ce-424a-82ff-6d42a44b8232{ip: 192.168.5.157, host: trunk-nightly-6h29n-2077950039, networkLocation: /default-rack, certSerialId: null}
2019-07-14 04:43:02,670 INFO  node.SCMNodeManager (SCMNodeManager.java:register(269)) - Registered Data node : 36fa793a-8181-4835-8542-419b2c9663e3{ip: 192.168.5.157, host: trunk-nightly-6h29n-2077950039, networkLocation: /default-rack, certSerialId: null}
2019-07-14 04:43:02,721 INFO  impl.RaftServerProxy (RaftServerProxy.java:addNew(89)) - ce2b87ac-94ff-4d1f-8ba8-ab32d1173b60: addNew group-E06EB8B2CC0B:[ce2b87ac-94ff-4d1f-8ba8-ab32d1173b60:192.168.5.157:34774] returns group-E06EB8B2CC0B:java.util.concurrent.CompletableFuture@55cba32b[Not completed]
2019-07-14 04:43:02,736 INFO  impl.RaftServerImpl (RaftServerImpl.java:<init>(93)) - ce2b87ac-94ff-4d1f-8ba8-ab32d1173b60: new RaftServerImpl for group-E06EB8B2CC0B:[ce2b87ac-94ff-4d1f-8ba8-ab32d1173b60:192.168.5.157:34774] with ContainerStateMachine:uninitialized
2019-07-14 04:43:02,737 INFO  server.RaftServerConfigKeys (ConfUtils.java:logGet(43)) - raft.server.rpc.timeout.min = 5s (custom)
2019-07-14 04:43:02,738 INFO  server.RaftServerConfigKeys (ConfUtils.java:logGet(43)) - raft.server.rpc.timeout.max = 5200ms (custom)
2019-07-14 04:43:02,739 INFO  server.RaftServerConfigKeys (ConfUtils.java:logGet(43)) - raft.server.rpcslowness.timeout = 120s (custom)
2019-07-14 04:43:02,739 INFO  server.RaftServerConfigKeys (ConfUtils.java:logGet(43)) - raft.server.sleep.deviation.threshold = 300 (default)
2019-07-14 04:43:02,740 INFO  server.RaftServerConfigKeys (ConfUtils.java:logGet(43)) - raft.server.log.appender.install.snapshot.enabled = false (custom)
2019-07-14 04:43:02,747 INFO  impl.RaftServerImpl (ServerState.java:<init>(105)) - ce2b87ac-94ff-4d1f-8ba8-ab32d1173b60:group-E06EB8B2CC0B ConfigurationManager, init=-1: [ce2b87ac-94ff-4d1f-8ba8-ab32d1173b60:192.168.5.157:34774], old=null, confs=<EMPTY_MAP>
2019-07-14 04:43:02,747 INFO  server.RaftServerConfigKeys (ConfUtils.java:logGet(43)) - raft.server.storage.dir = [/tmp/workdir/hadoop-ozone/integration-test/target/test-dir/MiniOzoneClusterImpl-cde32a4e-e365-4eba-9bc1-7f9b124dac02/datanode-0/data/ratis] (custom)
2019-07-14 04:43:02,753 INFO  storage.RaftStorageDirectory (RaftStorageDirectory.java:analyzeStorage(246)) - The storage directory /tmp/workdir/hadoop-ozone/integration-test/target/test-dir/MiniOzoneClusterImpl-cde32a4e-e365-4eba-9bc1-7f9b124dac02/datanode-0/data/ratis/a9cc547e-8fba-42b1-b158-e06eb8b2cc0b does not exist. Creating ...
2019-07-14 04:43:02,772 INFO  storage.RaftStorageDirectory (RaftStorageDirectory.java:tryLock(328)) - Lock on /tmp/workdir/hadoop-ozone/integration-test/target/test-dir/MiniOzoneClusterImpl-cde32a4e-e365-4eba-9bc1-7f9b124dac02/datanode-0/data/ratis/a9cc547e-8fba-42b1-b158-e06eb8b2cc0b/in_use.lock acquired by nodename 935@trunk-nightly-6h29n-2077950039
2019-07-14 04:43:02,785 INFO  storage.RaftStorage (RaftStorage.java:format(72)) - Storage directory /tmp/workdir/hadoop-ozone/integration-test/target/test-dir/MiniOzoneClusterImpl-cde32a4e-e365-4eba-9bc1-7f9b124dac02/datanode-0/data/ratis/a9cc547e-8fba-42b1-b158-e06eb8b2cc0b has been successfully formatted.
2019-07-14 04:43:02,787 INFO  ratis.ContainerStateMachine (ContainerStateMachine.java:loadSnapshot(200)) - The snapshot info is null.Setting the last applied index to:(t:0, i:~)
2019-07-14 04:43:02,787 INFO  server.RaftServerConfigKeys (ConfUtils.java:logGet(43)) - raft.server.leader.election.timeout = 120s (custom)
2019-07-14 04:43:02,789 INFO  server.RaftServerConfigKeys (ConfUtils.java:logGet(43)) - raft.server.log.use.memory = false (default)
2019-07-14 04:43:02,795 INFO  server.RaftServerConfigKeys (ConfUtils.java:logGet(43)) - raft.server.log.purge.gap = 1000000000 (custom)
2019-07-14 04:43:02,796 INFO  server.RaftServerConfigKeys (ConfUtils.java:logGet(43)) - raft.server.log.appender.buffer.byte-limit = 33554432 (custom)
2019-07-14 04:43:02,798 INFO  server.RaftServerConfigKeys (ConfUtils.java:logGet(43)) - raft.server.log.segment.size.max = 1048576 (custom)
2019-07-14 04:43:02,802 INFO  server.RaftServerConfigKeys (ConfUtils.java:logGet(43)) - raft.server.log.segment.cache.num.max = 2 (custom)
2019-07-14 04:43:02,807 INFO  segmented.SegmentedRaftLogWorker (SegmentedRaftLogWorker.java:<init>(172)) - new ce2b87ac-94ff-4d1f-8ba8-ab32d1173b60-SegmentedRaftLogWorker:Storage Directory /tmp/workdir/hadoop-ozone/integration-test/target/test-dir/MiniOzoneClusterImpl-cde32a4e-e365-4eba-9bc1-7f9b124dac02/datanode-0/data/ratis/a9cc547e-8fba-42b1-b158-e06eb8b2cc0b for RaftStorage:Storage Directory /tmp/workdir/hadoop-ozone/integration-test/target/test-dir/MiniOzoneClusterImpl-cde32a4e-e365-4eba-9bc1-7f9b124dac02/datanode-0/data/ratis/a9cc547e-8fba-42b1-b158-e06eb8b2cc0b
2019-07-14 04:43:02,818 INFO  server.RaftServerConfigKeys (ConfUtils.java:logGet(43)) - raft.server.log.queue.byte-limit = 2147483647 (custom)
2019-07-14 04:43:02,818 INFO  server.RaftServerConfigKeys (ConfUtils.java:logGet(43)) - raft.server.log.queue.element-limit = 1024 (custom)
2019-07-14 04:43:02,822 INFO  server.RaftServerConfigKeys (ConfUtils.java:logGet(43)) - raft.server.log.segment.size.max = 1048576 (custom)
2019-07-14 04:43:02,825 INFO  server.RaftServerConfigKeys (ConfUtils.java:logGet(43)) - raft.server.log.preallocated.size = 16384 (custom)
2019-07-14 04:43:02,825 INFO  server.RaftServerConfigKeys (ConfUtils.java:logGet(43)) - raft.server.log.write.buffer.size = 33554432 (custom)
2019-07-14 04:43:02,826 INFO  server.RaftServerConfigKeys (ConfUtils.java:logGet(43)) - raft.server.log.force.sync.num = 128 (default)
2019-07-14 04:43:02,826 INFO  node.SCMNodeManager (SCMNodeManager.java:register(269)) - Registered Data node : 81f2cfd3-4e6d-4976-acdf-5fc3d3480df9{ip: 192.168.5.157, host: trunk-nightly-6h29n-2077950039, networkLocation: /default-rack, certSerialId: null}
2019-07-14 04:43:02,828 INFO  server.RaftServerConfigKeys (ConfUtils.java:logGet(43)) - raft.server.log.statemachine.data.sync = true (default)
2019-07-14 04:43:02,828 INFO  server.RaftServerConfigKeys (ConfUtils.java:logGet(43)) - raft.server.log.statemachine.data.sync.timeout = 10s (default)
2019-07-14 04:43:02,828 INFO  server.RaftServerConfigKeys (ConfUtils.java:logGet(43)) - raft.server.log.statemachine.data.sync.timeout.retry = -1 (default)
2019-07-14 04:43:02,836 INFO  server.RaftServerConfigKeys (ConfUtils.java:logGet(43)) - raft.server.log.statemachine.data.caching.enabled = true (custom)
2019-07-14 04:43:02,840 INFO  segmented.SegmentedRaftLogWorker (SegmentedRaftLogWorker.java:lambda$new$0(132)) - ce2b87ac-94ff-4d1f-8ba8-ab32d1173b60-SegmentedRaftLogWorker:Storage Directory /tmp/workdir/hadoop-ozone/integration-test/target/test-dir/MiniOzoneClusterImpl-cde32a4e-e365-4eba-9bc1-7f9b124dac02/datanode-0/data/ratis/a9cc547e-8fba-42b1-b158-e06eb8b2cc0b: flushIndex: setUnconditionally 0 -> -1
2019-07-14 04:43:02,844 INFO  server.RaftServerConfigKeys (ConfUtils.java:logGet(43)) - raft.server.snapshot.auto.trigger.enabled = true (custom)
2019-07-14 04:43:02,845 INFO  server.RaftServerConfigKeys (ConfUtils.java:logGet(43)) - raft.server.snapshot.auto.trigger.threshold = 10000 (custom)
2019-07-14 04:43:02,845 INFO  server.RaftServerConfigKeys (ConfUtils.java:logGet(43)) - raft.server.retrycache.expirytime = 600000ms (custom)
2019-07-14 04:43:02,864 INFO  impl.RaftServerImpl (RaftServerImpl.java:start(180)) - ce2b87ac-94ff-4d1f-8ba8-ab32d1173b60: start group-E06EB8B2CC0B
2019-07-14 04:43:02,865 INFO  impl.RaftServerImpl (RaftServerImpl.java:setRole(171)) - ce2b87ac-94ff-4d1f-8ba8-ab32d1173b60:group-E06EB8B2CC0B changes role from null to FOLLOWER at term 0 for startAsFollower
2019-07-14 04:43:02,866 INFO  impl.RoleInfo (RoleInfo.java:updateAndGet(143)) - ce2b87ac-94ff-4d1f-8ba8-ab32d1173b60: start FollowerState
2019-07-14 04:43:02,867 INFO  util.JmxRegister (JmxRegister.java:tryRegister(44)) - Successfully registered JMX Bean with object name Ratis:service=RaftServer,group=group-E06EB8B2CC0B,id=ce2b87ac-94ff-4d1f-8ba8-ab32d1173b60
2019-07-14 04:43:02,928 INFO  pipeline.PipelineStateManager (PipelineStateManager.java:addPipeline(56)) - Created pipeline Pipeline[ Id: a9cc547e-8fba-42b1-b158-e06eb8b2cc0b, Nodes: ce2b87ac-94ff-4d1f-8ba8-ab32d1173b60{ip: 192.168.5.157, host: trunk-nightly-6h29n-2077950039, networkLocation: /default-rack, certSerialId: null}, Type:RATIS, Factor:ONE, State:OPEN]
2019-07-14 04:43:02,958 INFO  impl.RaftServerProxy (RaftServerProxy.java:addNew(89)) - a490aa72-b079-4a27-a857-8651cf52422d: addNew group-4DDE6740278D:[a490aa72-b079-4a27-a857-8651cf52422d:192.168.5.157:35222] returns group-4DDE6740278D:java.util.concurrent.CompletableFuture@6bf6387b[Not completed]
2019-07-14 04:43:03,015 INFO  impl.RaftServerImpl (RaftServerImpl.java:<init>(93)) - a490aa72-b079-4a27-a857-8651cf52422d: new RaftServerImpl for group-4DDE6740278D:[a490aa72-b079-4a27-a857-8651cf52422d:192.168.5.157:35222] with ContainerStateMachine:uninitialized
2019-07-14 04:43:03,017 INFO  server.RaftServerConfigKeys (ConfUtils.java:logGet(43)) - raft.server.rpc.timeout.min = 5s (custom)
2019-07-14 04:43:03,017 INFO  server.RaftServerConfigKeys (ConfUtils.java:logGet(43)) - raft.server.rpc.timeout.max = 5200ms (custom)
2019-07-14 04:43:03,017 INFO  server.RaftServerConfigKeys (ConfUtils.java:logGet(43)) - raft.server.rpcslowness.timeout = 120s (custom)
2019-07-14 04:43:03,017 INFO  server.RaftServerConfigKeys (ConfUtils.java:logGet(43)) - raft.server.sleep.deviation.threshold = 300 (default)
2019-07-14 04:43:03,017 INFO  server.RaftServerConfigKeys (ConfUtils.java:logGet(43)) - raft.server.log.appender.install.snapshot.enabled = false (custom)
2019-07-14 04:43:03,017 INFO  impl.RaftServerImpl (ServerState.java:<init>(105)) - a490aa72-b079-4a27-a857-8651cf52422d:group-4DDE6740278D ConfigurationManager, init=-1: [a490aa72-b079-4a27-a857-8651cf52422d:192.168.5.157:35222], old=null, confs=<EMPTY_MAP>
2019-07-14 04:43:03,017 INFO  server.RaftServerConfigKeys (ConfUtils.java:logGet(43)) - raft.server.storage.dir = [/tmp/workdir/hadoop-ozone/integration-test/target/test-dir/MiniOzoneClusterImpl-cde32a4e-e365-4eba-9bc1-7f9b124dac02/datanode-1/data/ratis] (custom)
2019-07-14 04:43:03,018 INFO  storage.RaftStorageDirectory (RaftStorageDirectory.java:analyzeStorage(246)) - The storage directory /tmp/workdir/hadoop-ozone/integration-test/target/test-dir/MiniOzoneClusterImpl-cde32a4e-e365-4eba-9bc1-7f9b124dac02/datanode-1/data/ratis/a697732e-deba-4ff5-ab58-4dde6740278d does not exist. Creating ...
2019-07-14 04:43:03,032 INFO  storage.RaftStorageDirectory (RaftStorageDirectory.java:tryLock(328)) - Lock on /tmp/workdir/hadoop-ozone/integration-test/target/test-dir/MiniOzoneClusterImpl-cde32a4e-e365-4eba-9bc1-7f9b124dac02/datanode-1/data/ratis/a697732e-deba-4ff5-ab58-4dde6740278d/in_use.lock acquired by nodename 935@trunk-nightly-6h29n-2077950039
2019-07-14 04:43:03,043 INFO  storage.RaftStorage (RaftStorage.java:format(72)) - Storage directory /tmp/workdir/hadoop-ozone/integration-test/target/test-dir/MiniOzoneClusterImpl-cde32a4e-e365-4eba-9bc1-7f9b124dac02/datanode-1/data/ratis/a697732e-deba-4ff5-ab58-4dde6740278d has been successfully formatted.
2019-07-14 04:43:03,045 INFO  ratis.ContainerStateMachine (ContainerStateMachine.java:loadSnapshot(200)) - The snapshot info is null.Setting the last applied index to:(t:0, i:~)
2019-07-14 04:43:03,046 INFO  server.RaftServerConfigKeys (ConfUtils.java:logGet(43)) - raft.server.leader.election.timeout = 120s (custom)
2019-07-14 04:43:03,046 INFO  server.RaftServerConfigKeys (ConfUtils.java:logGet(43)) - raft.server.log.use.memory = false (default)
2019-07-14 04:43:03,046 INFO  server.RaftServerConfigKeys (ConfUtils.java:logGet(43)) - raft.server.log.purge.gap = 1000000000 (custom)
2019-07-14 04:43:03,047 INFO  server.RaftServerConfigKeys (ConfUtils.java:logGet(43)) - raft.server.log.appender.buffer.byte-limit = 33554432 (custom)
2019-07-14 04:43:03,047 INFO  server.RaftServerConfigKeys (ConfUtils.java:logGet(43)) - raft.server.log.segment.size.max = 1048576 (custom)
2019-07-14 04:43:03,047 INFO  server.RaftServerConfigKeys (ConfUtils.java:logGet(43)) - raft.server.log.segment.cache.num.max = 2 (custom)
2019-07-14 04:43:03,047 INFO  segmented.SegmentedRaftLogWorker (SegmentedRaftLogWorker.java:<init>(172)) - new a490aa72-b079-4a27-a857-8651cf52422d-SegmentedRaftLogWorker:Storage Directory /tmp/workdir/hadoop-ozone/integration-test/target/test-dir/MiniOzoneClusterImpl-cde32a4e-e365-4eba-9bc1-7f9b124dac02/datanode-1/data/ratis/a697732e-deba-4ff5-ab58-4dde6740278d for RaftStorage:Storage Directory /tmp/workdir/hadoop-ozone/integration-test/target/test-dir/MiniOzoneClusterImpl-cde32a4e-e365-4eba-9bc1-7f9b124dac02/datanode-1/data/ratis/a697732e-deba-4ff5-ab58-4dde6740278d
2019-07-14 04:43:03,049 INFO  server.RaftServerConfigKeys (ConfUtils.java:logGet(43)) - raft.server.log.queue.byte-limit = 2147483647 (custom)
2019-07-14 04:43:03,049 INFO  server.RaftServerConfigKeys (ConfUtils.java:logGet(43)) - raft.server.log.queue.element-limit = 1024 (custom)
2019-07-14 04:43:03,049 INFO  server.RaftServerConfigKeys (ConfUtils.java:logGet(43)) - raft.server.log.segment.size.max = 1048576 (custom)
2019-07-14 04:43:03,050 INFO  server.RaftServerConfigKeys (ConfUtils.java:logGet(43)) - raft.server.log.preallocated.size = 16384 (custom)
2019-07-14 04:43:03,050 INFO  server.RaftServerConfigKeys (ConfUtils.java:logGet(43)) - raft.server.log.write.buffer.size = 33554432 (custom)
2019-07-14 04:43:03,050 INFO  server.RaftServerConfigKeys (ConfUtils.java:logGet(43)) - raft.server.log.force.sync.num = 128 (default)
2019-07-14 04:43:03,050 INFO  server.RaftServerConfigKeys (ConfUtils.java:logGet(43)) - raft.server.log.statemachine.data.sync = true (default)
2019-07-14 04:43:03,050 INFO  server.RaftServerConfigKeys (ConfUtils.java:logGet(43)) - raft.server.log.statemachine.data.sync.timeout = 10s (default)
2019-07-14 04:43:03,050 INFO  server.RaftServerConfigKeys (ConfUtils.java:logGet(43)) - raft.server.log.statemachine.data.sync.timeout.retry = -1 (default)
2019-07-14 04:43:03,051 INFO  server.RaftServerConfigKeys (ConfUtils.java:logGet(43)) - raft.server.log.statemachine.data.caching.enabled = true (custom)
2019-07-14 04:43:03,051 INFO  segmented.SegmentedRaftLogWorker (SegmentedRaftLogWorker.java:lambda$new$0(132)) - a490aa72-b079-4a27-a857-8651cf52422d-SegmentedRaftLogWorker:Storage Directory /tmp/workdir/hadoop-ozone/integration-test/target/test-dir/MiniOzoneClusterImpl-cde32a4e-e365-4eba-9bc1-7f9b124dac02/datanode-1/data/ratis/a697732e-deba-4ff5-ab58-4dde6740278d: flushIndex: setUnconditionally 0 -> -1
2019-07-14 04:43:03,052 INFO  server.RaftServerConfigKeys (ConfUtils.java:logGet(43)) - raft.server.snapshot.auto.trigger.enabled = true (custom)
2019-07-14 04:43:03,052 INFO  server.RaftServerConfigKeys (ConfUtils.java:logGet(43)) - raft.server.snapshot.auto.trigger.threshold = 10000 (custom)
2019-07-14 04:43:03,052 INFO  server.RaftServerConfigKeys (ConfUtils.java:logGet(43)) - raft.server.retrycache.expirytime = 600000ms (custom)
2019-07-14 04:43:03,052 INFO  impl.RaftServerImpl (RaftServerImpl.java:start(180)) - a490aa72-b079-4a27-a857-8651cf52422d: start group-4DDE6740278D
2019-07-14 04:43:03,052 INFO  impl.RaftServerImpl (RaftServerImpl.java:setRole(171)) - a490aa72-b079-4a27-a857-8651cf52422d:group-4DDE6740278D changes role from null to FOLLOWER at term 0 for startAsFollower
2019-07-14 04:43:03,053 INFO  impl.RoleInfo (RoleInfo.java:updateAndGet(143)) - a490aa72-b079-4a27-a857-8651cf52422d: start FollowerState
2019-07-14 04:43:03,054 INFO  util.JmxRegister (JmxRegister.java:tryRegister(44)) - Successfully registered JMX Bean with object name Ratis:service=RaftServer,group=group-4DDE6740278D,id=a490aa72-b079-4a27-a857-8651cf52422d
2019-07-14 04:43:03,069 INFO  pipeline.PipelineStateManager (PipelineStateManager.java:addPipeline(56)) - Created pipeline Pipeline[ Id: a697732e-deba-4ff5-ab58-4dde6740278d, Nodes: a490aa72-b079-4a27-a857-8651cf52422d{ip: 192.168.5.157, host: trunk-nightly-6h29n-2077950039, networkLocation: /default-rack, certSerialId: null}, Type:RATIS, Factor:ONE, State:OPEN]
2019-07-14 04:43:03,096 INFO  impl.RaftServerProxy (RaftServerProxy.java:addNew(89)) - 81f2cfd3-4e6d-4976-acdf-5fc3d3480df9: addNew group-A66DA8E8E0DB:[81f2cfd3-4e6d-4976-acdf-5fc3d3480df9:192.168.5.157:36380] returns group-A66DA8E8E0DB:java.util.concurrent.CompletableFuture@49421475[Not completed]
2019-07-14 04:43:03,104 INFO  impl.RaftServerImpl (RaftServerImpl.java:<init>(93)) - 81f2cfd3-4e6d-4976-acdf-5fc3d3480df9: new RaftServerImpl for group-A66DA8E8E0DB:[81f2cfd3-4e6d-4976-acdf-5fc3d3480df9:192.168.5.157:36380] with ContainerStateMachine:uninitialized
2019-07-14 04:43:03,104 INFO  server.RaftServerConfigKeys (ConfUtils.java:logGet(43)) - raft.server.rpc.timeout.min = 5s (custom)
2019-07-14 04:43:03,105 INFO  server.RaftServerConfigKeys (ConfUtils.java:logGet(43)) - raft.server.rpc.timeout.max = 5200ms (custom)
2019-07-14 04:43:03,105 INFO  server.RaftServerConfigKeys (ConfUtils.java:logGet(43)) - raft.server.rpcslowness.timeout = 120s (custom)
2019-07-14 04:43:03,105 INFO  server.RaftServerConfigKeys (ConfUtils.java:logGet(43)) - raft.server.sleep.deviation.threshold = 300 (default)
2019-07-14 04:43:03,105 INFO  server.RaftServerConfigKeys (ConfUtils.java:logGet(43)) - raft.server.log.appender.install.snapshot.enabled = false (custom)
2019-07-14 04:43:03,105 INFO  impl.RaftServerImpl (ServerState.java:<init>(105)) - 81f2cfd3-4e6d-4976-acdf-5fc3d3480df9:group-A66DA8E8E0DB ConfigurationManager, init=-1: [81f2cfd3-4e6d-4976-acdf-5fc3d3480df9:192.168.5.157:36380], old=null, confs=<EMPTY_MAP>
2019-07-14 04:43:03,105 INFO  server.RaftServerConfigKeys (ConfUtils.java:logGet(43)) - raft.server.storage.dir = [/tmp/workdir/hadoop-ozone/integration-test/target/test-dir/MiniOzoneClusterImpl-cde32a4e-e365-4eba-9bc1-7f9b124dac02/datanode-5/data/ratis] (custom)
2019-07-14 04:43:03,106 INFO  storage.RaftStorageDirectory (RaftStorageDirectory.java:analyzeStorage(246)) - The storage directory /tmp/workdir/hadoop-ozone/integration-test/target/test-dir/MiniOzoneClusterImpl-cde32a4e-e365-4eba-9bc1-7f9b124dac02/datanode-5/data/ratis/5b7b22cd-1c68-4bcb-a623-a66da8e8e0db does not exist. Creating ...
2019-07-14 04:43:03,110 INFO  storage.RaftStorageDirectory (RaftStorageDirectory.java:tryLock(328)) - Lock on /tmp/workdir/hadoop-ozone/integration-test/target/test-dir/MiniOzoneClusterImpl-cde32a4e-e365-4eba-9bc1-7f9b124dac02/datanode-5/data/ratis/5b7b22cd-1c68-4bcb-a623-a66da8e8e0db/in_use.lock acquired by nodename 935@trunk-nightly-6h29n-2077950039
2019-07-14 04:43:03,120 INFO  storage.RaftStorage (RaftStorage.java:format(72)) - Storage directory /tmp/workdir/hadoop-ozone/integration-test/target/test-dir/MiniOzoneClusterImpl-cde32a4e-e365-4eba-9bc1-7f9b124dac02/datanode-5/data/ratis/5b7b22cd-1c68-4bcb-a623-a66da8e8e0db has been successfully formatted.
2019-07-14 04:43:03,121 INFO  ratis.ContainerStateMachine (ContainerStateMachine.java:loadSnapshot(200)) - The snapshot info is null.Setting the last applied index to:(t:0, i:~)
2019-07-14 04:43:03,121 INFO  server.RaftServerConfigKeys (ConfUtils.java:logGet(43)) - raft.server.leader.election.timeout = 120s (custom)
2019-07-14 04:43:03,121 INFO  server.RaftServerConfigKeys (ConfUtils.java:logGet(43)) - raft.server.log.use.memory = false (default)
2019-07-14 04:43:03,121 INFO  server.RaftServerConfigKeys (ConfUtils.java:logGet(43)) - raft.server.log.purge.gap = 1000000000 (custom)
2019-07-14 04:43:03,121 INFO  server.RaftServerConfigKeys (ConfUtils.java:logGet(43)) - raft.server.log.appender.buffer.byte-limit = 33554432 (custom)
2019-07-14 04:43:03,121 INFO  server.RaftServerConfigKeys (ConfUtils.java:logGet(43)) - raft.server.log.segment.size.max = 1048576 (custom)
2019-07-14 04:43:03,121 INFO  server.RaftServerConfigKeys (ConfUtils.java:logGet(43)) - raft.server.log.segment.cache.num.max = 2 (custom)
2019-07-14 04:43:03,122 INFO  segmented.SegmentedRaftLogWorker (SegmentedRaftLogWorker.java:<init>(172)) - new 81f2cfd3-4e6d-4976-acdf-5fc3d3480df9-SegmentedRaftLogWorker:Storage Directory /tmp/workdir/hadoop-ozone/integration-test/target/test-dir/MiniOzoneClusterImpl-cde32a4e-e365-4eba-9bc1-7f9b124dac02/datanode-5/data/ratis/5b7b22cd-1c68-4bcb-a623-a66da8e8e0db for RaftStorage:Storage Directory /tmp/workdir/hadoop-ozone/integration-test/target/test-dir/MiniOzoneClusterImpl-cde32a4e-e365-4eba-9bc1-7f9b124dac02/datanode-5/data/ratis/5b7b22cd-1c68-4bcb-a623-a66da8e8e0db
2019-07-14 04:43:03,122 INFO  server.RaftServerConfigKeys (ConfUtils.java:logGet(43)) - raft.server.log.queue.byte-limit = 2147483647 (custom)
2019-07-14 04:43:03,122 INFO  server.RaftServerConfigKeys (ConfUtils.java:logGet(43)) - raft.server.log.queue.element-limit = 1024 (custom)
2019-07-14 04:43:03,122 INFO  server.RaftServerConfigKeys (ConfUtils.java:logGet(43)) - raft.server.log.segment.size.max = 1048576 (custom)
2019-07-14 04:43:03,122 INFO  server.RaftServerConfigKeys (ConfUtils.java:logGet(43)) - raft.server.log.preallocated.size = 16384 (custom)
2019-07-14 04:43:03,122 INFO  server.RaftServerConfigKeys (ConfUtils.java:logGet(43)) - raft.server.log.write.buffer.size = 33554432 (custom)
2019-07-14 04:43:03,122 INFO  server.RaftServerConfigKeys (ConfUtils.java:logGet(43)) - raft.server.log.force.sync.num = 128 (default)
2019-07-14 04:43:03,123 INFO  server.RaftServerConfigKeys (ConfUtils.java:logGet(43)) - raft.server.log.statemachine.data.sync = true (default)
2019-07-14 04:43:03,123 INFO  server.RaftServerConfigKeys (ConfUtils.java:logGet(43)) - raft.server.log.statemachine.data.sync.timeout = 10s (default)
2019-07-14 04:43:03,123 INFO  server.RaftServerConfigKeys (ConfUtils.java:logGet(43)) - raft.server.log.statemachine.data.sync.timeout.retry = -1 (default)
2019-07-14 04:43:03,123 INFO  server.RaftServerConfigKeys (ConfUtils.java:logGet(43)) - raft.server.log.statemachine.data.caching.enabled = true (custom)
2019-07-14 04:43:03,123 INFO  segmented.SegmentedRaftLogWorker (SegmentedRaftLogWorker.java:lambda$new$0(132)) - 81f2cfd3-4e6d-4976-acdf-5fc3d3480df9-SegmentedRaftLogWorker:Storage Directory /tmp/workdir/hadoop-ozone/integration-test/target/test-dir/MiniOzoneClusterImpl-cde32a4e-e365-4eba-9bc1-7f9b124dac02/datanode-5/data/ratis/5b7b22cd-1c68-4bcb-a623-a66da8e8e0db: flushIndex: setUnconditionally 0 -> -1
2019-07-14 04:43:03,124 INFO  server.RaftServerConfigKeys (ConfUtils.java:logGet(43)) - raft.server.snapshot.auto.trigger.enabled = true (custom)
2019-07-14 04:43:03,124 INFO  server.RaftServerConfigKeys (ConfUtils.java:logGet(43)) - raft.server.snapshot.auto.trigger.threshold = 10000 (custom)
2019-07-14 04:43:03,124 INFO  server.RaftServerConfigKeys (ConfUtils.java:logGet(43)) - raft.server.retrycache.expirytime = 600000ms (custom)
2019-07-14 04:43:03,124 INFO  impl.RaftServerImpl (RaftServerImpl.java:start(180)) - 81f2cfd3-4e6d-4976-acdf-5fc3d3480df9: start group-A66DA8E8E0DB
2019-07-14 04:43:03,124 INFO  impl.RaftServerImpl (RaftServerImpl.java:setRole(171)) - 81f2cfd3-4e6d-4976-acdf-5fc3d3480df9:group-A66DA8E8E0DB changes role from null to FOLLOWER at term 0 for startAsFollower
2019-07-14 04:43:03,124 INFO  impl.RoleInfo (RoleInfo.java:updateAndGet(143)) - 81f2cfd3-4e6d-4976-acdf-5fc3d3480df9: start FollowerState
2019-07-14 04:43:03,125 INFO  util.JmxRegister (JmxRegister.java:tryRegister(44)) - Successfully registered JMX Bean with object name Ratis:service=RaftServer,group=group-A66DA8E8E0DB,id=81f2cfd3-4e6d-4976-acdf-5fc3d3480df9
2019-07-14 04:43:03,141 INFO  pipeline.PipelineStateManager (PipelineStateManager.java:addPipeline(56)) - Created pipeline Pipeline[ Id: 5b7b22cd-1c68-4bcb-a623-a66da8e8e0db, Nodes: 81f2cfd3-4e6d-4976-acdf-5fc3d3480df9{ip: 192.168.5.157, host: trunk-nightly-6h29n-2077950039, networkLocation: /default-rack, certSerialId: null}, Type:RATIS, Factor:ONE, State:OPEN]
2019-07-14 04:43:03,161 INFO  impl.RaftServerProxy (RaftServerProxy.java:addNew(89)) - 36fa793a-8181-4835-8542-419b2c9663e3: addNew group-9AFB7281D227:[36fa793a-8181-4835-8542-419b2c9663e3:192.168.5.157:33357] returns group-9AFB7281D227:java.util.concurrent.CompletableFuture@5af1bf59[Not completed]
2019-07-14 04:43:03,162 INFO  impl.RaftServerImpl (RaftServerImpl.java:<init>(93)) - 36fa793a-8181-4835-8542-419b2c9663e3: new RaftServerImpl for group-9AFB7281D227:[36fa793a-8181-4835-8542-419b2c9663e3:192.168.5.157:33357] with ContainerStateMachine:uninitialized
2019-07-14 04:43:03,163 INFO  server.RaftServerConfigKeys (ConfUtils.java:logGet(43)) - raft.server.rpc.timeout.min = 5s (custom)
2019-07-14 04:43:03,163 INFO  server.RaftServerConfigKeys (ConfUtils.java:logGet(43)) - raft.server.rpc.timeout.max = 5200ms (custom)
2019-07-14 04:43:03,163 INFO  server.RaftServerConfigKeys (ConfUtils.java:logGet(43)) - raft.server.rpcslowness.timeout = 120s (custom)
2019-07-14 04:43:03,163 INFO  server.RaftServerConfigKeys (ConfUtils.java:logGet(43)) - raft.server.sleep.deviation.threshold = 300 (default)
2019-07-14 04:43:03,163 INFO  server.RaftServerConfigKeys (ConfUtils.java:logGet(43)) - raft.server.log.appender.install.snapshot.enabled = false (custom)
2019-07-14 04:43:03,163 INFO  impl.RaftServerImpl (ServerState.java:<init>(105)) - 36fa793a-8181-4835-8542-419b2c9663e3:group-9AFB7281D227 ConfigurationManager, init=-1: [36fa793a-8181-4835-8542-419b2c9663e3:192.168.5.157:33357], old=null, confs=<EMPTY_MAP>
2019-07-14 04:43:03,163 INFO  server.RaftServerConfigKeys (ConfUtils.java:logGet(43)) - raft.server.storage.dir = [/tmp/workdir/hadoop-ozone/integration-test/target/test-dir/MiniOzoneClusterImpl-cde32a4e-e365-4eba-9bc1-7f9b124dac02/datanode-3/data/ratis] (custom)
2019-07-14 04:43:03,164 INFO  storage.RaftStorageDirectory (RaftStorageDirectory.java:analyzeStorage(246)) - The storage directory /tmp/workdir/hadoop-ozone/integration-test/target/test-dir/MiniOzoneClusterImpl-cde32a4e-e365-4eba-9bc1-7f9b124dac02/datanode-3/data/ratis/10a8ae43-b2a5-461f-bfb9-9afb7281d227 does not exist. Creating ...
2019-07-14 04:43:03,168 INFO  node.SCMNodeManager (SCMNodeManager.java:register(269)) - Registered Data node : 60a1f487-3869-438b-9653-4786ac435c84{ip: 192.168.5.157, host: trunk-nightly-6h29n-2077950039, networkLocation: /default-rack, certSerialId: null}
2019-07-14 04:43:03,169 INFO  ozone.MiniOzoneClusterImpl (MiniOzoneClusterImpl.java:lambda$waitForClusterToBeReady$0(142)) - Cluster is ready. Got 7 of 7 DN Heartbeats.
2019-07-14 04:43:03,174 INFO  storage.RaftStorageDirectory (RaftStorageDirectory.java:tryLock(328)) - Lock on /tmp/workdir/hadoop-ozone/integration-test/target/test-dir/MiniOzoneClusterImpl-cde32a4e-e365-4eba-9bc1-7f9b124dac02/datanode-3/data/ratis/10a8ae43-b2a5-461f-bfb9-9afb7281d227/in_use.lock acquired by nodename 935@trunk-nightly-6h29n-2077950039
2019-07-14 04:43:03,186 INFO  storage.RaftStorage (RaftStorage.java:format(72)) - Storage directory /tmp/workdir/hadoop-ozone/integration-test/target/test-dir/MiniOzoneClusterImpl-cde32a4e-e365-4eba-9bc1-7f9b124dac02/datanode-3/data/ratis/10a8ae43-b2a5-461f-bfb9-9afb7281d227 has been successfully formatted.
2019-07-14 04:43:03,186 INFO  ratis.ContainerStateMachine (ContainerStateMachine.java:loadSnapshot(200)) - The snapshot info is null.Setting the last applied index to:(t:0, i:~)
2019-07-14 04:43:03,186 INFO  server.RaftServerConfigKeys (ConfUtils.java:logGet(43)) - raft.server.leader.election.timeout = 120s (custom)
2019-07-14 04:43:03,186 INFO  server.RaftServerConfigKeys (ConfUtils.java:logGet(43)) - raft.server.log.use.memory = false (default)
2019-07-14 04:43:03,186 INFO  server.RaftServerConfigKeys (ConfUtils.java:logGet(43)) - raft.server.log.purge.gap = 1000000000 (custom)
2019-07-14 04:43:03,186 INFO  server.RaftServerConfigKeys (ConfUtils.java:logGet(43)) - raft.server.log.appender.buffer.byte-limit = 33554432 (custom)
2019-07-14 04:43:03,187 INFO  server.RaftServerConfigKeys (ConfUtils.java:logGet(43)) - raft.server.log.segment.size.max = 1048576 (custom)
2019-07-14 04:43:03,187 INFO  server.RaftServerConfigKeys (ConfUtils.java:logGet(43)) - raft.server.log.segment.cache.num.max = 2 (custom)
2019-07-14 04:43:03,187 INFO  segmented.SegmentedRaftLogWorker (SegmentedRaftLogWorker.java:<init>(172)) - new 36fa793a-8181-4835-8542-419b2c9663e3-SegmentedRaftLogWorker:Storage Directory /tmp/workdir/hadoop-ozone/integration-test/target/test-dir/MiniOzoneClusterImpl-cde32a4e-e365-4eba-9bc1-7f9b124dac02/datanode-3/data/ratis/10a8ae43-b2a5-461f-bfb9-9afb7281d227 for RaftStorage:Storage Directory /tmp/workdir/hadoop-ozone/integration-test/target/test-dir/MiniOzoneClusterImpl-cde32a4e-e365-4eba-9bc1-7f9b124dac02/datanode-3/data/ratis/10a8ae43-b2a5-461f-bfb9-9afb7281d227
2019-07-14 04:43:03,187 INFO  server.RaftServerConfigKeys (ConfUtils.java:logGet(43)) - raft.server.log.queue.byte-limit = 2147483647 (custom)
2019-07-14 04:43:03,187 INFO  server.RaftServerConfigKeys (ConfUtils.java:logGet(43)) - raft.server.log.queue.element-limit = 1024 (custom)
2019-07-14 04:43:03,187 INFO  server.RaftServerConfigKeys (ConfUtils.java:logGet(43)) - raft.server.log.segment.size.max = 1048576 (custom)
2019-07-14 04:43:03,187 INFO  server.RaftServerConfigKeys (ConfUtils.java:logGet(43)) - raft.server.log.preallocated.size = 16384 (custom)
2019-07-14 04:43:03,187 INFO  server.RaftServerConfigKeys (ConfUtils.java:logGet(43)) - raft.server.log.write.buffer.size = 33554432 (custom)
2019-07-14 04:43:03,188 INFO  server.RaftServerConfigKeys (ConfUtils.java:logGet(43)) - raft.server.log.force.sync.num = 128 (default)
2019-07-14 04:43:03,188 INFO  server.RaftServerConfigKeys (ConfUtils.java:logGet(43)) - raft.server.log.statemachine.data.sync = true (default)
2019-07-14 04:43:03,188 INFO  server.RaftServerConfigKeys (ConfUtils.java:logGet(43)) - raft.server.log.statemachine.data.sync.timeout = 10s (default)
2019-07-14 04:43:03,188 INFO  server.RaftServerConfigKeys (ConfUtils.java:logGet(43)) - raft.server.log.statemachine.data.sync.timeout.retry = -1 (default)
2019-07-14 04:43:03,188 INFO  server.RaftServerConfigKeys (ConfUtils.java:logGet(43)) - raft.server.log.statemachine.data.caching.enabled = true (custom)
2019-07-14 04:43:03,188 INFO  segmented.SegmentedRaftLogWorker (SegmentedRaftLogWorker.java:lambda$new$0(132)) - 36fa793a-8181-4835-8542-419b2c9663e3-SegmentedRaftLogWorker:Storage Directory /tmp/workdir/hadoop-ozone/integration-test/target/test-dir/MiniOzoneClusterImpl-cde32a4e-e365-4eba-9bc1-7f9b124dac02/datanode-3/data/ratis/10a8ae43-b2a5-461f-bfb9-9afb7281d227: flushIndex: setUnconditionally 0 -> -1
2019-07-14 04:43:03,189 INFO  server.RaftServerConfigKeys (ConfUtils.java:logGet(43)) - raft.server.snapshot.auto.trigger.enabled = true (custom)
2019-07-14 04:43:03,189 INFO  server.RaftServerConfigKeys (ConfUtils.java:logGet(43)) - raft.server.snapshot.auto.trigger.threshold = 10000 (custom)
2019-07-14 04:43:03,189 INFO  server.RaftServerConfigKeys (ConfUtils.java:logGet(43)) - raft.server.retrycache.expirytime = 600000ms (custom)
2019-07-14 04:43:03,189 INFO  impl.RaftServerImpl (RaftServerImpl.java:start(180)) - 36fa793a-8181-4835-8542-419b2c9663e3: start group-9AFB7281D227
2019-07-14 04:43:03,189 INFO  impl.RaftServerImpl (RaftServerImpl.java:setRole(171)) - 36fa793a-8181-4835-8542-419b2c9663e3:group-9AFB7281D227 changes role from null to FOLLOWER at term 0 for startAsFollower
2019-07-14 04:43:03,189 INFO  impl.RoleInfo (RoleInfo.java:updateAndGet(143)) - 36fa793a-8181-4835-8542-419b2c9663e3: start FollowerState
2019-07-14 04:43:03,190 INFO  util.JmxRegister (JmxRegister.java:tryRegister(44)) - Successfully registered JMX Bean with object name Ratis:service=RaftServer,group=group-9AFB7281D227,id=36fa793a-8181-4835-8542-419b2c9663e3
2019-07-14 04:43:03,215 INFO  pipeline.PipelineStateManager (PipelineStateManager.java:addPipeline(56)) - Created pipeline Pipeline[ Id: 10a8ae43-b2a5-461f-bfb9-9afb7281d227, Nodes: 36fa793a-8181-4835-8542-419b2c9663e3{ip: 192.168.5.157, host: trunk-nightly-6h29n-2077950039, networkLocation: /default-rack, certSerialId: null}, Type:RATIS, Factor:ONE, State:OPEN]
2019-07-14 04:43:03,241 INFO  impl.RaftServerProxy (RaftServerProxy.java:addNew(89)) - 60a1f487-3869-438b-9653-4786ac435c84: addNew group-3FA1DA8182B3:[60a1f487-3869-438b-9653-4786ac435c84:192.168.5.157:34505] returns group-3FA1DA8182B3:java.util.concurrent.CompletableFuture@140237dc[Not completed]
2019-07-14 04:43:03,243 INFO  impl.RaftServerImpl (RaftServerImpl.java:<init>(93)) - 60a1f487-3869-438b-9653-4786ac435c84: new RaftServerImpl for group-3FA1DA8182B3:[60a1f487-3869-438b-9653-4786ac435c84:192.168.5.157:34505] with ContainerStateMachine:uninitialized
2019-07-14 04:43:03,243 INFO  server.RaftServerConfigKeys (ConfUtils.java:logGet(43)) - raft.server.rpc.timeout.min = 5s (custom)
2019-07-14 04:43:03,243 INFO  server.RaftServerConfigKeys (ConfUtils.java:logGet(43)) - raft.server.rpc.timeout.max = 5200ms (custom)
2019-07-14 04:43:03,243 INFO  server.RaftServerConfigKeys (ConfUtils.java:logGet(43)) - raft.server.rpcslowness.timeout = 120s (custom)
2019-07-14 04:43:03,243 INFO  server.RaftServerConfigKeys (ConfUtils.java:logGet(43)) - raft.server.sleep.deviation.threshold = 300 (default)
2019-07-14 04:43:03,243 INFO  server.RaftServerConfigKeys (ConfUtils.java:logGet(43)) - raft.server.log.appender.install.snapshot.enabled = false (custom)
2019-07-14 04:43:03,244 INFO  impl.RaftServerImpl (ServerState.java:<init>(105)) - 60a1f487-3869-438b-9653-4786ac435c84:group-3FA1DA8182B3 ConfigurationManager, init=-1: [60a1f487-3869-438b-9653-4786ac435c84:192.168.5.157:34505], old=null, confs=<EMPTY_MAP>
2019-07-14 04:43:03,248 INFO  server.RaftServerConfigKeys (ConfUtils.java:logGet(43)) - raft.server.storage.dir = [/tmp/workdir/hadoop-ozone/integration-test/target/test-dir/MiniOzoneClusterImpl-cde32a4e-e365-4eba-9bc1-7f9b124dac02/datanode-6/data/ratis] (custom)
2019-07-14 04:43:03,251 INFO  storage.RaftStorageDirectory (RaftStorageDirectory.java:analyzeStorage(246)) - The storage directory /tmp/workdir/hadoop-ozone/integration-test/target/test-dir/MiniOzoneClusterImpl-cde32a4e-e365-4eba-9bc1-7f9b124dac02/datanode-6/data/ratis/a8d9320c-ce1d-4d7e-82e4-3fa1da8182b3 does not exist. Creating ...
2019-07-14 04:43:03,264 INFO  storage.RaftStorageDirectory (RaftStorageDirectory.java:tryLock(328)) - Lock on /tmp/workdir/hadoop-ozone/integration-test/target/test-dir/MiniOzoneClusterImpl-cde32a4e-e365-4eba-9bc1-7f9b124dac02/datanode-6/data/ratis/a8d9320c-ce1d-4d7e-82e4-3fa1da8182b3/in_use.lock acquired by nodename 935@trunk-nightly-6h29n-2077950039
2019-07-14 04:43:03,277 INFO  storage.RaftStorage (RaftStorage.java:format(72)) - Storage directory /tmp/workdir/hadoop-ozone/integration-test/target/test-dir/MiniOzoneClusterImpl-cde32a4e-e365-4eba-9bc1-7f9b124dac02/datanode-6/data/ratis/a8d9320c-ce1d-4d7e-82e4-3fa1da8182b3 has been successfully formatted.
2019-07-14 04:43:03,277 INFO  ratis.ContainerStateMachine (ContainerStateMachine.java:loadSnapshot(200)) - The snapshot info is null.Setting the last applied index to:(t:0, i:~)
2019-07-14 04:43:03,278 INFO  server.RaftServerConfigKeys (ConfUtils.java:logGet(43)) - raft.server.leader.election.timeout = 120s (custom)
2019-07-14 04:43:03,278 INFO  server.RaftServerConfigKeys (ConfUtils.java:logGet(43)) - raft.server.log.use.memory = false (default)
2019-07-14 04:43:03,278 INFO  server.RaftServerConfigKeys (ConfUtils.java:logGet(43)) - raft.server.log.purge.gap = 1000000000 (custom)
2019-07-14 04:43:03,278 INFO  server.RaftServerConfigKeys (ConfUtils.java:logGet(43)) - raft.server.log.appender.buffer.byte-limit = 33554432 (custom)
2019-07-14 04:43:03,279 INFO  server.RaftServerConfigKeys (ConfUtils.java:logGet(43)) - raft.server.log.segment.size.max = 1048576 (custom)
2019-07-14 04:43:03,279 INFO  server.RaftServerConfigKeys (ConfUtils.java:logGet(43)) - raft.server.log.segment.cache.num.max = 2 (custom)
2019-07-14 04:43:03,279 INFO  segmented.SegmentedRaftLogWorker (SegmentedRaftLogWorker.java:<init>(172)) - new 60a1f487-3869-438b-9653-4786ac435c84-SegmentedRaftLogWorker:Storage Directory /tmp/workdir/hadoop-ozone/integration-test/target/test-dir/MiniOzoneClusterImpl-cde32a4e-e365-4eba-9bc1-7f9b124dac02/datanode-6/data/ratis/a8d9320c-ce1d-4d7e-82e4-3fa1da8182b3 for RaftStorage:Storage Directory /tmp/workdir/hadoop-ozone/integration-test/target/test-dir/MiniOzoneClusterImpl-cde32a4e-e365-4eba-9bc1-7f9b124dac02/datanode-6/data/ratis/a8d9320c-ce1d-4d7e-82e4-3fa1da8182b3
2019-07-14 04:43:03,279 INFO  server.RaftServerConfigKeys (ConfUtils.java:logGet(43)) - raft.server.log.queue.byte-limit = 2147483647 (custom)
2019-07-14 04:43:03,280 INFO  server.RaftServerConfigKeys (ConfUtils.java:logGet(43)) - raft.server.log.queue.element-limit = 1024 (custom)
2019-07-14 04:43:03,280 INFO  server.RaftServerConfigKeys (ConfUtils.java:logGet(43)) - raft.server.log.segment.size.max = 1048576 (custom)
2019-07-14 04:43:03,280 INFO  server.RaftServerConfigKeys (ConfUtils.java:logGet(43)) - raft.server.log.preallocated.size = 16384 (custom)
2019-07-14 04:43:03,280 INFO  server.RaftServerConfigKeys (ConfUtils.java:logGet(43)) - raft.server.log.write.buffer.size = 33554432 (custom)
2019-07-14 04:43:03,281 INFO  server.RaftServerConfigKeys (ConfUtils.java:logGet(43)) - raft.server.log.force.sync.num = 128 (default)
2019-07-14 04:43:03,281 INFO  server.RaftServerConfigKeys (ConfUtils.java:logGet(43)) - raft.server.log.statemachine.data.sync = true (default)
2019-07-14 04:43:03,281 INFO  server.RaftServerConfigKeys (ConfUtils.java:logGet(43)) - raft.server.log.statemachine.data.sync.timeout = 10s (default)
2019-07-14 04:43:03,281 INFO  server.RaftServerConfigKeys (ConfUtils.java:logGet(43)) - raft.server.log.statemachine.data.sync.timeout.retry = -1 (default)
2019-07-14 04:43:03,282 INFO  server.RaftServerConfigKeys (ConfUtils.java:logGet(43)) - raft.server.log.statemachine.data.caching.enabled = true (custom)
2019-07-14 04:43:03,282 INFO  segmented.SegmentedRaftLogWorker (SegmentedRaftLogWorker.java:lambda$new$0(132)) - 60a1f487-3869-438b-9653-4786ac435c84-SegmentedRaftLogWorker:Storage Directory /tmp/workdir/hadoop-ozone/integration-test/target/test-dir/MiniOzoneClusterImpl-cde32a4e-e365-4eba-9bc1-7f9b124dac02/datanode-6/data/ratis/a8d9320c-ce1d-4d7e-82e4-3fa1da8182b3: flushIndex: setUnconditionally 0 -> -1
2019-07-14 04:43:03,283 INFO  server.RaftServerConfigKeys (ConfUtils.java:logGet(43)) - raft.server.snapshot.auto.trigger.enabled = true (custom)
2019-07-14 04:43:03,283 INFO  server.RaftServerConfigKeys (ConfUtils.java:logGet(43)) - raft.server.snapshot.auto.trigger.threshold = 10000 (custom)
2019-07-14 04:43:03,283 INFO  server.RaftServerConfigKeys (ConfUtils.java:logGet(43)) - raft.server.retrycache.expirytime = 600000ms (custom)
2019-07-14 04:43:03,284 INFO  impl.RaftServerImpl (RaftServerImpl.java:start(180)) - 60a1f487-3869-438b-9653-4786ac435c84: start group-3FA1DA8182B3
2019-07-14 04:43:03,284 INFO  impl.RaftServerImpl (RaftServerImpl.java:setRole(171)) - 60a1f487-3869-438b-9653-4786ac435c84:group-3FA1DA8182B3 changes role from null to FOLLOWER at term 0 for startAsFollower
2019-07-14 04:43:03,284 INFO  impl.RoleInfo (RoleInfo.java:updateAndGet(143)) - 60a1f487-3869-438b-9653-4786ac435c84: start FollowerState
2019-07-14 04:43:03,285 INFO  util.JmxRegister (JmxRegister.java:tryRegister(44)) - Successfully registered JMX Bean with object name Ratis:service=RaftServer,group=group-3FA1DA8182B3,id=60a1f487-3869-438b-9653-4786ac435c84
2019-07-14 04:43:03,304 INFO  pipeline.PipelineStateManager (PipelineStateManager.java:addPipeline(56)) - Created pipeline Pipeline[ Id: a8d9320c-ce1d-4d7e-82e4-3fa1da8182b3, Nodes: 60a1f487-3869-438b-9653-4786ac435c84{ip: 192.168.5.157, host: trunk-nightly-6h29n-2077950039, networkLocation: /default-rack, certSerialId: null}, Type:RATIS, Factor:ONE, State:OPEN]
2019-07-14 04:43:03,333 INFO  impl.RaftServerProxy (RaftServerProxy.java:addNew(89)) - b26b0bf7-41ce-424a-82ff-6d42a44b8232: addNew group-41222B22FC41:[b26b0bf7-41ce-424a-82ff-6d42a44b8232:192.168.5.157:32955] returns group-41222B22FC41:java.util.concurrent.CompletableFuture@e1f7707[Not completed]
2019-07-14 04:43:03,335 INFO  impl.RaftServerImpl (RaftServerImpl.java:<init>(93)) - b26b0bf7-41ce-424a-82ff-6d42a44b8232: new RaftServerImpl for group-41222B22FC41:[b26b0bf7-41ce-424a-82ff-6d42a44b8232:192.168.5.157:32955] with ContainerStateMachine:uninitialized
2019-07-14 04:43:03,335 INFO  server.RaftServerConfigKeys (ConfUtils.java:logGet(43)) - raft.server.rpc.timeout.min = 5s (custom)
2019-07-14 04:43:03,335 INFO  server.RaftServerConfigKeys (ConfUtils.java:logGet(43)) - raft.server.rpc.timeout.max = 5200ms (custom)
2019-07-14 04:43:03,335 INFO  server.RaftServerConfigKeys (ConfUtils.java:logGet(43)) - raft.server.rpcslowness.timeout = 120s (custom)
2019-07-14 04:43:03,335 INFO  server.RaftServerConfigKeys (ConfUtils.java:logGet(43)) - raft.server.sleep.deviation.threshold = 300 (default)
2019-07-14 04:43:03,336 INFO  server.RaftServerConfigKeys (ConfUtils.java:logGet(43)) - raft.server.log.appender.install.snapshot.enabled = false (custom)
2019-07-14 04:43:03,336 INFO  impl.RaftServerImpl (ServerState.java:<init>(105)) - b26b0bf7-41ce-424a-82ff-6d42a44b8232:group-41222B22FC41 ConfigurationManager, init=-1: [b26b0bf7-41ce-424a-82ff-6d42a44b8232:192.168.5.157:32955], old=null, confs=<EMPTY_MAP>
2019-07-14 04:43:03,336 INFO  server.RaftServerConfigKeys (ConfUtils.java:logGet(43)) - raft.server.storage.dir = [/tmp/workdir/hadoop-ozone/integration-test/target/test-dir/MiniOzoneClusterImpl-cde32a4e-e365-4eba-9bc1-7f9b124dac02/datanode-4/data/ratis] (custom)
2019-07-14 04:43:03,336 INFO  storage.RaftStorageDirectory (RaftStorageDirectory.java:analyzeStorage(246)) - The storage directory /tmp/workdir/hadoop-ozone/integration-test/target/test-dir/MiniOzoneClusterImpl-cde32a4e-e365-4eba-9bc1-7f9b124dac02/datanode-4/data/ratis/c86d0e62-dcf0-4a80-948c-41222b22fc41 does not exist. Creating ...
2019-07-14 04:43:03,343 INFO  storage.RaftStorageDirectory (RaftStorageDirectory.java:tryLock(328)) - Lock on /tmp/workdir/hadoop-ozone/integration-test/target/test-dir/MiniOzoneClusterImpl-cde32a4e-e365-4eba-9bc1-7f9b124dac02/datanode-4/data/ratis/c86d0e62-dcf0-4a80-948c-41222b22fc41/in_use.lock acquired by nodename 935@trunk-nightly-6h29n-2077950039
2019-07-14 04:43:03,354 INFO  storage.RaftStorage (RaftStorage.java:format(72)) - Storage directory /tmp/workdir/hadoop-ozone/integration-test/target/test-dir/MiniOzoneClusterImpl-cde32a4e-e365-4eba-9bc1-7f9b124dac02/datanode-4/data/ratis/c86d0e62-dcf0-4a80-948c-41222b22fc41 has been successfully formatted.
2019-07-14 04:43:03,354 INFO  ratis.ContainerStateMachine (ContainerStateMachine.java:loadSnapshot(200)) - The snapshot info is null.Setting the last applied index to:(t:0, i:~)
2019-07-14 04:43:03,354 INFO  server.RaftServerConfigKeys (ConfUtils.java:logGet(43)) - raft.server.leader.election.timeout = 120s (custom)
2019-07-14 04:43:03,355 INFO  server.RaftServerConfigKeys (ConfUtils.java:logGet(43)) - raft.server.log.use.memory = false (default)
2019-07-14 04:43:03,355 INFO  server.RaftServerConfigKeys (ConfUtils.java:logGet(43)) - raft.server.log.purge.gap = 1000000000 (custom)
2019-07-14 04:43:03,355 INFO  server.RaftServerConfigKeys (ConfUtils.java:logGet(43)) - raft.server.log.appender.buffer.byte-limit = 33554432 (custom)
2019-07-14 04:43:03,355 INFO  server.RaftServerConfigKeys (ConfUtils.java:logGet(43)) - raft.server.log.segment.size.max = 1048576 (custom)
2019-07-14 04:43:03,355 INFO  server.RaftServerConfigKeys (ConfUtils.java:logGet(43)) - raft.server.log.segment.cache.num.max = 2 (custom)
2019-07-14 04:43:03,355 INFO  segmented.SegmentedRaftLogWorker (SegmentedRaftLogWorker.java:<init>(172)) - new b26b0bf7-41ce-424a-82ff-6d42a44b8232-SegmentedRaftLogWorker:Storage Directory /tmp/workdir/hadoop-ozone/integration-test/target/test-dir/MiniOzoneClusterImpl-cde32a4e-e365-4eba-9bc1-7f9b124dac02/datanode-4/data/ratis/c86d0e62-dcf0-4a80-948c-41222b22fc41 for RaftStorage:Storage Directory /tmp/workdir/hadoop-ozone/integration-test/target/test-dir/MiniOzoneClusterImpl-cde32a4e-e365-4eba-9bc1-7f9b124dac02/datanode-4/data/ratis/c86d0e62-dcf0-4a80-948c-41222b22fc41
2019-07-14 04:43:03,356 INFO  server.RaftServerConfigKeys (ConfUtils.java:logGet(43)) - raft.server.log.queue.byte-limit = 2147483647 (custom)
2019-07-14 04:43:03,356 INFO  server.RaftServerConfigKeys (ConfUtils.java:logGet(43)) - raft.server.log.queue.element-limit = 1024 (custom)
2019-07-14 04:43:03,356 INFO  server.RaftServerConfigKeys (ConfUtils.java:logGet(43)) - raft.server.log.segment.size.max = 1048576 (custom)
2019-07-14 04:43:03,356 INFO  server.RaftServerConfigKeys (ConfUtils.java:logGet(43)) - raft.server.log.preallocated.size = 16384 (custom)
2019-07-14 04:43:03,356 INFO  server.RaftServerConfigKeys (ConfUtils.java:logGet(43)) - raft.server.log.write.buffer.size = 33554432 (custom)
2019-07-14 04:43:03,357 INFO  server.RaftServerConfigKeys (ConfUtils.java:logGet(43)) - raft.server.log.force.sync.num = 128 (default)
2019-07-14 04:43:03,357 INFO  server.RaftServerConfigKeys (ConfUtils.java:logGet(43)) - raft.server.log.statemachine.data.sync = true (default)
2019-07-14 04:43:03,357 INFO  server.RaftServerConfigKeys (ConfUtils.java:logGet(43)) - raft.server.log.statemachine.data.sync.timeout = 10s (default)
2019-07-14 04:43:03,357 INFO  server.RaftServerConfigKeys (ConfUtils.java:logGet(43)) - raft.server.log.statemachine.data.sync.timeout.retry = -1 (default)
2019-07-14 04:43:03,357 INFO  server.RaftServerConfigKeys (ConfUtils.java:logGet(43)) - raft.server.log.statemachine.data.caching.enabled = true (custom)
2019-07-14 04:43:03,358 INFO  segmented.SegmentedRaftLogWorker (SegmentedRaftLogWorker.java:lambda$new$0(132)) - b26b0bf7-41ce-424a-82ff-6d42a44b8232-SegmentedRaftLogWorker:Storage Directory /tmp/workdir/hadoop-ozone/integration-test/target/test-dir/MiniOzoneClusterImpl-cde32a4e-e365-4eba-9bc1-7f9b124dac02/datanode-4/data/ratis/c86d0e62-dcf0-4a80-948c-41222b22fc41: flushIndex: setUnconditionally 0 -> -1
2019-07-14 04:43:03,358 INFO  server.RaftServerConfigKeys (ConfUtils.java:logGet(43)) - raft.server.snapshot.auto.trigger.enabled = true (custom)
2019-07-14 04:43:03,358 INFO  server.RaftServerConfigKeys (ConfUtils.java:logGet(43)) - raft.server.snapshot.auto.trigger.threshold = 10000 (custom)
2019-07-14 04:43:03,358 INFO  server.RaftServerConfigKeys (ConfUtils.java:logGet(43)) - raft.server.retrycache.expirytime = 600000ms (custom)
2019-07-14 04:43:03,359 INFO  impl.RaftServerImpl (RaftServerImpl.java:start(180)) - b26b0bf7-41ce-424a-82ff-6d42a44b8232: start group-41222B22FC41
2019-07-14 04:43:03,359 INFO  impl.RaftServerImpl (RaftServerImpl.java:setRole(171)) - b26b0bf7-41ce-424a-82ff-6d42a44b8232:group-41222B22FC41 changes role from null to FOLLOWER at term 0 for startAsFollower
2019-07-14 04:43:03,359 INFO  impl.RoleInfo (RoleInfo.java:updateAndGet(143)) - b26b0bf7-41ce-424a-82ff-6d42a44b8232: start FollowerState
2019-07-14 04:43:03,360 INFO  util.JmxRegister (JmxRegister.java:tryRegister(44)) - Successfully registered JMX Bean with object name Ratis:service=RaftServer,group=group-41222B22FC41,id=b26b0bf7-41ce-424a-82ff-6d42a44b8232
2019-07-14 04:43:03,372 INFO  pipeline.PipelineStateManager (PipelineStateManager.java:addPipeline(56)) - Created pipeline Pipeline[ Id: c86d0e62-dcf0-4a80-948c-41222b22fc41, Nodes: b26b0bf7-41ce-424a-82ff-6d42a44b8232{ip: 192.168.5.157, host: trunk-nightly-6h29n-2077950039, networkLocation: /default-rack, certSerialId: null}, Type:RATIS, Factor:ONE, State:OPEN]
2019-07-14 04:43:03,392 INFO  impl.RaftServerProxy (RaftServerProxy.java:addNew(89)) - 8da3dc15-2a6c-4843-89b6-6adf41d92897: addNew group-FE84EE738D4F:[8da3dc15-2a6c-4843-89b6-6adf41d92897:192.168.5.157:34978] returns group-FE84EE738D4F:java.util.concurrent.CompletableFuture@1f4817b1[Not completed]
2019-07-14 04:43:03,393 INFO  impl.RaftServerImpl (RaftServerImpl.java:<init>(93)) - 8da3dc15-2a6c-4843-89b6-6adf41d92897: new RaftServerImpl for group-FE84EE738D4F:[8da3dc15-2a6c-4843-89b6-6adf41d92897:192.168.5.157:34978] with ContainerStateMachine:uninitialized
2019-07-14 04:43:03,394 INFO  server.RaftServerConfigKeys (ConfUtils.java:logGet(43)) - raft.server.rpc.timeout.min = 5s (custom)
2019-07-14 04:43:03,394 INFO  server.RaftServerConfigKeys (ConfUtils.java:logGet(43)) - raft.server.rpc.timeout.max = 5200ms (custom)
2019-07-14 04:43:03,394 INFO  server.RaftServerConfigKeys (ConfUtils.java:logGet(43)) - raft.server.rpcslowness.timeout = 120s (custom)
2019-07-14 04:43:03,394 INFO  server.RaftServerConfigKeys (ConfUtils.java:logGet(43)) - raft.server.sleep.deviation.threshold = 300 (default)
2019-07-14 04:43:03,394 INFO  server.RaftServerConfigKeys (ConfUtils.java:logGet(43)) - raft.server.log.appender.install.snapshot.enabled = false (custom)
2019-07-14 04:43:03,395 INFO  impl.RaftServerImpl (ServerState.java:<init>(105)) - 8da3dc15-2a6c-4843-89b6-6adf41d92897:group-FE84EE738D4F ConfigurationManager, init=-1: [8da3dc15-2a6c-4843-89b6-6adf41d92897:192.168.5.157:34978], old=null, confs=<EMPTY_MAP>
2019-07-14 04:43:03,395 INFO  server.RaftServerConfigKeys (ConfUtils.java:logGet(43)) - raft.server.storage.dir = [/tmp/workdir/hadoop-ozone/integration-test/target/test-dir/MiniOzoneClusterImpl-cde32a4e-e365-4eba-9bc1-7f9b124dac02/datanode-2/data/ratis] (custom)
2019-07-14 04:43:03,395 INFO  storage.RaftStorageDirectory (RaftStorageDirectory.java:analyzeStorage(246)) - The storage directory /tmp/workdir/hadoop-ozone/integration-test/target/test-dir/MiniOzoneClusterImpl-cde32a4e-e365-4eba-9bc1-7f9b124dac02/datanode-2/data/ratis/6f432888-87df-4842-a14b-fe84ee738d4f does not exist. Creating ...
2019-07-14 04:43:03,407 INFO  storage.RaftStorageDirectory (RaftStorageDirectory.java:tryLock(328)) - Lock on /tmp/workdir/hadoop-ozone/integration-test/target/test-dir/MiniOzoneClusterImpl-cde32a4e-e365-4eba-9bc1-7f9b124dac02/datanode-2/data/ratis/6f432888-87df-4842-a14b-fe84ee738d4f/in_use.lock acquired by nodename 935@trunk-nightly-6h29n-2077950039
2019-07-14 04:43:03,420 INFO  storage.RaftStorage (RaftStorage.java:format(72)) - Storage directory /tmp/workdir/hadoop-ozone/integration-test/target/test-dir/MiniOzoneClusterImpl-cde32a4e-e365-4eba-9bc1-7f9b124dac02/datanode-2/data/ratis/6f432888-87df-4842-a14b-fe84ee738d4f has been successfully formatted.
2019-07-14 04:43:03,420 INFO  ratis.ContainerStateMachine (ContainerStateMachine.java:loadSnapshot(200)) - The snapshot info is null.Setting the last applied index to:(t:0, i:~)
2019-07-14 04:43:03,421 INFO  server.RaftServerConfigKeys (ConfUtils.java:logGet(43)) - raft.server.leader.election.timeout = 120s (custom)
2019-07-14 04:43:03,421 INFO  server.RaftServerConfigKeys (ConfUtils.java:logGet(43)) - raft.server.log.use.memory = false (default)
2019-07-14 04:43:03,421 INFO  server.RaftServerConfigKeys (ConfUtils.java:logGet(43)) - raft.server.log.purge.gap = 1000000000 (custom)
2019-07-14 04:43:03,421 INFO  server.RaftServerConfigKeys (ConfUtils.java:logGet(43)) - raft.server.log.appender.buffer.byte-limit = 33554432 (custom)
2019-07-14 04:43:03,421 INFO  server.RaftServerConfigKeys (ConfUtils.java:logGet(43)) - raft.server.log.segment.size.max = 1048576 (custom)
2019-07-14 04:43:03,422 INFO  server.RaftServerConfigKeys (ConfUtils.java:logGet(43)) - raft.server.log.segment.cache.num.max = 2 (custom)
2019-07-14 04:43:03,422 INFO  segmented.SegmentedRaftLogWorker (SegmentedRaftLogWorker.java:<init>(172)) - new 8da3dc15-2a6c-4843-89b6-6adf41d92897-SegmentedRaftLogWorker:Storage Directory /tmp/workdir/hadoop-ozone/integration-test/target/test-dir/MiniOzoneClusterImpl-cde32a4e-e365-4eba-9bc1-7f9b124dac02/datanode-2/data/ratis/6f432888-87df-4842-a14b-fe84ee738d4f for RaftStorage:Storage Directory /tmp/workdir/hadoop-ozone/integration-test/target/test-dir/MiniOzoneClusterImpl-cde32a4e-e365-4eba-9bc1-7f9b124dac02/datanode-2/data/ratis/6f432888-87df-4842-a14b-fe84ee738d4f
2019-07-14 04:43:03,422 INFO  server.RaftServerConfigKeys (ConfUtils.java:logGet(43)) - raft.server.log.queue.byte-limit = 2147483647 (custom)
2019-07-14 04:43:03,422 INFO  server.RaftServerConfigKeys (ConfUtils.java:logGet(43)) - raft.server.log.queue.element-limit = 1024 (custom)
2019-07-14 04:43:03,422 INFO  server.RaftServerConfigKeys (ConfUtils.java:logGet(43)) - raft.server.log.segment.size.max = 1048576 (custom)
2019-07-14 04:43:03,423 INFO  server.RaftServerConfigKeys (ConfUtils.java:logGet(43)) - raft.server.log.preallocated.size = 16384 (custom)
2019-07-14 04:43:03,423 INFO  server.RaftServerConfigKeys (ConfUtils.java:logGet(43)) - raft.server.log.write.buffer.size = 33554432 (custom)
2019-07-14 04:43:03,423 INFO  server.RaftServerConfigKeys (ConfUtils.java:logGet(43)) - raft.server.log.force.sync.num = 128 (default)
2019-07-14 04:43:03,423 INFO  server.RaftServerConfigKeys (ConfUtils.java:logGet(43)) - raft.server.log.statemachine.data.sync = true (default)
2019-07-14 04:43:03,423 INFO  server.RaftServerConfigKeys (ConfUtils.java:logGet(43)) - raft.server.log.statemachine.data.sync.timeout = 10s (default)
2019-07-14 04:43:03,423 INFO  server.RaftServerConfigKeys (ConfUtils.java:logGet(43)) - raft.server.log.statemachine.data.sync.timeout.retry = -1 (default)
2019-07-14 04:43:03,424 INFO  server.RaftServerConfigKeys (ConfUtils.java:logGet(43)) - raft.server.log.statemachine.data.caching.enabled = true (custom)
2019-07-14 04:43:03,424 INFO  segmented.SegmentedRaftLogWorker (SegmentedRaftLogWorker.java:lambda$new$0(132)) - 8da3dc15-2a6c-4843-89b6-6adf41d92897-SegmentedRaftLogWorker:Storage Directory /tmp/workdir/hadoop-ozone/integration-test/target/test-dir/MiniOzoneClusterImpl-cde32a4e-e365-4eba-9bc1-7f9b124dac02/datanode-2/data/ratis/6f432888-87df-4842-a14b-fe84ee738d4f: flushIndex: setUnconditionally 0 -> -1
2019-07-14 04:43:03,425 INFO  server.RaftServerConfigKeys (ConfUtils.java:logGet(43)) - raft.server.snapshot.auto.trigger.enabled = true (custom)
2019-07-14 04:43:03,425 INFO  server.RaftServerConfigKeys (ConfUtils.java:logGet(43)) - raft.server.snapshot.auto.trigger.threshold = 10000 (custom)
2019-07-14 04:43:03,425 INFO  server.RaftServerConfigKeys (ConfUtils.java:logGet(43)) - raft.server.retrycache.expirytime = 600000ms (custom)
2019-07-14 04:43:03,425 INFO  impl.RaftServerImpl (RaftServerImpl.java:start(180)) - 8da3dc15-2a6c-4843-89b6-6adf41d92897: start group-FE84EE738D4F
2019-07-14 04:43:03,426 INFO  impl.RaftServerImpl (RaftServerImpl.java:setRole(171)) - 8da3dc15-2a6c-4843-89b6-6adf41d92897:group-FE84EE738D4F changes role from null to FOLLOWER at term 0 for startAsFollower
2019-07-14 04:43:03,426 INFO  impl.RoleInfo (RoleInfo.java:updateAndGet(143)) - 8da3dc15-2a6c-4843-89b6-6adf41d92897: start FollowerState
2019-07-14 04:43:03,426 INFO  util.JmxRegister (JmxRegister.java:tryRegister(44)) - Successfully registered JMX Bean with object name Ratis:service=RaftServer,group=group-FE84EE738D4F,id=8da3dc15-2a6c-4843-89b6-6adf41d92897
2019-07-14 04:43:03,446 INFO  pipeline.PipelineStateManager (PipelineStateManager.java:addPipeline(56)) - Created pipeline Pipeline[ Id: 6f432888-87df-4842-a14b-fe84ee738d4f, Nodes: 8da3dc15-2a6c-4843-89b6-6adf41d92897{ip: 192.168.5.157, host: trunk-nightly-6h29n-2077950039, networkLocation: /default-rack, certSerialId: null}, Type:RATIS, Factor:ONE, State:OPEN]
2019-07-14 04:43:03,493 INFO  impl.RaftServerProxy (RaftServerProxy.java:addNew(89)) - 60a1f487-3869-438b-9653-4786ac435c84: addNew group-C6C8E090056C:[60a1f487-3869-438b-9653-4786ac435c84:192.168.5.157:34505, 81f2cfd3-4e6d-4976-acdf-5fc3d3480df9:192.168.5.157:36380, a490aa72-b079-4a27-a857-8651cf52422d:192.168.5.157:35222] returns group-C6C8E090056C:java.util.concurrent.CompletableFuture@21a3ab03[Not completed]
2019-07-14 04:43:03,496 INFO  impl.RaftServerImpl (RaftServerImpl.java:<init>(93)) - 60a1f487-3869-438b-9653-4786ac435c84: new RaftServerImpl for group-C6C8E090056C:[60a1f487-3869-438b-9653-4786ac435c84:192.168.5.157:34505, 81f2cfd3-4e6d-4976-acdf-5fc3d3480df9:192.168.5.157:36380, a490aa72-b079-4a27-a857-8651cf52422d:192.168.5.157:35222] with ContainerStateMachine:uninitialized
2019-07-14 04:43:03,497 INFO  server.RaftServerConfigKeys (ConfUtils.java:logGet(43)) - raft.server.rpc.timeout.min = 5s (custom)
2019-07-14 04:43:03,497 INFO  server.RaftServerConfigKeys (ConfUtils.java:logGet(43)) - raft.server.rpc.timeout.max = 5200ms (custom)
2019-07-14 04:43:03,497 INFO  server.RaftServerConfigKeys (ConfUtils.java:logGet(43)) - raft.server.rpcslowness.timeout = 120s (custom)
2019-07-14 04:43:03,497 INFO  server.RaftServerConfigKeys (ConfUtils.java:logGet(43)) - raft.server.sleep.deviation.threshold = 300 (default)
2019-07-14 04:43:03,497 INFO  impl.RaftServerProxy (RaftServerProxy.java:addNew(89)) - 81f2cfd3-4e6d-4976-acdf-5fc3d3480df9: addNew group-C6C8E090056C:[60a1f487-3869-438b-9653-4786ac435c84:192.168.5.157:34505, 81f2cfd3-4e6d-4976-acdf-5fc3d3480df9:192.168.5.157:36380, a490aa72-b079-4a27-a857-8651cf52422d:192.168.5.157:35222] returns group-C6C8E090056C:java.util.concurrent.CompletableFuture@36b5bc51[Not completed]
2019-07-14 04:43:03,497 INFO  server.RaftServerConfigKeys (ConfUtils.java:logGet(43)) - raft.server.log.appender.install.snapshot.enabled = false (custom)
2019-07-14 04:43:03,503 INFO  impl.RaftServerImpl (ServerState.java:<init>(105)) - 60a1f487-3869-438b-9653-4786ac435c84:group-C6C8E090056C ConfigurationManager, init=-1: [60a1f487-3869-438b-9653-4786ac435c84:192.168.5.157:34505, 81f2cfd3-4e6d-4976-acdf-5fc3d3480df9:192.168.5.157:36380, a490aa72-b079-4a27-a857-8651cf52422d:192.168.5.157:35222], old=null, confs=<EMPTY_MAP>
2019-07-14 04:43:03,503 INFO  server.RaftServerConfigKeys (ConfUtils.java:logGet(43)) - raft.server.storage.dir = [/tmp/workdir/hadoop-ozone/integration-test/target/test-dir/MiniOzoneClusterImpl-cde32a4e-e365-4eba-9bc1-7f9b124dac02/datanode-6/data/ratis] (custom)
2019-07-14 04:43:03,504 INFO  impl.RaftServerProxy (RaftServerProxy.java:addNew(89)) - a490aa72-b079-4a27-a857-8651cf52422d: addNew group-C6C8E090056C:[60a1f487-3869-438b-9653-4786ac435c84:192.168.5.157:34505, 81f2cfd3-4e6d-4976-acdf-5fc3d3480df9:192.168.5.157:36380, a490aa72-b079-4a27-a857-8651cf52422d:192.168.5.157:35222] returns group-C6C8E090056C:java.util.concurrent.CompletableFuture@7788b66a[Not completed]
2019-07-14 04:43:03,505 INFO  impl.RaftServerImpl (RaftServerImpl.java:<init>(93)) - 81f2cfd3-4e6d-4976-acdf-5fc3d3480df9: new RaftServerImpl for group-C6C8E090056C:[60a1f487-3869-438b-9653-4786ac435c84:192.168.5.157:34505, 81f2cfd3-4e6d-4976-acdf-5fc3d3480df9:192.168.5.157:36380, a490aa72-b079-4a27-a857-8651cf52422d:192.168.5.157:35222] with ContainerStateMachine:uninitialized
2019-07-14 04:43:03,505 INFO  server.RaftServerConfigKeys (ConfUtils.java:logGet(43)) - raft.server.rpc.timeout.min = 5s (custom)
2019-07-14 04:43:03,505 INFO  storage.RaftStorageDirectory (RaftStorageDirectory.java:analyzeStorage(246)) - The storage directory /tmp/workdir/hadoop-ozone/integration-test/target/test-dir/MiniOzoneClusterImpl-cde32a4e-e365-4eba-9bc1-7f9b124dac02/datanode-6/data/ratis/831fff59-fd88-4bbf-8144-c6c8e090056c does not exist. Creating ...
2019-07-14 04:43:03,505 INFO  server.RaftServerConfigKeys (ConfUtils.java:logGet(43)) - raft.server.rpc.timeout.max = 5200ms (custom)
2019-07-14 04:43:03,505 INFO  server.RaftServerConfigKeys (ConfUtils.java:logGet(43)) - raft.server.rpcslowness.timeout = 120s (custom)
2019-07-14 04:43:03,505 INFO  server.RaftServerConfigKeys (ConfUtils.java:logGet(43)) - raft.server.sleep.deviation.threshold = 300 (default)
2019-07-14 04:43:03,506 INFO  impl.RaftServerImpl (RaftServerImpl.java:<init>(93)) - a490aa72-b079-4a27-a857-8651cf52422d: new RaftServerImpl for group-C6C8E090056C:[60a1f487-3869-438b-9653-4786ac435c84:192.168.5.157:34505, 81f2cfd3-4e6d-4976-acdf-5fc3d3480df9:192.168.5.157:36380, a490aa72-b079-4a27-a857-8651cf52422d:192.168.5.157:35222] with ContainerStateMachine:uninitialized
2019-07-14 04:43:03,506 INFO  server.RaftServerConfigKeys (ConfUtils.java:logGet(43)) - raft.server.log.appender.install.snapshot.enabled = false (custom)
2019-07-14 04:43:03,506 INFO  server.RaftServerConfigKeys (ConfUtils.java:logGet(43)) - raft.server.rpc.timeout.min = 5s (custom)
2019-07-14 04:43:03,506 INFO  impl.RaftServerImpl (ServerState.java:<init>(105)) - 81f2cfd3-4e6d-4976-acdf-5fc3d3480df9:group-C6C8E090056C ConfigurationManager, init=-1: [60a1f487-3869-438b-9653-4786ac435c84:192.168.5.157:34505, 81f2cfd3-4e6d-4976-acdf-5fc3d3480df9:192.168.5.157:36380, a490aa72-b079-4a27-a857-8651cf52422d:192.168.5.157:35222], old=null, confs=<EMPTY_MAP>
2019-07-14 04:43:03,506 INFO  server.RaftServerConfigKeys (ConfUtils.java:logGet(43)) - raft.server.rpc.timeout.max = 5200ms (custom)
2019-07-14 04:43:03,506 INFO  server.RaftServerConfigKeys (ConfUtils.java:logGet(43)) - raft.server.storage.dir = [/tmp/workdir/hadoop-ozone/integration-test/target/test-dir/MiniOzoneClusterImpl-cde32a4e-e365-4eba-9bc1-7f9b124dac02/datanode-5/data/ratis] (custom)
2019-07-14 04:43:03,506 INFO  server.RaftServerConfigKeys (ConfUtils.java:logGet(43)) - raft.server.rpcslowness.timeout = 120s (custom)
2019-07-14 04:43:03,507 INFO  server.RaftServerConfigKeys (ConfUtils.java:logGet(43)) - raft.server.sleep.deviation.threshold = 300 (default)
2019-07-14 04:43:03,507 INFO  server.RaftServerConfigKeys (ConfUtils.java:logGet(43)) - raft.server.log.appender.install.snapshot.enabled = false (custom)
2019-07-14 04:43:03,507 INFO  storage.RaftStorageDirectory (RaftStorageDirectory.java:analyzeStorage(246)) - The storage directory /tmp/workdir/hadoop-ozone/integration-test/target/test-dir/MiniOzoneClusterImpl-cde32a4e-e365-4eba-9bc1-7f9b124dac02/datanode-5/data/ratis/831fff59-fd88-4bbf-8144-c6c8e090056c does not exist. Creating ...
2019-07-14 04:43:03,507 INFO  impl.RaftServerImpl (ServerState.java:<init>(105)) - a490aa72-b079-4a27-a857-8651cf52422d:group-C6C8E090056C ConfigurationManager, init=-1: [60a1f487-3869-438b-9653-4786ac435c84:192.168.5.157:34505, 81f2cfd3-4e6d-4976-acdf-5fc3d3480df9:192.168.5.157:36380, a490aa72-b079-4a27-a857-8651cf52422d:192.168.5.157:35222], old=null, confs=<EMPTY_MAP>
2019-07-14 04:43:03,507 INFO  server.RaftServerConfigKeys (ConfUtils.java:logGet(43)) - raft.server.storage.dir = [/tmp/workdir/hadoop-ozone/integration-test/target/test-dir/MiniOzoneClusterImpl-cde32a4e-e365-4eba-9bc1-7f9b124dac02/datanode-1/data/ratis] (custom)
2019-07-14 04:43:03,508 INFO  storage.RaftStorageDirectory (RaftStorageDirectory.java:analyzeStorage(246)) - The storage directory /tmp/workdir/hadoop-ozone/integration-test/target/test-dir/MiniOzoneClusterImpl-cde32a4e-e365-4eba-9bc1-7f9b124dac02/datanode-1/data/ratis/831fff59-fd88-4bbf-8144-c6c8e090056c does not exist. Creating ...
2019-07-14 04:43:03,520 INFO  storage.RaftStorageDirectory (RaftStorageDirectory.java:tryLock(328)) - Lock on /tmp/workdir/hadoop-ozone/integration-test/target/test-dir/MiniOzoneClusterImpl-cde32a4e-e365-4eba-9bc1-7f9b124dac02/datanode-6/data/ratis/831fff59-fd88-4bbf-8144-c6c8e090056c/in_use.lock acquired by nodename 935@trunk-nightly-6h29n-2077950039
2019-07-14 04:43:03,520 INFO  storage.RaftStorageDirectory (RaftStorageDirectory.java:tryLock(328)) - Lock on /tmp/workdir/hadoop-ozone/integration-test/target/test-dir/MiniOzoneClusterImpl-cde32a4e-e365-4eba-9bc1-7f9b124dac02/datanode-1/data/ratis/831fff59-fd88-4bbf-8144-c6c8e090056c/in_use.lock acquired by nodename 935@trunk-nightly-6h29n-2077950039
2019-07-14 04:43:03,520 INFO  storage.RaftStorageDirectory (RaftStorageDirectory.java:tryLock(328)) - Lock on /tmp/workdir/hadoop-ozone/integration-test/target/test-dir/MiniOzoneClusterImpl-cde32a4e-e365-4eba-9bc1-7f9b124dac02/datanode-5/data/ratis/831fff59-fd88-4bbf-8144-c6c8e090056c/in_use.lock acquired by nodename 935@trunk-nightly-6h29n-2077950039
2019-07-14 04:43:03,534 INFO  storage.RaftStorage (RaftStorage.java:format(72)) - Storage directory /tmp/workdir/hadoop-ozone/integration-test/target/test-dir/MiniOzoneClusterImpl-cde32a4e-e365-4eba-9bc1-7f9b124dac02/datanode-1/data/ratis/831fff59-fd88-4bbf-8144-c6c8e090056c has been successfully formatted.
2019-07-14 04:43:03,534 INFO  storage.RaftStorage (RaftStorage.java:format(72)) - Storage directory /tmp/workdir/hadoop-ozone/integration-test/target/test-dir/MiniOzoneClusterImpl-cde32a4e-e365-4eba-9bc1-7f9b124dac02/datanode-5/data/ratis/831fff59-fd88-4bbf-8144-c6c8e090056c has been successfully formatted.
2019-07-14 04:43:03,534 INFO  storage.RaftStorage (RaftStorage.java:format(72)) - Storage directory /tmp/workdir/hadoop-ozone/integration-test/target/test-dir/MiniOzoneClusterImpl-cde32a4e-e365-4eba-9bc1-7f9b124dac02/datanode-6/data/ratis/831fff59-fd88-4bbf-8144-c6c8e090056c has been successfully formatted.
2019-07-14 04:43:03,535 INFO  ratis.ContainerStateMachine (ContainerStateMachine.java:loadSnapshot(200)) - The snapshot info is null.Setting the last applied index to:(t:0, i:~)
2019-07-14 04:43:03,535 INFO  ratis.ContainerStateMachine (ContainerStateMachine.java:loadSnapshot(200)) - The snapshot info is null.Setting the last applied index to:(t:0, i:~)
2019-07-14 04:43:03,535 INFO  ratis.ContainerStateMachine (ContainerStateMachine.java:loadSnapshot(200)) - The snapshot info is null.Setting the last applied index to:(t:0, i:~)
2019-07-14 04:43:03,535 INFO  server.RaftServerConfigKeys (ConfUtils.java:logGet(43)) - raft.server.leader.election.timeout = 120s (custom)
2019-07-14 04:43:03,535 INFO  server.RaftServerConfigKeys (ConfUtils.java:logGet(43)) - raft.server.leader.election.timeout = 120s (custom)
2019-07-14 04:43:03,535 INFO  server.RaftServerConfigKeys (ConfUtils.java:logGet(43)) - raft.server.leader.election.timeout = 120s (custom)
2019-07-14 04:43:03,535 INFO  server.RaftServerConfigKeys (ConfUtils.java:logGet(43)) - raft.server.log.use.memory = false (default)
2019-07-14 04:43:03,535 INFO  server.RaftServerConfigKeys (ConfUtils.java:logGet(43)) - raft.server.log.use.memory = false (default)
2019-07-14 04:43:03,536 INFO  server.RaftServerConfigKeys (ConfUtils.java:logGet(43)) - raft.server.log.purge.gap = 1000000000 (custom)
2019-07-14 04:43:03,536 INFO  server.RaftServerConfigKeys (ConfUtils.java:logGet(43)) - raft.server.log.use.memory = false (default)
2019-07-14 04:43:03,536 INFO  server.RaftServerConfigKeys (ConfUtils.java:logGet(43)) - raft.server.log.appender.buffer.byte-limit = 33554432 (custom)
2019-07-14 04:43:03,536 INFO  server.RaftServerConfigKeys (ConfUtils.java:logGet(43)) - raft.server.log.purge.gap = 1000000000 (custom)
2019-07-14 04:43:03,536 INFO  server.RaftServerConfigKeys (ConfUtils.java:logGet(43)) - raft.server.log.segment.size.max = 1048576 (custom)
2019-07-14 04:43:03,536 INFO  server.RaftServerConfigKeys (ConfUtils.java:logGet(43)) - raft.server.log.purge.gap = 1000000000 (custom)
2019-07-14 04:43:03,537 INFO  server.RaftServerConfigKeys (ConfUtils.java:logGet(43)) - raft.server.log.segment.cache.num.max = 2 (custom)
2019-07-14 04:43:03,536 INFO  server.RaftServerConfigKeys (ConfUtils.java:logGet(43)) - raft.server.log.appender.buffer.byte-limit = 33554432 (custom)
2019-07-14 04:43:03,537 INFO  segmented.SegmentedRaftLogWorker (SegmentedRaftLogWorker.java:<init>(172)) - new 81f2cfd3-4e6d-4976-acdf-5fc3d3480df9-SegmentedRaftLogWorker:Storage Directory /tmp/workdir/hadoop-ozone/integration-test/target/test-dir/MiniOzoneClusterImpl-cde32a4e-e365-4eba-9bc1-7f9b124dac02/datanode-5/data/ratis/831fff59-fd88-4bbf-8144-c6c8e090056c for RaftStorage:Storage Directory /tmp/workdir/hadoop-ozone/integration-test/target/test-dir/MiniOzoneClusterImpl-cde32a4e-e365-4eba-9bc1-7f9b124dac02/datanode-5/data/ratis/831fff59-fd88-4bbf-8144-c6c8e090056c
2019-07-14 04:43:03,537 INFO  server.RaftServerConfigKeys (ConfUtils.java:logGet(43)) - raft.server.log.appender.buffer.byte-limit = 33554432 (custom)
2019-07-14 04:43:03,537 INFO  server.RaftServerConfigKeys (ConfUtils.java:logGet(43)) - raft.server.log.queue.byte-limit = 2147483647 (custom)
2019-07-14 04:43:03,537 INFO  server.RaftServerConfigKeys (ConfUtils.java:logGet(43)) - raft.server.log.segment.size.max = 1048576 (custom)
2019-07-14 04:43:03,539 INFO  server.RaftServerConfigKeys (ConfUtils.java:logGet(43)) - raft.server.log.queue.element-limit = 1024 (custom)
2019-07-14 04:43:03,537 INFO  server.RaftServerConfigKeys (ConfUtils.java:logGet(43)) - raft.server.log.segment.size.max = 1048576 (custom)
2019-07-14 04:43:03,540 INFO  server.RaftServerConfigKeys (ConfUtils.java:logGet(43)) - raft.server.log.segment.size.max = 1048576 (custom)
2019-07-14 04:43:03,540 INFO  server.RaftServerConfigKeys (ConfUtils.java:logGet(43)) - raft.server.log.segment.cache.num.max = 2 (custom)
2019-07-14 04:43:03,540 INFO  server.RaftServerConfigKeys (ConfUtils.java:logGet(43)) - raft.server.log.preallocated.size = 16384 (custom)
2019-07-14 04:43:03,540 INFO  server.RaftServerConfigKeys (ConfUtils.java:logGet(43)) - raft.server.log.segment.cache.num.max = 2 (custom)
2019-07-14 04:43:03,540 INFO  server.RaftServerConfigKeys (ConfUtils.java:logGet(43)) - raft.server.log.write.buffer.size = 33554432 (custom)
2019-07-14 04:43:03,540 INFO  segmented.SegmentedRaftLogWorker (SegmentedRaftLogWorker.java:<init>(172)) - new 60a1f487-3869-438b-9653-4786ac435c84-SegmentedRaftLogWorker:Storage Directory /tmp/workdir/hadoop-ozone/integration-test/target/test-dir/MiniOzoneClusterImpl-cde32a4e-e365-4eba-9bc1-7f9b124dac02/datanode-6/data/ratis/831fff59-fd88-4bbf-8144-c6c8e090056c for RaftStorage:Storage Directory /tmp/workdir/hadoop-ozone/integration-test/target/test-dir/MiniOzoneClusterImpl-cde32a4e-e365-4eba-9bc1-7f9b124dac02/datanode-6/data/ratis/831fff59-fd88-4bbf-8144-c6c8e090056c
2019-07-14 04:43:03,541 INFO  server.RaftServerConfigKeys (ConfUtils.java:logGet(43)) - raft.server.log.force.sync.num = 128 (default)
2019-07-14 04:43:03,540 INFO  segmented.SegmentedRaftLogWorker (SegmentedRaftLogWorker.java:<init>(172)) - new a490aa72-b079-4a27-a857-8651cf52422d-SegmentedRaftLogWorker:Storage Directory /tmp/workdir/hadoop-ozone/integration-test/target/test-dir/MiniOzoneClusterImpl-cde32a4e-e365-4eba-9bc1-7f9b124dac02/datanode-1/data/ratis/831fff59-fd88-4bbf-8144-c6c8e090056c for RaftStorage:Storage Directory /tmp/workdir/hadoop-ozone/integration-test/target/test-dir/MiniOzoneClusterImpl-cde32a4e-e365-4eba-9bc1-7f9b124dac02/datanode-1/data/ratis/831fff59-fd88-4bbf-8144-c6c8e090056c
2019-07-14 04:43:03,541 INFO  server.RaftServerConfigKeys (ConfUtils.java:logGet(43)) - raft.server.log.statemachine.data.sync = true (default)
2019-07-14 04:43:03,541 INFO  server.RaftServerConfigKeys (ConfUtils.java:logGet(43)) - raft.server.log.queue.byte-limit = 2147483647 (custom)
2019-07-14 04:43:03,545 INFO  server.RaftServerConfigKeys (ConfUtils.java:logGet(43)) - raft.server.log.statemachine.data.sync.timeout = 10s (default)
2019-07-14 04:43:03,543 INFO  server.RaftServerConfigKeys (ConfUtils.java:logGet(43)) - raft.server.log.queue.byte-limit = 2147483647 (custom)
2019-07-14 04:43:03,545 INFO  server.RaftServerConfigKeys (ConfUtils.java:logGet(43)) - raft.server.log.statemachine.data.sync.timeout.retry = -1 (default)
2019-07-14 04:43:03,545 INFO  server.RaftServerConfigKeys (ConfUtils.java:logGet(43)) - raft.server.log.queue.element-limit = 1024 (custom)
2019-07-14 04:43:03,545 INFO  server.RaftServerConfigKeys (ConfUtils.java:logGet(43)) - raft.server.log.queue.element-limit = 1024 (custom)
2019-07-14 04:43:03,545 INFO  server.RaftServerConfigKeys (ConfUtils.java:logGet(43)) - raft.server.log.segment.size.max = 1048576 (custom)
2019-07-14 04:43:03,545 INFO  server.RaftServerConfigKeys (ConfUtils.java:logGet(43)) - raft.server.log.statemachine.data.caching.enabled = true (custom)
2019-07-14 04:43:03,546 INFO  server.RaftServerConfigKeys (ConfUtils.java:logGet(43)) - raft.server.log.preallocated.size = 16384 (custom)
2019-07-14 04:43:03,546 INFO  server.RaftServerConfigKeys (ConfUtils.java:logGet(43)) - raft.server.log.segment.size.max = 1048576 (custom)
2019-07-14 04:43:03,546 INFO  server.RaftServerConfigKeys (ConfUtils.java:logGet(43)) - raft.server.log.write.buffer.size = 33554432 (custom)
2019-07-14 04:43:03,546 INFO  segmented.SegmentedRaftLogWorker (SegmentedRaftLogWorker.java:lambda$new$0(132)) - 81f2cfd3-4e6d-4976-acdf-5fc3d3480df9-SegmentedRaftLogWorker:Storage Directory /tmp/workdir/hadoop-ozone/integration-test/target/test-dir/MiniOzoneClusterImpl-cde32a4e-e365-4eba-9bc1-7f9b124dac02/datanode-5/data/ratis/831fff59-fd88-4bbf-8144-c6c8e090056c: flushIndex: setUnconditionally 0 -> -1
2019-07-14 04:43:03,546 INFO  server.RaftServerConfigKeys (ConfUtils.java:logGet(43)) - raft.server.log.preallocated.size = 16384 (custom)
2019-07-14 04:43:03,546 INFO  server.RaftServerConfigKeys (ConfUtils.java:logGet(43)) - raft.server.log.force.sync.num = 128 (default)
2019-07-14 04:43:03,546 INFO  server.RaftServerConfigKeys (ConfUtils.java:logGet(43)) - raft.server.log.write.buffer.size = 33554432 (custom)
2019-07-14 04:43:03,547 INFO  server.RaftServerConfigKeys (ConfUtils.java:logGet(43)) - raft.server.log.statemachine.data.sync = true (default)
2019-07-14 04:43:03,547 INFO  server.RaftServerConfigKeys (ConfUtils.java:logGet(43)) - raft.server.snapshot.auto.trigger.enabled = true (custom)
2019-07-14 04:43:03,547 INFO  server.RaftServerConfigKeys (ConfUtils.java:logGet(43)) - raft.server.log.statemachine.data.sync.timeout = 10s (default)
2019-07-14 04:43:03,547 INFO  server.RaftServerConfigKeys (ConfUtils.java:logGet(43)) - raft.server.log.force.sync.num = 128 (default)
2019-07-14 04:43:03,547 INFO  server.RaftServerConfigKeys (ConfUtils.java:logGet(43)) - raft.server.log.statemachine.data.sync.timeout.retry = -1 (default)
2019-07-14 04:43:03,547 INFO  server.RaftServerConfigKeys (ConfUtils.java:logGet(43)) - raft.server.snapshot.auto.trigger.threshold = 10000 (custom)
2019-07-14 04:43:03,547 INFO  server.RaftServerConfigKeys (ConfUtils.java:logGet(43)) - raft.server.log.statemachine.data.caching.enabled = true (custom)
2019-07-14 04:43:03,547 INFO  server.RaftServerConfigKeys (ConfUtils.java:logGet(43)) - raft.server.log.statemachine.data.sync = true (default)
2019-07-14 04:43:03,548 INFO  server.RaftServerConfigKeys (ConfUtils.java:logGet(43)) - raft.server.retrycache.expirytime = 600000ms (custom)
2019-07-14 04:43:03,548 INFO  segmented.SegmentedRaftLogWorker (SegmentedRaftLogWorker.java:lambda$new$0(132)) - 60a1f487-3869-438b-9653-4786ac435c84-SegmentedRaftLogWorker:Storage Directory /tmp/workdir/hadoop-ozone/integration-test/target/test-dir/MiniOzoneClusterImpl-cde32a4e-e365-4eba-9bc1-7f9b124dac02/datanode-6/data/ratis/831fff59-fd88-4bbf-8144-c6c8e090056c: flushIndex: setUnconditionally 0 -> -1
2019-07-14 04:43:03,548 INFO  server.RaftServerConfigKeys (ConfUtils.java:logGet(43)) - raft.server.log.statemachine.data.sync.timeout = 10s (default)
2019-07-14 04:43:03,548 INFO  impl.RaftServerImpl (RaftServerImpl.java:start(180)) - 81f2cfd3-4e6d-4976-acdf-5fc3d3480df9: start group-C6C8E090056C
2019-07-14 04:43:03,548 INFO  server.RaftServerConfigKeys (ConfUtils.java:logGet(43)) - raft.server.snapshot.auto.trigger.enabled = true (custom)
2019-07-14 04:43:03,548 INFO  server.RaftServerConfigKeys (ConfUtils.java:logGet(43)) - raft.server.log.statemachine.data.sync.timeout.retry = -1 (default)
2019-07-14 04:43:03,548 INFO  server.RaftServerConfigKeys (ConfUtils.java:logGet(43)) - raft.server.snapshot.auto.trigger.threshold = 10000 (custom)
2019-07-14 04:43:03,548 INFO  impl.RaftServerImpl (RaftServerImpl.java:setRole(171)) - 81f2cfd3-4e6d-4976-acdf-5fc3d3480df9:group-C6C8E090056C changes role from null to FOLLOWER at term 0 for startAsFollower
2019-07-14 04:43:03,549 INFO  server.RaftServerConfigKeys (ConfUtils.java:logGet(43)) - raft.server.retrycache.expirytime = 600000ms (custom)
2019-07-14 04:43:03,548 INFO  server.RaftServerConfigKeys (ConfUtils.java:logGet(43)) - raft.server.log.statemachine.data.caching.enabled = true (custom)
2019-07-14 04:43:03,549 INFO  impl.RaftServerImpl (RaftServerImpl.java:start(180)) - 60a1f487-3869-438b-9653-4786ac435c84: start group-C6C8E090056C
2019-07-14 04:43:03,549 INFO  impl.RoleInfo (RoleInfo.java:updateAndGet(143)) - 81f2cfd3-4e6d-4976-acdf-5fc3d3480df9: start FollowerState
2019-07-14 04:43:03,549 INFO  segmented.SegmentedRaftLogWorker (SegmentedRaftLogWorker.java:lambda$new$0(132)) - a490aa72-b079-4a27-a857-8651cf52422d-SegmentedRaftLogWorker:Storage Directory /tmp/workdir/hadoop-ozone/integration-test/target/test-dir/MiniOzoneClusterImpl-cde32a4e-e365-4eba-9bc1-7f9b124dac02/datanode-1/data/ratis/831fff59-fd88-4bbf-8144-c6c8e090056c: flushIndex: setUnconditionally 0 -> -1
2019-07-14 04:43:03,549 INFO  impl.RaftServerImpl (RaftServerImpl.java:setRole(171)) - 60a1f487-3869-438b-9653-4786ac435c84:group-C6C8E090056C changes role from null to FOLLOWER at term 0 for startAsFollower
2019-07-14 04:43:03,549 INFO  impl.RoleInfo (RoleInfo.java:updateAndGet(143)) - 60a1f487-3869-438b-9653-4786ac435c84: start FollowerState
2019-07-14 04:43:03,549 INFO  util.JmxRegister (JmxRegister.java:tryRegister(44)) - Successfully registered JMX Bean with object name Ratis:service=RaftServer,group=group-C6C8E090056C,id=81f2cfd3-4e6d-4976-acdf-5fc3d3480df9
2019-07-14 04:43:03,549 INFO  server.RaftServerConfigKeys (ConfUtils.java:logGet(43)) - raft.server.snapshot.auto.trigger.enabled = true (custom)
2019-07-14 04:43:03,550 INFO  server.RaftServerConfigKeys (ConfUtils.java:logGet(43)) - raft.server.snapshot.auto.trigger.threshold = 10000 (custom)
2019-07-14 04:43:03,550 INFO  util.JmxRegister (JmxRegister.java:tryRegister(44)) - Successfully registered JMX Bean with object name Ratis:service=RaftServer,group=group-C6C8E090056C,id=60a1f487-3869-438b-9653-4786ac435c84
2019-07-14 04:43:03,550 INFO  server.RaftServerConfigKeys (ConfUtils.java:logGet(43)) - raft.server.retrycache.expirytime = 600000ms (custom)
2019-07-14 04:43:03,550 INFO  impl.RaftServerImpl (RaftServerImpl.java:start(180)) - a490aa72-b079-4a27-a857-8651cf52422d: start group-C6C8E090056C
2019-07-14 04:43:03,550 INFO  impl.RaftServerImpl (RaftServerImpl.java:setRole(171)) - a490aa72-b079-4a27-a857-8651cf52422d:group-C6C8E090056C changes role from null to FOLLOWER at term 0 for startAsFollower
2019-07-14 04:43:03,550 INFO  impl.RoleInfo (RoleInfo.java:updateAndGet(143)) - a490aa72-b079-4a27-a857-8651cf52422d: start FollowerState
2019-07-14 04:43:03,551 INFO  util.JmxRegister (JmxRegister.java:tryRegister(44)) - Successfully registered JMX Bean with object name Ratis:service=RaftServer,group=group-C6C8E090056C,id=a490aa72-b079-4a27-a857-8651cf52422d
2019-07-14 04:43:03,574 INFO  pipeline.PipelineStateManager (PipelineStateManager.java:addPipeline(56)) - Created pipeline Pipeline[ Id: 831fff59-fd88-4bbf-8144-c6c8e090056c, Nodes: a490aa72-b079-4a27-a857-8651cf52422d{ip: 192.168.5.157, host: trunk-nightly-6h29n-2077950039, networkLocation: /default-rack, certSerialId: null}60a1f487-3869-438b-9653-4786ac435c84{ip: 192.168.5.157, host: trunk-nightly-6h29n-2077950039, networkLocation: /default-rack, certSerialId: null}81f2cfd3-4e6d-4976-acdf-5fc3d3480df9{ip: 192.168.5.157, host: trunk-nightly-6h29n-2077950039, networkLocation: /default-rack, certSerialId: null}, Type:RATIS, Factor:THREE, State:OPEN]
2019-07-14 04:43:03,627 INFO  impl.RaftServerProxy (RaftServerProxy.java:addNew(89)) - 36fa793a-8181-4835-8542-419b2c9663e3: addNew group-E34C277ACA5C:[b26b0bf7-41ce-424a-82ff-6d42a44b8232:192.168.5.157:32955, 36fa793a-8181-4835-8542-419b2c9663e3:192.168.5.157:33357, ce2b87ac-94ff-4d1f-8ba8-ab32d1173b60:192.168.5.157:34774] returns group-E34C277ACA5C:java.util.concurrent.CompletableFuture@79c30404[Not completed]
2019-07-14 04:43:03,627 INFO  impl.RaftServerProxy (RaftServerProxy.java:addNew(89)) - b26b0bf7-41ce-424a-82ff-6d42a44b8232: addNew group-E34C277ACA5C:[b26b0bf7-41ce-424a-82ff-6d42a44b8232:192.168.5.157:32955, 36fa793a-8181-4835-8542-419b2c9663e3:192.168.5.157:33357, ce2b87ac-94ff-4d1f-8ba8-ab32d1173b60:192.168.5.157:34774] returns group-E34C277ACA5C:java.util.concurrent.CompletableFuture@110c2dec[Not completed]
2019-07-14 04:43:03,632 INFO  impl.RaftServerProxy (RaftServerProxy.java:addNew(89)) - ce2b87ac-94ff-4d1f-8ba8-ab32d1173b60: addNew group-E34C277ACA5C:[b26b0bf7-41ce-424a-82ff-6d42a44b8232:192.168.5.157:32955, 36fa793a-8181-4835-8542-419b2c9663e3:192.168.5.157:33357, ce2b87ac-94ff-4d1f-8ba8-ab32d1173b60:192.168.5.157:34774] returns group-E34C277ACA5C:java.util.concurrent.CompletableFuture@26696112[Not completed]
2019-07-14 04:43:03,632 INFO  impl.RaftServerImpl (RaftServerImpl.java:<init>(93)) - 36fa793a-8181-4835-8542-419b2c9663e3: new RaftServerImpl for group-E34C277ACA5C:[b26b0bf7-41ce-424a-82ff-6d42a44b8232:192.168.5.157:32955, 36fa793a-8181-4835-8542-419b2c9663e3:192.168.5.157:33357, ce2b87ac-94ff-4d1f-8ba8-ab32d1173b60:192.168.5.157:34774] with ContainerStateMachine:uninitialized
2019-07-14 04:43:03,632 INFO  server.RaftServerConfigKeys (ConfUtils.java:logGet(43)) - raft.server.rpc.timeout.min = 5s (custom)
2019-07-14 04:43:03,632 INFO  server.RaftServerConfigKeys (ConfUtils.java:logGet(43)) - raft.server.rpc.timeout.max = 5200ms (custom)
2019-07-14 04:43:03,633 INFO  server.RaftServerConfigKeys (ConfUtils.java:logGet(43)) - raft.server.rpcslowness.timeout = 120s (custom)
2019-07-14 04:43:03,633 INFO  server.RaftServerConfigKeys (ConfUtils.java:logGet(43)) - raft.server.sleep.deviation.threshold = 300 (default)
2019-07-14 04:43:03,633 INFO  server.RaftServerConfigKeys (ConfUtils.java:logGet(43)) - raft.server.log.appender.install.snapshot.enabled = false (custom)
2019-07-14 04:43:03,633 INFO  impl.RaftServerImpl (RaftServerImpl.java:<init>(93)) - b26b0bf7-41ce-424a-82ff-6d42a44b8232: new RaftServerImpl for group-E34C277ACA5C:[b26b0bf7-41ce-424a-82ff-6d42a44b8232:192.168.5.157:32955, 36fa793a-8181-4835-8542-419b2c9663e3:192.168.5.157:33357, ce2b87ac-94ff-4d1f-8ba8-ab32d1173b60:192.168.5.157:34774] with ContainerStateMachine:uninitialized
2019-07-14 04:43:03,633 INFO  impl.RaftServerImpl (ServerState.java:<init>(105)) - 36fa793a-8181-4835-8542-419b2c9663e3:group-E34C277ACA5C ConfigurationManager, init=-1: [b26b0bf7-41ce-424a-82ff-6d42a44b8232:192.168.5.157:32955, 36fa793a-8181-4835-8542-419b2c9663e3:192.168.5.157:33357, ce2b87ac-94ff-4d1f-8ba8-ab32d1173b60:192.168.5.157:34774], old=null, confs=<EMPTY_MAP>
2019-07-14 04:43:03,633 INFO  server.RaftServerConfigKeys (ConfUtils.java:logGet(43)) - raft.server.rpc.timeout.min = 5s (custom)
2019-07-14 04:43:03,633 INFO  server.RaftServerConfigKeys (ConfUtils.java:logGet(43)) - raft.server.storage.dir = [/tmp/workdir/hadoop-ozone/integration-test/target/test-dir/MiniOzoneClusterImpl-cde32a4e-e365-4eba-9bc1-7f9b124dac02/datanode-3/data/ratis] (custom)
2019-07-14 04:43:03,633 INFO  server.RaftServerConfigKeys (ConfUtils.java:logGet(43)) - raft.server.rpc.timeout.max = 5200ms (custom)
2019-07-14 04:43:03,634 INFO  server.RaftServerConfigKeys (ConfUtils.java:logGet(43)) - raft.server.rpcslowness.timeout = 120s (custom)
2019-07-14 04:43:03,634 INFO  server.RaftServerConfigKeys (ConfUtils.java:logGet(43)) - raft.server.sleep.deviation.threshold = 300 (default)
2019-07-14 04:43:03,634 INFO  storage.RaftStorageDirectory (RaftStorageDirectory.java:analyzeStorage(246)) - The storage directory /tmp/workdir/hadoop-ozone/integration-test/target/test-dir/MiniOzoneClusterImpl-cde32a4e-e365-4eba-9bc1-7f9b124dac02/datanode-3/data/ratis/62b44c85-4f40-40a0-9dd9-e34c277aca5c does not exist. Creating ...
2019-07-14 04:43:03,634 INFO  server.RaftServerConfigKeys (ConfUtils.java:logGet(43)) - raft.server.log.appender.install.snapshot.enabled = false (custom)
2019-07-14 04:43:03,634 INFO  impl.RaftServerImpl (RaftServerImpl.java:<init>(93)) - ce2b87ac-94ff-4d1f-8ba8-ab32d1173b60: new RaftServerImpl for group-E34C277ACA5C:[b26b0bf7-41ce-424a-82ff-6d42a44b8232:192.168.5.157:32955, 36fa793a-8181-4835-8542-419b2c9663e3:192.168.5.157:33357, ce2b87ac-94ff-4d1f-8ba8-ab32d1173b60:192.168.5.157:34774] with ContainerStateMachine:uninitialized
2019-07-14 04:43:03,634 INFO  impl.RaftServerImpl (ServerState.java:<init>(105)) - b26b0bf7-41ce-424a-82ff-6d42a44b8232:group-E34C277ACA5C ConfigurationManager, init=-1: [b26b0bf7-41ce-424a-82ff-6d42a44b8232:192.168.5.157:32955, 36fa793a-8181-4835-8542-419b2c9663e3:192.168.5.157:33357, ce2b87ac-94ff-4d1f-8ba8-ab32d1173b60:192.168.5.157:34774], old=null, confs=<EMPTY_MAP>
2019-07-14 04:43:03,634 INFO  server.RaftServerConfigKeys (ConfUtils.java:logGet(43)) - raft.server.rpc.timeout.min = 5s (custom)
2019-07-14 04:43:03,634 INFO  server.RaftServerConfigKeys (ConfUtils.java:logGet(43)) - raft.server.storage.dir = [/tmp/workdir/hadoop-ozone/integration-test/target/test-dir/MiniOzoneClusterImpl-cde32a4e-e365-4eba-9bc1-7f9b124dac02/datanode-4/data/ratis] (custom)
2019-07-14 04:43:03,635 INFO  server.RaftServerConfigKeys (ConfUtils.java:logGet(43)) - raft.server.rpc.timeout.max = 5200ms (custom)
2019-07-14 04:43:03,635 INFO  server.RaftServerConfigKeys (ConfUtils.java:logGet(43)) - raft.server.rpcslowness.timeout = 120s (custom)
2019-07-14 04:43:03,635 INFO  storage.RaftStorageDirectory (RaftStorageDirectory.java:analyzeStorage(246)) - The storage directory /tmp/workdir/hadoop-ozone/integration-test/target/test-dir/MiniOzoneClusterImpl-cde32a4e-e365-4eba-9bc1-7f9b124dac02/datanode-4/data/ratis/62b44c85-4f40-40a0-9dd9-e34c277aca5c does not exist. Creating ...
2019-07-14 04:43:03,635 INFO  server.RaftServerConfigKeys (ConfUtils.java:logGet(43)) - raft.server.sleep.deviation.threshold = 300 (default)
2019-07-14 04:43:03,635 INFO  server.RaftServerConfigKeys (ConfUtils.java:logGet(43)) - raft.server.log.appender.install.snapshot.enabled = false (custom)
2019-07-14 04:43:03,635 INFO  impl.RaftServerImpl (ServerState.java:<init>(105)) - ce2b87ac-94ff-4d1f-8ba8-ab32d1173b60:group-E34C277ACA5C ConfigurationManager, init=-1: [b26b0bf7-41ce-424a-82ff-6d42a44b8232:192.168.5.157:32955, 36fa793a-8181-4835-8542-419b2c9663e3:192.168.5.157:33357, ce2b87ac-94ff-4d1f-8ba8-ab32d1173b60:192.168.5.157:34774], old=null, confs=<EMPTY_MAP>
2019-07-14 04:43:03,636 INFO  server.RaftServerConfigKeys (ConfUtils.java:logGet(43)) - raft.server.storage.dir = [/tmp/workdir/hadoop-ozone/integration-test/target/test-dir/MiniOzoneClusterImpl-cde32a4e-e365-4eba-9bc1-7f9b124dac02/datanode-0/data/ratis] (custom)
2019-07-14 04:43:03,636 INFO  storage.RaftStorageDirectory (RaftStorageDirectory.java:analyzeStorage(246)) - The storage directory /tmp/workdir/hadoop-ozone/integration-test/target/test-dir/MiniOzoneClusterImpl-cde32a4e-e365-4eba-9bc1-7f9b124dac02/datanode-0/data/ratis/62b44c85-4f40-40a0-9dd9-e34c277aca5c does not exist. Creating ...
2019-07-14 04:43:03,649 INFO  storage.RaftStorageDirectory (RaftStorageDirectory.java:tryLock(328)) - Lock on /tmp/workdir/hadoop-ozone/integration-test/target/test-dir/MiniOzoneClusterImpl-cde32a4e-e365-4eba-9bc1-7f9b124dac02/datanode-4/data/ratis/62b44c85-4f40-40a0-9dd9-e34c277aca5c/in_use.lock acquired by nodename 935@trunk-nightly-6h29n-2077950039
2019-07-14 04:43:03,649 INFO  storage.RaftStorageDirectory (RaftStorageDirectory.java:tryLock(328)) - Lock on /tmp/workdir/hadoop-ozone/integration-test/target/test-dir/MiniOzoneClusterImpl-cde32a4e-e365-4eba-9bc1-7f9b124dac02/datanode-3/data/ratis/62b44c85-4f40-40a0-9dd9-e34c277aca5c/in_use.lock acquired by nodename 935@trunk-nightly-6h29n-2077950039
2019-07-14 04:43:03,650 INFO  storage.RaftStorageDirectory (RaftStorageDirectory.java:tryLock(328)) - Lock on /tmp/workdir/hadoop-ozone/integration-test/target/test-dir/MiniOzoneClusterImpl-cde32a4e-e365-4eba-9bc1-7f9b124dac02/datanode-0/data/ratis/62b44c85-4f40-40a0-9dd9-e34c277aca5c/in_use.lock acquired by nodename 935@trunk-nightly-6h29n-2077950039
2019-07-14 04:43:03,653 INFO  storage.RaftStorage (RaftStorage.java:format(72)) - Storage directory /tmp/workdir/hadoop-ozone/integration-test/target/test-dir/MiniOzoneClusterImpl-cde32a4e-e365-4eba-9bc1-7f9b124dac02/datanode-3/data/ratis/62b44c85-4f40-40a0-9dd9-e34c277aca5c has been successfully formatted.
2019-07-14 04:43:03,653 INFO  storage.RaftStorage (RaftStorage.java:format(72)) - Storage directory /tmp/workdir/hadoop-ozone/integration-test/target/test-dir/MiniOzoneClusterImpl-cde32a4e-e365-4eba-9bc1-7f9b124dac02/datanode-4/data/ratis/62b44c85-4f40-40a0-9dd9-e34c277aca5c has been successfully formatted.
2019-07-14 04:43:03,654 INFO  ratis.ContainerStateMachine (ContainerStateMachine.java:loadSnapshot(200)) - The snapshot info is null.Setting the last applied index to:(t:0, i:~)
2019-07-14 04:43:03,654 INFO  server.RaftServerConfigKeys (ConfUtils.java:logGet(43)) - raft.server.leader.election.timeout = 120s (custom)
2019-07-14 04:43:03,654 INFO  ratis.ContainerStateMachine (ContainerStateMachine.java:loadSnapshot(200)) - The snapshot info is null.Setting the last applied index to:(t:0, i:~)
2019-07-14 04:43:03,654 INFO  server.RaftServerConfigKeys (ConfUtils.java:logGet(43)) - raft.server.log.use.memory = false (default)
2019-07-14 04:43:03,654 INFO  server.RaftServerConfigKeys (ConfUtils.java:logGet(43)) - raft.server.leader.election.timeout = 120s (custom)
2019-07-14 04:43:03,654 INFO  server.RaftServerConfigKeys (ConfUtils.java:logGet(43)) - raft.server.log.purge.gap = 1000000000 (custom)
2019-07-14 04:43:03,655 INFO  server.RaftServerConfigKeys (ConfUtils.java:logGet(43)) - raft.server.log.use.memory = false (default)
2019-07-14 04:43:03,655 INFO  server.RaftServerConfigKeys (ConfUtils.java:logGet(43)) - raft.server.log.appender.buffer.byte-limit = 33554432 (custom)
2019-07-14 04:43:03,655 INFO  server.RaftServerConfigKeys (ConfUtils.java:logGet(43)) - raft.server.log.purge.gap = 1000000000 (custom)
2019-07-14 04:43:03,655 INFO  server.RaftServerConfigKeys (ConfUtils.java:logGet(43)) - raft.server.log.segment.size.max = 1048576 (custom)
2019-07-14 04:43:03,655 INFO  server.RaftServerConfigKeys (ConfUtils.java:logGet(43)) - raft.server.log.appender.buffer.byte-limit = 33554432 (custom)
2019-07-14 04:43:03,655 INFO  server.RaftServerConfigKeys (ConfUtils.java:logGet(43)) - raft.server.log.segment.cache.num.max = 2 (custom)
2019-07-14 04:43:03,655 INFO  storage.RaftStorage (RaftStorage.java:format(72)) - Storage directory /tmp/workdir/hadoop-ozone/integration-test/target/test-dir/MiniOzoneClusterImpl-cde32a4e-e365-4eba-9bc1-7f9b124dac02/datanode-0/data/ratis/62b44c85-4f40-40a0-9dd9-e34c277aca5c has been successfully formatted.
2019-07-14 04:43:03,656 INFO  segmented.SegmentedRaftLogWorker (SegmentedRaftLogWorker.java:<init>(172)) - new 36fa793a-8181-4835-8542-419b2c9663e3-SegmentedRaftLogWorker:Storage Directory /tmp/workdir/hadoop-ozone/integration-test/target/test-dir/MiniOzoneClusterImpl-cde32a4e-e365-4eba-9bc1-7f9b124dac02/datanode-3/data/ratis/62b44c85-4f40-40a0-9dd9-e34c277aca5c for RaftStorage:Storage Directory /tmp/workdir/hadoop-ozone/integration-test/target/test-dir/MiniOzoneClusterImpl-cde32a4e-e365-4eba-9bc1-7f9b124dac02/datanode-3/data/ratis/62b44c85-4f40-40a0-9dd9-e34c277aca5c
2019-07-14 04:43:03,655 INFO  server.RaftServerConfigKeys (ConfUtils.java:logGet(43)) - raft.server.log.segment.size.max = 1048576 (custom)
2019-07-14 04:43:03,656 INFO  ratis.ContainerStateMachine (ContainerStateMachine.java:loadSnapshot(200)) - The snapshot info is null.Setting the last applied index to:(t:0, i:~)
2019-07-14 04:43:03,656 INFO  server.RaftServerConfigKeys (ConfUtils.java:logGet(43)) - raft.server.log.queue.byte-limit = 2147483647 (custom)
2019-07-14 04:43:03,658 INFO  server.RaftServerConfigKeys (ConfUtils.java:logGet(43)) - raft.server.leader.election.timeout = 120s (custom)
2019-07-14 04:43:03,657 INFO  server.RaftServerConfigKeys (ConfUtils.java:logGet(43)) - raft.server.log.segment.cache.num.max = 2 (custom)
2019-07-14 04:43:03,658 INFO  server.RaftServerConfigKeys (ConfUtils.java:logGet(43)) - raft.server.log.use.memory = false (default)
2019-07-14 04:43:03,658 INFO  server.RaftServerConfigKeys (ConfUtils.java:logGet(43)) - raft.server.log.queue.element-limit = 1024 (custom)
2019-07-14 04:43:03,658 INFO  server.RaftServerConfigKeys (ConfUtils.java:logGet(43)) - raft.server.log.purge.gap = 1000000000 (custom)
2019-07-14 04:43:03,658 INFO  segmented.SegmentedRaftLogWorker (SegmentedRaftLogWorker.java:<init>(172)) - new b26b0bf7-41ce-424a-82ff-6d42a44b8232-SegmentedRaftLogWorker:Storage Directory /tmp/workdir/hadoop-ozone/integration-test/target/test-dir/MiniOzoneClusterImpl-cde32a4e-e365-4eba-9bc1-7f9b124dac02/datanode-4/data/ratis/62b44c85-4f40-40a0-9dd9-e34c277aca5c for RaftStorage:Storage Directory /tmp/workdir/hadoop-ozone/integration-test/target/test-dir/MiniOzoneClusterImpl-cde32a4e-e365-4eba-9bc1-7f9b124dac02/datanode-4/data/ratis/62b44c85-4f40-40a0-9dd9-e34c277aca5c
2019-07-14 04:43:03,659 INFO  server.RaftServerConfigKeys (ConfUtils.java:logGet(43)) - raft.server.log.appender.buffer.byte-limit = 33554432 (custom)
2019-07-14 04:43:03,658 INFO  server.RaftServerConfigKeys (ConfUtils.java:logGet(43)) - raft.server.log.segment.size.max = 1048576 (custom)
2019-07-14 04:43:03,660 INFO  server.RaftServerConfigKeys (ConfUtils.java:logGet(43)) - raft.server.log.segment.size.max = 1048576 (custom)
2019-07-14 04:43:03,659 INFO  server.RaftServerConfigKeys (ConfUtils.java:logGet(43)) - raft.server.log.queue.byte-limit = 2147483647 (custom)
2019-07-14 04:43:03,661 INFO  server.RaftServerConfigKeys (ConfUtils.java:logGet(43)) - raft.server.log.segment.cache.num.max = 2 (custom)
2019-07-14 04:43:03,660 INFO  server.RaftServerConfigKeys (ConfUtils.java:logGet(43)) - raft.server.log.preallocated.size = 16384 (custom)
2019-07-14 04:43:03,661 INFO  segmented.SegmentedRaftLogWorker (SegmentedRaftLogWorker.java:<init>(172)) - new ce2b87ac-94ff-4d1f-8ba8-ab32d1173b60-SegmentedRaftLogWorker:Storage Directory /tmp/workdir/hadoop-ozone/integration-test/target/test-dir/MiniOzoneClusterImpl-cde32a4e-e365-4eba-9bc1-7f9b124dac02/datanode-0/data/ratis/62b44c85-4f40-40a0-9dd9-e34c277aca5c for RaftStorage:Storage Directory /tmp/workdir/hadoop-ozone/integration-test/target/test-dir/MiniOzoneClusterImpl-cde32a4e-e365-4eba-9bc1-7f9b124dac02/datanode-0/data/ratis/62b44c85-4f40-40a0-9dd9-e34c277aca5c
2019-07-14 04:43:03,661 INFO  server.RaftServerConfigKeys (ConfUtils.java:logGet(43)) - raft.server.log.queue.element-limit = 1024 (custom)
2019-07-14 04:43:03,661 INFO  server.RaftServerConfigKeys (ConfUtils.java:logGet(43)) - raft.server.log.queue.byte-limit = 2147483647 (custom)
2019-07-14 04:43:03,661 INFO  server.RaftServerConfigKeys (ConfUtils.java:logGet(43)) - raft.server.log.write.buffer.size = 33554432 (custom)
2019-07-14 04:43:03,663 INFO  server.RaftServerConfigKeys (ConfUtils.java:logGet(43)) - raft.server.log.segment.size.max = 1048576 (custom)
2019-07-14 04:43:03,663 INFO  server.RaftServerConfigKeys (ConfUtils.java:logGet(43)) - raft.server.log.queue.element-limit = 1024 (custom)
2019-07-14 04:43:03,663 INFO  server.RaftServerConfigKeys (ConfUtils.java:logGet(43)) - raft.server.log.preallocated.size = 16384 (custom)
2019-07-14 04:43:03,663 INFO  server.RaftServerConfigKeys (ConfUtils.java:logGet(43)) - raft.server.log.force.sync.num = 128 (default)
2019-07-14 04:43:03,664 INFO  server.RaftServerConfigKeys (ConfUtils.java:logGet(43)) - raft.server.log.write.buffer.size = 33554432 (custom)
2019-07-14 04:43:03,663 INFO  server.RaftServerConfigKeys (ConfUtils.java:logGet(43)) - raft.server.log.segment.size.max = 1048576 (custom)
2019-07-14 04:43:03,664 INFO  server.RaftServerConfigKeys (ConfUtils.java:logGet(43)) - raft.server.log.force.sync.num = 128 (default)
2019-07-14 04:43:03,664 INFO  server.RaftServerConfigKeys (ConfUtils.java:logGet(43)) - raft.server.log.statemachine.data.sync = true (default)
2019-07-14 04:43:03,664 INFO  server.RaftServerConfigKeys (ConfUtils.java:logGet(43)) - raft.server.log.statemachine.data.sync = true (default)
2019-07-14 04:43:03,664 INFO  server.RaftServerConfigKeys (ConfUtils.java:logGet(43)) - raft.server.log.preallocated.size = 16384 (custom)
2019-07-14 04:43:03,664 INFO  server.RaftServerConfigKeys (ConfUtils.java:logGet(43)) - raft.server.log.statemachine.data.sync.timeout = 10s (default)
2019-07-14 04:43:03,664 INFO  server.RaftServerConfigKeys (ConfUtils.java:logGet(43)) - raft.server.log.statemachine.data.sync.timeout = 10s (default)
2019-07-14 04:43:03,665 INFO  server.RaftServerConfigKeys (ConfUtils.java:logGet(43)) - raft.server.log.statemachine.data.sync.timeout.retry = -1 (default)
2019-07-14 04:43:03,665 INFO  server.RaftServerConfigKeys (ConfUtils.java:logGet(43)) - raft.server.log.write.buffer.size = 33554432 (custom)
2019-07-14 04:43:03,665 INFO  server.RaftServerConfigKeys (ConfUtils.java:logGet(43)) - raft.server.log.statemachine.data.caching.enabled = true (custom)
2019-07-14 04:43:03,665 INFO  server.RaftServerConfigKeys (ConfUtils.java:logGet(43)) - raft.server.log.statemachine.data.sync.timeout.retry = -1 (default)
2019-07-14 04:43:03,665 INFO  server.RaftServerConfigKeys (ConfUtils.java:logGet(43)) - raft.server.log.force.sync.num = 128 (default)
2019-07-14 04:43:03,666 INFO  segmented.SegmentedRaftLogWorker (SegmentedRaftLogWorker.java:lambda$new$0(132)) - b26b0bf7-41ce-424a-82ff-6d42a44b8232-SegmentedRaftLogWorker:Storage Directory /tmp/workdir/hadoop-ozone/integration-test/target/test-dir/MiniOzoneClusterImpl-cde32a4e-e365-4eba-9bc1-7f9b124dac02/datanode-4/data/ratis/62b44c85-4f40-40a0-9dd9-e34c277aca5c: flushIndex: setUnconditionally 0 -> -1
2019-07-14 04:43:03,666 INFO  server.RaftServerConfigKeys (ConfUtils.java:logGet(43)) - raft.server.log.statemachine.data.caching.enabled = true (custom)
2019-07-14 04:43:03,666 INFO  server.RaftServerConfigKeys (ConfUtils.java:logGet(43)) - raft.server.log.statemachine.data.sync = true (default)
2019-07-14 04:43:03,666 INFO  segmented.SegmentedRaftLogWorker (SegmentedRaftLogWorker.java:lambda$new$0(132)) - 36fa793a-8181-4835-8542-419b2c9663e3-SegmentedRaftLogWorker:Storage Directory /tmp/workdir/hadoop-ozone/integration-test/target/test-dir/MiniOzoneClusterImpl-cde32a4e-e365-4eba-9bc1-7f9b124dac02/datanode-3/data/ratis/62b44c85-4f40-40a0-9dd9-e34c277aca5c: flushIndex: setUnconditionally 0 -> -1
2019-07-14 04:43:03,666 INFO  server.RaftServerConfigKeys (ConfUtils.java:logGet(43)) - raft.server.snapshot.auto.trigger.enabled = true (custom)
2019-07-14 04:43:03,667 INFO  server.RaftServerConfigKeys (ConfUtils.java:logGet(43)) - raft.server.log.statemachine.data.sync.timeout = 10s (default)
2019-07-14 04:43:03,667 INFO  server.RaftServerConfigKeys (ConfUtils.java:logGet(43)) - raft.server.snapshot.auto.trigger.threshold = 10000 (custom)
2019-07-14 04:43:03,667 INFO  server.RaftServerConfigKeys (ConfUtils.java:logGet(43)) - raft.server.snapshot.auto.trigger.enabled = true (custom)
2019-07-14 04:43:03,667 INFO  server.RaftServerConfigKeys (ConfUtils.java:logGet(43)) - raft.server.retrycache.expirytime = 600000ms (custom)
2019-07-14 04:43:03,667 INFO  server.RaftServerConfigKeys (ConfUtils.java:logGet(43)) - raft.server.log.statemachine.data.sync.timeout.retry = -1 (default)
2019-07-14 04:43:03,667 INFO  impl.RaftServerImpl (RaftServerImpl.java:start(180)) - b26b0bf7-41ce-424a-82ff-6d42a44b8232: start group-E34C277ACA5C
2019-07-14 04:43:03,667 INFO  server.RaftServerConfigKeys (ConfUtils.java:logGet(43)) - raft.server.snapshot.auto.trigger.threshold = 10000 (custom)
2019-07-14 04:43:03,668 INFO  impl.RaftServerImpl (RaftServerImpl.java:setRole(171)) - b26b0bf7-41ce-424a-82ff-6d42a44b8232:group-E34C277ACA5C changes role from null to FOLLOWER at term 0 for startAsFollower
2019-07-14 04:43:03,668 INFO  server.RaftServerConfigKeys (ConfUtils.java:logGet(43)) - raft.server.log.statemachine.data.caching.enabled = true (custom)
2019-07-14 04:43:03,668 INFO  impl.RoleInfo (RoleInfo.java:updateAndGet(143)) - b26b0bf7-41ce-424a-82ff-6d42a44b8232: start FollowerState
2019-07-14 04:43:03,668 INFO  server.RaftServerConfigKeys (ConfUtils.java:logGet(43)) - raft.server.retrycache.expirytime = 600000ms (custom)
2019-07-14 04:43:03,668 INFO  segmented.SegmentedRaftLogWorker (SegmentedRaftLogWorker.java:lambda$new$0(132)) - ce2b87ac-94ff-4d1f-8ba8-ab32d1173b60-SegmentedRaftLogWorker:Storage Directory /tmp/workdir/hadoop-ozone/integration-test/target/test-dir/MiniOzoneClusterImpl-cde32a4e-e365-4eba-9bc1-7f9b124dac02/datanode-0/data/ratis/62b44c85-4f40-40a0-9dd9-e34c277aca5c: flushIndex: setUnconditionally 0 -> -1
2019-07-14 04:43:03,668 INFO  impl.RaftServerImpl (RaftServerImpl.java:start(180)) - 36fa793a-8181-4835-8542-419b2c9663e3: start group-E34C277ACA5C
2019-07-14 04:43:03,669 INFO  impl.RaftServerImpl (RaftServerImpl.java:setRole(171)) - 36fa793a-8181-4835-8542-419b2c9663e3:group-E34C277ACA5C changes role from null to FOLLOWER at term 0 for startAsFollower
2019-07-14 04:43:03,669 INFO  util.JmxRegister (JmxRegister.java:tryRegister(44)) - Successfully registered JMX Bean with object name Ratis:service=RaftServer,group=group-E34C277ACA5C,id=b26b0bf7-41ce-424a-82ff-6d42a44b8232
2019-07-14 04:43:03,669 INFO  impl.RoleInfo (RoleInfo.java:updateAndGet(143)) - 36fa793a-8181-4835-8542-419b2c9663e3: start FollowerState
2019-07-14 04:43:03,669 INFO  server.RaftServerConfigKeys (ConfUtils.java:logGet(43)) - raft.server.snapshot.auto.trigger.enabled = true (custom)
2019-07-14 04:43:03,669 INFO  server.RaftServerConfigKeys (ConfUtils.java:logGet(43)) - raft.server.snapshot.auto.trigger.threshold = 10000 (custom)
2019-07-14 04:43:03,669 INFO  util.JmxRegister (JmxRegister.java:tryRegister(44)) - Successfully registered JMX Bean with object name Ratis:service=RaftServer,group=group-E34C277ACA5C,id=36fa793a-8181-4835-8542-419b2c9663e3
2019-07-14 04:43:03,669 INFO  server.RaftServerConfigKeys (ConfUtils.java:logGet(43)) - raft.server.retrycache.expirytime = 600000ms (custom)
2019-07-14 04:43:03,670 INFO  impl.RaftServerImpl (RaftServerImpl.java:start(180)) - ce2b87ac-94ff-4d1f-8ba8-ab32d1173b60: start group-E34C277ACA5C
2019-07-14 04:43:03,670 INFO  impl.RaftServerImpl (RaftServerImpl.java:setRole(171)) - ce2b87ac-94ff-4d1f-8ba8-ab32d1173b60:group-E34C277ACA5C changes role from null to FOLLOWER at term 0 for startAsFollower
2019-07-14 04:43:03,670 INFO  impl.RoleInfo (RoleInfo.java:updateAndGet(143)) - ce2b87ac-94ff-4d1f-8ba8-ab32d1173b60: start FollowerState
2019-07-14 04:43:03,671 INFO  util.JmxRegister (JmxRegister.java:tryRegister(44)) - Successfully registered JMX Bean with object name Ratis:service=RaftServer,group=group-E34C277ACA5C,id=ce2b87ac-94ff-4d1f-8ba8-ab32d1173b60
2019-07-14 04:43:03,696 INFO  pipeline.PipelineStateManager (PipelineStateManager.java:addPipeline(56)) - Created pipeline Pipeline[ Id: 62b44c85-4f40-40a0-9dd9-e34c277aca5c, Nodes: 36fa793a-8181-4835-8542-419b2c9663e3{ip: 192.168.5.157, host: trunk-nightly-6h29n-2077950039, networkLocation: /default-rack, certSerialId: null}ce2b87ac-94ff-4d1f-8ba8-ab32d1173b60{ip: 192.168.5.157, host: trunk-nightly-6h29n-2077950039, networkLocation: /default-rack, certSerialId: null}b26b0bf7-41ce-424a-82ff-6d42a44b8232{ip: 192.168.5.157, host: trunk-nightly-6h29n-2077950039, networkLocation: /default-rack, certSerialId: null}, Type:RATIS, Factor:THREE, State:OPEN]
2019-07-14 04:43:03,731 INFO  rpc.RpcClient (RpcClient.java:createVolume(287)) - Creating Volume: testblockoutputstreamwithretries, with jenkins1000 as owner.
2019-07-14 04:43:03,772 INFO  rpc.RpcClient (RpcClient.java:createBucket(424)) - Creating Bucket: testblockoutputstreamwithretries/testblockoutputstreamwithretries, with Versioning false and Storage Type set to DISK and Encryption set to false 
2019-07-14 04:43:04,036 INFO  client.GrpcClientProtocolClient (GrpcClientProtocolClient.java:onNext(255)) - client-42D3A250B957->a490aa72-b079-4a27-a857-8651cf52422d: receive RaftClientReply:client-42D3A250B957->a490aa72-b079-4a27-a857-8651cf52422d@group-C6C8E090056C, cid=13, FAILED org.apache.ratis.protocol.NotLeaderException: Server a490aa72-b079-4a27-a857-8651cf52422d is not the leader (null). Request must be sent to leader., logIndex=0, commits[a490aa72-b079-4a27-a857-8651cf52422d:c-1]
2019-07-14 04:43:04,760 INFO  container.ReplicationManager (ReplicationManager.java:start(155)) - Starting Replication Monitor Thread.
2019-07-14 04:43:04,765 INFO  container.ReplicationManager (ReplicationManager.java:run(207)) - Replication Monitor Thread took 4 milliseconds for processing 1 containers.
2019-07-14 04:43:05,094 INFO  client.GrpcClientProtocolClient (GrpcClientProtocolClient.java:onNext(255)) - client-42D3A250B957->60a1f487-3869-438b-9653-4786ac435c84: receive RaftClientReply:client-42D3A250B957->60a1f487-3869-438b-9653-4786ac435c84@group-C6C8E090056C, cid=13, FAILED org.apache.ratis.protocol.NotLeaderException: Server 60a1f487-3869-438b-9653-4786ac435c84 is not the leader (null). Request must be sent to leader., logIndex=0, commits[60a1f487-3869-438b-9653-4786ac435c84:c-1]
2019-07-14 04:43:06,124 INFO  client.GrpcClientProtocolClient (GrpcClientProtocolClient.java:onNext(255)) - client-42D3A250B957->81f2cfd3-4e6d-4976-acdf-5fc3d3480df9: receive RaftClientReply:client-42D3A250B957->81f2cfd3-4e6d-4976-acdf-5fc3d3480df9@group-C6C8E090056C, cid=13, FAILED org.apache.ratis.protocol.NotLeaderException: Server 81f2cfd3-4e6d-4976-acdf-5fc3d3480df9 is not the leader (null). Request must be sent to leader., logIndex=0, commits[81f2cfd3-4e6d-4976-acdf-5fc3d3480df9:c-1]
2019-07-14 04:43:07,148 INFO  client.GrpcClientProtocolClient (GrpcClientProtocolClient.java:onNext(255)) - client-42D3A250B957->a490aa72-b079-4a27-a857-8651cf52422d: receive RaftClientReply:client-42D3A250B957->a490aa72-b079-4a27-a857-8651cf52422d@group-C6C8E090056C, cid=13, FAILED org.apache.ratis.protocol.NotLeaderException: Server a490aa72-b079-4a27-a857-8651cf52422d is not the leader (null). Request must be sent to leader., logIndex=0, commits[a490aa72-b079-4a27-a857-8651cf52422d:c-1]
2019-07-14 04:43:07,975 INFO  impl.FollowerState (FollowerState.java:run(106)) - ce2b87ac-94ff-4d1f-8ba8-ab32d1173b60:group-E06EB8B2CC0B changes to CANDIDATE, lastRpcTime:5110, electionTimeout:5109ms
2019-07-14 04:43:07,976 INFO  impl.RoleInfo (RoleInfo.java:shutdownFollowerState(121)) - ce2b87ac-94ff-4d1f-8ba8-ab32d1173b60: shutdown FollowerState
2019-07-14 04:43:07,976 INFO  impl.RaftServerImpl (RaftServerImpl.java:setRole(171)) - ce2b87ac-94ff-4d1f-8ba8-ab32d1173b60:group-E06EB8B2CC0B changes role from FOLLOWER to CANDIDATE at term 0 for changeToCandidate
2019-07-14 04:43:07,983 INFO  impl.RoleInfo (RoleInfo.java:updateAndGet(143)) - ce2b87ac-94ff-4d1f-8ba8-ab32d1173b60: start LeaderElection
2019-07-14 04:43:08,006 INFO  impl.LeaderElection (LeaderElection.java:askForVotes(181)) - ce2b87ac-94ff-4d1f-8ba8-ab32d1173b60:group-E06EB8B2CC0B:LeaderElection1: begin an election at term 1 for -1: [ce2b87ac-94ff-4d1f-8ba8-ab32d1173b60:192.168.5.157:34774], old=null
2019-07-14 04:43:08,008 INFO  impl.RoleInfo (RoleInfo.java:shutdownLeaderElection(134)) - ce2b87ac-94ff-4d1f-8ba8-ab32d1173b60: shutdown LeaderElection
2019-07-14 04:43:08,009 INFO  impl.RaftServerImpl (RaftServerImpl.java:setRole(171)) - ce2b87ac-94ff-4d1f-8ba8-ab32d1173b60:group-E06EB8B2CC0B changes role from CANDIDATE to LEADER at term 1 for changeToLeader
2019-07-14 04:43:08,009 INFO  impl.RaftServerImpl (ServerState.java:setLeader(263)) - ce2b87ac-94ff-4d1f-8ba8-ab32d1173b60:group-E06EB8B2CC0B change Leader from null to ce2b87ac-94ff-4d1f-8ba8-ab32d1173b60 at term 1 for becomeLeader, leader elected after 5221ms
2019-07-14 04:43:08,019 INFO  server.RaftServerConfigKeys (ConfUtils.java:logGet(43)) - raft.server.staging.catchup.gap = 1000 (default)
2019-07-14 04:43:08,019 INFO  server.RaftServerConfigKeys (ConfUtils.java:logGet(43)) - raft.server.rpc.sleep.time = 25ms (default)
2019-07-14 04:43:08,023 INFO  server.RaftServerConfigKeys (ConfUtils.java:logGet(43)) - raft.server.write.element-limit = 4096 (default)
2019-07-14 04:43:08,026 INFO  server.RaftServerConfigKeys (ConfUtils.java:logGet(43)) - raft.server.watch.timeout = 10s (default)
2019-07-14 04:43:08,026 INFO  server.RaftServerConfigKeys (ConfUtils.java:logGet(43)) - raft.server.watch.timeout.denomination = 1s (default)
2019-07-14 04:43:08,028 INFO  server.RaftServerConfigKeys (ConfUtils.java:logGet(43)) - raft.server.watch.element-limit = 65536 (default)
2019-07-14 04:43:08,042 INFO  impl.RoleInfo (RoleInfo.java:updateAndGet(143)) - ce2b87ac-94ff-4d1f-8ba8-ab32d1173b60: start LeaderState
2019-07-14 04:43:08,072 INFO  segmented.SegmentedRaftLogWorker (SegmentedRaftLogWorker.java:startLogSegment(380)) - ce2b87ac-94ff-4d1f-8ba8-ab32d1173b60-SegmentedRaftLogWorker:Storage Directory /tmp/workdir/hadoop-ozone/integration-test/target/test-dir/MiniOzoneClusterImpl-cde32a4e-e365-4eba-9bc1-7f9b124dac02/datanode-0/data/ratis/a9cc547e-8fba-42b1-b158-e06eb8b2cc0b: Starting segment from index:0
2019-07-14 04:43:08,084 INFO  impl.RaftServerImpl (ServerState.java:setRaftConf(361)) - ce2b87ac-94ff-4d1f-8ba8-ab32d1173b60:group-E06EB8B2CC0B set configuration 0: [ce2b87ac-94ff-4d1f-8ba8-ab32d1173b60:192.168.5.157:34774], old=null at 0
2019-07-14 04:43:08,084 INFO  impl.FollowerState (FollowerState.java:run(106)) - a490aa72-b079-4a27-a857-8651cf52422d:group-4DDE6740278D changes to CANDIDATE, lastRpcTime:5031, electionTimeout:5030ms
2019-07-14 04:43:08,086 INFO  impl.RoleInfo (RoleInfo.java:shutdownFollowerState(121)) - a490aa72-b079-4a27-a857-8651cf52422d: shutdown FollowerState
2019-07-14 04:43:08,087 INFO  impl.RaftServerImpl (RaftServerImpl.java:setRole(171)) - a490aa72-b079-4a27-a857-8651cf52422d:group-4DDE6740278D changes role from FOLLOWER to CANDIDATE at term 0 for changeToCandidate
2019-07-14 04:43:08,087 INFO  impl.RoleInfo (RoleInfo.java:updateAndGet(143)) - a490aa72-b079-4a27-a857-8651cf52422d: start LeaderElection
2019-07-14 04:43:08,104 INFO  impl.LeaderElection (LeaderElection.java:askForVotes(181)) - a490aa72-b079-4a27-a857-8651cf52422d:group-4DDE6740278D:LeaderElection2: begin an election at term 1 for -1: [a490aa72-b079-4a27-a857-8651cf52422d:192.168.5.157:35222], old=null
2019-07-14 04:43:08,106 INFO  impl.RoleInfo (RoleInfo.java:shutdownLeaderElection(134)) - a490aa72-b079-4a27-a857-8651cf52422d: shutdown LeaderElection
2019-07-14 04:43:08,106 INFO  impl.RaftServerImpl (RaftServerImpl.java:setRole(171)) - a490aa72-b079-4a27-a857-8651cf52422d:group-4DDE6740278D changes role from CANDIDATE to LEADER at term 1 for changeToLeader
2019-07-14 04:43:08,106 INFO  impl.RaftServerImpl (ServerState.java:setLeader(263)) - a490aa72-b079-4a27-a857-8651cf52422d:group-4DDE6740278D change Leader from null to a490aa72-b079-4a27-a857-8651cf52422d at term 1 for becomeLeader, leader elected after 5059ms
2019-07-14 04:43:08,108 INFO  server.RaftServerConfigKeys (ConfUtils.java:logGet(43)) - raft.server.staging.catchup.gap = 1000 (default)
2019-07-14 04:43:08,108 INFO  server.RaftServerConfigKeys (ConfUtils.java:logGet(43)) - raft.server.rpc.sleep.time = 25ms (default)
2019-07-14 04:43:08,108 INFO  server.RaftServerConfigKeys (ConfUtils.java:logGet(43)) - raft.server.write.element-limit = 4096 (default)
2019-07-14 04:43:08,108 INFO  server.RaftServerConfigKeys (ConfUtils.java:logGet(43)) - raft.server.watch.timeout = 10s (default)
2019-07-14 04:43:08,109 INFO  server.RaftServerConfigKeys (ConfUtils.java:logGet(43)) - raft.server.watch.timeout.denomination = 1s (default)
2019-07-14 04:43:08,109 INFO  server.RaftServerConfigKeys (ConfUtils.java:logGet(43)) - raft.server.watch.element-limit = 65536 (default)
2019-07-14 04:43:08,109 INFO  impl.RoleInfo (RoleInfo.java:updateAndGet(143)) - a490aa72-b079-4a27-a857-8651cf52422d: start LeaderState
2019-07-14 04:43:08,109 INFO  segmented.SegmentedRaftLogWorker (SegmentedRaftLogWorker.java:startLogSegment(380)) - a490aa72-b079-4a27-a857-8651cf52422d-SegmentedRaftLogWorker:Storage Directory /tmp/workdir/hadoop-ozone/integration-test/target/test-dir/MiniOzoneClusterImpl-cde32a4e-e365-4eba-9bc1-7f9b124dac02/datanode-1/data/ratis/a697732e-deba-4ff5-ab58-4dde6740278d: Starting segment from index:0
2019-07-14 04:43:08,110 INFO  impl.RaftServerImpl (ServerState.java:setRaftConf(361)) - a490aa72-b079-4a27-a857-8651cf52422d:group-4DDE6740278D set configuration 0: [a490aa72-b079-4a27-a857-8651cf52422d:192.168.5.157:35222], old=null at 0
2019-07-14 04:43:08,161 INFO  impl.FollowerState (FollowerState.java:run(106)) - 81f2cfd3-4e6d-4976-acdf-5fc3d3480df9:group-A66DA8E8E0DB changes to CANDIDATE, lastRpcTime:5036, electionTimeout:5036ms
2019-07-14 04:43:08,161 INFO  impl.RoleInfo (RoleInfo.java:shutdownFollowerState(121)) - 81f2cfd3-4e6d-4976-acdf-5fc3d3480df9: shutdown FollowerState
2019-07-14 04:43:08,161 INFO  impl.RaftServerImpl (RaftServerImpl.java:setRole(171)) - 81f2cfd3-4e6d-4976-acdf-5fc3d3480df9:group-A66DA8E8E0DB changes role from FOLLOWER to CANDIDATE at term 0 for changeToCandidate
2019-07-14 04:43:08,162 INFO  impl.RoleInfo (RoleInfo.java:updateAndGet(143)) - 81f2cfd3-4e6d-4976-acdf-5fc3d3480df9: start LeaderElection
2019-07-14 04:43:08,180 INFO  client.GrpcClientProtocolClient (GrpcClientProtocolClient.java:onNext(255)) - client-42D3A250B957->60a1f487-3869-438b-9653-4786ac435c84: receive RaftClientReply:client-42D3A250B957->60a1f487-3869-438b-9653-4786ac435c84@group-C6C8E090056C, cid=13, FAILED org.apache.ratis.protocol.NotLeaderException: Server 60a1f487-3869-438b-9653-4786ac435c84 is not the leader (null). Request must be sent to leader., logIndex=0, commits[60a1f487-3869-438b-9653-4786ac435c84:c-1]
2019-07-14 04:43:08,186 INFO  impl.LeaderElection (LeaderElection.java:askForVotes(181)) - 81f2cfd3-4e6d-4976-acdf-5fc3d3480df9:group-A66DA8E8E0DB:LeaderElection3: begin an election at term 1 for -1: [81f2cfd3-4e6d-4976-acdf-5fc3d3480df9:192.168.5.157:36380], old=null
2019-07-14 04:43:08,186 INFO  impl.RoleInfo (RoleInfo.java:shutdownLeaderElection(134)) - 81f2cfd3-4e6d-4976-acdf-5fc3d3480df9: shutdown LeaderElection
2019-07-14 04:43:08,186 INFO  impl.RaftServerImpl (RaftServerImpl.java:setRole(171)) - 81f2cfd3-4e6d-4976-acdf-5fc3d3480df9:group-A66DA8E8E0DB changes role from CANDIDATE to LEADER at term 1 for changeToLeader
2019-07-14 04:43:08,186 INFO  impl.RaftServerImpl (ServerState.java:setLeader(263)) - 81f2cfd3-4e6d-4976-acdf-5fc3d3480df9:group-A66DA8E8E0DB change Leader from null to 81f2cfd3-4e6d-4976-acdf-5fc3d3480df9 at term 1 for becomeLeader, leader elected after 5065ms
2019-07-14 04:43:08,188 INFO  server.RaftServerConfigKeys (ConfUtils.java:logGet(43)) - raft.server.staging.catchup.gap = 1000 (default)
2019-07-14 04:43:08,188 INFO  server.RaftServerConfigKeys (ConfUtils.java:logGet(43)) - raft.server.rpc.sleep.time = 25ms (default)
2019-07-14 04:43:08,191 INFO  server.RaftServerConfigKeys (ConfUtils.java:logGet(43)) - raft.server.write.element-limit = 4096 (default)
2019-07-14 04:43:08,191 INFO  server.RaftServerConfigKeys (ConfUtils.java:logGet(43)) - raft.server.watch.timeout = 10s (default)
2019-07-14 04:43:08,191 INFO  server.RaftServerConfigKeys (ConfUtils.java:logGet(43)) - raft.server.watch.timeout.denomination = 1s (default)
2019-07-14 04:43:08,191 INFO  server.RaftServerConfigKeys (ConfUtils.java:logGet(43)) - raft.server.watch.element-limit = 65536 (default)
2019-07-14 04:43:08,193 INFO  impl.RoleInfo (RoleInfo.java:updateAndGet(143)) - 81f2cfd3-4e6d-4976-acdf-5fc3d3480df9: start LeaderState
2019-07-14 04:43:08,193 INFO  segmented.SegmentedRaftLogWorker (SegmentedRaftLogWorker.java:startLogSegment(380)) - 81f2cfd3-4e6d-4976-acdf-5fc3d3480df9-SegmentedRaftLogWorker:Storage Directory /tmp/workdir/hadoop-ozone/integration-test/target/test-dir/MiniOzoneClusterImpl-cde32a4e-e365-4eba-9bc1-7f9b124dac02/datanode-5/data/ratis/5b7b22cd-1c68-4bcb-a623-a66da8e8e0db: Starting segment from index:0
2019-07-14 04:43:08,194 INFO  impl.RaftServerImpl (ServerState.java:setRaftConf(361)) - 81f2cfd3-4e6d-4976-acdf-5fc3d3480df9:group-A66DA8E8E0DB set configuration 0: [81f2cfd3-4e6d-4976-acdf-5fc3d3480df9:192.168.5.157:36380], old=null at 0
2019-07-14 04:43:08,305 INFO  segmented.SegmentedRaftLogWorker (SegmentedRaftLogWorker.java:execute(569)) - ce2b87ac-94ff-4d1f-8ba8-ab32d1173b60-SegmentedRaftLogWorker:Storage Directory /tmp/workdir/hadoop-ozone/integration-test/target/test-dir/MiniOzoneClusterImpl-cde32a4e-e365-4eba-9bc1-7f9b124dac02/datanode-0/data/ratis/a9cc547e-8fba-42b1-b158-e06eb8b2cc0b: created new log segment /tmp/workdir/hadoop-ozone/integration-test/target/test-dir/MiniOzoneClusterImpl-cde32a4e-e365-4eba-9bc1-7f9b124dac02/datanode-0/data/ratis/a9cc547e-8fba-42b1-b158-e06eb8b2cc0b/current/log_inprogress_0
2019-07-14 04:43:08,305 INFO  segmented.SegmentedRaftLogWorker (SegmentedRaftLogWorker.java:execute(569)) - a490aa72-b079-4a27-a857-8651cf52422d-SegmentedRaftLogWorker:Storage Directory /tmp/workdir/hadoop-ozone/integration-test/target/test-dir/MiniOzoneClusterImpl-cde32a4e-e365-4eba-9bc1-7f9b124dac02/datanode-1/data/ratis/a697732e-deba-4ff5-ab58-4dde6740278d: created new log segment /tmp/workdir/hadoop-ozone/integration-test/target/test-dir/MiniOzoneClusterImpl-cde32a4e-e365-4eba-9bc1-7f9b124dac02/datanode-1/data/ratis/a697732e-deba-4ff5-ab58-4dde6740278d/current/log_inprogress_0
2019-07-14 04:43:08,305 INFO  segmented.SegmentedRaftLogWorker (SegmentedRaftLogWorker.java:execute(569)) - 81f2cfd3-4e6d-4976-acdf-5fc3d3480df9-SegmentedRaftLogWorker:Storage Directory /tmp/workdir/hadoop-ozone/integration-test/target/test-dir/MiniOzoneClusterImpl-cde32a4e-e365-4eba-9bc1-7f9b124dac02/datanode-5/data/ratis/5b7b22cd-1c68-4bcb-a623-a66da8e8e0db: created new log segment /tmp/workdir/hadoop-ozone/integration-test/target/test-dir/MiniOzoneClusterImpl-cde32a4e-e365-4eba-9bc1-7f9b124dac02/datanode-5/data/ratis/5b7b22cd-1c68-4bcb-a623-a66da8e8e0db/current/log_inprogress_0
2019-07-14 04:43:08,376 INFO  impl.FollowerState (FollowerState.java:run(106)) - 36fa793a-8181-4835-8542-419b2c9663e3:group-9AFB7281D227 changes to CANDIDATE, lastRpcTime:5186, electionTimeout:5186ms
2019-07-14 04:43:08,378 INFO  impl.RoleInfo (RoleInfo.java:shutdownFollowerState(121)) - 36fa793a-8181-4835-8542-419b2c9663e3: shutdown FollowerState
2019-07-14 04:43:08,378 INFO  impl.RaftServerImpl (RaftServerImpl.java:setRole(171)) - 36fa793a-8181-4835-8542-419b2c9663e3:group-9AFB7281D227 changes role from FOLLOWER to CANDIDATE at term 0 for changeToCandidate
2019-07-14 04:43:08,379 INFO  impl.RoleInfo (RoleInfo.java:updateAndGet(143)) - 36fa793a-8181-4835-8542-419b2c9663e3: start LeaderElection
2019-07-14 04:43:08,398 INFO  impl.LeaderElection (LeaderElection.java:askForVotes(181)) - 36fa793a-8181-4835-8542-419b2c9663e3:group-9AFB7281D227:LeaderElection4: begin an election at term 1 for -1: [36fa793a-8181-4835-8542-419b2c9663e3:192.168.5.157:33357], old=null
2019-07-14 04:43:08,400 INFO  impl.RoleInfo (RoleInfo.java:shutdownLeaderElection(134)) - 36fa793a-8181-4835-8542-419b2c9663e3: shutdown LeaderElection
2019-07-14 04:43:08,400 INFO  impl.RaftServerImpl (RaftServerImpl.java:setRole(171)) - 36fa793a-8181-4835-8542-419b2c9663e3:group-9AFB7281D227 changes role from CANDIDATE to LEADER at term 1 for changeToLeader
2019-07-14 04:43:08,400 INFO  impl.RaftServerImpl (ServerState.java:setLeader(263)) - 36fa793a-8181-4835-8542-419b2c9663e3:group-9AFB7281D227 change Leader from null to 36fa793a-8181-4835-8542-419b2c9663e3 at term 1 for becomeLeader, leader elected after 5214ms
2019-07-14 04:43:08,402 INFO  server.RaftServerConfigKeys (ConfUtils.java:logGet(43)) - raft.server.staging.catchup.gap = 1000 (default)
2019-07-14 04:43:08,403 INFO  server.RaftServerConfigKeys (ConfUtils.java:logGet(43)) - raft.server.rpc.sleep.time = 25ms (default)
2019-07-14 04:43:08,403 INFO  server.RaftServerConfigKeys (ConfUtils.java:logGet(43)) - raft.server.write.element-limit = 4096 (default)
2019-07-14 04:43:08,403 INFO  server.RaftServerConfigKeys (ConfUtils.java:logGet(43)) - raft.server.watch.timeout = 10s (default)
2019-07-14 04:43:08,403 INFO  server.RaftServerConfigKeys (ConfUtils.java:logGet(43)) - raft.server.watch.timeout.denomination = 1s (default)
2019-07-14 04:43:08,404 INFO  server.RaftServerConfigKeys (ConfUtils.java:logGet(43)) - raft.server.watch.element-limit = 65536 (default)
2019-07-14 04:43:08,405 INFO  impl.RoleInfo (RoleInfo.java:updateAndGet(143)) - 36fa793a-8181-4835-8542-419b2c9663e3: start LeaderState
2019-07-14 04:43:08,405 INFO  segmented.SegmentedRaftLogWorker (SegmentedRaftLogWorker.java:startLogSegment(380)) - 36fa793a-8181-4835-8542-419b2c9663e3-SegmentedRaftLogWorker:Storage Directory /tmp/workdir/hadoop-ozone/integration-test/target/test-dir/MiniOzoneClusterImpl-cde32a4e-e365-4eba-9bc1-7f9b124dac02/datanode-3/data/ratis/10a8ae43-b2a5-461f-bfb9-9afb7281d227: Starting segment from index:0
2019-07-14 04:43:08,408 INFO  impl.RaftServerImpl (ServerState.java:setRaftConf(361)) - 36fa793a-8181-4835-8542-419b2c9663e3:group-9AFB7281D227 set configuration 0: [36fa793a-8181-4835-8542-419b2c9663e3:192.168.5.157:33357], old=null at 0
2019-07-14 04:43:08,432 INFO  segmented.SegmentedRaftLogWorker (SegmentedRaftLogWorker.java:execute(569)) - 36fa793a-8181-4835-8542-419b2c9663e3-SegmentedRaftLogWorker:Storage Directory /tmp/workdir/hadoop-ozone/integration-test/target/test-dir/MiniOzoneClusterImpl-cde32a4e-e365-4eba-9bc1-7f9b124dac02/datanode-3/data/ratis/10a8ae43-b2a5-461f-bfb9-9afb7281d227: created new log segment /tmp/workdir/hadoop-ozone/integration-test/target/test-dir/MiniOzoneClusterImpl-cde32a4e-e365-4eba-9bc1-7f9b124dac02/datanode-3/data/ratis/10a8ae43-b2a5-461f-bfb9-9afb7281d227/current/log_inprogress_0
2019-07-14 04:43:08,436 INFO  impl.FollowerState (FollowerState.java:run(106)) - 60a1f487-3869-438b-9653-4786ac435c84:group-3FA1DA8182B3 changes to CANDIDATE, lastRpcTime:5151, electionTimeout:5151ms
2019-07-14 04:43:08,436 INFO  impl.RoleInfo (RoleInfo.java:shutdownFollowerState(121)) - 60a1f487-3869-438b-9653-4786ac435c84: shutdown FollowerState
2019-07-14 04:43:08,436 INFO  impl.RaftServerImpl (RaftServerImpl.java:setRole(171)) - 60a1f487-3869-438b-9653-4786ac435c84:group-3FA1DA8182B3 changes role from FOLLOWER to CANDIDATE at term 0 for changeToCandidate
2019-07-14 04:43:08,437 INFO  impl.RoleInfo (RoleInfo.java:updateAndGet(143)) - 60a1f487-3869-438b-9653-4786ac435c84: start LeaderElection
2019-07-14 04:43:08,445 INFO  impl.LeaderElection (LeaderElection.java:askForVotes(181)) - 60a1f487-3869-438b-9653-4786ac435c84:group-3FA1DA8182B3:LeaderElection5: begin an election at term 1 for -1: [60a1f487-3869-438b-9653-4786ac435c84:192.168.5.157:34505], old=null
2019-07-14 04:43:08,447 INFO  impl.RoleInfo (RoleInfo.java:shutdownLeaderElection(134)) - 60a1f487-3869-438b-9653-4786ac435c84: shutdown LeaderElection
2019-07-14 04:43:08,447 INFO  impl.RaftServerImpl (RaftServerImpl.java:setRole(171)) - 60a1f487-3869-438b-9653-4786ac435c84:group-3FA1DA8182B3 changes role from CANDIDATE to LEADER at term 1 for changeToLeader
2019-07-14 04:43:08,447 INFO  impl.RaftServerImpl (ServerState.java:setLeader(263)) - 60a1f487-3869-438b-9653-4786ac435c84:group-3FA1DA8182B3 change Leader from null to 60a1f487-3869-438b-9653-4786ac435c84 at term 1 for becomeLeader, leader elected after 5169ms
2019-07-14 04:43:08,449 INFO  server.RaftServerConfigKeys (ConfUtils.java:logGet(43)) - raft.server.staging.catchup.gap = 1000 (default)
2019-07-14 04:43:08,449 INFO  server.RaftServerConfigKeys (ConfUtils.java:logGet(43)) - raft.server.rpc.sleep.time = 25ms (default)
2019-07-14 04:43:08,449 INFO  server.RaftServerConfigKeys (ConfUtils.java:logGet(43)) - raft.server.write.element-limit = 4096 (default)
2019-07-14 04:43:08,449 INFO  server.RaftServerConfigKeys (ConfUtils.java:logGet(43)) - raft.server.watch.timeout = 10s (default)
2019-07-14 04:43:08,449 INFO  server.RaftServerConfigKeys (ConfUtils.java:logGet(43)) - raft.server.watch.timeout.denomination = 1s (default)
2019-07-14 04:43:08,449 INFO  server.RaftServerConfigKeys (ConfUtils.java:logGet(43)) - raft.server.watch.element-limit = 65536 (default)
2019-07-14 04:43:08,450 INFO  impl.RoleInfo (RoleInfo.java:updateAndGet(143)) - 60a1f487-3869-438b-9653-4786ac435c84: start LeaderState
2019-07-14 04:43:08,450 INFO  segmented.SegmentedRaftLogWorker (SegmentedRaftLogWorker.java:startLogSegment(380)) - 60a1f487-3869-438b-9653-4786ac435c84-SegmentedRaftLogWorker:Storage Directory /tmp/workdir/hadoop-ozone/integration-test/target/test-dir/MiniOzoneClusterImpl-cde32a4e-e365-4eba-9bc1-7f9b124dac02/datanode-6/data/ratis/a8d9320c-ce1d-4d7e-82e4-3fa1da8182b3: Starting segment from index:0
2019-07-14 04:43:08,450 INFO  impl.RaftServerImpl (ServerState.java:setRaftConf(361)) - 60a1f487-3869-438b-9653-4786ac435c84:group-3FA1DA8182B3 set configuration 0: [60a1f487-3869-438b-9653-4786ac435c84:192.168.5.157:34505], old=null at 0
2019-07-14 04:43:08,484 INFO  segmented.SegmentedRaftLogWorker (SegmentedRaftLogWorker.java:execute(569)) - 60a1f487-3869-438b-9653-4786ac435c84-SegmentedRaftLogWorker:Storage Directory /tmp/workdir/hadoop-ozone/integration-test/target/test-dir/MiniOzoneClusterImpl-cde32a4e-e365-4eba-9bc1-7f9b124dac02/datanode-6/data/ratis/a8d9320c-ce1d-4d7e-82e4-3fa1da8182b3: created new log segment /tmp/workdir/hadoop-ozone/integration-test/target/test-dir/MiniOzoneClusterImpl-cde32a4e-e365-4eba-9bc1-7f9b124dac02/datanode-6/data/ratis/a8d9320c-ce1d-4d7e-82e4-3fa1da8182b3/current/log_inprogress_0
2019-07-14 04:43:08,546 INFO  impl.FollowerState (FollowerState.java:run(106)) - b26b0bf7-41ce-424a-82ff-6d42a44b8232:group-41222B22FC41 changes to CANDIDATE, lastRpcTime:5186, electionTimeout:5186ms
2019-07-14 04:43:08,546 INFO  impl.RoleInfo (RoleInfo.java:shutdownFollowerState(121)) - b26b0bf7-41ce-424a-82ff-6d42a44b8232: shutdown FollowerState
2019-07-14 04:43:08,546 INFO  impl.RaftServerImpl (RaftServerImpl.java:setRole(171)) - b26b0bf7-41ce-424a-82ff-6d42a44b8232:group-41222B22FC41 changes role from FOLLOWER to CANDIDATE at term 0 for changeToCandidate
2019-07-14 04:43:08,546 INFO  impl.RoleInfo (RoleInfo.java:updateAndGet(143)) - b26b0bf7-41ce-424a-82ff-6d42a44b8232: start LeaderElection
2019-07-14 04:43:08,565 INFO  impl.LeaderElection (LeaderElection.java:askForVotes(181)) - b26b0bf7-41ce-424a-82ff-6d42a44b8232:group-41222B22FC41:LeaderElection6: begin an election at term 1 for -1: [b26b0bf7-41ce-424a-82ff-6d42a44b8232:192.168.5.157:32955], old=null
2019-07-14 04:43:08,585 INFO  impl.RoleInfo (RoleInfo.java:shutdownLeaderElection(134)) - b26b0bf7-41ce-424a-82ff-6d42a44b8232: shutdown LeaderElection
2019-07-14 04:43:08,586 INFO  impl.RaftServerImpl (RaftServerImpl.java:setRole(171)) - b26b0bf7-41ce-424a-82ff-6d42a44b8232:group-41222B22FC41 changes role from CANDIDATE to LEADER at term 1 for changeToLeader
2019-07-14 04:43:08,586 INFO  impl.RaftServerImpl (ServerState.java:setLeader(263)) - b26b0bf7-41ce-424a-82ff-6d42a44b8232:group-41222B22FC41 change Leader from null to b26b0bf7-41ce-424a-82ff-6d42a44b8232 at term 1 for becomeLeader, leader elected after 5231ms
2019-07-14 04:43:08,588 INFO  server.RaftServerConfigKeys (ConfUtils.java:logGet(43)) - raft.server.staging.catchup.gap = 1000 (default)
2019-07-14 04:43:08,588 INFO  server.RaftServerConfigKeys (ConfUtils.java:logGet(43)) - raft.server.rpc.sleep.time = 25ms (default)
2019-07-14 04:43:08,588 INFO  server.RaftServerConfigKeys (ConfUtils.java:logGet(43)) - raft.server.write.element-limit = 4096 (default)
2019-07-14 04:43:08,588 INFO  server.RaftServerConfigKeys (ConfUtils.java:logGet(43)) - raft.server.watch.timeout = 10s (default)
2019-07-14 04:43:08,589 INFO  server.RaftServerConfigKeys (ConfUtils.java:logGet(43)) - raft.server.watch.timeout.denomination = 1s (default)
2019-07-14 04:43:08,589 INFO  server.RaftServerConfigKeys (ConfUtils.java:logGet(43)) - raft.server.watch.element-limit = 65536 (default)
2019-07-14 04:43:08,589 INFO  impl.RoleInfo (RoleInfo.java:updateAndGet(143)) - b26b0bf7-41ce-424a-82ff-6d42a44b8232: start LeaderState
2019-07-14 04:43:08,589 INFO  segmented.SegmentedRaftLogWorker (SegmentedRaftLogWorker.java:startLogSegment(380)) - b26b0bf7-41ce-424a-82ff-6d42a44b8232-SegmentedRaftLogWorker:Storage Directory /tmp/workdir/hadoop-ozone/integration-test/target/test-dir/MiniOzoneClusterImpl-cde32a4e-e365-4eba-9bc1-7f9b124dac02/datanode-4/data/ratis/c86d0e62-dcf0-4a80-948c-41222b22fc41: Starting segment from index:0
2019-07-14 04:43:08,590 INFO  impl.RaftServerImpl (ServerState.java:setRaftConf(361)) - b26b0bf7-41ce-424a-82ff-6d42a44b8232:group-41222B22FC41 set configuration 0: [b26b0bf7-41ce-424a-82ff-6d42a44b8232:192.168.5.157:32955], old=null at 0
2019-07-14 04:43:08,612 INFO  impl.FollowerState (FollowerState.java:run(106)) - 8da3dc15-2a6c-4843-89b6-6adf41d92897:group-FE84EE738D4F changes to CANDIDATE, lastRpcTime:5185, electionTimeout:5185ms
2019-07-14 04:43:08,614 INFO  impl.RoleInfo (RoleInfo.java:shutdownFollowerState(121)) - 8da3dc15-2a6c-4843-89b6-6adf41d92897: shutdown FollowerState
2019-07-14 04:43:08,614 INFO  impl.RaftServerImpl (RaftServerImpl.java:setRole(171)) - 8da3dc15-2a6c-4843-89b6-6adf41d92897:group-FE84EE738D4F changes role from FOLLOWER to CANDIDATE at term 0 for changeToCandidate
2019-07-14 04:43:08,614 INFO  impl.RoleInfo (RoleInfo.java:updateAndGet(143)) - 8da3dc15-2a6c-4843-89b6-6adf41d92897: start LeaderElection
2019-07-14 04:43:08,623 INFO  segmented.SegmentedRaftLogWorker (SegmentedRaftLogWorker.java:execute(569)) - b26b0bf7-41ce-424a-82ff-6d42a44b8232-SegmentedRaftLogWorker:Storage Directory /tmp/workdir/hadoop-ozone/integration-test/target/test-dir/MiniOzoneClusterImpl-cde32a4e-e365-4eba-9bc1-7f9b124dac02/datanode-4/data/ratis/c86d0e62-dcf0-4a80-948c-41222b22fc41: created new log segment /tmp/workdir/hadoop-ozone/integration-test/target/test-dir/MiniOzoneClusterImpl-cde32a4e-e365-4eba-9bc1-7f9b124dac02/datanode-4/data/ratis/c86d0e62-dcf0-4a80-948c-41222b22fc41/current/log_inprogress_0
2019-07-14 04:43:08,626 INFO  impl.LeaderElection (LeaderElection.java:askForVotes(181)) - 8da3dc15-2a6c-4843-89b6-6adf41d92897:group-FE84EE738D4F:LeaderElection7: begin an election at term 1 for -1: [8da3dc15-2a6c-4843-89b6-6adf41d92897:192.168.5.157:34978], old=null
2019-07-14 04:43:08,626 INFO  impl.RoleInfo (RoleInfo.java:shutdownLeaderElection(134)) - 8da3dc15-2a6c-4843-89b6-6adf41d92897: shutdown LeaderElection
2019-07-14 04:43:08,626 INFO  impl.RaftServerImpl (RaftServerImpl.java:setRole(171)) - 8da3dc15-2a6c-4843-89b6-6adf41d92897:group-FE84EE738D4F changes role from CANDIDATE to LEADER at term 1 for changeToLeader
2019-07-14 04:43:08,626 INFO  impl.RaftServerImpl (ServerState.java:setLeader(263)) - 8da3dc15-2a6c-4843-89b6-6adf41d92897:group-FE84EE738D4F change Leader from null to 8da3dc15-2a6c-4843-89b6-6adf41d92897 at term 1 for becomeLeader, leader elected after 5205ms
2019-07-14 04:43:08,629 INFO  server.RaftServerConfigKeys (ConfUtils.java:logGet(43)) - raft.server.staging.catchup.gap = 1000 (default)
2019-07-14 04:43:08,629 INFO  server.RaftServerConfigKeys (ConfUtils.java:logGet(43)) - raft.server.rpc.sleep.time = 25ms (default)
2019-07-14 04:43:08,629 INFO  server.RaftServerConfigKeys (ConfUtils.java:logGet(43)) - raft.server.write.element-limit = 4096 (default)
2019-07-14 04:43:08,629 INFO  server.RaftServerConfigKeys (ConfUtils.java:logGet(43)) - raft.server.watch.timeout = 10s (default)
2019-07-14 04:43:08,630 INFO  server.RaftServerConfigKeys (ConfUtils.java:logGet(43)) - raft.server.watch.timeout.denomination = 1s (default)
2019-07-14 04:43:08,630 INFO  server.RaftServerConfigKeys (ConfUtils.java:logGet(43)) - raft.server.watch.element-limit = 65536 (default)
2019-07-14 04:43:08,630 INFO  impl.RoleInfo (RoleInfo.java:updateAndGet(143)) - 8da3dc15-2a6c-4843-89b6-6adf41d92897: start LeaderState
2019-07-14 04:43:08,630 INFO  segmented.SegmentedRaftLogWorker (SegmentedRaftLogWorker.java:startLogSegment(380)) - 8da3dc15-2a6c-4843-89b6-6adf41d92897-SegmentedRaftLogWorker:Storage Directory /tmp/workdir/hadoop-ozone/integration-test/target/test-dir/MiniOzoneClusterImpl-cde32a4e-e365-4eba-9bc1-7f9b124dac02/datanode-2/data/ratis/6f432888-87df-4842-a14b-fe84ee738d4f: Starting segment from index:0
2019-07-14 04:43:08,631 INFO  impl.RaftServerImpl (ServerState.java:setRaftConf(361)) - 8da3dc15-2a6c-4843-89b6-6adf41d92897:group-FE84EE738D4F set configuration 0: [8da3dc15-2a6c-4843-89b6-6adf41d92897:192.168.5.157:34978], old=null at 0
2019-07-14 04:43:08,653 INFO  impl.FollowerState (FollowerState.java:run(106)) - 81f2cfd3-4e6d-4976-acdf-5fc3d3480df9:group-C6C8E090056C changes to CANDIDATE, lastRpcTime:5103, electionTimeout:5096ms
2019-07-14 04:43:08,655 INFO  impl.RoleInfo (RoleInfo.java:shutdownFollowerState(121)) - 81f2cfd3-4e6d-4976-acdf-5fc3d3480df9: shutdown FollowerState
2019-07-14 04:43:08,655 INFO  impl.RaftServerImpl (RaftServerImpl.java:setRole(171)) - 81f2cfd3-4e6d-4976-acdf-5fc3d3480df9:group-C6C8E090056C changes role from FOLLOWER to CANDIDATE at term 0 for changeToCandidate
2019-07-14 04:43:08,655 INFO  impl.RoleInfo (RoleInfo.java:updateAndGet(143)) - 81f2cfd3-4e6d-4976-acdf-5fc3d3480df9: start LeaderElection
2019-07-14 04:43:08,672 INFO  segmented.SegmentedRaftLogWorker (SegmentedRaftLogWorker.java:execute(569)) - 8da3dc15-2a6c-4843-89b6-6adf41d92897-SegmentedRaftLogWorker:Storage Directory /tmp/workdir/hadoop-ozone/integration-test/target/test-dir/MiniOzoneClusterImpl-cde32a4e-e365-4eba-9bc1-7f9b124dac02/datanode-2/data/ratis/6f432888-87df-4842-a14b-fe84ee738d4f: created new log segment /tmp/workdir/hadoop-ozone/integration-test/target/test-dir/MiniOzoneClusterImpl-cde32a4e-e365-4eba-9bc1-7f9b124dac02/datanode-2/data/ratis/6f432888-87df-4842-a14b-fe84ee738d4f/current/log_inprogress_0
2019-07-14 04:43:08,676 INFO  impl.LeaderElection (LeaderElection.java:askForVotes(181)) - 81f2cfd3-4e6d-4976-acdf-5fc3d3480df9:group-C6C8E090056C:LeaderElection8: begin an election at term 1 for -1: [60a1f487-3869-438b-9653-4786ac435c84:192.168.5.157:34505, 81f2cfd3-4e6d-4976-acdf-5fc3d3480df9:192.168.5.157:36380, a490aa72-b079-4a27-a857-8651cf52422d:192.168.5.157:35222], old=null
2019-07-14 04:43:08,702 INFO  impl.FollowerState (FollowerState.java:run(106)) - a490aa72-b079-4a27-a857-8651cf52422d:group-C6C8E090056C changes to CANDIDATE, lastRpcTime:5151, electionTimeout:5148ms
2019-07-14 04:43:08,704 INFO  impl.RoleInfo (RoleInfo.java:shutdownFollowerState(121)) - a490aa72-b079-4a27-a857-8651cf52422d: shutdown FollowerState
2019-07-14 04:43:08,705 INFO  impl.RaftServerImpl (RaftServerImpl.java:setRole(171)) - a490aa72-b079-4a27-a857-8651cf52422d:group-C6C8E090056C changes role from FOLLOWER to CANDIDATE at term 0 for changeToCandidate
2019-07-14 04:43:08,705 INFO  impl.RoleInfo (RoleInfo.java:updateAndGet(143)) - a490aa72-b079-4a27-a857-8651cf52422d: start LeaderElection
2019-07-14 04:43:08,709 INFO  impl.FollowerState (FollowerState.java:run(106)) - 36fa793a-8181-4835-8542-419b2c9663e3:group-E34C277ACA5C changes to CANDIDATE, lastRpcTime:5040, electionTimeout:5037ms
2019-07-14 04:43:08,709 INFO  impl.RoleInfo (RoleInfo.java:shutdownFollowerState(121)) - 36fa793a-8181-4835-8542-419b2c9663e3: shutdown FollowerState
2019-07-14 04:43:08,710 INFO  impl.RaftServerImpl (RaftServerImpl.java:setRole(171)) - 36fa793a-8181-4835-8542-419b2c9663e3:group-E34C277ACA5C changes role from FOLLOWER to CANDIDATE at term 0 for changeToCandidate
2019-07-14 04:43:08,710 INFO  impl.RoleInfo (RoleInfo.java:updateAndGet(143)) - 36fa793a-8181-4835-8542-419b2c9663e3: start LeaderElection
2019-07-14 04:43:08,724 INFO  impl.LeaderElection (LeaderElection.java:askForVotes(181)) - a490aa72-b079-4a27-a857-8651cf52422d:group-C6C8E090056C:LeaderElection9: begin an election at term 1 for -1: [60a1f487-3869-438b-9653-4786ac435c84:192.168.5.157:34505, 81f2cfd3-4e6d-4976-acdf-5fc3d3480df9:192.168.5.157:36380, a490aa72-b079-4a27-a857-8651cf52422d:192.168.5.157:35222], old=null
2019-07-14 04:43:08,724 INFO  impl.LeaderElection (LeaderElection.java:askForVotes(181)) - 36fa793a-8181-4835-8542-419b2c9663e3:group-E34C277ACA5C:LeaderElection10: begin an election at term 1 for -1: [b26b0bf7-41ce-424a-82ff-6d42a44b8232:192.168.5.157:32955, 36fa793a-8181-4835-8542-419b2c9663e3:192.168.5.157:33357, ce2b87ac-94ff-4d1f-8ba8-ab32d1173b60:192.168.5.157:34774], old=null
2019-07-14 04:43:08,735 INFO  impl.FollowerState (FollowerState.java:run(106)) - b26b0bf7-41ce-424a-82ff-6d42a44b8232:group-E34C277ACA5C changes to CANDIDATE, lastRpcTime:5067, electionTimeout:5066ms
2019-07-14 04:43:08,735 INFO  impl.RaftServerImpl (RaftServerImpl.java:setRole(171)) - 60a1f487-3869-438b-9653-4786ac435c84:group-C6C8E090056C changes role from FOLLOWER to FOLLOWER at term 1 for recognizeCandidate:81f2cfd3-4e6d-4976-acdf-5fc3d3480df9
2019-07-14 04:43:08,735 INFO  impl.RoleInfo (RoleInfo.java:shutdownFollowerState(121)) - b26b0bf7-41ce-424a-82ff-6d42a44b8232: shutdown FollowerState
2019-07-14 04:43:08,736 INFO  impl.RoleInfo (RoleInfo.java:shutdownFollowerState(121)) - 60a1f487-3869-438b-9653-4786ac435c84: shutdown FollowerState
2019-07-14 04:43:08,736 INFO  impl.RaftServerImpl (RaftServerImpl.java:setRole(171)) - b26b0bf7-41ce-424a-82ff-6d42a44b8232:group-E34C277ACA5C changes role from FOLLOWER to CANDIDATE at term 0 for changeToCandidate
2019-07-14 04:43:08,736 INFO  impl.RoleInfo (RoleInfo.java:updateAndGet(143)) - 60a1f487-3869-438b-9653-4786ac435c84: start FollowerState
2019-07-14 04:43:08,736 INFO  impl.RoleInfo (RoleInfo.java:updateAndGet(143)) - b26b0bf7-41ce-424a-82ff-6d42a44b8232: start LeaderElection
2019-07-14 04:43:08,739 INFO  impl.FollowerState (FollowerState.java:run(114)) - 60a1f487-3869-438b-9653-4786ac435c84: FollowerState was interrupted: java.lang.InterruptedException: sleep interrupted
2019-07-14 04:43:08,764 INFO  impl.LeaderElection (LeaderElection.java:askForVotes(181)) - b26b0bf7-41ce-424a-82ff-6d42a44b8232:group-E34C277ACA5C:LeaderElection11: begin an election at term 1 for -1: [b26b0bf7-41ce-424a-82ff-6d42a44b8232:192.168.5.157:32955, 36fa793a-8181-4835-8542-419b2c9663e3:192.168.5.157:33357, ce2b87ac-94ff-4d1f-8ba8-ab32d1173b60:192.168.5.157:34774], old=null
2019-07-14 04:43:08,780 INFO  impl.RaftServerImpl (RaftServerImpl.java:setRole(171)) - ce2b87ac-94ff-4d1f-8ba8-ab32d1173b60:group-E34C277ACA5C changes role from FOLLOWER to FOLLOWER at term 1 for recognizeCandidate:36fa793a-8181-4835-8542-419b2c9663e3
2019-07-14 04:43:08,781 INFO  impl.RoleInfo (RoleInfo.java:shutdownFollowerState(121)) - ce2b87ac-94ff-4d1f-8ba8-ab32d1173b60: shutdown FollowerState
2019-07-14 04:43:08,781 INFO  impl.RoleInfo (RoleInfo.java:updateAndGet(143)) - ce2b87ac-94ff-4d1f-8ba8-ab32d1173b60: start FollowerState
2019-07-14 04:43:08,781 INFO  impl.FollowerState (FollowerState.java:run(114)) - ce2b87ac-94ff-4d1f-8ba8-ab32d1173b60: FollowerState was interrupted: java.lang.InterruptedException: sleep interrupted
2019-07-14 04:43:08,786 INFO  impl.LeaderElection (LeaderElection.java:logAndReturn(56)) - 81f2cfd3-4e6d-4976-acdf-5fc3d3480df9:group-C6C8E090056C:LeaderElection8: Election PASSED; received 2 response(s) [81f2cfd3-4e6d-4976-acdf-5fc3d3480df9<-60a1f487-3869-438b-9653-4786ac435c84#0:OK-t1, 81f2cfd3-4e6d-4976-acdf-5fc3d3480df9<-a490aa72-b079-4a27-a857-8651cf52422d#0:FAIL-t1] and 0 exception(s); 81f2cfd3-4e6d-4976-acdf-5fc3d3480df9:t1, leader=null, voted=81f2cfd3-4e6d-4976-acdf-5fc3d3480df9, raftlog=81f2cfd3-4e6d-4976-acdf-5fc3d3480df9-SegmentedRaftLog:OPENED:c-1,f-1,i0, conf=-1: [60a1f487-3869-438b-9653-4786ac435c84:192.168.5.157:34505, 81f2cfd3-4e6d-4976-acdf-5fc3d3480df9:192.168.5.157:36380, a490aa72-b079-4a27-a857-8651cf52422d:192.168.5.157:35222], old=null
2019-07-14 04:43:08,786 INFO  impl.LeaderElection (LeaderElection.java:logAndReturn(56)) - a490aa72-b079-4a27-a857-8651cf52422d:group-C6C8E090056C:LeaderElection9: Election REJECTED; received 2 response(s) [a490aa72-b079-4a27-a857-8651cf52422d<-60a1f487-3869-438b-9653-4786ac435c84#0:FAIL-t1, a490aa72-b079-4a27-a857-8651cf52422d<-81f2cfd3-4e6d-4976-acdf-5fc3d3480df9#0:FAIL-t1] and 0 exception(s); a490aa72-b079-4a27-a857-8651cf52422d:t1, leader=null, voted=a490aa72-b079-4a27-a857-8651cf52422d, raftlog=a490aa72-b079-4a27-a857-8651cf52422d-SegmentedRaftLog:OPENED:c-1,f-1,i0, conf=-1: [60a1f487-3869-438b-9653-4786ac435c84:192.168.5.157:34505, 81f2cfd3-4e6d-4976-acdf-5fc3d3480df9:192.168.5.157:36380, a490aa72-b079-4a27-a857-8651cf52422d:192.168.5.157:35222], old=null
2019-07-14 04:43:08,789 INFO  impl.RoleInfo (RoleInfo.java:shutdownLeaderElection(134)) - 81f2cfd3-4e6d-4976-acdf-5fc3d3480df9: shutdown LeaderElection
2019-07-14 04:43:08,791 INFO  impl.RaftServerImpl (RaftServerImpl.java:setRole(171)) - a490aa72-b079-4a27-a857-8651cf52422d:group-C6C8E090056C changes role from CANDIDATE to FOLLOWER at term 1 for DISCOVERED_A_NEW_TERM
2019-07-14 04:43:08,793 INFO  impl.RaftServerImpl (RaftServerImpl.java:setRole(171)) - 81f2cfd3-4e6d-4976-acdf-5fc3d3480df9:group-C6C8E090056C changes role from CANDIDATE to LEADER at term 1 for changeToLeader
2019-07-14 04:43:08,797 INFO  impl.RoleInfo (RoleInfo.java:shutdownLeaderElection(134)) - a490aa72-b079-4a27-a857-8651cf52422d: shutdown LeaderElection
2019-07-14 04:43:08,797 INFO  impl.RaftServerImpl (ServerState.java:setLeader(263)) - 81f2cfd3-4e6d-4976-acdf-5fc3d3480df9:group-C6C8E090056C change Leader from null to 81f2cfd3-4e6d-4976-acdf-5fc3d3480df9 at term 1 for becomeLeader, leader elected after 5262ms
2019-07-14 04:43:08,798 INFO  impl.RoleInfo (RoleInfo.java:updateAndGet(143)) - a490aa72-b079-4a27-a857-8651cf52422d: start FollowerState
2019-07-14 04:43:08,798 INFO  server.RaftServerConfigKeys (ConfUtils.java:logGet(43)) - raft.server.staging.catchup.gap = 1000 (default)
2019-07-14 04:43:08,802 INFO  server.RaftServerConfigKeys (ConfUtils.java:logGet(43)) - raft.server.rpc.sleep.time = 25ms (default)
2019-07-14 04:43:08,802 INFO  server.RaftServerConfigKeys (ConfUtils.java:logGet(43)) - raft.server.write.element-limit = 4096 (default)
2019-07-14 04:43:08,802 INFO  server.RaftServerConfigKeys (ConfUtils.java:logGet(43)) - raft.server.watch.timeout = 10s (default)
2019-07-14 04:43:08,803 INFO  server.RaftServerConfigKeys (ConfUtils.java:logGet(43)) - raft.server.watch.timeout.denomination = 1s (default)
2019-07-14 04:43:08,803 INFO  server.RaftServerConfigKeys (ConfUtils.java:logGet(43)) - raft.server.watch.element-limit = 65536 (default)
2019-07-14 04:43:08,807 INFO  server.RaftServerConfigKeys (ConfUtils.java:logGet(43)) - raft.server.log.appender.snapshot.chunk.size.max = 16MB (=16777216) (default)
2019-07-14 04:43:08,808 INFO  server.RaftServerConfigKeys (ConfUtils.java:logGet(43)) - raft.server.log.appender.buffer.byte-limit = 33554432 (custom)
2019-07-14 04:43:08,808 INFO  impl.LeaderElection (LeaderElection.java:logAndReturn(56)) - 36fa793a-8181-4835-8542-419b2c9663e3:group-E34C277ACA5C:LeaderElection10: Election PASSED; received 2 response(s) [36fa793a-8181-4835-8542-419b2c9663e3<-b26b0bf7-41ce-424a-82ff-6d42a44b8232#0:FAIL-t1, 36fa793a-8181-4835-8542-419b2c9663e3<-ce2b87ac-94ff-4d1f-8ba8-ab32d1173b60#0:OK-t1] and 0 exception(s); 36fa793a-8181-4835-8542-419b2c9663e3:t1, leader=null, voted=36fa793a-8181-4835-8542-419b2c9663e3, raftlog=36fa793a-8181-4835-8542-419b2c9663e3-SegmentedRaftLog:OPENED:c-1,f-1,i0, conf=-1: [b26b0bf7-41ce-424a-82ff-6d42a44b8232:192.168.5.157:32955, 36fa793a-8181-4835-8542-419b2c9663e3:192.168.5.157:33357, ce2b87ac-94ff-4d1f-8ba8-ab32d1173b60:192.168.5.157:34774], old=null
2019-07-14 04:43:08,808 INFO  impl.LeaderElection (LeaderElection.java:logAndReturn(56)) - b26b0bf7-41ce-424a-82ff-6d42a44b8232:group-E34C277ACA5C:LeaderElection11: Election REJECTED; received 2 response(s) [b26b0bf7-41ce-424a-82ff-6d42a44b8232<-36fa793a-8181-4835-8542-419b2c9663e3#0:FAIL-t1, b26b0bf7-41ce-424a-82ff-6d42a44b8232<-ce2b87ac-94ff-4d1f-8ba8-ab32d1173b60#0:FAIL-t1] and 0 exception(s); b26b0bf7-41ce-424a-82ff-6d42a44b8232:t1, leader=null, voted=b26b0bf7-41ce-424a-82ff-6d42a44b8232, raftlog=b26b0bf7-41ce-424a-82ff-6d42a44b8232-SegmentedRaftLog:OPENED:c-1,f-1,i0, conf=-1: [b26b0bf7-41ce-424a-82ff-6d42a44b8232:192.168.5.157:32955, 36fa793a-8181-4835-8542-419b2c9663e3:192.168.5.157:33357, ce2b87ac-94ff-4d1f-8ba8-ab32d1173b60:192.168.5.157:34774], old=null
2019-07-14 04:43:08,808 INFO  impl.RoleInfo (RoleInfo.java:shutdownLeaderElection(134)) - 36fa793a-8181-4835-8542-419b2c9663e3: shutdown LeaderElection
2019-07-14 04:43:08,810 INFO  impl.RaftServerImpl (RaftServerImpl.java:setRole(171)) - b26b0bf7-41ce-424a-82ff-6d42a44b8232:group-E34C277ACA5C changes role from CANDIDATE to FOLLOWER at term 1 for DISCOVERED_A_NEW_TERM
2019-07-14 04:43:08,814 INFO  impl.RoleInfo (RoleInfo.java:shutdownLeaderElection(134)) - b26b0bf7-41ce-424a-82ff-6d42a44b8232: shutdown LeaderElection
2019-07-14 04:43:08,810 INFO  impl.RaftServerImpl (RaftServerImpl.java:setRole(171)) - 36fa793a-8181-4835-8542-419b2c9663e3:group-E34C277ACA5C changes role from CANDIDATE to LEADER at term 1 for changeToLeader
2019-07-14 04:43:08,815 INFO  impl.RaftServerImpl (ServerState.java:setLeader(263)) - 36fa793a-8181-4835-8542-419b2c9663e3:group-E34C277ACA5C change Leader from null to 36fa793a-8181-4835-8542-419b2c9663e3 at term 1 for becomeLeader, leader elected after 5160ms
2019-07-14 04:43:08,810 INFO  server.RaftServerConfigKeys (ConfUtils.java:logGet(43)) - raft.server.log.appender.buffer.element-limit = 1 (custom)
2019-07-14 04:43:08,815 INFO  server.RaftServerConfigKeys (ConfUtils.java:logGet(43)) - raft.server.staging.catchup.gap = 1000 (default)
2019-07-14 04:43:08,814 INFO  impl.RoleInfo (RoleInfo.java:updateAndGet(143)) - b26b0bf7-41ce-424a-82ff-6d42a44b8232: start FollowerState
2019-07-14 04:43:08,815 INFO  server.RaftServerConfigKeys (ConfUtils.java:logGet(43)) - raft.server.rpc.sleep.time = 25ms (default)
2019-07-14 04:43:08,817 INFO  server.RaftServerConfigKeys (ConfUtils.java:logGet(43)) - raft.server.write.element-limit = 4096 (default)
2019-07-14 04:43:08,818 INFO  server.RaftServerConfigKeys (ConfUtils.java:logGet(43)) - raft.server.watch.timeout = 10s (default)
2019-07-14 04:43:08,818 INFO  server.RaftServerConfigKeys (ConfUtils.java:logGet(43)) - raft.server.watch.timeout.denomination = 1s (default)
2019-07-14 04:43:08,818 INFO  server.RaftServerConfigKeys (ConfUtils.java:logGet(43)) - raft.server.watch.element-limit = 65536 (default)
2019-07-14 04:43:08,818 INFO  server.RaftServerConfigKeys (ConfUtils.java:logGet(43)) - raft.server.log.appender.snapshot.chunk.size.max = 16MB (=16777216) (default)
2019-07-14 04:43:08,819 INFO  server.RaftServerConfigKeys (ConfUtils.java:logGet(43)) - raft.server.log.appender.buffer.byte-limit = 33554432 (custom)
2019-07-14 04:43:08,819 INFO  server.RaftServerConfigKeys (ConfUtils.java:logGet(43)) - raft.server.log.appender.buffer.element-limit = 1 (custom)
2019-07-14 04:43:08,820 INFO  grpc.GrpcConfigKeys$Server (ConfUtils.java:logGet(43)) - raft.grpc.server.leader.outstanding.appends.max = 128 (default)
2019-07-14 04:43:08,822 INFO  grpc.GrpcConfigKeys$Server (ConfUtils.java:logGet(43)) - raft.grpc.server.leader.outstanding.appends.max = 128 (default)
2019-07-14 04:43:08,822 INFO  server.RaftServerConfigKeys (ConfUtils.java:logGet(43)) - raft.server.rpc.request.timeout = 3000ms (default)
2019-07-14 04:43:08,822 INFO  server.RaftServerConfigKeys (ConfUtils.java:logGet(43)) - raft.server.rpc.request.timeout = 3000ms (default)
2019-07-14 04:43:08,822 INFO  server.RaftServerConfigKeys (ConfUtils.java:logGet(43)) - raft.server.log.appender.install.snapshot.enabled = false (custom)
2019-07-14 04:43:08,823 INFO  server.RaftServerConfigKeys (ConfUtils.java:logGet(43)) - raft.server.log.appender.install.snapshot.enabled = false (custom)
2019-07-14 04:43:08,823 INFO  server.RaftServerConfigKeys (ConfUtils.java:logGet(43)) - raft.server.log.appender.snapshot.chunk.size.max = 16MB (=16777216) (default)
2019-07-14 04:43:08,823 INFO  server.RaftServerConfigKeys (ConfUtils.java:logGet(43)) - raft.server.log.appender.snapshot.chunk.size.max = 16MB (=16777216) (default)
2019-07-14 04:43:08,823 INFO  server.RaftServerConfigKeys (ConfUtils.java:logGet(43)) - raft.server.log.appender.buffer.byte-limit = 33554432 (custom)
2019-07-14 04:43:08,823 INFO  server.RaftServerConfigKeys (ConfUtils.java:logGet(43)) - raft.server.log.appender.buffer.byte-limit = 33554432 (custom)
2019-07-14 04:43:08,824 INFO  server.RaftServerConfigKeys (ConfUtils.java:logGet(43)) - raft.server.log.appender.buffer.element-limit = 1 (custom)
2019-07-14 04:43:08,824 INFO  server.RaftServerConfigKeys (ConfUtils.java:logGet(43)) - raft.server.log.appender.buffer.element-limit = 1 (custom)
2019-07-14 04:43:08,824 INFO  grpc.GrpcConfigKeys$Server (ConfUtils.java:logGet(43)) - raft.grpc.server.leader.outstanding.appends.max = 128 (default)
2019-07-14 04:43:08,824 INFO  grpc.GrpcConfigKeys$Server (ConfUtils.java:logGet(43)) - raft.grpc.server.leader.outstanding.appends.max = 128 (default)
2019-07-14 04:43:08,824 INFO  server.RaftServerConfigKeys (ConfUtils.java:logGet(43)) - raft.server.rpc.request.timeout = 3000ms (default)
2019-07-14 04:43:08,825 INFO  server.RaftServerConfigKeys (ConfUtils.java:logGet(43)) - raft.server.rpc.request.timeout = 3000ms (default)
2019-07-14 04:43:08,825 INFO  server.RaftServerConfigKeys (ConfUtils.java:logGet(43)) - raft.server.log.appender.install.snapshot.enabled = false (custom)
2019-07-14 04:43:08,825 INFO  server.RaftServerConfigKeys (ConfUtils.java:logGet(43)) - raft.server.log.appender.install.snapshot.enabled = false (custom)
2019-07-14 04:43:08,827 INFO  impl.RoleInfo (RoleInfo.java:updateAndGet(143)) - 81f2cfd3-4e6d-4976-acdf-5fc3d3480df9: start LeaderState
2019-07-14 04:43:08,827 INFO  impl.RoleInfo (RoleInfo.java:updateAndGet(143)) - 36fa793a-8181-4835-8542-419b2c9663e3: start LeaderState
2019-07-14 04:43:08,827 INFO  segmented.SegmentedRaftLogWorker (SegmentedRaftLogWorker.java:startLogSegment(380)) - 81f2cfd3-4e6d-4976-acdf-5fc3d3480df9-SegmentedRaftLogWorker:Storage Directory /tmp/workdir/hadoop-ozone/integration-test/target/test-dir/MiniOzoneClusterImpl-cde32a4e-e365-4eba-9bc1-7f9b124dac02/datanode-5/data/ratis/831fff59-fd88-4bbf-8144-c6c8e090056c: Starting segment from index:0
2019-07-14 04:43:08,827 INFO  segmented.SegmentedRaftLogWorker (SegmentedRaftLogWorker.java:startLogSegment(380)) - 36fa793a-8181-4835-8542-419b2c9663e3-SegmentedRaftLogWorker:Storage Directory /tmp/workdir/hadoop-ozone/integration-test/target/test-dir/MiniOzoneClusterImpl-cde32a4e-e365-4eba-9bc1-7f9b124dac02/datanode-3/data/ratis/62b44c85-4f40-40a0-9dd9-e34c277aca5c: Starting segment from index:0
2019-07-14 04:43:08,828 INFO  impl.RaftServerImpl (ServerState.java:setRaftConf(361)) - 81f2cfd3-4e6d-4976-acdf-5fc3d3480df9:group-C6C8E090056C set configuration 0: [60a1f487-3869-438b-9653-4786ac435c84:192.168.5.157:34505, 81f2cfd3-4e6d-4976-acdf-5fc3d3480df9:192.168.5.157:36380, a490aa72-b079-4a27-a857-8651cf52422d:192.168.5.157:35222], old=null at 0
2019-07-14 04:43:08,849 INFO  impl.RaftServerImpl (ServerState.java:setRaftConf(361)) - 36fa793a-8181-4835-8542-419b2c9663e3:group-E34C277ACA5C set configuration 0: [b26b0bf7-41ce-424a-82ff-6d42a44b8232:192.168.5.157:32955, 36fa793a-8181-4835-8542-419b2c9663e3:192.168.5.157:33357, ce2b87ac-94ff-4d1f-8ba8-ab32d1173b60:192.168.5.157:34774], old=null at 0
2019-07-14 04:43:08,853 INFO  segmented.SegmentedRaftLogWorker (SegmentedRaftLogWorker.java:execute(569)) - 81f2cfd3-4e6d-4976-acdf-5fc3d3480df9-SegmentedRaftLogWorker:Storage Directory /tmp/workdir/hadoop-ozone/integration-test/target/test-dir/MiniOzoneClusterImpl-cde32a4e-e365-4eba-9bc1-7f9b124dac02/datanode-5/data/ratis/831fff59-fd88-4bbf-8144-c6c8e090056c: created new log segment /tmp/workdir/hadoop-ozone/integration-test/target/test-dir/MiniOzoneClusterImpl-cde32a4e-e365-4eba-9bc1-7f9b124dac02/datanode-5/data/ratis/831fff59-fd88-4bbf-8144-c6c8e090056c/current/log_inprogress_0
2019-07-14 04:43:08,853 INFO  segmented.SegmentedRaftLogWorker (SegmentedRaftLogWorker.java:execute(569)) - 36fa793a-8181-4835-8542-419b2c9663e3-SegmentedRaftLogWorker:Storage Directory /tmp/workdir/hadoop-ozone/integration-test/target/test-dir/MiniOzoneClusterImpl-cde32a4e-e365-4eba-9bc1-7f9b124dac02/datanode-3/data/ratis/62b44c85-4f40-40a0-9dd9-e34c277aca5c: created new log segment /tmp/workdir/hadoop-ozone/integration-test/target/test-dir/MiniOzoneClusterImpl-cde32a4e-e365-4eba-9bc1-7f9b124dac02/datanode-3/data/ratis/62b44c85-4f40-40a0-9dd9-e34c277aca5c/current/log_inprogress_0
2019-07-14 04:43:08,888 INFO  impl.RaftServerImpl (ServerState.java:setLeader(263)) - 60a1f487-3869-438b-9653-4786ac435c84:group-C6C8E090056C change Leader from null to 81f2cfd3-4e6d-4976-acdf-5fc3d3480df9 at term 1 for appendEntries, leader elected after 5353ms
2019-07-14 04:43:08,890 INFO  impl.RaftServerImpl (ServerState.java:setLeader(263)) - a490aa72-b079-4a27-a857-8651cf52422d:group-C6C8E090056C change Leader from null to 81f2cfd3-4e6d-4976-acdf-5fc3d3480df9 at term 1 for appendEntries, leader elected after 5353ms
2019-07-14 04:43:08,890 INFO  impl.RaftServerImpl (ServerState.java:setLeader(263)) - b26b0bf7-41ce-424a-82ff-6d42a44b8232:group-E34C277ACA5C change Leader from null to 36fa793a-8181-4835-8542-419b2c9663e3 at term 1 for appendEntries, leader elected after 5235ms
2019-07-14 04:43:08,890 INFO  impl.RaftServerImpl (ServerState.java:setLeader(263)) - ce2b87ac-94ff-4d1f-8ba8-ab32d1173b60:group-E34C277ACA5C change Leader from null to 36fa793a-8181-4835-8542-419b2c9663e3 at term 1 for appendEntries, leader elected after 5230ms
2019-07-14 04:43:08,931 INFO  impl.RaftServerImpl (ServerState.java:setRaftConf(361)) - 60a1f487-3869-438b-9653-4786ac435c84:group-C6C8E090056C set configuration 0: [60a1f487-3869-438b-9653-4786ac435c84:192.168.5.157:34505, 81f2cfd3-4e6d-4976-acdf-5fc3d3480df9:192.168.5.157:36380, a490aa72-b079-4a27-a857-8651cf52422d:192.168.5.157:35222], old=null at 0
2019-07-14 04:43:08,931 INFO  impl.RaftServerImpl (ServerState.java:setRaftConf(361)) - a490aa72-b079-4a27-a857-8651cf52422d:group-C6C8E090056C set configuration 0: [60a1f487-3869-438b-9653-4786ac435c84:192.168.5.157:34505, 81f2cfd3-4e6d-4976-acdf-5fc3d3480df9:192.168.5.157:36380, a490aa72-b079-4a27-a857-8651cf52422d:192.168.5.157:35222], old=null at 0
2019-07-14 04:43:08,931 INFO  impl.RaftServerImpl (ServerState.java:setRaftConf(361)) - ce2b87ac-94ff-4d1f-8ba8-ab32d1173b60:group-E34C277ACA5C set configuration 0: [b26b0bf7-41ce-424a-82ff-6d42a44b8232:192.168.5.157:32955, 36fa793a-8181-4835-8542-419b2c9663e3:192.168.5.157:33357, ce2b87ac-94ff-4d1f-8ba8-ab32d1173b60:192.168.5.157:34774], old=null at 0
2019-07-14 04:43:08,931 INFO  impl.RaftServerImpl (ServerState.java:setRaftConf(361)) - b26b0bf7-41ce-424a-82ff-6d42a44b8232:group-E34C277ACA5C set configuration 0: [b26b0bf7-41ce-424a-82ff-6d42a44b8232:192.168.5.157:32955, 36fa793a-8181-4835-8542-419b2c9663e3:192.168.5.157:33357, ce2b87ac-94ff-4d1f-8ba8-ab32d1173b60:192.168.5.157:34774], old=null at 0
2019-07-14 04:43:08,932 INFO  segmented.SegmentedRaftLogWorker (SegmentedRaftLogWorker.java:startLogSegment(380)) - ce2b87ac-94ff-4d1f-8ba8-ab32d1173b60-SegmentedRaftLogWorker:Storage Directory /tmp/workdir/hadoop-ozone/integration-test/target/test-dir/MiniOzoneClusterImpl-cde32a4e-e365-4eba-9bc1-7f9b124dac02/datanode-0/data/ratis/62b44c85-4f40-40a0-9dd9-e34c277aca5c: Starting segment from index:0
2019-07-14 04:43:08,931 INFO  segmented.SegmentedRaftLogWorker (SegmentedRaftLogWorker.java:startLogSegment(380)) - a490aa72-b079-4a27-a857-8651cf52422d-SegmentedRaftLogWorker:Storage Directory /tmp/workdir/hadoop-ozone/integration-test/target/test-dir/MiniOzoneClusterImpl-cde32a4e-e365-4eba-9bc1-7f9b124dac02/datanode-1/data/ratis/831fff59-fd88-4bbf-8144-c6c8e090056c: Starting segment from index:0
2019-07-14 04:43:08,931 INFO  segmented.SegmentedRaftLogWorker (SegmentedRaftLogWorker.java:startLogSegment(380)) - 60a1f487-3869-438b-9653-4786ac435c84-SegmentedRaftLogWorker:Storage Directory /tmp/workdir/hadoop-ozone/integration-test/target/test-dir/MiniOzoneClusterImpl-cde32a4e-e365-4eba-9bc1-7f9b124dac02/datanode-6/data/ratis/831fff59-fd88-4bbf-8144-c6c8e090056c: Starting segment from index:0
2019-07-14 04:43:08,932 INFO  segmented.SegmentedRaftLogWorker (SegmentedRaftLogWorker.java:startLogSegment(380)) - b26b0bf7-41ce-424a-82ff-6d42a44b8232-SegmentedRaftLogWorker:Storage Directory /tmp/workdir/hadoop-ozone/integration-test/target/test-dir/MiniOzoneClusterImpl-cde32a4e-e365-4eba-9bc1-7f9b124dac02/datanode-4/data/ratis/62b44c85-4f40-40a0-9dd9-e34c277aca5c: Starting segment from index:0
2019-07-14 04:43:08,960 INFO  segmented.SegmentedRaftLogWorker (SegmentedRaftLogWorker.java:execute(569)) - a490aa72-b079-4a27-a857-8651cf52422d-SegmentedRaftLogWorker:Storage Directory /tmp/workdir/hadoop-ozone/integration-test/target/test-dir/MiniOzoneClusterImpl-cde32a4e-e365-4eba-9bc1-7f9b124dac02/datanode-1/data/ratis/831fff59-fd88-4bbf-8144-c6c8e090056c: created new log segment /tmp/workdir/hadoop-ozone/integration-test/target/test-dir/MiniOzoneClusterImpl-cde32a4e-e365-4eba-9bc1-7f9b124dac02/datanode-1/data/ratis/831fff59-fd88-4bbf-8144-c6c8e090056c/current/log_inprogress_0
2019-07-14 04:43:08,960 INFO  segmented.SegmentedRaftLogWorker (SegmentedRaftLogWorker.java:execute(569)) - b26b0bf7-41ce-424a-82ff-6d42a44b8232-SegmentedRaftLogWorker:Storage Directory /tmp/workdir/hadoop-ozone/integration-test/target/test-dir/MiniOzoneClusterImpl-cde32a4e-e365-4eba-9bc1-7f9b124dac02/datanode-4/data/ratis/62b44c85-4f40-40a0-9dd9-e34c277aca5c: created new log segment /tmp/workdir/hadoop-ozone/integration-test/target/test-dir/MiniOzoneClusterImpl-cde32a4e-e365-4eba-9bc1-7f9b124dac02/datanode-4/data/ratis/62b44c85-4f40-40a0-9dd9-e34c277aca5c/current/log_inprogress_0
2019-07-14 04:43:08,960 INFO  segmented.SegmentedRaftLogWorker (SegmentedRaftLogWorker.java:execute(569)) - 60a1f487-3869-438b-9653-4786ac435c84-SegmentedRaftLogWorker:Storage Directory /tmp/workdir/hadoop-ozone/integration-test/target/test-dir/MiniOzoneClusterImpl-cde32a4e-e365-4eba-9bc1-7f9b124dac02/datanode-6/data/ratis/831fff59-fd88-4bbf-8144-c6c8e090056c: created new log segment /tmp/workdir/hadoop-ozone/integration-test/target/test-dir/MiniOzoneClusterImpl-cde32a4e-e365-4eba-9bc1-7f9b124dac02/datanode-6/data/ratis/831fff59-fd88-4bbf-8144-c6c8e090056c/current/log_inprogress_0
2019-07-14 04:43:08,960 INFO  segmented.SegmentedRaftLogWorker (SegmentedRaftLogWorker.java:execute(569)) - ce2b87ac-94ff-4d1f-8ba8-ab32d1173b60-SegmentedRaftLogWorker:Storage Directory /tmp/workdir/hadoop-ozone/integration-test/target/test-dir/MiniOzoneClusterImpl-cde32a4e-e365-4eba-9bc1-7f9b124dac02/datanode-0/data/ratis/62b44c85-4f40-40a0-9dd9-e34c277aca5c: created new log segment /tmp/workdir/hadoop-ozone/integration-test/target/test-dir/MiniOzoneClusterImpl-cde32a4e-e365-4eba-9bc1-7f9b124dac02/datanode-0/data/ratis/62b44c85-4f40-40a0-9dd9-e34c277aca5c/current/log_inprogress_0
2019-07-14 04:43:09,211 INFO  client.GrpcClientProtocolClient (GrpcClientProtocolClient.java:onNext(255)) - client-42D3A250B957->a490aa72-b079-4a27-a857-8651cf52422d: receive RaftClientReply:client-42D3A250B957->a490aa72-b079-4a27-a857-8651cf52422d@group-C6C8E090056C, cid=13, FAILED org.apache.ratis.protocol.NotLeaderException: Server a490aa72-b079-4a27-a857-8651cf52422d is not the leader (81f2cfd3-4e6d-4976-acdf-5fc3d3480df9:192.168.5.157:36380). Request must be sent to leader., logIndex=0, commits[a490aa72-b079-4a27-a857-8651cf52422d:c0, 60a1f487-3869-438b-9653-4786ac435c84:c-1, 81f2cfd3-4e6d-4976-acdf-5fc3d3480df9:c0]
2019-07-14 04:43:09,489 INFO  client.GrpcClientProtocolClient (GrpcClientProtocolClient.java:onNext(255)) - client-42D3A250B957->81f2cfd3-4e6d-4976-acdf-5fc3d3480df9: receive RaftClientReply:client-42D3A250B957->81f2cfd3-4e6d-4976-acdf-5fc3d3480df9@group-C6C8E090056C, cid=13, SUCCESS, logIndex=1, commits[81f2cfd3-4e6d-4976-acdf-5fc3d3480df9:c1, 60a1f487-3869-438b-9653-4786ac435c84:c0, a490aa72-b079-4a27-a857-8651cf52422d:c0]
2019-07-14 04:43:09,531 INFO  client.GrpcClientProtocolClient (GrpcClientProtocolClient.java:onNext(255)) - client-42D3A250B957->81f2cfd3-4e6d-4976-acdf-5fc3d3480df9: receive RaftClientReply:client-42D3A250B957->81f2cfd3-4e6d-4976-acdf-5fc3d3480df9@group-C6C8E090056C, cid=14, SUCCESS, logIndex=3, commits[81f2cfd3-4e6d-4976-acdf-5fc3d3480df9:c3, 60a1f487-3869-438b-9653-4786ac435c84:c2, a490aa72-b079-4a27-a857-8651cf52422d:c2]
2019-07-14 04:43:09,609 INFO  client.GrpcClientProtocolClient (GrpcClientProtocolClient.java:onNext(255)) - client-42D3A250B957->81f2cfd3-4e6d-4976-acdf-5fc3d3480df9: receive RaftClientReply:client-42D3A250B957->81f2cfd3-4e6d-4976-acdf-5fc3d3480df9@group-C6C8E090056C, cid=15, SUCCESS, logIndex=4, commits[81f2cfd3-4e6d-4976-acdf-5fc3d3480df9:c12, 60a1f487-3869-438b-9653-4786ac435c84:c8, a490aa72-b079-4a27-a857-8651cf52422d:c7]
2019-07-14 04:43:09,613 INFO  client.GrpcClientProtocolClient (GrpcClientProtocolClient.java:onNext(255)) - client-42D3A250B957->81f2cfd3-4e6d-4976-acdf-5fc3d3480df9: receive RaftClientReply:client-42D3A250B957->81f2cfd3-4e6d-4976-acdf-5fc3d3480df9@group-C6C8E090056C, cid=16, SUCCESS, logIndex=5, commits[81f2cfd3-4e6d-4976-acdf-5fc3d3480df9:c12, 60a1f487-3869-438b-9653-4786ac435c84:c8, a490aa72-b079-4a27-a857-8651cf52422d:c7]
2019-07-14 04:43:09,614 INFO  client.GrpcClientProtocolClient (GrpcClientProtocolClient.java:onNext(255)) - client-42D3A250B957->81f2cfd3-4e6d-4976-acdf-5fc3d3480df9: receive RaftClientReply:client-42D3A250B957->81f2cfd3-4e6d-4976-acdf-5fc3d3480df9@group-C6C8E090056C, cid=17, SUCCESS, logIndex=6, commits[81f2cfd3-4e6d-4976-acdf-5fc3d3480df9:c12, 60a1f487-3869-438b-9653-4786ac435c84:c8, a490aa72-b079-4a27-a857-8651cf52422d:c7]
2019-07-14 04:43:09,680 INFO  client.GrpcClientProtocolClient (GrpcClientProtocolClient.java:onNext(255)) - client-42D3A250B957->81f2cfd3-4e6d-4976-acdf-5fc3d3480df9: receive RaftClientReply:client-42D3A250B957->81f2cfd3-4e6d-4976-acdf-5fc3d3480df9@group-C6C8E090056C, cid=18, SUCCESS, logIndex=7, commits[81f2cfd3-4e6d-4976-acdf-5fc3d3480df9:c12, 60a1f487-3869-438b-9653-4786ac435c84:c8, a490aa72-b079-4a27-a857-8651cf52422d:c7]
2019-07-14 04:43:09,687 INFO  pipeline.SCMPipelineManager (SCMPipelineManager.java:finalizeAndDestroyPipeline(309)) - destroying pipeline:Pipeline[ Id: 831fff59-fd88-4bbf-8144-c6c8e090056c, Nodes: a490aa72-b079-4a27-a857-8651cf52422d{ip: 192.168.5.157, host: trunk-nightly-6h29n-2077950039, networkLocation: /default-rack, certSerialId: null}60a1f487-3869-438b-9653-4786ac435c84{ip: 192.168.5.157, host: trunk-nightly-6h29n-2077950039, networkLocation: /default-rack, certSerialId: null}81f2cfd3-4e6d-4976-acdf-5fc3d3480df9{ip: 192.168.5.157, host: trunk-nightly-6h29n-2077950039, networkLocation: /default-rack, certSerialId: null}, Type:RATIS, Factor:THREE, State:OPEN]
2019-07-14 04:43:09,688 INFO  pipeline.PipelineStateManager (PipelineStateManager.java:finalizePipeline(123)) - Pipeline Pipeline[ Id: 831fff59-fd88-4bbf-8144-c6c8e090056c, Nodes: a490aa72-b079-4a27-a857-8651cf52422d{ip: 192.168.5.157, host: trunk-nightly-6h29n-2077950039, networkLocation: /default-rack, certSerialId: null}60a1f487-3869-438b-9653-4786ac435c84{ip: 192.168.5.157, host: trunk-nightly-6h29n-2077950039, networkLocation: /default-rack, certSerialId: null}81f2cfd3-4e6d-4976-acdf-5fc3d3480df9{ip: 192.168.5.157, host: trunk-nightly-6h29n-2077950039, networkLocation: /default-rack, certSerialId: null}, Type:RATIS, Factor:THREE, State:CLOSED] moved to CLOSED state
2019-07-14 04:43:09,689 INFO  container.CloseContainerEventHandler (CloseContainerEventHandler.java:onMessage(61)) - Close container Event triggered for container : #1
2019-07-14 04:43:09,709 INFO  impl.RaftServerProxy (RaftServerProxy.java:remove(95)) - a490aa72-b079-4a27-a857-8651cf52422d: remove FOLLOWER group-C6C8E090056C a490aa72-b079-4a27-a857-8651cf52422d:t1, leader=81f2cfd3-4e6d-4976-acdf-5fc3d3480df9, voted=a490aa72-b079-4a27-a857-8651cf52422d, raftlog=a490aa72-b079-4a27-a857-8651cf52422d-SegmentedRaftLog:OPENED:c7,f12,i12, conf=0: [60a1f487-3869-438b-9653-4786ac435c84:192.168.5.157:34505, 81f2cfd3-4e6d-4976-acdf-5fc3d3480df9:192.168.5.157:36380, a490aa72-b079-4a27-a857-8651cf52422d:192.168.5.157:35222], old=null RUNNING
2019-07-14 04:43:09,714 INFO  impl.RaftServerImpl (RaftServerImpl.java:lambda$shutdown$3(245)) - a490aa72-b079-4a27-a857-8651cf52422d: shutdown group-C6C8E090056C
2019-07-14 04:43:09,714 INFO  util.JmxRegister (JmxRegister.java:unregister(73)) - Successfully un-registered JMX Bean with object name Ratis:service=RaftServer,group=group-C6C8E090056C,id=a490aa72-b079-4a27-a857-8651cf52422d
2019-07-14 04:43:09,715 INFO  impl.RoleInfo (RoleInfo.java:shutdownFollowerState(121)) - a490aa72-b079-4a27-a857-8651cf52422d: shutdown FollowerState
2019-07-14 04:43:09,715 INFO  impl.StateMachineUpdater (StateMachineUpdater.java:stopAndJoin(115)) - StateMachineUpdater:a490aa72-b079-4a27-a857-8651cf52422d:group-C6C8E090056C: set stopIndex = 7
2019-07-14 04:43:09,715 INFO  ratis.ContainerStateMachine (ContainerStateMachine.java:takeSnapshot(246)) - Taking snapshot at termIndex:(t:1, i:7)
2019-07-14 04:43:09,715 INFO  impl.FollowerState (FollowerState.java:run(114)) - a490aa72-b079-4a27-a857-8651cf52422d: FollowerState was interrupted: java.lang.InterruptedException: sleep interrupted
2019-07-14 04:43:09,723 INFO  ratis.ContainerStateMachine (ContainerStateMachine.java:takeSnapshot(250)) - Taking a snapshot to file /tmp/workdir/hadoop-ozone/integration-test/target/test-dir/MiniOzoneClusterImpl-cde32a4e-e365-4eba-9bc1-7f9b124dac02/datanode-1/data/ratis/831fff59-fd88-4bbf-8144-c6c8e090056c/sm/snapshot.1_7
2019-07-14 04:43:09,736 INFO  impl.StateMachineUpdater (StateMachineUpdater.java:takeSnapshot(242)) - StateMachineUpdater:a490aa72-b079-4a27-a857-8651cf52422d:group-C6C8E090056C: Took a snapshot at index 7
2019-07-14 04:43:09,738 INFO  impl.StateMachineUpdater (StateMachineUpdater.java:lambda$new$0(80)) - StateMachineUpdater:a490aa72-b079-4a27-a857-8651cf52422d:group-C6C8E090056C: snapshotIndex: updateIncreasingly -1 -> 7
2019-07-14 04:43:09,742 INFO  impl.RaftServerImpl (ServerState.java:close(394)) - a490aa72-b079-4a27-a857-8651cf52422d:group-C6C8E090056C closes. The last applied log index is 7
2019-07-14 04:43:09,745 INFO  segmented.SegmentedRaftLogWorker (SegmentedRaftLogWorker.java:run(313)) - a490aa72-b079-4a27-a857-8651cf52422d-SegmentedRaftLogWorker:Storage Directory /tmp/workdir/hadoop-ozone/integration-test/target/test-dir/MiniOzoneClusterImpl-cde32a4e-e365-4eba-9bc1-7f9b124dac02/datanode-1/data/ratis/831fff59-fd88-4bbf-8144-c6c8e090056c was interrupted, exiting. There are 0 tasks remaining in the queue.
2019-07-14 04:43:09,747 INFO  segmented.SegmentedRaftLogWorker (SegmentedRaftLogWorker.java:close(228)) - a490aa72-b079-4a27-a857-8651cf52422d-SegmentedRaftLogWorker:Storage Directory /tmp/workdir/hadoop-ozone/integration-test/target/test-dir/MiniOzoneClusterImpl-cde32a4e-e365-4eba-9bc1-7f9b124dac02/datanode-1/data/ratis/831fff59-fd88-4bbf-8144-c6c8e090056c close()
2019-07-14 04:43:09,771 INFO  impl.RaftServerProxy (RaftServerProxy.java:remove(95)) - 60a1f487-3869-438b-9653-4786ac435c84: remove FOLLOWER group-C6C8E090056C 60a1f487-3869-438b-9653-4786ac435c84:t1, leader=81f2cfd3-4e6d-4976-acdf-5fc3d3480df9, voted=81f2cfd3-4e6d-4976-acdf-5fc3d3480df9, raftlog=60a1f487-3869-438b-9653-4786ac435c84-SegmentedRaftLog:OPENED:c8,f12,i12, conf=0: [60a1f487-3869-438b-9653-4786ac435c84:192.168.5.157:34505, 81f2cfd3-4e6d-4976-acdf-5fc3d3480df9:192.168.5.157:36380, a490aa72-b079-4a27-a857-8651cf52422d:192.168.5.157:35222], old=null RUNNING
2019-07-14 04:43:09,771 INFO  impl.RaftServerImpl (RaftServerImpl.java:lambda$shutdown$3(245)) - 60a1f487-3869-438b-9653-4786ac435c84: shutdown group-C6C8E090056C
2019-07-14 04:43:09,771 INFO  util.JmxRegister (JmxRegister.java:unregister(73)) - Successfully un-registered JMX Bean with object name Ratis:service=RaftServer,group=group-C6C8E090056C,id=60a1f487-3869-438b-9653-4786ac435c84
2019-07-14 04:43:09,772 INFO  impl.RoleInfo (RoleInfo.java:shutdownFollowerState(121)) - 60a1f487-3869-438b-9653-4786ac435c84: shutdown FollowerState
2019-07-14 04:43:09,772 INFO  impl.StateMachineUpdater (StateMachineUpdater.java:stopAndJoin(115)) - StateMachineUpdater:60a1f487-3869-438b-9653-4786ac435c84:group-C6C8E090056C: set stopIndex = 8
2019-07-14 04:43:09,772 INFO  ratis.ContainerStateMachine (ContainerStateMachine.java:takeSnapshot(246)) - Taking snapshot at termIndex:(t:1, i:8)
2019-07-14 04:43:09,774 INFO  ratis.ContainerStateMachine (ContainerStateMachine.java:takeSnapshot(250)) - Taking a snapshot to file /tmp/workdir/hadoop-ozone/integration-test/target/test-dir/MiniOzoneClusterImpl-cde32a4e-e365-4eba-9bc1-7f9b124dac02/datanode-6/data/ratis/831fff59-fd88-4bbf-8144-c6c8e090056c/sm/snapshot.1_8
2019-07-14 04:43:09,772 INFO  impl.FollowerState (FollowerState.java:run(114)) - 60a1f487-3869-438b-9653-4786ac435c84: FollowerState was interrupted: java.lang.InterruptedException: sleep interrupted
2019-07-14 04:43:09,776 INFO  impl.StateMachineUpdater (StateMachineUpdater.java:takeSnapshot(242)) - StateMachineUpdater:60a1f487-3869-438b-9653-4786ac435c84:group-C6C8E090056C: Took a snapshot at index 8
2019-07-14 04:43:09,776 INFO  impl.StateMachineUpdater (StateMachineUpdater.java:lambda$new$0(80)) - StateMachineUpdater:60a1f487-3869-438b-9653-4786ac435c84:group-C6C8E090056C: snapshotIndex: updateIncreasingly -1 -> 8
2019-07-14 04:43:09,777 INFO  impl.RaftServerImpl (ServerState.java:close(394)) - 60a1f487-3869-438b-9653-4786ac435c84:group-C6C8E090056C closes. The last applied log index is 8
2019-07-14 04:43:09,777 INFO  segmented.SegmentedRaftLogWorker (SegmentedRaftLogWorker.java:run(313)) - 60a1f487-3869-438b-9653-4786ac435c84-SegmentedRaftLogWorker:Storage Directory /tmp/workdir/hadoop-ozone/integration-test/target/test-dir/MiniOzoneClusterImpl-cde32a4e-e365-4eba-9bc1-7f9b124dac02/datanode-6/data/ratis/831fff59-fd88-4bbf-8144-c6c8e090056c was interrupted, exiting. There are 0 tasks remaining in the queue.
2019-07-14 04:43:09,779 INFO  segmented.SegmentedRaftLogWorker (SegmentedRaftLogWorker.java:close(228)) - 60a1f487-3869-438b-9653-4786ac435c84-SegmentedRaftLogWorker:Storage Directory /tmp/workdir/hadoop-ozone/integration-test/target/test-dir/MiniOzoneClusterImpl-cde32a4e-e365-4eba-9bc1-7f9b124dac02/datanode-6/data/ratis/831fff59-fd88-4bbf-8144-c6c8e090056c close()
2019-07-14 04:43:09,797 INFO  impl.RaftServerProxy (RaftServerProxy.java:remove(95)) - 81f2cfd3-4e6d-4976-acdf-5fc3d3480df9: remove   LEADER group-C6C8E090056C 81f2cfd3-4e6d-4976-acdf-5fc3d3480df9:t1, leader=81f2cfd3-4e6d-4976-acdf-5fc3d3480df9, voted=81f2cfd3-4e6d-4976-acdf-5fc3d3480df9, raftlog=81f2cfd3-4e6d-4976-acdf-5fc3d3480df9-SegmentedRaftLog:OPENED:c12,f12,i12, conf=0: [60a1f487-3869-438b-9653-4786ac435c84:192.168.5.157:34505, 81f2cfd3-4e6d-4976-acdf-5fc3d3480df9:192.168.5.157:36380, a490aa72-b079-4a27-a857-8651cf52422d:192.168.5.157:35222], old=null RUNNING
2019-07-14 04:43:09,797 INFO  impl.RaftServerImpl (RaftServerImpl.java:lambda$shutdown$3(245)) - 81f2cfd3-4e6d-4976-acdf-5fc3d3480df9: shutdown group-C6C8E090056C
2019-07-14 04:43:09,798 INFO  util.JmxRegister (JmxRegister.java:unregister(73)) - Successfully un-registered JMX Bean with object name Ratis:service=RaftServer,group=group-C6C8E090056C,id=81f2cfd3-4e6d-4976-acdf-5fc3d3480df9
2019-07-14 04:43:09,798 INFO  impl.RoleInfo (RoleInfo.java:shutdownLeaderState(104)) - 81f2cfd3-4e6d-4976-acdf-5fc3d3480df9: shutdown LeaderState
2019-07-14 04:43:09,802 INFO  impl.PendingRequests (PendingRequests.java:sendNotLeaderResponses(202)) - 81f2cfd3-4e6d-4976-acdf-5fc3d3480df9-PendingRequests: sendNotLeaderResponses
2019-07-14 04:43:09,802 WARN  server.GrpcLogAppender (GrpcLogAppender.java:mayWait(143)) - GrpcLogAppender(81f2cfd3-4e6d-4976-acdf-5fc3d3480df9->60a1f487-3869-438b-9653-4786ac435c84): Wait interrupted by java.lang.InterruptedException
2019-07-14 04:43:09,802 WARN  server.GrpcLogAppender (GrpcLogAppender.java:mayWait(143)) - GrpcLogAppender(81f2cfd3-4e6d-4976-acdf-5fc3d3480df9->a490aa72-b079-4a27-a857-8651cf52422d): Wait interrupted by java.lang.InterruptedException
2019-07-14 04:43:09,812 INFO  server.GrpcServerProtocolService (GrpcServerProtocolService.java:onCompleted(104)) - a490aa72-b079-4a27-a857-8651cf52422d: appendEntries completed
2019-07-14 04:43:09,812 INFO  server.GrpcServerProtocolService (GrpcServerProtocolService.java:onCompleted(104)) - 60a1f487-3869-438b-9653-4786ac435c84: appendEntries completed
2019-07-14 04:43:09,823 INFO  server.GrpcLogAppender (GrpcLogAppender.java:onCompleted(292)) - 81f2cfd3-4e6d-4976-acdf-5fc3d3480df9->a490aa72-b079-4a27-a857-8651cf52422d: follower responses appendEntries COMPLETED
2019-07-14 04:43:09,825 INFO  server.GrpcLogAppender (GrpcLogAppender.java:onCompleted(292)) - 81f2cfd3-4e6d-4976-acdf-5fc3d3480df9->60a1f487-3869-438b-9653-4786ac435c84: follower responses appendEntries COMPLETED
2019-07-14 04:43:09,831 INFO  impl.FollowerInfo (FollowerInfo.java:lambda$new$0(50)) - 81f2cfd3-4e6d-4976-acdf-5fc3d3480df9->a490aa72-b079-4a27-a857-8651cf52422d: nextIndex: updateUnconditionally 13 -> 12
2019-07-14 04:43:09,831 INFO  impl.FollowerInfo (FollowerInfo.java:lambda$new$0(50)) - 81f2cfd3-4e6d-4976-acdf-5fc3d3480df9->60a1f487-3869-438b-9653-4786ac435c84: nextIndex: updateUnconditionally 13 -> 12
2019-07-14 04:43:09,835 INFO  impl.StateMachineUpdater (StateMachineUpdater.java:stopAndJoin(115)) - StateMachineUpdater:81f2cfd3-4e6d-4976-acdf-5fc3d3480df9:group-C6C8E090056C: set stopIndex = 12
2019-07-14 04:43:09,835 INFO  ratis.ContainerStateMachine (ContainerStateMachine.java:takeSnapshot(246)) - Taking snapshot at termIndex:(t:1, i:12)
2019-07-14 04:43:09,836 INFO  ratis.ContainerStateMachine (ContainerStateMachine.java:takeSnapshot(250)) - Taking a snapshot to file /tmp/workdir/hadoop-ozone/integration-test/target/test-dir/MiniOzoneClusterImpl-cde32a4e-e365-4eba-9bc1-7f9b124dac02/datanode-5/data/ratis/831fff59-fd88-4bbf-8144-c6c8e090056c/sm/snapshot.1_12
2019-07-14 04:43:09,838 INFO  impl.StateMachineUpdater (StateMachineUpdater.java:takeSnapshot(242)) - StateMachineUpdater:81f2cfd3-4e6d-4976-acdf-5fc3d3480df9:group-C6C8E090056C: Took a snapshot at index 12
2019-07-14 04:43:09,838 INFO  impl.StateMachineUpdater (StateMachineUpdater.java:lambda$new$0(80)) - StateMachineUpdater:81f2cfd3-4e6d-4976-acdf-5fc3d3480df9:group-C6C8E090056C: snapshotIndex: updateIncreasingly -1 -> 12
2019-07-14 04:43:09,838 INFO  impl.RaftServerImpl (ServerState.java:close(394)) - 81f2cfd3-4e6d-4976-acdf-5fc3d3480df9:group-C6C8E090056C closes. The last applied log index is 12
2019-07-14 04:43:09,839 INFO  segmented.SegmentedRaftLogWorker (SegmentedRaftLogWorker.java:run(313)) - 81f2cfd3-4e6d-4976-acdf-5fc3d3480df9-SegmentedRaftLogWorker:Storage Directory /tmp/workdir/hadoop-ozone/integration-test/target/test-dir/MiniOzoneClusterImpl-cde32a4e-e365-4eba-9bc1-7f9b124dac02/datanode-5/data/ratis/831fff59-fd88-4bbf-8144-c6c8e090056c was interrupted, exiting. There are 0 tasks remaining in the queue.
2019-07-14 04:43:09,841 INFO  segmented.SegmentedRaftLogWorker (SegmentedRaftLogWorker.java:close(228)) - 81f2cfd3-4e6d-4976-acdf-5fc3d3480df9-SegmentedRaftLogWorker:Storage Directory /tmp/workdir/hadoop-ozone/integration-test/target/test-dir/MiniOzoneClusterImpl-cde32a4e-e365-4eba-9bc1-7f9b124dac02/datanode-5/data/ratis/831fff59-fd88-4bbf-8144-c6c8e090056c close()
2019-07-14 04:43:09,850 INFO  pipeline.PipelineStateManager (PipelineStateManager.java:removePipeline(108)) - Pipeline Pipeline[ Id: 831fff59-fd88-4bbf-8144-c6c8e090056c, Nodes: a490aa72-b079-4a27-a857-8651cf52422d{ip: 192.168.5.157, host: trunk-nightly-6h29n-2077950039, networkLocation: /default-rack, certSerialId: null}60a1f487-3869-438b-9653-4786ac435c84{ip: 192.168.5.157, host: trunk-nightly-6h29n-2077950039, networkLocation: /default-rack, certSerialId: null}81f2cfd3-4e6d-4976-acdf-5fc3d3480df9{ip: 192.168.5.157, host: trunk-nightly-6h29n-2077950039, networkLocation: /default-rack, certSerialId: null}, Type:RATIS, Factor:THREE, State:CLOSED] removed from db
2019-07-14 04:43:09,851 INFO  ratis.XceiverServerRatis (XceiverServerRatis.java:getPipelineIds(614)) - pipeline id PipelineID=a697732e-deba-4ff5-ab58-4dde6740278d
2019-07-14 04:43:09,851 INFO  ratis.XceiverServerRatis (XceiverServerRatis.java:getPipelineIds(614)) - pipeline id PipelineID=a8d9320c-ce1d-4d7e-82e4-3fa1da8182b3
2019-07-14 04:43:09,852 INFO  ratis.XceiverServerRatis (XceiverServerRatis.java:getPipelineIds(614)) - pipeline id PipelineID=5b7b22cd-1c68-4bcb-a623-a66da8e8e0db
2019-07-14 04:43:09,875 INFO  impl.RaftServerProxy (RaftServerProxy.java:addNew(89)) - 81f2cfd3-4e6d-4976-acdf-5fc3d3480df9: addNew group-0D056DBD3178:[60a1f487-3869-438b-9653-4786ac435c84:192.168.5.157:34505, 81f2cfd3-4e6d-4976-acdf-5fc3d3480df9:192.168.5.157:36380, a490aa72-b079-4a27-a857-8651cf52422d:192.168.5.157:35222] returns group-0D056DBD3178:java.util.concurrent.CompletableFuture@66272b39[Not completed]
2019-07-14 04:43:09,883 INFO  impl.RaftServerProxy (RaftServerProxy.java:addNew(89)) - 60a1f487-3869-438b-9653-4786ac435c84: addNew group-0D056DBD3178:[60a1f487-3869-438b-9653-4786ac435c84:192.168.5.157:34505, 81f2cfd3-4e6d-4976-acdf-5fc3d3480df9:192.168.5.157:36380, a490aa72-b079-4a27-a857-8651cf52422d:192.168.5.157:35222] returns group-0D056DBD3178:java.util.concurrent.CompletableFuture@4f51dc71[Not completed]
2019-07-14 04:43:09,886 INFO  impl.RaftServerProxy (RaftServerProxy.java:addNew(89)) - a490aa72-b079-4a27-a857-8651cf52422d: addNew group-0D056DBD3178:[60a1f487-3869-438b-9653-4786ac435c84:192.168.5.157:34505, 81f2cfd3-4e6d-4976-acdf-5fc3d3480df9:192.168.5.157:36380, a490aa72-b079-4a27-a857-8651cf52422d:192.168.5.157:35222] returns group-0D056DBD3178:java.util.concurrent.CompletableFuture@3c3de923[Not completed]
2019-07-14 04:43:09,887 INFO  impl.RaftServerImpl (RaftServerImpl.java:<init>(93)) - 81f2cfd3-4e6d-4976-acdf-5fc3d3480df9: new RaftServerImpl for group-0D056DBD3178:[60a1f487-3869-438b-9653-4786ac435c84:192.168.5.157:34505, 81f2cfd3-4e6d-4976-acdf-5fc3d3480df9:192.168.5.157:36380, a490aa72-b079-4a27-a857-8651cf52422d:192.168.5.157:35222] with ContainerStateMachine:uninitialized
2019-07-14 04:43:09,887 INFO  server.RaftServerConfigKeys (ConfUtils.java:logGet(43)) - raft.server.rpc.timeout.min = 5s (custom)
2019-07-14 04:43:09,887 INFO  server.RaftServerConfigKeys (ConfUtils.java:logGet(43)) - raft.server.rpc.timeout.max = 5200ms (custom)
2019-07-14 04:43:09,887 INFO  server.RaftServerConfigKeys (ConfUtils.java:logGet(43)) - raft.server.rpcslowness.timeout = 120s (custom)
2019-07-14 04:43:09,887 INFO  server.RaftServerConfigKeys (ConfUtils.java:logGet(43)) - raft.server.sleep.deviation.threshold = 300 (default)
2019-07-14 04:43:09,888 INFO  impl.RaftServerImpl (RaftServerImpl.java:<init>(93)) - a490aa72-b079-4a27-a857-8651cf52422d: new RaftServerImpl for group-0D056DBD3178:[60a1f487-3869-438b-9653-4786ac435c84:192.168.5.157:34505, 81f2cfd3-4e6d-4976-acdf-5fc3d3480df9:192.168.5.157:36380, a490aa72-b079-4a27-a857-8651cf52422d:192.168.5.157:35222] with ContainerStateMachine:uninitialized
2019-07-14 04:43:09,888 INFO  server.RaftServerConfigKeys (ConfUtils.java:logGet(43)) - raft.server.log.appender.install.snapshot.enabled = false (custom)
2019-07-14 04:43:09,888 INFO  server.RaftServerConfigKeys (ConfUtils.java:logGet(43)) - raft.server.rpc.timeout.min = 5s (custom)
2019-07-14 04:43:09,888 INFO  impl.RaftServerImpl (ServerState.java:<init>(105)) - 81f2cfd3-4e6d-4976-acdf-5fc3d3480df9:group-0D056DBD3178 ConfigurationManager, init=-1: [60a1f487-3869-438b-9653-4786ac435c84:192.168.5.157:34505, 81f2cfd3-4e6d-4976-acdf-5fc3d3480df9:192.168.5.157:36380, a490aa72-b079-4a27-a857-8651cf52422d:192.168.5.157:35222], old=null, confs=<EMPTY_MAP>
2019-07-14 04:43:09,888 INFO  server.RaftServerConfigKeys (ConfUtils.java:logGet(43)) - raft.server.rpc.timeout.max = 5200ms (custom)
2019-07-14 04:43:09,888 INFO  server.RaftServerConfigKeys (ConfUtils.java:logGet(43)) - raft.server.rpcslowness.timeout = 120s (custom)
2019-07-14 04:43:09,888 INFO  server.RaftServerConfigKeys (ConfUtils.java:logGet(43)) - raft.server.storage.dir = [/tmp/workdir/hadoop-ozone/integration-test/target/test-dir/MiniOzoneClusterImpl-cde32a4e-e365-4eba-9bc1-7f9b124dac02/datanode-5/data/ratis] (custom)
2019-07-14 04:43:09,888 INFO  impl.RaftServerImpl (RaftServerImpl.java:<init>(93)) - 60a1f487-3869-438b-9653-4786ac435c84: new RaftServerImpl for group-0D056DBD3178:[60a1f487-3869-438b-9653-4786ac435c84:192.168.5.157:34505, 81f2cfd3-4e6d-4976-acdf-5fc3d3480df9:192.168.5.157:36380, a490aa72-b079-4a27-a857-8651cf52422d:192.168.5.157:35222] with ContainerStateMachine:uninitialized
2019-07-14 04:43:09,888 INFO  server.RaftServerConfigKeys (ConfUtils.java:logGet(43)) - raft.server.sleep.deviation.threshold = 300 (default)
2019-07-14 04:43:09,889 INFO  server.RaftServerConfigKeys (ConfUtils.java:logGet(43)) - raft.server.rpc.timeout.min = 5s (custom)
2019-07-14 04:43:09,889 INFO  server.RaftServerConfigKeys (ConfUtils.java:logGet(43)) - raft.server.log.appender.install.snapshot.enabled = false (custom)
2019-07-14 04:43:09,889 INFO  server.RaftServerConfigKeys (ConfUtils.java:logGet(43)) - raft.server.rpc.timeout.max = 5200ms (custom)
2019-07-14 04:43:09,889 INFO  storage.RaftStorageDirectory (RaftStorageDirectory.java:analyzeStorage(246)) - The storage directory /tmp/workdir/hadoop-ozone/integration-test/target/test-dir/MiniOzoneClusterImpl-cde32a4e-e365-4eba-9bc1-7f9b124dac02/datanode-5/data/ratis/de6f0c09-7777-4d36-aea7-0d056dbd3178 does not exist. Creating ...
2019-07-14 04:43:09,889 INFO  server.RaftServerConfigKeys (ConfUtils.java:logGet(43)) - raft.server.rpcslowness.timeout = 120s (custom)
2019-07-14 04:43:09,890 INFO  server.RaftServerConfigKeys (ConfUtils.java:logGet(43)) - raft.server.sleep.deviation.threshold = 300 (default)
2019-07-14 04:43:09,889 INFO  impl.RaftServerImpl (ServerState.java:<init>(105)) - a490aa72-b079-4a27-a857-8651cf52422d:group-0D056DBD3178 ConfigurationManager, init=-1: [60a1f487-3869-438b-9653-4786ac435c84:192.168.5.157:34505, 81f2cfd3-4e6d-4976-acdf-5fc3d3480df9:192.168.5.157:36380, a490aa72-b079-4a27-a857-8651cf52422d:192.168.5.157:35222], old=null, confs=<EMPTY_MAP>
2019-07-14 04:43:09,890 INFO  server.RaftServerConfigKeys (ConfUtils.java:logGet(43)) - raft.server.log.appender.install.snapshot.enabled = false (custom)
2019-07-14 04:43:09,890 INFO  server.RaftServerConfigKeys (ConfUtils.java:logGet(43)) - raft.server.storage.dir = [/tmp/workdir/hadoop-ozone/integration-test/target/test-dir/MiniOzoneClusterImpl-cde32a4e-e365-4eba-9bc1-7f9b124dac02/datanode-1/data/ratis] (custom)
2019-07-14 04:43:09,890 INFO  impl.RaftServerImpl (ServerState.java:<init>(105)) - 60a1f487-3869-438b-9653-4786ac435c84:group-0D056DBD3178 ConfigurationManager, init=-1: [60a1f487-3869-438b-9653-4786ac435c84:192.168.5.157:34505, 81f2cfd3-4e6d-4976-acdf-5fc3d3480df9:192.168.5.157:36380, a490aa72-b079-4a27-a857-8651cf52422d:192.168.5.157:35222], old=null, confs=<EMPTY_MAP>
2019-07-14 04:43:09,890 INFO  server.RaftServerConfigKeys (ConfUtils.java:logGet(43)) - raft.server.storage.dir = [/tmp/workdir/hadoop-ozone/integration-test/target/test-dir/MiniOzoneClusterImpl-cde32a4e-e365-4eba-9bc1-7f9b124dac02/datanode-6/data/ratis] (custom)
2019-07-14 04:43:09,890 INFO  storage.RaftStorageDirectory (RaftStorageDirectory.java:analyzeStorage(246)) - The storage directory /tmp/workdir/hadoop-ozone/integration-test/target/test-dir/MiniOzoneClusterImpl-cde32a4e-e365-4eba-9bc1-7f9b124dac02/datanode-1/data/ratis/de6f0c09-7777-4d36-aea7-0d056dbd3178 does not exist. Creating ...
2019-07-14 04:43:09,891 INFO  storage.RaftStorageDirectory (RaftStorageDirectory.java:analyzeStorage(246)) - The storage directory /tmp/workdir/hadoop-ozone/integration-test/target/test-dir/MiniOzoneClusterImpl-cde32a4e-e365-4eba-9bc1-7f9b124dac02/datanode-6/data/ratis/de6f0c09-7777-4d36-aea7-0d056dbd3178 does not exist. Creating ...
2019-07-14 04:43:09,902 INFO  storage.RaftStorageDirectory (RaftStorageDirectory.java:tryLock(328)) - Lock on /tmp/workdir/hadoop-ozone/integration-test/target/test-dir/MiniOzoneClusterImpl-cde32a4e-e365-4eba-9bc1-7f9b124dac02/datanode-6/data/ratis/de6f0c09-7777-4d36-aea7-0d056dbd3178/in_use.lock acquired by nodename 935@trunk-nightly-6h29n-2077950039
2019-07-14 04:43:09,902 INFO  storage.RaftStorageDirectory (RaftStorageDirectory.java:tryLock(328)) - Lock on /tmp/workdir/hadoop-ozone/integration-test/target/test-dir/MiniOzoneClusterImpl-cde32a4e-e365-4eba-9bc1-7f9b124dac02/datanode-1/data/ratis/de6f0c09-7777-4d36-aea7-0d056dbd3178/in_use.lock acquired by nodename 935@trunk-nightly-6h29n-2077950039
2019-07-14 04:43:09,902 INFO  storage.RaftStorageDirectory (RaftStorageDirectory.java:tryLock(328)) - Lock on /tmp/workdir/hadoop-ozone/integration-test/target/test-dir/MiniOzoneClusterImpl-cde32a4e-e365-4eba-9bc1-7f9b124dac02/datanode-5/data/ratis/de6f0c09-7777-4d36-aea7-0d056dbd3178/in_use.lock acquired by nodename 935@trunk-nightly-6h29n-2077950039
2019-07-14 04:43:09,913 INFO  storage.RaftStorage (RaftStorage.java:format(72)) - Storage directory /tmp/workdir/hadoop-ozone/integration-test/target/test-dir/MiniOzoneClusterImpl-cde32a4e-e365-4eba-9bc1-7f9b124dac02/datanode-5/data/ratis/de6f0c09-7777-4d36-aea7-0d056dbd3178 has been successfully formatted.
2019-07-14 04:43:09,913 INFO  storage.RaftStorage (RaftStorage.java:format(72)) - Storage directory /tmp/workdir/hadoop-ozone/integration-test/target/test-dir/MiniOzoneClusterImpl-cde32a4e-e365-4eba-9bc1-7f9b124dac02/datanode-6/data/ratis/de6f0c09-7777-4d36-aea7-0d056dbd3178 has been successfully formatted.
2019-07-14 04:43:09,913 INFO  storage.RaftStorage (RaftStorage.java:format(72)) - Storage directory /tmp/workdir/hadoop-ozone/integration-test/target/test-dir/MiniOzoneClusterImpl-cde32a4e-e365-4eba-9bc1-7f9b124dac02/datanode-1/data/ratis/de6f0c09-7777-4d36-aea7-0d056dbd3178 has been successfully formatted.
2019-07-14 04:43:09,913 INFO  ratis.ContainerStateMachine (ContainerStateMachine.java:loadSnapshot(200)) - The snapshot info is null.Setting the last applied index to:(t:0, i:~)
2019-07-14 04:43:09,913 INFO  server.RaftServerConfigKeys (ConfUtils.java:logGet(43)) - raft.server.leader.election.timeout = 120s (custom)
2019-07-14 04:43:09,914 INFO  server.RaftServerConfigKeys (ConfUtils.java:logGet(43)) - raft.server.log.use.memory = false (default)
2019-07-14 04:43:09,914 INFO  ratis.ContainerStateMachine (ContainerStateMachine.java:loadSnapshot(200)) - The snapshot info is null.Setting the last applied index to:(t:0, i:~)
2019-07-14 04:43:09,914 INFO  ratis.ContainerStateMachine (ContainerStateMachine.java:loadSnapshot(200)) - The snapshot info is null.Setting the last applied index to:(t:0, i:~)
2019-07-14 04:43:09,914 INFO  server.RaftServerConfigKeys (ConfUtils.java:logGet(43)) - raft.server.leader.election.timeout = 120s (custom)
2019-07-14 04:43:09,914 INFO  server.RaftServerConfigKeys (ConfUtils.java:logGet(43)) - raft.server.log.purge.gap = 1000000000 (custom)
2019-07-14 04:43:09,914 INFO  server.RaftServerConfigKeys (ConfUtils.java:logGet(43)) - raft.server.log.use.memory = false (default)
2019-07-14 04:43:09,914 INFO  server.RaftServerConfigKeys (ConfUtils.java:logGet(43)) - raft.server.leader.election.timeout = 120s (custom)
2019-07-14 04:43:09,915 INFO  server.RaftServerConfigKeys (ConfUtils.java:logGet(43)) - raft.server.log.purge.gap = 1000000000 (custom)
2019-07-14 04:43:09,915 INFO  server.RaftServerConfigKeys (ConfUtils.java:logGet(43)) - raft.server.log.appender.buffer.byte-limit = 33554432 (custom)
2019-07-14 04:43:09,915 INFO  server.RaftServerConfigKeys (ConfUtils.java:logGet(43)) - raft.server.log.appender.buffer.byte-limit = 33554432 (custom)
2019-07-14 04:43:09,915 INFO  server.RaftServerConfigKeys (ConfUtils.java:logGet(43)) - raft.server.log.use.memory = false (default)
2019-07-14 04:43:09,915 INFO  server.RaftServerConfigKeys (ConfUtils.java:logGet(43)) - raft.server.log.segment.size.max = 1048576 (custom)
2019-07-14 04:43:09,915 INFO  server.RaftServerConfigKeys (ConfUtils.java:logGet(43)) - raft.server.log.segment.size.max = 1048576 (custom)
2019-07-14 04:43:09,916 INFO  server.RaftServerConfigKeys (ConfUtils.java:logGet(43)) - raft.server.log.segment.cache.num.max = 2 (custom)
2019-07-14 04:43:09,915 INFO  server.RaftServerConfigKeys (ConfUtils.java:logGet(43)) - raft.server.log.purge.gap = 1000000000 (custom)
2019-07-14 04:43:09,916 INFO  segmented.SegmentedRaftLogWorker (SegmentedRaftLogWorker.java:<init>(172)) - new a490aa72-b079-4a27-a857-8651cf52422d-SegmentedRaftLogWorker:Storage Directory /tmp/workdir/hadoop-ozone/integration-test/target/test-dir/MiniOzoneClusterImpl-cde32a4e-e365-4eba-9bc1-7f9b124dac02/datanode-1/data/ratis/de6f0c09-7777-4d36-aea7-0d056dbd3178 for RaftStorage:Storage Directory /tmp/workdir/hadoop-ozone/integration-test/target/test-dir/MiniOzoneClusterImpl-cde32a4e-e365-4eba-9bc1-7f9b124dac02/datanode-1/data/ratis/de6f0c09-7777-4d36-aea7-0d056dbd3178
2019-07-14 04:43:09,916 INFO  server.RaftServerConfigKeys (ConfUtils.java:logGet(43)) - raft.server.log.segment.cache.num.max = 2 (custom)
2019-07-14 04:43:09,916 INFO  server.RaftServerConfigKeys (ConfUtils.java:logGet(43)) - raft.server.log.queue.byte-limit = 2147483647 (custom)
2019-07-14 04:43:09,916 INFO  server.RaftServerConfigKeys (ConfUtils.java:logGet(43)) - raft.server.log.appender.buffer.byte-limit = 33554432 (custom)
2019-07-14 04:43:09,917 INFO  server.RaftServerConfigKeys (ConfUtils.java:logGet(43)) - raft.server.log.queue.element-limit = 1024 (custom)
2019-07-14 04:43:09,917 INFO  segmented.SegmentedRaftLogWorker (SegmentedRaftLogWorker.java:<init>(172)) - new 60a1f487-3869-438b-9653-4786ac435c84-SegmentedRaftLogWorker:Storage Directory /tmp/workdir/hadoop-ozone/integration-test/target/test-dir/MiniOzoneClusterImpl-cde32a4e-e365-4eba-9bc1-7f9b124dac02/datanode-6/data/ratis/de6f0c09-7777-4d36-aea7-0d056dbd3178 for RaftStorage:Storage Directory /tmp/workdir/hadoop-ozone/integration-test/target/test-dir/MiniOzoneClusterImpl-cde32a4e-e365-4eba-9bc1-7f9b124dac02/datanode-6/data/ratis/de6f0c09-7777-4d36-aea7-0d056dbd3178
2019-07-14 04:43:09,917 INFO  server.RaftServerConfigKeys (ConfUtils.java:logGet(43)) - raft.server.log.segment.size.max = 1048576 (custom)
2019-07-14 04:43:09,917 INFO  server.RaftServerConfigKeys (ConfUtils.java:logGet(43)) - raft.server.log.segment.size.max = 1048576 (custom)
2019-07-14 04:43:09,917 INFO  server.RaftServerConfigKeys (ConfUtils.java:logGet(43)) - raft.server.log.preallocated.size = 16384 (custom)
2019-07-14 04:43:09,917 INFO  server.RaftServerConfigKeys (ConfUtils.java:logGet(43)) - raft.server.log.queue.byte-limit = 2147483647 (custom)
2019-07-14 04:43:09,918 INFO  server.RaftServerConfigKeys (ConfUtils.java:logGet(43)) - raft.server.log.write.buffer.size = 33554432 (custom)
2019-07-14 04:43:09,918 INFO  server.RaftServerConfigKeys (ConfUtils.java:logGet(43)) - raft.server.log.segment.cache.num.max = 2 (custom)
2019-07-14 04:43:09,918 INFO  server.RaftServerConfigKeys (ConfUtils.java:logGet(43)) - raft.server.log.force.sync.num = 128 (default)
2019-07-14 04:43:09,918 INFO  server.RaftServerConfigKeys (ConfUtils.java:logGet(43)) - raft.server.log.queue.element-limit = 1024 (custom)
2019-07-14 04:43:09,918 INFO  server.RaftServerConfigKeys (ConfUtils.java:logGet(43)) - raft.server.log.statemachine.data.sync = true (default)
2019-07-14 04:43:09,918 INFO  segmented.SegmentedRaftLogWorker (SegmentedRaftLogWorker.java:<init>(172)) - new 81f2cfd3-4e6d-4976-acdf-5fc3d3480df9-SegmentedRaftLogWorker:Storage Directory /tmp/workdir/hadoop-ozone/integration-test/target/test-dir/MiniOzoneClusterImpl-cde32a4e-e365-4eba-9bc1-7f9b124dac02/datanode-5/data/ratis/de6f0c09-7777-4d36-aea7-0d056dbd3178 for RaftStorage:Storage Directory /tmp/workdir/hadoop-ozone/integration-test/target/test-dir/MiniOzoneClusterImpl-cde32a4e-e365-4eba-9bc1-7f9b124dac02/datanode-5/data/ratis/de6f0c09-7777-4d36-aea7-0d056dbd3178
2019-07-14 04:43:09,919 INFO  server.RaftServerConfigKeys (ConfUtils.java:logGet(43)) - raft.server.log.statemachine.data.sync.timeout = 10s (default)
2019-07-14 04:43:09,919 INFO  server.RaftServerConfigKeys (ConfUtils.java:logGet(43)) - raft.server.log.segment.size.max = 1048576 (custom)
2019-07-14 04:43:09,919 INFO  server.RaftServerConfigKeys (ConfUtils.java:logGet(43)) - raft.server.log.statemachine.data.sync.timeout.retry = -1 (default)
2019-07-14 04:43:09,919 INFO  server.RaftServerConfigKeys (ConfUtils.java:logGet(43)) - raft.server.log.queue.byte-limit = 2147483647 (custom)
2019-07-14 04:43:09,920 INFO  server.RaftServerConfigKeys (ConfUtils.java:logGet(43)) - raft.server.log.statemachine.data.caching.enabled = true (custom)
2019-07-14 04:43:09,919 INFO  server.RaftServerConfigKeys (ConfUtils.java:logGet(43)) - raft.server.log.preallocated.size = 16384 (custom)
2019-07-14 04:43:09,920 INFO  server.RaftServerConfigKeys (ConfUtils.java:logGet(43)) - raft.server.log.queue.element-limit = 1024 (custom)
2019-07-14 04:43:09,920 INFO  segmented.SegmentedRaftLogWorker (SegmentedRaftLogWorker.java:lambda$new$0(132)) - a490aa72-b079-4a27-a857-8651cf52422d-SegmentedRaftLogWorker:Storage Directory /tmp/workdir/hadoop-ozone/integration-test/target/test-dir/MiniOzoneClusterImpl-cde32a4e-e365-4eba-9bc1-7f9b124dac02/datanode-1/data/ratis/de6f0c09-7777-4d36-aea7-0d056dbd3178: flushIndex: setUnconditionally 0 -> -1
2019-07-14 04:43:09,920 INFO  server.RaftServerConfigKeys (ConfUtils.java:logGet(43)) - raft.server.log.write.buffer.size = 33554432 (custom)
2019-07-14 04:43:09,920 INFO  server.RaftServerConfigKeys (ConfUtils.java:logGet(43)) - raft.server.log.segment.size.max = 1048576 (custom)
2019-07-14 04:43:09,921 INFO  server.RaftServerConfigKeys (ConfUtils.java:logGet(43)) - raft.server.snapshot.auto.trigger.enabled = true (custom)
2019-07-14 04:43:09,921 INFO  server.RaftServerConfigKeys (ConfUtils.java:logGet(43)) - raft.server.log.force.sync.num = 128 (default)
2019-07-14 04:43:09,921 INFO  server.RaftServerConfigKeys (ConfUtils.java:logGet(43)) - raft.server.snapshot.auto.trigger.threshold = 10000 (custom)
2019-07-14 04:43:09,921 INFO  server.RaftServerConfigKeys (ConfUtils.java:logGet(43)) - raft.server.log.preallocated.size = 16384 (custom)
2019-07-14 04:43:09,921 INFO  server.RaftServerConfigKeys (ConfUtils.java:logGet(43)) - raft.server.retrycache.expirytime = 600000ms (custom)
2019-07-14 04:43:09,921 INFO  server.RaftServerConfigKeys (ConfUtils.java:logGet(43)) - raft.server.log.write.buffer.size = 33554432 (custom)
2019-07-14 04:43:09,922 INFO  server.RaftServerConfigKeys (ConfUtils.java:logGet(43)) - raft.server.log.force.sync.num = 128 (default)
2019-07-14 04:43:09,921 INFO  server.RaftServerConfigKeys (ConfUtils.java:logGet(43)) - raft.server.log.statemachine.data.sync = true (default)
2019-07-14 04:43:09,922 INFO  server.RaftServerConfigKeys (ConfUtils.java:logGet(43)) - raft.server.log.statemachine.data.sync = true (default)
2019-07-14 04:43:09,922 INFO  impl.RaftServerImpl (RaftServerImpl.java:start(180)) - a490aa72-b079-4a27-a857-8651cf52422d: start group-0D056DBD3178
2019-07-14 04:43:09,922 INFO  server.RaftServerConfigKeys (ConfUtils.java:logGet(43)) - raft.server.log.statemachine.data.sync.timeout = 10s (default)
2019-07-14 04:43:09,922 INFO  server.RaftServerConfigKeys (ConfUtils.java:logGet(43)) - raft.server.log.statemachine.data.sync.timeout = 10s (default)
2019-07-14 04:43:09,922 INFO  server.RaftServerConfigKeys (ConfUtils.java:logGet(43)) - raft.server.log.statemachine.data.sync.timeout.retry = -1 (default)
2019-07-14 04:43:09,922 INFO  impl.RaftServerImpl (RaftServerImpl.java:setRole(171)) - a490aa72-b079-4a27-a857-8651cf52422d:group-0D056DBD3178 changes role from null to FOLLOWER at term 0 for startAsFollower
2019-07-14 04:43:09,923 INFO  server.RaftServerConfigKeys (ConfUtils.java:logGet(43)) - raft.server.log.statemachine.data.caching.enabled = true (custom)
2019-07-14 04:43:09,923 INFO  impl.RoleInfo (RoleInfo.java:updateAndGet(143)) - a490aa72-b079-4a27-a857-8651cf52422d: start FollowerState
2019-07-14 04:43:09,923 INFO  server.RaftServerConfigKeys (ConfUtils.java:logGet(43)) - raft.server.log.statemachine.data.sync.timeout.retry = -1 (default)
2019-07-14 04:43:09,923 INFO  segmented.SegmentedRaftLogWorker (SegmentedRaftLogWorker.java:lambda$new$0(132)) - 81f2cfd3-4e6d-4976-acdf-5fc3d3480df9-SegmentedRaftLogWorker:Storage Directory /tmp/workdir/hadoop-ozone/integration-test/target/test-dir/MiniOzoneClusterImpl-cde32a4e-e365-4eba-9bc1-7f9b124dac02/datanode-5/data/ratis/de6f0c09-7777-4d36-aea7-0d056dbd3178: flushIndex: setUnconditionally 0 -> -1
2019-07-14 04:43:09,923 INFO  server.RaftServerConfigKeys (ConfUtils.java:logGet(43)) - raft.server.log.statemachine.data.caching.enabled = true (custom)
2019-07-14 04:43:09,924 INFO  server.RaftServerConfigKeys (ConfUtils.java:logGet(43)) - raft.server.snapshot.auto.trigger.enabled = true (custom)
2019-07-14 04:43:09,924 INFO  util.JmxRegister (JmxRegister.java:tryRegister(44)) - Successfully registered JMX Bean with object name Ratis:service=RaftServer,group=group-0D056DBD3178,id=a490aa72-b079-4a27-a857-8651cf52422d
2019-07-14 04:43:09,924 INFO  segmented.SegmentedRaftLogWorker (SegmentedRaftLogWorker.java:lambda$new$0(132)) - 60a1f487-3869-438b-9653-4786ac435c84-SegmentedRaftLogWorker:Storage Directory /tmp/workdir/hadoop-ozone/integration-test/target/test-dir/MiniOzoneClusterImpl-cde32a4e-e365-4eba-9bc1-7f9b124dac02/datanode-6/data/ratis/de6f0c09-7777-4d36-aea7-0d056dbd3178: flushIndex: setUnconditionally 0 -> -1
2019-07-14 04:43:09,924 INFO  server.RaftServerConfigKeys (ConfUtils.java:logGet(43)) - raft.server.snapshot.auto.trigger.threshold = 10000 (custom)
2019-07-14 04:43:09,924 INFO  server.RaftServerConfigKeys (ConfUtils.java:logGet(43)) - raft.server.retrycache.expirytime = 600000ms (custom)
2019-07-14 04:43:09,924 INFO  server.RaftServerConfigKeys (ConfUtils.java:logGet(43)) - raft.server.snapshot.auto.trigger.enabled = true (custom)
2019-07-14 04:43:09,925 INFO  impl.RaftServerImpl (RaftServerImpl.java:start(180)) - 81f2cfd3-4e6d-4976-acdf-5fc3d3480df9: start group-0D056DBD3178
2019-07-14 04:43:09,925 INFO  server.RaftServerConfigKeys (ConfUtils.java:logGet(43)) - raft.server.snapshot.auto.trigger.threshold = 10000 (custom)
2019-07-14 04:43:09,925 INFO  impl.RaftServerImpl (RaftServerImpl.java:setRole(171)) - 81f2cfd3-4e6d-4976-acdf-5fc3d3480df9:group-0D056DBD3178 changes role from null to FOLLOWER at term 0 for startAsFollower
2019-07-14 04:43:09,925 INFO  server.RaftServerConfigKeys (ConfUtils.java:logGet(43)) - raft.server.retrycache.expirytime = 600000ms (custom)
2019-07-14 04:43:09,925 INFO  impl.RoleInfo (RoleInfo.java:updateAndGet(143)) - 81f2cfd3-4e6d-4976-acdf-5fc3d3480df9: start FollowerState
2019-07-14 04:43:09,925 INFO  impl.RaftServerImpl (RaftServerImpl.java:start(180)) - 60a1f487-3869-438b-9653-4786ac435c84: start group-0D056DBD3178
2019-07-14 04:43:09,926 INFO  impl.RaftServerImpl (RaftServerImpl.java:setRole(171)) - 60a1f487-3869-438b-9653-4786ac435c84:group-0D056DBD3178 changes role from null to FOLLOWER at term 0 for startAsFollower
2019-07-14 04:43:09,926 INFO  util.JmxRegister (JmxRegister.java:tryRegister(44)) - Successfully registered JMX Bean with object name Ratis:service=RaftServer,group=group-0D056DBD3178,id=81f2cfd3-4e6d-4976-acdf-5fc3d3480df9
2019-07-14 04:43:09,926 INFO  impl.RoleInfo (RoleInfo.java:updateAndGet(143)) - 60a1f487-3869-438b-9653-4786ac435c84: start FollowerState
2019-07-14 04:43:09,928 INFO  util.JmxRegister (JmxRegister.java:tryRegister(44)) - Successfully registered JMX Bean with object name Ratis:service=RaftServer,group=group-0D056DBD3178,id=60a1f487-3869-438b-9653-4786ac435c84
2019-07-14 04:43:09,936 INFO  pipeline.PipelineStateManager (PipelineStateManager.java:addPipeline(56)) - Created pipeline Pipeline[ Id: de6f0c09-7777-4d36-aea7-0d056dbd3178, Nodes: a490aa72-b079-4a27-a857-8651cf52422d{ip: 192.168.5.157, host: trunk-nightly-6h29n-2077950039, networkLocation: /default-rack, certSerialId: null}60a1f487-3869-438b-9653-4786ac435c84{ip: 192.168.5.157, host: trunk-nightly-6h29n-2077950039, networkLocation: /default-rack, certSerialId: null}81f2cfd3-4e6d-4976-acdf-5fc3d3480df9{ip: 192.168.5.157, host: trunk-nightly-6h29n-2077950039, networkLocation: /default-rack, certSerialId: null}, Type:RATIS, Factor:THREE, State:OPEN]
2019-07-14 04:43:10,934 WARN  io.KeyOutputStream (KeyOutputStream.java:handleException(276)) - Encountered exception java.io.IOException: Unexpected Storage Container Exception: java.util.concurrent.CompletionException: java.util.concurrent.CompletionException: org.apache.ratis.protocol.GroupMismatchException: 81f2cfd3-4e6d-4976-acdf-5fc3d3480df9: group-C6C8E090056C not found. on the pipeline Pipeline[ Id: 831fff59-fd88-4bbf-8144-c6c8e090056c, Nodes: a490aa72-b079-4a27-a857-8651cf52422d{ip: 192.168.5.157, host: trunk-nightly-6h29n-2077950039, networkLocation: /default-rack, certSerialId: null}60a1f487-3869-438b-9653-4786ac435c84{ip: 192.168.5.157, host: trunk-nightly-6h29n-2077950039, networkLocation: /default-rack, certSerialId: null}81f2cfd3-4e6d-4976-acdf-5fc3d3480df9{ip: 192.168.5.157, host: trunk-nightly-6h29n-2077950039, networkLocation: /default-rack, certSerialId: null}, Type:RATIS, Factor:THREE, State:OPEN]. The last committed block length is 400, uncommitted data length is 50 retry count 0
2019-07-14 04:43:10,972 INFO  client.GrpcClientProtocolClient (GrpcClientProtocolClient.java:onNext(255)) - client-227B0DC5E6FD->a490aa72-b079-4a27-a857-8651cf52422d: receive RaftClientReply:client-227B0DC5E6FD->a490aa72-b079-4a27-a857-8651cf52422d@group-0D056DBD3178, cid=27, FAILED org.apache.ratis.protocol.NotLeaderException: Server a490aa72-b079-4a27-a857-8651cf52422d is not the leader (null). Request must be sent to leader., logIndex=0, commits[a490aa72-b079-4a27-a857-8651cf52422d:c-1]
2019-07-14 04:43:12,008 INFO  client.GrpcClientProtocolClient (GrpcClientProtocolClient.java:onNext(255)) - client-227B0DC5E6FD->60a1f487-3869-438b-9653-4786ac435c84: receive RaftClientReply:client-227B0DC5E6FD->60a1f487-3869-438b-9653-4786ac435c84@group-0D056DBD3178, cid=27, FAILED org.apache.ratis.protocol.NotLeaderException: Server 60a1f487-3869-438b-9653-4786ac435c84 is not the leader (null). Request must be sent to leader., logIndex=0, commits[60a1f487-3869-438b-9653-4786ac435c84:c-1]
2019-07-14 04:43:13,031 INFO  client.GrpcClientProtocolClient (GrpcClientProtocolClient.java:onNext(255)) - client-227B0DC5E6FD->a490aa72-b079-4a27-a857-8651cf52422d: receive RaftClientReply:client-227B0DC5E6FD->a490aa72-b079-4a27-a857-8651cf52422d@group-0D056DBD3178, cid=27, FAILED org.apache.ratis.protocol.NotLeaderException: Server a490aa72-b079-4a27-a857-8651cf52422d is not the leader (null). Request must be sent to leader., logIndex=0, commits[a490aa72-b079-4a27-a857-8651cf52422d:c-1]
2019-07-14 04:43:14,068 INFO  client.GrpcClientProtocolClient (GrpcClientProtocolClient.java:onNext(255)) - client-227B0DC5E6FD->81f2cfd3-4e6d-4976-acdf-5fc3d3480df9: receive RaftClientReply:client-227B0DC5E6FD->81f2cfd3-4e6d-4976-acdf-5fc3d3480df9@group-0D056DBD3178, cid=27, FAILED org.apache.ratis.protocol.NotLeaderException: Server 81f2cfd3-4e6d-4976-acdf-5fc3d3480df9 is not the leader (null). Request must be sent to leader., logIndex=0, commits[81f2cfd3-4e6d-4976-acdf-5fc3d3480df9:c-1]
2019-07-14 04:43:14,972 INFO  impl.FollowerState (FollowerState.java:run(106)) - a490aa72-b079-4a27-a857-8651cf52422d:group-0D056DBD3178 changes to CANDIDATE, lastRpcTime:5048, electionTimeout:5048ms
2019-07-14 04:43:14,972 INFO  impl.RoleInfo (RoleInfo.java:shutdownFollowerState(121)) - a490aa72-b079-4a27-a857-8651cf52422d: shutdown FollowerState
2019-07-14 04:43:14,972 INFO  impl.RaftServerImpl (RaftServerImpl.java:setRole(171)) - a490aa72-b079-4a27-a857-8651cf52422d:group-0D056DBD3178 changes role from FOLLOWER to CANDIDATE at term 0 for changeToCandidate
2019-07-14 04:43:14,972 INFO  impl.RoleInfo (RoleInfo.java:updateAndGet(143)) - a490aa72-b079-4a27-a857-8651cf52422d: start LeaderElection
2019-07-14 04:43:15,003 INFO  impl.LeaderElection (LeaderElection.java:askForVotes(181)) - a490aa72-b079-4a27-a857-8651cf52422d:group-0D056DBD3178:LeaderElection12: begin an election at term 1 for -1: [60a1f487-3869-438b-9653-4786ac435c84:192.168.5.157:34505, 81f2cfd3-4e6d-4976-acdf-5fc3d3480df9:192.168.5.157:36380, a490aa72-b079-4a27-a857-8651cf52422d:192.168.5.157:35222], old=null
2019-07-14 04:43:15,011 INFO  impl.RaftServerImpl (RaftServerImpl.java:setRole(171)) - 60a1f487-3869-438b-9653-4786ac435c84:group-0D056DBD3178 changes role from FOLLOWER to FOLLOWER at term 1 for recognizeCandidate:a490aa72-b079-4a27-a857-8651cf52422d
2019-07-14 04:43:15,011 INFO  impl.RaftServerImpl (RaftServerImpl.java:setRole(171)) - 81f2cfd3-4e6d-4976-acdf-5fc3d3480df9:group-0D056DBD3178 changes role from FOLLOWER to FOLLOWER at term 1 for recognizeCandidate:a490aa72-b079-4a27-a857-8651cf52422d
2019-07-14 04:43:15,012 INFO  impl.RoleInfo (RoleInfo.java:shutdownFollowerState(121)) - 60a1f487-3869-438b-9653-4786ac435c84: shutdown FollowerState
2019-07-14 04:43:15,012 INFO  impl.RoleInfo (RoleInfo.java:shutdownFollowerState(121)) - 81f2cfd3-4e6d-4976-acdf-5fc3d3480df9: shutdown FollowerState
2019-07-14 04:43:15,012 INFO  impl.RoleInfo (RoleInfo.java:updateAndGet(143)) - 60a1f487-3869-438b-9653-4786ac435c84: start FollowerState
2019-07-14 04:43:15,013 INFO  impl.FollowerState (FollowerState.java:run(114)) - 81f2cfd3-4e6d-4976-acdf-5fc3d3480df9: FollowerState was interrupted: java.lang.InterruptedException: sleep interrupted
2019-07-14 04:43:15,013 INFO  impl.RoleInfo (RoleInfo.java:updateAndGet(143)) - 81f2cfd3-4e6d-4976-acdf-5fc3d3480df9: start FollowerState
2019-07-14 04:43:15,012 INFO  impl.FollowerState (FollowerState.java:run(114)) - 60a1f487-3869-438b-9653-4786ac435c84: FollowerState was interrupted: java.lang.InterruptedException: sleep interrupted
2019-07-14 04:43:15,036 INFO  impl.LeaderElection (LeaderElection.java:logAndReturn(56)) - a490aa72-b079-4a27-a857-8651cf52422d:group-0D056DBD3178:LeaderElection12: Election PASSED; received 1 response(s) [a490aa72-b079-4a27-a857-8651cf52422d<-60a1f487-3869-438b-9653-4786ac435c84#0:OK-t1] and 0 exception(s); a490aa72-b079-4a27-a857-8651cf52422d:t1, leader=null, voted=a490aa72-b079-4a27-a857-8651cf52422d, raftlog=a490aa72-b079-4a27-a857-8651cf52422d-SegmentedRaftLog:OPENED:c-1,f-1,i0, conf=-1: [60a1f487-3869-438b-9653-4786ac435c84:192.168.5.157:34505, 81f2cfd3-4e6d-4976-acdf-5fc3d3480df9:192.168.5.157:36380, a490aa72-b079-4a27-a857-8651cf52422d:192.168.5.157:35222], old=null
2019-07-14 04:43:15,037 INFO  impl.RoleInfo (RoleInfo.java:shutdownLeaderElection(134)) - a490aa72-b079-4a27-a857-8651cf52422d: shutdown LeaderElection
2019-07-14 04:43:15,037 INFO  impl.RaftServerImpl (RaftServerImpl.java:setRole(171)) - a490aa72-b079-4a27-a857-8651cf52422d:group-0D056DBD3178 changes role from CANDIDATE to LEADER at term 1 for changeToLeader
2019-07-14 04:43:15,040 INFO  impl.RaftServerImpl (ServerState.java:setLeader(263)) - a490aa72-b079-4a27-a857-8651cf52422d:group-0D056DBD3178 change Leader from null to a490aa72-b079-4a27-a857-8651cf52422d at term 1 for becomeLeader, leader elected after 5125ms
2019-07-14 04:43:15,040 INFO  server.RaftServerConfigKeys (ConfUtils.java:logGet(43)) - raft.server.staging.catchup.gap = 1000 (default)
2019-07-14 04:43:15,040 INFO  server.RaftServerConfigKeys (ConfUtils.java:logGet(43)) - raft.server.rpc.sleep.time = 25ms (default)
2019-07-14 04:43:15,040 INFO  server.RaftServerConfigKeys (ConfUtils.java:logGet(43)) - raft.server.write.element-limit = 4096 (default)
2019-07-14 04:43:15,041 INFO  server.RaftServerConfigKeys (ConfUtils.java:logGet(43)) - raft.server.watch.timeout = 10s (default)
2019-07-14 04:43:15,041 INFO  server.RaftServerConfigKeys (ConfUtils.java:logGet(43)) - raft.server.watch.timeout.denomination = 1s (default)
2019-07-14 04:43:15,041 INFO  server.RaftServerConfigKeys (ConfUtils.java:logGet(43)) - raft.server.watch.element-limit = 65536 (default)
2019-07-14 04:43:15,041 INFO  server.RaftServerConfigKeys (ConfUtils.java:logGet(43)) - raft.server.log.appender.snapshot.chunk.size.max = 16MB (=16777216) (default)
2019-07-14 04:43:15,041 INFO  server.RaftServerConfigKeys (ConfUtils.java:logGet(43)) - raft.server.log.appender.buffer.byte-limit = 33554432 (custom)
2019-07-14 04:43:15,042 INFO  server.RaftServerConfigKeys (ConfUtils.java:logGet(43)) - raft.server.log.appender.buffer.element-limit = 1 (custom)
2019-07-14 04:43:15,042 INFO  grpc.GrpcConfigKeys$Server (ConfUtils.java:logGet(43)) - raft.grpc.server.leader.outstanding.appends.max = 128 (default)
2019-07-14 04:43:15,042 INFO  server.RaftServerConfigKeys (ConfUtils.java:logGet(43)) - raft.server.rpc.request.timeout = 3000ms (default)
2019-07-14 04:43:15,042 INFO  server.RaftServerConfigKeys (ConfUtils.java:logGet(43)) - raft.server.log.appender.install.snapshot.enabled = false (custom)
2019-07-14 04:43:15,042 INFO  server.RaftServerConfigKeys (ConfUtils.java:logGet(43)) - raft.server.log.appender.snapshot.chunk.size.max = 16MB (=16777216) (default)
2019-07-14 04:43:15,043 INFO  server.RaftServerConfigKeys (ConfUtils.java:logGet(43)) - raft.server.log.appender.buffer.byte-limit = 33554432 (custom)
2019-07-14 04:43:15,043 INFO  server.RaftServerConfigKeys (ConfUtils.java:logGet(43)) - raft.server.log.appender.buffer.element-limit = 1 (custom)
2019-07-14 04:43:15,043 INFO  grpc.GrpcConfigKeys$Server (ConfUtils.java:logGet(43)) - raft.grpc.server.leader.outstanding.appends.max = 128 (default)
2019-07-14 04:43:15,043 INFO  server.RaftServerConfigKeys (ConfUtils.java:logGet(43)) - raft.server.rpc.request.timeout = 3000ms (default)
2019-07-14 04:43:15,043 INFO  server.RaftServerConfigKeys (ConfUtils.java:logGet(43)) - raft.server.log.appender.install.snapshot.enabled = false (custom)
2019-07-14 04:43:15,044 INFO  impl.RoleInfo (RoleInfo.java:updateAndGet(143)) - a490aa72-b079-4a27-a857-8651cf52422d: start LeaderState
2019-07-14 04:43:15,044 INFO  segmented.SegmentedRaftLogWorker (SegmentedRaftLogWorker.java:startLogSegment(380)) - a490aa72-b079-4a27-a857-8651cf52422d-SegmentedRaftLogWorker:Storage Directory /tmp/workdir/hadoop-ozone/integration-test/target/test-dir/MiniOzoneClusterImpl-cde32a4e-e365-4eba-9bc1-7f9b124dac02/datanode-1/data/ratis/de6f0c09-7777-4d36-aea7-0d056dbd3178: Starting segment from index:0
2019-07-14 04:43:15,045 INFO  impl.RaftServerImpl (ServerState.java:setRaftConf(361)) - a490aa72-b079-4a27-a857-8651cf52422d:group-0D056DBD3178 set configuration 0: [60a1f487-3869-438b-9653-4786ac435c84:192.168.5.157:34505, 81f2cfd3-4e6d-4976-acdf-5fc3d3480df9:192.168.5.157:36380, a490aa72-b079-4a27-a857-8651cf52422d:192.168.5.157:35222], old=null at 0
2019-07-14 04:43:15,069 INFO  impl.RaftServerImpl (ServerState.java:setLeader(263)) - 60a1f487-3869-438b-9653-4786ac435c84:group-0D056DBD3178 change Leader from null to a490aa72-b079-4a27-a857-8651cf52422d at term 1 for appendEntries, leader elected after 5155ms
2019-07-14 04:43:15,072 INFO  impl.RaftServerImpl (ServerState.java:setLeader(263)) - 81f2cfd3-4e6d-4976-acdf-5fc3d3480df9:group-0D056DBD3178 change Leader from null to a490aa72-b079-4a27-a857-8651cf52422d at term 1 for appendEntries, leader elected after 5157ms
2019-07-14 04:43:15,075 INFO  impl.RaftServerImpl (ServerState.java:setRaftConf(361)) - 60a1f487-3869-438b-9653-4786ac435c84:group-0D056DBD3178 set configuration 0: [60a1f487-3869-438b-9653-4786ac435c84:192.168.5.157:34505, 81f2cfd3-4e6d-4976-acdf-5fc3d3480df9:192.168.5.157:36380, a490aa72-b079-4a27-a857-8651cf52422d:192.168.5.157:35222], old=null at 0
2019-07-14 04:43:15,075 INFO  segmented.SegmentedRaftLogWorker (SegmentedRaftLogWorker.java:startLogSegment(380)) - 60a1f487-3869-438b-9653-4786ac435c84-SegmentedRaftLogWorker:Storage Directory /tmp/workdir/hadoop-ozone/integration-test/target/test-dir/MiniOzoneClusterImpl-cde32a4e-e365-4eba-9bc1-7f9b124dac02/datanode-6/data/ratis/de6f0c09-7777-4d36-aea7-0d056dbd3178: Starting segment from index:0
2019-07-14 04:43:15,076 INFO  impl.RaftServerImpl (ServerState.java:setRaftConf(361)) - 81f2cfd3-4e6d-4976-acdf-5fc3d3480df9:group-0D056DBD3178 set configuration 0: [60a1f487-3869-438b-9653-4786ac435c84:192.168.5.157:34505, 81f2cfd3-4e6d-4976-acdf-5fc3d3480df9:192.168.5.157:36380, a490aa72-b079-4a27-a857-8651cf52422d:192.168.5.157:35222], old=null at 0
2019-07-14 04:43:15,076 INFO  segmented.SegmentedRaftLogWorker (SegmentedRaftLogWorker.java:startLogSegment(380)) - 81f2cfd3-4e6d-4976-acdf-5fc3d3480df9-SegmentedRaftLogWorker:Storage Directory /tmp/workdir/hadoop-ozone/integration-test/target/test-dir/MiniOzoneClusterImpl-cde32a4e-e365-4eba-9bc1-7f9b124dac02/datanode-5/data/ratis/de6f0c09-7777-4d36-aea7-0d056dbd3178: Starting segment from index:0
2019-07-14 04:43:15,077 INFO  segmented.SegmentedRaftLogWorker (SegmentedRaftLogWorker.java:execute(569)) - a490aa72-b079-4a27-a857-8651cf52422d-SegmentedRaftLogWorker:Storage Directory /tmp/workdir/hadoop-ozone/integration-test/target/test-dir/MiniOzoneClusterImpl-cde32a4e-e365-4eba-9bc1-7f9b124dac02/datanode-1/data/ratis/de6f0c09-7777-4d36-aea7-0d056dbd3178: created new log segment /tmp/workdir/hadoop-ozone/integration-test/target/test-dir/MiniOzoneClusterImpl-cde32a4e-e365-4eba-9bc1-7f9b124dac02/datanode-1/data/ratis/de6f0c09-7777-4d36-aea7-0d056dbd3178/current/log_inprogress_0
2019-07-14 04:43:15,103 INFO  client.GrpcClientProtocolClient (GrpcClientProtocolClient.java:onNext(255)) - client-227B0DC5E6FD->a490aa72-b079-4a27-a857-8651cf52422d: receive RaftClientReply:client-227B0DC5E6FD->a490aa72-b079-4a27-a857-8651cf52422d@group-0D056DBD3178, cid=27, FAILED org.apache.ratis.protocol.LeaderNotReadyException: a490aa72-b079-4a27-a857-8651cf52422d is in LEADER state but not ready yet., logIndex=0, commits[a490aa72-b079-4a27-a857-8651cf52422d:c-1, 60a1f487-3869-438b-9653-4786ac435c84:c-1, 81f2cfd3-4e6d-4976-acdf-5fc3d3480df9:c-1]
2019-07-14 04:43:15,108 INFO  segmented.SegmentedRaftLogWorker (SegmentedRaftLogWorker.java:execute(569)) - 81f2cfd3-4e6d-4976-acdf-5fc3d3480df9-SegmentedRaftLogWorker:Storage Directory /tmp/workdir/hadoop-ozone/integration-test/target/test-dir/MiniOzoneClusterImpl-cde32a4e-e365-4eba-9bc1-7f9b124dac02/datanode-5/data/ratis/de6f0c09-7777-4d36-aea7-0d056dbd3178: created new log segment /tmp/workdir/hadoop-ozone/integration-test/target/test-dir/MiniOzoneClusterImpl-cde32a4e-e365-4eba-9bc1-7f9b124dac02/datanode-5/data/ratis/de6f0c09-7777-4d36-aea7-0d056dbd3178/current/log_inprogress_0
2019-07-14 04:43:15,108 INFO  segmented.SegmentedRaftLogWorker (SegmentedRaftLogWorker.java:execute(569)) - 60a1f487-3869-438b-9653-4786ac435c84-SegmentedRaftLogWorker:Storage Directory /tmp/workdir/hadoop-ozone/integration-test/target/test-dir/MiniOzoneClusterImpl-cde32a4e-e365-4eba-9bc1-7f9b124dac02/datanode-6/data/ratis/de6f0c09-7777-4d36-aea7-0d056dbd3178: created new log segment /tmp/workdir/hadoop-ozone/integration-test/target/test-dir/MiniOzoneClusterImpl-cde32a4e-e365-4eba-9bc1-7f9b124dac02/datanode-6/data/ratis/de6f0c09-7777-4d36-aea7-0d056dbd3178/current/log_inprogress_0
2019-07-14 04:43:17,274 INFO  client.GrpcClientProtocolClient (GrpcClientProtocolClient.java:onNext(255)) - client-227B0DC5E6FD->a490aa72-b079-4a27-a857-8651cf52422d: receive RaftClientReply:client-227B0DC5E6FD->a490aa72-b079-4a27-a857-8651cf52422d@group-0D056DBD3178, cid=27, SUCCESS, logIndex=1, commits[a490aa72-b079-4a27-a857-8651cf52422d:c1, 60a1f487-3869-438b-9653-4786ac435c84:c0, 81f2cfd3-4e6d-4976-acdf-5fc3d3480df9:c0]
2019-07-14 04:43:17,355 INFO  client.GrpcClientProtocolClient (GrpcClientProtocolClient.java:onNext(255)) - client-227B0DC5E6FD->a490aa72-b079-4a27-a857-8651cf52422d: receive RaftClientReply:client-227B0DC5E6FD->a490aa72-b079-4a27-a857-8651cf52422d@group-0D056DBD3178, cid=28, SUCCESS, logIndex=3, commits[a490aa72-b079-4a27-a857-8651cf52422d:c4, 60a1f487-3869-438b-9653-4786ac435c84:c3, 81f2cfd3-4e6d-4976-acdf-5fc3d3480df9:c3]
2019-07-14 04:43:17,407 INFO  pipeline.Pipeline (Pipeline.java:getProtobufMessage(195)) - Serialize pipeline PipelineID=de6f0c09-7777-4d36-aea7-0d056dbd3178 with nodesInOrder{ }
2019-07-14 04:43:17,409 INFO  pipeline.Pipeline (Pipeline.java:build(342)) - Deserialize nodesInOrder [60a1f487-3869-438b-9653-4786ac435c84{ip: 192.168.5.157, host: trunk-nightly-6h29n-2077950039, networkLocation: /default-rack, certSerialId: null}, 60a1f487-3869-438b-9653-4786ac435c84{ip: 192.168.5.157, host: trunk-nightly-6h29n-2077950039, networkLocation: /default-rack, certSerialId: null}, 60a1f487-3869-438b-9653-4786ac435c84{ip: 192.168.5.157, host: trunk-nightly-6h29n-2077950039, networkLocation: /default-rack, certSerialId: null}] in pipeline PipelineID=de6f0c09-7777-4d36-aea7-0d056dbd3178
2019-07-14 04:43:17,415 INFO  ozone.MiniOzoneClusterImpl (MiniOzoneClusterImpl.java:shutdown(321)) - Shutting down the Mini Ozone Cluster
2019-07-14 04:43:17,416 INFO  ozone.MiniOzoneClusterImpl (MiniOzoneClusterImpl.java:stop(336)) - Stopping the Mini Ozone Cluster
2019-07-14 04:43:17,416 INFO  ozone.MiniOzoneClusterImpl (MiniOzoneClusterImpl.java:stop(338)) - Stopping the OzoneManager
2019-07-14 04:43:17,416 INFO  ipc.Server (Server.java:stop(3082)) - Stopping server on 40784
2019-07-14 04:43:17,418 INFO  ipc.Server (Server.java:run(1185)) - Stopping IPC Server listener on 40784
2019-07-14 04:43:17,419 INFO  utils.BackgroundService (BackgroundService.java:shutdown(148)) - Shutting down service KeyDeletingService
2019-07-14 04:43:17,419 INFO  ipc.Server (Server.java:run(1319)) - Stopping IPC Server Responder
2019-07-14 04:43:17,425 INFO  handler.ContextHandler (ContextHandler.java:doStop(910)) - Stopped o.e.j.w.WebAppContext@3e9803c2{/,null,UNAVAILABLE}{/ozoneManager}
2019-07-14 04:43:17,432 INFO  server.AbstractConnector (AbstractConnector.java:doStop(318)) - Stopped ServerConnector@4525d1d3{HTTP/1.1,[http/1.1]}{0.0.0.0:0}
2019-07-14 04:43:17,433 INFO  handler.ContextHandler (ContextHandler.java:doStop(910)) - Stopped o.e.j.s.ServletContextHandler@7b44b63d{/static,file:///tmp/workdir/hadoop-ozone/integration-test/target/test-classes/webapps/static,UNAVAILABLE}
2019-07-14 04:43:17,433 INFO  handler.ContextHandler (ContextHandler.java:doStop(910)) - Stopped o.e.j.s.ServletContextHandler@2d0bfb24{/logs,file:///tmp/workdir/hadoop-ozone/integration-test/target/log,UNAVAILABLE}
2019-07-14 04:43:17,440 INFO  ozone.MiniOzoneClusterImpl (MiniOzoneClusterImpl.java:stop(344)) - Shutting the HddsDatanodes
2019-07-14 04:43:17,441 INFO  datanode.ObjectStoreHandler (ObjectStoreHandler.java:close(155)) - Closing ObjectStoreHandler.
2019-07-14 04:43:17,441 INFO  datanode.ObjectStoreHandler (ObjectStoreHandler.java:close(155)) - Closing ObjectStoreHandler.
2019-07-14 04:43:17,445 INFO  ozone.HddsDatanodeService (HddsDatanodeService.java:stop(452)) - Stopped plug-in org.apache.hadoop.ozone.web.OzoneHddsDatanodeService@15d236fd
2019-07-14 04:43:17,445 INFO  ozone.HddsDatanodeService (HddsDatanodeService.java:stop(452)) - Stopped plug-in org.apache.hadoop.ozone.web.OzoneHddsDatanodeService@5729b410
2019-07-14 04:43:17,655 INFO  statemachine.DatanodeStateMachine (DatanodeStateMachine.java:lambda$startDaemon$0(350)) - Ozone container server started.
2019-07-14 04:43:18,250 INFO  statemachine.DatanodeStateMachine (DatanodeStateMachine.java:lambda$startDaemon$0(350)) - Ozone container server started.
2019-07-14 04:43:22,447 INFO  ozoneimpl.OzoneContainer (OzoneContainer.java:stop(199)) - Attempting to stop container services.
2019-07-14 04:43:22,447 INFO  ozoneimpl.OzoneContainer (OzoneContainer.java:stop(199)) - Attempting to stop container services.
2019-07-14 04:43:22,448 INFO  impl.RaftServerProxy (RaftServerProxy.java:lambda$close$4(314)) - b26b0bf7-41ce-424a-82ff-6d42a44b8232: close
2019-07-14 04:43:22,448 INFO  impl.RaftServerProxy (RaftServerProxy.java:lambda$close$4(314)) - a490aa72-b079-4a27-a857-8651cf52422d: close
2019-07-14 04:43:22,449 INFO  impl.RaftServerImpl (RaftServerImpl.java:lambda$shutdown$3(245)) - b26b0bf7-41ce-424a-82ff-6d42a44b8232: shutdown group-41222B22FC41
2019-07-14 04:43:22,450 INFO  impl.RaftServerImpl (RaftServerImpl.java:lambda$shutdown$3(245)) - a490aa72-b079-4a27-a857-8651cf52422d: shutdown group-0D056DBD3178
2019-07-14 04:43:22,450 INFO  util.JmxRegister (JmxRegister.java:unregister(73)) - Successfully un-registered JMX Bean with object name Ratis:service=RaftServer,group=group-41222B22FC41,id=b26b0bf7-41ce-424a-82ff-6d42a44b8232
2019-07-14 04:43:22,450 INFO  util.JmxRegister (JmxRegister.java:unregister(73)) - Successfully un-registered JMX Bean with object name Ratis:service=RaftServer,group=group-0D056DBD3178,id=a490aa72-b079-4a27-a857-8651cf52422d
2019-07-14 04:43:22,451 INFO  impl.RoleInfo (RoleInfo.java:shutdownLeaderState(104)) - b26b0bf7-41ce-424a-82ff-6d42a44b8232: shutdown LeaderState
2019-07-14 04:43:22,451 INFO  impl.RoleInfo (RoleInfo.java:shutdownLeaderState(104)) - a490aa72-b079-4a27-a857-8651cf52422d: shutdown LeaderState
2019-07-14 04:43:22,452 INFO  impl.PendingRequests (PendingRequests.java:sendNotLeaderResponses(202)) - b26b0bf7-41ce-424a-82ff-6d42a44b8232-PendingRequests: sendNotLeaderResponses
2019-07-14 04:43:22,457 INFO  impl.PendingRequests (PendingRequests.java:sendNotLeaderResponses(202)) - a490aa72-b079-4a27-a857-8651cf52422d-PendingRequests: sendNotLeaderResponses
2019-07-14 04:43:22,459 INFO  ratis.ContainerStateMachine (ContainerStateMachine.java:takeSnapshot(246)) - Taking snapshot at termIndex:(t:0, i:~)
2019-07-14 04:43:22,457 WARN  server.GrpcLogAppender (GrpcLogAppender.java:mayWait(143)) - GrpcLogAppender(a490aa72-b079-4a27-a857-8651cf52422d->81f2cfd3-4e6d-4976-acdf-5fc3d3480df9): Wait interrupted by java.lang.InterruptedException
2019-07-14 04:43:22,457 WARN  server.GrpcLogAppender (GrpcLogAppender.java:mayWait(143)) - GrpcLogAppender(a490aa72-b079-4a27-a857-8651cf52422d->60a1f487-3869-438b-9653-4786ac435c84): Wait interrupted by java.lang.InterruptedException
2019-07-14 04:43:22,459 INFO  impl.StateMachineUpdater (StateMachineUpdater.java:stopAndJoin(115)) - StateMachineUpdater:b26b0bf7-41ce-424a-82ff-6d42a44b8232:group-41222B22FC41: set stopIndex = 0
2019-07-14 04:43:22,468 INFO  ratis.ContainerStateMachine (ContainerStateMachine.java:takeSnapshot(246)) - Taking snapshot at termIndex:(t:1, i:4)
2019-07-14 04:43:22,468 INFO  impl.StateMachineUpdater (StateMachineUpdater.java:stopAndJoin(115)) - StateMachineUpdater:a490aa72-b079-4a27-a857-8651cf52422d:group-0D056DBD3178: set stopIndex = 4
2019-07-14 04:43:22,471 INFO  server.GrpcServerProtocolService (GrpcServerProtocolService.java:onCompleted(104)) - 60a1f487-3869-438b-9653-4786ac435c84: appendEntries completed
2019-07-14 04:43:22,471 INFO  server.GrpcServerProtocolService (GrpcServerProtocolService.java:onCompleted(104)) - 81f2cfd3-4e6d-4976-acdf-5fc3d3480df9: appendEntries completed
2019-07-14 04:43:22,468 INFO  ratis.ContainerStateMachine (ContainerStateMachine.java:takeSnapshot(250)) - Taking a snapshot to file /tmp/workdir/hadoop-ozone/integration-test/target/test-dir/MiniOzoneClusterImpl-cde32a4e-e365-4eba-9bc1-7f9b124dac02/datanode-1/data/ratis/de6f0c09-7777-4d36-aea7-0d056dbd3178/sm/snapshot.1_4
2019-07-14 04:43:22,468 INFO  impl.RaftServerImpl (ServerState.java:close(394)) - b26b0bf7-41ce-424a-82ff-6d42a44b8232:group-41222B22FC41 closes. The last applied log index is 0
2019-07-14 04:43:22,488 INFO  impl.StateMachineUpdater (StateMachineUpdater.java:takeSnapshot(242)) - StateMachineUpdater:a490aa72-b079-4a27-a857-8651cf52422d:group-0D056DBD3178: Took a snapshot at index 4
2019-07-14 04:43:22,476 INFO  server.GrpcLogAppender (GrpcLogAppender.java:onCompleted(292)) - a490aa72-b079-4a27-a857-8651cf52422d->60a1f487-3869-438b-9653-4786ac435c84: follower responses appendEntries COMPLETED
2019-07-14 04:43:22,489 INFO  server.GrpcLogAppender (GrpcLogAppender.java:onCompleted(292)) - a490aa72-b079-4a27-a857-8651cf52422d->81f2cfd3-4e6d-4976-acdf-5fc3d3480df9: follower responses appendEntries COMPLETED
2019-07-14 04:43:22,491 INFO  impl.FollowerInfo (FollowerInfo.java:lambda$new$0(50)) - a490aa72-b079-4a27-a857-8651cf52422d->60a1f487-3869-438b-9653-4786ac435c84: nextIndex: updateUnconditionally 5 -> 4
2019-07-14 04:43:22,489 INFO  impl.StateMachineUpdater (StateMachineUpdater.java:lambda$new$0(80)) - StateMachineUpdater:a490aa72-b079-4a27-a857-8651cf52422d:group-0D056DBD3178: snapshotIndex: updateIncreasingly -1 -> 4
2019-07-14 04:43:22,489 INFO  segmented.SegmentedRaftLogWorker (SegmentedRaftLogWorker.java:run(313)) - b26b0bf7-41ce-424a-82ff-6d42a44b8232-SegmentedRaftLogWorker:Storage Directory /tmp/workdir/hadoop-ozone/integration-test/target/test-dir/MiniOzoneClusterImpl-cde32a4e-e365-4eba-9bc1-7f9b124dac02/datanode-4/data/ratis/c86d0e62-dcf0-4a80-948c-41222b22fc41 was interrupted, exiting. There are 0 tasks remaining in the queue.
2019-07-14 04:43:22,493 INFO  impl.FollowerInfo (FollowerInfo.java:lambda$new$0(50)) - a490aa72-b079-4a27-a857-8651cf52422d->81f2cfd3-4e6d-4976-acdf-5fc3d3480df9: nextIndex: updateUnconditionally 5 -> 4
2019-07-14 04:43:22,496 INFO  segmented.SegmentedRaftLogWorker (SegmentedRaftLogWorker.java:close(228)) - b26b0bf7-41ce-424a-82ff-6d42a44b8232-SegmentedRaftLogWorker:Storage Directory /tmp/workdir/hadoop-ozone/integration-test/target/test-dir/MiniOzoneClusterImpl-cde32a4e-e365-4eba-9bc1-7f9b124dac02/datanode-4/data/ratis/c86d0e62-dcf0-4a80-948c-41222b22fc41 close()
2019-07-14 04:43:22,494 INFO  impl.RaftServerImpl (ServerState.java:close(394)) - a490aa72-b079-4a27-a857-8651cf52422d:group-0D056DBD3178 closes. The last applied log index is 4
2019-07-14 04:43:22,500 INFO  impl.RaftServerImpl (RaftServerImpl.java:lambda$shutdown$3(245)) - b26b0bf7-41ce-424a-82ff-6d42a44b8232: shutdown group-E34C277ACA5C
2019-07-14 04:43:22,501 INFO  segmented.SegmentedRaftLogWorker (SegmentedRaftLogWorker.java:run(313)) - a490aa72-b079-4a27-a857-8651cf52422d-SegmentedRaftLogWorker:Storage Directory /tmp/workdir/hadoop-ozone/integration-test/target/test-dir/MiniOzoneClusterImpl-cde32a4e-e365-4eba-9bc1-7f9b124dac02/datanode-1/data/ratis/de6f0c09-7777-4d36-aea7-0d056dbd3178 was interrupted, exiting. There are 0 tasks remaining in the queue.
2019-07-14 04:43:22,501 INFO  util.JmxRegister (JmxRegister.java:unregister(73)) - Successfully un-registered JMX Bean with object name Ratis:service=RaftServer,group=group-E34C277ACA5C,id=b26b0bf7-41ce-424a-82ff-6d42a44b8232
2019-07-14 04:43:22,503 INFO  segmented.SegmentedRaftLogWorker (SegmentedRaftLogWorker.java:close(228)) - a490aa72-b079-4a27-a857-8651cf52422d-SegmentedRaftLogWorker:Storage Directory /tmp/workdir/hadoop-ozone/integration-test/target/test-dir/MiniOzoneClusterImpl-cde32a4e-e365-4eba-9bc1-7f9b124dac02/datanode-1/data/ratis/de6f0c09-7777-4d36-aea7-0d056dbd3178 close()
2019-07-14 04:43:22,503 INFO  impl.RoleInfo (RoleInfo.java:shutdownFollowerState(121)) - b26b0bf7-41ce-424a-82ff-6d42a44b8232: shutdown FollowerState
2019-07-14 04:43:22,507 INFO  impl.RaftServerImpl (RaftServerImpl.java:lambda$shutdown$3(245)) - a490aa72-b079-4a27-a857-8651cf52422d: shutdown group-4DDE6740278D
2019-07-14 04:43:22,508 INFO  impl.FollowerState (FollowerState.java:run(114)) - b26b0bf7-41ce-424a-82ff-6d42a44b8232: FollowerState was interrupted: java.lang.InterruptedException: sleep interrupted
2019-07-14 04:43:22,508 INFO  ratis.ContainerStateMachine (ContainerStateMachine.java:takeSnapshot(246)) - Taking snapshot at termIndex:(t:0, i:~)
2019-07-14 04:43:22,508 INFO  impl.StateMachineUpdater (StateMachineUpdater.java:stopAndJoin(115)) - StateMachineUpdater:b26b0bf7-41ce-424a-82ff-6d42a44b8232:group-E34C277ACA5C: set stopIndex = 0
2019-07-14 04:43:22,508 INFO  util.JmxRegister (JmxRegister.java:unregister(73)) - Successfully un-registered JMX Bean with object name Ratis:service=RaftServer,group=group-4DDE6740278D,id=a490aa72-b079-4a27-a857-8651cf52422d
2019-07-14 04:43:22,511 INFO  impl.RaftServerImpl (ServerState.java:close(394)) - b26b0bf7-41ce-424a-82ff-6d42a44b8232:group-E34C277ACA5C closes. The last applied log index is 0
2019-07-14 04:43:22,511 INFO  impl.RoleInfo (RoleInfo.java:shutdownLeaderState(104)) - a490aa72-b079-4a27-a857-8651cf52422d: shutdown LeaderState
2019-07-14 04:43:22,512 INFO  segmented.SegmentedRaftLogWorker (SegmentedRaftLogWorker.java:run(313)) - b26b0bf7-41ce-424a-82ff-6d42a44b8232-SegmentedRaftLogWorker:Storage Directory /tmp/workdir/hadoop-ozone/integration-test/target/test-dir/MiniOzoneClusterImpl-cde32a4e-e365-4eba-9bc1-7f9b124dac02/datanode-4/data/ratis/62b44c85-4f40-40a0-9dd9-e34c277aca5c was interrupted, exiting. There are 0 tasks remaining in the queue.
2019-07-14 04:43:22,512 INFO  impl.PendingRequests (PendingRequests.java:sendNotLeaderResponses(202)) - a490aa72-b079-4a27-a857-8651cf52422d-PendingRequests: sendNotLeaderResponses
2019-07-14 04:43:22,514 INFO  segmented.SegmentedRaftLogWorker (SegmentedRaftLogWorker.java:close(228)) - b26b0bf7-41ce-424a-82ff-6d42a44b8232-SegmentedRaftLogWorker:Storage Directory /tmp/workdir/hadoop-ozone/integration-test/target/test-dir/MiniOzoneClusterImpl-cde32a4e-e365-4eba-9bc1-7f9b124dac02/datanode-4/data/ratis/62b44c85-4f40-40a0-9dd9-e34c277aca5c close()
2019-07-14 04:43:22,515 INFO  impl.StateMachineUpdater (StateMachineUpdater.java:stopAndJoin(115)) - StateMachineUpdater:a490aa72-b079-4a27-a857-8651cf52422d:group-4DDE6740278D: set stopIndex = 0
2019-07-14 04:43:22,515 INFO  ratis.ContainerStateMachine (ContainerStateMachine.java:takeSnapshot(246)) - Taking snapshot at termIndex:(t:0, i:~)
2019-07-14 04:43:22,519 INFO  impl.RaftServerImpl (ServerState.java:close(394)) - a490aa72-b079-4a27-a857-8651cf52422d:group-4DDE6740278D closes. The last applied log index is 0
2019-07-14 04:43:22,519 INFO  server.GrpcService (GrpcService.java:closeImpl(155)) - b26b0bf7-41ce-424a-82ff-6d42a44b8232: shutdown server with port 32955 now
2019-07-14 04:43:22,520 INFO  segmented.SegmentedRaftLogWorker (SegmentedRaftLogWorker.java:run(313)) - a490aa72-b079-4a27-a857-8651cf52422d-SegmentedRaftLogWorker:Storage Directory /tmp/workdir/hadoop-ozone/integration-test/target/test-dir/MiniOzoneClusterImpl-cde32a4e-e365-4eba-9bc1-7f9b124dac02/datanode-1/data/ratis/a697732e-deba-4ff5-ab58-4dde6740278d was interrupted, exiting. There are 0 tasks remaining in the queue.
2019-07-14 04:43:22,523 INFO  segmented.SegmentedRaftLogWorker (SegmentedRaftLogWorker.java:close(228)) - a490aa72-b079-4a27-a857-8651cf52422d-SegmentedRaftLogWorker:Storage Directory /tmp/workdir/hadoop-ozone/integration-test/target/test-dir/MiniOzoneClusterImpl-cde32a4e-e365-4eba-9bc1-7f9b124dac02/datanode-1/data/ratis/a697732e-deba-4ff5-ab58-4dde6740278d close()
2019-07-14 04:43:22,527 INFO  server.GrpcService (GrpcService.java:closeImpl(155)) - a490aa72-b079-4a27-a857-8651cf52422d: shutdown server with port 35222 now
2019-07-14 04:43:22,533 INFO  server.GrpcService (GrpcService.java:closeImpl(163)) - a490aa72-b079-4a27-a857-8651cf52422d: shutdown server with port 35222 successfully
2019-07-14 04:43:22,535 INFO  server.GrpcService (GrpcService.java:closeImpl(163)) - b26b0bf7-41ce-424a-82ff-6d42a44b8232: shutdown server with port 32955 successfully
2019-07-14 04:43:22,536 WARN  server.GrpcServerProtocolService (LogUtils.java:warn(134)) - b26b0bf7-41ce-424a-82ff-6d42a44b8232: appendEntries onError: org.apache.ratis.thirdparty.io.grpc.StatusRuntimeException: CANCELLED: cancelled before receiving half close
2019-07-14 04:43:22,538 WARN  server.GrpcLogAppender (LogUtils.java:warn(134)) - 36fa793a-8181-4835-8542-419b2c9663e3->b26b0bf7-41ce-424a-82ff-6d42a44b8232: Failed appendEntries: org.apache.ratis.thirdparty.io.grpc.StatusRuntimeException: CANCELLED: HTTP/2 error code: CANCEL
Received Rst Stream
2019-07-14 04:43:22,541 INFO  impl.FollowerInfo (FollowerInfo.java:lambda$new$0(50)) - 36fa793a-8181-4835-8542-419b2c9663e3->b26b0bf7-41ce-424a-82ff-6d42a44b8232: nextIndex: updateUnconditionally 1 -> 0
2019-07-14 04:43:22,548 INFO  utils.BackgroundService (BackgroundService.java:shutdown(148)) - Shutting down service BlockDeletingService
2019-07-14 04:43:22,550 WARN  fs.CachingGetSpaceUsed (CachingGetSpaceUsed.java:run(183)) - Thread Interrupted waiting to refresh disk information: sleep interrupted
2019-07-14 04:43:22,556 INFO  utils.BackgroundService (BackgroundService.java:shutdown(148)) - Shutting down service BlockDeletingService
2019-07-14 04:43:22,562 WARN  fs.CachingGetSpaceUsed (CachingGetSpaceUsed.java:run(183)) - Thread Interrupted waiting to refresh disk information: sleep interrupted
2019-07-14 04:43:22,584 INFO  statemachine.DatanodeStateMachine (DatanodeStateMachine.java:stopDaemon(395)) - Ozone container server stopped.
2019-07-14 04:43:22,589 INFO  handler.ContextHandler (ContextHandler.java:doStop(910)) - Stopped o.e.j.w.WebAppContext@2e1eb85f{/,null,UNAVAILABLE}{/hddsDatanode}
2019-07-14 04:43:22,594 INFO  statemachine.DatanodeStateMachine (DatanodeStateMachine.java:stopDaemon(395)) - Ozone container server stopped.
2019-07-14 04:43:22,594 INFO  server.AbstractConnector (AbstractConnector.java:doStop(318)) - Stopped ServerConnector@ea7a4c3{HTTP/1.1,[http/1.1]}{0.0.0.0:0}
2019-07-14 04:43:22,597 INFO  handler.ContextHandler (ContextHandler.java:doStop(910)) - Stopped o.e.j.s.ServletContextHandler@364fd4ae{/static,jar:file:/home/user/.m2/repository/org/apache/hadoop/hadoop-hdds-container-service/0.5.0-SNAPSHOT/hadoop-hdds-container-service-0.5.0-SNAPSHOT.jar!/webapps/static,UNAVAILABLE}
2019-07-14 04:43:22,599 INFO  handler.ContextHandler (ContextHandler.java:doStop(910)) - Stopped o.e.j.s.ServletContextHandler@359066bc{/logs,file:///tmp/workdir/hadoop-ozone/integration-test/target/log,UNAVAILABLE}
2019-07-14 04:43:22,599 INFO  handler.ContextHandler (ContextHandler.java:doStop(910)) - Stopped o.e.j.w.WebAppContext@367d34c0{/,null,UNAVAILABLE}{/hddsDatanode}
2019-07-14 04:43:22,600 INFO  datanode.ObjectStoreHandler (ObjectStoreHandler.java:close(155)) - Closing ObjectStoreHandler.
2019-07-14 04:43:22,601 INFO  server.AbstractConnector (AbstractConnector.java:doStop(318)) - Stopped ServerConnector@4ce25e47{HTTP/1.1,[http/1.1]}{0.0.0.0:0}
2019-07-14 04:43:22,601 INFO  ozone.HddsDatanodeService (HddsDatanodeService.java:stop(452)) - Stopped plug-in org.apache.hadoop.ozone.web.OzoneHddsDatanodeService@7436364d
2019-07-14 04:43:22,601 INFO  handler.ContextHandler (ContextHandler.java:doStop(910)) - Stopped o.e.j.s.ServletContextHandler@5fef0c19{/static,jar:file:/home/user/.m2/repository/org/apache/hadoop/hadoop-hdds-container-service/0.5.0-SNAPSHOT/hadoop-hdds-container-service-0.5.0-SNAPSHOT.jar!/webapps/static,UNAVAILABLE}
2019-07-14 04:43:22,602 INFO  handler.ContextHandler (ContextHandler.java:doStop(910)) - Stopped o.e.j.s.ServletContextHandler@615db358{/logs,file:///tmp/workdir/hadoop-ozone/integration-test/target/log,UNAVAILABLE}
2019-07-14 04:43:22,603 INFO  datanode.ObjectStoreHandler (ObjectStoreHandler.java:close(155)) - Closing ObjectStoreHandler.
2019-07-14 04:43:22,604 INFO  ozone.HddsDatanodeService (HddsDatanodeService.java:stop(452)) - Stopped plug-in org.apache.hadoop.ozone.web.OzoneHddsDatanodeService@65da01f4
2019-07-14 04:43:22,662 INFO  statemachine.DatanodeStateMachine (DatanodeStateMachine.java:lambda$startDaemon$0(350)) - Ozone container server started.
2019-07-14 04:43:23,200 INFO  statemachine.DatanodeStateMachine (DatanodeStateMachine.java:lambda$startDaemon$0(350)) - Ozone container server started.
2019-07-14 04:43:24,011 WARN  server.GrpcLogAppender (LogUtils.java:warn(134)) - 36fa793a-8181-4835-8542-419b2c9663e3->b26b0bf7-41ce-424a-82ff-6d42a44b8232: Failed appendEntries: org.apache.ratis.thirdparty.io.grpc.StatusRuntimeException: UNAVAILABLE: io exception
2019-07-14 04:43:24,019 INFO  impl.FollowerInfo (FollowerInfo.java:lambda$new$0(50)) - 36fa793a-8181-4835-8542-419b2c9663e3->b26b0bf7-41ce-424a-82ff-6d42a44b8232: nextIndex: updateUnconditionally 0 -> 0
2019-07-14 04:43:26,504 WARN  server.GrpcLogAppender (LogUtils.java:warn(134)) - 36fa793a-8181-4835-8542-419b2c9663e3->b26b0bf7-41ce-424a-82ff-6d42a44b8232: Failed appendEntries: org.apache.ratis.thirdparty.io.grpc.StatusRuntimeException: UNAVAILABLE: io exception
2019-07-14 04:43:26,507 INFO  impl.FollowerInfo (FollowerInfo.java:lambda$new$0(50)) - 36fa793a-8181-4835-8542-419b2c9663e3->b26b0bf7-41ce-424a-82ff-6d42a44b8232: nextIndex: updateUnconditionally 0 -> 0
2019-07-14 04:43:27,602 INFO  ozoneimpl.OzoneContainer (OzoneContainer.java:stop(199)) - Attempting to stop container services.
2019-07-14 04:43:27,602 INFO  impl.RaftServerProxy (RaftServerProxy.java:lambda$close$4(314)) - 8da3dc15-2a6c-4843-89b6-6adf41d92897: close
2019-07-14 04:43:27,603 INFO  impl.RaftServerImpl (RaftServerImpl.java:lambda$shutdown$3(245)) - 8da3dc15-2a6c-4843-89b6-6adf41d92897: shutdown group-FE84EE738D4F
2019-07-14 04:43:27,603 INFO  util.JmxRegister (JmxRegister.java:unregister(73)) - Successfully un-registered JMX Bean with object name Ratis:service=RaftServer,group=group-FE84EE738D4F,id=8da3dc15-2a6c-4843-89b6-6adf41d92897
2019-07-14 04:43:27,604 INFO  impl.RoleInfo (RoleInfo.java:shutdownLeaderState(104)) - 8da3dc15-2a6c-4843-89b6-6adf41d92897: shutdown LeaderState
2019-07-14 04:43:27,604 INFO  impl.PendingRequests (PendingRequests.java:sendNotLeaderResponses(202)) - 8da3dc15-2a6c-4843-89b6-6adf41d92897-PendingRequests: sendNotLeaderResponses
2019-07-14 04:43:27,604 INFO  impl.StateMachineUpdater (StateMachineUpdater.java:stopAndJoin(115)) - StateMachineUpdater:8da3dc15-2a6c-4843-89b6-6adf41d92897:group-FE84EE738D4F: set stopIndex = 0
2019-07-14 04:43:27,605 INFO  ratis.ContainerStateMachine (ContainerStateMachine.java:takeSnapshot(246)) - Taking snapshot at termIndex:(t:0, i:~)
2019-07-14 04:43:27,605 INFO  ozoneimpl.OzoneContainer (OzoneContainer.java:stop(199)) - Attempting to stop container services.
2019-07-14 04:43:27,605 INFO  impl.RaftServerImpl (ServerState.java:close(394)) - 8da3dc15-2a6c-4843-89b6-6adf41d92897:group-FE84EE738D4F closes. The last applied log index is 0
2019-07-14 04:43:27,606 INFO  impl.RaftServerProxy (RaftServerProxy.java:lambda$close$4(314)) - 36fa793a-8181-4835-8542-419b2c9663e3: close
2019-07-14 04:43:27,606 INFO  segmented.SegmentedRaftLogWorker (SegmentedRaftLogWorker.java:run(313)) - 8da3dc15-2a6c-4843-89b6-6adf41d92897-SegmentedRaftLogWorker:Storage Directory /tmp/workdir/hadoop-ozone/integration-test/target/test-dir/MiniOzoneClusterImpl-cde32a4e-e365-4eba-9bc1-7f9b124dac02/datanode-2/data/ratis/6f432888-87df-4842-a14b-fe84ee738d4f was interrupted, exiting. There are 0 tasks remaining in the queue.
2019-07-14 04:43:27,606 INFO  impl.RaftServerImpl (RaftServerImpl.java:lambda$shutdown$3(245)) - 36fa793a-8181-4835-8542-419b2c9663e3: shutdown group-E34C277ACA5C
2019-07-14 04:43:27,609 INFO  segmented.SegmentedRaftLogWorker (SegmentedRaftLogWorker.java:close(228)) - 8da3dc15-2a6c-4843-89b6-6adf41d92897-SegmentedRaftLogWorker:Storage Directory /tmp/workdir/hadoop-ozone/integration-test/target/test-dir/MiniOzoneClusterImpl-cde32a4e-e365-4eba-9bc1-7f9b124dac02/datanode-2/data/ratis/6f432888-87df-4842-a14b-fe84ee738d4f close()
2019-07-14 04:43:27,609 INFO  util.JmxRegister (JmxRegister.java:unregister(73)) - Successfully un-registered JMX Bean with object name Ratis:service=RaftServer,group=group-E34C277ACA5C,id=36fa793a-8181-4835-8542-419b2c9663e3
2019-07-14 04:43:27,613 INFO  server.GrpcService (GrpcService.java:closeImpl(155)) - 8da3dc15-2a6c-4843-89b6-6adf41d92897: shutdown server with port 34978 now
2019-07-14 04:43:27,613 INFO  impl.RoleInfo (RoleInfo.java:shutdownLeaderState(104)) - 36fa793a-8181-4835-8542-419b2c9663e3: shutdown LeaderState
2019-07-14 04:43:27,615 INFO  server.GrpcService (GrpcService.java:closeImpl(163)) - 8da3dc15-2a6c-4843-89b6-6adf41d92897: shutdown server with port 34978 successfully
2019-07-14 04:43:27,619 INFO  impl.PendingRequests (PendingRequests.java:sendNotLeaderResponses(202)) - 36fa793a-8181-4835-8542-419b2c9663e3-PendingRequests: sendNotLeaderResponses
2019-07-14 04:43:27,619 WARN  server.GrpcLogAppender (GrpcLogAppender.java:mayWait(143)) - GrpcLogAppender(36fa793a-8181-4835-8542-419b2c9663e3->ce2b87ac-94ff-4d1f-8ba8-ab32d1173b60): Wait interrupted by java.lang.InterruptedException
2019-07-14 04:43:27,619 WARN  server.GrpcLogAppender (GrpcLogAppender.java:mayWait(143)) - GrpcLogAppender(36fa793a-8181-4835-8542-419b2c9663e3->b26b0bf7-41ce-424a-82ff-6d42a44b8232): Wait interrupted by java.lang.InterruptedException
2019-07-14 04:43:27,620 INFO  ratis.ContainerStateMachine (ContainerStateMachine.java:takeSnapshot(246)) - Taking snapshot at termIndex:(t:0, i:~)
2019-07-14 04:43:27,620 INFO  impl.StateMachineUpdater (StateMachineUpdater.java:stopAndJoin(115)) - StateMachineUpdater:36fa793a-8181-4835-8542-419b2c9663e3:group-E34C277ACA5C: set stopIndex = 0
2019-07-14 04:43:27,620 INFO  utils.BackgroundService (BackgroundService.java:shutdown(148)) - Shutting down service BlockDeletingService
2019-07-14 04:43:27,621 INFO  impl.RaftServerImpl (ServerState.java:close(394)) - 36fa793a-8181-4835-8542-419b2c9663e3:group-E34C277ACA5C closes. The last applied log index is 0
2019-07-14 04:43:27,621 INFO  server.GrpcServerProtocolService (GrpcServerProtocolService.java:onCompleted(104)) - ce2b87ac-94ff-4d1f-8ba8-ab32d1173b60: appendEntries completed
2019-07-14 04:43:27,622 INFO  segmented.SegmentedRaftLogWorker (SegmentedRaftLogWorker.java:run(313)) - 36fa793a-8181-4835-8542-419b2c9663e3-SegmentedRaftLogWorker:Storage Directory /tmp/workdir/hadoop-ozone/integration-test/target/test-dir/MiniOzoneClusterImpl-cde32a4e-e365-4eba-9bc1-7f9b124dac02/datanode-3/data/ratis/62b44c85-4f40-40a0-9dd9-e34c277aca5c was interrupted, exiting. There are 0 tasks remaining in the queue.
2019-07-14 04:43:27,625 INFO  segmented.SegmentedRaftLogWorker (SegmentedRaftLogWorker.java:close(228)) - 36fa793a-8181-4835-8542-419b2c9663e3-SegmentedRaftLogWorker:Storage Directory /tmp/workdir/hadoop-ozone/integration-test/target/test-dir/MiniOzoneClusterImpl-cde32a4e-e365-4eba-9bc1-7f9b124dac02/datanode-3/data/ratis/62b44c85-4f40-40a0-9dd9-e34c277aca5c close()
2019-07-14 04:43:27,629 WARN  fs.CachingGetSpaceUsed (CachingGetSpaceUsed.java:run(183)) - Thread Interrupted waiting to refresh disk information: sleep interrupted
2019-07-14 04:43:27,629 INFO  impl.RaftServerImpl (RaftServerImpl.java:lambda$shutdown$3(245)) - 36fa793a-8181-4835-8542-419b2c9663e3: shutdown group-9AFB7281D227
2019-07-14 04:43:27,629 INFO  server.GrpcLogAppender (GrpcLogAppender.java:onCompleted(292)) - 36fa793a-8181-4835-8542-419b2c9663e3->ce2b87ac-94ff-4d1f-8ba8-ab32d1173b60: follower responses appendEntries COMPLETED
2019-07-14 04:43:27,629 INFO  util.JmxRegister (JmxRegister.java:unregister(73)) - Successfully un-registered JMX Bean with object name Ratis:service=RaftServer,group=group-9AFB7281D227,id=36fa793a-8181-4835-8542-419b2c9663e3
2019-07-14 04:43:27,630 INFO  impl.FollowerInfo (FollowerInfo.java:lambda$new$0(50)) - 36fa793a-8181-4835-8542-419b2c9663e3->ce2b87ac-94ff-4d1f-8ba8-ab32d1173b60: nextIndex: updateUnconditionally 1 -> 0
2019-07-14 04:43:27,630 INFO  impl.RoleInfo (RoleInfo.java:shutdownLeaderState(104)) - 36fa793a-8181-4835-8542-419b2c9663e3: shutdown LeaderState
2019-07-14 04:43:27,631 INFO  impl.PendingRequests (PendingRequests.java:sendNotLeaderResponses(202)) - 36fa793a-8181-4835-8542-419b2c9663e3-PendingRequests: sendNotLeaderResponses
2019-07-14 04:43:27,632 INFO  impl.StateMachineUpdater (StateMachineUpdater.java:stopAndJoin(115)) - StateMachineUpdater:36fa793a-8181-4835-8542-419b2c9663e3:group-9AFB7281D227: set stopIndex = 0
2019-07-14 04:43:27,632 INFO  ratis.ContainerStateMachine (ContainerStateMachine.java:takeSnapshot(246)) - Taking snapshot at termIndex:(t:0, i:~)
2019-07-14 04:43:27,632 INFO  impl.RaftServerImpl (ServerState.java:close(394)) - 36fa793a-8181-4835-8542-419b2c9663e3:group-9AFB7281D227 closes. The last applied log index is 0
2019-07-14 04:43:27,633 INFO  segmented.SegmentedRaftLogWorker (SegmentedRaftLogWorker.java:run(313)) - 36fa793a-8181-4835-8542-419b2c9663e3-SegmentedRaftLogWorker:Storage Directory /tmp/workdir/hadoop-ozone/integration-test/target/test-dir/MiniOzoneClusterImpl-cde32a4e-e365-4eba-9bc1-7f9b124dac02/datanode-3/data/ratis/10a8ae43-b2a5-461f-bfb9-9afb7281d227 was interrupted, exiting. There are 0 tasks remaining in the queue.
2019-07-14 04:43:27,635 INFO  segmented.SegmentedRaftLogWorker (SegmentedRaftLogWorker.java:close(228)) - 36fa793a-8181-4835-8542-419b2c9663e3-SegmentedRaftLogWorker:Storage Directory /tmp/workdir/hadoop-ozone/integration-test/target/test-dir/MiniOzoneClusterImpl-cde32a4e-e365-4eba-9bc1-7f9b124dac02/datanode-3/data/ratis/10a8ae43-b2a5-461f-bfb9-9afb7281d227 close()
2019-07-14 04:43:27,643 INFO  server.GrpcService (GrpcService.java:closeImpl(155)) - 36fa793a-8181-4835-8542-419b2c9663e3: shutdown server with port 33357 now
2019-07-14 04:43:27,643 INFO  server.GrpcService (GrpcService.java:closeImpl(163)) - 36fa793a-8181-4835-8542-419b2c9663e3: shutdown server with port 33357 successfully
2019-07-14 04:43:27,645 INFO  utils.BackgroundService (BackgroundService.java:shutdown(148)) - Shutting down service BlockDeletingService
2019-07-14 04:43:27,646 WARN  fs.CachingGetSpaceUsed (CachingGetSpaceUsed.java:run(183)) - Thread Interrupted waiting to refresh disk information: sleep interrupted
2019-07-14 04:43:27,664 INFO  statemachine.DatanodeStateMachine (DatanodeStateMachine.java:stopDaemon(395)) - Ozone container server stopped.
2019-07-14 04:43:27,670 INFO  handler.ContextHandler (ContextHandler.java:doStop(910)) - Stopped o.e.j.w.WebAppContext@7197b07f{/,null,UNAVAILABLE}{/hddsDatanode}
2019-07-14 04:43:27,674 INFO  statemachine.DatanodeStateMachine (DatanodeStateMachine.java:stopDaemon(395)) - Ozone container server stopped.
2019-07-14 04:43:27,674 INFO  server.AbstractConnector (AbstractConnector.java:doStop(318)) - Stopped ServerConnector@1f10fec6{HTTP/1.1,[http/1.1]}{0.0.0.0:0}
2019-07-14 04:43:27,676 INFO  handler.ContextHandler (ContextHandler.java:doStop(910)) - Stopped o.e.j.s.ServletContextHandler@62ade015{/static,jar:file:/home/user/.m2/repository/org/apache/hadoop/hadoop-hdds-container-service/0.5.0-SNAPSHOT/hadoop-hdds-container-service-0.5.0-SNAPSHOT.jar!/webapps/static,UNAVAILABLE}
2019-07-14 04:43:27,678 INFO  handler.ContextHandler (ContextHandler.java:doStop(910)) - Stopped o.e.j.w.WebAppContext@6a2d867d{/,null,UNAVAILABLE}{/hddsDatanode}
2019-07-14 04:43:27,678 INFO  handler.ContextHandler (ContextHandler.java:doStop(910)) - Stopped o.e.j.s.ServletContextHandler@631c6d11{/logs,file:///tmp/workdir/hadoop-ozone/integration-test/target/log,UNAVAILABLE}
2019-07-14 04:43:27,679 INFO  server.AbstractConnector (AbstractConnector.java:doStop(318)) - Stopped ServerConnector@73bb1337{HTTP/1.1,[http/1.1]}{0.0.0.0:0}
2019-07-14 04:43:27,679 INFO  handler.ContextHandler (ContextHandler.java:doStop(910)) - Stopped o.e.j.s.ServletContextHandler@cc9ef8d{/static,jar:file:/home/user/.m2/repository/org/apache/hadoop/hadoop-hdds-container-service/0.5.0-SNAPSHOT/hadoop-hdds-container-service-0.5.0-SNAPSHOT.jar!/webapps/static,UNAVAILABLE}
2019-07-14 04:43:27,680 INFO  datanode.ObjectStoreHandler (ObjectStoreHandler.java:close(155)) - Closing ObjectStoreHandler.
2019-07-14 04:43:27,680 INFO  handler.ContextHandler (ContextHandler.java:doStop(910)) - Stopped o.e.j.s.ServletContextHandler@1e30db85{/logs,file:///tmp/workdir/hadoop-ozone/integration-test/target/log,UNAVAILABLE}
2019-07-14 04:43:27,680 INFO  ozone.HddsDatanodeService (HddsDatanodeService.java:stop(452)) - Stopped plug-in org.apache.hadoop.ozone.web.OzoneHddsDatanodeService@b4732dc
2019-07-14 04:43:27,682 INFO  datanode.ObjectStoreHandler (ObjectStoreHandler.java:close(155)) - Closing ObjectStoreHandler.
2019-07-14 04:43:27,682 INFO  ozone.HddsDatanodeService (HddsDatanodeService.java:stop(452)) - Stopped plug-in org.apache.hadoop.ozone.web.OzoneHddsDatanodeService@28e7bb31
2019-07-14 04:43:27,707 INFO  statemachine.DatanodeStateMachine (DatanodeStateMachine.java:lambda$startDaemon$0(350)) - Ozone container server started.
2019-07-14 04:43:28,250 INFO  statemachine.DatanodeStateMachine (DatanodeStateMachine.java:lambda$startDaemon$0(350)) - Ozone container server started.
2019-07-14 04:43:30,227 INFO  impl.FollowerState (FollowerState.java:run(106)) - 60a1f487-3869-438b-9653-4786ac435c84:group-0D056DBD3178 changes to CANDIDATE, lastRpcTime:7894, electionTimeout:5045ms
2019-07-14 04:43:30,227 INFO  impl.RoleInfo (RoleInfo.java:shutdownFollowerState(121)) - 60a1f487-3869-438b-9653-4786ac435c84: shutdown FollowerState
2019-07-14 04:43:30,227 INFO  impl.RaftServerImpl (RaftServerImpl.java:setRole(171)) - 60a1f487-3869-438b-9653-4786ac435c84:group-0D056DBD3178 changes role from FOLLOWER to CANDIDATE at term 1 for changeToCandidate
2019-07-14 04:43:30,228 INFO  impl.RoleInfo (RoleInfo.java:updateAndGet(143)) - 60a1f487-3869-438b-9653-4786ac435c84: start LeaderElection
2019-07-14 04:43:30,235 INFO  impl.RaftServerImpl (ServerState.java:setLeader(263)) - 60a1f487-3869-438b-9653-4786ac435c84:group-0D056DBD3178 change Leader from a490aa72-b079-4a27-a857-8651cf52422d to null at term 1 for initElection
2019-07-14 04:43:30,262 INFO  impl.LeaderElection (LeaderElection.java:askForVotes(181)) - 60a1f487-3869-438b-9653-4786ac435c84:group-0D056DBD3178:LeaderElection13: begin an election at term 2 for 0: [60a1f487-3869-438b-9653-4786ac435c84:192.168.5.157:34505, 81f2cfd3-4e6d-4976-acdf-5fc3d3480df9:192.168.5.157:36380, a490aa72-b079-4a27-a857-8651cf52422d:192.168.5.157:35222], old=null
2019-07-14 04:43:30,271 INFO  impl.RaftServerImpl (ServerState.java:setLeader(263)) - 81f2cfd3-4e6d-4976-acdf-5fc3d3480df9:group-0D056DBD3178 change Leader from a490aa72-b079-4a27-a857-8651cf52422d to null at term 2 for updateCurrentTerm
2019-07-14 04:43:30,271 INFO  impl.LeaderElection (LogUtils.java:infoOrTrace(149)) - 60a1f487-3869-438b-9653-4786ac435c84:group-0D056DBD3178:LeaderElection13 got exception when requesting votes: {}
java.util.concurrent.ExecutionException: org.apache.ratis.thirdparty.io.grpc.StatusRuntimeException: UNAVAILABLE: io exception
	at java.util.concurrent.FutureTask.report(FutureTask.java:122)
	at java.util.concurrent.FutureTask.get(FutureTask.java:192)
	at org.apache.ratis.server.impl.LeaderElection.waitForResults(LeaderElection.java:262)
	at org.apache.ratis.server.impl.LeaderElection.askForVotes(LeaderElection.java:200)
	at org.apache.ratis.server.impl.LeaderElection.run(LeaderElection.java:130)
	at java.lang.Thread.run(Thread.java:748)
Caused by: org.apache.ratis.thirdparty.io.grpc.StatusRuntimeException: UNAVAILABLE: io exception
	at org.apache.ratis.thirdparty.io.grpc.stub.ClientCalls.toStatusRuntimeException(ClientCalls.java:233)
	at org.apache.ratis.thirdparty.io.grpc.stub.ClientCalls.getUnchecked(ClientCalls.java:214)
	at org.apache.ratis.thirdparty.io.grpc.stub.ClientCalls.blockingUnaryCall(ClientCalls.java:139)
	at org.apache.ratis.proto.grpc.RaftServerProtocolServiceGrpc$RaftServerProtocolServiceBlockingStub.requestVote(RaftServerProtocolServiceGrpc.java:265)
	at org.apache.ratis.grpc.server.GrpcServerProtocolClient.requestVote(GrpcServerProtocolClient.java:83)
	at org.apache.ratis.grpc.server.GrpcService.requestVote(GrpcService.java:195)
	at org.apache.ratis.server.impl.LeaderElection.lambda$submitRequests$1(LeaderElection.java:237)
	at java.util.concurrent.FutureTask.run(FutureTask.java:266)
	at java.util.concurrent.Executors$RunnableAdapter.call(Executors.java:511)
	at java.util.concurrent.FutureTask.run(FutureTask.java:266)
	at java.util.concurrent.ThreadPoolExecutor.runWorker(ThreadPoolExecutor.java:1149)
	at java.util.concurrent.ThreadPoolExecutor$Worker.run(ThreadPoolExecutor.java:624)
	... 1 more
Caused by: org.apache.ratis.thirdparty.io.netty.channel.AbstractChannel$AnnotatedConnectException: Connection refused: /192.168.5.157:35222
	at sun.nio.ch.SocketChannelImpl.checkConnect(Native Method)
	at sun.nio.ch.SocketChannelImpl.finishConnect(SocketChannelImpl.java:717)
	at org.apache.ratis.thirdparty.io.netty.channel.socket.nio.NioSocketChannel.doFinishConnect(NioSocketChannel.java:327)
	at org.apache.ratis.thirdparty.io.netty.channel.nio.AbstractNioChannel$AbstractNioUnsafe.finishConnect(AbstractNioChannel.java:340)
	at org.apache.ratis.thirdparty.io.netty.channel.nio.NioEventLoop.processSelectedKey(NioEventLoop.java:632)
	at org.apache.ratis.thirdparty.io.netty.channel.nio.NioEventLoop.processSelectedKeysOptimized(NioEventLoop.java:579)
	at org.apache.ratis.thirdparty.io.netty.channel.nio.NioEventLoop.processSelectedKeys(NioEventLoop.java:496)
	at org.apache.ratis.thirdparty.io.netty.channel.nio.NioEventLoop.run(NioEventLoop.java:458)
	at org.apache.ratis.thirdparty.io.netty.util.concurrent.SingleThreadEventExecutor$5.run(SingleThreadEventExecutor.java:897)
	at org.apache.ratis.thirdparty.io.netty.util.concurrent.FastThreadLocalRunnable.run(FastThreadLocalRunnable.java:30)
	... 1 more
Caused by: java.net.ConnectException: Connection refused
	... 11 more
2019-07-14 04:43:30,271 INFO  impl.RaftServerImpl (RaftServerImpl.java:setRole(171)) - 81f2cfd3-4e6d-4976-acdf-5fc3d3480df9:group-0D056DBD3178 changes role from FOLLOWER to FOLLOWER at term 2 for recognizeCandidate:60a1f487-3869-438b-9653-4786ac435c84
2019-07-14 04:43:30,275 INFO  impl.RoleInfo (RoleInfo.java:shutdownFollowerState(121)) - 81f2cfd3-4e6d-4976-acdf-5fc3d3480df9: shutdown FollowerState
2019-07-14 04:43:30,276 INFO  impl.FollowerState (FollowerState.java:run(114)) - 81f2cfd3-4e6d-4976-acdf-5fc3d3480df9: FollowerState was interrupted: java.lang.InterruptedException: sleep interrupted
2019-07-14 04:43:30,276 INFO  impl.RoleInfo (RoleInfo.java:updateAndGet(143)) - 81f2cfd3-4e6d-4976-acdf-5fc3d3480df9: start FollowerState
2019-07-14 04:43:30,293 INFO  impl.LeaderElection (LeaderElection.java:logAndReturn(56)) - 60a1f487-3869-438b-9653-4786ac435c84:group-0D056DBD3178:LeaderElection13: Election PASSED; received 1 response(s) [60a1f487-3869-438b-9653-4786ac435c84<-81f2cfd3-4e6d-4976-acdf-5fc3d3480df9#0:OK-t2] and 1 exception(s); 60a1f487-3869-438b-9653-4786ac435c84:t2, leader=null, voted=60a1f487-3869-438b-9653-4786ac435c84, raftlog=60a1f487-3869-438b-9653-4786ac435c84-SegmentedRaftLog:OPENED:c4,f4,i4, conf=0: [60a1f487-3869-438b-9653-4786ac435c84:192.168.5.157:34505, 81f2cfd3-4e6d-4976-acdf-5fc3d3480df9:192.168.5.157:36380, a490aa72-b079-4a27-a857-8651cf52422d:192.168.5.157:35222], old=null
2019-07-14 04:43:30,293 INFO  impl.LeaderElection (LogUtils.java:infoOrTrace(149)) -   Exception 0: {}
java.util.concurrent.ExecutionException: org.apache.ratis.thirdparty.io.grpc.StatusRuntimeException: UNAVAILABLE: io exception
	at java.util.concurrent.FutureTask.report(FutureTask.java:122)
	at java.util.concurrent.FutureTask.get(FutureTask.java:192)
	at org.apache.ratis.server.impl.LeaderElection.waitForResults(LeaderElection.java:262)
	at org.apache.ratis.server.impl.LeaderElection.askForVotes(LeaderElection.java:200)
	at org.apache.ratis.server.impl.LeaderElection.run(LeaderElection.java:130)
	at java.lang.Thread.run(Thread.java:748)
Caused by: org.apache.ratis.thirdparty.io.grpc.StatusRuntimeException: UNAVAILABLE: io exception
	at org.apache.ratis.thirdparty.io.grpc.stub.ClientCalls.toStatusRuntimeException(ClientCalls.java:233)
	at org.apache.ratis.thirdparty.io.grpc.stub.ClientCalls.getUnchecked(ClientCalls.java:214)
	at org.apache.ratis.thirdparty.io.grpc.stub.ClientCalls.blockingUnaryCall(ClientCalls.java:139)
	at org.apache.ratis.proto.grpc.RaftServerProtocolServiceGrpc$RaftServerProtocolServiceBlockingStub.requestVote(RaftServerProtocolServiceGrpc.java:265)
	at org.apache.ratis.grpc.server.GrpcServerProtocolClient.requestVote(GrpcServerProtocolClient.java:83)
	at org.apache.ratis.grpc.server.GrpcService.requestVote(GrpcService.java:195)
	at org.apache.ratis.server.impl.LeaderElection.lambda$submitRequests$1(LeaderElection.java:237)
	at java.util.concurrent.FutureTask.run(FutureTask.java:266)
	at java.util.concurrent.Executors$RunnableAdapter.call(Executors.java:511)
	at java.util.concurrent.FutureTask.run(FutureTask.java:266)
	at java.util.concurrent.ThreadPoolExecutor.runWorker(ThreadPoolExecutor.java:1149)
	at java.util.concurrent.ThreadPoolExecutor$Worker.run(ThreadPoolExecutor.java:624)
	... 1 more
Caused by: org.apache.ratis.thirdparty.io.netty.channel.AbstractChannel$AnnotatedConnectException: Connection refused: /192.168.5.157:35222
	at sun.nio.ch.SocketChannelImpl.checkConnect(Native Method)
	at sun.nio.ch.SocketChannelImpl.finishConnect(SocketChannelImpl.java:717)
	at org.apache.ratis.thirdparty.io.netty.channel.socket.nio.NioSocketChannel.doFinishConnect(NioSocketChannel.java:327)
	at org.apache.ratis.thirdparty.io.netty.channel.nio.AbstractNioChannel$AbstractNioUnsafe.finishConnect(AbstractNioChannel.java:340)
	at org.apache.ratis.thirdparty.io.netty.channel.nio.NioEventLoop.processSelectedKey(NioEventLoop.java:632)
	at org.apache.ratis.thirdparty.io.netty.channel.nio.NioEventLoop.processSelectedKeysOptimized(NioEventLoop.java:579)
	at org.apache.ratis.thirdparty.io.netty.channel.nio.NioEventLoop.processSelectedKeys(NioEventLoop.java:496)
	at org.apache.ratis.thirdparty.io.netty.channel.nio.NioEventLoop.run(NioEventLoop.java:458)
	at org.apache.ratis.thirdparty.io.netty.util.concurrent.SingleThreadEventExecutor$5.run(SingleThreadEventExecutor.java:897)
	at org.apache.ratis.thirdparty.io.netty.util.concurrent.FastThreadLocalRunnable.run(FastThreadLocalRunnable.java:30)
	... 1 more
Caused by: java.net.ConnectException: Connection refused
	... 11 more
2019-07-14 04:43:30,294 INFO  impl.RoleInfo (RoleInfo.java:shutdownLeaderElection(134)) - 60a1f487-3869-438b-9653-4786ac435c84: shutdown LeaderElection
2019-07-14 04:43:30,294 INFO  impl.RaftServerImpl (RaftServerImpl.java:setRole(171)) - 60a1f487-3869-438b-9653-4786ac435c84:group-0D056DBD3178 changes role from CANDIDATE to LEADER at term 2 for changeToLeader
2019-07-14 04:43:30,295 INFO  impl.RaftServerImpl (ServerState.java:setLeader(263)) - 60a1f487-3869-438b-9653-4786ac435c84:group-0D056DBD3178 change Leader from null to 60a1f487-3869-438b-9653-4786ac435c84 at term 2 for becomeLeader, leader elected after 60ms
2019-07-14 04:43:30,296 INFO  server.RaftServerConfigKeys (ConfUtils.java:logGet(43)) - raft.server.staging.catchup.gap = 1000 (default)
2019-07-14 04:43:30,296 INFO  server.RaftServerConfigKeys (ConfUtils.java:logGet(43)) - raft.server.rpc.sleep.time = 25ms (default)
2019-07-14 04:43:30,296 INFO  server.RaftServerConfigKeys (ConfUtils.java:logGet(43)) - raft.server.write.element-limit = 4096 (default)
2019-07-14 04:43:30,296 INFO  server.RaftServerConfigKeys (ConfUtils.java:logGet(43)) - raft.server.watch.timeout = 10s (default)
2019-07-14 04:43:30,296 INFO  server.RaftServerConfigKeys (ConfUtils.java:logGet(43)) - raft.server.watch.timeout.denomination = 1s (default)
2019-07-14 04:43:30,297 INFO  server.RaftServerConfigKeys (ConfUtils.java:logGet(43)) - raft.server.watch.element-limit = 65536 (default)
2019-07-14 04:43:30,297 INFO  server.RaftServerConfigKeys (ConfUtils.java:logGet(43)) - raft.server.log.appender.snapshot.chunk.size.max = 16MB (=16777216) (default)
2019-07-14 04:43:30,297 INFO  server.RaftServerConfigKeys (ConfUtils.java:logGet(43)) - raft.server.log.appender.buffer.byte-limit = 33554432 (custom)
2019-07-14 04:43:30,297 INFO  server.RaftServerConfigKeys (ConfUtils.java:logGet(43)) - raft.server.log.appender.buffer.element-limit = 1 (custom)
2019-07-14 04:43:30,298 INFO  grpc.GrpcConfigKeys$Server (ConfUtils.java:logGet(43)) - raft.grpc.server.leader.outstanding.appends.max = 128 (default)
2019-07-14 04:43:30,298 INFO  server.RaftServerConfigKeys (ConfUtils.java:logGet(43)) - raft.server.rpc.request.timeout = 3000ms (default)
2019-07-14 04:43:30,298 INFO  server.RaftServerConfigKeys (ConfUtils.java:logGet(43)) - raft.server.log.appender.install.snapshot.enabled = false (custom)
2019-07-14 04:43:30,298 INFO  server.RaftServerConfigKeys (ConfUtils.java:logGet(43)) - raft.server.log.appender.snapshot.chunk.size.max = 16MB (=16777216) (default)
2019-07-14 04:43:30,298 INFO  server.RaftServerConfigKeys (ConfUtils.java:logGet(43)) - raft.server.log.appender.buffer.byte-limit = 33554432 (custom)
2019-07-14 04:43:30,299 INFO  server.RaftServerConfigKeys (ConfUtils.java:logGet(43)) - raft.server.log.appender.buffer.element-limit = 1 (custom)
2019-07-14 04:43:30,299 INFO  grpc.GrpcConfigKeys$Server (ConfUtils.java:logGet(43)) - raft.grpc.server.leader.outstanding.appends.max = 128 (default)
2019-07-14 04:43:30,299 INFO  server.RaftServerConfigKeys (ConfUtils.java:logGet(43)) - raft.server.rpc.request.timeout = 3000ms (default)
2019-07-14 04:43:30,299 INFO  server.RaftServerConfigKeys (ConfUtils.java:logGet(43)) - raft.server.log.appender.install.snapshot.enabled = false (custom)
2019-07-14 04:43:30,300 INFO  impl.RoleInfo (RoleInfo.java:updateAndGet(143)) - 60a1f487-3869-438b-9653-4786ac435c84: start LeaderState
2019-07-14 04:43:30,300 INFO  segmented.SegmentedRaftLogWorker (SegmentedRaftLogWorker.java:rollLogSegment(385)) - 60a1f487-3869-438b-9653-4786ac435c84-SegmentedRaftLogWorker:Storage Directory /tmp/workdir/hadoop-ozone/integration-test/target/test-dir/MiniOzoneClusterImpl-cde32a4e-e365-4eba-9bc1-7f9b124dac02/datanode-6/data/ratis/de6f0c09-7777-4d36-aea7-0d056dbd3178: Rolling segment log-0_4 to index:4
2019-07-14 04:43:30,302 INFO  impl.RaftServerImpl (ServerState.java:setRaftConf(361)) - 60a1f487-3869-438b-9653-4786ac435c84:group-0D056DBD3178 set configuration 5: [60a1f487-3869-438b-9653-4786ac435c84:192.168.5.157:34505, 81f2cfd3-4e6d-4976-acdf-5fc3d3480df9:192.168.5.157:36380, a490aa72-b079-4a27-a857-8651cf52422d:192.168.5.157:35222], old=null at 5
2019-07-14 04:43:30,304 WARN  server.GrpcLogAppender (LogUtils.java:warn(134)) - 60a1f487-3869-438b-9653-4786ac435c84->a490aa72-b079-4a27-a857-8651cf52422d: Failed appendEntries: org.apache.ratis.thirdparty.io.grpc.StatusRuntimeException: UNAVAILABLE: io exception
2019-07-14 04:43:30,304 INFO  segmented.SegmentedRaftLogWorker (SegmentedRaftLogWorker.java:execute(526)) - 60a1f487-3869-438b-9653-4786ac435c84-SegmentedRaftLogWorker:Storage Directory /tmp/workdir/hadoop-ozone/integration-test/target/test-dir/MiniOzoneClusterImpl-cde32a4e-e365-4eba-9bc1-7f9b124dac02/datanode-6/data/ratis/de6f0c09-7777-4d36-aea7-0d056dbd3178: Rolled log segment from /tmp/workdir/hadoop-ozone/integration-test/target/test-dir/MiniOzoneClusterImpl-cde32a4e-e365-4eba-9bc1-7f9b124dac02/datanode-6/data/ratis/de6f0c09-7777-4d36-aea7-0d056dbd3178/current/log_inprogress_0 to /tmp/workdir/hadoop-ozone/integration-test/target/test-dir/MiniOzoneClusterImpl-cde32a4e-e365-4eba-9bc1-7f9b124dac02/datanode-6/data/ratis/de6f0c09-7777-4d36-aea7-0d056dbd3178/current/log_0-4
2019-07-14 04:43:30,306 INFO  impl.FollowerInfo (FollowerInfo.java:lambda$new$0(50)) - 60a1f487-3869-438b-9653-4786ac435c84->a490aa72-b079-4a27-a857-8651cf52422d: nextIndex: updateUnconditionally 5 -> 1
2019-07-14 04:43:30,307 INFO  impl.RaftServerImpl (ServerState.java:setLeader(263)) - 81f2cfd3-4e6d-4976-acdf-5fc3d3480df9:group-0D056DBD3178 change Leader from null to 60a1f487-3869-438b-9653-4786ac435c84 at term 2 for appendEntries, leader elected after 36ms
2019-07-14 04:43:30,312 INFO  impl.RaftServerImpl (ServerState.java:setRaftConf(361)) - 81f2cfd3-4e6d-4976-acdf-5fc3d3480df9:group-0D056DBD3178 set configuration 5: [60a1f487-3869-438b-9653-4786ac435c84:192.168.5.157:34505, 81f2cfd3-4e6d-4976-acdf-5fc3d3480df9:192.168.5.157:36380, a490aa72-b079-4a27-a857-8651cf52422d:192.168.5.157:35222], old=null at 5
2019-07-14 04:43:30,312 INFO  segmented.SegmentedRaftLogWorker (SegmentedRaftLogWorker.java:rollLogSegment(385)) - 81f2cfd3-4e6d-4976-acdf-5fc3d3480df9-SegmentedRaftLogWorker:Storage Directory /tmp/workdir/hadoop-ozone/integration-test/target/test-dir/MiniOzoneClusterImpl-cde32a4e-e365-4eba-9bc1-7f9b124dac02/datanode-5/data/ratis/de6f0c09-7777-4d36-aea7-0d056dbd3178: Rolling segment log-0_4 to index:4
2019-07-14 04:43:30,313 INFO  segmented.SegmentedRaftLogWorker (SegmentedRaftLogWorker.java:execute(526)) - 81f2cfd3-4e6d-4976-acdf-5fc3d3480df9-SegmentedRaftLogWorker:Storage Directory /tmp/workdir/hadoop-ozone/integration-test/target/test-dir/MiniOzoneClusterImpl-cde32a4e-e365-4eba-9bc1-7f9b124dac02/datanode-5/data/ratis/de6f0c09-7777-4d36-aea7-0d056dbd3178: Rolled log segment from /tmp/workdir/hadoop-ozone/integration-test/target/test-dir/MiniOzoneClusterImpl-cde32a4e-e365-4eba-9bc1-7f9b124dac02/datanode-5/data/ratis/de6f0c09-7777-4d36-aea7-0d056dbd3178/current/log_inprogress_0 to /tmp/workdir/hadoop-ozone/integration-test/target/test-dir/MiniOzoneClusterImpl-cde32a4e-e365-4eba-9bc1-7f9b124dac02/datanode-5/data/ratis/de6f0c09-7777-4d36-aea7-0d056dbd3178/current/log_0-4
2019-07-14 04:43:30,338 INFO  segmented.SegmentedRaftLogWorker (SegmentedRaftLogWorker.java:execute(569)) - 60a1f487-3869-438b-9653-4786ac435c84-SegmentedRaftLogWorker:Storage Directory /tmp/workdir/hadoop-ozone/integration-test/target/test-dir/MiniOzoneClusterImpl-cde32a4e-e365-4eba-9bc1-7f9b124dac02/datanode-6/data/ratis/de6f0c09-7777-4d36-aea7-0d056dbd3178: created new log segment /tmp/workdir/hadoop-ozone/integration-test/target/test-dir/MiniOzoneClusterImpl-cde32a4e-e365-4eba-9bc1-7f9b124dac02/datanode-6/data/ratis/de6f0c09-7777-4d36-aea7-0d056dbd3178/current/log_inprogress_5
2019-07-14 04:43:30,338 INFO  segmented.SegmentedRaftLogWorker (SegmentedRaftLogWorker.java:execute(569)) - 81f2cfd3-4e6d-4976-acdf-5fc3d3480df9-SegmentedRaftLogWorker:Storage Directory /tmp/workdir/hadoop-ozone/integration-test/target/test-dir/MiniOzoneClusterImpl-cde32a4e-e365-4eba-9bc1-7f9b124dac02/datanode-5/data/ratis/de6f0c09-7777-4d36-aea7-0d056dbd3178: created new log segment /tmp/workdir/hadoop-ozone/integration-test/target/test-dir/MiniOzoneClusterImpl-cde32a4e-e365-4eba-9bc1-7f9b124dac02/datanode-5/data/ratis/de6f0c09-7777-4d36-aea7-0d056dbd3178/current/log_inprogress_5
2019-07-14 04:43:30,397 WARN  server.GrpcLogAppender (LogUtils.java:warn(134)) - 60a1f487-3869-438b-9653-4786ac435c84->a490aa72-b079-4a27-a857-8651cf52422d: Failed appendEntries: org.apache.ratis.thirdparty.io.grpc.StatusRuntimeException: UNAVAILABLE: io exception
2019-07-14 04:43:30,400 INFO  impl.FollowerInfo (FollowerInfo.java:lambda$new$0(50)) - 60a1f487-3869-438b-9653-4786ac435c84->a490aa72-b079-4a27-a857-8651cf52422d: nextIndex: updateUnconditionally 2 -> 1
2019-07-14 04:43:32,682 INFO  ozoneimpl.OzoneContainer (OzoneContainer.java:stop(199)) - Attempting to stop container services.
2019-07-14 04:43:32,682 INFO  impl.RaftServerProxy (RaftServerProxy.java:lambda$close$4(314)) - ce2b87ac-94ff-4d1f-8ba8-ab32d1173b60: close
2019-07-14 04:43:32,683 INFO  impl.RaftServerImpl (RaftServerImpl.java:lambda$shutdown$3(245)) - ce2b87ac-94ff-4d1f-8ba8-ab32d1173b60: shutdown group-E34C277ACA5C
2019-07-14 04:43:32,683 INFO  ozoneimpl.OzoneContainer (OzoneContainer.java:stop(199)) - Attempting to stop container services.
2019-07-14 04:43:32,683 INFO  util.JmxRegister (JmxRegister.java:unregister(73)) - Successfully un-registered JMX Bean with object name Ratis:service=RaftServer,group=group-E34C277ACA5C,id=ce2b87ac-94ff-4d1f-8ba8-ab32d1173b60
2019-07-14 04:43:32,684 INFO  impl.RaftServerProxy (RaftServerProxy.java:lambda$close$4(314)) - 60a1f487-3869-438b-9653-4786ac435c84: close
2019-07-14 04:43:32,684 INFO  impl.RoleInfo (RoleInfo.java:shutdownFollowerState(121)) - ce2b87ac-94ff-4d1f-8ba8-ab32d1173b60: shutdown FollowerState
2019-07-14 04:43:32,685 INFO  impl.RaftServerImpl (RaftServerImpl.java:lambda$shutdown$3(245)) - 60a1f487-3869-438b-9653-4786ac435c84: shutdown group-0D056DBD3178
2019-07-14 04:43:32,685 INFO  ratis.ContainerStateMachine (ContainerStateMachine.java:takeSnapshot(246)) - Taking snapshot at termIndex:(t:0, i:~)
2019-07-14 04:43:32,685 INFO  impl.FollowerState (FollowerState.java:run(114)) - ce2b87ac-94ff-4d1f-8ba8-ab32d1173b60: FollowerState was interrupted: java.lang.InterruptedException: sleep interrupted
2019-07-14 04:43:32,685 INFO  impl.StateMachineUpdater (StateMachineUpdater.java:stopAndJoin(115)) - StateMachineUpdater:ce2b87ac-94ff-4d1f-8ba8-ab32d1173b60:group-E34C277ACA5C: set stopIndex = 0
2019-07-14 04:43:32,686 INFO  impl.RaftServerImpl (ServerState.java:close(394)) - ce2b87ac-94ff-4d1f-8ba8-ab32d1173b60:group-E34C277ACA5C closes. The last applied log index is 0
2019-07-14 04:43:32,685 INFO  util.JmxRegister (JmxRegister.java:unregister(73)) - Successfully un-registered JMX Bean with object name Ratis:service=RaftServer,group=group-0D056DBD3178,id=60a1f487-3869-438b-9653-4786ac435c84
2019-07-14 04:43:32,687 INFO  impl.RoleInfo (RoleInfo.java:shutdownLeaderState(104)) - 60a1f487-3869-438b-9653-4786ac435c84: shutdown LeaderState
2019-07-14 04:43:32,687 INFO  segmented.SegmentedRaftLogWorker (SegmentedRaftLogWorker.java:run(313)) - ce2b87ac-94ff-4d1f-8ba8-ab32d1173b60-SegmentedRaftLogWorker:Storage Directory /tmp/workdir/hadoop-ozone/integration-test/target/test-dir/MiniOzoneClusterImpl-cde32a4e-e365-4eba-9bc1-7f9b124dac02/datanode-0/data/ratis/62b44c85-4f40-40a0-9dd9-e34c277aca5c was interrupted, exiting. There are 0 tasks remaining in the queue.
2019-07-14 04:43:32,691 WARN  server.GrpcLogAppender (GrpcLogAppender.java:mayWait(143)) - GrpcLogAppender(60a1f487-3869-438b-9653-4786ac435c84->81f2cfd3-4e6d-4976-acdf-5fc3d3480df9): Wait interrupted by java.lang.InterruptedException
2019-07-14 04:43:32,691 INFO  impl.PendingRequests (PendingRequests.java:sendNotLeaderResponses(202)) - 60a1f487-3869-438b-9653-4786ac435c84-PendingRequests: sendNotLeaderResponses
2019-07-14 04:43:32,692 INFO  segmented.SegmentedRaftLogWorker (SegmentedRaftLogWorker.java:close(228)) - ce2b87ac-94ff-4d1f-8ba8-ab32d1173b60-SegmentedRaftLogWorker:Storage Directory /tmp/workdir/hadoop-ozone/integration-test/target/test-dir/MiniOzoneClusterImpl-cde32a4e-e365-4eba-9bc1-7f9b124dac02/datanode-0/data/ratis/62b44c85-4f40-40a0-9dd9-e34c277aca5c close()
2019-07-14 04:43:32,695 INFO  ratis.ContainerStateMachine (ContainerStateMachine.java:takeSnapshot(246)) - Taking snapshot at termIndex:(t:1, i:3)
2019-07-14 04:43:32,696 INFO  impl.RaftServerImpl (RaftServerImpl.java:lambda$shutdown$3(245)) - ce2b87ac-94ff-4d1f-8ba8-ab32d1173b60: shutdown group-E06EB8B2CC0B
2019-07-14 04:43:32,691 WARN  server.GrpcLogAppender (GrpcLogAppender.java:mayWait(143)) - GrpcLogAppender(60a1f487-3869-438b-9653-4786ac435c84->a490aa72-b079-4a27-a857-8651cf52422d): Wait interrupted by java.lang.InterruptedException
2019-07-14 04:43:32,697 INFO  util.JmxRegister (JmxRegister.java:unregister(73)) - Successfully un-registered JMX Bean with object name Ratis:service=RaftServer,group=group-E06EB8B2CC0B,id=ce2b87ac-94ff-4d1f-8ba8-ab32d1173b60
2019-07-14 04:43:32,699 INFO  impl.RoleInfo (RoleInfo.java:shutdownLeaderState(104)) - ce2b87ac-94ff-4d1f-8ba8-ab32d1173b60: shutdown LeaderState
2019-07-14 04:43:32,697 INFO  server.GrpcServerProtocolService (GrpcServerProtocolService.java:onCompleted(104)) - 81f2cfd3-4e6d-4976-acdf-5fc3d3480df9: appendEntries completed
2019-07-14 04:43:32,696 INFO  ratis.ContainerStateMachine (ContainerStateMachine.java:takeSnapshot(250)) - Taking a snapshot to file /tmp/workdir/hadoop-ozone/integration-test/target/test-dir/MiniOzoneClusterImpl-cde32a4e-e365-4eba-9bc1-7f9b124dac02/datanode-6/data/ratis/de6f0c09-7777-4d36-aea7-0d056dbd3178/sm/snapshot.1_3
2019-07-14 04:43:32,695 INFO  impl.StateMachineUpdater (StateMachineUpdater.java:stopAndJoin(115)) - StateMachineUpdater:60a1f487-3869-438b-9653-4786ac435c84:group-0D056DBD3178: set stopIndex = 6
2019-07-14 04:43:32,700 INFO  impl.StateMachineUpdater (StateMachineUpdater.java:takeSnapshot(242)) - StateMachineUpdater:60a1f487-3869-438b-9653-4786ac435c84:group-0D056DBD3178: Took a snapshot at index 3
2019-07-14 04:43:32,699 INFO  impl.PendingRequests (PendingRequests.java:sendNotLeaderResponses(202)) - ce2b87ac-94ff-4d1f-8ba8-ab32d1173b60-PendingRequests: sendNotLeaderResponses
2019-07-14 04:43:32,701 INFO  server.GrpcLogAppender (GrpcLogAppender.java:onCompleted(292)) - 60a1f487-3869-438b-9653-4786ac435c84->81f2cfd3-4e6d-4976-acdf-5fc3d3480df9: follower responses appendEntries COMPLETED
2019-07-14 04:43:32,701 INFO  impl.StateMachineUpdater (StateMachineUpdater.java:lambda$new$0(80)) - StateMachineUpdater:60a1f487-3869-438b-9653-4786ac435c84:group-0D056DBD3178: snapshotIndex: updateIncreasingly -1 -> 3
2019-07-14 04:43:32,702 INFO  ratis.ContainerStateMachine (ContainerStateMachine.java:takeSnapshot(246)) - Taking snapshot at termIndex:(t:0, i:~)
2019-07-14 04:43:32,702 INFO  impl.StateMachineUpdater (StateMachineUpdater.java:stopAndJoin(115)) - StateMachineUpdater:ce2b87ac-94ff-4d1f-8ba8-ab32d1173b60:group-E06EB8B2CC0B: set stopIndex = 0
2019-07-14 04:43:32,704 INFO  impl.RaftServerImpl (ServerState.java:close(394)) - 60a1f487-3869-438b-9653-4786ac435c84:group-0D056DBD3178 closes. The last applied log index is 6
2019-07-14 04:43:32,703 INFO  impl.FollowerInfo (FollowerInfo.java:lambda$new$0(50)) - 60a1f487-3869-438b-9653-4786ac435c84->81f2cfd3-4e6d-4976-acdf-5fc3d3480df9: nextIndex: updateUnconditionally 7 -> 6
2019-07-14 04:43:32,704 INFO  segmented.SegmentedRaftLogWorker (SegmentedRaftLogWorker.java:run(313)) - 60a1f487-3869-438b-9653-4786ac435c84-SegmentedRaftLogWorker:Storage Directory /tmp/workdir/hadoop-ozone/integration-test/target/test-dir/MiniOzoneClusterImpl-cde32a4e-e365-4eba-9bc1-7f9b124dac02/datanode-6/data/ratis/de6f0c09-7777-4d36-aea7-0d056dbd3178 was interrupted, exiting. There are 0 tasks remaining in the queue.
2019-07-14 04:43:32,704 INFO  impl.RaftServerImpl (ServerState.java:close(394)) - ce2b87ac-94ff-4d1f-8ba8-ab32d1173b60:group-E06EB8B2CC0B closes. The last applied log index is 0
2019-07-14 04:43:32,706 INFO  segmented.SegmentedRaftLogWorker (SegmentedRaftLogWorker.java:close(228)) - 60a1f487-3869-438b-9653-4786ac435c84-SegmentedRaftLogWorker:Storage Directory /tmp/workdir/hadoop-ozone/integration-test/target/test-dir/MiniOzoneClusterImpl-cde32a4e-e365-4eba-9bc1-7f9b124dac02/datanode-6/data/ratis/de6f0c09-7777-4d36-aea7-0d056dbd3178 close()
2019-07-14 04:43:32,707 INFO  segmented.SegmentedRaftLogWorker (SegmentedRaftLogWorker.java:run(313)) - ce2b87ac-94ff-4d1f-8ba8-ab32d1173b60-SegmentedRaftLogWorker:Storage Directory /tmp/workdir/hadoop-ozone/integration-test/target/test-dir/MiniOzoneClusterImpl-cde32a4e-e365-4eba-9bc1-7f9b124dac02/datanode-0/data/ratis/a9cc547e-8fba-42b1-b158-e06eb8b2cc0b was interrupted, exiting. There are 0 tasks remaining in the queue.
2019-07-14 04:43:32,708 INFO  impl.RaftServerImpl (RaftServerImpl.java:lambda$shutdown$3(245)) - 60a1f487-3869-438b-9653-4786ac435c84: shutdown group-3FA1DA8182B3
2019-07-14 04:43:32,708 INFO  segmented.SegmentedRaftLogWorker (SegmentedRaftLogWorker.java:close(228)) - ce2b87ac-94ff-4d1f-8ba8-ab32d1173b60-SegmentedRaftLogWorker:Storage Directory /tmp/workdir/hadoop-ozone/integration-test/target/test-dir/MiniOzoneClusterImpl-cde32a4e-e365-4eba-9bc1-7f9b124dac02/datanode-0/data/ratis/a9cc547e-8fba-42b1-b158-e06eb8b2cc0b close()
2019-07-14 04:43:32,709 INFO  util.JmxRegister (JmxRegister.java:unregister(73)) - Successfully un-registered JMX Bean with object name Ratis:service=RaftServer,group=group-3FA1DA8182B3,id=60a1f487-3869-438b-9653-4786ac435c84
2019-07-14 04:43:32,710 INFO  impl.RoleInfo (RoleInfo.java:shutdownLeaderState(104)) - 60a1f487-3869-438b-9653-4786ac435c84: shutdown LeaderState
2019-07-14 04:43:32,710 INFO  server.GrpcService (GrpcService.java:closeImpl(155)) - ce2b87ac-94ff-4d1f-8ba8-ab32d1173b60: shutdown server with port 34774 now
2019-07-14 04:43:32,711 INFO  impl.PendingRequests (PendingRequests.java:sendNotLeaderResponses(202)) - 60a1f487-3869-438b-9653-4786ac435c84-PendingRequests: sendNotLeaderResponses
2019-07-14 04:43:32,711 INFO  server.GrpcService (GrpcService.java:closeImpl(163)) - ce2b87ac-94ff-4d1f-8ba8-ab32d1173b60: shutdown server with port 34774 successfully
2019-07-14 04:43:32,712 INFO  ratis.ContainerStateMachine (ContainerStateMachine.java:takeSnapshot(246)) - Taking snapshot at termIndex:(t:0, i:~)
2019-07-14 04:43:32,712 INFO  impl.StateMachineUpdater (StateMachineUpdater.java:stopAndJoin(115)) - StateMachineUpdater:60a1f487-3869-438b-9653-4786ac435c84:group-3FA1DA8182B3: set stopIndex = 0
2019-07-14 04:43:32,713 INFO  impl.RaftServerImpl (ServerState.java:close(394)) - 60a1f487-3869-438b-9653-4786ac435c84:group-3FA1DA8182B3 closes. The last applied log index is 0
2019-07-14 04:43:32,713 INFO  segmented.SegmentedRaftLogWorker (SegmentedRaftLogWorker.java:run(313)) - 60a1f487-3869-438b-9653-4786ac435c84-SegmentedRaftLogWorker:Storage Directory /tmp/workdir/hadoop-ozone/integration-test/target/test-dir/MiniOzoneClusterImpl-cde32a4e-e365-4eba-9bc1-7f9b124dac02/datanode-6/data/ratis/a8d9320c-ce1d-4d7e-82e4-3fa1da8182b3 was interrupted, exiting. There are 0 tasks remaining in the queue.
2019-07-14 04:43:32,713 INFO  utils.BackgroundService (BackgroundService.java:shutdown(148)) - Shutting down service BlockDeletingService
2019-07-14 04:43:32,714 INFO  segmented.SegmentedRaftLogWorker (SegmentedRaftLogWorker.java:close(228)) - 60a1f487-3869-438b-9653-4786ac435c84-SegmentedRaftLogWorker:Storage Directory /tmp/workdir/hadoop-ozone/integration-test/target/test-dir/MiniOzoneClusterImpl-cde32a4e-e365-4eba-9bc1-7f9b124dac02/datanode-6/data/ratis/a8d9320c-ce1d-4d7e-82e4-3fa1da8182b3 close()
2019-07-14 04:43:32,716 INFO  server.GrpcService (GrpcService.java:closeImpl(155)) - 60a1f487-3869-438b-9653-4786ac435c84: shutdown server with port 34505 now
2019-07-14 04:43:32,717 WARN  fs.CachingGetSpaceUsed (CachingGetSpaceUsed.java:run(183)) - Thread Interrupted waiting to refresh disk information: sleep interrupted
2019-07-14 04:43:32,717 INFO  server.GrpcService (GrpcService.java:closeImpl(163)) - 60a1f487-3869-438b-9653-4786ac435c84: shutdown server with port 34505 successfully
2019-07-14 04:43:32,722 INFO  utils.BackgroundService (BackgroundService.java:shutdown(148)) - Shutting down service BlockDeletingService
2019-07-14 04:43:32,728 WARN  fs.CachingGetSpaceUsed (CachingGetSpaceUsed.java:run(183)) - Thread Interrupted waiting to refresh disk information: sleep interrupted
2019-07-14 04:43:32,739 INFO  statemachine.DatanodeStateMachine (DatanodeStateMachine.java:stopDaemon(395)) - Ozone container server stopped.
2019-07-14 04:43:32,754 INFO  statemachine.DatanodeStateMachine (DatanodeStateMachine.java:stopDaemon(395)) - Ozone container server stopped.
2019-07-14 04:43:32,755 INFO  handler.ContextHandler (ContextHandler.java:doStop(910)) - Stopped o.e.j.w.WebAppContext@37e0292a{/,null,UNAVAILABLE}{/hddsDatanode}
2019-07-14 04:43:32,756 INFO  handler.ContextHandler (ContextHandler.java:doStop(910)) - Stopped o.e.j.w.WebAppContext@418f0534{/,null,UNAVAILABLE}{/hddsDatanode}
2019-07-14 04:43:32,756 INFO  server.AbstractConnector (AbstractConnector.java:doStop(318)) - Stopped ServerConnector@4af70944{HTTP/1.1,[http/1.1]}{0.0.0.0:0}
2019-07-14 04:43:32,758 INFO  handler.ContextHandler (ContextHandler.java:doStop(910)) - Stopped o.e.j.s.ServletContextHandler@7915bca3{/static,jar:file:/home/user/.m2/repository/org/apache/hadoop/hadoop-hdds-container-service/0.5.0-SNAPSHOT/hadoop-hdds-container-service-0.5.0-SNAPSHOT.jar!/webapps/static,UNAVAILABLE}
2019-07-14 04:43:32,758 INFO  server.AbstractConnector (AbstractConnector.java:doStop(318)) - Stopped ServerConnector@3dfd7eaa{HTTP/1.1,[http/1.1]}{0.0.0.0:0}
2019-07-14 04:43:32,759 INFO  handler.ContextHandler (ContextHandler.java:doStop(910)) - Stopped o.e.j.s.ServletContextHandler@36cc9385{/logs,file:///tmp/workdir/hadoop-ozone/integration-test/target/log,UNAVAILABLE}
2019-07-14 04:43:32,759 INFO  handler.ContextHandler (ContextHandler.java:doStop(910)) - Stopped o.e.j.s.ServletContextHandler@782fd504{/static,jar:file:/home/user/.m2/repository/org/apache/hadoop/hadoop-hdds-container-service/0.5.0-SNAPSHOT/hadoop-hdds-container-service-0.5.0-SNAPSHOT.jar!/webapps/static,UNAVAILABLE}
2019-07-14 04:43:32,760 INFO  handler.ContextHandler (ContextHandler.java:doStop(910)) - Stopped o.e.j.s.ServletContextHandler@6568f998{/logs,file:///tmp/workdir/hadoop-ozone/integration-test/target/log,UNAVAILABLE}
2019-07-14 04:43:32,761 INFO  datanode.ObjectStoreHandler (ObjectStoreHandler.java:close(155)) - Closing ObjectStoreHandler.
2019-07-14 04:43:32,761 INFO  ozone.HddsDatanodeService (HddsDatanodeService.java:stop(452)) - Stopped plug-in org.apache.hadoop.ozone.web.OzoneHddsDatanodeService@16f15ae9
2019-07-14 04:43:33,251 INFO  statemachine.DatanodeStateMachine (DatanodeStateMachine.java:lambda$startDaemon$0(350)) - Ozone container server started.
2019-07-14 04:43:37,762 INFO  ozoneimpl.OzoneContainer (OzoneContainer.java:stop(199)) - Attempting to stop container services.
2019-07-14 04:43:37,763 INFO  impl.RaftServerProxy (RaftServerProxy.java:lambda$close$4(314)) - 81f2cfd3-4e6d-4976-acdf-5fc3d3480df9: close
2019-07-14 04:43:37,763 INFO  impl.RaftServerImpl (RaftServerImpl.java:lambda$shutdown$3(245)) - 81f2cfd3-4e6d-4976-acdf-5fc3d3480df9: shutdown group-0D056DBD3178
2019-07-14 04:43:37,763 INFO  util.JmxRegister (JmxRegister.java:unregister(73)) - Successfully un-registered JMX Bean with object name Ratis:service=RaftServer,group=group-0D056DBD3178,id=81f2cfd3-4e6d-4976-acdf-5fc3d3480df9
2019-07-14 04:43:37,764 INFO  impl.RoleInfo (RoleInfo.java:shutdownFollowerState(121)) - 81f2cfd3-4e6d-4976-acdf-5fc3d3480df9: shutdown FollowerState
2019-07-14 04:43:37,764 INFO  impl.StateMachineUpdater (StateMachineUpdater.java:stopAndJoin(115)) - StateMachineUpdater:81f2cfd3-4e6d-4976-acdf-5fc3d3480df9:group-0D056DBD3178: set stopIndex = 5
2019-07-14 04:43:37,764 INFO  ratis.ContainerStateMachine (ContainerStateMachine.java:takeSnapshot(246)) - Taking snapshot at termIndex:(t:1, i:3)
2019-07-14 04:43:37,766 INFO  ratis.ContainerStateMachine (ContainerStateMachine.java:takeSnapshot(250)) - Taking a snapshot to file /tmp/workdir/hadoop-ozone/integration-test/target/test-dir/MiniOzoneClusterImpl-cde32a4e-e365-4eba-9bc1-7f9b124dac02/datanode-5/data/ratis/de6f0c09-7777-4d36-aea7-0d056dbd3178/sm/snapshot.1_3
2019-07-14 04:43:37,764 INFO  impl.FollowerState (FollowerState.java:run(114)) - 81f2cfd3-4e6d-4976-acdf-5fc3d3480df9: FollowerState was interrupted: java.lang.InterruptedException: sleep interrupted
2019-07-14 04:43:37,768 INFO  impl.StateMachineUpdater (StateMachineUpdater.java:takeSnapshot(242)) - StateMachineUpdater:81f2cfd3-4e6d-4976-acdf-5fc3d3480df9:group-0D056DBD3178: Took a snapshot at index 3
2019-07-14 04:43:37,768 INFO  impl.StateMachineUpdater (StateMachineUpdater.java:lambda$new$0(80)) - StateMachineUpdater:81f2cfd3-4e6d-4976-acdf-5fc3d3480df9:group-0D056DBD3178: snapshotIndex: updateIncreasingly -1 -> 3
2019-07-14 04:43:37,768 INFO  impl.RaftServerImpl (ServerState.java:close(394)) - 81f2cfd3-4e6d-4976-acdf-5fc3d3480df9:group-0D056DBD3178 closes. The last applied log index is 5
2019-07-14 04:43:37,769 INFO  segmented.SegmentedRaftLogWorker (SegmentedRaftLogWorker.java:run(313)) - 81f2cfd3-4e6d-4976-acdf-5fc3d3480df9-SegmentedRaftLogWorker:Storage Directory /tmp/workdir/hadoop-ozone/integration-test/target/test-dir/MiniOzoneClusterImpl-cde32a4e-e365-4eba-9bc1-7f9b124dac02/datanode-5/data/ratis/de6f0c09-7777-4d36-aea7-0d056dbd3178 was interrupted, exiting. There are 0 tasks remaining in the queue.
2019-07-14 04:43:37,770 INFO  segmented.SegmentedRaftLogWorker (SegmentedRaftLogWorker.java:close(228)) - 81f2cfd3-4e6d-4976-acdf-5fc3d3480df9-SegmentedRaftLogWorker:Storage Directory /tmp/workdir/hadoop-ozone/integration-test/target/test-dir/MiniOzoneClusterImpl-cde32a4e-e365-4eba-9bc1-7f9b124dac02/datanode-5/data/ratis/de6f0c09-7777-4d36-aea7-0d056dbd3178 close()
2019-07-14 04:43:37,772 INFO  impl.RaftServerImpl (RaftServerImpl.java:lambda$shutdown$3(245)) - 81f2cfd3-4e6d-4976-acdf-5fc3d3480df9: shutdown group-A66DA8E8E0DB
2019-07-14 04:43:37,772 INFO  util.JmxRegister (JmxRegister.java:unregister(73)) - Successfully un-registered JMX Bean with object name Ratis:service=RaftServer,group=group-A66DA8E8E0DB,id=81f2cfd3-4e6d-4976-acdf-5fc3d3480df9
2019-07-14 04:43:37,772 INFO  impl.RoleInfo (RoleInfo.java:shutdownLeaderState(104)) - 81f2cfd3-4e6d-4976-acdf-5fc3d3480df9: shutdown LeaderState
2019-07-14 04:43:37,773 INFO  impl.PendingRequests (PendingRequests.java:sendNotLeaderResponses(202)) - 81f2cfd3-4e6d-4976-acdf-5fc3d3480df9-PendingRequests: sendNotLeaderResponses
2019-07-14 04:43:37,773 INFO  impl.StateMachineUpdater (StateMachineUpdater.java:stopAndJoin(115)) - StateMachineUpdater:81f2cfd3-4e6d-4976-acdf-5fc3d3480df9:group-A66DA8E8E0DB: set stopIndex = 0
2019-07-14 04:43:37,774 INFO  ratis.ContainerStateMachine (ContainerStateMachine.java:takeSnapshot(246)) - Taking snapshot at termIndex:(t:0, i:~)
2019-07-14 04:43:37,774 INFO  impl.RaftServerImpl (ServerState.java:close(394)) - 81f2cfd3-4e6d-4976-acdf-5fc3d3480df9:group-A66DA8E8E0DB closes. The last applied log index is 0
2019-07-14 04:43:37,775 INFO  segmented.SegmentedRaftLogWorker (SegmentedRaftLogWorker.java:run(313)) - 81f2cfd3-4e6d-4976-acdf-5fc3d3480df9-SegmentedRaftLogWorker:Storage Directory /tmp/workdir/hadoop-ozone/integration-test/target/test-dir/MiniOzoneClusterImpl-cde32a4e-e365-4eba-9bc1-7f9b124dac02/datanode-5/data/ratis/5b7b22cd-1c68-4bcb-a623-a66da8e8e0db was interrupted, exiting. There are 0 tasks remaining in the queue.
2019-07-14 04:43:37,775 INFO  segmented.SegmentedRaftLogWorker (SegmentedRaftLogWorker.java:close(228)) - 81f2cfd3-4e6d-4976-acdf-5fc3d3480df9-SegmentedRaftLogWorker:Storage Directory /tmp/workdir/hadoop-ozone/integration-test/target/test-dir/MiniOzoneClusterImpl-cde32a4e-e365-4eba-9bc1-7f9b124dac02/datanode-5/data/ratis/5b7b22cd-1c68-4bcb-a623-a66da8e8e0db close()
2019-07-14 04:43:37,776 INFO  server.GrpcService (GrpcService.java:closeImpl(155)) - 81f2cfd3-4e6d-4976-acdf-5fc3d3480df9: shutdown server with port 36380 now
2019-07-14 04:43:37,778 INFO  server.GrpcService (GrpcService.java:closeImpl(163)) - 81f2cfd3-4e6d-4976-acdf-5fc3d3480df9: shutdown server with port 36380 successfully
2019-07-14 04:43:37,779 INFO  utils.BackgroundService (BackgroundService.java:shutdown(148)) - Shutting down service BlockDeletingService
2019-07-14 04:43:37,782 WARN  fs.CachingGetSpaceUsed (CachingGetSpaceUsed.java:run(183)) - Thread Interrupted waiting to refresh disk information: sleep interrupted
2019-07-14 04:43:37,802 INFO  statemachine.DatanodeStateMachine (DatanodeStateMachine.java:stopDaemon(395)) - Ozone container server stopped.
2019-07-14 04:43:37,817 INFO  handler.ContextHandler (ContextHandler.java:doStop(910)) - Stopped o.e.j.w.WebAppContext@561f9d92{/,null,UNAVAILABLE}{/hddsDatanode}
2019-07-14 04:43:37,817 INFO  server.AbstractConnector (AbstractConnector.java:doStop(318)) - Stopped ServerConnector@1c84d80a{HTTP/1.1,[http/1.1]}{0.0.0.0:0}
2019-07-14 04:43:37,819 INFO  handler.ContextHandler (ContextHandler.java:doStop(910)) - Stopped o.e.j.s.ServletContextHandler@2d4a3e13{/static,jar:file:/home/user/.m2/repository/org/apache/hadoop/hadoop-hdds-container-service/0.5.0-SNAPSHOT/hadoop-hdds-container-service-0.5.0-SNAPSHOT.jar!/webapps/static,UNAVAILABLE}
2019-07-14 04:43:37,819 INFO  handler.ContextHandler (ContextHandler.java:doStop(910)) - Stopped o.e.j.s.ServletContextHandler@6885ed19{/logs,file:///tmp/workdir/hadoop-ozone/integration-test/target/log,UNAVAILABLE}
2019-07-14 04:43:37,821 INFO  ozone.MiniOzoneClusterImpl (MiniOzoneClusterImpl.java:stop(353)) - Stopping the StorageContainerManager
2019-07-14 04:43:37,822 INFO  server.StorageContainerManager (StorageContainerManager.java:stop(796)) - Stopping Replication Manager Service.
2019-07-14 04:43:37,822 INFO  container.ReplicationManager (ReplicationManager.java:stop(187)) - Stopping Replication Monitor Thread.
2019-07-14 04:43:37,822 INFO  server.StorageContainerManager (StorageContainerManager.java:stop(803)) - Stopping Lease Manager of the command watchers
2019-07-14 04:43:37,823 INFO  server.StorageContainerManager (StorageContainerManager.java:stop(810)) - Stopping datanode service RPC server
2019-07-14 04:43:37,823 INFO  server.SCMDatanodeProtocolServer (SCMDatanodeProtocolServer.java:stop(375)) - Stopping the RPC server for DataNodes
2019-07-14 04:43:37,823 INFO  ipc.Server (Server.java:stop(3082)) - Stopping server on 36969
2019-07-14 04:43:37,826 INFO  ipc.Server (Server.java:run(1185)) - Stopping IPC Server listener on 36969
2019-07-14 04:43:37,826 INFO  ipc.Server (Server.java:run(1319)) - Stopping IPC Server Responder
2019-07-14 04:43:37,868 WARN  node.NodeStateManager (NodeStateManager.java:scheduleNextHealthCheck(631)) - Current Thread is interrupted, shutting down HB processing thread for Node Manager.
2019-07-14 04:43:37,868 INFO  server.StorageContainerManager (StorageContainerManager.java:stop(818)) - Stopping block service RPC server
2019-07-14 04:43:37,868 INFO  server.SCMBlockProtocolServer (SCMBlockProtocolServer.java:stop(148)) - Stopping the RPC server for Block Protocol
2019-07-14 04:43:37,868 INFO  ipc.Server (Server.java:stop(3082)) - Stopping server on 40663
2019-07-14 04:43:37,870 INFO  server.StorageContainerManager (StorageContainerManager.java:stop(825)) - Stopping the StorageContainerLocationProtocol RPC server
2019-07-14 04:43:37,870 INFO  server.SCMClientProtocolServer (SCMClientProtocolServer.java:stop(157)) - Stopping the RPC server for Client Protocol
2019-07-14 04:43:37,870 INFO  ipc.Server (Server.java:stop(3082)) - Stopping server on 34709
2019-07-14 04:43:37,872 INFO  ipc.Server (Server.java:run(1185)) - Stopping IPC Server listener on 34709
2019-07-14 04:43:37,872 INFO  server.StorageContainerManager (StorageContainerManager.java:stop(832)) - Stopping Storage Container Manager HTTP server.
2019-07-14 04:43:37,873 INFO  handler.ContextHandler (ContextHandler.java:doStop(910)) - Stopped o.e.j.w.WebAppContext@6fff253c{/,null,UNAVAILABLE}{/scm}
2019-07-14 04:43:37,875 INFO  ipc.Server (Server.java:run(1319)) - Stopping IPC Server Responder
2019-07-14 04:43:37,875 INFO  ipc.Server (Server.java:run(1319)) - Stopping IPC Server Responder
2019-07-14 04:43:37,875 INFO  ipc.Server (Server.java:run(1185)) - Stopping IPC Server listener on 40663
2019-07-14 04:43:37,876 INFO  server.AbstractConnector (AbstractConnector.java:doStop(318)) - Stopped ServerConnector@7c041b41{HTTP/1.1,[http/1.1]}{0.0.0.0:0}
2019-07-14 04:43:37,876 INFO  handler.ContextHandler (ContextHandler.java:doStop(910)) - Stopped o.e.j.s.ServletContextHandler@4dd02341{/static,file:///tmp/workdir/hadoop-ozone/integration-test/target/test-classes/webapps/static,UNAVAILABLE}
2019-07-14 04:43:37,877 INFO  handler.ContextHandler (ContextHandler.java:doStop(910)) - Stopped o.e.j.s.ServletContextHandler@635572a7{/logs,file:///tmp/workdir/hadoop-ozone/integration-test/target/log,UNAVAILABLE}
2019-07-14 04:43:37,879 INFO  server.StorageContainerManager (StorageContainerManager.java:stop(843)) - Stopping Block Manager Service.
2019-07-14 04:43:37,879 INFO  utils.BackgroundService (BackgroundService.java:shutdown(148)) - Shutting down service SCMBlockDeletingService
2019-07-14 04:43:37,880 INFO  utils.BackgroundService (BackgroundService.java:shutdown(148)) - Shutting down service SCMBlockDeletingService
2019-07-14 04:43:37,881 INFO  server.StorageContainerManager (StorageContainerManager.java:stop(865)) - Stopping SCM Event Queue.
2019-07-14 04:43:37,889 INFO  impl.MetricsSystemImpl (MetricsSystemImpl.java:stop(210)) - Stopping HddsDatanode metrics system...
2019-07-14 04:43:37,899 INFO  impl.MetricsSystemImpl (MetricsSystemImpl.java:stop(216)) - HddsDatanode metrics system stopped.
]]></system-out>
    <system-err><![CDATA[ERROR StatusLogger No Log4j 2 configuration file found. Using default configuration (logging only errors to the console), or user programmatically provided configurations. Set system property 'log4j2.debug' to show Log4j 2 internal initialization logging. See https://logging.apache.org/log4j/2.x/manual/configuration.html for instructions on how to configure Log4j 2
Jul 14, 2019 4:42:56 AM com.sun.jersey.server.impl.application.WebApplicationImpl _initiate
INFO: Initiating Jersey application, version 'Jersey: 1.19 02/11/2015 03:25 AM'
Jul 14, 2019 4:42:57 AM com.sun.jersey.server.impl.application.WebApplicationImpl _initiate
INFO: Initiating Jersey application, version 'Jersey: 1.19 02/11/2015 03:25 AM'
Jul 14, 2019 4:42:58 AM com.sun.jersey.server.impl.application.WebApplicationImpl _initiate
INFO: Initiating Jersey application, version 'Jersey: 1.19 02/11/2015 03:25 AM'
Jul 14, 2019 4:42:58 AM com.sun.jersey.server.impl.application.WebApplicationImpl _initiate
INFO: Initiating Jersey application, version 'Jersey: 1.19 02/11/2015 03:25 AM'
Jul 14, 2019 4:42:58 AM com.sun.jersey.server.impl.application.WebApplicationImpl _initiate
INFO: Initiating Jersey application, version 'Jersey: 1.19 02/11/2015 03:25 AM'
Jul 14, 2019 4:42:58 AM com.sun.jersey.server.impl.application.WebApplicationImpl _initiate
INFO: Initiating Jersey application, version 'Jersey: 1.19 02/11/2015 03:25 AM'
Jul 14, 2019 4:42:59 AM com.sun.jersey.server.impl.application.WebApplicationImpl _initiate
INFO: Initiating Jersey application, version 'Jersey: 1.19 02/11/2015 03:25 AM'
]]></system-err>
  </testcase>
  <testcase name="testMaxRetriesByOzoneClient" classname="org.apache.hadoop.ozone.client.rpc.TestOzoneClientRetriesOnException" time="40.247"/>
</testsuite>