<?xml version="1.0" encoding="UTF-8"?>
<testsuite xmlns:xsi="http://www.w3.org/2001/XMLSchema-instance" xsi:noNamespaceSchemaLocation="https://maven.apache.org/surefire/maven-surefire-plugin/xsd/surefire-test-report.xsd" name="org.apache.hadoop.ozone.client.rpc.TestWatchForCommit" time="177.841" tests="6" errors="1" skipped="0" failures="2">
  <properties>
    <property name="awt.toolkit" value="sun.awt.X11.XToolkit"/>
    <property name="file.encoding.pkg" value="sun.io"/>
    <property name="java.specification.version" value="1.8"/>
    <property name="sun.cpu.isalist" value=""/>
    <property name="sun.jnu.encoding" value="UTF-8"/>
    <property name="java.class.path" value="/tmp/workdir/hadoop-ozone/integration-test/target/test-classes:/tmp/workdir/hadoop-ozone/integration-test/target/classes:/home/user/.m2/repository/org/apache/hadoop/hadoop-ozone-common/0.5.0-SNAPSHOT/hadoop-ozone-common-0.5.0-SNAPSHOT.jar:/home/user/.m2/repository/org/apache/commons/commons-compress/1.4.1/commons-compress-1.4.1.jar:/home/user/.m2/repository/org/tukaani/xz/1.0/xz-1.0.jar:/home/user/.m2/repository/org/apache/hadoop/hadoop-common/3.2.0/hadoop-common-3.2.0.jar:/home/user/.m2/repository/org/apache/hadoop/hadoop-hdfs/3.2.0/hadoop-hdfs-3.2.0.jar:/home/user/.m2/repository/org/apache/hadoop/hadoop-hdfs-client/3.2.0/hadoop-hdfs-client-3.2.0.jar:/home/user/.m2/repository/com/fasterxml/jackson/core/jackson-annotations/2.9.5/jackson-annotations-2.9.5.jar:/home/user/.m2/repository/org/apache/hadoop/hadoop-hdds-common/0.5.0-SNAPSHOT/hadoop-hdds-common-0.5.0-SNAPSHOT.jar:/home/user/.m2/repository/javax/annotation/javax.annotation-api/1.2/javax.annotation-api-1.2.jar:/home/user/.m2/repository/org/apache/ratis/ratis-server/0.4.0-2337318-SNAPSHOT/ratis-server-0.4.0-2337318-SNAPSHOT.jar:/home/user/.m2/repository/org/apache/ratis/ratis-thirdparty-misc/0.2.0/ratis-thirdparty-misc-0.2.0.jar:/home/user/.m2/repository/org/apache/ratis/ratis-proto/0.4.0-2337318-SNAPSHOT/ratis-proto-0.4.0-2337318-SNAPSHOT.jar:/home/user/.m2/repository/org/apache/ratis/ratis-common/0.4.0-2337318-SNAPSHOT/ratis-common-0.4.0-2337318-SNAPSHOT.jar:/home/user/.m2/repository/org/apache/ratis/ratis-client/0.4.0-2337318-SNAPSHOT/ratis-client-0.4.0-2337318-SNAPSHOT.jar:/home/user/.m2/repository/org/apache/ratis/ratis-metrics/0.4.0-2337318-SNAPSHOT/ratis-metrics-0.4.0-2337318-SNAPSHOT.jar:/home/user/.m2/repository/org/apache/ratis/ratis-netty/0.4.0-2337318-SNAPSHOT/ratis-netty-0.4.0-2337318-SNAPSHOT.jar:/home/user/.m2/repository/org/apache/ratis/ratis-grpc/0.4.0-2337318-SNAPSHOT/ratis-grpc-0.4.0-2337318-SNAPSHOT.jar:/home/user/.m2/repository/org/rocksdb/rocksdbjni/6.0.1/rocksdbjni-6.0.1.jar:/home/user/.m2/repository/org/apache/logging/log4j/log4j-api/2.11.0/log4j-api-2.11.0.jar:/home/user/.m2/repository/org/apache/logging/log4j/log4j-core/2.11.0/log4j-core-2.11.0.jar:/home/user/.m2/repository/com/lmax/disruptor/3.4.2/disruptor-3.4.2.jar:/home/user/.m2/repository/org/apache/commons/commons-pool2/2.6.0/commons-pool2-2.6.0.jar:/home/user/.m2/repository/org/bouncycastle/bcpkix-jdk15on/1.60/bcpkix-jdk15on-1.60.jar:/home/user/.m2/repository/commons-validator/commons-validator/1.6/commons-validator-1.6.jar:/home/user/.m2/repository/commons-digester/commons-digester/1.8.1/commons-digester-1.8.1.jar:/home/user/.m2/repository/io/jaegertracing/jaeger-client/0.33.1/jaeger-client-0.33.1.jar:/home/user/.m2/repository/io/jaegertracing/jaeger-thrift/0.33.1/jaeger-thrift-0.33.1.jar:/home/user/.m2/repository/org/apache/thrift/libthrift/0.11.0/libthrift-0.11.0.jar:/home/user/.m2/repository/com/squareup/okhttp3/okhttp/3.9.0/okhttp-3.9.0.jar:/home/user/.m2/repository/com/squareup/okio/okio/1.13.0/okio-1.13.0.jar:/home/user/.m2/repository/io/jaegertracing/jaeger-core/0.33.1/jaeger-core-0.33.1.jar:/home/user/.m2/repository/io/jaegertracing/jaeger-tracerresolver/0.33.1/jaeger-tracerresolver-0.33.1.jar:/home/user/.m2/repository/io/opentracing/contrib/opentracing-tracerresolver/0.1.5/opentracing-tracerresolver-0.1.5.jar:/home/user/.m2/repository/io/opentracing/opentracing-util/0.31.0/opentracing-util-0.31.0.jar:/home/user/.m2/repository/io/opentracing/opentracing-api/0.31.0/opentracing-api-0.31.0.jar:/home/user/.m2/repository/io/opentracing/opentracing-noop/0.31.0/opentracing-noop-0.31.0.jar:/home/user/.m2/repository/org/apache/hadoop/hadoop-hdds-server-framework/0.5.0-SNAPSHOT/hadoop-hdds-server-framework-0.5.0-SNAPSHOT.jar:/home/user/.m2/repository/org/apache/hadoop/hadoop-hdds-container-service/0.5.0-SNAPSHOT/hadoop-hdds-container-service-0.5.0-SNAPSHOT.jar:/home/user/.m2/repository/org/apache/hadoop/hadoop-hdds-client/0.5.0-SNAPSHOT/hadoop-hdds-client-0.5.0-SNAPSHOT.jar:/home/user/.m2/repository/org/apache/hadoop/hadoop-hdds-tools/0.5.0-SNAPSHOT/hadoop-hdds-tools-0.5.0-SNAPSHOT.jar:/home/user/.m2/repository/org/apache/hadoop/hadoop-hdds-server-scm/0.5.0-SNAPSHOT/hadoop-hdds-server-scm-0.5.0-SNAPSHOT.jar:/home/user/.m2/repository/org/apache/hadoop/hadoop-hdds-docs/0.5.0-SNAPSHOT/hadoop-hdds-docs-0.5.0-SNAPSHOT.jar:/home/user/.m2/repository/io/dropwizard/metrics/metrics-core/3.2.4/metrics-core-3.2.4.jar:/home/user/.m2/repository/org/hamcrest/hamcrest-all/1.3/hamcrest-all-1.3.jar:/home/user/.m2/repository/org/bouncycastle/bcprov-jdk15on/1.60/bcprov-jdk15on-1.60.jar:/home/user/.m2/repository/info/picocli/picocli/3.9.6/picocli-3.9.6.jar:/home/user/.m2/repository/com/google/protobuf/protobuf-java/2.5.0/protobuf-java-2.5.0.jar:/home/user/.m2/repository/com/google/guava/guava/11.0.2/guava-11.0.2.jar:/home/user/.m2/repository/org/apache/hadoop/hadoop-ozone-ozone-manager/0.5.0-SNAPSHOT/hadoop-ozone-ozone-manager-0.5.0-SNAPSHOT.jar:/home/user/.m2/repository/org/apache/hadoop/hadoop-minikdc/3.2.0/hadoop-minikdc-3.2.0.jar:/home/user/.m2/repository/commons-io/commons-io/2.5/commons-io-2.5.jar:/home/user/.m2/repository/org/apache/kerby/kerb-simplekdc/1.0.1/kerb-simplekdc-1.0.1.jar:/home/user/.m2/repository/org/apache/kerby/kerb-client/1.0.1/kerb-client-1.0.1.jar:/home/user/.m2/repository/org/apache/kerby/kerby-config/1.0.1/kerby-config-1.0.1.jar:/home/user/.m2/repository/org/apache/kerby/kerb-core/1.0.1/kerb-core-1.0.1.jar:/home/user/.m2/repository/org/apache/kerby/kerby-pkix/1.0.1/kerby-pkix-1.0.1.jar:/home/user/.m2/repository/org/apache/kerby/kerby-asn1/1.0.1/kerby-asn1-1.0.1.jar:/home/user/.m2/repository/org/apache/kerby/kerby-util/1.0.1/kerby-util-1.0.1.jar:/home/user/.m2/repository/org/apache/kerby/kerb-common/1.0.1/kerb-common-1.0.1.jar:/home/user/.m2/repository/org/apache/kerby/kerb-crypto/1.0.1/kerb-crypto-1.0.1.jar:/home/user/.m2/repository/org/apache/kerby/kerb-util/1.0.1/kerb-util-1.0.1.jar:/home/user/.m2/repository/org/apache/kerby/token-provider/1.0.1/token-provider-1.0.1.jar:/home/user/.m2/repository/org/apache/kerby/kerb-admin/1.0.1/kerb-admin-1.0.1.jar:/home/user/.m2/repository/org/apache/kerby/kerb-server/1.0.1/kerb-server-1.0.1.jar:/home/user/.m2/repository/org/apache/kerby/kerb-identity/1.0.1/kerb-identity-1.0.1.jar:/home/user/.m2/repository/org/apache/kerby/kerby-xdr/1.0.1/kerby-xdr-1.0.1.jar:/home/user/.m2/repository/org/slf4j/slf4j-log4j12/1.7.25/slf4j-log4j12-1.7.25.jar:/home/user/.m2/repository/org/apache/hadoop/hadoop-ozone-objectstore-service/0.5.0-SNAPSHOT/hadoop-ozone-objectstore-service-0.5.0-SNAPSHOT.jar:/home/user/.m2/repository/org/apache/hadoop/hadoop-ozone-s3gateway/0.5.0-SNAPSHOT/hadoop-ozone-s3gateway-0.5.0-SNAPSHOT.jar:/home/user/.m2/repository/org/jboss/weld/servlet/weld-servlet/2.4.7.Final/weld-servlet-2.4.7.Final.jar:/home/user/.m2/repository/org/glassfish/jersey/containers/jersey-container-servlet-core/2.27/jersey-container-servlet-core-2.27.jar:/home/user/.m2/repository/org/glassfish/hk2/external/javax.inject/2.5.0-b42/javax.inject-2.5.0-b42.jar:/home/user/.m2/repository/org/glassfish/jersey/core/jersey-common/2.27/jersey-common-2.27.jar:/home/user/.m2/repository/org/glassfish/hk2/osgi-resource-locator/1.0.1/osgi-resource-locator-1.0.1.jar:/home/user/.m2/repository/javax/ws/rs/javax.ws.rs-api/2.1/javax.ws.rs-api-2.1.jar:/home/user/.m2/repository/org/glassfish/jersey/ext/cdi/jersey-cdi1x/2.27/jersey-cdi1x-2.27.jar:/home/user/.m2/repository/org/glassfish/jersey/inject/jersey-hk2/2.27/jersey-hk2-2.27.jar:/home/user/.m2/repository/org/glassfish/hk2/hk2-locator/2.5.0-b42/hk2-locator-2.5.0-b42.jar:/home/user/.m2/repository/org/javassist/javassist/3.22.0-CR2/javassist-3.22.0-CR2.jar:/home/user/.m2/repository/org/glassfish/hk2/hk2-api/2.5.0/hk2-api-2.5.0.jar:/home/user/.m2/repository/org/glassfish/hk2/external/jakarta.inject/2.5.0/jakarta.inject-2.5.0.jar:/home/user/.m2/repository/org/glassfish/hk2/hk2-utils/2.5.0/hk2-utils-2.5.0.jar:/home/user/.m2/repository/jakarta/annotation/jakarta.annotation-api/1.3.4/jakarta.annotation-api-1.3.4.jar:/home/user/.m2/repository/org/glassfish/hk2/external/aopalliance-repackaged/2.5.0/aopalliance-repackaged-2.5.0.jar:/home/user/.m2/repository/com/fasterxml/jackson/dataformat/jackson-dataformat-xml/2.9.0/jackson-dataformat-xml-2.9.0.jar:/home/user/.m2/repository/com/fasterxml/jackson/core/jackson-core/2.9.5/jackson-core-2.9.5.jar:/home/user/.m2/repository/com/fasterxml/jackson/module/jackson-module-jaxb-annotations/2.9.5/jackson-module-jaxb-annotations-2.9.5.jar:/home/user/.m2/repository/javax/enterprise/cdi-api/1.2/cdi-api-1.2.jar:/home/user/.m2/repository/javax/el/javax.el-api/3.0.0/javax.el-api-3.0.0.jar:/home/user/.m2/repository/javax/interceptor/javax.interceptor-api/1.2/javax.interceptor-api-1.2.jar:/home/user/.m2/repository/javax/inject/javax.inject/1/javax.inject-1.jar:/home/user/.m2/repository/com/sun/xml/bind/jaxb-impl/2.3.0.1/jaxb-impl-2.3.0.1.jar:/home/user/.m2/repository/com/sun/xml/bind/jaxb-core/2.3.0.1/jaxb-core-2.3.0.1.jar:/home/user/.m2/repository/javax/xml/bind/jaxb-api/2.3.0/jaxb-api-2.3.0.jar:/home/user/.m2/repository/javax/activation/activation/1.1.1/activation-1.1.1.jar:/home/user/.m2/repository/org/apache/hadoop/hadoop-ozone-csi/0.5.0-SNAPSHOT/hadoop-ozone-csi-0.5.0-SNAPSHOT.jar:/home/user/.m2/repository/com/google/protobuf/protobuf-java-util/3.5.1/protobuf-java-util-3.5.1.jar:/home/user/.m2/repository/org/apache/hadoop/hadoop-hdds-config/0.5.0-SNAPSHOT/hadoop-hdds-config-0.5.0-SNAPSHOT.jar:/home/user/.m2/repository/io/grpc/grpc-netty/1.17.1/grpc-netty-1.17.1.jar:/home/user/.m2/repository/io/grpc/grpc-core/1.17.1/grpc-core-1.17.1.jar:/home/user/.m2/repository/io/grpc/grpc-context/1.17.1/grpc-context-1.17.1.jar:/home/user/.m2/repository/com/google/errorprone/error_prone_annotations/2.2.0/error_prone_annotations-2.2.0.jar:/home/user/.m2/repository/org/codehaus/mojo/animal-sniffer-annotations/1.17/animal-sniffer-annotations-1.17.jar:/home/user/.m2/repository/io/opencensus/opencensus-api/0.17.0/opencensus-api-0.17.0.jar:/home/user/.m2/repository/io/opencensus/opencensus-contrib-grpc-metrics/0.17.0/opencensus-contrib-grpc-metrics-0.17.0.jar:/home/user/.m2/repository/io/netty/netty-codec-http2/4.1.30.Final/netty-codec-http2-4.1.30.Final.jar:/home/user/.m2/repository/io/netty/netty-codec-http/4.1.30.Final/netty-codec-http-4.1.30.Final.jar:/home/user/.m2/repository/io/netty/netty-codec/4.1.30.Final/netty-codec-4.1.30.Final.jar:/home/user/.m2/repository/io/netty/netty-handler/4.1.30.Final/netty-handler-4.1.30.Final.jar:/home/user/.m2/repository/io/netty/netty-handler-proxy/4.1.30.Final/netty-handler-proxy-4.1.30.Final.jar:/home/user/.m2/repository/io/netty/netty-codec-socks/4.1.30.Final/netty-codec-socks-4.1.30.Final.jar:/home/user/.m2/repository/io/netty/netty-transport-native-epoll/4.1.30.Final/netty-transport-native-epoll-4.1.30.Final.jar:/home/user/.m2/repository/io/netty/netty-common/4.1.30.Final/netty-common-4.1.30.Final.jar:/home/user/.m2/repository/io/netty/netty-buffer/4.1.30.Final/netty-buffer-4.1.30.Final.jar:/home/user/.m2/repository/io/netty/netty-transport/4.1.30.Final/netty-transport-4.1.30.Final.jar:/home/user/.m2/repository/io/netty/netty-resolver/4.1.30.Final/netty-resolver-4.1.30.Final.jar:/home/user/.m2/repository/io/netty/netty-transport-native-unix-common/4.1.30.Final/netty-transport-native-unix-common-4.1.30.Final.jar:/home/user/.m2/repository/io/grpc/grpc-protobuf/1.17.1/grpc-protobuf-1.17.1.jar:/home/user/.m2/repository/com/google/api/grpc/proto-google-common-protos/1.0.0/proto-google-common-protos-1.0.0.jar:/home/user/.m2/repository/io/grpc/grpc-protobuf-lite/1.17.1/grpc-protobuf-lite-1.17.1.jar:/home/user/.m2/repository/io/grpc/grpc-stub/1.17.1/grpc-stub-1.17.1.jar:/home/user/.m2/repository/org/apache/hadoop/hadoop-ozone-recon/0.5.0-SNAPSHOT/hadoop-ozone-recon-0.5.0-SNAPSHOT.jar:/home/user/.m2/repository/org/apache/hadoop/hadoop-ozone-reconcodegen/0.5.0-SNAPSHOT/hadoop-ozone-reconcodegen-0.5.0-SNAPSHOT.jar:/home/user/.m2/repository/com/google/inject/extensions/guice-multibindings/4.0/guice-multibindings-4.0.jar:/home/user/.m2/repository/com/google/inject/guice/4.0/guice-4.0.jar:/home/user/.m2/repository/aopalliance/aopalliance/1.0/aopalliance-1.0.jar:/home/user/.m2/repository/com/google/inject/extensions/guice-servlet/4.0/guice-servlet-4.0.jar:/home/user/.m2/repository/org/glassfish/jersey/containers/jersey-container-servlet/2.27/jersey-container-servlet-2.27.jar:/home/user/.m2/repository/org/glassfish/hk2/guice-bridge/2.5.0/guice-bridge-2.5.0.jar:/home/user/.m2/repository/org/glassfish/jersey/core/jersey-server/2.27/jersey-server-2.27.jar:/home/user/.m2/repository/org/glassfish/jersey/core/jersey-client/2.27/jersey-client-2.27.jar:/home/user/.m2/repository/org/glassfish/jersey/media/jersey-media-jaxb/2.27/jersey-media-jaxb-2.27.jar:/home/user/.m2/repository/javax/validation/validation-api/1.1.0.Final/validation-api-1.1.0.Final.jar:/home/user/.m2/repository/org/glassfish/jersey/media/jersey-media-json-jackson/2.27/jersey-media-json-jackson-2.27.jar:/home/user/.m2/repository/org/glassfish/jersey/ext/jersey-entity-filtering/2.27/jersey-entity-filtering-2.27.jar:/home/user/.m2/repository/com/google/inject/extensions/guice-assistedinject/4.0/guice-assistedinject-4.0.jar:/home/user/.m2/repository/org/jooq/jooq/3.11.10/jooq-3.11.10.jar:/home/user/.m2/repository/org/jooq/jooq-meta/3.11.10/jooq-meta-3.11.10.jar:/home/user/.m2/repository/org/jooq/jooq-codegen/3.11.10/jooq-codegen-3.11.10.jar:/home/user/.m2/repository/com/jolbox/bonecp/0.8.0.RELEASE/bonecp-0.8.0.RELEASE.jar:/home/user/.m2/repository/org/xerial/sqlite-jdbc/3.25.2/sqlite-jdbc-3.25.2.jar:/home/user/.m2/repository/org/springframework/spring-jdbc/5.1.3.RELEASE/spring-jdbc-5.1.3.RELEASE.jar:/home/user/.m2/repository/org/springframework/spring-beans/5.1.3.RELEASE/spring-beans-5.1.3.RELEASE.jar:/home/user/.m2/repository/org/springframework/spring-core/5.1.3.RELEASE/spring-core-5.1.3.RELEASE.jar:/home/user/.m2/repository/org/springframework/spring-jcl/5.1.3.RELEASE/spring-jcl-5.1.3.RELEASE.jar:/home/user/.m2/repository/org/springframework/spring-tx/5.1.3.RELEASE/spring-tx-5.1.3.RELEASE.jar:/home/user/.m2/repository/org/apache/hadoop/hadoop-ozone-client/0.5.0-SNAPSHOT/hadoop-ozone-client-0.5.0-SNAPSHOT.jar:/home/user/.m2/repository/commons-lang/commons-lang/2.6/commons-lang-2.6.jar:/home/user/.m2/repository/org/apache/hadoop/hadoop-ozone-ozone-manager/0.5.0-SNAPSHOT/hadoop-ozone-ozone-manager-0.5.0-SNAPSHOT-tests.jar:/home/user/.m2/repository/junit/junit/4.11/junit-4.11.jar:/home/user/.m2/repository/org/hamcrest/hamcrest-core/1.3/hamcrest-core-1.3.jar:/home/user/.m2/repository/org/openjdk/jmh/jmh-core/1.19/jmh-core-1.19.jar:/home/user/.m2/repository/net/sf/jopt-simple/jopt-simple/4.6/jopt-simple-4.6.jar:/home/user/.m2/repository/org/apache/commons/commons-math3/3.1.1/commons-math3-3.1.1.jar:/home/user/.m2/repository/org/openjdk/jmh/jmh-generator-annprocess/1.19/jmh-generator-annprocess-1.19.jar:/home/user/.m2/repository/org/mockito/mockito-all/1.8.5/mockito-all-1.8.5.jar:/home/user/.m2/repository/org/apache/hadoop/hadoop-kms/3.2.0/hadoop-kms-3.2.0.jar:/home/user/.m2/repository/org/apache/hadoop/hadoop-auth/3.2.0/hadoop-auth-3.2.0.jar:/home/user/.m2/repository/com/nimbusds/nimbus-jose-jwt/4.41.1/nimbus-jose-jwt-4.41.1.jar:/home/user/.m2/repository/com/github/stephenc/jcip/jcip-annotations/1.0-1/jcip-annotations-1.0-1.jar:/home/user/.m2/repository/net/minidev/json-smart/2.3/json-smart-2.3.jar:/home/user/.m2/repository/net/minidev/accessors-smart/1.2/accessors-smart-1.2.jar:/home/user/.m2/repository/org/ow2/asm/asm/5.0.4/asm-5.0.4.jar:/home/user/.m2/repository/org/apache/curator/curator-framework/2.12.0/curator-framework-2.12.0.jar:/home/user/.m2/repository/com/sun/jersey/jersey-core/1.19/jersey-core-1.19.jar:/home/user/.m2/repository/javax/ws/rs/jsr311-api/1.1.1/jsr311-api-1.1.1.jar:/home/user/.m2/repository/com/sun/jersey/jersey-server/1.19/jersey-server-1.19.jar:/home/user/.m2/repository/javax/servlet/javax.servlet-api/3.1.0/javax.servlet-api-3.1.0.jar:/home/user/.m2/repository/org/eclipse/jetty/jetty-server/9.3.24.v20180605/jetty-server-9.3.24.v20180605.jar:/home/user/.m2/repository/org/eclipse/jetty/jetty-http/9.3.24.v20180605/jetty-http-9.3.24.v20180605.jar:/home/user/.m2/repository/org/eclipse/jetty/jetty-io/9.3.24.v20180605/jetty-io-9.3.24.v20180605.jar:/home/user/.m2/repository/org/eclipse/jetty/jetty-webapp/9.3.24.v20180605/jetty-webapp-9.3.24.v20180605.jar:/home/user/.m2/repository/org/eclipse/jetty/jetty-xml/9.3.24.v20180605/jetty-xml-9.3.24.v20180605.jar:/home/user/.m2/repository/log4j/log4j/1.2.17/log4j-1.2.17.jar:/home/user/.m2/repository/org/slf4j/slf4j-api/1.7.25/slf4j-api-1.7.25.jar:/home/user/.m2/repository/org/slf4j/jul-to-slf4j/1.7.25/jul-to-slf4j-1.7.25.jar:/home/user/.m2/repository/org/eclipse/jetty/jetty-util/9.3.24.v20180605/jetty-util-9.3.24.v20180605.jar:/home/user/.m2/repository/com/fasterxml/jackson/core/jackson-databind/2.9.5/jackson-databind-2.9.5.jar:/home/user/.m2/repository/org/apache/hadoop/hadoop-kms/3.2.0/hadoop-kms-3.2.0-tests.jar:/home/user/.m2/repository/org/apache/hadoop/hadoop-hdds-server-scm/0.5.0-SNAPSHOT/hadoop-hdds-server-scm-0.5.0-SNAPSHOT-tests.jar:/home/user/.m2/repository/org/apache/hadoop/hadoop-hdds-container-service/0.5.0-SNAPSHOT/hadoop-hdds-container-service-0.5.0-SNAPSHOT-tests.jar:/home/user/.m2/repository/org/yaml/snakeyaml/1.16/snakeyaml-1.16.jar:/home/user/.m2/repository/org/apache/hadoop/hadoop-common/3.2.0/hadoop-common-3.2.0-tests.jar:/home/user/.m2/repository/org/apache/hadoop/hadoop-annotations/3.2.0/hadoop-annotations-3.2.0.jar:/usr/lib/jvm/java-1.8-openjdk/jre/../lib/tools.jar:/home/user/.m2/repository/commons-cli/commons-cli/1.2/commons-cli-1.2.jar:/home/user/.m2/repository/org/apache/httpcomponents/httpclient/4.5.2/httpclient-4.5.2.jar:/home/user/.m2/repository/org/apache/httpcomponents/httpcore/4.4.4/httpcore-4.4.4.jar:/home/user/.m2/repository/commons-codec/commons-codec/1.11/commons-codec-1.11.jar:/home/user/.m2/repository/commons-net/commons-net/3.6/commons-net-3.6.jar:/home/user/.m2/repository/commons-collections/commons-collections/3.2.2/commons-collections-3.2.2.jar:/home/user/.m2/repository/org/eclipse/jetty/jetty-servlet/9.3.24.v20180605/jetty-servlet-9.3.24.v20180605.jar:/home/user/.m2/repository/org/eclipse/jetty/jetty-security/9.3.24.v20180605/jetty-security-9.3.24.v20180605.jar:/home/user/.m2/repository/javax/servlet/jsp/jsp-api/2.1/jsp-api-2.1.jar:/home/user/.m2/repository/com/sun/jersey/jersey-servlet/1.19/jersey-servlet-1.19.jar:/home/user/.m2/repository/com/sun/jersey/jersey-json/1.19/jersey-json-1.19.jar:/home/user/.m2/repository/org/codehaus/jettison/jettison/1.1/jettison-1.1.jar:/home/user/.m2/repository/org/codehaus/jackson/jackson-core-asl/1.9.13/jackson-core-asl-1.9.13.jar:/home/user/.m2/repository/org/codehaus/jackson/jackson-mapper-asl/1.9.13/jackson-mapper-asl-1.9.13.jar:/home/user/.m2/repository/org/codehaus/jackson/jackson-jaxrs/1.9.13/jackson-jaxrs-1.9.13.jar:/home/user/.m2/repository/org/codehaus/jackson/jackson-xc/1.9.13/jackson-xc-1.9.13.jar:/home/user/.m2/repository/commons-logging/commons-logging/1.1.3/commons-logging-1.1.3.jar:/home/user/.m2/repository/commons-beanutils/commons-beanutils/1.9.3/commons-beanutils-1.9.3.jar:/home/user/.m2/repository/org/apache/commons/commons-configuration2/2.1.1/commons-configuration2-2.1.1.jar:/home/user/.m2/repository/org/apache/commons/commons-lang3/3.7/commons-lang3-3.7.jar:/home/user/.m2/repository/org/apache/commons/commons-text/1.4/commons-text-1.4.jar:/home/user/.m2/repository/org/apache/avro/avro/1.7.7/avro-1.7.7.jar:/home/user/.m2/repository/com/thoughtworks/paranamer/paranamer/2.3/paranamer-2.3.jar:/home/user/.m2/repository/org/xerial/snappy/snappy-java/1.0.5/snappy-java-1.0.5.jar:/home/user/.m2/repository/com/google/re2j/re2j/1.1/re2j-1.1.jar:/home/user/.m2/repository/com/google/code/gson/gson/2.2.4/gson-2.2.4.jar:/home/user/.m2/repository/com/jcraft/jsch/0.1.54/jsch-0.1.54.jar:/home/user/.m2/repository/org/apache/curator/curator-client/2.12.0/curator-client-2.12.0.jar:/home/user/.m2/repository/org/apache/curator/curator-recipes/2.12.0/curator-recipes-2.12.0.jar:/home/user/.m2/repository/com/google/code/findbugs/jsr305/3.0.0/jsr305-3.0.0.jar:/home/user/.m2/repository/org/apache/htrace/htrace-core4/4.1.0-incubating/htrace-core4-4.1.0-incubating.jar:/home/user/.m2/repository/org/apache/zookeeper/zookeeper/3.4.13/zookeeper-3.4.13.jar:/home/user/.m2/repository/org/apache/yetus/audience-annotations/0.5.0/audience-annotations-0.5.0.jar:/home/user/.m2/repository/org/codehaus/woodstox/stax2-api/3.1.4/stax2-api-3.1.4.jar:/home/user/.m2/repository/com/fasterxml/woodstox/woodstox-core/5.0.3/woodstox-core-5.0.3.jar:/home/user/.m2/repository/dnsjava/dnsjava/2.1.7/dnsjava-2.1.7.jar:/home/user/.m2/repository/org/apache/hadoop/hadoop-hdfs/3.2.0/hadoop-hdfs-3.2.0-tests.jar:/home/user/.m2/repository/org/eclipse/jetty/jetty-util-ajax/9.3.24.v20180605/jetty-util-ajax-9.3.24.v20180605.jar:/home/user/.m2/repository/commons-daemon/commons-daemon/1.0.13/commons-daemon-1.0.13.jar:/home/user/.m2/repository/io/netty/netty/3.10.5.Final/netty-3.10.5.Final.jar:/home/user/.m2/repository/io/netty/netty-all/4.0.52.Final/netty-all-4.0.52.Final.jar:/home/user/.m2/repository/org/fusesource/leveldbjni/leveldbjni-all/1.8/leveldbjni-all-1.8.jar:"/>
    <property name="java.vm.vendor" value="IcedTea"/>
    <property name="sun.arch.data.model" value="64"/>
    <property name="test.build.dir" value="/tmp/workdir/hadoop-ozone/integration-test/target/test-dir"/>
    <property name="test.cache.data" value=""/>
    <property name="java.vendor.url" value="https://icedtea.classpath.org"/>
    <property name="user.timezone" value=""/>
    <property name="java.vm.specification.version" value="1.8"/>
    <property name="os.name" value="Linux"/>
    <property name="test.build.data" value="/tmp/workdir/hadoop-ozone/integration-test/target/test-dir"/>
    <property name="user.country" value="US"/>
    <property name="sun.java.launcher" value="SUN_STANDARD"/>
    <property name="sun.boot.library.path" value="/usr/lib/jvm/java-1.8-openjdk/jre/lib/amd64"/>
    <property name="sun.java.command" value="/tmp/workdir/hadoop-ozone/integration-test/target/surefire/surefirebooter3936883827387351348.jar /tmp/workdir/hadoop-ozone/integration-test/target/surefire 2019-07-14T04-10-26_574-jvmRun1 surefire7193302197498020623tmp surefire_396518808610529245370tmp"/>
    <property name="surefire.test.class.path" value="/tmp/workdir/hadoop-ozone/integration-test/target/test-classes:/tmp/workdir/hadoop-ozone/integration-test/target/classes:/home/user/.m2/repository/org/apache/hadoop/hadoop-ozone-common/0.5.0-SNAPSHOT/hadoop-ozone-common-0.5.0-SNAPSHOT.jar:/home/user/.m2/repository/org/apache/commons/commons-compress/1.4.1/commons-compress-1.4.1.jar:/home/user/.m2/repository/org/tukaani/xz/1.0/xz-1.0.jar:/home/user/.m2/repository/org/apache/hadoop/hadoop-common/3.2.0/hadoop-common-3.2.0.jar:/home/user/.m2/repository/org/apache/hadoop/hadoop-hdfs/3.2.0/hadoop-hdfs-3.2.0.jar:/home/user/.m2/repository/org/apache/hadoop/hadoop-hdfs-client/3.2.0/hadoop-hdfs-client-3.2.0.jar:/home/user/.m2/repository/com/fasterxml/jackson/core/jackson-annotations/2.9.5/jackson-annotations-2.9.5.jar:/home/user/.m2/repository/org/apache/hadoop/hadoop-hdds-common/0.5.0-SNAPSHOT/hadoop-hdds-common-0.5.0-SNAPSHOT.jar:/home/user/.m2/repository/javax/annotation/javax.annotation-api/1.2/javax.annotation-api-1.2.jar:/home/user/.m2/repository/org/apache/ratis/ratis-server/0.4.0-2337318-SNAPSHOT/ratis-server-0.4.0-2337318-SNAPSHOT.jar:/home/user/.m2/repository/org/apache/ratis/ratis-thirdparty-misc/0.2.0/ratis-thirdparty-misc-0.2.0.jar:/home/user/.m2/repository/org/apache/ratis/ratis-proto/0.4.0-2337318-SNAPSHOT/ratis-proto-0.4.0-2337318-SNAPSHOT.jar:/home/user/.m2/repository/org/apache/ratis/ratis-common/0.4.0-2337318-SNAPSHOT/ratis-common-0.4.0-2337318-SNAPSHOT.jar:/home/user/.m2/repository/org/apache/ratis/ratis-client/0.4.0-2337318-SNAPSHOT/ratis-client-0.4.0-2337318-SNAPSHOT.jar:/home/user/.m2/repository/org/apache/ratis/ratis-metrics/0.4.0-2337318-SNAPSHOT/ratis-metrics-0.4.0-2337318-SNAPSHOT.jar:/home/user/.m2/repository/org/apache/ratis/ratis-netty/0.4.0-2337318-SNAPSHOT/ratis-netty-0.4.0-2337318-SNAPSHOT.jar:/home/user/.m2/repository/org/apache/ratis/ratis-grpc/0.4.0-2337318-SNAPSHOT/ratis-grpc-0.4.0-2337318-SNAPSHOT.jar:/home/user/.m2/repository/org/rocksdb/rocksdbjni/6.0.1/rocksdbjni-6.0.1.jar:/home/user/.m2/repository/org/apache/logging/log4j/log4j-api/2.11.0/log4j-api-2.11.0.jar:/home/user/.m2/repository/org/apache/logging/log4j/log4j-core/2.11.0/log4j-core-2.11.0.jar:/home/user/.m2/repository/com/lmax/disruptor/3.4.2/disruptor-3.4.2.jar:/home/user/.m2/repository/org/apache/commons/commons-pool2/2.6.0/commons-pool2-2.6.0.jar:/home/user/.m2/repository/org/bouncycastle/bcpkix-jdk15on/1.60/bcpkix-jdk15on-1.60.jar:/home/user/.m2/repository/commons-validator/commons-validator/1.6/commons-validator-1.6.jar:/home/user/.m2/repository/commons-digester/commons-digester/1.8.1/commons-digester-1.8.1.jar:/home/user/.m2/repository/io/jaegertracing/jaeger-client/0.33.1/jaeger-client-0.33.1.jar:/home/user/.m2/repository/io/jaegertracing/jaeger-thrift/0.33.1/jaeger-thrift-0.33.1.jar:/home/user/.m2/repository/org/apache/thrift/libthrift/0.11.0/libthrift-0.11.0.jar:/home/user/.m2/repository/com/squareup/okhttp3/okhttp/3.9.0/okhttp-3.9.0.jar:/home/user/.m2/repository/com/squareup/okio/okio/1.13.0/okio-1.13.0.jar:/home/user/.m2/repository/io/jaegertracing/jaeger-core/0.33.1/jaeger-core-0.33.1.jar:/home/user/.m2/repository/io/jaegertracing/jaeger-tracerresolver/0.33.1/jaeger-tracerresolver-0.33.1.jar:/home/user/.m2/repository/io/opentracing/contrib/opentracing-tracerresolver/0.1.5/opentracing-tracerresolver-0.1.5.jar:/home/user/.m2/repository/io/opentracing/opentracing-util/0.31.0/opentracing-util-0.31.0.jar:/home/user/.m2/repository/io/opentracing/opentracing-api/0.31.0/opentracing-api-0.31.0.jar:/home/user/.m2/repository/io/opentracing/opentracing-noop/0.31.0/opentracing-noop-0.31.0.jar:/home/user/.m2/repository/org/apache/hadoop/hadoop-hdds-server-framework/0.5.0-SNAPSHOT/hadoop-hdds-server-framework-0.5.0-SNAPSHOT.jar:/home/user/.m2/repository/org/apache/hadoop/hadoop-hdds-container-service/0.5.0-SNAPSHOT/hadoop-hdds-container-service-0.5.0-SNAPSHOT.jar:/home/user/.m2/repository/org/apache/hadoop/hadoop-hdds-client/0.5.0-SNAPSHOT/hadoop-hdds-client-0.5.0-SNAPSHOT.jar:/home/user/.m2/repository/org/apache/hadoop/hadoop-hdds-tools/0.5.0-SNAPSHOT/hadoop-hdds-tools-0.5.0-SNAPSHOT.jar:/home/user/.m2/repository/org/apache/hadoop/hadoop-hdds-server-scm/0.5.0-SNAPSHOT/hadoop-hdds-server-scm-0.5.0-SNAPSHOT.jar:/home/user/.m2/repository/org/apache/hadoop/hadoop-hdds-docs/0.5.0-SNAPSHOT/hadoop-hdds-docs-0.5.0-SNAPSHOT.jar:/home/user/.m2/repository/io/dropwizard/metrics/metrics-core/3.2.4/metrics-core-3.2.4.jar:/home/user/.m2/repository/org/hamcrest/hamcrest-all/1.3/hamcrest-all-1.3.jar:/home/user/.m2/repository/org/bouncycastle/bcprov-jdk15on/1.60/bcprov-jdk15on-1.60.jar:/home/user/.m2/repository/info/picocli/picocli/3.9.6/picocli-3.9.6.jar:/home/user/.m2/repository/com/google/protobuf/protobuf-java/2.5.0/protobuf-java-2.5.0.jar:/home/user/.m2/repository/com/google/guava/guava/11.0.2/guava-11.0.2.jar:/home/user/.m2/repository/org/apache/hadoop/hadoop-ozone-ozone-manager/0.5.0-SNAPSHOT/hadoop-ozone-ozone-manager-0.5.0-SNAPSHOT.jar:/home/user/.m2/repository/org/apache/hadoop/hadoop-minikdc/3.2.0/hadoop-minikdc-3.2.0.jar:/home/user/.m2/repository/commons-io/commons-io/2.5/commons-io-2.5.jar:/home/user/.m2/repository/org/apache/kerby/kerb-simplekdc/1.0.1/kerb-simplekdc-1.0.1.jar:/home/user/.m2/repository/org/apache/kerby/kerb-client/1.0.1/kerb-client-1.0.1.jar:/home/user/.m2/repository/org/apache/kerby/kerby-config/1.0.1/kerby-config-1.0.1.jar:/home/user/.m2/repository/org/apache/kerby/kerb-core/1.0.1/kerb-core-1.0.1.jar:/home/user/.m2/repository/org/apache/kerby/kerby-pkix/1.0.1/kerby-pkix-1.0.1.jar:/home/user/.m2/repository/org/apache/kerby/kerby-asn1/1.0.1/kerby-asn1-1.0.1.jar:/home/user/.m2/repository/org/apache/kerby/kerby-util/1.0.1/kerby-util-1.0.1.jar:/home/user/.m2/repository/org/apache/kerby/kerb-common/1.0.1/kerb-common-1.0.1.jar:/home/user/.m2/repository/org/apache/kerby/kerb-crypto/1.0.1/kerb-crypto-1.0.1.jar:/home/user/.m2/repository/org/apache/kerby/kerb-util/1.0.1/kerb-util-1.0.1.jar:/home/user/.m2/repository/org/apache/kerby/token-provider/1.0.1/token-provider-1.0.1.jar:/home/user/.m2/repository/org/apache/kerby/kerb-admin/1.0.1/kerb-admin-1.0.1.jar:/home/user/.m2/repository/org/apache/kerby/kerb-server/1.0.1/kerb-server-1.0.1.jar:/home/user/.m2/repository/org/apache/kerby/kerb-identity/1.0.1/kerb-identity-1.0.1.jar:/home/user/.m2/repository/org/apache/kerby/kerby-xdr/1.0.1/kerby-xdr-1.0.1.jar:/home/user/.m2/repository/org/slf4j/slf4j-log4j12/1.7.25/slf4j-log4j12-1.7.25.jar:/home/user/.m2/repository/org/apache/hadoop/hadoop-ozone-objectstore-service/0.5.0-SNAPSHOT/hadoop-ozone-objectstore-service-0.5.0-SNAPSHOT.jar:/home/user/.m2/repository/org/apache/hadoop/hadoop-ozone-s3gateway/0.5.0-SNAPSHOT/hadoop-ozone-s3gateway-0.5.0-SNAPSHOT.jar:/home/user/.m2/repository/org/jboss/weld/servlet/weld-servlet/2.4.7.Final/weld-servlet-2.4.7.Final.jar:/home/user/.m2/repository/org/glassfish/jersey/containers/jersey-container-servlet-core/2.27/jersey-container-servlet-core-2.27.jar:/home/user/.m2/repository/org/glassfish/hk2/external/javax.inject/2.5.0-b42/javax.inject-2.5.0-b42.jar:/home/user/.m2/repository/org/glassfish/jersey/core/jersey-common/2.27/jersey-common-2.27.jar:/home/user/.m2/repository/org/glassfish/hk2/osgi-resource-locator/1.0.1/osgi-resource-locator-1.0.1.jar:/home/user/.m2/repository/javax/ws/rs/javax.ws.rs-api/2.1/javax.ws.rs-api-2.1.jar:/home/user/.m2/repository/org/glassfish/jersey/ext/cdi/jersey-cdi1x/2.27/jersey-cdi1x-2.27.jar:/home/user/.m2/repository/org/glassfish/jersey/inject/jersey-hk2/2.27/jersey-hk2-2.27.jar:/home/user/.m2/repository/org/glassfish/hk2/hk2-locator/2.5.0-b42/hk2-locator-2.5.0-b42.jar:/home/user/.m2/repository/org/javassist/javassist/3.22.0-CR2/javassist-3.22.0-CR2.jar:/home/user/.m2/repository/org/glassfish/hk2/hk2-api/2.5.0/hk2-api-2.5.0.jar:/home/user/.m2/repository/org/glassfish/hk2/external/jakarta.inject/2.5.0/jakarta.inject-2.5.0.jar:/home/user/.m2/repository/org/glassfish/hk2/hk2-utils/2.5.0/hk2-utils-2.5.0.jar:/home/user/.m2/repository/jakarta/annotation/jakarta.annotation-api/1.3.4/jakarta.annotation-api-1.3.4.jar:/home/user/.m2/repository/org/glassfish/hk2/external/aopalliance-repackaged/2.5.0/aopalliance-repackaged-2.5.0.jar:/home/user/.m2/repository/com/fasterxml/jackson/dataformat/jackson-dataformat-xml/2.9.0/jackson-dataformat-xml-2.9.0.jar:/home/user/.m2/repository/com/fasterxml/jackson/core/jackson-core/2.9.5/jackson-core-2.9.5.jar:/home/user/.m2/repository/com/fasterxml/jackson/module/jackson-module-jaxb-annotations/2.9.5/jackson-module-jaxb-annotations-2.9.5.jar:/home/user/.m2/repository/javax/enterprise/cdi-api/1.2/cdi-api-1.2.jar:/home/user/.m2/repository/javax/el/javax.el-api/3.0.0/javax.el-api-3.0.0.jar:/home/user/.m2/repository/javax/interceptor/javax.interceptor-api/1.2/javax.interceptor-api-1.2.jar:/home/user/.m2/repository/javax/inject/javax.inject/1/javax.inject-1.jar:/home/user/.m2/repository/com/sun/xml/bind/jaxb-impl/2.3.0.1/jaxb-impl-2.3.0.1.jar:/home/user/.m2/repository/com/sun/xml/bind/jaxb-core/2.3.0.1/jaxb-core-2.3.0.1.jar:/home/user/.m2/repository/javax/xml/bind/jaxb-api/2.3.0/jaxb-api-2.3.0.jar:/home/user/.m2/repository/javax/activation/activation/1.1.1/activation-1.1.1.jar:/home/user/.m2/repository/org/apache/hadoop/hadoop-ozone-csi/0.5.0-SNAPSHOT/hadoop-ozone-csi-0.5.0-SNAPSHOT.jar:/home/user/.m2/repository/com/google/protobuf/protobuf-java-util/3.5.1/protobuf-java-util-3.5.1.jar:/home/user/.m2/repository/org/apache/hadoop/hadoop-hdds-config/0.5.0-SNAPSHOT/hadoop-hdds-config-0.5.0-SNAPSHOT.jar:/home/user/.m2/repository/io/grpc/grpc-netty/1.17.1/grpc-netty-1.17.1.jar:/home/user/.m2/repository/io/grpc/grpc-core/1.17.1/grpc-core-1.17.1.jar:/home/user/.m2/repository/io/grpc/grpc-context/1.17.1/grpc-context-1.17.1.jar:/home/user/.m2/repository/com/google/errorprone/error_prone_annotations/2.2.0/error_prone_annotations-2.2.0.jar:/home/user/.m2/repository/org/codehaus/mojo/animal-sniffer-annotations/1.17/animal-sniffer-annotations-1.17.jar:/home/user/.m2/repository/io/opencensus/opencensus-api/0.17.0/opencensus-api-0.17.0.jar:/home/user/.m2/repository/io/opencensus/opencensus-contrib-grpc-metrics/0.17.0/opencensus-contrib-grpc-metrics-0.17.0.jar:/home/user/.m2/repository/io/netty/netty-codec-http2/4.1.30.Final/netty-codec-http2-4.1.30.Final.jar:/home/user/.m2/repository/io/netty/netty-codec-http/4.1.30.Final/netty-codec-http-4.1.30.Final.jar:/home/user/.m2/repository/io/netty/netty-codec/4.1.30.Final/netty-codec-4.1.30.Final.jar:/home/user/.m2/repository/io/netty/netty-handler/4.1.30.Final/netty-handler-4.1.30.Final.jar:/home/user/.m2/repository/io/netty/netty-handler-proxy/4.1.30.Final/netty-handler-proxy-4.1.30.Final.jar:/home/user/.m2/repository/io/netty/netty-codec-socks/4.1.30.Final/netty-codec-socks-4.1.30.Final.jar:/home/user/.m2/repository/io/netty/netty-transport-native-epoll/4.1.30.Final/netty-transport-native-epoll-4.1.30.Final.jar:/home/user/.m2/repository/io/netty/netty-common/4.1.30.Final/netty-common-4.1.30.Final.jar:/home/user/.m2/repository/io/netty/netty-buffer/4.1.30.Final/netty-buffer-4.1.30.Final.jar:/home/user/.m2/repository/io/netty/netty-transport/4.1.30.Final/netty-transport-4.1.30.Final.jar:/home/user/.m2/repository/io/netty/netty-resolver/4.1.30.Final/netty-resolver-4.1.30.Final.jar:/home/user/.m2/repository/io/netty/netty-transport-native-unix-common/4.1.30.Final/netty-transport-native-unix-common-4.1.30.Final.jar:/home/user/.m2/repository/io/grpc/grpc-protobuf/1.17.1/grpc-protobuf-1.17.1.jar:/home/user/.m2/repository/com/google/api/grpc/proto-google-common-protos/1.0.0/proto-google-common-protos-1.0.0.jar:/home/user/.m2/repository/io/grpc/grpc-protobuf-lite/1.17.1/grpc-protobuf-lite-1.17.1.jar:/home/user/.m2/repository/io/grpc/grpc-stub/1.17.1/grpc-stub-1.17.1.jar:/home/user/.m2/repository/org/apache/hadoop/hadoop-ozone-recon/0.5.0-SNAPSHOT/hadoop-ozone-recon-0.5.0-SNAPSHOT.jar:/home/user/.m2/repository/org/apache/hadoop/hadoop-ozone-reconcodegen/0.5.0-SNAPSHOT/hadoop-ozone-reconcodegen-0.5.0-SNAPSHOT.jar:/home/user/.m2/repository/com/google/inject/extensions/guice-multibindings/4.0/guice-multibindings-4.0.jar:/home/user/.m2/repository/com/google/inject/guice/4.0/guice-4.0.jar:/home/user/.m2/repository/aopalliance/aopalliance/1.0/aopalliance-1.0.jar:/home/user/.m2/repository/com/google/inject/extensions/guice-servlet/4.0/guice-servlet-4.0.jar:/home/user/.m2/repository/org/glassfish/jersey/containers/jersey-container-servlet/2.27/jersey-container-servlet-2.27.jar:/home/user/.m2/repository/org/glassfish/hk2/guice-bridge/2.5.0/guice-bridge-2.5.0.jar:/home/user/.m2/repository/org/glassfish/jersey/core/jersey-server/2.27/jersey-server-2.27.jar:/home/user/.m2/repository/org/glassfish/jersey/core/jersey-client/2.27/jersey-client-2.27.jar:/home/user/.m2/repository/org/glassfish/jersey/media/jersey-media-jaxb/2.27/jersey-media-jaxb-2.27.jar:/home/user/.m2/repository/javax/validation/validation-api/1.1.0.Final/validation-api-1.1.0.Final.jar:/home/user/.m2/repository/org/glassfish/jersey/media/jersey-media-json-jackson/2.27/jersey-media-json-jackson-2.27.jar:/home/user/.m2/repository/org/glassfish/jersey/ext/jersey-entity-filtering/2.27/jersey-entity-filtering-2.27.jar:/home/user/.m2/repository/com/google/inject/extensions/guice-assistedinject/4.0/guice-assistedinject-4.0.jar:/home/user/.m2/repository/org/jooq/jooq/3.11.10/jooq-3.11.10.jar:/home/user/.m2/repository/org/jooq/jooq-meta/3.11.10/jooq-meta-3.11.10.jar:/home/user/.m2/repository/org/jooq/jooq-codegen/3.11.10/jooq-codegen-3.11.10.jar:/home/user/.m2/repository/com/jolbox/bonecp/0.8.0.RELEASE/bonecp-0.8.0.RELEASE.jar:/home/user/.m2/repository/org/xerial/sqlite-jdbc/3.25.2/sqlite-jdbc-3.25.2.jar:/home/user/.m2/repository/org/springframework/spring-jdbc/5.1.3.RELEASE/spring-jdbc-5.1.3.RELEASE.jar:/home/user/.m2/repository/org/springframework/spring-beans/5.1.3.RELEASE/spring-beans-5.1.3.RELEASE.jar:/home/user/.m2/repository/org/springframework/spring-core/5.1.3.RELEASE/spring-core-5.1.3.RELEASE.jar:/home/user/.m2/repository/org/springframework/spring-jcl/5.1.3.RELEASE/spring-jcl-5.1.3.RELEASE.jar:/home/user/.m2/repository/org/springframework/spring-tx/5.1.3.RELEASE/spring-tx-5.1.3.RELEASE.jar:/home/user/.m2/repository/org/apache/hadoop/hadoop-ozone-client/0.5.0-SNAPSHOT/hadoop-ozone-client-0.5.0-SNAPSHOT.jar:/home/user/.m2/repository/commons-lang/commons-lang/2.6/commons-lang-2.6.jar:/home/user/.m2/repository/org/apache/hadoop/hadoop-ozone-ozone-manager/0.5.0-SNAPSHOT/hadoop-ozone-ozone-manager-0.5.0-SNAPSHOT-tests.jar:/home/user/.m2/repository/junit/junit/4.11/junit-4.11.jar:/home/user/.m2/repository/org/hamcrest/hamcrest-core/1.3/hamcrest-core-1.3.jar:/home/user/.m2/repository/org/openjdk/jmh/jmh-core/1.19/jmh-core-1.19.jar:/home/user/.m2/repository/net/sf/jopt-simple/jopt-simple/4.6/jopt-simple-4.6.jar:/home/user/.m2/repository/org/apache/commons/commons-math3/3.1.1/commons-math3-3.1.1.jar:/home/user/.m2/repository/org/openjdk/jmh/jmh-generator-annprocess/1.19/jmh-generator-annprocess-1.19.jar:/home/user/.m2/repository/org/mockito/mockito-all/1.8.5/mockito-all-1.8.5.jar:/home/user/.m2/repository/org/apache/hadoop/hadoop-kms/3.2.0/hadoop-kms-3.2.0.jar:/home/user/.m2/repository/org/apache/hadoop/hadoop-auth/3.2.0/hadoop-auth-3.2.0.jar:/home/user/.m2/repository/com/nimbusds/nimbus-jose-jwt/4.41.1/nimbus-jose-jwt-4.41.1.jar:/home/user/.m2/repository/com/github/stephenc/jcip/jcip-annotations/1.0-1/jcip-annotations-1.0-1.jar:/home/user/.m2/repository/net/minidev/json-smart/2.3/json-smart-2.3.jar:/home/user/.m2/repository/net/minidev/accessors-smart/1.2/accessors-smart-1.2.jar:/home/user/.m2/repository/org/ow2/asm/asm/5.0.4/asm-5.0.4.jar:/home/user/.m2/repository/org/apache/curator/curator-framework/2.12.0/curator-framework-2.12.0.jar:/home/user/.m2/repository/com/sun/jersey/jersey-core/1.19/jersey-core-1.19.jar:/home/user/.m2/repository/javax/ws/rs/jsr311-api/1.1.1/jsr311-api-1.1.1.jar:/home/user/.m2/repository/com/sun/jersey/jersey-server/1.19/jersey-server-1.19.jar:/home/user/.m2/repository/javax/servlet/javax.servlet-api/3.1.0/javax.servlet-api-3.1.0.jar:/home/user/.m2/repository/org/eclipse/jetty/jetty-server/9.3.24.v20180605/jetty-server-9.3.24.v20180605.jar:/home/user/.m2/repository/org/eclipse/jetty/jetty-http/9.3.24.v20180605/jetty-http-9.3.24.v20180605.jar:/home/user/.m2/repository/org/eclipse/jetty/jetty-io/9.3.24.v20180605/jetty-io-9.3.24.v20180605.jar:/home/user/.m2/repository/org/eclipse/jetty/jetty-webapp/9.3.24.v20180605/jetty-webapp-9.3.24.v20180605.jar:/home/user/.m2/repository/org/eclipse/jetty/jetty-xml/9.3.24.v20180605/jetty-xml-9.3.24.v20180605.jar:/home/user/.m2/repository/log4j/log4j/1.2.17/log4j-1.2.17.jar:/home/user/.m2/repository/org/slf4j/slf4j-api/1.7.25/slf4j-api-1.7.25.jar:/home/user/.m2/repository/org/slf4j/jul-to-slf4j/1.7.25/jul-to-slf4j-1.7.25.jar:/home/user/.m2/repository/org/eclipse/jetty/jetty-util/9.3.24.v20180605/jetty-util-9.3.24.v20180605.jar:/home/user/.m2/repository/com/fasterxml/jackson/core/jackson-databind/2.9.5/jackson-databind-2.9.5.jar:/home/user/.m2/repository/org/apache/hadoop/hadoop-kms/3.2.0/hadoop-kms-3.2.0-tests.jar:/home/user/.m2/repository/org/apache/hadoop/hadoop-hdds-server-scm/0.5.0-SNAPSHOT/hadoop-hdds-server-scm-0.5.0-SNAPSHOT-tests.jar:/home/user/.m2/repository/org/apache/hadoop/hadoop-hdds-container-service/0.5.0-SNAPSHOT/hadoop-hdds-container-service-0.5.0-SNAPSHOT-tests.jar:/home/user/.m2/repository/org/yaml/snakeyaml/1.16/snakeyaml-1.16.jar:/home/user/.m2/repository/org/apache/hadoop/hadoop-common/3.2.0/hadoop-common-3.2.0-tests.jar:/home/user/.m2/repository/org/apache/hadoop/hadoop-annotations/3.2.0/hadoop-annotations-3.2.0.jar:/usr/lib/jvm/java-1.8-openjdk/jre/../lib/tools.jar:/home/user/.m2/repository/commons-cli/commons-cli/1.2/commons-cli-1.2.jar:/home/user/.m2/repository/org/apache/httpcomponents/httpclient/4.5.2/httpclient-4.5.2.jar:/home/user/.m2/repository/org/apache/httpcomponents/httpcore/4.4.4/httpcore-4.4.4.jar:/home/user/.m2/repository/commons-codec/commons-codec/1.11/commons-codec-1.11.jar:/home/user/.m2/repository/commons-net/commons-net/3.6/commons-net-3.6.jar:/home/user/.m2/repository/commons-collections/commons-collections/3.2.2/commons-collections-3.2.2.jar:/home/user/.m2/repository/org/eclipse/jetty/jetty-servlet/9.3.24.v20180605/jetty-servlet-9.3.24.v20180605.jar:/home/user/.m2/repository/org/eclipse/jetty/jetty-security/9.3.24.v20180605/jetty-security-9.3.24.v20180605.jar:/home/user/.m2/repository/javax/servlet/jsp/jsp-api/2.1/jsp-api-2.1.jar:/home/user/.m2/repository/com/sun/jersey/jersey-servlet/1.19/jersey-servlet-1.19.jar:/home/user/.m2/repository/com/sun/jersey/jersey-json/1.19/jersey-json-1.19.jar:/home/user/.m2/repository/org/codehaus/jettison/jettison/1.1/jettison-1.1.jar:/home/user/.m2/repository/org/codehaus/jackson/jackson-core-asl/1.9.13/jackson-core-asl-1.9.13.jar:/home/user/.m2/repository/org/codehaus/jackson/jackson-mapper-asl/1.9.13/jackson-mapper-asl-1.9.13.jar:/home/user/.m2/repository/org/codehaus/jackson/jackson-jaxrs/1.9.13/jackson-jaxrs-1.9.13.jar:/home/user/.m2/repository/org/codehaus/jackson/jackson-xc/1.9.13/jackson-xc-1.9.13.jar:/home/user/.m2/repository/commons-logging/commons-logging/1.1.3/commons-logging-1.1.3.jar:/home/user/.m2/repository/commons-beanutils/commons-beanutils/1.9.3/commons-beanutils-1.9.3.jar:/home/user/.m2/repository/org/apache/commons/commons-configuration2/2.1.1/commons-configuration2-2.1.1.jar:/home/user/.m2/repository/org/apache/commons/commons-lang3/3.7/commons-lang3-3.7.jar:/home/user/.m2/repository/org/apache/commons/commons-text/1.4/commons-text-1.4.jar:/home/user/.m2/repository/org/apache/avro/avro/1.7.7/avro-1.7.7.jar:/home/user/.m2/repository/com/thoughtworks/paranamer/paranamer/2.3/paranamer-2.3.jar:/home/user/.m2/repository/org/xerial/snappy/snappy-java/1.0.5/snappy-java-1.0.5.jar:/home/user/.m2/repository/com/google/re2j/re2j/1.1/re2j-1.1.jar:/home/user/.m2/repository/com/google/code/gson/gson/2.2.4/gson-2.2.4.jar:/home/user/.m2/repository/com/jcraft/jsch/0.1.54/jsch-0.1.54.jar:/home/user/.m2/repository/org/apache/curator/curator-client/2.12.0/curator-client-2.12.0.jar:/home/user/.m2/repository/org/apache/curator/curator-recipes/2.12.0/curator-recipes-2.12.0.jar:/home/user/.m2/repository/com/google/code/findbugs/jsr305/3.0.0/jsr305-3.0.0.jar:/home/user/.m2/repository/org/apache/htrace/htrace-core4/4.1.0-incubating/htrace-core4-4.1.0-incubating.jar:/home/user/.m2/repository/org/apache/zookeeper/zookeeper/3.4.13/zookeeper-3.4.13.jar:/home/user/.m2/repository/org/apache/yetus/audience-annotations/0.5.0/audience-annotations-0.5.0.jar:/home/user/.m2/repository/org/codehaus/woodstox/stax2-api/3.1.4/stax2-api-3.1.4.jar:/home/user/.m2/repository/com/fasterxml/woodstox/woodstox-core/5.0.3/woodstox-core-5.0.3.jar:/home/user/.m2/repository/dnsjava/dnsjava/2.1.7/dnsjava-2.1.7.jar:/home/user/.m2/repository/org/apache/hadoop/hadoop-hdfs/3.2.0/hadoop-hdfs-3.2.0-tests.jar:/home/user/.m2/repository/org/eclipse/jetty/jetty-util-ajax/9.3.24.v20180605/jetty-util-ajax-9.3.24.v20180605.jar:/home/user/.m2/repository/commons-daemon/commons-daemon/1.0.13/commons-daemon-1.0.13.jar:/home/user/.m2/repository/io/netty/netty/3.10.5.Final/netty-3.10.5.Final.jar:/home/user/.m2/repository/io/netty/netty-all/4.0.52.Final/netty-all-4.0.52.Final.jar:/home/user/.m2/repository/org/fusesource/leveldbjni/leveldbjni-all/1.8/leveldbjni-all-1.8.jar:"/>
    <property name="sun.cpu.endian" value="little"/>
    <property name="user.home" value="/home/user"/>
    <property name="user.language" value="en"/>
    <property name="java.specification.vendor" value="Oracle Corporation"/>
    <property name="java.home" value="/usr/lib/jvm/java-1.8-openjdk/jre"/>
    <property name="java.security.krb5.conf" value="/tmp/workdir/hadoop-ozone/integration-test/target/test-classes/krb5.conf"/>
    <property name="basedir" value="/tmp/workdir/hadoop-ozone/integration-test"/>
    <property name="file.separator" value="/"/>
    <property name="line.separator" value="&#10;"/>
    <property name="java.vm.specification.vendor" value="Oracle Corporation"/>
    <property name="java.specification.name" value="Java Platform API Specification"/>
    <property name="java.awt.graphicsenv" value="sun.awt.X11GraphicsEnvironment"/>
    <property name="surefire.real.class.path" value="/tmp/workdir/hadoop-ozone/integration-test/target/surefire/surefirebooter3936883827387351348.jar"/>
    <property name="hadoop.log.dir" value="/tmp/workdir/hadoop-ozone/integration-test/target/log"/>
    <property name="sun.boot.class.path" value="/usr/lib/jvm/java-1.8-openjdk/jre/lib/resources.jar:/usr/lib/jvm/java-1.8-openjdk/jre/lib/rt.jar:/usr/lib/jvm/java-1.8-openjdk/jre/lib/sunrsasign.jar:/usr/lib/jvm/java-1.8-openjdk/jre/lib/jsse.jar:/usr/lib/jvm/java-1.8-openjdk/jre/lib/jce.jar:/usr/lib/jvm/java-1.8-openjdk/jre/lib/charsets.jar:/usr/lib/jvm/java-1.8-openjdk/jre/lib/jfr.jar:/usr/lib/jvm/java-1.8-openjdk/jre/classes"/>
    <property name="sun.management.compiler" value="HotSpot 64-Bit Tiered Compilers"/>
    <property name="java.runtime.version" value="1.8.0_212-b04"/>
    <property name="java.net.preferIPv4Stack" value="true"/>
    <property name="user.name" value="jenkins1000"/>
    <property name="path.separator" value=":"/>
    <property name="java.security.egd" value="file:///dev/urandom"/>
    <property name="os.version" value="3.10.0-957.12.2.el7.x86_64"/>
    <property name="java.endorsed.dirs" value="/usr/lib/jvm/java-1.8-openjdk/jre/lib/endorsed"/>
    <property name="java.runtime.name" value="OpenJDK Runtime Environment"/>
    <property name="file.encoding" value="UTF-8"/>
    <property name="java.vm.name" value="OpenJDK 64-Bit Server VM"/>
    <property name="test.build.webapps" value=""/>
    <property name="localRepository" value="/home/user/.m2/repository"/>
    <property name="java.vendor.url.bug" value="https://icedtea.classpath.org/bugzilla"/>
    <property name="java.io.tmpdir" value="/tmp"/>
    <property name="require.test.libhadoop" value=""/>
    <property name="java.version" value="1.8.0_212"/>
    <property name="user.dir" value="/tmp/workdir/hadoop-ozone/integration-test"/>
    <property name="os.arch" value="amd64"/>
    <property name="java.vm.specification.name" value="Java Virtual Machine Specification"/>
    <property name="test.build.classes" value="/tmp/workdir/hadoop-ozone/integration-test/target/test-classes"/>
    <property name="java.awt.printerjob" value="sun.print.PSPrinterJob"/>
    <property name="sun.os.patch.level" value="unknown"/>
    <property name="hadoop.tmp.dir" value="/tmp/workdir/hadoop-ozone/integration-test/target/tmp"/>
    <property name="java.library.path" value="/usr/lib/jvm/java-1.8-openjdk/jre/lib/amd64/server:/usr/lib/jvm/java-1.8-openjdk/jre/lib/amd64:/usr/lib/jvm/java-1.8-openjdk/jre/../lib/amd64:/tmp/workdir/hadoop-ozone/integration-test/target/native/target/usr/local/lib:/tmp/workdir/hadoop-ozone/integration-test/../../hadoop-common-project/hadoop-common/target/native/target/usr/local/lib:/usr/java/packages/lib/amd64:/usr/lib64:/lib64:/lib:/usr/lib"/>
    <property name="java.vm.info" value="mixed mode"/>
    <property name="java.vendor" value="IcedTea"/>
    <property name="java.vm.version" value="25.212-b04"/>
    <property name="java.ext.dirs" value="/usr/lib/jvm/java-1.8-openjdk/jre/lib/ext:/usr/java/packages/lib/ext"/>
    <property name="sun.io.unicode.encoding" value="UnicodeLittle"/>
    <property name="java.class.version" value="52.0"/>
  </properties>
  <testcase name="testWatchForCommitWithKeyWrite" classname="org.apache.hadoop.ozone.client.rpc.TestWatchForCommit" time="21.009">
    <error message="Allocated 0 blocks. Requested 1 blocks" type="INTERNAL_ERROR org.apache.hadoop.ozone.om.exceptions.OMException">INTERNAL_ERROR org.apache.hadoop.ozone.om.exceptions.OMException: Allocated 0 blocks. Requested 1 blocks
	at org.apache.hadoop.ozone.om.protocolPB.OzoneManagerProtocolClientSideTranslatorPB.handleError(OzoneManagerProtocolClientSideTranslatorPB.java:720)
	at org.apache.hadoop.ozone.om.protocolPB.OzoneManagerProtocolClientSideTranslatorPB.allocateBlock(OzoneManagerProtocolClientSideTranslatorPB.java:752)
	at org.apache.hadoop.ozone.client.io.BlockOutputStreamEntryPool.allocateNewBlock(BlockOutputStreamEntryPool.java:248)
	at org.apache.hadoop.ozone.client.io.BlockOutputStreamEntryPool.allocateBlockIfNeeded(BlockOutputStreamEntryPool.java:296)
	at org.apache.hadoop.ozone.client.io.KeyOutputStream.handleWrite(KeyOutputStream.java:201)
	at org.apache.hadoop.ozone.client.io.KeyOutputStream.handleRetry(KeyOutputStream.java:376)
	at org.apache.hadoop.ozone.client.io.KeyOutputStream.handleException(KeyOutputStream.java:325)
	at org.apache.hadoop.ozone.client.io.KeyOutputStream.handleWrite(KeyOutputStream.java:231)
	at org.apache.hadoop.ozone.client.io.KeyOutputStream.handleRetry(KeyOutputStream.java:376)
	at org.apache.hadoop.ozone.client.io.KeyOutputStream.handleException(KeyOutputStream.java:325)
	at org.apache.hadoop.ozone.client.io.KeyOutputStream.handleWrite(KeyOutputStream.java:231)
	at org.apache.hadoop.ozone.client.io.KeyOutputStream.write(KeyOutputStream.java:193)
	at org.apache.hadoop.ozone.client.io.OzoneOutputStream.write(OzoneOutputStream.java:49)
	at java.io.OutputStream.write(OutputStream.java:75)
	at org.apache.hadoop.ozone.client.rpc.TestWatchForCommit.testWatchForCommitWithKeyWrite(TestWatchForCommit.java:158)
	at sun.reflect.NativeMethodAccessorImpl.invoke0(Native Method)
	at sun.reflect.NativeMethodAccessorImpl.invoke(NativeMethodAccessorImpl.java:62)
	at sun.reflect.DelegatingMethodAccessorImpl.invoke(DelegatingMethodAccessorImpl.java:43)
	at java.lang.reflect.Method.invoke(Method.java:498)
	at org.junit.runners.model.FrameworkMethod$1.runReflectiveCall(FrameworkMethod.java:47)
	at org.junit.internal.runners.model.ReflectiveCallable.run(ReflectiveCallable.java:12)
	at org.junit.runners.model.FrameworkMethod.invokeExplosively(FrameworkMethod.java:44)
	at org.junit.internal.runners.statements.InvokeMethod.evaluate(InvokeMethod.java:17)
	at org.junit.runners.ParentRunner.runLeaf(ParentRunner.java:271)
	at org.junit.runners.BlockJUnit4ClassRunner.runChild(BlockJUnit4ClassRunner.java:70)
	at org.junit.runners.BlockJUnit4ClassRunner.runChild(BlockJUnit4ClassRunner.java:50)
	at org.junit.runners.ParentRunner$3.run(ParentRunner.java:238)
	at org.junit.runners.ParentRunner$1.schedule(ParentRunner.java:63)
	at org.junit.runners.ParentRunner.runChildren(ParentRunner.java:236)
	at org.junit.runners.ParentRunner.access$000(ParentRunner.java:53)
	at org.junit.runners.ParentRunner$2.evaluate(ParentRunner.java:229)
	at org.junit.runners.ParentRunner.run(ParentRunner.java:309)
	at org.apache.maven.surefire.junit4.JUnit4Provider.execute(JUnit4Provider.java:365)
	at org.apache.maven.surefire.junit4.JUnit4Provider.executeWithRerun(JUnit4Provider.java:273)
	at org.apache.maven.surefire.junit4.JUnit4Provider.executeTestSet(JUnit4Provider.java:238)
	at org.apache.maven.surefire.junit4.JUnit4Provider.invoke(JUnit4Provider.java:159)
	at org.apache.maven.surefire.booter.ForkedBooter.invokeProviderInSameClassLoader(ForkedBooter.java:384)
	at org.apache.maven.surefire.booter.ForkedBooter.runSuitesInProcess(ForkedBooter.java:345)
	at org.apache.maven.surefire.booter.ForkedBooter.execute(ForkedBooter.java:126)
	at org.apache.maven.surefire.booter.ForkedBooter.main(ForkedBooter.java:418)
</error>
    <system-out><![CDATA[2019-07-14 04:35:17,468 WARN  server.ServerUtils (ServerUtils.java:getScmDbDir(145)) - ozone.scm.db.dirs is not configured. We recommend adding this setting. Falling back to ozone.metadata.dirs instead.
2019-07-14 04:35:17,572 WARN  server.ServerUtils (ServerUtils.java:getScmDbDir(145)) - ozone.scm.db.dirs is not configured. We recommend adding this setting. Falling back to ozone.metadata.dirs instead.
2019-07-14 04:35:17,575 WARN  server.ServerUtils (ServerUtils.java:getScmDbDir(145)) - ozone.scm.db.dirs is not configured. We recommend adding this setting. Falling back to ozone.metadata.dirs instead.
2019-07-14 04:35:17,591 INFO  util.log (Log.java:initialized(192)) - Logging initialized @883ms
2019-07-14 04:35:17,691 INFO  db.DBStoreBuilder (DBStoreBuilder.java:addTable(110)) - using custom profile for table: deletedBlocks
2019-07-14 04:35:17,692 INFO  db.DBStoreBuilder (DBStoreBuilder.java:processTables(161)) - Using default column profile:DBProfile.DISK for Table:deletedBlocks
2019-07-14 04:35:17,692 INFO  db.DBStoreBuilder (DBStoreBuilder.java:addTable(110)) - using custom profile for table: validCerts
2019-07-14 04:35:17,692 INFO  db.DBStoreBuilder (DBStoreBuilder.java:processTables(161)) - Using default column profile:DBProfile.DISK for Table:validCerts
2019-07-14 04:35:17,693 INFO  db.DBStoreBuilder (DBStoreBuilder.java:addTable(110)) - using custom profile for table: revokedCerts
2019-07-14 04:35:17,693 INFO  db.DBStoreBuilder (DBStoreBuilder.java:processTables(161)) - Using default column profile:DBProfile.DISK for Table:revokedCerts
2019-07-14 04:35:17,704 INFO  db.DBStoreBuilder (DBStoreBuilder.java:addTable(110)) - using custom profile for table: default
2019-07-14 04:35:17,704 INFO  db.DBStoreBuilder (DBStoreBuilder.java:processTables(167)) - Using default column profile:DBProfile.DISK for Table:default
2019-07-14 04:35:17,706 INFO  db.DBStoreBuilder (DBStoreBuilder.java:getDbProfile(198)) - Using default options. DBProfile.DISK
2019-07-14 04:35:17,881 INFO  net.NodeSchemaLoader (NodeSchemaLoader.java:loadSchemaFromFile(125)) - Loading file from sun.misc.CompoundEnumeration@7714e963
2019-07-14 04:35:17,886 INFO  net.NodeSchemaLoader (NodeSchemaLoader.java:loadSchema(171)) - Loading network topology layer schema file
2019-07-14 04:35:17,961 WARN  server.ServerUtils (ServerUtils.java:sanitizeUserArgs(70)) - ozone.scm.stale.node.interval value = 300000 is larger than max = 100000 based on the key value of ozone.scm.heartbeat.thread.interval, reset to the max value 100000.
2019-07-14 04:35:17,963 WARN  server.ServerUtils (ServerUtils.java:sanitizeUserArgs(70)) - ozone.scm.stale.node.interval value = 300000 is larger than max = 100000 based on the key value of ozone.scm.heartbeat.thread.interval, reset to the max value 100000.
2019-07-14 04:35:17,965 INFO  node.SCMNodeManager (SCMNodeManager.java:<init>(119)) - Entering startup safe mode.
2019-07-14 04:35:18,053 WARN  server.ServerUtils (ServerUtils.java:getScmDbDir(145)) - ozone.scm.db.dirs is not configured. We recommend adding this setting. Falling back to ozone.metadata.dirs instead.
2019-07-14 04:35:18,098 INFO  pipeline.SCMPipelineManager (SCMPipelineManager.java:initializePipelineState(126)) - No pipeline exists in current db
2019-07-14 04:35:18,100 WARN  server.ServerUtils (ServerUtils.java:getScmDbDir(145)) - ozone.scm.db.dirs is not configured. We recommend adding this setting. Falling back to ozone.metadata.dirs instead.
2019-07-14 04:35:18,200 WARN  events.EventQueue (EventQueue.java:fireEvent(175)) - No event handler registered for event TypedEvent{payloadType=SafeModeStatus, name='SafeModeStatus'}
2019-07-14 04:35:18,523 INFO  ipc.CallQueueManager (CallQueueManager.java:<init>(84)) - Using callQueue: class java.util.concurrent.LinkedBlockingQueue, queueCapacity: 2000, scheduler: class org.apache.hadoop.ipc.DefaultRpcScheduler, ipcBackoff: false.
2019-07-14 04:35:18,549 INFO  ipc.Server (Server.java:run(1074)) - Starting Socket Reader #1 for port 44710
2019-07-14 04:35:18,572 INFO  ipc.CallQueueManager (CallQueueManager.java:<init>(84)) - Using callQueue: class java.util.concurrent.LinkedBlockingQueue, queueCapacity: 2000, scheduler: class org.apache.hadoop.ipc.DefaultRpcScheduler, ipcBackoff: false.
2019-07-14 04:35:18,573 INFO  ipc.Server (Server.java:run(1074)) - Starting Socket Reader #1 for port 41386
2019-07-14 04:35:18,579 INFO  ipc.CallQueueManager (CallQueueManager.java:<init>(84)) - Using callQueue: class java.util.concurrent.LinkedBlockingQueue, queueCapacity: 2000, scheduler: class org.apache.hadoop.ipc.DefaultRpcScheduler, ipcBackoff: false.
2019-07-14 04:35:18,580 INFO  ipc.Server (Server.java:run(1074)) - Starting Socket Reader #1 for port 36748
2019-07-14 04:35:18,706 INFO  hdfs.DFSUtil (DFSUtil.java:httpServerTemplateForNNAndJN(1641)) - Starting Web-server for scm at: http://0.0.0.0:0
2019-07-14 04:35:18,856 INFO  server.AuthenticationFilter (AuthenticationFilter.java:constructSecretProvider(240)) - Unable to initialize FileSignerSecretProvider, falling back to use random secrets.
2019-07-14 04:35:18,864 WARN  http.HttpRequestLog (HttpRequestLog.java:getRequestLog(97)) - Jetty request log can only be enabled using Log4j
2019-07-14 04:35:18,872 INFO  http.HttpServer2 (HttpServer2.java:addGlobalFilter(975)) - Added global filter 'safety' (class=org.apache.hadoop.http.HttpServer2$QuotingInputFilter)
2019-07-14 04:35:18,875 INFO  http.HttpServer2 (HttpServer2.java:addFilter(948)) - Added filter static_user_filter (class=org.apache.hadoop.http.lib.StaticUserWebFilter$StaticUserFilter) to context scm
2019-07-14 04:35:18,875 INFO  http.HttpServer2 (HttpServer2.java:addFilter(958)) - Added filter static_user_filter (class=org.apache.hadoop.http.lib.StaticUserWebFilter$StaticUserFilter) to context static
2019-07-14 04:35:18,875 INFO  http.HttpServer2 (HttpServer2.java:addFilter(958)) - Added filter static_user_filter (class=org.apache.hadoop.http.lib.StaticUserWebFilter$StaticUserFilter) to context logs
2019-07-14 04:35:18,903 INFO  server.StorageContainerManager (StorageContainerManager.java:start(759)) - StorageContainerLocationProtocol RPC server is listening at /0.0.0.0:36748
2019-07-14 04:35:18,973 WARN  impl.MetricsConfig (MetricsConfig.java:loadFirst(134)) - Cannot locate configuration: tried hadoop-metrics2-storagecontainermanager.properties,hadoop-metrics2.properties
2019-07-14 04:35:18,992 INFO  impl.MetricsSystemImpl (MetricsSystemImpl.java:startTimer(374)) - Scheduled Metric snapshot period at 10 second(s).
2019-07-14 04:35:18,993 INFO  impl.MetricsSystemImpl (MetricsSystemImpl.java:start(191)) - StorageContainerManager metrics system started
2019-07-14 04:35:19,267 INFO  server.SCMClientProtocolServer (SCMClientProtocolServer.java:start(149)) - RPC server for Client  is listening at /0.0.0.0:36748
2019-07-14 04:35:19,268 INFO  ipc.Server (Server.java:run(1314)) - IPC Server Responder: starting
2019-07-14 04:35:19,268 INFO  ipc.Server (Server.java:run(1153)) - IPC Server listener on 36748: starting
2019-07-14 04:35:19,273 INFO  server.StorageContainerManager (StorageContainerManager.java:start(768)) - ScmBlockLocationProtocol RPC server is listening at /0.0.0.0:41386
2019-07-14 04:35:19,273 INFO  server.SCMBlockProtocolServer (SCMBlockProtocolServer.java:start(140)) - RPC server for Block Protocol is listening at /0.0.0.0:41386
2019-07-14 04:35:19,274 INFO  ipc.Server (Server.java:run(1314)) - IPC Server Responder: starting
2019-07-14 04:35:19,274 INFO  ipc.Server (Server.java:run(1153)) - IPC Server listener on 41386: starting
2019-07-14 04:35:19,281 INFO  server.StorageContainerManager (StorageContainerManager.java:start(772)) - ScmDatanodeProtocl RPC server is listening at /0.0.0.0:44710
2019-07-14 04:35:19,282 INFO  server.SCMDatanodeProtocolServer (SCMDatanodeProtocolServer.java:start(191)) - RPC server for DataNodes is listening at /0.0.0.0:44710
2019-07-14 04:35:19,283 INFO  ipc.Server (Server.java:run(1314)) - IPC Server Responder: starting
2019-07-14 04:35:19,284 INFO  ipc.Server (Server.java:run(1153)) - IPC Server listener on 44710: starting
2019-07-14 04:35:19,297 INFO  http.HttpServer2 (HttpServer2.java:bindListener(1191)) - Jetty bound to port 46875
2019-07-14 04:35:19,299 INFO  server.Server (Server.java:doStart(351)) - jetty-9.3.24.v20180605, build timestamp: 2018-06-05T17:11:56Z, git hash: 84205aa28f11a4f31f2a3b86d1bba2cc8ab69827
2019-07-14 04:35:19,345 INFO  handler.ContextHandler (ContextHandler.java:doStart(781)) - Started o.e.j.s.ServletContextHandler@6bbe2511{/logs,file:///tmp/workdir/hadoop-ozone/integration-test/target/log,AVAILABLE}
2019-07-14 04:35:19,346 INFO  handler.ContextHandler (ContextHandler.java:doStart(781)) - Started o.e.j.s.ServletContextHandler@76012793{/static,file:///tmp/workdir/hadoop-ozone/integration-test/target/test-classes/webapps/static,AVAILABLE}
2019-07-14 04:35:19,380 INFO  handler.ContextHandler (ContextHandler.java:doStart(781)) - Started o.e.j.w.WebAppContext@6a1d204a{/,file:///tmp/workdir/hadoop-ozone/integration-test/target/test-classes/webapps/scm/,AVAILABLE}{/scm}
2019-07-14 04:35:19,385 INFO  server.AbstractConnector (AbstractConnector.java:doStart(278)) - Started ServerConnector@9d157ff{HTTP/1.1,[http/1.1]}{0.0.0.0:46875}
2019-07-14 04:35:19,385 INFO  server.Server (Server.java:doStart(419)) - Started @2677ms
2019-07-14 04:35:19,386 INFO  server.BaseHttpServer (BaseHttpServer.java:updateConnectorAddress(207)) - HTTP server of SCM is listening at http://0.0.0.0:46875
2019-07-14 04:35:19,396 INFO  util.JvmPauseMonitor (JvmPauseMonitor.java:run(188)) - Starting JVM pause monitor
2019-07-14 04:35:19,398 WARN  server.ServerUtils (ServerUtils.java:getDBPath(222)) - ozone.om.db.dirs is not configured. We recommend adding this setting. Falling back to ozone.metadata.dirs instead.
2019-07-14 04:35:19,515 WARN  server.ServerUtils (ServerUtils.java:getDBPath(222)) - ozone.om.db.dirs is not configured. We recommend adding this setting. Falling back to ozone.metadata.dirs instead.
2019-07-14 04:35:19,516 INFO  om.OzoneManager (OzoneManager.java:setOMNodeDetails(630)) - OM Service ID is not set. Setting it to the default ID: omServiceIdDefault
2019-07-14 04:35:19,516 INFO  om.OzoneManager (OzoneManager.java:setOMNodeDetails(636)) - OM Node ID is not set. Setting it to the OmStorage's OmID: 9c5a68ba-b8c4-4cbf-86fa-ac29289f0eb0
2019-07-14 04:35:19,517 INFO  om.OzoneManager (OzoneManager.java:loadOMHAConfigs(587)) - Found matching OM address with OMServiceId: null, OMNodeId: null, RPC Address: localhost:0 and Ratis port: 9872
2019-07-14 04:35:19,829 WARN  server.ServerUtils (ServerUtils.java:getDBPath(222)) - ozone.om.db.dirs is not configured. We recommend adding this setting. Falling back to ozone.metadata.dirs instead.
2019-07-14 04:35:19,841 INFO  db.DBStoreBuilder (DBStoreBuilder.java:addTable(110)) - using custom profile for table: userTable
2019-07-14 04:35:19,842 INFO  db.DBStoreBuilder (DBStoreBuilder.java:processTables(161)) - Using default column profile:DBProfile.DISK for Table:userTable
2019-07-14 04:35:19,842 INFO  db.DBStoreBuilder (DBStoreBuilder.java:addTable(110)) - using custom profile for table: volumeTable
2019-07-14 04:35:19,843 INFO  db.DBStoreBuilder (DBStoreBuilder.java:processTables(161)) - Using default column profile:DBProfile.DISK for Table:volumeTable
2019-07-14 04:35:19,843 INFO  db.DBStoreBuilder (DBStoreBuilder.java:addTable(110)) - using custom profile for table: bucketTable
2019-07-14 04:35:19,843 INFO  db.DBStoreBuilder (DBStoreBuilder.java:processTables(161)) - Using default column profile:DBProfile.DISK for Table:bucketTable
2019-07-14 04:35:19,844 INFO  db.DBStoreBuilder (DBStoreBuilder.java:addTable(110)) - using custom profile for table: keyTable
2019-07-14 04:35:19,844 INFO  db.DBStoreBuilder (DBStoreBuilder.java:processTables(161)) - Using default column profile:DBProfile.DISK for Table:keyTable
2019-07-14 04:35:19,845 INFO  db.DBStoreBuilder (DBStoreBuilder.java:addTable(110)) - using custom profile for table: deletedTable
2019-07-14 04:35:19,845 INFO  db.DBStoreBuilder (DBStoreBuilder.java:processTables(161)) - Using default column profile:DBProfile.DISK for Table:deletedTable
2019-07-14 04:35:19,845 INFO  db.DBStoreBuilder (DBStoreBuilder.java:addTable(110)) - using custom profile for table: openKeyTable
2019-07-14 04:35:19,846 INFO  db.DBStoreBuilder (DBStoreBuilder.java:processTables(161)) - Using default column profile:DBProfile.DISK for Table:openKeyTable
2019-07-14 04:35:19,846 INFO  db.DBStoreBuilder (DBStoreBuilder.java:addTable(110)) - using custom profile for table: s3Table
2019-07-14 04:35:19,846 INFO  db.DBStoreBuilder (DBStoreBuilder.java:processTables(161)) - Using default column profile:DBProfile.DISK for Table:s3Table
2019-07-14 04:35:19,847 INFO  db.DBStoreBuilder (DBStoreBuilder.java:addTable(110)) - using custom profile for table: multipartInfoTable
2019-07-14 04:35:19,847 INFO  db.DBStoreBuilder (DBStoreBuilder.java:processTables(161)) - Using default column profile:DBProfile.DISK for Table:multipartInfoTable
2019-07-14 04:35:19,848 INFO  db.DBStoreBuilder (DBStoreBuilder.java:addTable(110)) - using custom profile for table: dTokenTable
2019-07-14 04:35:19,848 INFO  db.DBStoreBuilder (DBStoreBuilder.java:processTables(161)) - Using default column profile:DBProfile.DISK for Table:dTokenTable
2019-07-14 04:35:19,849 INFO  db.DBStoreBuilder (DBStoreBuilder.java:addTable(110)) - using custom profile for table: s3SecretTable
2019-07-14 04:35:19,849 INFO  db.DBStoreBuilder (DBStoreBuilder.java:processTables(161)) - Using default column profile:DBProfile.DISK for Table:s3SecretTable
2019-07-14 04:35:19,850 INFO  db.DBStoreBuilder (DBStoreBuilder.java:addTable(110)) - using custom profile for table: prefixTable
2019-07-14 04:35:19,850 INFO  db.DBStoreBuilder (DBStoreBuilder.java:processTables(161)) - Using default column profile:DBProfile.DISK for Table:prefixTable
2019-07-14 04:35:19,851 INFO  db.DBStoreBuilder (DBStoreBuilder.java:addTable(110)) - using custom profile for table: default
2019-07-14 04:35:19,851 INFO  db.DBStoreBuilder (DBStoreBuilder.java:processTables(167)) - Using default column profile:DBProfile.DISK for Table:default
2019-07-14 04:35:19,851 INFO  db.DBStoreBuilder (DBStoreBuilder.java:getDbProfile(198)) - Using default options. DBProfile.DISK
2019-07-14 04:35:20,634 INFO  ipc.CallQueueManager (CallQueueManager.java:<init>(84)) - Using callQueue: class java.util.concurrent.LinkedBlockingQueue, queueCapacity: 2000, scheduler: class org.apache.hadoop.ipc.DefaultRpcScheduler, ipcBackoff: false.
2019-07-14 04:35:20,635 INFO  ipc.Server (Server.java:run(1074)) - Starting Socket Reader #1 for port 45217
2019-07-14 04:35:20,677 WARN  server.ServerUtils (ServerUtils.java:getDBPath(222)) - ozone.om.db.dirs is not configured. We recommend adding this setting. Falling back to ozone.metadata.dirs instead.
2019-07-14 04:35:20,678 INFO  om.OzoneManager (OzoneManager.java:start(1228)) - OzoneManager RPC server is listening at localhost/127.0.0.1:45217
2019-07-14 04:35:20,678 INFO  impl.MetricsSystemImpl (MetricsSystemImpl.java:init(158)) - OzoneManager metrics system started (again)
2019-07-14 04:35:20,681 INFO  ipc.Server (Server.java:run(1153)) - IPC Server listener on 45217: starting
2019-07-14 04:35:20,682 INFO  ipc.Server (Server.java:run(1314)) - IPC Server Responder: starting
2019-07-14 04:35:20,695 INFO  hdfs.DFSUtil (DFSUtil.java:httpServerTemplateForNNAndJN(1641)) - Starting Web-server for ozoneManager at: http://0.0.0.0:0
2019-07-14 04:35:20,697 INFO  server.AuthenticationFilter (AuthenticationFilter.java:constructSecretProvider(240)) - Unable to initialize FileSignerSecretProvider, falling back to use random secrets.
2019-07-14 04:35:20,698 WARN  http.HttpRequestLog (HttpRequestLog.java:getRequestLog(97)) - Jetty request log can only be enabled using Log4j
2019-07-14 04:35:20,701 INFO  http.HttpServer2 (HttpServer2.java:addGlobalFilter(975)) - Added global filter 'safety' (class=org.apache.hadoop.http.HttpServer2$QuotingInputFilter)
2019-07-14 04:35:20,702 INFO  http.HttpServer2 (HttpServer2.java:addFilter(948)) - Added filter static_user_filter (class=org.apache.hadoop.http.lib.StaticUserWebFilter$StaticUserFilter) to context ozoneManager
2019-07-14 04:35:20,702 INFO  http.HttpServer2 (HttpServer2.java:addFilter(958)) - Added filter static_user_filter (class=org.apache.hadoop.http.lib.StaticUserWebFilter$StaticUserFilter) to context logs
2019-07-14 04:35:20,703 INFO  http.HttpServer2 (HttpServer2.java:addFilter(958)) - Added filter static_user_filter (class=org.apache.hadoop.http.lib.StaticUserWebFilter$StaticUserFilter) to context static
2019-07-14 04:35:20,705 INFO  http.HttpServer2 (HttpServer2.java:bindListener(1191)) - Jetty bound to port 41175
2019-07-14 04:35:20,706 INFO  server.Server (Server.java:doStart(351)) - jetty-9.3.24.v20180605, build timestamp: 2018-06-05T17:11:56Z, git hash: 84205aa28f11a4f31f2a3b86d1bba2cc8ab69827
2019-07-14 04:35:20,708 INFO  handler.ContextHandler (ContextHandler.java:doStart(781)) - Started o.e.j.s.ServletContextHandler@3e134896{/logs,file:///tmp/workdir/hadoop-ozone/integration-test/target/log,AVAILABLE}
2019-07-14 04:35:20,709 INFO  handler.ContextHandler (ContextHandler.java:doStart(781)) - Started o.e.j.s.ServletContextHandler@2e3a5237{/static,file:///tmp/workdir/hadoop-ozone/integration-test/target/test-classes/webapps/static,AVAILABLE}
2019-07-14 04:35:20,715 INFO  handler.ContextHandler (ContextHandler.java:doStart(781)) - Started o.e.j.w.WebAppContext@5b78fdb1{/,file:///tmp/workdir/hadoop-ozone/integration-test/target/test-classes/webapps/ozoneManager/,AVAILABLE}{/ozoneManager}
2019-07-14 04:35:20,716 INFO  server.AbstractConnector (AbstractConnector.java:doStart(278)) - Started ServerConnector@48bfb884{HTTP/1.1,[http/1.1]}{0.0.0.0:41175}
2019-07-14 04:35:20,716 INFO  server.Server (Server.java:doStart(419)) - Started @4008ms
2019-07-14 04:35:20,717 INFO  server.BaseHttpServer (BaseHttpServer.java:updateConnectorAddress(207)) - HTTP server of OZONEMANAGER is listening at http://0.0.0.0:41175
2019-07-14 04:35:21,012 INFO  impl.MetricsSystemImpl (MetricsSystemImpl.java:init(158)) - HddsDatanode metrics system started (again)
2019-07-14 04:35:21,097 INFO  ozone.HddsDatanodeService (HddsDatanodeService.java:start(185)) - HddsDatanodeService host:trunk-nightly-6h29n-2077950039 ip:192.168.5.157
2019-07-14 04:35:21,132 INFO  volume.HddsVolume (HddsVolume.java:<init>(176)) - Creating Volume: /tmp/workdir/hadoop-ozone/integration-test/target/test-dir/MiniOzoneClusterImpl-e405d3e1-866f-49a9-9535-2d6e1521d247/datanode-0/data/containers/hdds of  storage type : DISK and capacity : 52710309888
2019-07-14 04:35:21,134 INFO  volume.VolumeSet (VolumeSet.java:initializeVolumeSet(170)) - Added Volume : /tmp/workdir/hadoop-ozone/integration-test/target/test-dir/MiniOzoneClusterImpl-e405d3e1-866f-49a9-9535-2d6e1521d247/datanode-0/data/containers/hdds to VolumeSet
2019-07-14 04:35:21,137 INFO  volume.ThrottledAsyncChecker (ThrottledAsyncChecker.java:schedule(140)) - Scheduling a check for org.apache.hadoop.ozone.container.common.volume.HddsVolume@57d0fc89
2019-07-14 04:35:21,155 INFO  volume.HddsVolumeChecker (HddsVolumeChecker.java:checkAllVolumes(203)) - Scheduled health check for volume org.apache.hadoop.ozone.container.common.volume.HddsVolume@57d0fc89
2019-07-14 04:35:21,281 INFO  impl.RaftServerProxy (ConfUtils.java:logGet(43)) - raft.rpc.type = GRPC (default)
2019-07-14 04:35:21,350 INFO  grpc.GrpcFactory (GrpcFactory.java:checkPooledByteBufAllocatorUseCacheForAllThreads(45)) - PERFORMANCE WARNING: useCacheForAllThreads is true that may cause Netty to create a lot garbage objects and, as a result, trigger GC.
	It is recommended to disable useCacheForAllThreads by setting -Dorg.apache.ratis.thirdparty.io.netty.allocator.useCacheForAllThreads=false in command line.
2019-07-14 04:35:21,355 INFO  grpc.GrpcConfigKeys$Server (ConfUtils.java:logGet(43)) - raft.grpc.server.port = 0 (default)
2019-07-14 04:35:21,356 INFO  server.GrpcService (ConfUtils.java:logGet(43)) - raft.grpc.message.size.max = 33570816 (custom)
2019-07-14 04:35:21,357 INFO  server.RaftServerConfigKeys (ConfUtils.java:logGet(43)) - raft.server.log.appender.buffer.byte-limit = 33554432 (custom)
2019-07-14 04:35:21,358 INFO  server.GrpcService (ConfUtils.java:logGet(43)) - raft.grpc.flow.control.window = 1MB (=1048576) (default)
2019-07-14 04:35:21,359 INFO  server.RaftServerConfigKeys (ConfUtils.java:logGet(43)) - raft.server.rpc.request.timeout = 3000ms (default)
2019-07-14 04:35:21,513 INFO  server.RaftServerConfigKeys (ConfUtils.java:logGet(43)) - raft.server.storage.dir = [/tmp/workdir/hadoop-ozone/integration-test/target/test-dir/MiniOzoneClusterImpl-e405d3e1-866f-49a9-9535-2d6e1521d247/datanode-0/data/ratis] (custom)
2019-07-14 04:35:21,549 INFO  replication.SimpleContainerDownloader (SimpleContainerDownloader.java:<init>(72)) - Starting container downloader service to copy containers to replicate.
2019-07-14 04:35:21,574 INFO  hdfs.DFSUtil (DFSUtil.java:httpServerTemplateForNNAndJN(1641)) - Starting Web-server for hddsDatanode at: http://0.0.0.0:0
2019-07-14 04:35:21,578 INFO  server.AuthenticationFilter (AuthenticationFilter.java:constructSecretProvider(240)) - Unable to initialize FileSignerSecretProvider, falling back to use random secrets.
2019-07-14 04:35:21,579 WARN  http.HttpRequestLog (HttpRequestLog.java:getRequestLog(97)) - Jetty request log can only be enabled using Log4j
2019-07-14 04:35:21,581 INFO  http.HttpServer2 (HttpServer2.java:addGlobalFilter(975)) - Added global filter 'safety' (class=org.apache.hadoop.http.HttpServer2$QuotingInputFilter)
2019-07-14 04:35:21,582 INFO  http.HttpServer2 (HttpServer2.java:addFilter(948)) - Added filter static_user_filter (class=org.apache.hadoop.http.lib.StaticUserWebFilter$StaticUserFilter) to context hddsDatanode
2019-07-14 04:35:21,583 INFO  http.HttpServer2 (HttpServer2.java:addFilter(958)) - Added filter static_user_filter (class=org.apache.hadoop.http.lib.StaticUserWebFilter$StaticUserFilter) to context static
2019-07-14 04:35:21,583 INFO  http.HttpServer2 (HttpServer2.java:addFilter(958)) - Added filter static_user_filter (class=org.apache.hadoop.http.lib.StaticUserWebFilter$StaticUserFilter) to context logs
2019-07-14 04:35:21,585 INFO  http.HttpServer2 (HttpServer2.java:bindListener(1191)) - Jetty bound to port 45074
2019-07-14 04:35:21,585 INFO  server.Server (Server.java:doStart(351)) - jetty-9.3.24.v20180605, build timestamp: 2018-06-05T17:11:56Z, git hash: 84205aa28f11a4f31f2a3b86d1bba2cc8ab69827
2019-07-14 04:35:21,588 INFO  handler.ContextHandler (ContextHandler.java:doStart(781)) - Started o.e.j.s.ServletContextHandler@71978f46{/logs,file:///tmp/workdir/hadoop-ozone/integration-test/target/log,AVAILABLE}
2019-07-14 04:35:21,588 INFO  handler.ContextHandler (ContextHandler.java:doStart(781)) - Started o.e.j.s.ServletContextHandler@1d23ff23{/static,jar:file:/home/user/.m2/repository/org/apache/hadoop/hadoop-hdds-container-service/0.5.0-SNAPSHOT/hadoop-hdds-container-service-0.5.0-SNAPSHOT.jar!/webapps/static,AVAILABLE}
2019-07-14 04:35:21,625 INFO  handler.ContextHandler (ContextHandler.java:doStart(781)) - Started o.e.j.w.WebAppContext@2def7a7a{/,file:///tmp/jetty-0.0.0.0-45074-hddsDatanode-_-any-1646211421721814617.dir/webapp/,AVAILABLE}{/hddsDatanode}
2019-07-14 04:35:21,625 INFO  server.AbstractConnector (AbstractConnector.java:doStart(278)) - Started ServerConnector@24e83d19{HTTP/1.1,[http/1.1]}{0.0.0.0:45074}
2019-07-14 04:35:21,629 INFO  server.Server (Server.java:doStart(419)) - Started @4921ms
2019-07-14 04:35:21,630 INFO  server.BaseHttpServer (BaseHttpServer.java:updateConnectorAddress(207)) - HTTP server of HDDSDATANODE is listening at http://0.0.0.0:45074
2019-07-14 04:35:22,702 INFO  ozone.HddsDatanodeService (HddsDatanodeService.java:startPlugins(396)) - Started plug-in org.apache.hadoop.ozone.web.OzoneHddsDatanodeService@13803a94
2019-07-14 04:35:22,705 INFO  impl.MetricsSystemImpl (MetricsSystemImpl.java:init(158)) - HddsDatanode metrics system started (again)
2019-07-14 04:35:22,706 INFO  ozone.HddsDatanodeService (HddsDatanodeService.java:start(185)) - HddsDatanodeService host:trunk-nightly-6h29n-2077950039 ip:192.168.5.157
2019-07-14 04:35:22,712 INFO  util.JvmPauseMonitor (JvmPauseMonitor.java:run(188)) - Starting JVM pause monitor
2019-07-14 04:35:22,717 INFO  volume.HddsVolume (HddsVolume.java:<init>(176)) - Creating Volume: /tmp/workdir/hadoop-ozone/integration-test/target/test-dir/MiniOzoneClusterImpl-e405d3e1-866f-49a9-9535-2d6e1521d247/datanode-1/data/containers/hdds of  storage type : DISK and capacity : 52710309888
2019-07-14 04:35:22,718 INFO  volume.VolumeSet (VolumeSet.java:initializeVolumeSet(170)) - Added Volume : /tmp/workdir/hadoop-ozone/integration-test/target/test-dir/MiniOzoneClusterImpl-e405d3e1-866f-49a9-9535-2d6e1521d247/datanode-1/data/containers/hdds to VolumeSet
2019-07-14 04:35:22,718 INFO  volume.ThrottledAsyncChecker (ThrottledAsyncChecker.java:schedule(140)) - Scheduling a check for org.apache.hadoop.ozone.container.common.volume.HddsVolume@25b38203
2019-07-14 04:35:22,719 INFO  volume.HddsVolumeChecker (HddsVolumeChecker.java:checkAllVolumes(203)) - Scheduled health check for volume org.apache.hadoop.ozone.container.common.volume.HddsVolume@25b38203
2019-07-14 04:35:22,739 INFO  impl.RaftServerProxy (ConfUtils.java:logGet(43)) - raft.rpc.type = GRPC (default)
2019-07-14 04:35:22,739 INFO  grpc.GrpcFactory (GrpcFactory.java:checkPooledByteBufAllocatorUseCacheForAllThreads(45)) - PERFORMANCE WARNING: useCacheForAllThreads is true that may cause Netty to create a lot garbage objects and, as a result, trigger GC.
	It is recommended to disable useCacheForAllThreads by setting -Dorg.apache.ratis.thirdparty.io.netty.allocator.useCacheForAllThreads=false in command line.
2019-07-14 04:35:22,739 INFO  grpc.GrpcConfigKeys$Server (ConfUtils.java:logGet(43)) - raft.grpc.server.port = 0 (default)
2019-07-14 04:35:22,740 INFO  server.GrpcService (ConfUtils.java:logGet(43)) - raft.grpc.message.size.max = 33570816 (custom)
2019-07-14 04:35:22,740 INFO  server.RaftServerConfigKeys (ConfUtils.java:logGet(43)) - raft.server.log.appender.buffer.byte-limit = 33554432 (custom)
2019-07-14 04:35:22,740 INFO  server.GrpcService (ConfUtils.java:logGet(43)) - raft.grpc.flow.control.window = 1MB (=1048576) (default)
2019-07-14 04:35:22,740 INFO  server.RaftServerConfigKeys (ConfUtils.java:logGet(43)) - raft.server.rpc.request.timeout = 3000ms (default)
2019-07-14 04:35:22,741 INFO  server.RaftServerConfigKeys (ConfUtils.java:logGet(43)) - raft.server.storage.dir = [/tmp/workdir/hadoop-ozone/integration-test/target/test-dir/MiniOzoneClusterImpl-e405d3e1-866f-49a9-9535-2d6e1521d247/datanode-1/data/ratis] (custom)
2019-07-14 04:35:22,742 INFO  replication.SimpleContainerDownloader (SimpleContainerDownloader.java:<init>(72)) - Starting container downloader service to copy containers to replicate.
2019-07-14 04:35:22,743 INFO  hdfs.DFSUtil (DFSUtil.java:httpServerTemplateForNNAndJN(1641)) - Starting Web-server for hddsDatanode at: http://0.0.0.0:0
2019-07-14 04:35:22,745 INFO  server.AuthenticationFilter (AuthenticationFilter.java:constructSecretProvider(240)) - Unable to initialize FileSignerSecretProvider, falling back to use random secrets.
2019-07-14 04:35:22,747 WARN  http.HttpRequestLog (HttpRequestLog.java:getRequestLog(97)) - Jetty request log can only be enabled using Log4j
2019-07-14 04:35:22,750 INFO  http.HttpServer2 (HttpServer2.java:addGlobalFilter(975)) - Added global filter 'safety' (class=org.apache.hadoop.http.HttpServer2$QuotingInputFilter)
2019-07-14 04:35:22,751 INFO  http.HttpServer2 (HttpServer2.java:addFilter(948)) - Added filter static_user_filter (class=org.apache.hadoop.http.lib.StaticUserWebFilter$StaticUserFilter) to context hddsDatanode
2019-07-14 04:35:22,752 INFO  http.HttpServer2 (HttpServer2.java:addFilter(958)) - Added filter static_user_filter (class=org.apache.hadoop.http.lib.StaticUserWebFilter$StaticUserFilter) to context static
2019-07-14 04:35:22,752 INFO  http.HttpServer2 (HttpServer2.java:addFilter(958)) - Added filter static_user_filter (class=org.apache.hadoop.http.lib.StaticUserWebFilter$StaticUserFilter) to context logs
2019-07-14 04:35:22,753 INFO  http.HttpServer2 (HttpServer2.java:bindListener(1191)) - Jetty bound to port 45204
2019-07-14 04:35:22,754 INFO  server.Server (Server.java:doStart(351)) - jetty-9.3.24.v20180605, build timestamp: 2018-06-05T17:11:56Z, git hash: 84205aa28f11a4f31f2a3b86d1bba2cc8ab69827
2019-07-14 04:35:22,757 INFO  handler.ContextHandler (ContextHandler.java:doStart(781)) - Started o.e.j.s.ServletContextHandler@623e0631{/logs,file:///tmp/workdir/hadoop-ozone/integration-test/target/log,AVAILABLE}
2019-07-14 04:35:22,757 INFO  handler.ContextHandler (ContextHandler.java:doStart(781)) - Started o.e.j.s.ServletContextHandler@385dfb63{/static,jar:file:/home/user/.m2/repository/org/apache/hadoop/hadoop-hdds-container-service/0.5.0-SNAPSHOT/hadoop-hdds-container-service-0.5.0-SNAPSHOT.jar!/webapps/static,AVAILABLE}
2019-07-14 04:35:22,801 INFO  handler.ContextHandler (ContextHandler.java:doStart(781)) - Started o.e.j.w.WebAppContext@4e8b357d{/,file:///tmp/jetty-0.0.0.0-45204-hddsDatanode-_-any-171977345062480785.dir/webapp/,AVAILABLE}{/hddsDatanode}
2019-07-14 04:35:22,802 INFO  server.AbstractConnector (AbstractConnector.java:doStart(278)) - Started ServerConnector@2e1eb85f{HTTP/1.1,[http/1.1]}{0.0.0.0:45204}
2019-07-14 04:35:22,803 INFO  server.Server (Server.java:doStart(419)) - Started @6094ms
2019-07-14 04:35:22,804 INFO  server.BaseHttpServer (BaseHttpServer.java:updateConnectorAddress(207)) - HTTP server of HDDSDATANODE is listening at http://0.0.0.0:45204
2019-07-14 04:35:22,845 INFO  datanode.InitDatanodeState (InitDatanodeState.java:persistContainerDatanodeDetails(140)) - DatanodeDetails is persisted to /tmp/workdir/hadoop-ozone/integration-test/target/test-dir/MiniOzoneClusterImpl-e405d3e1-866f-49a9-9535-2d6e1521d247/datanode-0/meta/datanode.id
2019-07-14 04:35:22,957 INFO  ozone.HddsDatanodeService (HddsDatanodeService.java:startPlugins(396)) - Started plug-in org.apache.hadoop.ozone.web.OzoneHddsDatanodeService@35eee641
2019-07-14 04:35:22,958 INFO  impl.MetricsSystemImpl (MetricsSystemImpl.java:init(158)) - HddsDatanode metrics system started (again)
2019-07-14 04:35:22,959 INFO  ozone.HddsDatanodeService (HddsDatanodeService.java:start(185)) - HddsDatanodeService host:trunk-nightly-6h29n-2077950039 ip:192.168.5.157
2019-07-14 04:35:22,961 INFO  util.JvmPauseMonitor (JvmPauseMonitor.java:run(188)) - Starting JVM pause monitor
2019-07-14 04:35:22,971 INFO  volume.HddsVolume (HddsVolume.java:<init>(176)) - Creating Volume: /tmp/workdir/hadoop-ozone/integration-test/target/test-dir/MiniOzoneClusterImpl-e405d3e1-866f-49a9-9535-2d6e1521d247/datanode-2/data/containers/hdds of  storage type : DISK and capacity : 52710309888
2019-07-14 04:35:22,971 INFO  volume.VolumeSet (VolumeSet.java:initializeVolumeSet(170)) - Added Volume : /tmp/workdir/hadoop-ozone/integration-test/target/test-dir/MiniOzoneClusterImpl-e405d3e1-866f-49a9-9535-2d6e1521d247/datanode-2/data/containers/hdds to VolumeSet
2019-07-14 04:35:22,971 INFO  volume.ThrottledAsyncChecker (ThrottledAsyncChecker.java:schedule(140)) - Scheduling a check for org.apache.hadoop.ozone.container.common.volume.HddsVolume@b5b9333
2019-07-14 04:35:22,972 INFO  volume.HddsVolumeChecker (HddsVolumeChecker.java:checkAllVolumes(203)) - Scheduled health check for volume org.apache.hadoop.ozone.container.common.volume.HddsVolume@b5b9333
2019-07-14 04:35:22,973 INFO  datanode.InitDatanodeState (InitDatanodeState.java:persistContainerDatanodeDetails(140)) - DatanodeDetails is persisted to /tmp/workdir/hadoop-ozone/integration-test/target/test-dir/MiniOzoneClusterImpl-e405d3e1-866f-49a9-9535-2d6e1521d247/datanode-1/meta/datanode.id
2019-07-14 04:35:22,987 INFO  impl.RaftServerProxy (ConfUtils.java:logGet(43)) - raft.rpc.type = GRPC (default)
2019-07-14 04:35:22,988 INFO  grpc.GrpcFactory (GrpcFactory.java:checkPooledByteBufAllocatorUseCacheForAllThreads(45)) - PERFORMANCE WARNING: useCacheForAllThreads is true that may cause Netty to create a lot garbage objects and, as a result, trigger GC.
	It is recommended to disable useCacheForAllThreads by setting -Dorg.apache.ratis.thirdparty.io.netty.allocator.useCacheForAllThreads=false in command line.
2019-07-14 04:35:22,988 INFO  grpc.GrpcConfigKeys$Server (ConfUtils.java:logGet(43)) - raft.grpc.server.port = 0 (default)
2019-07-14 04:35:22,988 INFO  server.GrpcService (ConfUtils.java:logGet(43)) - raft.grpc.message.size.max = 33570816 (custom)
2019-07-14 04:35:22,988 INFO  server.RaftServerConfigKeys (ConfUtils.java:logGet(43)) - raft.server.log.appender.buffer.byte-limit = 33554432 (custom)
2019-07-14 04:35:22,989 INFO  server.GrpcService (ConfUtils.java:logGet(43)) - raft.grpc.flow.control.window = 1MB (=1048576) (default)
2019-07-14 04:35:22,989 INFO  server.RaftServerConfigKeys (ConfUtils.java:logGet(43)) - raft.server.rpc.request.timeout = 3000ms (default)
2019-07-14 04:35:22,989 INFO  server.RaftServerConfigKeys (ConfUtils.java:logGet(43)) - raft.server.storage.dir = [/tmp/workdir/hadoop-ozone/integration-test/target/test-dir/MiniOzoneClusterImpl-e405d3e1-866f-49a9-9535-2d6e1521d247/datanode-2/data/ratis] (custom)
2019-07-14 04:35:22,990 INFO  replication.SimpleContainerDownloader (SimpleContainerDownloader.java:<init>(72)) - Starting container downloader service to copy containers to replicate.
2019-07-14 04:35:22,993 INFO  hdfs.DFSUtil (DFSUtil.java:httpServerTemplateForNNAndJN(1641)) - Starting Web-server for hddsDatanode at: http://0.0.0.0:0
2019-07-14 04:35:22,995 INFO  server.AuthenticationFilter (AuthenticationFilter.java:constructSecretProvider(240)) - Unable to initialize FileSignerSecretProvider, falling back to use random secrets.
2019-07-14 04:35:22,995 WARN  http.HttpRequestLog (HttpRequestLog.java:getRequestLog(97)) - Jetty request log can only be enabled using Log4j
2019-07-14 04:35:22,998 INFO  http.HttpServer2 (HttpServer2.java:addGlobalFilter(975)) - Added global filter 'safety' (class=org.apache.hadoop.http.HttpServer2$QuotingInputFilter)
2019-07-14 04:35:22,999 INFO  http.HttpServer2 (HttpServer2.java:addFilter(948)) - Added filter static_user_filter (class=org.apache.hadoop.http.lib.StaticUserWebFilter$StaticUserFilter) to context hddsDatanode
2019-07-14 04:35:22,999 INFO  http.HttpServer2 (HttpServer2.java:addFilter(958)) - Added filter static_user_filter (class=org.apache.hadoop.http.lib.StaticUserWebFilter$StaticUserFilter) to context static
2019-07-14 04:35:22,999 INFO  http.HttpServer2 (HttpServer2.java:addFilter(958)) - Added filter static_user_filter (class=org.apache.hadoop.http.lib.StaticUserWebFilter$StaticUserFilter) to context logs
2019-07-14 04:35:23,000 INFO  http.HttpServer2 (HttpServer2.java:bindListener(1191)) - Jetty bound to port 37831
2019-07-14 04:35:23,001 INFO  server.Server (Server.java:doStart(351)) - jetty-9.3.24.v20180605, build timestamp: 2018-06-05T17:11:56Z, git hash: 84205aa28f11a4f31f2a3b86d1bba2cc8ab69827
2019-07-14 04:35:23,005 INFO  handler.ContextHandler (ContextHandler.java:doStart(781)) - Started o.e.j.s.ServletContextHandler@59096b66{/logs,file:///tmp/workdir/hadoop-ozone/integration-test/target/log,AVAILABLE}
2019-07-14 04:35:23,006 INFO  handler.ContextHandler (ContextHandler.java:doStart(781)) - Started o.e.j.s.ServletContextHandler@65be88ae{/static,jar:file:/home/user/.m2/repository/org/apache/hadoop/hadoop-hdds-container-service/0.5.0-SNAPSHOT/hadoop-hdds-container-service-0.5.0-SNAPSHOT.jar!/webapps/static,AVAILABLE}
2019-07-14 04:35:23,040 INFO  handler.ContextHandler (ContextHandler.java:doStart(781)) - Started o.e.j.w.WebAppContext@7c46c9c3{/,file:///tmp/jetty-0.0.0.0-37831-hddsDatanode-_-any-5812648977283903001.dir/webapp/,AVAILABLE}{/hddsDatanode}
2019-07-14 04:35:23,040 INFO  server.AbstractConnector (AbstractConnector.java:doStart(278)) - Started ServerConnector@7197b07f{HTTP/1.1,[http/1.1]}{0.0.0.0:37831}
2019-07-14 04:35:23,041 INFO  server.Server (Server.java:doStart(419)) - Started @6333ms
2019-07-14 04:35:23,043 INFO  server.BaseHttpServer (BaseHttpServer.java:updateConnectorAddress(207)) - HTTP server of HDDSDATANODE is listening at http://0.0.0.0:37831
2019-07-14 04:35:23,209 INFO  ozone.HddsDatanodeService (HddsDatanodeService.java:startPlugins(396)) - Started plug-in org.apache.hadoop.ozone.web.OzoneHddsDatanodeService@191c6e13
2019-07-14 04:35:23,210 INFO  impl.MetricsSystemImpl (MetricsSystemImpl.java:init(158)) - HddsDatanode metrics system started (again)
2019-07-14 04:35:23,211 INFO  ozone.HddsDatanodeService (HddsDatanodeService.java:start(185)) - HddsDatanodeService host:trunk-nightly-6h29n-2077950039 ip:192.168.5.157
2019-07-14 04:35:23,214 INFO  util.JvmPauseMonitor (JvmPauseMonitor.java:run(188)) - Starting JVM pause monitor
2019-07-14 04:35:23,216 INFO  datanode.InitDatanodeState (InitDatanodeState.java:persistContainerDatanodeDetails(140)) - DatanodeDetails is persisted to /tmp/workdir/hadoop-ozone/integration-test/target/test-dir/MiniOzoneClusterImpl-e405d3e1-866f-49a9-9535-2d6e1521d247/datanode-2/meta/datanode.id
2019-07-14 04:35:23,220 INFO  volume.HddsVolume (HddsVolume.java:<init>(176)) - Creating Volume: /tmp/workdir/hadoop-ozone/integration-test/target/test-dir/MiniOzoneClusterImpl-e405d3e1-866f-49a9-9535-2d6e1521d247/datanode-3/data/containers/hdds of  storage type : DISK and capacity : 52710309888
2019-07-14 04:35:23,222 INFO  volume.VolumeSet (VolumeSet.java:initializeVolumeSet(170)) - Added Volume : /tmp/workdir/hadoop-ozone/integration-test/target/test-dir/MiniOzoneClusterImpl-e405d3e1-866f-49a9-9535-2d6e1521d247/datanode-3/data/containers/hdds to VolumeSet
2019-07-14 04:35:23,222 INFO  volume.ThrottledAsyncChecker (ThrottledAsyncChecker.java:schedule(140)) - Scheduling a check for org.apache.hadoop.ozone.container.common.volume.HddsVolume@39ab5ef7
2019-07-14 04:35:23,223 INFO  volume.HddsVolumeChecker (HddsVolumeChecker.java:checkAllVolumes(203)) - Scheduled health check for volume org.apache.hadoop.ozone.container.common.volume.HddsVolume@39ab5ef7
2019-07-14 04:35:23,242 INFO  impl.RaftServerProxy (ConfUtils.java:logGet(43)) - raft.rpc.type = GRPC (default)
2019-07-14 04:35:23,242 INFO  grpc.GrpcFactory (GrpcFactory.java:checkPooledByteBufAllocatorUseCacheForAllThreads(45)) - PERFORMANCE WARNING: useCacheForAllThreads is true that may cause Netty to create a lot garbage objects and, as a result, trigger GC.
	It is recommended to disable useCacheForAllThreads by setting -Dorg.apache.ratis.thirdparty.io.netty.allocator.useCacheForAllThreads=false in command line.
2019-07-14 04:35:23,242 INFO  grpc.GrpcConfigKeys$Server (ConfUtils.java:logGet(43)) - raft.grpc.server.port = 0 (default)
2019-07-14 04:35:23,243 INFO  server.GrpcService (ConfUtils.java:logGet(43)) - raft.grpc.message.size.max = 33570816 (custom)
2019-07-14 04:35:23,243 INFO  server.RaftServerConfigKeys (ConfUtils.java:logGet(43)) - raft.server.log.appender.buffer.byte-limit = 33554432 (custom)
2019-07-14 04:35:23,243 INFO  server.GrpcService (ConfUtils.java:logGet(43)) - raft.grpc.flow.control.window = 1MB (=1048576) (default)
2019-07-14 04:35:23,243 INFO  server.RaftServerConfigKeys (ConfUtils.java:logGet(43)) - raft.server.rpc.request.timeout = 3000ms (default)
2019-07-14 04:35:23,244 INFO  server.RaftServerConfigKeys (ConfUtils.java:logGet(43)) - raft.server.storage.dir = [/tmp/workdir/hadoop-ozone/integration-test/target/test-dir/MiniOzoneClusterImpl-e405d3e1-866f-49a9-9535-2d6e1521d247/datanode-3/data/ratis] (custom)
2019-07-14 04:35:23,245 INFO  replication.SimpleContainerDownloader (SimpleContainerDownloader.java:<init>(72)) - Starting container downloader service to copy containers to replicate.
2019-07-14 04:35:23,246 INFO  hdfs.DFSUtil (DFSUtil.java:httpServerTemplateForNNAndJN(1641)) - Starting Web-server for hddsDatanode at: http://0.0.0.0:0
2019-07-14 04:35:23,249 INFO  server.AuthenticationFilter (AuthenticationFilter.java:constructSecretProvider(240)) - Unable to initialize FileSignerSecretProvider, falling back to use random secrets.
2019-07-14 04:35:23,249 WARN  http.HttpRequestLog (HttpRequestLog.java:getRequestLog(97)) - Jetty request log can only be enabled using Log4j
2019-07-14 04:35:23,252 INFO  http.HttpServer2 (HttpServer2.java:addGlobalFilter(975)) - Added global filter 'safety' (class=org.apache.hadoop.http.HttpServer2$QuotingInputFilter)
2019-07-14 04:35:23,253 INFO  http.HttpServer2 (HttpServer2.java:addFilter(948)) - Added filter static_user_filter (class=org.apache.hadoop.http.lib.StaticUserWebFilter$StaticUserFilter) to context hddsDatanode
2019-07-14 04:35:23,253 INFO  http.HttpServer2 (HttpServer2.java:addFilter(958)) - Added filter static_user_filter (class=org.apache.hadoop.http.lib.StaticUserWebFilter$StaticUserFilter) to context logs
2019-07-14 04:35:23,253 INFO  http.HttpServer2 (HttpServer2.java:addFilter(958)) - Added filter static_user_filter (class=org.apache.hadoop.http.lib.StaticUserWebFilter$StaticUserFilter) to context static
2019-07-14 04:35:23,255 INFO  http.HttpServer2 (HttpServer2.java:bindListener(1191)) - Jetty bound to port 37237
2019-07-14 04:35:23,255 INFO  server.Server (Server.java:doStart(351)) - jetty-9.3.24.v20180605, build timestamp: 2018-06-05T17:11:56Z, git hash: 84205aa28f11a4f31f2a3b86d1bba2cc8ab69827
2019-07-14 04:35:23,258 INFO  handler.ContextHandler (ContextHandler.java:doStart(781)) - Started o.e.j.s.ServletContextHandler@19f02280{/logs,file:///tmp/workdir/hadoop-ozone/integration-test/target/log,AVAILABLE}
2019-07-14 04:35:23,259 INFO  handler.ContextHandler (ContextHandler.java:doStart(781)) - Started o.e.j.s.ServletContextHandler@19827608{/static,jar:file:/home/user/.m2/repository/org/apache/hadoop/hadoop-hdds-container-service/0.5.0-SNAPSHOT/hadoop-hdds-container-service-0.5.0-SNAPSHOT.jar!/webapps/static,AVAILABLE}
2019-07-14 04:35:23,301 INFO  handler.ContextHandler (ContextHandler.java:doStart(781)) - Started o.e.j.w.WebAppContext@4702e7a5{/,file:///tmp/jetty-0.0.0.0-37237-hddsDatanode-_-any-8617950919565342856.dir/webapp/,AVAILABLE}{/hddsDatanode}
2019-07-14 04:35:23,302 INFO  server.AbstractConnector (AbstractConnector.java:doStart(278)) - Started ServerConnector@6a2d867d{HTTP/1.1,[http/1.1]}{0.0.0.0:37237}
2019-07-14 04:35:23,303 INFO  server.Server (Server.java:doStart(419)) - Started @6595ms
2019-07-14 04:35:23,305 INFO  server.BaseHttpServer (BaseHttpServer.java:updateConnectorAddress(207)) - HTTP server of HDDSDATANODE is listening at http://0.0.0.0:37237
2019-07-14 04:35:23,434 INFO  ozone.HddsDatanodeService (HddsDatanodeService.java:startPlugins(396)) - Started plug-in org.apache.hadoop.ozone.web.OzoneHddsDatanodeService@24134cbc
2019-07-14 04:35:23,434 INFO  impl.MetricsSystemImpl (MetricsSystemImpl.java:init(158)) - HddsDatanode metrics system started (again)
2019-07-14 04:35:23,436 INFO  ozone.HddsDatanodeService (HddsDatanodeService.java:start(185)) - HddsDatanodeService host:trunk-nightly-6h29n-2077950039 ip:192.168.5.157
2019-07-14 04:35:23,438 INFO  util.JvmPauseMonitor (JvmPauseMonitor.java:run(188)) - Starting JVM pause monitor
2019-07-14 04:35:23,445 INFO  datanode.InitDatanodeState (InitDatanodeState.java:persistContainerDatanodeDetails(140)) - DatanodeDetails is persisted to /tmp/workdir/hadoop-ozone/integration-test/target/test-dir/MiniOzoneClusterImpl-e405d3e1-866f-49a9-9535-2d6e1521d247/datanode-3/meta/datanode.id
2019-07-14 04:35:23,445 INFO  volume.HddsVolume (HddsVolume.java:<init>(176)) - Creating Volume: /tmp/workdir/hadoop-ozone/integration-test/target/test-dir/MiniOzoneClusterImpl-e405d3e1-866f-49a9-9535-2d6e1521d247/datanode-4/data/containers/hdds of  storage type : DISK and capacity : 52710309888
2019-07-14 04:35:23,445 INFO  volume.VolumeSet (VolumeSet.java:initializeVolumeSet(170)) - Added Volume : /tmp/workdir/hadoop-ozone/integration-test/target/test-dir/MiniOzoneClusterImpl-e405d3e1-866f-49a9-9535-2d6e1521d247/datanode-4/data/containers/hdds to VolumeSet
2019-07-14 04:35:23,446 INFO  volume.ThrottledAsyncChecker (ThrottledAsyncChecker.java:schedule(140)) - Scheduling a check for org.apache.hadoop.ozone.container.common.volume.HddsVolume@543fe698
2019-07-14 04:35:23,446 INFO  volume.HddsVolumeChecker (HddsVolumeChecker.java:checkAllVolumes(203)) - Scheduled health check for volume org.apache.hadoop.ozone.container.common.volume.HddsVolume@543fe698
2019-07-14 04:35:23,460 INFO  impl.RaftServerProxy (ConfUtils.java:logGet(43)) - raft.rpc.type = GRPC (default)
2019-07-14 04:35:23,460 INFO  grpc.GrpcFactory (GrpcFactory.java:checkPooledByteBufAllocatorUseCacheForAllThreads(45)) - PERFORMANCE WARNING: useCacheForAllThreads is true that may cause Netty to create a lot garbage objects and, as a result, trigger GC.
	It is recommended to disable useCacheForAllThreads by setting -Dorg.apache.ratis.thirdparty.io.netty.allocator.useCacheForAllThreads=false in command line.
2019-07-14 04:35:23,460 INFO  grpc.GrpcConfigKeys$Server (ConfUtils.java:logGet(43)) - raft.grpc.server.port = 0 (default)
2019-07-14 04:35:23,461 INFO  server.GrpcService (ConfUtils.java:logGet(43)) - raft.grpc.message.size.max = 33570816 (custom)
2019-07-14 04:35:23,461 INFO  server.RaftServerConfigKeys (ConfUtils.java:logGet(43)) - raft.server.log.appender.buffer.byte-limit = 33554432 (custom)
2019-07-14 04:35:23,461 INFO  server.GrpcService (ConfUtils.java:logGet(43)) - raft.grpc.flow.control.window = 1MB (=1048576) (default)
2019-07-14 04:35:23,461 INFO  server.RaftServerConfigKeys (ConfUtils.java:logGet(43)) - raft.server.rpc.request.timeout = 3000ms (default)
2019-07-14 04:35:23,462 INFO  server.RaftServerConfigKeys (ConfUtils.java:logGet(43)) - raft.server.storage.dir = [/tmp/workdir/hadoop-ozone/integration-test/target/test-dir/MiniOzoneClusterImpl-e405d3e1-866f-49a9-9535-2d6e1521d247/datanode-4/data/ratis] (custom)
2019-07-14 04:35:23,462 INFO  replication.SimpleContainerDownloader (SimpleContainerDownloader.java:<init>(72)) - Starting container downloader service to copy containers to replicate.
2019-07-14 04:35:23,463 INFO  hdfs.DFSUtil (DFSUtil.java:httpServerTemplateForNNAndJN(1641)) - Starting Web-server for hddsDatanode at: http://0.0.0.0:0
2019-07-14 04:35:23,465 INFO  server.AuthenticationFilter (AuthenticationFilter.java:constructSecretProvider(240)) - Unable to initialize FileSignerSecretProvider, falling back to use random secrets.
2019-07-14 04:35:23,465 WARN  http.HttpRequestLog (HttpRequestLog.java:getRequestLog(97)) - Jetty request log can only be enabled using Log4j
2019-07-14 04:35:23,467 INFO  http.HttpServer2 (HttpServer2.java:addGlobalFilter(975)) - Added global filter 'safety' (class=org.apache.hadoop.http.HttpServer2$QuotingInputFilter)
2019-07-14 04:35:23,467 INFO  http.HttpServer2 (HttpServer2.java:addFilter(948)) - Added filter static_user_filter (class=org.apache.hadoop.http.lib.StaticUserWebFilter$StaticUserFilter) to context hddsDatanode
2019-07-14 04:35:23,467 INFO  http.HttpServer2 (HttpServer2.java:addFilter(958)) - Added filter static_user_filter (class=org.apache.hadoop.http.lib.StaticUserWebFilter$StaticUserFilter) to context static
2019-07-14 04:35:23,468 INFO  http.HttpServer2 (HttpServer2.java:addFilter(958)) - Added filter static_user_filter (class=org.apache.hadoop.http.lib.StaticUserWebFilter$StaticUserFilter) to context logs
2019-07-14 04:35:23,468 INFO  http.HttpServer2 (HttpServer2.java:bindListener(1191)) - Jetty bound to port 46720
2019-07-14 04:35:23,469 INFO  server.Server (Server.java:doStart(351)) - jetty-9.3.24.v20180605, build timestamp: 2018-06-05T17:11:56Z, git hash: 84205aa28f11a4f31f2a3b86d1bba2cc8ab69827
2019-07-14 04:35:23,473 INFO  handler.ContextHandler (ContextHandler.java:doStart(781)) - Started o.e.j.s.ServletContextHandler@7e61e25c{/logs,file:///tmp/workdir/hadoop-ozone/integration-test/target/log,AVAILABLE}
2019-07-14 04:35:23,473 INFO  handler.ContextHandler (ContextHandler.java:doStart(781)) - Started o.e.j.s.ServletContextHandler@256bb5be{/static,jar:file:/home/user/.m2/repository/org/apache/hadoop/hadoop-hdds-container-service/0.5.0-SNAPSHOT/hadoop-hdds-container-service-0.5.0-SNAPSHOT.jar!/webapps/static,AVAILABLE}
2019-07-14 04:35:23,500 INFO  handler.ContextHandler (ContextHandler.java:doStart(781)) - Started o.e.j.w.WebAppContext@6de7778f{/,file:///tmp/jetty-0.0.0.0-46720-hddsDatanode-_-any-8939007375485678373.dir/webapp/,AVAILABLE}{/hddsDatanode}
2019-07-14 04:35:23,501 INFO  server.AbstractConnector (AbstractConnector.java:doStart(278)) - Started ServerConnector@367d34c0{HTTP/1.1,[http/1.1]}{0.0.0.0:46720}
2019-07-14 04:35:23,502 INFO  server.Server (Server.java:doStart(419)) - Started @6793ms
2019-07-14 04:35:23,503 INFO  server.BaseHttpServer (BaseHttpServer.java:updateConnectorAddress(207)) - HTTP server of HDDSDATANODE is listening at http://0.0.0.0:46720
2019-07-14 04:35:23,610 INFO  ozone.HddsDatanodeService (HddsDatanodeService.java:startPlugins(396)) - Started plug-in org.apache.hadoop.ozone.web.OzoneHddsDatanodeService@3b5a19ed
2019-07-14 04:35:23,610 INFO  impl.MetricsSystemImpl (MetricsSystemImpl.java:init(158)) - HddsDatanode metrics system started (again)
2019-07-14 04:35:23,612 INFO  ozone.HddsDatanodeService (HddsDatanodeService.java:start(185)) - HddsDatanodeService host:trunk-nightly-6h29n-2077950039 ip:192.168.5.157
2019-07-14 04:35:23,614 INFO  util.JvmPauseMonitor (JvmPauseMonitor.java:run(188)) - Starting JVM pause monitor
2019-07-14 04:35:23,617 INFO  datanode.InitDatanodeState (InitDatanodeState.java:persistContainerDatanodeDetails(140)) - DatanodeDetails is persisted to /tmp/workdir/hadoop-ozone/integration-test/target/test-dir/MiniOzoneClusterImpl-e405d3e1-866f-49a9-9535-2d6e1521d247/datanode-4/meta/datanode.id
2019-07-14 04:35:23,621 INFO  volume.HddsVolume (HddsVolume.java:<init>(176)) - Creating Volume: /tmp/workdir/hadoop-ozone/integration-test/target/test-dir/MiniOzoneClusterImpl-e405d3e1-866f-49a9-9535-2d6e1521d247/datanode-5/data/containers/hdds of  storage type : DISK and capacity : 52710309888
2019-07-14 04:35:23,622 INFO  volume.VolumeSet (VolumeSet.java:initializeVolumeSet(170)) - Added Volume : /tmp/workdir/hadoop-ozone/integration-test/target/test-dir/MiniOzoneClusterImpl-e405d3e1-866f-49a9-9535-2d6e1521d247/datanode-5/data/containers/hdds to VolumeSet
2019-07-14 04:35:23,622 INFO  volume.ThrottledAsyncChecker (ThrottledAsyncChecker.java:schedule(140)) - Scheduling a check for org.apache.hadoop.ozone.container.common.volume.HddsVolume@3e53c4ad
2019-07-14 04:35:23,622 INFO  volume.HddsVolumeChecker (HddsVolumeChecker.java:checkAllVolumes(203)) - Scheduled health check for volume org.apache.hadoop.ozone.container.common.volume.HddsVolume@3e53c4ad
2019-07-14 04:35:23,636 INFO  impl.RaftServerProxy (ConfUtils.java:logGet(43)) - raft.rpc.type = GRPC (default)
2019-07-14 04:35:23,637 INFO  grpc.GrpcFactory (GrpcFactory.java:checkPooledByteBufAllocatorUseCacheForAllThreads(45)) - PERFORMANCE WARNING: useCacheForAllThreads is true that may cause Netty to create a lot garbage objects and, as a result, trigger GC.
	It is recommended to disable useCacheForAllThreads by setting -Dorg.apache.ratis.thirdparty.io.netty.allocator.useCacheForAllThreads=false in command line.
2019-07-14 04:35:23,637 INFO  grpc.GrpcConfigKeys$Server (ConfUtils.java:logGet(43)) - raft.grpc.server.port = 0 (default)
2019-07-14 04:35:23,637 INFO  server.GrpcService (ConfUtils.java:logGet(43)) - raft.grpc.message.size.max = 33570816 (custom)
2019-07-14 04:35:23,637 INFO  server.RaftServerConfigKeys (ConfUtils.java:logGet(43)) - raft.server.log.appender.buffer.byte-limit = 33554432 (custom)
2019-07-14 04:35:23,638 INFO  server.GrpcService (ConfUtils.java:logGet(43)) - raft.grpc.flow.control.window = 1MB (=1048576) (default)
2019-07-14 04:35:23,638 INFO  server.RaftServerConfigKeys (ConfUtils.java:logGet(43)) - raft.server.rpc.request.timeout = 3000ms (default)
2019-07-14 04:35:23,639 INFO  server.RaftServerConfigKeys (ConfUtils.java:logGet(43)) - raft.server.storage.dir = [/tmp/workdir/hadoop-ozone/integration-test/target/test-dir/MiniOzoneClusterImpl-e405d3e1-866f-49a9-9535-2d6e1521d247/datanode-5/data/ratis] (custom)
2019-07-14 04:35:23,639 INFO  replication.SimpleContainerDownloader (SimpleContainerDownloader.java:<init>(72)) - Starting container downloader service to copy containers to replicate.
2019-07-14 04:35:23,640 INFO  hdfs.DFSUtil (DFSUtil.java:httpServerTemplateForNNAndJN(1641)) - Starting Web-server for hddsDatanode at: http://0.0.0.0:0
2019-07-14 04:35:23,641 INFO  server.AuthenticationFilter (AuthenticationFilter.java:constructSecretProvider(240)) - Unable to initialize FileSignerSecretProvider, falling back to use random secrets.
2019-07-14 04:35:23,642 WARN  http.HttpRequestLog (HttpRequestLog.java:getRequestLog(97)) - Jetty request log can only be enabled using Log4j
2019-07-14 04:35:23,643 INFO  http.HttpServer2 (HttpServer2.java:addGlobalFilter(975)) - Added global filter 'safety' (class=org.apache.hadoop.http.HttpServer2$QuotingInputFilter)
2019-07-14 04:35:23,644 INFO  http.HttpServer2 (HttpServer2.java:addFilter(948)) - Added filter static_user_filter (class=org.apache.hadoop.http.lib.StaticUserWebFilter$StaticUserFilter) to context hddsDatanode
2019-07-14 04:35:23,644 INFO  http.HttpServer2 (HttpServer2.java:addFilter(958)) - Added filter static_user_filter (class=org.apache.hadoop.http.lib.StaticUserWebFilter$StaticUserFilter) to context logs
2019-07-14 04:35:23,644 INFO  http.HttpServer2 (HttpServer2.java:addFilter(958)) - Added filter static_user_filter (class=org.apache.hadoop.http.lib.StaticUserWebFilter$StaticUserFilter) to context static
2019-07-14 04:35:23,645 INFO  http.HttpServer2 (HttpServer2.java:bindListener(1191)) - Jetty bound to port 46711
2019-07-14 04:35:23,645 INFO  server.Server (Server.java:doStart(351)) - jetty-9.3.24.v20180605, build timestamp: 2018-06-05T17:11:56Z, git hash: 84205aa28f11a4f31f2a3b86d1bba2cc8ab69827
2019-07-14 04:35:23,647 INFO  handler.ContextHandler (ContextHandler.java:doStart(781)) - Started o.e.j.s.ServletContextHandler@124eb83d{/logs,file:///tmp/workdir/hadoop-ozone/integration-test/target/log,AVAILABLE}
2019-07-14 04:35:23,648 INFO  handler.ContextHandler (ContextHandler.java:doStart(781)) - Started o.e.j.s.ServletContextHandler@10817f46{/static,jar:file:/home/user/.m2/repository/org/apache/hadoop/hadoop-hdds-container-service/0.5.0-SNAPSHOT/hadoop-hdds-container-service-0.5.0-SNAPSHOT.jar!/webapps/static,AVAILABLE}
2019-07-14 04:35:23,675 INFO  handler.ContextHandler (ContextHandler.java:doStart(781)) - Started o.e.j.w.WebAppContext@46bb0bdf{/,file:///tmp/jetty-0.0.0.0-46711-hddsDatanode-_-any-6296909048840499555.dir/webapp/,AVAILABLE}{/hddsDatanode}
2019-07-14 04:35:23,677 INFO  server.AbstractConnector (AbstractConnector.java:doStart(278)) - Started ServerConnector@561f9d92{HTTP/1.1,[http/1.1]}{0.0.0.0:46711}
2019-07-14 04:35:23,677 INFO  server.Server (Server.java:doStart(419)) - Started @6968ms
2019-07-14 04:35:23,678 INFO  server.BaseHttpServer (BaseHttpServer.java:updateConnectorAddress(207)) - HTTP server of HDDSDATANODE is listening at http://0.0.0.0:46711
2019-07-14 04:35:23,787 INFO  ozone.HddsDatanodeService (HddsDatanodeService.java:startPlugins(396)) - Started plug-in org.apache.hadoop.ozone.web.OzoneHddsDatanodeService@c14e5a5
2019-07-14 04:35:23,788 INFO  impl.MetricsSystemImpl (MetricsSystemImpl.java:init(158)) - HddsDatanode metrics system started (again)
2019-07-14 04:35:23,790 INFO  ozone.HddsDatanodeService (HddsDatanodeService.java:start(185)) - HddsDatanodeService host:trunk-nightly-6h29n-2077950039 ip:192.168.5.157
2019-07-14 04:35:23,792 INFO  util.JvmPauseMonitor (JvmPauseMonitor.java:run(188)) - Starting JVM pause monitor
2019-07-14 04:35:23,795 INFO  datanode.InitDatanodeState (InitDatanodeState.java:persistContainerDatanodeDetails(140)) - DatanodeDetails is persisted to /tmp/workdir/hadoop-ozone/integration-test/target/test-dir/MiniOzoneClusterImpl-e405d3e1-866f-49a9-9535-2d6e1521d247/datanode-5/meta/datanode.id
2019-07-14 04:35:23,798 INFO  volume.HddsVolume (HddsVolume.java:<init>(176)) - Creating Volume: /tmp/workdir/hadoop-ozone/integration-test/target/test-dir/MiniOzoneClusterImpl-e405d3e1-866f-49a9-9535-2d6e1521d247/datanode-6/data/containers/hdds of  storage type : DISK and capacity : 52710309888
2019-07-14 04:35:23,798 INFO  volume.VolumeSet (VolumeSet.java:initializeVolumeSet(170)) - Added Volume : /tmp/workdir/hadoop-ozone/integration-test/target/test-dir/MiniOzoneClusterImpl-e405d3e1-866f-49a9-9535-2d6e1521d247/datanode-6/data/containers/hdds to VolumeSet
2019-07-14 04:35:23,798 INFO  volume.ThrottledAsyncChecker (ThrottledAsyncChecker.java:schedule(140)) - Scheduling a check for org.apache.hadoop.ozone.container.common.volume.HddsVolume@175581eb
2019-07-14 04:35:23,799 INFO  volume.HddsVolumeChecker (HddsVolumeChecker.java:checkAllVolumes(203)) - Scheduled health check for volume org.apache.hadoop.ozone.container.common.volume.HddsVolume@175581eb
2019-07-14 04:35:23,812 INFO  impl.RaftServerProxy (ConfUtils.java:logGet(43)) - raft.rpc.type = GRPC (default)
2019-07-14 04:35:23,813 INFO  grpc.GrpcFactory (GrpcFactory.java:checkPooledByteBufAllocatorUseCacheForAllThreads(45)) - PERFORMANCE WARNING: useCacheForAllThreads is true that may cause Netty to create a lot garbage objects and, as a result, trigger GC.
	It is recommended to disable useCacheForAllThreads by setting -Dorg.apache.ratis.thirdparty.io.netty.allocator.useCacheForAllThreads=false in command line.
2019-07-14 04:35:23,814 INFO  grpc.GrpcConfigKeys$Server (ConfUtils.java:logGet(43)) - raft.grpc.server.port = 0 (default)
2019-07-14 04:35:23,814 INFO  server.GrpcService (ConfUtils.java:logGet(43)) - raft.grpc.message.size.max = 33570816 (custom)
2019-07-14 04:35:23,814 INFO  server.RaftServerConfigKeys (ConfUtils.java:logGet(43)) - raft.server.log.appender.buffer.byte-limit = 33554432 (custom)
2019-07-14 04:35:23,814 INFO  server.GrpcService (ConfUtils.java:logGet(43)) - raft.grpc.flow.control.window = 1MB (=1048576) (default)
2019-07-14 04:35:23,815 INFO  server.RaftServerConfigKeys (ConfUtils.java:logGet(43)) - raft.server.rpc.request.timeout = 3000ms (default)
2019-07-14 04:35:23,815 INFO  server.RaftServerConfigKeys (ConfUtils.java:logGet(43)) - raft.server.storage.dir = [/tmp/workdir/hadoop-ozone/integration-test/target/test-dir/MiniOzoneClusterImpl-e405d3e1-866f-49a9-9535-2d6e1521d247/datanode-6/data/ratis] (custom)
2019-07-14 04:35:23,816 INFO  replication.SimpleContainerDownloader (SimpleContainerDownloader.java:<init>(72)) - Starting container downloader service to copy containers to replicate.
2019-07-14 04:35:23,817 INFO  hdfs.DFSUtil (DFSUtil.java:httpServerTemplateForNNAndJN(1641)) - Starting Web-server for hddsDatanode at: http://0.0.0.0:0
2019-07-14 04:35:23,818 INFO  server.AuthenticationFilter (AuthenticationFilter.java:constructSecretProvider(240)) - Unable to initialize FileSignerSecretProvider, falling back to use random secrets.
2019-07-14 04:35:23,818 WARN  http.HttpRequestLog (HttpRequestLog.java:getRequestLog(97)) - Jetty request log can only be enabled using Log4j
2019-07-14 04:35:23,820 INFO  http.HttpServer2 (HttpServer2.java:addGlobalFilter(975)) - Added global filter 'safety' (class=org.apache.hadoop.http.HttpServer2$QuotingInputFilter)
2019-07-14 04:35:23,820 INFO  http.HttpServer2 (HttpServer2.java:addFilter(948)) - Added filter static_user_filter (class=org.apache.hadoop.http.lib.StaticUserWebFilter$StaticUserFilter) to context hddsDatanode
2019-07-14 04:35:23,820 INFO  http.HttpServer2 (HttpServer2.java:addFilter(958)) - Added filter static_user_filter (class=org.apache.hadoop.http.lib.StaticUserWebFilter$StaticUserFilter) to context static
2019-07-14 04:35:23,821 INFO  http.HttpServer2 (HttpServer2.java:addFilter(958)) - Added filter static_user_filter (class=org.apache.hadoop.http.lib.StaticUserWebFilter$StaticUserFilter) to context logs
2019-07-14 04:35:23,821 INFO  http.HttpServer2 (HttpServer2.java:bindListener(1191)) - Jetty bound to port 33013
2019-07-14 04:35:23,821 INFO  server.Server (Server.java:doStart(351)) - jetty-9.3.24.v20180605, build timestamp: 2018-06-05T17:11:56Z, git hash: 84205aa28f11a4f31f2a3b86d1bba2cc8ab69827
2019-07-14 04:35:23,824 INFO  handler.ContextHandler (ContextHandler.java:doStart(781)) - Started o.e.j.s.ServletContextHandler@69f080ad{/logs,file:///tmp/workdir/hadoop-ozone/integration-test/target/log,AVAILABLE}
2019-07-14 04:35:23,824 INFO  handler.ContextHandler (ContextHandler.java:doStart(781)) - Started o.e.j.s.ServletContextHandler@45d4421d{/static,jar:file:/home/user/.m2/repository/org/apache/hadoop/hadoop-hdds-container-service/0.5.0-SNAPSHOT/hadoop-hdds-container-service-0.5.0-SNAPSHOT.jar!/webapps/static,AVAILABLE}
2019-07-14 04:35:23,851 INFO  handler.ContextHandler (ContextHandler.java:doStart(781)) - Started o.e.j.w.WebAppContext@21f9c6ea{/,file:///tmp/jetty-0.0.0.0-33013-hddsDatanode-_-any-8286626243017980787.dir/webapp/,AVAILABLE}{/hddsDatanode}
2019-07-14 04:35:23,851 INFO  server.AbstractConnector (AbstractConnector.java:doStart(278)) - Started ServerConnector@418f0534{HTTP/1.1,[http/1.1]}{0.0.0.0:33013}
2019-07-14 04:35:23,852 INFO  server.Server (Server.java:doStart(419)) - Started @7144ms
2019-07-14 04:35:23,853 INFO  server.BaseHttpServer (BaseHttpServer.java:updateConnectorAddress(207)) - HTTP server of HDDSDATANODE is listening at http://0.0.0.0:33013
2019-07-14 04:35:24,065 INFO  ozone.HddsDatanodeService (HddsDatanodeService.java:startPlugins(396)) - Started plug-in org.apache.hadoop.ozone.web.OzoneHddsDatanodeService@7f426ddd
2019-07-14 04:35:24,068 INFO  ozone.MiniOzoneClusterImpl (MiniOzoneClusterImpl.java:lambda$waitForClusterToBeReady$0(142)) - Waiting for cluster to be ready. Got 0 of 7 DN Heartbeats.
2019-07-14 04:35:24,069 INFO  util.JvmPauseMonitor (JvmPauseMonitor.java:run(188)) - Starting JVM pause monitor
2019-07-14 04:35:24,071 INFO  datanode.InitDatanodeState (InitDatanodeState.java:persistContainerDatanodeDetails(140)) - DatanodeDetails is persisted to /tmp/workdir/hadoop-ozone/integration-test/target/test-dir/MiniOzoneClusterImpl-e405d3e1-866f-49a9-9535-2d6e1521d247/datanode-6/meta/datanode.id
2019-07-14 04:35:24,774 INFO  ozoneimpl.OzoneContainer (OzoneContainer.java:start(186)) - Attempting to start container services.
2019-07-14 04:35:24,776 INFO  ozoneimpl.OzoneContainer (OzoneContainer.java:startContainerScrub(160)) - Background container scrubber has been disabled by hdds.containerscrub.enabled
2019-07-14 04:35:24,776 INFO  ratis.XceiverServerRatis (XceiverServerRatis.java:start(418)) - Starting XceiverServerRatis bf8d9be4-e736-40fa-a7ac-fb394448e171 at port 0
2019-07-14 04:35:24,800 INFO  impl.RaftServerProxy (RaftServerProxy.java:lambda$start$3(299)) - bf8d9be4-e736-40fa-a7ac-fb394448e171: start RPC server
2019-07-14 04:35:24,943 INFO  server.GrpcService (GrpcService.java:startImpl(149)) - bf8d9be4-e736-40fa-a7ac-fb394448e171: GrpcService started, listening on 0.0.0.0/0.0.0.0:40312
2019-07-14 04:35:24,944 INFO  ratis.XceiverServerRatis (XceiverServerRatis.java:start(428)) - XceiverServerRatis bf8d9be4-e736-40fa-a7ac-fb394448e171 is started using port 40312
2019-07-14 04:35:24,946 INFO  server.XceiverServerGrpc (XceiverServerGrpc.java:start(161)) - XceiverServerGrpc bf8d9be4-e736-40fa-a7ac-fb394448e171 is started using port 37072
2019-07-14 04:35:24,969 INFO  ozoneimpl.OzoneContainer (OzoneContainer.java:start(186)) - Attempting to start container services.
2019-07-14 04:35:24,971 INFO  ozoneimpl.OzoneContainer (OzoneContainer.java:startContainerScrub(160)) - Background container scrubber has been disabled by hdds.containerscrub.enabled
2019-07-14 04:35:24,971 INFO  ratis.XceiverServerRatis (XceiverServerRatis.java:start(418)) - Starting XceiverServerRatis 95662b28-5ab4-47dc-8868-1ce1bf3116bf at port 0
2019-07-14 04:35:24,981 INFO  impl.RaftServerProxy (RaftServerProxy.java:lambda$start$3(299)) - 95662b28-5ab4-47dc-8868-1ce1bf3116bf: start RPC server
2019-07-14 04:35:24,985 INFO  server.GrpcService (GrpcService.java:startImpl(149)) - 95662b28-5ab4-47dc-8868-1ce1bf3116bf: GrpcService started, listening on 0.0.0.0/0.0.0.0:42507
2019-07-14 04:35:24,986 INFO  ratis.XceiverServerRatis (XceiverServerRatis.java:start(428)) - XceiverServerRatis 95662b28-5ab4-47dc-8868-1ce1bf3116bf is started using port 42507
2019-07-14 04:35:24,989 INFO  server.XceiverServerGrpc (XceiverServerGrpc.java:start(161)) - XceiverServerGrpc 95662b28-5ab4-47dc-8868-1ce1bf3116bf is started using port 39338
2019-07-14 04:35:25,069 INFO  ozone.MiniOzoneClusterImpl (MiniOzoneClusterImpl.java:lambda$waitForClusterToBeReady$0(142)) - Waiting for cluster to be ready. Got 0 of 7 DN Heartbeats.
2019-07-14 04:35:25,222 INFO  ozoneimpl.OzoneContainer (OzoneContainer.java:start(186)) - Attempting to start container services.
2019-07-14 04:35:25,224 INFO  ozoneimpl.OzoneContainer (OzoneContainer.java:startContainerScrub(160)) - Background container scrubber has been disabled by hdds.containerscrub.enabled
2019-07-14 04:35:25,224 INFO  ratis.XceiverServerRatis (XceiverServerRatis.java:start(418)) - Starting XceiverServerRatis 8bdedefe-810b-4dd5-8dca-659f9b072202 at port 0
2019-07-14 04:35:25,233 INFO  impl.RaftServerProxy (RaftServerProxy.java:lambda$start$3(299)) - 8bdedefe-810b-4dd5-8dca-659f9b072202: start RPC server
2019-07-14 04:35:25,236 INFO  server.GrpcService (GrpcService.java:startImpl(149)) - 8bdedefe-810b-4dd5-8dca-659f9b072202: GrpcService started, listening on 0.0.0.0/0.0.0.0:32899
2019-07-14 04:35:25,236 INFO  ratis.XceiverServerRatis (XceiverServerRatis.java:start(428)) - XceiverServerRatis 8bdedefe-810b-4dd5-8dca-659f9b072202 is started using port 32899
2019-07-14 04:35:25,238 INFO  server.XceiverServerGrpc (XceiverServerGrpc.java:start(161)) - XceiverServerGrpc 8bdedefe-810b-4dd5-8dca-659f9b072202 is started using port 41666
2019-07-14 04:35:25,447 INFO  ozoneimpl.OzoneContainer (OzoneContainer.java:start(186)) - Attempting to start container services.
2019-07-14 04:35:25,454 INFO  ozoneimpl.OzoneContainer (OzoneContainer.java:startContainerScrub(160)) - Background container scrubber has been disabled by hdds.containerscrub.enabled
2019-07-14 04:35:25,454 INFO  ratis.XceiverServerRatis (XceiverServerRatis.java:start(418)) - Starting XceiverServerRatis 28643ef2-7003-48bb-a8f6-fe4dd83568f6 at port 0
2019-07-14 04:35:25,466 INFO  impl.RaftServerProxy (RaftServerProxy.java:lambda$start$3(299)) - 28643ef2-7003-48bb-a8f6-fe4dd83568f6: start RPC server
2019-07-14 04:35:25,470 INFO  server.GrpcService (GrpcService.java:startImpl(149)) - 28643ef2-7003-48bb-a8f6-fe4dd83568f6: GrpcService started, listening on 0.0.0.0/0.0.0.0:39888
2019-07-14 04:35:25,470 INFO  ratis.XceiverServerRatis (XceiverServerRatis.java:start(428)) - XceiverServerRatis 28643ef2-7003-48bb-a8f6-fe4dd83568f6 is started using port 39888
2019-07-14 04:35:25,474 INFO  server.XceiverServerGrpc (XceiverServerGrpc.java:start(161)) - XceiverServerGrpc 28643ef2-7003-48bb-a8f6-fe4dd83568f6 is started using port 43589
2019-07-14 04:35:25,629 INFO  ozoneimpl.OzoneContainer (OzoneContainer.java:start(186)) - Attempting to start container services.
2019-07-14 04:35:25,629 INFO  ozoneimpl.OzoneContainer (OzoneContainer.java:startContainerScrub(160)) - Background container scrubber has been disabled by hdds.containerscrub.enabled
2019-07-14 04:35:25,630 INFO  ratis.XceiverServerRatis (XceiverServerRatis.java:start(418)) - Starting XceiverServerRatis 9c4ed4db-4d02-46d6-b0ab-296618f62583 at port 0
2019-07-14 04:35:25,640 INFO  impl.RaftServerProxy (RaftServerProxy.java:lambda$start$3(299)) - 9c4ed4db-4d02-46d6-b0ab-296618f62583: start RPC server
2019-07-14 04:35:25,644 INFO  server.GrpcService (GrpcService.java:startImpl(149)) - 9c4ed4db-4d02-46d6-b0ab-296618f62583: GrpcService started, listening on 0.0.0.0/0.0.0.0:34055
2019-07-14 04:35:25,645 INFO  ratis.XceiverServerRatis (XceiverServerRatis.java:start(428)) - XceiverServerRatis 9c4ed4db-4d02-46d6-b0ab-296618f62583 is started using port 34055
2019-07-14 04:35:25,648 INFO  server.XceiverServerGrpc (XceiverServerGrpc.java:start(161)) - XceiverServerGrpc 9c4ed4db-4d02-46d6-b0ab-296618f62583 is started using port 34719
2019-07-14 04:35:25,806 INFO  ozoneimpl.OzoneContainer (OzoneContainer.java:start(186)) - Attempting to start container services.
2019-07-14 04:35:25,807 INFO  ozoneimpl.OzoneContainer (OzoneContainer.java:startContainerScrub(160)) - Background container scrubber has been disabled by hdds.containerscrub.enabled
2019-07-14 04:35:25,807 INFO  ratis.XceiverServerRatis (XceiverServerRatis.java:start(418)) - Starting XceiverServerRatis 49cd6ec5-59f0-4c7c-968f-a0b3b7f8f56d at port 0
2019-07-14 04:35:25,818 INFO  impl.RaftServerProxy (RaftServerProxy.java:lambda$start$3(299)) - 49cd6ec5-59f0-4c7c-968f-a0b3b7f8f56d: start RPC server
2019-07-14 04:35:25,823 INFO  server.GrpcService (GrpcService.java:startImpl(149)) - 49cd6ec5-59f0-4c7c-968f-a0b3b7f8f56d: GrpcService started, listening on 0.0.0.0/0.0.0.0:42622
2019-07-14 04:35:25,823 INFO  ratis.XceiverServerRatis (XceiverServerRatis.java:start(428)) - XceiverServerRatis 49cd6ec5-59f0-4c7c-968f-a0b3b7f8f56d is started using port 42622
2019-07-14 04:35:25,827 INFO  server.XceiverServerGrpc (XceiverServerGrpc.java:start(161)) - XceiverServerGrpc 49cd6ec5-59f0-4c7c-968f-a0b3b7f8f56d is started using port 38788
2019-07-14 04:35:26,069 INFO  ozone.MiniOzoneClusterImpl (MiniOzoneClusterImpl.java:lambda$waitForClusterToBeReady$0(142)) - Waiting for cluster to be ready. Got 0 of 7 DN Heartbeats.
2019-07-14 04:35:26,081 INFO  ozoneimpl.OzoneContainer (OzoneContainer.java:start(186)) - Attempting to start container services.
2019-07-14 04:35:26,081 INFO  ozoneimpl.OzoneContainer (OzoneContainer.java:startContainerScrub(160)) - Background container scrubber has been disabled by hdds.containerscrub.enabled
2019-07-14 04:35:26,081 INFO  ratis.XceiverServerRatis (XceiverServerRatis.java:start(418)) - Starting XceiverServerRatis f43c6e04-efe7-4641-8c77-fdba4b1a12e7 at port 0
2019-07-14 04:35:26,091 INFO  impl.RaftServerProxy (RaftServerProxy.java:lambda$start$3(299)) - f43c6e04-efe7-4641-8c77-fdba4b1a12e7: start RPC server
2019-07-14 04:35:26,096 INFO  server.GrpcService (GrpcService.java:startImpl(149)) - f43c6e04-efe7-4641-8c77-fdba4b1a12e7: GrpcService started, listening on 0.0.0.0/0.0.0.0:43731
2019-07-14 04:35:26,096 INFO  ratis.XceiverServerRatis (XceiverServerRatis.java:start(428)) - XceiverServerRatis f43c6e04-efe7-4641-8c77-fdba4b1a12e7 is started using port 43731
2019-07-14 04:35:26,099 INFO  server.XceiverServerGrpc (XceiverServerGrpc.java:start(161)) - XceiverServerGrpc f43c6e04-efe7-4641-8c77-fdba4b1a12e7 is started using port 36475
2019-07-14 04:35:26,762 INFO  net.NetworkTopology (NetworkTopologyImpl.java:add(110)) - Added a new node: /default-rack/192.168.5.157
2019-07-14 04:35:26,762 INFO  node.SCMNodeManager (SCMNodeManager.java:register(269)) - Registered Data node : bf8d9be4-e736-40fa-a7ac-fb394448e171{ip: 192.168.5.157, host: trunk-nightly-6h29n-2077950039, networkLocation: /default-rack, certSerialId: null}
2019-07-14 04:35:26,773 INFO  safemode.SCMSafeModeManager (DataNodeSafeModeRule.java:process(71)) - SCM in safe mode. 1 DataNodes registered, 1 required.
2019-07-14 04:35:26,773 INFO  safemode.SCMSafeModeManager (SCMSafeModeManager.java:validateSafeModeExitRules(177)) - ScmSafeModeManager, all rules are successfully validated
2019-07-14 04:35:26,773 INFO  safemode.SCMSafeModeManager (SCMSafeModeManager.java:exitSafeMode(193)) - SCM exiting safe mode.
2019-07-14 04:35:26,964 INFO  node.SCMNodeManager (SCMNodeManager.java:register(269)) - Registered Data node : 95662b28-5ab4-47dc-8868-1ce1bf3116bf{ip: 192.168.5.157, host: trunk-nightly-6h29n-2077950039, networkLocation: /default-rack, certSerialId: null}
2019-07-14 04:35:27,070 INFO  ozone.MiniOzoneClusterImpl (MiniOzoneClusterImpl.java:lambda$waitForClusterToBeReady$0(142)) - Waiting for cluster to be ready. Got 2 of 7 DN Heartbeats.
2019-07-14 04:35:27,225 INFO  node.SCMNodeManager (SCMNodeManager.java:register(269)) - Registered Data node : 8bdedefe-810b-4dd5-8dca-659f9b072202{ip: 192.168.5.157, host: trunk-nightly-6h29n-2077950039, networkLocation: /default-rack, certSerialId: null}
2019-07-14 04:35:27,716 INFO  node.SCMNodeManager (SCMNodeManager.java:register(269)) - Registered Data node : 9c4ed4db-4d02-46d6-b0ab-296618f62583{ip: 192.168.5.157, host: trunk-nightly-6h29n-2077950039, networkLocation: /default-rack, certSerialId: null}
2019-07-14 04:35:27,716 INFO  node.SCMNodeManager (SCMNodeManager.java:register(269)) - Registered Data node : 28643ef2-7003-48bb-a8f6-fe4dd83568f6{ip: 192.168.5.157, host: trunk-nightly-6h29n-2077950039, networkLocation: /default-rack, certSerialId: null}
2019-07-14 04:35:27,742 INFO  impl.RaftServerProxy (RaftServerProxy.java:addNew(89)) - bf8d9be4-e736-40fa-a7ac-fb394448e171: addNew group-A81B224B20FD:[bf8d9be4-e736-40fa-a7ac-fb394448e171:192.168.5.157:40312] returns group-A81B224B20FD:java.util.concurrent.CompletableFuture@3043eee3[Not completed]
2019-07-14 04:35:27,763 INFO  impl.RaftServerImpl (RaftServerImpl.java:<init>(93)) - bf8d9be4-e736-40fa-a7ac-fb394448e171: new RaftServerImpl for group-A81B224B20FD:[bf8d9be4-e736-40fa-a7ac-fb394448e171:192.168.5.157:40312] with ContainerStateMachine:uninitialized
2019-07-14 04:35:27,764 INFO  server.RaftServerConfigKeys (ConfUtils.java:logGet(43)) - raft.server.rpc.timeout.min = 5s (custom)
2019-07-14 04:35:27,766 INFO  server.RaftServerConfigKeys (ConfUtils.java:logGet(43)) - raft.server.rpc.timeout.max = 5200ms (custom)
2019-07-14 04:35:27,766 INFO  server.RaftServerConfigKeys (ConfUtils.java:logGet(43)) - raft.server.rpcslowness.timeout = 120s (custom)
2019-07-14 04:35:27,767 INFO  server.RaftServerConfigKeys (ConfUtils.java:logGet(43)) - raft.server.sleep.deviation.threshold = 300 (default)
2019-07-14 04:35:27,768 INFO  server.RaftServerConfigKeys (ConfUtils.java:logGet(43)) - raft.server.log.appender.install.snapshot.enabled = false (custom)
2019-07-14 04:35:27,776 INFO  impl.RaftServerImpl (ServerState.java:<init>(105)) - bf8d9be4-e736-40fa-a7ac-fb394448e171:group-A81B224B20FD ConfigurationManager, init=-1: [bf8d9be4-e736-40fa-a7ac-fb394448e171:192.168.5.157:40312], old=null, confs=<EMPTY_MAP>
2019-07-14 04:35:27,776 INFO  server.RaftServerConfigKeys (ConfUtils.java:logGet(43)) - raft.server.storage.dir = [/tmp/workdir/hadoop-ozone/integration-test/target/test-dir/MiniOzoneClusterImpl-e405d3e1-866f-49a9-9535-2d6e1521d247/datanode-0/data/ratis] (custom)
2019-07-14 04:35:27,785 INFO  storage.RaftStorageDirectory (RaftStorageDirectory.java:analyzeStorage(246)) - The storage directory /tmp/workdir/hadoop-ozone/integration-test/target/test-dir/MiniOzoneClusterImpl-e405d3e1-866f-49a9-9535-2d6e1521d247/datanode-0/data/ratis/4b3c8eb9-bdda-4377-8e44-a81b224b20fd does not exist. Creating ...
2019-07-14 04:35:27,795 INFO  node.SCMNodeManager (SCMNodeManager.java:register(269)) - Registered Data node : 49cd6ec5-59f0-4c7c-968f-a0b3b7f8f56d{ip: 192.168.5.157, host: trunk-nightly-6h29n-2077950039, networkLocation: /default-rack, certSerialId: null}
2019-07-14 04:35:27,801 INFO  storage.RaftStorageDirectory (RaftStorageDirectory.java:tryLock(328)) - Lock on /tmp/workdir/hadoop-ozone/integration-test/target/test-dir/MiniOzoneClusterImpl-e405d3e1-866f-49a9-9535-2d6e1521d247/datanode-0/data/ratis/4b3c8eb9-bdda-4377-8e44-a81b224b20fd/in_use.lock acquired by nodename 17477@trunk-nightly-6h29n-2077950039
2019-07-14 04:35:27,817 INFO  storage.RaftStorage (RaftStorage.java:format(72)) - Storage directory /tmp/workdir/hadoop-ozone/integration-test/target/test-dir/MiniOzoneClusterImpl-e405d3e1-866f-49a9-9535-2d6e1521d247/datanode-0/data/ratis/4b3c8eb9-bdda-4377-8e44-a81b224b20fd has been successfully formatted.
2019-07-14 04:35:27,819 INFO  ratis.ContainerStateMachine (ContainerStateMachine.java:loadSnapshot(200)) - The snapshot info is null.Setting the last applied index to:(t:0, i:~)
2019-07-14 04:35:27,819 INFO  server.RaftServerConfigKeys (ConfUtils.java:logGet(43)) - raft.server.leader.election.timeout = 120s (custom)
2019-07-14 04:35:27,821 INFO  server.RaftServerConfigKeys (ConfUtils.java:logGet(43)) - raft.server.log.use.memory = false (default)
2019-07-14 04:35:27,826 INFO  server.RaftServerConfigKeys (ConfUtils.java:logGet(43)) - raft.server.log.purge.gap = 1000000000 (custom)
2019-07-14 04:35:27,826 INFO  server.RaftServerConfigKeys (ConfUtils.java:logGet(43)) - raft.server.log.appender.buffer.byte-limit = 33554432 (custom)
2019-07-14 04:35:27,828 INFO  server.RaftServerConfigKeys (ConfUtils.java:logGet(43)) - raft.server.log.segment.size.max = 1048576 (custom)
2019-07-14 04:35:27,832 INFO  server.RaftServerConfigKeys (ConfUtils.java:logGet(43)) - raft.server.log.segment.cache.num.max = 2 (custom)
2019-07-14 04:35:27,838 INFO  segmented.SegmentedRaftLogWorker (SegmentedRaftLogWorker.java:<init>(172)) - new bf8d9be4-e736-40fa-a7ac-fb394448e171-SegmentedRaftLogWorker:Storage Directory /tmp/workdir/hadoop-ozone/integration-test/target/test-dir/MiniOzoneClusterImpl-e405d3e1-866f-49a9-9535-2d6e1521d247/datanode-0/data/ratis/4b3c8eb9-bdda-4377-8e44-a81b224b20fd for RaftStorage:Storage Directory /tmp/workdir/hadoop-ozone/integration-test/target/test-dir/MiniOzoneClusterImpl-e405d3e1-866f-49a9-9535-2d6e1521d247/datanode-0/data/ratis/4b3c8eb9-bdda-4377-8e44-a81b224b20fd
2019-07-14 04:35:27,849 INFO  server.RaftServerConfigKeys (ConfUtils.java:logGet(43)) - raft.server.log.queue.byte-limit = 2147483647 (custom)
2019-07-14 04:35:27,850 INFO  server.RaftServerConfigKeys (ConfUtils.java:logGet(43)) - raft.server.log.queue.element-limit = 1024 (custom)
2019-07-14 04:35:27,854 INFO  server.RaftServerConfigKeys (ConfUtils.java:logGet(43)) - raft.server.log.segment.size.max = 1048576 (custom)
2019-07-14 04:35:27,854 INFO  server.RaftServerConfigKeys (ConfUtils.java:logGet(43)) - raft.server.log.preallocated.size = 16384 (custom)
2019-07-14 04:35:27,855 INFO  server.RaftServerConfigKeys (ConfUtils.java:logGet(43)) - raft.server.log.write.buffer.size = 33554432 (custom)
2019-07-14 04:35:27,855 INFO  server.RaftServerConfigKeys (ConfUtils.java:logGet(43)) - raft.server.log.force.sync.num = 128 (default)
2019-07-14 04:35:27,856 INFO  server.RaftServerConfigKeys (ConfUtils.java:logGet(43)) - raft.server.log.statemachine.data.sync = true (default)
2019-07-14 04:35:27,856 INFO  server.RaftServerConfigKeys (ConfUtils.java:logGet(43)) - raft.server.log.statemachine.data.sync.timeout = 10s (default)
2019-07-14 04:35:27,857 INFO  server.RaftServerConfigKeys (ConfUtils.java:logGet(43)) - raft.server.log.statemachine.data.sync.timeout.retry = -1 (default)
2019-07-14 04:35:27,864 INFO  server.RaftServerConfigKeys (ConfUtils.java:logGet(43)) - raft.server.log.statemachine.data.caching.enabled = true (custom)
2019-07-14 04:35:27,869 INFO  segmented.SegmentedRaftLogWorker (SegmentedRaftLogWorker.java:lambda$new$0(132)) - bf8d9be4-e736-40fa-a7ac-fb394448e171-SegmentedRaftLogWorker:Storage Directory /tmp/workdir/hadoop-ozone/integration-test/target/test-dir/MiniOzoneClusterImpl-e405d3e1-866f-49a9-9535-2d6e1521d247/datanode-0/data/ratis/4b3c8eb9-bdda-4377-8e44-a81b224b20fd: flushIndex: setUnconditionally 0 -> -1
2019-07-14 04:35:27,873 INFO  server.RaftServerConfigKeys (ConfUtils.java:logGet(43)) - raft.server.snapshot.auto.trigger.enabled = true (custom)
2019-07-14 04:35:27,873 INFO  server.RaftServerConfigKeys (ConfUtils.java:logGet(43)) - raft.server.snapshot.auto.trigger.threshold = 10000 (custom)
2019-07-14 04:35:27,874 INFO  server.RaftServerConfigKeys (ConfUtils.java:logGet(43)) - raft.server.retrycache.expirytime = 600000ms (custom)
2019-07-14 04:35:27,892 INFO  impl.RaftServerImpl (RaftServerImpl.java:start(180)) - bf8d9be4-e736-40fa-a7ac-fb394448e171: start group-A81B224B20FD
2019-07-14 04:35:27,893 INFO  impl.RaftServerImpl (RaftServerImpl.java:setRole(171)) - bf8d9be4-e736-40fa-a7ac-fb394448e171:group-A81B224B20FD changes role from null to FOLLOWER at term 0 for startAsFollower
2019-07-14 04:35:27,894 INFO  impl.RoleInfo (RoleInfo.java:updateAndGet(143)) - bf8d9be4-e736-40fa-a7ac-fb394448e171: start FollowerState
2019-07-14 04:35:27,896 INFO  util.JmxRegister (JmxRegister.java:tryRegister(44)) - Successfully registered JMX Bean with object name Ratis:service=RaftServer,group=group-A81B224B20FD,id=bf8d9be4-e736-40fa-a7ac-fb394448e171
2019-07-14 04:35:27,962 INFO  pipeline.PipelineStateManager (PipelineStateManager.java:addPipeline(56)) - Created pipeline Pipeline[ Id: 4b3c8eb9-bdda-4377-8e44-a81b224b20fd, Nodes: bf8d9be4-e736-40fa-a7ac-fb394448e171{ip: 192.168.5.157, host: trunk-nightly-6h29n-2077950039, networkLocation: /default-rack, certSerialId: null}, Type:RATIS, Factor:ONE, State:OPEN]
2019-07-14 04:35:27,994 INFO  impl.RaftServerProxy (RaftServerProxy.java:addNew(89)) - 95662b28-5ab4-47dc-8868-1ce1bf3116bf: addNew group-D275156E8A87:[95662b28-5ab4-47dc-8868-1ce1bf3116bf:192.168.5.157:42507] returns group-D275156E8A87:java.util.concurrent.CompletableFuture@275cc276[Not completed]
2019-07-14 04:35:28,056 INFO  impl.RaftServerImpl (RaftServerImpl.java:<init>(93)) - 95662b28-5ab4-47dc-8868-1ce1bf3116bf: new RaftServerImpl for group-D275156E8A87:[95662b28-5ab4-47dc-8868-1ce1bf3116bf:192.168.5.157:42507] with ContainerStateMachine:uninitialized
2019-07-14 04:35:28,058 INFO  server.RaftServerConfigKeys (ConfUtils.java:logGet(43)) - raft.server.rpc.timeout.min = 5s (custom)
2019-07-14 04:35:28,058 INFO  server.RaftServerConfigKeys (ConfUtils.java:logGet(43)) - raft.server.rpc.timeout.max = 5200ms (custom)
2019-07-14 04:35:28,058 INFO  server.RaftServerConfigKeys (ConfUtils.java:logGet(43)) - raft.server.rpcslowness.timeout = 120s (custom)
2019-07-14 04:35:28,059 INFO  server.RaftServerConfigKeys (ConfUtils.java:logGet(43)) - raft.server.sleep.deviation.threshold = 300 (default)
2019-07-14 04:35:28,059 INFO  server.RaftServerConfigKeys (ConfUtils.java:logGet(43)) - raft.server.log.appender.install.snapshot.enabled = false (custom)
2019-07-14 04:35:28,059 INFO  impl.RaftServerImpl (ServerState.java:<init>(105)) - 95662b28-5ab4-47dc-8868-1ce1bf3116bf:group-D275156E8A87 ConfigurationManager, init=-1: [95662b28-5ab4-47dc-8868-1ce1bf3116bf:192.168.5.157:42507], old=null, confs=<EMPTY_MAP>
2019-07-14 04:35:28,059 INFO  server.RaftServerConfigKeys (ConfUtils.java:logGet(43)) - raft.server.storage.dir = [/tmp/workdir/hadoop-ozone/integration-test/target/test-dir/MiniOzoneClusterImpl-e405d3e1-866f-49a9-9535-2d6e1521d247/datanode-1/data/ratis] (custom)
2019-07-14 04:35:28,060 INFO  storage.RaftStorageDirectory (RaftStorageDirectory.java:analyzeStorage(246)) - The storage directory /tmp/workdir/hadoop-ozone/integration-test/target/test-dir/MiniOzoneClusterImpl-e405d3e1-866f-49a9-9535-2d6e1521d247/datanode-1/data/ratis/bdf79fce-0f60-4dc8-ac08-d275156e8a87 does not exist. Creating ...
2019-07-14 04:35:28,072 INFO  ozone.MiniOzoneClusterImpl (MiniOzoneClusterImpl.java:lambda$waitForClusterToBeReady$0(142)) - Waiting for cluster to be ready. Got 6 of 7 DN Heartbeats.
2019-07-14 04:35:28,073 INFO  node.SCMNodeManager (SCMNodeManager.java:register(269)) - Registered Data node : f43c6e04-efe7-4641-8c77-fdba4b1a12e7{ip: 192.168.5.157, host: trunk-nightly-6h29n-2077950039, networkLocation: /default-rack, certSerialId: null}
2019-07-14 04:35:28,074 INFO  storage.RaftStorageDirectory (RaftStorageDirectory.java:tryLock(328)) - Lock on /tmp/workdir/hadoop-ozone/integration-test/target/test-dir/MiniOzoneClusterImpl-e405d3e1-866f-49a9-9535-2d6e1521d247/datanode-1/data/ratis/bdf79fce-0f60-4dc8-ac08-d275156e8a87/in_use.lock acquired by nodename 17477@trunk-nightly-6h29n-2077950039
2019-07-14 04:35:28,094 INFO  storage.RaftStorage (RaftStorage.java:format(72)) - Storage directory /tmp/workdir/hadoop-ozone/integration-test/target/test-dir/MiniOzoneClusterImpl-e405d3e1-866f-49a9-9535-2d6e1521d247/datanode-1/data/ratis/bdf79fce-0f60-4dc8-ac08-d275156e8a87 has been successfully formatted.
2019-07-14 04:35:28,096 INFO  ratis.ContainerStateMachine (ContainerStateMachine.java:loadSnapshot(200)) - The snapshot info is null.Setting the last applied index to:(t:0, i:~)
2019-07-14 04:35:28,097 INFO  server.RaftServerConfigKeys (ConfUtils.java:logGet(43)) - raft.server.leader.election.timeout = 120s (custom)
2019-07-14 04:35:28,098 INFO  server.RaftServerConfigKeys (ConfUtils.java:logGet(43)) - raft.server.log.use.memory = false (default)
2019-07-14 04:35:28,098 INFO  server.RaftServerConfigKeys (ConfUtils.java:logGet(43)) - raft.server.log.purge.gap = 1000000000 (custom)
2019-07-14 04:35:28,098 INFO  server.RaftServerConfigKeys (ConfUtils.java:logGet(43)) - raft.server.log.appender.buffer.byte-limit = 33554432 (custom)
2019-07-14 04:35:28,098 INFO  server.RaftServerConfigKeys (ConfUtils.java:logGet(43)) - raft.server.log.segment.size.max = 1048576 (custom)
2019-07-14 04:35:28,098 INFO  server.RaftServerConfigKeys (ConfUtils.java:logGet(43)) - raft.server.log.segment.cache.num.max = 2 (custom)
2019-07-14 04:35:28,099 INFO  segmented.SegmentedRaftLogWorker (SegmentedRaftLogWorker.java:<init>(172)) - new 95662b28-5ab4-47dc-8868-1ce1bf3116bf-SegmentedRaftLogWorker:Storage Directory /tmp/workdir/hadoop-ozone/integration-test/target/test-dir/MiniOzoneClusterImpl-e405d3e1-866f-49a9-9535-2d6e1521d247/datanode-1/data/ratis/bdf79fce-0f60-4dc8-ac08-d275156e8a87 for RaftStorage:Storage Directory /tmp/workdir/hadoop-ozone/integration-test/target/test-dir/MiniOzoneClusterImpl-e405d3e1-866f-49a9-9535-2d6e1521d247/datanode-1/data/ratis/bdf79fce-0f60-4dc8-ac08-d275156e8a87
2019-07-14 04:35:28,100 INFO  server.RaftServerConfigKeys (ConfUtils.java:logGet(43)) - raft.server.log.queue.byte-limit = 2147483647 (custom)
2019-07-14 04:35:28,100 INFO  server.RaftServerConfigKeys (ConfUtils.java:logGet(43)) - raft.server.log.queue.element-limit = 1024 (custom)
2019-07-14 04:35:28,101 INFO  server.RaftServerConfigKeys (ConfUtils.java:logGet(43)) - raft.server.log.segment.size.max = 1048576 (custom)
2019-07-14 04:35:28,101 INFO  server.RaftServerConfigKeys (ConfUtils.java:logGet(43)) - raft.server.log.preallocated.size = 16384 (custom)
2019-07-14 04:35:28,101 INFO  server.RaftServerConfigKeys (ConfUtils.java:logGet(43)) - raft.server.log.write.buffer.size = 33554432 (custom)
2019-07-14 04:35:28,102 INFO  server.RaftServerConfigKeys (ConfUtils.java:logGet(43)) - raft.server.log.force.sync.num = 128 (default)
2019-07-14 04:35:28,102 INFO  server.RaftServerConfigKeys (ConfUtils.java:logGet(43)) - raft.server.log.statemachine.data.sync = true (default)
2019-07-14 04:35:28,102 INFO  server.RaftServerConfigKeys (ConfUtils.java:logGet(43)) - raft.server.log.statemachine.data.sync.timeout = 10s (default)
2019-07-14 04:35:28,102 INFO  server.RaftServerConfigKeys (ConfUtils.java:logGet(43)) - raft.server.log.statemachine.data.sync.timeout.retry = -1 (default)
2019-07-14 04:35:28,103 INFO  server.RaftServerConfigKeys (ConfUtils.java:logGet(43)) - raft.server.log.statemachine.data.caching.enabled = true (custom)
2019-07-14 04:35:28,103 INFO  segmented.SegmentedRaftLogWorker (SegmentedRaftLogWorker.java:lambda$new$0(132)) - 95662b28-5ab4-47dc-8868-1ce1bf3116bf-SegmentedRaftLogWorker:Storage Directory /tmp/workdir/hadoop-ozone/integration-test/target/test-dir/MiniOzoneClusterImpl-e405d3e1-866f-49a9-9535-2d6e1521d247/datanode-1/data/ratis/bdf79fce-0f60-4dc8-ac08-d275156e8a87: flushIndex: setUnconditionally 0 -> -1
2019-07-14 04:35:28,104 INFO  server.RaftServerConfigKeys (ConfUtils.java:logGet(43)) - raft.server.snapshot.auto.trigger.enabled = true (custom)
2019-07-14 04:35:28,104 INFO  server.RaftServerConfigKeys (ConfUtils.java:logGet(43)) - raft.server.snapshot.auto.trigger.threshold = 10000 (custom)
2019-07-14 04:35:28,104 INFO  server.RaftServerConfigKeys (ConfUtils.java:logGet(43)) - raft.server.retrycache.expirytime = 600000ms (custom)
2019-07-14 04:35:28,104 INFO  impl.RaftServerImpl (RaftServerImpl.java:start(180)) - 95662b28-5ab4-47dc-8868-1ce1bf3116bf: start group-D275156E8A87
2019-07-14 04:35:28,105 INFO  impl.RaftServerImpl (RaftServerImpl.java:setRole(171)) - 95662b28-5ab4-47dc-8868-1ce1bf3116bf:group-D275156E8A87 changes role from null to FOLLOWER at term 0 for startAsFollower
2019-07-14 04:35:28,105 INFO  impl.RoleInfo (RoleInfo.java:updateAndGet(143)) - 95662b28-5ab4-47dc-8868-1ce1bf3116bf: start FollowerState
2019-07-14 04:35:28,107 INFO  util.JmxRegister (JmxRegister.java:tryRegister(44)) - Successfully registered JMX Bean with object name Ratis:service=RaftServer,group=group-D275156E8A87,id=95662b28-5ab4-47dc-8868-1ce1bf3116bf
2019-07-14 04:35:28,124 INFO  pipeline.PipelineStateManager (PipelineStateManager.java:addPipeline(56)) - Created pipeline Pipeline[ Id: bdf79fce-0f60-4dc8-ac08-d275156e8a87, Nodes: 95662b28-5ab4-47dc-8868-1ce1bf3116bf{ip: 192.168.5.157, host: trunk-nightly-6h29n-2077950039, networkLocation: /default-rack, certSerialId: null}, Type:RATIS, Factor:ONE, State:OPEN]
2019-07-14 04:35:28,156 INFO  impl.RaftServerProxy (RaftServerProxy.java:addNew(89)) - 28643ef2-7003-48bb-a8f6-fe4dd83568f6: addNew group-14F8127A9B1D:[28643ef2-7003-48bb-a8f6-fe4dd83568f6:192.168.5.157:39888] returns group-14F8127A9B1D:java.util.concurrent.CompletableFuture@3fb9117c[Not completed]
2019-07-14 04:35:28,169 INFO  impl.RaftServerImpl (RaftServerImpl.java:<init>(93)) - 28643ef2-7003-48bb-a8f6-fe4dd83568f6: new RaftServerImpl for group-14F8127A9B1D:[28643ef2-7003-48bb-a8f6-fe4dd83568f6:192.168.5.157:39888] with ContainerStateMachine:uninitialized
2019-07-14 04:35:28,169 INFO  server.RaftServerConfigKeys (ConfUtils.java:logGet(43)) - raft.server.rpc.timeout.min = 5s (custom)
2019-07-14 04:35:28,169 INFO  server.RaftServerConfigKeys (ConfUtils.java:logGet(43)) - raft.server.rpc.timeout.max = 5200ms (custom)
2019-07-14 04:35:28,169 INFO  server.RaftServerConfigKeys (ConfUtils.java:logGet(43)) - raft.server.rpcslowness.timeout = 120s (custom)
2019-07-14 04:35:28,169 INFO  server.RaftServerConfigKeys (ConfUtils.java:logGet(43)) - raft.server.sleep.deviation.threshold = 300 (default)
2019-07-14 04:35:28,170 INFO  server.RaftServerConfigKeys (ConfUtils.java:logGet(43)) - raft.server.log.appender.install.snapshot.enabled = false (custom)
2019-07-14 04:35:28,170 INFO  impl.RaftServerImpl (ServerState.java:<init>(105)) - 28643ef2-7003-48bb-a8f6-fe4dd83568f6:group-14F8127A9B1D ConfigurationManager, init=-1: [28643ef2-7003-48bb-a8f6-fe4dd83568f6:192.168.5.157:39888], old=null, confs=<EMPTY_MAP>
2019-07-14 04:35:28,170 INFO  server.RaftServerConfigKeys (ConfUtils.java:logGet(43)) - raft.server.storage.dir = [/tmp/workdir/hadoop-ozone/integration-test/target/test-dir/MiniOzoneClusterImpl-e405d3e1-866f-49a9-9535-2d6e1521d247/datanode-3/data/ratis] (custom)
2019-07-14 04:35:28,171 INFO  storage.RaftStorageDirectory (RaftStorageDirectory.java:analyzeStorage(246)) - The storage directory /tmp/workdir/hadoop-ozone/integration-test/target/test-dir/MiniOzoneClusterImpl-e405d3e1-866f-49a9-9535-2d6e1521d247/datanode-3/data/ratis/78aabe4d-9f70-4607-9f49-14f8127a9b1d does not exist. Creating ...
2019-07-14 04:35:28,175 INFO  storage.RaftStorageDirectory (RaftStorageDirectory.java:tryLock(328)) - Lock on /tmp/workdir/hadoop-ozone/integration-test/target/test-dir/MiniOzoneClusterImpl-e405d3e1-866f-49a9-9535-2d6e1521d247/datanode-3/data/ratis/78aabe4d-9f70-4607-9f49-14f8127a9b1d/in_use.lock acquired by nodename 17477@trunk-nightly-6h29n-2077950039
2019-07-14 04:35:28,187 INFO  storage.RaftStorage (RaftStorage.java:format(72)) - Storage directory /tmp/workdir/hadoop-ozone/integration-test/target/test-dir/MiniOzoneClusterImpl-e405d3e1-866f-49a9-9535-2d6e1521d247/datanode-3/data/ratis/78aabe4d-9f70-4607-9f49-14f8127a9b1d has been successfully formatted.
2019-07-14 04:35:28,188 INFO  ratis.ContainerStateMachine (ContainerStateMachine.java:loadSnapshot(200)) - The snapshot info is null.Setting the last applied index to:(t:0, i:~)
2019-07-14 04:35:28,188 INFO  server.RaftServerConfigKeys (ConfUtils.java:logGet(43)) - raft.server.leader.election.timeout = 120s (custom)
2019-07-14 04:35:28,188 INFO  server.RaftServerConfigKeys (ConfUtils.java:logGet(43)) - raft.server.log.use.memory = false (default)
2019-07-14 04:35:28,188 INFO  server.RaftServerConfigKeys (ConfUtils.java:logGet(43)) - raft.server.log.purge.gap = 1000000000 (custom)
2019-07-14 04:35:28,189 INFO  server.RaftServerConfigKeys (ConfUtils.java:logGet(43)) - raft.server.log.appender.buffer.byte-limit = 33554432 (custom)
2019-07-14 04:35:28,189 INFO  server.RaftServerConfigKeys (ConfUtils.java:logGet(43)) - raft.server.log.segment.size.max = 1048576 (custom)
2019-07-14 04:35:28,189 INFO  server.RaftServerConfigKeys (ConfUtils.java:logGet(43)) - raft.server.log.segment.cache.num.max = 2 (custom)
2019-07-14 04:35:28,189 INFO  segmented.SegmentedRaftLogWorker (SegmentedRaftLogWorker.java:<init>(172)) - new 28643ef2-7003-48bb-a8f6-fe4dd83568f6-SegmentedRaftLogWorker:Storage Directory /tmp/workdir/hadoop-ozone/integration-test/target/test-dir/MiniOzoneClusterImpl-e405d3e1-866f-49a9-9535-2d6e1521d247/datanode-3/data/ratis/78aabe4d-9f70-4607-9f49-14f8127a9b1d for RaftStorage:Storage Directory /tmp/workdir/hadoop-ozone/integration-test/target/test-dir/MiniOzoneClusterImpl-e405d3e1-866f-49a9-9535-2d6e1521d247/datanode-3/data/ratis/78aabe4d-9f70-4607-9f49-14f8127a9b1d
2019-07-14 04:35:28,189 INFO  server.RaftServerConfigKeys (ConfUtils.java:logGet(43)) - raft.server.log.queue.byte-limit = 2147483647 (custom)
2019-07-14 04:35:28,190 INFO  server.RaftServerConfigKeys (ConfUtils.java:logGet(43)) - raft.server.log.queue.element-limit = 1024 (custom)
2019-07-14 04:35:28,190 INFO  server.RaftServerConfigKeys (ConfUtils.java:logGet(43)) - raft.server.log.segment.size.max = 1048576 (custom)
2019-07-14 04:35:28,190 INFO  server.RaftServerConfigKeys (ConfUtils.java:logGet(43)) - raft.server.log.preallocated.size = 16384 (custom)
2019-07-14 04:35:28,190 INFO  server.RaftServerConfigKeys (ConfUtils.java:logGet(43)) - raft.server.log.write.buffer.size = 33554432 (custom)
2019-07-14 04:35:28,191 INFO  server.RaftServerConfigKeys (ConfUtils.java:logGet(43)) - raft.server.log.force.sync.num = 128 (default)
2019-07-14 04:35:28,191 INFO  server.RaftServerConfigKeys (ConfUtils.java:logGet(43)) - raft.server.log.statemachine.data.sync = true (default)
2019-07-14 04:35:28,191 INFO  server.RaftServerConfigKeys (ConfUtils.java:logGet(43)) - raft.server.log.statemachine.data.sync.timeout = 10s (default)
2019-07-14 04:35:28,191 INFO  server.RaftServerConfigKeys (ConfUtils.java:logGet(43)) - raft.server.log.statemachine.data.sync.timeout.retry = -1 (default)
2019-07-14 04:35:28,192 INFO  server.RaftServerConfigKeys (ConfUtils.java:logGet(43)) - raft.server.log.statemachine.data.caching.enabled = true (custom)
2019-07-14 04:35:28,192 INFO  segmented.SegmentedRaftLogWorker (SegmentedRaftLogWorker.java:lambda$new$0(132)) - 28643ef2-7003-48bb-a8f6-fe4dd83568f6-SegmentedRaftLogWorker:Storage Directory /tmp/workdir/hadoop-ozone/integration-test/target/test-dir/MiniOzoneClusterImpl-e405d3e1-866f-49a9-9535-2d6e1521d247/datanode-3/data/ratis/78aabe4d-9f70-4607-9f49-14f8127a9b1d: flushIndex: setUnconditionally 0 -> -1
2019-07-14 04:35:28,193 INFO  server.RaftServerConfigKeys (ConfUtils.java:logGet(43)) - raft.server.snapshot.auto.trigger.enabled = true (custom)
2019-07-14 04:35:28,193 INFO  server.RaftServerConfigKeys (ConfUtils.java:logGet(43)) - raft.server.snapshot.auto.trigger.threshold = 10000 (custom)
2019-07-14 04:35:28,193 INFO  server.RaftServerConfigKeys (ConfUtils.java:logGet(43)) - raft.server.retrycache.expirytime = 600000ms (custom)
2019-07-14 04:35:28,194 INFO  impl.RaftServerImpl (RaftServerImpl.java:start(180)) - 28643ef2-7003-48bb-a8f6-fe4dd83568f6: start group-14F8127A9B1D
2019-07-14 04:35:28,194 INFO  impl.RaftServerImpl (RaftServerImpl.java:setRole(171)) - 28643ef2-7003-48bb-a8f6-fe4dd83568f6:group-14F8127A9B1D changes role from null to FOLLOWER at term 0 for startAsFollower
2019-07-14 04:35:28,194 INFO  impl.RoleInfo (RoleInfo.java:updateAndGet(143)) - 28643ef2-7003-48bb-a8f6-fe4dd83568f6: start FollowerState
2019-07-14 04:35:28,194 INFO  util.JmxRegister (JmxRegister.java:tryRegister(44)) - Successfully registered JMX Bean with object name Ratis:service=RaftServer,group=group-14F8127A9B1D,id=28643ef2-7003-48bb-a8f6-fe4dd83568f6
2019-07-14 04:35:28,208 INFO  pipeline.PipelineStateManager (PipelineStateManager.java:addPipeline(56)) - Created pipeline Pipeline[ Id: 78aabe4d-9f70-4607-9f49-14f8127a9b1d, Nodes: 28643ef2-7003-48bb-a8f6-fe4dd83568f6{ip: 192.168.5.157, host: trunk-nightly-6h29n-2077950039, networkLocation: /default-rack, certSerialId: null}, Type:RATIS, Factor:ONE, State:OPEN]
2019-07-14 04:35:28,233 INFO  impl.RaftServerProxy (RaftServerProxy.java:addNew(89)) - 9c4ed4db-4d02-46d6-b0ab-296618f62583: addNew group-D3468A86E2DB:[9c4ed4db-4d02-46d6-b0ab-296618f62583:192.168.5.157:34055] returns group-D3468A86E2DB:java.util.concurrent.CompletableFuture@39fee96d[Not completed]
2019-07-14 04:35:28,242 INFO  impl.RaftServerImpl (RaftServerImpl.java:<init>(93)) - 9c4ed4db-4d02-46d6-b0ab-296618f62583: new RaftServerImpl for group-D3468A86E2DB:[9c4ed4db-4d02-46d6-b0ab-296618f62583:192.168.5.157:34055] with ContainerStateMachine:uninitialized
2019-07-14 04:35:28,242 INFO  server.RaftServerConfigKeys (ConfUtils.java:logGet(43)) - raft.server.rpc.timeout.min = 5s (custom)
2019-07-14 04:35:28,243 INFO  server.RaftServerConfigKeys (ConfUtils.java:logGet(43)) - raft.server.rpc.timeout.max = 5200ms (custom)
2019-07-14 04:35:28,243 INFO  server.RaftServerConfigKeys (ConfUtils.java:logGet(43)) - raft.server.rpcslowness.timeout = 120s (custom)
2019-07-14 04:35:28,243 INFO  server.RaftServerConfigKeys (ConfUtils.java:logGet(43)) - raft.server.sleep.deviation.threshold = 300 (default)
2019-07-14 04:35:28,243 INFO  server.RaftServerConfigKeys (ConfUtils.java:logGet(43)) - raft.server.log.appender.install.snapshot.enabled = false (custom)
2019-07-14 04:35:28,243 INFO  impl.RaftServerImpl (ServerState.java:<init>(105)) - 9c4ed4db-4d02-46d6-b0ab-296618f62583:group-D3468A86E2DB ConfigurationManager, init=-1: [9c4ed4db-4d02-46d6-b0ab-296618f62583:192.168.5.157:34055], old=null, confs=<EMPTY_MAP>
2019-07-14 04:35:28,244 INFO  server.RaftServerConfigKeys (ConfUtils.java:logGet(43)) - raft.server.storage.dir = [/tmp/workdir/hadoop-ozone/integration-test/target/test-dir/MiniOzoneClusterImpl-e405d3e1-866f-49a9-9535-2d6e1521d247/datanode-4/data/ratis] (custom)
2019-07-14 04:35:28,244 INFO  storage.RaftStorageDirectory (RaftStorageDirectory.java:analyzeStorage(246)) - The storage directory /tmp/workdir/hadoop-ozone/integration-test/target/test-dir/MiniOzoneClusterImpl-e405d3e1-866f-49a9-9535-2d6e1521d247/datanode-4/data/ratis/9b9bab34-d73e-4f64-9aa4-d3468a86e2db does not exist. Creating ...
2019-07-14 04:35:28,256 INFO  storage.RaftStorageDirectory (RaftStorageDirectory.java:tryLock(328)) - Lock on /tmp/workdir/hadoop-ozone/integration-test/target/test-dir/MiniOzoneClusterImpl-e405d3e1-866f-49a9-9535-2d6e1521d247/datanode-4/data/ratis/9b9bab34-d73e-4f64-9aa4-d3468a86e2db/in_use.lock acquired by nodename 17477@trunk-nightly-6h29n-2077950039
2019-07-14 04:35:28,268 INFO  storage.RaftStorage (RaftStorage.java:format(72)) - Storage directory /tmp/workdir/hadoop-ozone/integration-test/target/test-dir/MiniOzoneClusterImpl-e405d3e1-866f-49a9-9535-2d6e1521d247/datanode-4/data/ratis/9b9bab34-d73e-4f64-9aa4-d3468a86e2db has been successfully formatted.
2019-07-14 04:35:28,268 INFO  ratis.ContainerStateMachine (ContainerStateMachine.java:loadSnapshot(200)) - The snapshot info is null.Setting the last applied index to:(t:0, i:~)
2019-07-14 04:35:28,269 INFO  server.RaftServerConfigKeys (ConfUtils.java:logGet(43)) - raft.server.leader.election.timeout = 120s (custom)
2019-07-14 04:35:28,269 INFO  server.RaftServerConfigKeys (ConfUtils.java:logGet(43)) - raft.server.log.use.memory = false (default)
2019-07-14 04:35:28,269 INFO  server.RaftServerConfigKeys (ConfUtils.java:logGet(43)) - raft.server.log.purge.gap = 1000000000 (custom)
2019-07-14 04:35:28,269 INFO  server.RaftServerConfigKeys (ConfUtils.java:logGet(43)) - raft.server.log.appender.buffer.byte-limit = 33554432 (custom)
2019-07-14 04:35:28,269 INFO  server.RaftServerConfigKeys (ConfUtils.java:logGet(43)) - raft.server.log.segment.size.max = 1048576 (custom)
2019-07-14 04:35:28,270 INFO  server.RaftServerConfigKeys (ConfUtils.java:logGet(43)) - raft.server.log.segment.cache.num.max = 2 (custom)
2019-07-14 04:35:28,270 INFO  segmented.SegmentedRaftLogWorker (SegmentedRaftLogWorker.java:<init>(172)) - new 9c4ed4db-4d02-46d6-b0ab-296618f62583-SegmentedRaftLogWorker:Storage Directory /tmp/workdir/hadoop-ozone/integration-test/target/test-dir/MiniOzoneClusterImpl-e405d3e1-866f-49a9-9535-2d6e1521d247/datanode-4/data/ratis/9b9bab34-d73e-4f64-9aa4-d3468a86e2db for RaftStorage:Storage Directory /tmp/workdir/hadoop-ozone/integration-test/target/test-dir/MiniOzoneClusterImpl-e405d3e1-866f-49a9-9535-2d6e1521d247/datanode-4/data/ratis/9b9bab34-d73e-4f64-9aa4-d3468a86e2db
2019-07-14 04:35:28,270 INFO  server.RaftServerConfigKeys (ConfUtils.java:logGet(43)) - raft.server.log.queue.byte-limit = 2147483647 (custom)
2019-07-14 04:35:28,270 INFO  server.RaftServerConfigKeys (ConfUtils.java:logGet(43)) - raft.server.log.queue.element-limit = 1024 (custom)
2019-07-14 04:35:28,271 INFO  server.RaftServerConfigKeys (ConfUtils.java:logGet(43)) - raft.server.log.segment.size.max = 1048576 (custom)
2019-07-14 04:35:28,271 INFO  server.RaftServerConfigKeys (ConfUtils.java:logGet(43)) - raft.server.log.preallocated.size = 16384 (custom)
2019-07-14 04:35:28,271 INFO  server.RaftServerConfigKeys (ConfUtils.java:logGet(43)) - raft.server.log.write.buffer.size = 33554432 (custom)
2019-07-14 04:35:28,271 INFO  server.RaftServerConfigKeys (ConfUtils.java:logGet(43)) - raft.server.log.force.sync.num = 128 (default)
2019-07-14 04:35:28,271 INFO  server.RaftServerConfigKeys (ConfUtils.java:logGet(43)) - raft.server.log.statemachine.data.sync = true (default)
2019-07-14 04:35:28,272 INFO  server.RaftServerConfigKeys (ConfUtils.java:logGet(43)) - raft.server.log.statemachine.data.sync.timeout = 10s (default)
2019-07-14 04:35:28,272 INFO  server.RaftServerConfigKeys (ConfUtils.java:logGet(43)) - raft.server.log.statemachine.data.sync.timeout.retry = -1 (default)
2019-07-14 04:35:28,272 INFO  server.RaftServerConfigKeys (ConfUtils.java:logGet(43)) - raft.server.log.statemachine.data.caching.enabled = true (custom)
2019-07-14 04:35:28,273 INFO  segmented.SegmentedRaftLogWorker (SegmentedRaftLogWorker.java:lambda$new$0(132)) - 9c4ed4db-4d02-46d6-b0ab-296618f62583-SegmentedRaftLogWorker:Storage Directory /tmp/workdir/hadoop-ozone/integration-test/target/test-dir/MiniOzoneClusterImpl-e405d3e1-866f-49a9-9535-2d6e1521d247/datanode-4/data/ratis/9b9bab34-d73e-4f64-9aa4-d3468a86e2db: flushIndex: setUnconditionally 0 -> -1
2019-07-14 04:35:28,273 INFO  server.RaftServerConfigKeys (ConfUtils.java:logGet(43)) - raft.server.snapshot.auto.trigger.enabled = true (custom)
2019-07-14 04:35:28,273 INFO  server.RaftServerConfigKeys (ConfUtils.java:logGet(43)) - raft.server.snapshot.auto.trigger.threshold = 10000 (custom)
2019-07-14 04:35:28,273 INFO  server.RaftServerConfigKeys (ConfUtils.java:logGet(43)) - raft.server.retrycache.expirytime = 600000ms (custom)
2019-07-14 04:35:28,274 INFO  impl.RaftServerImpl (RaftServerImpl.java:start(180)) - 9c4ed4db-4d02-46d6-b0ab-296618f62583: start group-D3468A86E2DB
2019-07-14 04:35:28,274 INFO  impl.RaftServerImpl (RaftServerImpl.java:setRole(171)) - 9c4ed4db-4d02-46d6-b0ab-296618f62583:group-D3468A86E2DB changes role from null to FOLLOWER at term 0 for startAsFollower
2019-07-14 04:35:28,274 INFO  impl.RoleInfo (RoleInfo.java:updateAndGet(143)) - 9c4ed4db-4d02-46d6-b0ab-296618f62583: start FollowerState
2019-07-14 04:35:28,275 INFO  util.JmxRegister (JmxRegister.java:tryRegister(44)) - Successfully registered JMX Bean with object name Ratis:service=RaftServer,group=group-D3468A86E2DB,id=9c4ed4db-4d02-46d6-b0ab-296618f62583
2019-07-14 04:35:28,291 INFO  pipeline.PipelineStateManager (PipelineStateManager.java:addPipeline(56)) - Created pipeline Pipeline[ Id: 9b9bab34-d73e-4f64-9aa4-d3468a86e2db, Nodes: 9c4ed4db-4d02-46d6-b0ab-296618f62583{ip: 192.168.5.157, host: trunk-nightly-6h29n-2077950039, networkLocation: /default-rack, certSerialId: null}, Type:RATIS, Factor:ONE, State:OPEN]
2019-07-14 04:35:28,319 INFO  impl.RaftServerProxy (RaftServerProxy.java:addNew(89)) - 49cd6ec5-59f0-4c7c-968f-a0b3b7f8f56d: addNew group-8125ED6A5BA4:[49cd6ec5-59f0-4c7c-968f-a0b3b7f8f56d:192.168.5.157:42622] returns group-8125ED6A5BA4:java.util.concurrent.CompletableFuture@5689b268[Not completed]
2019-07-14 04:35:28,320 INFO  impl.RaftServerImpl (RaftServerImpl.java:<init>(93)) - 49cd6ec5-59f0-4c7c-968f-a0b3b7f8f56d: new RaftServerImpl for group-8125ED6A5BA4:[49cd6ec5-59f0-4c7c-968f-a0b3b7f8f56d:192.168.5.157:42622] with ContainerStateMachine:uninitialized
2019-07-14 04:35:28,321 INFO  server.RaftServerConfigKeys (ConfUtils.java:logGet(43)) - raft.server.rpc.timeout.min = 5s (custom)
2019-07-14 04:35:28,321 INFO  server.RaftServerConfigKeys (ConfUtils.java:logGet(43)) - raft.server.rpc.timeout.max = 5200ms (custom)
2019-07-14 04:35:28,321 INFO  server.RaftServerConfigKeys (ConfUtils.java:logGet(43)) - raft.server.rpcslowness.timeout = 120s (custom)
2019-07-14 04:35:28,321 INFO  server.RaftServerConfigKeys (ConfUtils.java:logGet(43)) - raft.server.sleep.deviation.threshold = 300 (default)
2019-07-14 04:35:28,321 INFO  server.RaftServerConfigKeys (ConfUtils.java:logGet(43)) - raft.server.log.appender.install.snapshot.enabled = false (custom)
2019-07-14 04:35:28,322 INFO  impl.RaftServerImpl (ServerState.java:<init>(105)) - 49cd6ec5-59f0-4c7c-968f-a0b3b7f8f56d:group-8125ED6A5BA4 ConfigurationManager, init=-1: [49cd6ec5-59f0-4c7c-968f-a0b3b7f8f56d:192.168.5.157:42622], old=null, confs=<EMPTY_MAP>
2019-07-14 04:35:28,322 INFO  server.RaftServerConfigKeys (ConfUtils.java:logGet(43)) - raft.server.storage.dir = [/tmp/workdir/hadoop-ozone/integration-test/target/test-dir/MiniOzoneClusterImpl-e405d3e1-866f-49a9-9535-2d6e1521d247/datanode-5/data/ratis] (custom)
2019-07-14 04:35:28,322 INFO  storage.RaftStorageDirectory (RaftStorageDirectory.java:analyzeStorage(246)) - The storage directory /tmp/workdir/hadoop-ozone/integration-test/target/test-dir/MiniOzoneClusterImpl-e405d3e1-866f-49a9-9535-2d6e1521d247/datanode-5/data/ratis/ad2107a5-4445-46c2-bb44-8125ed6a5ba4 does not exist. Creating ...
2019-07-14 04:35:28,335 INFO  storage.RaftStorageDirectory (RaftStorageDirectory.java:tryLock(328)) - Lock on /tmp/workdir/hadoop-ozone/integration-test/target/test-dir/MiniOzoneClusterImpl-e405d3e1-866f-49a9-9535-2d6e1521d247/datanode-5/data/ratis/ad2107a5-4445-46c2-bb44-8125ed6a5ba4/in_use.lock acquired by nodename 17477@trunk-nightly-6h29n-2077950039
2019-07-14 04:35:28,345 INFO  storage.RaftStorage (RaftStorage.java:format(72)) - Storage directory /tmp/workdir/hadoop-ozone/integration-test/target/test-dir/MiniOzoneClusterImpl-e405d3e1-866f-49a9-9535-2d6e1521d247/datanode-5/data/ratis/ad2107a5-4445-46c2-bb44-8125ed6a5ba4 has been successfully formatted.
2019-07-14 04:35:28,346 INFO  ratis.ContainerStateMachine (ContainerStateMachine.java:loadSnapshot(200)) - The snapshot info is null.Setting the last applied index to:(t:0, i:~)
2019-07-14 04:35:28,346 INFO  server.RaftServerConfigKeys (ConfUtils.java:logGet(43)) - raft.server.leader.election.timeout = 120s (custom)
2019-07-14 04:35:28,346 INFO  server.RaftServerConfigKeys (ConfUtils.java:logGet(43)) - raft.server.log.use.memory = false (default)
2019-07-14 04:35:28,346 INFO  server.RaftServerConfigKeys (ConfUtils.java:logGet(43)) - raft.server.log.purge.gap = 1000000000 (custom)
2019-07-14 04:35:28,346 INFO  server.RaftServerConfigKeys (ConfUtils.java:logGet(43)) - raft.server.log.appender.buffer.byte-limit = 33554432 (custom)
2019-07-14 04:35:28,347 INFO  server.RaftServerConfigKeys (ConfUtils.java:logGet(43)) - raft.server.log.segment.size.max = 1048576 (custom)
2019-07-14 04:35:28,347 INFO  server.RaftServerConfigKeys (ConfUtils.java:logGet(43)) - raft.server.log.segment.cache.num.max = 2 (custom)
2019-07-14 04:35:28,347 INFO  segmented.SegmentedRaftLogWorker (SegmentedRaftLogWorker.java:<init>(172)) - new 49cd6ec5-59f0-4c7c-968f-a0b3b7f8f56d-SegmentedRaftLogWorker:Storage Directory /tmp/workdir/hadoop-ozone/integration-test/target/test-dir/MiniOzoneClusterImpl-e405d3e1-866f-49a9-9535-2d6e1521d247/datanode-5/data/ratis/ad2107a5-4445-46c2-bb44-8125ed6a5ba4 for RaftStorage:Storage Directory /tmp/workdir/hadoop-ozone/integration-test/target/test-dir/MiniOzoneClusterImpl-e405d3e1-866f-49a9-9535-2d6e1521d247/datanode-5/data/ratis/ad2107a5-4445-46c2-bb44-8125ed6a5ba4
2019-07-14 04:35:28,347 INFO  server.RaftServerConfigKeys (ConfUtils.java:logGet(43)) - raft.server.log.queue.byte-limit = 2147483647 (custom)
2019-07-14 04:35:28,347 INFO  server.RaftServerConfigKeys (ConfUtils.java:logGet(43)) - raft.server.log.queue.element-limit = 1024 (custom)
2019-07-14 04:35:28,348 INFO  server.RaftServerConfigKeys (ConfUtils.java:logGet(43)) - raft.server.log.segment.size.max = 1048576 (custom)
2019-07-14 04:35:28,348 INFO  server.RaftServerConfigKeys (ConfUtils.java:logGet(43)) - raft.server.log.preallocated.size = 16384 (custom)
2019-07-14 04:35:28,348 INFO  server.RaftServerConfigKeys (ConfUtils.java:logGet(43)) - raft.server.log.write.buffer.size = 33554432 (custom)
2019-07-14 04:35:28,348 INFO  server.RaftServerConfigKeys (ConfUtils.java:logGet(43)) - raft.server.log.force.sync.num = 128 (default)
2019-07-14 04:35:28,348 INFO  server.RaftServerConfigKeys (ConfUtils.java:logGet(43)) - raft.server.log.statemachine.data.sync = true (default)
2019-07-14 04:35:28,349 INFO  server.RaftServerConfigKeys (ConfUtils.java:logGet(43)) - raft.server.log.statemachine.data.sync.timeout = 10s (default)
2019-07-14 04:35:28,349 INFO  server.RaftServerConfigKeys (ConfUtils.java:logGet(43)) - raft.server.log.statemachine.data.sync.timeout.retry = -1 (default)
2019-07-14 04:35:28,349 INFO  server.RaftServerConfigKeys (ConfUtils.java:logGet(43)) - raft.server.log.statemachine.data.caching.enabled = true (custom)
2019-07-14 04:35:28,350 INFO  segmented.SegmentedRaftLogWorker (SegmentedRaftLogWorker.java:lambda$new$0(132)) - 49cd6ec5-59f0-4c7c-968f-a0b3b7f8f56d-SegmentedRaftLogWorker:Storage Directory /tmp/workdir/hadoop-ozone/integration-test/target/test-dir/MiniOzoneClusterImpl-e405d3e1-866f-49a9-9535-2d6e1521d247/datanode-5/data/ratis/ad2107a5-4445-46c2-bb44-8125ed6a5ba4: flushIndex: setUnconditionally 0 -> -1
2019-07-14 04:35:28,350 INFO  server.RaftServerConfigKeys (ConfUtils.java:logGet(43)) - raft.server.snapshot.auto.trigger.enabled = true (custom)
2019-07-14 04:35:28,350 INFO  server.RaftServerConfigKeys (ConfUtils.java:logGet(43)) - raft.server.snapshot.auto.trigger.threshold = 10000 (custom)
2019-07-14 04:35:28,350 INFO  server.RaftServerConfigKeys (ConfUtils.java:logGet(43)) - raft.server.retrycache.expirytime = 600000ms (custom)
2019-07-14 04:35:28,351 INFO  impl.RaftServerImpl (RaftServerImpl.java:start(180)) - 49cd6ec5-59f0-4c7c-968f-a0b3b7f8f56d: start group-8125ED6A5BA4
2019-07-14 04:35:28,351 INFO  impl.RaftServerImpl (RaftServerImpl.java:setRole(171)) - 49cd6ec5-59f0-4c7c-968f-a0b3b7f8f56d:group-8125ED6A5BA4 changes role from null to FOLLOWER at term 0 for startAsFollower
2019-07-14 04:35:28,351 INFO  impl.RoleInfo (RoleInfo.java:updateAndGet(143)) - 49cd6ec5-59f0-4c7c-968f-a0b3b7f8f56d: start FollowerState
2019-07-14 04:35:28,351 INFO  util.JmxRegister (JmxRegister.java:tryRegister(44)) - Successfully registered JMX Bean with object name Ratis:service=RaftServer,group=group-8125ED6A5BA4,id=49cd6ec5-59f0-4c7c-968f-a0b3b7f8f56d
2019-07-14 04:35:28,367 INFO  pipeline.PipelineStateManager (PipelineStateManager.java:addPipeline(56)) - Created pipeline Pipeline[ Id: ad2107a5-4445-46c2-bb44-8125ed6a5ba4, Nodes: 49cd6ec5-59f0-4c7c-968f-a0b3b7f8f56d{ip: 192.168.5.157, host: trunk-nightly-6h29n-2077950039, networkLocation: /default-rack, certSerialId: null}, Type:RATIS, Factor:ONE, State:OPEN]
2019-07-14 04:35:28,395 INFO  impl.RaftServerProxy (RaftServerProxy.java:addNew(89)) - 8bdedefe-810b-4dd5-8dca-659f9b072202: addNew group-BC16AAC7E6CF:[8bdedefe-810b-4dd5-8dca-659f9b072202:192.168.5.157:32899] returns group-BC16AAC7E6CF:java.util.concurrent.CompletableFuture@3a7443cf[Not completed]
2019-07-14 04:35:28,397 INFO  impl.RaftServerImpl (RaftServerImpl.java:<init>(93)) - 8bdedefe-810b-4dd5-8dca-659f9b072202: new RaftServerImpl for group-BC16AAC7E6CF:[8bdedefe-810b-4dd5-8dca-659f9b072202:192.168.5.157:32899] with ContainerStateMachine:uninitialized
2019-07-14 04:35:28,397 INFO  server.RaftServerConfigKeys (ConfUtils.java:logGet(43)) - raft.server.rpc.timeout.min = 5s (custom)
2019-07-14 04:35:28,397 INFO  server.RaftServerConfigKeys (ConfUtils.java:logGet(43)) - raft.server.rpc.timeout.max = 5200ms (custom)
2019-07-14 04:35:28,398 INFO  server.RaftServerConfigKeys (ConfUtils.java:logGet(43)) - raft.server.rpcslowness.timeout = 120s (custom)
2019-07-14 04:35:28,398 INFO  server.RaftServerConfigKeys (ConfUtils.java:logGet(43)) - raft.server.sleep.deviation.threshold = 300 (default)
2019-07-14 04:35:28,398 INFO  server.RaftServerConfigKeys (ConfUtils.java:logGet(43)) - raft.server.log.appender.install.snapshot.enabled = false (custom)
2019-07-14 04:35:28,398 INFO  impl.RaftServerImpl (ServerState.java:<init>(105)) - 8bdedefe-810b-4dd5-8dca-659f9b072202:group-BC16AAC7E6CF ConfigurationManager, init=-1: [8bdedefe-810b-4dd5-8dca-659f9b072202:192.168.5.157:32899], old=null, confs=<EMPTY_MAP>
2019-07-14 04:35:28,398 INFO  server.RaftServerConfigKeys (ConfUtils.java:logGet(43)) - raft.server.storage.dir = [/tmp/workdir/hadoop-ozone/integration-test/target/test-dir/MiniOzoneClusterImpl-e405d3e1-866f-49a9-9535-2d6e1521d247/datanode-2/data/ratis] (custom)
2019-07-14 04:35:28,399 INFO  storage.RaftStorageDirectory (RaftStorageDirectory.java:analyzeStorage(246)) - The storage directory /tmp/workdir/hadoop-ozone/integration-test/target/test-dir/MiniOzoneClusterImpl-e405d3e1-866f-49a9-9535-2d6e1521d247/datanode-2/data/ratis/7900bfb0-906f-4fd2-a91c-bc16aac7e6cf does not exist. Creating ...
2019-07-14 04:35:28,404 INFO  storage.RaftStorageDirectory (RaftStorageDirectory.java:tryLock(328)) - Lock on /tmp/workdir/hadoop-ozone/integration-test/target/test-dir/MiniOzoneClusterImpl-e405d3e1-866f-49a9-9535-2d6e1521d247/datanode-2/data/ratis/7900bfb0-906f-4fd2-a91c-bc16aac7e6cf/in_use.lock acquired by nodename 17477@trunk-nightly-6h29n-2077950039
2019-07-14 04:35:28,408 INFO  storage.RaftStorage (RaftStorage.java:format(72)) - Storage directory /tmp/workdir/hadoop-ozone/integration-test/target/test-dir/MiniOzoneClusterImpl-e405d3e1-866f-49a9-9535-2d6e1521d247/datanode-2/data/ratis/7900bfb0-906f-4fd2-a91c-bc16aac7e6cf has been successfully formatted.
2019-07-14 04:35:28,408 INFO  ratis.ContainerStateMachine (ContainerStateMachine.java:loadSnapshot(200)) - The snapshot info is null.Setting the last applied index to:(t:0, i:~)
2019-07-14 04:35:28,408 INFO  server.RaftServerConfigKeys (ConfUtils.java:logGet(43)) - raft.server.leader.election.timeout = 120s (custom)
2019-07-14 04:35:28,408 INFO  server.RaftServerConfigKeys (ConfUtils.java:logGet(43)) - raft.server.log.use.memory = false (default)
2019-07-14 04:35:28,409 INFO  server.RaftServerConfigKeys (ConfUtils.java:logGet(43)) - raft.server.log.purge.gap = 1000000000 (custom)
2019-07-14 04:35:28,409 INFO  server.RaftServerConfigKeys (ConfUtils.java:logGet(43)) - raft.server.log.appender.buffer.byte-limit = 33554432 (custom)
2019-07-14 04:35:28,409 INFO  server.RaftServerConfigKeys (ConfUtils.java:logGet(43)) - raft.server.log.segment.size.max = 1048576 (custom)
2019-07-14 04:35:28,409 INFO  server.RaftServerConfigKeys (ConfUtils.java:logGet(43)) - raft.server.log.segment.cache.num.max = 2 (custom)
2019-07-14 04:35:28,409 INFO  segmented.SegmentedRaftLogWorker (SegmentedRaftLogWorker.java:<init>(172)) - new 8bdedefe-810b-4dd5-8dca-659f9b072202-SegmentedRaftLogWorker:Storage Directory /tmp/workdir/hadoop-ozone/integration-test/target/test-dir/MiniOzoneClusterImpl-e405d3e1-866f-49a9-9535-2d6e1521d247/datanode-2/data/ratis/7900bfb0-906f-4fd2-a91c-bc16aac7e6cf for RaftStorage:Storage Directory /tmp/workdir/hadoop-ozone/integration-test/target/test-dir/MiniOzoneClusterImpl-e405d3e1-866f-49a9-9535-2d6e1521d247/datanode-2/data/ratis/7900bfb0-906f-4fd2-a91c-bc16aac7e6cf
2019-07-14 04:35:28,410 INFO  server.RaftServerConfigKeys (ConfUtils.java:logGet(43)) - raft.server.log.queue.byte-limit = 2147483647 (custom)
2019-07-14 04:35:28,410 INFO  server.RaftServerConfigKeys (ConfUtils.java:logGet(43)) - raft.server.log.queue.element-limit = 1024 (custom)
2019-07-14 04:35:28,410 INFO  server.RaftServerConfigKeys (ConfUtils.java:logGet(43)) - raft.server.log.segment.size.max = 1048576 (custom)
2019-07-14 04:35:28,410 INFO  server.RaftServerConfigKeys (ConfUtils.java:logGet(43)) - raft.server.log.preallocated.size = 16384 (custom)
2019-07-14 04:35:28,411 INFO  server.RaftServerConfigKeys (ConfUtils.java:logGet(43)) - raft.server.log.write.buffer.size = 33554432 (custom)
2019-07-14 04:35:28,411 INFO  server.RaftServerConfigKeys (ConfUtils.java:logGet(43)) - raft.server.log.force.sync.num = 128 (default)
2019-07-14 04:35:28,411 INFO  server.RaftServerConfigKeys (ConfUtils.java:logGet(43)) - raft.server.log.statemachine.data.sync = true (default)
2019-07-14 04:35:28,411 INFO  server.RaftServerConfigKeys (ConfUtils.java:logGet(43)) - raft.server.log.statemachine.data.sync.timeout = 10s (default)
2019-07-14 04:35:28,411 INFO  server.RaftServerConfigKeys (ConfUtils.java:logGet(43)) - raft.server.log.statemachine.data.sync.timeout.retry = -1 (default)
2019-07-14 04:35:28,412 INFO  server.RaftServerConfigKeys (ConfUtils.java:logGet(43)) - raft.server.log.statemachine.data.caching.enabled = true (custom)
2019-07-14 04:35:28,412 INFO  segmented.SegmentedRaftLogWorker (SegmentedRaftLogWorker.java:lambda$new$0(132)) - 8bdedefe-810b-4dd5-8dca-659f9b072202-SegmentedRaftLogWorker:Storage Directory /tmp/workdir/hadoop-ozone/integration-test/target/test-dir/MiniOzoneClusterImpl-e405d3e1-866f-49a9-9535-2d6e1521d247/datanode-2/data/ratis/7900bfb0-906f-4fd2-a91c-bc16aac7e6cf: flushIndex: setUnconditionally 0 -> -1
2019-07-14 04:35:28,413 INFO  server.RaftServerConfigKeys (ConfUtils.java:logGet(43)) - raft.server.snapshot.auto.trigger.enabled = true (custom)
2019-07-14 04:35:28,413 INFO  server.RaftServerConfigKeys (ConfUtils.java:logGet(43)) - raft.server.snapshot.auto.trigger.threshold = 10000 (custom)
2019-07-14 04:35:28,413 INFO  server.RaftServerConfigKeys (ConfUtils.java:logGet(43)) - raft.server.retrycache.expirytime = 600000ms (custom)
2019-07-14 04:35:28,413 INFO  impl.RaftServerImpl (RaftServerImpl.java:start(180)) - 8bdedefe-810b-4dd5-8dca-659f9b072202: start group-BC16AAC7E6CF
2019-07-14 04:35:28,413 INFO  impl.RaftServerImpl (RaftServerImpl.java:setRole(171)) - 8bdedefe-810b-4dd5-8dca-659f9b072202:group-BC16AAC7E6CF changes role from null to FOLLOWER at term 0 for startAsFollower
2019-07-14 04:35:28,414 INFO  impl.RoleInfo (RoleInfo.java:updateAndGet(143)) - 8bdedefe-810b-4dd5-8dca-659f9b072202: start FollowerState
2019-07-14 04:35:28,414 INFO  util.JmxRegister (JmxRegister.java:tryRegister(44)) - Successfully registered JMX Bean with object name Ratis:service=RaftServer,group=group-BC16AAC7E6CF,id=8bdedefe-810b-4dd5-8dca-659f9b072202
2019-07-14 04:35:28,427 INFO  pipeline.PipelineStateManager (PipelineStateManager.java:addPipeline(56)) - Created pipeline Pipeline[ Id: 7900bfb0-906f-4fd2-a91c-bc16aac7e6cf, Nodes: 8bdedefe-810b-4dd5-8dca-659f9b072202{ip: 192.168.5.157, host: trunk-nightly-6h29n-2077950039, networkLocation: /default-rack, certSerialId: null}, Type:RATIS, Factor:ONE, State:OPEN]
2019-07-14 04:35:28,445 INFO  impl.RaftServerProxy (RaftServerProxy.java:addNew(89)) - f43c6e04-efe7-4641-8c77-fdba4b1a12e7: addNew group-A23D1B17B78A:[f43c6e04-efe7-4641-8c77-fdba4b1a12e7:192.168.5.157:43731] returns group-A23D1B17B78A:java.util.concurrent.CompletableFuture@2628543f[Not completed]
2019-07-14 04:35:28,447 INFO  impl.RaftServerImpl (RaftServerImpl.java:<init>(93)) - f43c6e04-efe7-4641-8c77-fdba4b1a12e7: new RaftServerImpl for group-A23D1B17B78A:[f43c6e04-efe7-4641-8c77-fdba4b1a12e7:192.168.5.157:43731] with ContainerStateMachine:uninitialized
2019-07-14 04:35:28,447 INFO  server.RaftServerConfigKeys (ConfUtils.java:logGet(43)) - raft.server.rpc.timeout.min = 5s (custom)
2019-07-14 04:35:28,447 INFO  server.RaftServerConfigKeys (ConfUtils.java:logGet(43)) - raft.server.rpc.timeout.max = 5200ms (custom)
2019-07-14 04:35:28,447 INFO  server.RaftServerConfigKeys (ConfUtils.java:logGet(43)) - raft.server.rpcslowness.timeout = 120s (custom)
2019-07-14 04:35:28,448 INFO  server.RaftServerConfigKeys (ConfUtils.java:logGet(43)) - raft.server.sleep.deviation.threshold = 300 (default)
2019-07-14 04:35:28,448 INFO  server.RaftServerConfigKeys (ConfUtils.java:logGet(43)) - raft.server.log.appender.install.snapshot.enabled = false (custom)
2019-07-14 04:35:28,448 INFO  impl.RaftServerImpl (ServerState.java:<init>(105)) - f43c6e04-efe7-4641-8c77-fdba4b1a12e7:group-A23D1B17B78A ConfigurationManager, init=-1: [f43c6e04-efe7-4641-8c77-fdba4b1a12e7:192.168.5.157:43731], old=null, confs=<EMPTY_MAP>
2019-07-14 04:35:28,448 INFO  server.RaftServerConfigKeys (ConfUtils.java:logGet(43)) - raft.server.storage.dir = [/tmp/workdir/hadoop-ozone/integration-test/target/test-dir/MiniOzoneClusterImpl-e405d3e1-866f-49a9-9535-2d6e1521d247/datanode-6/data/ratis] (custom)
2019-07-14 04:35:28,449 INFO  storage.RaftStorageDirectory (RaftStorageDirectory.java:analyzeStorage(246)) - The storage directory /tmp/workdir/hadoop-ozone/integration-test/target/test-dir/MiniOzoneClusterImpl-e405d3e1-866f-49a9-9535-2d6e1521d247/datanode-6/data/ratis/28b40e6f-2499-4a37-b013-a23d1b17b78a does not exist. Creating ...
2019-07-14 04:35:28,460 INFO  storage.RaftStorageDirectory (RaftStorageDirectory.java:tryLock(328)) - Lock on /tmp/workdir/hadoop-ozone/integration-test/target/test-dir/MiniOzoneClusterImpl-e405d3e1-866f-49a9-9535-2d6e1521d247/datanode-6/data/ratis/28b40e6f-2499-4a37-b013-a23d1b17b78a/in_use.lock acquired by nodename 17477@trunk-nightly-6h29n-2077950039
2019-07-14 04:35:28,472 INFO  storage.RaftStorage (RaftStorage.java:format(72)) - Storage directory /tmp/workdir/hadoop-ozone/integration-test/target/test-dir/MiniOzoneClusterImpl-e405d3e1-866f-49a9-9535-2d6e1521d247/datanode-6/data/ratis/28b40e6f-2499-4a37-b013-a23d1b17b78a has been successfully formatted.
2019-07-14 04:35:28,472 INFO  ratis.ContainerStateMachine (ContainerStateMachine.java:loadSnapshot(200)) - The snapshot info is null.Setting the last applied index to:(t:0, i:~)
2019-07-14 04:35:28,472 INFO  server.RaftServerConfigKeys (ConfUtils.java:logGet(43)) - raft.server.leader.election.timeout = 120s (custom)
2019-07-14 04:35:28,473 INFO  server.RaftServerConfigKeys (ConfUtils.java:logGet(43)) - raft.server.log.use.memory = false (default)
2019-07-14 04:35:28,473 INFO  server.RaftServerConfigKeys (ConfUtils.java:logGet(43)) - raft.server.log.purge.gap = 1000000000 (custom)
2019-07-14 04:35:28,473 INFO  server.RaftServerConfigKeys (ConfUtils.java:logGet(43)) - raft.server.log.appender.buffer.byte-limit = 33554432 (custom)
2019-07-14 04:35:28,473 INFO  server.RaftServerConfigKeys (ConfUtils.java:logGet(43)) - raft.server.log.segment.size.max = 1048576 (custom)
2019-07-14 04:35:28,473 INFO  server.RaftServerConfigKeys (ConfUtils.java:logGet(43)) - raft.server.log.segment.cache.num.max = 2 (custom)
2019-07-14 04:35:28,474 INFO  segmented.SegmentedRaftLogWorker (SegmentedRaftLogWorker.java:<init>(172)) - new f43c6e04-efe7-4641-8c77-fdba4b1a12e7-SegmentedRaftLogWorker:Storage Directory /tmp/workdir/hadoop-ozone/integration-test/target/test-dir/MiniOzoneClusterImpl-e405d3e1-866f-49a9-9535-2d6e1521d247/datanode-6/data/ratis/28b40e6f-2499-4a37-b013-a23d1b17b78a for RaftStorage:Storage Directory /tmp/workdir/hadoop-ozone/integration-test/target/test-dir/MiniOzoneClusterImpl-e405d3e1-866f-49a9-9535-2d6e1521d247/datanode-6/data/ratis/28b40e6f-2499-4a37-b013-a23d1b17b78a
2019-07-14 04:35:28,474 INFO  server.RaftServerConfigKeys (ConfUtils.java:logGet(43)) - raft.server.log.queue.byte-limit = 2147483647 (custom)
2019-07-14 04:35:28,474 INFO  server.RaftServerConfigKeys (ConfUtils.java:logGet(43)) - raft.server.log.queue.element-limit = 1024 (custom)
2019-07-14 04:35:28,474 INFO  server.RaftServerConfigKeys (ConfUtils.java:logGet(43)) - raft.server.log.segment.size.max = 1048576 (custom)
2019-07-14 04:35:28,474 INFO  server.RaftServerConfigKeys (ConfUtils.java:logGet(43)) - raft.server.log.preallocated.size = 16384 (custom)
2019-07-14 04:35:28,475 INFO  server.RaftServerConfigKeys (ConfUtils.java:logGet(43)) - raft.server.log.write.buffer.size = 33554432 (custom)
2019-07-14 04:35:28,475 INFO  server.RaftServerConfigKeys (ConfUtils.java:logGet(43)) - raft.server.log.force.sync.num = 128 (default)
2019-07-14 04:35:28,475 INFO  server.RaftServerConfigKeys (ConfUtils.java:logGet(43)) - raft.server.log.statemachine.data.sync = true (default)
2019-07-14 04:35:28,475 INFO  server.RaftServerConfigKeys (ConfUtils.java:logGet(43)) - raft.server.log.statemachine.data.sync.timeout = 10s (default)
2019-07-14 04:35:28,475 INFO  server.RaftServerConfigKeys (ConfUtils.java:logGet(43)) - raft.server.log.statemachine.data.sync.timeout.retry = -1 (default)
2019-07-14 04:35:28,475 INFO  server.RaftServerConfigKeys (ConfUtils.java:logGet(43)) - raft.server.log.statemachine.data.caching.enabled = true (custom)
2019-07-14 04:35:28,476 INFO  segmented.SegmentedRaftLogWorker (SegmentedRaftLogWorker.java:lambda$new$0(132)) - f43c6e04-efe7-4641-8c77-fdba4b1a12e7-SegmentedRaftLogWorker:Storage Directory /tmp/workdir/hadoop-ozone/integration-test/target/test-dir/MiniOzoneClusterImpl-e405d3e1-866f-49a9-9535-2d6e1521d247/datanode-6/data/ratis/28b40e6f-2499-4a37-b013-a23d1b17b78a: flushIndex: setUnconditionally 0 -> -1
2019-07-14 04:35:28,476 INFO  server.RaftServerConfigKeys (ConfUtils.java:logGet(43)) - raft.server.snapshot.auto.trigger.enabled = true (custom)
2019-07-14 04:35:28,476 INFO  server.RaftServerConfigKeys (ConfUtils.java:logGet(43)) - raft.server.snapshot.auto.trigger.threshold = 10000 (custom)
2019-07-14 04:35:28,477 INFO  server.RaftServerConfigKeys (ConfUtils.java:logGet(43)) - raft.server.retrycache.expirytime = 600000ms (custom)
2019-07-14 04:35:28,477 INFO  impl.RaftServerImpl (RaftServerImpl.java:start(180)) - f43c6e04-efe7-4641-8c77-fdba4b1a12e7: start group-A23D1B17B78A
2019-07-14 04:35:28,477 INFO  impl.RaftServerImpl (RaftServerImpl.java:setRole(171)) - f43c6e04-efe7-4641-8c77-fdba4b1a12e7:group-A23D1B17B78A changes role from null to FOLLOWER at term 0 for startAsFollower
2019-07-14 04:35:28,477 INFO  impl.RoleInfo (RoleInfo.java:updateAndGet(143)) - f43c6e04-efe7-4641-8c77-fdba4b1a12e7: start FollowerState
2019-07-14 04:35:28,478 INFO  util.JmxRegister (JmxRegister.java:tryRegister(44)) - Successfully registered JMX Bean with object name Ratis:service=RaftServer,group=group-A23D1B17B78A,id=f43c6e04-efe7-4641-8c77-fdba4b1a12e7
2019-07-14 04:35:28,497 INFO  pipeline.PipelineStateManager (PipelineStateManager.java:addPipeline(56)) - Created pipeline Pipeline[ Id: 28b40e6f-2499-4a37-b013-a23d1b17b78a, Nodes: f43c6e04-efe7-4641-8c77-fdba4b1a12e7{ip: 192.168.5.157, host: trunk-nightly-6h29n-2077950039, networkLocation: /default-rack, certSerialId: null}, Type:RATIS, Factor:ONE, State:OPEN]
2019-07-14 04:35:28,541 INFO  impl.RaftServerProxy (RaftServerProxy.java:addNew(89)) - 28643ef2-7003-48bb-a8f6-fe4dd83568f6: addNew group-9725ECF0DA90:[95662b28-5ab4-47dc-8868-1ce1bf3116bf:192.168.5.157:42507, 28643ef2-7003-48bb-a8f6-fe4dd83568f6:192.168.5.157:39888, bf8d9be4-e736-40fa-a7ac-fb394448e171:192.168.5.157:40312] returns group-9725ECF0DA90:java.util.concurrent.CompletableFuture@6fb7b0e4[Not completed]
2019-07-14 04:35:28,541 INFO  impl.RaftServerProxy (RaftServerProxy.java:addNew(89)) - bf8d9be4-e736-40fa-a7ac-fb394448e171: addNew group-9725ECF0DA90:[95662b28-5ab4-47dc-8868-1ce1bf3116bf:192.168.5.157:42507, 28643ef2-7003-48bb-a8f6-fe4dd83568f6:192.168.5.157:39888, bf8d9be4-e736-40fa-a7ac-fb394448e171:192.168.5.157:40312] returns group-9725ECF0DA90:java.util.concurrent.CompletableFuture@3243f7ba[Not completed]
2019-07-14 04:35:28,541 INFO  impl.RaftServerProxy (RaftServerProxy.java:addNew(89)) - 95662b28-5ab4-47dc-8868-1ce1bf3116bf: addNew group-9725ECF0DA90:[95662b28-5ab4-47dc-8868-1ce1bf3116bf:192.168.5.157:42507, 28643ef2-7003-48bb-a8f6-fe4dd83568f6:192.168.5.157:39888, bf8d9be4-e736-40fa-a7ac-fb394448e171:192.168.5.157:40312] returns group-9725ECF0DA90:java.util.concurrent.CompletableFuture@57a7f0da[Not completed]
2019-07-14 04:35:28,543 INFO  impl.RaftServerImpl (RaftServerImpl.java:<init>(93)) - 28643ef2-7003-48bb-a8f6-fe4dd83568f6: new RaftServerImpl for group-9725ECF0DA90:[95662b28-5ab4-47dc-8868-1ce1bf3116bf:192.168.5.157:42507, 28643ef2-7003-48bb-a8f6-fe4dd83568f6:192.168.5.157:39888, bf8d9be4-e736-40fa-a7ac-fb394448e171:192.168.5.157:40312] with ContainerStateMachine:uninitialized
2019-07-14 04:35:28,543 INFO  server.RaftServerConfigKeys (ConfUtils.java:logGet(43)) - raft.server.rpc.timeout.min = 5s (custom)
2019-07-14 04:35:28,544 INFO  server.RaftServerConfigKeys (ConfUtils.java:logGet(43)) - raft.server.rpc.timeout.max = 5200ms (custom)
2019-07-14 04:35:28,544 INFO  server.RaftServerConfigKeys (ConfUtils.java:logGet(43)) - raft.server.rpcslowness.timeout = 120s (custom)
2019-07-14 04:35:28,544 INFO  impl.RaftServerImpl (RaftServerImpl.java:<init>(93)) - 95662b28-5ab4-47dc-8868-1ce1bf3116bf: new RaftServerImpl for group-9725ECF0DA90:[95662b28-5ab4-47dc-8868-1ce1bf3116bf:192.168.5.157:42507, 28643ef2-7003-48bb-a8f6-fe4dd83568f6:192.168.5.157:39888, bf8d9be4-e736-40fa-a7ac-fb394448e171:192.168.5.157:40312] with ContainerStateMachine:uninitialized
2019-07-14 04:35:28,544 INFO  server.RaftServerConfigKeys (ConfUtils.java:logGet(43)) - raft.server.sleep.deviation.threshold = 300 (default)
2019-07-14 04:35:28,544 INFO  server.RaftServerConfigKeys (ConfUtils.java:logGet(43)) - raft.server.rpc.timeout.min = 5s (custom)
2019-07-14 04:35:28,544 INFO  server.RaftServerConfigKeys (ConfUtils.java:logGet(43)) - raft.server.log.appender.install.snapshot.enabled = false (custom)
2019-07-14 04:35:28,545 INFO  impl.RaftServerImpl (RaftServerImpl.java:<init>(93)) - bf8d9be4-e736-40fa-a7ac-fb394448e171: new RaftServerImpl for group-9725ECF0DA90:[95662b28-5ab4-47dc-8868-1ce1bf3116bf:192.168.5.157:42507, 28643ef2-7003-48bb-a8f6-fe4dd83568f6:192.168.5.157:39888, bf8d9be4-e736-40fa-a7ac-fb394448e171:192.168.5.157:40312] with ContainerStateMachine:uninitialized
2019-07-14 04:35:28,545 INFO  server.RaftServerConfigKeys (ConfUtils.java:logGet(43)) - raft.server.rpc.timeout.max = 5200ms (custom)
2019-07-14 04:35:28,545 INFO  server.RaftServerConfigKeys (ConfUtils.java:logGet(43)) - raft.server.rpc.timeout.min = 5s (custom)
2019-07-14 04:35:28,545 INFO  impl.RaftServerImpl (ServerState.java:<init>(105)) - 28643ef2-7003-48bb-a8f6-fe4dd83568f6:group-9725ECF0DA90 ConfigurationManager, init=-1: [95662b28-5ab4-47dc-8868-1ce1bf3116bf:192.168.5.157:42507, 28643ef2-7003-48bb-a8f6-fe4dd83568f6:192.168.5.157:39888, bf8d9be4-e736-40fa-a7ac-fb394448e171:192.168.5.157:40312], old=null, confs=<EMPTY_MAP>
2019-07-14 04:35:28,545 INFO  server.RaftServerConfigKeys (ConfUtils.java:logGet(43)) - raft.server.rpc.timeout.max = 5200ms (custom)
2019-07-14 04:35:28,545 INFO  server.RaftServerConfigKeys (ConfUtils.java:logGet(43)) - raft.server.rpcslowness.timeout = 120s (custom)
2019-07-14 04:35:28,545 INFO  server.RaftServerConfigKeys (ConfUtils.java:logGet(43)) - raft.server.storage.dir = [/tmp/workdir/hadoop-ozone/integration-test/target/test-dir/MiniOzoneClusterImpl-e405d3e1-866f-49a9-9535-2d6e1521d247/datanode-3/data/ratis] (custom)
2019-07-14 04:35:28,545 INFO  server.RaftServerConfigKeys (ConfUtils.java:logGet(43)) - raft.server.rpcslowness.timeout = 120s (custom)
2019-07-14 04:35:28,546 INFO  server.RaftServerConfigKeys (ConfUtils.java:logGet(43)) - raft.server.sleep.deviation.threshold = 300 (default)
2019-07-14 04:35:28,546 INFO  server.RaftServerConfigKeys (ConfUtils.java:logGet(43)) - raft.server.sleep.deviation.threshold = 300 (default)
2019-07-14 04:35:28,546 INFO  server.RaftServerConfigKeys (ConfUtils.java:logGet(43)) - raft.server.log.appender.install.snapshot.enabled = false (custom)
2019-07-14 04:35:28,546 INFO  storage.RaftStorageDirectory (RaftStorageDirectory.java:analyzeStorage(246)) - The storage directory /tmp/workdir/hadoop-ozone/integration-test/target/test-dir/MiniOzoneClusterImpl-e405d3e1-866f-49a9-9535-2d6e1521d247/datanode-3/data/ratis/1232a0b7-020a-434a-8c12-9725ecf0da90 does not exist. Creating ...
2019-07-14 04:35:28,546 INFO  server.RaftServerConfigKeys (ConfUtils.java:logGet(43)) - raft.server.log.appender.install.snapshot.enabled = false (custom)
2019-07-14 04:35:28,546 INFO  impl.RaftServerImpl (ServerState.java:<init>(105)) - 95662b28-5ab4-47dc-8868-1ce1bf3116bf:group-9725ECF0DA90 ConfigurationManager, init=-1: [95662b28-5ab4-47dc-8868-1ce1bf3116bf:192.168.5.157:42507, 28643ef2-7003-48bb-a8f6-fe4dd83568f6:192.168.5.157:39888, bf8d9be4-e736-40fa-a7ac-fb394448e171:192.168.5.157:40312], old=null, confs=<EMPTY_MAP>
2019-07-14 04:35:28,547 INFO  impl.RaftServerImpl (ServerState.java:<init>(105)) - bf8d9be4-e736-40fa-a7ac-fb394448e171:group-9725ECF0DA90 ConfigurationManager, init=-1: [95662b28-5ab4-47dc-8868-1ce1bf3116bf:192.168.5.157:42507, 28643ef2-7003-48bb-a8f6-fe4dd83568f6:192.168.5.157:39888, bf8d9be4-e736-40fa-a7ac-fb394448e171:192.168.5.157:40312], old=null, confs=<EMPTY_MAP>
2019-07-14 04:35:28,547 INFO  server.RaftServerConfigKeys (ConfUtils.java:logGet(43)) - raft.server.storage.dir = [/tmp/workdir/hadoop-ozone/integration-test/target/test-dir/MiniOzoneClusterImpl-e405d3e1-866f-49a9-9535-2d6e1521d247/datanode-1/data/ratis] (custom)
2019-07-14 04:35:28,547 INFO  server.RaftServerConfigKeys (ConfUtils.java:logGet(43)) - raft.server.storage.dir = [/tmp/workdir/hadoop-ozone/integration-test/target/test-dir/MiniOzoneClusterImpl-e405d3e1-866f-49a9-9535-2d6e1521d247/datanode-0/data/ratis] (custom)
2019-07-14 04:35:28,547 INFO  storage.RaftStorageDirectory (RaftStorageDirectory.java:analyzeStorage(246)) - The storage directory /tmp/workdir/hadoop-ozone/integration-test/target/test-dir/MiniOzoneClusterImpl-e405d3e1-866f-49a9-9535-2d6e1521d247/datanode-1/data/ratis/1232a0b7-020a-434a-8c12-9725ecf0da90 does not exist. Creating ...
2019-07-14 04:35:28,548 INFO  storage.RaftStorageDirectory (RaftStorageDirectory.java:analyzeStorage(246)) - The storage directory /tmp/workdir/hadoop-ozone/integration-test/target/test-dir/MiniOzoneClusterImpl-e405d3e1-866f-49a9-9535-2d6e1521d247/datanode-0/data/ratis/1232a0b7-020a-434a-8c12-9725ecf0da90 does not exist. Creating ...
2019-07-14 04:35:28,582 INFO  storage.RaftStorageDirectory (RaftStorageDirectory.java:tryLock(328)) - Lock on /tmp/workdir/hadoop-ozone/integration-test/target/test-dir/MiniOzoneClusterImpl-e405d3e1-866f-49a9-9535-2d6e1521d247/datanode-0/data/ratis/1232a0b7-020a-434a-8c12-9725ecf0da90/in_use.lock acquired by nodename 17477@trunk-nightly-6h29n-2077950039
2019-07-14 04:35:28,582 INFO  storage.RaftStorageDirectory (RaftStorageDirectory.java:tryLock(328)) - Lock on /tmp/workdir/hadoop-ozone/integration-test/target/test-dir/MiniOzoneClusterImpl-e405d3e1-866f-49a9-9535-2d6e1521d247/datanode-1/data/ratis/1232a0b7-020a-434a-8c12-9725ecf0da90/in_use.lock acquired by nodename 17477@trunk-nightly-6h29n-2077950039
2019-07-14 04:35:28,582 INFO  storage.RaftStorageDirectory (RaftStorageDirectory.java:tryLock(328)) - Lock on /tmp/workdir/hadoop-ozone/integration-test/target/test-dir/MiniOzoneClusterImpl-e405d3e1-866f-49a9-9535-2d6e1521d247/datanode-3/data/ratis/1232a0b7-020a-434a-8c12-9725ecf0da90/in_use.lock acquired by nodename 17477@trunk-nightly-6h29n-2077950039
2019-07-14 04:35:28,587 INFO  storage.RaftStorage (RaftStorage.java:format(72)) - Storage directory /tmp/workdir/hadoop-ozone/integration-test/target/test-dir/MiniOzoneClusterImpl-e405d3e1-866f-49a9-9535-2d6e1521d247/datanode-1/data/ratis/1232a0b7-020a-434a-8c12-9725ecf0da90 has been successfully formatted.
2019-07-14 04:35:28,587 INFO  storage.RaftStorage (RaftStorage.java:format(72)) - Storage directory /tmp/workdir/hadoop-ozone/integration-test/target/test-dir/MiniOzoneClusterImpl-e405d3e1-866f-49a9-9535-2d6e1521d247/datanode-3/data/ratis/1232a0b7-020a-434a-8c12-9725ecf0da90 has been successfully formatted.
2019-07-14 04:35:28,587 INFO  storage.RaftStorage (RaftStorage.java:format(72)) - Storage directory /tmp/workdir/hadoop-ozone/integration-test/target/test-dir/MiniOzoneClusterImpl-e405d3e1-866f-49a9-9535-2d6e1521d247/datanode-0/data/ratis/1232a0b7-020a-434a-8c12-9725ecf0da90 has been successfully formatted.
2019-07-14 04:35:28,588 INFO  ratis.ContainerStateMachine (ContainerStateMachine.java:loadSnapshot(200)) - The snapshot info is null.Setting the last applied index to:(t:0, i:~)
2019-07-14 04:35:28,588 INFO  ratis.ContainerStateMachine (ContainerStateMachine.java:loadSnapshot(200)) - The snapshot info is null.Setting the last applied index to:(t:0, i:~)
2019-07-14 04:35:28,588 INFO  server.RaftServerConfigKeys (ConfUtils.java:logGet(43)) - raft.server.leader.election.timeout = 120s (custom)
2019-07-14 04:35:28,588 INFO  ratis.ContainerStateMachine (ContainerStateMachine.java:loadSnapshot(200)) - The snapshot info is null.Setting the last applied index to:(t:0, i:~)
2019-07-14 04:35:28,589 INFO  server.RaftServerConfigKeys (ConfUtils.java:logGet(43)) - raft.server.log.use.memory = false (default)
2019-07-14 04:35:28,588 INFO  server.RaftServerConfigKeys (ConfUtils.java:logGet(43)) - raft.server.leader.election.timeout = 120s (custom)
2019-07-14 04:35:28,589 INFO  server.RaftServerConfigKeys (ConfUtils.java:logGet(43)) - raft.server.log.purge.gap = 1000000000 (custom)
2019-07-14 04:35:28,589 INFO  server.RaftServerConfigKeys (ConfUtils.java:logGet(43)) - raft.server.leader.election.timeout = 120s (custom)
2019-07-14 04:35:28,589 INFO  server.RaftServerConfigKeys (ConfUtils.java:logGet(43)) - raft.server.log.appender.buffer.byte-limit = 33554432 (custom)
2019-07-14 04:35:28,589 INFO  server.RaftServerConfigKeys (ConfUtils.java:logGet(43)) - raft.server.log.use.memory = false (default)
2019-07-14 04:35:28,590 INFO  server.RaftServerConfigKeys (ConfUtils.java:logGet(43)) - raft.server.log.segment.size.max = 1048576 (custom)
2019-07-14 04:35:28,589 INFO  server.RaftServerConfigKeys (ConfUtils.java:logGet(43)) - raft.server.log.use.memory = false (default)
2019-07-14 04:35:28,590 INFO  server.RaftServerConfigKeys (ConfUtils.java:logGet(43)) - raft.server.log.segment.cache.num.max = 2 (custom)
2019-07-14 04:35:28,590 INFO  server.RaftServerConfigKeys (ConfUtils.java:logGet(43)) - raft.server.log.purge.gap = 1000000000 (custom)
2019-07-14 04:35:28,590 INFO  segmented.SegmentedRaftLogWorker (SegmentedRaftLogWorker.java:<init>(172)) - new 28643ef2-7003-48bb-a8f6-fe4dd83568f6-SegmentedRaftLogWorker:Storage Directory /tmp/workdir/hadoop-ozone/integration-test/target/test-dir/MiniOzoneClusterImpl-e405d3e1-866f-49a9-9535-2d6e1521d247/datanode-3/data/ratis/1232a0b7-020a-434a-8c12-9725ecf0da90 for RaftStorage:Storage Directory /tmp/workdir/hadoop-ozone/integration-test/target/test-dir/MiniOzoneClusterImpl-e405d3e1-866f-49a9-9535-2d6e1521d247/datanode-3/data/ratis/1232a0b7-020a-434a-8c12-9725ecf0da90
2019-07-14 04:35:28,590 INFO  server.RaftServerConfigKeys (ConfUtils.java:logGet(43)) - raft.server.log.purge.gap = 1000000000 (custom)
2019-07-14 04:35:28,591 INFO  server.RaftServerConfigKeys (ConfUtils.java:logGet(43)) - raft.server.log.queue.byte-limit = 2147483647 (custom)
2019-07-14 04:35:28,591 INFO  server.RaftServerConfigKeys (ConfUtils.java:logGet(43)) - raft.server.log.appender.buffer.byte-limit = 33554432 (custom)
2019-07-14 04:35:28,593 INFO  server.RaftServerConfigKeys (ConfUtils.java:logGet(43)) - raft.server.log.queue.element-limit = 1024 (custom)
2019-07-14 04:35:28,591 INFO  server.RaftServerConfigKeys (ConfUtils.java:logGet(43)) - raft.server.log.appender.buffer.byte-limit = 33554432 (custom)
2019-07-14 04:35:28,594 INFO  server.RaftServerConfigKeys (ConfUtils.java:logGet(43)) - raft.server.log.segment.size.max = 1048576 (custom)
2019-07-14 04:35:28,593 INFO  server.RaftServerConfigKeys (ConfUtils.java:logGet(43)) - raft.server.log.segment.size.max = 1048576 (custom)
2019-07-14 04:35:28,595 INFO  server.RaftServerConfigKeys (ConfUtils.java:logGet(43)) - raft.server.log.preallocated.size = 16384 (custom)
2019-07-14 04:35:28,595 INFO  server.RaftServerConfigKeys (ConfUtils.java:logGet(43)) - raft.server.log.segment.size.max = 1048576 (custom)
2019-07-14 04:35:28,595 INFO  server.RaftServerConfigKeys (ConfUtils.java:logGet(43)) - raft.server.log.write.buffer.size = 33554432 (custom)
2019-07-14 04:35:28,595 INFO  server.RaftServerConfigKeys (ConfUtils.java:logGet(43)) - raft.server.log.segment.cache.num.max = 2 (custom)
2019-07-14 04:35:28,596 INFO  server.RaftServerConfigKeys (ConfUtils.java:logGet(43)) - raft.server.log.force.sync.num = 128 (default)
2019-07-14 04:35:28,595 INFO  server.RaftServerConfigKeys (ConfUtils.java:logGet(43)) - raft.server.log.segment.cache.num.max = 2 (custom)
2019-07-14 04:35:28,596 INFO  server.RaftServerConfigKeys (ConfUtils.java:logGet(43)) - raft.server.log.statemachine.data.sync = true (default)
2019-07-14 04:35:28,596 INFO  segmented.SegmentedRaftLogWorker (SegmentedRaftLogWorker.java:<init>(172)) - new 95662b28-5ab4-47dc-8868-1ce1bf3116bf-SegmentedRaftLogWorker:Storage Directory /tmp/workdir/hadoop-ozone/integration-test/target/test-dir/MiniOzoneClusterImpl-e405d3e1-866f-49a9-9535-2d6e1521d247/datanode-1/data/ratis/1232a0b7-020a-434a-8c12-9725ecf0da90 for RaftStorage:Storage Directory /tmp/workdir/hadoop-ozone/integration-test/target/test-dir/MiniOzoneClusterImpl-e405d3e1-866f-49a9-9535-2d6e1521d247/datanode-1/data/ratis/1232a0b7-020a-434a-8c12-9725ecf0da90
2019-07-14 04:35:28,596 INFO  server.RaftServerConfigKeys (ConfUtils.java:logGet(43)) - raft.server.log.statemachine.data.sync.timeout = 10s (default)
2019-07-14 04:35:28,596 INFO  segmented.SegmentedRaftLogWorker (SegmentedRaftLogWorker.java:<init>(172)) - new bf8d9be4-e736-40fa-a7ac-fb394448e171-SegmentedRaftLogWorker:Storage Directory /tmp/workdir/hadoop-ozone/integration-test/target/test-dir/MiniOzoneClusterImpl-e405d3e1-866f-49a9-9535-2d6e1521d247/datanode-0/data/ratis/1232a0b7-020a-434a-8c12-9725ecf0da90 for RaftStorage:Storage Directory /tmp/workdir/hadoop-ozone/integration-test/target/test-dir/MiniOzoneClusterImpl-e405d3e1-866f-49a9-9535-2d6e1521d247/datanode-0/data/ratis/1232a0b7-020a-434a-8c12-9725ecf0da90
2019-07-14 04:35:28,597 INFO  server.RaftServerConfigKeys (ConfUtils.java:logGet(43)) - raft.server.log.statemachine.data.sync.timeout.retry = -1 (default)
2019-07-14 04:35:28,596 INFO  server.RaftServerConfigKeys (ConfUtils.java:logGet(43)) - raft.server.log.queue.byte-limit = 2147483647 (custom)
2019-07-14 04:35:28,601 INFO  server.RaftServerConfigKeys (ConfUtils.java:logGet(43)) - raft.server.log.statemachine.data.caching.enabled = true (custom)
2019-07-14 04:35:28,599 INFO  server.RaftServerConfigKeys (ConfUtils.java:logGet(43)) - raft.server.log.queue.byte-limit = 2147483647 (custom)
2019-07-14 04:35:28,601 INFO  server.RaftServerConfigKeys (ConfUtils.java:logGet(43)) - raft.server.log.queue.element-limit = 1024 (custom)
2019-07-14 04:35:28,601 INFO  segmented.SegmentedRaftLogWorker (SegmentedRaftLogWorker.java:lambda$new$0(132)) - 28643ef2-7003-48bb-a8f6-fe4dd83568f6-SegmentedRaftLogWorker:Storage Directory /tmp/workdir/hadoop-ozone/integration-test/target/test-dir/MiniOzoneClusterImpl-e405d3e1-866f-49a9-9535-2d6e1521d247/datanode-3/data/ratis/1232a0b7-020a-434a-8c12-9725ecf0da90: flushIndex: setUnconditionally 0 -> -1
2019-07-14 04:35:28,601 INFO  server.RaftServerConfigKeys (ConfUtils.java:logGet(43)) - raft.server.log.queue.element-limit = 1024 (custom)
2019-07-14 04:35:28,601 INFO  server.RaftServerConfigKeys (ConfUtils.java:logGet(43)) - raft.server.log.segment.size.max = 1048576 (custom)
2019-07-14 04:35:28,602 INFO  server.RaftServerConfigKeys (ConfUtils.java:logGet(43)) - raft.server.snapshot.auto.trigger.enabled = true (custom)
2019-07-14 04:35:28,602 INFO  server.RaftServerConfigKeys (ConfUtils.java:logGet(43)) - raft.server.log.segment.size.max = 1048576 (custom)
2019-07-14 04:35:28,602 INFO  server.RaftServerConfigKeys (ConfUtils.java:logGet(43)) - raft.server.snapshot.auto.trigger.threshold = 10000 (custom)
2019-07-14 04:35:28,602 INFO  server.RaftServerConfigKeys (ConfUtils.java:logGet(43)) - raft.server.log.preallocated.size = 16384 (custom)
2019-07-14 04:35:28,603 INFO  server.RaftServerConfigKeys (ConfUtils.java:logGet(43)) - raft.server.retrycache.expirytime = 600000ms (custom)
2019-07-14 04:35:28,602 INFO  server.RaftServerConfigKeys (ConfUtils.java:logGet(43)) - raft.server.log.preallocated.size = 16384 (custom)
2019-07-14 04:35:28,603 INFO  server.RaftServerConfigKeys (ConfUtils.java:logGet(43)) - raft.server.log.write.buffer.size = 33554432 (custom)
2019-07-14 04:35:28,603 INFO  server.RaftServerConfigKeys (ConfUtils.java:logGet(43)) - raft.server.log.write.buffer.size = 33554432 (custom)
2019-07-14 04:35:28,603 INFO  impl.RaftServerImpl (RaftServerImpl.java:start(180)) - 28643ef2-7003-48bb-a8f6-fe4dd83568f6: start group-9725ECF0DA90
2019-07-14 04:35:28,603 INFO  server.RaftServerConfigKeys (ConfUtils.java:logGet(43)) - raft.server.log.force.sync.num = 128 (default)
2019-07-14 04:35:28,603 INFO  server.RaftServerConfigKeys (ConfUtils.java:logGet(43)) - raft.server.log.force.sync.num = 128 (default)
2019-07-14 04:35:28,603 INFO  server.RaftServerConfigKeys (ConfUtils.java:logGet(43)) - raft.server.log.statemachine.data.sync = true (default)
2019-07-14 04:35:28,603 INFO  impl.RaftServerImpl (RaftServerImpl.java:setRole(171)) - 28643ef2-7003-48bb-a8f6-fe4dd83568f6:group-9725ECF0DA90 changes role from null to FOLLOWER at term 0 for startAsFollower
2019-07-14 04:35:28,604 INFO  server.RaftServerConfigKeys (ConfUtils.java:logGet(43)) - raft.server.log.statemachine.data.sync.timeout = 10s (default)
2019-07-14 04:35:28,604 INFO  server.RaftServerConfigKeys (ConfUtils.java:logGet(43)) - raft.server.log.statemachine.data.sync = true (default)
2019-07-14 04:35:28,604 INFO  server.RaftServerConfigKeys (ConfUtils.java:logGet(43)) - raft.server.log.statemachine.data.sync.timeout.retry = -1 (default)
2019-07-14 04:35:28,604 INFO  impl.RoleInfo (RoleInfo.java:updateAndGet(143)) - 28643ef2-7003-48bb-a8f6-fe4dd83568f6: start FollowerState
2019-07-14 04:35:28,604 INFO  server.RaftServerConfigKeys (ConfUtils.java:logGet(43)) - raft.server.log.statemachine.data.caching.enabled = true (custom)
2019-07-14 04:35:28,604 INFO  server.RaftServerConfigKeys (ConfUtils.java:logGet(43)) - raft.server.log.statemachine.data.sync.timeout = 10s (default)
2019-07-14 04:35:28,605 INFO  segmented.SegmentedRaftLogWorker (SegmentedRaftLogWorker.java:lambda$new$0(132)) - bf8d9be4-e736-40fa-a7ac-fb394448e171-SegmentedRaftLogWorker:Storage Directory /tmp/workdir/hadoop-ozone/integration-test/target/test-dir/MiniOzoneClusterImpl-e405d3e1-866f-49a9-9535-2d6e1521d247/datanode-0/data/ratis/1232a0b7-020a-434a-8c12-9725ecf0da90: flushIndex: setUnconditionally 0 -> -1
2019-07-14 04:35:28,605 INFO  server.RaftServerConfigKeys (ConfUtils.java:logGet(43)) - raft.server.log.statemachine.data.sync.timeout.retry = -1 (default)
2019-07-14 04:35:28,605 INFO  util.JmxRegister (JmxRegister.java:tryRegister(44)) - Successfully registered JMX Bean with object name Ratis:service=RaftServer,group=group-9725ECF0DA90,id=28643ef2-7003-48bb-a8f6-fe4dd83568f6
2019-07-14 04:35:28,605 INFO  server.RaftServerConfigKeys (ConfUtils.java:logGet(43)) - raft.server.log.statemachine.data.caching.enabled = true (custom)
2019-07-14 04:35:28,605 INFO  server.RaftServerConfigKeys (ConfUtils.java:logGet(43)) - raft.server.snapshot.auto.trigger.enabled = true (custom)
2019-07-14 04:35:28,606 INFO  server.RaftServerConfigKeys (ConfUtils.java:logGet(43)) - raft.server.snapshot.auto.trigger.threshold = 10000 (custom)
2019-07-14 04:35:28,606 INFO  segmented.SegmentedRaftLogWorker (SegmentedRaftLogWorker.java:lambda$new$0(132)) - 95662b28-5ab4-47dc-8868-1ce1bf3116bf-SegmentedRaftLogWorker:Storage Directory /tmp/workdir/hadoop-ozone/integration-test/target/test-dir/MiniOzoneClusterImpl-e405d3e1-866f-49a9-9535-2d6e1521d247/datanode-1/data/ratis/1232a0b7-020a-434a-8c12-9725ecf0da90: flushIndex: setUnconditionally 0 -> -1
2019-07-14 04:35:28,606 INFO  server.RaftServerConfigKeys (ConfUtils.java:logGet(43)) - raft.server.retrycache.expirytime = 600000ms (custom)
2019-07-14 04:35:28,606 INFO  impl.RaftServerImpl (RaftServerImpl.java:start(180)) - bf8d9be4-e736-40fa-a7ac-fb394448e171: start group-9725ECF0DA90
2019-07-14 04:35:28,606 INFO  server.RaftServerConfigKeys (ConfUtils.java:logGet(43)) - raft.server.snapshot.auto.trigger.enabled = true (custom)
2019-07-14 04:35:28,606 INFO  impl.RaftServerImpl (RaftServerImpl.java:setRole(171)) - bf8d9be4-e736-40fa-a7ac-fb394448e171:group-9725ECF0DA90 changes role from null to FOLLOWER at term 0 for startAsFollower
2019-07-14 04:35:28,606 INFO  server.RaftServerConfigKeys (ConfUtils.java:logGet(43)) - raft.server.snapshot.auto.trigger.threshold = 10000 (custom)
2019-07-14 04:35:28,607 INFO  impl.RoleInfo (RoleInfo.java:updateAndGet(143)) - bf8d9be4-e736-40fa-a7ac-fb394448e171: start FollowerState
2019-07-14 04:35:28,607 INFO  server.RaftServerConfigKeys (ConfUtils.java:logGet(43)) - raft.server.retrycache.expirytime = 600000ms (custom)
2019-07-14 04:35:28,607 INFO  util.JmxRegister (JmxRegister.java:tryRegister(44)) - Successfully registered JMX Bean with object name Ratis:service=RaftServer,group=group-9725ECF0DA90,id=bf8d9be4-e736-40fa-a7ac-fb394448e171
2019-07-14 04:35:28,607 INFO  impl.RaftServerImpl (RaftServerImpl.java:start(180)) - 95662b28-5ab4-47dc-8868-1ce1bf3116bf: start group-9725ECF0DA90
2019-07-14 04:35:28,607 INFO  impl.RaftServerImpl (RaftServerImpl.java:setRole(171)) - 95662b28-5ab4-47dc-8868-1ce1bf3116bf:group-9725ECF0DA90 changes role from null to FOLLOWER at term 0 for startAsFollower
2019-07-14 04:35:28,608 INFO  impl.RoleInfo (RoleInfo.java:updateAndGet(143)) - 95662b28-5ab4-47dc-8868-1ce1bf3116bf: start FollowerState
2019-07-14 04:35:28,608 INFO  util.JmxRegister (JmxRegister.java:tryRegister(44)) - Successfully registered JMX Bean with object name Ratis:service=RaftServer,group=group-9725ECF0DA90,id=95662b28-5ab4-47dc-8868-1ce1bf3116bf
2019-07-14 04:35:28,634 INFO  pipeline.PipelineStateManager (PipelineStateManager.java:addPipeline(56)) - Created pipeline Pipeline[ Id: 1232a0b7-020a-434a-8c12-9725ecf0da90, Nodes: 95662b28-5ab4-47dc-8868-1ce1bf3116bf{ip: 192.168.5.157, host: trunk-nightly-6h29n-2077950039, networkLocation: /default-rack, certSerialId: null}28643ef2-7003-48bb-a8f6-fe4dd83568f6{ip: 192.168.5.157, host: trunk-nightly-6h29n-2077950039, networkLocation: /default-rack, certSerialId: null}bf8d9be4-e736-40fa-a7ac-fb394448e171{ip: 192.168.5.157, host: trunk-nightly-6h29n-2077950039, networkLocation: /default-rack, certSerialId: null}, Type:RATIS, Factor:THREE, State:OPEN]
2019-07-14 04:35:28,665 INFO  impl.RaftServerProxy (RaftServerProxy.java:addNew(89)) - 9c4ed4db-4d02-46d6-b0ab-296618f62583: addNew group-4F4B5D343DBF:[9c4ed4db-4d02-46d6-b0ab-296618f62583:192.168.5.157:34055, 8bdedefe-810b-4dd5-8dca-659f9b072202:192.168.5.157:32899, 49cd6ec5-59f0-4c7c-968f-a0b3b7f8f56d:192.168.5.157:42622] returns group-4F4B5D343DBF:java.util.concurrent.CompletableFuture@31bddecf[Not completed]
2019-07-14 04:35:28,669 INFO  impl.RaftServerProxy (RaftServerProxy.java:addNew(89)) - 8bdedefe-810b-4dd5-8dca-659f9b072202: addNew group-4F4B5D343DBF:[9c4ed4db-4d02-46d6-b0ab-296618f62583:192.168.5.157:34055, 8bdedefe-810b-4dd5-8dca-659f9b072202:192.168.5.157:32899, 49cd6ec5-59f0-4c7c-968f-a0b3b7f8f56d:192.168.5.157:42622] returns group-4F4B5D343DBF:java.util.concurrent.CompletableFuture@33c079fc[Not completed]
2019-07-14 04:35:28,671 INFO  impl.RaftServerProxy (RaftServerProxy.java:addNew(89)) - 49cd6ec5-59f0-4c7c-968f-a0b3b7f8f56d: addNew group-4F4B5D343DBF:[9c4ed4db-4d02-46d6-b0ab-296618f62583:192.168.5.157:34055, 8bdedefe-810b-4dd5-8dca-659f9b072202:192.168.5.157:32899, 49cd6ec5-59f0-4c7c-968f-a0b3b7f8f56d:192.168.5.157:42622] returns group-4F4B5D343DBF:java.util.concurrent.CompletableFuture@1bd5dbe4[Not completed]
2019-07-14 04:35:28,672 INFO  impl.RaftServerImpl (RaftServerImpl.java:<init>(93)) - 9c4ed4db-4d02-46d6-b0ab-296618f62583: new RaftServerImpl for group-4F4B5D343DBF:[9c4ed4db-4d02-46d6-b0ab-296618f62583:192.168.5.157:34055, 8bdedefe-810b-4dd5-8dca-659f9b072202:192.168.5.157:32899, 49cd6ec5-59f0-4c7c-968f-a0b3b7f8f56d:192.168.5.157:42622] with ContainerStateMachine:uninitialized
2019-07-14 04:35:28,673 INFO  server.RaftServerConfigKeys (ConfUtils.java:logGet(43)) - raft.server.rpc.timeout.min = 5s (custom)
2019-07-14 04:35:28,673 INFO  server.RaftServerConfigKeys (ConfUtils.java:logGet(43)) - raft.server.rpc.timeout.max = 5200ms (custom)
2019-07-14 04:35:28,673 INFO  server.RaftServerConfigKeys (ConfUtils.java:logGet(43)) - raft.server.rpcslowness.timeout = 120s (custom)
2019-07-14 04:35:28,673 INFO  server.RaftServerConfigKeys (ConfUtils.java:logGet(43)) - raft.server.sleep.deviation.threshold = 300 (default)
2019-07-14 04:35:28,673 INFO  server.RaftServerConfigKeys (ConfUtils.java:logGet(43)) - raft.server.log.appender.install.snapshot.enabled = false (custom)
2019-07-14 04:35:28,673 INFO  impl.RaftServerImpl (ServerState.java:<init>(105)) - 9c4ed4db-4d02-46d6-b0ab-296618f62583:group-4F4B5D343DBF ConfigurationManager, init=-1: [9c4ed4db-4d02-46d6-b0ab-296618f62583:192.168.5.157:34055, 8bdedefe-810b-4dd5-8dca-659f9b072202:192.168.5.157:32899, 49cd6ec5-59f0-4c7c-968f-a0b3b7f8f56d:192.168.5.157:42622], old=null, confs=<EMPTY_MAP>
2019-07-14 04:35:28,674 INFO  server.RaftServerConfigKeys (ConfUtils.java:logGet(43)) - raft.server.storage.dir = [/tmp/workdir/hadoop-ozone/integration-test/target/test-dir/MiniOzoneClusterImpl-e405d3e1-866f-49a9-9535-2d6e1521d247/datanode-4/data/ratis] (custom)
2019-07-14 04:35:28,674 INFO  impl.RaftServerImpl (RaftServerImpl.java:<init>(93)) - 49cd6ec5-59f0-4c7c-968f-a0b3b7f8f56d: new RaftServerImpl for group-4F4B5D343DBF:[9c4ed4db-4d02-46d6-b0ab-296618f62583:192.168.5.157:34055, 8bdedefe-810b-4dd5-8dca-659f9b072202:192.168.5.157:32899, 49cd6ec5-59f0-4c7c-968f-a0b3b7f8f56d:192.168.5.157:42622] with ContainerStateMachine:uninitialized
2019-07-14 04:35:28,674 INFO  server.RaftServerConfigKeys (ConfUtils.java:logGet(43)) - raft.server.rpc.timeout.min = 5s (custom)
2019-07-14 04:35:28,674 INFO  storage.RaftStorageDirectory (RaftStorageDirectory.java:analyzeStorage(246)) - The storage directory /tmp/workdir/hadoop-ozone/integration-test/target/test-dir/MiniOzoneClusterImpl-e405d3e1-866f-49a9-9535-2d6e1521d247/datanode-4/data/ratis/1a51b936-6ddd-4cbc-ad0a-4f4b5d343dbf does not exist. Creating ...
2019-07-14 04:35:28,674 INFO  server.RaftServerConfigKeys (ConfUtils.java:logGet(43)) - raft.server.rpc.timeout.max = 5200ms (custom)
2019-07-14 04:35:28,675 INFO  impl.RaftServerImpl (RaftServerImpl.java:<init>(93)) - 8bdedefe-810b-4dd5-8dca-659f9b072202: new RaftServerImpl for group-4F4B5D343DBF:[9c4ed4db-4d02-46d6-b0ab-296618f62583:192.168.5.157:34055, 8bdedefe-810b-4dd5-8dca-659f9b072202:192.168.5.157:32899, 49cd6ec5-59f0-4c7c-968f-a0b3b7f8f56d:192.168.5.157:42622] with ContainerStateMachine:uninitialized
2019-07-14 04:35:28,675 INFO  server.RaftServerConfigKeys (ConfUtils.java:logGet(43)) - raft.server.rpcslowness.timeout = 120s (custom)
2019-07-14 04:35:28,675 INFO  server.RaftServerConfigKeys (ConfUtils.java:logGet(43)) - raft.server.rpc.timeout.min = 5s (custom)
2019-07-14 04:35:28,675 INFO  server.RaftServerConfigKeys (ConfUtils.java:logGet(43)) - raft.server.sleep.deviation.threshold = 300 (default)
2019-07-14 04:35:28,675 INFO  server.RaftServerConfigKeys (ConfUtils.java:logGet(43)) - raft.server.rpc.timeout.max = 5200ms (custom)
2019-07-14 04:35:28,675 INFO  server.RaftServerConfigKeys (ConfUtils.java:logGet(43)) - raft.server.log.appender.install.snapshot.enabled = false (custom)
2019-07-14 04:35:28,675 INFO  server.RaftServerConfigKeys (ConfUtils.java:logGet(43)) - raft.server.rpcslowness.timeout = 120s (custom)
2019-07-14 04:35:28,676 INFO  impl.RaftServerImpl (ServerState.java:<init>(105)) - 49cd6ec5-59f0-4c7c-968f-a0b3b7f8f56d:group-4F4B5D343DBF ConfigurationManager, init=-1: [9c4ed4db-4d02-46d6-b0ab-296618f62583:192.168.5.157:34055, 8bdedefe-810b-4dd5-8dca-659f9b072202:192.168.5.157:32899, 49cd6ec5-59f0-4c7c-968f-a0b3b7f8f56d:192.168.5.157:42622], old=null, confs=<EMPTY_MAP>
2019-07-14 04:35:28,676 INFO  server.RaftServerConfigKeys (ConfUtils.java:logGet(43)) - raft.server.sleep.deviation.threshold = 300 (default)
2019-07-14 04:35:28,676 INFO  server.RaftServerConfigKeys (ConfUtils.java:logGet(43)) - raft.server.storage.dir = [/tmp/workdir/hadoop-ozone/integration-test/target/test-dir/MiniOzoneClusterImpl-e405d3e1-866f-49a9-9535-2d6e1521d247/datanode-5/data/ratis] (custom)
2019-07-14 04:35:28,676 INFO  server.RaftServerConfigKeys (ConfUtils.java:logGet(43)) - raft.server.log.appender.install.snapshot.enabled = false (custom)
2019-07-14 04:35:28,676 INFO  impl.RaftServerImpl (ServerState.java:<init>(105)) - 8bdedefe-810b-4dd5-8dca-659f9b072202:group-4F4B5D343DBF ConfigurationManager, init=-1: [9c4ed4db-4d02-46d6-b0ab-296618f62583:192.168.5.157:34055, 8bdedefe-810b-4dd5-8dca-659f9b072202:192.168.5.157:32899, 49cd6ec5-59f0-4c7c-968f-a0b3b7f8f56d:192.168.5.157:42622], old=null, confs=<EMPTY_MAP>
2019-07-14 04:35:28,676 INFO  storage.RaftStorageDirectory (RaftStorageDirectory.java:analyzeStorage(246)) - The storage directory /tmp/workdir/hadoop-ozone/integration-test/target/test-dir/MiniOzoneClusterImpl-e405d3e1-866f-49a9-9535-2d6e1521d247/datanode-5/data/ratis/1a51b936-6ddd-4cbc-ad0a-4f4b5d343dbf does not exist. Creating ...
2019-07-14 04:35:28,677 INFO  server.RaftServerConfigKeys (ConfUtils.java:logGet(43)) - raft.server.storage.dir = [/tmp/workdir/hadoop-ozone/integration-test/target/test-dir/MiniOzoneClusterImpl-e405d3e1-866f-49a9-9535-2d6e1521d247/datanode-2/data/ratis] (custom)
2019-07-14 04:35:28,677 INFO  storage.RaftStorageDirectory (RaftStorageDirectory.java:analyzeStorage(246)) - The storage directory /tmp/workdir/hadoop-ozone/integration-test/target/test-dir/MiniOzoneClusterImpl-e405d3e1-866f-49a9-9535-2d6e1521d247/datanode-2/data/ratis/1a51b936-6ddd-4cbc-ad0a-4f4b5d343dbf does not exist. Creating ...
2019-07-14 04:35:28,680 INFO  storage.RaftStorageDirectory (RaftStorageDirectory.java:tryLock(328)) - Lock on /tmp/workdir/hadoop-ozone/integration-test/target/test-dir/MiniOzoneClusterImpl-e405d3e1-866f-49a9-9535-2d6e1521d247/datanode-5/data/ratis/1a51b936-6ddd-4cbc-ad0a-4f4b5d343dbf/in_use.lock acquired by nodename 17477@trunk-nightly-6h29n-2077950039
2019-07-14 04:35:28,680 INFO  storage.RaftStorageDirectory (RaftStorageDirectory.java:tryLock(328)) - Lock on /tmp/workdir/hadoop-ozone/integration-test/target/test-dir/MiniOzoneClusterImpl-e405d3e1-866f-49a9-9535-2d6e1521d247/datanode-4/data/ratis/1a51b936-6ddd-4cbc-ad0a-4f4b5d343dbf/in_use.lock acquired by nodename 17477@trunk-nightly-6h29n-2077950039
2019-07-14 04:35:28,681 INFO  storage.RaftStorageDirectory (RaftStorageDirectory.java:tryLock(328)) - Lock on /tmp/workdir/hadoop-ozone/integration-test/target/test-dir/MiniOzoneClusterImpl-e405d3e1-866f-49a9-9535-2d6e1521d247/datanode-2/data/ratis/1a51b936-6ddd-4cbc-ad0a-4f4b5d343dbf/in_use.lock acquired by nodename 17477@trunk-nightly-6h29n-2077950039
2019-07-14 04:35:28,684 INFO  storage.RaftStorage (RaftStorage.java:format(72)) - Storage directory /tmp/workdir/hadoop-ozone/integration-test/target/test-dir/MiniOzoneClusterImpl-e405d3e1-866f-49a9-9535-2d6e1521d247/datanode-2/data/ratis/1a51b936-6ddd-4cbc-ad0a-4f4b5d343dbf has been successfully formatted.
2019-07-14 04:35:28,684 INFO  storage.RaftStorage (RaftStorage.java:format(72)) - Storage directory /tmp/workdir/hadoop-ozone/integration-test/target/test-dir/MiniOzoneClusterImpl-e405d3e1-866f-49a9-9535-2d6e1521d247/datanode-5/data/ratis/1a51b936-6ddd-4cbc-ad0a-4f4b5d343dbf has been successfully formatted.
2019-07-14 04:35:28,684 INFO  storage.RaftStorage (RaftStorage.java:format(72)) - Storage directory /tmp/workdir/hadoop-ozone/integration-test/target/test-dir/MiniOzoneClusterImpl-e405d3e1-866f-49a9-9535-2d6e1521d247/datanode-4/data/ratis/1a51b936-6ddd-4cbc-ad0a-4f4b5d343dbf has been successfully formatted.
2019-07-14 04:35:28,684 INFO  ratis.ContainerStateMachine (ContainerStateMachine.java:loadSnapshot(200)) - The snapshot info is null.Setting the last applied index to:(t:0, i:~)
2019-07-14 04:35:28,684 INFO  ratis.ContainerStateMachine (ContainerStateMachine.java:loadSnapshot(200)) - The snapshot info is null.Setting the last applied index to:(t:0, i:~)
2019-07-14 04:35:28,685 INFO  server.RaftServerConfigKeys (ConfUtils.java:logGet(43)) - raft.server.leader.election.timeout = 120s (custom)
2019-07-14 04:35:28,685 INFO  ratis.ContainerStateMachine (ContainerStateMachine.java:loadSnapshot(200)) - The snapshot info is null.Setting the last applied index to:(t:0, i:~)
2019-07-14 04:35:28,685 INFO  server.RaftServerConfigKeys (ConfUtils.java:logGet(43)) - raft.server.log.use.memory = false (default)
2019-07-14 04:35:28,685 INFO  server.RaftServerConfigKeys (ConfUtils.java:logGet(43)) - raft.server.leader.election.timeout = 120s (custom)
2019-07-14 04:35:28,685 INFO  server.RaftServerConfigKeys (ConfUtils.java:logGet(43)) - raft.server.log.purge.gap = 1000000000 (custom)
2019-07-14 04:35:28,685 INFO  server.RaftServerConfigKeys (ConfUtils.java:logGet(43)) - raft.server.leader.election.timeout = 120s (custom)
2019-07-14 04:35:28,686 INFO  server.RaftServerConfigKeys (ConfUtils.java:logGet(43)) - raft.server.log.appender.buffer.byte-limit = 33554432 (custom)
2019-07-14 04:35:28,685 INFO  server.RaftServerConfigKeys (ConfUtils.java:logGet(43)) - raft.server.log.use.memory = false (default)
2019-07-14 04:35:28,686 INFO  server.RaftServerConfigKeys (ConfUtils.java:logGet(43)) - raft.server.log.segment.size.max = 1048576 (custom)
2019-07-14 04:35:28,686 INFO  server.RaftServerConfigKeys (ConfUtils.java:logGet(43)) - raft.server.log.use.memory = false (default)
2019-07-14 04:35:28,686 INFO  server.RaftServerConfigKeys (ConfUtils.java:logGet(43)) - raft.server.log.segment.cache.num.max = 2 (custom)
2019-07-14 04:35:28,686 INFO  server.RaftServerConfigKeys (ConfUtils.java:logGet(43)) - raft.server.log.purge.gap = 1000000000 (custom)
2019-07-14 04:35:28,686 INFO  segmented.SegmentedRaftLogWorker (SegmentedRaftLogWorker.java:<init>(172)) - new 8bdedefe-810b-4dd5-8dca-659f9b072202-SegmentedRaftLogWorker:Storage Directory /tmp/workdir/hadoop-ozone/integration-test/target/test-dir/MiniOzoneClusterImpl-e405d3e1-866f-49a9-9535-2d6e1521d247/datanode-2/data/ratis/1a51b936-6ddd-4cbc-ad0a-4f4b5d343dbf for RaftStorage:Storage Directory /tmp/workdir/hadoop-ozone/integration-test/target/test-dir/MiniOzoneClusterImpl-e405d3e1-866f-49a9-9535-2d6e1521d247/datanode-2/data/ratis/1a51b936-6ddd-4cbc-ad0a-4f4b5d343dbf
2019-07-14 04:35:28,687 INFO  server.RaftServerConfigKeys (ConfUtils.java:logGet(43)) - raft.server.log.appender.buffer.byte-limit = 33554432 (custom)
2019-07-14 04:35:28,686 INFO  server.RaftServerConfigKeys (ConfUtils.java:logGet(43)) - raft.server.log.purge.gap = 1000000000 (custom)
2019-07-14 04:35:28,687 INFO  server.RaftServerConfigKeys (ConfUtils.java:logGet(43)) - raft.server.log.segment.size.max = 1048576 (custom)
2019-07-14 04:35:28,687 INFO  server.RaftServerConfigKeys (ConfUtils.java:logGet(43)) - raft.server.log.queue.byte-limit = 2147483647 (custom)
2019-07-14 04:35:28,689 INFO  server.RaftServerConfigKeys (ConfUtils.java:logGet(43)) - raft.server.log.segment.cache.num.max = 2 (custom)
2019-07-14 04:35:28,688 INFO  server.RaftServerConfigKeys (ConfUtils.java:logGet(43)) - raft.server.log.appender.buffer.byte-limit = 33554432 (custom)
2019-07-14 04:35:28,689 INFO  segmented.SegmentedRaftLogWorker (SegmentedRaftLogWorker.java:<init>(172)) - new 49cd6ec5-59f0-4c7c-968f-a0b3b7f8f56d-SegmentedRaftLogWorker:Storage Directory /tmp/workdir/hadoop-ozone/integration-test/target/test-dir/MiniOzoneClusterImpl-e405d3e1-866f-49a9-9535-2d6e1521d247/datanode-5/data/ratis/1a51b936-6ddd-4cbc-ad0a-4f4b5d343dbf for RaftStorage:Storage Directory /tmp/workdir/hadoop-ozone/integration-test/target/test-dir/MiniOzoneClusterImpl-e405d3e1-866f-49a9-9535-2d6e1521d247/datanode-5/data/ratis/1a51b936-6ddd-4cbc-ad0a-4f4b5d343dbf
2019-07-14 04:35:28,689 INFO  server.RaftServerConfigKeys (ConfUtils.java:logGet(43)) - raft.server.log.queue.element-limit = 1024 (custom)
2019-07-14 04:35:28,690 INFO  server.RaftServerConfigKeys (ConfUtils.java:logGet(43)) - raft.server.log.queue.byte-limit = 2147483647 (custom)
2019-07-14 04:35:28,689 INFO  server.RaftServerConfigKeys (ConfUtils.java:logGet(43)) - raft.server.log.segment.size.max = 1048576 (custom)
2019-07-14 04:35:28,691 INFO  server.RaftServerConfigKeys (ConfUtils.java:logGet(43)) - raft.server.log.queue.element-limit = 1024 (custom)
2019-07-14 04:35:28,691 INFO  server.RaftServerConfigKeys (ConfUtils.java:logGet(43)) - raft.server.log.segment.size.max = 1048576 (custom)
2019-07-14 04:35:28,691 INFO  server.RaftServerConfigKeys (ConfUtils.java:logGet(43)) - raft.server.log.segment.size.max = 1048576 (custom)
2019-07-14 04:35:28,692 INFO  server.RaftServerConfigKeys (ConfUtils.java:logGet(43)) - raft.server.log.preallocated.size = 16384 (custom)
2019-07-14 04:35:28,691 INFO  server.RaftServerConfigKeys (ConfUtils.java:logGet(43)) - raft.server.log.segment.cache.num.max = 2 (custom)
2019-07-14 04:35:28,692 INFO  server.RaftServerConfigKeys (ConfUtils.java:logGet(43)) - raft.server.log.write.buffer.size = 33554432 (custom)
2019-07-14 04:35:28,692 INFO  server.RaftServerConfigKeys (ConfUtils.java:logGet(43)) - raft.server.log.preallocated.size = 16384 (custom)
2019-07-14 04:35:28,692 INFO  server.RaftServerConfigKeys (ConfUtils.java:logGet(43)) - raft.server.log.force.sync.num = 128 (default)
2019-07-14 04:35:28,693 INFO  server.RaftServerConfigKeys (ConfUtils.java:logGet(43)) - raft.server.log.statemachine.data.sync = true (default)
2019-07-14 04:35:28,692 INFO  segmented.SegmentedRaftLogWorker (SegmentedRaftLogWorker.java:<init>(172)) - new 9c4ed4db-4d02-46d6-b0ab-296618f62583-SegmentedRaftLogWorker:Storage Directory /tmp/workdir/hadoop-ozone/integration-test/target/test-dir/MiniOzoneClusterImpl-e405d3e1-866f-49a9-9535-2d6e1521d247/datanode-4/data/ratis/1a51b936-6ddd-4cbc-ad0a-4f4b5d343dbf for RaftStorage:Storage Directory /tmp/workdir/hadoop-ozone/integration-test/target/test-dir/MiniOzoneClusterImpl-e405d3e1-866f-49a9-9535-2d6e1521d247/datanode-4/data/ratis/1a51b936-6ddd-4cbc-ad0a-4f4b5d343dbf
2019-07-14 04:35:28,693 INFO  server.RaftServerConfigKeys (ConfUtils.java:logGet(43)) - raft.server.log.statemachine.data.sync.timeout = 10s (default)
2019-07-14 04:35:28,692 INFO  server.RaftServerConfigKeys (ConfUtils.java:logGet(43)) - raft.server.log.write.buffer.size = 33554432 (custom)
2019-07-14 04:35:28,695 INFO  server.RaftServerConfigKeys (ConfUtils.java:logGet(43)) - raft.server.log.statemachine.data.sync.timeout.retry = -1 (default)
2019-07-14 04:35:28,693 INFO  server.RaftServerConfigKeys (ConfUtils.java:logGet(43)) - raft.server.log.queue.byte-limit = 2147483647 (custom)
2019-07-14 04:35:28,695 INFO  server.RaftServerConfigKeys (ConfUtils.java:logGet(43)) - raft.server.log.statemachine.data.caching.enabled = true (custom)
2019-07-14 04:35:28,695 INFO  server.RaftServerConfigKeys (ConfUtils.java:logGet(43)) - raft.server.log.force.sync.num = 128 (default)
2019-07-14 04:35:28,695 INFO  server.RaftServerConfigKeys (ConfUtils.java:logGet(43)) - raft.server.log.queue.element-limit = 1024 (custom)
2019-07-14 04:35:28,695 INFO  segmented.SegmentedRaftLogWorker (SegmentedRaftLogWorker.java:lambda$new$0(132)) - 49cd6ec5-59f0-4c7c-968f-a0b3b7f8f56d-SegmentedRaftLogWorker:Storage Directory /tmp/workdir/hadoop-ozone/integration-test/target/test-dir/MiniOzoneClusterImpl-e405d3e1-866f-49a9-9535-2d6e1521d247/datanode-5/data/ratis/1a51b936-6ddd-4cbc-ad0a-4f4b5d343dbf: flushIndex: setUnconditionally 0 -> -1
2019-07-14 04:35:28,695 INFO  server.RaftServerConfigKeys (ConfUtils.java:logGet(43)) - raft.server.log.statemachine.data.sync = true (default)
2019-07-14 04:35:28,695 INFO  server.RaftServerConfigKeys (ConfUtils.java:logGet(43)) - raft.server.log.segment.size.max = 1048576 (custom)
2019-07-14 04:35:28,696 INFO  server.RaftServerConfigKeys (ConfUtils.java:logGet(43)) - raft.server.snapshot.auto.trigger.enabled = true (custom)
2019-07-14 04:35:28,696 INFO  server.RaftServerConfigKeys (ConfUtils.java:logGet(43)) - raft.server.log.statemachine.data.sync.timeout = 10s (default)
2019-07-14 04:35:28,696 INFO  server.RaftServerConfigKeys (ConfUtils.java:logGet(43)) - raft.server.snapshot.auto.trigger.threshold = 10000 (custom)
2019-07-14 04:35:28,696 INFO  server.RaftServerConfigKeys (ConfUtils.java:logGet(43)) - raft.server.log.preallocated.size = 16384 (custom)
2019-07-14 04:35:28,696 INFO  server.RaftServerConfigKeys (ConfUtils.java:logGet(43)) - raft.server.retrycache.expirytime = 600000ms (custom)
2019-07-14 04:35:28,696 INFO  server.RaftServerConfigKeys (ConfUtils.java:logGet(43)) - raft.server.log.statemachine.data.sync.timeout.retry = -1 (default)
2019-07-14 04:35:28,697 INFO  impl.RaftServerImpl (RaftServerImpl.java:start(180)) - 49cd6ec5-59f0-4c7c-968f-a0b3b7f8f56d: start group-4F4B5D343DBF
2019-07-14 04:35:28,697 INFO  server.RaftServerConfigKeys (ConfUtils.java:logGet(43)) - raft.server.log.write.buffer.size = 33554432 (custom)
2019-07-14 04:35:28,697 INFO  impl.RaftServerImpl (RaftServerImpl.java:setRole(171)) - 49cd6ec5-59f0-4c7c-968f-a0b3b7f8f56d:group-4F4B5D343DBF changes role from null to FOLLOWER at term 0 for startAsFollower
2019-07-14 04:35:28,697 INFO  server.RaftServerConfigKeys (ConfUtils.java:logGet(43)) - raft.server.log.statemachine.data.caching.enabled = true (custom)
2019-07-14 04:35:28,697 INFO  impl.RoleInfo (RoleInfo.java:updateAndGet(143)) - 49cd6ec5-59f0-4c7c-968f-a0b3b7f8f56d: start FollowerState
2019-07-14 04:35:28,697 INFO  server.RaftServerConfigKeys (ConfUtils.java:logGet(43)) - raft.server.log.force.sync.num = 128 (default)
2019-07-14 04:35:28,698 INFO  segmented.SegmentedRaftLogWorker (SegmentedRaftLogWorker.java:lambda$new$0(132)) - 8bdedefe-810b-4dd5-8dca-659f9b072202-SegmentedRaftLogWorker:Storage Directory /tmp/workdir/hadoop-ozone/integration-test/target/test-dir/MiniOzoneClusterImpl-e405d3e1-866f-49a9-9535-2d6e1521d247/datanode-2/data/ratis/1a51b936-6ddd-4cbc-ad0a-4f4b5d343dbf: flushIndex: setUnconditionally 0 -> -1
2019-07-14 04:35:28,698 INFO  server.RaftServerConfigKeys (ConfUtils.java:logGet(43)) - raft.server.log.statemachine.data.sync = true (default)
2019-07-14 04:35:28,698 INFO  util.JmxRegister (JmxRegister.java:tryRegister(44)) - Successfully registered JMX Bean with object name Ratis:service=RaftServer,group=group-4F4B5D343DBF,id=49cd6ec5-59f0-4c7c-968f-a0b3b7f8f56d
2019-07-14 04:35:28,698 INFO  server.RaftServerConfigKeys (ConfUtils.java:logGet(43)) - raft.server.log.statemachine.data.sync.timeout = 10s (default)
2019-07-14 04:35:28,698 INFO  server.RaftServerConfigKeys (ConfUtils.java:logGet(43)) - raft.server.snapshot.auto.trigger.enabled = true (custom)
2019-07-14 04:35:28,699 INFO  server.RaftServerConfigKeys (ConfUtils.java:logGet(43)) - raft.server.log.statemachine.data.sync.timeout.retry = -1 (default)
2019-07-14 04:35:28,699 INFO  server.RaftServerConfigKeys (ConfUtils.java:logGet(43)) - raft.server.snapshot.auto.trigger.threshold = 10000 (custom)
2019-07-14 04:35:28,699 INFO  server.RaftServerConfigKeys (ConfUtils.java:logGet(43)) - raft.server.log.statemachine.data.caching.enabled = true (custom)
2019-07-14 04:35:28,699 INFO  server.RaftServerConfigKeys (ConfUtils.java:logGet(43)) - raft.server.retrycache.expirytime = 600000ms (custom)
2019-07-14 04:35:28,699 INFO  segmented.SegmentedRaftLogWorker (SegmentedRaftLogWorker.java:lambda$new$0(132)) - 9c4ed4db-4d02-46d6-b0ab-296618f62583-SegmentedRaftLogWorker:Storage Directory /tmp/workdir/hadoop-ozone/integration-test/target/test-dir/MiniOzoneClusterImpl-e405d3e1-866f-49a9-9535-2d6e1521d247/datanode-4/data/ratis/1a51b936-6ddd-4cbc-ad0a-4f4b5d343dbf: flushIndex: setUnconditionally 0 -> -1
2019-07-14 04:35:28,699 INFO  impl.RaftServerImpl (RaftServerImpl.java:start(180)) - 8bdedefe-810b-4dd5-8dca-659f9b072202: start group-4F4B5D343DBF
2019-07-14 04:35:28,700 INFO  impl.RaftServerImpl (RaftServerImpl.java:setRole(171)) - 8bdedefe-810b-4dd5-8dca-659f9b072202:group-4F4B5D343DBF changes role from null to FOLLOWER at term 0 for startAsFollower
2019-07-14 04:35:28,700 INFO  server.RaftServerConfigKeys (ConfUtils.java:logGet(43)) - raft.server.snapshot.auto.trigger.enabled = true (custom)
2019-07-14 04:35:28,700 INFO  impl.RoleInfo (RoleInfo.java:updateAndGet(143)) - 8bdedefe-810b-4dd5-8dca-659f9b072202: start FollowerState
2019-07-14 04:35:28,700 INFO  server.RaftServerConfigKeys (ConfUtils.java:logGet(43)) - raft.server.snapshot.auto.trigger.threshold = 10000 (custom)
2019-07-14 04:35:28,700 INFO  server.RaftServerConfigKeys (ConfUtils.java:logGet(43)) - raft.server.retrycache.expirytime = 600000ms (custom)
2019-07-14 04:35:28,700 INFO  util.JmxRegister (JmxRegister.java:tryRegister(44)) - Successfully registered JMX Bean with object name Ratis:service=RaftServer,group=group-4F4B5D343DBF,id=8bdedefe-810b-4dd5-8dca-659f9b072202
2019-07-14 04:35:28,700 INFO  impl.RaftServerImpl (RaftServerImpl.java:start(180)) - 9c4ed4db-4d02-46d6-b0ab-296618f62583: start group-4F4B5D343DBF
2019-07-14 04:35:28,701 INFO  impl.RaftServerImpl (RaftServerImpl.java:setRole(171)) - 9c4ed4db-4d02-46d6-b0ab-296618f62583:group-4F4B5D343DBF changes role from null to FOLLOWER at term 0 for startAsFollower
2019-07-14 04:35:28,701 INFO  impl.RoleInfo (RoleInfo.java:updateAndGet(143)) - 9c4ed4db-4d02-46d6-b0ab-296618f62583: start FollowerState
2019-07-14 04:35:28,703 INFO  util.JmxRegister (JmxRegister.java:tryRegister(44)) - Successfully registered JMX Bean with object name Ratis:service=RaftServer,group=group-4F4B5D343DBF,id=9c4ed4db-4d02-46d6-b0ab-296618f62583
2019-07-14 04:35:28,726 INFO  pipeline.PipelineStateManager (PipelineStateManager.java:addPipeline(56)) - Created pipeline Pipeline[ Id: 1a51b936-6ddd-4cbc-ad0a-4f4b5d343dbf, Nodes: 9c4ed4db-4d02-46d6-b0ab-296618f62583{ip: 192.168.5.157, host: trunk-nightly-6h29n-2077950039, networkLocation: /default-rack, certSerialId: null}49cd6ec5-59f0-4c7c-968f-a0b3b7f8f56d{ip: 192.168.5.157, host: trunk-nightly-6h29n-2077950039, networkLocation: /default-rack, certSerialId: null}8bdedefe-810b-4dd5-8dca-659f9b072202{ip: 192.168.5.157, host: trunk-nightly-6h29n-2077950039, networkLocation: /default-rack, certSerialId: null}, Type:RATIS, Factor:THREE, State:OPEN]
2019-07-14 04:35:29,072 INFO  ozone.MiniOzoneClusterImpl (MiniOzoneClusterImpl.java:lambda$waitForClusterToBeReady$0(142)) - Cluster is ready. Got 7 of 7 DN Heartbeats.
2019-07-14 04:35:29,404 INFO  rpc.RpcClient (RpcClient.java:createVolume(287)) - Creating Volume: watchforcommithandlingtest, with jenkins1000 as owner.
2019-07-14 04:35:29,461 INFO  rpc.RpcClient (RpcClient.java:createBucket(424)) - Creating Bucket: watchforcommithandlingtest/watchforcommithandlingtest, with Versioning false and Storage Type set to DISK and Encryption set to false 
2019-07-14 04:35:29,482 INFO  ozone.MiniOzoneClusterImpl (MiniOzoneClusterImpl.java:getStorageContainerLocationClient(241)) - Creating StorageContainerLocationProtocol RPC client with address /0.0.0.0:36748
2019-07-14 04:35:29,764 INFO  client.GrpcClientProtocolClient (GrpcClientProtocolClient.java:onNext(255)) - client-65825590B5E3->95662b28-5ab4-47dc-8868-1ce1bf3116bf: receive RaftClientReply:client-65825590B5E3->95662b28-5ab4-47dc-8868-1ce1bf3116bf@group-9725ECF0DA90, cid=13, FAILED org.apache.ratis.protocol.NotLeaderException: Server 95662b28-5ab4-47dc-8868-1ce1bf3116bf is not the leader (null). Request must be sent to leader., logIndex=0, commits[95662b28-5ab4-47dc-8868-1ce1bf3116bf:c-1]
2019-07-14 04:35:29,778 INFO  container.ReplicationManager (ReplicationManager.java:start(155)) - Starting Replication Monitor Thread.
2019-07-14 04:35:29,795 INFO  container.ReplicationManager (ReplicationManager.java:run(207)) - Replication Monitor Thread took 10 milliseconds for processing 1 containers.
2019-07-14 04:35:30,817 INFO  client.GrpcClientProtocolClient (GrpcClientProtocolClient.java:onNext(255)) - client-65825590B5E3->bf8d9be4-e736-40fa-a7ac-fb394448e171: receive RaftClientReply:client-65825590B5E3->bf8d9be4-e736-40fa-a7ac-fb394448e171@group-9725ECF0DA90, cid=13, FAILED org.apache.ratis.protocol.NotLeaderException: Server bf8d9be4-e736-40fa-a7ac-fb394448e171 is not the leader (null). Request must be sent to leader., logIndex=0, commits[bf8d9be4-e736-40fa-a7ac-fb394448e171:c-1]
2019-07-14 04:35:31,850 INFO  client.GrpcClientProtocolClient (GrpcClientProtocolClient.java:onNext(255)) - client-65825590B5E3->28643ef2-7003-48bb-a8f6-fe4dd83568f6: receive RaftClientReply:client-65825590B5E3->28643ef2-7003-48bb-a8f6-fe4dd83568f6@group-9725ECF0DA90, cid=13, FAILED org.apache.ratis.protocol.NotLeaderException: Server 28643ef2-7003-48bb-a8f6-fe4dd83568f6 is not the leader (null). Request must be sent to leader., logIndex=0, commits[28643ef2-7003-48bb-a8f6-fe4dd83568f6:c-1]
2019-07-14 04:35:32,873 INFO  client.GrpcClientProtocolClient (GrpcClientProtocolClient.java:onNext(255)) - client-65825590B5E3->bf8d9be4-e736-40fa-a7ac-fb394448e171: receive RaftClientReply:client-65825590B5E3->bf8d9be4-e736-40fa-a7ac-fb394448e171@group-9725ECF0DA90, cid=13, FAILED org.apache.ratis.protocol.NotLeaderException: Server bf8d9be4-e736-40fa-a7ac-fb394448e171 is not the leader (null). Request must be sent to leader., logIndex=0, commits[bf8d9be4-e736-40fa-a7ac-fb394448e171:c-1]
2019-07-14 04:35:33,014 INFO  impl.FollowerState (FollowerState.java:run(106)) - bf8d9be4-e736-40fa-a7ac-fb394448e171:group-A81B224B20FD changes to CANDIDATE, lastRpcTime:5119, electionTimeout:5118ms
2019-07-14 04:35:33,014 INFO  impl.RoleInfo (RoleInfo.java:shutdownFollowerState(121)) - bf8d9be4-e736-40fa-a7ac-fb394448e171: shutdown FollowerState
2019-07-14 04:35:33,014 INFO  impl.RaftServerImpl (RaftServerImpl.java:setRole(171)) - bf8d9be4-e736-40fa-a7ac-fb394448e171:group-A81B224B20FD changes role from FOLLOWER to CANDIDATE at term 0 for changeToCandidate
2019-07-14 04:35:33,022 INFO  impl.RoleInfo (RoleInfo.java:updateAndGet(143)) - bf8d9be4-e736-40fa-a7ac-fb394448e171: start LeaderElection
2019-07-14 04:35:33,044 INFO  impl.LeaderElection (LeaderElection.java:askForVotes(181)) - bf8d9be4-e736-40fa-a7ac-fb394448e171:group-A81B224B20FD:LeaderElection1: begin an election at term 1 for -1: [bf8d9be4-e736-40fa-a7ac-fb394448e171:192.168.5.157:40312], old=null
2019-07-14 04:35:33,046 INFO  impl.RoleInfo (RoleInfo.java:shutdownLeaderElection(134)) - bf8d9be4-e736-40fa-a7ac-fb394448e171: shutdown LeaderElection
2019-07-14 04:35:33,047 INFO  impl.RaftServerImpl (RaftServerImpl.java:setRole(171)) - bf8d9be4-e736-40fa-a7ac-fb394448e171:group-A81B224B20FD changes role from CANDIDATE to LEADER at term 1 for changeToLeader
2019-07-14 04:35:33,047 INFO  impl.RaftServerImpl (ServerState.java:setLeader(263)) - bf8d9be4-e736-40fa-a7ac-fb394448e171:group-A81B224B20FD change Leader from null to bf8d9be4-e736-40fa-a7ac-fb394448e171 at term 1 for becomeLeader, leader elected after 5228ms
2019-07-14 04:35:33,057 INFO  server.RaftServerConfigKeys (ConfUtils.java:logGet(43)) - raft.server.staging.catchup.gap = 1000 (default)
2019-07-14 04:35:33,057 INFO  server.RaftServerConfigKeys (ConfUtils.java:logGet(43)) - raft.server.rpc.sleep.time = 25ms (default)
2019-07-14 04:35:33,061 INFO  server.RaftServerConfigKeys (ConfUtils.java:logGet(43)) - raft.server.write.element-limit = 4096 (default)
2019-07-14 04:35:33,064 INFO  server.RaftServerConfigKeys (ConfUtils.java:logGet(43)) - raft.server.watch.timeout = 10s (default)
2019-07-14 04:35:33,064 INFO  server.RaftServerConfigKeys (ConfUtils.java:logGet(43)) - raft.server.watch.timeout.denomination = 1s (default)
2019-07-14 04:35:33,066 INFO  server.RaftServerConfigKeys (ConfUtils.java:logGet(43)) - raft.server.watch.element-limit = 65536 (default)
2019-07-14 04:35:33,076 INFO  impl.RoleInfo (RoleInfo.java:updateAndGet(143)) - bf8d9be4-e736-40fa-a7ac-fb394448e171: start LeaderState
2019-07-14 04:35:33,103 INFO  segmented.SegmentedRaftLogWorker (SegmentedRaftLogWorker.java:startLogSegment(380)) - bf8d9be4-e736-40fa-a7ac-fb394448e171-SegmentedRaftLogWorker:Storage Directory /tmp/workdir/hadoop-ozone/integration-test/target/test-dir/MiniOzoneClusterImpl-e405d3e1-866f-49a9-9535-2d6e1521d247/datanode-0/data/ratis/4b3c8eb9-bdda-4377-8e44-a81b224b20fd: Starting segment from index:0
2019-07-14 04:35:33,112 INFO  impl.RaftServerImpl (ServerState.java:setRaftConf(361)) - bf8d9be4-e736-40fa-a7ac-fb394448e171:group-A81B224B20FD set configuration 0: [bf8d9be4-e736-40fa-a7ac-fb394448e171:192.168.5.157:40312], old=null at 0
2019-07-14 04:35:33,255 INFO  impl.FollowerState (FollowerState.java:run(106)) - 95662b28-5ab4-47dc-8868-1ce1bf3116bf:group-D275156E8A87 changes to CANDIDATE, lastRpcTime:5149, electionTimeout:5148ms
2019-07-14 04:35:33,257 INFO  impl.RoleInfo (RoleInfo.java:shutdownFollowerState(121)) - 95662b28-5ab4-47dc-8868-1ce1bf3116bf: shutdown FollowerState
2019-07-14 04:35:33,257 INFO  impl.RaftServerImpl (RaftServerImpl.java:setRole(171)) - 95662b28-5ab4-47dc-8868-1ce1bf3116bf:group-D275156E8A87 changes role from FOLLOWER to CANDIDATE at term 0 for changeToCandidate
2019-07-14 04:35:33,257 INFO  impl.RoleInfo (RoleInfo.java:updateAndGet(143)) - 95662b28-5ab4-47dc-8868-1ce1bf3116bf: start LeaderElection
2019-07-14 04:35:33,276 INFO  impl.FollowerState (FollowerState.java:run(106)) - 9c4ed4db-4d02-46d6-b0ab-296618f62583:group-D3468A86E2DB changes to CANDIDATE, lastRpcTime:5001, electionTimeout:5001ms
2019-07-14 04:35:33,276 INFO  impl.RoleInfo (RoleInfo.java:shutdownFollowerState(121)) - 9c4ed4db-4d02-46d6-b0ab-296618f62583: shutdown FollowerState
2019-07-14 04:35:33,276 INFO  impl.RaftServerImpl (RaftServerImpl.java:setRole(171)) - 9c4ed4db-4d02-46d6-b0ab-296618f62583:group-D3468A86E2DB changes role from FOLLOWER to CANDIDATE at term 0 for changeToCandidate
2019-07-14 04:35:33,276 INFO  impl.RoleInfo (RoleInfo.java:updateAndGet(143)) - 9c4ed4db-4d02-46d6-b0ab-296618f62583: start LeaderElection
2019-07-14 04:35:33,283 INFO  impl.LeaderElection (LeaderElection.java:askForVotes(181)) - 95662b28-5ab4-47dc-8868-1ce1bf3116bf:group-D275156E8A87:LeaderElection2: begin an election at term 1 for -1: [95662b28-5ab4-47dc-8868-1ce1bf3116bf:192.168.5.157:42507], old=null
2019-07-14 04:35:33,288 INFO  impl.RoleInfo (RoleInfo.java:shutdownLeaderElection(134)) - 95662b28-5ab4-47dc-8868-1ce1bf3116bf: shutdown LeaderElection
2019-07-14 04:35:33,288 INFO  impl.RaftServerImpl (RaftServerImpl.java:setRole(171)) - 95662b28-5ab4-47dc-8868-1ce1bf3116bf:group-D275156E8A87 changes role from CANDIDATE to LEADER at term 1 for changeToLeader
2019-07-14 04:35:33,288 INFO  impl.RaftServerImpl (ServerState.java:setLeader(263)) - 95662b28-5ab4-47dc-8868-1ce1bf3116bf:group-D275156E8A87 change Leader from null to 95662b28-5ab4-47dc-8868-1ce1bf3116bf at term 1 for becomeLeader, leader elected after 5190ms
2019-07-14 04:35:33,290 INFO  server.RaftServerConfigKeys (ConfUtils.java:logGet(43)) - raft.server.staging.catchup.gap = 1000 (default)
2019-07-14 04:35:33,292 INFO  server.RaftServerConfigKeys (ConfUtils.java:logGet(43)) - raft.server.rpc.sleep.time = 25ms (default)
2019-07-14 04:35:33,293 INFO  server.RaftServerConfigKeys (ConfUtils.java:logGet(43)) - raft.server.write.element-limit = 4096 (default)
2019-07-14 04:35:33,293 INFO  server.RaftServerConfigKeys (ConfUtils.java:logGet(43)) - raft.server.watch.timeout = 10s (default)
2019-07-14 04:35:33,293 INFO  server.RaftServerConfigKeys (ConfUtils.java:logGet(43)) - raft.server.watch.timeout.denomination = 1s (default)
2019-07-14 04:35:33,293 INFO  server.RaftServerConfigKeys (ConfUtils.java:logGet(43)) - raft.server.watch.element-limit = 65536 (default)
2019-07-14 04:35:33,293 INFO  impl.RoleInfo (RoleInfo.java:updateAndGet(143)) - 95662b28-5ab4-47dc-8868-1ce1bf3116bf: start LeaderState
2019-07-14 04:35:33,294 INFO  segmented.SegmentedRaftLogWorker (SegmentedRaftLogWorker.java:startLogSegment(380)) - 95662b28-5ab4-47dc-8868-1ce1bf3116bf-SegmentedRaftLogWorker:Storage Directory /tmp/workdir/hadoop-ozone/integration-test/target/test-dir/MiniOzoneClusterImpl-e405d3e1-866f-49a9-9535-2d6e1521d247/datanode-1/data/ratis/bdf79fce-0f60-4dc8-ac08-d275156e8a87: Starting segment from index:0
2019-07-14 04:35:33,294 INFO  impl.RaftServerImpl (ServerState.java:setRaftConf(361)) - 95662b28-5ab4-47dc-8868-1ce1bf3116bf:group-D275156E8A87 set configuration 0: [95662b28-5ab4-47dc-8868-1ce1bf3116bf:192.168.5.157:42507], old=null at 0
2019-07-14 04:35:33,313 INFO  segmented.SegmentedRaftLogWorker (SegmentedRaftLogWorker.java:execute(569)) - bf8d9be4-e736-40fa-a7ac-fb394448e171-SegmentedRaftLogWorker:Storage Directory /tmp/workdir/hadoop-ozone/integration-test/target/test-dir/MiniOzoneClusterImpl-e405d3e1-866f-49a9-9535-2d6e1521d247/datanode-0/data/ratis/4b3c8eb9-bdda-4377-8e44-a81b224b20fd: created new log segment /tmp/workdir/hadoop-ozone/integration-test/target/test-dir/MiniOzoneClusterImpl-e405d3e1-866f-49a9-9535-2d6e1521d247/datanode-0/data/ratis/4b3c8eb9-bdda-4377-8e44-a81b224b20fd/current/log_inprogress_0
2019-07-14 04:35:33,313 INFO  impl.LeaderElection (LeaderElection.java:askForVotes(181)) - 9c4ed4db-4d02-46d6-b0ab-296618f62583:group-D3468A86E2DB:LeaderElection3: begin an election at term 1 for -1: [9c4ed4db-4d02-46d6-b0ab-296618f62583:192.168.5.157:34055], old=null
2019-07-14 04:35:33,313 INFO  impl.RoleInfo (RoleInfo.java:shutdownLeaderElection(134)) - 9c4ed4db-4d02-46d6-b0ab-296618f62583: shutdown LeaderElection
2019-07-14 04:35:33,313 INFO  impl.RaftServerImpl (RaftServerImpl.java:setRole(171)) - 9c4ed4db-4d02-46d6-b0ab-296618f62583:group-D3468A86E2DB changes role from CANDIDATE to LEADER at term 1 for changeToLeader
2019-07-14 04:35:33,313 INFO  impl.RaftServerImpl (ServerState.java:setLeader(263)) - 9c4ed4db-4d02-46d6-b0ab-296618f62583:group-D3468A86E2DB change Leader from null to 9c4ed4db-4d02-46d6-b0ab-296618f62583 at term 1 for becomeLeader, leader elected after 5044ms
2019-07-14 04:35:33,316 INFO  server.RaftServerConfigKeys (ConfUtils.java:logGet(43)) - raft.server.staging.catchup.gap = 1000 (default)
2019-07-14 04:35:33,316 INFO  server.RaftServerConfigKeys (ConfUtils.java:logGet(43)) - raft.server.rpc.sleep.time = 25ms (default)
2019-07-14 04:35:33,316 INFO  server.RaftServerConfigKeys (ConfUtils.java:logGet(43)) - raft.server.write.element-limit = 4096 (default)
2019-07-14 04:35:33,318 INFO  server.RaftServerConfigKeys (ConfUtils.java:logGet(43)) - raft.server.watch.timeout = 10s (default)
2019-07-14 04:35:33,318 INFO  server.RaftServerConfigKeys (ConfUtils.java:logGet(43)) - raft.server.watch.timeout.denomination = 1s (default)
2019-07-14 04:35:33,318 INFO  server.RaftServerConfigKeys (ConfUtils.java:logGet(43)) - raft.server.watch.element-limit = 65536 (default)
2019-07-14 04:35:33,319 INFO  impl.RoleInfo (RoleInfo.java:updateAndGet(143)) - 9c4ed4db-4d02-46d6-b0ab-296618f62583: start LeaderState
2019-07-14 04:35:33,319 INFO  segmented.SegmentedRaftLogWorker (SegmentedRaftLogWorker.java:startLogSegment(380)) - 9c4ed4db-4d02-46d6-b0ab-296618f62583-SegmentedRaftLogWorker:Storage Directory /tmp/workdir/hadoop-ozone/integration-test/target/test-dir/MiniOzoneClusterImpl-e405d3e1-866f-49a9-9535-2d6e1521d247/datanode-4/data/ratis/9b9bab34-d73e-4f64-9aa4-d3468a86e2db: Starting segment from index:0
2019-07-14 04:35:33,320 INFO  impl.RaftServerImpl (ServerState.java:setRaftConf(361)) - 9c4ed4db-4d02-46d6-b0ab-296618f62583:group-D3468A86E2DB set configuration 0: [9c4ed4db-4d02-46d6-b0ab-296618f62583:192.168.5.157:34055], old=null at 0
2019-07-14 04:35:33,322 INFO  segmented.SegmentedRaftLogWorker (SegmentedRaftLogWorker.java:execute(569)) - 95662b28-5ab4-47dc-8868-1ce1bf3116bf-SegmentedRaftLogWorker:Storage Directory /tmp/workdir/hadoop-ozone/integration-test/target/test-dir/MiniOzoneClusterImpl-e405d3e1-866f-49a9-9535-2d6e1521d247/datanode-1/data/ratis/bdf79fce-0f60-4dc8-ac08-d275156e8a87: created new log segment /tmp/workdir/hadoop-ozone/integration-test/target/test-dir/MiniOzoneClusterImpl-e405d3e1-866f-49a9-9535-2d6e1521d247/datanode-1/data/ratis/bdf79fce-0f60-4dc8-ac08-d275156e8a87/current/log_inprogress_0
2019-07-14 04:35:33,359 INFO  segmented.SegmentedRaftLogWorker (SegmentedRaftLogWorker.java:execute(569)) - 9c4ed4db-4d02-46d6-b0ab-296618f62583-SegmentedRaftLogWorker:Storage Directory /tmp/workdir/hadoop-ozone/integration-test/target/test-dir/MiniOzoneClusterImpl-e405d3e1-866f-49a9-9535-2d6e1521d247/datanode-4/data/ratis/9b9bab34-d73e-4f64-9aa4-d3468a86e2db: created new log segment /tmp/workdir/hadoop-ozone/integration-test/target/test-dir/MiniOzoneClusterImpl-e405d3e1-866f-49a9-9535-2d6e1521d247/datanode-4/data/ratis/9b9bab34-d73e-4f64-9aa4-d3468a86e2db/current/log_inprogress_0
2019-07-14 04:35:33,376 INFO  impl.FollowerState (FollowerState.java:run(106)) - 28643ef2-7003-48bb-a8f6-fe4dd83568f6:group-14F8127A9B1D changes to CANDIDATE, lastRpcTime:5181, electionTimeout:5181ms
2019-07-14 04:35:33,378 INFO  impl.RoleInfo (RoleInfo.java:shutdownFollowerState(121)) - 28643ef2-7003-48bb-a8f6-fe4dd83568f6: shutdown FollowerState
2019-07-14 04:35:33,378 INFO  impl.RaftServerImpl (RaftServerImpl.java:setRole(171)) - 28643ef2-7003-48bb-a8f6-fe4dd83568f6:group-14F8127A9B1D changes role from FOLLOWER to CANDIDATE at term 0 for changeToCandidate
2019-07-14 04:35:33,378 INFO  impl.RoleInfo (RoleInfo.java:updateAndGet(143)) - 28643ef2-7003-48bb-a8f6-fe4dd83568f6: start LeaderElection
2019-07-14 04:35:33,396 INFO  impl.LeaderElection (LeaderElection.java:askForVotes(181)) - 28643ef2-7003-48bb-a8f6-fe4dd83568f6:group-14F8127A9B1D:LeaderElection4: begin an election at term 1 for -1: [28643ef2-7003-48bb-a8f6-fe4dd83568f6:192.168.5.157:39888], old=null
2019-07-14 04:35:33,398 INFO  impl.RoleInfo (RoleInfo.java:shutdownLeaderElection(134)) - 28643ef2-7003-48bb-a8f6-fe4dd83568f6: shutdown LeaderElection
2019-07-14 04:35:33,399 INFO  impl.RaftServerImpl (RaftServerImpl.java:setRole(171)) - 28643ef2-7003-48bb-a8f6-fe4dd83568f6:group-14F8127A9B1D changes role from CANDIDATE to LEADER at term 1 for changeToLeader
2019-07-14 04:35:33,399 INFO  impl.RaftServerImpl (ServerState.java:setLeader(263)) - 28643ef2-7003-48bb-a8f6-fe4dd83568f6:group-14F8127A9B1D change Leader from null to 28643ef2-7003-48bb-a8f6-fe4dd83568f6 at term 1 for becomeLeader, leader elected after 5210ms
2019-07-14 04:35:33,401 INFO  server.RaftServerConfigKeys (ConfUtils.java:logGet(43)) - raft.server.staging.catchup.gap = 1000 (default)
2019-07-14 04:35:33,401 INFO  server.RaftServerConfigKeys (ConfUtils.java:logGet(43)) - raft.server.rpc.sleep.time = 25ms (default)
2019-07-14 04:35:33,401 INFO  server.RaftServerConfigKeys (ConfUtils.java:logGet(43)) - raft.server.write.element-limit = 4096 (default)
2019-07-14 04:35:33,401 INFO  server.RaftServerConfigKeys (ConfUtils.java:logGet(43)) - raft.server.watch.timeout = 10s (default)
2019-07-14 04:35:33,402 INFO  server.RaftServerConfigKeys (ConfUtils.java:logGet(43)) - raft.server.watch.timeout.denomination = 1s (default)
2019-07-14 04:35:33,402 INFO  server.RaftServerConfigKeys (ConfUtils.java:logGet(43)) - raft.server.watch.element-limit = 65536 (default)
2019-07-14 04:35:33,402 INFO  impl.RoleInfo (RoleInfo.java:updateAndGet(143)) - 28643ef2-7003-48bb-a8f6-fe4dd83568f6: start LeaderState
2019-07-14 04:35:33,402 INFO  segmented.SegmentedRaftLogWorker (SegmentedRaftLogWorker.java:startLogSegment(380)) - 28643ef2-7003-48bb-a8f6-fe4dd83568f6-SegmentedRaftLogWorker:Storage Directory /tmp/workdir/hadoop-ozone/integration-test/target/test-dir/MiniOzoneClusterImpl-e405d3e1-866f-49a9-9535-2d6e1521d247/datanode-3/data/ratis/78aabe4d-9f70-4607-9f49-14f8127a9b1d: Starting segment from index:0
2019-07-14 04:35:33,403 INFO  impl.RaftServerImpl (ServerState.java:setRaftConf(361)) - 28643ef2-7003-48bb-a8f6-fe4dd83568f6:group-14F8127A9B1D set configuration 0: [28643ef2-7003-48bb-a8f6-fe4dd83568f6:192.168.5.157:39888], old=null at 0
2019-07-14 04:35:33,426 INFO  segmented.SegmentedRaftLogWorker (SegmentedRaftLogWorker.java:execute(569)) - 28643ef2-7003-48bb-a8f6-fe4dd83568f6-SegmentedRaftLogWorker:Storage Directory /tmp/workdir/hadoop-ozone/integration-test/target/test-dir/MiniOzoneClusterImpl-e405d3e1-866f-49a9-9535-2d6e1521d247/datanode-3/data/ratis/78aabe4d-9f70-4607-9f49-14f8127a9b1d: created new log segment /tmp/workdir/hadoop-ozone/integration-test/target/test-dir/MiniOzoneClusterImpl-e405d3e1-866f-49a9-9535-2d6e1521d247/datanode-3/data/ratis/78aabe4d-9f70-4607-9f49-14f8127a9b1d/current/log_inprogress_0
2019-07-14 04:35:33,457 INFO  impl.FollowerState (FollowerState.java:run(106)) - 49cd6ec5-59f0-4c7c-968f-a0b3b7f8f56d:group-8125ED6A5BA4 changes to CANDIDATE, lastRpcTime:5105, electionTimeout:5105ms
2019-07-14 04:35:33,457 INFO  impl.RoleInfo (RoleInfo.java:shutdownFollowerState(121)) - 49cd6ec5-59f0-4c7c-968f-a0b3b7f8f56d: shutdown FollowerState
2019-07-14 04:35:33,457 INFO  impl.RaftServerImpl (RaftServerImpl.java:setRole(171)) - 49cd6ec5-59f0-4c7c-968f-a0b3b7f8f56d:group-8125ED6A5BA4 changes role from FOLLOWER to CANDIDATE at term 0 for changeToCandidate
2019-07-14 04:35:33,457 INFO  impl.RoleInfo (RoleInfo.java:updateAndGet(143)) - 49cd6ec5-59f0-4c7c-968f-a0b3b7f8f56d: start LeaderElection
2019-07-14 04:35:33,475 INFO  impl.LeaderElection (LeaderElection.java:askForVotes(181)) - 49cd6ec5-59f0-4c7c-968f-a0b3b7f8f56d:group-8125ED6A5BA4:LeaderElection5: begin an election at term 1 for -1: [49cd6ec5-59f0-4c7c-968f-a0b3b7f8f56d:192.168.5.157:42622], old=null
2019-07-14 04:35:33,477 INFO  impl.RoleInfo (RoleInfo.java:shutdownLeaderElection(134)) - 49cd6ec5-59f0-4c7c-968f-a0b3b7f8f56d: shutdown LeaderElection
2019-07-14 04:35:33,477 INFO  impl.RaftServerImpl (RaftServerImpl.java:setRole(171)) - 49cd6ec5-59f0-4c7c-968f-a0b3b7f8f56d:group-8125ED6A5BA4 changes role from CANDIDATE to LEADER at term 1 for changeToLeader
2019-07-14 04:35:33,477 INFO  impl.RaftServerImpl (ServerState.java:setLeader(263)) - 49cd6ec5-59f0-4c7c-968f-a0b3b7f8f56d:group-8125ED6A5BA4 change Leader from null to 49cd6ec5-59f0-4c7c-968f-a0b3b7f8f56d at term 1 for becomeLeader, leader elected after 5131ms
2019-07-14 04:35:33,479 INFO  server.RaftServerConfigKeys (ConfUtils.java:logGet(43)) - raft.server.staging.catchup.gap = 1000 (default)
2019-07-14 04:35:33,479 INFO  server.RaftServerConfigKeys (ConfUtils.java:logGet(43)) - raft.server.rpc.sleep.time = 25ms (default)
2019-07-14 04:35:33,480 INFO  server.RaftServerConfigKeys (ConfUtils.java:logGet(43)) - raft.server.write.element-limit = 4096 (default)
2019-07-14 04:35:33,480 INFO  server.RaftServerConfigKeys (ConfUtils.java:logGet(43)) - raft.server.watch.timeout = 10s (default)
2019-07-14 04:35:33,480 INFO  server.RaftServerConfigKeys (ConfUtils.java:logGet(43)) - raft.server.watch.timeout.denomination = 1s (default)
2019-07-14 04:35:33,480 INFO  server.RaftServerConfigKeys (ConfUtils.java:logGet(43)) - raft.server.watch.element-limit = 65536 (default)
2019-07-14 04:35:33,480 INFO  impl.RoleInfo (RoleInfo.java:updateAndGet(143)) - 49cd6ec5-59f0-4c7c-968f-a0b3b7f8f56d: start LeaderState
2019-07-14 04:35:33,481 INFO  segmented.SegmentedRaftLogWorker (SegmentedRaftLogWorker.java:startLogSegment(380)) - 49cd6ec5-59f0-4c7c-968f-a0b3b7f8f56d-SegmentedRaftLogWorker:Storage Directory /tmp/workdir/hadoop-ozone/integration-test/target/test-dir/MiniOzoneClusterImpl-e405d3e1-866f-49a9-9535-2d6e1521d247/datanode-5/data/ratis/ad2107a5-4445-46c2-bb44-8125ed6a5ba4: Starting segment from index:0
2019-07-14 04:35:33,481 INFO  impl.RaftServerImpl (ServerState.java:setRaftConf(361)) - 49cd6ec5-59f0-4c7c-968f-a0b3b7f8f56d:group-8125ED6A5BA4 set configuration 0: [49cd6ec5-59f0-4c7c-968f-a0b3b7f8f56d:192.168.5.157:42622], old=null at 0
2019-07-14 04:35:33,514 INFO  segmented.SegmentedRaftLogWorker (SegmentedRaftLogWorker.java:execute(569)) - 49cd6ec5-59f0-4c7c-968f-a0b3b7f8f56d-SegmentedRaftLogWorker:Storage Directory /tmp/workdir/hadoop-ozone/integration-test/target/test-dir/MiniOzoneClusterImpl-e405d3e1-866f-49a9-9535-2d6e1521d247/datanode-5/data/ratis/ad2107a5-4445-46c2-bb44-8125ed6a5ba4: created new log segment /tmp/workdir/hadoop-ozone/integration-test/target/test-dir/MiniOzoneClusterImpl-e405d3e1-866f-49a9-9535-2d6e1521d247/datanode-5/data/ratis/ad2107a5-4445-46c2-bb44-8125ed6a5ba4/current/log_inprogress_0
2019-07-14 04:35:33,580 INFO  impl.FollowerState (FollowerState.java:run(106)) - 8bdedefe-810b-4dd5-8dca-659f9b072202:group-BC16AAC7E6CF changes to CANDIDATE, lastRpcTime:5166, electionTimeout:5166ms
2019-07-14 04:35:33,581 INFO  impl.RoleInfo (RoleInfo.java:shutdownFollowerState(121)) - 8bdedefe-810b-4dd5-8dca-659f9b072202: shutdown FollowerState
2019-07-14 04:35:33,581 INFO  impl.RaftServerImpl (RaftServerImpl.java:setRole(171)) - 8bdedefe-810b-4dd5-8dca-659f9b072202:group-BC16AAC7E6CF changes role from FOLLOWER to CANDIDATE at term 0 for changeToCandidate
2019-07-14 04:35:33,581 INFO  impl.RoleInfo (RoleInfo.java:updateAndGet(143)) - 8bdedefe-810b-4dd5-8dca-659f9b072202: start LeaderElection
2019-07-14 04:35:33,592 INFO  impl.LeaderElection (LeaderElection.java:askForVotes(181)) - 8bdedefe-810b-4dd5-8dca-659f9b072202:group-BC16AAC7E6CF:LeaderElection6: begin an election at term 1 for -1: [8bdedefe-810b-4dd5-8dca-659f9b072202:192.168.5.157:32899], old=null
2019-07-14 04:35:33,601 INFO  impl.RoleInfo (RoleInfo.java:shutdownLeaderElection(134)) - 8bdedefe-810b-4dd5-8dca-659f9b072202: shutdown LeaderElection
2019-07-14 04:35:33,601 INFO  impl.RaftServerImpl (RaftServerImpl.java:setRole(171)) - 8bdedefe-810b-4dd5-8dca-659f9b072202:group-BC16AAC7E6CF changes role from CANDIDATE to LEADER at term 1 for changeToLeader
2019-07-14 04:35:33,601 INFO  impl.RaftServerImpl (ServerState.java:setLeader(263)) - 8bdedefe-810b-4dd5-8dca-659f9b072202:group-BC16AAC7E6CF change Leader from null to 8bdedefe-810b-4dd5-8dca-659f9b072202 at term 1 for becomeLeader, leader elected after 5193ms
2019-07-14 04:35:33,604 INFO  server.RaftServerConfigKeys (ConfUtils.java:logGet(43)) - raft.server.staging.catchup.gap = 1000 (default)
2019-07-14 04:35:33,604 INFO  server.RaftServerConfigKeys (ConfUtils.java:logGet(43)) - raft.server.rpc.sleep.time = 25ms (default)
2019-07-14 04:35:33,604 INFO  server.RaftServerConfigKeys (ConfUtils.java:logGet(43)) - raft.server.write.element-limit = 4096 (default)
2019-07-14 04:35:33,604 INFO  server.RaftServerConfigKeys (ConfUtils.java:logGet(43)) - raft.server.watch.timeout = 10s (default)
2019-07-14 04:35:33,605 INFO  server.RaftServerConfigKeys (ConfUtils.java:logGet(43)) - raft.server.watch.timeout.denomination = 1s (default)
2019-07-14 04:35:33,605 INFO  server.RaftServerConfigKeys (ConfUtils.java:logGet(43)) - raft.server.watch.element-limit = 65536 (default)
2019-07-14 04:35:33,605 INFO  impl.RoleInfo (RoleInfo.java:updateAndGet(143)) - 8bdedefe-810b-4dd5-8dca-659f9b072202: start LeaderState
2019-07-14 04:35:33,605 INFO  segmented.SegmentedRaftLogWorker (SegmentedRaftLogWorker.java:startLogSegment(380)) - 8bdedefe-810b-4dd5-8dca-659f9b072202-SegmentedRaftLogWorker:Storage Directory /tmp/workdir/hadoop-ozone/integration-test/target/test-dir/MiniOzoneClusterImpl-e405d3e1-866f-49a9-9535-2d6e1521d247/datanode-2/data/ratis/7900bfb0-906f-4fd2-a91c-bc16aac7e6cf: Starting segment from index:0
2019-07-14 04:35:33,606 INFO  impl.RaftServerImpl (ServerState.java:setRaftConf(361)) - 8bdedefe-810b-4dd5-8dca-659f9b072202:group-BC16AAC7E6CF set configuration 0: [8bdedefe-810b-4dd5-8dca-659f9b072202:192.168.5.157:32899], old=null at 0
2019-07-14 04:35:33,626 INFO  impl.FollowerState (FollowerState.java:run(106)) - f43c6e04-efe7-4641-8c77-fdba4b1a12e7:group-A23D1B17B78A changes to CANDIDATE, lastRpcTime:5149, electionTimeout:5136ms
2019-07-14 04:35:33,628 INFO  impl.RoleInfo (RoleInfo.java:shutdownFollowerState(121)) - f43c6e04-efe7-4641-8c77-fdba4b1a12e7: shutdown FollowerState
2019-07-14 04:35:33,629 INFO  impl.RaftServerImpl (RaftServerImpl.java:setRole(171)) - f43c6e04-efe7-4641-8c77-fdba4b1a12e7:group-A23D1B17B78A changes role from FOLLOWER to CANDIDATE at term 0 for changeToCandidate
2019-07-14 04:35:33,629 INFO  impl.RoleInfo (RoleInfo.java:updateAndGet(143)) - f43c6e04-efe7-4641-8c77-fdba4b1a12e7: start LeaderElection
2019-07-14 04:35:33,640 INFO  segmented.SegmentedRaftLogWorker (SegmentedRaftLogWorker.java:execute(569)) - 8bdedefe-810b-4dd5-8dca-659f9b072202-SegmentedRaftLogWorker:Storage Directory /tmp/workdir/hadoop-ozone/integration-test/target/test-dir/MiniOzoneClusterImpl-e405d3e1-866f-49a9-9535-2d6e1521d247/datanode-2/data/ratis/7900bfb0-906f-4fd2-a91c-bc16aac7e6cf: created new log segment /tmp/workdir/hadoop-ozone/integration-test/target/test-dir/MiniOzoneClusterImpl-e405d3e1-866f-49a9-9535-2d6e1521d247/datanode-2/data/ratis/7900bfb0-906f-4fd2-a91c-bc16aac7e6cf/current/log_inprogress_0
2019-07-14 04:35:33,640 INFO  impl.LeaderElection (LeaderElection.java:askForVotes(181)) - f43c6e04-efe7-4641-8c77-fdba4b1a12e7:group-A23D1B17B78A:LeaderElection7: begin an election at term 1 for -1: [f43c6e04-efe7-4641-8c77-fdba4b1a12e7:192.168.5.157:43731], old=null
2019-07-14 04:35:33,640 INFO  impl.RoleInfo (RoleInfo.java:shutdownLeaderElection(134)) - f43c6e04-efe7-4641-8c77-fdba4b1a12e7: shutdown LeaderElection
2019-07-14 04:35:33,641 INFO  impl.RaftServerImpl (RaftServerImpl.java:setRole(171)) - f43c6e04-efe7-4641-8c77-fdba4b1a12e7:group-A23D1B17B78A changes role from CANDIDATE to LEADER at term 1 for changeToLeader
2019-07-14 04:35:33,641 INFO  impl.RaftServerImpl (ServerState.java:setLeader(263)) - f43c6e04-efe7-4641-8c77-fdba4b1a12e7:group-A23D1B17B78A change Leader from null to f43c6e04-efe7-4641-8c77-fdba4b1a12e7 at term 1 for becomeLeader, leader elected after 5168ms
2019-07-14 04:35:33,643 INFO  server.RaftServerConfigKeys (ConfUtils.java:logGet(43)) - raft.server.staging.catchup.gap = 1000 (default)
2019-07-14 04:35:33,643 INFO  server.RaftServerConfigKeys (ConfUtils.java:logGet(43)) - raft.server.rpc.sleep.time = 25ms (default)
2019-07-14 04:35:33,643 INFO  server.RaftServerConfigKeys (ConfUtils.java:logGet(43)) - raft.server.write.element-limit = 4096 (default)
2019-07-14 04:35:33,643 INFO  server.RaftServerConfigKeys (ConfUtils.java:logGet(43)) - raft.server.watch.timeout = 10s (default)
2019-07-14 04:35:33,644 INFO  server.RaftServerConfigKeys (ConfUtils.java:logGet(43)) - raft.server.watch.timeout.denomination = 1s (default)
2019-07-14 04:35:33,644 INFO  server.RaftServerConfigKeys (ConfUtils.java:logGet(43)) - raft.server.watch.element-limit = 65536 (default)
2019-07-14 04:35:33,644 INFO  impl.RoleInfo (RoleInfo.java:updateAndGet(143)) - f43c6e04-efe7-4641-8c77-fdba4b1a12e7: start LeaderState
2019-07-14 04:35:33,645 INFO  segmented.SegmentedRaftLogWorker (SegmentedRaftLogWorker.java:startLogSegment(380)) - f43c6e04-efe7-4641-8c77-fdba4b1a12e7-SegmentedRaftLogWorker:Storage Directory /tmp/workdir/hadoop-ozone/integration-test/target/test-dir/MiniOzoneClusterImpl-e405d3e1-866f-49a9-9535-2d6e1521d247/datanode-6/data/ratis/28b40e6f-2499-4a37-b013-a23d1b17b78a: Starting segment from index:0
2019-07-14 04:35:33,645 INFO  impl.RaftServerImpl (ServerState.java:setRaftConf(361)) - f43c6e04-efe7-4641-8c77-fdba4b1a12e7:group-A23D1B17B78A set configuration 0: [f43c6e04-efe7-4641-8c77-fdba4b1a12e7:192.168.5.157:43731], old=null at 0
2019-07-14 04:35:33,667 INFO  impl.FollowerState (FollowerState.java:run(106)) - 28643ef2-7003-48bb-a8f6-fe4dd83568f6:group-9725ECF0DA90 changes to CANDIDATE, lastRpcTime:5062, electionTimeout:5055ms
2019-07-14 04:35:33,667 INFO  impl.FollowerState (FollowerState.java:run(106)) - bf8d9be4-e736-40fa-a7ac-fb394448e171:group-9725ECF0DA90 changes to CANDIDATE, lastRpcTime:5060, electionTimeout:5048ms
2019-07-14 04:35:33,669 INFO  impl.RoleInfo (RoleInfo.java:shutdownFollowerState(121)) - 28643ef2-7003-48bb-a8f6-fe4dd83568f6: shutdown FollowerState
2019-07-14 04:35:33,669 INFO  impl.RoleInfo (RoleInfo.java:shutdownFollowerState(121)) - bf8d9be4-e736-40fa-a7ac-fb394448e171: shutdown FollowerState
2019-07-14 04:35:33,669 INFO  impl.RaftServerImpl (RaftServerImpl.java:setRole(171)) - 28643ef2-7003-48bb-a8f6-fe4dd83568f6:group-9725ECF0DA90 changes role from FOLLOWER to CANDIDATE at term 0 for changeToCandidate
2019-07-14 04:35:33,669 INFO  impl.RaftServerImpl (RaftServerImpl.java:setRole(171)) - bf8d9be4-e736-40fa-a7ac-fb394448e171:group-9725ECF0DA90 changes role from FOLLOWER to CANDIDATE at term 0 for changeToCandidate
2019-07-14 04:35:33,669 INFO  impl.RoleInfo (RoleInfo.java:updateAndGet(143)) - 28643ef2-7003-48bb-a8f6-fe4dd83568f6: start LeaderElection
2019-07-14 04:35:33,670 INFO  impl.RoleInfo (RoleInfo.java:updateAndGet(143)) - bf8d9be4-e736-40fa-a7ac-fb394448e171: start LeaderElection
2019-07-14 04:35:33,674 INFO  segmented.SegmentedRaftLogWorker (SegmentedRaftLogWorker.java:execute(569)) - f43c6e04-efe7-4641-8c77-fdba4b1a12e7-SegmentedRaftLogWorker:Storage Directory /tmp/workdir/hadoop-ozone/integration-test/target/test-dir/MiniOzoneClusterImpl-e405d3e1-866f-49a9-9535-2d6e1521d247/datanode-6/data/ratis/28b40e6f-2499-4a37-b013-a23d1b17b78a: created new log segment /tmp/workdir/hadoop-ozone/integration-test/target/test-dir/MiniOzoneClusterImpl-e405d3e1-866f-49a9-9535-2d6e1521d247/datanode-6/data/ratis/28b40e6f-2499-4a37-b013-a23d1b17b78a/current/log_inprogress_0
2019-07-14 04:35:33,682 INFO  impl.FollowerState (FollowerState.java:run(106)) - 95662b28-5ab4-47dc-8868-1ce1bf3116bf:group-9725ECF0DA90 changes to CANDIDATE, lastRpcTime:5074, electionTimeout:5074ms
2019-07-14 04:35:33,682 INFO  impl.RoleInfo (RoleInfo.java:shutdownFollowerState(121)) - 95662b28-5ab4-47dc-8868-1ce1bf3116bf: shutdown FollowerState
2019-07-14 04:35:33,682 INFO  impl.RaftServerImpl (RaftServerImpl.java:setRole(171)) - 95662b28-5ab4-47dc-8868-1ce1bf3116bf:group-9725ECF0DA90 changes role from FOLLOWER to CANDIDATE at term 0 for changeToCandidate
2019-07-14 04:35:33,682 INFO  impl.LeaderElection (LeaderElection.java:askForVotes(181)) - 28643ef2-7003-48bb-a8f6-fe4dd83568f6:group-9725ECF0DA90:LeaderElection8: begin an election at term 1 for -1: [95662b28-5ab4-47dc-8868-1ce1bf3116bf:192.168.5.157:42507, 28643ef2-7003-48bb-a8f6-fe4dd83568f6:192.168.5.157:39888, bf8d9be4-e736-40fa-a7ac-fb394448e171:192.168.5.157:40312], old=null
2019-07-14 04:35:33,682 INFO  impl.LeaderElection (LeaderElection.java:askForVotes(181)) - bf8d9be4-e736-40fa-a7ac-fb394448e171:group-9725ECF0DA90:LeaderElection9: begin an election at term 1 for -1: [95662b28-5ab4-47dc-8868-1ce1bf3116bf:192.168.5.157:42507, 28643ef2-7003-48bb-a8f6-fe4dd83568f6:192.168.5.157:39888, bf8d9be4-e736-40fa-a7ac-fb394448e171:192.168.5.157:40312], old=null
2019-07-14 04:35:33,682 INFO  impl.RoleInfo (RoleInfo.java:updateAndGet(143)) - 95662b28-5ab4-47dc-8868-1ce1bf3116bf: start LeaderElection
2019-07-14 04:35:33,710 INFO  impl.LeaderElection (LeaderElection.java:askForVotes(181)) - 95662b28-5ab4-47dc-8868-1ce1bf3116bf:group-9725ECF0DA90:LeaderElection10: begin an election at term 1 for -1: [95662b28-5ab4-47dc-8868-1ce1bf3116bf:192.168.5.157:42507, 28643ef2-7003-48bb-a8f6-fe4dd83568f6:192.168.5.157:39888, bf8d9be4-e736-40fa-a7ac-fb394448e171:192.168.5.157:40312], old=null
2019-07-14 04:35:33,746 INFO  impl.FollowerState (FollowerState.java:run(106)) - 9c4ed4db-4d02-46d6-b0ab-296618f62583:group-4F4B5D343DBF changes to CANDIDATE, lastRpcTime:5045, electionTimeout:5040ms
2019-07-14 04:35:33,746 INFO  impl.RoleInfo (RoleInfo.java:shutdownFollowerState(121)) - 9c4ed4db-4d02-46d6-b0ab-296618f62583: shutdown FollowerState
2019-07-14 04:35:33,747 INFO  impl.RaftServerImpl (RaftServerImpl.java:setRole(171)) - 9c4ed4db-4d02-46d6-b0ab-296618f62583:group-4F4B5D343DBF changes role from FOLLOWER to CANDIDATE at term 0 for changeToCandidate
2019-07-14 04:35:33,747 INFO  impl.RoleInfo (RoleInfo.java:updateAndGet(143)) - 9c4ed4db-4d02-46d6-b0ab-296618f62583: start LeaderElection
2019-07-14 04:35:33,762 INFO  impl.LeaderElection (LeaderElection.java:logAndReturn(56)) - 28643ef2-7003-48bb-a8f6-fe4dd83568f6:group-9725ECF0DA90:LeaderElection8: Election REJECTED; received 2 response(s) [28643ef2-7003-48bb-a8f6-fe4dd83568f6<-95662b28-5ab4-47dc-8868-1ce1bf3116bf#0:FAIL-t1, 28643ef2-7003-48bb-a8f6-fe4dd83568f6<-bf8d9be4-e736-40fa-a7ac-fb394448e171#0:FAIL-t1] and 0 exception(s); 28643ef2-7003-48bb-a8f6-fe4dd83568f6:t1, leader=null, voted=28643ef2-7003-48bb-a8f6-fe4dd83568f6, raftlog=28643ef2-7003-48bb-a8f6-fe4dd83568f6-SegmentedRaftLog:OPENED:c-1,f-1,i0, conf=-1: [95662b28-5ab4-47dc-8868-1ce1bf3116bf:192.168.5.157:42507, 28643ef2-7003-48bb-a8f6-fe4dd83568f6:192.168.5.157:39888, bf8d9be4-e736-40fa-a7ac-fb394448e171:192.168.5.157:40312], old=null
2019-07-14 04:35:33,762 INFO  impl.LeaderElection (LeaderElection.java:logAndReturn(56)) - bf8d9be4-e736-40fa-a7ac-fb394448e171:group-9725ECF0DA90:LeaderElection9: Election REJECTED; received 2 response(s) [bf8d9be4-e736-40fa-a7ac-fb394448e171<-28643ef2-7003-48bb-a8f6-fe4dd83568f6#0:FAIL-t1, bf8d9be4-e736-40fa-a7ac-fb394448e171<-95662b28-5ab4-47dc-8868-1ce1bf3116bf#0:FAIL-t1] and 0 exception(s); bf8d9be4-e736-40fa-a7ac-fb394448e171:t1, leader=null, voted=bf8d9be4-e736-40fa-a7ac-fb394448e171, raftlog=bf8d9be4-e736-40fa-a7ac-fb394448e171-SegmentedRaftLog:OPENED:c-1,f-1,i0, conf=-1: [95662b28-5ab4-47dc-8868-1ce1bf3116bf:192.168.5.157:42507, 28643ef2-7003-48bb-a8f6-fe4dd83568f6:192.168.5.157:39888, bf8d9be4-e736-40fa-a7ac-fb394448e171:192.168.5.157:40312], old=null
2019-07-14 04:35:33,764 INFO  impl.RaftServerImpl (RaftServerImpl.java:setRole(171)) - bf8d9be4-e736-40fa-a7ac-fb394448e171:group-9725ECF0DA90 changes role from CANDIDATE to FOLLOWER at term 1 for DISCOVERED_A_NEW_TERM
2019-07-14 04:35:33,764 INFO  impl.RaftServerImpl (RaftServerImpl.java:setRole(171)) - 28643ef2-7003-48bb-a8f6-fe4dd83568f6:group-9725ECF0DA90 changes role from CANDIDATE to FOLLOWER at term 1 for DISCOVERED_A_NEW_TERM
2019-07-14 04:35:33,768 INFO  impl.RoleInfo (RoleInfo.java:shutdownLeaderElection(134)) - 28643ef2-7003-48bb-a8f6-fe4dd83568f6: shutdown LeaderElection
2019-07-14 04:35:33,769 INFO  impl.RoleInfo (RoleInfo.java:shutdownLeaderElection(134)) - bf8d9be4-e736-40fa-a7ac-fb394448e171: shutdown LeaderElection
2019-07-14 04:35:33,771 INFO  impl.RoleInfo (RoleInfo.java:updateAndGet(143)) - 28643ef2-7003-48bb-a8f6-fe4dd83568f6: start FollowerState
2019-07-14 04:35:33,769 INFO  impl.LeaderElection (LeaderElection.java:askForVotes(181)) - 9c4ed4db-4d02-46d6-b0ab-296618f62583:group-4F4B5D343DBF:LeaderElection11: begin an election at term 1 for -1: [9c4ed4db-4d02-46d6-b0ab-296618f62583:192.168.5.157:34055, 8bdedefe-810b-4dd5-8dca-659f9b072202:192.168.5.157:32899, 49cd6ec5-59f0-4c7c-968f-a0b3b7f8f56d:192.168.5.157:42622], old=null
2019-07-14 04:35:33,771 INFO  impl.RoleInfo (RoleInfo.java:updateAndGet(143)) - bf8d9be4-e736-40fa-a7ac-fb394448e171: start FollowerState
2019-07-14 04:35:33,775 INFO  impl.FollowerState (FollowerState.java:run(106)) - 8bdedefe-810b-4dd5-8dca-659f9b072202:group-4F4B5D343DBF changes to CANDIDATE, lastRpcTime:5074, electionTimeout:5074ms
2019-07-14 04:35:33,775 INFO  impl.RoleInfo (RoleInfo.java:shutdownFollowerState(121)) - 8bdedefe-810b-4dd5-8dca-659f9b072202: shutdown FollowerState
2019-07-14 04:35:33,775 INFO  impl.RaftServerImpl (RaftServerImpl.java:setRole(171)) - 8bdedefe-810b-4dd5-8dca-659f9b072202:group-4F4B5D343DBF changes role from FOLLOWER to CANDIDATE at term 0 for changeToCandidate
2019-07-14 04:35:33,775 INFO  impl.RoleInfo (RoleInfo.java:updateAndGet(143)) - 8bdedefe-810b-4dd5-8dca-659f9b072202: start LeaderElection
2019-07-14 04:35:33,775 INFO  impl.LeaderElection (LeaderElection.java:logAndReturn(56)) - 95662b28-5ab4-47dc-8868-1ce1bf3116bf:group-9725ECF0DA90:LeaderElection10: Election REJECTED; received 2 response(s) [95662b28-5ab4-47dc-8868-1ce1bf3116bf<-28643ef2-7003-48bb-a8f6-fe4dd83568f6#0:FAIL-t1, 95662b28-5ab4-47dc-8868-1ce1bf3116bf<-bf8d9be4-e736-40fa-a7ac-fb394448e171#0:FAIL-t1] and 0 exception(s); 95662b28-5ab4-47dc-8868-1ce1bf3116bf:t1, leader=null, voted=95662b28-5ab4-47dc-8868-1ce1bf3116bf, raftlog=95662b28-5ab4-47dc-8868-1ce1bf3116bf-SegmentedRaftLog:OPENED:c-1,f-1,i0, conf=-1: [95662b28-5ab4-47dc-8868-1ce1bf3116bf:192.168.5.157:42507, 28643ef2-7003-48bb-a8f6-fe4dd83568f6:192.168.5.157:39888, bf8d9be4-e736-40fa-a7ac-fb394448e171:192.168.5.157:40312], old=null
2019-07-14 04:35:33,782 INFO  impl.RaftServerImpl (RaftServerImpl.java:setRole(171)) - 95662b28-5ab4-47dc-8868-1ce1bf3116bf:group-9725ECF0DA90 changes role from CANDIDATE to FOLLOWER at term 1 for DISCOVERED_A_NEW_TERM
2019-07-14 04:35:33,787 INFO  impl.RoleInfo (RoleInfo.java:shutdownLeaderElection(134)) - 95662b28-5ab4-47dc-8868-1ce1bf3116bf: shutdown LeaderElection
2019-07-14 04:35:33,789 INFO  impl.RoleInfo (RoleInfo.java:updateAndGet(143)) - 95662b28-5ab4-47dc-8868-1ce1bf3116bf: start FollowerState
2019-07-14 04:35:33,791 INFO  impl.FollowerState (FollowerState.java:run(106)) - 49cd6ec5-59f0-4c7c-968f-a0b3b7f8f56d:group-4F4B5D343DBF changes to CANDIDATE, lastRpcTime:5093, electionTimeout:5093ms
2019-07-14 04:35:33,793 INFO  impl.RoleInfo (RoleInfo.java:shutdownFollowerState(121)) - 49cd6ec5-59f0-4c7c-968f-a0b3b7f8f56d: shutdown FollowerState
2019-07-14 04:35:33,794 INFO  impl.RaftServerImpl (RaftServerImpl.java:setRole(171)) - 49cd6ec5-59f0-4c7c-968f-a0b3b7f8f56d:group-4F4B5D343DBF changes role from FOLLOWER to CANDIDATE at term 0 for changeToCandidate
2019-07-14 04:35:33,794 INFO  impl.RoleInfo (RoleInfo.java:updateAndGet(143)) - 49cd6ec5-59f0-4c7c-968f-a0b3b7f8f56d: start LeaderElection
2019-07-14 04:35:33,800 INFO  impl.LeaderElection (LeaderElection.java:askForVotes(181)) - 8bdedefe-810b-4dd5-8dca-659f9b072202:group-4F4B5D343DBF:LeaderElection12: begin an election at term 1 for -1: [9c4ed4db-4d02-46d6-b0ab-296618f62583:192.168.5.157:34055, 8bdedefe-810b-4dd5-8dca-659f9b072202:192.168.5.157:32899, 49cd6ec5-59f0-4c7c-968f-a0b3b7f8f56d:192.168.5.157:42622], old=null
2019-07-14 04:35:33,815 INFO  impl.LeaderElection (LeaderElection.java:askForVotes(181)) - 49cd6ec5-59f0-4c7c-968f-a0b3b7f8f56d:group-4F4B5D343DBF:LeaderElection13: begin an election at term 1 for -1: [9c4ed4db-4d02-46d6-b0ab-296618f62583:192.168.5.157:34055, 8bdedefe-810b-4dd5-8dca-659f9b072202:192.168.5.157:32899, 49cd6ec5-59f0-4c7c-968f-a0b3b7f8f56d:192.168.5.157:42622], old=null
2019-07-14 04:35:33,833 INFO  impl.LeaderElection (LeaderElection.java:logAndReturn(56)) - 9c4ed4db-4d02-46d6-b0ab-296618f62583:group-4F4B5D343DBF:LeaderElection11: Election REJECTED; received 2 response(s) [9c4ed4db-4d02-46d6-b0ab-296618f62583<-8bdedefe-810b-4dd5-8dca-659f9b072202#0:FAIL-t1, 9c4ed4db-4d02-46d6-b0ab-296618f62583<-49cd6ec5-59f0-4c7c-968f-a0b3b7f8f56d#0:FAIL-t1] and 0 exception(s); 9c4ed4db-4d02-46d6-b0ab-296618f62583:t1, leader=null, voted=9c4ed4db-4d02-46d6-b0ab-296618f62583, raftlog=9c4ed4db-4d02-46d6-b0ab-296618f62583-SegmentedRaftLog:OPENED:c-1,f-1,i0, conf=-1: [9c4ed4db-4d02-46d6-b0ab-296618f62583:192.168.5.157:34055, 8bdedefe-810b-4dd5-8dca-659f9b072202:192.168.5.157:32899, 49cd6ec5-59f0-4c7c-968f-a0b3b7f8f56d:192.168.5.157:42622], old=null
2019-07-14 04:35:33,833 INFO  impl.RaftServerImpl (RaftServerImpl.java:setRole(171)) - 9c4ed4db-4d02-46d6-b0ab-296618f62583:group-4F4B5D343DBF changes role from CANDIDATE to FOLLOWER at term 1 for DISCOVERED_A_NEW_TERM
2019-07-14 04:35:33,833 INFO  impl.RoleInfo (RoleInfo.java:shutdownLeaderElection(134)) - 9c4ed4db-4d02-46d6-b0ab-296618f62583: shutdown LeaderElection
2019-07-14 04:35:33,836 INFO  impl.RoleInfo (RoleInfo.java:updateAndGet(143)) - 9c4ed4db-4d02-46d6-b0ab-296618f62583: start FollowerState
2019-07-14 04:35:33,849 INFO  impl.LeaderElection (LeaderElection.java:logAndReturn(56)) - 8bdedefe-810b-4dd5-8dca-659f9b072202:group-4F4B5D343DBF:LeaderElection12: Election REJECTED; received 2 response(s) [8bdedefe-810b-4dd5-8dca-659f9b072202<-9c4ed4db-4d02-46d6-b0ab-296618f62583#0:FAIL-t1, 8bdedefe-810b-4dd5-8dca-659f9b072202<-49cd6ec5-59f0-4c7c-968f-a0b3b7f8f56d#0:FAIL-t1] and 0 exception(s); 8bdedefe-810b-4dd5-8dca-659f9b072202:t1, leader=null, voted=8bdedefe-810b-4dd5-8dca-659f9b072202, raftlog=8bdedefe-810b-4dd5-8dca-659f9b072202-SegmentedRaftLog:OPENED:c-1,f-1,i0, conf=-1: [9c4ed4db-4d02-46d6-b0ab-296618f62583:192.168.5.157:34055, 8bdedefe-810b-4dd5-8dca-659f9b072202:192.168.5.157:32899, 49cd6ec5-59f0-4c7c-968f-a0b3b7f8f56d:192.168.5.157:42622], old=null
2019-07-14 04:35:33,851 INFO  impl.RaftServerImpl (RaftServerImpl.java:setRole(171)) - 8bdedefe-810b-4dd5-8dca-659f9b072202:group-4F4B5D343DBF changes role from CANDIDATE to FOLLOWER at term 1 for DISCOVERED_A_NEW_TERM
2019-07-14 04:35:33,859 INFO  impl.RoleInfo (RoleInfo.java:shutdownLeaderElection(134)) - 8bdedefe-810b-4dd5-8dca-659f9b072202: shutdown LeaderElection
2019-07-14 04:35:33,859 INFO  impl.RoleInfo (RoleInfo.java:updateAndGet(143)) - 8bdedefe-810b-4dd5-8dca-659f9b072202: start FollowerState
2019-07-14 04:35:33,866 INFO  impl.LeaderElection (LeaderElection.java:logAndReturn(56)) - 49cd6ec5-59f0-4c7c-968f-a0b3b7f8f56d:group-4F4B5D343DBF:LeaderElection13: Election REJECTED; received 2 response(s) [49cd6ec5-59f0-4c7c-968f-a0b3b7f8f56d<-9c4ed4db-4d02-46d6-b0ab-296618f62583#0:FAIL-t1, 49cd6ec5-59f0-4c7c-968f-a0b3b7f8f56d<-8bdedefe-810b-4dd5-8dca-659f9b072202#0:FAIL-t1] and 0 exception(s); 49cd6ec5-59f0-4c7c-968f-a0b3b7f8f56d:t1, leader=null, voted=49cd6ec5-59f0-4c7c-968f-a0b3b7f8f56d, raftlog=49cd6ec5-59f0-4c7c-968f-a0b3b7f8f56d-SegmentedRaftLog:OPENED:c-1,f-1,i0, conf=-1: [9c4ed4db-4d02-46d6-b0ab-296618f62583:192.168.5.157:34055, 8bdedefe-810b-4dd5-8dca-659f9b072202:192.168.5.157:32899, 49cd6ec5-59f0-4c7c-968f-a0b3b7f8f56d:192.168.5.157:42622], old=null
2019-07-14 04:35:33,868 INFO  impl.RaftServerImpl (RaftServerImpl.java:setRole(171)) - 49cd6ec5-59f0-4c7c-968f-a0b3b7f8f56d:group-4F4B5D343DBF changes role from CANDIDATE to FOLLOWER at term 1 for DISCOVERED_A_NEW_TERM
2019-07-14 04:35:33,868 INFO  impl.RoleInfo (RoleInfo.java:shutdownLeaderElection(134)) - 49cd6ec5-59f0-4c7c-968f-a0b3b7f8f56d: shutdown LeaderElection
2019-07-14 04:35:33,868 INFO  impl.RoleInfo (RoleInfo.java:updateAndGet(143)) - 49cd6ec5-59f0-4c7c-968f-a0b3b7f8f56d: start FollowerState
2019-07-14 04:35:33,894 INFO  client.GrpcClientProtocolClient (GrpcClientProtocolClient.java:onNext(255)) - client-65825590B5E3->28643ef2-7003-48bb-a8f6-fe4dd83568f6: receive RaftClientReply:client-65825590B5E3->28643ef2-7003-48bb-a8f6-fe4dd83568f6@group-9725ECF0DA90, cid=13, FAILED org.apache.ratis.protocol.NotLeaderException: Server 28643ef2-7003-48bb-a8f6-fe4dd83568f6 is not the leader (null). Request must be sent to leader., logIndex=0, commits[28643ef2-7003-48bb-a8f6-fe4dd83568f6:c-1]
2019-07-14 04:35:33,917 WARN  io.KeyOutputStream (KeyOutputStream.java:handleException(276)) - Encountered exception java.io.IOException: Unexpected Storage Container Exception: java.util.concurrent.CompletionException: java.util.concurrent.CompletionException: org.apache.ratis.protocol.RaftRetryFailureException: Failed RaftClientRequest:client-65825590B5E3->28643ef2-7003-48bb-a8f6-fe4dd83568f6@group-9725ECF0DA90, cid=13, seq=1*, RW, org.apache.hadoop.hdds.scm.XceiverClientRatis$$Lambda$309/27325257@17b03f6c for 5 attempts with RetryLimited(maxAttempts=5, sleepTime=1000ms) on the pipeline Pipeline[ Id: 1232a0b7-020a-434a-8c12-9725ecf0da90, Nodes: 95662b28-5ab4-47dc-8868-1ce1bf3116bf{ip: 192.168.5.157, host: trunk-nightly-6h29n-2077950039, networkLocation: /default-rack, certSerialId: null}28643ef2-7003-48bb-a8f6-fe4dd83568f6{ip: 192.168.5.157, host: trunk-nightly-6h29n-2077950039, networkLocation: /default-rack, certSerialId: null}bf8d9be4-e736-40fa-a7ac-fb394448e171{ip: 192.168.5.157, host: trunk-nightly-6h29n-2077950039, networkLocation: /default-rack, certSerialId: null}, Type:RATIS, Factor:THREE, State:OPEN]. The last committed block length is 0, uncommitted data length is 400 retry count 0
2019-07-14 04:35:33,955 INFO  client.GrpcClientProtocolClient (GrpcClientProtocolClient.java:onNext(255)) - client-FB62D0F8BB23->9c4ed4db-4d02-46d6-b0ab-296618f62583: receive RaftClientReply:client-FB62D0F8BB23->9c4ed4db-4d02-46d6-b0ab-296618f62583@group-4F4B5D343DBF, cid=19, FAILED org.apache.ratis.protocol.NotLeaderException: Server 9c4ed4db-4d02-46d6-b0ab-296618f62583 is not the leader (null). Request must be sent to leader., logIndex=0, commits[9c4ed4db-4d02-46d6-b0ab-296618f62583:c-1]
2019-07-14 04:35:34,987 INFO  client.GrpcClientProtocolClient (GrpcClientProtocolClient.java:onNext(255)) - client-FB62D0F8BB23->49cd6ec5-59f0-4c7c-968f-a0b3b7f8f56d: receive RaftClientReply:client-FB62D0F8BB23->49cd6ec5-59f0-4c7c-968f-a0b3b7f8f56d@group-4F4B5D343DBF, cid=19, FAILED org.apache.ratis.protocol.NotLeaderException: Server 49cd6ec5-59f0-4c7c-968f-a0b3b7f8f56d is not the leader (null). Request must be sent to leader., logIndex=0, commits[49cd6ec5-59f0-4c7c-968f-a0b3b7f8f56d:c-1]
2019-07-14 04:35:36,011 INFO  client.GrpcClientProtocolClient (GrpcClientProtocolClient.java:onNext(255)) - client-FB62D0F8BB23->8bdedefe-810b-4dd5-8dca-659f9b072202: receive RaftClientReply:client-FB62D0F8BB23->8bdedefe-810b-4dd5-8dca-659f9b072202@group-4F4B5D343DBF, cid=19, FAILED org.apache.ratis.protocol.NotLeaderException: Server 8bdedefe-810b-4dd5-8dca-659f9b072202 is not the leader (null). Request must be sent to leader., logIndex=0, commits[8bdedefe-810b-4dd5-8dca-659f9b072202:c-1]
2019-07-14 04:35:37,037 INFO  client.GrpcClientProtocolClient (GrpcClientProtocolClient.java:onNext(255)) - client-FB62D0F8BB23->9c4ed4db-4d02-46d6-b0ab-296618f62583: receive RaftClientReply:client-FB62D0F8BB23->9c4ed4db-4d02-46d6-b0ab-296618f62583@group-4F4B5D343DBF, cid=19, FAILED org.apache.ratis.protocol.NotLeaderException: Server 9c4ed4db-4d02-46d6-b0ab-296618f62583 is not the leader (null). Request must be sent to leader., logIndex=0, commits[9c4ed4db-4d02-46d6-b0ab-296618f62583:c-1]
2019-07-14 04:35:38,062 INFO  client.GrpcClientProtocolClient (GrpcClientProtocolClient.java:onNext(255)) - client-FB62D0F8BB23->49cd6ec5-59f0-4c7c-968f-a0b3b7f8f56d: receive RaftClientReply:client-FB62D0F8BB23->49cd6ec5-59f0-4c7c-968f-a0b3b7f8f56d@group-4F4B5D343DBF, cid=19, FAILED org.apache.ratis.protocol.NotLeaderException: Server 49cd6ec5-59f0-4c7c-968f-a0b3b7f8f56d is not the leader (null). Request must be sent to leader., logIndex=0, commits[49cd6ec5-59f0-4c7c-968f-a0b3b7f8f56d:c-1]
2019-07-14 04:35:38,073 WARN  io.KeyOutputStream (KeyOutputStream.java:handleException(276)) - Encountered exception java.io.IOException: Unexpected Storage Container Exception: java.util.concurrent.CompletionException: java.util.concurrent.CompletionException: org.apache.ratis.protocol.RaftRetryFailureException: Failed RaftClientRequest:client-FB62D0F8BB23->49cd6ec5-59f0-4c7c-968f-a0b3b7f8f56d@group-4F4B5D343DBF, cid=19, seq=1*, RW, org.apache.hadoop.hdds.scm.XceiverClientRatis$$Lambda$309/27325257@54f82b8d for 5 attempts with RetryLimited(maxAttempts=5, sleepTime=1000ms) on the pipeline Pipeline[ Id: 1a51b936-6ddd-4cbc-ad0a-4f4b5d343dbf, Nodes: 9c4ed4db-4d02-46d6-b0ab-296618f62583{ip: 192.168.5.157, host: trunk-nightly-6h29n-2077950039, networkLocation: /default-rack, certSerialId: null}49cd6ec5-59f0-4c7c-968f-a0b3b7f8f56d{ip: 192.168.5.157, host: trunk-nightly-6h29n-2077950039, networkLocation: /default-rack, certSerialId: null}8bdedefe-810b-4dd5-8dca-659f9b072202{ip: 192.168.5.157, host: trunk-nightly-6h29n-2077950039, networkLocation: /default-rack, certSerialId: null}, Type:RATIS, Factor:THREE, State:OPEN]. The last committed block length is 0, uncommitted data length is 400 retry count 1
2019-07-14 04:35:38,090 WARN  block.BlockManagerImpl (BlockManagerImpl.java:allocateBlock(192)) - Pipeline creation failed for type:RATIS factor:THREE. Retrying get pipelines call once.
org.apache.hadoop.hdds.scm.pipeline.InsufficientDatanodesException: Cannot create pipeline of factor 3 using 1 nodes.
	at org.apache.hadoop.hdds.scm.pipeline.RatisPipelineProvider.create(RatisPipelineProvider.java:151)
	at org.apache.hadoop.hdds.scm.pipeline.PipelineFactory.create(PipelineFactory.java:57)
	at org.apache.hadoop.hdds.scm.pipeline.SCMPipelineManager.createPipeline(SCMPipelineManager.java:149)
	at org.apache.hadoop.hdds.scm.block.BlockManagerImpl.allocateBlock(BlockManagerImpl.java:190)
	at org.apache.hadoop.hdds.scm.server.SCMBlockProtocolServer.allocateBlock(SCMBlockProtocolServer.java:175)
	at org.apache.hadoop.ozone.protocolPB.ScmBlockLocationProtocolServerSideTranslatorPB.allocateScmBlock(ScmBlockLocationProtocolServerSideTranslatorPB.java:153)
	at org.apache.hadoop.ozone.protocolPB.ScmBlockLocationProtocolServerSideTranslatorPB.send(ScmBlockLocationProtocolServerSideTranslatorPB.java:112)
	at org.apache.hadoop.hdds.protocol.proto.ScmBlockLocationProtocolProtos$ScmBlockLocationProtocolService$2.callBlockingMethod(ScmBlockLocationProtocolProtos.java:13157)
	at org.apache.hadoop.ipc.ProtobufRpcEngine$Server$ProtoBufRpcInvoker.call(ProtobufRpcEngine.java:524)
	at org.apache.hadoop.ipc.RPC$Server.call(RPC.java:1025)
	at org.apache.hadoop.ipc.Server$RpcCall.run(Server.java:876)
	at org.apache.hadoop.ipc.Server$RpcCall.run(Server.java:822)
	at java.security.AccessController.doPrivileged(Native Method)
	at javax.security.auth.Subject.doAs(Subject.java:422)
	at org.apache.hadoop.security.UserGroupInformation.doAs(UserGroupInformation.java:1730)
	at org.apache.hadoop.ipc.Server$Handler.run(Server.java:2682)
2019-07-14 04:35:38,095 INFO  block.BlockManagerImpl (BlockManagerImpl.java:allocateBlock(198)) - Could not find available pipeline of type:RATIS and factor:THREE even after retrying
2019-07-14 04:35:38,095 ERROR block.BlockManagerImpl (BlockManagerImpl.java:allocateBlock(222)) - Unable to allocate a block for the size: 800, type: RATIS, factor: THREE
04:35:38.100 [IPC Server handler 17 on 45217] ERROR OMAudit - user=jenkins1000 | ip=127.0.0.1 | op=ALLOCATE_BLOCK {volume=watchforcommithandlingtest, bucket=watchforcommithandlingtest, key=3d3c23da-ed55-4e14-ac09-843217f1eed0, dataSize=0, replicationType=null, replicationFactor=null, keyLocationInfo=null, clientID=102437940725153792} | ret=FAILURE
org.apache.hadoop.hdds.scm.exceptions.SCMException: Allocated 0 blocks. Requested 1 blocks
	at org.apache.hadoop.hdds.scm.protocolPB.ScmBlockLocationProtocolClientSideTranslatorPB.handleError(ScmBlockLocationProtocolClientSideTranslatorPB.java:118) ~[hadoop-hdds-common-0.5.0-SNAPSHOT.jar:?]
	at org.apache.hadoop.hdds.scm.protocolPB.ScmBlockLocationProtocolClientSideTranslatorPB.allocateBlock(ScmBlockLocationProtocolClientSideTranslatorPB.java:156) ~[hadoop-hdds-common-0.5.0-SNAPSHOT.jar:?]
	at sun.reflect.NativeMethodAccessorImpl.invoke0(Native Method) ~[?:1.8.0_212]
	at sun.reflect.NativeMethodAccessorImpl.invoke(NativeMethodAccessorImpl.java:62) ~[?:1.8.0_212]
	at sun.reflect.DelegatingMethodAccessorImpl.invoke(DelegatingMethodAccessorImpl.java:43) ~[?:1.8.0_212]
	at java.lang.reflect.Method.invoke(Method.java:498) ~[?:1.8.0_212]
	at org.apache.hadoop.hdds.tracing.TraceAllMethod.invoke(TraceAllMethod.java:66) ~[hadoop-hdds-common-0.5.0-SNAPSHOT.jar:?]
	at com.sun.proxy.$Proxy25.allocateBlock(Unknown Source) ~[?:?]
	at org.apache.hadoop.ozone.om.KeyManagerImpl.allocateBlock(KeyManagerImpl.java:355) ~[hadoop-ozone-ozone-manager-0.5.0-SNAPSHOT.jar:?]
	at org.apache.hadoop.ozone.om.KeyManagerImpl.allocateBlock(KeyManagerImpl.java:323) ~[hadoop-ozone-ozone-manager-0.5.0-SNAPSHOT.jar:?]
	at org.apache.hadoop.ozone.om.OzoneManager.allocateBlock(OzoneManager.java:2349) [hadoop-ozone-ozone-manager-0.5.0-SNAPSHOT.jar:?]
	at org.apache.hadoop.ozone.protocolPB.OzoneManagerRequestHandler.allocateBlock(OzoneManagerRequestHandler.java:754) [hadoop-ozone-ozone-manager-0.5.0-SNAPSHOT.jar:?]
	at org.apache.hadoop.ozone.protocolPB.OzoneManagerRequestHandler.handle(OzoneManagerRequestHandler.java:249) [hadoop-ozone-ozone-manager-0.5.0-SNAPSHOT.jar:?]
	at org.apache.hadoop.ozone.protocolPB.OzoneManagerProtocolServerSideTranslatorPB.submitRequestDirectlyToOM(OzoneManagerProtocolServerSideTranslatorPB.java:192) [hadoop-ozone-ozone-manager-0.5.0-SNAPSHOT.jar:?]
	at org.apache.hadoop.ozone.protocolPB.OzoneManagerProtocolServerSideTranslatorPB.submitRequest(OzoneManagerProtocolServerSideTranslatorPB.java:110) [hadoop-ozone-ozone-manager-0.5.0-SNAPSHOT.jar:?]
	at org.apache.hadoop.ozone.protocol.proto.OzoneManagerProtocolProtos$OzoneManagerService$2.callBlockingMethod(OzoneManagerProtocolProtos.java) [hadoop-ozone-common-0.5.0-SNAPSHOT.jar:?]
	at org.apache.hadoop.ipc.ProtobufRpcEngine$Server$ProtoBufRpcInvoker.call(ProtobufRpcEngine.java:524) [hadoop-common-3.2.0.jar:?]
	at org.apache.hadoop.ipc.RPC$Server.call(RPC.java:1025) [hadoop-common-3.2.0.jar:?]
	at org.apache.hadoop.ipc.Server$RpcCall.run(Server.java:876) [hadoop-common-3.2.0.jar:?]
	at org.apache.hadoop.ipc.Server$RpcCall.run(Server.java:822) [hadoop-common-3.2.0.jar:?]
	at java.security.AccessController.doPrivileged(Native Method) [?:1.8.0_212]
	at javax.security.auth.Subject.doAs(Subject.java:422) [?:1.8.0_212]
	at org.apache.hadoop.security.UserGroupInformation.doAs(UserGroupInformation.java:1730) [hadoop-common-3.2.0.jar:?]
	at org.apache.hadoop.ipc.Server$Handler.run(Server.java:2682) [hadoop-common-3.2.0.jar:?]
2019-07-14 04:35:38,116 ERROR io.BlockOutputStreamEntryPool (BlockOutputStreamEntryPool.java:allocateBlockIfNeeded(299)) - Try to allocate more blocks for write failed, already allocated 0 blocks for this write.
INTERNAL_ERROR org.apache.hadoop.ozone.om.exceptions.OMException: Allocated 0 blocks. Requested 1 blocks
	at org.apache.hadoop.ozone.om.protocolPB.OzoneManagerProtocolClientSideTranslatorPB.handleError(OzoneManagerProtocolClientSideTranslatorPB.java:720)
	at org.apache.hadoop.ozone.om.protocolPB.OzoneManagerProtocolClientSideTranslatorPB.allocateBlock(OzoneManagerProtocolClientSideTranslatorPB.java:752)
	at org.apache.hadoop.ozone.client.io.BlockOutputStreamEntryPool.allocateNewBlock(BlockOutputStreamEntryPool.java:248)
	at org.apache.hadoop.ozone.client.io.BlockOutputStreamEntryPool.allocateBlockIfNeeded(BlockOutputStreamEntryPool.java:296)
	at org.apache.hadoop.ozone.client.io.KeyOutputStream.handleWrite(KeyOutputStream.java:201)
	at org.apache.hadoop.ozone.client.io.KeyOutputStream.handleRetry(KeyOutputStream.java:376)
	at org.apache.hadoop.ozone.client.io.KeyOutputStream.handleException(KeyOutputStream.java:325)
	at org.apache.hadoop.ozone.client.io.KeyOutputStream.handleWrite(KeyOutputStream.java:231)
	at org.apache.hadoop.ozone.client.io.KeyOutputStream.handleRetry(KeyOutputStream.java:376)
	at org.apache.hadoop.ozone.client.io.KeyOutputStream.handleException(KeyOutputStream.java:325)
	at org.apache.hadoop.ozone.client.io.KeyOutputStream.handleWrite(KeyOutputStream.java:231)
	at org.apache.hadoop.ozone.client.io.KeyOutputStream.write(KeyOutputStream.java:193)
	at org.apache.hadoop.ozone.client.io.OzoneOutputStream.write(OzoneOutputStream.java:49)
	at java.io.OutputStream.write(OutputStream.java:75)
	at org.apache.hadoop.ozone.client.rpc.TestWatchForCommit.testWatchForCommitWithKeyWrite(TestWatchForCommit.java:158)
	at sun.reflect.NativeMethodAccessorImpl.invoke0(Native Method)
	at sun.reflect.NativeMethodAccessorImpl.invoke(NativeMethodAccessorImpl.java:62)
	at sun.reflect.DelegatingMethodAccessorImpl.invoke(DelegatingMethodAccessorImpl.java:43)
	at java.lang.reflect.Method.invoke(Method.java:498)
	at org.junit.runners.model.FrameworkMethod$1.runReflectiveCall(FrameworkMethod.java:47)
	at org.junit.internal.runners.model.ReflectiveCallable.run(ReflectiveCallable.java:12)
	at org.junit.runners.model.FrameworkMethod.invokeExplosively(FrameworkMethod.java:44)
	at org.junit.internal.runners.statements.InvokeMethod.evaluate(InvokeMethod.java:17)
	at org.junit.runners.ParentRunner.runLeaf(ParentRunner.java:271)
	at org.junit.runners.BlockJUnit4ClassRunner.runChild(BlockJUnit4ClassRunner.java:70)
	at org.junit.runners.BlockJUnit4ClassRunner.runChild(BlockJUnit4ClassRunner.java:50)
	at org.junit.runners.ParentRunner$3.run(ParentRunner.java:238)
	at org.junit.runners.ParentRunner$1.schedule(ParentRunner.java:63)
	at org.junit.runners.ParentRunner.runChildren(ParentRunner.java:236)
	at org.junit.runners.ParentRunner.access$000(ParentRunner.java:53)
	at org.junit.runners.ParentRunner$2.evaluate(ParentRunner.java:229)
	at org.junit.runners.ParentRunner.run(ParentRunner.java:309)
	at org.apache.maven.surefire.junit4.JUnit4Provider.execute(JUnit4Provider.java:365)
	at org.apache.maven.surefire.junit4.JUnit4Provider.executeWithRerun(JUnit4Provider.java:273)
	at org.apache.maven.surefire.junit4.JUnit4Provider.executeTestSet(JUnit4Provider.java:238)
	at org.apache.maven.surefire.junit4.JUnit4Provider.invoke(JUnit4Provider.java:159)
	at org.apache.maven.surefire.booter.ForkedBooter.invokeProviderInSameClassLoader(ForkedBooter.java:384)
	at org.apache.maven.surefire.booter.ForkedBooter.runSuitesInProcess(ForkedBooter.java:345)
	at org.apache.maven.surefire.booter.ForkedBooter.execute(ForkedBooter.java:126)
	at org.apache.maven.surefire.booter.ForkedBooter.main(ForkedBooter.java:418)
]]></system-out>
    <system-err><![CDATA[ERROR StatusLogger No Log4j 2 configuration file found. Using default configuration (logging only errors to the console), or user programmatically provided configurations. Set system property 'log4j2.debug' to show Log4j 2 internal initialization logging. See https://logging.apache.org/log4j/2.x/manual/configuration.html for instructions on how to configure Log4j 2
Jul 14, 2019 4:35:21 AM com.sun.jersey.server.impl.application.WebApplicationImpl _initiate
INFO: Initiating Jersey application, version 'Jersey: 1.19 02/11/2015 03:25 AM'
Jul 14, 2019 4:35:22 AM com.sun.jersey.server.impl.application.WebApplicationImpl _initiate
INFO: Initiating Jersey application, version 'Jersey: 1.19 02/11/2015 03:25 AM'
Jul 14, 2019 4:35:23 AM com.sun.jersey.server.impl.application.WebApplicationImpl _initiate
INFO: Initiating Jersey application, version 'Jersey: 1.19 02/11/2015 03:25 AM'
Jul 14, 2019 4:35:23 AM com.sun.jersey.server.impl.application.WebApplicationImpl _initiate
INFO: Initiating Jersey application, version 'Jersey: 1.19 02/11/2015 03:25 AM'
Jul 14, 2019 4:35:23 AM com.sun.jersey.server.impl.application.WebApplicationImpl _initiate
INFO: Initiating Jersey application, version 'Jersey: 1.19 02/11/2015 03:25 AM'
Jul 14, 2019 4:35:23 AM com.sun.jersey.server.impl.application.WebApplicationImpl _initiate
INFO: Initiating Jersey application, version 'Jersey: 1.19 02/11/2015 03:25 AM'
Jul 14, 2019 4:35:23 AM com.sun.jersey.server.impl.application.WebApplicationImpl _initiate
INFO: Initiating Jersey application, version 'Jersey: 1.19 02/11/2015 03:25 AM'
]]></system-err>
  </testcase>
  <testcase name="testWatchForCommitWithSmallerTimeoutValue" classname="org.apache.hadoop.ozone.client.rpc.TestWatchForCommit" time="22.275">
    <failure message="expected exception not thrown" type="java.lang.AssertionError">java.lang.AssertionError: expected exception not thrown
	at org.junit.Assert.fail(Assert.java:88)
	at org.apache.hadoop.ozone.client.rpc.TestWatchForCommit.testWatchForCommitWithSmallerTimeoutValue(TestWatchForCommit.java:308)
	at sun.reflect.NativeMethodAccessorImpl.invoke0(Native Method)
	at sun.reflect.NativeMethodAccessorImpl.invoke(NativeMethodAccessorImpl.java:62)
	at sun.reflect.DelegatingMethodAccessorImpl.invoke(DelegatingMethodAccessorImpl.java:43)
	at java.lang.reflect.Method.invoke(Method.java:498)
	at org.junit.runners.model.FrameworkMethod$1.runReflectiveCall(FrameworkMethod.java:47)
	at org.junit.internal.runners.model.ReflectiveCallable.run(ReflectiveCallable.java:12)
	at org.junit.runners.model.FrameworkMethod.invokeExplosively(FrameworkMethod.java:44)
	at org.junit.internal.runners.statements.InvokeMethod.evaluate(InvokeMethod.java:17)
	at org.junit.runners.ParentRunner.runLeaf(ParentRunner.java:271)
	at org.junit.runners.BlockJUnit4ClassRunner.runChild(BlockJUnit4ClassRunner.java:70)
	at org.junit.runners.BlockJUnit4ClassRunner.runChild(BlockJUnit4ClassRunner.java:50)
	at org.junit.runners.ParentRunner$3.run(ParentRunner.java:238)
	at org.junit.runners.ParentRunner$1.schedule(ParentRunner.java:63)
	at org.junit.runners.ParentRunner.runChildren(ParentRunner.java:236)
	at org.junit.runners.ParentRunner.access$000(ParentRunner.java:53)
	at org.junit.runners.ParentRunner$2.evaluate(ParentRunner.java:229)
	at org.junit.runners.ParentRunner.run(ParentRunner.java:309)
	at org.apache.maven.surefire.junit4.JUnit4Provider.execute(JUnit4Provider.java:365)
	at org.apache.maven.surefire.junit4.JUnit4Provider.executeWithRerun(JUnit4Provider.java:273)
	at org.apache.maven.surefire.junit4.JUnit4Provider.executeTestSet(JUnit4Provider.java:238)
	at org.apache.maven.surefire.junit4.JUnit4Provider.invoke(JUnit4Provider.java:159)
	at org.apache.maven.surefire.booter.ForkedBooter.invokeProviderInSameClassLoader(ForkedBooter.java:384)
	at org.apache.maven.surefire.booter.ForkedBooter.runSuitesInProcess(ForkedBooter.java:345)
	at org.apache.maven.surefire.booter.ForkedBooter.execute(ForkedBooter.java:126)
	at org.apache.maven.surefire.booter.ForkedBooter.main(ForkedBooter.java:418)
</failure>
    <system-out><![CDATA[2019-07-14 04:35:38,152 WARN  server.ServerUtils (ServerUtils.java:getScmDbDir(145)) - ozone.scm.db.dirs is not configured. We recommend adding this setting. Falling back to ozone.metadata.dirs instead.
2019-07-14 04:35:38,168 WARN  server.ServerUtils (ServerUtils.java:getScmDbDir(145)) - ozone.scm.db.dirs is not configured. We recommend adding this setting. Falling back to ozone.metadata.dirs instead.
2019-07-14 04:35:38,168 WARN  server.ServerUtils (ServerUtils.java:getScmDbDir(145)) - ozone.scm.db.dirs is not configured. We recommend adding this setting. Falling back to ozone.metadata.dirs instead.
2019-07-14 04:35:38,169 INFO  db.DBStoreBuilder (DBStoreBuilder.java:addTable(110)) - using custom profile for table: deletedBlocks
2019-07-14 04:35:38,169 INFO  db.DBStoreBuilder (DBStoreBuilder.java:processTables(161)) - Using default column profile:DBProfile.DISK for Table:deletedBlocks
2019-07-14 04:35:38,169 INFO  db.DBStoreBuilder (DBStoreBuilder.java:addTable(110)) - using custom profile for table: validCerts
2019-07-14 04:35:38,169 INFO  db.DBStoreBuilder (DBStoreBuilder.java:processTables(161)) - Using default column profile:DBProfile.DISK for Table:validCerts
2019-07-14 04:35:38,170 INFO  db.DBStoreBuilder (DBStoreBuilder.java:addTable(110)) - using custom profile for table: revokedCerts
2019-07-14 04:35:38,170 INFO  db.DBStoreBuilder (DBStoreBuilder.java:processTables(161)) - Using default column profile:DBProfile.DISK for Table:revokedCerts
2019-07-14 04:35:38,170 INFO  db.DBStoreBuilder (DBStoreBuilder.java:addTable(110)) - using custom profile for table: default
2019-07-14 04:35:38,171 INFO  db.DBStoreBuilder (DBStoreBuilder.java:processTables(167)) - Using default column profile:DBProfile.DISK for Table:default
2019-07-14 04:35:38,171 INFO  db.DBStoreBuilder (DBStoreBuilder.java:getDbProfile(198)) - Using default options. DBProfile.DISK
2019-07-14 04:35:38,336 INFO  net.NodeSchemaLoader (NodeSchemaLoader.java:loadSchemaFromFile(125)) - Loading file from sun.misc.CompoundEnumeration@69ffdaa8
2019-07-14 04:35:38,337 INFO  net.NodeSchemaLoader (NodeSchemaLoader.java:loadSchema(171)) - Loading network topology layer schema file
2019-07-14 04:35:38,344 WARN  server.ServerUtils (ServerUtils.java:sanitizeUserArgs(70)) - ozone.scm.stale.node.interval value = 300000 is larger than max = 100000 based on the key value of ozone.scm.heartbeat.thread.interval, reset to the max value 100000.
2019-07-14 04:35:38,344 WARN  server.ServerUtils (ServerUtils.java:sanitizeUserArgs(70)) - ozone.scm.stale.node.interval value = 300000 is larger than max = 100000 based on the key value of ozone.scm.heartbeat.thread.interval, reset to the max value 100000.
2019-07-14 04:35:38,344 INFO  node.SCMNodeManager (SCMNodeManager.java:<init>(119)) - Entering startup safe mode.
2019-07-14 04:35:38,346 WARN  server.ServerUtils (ServerUtils.java:getScmDbDir(145)) - ozone.scm.db.dirs is not configured. We recommend adding this setting. Falling back to ozone.metadata.dirs instead.
2019-07-14 04:35:38,398 INFO  pipeline.SCMPipelineManager (SCMPipelineManager.java:initializePipelineState(126)) - No pipeline exists in current db
2019-07-14 04:35:38,398 WARN  server.ServerUtils (ServerUtils.java:getScmDbDir(145)) - ozone.scm.db.dirs is not configured. We recommend adding this setting. Falling back to ozone.metadata.dirs instead.
2019-07-14 04:35:38,442 WARN  events.EventQueue (EventQueue.java:fireEvent(175)) - No event handler registered for event TypedEvent{payloadType=SafeModeStatus, name='SafeModeStatus'}
2019-07-14 04:35:38,444 INFO  ipc.CallQueueManager (CallQueueManager.java:<init>(84)) - Using callQueue: class java.util.concurrent.LinkedBlockingQueue, queueCapacity: 2000, scheduler: class org.apache.hadoop.ipc.DefaultRpcScheduler, ipcBackoff: false.
2019-07-14 04:35:38,445 INFO  ipc.Server (Server.java:run(1074)) - Starting Socket Reader #1 for port 37713
2019-07-14 04:35:38,451 INFO  ipc.CallQueueManager (CallQueueManager.java:<init>(84)) - Using callQueue: class java.util.concurrent.LinkedBlockingQueue, queueCapacity: 2000, scheduler: class org.apache.hadoop.ipc.DefaultRpcScheduler, ipcBackoff: false.
2019-07-14 04:35:38,451 INFO  ipc.Server (Server.java:run(1074)) - Starting Socket Reader #1 for port 34458
2019-07-14 04:35:38,456 INFO  ipc.CallQueueManager (CallQueueManager.java:<init>(84)) - Using callQueue: class java.util.concurrent.LinkedBlockingQueue, queueCapacity: 2000, scheduler: class org.apache.hadoop.ipc.DefaultRpcScheduler, ipcBackoff: false.
2019-07-14 04:35:38,456 INFO  ipc.Server (Server.java:run(1074)) - Starting Socket Reader #1 for port 43102
2019-07-14 04:35:38,461 INFO  hdfs.DFSUtil (DFSUtil.java:httpServerTemplateForNNAndJN(1641)) - Starting Web-server for scm at: http://0.0.0.0:0
2019-07-14 04:35:38,464 INFO  server.AuthenticationFilter (AuthenticationFilter.java:constructSecretProvider(240)) - Unable to initialize FileSignerSecretProvider, falling back to use random secrets.
2019-07-14 04:35:38,464 WARN  http.HttpRequestLog (HttpRequestLog.java:getRequestLog(97)) - Jetty request log can only be enabled using Log4j
2019-07-14 04:35:38,466 INFO  http.HttpServer2 (HttpServer2.java:addGlobalFilter(975)) - Added global filter 'safety' (class=org.apache.hadoop.http.HttpServer2$QuotingInputFilter)
2019-07-14 04:35:38,469 INFO  http.HttpServer2 (HttpServer2.java:addFilter(948)) - Added filter static_user_filter (class=org.apache.hadoop.http.lib.StaticUserWebFilter$StaticUserFilter) to context scm
2019-07-14 04:35:38,469 INFO  http.HttpServer2 (HttpServer2.java:addFilter(958)) - Added filter static_user_filter (class=org.apache.hadoop.http.lib.StaticUserWebFilter$StaticUserFilter) to context logs
2019-07-14 04:35:38,470 INFO  http.HttpServer2 (HttpServer2.java:addFilter(958)) - Added filter static_user_filter (class=org.apache.hadoop.http.lib.StaticUserWebFilter$StaticUserFilter) to context static
2019-07-14 04:35:38,478 INFO  server.StorageContainerManager (StorageContainerManager.java:start(759)) - StorageContainerLocationProtocol RPC server is listening at /0.0.0.0:43102
2019-07-14 04:35:38,478 INFO  impl.MetricsSystemImpl (MetricsSystemImpl.java:init(158)) - StorageContainerManager metrics system started (again)
2019-07-14 04:35:38,478 INFO  server.SCMClientProtocolServer (SCMClientProtocolServer.java:start(149)) - RPC server for Client  is listening at /0.0.0.0:43102
2019-07-14 04:35:38,479 INFO  ipc.Server (Server.java:run(1314)) - IPC Server Responder: starting
2019-07-14 04:35:38,479 INFO  ipc.Server (Server.java:run(1153)) - IPC Server listener on 43102: starting
2019-07-14 04:35:38,490 INFO  server.StorageContainerManager (StorageContainerManager.java:start(768)) - ScmBlockLocationProtocol RPC server is listening at /0.0.0.0:34458
2019-07-14 04:35:38,490 INFO  server.SCMBlockProtocolServer (SCMBlockProtocolServer.java:start(140)) - RPC server for Block Protocol is listening at /0.0.0.0:34458
2019-07-14 04:35:38,490 INFO  ipc.Server (Server.java:run(1314)) - IPC Server Responder: starting
2019-07-14 04:35:38,490 INFO  ipc.Server (Server.java:run(1153)) - IPC Server listener on 34458: starting
2019-07-14 04:35:38,500 INFO  server.StorageContainerManager (StorageContainerManager.java:start(772)) - ScmDatanodeProtocl RPC server is listening at /0.0.0.0:37713
2019-07-14 04:35:38,500 INFO  server.SCMDatanodeProtocolServer (SCMDatanodeProtocolServer.java:start(191)) - RPC server for DataNodes is listening at /0.0.0.0:37713
2019-07-14 04:35:38,501 INFO  ipc.Server (Server.java:run(1314)) - IPC Server Responder: starting
2019-07-14 04:35:38,501 INFO  ipc.Server (Server.java:run(1153)) - IPC Server listener on 37713: starting
2019-07-14 04:35:38,511 INFO  http.HttpServer2 (HttpServer2.java:bindListener(1191)) - Jetty bound to port 37560
2019-07-14 04:35:38,511 INFO  server.Server (Server.java:doStart(351)) - jetty-9.3.24.v20180605, build timestamp: 2018-06-05T17:11:56Z, git hash: 84205aa28f11a4f31f2a3b86d1bba2cc8ab69827
2019-07-14 04:35:38,513 INFO  handler.ContextHandler (ContextHandler.java:doStart(781)) - Started o.e.j.s.ServletContextHandler@1ac0cdb0{/logs,file:///tmp/workdir/hadoop-ozone/integration-test/target/log,AVAILABLE}
2019-07-14 04:35:38,514 INFO  handler.ContextHandler (ContextHandler.java:doStart(781)) - Started o.e.j.s.ServletContextHandler@1682e6a{/static,file:///tmp/workdir/hadoop-ozone/integration-test/target/test-classes/webapps/static,AVAILABLE}
2019-07-14 04:35:38,520 INFO  handler.ContextHandler (ContextHandler.java:doStart(781)) - Started o.e.j.w.WebAppContext@3b770d07{/,file:///tmp/workdir/hadoop-ozone/integration-test/target/test-classes/webapps/scm/,AVAILABLE}{/scm}
2019-07-14 04:35:38,520 INFO  server.AbstractConnector (AbstractConnector.java:doStart(278)) - Started ServerConnector@62b0bf85{HTTP/1.1,[http/1.1]}{0.0.0.0:37560}
2019-07-14 04:35:38,523 INFO  server.Server (Server.java:doStart(419)) - Started @21814ms
2019-07-14 04:35:38,523 INFO  server.BaseHttpServer (BaseHttpServer.java:updateConnectorAddress(207)) - HTTP server of SCM is listening at http://0.0.0.0:37560
2019-07-14 04:35:38,524 WARN  server.ServerUtils (ServerUtils.java:getDBPath(222)) - ozone.om.db.dirs is not configured. We recommend adding this setting. Falling back to ozone.metadata.dirs instead.
2019-07-14 04:35:38,527 INFO  util.JvmPauseMonitor (JvmPauseMonitor.java:run(188)) - Starting JVM pause monitor
2019-07-14 04:35:38,538 WARN  server.ServerUtils (ServerUtils.java:getDBPath(222)) - ozone.om.db.dirs is not configured. We recommend adding this setting. Falling back to ozone.metadata.dirs instead.
2019-07-14 04:35:38,539 INFO  om.OzoneManager (OzoneManager.java:setOMNodeDetails(630)) - OM Service ID is not set. Setting it to the default ID: omServiceIdDefault
2019-07-14 04:35:38,539 INFO  om.OzoneManager (OzoneManager.java:setOMNodeDetails(636)) - OM Node ID is not set. Setting it to the OmStorage's OmID: 4a31fc41-d531-44b7-9781-21dc1c6eea98
2019-07-14 04:35:38,539 INFO  om.OzoneManager (OzoneManager.java:loadOMHAConfigs(587)) - Found matching OM address with OMServiceId: null, OMNodeId: null, RPC Address: localhost:0 and Ratis port: 9872
2019-07-14 04:35:38,555 WARN  server.ServerUtils (ServerUtils.java:getDBPath(222)) - ozone.om.db.dirs is not configured. We recommend adding this setting. Falling back to ozone.metadata.dirs instead.
2019-07-14 04:35:38,555 INFO  db.DBStoreBuilder (DBStoreBuilder.java:addTable(110)) - using custom profile for table: userTable
2019-07-14 04:35:38,555 INFO  db.DBStoreBuilder (DBStoreBuilder.java:processTables(161)) - Using default column profile:DBProfile.DISK for Table:userTable
2019-07-14 04:35:38,556 INFO  db.DBStoreBuilder (DBStoreBuilder.java:addTable(110)) - using custom profile for table: volumeTable
2019-07-14 04:35:38,556 INFO  db.DBStoreBuilder (DBStoreBuilder.java:processTables(161)) - Using default column profile:DBProfile.DISK for Table:volumeTable
2019-07-14 04:35:38,556 INFO  db.DBStoreBuilder (DBStoreBuilder.java:addTable(110)) - using custom profile for table: bucketTable
2019-07-14 04:35:38,556 INFO  db.DBStoreBuilder (DBStoreBuilder.java:processTables(161)) - Using default column profile:DBProfile.DISK for Table:bucketTable
2019-07-14 04:35:38,556 INFO  db.DBStoreBuilder (DBStoreBuilder.java:addTable(110)) - using custom profile for table: keyTable
2019-07-14 04:35:38,557 INFO  db.DBStoreBuilder (DBStoreBuilder.java:processTables(161)) - Using default column profile:DBProfile.DISK for Table:keyTable
2019-07-14 04:35:38,557 INFO  db.DBStoreBuilder (DBStoreBuilder.java:addTable(110)) - using custom profile for table: deletedTable
2019-07-14 04:35:38,557 INFO  db.DBStoreBuilder (DBStoreBuilder.java:processTables(161)) - Using default column profile:DBProfile.DISK for Table:deletedTable
2019-07-14 04:35:38,557 INFO  db.DBStoreBuilder (DBStoreBuilder.java:addTable(110)) - using custom profile for table: openKeyTable
2019-07-14 04:35:38,557 INFO  db.DBStoreBuilder (DBStoreBuilder.java:processTables(161)) - Using default column profile:DBProfile.DISK for Table:openKeyTable
2019-07-14 04:35:38,558 INFO  db.DBStoreBuilder (DBStoreBuilder.java:addTable(110)) - using custom profile for table: s3Table
2019-07-14 04:35:38,558 INFO  db.DBStoreBuilder (DBStoreBuilder.java:processTables(161)) - Using default column profile:DBProfile.DISK for Table:s3Table
2019-07-14 04:35:38,558 INFO  db.DBStoreBuilder (DBStoreBuilder.java:addTable(110)) - using custom profile for table: multipartInfoTable
2019-07-14 04:35:38,558 INFO  db.DBStoreBuilder (DBStoreBuilder.java:processTables(161)) - Using default column profile:DBProfile.DISK for Table:multipartInfoTable
2019-07-14 04:35:38,558 INFO  db.DBStoreBuilder (DBStoreBuilder.java:addTable(110)) - using custom profile for table: dTokenTable
2019-07-14 04:35:38,558 INFO  db.DBStoreBuilder (DBStoreBuilder.java:processTables(161)) - Using default column profile:DBProfile.DISK for Table:dTokenTable
2019-07-14 04:35:38,559 INFO  db.DBStoreBuilder (DBStoreBuilder.java:addTable(110)) - using custom profile for table: s3SecretTable
2019-07-14 04:35:38,559 INFO  db.DBStoreBuilder (DBStoreBuilder.java:processTables(161)) - Using default column profile:DBProfile.DISK for Table:s3SecretTable
2019-07-14 04:35:38,559 INFO  db.DBStoreBuilder (DBStoreBuilder.java:addTable(110)) - using custom profile for table: prefixTable
2019-07-14 04:35:38,559 INFO  db.DBStoreBuilder (DBStoreBuilder.java:processTables(161)) - Using default column profile:DBProfile.DISK for Table:prefixTable
2019-07-14 04:35:38,559 INFO  db.DBStoreBuilder (DBStoreBuilder.java:addTable(110)) - using custom profile for table: default
2019-07-14 04:35:38,559 INFO  db.DBStoreBuilder (DBStoreBuilder.java:processTables(167)) - Using default column profile:DBProfile.DISK for Table:default
2019-07-14 04:35:38,560 INFO  db.DBStoreBuilder (DBStoreBuilder.java:getDbProfile(198)) - Using default options. DBProfile.DISK
2019-07-14 04:35:38,830 INFO  impl.FollowerState (FollowerState.java:run(106)) - bf8d9be4-e736-40fa-a7ac-fb394448e171:group-9725ECF0DA90 changes to CANDIDATE, lastRpcTime:5059, electionTimeout:5055ms
2019-07-14 04:35:38,830 INFO  impl.RoleInfo (RoleInfo.java:shutdownFollowerState(121)) - bf8d9be4-e736-40fa-a7ac-fb394448e171: shutdown FollowerState
2019-07-14 04:35:38,831 INFO  impl.RaftServerImpl (RaftServerImpl.java:setRole(171)) - bf8d9be4-e736-40fa-a7ac-fb394448e171:group-9725ECF0DA90 changes role from FOLLOWER to CANDIDATE at term 1 for changeToCandidate
2019-07-14 04:35:38,831 INFO  impl.RoleInfo (RoleInfo.java:updateAndGet(143)) - bf8d9be4-e736-40fa-a7ac-fb394448e171: start LeaderElection
2019-07-14 04:35:38,838 INFO  impl.LeaderElection (LeaderElection.java:askForVotes(181)) - bf8d9be4-e736-40fa-a7ac-fb394448e171:group-9725ECF0DA90:LeaderElection14: begin an election at term 2 for -1: [95662b28-5ab4-47dc-8868-1ce1bf3116bf:192.168.5.157:42507, 28643ef2-7003-48bb-a8f6-fe4dd83568f6:192.168.5.157:39888, bf8d9be4-e736-40fa-a7ac-fb394448e171:192.168.5.157:40312], old=null
2019-07-14 04:35:38,847 INFO  impl.RaftServerImpl (RaftServerImpl.java:setRole(171)) - 28643ef2-7003-48bb-a8f6-fe4dd83568f6:group-9725ECF0DA90 changes role from FOLLOWER to FOLLOWER at term 2 for recognizeCandidate:bf8d9be4-e736-40fa-a7ac-fb394448e171
2019-07-14 04:35:38,847 INFO  impl.RaftServerImpl (RaftServerImpl.java:setRole(171)) - 95662b28-5ab4-47dc-8868-1ce1bf3116bf:group-9725ECF0DA90 changes role from FOLLOWER to FOLLOWER at term 2 for recognizeCandidate:bf8d9be4-e736-40fa-a7ac-fb394448e171
2019-07-14 04:35:38,848 INFO  impl.RoleInfo (RoleInfo.java:shutdownFollowerState(121)) - 28643ef2-7003-48bb-a8f6-fe4dd83568f6: shutdown FollowerState
2019-07-14 04:35:38,848 INFO  impl.RoleInfo (RoleInfo.java:shutdownFollowerState(121)) - 95662b28-5ab4-47dc-8868-1ce1bf3116bf: shutdown FollowerState
2019-07-14 04:35:38,848 INFO  impl.RoleInfo (RoleInfo.java:updateAndGet(143)) - 28643ef2-7003-48bb-a8f6-fe4dd83568f6: start FollowerState
2019-07-14 04:35:38,849 INFO  impl.RoleInfo (RoleInfo.java:updateAndGet(143)) - 95662b28-5ab4-47dc-8868-1ce1bf3116bf: start FollowerState
2019-07-14 04:35:38,849 INFO  impl.FollowerState (FollowerState.java:run(114)) - 95662b28-5ab4-47dc-8868-1ce1bf3116bf: FollowerState was interrupted: java.lang.InterruptedException: sleep interrupted
2019-07-14 04:35:38,849 INFO  impl.FollowerState (FollowerState.java:run(114)) - 28643ef2-7003-48bb-a8f6-fe4dd83568f6: FollowerState was interrupted: java.lang.InterruptedException: sleep interrupted
2019-07-14 04:35:38,867 INFO  impl.LeaderElection (LeaderElection.java:logAndReturn(56)) - bf8d9be4-e736-40fa-a7ac-fb394448e171:group-9725ECF0DA90:LeaderElection14: Election PASSED; received 1 response(s) [bf8d9be4-e736-40fa-a7ac-fb394448e171<-28643ef2-7003-48bb-a8f6-fe4dd83568f6#0:OK-t2] and 0 exception(s); bf8d9be4-e736-40fa-a7ac-fb394448e171:t2, leader=null, voted=bf8d9be4-e736-40fa-a7ac-fb394448e171, raftlog=bf8d9be4-e736-40fa-a7ac-fb394448e171-SegmentedRaftLog:OPENED:c-1,f-1,i0, conf=-1: [95662b28-5ab4-47dc-8868-1ce1bf3116bf:192.168.5.157:42507, 28643ef2-7003-48bb-a8f6-fe4dd83568f6:192.168.5.157:39888, bf8d9be4-e736-40fa-a7ac-fb394448e171:192.168.5.157:40312], old=null
2019-07-14 04:35:38,868 INFO  impl.RoleInfo (RoleInfo.java:shutdownLeaderElection(134)) - bf8d9be4-e736-40fa-a7ac-fb394448e171: shutdown LeaderElection
2019-07-14 04:35:38,870 INFO  impl.RaftServerImpl (RaftServerImpl.java:setRole(171)) - bf8d9be4-e736-40fa-a7ac-fb394448e171:group-9725ECF0DA90 changes role from CANDIDATE to LEADER at term 2 for changeToLeader
2019-07-14 04:35:38,870 INFO  impl.RaftServerImpl (ServerState.java:setLeader(263)) - bf8d9be4-e736-40fa-a7ac-fb394448e171:group-9725ECF0DA90 change Leader from null to bf8d9be4-e736-40fa-a7ac-fb394448e171 at term 2 for becomeLeader, leader elected after 10281ms
2019-07-14 04:35:38,871 INFO  server.RaftServerConfigKeys (ConfUtils.java:logGet(43)) - raft.server.staging.catchup.gap = 1000 (default)
2019-07-14 04:35:38,871 INFO  server.RaftServerConfigKeys (ConfUtils.java:logGet(43)) - raft.server.rpc.sleep.time = 25ms (default)
2019-07-14 04:35:38,871 INFO  server.RaftServerConfigKeys (ConfUtils.java:logGet(43)) - raft.server.write.element-limit = 4096 (default)
2019-07-14 04:35:38,871 INFO  server.RaftServerConfigKeys (ConfUtils.java:logGet(43)) - raft.server.watch.timeout = 10s (default)
2019-07-14 04:35:38,871 INFO  server.RaftServerConfigKeys (ConfUtils.java:logGet(43)) - raft.server.watch.timeout.denomination = 1s (default)
2019-07-14 04:35:38,872 INFO  server.RaftServerConfigKeys (ConfUtils.java:logGet(43)) - raft.server.watch.element-limit = 65536 (default)
2019-07-14 04:35:38,876 INFO  server.RaftServerConfigKeys (ConfUtils.java:logGet(43)) - raft.server.log.appender.snapshot.chunk.size.max = 16MB (=16777216) (default)
2019-07-14 04:35:38,876 INFO  server.RaftServerConfigKeys (ConfUtils.java:logGet(43)) - raft.server.log.appender.buffer.byte-limit = 33554432 (custom)
2019-07-14 04:35:38,877 INFO  server.RaftServerConfigKeys (ConfUtils.java:logGet(43)) - raft.server.log.appender.buffer.element-limit = 1 (custom)
2019-07-14 04:35:38,882 INFO  grpc.GrpcConfigKeys$Server (ConfUtils.java:logGet(43)) - raft.grpc.server.leader.outstanding.appends.max = 128 (default)
2019-07-14 04:35:38,885 INFO  server.RaftServerConfigKeys (ConfUtils.java:logGet(43)) - raft.server.rpc.request.timeout = 3000ms (default)
2019-07-14 04:35:38,885 INFO  server.RaftServerConfigKeys (ConfUtils.java:logGet(43)) - raft.server.log.appender.install.snapshot.enabled = false (custom)
2019-07-14 04:35:38,885 INFO  server.RaftServerConfigKeys (ConfUtils.java:logGet(43)) - raft.server.log.appender.snapshot.chunk.size.max = 16MB (=16777216) (default)
2019-07-14 04:35:38,885 INFO  server.RaftServerConfigKeys (ConfUtils.java:logGet(43)) - raft.server.log.appender.buffer.byte-limit = 33554432 (custom)
2019-07-14 04:35:38,886 INFO  server.RaftServerConfigKeys (ConfUtils.java:logGet(43)) - raft.server.log.appender.buffer.element-limit = 1 (custom)
2019-07-14 04:35:38,886 INFO  grpc.GrpcConfigKeys$Server (ConfUtils.java:logGet(43)) - raft.grpc.server.leader.outstanding.appends.max = 128 (default)
2019-07-14 04:35:38,886 INFO  server.RaftServerConfigKeys (ConfUtils.java:logGet(43)) - raft.server.rpc.request.timeout = 3000ms (default)
2019-07-14 04:35:38,886 INFO  server.RaftServerConfigKeys (ConfUtils.java:logGet(43)) - raft.server.log.appender.install.snapshot.enabled = false (custom)
2019-07-14 04:35:38,888 INFO  impl.RoleInfo (RoleInfo.java:updateAndGet(143)) - bf8d9be4-e736-40fa-a7ac-fb394448e171: start LeaderState
2019-07-14 04:35:38,889 INFO  segmented.SegmentedRaftLogWorker (SegmentedRaftLogWorker.java:startLogSegment(380)) - bf8d9be4-e736-40fa-a7ac-fb394448e171-SegmentedRaftLogWorker:Storage Directory /tmp/workdir/hadoop-ozone/integration-test/target/test-dir/MiniOzoneClusterImpl-e405d3e1-866f-49a9-9535-2d6e1521d247/datanode-0/data/ratis/1232a0b7-020a-434a-8c12-9725ecf0da90: Starting segment from index:0
2019-07-14 04:35:38,890 INFO  impl.RaftServerImpl (ServerState.java:setRaftConf(361)) - bf8d9be4-e736-40fa-a7ac-fb394448e171:group-9725ECF0DA90 set configuration 0: [95662b28-5ab4-47dc-8868-1ce1bf3116bf:192.168.5.157:42507, 28643ef2-7003-48bb-a8f6-fe4dd83568f6:192.168.5.157:39888, bf8d9be4-e736-40fa-a7ac-fb394448e171:192.168.5.157:40312], old=null at 0
2019-07-14 04:35:38,907 INFO  impl.FollowerState (FollowerState.java:run(106)) - 8bdedefe-810b-4dd5-8dca-659f9b072202:group-4F4B5D343DBF changes to CANDIDATE, lastRpcTime:5048, electionTimeout:5035ms
2019-07-14 04:35:38,910 INFO  impl.RoleInfo (RoleInfo.java:shutdownFollowerState(121)) - 8bdedefe-810b-4dd5-8dca-659f9b072202: shutdown FollowerState
2019-07-14 04:35:38,910 INFO  impl.RaftServerImpl (RaftServerImpl.java:setRole(171)) - 8bdedefe-810b-4dd5-8dca-659f9b072202:group-4F4B5D343DBF changes role from FOLLOWER to CANDIDATE at term 1 for changeToCandidate
2019-07-14 04:35:38,910 INFO  impl.RoleInfo (RoleInfo.java:updateAndGet(143)) - 8bdedefe-810b-4dd5-8dca-659f9b072202: start LeaderElection
2019-07-14 04:35:38,913 INFO  segmented.SegmentedRaftLogWorker (SegmentedRaftLogWorker.java:execute(569)) - bf8d9be4-e736-40fa-a7ac-fb394448e171-SegmentedRaftLogWorker:Storage Directory /tmp/workdir/hadoop-ozone/integration-test/target/test-dir/MiniOzoneClusterImpl-e405d3e1-866f-49a9-9535-2d6e1521d247/datanode-0/data/ratis/1232a0b7-020a-434a-8c12-9725ecf0da90: created new log segment /tmp/workdir/hadoop-ozone/integration-test/target/test-dir/MiniOzoneClusterImpl-e405d3e1-866f-49a9-9535-2d6e1521d247/datanode-0/data/ratis/1232a0b7-020a-434a-8c12-9725ecf0da90/current/log_inprogress_0
2019-07-14 04:35:38,916 INFO  impl.LeaderElection (LeaderElection.java:askForVotes(181)) - 8bdedefe-810b-4dd5-8dca-659f9b072202:group-4F4B5D343DBF:LeaderElection15: begin an election at term 2 for -1: [9c4ed4db-4d02-46d6-b0ab-296618f62583:192.168.5.157:34055, 8bdedefe-810b-4dd5-8dca-659f9b072202:192.168.5.157:32899, 49cd6ec5-59f0-4c7c-968f-a0b3b7f8f56d:192.168.5.157:42622], old=null
2019-07-14 04:35:38,928 INFO  impl.RaftServerImpl (RaftServerImpl.java:setRole(171)) - 9c4ed4db-4d02-46d6-b0ab-296618f62583:group-4F4B5D343DBF changes role from FOLLOWER to FOLLOWER at term 2 for recognizeCandidate:8bdedefe-810b-4dd5-8dca-659f9b072202
2019-07-14 04:35:38,930 INFO  impl.RaftServerImpl (RaftServerImpl.java:setRole(171)) - 49cd6ec5-59f0-4c7c-968f-a0b3b7f8f56d:group-4F4B5D343DBF changes role from FOLLOWER to FOLLOWER at term 2 for recognizeCandidate:8bdedefe-810b-4dd5-8dca-659f9b072202
2019-07-14 04:35:38,931 INFO  impl.RoleInfo (RoleInfo.java:shutdownFollowerState(121)) - 9c4ed4db-4d02-46d6-b0ab-296618f62583: shutdown FollowerState
2019-07-14 04:35:38,931 INFO  impl.RoleInfo (RoleInfo.java:shutdownFollowerState(121)) - 49cd6ec5-59f0-4c7c-968f-a0b3b7f8f56d: shutdown FollowerState
2019-07-14 04:35:38,931 INFO  impl.RoleInfo (RoleInfo.java:updateAndGet(143)) - 9c4ed4db-4d02-46d6-b0ab-296618f62583: start FollowerState
2019-07-14 04:35:38,931 INFO  impl.FollowerState (FollowerState.java:run(114)) - 9c4ed4db-4d02-46d6-b0ab-296618f62583: FollowerState was interrupted: java.lang.InterruptedException: sleep interrupted
2019-07-14 04:35:38,931 INFO  impl.RoleInfo (RoleInfo.java:updateAndGet(143)) - 49cd6ec5-59f0-4c7c-968f-a0b3b7f8f56d: start FollowerState
2019-07-14 04:35:38,931 INFO  impl.FollowerState (FollowerState.java:run(114)) - 49cd6ec5-59f0-4c7c-968f-a0b3b7f8f56d: FollowerState was interrupted: java.lang.InterruptedException: sleep interrupted
2019-07-14 04:35:38,940 INFO  ipc.CallQueueManager (CallQueueManager.java:<init>(84)) - Using callQueue: class java.util.concurrent.LinkedBlockingQueue, queueCapacity: 2000, scheduler: class org.apache.hadoop.ipc.DefaultRpcScheduler, ipcBackoff: false.
2019-07-14 04:35:38,941 INFO  ipc.Server (Server.java:run(1074)) - Starting Socket Reader #1 for port 38150
2019-07-14 04:35:38,948 INFO  impl.LeaderElection (LeaderElection.java:logAndReturn(56)) - 8bdedefe-810b-4dd5-8dca-659f9b072202:group-4F4B5D343DBF:LeaderElection15: Election PASSED; received 1 response(s) [8bdedefe-810b-4dd5-8dca-659f9b072202<-9c4ed4db-4d02-46d6-b0ab-296618f62583#0:OK-t2] and 0 exception(s); 8bdedefe-810b-4dd5-8dca-659f9b072202:t2, leader=null, voted=8bdedefe-810b-4dd5-8dca-659f9b072202, raftlog=8bdedefe-810b-4dd5-8dca-659f9b072202-SegmentedRaftLog:OPENED:c-1,f-1,i0, conf=-1: [9c4ed4db-4d02-46d6-b0ab-296618f62583:192.168.5.157:34055, 8bdedefe-810b-4dd5-8dca-659f9b072202:192.168.5.157:32899, 49cd6ec5-59f0-4c7c-968f-a0b3b7f8f56d:192.168.5.157:42622], old=null
2019-07-14 04:35:38,948 INFO  impl.RoleInfo (RoleInfo.java:shutdownLeaderElection(134)) - 8bdedefe-810b-4dd5-8dca-659f9b072202: shutdown LeaderElection
2019-07-14 04:35:38,949 INFO  impl.RaftServerImpl (RaftServerImpl.java:setRole(171)) - 8bdedefe-810b-4dd5-8dca-659f9b072202:group-4F4B5D343DBF changes role from CANDIDATE to LEADER at term 2 for changeToLeader
2019-07-14 04:35:38,952 INFO  impl.RaftServerImpl (ServerState.java:setLeader(263)) - 8bdedefe-810b-4dd5-8dca-659f9b072202:group-4F4B5D343DBF change Leader from null to 8bdedefe-810b-4dd5-8dca-659f9b072202 at term 2 for becomeLeader, leader elected after 10266ms
2019-07-14 04:35:38,952 INFO  server.RaftServerConfigKeys (ConfUtils.java:logGet(43)) - raft.server.staging.catchup.gap = 1000 (default)
2019-07-14 04:35:38,952 INFO  server.RaftServerConfigKeys (ConfUtils.java:logGet(43)) - raft.server.rpc.sleep.time = 25ms (default)
2019-07-14 04:35:38,952 INFO  server.RaftServerConfigKeys (ConfUtils.java:logGet(43)) - raft.server.write.element-limit = 4096 (default)
2019-07-14 04:35:38,952 INFO  server.RaftServerConfigKeys (ConfUtils.java:logGet(43)) - raft.server.watch.timeout = 10s (default)
2019-07-14 04:35:38,957 INFO  server.RaftServerConfigKeys (ConfUtils.java:logGet(43)) - raft.server.watch.timeout.denomination = 1s (default)
2019-07-14 04:35:38,957 INFO  server.RaftServerConfigKeys (ConfUtils.java:logGet(43)) - raft.server.watch.element-limit = 65536 (default)
2019-07-14 04:35:38,957 INFO  impl.RaftServerImpl (ServerState.java:setLeader(263)) - 28643ef2-7003-48bb-a8f6-fe4dd83568f6:group-9725ECF0DA90 change Leader from null to bf8d9be4-e736-40fa-a7ac-fb394448e171 at term 2 for appendEntries, leader elected after 10368ms
2019-07-14 04:35:38,960 INFO  server.RaftServerConfigKeys (ConfUtils.java:logGet(43)) - raft.server.log.appender.snapshot.chunk.size.max = 16MB (=16777216) (default)
2019-07-14 04:35:38,957 INFO  impl.RaftServerImpl (ServerState.java:setLeader(263)) - 95662b28-5ab4-47dc-8868-1ce1bf3116bf:group-9725ECF0DA90 change Leader from null to bf8d9be4-e736-40fa-a7ac-fb394448e171 at term 2 for appendEntries, leader elected after 10368ms
2019-07-14 04:35:38,960 INFO  server.RaftServerConfigKeys (ConfUtils.java:logGet(43)) - raft.server.log.appender.buffer.byte-limit = 33554432 (custom)
2019-07-14 04:35:38,960 INFO  server.RaftServerConfigKeys (ConfUtils.java:logGet(43)) - raft.server.log.appender.buffer.element-limit = 1 (custom)
2019-07-14 04:35:38,961 INFO  grpc.GrpcConfigKeys$Server (ConfUtils.java:logGet(43)) - raft.grpc.server.leader.outstanding.appends.max = 128 (default)
2019-07-14 04:35:38,961 INFO  server.RaftServerConfigKeys (ConfUtils.java:logGet(43)) - raft.server.rpc.request.timeout = 3000ms (default)
2019-07-14 04:35:38,961 INFO  server.RaftServerConfigKeys (ConfUtils.java:logGet(43)) - raft.server.log.appender.install.snapshot.enabled = false (custom)
2019-07-14 04:35:38,962 INFO  server.RaftServerConfigKeys (ConfUtils.java:logGet(43)) - raft.server.log.appender.snapshot.chunk.size.max = 16MB (=16777216) (default)
2019-07-14 04:35:38,962 INFO  server.RaftServerConfigKeys (ConfUtils.java:logGet(43)) - raft.server.log.appender.buffer.byte-limit = 33554432 (custom)
2019-07-14 04:35:38,962 INFO  server.RaftServerConfigKeys (ConfUtils.java:logGet(43)) - raft.server.log.appender.buffer.element-limit = 1 (custom)
2019-07-14 04:35:38,962 INFO  grpc.GrpcConfigKeys$Server (ConfUtils.java:logGet(43)) - raft.grpc.server.leader.outstanding.appends.max = 128 (default)
2019-07-14 04:35:38,965 INFO  server.RaftServerConfigKeys (ConfUtils.java:logGet(43)) - raft.server.rpc.request.timeout = 3000ms (default)
2019-07-14 04:35:38,965 INFO  server.RaftServerConfigKeys (ConfUtils.java:logGet(43)) - raft.server.log.appender.install.snapshot.enabled = false (custom)
2019-07-14 04:35:38,966 INFO  impl.RoleInfo (RoleInfo.java:updateAndGet(143)) - 8bdedefe-810b-4dd5-8dca-659f9b072202: start LeaderState
2019-07-14 04:35:38,966 INFO  segmented.SegmentedRaftLogWorker (SegmentedRaftLogWorker.java:startLogSegment(380)) - 8bdedefe-810b-4dd5-8dca-659f9b072202-SegmentedRaftLogWorker:Storage Directory /tmp/workdir/hadoop-ozone/integration-test/target/test-dir/MiniOzoneClusterImpl-e405d3e1-866f-49a9-9535-2d6e1521d247/datanode-2/data/ratis/1a51b936-6ddd-4cbc-ad0a-4f4b5d343dbf: Starting segment from index:0
2019-07-14 04:35:38,974 INFO  impl.RaftServerImpl (ServerState.java:setRaftConf(361)) - 8bdedefe-810b-4dd5-8dca-659f9b072202:group-4F4B5D343DBF set configuration 0: [9c4ed4db-4d02-46d6-b0ab-296618f62583:192.168.5.157:34055, 8bdedefe-810b-4dd5-8dca-659f9b072202:192.168.5.157:32899, 49cd6ec5-59f0-4c7c-968f-a0b3b7f8f56d:192.168.5.157:42622], old=null at 0
2019-07-14 04:35:38,996 INFO  impl.RaftServerImpl (ServerState.java:setLeader(263)) - 49cd6ec5-59f0-4c7c-968f-a0b3b7f8f56d:group-4F4B5D343DBF change Leader from null to 8bdedefe-810b-4dd5-8dca-659f9b072202 at term 2 for appendEntries, leader elected after 10311ms
2019-07-14 04:35:38,996 INFO  impl.RaftServerImpl (ServerState.java:setLeader(263)) - 9c4ed4db-4d02-46d6-b0ab-296618f62583:group-4F4B5D343DBF change Leader from null to 8bdedefe-810b-4dd5-8dca-659f9b072202 at term 2 for appendEntries, leader elected after 10311ms
2019-07-14 04:35:39,004 INFO  segmented.SegmentedRaftLogWorker (SegmentedRaftLogWorker.java:execute(569)) - 8bdedefe-810b-4dd5-8dca-659f9b072202-SegmentedRaftLogWorker:Storage Directory /tmp/workdir/hadoop-ozone/integration-test/target/test-dir/MiniOzoneClusterImpl-e405d3e1-866f-49a9-9535-2d6e1521d247/datanode-2/data/ratis/1a51b936-6ddd-4cbc-ad0a-4f4b5d343dbf: created new log segment /tmp/workdir/hadoop-ozone/integration-test/target/test-dir/MiniOzoneClusterImpl-e405d3e1-866f-49a9-9535-2d6e1521d247/datanode-2/data/ratis/1a51b936-6ddd-4cbc-ad0a-4f4b5d343dbf/current/log_inprogress_0
2019-07-14 04:35:39,005 WARN  server.ServerUtils (ServerUtils.java:getDBPath(222)) - ozone.om.db.dirs is not configured. We recommend adding this setting. Falling back to ozone.metadata.dirs instead.
2019-07-14 04:35:39,006 INFO  om.OzoneManager (OzoneManager.java:start(1228)) - OzoneManager RPC server is listening at localhost/127.0.0.1:38150
2019-07-14 04:35:39,006 INFO  impl.MetricsSystemImpl (MetricsSystemImpl.java:init(158)) - OzoneManager metrics system started (again)
2019-07-14 04:35:39,009 INFO  ipc.Server (Server.java:run(1314)) - IPC Server Responder: starting
2019-07-14 04:35:39,012 INFO  ipc.Server (Server.java:run(1153)) - IPC Server listener on 38150: starting
2019-07-14 04:35:39,023 INFO  hdfs.DFSUtil (DFSUtil.java:httpServerTemplateForNNAndJN(1641)) - Starting Web-server for ozoneManager at: http://0.0.0.0:0
2019-07-14 04:35:39,025 INFO  server.AuthenticationFilter (AuthenticationFilter.java:constructSecretProvider(240)) - Unable to initialize FileSignerSecretProvider, falling back to use random secrets.
2019-07-14 04:35:39,025 WARN  http.HttpRequestLog (HttpRequestLog.java:getRequestLog(97)) - Jetty request log can only be enabled using Log4j
2019-07-14 04:35:39,028 INFO  http.HttpServer2 (HttpServer2.java:addGlobalFilter(975)) - Added global filter 'safety' (class=org.apache.hadoop.http.HttpServer2$QuotingInputFilter)
2019-07-14 04:35:39,028 INFO  http.HttpServer2 (HttpServer2.java:addFilter(948)) - Added filter static_user_filter (class=org.apache.hadoop.http.lib.StaticUserWebFilter$StaticUserFilter) to context ozoneManager
2019-07-14 04:35:39,028 INFO  http.HttpServer2 (HttpServer2.java:addFilter(958)) - Added filter static_user_filter (class=org.apache.hadoop.http.lib.StaticUserWebFilter$StaticUserFilter) to context logs
2019-07-14 04:35:39,029 INFO  http.HttpServer2 (HttpServer2.java:addFilter(958)) - Added filter static_user_filter (class=org.apache.hadoop.http.lib.StaticUserWebFilter$StaticUserFilter) to context static
2019-07-14 04:35:39,030 INFO  http.HttpServer2 (HttpServer2.java:bindListener(1191)) - Jetty bound to port 41533
2019-07-14 04:35:39,030 INFO  server.Server (Server.java:doStart(351)) - jetty-9.3.24.v20180605, build timestamp: 2018-06-05T17:11:56Z, git hash: 84205aa28f11a4f31f2a3b86d1bba2cc8ab69827
2019-07-14 04:35:39,030 INFO  impl.RaftServerImpl (ServerState.java:setRaftConf(361)) - 9c4ed4db-4d02-46d6-b0ab-296618f62583:group-4F4B5D343DBF set configuration 0: [9c4ed4db-4d02-46d6-b0ab-296618f62583:192.168.5.157:34055, 8bdedefe-810b-4dd5-8dca-659f9b072202:192.168.5.157:32899, 49cd6ec5-59f0-4c7c-968f-a0b3b7f8f56d:192.168.5.157:42622], old=null at 0
2019-07-14 04:35:39,030 INFO  impl.RaftServerImpl (ServerState.java:setRaftConf(361)) - 49cd6ec5-59f0-4c7c-968f-a0b3b7f8f56d:group-4F4B5D343DBF set configuration 0: [9c4ed4db-4d02-46d6-b0ab-296618f62583:192.168.5.157:34055, 8bdedefe-810b-4dd5-8dca-659f9b072202:192.168.5.157:32899, 49cd6ec5-59f0-4c7c-968f-a0b3b7f8f56d:192.168.5.157:42622], old=null at 0
2019-07-14 04:35:39,030 INFO  impl.RaftServerImpl (ServerState.java:setRaftConf(361)) - 28643ef2-7003-48bb-a8f6-fe4dd83568f6:group-9725ECF0DA90 set configuration 0: [95662b28-5ab4-47dc-8868-1ce1bf3116bf:192.168.5.157:42507, 28643ef2-7003-48bb-a8f6-fe4dd83568f6:192.168.5.157:39888, bf8d9be4-e736-40fa-a7ac-fb394448e171:192.168.5.157:40312], old=null at 0
2019-07-14 04:35:39,030 INFO  impl.RaftServerImpl (ServerState.java:setRaftConf(361)) - 95662b28-5ab4-47dc-8868-1ce1bf3116bf:group-9725ECF0DA90 set configuration 0: [95662b28-5ab4-47dc-8868-1ce1bf3116bf:192.168.5.157:42507, 28643ef2-7003-48bb-a8f6-fe4dd83568f6:192.168.5.157:39888, bf8d9be4-e736-40fa-a7ac-fb394448e171:192.168.5.157:40312], old=null at 0
2019-07-14 04:35:39,031 INFO  segmented.SegmentedRaftLogWorker (SegmentedRaftLogWorker.java:startLogSegment(380)) - 28643ef2-7003-48bb-a8f6-fe4dd83568f6-SegmentedRaftLogWorker:Storage Directory /tmp/workdir/hadoop-ozone/integration-test/target/test-dir/MiniOzoneClusterImpl-e405d3e1-866f-49a9-9535-2d6e1521d247/datanode-3/data/ratis/1232a0b7-020a-434a-8c12-9725ecf0da90: Starting segment from index:0
2019-07-14 04:35:39,031 INFO  segmented.SegmentedRaftLogWorker (SegmentedRaftLogWorker.java:startLogSegment(380)) - 49cd6ec5-59f0-4c7c-968f-a0b3b7f8f56d-SegmentedRaftLogWorker:Storage Directory /tmp/workdir/hadoop-ozone/integration-test/target/test-dir/MiniOzoneClusterImpl-e405d3e1-866f-49a9-9535-2d6e1521d247/datanode-5/data/ratis/1a51b936-6ddd-4cbc-ad0a-4f4b5d343dbf: Starting segment from index:0
2019-07-14 04:35:39,030 INFO  segmented.SegmentedRaftLogWorker (SegmentedRaftLogWorker.java:startLogSegment(380)) - 9c4ed4db-4d02-46d6-b0ab-296618f62583-SegmentedRaftLogWorker:Storage Directory /tmp/workdir/hadoop-ozone/integration-test/target/test-dir/MiniOzoneClusterImpl-e405d3e1-866f-49a9-9535-2d6e1521d247/datanode-4/data/ratis/1a51b936-6ddd-4cbc-ad0a-4f4b5d343dbf: Starting segment from index:0
2019-07-14 04:35:39,031 INFO  segmented.SegmentedRaftLogWorker (SegmentedRaftLogWorker.java:startLogSegment(380)) - 95662b28-5ab4-47dc-8868-1ce1bf3116bf-SegmentedRaftLogWorker:Storage Directory /tmp/workdir/hadoop-ozone/integration-test/target/test-dir/MiniOzoneClusterImpl-e405d3e1-866f-49a9-9535-2d6e1521d247/datanode-1/data/ratis/1232a0b7-020a-434a-8c12-9725ecf0da90: Starting segment from index:0
2019-07-14 04:35:39,032 INFO  handler.ContextHandler (ContextHandler.java:doStart(781)) - Started o.e.j.s.ServletContextHandler@5ed31735{/logs,file:///tmp/workdir/hadoop-ozone/integration-test/target/log,AVAILABLE}
2019-07-14 04:35:39,033 INFO  handler.ContextHandler (ContextHandler.java:doStart(781)) - Started o.e.j.s.ServletContextHandler@5a4c98d7{/static,file:///tmp/workdir/hadoop-ozone/integration-test/target/test-classes/webapps/static,AVAILABLE}
2019-07-14 04:35:39,040 INFO  handler.ContextHandler (ContextHandler.java:doStart(781)) - Started o.e.j.w.WebAppContext@819fb19{/,file:///tmp/workdir/hadoop-ozone/integration-test/target/test-classes/webapps/ozoneManager/,AVAILABLE}{/ozoneManager}
2019-07-14 04:35:39,041 INFO  server.AbstractConnector (AbstractConnector.java:doStart(278)) - Started ServerConnector@782ac148{HTTP/1.1,[http/1.1]}{0.0.0.0:41533}
2019-07-14 04:35:39,056 INFO  server.Server (Server.java:doStart(419)) - Started @22348ms
2019-07-14 04:35:39,058 INFO  server.BaseHttpServer (BaseHttpServer.java:updateConnectorAddress(207)) - HTTP server of OZONEMANAGER is listening at http://0.0.0.0:41533
2019-07-14 04:35:39,070 INFO  segmented.SegmentedRaftLogWorker (SegmentedRaftLogWorker.java:execute(569)) - 28643ef2-7003-48bb-a8f6-fe4dd83568f6-SegmentedRaftLogWorker:Storage Directory /tmp/workdir/hadoop-ozone/integration-test/target/test-dir/MiniOzoneClusterImpl-e405d3e1-866f-49a9-9535-2d6e1521d247/datanode-3/data/ratis/1232a0b7-020a-434a-8c12-9725ecf0da90: created new log segment /tmp/workdir/hadoop-ozone/integration-test/target/test-dir/MiniOzoneClusterImpl-e405d3e1-866f-49a9-9535-2d6e1521d247/datanode-3/data/ratis/1232a0b7-020a-434a-8c12-9725ecf0da90/current/log_inprogress_0
2019-07-14 04:35:39,070 INFO  segmented.SegmentedRaftLogWorker (SegmentedRaftLogWorker.java:execute(569)) - 95662b28-5ab4-47dc-8868-1ce1bf3116bf-SegmentedRaftLogWorker:Storage Directory /tmp/workdir/hadoop-ozone/integration-test/target/test-dir/MiniOzoneClusterImpl-e405d3e1-866f-49a9-9535-2d6e1521d247/datanode-1/data/ratis/1232a0b7-020a-434a-8c12-9725ecf0da90: created new log segment /tmp/workdir/hadoop-ozone/integration-test/target/test-dir/MiniOzoneClusterImpl-e405d3e1-866f-49a9-9535-2d6e1521d247/datanode-1/data/ratis/1232a0b7-020a-434a-8c12-9725ecf0da90/current/log_inprogress_0
2019-07-14 04:35:39,070 INFO  segmented.SegmentedRaftLogWorker (SegmentedRaftLogWorker.java:execute(569)) - 49cd6ec5-59f0-4c7c-968f-a0b3b7f8f56d-SegmentedRaftLogWorker:Storage Directory /tmp/workdir/hadoop-ozone/integration-test/target/test-dir/MiniOzoneClusterImpl-e405d3e1-866f-49a9-9535-2d6e1521d247/datanode-5/data/ratis/1a51b936-6ddd-4cbc-ad0a-4f4b5d343dbf: created new log segment /tmp/workdir/hadoop-ozone/integration-test/target/test-dir/MiniOzoneClusterImpl-e405d3e1-866f-49a9-9535-2d6e1521d247/datanode-5/data/ratis/1a51b936-6ddd-4cbc-ad0a-4f4b5d343dbf/current/log_inprogress_0
2019-07-14 04:35:39,070 INFO  segmented.SegmentedRaftLogWorker (SegmentedRaftLogWorker.java:execute(569)) - 9c4ed4db-4d02-46d6-b0ab-296618f62583-SegmentedRaftLogWorker:Storage Directory /tmp/workdir/hadoop-ozone/integration-test/target/test-dir/MiniOzoneClusterImpl-e405d3e1-866f-49a9-9535-2d6e1521d247/datanode-4/data/ratis/1a51b936-6ddd-4cbc-ad0a-4f4b5d343dbf: created new log segment /tmp/workdir/hadoop-ozone/integration-test/target/test-dir/MiniOzoneClusterImpl-e405d3e1-866f-49a9-9535-2d6e1521d247/datanode-4/data/ratis/1a51b936-6ddd-4cbc-ad0a-4f4b5d343dbf/current/log_inprogress_0
2019-07-14 04:35:39,085 INFO  impl.MetricsSystemImpl (MetricsSystemImpl.java:init(158)) - HddsDatanode metrics system started (again)
2019-07-14 04:35:39,087 INFO  ozone.HddsDatanodeService (HddsDatanodeService.java:start(185)) - HddsDatanodeService host:trunk-nightly-6h29n-2077950039 ip:192.168.5.157
2019-07-14 04:35:39,102 INFO  volume.HddsVolume (HddsVolume.java:<init>(176)) - Creating Volume: /tmp/workdir/hadoop-ozone/integration-test/target/test-dir/MiniOzoneClusterImpl-731b0d99-aab8-47a8-8b8d-de44cbd2448d/datanode-0/data/containers/hdds of  storage type : DISK and capacity : 52710309888
2019-07-14 04:35:39,102 INFO  volume.VolumeSet (VolumeSet.java:initializeVolumeSet(170)) - Added Volume : /tmp/workdir/hadoop-ozone/integration-test/target/test-dir/MiniOzoneClusterImpl-731b0d99-aab8-47a8-8b8d-de44cbd2448d/datanode-0/data/containers/hdds to VolumeSet
2019-07-14 04:35:39,103 INFO  volume.ThrottledAsyncChecker (ThrottledAsyncChecker.java:schedule(140)) - Scheduling a check for org.apache.hadoop.ozone.container.common.volume.HddsVolume@5d3f99d7
2019-07-14 04:35:39,103 INFO  volume.HddsVolumeChecker (HddsVolumeChecker.java:checkAllVolumes(203)) - Scheduled health check for volume org.apache.hadoop.ozone.container.common.volume.HddsVolume@5d3f99d7
2019-07-14 04:35:39,126 INFO  impl.RaftServerProxy (ConfUtils.java:logGet(43)) - raft.rpc.type = GRPC (default)
2019-07-14 04:35:39,126 INFO  grpc.GrpcFactory (GrpcFactory.java:checkPooledByteBufAllocatorUseCacheForAllThreads(45)) - PERFORMANCE WARNING: useCacheForAllThreads is true that may cause Netty to create a lot garbage objects and, as a result, trigger GC.
	It is recommended to disable useCacheForAllThreads by setting -Dorg.apache.ratis.thirdparty.io.netty.allocator.useCacheForAllThreads=false in command line.
2019-07-14 04:35:39,126 INFO  grpc.GrpcConfigKeys$Server (ConfUtils.java:logGet(43)) - raft.grpc.server.port = 0 (default)
2019-07-14 04:35:39,127 INFO  server.GrpcService (ConfUtils.java:logGet(43)) - raft.grpc.message.size.max = 33570816 (custom)
2019-07-14 04:35:39,127 INFO  server.RaftServerConfigKeys (ConfUtils.java:logGet(43)) - raft.server.log.appender.buffer.byte-limit = 33554432 (custom)
2019-07-14 04:35:39,127 INFO  server.GrpcService (ConfUtils.java:logGet(43)) - raft.grpc.flow.control.window = 1MB (=1048576) (default)
2019-07-14 04:35:39,128 INFO  server.RaftServerConfigKeys (ConfUtils.java:logGet(43)) - raft.server.rpc.request.timeout = 3000ms (default)
2019-07-14 04:35:39,128 INFO  server.RaftServerConfigKeys (ConfUtils.java:logGet(43)) - raft.server.storage.dir = [/tmp/workdir/hadoop-ozone/integration-test/target/test-dir/MiniOzoneClusterImpl-731b0d99-aab8-47a8-8b8d-de44cbd2448d/datanode-0/data/ratis] (custom)
2019-07-14 04:35:39,129 INFO  replication.SimpleContainerDownloader (SimpleContainerDownloader.java:<init>(72)) - Starting container downloader service to copy containers to replicate.
2019-07-14 04:35:39,131 INFO  hdfs.DFSUtil (DFSUtil.java:httpServerTemplateForNNAndJN(1641)) - Starting Web-server for hddsDatanode at: http://0.0.0.0:0
2019-07-14 04:35:39,132 INFO  server.AuthenticationFilter (AuthenticationFilter.java:constructSecretProvider(240)) - Unable to initialize FileSignerSecretProvider, falling back to use random secrets.
2019-07-14 04:35:39,133 WARN  http.HttpRequestLog (HttpRequestLog.java:getRequestLog(97)) - Jetty request log can only be enabled using Log4j
2019-07-14 04:35:39,135 INFO  http.HttpServer2 (HttpServer2.java:addGlobalFilter(975)) - Added global filter 'safety' (class=org.apache.hadoop.http.HttpServer2$QuotingInputFilter)
2019-07-14 04:35:39,135 INFO  http.HttpServer2 (HttpServer2.java:addFilter(948)) - Added filter static_user_filter (class=org.apache.hadoop.http.lib.StaticUserWebFilter$StaticUserFilter) to context hddsDatanode
2019-07-14 04:35:39,136 INFO  http.HttpServer2 (HttpServer2.java:addFilter(958)) - Added filter static_user_filter (class=org.apache.hadoop.http.lib.StaticUserWebFilter$StaticUserFilter) to context logs
2019-07-14 04:35:39,136 INFO  http.HttpServer2 (HttpServer2.java:addFilter(958)) - Added filter static_user_filter (class=org.apache.hadoop.http.lib.StaticUserWebFilter$StaticUserFilter) to context static
2019-07-14 04:35:39,137 INFO  http.HttpServer2 (HttpServer2.java:bindListener(1191)) - Jetty bound to port 33372
2019-07-14 04:35:39,137 INFO  server.Server (Server.java:doStart(351)) - jetty-9.3.24.v20180605, build timestamp: 2018-06-05T17:11:56Z, git hash: 84205aa28f11a4f31f2a3b86d1bba2cc8ab69827
2019-07-14 04:35:39,139 INFO  handler.ContextHandler (ContextHandler.java:doStart(781)) - Started o.e.j.s.ServletContextHandler@1b4a3a1{/logs,file:///tmp/workdir/hadoop-ozone/integration-test/target/log,AVAILABLE}
2019-07-14 04:35:39,140 INFO  handler.ContextHandler (ContextHandler.java:doStart(781)) - Started o.e.j.s.ServletContextHandler@786a3477{/static,jar:file:/home/user/.m2/repository/org/apache/hadoop/hadoop-hdds-container-service/0.5.0-SNAPSHOT/hadoop-hdds-container-service-0.5.0-SNAPSHOT.jar!/webapps/static,AVAILABLE}
2019-07-14 04:35:39,174 INFO  handler.ContextHandler (ContextHandler.java:doStart(781)) - Started o.e.j.w.WebAppContext@32dcfeea{/,file:///tmp/jetty-0.0.0.0-33372-hddsDatanode-_-any-8295374287225186733.dir/webapp/,AVAILABLE}{/hddsDatanode}
2019-07-14 04:35:39,175 INFO  server.AbstractConnector (AbstractConnector.java:doStart(278)) - Started ServerConnector@738a815c{HTTP/1.1,[http/1.1]}{0.0.0.0:33372}
2019-07-14 04:35:39,178 INFO  server.Server (Server.java:doStart(419)) - Started @22469ms
2019-07-14 04:35:39,178 INFO  server.BaseHttpServer (BaseHttpServer.java:updateConnectorAddress(207)) - HTTP server of HDDSDATANODE is listening at http://0.0.0.0:33372
2019-07-14 04:35:39,302 INFO  ozone.HddsDatanodeService (HddsDatanodeService.java:startPlugins(396)) - Started plug-in org.apache.hadoop.ozone.web.OzoneHddsDatanodeService@7dd91ffc
2019-07-14 04:35:39,302 INFO  impl.MetricsSystemImpl (MetricsSystemImpl.java:init(158)) - HddsDatanode metrics system started (again)
2019-07-14 04:35:39,307 INFO  ozone.HddsDatanodeService (HddsDatanodeService.java:start(185)) - HddsDatanodeService host:trunk-nightly-6h29n-2077950039 ip:192.168.5.157
2019-07-14 04:35:39,308 INFO  util.JvmPauseMonitor (JvmPauseMonitor.java:run(188)) - Starting JVM pause monitor
2019-07-14 04:35:39,313 INFO  datanode.InitDatanodeState (InitDatanodeState.java:persistContainerDatanodeDetails(140)) - DatanodeDetails is persisted to /tmp/workdir/hadoop-ozone/integration-test/target/test-dir/MiniOzoneClusterImpl-731b0d99-aab8-47a8-8b8d-de44cbd2448d/datanode-0/meta/datanode.id
2019-07-14 04:35:39,344 INFO  volume.HddsVolume (HddsVolume.java:<init>(176)) - Creating Volume: /tmp/workdir/hadoop-ozone/integration-test/target/test-dir/MiniOzoneClusterImpl-731b0d99-aab8-47a8-8b8d-de44cbd2448d/datanode-1/data/containers/hdds of  storage type : DISK and capacity : 52710309888
2019-07-14 04:35:39,345 INFO  volume.VolumeSet (VolumeSet.java:initializeVolumeSet(170)) - Added Volume : /tmp/workdir/hadoop-ozone/integration-test/target/test-dir/MiniOzoneClusterImpl-731b0d99-aab8-47a8-8b8d-de44cbd2448d/datanode-1/data/containers/hdds to VolumeSet
2019-07-14 04:35:39,345 INFO  volume.ThrottledAsyncChecker (ThrottledAsyncChecker.java:schedule(140)) - Scheduling a check for org.apache.hadoop.ozone.container.common.volume.HddsVolume@266da047
2019-07-14 04:35:39,346 INFO  volume.HddsVolumeChecker (HddsVolumeChecker.java:checkAllVolumes(203)) - Scheduled health check for volume org.apache.hadoop.ozone.container.common.volume.HddsVolume@266da047
2019-07-14 04:35:39,364 INFO  impl.RaftServerProxy (ConfUtils.java:logGet(43)) - raft.rpc.type = GRPC (default)
2019-07-14 04:35:39,364 INFO  grpc.GrpcFactory (GrpcFactory.java:checkPooledByteBufAllocatorUseCacheForAllThreads(45)) - PERFORMANCE WARNING: useCacheForAllThreads is true that may cause Netty to create a lot garbage objects and, as a result, trigger GC.
	It is recommended to disable useCacheForAllThreads by setting -Dorg.apache.ratis.thirdparty.io.netty.allocator.useCacheForAllThreads=false in command line.
2019-07-14 04:35:39,365 INFO  grpc.GrpcConfigKeys$Server (ConfUtils.java:logGet(43)) - raft.grpc.server.port = 0 (default)
2019-07-14 04:35:39,365 INFO  server.GrpcService (ConfUtils.java:logGet(43)) - raft.grpc.message.size.max = 33570816 (custom)
2019-07-14 04:35:39,365 INFO  server.RaftServerConfigKeys (ConfUtils.java:logGet(43)) - raft.server.log.appender.buffer.byte-limit = 33554432 (custom)
2019-07-14 04:35:39,365 INFO  server.GrpcService (ConfUtils.java:logGet(43)) - raft.grpc.flow.control.window = 1MB (=1048576) (default)
2019-07-14 04:35:39,366 INFO  server.RaftServerConfigKeys (ConfUtils.java:logGet(43)) - raft.server.rpc.request.timeout = 3000ms (default)
2019-07-14 04:35:39,366 INFO  server.RaftServerConfigKeys (ConfUtils.java:logGet(43)) - raft.server.storage.dir = [/tmp/workdir/hadoop-ozone/integration-test/target/test-dir/MiniOzoneClusterImpl-731b0d99-aab8-47a8-8b8d-de44cbd2448d/datanode-1/data/ratis] (custom)
2019-07-14 04:35:39,367 INFO  replication.SimpleContainerDownloader (SimpleContainerDownloader.java:<init>(72)) - Starting container downloader service to copy containers to replicate.
2019-07-14 04:35:39,368 INFO  hdfs.DFSUtil (DFSUtil.java:httpServerTemplateForNNAndJN(1641)) - Starting Web-server for hddsDatanode at: http://0.0.0.0:0
2019-07-14 04:35:39,369 INFO  server.AuthenticationFilter (AuthenticationFilter.java:constructSecretProvider(240)) - Unable to initialize FileSignerSecretProvider, falling back to use random secrets.
2019-07-14 04:35:39,370 WARN  http.HttpRequestLog (HttpRequestLog.java:getRequestLog(97)) - Jetty request log can only be enabled using Log4j
2019-07-14 04:35:39,371 INFO  http.HttpServer2 (HttpServer2.java:addGlobalFilter(975)) - Added global filter 'safety' (class=org.apache.hadoop.http.HttpServer2$QuotingInputFilter)
2019-07-14 04:35:39,372 INFO  http.HttpServer2 (HttpServer2.java:addFilter(948)) - Added filter static_user_filter (class=org.apache.hadoop.http.lib.StaticUserWebFilter$StaticUserFilter) to context hddsDatanode
2019-07-14 04:35:39,372 INFO  http.HttpServer2 (HttpServer2.java:addFilter(958)) - Added filter static_user_filter (class=org.apache.hadoop.http.lib.StaticUserWebFilter$StaticUserFilter) to context logs
2019-07-14 04:35:39,372 INFO  http.HttpServer2 (HttpServer2.java:addFilter(958)) - Added filter static_user_filter (class=org.apache.hadoop.http.lib.StaticUserWebFilter$StaticUserFilter) to context static
2019-07-14 04:35:39,373 INFO  http.HttpServer2 (HttpServer2.java:bindListener(1191)) - Jetty bound to port 39528
2019-07-14 04:35:39,373 INFO  server.Server (Server.java:doStart(351)) - jetty-9.3.24.v20180605, build timestamp: 2018-06-05T17:11:56Z, git hash: 84205aa28f11a4f31f2a3b86d1bba2cc8ab69827
2019-07-14 04:35:39,375 INFO  handler.ContextHandler (ContextHandler.java:doStart(781)) - Started o.e.j.s.ServletContextHandler@7b451bf4{/logs,file:///tmp/workdir/hadoop-ozone/integration-test/target/log,AVAILABLE}
2019-07-14 04:35:39,376 INFO  handler.ContextHandler (ContextHandler.java:doStart(781)) - Started o.e.j.s.ServletContextHandler@5b665a30{/static,jar:file:/home/user/.m2/repository/org/apache/hadoop/hadoop-hdds-container-service/0.5.0-SNAPSHOT/hadoop-hdds-container-service-0.5.0-SNAPSHOT.jar!/webapps/static,AVAILABLE}
2019-07-14 04:35:39,406 INFO  handler.ContextHandler (ContextHandler.java:doStart(781)) - Started o.e.j.w.WebAppContext@7d61468c{/,file:///tmp/jetty-0.0.0.0-39528-hddsDatanode-_-any-5945098957195470058.dir/webapp/,AVAILABLE}{/hddsDatanode}
2019-07-14 04:35:39,407 INFO  server.AbstractConnector (AbstractConnector.java:doStart(278)) - Started ServerConnector@45796b2a{HTTP/1.1,[http/1.1]}{0.0.0.0:39528}
2019-07-14 04:35:39,410 INFO  server.Server (Server.java:doStart(419)) - Started @22701ms
2019-07-14 04:35:39,410 INFO  server.BaseHttpServer (BaseHttpServer.java:updateConnectorAddress(207)) - HTTP server of HDDSDATANODE is listening at http://0.0.0.0:39528
2019-07-14 04:35:39,529 INFO  ozone.HddsDatanodeService (HddsDatanodeService.java:startPlugins(396)) - Started plug-in org.apache.hadoop.ozone.web.OzoneHddsDatanodeService@1716c037
2019-07-14 04:35:39,530 INFO  impl.MetricsSystemImpl (MetricsSystemImpl.java:init(158)) - HddsDatanode metrics system started (again)
2019-07-14 04:35:39,535 INFO  ozone.HddsDatanodeService (HddsDatanodeService.java:start(185)) - HddsDatanodeService host:trunk-nightly-6h29n-2077950039 ip:192.168.5.157
2019-07-14 04:35:39,536 INFO  util.JvmPauseMonitor (JvmPauseMonitor.java:run(188)) - Starting JVM pause monitor
2019-07-14 04:35:39,539 INFO  datanode.InitDatanodeState (InitDatanodeState.java:persistContainerDatanodeDetails(140)) - DatanodeDetails is persisted to /tmp/workdir/hadoop-ozone/integration-test/target/test-dir/MiniOzoneClusterImpl-731b0d99-aab8-47a8-8b8d-de44cbd2448d/datanode-1/meta/datanode.id
2019-07-14 04:35:39,557 INFO  volume.HddsVolume (HddsVolume.java:<init>(176)) - Creating Volume: /tmp/workdir/hadoop-ozone/integration-test/target/test-dir/MiniOzoneClusterImpl-731b0d99-aab8-47a8-8b8d-de44cbd2448d/datanode-2/data/containers/hdds of  storage type : DISK and capacity : 52710309888
2019-07-14 04:35:39,557 INFO  volume.VolumeSet (VolumeSet.java:initializeVolumeSet(170)) - Added Volume : /tmp/workdir/hadoop-ozone/integration-test/target/test-dir/MiniOzoneClusterImpl-731b0d99-aab8-47a8-8b8d-de44cbd2448d/datanode-2/data/containers/hdds to VolumeSet
2019-07-14 04:35:39,557 INFO  volume.ThrottledAsyncChecker (ThrottledAsyncChecker.java:schedule(140)) - Scheduling a check for org.apache.hadoop.ozone.container.common.volume.HddsVolume@10b87ff6
2019-07-14 04:35:39,558 INFO  volume.HddsVolumeChecker (HddsVolumeChecker.java:checkAllVolumes(203)) - Scheduled health check for volume org.apache.hadoop.ozone.container.common.volume.HddsVolume@10b87ff6
2019-07-14 04:35:39,578 INFO  impl.RaftServerProxy (ConfUtils.java:logGet(43)) - raft.rpc.type = GRPC (default)
2019-07-14 04:35:39,578 INFO  grpc.GrpcFactory (GrpcFactory.java:checkPooledByteBufAllocatorUseCacheForAllThreads(45)) - PERFORMANCE WARNING: useCacheForAllThreads is true that may cause Netty to create a lot garbage objects and, as a result, trigger GC.
	It is recommended to disable useCacheForAllThreads by setting -Dorg.apache.ratis.thirdparty.io.netty.allocator.useCacheForAllThreads=false in command line.
2019-07-14 04:35:39,578 INFO  grpc.GrpcConfigKeys$Server (ConfUtils.java:logGet(43)) - raft.grpc.server.port = 0 (default)
2019-07-14 04:35:39,579 INFO  server.GrpcService (ConfUtils.java:logGet(43)) - raft.grpc.message.size.max = 33570816 (custom)
2019-07-14 04:35:39,579 INFO  server.RaftServerConfigKeys (ConfUtils.java:logGet(43)) - raft.server.log.appender.buffer.byte-limit = 33554432 (custom)
2019-07-14 04:35:39,579 INFO  server.GrpcService (ConfUtils.java:logGet(43)) - raft.grpc.flow.control.window = 1MB (=1048576) (default)
2019-07-14 04:35:39,579 INFO  server.RaftServerConfigKeys (ConfUtils.java:logGet(43)) - raft.server.rpc.request.timeout = 3000ms (default)
2019-07-14 04:35:39,580 INFO  server.RaftServerConfigKeys (ConfUtils.java:logGet(43)) - raft.server.storage.dir = [/tmp/workdir/hadoop-ozone/integration-test/target/test-dir/MiniOzoneClusterImpl-731b0d99-aab8-47a8-8b8d-de44cbd2448d/datanode-2/data/ratis] (custom)
2019-07-14 04:35:39,581 INFO  replication.SimpleContainerDownloader (SimpleContainerDownloader.java:<init>(72)) - Starting container downloader service to copy containers to replicate.
2019-07-14 04:35:39,582 INFO  hdfs.DFSUtil (DFSUtil.java:httpServerTemplateForNNAndJN(1641)) - Starting Web-server for hddsDatanode at: http://0.0.0.0:0
2019-07-14 04:35:39,584 INFO  server.AuthenticationFilter (AuthenticationFilter.java:constructSecretProvider(240)) - Unable to initialize FileSignerSecretProvider, falling back to use random secrets.
2019-07-14 04:35:39,585 WARN  http.HttpRequestLog (HttpRequestLog.java:getRequestLog(97)) - Jetty request log can only be enabled using Log4j
2019-07-14 04:35:39,587 INFO  http.HttpServer2 (HttpServer2.java:addGlobalFilter(975)) - Added global filter 'safety' (class=org.apache.hadoop.http.HttpServer2$QuotingInputFilter)
2019-07-14 04:35:39,587 INFO  http.HttpServer2 (HttpServer2.java:addFilter(948)) - Added filter static_user_filter (class=org.apache.hadoop.http.lib.StaticUserWebFilter$StaticUserFilter) to context hddsDatanode
2019-07-14 04:35:39,588 INFO  http.HttpServer2 (HttpServer2.java:addFilter(958)) - Added filter static_user_filter (class=org.apache.hadoop.http.lib.StaticUserWebFilter$StaticUserFilter) to context logs
2019-07-14 04:35:39,588 INFO  http.HttpServer2 (HttpServer2.java:addFilter(958)) - Added filter static_user_filter (class=org.apache.hadoop.http.lib.StaticUserWebFilter$StaticUserFilter) to context static
2019-07-14 04:35:39,589 INFO  http.HttpServer2 (HttpServer2.java:bindListener(1191)) - Jetty bound to port 44126
2019-07-14 04:35:39,589 INFO  server.Server (Server.java:doStart(351)) - jetty-9.3.24.v20180605, build timestamp: 2018-06-05T17:11:56Z, git hash: 84205aa28f11a4f31f2a3b86d1bba2cc8ab69827
2019-07-14 04:35:39,592 INFO  handler.ContextHandler (ContextHandler.java:doStart(781)) - Started o.e.j.s.ServletContextHandler@20c3b34b{/logs,file:///tmp/workdir/hadoop-ozone/integration-test/target/log,AVAILABLE}
2019-07-14 04:35:39,593 INFO  handler.ContextHandler (ContextHandler.java:doStart(781)) - Started o.e.j.s.ServletContextHandler@58e02359{/static,jar:file:/home/user/.m2/repository/org/apache/hadoop/hadoop-hdds-container-service/0.5.0-SNAPSHOT/hadoop-hdds-container-service-0.5.0-SNAPSHOT.jar!/webapps/static,AVAILABLE}
2019-07-14 04:35:39,634 INFO  handler.ContextHandler (ContextHandler.java:doStart(781)) - Started o.e.j.w.WebAppContext@6caeba36{/,file:///tmp/jetty-0.0.0.0-44126-hddsDatanode-_-any-7208358497169251549.dir/webapp/,AVAILABLE}{/hddsDatanode}
2019-07-14 04:35:39,634 INFO  server.AbstractConnector (AbstractConnector.java:doStart(278)) - Started ServerConnector@8ac512e{HTTP/1.1,[http/1.1]}{0.0.0.0:44126}
2019-07-14 04:35:39,637 INFO  server.Server (Server.java:doStart(419)) - Started @22929ms
2019-07-14 04:35:39,638 INFO  server.BaseHttpServer (BaseHttpServer.java:updateConnectorAddress(207)) - HTTP server of HDDSDATANODE is listening at http://0.0.0.0:44126
2019-07-14 04:35:39,762 INFO  ozone.HddsDatanodeService (HddsDatanodeService.java:startPlugins(396)) - Started plug-in org.apache.hadoop.ozone.web.OzoneHddsDatanodeService@365e65bb
2019-07-14 04:35:39,762 INFO  impl.MetricsSystemImpl (MetricsSystemImpl.java:init(158)) - HddsDatanode metrics system started (again)
2019-07-14 04:35:39,767 INFO  ozone.HddsDatanodeService (HddsDatanodeService.java:start(185)) - HddsDatanodeService host:trunk-nightly-6h29n-2077950039 ip:192.168.5.157
2019-07-14 04:35:39,769 INFO  util.JvmPauseMonitor (JvmPauseMonitor.java:run(188)) - Starting JVM pause monitor
2019-07-14 04:35:39,771 INFO  datanode.InitDatanodeState (InitDatanodeState.java:persistContainerDatanodeDetails(140)) - DatanodeDetails is persisted to /tmp/workdir/hadoop-ozone/integration-test/target/test-dir/MiniOzoneClusterImpl-731b0d99-aab8-47a8-8b8d-de44cbd2448d/datanode-2/meta/datanode.id
2019-07-14 04:35:39,781 INFO  volume.HddsVolume (HddsVolume.java:<init>(176)) - Creating Volume: /tmp/workdir/hadoop-ozone/integration-test/target/test-dir/MiniOzoneClusterImpl-731b0d99-aab8-47a8-8b8d-de44cbd2448d/datanode-3/data/containers/hdds of  storage type : DISK and capacity : 52710309888
2019-07-14 04:35:39,782 INFO  volume.VolumeSet (VolumeSet.java:initializeVolumeSet(170)) - Added Volume : /tmp/workdir/hadoop-ozone/integration-test/target/test-dir/MiniOzoneClusterImpl-731b0d99-aab8-47a8-8b8d-de44cbd2448d/datanode-3/data/containers/hdds to VolumeSet
2019-07-14 04:35:39,782 INFO  volume.ThrottledAsyncChecker (ThrottledAsyncChecker.java:schedule(140)) - Scheduling a check for org.apache.hadoop.ozone.container.common.volume.HddsVolume@63326a3a
2019-07-14 04:35:39,782 INFO  volume.HddsVolumeChecker (HddsVolumeChecker.java:checkAllVolumes(203)) - Scheduled health check for volume org.apache.hadoop.ozone.container.common.volume.HddsVolume@63326a3a
2019-07-14 04:35:39,802 INFO  impl.RaftServerProxy (ConfUtils.java:logGet(43)) - raft.rpc.type = GRPC (default)
2019-07-14 04:35:39,802 INFO  grpc.GrpcFactory (GrpcFactory.java:checkPooledByteBufAllocatorUseCacheForAllThreads(45)) - PERFORMANCE WARNING: useCacheForAllThreads is true that may cause Netty to create a lot garbage objects and, as a result, trigger GC.
	It is recommended to disable useCacheForAllThreads by setting -Dorg.apache.ratis.thirdparty.io.netty.allocator.useCacheForAllThreads=false in command line.
2019-07-14 04:35:39,802 INFO  grpc.GrpcConfigKeys$Server (ConfUtils.java:logGet(43)) - raft.grpc.server.port = 0 (default)
2019-07-14 04:35:39,802 INFO  server.GrpcService (ConfUtils.java:logGet(43)) - raft.grpc.message.size.max = 33570816 (custom)
2019-07-14 04:35:39,802 INFO  server.RaftServerConfigKeys (ConfUtils.java:logGet(43)) - raft.server.log.appender.buffer.byte-limit = 33554432 (custom)
2019-07-14 04:35:39,803 INFO  server.GrpcService (ConfUtils.java:logGet(43)) - raft.grpc.flow.control.window = 1MB (=1048576) (default)
2019-07-14 04:35:39,803 INFO  server.RaftServerConfigKeys (ConfUtils.java:logGet(43)) - raft.server.rpc.request.timeout = 3000ms (default)
2019-07-14 04:35:39,803 INFO  server.RaftServerConfigKeys (ConfUtils.java:logGet(43)) - raft.server.storage.dir = [/tmp/workdir/hadoop-ozone/integration-test/target/test-dir/MiniOzoneClusterImpl-731b0d99-aab8-47a8-8b8d-de44cbd2448d/datanode-3/data/ratis] (custom)
2019-07-14 04:35:39,804 INFO  replication.SimpleContainerDownloader (SimpleContainerDownloader.java:<init>(72)) - Starting container downloader service to copy containers to replicate.
2019-07-14 04:35:39,805 INFO  hdfs.DFSUtil (DFSUtil.java:httpServerTemplateForNNAndJN(1641)) - Starting Web-server for hddsDatanode at: http://0.0.0.0:0
2019-07-14 04:35:39,806 INFO  server.AuthenticationFilter (AuthenticationFilter.java:constructSecretProvider(240)) - Unable to initialize FileSignerSecretProvider, falling back to use random secrets.
2019-07-14 04:35:39,806 WARN  http.HttpRequestLog (HttpRequestLog.java:getRequestLog(97)) - Jetty request log can only be enabled using Log4j
2019-07-14 04:35:39,807 INFO  http.HttpServer2 (HttpServer2.java:addGlobalFilter(975)) - Added global filter 'safety' (class=org.apache.hadoop.http.HttpServer2$QuotingInputFilter)
2019-07-14 04:35:39,808 INFO  http.HttpServer2 (HttpServer2.java:addFilter(948)) - Added filter static_user_filter (class=org.apache.hadoop.http.lib.StaticUserWebFilter$StaticUserFilter) to context hddsDatanode
2019-07-14 04:35:39,808 INFO  http.HttpServer2 (HttpServer2.java:addFilter(958)) - Added filter static_user_filter (class=org.apache.hadoop.http.lib.StaticUserWebFilter$StaticUserFilter) to context static
2019-07-14 04:35:39,808 INFO  http.HttpServer2 (HttpServer2.java:addFilter(958)) - Added filter static_user_filter (class=org.apache.hadoop.http.lib.StaticUserWebFilter$StaticUserFilter) to context logs
2019-07-14 04:35:39,809 INFO  http.HttpServer2 (HttpServer2.java:bindListener(1191)) - Jetty bound to port 35883
2019-07-14 04:35:39,809 INFO  server.Server (Server.java:doStart(351)) - jetty-9.3.24.v20180605, build timestamp: 2018-06-05T17:11:56Z, git hash: 84205aa28f11a4f31f2a3b86d1bba2cc8ab69827
2019-07-14 04:35:39,811 INFO  handler.ContextHandler (ContextHandler.java:doStart(781)) - Started o.e.j.s.ServletContextHandler@69b37f5c{/logs,file:///tmp/workdir/hadoop-ozone/integration-test/target/log,AVAILABLE}
2019-07-14 04:35:39,812 INFO  handler.ContextHandler (ContextHandler.java:doStart(781)) - Started o.e.j.s.ServletContextHandler@34b2d51a{/static,jar:file:/home/user/.m2/repository/org/apache/hadoop/hadoop-hdds-container-service/0.5.0-SNAPSHOT/hadoop-hdds-container-service-0.5.0-SNAPSHOT.jar!/webapps/static,AVAILABLE}
2019-07-14 04:35:39,839 INFO  handler.ContextHandler (ContextHandler.java:doStart(781)) - Started o.e.j.w.WebAppContext@59371066{/,file:///tmp/jetty-0.0.0.0-35883-hddsDatanode-_-any-1179289585088118490.dir/webapp/,AVAILABLE}{/hddsDatanode}
2019-07-14 04:35:39,839 INFO  server.AbstractConnector (AbstractConnector.java:doStart(278)) - Started ServerConnector@48106381{HTTP/1.1,[http/1.1]}{0.0.0.0:35883}
2019-07-14 04:35:39,842 INFO  server.Server (Server.java:doStart(419)) - Started @23134ms
2019-07-14 04:35:39,843 INFO  server.BaseHttpServer (BaseHttpServer.java:updateConnectorAddress(207)) - HTTP server of HDDSDATANODE is listening at http://0.0.0.0:35883
2019-07-14 04:35:39,953 INFO  ozone.HddsDatanodeService (HddsDatanodeService.java:startPlugins(396)) - Started plug-in org.apache.hadoop.ozone.web.OzoneHddsDatanodeService@4b7ab7ab
2019-07-14 04:35:39,953 INFO  impl.MetricsSystemImpl (MetricsSystemImpl.java:init(158)) - HddsDatanode metrics system started (again)
2019-07-14 04:35:39,966 INFO  ozone.HddsDatanodeService (HddsDatanodeService.java:start(185)) - HddsDatanodeService host:trunk-nightly-6h29n-2077950039 ip:192.168.5.157
2019-07-14 04:35:39,967 INFO  util.JvmPauseMonitor (JvmPauseMonitor.java:run(188)) - Starting JVM pause monitor
2019-07-14 04:35:39,970 INFO  datanode.InitDatanodeState (InitDatanodeState.java:persistContainerDatanodeDetails(140)) - DatanodeDetails is persisted to /tmp/workdir/hadoop-ozone/integration-test/target/test-dir/MiniOzoneClusterImpl-731b0d99-aab8-47a8-8b8d-de44cbd2448d/datanode-3/meta/datanode.id
2019-07-14 04:35:39,980 INFO  volume.HddsVolume (HddsVolume.java:<init>(176)) - Creating Volume: /tmp/workdir/hadoop-ozone/integration-test/target/test-dir/MiniOzoneClusterImpl-731b0d99-aab8-47a8-8b8d-de44cbd2448d/datanode-4/data/containers/hdds of  storage type : DISK and capacity : 52710309888
2019-07-14 04:35:39,981 INFO  volume.VolumeSet (VolumeSet.java:initializeVolumeSet(170)) - Added Volume : /tmp/workdir/hadoop-ozone/integration-test/target/test-dir/MiniOzoneClusterImpl-731b0d99-aab8-47a8-8b8d-de44cbd2448d/datanode-4/data/containers/hdds to VolumeSet
2019-07-14 04:35:39,981 INFO  volume.ThrottledAsyncChecker (ThrottledAsyncChecker.java:schedule(140)) - Scheduling a check for org.apache.hadoop.ozone.container.common.volume.HddsVolume@51743cc0
2019-07-14 04:35:39,981 INFO  volume.HddsVolumeChecker (HddsVolumeChecker.java:checkAllVolumes(203)) - Scheduled health check for volume org.apache.hadoop.ozone.container.common.volume.HddsVolume@51743cc0
2019-07-14 04:35:39,998 INFO  impl.RaftServerProxy (ConfUtils.java:logGet(43)) - raft.rpc.type = GRPC (default)
2019-07-14 04:35:39,998 INFO  grpc.GrpcFactory (GrpcFactory.java:checkPooledByteBufAllocatorUseCacheForAllThreads(45)) - PERFORMANCE WARNING: useCacheForAllThreads is true that may cause Netty to create a lot garbage objects and, as a result, trigger GC.
	It is recommended to disable useCacheForAllThreads by setting -Dorg.apache.ratis.thirdparty.io.netty.allocator.useCacheForAllThreads=false in command line.
2019-07-14 04:35:39,998 INFO  grpc.GrpcConfigKeys$Server (ConfUtils.java:logGet(43)) - raft.grpc.server.port = 0 (default)
2019-07-14 04:35:39,998 INFO  server.GrpcService (ConfUtils.java:logGet(43)) - raft.grpc.message.size.max = 33570816 (custom)
2019-07-14 04:35:39,998 INFO  server.RaftServerConfigKeys (ConfUtils.java:logGet(43)) - raft.server.log.appender.buffer.byte-limit = 33554432 (custom)
2019-07-14 04:35:39,999 INFO  server.GrpcService (ConfUtils.java:logGet(43)) - raft.grpc.flow.control.window = 1MB (=1048576) (default)
2019-07-14 04:35:39,999 INFO  server.RaftServerConfigKeys (ConfUtils.java:logGet(43)) - raft.server.rpc.request.timeout = 3000ms (default)
2019-07-14 04:35:39,999 INFO  server.RaftServerConfigKeys (ConfUtils.java:logGet(43)) - raft.server.storage.dir = [/tmp/workdir/hadoop-ozone/integration-test/target/test-dir/MiniOzoneClusterImpl-731b0d99-aab8-47a8-8b8d-de44cbd2448d/datanode-4/data/ratis] (custom)
2019-07-14 04:35:40,000 INFO  replication.SimpleContainerDownloader (SimpleContainerDownloader.java:<init>(72)) - Starting container downloader service to copy containers to replicate.
2019-07-14 04:35:40,001 INFO  hdfs.DFSUtil (DFSUtil.java:httpServerTemplateForNNAndJN(1641)) - Starting Web-server for hddsDatanode at: http://0.0.0.0:0
2019-07-14 04:35:40,002 INFO  server.AuthenticationFilter (AuthenticationFilter.java:constructSecretProvider(240)) - Unable to initialize FileSignerSecretProvider, falling back to use random secrets.
2019-07-14 04:35:40,003 WARN  http.HttpRequestLog (HttpRequestLog.java:getRequestLog(97)) - Jetty request log can only be enabled using Log4j
2019-07-14 04:35:40,004 INFO  http.HttpServer2 (HttpServer2.java:addGlobalFilter(975)) - Added global filter 'safety' (class=org.apache.hadoop.http.HttpServer2$QuotingInputFilter)
2019-07-14 04:35:40,005 INFO  http.HttpServer2 (HttpServer2.java:addFilter(948)) - Added filter static_user_filter (class=org.apache.hadoop.http.lib.StaticUserWebFilter$StaticUserFilter) to context hddsDatanode
2019-07-14 04:35:40,005 INFO  http.HttpServer2 (HttpServer2.java:addFilter(958)) - Added filter static_user_filter (class=org.apache.hadoop.http.lib.StaticUserWebFilter$StaticUserFilter) to context static
2019-07-14 04:35:40,005 INFO  http.HttpServer2 (HttpServer2.java:addFilter(958)) - Added filter static_user_filter (class=org.apache.hadoop.http.lib.StaticUserWebFilter$StaticUserFilter) to context logs
2019-07-14 04:35:40,006 INFO  http.HttpServer2 (HttpServer2.java:bindListener(1191)) - Jetty bound to port 33961
2019-07-14 04:35:40,006 INFO  server.Server (Server.java:doStart(351)) - jetty-9.3.24.v20180605, build timestamp: 2018-06-05T17:11:56Z, git hash: 84205aa28f11a4f31f2a3b86d1bba2cc8ab69827
2019-07-14 04:35:40,008 INFO  handler.ContextHandler (ContextHandler.java:doStart(781)) - Started o.e.j.s.ServletContextHandler@195498aa{/logs,file:///tmp/workdir/hadoop-ozone/integration-test/target/log,AVAILABLE}
2019-07-14 04:35:40,008 INFO  handler.ContextHandler (ContextHandler.java:doStart(781)) - Started o.e.j.s.ServletContextHandler@793d09e{/static,jar:file:/home/user/.m2/repository/org/apache/hadoop/hadoop-hdds-container-service/0.5.0-SNAPSHOT/hadoop-hdds-container-service-0.5.0-SNAPSHOT.jar!/webapps/static,AVAILABLE}
2019-07-14 04:35:40,038 INFO  handler.ContextHandler (ContextHandler.java:doStart(781)) - Started o.e.j.w.WebAppContext@55d99dc3{/,file:///tmp/jetty-0.0.0.0-33961-hddsDatanode-_-any-8995993028800529039.dir/webapp/,AVAILABLE}{/hddsDatanode}
2019-07-14 04:35:40,038 INFO  server.AbstractConnector (AbstractConnector.java:doStart(278)) - Started ServerConnector@521a506c{HTTP/1.1,[http/1.1]}{0.0.0.0:33961}
2019-07-14 04:35:40,041 INFO  server.Server (Server.java:doStart(419)) - Started @23333ms
2019-07-14 04:35:40,042 INFO  server.BaseHttpServer (BaseHttpServer.java:updateConnectorAddress(207)) - HTTP server of HDDSDATANODE is listening at http://0.0.0.0:33961
2019-07-14 04:35:40,154 INFO  ozone.HddsDatanodeService (HddsDatanodeService.java:startPlugins(396)) - Started plug-in org.apache.hadoop.ozone.web.OzoneHddsDatanodeService@e5c5e6
2019-07-14 04:35:40,154 INFO  impl.MetricsSystemImpl (MetricsSystemImpl.java:init(158)) - HddsDatanode metrics system started (again)
2019-07-14 04:35:40,155 INFO  ozone.HddsDatanodeService (HddsDatanodeService.java:start(185)) - HddsDatanodeService host:trunk-nightly-6h29n-2077950039 ip:192.168.5.157
2019-07-14 04:35:40,157 INFO  util.JvmPauseMonitor (JvmPauseMonitor.java:run(188)) - Starting JVM pause monitor
2019-07-14 04:35:40,158 INFO  datanode.InitDatanodeState (InitDatanodeState.java:persistContainerDatanodeDetails(140)) - DatanodeDetails is persisted to /tmp/workdir/hadoop-ozone/integration-test/target/test-dir/MiniOzoneClusterImpl-731b0d99-aab8-47a8-8b8d-de44cbd2448d/datanode-4/meta/datanode.id
2019-07-14 04:35:40,169 INFO  volume.HddsVolume (HddsVolume.java:<init>(176)) - Creating Volume: /tmp/workdir/hadoop-ozone/integration-test/target/test-dir/MiniOzoneClusterImpl-731b0d99-aab8-47a8-8b8d-de44cbd2448d/datanode-5/data/containers/hdds of  storage type : DISK and capacity : 52710309888
2019-07-14 04:35:40,169 INFO  volume.VolumeSet (VolumeSet.java:initializeVolumeSet(170)) - Added Volume : /tmp/workdir/hadoop-ozone/integration-test/target/test-dir/MiniOzoneClusterImpl-731b0d99-aab8-47a8-8b8d-de44cbd2448d/datanode-5/data/containers/hdds to VolumeSet
2019-07-14 04:35:40,169 INFO  volume.ThrottledAsyncChecker (ThrottledAsyncChecker.java:schedule(140)) - Scheduling a check for org.apache.hadoop.ozone.container.common.volume.HddsVolume@4dac40b
2019-07-14 04:35:40,170 INFO  volume.HddsVolumeChecker (HddsVolumeChecker.java:checkAllVolumes(203)) - Scheduled health check for volume org.apache.hadoop.ozone.container.common.volume.HddsVolume@4dac40b
2019-07-14 04:35:40,189 INFO  impl.RaftServerProxy (ConfUtils.java:logGet(43)) - raft.rpc.type = GRPC (default)
2019-07-14 04:35:40,189 INFO  grpc.GrpcFactory (GrpcFactory.java:checkPooledByteBufAllocatorUseCacheForAllThreads(45)) - PERFORMANCE WARNING: useCacheForAllThreads is true that may cause Netty to create a lot garbage objects and, as a result, trigger GC.
	It is recommended to disable useCacheForAllThreads by setting -Dorg.apache.ratis.thirdparty.io.netty.allocator.useCacheForAllThreads=false in command line.
2019-07-14 04:35:40,189 INFO  grpc.GrpcConfigKeys$Server (ConfUtils.java:logGet(43)) - raft.grpc.server.port = 0 (default)
2019-07-14 04:35:40,189 INFO  server.GrpcService (ConfUtils.java:logGet(43)) - raft.grpc.message.size.max = 33570816 (custom)
2019-07-14 04:35:40,189 INFO  server.RaftServerConfigKeys (ConfUtils.java:logGet(43)) - raft.server.log.appender.buffer.byte-limit = 33554432 (custom)
2019-07-14 04:35:40,190 INFO  server.GrpcService (ConfUtils.java:logGet(43)) - raft.grpc.flow.control.window = 1MB (=1048576) (default)
2019-07-14 04:35:40,190 INFO  server.RaftServerConfigKeys (ConfUtils.java:logGet(43)) - raft.server.rpc.request.timeout = 3000ms (default)
2019-07-14 04:35:40,190 INFO  server.RaftServerConfigKeys (ConfUtils.java:logGet(43)) - raft.server.storage.dir = [/tmp/workdir/hadoop-ozone/integration-test/target/test-dir/MiniOzoneClusterImpl-731b0d99-aab8-47a8-8b8d-de44cbd2448d/datanode-5/data/ratis] (custom)
2019-07-14 04:35:40,191 INFO  replication.SimpleContainerDownloader (SimpleContainerDownloader.java:<init>(72)) - Starting container downloader service to copy containers to replicate.
2019-07-14 04:35:40,192 INFO  hdfs.DFSUtil (DFSUtil.java:httpServerTemplateForNNAndJN(1641)) - Starting Web-server for hddsDatanode at: http://0.0.0.0:0
2019-07-14 04:35:40,193 INFO  server.AuthenticationFilter (AuthenticationFilter.java:constructSecretProvider(240)) - Unable to initialize FileSignerSecretProvider, falling back to use random secrets.
2019-07-14 04:35:40,193 WARN  http.HttpRequestLog (HttpRequestLog.java:getRequestLog(97)) - Jetty request log can only be enabled using Log4j
2019-07-14 04:35:40,194 INFO  http.HttpServer2 (HttpServer2.java:addGlobalFilter(975)) - Added global filter 'safety' (class=org.apache.hadoop.http.HttpServer2$QuotingInputFilter)
2019-07-14 04:35:40,195 INFO  http.HttpServer2 (HttpServer2.java:addFilter(948)) - Added filter static_user_filter (class=org.apache.hadoop.http.lib.StaticUserWebFilter$StaticUserFilter) to context hddsDatanode
2019-07-14 04:35:40,195 INFO  http.HttpServer2 (HttpServer2.java:addFilter(958)) - Added filter static_user_filter (class=org.apache.hadoop.http.lib.StaticUserWebFilter$StaticUserFilter) to context static
2019-07-14 04:35:40,195 INFO  http.HttpServer2 (HttpServer2.java:addFilter(958)) - Added filter static_user_filter (class=org.apache.hadoop.http.lib.StaticUserWebFilter$StaticUserFilter) to context logs
2019-07-14 04:35:40,196 INFO  http.HttpServer2 (HttpServer2.java:bindListener(1191)) - Jetty bound to port 37971
2019-07-14 04:35:40,196 INFO  server.Server (Server.java:doStart(351)) - jetty-9.3.24.v20180605, build timestamp: 2018-06-05T17:11:56Z, git hash: 84205aa28f11a4f31f2a3b86d1bba2cc8ab69827
2019-07-14 04:35:40,198 INFO  handler.ContextHandler (ContextHandler.java:doStart(781)) - Started o.e.j.s.ServletContextHandler@3a3316b6{/logs,file:///tmp/workdir/hadoop-ozone/integration-test/target/log,AVAILABLE}
2019-07-14 04:35:40,198 INFO  handler.ContextHandler (ContextHandler.java:doStart(781)) - Started o.e.j.s.ServletContextHandler@56c6d515{/static,jar:file:/home/user/.m2/repository/org/apache/hadoop/hadoop-hdds-container-service/0.5.0-SNAPSHOT/hadoop-hdds-container-service-0.5.0-SNAPSHOT.jar!/webapps/static,AVAILABLE}
2019-07-14 04:35:40,224 INFO  handler.ContextHandler (ContextHandler.java:doStart(781)) - Started o.e.j.w.WebAppContext@4e96cb04{/,file:///tmp/jetty-0.0.0.0-37971-hddsDatanode-_-any-5186559178146974464.dir/webapp/,AVAILABLE}{/hddsDatanode}
2019-07-14 04:35:40,224 INFO  server.AbstractConnector (AbstractConnector.java:doStart(278)) - Started ServerConnector@70ecf57b{HTTP/1.1,[http/1.1]}{0.0.0.0:37971}
2019-07-14 04:35:40,227 INFO  server.Server (Server.java:doStart(419)) - Started @23519ms
2019-07-14 04:35:40,228 INFO  server.BaseHttpServer (BaseHttpServer.java:updateConnectorAddress(207)) - HTTP server of HDDSDATANODE is listening at http://0.0.0.0:37971
2019-07-14 04:35:40,336 INFO  ozone.HddsDatanodeService (HddsDatanodeService.java:startPlugins(396)) - Started plug-in org.apache.hadoop.ozone.web.OzoneHddsDatanodeService@152891f8
2019-07-14 04:35:40,336 INFO  impl.MetricsSystemImpl (MetricsSystemImpl.java:init(158)) - HddsDatanode metrics system started (again)
2019-07-14 04:35:40,337 INFO  ozone.HddsDatanodeService (HddsDatanodeService.java:start(185)) - HddsDatanodeService host:trunk-nightly-6h29n-2077950039 ip:192.168.5.157
2019-07-14 04:35:40,338 INFO  util.JvmPauseMonitor (JvmPauseMonitor.java:run(188)) - Starting JVM pause monitor
2019-07-14 04:35:40,340 INFO  datanode.InitDatanodeState (InitDatanodeState.java:persistContainerDatanodeDetails(140)) - DatanodeDetails is persisted to /tmp/workdir/hadoop-ozone/integration-test/target/test-dir/MiniOzoneClusterImpl-731b0d99-aab8-47a8-8b8d-de44cbd2448d/datanode-5/meta/datanode.id
2019-07-14 04:35:40,351 INFO  volume.HddsVolume (HddsVolume.java:<init>(176)) - Creating Volume: /tmp/workdir/hadoop-ozone/integration-test/target/test-dir/MiniOzoneClusterImpl-731b0d99-aab8-47a8-8b8d-de44cbd2448d/datanode-6/data/containers/hdds of  storage type : DISK and capacity : 52710309888
2019-07-14 04:35:40,351 INFO  volume.VolumeSet (VolumeSet.java:initializeVolumeSet(170)) - Added Volume : /tmp/workdir/hadoop-ozone/integration-test/target/test-dir/MiniOzoneClusterImpl-731b0d99-aab8-47a8-8b8d-de44cbd2448d/datanode-6/data/containers/hdds to VolumeSet
2019-07-14 04:35:40,352 INFO  volume.ThrottledAsyncChecker (ThrottledAsyncChecker.java:schedule(140)) - Scheduling a check for org.apache.hadoop.ozone.container.common.volume.HddsVolume@7c47e077
2019-07-14 04:35:40,352 INFO  volume.HddsVolumeChecker (HddsVolumeChecker.java:checkAllVolumes(203)) - Scheduled health check for volume org.apache.hadoop.ozone.container.common.volume.HddsVolume@7c47e077
2019-07-14 04:35:40,373 INFO  impl.RaftServerProxy (ConfUtils.java:logGet(43)) - raft.rpc.type = GRPC (default)
2019-07-14 04:35:40,373 INFO  grpc.GrpcFactory (GrpcFactory.java:checkPooledByteBufAllocatorUseCacheForAllThreads(45)) - PERFORMANCE WARNING: useCacheForAllThreads is true that may cause Netty to create a lot garbage objects and, as a result, trigger GC.
	It is recommended to disable useCacheForAllThreads by setting -Dorg.apache.ratis.thirdparty.io.netty.allocator.useCacheForAllThreads=false in command line.
2019-07-14 04:35:40,374 INFO  grpc.GrpcConfigKeys$Server (ConfUtils.java:logGet(43)) - raft.grpc.server.port = 0 (default)
2019-07-14 04:35:40,374 INFO  server.GrpcService (ConfUtils.java:logGet(43)) - raft.grpc.message.size.max = 33570816 (custom)
2019-07-14 04:35:40,374 INFO  server.RaftServerConfigKeys (ConfUtils.java:logGet(43)) - raft.server.log.appender.buffer.byte-limit = 33554432 (custom)
2019-07-14 04:35:40,374 INFO  server.GrpcService (ConfUtils.java:logGet(43)) - raft.grpc.flow.control.window = 1MB (=1048576) (default)
2019-07-14 04:35:40,374 INFO  server.RaftServerConfigKeys (ConfUtils.java:logGet(43)) - raft.server.rpc.request.timeout = 3000ms (default)
2019-07-14 04:35:40,375 INFO  server.RaftServerConfigKeys (ConfUtils.java:logGet(43)) - raft.server.storage.dir = [/tmp/workdir/hadoop-ozone/integration-test/target/test-dir/MiniOzoneClusterImpl-731b0d99-aab8-47a8-8b8d-de44cbd2448d/datanode-6/data/ratis] (custom)
2019-07-14 04:35:40,375 INFO  replication.SimpleContainerDownloader (SimpleContainerDownloader.java:<init>(72)) - Starting container downloader service to copy containers to replicate.
2019-07-14 04:35:40,376 INFO  hdfs.DFSUtil (DFSUtil.java:httpServerTemplateForNNAndJN(1641)) - Starting Web-server for hddsDatanode at: http://0.0.0.0:0
2019-07-14 04:35:40,378 INFO  server.AuthenticationFilter (AuthenticationFilter.java:constructSecretProvider(240)) - Unable to initialize FileSignerSecretProvider, falling back to use random secrets.
2019-07-14 04:35:40,379 WARN  http.HttpRequestLog (HttpRequestLog.java:getRequestLog(97)) - Jetty request log can only be enabled using Log4j
2019-07-14 04:35:40,381 INFO  http.HttpServer2 (HttpServer2.java:addGlobalFilter(975)) - Added global filter 'safety' (class=org.apache.hadoop.http.HttpServer2$QuotingInputFilter)
2019-07-14 04:35:40,382 INFO  http.HttpServer2 (HttpServer2.java:addFilter(948)) - Added filter static_user_filter (class=org.apache.hadoop.http.lib.StaticUserWebFilter$StaticUserFilter) to context hddsDatanode
2019-07-14 04:35:40,382 INFO  http.HttpServer2 (HttpServer2.java:addFilter(958)) - Added filter static_user_filter (class=org.apache.hadoop.http.lib.StaticUserWebFilter$StaticUserFilter) to context logs
2019-07-14 04:35:40,382 INFO  http.HttpServer2 (HttpServer2.java:addFilter(958)) - Added filter static_user_filter (class=org.apache.hadoop.http.lib.StaticUserWebFilter$StaticUserFilter) to context static
2019-07-14 04:35:40,383 INFO  http.HttpServer2 (HttpServer2.java:bindListener(1191)) - Jetty bound to port 33441
2019-07-14 04:35:40,384 INFO  server.Server (Server.java:doStart(351)) - jetty-9.3.24.v20180605, build timestamp: 2018-06-05T17:11:56Z, git hash: 84205aa28f11a4f31f2a3b86d1bba2cc8ab69827
2019-07-14 04:35:40,386 INFO  handler.ContextHandler (ContextHandler.java:doStart(781)) - Started o.e.j.s.ServletContextHandler@1b632442{/logs,file:///tmp/workdir/hadoop-ozone/integration-test/target/log,AVAILABLE}
2019-07-14 04:35:40,387 INFO  handler.ContextHandler (ContextHandler.java:doStart(781)) - Started o.e.j.s.ServletContextHandler@2f75a9b1{/static,jar:file:/home/user/.m2/repository/org/apache/hadoop/hadoop-hdds-container-service/0.5.0-SNAPSHOT/hadoop-hdds-container-service-0.5.0-SNAPSHOT.jar!/webapps/static,AVAILABLE}
2019-07-14 04:35:40,429 INFO  handler.ContextHandler (ContextHandler.java:doStart(781)) - Started o.e.j.w.WebAppContext@17f41739{/,file:///tmp/jetty-0.0.0.0-33441-hddsDatanode-_-any-5102749417720156439.dir/webapp/,AVAILABLE}{/hddsDatanode}
2019-07-14 04:35:40,433 INFO  server.AbstractConnector (AbstractConnector.java:doStart(278)) - Started ServerConnector@2b3b1124{HTTP/1.1,[http/1.1]}{0.0.0.0:33441}
2019-07-14 04:35:40,433 INFO  server.Server (Server.java:doStart(419)) - Started @23725ms
2019-07-14 04:35:40,434 INFO  server.BaseHttpServer (BaseHttpServer.java:updateConnectorAddress(207)) - HTTP server of HDDSDATANODE is listening at http://0.0.0.0:33441
2019-07-14 04:35:40,556 INFO  ozone.HddsDatanodeService (HddsDatanodeService.java:startPlugins(396)) - Started plug-in org.apache.hadoop.ozone.web.OzoneHddsDatanodeService@2e8986b6
2019-07-14 04:35:40,556 INFO  ozone.MiniOzoneClusterImpl (MiniOzoneClusterImpl.java:lambda$waitForClusterToBeReady$0(142)) - Waiting for cluster to be ready. Got 0 of 7 DN Heartbeats.
2019-07-14 04:35:40,558 INFO  util.JvmPauseMonitor (JvmPauseMonitor.java:run(188)) - Starting JVM pause monitor
2019-07-14 04:35:40,561 INFO  datanode.InitDatanodeState (InitDatanodeState.java:persistContainerDatanodeDetails(140)) - DatanodeDetails is persisted to /tmp/workdir/hadoop-ozone/integration-test/target/test-dir/MiniOzoneClusterImpl-731b0d99-aab8-47a8-8b8d-de44cbd2448d/datanode-6/meta/datanode.id
2019-07-14 04:35:41,363 INFO  ozoneimpl.OzoneContainer (OzoneContainer.java:start(186)) - Attempting to start container services.
2019-07-14 04:35:41,364 INFO  ozoneimpl.OzoneContainer (OzoneContainer.java:startContainerScrub(160)) - Background container scrubber has been disabled by hdds.containerscrub.enabled
2019-07-14 04:35:41,364 INFO  ratis.XceiverServerRatis (XceiverServerRatis.java:start(418)) - Starting XceiverServerRatis d48f6f32-e53b-43c5-9bf8-dd459e13a9d1 at port 0
2019-07-14 04:35:41,372 INFO  impl.RaftServerProxy (RaftServerProxy.java:lambda$start$3(299)) - d48f6f32-e53b-43c5-9bf8-dd459e13a9d1: start RPC server
2019-07-14 04:35:41,374 INFO  server.GrpcService (GrpcService.java:startImpl(149)) - d48f6f32-e53b-43c5-9bf8-dd459e13a9d1: GrpcService started, listening on 0.0.0.0/0.0.0.0:45852
2019-07-14 04:35:41,374 INFO  ratis.XceiverServerRatis (XceiverServerRatis.java:start(428)) - XceiverServerRatis d48f6f32-e53b-43c5-9bf8-dd459e13a9d1 is started using port 45852
2019-07-14 04:35:41,378 INFO  server.XceiverServerGrpc (XceiverServerGrpc.java:start(161)) - XceiverServerGrpc d48f6f32-e53b-43c5-9bf8-dd459e13a9d1 is started using port 46537
2019-07-14 04:35:41,552 INFO  ozoneimpl.OzoneContainer (OzoneContainer.java:start(186)) - Attempting to start container services.
2019-07-14 04:35:41,552 INFO  ozoneimpl.OzoneContainer (OzoneContainer.java:startContainerScrub(160)) - Background container scrubber has been disabled by hdds.containerscrub.enabled
2019-07-14 04:35:41,552 INFO  ratis.XceiverServerRatis (XceiverServerRatis.java:start(418)) - Starting XceiverServerRatis e3fb44ff-34d6-4834-bb05-cdafaf497f92 at port 0
2019-07-14 04:35:41,557 INFO  ozone.MiniOzoneClusterImpl (MiniOzoneClusterImpl.java:lambda$waitForClusterToBeReady$0(142)) - Waiting for cluster to be ready. Got 0 of 7 DN Heartbeats.
2019-07-14 04:35:41,560 INFO  impl.RaftServerProxy (RaftServerProxy.java:lambda$start$3(299)) - e3fb44ff-34d6-4834-bb05-cdafaf497f92: start RPC server
2019-07-14 04:35:41,561 INFO  server.GrpcService (GrpcService.java:startImpl(149)) - e3fb44ff-34d6-4834-bb05-cdafaf497f92: GrpcService started, listening on 0.0.0.0/0.0.0.0:37951
2019-07-14 04:35:41,561 INFO  ratis.XceiverServerRatis (XceiverServerRatis.java:start(428)) - XceiverServerRatis e3fb44ff-34d6-4834-bb05-cdafaf497f92 is started using port 37951
2019-07-14 04:35:41,562 INFO  server.XceiverServerGrpc (XceiverServerGrpc.java:start(161)) - XceiverServerGrpc e3fb44ff-34d6-4834-bb05-cdafaf497f92 is started using port 44652
2019-07-14 04:35:41,786 INFO  ozoneimpl.OzoneContainer (OzoneContainer.java:start(186)) - Attempting to start container services.
2019-07-14 04:35:41,787 INFO  ozoneimpl.OzoneContainer (OzoneContainer.java:startContainerScrub(160)) - Background container scrubber has been disabled by hdds.containerscrub.enabled
2019-07-14 04:35:41,787 INFO  ratis.XceiverServerRatis (XceiverServerRatis.java:start(418)) - Starting XceiverServerRatis f2fb1c47-f2a9-4bac-ac1b-cb168850caba at port 0
2019-07-14 04:35:41,797 INFO  impl.RaftServerProxy (RaftServerProxy.java:lambda$start$3(299)) - f2fb1c47-f2a9-4bac-ac1b-cb168850caba: start RPC server
2019-07-14 04:35:41,816 INFO  server.GrpcService (GrpcService.java:startImpl(149)) - f2fb1c47-f2a9-4bac-ac1b-cb168850caba: GrpcService started, listening on 0.0.0.0/0.0.0.0:34507
2019-07-14 04:35:41,816 INFO  ratis.XceiverServerRatis (XceiverServerRatis.java:start(428)) - XceiverServerRatis f2fb1c47-f2a9-4bac-ac1b-cb168850caba is started using port 34507
2019-07-14 04:35:41,829 INFO  server.XceiverServerGrpc (XceiverServerGrpc.java:start(161)) - XceiverServerGrpc f2fb1c47-f2a9-4bac-ac1b-cb168850caba is started using port 40403
2019-07-14 04:35:41,975 INFO  ozoneimpl.OzoneContainer (OzoneContainer.java:start(186)) - Attempting to start container services.
2019-07-14 04:35:41,975 INFO  ozoneimpl.OzoneContainer (OzoneContainer.java:startContainerScrub(160)) - Background container scrubber has been disabled by hdds.containerscrub.enabled
2019-07-14 04:35:41,975 INFO  ratis.XceiverServerRatis (XceiverServerRatis.java:start(418)) - Starting XceiverServerRatis 68e894bc-f316-43bc-b55b-b590aca17df2 at port 0
2019-07-14 04:35:41,984 INFO  impl.RaftServerProxy (RaftServerProxy.java:lambda$start$3(299)) - 68e894bc-f316-43bc-b55b-b590aca17df2: start RPC server
2019-07-14 04:35:41,989 INFO  server.GrpcService (GrpcService.java:startImpl(149)) - 68e894bc-f316-43bc-b55b-b590aca17df2: GrpcService started, listening on 0.0.0.0/0.0.0.0:39889
2019-07-14 04:35:41,989 INFO  ratis.XceiverServerRatis (XceiverServerRatis.java:start(428)) - XceiverServerRatis 68e894bc-f316-43bc-b55b-b590aca17df2 is started using port 39889
2019-07-14 04:35:41,993 INFO  server.XceiverServerGrpc (XceiverServerGrpc.java:start(161)) - XceiverServerGrpc 68e894bc-f316-43bc-b55b-b590aca17df2 is started using port 40779
2019-07-14 04:35:42,171 INFO  ozoneimpl.OzoneContainer (OzoneContainer.java:start(186)) - Attempting to start container services.
2019-07-14 04:35:42,171 INFO  ozoneimpl.OzoneContainer (OzoneContainer.java:startContainerScrub(160)) - Background container scrubber has been disabled by hdds.containerscrub.enabled
2019-07-14 04:35:42,172 INFO  ratis.XceiverServerRatis (XceiverServerRatis.java:start(418)) - Starting XceiverServerRatis d6e91d25-642c-4714-9538-7b9b1eb680f3 at port 0
2019-07-14 04:35:42,181 INFO  impl.RaftServerProxy (RaftServerProxy.java:lambda$start$3(299)) - d6e91d25-642c-4714-9538-7b9b1eb680f3: start RPC server
2019-07-14 04:35:42,182 INFO  server.GrpcService (GrpcService.java:startImpl(149)) - d6e91d25-642c-4714-9538-7b9b1eb680f3: GrpcService started, listening on 0.0.0.0/0.0.0.0:42738
2019-07-14 04:35:42,182 INFO  ratis.XceiverServerRatis (XceiverServerRatis.java:start(428)) - XceiverServerRatis d6e91d25-642c-4714-9538-7b9b1eb680f3 is started using port 42738
2019-07-14 04:35:42,187 INFO  server.XceiverServerGrpc (XceiverServerGrpc.java:start(161)) - XceiverServerGrpc d6e91d25-642c-4714-9538-7b9b1eb680f3 is started using port 35488
2019-07-14 04:35:42,355 INFO  ozoneimpl.OzoneContainer (OzoneContainer.java:start(186)) - Attempting to start container services.
2019-07-14 04:35:42,355 INFO  ozoneimpl.OzoneContainer (OzoneContainer.java:startContainerScrub(160)) - Background container scrubber has been disabled by hdds.containerscrub.enabled
2019-07-14 04:35:42,355 INFO  ratis.XceiverServerRatis (XceiverServerRatis.java:start(418)) - Starting XceiverServerRatis 80697987-964d-4673-b5e6-9824f890c09d at port 0
2019-07-14 04:35:42,363 INFO  impl.RaftServerProxy (RaftServerProxy.java:lambda$start$3(299)) - 80697987-964d-4673-b5e6-9824f890c09d: start RPC server
2019-07-14 04:35:42,364 INFO  server.GrpcService (GrpcService.java:startImpl(149)) - 80697987-964d-4673-b5e6-9824f890c09d: GrpcService started, listening on 0.0.0.0/0.0.0.0:39681
2019-07-14 04:35:42,365 INFO  ratis.XceiverServerRatis (XceiverServerRatis.java:start(428)) - XceiverServerRatis 80697987-964d-4673-b5e6-9824f890c09d is started using port 39681
2019-07-14 04:35:42,370 INFO  server.XceiverServerGrpc (XceiverServerGrpc.java:start(161)) - XceiverServerGrpc 80697987-964d-4673-b5e6-9824f890c09d is started using port 37023
2019-07-14 04:35:42,557 INFO  ozone.MiniOzoneClusterImpl (MiniOzoneClusterImpl.java:lambda$waitForClusterToBeReady$0(142)) - Waiting for cluster to be ready. Got 0 of 7 DN Heartbeats.
2019-07-14 04:35:42,573 INFO  ozoneimpl.OzoneContainer (OzoneContainer.java:start(186)) - Attempting to start container services.
2019-07-14 04:35:42,573 INFO  ozoneimpl.OzoneContainer (OzoneContainer.java:startContainerScrub(160)) - Background container scrubber has been disabled by hdds.containerscrub.enabled
2019-07-14 04:35:42,573 INFO  ratis.XceiverServerRatis (XceiverServerRatis.java:start(418)) - Starting XceiverServerRatis bdfec543-0ae8-4d13-b8f9-39202438ded3 at port 0
2019-07-14 04:35:42,580 INFO  impl.RaftServerProxy (RaftServerProxy.java:lambda$start$3(299)) - bdfec543-0ae8-4d13-b8f9-39202438ded3: start RPC server
2019-07-14 04:35:42,581 INFO  server.GrpcService (GrpcService.java:startImpl(149)) - bdfec543-0ae8-4d13-b8f9-39202438ded3: GrpcService started, listening on 0.0.0.0/0.0.0.0:37319
2019-07-14 04:35:42,581 INFO  ratis.XceiverServerRatis (XceiverServerRatis.java:start(428)) - XceiverServerRatis bdfec543-0ae8-4d13-b8f9-39202438ded3 is started using port 37319
2019-07-14 04:35:42,582 INFO  server.XceiverServerGrpc (XceiverServerGrpc.java:start(161)) - XceiverServerGrpc bdfec543-0ae8-4d13-b8f9-39202438ded3 is started using port 36683
2019-07-14 04:35:43,339 INFO  net.NetworkTopology (NetworkTopologyImpl.java:add(110)) - Added a new node: /default-rack/192.168.5.157
2019-07-14 04:35:43,339 INFO  node.SCMNodeManager (SCMNodeManager.java:register(269)) - Registered Data node : d48f6f32-e53b-43c5-9bf8-dd459e13a9d1{ip: 192.168.5.157, host: trunk-nightly-6h29n-2077950039, networkLocation: /default-rack, certSerialId: null}
2019-07-14 04:35:43,345 INFO  safemode.SCMSafeModeManager (DataNodeSafeModeRule.java:process(71)) - SCM in safe mode. 1 DataNodes registered, 1 required.
2019-07-14 04:35:43,349 INFO  safemode.SCMSafeModeManager (SCMSafeModeManager.java:validateSafeModeExitRules(177)) - ScmSafeModeManager, all rules are successfully validated
2019-07-14 04:35:43,349 INFO  safemode.SCMSafeModeManager (SCMSafeModeManager.java:exitSafeMode(193)) - SCM exiting safe mode.
2019-07-14 04:35:43,371 INFO  impl.RaftServerProxy (RaftServerProxy.java:addNew(89)) - d48f6f32-e53b-43c5-9bf8-dd459e13a9d1: addNew group-E2FABAF84CDD:[d48f6f32-e53b-43c5-9bf8-dd459e13a9d1:192.168.5.157:45852] returns group-E2FABAF84CDD:java.util.concurrent.CompletableFuture@270f058b[Not completed]
2019-07-14 04:35:43,373 INFO  impl.RaftServerImpl (RaftServerImpl.java:<init>(93)) - d48f6f32-e53b-43c5-9bf8-dd459e13a9d1: new RaftServerImpl for group-E2FABAF84CDD:[d48f6f32-e53b-43c5-9bf8-dd459e13a9d1:192.168.5.157:45852] with ContainerStateMachine:uninitialized
2019-07-14 04:35:43,374 INFO  server.RaftServerConfigKeys (ConfUtils.java:logGet(43)) - raft.server.rpc.timeout.min = 5s (custom)
2019-07-14 04:35:43,374 INFO  server.RaftServerConfigKeys (ConfUtils.java:logGet(43)) - raft.server.rpc.timeout.max = 5200ms (custom)
2019-07-14 04:35:43,374 INFO  server.RaftServerConfigKeys (ConfUtils.java:logGet(43)) - raft.server.rpcslowness.timeout = 120s (custom)
2019-07-14 04:35:43,374 INFO  server.RaftServerConfigKeys (ConfUtils.java:logGet(43)) - raft.server.sleep.deviation.threshold = 300 (default)
2019-07-14 04:35:43,374 INFO  server.RaftServerConfigKeys (ConfUtils.java:logGet(43)) - raft.server.log.appender.install.snapshot.enabled = false (custom)
2019-07-14 04:35:43,375 INFO  impl.RaftServerImpl (ServerState.java:<init>(105)) - d48f6f32-e53b-43c5-9bf8-dd459e13a9d1:group-E2FABAF84CDD ConfigurationManager, init=-1: [d48f6f32-e53b-43c5-9bf8-dd459e13a9d1:192.168.5.157:45852], old=null, confs=<EMPTY_MAP>
2019-07-14 04:35:43,375 INFO  server.RaftServerConfigKeys (ConfUtils.java:logGet(43)) - raft.server.storage.dir = [/tmp/workdir/hadoop-ozone/integration-test/target/test-dir/MiniOzoneClusterImpl-731b0d99-aab8-47a8-8b8d-de44cbd2448d/datanode-0/data/ratis] (custom)
2019-07-14 04:35:43,376 INFO  storage.RaftStorageDirectory (RaftStorageDirectory.java:analyzeStorage(246)) - The storage directory /tmp/workdir/hadoop-ozone/integration-test/target/test-dir/MiniOzoneClusterImpl-731b0d99-aab8-47a8-8b8d-de44cbd2448d/datanode-0/data/ratis/c6dda5a2-fd0e-4aa6-9c0b-e2fabaf84cdd does not exist. Creating ...
2019-07-14 04:35:43,389 INFO  storage.RaftStorageDirectory (RaftStorageDirectory.java:tryLock(328)) - Lock on /tmp/workdir/hadoop-ozone/integration-test/target/test-dir/MiniOzoneClusterImpl-731b0d99-aab8-47a8-8b8d-de44cbd2448d/datanode-0/data/ratis/c6dda5a2-fd0e-4aa6-9c0b-e2fabaf84cdd/in_use.lock acquired by nodename 17477@trunk-nightly-6h29n-2077950039
2019-07-14 04:35:43,401 INFO  storage.RaftStorage (RaftStorage.java:format(72)) - Storage directory /tmp/workdir/hadoop-ozone/integration-test/target/test-dir/MiniOzoneClusterImpl-731b0d99-aab8-47a8-8b8d-de44cbd2448d/datanode-0/data/ratis/c6dda5a2-fd0e-4aa6-9c0b-e2fabaf84cdd has been successfully formatted.
2019-07-14 04:35:43,401 INFO  ratis.ContainerStateMachine (ContainerStateMachine.java:loadSnapshot(200)) - The snapshot info is null.Setting the last applied index to:(t:0, i:~)
2019-07-14 04:35:43,401 INFO  server.RaftServerConfigKeys (ConfUtils.java:logGet(43)) - raft.server.leader.election.timeout = 120s (custom)
2019-07-14 04:35:43,402 INFO  server.RaftServerConfigKeys (ConfUtils.java:logGet(43)) - raft.server.log.use.memory = false (default)
2019-07-14 04:35:43,402 INFO  server.RaftServerConfigKeys (ConfUtils.java:logGet(43)) - raft.server.log.purge.gap = 1000000000 (custom)
2019-07-14 04:35:43,402 INFO  server.RaftServerConfigKeys (ConfUtils.java:logGet(43)) - raft.server.log.appender.buffer.byte-limit = 33554432 (custom)
2019-07-14 04:35:43,402 INFO  server.RaftServerConfigKeys (ConfUtils.java:logGet(43)) - raft.server.log.segment.size.max = 1048576 (custom)
2019-07-14 04:35:43,403 INFO  server.RaftServerConfigKeys (ConfUtils.java:logGet(43)) - raft.server.log.segment.cache.num.max = 2 (custom)
2019-07-14 04:35:43,403 INFO  segmented.SegmentedRaftLogWorker (SegmentedRaftLogWorker.java:<init>(172)) - new d48f6f32-e53b-43c5-9bf8-dd459e13a9d1-SegmentedRaftLogWorker:Storage Directory /tmp/workdir/hadoop-ozone/integration-test/target/test-dir/MiniOzoneClusterImpl-731b0d99-aab8-47a8-8b8d-de44cbd2448d/datanode-0/data/ratis/c6dda5a2-fd0e-4aa6-9c0b-e2fabaf84cdd for RaftStorage:Storage Directory /tmp/workdir/hadoop-ozone/integration-test/target/test-dir/MiniOzoneClusterImpl-731b0d99-aab8-47a8-8b8d-de44cbd2448d/datanode-0/data/ratis/c6dda5a2-fd0e-4aa6-9c0b-e2fabaf84cdd
2019-07-14 04:35:43,403 INFO  server.RaftServerConfigKeys (ConfUtils.java:logGet(43)) - raft.server.log.queue.byte-limit = 2147483647 (custom)
2019-07-14 04:35:43,404 INFO  server.RaftServerConfigKeys (ConfUtils.java:logGet(43)) - raft.server.log.queue.element-limit = 1024 (custom)
2019-07-14 04:35:43,404 INFO  server.RaftServerConfigKeys (ConfUtils.java:logGet(43)) - raft.server.log.segment.size.max = 1048576 (custom)
2019-07-14 04:35:43,404 INFO  server.RaftServerConfigKeys (ConfUtils.java:logGet(43)) - raft.server.log.preallocated.size = 16384 (custom)
2019-07-14 04:35:43,404 INFO  server.RaftServerConfigKeys (ConfUtils.java:logGet(43)) - raft.server.log.write.buffer.size = 33554432 (custom)
2019-07-14 04:35:43,405 INFO  server.RaftServerConfigKeys (ConfUtils.java:logGet(43)) - raft.server.log.force.sync.num = 128 (default)
2019-07-14 04:35:43,405 INFO  server.RaftServerConfigKeys (ConfUtils.java:logGet(43)) - raft.server.log.statemachine.data.sync = true (default)
2019-07-14 04:35:43,405 INFO  server.RaftServerConfigKeys (ConfUtils.java:logGet(43)) - raft.server.log.statemachine.data.sync.timeout = 10s (default)
2019-07-14 04:35:43,405 INFO  server.RaftServerConfigKeys (ConfUtils.java:logGet(43)) - raft.server.log.statemachine.data.sync.timeout.retry = -1 (default)
2019-07-14 04:35:43,406 INFO  server.RaftServerConfigKeys (ConfUtils.java:logGet(43)) - raft.server.log.statemachine.data.caching.enabled = true (custom)
2019-07-14 04:35:43,406 INFO  segmented.SegmentedRaftLogWorker (SegmentedRaftLogWorker.java:lambda$new$0(132)) - d48f6f32-e53b-43c5-9bf8-dd459e13a9d1-SegmentedRaftLogWorker:Storage Directory /tmp/workdir/hadoop-ozone/integration-test/target/test-dir/MiniOzoneClusterImpl-731b0d99-aab8-47a8-8b8d-de44cbd2448d/datanode-0/data/ratis/c6dda5a2-fd0e-4aa6-9c0b-e2fabaf84cdd: flushIndex: setUnconditionally 0 -> -1
2019-07-14 04:35:43,407 INFO  server.RaftServerConfigKeys (ConfUtils.java:logGet(43)) - raft.server.snapshot.auto.trigger.enabled = true (custom)
2019-07-14 04:35:43,407 INFO  server.RaftServerConfigKeys (ConfUtils.java:logGet(43)) - raft.server.snapshot.auto.trigger.threshold = 10000 (custom)
2019-07-14 04:35:43,408 INFO  server.RaftServerConfigKeys (ConfUtils.java:logGet(43)) - raft.server.retrycache.expirytime = 600000ms (custom)
2019-07-14 04:35:43,408 INFO  impl.RaftServerImpl (RaftServerImpl.java:start(180)) - d48f6f32-e53b-43c5-9bf8-dd459e13a9d1: start group-E2FABAF84CDD
2019-07-14 04:35:43,408 INFO  impl.RaftServerImpl (RaftServerImpl.java:setRole(171)) - d48f6f32-e53b-43c5-9bf8-dd459e13a9d1:group-E2FABAF84CDD changes role from null to FOLLOWER at term 0 for startAsFollower
2019-07-14 04:35:43,409 INFO  impl.RoleInfo (RoleInfo.java:updateAndGet(143)) - d48f6f32-e53b-43c5-9bf8-dd459e13a9d1: start FollowerState
2019-07-14 04:35:43,409 INFO  util.JmxRegister (JmxRegister.java:tryRegister(44)) - Successfully registered JMX Bean with object name Ratis:service=RaftServer,group=group-E2FABAF84CDD,id=d48f6f32-e53b-43c5-9bf8-dd459e13a9d1
2019-07-14 04:35:43,418 INFO  pipeline.PipelineStateManager (PipelineStateManager.java:addPipeline(56)) - Created pipeline Pipeline[ Id: c6dda5a2-fd0e-4aa6-9c0b-e2fabaf84cdd, Nodes: d48f6f32-e53b-43c5-9bf8-dd459e13a9d1{ip: 192.168.5.157, host: trunk-nightly-6h29n-2077950039, networkLocation: /default-rack, certSerialId: null}, Type:RATIS, Factor:ONE, State:OPEN]
2019-07-14 04:35:43,537 INFO  node.SCMNodeManager (SCMNodeManager.java:register(269)) - Registered Data node : e3fb44ff-34d6-4834-bb05-cdafaf497f92{ip: 192.168.5.157, host: trunk-nightly-6h29n-2077950039, networkLocation: /default-rack, certSerialId: null}
2019-07-14 04:35:43,582 INFO  ozone.MiniOzoneClusterImpl (MiniOzoneClusterImpl.java:lambda$waitForClusterToBeReady$0(142)) - Waiting for cluster to be ready. Got 2 of 7 DN Heartbeats.
2019-07-14 04:35:43,589 INFO  impl.RaftServerProxy (RaftServerProxy.java:addNew(89)) - e3fb44ff-34d6-4834-bb05-cdafaf497f92: addNew group-3431EB6F8778:[e3fb44ff-34d6-4834-bb05-cdafaf497f92:192.168.5.157:37951] returns group-3431EB6F8778:java.util.concurrent.CompletableFuture@39722dd3[Not completed]
2019-07-14 04:35:43,591 INFO  impl.RaftServerImpl (RaftServerImpl.java:<init>(93)) - e3fb44ff-34d6-4834-bb05-cdafaf497f92: new RaftServerImpl for group-3431EB6F8778:[e3fb44ff-34d6-4834-bb05-cdafaf497f92:192.168.5.157:37951] with ContainerStateMachine:uninitialized
2019-07-14 04:35:43,591 INFO  server.RaftServerConfigKeys (ConfUtils.java:logGet(43)) - raft.server.rpc.timeout.min = 5s (custom)
2019-07-14 04:35:43,591 INFO  server.RaftServerConfigKeys (ConfUtils.java:logGet(43)) - raft.server.rpc.timeout.max = 5200ms (custom)
2019-07-14 04:35:43,592 INFO  server.RaftServerConfigKeys (ConfUtils.java:logGet(43)) - raft.server.rpcslowness.timeout = 120s (custom)
2019-07-14 04:35:43,592 INFO  server.RaftServerConfigKeys (ConfUtils.java:logGet(43)) - raft.server.sleep.deviation.threshold = 300 (default)
2019-07-14 04:35:43,592 INFO  server.RaftServerConfigKeys (ConfUtils.java:logGet(43)) - raft.server.log.appender.install.snapshot.enabled = false (custom)
2019-07-14 04:35:43,592 INFO  impl.RaftServerImpl (ServerState.java:<init>(105)) - e3fb44ff-34d6-4834-bb05-cdafaf497f92:group-3431EB6F8778 ConfigurationManager, init=-1: [e3fb44ff-34d6-4834-bb05-cdafaf497f92:192.168.5.157:37951], old=null, confs=<EMPTY_MAP>
2019-07-14 04:35:43,592 INFO  server.RaftServerConfigKeys (ConfUtils.java:logGet(43)) - raft.server.storage.dir = [/tmp/workdir/hadoop-ozone/integration-test/target/test-dir/MiniOzoneClusterImpl-731b0d99-aab8-47a8-8b8d-de44cbd2448d/datanode-1/data/ratis] (custom)
2019-07-14 04:35:43,593 INFO  storage.RaftStorageDirectory (RaftStorageDirectory.java:analyzeStorage(246)) - The storage directory /tmp/workdir/hadoop-ozone/integration-test/target/test-dir/MiniOzoneClusterImpl-731b0d99-aab8-47a8-8b8d-de44cbd2448d/datanode-1/data/ratis/e8422f43-7f1c-4889-88ff-3431eb6f8778 does not exist. Creating ...
2019-07-14 04:35:43,605 INFO  storage.RaftStorageDirectory (RaftStorageDirectory.java:tryLock(328)) - Lock on /tmp/workdir/hadoop-ozone/integration-test/target/test-dir/MiniOzoneClusterImpl-731b0d99-aab8-47a8-8b8d-de44cbd2448d/datanode-1/data/ratis/e8422f43-7f1c-4889-88ff-3431eb6f8778/in_use.lock acquired by nodename 17477@trunk-nightly-6h29n-2077950039
2019-07-14 04:35:43,617 INFO  storage.RaftStorage (RaftStorage.java:format(72)) - Storage directory /tmp/workdir/hadoop-ozone/integration-test/target/test-dir/MiniOzoneClusterImpl-731b0d99-aab8-47a8-8b8d-de44cbd2448d/datanode-1/data/ratis/e8422f43-7f1c-4889-88ff-3431eb6f8778 has been successfully formatted.
2019-07-14 04:35:43,618 INFO  ratis.ContainerStateMachine (ContainerStateMachine.java:loadSnapshot(200)) - The snapshot info is null.Setting the last applied index to:(t:0, i:~)
2019-07-14 04:35:43,618 INFO  server.RaftServerConfigKeys (ConfUtils.java:logGet(43)) - raft.server.leader.election.timeout = 120s (custom)
2019-07-14 04:35:43,618 INFO  server.RaftServerConfigKeys (ConfUtils.java:logGet(43)) - raft.server.log.use.memory = false (default)
2019-07-14 04:35:43,618 INFO  server.RaftServerConfigKeys (ConfUtils.java:logGet(43)) - raft.server.log.purge.gap = 1000000000 (custom)
2019-07-14 04:35:43,618 INFO  server.RaftServerConfigKeys (ConfUtils.java:logGet(43)) - raft.server.log.appender.buffer.byte-limit = 33554432 (custom)
2019-07-14 04:35:43,619 INFO  server.RaftServerConfigKeys (ConfUtils.java:logGet(43)) - raft.server.log.segment.size.max = 1048576 (custom)
2019-07-14 04:35:43,619 INFO  server.RaftServerConfigKeys (ConfUtils.java:logGet(43)) - raft.server.log.segment.cache.num.max = 2 (custom)
2019-07-14 04:35:43,619 INFO  segmented.SegmentedRaftLogWorker (SegmentedRaftLogWorker.java:<init>(172)) - new e3fb44ff-34d6-4834-bb05-cdafaf497f92-SegmentedRaftLogWorker:Storage Directory /tmp/workdir/hadoop-ozone/integration-test/target/test-dir/MiniOzoneClusterImpl-731b0d99-aab8-47a8-8b8d-de44cbd2448d/datanode-1/data/ratis/e8422f43-7f1c-4889-88ff-3431eb6f8778 for RaftStorage:Storage Directory /tmp/workdir/hadoop-ozone/integration-test/target/test-dir/MiniOzoneClusterImpl-731b0d99-aab8-47a8-8b8d-de44cbd2448d/datanode-1/data/ratis/e8422f43-7f1c-4889-88ff-3431eb6f8778
2019-07-14 04:35:43,619 INFO  server.RaftServerConfigKeys (ConfUtils.java:logGet(43)) - raft.server.log.queue.byte-limit = 2147483647 (custom)
2019-07-14 04:35:43,619 INFO  server.RaftServerConfigKeys (ConfUtils.java:logGet(43)) - raft.server.log.queue.element-limit = 1024 (custom)
2019-07-14 04:35:43,620 INFO  server.RaftServerConfigKeys (ConfUtils.java:logGet(43)) - raft.server.log.segment.size.max = 1048576 (custom)
2019-07-14 04:35:43,620 INFO  server.RaftServerConfigKeys (ConfUtils.java:logGet(43)) - raft.server.log.preallocated.size = 16384 (custom)
2019-07-14 04:35:43,620 INFO  server.RaftServerConfigKeys (ConfUtils.java:logGet(43)) - raft.server.log.write.buffer.size = 33554432 (custom)
2019-07-14 04:35:43,620 INFO  server.RaftServerConfigKeys (ConfUtils.java:logGet(43)) - raft.server.log.force.sync.num = 128 (default)
2019-07-14 04:35:43,620 INFO  server.RaftServerConfigKeys (ConfUtils.java:logGet(43)) - raft.server.log.statemachine.data.sync = true (default)
2019-07-14 04:35:43,621 INFO  server.RaftServerConfigKeys (ConfUtils.java:logGet(43)) - raft.server.log.statemachine.data.sync.timeout = 10s (default)
2019-07-14 04:35:43,621 INFO  server.RaftServerConfigKeys (ConfUtils.java:logGet(43)) - raft.server.log.statemachine.data.sync.timeout.retry = -1 (default)
2019-07-14 04:35:43,621 INFO  server.RaftServerConfigKeys (ConfUtils.java:logGet(43)) - raft.server.log.statemachine.data.caching.enabled = true (custom)
2019-07-14 04:35:43,622 INFO  segmented.SegmentedRaftLogWorker (SegmentedRaftLogWorker.java:lambda$new$0(132)) - e3fb44ff-34d6-4834-bb05-cdafaf497f92-SegmentedRaftLogWorker:Storage Directory /tmp/workdir/hadoop-ozone/integration-test/target/test-dir/MiniOzoneClusterImpl-731b0d99-aab8-47a8-8b8d-de44cbd2448d/datanode-1/data/ratis/e8422f43-7f1c-4889-88ff-3431eb6f8778: flushIndex: setUnconditionally 0 -> -1
2019-07-14 04:35:43,622 INFO  server.RaftServerConfigKeys (ConfUtils.java:logGet(43)) - raft.server.snapshot.auto.trigger.enabled = true (custom)
2019-07-14 04:35:43,622 INFO  server.RaftServerConfigKeys (ConfUtils.java:logGet(43)) - raft.server.snapshot.auto.trigger.threshold = 10000 (custom)
2019-07-14 04:35:43,623 INFO  server.RaftServerConfigKeys (ConfUtils.java:logGet(43)) - raft.server.retrycache.expirytime = 600000ms (custom)
2019-07-14 04:35:43,623 INFO  impl.RaftServerImpl (RaftServerImpl.java:start(180)) - e3fb44ff-34d6-4834-bb05-cdafaf497f92: start group-3431EB6F8778
2019-07-14 04:35:43,623 INFO  impl.RaftServerImpl (RaftServerImpl.java:setRole(171)) - e3fb44ff-34d6-4834-bb05-cdafaf497f92:group-3431EB6F8778 changes role from null to FOLLOWER at term 0 for startAsFollower
2019-07-14 04:35:43,623 INFO  impl.RoleInfo (RoleInfo.java:updateAndGet(143)) - e3fb44ff-34d6-4834-bb05-cdafaf497f92: start FollowerState
2019-07-14 04:35:43,624 INFO  util.JmxRegister (JmxRegister.java:tryRegister(44)) - Successfully registered JMX Bean with object name Ratis:service=RaftServer,group=group-3431EB6F8778,id=e3fb44ff-34d6-4834-bb05-cdafaf497f92
2019-07-14 04:35:43,633 INFO  pipeline.PipelineStateManager (PipelineStateManager.java:addPipeline(56)) - Created pipeline Pipeline[ Id: e8422f43-7f1c-4889-88ff-3431eb6f8778, Nodes: e3fb44ff-34d6-4834-bb05-cdafaf497f92{ip: 192.168.5.157, host: trunk-nightly-6h29n-2077950039, networkLocation: /default-rack, certSerialId: null}, Type:RATIS, Factor:ONE, State:OPEN]
2019-07-14 04:35:43,771 INFO  node.SCMNodeManager (SCMNodeManager.java:register(269)) - Registered Data node : f2fb1c47-f2a9-4bac-ac1b-cb168850caba{ip: 192.168.5.157, host: trunk-nightly-6h29n-2077950039, networkLocation: /default-rack, certSerialId: null}
2019-07-14 04:35:43,789 INFO  impl.RaftServerProxy (RaftServerProxy.java:addNew(89)) - f2fb1c47-f2a9-4bac-ac1b-cb168850caba: addNew group-5526039C999C:[f2fb1c47-f2a9-4bac-ac1b-cb168850caba:192.168.5.157:34507] returns group-5526039C999C:java.util.concurrent.CompletableFuture@3f2f9da1[Not completed]
2019-07-14 04:35:43,792 INFO  impl.RaftServerImpl (RaftServerImpl.java:<init>(93)) - f2fb1c47-f2a9-4bac-ac1b-cb168850caba: new RaftServerImpl for group-5526039C999C:[f2fb1c47-f2a9-4bac-ac1b-cb168850caba:192.168.5.157:34507] with ContainerStateMachine:uninitialized
2019-07-14 04:35:43,792 INFO  server.RaftServerConfigKeys (ConfUtils.java:logGet(43)) - raft.server.rpc.timeout.min = 5s (custom)
2019-07-14 04:35:43,792 INFO  server.RaftServerConfigKeys (ConfUtils.java:logGet(43)) - raft.server.rpc.timeout.max = 5200ms (custom)
2019-07-14 04:35:43,792 INFO  server.RaftServerConfigKeys (ConfUtils.java:logGet(43)) - raft.server.rpcslowness.timeout = 120s (custom)
2019-07-14 04:35:43,792 INFO  server.RaftServerConfigKeys (ConfUtils.java:logGet(43)) - raft.server.sleep.deviation.threshold = 300 (default)
2019-07-14 04:35:43,792 INFO  server.RaftServerConfigKeys (ConfUtils.java:logGet(43)) - raft.server.log.appender.install.snapshot.enabled = false (custom)
2019-07-14 04:35:43,793 INFO  impl.RaftServerImpl (ServerState.java:<init>(105)) - f2fb1c47-f2a9-4bac-ac1b-cb168850caba:group-5526039C999C ConfigurationManager, init=-1: [f2fb1c47-f2a9-4bac-ac1b-cb168850caba:192.168.5.157:34507], old=null, confs=<EMPTY_MAP>
2019-07-14 04:35:43,793 INFO  server.RaftServerConfigKeys (ConfUtils.java:logGet(43)) - raft.server.storage.dir = [/tmp/workdir/hadoop-ozone/integration-test/target/test-dir/MiniOzoneClusterImpl-731b0d99-aab8-47a8-8b8d-de44cbd2448d/datanode-2/data/ratis] (custom)
2019-07-14 04:35:43,793 INFO  storage.RaftStorageDirectory (RaftStorageDirectory.java:analyzeStorage(246)) - The storage directory /tmp/workdir/hadoop-ozone/integration-test/target/test-dir/MiniOzoneClusterImpl-731b0d99-aab8-47a8-8b8d-de44cbd2448d/datanode-2/data/ratis/4d852f1e-38cc-4c26-91df-5526039c999c does not exist. Creating ...
2019-07-14 04:35:43,799 INFO  storage.RaftStorageDirectory (RaftStorageDirectory.java:tryLock(328)) - Lock on /tmp/workdir/hadoop-ozone/integration-test/target/test-dir/MiniOzoneClusterImpl-731b0d99-aab8-47a8-8b8d-de44cbd2448d/datanode-2/data/ratis/4d852f1e-38cc-4c26-91df-5526039c999c/in_use.lock acquired by nodename 17477@trunk-nightly-6h29n-2077950039
2019-07-14 04:35:43,802 INFO  storage.RaftStorage (RaftStorage.java:format(72)) - Storage directory /tmp/workdir/hadoop-ozone/integration-test/target/test-dir/MiniOzoneClusterImpl-731b0d99-aab8-47a8-8b8d-de44cbd2448d/datanode-2/data/ratis/4d852f1e-38cc-4c26-91df-5526039c999c has been successfully formatted.
2019-07-14 04:35:43,803 INFO  ratis.ContainerStateMachine (ContainerStateMachine.java:loadSnapshot(200)) - The snapshot info is null.Setting the last applied index to:(t:0, i:~)
2019-07-14 04:35:43,803 INFO  server.RaftServerConfigKeys (ConfUtils.java:logGet(43)) - raft.server.leader.election.timeout = 120s (custom)
2019-07-14 04:35:43,803 INFO  server.RaftServerConfigKeys (ConfUtils.java:logGet(43)) - raft.server.log.use.memory = false (default)
2019-07-14 04:35:43,803 INFO  server.RaftServerConfigKeys (ConfUtils.java:logGet(43)) - raft.server.log.purge.gap = 1000000000 (custom)
2019-07-14 04:35:43,804 INFO  server.RaftServerConfigKeys (ConfUtils.java:logGet(43)) - raft.server.log.appender.buffer.byte-limit = 33554432 (custom)
2019-07-14 04:35:43,804 INFO  server.RaftServerConfigKeys (ConfUtils.java:logGet(43)) - raft.server.log.segment.size.max = 1048576 (custom)
2019-07-14 04:35:43,804 INFO  server.RaftServerConfigKeys (ConfUtils.java:logGet(43)) - raft.server.log.segment.cache.num.max = 2 (custom)
2019-07-14 04:35:43,804 INFO  segmented.SegmentedRaftLogWorker (SegmentedRaftLogWorker.java:<init>(172)) - new f2fb1c47-f2a9-4bac-ac1b-cb168850caba-SegmentedRaftLogWorker:Storage Directory /tmp/workdir/hadoop-ozone/integration-test/target/test-dir/MiniOzoneClusterImpl-731b0d99-aab8-47a8-8b8d-de44cbd2448d/datanode-2/data/ratis/4d852f1e-38cc-4c26-91df-5526039c999c for RaftStorage:Storage Directory /tmp/workdir/hadoop-ozone/integration-test/target/test-dir/MiniOzoneClusterImpl-731b0d99-aab8-47a8-8b8d-de44cbd2448d/datanode-2/data/ratis/4d852f1e-38cc-4c26-91df-5526039c999c
2019-07-14 04:35:43,804 INFO  server.RaftServerConfigKeys (ConfUtils.java:logGet(43)) - raft.server.log.queue.byte-limit = 2147483647 (custom)
2019-07-14 04:35:43,805 INFO  server.RaftServerConfigKeys (ConfUtils.java:logGet(43)) - raft.server.log.queue.element-limit = 1024 (custom)
2019-07-14 04:35:43,805 INFO  server.RaftServerConfigKeys (ConfUtils.java:logGet(43)) - raft.server.log.segment.size.max = 1048576 (custom)
2019-07-14 04:35:43,805 INFO  server.RaftServerConfigKeys (ConfUtils.java:logGet(43)) - raft.server.log.preallocated.size = 16384 (custom)
2019-07-14 04:35:43,805 INFO  server.RaftServerConfigKeys (ConfUtils.java:logGet(43)) - raft.server.log.write.buffer.size = 33554432 (custom)
2019-07-14 04:35:43,805 INFO  server.RaftServerConfigKeys (ConfUtils.java:logGet(43)) - raft.server.log.force.sync.num = 128 (default)
2019-07-14 04:35:43,806 INFO  server.RaftServerConfigKeys (ConfUtils.java:logGet(43)) - raft.server.log.statemachine.data.sync = true (default)
2019-07-14 04:35:43,806 INFO  server.RaftServerConfigKeys (ConfUtils.java:logGet(43)) - raft.server.log.statemachine.data.sync.timeout = 10s (default)
2019-07-14 04:35:43,806 INFO  server.RaftServerConfigKeys (ConfUtils.java:logGet(43)) - raft.server.log.statemachine.data.sync.timeout.retry = -1 (default)
2019-07-14 04:35:43,806 INFO  server.RaftServerConfigKeys (ConfUtils.java:logGet(43)) - raft.server.log.statemachine.data.caching.enabled = true (custom)
2019-07-14 04:35:43,807 INFO  segmented.SegmentedRaftLogWorker (SegmentedRaftLogWorker.java:lambda$new$0(132)) - f2fb1c47-f2a9-4bac-ac1b-cb168850caba-SegmentedRaftLogWorker:Storage Directory /tmp/workdir/hadoop-ozone/integration-test/target/test-dir/MiniOzoneClusterImpl-731b0d99-aab8-47a8-8b8d-de44cbd2448d/datanode-2/data/ratis/4d852f1e-38cc-4c26-91df-5526039c999c: flushIndex: setUnconditionally 0 -> -1
2019-07-14 04:35:43,807 INFO  server.RaftServerConfigKeys (ConfUtils.java:logGet(43)) - raft.server.snapshot.auto.trigger.enabled = true (custom)
2019-07-14 04:35:43,807 INFO  server.RaftServerConfigKeys (ConfUtils.java:logGet(43)) - raft.server.snapshot.auto.trigger.threshold = 10000 (custom)
2019-07-14 04:35:43,808 INFO  server.RaftServerConfigKeys (ConfUtils.java:logGet(43)) - raft.server.retrycache.expirytime = 600000ms (custom)
2019-07-14 04:35:43,808 INFO  impl.RaftServerImpl (RaftServerImpl.java:start(180)) - f2fb1c47-f2a9-4bac-ac1b-cb168850caba: start group-5526039C999C
2019-07-14 04:35:43,808 INFO  impl.RaftServerImpl (RaftServerImpl.java:setRole(171)) - f2fb1c47-f2a9-4bac-ac1b-cb168850caba:group-5526039C999C changes role from null to FOLLOWER at term 0 for startAsFollower
2019-07-14 04:35:43,808 INFO  impl.RoleInfo (RoleInfo.java:updateAndGet(143)) - f2fb1c47-f2a9-4bac-ac1b-cb168850caba: start FollowerState
2019-07-14 04:35:43,809 INFO  util.JmxRegister (JmxRegister.java:tryRegister(44)) - Successfully registered JMX Bean with object name Ratis:service=RaftServer,group=group-5526039C999C,id=f2fb1c47-f2a9-4bac-ac1b-cb168850caba
2019-07-14 04:35:43,817 INFO  pipeline.PipelineStateManager (PipelineStateManager.java:addPipeline(56)) - Created pipeline Pipeline[ Id: 4d852f1e-38cc-4c26-91df-5526039c999c, Nodes: f2fb1c47-f2a9-4bac-ac1b-cb168850caba{ip: 192.168.5.157, host: trunk-nightly-6h29n-2077950039, networkLocation: /default-rack, certSerialId: null}, Type:RATIS, Factor:ONE, State:OPEN]
2019-07-14 04:35:43,854 INFO  impl.RaftServerProxy (RaftServerProxy.java:addNew(89)) - d48f6f32-e53b-43c5-9bf8-dd459e13a9d1: addNew group-8599D6E168F0:[d48f6f32-e53b-43c5-9bf8-dd459e13a9d1:192.168.5.157:45852, f2fb1c47-f2a9-4bac-ac1b-cb168850caba:192.168.5.157:34507, e3fb44ff-34d6-4834-bb05-cdafaf497f92:192.168.5.157:37951] returns group-8599D6E168F0:java.util.concurrent.CompletableFuture@2a868d62[Not completed]
2019-07-14 04:35:43,854 INFO  impl.RaftServerProxy (RaftServerProxy.java:addNew(89)) - f2fb1c47-f2a9-4bac-ac1b-cb168850caba: addNew group-8599D6E168F0:[d48f6f32-e53b-43c5-9bf8-dd459e13a9d1:192.168.5.157:45852, f2fb1c47-f2a9-4bac-ac1b-cb168850caba:192.168.5.157:34507, e3fb44ff-34d6-4834-bb05-cdafaf497f92:192.168.5.157:37951] returns group-8599D6E168F0:java.util.concurrent.CompletableFuture@4064a64c[Not completed]
2019-07-14 04:35:43,854 INFO  impl.RaftServerProxy (RaftServerProxy.java:addNew(89)) - e3fb44ff-34d6-4834-bb05-cdafaf497f92: addNew group-8599D6E168F0:[d48f6f32-e53b-43c5-9bf8-dd459e13a9d1:192.168.5.157:45852, f2fb1c47-f2a9-4bac-ac1b-cb168850caba:192.168.5.157:34507, e3fb44ff-34d6-4834-bb05-cdafaf497f92:192.168.5.157:37951] returns group-8599D6E168F0:java.util.concurrent.CompletableFuture@32082f6[Not completed]
2019-07-14 04:35:43,857 INFO  impl.RaftServerImpl (RaftServerImpl.java:<init>(93)) - e3fb44ff-34d6-4834-bb05-cdafaf497f92: new RaftServerImpl for group-8599D6E168F0:[d48f6f32-e53b-43c5-9bf8-dd459e13a9d1:192.168.5.157:45852, f2fb1c47-f2a9-4bac-ac1b-cb168850caba:192.168.5.157:34507, e3fb44ff-34d6-4834-bb05-cdafaf497f92:192.168.5.157:37951] with ContainerStateMachine:uninitialized
2019-07-14 04:35:43,858 INFO  server.RaftServerConfigKeys (ConfUtils.java:logGet(43)) - raft.server.rpc.timeout.min = 5s (custom)
2019-07-14 04:35:43,858 INFO  server.RaftServerConfigKeys (ConfUtils.java:logGet(43)) - raft.server.rpc.timeout.max = 5200ms (custom)
2019-07-14 04:35:43,858 INFO  server.RaftServerConfigKeys (ConfUtils.java:logGet(43)) - raft.server.rpcslowness.timeout = 120s (custom)
2019-07-14 04:35:43,858 INFO  server.RaftServerConfigKeys (ConfUtils.java:logGet(43)) - raft.server.sleep.deviation.threshold = 300 (default)
2019-07-14 04:35:43,858 INFO  server.RaftServerConfigKeys (ConfUtils.java:logGet(43)) - raft.server.log.appender.install.snapshot.enabled = false (custom)
2019-07-14 04:35:43,858 INFO  impl.RaftServerImpl (ServerState.java:<init>(105)) - e3fb44ff-34d6-4834-bb05-cdafaf497f92:group-8599D6E168F0 ConfigurationManager, init=-1: [d48f6f32-e53b-43c5-9bf8-dd459e13a9d1:192.168.5.157:45852, f2fb1c47-f2a9-4bac-ac1b-cb168850caba:192.168.5.157:34507, e3fb44ff-34d6-4834-bb05-cdafaf497f92:192.168.5.157:37951], old=null, confs=<EMPTY_MAP>
2019-07-14 04:35:43,859 INFO  server.RaftServerConfigKeys (ConfUtils.java:logGet(43)) - raft.server.storage.dir = [/tmp/workdir/hadoop-ozone/integration-test/target/test-dir/MiniOzoneClusterImpl-731b0d99-aab8-47a8-8b8d-de44cbd2448d/datanode-1/data/ratis] (custom)
2019-07-14 04:35:43,859 INFO  impl.RaftServerImpl (RaftServerImpl.java:<init>(93)) - d48f6f32-e53b-43c5-9bf8-dd459e13a9d1: new RaftServerImpl for group-8599D6E168F0:[d48f6f32-e53b-43c5-9bf8-dd459e13a9d1:192.168.5.157:45852, f2fb1c47-f2a9-4bac-ac1b-cb168850caba:192.168.5.157:34507, e3fb44ff-34d6-4834-bb05-cdafaf497f92:192.168.5.157:37951] with ContainerStateMachine:uninitialized
2019-07-14 04:35:43,860 INFO  storage.RaftStorageDirectory (RaftStorageDirectory.java:analyzeStorage(246)) - The storage directory /tmp/workdir/hadoop-ozone/integration-test/target/test-dir/MiniOzoneClusterImpl-731b0d99-aab8-47a8-8b8d-de44cbd2448d/datanode-1/data/ratis/e2d6b4d6-b954-4588-af8a-8599d6e168f0 does not exist. Creating ...
2019-07-14 04:35:43,860 INFO  server.RaftServerConfigKeys (ConfUtils.java:logGet(43)) - raft.server.rpc.timeout.min = 5s (custom)
2019-07-14 04:35:43,860 INFO  server.RaftServerConfigKeys (ConfUtils.java:logGet(43)) - raft.server.rpc.timeout.max = 5200ms (custom)
2019-07-14 04:35:43,860 INFO  server.RaftServerConfigKeys (ConfUtils.java:logGet(43)) - raft.server.rpcslowness.timeout = 120s (custom)
2019-07-14 04:35:43,860 INFO  impl.RaftServerImpl (RaftServerImpl.java:<init>(93)) - f2fb1c47-f2a9-4bac-ac1b-cb168850caba: new RaftServerImpl for group-8599D6E168F0:[d48f6f32-e53b-43c5-9bf8-dd459e13a9d1:192.168.5.157:45852, f2fb1c47-f2a9-4bac-ac1b-cb168850caba:192.168.5.157:34507, e3fb44ff-34d6-4834-bb05-cdafaf497f92:192.168.5.157:37951] with ContainerStateMachine:uninitialized
2019-07-14 04:35:43,860 INFO  server.RaftServerConfigKeys (ConfUtils.java:logGet(43)) - raft.server.sleep.deviation.threshold = 300 (default)
2019-07-14 04:35:43,861 INFO  server.RaftServerConfigKeys (ConfUtils.java:logGet(43)) - raft.server.rpc.timeout.min = 5s (custom)
2019-07-14 04:35:43,861 INFO  server.RaftServerConfigKeys (ConfUtils.java:logGet(43)) - raft.server.log.appender.install.snapshot.enabled = false (custom)
2019-07-14 04:35:43,861 INFO  server.RaftServerConfigKeys (ConfUtils.java:logGet(43)) - raft.server.rpc.timeout.max = 5200ms (custom)
2019-07-14 04:35:43,861 INFO  impl.RaftServerImpl (ServerState.java:<init>(105)) - d48f6f32-e53b-43c5-9bf8-dd459e13a9d1:group-8599D6E168F0 ConfigurationManager, init=-1: [d48f6f32-e53b-43c5-9bf8-dd459e13a9d1:192.168.5.157:45852, f2fb1c47-f2a9-4bac-ac1b-cb168850caba:192.168.5.157:34507, e3fb44ff-34d6-4834-bb05-cdafaf497f92:192.168.5.157:37951], old=null, confs=<EMPTY_MAP>
2019-07-14 04:35:43,861 INFO  server.RaftServerConfigKeys (ConfUtils.java:logGet(43)) - raft.server.rpcslowness.timeout = 120s (custom)
2019-07-14 04:35:43,862 INFO  server.RaftServerConfigKeys (ConfUtils.java:logGet(43)) - raft.server.storage.dir = [/tmp/workdir/hadoop-ozone/integration-test/target/test-dir/MiniOzoneClusterImpl-731b0d99-aab8-47a8-8b8d-de44cbd2448d/datanode-0/data/ratis] (custom)
2019-07-14 04:35:43,862 INFO  server.RaftServerConfigKeys (ConfUtils.java:logGet(43)) - raft.server.sleep.deviation.threshold = 300 (default)
2019-07-14 04:35:43,862 INFO  server.RaftServerConfigKeys (ConfUtils.java:logGet(43)) - raft.server.log.appender.install.snapshot.enabled = false (custom)
2019-07-14 04:35:43,862 INFO  impl.RaftServerImpl (ServerState.java:<init>(105)) - f2fb1c47-f2a9-4bac-ac1b-cb168850caba:group-8599D6E168F0 ConfigurationManager, init=-1: [d48f6f32-e53b-43c5-9bf8-dd459e13a9d1:192.168.5.157:45852, f2fb1c47-f2a9-4bac-ac1b-cb168850caba:192.168.5.157:34507, e3fb44ff-34d6-4834-bb05-cdafaf497f92:192.168.5.157:37951], old=null, confs=<EMPTY_MAP>
2019-07-14 04:35:43,862 INFO  storage.RaftStorageDirectory (RaftStorageDirectory.java:analyzeStorage(246)) - The storage directory /tmp/workdir/hadoop-ozone/integration-test/target/test-dir/MiniOzoneClusterImpl-731b0d99-aab8-47a8-8b8d-de44cbd2448d/datanode-0/data/ratis/e2d6b4d6-b954-4588-af8a-8599d6e168f0 does not exist. Creating ...
2019-07-14 04:35:43,862 INFO  server.RaftServerConfigKeys (ConfUtils.java:logGet(43)) - raft.server.storage.dir = [/tmp/workdir/hadoop-ozone/integration-test/target/test-dir/MiniOzoneClusterImpl-731b0d99-aab8-47a8-8b8d-de44cbd2448d/datanode-2/data/ratis] (custom)
2019-07-14 04:35:43,863 INFO  storage.RaftStorageDirectory (RaftStorageDirectory.java:analyzeStorage(246)) - The storage directory /tmp/workdir/hadoop-ozone/integration-test/target/test-dir/MiniOzoneClusterImpl-731b0d99-aab8-47a8-8b8d-de44cbd2448d/datanode-2/data/ratis/e2d6b4d6-b954-4588-af8a-8599d6e168f0 does not exist. Creating ...
2019-07-14 04:35:43,873 INFO  storage.RaftStorageDirectory (RaftStorageDirectory.java:tryLock(328)) - Lock on /tmp/workdir/hadoop-ozone/integration-test/target/test-dir/MiniOzoneClusterImpl-731b0d99-aab8-47a8-8b8d-de44cbd2448d/datanode-1/data/ratis/e2d6b4d6-b954-4588-af8a-8599d6e168f0/in_use.lock acquired by nodename 17477@trunk-nightly-6h29n-2077950039
2019-07-14 04:35:43,873 INFO  storage.RaftStorageDirectory (RaftStorageDirectory.java:tryLock(328)) - Lock on /tmp/workdir/hadoop-ozone/integration-test/target/test-dir/MiniOzoneClusterImpl-731b0d99-aab8-47a8-8b8d-de44cbd2448d/datanode-0/data/ratis/e2d6b4d6-b954-4588-af8a-8599d6e168f0/in_use.lock acquired by nodename 17477@trunk-nightly-6h29n-2077950039
2019-07-14 04:35:43,873 INFO  storage.RaftStorageDirectory (RaftStorageDirectory.java:tryLock(328)) - Lock on /tmp/workdir/hadoop-ozone/integration-test/target/test-dir/MiniOzoneClusterImpl-731b0d99-aab8-47a8-8b8d-de44cbd2448d/datanode-2/data/ratis/e2d6b4d6-b954-4588-af8a-8599d6e168f0/in_use.lock acquired by nodename 17477@trunk-nightly-6h29n-2077950039
2019-07-14 04:35:43,878 INFO  storage.RaftStorage (RaftStorage.java:format(72)) - Storage directory /tmp/workdir/hadoop-ozone/integration-test/target/test-dir/MiniOzoneClusterImpl-731b0d99-aab8-47a8-8b8d-de44cbd2448d/datanode-1/data/ratis/e2d6b4d6-b954-4588-af8a-8599d6e168f0 has been successfully formatted.
2019-07-14 04:35:43,878 INFO  storage.RaftStorage (RaftStorage.java:format(72)) - Storage directory /tmp/workdir/hadoop-ozone/integration-test/target/test-dir/MiniOzoneClusterImpl-731b0d99-aab8-47a8-8b8d-de44cbd2448d/datanode-2/data/ratis/e2d6b4d6-b954-4588-af8a-8599d6e168f0 has been successfully formatted.
2019-07-14 04:35:43,878 INFO  ratis.ContainerStateMachine (ContainerStateMachine.java:loadSnapshot(200)) - The snapshot info is null.Setting the last applied index to:(t:0, i:~)
2019-07-14 04:35:43,878 INFO  storage.RaftStorage (RaftStorage.java:format(72)) - Storage directory /tmp/workdir/hadoop-ozone/integration-test/target/test-dir/MiniOzoneClusterImpl-731b0d99-aab8-47a8-8b8d-de44cbd2448d/datanode-0/data/ratis/e2d6b4d6-b954-4588-af8a-8599d6e168f0 has been successfully formatted.
2019-07-14 04:35:43,879 INFO  server.RaftServerConfigKeys (ConfUtils.java:logGet(43)) - raft.server.leader.election.timeout = 120s (custom)
2019-07-14 04:35:43,879 INFO  ratis.ContainerStateMachine (ContainerStateMachine.java:loadSnapshot(200)) - The snapshot info is null.Setting the last applied index to:(t:0, i:~)
2019-07-14 04:35:43,879 INFO  ratis.ContainerStateMachine (ContainerStateMachine.java:loadSnapshot(200)) - The snapshot info is null.Setting the last applied index to:(t:0, i:~)
2019-07-14 04:35:43,879 INFO  server.RaftServerConfigKeys (ConfUtils.java:logGet(43)) - raft.server.log.use.memory = false (default)
2019-07-14 04:35:43,879 INFO  server.RaftServerConfigKeys (ConfUtils.java:logGet(43)) - raft.server.leader.election.timeout = 120s (custom)
2019-07-14 04:35:43,879 INFO  server.RaftServerConfigKeys (ConfUtils.java:logGet(43)) - raft.server.leader.election.timeout = 120s (custom)
2019-07-14 04:35:43,880 INFO  server.RaftServerConfigKeys (ConfUtils.java:logGet(43)) - raft.server.log.use.memory = false (default)
2019-07-14 04:35:43,880 INFO  server.RaftServerConfigKeys (ConfUtils.java:logGet(43)) - raft.server.log.purge.gap = 1000000000 (custom)
2019-07-14 04:35:43,880 INFO  server.RaftServerConfigKeys (ConfUtils.java:logGet(43)) - raft.server.log.purge.gap = 1000000000 (custom)
2019-07-14 04:35:43,880 INFO  server.RaftServerConfigKeys (ConfUtils.java:logGet(43)) - raft.server.log.use.memory = false (default)
2019-07-14 04:35:43,880 INFO  server.RaftServerConfigKeys (ConfUtils.java:logGet(43)) - raft.server.log.appender.buffer.byte-limit = 33554432 (custom)
2019-07-14 04:35:43,880 INFO  server.RaftServerConfigKeys (ConfUtils.java:logGet(43)) - raft.server.log.appender.buffer.byte-limit = 33554432 (custom)
2019-07-14 04:35:43,881 INFO  server.RaftServerConfigKeys (ConfUtils.java:logGet(43)) - raft.server.log.segment.size.max = 1048576 (custom)
2019-07-14 04:35:43,880 INFO  server.RaftServerConfigKeys (ConfUtils.java:logGet(43)) - raft.server.log.purge.gap = 1000000000 (custom)
2019-07-14 04:35:43,881 INFO  server.RaftServerConfigKeys (ConfUtils.java:logGet(43)) - raft.server.log.segment.cache.num.max = 2 (custom)
2019-07-14 04:35:43,881 INFO  server.RaftServerConfigKeys (ConfUtils.java:logGet(43)) - raft.server.log.segment.size.max = 1048576 (custom)
2019-07-14 04:35:43,881 INFO  segmented.SegmentedRaftLogWorker (SegmentedRaftLogWorker.java:<init>(172)) - new d48f6f32-e53b-43c5-9bf8-dd459e13a9d1-SegmentedRaftLogWorker:Storage Directory /tmp/workdir/hadoop-ozone/integration-test/target/test-dir/MiniOzoneClusterImpl-731b0d99-aab8-47a8-8b8d-de44cbd2448d/datanode-0/data/ratis/e2d6b4d6-b954-4588-af8a-8599d6e168f0 for RaftStorage:Storage Directory /tmp/workdir/hadoop-ozone/integration-test/target/test-dir/MiniOzoneClusterImpl-731b0d99-aab8-47a8-8b8d-de44cbd2448d/datanode-0/data/ratis/e2d6b4d6-b954-4588-af8a-8599d6e168f0
2019-07-14 04:35:43,881 INFO  server.RaftServerConfigKeys (ConfUtils.java:logGet(43)) - raft.server.log.appender.buffer.byte-limit = 33554432 (custom)
2019-07-14 04:35:43,882 INFO  server.RaftServerConfigKeys (ConfUtils.java:logGet(43)) - raft.server.log.queue.byte-limit = 2147483647 (custom)
2019-07-14 04:35:43,882 INFO  server.RaftServerConfigKeys (ConfUtils.java:logGet(43)) - raft.server.log.segment.cache.num.max = 2 (custom)
2019-07-14 04:35:43,882 INFO  server.RaftServerConfigKeys (ConfUtils.java:logGet(43)) - raft.server.log.queue.element-limit = 1024 (custom)
2019-07-14 04:35:43,882 INFO  server.RaftServerConfigKeys (ConfUtils.java:logGet(43)) - raft.server.log.segment.size.max = 1048576 (custom)
2019-07-14 04:35:43,882 INFO  server.RaftServerConfigKeys (ConfUtils.java:logGet(43)) - raft.server.log.segment.size.max = 1048576 (custom)
2019-07-14 04:35:43,882 INFO  segmented.SegmentedRaftLogWorker (SegmentedRaftLogWorker.java:<init>(172)) - new e3fb44ff-34d6-4834-bb05-cdafaf497f92-SegmentedRaftLogWorker:Storage Directory /tmp/workdir/hadoop-ozone/integration-test/target/test-dir/MiniOzoneClusterImpl-731b0d99-aab8-47a8-8b8d-de44cbd2448d/datanode-1/data/ratis/e2d6b4d6-b954-4588-af8a-8599d6e168f0 for RaftStorage:Storage Directory /tmp/workdir/hadoop-ozone/integration-test/target/test-dir/MiniOzoneClusterImpl-731b0d99-aab8-47a8-8b8d-de44cbd2448d/datanode-1/data/ratis/e2d6b4d6-b954-4588-af8a-8599d6e168f0
2019-07-14 04:35:43,883 INFO  server.RaftServerConfigKeys (ConfUtils.java:logGet(43)) - raft.server.log.preallocated.size = 16384 (custom)
2019-07-14 04:35:43,883 INFO  server.RaftServerConfigKeys (ConfUtils.java:logGet(43)) - raft.server.log.segment.cache.num.max = 2 (custom)
2019-07-14 04:35:43,883 INFO  server.RaftServerConfigKeys (ConfUtils.java:logGet(43)) - raft.server.log.write.buffer.size = 33554432 (custom)
2019-07-14 04:35:43,883 INFO  server.RaftServerConfigKeys (ConfUtils.java:logGet(43)) - raft.server.log.queue.byte-limit = 2147483647 (custom)
2019-07-14 04:35:43,883 INFO  server.RaftServerConfigKeys (ConfUtils.java:logGet(43)) - raft.server.log.force.sync.num = 128 (default)
2019-07-14 04:35:43,883 INFO  segmented.SegmentedRaftLogWorker (SegmentedRaftLogWorker.java:<init>(172)) - new f2fb1c47-f2a9-4bac-ac1b-cb168850caba-SegmentedRaftLogWorker:Storage Directory /tmp/workdir/hadoop-ozone/integration-test/target/test-dir/MiniOzoneClusterImpl-731b0d99-aab8-47a8-8b8d-de44cbd2448d/datanode-2/data/ratis/e2d6b4d6-b954-4588-af8a-8599d6e168f0 for RaftStorage:Storage Directory /tmp/workdir/hadoop-ozone/integration-test/target/test-dir/MiniOzoneClusterImpl-731b0d99-aab8-47a8-8b8d-de44cbd2448d/datanode-2/data/ratis/e2d6b4d6-b954-4588-af8a-8599d6e168f0
2019-07-14 04:35:43,884 INFO  server.RaftServerConfigKeys (ConfUtils.java:logGet(43)) - raft.server.log.statemachine.data.sync = true (default)
2019-07-14 04:35:43,884 INFO  server.RaftServerConfigKeys (ConfUtils.java:logGet(43)) - raft.server.log.queue.element-limit = 1024 (custom)
2019-07-14 04:35:43,884 INFO  server.RaftServerConfigKeys (ConfUtils.java:logGet(43)) - raft.server.log.statemachine.data.sync.timeout = 10s (default)
2019-07-14 04:35:43,884 INFO  server.RaftServerConfigKeys (ConfUtils.java:logGet(43)) - raft.server.log.queue.byte-limit = 2147483647 (custom)
2019-07-14 04:35:43,884 INFO  server.RaftServerConfigKeys (ConfUtils.java:logGet(43)) - raft.server.log.statemachine.data.sync.timeout.retry = -1 (default)
2019-07-14 04:35:43,884 INFO  server.RaftServerConfigKeys (ConfUtils.java:logGet(43)) - raft.server.log.segment.size.max = 1048576 (custom)
2019-07-14 04:35:43,885 INFO  server.RaftServerConfigKeys (ConfUtils.java:logGet(43)) - raft.server.log.statemachine.data.caching.enabled = true (custom)
2019-07-14 04:35:43,885 INFO  server.RaftServerConfigKeys (ConfUtils.java:logGet(43)) - raft.server.log.queue.element-limit = 1024 (custom)
2019-07-14 04:35:43,885 INFO  server.RaftServerConfigKeys (ConfUtils.java:logGet(43)) - raft.server.log.preallocated.size = 16384 (custom)
2019-07-14 04:35:43,885 INFO  segmented.SegmentedRaftLogWorker (SegmentedRaftLogWorker.java:lambda$new$0(132)) - d48f6f32-e53b-43c5-9bf8-dd459e13a9d1-SegmentedRaftLogWorker:Storage Directory /tmp/workdir/hadoop-ozone/integration-test/target/test-dir/MiniOzoneClusterImpl-731b0d99-aab8-47a8-8b8d-de44cbd2448d/datanode-0/data/ratis/e2d6b4d6-b954-4588-af8a-8599d6e168f0: flushIndex: setUnconditionally 0 -> -1
2019-07-14 04:35:43,885 INFO  server.RaftServerConfigKeys (ConfUtils.java:logGet(43)) - raft.server.log.segment.size.max = 1048576 (custom)
2019-07-14 04:35:43,886 INFO  server.RaftServerConfigKeys (ConfUtils.java:logGet(43)) - raft.server.log.write.buffer.size = 33554432 (custom)
2019-07-14 04:35:43,886 INFO  server.RaftServerConfigKeys (ConfUtils.java:logGet(43)) - raft.server.log.preallocated.size = 16384 (custom)
2019-07-14 04:35:43,886 INFO  server.RaftServerConfigKeys (ConfUtils.java:logGet(43)) - raft.server.snapshot.auto.trigger.enabled = true (custom)
2019-07-14 04:35:43,886 INFO  server.RaftServerConfigKeys (ConfUtils.java:logGet(43)) - raft.server.log.write.buffer.size = 33554432 (custom)
2019-07-14 04:35:43,886 INFO  server.RaftServerConfigKeys (ConfUtils.java:logGet(43)) - raft.server.log.force.sync.num = 128 (default)
2019-07-14 04:35:43,887 INFO  server.RaftServerConfigKeys (ConfUtils.java:logGet(43)) - raft.server.log.force.sync.num = 128 (default)
2019-07-14 04:35:43,886 INFO  server.RaftServerConfigKeys (ConfUtils.java:logGet(43)) - raft.server.snapshot.auto.trigger.threshold = 10000 (custom)
2019-07-14 04:35:43,887 INFO  server.RaftServerConfigKeys (ConfUtils.java:logGet(43)) - raft.server.log.statemachine.data.sync = true (default)
2019-07-14 04:35:43,887 INFO  server.RaftServerConfigKeys (ConfUtils.java:logGet(43)) - raft.server.log.statemachine.data.sync = true (default)
2019-07-14 04:35:43,887 INFO  server.RaftServerConfigKeys (ConfUtils.java:logGet(43)) - raft.server.log.statemachine.data.sync.timeout = 10s (default)
2019-07-14 04:35:43,887 INFO  server.RaftServerConfigKeys (ConfUtils.java:logGet(43)) - raft.server.retrycache.expirytime = 600000ms (custom)
2019-07-14 04:35:43,888 INFO  server.RaftServerConfigKeys (ConfUtils.java:logGet(43)) - raft.server.log.statemachine.data.sync.timeout.retry = -1 (default)
2019-07-14 04:35:43,887 INFO  server.RaftServerConfigKeys (ConfUtils.java:logGet(43)) - raft.server.log.statemachine.data.sync.timeout = 10s (default)
2019-07-14 04:35:43,888 INFO  server.RaftServerConfigKeys (ConfUtils.java:logGet(43)) - raft.server.log.statemachine.data.caching.enabled = true (custom)
2019-07-14 04:35:43,888 INFO  impl.RaftServerImpl (RaftServerImpl.java:start(180)) - d48f6f32-e53b-43c5-9bf8-dd459e13a9d1: start group-8599D6E168F0
2019-07-14 04:35:43,888 INFO  impl.RaftServerImpl (RaftServerImpl.java:setRole(171)) - d48f6f32-e53b-43c5-9bf8-dd459e13a9d1:group-8599D6E168F0 changes role from null to FOLLOWER at term 0 for startAsFollower
2019-07-14 04:35:43,888 INFO  server.RaftServerConfigKeys (ConfUtils.java:logGet(43)) - raft.server.log.statemachine.data.sync.timeout.retry = -1 (default)
2019-07-14 04:35:43,889 INFO  impl.RoleInfo (RoleInfo.java:updateAndGet(143)) - d48f6f32-e53b-43c5-9bf8-dd459e13a9d1: start FollowerState
2019-07-14 04:35:43,888 INFO  segmented.SegmentedRaftLogWorker (SegmentedRaftLogWorker.java:lambda$new$0(132)) - f2fb1c47-f2a9-4bac-ac1b-cb168850caba-SegmentedRaftLogWorker:Storage Directory /tmp/workdir/hadoop-ozone/integration-test/target/test-dir/MiniOzoneClusterImpl-731b0d99-aab8-47a8-8b8d-de44cbd2448d/datanode-2/data/ratis/e2d6b4d6-b954-4588-af8a-8599d6e168f0: flushIndex: setUnconditionally 0 -> -1
2019-07-14 04:35:43,889 INFO  server.RaftServerConfigKeys (ConfUtils.java:logGet(43)) - raft.server.log.statemachine.data.caching.enabled = true (custom)
2019-07-14 04:35:43,889 INFO  util.JmxRegister (JmxRegister.java:tryRegister(44)) - Successfully registered JMX Bean with object name Ratis:service=RaftServer,group=group-8599D6E168F0,id=d48f6f32-e53b-43c5-9bf8-dd459e13a9d1
2019-07-14 04:35:43,889 INFO  server.RaftServerConfigKeys (ConfUtils.java:logGet(43)) - raft.server.snapshot.auto.trigger.enabled = true (custom)
2019-07-14 04:35:43,890 INFO  segmented.SegmentedRaftLogWorker (SegmentedRaftLogWorker.java:lambda$new$0(132)) - e3fb44ff-34d6-4834-bb05-cdafaf497f92-SegmentedRaftLogWorker:Storage Directory /tmp/workdir/hadoop-ozone/integration-test/target/test-dir/MiniOzoneClusterImpl-731b0d99-aab8-47a8-8b8d-de44cbd2448d/datanode-1/data/ratis/e2d6b4d6-b954-4588-af8a-8599d6e168f0: flushIndex: setUnconditionally 0 -> -1
2019-07-14 04:35:43,890 INFO  server.RaftServerConfigKeys (ConfUtils.java:logGet(43)) - raft.server.snapshot.auto.trigger.threshold = 10000 (custom)
2019-07-14 04:35:43,890 INFO  server.RaftServerConfigKeys (ConfUtils.java:logGet(43)) - raft.server.snapshot.auto.trigger.enabled = true (custom)
2019-07-14 04:35:43,890 INFO  server.RaftServerConfigKeys (ConfUtils.java:logGet(43)) - raft.server.retrycache.expirytime = 600000ms (custom)
2019-07-14 04:35:43,890 INFO  server.RaftServerConfigKeys (ConfUtils.java:logGet(43)) - raft.server.snapshot.auto.trigger.threshold = 10000 (custom)
2019-07-14 04:35:43,890 INFO  impl.RaftServerImpl (RaftServerImpl.java:start(180)) - f2fb1c47-f2a9-4bac-ac1b-cb168850caba: start group-8599D6E168F0
2019-07-14 04:35:43,891 INFO  server.RaftServerConfigKeys (ConfUtils.java:logGet(43)) - raft.server.retrycache.expirytime = 600000ms (custom)
2019-07-14 04:35:43,891 INFO  impl.RaftServerImpl (RaftServerImpl.java:setRole(171)) - f2fb1c47-f2a9-4bac-ac1b-cb168850caba:group-8599D6E168F0 changes role from null to FOLLOWER at term 0 for startAsFollower
2019-07-14 04:35:43,891 INFO  impl.RaftServerImpl (RaftServerImpl.java:start(180)) - e3fb44ff-34d6-4834-bb05-cdafaf497f92: start group-8599D6E168F0
2019-07-14 04:35:43,891 INFO  impl.RoleInfo (RoleInfo.java:updateAndGet(143)) - f2fb1c47-f2a9-4bac-ac1b-cb168850caba: start FollowerState
2019-07-14 04:35:43,891 INFO  impl.RaftServerImpl (RaftServerImpl.java:setRole(171)) - e3fb44ff-34d6-4834-bb05-cdafaf497f92:group-8599D6E168F0 changes role from null to FOLLOWER at term 0 for startAsFollower
2019-07-14 04:35:43,891 INFO  impl.RoleInfo (RoleInfo.java:updateAndGet(143)) - e3fb44ff-34d6-4834-bb05-cdafaf497f92: start FollowerState
2019-07-14 04:35:43,892 INFO  util.JmxRegister (JmxRegister.java:tryRegister(44)) - Successfully registered JMX Bean with object name Ratis:service=RaftServer,group=group-8599D6E168F0,id=f2fb1c47-f2a9-4bac-ac1b-cb168850caba
2019-07-14 04:35:43,892 INFO  util.JmxRegister (JmxRegister.java:tryRegister(44)) - Successfully registered JMX Bean with object name Ratis:service=RaftServer,group=group-8599D6E168F0,id=e3fb44ff-34d6-4834-bb05-cdafaf497f92
2019-07-14 04:35:43,908 INFO  pipeline.PipelineStateManager (PipelineStateManager.java:addPipeline(56)) - Created pipeline Pipeline[ Id: e2d6b4d6-b954-4588-af8a-8599d6e168f0, Nodes: e3fb44ff-34d6-4834-bb05-cdafaf497f92{ip: 192.168.5.157, host: trunk-nightly-6h29n-2077950039, networkLocation: /default-rack, certSerialId: null}d48f6f32-e53b-43c5-9bf8-dd459e13a9d1{ip: 192.168.5.157, host: trunk-nightly-6h29n-2077950039, networkLocation: /default-rack, certSerialId: null}f2fb1c47-f2a9-4bac-ac1b-cb168850caba{ip: 192.168.5.157, host: trunk-nightly-6h29n-2077950039, networkLocation: /default-rack, certSerialId: null}, Type:RATIS, Factor:THREE, State:OPEN]
2019-07-14 04:35:43,971 INFO  node.SCMNodeManager (SCMNodeManager.java:register(269)) - Registered Data node : 68e894bc-f316-43bc-b55b-b590aca17df2{ip: 192.168.5.157, host: trunk-nightly-6h29n-2077950039, networkLocation: /default-rack, certSerialId: null}
2019-07-14 04:35:43,987 INFO  impl.RaftServerProxy (RaftServerProxy.java:addNew(89)) - 68e894bc-f316-43bc-b55b-b590aca17df2: addNew group-3396A9242923:[68e894bc-f316-43bc-b55b-b590aca17df2:192.168.5.157:39889] returns group-3396A9242923:java.util.concurrent.CompletableFuture@697cbea4[Not completed]
2019-07-14 04:35:43,989 INFO  impl.RaftServerImpl (RaftServerImpl.java:<init>(93)) - 68e894bc-f316-43bc-b55b-b590aca17df2: new RaftServerImpl for group-3396A9242923:[68e894bc-f316-43bc-b55b-b590aca17df2:192.168.5.157:39889] with ContainerStateMachine:uninitialized
2019-07-14 04:35:43,989 INFO  server.RaftServerConfigKeys (ConfUtils.java:logGet(43)) - raft.server.rpc.timeout.min = 5s (custom)
2019-07-14 04:35:43,989 INFO  server.RaftServerConfigKeys (ConfUtils.java:logGet(43)) - raft.server.rpc.timeout.max = 5200ms (custom)
2019-07-14 04:35:43,990 INFO  server.RaftServerConfigKeys (ConfUtils.java:logGet(43)) - raft.server.rpcslowness.timeout = 120s (custom)
2019-07-14 04:35:43,990 INFO  server.RaftServerConfigKeys (ConfUtils.java:logGet(43)) - raft.server.sleep.deviation.threshold = 300 (default)
2019-07-14 04:35:43,990 INFO  server.RaftServerConfigKeys (ConfUtils.java:logGet(43)) - raft.server.log.appender.install.snapshot.enabled = false (custom)
2019-07-14 04:35:43,990 INFO  impl.RaftServerImpl (ServerState.java:<init>(105)) - 68e894bc-f316-43bc-b55b-b590aca17df2:group-3396A9242923 ConfigurationManager, init=-1: [68e894bc-f316-43bc-b55b-b590aca17df2:192.168.5.157:39889], old=null, confs=<EMPTY_MAP>
2019-07-14 04:35:43,990 INFO  server.RaftServerConfigKeys (ConfUtils.java:logGet(43)) - raft.server.storage.dir = [/tmp/workdir/hadoop-ozone/integration-test/target/test-dir/MiniOzoneClusterImpl-731b0d99-aab8-47a8-8b8d-de44cbd2448d/datanode-3/data/ratis] (custom)
2019-07-14 04:35:43,991 INFO  storage.RaftStorageDirectory (RaftStorageDirectory.java:analyzeStorage(246)) - The storage directory /tmp/workdir/hadoop-ozone/integration-test/target/test-dir/MiniOzoneClusterImpl-731b0d99-aab8-47a8-8b8d-de44cbd2448d/datanode-3/data/ratis/4d229bbe-ae36-4b87-a3ef-3396a9242923 does not exist. Creating ...
2019-07-14 04:35:43,996 INFO  storage.RaftStorageDirectory (RaftStorageDirectory.java:tryLock(328)) - Lock on /tmp/workdir/hadoop-ozone/integration-test/target/test-dir/MiniOzoneClusterImpl-731b0d99-aab8-47a8-8b8d-de44cbd2448d/datanode-3/data/ratis/4d229bbe-ae36-4b87-a3ef-3396a9242923/in_use.lock acquired by nodename 17477@trunk-nightly-6h29n-2077950039
2019-07-14 04:35:43,999 INFO  storage.RaftStorage (RaftStorage.java:format(72)) - Storage directory /tmp/workdir/hadoop-ozone/integration-test/target/test-dir/MiniOzoneClusterImpl-731b0d99-aab8-47a8-8b8d-de44cbd2448d/datanode-3/data/ratis/4d229bbe-ae36-4b87-a3ef-3396a9242923 has been successfully formatted.
2019-07-14 04:35:44,000 INFO  ratis.ContainerStateMachine (ContainerStateMachine.java:loadSnapshot(200)) - The snapshot info is null.Setting the last applied index to:(t:0, i:~)
2019-07-14 04:35:44,000 INFO  server.RaftServerConfigKeys (ConfUtils.java:logGet(43)) - raft.server.leader.election.timeout = 120s (custom)
2019-07-14 04:35:44,000 INFO  server.RaftServerConfigKeys (ConfUtils.java:logGet(43)) - raft.server.log.use.memory = false (default)
2019-07-14 04:35:44,001 INFO  server.RaftServerConfigKeys (ConfUtils.java:logGet(43)) - raft.server.log.purge.gap = 1000000000 (custom)
2019-07-14 04:35:44,001 INFO  server.RaftServerConfigKeys (ConfUtils.java:logGet(43)) - raft.server.log.appender.buffer.byte-limit = 33554432 (custom)
2019-07-14 04:35:44,001 INFO  server.RaftServerConfigKeys (ConfUtils.java:logGet(43)) - raft.server.log.segment.size.max = 1048576 (custom)
2019-07-14 04:35:44,001 INFO  server.RaftServerConfigKeys (ConfUtils.java:logGet(43)) - raft.server.log.segment.cache.num.max = 2 (custom)
2019-07-14 04:35:44,001 INFO  segmented.SegmentedRaftLogWorker (SegmentedRaftLogWorker.java:<init>(172)) - new 68e894bc-f316-43bc-b55b-b590aca17df2-SegmentedRaftLogWorker:Storage Directory /tmp/workdir/hadoop-ozone/integration-test/target/test-dir/MiniOzoneClusterImpl-731b0d99-aab8-47a8-8b8d-de44cbd2448d/datanode-3/data/ratis/4d229bbe-ae36-4b87-a3ef-3396a9242923 for RaftStorage:Storage Directory /tmp/workdir/hadoop-ozone/integration-test/target/test-dir/MiniOzoneClusterImpl-731b0d99-aab8-47a8-8b8d-de44cbd2448d/datanode-3/data/ratis/4d229bbe-ae36-4b87-a3ef-3396a9242923
2019-07-14 04:35:44,002 INFO  server.RaftServerConfigKeys (ConfUtils.java:logGet(43)) - raft.server.log.queue.byte-limit = 2147483647 (custom)
2019-07-14 04:35:44,002 INFO  server.RaftServerConfigKeys (ConfUtils.java:logGet(43)) - raft.server.log.queue.element-limit = 1024 (custom)
2019-07-14 04:35:44,002 INFO  server.RaftServerConfigKeys (ConfUtils.java:logGet(43)) - raft.server.log.segment.size.max = 1048576 (custom)
2019-07-14 04:35:44,002 INFO  server.RaftServerConfigKeys (ConfUtils.java:logGet(43)) - raft.server.log.preallocated.size = 16384 (custom)
2019-07-14 04:35:44,003 INFO  server.RaftServerConfigKeys (ConfUtils.java:logGet(43)) - raft.server.log.write.buffer.size = 33554432 (custom)
2019-07-14 04:35:44,003 INFO  server.RaftServerConfigKeys (ConfUtils.java:logGet(43)) - raft.server.log.force.sync.num = 128 (default)
2019-07-14 04:35:44,003 INFO  server.RaftServerConfigKeys (ConfUtils.java:logGet(43)) - raft.server.log.statemachine.data.sync = true (default)
2019-07-14 04:35:44,003 INFO  server.RaftServerConfigKeys (ConfUtils.java:logGet(43)) - raft.server.log.statemachine.data.sync.timeout = 10s (default)
2019-07-14 04:35:44,003 INFO  server.RaftServerConfigKeys (ConfUtils.java:logGet(43)) - raft.server.log.statemachine.data.sync.timeout.retry = -1 (default)
2019-07-14 04:35:44,004 INFO  server.RaftServerConfigKeys (ConfUtils.java:logGet(43)) - raft.server.log.statemachine.data.caching.enabled = true (custom)
2019-07-14 04:35:44,004 INFO  segmented.SegmentedRaftLogWorker (SegmentedRaftLogWorker.java:lambda$new$0(132)) - 68e894bc-f316-43bc-b55b-b590aca17df2-SegmentedRaftLogWorker:Storage Directory /tmp/workdir/hadoop-ozone/integration-test/target/test-dir/MiniOzoneClusterImpl-731b0d99-aab8-47a8-8b8d-de44cbd2448d/datanode-3/data/ratis/4d229bbe-ae36-4b87-a3ef-3396a9242923: flushIndex: setUnconditionally 0 -> -1
2019-07-14 04:35:44,005 INFO  server.RaftServerConfigKeys (ConfUtils.java:logGet(43)) - raft.server.snapshot.auto.trigger.enabled = true (custom)
2019-07-14 04:35:44,005 INFO  server.RaftServerConfigKeys (ConfUtils.java:logGet(43)) - raft.server.snapshot.auto.trigger.threshold = 10000 (custom)
2019-07-14 04:35:44,005 INFO  server.RaftServerConfigKeys (ConfUtils.java:logGet(43)) - raft.server.retrycache.expirytime = 600000ms (custom)
2019-07-14 04:35:44,005 INFO  impl.RaftServerImpl (RaftServerImpl.java:start(180)) - 68e894bc-f316-43bc-b55b-b590aca17df2: start group-3396A9242923
2019-07-14 04:35:44,005 INFO  impl.RaftServerImpl (RaftServerImpl.java:setRole(171)) - 68e894bc-f316-43bc-b55b-b590aca17df2:group-3396A9242923 changes role from null to FOLLOWER at term 0 for startAsFollower
2019-07-14 04:35:44,006 INFO  impl.RoleInfo (RoleInfo.java:updateAndGet(143)) - 68e894bc-f316-43bc-b55b-b590aca17df2: start FollowerState
2019-07-14 04:35:44,023 INFO  util.JmxRegister (JmxRegister.java:tryRegister(44)) - Successfully registered JMX Bean with object name Ratis:service=RaftServer,group=group-3396A9242923,id=68e894bc-f316-43bc-b55b-b590aca17df2
2019-07-14 04:35:44,047 INFO  pipeline.PipelineStateManager (PipelineStateManager.java:addPipeline(56)) - Created pipeline Pipeline[ Id: 4d229bbe-ae36-4b87-a3ef-3396a9242923, Nodes: 68e894bc-f316-43bc-b55b-b590aca17df2{ip: 192.168.5.157, host: trunk-nightly-6h29n-2077950039, networkLocation: /default-rack, certSerialId: null}, Type:RATIS, Factor:ONE, State:OPEN]
2019-07-14 04:35:44,157 INFO  node.SCMNodeManager (SCMNodeManager.java:register(269)) - Registered Data node : d6e91d25-642c-4714-9538-7b9b1eb680f3{ip: 192.168.5.157, host: trunk-nightly-6h29n-2077950039, networkLocation: /default-rack, certSerialId: null}
2019-07-14 04:35:44,171 INFO  impl.RaftServerProxy (RaftServerProxy.java:addNew(89)) - d6e91d25-642c-4714-9538-7b9b1eb680f3: addNew group-2A144CF52EF4:[d6e91d25-642c-4714-9538-7b9b1eb680f3:192.168.5.157:42738] returns group-2A144CF52EF4:java.util.concurrent.CompletableFuture@6b0bdd70[Not completed]
2019-07-14 04:35:44,174 INFO  impl.RaftServerImpl (RaftServerImpl.java:<init>(93)) - d6e91d25-642c-4714-9538-7b9b1eb680f3: new RaftServerImpl for group-2A144CF52EF4:[d6e91d25-642c-4714-9538-7b9b1eb680f3:192.168.5.157:42738] with ContainerStateMachine:uninitialized
2019-07-14 04:35:44,174 INFO  server.RaftServerConfigKeys (ConfUtils.java:logGet(43)) - raft.server.rpc.timeout.min = 5s (custom)
2019-07-14 04:35:44,174 INFO  server.RaftServerConfigKeys (ConfUtils.java:logGet(43)) - raft.server.rpc.timeout.max = 5200ms (custom)
2019-07-14 04:35:44,174 INFO  server.RaftServerConfigKeys (ConfUtils.java:logGet(43)) - raft.server.rpcslowness.timeout = 120s (custom)
2019-07-14 04:35:44,175 INFO  server.RaftServerConfigKeys (ConfUtils.java:logGet(43)) - raft.server.sleep.deviation.threshold = 300 (default)
2019-07-14 04:35:44,175 INFO  server.RaftServerConfigKeys (ConfUtils.java:logGet(43)) - raft.server.log.appender.install.snapshot.enabled = false (custom)
2019-07-14 04:35:44,175 INFO  impl.RaftServerImpl (ServerState.java:<init>(105)) - d6e91d25-642c-4714-9538-7b9b1eb680f3:group-2A144CF52EF4 ConfigurationManager, init=-1: [d6e91d25-642c-4714-9538-7b9b1eb680f3:192.168.5.157:42738], old=null, confs=<EMPTY_MAP>
2019-07-14 04:35:44,175 INFO  server.RaftServerConfigKeys (ConfUtils.java:logGet(43)) - raft.server.storage.dir = [/tmp/workdir/hadoop-ozone/integration-test/target/test-dir/MiniOzoneClusterImpl-731b0d99-aab8-47a8-8b8d-de44cbd2448d/datanode-4/data/ratis] (custom)
2019-07-14 04:35:44,176 INFO  storage.RaftStorageDirectory (RaftStorageDirectory.java:analyzeStorage(246)) - The storage directory /tmp/workdir/hadoop-ozone/integration-test/target/test-dir/MiniOzoneClusterImpl-731b0d99-aab8-47a8-8b8d-de44cbd2448d/datanode-4/data/ratis/39a98c42-9e99-4eab-89a6-2a144cf52ef4 does not exist. Creating ...
2019-07-14 04:35:44,188 INFO  storage.RaftStorageDirectory (RaftStorageDirectory.java:tryLock(328)) - Lock on /tmp/workdir/hadoop-ozone/integration-test/target/test-dir/MiniOzoneClusterImpl-731b0d99-aab8-47a8-8b8d-de44cbd2448d/datanode-4/data/ratis/39a98c42-9e99-4eab-89a6-2a144cf52ef4/in_use.lock acquired by nodename 17477@trunk-nightly-6h29n-2077950039
2019-07-14 04:35:44,200 INFO  storage.RaftStorage (RaftStorage.java:format(72)) - Storage directory /tmp/workdir/hadoop-ozone/integration-test/target/test-dir/MiniOzoneClusterImpl-731b0d99-aab8-47a8-8b8d-de44cbd2448d/datanode-4/data/ratis/39a98c42-9e99-4eab-89a6-2a144cf52ef4 has been successfully formatted.
2019-07-14 04:35:44,200 INFO  ratis.ContainerStateMachine (ContainerStateMachine.java:loadSnapshot(200)) - The snapshot info is null.Setting the last applied index to:(t:0, i:~)
2019-07-14 04:35:44,200 INFO  server.RaftServerConfigKeys (ConfUtils.java:logGet(43)) - raft.server.leader.election.timeout = 120s (custom)
2019-07-14 04:35:44,200 INFO  server.RaftServerConfigKeys (ConfUtils.java:logGet(43)) - raft.server.log.use.memory = false (default)
2019-07-14 04:35:44,201 INFO  server.RaftServerConfigKeys (ConfUtils.java:logGet(43)) - raft.server.log.purge.gap = 1000000000 (custom)
2019-07-14 04:35:44,201 INFO  server.RaftServerConfigKeys (ConfUtils.java:logGet(43)) - raft.server.log.appender.buffer.byte-limit = 33554432 (custom)
2019-07-14 04:35:44,201 INFO  server.RaftServerConfigKeys (ConfUtils.java:logGet(43)) - raft.server.log.segment.size.max = 1048576 (custom)
2019-07-14 04:35:44,201 INFO  server.RaftServerConfigKeys (ConfUtils.java:logGet(43)) - raft.server.log.segment.cache.num.max = 2 (custom)
2019-07-14 04:35:44,201 INFO  segmented.SegmentedRaftLogWorker (SegmentedRaftLogWorker.java:<init>(172)) - new d6e91d25-642c-4714-9538-7b9b1eb680f3-SegmentedRaftLogWorker:Storage Directory /tmp/workdir/hadoop-ozone/integration-test/target/test-dir/MiniOzoneClusterImpl-731b0d99-aab8-47a8-8b8d-de44cbd2448d/datanode-4/data/ratis/39a98c42-9e99-4eab-89a6-2a144cf52ef4 for RaftStorage:Storage Directory /tmp/workdir/hadoop-ozone/integration-test/target/test-dir/MiniOzoneClusterImpl-731b0d99-aab8-47a8-8b8d-de44cbd2448d/datanode-4/data/ratis/39a98c42-9e99-4eab-89a6-2a144cf52ef4
2019-07-14 04:35:44,202 INFO  server.RaftServerConfigKeys (ConfUtils.java:logGet(43)) - raft.server.log.queue.byte-limit = 2147483647 (custom)
2019-07-14 04:35:44,202 INFO  server.RaftServerConfigKeys (ConfUtils.java:logGet(43)) - raft.server.log.queue.element-limit = 1024 (custom)
2019-07-14 04:35:44,202 INFO  server.RaftServerConfigKeys (ConfUtils.java:logGet(43)) - raft.server.log.segment.size.max = 1048576 (custom)
2019-07-14 04:35:44,202 INFO  server.RaftServerConfigKeys (ConfUtils.java:logGet(43)) - raft.server.log.preallocated.size = 16384 (custom)
2019-07-14 04:35:44,203 INFO  server.RaftServerConfigKeys (ConfUtils.java:logGet(43)) - raft.server.log.write.buffer.size = 33554432 (custom)
2019-07-14 04:35:44,203 INFO  server.RaftServerConfigKeys (ConfUtils.java:logGet(43)) - raft.server.log.force.sync.num = 128 (default)
2019-07-14 04:35:44,203 INFO  server.RaftServerConfigKeys (ConfUtils.java:logGet(43)) - raft.server.log.statemachine.data.sync = true (default)
2019-07-14 04:35:44,203 INFO  server.RaftServerConfigKeys (ConfUtils.java:logGet(43)) - raft.server.log.statemachine.data.sync.timeout = 10s (default)
2019-07-14 04:35:44,203 INFO  server.RaftServerConfigKeys (ConfUtils.java:logGet(43)) - raft.server.log.statemachine.data.sync.timeout.retry = -1 (default)
2019-07-14 04:35:44,204 INFO  server.RaftServerConfigKeys (ConfUtils.java:logGet(43)) - raft.server.log.statemachine.data.caching.enabled = true (custom)
2019-07-14 04:35:44,204 INFO  segmented.SegmentedRaftLogWorker (SegmentedRaftLogWorker.java:lambda$new$0(132)) - d6e91d25-642c-4714-9538-7b9b1eb680f3-SegmentedRaftLogWorker:Storage Directory /tmp/workdir/hadoop-ozone/integration-test/target/test-dir/MiniOzoneClusterImpl-731b0d99-aab8-47a8-8b8d-de44cbd2448d/datanode-4/data/ratis/39a98c42-9e99-4eab-89a6-2a144cf52ef4: flushIndex: setUnconditionally 0 -> -1
2019-07-14 04:35:44,205 INFO  server.RaftServerConfigKeys (ConfUtils.java:logGet(43)) - raft.server.snapshot.auto.trigger.enabled = true (custom)
2019-07-14 04:35:44,205 INFO  server.RaftServerConfigKeys (ConfUtils.java:logGet(43)) - raft.server.snapshot.auto.trigger.threshold = 10000 (custom)
2019-07-14 04:35:44,205 INFO  server.RaftServerConfigKeys (ConfUtils.java:logGet(43)) - raft.server.retrycache.expirytime = 600000ms (custom)
2019-07-14 04:35:44,205 INFO  impl.RaftServerImpl (RaftServerImpl.java:start(180)) - d6e91d25-642c-4714-9538-7b9b1eb680f3: start group-2A144CF52EF4
2019-07-14 04:35:44,205 INFO  impl.RaftServerImpl (RaftServerImpl.java:setRole(171)) - d6e91d25-642c-4714-9538-7b9b1eb680f3:group-2A144CF52EF4 changes role from null to FOLLOWER at term 0 for startAsFollower
2019-07-14 04:35:44,206 INFO  impl.RoleInfo (RoleInfo.java:updateAndGet(143)) - d6e91d25-642c-4714-9538-7b9b1eb680f3: start FollowerState
2019-07-14 04:35:44,206 INFO  util.JmxRegister (JmxRegister.java:tryRegister(44)) - Successfully registered JMX Bean with object name Ratis:service=RaftServer,group=group-2A144CF52EF4,id=d6e91d25-642c-4714-9538-7b9b1eb680f3
2019-07-14 04:35:44,230 INFO  pipeline.PipelineStateManager (PipelineStateManager.java:addPipeline(56)) - Created pipeline Pipeline[ Id: 39a98c42-9e99-4eab-89a6-2a144cf52ef4, Nodes: d6e91d25-642c-4714-9538-7b9b1eb680f3{ip: 192.168.5.157, host: trunk-nightly-6h29n-2077950039, networkLocation: /default-rack, certSerialId: null}, Type:RATIS, Factor:ONE, State:OPEN]
2019-07-14 04:35:44,343 INFO  node.SCMNodeManager (SCMNodeManager.java:register(269)) - Registered Data node : 80697987-964d-4673-b5e6-9824f890c09d{ip: 192.168.5.157, host: trunk-nightly-6h29n-2077950039, networkLocation: /default-rack, certSerialId: null}
2019-07-14 04:35:44,378 INFO  impl.RaftServerProxy (RaftServerProxy.java:addNew(89)) - 80697987-964d-4673-b5e6-9824f890c09d: addNew group-30024A79A033:[80697987-964d-4673-b5e6-9824f890c09d:192.168.5.157:39681] returns group-30024A79A033:java.util.concurrent.CompletableFuture@19d3114d[Not completed]
2019-07-14 04:35:44,382 INFO  impl.RaftServerImpl (RaftServerImpl.java:<init>(93)) - 80697987-964d-4673-b5e6-9824f890c09d: new RaftServerImpl for group-30024A79A033:[80697987-964d-4673-b5e6-9824f890c09d:192.168.5.157:39681] with ContainerStateMachine:uninitialized
2019-07-14 04:35:44,382 INFO  server.RaftServerConfigKeys (ConfUtils.java:logGet(43)) - raft.server.rpc.timeout.min = 5s (custom)
2019-07-14 04:35:44,382 INFO  server.RaftServerConfigKeys (ConfUtils.java:logGet(43)) - raft.server.rpc.timeout.max = 5200ms (custom)
2019-07-14 04:35:44,382 INFO  server.RaftServerConfigKeys (ConfUtils.java:logGet(43)) - raft.server.rpcslowness.timeout = 120s (custom)
2019-07-14 04:35:44,383 INFO  server.RaftServerConfigKeys (ConfUtils.java:logGet(43)) - raft.server.sleep.deviation.threshold = 300 (default)
2019-07-14 04:35:44,383 INFO  server.RaftServerConfigKeys (ConfUtils.java:logGet(43)) - raft.server.log.appender.install.snapshot.enabled = false (custom)
2019-07-14 04:35:44,383 INFO  impl.RaftServerImpl (ServerState.java:<init>(105)) - 80697987-964d-4673-b5e6-9824f890c09d:group-30024A79A033 ConfigurationManager, init=-1: [80697987-964d-4673-b5e6-9824f890c09d:192.168.5.157:39681], old=null, confs=<EMPTY_MAP>
2019-07-14 04:35:44,383 INFO  server.RaftServerConfigKeys (ConfUtils.java:logGet(43)) - raft.server.storage.dir = [/tmp/workdir/hadoop-ozone/integration-test/target/test-dir/MiniOzoneClusterImpl-731b0d99-aab8-47a8-8b8d-de44cbd2448d/datanode-5/data/ratis] (custom)
2019-07-14 04:35:44,384 INFO  storage.RaftStorageDirectory (RaftStorageDirectory.java:analyzeStorage(246)) - The storage directory /tmp/workdir/hadoop-ozone/integration-test/target/test-dir/MiniOzoneClusterImpl-731b0d99-aab8-47a8-8b8d-de44cbd2448d/datanode-5/data/ratis/823fd884-77dd-4d17-9fd0-30024a79a033 does not exist. Creating ...
2019-07-14 04:35:44,389 INFO  storage.RaftStorageDirectory (RaftStorageDirectory.java:tryLock(328)) - Lock on /tmp/workdir/hadoop-ozone/integration-test/target/test-dir/MiniOzoneClusterImpl-731b0d99-aab8-47a8-8b8d-de44cbd2448d/datanode-5/data/ratis/823fd884-77dd-4d17-9fd0-30024a79a033/in_use.lock acquired by nodename 17477@trunk-nightly-6h29n-2077950039
2019-07-14 04:35:44,393 INFO  storage.RaftStorage (RaftStorage.java:format(72)) - Storage directory /tmp/workdir/hadoop-ozone/integration-test/target/test-dir/MiniOzoneClusterImpl-731b0d99-aab8-47a8-8b8d-de44cbd2448d/datanode-5/data/ratis/823fd884-77dd-4d17-9fd0-30024a79a033 has been successfully formatted.
2019-07-14 04:35:44,393 INFO  ratis.ContainerStateMachine (ContainerStateMachine.java:loadSnapshot(200)) - The snapshot info is null.Setting the last applied index to:(t:0, i:~)
2019-07-14 04:35:44,394 INFO  server.RaftServerConfigKeys (ConfUtils.java:logGet(43)) - raft.server.leader.election.timeout = 120s (custom)
2019-07-14 04:35:44,394 INFO  server.RaftServerConfigKeys (ConfUtils.java:logGet(43)) - raft.server.log.use.memory = false (default)
2019-07-14 04:35:44,394 INFO  server.RaftServerConfigKeys (ConfUtils.java:logGet(43)) - raft.server.log.purge.gap = 1000000000 (custom)
2019-07-14 04:35:44,394 INFO  server.RaftServerConfigKeys (ConfUtils.java:logGet(43)) - raft.server.log.appender.buffer.byte-limit = 33554432 (custom)
2019-07-14 04:35:44,394 INFO  server.RaftServerConfigKeys (ConfUtils.java:logGet(43)) - raft.server.log.segment.size.max = 1048576 (custom)
2019-07-14 04:35:44,394 INFO  server.RaftServerConfigKeys (ConfUtils.java:logGet(43)) - raft.server.log.segment.cache.num.max = 2 (custom)
2019-07-14 04:35:44,395 INFO  segmented.SegmentedRaftLogWorker (SegmentedRaftLogWorker.java:<init>(172)) - new 80697987-964d-4673-b5e6-9824f890c09d-SegmentedRaftLogWorker:Storage Directory /tmp/workdir/hadoop-ozone/integration-test/target/test-dir/MiniOzoneClusterImpl-731b0d99-aab8-47a8-8b8d-de44cbd2448d/datanode-5/data/ratis/823fd884-77dd-4d17-9fd0-30024a79a033 for RaftStorage:Storage Directory /tmp/workdir/hadoop-ozone/integration-test/target/test-dir/MiniOzoneClusterImpl-731b0d99-aab8-47a8-8b8d-de44cbd2448d/datanode-5/data/ratis/823fd884-77dd-4d17-9fd0-30024a79a033
2019-07-14 04:35:44,395 INFO  server.RaftServerConfigKeys (ConfUtils.java:logGet(43)) - raft.server.log.queue.byte-limit = 2147483647 (custom)
2019-07-14 04:35:44,395 INFO  server.RaftServerConfigKeys (ConfUtils.java:logGet(43)) - raft.server.log.queue.element-limit = 1024 (custom)
2019-07-14 04:35:44,396 INFO  server.RaftServerConfigKeys (ConfUtils.java:logGet(43)) - raft.server.log.segment.size.max = 1048576 (custom)
2019-07-14 04:35:44,396 INFO  server.RaftServerConfigKeys (ConfUtils.java:logGet(43)) - raft.server.log.preallocated.size = 16384 (custom)
2019-07-14 04:35:44,396 INFO  server.RaftServerConfigKeys (ConfUtils.java:logGet(43)) - raft.server.log.write.buffer.size = 33554432 (custom)
2019-07-14 04:35:44,396 INFO  server.RaftServerConfigKeys (ConfUtils.java:logGet(43)) - raft.server.log.force.sync.num = 128 (default)
2019-07-14 04:35:44,396 INFO  server.RaftServerConfigKeys (ConfUtils.java:logGet(43)) - raft.server.log.statemachine.data.sync = true (default)
2019-07-14 04:35:44,396 INFO  server.RaftServerConfigKeys (ConfUtils.java:logGet(43)) - raft.server.log.statemachine.data.sync.timeout = 10s (default)
2019-07-14 04:35:44,397 INFO  server.RaftServerConfigKeys (ConfUtils.java:logGet(43)) - raft.server.log.statemachine.data.sync.timeout.retry = -1 (default)
2019-07-14 04:35:44,397 INFO  server.RaftServerConfigKeys (ConfUtils.java:logGet(43)) - raft.server.log.statemachine.data.caching.enabled = true (custom)
2019-07-14 04:35:44,397 INFO  segmented.SegmentedRaftLogWorker (SegmentedRaftLogWorker.java:lambda$new$0(132)) - 80697987-964d-4673-b5e6-9824f890c09d-SegmentedRaftLogWorker:Storage Directory /tmp/workdir/hadoop-ozone/integration-test/target/test-dir/MiniOzoneClusterImpl-731b0d99-aab8-47a8-8b8d-de44cbd2448d/datanode-5/data/ratis/823fd884-77dd-4d17-9fd0-30024a79a033: flushIndex: setUnconditionally 0 -> -1
2019-07-14 04:35:44,398 INFO  server.RaftServerConfigKeys (ConfUtils.java:logGet(43)) - raft.server.snapshot.auto.trigger.enabled = true (custom)
2019-07-14 04:35:44,398 INFO  server.RaftServerConfigKeys (ConfUtils.java:logGet(43)) - raft.server.snapshot.auto.trigger.threshold = 10000 (custom)
2019-07-14 04:35:44,398 INFO  server.RaftServerConfigKeys (ConfUtils.java:logGet(43)) - raft.server.retrycache.expirytime = 600000ms (custom)
2019-07-14 04:35:44,399 INFO  impl.RaftServerImpl (RaftServerImpl.java:start(180)) - 80697987-964d-4673-b5e6-9824f890c09d: start group-30024A79A033
2019-07-14 04:35:44,399 INFO  impl.RaftServerImpl (RaftServerImpl.java:setRole(171)) - 80697987-964d-4673-b5e6-9824f890c09d:group-30024A79A033 changes role from null to FOLLOWER at term 0 for startAsFollower
2019-07-14 04:35:44,399 INFO  impl.RoleInfo (RoleInfo.java:updateAndGet(143)) - 80697987-964d-4673-b5e6-9824f890c09d: start FollowerState
2019-07-14 04:35:44,400 INFO  util.JmxRegister (JmxRegister.java:tryRegister(44)) - Successfully registered JMX Bean with object name Ratis:service=RaftServer,group=group-30024A79A033,id=80697987-964d-4673-b5e6-9824f890c09d
2019-07-14 04:35:44,403 INFO  pipeline.PipelineStateManager (PipelineStateManager.java:addPipeline(56)) - Created pipeline Pipeline[ Id: 823fd884-77dd-4d17-9fd0-30024a79a033, Nodes: 80697987-964d-4673-b5e6-9824f890c09d{ip: 192.168.5.157, host: trunk-nightly-6h29n-2077950039, networkLocation: /default-rack, certSerialId: null}, Type:RATIS, Factor:ONE, State:OPEN]
2019-07-14 04:35:44,424 INFO  impl.RaftServerProxy (RaftServerProxy.java:addNew(89)) - 68e894bc-f316-43bc-b55b-b590aca17df2: addNew group-ABD33FDEB145:[d6e91d25-642c-4714-9538-7b9b1eb680f3:192.168.5.157:42738, 80697987-964d-4673-b5e6-9824f890c09d:192.168.5.157:39681, 68e894bc-f316-43bc-b55b-b590aca17df2:192.168.5.157:39889] returns group-ABD33FDEB145:java.util.concurrent.CompletableFuture@63f74b8b[Not completed]
2019-07-14 04:35:44,424 INFO  impl.RaftServerProxy (RaftServerProxy.java:addNew(89)) - 80697987-964d-4673-b5e6-9824f890c09d: addNew group-ABD33FDEB145:[d6e91d25-642c-4714-9538-7b9b1eb680f3:192.168.5.157:42738, 80697987-964d-4673-b5e6-9824f890c09d:192.168.5.157:39681, 68e894bc-f316-43bc-b55b-b590aca17df2:192.168.5.157:39889] returns group-ABD33FDEB145:java.util.concurrent.CompletableFuture@6dd6c5cd[Not completed]
2019-07-14 04:35:44,424 INFO  impl.RaftServerProxy (RaftServerProxy.java:addNew(89)) - d6e91d25-642c-4714-9538-7b9b1eb680f3: addNew group-ABD33FDEB145:[d6e91d25-642c-4714-9538-7b9b1eb680f3:192.168.5.157:42738, 80697987-964d-4673-b5e6-9824f890c09d:192.168.5.157:39681, 68e894bc-f316-43bc-b55b-b590aca17df2:192.168.5.157:39889] returns group-ABD33FDEB145:java.util.concurrent.CompletableFuture@60760ed9[Not completed]
2019-07-14 04:35:44,426 INFO  impl.RaftServerImpl (RaftServerImpl.java:<init>(93)) - 68e894bc-f316-43bc-b55b-b590aca17df2: new RaftServerImpl for group-ABD33FDEB145:[d6e91d25-642c-4714-9538-7b9b1eb680f3:192.168.5.157:42738, 80697987-964d-4673-b5e6-9824f890c09d:192.168.5.157:39681, 68e894bc-f316-43bc-b55b-b590aca17df2:192.168.5.157:39889] with ContainerStateMachine:uninitialized
2019-07-14 04:35:44,426 INFO  server.RaftServerConfigKeys (ConfUtils.java:logGet(43)) - raft.server.rpc.timeout.min = 5s (custom)
2019-07-14 04:35:44,426 INFO  server.RaftServerConfigKeys (ConfUtils.java:logGet(43)) - raft.server.rpc.timeout.max = 5200ms (custom)
2019-07-14 04:35:44,426 INFO  server.RaftServerConfigKeys (ConfUtils.java:logGet(43)) - raft.server.rpcslowness.timeout = 120s (custom)
2019-07-14 04:35:44,427 INFO  server.RaftServerConfigKeys (ConfUtils.java:logGet(43)) - raft.server.sleep.deviation.threshold = 300 (default)
2019-07-14 04:35:44,427 INFO  server.RaftServerConfigKeys (ConfUtils.java:logGet(43)) - raft.server.log.appender.install.snapshot.enabled = false (custom)
2019-07-14 04:35:44,427 INFO  impl.RaftServerImpl (RaftServerImpl.java:<init>(93)) - 80697987-964d-4673-b5e6-9824f890c09d: new RaftServerImpl for group-ABD33FDEB145:[d6e91d25-642c-4714-9538-7b9b1eb680f3:192.168.5.157:42738, 80697987-964d-4673-b5e6-9824f890c09d:192.168.5.157:39681, 68e894bc-f316-43bc-b55b-b590aca17df2:192.168.5.157:39889] with ContainerStateMachine:uninitialized
2019-07-14 04:35:44,427 INFO  impl.RaftServerImpl (ServerState.java:<init>(105)) - 68e894bc-f316-43bc-b55b-b590aca17df2:group-ABD33FDEB145 ConfigurationManager, init=-1: [d6e91d25-642c-4714-9538-7b9b1eb680f3:192.168.5.157:42738, 80697987-964d-4673-b5e6-9824f890c09d:192.168.5.157:39681, 68e894bc-f316-43bc-b55b-b590aca17df2:192.168.5.157:39889], old=null, confs=<EMPTY_MAP>
2019-07-14 04:35:44,427 INFO  server.RaftServerConfigKeys (ConfUtils.java:logGet(43)) - raft.server.rpc.timeout.min = 5s (custom)
2019-07-14 04:35:44,427 INFO  server.RaftServerConfigKeys (ConfUtils.java:logGet(43)) - raft.server.storage.dir = [/tmp/workdir/hadoop-ozone/integration-test/target/test-dir/MiniOzoneClusterImpl-731b0d99-aab8-47a8-8b8d-de44cbd2448d/datanode-3/data/ratis] (custom)
2019-07-14 04:35:44,427 INFO  server.RaftServerConfigKeys (ConfUtils.java:logGet(43)) - raft.server.rpc.timeout.max = 5200ms (custom)
2019-07-14 04:35:44,428 INFO  impl.RaftServerImpl (RaftServerImpl.java:<init>(93)) - d6e91d25-642c-4714-9538-7b9b1eb680f3: new RaftServerImpl for group-ABD33FDEB145:[d6e91d25-642c-4714-9538-7b9b1eb680f3:192.168.5.157:42738, 80697987-964d-4673-b5e6-9824f890c09d:192.168.5.157:39681, 68e894bc-f316-43bc-b55b-b590aca17df2:192.168.5.157:39889] with ContainerStateMachine:uninitialized
2019-07-14 04:35:44,428 INFO  server.RaftServerConfigKeys (ConfUtils.java:logGet(43)) - raft.server.rpcslowness.timeout = 120s (custom)
2019-07-14 04:35:44,428 INFO  server.RaftServerConfigKeys (ConfUtils.java:logGet(43)) - raft.server.rpc.timeout.min = 5s (custom)
2019-07-14 04:35:44,428 INFO  storage.RaftStorageDirectory (RaftStorageDirectory.java:analyzeStorage(246)) - The storage directory /tmp/workdir/hadoop-ozone/integration-test/target/test-dir/MiniOzoneClusterImpl-731b0d99-aab8-47a8-8b8d-de44cbd2448d/datanode-3/data/ratis/e5269972-d42a-4fbd-8657-abd33fdeb145 does not exist. Creating ...
2019-07-14 04:35:44,428 INFO  server.RaftServerConfigKeys (ConfUtils.java:logGet(43)) - raft.server.rpc.timeout.max = 5200ms (custom)
2019-07-14 04:35:44,428 INFO  server.RaftServerConfigKeys (ConfUtils.java:logGet(43)) - raft.server.sleep.deviation.threshold = 300 (default)
2019-07-14 04:35:44,428 INFO  server.RaftServerConfigKeys (ConfUtils.java:logGet(43)) - raft.server.rpcslowness.timeout = 120s (custom)
2019-07-14 04:35:44,429 INFO  server.RaftServerConfigKeys (ConfUtils.java:logGet(43)) - raft.server.log.appender.install.snapshot.enabled = false (custom)
2019-07-14 04:35:44,429 INFO  server.RaftServerConfigKeys (ConfUtils.java:logGet(43)) - raft.server.sleep.deviation.threshold = 300 (default)
2019-07-14 04:35:44,429 INFO  impl.RaftServerImpl (ServerState.java:<init>(105)) - 80697987-964d-4673-b5e6-9824f890c09d:group-ABD33FDEB145 ConfigurationManager, init=-1: [d6e91d25-642c-4714-9538-7b9b1eb680f3:192.168.5.157:42738, 80697987-964d-4673-b5e6-9824f890c09d:192.168.5.157:39681, 68e894bc-f316-43bc-b55b-b590aca17df2:192.168.5.157:39889], old=null, confs=<EMPTY_MAP>
2019-07-14 04:35:44,429 INFO  server.RaftServerConfigKeys (ConfUtils.java:logGet(43)) - raft.server.log.appender.install.snapshot.enabled = false (custom)
2019-07-14 04:35:44,429 INFO  server.RaftServerConfigKeys (ConfUtils.java:logGet(43)) - raft.server.storage.dir = [/tmp/workdir/hadoop-ozone/integration-test/target/test-dir/MiniOzoneClusterImpl-731b0d99-aab8-47a8-8b8d-de44cbd2448d/datanode-5/data/ratis] (custom)
2019-07-14 04:35:44,429 INFO  impl.RaftServerImpl (ServerState.java:<init>(105)) - d6e91d25-642c-4714-9538-7b9b1eb680f3:group-ABD33FDEB145 ConfigurationManager, init=-1: [d6e91d25-642c-4714-9538-7b9b1eb680f3:192.168.5.157:42738, 80697987-964d-4673-b5e6-9824f890c09d:192.168.5.157:39681, 68e894bc-f316-43bc-b55b-b590aca17df2:192.168.5.157:39889], old=null, confs=<EMPTY_MAP>
2019-07-14 04:35:44,430 INFO  server.RaftServerConfigKeys (ConfUtils.java:logGet(43)) - raft.server.storage.dir = [/tmp/workdir/hadoop-ozone/integration-test/target/test-dir/MiniOzoneClusterImpl-731b0d99-aab8-47a8-8b8d-de44cbd2448d/datanode-4/data/ratis] (custom)
2019-07-14 04:35:44,430 INFO  storage.RaftStorageDirectory (RaftStorageDirectory.java:analyzeStorage(246)) - The storage directory /tmp/workdir/hadoop-ozone/integration-test/target/test-dir/MiniOzoneClusterImpl-731b0d99-aab8-47a8-8b8d-de44cbd2448d/datanode-5/data/ratis/e5269972-d42a-4fbd-8657-abd33fdeb145 does not exist. Creating ...
2019-07-14 04:35:44,430 INFO  storage.RaftStorageDirectory (RaftStorageDirectory.java:analyzeStorage(246)) - The storage directory /tmp/workdir/hadoop-ozone/integration-test/target/test-dir/MiniOzoneClusterImpl-731b0d99-aab8-47a8-8b8d-de44cbd2448d/datanode-4/data/ratis/e5269972-d42a-4fbd-8657-abd33fdeb145 does not exist. Creating ...
2019-07-14 04:35:44,441 INFO  storage.RaftStorageDirectory (RaftStorageDirectory.java:tryLock(328)) - Lock on /tmp/workdir/hadoop-ozone/integration-test/target/test-dir/MiniOzoneClusterImpl-731b0d99-aab8-47a8-8b8d-de44cbd2448d/datanode-4/data/ratis/e5269972-d42a-4fbd-8657-abd33fdeb145/in_use.lock acquired by nodename 17477@trunk-nightly-6h29n-2077950039
2019-07-14 04:35:44,441 INFO  storage.RaftStorageDirectory (RaftStorageDirectory.java:tryLock(328)) - Lock on /tmp/workdir/hadoop-ozone/integration-test/target/test-dir/MiniOzoneClusterImpl-731b0d99-aab8-47a8-8b8d-de44cbd2448d/datanode-5/data/ratis/e5269972-d42a-4fbd-8657-abd33fdeb145/in_use.lock acquired by nodename 17477@trunk-nightly-6h29n-2077950039
2019-07-14 04:35:44,441 INFO  storage.RaftStorageDirectory (RaftStorageDirectory.java:tryLock(328)) - Lock on /tmp/workdir/hadoop-ozone/integration-test/target/test-dir/MiniOzoneClusterImpl-731b0d99-aab8-47a8-8b8d-de44cbd2448d/datanode-3/data/ratis/e5269972-d42a-4fbd-8657-abd33fdeb145/in_use.lock acquired by nodename 17477@trunk-nightly-6h29n-2077950039
2019-07-14 04:35:44,453 INFO  storage.RaftStorage (RaftStorage.java:format(72)) - Storage directory /tmp/workdir/hadoop-ozone/integration-test/target/test-dir/MiniOzoneClusterImpl-731b0d99-aab8-47a8-8b8d-de44cbd2448d/datanode-3/data/ratis/e5269972-d42a-4fbd-8657-abd33fdeb145 has been successfully formatted.
2019-07-14 04:35:44,453 INFO  storage.RaftStorage (RaftStorage.java:format(72)) - Storage directory /tmp/workdir/hadoop-ozone/integration-test/target/test-dir/MiniOzoneClusterImpl-731b0d99-aab8-47a8-8b8d-de44cbd2448d/datanode-4/data/ratis/e5269972-d42a-4fbd-8657-abd33fdeb145 has been successfully formatted.
2019-07-14 04:35:44,453 INFO  storage.RaftStorage (RaftStorage.java:format(72)) - Storage directory /tmp/workdir/hadoop-ozone/integration-test/target/test-dir/MiniOzoneClusterImpl-731b0d99-aab8-47a8-8b8d-de44cbd2448d/datanode-5/data/ratis/e5269972-d42a-4fbd-8657-abd33fdeb145 has been successfully formatted.
2019-07-14 04:35:44,454 INFO  ratis.ContainerStateMachine (ContainerStateMachine.java:loadSnapshot(200)) - The snapshot info is null.Setting the last applied index to:(t:0, i:~)
2019-07-14 04:35:44,454 INFO  ratis.ContainerStateMachine (ContainerStateMachine.java:loadSnapshot(200)) - The snapshot info is null.Setting the last applied index to:(t:0, i:~)
2019-07-14 04:35:44,454 INFO  ratis.ContainerStateMachine (ContainerStateMachine.java:loadSnapshot(200)) - The snapshot info is null.Setting the last applied index to:(t:0, i:~)
2019-07-14 04:35:44,454 INFO  server.RaftServerConfigKeys (ConfUtils.java:logGet(43)) - raft.server.leader.election.timeout = 120s (custom)
2019-07-14 04:35:44,454 INFO  server.RaftServerConfigKeys (ConfUtils.java:logGet(43)) - raft.server.leader.election.timeout = 120s (custom)
2019-07-14 04:35:44,455 INFO  server.RaftServerConfigKeys (ConfUtils.java:logGet(43)) - raft.server.log.use.memory = false (default)
2019-07-14 04:35:44,454 INFO  server.RaftServerConfigKeys (ConfUtils.java:logGet(43)) - raft.server.leader.election.timeout = 120s (custom)
2019-07-14 04:35:44,455 INFO  server.RaftServerConfigKeys (ConfUtils.java:logGet(43)) - raft.server.log.purge.gap = 1000000000 (custom)
2019-07-14 04:35:44,455 INFO  server.RaftServerConfigKeys (ConfUtils.java:logGet(43)) - raft.server.log.use.memory = false (default)
2019-07-14 04:35:44,455 INFO  server.RaftServerConfigKeys (ConfUtils.java:logGet(43)) - raft.server.log.appender.buffer.byte-limit = 33554432 (custom)
2019-07-14 04:35:44,455 INFO  server.RaftServerConfigKeys (ConfUtils.java:logGet(43)) - raft.server.log.use.memory = false (default)
2019-07-14 04:35:44,455 INFO  server.RaftServerConfigKeys (ConfUtils.java:logGet(43)) - raft.server.log.segment.size.max = 1048576 (custom)
2019-07-14 04:35:44,455 INFO  server.RaftServerConfigKeys (ConfUtils.java:logGet(43)) - raft.server.log.purge.gap = 1000000000 (custom)
2019-07-14 04:35:44,456 INFO  server.RaftServerConfigKeys (ConfUtils.java:logGet(43)) - raft.server.log.segment.cache.num.max = 2 (custom)
2019-07-14 04:35:44,456 INFO  server.RaftServerConfigKeys (ConfUtils.java:logGet(43)) - raft.server.log.purge.gap = 1000000000 (custom)
2019-07-14 04:35:44,456 INFO  segmented.SegmentedRaftLogWorker (SegmentedRaftLogWorker.java:<init>(172)) - new 80697987-964d-4673-b5e6-9824f890c09d-SegmentedRaftLogWorker:Storage Directory /tmp/workdir/hadoop-ozone/integration-test/target/test-dir/MiniOzoneClusterImpl-731b0d99-aab8-47a8-8b8d-de44cbd2448d/datanode-5/data/ratis/e5269972-d42a-4fbd-8657-abd33fdeb145 for RaftStorage:Storage Directory /tmp/workdir/hadoop-ozone/integration-test/target/test-dir/MiniOzoneClusterImpl-731b0d99-aab8-47a8-8b8d-de44cbd2448d/datanode-5/data/ratis/e5269972-d42a-4fbd-8657-abd33fdeb145
2019-07-14 04:35:44,456 INFO  server.RaftServerConfigKeys (ConfUtils.java:logGet(43)) - raft.server.log.appender.buffer.byte-limit = 33554432 (custom)
2019-07-14 04:35:44,456 INFO  server.RaftServerConfigKeys (ConfUtils.java:logGet(43)) - raft.server.log.queue.byte-limit = 2147483647 (custom)
2019-07-14 04:35:44,456 INFO  server.RaftServerConfigKeys (ConfUtils.java:logGet(43)) - raft.server.log.appender.buffer.byte-limit = 33554432 (custom)
2019-07-14 04:35:44,457 INFO  server.RaftServerConfigKeys (ConfUtils.java:logGet(43)) - raft.server.log.queue.element-limit = 1024 (custom)
2019-07-14 04:35:44,457 INFO  server.RaftServerConfigKeys (ConfUtils.java:logGet(43)) - raft.server.log.segment.size.max = 1048576 (custom)
2019-07-14 04:35:44,457 INFO  server.RaftServerConfigKeys (ConfUtils.java:logGet(43)) - raft.server.log.segment.size.max = 1048576 (custom)
2019-07-14 04:35:44,457 INFO  server.RaftServerConfigKeys (ConfUtils.java:logGet(43)) - raft.server.log.preallocated.size = 16384 (custom)
2019-07-14 04:35:44,457 INFO  server.RaftServerConfigKeys (ConfUtils.java:logGet(43)) - raft.server.log.segment.size.max = 1048576 (custom)
2019-07-14 04:35:44,458 INFO  server.RaftServerConfigKeys (ConfUtils.java:logGet(43)) - raft.server.log.write.buffer.size = 33554432 (custom)
2019-07-14 04:35:44,458 INFO  server.RaftServerConfigKeys (ConfUtils.java:logGet(43)) - raft.server.log.force.sync.num = 128 (default)
2019-07-14 04:35:44,457 INFO  server.RaftServerConfigKeys (ConfUtils.java:logGet(43)) - raft.server.log.segment.cache.num.max = 2 (custom)
2019-07-14 04:35:44,458 INFO  server.RaftServerConfigKeys (ConfUtils.java:logGet(43)) - raft.server.log.statemachine.data.sync = true (default)
2019-07-14 04:35:44,458 INFO  server.RaftServerConfigKeys (ConfUtils.java:logGet(43)) - raft.server.log.segment.cache.num.max = 2 (custom)
2019-07-14 04:35:44,458 INFO  server.RaftServerConfigKeys (ConfUtils.java:logGet(43)) - raft.server.log.statemachine.data.sync.timeout = 10s (default)
2019-07-14 04:35:44,458 INFO  segmented.SegmentedRaftLogWorker (SegmentedRaftLogWorker.java:<init>(172)) - new d6e91d25-642c-4714-9538-7b9b1eb680f3-SegmentedRaftLogWorker:Storage Directory /tmp/workdir/hadoop-ozone/integration-test/target/test-dir/MiniOzoneClusterImpl-731b0d99-aab8-47a8-8b8d-de44cbd2448d/datanode-4/data/ratis/e5269972-d42a-4fbd-8657-abd33fdeb145 for RaftStorage:Storage Directory /tmp/workdir/hadoop-ozone/integration-test/target/test-dir/MiniOzoneClusterImpl-731b0d99-aab8-47a8-8b8d-de44cbd2448d/datanode-4/data/ratis/e5269972-d42a-4fbd-8657-abd33fdeb145
2019-07-14 04:35:44,459 INFO  server.RaftServerConfigKeys (ConfUtils.java:logGet(43)) - raft.server.log.statemachine.data.sync.timeout.retry = -1 (default)
2019-07-14 04:35:44,459 INFO  segmented.SegmentedRaftLogWorker (SegmentedRaftLogWorker.java:<init>(172)) - new 68e894bc-f316-43bc-b55b-b590aca17df2-SegmentedRaftLogWorker:Storage Directory /tmp/workdir/hadoop-ozone/integration-test/target/test-dir/MiniOzoneClusterImpl-731b0d99-aab8-47a8-8b8d-de44cbd2448d/datanode-3/data/ratis/e5269972-d42a-4fbd-8657-abd33fdeb145 for RaftStorage:Storage Directory /tmp/workdir/hadoop-ozone/integration-test/target/test-dir/MiniOzoneClusterImpl-731b0d99-aab8-47a8-8b8d-de44cbd2448d/datanode-3/data/ratis/e5269972-d42a-4fbd-8657-abd33fdeb145
2019-07-14 04:35:44,459 INFO  server.RaftServerConfigKeys (ConfUtils.java:logGet(43)) - raft.server.log.statemachine.data.caching.enabled = true (custom)
2019-07-14 04:35:44,459 INFO  server.RaftServerConfigKeys (ConfUtils.java:logGet(43)) - raft.server.log.queue.byte-limit = 2147483647 (custom)
2019-07-14 04:35:44,459 INFO  server.RaftServerConfigKeys (ConfUtils.java:logGet(43)) - raft.server.log.queue.byte-limit = 2147483647 (custom)
2019-07-14 04:35:44,460 INFO  server.RaftServerConfigKeys (ConfUtils.java:logGet(43)) - raft.server.log.queue.element-limit = 1024 (custom)
2019-07-14 04:35:44,460 INFO  segmented.SegmentedRaftLogWorker (SegmentedRaftLogWorker.java:lambda$new$0(132)) - 80697987-964d-4673-b5e6-9824f890c09d-SegmentedRaftLogWorker:Storage Directory /tmp/workdir/hadoop-ozone/integration-test/target/test-dir/MiniOzoneClusterImpl-731b0d99-aab8-47a8-8b8d-de44cbd2448d/datanode-5/data/ratis/e5269972-d42a-4fbd-8657-abd33fdeb145: flushIndex: setUnconditionally 0 -> -1
2019-07-14 04:35:44,460 INFO  server.RaftServerConfigKeys (ConfUtils.java:logGet(43)) - raft.server.log.segment.size.max = 1048576 (custom)
2019-07-14 04:35:44,460 INFO  server.RaftServerConfigKeys (ConfUtils.java:logGet(43)) - raft.server.log.queue.element-limit = 1024 (custom)
2019-07-14 04:35:44,461 INFO  server.RaftServerConfigKeys (ConfUtils.java:logGet(43)) - raft.server.snapshot.auto.trigger.enabled = true (custom)
2019-07-14 04:35:44,460 INFO  server.RaftServerConfigKeys (ConfUtils.java:logGet(43)) - raft.server.log.preallocated.size = 16384 (custom)
2019-07-14 04:35:44,461 INFO  server.RaftServerConfigKeys (ConfUtils.java:logGet(43)) - raft.server.snapshot.auto.trigger.threshold = 10000 (custom)
2019-07-14 04:35:44,461 INFO  server.RaftServerConfigKeys (ConfUtils.java:logGet(43)) - raft.server.log.segment.size.max = 1048576 (custom)
2019-07-14 04:35:44,461 INFO  server.RaftServerConfigKeys (ConfUtils.java:logGet(43)) - raft.server.retrycache.expirytime = 600000ms (custom)
2019-07-14 04:35:44,461 INFO  server.RaftServerConfigKeys (ConfUtils.java:logGet(43)) - raft.server.log.write.buffer.size = 33554432 (custom)
2019-07-14 04:35:44,461 INFO  impl.RaftServerImpl (RaftServerImpl.java:start(180)) - 80697987-964d-4673-b5e6-9824f890c09d: start group-ABD33FDEB145
2019-07-14 04:35:44,461 INFO  server.RaftServerConfigKeys (ConfUtils.java:logGet(43)) - raft.server.log.preallocated.size = 16384 (custom)
2019-07-14 04:35:44,462 INFO  impl.RaftServerImpl (RaftServerImpl.java:setRole(171)) - 80697987-964d-4673-b5e6-9824f890c09d:group-ABD33FDEB145 changes role from null to FOLLOWER at term 0 for startAsFollower
2019-07-14 04:35:44,462 INFO  server.RaftServerConfigKeys (ConfUtils.java:logGet(43)) - raft.server.log.force.sync.num = 128 (default)
2019-07-14 04:35:44,462 INFO  impl.RoleInfo (RoleInfo.java:updateAndGet(143)) - 80697987-964d-4673-b5e6-9824f890c09d: start FollowerState
2019-07-14 04:35:44,462 INFO  server.RaftServerConfigKeys (ConfUtils.java:logGet(43)) - raft.server.log.write.buffer.size = 33554432 (custom)
2019-07-14 04:35:44,462 INFO  server.RaftServerConfigKeys (ConfUtils.java:logGet(43)) - raft.server.log.statemachine.data.sync = true (default)
2019-07-14 04:35:44,462 INFO  server.RaftServerConfigKeys (ConfUtils.java:logGet(43)) - raft.server.log.force.sync.num = 128 (default)
2019-07-14 04:35:44,463 INFO  server.RaftServerConfigKeys (ConfUtils.java:logGet(43)) - raft.server.log.statemachine.data.sync.timeout = 10s (default)
2019-07-14 04:35:44,463 INFO  util.JmxRegister (JmxRegister.java:tryRegister(44)) - Successfully registered JMX Bean with object name Ratis:service=RaftServer,group=group-ABD33FDEB145,id=80697987-964d-4673-b5e6-9824f890c09d
2019-07-14 04:35:44,463 INFO  server.RaftServerConfigKeys (ConfUtils.java:logGet(43)) - raft.server.log.statemachine.data.sync.timeout.retry = -1 (default)
2019-07-14 04:35:44,463 INFO  server.RaftServerConfigKeys (ConfUtils.java:logGet(43)) - raft.server.log.statemachine.data.sync = true (default)
2019-07-14 04:35:44,463 INFO  server.RaftServerConfigKeys (ConfUtils.java:logGet(43)) - raft.server.log.statemachine.data.caching.enabled = true (custom)
2019-07-14 04:35:44,463 INFO  server.RaftServerConfigKeys (ConfUtils.java:logGet(43)) - raft.server.log.statemachine.data.sync.timeout = 10s (default)
2019-07-14 04:35:44,464 INFO  segmented.SegmentedRaftLogWorker (SegmentedRaftLogWorker.java:lambda$new$0(132)) - d6e91d25-642c-4714-9538-7b9b1eb680f3-SegmentedRaftLogWorker:Storage Directory /tmp/workdir/hadoop-ozone/integration-test/target/test-dir/MiniOzoneClusterImpl-731b0d99-aab8-47a8-8b8d-de44cbd2448d/datanode-4/data/ratis/e5269972-d42a-4fbd-8657-abd33fdeb145: flushIndex: setUnconditionally 0 -> -1
2019-07-14 04:35:44,464 INFO  server.RaftServerConfigKeys (ConfUtils.java:logGet(43)) - raft.server.log.statemachine.data.sync.timeout.retry = -1 (default)
2019-07-14 04:35:44,464 INFO  server.RaftServerConfigKeys (ConfUtils.java:logGet(43)) - raft.server.snapshot.auto.trigger.enabled = true (custom)
2019-07-14 04:35:44,464 INFO  server.RaftServerConfigKeys (ConfUtils.java:logGet(43)) - raft.server.log.statemachine.data.caching.enabled = true (custom)
2019-07-14 04:35:44,464 INFO  server.RaftServerConfigKeys (ConfUtils.java:logGet(43)) - raft.server.snapshot.auto.trigger.threshold = 10000 (custom)
2019-07-14 04:35:44,466 INFO  segmented.SegmentedRaftLogWorker (SegmentedRaftLogWorker.java:lambda$new$0(132)) - 68e894bc-f316-43bc-b55b-b590aca17df2-SegmentedRaftLogWorker:Storage Directory /tmp/workdir/hadoop-ozone/integration-test/target/test-dir/MiniOzoneClusterImpl-731b0d99-aab8-47a8-8b8d-de44cbd2448d/datanode-3/data/ratis/e5269972-d42a-4fbd-8657-abd33fdeb145: flushIndex: setUnconditionally 0 -> -1
2019-07-14 04:35:44,466 INFO  server.RaftServerConfigKeys (ConfUtils.java:logGet(43)) - raft.server.retrycache.expirytime = 600000ms (custom)
2019-07-14 04:35:44,466 INFO  impl.RaftServerImpl (RaftServerImpl.java:start(180)) - d6e91d25-642c-4714-9538-7b9b1eb680f3: start group-ABD33FDEB145
2019-07-14 04:35:44,466 INFO  server.RaftServerConfigKeys (ConfUtils.java:logGet(43)) - raft.server.snapshot.auto.trigger.enabled = true (custom)
2019-07-14 04:35:44,466 INFO  impl.RaftServerImpl (RaftServerImpl.java:setRole(171)) - d6e91d25-642c-4714-9538-7b9b1eb680f3:group-ABD33FDEB145 changes role from null to FOLLOWER at term 0 for startAsFollower
2019-07-14 04:35:44,466 INFO  server.RaftServerConfigKeys (ConfUtils.java:logGet(43)) - raft.server.snapshot.auto.trigger.threshold = 10000 (custom)
2019-07-14 04:35:44,467 INFO  impl.RoleInfo (RoleInfo.java:updateAndGet(143)) - d6e91d25-642c-4714-9538-7b9b1eb680f3: start FollowerState
2019-07-14 04:35:44,467 INFO  server.RaftServerConfigKeys (ConfUtils.java:logGet(43)) - raft.server.retrycache.expirytime = 600000ms (custom)
2019-07-14 04:35:44,467 INFO  util.JmxRegister (JmxRegister.java:tryRegister(44)) - Successfully registered JMX Bean with object name Ratis:service=RaftServer,group=group-ABD33FDEB145,id=d6e91d25-642c-4714-9538-7b9b1eb680f3
2019-07-14 04:35:44,467 INFO  impl.RaftServerImpl (RaftServerImpl.java:start(180)) - 68e894bc-f316-43bc-b55b-b590aca17df2: start group-ABD33FDEB145
2019-07-14 04:35:44,468 INFO  impl.RaftServerImpl (RaftServerImpl.java:setRole(171)) - 68e894bc-f316-43bc-b55b-b590aca17df2:group-ABD33FDEB145 changes role from null to FOLLOWER at term 0 for startAsFollower
2019-07-14 04:35:44,468 INFO  impl.RoleInfo (RoleInfo.java:updateAndGet(143)) - 68e894bc-f316-43bc-b55b-b590aca17df2: start FollowerState
2019-07-14 04:35:44,469 INFO  util.JmxRegister (JmxRegister.java:tryRegister(44)) - Successfully registered JMX Bean with object name Ratis:service=RaftServer,group=group-ABD33FDEB145,id=68e894bc-f316-43bc-b55b-b590aca17df2
2019-07-14 04:35:44,472 INFO  pipeline.PipelineStateManager (PipelineStateManager.java:addPipeline(56)) - Created pipeline Pipeline[ Id: e5269972-d42a-4fbd-8657-abd33fdeb145, Nodes: d6e91d25-642c-4714-9538-7b9b1eb680f3{ip: 192.168.5.157, host: trunk-nightly-6h29n-2077950039, networkLocation: /default-rack, certSerialId: null}68e894bc-f316-43bc-b55b-b590aca17df2{ip: 192.168.5.157, host: trunk-nightly-6h29n-2077950039, networkLocation: /default-rack, certSerialId: null}80697987-964d-4673-b5e6-9824f890c09d{ip: 192.168.5.157, host: trunk-nightly-6h29n-2077950039, networkLocation: /default-rack, certSerialId: null}, Type:RATIS, Factor:THREE, State:OPEN]
2019-07-14 04:35:44,561 INFO  node.SCMNodeManager (SCMNodeManager.java:register(269)) - Registered Data node : bdfec543-0ae8-4d13-b8f9-39202438ded3{ip: 192.168.5.157, host: trunk-nightly-6h29n-2077950039, networkLocation: /default-rack, certSerialId: null}
2019-07-14 04:35:44,578 INFO  impl.RaftServerProxy (RaftServerProxy.java:addNew(89)) - bdfec543-0ae8-4d13-b8f9-39202438ded3: addNew group-0B78485FBB52:[bdfec543-0ae8-4d13-b8f9-39202438ded3:192.168.5.157:37319] returns group-0B78485FBB52:java.util.concurrent.CompletableFuture@527691b7[Not completed]
2019-07-14 04:35:44,579 INFO  impl.RaftServerImpl (RaftServerImpl.java:<init>(93)) - bdfec543-0ae8-4d13-b8f9-39202438ded3: new RaftServerImpl for group-0B78485FBB52:[bdfec543-0ae8-4d13-b8f9-39202438ded3:192.168.5.157:37319] with ContainerStateMachine:uninitialized
2019-07-14 04:35:44,580 INFO  server.RaftServerConfigKeys (ConfUtils.java:logGet(43)) - raft.server.rpc.timeout.min = 5s (custom)
2019-07-14 04:35:44,580 INFO  server.RaftServerConfigKeys (ConfUtils.java:logGet(43)) - raft.server.rpc.timeout.max = 5200ms (custom)
2019-07-14 04:35:44,580 INFO  server.RaftServerConfigKeys (ConfUtils.java:logGet(43)) - raft.server.rpcslowness.timeout = 120s (custom)
2019-07-14 04:35:44,580 INFO  server.RaftServerConfigKeys (ConfUtils.java:logGet(43)) - raft.server.sleep.deviation.threshold = 300 (default)
2019-07-14 04:35:44,580 INFO  server.RaftServerConfigKeys (ConfUtils.java:logGet(43)) - raft.server.log.appender.install.snapshot.enabled = false (custom)
2019-07-14 04:35:44,581 INFO  impl.RaftServerImpl (ServerState.java:<init>(105)) - bdfec543-0ae8-4d13-b8f9-39202438ded3:group-0B78485FBB52 ConfigurationManager, init=-1: [bdfec543-0ae8-4d13-b8f9-39202438ded3:192.168.5.157:37319], old=null, confs=<EMPTY_MAP>
2019-07-14 04:35:44,581 INFO  server.RaftServerConfigKeys (ConfUtils.java:logGet(43)) - raft.server.storage.dir = [/tmp/workdir/hadoop-ozone/integration-test/target/test-dir/MiniOzoneClusterImpl-731b0d99-aab8-47a8-8b8d-de44cbd2448d/datanode-6/data/ratis] (custom)
2019-07-14 04:35:44,581 INFO  storage.RaftStorageDirectory (RaftStorageDirectory.java:analyzeStorage(246)) - The storage directory /tmp/workdir/hadoop-ozone/integration-test/target/test-dir/MiniOzoneClusterImpl-731b0d99-aab8-47a8-8b8d-de44cbd2448d/datanode-6/data/ratis/1722d8e4-e4d2-462a-b2da-0b78485fbb52 does not exist. Creating ...
2019-07-14 04:35:44,583 INFO  ozone.MiniOzoneClusterImpl (MiniOzoneClusterImpl.java:lambda$waitForClusterToBeReady$0(142)) - Cluster is ready. Got 7 of 7 DN Heartbeats.
2019-07-14 04:35:44,588 INFO  storage.RaftStorageDirectory (RaftStorageDirectory.java:tryLock(328)) - Lock on /tmp/workdir/hadoop-ozone/integration-test/target/test-dir/MiniOzoneClusterImpl-731b0d99-aab8-47a8-8b8d-de44cbd2448d/datanode-6/data/ratis/1722d8e4-e4d2-462a-b2da-0b78485fbb52/in_use.lock acquired by nodename 17477@trunk-nightly-6h29n-2077950039
2019-07-14 04:35:44,611 INFO  storage.RaftStorage (RaftStorage.java:format(72)) - Storage directory /tmp/workdir/hadoop-ozone/integration-test/target/test-dir/MiniOzoneClusterImpl-731b0d99-aab8-47a8-8b8d-de44cbd2448d/datanode-6/data/ratis/1722d8e4-e4d2-462a-b2da-0b78485fbb52 has been successfully formatted.
2019-07-14 04:35:44,612 INFO  ratis.ContainerStateMachine (ContainerStateMachine.java:loadSnapshot(200)) - The snapshot info is null.Setting the last applied index to:(t:0, i:~)
2019-07-14 04:35:44,612 INFO  server.RaftServerConfigKeys (ConfUtils.java:logGet(43)) - raft.server.leader.election.timeout = 120s (custom)
2019-07-14 04:35:44,612 INFO  server.RaftServerConfigKeys (ConfUtils.java:logGet(43)) - raft.server.log.use.memory = false (default)
2019-07-14 04:35:44,612 INFO  server.RaftServerConfigKeys (ConfUtils.java:logGet(43)) - raft.server.log.purge.gap = 1000000000 (custom)
2019-07-14 04:35:44,613 INFO  server.RaftServerConfigKeys (ConfUtils.java:logGet(43)) - raft.server.log.appender.buffer.byte-limit = 33554432 (custom)
2019-07-14 04:35:44,613 INFO  server.RaftServerConfigKeys (ConfUtils.java:logGet(43)) - raft.server.log.segment.size.max = 1048576 (custom)
2019-07-14 04:35:44,613 INFO  server.RaftServerConfigKeys (ConfUtils.java:logGet(43)) - raft.server.log.segment.cache.num.max = 2 (custom)
2019-07-14 04:35:44,620 INFO  segmented.SegmentedRaftLogWorker (SegmentedRaftLogWorker.java:<init>(172)) - new bdfec543-0ae8-4d13-b8f9-39202438ded3-SegmentedRaftLogWorker:Storage Directory /tmp/workdir/hadoop-ozone/integration-test/target/test-dir/MiniOzoneClusterImpl-731b0d99-aab8-47a8-8b8d-de44cbd2448d/datanode-6/data/ratis/1722d8e4-e4d2-462a-b2da-0b78485fbb52 for RaftStorage:Storage Directory /tmp/workdir/hadoop-ozone/integration-test/target/test-dir/MiniOzoneClusterImpl-731b0d99-aab8-47a8-8b8d-de44cbd2448d/datanode-6/data/ratis/1722d8e4-e4d2-462a-b2da-0b78485fbb52
2019-07-14 04:35:44,620 INFO  server.RaftServerConfigKeys (ConfUtils.java:logGet(43)) - raft.server.log.queue.byte-limit = 2147483647 (custom)
2019-07-14 04:35:44,621 INFO  server.RaftServerConfigKeys (ConfUtils.java:logGet(43)) - raft.server.log.queue.element-limit = 1024 (custom)
2019-07-14 04:35:44,621 INFO  server.RaftServerConfigKeys (ConfUtils.java:logGet(43)) - raft.server.log.segment.size.max = 1048576 (custom)
2019-07-14 04:35:44,621 INFO  server.RaftServerConfigKeys (ConfUtils.java:logGet(43)) - raft.server.log.preallocated.size = 16384 (custom)
2019-07-14 04:35:44,621 INFO  server.RaftServerConfigKeys (ConfUtils.java:logGet(43)) - raft.server.log.write.buffer.size = 33554432 (custom)
2019-07-14 04:35:44,622 INFO  server.RaftServerConfigKeys (ConfUtils.java:logGet(43)) - raft.server.log.force.sync.num = 128 (default)
2019-07-14 04:35:44,622 INFO  server.RaftServerConfigKeys (ConfUtils.java:logGet(43)) - raft.server.log.statemachine.data.sync = true (default)
2019-07-14 04:35:44,629 INFO  server.RaftServerConfigKeys (ConfUtils.java:logGet(43)) - raft.server.log.statemachine.data.sync.timeout = 10s (default)
2019-07-14 04:35:44,629 INFO  server.RaftServerConfigKeys (ConfUtils.java:logGet(43)) - raft.server.log.statemachine.data.sync.timeout.retry = -1 (default)
2019-07-14 04:35:44,629 INFO  server.RaftServerConfigKeys (ConfUtils.java:logGet(43)) - raft.server.log.statemachine.data.caching.enabled = true (custom)
2019-07-14 04:35:44,630 INFO  segmented.SegmentedRaftLogWorker (SegmentedRaftLogWorker.java:lambda$new$0(132)) - bdfec543-0ae8-4d13-b8f9-39202438ded3-SegmentedRaftLogWorker:Storage Directory /tmp/workdir/hadoop-ozone/integration-test/target/test-dir/MiniOzoneClusterImpl-731b0d99-aab8-47a8-8b8d-de44cbd2448d/datanode-6/data/ratis/1722d8e4-e4d2-462a-b2da-0b78485fbb52: flushIndex: setUnconditionally 0 -> -1
2019-07-14 04:35:44,630 INFO  server.RaftServerConfigKeys (ConfUtils.java:logGet(43)) - raft.server.snapshot.auto.trigger.enabled = true (custom)
2019-07-14 04:35:44,630 INFO  server.RaftServerConfigKeys (ConfUtils.java:logGet(43)) - raft.server.snapshot.auto.trigger.threshold = 10000 (custom)
2019-07-14 04:35:44,631 INFO  server.RaftServerConfigKeys (ConfUtils.java:logGet(43)) - raft.server.retrycache.expirytime = 600000ms (custom)
2019-07-14 04:35:44,631 INFO  rpc.RpcClient (RpcClient.java:createVolume(287)) - Creating Volume: watchforcommithandlingtest, with jenkins1000 as owner.
2019-07-14 04:35:44,631 INFO  impl.RaftServerImpl (RaftServerImpl.java:start(180)) - bdfec543-0ae8-4d13-b8f9-39202438ded3: start group-0B78485FBB52
2019-07-14 04:35:44,631 INFO  impl.RaftServerImpl (RaftServerImpl.java:setRole(171)) - bdfec543-0ae8-4d13-b8f9-39202438ded3:group-0B78485FBB52 changes role from null to FOLLOWER at term 0 for startAsFollower
2019-07-14 04:35:44,631 INFO  impl.RoleInfo (RoleInfo.java:updateAndGet(143)) - bdfec543-0ae8-4d13-b8f9-39202438ded3: start FollowerState
2019-07-14 04:35:44,632 INFO  util.JmxRegister (JmxRegister.java:tryRegister(44)) - Successfully registered JMX Bean with object name Ratis:service=RaftServer,group=group-0B78485FBB52,id=bdfec543-0ae8-4d13-b8f9-39202438ded3
2019-07-14 04:35:44,638 INFO  pipeline.PipelineStateManager (PipelineStateManager.java:addPipeline(56)) - Created pipeline Pipeline[ Id: 1722d8e4-e4d2-462a-b2da-0b78485fbb52, Nodes: bdfec543-0ae8-4d13-b8f9-39202438ded3{ip: 192.168.5.157, host: trunk-nightly-6h29n-2077950039, networkLocation: /default-rack, certSerialId: null}, Type:RATIS, Factor:ONE, State:OPEN]
2019-07-14 04:35:44,656 INFO  rpc.RpcClient (RpcClient.java:createBucket(424)) - Creating Bucket: watchforcommithandlingtest/watchforcommithandlingtest, with Versioning false and Storage Type set to DISK and Encryption set to false 
2019-07-14 04:35:44,661 INFO  ozone.MiniOzoneClusterImpl (MiniOzoneClusterImpl.java:getStorageContainerLocationClient(241)) - Creating StorageContainerLocationProtocol RPC client with address /0.0.0.0:43102
2019-07-14 04:35:44,706 INFO  client.GrpcClientProtocolClient (GrpcClientProtocolClient.java:onNext(255)) - client-58B06C0C2997->e3fb44ff-34d6-4834-bb05-cdafaf497f92: receive RaftClientReply:client-58B06C0C2997->e3fb44ff-34d6-4834-bb05-cdafaf497f92@group-8599D6E168F0, cid=38, FAILED org.apache.ratis.protocol.NotLeaderException: Server e3fb44ff-34d6-4834-bb05-cdafaf497f92 is not the leader (null). Request must be sent to leader., logIndex=0, commits[e3fb44ff-34d6-4834-bb05-cdafaf497f92:c-1]
2019-07-14 04:35:45,748 INFO  client.GrpcClientProtocolClient (GrpcClientProtocolClient.java:onNext(255)) - client-58B06C0C2997->f2fb1c47-f2a9-4bac-ac1b-cb168850caba: receive RaftClientReply:client-58B06C0C2997->f2fb1c47-f2a9-4bac-ac1b-cb168850caba@group-8599D6E168F0, cid=38, FAILED org.apache.ratis.protocol.NotLeaderException: Server f2fb1c47-f2a9-4bac-ac1b-cb168850caba is not the leader (null). Request must be sent to leader., logIndex=0, commits[f2fb1c47-f2a9-4bac-ac1b-cb168850caba:c-1]
2019-07-14 04:35:46,350 INFO  container.ReplicationManager (ReplicationManager.java:start(155)) - Starting Replication Monitor Thread.
2019-07-14 04:35:46,358 INFO  container.ReplicationManager (ReplicationManager.java:run(207)) - Replication Monitor Thread took 0 milliseconds for processing 1 containers.
2019-07-14 04:35:46,773 INFO  client.GrpcClientProtocolClient (GrpcClientProtocolClient.java:onNext(255)) - client-58B06C0C2997->e3fb44ff-34d6-4834-bb05-cdafaf497f92: receive RaftClientReply:client-58B06C0C2997->e3fb44ff-34d6-4834-bb05-cdafaf497f92@group-8599D6E168F0, cid=38, FAILED org.apache.ratis.protocol.NotLeaderException: Server e3fb44ff-34d6-4834-bb05-cdafaf497f92 is not the leader (null). Request must be sent to leader., logIndex=0, commits[e3fb44ff-34d6-4834-bb05-cdafaf497f92:c-1]
2019-07-14 04:35:47,805 INFO  client.GrpcClientProtocolClient (GrpcClientProtocolClient.java:onNext(255)) - client-58B06C0C2997->d48f6f32-e53b-43c5-9bf8-dd459e13a9d1: receive RaftClientReply:client-58B06C0C2997->d48f6f32-e53b-43c5-9bf8-dd459e13a9d1@group-8599D6E168F0, cid=38, FAILED org.apache.ratis.protocol.NotLeaderException: Server d48f6f32-e53b-43c5-9bf8-dd459e13a9d1 is not the leader (null). Request must be sent to leader., logIndex=0, commits[d48f6f32-e53b-43c5-9bf8-dd459e13a9d1:c-1]
2019-07-14 04:35:48,530 INFO  impl.FollowerState (FollowerState.java:run(106)) - d48f6f32-e53b-43c5-9bf8-dd459e13a9d1:group-E2FABAF84CDD changes to CANDIDATE, lastRpcTime:5121, electionTimeout:5121ms
2019-07-14 04:35:48,531 INFO  impl.RoleInfo (RoleInfo.java:shutdownFollowerState(121)) - d48f6f32-e53b-43c5-9bf8-dd459e13a9d1: shutdown FollowerState
2019-07-14 04:35:48,531 INFO  impl.RaftServerImpl (RaftServerImpl.java:setRole(171)) - d48f6f32-e53b-43c5-9bf8-dd459e13a9d1:group-E2FABAF84CDD changes role from FOLLOWER to CANDIDATE at term 0 for changeToCandidate
2019-07-14 04:35:48,531 INFO  impl.RoleInfo (RoleInfo.java:updateAndGet(143)) - d48f6f32-e53b-43c5-9bf8-dd459e13a9d1: start LeaderElection
2019-07-14 04:35:48,580 INFO  impl.LeaderElection (LeaderElection.java:askForVotes(181)) - d48f6f32-e53b-43c5-9bf8-dd459e13a9d1:group-E2FABAF84CDD:LeaderElection16: begin an election at term 1 for -1: [d48f6f32-e53b-43c5-9bf8-dd459e13a9d1:192.168.5.157:45852], old=null
2019-07-14 04:35:48,580 INFO  impl.RoleInfo (RoleInfo.java:shutdownLeaderElection(134)) - d48f6f32-e53b-43c5-9bf8-dd459e13a9d1: shutdown LeaderElection
2019-07-14 04:35:48,580 INFO  impl.RaftServerImpl (RaftServerImpl.java:setRole(171)) - d48f6f32-e53b-43c5-9bf8-dd459e13a9d1:group-E2FABAF84CDD changes role from CANDIDATE to LEADER at term 1 for changeToLeader
2019-07-14 04:35:48,580 INFO  impl.RaftServerImpl (ServerState.java:setLeader(263)) - d48f6f32-e53b-43c5-9bf8-dd459e13a9d1:group-E2FABAF84CDD change Leader from null to d48f6f32-e53b-43c5-9bf8-dd459e13a9d1 at term 1 for becomeLeader, leader elected after 5179ms
2019-07-14 04:35:48,581 INFO  server.RaftServerConfigKeys (ConfUtils.java:logGet(43)) - raft.server.staging.catchup.gap = 1000 (default)
2019-07-14 04:35:48,581 INFO  server.RaftServerConfigKeys (ConfUtils.java:logGet(43)) - raft.server.rpc.sleep.time = 25ms (default)
2019-07-14 04:35:48,581 INFO  server.RaftServerConfigKeys (ConfUtils.java:logGet(43)) - raft.server.write.element-limit = 4096 (default)
2019-07-14 04:35:48,581 INFO  server.RaftServerConfigKeys (ConfUtils.java:logGet(43)) - raft.server.watch.timeout = 10s (default)
2019-07-14 04:35:48,581 INFO  server.RaftServerConfigKeys (ConfUtils.java:logGet(43)) - raft.server.watch.timeout.denomination = 1s (default)
2019-07-14 04:35:48,582 INFO  server.RaftServerConfigKeys (ConfUtils.java:logGet(43)) - raft.server.watch.element-limit = 65536 (default)
2019-07-14 04:35:48,582 INFO  impl.RoleInfo (RoleInfo.java:updateAndGet(143)) - d48f6f32-e53b-43c5-9bf8-dd459e13a9d1: start LeaderState
2019-07-14 04:35:48,582 INFO  segmented.SegmentedRaftLogWorker (SegmentedRaftLogWorker.java:startLogSegment(380)) - d48f6f32-e53b-43c5-9bf8-dd459e13a9d1-SegmentedRaftLogWorker:Storage Directory /tmp/workdir/hadoop-ozone/integration-test/target/test-dir/MiniOzoneClusterImpl-731b0d99-aab8-47a8-8b8d-de44cbd2448d/datanode-0/data/ratis/c6dda5a2-fd0e-4aa6-9c0b-e2fabaf84cdd: Starting segment from index:0
2019-07-14 04:35:48,583 INFO  impl.RaftServerImpl (ServerState.java:setRaftConf(361)) - d48f6f32-e53b-43c5-9bf8-dd459e13a9d1:group-E2FABAF84CDD set configuration 0: [d48f6f32-e53b-43c5-9bf8-dd459e13a9d1:192.168.5.157:45852], old=null at 0
2019-07-14 04:35:48,618 INFO  segmented.SegmentedRaftLogWorker (SegmentedRaftLogWorker.java:execute(569)) - d48f6f32-e53b-43c5-9bf8-dd459e13a9d1-SegmentedRaftLogWorker:Storage Directory /tmp/workdir/hadoop-ozone/integration-test/target/test-dir/MiniOzoneClusterImpl-731b0d99-aab8-47a8-8b8d-de44cbd2448d/datanode-0/data/ratis/c6dda5a2-fd0e-4aa6-9c0b-e2fabaf84cdd: created new log segment /tmp/workdir/hadoop-ozone/integration-test/target/test-dir/MiniOzoneClusterImpl-731b0d99-aab8-47a8-8b8d-de44cbd2448d/datanode-0/data/ratis/c6dda5a2-fd0e-4aa6-9c0b-e2fabaf84cdd/current/log_inprogress_0
2019-07-14 04:35:48,692 INFO  impl.FollowerState (FollowerState.java:run(106)) - e3fb44ff-34d6-4834-bb05-cdafaf497f92:group-3431EB6F8778 changes to CANDIDATE, lastRpcTime:5068, electionTimeout:5068ms
2019-07-14 04:35:48,692 INFO  impl.RoleInfo (RoleInfo.java:shutdownFollowerState(121)) - e3fb44ff-34d6-4834-bb05-cdafaf497f92: shutdown FollowerState
2019-07-14 04:35:48,692 INFO  impl.RaftServerImpl (RaftServerImpl.java:setRole(171)) - e3fb44ff-34d6-4834-bb05-cdafaf497f92:group-3431EB6F8778 changes role from FOLLOWER to CANDIDATE at term 0 for changeToCandidate
2019-07-14 04:35:48,692 INFO  impl.RoleInfo (RoleInfo.java:updateAndGet(143)) - e3fb44ff-34d6-4834-bb05-cdafaf497f92: start LeaderElection
2019-07-14 04:35:48,715 INFO  impl.LeaderElection (LeaderElection.java:askForVotes(181)) - e3fb44ff-34d6-4834-bb05-cdafaf497f92:group-3431EB6F8778:LeaderElection17: begin an election at term 1 for -1: [e3fb44ff-34d6-4834-bb05-cdafaf497f92:192.168.5.157:37951], old=null
2019-07-14 04:35:48,715 INFO  impl.RoleInfo (RoleInfo.java:shutdownLeaderElection(134)) - e3fb44ff-34d6-4834-bb05-cdafaf497f92: shutdown LeaderElection
2019-07-14 04:35:48,716 INFO  impl.RaftServerImpl (RaftServerImpl.java:setRole(171)) - e3fb44ff-34d6-4834-bb05-cdafaf497f92:group-3431EB6F8778 changes role from CANDIDATE to LEADER at term 1 for changeToLeader
2019-07-14 04:35:48,716 INFO  impl.RaftServerImpl (ServerState.java:setLeader(263)) - e3fb44ff-34d6-4834-bb05-cdafaf497f92:group-3431EB6F8778 change Leader from null to e3fb44ff-34d6-4834-bb05-cdafaf497f92 at term 1 for becomeLeader, leader elected after 5097ms
2019-07-14 04:35:48,716 INFO  server.RaftServerConfigKeys (ConfUtils.java:logGet(43)) - raft.server.staging.catchup.gap = 1000 (default)
2019-07-14 04:35:48,716 INFO  server.RaftServerConfigKeys (ConfUtils.java:logGet(43)) - raft.server.rpc.sleep.time = 25ms (default)
2019-07-14 04:35:48,716 INFO  server.RaftServerConfigKeys (ConfUtils.java:logGet(43)) - raft.server.write.element-limit = 4096 (default)
2019-07-14 04:35:48,716 INFO  server.RaftServerConfigKeys (ConfUtils.java:logGet(43)) - raft.server.watch.timeout = 10s (default)
2019-07-14 04:35:48,717 INFO  server.RaftServerConfigKeys (ConfUtils.java:logGet(43)) - raft.server.watch.timeout.denomination = 1s (default)
2019-07-14 04:35:48,717 INFO  server.RaftServerConfigKeys (ConfUtils.java:logGet(43)) - raft.server.watch.element-limit = 65536 (default)
2019-07-14 04:35:48,717 INFO  impl.RoleInfo (RoleInfo.java:updateAndGet(143)) - e3fb44ff-34d6-4834-bb05-cdafaf497f92: start LeaderState
2019-07-14 04:35:48,717 INFO  segmented.SegmentedRaftLogWorker (SegmentedRaftLogWorker.java:startLogSegment(380)) - e3fb44ff-34d6-4834-bb05-cdafaf497f92-SegmentedRaftLogWorker:Storage Directory /tmp/workdir/hadoop-ozone/integration-test/target/test-dir/MiniOzoneClusterImpl-731b0d99-aab8-47a8-8b8d-de44cbd2448d/datanode-1/data/ratis/e8422f43-7f1c-4889-88ff-3431eb6f8778: Starting segment from index:0
2019-07-14 04:35:48,718 INFO  impl.RaftServerImpl (ServerState.java:setRaftConf(361)) - e3fb44ff-34d6-4834-bb05-cdafaf497f92:group-3431EB6F8778 set configuration 0: [e3fb44ff-34d6-4834-bb05-cdafaf497f92:192.168.5.157:37951], old=null at 0
2019-07-14 04:35:48,749 INFO  segmented.SegmentedRaftLogWorker (SegmentedRaftLogWorker.java:execute(569)) - e3fb44ff-34d6-4834-bb05-cdafaf497f92-SegmentedRaftLogWorker:Storage Directory /tmp/workdir/hadoop-ozone/integration-test/target/test-dir/MiniOzoneClusterImpl-731b0d99-aab8-47a8-8b8d-de44cbd2448d/datanode-1/data/ratis/e8422f43-7f1c-4889-88ff-3431eb6f8778: created new log segment /tmp/workdir/hadoop-ozone/integration-test/target/test-dir/MiniOzoneClusterImpl-731b0d99-aab8-47a8-8b8d-de44cbd2448d/datanode-1/data/ratis/e8422f43-7f1c-4889-88ff-3431eb6f8778/current/log_inprogress_0
2019-07-14 04:35:48,831 INFO  client.GrpcClientProtocolClient (GrpcClientProtocolClient.java:onNext(255)) - client-58B06C0C2997->f2fb1c47-f2a9-4bac-ac1b-cb168850caba: receive RaftClientReply:client-58B06C0C2997->f2fb1c47-f2a9-4bac-ac1b-cb168850caba@group-8599D6E168F0, cid=38, FAILED org.apache.ratis.protocol.NotLeaderException: Server f2fb1c47-f2a9-4bac-ac1b-cb168850caba is not the leader (null). Request must be sent to leader., logIndex=0, commits[f2fb1c47-f2a9-4bac-ac1b-cb168850caba:c-1]
2019-07-14 04:35:48,962 INFO  impl.FollowerState (FollowerState.java:run(106)) - f2fb1c47-f2a9-4bac-ac1b-cb168850caba:group-8599D6E168F0 changes to CANDIDATE, lastRpcTime:5070, electionTimeout:5070ms
2019-07-14 04:35:48,962 INFO  impl.RoleInfo (RoleInfo.java:shutdownFollowerState(121)) - f2fb1c47-f2a9-4bac-ac1b-cb168850caba: shutdown FollowerState
2019-07-14 04:35:48,962 INFO  impl.RaftServerImpl (RaftServerImpl.java:setRole(171)) - f2fb1c47-f2a9-4bac-ac1b-cb168850caba:group-8599D6E168F0 changes role from FOLLOWER to CANDIDATE at term 0 for changeToCandidate
2019-07-14 04:35:48,962 INFO  impl.RoleInfo (RoleInfo.java:updateAndGet(143)) - f2fb1c47-f2a9-4bac-ac1b-cb168850caba: start LeaderElection
2019-07-14 04:35:48,972 INFO  impl.LeaderElection (LeaderElection.java:askForVotes(181)) - f2fb1c47-f2a9-4bac-ac1b-cb168850caba:group-8599D6E168F0:LeaderElection18: begin an election at term 1 for -1: [d48f6f32-e53b-43c5-9bf8-dd459e13a9d1:192.168.5.157:45852, f2fb1c47-f2a9-4bac-ac1b-cb168850caba:192.168.5.157:34507, e3fb44ff-34d6-4834-bb05-cdafaf497f92:192.168.5.157:37951], old=null
2019-07-14 04:35:48,983 INFO  impl.RaftServerImpl (RaftServerImpl.java:setRole(171)) - d48f6f32-e53b-43c5-9bf8-dd459e13a9d1:group-8599D6E168F0 changes role from FOLLOWER to FOLLOWER at term 1 for recognizeCandidate:f2fb1c47-f2a9-4bac-ac1b-cb168850caba
2019-07-14 04:35:48,983 INFO  impl.RaftServerImpl (RaftServerImpl.java:setRole(171)) - e3fb44ff-34d6-4834-bb05-cdafaf497f92:group-8599D6E168F0 changes role from FOLLOWER to FOLLOWER at term 1 for recognizeCandidate:f2fb1c47-f2a9-4bac-ac1b-cb168850caba
2019-07-14 04:35:48,983 INFO  impl.RoleInfo (RoleInfo.java:shutdownFollowerState(121)) - d48f6f32-e53b-43c5-9bf8-dd459e13a9d1: shutdown FollowerState
2019-07-14 04:35:48,983 INFO  impl.RoleInfo (RoleInfo.java:shutdownFollowerState(121)) - e3fb44ff-34d6-4834-bb05-cdafaf497f92: shutdown FollowerState
2019-07-14 04:35:48,984 INFO  impl.FollowerState (FollowerState.java:run(114)) - d48f6f32-e53b-43c5-9bf8-dd459e13a9d1: FollowerState was interrupted: java.lang.InterruptedException: sleep interrupted
2019-07-14 04:35:48,984 INFO  impl.RoleInfo (RoleInfo.java:updateAndGet(143)) - d48f6f32-e53b-43c5-9bf8-dd459e13a9d1: start FollowerState
2019-07-14 04:35:48,984 INFO  impl.FollowerState (FollowerState.java:run(114)) - e3fb44ff-34d6-4834-bb05-cdafaf497f92: FollowerState was interrupted: java.lang.InterruptedException: sleep interrupted
2019-07-14 04:35:48,984 INFO  impl.RoleInfo (RoleInfo.java:updateAndGet(143)) - e3fb44ff-34d6-4834-bb05-cdafaf497f92: start FollowerState
2019-07-14 04:35:48,992 INFO  impl.FollowerState (FollowerState.java:run(106)) - f2fb1c47-f2a9-4bac-ac1b-cb168850caba:group-5526039C999C changes to CANDIDATE, lastRpcTime:5183, electionTimeout:5183ms
2019-07-14 04:35:48,992 INFO  impl.RoleInfo (RoleInfo.java:shutdownFollowerState(121)) - f2fb1c47-f2a9-4bac-ac1b-cb168850caba: shutdown FollowerState
2019-07-14 04:35:48,992 INFO  impl.RaftServerImpl (RaftServerImpl.java:setRole(171)) - f2fb1c47-f2a9-4bac-ac1b-cb168850caba:group-5526039C999C changes role from FOLLOWER to CANDIDATE at term 0 for changeToCandidate
2019-07-14 04:35:48,992 INFO  impl.RoleInfo (RoleInfo.java:updateAndGet(143)) - f2fb1c47-f2a9-4bac-ac1b-cb168850caba: start LeaderElection
2019-07-14 04:35:49,002 INFO  impl.LeaderElection (LeaderElection.java:logAndReturn(56)) - f2fb1c47-f2a9-4bac-ac1b-cb168850caba:group-8599D6E168F0:LeaderElection18: Election PASSED; received 1 response(s) [f2fb1c47-f2a9-4bac-ac1b-cb168850caba<-d48f6f32-e53b-43c5-9bf8-dd459e13a9d1#0:OK-t1] and 0 exception(s); f2fb1c47-f2a9-4bac-ac1b-cb168850caba:t1, leader=null, voted=f2fb1c47-f2a9-4bac-ac1b-cb168850caba, raftlog=f2fb1c47-f2a9-4bac-ac1b-cb168850caba-SegmentedRaftLog:OPENED:c-1,f-1,i0, conf=-1: [d48f6f32-e53b-43c5-9bf8-dd459e13a9d1:192.168.5.157:45852, f2fb1c47-f2a9-4bac-ac1b-cb168850caba:192.168.5.157:34507, e3fb44ff-34d6-4834-bb05-cdafaf497f92:192.168.5.157:37951], old=null
2019-07-14 04:35:49,003 INFO  impl.RoleInfo (RoleInfo.java:shutdownLeaderElection(134)) - f2fb1c47-f2a9-4bac-ac1b-cb168850caba: shutdown LeaderElection
2019-07-14 04:35:49,003 INFO  impl.RaftServerImpl (RaftServerImpl.java:setRole(171)) - f2fb1c47-f2a9-4bac-ac1b-cb168850caba:group-8599D6E168F0 changes role from CANDIDATE to LEADER at term 1 for changeToLeader
2019-07-14 04:35:49,007 INFO  impl.LeaderElection (LeaderElection.java:askForVotes(181)) - f2fb1c47-f2a9-4bac-ac1b-cb168850caba:group-5526039C999C:LeaderElection19: begin an election at term 1 for -1: [f2fb1c47-f2a9-4bac-ac1b-cb168850caba:192.168.5.157:34507], old=null
2019-07-14 04:35:49,007 INFO  impl.RaftServerImpl (ServerState.java:setLeader(263)) - f2fb1c47-f2a9-4bac-ac1b-cb168850caba:group-8599D6E168F0 change Leader from null to f2fb1c47-f2a9-4bac-ac1b-cb168850caba at term 1 for becomeLeader, leader elected after 5127ms
2019-07-14 04:35:49,007 INFO  impl.RoleInfo (RoleInfo.java:shutdownLeaderElection(134)) - f2fb1c47-f2a9-4bac-ac1b-cb168850caba: shutdown LeaderElection
2019-07-14 04:35:49,007 INFO  server.RaftServerConfigKeys (ConfUtils.java:logGet(43)) - raft.server.staging.catchup.gap = 1000 (default)
2019-07-14 04:35:49,007 INFO  impl.RaftServerImpl (RaftServerImpl.java:setRole(171)) - f2fb1c47-f2a9-4bac-ac1b-cb168850caba:group-5526039C999C changes role from CANDIDATE to LEADER at term 1 for changeToLeader
2019-07-14 04:35:49,008 INFO  server.RaftServerConfigKeys (ConfUtils.java:logGet(43)) - raft.server.rpc.sleep.time = 25ms (default)
2019-07-14 04:35:49,008 INFO  impl.RaftServerImpl (ServerState.java:setLeader(263)) - f2fb1c47-f2a9-4bac-ac1b-cb168850caba:group-5526039C999C change Leader from null to f2fb1c47-f2a9-4bac-ac1b-cb168850caba at term 1 for becomeLeader, leader elected after 5204ms
2019-07-14 04:35:49,008 INFO  server.RaftServerConfigKeys (ConfUtils.java:logGet(43)) - raft.server.write.element-limit = 4096 (default)
2019-07-14 04:35:49,008 INFO  server.RaftServerConfigKeys (ConfUtils.java:logGet(43)) - raft.server.staging.catchup.gap = 1000 (default)
2019-07-14 04:35:49,008 INFO  server.RaftServerConfigKeys (ConfUtils.java:logGet(43)) - raft.server.watch.timeout = 10s (default)
2019-07-14 04:35:49,008 INFO  server.RaftServerConfigKeys (ConfUtils.java:logGet(43)) - raft.server.rpc.sleep.time = 25ms (default)
2019-07-14 04:35:49,009 INFO  server.RaftServerConfigKeys (ConfUtils.java:logGet(43)) - raft.server.watch.timeout.denomination = 1s (default)
2019-07-14 04:35:49,009 INFO  server.RaftServerConfigKeys (ConfUtils.java:logGet(43)) - raft.server.write.element-limit = 4096 (default)
2019-07-14 04:35:49,009 INFO  server.RaftServerConfigKeys (ConfUtils.java:logGet(43)) - raft.server.watch.element-limit = 65536 (default)
2019-07-14 04:35:49,009 INFO  server.RaftServerConfigKeys (ConfUtils.java:logGet(43)) - raft.server.watch.timeout = 10s (default)
2019-07-14 04:35:49,010 INFO  server.RaftServerConfigKeys (ConfUtils.java:logGet(43)) - raft.server.watch.timeout.denomination = 1s (default)
2019-07-14 04:35:49,010 INFO  server.RaftServerConfigKeys (ConfUtils.java:logGet(43)) - raft.server.log.appender.snapshot.chunk.size.max = 16MB (=16777216) (default)
2019-07-14 04:35:49,010 INFO  server.RaftServerConfigKeys (ConfUtils.java:logGet(43)) - raft.server.watch.element-limit = 65536 (default)
2019-07-14 04:35:49,010 INFO  server.RaftServerConfigKeys (ConfUtils.java:logGet(43)) - raft.server.log.appender.buffer.byte-limit = 33554432 (custom)
2019-07-14 04:35:49,010 INFO  impl.RoleInfo (RoleInfo.java:updateAndGet(143)) - f2fb1c47-f2a9-4bac-ac1b-cb168850caba: start LeaderState
2019-07-14 04:35:49,010 INFO  server.RaftServerConfigKeys (ConfUtils.java:logGet(43)) - raft.server.log.appender.buffer.element-limit = 1 (custom)
2019-07-14 04:35:49,011 INFO  segmented.SegmentedRaftLogWorker (SegmentedRaftLogWorker.java:startLogSegment(380)) - f2fb1c47-f2a9-4bac-ac1b-cb168850caba-SegmentedRaftLogWorker:Storage Directory /tmp/workdir/hadoop-ozone/integration-test/target/test-dir/MiniOzoneClusterImpl-731b0d99-aab8-47a8-8b8d-de44cbd2448d/datanode-2/data/ratis/4d852f1e-38cc-4c26-91df-5526039c999c: Starting segment from index:0
2019-07-14 04:35:49,011 INFO  grpc.GrpcConfigKeys$Server (ConfUtils.java:logGet(43)) - raft.grpc.server.leader.outstanding.appends.max = 128 (default)
2019-07-14 04:35:49,011 INFO  server.RaftServerConfigKeys (ConfUtils.java:logGet(43)) - raft.server.rpc.request.timeout = 3000ms (default)
2019-07-14 04:35:49,011 INFO  impl.RaftServerImpl (ServerState.java:setRaftConf(361)) - f2fb1c47-f2a9-4bac-ac1b-cb168850caba:group-5526039C999C set configuration 0: [f2fb1c47-f2a9-4bac-ac1b-cb168850caba:192.168.5.157:34507], old=null at 0
2019-07-14 04:35:49,011 INFO  server.RaftServerConfigKeys (ConfUtils.java:logGet(43)) - raft.server.log.appender.install.snapshot.enabled = false (custom)
2019-07-14 04:35:49,035 INFO  server.RaftServerConfigKeys (ConfUtils.java:logGet(43)) - raft.server.log.appender.snapshot.chunk.size.max = 16MB (=16777216) (default)
2019-07-14 04:35:49,036 INFO  server.RaftServerConfigKeys (ConfUtils.java:logGet(43)) - raft.server.log.appender.buffer.byte-limit = 33554432 (custom)
2019-07-14 04:35:49,036 INFO  server.RaftServerConfigKeys (ConfUtils.java:logGet(43)) - raft.server.log.appender.buffer.element-limit = 1 (custom)
2019-07-14 04:35:49,036 INFO  grpc.GrpcConfigKeys$Server (ConfUtils.java:logGet(43)) - raft.grpc.server.leader.outstanding.appends.max = 128 (default)
2019-07-14 04:35:49,037 INFO  server.RaftServerConfigKeys (ConfUtils.java:logGet(43)) - raft.server.rpc.request.timeout = 3000ms (default)
2019-07-14 04:35:49,037 INFO  server.RaftServerConfigKeys (ConfUtils.java:logGet(43)) - raft.server.log.appender.install.snapshot.enabled = false (custom)
2019-07-14 04:35:49,037 INFO  impl.RoleInfo (RoleInfo.java:updateAndGet(143)) - f2fb1c47-f2a9-4bac-ac1b-cb168850caba: start LeaderState
2019-07-14 04:35:49,037 INFO  segmented.SegmentedRaftLogWorker (SegmentedRaftLogWorker.java:startLogSegment(380)) - f2fb1c47-f2a9-4bac-ac1b-cb168850caba-SegmentedRaftLogWorker:Storage Directory /tmp/workdir/hadoop-ozone/integration-test/target/test-dir/MiniOzoneClusterImpl-731b0d99-aab8-47a8-8b8d-de44cbd2448d/datanode-2/data/ratis/e2d6b4d6-b954-4588-af8a-8599d6e168f0: Starting segment from index:0
2019-07-14 04:35:49,038 INFO  impl.RaftServerImpl (ServerState.java:setRaftConf(361)) - f2fb1c47-f2a9-4bac-ac1b-cb168850caba:group-8599D6E168F0 set configuration 0: [d48f6f32-e53b-43c5-9bf8-dd459e13a9d1:192.168.5.157:45852, f2fb1c47-f2a9-4bac-ac1b-cb168850caba:192.168.5.157:34507, e3fb44ff-34d6-4834-bb05-cdafaf497f92:192.168.5.157:37951], old=null at 0
2019-07-14 04:35:49,043 INFO  segmented.SegmentedRaftLogWorker (SegmentedRaftLogWorker.java:execute(569)) - f2fb1c47-f2a9-4bac-ac1b-cb168850caba-SegmentedRaftLogWorker:Storage Directory /tmp/workdir/hadoop-ozone/integration-test/target/test-dir/MiniOzoneClusterImpl-731b0d99-aab8-47a8-8b8d-de44cbd2448d/datanode-2/data/ratis/4d852f1e-38cc-4c26-91df-5526039c999c: created new log segment /tmp/workdir/hadoop-ozone/integration-test/target/test-dir/MiniOzoneClusterImpl-731b0d99-aab8-47a8-8b8d-de44cbd2448d/datanode-2/data/ratis/4d852f1e-38cc-4c26-91df-5526039c999c/current/log_inprogress_0
2019-07-14 04:35:49,046 INFO  impl.RaftServerImpl (ServerState.java:setLeader(263)) - e3fb44ff-34d6-4834-bb05-cdafaf497f92:group-8599D6E168F0 change Leader from null to f2fb1c47-f2a9-4bac-ac1b-cb168850caba at term 1 for appendEntries, leader elected after 5167ms
2019-07-14 04:35:49,046 INFO  impl.RaftServerImpl (ServerState.java:setLeader(263)) - d48f6f32-e53b-43c5-9bf8-dd459e13a9d1:group-8599D6E168F0 change Leader from null to f2fb1c47-f2a9-4bac-ac1b-cb168850caba at term 1 for appendEntries, leader elected after 5166ms
2019-07-14 04:35:49,072 INFO  segmented.SegmentedRaftLogWorker (SegmentedRaftLogWorker.java:execute(569)) - f2fb1c47-f2a9-4bac-ac1b-cb168850caba-SegmentedRaftLogWorker:Storage Directory /tmp/workdir/hadoop-ozone/integration-test/target/test-dir/MiniOzoneClusterImpl-731b0d99-aab8-47a8-8b8d-de44cbd2448d/datanode-2/data/ratis/e2d6b4d6-b954-4588-af8a-8599d6e168f0: created new log segment /tmp/workdir/hadoop-ozone/integration-test/target/test-dir/MiniOzoneClusterImpl-731b0d99-aab8-47a8-8b8d-de44cbd2448d/datanode-2/data/ratis/e2d6b4d6-b954-4588-af8a-8599d6e168f0/current/log_inprogress_0
2019-07-14 04:35:49,072 INFO  impl.RaftServerImpl (ServerState.java:setRaftConf(361)) - d48f6f32-e53b-43c5-9bf8-dd459e13a9d1:group-8599D6E168F0 set configuration 0: [d48f6f32-e53b-43c5-9bf8-dd459e13a9d1:192.168.5.157:45852, f2fb1c47-f2a9-4bac-ac1b-cb168850caba:192.168.5.157:34507, e3fb44ff-34d6-4834-bb05-cdafaf497f92:192.168.5.157:37951], old=null at 0
2019-07-14 04:35:49,072 INFO  impl.RaftServerImpl (ServerState.java:setRaftConf(361)) - e3fb44ff-34d6-4834-bb05-cdafaf497f92:group-8599D6E168F0 set configuration 0: [d48f6f32-e53b-43c5-9bf8-dd459e13a9d1:192.168.5.157:45852, f2fb1c47-f2a9-4bac-ac1b-cb168850caba:192.168.5.157:34507, e3fb44ff-34d6-4834-bb05-cdafaf497f92:192.168.5.157:37951], old=null at 0
2019-07-14 04:35:49,072 INFO  segmented.SegmentedRaftLogWorker (SegmentedRaftLogWorker.java:startLogSegment(380)) - d48f6f32-e53b-43c5-9bf8-dd459e13a9d1-SegmentedRaftLogWorker:Storage Directory /tmp/workdir/hadoop-ozone/integration-test/target/test-dir/MiniOzoneClusterImpl-731b0d99-aab8-47a8-8b8d-de44cbd2448d/datanode-0/data/ratis/e2d6b4d6-b954-4588-af8a-8599d6e168f0: Starting segment from index:0
2019-07-14 04:35:49,072 INFO  segmented.SegmentedRaftLogWorker (SegmentedRaftLogWorker.java:startLogSegment(380)) - e3fb44ff-34d6-4834-bb05-cdafaf497f92-SegmentedRaftLogWorker:Storage Directory /tmp/workdir/hadoop-ozone/integration-test/target/test-dir/MiniOzoneClusterImpl-731b0d99-aab8-47a8-8b8d-de44cbd2448d/datanode-1/data/ratis/e2d6b4d6-b954-4588-af8a-8599d6e168f0: Starting segment from index:0
2019-07-14 04:35:49,092 INFO  segmented.SegmentedRaftLogWorker (SegmentedRaftLogWorker.java:execute(569)) - e3fb44ff-34d6-4834-bb05-cdafaf497f92-SegmentedRaftLogWorker:Storage Directory /tmp/workdir/hadoop-ozone/integration-test/target/test-dir/MiniOzoneClusterImpl-731b0d99-aab8-47a8-8b8d-de44cbd2448d/datanode-1/data/ratis/e2d6b4d6-b954-4588-af8a-8599d6e168f0: created new log segment /tmp/workdir/hadoop-ozone/integration-test/target/test-dir/MiniOzoneClusterImpl-731b0d99-aab8-47a8-8b8d-de44cbd2448d/datanode-1/data/ratis/e2d6b4d6-b954-4588-af8a-8599d6e168f0/current/log_inprogress_0
2019-07-14 04:35:49,092 INFO  segmented.SegmentedRaftLogWorker (SegmentedRaftLogWorker.java:execute(569)) - d48f6f32-e53b-43c5-9bf8-dd459e13a9d1-SegmentedRaftLogWorker:Storage Directory /tmp/workdir/hadoop-ozone/integration-test/target/test-dir/MiniOzoneClusterImpl-731b0d99-aab8-47a8-8b8d-de44cbd2448d/datanode-0/data/ratis/e2d6b4d6-b954-4588-af8a-8599d6e168f0: created new log segment /tmp/workdir/hadoop-ozone/integration-test/target/test-dir/MiniOzoneClusterImpl-731b0d99-aab8-47a8-8b8d-de44cbd2448d/datanode-0/data/ratis/e2d6b4d6-b954-4588-af8a-8599d6e168f0/current/log_inprogress_0
2019-07-14 04:35:49,121 INFO  impl.FollowerState (FollowerState.java:run(106)) - 68e894bc-f316-43bc-b55b-b590aca17df2:group-3396A9242923 changes to CANDIDATE, lastRpcTime:5115, electionTimeout:5115ms
2019-07-14 04:35:49,121 INFO  impl.RoleInfo (RoleInfo.java:shutdownFollowerState(121)) - 68e894bc-f316-43bc-b55b-b590aca17df2: shutdown FollowerState
2019-07-14 04:35:49,122 INFO  impl.RaftServerImpl (RaftServerImpl.java:setRole(171)) - 68e894bc-f316-43bc-b55b-b590aca17df2:group-3396A9242923 changes role from FOLLOWER to CANDIDATE at term 0 for changeToCandidate
2019-07-14 04:35:49,122 INFO  impl.RoleInfo (RoleInfo.java:updateAndGet(143)) - 68e894bc-f316-43bc-b55b-b590aca17df2: start LeaderElection
2019-07-14 04:35:49,172 INFO  impl.LeaderElection (LeaderElection.java:askForVotes(181)) - 68e894bc-f316-43bc-b55b-b590aca17df2:group-3396A9242923:LeaderElection20: begin an election at term 1 for -1: [68e894bc-f316-43bc-b55b-b590aca17df2:192.168.5.157:39889], old=null
2019-07-14 04:35:49,172 INFO  impl.RoleInfo (RoleInfo.java:shutdownLeaderElection(134)) - 68e894bc-f316-43bc-b55b-b590aca17df2: shutdown LeaderElection
2019-07-14 04:35:49,172 INFO  impl.RaftServerImpl (RaftServerImpl.java:setRole(171)) - 68e894bc-f316-43bc-b55b-b590aca17df2:group-3396A9242923 changes role from CANDIDATE to LEADER at term 1 for changeToLeader
2019-07-14 04:35:49,172 INFO  impl.RaftServerImpl (ServerState.java:setLeader(263)) - 68e894bc-f316-43bc-b55b-b590aca17df2:group-3396A9242923 change Leader from null to 68e894bc-f316-43bc-b55b-b590aca17df2 at term 1 for becomeLeader, leader elected after 5172ms
2019-07-14 04:35:49,173 INFO  server.RaftServerConfigKeys (ConfUtils.java:logGet(43)) - raft.server.staging.catchup.gap = 1000 (default)
2019-07-14 04:35:49,173 INFO  server.RaftServerConfigKeys (ConfUtils.java:logGet(43)) - raft.server.rpc.sleep.time = 25ms (default)
2019-07-14 04:35:49,173 INFO  server.RaftServerConfigKeys (ConfUtils.java:logGet(43)) - raft.server.write.element-limit = 4096 (default)
2019-07-14 04:35:49,173 INFO  server.RaftServerConfigKeys (ConfUtils.java:logGet(43)) - raft.server.watch.timeout = 10s (default)
2019-07-14 04:35:49,173 INFO  server.RaftServerConfigKeys (ConfUtils.java:logGet(43)) - raft.server.watch.timeout.denomination = 1s (default)
2019-07-14 04:35:49,174 INFO  server.RaftServerConfigKeys (ConfUtils.java:logGet(43)) - raft.server.watch.element-limit = 65536 (default)
2019-07-14 04:35:49,174 INFO  impl.RoleInfo (RoleInfo.java:updateAndGet(143)) - 68e894bc-f316-43bc-b55b-b590aca17df2: start LeaderState
2019-07-14 04:35:49,174 INFO  segmented.SegmentedRaftLogWorker (SegmentedRaftLogWorker.java:startLogSegment(380)) - 68e894bc-f316-43bc-b55b-b590aca17df2-SegmentedRaftLogWorker:Storage Directory /tmp/workdir/hadoop-ozone/integration-test/target/test-dir/MiniOzoneClusterImpl-731b0d99-aab8-47a8-8b8d-de44cbd2448d/datanode-3/data/ratis/4d229bbe-ae36-4b87-a3ef-3396a9242923: Starting segment from index:0
2019-07-14 04:35:49,175 INFO  impl.RaftServerImpl (ServerState.java:setRaftConf(361)) - 68e894bc-f316-43bc-b55b-b590aca17df2:group-3396A9242923 set configuration 0: [68e894bc-f316-43bc-b55b-b590aca17df2:192.168.5.157:39889], old=null at 0
2019-07-14 04:35:49,206 INFO  segmented.SegmentedRaftLogWorker (SegmentedRaftLogWorker.java:execute(569)) - 68e894bc-f316-43bc-b55b-b590aca17df2-SegmentedRaftLogWorker:Storage Directory /tmp/workdir/hadoop-ozone/integration-test/target/test-dir/MiniOzoneClusterImpl-731b0d99-aab8-47a8-8b8d-de44cbd2448d/datanode-3/data/ratis/4d229bbe-ae36-4b87-a3ef-3396a9242923: created new log segment /tmp/workdir/hadoop-ozone/integration-test/target/test-dir/MiniOzoneClusterImpl-731b0d99-aab8-47a8-8b8d-de44cbd2448d/datanode-3/data/ratis/4d229bbe-ae36-4b87-a3ef-3396a9242923/current/log_inprogress_0
2019-07-14 04:35:49,272 INFO  impl.FollowerState (FollowerState.java:run(106)) - d6e91d25-642c-4714-9538-7b9b1eb680f3:group-2A144CF52EF4 changes to CANDIDATE, lastRpcTime:5066, electionTimeout:5066ms
2019-07-14 04:35:49,272 INFO  impl.RoleInfo (RoleInfo.java:shutdownFollowerState(121)) - d6e91d25-642c-4714-9538-7b9b1eb680f3: shutdown FollowerState
2019-07-14 04:35:49,273 INFO  impl.RaftServerImpl (RaftServerImpl.java:setRole(171)) - d6e91d25-642c-4714-9538-7b9b1eb680f3:group-2A144CF52EF4 changes role from FOLLOWER to CANDIDATE at term 0 for changeToCandidate
2019-07-14 04:35:49,273 INFO  impl.RoleInfo (RoleInfo.java:updateAndGet(143)) - d6e91d25-642c-4714-9538-7b9b1eb680f3: start LeaderElection
2019-07-14 04:35:49,291 INFO  impl.LeaderElection (LeaderElection.java:askForVotes(181)) - d6e91d25-642c-4714-9538-7b9b1eb680f3:group-2A144CF52EF4:LeaderElection21: begin an election at term 1 for -1: [d6e91d25-642c-4714-9538-7b9b1eb680f3:192.168.5.157:42738], old=null
2019-07-14 04:35:49,291 INFO  impl.RoleInfo (RoleInfo.java:shutdownLeaderElection(134)) - d6e91d25-642c-4714-9538-7b9b1eb680f3: shutdown LeaderElection
2019-07-14 04:35:49,291 INFO  impl.RaftServerImpl (RaftServerImpl.java:setRole(171)) - d6e91d25-642c-4714-9538-7b9b1eb680f3:group-2A144CF52EF4 changes role from CANDIDATE to LEADER at term 1 for changeToLeader
2019-07-14 04:35:49,291 INFO  impl.RaftServerImpl (ServerState.java:setLeader(263)) - d6e91d25-642c-4714-9538-7b9b1eb680f3:group-2A144CF52EF4 change Leader from null to d6e91d25-642c-4714-9538-7b9b1eb680f3 at term 1 for becomeLeader, leader elected after 5091ms
2019-07-14 04:35:49,292 INFO  server.RaftServerConfigKeys (ConfUtils.java:logGet(43)) - raft.server.staging.catchup.gap = 1000 (default)
2019-07-14 04:35:49,292 INFO  server.RaftServerConfigKeys (ConfUtils.java:logGet(43)) - raft.server.rpc.sleep.time = 25ms (default)
2019-07-14 04:35:49,292 INFO  server.RaftServerConfigKeys (ConfUtils.java:logGet(43)) - raft.server.write.element-limit = 4096 (default)
2019-07-14 04:35:49,292 INFO  server.RaftServerConfigKeys (ConfUtils.java:logGet(43)) - raft.server.watch.timeout = 10s (default)
2019-07-14 04:35:49,292 INFO  server.RaftServerConfigKeys (ConfUtils.java:logGet(43)) - raft.server.watch.timeout.denomination = 1s (default)
2019-07-14 04:35:49,293 INFO  server.RaftServerConfigKeys (ConfUtils.java:logGet(43)) - raft.server.watch.element-limit = 65536 (default)
2019-07-14 04:35:49,293 INFO  impl.RoleInfo (RoleInfo.java:updateAndGet(143)) - d6e91d25-642c-4714-9538-7b9b1eb680f3: start LeaderState
2019-07-14 04:35:49,293 INFO  segmented.SegmentedRaftLogWorker (SegmentedRaftLogWorker.java:startLogSegment(380)) - d6e91d25-642c-4714-9538-7b9b1eb680f3-SegmentedRaftLogWorker:Storage Directory /tmp/workdir/hadoop-ozone/integration-test/target/test-dir/MiniOzoneClusterImpl-731b0d99-aab8-47a8-8b8d-de44cbd2448d/datanode-4/data/ratis/39a98c42-9e99-4eab-89a6-2a144cf52ef4: Starting segment from index:0
2019-07-14 04:35:49,294 INFO  impl.RaftServerImpl (ServerState.java:setRaftConf(361)) - d6e91d25-642c-4714-9538-7b9b1eb680f3:group-2A144CF52EF4 set configuration 0: [d6e91d25-642c-4714-9538-7b9b1eb680f3:192.168.5.157:42738], old=null at 0
2019-07-14 04:35:49,332 INFO  segmented.SegmentedRaftLogWorker (SegmentedRaftLogWorker.java:execute(569)) - d6e91d25-642c-4714-9538-7b9b1eb680f3-SegmentedRaftLogWorker:Storage Directory /tmp/workdir/hadoop-ozone/integration-test/target/test-dir/MiniOzoneClusterImpl-731b0d99-aab8-47a8-8b8d-de44cbd2448d/datanode-4/data/ratis/39a98c42-9e99-4eab-89a6-2a144cf52ef4: created new log segment /tmp/workdir/hadoop-ozone/integration-test/target/test-dir/MiniOzoneClusterImpl-731b0d99-aab8-47a8-8b8d-de44cbd2448d/datanode-4/data/ratis/39a98c42-9e99-4eab-89a6-2a144cf52ef4/current/log_inprogress_0
2019-07-14 04:35:49,417 INFO  impl.FollowerState (FollowerState.java:run(106)) - 80697987-964d-4673-b5e6-9824f890c09d:group-30024A79A033 changes to CANDIDATE, lastRpcTime:5017, electionTimeout:5017ms
2019-07-14 04:35:49,417 INFO  impl.RoleInfo (RoleInfo.java:shutdownFollowerState(121)) - 80697987-964d-4673-b5e6-9824f890c09d: shutdown FollowerState
2019-07-14 04:35:49,417 INFO  impl.RaftServerImpl (RaftServerImpl.java:setRole(171)) - 80697987-964d-4673-b5e6-9824f890c09d:group-30024A79A033 changes role from FOLLOWER to CANDIDATE at term 0 for changeToCandidate
2019-07-14 04:35:49,417 INFO  impl.RoleInfo (RoleInfo.java:updateAndGet(143)) - 80697987-964d-4673-b5e6-9824f890c09d: start LeaderElection
2019-07-14 04:35:49,429 INFO  impl.LeaderElection (LeaderElection.java:askForVotes(181)) - 80697987-964d-4673-b5e6-9824f890c09d:group-30024A79A033:LeaderElection22: begin an election at term 1 for -1: [80697987-964d-4673-b5e6-9824f890c09d:192.168.5.157:39681], old=null
2019-07-14 04:35:49,429 INFO  impl.RoleInfo (RoleInfo.java:shutdownLeaderElection(134)) - 80697987-964d-4673-b5e6-9824f890c09d: shutdown LeaderElection
2019-07-14 04:35:49,429 INFO  impl.RaftServerImpl (RaftServerImpl.java:setRole(171)) - 80697987-964d-4673-b5e6-9824f890c09d:group-30024A79A033 changes role from CANDIDATE to LEADER at term 1 for changeToLeader
2019-07-14 04:35:49,429 INFO  impl.RaftServerImpl (ServerState.java:setLeader(263)) - 80697987-964d-4673-b5e6-9824f890c09d:group-30024A79A033 change Leader from null to 80697987-964d-4673-b5e6-9824f890c09d at term 1 for becomeLeader, leader elected after 5035ms
2019-07-14 04:35:49,430 INFO  server.RaftServerConfigKeys (ConfUtils.java:logGet(43)) - raft.server.staging.catchup.gap = 1000 (default)
2019-07-14 04:35:49,430 INFO  server.RaftServerConfigKeys (ConfUtils.java:logGet(43)) - raft.server.rpc.sleep.time = 25ms (default)
2019-07-14 04:35:49,430 INFO  server.RaftServerConfigKeys (ConfUtils.java:logGet(43)) - raft.server.write.element-limit = 4096 (default)
2019-07-14 04:35:49,430 INFO  server.RaftServerConfigKeys (ConfUtils.java:logGet(43)) - raft.server.watch.timeout = 10s (default)
2019-07-14 04:35:49,430 INFO  server.RaftServerConfigKeys (ConfUtils.java:logGet(43)) - raft.server.watch.timeout.denomination = 1s (default)
2019-07-14 04:35:49,430 INFO  server.RaftServerConfigKeys (ConfUtils.java:logGet(43)) - raft.server.watch.element-limit = 65536 (default)
2019-07-14 04:35:49,431 INFO  impl.RoleInfo (RoleInfo.java:updateAndGet(143)) - 80697987-964d-4673-b5e6-9824f890c09d: start LeaderState
2019-07-14 04:35:49,431 INFO  segmented.SegmentedRaftLogWorker (SegmentedRaftLogWorker.java:startLogSegment(380)) - 80697987-964d-4673-b5e6-9824f890c09d-SegmentedRaftLogWorker:Storage Directory /tmp/workdir/hadoop-ozone/integration-test/target/test-dir/MiniOzoneClusterImpl-731b0d99-aab8-47a8-8b8d-de44cbd2448d/datanode-5/data/ratis/823fd884-77dd-4d17-9fd0-30024a79a033: Starting segment from index:0
2019-07-14 04:35:49,432 INFO  impl.RaftServerImpl (ServerState.java:setRaftConf(361)) - 80697987-964d-4673-b5e6-9824f890c09d:group-30024A79A033 set configuration 0: [80697987-964d-4673-b5e6-9824f890c09d:192.168.5.157:39681], old=null at 0
2019-07-14 04:35:49,455 INFO  segmented.SegmentedRaftLogWorker (SegmentedRaftLogWorker.java:execute(569)) - 80697987-964d-4673-b5e6-9824f890c09d-SegmentedRaftLogWorker:Storage Directory /tmp/workdir/hadoop-ozone/integration-test/target/test-dir/MiniOzoneClusterImpl-731b0d99-aab8-47a8-8b8d-de44cbd2448d/datanode-5/data/ratis/823fd884-77dd-4d17-9fd0-30024a79a033: created new log segment /tmp/workdir/hadoop-ozone/integration-test/target/test-dir/MiniOzoneClusterImpl-731b0d99-aab8-47a8-8b8d-de44cbd2448d/datanode-5/data/ratis/823fd884-77dd-4d17-9fd0-30024a79a033/current/log_inprogress_0
2019-07-14 04:35:49,474 INFO  impl.FollowerState (FollowerState.java:run(106)) - 68e894bc-f316-43bc-b55b-b590aca17df2:group-ABD33FDEB145 changes to CANDIDATE, lastRpcTime:5005, electionTimeout:5005ms
2019-07-14 04:35:49,474 INFO  impl.RoleInfo (RoleInfo.java:shutdownFollowerState(121)) - 68e894bc-f316-43bc-b55b-b590aca17df2: shutdown FollowerState
2019-07-14 04:35:49,474 INFO  impl.RaftServerImpl (RaftServerImpl.java:setRole(171)) - 68e894bc-f316-43bc-b55b-b590aca17df2:group-ABD33FDEB145 changes role from FOLLOWER to CANDIDATE at term 0 for changeToCandidate
2019-07-14 04:35:49,474 INFO  impl.RoleInfo (RoleInfo.java:updateAndGet(143)) - 68e894bc-f316-43bc-b55b-b590aca17df2: start LeaderElection
2019-07-14 04:35:49,491 INFO  impl.LeaderElection (LeaderElection.java:askForVotes(181)) - 68e894bc-f316-43bc-b55b-b590aca17df2:group-ABD33FDEB145:LeaderElection23: begin an election at term 1 for -1: [d6e91d25-642c-4714-9538-7b9b1eb680f3:192.168.5.157:42738, 80697987-964d-4673-b5e6-9824f890c09d:192.168.5.157:39681, 68e894bc-f316-43bc-b55b-b590aca17df2:192.168.5.157:39889], old=null
2019-07-14 04:35:49,502 INFO  impl.RaftServerImpl (RaftServerImpl.java:setRole(171)) - 80697987-964d-4673-b5e6-9824f890c09d:group-ABD33FDEB145 changes role from FOLLOWER to FOLLOWER at term 1 for recognizeCandidate:68e894bc-f316-43bc-b55b-b590aca17df2
2019-07-14 04:35:49,502 INFO  impl.RaftServerImpl (RaftServerImpl.java:setRole(171)) - d6e91d25-642c-4714-9538-7b9b1eb680f3:group-ABD33FDEB145 changes role from FOLLOWER to FOLLOWER at term 1 for recognizeCandidate:68e894bc-f316-43bc-b55b-b590aca17df2
2019-07-14 04:35:49,502 INFO  impl.RoleInfo (RoleInfo.java:shutdownFollowerState(121)) - 80697987-964d-4673-b5e6-9824f890c09d: shutdown FollowerState
2019-07-14 04:35:49,503 INFO  impl.RoleInfo (RoleInfo.java:shutdownFollowerState(121)) - d6e91d25-642c-4714-9538-7b9b1eb680f3: shutdown FollowerState
2019-07-14 04:35:49,503 INFO  impl.FollowerState (FollowerState.java:run(114)) - 80697987-964d-4673-b5e6-9824f890c09d: FollowerState was interrupted: java.lang.InterruptedException: sleep interrupted
2019-07-14 04:35:49,503 INFO  impl.RoleInfo (RoleInfo.java:updateAndGet(143)) - 80697987-964d-4673-b5e6-9824f890c09d: start FollowerState
2019-07-14 04:35:49,503 INFO  impl.FollowerState (FollowerState.java:run(114)) - d6e91d25-642c-4714-9538-7b9b1eb680f3: FollowerState was interrupted: java.lang.InterruptedException: sleep interrupted
2019-07-14 04:35:49,503 INFO  impl.RoleInfo (RoleInfo.java:updateAndGet(143)) - d6e91d25-642c-4714-9538-7b9b1eb680f3: start FollowerState
2019-07-14 04:35:49,517 INFO  impl.LeaderElection (LeaderElection.java:logAndReturn(56)) - 68e894bc-f316-43bc-b55b-b590aca17df2:group-ABD33FDEB145:LeaderElection23: Election PASSED; received 1 response(s) [68e894bc-f316-43bc-b55b-b590aca17df2<-80697987-964d-4673-b5e6-9824f890c09d#0:OK-t1] and 0 exception(s); 68e894bc-f316-43bc-b55b-b590aca17df2:t1, leader=null, voted=68e894bc-f316-43bc-b55b-b590aca17df2, raftlog=68e894bc-f316-43bc-b55b-b590aca17df2-SegmentedRaftLog:OPENED:c-1,f-1,i0, conf=-1: [d6e91d25-642c-4714-9538-7b9b1eb680f3:192.168.5.157:42738, 80697987-964d-4673-b5e6-9824f890c09d:192.168.5.157:39681, 68e894bc-f316-43bc-b55b-b590aca17df2:192.168.5.157:39889], old=null
2019-07-14 04:35:49,517 INFO  impl.RoleInfo (RoleInfo.java:shutdownLeaderElection(134)) - 68e894bc-f316-43bc-b55b-b590aca17df2: shutdown LeaderElection
2019-07-14 04:35:49,522 INFO  impl.RaftServerImpl (RaftServerImpl.java:setRole(171)) - 68e894bc-f316-43bc-b55b-b590aca17df2:group-ABD33FDEB145 changes role from CANDIDATE to LEADER at term 1 for changeToLeader
2019-07-14 04:35:49,522 INFO  impl.RaftServerImpl (ServerState.java:setLeader(263)) - 68e894bc-f316-43bc-b55b-b590aca17df2:group-ABD33FDEB145 change Leader from null to 68e894bc-f316-43bc-b55b-b590aca17df2 at term 1 for becomeLeader, leader elected after 5067ms
2019-07-14 04:35:49,523 INFO  server.RaftServerConfigKeys (ConfUtils.java:logGet(43)) - raft.server.staging.catchup.gap = 1000 (default)
2019-07-14 04:35:49,523 INFO  server.RaftServerConfigKeys (ConfUtils.java:logGet(43)) - raft.server.rpc.sleep.time = 25ms (default)
2019-07-14 04:35:49,523 INFO  server.RaftServerConfigKeys (ConfUtils.java:logGet(43)) - raft.server.write.element-limit = 4096 (default)
2019-07-14 04:35:49,523 INFO  server.RaftServerConfigKeys (ConfUtils.java:logGet(43)) - raft.server.watch.timeout = 10s (default)
2019-07-14 04:35:49,523 INFO  server.RaftServerConfigKeys (ConfUtils.java:logGet(43)) - raft.server.watch.timeout.denomination = 1s (default)
2019-07-14 04:35:49,524 INFO  server.RaftServerConfigKeys (ConfUtils.java:logGet(43)) - raft.server.watch.element-limit = 65536 (default)
2019-07-14 04:35:49,524 INFO  server.RaftServerConfigKeys (ConfUtils.java:logGet(43)) - raft.server.log.appender.snapshot.chunk.size.max = 16MB (=16777216) (default)
2019-07-14 04:35:49,524 INFO  server.RaftServerConfigKeys (ConfUtils.java:logGet(43)) - raft.server.log.appender.buffer.byte-limit = 33554432 (custom)
2019-07-14 04:35:49,524 INFO  server.RaftServerConfigKeys (ConfUtils.java:logGet(43)) - raft.server.log.appender.buffer.element-limit = 1 (custom)
2019-07-14 04:35:49,525 INFO  grpc.GrpcConfigKeys$Server (ConfUtils.java:logGet(43)) - raft.grpc.server.leader.outstanding.appends.max = 128 (default)
2019-07-14 04:35:49,525 INFO  server.RaftServerConfigKeys (ConfUtils.java:logGet(43)) - raft.server.rpc.request.timeout = 3000ms (default)
2019-07-14 04:35:49,525 INFO  server.RaftServerConfigKeys (ConfUtils.java:logGet(43)) - raft.server.log.appender.install.snapshot.enabled = false (custom)
2019-07-14 04:35:49,526 INFO  server.RaftServerConfigKeys (ConfUtils.java:logGet(43)) - raft.server.log.appender.snapshot.chunk.size.max = 16MB (=16777216) (default)
2019-07-14 04:35:49,526 INFO  server.RaftServerConfigKeys (ConfUtils.java:logGet(43)) - raft.server.log.appender.buffer.byte-limit = 33554432 (custom)
2019-07-14 04:35:49,526 INFO  server.RaftServerConfigKeys (ConfUtils.java:logGet(43)) - raft.server.log.appender.buffer.element-limit = 1 (custom)
2019-07-14 04:35:49,526 INFO  grpc.GrpcConfigKeys$Server (ConfUtils.java:logGet(43)) - raft.grpc.server.leader.outstanding.appends.max = 128 (default)
2019-07-14 04:35:49,527 INFO  server.RaftServerConfigKeys (ConfUtils.java:logGet(43)) - raft.server.rpc.request.timeout = 3000ms (default)
2019-07-14 04:35:49,527 INFO  server.RaftServerConfigKeys (ConfUtils.java:logGet(43)) - raft.server.log.appender.install.snapshot.enabled = false (custom)
2019-07-14 04:35:49,527 INFO  impl.RoleInfo (RoleInfo.java:updateAndGet(143)) - 68e894bc-f316-43bc-b55b-b590aca17df2: start LeaderState
2019-07-14 04:35:49,527 INFO  segmented.SegmentedRaftLogWorker (SegmentedRaftLogWorker.java:startLogSegment(380)) - 68e894bc-f316-43bc-b55b-b590aca17df2-SegmentedRaftLogWorker:Storage Directory /tmp/workdir/hadoop-ozone/integration-test/target/test-dir/MiniOzoneClusterImpl-731b0d99-aab8-47a8-8b8d-de44cbd2448d/datanode-3/data/ratis/e5269972-d42a-4fbd-8657-abd33fdeb145: Starting segment from index:0
2019-07-14 04:35:49,529 INFO  impl.RaftServerImpl (ServerState.java:setRaftConf(361)) - 68e894bc-f316-43bc-b55b-b590aca17df2:group-ABD33FDEB145 set configuration 0: [d6e91d25-642c-4714-9538-7b9b1eb680f3:192.168.5.157:42738, 80697987-964d-4673-b5e6-9824f890c09d:192.168.5.157:39681, 68e894bc-f316-43bc-b55b-b590aca17df2:192.168.5.157:39889], old=null at 0
2019-07-14 04:35:49,548 INFO  impl.RaftServerImpl (ServerState.java:setLeader(263)) - d6e91d25-642c-4714-9538-7b9b1eb680f3:group-ABD33FDEB145 change Leader from null to 68e894bc-f316-43bc-b55b-b590aca17df2 at term 1 for appendEntries, leader elected after 5094ms
2019-07-14 04:35:49,549 INFO  impl.RaftServerImpl (ServerState.java:setLeader(263)) - 80697987-964d-4673-b5e6-9824f890c09d:group-ABD33FDEB145 change Leader from null to 68e894bc-f316-43bc-b55b-b590aca17df2 at term 1 for appendEntries, leader elected after 5094ms
2019-07-14 04:35:49,553 INFO  segmented.SegmentedRaftLogWorker (SegmentedRaftLogWorker.java:execute(569)) - 68e894bc-f316-43bc-b55b-b590aca17df2-SegmentedRaftLogWorker:Storage Directory /tmp/workdir/hadoop-ozone/integration-test/target/test-dir/MiniOzoneClusterImpl-731b0d99-aab8-47a8-8b8d-de44cbd2448d/datanode-3/data/ratis/e5269972-d42a-4fbd-8657-abd33fdeb145: created new log segment /tmp/workdir/hadoop-ozone/integration-test/target/test-dir/MiniOzoneClusterImpl-731b0d99-aab8-47a8-8b8d-de44cbd2448d/datanode-3/data/ratis/e5269972-d42a-4fbd-8657-abd33fdeb145/current/log_inprogress_0
2019-07-14 04:35:49,562 INFO  impl.RaftServerImpl (ServerState.java:setRaftConf(361)) - 80697987-964d-4673-b5e6-9824f890c09d:group-ABD33FDEB145 set configuration 0: [d6e91d25-642c-4714-9538-7b9b1eb680f3:192.168.5.157:42738, 80697987-964d-4673-b5e6-9824f890c09d:192.168.5.157:39681, 68e894bc-f316-43bc-b55b-b590aca17df2:192.168.5.157:39889], old=null at 0
2019-07-14 04:35:49,562 INFO  impl.RaftServerImpl (ServerState.java:setRaftConf(361)) - d6e91d25-642c-4714-9538-7b9b1eb680f3:group-ABD33FDEB145 set configuration 0: [d6e91d25-642c-4714-9538-7b9b1eb680f3:192.168.5.157:42738, 80697987-964d-4673-b5e6-9824f890c09d:192.168.5.157:39681, 68e894bc-f316-43bc-b55b-b590aca17df2:192.168.5.157:39889], old=null at 0
2019-07-14 04:35:49,562 INFO  segmented.SegmentedRaftLogWorker (SegmentedRaftLogWorker.java:startLogSegment(380)) - 80697987-964d-4673-b5e6-9824f890c09d-SegmentedRaftLogWorker:Storage Directory /tmp/workdir/hadoop-ozone/integration-test/target/test-dir/MiniOzoneClusterImpl-731b0d99-aab8-47a8-8b8d-de44cbd2448d/datanode-5/data/ratis/e5269972-d42a-4fbd-8657-abd33fdeb145: Starting segment from index:0
2019-07-14 04:35:49,563 INFO  segmented.SegmentedRaftLogWorker (SegmentedRaftLogWorker.java:startLogSegment(380)) - d6e91d25-642c-4714-9538-7b9b1eb680f3-SegmentedRaftLogWorker:Storage Directory /tmp/workdir/hadoop-ozone/integration-test/target/test-dir/MiniOzoneClusterImpl-731b0d99-aab8-47a8-8b8d-de44cbd2448d/datanode-4/data/ratis/e5269972-d42a-4fbd-8657-abd33fdeb145: Starting segment from index:0
2019-07-14 04:35:49,588 INFO  segmented.SegmentedRaftLogWorker (SegmentedRaftLogWorker.java:execute(569)) - 80697987-964d-4673-b5e6-9824f890c09d-SegmentedRaftLogWorker:Storage Directory /tmp/workdir/hadoop-ozone/integration-test/target/test-dir/MiniOzoneClusterImpl-731b0d99-aab8-47a8-8b8d-de44cbd2448d/datanode-5/data/ratis/e5269972-d42a-4fbd-8657-abd33fdeb145: created new log segment /tmp/workdir/hadoop-ozone/integration-test/target/test-dir/MiniOzoneClusterImpl-731b0d99-aab8-47a8-8b8d-de44cbd2448d/datanode-5/data/ratis/e5269972-d42a-4fbd-8657-abd33fdeb145/current/log_inprogress_0
2019-07-14 04:35:49,588 INFO  segmented.SegmentedRaftLogWorker (SegmentedRaftLogWorker.java:execute(569)) - d6e91d25-642c-4714-9538-7b9b1eb680f3-SegmentedRaftLogWorker:Storage Directory /tmp/workdir/hadoop-ozone/integration-test/target/test-dir/MiniOzoneClusterImpl-731b0d99-aab8-47a8-8b8d-de44cbd2448d/datanode-4/data/ratis/e5269972-d42a-4fbd-8657-abd33fdeb145: created new log segment /tmp/workdir/hadoop-ozone/integration-test/target/test-dir/MiniOzoneClusterImpl-731b0d99-aab8-47a8-8b8d-de44cbd2448d/datanode-4/data/ratis/e5269972-d42a-4fbd-8657-abd33fdeb145/current/log_inprogress_0
2019-07-14 04:35:49,782 INFO  impl.FollowerState (FollowerState.java:run(106)) - bdfec543-0ae8-4d13-b8f9-39202438ded3:group-0B78485FBB52 changes to CANDIDATE, lastRpcTime:5150, electionTimeout:5143ms
2019-07-14 04:35:49,782 INFO  impl.RoleInfo (RoleInfo.java:shutdownFollowerState(121)) - bdfec543-0ae8-4d13-b8f9-39202438ded3: shutdown FollowerState
2019-07-14 04:35:49,782 INFO  impl.RaftServerImpl (RaftServerImpl.java:setRole(171)) - bdfec543-0ae8-4d13-b8f9-39202438ded3:group-0B78485FBB52 changes role from FOLLOWER to CANDIDATE at term 0 for changeToCandidate
2019-07-14 04:35:49,783 INFO  impl.RoleInfo (RoleInfo.java:updateAndGet(143)) - bdfec543-0ae8-4d13-b8f9-39202438ded3: start LeaderElection
2019-07-14 04:35:49,794 INFO  impl.LeaderElection (LeaderElection.java:askForVotes(181)) - bdfec543-0ae8-4d13-b8f9-39202438ded3:group-0B78485FBB52:LeaderElection24: begin an election at term 1 for -1: [bdfec543-0ae8-4d13-b8f9-39202438ded3:192.168.5.157:37319], old=null
2019-07-14 04:35:49,795 INFO  impl.RoleInfo (RoleInfo.java:shutdownLeaderElection(134)) - bdfec543-0ae8-4d13-b8f9-39202438ded3: shutdown LeaderElection
2019-07-14 04:35:49,795 INFO  impl.RaftServerImpl (RaftServerImpl.java:setRole(171)) - bdfec543-0ae8-4d13-b8f9-39202438ded3:group-0B78485FBB52 changes role from CANDIDATE to LEADER at term 1 for changeToLeader
2019-07-14 04:35:49,795 INFO  impl.RaftServerImpl (ServerState.java:setLeader(263)) - bdfec543-0ae8-4d13-b8f9-39202438ded3:group-0B78485FBB52 change Leader from null to bdfec543-0ae8-4d13-b8f9-39202438ded3 at term 1 for becomeLeader, leader elected after 5182ms
2019-07-14 04:35:49,795 INFO  server.RaftServerConfigKeys (ConfUtils.java:logGet(43)) - raft.server.staging.catchup.gap = 1000 (default)
2019-07-14 04:35:49,795 INFO  server.RaftServerConfigKeys (ConfUtils.java:logGet(43)) - raft.server.rpc.sleep.time = 25ms (default)
2019-07-14 04:35:49,796 INFO  server.RaftServerConfigKeys (ConfUtils.java:logGet(43)) - raft.server.write.element-limit = 4096 (default)
2019-07-14 04:35:49,796 INFO  server.RaftServerConfigKeys (ConfUtils.java:logGet(43)) - raft.server.watch.timeout = 10s (default)
2019-07-14 04:35:49,796 INFO  server.RaftServerConfigKeys (ConfUtils.java:logGet(43)) - raft.server.watch.timeout.denomination = 1s (default)
2019-07-14 04:35:49,796 INFO  server.RaftServerConfigKeys (ConfUtils.java:logGet(43)) - raft.server.watch.element-limit = 65536 (default)
2019-07-14 04:35:49,796 INFO  impl.RoleInfo (RoleInfo.java:updateAndGet(143)) - bdfec543-0ae8-4d13-b8f9-39202438ded3: start LeaderState
2019-07-14 04:35:49,797 INFO  segmented.SegmentedRaftLogWorker (SegmentedRaftLogWorker.java:startLogSegment(380)) - bdfec543-0ae8-4d13-b8f9-39202438ded3-SegmentedRaftLogWorker:Storage Directory /tmp/workdir/hadoop-ozone/integration-test/target/test-dir/MiniOzoneClusterImpl-731b0d99-aab8-47a8-8b8d-de44cbd2448d/datanode-6/data/ratis/1722d8e4-e4d2-462a-b2da-0b78485fbb52: Starting segment from index:0
2019-07-14 04:35:49,797 INFO  impl.RaftServerImpl (ServerState.java:setRaftConf(361)) - bdfec543-0ae8-4d13-b8f9-39202438ded3:group-0B78485FBB52 set configuration 0: [bdfec543-0ae8-4d13-b8f9-39202438ded3:192.168.5.157:37319], old=null at 0
2019-07-14 04:35:49,827 INFO  segmented.SegmentedRaftLogWorker (SegmentedRaftLogWorker.java:execute(569)) - bdfec543-0ae8-4d13-b8f9-39202438ded3-SegmentedRaftLogWorker:Storage Directory /tmp/workdir/hadoop-ozone/integration-test/target/test-dir/MiniOzoneClusterImpl-731b0d99-aab8-47a8-8b8d-de44cbd2448d/datanode-6/data/ratis/1722d8e4-e4d2-462a-b2da-0b78485fbb52: created new log segment /tmp/workdir/hadoop-ozone/integration-test/target/test-dir/MiniOzoneClusterImpl-731b0d99-aab8-47a8-8b8d-de44cbd2448d/datanode-6/data/ratis/1722d8e4-e4d2-462a-b2da-0b78485fbb52/current/log_inprogress_0
2019-07-14 04:35:49,854 INFO  client.GrpcClientProtocolClient (GrpcClientProtocolClient.java:onNext(255)) - client-58B06C0C2997->d48f6f32-e53b-43c5-9bf8-dd459e13a9d1: receive RaftClientReply:client-58B06C0C2997->d48f6f32-e53b-43c5-9bf8-dd459e13a9d1@group-8599D6E168F0, cid=38, FAILED org.apache.ratis.protocol.NotLeaderException: Server d48f6f32-e53b-43c5-9bf8-dd459e13a9d1 is not the leader (f2fb1c47-f2a9-4bac-ac1b-cb168850caba:192.168.5.157:34507). Request must be sent to leader., logIndex=0, commits[d48f6f32-e53b-43c5-9bf8-dd459e13a9d1:c-1, f2fb1c47-f2a9-4bac-ac1b-cb168850caba:c-1, e3fb44ff-34d6-4834-bb05-cdafaf497f92:c-1]
2019-07-14 04:35:50,108 INFO  client.GrpcClientProtocolClient (GrpcClientProtocolClient.java:onNext(255)) - client-58B06C0C2997->f2fb1c47-f2a9-4bac-ac1b-cb168850caba: receive RaftClientReply:client-58B06C0C2997->f2fb1c47-f2a9-4bac-ac1b-cb168850caba@group-8599D6E168F0, cid=38, SUCCESS, logIndex=1, commits[f2fb1c47-f2a9-4bac-ac1b-cb168850caba:c2, d48f6f32-e53b-43c5-9bf8-dd459e13a9d1:c1, e3fb44ff-34d6-4834-bb05-cdafaf497f92:c1]
2019-07-14 04:35:50,114 INFO  datanode.ObjectStoreHandler (ObjectStoreHandler.java:close(155)) - Closing ObjectStoreHandler.
2019-07-14 04:35:50,115 INFO  ozone.HddsDatanodeService (HddsDatanodeService.java:stop(452)) - Stopped plug-in org.apache.hadoop.ozone.web.OzoneHddsDatanodeService@1716c037
2019-07-14 04:35:51,067 INFO  statemachine.DatanodeStateMachine (DatanodeStateMachine.java:lambda$startDaemon$0(350)) - Ozone container server started.
2019-07-14 04:35:55,118 INFO  ozoneimpl.OzoneContainer (OzoneContainer.java:stop(199)) - Attempting to stop container services.
2019-07-14 04:35:55,119 INFO  impl.RaftServerProxy (RaftServerProxy.java:lambda$close$4(314)) - e3fb44ff-34d6-4834-bb05-cdafaf497f92: close
2019-07-14 04:35:55,121 INFO  impl.RaftServerImpl (RaftServerImpl.java:lambda$shutdown$3(245)) - e3fb44ff-34d6-4834-bb05-cdafaf497f92: shutdown group-3431EB6F8778
2019-07-14 04:35:55,121 INFO  util.JmxRegister (JmxRegister.java:unregister(73)) - Successfully un-registered JMX Bean with object name Ratis:service=RaftServer,group=group-3431EB6F8778,id=e3fb44ff-34d6-4834-bb05-cdafaf497f92
2019-07-14 04:35:55,122 INFO  impl.RoleInfo (RoleInfo.java:shutdownLeaderState(104)) - e3fb44ff-34d6-4834-bb05-cdafaf497f92: shutdown LeaderState
2019-07-14 04:35:55,122 INFO  impl.PendingRequests (PendingRequests.java:sendNotLeaderResponses(202)) - e3fb44ff-34d6-4834-bb05-cdafaf497f92-PendingRequests: sendNotLeaderResponses
2019-07-14 04:35:55,125 INFO  impl.StateMachineUpdater (StateMachineUpdater.java:stopAndJoin(115)) - StateMachineUpdater:e3fb44ff-34d6-4834-bb05-cdafaf497f92:group-3431EB6F8778: set stopIndex = 0
2019-07-14 04:35:55,125 INFO  ratis.ContainerStateMachine (ContainerStateMachine.java:takeSnapshot(246)) - Taking snapshot at termIndex:(t:0, i:~)
2019-07-14 04:35:55,147 INFO  impl.RaftServerImpl (ServerState.java:close(394)) - e3fb44ff-34d6-4834-bb05-cdafaf497f92:group-3431EB6F8778 closes. The last applied log index is 0
2019-07-14 04:35:55,150 INFO  segmented.SegmentedRaftLogWorker (SegmentedRaftLogWorker.java:run(313)) - e3fb44ff-34d6-4834-bb05-cdafaf497f92-SegmentedRaftLogWorker:Storage Directory /tmp/workdir/hadoop-ozone/integration-test/target/test-dir/MiniOzoneClusterImpl-731b0d99-aab8-47a8-8b8d-de44cbd2448d/datanode-1/data/ratis/e8422f43-7f1c-4889-88ff-3431eb6f8778 was interrupted, exiting. There are 0 tasks remaining in the queue.
2019-07-14 04:35:55,158 INFO  segmented.SegmentedRaftLogWorker (SegmentedRaftLogWorker.java:close(228)) - e3fb44ff-34d6-4834-bb05-cdafaf497f92-SegmentedRaftLogWorker:Storage Directory /tmp/workdir/hadoop-ozone/integration-test/target/test-dir/MiniOzoneClusterImpl-731b0d99-aab8-47a8-8b8d-de44cbd2448d/datanode-1/data/ratis/e8422f43-7f1c-4889-88ff-3431eb6f8778 close()
2019-07-14 04:35:55,170 INFO  impl.RaftServerImpl (RaftServerImpl.java:lambda$shutdown$3(245)) - e3fb44ff-34d6-4834-bb05-cdafaf497f92: shutdown group-8599D6E168F0
2019-07-14 04:35:55,170 INFO  util.JmxRegister (JmxRegister.java:unregister(73)) - Successfully un-registered JMX Bean with object name Ratis:service=RaftServer,group=group-8599D6E168F0,id=e3fb44ff-34d6-4834-bb05-cdafaf497f92
2019-07-14 04:35:55,171 INFO  impl.RoleInfo (RoleInfo.java:shutdownFollowerState(121)) - e3fb44ff-34d6-4834-bb05-cdafaf497f92: shutdown FollowerState
2019-07-14 04:35:55,171 INFO  impl.StateMachineUpdater (StateMachineUpdater.java:stopAndJoin(115)) - StateMachineUpdater:e3fb44ff-34d6-4834-bb05-cdafaf497f92:group-8599D6E168F0: set stopIndex = 2
2019-07-14 04:35:55,171 INFO  impl.FollowerState (FollowerState.java:run(114)) - e3fb44ff-34d6-4834-bb05-cdafaf497f92: FollowerState was interrupted: java.lang.InterruptedException: sleep interrupted
2019-07-14 04:35:55,171 INFO  ratis.ContainerStateMachine (ContainerStateMachine.java:takeSnapshot(246)) - Taking snapshot at termIndex:(t:1, i:1)
2019-07-14 04:35:55,177 INFO  ratis.ContainerStateMachine (ContainerStateMachine.java:takeSnapshot(250)) - Taking a snapshot to file /tmp/workdir/hadoop-ozone/integration-test/target/test-dir/MiniOzoneClusterImpl-731b0d99-aab8-47a8-8b8d-de44cbd2448d/datanode-1/data/ratis/e2d6b4d6-b954-4588-af8a-8599d6e168f0/sm/snapshot.1_1
2019-07-14 04:35:55,189 INFO  impl.StateMachineUpdater (StateMachineUpdater.java:takeSnapshot(242)) - StateMachineUpdater:e3fb44ff-34d6-4834-bb05-cdafaf497f92:group-8599D6E168F0: Took a snapshot at index 1
2019-07-14 04:35:55,194 INFO  impl.StateMachineUpdater (StateMachineUpdater.java:lambda$new$0(80)) - StateMachineUpdater:e3fb44ff-34d6-4834-bb05-cdafaf497f92:group-8599D6E168F0: snapshotIndex: updateIncreasingly -1 -> 1
2019-07-14 04:35:55,200 INFO  impl.RaftServerImpl (ServerState.java:close(394)) - e3fb44ff-34d6-4834-bb05-cdafaf497f92:group-8599D6E168F0 closes. The last applied log index is 2
2019-07-14 04:35:55,200 INFO  segmented.SegmentedRaftLogWorker (SegmentedRaftLogWorker.java:run(313)) - e3fb44ff-34d6-4834-bb05-cdafaf497f92-SegmentedRaftLogWorker:Storage Directory /tmp/workdir/hadoop-ozone/integration-test/target/test-dir/MiniOzoneClusterImpl-731b0d99-aab8-47a8-8b8d-de44cbd2448d/datanode-1/data/ratis/e2d6b4d6-b954-4588-af8a-8599d6e168f0 was interrupted, exiting. There are 0 tasks remaining in the queue.
2019-07-14 04:35:55,205 INFO  segmented.SegmentedRaftLogWorker (SegmentedRaftLogWorker.java:close(228)) - e3fb44ff-34d6-4834-bb05-cdafaf497f92-SegmentedRaftLogWorker:Storage Directory /tmp/workdir/hadoop-ozone/integration-test/target/test-dir/MiniOzoneClusterImpl-731b0d99-aab8-47a8-8b8d-de44cbd2448d/datanode-1/data/ratis/e2d6b4d6-b954-4588-af8a-8599d6e168f0 close()
2019-07-14 04:35:55,211 INFO  server.GrpcService (GrpcService.java:closeImpl(155)) - e3fb44ff-34d6-4834-bb05-cdafaf497f92: shutdown server with port 37951 now
2019-07-14 04:35:55,216 INFO  server.GrpcService (GrpcService.java:closeImpl(163)) - e3fb44ff-34d6-4834-bb05-cdafaf497f92: shutdown server with port 37951 successfully
2019-07-14 04:35:55,216 WARN  server.GrpcServerProtocolService (LogUtils.java:warn(134)) - e3fb44ff-34d6-4834-bb05-cdafaf497f92: appendEntries onError: org.apache.ratis.thirdparty.io.grpc.StatusRuntimeException: CANCELLED: cancelled before receiving half close
2019-07-14 04:35:55,218 WARN  server.GrpcLogAppender (LogUtils.java:warn(134)) - f2fb1c47-f2a9-4bac-ac1b-cb168850caba->e3fb44ff-34d6-4834-bb05-cdafaf497f92: Failed appendEntries: org.apache.ratis.thirdparty.io.grpc.StatusRuntimeException: CANCELLED: HTTP/2 error code: CANCEL
Received Rst Stream
2019-07-14 04:35:55,222 INFO  utils.BackgroundService (BackgroundService.java:shutdown(148)) - Shutting down service BlockDeletingService
2019-07-14 04:35:55,223 INFO  impl.FollowerInfo (FollowerInfo.java:lambda$new$0(50)) - f2fb1c47-f2a9-4bac-ac1b-cb168850caba->e3fb44ff-34d6-4834-bb05-cdafaf497f92: nextIndex: updateUnconditionally 3 -> 2
2019-07-14 04:35:55,223 WARN  fs.CachingGetSpaceUsed (CachingGetSpaceUsed.java:run(183)) - Thread Interrupted waiting to refresh disk information: sleep interrupted
2019-07-14 04:35:55,250 INFO  statemachine.DatanodeStateMachine (DatanodeStateMachine.java:stopDaemon(395)) - Ozone container server stopped.
2019-07-14 04:35:55,267 INFO  handler.ContextHandler (ContextHandler.java:doStop(910)) - Stopped o.e.j.w.WebAppContext@7d61468c{/,null,UNAVAILABLE}{/hddsDatanode}
2019-07-14 04:35:55,273 INFO  server.AbstractConnector (AbstractConnector.java:doStop(318)) - Stopped ServerConnector@45796b2a{HTTP/1.1,[http/1.1]}{0.0.0.0:0}
2019-07-14 04:35:55,273 INFO  handler.ContextHandler (ContextHandler.java:doStop(910)) - Stopped o.e.j.s.ServletContextHandler@5b665a30{/static,jar:file:/home/user/.m2/repository/org/apache/hadoop/hadoop-hdds-container-service/0.5.0-SNAPSHOT/hadoop-hdds-container-service-0.5.0-SNAPSHOT.jar!/webapps/static,UNAVAILABLE}
2019-07-14 04:35:55,273 INFO  handler.ContextHandler (ContextHandler.java:doStop(910)) - Stopped o.e.j.s.ServletContextHandler@7b451bf4{/logs,file:///tmp/workdir/hadoop-ozone/integration-test/target/log,UNAVAILABLE}
2019-07-14 04:35:55,275 INFO  datanode.ObjectStoreHandler (ObjectStoreHandler.java:close(155)) - Closing ObjectStoreHandler.
2019-07-14 04:35:55,276 INFO  ozone.HddsDatanodeService (HddsDatanodeService.java:stop(452)) - Stopped plug-in org.apache.hadoop.ozone.web.OzoneHddsDatanodeService@7dd91ffc
2019-07-14 04:35:56,108 INFO  statemachine.DatanodeStateMachine (DatanodeStateMachine.java:lambda$startDaemon$0(350)) - Ozone container server started.
2019-07-14 04:35:57,452 WARN  server.GrpcLogAppender (LogUtils.java:warn(134)) - f2fb1c47-f2a9-4bac-ac1b-cb168850caba->e3fb44ff-34d6-4834-bb05-cdafaf497f92: Failed appendEntries: org.apache.ratis.thirdparty.io.grpc.StatusRuntimeException: UNAVAILABLE: io exception
2019-07-14 04:35:57,459 INFO  impl.FollowerInfo (FollowerInfo.java:lambda$new$0(50)) - f2fb1c47-f2a9-4bac-ac1b-cb168850caba->e3fb44ff-34d6-4834-bb05-cdafaf497f92: nextIndex: updateUnconditionally 2 -> 1
2019-07-14 04:35:59,945 WARN  server.GrpcLogAppender (LogUtils.java:warn(134)) - f2fb1c47-f2a9-4bac-ac1b-cb168850caba->e3fb44ff-34d6-4834-bb05-cdafaf497f92: Failed appendEntries: org.apache.ratis.thirdparty.io.grpc.StatusRuntimeException: UNAVAILABLE: io exception
2019-07-14 04:35:59,956 INFO  impl.FollowerInfo (FollowerInfo.java:lambda$new$0(50)) - f2fb1c47-f2a9-4bac-ac1b-cb168850caba->e3fb44ff-34d6-4834-bb05-cdafaf497f92: nextIndex: updateUnconditionally 1 -> 0
2019-07-14 04:36:00,277 INFO  ozoneimpl.OzoneContainer (OzoneContainer.java:stop(199)) - Attempting to stop container services.
2019-07-14 04:36:00,277 INFO  impl.RaftServerProxy (RaftServerProxy.java:lambda$close$4(314)) - d48f6f32-e53b-43c5-9bf8-dd459e13a9d1: close
2019-07-14 04:36:00,278 INFO  impl.RaftServerImpl (RaftServerImpl.java:lambda$shutdown$3(245)) - d48f6f32-e53b-43c5-9bf8-dd459e13a9d1: shutdown group-E2FABAF84CDD
2019-07-14 04:36:00,278 INFO  impl.RaftServerImpl (RaftServerImpl.java:lambda$shutdown$3(245)) - d48f6f32-e53b-43c5-9bf8-dd459e13a9d1: shutdown group-8599D6E168F0
2019-07-14 04:36:00,278 INFO  util.JmxRegister (JmxRegister.java:unregister(73)) - Successfully un-registered JMX Bean with object name Ratis:service=RaftServer,group=group-E2FABAF84CDD,id=d48f6f32-e53b-43c5-9bf8-dd459e13a9d1
2019-07-14 04:36:00,279 INFO  util.JmxRegister (JmxRegister.java:unregister(73)) - Successfully un-registered JMX Bean with object name Ratis:service=RaftServer,group=group-8599D6E168F0,id=d48f6f32-e53b-43c5-9bf8-dd459e13a9d1
2019-07-14 04:36:00,279 INFO  impl.RoleInfo (RoleInfo.java:shutdownLeaderState(104)) - d48f6f32-e53b-43c5-9bf8-dd459e13a9d1: shutdown LeaderState
2019-07-14 04:36:00,279 INFO  impl.RoleInfo (RoleInfo.java:shutdownFollowerState(121)) - d48f6f32-e53b-43c5-9bf8-dd459e13a9d1: shutdown FollowerState
2019-07-14 04:36:00,280 INFO  impl.PendingRequests (PendingRequests.java:sendNotLeaderResponses(202)) - d48f6f32-e53b-43c5-9bf8-dd459e13a9d1-PendingRequests: sendNotLeaderResponses
2019-07-14 04:36:00,280 INFO  impl.FollowerState (FollowerState.java:run(114)) - d48f6f32-e53b-43c5-9bf8-dd459e13a9d1: FollowerState was interrupted: java.lang.InterruptedException: sleep interrupted
2019-07-14 04:36:00,280 INFO  impl.StateMachineUpdater (StateMachineUpdater.java:stopAndJoin(115)) - StateMachineUpdater:d48f6f32-e53b-43c5-9bf8-dd459e13a9d1:group-E2FABAF84CDD: set stopIndex = 0
2019-07-14 04:36:00,280 INFO  ratis.ContainerStateMachine (ContainerStateMachine.java:takeSnapshot(246)) - Taking snapshot at termIndex:(t:1, i:1)
2019-07-14 04:36:00,288 INFO  ratis.ContainerStateMachine (ContainerStateMachine.java:takeSnapshot(250)) - Taking a snapshot to file /tmp/workdir/hadoop-ozone/integration-test/target/test-dir/MiniOzoneClusterImpl-731b0d99-aab8-47a8-8b8d-de44cbd2448d/datanode-0/data/ratis/e2d6b4d6-b954-4588-af8a-8599d6e168f0/sm/snapshot.1_1
2019-07-14 04:36:00,280 INFO  impl.StateMachineUpdater (StateMachineUpdater.java:stopAndJoin(115)) - StateMachineUpdater:d48f6f32-e53b-43c5-9bf8-dd459e13a9d1:group-8599D6E168F0: set stopIndex = 2
2019-07-14 04:36:00,288 INFO  ratis.ContainerStateMachine (ContainerStateMachine.java:takeSnapshot(246)) - Taking snapshot at termIndex:(t:0, i:~)
2019-07-14 04:36:00,289 INFO  impl.RaftServerImpl (ServerState.java:close(394)) - d48f6f32-e53b-43c5-9bf8-dd459e13a9d1:group-E2FABAF84CDD closes. The last applied log index is 0
2019-07-14 04:36:00,290 INFO  segmented.SegmentedRaftLogWorker (SegmentedRaftLogWorker.java:run(313)) - d48f6f32-e53b-43c5-9bf8-dd459e13a9d1-SegmentedRaftLogWorker:Storage Directory /tmp/workdir/hadoop-ozone/integration-test/target/test-dir/MiniOzoneClusterImpl-731b0d99-aab8-47a8-8b8d-de44cbd2448d/datanode-0/data/ratis/c6dda5a2-fd0e-4aa6-9c0b-e2fabaf84cdd was interrupted, exiting. There are 0 tasks remaining in the queue.
2019-07-14 04:36:00,298 INFO  segmented.SegmentedRaftLogWorker (SegmentedRaftLogWorker.java:close(228)) - d48f6f32-e53b-43c5-9bf8-dd459e13a9d1-SegmentedRaftLogWorker:Storage Directory /tmp/workdir/hadoop-ozone/integration-test/target/test-dir/MiniOzoneClusterImpl-731b0d99-aab8-47a8-8b8d-de44cbd2448d/datanode-0/data/ratis/c6dda5a2-fd0e-4aa6-9c0b-e2fabaf84cdd close()
2019-07-14 04:36:00,298 INFO  impl.StateMachineUpdater (StateMachineUpdater.java:takeSnapshot(242)) - StateMachineUpdater:d48f6f32-e53b-43c5-9bf8-dd459e13a9d1:group-8599D6E168F0: Took a snapshot at index 1
2019-07-14 04:36:00,306 INFO  impl.StateMachineUpdater (StateMachineUpdater.java:lambda$new$0(80)) - StateMachineUpdater:d48f6f32-e53b-43c5-9bf8-dd459e13a9d1:group-8599D6E168F0: snapshotIndex: updateIncreasingly -1 -> 1
2019-07-14 04:36:00,307 INFO  impl.RaftServerImpl (ServerState.java:close(394)) - d48f6f32-e53b-43c5-9bf8-dd459e13a9d1:group-8599D6E168F0 closes. The last applied log index is 2
2019-07-14 04:36:00,307 INFO  segmented.SegmentedRaftLogWorker (SegmentedRaftLogWorker.java:run(313)) - d48f6f32-e53b-43c5-9bf8-dd459e13a9d1-SegmentedRaftLogWorker:Storage Directory /tmp/workdir/hadoop-ozone/integration-test/target/test-dir/MiniOzoneClusterImpl-731b0d99-aab8-47a8-8b8d-de44cbd2448d/datanode-0/data/ratis/e2d6b4d6-b954-4588-af8a-8599d6e168f0 was interrupted, exiting. There are 0 tasks remaining in the queue.
2019-07-14 04:36:00,312 INFO  segmented.SegmentedRaftLogWorker (SegmentedRaftLogWorker.java:close(228)) - d48f6f32-e53b-43c5-9bf8-dd459e13a9d1-SegmentedRaftLogWorker:Storage Directory /tmp/workdir/hadoop-ozone/integration-test/target/test-dir/MiniOzoneClusterImpl-731b0d99-aab8-47a8-8b8d-de44cbd2448d/datanode-0/data/ratis/e2d6b4d6-b954-4588-af8a-8599d6e168f0 close()
2019-07-14 04:36:00,319 INFO  server.GrpcService (GrpcService.java:closeImpl(155)) - d48f6f32-e53b-43c5-9bf8-dd459e13a9d1: shutdown server with port 45852 now
2019-07-14 04:36:00,321 WARN  server.GrpcServerProtocolService (LogUtils.java:warn(134)) - d48f6f32-e53b-43c5-9bf8-dd459e13a9d1: appendEntries onError: org.apache.ratis.thirdparty.io.grpc.StatusRuntimeException: CANCELLED: cancelled before receiving half close
2019-07-14 04:36:00,321 INFO  server.GrpcService (GrpcService.java:closeImpl(163)) - d48f6f32-e53b-43c5-9bf8-dd459e13a9d1: shutdown server with port 45852 successfully
2019-07-14 04:36:00,321 WARN  server.GrpcLogAppender (LogUtils.java:warn(134)) - f2fb1c47-f2a9-4bac-ac1b-cb168850caba->d48f6f32-e53b-43c5-9bf8-dd459e13a9d1: Failed appendEntries: org.apache.ratis.thirdparty.io.grpc.StatusRuntimeException: CANCELLED: HTTP/2 error code: CANCEL
Received Rst Stream
2019-07-14 04:36:00,349 INFO  impl.FollowerInfo (FollowerInfo.java:lambda$new$0(50)) - f2fb1c47-f2a9-4bac-ac1b-cb168850caba->d48f6f32-e53b-43c5-9bf8-dd459e13a9d1: nextIndex: updateUnconditionally 3 -> 2
2019-07-14 04:36:00,350 INFO  utils.BackgroundService (BackgroundService.java:shutdown(148)) - Shutting down service BlockDeletingService
2019-07-14 04:36:00,351 WARN  fs.CachingGetSpaceUsed (CachingGetSpaceUsed.java:run(183)) - Thread Interrupted waiting to refresh disk information: sleep interrupted
2019-07-14 04:36:00,378 INFO  statemachine.DatanodeStateMachine (DatanodeStateMachine.java:stopDaemon(395)) - Ozone container server stopped.
2019-07-14 04:36:00,380 INFO  handler.ContextHandler (ContextHandler.java:doStop(910)) - Stopped o.e.j.w.WebAppContext@32dcfeea{/,null,UNAVAILABLE}{/hddsDatanode}
2019-07-14 04:36:00,380 INFO  server.AbstractConnector (AbstractConnector.java:doStop(318)) - Stopped ServerConnector@738a815c{HTTP/1.1,[http/1.1]}{0.0.0.0:0}
2019-07-14 04:36:00,381 INFO  handler.ContextHandler (ContextHandler.java:doStop(910)) - Stopped o.e.j.s.ServletContextHandler@786a3477{/static,jar:file:/home/user/.m2/repository/org/apache/hadoop/hadoop-hdds-container-service/0.5.0-SNAPSHOT/hadoop-hdds-container-service-0.5.0-SNAPSHOT.jar!/webapps/static,UNAVAILABLE}
2019-07-14 04:36:00,381 INFO  handler.ContextHandler (ContextHandler.java:doStop(910)) - Stopped o.e.j.s.ServletContextHandler@1b4a3a1{/logs,file:///tmp/workdir/hadoop-ozone/integration-test/target/log,UNAVAILABLE}
2019-07-14 04:36:00,407 INFO  client.GrpcClientProtocolClient (GrpcClientProtocolClient.java:onNext(255)) - client-58B06C0C2997->f2fb1c47-f2a9-4bac-ac1b-cb168850caba: receive RaftClientReply:client-58B06C0C2997->f2fb1c47-f2a9-4bac-ac1b-cb168850caba@group-8599D6E168F0, cid=39, SUCCESS, logIndex=0, commits[f2fb1c47-f2a9-4bac-ac1b-cb168850caba:c2, d48f6f32-e53b-43c5-9bf8-dd459e13a9d1:c2, e3fb44ff-34d6-4834-bb05-cdafaf497f92:c2]
]]></system-out>
    <system-err><![CDATA[Jul 14, 2019 4:35:39 AM com.sun.jersey.server.impl.application.WebApplicationImpl _initiate
INFO: Initiating Jersey application, version 'Jersey: 1.19 02/11/2015 03:25 AM'
Jul 14, 2019 4:35:39 AM com.sun.jersey.server.impl.application.WebApplicationImpl _initiate
INFO: Initiating Jersey application, version 'Jersey: 1.19 02/11/2015 03:25 AM'
Jul 14, 2019 4:35:39 AM com.sun.jersey.server.impl.application.WebApplicationImpl _initiate
INFO: Initiating Jersey application, version 'Jersey: 1.19 02/11/2015 03:25 AM'
Jul 14, 2019 4:35:39 AM com.sun.jersey.server.impl.application.WebApplicationImpl _initiate
INFO: Initiating Jersey application, version 'Jersey: 1.19 02/11/2015 03:25 AM'
Jul 14, 2019 4:35:40 AM com.sun.jersey.server.impl.application.WebApplicationImpl _initiate
INFO: Initiating Jersey application, version 'Jersey: 1.19 02/11/2015 03:25 AM'
Jul 14, 2019 4:35:40 AM com.sun.jersey.server.impl.application.WebApplicationImpl _initiate
INFO: Initiating Jersey application, version 'Jersey: 1.19 02/11/2015 03:25 AM'
Jul 14, 2019 4:35:40 AM com.sun.jersey.server.impl.application.WebApplicationImpl _initiate
INFO: Initiating Jersey application, version 'Jersey: 1.19 02/11/2015 03:25 AM'
]]></system-err>
  </testcase>
  <testcase name="testWatchForCommitForRetryfailure" classname="org.apache.hadoop.ozone.client.rpc.TestWatchForCommit" time="21.269">
    <failure message="expected exception not thrown" type="java.lang.AssertionError">java.lang.AssertionError: expected exception not thrown
	at org.junit.Assert.fail(Assert.java:88)
	at org.apache.hadoop.ozone.client.rpc.TestWatchForCommit.testWatchForCommitForRetryfailure(TestWatchForCommit.java:348)
	at sun.reflect.NativeMethodAccessorImpl.invoke0(Native Method)
	at sun.reflect.NativeMethodAccessorImpl.invoke(NativeMethodAccessorImpl.java:62)
	at sun.reflect.DelegatingMethodAccessorImpl.invoke(DelegatingMethodAccessorImpl.java:43)
	at java.lang.reflect.Method.invoke(Method.java:498)
	at org.junit.runners.model.FrameworkMethod$1.runReflectiveCall(FrameworkMethod.java:47)
	at org.junit.internal.runners.model.ReflectiveCallable.run(ReflectiveCallable.java:12)
	at org.junit.runners.model.FrameworkMethod.invokeExplosively(FrameworkMethod.java:44)
	at org.junit.internal.runners.statements.InvokeMethod.evaluate(InvokeMethod.java:17)
	at org.junit.runners.ParentRunner.runLeaf(ParentRunner.java:271)
	at org.junit.runners.BlockJUnit4ClassRunner.runChild(BlockJUnit4ClassRunner.java:70)
	at org.junit.runners.BlockJUnit4ClassRunner.runChild(BlockJUnit4ClassRunner.java:50)
	at org.junit.runners.ParentRunner$3.run(ParentRunner.java:238)
	at org.junit.runners.ParentRunner$1.schedule(ParentRunner.java:63)
	at org.junit.runners.ParentRunner.runChildren(ParentRunner.java:236)
	at org.junit.runners.ParentRunner.access$000(ParentRunner.java:53)
	at org.junit.runners.ParentRunner$2.evaluate(ParentRunner.java:229)
	at org.junit.runners.ParentRunner.run(ParentRunner.java:309)
	at org.apache.maven.surefire.junit4.JUnit4Provider.execute(JUnit4Provider.java:365)
	at org.apache.maven.surefire.junit4.JUnit4Provider.executeWithRerun(JUnit4Provider.java:273)
	at org.apache.maven.surefire.junit4.JUnit4Provider.executeTestSet(JUnit4Provider.java:238)
	at org.apache.maven.surefire.junit4.JUnit4Provider.invoke(JUnit4Provider.java:159)
	at org.apache.maven.surefire.booter.ForkedBooter.invokeProviderInSameClassLoader(ForkedBooter.java:384)
	at org.apache.maven.surefire.booter.ForkedBooter.runSuitesInProcess(ForkedBooter.java:345)
	at org.apache.maven.surefire.booter.ForkedBooter.execute(ForkedBooter.java:126)
	at org.apache.maven.surefire.booter.ForkedBooter.main(ForkedBooter.java:418)
</failure>
    <system-out><![CDATA[2019-07-14 04:36:00,426 WARN  server.ServerUtils (ServerUtils.java:getScmDbDir(145)) - ozone.scm.db.dirs is not configured. We recommend adding this setting. Falling back to ozone.metadata.dirs instead.
2019-07-14 04:36:00,454 WARN  server.ServerUtils (ServerUtils.java:getScmDbDir(145)) - ozone.scm.db.dirs is not configured. We recommend adding this setting. Falling back to ozone.metadata.dirs instead.
2019-07-14 04:36:00,454 WARN  server.ServerUtils (ServerUtils.java:getScmDbDir(145)) - ozone.scm.db.dirs is not configured. We recommend adding this setting. Falling back to ozone.metadata.dirs instead.
2019-07-14 04:36:00,455 INFO  db.DBStoreBuilder (DBStoreBuilder.java:addTable(110)) - using custom profile for table: deletedBlocks
2019-07-14 04:36:00,455 INFO  db.DBStoreBuilder (DBStoreBuilder.java:processTables(161)) - Using default column profile:DBProfile.DISK for Table:deletedBlocks
2019-07-14 04:36:00,456 INFO  db.DBStoreBuilder (DBStoreBuilder.java:addTable(110)) - using custom profile for table: validCerts
2019-07-14 04:36:00,456 INFO  db.DBStoreBuilder (DBStoreBuilder.java:processTables(161)) - Using default column profile:DBProfile.DISK for Table:validCerts
2019-07-14 04:36:00,456 INFO  db.DBStoreBuilder (DBStoreBuilder.java:addTable(110)) - using custom profile for table: revokedCerts
2019-07-14 04:36:00,456 INFO  db.DBStoreBuilder (DBStoreBuilder.java:processTables(161)) - Using default column profile:DBProfile.DISK for Table:revokedCerts
2019-07-14 04:36:00,457 INFO  db.DBStoreBuilder (DBStoreBuilder.java:addTable(110)) - using custom profile for table: default
2019-07-14 04:36:00,457 INFO  db.DBStoreBuilder (DBStoreBuilder.java:processTables(167)) - Using default column profile:DBProfile.DISK for Table:default
2019-07-14 04:36:00,457 INFO  db.DBStoreBuilder (DBStoreBuilder.java:getDbProfile(198)) - Using default options. DBProfile.DISK
2019-07-14 04:36:00,619 INFO  net.NodeSchemaLoader (NodeSchemaLoader.java:loadSchemaFromFile(125)) - Loading file from sun.misc.CompoundEnumeration@54ca9420
2019-07-14 04:36:00,619 INFO  net.NodeSchemaLoader (NodeSchemaLoader.java:loadSchema(171)) - Loading network topology layer schema file
2019-07-14 04:36:00,624 WARN  server.ServerUtils (ServerUtils.java:sanitizeUserArgs(70)) - ozone.scm.stale.node.interval value = 300000 is larger than max = 100000 based on the key value of ozone.scm.heartbeat.thread.interval, reset to the max value 100000.
2019-07-14 04:36:00,624 WARN  server.ServerUtils (ServerUtils.java:sanitizeUserArgs(70)) - ozone.scm.stale.node.interval value = 300000 is larger than max = 100000 based on the key value of ozone.scm.heartbeat.thread.interval, reset to the max value 100000.
2019-07-14 04:36:00,625 INFO  node.SCMNodeManager (SCMNodeManager.java:<init>(119)) - Entering startup safe mode.
2019-07-14 04:36:00,626 WARN  server.ServerUtils (ServerUtils.java:getScmDbDir(145)) - ozone.scm.db.dirs is not configured. We recommend adding this setting. Falling back to ozone.metadata.dirs instead.
2019-07-14 04:36:00,690 INFO  pipeline.SCMPipelineManager (SCMPipelineManager.java:initializePipelineState(126)) - No pipeline exists in current db
2019-07-14 04:36:00,690 WARN  server.ServerUtils (ServerUtils.java:getScmDbDir(145)) - ozone.scm.db.dirs is not configured. We recommend adding this setting. Falling back to ozone.metadata.dirs instead.
2019-07-14 04:36:00,744 WARN  events.EventQueue (EventQueue.java:fireEvent(175)) - No event handler registered for event TypedEvent{payloadType=SafeModeStatus, name='SafeModeStatus'}
2019-07-14 04:36:00,746 INFO  ipc.CallQueueManager (CallQueueManager.java:<init>(84)) - Using callQueue: class java.util.concurrent.LinkedBlockingQueue, queueCapacity: 2000, scheduler: class org.apache.hadoop.ipc.DefaultRpcScheduler, ipcBackoff: false.
2019-07-14 04:36:00,747 INFO  ipc.Server (Server.java:run(1074)) - Starting Socket Reader #1 for port 42295
2019-07-14 04:36:00,758 INFO  ipc.CallQueueManager (CallQueueManager.java:<init>(84)) - Using callQueue: class java.util.concurrent.LinkedBlockingQueue, queueCapacity: 2000, scheduler: class org.apache.hadoop.ipc.DefaultRpcScheduler, ipcBackoff: false.
2019-07-14 04:36:00,759 INFO  ipc.Server (Server.java:run(1074)) - Starting Socket Reader #1 for port 44203
2019-07-14 04:36:00,765 INFO  ipc.CallQueueManager (CallQueueManager.java:<init>(84)) - Using callQueue: class java.util.concurrent.LinkedBlockingQueue, queueCapacity: 2000, scheduler: class org.apache.hadoop.ipc.DefaultRpcScheduler, ipcBackoff: false.
2019-07-14 04:36:00,766 INFO  ipc.Server (Server.java:run(1074)) - Starting Socket Reader #1 for port 45757
2019-07-14 04:36:00,775 INFO  hdfs.DFSUtil (DFSUtil.java:httpServerTemplateForNNAndJN(1641)) - Starting Web-server for scm at: http://0.0.0.0:0
2019-07-14 04:36:00,777 INFO  server.AuthenticationFilter (AuthenticationFilter.java:constructSecretProvider(240)) - Unable to initialize FileSignerSecretProvider, falling back to use random secrets.
2019-07-14 04:36:00,778 WARN  http.HttpRequestLog (HttpRequestLog.java:getRequestLog(97)) - Jetty request log can only be enabled using Log4j
2019-07-14 04:36:00,780 INFO  http.HttpServer2 (HttpServer2.java:addGlobalFilter(975)) - Added global filter 'safety' (class=org.apache.hadoop.http.HttpServer2$QuotingInputFilter)
2019-07-14 04:36:00,781 INFO  http.HttpServer2 (HttpServer2.java:addFilter(948)) - Added filter static_user_filter (class=org.apache.hadoop.http.lib.StaticUserWebFilter$StaticUserFilter) to context scm
2019-07-14 04:36:00,781 INFO  http.HttpServer2 (HttpServer2.java:addFilter(958)) - Added filter static_user_filter (class=org.apache.hadoop.http.lib.StaticUserWebFilter$StaticUserFilter) to context static
2019-07-14 04:36:00,782 INFO  http.HttpServer2 (HttpServer2.java:addFilter(958)) - Added filter static_user_filter (class=org.apache.hadoop.http.lib.StaticUserWebFilter$StaticUserFilter) to context logs
2019-07-14 04:36:00,790 INFO  server.StorageContainerManager (StorageContainerManager.java:start(759)) - StorageContainerLocationProtocol RPC server is listening at /0.0.0.0:45757
2019-07-14 04:36:00,790 INFO  impl.MetricsSystemImpl (MetricsSystemImpl.java:init(158)) - StorageContainerManager metrics system started (again)
2019-07-14 04:36:00,791 INFO  server.SCMClientProtocolServer (SCMClientProtocolServer.java:start(149)) - RPC server for Client  is listening at /0.0.0.0:45757
2019-07-14 04:36:00,791 INFO  ipc.Server (Server.java:run(1314)) - IPC Server Responder: starting
2019-07-14 04:36:00,791 INFO  ipc.Server (Server.java:run(1153)) - IPC Server listener on 45757: starting
2019-07-14 04:36:00,805 INFO  server.StorageContainerManager (StorageContainerManager.java:start(768)) - ScmBlockLocationProtocol RPC server is listening at /0.0.0.0:44203
2019-07-14 04:36:00,806 INFO  server.SCMBlockProtocolServer (SCMBlockProtocolServer.java:start(140)) - RPC server for Block Protocol is listening at /0.0.0.0:44203
2019-07-14 04:36:00,806 INFO  ipc.Server (Server.java:run(1314)) - IPC Server Responder: starting
2019-07-14 04:36:00,806 INFO  ipc.Server (Server.java:run(1153)) - IPC Server listener on 44203: starting
2019-07-14 04:36:00,820 INFO  server.StorageContainerManager (StorageContainerManager.java:start(772)) - ScmDatanodeProtocl RPC server is listening at /0.0.0.0:42295
2019-07-14 04:36:00,820 INFO  server.SCMDatanodeProtocolServer (SCMDatanodeProtocolServer.java:start(191)) - RPC server for DataNodes is listening at /0.0.0.0:42295
2019-07-14 04:36:00,821 INFO  ipc.Server (Server.java:run(1314)) - IPC Server Responder: starting
2019-07-14 04:36:00,821 INFO  ipc.Server (Server.java:run(1153)) - IPC Server listener on 42295: starting
2019-07-14 04:36:00,835 INFO  http.HttpServer2 (HttpServer2.java:bindListener(1191)) - Jetty bound to port 40382
2019-07-14 04:36:00,836 INFO  server.Server (Server.java:doStart(351)) - jetty-9.3.24.v20180605, build timestamp: 2018-06-05T17:11:56Z, git hash: 84205aa28f11a4f31f2a3b86d1bba2cc8ab69827
2019-07-14 04:36:00,838 INFO  handler.ContextHandler (ContextHandler.java:doStart(781)) - Started o.e.j.s.ServletContextHandler@6edd4fe2{/logs,file:///tmp/workdir/hadoop-ozone/integration-test/target/log,AVAILABLE}
2019-07-14 04:36:00,838 INFO  handler.ContextHandler (ContextHandler.java:doStart(781)) - Started o.e.j.s.ServletContextHandler@5366575d{/static,file:///tmp/workdir/hadoop-ozone/integration-test/target/test-classes/webapps/static,AVAILABLE}
2019-07-14 04:36:00,843 INFO  handler.ContextHandler (ContextHandler.java:doStart(781)) - Started o.e.j.w.WebAppContext@38923cfe{/,file:///tmp/workdir/hadoop-ozone/integration-test/target/test-classes/webapps/scm/,AVAILABLE}{/scm}
2019-07-14 04:36:00,843 INFO  server.AbstractConnector (AbstractConnector.java:doStart(278)) - Started ServerConnector@1ac3a6f{HTTP/1.1,[http/1.1]}{0.0.0.0:40382}
2019-07-14 04:36:00,847 INFO  server.Server (Server.java:doStart(419)) - Started @44139ms
2019-07-14 04:36:00,849 INFO  server.BaseHttpServer (BaseHttpServer.java:updateConnectorAddress(207)) - HTTP server of SCM is listening at http://0.0.0.0:40382
2019-07-14 04:36:00,849 WARN  server.ServerUtils (ServerUtils.java:getDBPath(222)) - ozone.om.db.dirs is not configured. We recommend adding this setting. Falling back to ozone.metadata.dirs instead.
2019-07-14 04:36:00,852 INFO  util.JvmPauseMonitor (JvmPauseMonitor.java:run(188)) - Starting JVM pause monitor
2019-07-14 04:36:00,857 WARN  server.ServerUtils (ServerUtils.java:getDBPath(222)) - ozone.om.db.dirs is not configured. We recommend adding this setting. Falling back to ozone.metadata.dirs instead.
2019-07-14 04:36:00,858 INFO  om.OzoneManager (OzoneManager.java:setOMNodeDetails(630)) - OM Service ID is not set. Setting it to the default ID: omServiceIdDefault
2019-07-14 04:36:00,858 INFO  om.OzoneManager (OzoneManager.java:setOMNodeDetails(636)) - OM Node ID is not set. Setting it to the OmStorage's OmID: 6e334df0-76f0-41a2-8dfd-d809f52e0c15
2019-07-14 04:36:00,858 INFO  om.OzoneManager (OzoneManager.java:loadOMHAConfigs(587)) - Found matching OM address with OMServiceId: null, OMNodeId: null, RPC Address: localhost:0 and Ratis port: 9872
2019-07-14 04:36:00,874 WARN  server.ServerUtils (ServerUtils.java:getDBPath(222)) - ozone.om.db.dirs is not configured. We recommend adding this setting. Falling back to ozone.metadata.dirs instead.
2019-07-14 04:36:00,874 INFO  db.DBStoreBuilder (DBStoreBuilder.java:addTable(110)) - using custom profile for table: userTable
2019-07-14 04:36:00,874 INFO  db.DBStoreBuilder (DBStoreBuilder.java:processTables(161)) - Using default column profile:DBProfile.DISK for Table:userTable
2019-07-14 04:36:00,875 INFO  db.DBStoreBuilder (DBStoreBuilder.java:addTable(110)) - using custom profile for table: volumeTable
2019-07-14 04:36:00,875 INFO  db.DBStoreBuilder (DBStoreBuilder.java:processTables(161)) - Using default column profile:DBProfile.DISK for Table:volumeTable
2019-07-14 04:36:00,875 INFO  db.DBStoreBuilder (DBStoreBuilder.java:addTable(110)) - using custom profile for table: bucketTable
2019-07-14 04:36:00,875 INFO  db.DBStoreBuilder (DBStoreBuilder.java:processTables(161)) - Using default column profile:DBProfile.DISK for Table:bucketTable
2019-07-14 04:36:00,875 INFO  db.DBStoreBuilder (DBStoreBuilder.java:addTable(110)) - using custom profile for table: keyTable
2019-07-14 04:36:00,875 INFO  db.DBStoreBuilder (DBStoreBuilder.java:processTables(161)) - Using default column profile:DBProfile.DISK for Table:keyTable
2019-07-14 04:36:00,876 INFO  db.DBStoreBuilder (DBStoreBuilder.java:addTable(110)) - using custom profile for table: deletedTable
2019-07-14 04:36:00,876 INFO  db.DBStoreBuilder (DBStoreBuilder.java:processTables(161)) - Using default column profile:DBProfile.DISK for Table:deletedTable
2019-07-14 04:36:00,876 INFO  db.DBStoreBuilder (DBStoreBuilder.java:addTable(110)) - using custom profile for table: openKeyTable
2019-07-14 04:36:00,876 INFO  db.DBStoreBuilder (DBStoreBuilder.java:processTables(161)) - Using default column profile:DBProfile.DISK for Table:openKeyTable
2019-07-14 04:36:00,876 INFO  db.DBStoreBuilder (DBStoreBuilder.java:addTable(110)) - using custom profile for table: s3Table
2019-07-14 04:36:00,877 INFO  db.DBStoreBuilder (DBStoreBuilder.java:processTables(161)) - Using default column profile:DBProfile.DISK for Table:s3Table
2019-07-14 04:36:00,877 INFO  db.DBStoreBuilder (DBStoreBuilder.java:addTable(110)) - using custom profile for table: multipartInfoTable
2019-07-14 04:36:00,877 INFO  db.DBStoreBuilder (DBStoreBuilder.java:processTables(161)) - Using default column profile:DBProfile.DISK for Table:multipartInfoTable
2019-07-14 04:36:00,877 INFO  db.DBStoreBuilder (DBStoreBuilder.java:addTable(110)) - using custom profile for table: dTokenTable
2019-07-14 04:36:00,877 INFO  db.DBStoreBuilder (DBStoreBuilder.java:processTables(161)) - Using default column profile:DBProfile.DISK for Table:dTokenTable
2019-07-14 04:36:00,878 INFO  db.DBStoreBuilder (DBStoreBuilder.java:addTable(110)) - using custom profile for table: s3SecretTable
2019-07-14 04:36:00,878 INFO  db.DBStoreBuilder (DBStoreBuilder.java:processTables(161)) - Using default column profile:DBProfile.DISK for Table:s3SecretTable
2019-07-14 04:36:00,878 INFO  db.DBStoreBuilder (DBStoreBuilder.java:addTable(110)) - using custom profile for table: prefixTable
2019-07-14 04:36:00,878 INFO  db.DBStoreBuilder (DBStoreBuilder.java:processTables(161)) - Using default column profile:DBProfile.DISK for Table:prefixTable
2019-07-14 04:36:00,878 INFO  db.DBStoreBuilder (DBStoreBuilder.java:addTable(110)) - using custom profile for table: default
2019-07-14 04:36:00,878 INFO  db.DBStoreBuilder (DBStoreBuilder.java:processTables(167)) - Using default column profile:DBProfile.DISK for Table:default
2019-07-14 04:36:00,879 INFO  db.DBStoreBuilder (DBStoreBuilder.java:getDbProfile(198)) - Using default options. DBProfile.DISK
2019-07-14 04:36:01,354 INFO  ipc.CallQueueManager (CallQueueManager.java:<init>(84)) - Using callQueue: class java.util.concurrent.LinkedBlockingQueue, queueCapacity: 2000, scheduler: class org.apache.hadoop.ipc.DefaultRpcScheduler, ipcBackoff: false.
2019-07-14 04:36:01,355 INFO  ipc.Server (Server.java:run(1074)) - Starting Socket Reader #1 for port 46491
2019-07-14 04:36:01,383 WARN  server.ServerUtils (ServerUtils.java:getDBPath(222)) - ozone.om.db.dirs is not configured. We recommend adding this setting. Falling back to ozone.metadata.dirs instead.
2019-07-14 04:36:01,384 INFO  om.OzoneManager (OzoneManager.java:start(1228)) - OzoneManager RPC server is listening at localhost/127.0.0.1:46491
2019-07-14 04:36:01,384 INFO  impl.MetricsSystemImpl (MetricsSystemImpl.java:init(158)) - OzoneManager metrics system started (again)
2019-07-14 04:36:01,385 INFO  ipc.Server (Server.java:run(1314)) - IPC Server Responder: starting
2019-07-14 04:36:01,385 INFO  ipc.Server (Server.java:run(1153)) - IPC Server listener on 46491: starting
2019-07-14 04:36:01,402 INFO  hdfs.DFSUtil (DFSUtil.java:httpServerTemplateForNNAndJN(1641)) - Starting Web-server for ozoneManager at: http://0.0.0.0:0
2019-07-14 04:36:01,404 INFO  server.AuthenticationFilter (AuthenticationFilter.java:constructSecretProvider(240)) - Unable to initialize FileSignerSecretProvider, falling back to use random secrets.
2019-07-14 04:36:01,405 WARN  http.HttpRequestLog (HttpRequestLog.java:getRequestLog(97)) - Jetty request log can only be enabled using Log4j
2019-07-14 04:36:01,407 INFO  http.HttpServer2 (HttpServer2.java:addGlobalFilter(975)) - Added global filter 'safety' (class=org.apache.hadoop.http.HttpServer2$QuotingInputFilter)
2019-07-14 04:36:01,407 INFO  http.HttpServer2 (HttpServer2.java:addFilter(948)) - Added filter static_user_filter (class=org.apache.hadoop.http.lib.StaticUserWebFilter$StaticUserFilter) to context ozoneManager
2019-07-14 04:36:01,408 INFO  http.HttpServer2 (HttpServer2.java:addFilter(958)) - Added filter static_user_filter (class=org.apache.hadoop.http.lib.StaticUserWebFilter$StaticUserFilter) to context static
2019-07-14 04:36:01,408 INFO  http.HttpServer2 (HttpServer2.java:addFilter(958)) - Added filter static_user_filter (class=org.apache.hadoop.http.lib.StaticUserWebFilter$StaticUserFilter) to context logs
2019-07-14 04:36:01,409 INFO  http.HttpServer2 (HttpServer2.java:bindListener(1191)) - Jetty bound to port 34846
2019-07-14 04:36:01,409 INFO  server.Server (Server.java:doStart(351)) - jetty-9.3.24.v20180605, build timestamp: 2018-06-05T17:11:56Z, git hash: 84205aa28f11a4f31f2a3b86d1bba2cc8ab69827
2019-07-14 04:36:01,411 INFO  handler.ContextHandler (ContextHandler.java:doStart(781)) - Started o.e.j.s.ServletContextHandler@57bac3f0{/logs,file:///tmp/workdir/hadoop-ozone/integration-test/target/log,AVAILABLE}
2019-07-14 04:36:01,412 INFO  handler.ContextHandler (ContextHandler.java:doStart(781)) - Started o.e.j.s.ServletContextHandler@40ddf339{/static,file:///tmp/workdir/hadoop-ozone/integration-test/target/test-classes/webapps/static,AVAILABLE}
2019-07-14 04:36:01,417 INFO  handler.ContextHandler (ContextHandler.java:doStart(781)) - Started o.e.j.w.WebAppContext@521c67f0{/,file:///tmp/workdir/hadoop-ozone/integration-test/target/test-classes/webapps/ozoneManager/,AVAILABLE}{/ozoneManager}
2019-07-14 04:36:01,418 INFO  server.AbstractConnector (AbstractConnector.java:doStart(278)) - Started ServerConnector@7d156f8f{HTTP/1.1,[http/1.1]}{0.0.0.0:34846}
2019-07-14 04:36:01,422 INFO  server.Server (Server.java:doStart(419)) - Started @44714ms
2019-07-14 04:36:01,424 INFO  server.BaseHttpServer (BaseHttpServer.java:updateConnectorAddress(207)) - HTTP server of OZONEMANAGER is listening at http://0.0.0.0:34846
2019-07-14 04:36:01,444 INFO  impl.MetricsSystemImpl (MetricsSystemImpl.java:init(158)) - HddsDatanode metrics system started (again)
2019-07-14 04:36:01,444 INFO  ozone.HddsDatanodeService (HddsDatanodeService.java:start(185)) - HddsDatanodeService host:trunk-nightly-6h29n-2077950039 ip:192.168.5.157
2019-07-14 04:36:01,461 INFO  volume.HddsVolume (HddsVolume.java:<init>(176)) - Creating Volume: /tmp/workdir/hadoop-ozone/integration-test/target/test-dir/MiniOzoneClusterImpl-564b5727-9c6b-4f7d-b4ab-636c8fdedaa5/datanode-0/data/containers/hdds of  storage type : DISK and capacity : 52710309888
2019-07-14 04:36:01,461 INFO  volume.VolumeSet (VolumeSet.java:initializeVolumeSet(170)) - Added Volume : /tmp/workdir/hadoop-ozone/integration-test/target/test-dir/MiniOzoneClusterImpl-564b5727-9c6b-4f7d-b4ab-636c8fdedaa5/datanode-0/data/containers/hdds to VolumeSet
2019-07-14 04:36:01,461 INFO  volume.ThrottledAsyncChecker (ThrottledAsyncChecker.java:schedule(140)) - Scheduling a check for org.apache.hadoop.ozone.container.common.volume.HddsVolume@13137835
2019-07-14 04:36:01,462 INFO  volume.HddsVolumeChecker (HddsVolumeChecker.java:checkAllVolumes(203)) - Scheduled health check for volume org.apache.hadoop.ozone.container.common.volume.HddsVolume@13137835
2019-07-14 04:36:01,485 INFO  impl.RaftServerProxy (ConfUtils.java:logGet(43)) - raft.rpc.type = GRPC (default)
2019-07-14 04:36:01,486 INFO  grpc.GrpcFactory (GrpcFactory.java:checkPooledByteBufAllocatorUseCacheForAllThreads(45)) - PERFORMANCE WARNING: useCacheForAllThreads is true that may cause Netty to create a lot garbage objects and, as a result, trigger GC.
	It is recommended to disable useCacheForAllThreads by setting -Dorg.apache.ratis.thirdparty.io.netty.allocator.useCacheForAllThreads=false in command line.
2019-07-14 04:36:01,486 INFO  grpc.GrpcConfigKeys$Server (ConfUtils.java:logGet(43)) - raft.grpc.server.port = 0 (default)
2019-07-14 04:36:01,486 INFO  server.GrpcService (ConfUtils.java:logGet(43)) - raft.grpc.message.size.max = 33570816 (custom)
2019-07-14 04:36:01,486 INFO  server.RaftServerConfigKeys (ConfUtils.java:logGet(43)) - raft.server.log.appender.buffer.byte-limit = 33554432 (custom)
2019-07-14 04:36:01,487 INFO  server.GrpcService (ConfUtils.java:logGet(43)) - raft.grpc.flow.control.window = 1MB (=1048576) (default)
2019-07-14 04:36:01,487 INFO  server.RaftServerConfigKeys (ConfUtils.java:logGet(43)) - raft.server.rpc.request.timeout = 3000ms (default)
2019-07-14 04:36:01,487 INFO  server.RaftServerConfigKeys (ConfUtils.java:logGet(43)) - raft.server.storage.dir = [/tmp/workdir/hadoop-ozone/integration-test/target/test-dir/MiniOzoneClusterImpl-564b5727-9c6b-4f7d-b4ab-636c8fdedaa5/datanode-0/data/ratis] (custom)
2019-07-14 04:36:01,488 INFO  replication.SimpleContainerDownloader (SimpleContainerDownloader.java:<init>(72)) - Starting container downloader service to copy containers to replicate.
2019-07-14 04:36:01,489 INFO  hdfs.DFSUtil (DFSUtil.java:httpServerTemplateForNNAndJN(1641)) - Starting Web-server for hddsDatanode at: http://0.0.0.0:0
2019-07-14 04:36:01,491 INFO  server.AuthenticationFilter (AuthenticationFilter.java:constructSecretProvider(240)) - Unable to initialize FileSignerSecretProvider, falling back to use random secrets.
2019-07-14 04:36:01,491 WARN  http.HttpRequestLog (HttpRequestLog.java:getRequestLog(97)) - Jetty request log can only be enabled using Log4j
2019-07-14 04:36:01,493 INFO  http.HttpServer2 (HttpServer2.java:addGlobalFilter(975)) - Added global filter 'safety' (class=org.apache.hadoop.http.HttpServer2$QuotingInputFilter)
2019-07-14 04:36:01,494 INFO  http.HttpServer2 (HttpServer2.java:addFilter(948)) - Added filter static_user_filter (class=org.apache.hadoop.http.lib.StaticUserWebFilter$StaticUserFilter) to context hddsDatanode
2019-07-14 04:36:01,494 INFO  http.HttpServer2 (HttpServer2.java:addFilter(958)) - Added filter static_user_filter (class=org.apache.hadoop.http.lib.StaticUserWebFilter$StaticUserFilter) to context logs
2019-07-14 04:36:01,494 INFO  http.HttpServer2 (HttpServer2.java:addFilter(958)) - Added filter static_user_filter (class=org.apache.hadoop.http.lib.StaticUserWebFilter$StaticUserFilter) to context static
2019-07-14 04:36:01,495 INFO  http.HttpServer2 (HttpServer2.java:bindListener(1191)) - Jetty bound to port 34086
2019-07-14 04:36:01,495 INFO  server.Server (Server.java:doStart(351)) - jetty-9.3.24.v20180605, build timestamp: 2018-06-05T17:11:56Z, git hash: 84205aa28f11a4f31f2a3b86d1bba2cc8ab69827
2019-07-14 04:36:01,497 INFO  handler.ContextHandler (ContextHandler.java:doStart(781)) - Started o.e.j.s.ServletContextHandler@4ac7856f{/logs,file:///tmp/workdir/hadoop-ozone/integration-test/target/log,AVAILABLE}
2019-07-14 04:36:01,497 INFO  handler.ContextHandler (ContextHandler.java:doStart(781)) - Started o.e.j.s.ServletContextHandler@297c3a43{/static,jar:file:/home/user/.m2/repository/org/apache/hadoop/hadoop-hdds-container-service/0.5.0-SNAPSHOT/hadoop-hdds-container-service-0.5.0-SNAPSHOT.jar!/webapps/static,AVAILABLE}
2019-07-14 04:36:01,529 INFO  handler.ContextHandler (ContextHandler.java:doStart(781)) - Started o.e.j.w.WebAppContext@1ba7db2a{/,file:///tmp/jetty-0.0.0.0-34086-hddsDatanode-_-any-2281844236044782883.dir/webapp/,AVAILABLE}{/hddsDatanode}
2019-07-14 04:36:01,529 INFO  server.AbstractConnector (AbstractConnector.java:doStart(278)) - Started ServerConnector@762cdf46{HTTP/1.1,[http/1.1]}{0.0.0.0:34086}
2019-07-14 04:36:01,534 INFO  server.Server (Server.java:doStart(419)) - Started @44826ms
2019-07-14 04:36:01,535 INFO  server.BaseHttpServer (BaseHttpServer.java:updateConnectorAddress(207)) - HTTP server of HDDSDATANODE is listening at http://0.0.0.0:34086
2019-07-14 04:36:01,649 INFO  ozone.HddsDatanodeService (HddsDatanodeService.java:startPlugins(396)) - Started plug-in org.apache.hadoop.ozone.web.OzoneHddsDatanodeService@4a47bc9c
2019-07-14 04:36:01,649 INFO  impl.MetricsSystemImpl (MetricsSystemImpl.java:init(158)) - HddsDatanode metrics system started (again)
2019-07-14 04:36:01,650 INFO  ozone.HddsDatanodeService (HddsDatanodeService.java:start(185)) - HddsDatanodeService host:trunk-nightly-6h29n-2077950039 ip:192.168.5.157
2019-07-14 04:36:01,651 INFO  util.JvmPauseMonitor (JvmPauseMonitor.java:run(188)) - Starting JVM pause monitor
2019-07-14 04:36:01,653 INFO  datanode.InitDatanodeState (InitDatanodeState.java:persistContainerDatanodeDetails(140)) - DatanodeDetails is persisted to /tmp/workdir/hadoop-ozone/integration-test/target/test-dir/MiniOzoneClusterImpl-564b5727-9c6b-4f7d-b4ab-636c8fdedaa5/datanode-0/meta/datanode.id
2019-07-14 04:36:01,665 INFO  volume.HddsVolume (HddsVolume.java:<init>(176)) - Creating Volume: /tmp/workdir/hadoop-ozone/integration-test/target/test-dir/MiniOzoneClusterImpl-564b5727-9c6b-4f7d-b4ab-636c8fdedaa5/datanode-1/data/containers/hdds of  storage type : DISK and capacity : 52710309888
2019-07-14 04:36:01,666 INFO  volume.VolumeSet (VolumeSet.java:initializeVolumeSet(170)) - Added Volume : /tmp/workdir/hadoop-ozone/integration-test/target/test-dir/MiniOzoneClusterImpl-564b5727-9c6b-4f7d-b4ab-636c8fdedaa5/datanode-1/data/containers/hdds to VolumeSet
2019-07-14 04:36:01,666 INFO  volume.ThrottledAsyncChecker (ThrottledAsyncChecker.java:schedule(140)) - Scheduling a check for org.apache.hadoop.ozone.container.common.volume.HddsVolume@25b20860
2019-07-14 04:36:01,666 INFO  volume.HddsVolumeChecker (HddsVolumeChecker.java:checkAllVolumes(203)) - Scheduled health check for volume org.apache.hadoop.ozone.container.common.volume.HddsVolume@25b20860
2019-07-14 04:36:01,703 INFO  impl.RaftServerProxy (ConfUtils.java:logGet(43)) - raft.rpc.type = GRPC (default)
2019-07-14 04:36:01,703 INFO  grpc.GrpcFactory (GrpcFactory.java:checkPooledByteBufAllocatorUseCacheForAllThreads(45)) - PERFORMANCE WARNING: useCacheForAllThreads is true that may cause Netty to create a lot garbage objects and, as a result, trigger GC.
	It is recommended to disable useCacheForAllThreads by setting -Dorg.apache.ratis.thirdparty.io.netty.allocator.useCacheForAllThreads=false in command line.
2019-07-14 04:36:01,703 INFO  grpc.GrpcConfigKeys$Server (ConfUtils.java:logGet(43)) - raft.grpc.server.port = 0 (default)
2019-07-14 04:36:01,703 INFO  server.GrpcService (ConfUtils.java:logGet(43)) - raft.grpc.message.size.max = 33570816 (custom)
2019-07-14 04:36:01,704 INFO  server.RaftServerConfigKeys (ConfUtils.java:logGet(43)) - raft.server.log.appender.buffer.byte-limit = 33554432 (custom)
2019-07-14 04:36:01,704 INFO  server.GrpcService (ConfUtils.java:logGet(43)) - raft.grpc.flow.control.window = 1MB (=1048576) (default)
2019-07-14 04:36:01,704 INFO  server.RaftServerConfigKeys (ConfUtils.java:logGet(43)) - raft.server.rpc.request.timeout = 3000ms (default)
2019-07-14 04:36:01,704 INFO  server.RaftServerConfigKeys (ConfUtils.java:logGet(43)) - raft.server.storage.dir = [/tmp/workdir/hadoop-ozone/integration-test/target/test-dir/MiniOzoneClusterImpl-564b5727-9c6b-4f7d-b4ab-636c8fdedaa5/datanode-1/data/ratis] (custom)
2019-07-14 04:36:01,705 INFO  replication.SimpleContainerDownloader (SimpleContainerDownloader.java:<init>(72)) - Starting container downloader service to copy containers to replicate.
2019-07-14 04:36:01,707 INFO  hdfs.DFSUtil (DFSUtil.java:httpServerTemplateForNNAndJN(1641)) - Starting Web-server for hddsDatanode at: http://0.0.0.0:0
2019-07-14 04:36:01,724 INFO  server.AuthenticationFilter (AuthenticationFilter.java:constructSecretProvider(240)) - Unable to initialize FileSignerSecretProvider, falling back to use random secrets.
2019-07-14 04:36:01,725 WARN  http.HttpRequestLog (HttpRequestLog.java:getRequestLog(97)) - Jetty request log can only be enabled using Log4j
2019-07-14 04:36:01,726 INFO  http.HttpServer2 (HttpServer2.java:addGlobalFilter(975)) - Added global filter 'safety' (class=org.apache.hadoop.http.HttpServer2$QuotingInputFilter)
2019-07-14 04:36:01,727 INFO  http.HttpServer2 (HttpServer2.java:addFilter(948)) - Added filter static_user_filter (class=org.apache.hadoop.http.lib.StaticUserWebFilter$StaticUserFilter) to context hddsDatanode
2019-07-14 04:36:01,727 INFO  http.HttpServer2 (HttpServer2.java:addFilter(958)) - Added filter static_user_filter (class=org.apache.hadoop.http.lib.StaticUserWebFilter$StaticUserFilter) to context static
2019-07-14 04:36:01,727 INFO  http.HttpServer2 (HttpServer2.java:addFilter(958)) - Added filter static_user_filter (class=org.apache.hadoop.http.lib.StaticUserWebFilter$StaticUserFilter) to context logs
2019-07-14 04:36:01,728 INFO  http.HttpServer2 (HttpServer2.java:bindListener(1191)) - Jetty bound to port 42269
2019-07-14 04:36:01,728 INFO  server.Server (Server.java:doStart(351)) - jetty-9.3.24.v20180605, build timestamp: 2018-06-05T17:11:56Z, git hash: 84205aa28f11a4f31f2a3b86d1bba2cc8ab69827
2019-07-14 04:36:01,730 INFO  handler.ContextHandler (ContextHandler.java:doStart(781)) - Started o.e.j.s.ServletContextHandler@6684589a{/logs,file:///tmp/workdir/hadoop-ozone/integration-test/target/log,AVAILABLE}
2019-07-14 04:36:01,730 INFO  handler.ContextHandler (ContextHandler.java:doStart(781)) - Started o.e.j.s.ServletContextHandler@2006fdaa{/static,jar:file:/home/user/.m2/repository/org/apache/hadoop/hadoop-hdds-container-service/0.5.0-SNAPSHOT/hadoop-hdds-container-service-0.5.0-SNAPSHOT.jar!/webapps/static,AVAILABLE}
2019-07-14 04:36:01,757 INFO  handler.ContextHandler (ContextHandler.java:doStart(781)) - Started o.e.j.w.WebAppContext@7cbe3a05{/,file:///tmp/jetty-0.0.0.0-42269-hddsDatanode-_-any-994480836829644182.dir/webapp/,AVAILABLE}{/hddsDatanode}
2019-07-14 04:36:01,757 INFO  server.AbstractConnector (AbstractConnector.java:doStart(278)) - Started ServerConnector@40b70f31{HTTP/1.1,[http/1.1]}{0.0.0.0:42269}
2019-07-14 04:36:01,774 INFO  server.Server (Server.java:doStart(419)) - Started @45066ms
2019-07-14 04:36:01,775 INFO  server.BaseHttpServer (BaseHttpServer.java:updateConnectorAddress(207)) - HTTP server of HDDSDATANODE is listening at http://0.0.0.0:42269
2019-07-14 04:36:01,923 INFO  ozone.HddsDatanodeService (HddsDatanodeService.java:startPlugins(396)) - Started plug-in org.apache.hadoop.ozone.web.OzoneHddsDatanodeService@5981f2c6
2019-07-14 04:36:01,923 INFO  impl.MetricsSystemImpl (MetricsSystemImpl.java:init(158)) - HddsDatanode metrics system started (again)
2019-07-14 04:36:01,924 INFO  ozone.HddsDatanodeService (HddsDatanodeService.java:start(185)) - HddsDatanodeService host:trunk-nightly-6h29n-2077950039 ip:192.168.5.157
2019-07-14 04:36:01,925 INFO  util.JvmPauseMonitor (JvmPauseMonitor.java:run(188)) - Starting JVM pause monitor
2019-07-14 04:36:01,928 INFO  datanode.InitDatanodeState (InitDatanodeState.java:persistContainerDatanodeDetails(140)) - DatanodeDetails is persisted to /tmp/workdir/hadoop-ozone/integration-test/target/test-dir/MiniOzoneClusterImpl-564b5727-9c6b-4f7d-b4ab-636c8fdedaa5/datanode-1/meta/datanode.id
2019-07-14 04:36:01,939 INFO  volume.HddsVolume (HddsVolume.java:<init>(176)) - Creating Volume: /tmp/workdir/hadoop-ozone/integration-test/target/test-dir/MiniOzoneClusterImpl-564b5727-9c6b-4f7d-b4ab-636c8fdedaa5/datanode-2/data/containers/hdds of  storage type : DISK and capacity : 52710309888
2019-07-14 04:36:01,940 INFO  volume.VolumeSet (VolumeSet.java:initializeVolumeSet(170)) - Added Volume : /tmp/workdir/hadoop-ozone/integration-test/target/test-dir/MiniOzoneClusterImpl-564b5727-9c6b-4f7d-b4ab-636c8fdedaa5/datanode-2/data/containers/hdds to VolumeSet
2019-07-14 04:36:01,940 INFO  volume.ThrottledAsyncChecker (ThrottledAsyncChecker.java:schedule(140)) - Scheduling a check for org.apache.hadoop.ozone.container.common.volume.HddsVolume@70cd122
2019-07-14 04:36:01,941 INFO  volume.HddsVolumeChecker (HddsVolumeChecker.java:checkAllVolumes(203)) - Scheduled health check for volume org.apache.hadoop.ozone.container.common.volume.HddsVolume@70cd122
2019-07-14 04:36:01,965 INFO  impl.RaftServerProxy (ConfUtils.java:logGet(43)) - raft.rpc.type = GRPC (default)
2019-07-14 04:36:01,966 INFO  grpc.GrpcFactory (GrpcFactory.java:checkPooledByteBufAllocatorUseCacheForAllThreads(45)) - PERFORMANCE WARNING: useCacheForAllThreads is true that may cause Netty to create a lot garbage objects and, as a result, trigger GC.
	It is recommended to disable useCacheForAllThreads by setting -Dorg.apache.ratis.thirdparty.io.netty.allocator.useCacheForAllThreads=false in command line.
2019-07-14 04:36:01,966 INFO  grpc.GrpcConfigKeys$Server (ConfUtils.java:logGet(43)) - raft.grpc.server.port = 0 (default)
2019-07-14 04:36:01,966 INFO  server.GrpcService (ConfUtils.java:logGet(43)) - raft.grpc.message.size.max = 33570816 (custom)
2019-07-14 04:36:01,966 INFO  server.RaftServerConfigKeys (ConfUtils.java:logGet(43)) - raft.server.log.appender.buffer.byte-limit = 33554432 (custom)
2019-07-14 04:36:01,967 INFO  server.GrpcService (ConfUtils.java:logGet(43)) - raft.grpc.flow.control.window = 1MB (=1048576) (default)
2019-07-14 04:36:01,967 INFO  server.RaftServerConfigKeys (ConfUtils.java:logGet(43)) - raft.server.rpc.request.timeout = 3000ms (default)
2019-07-14 04:36:01,968 INFO  server.RaftServerConfigKeys (ConfUtils.java:logGet(43)) - raft.server.storage.dir = [/tmp/workdir/hadoop-ozone/integration-test/target/test-dir/MiniOzoneClusterImpl-564b5727-9c6b-4f7d-b4ab-636c8fdedaa5/datanode-2/data/ratis] (custom)
2019-07-14 04:36:01,968 INFO  replication.SimpleContainerDownloader (SimpleContainerDownloader.java:<init>(72)) - Starting container downloader service to copy containers to replicate.
2019-07-14 04:36:01,970 INFO  hdfs.DFSUtil (DFSUtil.java:httpServerTemplateForNNAndJN(1641)) - Starting Web-server for hddsDatanode at: http://0.0.0.0:0
2019-07-14 04:36:01,972 INFO  server.AuthenticationFilter (AuthenticationFilter.java:constructSecretProvider(240)) - Unable to initialize FileSignerSecretProvider, falling back to use random secrets.
2019-07-14 04:36:01,972 WARN  http.HttpRequestLog (HttpRequestLog.java:getRequestLog(97)) - Jetty request log can only be enabled using Log4j
2019-07-14 04:36:01,975 INFO  http.HttpServer2 (HttpServer2.java:addGlobalFilter(975)) - Added global filter 'safety' (class=org.apache.hadoop.http.HttpServer2$QuotingInputFilter)
2019-07-14 04:36:01,975 INFO  http.HttpServer2 (HttpServer2.java:addFilter(948)) - Added filter static_user_filter (class=org.apache.hadoop.http.lib.StaticUserWebFilter$StaticUserFilter) to context hddsDatanode
2019-07-14 04:36:01,976 INFO  http.HttpServer2 (HttpServer2.java:addFilter(958)) - Added filter static_user_filter (class=org.apache.hadoop.http.lib.StaticUserWebFilter$StaticUserFilter) to context logs
2019-07-14 04:36:01,976 INFO  http.HttpServer2 (HttpServer2.java:addFilter(958)) - Added filter static_user_filter (class=org.apache.hadoop.http.lib.StaticUserWebFilter$StaticUserFilter) to context static
2019-07-14 04:36:01,977 INFO  http.HttpServer2 (HttpServer2.java:bindListener(1191)) - Jetty bound to port 42049
2019-07-14 04:36:01,977 INFO  server.Server (Server.java:doStart(351)) - jetty-9.3.24.v20180605, build timestamp: 2018-06-05T17:11:56Z, git hash: 84205aa28f11a4f31f2a3b86d1bba2cc8ab69827
2019-07-14 04:36:01,979 INFO  handler.ContextHandler (ContextHandler.java:doStart(781)) - Started o.e.j.s.ServletContextHandler@758d4aa9{/logs,file:///tmp/workdir/hadoop-ozone/integration-test/target/log,AVAILABLE}
2019-07-14 04:36:01,980 INFO  handler.ContextHandler (ContextHandler.java:doStart(781)) - Started o.e.j.s.ServletContextHandler@7096d451{/static,jar:file:/home/user/.m2/repository/org/apache/hadoop/hadoop-hdds-container-service/0.5.0-SNAPSHOT/hadoop-hdds-container-service-0.5.0-SNAPSHOT.jar!/webapps/static,AVAILABLE}
2019-07-14 04:36:02,022 INFO  handler.ContextHandler (ContextHandler.java:doStart(781)) - Started o.e.j.w.WebAppContext@b340615{/,file:///tmp/jetty-0.0.0.0-42049-hddsDatanode-_-any-3880125569691856201.dir/webapp/,AVAILABLE}{/hddsDatanode}
2019-07-14 04:36:02,023 INFO  server.AbstractConnector (AbstractConnector.java:doStart(278)) - Started ServerConnector@3c6b300a{HTTP/1.1,[http/1.1]}{0.0.0.0:42049}
2019-07-14 04:36:02,027 INFO  server.Server (Server.java:doStart(419)) - Started @45319ms
2019-07-14 04:36:02,028 INFO  server.BaseHttpServer (BaseHttpServer.java:updateConnectorAddress(207)) - HTTP server of HDDSDATANODE is listening at http://0.0.0.0:42049
2019-07-14 04:36:02,153 INFO  ozone.HddsDatanodeService (HddsDatanodeService.java:startPlugins(396)) - Started plug-in org.apache.hadoop.ozone.web.OzoneHddsDatanodeService@8afce3
2019-07-14 04:36:02,153 INFO  impl.MetricsSystemImpl (MetricsSystemImpl.java:init(158)) - HddsDatanode metrics system started (again)
2019-07-14 04:36:02,154 INFO  ozone.HddsDatanodeService (HddsDatanodeService.java:start(185)) - HddsDatanodeService host:trunk-nightly-6h29n-2077950039 ip:192.168.5.157
2019-07-14 04:36:02,155 INFO  util.JvmPauseMonitor (JvmPauseMonitor.java:run(188)) - Starting JVM pause monitor
2019-07-14 04:36:02,157 INFO  datanode.InitDatanodeState (InitDatanodeState.java:persistContainerDatanodeDetails(140)) - DatanodeDetails is persisted to /tmp/workdir/hadoop-ozone/integration-test/target/test-dir/MiniOzoneClusterImpl-564b5727-9c6b-4f7d-b4ab-636c8fdedaa5/datanode-2/meta/datanode.id
2019-07-14 04:36:02,190 INFO  volume.HddsVolume (HddsVolume.java:<init>(176)) - Creating Volume: /tmp/workdir/hadoop-ozone/integration-test/target/test-dir/MiniOzoneClusterImpl-564b5727-9c6b-4f7d-b4ab-636c8fdedaa5/datanode-3/data/containers/hdds of  storage type : DISK and capacity : 52710309888
2019-07-14 04:36:02,191 INFO  volume.VolumeSet (VolumeSet.java:initializeVolumeSet(170)) - Added Volume : /tmp/workdir/hadoop-ozone/integration-test/target/test-dir/MiniOzoneClusterImpl-564b5727-9c6b-4f7d-b4ab-636c8fdedaa5/datanode-3/data/containers/hdds to VolumeSet
2019-07-14 04:36:02,191 INFO  volume.ThrottledAsyncChecker (ThrottledAsyncChecker.java:schedule(140)) - Scheduling a check for org.apache.hadoop.ozone.container.common.volume.HddsVolume@52bb3dcd
2019-07-14 04:36:02,192 INFO  volume.HddsVolumeChecker (HddsVolumeChecker.java:checkAllVolumes(203)) - Scheduled health check for volume org.apache.hadoop.ozone.container.common.volume.HddsVolume@52bb3dcd
2019-07-14 04:36:02,217 INFO  impl.RaftServerProxy (ConfUtils.java:logGet(43)) - raft.rpc.type = GRPC (default)
2019-07-14 04:36:02,218 INFO  grpc.GrpcFactory (GrpcFactory.java:checkPooledByteBufAllocatorUseCacheForAllThreads(45)) - PERFORMANCE WARNING: useCacheForAllThreads is true that may cause Netty to create a lot garbage objects and, as a result, trigger GC.
	It is recommended to disable useCacheForAllThreads by setting -Dorg.apache.ratis.thirdparty.io.netty.allocator.useCacheForAllThreads=false in command line.
2019-07-14 04:36:02,218 INFO  grpc.GrpcConfigKeys$Server (ConfUtils.java:logGet(43)) - raft.grpc.server.port = 0 (default)
2019-07-14 04:36:02,218 INFO  server.GrpcService (ConfUtils.java:logGet(43)) - raft.grpc.message.size.max = 33570816 (custom)
2019-07-14 04:36:02,219 INFO  server.RaftServerConfigKeys (ConfUtils.java:logGet(43)) - raft.server.log.appender.buffer.byte-limit = 33554432 (custom)
2019-07-14 04:36:02,219 INFO  server.GrpcService (ConfUtils.java:logGet(43)) - raft.grpc.flow.control.window = 1MB (=1048576) (default)
2019-07-14 04:36:02,219 INFO  server.RaftServerConfigKeys (ConfUtils.java:logGet(43)) - raft.server.rpc.request.timeout = 3000ms (default)
2019-07-14 04:36:02,220 INFO  server.RaftServerConfigKeys (ConfUtils.java:logGet(43)) - raft.server.storage.dir = [/tmp/workdir/hadoop-ozone/integration-test/target/test-dir/MiniOzoneClusterImpl-564b5727-9c6b-4f7d-b4ab-636c8fdedaa5/datanode-3/data/ratis] (custom)
2019-07-14 04:36:02,220 INFO  replication.SimpleContainerDownloader (SimpleContainerDownloader.java:<init>(72)) - Starting container downloader service to copy containers to replicate.
2019-07-14 04:36:02,222 INFO  hdfs.DFSUtil (DFSUtil.java:httpServerTemplateForNNAndJN(1641)) - Starting Web-server for hddsDatanode at: http://0.0.0.0:0
2019-07-14 04:36:02,223 INFO  server.AuthenticationFilter (AuthenticationFilter.java:constructSecretProvider(240)) - Unable to initialize FileSignerSecretProvider, falling back to use random secrets.
2019-07-14 04:36:02,224 WARN  http.HttpRequestLog (HttpRequestLog.java:getRequestLog(97)) - Jetty request log can only be enabled using Log4j
2019-07-14 04:36:02,226 INFO  http.HttpServer2 (HttpServer2.java:addGlobalFilter(975)) - Added global filter 'safety' (class=org.apache.hadoop.http.HttpServer2$QuotingInputFilter)
2019-07-14 04:36:02,226 INFO  http.HttpServer2 (HttpServer2.java:addFilter(948)) - Added filter static_user_filter (class=org.apache.hadoop.http.lib.StaticUserWebFilter$StaticUserFilter) to context hddsDatanode
2019-07-14 04:36:02,226 INFO  http.HttpServer2 (HttpServer2.java:addFilter(958)) - Added filter static_user_filter (class=org.apache.hadoop.http.lib.StaticUserWebFilter$StaticUserFilter) to context logs
2019-07-14 04:36:02,227 INFO  http.HttpServer2 (HttpServer2.java:addFilter(958)) - Added filter static_user_filter (class=org.apache.hadoop.http.lib.StaticUserWebFilter$StaticUserFilter) to context static
2019-07-14 04:36:02,227 INFO  http.HttpServer2 (HttpServer2.java:bindListener(1191)) - Jetty bound to port 40591
2019-07-14 04:36:02,228 INFO  server.Server (Server.java:doStart(351)) - jetty-9.3.24.v20180605, build timestamp: 2018-06-05T17:11:56Z, git hash: 84205aa28f11a4f31f2a3b86d1bba2cc8ab69827
2019-07-14 04:36:02,230 INFO  handler.ContextHandler (ContextHandler.java:doStart(781)) - Started o.e.j.s.ServletContextHandler@19d9ba89{/logs,file:///tmp/workdir/hadoop-ozone/integration-test/target/log,AVAILABLE}
2019-07-14 04:36:02,231 INFO  handler.ContextHandler (ContextHandler.java:doStart(781)) - Started o.e.j.s.ServletContextHandler@20163008{/static,jar:file:/home/user/.m2/repository/org/apache/hadoop/hadoop-hdds-container-service/0.5.0-SNAPSHOT/hadoop-hdds-container-service-0.5.0-SNAPSHOT.jar!/webapps/static,AVAILABLE}
2019-07-14 04:36:02,267 INFO  handler.ContextHandler (ContextHandler.java:doStart(781)) - Started o.e.j.w.WebAppContext@4be1dce6{/,file:///tmp/jetty-0.0.0.0-40591-hddsDatanode-_-any-9195286294768299824.dir/webapp/,AVAILABLE}{/hddsDatanode}
2019-07-14 04:36:02,267 INFO  server.AbstractConnector (AbstractConnector.java:doStart(278)) - Started ServerConnector@206bd7a0{HTTP/1.1,[http/1.1]}{0.0.0.0:40591}
2019-07-14 04:36:02,271 INFO  server.Server (Server.java:doStart(419)) - Started @45563ms
2019-07-14 04:36:02,272 INFO  server.BaseHttpServer (BaseHttpServer.java:updateConnectorAddress(207)) - HTTP server of HDDSDATANODE is listening at http://0.0.0.0:40591
2019-07-14 04:36:02,390 INFO  ozone.HddsDatanodeService (HddsDatanodeService.java:startPlugins(396)) - Started plug-in org.apache.hadoop.ozone.web.OzoneHddsDatanodeService@5af4328e
2019-07-14 04:36:02,391 INFO  impl.MetricsSystemImpl (MetricsSystemImpl.java:init(158)) - HddsDatanode metrics system started (again)
2019-07-14 04:36:02,391 INFO  ozone.HddsDatanodeService (HddsDatanodeService.java:start(185)) - HddsDatanodeService host:trunk-nightly-6h29n-2077950039 ip:192.168.5.157
2019-07-14 04:36:02,392 INFO  util.JvmPauseMonitor (JvmPauseMonitor.java:run(188)) - Starting JVM pause monitor
2019-07-14 04:36:02,394 INFO  datanode.InitDatanodeState (InitDatanodeState.java:persistContainerDatanodeDetails(140)) - DatanodeDetails is persisted to /tmp/workdir/hadoop-ozone/integration-test/target/test-dir/MiniOzoneClusterImpl-564b5727-9c6b-4f7d-b4ab-636c8fdedaa5/datanode-3/meta/datanode.id
2019-07-14 04:36:02,420 INFO  volume.HddsVolume (HddsVolume.java:<init>(176)) - Creating Volume: /tmp/workdir/hadoop-ozone/integration-test/target/test-dir/MiniOzoneClusterImpl-564b5727-9c6b-4f7d-b4ab-636c8fdedaa5/datanode-4/data/containers/hdds of  storage type : DISK and capacity : 52710309888
2019-07-14 04:36:02,420 INFO  volume.VolumeSet (VolumeSet.java:initializeVolumeSet(170)) - Added Volume : /tmp/workdir/hadoop-ozone/integration-test/target/test-dir/MiniOzoneClusterImpl-564b5727-9c6b-4f7d-b4ab-636c8fdedaa5/datanode-4/data/containers/hdds to VolumeSet
2019-07-14 04:36:02,420 INFO  volume.ThrottledAsyncChecker (ThrottledAsyncChecker.java:schedule(140)) - Scheduling a check for org.apache.hadoop.ozone.container.common.volume.HddsVolume@7ac90dab
2019-07-14 04:36:02,421 INFO  volume.HddsVolumeChecker (HddsVolumeChecker.java:checkAllVolumes(203)) - Scheduled health check for volume org.apache.hadoop.ozone.container.common.volume.HddsVolume@7ac90dab
2019-07-14 04:36:02,443 INFO  impl.RaftServerProxy (ConfUtils.java:logGet(43)) - raft.rpc.type = GRPC (default)
2019-07-14 04:36:02,444 INFO  grpc.GrpcFactory (GrpcFactory.java:checkPooledByteBufAllocatorUseCacheForAllThreads(45)) - PERFORMANCE WARNING: useCacheForAllThreads is true that may cause Netty to create a lot garbage objects and, as a result, trigger GC.
	It is recommended to disable useCacheForAllThreads by setting -Dorg.apache.ratis.thirdparty.io.netty.allocator.useCacheForAllThreads=false in command line.
2019-07-14 04:36:02,444 INFO  grpc.GrpcConfigKeys$Server (ConfUtils.java:logGet(43)) - raft.grpc.server.port = 0 (default)
2019-07-14 04:36:02,444 INFO  server.GrpcService (ConfUtils.java:logGet(43)) - raft.grpc.message.size.max = 33570816 (custom)
2019-07-14 04:36:02,445 INFO  server.RaftServerConfigKeys (ConfUtils.java:logGet(43)) - raft.server.log.appender.buffer.byte-limit = 33554432 (custom)
2019-07-14 04:36:02,445 INFO  server.GrpcService (ConfUtils.java:logGet(43)) - raft.grpc.flow.control.window = 1MB (=1048576) (default)
2019-07-14 04:36:02,445 INFO  server.RaftServerConfigKeys (ConfUtils.java:logGet(43)) - raft.server.rpc.request.timeout = 3000ms (default)
2019-07-14 04:36:02,446 INFO  server.RaftServerConfigKeys (ConfUtils.java:logGet(43)) - raft.server.storage.dir = [/tmp/workdir/hadoop-ozone/integration-test/target/test-dir/MiniOzoneClusterImpl-564b5727-9c6b-4f7d-b4ab-636c8fdedaa5/datanode-4/data/ratis] (custom)
2019-07-14 04:36:02,446 WARN  server.GrpcLogAppender (LogUtils.java:warn(134)) - f2fb1c47-f2a9-4bac-ac1b-cb168850caba->e3fb44ff-34d6-4834-bb05-cdafaf497f92: Failed appendEntries: org.apache.ratis.thirdparty.io.grpc.StatusRuntimeException: UNAVAILABLE: io exception
2019-07-14 04:36:02,446 INFO  replication.SimpleContainerDownloader (SimpleContainerDownloader.java:<init>(72)) - Starting container downloader service to copy containers to replicate.
2019-07-14 04:36:02,450 INFO  impl.FollowerInfo (FollowerInfo.java:lambda$new$0(50)) - f2fb1c47-f2a9-4bac-ac1b-cb168850caba->e3fb44ff-34d6-4834-bb05-cdafaf497f92: nextIndex: updateUnconditionally 0 -> 0
2019-07-14 04:36:02,450 WARN  server.GrpcLogAppender (LogUtils.java:warn(134)) - f2fb1c47-f2a9-4bac-ac1b-cb168850caba->d48f6f32-e53b-43c5-9bf8-dd459e13a9d1: Failed appendEntries: org.apache.ratis.thirdparty.io.grpc.StatusRuntimeException: UNAVAILABLE: io exception
2019-07-14 04:36:02,454 INFO  hdfs.DFSUtil (DFSUtil.java:httpServerTemplateForNNAndJN(1641)) - Starting Web-server for hddsDatanode at: http://0.0.0.0:0
2019-07-14 04:36:02,454 INFO  impl.FollowerInfo (FollowerInfo.java:lambda$new$0(50)) - f2fb1c47-f2a9-4bac-ac1b-cb168850caba->d48f6f32-e53b-43c5-9bf8-dd459e13a9d1: nextIndex: updateUnconditionally 2 -> 1
2019-07-14 04:36:02,455 INFO  server.AuthenticationFilter (AuthenticationFilter.java:constructSecretProvider(240)) - Unable to initialize FileSignerSecretProvider, falling back to use random secrets.
2019-07-14 04:36:02,456 WARN  http.HttpRequestLog (HttpRequestLog.java:getRequestLog(97)) - Jetty request log can only be enabled using Log4j
2019-07-14 04:36:02,457 INFO  http.HttpServer2 (HttpServer2.java:addGlobalFilter(975)) - Added global filter 'safety' (class=org.apache.hadoop.http.HttpServer2$QuotingInputFilter)
2019-07-14 04:36:02,457 INFO  http.HttpServer2 (HttpServer2.java:addFilter(948)) - Added filter static_user_filter (class=org.apache.hadoop.http.lib.StaticUserWebFilter$StaticUserFilter) to context hddsDatanode
2019-07-14 04:36:02,457 INFO  http.HttpServer2 (HttpServer2.java:addFilter(958)) - Added filter static_user_filter (class=org.apache.hadoop.http.lib.StaticUserWebFilter$StaticUserFilter) to context logs
2019-07-14 04:36:02,458 INFO  http.HttpServer2 (HttpServer2.java:addFilter(958)) - Added filter static_user_filter (class=org.apache.hadoop.http.lib.StaticUserWebFilter$StaticUserFilter) to context static
2019-07-14 04:36:02,458 INFO  http.HttpServer2 (HttpServer2.java:bindListener(1191)) - Jetty bound to port 39859
2019-07-14 04:36:02,458 INFO  server.Server (Server.java:doStart(351)) - jetty-9.3.24.v20180605, build timestamp: 2018-06-05T17:11:56Z, git hash: 84205aa28f11a4f31f2a3b86d1bba2cc8ab69827
2019-07-14 04:36:02,460 INFO  handler.ContextHandler (ContextHandler.java:doStart(781)) - Started o.e.j.s.ServletContextHandler@4c91f5bf{/logs,file:///tmp/workdir/hadoop-ozone/integration-test/target/log,AVAILABLE}
2019-07-14 04:36:02,461 INFO  handler.ContextHandler (ContextHandler.java:doStart(781)) - Started o.e.j.s.ServletContextHandler@4fc256ec{/static,jar:file:/home/user/.m2/repository/org/apache/hadoop/hadoop-hdds-container-service/0.5.0-SNAPSHOT/hadoop-hdds-container-service-0.5.0-SNAPSHOT.jar!/webapps/static,AVAILABLE}
2019-07-14 04:36:02,487 INFO  handler.ContextHandler (ContextHandler.java:doStart(781)) - Started o.e.j.w.WebAppContext@1041ebba{/,file:///tmp/jetty-0.0.0.0-39859-hddsDatanode-_-any-2233762921633125672.dir/webapp/,AVAILABLE}{/hddsDatanode}
2019-07-14 04:36:02,487 INFO  server.AbstractConnector (AbstractConnector.java:doStart(278)) - Started ServerConnector@507f7cd1{HTTP/1.1,[http/1.1]}{0.0.0.0:39859}
2019-07-14 04:36:02,492 INFO  server.Server (Server.java:doStart(419)) - Started @45784ms
2019-07-14 04:36:02,493 INFO  server.BaseHttpServer (BaseHttpServer.java:updateConnectorAddress(207)) - HTTP server of HDDSDATANODE is listening at http://0.0.0.0:39859
2019-07-14 04:36:02,600 INFO  ozone.HddsDatanodeService (HddsDatanodeService.java:startPlugins(396)) - Started plug-in org.apache.hadoop.ozone.web.OzoneHddsDatanodeService@41289e88
2019-07-14 04:36:02,601 INFO  impl.MetricsSystemImpl (MetricsSystemImpl.java:init(158)) - HddsDatanode metrics system started (again)
2019-07-14 04:36:02,601 INFO  ozone.HddsDatanodeService (HddsDatanodeService.java:start(185)) - HddsDatanodeService host:trunk-nightly-6h29n-2077950039 ip:192.168.5.157
2019-07-14 04:36:02,602 INFO  util.JvmPauseMonitor (JvmPauseMonitor.java:run(188)) - Starting JVM pause monitor
2019-07-14 04:36:02,605 INFO  datanode.InitDatanodeState (InitDatanodeState.java:persistContainerDatanodeDetails(140)) - DatanodeDetails is persisted to /tmp/workdir/hadoop-ozone/integration-test/target/test-dir/MiniOzoneClusterImpl-564b5727-9c6b-4f7d-b4ab-636c8fdedaa5/datanode-4/meta/datanode.id
2019-07-14 04:36:02,617 INFO  volume.HddsVolume (HddsVolume.java:<init>(176)) - Creating Volume: /tmp/workdir/hadoop-ozone/integration-test/target/test-dir/MiniOzoneClusterImpl-564b5727-9c6b-4f7d-b4ab-636c8fdedaa5/datanode-5/data/containers/hdds of  storage type : DISK and capacity : 52710309888
2019-07-14 04:36:02,617 INFO  volume.VolumeSet (VolumeSet.java:initializeVolumeSet(170)) - Added Volume : /tmp/workdir/hadoop-ozone/integration-test/target/test-dir/MiniOzoneClusterImpl-564b5727-9c6b-4f7d-b4ab-636c8fdedaa5/datanode-5/data/containers/hdds to VolumeSet
2019-07-14 04:36:02,617 INFO  volume.ThrottledAsyncChecker (ThrottledAsyncChecker.java:schedule(140)) - Scheduling a check for org.apache.hadoop.ozone.container.common.volume.HddsVolume@432448
2019-07-14 04:36:02,618 INFO  volume.HddsVolumeChecker (HddsVolumeChecker.java:checkAllVolumes(203)) - Scheduled health check for volume org.apache.hadoop.ozone.container.common.volume.HddsVolume@432448
2019-07-14 04:36:02,639 INFO  impl.RaftServerProxy (ConfUtils.java:logGet(43)) - raft.rpc.type = GRPC (default)
2019-07-14 04:36:02,640 INFO  grpc.GrpcFactory (GrpcFactory.java:checkPooledByteBufAllocatorUseCacheForAllThreads(45)) - PERFORMANCE WARNING: useCacheForAllThreads is true that may cause Netty to create a lot garbage objects and, as a result, trigger GC.
	It is recommended to disable useCacheForAllThreads by setting -Dorg.apache.ratis.thirdparty.io.netty.allocator.useCacheForAllThreads=false in command line.
2019-07-14 04:36:02,640 INFO  grpc.GrpcConfigKeys$Server (ConfUtils.java:logGet(43)) - raft.grpc.server.port = 0 (default)
2019-07-14 04:36:02,640 INFO  server.GrpcService (ConfUtils.java:logGet(43)) - raft.grpc.message.size.max = 33570816 (custom)
2019-07-14 04:36:02,640 INFO  server.RaftServerConfigKeys (ConfUtils.java:logGet(43)) - raft.server.log.appender.buffer.byte-limit = 33554432 (custom)
2019-07-14 04:36:02,640 INFO  server.GrpcService (ConfUtils.java:logGet(43)) - raft.grpc.flow.control.window = 1MB (=1048576) (default)
2019-07-14 04:36:02,641 INFO  server.RaftServerConfigKeys (ConfUtils.java:logGet(43)) - raft.server.rpc.request.timeout = 3000ms (default)
2019-07-14 04:36:02,641 INFO  server.RaftServerConfigKeys (ConfUtils.java:logGet(43)) - raft.server.storage.dir = [/tmp/workdir/hadoop-ozone/integration-test/target/test-dir/MiniOzoneClusterImpl-564b5727-9c6b-4f7d-b4ab-636c8fdedaa5/datanode-5/data/ratis] (custom)
2019-07-14 04:36:02,641 INFO  replication.SimpleContainerDownloader (SimpleContainerDownloader.java:<init>(72)) - Starting container downloader service to copy containers to replicate.
2019-07-14 04:36:02,642 INFO  hdfs.DFSUtil (DFSUtil.java:httpServerTemplateForNNAndJN(1641)) - Starting Web-server for hddsDatanode at: http://0.0.0.0:0
2019-07-14 04:36:02,644 INFO  server.AuthenticationFilter (AuthenticationFilter.java:constructSecretProvider(240)) - Unable to initialize FileSignerSecretProvider, falling back to use random secrets.
2019-07-14 04:36:02,644 WARN  http.HttpRequestLog (HttpRequestLog.java:getRequestLog(97)) - Jetty request log can only be enabled using Log4j
2019-07-14 04:36:02,645 INFO  http.HttpServer2 (HttpServer2.java:addGlobalFilter(975)) - Added global filter 'safety' (class=org.apache.hadoop.http.HttpServer2$QuotingInputFilter)
2019-07-14 04:36:02,645 INFO  http.HttpServer2 (HttpServer2.java:addFilter(948)) - Added filter static_user_filter (class=org.apache.hadoop.http.lib.StaticUserWebFilter$StaticUserFilter) to context hddsDatanode
2019-07-14 04:36:02,646 INFO  http.HttpServer2 (HttpServer2.java:addFilter(958)) - Added filter static_user_filter (class=org.apache.hadoop.http.lib.StaticUserWebFilter$StaticUserFilter) to context logs
2019-07-14 04:36:02,646 INFO  http.HttpServer2 (HttpServer2.java:addFilter(958)) - Added filter static_user_filter (class=org.apache.hadoop.http.lib.StaticUserWebFilter$StaticUserFilter) to context static
2019-07-14 04:36:02,646 INFO  http.HttpServer2 (HttpServer2.java:bindListener(1191)) - Jetty bound to port 43171
2019-07-14 04:36:02,646 INFO  server.Server (Server.java:doStart(351)) - jetty-9.3.24.v20180605, build timestamp: 2018-06-05T17:11:56Z, git hash: 84205aa28f11a4f31f2a3b86d1bba2cc8ab69827
2019-07-14 04:36:02,648 INFO  handler.ContextHandler (ContextHandler.java:doStart(781)) - Started o.e.j.s.ServletContextHandler@7d4bdbd8{/logs,file:///tmp/workdir/hadoop-ozone/integration-test/target/log,AVAILABLE}
2019-07-14 04:36:02,649 INFO  handler.ContextHandler (ContextHandler.java:doStart(781)) - Started o.e.j.s.ServletContextHandler@79636080{/static,jar:file:/home/user/.m2/repository/org/apache/hadoop/hadoop-hdds-container-service/0.5.0-SNAPSHOT/hadoop-hdds-container-service-0.5.0-SNAPSHOT.jar!/webapps/static,AVAILABLE}
2019-07-14 04:36:02,675 INFO  handler.ContextHandler (ContextHandler.java:doStart(781)) - Started o.e.j.w.WebAppContext@656302c{/,file:///tmp/jetty-0.0.0.0-43171-hddsDatanode-_-any-9151280354781937805.dir/webapp/,AVAILABLE}{/hddsDatanode}
2019-07-14 04:36:02,675 INFO  server.AbstractConnector (AbstractConnector.java:doStart(278)) - Started ServerConnector@6f6a2ac8{HTTP/1.1,[http/1.1]}{0.0.0.0:43171}
2019-07-14 04:36:02,680 INFO  server.Server (Server.java:doStart(419)) - Started @45971ms
2019-07-14 04:36:02,681 INFO  server.BaseHttpServer (BaseHttpServer.java:updateConnectorAddress(207)) - HTTP server of HDDSDATANODE is listening at http://0.0.0.0:43171
2019-07-14 04:36:02,826 INFO  ozone.HddsDatanodeService (HddsDatanodeService.java:startPlugins(396)) - Started plug-in org.apache.hadoop.ozone.web.OzoneHddsDatanodeService@1eab0700
2019-07-14 04:36:02,827 INFO  impl.MetricsSystemImpl (MetricsSystemImpl.java:init(158)) - HddsDatanode metrics system started (again)
2019-07-14 04:36:02,828 INFO  ozone.HddsDatanodeService (HddsDatanodeService.java:start(185)) - HddsDatanodeService host:trunk-nightly-6h29n-2077950039 ip:192.168.5.157
2019-07-14 04:36:02,829 INFO  util.JvmPauseMonitor (JvmPauseMonitor.java:run(188)) - Starting JVM pause monitor
2019-07-14 04:36:02,831 INFO  datanode.InitDatanodeState (InitDatanodeState.java:persistContainerDatanodeDetails(140)) - DatanodeDetails is persisted to /tmp/workdir/hadoop-ozone/integration-test/target/test-dir/MiniOzoneClusterImpl-564b5727-9c6b-4f7d-b4ab-636c8fdedaa5/datanode-5/meta/datanode.id
2019-07-14 04:36:02,845 INFO  volume.HddsVolume (HddsVolume.java:<init>(176)) - Creating Volume: /tmp/workdir/hadoop-ozone/integration-test/target/test-dir/MiniOzoneClusterImpl-564b5727-9c6b-4f7d-b4ab-636c8fdedaa5/datanode-6/data/containers/hdds of  storage type : DISK and capacity : 52710309888
2019-07-14 04:36:02,845 INFO  volume.VolumeSet (VolumeSet.java:initializeVolumeSet(170)) - Added Volume : /tmp/workdir/hadoop-ozone/integration-test/target/test-dir/MiniOzoneClusterImpl-564b5727-9c6b-4f7d-b4ab-636c8fdedaa5/datanode-6/data/containers/hdds to VolumeSet
2019-07-14 04:36:02,846 INFO  volume.ThrottledAsyncChecker (ThrottledAsyncChecker.java:schedule(140)) - Scheduling a check for org.apache.hadoop.ozone.container.common.volume.HddsVolume@5b80b41d
2019-07-14 04:36:02,846 INFO  volume.HddsVolumeChecker (HddsVolumeChecker.java:checkAllVolumes(203)) - Scheduled health check for volume org.apache.hadoop.ozone.container.common.volume.HddsVolume@5b80b41d
2019-07-14 04:36:02,872 INFO  impl.RaftServerProxy (ConfUtils.java:logGet(43)) - raft.rpc.type = GRPC (default)
2019-07-14 04:36:02,873 INFO  grpc.GrpcFactory (GrpcFactory.java:checkPooledByteBufAllocatorUseCacheForAllThreads(45)) - PERFORMANCE WARNING: useCacheForAllThreads is true that may cause Netty to create a lot garbage objects and, as a result, trigger GC.
	It is recommended to disable useCacheForAllThreads by setting -Dorg.apache.ratis.thirdparty.io.netty.allocator.useCacheForAllThreads=false in command line.
2019-07-14 04:36:02,873 INFO  grpc.GrpcConfigKeys$Server (ConfUtils.java:logGet(43)) - raft.grpc.server.port = 0 (default)
2019-07-14 04:36:02,873 INFO  server.GrpcService (ConfUtils.java:logGet(43)) - raft.grpc.message.size.max = 33570816 (custom)
2019-07-14 04:36:02,873 INFO  server.RaftServerConfigKeys (ConfUtils.java:logGet(43)) - raft.server.log.appender.buffer.byte-limit = 33554432 (custom)
2019-07-14 04:36:02,874 INFO  server.GrpcService (ConfUtils.java:logGet(43)) - raft.grpc.flow.control.window = 1MB (=1048576) (default)
2019-07-14 04:36:02,874 INFO  server.RaftServerConfigKeys (ConfUtils.java:logGet(43)) - raft.server.rpc.request.timeout = 3000ms (default)
2019-07-14 04:36:02,875 INFO  server.RaftServerConfigKeys (ConfUtils.java:logGet(43)) - raft.server.storage.dir = [/tmp/workdir/hadoop-ozone/integration-test/target/test-dir/MiniOzoneClusterImpl-564b5727-9c6b-4f7d-b4ab-636c8fdedaa5/datanode-6/data/ratis] (custom)
2019-07-14 04:36:02,875 INFO  replication.SimpleContainerDownloader (SimpleContainerDownloader.java:<init>(72)) - Starting container downloader service to copy containers to replicate.
2019-07-14 04:36:02,877 INFO  hdfs.DFSUtil (DFSUtil.java:httpServerTemplateForNNAndJN(1641)) - Starting Web-server for hddsDatanode at: http://0.0.0.0:0
2019-07-14 04:36:02,879 INFO  server.AuthenticationFilter (AuthenticationFilter.java:constructSecretProvider(240)) - Unable to initialize FileSignerSecretProvider, falling back to use random secrets.
2019-07-14 04:36:02,879 WARN  http.HttpRequestLog (HttpRequestLog.java:getRequestLog(97)) - Jetty request log can only be enabled using Log4j
2019-07-14 04:36:02,881 INFO  http.HttpServer2 (HttpServer2.java:addGlobalFilter(975)) - Added global filter 'safety' (class=org.apache.hadoop.http.HttpServer2$QuotingInputFilter)
2019-07-14 04:36:02,882 INFO  http.HttpServer2 (HttpServer2.java:addFilter(948)) - Added filter static_user_filter (class=org.apache.hadoop.http.lib.StaticUserWebFilter$StaticUserFilter) to context hddsDatanode
2019-07-14 04:36:02,882 INFO  http.HttpServer2 (HttpServer2.java:addFilter(958)) - Added filter static_user_filter (class=org.apache.hadoop.http.lib.StaticUserWebFilter$StaticUserFilter) to context static
2019-07-14 04:36:02,882 INFO  http.HttpServer2 (HttpServer2.java:addFilter(958)) - Added filter static_user_filter (class=org.apache.hadoop.http.lib.StaticUserWebFilter$StaticUserFilter) to context logs
2019-07-14 04:36:02,883 INFO  http.HttpServer2 (HttpServer2.java:bindListener(1191)) - Jetty bound to port 41553
2019-07-14 04:36:02,883 INFO  server.Server (Server.java:doStart(351)) - jetty-9.3.24.v20180605, build timestamp: 2018-06-05T17:11:56Z, git hash: 84205aa28f11a4f31f2a3b86d1bba2cc8ab69827
2019-07-14 04:36:02,885 INFO  handler.ContextHandler (ContextHandler.java:doStart(781)) - Started o.e.j.s.ServletContextHandler@147097ad{/logs,file:///tmp/workdir/hadoop-ozone/integration-test/target/log,AVAILABLE}
2019-07-14 04:36:02,886 INFO  handler.ContextHandler (ContextHandler.java:doStart(781)) - Started o.e.j.s.ServletContextHandler@7535307c{/static,jar:file:/home/user/.m2/repository/org/apache/hadoop/hadoop-hdds-container-service/0.5.0-SNAPSHOT/hadoop-hdds-container-service-0.5.0-SNAPSHOT.jar!/webapps/static,AVAILABLE}
2019-07-14 04:36:02,923 INFO  handler.ContextHandler (ContextHandler.java:doStart(781)) - Started o.e.j.w.WebAppContext@530df3ab{/,file:///tmp/jetty-0.0.0.0-41553-hddsDatanode-_-any-3252968072342923181.dir/webapp/,AVAILABLE}{/hddsDatanode}
2019-07-14 04:36:02,924 INFO  server.AbstractConnector (AbstractConnector.java:doStart(278)) - Started ServerConnector@5e72c82a{HTTP/1.1,[http/1.1]}{0.0.0.0:41553}
2019-07-14 04:36:02,929 INFO  server.Server (Server.java:doStart(419)) - Started @46220ms
2019-07-14 04:36:02,930 INFO  server.BaseHttpServer (BaseHttpServer.java:updateConnectorAddress(207)) - HTTP server of HDDSDATANODE is listening at http://0.0.0.0:41553
2019-07-14 04:36:03,046 INFO  ozone.HddsDatanodeService (HddsDatanodeService.java:startPlugins(396)) - Started plug-in org.apache.hadoop.ozone.web.OzoneHddsDatanodeService@1aee6983
2019-07-14 04:36:03,046 INFO  ozone.MiniOzoneClusterImpl (MiniOzoneClusterImpl.java:lambda$waitForClusterToBeReady$0(142)) - Waiting for cluster to be ready. Got 0 of 7 DN Heartbeats.
2019-07-14 04:36:03,048 INFO  util.JvmPauseMonitor (JvmPauseMonitor.java:run(188)) - Starting JVM pause monitor
2019-07-14 04:36:03,050 INFO  datanode.InitDatanodeState (InitDatanodeState.java:persistContainerDatanodeDetails(140)) - DatanodeDetails is persisted to /tmp/workdir/hadoop-ozone/integration-test/target/test-dir/MiniOzoneClusterImpl-564b5727-9c6b-4f7d-b4ab-636c8fdedaa5/datanode-6/meta/datanode.id
2019-07-14 04:36:03,724 INFO  ozoneimpl.OzoneContainer (OzoneContainer.java:start(186)) - Attempting to start container services.
2019-07-14 04:36:03,724 INFO  ozoneimpl.OzoneContainer (OzoneContainer.java:startContainerScrub(160)) - Background container scrubber has been disabled by hdds.containerscrub.enabled
2019-07-14 04:36:03,725 INFO  ratis.XceiverServerRatis (XceiverServerRatis.java:start(418)) - Starting XceiverServerRatis 6ce6429d-ca4c-4475-bf53-ede7f8353202 at port 0
2019-07-14 04:36:03,733 INFO  impl.RaftServerProxy (RaftServerProxy.java:lambda$start$3(299)) - 6ce6429d-ca4c-4475-bf53-ede7f8353202: start RPC server
2019-07-14 04:36:03,734 INFO  server.GrpcService (GrpcService.java:startImpl(149)) - 6ce6429d-ca4c-4475-bf53-ede7f8353202: GrpcService started, listening on 0.0.0.0/0.0.0.0:41788
2019-07-14 04:36:03,734 INFO  ratis.XceiverServerRatis (XceiverServerRatis.java:start(428)) - XceiverServerRatis 6ce6429d-ca4c-4475-bf53-ede7f8353202 is started using port 41788
2019-07-14 04:36:03,740 INFO  server.XceiverServerGrpc (XceiverServerGrpc.java:start(161)) - XceiverServerGrpc 6ce6429d-ca4c-4475-bf53-ede7f8353202 is started using port 41516
2019-07-14 04:36:03,951 INFO  ozoneimpl.OzoneContainer (OzoneContainer.java:start(186)) - Attempting to start container services.
2019-07-14 04:36:03,951 INFO  ozoneimpl.OzoneContainer (OzoneContainer.java:startContainerScrub(160)) - Background container scrubber has been disabled by hdds.containerscrub.enabled
2019-07-14 04:36:03,951 INFO  ratis.XceiverServerRatis (XceiverServerRatis.java:start(418)) - Starting XceiverServerRatis 3a30d705-106a-482e-b6c0-0b4fa2317942 at port 0
2019-07-14 04:36:03,959 INFO  impl.RaftServerProxy (RaftServerProxy.java:lambda$start$3(299)) - 3a30d705-106a-482e-b6c0-0b4fa2317942: start RPC server
2019-07-14 04:36:03,965 INFO  server.GrpcService (GrpcService.java:startImpl(149)) - 3a30d705-106a-482e-b6c0-0b4fa2317942: GrpcService started, listening on 0.0.0.0/0.0.0.0:33319
2019-07-14 04:36:03,966 INFO  ratis.XceiverServerRatis (XceiverServerRatis.java:start(428)) - XceiverServerRatis 3a30d705-106a-482e-b6c0-0b4fa2317942 is started using port 33319
2019-07-14 04:36:03,987 INFO  server.XceiverServerGrpc (XceiverServerGrpc.java:start(161)) - XceiverServerGrpc 3a30d705-106a-482e-b6c0-0b4fa2317942 is started using port 34360
2019-07-14 04:36:04,047 INFO  ozone.MiniOzoneClusterImpl (MiniOzoneClusterImpl.java:lambda$waitForClusterToBeReady$0(142)) - Waiting for cluster to be ready. Got 0 of 7 DN Heartbeats.
2019-07-14 04:36:04,176 INFO  ozoneimpl.OzoneContainer (OzoneContainer.java:start(186)) - Attempting to start container services.
2019-07-14 04:36:04,176 INFO  ozoneimpl.OzoneContainer (OzoneContainer.java:startContainerScrub(160)) - Background container scrubber has been disabled by hdds.containerscrub.enabled
2019-07-14 04:36:04,176 INFO  ratis.XceiverServerRatis (XceiverServerRatis.java:start(418)) - Starting XceiverServerRatis 2c347813-d089-4e05-8364-43c4bb29326e at port 0
2019-07-14 04:36:04,183 INFO  impl.RaftServerProxy (RaftServerProxy.java:lambda$start$3(299)) - 2c347813-d089-4e05-8364-43c4bb29326e: start RPC server
2019-07-14 04:36:04,184 INFO  server.GrpcService (GrpcService.java:startImpl(149)) - 2c347813-d089-4e05-8364-43c4bb29326e: GrpcService started, listening on 0.0.0.0/0.0.0.0:35029
2019-07-14 04:36:04,185 INFO  ratis.XceiverServerRatis (XceiverServerRatis.java:start(428)) - XceiverServerRatis 2c347813-d089-4e05-8364-43c4bb29326e is started using port 35029
2019-07-14 04:36:04,185 INFO  server.XceiverServerGrpc (XceiverServerGrpc.java:start(161)) - XceiverServerGrpc 2c347813-d089-4e05-8364-43c4bb29326e is started using port 46818
2019-07-14 04:36:04,399 INFO  ozoneimpl.OzoneContainer (OzoneContainer.java:start(186)) - Attempting to start container services.
2019-07-14 04:36:04,399 INFO  ozoneimpl.OzoneContainer (OzoneContainer.java:startContainerScrub(160)) - Background container scrubber has been disabled by hdds.containerscrub.enabled
2019-07-14 04:36:04,400 INFO  ratis.XceiverServerRatis (XceiverServerRatis.java:start(418)) - Starting XceiverServerRatis 468a5dcf-365b-4bdb-8cfb-899d8e9c2a0e at port 0
2019-07-14 04:36:04,407 INFO  impl.RaftServerProxy (RaftServerProxy.java:lambda$start$3(299)) - 468a5dcf-365b-4bdb-8cfb-899d8e9c2a0e: start RPC server
2019-07-14 04:36:04,408 INFO  server.GrpcService (GrpcService.java:startImpl(149)) - 468a5dcf-365b-4bdb-8cfb-899d8e9c2a0e: GrpcService started, listening on 0.0.0.0/0.0.0.0:44695
2019-07-14 04:36:04,408 INFO  ratis.XceiverServerRatis (XceiverServerRatis.java:start(428)) - XceiverServerRatis 468a5dcf-365b-4bdb-8cfb-899d8e9c2a0e is started using port 44695
2019-07-14 04:36:04,409 INFO  server.XceiverServerGrpc (XceiverServerGrpc.java:start(161)) - XceiverServerGrpc 468a5dcf-365b-4bdb-8cfb-899d8e9c2a0e is started using port 44378
2019-07-14 04:36:04,615 INFO  ozoneimpl.OzoneContainer (OzoneContainer.java:start(186)) - Attempting to start container services.
2019-07-14 04:36:04,615 INFO  ozoneimpl.OzoneContainer (OzoneContainer.java:startContainerScrub(160)) - Background container scrubber has been disabled by hdds.containerscrub.enabled
2019-07-14 04:36:04,615 INFO  ratis.XceiverServerRatis (XceiverServerRatis.java:start(418)) - Starting XceiverServerRatis 8351eea8-7bc2-4544-839c-cfe1294c2641 at port 0
2019-07-14 04:36:04,624 INFO  impl.RaftServerProxy (RaftServerProxy.java:lambda$start$3(299)) - 8351eea8-7bc2-4544-839c-cfe1294c2641: start RPC server
2019-07-14 04:36:04,625 INFO  server.GrpcService (GrpcService.java:startImpl(149)) - 8351eea8-7bc2-4544-839c-cfe1294c2641: GrpcService started, listening on 0.0.0.0/0.0.0.0:37039
2019-07-14 04:36:04,625 INFO  ratis.XceiverServerRatis (XceiverServerRatis.java:start(428)) - XceiverServerRatis 8351eea8-7bc2-4544-839c-cfe1294c2641 is started using port 37039
2019-07-14 04:36:04,625 INFO  server.XceiverServerGrpc (XceiverServerGrpc.java:start(161)) - XceiverServerGrpc 8351eea8-7bc2-4544-839c-cfe1294c2641 is started using port 37254
2019-07-14 04:36:04,834 INFO  ozoneimpl.OzoneContainer (OzoneContainer.java:start(186)) - Attempting to start container services.
2019-07-14 04:36:04,834 INFO  ozoneimpl.OzoneContainer (OzoneContainer.java:startContainerScrub(160)) - Background container scrubber has been disabled by hdds.containerscrub.enabled
2019-07-14 04:36:04,835 INFO  ratis.XceiverServerRatis (XceiverServerRatis.java:start(418)) - Starting XceiverServerRatis ce3110da-6ed2-48aa-a303-b931b35bb141 at port 0
2019-07-14 04:36:04,842 INFO  impl.RaftServerProxy (RaftServerProxy.java:lambda$start$3(299)) - ce3110da-6ed2-48aa-a303-b931b35bb141: start RPC server
2019-07-14 04:36:04,843 INFO  server.GrpcService (GrpcService.java:startImpl(149)) - ce3110da-6ed2-48aa-a303-b931b35bb141: GrpcService started, listening on 0.0.0.0/0.0.0.0:39030
2019-07-14 04:36:04,843 INFO  ratis.XceiverServerRatis (XceiverServerRatis.java:start(428)) - XceiverServerRatis ce3110da-6ed2-48aa-a303-b931b35bb141 is started using port 39030
2019-07-14 04:36:04,872 INFO  server.XceiverServerGrpc (XceiverServerGrpc.java:start(161)) - XceiverServerGrpc ce3110da-6ed2-48aa-a303-b931b35bb141 is started using port 40583
2019-07-14 04:36:04,948 WARN  server.GrpcLogAppender (LogUtils.java:warn(134)) - f2fb1c47-f2a9-4bac-ac1b-cb168850caba->e3fb44ff-34d6-4834-bb05-cdafaf497f92: Failed appendEntries: org.apache.ratis.thirdparty.io.grpc.StatusRuntimeException: UNAVAILABLE: io exception
2019-07-14 04:36:04,948 WARN  server.GrpcLogAppender (LogUtils.java:warn(134)) - f2fb1c47-f2a9-4bac-ac1b-cb168850caba->d48f6f32-e53b-43c5-9bf8-dd459e13a9d1: Failed appendEntries: org.apache.ratis.thirdparty.io.grpc.StatusRuntimeException: UNAVAILABLE: io exception
2019-07-14 04:36:04,956 INFO  impl.FollowerInfo (FollowerInfo.java:lambda$new$0(50)) - f2fb1c47-f2a9-4bac-ac1b-cb168850caba->e3fb44ff-34d6-4834-bb05-cdafaf497f92: nextIndex: updateUnconditionally 0 -> 0
2019-07-14 04:36:04,962 INFO  impl.FollowerInfo (FollowerInfo.java:lambda$new$0(50)) - f2fb1c47-f2a9-4bac-ac1b-cb168850caba->d48f6f32-e53b-43c5-9bf8-dd459e13a9d1: nextIndex: updateUnconditionally 1 -> 0
2019-07-14 04:36:05,047 INFO  ozone.MiniOzoneClusterImpl (MiniOzoneClusterImpl.java:lambda$waitForClusterToBeReady$0(142)) - Waiting for cluster to be ready. Got 0 of 7 DN Heartbeats.
2019-07-14 04:36:05,060 INFO  ozoneimpl.OzoneContainer (OzoneContainer.java:start(186)) - Attempting to start container services.
2019-07-14 04:36:05,060 INFO  ozoneimpl.OzoneContainer (OzoneContainer.java:startContainerScrub(160)) - Background container scrubber has been disabled by hdds.containerscrub.enabled
2019-07-14 04:36:05,060 INFO  ratis.XceiverServerRatis (XceiverServerRatis.java:start(418)) - Starting XceiverServerRatis b3c42798-5587-46dc-9bd5-d378a062aa0b at port 0
2019-07-14 04:36:05,070 INFO  impl.RaftServerProxy (RaftServerProxy.java:lambda$start$3(299)) - b3c42798-5587-46dc-9bd5-d378a062aa0b: start RPC server
2019-07-14 04:36:05,071 INFO  server.GrpcService (GrpcService.java:startImpl(149)) - b3c42798-5587-46dc-9bd5-d378a062aa0b: GrpcService started, listening on 0.0.0.0/0.0.0.0:36202
2019-07-14 04:36:05,071 INFO  ratis.XceiverServerRatis (XceiverServerRatis.java:start(428)) - XceiverServerRatis b3c42798-5587-46dc-9bd5-d378a062aa0b is started using port 36202
2019-07-14 04:36:05,072 INFO  server.XceiverServerGrpc (XceiverServerGrpc.java:start(161)) - XceiverServerGrpc b3c42798-5587-46dc-9bd5-d378a062aa0b is started using port 43033
2019-07-14 04:36:05,661 INFO  net.NetworkTopology (NetworkTopologyImpl.java:add(110)) - Added a new node: /default-rack/192.168.5.157
2019-07-14 04:36:05,668 INFO  node.SCMNodeManager (SCMNodeManager.java:register(269)) - Registered Data node : 6ce6429d-ca4c-4475-bf53-ede7f8353202{ip: 192.168.5.157, host: trunk-nightly-6h29n-2077950039, networkLocation: /default-rack, certSerialId: null}
2019-07-14 04:36:05,669 INFO  safemode.SCMSafeModeManager (DataNodeSafeModeRule.java:process(71)) - SCM in safe mode. 1 DataNodes registered, 1 required.
2019-07-14 04:36:05,675 INFO  safemode.SCMSafeModeManager (SCMSafeModeManager.java:validateSafeModeExitRules(177)) - ScmSafeModeManager, all rules are successfully validated
2019-07-14 04:36:05,675 INFO  safemode.SCMSafeModeManager (SCMSafeModeManager.java:exitSafeMode(193)) - SCM exiting safe mode.
2019-07-14 04:36:05,688 INFO  impl.RaftServerProxy (RaftServerProxy.java:addNew(89)) - 6ce6429d-ca4c-4475-bf53-ede7f8353202: addNew group-FAD312E6C367:[6ce6429d-ca4c-4475-bf53-ede7f8353202:192.168.5.157:41788] returns group-FAD312E6C367:java.util.concurrent.CompletableFuture@6138e938[Not completed]
2019-07-14 04:36:05,689 INFO  impl.RaftServerImpl (RaftServerImpl.java:<init>(93)) - 6ce6429d-ca4c-4475-bf53-ede7f8353202: new RaftServerImpl for group-FAD312E6C367:[6ce6429d-ca4c-4475-bf53-ede7f8353202:192.168.5.157:41788] with ContainerStateMachine:uninitialized
2019-07-14 04:36:05,690 INFO  server.RaftServerConfigKeys (ConfUtils.java:logGet(43)) - raft.server.rpc.timeout.min = 5s (custom)
2019-07-14 04:36:05,690 INFO  server.RaftServerConfigKeys (ConfUtils.java:logGet(43)) - raft.server.rpc.timeout.max = 5200ms (custom)
2019-07-14 04:36:05,690 INFO  server.RaftServerConfigKeys (ConfUtils.java:logGet(43)) - raft.server.rpcslowness.timeout = 120s (custom)
2019-07-14 04:36:05,690 INFO  server.RaftServerConfigKeys (ConfUtils.java:logGet(43)) - raft.server.sleep.deviation.threshold = 300 (default)
2019-07-14 04:36:05,690 INFO  server.RaftServerConfigKeys (ConfUtils.java:logGet(43)) - raft.server.log.appender.install.snapshot.enabled = false (custom)
2019-07-14 04:36:05,691 INFO  impl.RaftServerImpl (ServerState.java:<init>(105)) - 6ce6429d-ca4c-4475-bf53-ede7f8353202:group-FAD312E6C367 ConfigurationManager, init=-1: [6ce6429d-ca4c-4475-bf53-ede7f8353202:192.168.5.157:41788], old=null, confs=<EMPTY_MAP>
2019-07-14 04:36:05,691 INFO  server.RaftServerConfigKeys (ConfUtils.java:logGet(43)) - raft.server.storage.dir = [/tmp/workdir/hadoop-ozone/integration-test/target/test-dir/MiniOzoneClusterImpl-564b5727-9c6b-4f7d-b4ab-636c8fdedaa5/datanode-0/data/ratis] (custom)
2019-07-14 04:36:05,691 INFO  storage.RaftStorageDirectory (RaftStorageDirectory.java:analyzeStorage(246)) - The storage directory /tmp/workdir/hadoop-ozone/integration-test/target/test-dir/MiniOzoneClusterImpl-564b5727-9c6b-4f7d-b4ab-636c8fdedaa5/datanode-0/data/ratis/71edeb0e-e8c7-437b-a40c-fad312e6c367 does not exist. Creating ...
2019-07-14 04:36:05,716 INFO  storage.RaftStorageDirectory (RaftStorageDirectory.java:tryLock(328)) - Lock on /tmp/workdir/hadoop-ozone/integration-test/target/test-dir/MiniOzoneClusterImpl-564b5727-9c6b-4f7d-b4ab-636c8fdedaa5/datanode-0/data/ratis/71edeb0e-e8c7-437b-a40c-fad312e6c367/in_use.lock acquired by nodename 17477@trunk-nightly-6h29n-2077950039
2019-07-14 04:36:05,729 INFO  storage.RaftStorage (RaftStorage.java:format(72)) - Storage directory /tmp/workdir/hadoop-ozone/integration-test/target/test-dir/MiniOzoneClusterImpl-564b5727-9c6b-4f7d-b4ab-636c8fdedaa5/datanode-0/data/ratis/71edeb0e-e8c7-437b-a40c-fad312e6c367 has been successfully formatted.
2019-07-14 04:36:05,729 INFO  ratis.ContainerStateMachine (ContainerStateMachine.java:loadSnapshot(200)) - The snapshot info is null.Setting the last applied index to:(t:0, i:~)
2019-07-14 04:36:05,729 INFO  server.RaftServerConfigKeys (ConfUtils.java:logGet(43)) - raft.server.leader.election.timeout = 120s (custom)
2019-07-14 04:36:05,730 INFO  server.RaftServerConfigKeys (ConfUtils.java:logGet(43)) - raft.server.log.use.memory = false (default)
2019-07-14 04:36:05,730 INFO  server.RaftServerConfigKeys (ConfUtils.java:logGet(43)) - raft.server.log.purge.gap = 1000000000 (custom)
2019-07-14 04:36:05,730 INFO  server.RaftServerConfigKeys (ConfUtils.java:logGet(43)) - raft.server.log.appender.buffer.byte-limit = 33554432 (custom)
2019-07-14 04:36:05,730 INFO  server.RaftServerConfigKeys (ConfUtils.java:logGet(43)) - raft.server.log.segment.size.max = 1048576 (custom)
2019-07-14 04:36:05,730 INFO  server.RaftServerConfigKeys (ConfUtils.java:logGet(43)) - raft.server.log.segment.cache.num.max = 2 (custom)
2019-07-14 04:36:05,731 INFO  segmented.SegmentedRaftLogWorker (SegmentedRaftLogWorker.java:<init>(172)) - new 6ce6429d-ca4c-4475-bf53-ede7f8353202-SegmentedRaftLogWorker:Storage Directory /tmp/workdir/hadoop-ozone/integration-test/target/test-dir/MiniOzoneClusterImpl-564b5727-9c6b-4f7d-b4ab-636c8fdedaa5/datanode-0/data/ratis/71edeb0e-e8c7-437b-a40c-fad312e6c367 for RaftStorage:Storage Directory /tmp/workdir/hadoop-ozone/integration-test/target/test-dir/MiniOzoneClusterImpl-564b5727-9c6b-4f7d-b4ab-636c8fdedaa5/datanode-0/data/ratis/71edeb0e-e8c7-437b-a40c-fad312e6c367
2019-07-14 04:36:05,731 INFO  server.RaftServerConfigKeys (ConfUtils.java:logGet(43)) - raft.server.log.queue.byte-limit = 2147483647 (custom)
2019-07-14 04:36:05,731 INFO  server.RaftServerConfigKeys (ConfUtils.java:logGet(43)) - raft.server.log.queue.element-limit = 1024 (custom)
2019-07-14 04:36:05,731 INFO  server.RaftServerConfigKeys (ConfUtils.java:logGet(43)) - raft.server.log.segment.size.max = 1048576 (custom)
2019-07-14 04:36:05,732 INFO  server.RaftServerConfigKeys (ConfUtils.java:logGet(43)) - raft.server.log.preallocated.size = 16384 (custom)
2019-07-14 04:36:05,732 INFO  server.RaftServerConfigKeys (ConfUtils.java:logGet(43)) - raft.server.log.write.buffer.size = 33554432 (custom)
2019-07-14 04:36:05,732 INFO  server.RaftServerConfigKeys (ConfUtils.java:logGet(43)) - raft.server.log.force.sync.num = 128 (default)
2019-07-14 04:36:05,732 INFO  server.RaftServerConfigKeys (ConfUtils.java:logGet(43)) - raft.server.log.statemachine.data.sync = true (default)
2019-07-14 04:36:05,732 INFO  server.RaftServerConfigKeys (ConfUtils.java:logGet(43)) - raft.server.log.statemachine.data.sync.timeout = 10s (default)
2019-07-14 04:36:05,732 INFO  server.RaftServerConfigKeys (ConfUtils.java:logGet(43)) - raft.server.log.statemachine.data.sync.timeout.retry = -1 (default)
2019-07-14 04:36:05,733 INFO  server.RaftServerConfigKeys (ConfUtils.java:logGet(43)) - raft.server.log.statemachine.data.caching.enabled = true (custom)
2019-07-14 04:36:05,733 INFO  segmented.SegmentedRaftLogWorker (SegmentedRaftLogWorker.java:lambda$new$0(132)) - 6ce6429d-ca4c-4475-bf53-ede7f8353202-SegmentedRaftLogWorker:Storage Directory /tmp/workdir/hadoop-ozone/integration-test/target/test-dir/MiniOzoneClusterImpl-564b5727-9c6b-4f7d-b4ab-636c8fdedaa5/datanode-0/data/ratis/71edeb0e-e8c7-437b-a40c-fad312e6c367: flushIndex: setUnconditionally 0 -> -1
2019-07-14 04:36:05,734 INFO  server.RaftServerConfigKeys (ConfUtils.java:logGet(43)) - raft.server.snapshot.auto.trigger.enabled = true (custom)
2019-07-14 04:36:05,734 INFO  server.RaftServerConfigKeys (ConfUtils.java:logGet(43)) - raft.server.snapshot.auto.trigger.threshold = 10000 (custom)
2019-07-14 04:36:05,734 INFO  server.RaftServerConfigKeys (ConfUtils.java:logGet(43)) - raft.server.retrycache.expirytime = 600000ms (custom)
2019-07-14 04:36:05,734 INFO  impl.RaftServerImpl (RaftServerImpl.java:start(180)) - 6ce6429d-ca4c-4475-bf53-ede7f8353202: start group-FAD312E6C367
2019-07-14 04:36:05,734 INFO  impl.RaftServerImpl (RaftServerImpl.java:setRole(171)) - 6ce6429d-ca4c-4475-bf53-ede7f8353202:group-FAD312E6C367 changes role from null to FOLLOWER at term 0 for startAsFollower
2019-07-14 04:36:05,735 INFO  impl.RoleInfo (RoleInfo.java:updateAndGet(143)) - 6ce6429d-ca4c-4475-bf53-ede7f8353202: start FollowerState
2019-07-14 04:36:05,735 INFO  util.JmxRegister (JmxRegister.java:tryRegister(44)) - Successfully registered JMX Bean with object name Ratis:service=RaftServer,group=group-FAD312E6C367,id=6ce6429d-ca4c-4475-bf53-ede7f8353202
2019-07-14 04:36:05,739 INFO  pipeline.PipelineStateManager (PipelineStateManager.java:addPipeline(56)) - Created pipeline Pipeline[ Id: 71edeb0e-e8c7-437b-a40c-fad312e6c367, Nodes: 6ce6429d-ca4c-4475-bf53-ede7f8353202{ip: 192.168.5.157, host: trunk-nightly-6h29n-2077950039, networkLocation: /default-rack, certSerialId: null}, Type:RATIS, Factor:ONE, State:OPEN]
2019-07-14 04:36:05,925 INFO  node.SCMNodeManager (SCMNodeManager.java:register(269)) - Registered Data node : 3a30d705-106a-482e-b6c0-0b4fa2317942{ip: 192.168.5.157, host: trunk-nightly-6h29n-2077950039, networkLocation: /default-rack, certSerialId: null}
2019-07-14 04:36:05,970 INFO  impl.RaftServerProxy (RaftServerProxy.java:addNew(89)) - 3a30d705-106a-482e-b6c0-0b4fa2317942: addNew group-3E56A0CEABB0:[3a30d705-106a-482e-b6c0-0b4fa2317942:192.168.5.157:33319] returns group-3E56A0CEABB0:java.util.concurrent.CompletableFuture@15540a37[Not completed]
2019-07-14 04:36:05,971 INFO  impl.RaftServerImpl (RaftServerImpl.java:<init>(93)) - 3a30d705-106a-482e-b6c0-0b4fa2317942: new RaftServerImpl for group-3E56A0CEABB0:[3a30d705-106a-482e-b6c0-0b4fa2317942:192.168.5.157:33319] with ContainerStateMachine:uninitialized
2019-07-14 04:36:05,971 INFO  server.RaftServerConfigKeys (ConfUtils.java:logGet(43)) - raft.server.rpc.timeout.min = 5s (custom)
2019-07-14 04:36:05,972 INFO  server.RaftServerConfigKeys (ConfUtils.java:logGet(43)) - raft.server.rpc.timeout.max = 5200ms (custom)
2019-07-14 04:36:05,972 INFO  server.RaftServerConfigKeys (ConfUtils.java:logGet(43)) - raft.server.rpcslowness.timeout = 120s (custom)
2019-07-14 04:36:05,972 INFO  server.RaftServerConfigKeys (ConfUtils.java:logGet(43)) - raft.server.sleep.deviation.threshold = 300 (default)
2019-07-14 04:36:05,972 INFO  server.RaftServerConfigKeys (ConfUtils.java:logGet(43)) - raft.server.log.appender.install.snapshot.enabled = false (custom)
2019-07-14 04:36:05,972 INFO  impl.RaftServerImpl (ServerState.java:<init>(105)) - 3a30d705-106a-482e-b6c0-0b4fa2317942:group-3E56A0CEABB0 ConfigurationManager, init=-1: [3a30d705-106a-482e-b6c0-0b4fa2317942:192.168.5.157:33319], old=null, confs=<EMPTY_MAP>
2019-07-14 04:36:05,972 INFO  server.RaftServerConfigKeys (ConfUtils.java:logGet(43)) - raft.server.storage.dir = [/tmp/workdir/hadoop-ozone/integration-test/target/test-dir/MiniOzoneClusterImpl-564b5727-9c6b-4f7d-b4ab-636c8fdedaa5/datanode-1/data/ratis] (custom)
2019-07-14 04:36:05,973 INFO  storage.RaftStorageDirectory (RaftStorageDirectory.java:analyzeStorage(246)) - The storage directory /tmp/workdir/hadoop-ozone/integration-test/target/test-dir/MiniOzoneClusterImpl-564b5727-9c6b-4f7d-b4ab-636c8fdedaa5/datanode-1/data/ratis/8be5dfc8-9ed1-46cf-8e35-3e56a0ceabb0 does not exist. Creating ...
2019-07-14 04:36:05,992 INFO  storage.RaftStorageDirectory (RaftStorageDirectory.java:tryLock(328)) - Lock on /tmp/workdir/hadoop-ozone/integration-test/target/test-dir/MiniOzoneClusterImpl-564b5727-9c6b-4f7d-b4ab-636c8fdedaa5/datanode-1/data/ratis/8be5dfc8-9ed1-46cf-8e35-3e56a0ceabb0/in_use.lock acquired by nodename 17477@trunk-nightly-6h29n-2077950039
2019-07-14 04:36:05,995 INFO  storage.RaftStorage (RaftStorage.java:format(72)) - Storage directory /tmp/workdir/hadoop-ozone/integration-test/target/test-dir/MiniOzoneClusterImpl-564b5727-9c6b-4f7d-b4ab-636c8fdedaa5/datanode-1/data/ratis/8be5dfc8-9ed1-46cf-8e35-3e56a0ceabb0 has been successfully formatted.
2019-07-14 04:36:05,996 INFO  ratis.ContainerStateMachine (ContainerStateMachine.java:loadSnapshot(200)) - The snapshot info is null.Setting the last applied index to:(t:0, i:~)
2019-07-14 04:36:05,996 INFO  server.RaftServerConfigKeys (ConfUtils.java:logGet(43)) - raft.server.leader.election.timeout = 120s (custom)
2019-07-14 04:36:05,996 INFO  server.RaftServerConfigKeys (ConfUtils.java:logGet(43)) - raft.server.log.use.memory = false (default)
2019-07-14 04:36:05,996 INFO  server.RaftServerConfigKeys (ConfUtils.java:logGet(43)) - raft.server.log.purge.gap = 1000000000 (custom)
2019-07-14 04:36:05,996 INFO  server.RaftServerConfigKeys (ConfUtils.java:logGet(43)) - raft.server.log.appender.buffer.byte-limit = 33554432 (custom)
2019-07-14 04:36:05,997 INFO  server.RaftServerConfigKeys (ConfUtils.java:logGet(43)) - raft.server.log.segment.size.max = 1048576 (custom)
2019-07-14 04:36:05,997 INFO  server.RaftServerConfigKeys (ConfUtils.java:logGet(43)) - raft.server.log.segment.cache.num.max = 2 (custom)
2019-07-14 04:36:05,997 INFO  segmented.SegmentedRaftLogWorker (SegmentedRaftLogWorker.java:<init>(172)) - new 3a30d705-106a-482e-b6c0-0b4fa2317942-SegmentedRaftLogWorker:Storage Directory /tmp/workdir/hadoop-ozone/integration-test/target/test-dir/MiniOzoneClusterImpl-564b5727-9c6b-4f7d-b4ab-636c8fdedaa5/datanode-1/data/ratis/8be5dfc8-9ed1-46cf-8e35-3e56a0ceabb0 for RaftStorage:Storage Directory /tmp/workdir/hadoop-ozone/integration-test/target/test-dir/MiniOzoneClusterImpl-564b5727-9c6b-4f7d-b4ab-636c8fdedaa5/datanode-1/data/ratis/8be5dfc8-9ed1-46cf-8e35-3e56a0ceabb0
2019-07-14 04:36:05,997 INFO  server.RaftServerConfigKeys (ConfUtils.java:logGet(43)) - raft.server.log.queue.byte-limit = 2147483647 (custom)
2019-07-14 04:36:05,997 INFO  server.RaftServerConfigKeys (ConfUtils.java:logGet(43)) - raft.server.log.queue.element-limit = 1024 (custom)
2019-07-14 04:36:05,998 INFO  server.RaftServerConfigKeys (ConfUtils.java:logGet(43)) - raft.server.log.segment.size.max = 1048576 (custom)
2019-07-14 04:36:05,998 INFO  server.RaftServerConfigKeys (ConfUtils.java:logGet(43)) - raft.server.log.preallocated.size = 16384 (custom)
2019-07-14 04:36:05,998 INFO  server.RaftServerConfigKeys (ConfUtils.java:logGet(43)) - raft.server.log.write.buffer.size = 33554432 (custom)
2019-07-14 04:36:05,998 INFO  server.RaftServerConfigKeys (ConfUtils.java:logGet(43)) - raft.server.log.force.sync.num = 128 (default)
2019-07-14 04:36:05,998 INFO  server.RaftServerConfigKeys (ConfUtils.java:logGet(43)) - raft.server.log.statemachine.data.sync = true (default)
2019-07-14 04:36:05,998 INFO  server.RaftServerConfigKeys (ConfUtils.java:logGet(43)) - raft.server.log.statemachine.data.sync.timeout = 10s (default)
2019-07-14 04:36:05,999 INFO  server.RaftServerConfigKeys (ConfUtils.java:logGet(43)) - raft.server.log.statemachine.data.sync.timeout.retry = -1 (default)
2019-07-14 04:36:05,999 INFO  server.RaftServerConfigKeys (ConfUtils.java:logGet(43)) - raft.server.log.statemachine.data.caching.enabled = true (custom)
2019-07-14 04:36:05,999 INFO  segmented.SegmentedRaftLogWorker (SegmentedRaftLogWorker.java:lambda$new$0(132)) - 3a30d705-106a-482e-b6c0-0b4fa2317942-SegmentedRaftLogWorker:Storage Directory /tmp/workdir/hadoop-ozone/integration-test/target/test-dir/MiniOzoneClusterImpl-564b5727-9c6b-4f7d-b4ab-636c8fdedaa5/datanode-1/data/ratis/8be5dfc8-9ed1-46cf-8e35-3e56a0ceabb0: flushIndex: setUnconditionally 0 -> -1
2019-07-14 04:36:06,000 INFO  server.RaftServerConfigKeys (ConfUtils.java:logGet(43)) - raft.server.snapshot.auto.trigger.enabled = true (custom)
2019-07-14 04:36:06,000 INFO  server.RaftServerConfigKeys (ConfUtils.java:logGet(43)) - raft.server.snapshot.auto.trigger.threshold = 10000 (custom)
2019-07-14 04:36:06,000 INFO  server.RaftServerConfigKeys (ConfUtils.java:logGet(43)) - raft.server.retrycache.expirytime = 600000ms (custom)
2019-07-14 04:36:06,000 INFO  impl.RaftServerImpl (RaftServerImpl.java:start(180)) - 3a30d705-106a-482e-b6c0-0b4fa2317942: start group-3E56A0CEABB0
2019-07-14 04:36:06,001 INFO  impl.RaftServerImpl (RaftServerImpl.java:setRole(171)) - 3a30d705-106a-482e-b6c0-0b4fa2317942:group-3E56A0CEABB0 changes role from null to FOLLOWER at term 0 for startAsFollower
2019-07-14 04:36:06,001 INFO  impl.RoleInfo (RoleInfo.java:updateAndGet(143)) - 3a30d705-106a-482e-b6c0-0b4fa2317942: start FollowerState
2019-07-14 04:36:06,001 INFO  util.JmxRegister (JmxRegister.java:tryRegister(44)) - Successfully registered JMX Bean with object name Ratis:service=RaftServer,group=group-3E56A0CEABB0,id=3a30d705-106a-482e-b6c0-0b4fa2317942
2019-07-14 04:36:06,004 INFO  pipeline.PipelineStateManager (PipelineStateManager.java:addPipeline(56)) - Created pipeline Pipeline[ Id: 8be5dfc8-9ed1-46cf-8e35-3e56a0ceabb0, Nodes: 3a30d705-106a-482e-b6c0-0b4fa2317942{ip: 192.168.5.157, host: trunk-nightly-6h29n-2077950039, networkLocation: /default-rack, certSerialId: null}, Type:RATIS, Factor:ONE, State:OPEN]
2019-07-14 04:36:06,048 INFO  ozone.MiniOzoneClusterImpl (MiniOzoneClusterImpl.java:lambda$waitForClusterToBeReady$0(142)) - Waiting for cluster to be ready. Got 2 of 7 DN Heartbeats.
2019-07-14 04:36:06,157 INFO  node.SCMNodeManager (SCMNodeManager.java:register(269)) - Registered Data node : 2c347813-d089-4e05-8364-43c4bb29326e{ip: 192.168.5.157, host: trunk-nightly-6h29n-2077950039, networkLocation: /default-rack, certSerialId: null}
2019-07-14 04:36:06,178 INFO  impl.RaftServerProxy (RaftServerProxy.java:addNew(89)) - 2c347813-d089-4e05-8364-43c4bb29326e: addNew group-40EF4545634C:[2c347813-d089-4e05-8364-43c4bb29326e:192.168.5.157:35029] returns group-40EF4545634C:java.util.concurrent.CompletableFuture@3419bf0f[Not completed]
2019-07-14 04:36:06,180 INFO  impl.RaftServerImpl (RaftServerImpl.java:<init>(93)) - 2c347813-d089-4e05-8364-43c4bb29326e: new RaftServerImpl for group-40EF4545634C:[2c347813-d089-4e05-8364-43c4bb29326e:192.168.5.157:35029] with ContainerStateMachine:uninitialized
2019-07-14 04:36:06,180 INFO  server.RaftServerConfigKeys (ConfUtils.java:logGet(43)) - raft.server.rpc.timeout.min = 5s (custom)
2019-07-14 04:36:06,180 INFO  server.RaftServerConfigKeys (ConfUtils.java:logGet(43)) - raft.server.rpc.timeout.max = 5200ms (custom)
2019-07-14 04:36:06,180 INFO  server.RaftServerConfigKeys (ConfUtils.java:logGet(43)) - raft.server.rpcslowness.timeout = 120s (custom)
2019-07-14 04:36:06,181 INFO  server.RaftServerConfigKeys (ConfUtils.java:logGet(43)) - raft.server.sleep.deviation.threshold = 300 (default)
2019-07-14 04:36:06,181 INFO  server.RaftServerConfigKeys (ConfUtils.java:logGet(43)) - raft.server.log.appender.install.snapshot.enabled = false (custom)
2019-07-14 04:36:06,181 INFO  impl.RaftServerImpl (ServerState.java:<init>(105)) - 2c347813-d089-4e05-8364-43c4bb29326e:group-40EF4545634C ConfigurationManager, init=-1: [2c347813-d089-4e05-8364-43c4bb29326e:192.168.5.157:35029], old=null, confs=<EMPTY_MAP>
2019-07-14 04:36:06,181 INFO  server.RaftServerConfigKeys (ConfUtils.java:logGet(43)) - raft.server.storage.dir = [/tmp/workdir/hadoop-ozone/integration-test/target/test-dir/MiniOzoneClusterImpl-564b5727-9c6b-4f7d-b4ab-636c8fdedaa5/datanode-2/data/ratis] (custom)
2019-07-14 04:36:06,182 INFO  storage.RaftStorageDirectory (RaftStorageDirectory.java:analyzeStorage(246)) - The storage directory /tmp/workdir/hadoop-ozone/integration-test/target/test-dir/MiniOzoneClusterImpl-564b5727-9c6b-4f7d-b4ab-636c8fdedaa5/datanode-2/data/ratis/9293efde-f21c-4762-81f6-40ef4545634c does not exist. Creating ...
2019-07-14 04:36:06,193 INFO  storage.RaftStorageDirectory (RaftStorageDirectory.java:tryLock(328)) - Lock on /tmp/workdir/hadoop-ozone/integration-test/target/test-dir/MiniOzoneClusterImpl-564b5727-9c6b-4f7d-b4ab-636c8fdedaa5/datanode-2/data/ratis/9293efde-f21c-4762-81f6-40ef4545634c/in_use.lock acquired by nodename 17477@trunk-nightly-6h29n-2077950039
2019-07-14 04:36:06,198 INFO  storage.RaftStorage (RaftStorage.java:format(72)) - Storage directory /tmp/workdir/hadoop-ozone/integration-test/target/test-dir/MiniOzoneClusterImpl-564b5727-9c6b-4f7d-b4ab-636c8fdedaa5/datanode-2/data/ratis/9293efde-f21c-4762-81f6-40ef4545634c has been successfully formatted.
2019-07-14 04:36:06,199 INFO  ratis.ContainerStateMachine (ContainerStateMachine.java:loadSnapshot(200)) - The snapshot info is null.Setting the last applied index to:(t:0, i:~)
2019-07-14 04:36:06,199 INFO  server.RaftServerConfigKeys (ConfUtils.java:logGet(43)) - raft.server.leader.election.timeout = 120s (custom)
2019-07-14 04:36:06,199 INFO  server.RaftServerConfigKeys (ConfUtils.java:logGet(43)) - raft.server.log.use.memory = false (default)
2019-07-14 04:36:06,199 INFO  server.RaftServerConfigKeys (ConfUtils.java:logGet(43)) - raft.server.log.purge.gap = 1000000000 (custom)
2019-07-14 04:36:06,199 INFO  server.RaftServerConfigKeys (ConfUtils.java:logGet(43)) - raft.server.log.appender.buffer.byte-limit = 33554432 (custom)
2019-07-14 04:36:06,200 INFO  server.RaftServerConfigKeys (ConfUtils.java:logGet(43)) - raft.server.log.segment.size.max = 1048576 (custom)
2019-07-14 04:36:06,200 INFO  server.RaftServerConfigKeys (ConfUtils.java:logGet(43)) - raft.server.log.segment.cache.num.max = 2 (custom)
2019-07-14 04:36:06,200 INFO  segmented.SegmentedRaftLogWorker (SegmentedRaftLogWorker.java:<init>(172)) - new 2c347813-d089-4e05-8364-43c4bb29326e-SegmentedRaftLogWorker:Storage Directory /tmp/workdir/hadoop-ozone/integration-test/target/test-dir/MiniOzoneClusterImpl-564b5727-9c6b-4f7d-b4ab-636c8fdedaa5/datanode-2/data/ratis/9293efde-f21c-4762-81f6-40ef4545634c for RaftStorage:Storage Directory /tmp/workdir/hadoop-ozone/integration-test/target/test-dir/MiniOzoneClusterImpl-564b5727-9c6b-4f7d-b4ab-636c8fdedaa5/datanode-2/data/ratis/9293efde-f21c-4762-81f6-40ef4545634c
2019-07-14 04:36:06,200 INFO  server.RaftServerConfigKeys (ConfUtils.java:logGet(43)) - raft.server.log.queue.byte-limit = 2147483647 (custom)
2019-07-14 04:36:06,200 INFO  server.RaftServerConfigKeys (ConfUtils.java:logGet(43)) - raft.server.log.queue.element-limit = 1024 (custom)
2019-07-14 04:36:06,201 INFO  server.RaftServerConfigKeys (ConfUtils.java:logGet(43)) - raft.server.log.segment.size.max = 1048576 (custom)
2019-07-14 04:36:06,201 INFO  server.RaftServerConfigKeys (ConfUtils.java:logGet(43)) - raft.server.log.preallocated.size = 16384 (custom)
2019-07-14 04:36:06,201 INFO  server.RaftServerConfigKeys (ConfUtils.java:logGet(43)) - raft.server.log.write.buffer.size = 33554432 (custom)
2019-07-14 04:36:06,201 INFO  server.RaftServerConfigKeys (ConfUtils.java:logGet(43)) - raft.server.log.force.sync.num = 128 (default)
2019-07-14 04:36:06,201 INFO  server.RaftServerConfigKeys (ConfUtils.java:logGet(43)) - raft.server.log.statemachine.data.sync = true (default)
2019-07-14 04:36:06,202 INFO  server.RaftServerConfigKeys (ConfUtils.java:logGet(43)) - raft.server.log.statemachine.data.sync.timeout = 10s (default)
2019-07-14 04:36:06,202 INFO  server.RaftServerConfigKeys (ConfUtils.java:logGet(43)) - raft.server.log.statemachine.data.sync.timeout.retry = -1 (default)
2019-07-14 04:36:06,202 INFO  server.RaftServerConfigKeys (ConfUtils.java:logGet(43)) - raft.server.log.statemachine.data.caching.enabled = true (custom)
2019-07-14 04:36:06,203 INFO  segmented.SegmentedRaftLogWorker (SegmentedRaftLogWorker.java:lambda$new$0(132)) - 2c347813-d089-4e05-8364-43c4bb29326e-SegmentedRaftLogWorker:Storage Directory /tmp/workdir/hadoop-ozone/integration-test/target/test-dir/MiniOzoneClusterImpl-564b5727-9c6b-4f7d-b4ab-636c8fdedaa5/datanode-2/data/ratis/9293efde-f21c-4762-81f6-40ef4545634c: flushIndex: setUnconditionally 0 -> -1
2019-07-14 04:36:06,203 INFO  server.RaftServerConfigKeys (ConfUtils.java:logGet(43)) - raft.server.snapshot.auto.trigger.enabled = true (custom)
2019-07-14 04:36:06,203 INFO  server.RaftServerConfigKeys (ConfUtils.java:logGet(43)) - raft.server.snapshot.auto.trigger.threshold = 10000 (custom)
2019-07-14 04:36:06,203 INFO  server.RaftServerConfigKeys (ConfUtils.java:logGet(43)) - raft.server.retrycache.expirytime = 600000ms (custom)
2019-07-14 04:36:06,204 INFO  impl.RaftServerImpl (RaftServerImpl.java:start(180)) - 2c347813-d089-4e05-8364-43c4bb29326e: start group-40EF4545634C
2019-07-14 04:36:06,204 INFO  impl.RaftServerImpl (RaftServerImpl.java:setRole(171)) - 2c347813-d089-4e05-8364-43c4bb29326e:group-40EF4545634C changes role from null to FOLLOWER at term 0 for startAsFollower
2019-07-14 04:36:06,204 INFO  impl.RoleInfo (RoleInfo.java:updateAndGet(143)) - 2c347813-d089-4e05-8364-43c4bb29326e: start FollowerState
2019-07-14 04:36:06,205 INFO  util.JmxRegister (JmxRegister.java:tryRegister(44)) - Successfully registered JMX Bean with object name Ratis:service=RaftServer,group=group-40EF4545634C,id=2c347813-d089-4e05-8364-43c4bb29326e
2019-07-14 04:36:06,208 INFO  pipeline.PipelineStateManager (PipelineStateManager.java:addPipeline(56)) - Created pipeline Pipeline[ Id: 9293efde-f21c-4762-81f6-40ef4545634c, Nodes: 2c347813-d089-4e05-8364-43c4bb29326e{ip: 192.168.5.157, host: trunk-nightly-6h29n-2077950039, networkLocation: /default-rack, certSerialId: null}, Type:RATIS, Factor:ONE, State:OPEN]
2019-07-14 04:36:06,228 INFO  impl.RaftServerProxy (RaftServerProxy.java:addNew(89)) - 2c347813-d089-4e05-8364-43c4bb29326e: addNew group-2F0E73CB07B2:[6ce6429d-ca4c-4475-bf53-ede7f8353202:192.168.5.157:41788, 2c347813-d089-4e05-8364-43c4bb29326e:192.168.5.157:35029, 3a30d705-106a-482e-b6c0-0b4fa2317942:192.168.5.157:33319] returns group-2F0E73CB07B2:java.util.concurrent.CompletableFuture@2887a980[Not completed]
2019-07-14 04:36:06,229 INFO  impl.RaftServerProxy (RaftServerProxy.java:addNew(89)) - 3a30d705-106a-482e-b6c0-0b4fa2317942: addNew group-2F0E73CB07B2:[6ce6429d-ca4c-4475-bf53-ede7f8353202:192.168.5.157:41788, 2c347813-d089-4e05-8364-43c4bb29326e:192.168.5.157:35029, 3a30d705-106a-482e-b6c0-0b4fa2317942:192.168.5.157:33319] returns group-2F0E73CB07B2:java.util.concurrent.CompletableFuture@1f8eefae[Not completed]
2019-07-14 04:36:06,229 INFO  impl.RaftServerProxy (RaftServerProxy.java:addNew(89)) - 6ce6429d-ca4c-4475-bf53-ede7f8353202: addNew group-2F0E73CB07B2:[6ce6429d-ca4c-4475-bf53-ede7f8353202:192.168.5.157:41788, 2c347813-d089-4e05-8364-43c4bb29326e:192.168.5.157:35029, 3a30d705-106a-482e-b6c0-0b4fa2317942:192.168.5.157:33319] returns group-2F0E73CB07B2:java.util.concurrent.CompletableFuture@78cca978[Not completed]
2019-07-14 04:36:06,230 INFO  impl.RaftServerImpl (RaftServerImpl.java:<init>(93)) - 2c347813-d089-4e05-8364-43c4bb29326e: new RaftServerImpl for group-2F0E73CB07B2:[6ce6429d-ca4c-4475-bf53-ede7f8353202:192.168.5.157:41788, 2c347813-d089-4e05-8364-43c4bb29326e:192.168.5.157:35029, 3a30d705-106a-482e-b6c0-0b4fa2317942:192.168.5.157:33319] with ContainerStateMachine:uninitialized
2019-07-14 04:36:06,230 INFO  server.RaftServerConfigKeys (ConfUtils.java:logGet(43)) - raft.server.rpc.timeout.min = 5s (custom)
2019-07-14 04:36:06,230 INFO  server.RaftServerConfigKeys (ConfUtils.java:logGet(43)) - raft.server.rpc.timeout.max = 5200ms (custom)
2019-07-14 04:36:06,231 INFO  server.RaftServerConfigKeys (ConfUtils.java:logGet(43)) - raft.server.rpcslowness.timeout = 120s (custom)
2019-07-14 04:36:06,231 INFO  server.RaftServerConfigKeys (ConfUtils.java:logGet(43)) - raft.server.sleep.deviation.threshold = 300 (default)
2019-07-14 04:36:06,231 INFO  server.RaftServerConfigKeys (ConfUtils.java:logGet(43)) - raft.server.log.appender.install.snapshot.enabled = false (custom)
2019-07-14 04:36:06,231 INFO  impl.RaftServerImpl (RaftServerImpl.java:<init>(93)) - 3a30d705-106a-482e-b6c0-0b4fa2317942: new RaftServerImpl for group-2F0E73CB07B2:[6ce6429d-ca4c-4475-bf53-ede7f8353202:192.168.5.157:41788, 2c347813-d089-4e05-8364-43c4bb29326e:192.168.5.157:35029, 3a30d705-106a-482e-b6c0-0b4fa2317942:192.168.5.157:33319] with ContainerStateMachine:uninitialized
2019-07-14 04:36:06,231 INFO  impl.RaftServerImpl (ServerState.java:<init>(105)) - 2c347813-d089-4e05-8364-43c4bb29326e:group-2F0E73CB07B2 ConfigurationManager, init=-1: [6ce6429d-ca4c-4475-bf53-ede7f8353202:192.168.5.157:41788, 2c347813-d089-4e05-8364-43c4bb29326e:192.168.5.157:35029, 3a30d705-106a-482e-b6c0-0b4fa2317942:192.168.5.157:33319], old=null, confs=<EMPTY_MAP>
2019-07-14 04:36:06,231 INFO  server.RaftServerConfigKeys (ConfUtils.java:logGet(43)) - raft.server.rpc.timeout.min = 5s (custom)
2019-07-14 04:36:06,231 INFO  server.RaftServerConfigKeys (ConfUtils.java:logGet(43)) - raft.server.storage.dir = [/tmp/workdir/hadoop-ozone/integration-test/target/test-dir/MiniOzoneClusterImpl-564b5727-9c6b-4f7d-b4ab-636c8fdedaa5/datanode-2/data/ratis] (custom)
2019-07-14 04:36:06,231 INFO  impl.RaftServerImpl (RaftServerImpl.java:<init>(93)) - 6ce6429d-ca4c-4475-bf53-ede7f8353202: new RaftServerImpl for group-2F0E73CB07B2:[6ce6429d-ca4c-4475-bf53-ede7f8353202:192.168.5.157:41788, 2c347813-d089-4e05-8364-43c4bb29326e:192.168.5.157:35029, 3a30d705-106a-482e-b6c0-0b4fa2317942:192.168.5.157:33319] with ContainerStateMachine:uninitialized
2019-07-14 04:36:06,231 INFO  server.RaftServerConfigKeys (ConfUtils.java:logGet(43)) - raft.server.rpc.timeout.max = 5200ms (custom)
2019-07-14 04:36:06,232 INFO  storage.RaftStorageDirectory (RaftStorageDirectory.java:analyzeStorage(246)) - The storage directory /tmp/workdir/hadoop-ozone/integration-test/target/test-dir/MiniOzoneClusterImpl-564b5727-9c6b-4f7d-b4ab-636c8fdedaa5/datanode-2/data/ratis/57581aaf-9038-4e24-9ff6-2f0e73cb07b2 does not exist. Creating ...
2019-07-14 04:36:06,232 INFO  server.RaftServerConfigKeys (ConfUtils.java:logGet(43)) - raft.server.rpc.timeout.min = 5s (custom)
2019-07-14 04:36:06,232 INFO  server.RaftServerConfigKeys (ConfUtils.java:logGet(43)) - raft.server.rpcslowness.timeout = 120s (custom)
2019-07-14 04:36:06,232 INFO  server.RaftServerConfigKeys (ConfUtils.java:logGet(43)) - raft.server.rpc.timeout.max = 5200ms (custom)
2019-07-14 04:36:06,232 INFO  server.RaftServerConfigKeys (ConfUtils.java:logGet(43)) - raft.server.sleep.deviation.threshold = 300 (default)
2019-07-14 04:36:06,233 INFO  server.RaftServerConfigKeys (ConfUtils.java:logGet(43)) - raft.server.rpcslowness.timeout = 120s (custom)
2019-07-14 04:36:06,233 INFO  server.RaftServerConfigKeys (ConfUtils.java:logGet(43)) - raft.server.log.appender.install.snapshot.enabled = false (custom)
2019-07-14 04:36:06,233 INFO  server.RaftServerConfigKeys (ConfUtils.java:logGet(43)) - raft.server.sleep.deviation.threshold = 300 (default)
2019-07-14 04:36:06,233 INFO  impl.RaftServerImpl (ServerState.java:<init>(105)) - 3a30d705-106a-482e-b6c0-0b4fa2317942:group-2F0E73CB07B2 ConfigurationManager, init=-1: [6ce6429d-ca4c-4475-bf53-ede7f8353202:192.168.5.157:41788, 2c347813-d089-4e05-8364-43c4bb29326e:192.168.5.157:35029, 3a30d705-106a-482e-b6c0-0b4fa2317942:192.168.5.157:33319], old=null, confs=<EMPTY_MAP>
2019-07-14 04:36:06,233 INFO  server.RaftServerConfigKeys (ConfUtils.java:logGet(43)) - raft.server.log.appender.install.snapshot.enabled = false (custom)
2019-07-14 04:36:06,233 INFO  server.RaftServerConfigKeys (ConfUtils.java:logGet(43)) - raft.server.storage.dir = [/tmp/workdir/hadoop-ozone/integration-test/target/test-dir/MiniOzoneClusterImpl-564b5727-9c6b-4f7d-b4ab-636c8fdedaa5/datanode-1/data/ratis] (custom)
2019-07-14 04:36:06,234 INFO  impl.RaftServerImpl (ServerState.java:<init>(105)) - 6ce6429d-ca4c-4475-bf53-ede7f8353202:group-2F0E73CB07B2 ConfigurationManager, init=-1: [6ce6429d-ca4c-4475-bf53-ede7f8353202:192.168.5.157:41788, 2c347813-d089-4e05-8364-43c4bb29326e:192.168.5.157:35029, 3a30d705-106a-482e-b6c0-0b4fa2317942:192.168.5.157:33319], old=null, confs=<EMPTY_MAP>
2019-07-14 04:36:06,234 INFO  server.RaftServerConfigKeys (ConfUtils.java:logGet(43)) - raft.server.storage.dir = [/tmp/workdir/hadoop-ozone/integration-test/target/test-dir/MiniOzoneClusterImpl-564b5727-9c6b-4f7d-b4ab-636c8fdedaa5/datanode-0/data/ratis] (custom)
2019-07-14 04:36:06,234 INFO  storage.RaftStorageDirectory (RaftStorageDirectory.java:analyzeStorage(246)) - The storage directory /tmp/workdir/hadoop-ozone/integration-test/target/test-dir/MiniOzoneClusterImpl-564b5727-9c6b-4f7d-b4ab-636c8fdedaa5/datanode-1/data/ratis/57581aaf-9038-4e24-9ff6-2f0e73cb07b2 does not exist. Creating ...
2019-07-14 04:36:06,234 INFO  storage.RaftStorageDirectory (RaftStorageDirectory.java:analyzeStorage(246)) - The storage directory /tmp/workdir/hadoop-ozone/integration-test/target/test-dir/MiniOzoneClusterImpl-564b5727-9c6b-4f7d-b4ab-636c8fdedaa5/datanode-0/data/ratis/57581aaf-9038-4e24-9ff6-2f0e73cb07b2 does not exist. Creating ...
2019-07-14 04:36:06,235 INFO  storage.RaftStorageDirectory (RaftStorageDirectory.java:tryLock(328)) - Lock on /tmp/workdir/hadoop-ozone/integration-test/target/test-dir/MiniOzoneClusterImpl-564b5727-9c6b-4f7d-b4ab-636c8fdedaa5/datanode-2/data/ratis/57581aaf-9038-4e24-9ff6-2f0e73cb07b2/in_use.lock acquired by nodename 17477@trunk-nightly-6h29n-2077950039
2019-07-14 04:36:06,238 INFO  storage.RaftStorageDirectory (RaftStorageDirectory.java:tryLock(328)) - Lock on /tmp/workdir/hadoop-ozone/integration-test/target/test-dir/MiniOzoneClusterImpl-564b5727-9c6b-4f7d-b4ab-636c8fdedaa5/datanode-1/data/ratis/57581aaf-9038-4e24-9ff6-2f0e73cb07b2/in_use.lock acquired by nodename 17477@trunk-nightly-6h29n-2077950039
2019-07-14 04:36:06,238 INFO  storage.RaftStorageDirectory (RaftStorageDirectory.java:tryLock(328)) - Lock on /tmp/workdir/hadoop-ozone/integration-test/target/test-dir/MiniOzoneClusterImpl-564b5727-9c6b-4f7d-b4ab-636c8fdedaa5/datanode-0/data/ratis/57581aaf-9038-4e24-9ff6-2f0e73cb07b2/in_use.lock acquired by nodename 17477@trunk-nightly-6h29n-2077950039
2019-07-14 04:36:06,239 INFO  storage.RaftStorage (RaftStorage.java:format(72)) - Storage directory /tmp/workdir/hadoop-ozone/integration-test/target/test-dir/MiniOzoneClusterImpl-564b5727-9c6b-4f7d-b4ab-636c8fdedaa5/datanode-2/data/ratis/57581aaf-9038-4e24-9ff6-2f0e73cb07b2 has been successfully formatted.
2019-07-14 04:36:06,240 INFO  ratis.ContainerStateMachine (ContainerStateMachine.java:loadSnapshot(200)) - The snapshot info is null.Setting the last applied index to:(t:0, i:~)
2019-07-14 04:36:06,240 INFO  server.RaftServerConfigKeys (ConfUtils.java:logGet(43)) - raft.server.leader.election.timeout = 120s (custom)
2019-07-14 04:36:06,240 INFO  server.RaftServerConfigKeys (ConfUtils.java:logGet(43)) - raft.server.log.use.memory = false (default)
2019-07-14 04:36:06,240 INFO  server.RaftServerConfigKeys (ConfUtils.java:logGet(43)) - raft.server.log.purge.gap = 1000000000 (custom)
2019-07-14 04:36:06,240 INFO  server.RaftServerConfigKeys (ConfUtils.java:logGet(43)) - raft.server.log.appender.buffer.byte-limit = 33554432 (custom)
2019-07-14 04:36:06,240 INFO  server.RaftServerConfigKeys (ConfUtils.java:logGet(43)) - raft.server.log.segment.size.max = 1048576 (custom)
2019-07-14 04:36:06,241 INFO  server.RaftServerConfigKeys (ConfUtils.java:logGet(43)) - raft.server.log.segment.cache.num.max = 2 (custom)
2019-07-14 04:36:06,241 INFO  segmented.SegmentedRaftLogWorker (SegmentedRaftLogWorker.java:<init>(172)) - new 2c347813-d089-4e05-8364-43c4bb29326e-SegmentedRaftLogWorker:Storage Directory /tmp/workdir/hadoop-ozone/integration-test/target/test-dir/MiniOzoneClusterImpl-564b5727-9c6b-4f7d-b4ab-636c8fdedaa5/datanode-2/data/ratis/57581aaf-9038-4e24-9ff6-2f0e73cb07b2 for RaftStorage:Storage Directory /tmp/workdir/hadoop-ozone/integration-test/target/test-dir/MiniOzoneClusterImpl-564b5727-9c6b-4f7d-b4ab-636c8fdedaa5/datanode-2/data/ratis/57581aaf-9038-4e24-9ff6-2f0e73cb07b2
2019-07-14 04:36:06,241 INFO  server.RaftServerConfigKeys (ConfUtils.java:logGet(43)) - raft.server.log.queue.byte-limit = 2147483647 (custom)
2019-07-14 04:36:06,241 INFO  server.RaftServerConfigKeys (ConfUtils.java:logGet(43)) - raft.server.log.queue.element-limit = 1024 (custom)
2019-07-14 04:36:06,241 INFO  server.RaftServerConfigKeys (ConfUtils.java:logGet(43)) - raft.server.log.segment.size.max = 1048576 (custom)
2019-07-14 04:36:06,241 INFO  server.RaftServerConfigKeys (ConfUtils.java:logGet(43)) - raft.server.log.preallocated.size = 16384 (custom)
2019-07-14 04:36:06,242 INFO  server.RaftServerConfigKeys (ConfUtils.java:logGet(43)) - raft.server.log.write.buffer.size = 33554432 (custom)
2019-07-14 04:36:06,242 INFO  server.RaftServerConfigKeys (ConfUtils.java:logGet(43)) - raft.server.log.force.sync.num = 128 (default)
2019-07-14 04:36:06,242 INFO  server.RaftServerConfigKeys (ConfUtils.java:logGet(43)) - raft.server.log.statemachine.data.sync = true (default)
2019-07-14 04:36:06,242 INFO  server.RaftServerConfigKeys (ConfUtils.java:logGet(43)) - raft.server.log.statemachine.data.sync.timeout = 10s (default)
2019-07-14 04:36:06,242 INFO  server.RaftServerConfigKeys (ConfUtils.java:logGet(43)) - raft.server.log.statemachine.data.sync.timeout.retry = -1 (default)
2019-07-14 04:36:06,242 INFO  storage.RaftStorage (RaftStorage.java:format(72)) - Storage directory /tmp/workdir/hadoop-ozone/integration-test/target/test-dir/MiniOzoneClusterImpl-564b5727-9c6b-4f7d-b4ab-636c8fdedaa5/datanode-1/data/ratis/57581aaf-9038-4e24-9ff6-2f0e73cb07b2 has been successfully formatted.
2019-07-14 04:36:06,242 INFO  storage.RaftStorage (RaftStorage.java:format(72)) - Storage directory /tmp/workdir/hadoop-ozone/integration-test/target/test-dir/MiniOzoneClusterImpl-564b5727-9c6b-4f7d-b4ab-636c8fdedaa5/datanode-0/data/ratis/57581aaf-9038-4e24-9ff6-2f0e73cb07b2 has been successfully formatted.
2019-07-14 04:36:06,243 INFO  ratis.ContainerStateMachine (ContainerStateMachine.java:loadSnapshot(200)) - The snapshot info is null.Setting the last applied index to:(t:0, i:~)
2019-07-14 04:36:06,243 INFO  server.RaftServerConfigKeys (ConfUtils.java:logGet(43)) - raft.server.log.statemachine.data.caching.enabled = true (custom)
2019-07-14 04:36:06,243 INFO  server.RaftServerConfigKeys (ConfUtils.java:logGet(43)) - raft.server.leader.election.timeout = 120s (custom)
2019-07-14 04:36:06,243 INFO  ratis.ContainerStateMachine (ContainerStateMachine.java:loadSnapshot(200)) - The snapshot info is null.Setting the last applied index to:(t:0, i:~)
2019-07-14 04:36:06,243 INFO  segmented.SegmentedRaftLogWorker (SegmentedRaftLogWorker.java:lambda$new$0(132)) - 2c347813-d089-4e05-8364-43c4bb29326e-SegmentedRaftLogWorker:Storage Directory /tmp/workdir/hadoop-ozone/integration-test/target/test-dir/MiniOzoneClusterImpl-564b5727-9c6b-4f7d-b4ab-636c8fdedaa5/datanode-2/data/ratis/57581aaf-9038-4e24-9ff6-2f0e73cb07b2: flushIndex: setUnconditionally 0 -> -1
2019-07-14 04:36:06,243 INFO  server.RaftServerConfigKeys (ConfUtils.java:logGet(43)) - raft.server.log.use.memory = false (default)
2019-07-14 04:36:06,243 INFO  server.RaftServerConfigKeys (ConfUtils.java:logGet(43)) - raft.server.leader.election.timeout = 120s (custom)
2019-07-14 04:36:06,244 INFO  server.RaftServerConfigKeys (ConfUtils.java:logGet(43)) - raft.server.snapshot.auto.trigger.enabled = true (custom)
2019-07-14 04:36:06,244 INFO  server.RaftServerConfigKeys (ConfUtils.java:logGet(43)) - raft.server.log.purge.gap = 1000000000 (custom)
2019-07-14 04:36:06,244 INFO  server.RaftServerConfigKeys (ConfUtils.java:logGet(43)) - raft.server.snapshot.auto.trigger.threshold = 10000 (custom)
2019-07-14 04:36:06,244 INFO  server.RaftServerConfigKeys (ConfUtils.java:logGet(43)) - raft.server.log.use.memory = false (default)
2019-07-14 04:36:06,244 INFO  server.RaftServerConfigKeys (ConfUtils.java:logGet(43)) - raft.server.retrycache.expirytime = 600000ms (custom)
2019-07-14 04:36:06,244 INFO  server.RaftServerConfigKeys (ConfUtils.java:logGet(43)) - raft.server.log.appender.buffer.byte-limit = 33554432 (custom)
2019-07-14 04:36:06,245 INFO  impl.RaftServerImpl (RaftServerImpl.java:start(180)) - 2c347813-d089-4e05-8364-43c4bb29326e: start group-2F0E73CB07B2
2019-07-14 04:36:06,245 INFO  impl.RaftServerImpl (RaftServerImpl.java:setRole(171)) - 2c347813-d089-4e05-8364-43c4bb29326e:group-2F0E73CB07B2 changes role from null to FOLLOWER at term 0 for startAsFollower
2019-07-14 04:36:06,245 INFO  server.RaftServerConfigKeys (ConfUtils.java:logGet(43)) - raft.server.log.purge.gap = 1000000000 (custom)
2019-07-14 04:36:06,245 INFO  impl.RoleInfo (RoleInfo.java:updateAndGet(143)) - 2c347813-d089-4e05-8364-43c4bb29326e: start FollowerState
2019-07-14 04:36:06,245 INFO  server.RaftServerConfigKeys (ConfUtils.java:logGet(43)) - raft.server.log.segment.size.max = 1048576 (custom)
2019-07-14 04:36:06,245 INFO  server.RaftServerConfigKeys (ConfUtils.java:logGet(43)) - raft.server.log.appender.buffer.byte-limit = 33554432 (custom)
2019-07-14 04:36:06,246 INFO  server.RaftServerConfigKeys (ConfUtils.java:logGet(43)) - raft.server.log.segment.cache.num.max = 2 (custom)
2019-07-14 04:36:06,246 INFO  util.JmxRegister (JmxRegister.java:tryRegister(44)) - Successfully registered JMX Bean with object name Ratis:service=RaftServer,group=group-2F0E73CB07B2,id=2c347813-d089-4e05-8364-43c4bb29326e
2019-07-14 04:36:06,246 INFO  server.RaftServerConfigKeys (ConfUtils.java:logGet(43)) - raft.server.log.segment.size.max = 1048576 (custom)
2019-07-14 04:36:06,246 INFO  segmented.SegmentedRaftLogWorker (SegmentedRaftLogWorker.java:<init>(172)) - new 3a30d705-106a-482e-b6c0-0b4fa2317942-SegmentedRaftLogWorker:Storage Directory /tmp/workdir/hadoop-ozone/integration-test/target/test-dir/MiniOzoneClusterImpl-564b5727-9c6b-4f7d-b4ab-636c8fdedaa5/datanode-1/data/ratis/57581aaf-9038-4e24-9ff6-2f0e73cb07b2 for RaftStorage:Storage Directory /tmp/workdir/hadoop-ozone/integration-test/target/test-dir/MiniOzoneClusterImpl-564b5727-9c6b-4f7d-b4ab-636c8fdedaa5/datanode-1/data/ratis/57581aaf-9038-4e24-9ff6-2f0e73cb07b2
2019-07-14 04:36:06,246 INFO  server.RaftServerConfigKeys (ConfUtils.java:logGet(43)) - raft.server.log.segment.cache.num.max = 2 (custom)
2019-07-14 04:36:06,246 INFO  server.RaftServerConfigKeys (ConfUtils.java:logGet(43)) - raft.server.log.queue.byte-limit = 2147483647 (custom)
2019-07-14 04:36:06,246 INFO  segmented.SegmentedRaftLogWorker (SegmentedRaftLogWorker.java:<init>(172)) - new 6ce6429d-ca4c-4475-bf53-ede7f8353202-SegmentedRaftLogWorker:Storage Directory /tmp/workdir/hadoop-ozone/integration-test/target/test-dir/MiniOzoneClusterImpl-564b5727-9c6b-4f7d-b4ab-636c8fdedaa5/datanode-0/data/ratis/57581aaf-9038-4e24-9ff6-2f0e73cb07b2 for RaftStorage:Storage Directory /tmp/workdir/hadoop-ozone/integration-test/target/test-dir/MiniOzoneClusterImpl-564b5727-9c6b-4f7d-b4ab-636c8fdedaa5/datanode-0/data/ratis/57581aaf-9038-4e24-9ff6-2f0e73cb07b2
2019-07-14 04:36:06,247 INFO  server.RaftServerConfigKeys (ConfUtils.java:logGet(43)) - raft.server.log.queue.element-limit = 1024 (custom)
2019-07-14 04:36:06,247 INFO  server.RaftServerConfigKeys (ConfUtils.java:logGet(43)) - raft.server.log.queue.byte-limit = 2147483647 (custom)
2019-07-14 04:36:06,247 INFO  server.RaftServerConfigKeys (ConfUtils.java:logGet(43)) - raft.server.log.segment.size.max = 1048576 (custom)
2019-07-14 04:36:06,247 INFO  server.RaftServerConfigKeys (ConfUtils.java:logGet(43)) - raft.server.log.queue.element-limit = 1024 (custom)
2019-07-14 04:36:06,247 INFO  server.RaftServerConfigKeys (ConfUtils.java:logGet(43)) - raft.server.log.preallocated.size = 16384 (custom)
2019-07-14 04:36:06,248 INFO  server.RaftServerConfigKeys (ConfUtils.java:logGet(43)) - raft.server.log.segment.size.max = 1048576 (custom)
2019-07-14 04:36:06,248 INFO  server.RaftServerConfigKeys (ConfUtils.java:logGet(43)) - raft.server.log.write.buffer.size = 33554432 (custom)
2019-07-14 04:36:06,248 INFO  server.RaftServerConfigKeys (ConfUtils.java:logGet(43)) - raft.server.log.preallocated.size = 16384 (custom)
2019-07-14 04:36:06,248 INFO  server.RaftServerConfigKeys (ConfUtils.java:logGet(43)) - raft.server.log.force.sync.num = 128 (default)
2019-07-14 04:36:06,248 INFO  server.RaftServerConfigKeys (ConfUtils.java:logGet(43)) - raft.server.log.write.buffer.size = 33554432 (custom)
2019-07-14 04:36:06,249 INFO  server.RaftServerConfigKeys (ConfUtils.java:logGet(43)) - raft.server.log.statemachine.data.sync = true (default)
2019-07-14 04:36:06,249 INFO  server.RaftServerConfigKeys (ConfUtils.java:logGet(43)) - raft.server.log.force.sync.num = 128 (default)
2019-07-14 04:36:06,249 INFO  server.RaftServerConfigKeys (ConfUtils.java:logGet(43)) - raft.server.log.statemachine.data.sync.timeout = 10s (default)
2019-07-14 04:36:06,249 INFO  server.RaftServerConfigKeys (ConfUtils.java:logGet(43)) - raft.server.log.statemachine.data.sync = true (default)
2019-07-14 04:36:06,249 INFO  server.RaftServerConfigKeys (ConfUtils.java:logGet(43)) - raft.server.log.statemachine.data.sync.timeout.retry = -1 (default)
2019-07-14 04:36:06,250 INFO  server.RaftServerConfigKeys (ConfUtils.java:logGet(43)) - raft.server.log.statemachine.data.sync.timeout = 10s (default)
2019-07-14 04:36:06,250 INFO  server.RaftServerConfigKeys (ConfUtils.java:logGet(43)) - raft.server.log.statemachine.data.caching.enabled = true (custom)
2019-07-14 04:36:06,250 INFO  server.RaftServerConfigKeys (ConfUtils.java:logGet(43)) - raft.server.log.statemachine.data.sync.timeout.retry = -1 (default)
2019-07-14 04:36:06,250 INFO  segmented.SegmentedRaftLogWorker (SegmentedRaftLogWorker.java:lambda$new$0(132)) - 3a30d705-106a-482e-b6c0-0b4fa2317942-SegmentedRaftLogWorker:Storage Directory /tmp/workdir/hadoop-ozone/integration-test/target/test-dir/MiniOzoneClusterImpl-564b5727-9c6b-4f7d-b4ab-636c8fdedaa5/datanode-1/data/ratis/57581aaf-9038-4e24-9ff6-2f0e73cb07b2: flushIndex: setUnconditionally 0 -> -1
2019-07-14 04:36:06,250 INFO  server.RaftServerConfigKeys (ConfUtils.java:logGet(43)) - raft.server.log.statemachine.data.caching.enabled = true (custom)
2019-07-14 04:36:06,251 INFO  server.RaftServerConfigKeys (ConfUtils.java:logGet(43)) - raft.server.snapshot.auto.trigger.enabled = true (custom)
2019-07-14 04:36:06,251 INFO  segmented.SegmentedRaftLogWorker (SegmentedRaftLogWorker.java:lambda$new$0(132)) - 6ce6429d-ca4c-4475-bf53-ede7f8353202-SegmentedRaftLogWorker:Storage Directory /tmp/workdir/hadoop-ozone/integration-test/target/test-dir/MiniOzoneClusterImpl-564b5727-9c6b-4f7d-b4ab-636c8fdedaa5/datanode-0/data/ratis/57581aaf-9038-4e24-9ff6-2f0e73cb07b2: flushIndex: setUnconditionally 0 -> -1
2019-07-14 04:36:06,251 INFO  server.RaftServerConfigKeys (ConfUtils.java:logGet(43)) - raft.server.snapshot.auto.trigger.threshold = 10000 (custom)
2019-07-14 04:36:06,251 INFO  server.RaftServerConfigKeys (ConfUtils.java:logGet(43)) - raft.server.snapshot.auto.trigger.enabled = true (custom)
2019-07-14 04:36:06,251 INFO  server.RaftServerConfigKeys (ConfUtils.java:logGet(43)) - raft.server.retrycache.expirytime = 600000ms (custom)
2019-07-14 04:36:06,251 INFO  server.RaftServerConfigKeys (ConfUtils.java:logGet(43)) - raft.server.snapshot.auto.trigger.threshold = 10000 (custom)
2019-07-14 04:36:06,252 INFO  impl.RaftServerImpl (RaftServerImpl.java:start(180)) - 3a30d705-106a-482e-b6c0-0b4fa2317942: start group-2F0E73CB07B2
2019-07-14 04:36:06,252 INFO  server.RaftServerConfigKeys (ConfUtils.java:logGet(43)) - raft.server.retrycache.expirytime = 600000ms (custom)
2019-07-14 04:36:06,252 INFO  impl.RaftServerImpl (RaftServerImpl.java:setRole(171)) - 3a30d705-106a-482e-b6c0-0b4fa2317942:group-2F0E73CB07B2 changes role from null to FOLLOWER at term 0 for startAsFollower
2019-07-14 04:36:06,252 INFO  impl.RaftServerImpl (RaftServerImpl.java:start(180)) - 6ce6429d-ca4c-4475-bf53-ede7f8353202: start group-2F0E73CB07B2
2019-07-14 04:36:06,252 INFO  impl.RoleInfo (RoleInfo.java:updateAndGet(143)) - 3a30d705-106a-482e-b6c0-0b4fa2317942: start FollowerState
2019-07-14 04:36:06,252 INFO  impl.RaftServerImpl (RaftServerImpl.java:setRole(171)) - 6ce6429d-ca4c-4475-bf53-ede7f8353202:group-2F0E73CB07B2 changes role from null to FOLLOWER at term 0 for startAsFollower
2019-07-14 04:36:06,252 INFO  impl.RoleInfo (RoleInfo.java:updateAndGet(143)) - 6ce6429d-ca4c-4475-bf53-ede7f8353202: start FollowerState
2019-07-14 04:36:06,253 INFO  util.JmxRegister (JmxRegister.java:tryRegister(44)) - Successfully registered JMX Bean with object name Ratis:service=RaftServer,group=group-2F0E73CB07B2,id=3a30d705-106a-482e-b6c0-0b4fa2317942
2019-07-14 04:36:06,253 INFO  util.JmxRegister (JmxRegister.java:tryRegister(44)) - Successfully registered JMX Bean with object name Ratis:service=RaftServer,group=group-2F0E73CB07B2,id=6ce6429d-ca4c-4475-bf53-ede7f8353202
2019-07-14 04:36:06,256 INFO  pipeline.PipelineStateManager (PipelineStateManager.java:addPipeline(56)) - Created pipeline Pipeline[ Id: 57581aaf-9038-4e24-9ff6-2f0e73cb07b2, Nodes: 6ce6429d-ca4c-4475-bf53-ede7f8353202{ip: 192.168.5.157, host: trunk-nightly-6h29n-2077950039, networkLocation: /default-rack, certSerialId: null}2c347813-d089-4e05-8364-43c4bb29326e{ip: 192.168.5.157, host: trunk-nightly-6h29n-2077950039, networkLocation: /default-rack, certSerialId: null}3a30d705-106a-482e-b6c0-0b4fa2317942{ip: 192.168.5.157, host: trunk-nightly-6h29n-2077950039, networkLocation: /default-rack, certSerialId: null}, Type:RATIS, Factor:THREE, State:OPEN]
2019-07-14 04:36:06,394 INFO  node.SCMNodeManager (SCMNodeManager.java:register(269)) - Registered Data node : 468a5dcf-365b-4bdb-8cfb-899d8e9c2a0e{ip: 192.168.5.157, host: trunk-nightly-6h29n-2077950039, networkLocation: /default-rack, certSerialId: null}
2019-07-14 04:36:06,411 INFO  impl.RaftServerProxy (RaftServerProxy.java:addNew(89)) - 468a5dcf-365b-4bdb-8cfb-899d8e9c2a0e: addNew group-AA77CE7879E7:[468a5dcf-365b-4bdb-8cfb-899d8e9c2a0e:192.168.5.157:44695] returns group-AA77CE7879E7:java.util.concurrent.CompletableFuture@511ceb80[Not completed]
2019-07-14 04:36:06,412 INFO  impl.RaftServerImpl (RaftServerImpl.java:<init>(93)) - 468a5dcf-365b-4bdb-8cfb-899d8e9c2a0e: new RaftServerImpl for group-AA77CE7879E7:[468a5dcf-365b-4bdb-8cfb-899d8e9c2a0e:192.168.5.157:44695] with ContainerStateMachine:uninitialized
2019-07-14 04:36:06,412 INFO  server.RaftServerConfigKeys (ConfUtils.java:logGet(43)) - raft.server.rpc.timeout.min = 5s (custom)
2019-07-14 04:36:06,412 INFO  server.RaftServerConfigKeys (ConfUtils.java:logGet(43)) - raft.server.rpc.timeout.max = 5200ms (custom)
2019-07-14 04:36:06,413 INFO  server.RaftServerConfigKeys (ConfUtils.java:logGet(43)) - raft.server.rpcslowness.timeout = 120s (custom)
2019-07-14 04:36:06,413 INFO  server.RaftServerConfigKeys (ConfUtils.java:logGet(43)) - raft.server.sleep.deviation.threshold = 300 (default)
2019-07-14 04:36:06,413 INFO  server.RaftServerConfigKeys (ConfUtils.java:logGet(43)) - raft.server.log.appender.install.snapshot.enabled = false (custom)
2019-07-14 04:36:06,413 INFO  impl.RaftServerImpl (ServerState.java:<init>(105)) - 468a5dcf-365b-4bdb-8cfb-899d8e9c2a0e:group-AA77CE7879E7 ConfigurationManager, init=-1: [468a5dcf-365b-4bdb-8cfb-899d8e9c2a0e:192.168.5.157:44695], old=null, confs=<EMPTY_MAP>
2019-07-14 04:36:06,413 INFO  server.RaftServerConfigKeys (ConfUtils.java:logGet(43)) - raft.server.storage.dir = [/tmp/workdir/hadoop-ozone/integration-test/target/test-dir/MiniOzoneClusterImpl-564b5727-9c6b-4f7d-b4ab-636c8fdedaa5/datanode-3/data/ratis] (custom)
2019-07-14 04:36:06,414 INFO  storage.RaftStorageDirectory (RaftStorageDirectory.java:analyzeStorage(246)) - The storage directory /tmp/workdir/hadoop-ozone/integration-test/target/test-dir/MiniOzoneClusterImpl-564b5727-9c6b-4f7d-b4ab-636c8fdedaa5/datanode-3/data/ratis/f3f37839-1423-401e-98b8-aa77ce7879e7 does not exist. Creating ...
2019-07-14 04:36:06,420 INFO  storage.RaftStorageDirectory (RaftStorageDirectory.java:tryLock(328)) - Lock on /tmp/workdir/hadoop-ozone/integration-test/target/test-dir/MiniOzoneClusterImpl-564b5727-9c6b-4f7d-b4ab-636c8fdedaa5/datanode-3/data/ratis/f3f37839-1423-401e-98b8-aa77ce7879e7/in_use.lock acquired by nodename 17477@trunk-nightly-6h29n-2077950039
2019-07-14 04:36:06,423 INFO  storage.RaftStorage (RaftStorage.java:format(72)) - Storage directory /tmp/workdir/hadoop-ozone/integration-test/target/test-dir/MiniOzoneClusterImpl-564b5727-9c6b-4f7d-b4ab-636c8fdedaa5/datanode-3/data/ratis/f3f37839-1423-401e-98b8-aa77ce7879e7 has been successfully formatted.
2019-07-14 04:36:06,423 INFO  ratis.ContainerStateMachine (ContainerStateMachine.java:loadSnapshot(200)) - The snapshot info is null.Setting the last applied index to:(t:0, i:~)
2019-07-14 04:36:06,423 INFO  server.RaftServerConfigKeys (ConfUtils.java:logGet(43)) - raft.server.leader.election.timeout = 120s (custom)
2019-07-14 04:36:06,423 INFO  server.RaftServerConfigKeys (ConfUtils.java:logGet(43)) - raft.server.log.use.memory = false (default)
2019-07-14 04:36:06,424 INFO  server.RaftServerConfigKeys (ConfUtils.java:logGet(43)) - raft.server.log.purge.gap = 1000000000 (custom)
2019-07-14 04:36:06,424 INFO  server.RaftServerConfigKeys (ConfUtils.java:logGet(43)) - raft.server.log.appender.buffer.byte-limit = 33554432 (custom)
2019-07-14 04:36:06,424 INFO  server.RaftServerConfigKeys (ConfUtils.java:logGet(43)) - raft.server.log.segment.size.max = 1048576 (custom)
2019-07-14 04:36:06,424 INFO  server.RaftServerConfigKeys (ConfUtils.java:logGet(43)) - raft.server.log.segment.cache.num.max = 2 (custom)
2019-07-14 04:36:06,424 INFO  segmented.SegmentedRaftLogWorker (SegmentedRaftLogWorker.java:<init>(172)) - new 468a5dcf-365b-4bdb-8cfb-899d8e9c2a0e-SegmentedRaftLogWorker:Storage Directory /tmp/workdir/hadoop-ozone/integration-test/target/test-dir/MiniOzoneClusterImpl-564b5727-9c6b-4f7d-b4ab-636c8fdedaa5/datanode-3/data/ratis/f3f37839-1423-401e-98b8-aa77ce7879e7 for RaftStorage:Storage Directory /tmp/workdir/hadoop-ozone/integration-test/target/test-dir/MiniOzoneClusterImpl-564b5727-9c6b-4f7d-b4ab-636c8fdedaa5/datanode-3/data/ratis/f3f37839-1423-401e-98b8-aa77ce7879e7
2019-07-14 04:36:06,425 INFO  server.RaftServerConfigKeys (ConfUtils.java:logGet(43)) - raft.server.log.queue.byte-limit = 2147483647 (custom)
2019-07-14 04:36:06,425 INFO  server.RaftServerConfigKeys (ConfUtils.java:logGet(43)) - raft.server.log.queue.element-limit = 1024 (custom)
2019-07-14 04:36:06,425 INFO  server.RaftServerConfigKeys (ConfUtils.java:logGet(43)) - raft.server.log.segment.size.max = 1048576 (custom)
2019-07-14 04:36:06,425 INFO  server.RaftServerConfigKeys (ConfUtils.java:logGet(43)) - raft.server.log.preallocated.size = 16384 (custom)
2019-07-14 04:36:06,426 INFO  server.RaftServerConfigKeys (ConfUtils.java:logGet(43)) - raft.server.log.write.buffer.size = 33554432 (custom)
2019-07-14 04:36:06,426 INFO  server.RaftServerConfigKeys (ConfUtils.java:logGet(43)) - raft.server.log.force.sync.num = 128 (default)
2019-07-14 04:36:06,426 INFO  server.RaftServerConfigKeys (ConfUtils.java:logGet(43)) - raft.server.log.statemachine.data.sync = true (default)
2019-07-14 04:36:06,426 INFO  server.RaftServerConfigKeys (ConfUtils.java:logGet(43)) - raft.server.log.statemachine.data.sync.timeout = 10s (default)
2019-07-14 04:36:06,426 INFO  server.RaftServerConfigKeys (ConfUtils.java:logGet(43)) - raft.server.log.statemachine.data.sync.timeout.retry = -1 (default)
2019-07-14 04:36:06,427 INFO  server.RaftServerConfigKeys (ConfUtils.java:logGet(43)) - raft.server.log.statemachine.data.caching.enabled = true (custom)
2019-07-14 04:36:06,427 INFO  segmented.SegmentedRaftLogWorker (SegmentedRaftLogWorker.java:lambda$new$0(132)) - 468a5dcf-365b-4bdb-8cfb-899d8e9c2a0e-SegmentedRaftLogWorker:Storage Directory /tmp/workdir/hadoop-ozone/integration-test/target/test-dir/MiniOzoneClusterImpl-564b5727-9c6b-4f7d-b4ab-636c8fdedaa5/datanode-3/data/ratis/f3f37839-1423-401e-98b8-aa77ce7879e7: flushIndex: setUnconditionally 0 -> -1
2019-07-14 04:36:06,428 INFO  server.RaftServerConfigKeys (ConfUtils.java:logGet(43)) - raft.server.snapshot.auto.trigger.enabled = true (custom)
2019-07-14 04:36:06,428 INFO  server.RaftServerConfigKeys (ConfUtils.java:logGet(43)) - raft.server.snapshot.auto.trigger.threshold = 10000 (custom)
2019-07-14 04:36:06,428 INFO  server.RaftServerConfigKeys (ConfUtils.java:logGet(43)) - raft.server.retrycache.expirytime = 600000ms (custom)
2019-07-14 04:36:06,428 INFO  impl.RaftServerImpl (RaftServerImpl.java:start(180)) - 468a5dcf-365b-4bdb-8cfb-899d8e9c2a0e: start group-AA77CE7879E7
2019-07-14 04:36:06,428 INFO  impl.RaftServerImpl (RaftServerImpl.java:setRole(171)) - 468a5dcf-365b-4bdb-8cfb-899d8e9c2a0e:group-AA77CE7879E7 changes role from null to FOLLOWER at term 0 for startAsFollower
2019-07-14 04:36:06,429 INFO  impl.RoleInfo (RoleInfo.java:updateAndGet(143)) - 468a5dcf-365b-4bdb-8cfb-899d8e9c2a0e: start FollowerState
2019-07-14 04:36:06,429 INFO  util.JmxRegister (JmxRegister.java:tryRegister(44)) - Successfully registered JMX Bean with object name Ratis:service=RaftServer,group=group-AA77CE7879E7,id=468a5dcf-365b-4bdb-8cfb-899d8e9c2a0e
2019-07-14 04:36:06,432 INFO  pipeline.PipelineStateManager (PipelineStateManager.java:addPipeline(56)) - Created pipeline Pipeline[ Id: f3f37839-1423-401e-98b8-aa77ce7879e7, Nodes: 468a5dcf-365b-4bdb-8cfb-899d8e9c2a0e{ip: 192.168.5.157, host: trunk-nightly-6h29n-2077950039, networkLocation: /default-rack, certSerialId: null}, Type:RATIS, Factor:ONE, State:OPEN]
2019-07-14 04:36:06,604 INFO  node.SCMNodeManager (SCMNodeManager.java:register(269)) - Registered Data node : 8351eea8-7bc2-4544-839c-cfe1294c2641{ip: 192.168.5.157, host: trunk-nightly-6h29n-2077950039, networkLocation: /default-rack, certSerialId: null}
2019-07-14 04:36:06,619 INFO  impl.RaftServerProxy (RaftServerProxy.java:addNew(89)) - 8351eea8-7bc2-4544-839c-cfe1294c2641: addNew group-7DBCD6DAB1EE:[8351eea8-7bc2-4544-839c-cfe1294c2641:192.168.5.157:37039] returns group-7DBCD6DAB1EE:java.util.concurrent.CompletableFuture@4b998f25[Not completed]
2019-07-14 04:36:06,621 INFO  impl.RaftServerImpl (RaftServerImpl.java:<init>(93)) - 8351eea8-7bc2-4544-839c-cfe1294c2641: new RaftServerImpl for group-7DBCD6DAB1EE:[8351eea8-7bc2-4544-839c-cfe1294c2641:192.168.5.157:37039] with ContainerStateMachine:uninitialized
2019-07-14 04:36:06,621 INFO  server.RaftServerConfigKeys (ConfUtils.java:logGet(43)) - raft.server.rpc.timeout.min = 5s (custom)
2019-07-14 04:36:06,621 INFO  server.RaftServerConfigKeys (ConfUtils.java:logGet(43)) - raft.server.rpc.timeout.max = 5200ms (custom)
2019-07-14 04:36:06,621 INFO  server.RaftServerConfigKeys (ConfUtils.java:logGet(43)) - raft.server.rpcslowness.timeout = 120s (custom)
2019-07-14 04:36:06,621 INFO  server.RaftServerConfigKeys (ConfUtils.java:logGet(43)) - raft.server.sleep.deviation.threshold = 300 (default)
2019-07-14 04:36:06,621 INFO  server.RaftServerConfigKeys (ConfUtils.java:logGet(43)) - raft.server.log.appender.install.snapshot.enabled = false (custom)
2019-07-14 04:36:06,622 INFO  impl.RaftServerImpl (ServerState.java:<init>(105)) - 8351eea8-7bc2-4544-839c-cfe1294c2641:group-7DBCD6DAB1EE ConfigurationManager, init=-1: [8351eea8-7bc2-4544-839c-cfe1294c2641:192.168.5.157:37039], old=null, confs=<EMPTY_MAP>
2019-07-14 04:36:06,622 INFO  server.RaftServerConfigKeys (ConfUtils.java:logGet(43)) - raft.server.storage.dir = [/tmp/workdir/hadoop-ozone/integration-test/target/test-dir/MiniOzoneClusterImpl-564b5727-9c6b-4f7d-b4ab-636c8fdedaa5/datanode-4/data/ratis] (custom)
2019-07-14 04:36:06,622 INFO  storage.RaftStorageDirectory (RaftStorageDirectory.java:analyzeStorage(246)) - The storage directory /tmp/workdir/hadoop-ozone/integration-test/target/test-dir/MiniOzoneClusterImpl-564b5727-9c6b-4f7d-b4ab-636c8fdedaa5/datanode-4/data/ratis/02d24789-02cc-452c-b189-7dbcd6dab1ee does not exist. Creating ...
2019-07-14 04:36:06,629 INFO  storage.RaftStorageDirectory (RaftStorageDirectory.java:tryLock(328)) - Lock on /tmp/workdir/hadoop-ozone/integration-test/target/test-dir/MiniOzoneClusterImpl-564b5727-9c6b-4f7d-b4ab-636c8fdedaa5/datanode-4/data/ratis/02d24789-02cc-452c-b189-7dbcd6dab1ee/in_use.lock acquired by nodename 17477@trunk-nightly-6h29n-2077950039
2019-07-14 04:36:06,632 INFO  storage.RaftStorage (RaftStorage.java:format(72)) - Storage directory /tmp/workdir/hadoop-ozone/integration-test/target/test-dir/MiniOzoneClusterImpl-564b5727-9c6b-4f7d-b4ab-636c8fdedaa5/datanode-4/data/ratis/02d24789-02cc-452c-b189-7dbcd6dab1ee has been successfully formatted.
2019-07-14 04:36:06,633 INFO  ratis.ContainerStateMachine (ContainerStateMachine.java:loadSnapshot(200)) - The snapshot info is null.Setting the last applied index to:(t:0, i:~)
2019-07-14 04:36:06,633 INFO  server.RaftServerConfigKeys (ConfUtils.java:logGet(43)) - raft.server.leader.election.timeout = 120s (custom)
2019-07-14 04:36:06,633 INFO  server.RaftServerConfigKeys (ConfUtils.java:logGet(43)) - raft.server.log.use.memory = false (default)
2019-07-14 04:36:06,633 INFO  server.RaftServerConfigKeys (ConfUtils.java:logGet(43)) - raft.server.log.purge.gap = 1000000000 (custom)
2019-07-14 04:36:06,633 INFO  server.RaftServerConfigKeys (ConfUtils.java:logGet(43)) - raft.server.log.appender.buffer.byte-limit = 33554432 (custom)
2019-07-14 04:36:06,634 INFO  server.RaftServerConfigKeys (ConfUtils.java:logGet(43)) - raft.server.log.segment.size.max = 1048576 (custom)
2019-07-14 04:36:06,634 INFO  server.RaftServerConfigKeys (ConfUtils.java:logGet(43)) - raft.server.log.segment.cache.num.max = 2 (custom)
2019-07-14 04:36:06,634 INFO  segmented.SegmentedRaftLogWorker (SegmentedRaftLogWorker.java:<init>(172)) - new 8351eea8-7bc2-4544-839c-cfe1294c2641-SegmentedRaftLogWorker:Storage Directory /tmp/workdir/hadoop-ozone/integration-test/target/test-dir/MiniOzoneClusterImpl-564b5727-9c6b-4f7d-b4ab-636c8fdedaa5/datanode-4/data/ratis/02d24789-02cc-452c-b189-7dbcd6dab1ee for RaftStorage:Storage Directory /tmp/workdir/hadoop-ozone/integration-test/target/test-dir/MiniOzoneClusterImpl-564b5727-9c6b-4f7d-b4ab-636c8fdedaa5/datanode-4/data/ratis/02d24789-02cc-452c-b189-7dbcd6dab1ee
2019-07-14 04:36:06,634 INFO  server.RaftServerConfigKeys (ConfUtils.java:logGet(43)) - raft.server.log.queue.byte-limit = 2147483647 (custom)
2019-07-14 04:36:06,634 INFO  server.RaftServerConfigKeys (ConfUtils.java:logGet(43)) - raft.server.log.queue.element-limit = 1024 (custom)
2019-07-14 04:36:06,635 INFO  server.RaftServerConfigKeys (ConfUtils.java:logGet(43)) - raft.server.log.segment.size.max = 1048576 (custom)
2019-07-14 04:36:06,635 INFO  server.RaftServerConfigKeys (ConfUtils.java:logGet(43)) - raft.server.log.preallocated.size = 16384 (custom)
2019-07-14 04:36:06,635 INFO  server.RaftServerConfigKeys (ConfUtils.java:logGet(43)) - raft.server.log.write.buffer.size = 33554432 (custom)
2019-07-14 04:36:06,635 INFO  server.RaftServerConfigKeys (ConfUtils.java:logGet(43)) - raft.server.log.force.sync.num = 128 (default)
2019-07-14 04:36:06,635 INFO  server.RaftServerConfigKeys (ConfUtils.java:logGet(43)) - raft.server.log.statemachine.data.sync = true (default)
2019-07-14 04:36:06,635 INFO  server.RaftServerConfigKeys (ConfUtils.java:logGet(43)) - raft.server.log.statemachine.data.sync.timeout = 10s (default)
2019-07-14 04:36:06,636 INFO  server.RaftServerConfigKeys (ConfUtils.java:logGet(43)) - raft.server.log.statemachine.data.sync.timeout.retry = -1 (default)
2019-07-14 04:36:06,636 INFO  server.RaftServerConfigKeys (ConfUtils.java:logGet(43)) - raft.server.log.statemachine.data.caching.enabled = true (custom)
2019-07-14 04:36:06,636 INFO  segmented.SegmentedRaftLogWorker (SegmentedRaftLogWorker.java:lambda$new$0(132)) - 8351eea8-7bc2-4544-839c-cfe1294c2641-SegmentedRaftLogWorker:Storage Directory /tmp/workdir/hadoop-ozone/integration-test/target/test-dir/MiniOzoneClusterImpl-564b5727-9c6b-4f7d-b4ab-636c8fdedaa5/datanode-4/data/ratis/02d24789-02cc-452c-b189-7dbcd6dab1ee: flushIndex: setUnconditionally 0 -> -1
2019-07-14 04:36:06,637 INFO  server.RaftServerConfigKeys (ConfUtils.java:logGet(43)) - raft.server.snapshot.auto.trigger.enabled = true (custom)
2019-07-14 04:36:06,637 INFO  server.RaftServerConfigKeys (ConfUtils.java:logGet(43)) - raft.server.snapshot.auto.trigger.threshold = 10000 (custom)
2019-07-14 04:36:06,637 INFO  server.RaftServerConfigKeys (ConfUtils.java:logGet(43)) - raft.server.retrycache.expirytime = 600000ms (custom)
2019-07-14 04:36:06,638 INFO  impl.RaftServerImpl (RaftServerImpl.java:start(180)) - 8351eea8-7bc2-4544-839c-cfe1294c2641: start group-7DBCD6DAB1EE
2019-07-14 04:36:06,638 INFO  impl.RaftServerImpl (RaftServerImpl.java:setRole(171)) - 8351eea8-7bc2-4544-839c-cfe1294c2641:group-7DBCD6DAB1EE changes role from null to FOLLOWER at term 0 for startAsFollower
2019-07-14 04:36:06,638 INFO  impl.RoleInfo (RoleInfo.java:updateAndGet(143)) - 8351eea8-7bc2-4544-839c-cfe1294c2641: start FollowerState
2019-07-14 04:36:06,638 INFO  util.JmxRegister (JmxRegister.java:tryRegister(44)) - Successfully registered JMX Bean with object name Ratis:service=RaftServer,group=group-7DBCD6DAB1EE,id=8351eea8-7bc2-4544-839c-cfe1294c2641
2019-07-14 04:36:06,641 INFO  pipeline.PipelineStateManager (PipelineStateManager.java:addPipeline(56)) - Created pipeline Pipeline[ Id: 02d24789-02cc-452c-b189-7dbcd6dab1ee, Nodes: 8351eea8-7bc2-4544-839c-cfe1294c2641{ip: 192.168.5.157, host: trunk-nightly-6h29n-2077950039, networkLocation: /default-rack, certSerialId: null}, Type:RATIS, Factor:ONE, State:OPEN]
2019-07-14 04:36:06,830 INFO  node.SCMNodeManager (SCMNodeManager.java:register(269)) - Registered Data node : ce3110da-6ed2-48aa-a303-b931b35bb141{ip: 192.168.5.157, host: trunk-nightly-6h29n-2077950039, networkLocation: /default-rack, certSerialId: null}
2019-07-14 04:36:06,885 INFO  impl.RaftServerProxy (RaftServerProxy.java:addNew(89)) - ce3110da-6ed2-48aa-a303-b931b35bb141: addNew group-5B216BFDA84B:[ce3110da-6ed2-48aa-a303-b931b35bb141:192.168.5.157:39030] returns group-5B216BFDA84B:java.util.concurrent.CompletableFuture@4e0cecb6[Not completed]
2019-07-14 04:36:06,887 INFO  impl.RaftServerImpl (RaftServerImpl.java:<init>(93)) - ce3110da-6ed2-48aa-a303-b931b35bb141: new RaftServerImpl for group-5B216BFDA84B:[ce3110da-6ed2-48aa-a303-b931b35bb141:192.168.5.157:39030] with ContainerStateMachine:uninitialized
2019-07-14 04:36:06,888 INFO  server.RaftServerConfigKeys (ConfUtils.java:logGet(43)) - raft.server.rpc.timeout.min = 5s (custom)
2019-07-14 04:36:06,888 INFO  server.RaftServerConfigKeys (ConfUtils.java:logGet(43)) - raft.server.rpc.timeout.max = 5200ms (custom)
2019-07-14 04:36:06,888 INFO  server.RaftServerConfigKeys (ConfUtils.java:logGet(43)) - raft.server.rpcslowness.timeout = 120s (custom)
2019-07-14 04:36:06,888 INFO  server.RaftServerConfigKeys (ConfUtils.java:logGet(43)) - raft.server.sleep.deviation.threshold = 300 (default)
2019-07-14 04:36:06,888 INFO  server.RaftServerConfigKeys (ConfUtils.java:logGet(43)) - raft.server.log.appender.install.snapshot.enabled = false (custom)
2019-07-14 04:36:06,889 INFO  impl.RaftServerImpl (ServerState.java:<init>(105)) - ce3110da-6ed2-48aa-a303-b931b35bb141:group-5B216BFDA84B ConfigurationManager, init=-1: [ce3110da-6ed2-48aa-a303-b931b35bb141:192.168.5.157:39030], old=null, confs=<EMPTY_MAP>
2019-07-14 04:36:06,889 INFO  server.RaftServerConfigKeys (ConfUtils.java:logGet(43)) - raft.server.storage.dir = [/tmp/workdir/hadoop-ozone/integration-test/target/test-dir/MiniOzoneClusterImpl-564b5727-9c6b-4f7d-b4ab-636c8fdedaa5/datanode-5/data/ratis] (custom)
2019-07-14 04:36:06,890 INFO  storage.RaftStorageDirectory (RaftStorageDirectory.java:analyzeStorage(246)) - The storage directory /tmp/workdir/hadoop-ozone/integration-test/target/test-dir/MiniOzoneClusterImpl-564b5727-9c6b-4f7d-b4ab-636c8fdedaa5/datanode-5/data/ratis/bbe9aa2c-0e3a-4d71-ba5e-5b216bfda84b does not exist. Creating ...
2019-07-14 04:36:06,895 INFO  storage.RaftStorageDirectory (RaftStorageDirectory.java:tryLock(328)) - Lock on /tmp/workdir/hadoop-ozone/integration-test/target/test-dir/MiniOzoneClusterImpl-564b5727-9c6b-4f7d-b4ab-636c8fdedaa5/datanode-5/data/ratis/bbe9aa2c-0e3a-4d71-ba5e-5b216bfda84b/in_use.lock acquired by nodename 17477@trunk-nightly-6h29n-2077950039
2019-07-14 04:36:06,898 INFO  storage.RaftStorage (RaftStorage.java:format(72)) - Storage directory /tmp/workdir/hadoop-ozone/integration-test/target/test-dir/MiniOzoneClusterImpl-564b5727-9c6b-4f7d-b4ab-636c8fdedaa5/datanode-5/data/ratis/bbe9aa2c-0e3a-4d71-ba5e-5b216bfda84b has been successfully formatted.
2019-07-14 04:36:06,898 INFO  ratis.ContainerStateMachine (ContainerStateMachine.java:loadSnapshot(200)) - The snapshot info is null.Setting the last applied index to:(t:0, i:~)
2019-07-14 04:36:06,898 INFO  server.RaftServerConfigKeys (ConfUtils.java:logGet(43)) - raft.server.leader.election.timeout = 120s (custom)
2019-07-14 04:36:06,899 INFO  server.RaftServerConfigKeys (ConfUtils.java:logGet(43)) - raft.server.log.use.memory = false (default)
2019-07-14 04:36:06,899 INFO  server.RaftServerConfigKeys (ConfUtils.java:logGet(43)) - raft.server.log.purge.gap = 1000000000 (custom)
2019-07-14 04:36:06,899 INFO  server.RaftServerConfigKeys (ConfUtils.java:logGet(43)) - raft.server.log.appender.buffer.byte-limit = 33554432 (custom)
2019-07-14 04:36:06,899 INFO  server.RaftServerConfigKeys (ConfUtils.java:logGet(43)) - raft.server.log.segment.size.max = 1048576 (custom)
2019-07-14 04:36:06,899 INFO  server.RaftServerConfigKeys (ConfUtils.java:logGet(43)) - raft.server.log.segment.cache.num.max = 2 (custom)
2019-07-14 04:36:06,900 INFO  segmented.SegmentedRaftLogWorker (SegmentedRaftLogWorker.java:<init>(172)) - new ce3110da-6ed2-48aa-a303-b931b35bb141-SegmentedRaftLogWorker:Storage Directory /tmp/workdir/hadoop-ozone/integration-test/target/test-dir/MiniOzoneClusterImpl-564b5727-9c6b-4f7d-b4ab-636c8fdedaa5/datanode-5/data/ratis/bbe9aa2c-0e3a-4d71-ba5e-5b216bfda84b for RaftStorage:Storage Directory /tmp/workdir/hadoop-ozone/integration-test/target/test-dir/MiniOzoneClusterImpl-564b5727-9c6b-4f7d-b4ab-636c8fdedaa5/datanode-5/data/ratis/bbe9aa2c-0e3a-4d71-ba5e-5b216bfda84b
2019-07-14 04:36:06,900 INFO  server.RaftServerConfigKeys (ConfUtils.java:logGet(43)) - raft.server.log.queue.byte-limit = 2147483647 (custom)
2019-07-14 04:36:06,900 INFO  server.RaftServerConfigKeys (ConfUtils.java:logGet(43)) - raft.server.log.queue.element-limit = 1024 (custom)
2019-07-14 04:36:06,900 INFO  server.RaftServerConfigKeys (ConfUtils.java:logGet(43)) - raft.server.log.segment.size.max = 1048576 (custom)
2019-07-14 04:36:06,901 INFO  server.RaftServerConfigKeys (ConfUtils.java:logGet(43)) - raft.server.log.preallocated.size = 16384 (custom)
2019-07-14 04:36:06,901 INFO  server.RaftServerConfigKeys (ConfUtils.java:logGet(43)) - raft.server.log.write.buffer.size = 33554432 (custom)
2019-07-14 04:36:06,901 INFO  server.RaftServerConfigKeys (ConfUtils.java:logGet(43)) - raft.server.log.force.sync.num = 128 (default)
2019-07-14 04:36:06,901 INFO  server.RaftServerConfigKeys (ConfUtils.java:logGet(43)) - raft.server.log.statemachine.data.sync = true (default)
2019-07-14 04:36:06,901 INFO  server.RaftServerConfigKeys (ConfUtils.java:logGet(43)) - raft.server.log.statemachine.data.sync.timeout = 10s (default)
2019-07-14 04:36:06,901 INFO  server.RaftServerConfigKeys (ConfUtils.java:logGet(43)) - raft.server.log.statemachine.data.sync.timeout.retry = -1 (default)
2019-07-14 04:36:06,902 INFO  server.RaftServerConfigKeys (ConfUtils.java:logGet(43)) - raft.server.log.statemachine.data.caching.enabled = true (custom)
2019-07-14 04:36:06,902 INFO  segmented.SegmentedRaftLogWorker (SegmentedRaftLogWorker.java:lambda$new$0(132)) - ce3110da-6ed2-48aa-a303-b931b35bb141-SegmentedRaftLogWorker:Storage Directory /tmp/workdir/hadoop-ozone/integration-test/target/test-dir/MiniOzoneClusterImpl-564b5727-9c6b-4f7d-b4ab-636c8fdedaa5/datanode-5/data/ratis/bbe9aa2c-0e3a-4d71-ba5e-5b216bfda84b: flushIndex: setUnconditionally 0 -> -1
2019-07-14 04:36:06,903 INFO  server.RaftServerConfigKeys (ConfUtils.java:logGet(43)) - raft.server.snapshot.auto.trigger.enabled = true (custom)
2019-07-14 04:36:06,903 INFO  server.RaftServerConfigKeys (ConfUtils.java:logGet(43)) - raft.server.snapshot.auto.trigger.threshold = 10000 (custom)
2019-07-14 04:36:06,903 INFO  server.RaftServerConfigKeys (ConfUtils.java:logGet(43)) - raft.server.retrycache.expirytime = 600000ms (custom)
2019-07-14 04:36:06,903 INFO  impl.RaftServerImpl (RaftServerImpl.java:start(180)) - ce3110da-6ed2-48aa-a303-b931b35bb141: start group-5B216BFDA84B
2019-07-14 04:36:06,904 INFO  impl.RaftServerImpl (RaftServerImpl.java:setRole(171)) - ce3110da-6ed2-48aa-a303-b931b35bb141:group-5B216BFDA84B changes role from null to FOLLOWER at term 0 for startAsFollower
2019-07-14 04:36:06,904 INFO  impl.RoleInfo (RoleInfo.java:updateAndGet(143)) - ce3110da-6ed2-48aa-a303-b931b35bb141: start FollowerState
2019-07-14 04:36:06,904 INFO  util.JmxRegister (JmxRegister.java:tryRegister(44)) - Successfully registered JMX Bean with object name Ratis:service=RaftServer,group=group-5B216BFDA84B,id=ce3110da-6ed2-48aa-a303-b931b35bb141
2019-07-14 04:36:06,908 INFO  pipeline.PipelineStateManager (PipelineStateManager.java:addPipeline(56)) - Created pipeline Pipeline[ Id: bbe9aa2c-0e3a-4d71-ba5e-5b216bfda84b, Nodes: ce3110da-6ed2-48aa-a303-b931b35bb141{ip: 192.168.5.157, host: trunk-nightly-6h29n-2077950039, networkLocation: /default-rack, certSerialId: null}, Type:RATIS, Factor:ONE, State:OPEN]
2019-07-14 04:36:06,930 INFO  impl.RaftServerProxy (RaftServerProxy.java:addNew(89)) - 468a5dcf-365b-4bdb-8cfb-899d8e9c2a0e: addNew group-671A2CD2BB24:[8351eea8-7bc2-4544-839c-cfe1294c2641:192.168.5.157:37039, 468a5dcf-365b-4bdb-8cfb-899d8e9c2a0e:192.168.5.157:44695, ce3110da-6ed2-48aa-a303-b931b35bb141:192.168.5.157:39030] returns group-671A2CD2BB24:java.util.concurrent.CompletableFuture@39430253[Not completed]
2019-07-14 04:36:06,930 INFO  impl.RaftServerProxy (RaftServerProxy.java:addNew(89)) - 8351eea8-7bc2-4544-839c-cfe1294c2641: addNew group-671A2CD2BB24:[8351eea8-7bc2-4544-839c-cfe1294c2641:192.168.5.157:37039, 468a5dcf-365b-4bdb-8cfb-899d8e9c2a0e:192.168.5.157:44695, ce3110da-6ed2-48aa-a303-b931b35bb141:192.168.5.157:39030] returns group-671A2CD2BB24:java.util.concurrent.CompletableFuture@586a3d00[Not completed]
2019-07-14 04:36:06,930 INFO  impl.RaftServerProxy (RaftServerProxy.java:addNew(89)) - ce3110da-6ed2-48aa-a303-b931b35bb141: addNew group-671A2CD2BB24:[8351eea8-7bc2-4544-839c-cfe1294c2641:192.168.5.157:37039, 468a5dcf-365b-4bdb-8cfb-899d8e9c2a0e:192.168.5.157:44695, ce3110da-6ed2-48aa-a303-b931b35bb141:192.168.5.157:39030] returns group-671A2CD2BB24:java.util.concurrent.CompletableFuture@437d335a[Not completed]
2019-07-14 04:36:06,932 INFO  impl.RaftServerImpl (RaftServerImpl.java:<init>(93)) - 8351eea8-7bc2-4544-839c-cfe1294c2641: new RaftServerImpl for group-671A2CD2BB24:[8351eea8-7bc2-4544-839c-cfe1294c2641:192.168.5.157:37039, 468a5dcf-365b-4bdb-8cfb-899d8e9c2a0e:192.168.5.157:44695, ce3110da-6ed2-48aa-a303-b931b35bb141:192.168.5.157:39030] with ContainerStateMachine:uninitialized
2019-07-14 04:36:06,932 INFO  server.RaftServerConfigKeys (ConfUtils.java:logGet(43)) - raft.server.rpc.timeout.min = 5s (custom)
2019-07-14 04:36:06,932 INFO  server.RaftServerConfigKeys (ConfUtils.java:logGet(43)) - raft.server.rpc.timeout.max = 5200ms (custom)
2019-07-14 04:36:06,932 INFO  server.RaftServerConfigKeys (ConfUtils.java:logGet(43)) - raft.server.rpcslowness.timeout = 120s (custom)
2019-07-14 04:36:06,933 INFO  server.RaftServerConfigKeys (ConfUtils.java:logGet(43)) - raft.server.sleep.deviation.threshold = 300 (default)
2019-07-14 04:36:06,933 INFO  server.RaftServerConfigKeys (ConfUtils.java:logGet(43)) - raft.server.log.appender.install.snapshot.enabled = false (custom)
2019-07-14 04:36:06,933 INFO  impl.RaftServerImpl (ServerState.java:<init>(105)) - 8351eea8-7bc2-4544-839c-cfe1294c2641:group-671A2CD2BB24 ConfigurationManager, init=-1: [8351eea8-7bc2-4544-839c-cfe1294c2641:192.168.5.157:37039, 468a5dcf-365b-4bdb-8cfb-899d8e9c2a0e:192.168.5.157:44695, ce3110da-6ed2-48aa-a303-b931b35bb141:192.168.5.157:39030], old=null, confs=<EMPTY_MAP>
2019-07-14 04:36:06,933 INFO  server.RaftServerConfigKeys (ConfUtils.java:logGet(43)) - raft.server.storage.dir = [/tmp/workdir/hadoop-ozone/integration-test/target/test-dir/MiniOzoneClusterImpl-564b5727-9c6b-4f7d-b4ab-636c8fdedaa5/datanode-4/data/ratis] (custom)
2019-07-14 04:36:06,934 INFO  impl.RaftServerImpl (RaftServerImpl.java:<init>(93)) - ce3110da-6ed2-48aa-a303-b931b35bb141: new RaftServerImpl for group-671A2CD2BB24:[8351eea8-7bc2-4544-839c-cfe1294c2641:192.168.5.157:37039, 468a5dcf-365b-4bdb-8cfb-899d8e9c2a0e:192.168.5.157:44695, ce3110da-6ed2-48aa-a303-b931b35bb141:192.168.5.157:39030] with ContainerStateMachine:uninitialized
2019-07-14 04:36:06,934 INFO  storage.RaftStorageDirectory (RaftStorageDirectory.java:analyzeStorage(246)) - The storage directory /tmp/workdir/hadoop-ozone/integration-test/target/test-dir/MiniOzoneClusterImpl-564b5727-9c6b-4f7d-b4ab-636c8fdedaa5/datanode-4/data/ratis/9b4d77aa-86b4-4a6e-9f4b-671a2cd2bb24 does not exist. Creating ...
2019-07-14 04:36:06,934 INFO  server.RaftServerConfigKeys (ConfUtils.java:logGet(43)) - raft.server.rpc.timeout.min = 5s (custom)
2019-07-14 04:36:06,934 INFO  server.RaftServerConfigKeys (ConfUtils.java:logGet(43)) - raft.server.rpc.timeout.max = 5200ms (custom)
2019-07-14 04:36:06,934 INFO  server.RaftServerConfigKeys (ConfUtils.java:logGet(43)) - raft.server.rpcslowness.timeout = 120s (custom)
2019-07-14 04:36:06,934 INFO  server.RaftServerConfigKeys (ConfUtils.java:logGet(43)) - raft.server.sleep.deviation.threshold = 300 (default)
2019-07-14 04:36:06,935 INFO  server.RaftServerConfigKeys (ConfUtils.java:logGet(43)) - raft.server.log.appender.install.snapshot.enabled = false (custom)
2019-07-14 04:36:06,935 INFO  impl.RaftServerImpl (RaftServerImpl.java:<init>(93)) - 468a5dcf-365b-4bdb-8cfb-899d8e9c2a0e: new RaftServerImpl for group-671A2CD2BB24:[8351eea8-7bc2-4544-839c-cfe1294c2641:192.168.5.157:37039, 468a5dcf-365b-4bdb-8cfb-899d8e9c2a0e:192.168.5.157:44695, ce3110da-6ed2-48aa-a303-b931b35bb141:192.168.5.157:39030] with ContainerStateMachine:uninitialized
2019-07-14 04:36:06,935 INFO  impl.RaftServerImpl (ServerState.java:<init>(105)) - ce3110da-6ed2-48aa-a303-b931b35bb141:group-671A2CD2BB24 ConfigurationManager, init=-1: [8351eea8-7bc2-4544-839c-cfe1294c2641:192.168.5.157:37039, 468a5dcf-365b-4bdb-8cfb-899d8e9c2a0e:192.168.5.157:44695, ce3110da-6ed2-48aa-a303-b931b35bb141:192.168.5.157:39030], old=null, confs=<EMPTY_MAP>
2019-07-14 04:36:06,935 INFO  server.RaftServerConfigKeys (ConfUtils.java:logGet(43)) - raft.server.rpc.timeout.min = 5s (custom)
2019-07-14 04:36:06,935 INFO  server.RaftServerConfigKeys (ConfUtils.java:logGet(43)) - raft.server.storage.dir = [/tmp/workdir/hadoop-ozone/integration-test/target/test-dir/MiniOzoneClusterImpl-564b5727-9c6b-4f7d-b4ab-636c8fdedaa5/datanode-5/data/ratis] (custom)
2019-07-14 04:36:06,935 INFO  server.RaftServerConfigKeys (ConfUtils.java:logGet(43)) - raft.server.rpc.timeout.max = 5200ms (custom)
2019-07-14 04:36:06,935 INFO  server.RaftServerConfigKeys (ConfUtils.java:logGet(43)) - raft.server.rpcslowness.timeout = 120s (custom)
2019-07-14 04:36:06,936 INFO  storage.RaftStorageDirectory (RaftStorageDirectory.java:analyzeStorage(246)) - The storage directory /tmp/workdir/hadoop-ozone/integration-test/target/test-dir/MiniOzoneClusterImpl-564b5727-9c6b-4f7d-b4ab-636c8fdedaa5/datanode-5/data/ratis/9b4d77aa-86b4-4a6e-9f4b-671a2cd2bb24 does not exist. Creating ...
2019-07-14 04:36:06,936 INFO  server.RaftServerConfigKeys (ConfUtils.java:logGet(43)) - raft.server.sleep.deviation.threshold = 300 (default)
2019-07-14 04:36:06,936 INFO  server.RaftServerConfigKeys (ConfUtils.java:logGet(43)) - raft.server.log.appender.install.snapshot.enabled = false (custom)
2019-07-14 04:36:06,936 INFO  impl.RaftServerImpl (ServerState.java:<init>(105)) - 468a5dcf-365b-4bdb-8cfb-899d8e9c2a0e:group-671A2CD2BB24 ConfigurationManager, init=-1: [8351eea8-7bc2-4544-839c-cfe1294c2641:192.168.5.157:37039, 468a5dcf-365b-4bdb-8cfb-899d8e9c2a0e:192.168.5.157:44695, ce3110da-6ed2-48aa-a303-b931b35bb141:192.168.5.157:39030], old=null, confs=<EMPTY_MAP>
2019-07-14 04:36:06,936 INFO  server.RaftServerConfigKeys (ConfUtils.java:logGet(43)) - raft.server.storage.dir = [/tmp/workdir/hadoop-ozone/integration-test/target/test-dir/MiniOzoneClusterImpl-564b5727-9c6b-4f7d-b4ab-636c8fdedaa5/datanode-3/data/ratis] (custom)
2019-07-14 04:36:06,937 INFO  storage.RaftStorageDirectory (RaftStorageDirectory.java:analyzeStorage(246)) - The storage directory /tmp/workdir/hadoop-ozone/integration-test/target/test-dir/MiniOzoneClusterImpl-564b5727-9c6b-4f7d-b4ab-636c8fdedaa5/datanode-3/data/ratis/9b4d77aa-86b4-4a6e-9f4b-671a2cd2bb24 does not exist. Creating ...
2019-07-14 04:36:06,940 INFO  storage.RaftStorageDirectory (RaftStorageDirectory.java:tryLock(328)) - Lock on /tmp/workdir/hadoop-ozone/integration-test/target/test-dir/MiniOzoneClusterImpl-564b5727-9c6b-4f7d-b4ab-636c8fdedaa5/datanode-4/data/ratis/9b4d77aa-86b4-4a6e-9f4b-671a2cd2bb24/in_use.lock acquired by nodename 17477@trunk-nightly-6h29n-2077950039
2019-07-14 04:36:06,940 INFO  storage.RaftStorageDirectory (RaftStorageDirectory.java:tryLock(328)) - Lock on /tmp/workdir/hadoop-ozone/integration-test/target/test-dir/MiniOzoneClusterImpl-564b5727-9c6b-4f7d-b4ab-636c8fdedaa5/datanode-5/data/ratis/9b4d77aa-86b4-4a6e-9f4b-671a2cd2bb24/in_use.lock acquired by nodename 17477@trunk-nightly-6h29n-2077950039
2019-07-14 04:36:06,942 INFO  storage.RaftStorageDirectory (RaftStorageDirectory.java:tryLock(328)) - Lock on /tmp/workdir/hadoop-ozone/integration-test/target/test-dir/MiniOzoneClusterImpl-564b5727-9c6b-4f7d-b4ab-636c8fdedaa5/datanode-3/data/ratis/9b4d77aa-86b4-4a6e-9f4b-671a2cd2bb24/in_use.lock acquired by nodename 17477@trunk-nightly-6h29n-2077950039
2019-07-14 04:36:06,947 INFO  storage.RaftStorage (RaftStorage.java:format(72)) - Storage directory /tmp/workdir/hadoop-ozone/integration-test/target/test-dir/MiniOzoneClusterImpl-564b5727-9c6b-4f7d-b4ab-636c8fdedaa5/datanode-4/data/ratis/9b4d77aa-86b4-4a6e-9f4b-671a2cd2bb24 has been successfully formatted.
2019-07-14 04:36:06,947 INFO  storage.RaftStorage (RaftStorage.java:format(72)) - Storage directory /tmp/workdir/hadoop-ozone/integration-test/target/test-dir/MiniOzoneClusterImpl-564b5727-9c6b-4f7d-b4ab-636c8fdedaa5/datanode-5/data/ratis/9b4d77aa-86b4-4a6e-9f4b-671a2cd2bb24 has been successfully formatted.
2019-07-14 04:36:06,948 INFO  ratis.ContainerStateMachine (ContainerStateMachine.java:loadSnapshot(200)) - The snapshot info is null.Setting the last applied index to:(t:0, i:~)
2019-07-14 04:36:06,948 INFO  storage.RaftStorage (RaftStorage.java:format(72)) - Storage directory /tmp/workdir/hadoop-ozone/integration-test/target/test-dir/MiniOzoneClusterImpl-564b5727-9c6b-4f7d-b4ab-636c8fdedaa5/datanode-3/data/ratis/9b4d77aa-86b4-4a6e-9f4b-671a2cd2bb24 has been successfully formatted.
2019-07-14 04:36:06,948 INFO  server.RaftServerConfigKeys (ConfUtils.java:logGet(43)) - raft.server.leader.election.timeout = 120s (custom)
2019-07-14 04:36:06,948 INFO  ratis.ContainerStateMachine (ContainerStateMachine.java:loadSnapshot(200)) - The snapshot info is null.Setting the last applied index to:(t:0, i:~)
2019-07-14 04:36:06,948 INFO  server.RaftServerConfigKeys (ConfUtils.java:logGet(43)) - raft.server.log.use.memory = false (default)
2019-07-14 04:36:06,948 INFO  ratis.ContainerStateMachine (ContainerStateMachine.java:loadSnapshot(200)) - The snapshot info is null.Setting the last applied index to:(t:0, i:~)
2019-07-14 04:36:06,949 INFO  server.RaftServerConfigKeys (ConfUtils.java:logGet(43)) - raft.server.log.purge.gap = 1000000000 (custom)
2019-07-14 04:36:06,948 INFO  server.RaftServerConfigKeys (ConfUtils.java:logGet(43)) - raft.server.leader.election.timeout = 120s (custom)
2019-07-14 04:36:06,949 INFO  server.RaftServerConfigKeys (ConfUtils.java:logGet(43)) - raft.server.log.appender.buffer.byte-limit = 33554432 (custom)
2019-07-14 04:36:06,949 INFO  server.RaftServerConfigKeys (ConfUtils.java:logGet(43)) - raft.server.leader.election.timeout = 120s (custom)
2019-07-14 04:36:06,949 INFO  server.RaftServerConfigKeys (ConfUtils.java:logGet(43)) - raft.server.log.segment.size.max = 1048576 (custom)
2019-07-14 04:36:06,949 INFO  server.RaftServerConfigKeys (ConfUtils.java:logGet(43)) - raft.server.log.use.memory = false (default)
2019-07-14 04:36:06,949 INFO  server.RaftServerConfigKeys (ConfUtils.java:logGet(43)) - raft.server.log.segment.cache.num.max = 2 (custom)
2019-07-14 04:36:06,949 INFO  server.RaftServerConfigKeys (ConfUtils.java:logGet(43)) - raft.server.log.use.memory = false (default)
2019-07-14 04:36:06,950 INFO  segmented.SegmentedRaftLogWorker (SegmentedRaftLogWorker.java:<init>(172)) - new 8351eea8-7bc2-4544-839c-cfe1294c2641-SegmentedRaftLogWorker:Storage Directory /tmp/workdir/hadoop-ozone/integration-test/target/test-dir/MiniOzoneClusterImpl-564b5727-9c6b-4f7d-b4ab-636c8fdedaa5/datanode-4/data/ratis/9b4d77aa-86b4-4a6e-9f4b-671a2cd2bb24 for RaftStorage:Storage Directory /tmp/workdir/hadoop-ozone/integration-test/target/test-dir/MiniOzoneClusterImpl-564b5727-9c6b-4f7d-b4ab-636c8fdedaa5/datanode-4/data/ratis/9b4d77aa-86b4-4a6e-9f4b-671a2cd2bb24
2019-07-14 04:36:06,950 INFO  server.RaftServerConfigKeys (ConfUtils.java:logGet(43)) - raft.server.log.purge.gap = 1000000000 (custom)
2019-07-14 04:36:06,950 INFO  server.RaftServerConfigKeys (ConfUtils.java:logGet(43)) - raft.server.log.queue.byte-limit = 2147483647 (custom)
2019-07-14 04:36:06,950 INFO  server.RaftServerConfigKeys (ConfUtils.java:logGet(43)) - raft.server.log.purge.gap = 1000000000 (custom)
2019-07-14 04:36:06,950 INFO  server.RaftServerConfigKeys (ConfUtils.java:logGet(43)) - raft.server.log.queue.element-limit = 1024 (custom)
2019-07-14 04:36:06,950 INFO  server.RaftServerConfigKeys (ConfUtils.java:logGet(43)) - raft.server.log.appender.buffer.byte-limit = 33554432 (custom)
2019-07-14 04:36:06,951 INFO  server.RaftServerConfigKeys (ConfUtils.java:logGet(43)) - raft.server.log.segment.size.max = 1048576 (custom)
2019-07-14 04:36:06,951 INFO  server.RaftServerConfigKeys (ConfUtils.java:logGet(43)) - raft.server.log.appender.buffer.byte-limit = 33554432 (custom)
2019-07-14 04:36:06,951 INFO  server.RaftServerConfigKeys (ConfUtils.java:logGet(43)) - raft.server.log.preallocated.size = 16384 (custom)
2019-07-14 04:36:06,951 INFO  server.RaftServerConfigKeys (ConfUtils.java:logGet(43)) - raft.server.log.segment.size.max = 1048576 (custom)
2019-07-14 04:36:06,951 INFO  server.RaftServerConfigKeys (ConfUtils.java:logGet(43)) - raft.server.log.write.buffer.size = 33554432 (custom)
2019-07-14 04:36:06,951 INFO  server.RaftServerConfigKeys (ConfUtils.java:logGet(43)) - raft.server.log.segment.size.max = 1048576 (custom)
2019-07-14 04:36:06,952 INFO  server.RaftServerConfigKeys (ConfUtils.java:logGet(43)) - raft.server.log.force.sync.num = 128 (default)
2019-07-14 04:36:06,952 INFO  server.RaftServerConfigKeys (ConfUtils.java:logGet(43)) - raft.server.log.statemachine.data.sync = true (default)
2019-07-14 04:36:06,952 INFO  server.RaftServerConfigKeys (ConfUtils.java:logGet(43)) - raft.server.log.segment.cache.num.max = 2 (custom)
2019-07-14 04:36:06,952 INFO  server.RaftServerConfigKeys (ConfUtils.java:logGet(43)) - raft.server.log.statemachine.data.sync.timeout = 10s (default)
2019-07-14 04:36:06,952 INFO  server.RaftServerConfigKeys (ConfUtils.java:logGet(43)) - raft.server.log.segment.cache.num.max = 2 (custom)
2019-07-14 04:36:06,953 INFO  server.RaftServerConfigKeys (ConfUtils.java:logGet(43)) - raft.server.log.statemachine.data.sync.timeout.retry = -1 (default)
2019-07-14 04:36:06,952 INFO  segmented.SegmentedRaftLogWorker (SegmentedRaftLogWorker.java:<init>(172)) - new ce3110da-6ed2-48aa-a303-b931b35bb141-SegmentedRaftLogWorker:Storage Directory /tmp/workdir/hadoop-ozone/integration-test/target/test-dir/MiniOzoneClusterImpl-564b5727-9c6b-4f7d-b4ab-636c8fdedaa5/datanode-5/data/ratis/9b4d77aa-86b4-4a6e-9f4b-671a2cd2bb24 for RaftStorage:Storage Directory /tmp/workdir/hadoop-ozone/integration-test/target/test-dir/MiniOzoneClusterImpl-564b5727-9c6b-4f7d-b4ab-636c8fdedaa5/datanode-5/data/ratis/9b4d77aa-86b4-4a6e-9f4b-671a2cd2bb24
2019-07-14 04:36:06,953 INFO  server.RaftServerConfigKeys (ConfUtils.java:logGet(43)) - raft.server.log.statemachine.data.caching.enabled = true (custom)
2019-07-14 04:36:06,953 INFO  segmented.SegmentedRaftLogWorker (SegmentedRaftLogWorker.java:<init>(172)) - new 468a5dcf-365b-4bdb-8cfb-899d8e9c2a0e-SegmentedRaftLogWorker:Storage Directory /tmp/workdir/hadoop-ozone/integration-test/target/test-dir/MiniOzoneClusterImpl-564b5727-9c6b-4f7d-b4ab-636c8fdedaa5/datanode-3/data/ratis/9b4d77aa-86b4-4a6e-9f4b-671a2cd2bb24 for RaftStorage:Storage Directory /tmp/workdir/hadoop-ozone/integration-test/target/test-dir/MiniOzoneClusterImpl-564b5727-9c6b-4f7d-b4ab-636c8fdedaa5/datanode-3/data/ratis/9b4d77aa-86b4-4a6e-9f4b-671a2cd2bb24
2019-07-14 04:36:06,953 INFO  server.RaftServerConfigKeys (ConfUtils.java:logGet(43)) - raft.server.log.queue.byte-limit = 2147483647 (custom)
2019-07-14 04:36:06,954 INFO  segmented.SegmentedRaftLogWorker (SegmentedRaftLogWorker.java:lambda$new$0(132)) - 8351eea8-7bc2-4544-839c-cfe1294c2641-SegmentedRaftLogWorker:Storage Directory /tmp/workdir/hadoop-ozone/integration-test/target/test-dir/MiniOzoneClusterImpl-564b5727-9c6b-4f7d-b4ab-636c8fdedaa5/datanode-4/data/ratis/9b4d77aa-86b4-4a6e-9f4b-671a2cd2bb24: flushIndex: setUnconditionally 0 -> -1
2019-07-14 04:36:06,953 INFO  server.RaftServerConfigKeys (ConfUtils.java:logGet(43)) - raft.server.log.queue.byte-limit = 2147483647 (custom)
2019-07-14 04:36:06,954 INFO  server.RaftServerConfigKeys (ConfUtils.java:logGet(43)) - raft.server.log.queue.element-limit = 1024 (custom)
2019-07-14 04:36:06,954 INFO  server.RaftServerConfigKeys (ConfUtils.java:logGet(43)) - raft.server.snapshot.auto.trigger.enabled = true (custom)
2019-07-14 04:36:06,954 INFO  server.RaftServerConfigKeys (ConfUtils.java:logGet(43)) - raft.server.log.queue.element-limit = 1024 (custom)
2019-07-14 04:36:06,954 INFO  server.RaftServerConfigKeys (ConfUtils.java:logGet(43)) - raft.server.snapshot.auto.trigger.threshold = 10000 (custom)
2019-07-14 04:36:06,954 INFO  server.RaftServerConfigKeys (ConfUtils.java:logGet(43)) - raft.server.log.segment.size.max = 1048576 (custom)
2019-07-14 04:36:06,955 INFO  server.RaftServerConfigKeys (ConfUtils.java:logGet(43)) - raft.server.retrycache.expirytime = 600000ms (custom)
2019-07-14 04:36:06,955 INFO  server.RaftServerConfigKeys (ConfUtils.java:logGet(43)) - raft.server.log.segment.size.max = 1048576 (custom)
2019-07-14 04:36:06,955 INFO  impl.RaftServerImpl (RaftServerImpl.java:start(180)) - 8351eea8-7bc2-4544-839c-cfe1294c2641: start group-671A2CD2BB24
2019-07-14 04:36:06,955 INFO  server.RaftServerConfigKeys (ConfUtils.java:logGet(43)) - raft.server.log.preallocated.size = 16384 (custom)
2019-07-14 04:36:06,956 INFO  impl.RaftServerImpl (RaftServerImpl.java:setRole(171)) - 8351eea8-7bc2-4544-839c-cfe1294c2641:group-671A2CD2BB24 changes role from null to FOLLOWER at term 0 for startAsFollower
2019-07-14 04:36:06,955 INFO  server.RaftServerConfigKeys (ConfUtils.java:logGet(43)) - raft.server.log.preallocated.size = 16384 (custom)
2019-07-14 04:36:06,956 INFO  impl.RoleInfo (RoleInfo.java:updateAndGet(143)) - 8351eea8-7bc2-4544-839c-cfe1294c2641: start FollowerState
2019-07-14 04:36:06,956 INFO  server.RaftServerConfigKeys (ConfUtils.java:logGet(43)) - raft.server.log.write.buffer.size = 33554432 (custom)
2019-07-14 04:36:06,956 INFO  server.RaftServerConfigKeys (ConfUtils.java:logGet(43)) - raft.server.log.write.buffer.size = 33554432 (custom)
2019-07-14 04:36:06,957 INFO  server.RaftServerConfigKeys (ConfUtils.java:logGet(43)) - raft.server.log.force.sync.num = 128 (default)
2019-07-14 04:36:06,957 INFO  server.RaftServerConfigKeys (ConfUtils.java:logGet(43)) - raft.server.log.force.sync.num = 128 (default)
2019-07-14 04:36:06,957 INFO  util.JmxRegister (JmxRegister.java:tryRegister(44)) - Successfully registered JMX Bean with object name Ratis:service=RaftServer,group=group-671A2CD2BB24,id=8351eea8-7bc2-4544-839c-cfe1294c2641
2019-07-14 04:36:06,957 INFO  server.RaftServerConfigKeys (ConfUtils.java:logGet(43)) - raft.server.log.statemachine.data.sync = true (default)
2019-07-14 04:36:06,958 INFO  server.RaftServerConfigKeys (ConfUtils.java:logGet(43)) - raft.server.log.statemachine.data.sync.timeout = 10s (default)
2019-07-14 04:36:06,957 INFO  server.RaftServerConfigKeys (ConfUtils.java:logGet(43)) - raft.server.log.statemachine.data.sync = true (default)
2019-07-14 04:36:06,958 INFO  server.RaftServerConfigKeys (ConfUtils.java:logGet(43)) - raft.server.log.statemachine.data.sync.timeout.retry = -1 (default)
2019-07-14 04:36:06,958 INFO  server.RaftServerConfigKeys (ConfUtils.java:logGet(43)) - raft.server.log.statemachine.data.sync.timeout = 10s (default)
2019-07-14 04:36:06,958 INFO  server.RaftServerConfigKeys (ConfUtils.java:logGet(43)) - raft.server.log.statemachine.data.caching.enabled = true (custom)
2019-07-14 04:36:06,958 INFO  server.RaftServerConfigKeys (ConfUtils.java:logGet(43)) - raft.server.log.statemachine.data.sync.timeout.retry = -1 (default)
2019-07-14 04:36:06,959 INFO  segmented.SegmentedRaftLogWorker (SegmentedRaftLogWorker.java:lambda$new$0(132)) - ce3110da-6ed2-48aa-a303-b931b35bb141-SegmentedRaftLogWorker:Storage Directory /tmp/workdir/hadoop-ozone/integration-test/target/test-dir/MiniOzoneClusterImpl-564b5727-9c6b-4f7d-b4ab-636c8fdedaa5/datanode-5/data/ratis/9b4d77aa-86b4-4a6e-9f4b-671a2cd2bb24: flushIndex: setUnconditionally 0 -> -1
2019-07-14 04:36:06,959 INFO  server.RaftServerConfigKeys (ConfUtils.java:logGet(43)) - raft.server.log.statemachine.data.caching.enabled = true (custom)
2019-07-14 04:36:06,959 INFO  server.RaftServerConfigKeys (ConfUtils.java:logGet(43)) - raft.server.snapshot.auto.trigger.enabled = true (custom)
2019-07-14 04:36:06,959 INFO  server.RaftServerConfigKeys (ConfUtils.java:logGet(43)) - raft.server.snapshot.auto.trigger.threshold = 10000 (custom)
2019-07-14 04:36:06,959 INFO  segmented.SegmentedRaftLogWorker (SegmentedRaftLogWorker.java:lambda$new$0(132)) - 468a5dcf-365b-4bdb-8cfb-899d8e9c2a0e-SegmentedRaftLogWorker:Storage Directory /tmp/workdir/hadoop-ozone/integration-test/target/test-dir/MiniOzoneClusterImpl-564b5727-9c6b-4f7d-b4ab-636c8fdedaa5/datanode-3/data/ratis/9b4d77aa-86b4-4a6e-9f4b-671a2cd2bb24: flushIndex: setUnconditionally 0 -> -1
2019-07-14 04:36:06,960 INFO  server.RaftServerConfigKeys (ConfUtils.java:logGet(43)) - raft.server.retrycache.expirytime = 600000ms (custom)
2019-07-14 04:36:06,960 INFO  server.RaftServerConfigKeys (ConfUtils.java:logGet(43)) - raft.server.snapshot.auto.trigger.enabled = true (custom)
2019-07-14 04:36:06,960 INFO  impl.RaftServerImpl (RaftServerImpl.java:start(180)) - ce3110da-6ed2-48aa-a303-b931b35bb141: start group-671A2CD2BB24
2019-07-14 04:36:06,960 INFO  server.RaftServerConfigKeys (ConfUtils.java:logGet(43)) - raft.server.snapshot.auto.trigger.threshold = 10000 (custom)
2019-07-14 04:36:06,960 INFO  impl.RaftServerImpl (RaftServerImpl.java:setRole(171)) - ce3110da-6ed2-48aa-a303-b931b35bb141:group-671A2CD2BB24 changes role from null to FOLLOWER at term 0 for startAsFollower
2019-07-14 04:36:06,960 INFO  server.RaftServerConfigKeys (ConfUtils.java:logGet(43)) - raft.server.retrycache.expirytime = 600000ms (custom)
2019-07-14 04:36:06,960 INFO  impl.RoleInfo (RoleInfo.java:updateAndGet(143)) - ce3110da-6ed2-48aa-a303-b931b35bb141: start FollowerState
2019-07-14 04:36:06,961 INFO  impl.RaftServerImpl (RaftServerImpl.java:start(180)) - 468a5dcf-365b-4bdb-8cfb-899d8e9c2a0e: start group-671A2CD2BB24
2019-07-14 04:36:06,961 INFO  impl.RaftServerImpl (RaftServerImpl.java:setRole(171)) - 468a5dcf-365b-4bdb-8cfb-899d8e9c2a0e:group-671A2CD2BB24 changes role from null to FOLLOWER at term 0 for startAsFollower
2019-07-14 04:36:06,961 INFO  impl.RoleInfo (RoleInfo.java:updateAndGet(143)) - 468a5dcf-365b-4bdb-8cfb-899d8e9c2a0e: start FollowerState
2019-07-14 04:36:06,961 INFO  util.JmxRegister (JmxRegister.java:tryRegister(44)) - Successfully registered JMX Bean with object name Ratis:service=RaftServer,group=group-671A2CD2BB24,id=ce3110da-6ed2-48aa-a303-b931b35bb141
2019-07-14 04:36:06,961 INFO  util.JmxRegister (JmxRegister.java:tryRegister(44)) - Successfully registered JMX Bean with object name Ratis:service=RaftServer,group=group-671A2CD2BB24,id=468a5dcf-365b-4bdb-8cfb-899d8e9c2a0e
2019-07-14 04:36:06,964 INFO  pipeline.PipelineStateManager (PipelineStateManager.java:addPipeline(56)) - Created pipeline Pipeline[ Id: 9b4d77aa-86b4-4a6e-9f4b-671a2cd2bb24, Nodes: 468a5dcf-365b-4bdb-8cfb-899d8e9c2a0e{ip: 192.168.5.157, host: trunk-nightly-6h29n-2077950039, networkLocation: /default-rack, certSerialId: null}ce3110da-6ed2-48aa-a303-b931b35bb141{ip: 192.168.5.157, host: trunk-nightly-6h29n-2077950039, networkLocation: /default-rack, certSerialId: null}8351eea8-7bc2-4544-839c-cfe1294c2641{ip: 192.168.5.157, host: trunk-nightly-6h29n-2077950039, networkLocation: /default-rack, certSerialId: null}, Type:RATIS, Factor:THREE, State:OPEN]
2019-07-14 04:36:07,048 INFO  ozone.MiniOzoneClusterImpl (MiniOzoneClusterImpl.java:lambda$waitForClusterToBeReady$0(142)) - Waiting for cluster to be ready. Got 6 of 7 DN Heartbeats.
2019-07-14 04:36:07,049 INFO  node.SCMNodeManager (SCMNodeManager.java:register(269)) - Registered Data node : b3c42798-5587-46dc-9bd5-d378a062aa0b{ip: 192.168.5.157, host: trunk-nightly-6h29n-2077950039, networkLocation: /default-rack, certSerialId: null}
2019-07-14 04:36:07,064 INFO  impl.RaftServerProxy (RaftServerProxy.java:addNew(89)) - b3c42798-5587-46dc-9bd5-d378a062aa0b: addNew group-9C1D5F557114:[b3c42798-5587-46dc-9bd5-d378a062aa0b:192.168.5.157:36202] returns group-9C1D5F557114:java.util.concurrent.CompletableFuture@ec4a33f[Not completed]
2019-07-14 04:36:07,065 INFO  impl.RaftServerImpl (RaftServerImpl.java:<init>(93)) - b3c42798-5587-46dc-9bd5-d378a062aa0b: new RaftServerImpl for group-9C1D5F557114:[b3c42798-5587-46dc-9bd5-d378a062aa0b:192.168.5.157:36202] with ContainerStateMachine:uninitialized
2019-07-14 04:36:07,065 INFO  server.RaftServerConfigKeys (ConfUtils.java:logGet(43)) - raft.server.rpc.timeout.min = 5s (custom)
2019-07-14 04:36:07,066 INFO  server.RaftServerConfigKeys (ConfUtils.java:logGet(43)) - raft.server.rpc.timeout.max = 5200ms (custom)
2019-07-14 04:36:07,066 INFO  server.RaftServerConfigKeys (ConfUtils.java:logGet(43)) - raft.server.rpcslowness.timeout = 120s (custom)
2019-07-14 04:36:07,066 INFO  server.RaftServerConfigKeys (ConfUtils.java:logGet(43)) - raft.server.sleep.deviation.threshold = 300 (default)
2019-07-14 04:36:07,066 INFO  server.RaftServerConfigKeys (ConfUtils.java:logGet(43)) - raft.server.log.appender.install.snapshot.enabled = false (custom)
2019-07-14 04:36:07,066 INFO  impl.RaftServerImpl (ServerState.java:<init>(105)) - b3c42798-5587-46dc-9bd5-d378a062aa0b:group-9C1D5F557114 ConfigurationManager, init=-1: [b3c42798-5587-46dc-9bd5-d378a062aa0b:192.168.5.157:36202], old=null, confs=<EMPTY_MAP>
2019-07-14 04:36:07,066 INFO  server.RaftServerConfigKeys (ConfUtils.java:logGet(43)) - raft.server.storage.dir = [/tmp/workdir/hadoop-ozone/integration-test/target/test-dir/MiniOzoneClusterImpl-564b5727-9c6b-4f7d-b4ab-636c8fdedaa5/datanode-6/data/ratis] (custom)
2019-07-14 04:36:07,067 INFO  storage.RaftStorageDirectory (RaftStorageDirectory.java:analyzeStorage(246)) - The storage directory /tmp/workdir/hadoop-ozone/integration-test/target/test-dir/MiniOzoneClusterImpl-564b5727-9c6b-4f7d-b4ab-636c8fdedaa5/datanode-6/data/ratis/4adbaeb3-e8c1-4ce5-9402-9c1d5f557114 does not exist. Creating ...
2019-07-14 04:36:07,079 INFO  storage.RaftStorageDirectory (RaftStorageDirectory.java:tryLock(328)) - Lock on /tmp/workdir/hadoop-ozone/integration-test/target/test-dir/MiniOzoneClusterImpl-564b5727-9c6b-4f7d-b4ab-636c8fdedaa5/datanode-6/data/ratis/4adbaeb3-e8c1-4ce5-9402-9c1d5f557114/in_use.lock acquired by nodename 17477@trunk-nightly-6h29n-2077950039
2019-07-14 04:36:07,088 INFO  storage.RaftStorage (RaftStorage.java:format(72)) - Storage directory /tmp/workdir/hadoop-ozone/integration-test/target/test-dir/MiniOzoneClusterImpl-564b5727-9c6b-4f7d-b4ab-636c8fdedaa5/datanode-6/data/ratis/4adbaeb3-e8c1-4ce5-9402-9c1d5f557114 has been successfully formatted.
2019-07-14 04:36:07,088 INFO  ratis.ContainerStateMachine (ContainerStateMachine.java:loadSnapshot(200)) - The snapshot info is null.Setting the last applied index to:(t:0, i:~)
2019-07-14 04:36:07,088 INFO  server.RaftServerConfigKeys (ConfUtils.java:logGet(43)) - raft.server.leader.election.timeout = 120s (custom)
2019-07-14 04:36:07,088 INFO  server.RaftServerConfigKeys (ConfUtils.java:logGet(43)) - raft.server.log.use.memory = false (default)
2019-07-14 04:36:07,088 INFO  server.RaftServerConfigKeys (ConfUtils.java:logGet(43)) - raft.server.log.purge.gap = 1000000000 (custom)
2019-07-14 04:36:07,089 INFO  server.RaftServerConfigKeys (ConfUtils.java:logGet(43)) - raft.server.log.appender.buffer.byte-limit = 33554432 (custom)
2019-07-14 04:36:07,089 INFO  server.RaftServerConfigKeys (ConfUtils.java:logGet(43)) - raft.server.log.segment.size.max = 1048576 (custom)
2019-07-14 04:36:07,089 INFO  server.RaftServerConfigKeys (ConfUtils.java:logGet(43)) - raft.server.log.segment.cache.num.max = 2 (custom)
2019-07-14 04:36:07,089 INFO  segmented.SegmentedRaftLogWorker (SegmentedRaftLogWorker.java:<init>(172)) - new b3c42798-5587-46dc-9bd5-d378a062aa0b-SegmentedRaftLogWorker:Storage Directory /tmp/workdir/hadoop-ozone/integration-test/target/test-dir/MiniOzoneClusterImpl-564b5727-9c6b-4f7d-b4ab-636c8fdedaa5/datanode-6/data/ratis/4adbaeb3-e8c1-4ce5-9402-9c1d5f557114 for RaftStorage:Storage Directory /tmp/workdir/hadoop-ozone/integration-test/target/test-dir/MiniOzoneClusterImpl-564b5727-9c6b-4f7d-b4ab-636c8fdedaa5/datanode-6/data/ratis/4adbaeb3-e8c1-4ce5-9402-9c1d5f557114
2019-07-14 04:36:07,089 INFO  server.RaftServerConfigKeys (ConfUtils.java:logGet(43)) - raft.server.log.queue.byte-limit = 2147483647 (custom)
2019-07-14 04:36:07,089 INFO  server.RaftServerConfigKeys (ConfUtils.java:logGet(43)) - raft.server.log.queue.element-limit = 1024 (custom)
2019-07-14 04:36:07,090 INFO  server.RaftServerConfigKeys (ConfUtils.java:logGet(43)) - raft.server.log.segment.size.max = 1048576 (custom)
2019-07-14 04:36:07,090 INFO  server.RaftServerConfigKeys (ConfUtils.java:logGet(43)) - raft.server.log.preallocated.size = 16384 (custom)
2019-07-14 04:36:07,090 INFO  server.RaftServerConfigKeys (ConfUtils.java:logGet(43)) - raft.server.log.write.buffer.size = 33554432 (custom)
2019-07-14 04:36:07,090 INFO  server.RaftServerConfigKeys (ConfUtils.java:logGet(43)) - raft.server.log.force.sync.num = 128 (default)
2019-07-14 04:36:07,090 INFO  server.RaftServerConfigKeys (ConfUtils.java:logGet(43)) - raft.server.log.statemachine.data.sync = true (default)
2019-07-14 04:36:07,090 INFO  server.RaftServerConfigKeys (ConfUtils.java:logGet(43)) - raft.server.log.statemachine.data.sync.timeout = 10s (default)
2019-07-14 04:36:07,091 INFO  server.RaftServerConfigKeys (ConfUtils.java:logGet(43)) - raft.server.log.statemachine.data.sync.timeout.retry = -1 (default)
2019-07-14 04:36:07,091 INFO  server.RaftServerConfigKeys (ConfUtils.java:logGet(43)) - raft.server.log.statemachine.data.caching.enabled = true (custom)
2019-07-14 04:36:07,091 INFO  segmented.SegmentedRaftLogWorker (SegmentedRaftLogWorker.java:lambda$new$0(132)) - b3c42798-5587-46dc-9bd5-d378a062aa0b-SegmentedRaftLogWorker:Storage Directory /tmp/workdir/hadoop-ozone/integration-test/target/test-dir/MiniOzoneClusterImpl-564b5727-9c6b-4f7d-b4ab-636c8fdedaa5/datanode-6/data/ratis/4adbaeb3-e8c1-4ce5-9402-9c1d5f557114: flushIndex: setUnconditionally 0 -> -1
2019-07-14 04:36:07,092 INFO  server.RaftServerConfigKeys (ConfUtils.java:logGet(43)) - raft.server.snapshot.auto.trigger.enabled = true (custom)
2019-07-14 04:36:07,092 INFO  server.RaftServerConfigKeys (ConfUtils.java:logGet(43)) - raft.server.snapshot.auto.trigger.threshold = 10000 (custom)
2019-07-14 04:36:07,092 INFO  server.RaftServerConfigKeys (ConfUtils.java:logGet(43)) - raft.server.retrycache.expirytime = 600000ms (custom)
2019-07-14 04:36:07,092 INFO  impl.RaftServerImpl (RaftServerImpl.java:start(180)) - b3c42798-5587-46dc-9bd5-d378a062aa0b: start group-9C1D5F557114
2019-07-14 04:36:07,092 INFO  impl.RaftServerImpl (RaftServerImpl.java:setRole(171)) - b3c42798-5587-46dc-9bd5-d378a062aa0b:group-9C1D5F557114 changes role from null to FOLLOWER at term 0 for startAsFollower
2019-07-14 04:36:07,092 INFO  impl.RoleInfo (RoleInfo.java:updateAndGet(143)) - b3c42798-5587-46dc-9bd5-d378a062aa0b: start FollowerState
2019-07-14 04:36:07,093 INFO  util.JmxRegister (JmxRegister.java:tryRegister(44)) - Successfully registered JMX Bean with object name Ratis:service=RaftServer,group=group-9C1D5F557114,id=b3c42798-5587-46dc-9bd5-d378a062aa0b
2019-07-14 04:36:07,096 INFO  pipeline.PipelineStateManager (PipelineStateManager.java:addPipeline(56)) - Created pipeline Pipeline[ Id: 4adbaeb3-e8c1-4ce5-9402-9c1d5f557114, Nodes: b3c42798-5587-46dc-9bd5-d378a062aa0b{ip: 192.168.5.157, host: trunk-nightly-6h29n-2077950039, networkLocation: /default-rack, certSerialId: null}, Type:RATIS, Factor:ONE, State:OPEN]
2019-07-14 04:36:07,448 WARN  server.GrpcLogAppender (LogUtils.java:warn(134)) - f2fb1c47-f2a9-4bac-ac1b-cb168850caba->e3fb44ff-34d6-4834-bb05-cdafaf497f92: Failed appendEntries: org.apache.ratis.thirdparty.io.grpc.StatusRuntimeException: UNAVAILABLE: io exception
2019-07-14 04:36:07,448 WARN  server.GrpcLogAppender (LogUtils.java:warn(134)) - f2fb1c47-f2a9-4bac-ac1b-cb168850caba->d48f6f32-e53b-43c5-9bf8-dd459e13a9d1: Failed appendEntries: org.apache.ratis.thirdparty.io.grpc.StatusRuntimeException: UNAVAILABLE: io exception
2019-07-14 04:36:07,464 INFO  impl.FollowerInfo (FollowerInfo.java:lambda$new$0(50)) - f2fb1c47-f2a9-4bac-ac1b-cb168850caba->e3fb44ff-34d6-4834-bb05-cdafaf497f92: nextIndex: updateUnconditionally 0 -> 0
2019-07-14 04:36:07,464 INFO  impl.FollowerInfo (FollowerInfo.java:lambda$new$0(50)) - f2fb1c47-f2a9-4bac-ac1b-cb168850caba->d48f6f32-e53b-43c5-9bf8-dd459e13a9d1: nextIndex: updateUnconditionally 0 -> 0
2019-07-14 04:36:08,049 INFO  ozone.MiniOzoneClusterImpl (MiniOzoneClusterImpl.java:lambda$waitForClusterToBeReady$0(142)) - Cluster is ready. Got 7 of 7 DN Heartbeats.
2019-07-14 04:36:08,120 INFO  rpc.RpcClient (RpcClient.java:createVolume(287)) - Creating Volume: watchforcommithandlingtest, with jenkins1000 as owner.
2019-07-14 04:36:08,157 INFO  rpc.RpcClient (RpcClient.java:createBucket(424)) - Creating Bucket: watchforcommithandlingtest/watchforcommithandlingtest, with Versioning false and Storage Type set to DISK and Encryption set to false 
2019-07-14 04:36:08,164 INFO  ozone.MiniOzoneClusterImpl (MiniOzoneClusterImpl.java:getStorageContainerLocationClient(241)) - Creating StorageContainerLocationProtocol RPC client with address /0.0.0.0:45757
2019-07-14 04:36:08,196 INFO  client.GrpcClientProtocolClient (GrpcClientProtocolClient.java:onNext(255)) - client-CFDC92214E0F->6ce6429d-ca4c-4475-bf53-ede7f8353202: receive RaftClientReply:client-CFDC92214E0F->6ce6429d-ca4c-4475-bf53-ede7f8353202@group-2F0E73CB07B2, cid=53, FAILED org.apache.ratis.protocol.NotLeaderException: Server 6ce6429d-ca4c-4475-bf53-ede7f8353202 is not the leader (null). Request must be sent to leader., logIndex=0, commits[6ce6429d-ca4c-4475-bf53-ede7f8353202:c-1]
2019-07-14 04:36:08,676 INFO  container.ReplicationManager (ReplicationManager.java:start(155)) - Starting Replication Monitor Thread.
2019-07-14 04:36:08,687 INFO  container.ReplicationManager (ReplicationManager.java:run(207)) - Replication Monitor Thread took 0 milliseconds for processing 1 containers.
2019-07-14 04:36:09,239 INFO  client.GrpcClientProtocolClient (GrpcClientProtocolClient.java:onNext(255)) - client-CFDC92214E0F->3a30d705-106a-482e-b6c0-0b4fa2317942: receive RaftClientReply:client-CFDC92214E0F->3a30d705-106a-482e-b6c0-0b4fa2317942@group-2F0E73CB07B2, cid=53, FAILED org.apache.ratis.protocol.NotLeaderException: Server 3a30d705-106a-482e-b6c0-0b4fa2317942 is not the leader (null). Request must be sent to leader., logIndex=0, commits[3a30d705-106a-482e-b6c0-0b4fa2317942:c-1]
2019-07-14 04:36:09,949 WARN  server.GrpcLogAppender (LogUtils.java:warn(134)) - f2fb1c47-f2a9-4bac-ac1b-cb168850caba->d48f6f32-e53b-43c5-9bf8-dd459e13a9d1: Failed appendEntries: org.apache.ratis.thirdparty.io.grpc.StatusRuntimeException: UNAVAILABLE: io exception
2019-07-14 04:36:09,949 WARN  server.GrpcLogAppender (LogUtils.java:warn(134)) - f2fb1c47-f2a9-4bac-ac1b-cb168850caba->e3fb44ff-34d6-4834-bb05-cdafaf497f92: Failed appendEntries: org.apache.ratis.thirdparty.io.grpc.StatusRuntimeException: UNAVAILABLE: io exception
2019-07-14 04:36:09,957 INFO  impl.FollowerInfo (FollowerInfo.java:lambda$new$0(50)) - f2fb1c47-f2a9-4bac-ac1b-cb168850caba->d48f6f32-e53b-43c5-9bf8-dd459e13a9d1: nextIndex: updateUnconditionally 0 -> 0
2019-07-14 04:36:09,963 INFO  impl.FollowerInfo (FollowerInfo.java:lambda$new$0(50)) - f2fb1c47-f2a9-4bac-ac1b-cb168850caba->e3fb44ff-34d6-4834-bb05-cdafaf497f92: nextIndex: updateUnconditionally 0 -> 0
2019-07-14 04:36:10,316 INFO  client.GrpcClientProtocolClient (GrpcClientProtocolClient.java:onNext(255)) - client-CFDC92214E0F->2c347813-d089-4e05-8364-43c4bb29326e: receive RaftClientReply:client-CFDC92214E0F->2c347813-d089-4e05-8364-43c4bb29326e@group-2F0E73CB07B2, cid=53, FAILED org.apache.ratis.protocol.NotLeaderException: Server 2c347813-d089-4e05-8364-43c4bb29326e is not the leader (null). Request must be sent to leader., logIndex=0, commits[2c347813-d089-4e05-8364-43c4bb29326e:c-1]
2019-07-14 04:36:10,929 INFO  impl.FollowerState (FollowerState.java:run(106)) - 6ce6429d-ca4c-4475-bf53-ede7f8353202:group-FAD312E6C367 changes to CANDIDATE, lastRpcTime:5194, electionTimeout:5194ms
2019-07-14 04:36:10,930 INFO  impl.RoleInfo (RoleInfo.java:shutdownFollowerState(121)) - 6ce6429d-ca4c-4475-bf53-ede7f8353202: shutdown FollowerState
2019-07-14 04:36:10,930 INFO  impl.RaftServerImpl (RaftServerImpl.java:setRole(171)) - 6ce6429d-ca4c-4475-bf53-ede7f8353202:group-FAD312E6C367 changes role from FOLLOWER to CANDIDATE at term 0 for changeToCandidate
2019-07-14 04:36:10,930 INFO  impl.RoleInfo (RoleInfo.java:updateAndGet(143)) - 6ce6429d-ca4c-4475-bf53-ede7f8353202: start LeaderElection
2019-07-14 04:36:10,962 INFO  impl.LeaderElection (LeaderElection.java:askForVotes(181)) - 6ce6429d-ca4c-4475-bf53-ede7f8353202:group-FAD312E6C367:LeaderElection25: begin an election at term 1 for -1: [6ce6429d-ca4c-4475-bf53-ede7f8353202:192.168.5.157:41788], old=null
2019-07-14 04:36:10,963 INFO  impl.RoleInfo (RoleInfo.java:shutdownLeaderElection(134)) - 6ce6429d-ca4c-4475-bf53-ede7f8353202: shutdown LeaderElection
2019-07-14 04:36:10,963 INFO  impl.RaftServerImpl (RaftServerImpl.java:setRole(171)) - 6ce6429d-ca4c-4475-bf53-ede7f8353202:group-FAD312E6C367 changes role from CANDIDATE to LEADER at term 1 for changeToLeader
2019-07-14 04:36:10,963 INFO  impl.RaftServerImpl (ServerState.java:setLeader(263)) - 6ce6429d-ca4c-4475-bf53-ede7f8353202:group-FAD312E6C367 change Leader from null to 6ce6429d-ca4c-4475-bf53-ede7f8353202 at term 1 for becomeLeader, leader elected after 5233ms
2019-07-14 04:36:10,963 INFO  server.RaftServerConfigKeys (ConfUtils.java:logGet(43)) - raft.server.staging.catchup.gap = 1000 (default)
2019-07-14 04:36:10,963 INFO  server.RaftServerConfigKeys (ConfUtils.java:logGet(43)) - raft.server.rpc.sleep.time = 25ms (default)
2019-07-14 04:36:10,963 INFO  server.RaftServerConfigKeys (ConfUtils.java:logGet(43)) - raft.server.write.element-limit = 4096 (default)
2019-07-14 04:36:10,964 INFO  server.RaftServerConfigKeys (ConfUtils.java:logGet(43)) - raft.server.watch.timeout = 10s (default)
2019-07-14 04:36:10,964 INFO  server.RaftServerConfigKeys (ConfUtils.java:logGet(43)) - raft.server.watch.timeout.denomination = 1s (default)
2019-07-14 04:36:10,964 INFO  server.RaftServerConfigKeys (ConfUtils.java:logGet(43)) - raft.server.watch.element-limit = 65536 (default)
2019-07-14 04:36:10,964 INFO  impl.RoleInfo (RoleInfo.java:updateAndGet(143)) - 6ce6429d-ca4c-4475-bf53-ede7f8353202: start LeaderState
2019-07-14 04:36:10,965 INFO  segmented.SegmentedRaftLogWorker (SegmentedRaftLogWorker.java:startLogSegment(380)) - 6ce6429d-ca4c-4475-bf53-ede7f8353202-SegmentedRaftLogWorker:Storage Directory /tmp/workdir/hadoop-ozone/integration-test/target/test-dir/MiniOzoneClusterImpl-564b5727-9c6b-4f7d-b4ab-636c8fdedaa5/datanode-0/data/ratis/71edeb0e-e8c7-437b-a40c-fad312e6c367: Starting segment from index:0
2019-07-14 04:36:10,965 INFO  impl.RaftServerImpl (ServerState.java:setRaftConf(361)) - 6ce6429d-ca4c-4475-bf53-ede7f8353202:group-FAD312E6C367 set configuration 0: [6ce6429d-ca4c-4475-bf53-ede7f8353202:192.168.5.157:41788], old=null at 0
2019-07-14 04:36:10,998 INFO  segmented.SegmentedRaftLogWorker (SegmentedRaftLogWorker.java:execute(569)) - 6ce6429d-ca4c-4475-bf53-ede7f8353202-SegmentedRaftLogWorker:Storage Directory /tmp/workdir/hadoop-ozone/integration-test/target/test-dir/MiniOzoneClusterImpl-564b5727-9c6b-4f7d-b4ab-636c8fdedaa5/datanode-0/data/ratis/71edeb0e-e8c7-437b-a40c-fad312e6c367: created new log segment /tmp/workdir/hadoop-ozone/integration-test/target/test-dir/MiniOzoneClusterImpl-564b5727-9c6b-4f7d-b4ab-636c8fdedaa5/datanode-0/data/ratis/71edeb0e-e8c7-437b-a40c-fad312e6c367/current/log_inprogress_0
2019-07-14 04:36:11,142 INFO  impl.FollowerState (FollowerState.java:run(106)) - 3a30d705-106a-482e-b6c0-0b4fa2317942:group-3E56A0CEABB0 changes to CANDIDATE, lastRpcTime:5141, electionTimeout:5141ms
2019-07-14 04:36:11,143 INFO  impl.RoleInfo (RoleInfo.java:shutdownFollowerState(121)) - 3a30d705-106a-482e-b6c0-0b4fa2317942: shutdown FollowerState
2019-07-14 04:36:11,143 INFO  impl.RaftServerImpl (RaftServerImpl.java:setRole(171)) - 3a30d705-106a-482e-b6c0-0b4fa2317942:group-3E56A0CEABB0 changes role from FOLLOWER to CANDIDATE at term 0 for changeToCandidate
2019-07-14 04:36:11,143 INFO  impl.RoleInfo (RoleInfo.java:updateAndGet(143)) - 3a30d705-106a-482e-b6c0-0b4fa2317942: start LeaderElection
2019-07-14 04:36:11,187 INFO  impl.LeaderElection (LeaderElection.java:askForVotes(181)) - 3a30d705-106a-482e-b6c0-0b4fa2317942:group-3E56A0CEABB0:LeaderElection26: begin an election at term 1 for -1: [3a30d705-106a-482e-b6c0-0b4fa2317942:192.168.5.157:33319], old=null
2019-07-14 04:36:11,187 INFO  impl.RoleInfo (RoleInfo.java:shutdownLeaderElection(134)) - 3a30d705-106a-482e-b6c0-0b4fa2317942: shutdown LeaderElection
2019-07-14 04:36:11,187 INFO  impl.RaftServerImpl (RaftServerImpl.java:setRole(171)) - 3a30d705-106a-482e-b6c0-0b4fa2317942:group-3E56A0CEABB0 changes role from CANDIDATE to LEADER at term 1 for changeToLeader
2019-07-14 04:36:11,188 INFO  impl.RaftServerImpl (ServerState.java:setLeader(263)) - 3a30d705-106a-482e-b6c0-0b4fa2317942:group-3E56A0CEABB0 change Leader from null to 3a30d705-106a-482e-b6c0-0b4fa2317942 at term 1 for becomeLeader, leader elected after 5191ms
2019-07-14 04:36:11,188 INFO  server.RaftServerConfigKeys (ConfUtils.java:logGet(43)) - raft.server.staging.catchup.gap = 1000 (default)
2019-07-14 04:36:11,188 INFO  server.RaftServerConfigKeys (ConfUtils.java:logGet(43)) - raft.server.rpc.sleep.time = 25ms (default)
2019-07-14 04:36:11,188 INFO  server.RaftServerConfigKeys (ConfUtils.java:logGet(43)) - raft.server.write.element-limit = 4096 (default)
2019-07-14 04:36:11,188 INFO  server.RaftServerConfigKeys (ConfUtils.java:logGet(43)) - raft.server.watch.timeout = 10s (default)
2019-07-14 04:36:11,188 INFO  server.RaftServerConfigKeys (ConfUtils.java:logGet(43)) - raft.server.watch.timeout.denomination = 1s (default)
2019-07-14 04:36:11,189 INFO  server.RaftServerConfigKeys (ConfUtils.java:logGet(43)) - raft.server.watch.element-limit = 65536 (default)
2019-07-14 04:36:11,189 INFO  impl.RoleInfo (RoleInfo.java:updateAndGet(143)) - 3a30d705-106a-482e-b6c0-0b4fa2317942: start LeaderState
2019-07-14 04:36:11,189 INFO  segmented.SegmentedRaftLogWorker (SegmentedRaftLogWorker.java:startLogSegment(380)) - 3a30d705-106a-482e-b6c0-0b4fa2317942-SegmentedRaftLogWorker:Storage Directory /tmp/workdir/hadoop-ozone/integration-test/target/test-dir/MiniOzoneClusterImpl-564b5727-9c6b-4f7d-b4ab-636c8fdedaa5/datanode-1/data/ratis/8be5dfc8-9ed1-46cf-8e35-3e56a0ceabb0: Starting segment from index:0
2019-07-14 04:36:11,190 INFO  impl.RaftServerImpl (ServerState.java:setRaftConf(361)) - 3a30d705-106a-482e-b6c0-0b4fa2317942:group-3E56A0CEABB0 set configuration 0: [3a30d705-106a-482e-b6c0-0b4fa2317942:192.168.5.157:33319], old=null at 0
2019-07-14 04:36:11,231 INFO  impl.FollowerState (FollowerState.java:run(106)) - 2c347813-d089-4e05-8364-43c4bb29326e:group-40EF4545634C changes to CANDIDATE, lastRpcTime:5026, electionTimeout:5026ms
2019-07-14 04:36:11,231 INFO  impl.RoleInfo (RoleInfo.java:shutdownFollowerState(121)) - 2c347813-d089-4e05-8364-43c4bb29326e: shutdown FollowerState
2019-07-14 04:36:11,231 INFO  impl.RaftServerImpl (RaftServerImpl.java:setRole(171)) - 2c347813-d089-4e05-8364-43c4bb29326e:group-40EF4545634C changes role from FOLLOWER to CANDIDATE at term 0 for changeToCandidate
2019-07-14 04:36:11,231 INFO  impl.RoleInfo (RoleInfo.java:updateAndGet(143)) - 2c347813-d089-4e05-8364-43c4bb29326e: start LeaderElection
2019-07-14 04:36:11,242 INFO  segmented.SegmentedRaftLogWorker (SegmentedRaftLogWorker.java:execute(569)) - 3a30d705-106a-482e-b6c0-0b4fa2317942-SegmentedRaftLogWorker:Storage Directory /tmp/workdir/hadoop-ozone/integration-test/target/test-dir/MiniOzoneClusterImpl-564b5727-9c6b-4f7d-b4ab-636c8fdedaa5/datanode-1/data/ratis/8be5dfc8-9ed1-46cf-8e35-3e56a0ceabb0: created new log segment /tmp/workdir/hadoop-ozone/integration-test/target/test-dir/MiniOzoneClusterImpl-564b5727-9c6b-4f7d-b4ab-636c8fdedaa5/datanode-1/data/ratis/8be5dfc8-9ed1-46cf-8e35-3e56a0ceabb0/current/log_inprogress_0
2019-07-14 04:36:11,259 INFO  impl.FollowerState (FollowerState.java:run(106)) - 3a30d705-106a-482e-b6c0-0b4fa2317942:group-2F0E73CB07B2 changes to CANDIDATE, lastRpcTime:5006, electionTimeout:5006ms
2019-07-14 04:36:11,259 INFO  impl.RoleInfo (RoleInfo.java:shutdownFollowerState(121)) - 3a30d705-106a-482e-b6c0-0b4fa2317942: shutdown FollowerState
2019-07-14 04:36:11,259 INFO  impl.RaftServerImpl (RaftServerImpl.java:setRole(171)) - 3a30d705-106a-482e-b6c0-0b4fa2317942:group-2F0E73CB07B2 changes role from FOLLOWER to CANDIDATE at term 0 for changeToCandidate
2019-07-14 04:36:11,259 INFO  impl.RoleInfo (RoleInfo.java:updateAndGet(143)) - 3a30d705-106a-482e-b6c0-0b4fa2317942: start LeaderElection
2019-07-14 04:36:11,275 INFO  impl.LeaderElection (LeaderElection.java:askForVotes(181)) - 2c347813-d089-4e05-8364-43c4bb29326e:group-40EF4545634C:LeaderElection27: begin an election at term 1 for -1: [2c347813-d089-4e05-8364-43c4bb29326e:192.168.5.157:35029], old=null
2019-07-14 04:36:11,275 INFO  impl.LeaderElection (LeaderElection.java:askForVotes(181)) - 3a30d705-106a-482e-b6c0-0b4fa2317942:group-2F0E73CB07B2:LeaderElection28: begin an election at term 1 for -1: [6ce6429d-ca4c-4475-bf53-ede7f8353202:192.168.5.157:41788, 2c347813-d089-4e05-8364-43c4bb29326e:192.168.5.157:35029, 3a30d705-106a-482e-b6c0-0b4fa2317942:192.168.5.157:33319], old=null
2019-07-14 04:36:11,275 INFO  impl.RoleInfo (RoleInfo.java:shutdownLeaderElection(134)) - 2c347813-d089-4e05-8364-43c4bb29326e: shutdown LeaderElection
2019-07-14 04:36:11,275 INFO  impl.RaftServerImpl (RaftServerImpl.java:setRole(171)) - 2c347813-d089-4e05-8364-43c4bb29326e:group-40EF4545634C changes role from CANDIDATE to LEADER at term 1 for changeToLeader
2019-07-14 04:36:11,275 INFO  impl.RaftServerImpl (ServerState.java:setLeader(263)) - 2c347813-d089-4e05-8364-43c4bb29326e:group-40EF4545634C change Leader from null to 2c347813-d089-4e05-8364-43c4bb29326e at term 1 for becomeLeader, leader elected after 5076ms
2019-07-14 04:36:11,275 INFO  server.RaftServerConfigKeys (ConfUtils.java:logGet(43)) - raft.server.staging.catchup.gap = 1000 (default)
2019-07-14 04:36:11,276 INFO  server.RaftServerConfigKeys (ConfUtils.java:logGet(43)) - raft.server.rpc.sleep.time = 25ms (default)
2019-07-14 04:36:11,276 INFO  server.RaftServerConfigKeys (ConfUtils.java:logGet(43)) - raft.server.write.element-limit = 4096 (default)
2019-07-14 04:36:11,276 INFO  server.RaftServerConfigKeys (ConfUtils.java:logGet(43)) - raft.server.watch.timeout = 10s (default)
2019-07-14 04:36:11,276 INFO  server.RaftServerConfigKeys (ConfUtils.java:logGet(43)) - raft.server.watch.timeout.denomination = 1s (default)
2019-07-14 04:36:11,276 INFO  server.RaftServerConfigKeys (ConfUtils.java:logGet(43)) - raft.server.watch.element-limit = 65536 (default)
2019-07-14 04:36:11,277 INFO  impl.RoleInfo (RoleInfo.java:updateAndGet(143)) - 2c347813-d089-4e05-8364-43c4bb29326e: start LeaderState
2019-07-14 04:36:11,277 INFO  segmented.SegmentedRaftLogWorker (SegmentedRaftLogWorker.java:startLogSegment(380)) - 2c347813-d089-4e05-8364-43c4bb29326e-SegmentedRaftLogWorker:Storage Directory /tmp/workdir/hadoop-ozone/integration-test/target/test-dir/MiniOzoneClusterImpl-564b5727-9c6b-4f7d-b4ab-636c8fdedaa5/datanode-2/data/ratis/9293efde-f21c-4762-81f6-40ef4545634c: Starting segment from index:0
2019-07-14 04:36:11,278 INFO  impl.RaftServerImpl (ServerState.java:setRaftConf(361)) - 2c347813-d089-4e05-8364-43c4bb29326e:group-40EF4545634C set configuration 0: [2c347813-d089-4e05-8364-43c4bb29326e:192.168.5.157:35029], old=null at 0
2019-07-14 04:36:11,281 INFO  impl.RaftServerImpl (RaftServerImpl.java:setRole(171)) - 6ce6429d-ca4c-4475-bf53-ede7f8353202:group-2F0E73CB07B2 changes role from FOLLOWER to FOLLOWER at term 1 for recognizeCandidate:3a30d705-106a-482e-b6c0-0b4fa2317942
2019-07-14 04:36:11,281 INFO  impl.RaftServerImpl (RaftServerImpl.java:setRole(171)) - 2c347813-d089-4e05-8364-43c4bb29326e:group-2F0E73CB07B2 changes role from FOLLOWER to FOLLOWER at term 1 for recognizeCandidate:3a30d705-106a-482e-b6c0-0b4fa2317942
2019-07-14 04:36:11,282 INFO  impl.RoleInfo (RoleInfo.java:shutdownFollowerState(121)) - 6ce6429d-ca4c-4475-bf53-ede7f8353202: shutdown FollowerState
2019-07-14 04:36:11,282 INFO  impl.RoleInfo (RoleInfo.java:shutdownFollowerState(121)) - 2c347813-d089-4e05-8364-43c4bb29326e: shutdown FollowerState
2019-07-14 04:36:11,282 INFO  impl.FollowerState (FollowerState.java:run(114)) - 6ce6429d-ca4c-4475-bf53-ede7f8353202: FollowerState was interrupted: java.lang.InterruptedException: sleep interrupted
2019-07-14 04:36:11,282 INFO  impl.RoleInfo (RoleInfo.java:updateAndGet(143)) - 6ce6429d-ca4c-4475-bf53-ede7f8353202: start FollowerState
2019-07-14 04:36:11,282 INFO  impl.FollowerState (FollowerState.java:run(114)) - 2c347813-d089-4e05-8364-43c4bb29326e: FollowerState was interrupted: java.lang.InterruptedException: sleep interrupted
2019-07-14 04:36:11,282 INFO  impl.RoleInfo (RoleInfo.java:updateAndGet(143)) - 2c347813-d089-4e05-8364-43c4bb29326e: start FollowerState
2019-07-14 04:36:11,317 INFO  segmented.SegmentedRaftLogWorker (SegmentedRaftLogWorker.java:execute(569)) - 2c347813-d089-4e05-8364-43c4bb29326e-SegmentedRaftLogWorker:Storage Directory /tmp/workdir/hadoop-ozone/integration-test/target/test-dir/MiniOzoneClusterImpl-564b5727-9c6b-4f7d-b4ab-636c8fdedaa5/datanode-2/data/ratis/9293efde-f21c-4762-81f6-40ef4545634c: created new log segment /tmp/workdir/hadoop-ozone/integration-test/target/test-dir/MiniOzoneClusterImpl-564b5727-9c6b-4f7d-b4ab-636c8fdedaa5/datanode-2/data/ratis/9293efde-f21c-4762-81f6-40ef4545634c/current/log_inprogress_0
2019-07-14 04:36:11,319 INFO  impl.LeaderElection (LeaderElection.java:logAndReturn(56)) - 3a30d705-106a-482e-b6c0-0b4fa2317942:group-2F0E73CB07B2:LeaderElection28: Election PASSED; received 1 response(s) [3a30d705-106a-482e-b6c0-0b4fa2317942<-2c347813-d089-4e05-8364-43c4bb29326e#0:OK-t1] and 0 exception(s); 3a30d705-106a-482e-b6c0-0b4fa2317942:t1, leader=null, voted=3a30d705-106a-482e-b6c0-0b4fa2317942, raftlog=3a30d705-106a-482e-b6c0-0b4fa2317942-SegmentedRaftLog:OPENED:c-1,f-1,i0, conf=-1: [6ce6429d-ca4c-4475-bf53-ede7f8353202:192.168.5.157:41788, 2c347813-d089-4e05-8364-43c4bb29326e:192.168.5.157:35029, 3a30d705-106a-482e-b6c0-0b4fa2317942:192.168.5.157:33319], old=null
2019-07-14 04:36:11,320 INFO  impl.RoleInfo (RoleInfo.java:shutdownLeaderElection(134)) - 3a30d705-106a-482e-b6c0-0b4fa2317942: shutdown LeaderElection
2019-07-14 04:36:11,320 INFO  impl.RaftServerImpl (RaftServerImpl.java:setRole(171)) - 3a30d705-106a-482e-b6c0-0b4fa2317942:group-2F0E73CB07B2 changes role from CANDIDATE to LEADER at term 1 for changeToLeader
2019-07-14 04:36:11,320 INFO  impl.RaftServerImpl (ServerState.java:setLeader(263)) - 3a30d705-106a-482e-b6c0-0b4fa2317942:group-2F0E73CB07B2 change Leader from null to 3a30d705-106a-482e-b6c0-0b4fa2317942 at term 1 for becomeLeader, leader elected after 5076ms
2019-07-14 04:36:11,320 INFO  server.RaftServerConfigKeys (ConfUtils.java:logGet(43)) - raft.server.staging.catchup.gap = 1000 (default)
2019-07-14 04:36:11,320 INFO  server.RaftServerConfigKeys (ConfUtils.java:logGet(43)) - raft.server.rpc.sleep.time = 25ms (default)
2019-07-14 04:36:11,320 INFO  server.RaftServerConfigKeys (ConfUtils.java:logGet(43)) - raft.server.write.element-limit = 4096 (default)
2019-07-14 04:36:11,321 INFO  server.RaftServerConfigKeys (ConfUtils.java:logGet(43)) - raft.server.watch.timeout = 10s (default)
2019-07-14 04:36:11,321 INFO  server.RaftServerConfigKeys (ConfUtils.java:logGet(43)) - raft.server.watch.timeout.denomination = 1s (default)
2019-07-14 04:36:11,321 INFO  server.RaftServerConfigKeys (ConfUtils.java:logGet(43)) - raft.server.watch.element-limit = 65536 (default)
2019-07-14 04:36:11,321 INFO  server.RaftServerConfigKeys (ConfUtils.java:logGet(43)) - raft.server.log.appender.snapshot.chunk.size.max = 16MB (=16777216) (default)
2019-07-14 04:36:11,321 INFO  server.RaftServerConfigKeys (ConfUtils.java:logGet(43)) - raft.server.log.appender.buffer.byte-limit = 33554432 (custom)
2019-07-14 04:36:11,321 INFO  server.RaftServerConfigKeys (ConfUtils.java:logGet(43)) - raft.server.log.appender.buffer.element-limit = 1 (custom)
2019-07-14 04:36:11,322 INFO  grpc.GrpcConfigKeys$Server (ConfUtils.java:logGet(43)) - raft.grpc.server.leader.outstanding.appends.max = 128 (default)
2019-07-14 04:36:11,322 INFO  server.RaftServerConfigKeys (ConfUtils.java:logGet(43)) - raft.server.rpc.request.timeout = 3000ms (default)
2019-07-14 04:36:11,322 INFO  server.RaftServerConfigKeys (ConfUtils.java:logGet(43)) - raft.server.log.appender.install.snapshot.enabled = false (custom)
2019-07-14 04:36:11,322 INFO  server.RaftServerConfigKeys (ConfUtils.java:logGet(43)) - raft.server.log.appender.snapshot.chunk.size.max = 16MB (=16777216) (default)
2019-07-14 04:36:11,322 INFO  server.RaftServerConfigKeys (ConfUtils.java:logGet(43)) - raft.server.log.appender.buffer.byte-limit = 33554432 (custom)
2019-07-14 04:36:11,323 INFO  server.RaftServerConfigKeys (ConfUtils.java:logGet(43)) - raft.server.log.appender.buffer.element-limit = 1 (custom)
2019-07-14 04:36:11,323 INFO  grpc.GrpcConfigKeys$Server (ConfUtils.java:logGet(43)) - raft.grpc.server.leader.outstanding.appends.max = 128 (default)
2019-07-14 04:36:11,323 INFO  server.RaftServerConfigKeys (ConfUtils.java:logGet(43)) - raft.server.rpc.request.timeout = 3000ms (default)
2019-07-14 04:36:11,323 INFO  server.RaftServerConfigKeys (ConfUtils.java:logGet(43)) - raft.server.log.appender.install.snapshot.enabled = false (custom)
2019-07-14 04:36:11,323 INFO  impl.RoleInfo (RoleInfo.java:updateAndGet(143)) - 3a30d705-106a-482e-b6c0-0b4fa2317942: start LeaderState
2019-07-14 04:36:11,324 INFO  segmented.SegmentedRaftLogWorker (SegmentedRaftLogWorker.java:startLogSegment(380)) - 3a30d705-106a-482e-b6c0-0b4fa2317942-SegmentedRaftLogWorker:Storage Directory /tmp/workdir/hadoop-ozone/integration-test/target/test-dir/MiniOzoneClusterImpl-564b5727-9c6b-4f7d-b4ab-636c8fdedaa5/datanode-1/data/ratis/57581aaf-9038-4e24-9ff6-2f0e73cb07b2: Starting segment from index:0
2019-07-14 04:36:11,325 INFO  impl.RaftServerImpl (ServerState.java:setRaftConf(361)) - 3a30d705-106a-482e-b6c0-0b4fa2317942:group-2F0E73CB07B2 set configuration 0: [6ce6429d-ca4c-4475-bf53-ede7f8353202:192.168.5.157:41788, 2c347813-d089-4e05-8364-43c4bb29326e:192.168.5.157:35029, 3a30d705-106a-482e-b6c0-0b4fa2317942:192.168.5.157:33319], old=null at 0
2019-07-14 04:36:11,356 INFO  segmented.SegmentedRaftLogWorker (SegmentedRaftLogWorker.java:execute(569)) - 3a30d705-106a-482e-b6c0-0b4fa2317942-SegmentedRaftLogWorker:Storage Directory /tmp/workdir/hadoop-ozone/integration-test/target/test-dir/MiniOzoneClusterImpl-564b5727-9c6b-4f7d-b4ab-636c8fdedaa5/datanode-1/data/ratis/57581aaf-9038-4e24-9ff6-2f0e73cb07b2: created new log segment /tmp/workdir/hadoop-ozone/integration-test/target/test-dir/MiniOzoneClusterImpl-564b5727-9c6b-4f7d-b4ab-636c8fdedaa5/datanode-1/data/ratis/57581aaf-9038-4e24-9ff6-2f0e73cb07b2/current/log_inprogress_0
2019-07-14 04:36:11,356 INFO  impl.RaftServerImpl (ServerState.java:setLeader(263)) - 6ce6429d-ca4c-4475-bf53-ede7f8353202:group-2F0E73CB07B2 change Leader from null to 3a30d705-106a-482e-b6c0-0b4fa2317942 at term 1 for appendEntries, leader elected after 5112ms
2019-07-14 04:36:11,356 INFO  impl.RaftServerImpl (ServerState.java:setLeader(263)) - 2c347813-d089-4e05-8364-43c4bb29326e:group-2F0E73CB07B2 change Leader from null to 3a30d705-106a-482e-b6c0-0b4fa2317942 at term 1 for appendEntries, leader elected after 5116ms
2019-07-14 04:36:11,360 INFO  impl.RaftServerImpl (ServerState.java:setRaftConf(361)) - 6ce6429d-ca4c-4475-bf53-ede7f8353202:group-2F0E73CB07B2 set configuration 0: [6ce6429d-ca4c-4475-bf53-ede7f8353202:192.168.5.157:41788, 2c347813-d089-4e05-8364-43c4bb29326e:192.168.5.157:35029, 3a30d705-106a-482e-b6c0-0b4fa2317942:192.168.5.157:33319], old=null at 0
2019-07-14 04:36:11,360 INFO  segmented.SegmentedRaftLogWorker (SegmentedRaftLogWorker.java:startLogSegment(380)) - 6ce6429d-ca4c-4475-bf53-ede7f8353202-SegmentedRaftLogWorker:Storage Directory /tmp/workdir/hadoop-ozone/integration-test/target/test-dir/MiniOzoneClusterImpl-564b5727-9c6b-4f7d-b4ab-636c8fdedaa5/datanode-0/data/ratis/57581aaf-9038-4e24-9ff6-2f0e73cb07b2: Starting segment from index:0
2019-07-14 04:36:11,360 INFO  impl.RaftServerImpl (ServerState.java:setRaftConf(361)) - 2c347813-d089-4e05-8364-43c4bb29326e:group-2F0E73CB07B2 set configuration 0: [6ce6429d-ca4c-4475-bf53-ede7f8353202:192.168.5.157:41788, 2c347813-d089-4e05-8364-43c4bb29326e:192.168.5.157:35029, 3a30d705-106a-482e-b6c0-0b4fa2317942:192.168.5.157:33319], old=null at 0
2019-07-14 04:36:11,360 INFO  segmented.SegmentedRaftLogWorker (SegmentedRaftLogWorker.java:startLogSegment(380)) - 2c347813-d089-4e05-8364-43c4bb29326e-SegmentedRaftLogWorker:Storage Directory /tmp/workdir/hadoop-ozone/integration-test/target/test-dir/MiniOzoneClusterImpl-564b5727-9c6b-4f7d-b4ab-636c8fdedaa5/datanode-2/data/ratis/57581aaf-9038-4e24-9ff6-2f0e73cb07b2: Starting segment from index:0
2019-07-14 04:36:11,387 INFO  segmented.SegmentedRaftLogWorker (SegmentedRaftLogWorker.java:execute(569)) - 2c347813-d089-4e05-8364-43c4bb29326e-SegmentedRaftLogWorker:Storage Directory /tmp/workdir/hadoop-ozone/integration-test/target/test-dir/MiniOzoneClusterImpl-564b5727-9c6b-4f7d-b4ab-636c8fdedaa5/datanode-2/data/ratis/57581aaf-9038-4e24-9ff6-2f0e73cb07b2: created new log segment /tmp/workdir/hadoop-ozone/integration-test/target/test-dir/MiniOzoneClusterImpl-564b5727-9c6b-4f7d-b4ab-636c8fdedaa5/datanode-2/data/ratis/57581aaf-9038-4e24-9ff6-2f0e73cb07b2/current/log_inprogress_0
2019-07-14 04:36:11,387 INFO  segmented.SegmentedRaftLogWorker (SegmentedRaftLogWorker.java:execute(569)) - 6ce6429d-ca4c-4475-bf53-ede7f8353202-SegmentedRaftLogWorker:Storage Directory /tmp/workdir/hadoop-ozone/integration-test/target/test-dir/MiniOzoneClusterImpl-564b5727-9c6b-4f7d-b4ab-636c8fdedaa5/datanode-0/data/ratis/57581aaf-9038-4e24-9ff6-2f0e73cb07b2: created new log segment /tmp/workdir/hadoop-ozone/integration-test/target/test-dir/MiniOzoneClusterImpl-564b5727-9c6b-4f7d-b4ab-636c8fdedaa5/datanode-0/data/ratis/57581aaf-9038-4e24-9ff6-2f0e73cb07b2/current/log_inprogress_0
2019-07-14 04:36:11,472 INFO  client.GrpcClientProtocolClient (GrpcClientProtocolClient.java:onNext(255)) - client-CFDC92214E0F->3a30d705-106a-482e-b6c0-0b4fa2317942: receive RaftClientReply:client-CFDC92214E0F->3a30d705-106a-482e-b6c0-0b4fa2317942@group-2F0E73CB07B2, cid=53, SUCCESS, logIndex=1, commits[3a30d705-106a-482e-b6c0-0b4fa2317942:c2, 6ce6429d-ca4c-4475-bf53-ede7f8353202:c1, 2c347813-d089-4e05-8364-43c4bb29326e:c1]
2019-07-14 04:36:11,473 INFO  datanode.ObjectStoreHandler (ObjectStoreHandler.java:close(155)) - Closing ObjectStoreHandler.
2019-07-14 04:36:11,473 INFO  ozone.HddsDatanodeService (HddsDatanodeService.java:stop(452)) - Stopped plug-in org.apache.hadoop.ozone.web.OzoneHddsDatanodeService@4a47bc9c
2019-07-14 04:36:11,497 INFO  statemachine.DatanodeStateMachine (DatanodeStateMachine.java:lambda$startDaemon$0(350)) - Ozone container server started.
2019-07-14 04:36:11,519 INFO  impl.FollowerState (FollowerState.java:run(106)) - 468a5dcf-365b-4bdb-8cfb-899d8e9c2a0e:group-AA77CE7879E7 changes to CANDIDATE, lastRpcTime:5090, electionTimeout:5090ms
2019-07-14 04:36:11,519 INFO  impl.RoleInfo (RoleInfo.java:shutdownFollowerState(121)) - 468a5dcf-365b-4bdb-8cfb-899d8e9c2a0e: shutdown FollowerState
2019-07-14 04:36:11,519 INFO  impl.RaftServerImpl (RaftServerImpl.java:setRole(171)) - 468a5dcf-365b-4bdb-8cfb-899d8e9c2a0e:group-AA77CE7879E7 changes role from FOLLOWER to CANDIDATE at term 0 for changeToCandidate
2019-07-14 04:36:11,519 INFO  impl.RoleInfo (RoleInfo.java:updateAndGet(143)) - 468a5dcf-365b-4bdb-8cfb-899d8e9c2a0e: start LeaderElection
2019-07-14 04:36:11,538 INFO  impl.LeaderElection (LeaderElection.java:askForVotes(181)) - 468a5dcf-365b-4bdb-8cfb-899d8e9c2a0e:group-AA77CE7879E7:LeaderElection29: begin an election at term 1 for -1: [468a5dcf-365b-4bdb-8cfb-899d8e9c2a0e:192.168.5.157:44695], old=null
2019-07-14 04:36:11,538 INFO  impl.RoleInfo (RoleInfo.java:shutdownLeaderElection(134)) - 468a5dcf-365b-4bdb-8cfb-899d8e9c2a0e: shutdown LeaderElection
2019-07-14 04:36:11,538 INFO  impl.RaftServerImpl (RaftServerImpl.java:setRole(171)) - 468a5dcf-365b-4bdb-8cfb-899d8e9c2a0e:group-AA77CE7879E7 changes role from CANDIDATE to LEADER at term 1 for changeToLeader
2019-07-14 04:36:11,538 INFO  impl.RaftServerImpl (ServerState.java:setLeader(263)) - 468a5dcf-365b-4bdb-8cfb-899d8e9c2a0e:group-AA77CE7879E7 change Leader from null to 468a5dcf-365b-4bdb-8cfb-899d8e9c2a0e at term 1 for becomeLeader, leader elected after 5114ms
2019-07-14 04:36:11,538 INFO  server.RaftServerConfigKeys (ConfUtils.java:logGet(43)) - raft.server.staging.catchup.gap = 1000 (default)
2019-07-14 04:36:11,538 INFO  server.RaftServerConfigKeys (ConfUtils.java:logGet(43)) - raft.server.rpc.sleep.time = 25ms (default)
2019-07-14 04:36:11,539 INFO  server.RaftServerConfigKeys (ConfUtils.java:logGet(43)) - raft.server.write.element-limit = 4096 (default)
2019-07-14 04:36:11,539 INFO  server.RaftServerConfigKeys (ConfUtils.java:logGet(43)) - raft.server.watch.timeout = 10s (default)
2019-07-14 04:36:11,539 INFO  server.RaftServerConfigKeys (ConfUtils.java:logGet(43)) - raft.server.watch.timeout.denomination = 1s (default)
2019-07-14 04:36:11,539 INFO  server.RaftServerConfigKeys (ConfUtils.java:logGet(43)) - raft.server.watch.element-limit = 65536 (default)
2019-07-14 04:36:11,539 INFO  impl.RoleInfo (RoleInfo.java:updateAndGet(143)) - 468a5dcf-365b-4bdb-8cfb-899d8e9c2a0e: start LeaderState
2019-07-14 04:36:11,539 INFO  segmented.SegmentedRaftLogWorker (SegmentedRaftLogWorker.java:startLogSegment(380)) - 468a5dcf-365b-4bdb-8cfb-899d8e9c2a0e-SegmentedRaftLogWorker:Storage Directory /tmp/workdir/hadoop-ozone/integration-test/target/test-dir/MiniOzoneClusterImpl-564b5727-9c6b-4f7d-b4ab-636c8fdedaa5/datanode-3/data/ratis/f3f37839-1423-401e-98b8-aa77ce7879e7: Starting segment from index:0
2019-07-14 04:36:11,540 INFO  impl.RaftServerImpl (ServerState.java:setRaftConf(361)) - 468a5dcf-365b-4bdb-8cfb-899d8e9c2a0e:group-AA77CE7879E7 set configuration 0: [468a5dcf-365b-4bdb-8cfb-899d8e9c2a0e:192.168.5.157:44695], old=null at 0
2019-07-14 04:36:11,564 INFO  segmented.SegmentedRaftLogWorker (SegmentedRaftLogWorker.java:execute(569)) - 468a5dcf-365b-4bdb-8cfb-899d8e9c2a0e-SegmentedRaftLogWorker:Storage Directory /tmp/workdir/hadoop-ozone/integration-test/target/test-dir/MiniOzoneClusterImpl-564b5727-9c6b-4f7d-b4ab-636c8fdedaa5/datanode-3/data/ratis/f3f37839-1423-401e-98b8-aa77ce7879e7: created new log segment /tmp/workdir/hadoop-ozone/integration-test/target/test-dir/MiniOzoneClusterImpl-564b5727-9c6b-4f7d-b4ab-636c8fdedaa5/datanode-3/data/ratis/f3f37839-1423-401e-98b8-aa77ce7879e7/current/log_inprogress_0
2019-07-14 04:36:11,686 INFO  impl.FollowerState (FollowerState.java:run(106)) - 8351eea8-7bc2-4544-839c-cfe1294c2641:group-7DBCD6DAB1EE changes to CANDIDATE, lastRpcTime:5048, electionTimeout:5048ms
2019-07-14 04:36:11,687 INFO  impl.RoleInfo (RoleInfo.java:shutdownFollowerState(121)) - 8351eea8-7bc2-4544-839c-cfe1294c2641: shutdown FollowerState
2019-07-14 04:36:11,687 INFO  impl.RaftServerImpl (RaftServerImpl.java:setRole(171)) - 8351eea8-7bc2-4544-839c-cfe1294c2641:group-7DBCD6DAB1EE changes role from FOLLOWER to CANDIDATE at term 0 for changeToCandidate
2019-07-14 04:36:11,687 INFO  impl.RoleInfo (RoleInfo.java:updateAndGet(143)) - 8351eea8-7bc2-4544-839c-cfe1294c2641: start LeaderElection
2019-07-14 04:36:11,717 INFO  impl.LeaderElection (LeaderElection.java:askForVotes(181)) - 8351eea8-7bc2-4544-839c-cfe1294c2641:group-7DBCD6DAB1EE:LeaderElection30: begin an election at term 1 for -1: [8351eea8-7bc2-4544-839c-cfe1294c2641:192.168.5.157:37039], old=null
2019-07-14 04:36:11,718 INFO  impl.RoleInfo (RoleInfo.java:shutdownLeaderElection(134)) - 8351eea8-7bc2-4544-839c-cfe1294c2641: shutdown LeaderElection
2019-07-14 04:36:11,718 INFO  impl.RaftServerImpl (RaftServerImpl.java:setRole(171)) - 8351eea8-7bc2-4544-839c-cfe1294c2641:group-7DBCD6DAB1EE changes role from CANDIDATE to LEADER at term 1 for changeToLeader
2019-07-14 04:36:11,718 INFO  impl.RaftServerImpl (ServerState.java:setLeader(263)) - 8351eea8-7bc2-4544-839c-cfe1294c2641:group-7DBCD6DAB1EE change Leader from null to 8351eea8-7bc2-4544-839c-cfe1294c2641 at term 1 for becomeLeader, leader elected after 5085ms
2019-07-14 04:36:11,718 INFO  server.RaftServerConfigKeys (ConfUtils.java:logGet(43)) - raft.server.staging.catchup.gap = 1000 (default)
2019-07-14 04:36:11,718 INFO  server.RaftServerConfigKeys (ConfUtils.java:logGet(43)) - raft.server.rpc.sleep.time = 25ms (default)
2019-07-14 04:36:11,718 INFO  server.RaftServerConfigKeys (ConfUtils.java:logGet(43)) - raft.server.write.element-limit = 4096 (default)
2019-07-14 04:36:11,719 INFO  server.RaftServerConfigKeys (ConfUtils.java:logGet(43)) - raft.server.watch.timeout = 10s (default)
2019-07-14 04:36:11,719 INFO  server.RaftServerConfigKeys (ConfUtils.java:logGet(43)) - raft.server.watch.timeout.denomination = 1s (default)
2019-07-14 04:36:11,719 INFO  server.RaftServerConfigKeys (ConfUtils.java:logGet(43)) - raft.server.watch.element-limit = 65536 (default)
2019-07-14 04:36:11,719 INFO  impl.RoleInfo (RoleInfo.java:updateAndGet(143)) - 8351eea8-7bc2-4544-839c-cfe1294c2641: start LeaderState
2019-07-14 04:36:11,719 INFO  segmented.SegmentedRaftLogWorker (SegmentedRaftLogWorker.java:startLogSegment(380)) - 8351eea8-7bc2-4544-839c-cfe1294c2641-SegmentedRaftLogWorker:Storage Directory /tmp/workdir/hadoop-ozone/integration-test/target/test-dir/MiniOzoneClusterImpl-564b5727-9c6b-4f7d-b4ab-636c8fdedaa5/datanode-4/data/ratis/02d24789-02cc-452c-b189-7dbcd6dab1ee: Starting segment from index:0
2019-07-14 04:36:11,720 INFO  impl.RaftServerImpl (ServerState.java:setRaftConf(361)) - 8351eea8-7bc2-4544-839c-cfe1294c2641:group-7DBCD6DAB1EE set configuration 0: [8351eea8-7bc2-4544-839c-cfe1294c2641:192.168.5.157:37039], old=null at 0
2019-07-14 04:36:11,751 INFO  segmented.SegmentedRaftLogWorker (SegmentedRaftLogWorker.java:execute(569)) - 8351eea8-7bc2-4544-839c-cfe1294c2641-SegmentedRaftLogWorker:Storage Directory /tmp/workdir/hadoop-ozone/integration-test/target/test-dir/MiniOzoneClusterImpl-564b5727-9c6b-4f7d-b4ab-636c8fdedaa5/datanode-4/data/ratis/02d24789-02cc-452c-b189-7dbcd6dab1ee: created new log segment /tmp/workdir/hadoop-ozone/integration-test/target/test-dir/MiniOzoneClusterImpl-564b5727-9c6b-4f7d-b4ab-636c8fdedaa5/datanode-4/data/ratis/02d24789-02cc-452c-b189-7dbcd6dab1ee/current/log_inprogress_0
2019-07-14 04:36:11,916 INFO  impl.FollowerState (FollowerState.java:run(106)) - ce3110da-6ed2-48aa-a303-b931b35bb141:group-5B216BFDA84B changes to CANDIDATE, lastRpcTime:5012, electionTimeout:5012ms
2019-07-14 04:36:11,917 INFO  impl.RoleInfo (RoleInfo.java:shutdownFollowerState(121)) - ce3110da-6ed2-48aa-a303-b931b35bb141: shutdown FollowerState
2019-07-14 04:36:11,917 INFO  impl.RaftServerImpl (RaftServerImpl.java:setRole(171)) - ce3110da-6ed2-48aa-a303-b931b35bb141:group-5B216BFDA84B changes role from FOLLOWER to CANDIDATE at term 0 for changeToCandidate
2019-07-14 04:36:11,917 INFO  impl.RoleInfo (RoleInfo.java:updateAndGet(143)) - ce3110da-6ed2-48aa-a303-b931b35bb141: start LeaderElection
2019-07-14 04:36:11,939 INFO  impl.LeaderElection (LeaderElection.java:askForVotes(181)) - ce3110da-6ed2-48aa-a303-b931b35bb141:group-5B216BFDA84B:LeaderElection31: begin an election at term 1 for -1: [ce3110da-6ed2-48aa-a303-b931b35bb141:192.168.5.157:39030], old=null
2019-07-14 04:36:11,939 INFO  impl.RoleInfo (RoleInfo.java:shutdownLeaderElection(134)) - ce3110da-6ed2-48aa-a303-b931b35bb141: shutdown LeaderElection
2019-07-14 04:36:11,939 INFO  impl.RaftServerImpl (RaftServerImpl.java:setRole(171)) - ce3110da-6ed2-48aa-a303-b931b35bb141:group-5B216BFDA84B changes role from CANDIDATE to LEADER at term 1 for changeToLeader
2019-07-14 04:36:11,939 INFO  impl.RaftServerImpl (ServerState.java:setLeader(263)) - ce3110da-6ed2-48aa-a303-b931b35bb141:group-5B216BFDA84B change Leader from null to ce3110da-6ed2-48aa-a303-b931b35bb141 at term 1 for becomeLeader, leader elected after 5040ms
2019-07-14 04:36:11,939 INFO  server.RaftServerConfigKeys (ConfUtils.java:logGet(43)) - raft.server.staging.catchup.gap = 1000 (default)
2019-07-14 04:36:11,939 INFO  server.RaftServerConfigKeys (ConfUtils.java:logGet(43)) - raft.server.rpc.sleep.time = 25ms (default)
2019-07-14 04:36:11,940 INFO  server.RaftServerConfigKeys (ConfUtils.java:logGet(43)) - raft.server.write.element-limit = 4096 (default)
2019-07-14 04:36:11,940 INFO  server.RaftServerConfigKeys (ConfUtils.java:logGet(43)) - raft.server.watch.timeout = 10s (default)
2019-07-14 04:36:11,940 INFO  server.RaftServerConfigKeys (ConfUtils.java:logGet(43)) - raft.server.watch.timeout.denomination = 1s (default)
2019-07-14 04:36:11,940 INFO  server.RaftServerConfigKeys (ConfUtils.java:logGet(43)) - raft.server.watch.element-limit = 65536 (default)
2019-07-14 04:36:11,940 INFO  impl.RoleInfo (RoleInfo.java:updateAndGet(143)) - ce3110da-6ed2-48aa-a303-b931b35bb141: start LeaderState
2019-07-14 04:36:11,941 INFO  segmented.SegmentedRaftLogWorker (SegmentedRaftLogWorker.java:startLogSegment(380)) - ce3110da-6ed2-48aa-a303-b931b35bb141-SegmentedRaftLogWorker:Storage Directory /tmp/workdir/hadoop-ozone/integration-test/target/test-dir/MiniOzoneClusterImpl-564b5727-9c6b-4f7d-b4ab-636c8fdedaa5/datanode-5/data/ratis/bbe9aa2c-0e3a-4d71-ba5e-5b216bfda84b: Starting segment from index:0
2019-07-14 04:36:11,941 INFO  impl.RaftServerImpl (ServerState.java:setRaftConf(361)) - ce3110da-6ed2-48aa-a303-b931b35bb141:group-5B216BFDA84B set configuration 0: [ce3110da-6ed2-48aa-a303-b931b35bb141:192.168.5.157:39030], old=null at 0
2019-07-14 04:36:11,969 INFO  segmented.SegmentedRaftLogWorker (SegmentedRaftLogWorker.java:execute(569)) - ce3110da-6ed2-48aa-a303-b931b35bb141-SegmentedRaftLogWorker:Storage Directory /tmp/workdir/hadoop-ozone/integration-test/target/test-dir/MiniOzoneClusterImpl-564b5727-9c6b-4f7d-b4ab-636c8fdedaa5/datanode-5/data/ratis/bbe9aa2c-0e3a-4d71-ba5e-5b216bfda84b: created new log segment /tmp/workdir/hadoop-ozone/integration-test/target/test-dir/MiniOzoneClusterImpl-564b5727-9c6b-4f7d-b4ab-636c8fdedaa5/datanode-5/data/ratis/bbe9aa2c-0e3a-4d71-ba5e-5b216bfda84b/current/log_inprogress_0
2019-07-14 04:36:12,004 INFO  impl.FollowerState (FollowerState.java:run(106)) - ce3110da-6ed2-48aa-a303-b931b35bb141:group-671A2CD2BB24 changes to CANDIDATE, lastRpcTime:5043, electionTimeout:5043ms
2019-07-14 04:36:12,004 INFO  impl.RoleInfo (RoleInfo.java:shutdownFollowerState(121)) - ce3110da-6ed2-48aa-a303-b931b35bb141: shutdown FollowerState
2019-07-14 04:36:12,004 INFO  impl.RaftServerImpl (RaftServerImpl.java:setRole(171)) - ce3110da-6ed2-48aa-a303-b931b35bb141:group-671A2CD2BB24 changes role from FOLLOWER to CANDIDATE at term 0 for changeToCandidate
2019-07-14 04:36:12,005 INFO  impl.RoleInfo (RoleInfo.java:updateAndGet(143)) - ce3110da-6ed2-48aa-a303-b931b35bb141: start LeaderElection
2019-07-14 04:36:12,022 INFO  impl.FollowerState (FollowerState.java:run(106)) - 468a5dcf-365b-4bdb-8cfb-899d8e9c2a0e:group-671A2CD2BB24 changes to CANDIDATE, lastRpcTime:5061, electionTimeout:5058ms
2019-07-14 04:36:12,029 INFO  impl.RoleInfo (RoleInfo.java:shutdownFollowerState(121)) - 468a5dcf-365b-4bdb-8cfb-899d8e9c2a0e: shutdown FollowerState
2019-07-14 04:36:12,029 INFO  impl.RaftServerImpl (RaftServerImpl.java:setRole(171)) - 468a5dcf-365b-4bdb-8cfb-899d8e9c2a0e:group-671A2CD2BB24 changes role from FOLLOWER to CANDIDATE at term 0 for changeToCandidate
2019-07-14 04:36:12,029 INFO  impl.RoleInfo (RoleInfo.java:updateAndGet(143)) - 468a5dcf-365b-4bdb-8cfb-899d8e9c2a0e: start LeaderElection
2019-07-14 04:36:12,038 INFO  impl.FollowerState (FollowerState.java:run(106)) - 8351eea8-7bc2-4544-839c-cfe1294c2641:group-671A2CD2BB24 changes to CANDIDATE, lastRpcTime:5081, electionTimeout:5073ms
2019-07-14 04:36:12,038 INFO  impl.RoleInfo (RoleInfo.java:shutdownFollowerState(121)) - 8351eea8-7bc2-4544-839c-cfe1294c2641: shutdown FollowerState
2019-07-14 04:36:12,039 INFO  impl.RaftServerImpl (RaftServerImpl.java:setRole(171)) - 8351eea8-7bc2-4544-839c-cfe1294c2641:group-671A2CD2BB24 changes role from FOLLOWER to CANDIDATE at term 0 for changeToCandidate
2019-07-14 04:36:12,039 INFO  impl.RoleInfo (RoleInfo.java:updateAndGet(143)) - 8351eea8-7bc2-4544-839c-cfe1294c2641: start LeaderElection
2019-07-14 04:36:12,067 INFO  impl.LeaderElection (LeaderElection.java:askForVotes(181)) - ce3110da-6ed2-48aa-a303-b931b35bb141:group-671A2CD2BB24:LeaderElection32: begin an election at term 1 for -1: [8351eea8-7bc2-4544-839c-cfe1294c2641:192.168.5.157:37039, 468a5dcf-365b-4bdb-8cfb-899d8e9c2a0e:192.168.5.157:44695, ce3110da-6ed2-48aa-a303-b931b35bb141:192.168.5.157:39030], old=null
2019-07-14 04:36:12,079 INFO  impl.LeaderElection (LeaderElection.java:askForVotes(181)) - 468a5dcf-365b-4bdb-8cfb-899d8e9c2a0e:group-671A2CD2BB24:LeaderElection33: begin an election at term 1 for -1: [8351eea8-7bc2-4544-839c-cfe1294c2641:192.168.5.157:37039, 468a5dcf-365b-4bdb-8cfb-899d8e9c2a0e:192.168.5.157:44695, ce3110da-6ed2-48aa-a303-b931b35bb141:192.168.5.157:39030], old=null
2019-07-14 04:36:12,079 INFO  impl.LeaderElection (LeaderElection.java:askForVotes(181)) - 8351eea8-7bc2-4544-839c-cfe1294c2641:group-671A2CD2BB24:LeaderElection34: begin an election at term 1 for -1: [8351eea8-7bc2-4544-839c-cfe1294c2641:192.168.5.157:37039, 468a5dcf-365b-4bdb-8cfb-899d8e9c2a0e:192.168.5.157:44695, ce3110da-6ed2-48aa-a303-b931b35bb141:192.168.5.157:39030], old=null
2019-07-14 04:36:12,081 INFO  impl.LeaderElection (LeaderElection.java:logAndReturn(56)) - ce3110da-6ed2-48aa-a303-b931b35bb141:group-671A2CD2BB24:LeaderElection32: Election REJECTED; received 2 response(s) [ce3110da-6ed2-48aa-a303-b931b35bb141<-8351eea8-7bc2-4544-839c-cfe1294c2641#0:FAIL-t1, ce3110da-6ed2-48aa-a303-b931b35bb141<-468a5dcf-365b-4bdb-8cfb-899d8e9c2a0e#0:FAIL-t1] and 0 exception(s); ce3110da-6ed2-48aa-a303-b931b35bb141:t1, leader=null, voted=ce3110da-6ed2-48aa-a303-b931b35bb141, raftlog=ce3110da-6ed2-48aa-a303-b931b35bb141-SegmentedRaftLog:OPENED:c-1,f-1,i0, conf=-1: [8351eea8-7bc2-4544-839c-cfe1294c2641:192.168.5.157:37039, 468a5dcf-365b-4bdb-8cfb-899d8e9c2a0e:192.168.5.157:44695, ce3110da-6ed2-48aa-a303-b931b35bb141:192.168.5.157:39030], old=null
2019-07-14 04:36:12,081 INFO  impl.RaftServerImpl (RaftServerImpl.java:setRole(171)) - ce3110da-6ed2-48aa-a303-b931b35bb141:group-671A2CD2BB24 changes role from CANDIDATE to FOLLOWER at term 1 for DISCOVERED_A_NEW_TERM
2019-07-14 04:36:12,081 INFO  impl.RoleInfo (RoleInfo.java:shutdownLeaderElection(134)) - ce3110da-6ed2-48aa-a303-b931b35bb141: shutdown LeaderElection
2019-07-14 04:36:12,081 INFO  impl.RoleInfo (RoleInfo.java:updateAndGet(143)) - ce3110da-6ed2-48aa-a303-b931b35bb141: start FollowerState
2019-07-14 04:36:12,092 INFO  impl.LeaderElection (LeaderElection.java:logAndReturn(56)) - 468a5dcf-365b-4bdb-8cfb-899d8e9c2a0e:group-671A2CD2BB24:LeaderElection33: Election REJECTED; received 2 response(s) [468a5dcf-365b-4bdb-8cfb-899d8e9c2a0e<-8351eea8-7bc2-4544-839c-cfe1294c2641#0:FAIL-t1, 468a5dcf-365b-4bdb-8cfb-899d8e9c2a0e<-ce3110da-6ed2-48aa-a303-b931b35bb141#0:FAIL-t1] and 0 exception(s); 468a5dcf-365b-4bdb-8cfb-899d8e9c2a0e:t1, leader=null, voted=468a5dcf-365b-4bdb-8cfb-899d8e9c2a0e, raftlog=468a5dcf-365b-4bdb-8cfb-899d8e9c2a0e-SegmentedRaftLog:OPENED:c-1,f-1,i0, conf=-1: [8351eea8-7bc2-4544-839c-cfe1294c2641:192.168.5.157:37039, 468a5dcf-365b-4bdb-8cfb-899d8e9c2a0e:192.168.5.157:44695, ce3110da-6ed2-48aa-a303-b931b35bb141:192.168.5.157:39030], old=null
2019-07-14 04:36:12,092 INFO  impl.RaftServerImpl (RaftServerImpl.java:setRole(171)) - 468a5dcf-365b-4bdb-8cfb-899d8e9c2a0e:group-671A2CD2BB24 changes role from CANDIDATE to FOLLOWER at term 1 for DISCOVERED_A_NEW_TERM
2019-07-14 04:36:12,092 INFO  impl.RoleInfo (RoleInfo.java:shutdownLeaderElection(134)) - 468a5dcf-365b-4bdb-8cfb-899d8e9c2a0e: shutdown LeaderElection
2019-07-14 04:36:12,092 INFO  impl.RoleInfo (RoleInfo.java:updateAndGet(143)) - 468a5dcf-365b-4bdb-8cfb-899d8e9c2a0e: start FollowerState
2019-07-14 04:36:12,093 INFO  impl.LeaderElection (LeaderElection.java:logAndReturn(56)) - 8351eea8-7bc2-4544-839c-cfe1294c2641:group-671A2CD2BB24:LeaderElection34: Election REJECTED; received 2 response(s) [8351eea8-7bc2-4544-839c-cfe1294c2641<-468a5dcf-365b-4bdb-8cfb-899d8e9c2a0e#0:FAIL-t1, 8351eea8-7bc2-4544-839c-cfe1294c2641<-ce3110da-6ed2-48aa-a303-b931b35bb141#0:FAIL-t1] and 0 exception(s); 8351eea8-7bc2-4544-839c-cfe1294c2641:t1, leader=null, voted=8351eea8-7bc2-4544-839c-cfe1294c2641, raftlog=8351eea8-7bc2-4544-839c-cfe1294c2641-SegmentedRaftLog:OPENED:c-1,f-1,i0, conf=-1: [8351eea8-7bc2-4544-839c-cfe1294c2641:192.168.5.157:37039, 468a5dcf-365b-4bdb-8cfb-899d8e9c2a0e:192.168.5.157:44695, ce3110da-6ed2-48aa-a303-b931b35bb141:192.168.5.157:39030], old=null
2019-07-14 04:36:12,093 INFO  impl.RaftServerImpl (RaftServerImpl.java:setRole(171)) - 8351eea8-7bc2-4544-839c-cfe1294c2641:group-671A2CD2BB24 changes role from CANDIDATE to FOLLOWER at term 1 for DISCOVERED_A_NEW_TERM
2019-07-14 04:36:12,094 INFO  impl.RoleInfo (RoleInfo.java:shutdownLeaderElection(134)) - 8351eea8-7bc2-4544-839c-cfe1294c2641: shutdown LeaderElection
2019-07-14 04:36:12,094 INFO  impl.RoleInfo (RoleInfo.java:updateAndGet(143)) - 8351eea8-7bc2-4544-839c-cfe1294c2641: start FollowerState
2019-07-14 04:36:12,212 INFO  impl.FollowerState (FollowerState.java:run(106)) - b3c42798-5587-46dc-9bd5-d378a062aa0b:group-9C1D5F557114 changes to CANDIDATE, lastRpcTime:5119, electionTimeout:5119ms
2019-07-14 04:36:12,212 INFO  impl.RoleInfo (RoleInfo.java:shutdownFollowerState(121)) - b3c42798-5587-46dc-9bd5-d378a062aa0b: shutdown FollowerState
2019-07-14 04:36:12,212 INFO  impl.RaftServerImpl (RaftServerImpl.java:setRole(171)) - b3c42798-5587-46dc-9bd5-d378a062aa0b:group-9C1D5F557114 changes role from FOLLOWER to CANDIDATE at term 0 for changeToCandidate
2019-07-14 04:36:12,213 INFO  impl.RoleInfo (RoleInfo.java:updateAndGet(143)) - b3c42798-5587-46dc-9bd5-d378a062aa0b: start LeaderElection
2019-07-14 04:36:12,303 INFO  impl.LeaderElection (LeaderElection.java:askForVotes(181)) - b3c42798-5587-46dc-9bd5-d378a062aa0b:group-9C1D5F557114:LeaderElection35: begin an election at term 1 for -1: [b3c42798-5587-46dc-9bd5-d378a062aa0b:192.168.5.157:36202], old=null
2019-07-14 04:36:12,304 INFO  impl.RoleInfo (RoleInfo.java:shutdownLeaderElection(134)) - b3c42798-5587-46dc-9bd5-d378a062aa0b: shutdown LeaderElection
2019-07-14 04:36:12,304 INFO  impl.RaftServerImpl (RaftServerImpl.java:setRole(171)) - b3c42798-5587-46dc-9bd5-d378a062aa0b:group-9C1D5F557114 changes role from CANDIDATE to LEADER at term 1 for changeToLeader
2019-07-14 04:36:12,304 INFO  impl.RaftServerImpl (ServerState.java:setLeader(263)) - b3c42798-5587-46dc-9bd5-d378a062aa0b:group-9C1D5F557114 change Leader from null to b3c42798-5587-46dc-9bd5-d378a062aa0b at term 1 for becomeLeader, leader elected after 5215ms
2019-07-14 04:36:12,304 INFO  server.RaftServerConfigKeys (ConfUtils.java:logGet(43)) - raft.server.staging.catchup.gap = 1000 (default)
2019-07-14 04:36:12,304 INFO  server.RaftServerConfigKeys (ConfUtils.java:logGet(43)) - raft.server.rpc.sleep.time = 25ms (default)
2019-07-14 04:36:12,304 INFO  server.RaftServerConfigKeys (ConfUtils.java:logGet(43)) - raft.server.write.element-limit = 4096 (default)
2019-07-14 04:36:12,304 INFO  server.RaftServerConfigKeys (ConfUtils.java:logGet(43)) - raft.server.watch.timeout = 10s (default)
2019-07-14 04:36:12,305 INFO  server.RaftServerConfigKeys (ConfUtils.java:logGet(43)) - raft.server.watch.timeout.denomination = 1s (default)
2019-07-14 04:36:12,305 INFO  server.RaftServerConfigKeys (ConfUtils.java:logGet(43)) - raft.server.watch.element-limit = 65536 (default)
2019-07-14 04:36:12,305 INFO  impl.RoleInfo (RoleInfo.java:updateAndGet(143)) - b3c42798-5587-46dc-9bd5-d378a062aa0b: start LeaderState
2019-07-14 04:36:12,305 INFO  segmented.SegmentedRaftLogWorker (SegmentedRaftLogWorker.java:startLogSegment(380)) - b3c42798-5587-46dc-9bd5-d378a062aa0b-SegmentedRaftLogWorker:Storage Directory /tmp/workdir/hadoop-ozone/integration-test/target/test-dir/MiniOzoneClusterImpl-564b5727-9c6b-4f7d-b4ab-636c8fdedaa5/datanode-6/data/ratis/4adbaeb3-e8c1-4ce5-9402-9c1d5f557114: Starting segment from index:0
2019-07-14 04:36:12,306 INFO  impl.RaftServerImpl (ServerState.java:setRaftConf(361)) - b3c42798-5587-46dc-9bd5-d378a062aa0b:group-9C1D5F557114 set configuration 0: [b3c42798-5587-46dc-9bd5-d378a062aa0b:192.168.5.157:36202], old=null at 0
2019-07-14 04:36:12,327 INFO  segmented.SegmentedRaftLogWorker (SegmentedRaftLogWorker.java:execute(569)) - b3c42798-5587-46dc-9bd5-d378a062aa0b-SegmentedRaftLogWorker:Storage Directory /tmp/workdir/hadoop-ozone/integration-test/target/test-dir/MiniOzoneClusterImpl-564b5727-9c6b-4f7d-b4ab-636c8fdedaa5/datanode-6/data/ratis/4adbaeb3-e8c1-4ce5-9402-9c1d5f557114: created new log segment /tmp/workdir/hadoop-ozone/integration-test/target/test-dir/MiniOzoneClusterImpl-564b5727-9c6b-4f7d-b4ab-636c8fdedaa5/datanode-6/data/ratis/4adbaeb3-e8c1-4ce5-9402-9c1d5f557114/current/log_inprogress_0
2019-07-14 04:36:12,450 WARN  server.GrpcLogAppender (LogUtils.java:warn(134)) - f2fb1c47-f2a9-4bac-ac1b-cb168850caba->e3fb44ff-34d6-4834-bb05-cdafaf497f92: Failed appendEntries: org.apache.ratis.thirdparty.io.grpc.StatusRuntimeException: UNAVAILABLE: io exception
2019-07-14 04:36:12,450 WARN  server.GrpcLogAppender (LogUtils.java:warn(134)) - f2fb1c47-f2a9-4bac-ac1b-cb168850caba->d48f6f32-e53b-43c5-9bf8-dd459e13a9d1: Failed appendEntries: org.apache.ratis.thirdparty.io.grpc.StatusRuntimeException: UNAVAILABLE: io exception
2019-07-14 04:36:12,461 INFO  impl.FollowerInfo (FollowerInfo.java:lambda$new$0(50)) - f2fb1c47-f2a9-4bac-ac1b-cb168850caba->e3fb44ff-34d6-4834-bb05-cdafaf497f92: nextIndex: updateUnconditionally 0 -> 0
2019-07-14 04:36:12,468 INFO  impl.FollowerInfo (FollowerInfo.java:lambda$new$0(50)) - f2fb1c47-f2a9-4bac-ac1b-cb168850caba->d48f6f32-e53b-43c5-9bf8-dd459e13a9d1: nextIndex: updateUnconditionally 0 -> 0
2019-07-14 04:36:14,951 WARN  server.GrpcLogAppender (LogUtils.java:warn(134)) - f2fb1c47-f2a9-4bac-ac1b-cb168850caba->d48f6f32-e53b-43c5-9bf8-dd459e13a9d1: Failed appendEntries: org.apache.ratis.thirdparty.io.grpc.StatusRuntimeException: UNAVAILABLE: io exception
2019-07-14 04:36:14,952 WARN  server.GrpcLogAppender (LogUtils.java:warn(134)) - f2fb1c47-f2a9-4bac-ac1b-cb168850caba->e3fb44ff-34d6-4834-bb05-cdafaf497f92: Failed appendEntries: org.apache.ratis.thirdparty.io.grpc.StatusRuntimeException: UNAVAILABLE: io exception
2019-07-14 04:36:14,961 INFO  impl.FollowerInfo (FollowerInfo.java:lambda$new$0(50)) - f2fb1c47-f2a9-4bac-ac1b-cb168850caba->d48f6f32-e53b-43c5-9bf8-dd459e13a9d1: nextIndex: updateUnconditionally 0 -> 0
2019-07-14 04:36:14,968 INFO  impl.FollowerInfo (FollowerInfo.java:lambda$new$0(50)) - f2fb1c47-f2a9-4bac-ac1b-cb168850caba->e3fb44ff-34d6-4834-bb05-cdafaf497f92: nextIndex: updateUnconditionally 0 -> 0
2019-07-14 04:36:16,474 INFO  ozoneimpl.OzoneContainer (OzoneContainer.java:stop(199)) - Attempting to stop container services.
2019-07-14 04:36:16,475 INFO  impl.RaftServerProxy (RaftServerProxy.java:lambda$close$4(314)) - 6ce6429d-ca4c-4475-bf53-ede7f8353202: close
2019-07-14 04:36:16,476 INFO  impl.RaftServerImpl (RaftServerImpl.java:lambda$shutdown$3(245)) - 6ce6429d-ca4c-4475-bf53-ede7f8353202: shutdown group-FAD312E6C367
2019-07-14 04:36:16,476 INFO  impl.RaftServerImpl (RaftServerImpl.java:lambda$shutdown$3(245)) - 6ce6429d-ca4c-4475-bf53-ede7f8353202: shutdown group-2F0E73CB07B2
2019-07-14 04:36:16,476 INFO  util.JmxRegister (JmxRegister.java:unregister(73)) - Successfully un-registered JMX Bean with object name Ratis:service=RaftServer,group=group-FAD312E6C367,id=6ce6429d-ca4c-4475-bf53-ede7f8353202
2019-07-14 04:36:16,476 INFO  util.JmxRegister (JmxRegister.java:unregister(73)) - Successfully un-registered JMX Bean with object name Ratis:service=RaftServer,group=group-2F0E73CB07B2,id=6ce6429d-ca4c-4475-bf53-ede7f8353202
2019-07-14 04:36:16,477 INFO  impl.RoleInfo (RoleInfo.java:shutdownLeaderState(104)) - 6ce6429d-ca4c-4475-bf53-ede7f8353202: shutdown LeaderState
2019-07-14 04:36:16,477 INFO  impl.RoleInfo (RoleInfo.java:shutdownFollowerState(121)) - 6ce6429d-ca4c-4475-bf53-ede7f8353202: shutdown FollowerState
2019-07-14 04:36:16,477 INFO  impl.PendingRequests (PendingRequests.java:sendNotLeaderResponses(202)) - 6ce6429d-ca4c-4475-bf53-ede7f8353202-PendingRequests: sendNotLeaderResponses
2019-07-14 04:36:16,478 INFO  ratis.ContainerStateMachine (ContainerStateMachine.java:takeSnapshot(246)) - Taking snapshot at termIndex:(t:1, i:1)
2019-07-14 04:36:16,478 INFO  impl.StateMachineUpdater (StateMachineUpdater.java:stopAndJoin(115)) - StateMachineUpdater:6ce6429d-ca4c-4475-bf53-ede7f8353202:group-FAD312E6C367: set stopIndex = 0
2019-07-14 04:36:16,477 INFO  impl.StateMachineUpdater (StateMachineUpdater.java:stopAndJoin(115)) - StateMachineUpdater:6ce6429d-ca4c-4475-bf53-ede7f8353202:group-2F0E73CB07B2: set stopIndex = 2
2019-07-14 04:36:16,478 INFO  impl.FollowerState (FollowerState.java:run(114)) - 6ce6429d-ca4c-4475-bf53-ede7f8353202: FollowerState was interrupted: java.lang.InterruptedException: sleep interrupted
2019-07-14 04:36:16,478 INFO  ratis.ContainerStateMachine (ContainerStateMachine.java:takeSnapshot(246)) - Taking snapshot at termIndex:(t:0, i:~)
2019-07-14 04:36:16,478 INFO  ratis.ContainerStateMachine (ContainerStateMachine.java:takeSnapshot(250)) - Taking a snapshot to file /tmp/workdir/hadoop-ozone/integration-test/target/test-dir/MiniOzoneClusterImpl-564b5727-9c6b-4f7d-b4ab-636c8fdedaa5/datanode-0/data/ratis/57581aaf-9038-4e24-9ff6-2f0e73cb07b2/sm/snapshot.1_1
2019-07-14 04:36:16,489 INFO  impl.RaftServerImpl (ServerState.java:close(394)) - 6ce6429d-ca4c-4475-bf53-ede7f8353202:group-FAD312E6C367 closes. The last applied log index is 0
2019-07-14 04:36:16,490 INFO  impl.StateMachineUpdater (StateMachineUpdater.java:takeSnapshot(242)) - StateMachineUpdater:6ce6429d-ca4c-4475-bf53-ede7f8353202:group-2F0E73CB07B2: Took a snapshot at index 1
2019-07-14 04:36:16,490 INFO  impl.StateMachineUpdater (StateMachineUpdater.java:lambda$new$0(80)) - StateMachineUpdater:6ce6429d-ca4c-4475-bf53-ede7f8353202:group-2F0E73CB07B2: snapshotIndex: updateIncreasingly -1 -> 1
2019-07-14 04:36:16,490 INFO  segmented.SegmentedRaftLogWorker (SegmentedRaftLogWorker.java:run(313)) - 6ce6429d-ca4c-4475-bf53-ede7f8353202-SegmentedRaftLogWorker:Storage Directory /tmp/workdir/hadoop-ozone/integration-test/target/test-dir/MiniOzoneClusterImpl-564b5727-9c6b-4f7d-b4ab-636c8fdedaa5/datanode-0/data/ratis/71edeb0e-e8c7-437b-a40c-fad312e6c367 was interrupted, exiting. There are 0 tasks remaining in the queue.
2019-07-14 04:36:16,496 INFO  impl.RaftServerImpl (ServerState.java:close(394)) - 6ce6429d-ca4c-4475-bf53-ede7f8353202:group-2F0E73CB07B2 closes. The last applied log index is 2
2019-07-14 04:36:16,496 INFO  segmented.SegmentedRaftLogWorker (SegmentedRaftLogWorker.java:close(228)) - 6ce6429d-ca4c-4475-bf53-ede7f8353202-SegmentedRaftLogWorker:Storage Directory /tmp/workdir/hadoop-ozone/integration-test/target/test-dir/MiniOzoneClusterImpl-564b5727-9c6b-4f7d-b4ab-636c8fdedaa5/datanode-0/data/ratis/71edeb0e-e8c7-437b-a40c-fad312e6c367 close()
2019-07-14 04:36:16,497 INFO  segmented.SegmentedRaftLogWorker (SegmentedRaftLogWorker.java:run(313)) - 6ce6429d-ca4c-4475-bf53-ede7f8353202-SegmentedRaftLogWorker:Storage Directory /tmp/workdir/hadoop-ozone/integration-test/target/test-dir/MiniOzoneClusterImpl-564b5727-9c6b-4f7d-b4ab-636c8fdedaa5/datanode-0/data/ratis/57581aaf-9038-4e24-9ff6-2f0e73cb07b2 was interrupted, exiting. There are 0 tasks remaining in the queue.
2019-07-14 04:36:16,514 INFO  segmented.SegmentedRaftLogWorker (SegmentedRaftLogWorker.java:close(228)) - 6ce6429d-ca4c-4475-bf53-ede7f8353202-SegmentedRaftLogWorker:Storage Directory /tmp/workdir/hadoop-ozone/integration-test/target/test-dir/MiniOzoneClusterImpl-564b5727-9c6b-4f7d-b4ab-636c8fdedaa5/datanode-0/data/ratis/57581aaf-9038-4e24-9ff6-2f0e73cb07b2 close()
2019-07-14 04:36:16,515 INFO  server.GrpcService (GrpcService.java:closeImpl(155)) - 6ce6429d-ca4c-4475-bf53-ede7f8353202: shutdown server with port 41788 now
2019-07-14 04:36:16,516 WARN  server.GrpcServerProtocolService (LogUtils.java:warn(134)) - 6ce6429d-ca4c-4475-bf53-ede7f8353202: appendEntries onError: org.apache.ratis.thirdparty.io.grpc.StatusRuntimeException: CANCELLED: cancelled before receiving half close
2019-07-14 04:36:16,522 INFO  server.GrpcService (GrpcService.java:closeImpl(163)) - 6ce6429d-ca4c-4475-bf53-ede7f8353202: shutdown server with port 41788 successfully
2019-07-14 04:36:16,522 WARN  server.GrpcLogAppender (LogUtils.java:warn(134)) - 3a30d705-106a-482e-b6c0-0b4fa2317942->6ce6429d-ca4c-4475-bf53-ede7f8353202: Failed appendEntries: org.apache.ratis.thirdparty.io.grpc.StatusRuntimeException: CANCELLED: HTTP/2 error code: CANCEL
Received Rst Stream
2019-07-14 04:36:16,528 INFO  impl.FollowerInfo (FollowerInfo.java:lambda$new$0(50)) - 3a30d705-106a-482e-b6c0-0b4fa2317942->6ce6429d-ca4c-4475-bf53-ede7f8353202: nextIndex: updateUnconditionally 3 -> 2
2019-07-14 04:36:16,537 INFO  utils.BackgroundService (BackgroundService.java:shutdown(148)) - Shutting down service BlockDeletingService
2019-07-14 04:36:16,540 WARN  fs.CachingGetSpaceUsed (CachingGetSpaceUsed.java:run(183)) - Thread Interrupted waiting to refresh disk information: sleep interrupted
2019-07-14 04:36:16,577 INFO  statemachine.DatanodeStateMachine (DatanodeStateMachine.java:stopDaemon(395)) - Ozone container server stopped.
2019-07-14 04:36:16,578 INFO  handler.ContextHandler (ContextHandler.java:doStop(910)) - Stopped o.e.j.w.WebAppContext@1ba7db2a{/,null,UNAVAILABLE}{/hddsDatanode}
2019-07-14 04:36:16,579 INFO  server.AbstractConnector (AbstractConnector.java:doStop(318)) - Stopped ServerConnector@762cdf46{HTTP/1.1,[http/1.1]}{0.0.0.0:0}
2019-07-14 04:36:16,579 INFO  handler.ContextHandler (ContextHandler.java:doStop(910)) - Stopped o.e.j.s.ServletContextHandler@297c3a43{/static,jar:file:/home/user/.m2/repository/org/apache/hadoop/hadoop-hdds-container-service/0.5.0-SNAPSHOT/hadoop-hdds-container-service-0.5.0-SNAPSHOT.jar!/webapps/static,UNAVAILABLE}
2019-07-14 04:36:16,580 INFO  handler.ContextHandler (ContextHandler.java:doStop(910)) - Stopped o.e.j.s.ServletContextHandler@4ac7856f{/logs,file:///tmp/workdir/hadoop-ozone/integration-test/target/log,UNAVAILABLE}
2019-07-14 04:36:16,581 INFO  datanode.ObjectStoreHandler (ObjectStoreHandler.java:close(155)) - Closing ObjectStoreHandler.
2019-07-14 04:36:16,581 INFO  ozone.HddsDatanodeService (HddsDatanodeService.java:stop(452)) - Stopped plug-in org.apache.hadoop.ozone.web.OzoneHddsDatanodeService@8afce3
2019-07-14 04:36:17,115 INFO  impl.FollowerState (FollowerState.java:run(106)) - 468a5dcf-365b-4bdb-8cfb-899d8e9c2a0e:group-671A2CD2BB24 changes to CANDIDATE, lastRpcTime:5022, electionTimeout:5022ms
2019-07-14 04:36:17,115 INFO  impl.RoleInfo (RoleInfo.java:shutdownFollowerState(121)) - 468a5dcf-365b-4bdb-8cfb-899d8e9c2a0e: shutdown FollowerState
2019-07-14 04:36:17,115 INFO  impl.RaftServerImpl (RaftServerImpl.java:setRole(171)) - 468a5dcf-365b-4bdb-8cfb-899d8e9c2a0e:group-671A2CD2BB24 changes role from FOLLOWER to CANDIDATE at term 1 for changeToCandidate
2019-07-14 04:36:17,115 INFO  impl.RoleInfo (RoleInfo.java:updateAndGet(143)) - 468a5dcf-365b-4bdb-8cfb-899d8e9c2a0e: start LeaderElection
2019-07-14 04:36:17,137 INFO  impl.FollowerState (FollowerState.java:run(106)) - ce3110da-6ed2-48aa-a303-b931b35bb141:group-671A2CD2BB24 changes to CANDIDATE, lastRpcTime:5055, electionTimeout:5049ms
2019-07-14 04:36:17,137 INFO  impl.RoleInfo (RoleInfo.java:shutdownFollowerState(121)) - ce3110da-6ed2-48aa-a303-b931b35bb141: shutdown FollowerState
2019-07-14 04:36:17,137 INFO  impl.RaftServerImpl (RaftServerImpl.java:setRole(171)) - ce3110da-6ed2-48aa-a303-b931b35bb141:group-671A2CD2BB24 changes role from FOLLOWER to CANDIDATE at term 1 for changeToCandidate
2019-07-14 04:36:17,138 INFO  impl.RoleInfo (RoleInfo.java:updateAndGet(143)) - ce3110da-6ed2-48aa-a303-b931b35bb141: start LeaderElection
2019-07-14 04:36:17,143 INFO  impl.LeaderElection (LeaderElection.java:askForVotes(181)) - 468a5dcf-365b-4bdb-8cfb-899d8e9c2a0e:group-671A2CD2BB24:LeaderElection36: begin an election at term 2 for -1: [8351eea8-7bc2-4544-839c-cfe1294c2641:192.168.5.157:37039, 468a5dcf-365b-4bdb-8cfb-899d8e9c2a0e:192.168.5.157:44695, ce3110da-6ed2-48aa-a303-b931b35bb141:192.168.5.157:39030], old=null
2019-07-14 04:36:17,147 INFO  impl.LeaderElection (LeaderElection.java:askForVotes(181)) - ce3110da-6ed2-48aa-a303-b931b35bb141:group-671A2CD2BB24:LeaderElection37: begin an election at term 2 for -1: [8351eea8-7bc2-4544-839c-cfe1294c2641:192.168.5.157:37039, 468a5dcf-365b-4bdb-8cfb-899d8e9c2a0e:192.168.5.157:44695, ce3110da-6ed2-48aa-a303-b931b35bb141:192.168.5.157:39030], old=null
2019-07-14 04:36:17,147 INFO  impl.RaftServerImpl (RaftServerImpl.java:setRole(171)) - 8351eea8-7bc2-4544-839c-cfe1294c2641:group-671A2CD2BB24 changes role from FOLLOWER to FOLLOWER at term 2 for recognizeCandidate:468a5dcf-365b-4bdb-8cfb-899d8e9c2a0e
2019-07-14 04:36:17,147 INFO  impl.RoleInfo (RoleInfo.java:shutdownFollowerState(121)) - 8351eea8-7bc2-4544-839c-cfe1294c2641: shutdown FollowerState
2019-07-14 04:36:17,147 INFO  impl.RoleInfo (RoleInfo.java:updateAndGet(143)) - 8351eea8-7bc2-4544-839c-cfe1294c2641: start FollowerState
2019-07-14 04:36:17,148 INFO  impl.FollowerState (FollowerState.java:run(114)) - 8351eea8-7bc2-4544-839c-cfe1294c2641: FollowerState was interrupted: java.lang.InterruptedException: sleep interrupted
2019-07-14 04:36:17,168 INFO  impl.LeaderElection (LeaderElection.java:logAndReturn(56)) - ce3110da-6ed2-48aa-a303-b931b35bb141:group-671A2CD2BB24:LeaderElection37: Election REJECTED; received 2 response(s) [ce3110da-6ed2-48aa-a303-b931b35bb141<-8351eea8-7bc2-4544-839c-cfe1294c2641#0:FAIL-t2, ce3110da-6ed2-48aa-a303-b931b35bb141<-468a5dcf-365b-4bdb-8cfb-899d8e9c2a0e#0:FAIL-t2] and 0 exception(s); ce3110da-6ed2-48aa-a303-b931b35bb141:t2, leader=null, voted=ce3110da-6ed2-48aa-a303-b931b35bb141, raftlog=ce3110da-6ed2-48aa-a303-b931b35bb141-SegmentedRaftLog:OPENED:c-1,f-1,i0, conf=-1: [8351eea8-7bc2-4544-839c-cfe1294c2641:192.168.5.157:37039, 468a5dcf-365b-4bdb-8cfb-899d8e9c2a0e:192.168.5.157:44695, ce3110da-6ed2-48aa-a303-b931b35bb141:192.168.5.157:39030], old=null
2019-07-14 04:36:17,168 INFO  impl.LeaderElection (LeaderElection.java:logAndReturn(56)) - 468a5dcf-365b-4bdb-8cfb-899d8e9c2a0e:group-671A2CD2BB24:LeaderElection36: Election PASSED; received 2 response(s) [468a5dcf-365b-4bdb-8cfb-899d8e9c2a0e<-8351eea8-7bc2-4544-839c-cfe1294c2641#0:OK-t2, 468a5dcf-365b-4bdb-8cfb-899d8e9c2a0e<-ce3110da-6ed2-48aa-a303-b931b35bb141#0:FAIL-t2] and 0 exception(s); 468a5dcf-365b-4bdb-8cfb-899d8e9c2a0e:t2, leader=null, voted=468a5dcf-365b-4bdb-8cfb-899d8e9c2a0e, raftlog=468a5dcf-365b-4bdb-8cfb-899d8e9c2a0e-SegmentedRaftLog:OPENED:c-1,f-1,i0, conf=-1: [8351eea8-7bc2-4544-839c-cfe1294c2641:192.168.5.157:37039, 468a5dcf-365b-4bdb-8cfb-899d8e9c2a0e:192.168.5.157:44695, ce3110da-6ed2-48aa-a303-b931b35bb141:192.168.5.157:39030], old=null
2019-07-14 04:36:17,168 INFO  impl.RaftServerImpl (RaftServerImpl.java:setRole(171)) - ce3110da-6ed2-48aa-a303-b931b35bb141:group-671A2CD2BB24 changes role from CANDIDATE to FOLLOWER at term 2 for DISCOVERED_A_NEW_TERM
2019-07-14 04:36:17,168 INFO  impl.RoleInfo (RoleInfo.java:shutdownLeaderElection(134)) - 468a5dcf-365b-4bdb-8cfb-899d8e9c2a0e: shutdown LeaderElection
2019-07-14 04:36:17,169 INFO  impl.RoleInfo (RoleInfo.java:shutdownLeaderElection(134)) - ce3110da-6ed2-48aa-a303-b931b35bb141: shutdown LeaderElection
2019-07-14 04:36:17,169 INFO  impl.RaftServerImpl (RaftServerImpl.java:setRole(171)) - 468a5dcf-365b-4bdb-8cfb-899d8e9c2a0e:group-671A2CD2BB24 changes role from CANDIDATE to LEADER at term 2 for changeToLeader
2019-07-14 04:36:17,169 INFO  impl.RoleInfo (RoleInfo.java:updateAndGet(143)) - ce3110da-6ed2-48aa-a303-b931b35bb141: start FollowerState
2019-07-14 04:36:17,169 INFO  impl.RaftServerImpl (ServerState.java:setLeader(263)) - 468a5dcf-365b-4bdb-8cfb-899d8e9c2a0e:group-671A2CD2BB24 change Leader from null to 468a5dcf-365b-4bdb-8cfb-899d8e9c2a0e at term 2 for becomeLeader, leader elected after 10220ms
2019-07-14 04:36:17,169 INFO  server.RaftServerConfigKeys (ConfUtils.java:logGet(43)) - raft.server.staging.catchup.gap = 1000 (default)
2019-07-14 04:36:17,170 INFO  server.RaftServerConfigKeys (ConfUtils.java:logGet(43)) - raft.server.rpc.sleep.time = 25ms (default)
2019-07-14 04:36:17,170 INFO  server.RaftServerConfigKeys (ConfUtils.java:logGet(43)) - raft.server.write.element-limit = 4096 (default)
2019-07-14 04:36:17,170 INFO  server.RaftServerConfigKeys (ConfUtils.java:logGet(43)) - raft.server.watch.timeout = 10s (default)
2019-07-14 04:36:17,170 INFO  server.RaftServerConfigKeys (ConfUtils.java:logGet(43)) - raft.server.watch.timeout.denomination = 1s (default)
2019-07-14 04:36:17,170 INFO  server.RaftServerConfigKeys (ConfUtils.java:logGet(43)) - raft.server.watch.element-limit = 65536 (default)
2019-07-14 04:36:17,170 INFO  server.RaftServerConfigKeys (ConfUtils.java:logGet(43)) - raft.server.log.appender.snapshot.chunk.size.max = 16MB (=16777216) (default)
2019-07-14 04:36:17,171 INFO  server.RaftServerConfigKeys (ConfUtils.java:logGet(43)) - raft.server.log.appender.buffer.byte-limit = 33554432 (custom)
2019-07-14 04:36:17,171 INFO  server.RaftServerConfigKeys (ConfUtils.java:logGet(43)) - raft.server.log.appender.buffer.element-limit = 1 (custom)
2019-07-14 04:36:17,171 INFO  grpc.GrpcConfigKeys$Server (ConfUtils.java:logGet(43)) - raft.grpc.server.leader.outstanding.appends.max = 128 (default)
2019-07-14 04:36:17,171 INFO  server.RaftServerConfigKeys (ConfUtils.java:logGet(43)) - raft.server.rpc.request.timeout = 3000ms (default)
2019-07-14 04:36:17,172 INFO  server.RaftServerConfigKeys (ConfUtils.java:logGet(43)) - raft.server.log.appender.install.snapshot.enabled = false (custom)
2019-07-14 04:36:17,172 INFO  server.RaftServerConfigKeys (ConfUtils.java:logGet(43)) - raft.server.log.appender.snapshot.chunk.size.max = 16MB (=16777216) (default)
2019-07-14 04:36:17,172 INFO  server.RaftServerConfigKeys (ConfUtils.java:logGet(43)) - raft.server.log.appender.buffer.byte-limit = 33554432 (custom)
2019-07-14 04:36:17,172 INFO  server.RaftServerConfigKeys (ConfUtils.java:logGet(43)) - raft.server.log.appender.buffer.element-limit = 1 (custom)
2019-07-14 04:36:17,172 INFO  grpc.GrpcConfigKeys$Server (ConfUtils.java:logGet(43)) - raft.grpc.server.leader.outstanding.appends.max = 128 (default)
2019-07-14 04:36:17,172 INFO  server.RaftServerConfigKeys (ConfUtils.java:logGet(43)) - raft.server.rpc.request.timeout = 3000ms (default)
2019-07-14 04:36:17,173 INFO  server.RaftServerConfigKeys (ConfUtils.java:logGet(43)) - raft.server.log.appender.install.snapshot.enabled = false (custom)
2019-07-14 04:36:17,173 INFO  impl.RoleInfo (RoleInfo.java:updateAndGet(143)) - 468a5dcf-365b-4bdb-8cfb-899d8e9c2a0e: start LeaderState
2019-07-14 04:36:17,173 INFO  segmented.SegmentedRaftLogWorker (SegmentedRaftLogWorker.java:startLogSegment(380)) - 468a5dcf-365b-4bdb-8cfb-899d8e9c2a0e-SegmentedRaftLogWorker:Storage Directory /tmp/workdir/hadoop-ozone/integration-test/target/test-dir/MiniOzoneClusterImpl-564b5727-9c6b-4f7d-b4ab-636c8fdedaa5/datanode-3/data/ratis/9b4d77aa-86b4-4a6e-9f4b-671a2cd2bb24: Starting segment from index:0
2019-07-14 04:36:17,174 INFO  impl.RaftServerImpl (ServerState.java:setRaftConf(361)) - 468a5dcf-365b-4bdb-8cfb-899d8e9c2a0e:group-671A2CD2BB24 set configuration 0: [8351eea8-7bc2-4544-839c-cfe1294c2641:192.168.5.157:37039, 468a5dcf-365b-4bdb-8cfb-899d8e9c2a0e:192.168.5.157:44695, ce3110da-6ed2-48aa-a303-b931b35bb141:192.168.5.157:39030], old=null at 0
2019-07-14 04:36:17,176 INFO  impl.RaftServerImpl (ServerState.java:setLeader(263)) - ce3110da-6ed2-48aa-a303-b931b35bb141:group-671A2CD2BB24 change Leader from null to 468a5dcf-365b-4bdb-8cfb-899d8e9c2a0e at term 2 for appendEntries, leader elected after 10227ms
2019-07-14 04:36:17,176 INFO  impl.RaftServerImpl (ServerState.java:setLeader(263)) - 8351eea8-7bc2-4544-839c-cfe1294c2641:group-671A2CD2BB24 change Leader from null to 468a5dcf-365b-4bdb-8cfb-899d8e9c2a0e at term 2 for appendEntries, leader elected after 10227ms
2019-07-14 04:36:17,179 INFO  impl.RaftServerImpl (ServerState.java:setRaftConf(361)) - ce3110da-6ed2-48aa-a303-b931b35bb141:group-671A2CD2BB24 set configuration 0: [8351eea8-7bc2-4544-839c-cfe1294c2641:192.168.5.157:37039, 468a5dcf-365b-4bdb-8cfb-899d8e9c2a0e:192.168.5.157:44695, ce3110da-6ed2-48aa-a303-b931b35bb141:192.168.5.157:39030], old=null at 0
2019-07-14 04:36:17,179 INFO  segmented.SegmentedRaftLogWorker (SegmentedRaftLogWorker.java:startLogSegment(380)) - ce3110da-6ed2-48aa-a303-b931b35bb141-SegmentedRaftLogWorker:Storage Directory /tmp/workdir/hadoop-ozone/integration-test/target/test-dir/MiniOzoneClusterImpl-564b5727-9c6b-4f7d-b4ab-636c8fdedaa5/datanode-5/data/ratis/9b4d77aa-86b4-4a6e-9f4b-671a2cd2bb24: Starting segment from index:0
2019-07-14 04:36:17,179 INFO  impl.RaftServerImpl (ServerState.java:setRaftConf(361)) - 8351eea8-7bc2-4544-839c-cfe1294c2641:group-671A2CD2BB24 set configuration 0: [8351eea8-7bc2-4544-839c-cfe1294c2641:192.168.5.157:37039, 468a5dcf-365b-4bdb-8cfb-899d8e9c2a0e:192.168.5.157:44695, ce3110da-6ed2-48aa-a303-b931b35bb141:192.168.5.157:39030], old=null at 0
2019-07-14 04:36:17,180 INFO  segmented.SegmentedRaftLogWorker (SegmentedRaftLogWorker.java:startLogSegment(380)) - 8351eea8-7bc2-4544-839c-cfe1294c2641-SegmentedRaftLogWorker:Storage Directory /tmp/workdir/hadoop-ozone/integration-test/target/test-dir/MiniOzoneClusterImpl-564b5727-9c6b-4f7d-b4ab-636c8fdedaa5/datanode-4/data/ratis/9b4d77aa-86b4-4a6e-9f4b-671a2cd2bb24: Starting segment from index:0
2019-07-14 04:36:17,197 INFO  segmented.SegmentedRaftLogWorker (SegmentedRaftLogWorker.java:execute(569)) - 468a5dcf-365b-4bdb-8cfb-899d8e9c2a0e-SegmentedRaftLogWorker:Storage Directory /tmp/workdir/hadoop-ozone/integration-test/target/test-dir/MiniOzoneClusterImpl-564b5727-9c6b-4f7d-b4ab-636c8fdedaa5/datanode-3/data/ratis/9b4d77aa-86b4-4a6e-9f4b-671a2cd2bb24: created new log segment /tmp/workdir/hadoop-ozone/integration-test/target/test-dir/MiniOzoneClusterImpl-564b5727-9c6b-4f7d-b4ab-636c8fdedaa5/datanode-3/data/ratis/9b4d77aa-86b4-4a6e-9f4b-671a2cd2bb24/current/log_inprogress_0
2019-07-14 04:36:17,202 INFO  segmented.SegmentedRaftLogWorker (SegmentedRaftLogWorker.java:execute(569)) - ce3110da-6ed2-48aa-a303-b931b35bb141-SegmentedRaftLogWorker:Storage Directory /tmp/workdir/hadoop-ozone/integration-test/target/test-dir/MiniOzoneClusterImpl-564b5727-9c6b-4f7d-b4ab-636c8fdedaa5/datanode-5/data/ratis/9b4d77aa-86b4-4a6e-9f4b-671a2cd2bb24: created new log segment /tmp/workdir/hadoop-ozone/integration-test/target/test-dir/MiniOzoneClusterImpl-564b5727-9c6b-4f7d-b4ab-636c8fdedaa5/datanode-5/data/ratis/9b4d77aa-86b4-4a6e-9f4b-671a2cd2bb24/current/log_inprogress_0
2019-07-14 04:36:17,203 INFO  segmented.SegmentedRaftLogWorker (SegmentedRaftLogWorker.java:execute(569)) - 8351eea8-7bc2-4544-839c-cfe1294c2641-SegmentedRaftLogWorker:Storage Directory /tmp/workdir/hadoop-ozone/integration-test/target/test-dir/MiniOzoneClusterImpl-564b5727-9c6b-4f7d-b4ab-636c8fdedaa5/datanode-4/data/ratis/9b4d77aa-86b4-4a6e-9f4b-671a2cd2bb24: created new log segment /tmp/workdir/hadoop-ozone/integration-test/target/test-dir/MiniOzoneClusterImpl-564b5727-9c6b-4f7d-b4ab-636c8fdedaa5/datanode-4/data/ratis/9b4d77aa-86b4-4a6e-9f4b-671a2cd2bb24/current/log_inprogress_0
2019-07-14 04:36:17,453 WARN  server.GrpcLogAppender (LogUtils.java:warn(134)) - f2fb1c47-f2a9-4bac-ac1b-cb168850caba->e3fb44ff-34d6-4834-bb05-cdafaf497f92: Failed appendEntries: org.apache.ratis.thirdparty.io.grpc.StatusRuntimeException: UNAVAILABLE: io exception
2019-07-14 04:36:17,465 INFO  impl.FollowerInfo (FollowerInfo.java:lambda$new$0(50)) - f2fb1c47-f2a9-4bac-ac1b-cb168850caba->e3fb44ff-34d6-4834-bb05-cdafaf497f92: nextIndex: updateUnconditionally 0 -> 0
2019-07-14 04:36:17,466 WARN  server.GrpcLogAppender (LogUtils.java:warn(134)) - f2fb1c47-f2a9-4bac-ac1b-cb168850caba->d48f6f32-e53b-43c5-9bf8-dd459e13a9d1: Failed appendEntries: org.apache.ratis.thirdparty.io.grpc.StatusRuntimeException: UNAVAILABLE: io exception
2019-07-14 04:36:17,472 INFO  impl.FollowerInfo (FollowerInfo.java:lambda$new$0(50)) - f2fb1c47-f2a9-4bac-ac1b-cb168850caba->d48f6f32-e53b-43c5-9bf8-dd459e13a9d1: nextIndex: updateUnconditionally 0 -> 0
2019-07-14 04:36:17,508 INFO  statemachine.DatanodeStateMachine (DatanodeStateMachine.java:lambda$startDaemon$0(350)) - Ozone container server started.
2019-07-14 04:36:18,923 WARN  server.GrpcLogAppender (LogUtils.java:warn(134)) - 3a30d705-106a-482e-b6c0-0b4fa2317942->6ce6429d-ca4c-4475-bf53-ede7f8353202: Failed appendEntries: org.apache.ratis.thirdparty.io.grpc.StatusRuntimeException: UNAVAILABLE: io exception
2019-07-14 04:36:18,930 INFO  impl.FollowerInfo (FollowerInfo.java:lambda$new$0(50)) - 3a30d705-106a-482e-b6c0-0b4fa2317942->6ce6429d-ca4c-4475-bf53-ede7f8353202: nextIndex: updateUnconditionally 2 -> 1
2019-07-14 04:36:19,954 WARN  server.GrpcLogAppender (LogUtils.java:warn(134)) - f2fb1c47-f2a9-4bac-ac1b-cb168850caba->d48f6f32-e53b-43c5-9bf8-dd459e13a9d1: Failed appendEntries: org.apache.ratis.thirdparty.io.grpc.StatusRuntimeException: UNAVAILABLE: io exception
2019-07-14 04:36:19,954 WARN  server.GrpcLogAppender (LogUtils.java:warn(134)) - f2fb1c47-f2a9-4bac-ac1b-cb168850caba->e3fb44ff-34d6-4834-bb05-cdafaf497f92: Failed appendEntries: org.apache.ratis.thirdparty.io.grpc.StatusRuntimeException: UNAVAILABLE: io exception
2019-07-14 04:36:19,999 INFO  impl.FollowerInfo (FollowerInfo.java:lambda$new$0(50)) - f2fb1c47-f2a9-4bac-ac1b-cb168850caba->d48f6f32-e53b-43c5-9bf8-dd459e13a9d1: nextIndex: updateUnconditionally 0 -> 0
2019-07-14 04:36:20,000 INFO  impl.FollowerInfo (FollowerInfo.java:lambda$new$0(50)) - f2fb1c47-f2a9-4bac-ac1b-cb168850caba->e3fb44ff-34d6-4834-bb05-cdafaf497f92: nextIndex: updateUnconditionally 0 -> 0
2019-07-14 04:36:21,470 WARN  server.GrpcLogAppender (LogUtils.java:warn(134)) - 3a30d705-106a-482e-b6c0-0b4fa2317942->6ce6429d-ca4c-4475-bf53-ede7f8353202: Failed appendEntries: org.apache.ratis.thirdparty.io.grpc.StatusRuntimeException: UNAVAILABLE: io exception
2019-07-14 04:36:21,471 INFO  impl.FollowerInfo (FollowerInfo.java:lambda$new$0(50)) - 3a30d705-106a-482e-b6c0-0b4fa2317942->6ce6429d-ca4c-4475-bf53-ede7f8353202: nextIndex: updateUnconditionally 1 -> 0
2019-07-14 04:36:21,582 INFO  ozoneimpl.OzoneContainer (OzoneContainer.java:stop(199)) - Attempting to stop container services.
2019-07-14 04:36:21,582 INFO  impl.RaftServerProxy (RaftServerProxy.java:lambda$close$4(314)) - 2c347813-d089-4e05-8364-43c4bb29326e: close
2019-07-14 04:36:21,583 INFO  impl.RaftServerImpl (RaftServerImpl.java:lambda$shutdown$3(245)) - 2c347813-d089-4e05-8364-43c4bb29326e: shutdown group-40EF4545634C
2019-07-14 04:36:21,583 INFO  impl.RaftServerImpl (RaftServerImpl.java:lambda$shutdown$3(245)) - 2c347813-d089-4e05-8364-43c4bb29326e: shutdown group-2F0E73CB07B2
2019-07-14 04:36:21,583 INFO  util.JmxRegister (JmxRegister.java:unregister(73)) - Successfully un-registered JMX Bean with object name Ratis:service=RaftServer,group=group-40EF4545634C,id=2c347813-d089-4e05-8364-43c4bb29326e
2019-07-14 04:36:21,584 INFO  util.JmxRegister (JmxRegister.java:unregister(73)) - Successfully un-registered JMX Bean with object name Ratis:service=RaftServer,group=group-2F0E73CB07B2,id=2c347813-d089-4e05-8364-43c4bb29326e
2019-07-14 04:36:21,584 INFO  impl.RoleInfo (RoleInfo.java:shutdownLeaderState(104)) - 2c347813-d089-4e05-8364-43c4bb29326e: shutdown LeaderState
2019-07-14 04:36:21,584 INFO  impl.RoleInfo (RoleInfo.java:shutdownFollowerState(121)) - 2c347813-d089-4e05-8364-43c4bb29326e: shutdown FollowerState
2019-07-14 04:36:21,584 INFO  impl.PendingRequests (PendingRequests.java:sendNotLeaderResponses(202)) - 2c347813-d089-4e05-8364-43c4bb29326e-PendingRequests: sendNotLeaderResponses
2019-07-14 04:36:21,585 INFO  ratis.ContainerStateMachine (ContainerStateMachine.java:takeSnapshot(246)) - Taking snapshot at termIndex:(t:1, i:1)
2019-07-14 04:36:21,585 INFO  impl.FollowerState (FollowerState.java:run(114)) - 2c347813-d089-4e05-8364-43c4bb29326e: FollowerState was interrupted: java.lang.InterruptedException: sleep interrupted
2019-07-14 04:36:21,584 INFO  impl.StateMachineUpdater (StateMachineUpdater.java:stopAndJoin(115)) - StateMachineUpdater:2c347813-d089-4e05-8364-43c4bb29326e:group-2F0E73CB07B2: set stopIndex = 2
2019-07-14 04:36:21,585 INFO  ratis.ContainerStateMachine (ContainerStateMachine.java:takeSnapshot(246)) - Taking snapshot at termIndex:(t:0, i:~)
2019-07-14 04:36:21,585 INFO  impl.StateMachineUpdater (StateMachineUpdater.java:stopAndJoin(115)) - StateMachineUpdater:2c347813-d089-4e05-8364-43c4bb29326e:group-40EF4545634C: set stopIndex = 0
2019-07-14 04:36:21,594 INFO  impl.RaftServerImpl (ServerState.java:close(394)) - 2c347813-d089-4e05-8364-43c4bb29326e:group-40EF4545634C closes. The last applied log index is 0
2019-07-14 04:36:21,585 INFO  ratis.ContainerStateMachine (ContainerStateMachine.java:takeSnapshot(250)) - Taking a snapshot to file /tmp/workdir/hadoop-ozone/integration-test/target/test-dir/MiniOzoneClusterImpl-564b5727-9c6b-4f7d-b4ab-636c8fdedaa5/datanode-2/data/ratis/57581aaf-9038-4e24-9ff6-2f0e73cb07b2/sm/snapshot.1_1
2019-07-14 04:36:21,595 INFO  segmented.SegmentedRaftLogWorker (SegmentedRaftLogWorker.java:run(313)) - 2c347813-d089-4e05-8364-43c4bb29326e-SegmentedRaftLogWorker:Storage Directory /tmp/workdir/hadoop-ozone/integration-test/target/test-dir/MiniOzoneClusterImpl-564b5727-9c6b-4f7d-b4ab-636c8fdedaa5/datanode-2/data/ratis/9293efde-f21c-4762-81f6-40ef4545634c was interrupted, exiting. There are 0 tasks remaining in the queue.
2019-07-14 04:36:21,595 INFO  impl.StateMachineUpdater (StateMachineUpdater.java:takeSnapshot(242)) - StateMachineUpdater:2c347813-d089-4e05-8364-43c4bb29326e:group-2F0E73CB07B2: Took a snapshot at index 1
2019-07-14 04:36:21,600 INFO  impl.StateMachineUpdater (StateMachineUpdater.java:lambda$new$0(80)) - StateMachineUpdater:2c347813-d089-4e05-8364-43c4bb29326e:group-2F0E73CB07B2: snapshotIndex: updateIncreasingly -1 -> 1
2019-07-14 04:36:21,600 INFO  segmented.SegmentedRaftLogWorker (SegmentedRaftLogWorker.java:close(228)) - 2c347813-d089-4e05-8364-43c4bb29326e-SegmentedRaftLogWorker:Storage Directory /tmp/workdir/hadoop-ozone/integration-test/target/test-dir/MiniOzoneClusterImpl-564b5727-9c6b-4f7d-b4ab-636c8fdedaa5/datanode-2/data/ratis/9293efde-f21c-4762-81f6-40ef4545634c close()
2019-07-14 04:36:21,601 INFO  impl.RaftServerImpl (ServerState.java:close(394)) - 2c347813-d089-4e05-8364-43c4bb29326e:group-2F0E73CB07B2 closes. The last applied log index is 2
2019-07-14 04:36:21,612 INFO  segmented.SegmentedRaftLogWorker (SegmentedRaftLogWorker.java:run(313)) - 2c347813-d089-4e05-8364-43c4bb29326e-SegmentedRaftLogWorker:Storage Directory /tmp/workdir/hadoop-ozone/integration-test/target/test-dir/MiniOzoneClusterImpl-564b5727-9c6b-4f7d-b4ab-636c8fdedaa5/datanode-2/data/ratis/57581aaf-9038-4e24-9ff6-2f0e73cb07b2 was interrupted, exiting. There are 0 tasks remaining in the queue.
2019-07-14 04:36:21,618 INFO  segmented.SegmentedRaftLogWorker (SegmentedRaftLogWorker.java:close(228)) - 2c347813-d089-4e05-8364-43c4bb29326e-SegmentedRaftLogWorker:Storage Directory /tmp/workdir/hadoop-ozone/integration-test/target/test-dir/MiniOzoneClusterImpl-564b5727-9c6b-4f7d-b4ab-636c8fdedaa5/datanode-2/data/ratis/57581aaf-9038-4e24-9ff6-2f0e73cb07b2 close()
2019-07-14 04:36:21,628 INFO  server.GrpcService (GrpcService.java:closeImpl(155)) - 2c347813-d089-4e05-8364-43c4bb29326e: shutdown server with port 35029 now
2019-07-14 04:36:21,629 WARN  server.GrpcServerProtocolService (LogUtils.java:warn(134)) - 2c347813-d089-4e05-8364-43c4bb29326e: appendEntries onError: org.apache.ratis.thirdparty.io.grpc.StatusRuntimeException: CANCELLED: cancelled before receiving half close
2019-07-14 04:36:21,629 INFO  server.GrpcService (GrpcService.java:closeImpl(163)) - 2c347813-d089-4e05-8364-43c4bb29326e: shutdown server with port 35029 successfully
2019-07-14 04:36:21,629 WARN  server.GrpcLogAppender (LogUtils.java:warn(134)) - 3a30d705-106a-482e-b6c0-0b4fa2317942->2c347813-d089-4e05-8364-43c4bb29326e: Failed appendEntries: org.apache.ratis.thirdparty.io.grpc.StatusRuntimeException: CANCELLED: HTTP/2 error code: CANCEL
Received Rst Stream
2019-07-14 04:36:21,630 INFO  impl.FollowerInfo (FollowerInfo.java:lambda$new$0(50)) - 3a30d705-106a-482e-b6c0-0b4fa2317942->2c347813-d089-4e05-8364-43c4bb29326e: nextIndex: updateUnconditionally 3 -> 2
2019-07-14 04:36:21,630 INFO  utils.BackgroundService (BackgroundService.java:shutdown(148)) - Shutting down service BlockDeletingService
2019-07-14 04:36:21,632 WARN  fs.CachingGetSpaceUsed (CachingGetSpaceUsed.java:run(183)) - Thread Interrupted waiting to refresh disk information: sleep interrupted
2019-07-14 04:36:21,663 INFO  statemachine.DatanodeStateMachine (DatanodeStateMachine.java:stopDaemon(395)) - Ozone container server stopped.
2019-07-14 04:36:21,665 INFO  handler.ContextHandler (ContextHandler.java:doStop(910)) - Stopped o.e.j.w.WebAppContext@b340615{/,null,UNAVAILABLE}{/hddsDatanode}
2019-07-14 04:36:21,666 INFO  server.AbstractConnector (AbstractConnector.java:doStop(318)) - Stopped ServerConnector@3c6b300a{HTTP/1.1,[http/1.1]}{0.0.0.0:0}
2019-07-14 04:36:21,666 INFO  handler.ContextHandler (ContextHandler.java:doStop(910)) - Stopped o.e.j.s.ServletContextHandler@7096d451{/static,jar:file:/home/user/.m2/repository/org/apache/hadoop/hadoop-hdds-container-service/0.5.0-SNAPSHOT/hadoop-hdds-container-service-0.5.0-SNAPSHOT.jar!/webapps/static,UNAVAILABLE}
2019-07-14 04:36:21,666 INFO  handler.ContextHandler (ContextHandler.java:doStop(910)) - Stopped o.e.j.s.ServletContextHandler@758d4aa9{/logs,file:///tmp/workdir/hadoop-ozone/integration-test/target/log,UNAVAILABLE}
2019-07-14 04:36:21,677 INFO  client.GrpcClientProtocolClient (GrpcClientProtocolClient.java:onNext(255)) - client-CFDC92214E0F->3a30d705-106a-482e-b6c0-0b4fa2317942: receive RaftClientReply:client-CFDC92214E0F->3a30d705-106a-482e-b6c0-0b4fa2317942@group-2F0E73CB07B2, cid=54, SUCCESS, logIndex=0, commits[3a30d705-106a-482e-b6c0-0b4fa2317942:c2, 6ce6429d-ca4c-4475-bf53-ede7f8353202:c2, 2c347813-d089-4e05-8364-43c4bb29326e:c2]
]]></system-out>
    <system-err><![CDATA[Jul 14, 2019 4:36:01 AM com.sun.jersey.server.impl.application.WebApplicationImpl _initiate
INFO: Initiating Jersey application, version 'Jersey: 1.19 02/11/2015 03:25 AM'
Jul 14, 2019 4:36:01 AM com.sun.jersey.server.impl.application.WebApplicationImpl _initiate
INFO: Initiating Jersey application, version 'Jersey: 1.19 02/11/2015 03:25 AM'
Jul 14, 2019 4:36:02 AM com.sun.jersey.server.impl.application.WebApplicationImpl _initiate
INFO: Initiating Jersey application, version 'Jersey: 1.19 02/11/2015 03:25 AM'
Jul 14, 2019 4:36:02 AM com.sun.jersey.server.impl.application.WebApplicationImpl _initiate
INFO: Initiating Jersey application, version 'Jersey: 1.19 02/11/2015 03:25 AM'
Jul 14, 2019 4:36:02 AM com.sun.jersey.server.impl.application.WebApplicationImpl _initiate
INFO: Initiating Jersey application, version 'Jersey: 1.19 02/11/2015 03:25 AM'
Jul 14, 2019 4:36:02 AM com.sun.jersey.server.impl.application.WebApplicationImpl _initiate
INFO: Initiating Jersey application, version 'Jersey: 1.19 02/11/2015 03:25 AM'
Jul 14, 2019 4:36:02 AM com.sun.jersey.server.impl.application.WebApplicationImpl _initiate
INFO: Initiating Jersey application, version 'Jersey: 1.19 02/11/2015 03:25 AM'
]]></system-err>
  </testcase>
  <testcase name="testWatchForCommitForGroupMismatchException" classname="org.apache.hadoop.ozone.client.rpc.TestWatchForCommit" time="33.646"/>
  <testcase name="test2WayCommitForTimeoutException" classname="org.apache.hadoop.ozone.client.rpc.TestWatchForCommit" time="36.684"/>
  <testcase name="test2WayCommitForRetryfailure" classname="org.apache.hadoop.ozone.client.rpc.TestWatchForCommit" time="42.872"/>
</testsuite>