<?xml version="1.0" encoding="UTF-8"?>
<testsuite xmlns:xsi="http://www.w3.org/2001/XMLSchema-instance" xsi:noNamespaceSchemaLocation="https://maven.apache.org/surefire/maven-surefire-plugin/xsd/surefire-test-report.xsd" name="org.apache.hadoop.ozone.client.rpc.TestCloseContainerHandlingByClient" time="60.041" tests="8" errors="6" skipped="1" failures="0">
  <properties>
    <property name="awt.toolkit" value="sun.awt.X11.XToolkit"/>
    <property name="file.encoding.pkg" value="sun.io"/>
    <property name="java.specification.version" value="1.8"/>
    <property name="sun.cpu.isalist" value=""/>
    <property name="sun.jnu.encoding" value="UTF-8"/>
    <property name="java.class.path" value="/tmp/workdir/hadoop-ozone/integration-test/target/test-classes:/tmp/workdir/hadoop-ozone/integration-test/target/classes:/home/user/.m2/repository/org/apache/hadoop/hadoop-ozone-common/0.5.0-SNAPSHOT/hadoop-ozone-common-0.5.0-SNAPSHOT.jar:/home/user/.m2/repository/org/apache/commons/commons-compress/1.4.1/commons-compress-1.4.1.jar:/home/user/.m2/repository/org/tukaani/xz/1.0/xz-1.0.jar:/home/user/.m2/repository/org/apache/hadoop/hadoop-common/3.2.0/hadoop-common-3.2.0.jar:/home/user/.m2/repository/org/apache/hadoop/hadoop-hdfs/3.2.0/hadoop-hdfs-3.2.0.jar:/home/user/.m2/repository/org/apache/hadoop/hadoop-hdfs-client/3.2.0/hadoop-hdfs-client-3.2.0.jar:/home/user/.m2/repository/com/fasterxml/jackson/core/jackson-annotations/2.9.5/jackson-annotations-2.9.5.jar:/home/user/.m2/repository/org/apache/hadoop/hadoop-hdds-common/0.5.0-SNAPSHOT/hadoop-hdds-common-0.5.0-SNAPSHOT.jar:/home/user/.m2/repository/javax/annotation/javax.annotation-api/1.2/javax.annotation-api-1.2.jar:/home/user/.m2/repository/org/apache/ratis/ratis-server/0.4.0-2337318-SNAPSHOT/ratis-server-0.4.0-2337318-SNAPSHOT.jar:/home/user/.m2/repository/org/apache/ratis/ratis-thirdparty-misc/0.2.0/ratis-thirdparty-misc-0.2.0.jar:/home/user/.m2/repository/org/apache/ratis/ratis-proto/0.4.0-2337318-SNAPSHOT/ratis-proto-0.4.0-2337318-SNAPSHOT.jar:/home/user/.m2/repository/org/apache/ratis/ratis-common/0.4.0-2337318-SNAPSHOT/ratis-common-0.4.0-2337318-SNAPSHOT.jar:/home/user/.m2/repository/org/apache/ratis/ratis-client/0.4.0-2337318-SNAPSHOT/ratis-client-0.4.0-2337318-SNAPSHOT.jar:/home/user/.m2/repository/org/apache/ratis/ratis-metrics/0.4.0-2337318-SNAPSHOT/ratis-metrics-0.4.0-2337318-SNAPSHOT.jar:/home/user/.m2/repository/org/apache/ratis/ratis-netty/0.4.0-2337318-SNAPSHOT/ratis-netty-0.4.0-2337318-SNAPSHOT.jar:/home/user/.m2/repository/org/apache/ratis/ratis-grpc/0.4.0-2337318-SNAPSHOT/ratis-grpc-0.4.0-2337318-SNAPSHOT.jar:/home/user/.m2/repository/org/rocksdb/rocksdbjni/6.0.1/rocksdbjni-6.0.1.jar:/home/user/.m2/repository/org/apache/logging/log4j/log4j-api/2.11.0/log4j-api-2.11.0.jar:/home/user/.m2/repository/org/apache/logging/log4j/log4j-core/2.11.0/log4j-core-2.11.0.jar:/home/user/.m2/repository/com/lmax/disruptor/3.4.2/disruptor-3.4.2.jar:/home/user/.m2/repository/org/apache/commons/commons-pool2/2.6.0/commons-pool2-2.6.0.jar:/home/user/.m2/repository/org/bouncycastle/bcpkix-jdk15on/1.60/bcpkix-jdk15on-1.60.jar:/home/user/.m2/repository/commons-validator/commons-validator/1.6/commons-validator-1.6.jar:/home/user/.m2/repository/commons-digester/commons-digester/1.8.1/commons-digester-1.8.1.jar:/home/user/.m2/repository/io/jaegertracing/jaeger-client/0.33.1/jaeger-client-0.33.1.jar:/home/user/.m2/repository/io/jaegertracing/jaeger-thrift/0.33.1/jaeger-thrift-0.33.1.jar:/home/user/.m2/repository/org/apache/thrift/libthrift/0.11.0/libthrift-0.11.0.jar:/home/user/.m2/repository/com/squareup/okhttp3/okhttp/3.9.0/okhttp-3.9.0.jar:/home/user/.m2/repository/com/squareup/okio/okio/1.13.0/okio-1.13.0.jar:/home/user/.m2/repository/io/jaegertracing/jaeger-core/0.33.1/jaeger-core-0.33.1.jar:/home/user/.m2/repository/io/jaegertracing/jaeger-tracerresolver/0.33.1/jaeger-tracerresolver-0.33.1.jar:/home/user/.m2/repository/io/opentracing/contrib/opentracing-tracerresolver/0.1.5/opentracing-tracerresolver-0.1.5.jar:/home/user/.m2/repository/io/opentracing/opentracing-util/0.31.0/opentracing-util-0.31.0.jar:/home/user/.m2/repository/io/opentracing/opentracing-api/0.31.0/opentracing-api-0.31.0.jar:/home/user/.m2/repository/io/opentracing/opentracing-noop/0.31.0/opentracing-noop-0.31.0.jar:/home/user/.m2/repository/org/apache/hadoop/hadoop-hdds-server-framework/0.5.0-SNAPSHOT/hadoop-hdds-server-framework-0.5.0-SNAPSHOT.jar:/home/user/.m2/repository/org/apache/hadoop/hadoop-hdds-container-service/0.5.0-SNAPSHOT/hadoop-hdds-container-service-0.5.0-SNAPSHOT.jar:/home/user/.m2/repository/org/apache/hadoop/hadoop-hdds-client/0.5.0-SNAPSHOT/hadoop-hdds-client-0.5.0-SNAPSHOT.jar:/home/user/.m2/repository/org/apache/hadoop/hadoop-hdds-tools/0.5.0-SNAPSHOT/hadoop-hdds-tools-0.5.0-SNAPSHOT.jar:/home/user/.m2/repository/org/apache/hadoop/hadoop-hdds-server-scm/0.5.0-SNAPSHOT/hadoop-hdds-server-scm-0.5.0-SNAPSHOT.jar:/home/user/.m2/repository/org/apache/hadoop/hadoop-hdds-docs/0.5.0-SNAPSHOT/hadoop-hdds-docs-0.5.0-SNAPSHOT.jar:/home/user/.m2/repository/io/dropwizard/metrics/metrics-core/3.2.4/metrics-core-3.2.4.jar:/home/user/.m2/repository/org/hamcrest/hamcrest-all/1.3/hamcrest-all-1.3.jar:/home/user/.m2/repository/org/bouncycastle/bcprov-jdk15on/1.60/bcprov-jdk15on-1.60.jar:/home/user/.m2/repository/info/picocli/picocli/3.9.6/picocli-3.9.6.jar:/home/user/.m2/repository/com/google/protobuf/protobuf-java/2.5.0/protobuf-java-2.5.0.jar:/home/user/.m2/repository/com/google/guava/guava/11.0.2/guava-11.0.2.jar:/home/user/.m2/repository/org/apache/hadoop/hadoop-ozone-ozone-manager/0.5.0-SNAPSHOT/hadoop-ozone-ozone-manager-0.5.0-SNAPSHOT.jar:/home/user/.m2/repository/org/apache/hadoop/hadoop-minikdc/3.2.0/hadoop-minikdc-3.2.0.jar:/home/user/.m2/repository/commons-io/commons-io/2.5/commons-io-2.5.jar:/home/user/.m2/repository/org/apache/kerby/kerb-simplekdc/1.0.1/kerb-simplekdc-1.0.1.jar:/home/user/.m2/repository/org/apache/kerby/kerb-client/1.0.1/kerb-client-1.0.1.jar:/home/user/.m2/repository/org/apache/kerby/kerby-config/1.0.1/kerby-config-1.0.1.jar:/home/user/.m2/repository/org/apache/kerby/kerb-core/1.0.1/kerb-core-1.0.1.jar:/home/user/.m2/repository/org/apache/kerby/kerby-pkix/1.0.1/kerby-pkix-1.0.1.jar:/home/user/.m2/repository/org/apache/kerby/kerby-asn1/1.0.1/kerby-asn1-1.0.1.jar:/home/user/.m2/repository/org/apache/kerby/kerby-util/1.0.1/kerby-util-1.0.1.jar:/home/user/.m2/repository/org/apache/kerby/kerb-common/1.0.1/kerb-common-1.0.1.jar:/home/user/.m2/repository/org/apache/kerby/kerb-crypto/1.0.1/kerb-crypto-1.0.1.jar:/home/user/.m2/repository/org/apache/kerby/kerb-util/1.0.1/kerb-util-1.0.1.jar:/home/user/.m2/repository/org/apache/kerby/token-provider/1.0.1/token-provider-1.0.1.jar:/home/user/.m2/repository/org/apache/kerby/kerb-admin/1.0.1/kerb-admin-1.0.1.jar:/home/user/.m2/repository/org/apache/kerby/kerb-server/1.0.1/kerb-server-1.0.1.jar:/home/user/.m2/repository/org/apache/kerby/kerb-identity/1.0.1/kerb-identity-1.0.1.jar:/home/user/.m2/repository/org/apache/kerby/kerby-xdr/1.0.1/kerby-xdr-1.0.1.jar:/home/user/.m2/repository/org/slf4j/slf4j-log4j12/1.7.25/slf4j-log4j12-1.7.25.jar:/home/user/.m2/repository/org/apache/hadoop/hadoop-ozone-objectstore-service/0.5.0-SNAPSHOT/hadoop-ozone-objectstore-service-0.5.0-SNAPSHOT.jar:/home/user/.m2/repository/org/apache/hadoop/hadoop-ozone-s3gateway/0.5.0-SNAPSHOT/hadoop-ozone-s3gateway-0.5.0-SNAPSHOT.jar:/home/user/.m2/repository/org/jboss/weld/servlet/weld-servlet/2.4.7.Final/weld-servlet-2.4.7.Final.jar:/home/user/.m2/repository/org/glassfish/jersey/containers/jersey-container-servlet-core/2.27/jersey-container-servlet-core-2.27.jar:/home/user/.m2/repository/org/glassfish/hk2/external/javax.inject/2.5.0-b42/javax.inject-2.5.0-b42.jar:/home/user/.m2/repository/org/glassfish/jersey/core/jersey-common/2.27/jersey-common-2.27.jar:/home/user/.m2/repository/org/glassfish/hk2/osgi-resource-locator/1.0.1/osgi-resource-locator-1.0.1.jar:/home/user/.m2/repository/javax/ws/rs/javax.ws.rs-api/2.1/javax.ws.rs-api-2.1.jar:/home/user/.m2/repository/org/glassfish/jersey/ext/cdi/jersey-cdi1x/2.27/jersey-cdi1x-2.27.jar:/home/user/.m2/repository/org/glassfish/jersey/inject/jersey-hk2/2.27/jersey-hk2-2.27.jar:/home/user/.m2/repository/org/glassfish/hk2/hk2-locator/2.5.0-b42/hk2-locator-2.5.0-b42.jar:/home/user/.m2/repository/org/javassist/javassist/3.22.0-CR2/javassist-3.22.0-CR2.jar:/home/user/.m2/repository/org/glassfish/hk2/hk2-api/2.5.0/hk2-api-2.5.0.jar:/home/user/.m2/repository/org/glassfish/hk2/external/jakarta.inject/2.5.0/jakarta.inject-2.5.0.jar:/home/user/.m2/repository/org/glassfish/hk2/hk2-utils/2.5.0/hk2-utils-2.5.0.jar:/home/user/.m2/repository/jakarta/annotation/jakarta.annotation-api/1.3.4/jakarta.annotation-api-1.3.4.jar:/home/user/.m2/repository/org/glassfish/hk2/external/aopalliance-repackaged/2.5.0/aopalliance-repackaged-2.5.0.jar:/home/user/.m2/repository/com/fasterxml/jackson/dataformat/jackson-dataformat-xml/2.9.0/jackson-dataformat-xml-2.9.0.jar:/home/user/.m2/repository/com/fasterxml/jackson/core/jackson-core/2.9.5/jackson-core-2.9.5.jar:/home/user/.m2/repository/com/fasterxml/jackson/module/jackson-module-jaxb-annotations/2.9.5/jackson-module-jaxb-annotations-2.9.5.jar:/home/user/.m2/repository/javax/enterprise/cdi-api/1.2/cdi-api-1.2.jar:/home/user/.m2/repository/javax/el/javax.el-api/3.0.0/javax.el-api-3.0.0.jar:/home/user/.m2/repository/javax/interceptor/javax.interceptor-api/1.2/javax.interceptor-api-1.2.jar:/home/user/.m2/repository/javax/inject/javax.inject/1/javax.inject-1.jar:/home/user/.m2/repository/com/sun/xml/bind/jaxb-impl/2.3.0.1/jaxb-impl-2.3.0.1.jar:/home/user/.m2/repository/com/sun/xml/bind/jaxb-core/2.3.0.1/jaxb-core-2.3.0.1.jar:/home/user/.m2/repository/javax/xml/bind/jaxb-api/2.3.0/jaxb-api-2.3.0.jar:/home/user/.m2/repository/javax/activation/activation/1.1.1/activation-1.1.1.jar:/home/user/.m2/repository/org/apache/hadoop/hadoop-ozone-csi/0.5.0-SNAPSHOT/hadoop-ozone-csi-0.5.0-SNAPSHOT.jar:/home/user/.m2/repository/com/google/protobuf/protobuf-java-util/3.5.1/protobuf-java-util-3.5.1.jar:/home/user/.m2/repository/org/apache/hadoop/hadoop-hdds-config/0.5.0-SNAPSHOT/hadoop-hdds-config-0.5.0-SNAPSHOT.jar:/home/user/.m2/repository/io/grpc/grpc-netty/1.17.1/grpc-netty-1.17.1.jar:/home/user/.m2/repository/io/grpc/grpc-core/1.17.1/grpc-core-1.17.1.jar:/home/user/.m2/repository/io/grpc/grpc-context/1.17.1/grpc-context-1.17.1.jar:/home/user/.m2/repository/com/google/errorprone/error_prone_annotations/2.2.0/error_prone_annotations-2.2.0.jar:/home/user/.m2/repository/org/codehaus/mojo/animal-sniffer-annotations/1.17/animal-sniffer-annotations-1.17.jar:/home/user/.m2/repository/io/opencensus/opencensus-api/0.17.0/opencensus-api-0.17.0.jar:/home/user/.m2/repository/io/opencensus/opencensus-contrib-grpc-metrics/0.17.0/opencensus-contrib-grpc-metrics-0.17.0.jar:/home/user/.m2/repository/io/netty/netty-codec-http2/4.1.30.Final/netty-codec-http2-4.1.30.Final.jar:/home/user/.m2/repository/io/netty/netty-codec-http/4.1.30.Final/netty-codec-http-4.1.30.Final.jar:/home/user/.m2/repository/io/netty/netty-codec/4.1.30.Final/netty-codec-4.1.30.Final.jar:/home/user/.m2/repository/io/netty/netty-handler/4.1.30.Final/netty-handler-4.1.30.Final.jar:/home/user/.m2/repository/io/netty/netty-handler-proxy/4.1.30.Final/netty-handler-proxy-4.1.30.Final.jar:/home/user/.m2/repository/io/netty/netty-codec-socks/4.1.30.Final/netty-codec-socks-4.1.30.Final.jar:/home/user/.m2/repository/io/netty/netty-transport-native-epoll/4.1.30.Final/netty-transport-native-epoll-4.1.30.Final.jar:/home/user/.m2/repository/io/netty/netty-common/4.1.30.Final/netty-common-4.1.30.Final.jar:/home/user/.m2/repository/io/netty/netty-buffer/4.1.30.Final/netty-buffer-4.1.30.Final.jar:/home/user/.m2/repository/io/netty/netty-transport/4.1.30.Final/netty-transport-4.1.30.Final.jar:/home/user/.m2/repository/io/netty/netty-resolver/4.1.30.Final/netty-resolver-4.1.30.Final.jar:/home/user/.m2/repository/io/netty/netty-transport-native-unix-common/4.1.30.Final/netty-transport-native-unix-common-4.1.30.Final.jar:/home/user/.m2/repository/io/grpc/grpc-protobuf/1.17.1/grpc-protobuf-1.17.1.jar:/home/user/.m2/repository/com/google/api/grpc/proto-google-common-protos/1.0.0/proto-google-common-protos-1.0.0.jar:/home/user/.m2/repository/io/grpc/grpc-protobuf-lite/1.17.1/grpc-protobuf-lite-1.17.1.jar:/home/user/.m2/repository/io/grpc/grpc-stub/1.17.1/grpc-stub-1.17.1.jar:/home/user/.m2/repository/org/apache/hadoop/hadoop-ozone-recon/0.5.0-SNAPSHOT/hadoop-ozone-recon-0.5.0-SNAPSHOT.jar:/home/user/.m2/repository/org/apache/hadoop/hadoop-ozone-reconcodegen/0.5.0-SNAPSHOT/hadoop-ozone-reconcodegen-0.5.0-SNAPSHOT.jar:/home/user/.m2/repository/com/google/inject/extensions/guice-multibindings/4.0/guice-multibindings-4.0.jar:/home/user/.m2/repository/com/google/inject/guice/4.0/guice-4.0.jar:/home/user/.m2/repository/aopalliance/aopalliance/1.0/aopalliance-1.0.jar:/home/user/.m2/repository/com/google/inject/extensions/guice-servlet/4.0/guice-servlet-4.0.jar:/home/user/.m2/repository/org/glassfish/jersey/containers/jersey-container-servlet/2.27/jersey-container-servlet-2.27.jar:/home/user/.m2/repository/org/glassfish/hk2/guice-bridge/2.5.0/guice-bridge-2.5.0.jar:/home/user/.m2/repository/org/glassfish/jersey/core/jersey-server/2.27/jersey-server-2.27.jar:/home/user/.m2/repository/org/glassfish/jersey/core/jersey-client/2.27/jersey-client-2.27.jar:/home/user/.m2/repository/org/glassfish/jersey/media/jersey-media-jaxb/2.27/jersey-media-jaxb-2.27.jar:/home/user/.m2/repository/javax/validation/validation-api/1.1.0.Final/validation-api-1.1.0.Final.jar:/home/user/.m2/repository/org/glassfish/jersey/media/jersey-media-json-jackson/2.27/jersey-media-json-jackson-2.27.jar:/home/user/.m2/repository/org/glassfish/jersey/ext/jersey-entity-filtering/2.27/jersey-entity-filtering-2.27.jar:/home/user/.m2/repository/com/google/inject/extensions/guice-assistedinject/4.0/guice-assistedinject-4.0.jar:/home/user/.m2/repository/org/jooq/jooq/3.11.10/jooq-3.11.10.jar:/home/user/.m2/repository/org/jooq/jooq-meta/3.11.10/jooq-meta-3.11.10.jar:/home/user/.m2/repository/org/jooq/jooq-codegen/3.11.10/jooq-codegen-3.11.10.jar:/home/user/.m2/repository/com/jolbox/bonecp/0.8.0.RELEASE/bonecp-0.8.0.RELEASE.jar:/home/user/.m2/repository/org/xerial/sqlite-jdbc/3.25.2/sqlite-jdbc-3.25.2.jar:/home/user/.m2/repository/org/springframework/spring-jdbc/5.1.3.RELEASE/spring-jdbc-5.1.3.RELEASE.jar:/home/user/.m2/repository/org/springframework/spring-beans/5.1.3.RELEASE/spring-beans-5.1.3.RELEASE.jar:/home/user/.m2/repository/org/springframework/spring-core/5.1.3.RELEASE/spring-core-5.1.3.RELEASE.jar:/home/user/.m2/repository/org/springframework/spring-jcl/5.1.3.RELEASE/spring-jcl-5.1.3.RELEASE.jar:/home/user/.m2/repository/org/springframework/spring-tx/5.1.3.RELEASE/spring-tx-5.1.3.RELEASE.jar:/home/user/.m2/repository/org/apache/hadoop/hadoop-ozone-client/0.5.0-SNAPSHOT/hadoop-ozone-client-0.5.0-SNAPSHOT.jar:/home/user/.m2/repository/commons-lang/commons-lang/2.6/commons-lang-2.6.jar:/home/user/.m2/repository/org/apache/hadoop/hadoop-ozone-ozone-manager/0.5.0-SNAPSHOT/hadoop-ozone-ozone-manager-0.5.0-SNAPSHOT-tests.jar:/home/user/.m2/repository/junit/junit/4.11/junit-4.11.jar:/home/user/.m2/repository/org/hamcrest/hamcrest-core/1.3/hamcrest-core-1.3.jar:/home/user/.m2/repository/org/openjdk/jmh/jmh-core/1.19/jmh-core-1.19.jar:/home/user/.m2/repository/net/sf/jopt-simple/jopt-simple/4.6/jopt-simple-4.6.jar:/home/user/.m2/repository/org/apache/commons/commons-math3/3.1.1/commons-math3-3.1.1.jar:/home/user/.m2/repository/org/openjdk/jmh/jmh-generator-annprocess/1.19/jmh-generator-annprocess-1.19.jar:/home/user/.m2/repository/org/mockito/mockito-all/1.8.5/mockito-all-1.8.5.jar:/home/user/.m2/repository/org/apache/hadoop/hadoop-kms/3.2.0/hadoop-kms-3.2.0.jar:/home/user/.m2/repository/org/apache/hadoop/hadoop-auth/3.2.0/hadoop-auth-3.2.0.jar:/home/user/.m2/repository/com/nimbusds/nimbus-jose-jwt/4.41.1/nimbus-jose-jwt-4.41.1.jar:/home/user/.m2/repository/com/github/stephenc/jcip/jcip-annotations/1.0-1/jcip-annotations-1.0-1.jar:/home/user/.m2/repository/net/minidev/json-smart/2.3/json-smart-2.3.jar:/home/user/.m2/repository/net/minidev/accessors-smart/1.2/accessors-smart-1.2.jar:/home/user/.m2/repository/org/ow2/asm/asm/5.0.4/asm-5.0.4.jar:/home/user/.m2/repository/org/apache/curator/curator-framework/2.12.0/curator-framework-2.12.0.jar:/home/user/.m2/repository/com/sun/jersey/jersey-core/1.19/jersey-core-1.19.jar:/home/user/.m2/repository/javax/ws/rs/jsr311-api/1.1.1/jsr311-api-1.1.1.jar:/home/user/.m2/repository/com/sun/jersey/jersey-server/1.19/jersey-server-1.19.jar:/home/user/.m2/repository/javax/servlet/javax.servlet-api/3.1.0/javax.servlet-api-3.1.0.jar:/home/user/.m2/repository/org/eclipse/jetty/jetty-server/9.3.24.v20180605/jetty-server-9.3.24.v20180605.jar:/home/user/.m2/repository/org/eclipse/jetty/jetty-http/9.3.24.v20180605/jetty-http-9.3.24.v20180605.jar:/home/user/.m2/repository/org/eclipse/jetty/jetty-io/9.3.24.v20180605/jetty-io-9.3.24.v20180605.jar:/home/user/.m2/repository/org/eclipse/jetty/jetty-webapp/9.3.24.v20180605/jetty-webapp-9.3.24.v20180605.jar:/home/user/.m2/repository/org/eclipse/jetty/jetty-xml/9.3.24.v20180605/jetty-xml-9.3.24.v20180605.jar:/home/user/.m2/repository/log4j/log4j/1.2.17/log4j-1.2.17.jar:/home/user/.m2/repository/org/slf4j/slf4j-api/1.7.25/slf4j-api-1.7.25.jar:/home/user/.m2/repository/org/slf4j/jul-to-slf4j/1.7.25/jul-to-slf4j-1.7.25.jar:/home/user/.m2/repository/org/eclipse/jetty/jetty-util/9.3.24.v20180605/jetty-util-9.3.24.v20180605.jar:/home/user/.m2/repository/com/fasterxml/jackson/core/jackson-databind/2.9.5/jackson-databind-2.9.5.jar:/home/user/.m2/repository/org/apache/hadoop/hadoop-kms/3.2.0/hadoop-kms-3.2.0-tests.jar:/home/user/.m2/repository/org/apache/hadoop/hadoop-hdds-server-scm/0.5.0-SNAPSHOT/hadoop-hdds-server-scm-0.5.0-SNAPSHOT-tests.jar:/home/user/.m2/repository/org/apache/hadoop/hadoop-hdds-container-service/0.5.0-SNAPSHOT/hadoop-hdds-container-service-0.5.0-SNAPSHOT-tests.jar:/home/user/.m2/repository/org/yaml/snakeyaml/1.16/snakeyaml-1.16.jar:/home/user/.m2/repository/org/apache/hadoop/hadoop-common/3.2.0/hadoop-common-3.2.0-tests.jar:/home/user/.m2/repository/org/apache/hadoop/hadoop-annotations/3.2.0/hadoop-annotations-3.2.0.jar:/usr/lib/jvm/java-1.8-openjdk/jre/../lib/tools.jar:/home/user/.m2/repository/commons-cli/commons-cli/1.2/commons-cli-1.2.jar:/home/user/.m2/repository/org/apache/httpcomponents/httpclient/4.5.2/httpclient-4.5.2.jar:/home/user/.m2/repository/org/apache/httpcomponents/httpcore/4.4.4/httpcore-4.4.4.jar:/home/user/.m2/repository/commons-codec/commons-codec/1.11/commons-codec-1.11.jar:/home/user/.m2/repository/commons-net/commons-net/3.6/commons-net-3.6.jar:/home/user/.m2/repository/commons-collections/commons-collections/3.2.2/commons-collections-3.2.2.jar:/home/user/.m2/repository/org/eclipse/jetty/jetty-servlet/9.3.24.v20180605/jetty-servlet-9.3.24.v20180605.jar:/home/user/.m2/repository/org/eclipse/jetty/jetty-security/9.3.24.v20180605/jetty-security-9.3.24.v20180605.jar:/home/user/.m2/repository/javax/servlet/jsp/jsp-api/2.1/jsp-api-2.1.jar:/home/user/.m2/repository/com/sun/jersey/jersey-servlet/1.19/jersey-servlet-1.19.jar:/home/user/.m2/repository/com/sun/jersey/jersey-json/1.19/jersey-json-1.19.jar:/home/user/.m2/repository/org/codehaus/jettison/jettison/1.1/jettison-1.1.jar:/home/user/.m2/repository/org/codehaus/jackson/jackson-core-asl/1.9.13/jackson-core-asl-1.9.13.jar:/home/user/.m2/repository/org/codehaus/jackson/jackson-mapper-asl/1.9.13/jackson-mapper-asl-1.9.13.jar:/home/user/.m2/repository/org/codehaus/jackson/jackson-jaxrs/1.9.13/jackson-jaxrs-1.9.13.jar:/home/user/.m2/repository/org/codehaus/jackson/jackson-xc/1.9.13/jackson-xc-1.9.13.jar:/home/user/.m2/repository/commons-logging/commons-logging/1.1.3/commons-logging-1.1.3.jar:/home/user/.m2/repository/commons-beanutils/commons-beanutils/1.9.3/commons-beanutils-1.9.3.jar:/home/user/.m2/repository/org/apache/commons/commons-configuration2/2.1.1/commons-configuration2-2.1.1.jar:/home/user/.m2/repository/org/apache/commons/commons-lang3/3.7/commons-lang3-3.7.jar:/home/user/.m2/repository/org/apache/commons/commons-text/1.4/commons-text-1.4.jar:/home/user/.m2/repository/org/apache/avro/avro/1.7.7/avro-1.7.7.jar:/home/user/.m2/repository/com/thoughtworks/paranamer/paranamer/2.3/paranamer-2.3.jar:/home/user/.m2/repository/org/xerial/snappy/snappy-java/1.0.5/snappy-java-1.0.5.jar:/home/user/.m2/repository/com/google/re2j/re2j/1.1/re2j-1.1.jar:/home/user/.m2/repository/com/google/code/gson/gson/2.2.4/gson-2.2.4.jar:/home/user/.m2/repository/com/jcraft/jsch/0.1.54/jsch-0.1.54.jar:/home/user/.m2/repository/org/apache/curator/curator-client/2.12.0/curator-client-2.12.0.jar:/home/user/.m2/repository/org/apache/curator/curator-recipes/2.12.0/curator-recipes-2.12.0.jar:/home/user/.m2/repository/com/google/code/findbugs/jsr305/3.0.0/jsr305-3.0.0.jar:/home/user/.m2/repository/org/apache/htrace/htrace-core4/4.1.0-incubating/htrace-core4-4.1.0-incubating.jar:/home/user/.m2/repository/org/apache/zookeeper/zookeeper/3.4.13/zookeeper-3.4.13.jar:/home/user/.m2/repository/org/apache/yetus/audience-annotations/0.5.0/audience-annotations-0.5.0.jar:/home/user/.m2/repository/org/codehaus/woodstox/stax2-api/3.1.4/stax2-api-3.1.4.jar:/home/user/.m2/repository/com/fasterxml/woodstox/woodstox-core/5.0.3/woodstox-core-5.0.3.jar:/home/user/.m2/repository/dnsjava/dnsjava/2.1.7/dnsjava-2.1.7.jar:/home/user/.m2/repository/org/apache/hadoop/hadoop-hdfs/3.2.0/hadoop-hdfs-3.2.0-tests.jar:/home/user/.m2/repository/org/eclipse/jetty/jetty-util-ajax/9.3.24.v20180605/jetty-util-ajax-9.3.24.v20180605.jar:/home/user/.m2/repository/commons-daemon/commons-daemon/1.0.13/commons-daemon-1.0.13.jar:/home/user/.m2/repository/io/netty/netty/3.10.5.Final/netty-3.10.5.Final.jar:/home/user/.m2/repository/io/netty/netty-all/4.0.52.Final/netty-all-4.0.52.Final.jar:/home/user/.m2/repository/org/fusesource/leveldbjni/leveldbjni-all/1.8/leveldbjni-all-1.8.jar:"/>
    <property name="java.vm.vendor" value="IcedTea"/>
    <property name="sun.arch.data.model" value="64"/>
    <property name="test.build.dir" value="/tmp/workdir/hadoop-ozone/integration-test/target/test-dir"/>
    <property name="test.cache.data" value=""/>
    <property name="java.vendor.url" value="https://icedtea.classpath.org"/>
    <property name="user.timezone" value=""/>
    <property name="java.vm.specification.version" value="1.8"/>
    <property name="os.name" value="Linux"/>
    <property name="test.build.data" value="/tmp/workdir/hadoop-ozone/integration-test/target/test-dir"/>
    <property name="user.country" value="US"/>
    <property name="sun.java.launcher" value="SUN_STANDARD"/>
    <property name="sun.boot.library.path" value="/usr/lib/jvm/java-1.8-openjdk/jre/lib/amd64"/>
    <property name="sun.java.command" value="/tmp/workdir/hadoop-ozone/integration-test/target/surefire/surefirebooter664629712212845144.jar /tmp/workdir/hadoop-ozone/integration-test/target/surefire 2019-07-14T04-10-26_574-jvmRun1 surefire748953193442338811tmp surefire_351342909774323723434tmp"/>
    <property name="surefire.test.class.path" value="/tmp/workdir/hadoop-ozone/integration-test/target/test-classes:/tmp/workdir/hadoop-ozone/integration-test/target/classes:/home/user/.m2/repository/org/apache/hadoop/hadoop-ozone-common/0.5.0-SNAPSHOT/hadoop-ozone-common-0.5.0-SNAPSHOT.jar:/home/user/.m2/repository/org/apache/commons/commons-compress/1.4.1/commons-compress-1.4.1.jar:/home/user/.m2/repository/org/tukaani/xz/1.0/xz-1.0.jar:/home/user/.m2/repository/org/apache/hadoop/hadoop-common/3.2.0/hadoop-common-3.2.0.jar:/home/user/.m2/repository/org/apache/hadoop/hadoop-hdfs/3.2.0/hadoop-hdfs-3.2.0.jar:/home/user/.m2/repository/org/apache/hadoop/hadoop-hdfs-client/3.2.0/hadoop-hdfs-client-3.2.0.jar:/home/user/.m2/repository/com/fasterxml/jackson/core/jackson-annotations/2.9.5/jackson-annotations-2.9.5.jar:/home/user/.m2/repository/org/apache/hadoop/hadoop-hdds-common/0.5.0-SNAPSHOT/hadoop-hdds-common-0.5.0-SNAPSHOT.jar:/home/user/.m2/repository/javax/annotation/javax.annotation-api/1.2/javax.annotation-api-1.2.jar:/home/user/.m2/repository/org/apache/ratis/ratis-server/0.4.0-2337318-SNAPSHOT/ratis-server-0.4.0-2337318-SNAPSHOT.jar:/home/user/.m2/repository/org/apache/ratis/ratis-thirdparty-misc/0.2.0/ratis-thirdparty-misc-0.2.0.jar:/home/user/.m2/repository/org/apache/ratis/ratis-proto/0.4.0-2337318-SNAPSHOT/ratis-proto-0.4.0-2337318-SNAPSHOT.jar:/home/user/.m2/repository/org/apache/ratis/ratis-common/0.4.0-2337318-SNAPSHOT/ratis-common-0.4.0-2337318-SNAPSHOT.jar:/home/user/.m2/repository/org/apache/ratis/ratis-client/0.4.0-2337318-SNAPSHOT/ratis-client-0.4.0-2337318-SNAPSHOT.jar:/home/user/.m2/repository/org/apache/ratis/ratis-metrics/0.4.0-2337318-SNAPSHOT/ratis-metrics-0.4.0-2337318-SNAPSHOT.jar:/home/user/.m2/repository/org/apache/ratis/ratis-netty/0.4.0-2337318-SNAPSHOT/ratis-netty-0.4.0-2337318-SNAPSHOT.jar:/home/user/.m2/repository/org/apache/ratis/ratis-grpc/0.4.0-2337318-SNAPSHOT/ratis-grpc-0.4.0-2337318-SNAPSHOT.jar:/home/user/.m2/repository/org/rocksdb/rocksdbjni/6.0.1/rocksdbjni-6.0.1.jar:/home/user/.m2/repository/org/apache/logging/log4j/log4j-api/2.11.0/log4j-api-2.11.0.jar:/home/user/.m2/repository/org/apache/logging/log4j/log4j-core/2.11.0/log4j-core-2.11.0.jar:/home/user/.m2/repository/com/lmax/disruptor/3.4.2/disruptor-3.4.2.jar:/home/user/.m2/repository/org/apache/commons/commons-pool2/2.6.0/commons-pool2-2.6.0.jar:/home/user/.m2/repository/org/bouncycastle/bcpkix-jdk15on/1.60/bcpkix-jdk15on-1.60.jar:/home/user/.m2/repository/commons-validator/commons-validator/1.6/commons-validator-1.6.jar:/home/user/.m2/repository/commons-digester/commons-digester/1.8.1/commons-digester-1.8.1.jar:/home/user/.m2/repository/io/jaegertracing/jaeger-client/0.33.1/jaeger-client-0.33.1.jar:/home/user/.m2/repository/io/jaegertracing/jaeger-thrift/0.33.1/jaeger-thrift-0.33.1.jar:/home/user/.m2/repository/org/apache/thrift/libthrift/0.11.0/libthrift-0.11.0.jar:/home/user/.m2/repository/com/squareup/okhttp3/okhttp/3.9.0/okhttp-3.9.0.jar:/home/user/.m2/repository/com/squareup/okio/okio/1.13.0/okio-1.13.0.jar:/home/user/.m2/repository/io/jaegertracing/jaeger-core/0.33.1/jaeger-core-0.33.1.jar:/home/user/.m2/repository/io/jaegertracing/jaeger-tracerresolver/0.33.1/jaeger-tracerresolver-0.33.1.jar:/home/user/.m2/repository/io/opentracing/contrib/opentracing-tracerresolver/0.1.5/opentracing-tracerresolver-0.1.5.jar:/home/user/.m2/repository/io/opentracing/opentracing-util/0.31.0/opentracing-util-0.31.0.jar:/home/user/.m2/repository/io/opentracing/opentracing-api/0.31.0/opentracing-api-0.31.0.jar:/home/user/.m2/repository/io/opentracing/opentracing-noop/0.31.0/opentracing-noop-0.31.0.jar:/home/user/.m2/repository/org/apache/hadoop/hadoop-hdds-server-framework/0.5.0-SNAPSHOT/hadoop-hdds-server-framework-0.5.0-SNAPSHOT.jar:/home/user/.m2/repository/org/apache/hadoop/hadoop-hdds-container-service/0.5.0-SNAPSHOT/hadoop-hdds-container-service-0.5.0-SNAPSHOT.jar:/home/user/.m2/repository/org/apache/hadoop/hadoop-hdds-client/0.5.0-SNAPSHOT/hadoop-hdds-client-0.5.0-SNAPSHOT.jar:/home/user/.m2/repository/org/apache/hadoop/hadoop-hdds-tools/0.5.0-SNAPSHOT/hadoop-hdds-tools-0.5.0-SNAPSHOT.jar:/home/user/.m2/repository/org/apache/hadoop/hadoop-hdds-server-scm/0.5.0-SNAPSHOT/hadoop-hdds-server-scm-0.5.0-SNAPSHOT.jar:/home/user/.m2/repository/org/apache/hadoop/hadoop-hdds-docs/0.5.0-SNAPSHOT/hadoop-hdds-docs-0.5.0-SNAPSHOT.jar:/home/user/.m2/repository/io/dropwizard/metrics/metrics-core/3.2.4/metrics-core-3.2.4.jar:/home/user/.m2/repository/org/hamcrest/hamcrest-all/1.3/hamcrest-all-1.3.jar:/home/user/.m2/repository/org/bouncycastle/bcprov-jdk15on/1.60/bcprov-jdk15on-1.60.jar:/home/user/.m2/repository/info/picocli/picocli/3.9.6/picocli-3.9.6.jar:/home/user/.m2/repository/com/google/protobuf/protobuf-java/2.5.0/protobuf-java-2.5.0.jar:/home/user/.m2/repository/com/google/guava/guava/11.0.2/guava-11.0.2.jar:/home/user/.m2/repository/org/apache/hadoop/hadoop-ozone-ozone-manager/0.5.0-SNAPSHOT/hadoop-ozone-ozone-manager-0.5.0-SNAPSHOT.jar:/home/user/.m2/repository/org/apache/hadoop/hadoop-minikdc/3.2.0/hadoop-minikdc-3.2.0.jar:/home/user/.m2/repository/commons-io/commons-io/2.5/commons-io-2.5.jar:/home/user/.m2/repository/org/apache/kerby/kerb-simplekdc/1.0.1/kerb-simplekdc-1.0.1.jar:/home/user/.m2/repository/org/apache/kerby/kerb-client/1.0.1/kerb-client-1.0.1.jar:/home/user/.m2/repository/org/apache/kerby/kerby-config/1.0.1/kerby-config-1.0.1.jar:/home/user/.m2/repository/org/apache/kerby/kerb-core/1.0.1/kerb-core-1.0.1.jar:/home/user/.m2/repository/org/apache/kerby/kerby-pkix/1.0.1/kerby-pkix-1.0.1.jar:/home/user/.m2/repository/org/apache/kerby/kerby-asn1/1.0.1/kerby-asn1-1.0.1.jar:/home/user/.m2/repository/org/apache/kerby/kerby-util/1.0.1/kerby-util-1.0.1.jar:/home/user/.m2/repository/org/apache/kerby/kerb-common/1.0.1/kerb-common-1.0.1.jar:/home/user/.m2/repository/org/apache/kerby/kerb-crypto/1.0.1/kerb-crypto-1.0.1.jar:/home/user/.m2/repository/org/apache/kerby/kerb-util/1.0.1/kerb-util-1.0.1.jar:/home/user/.m2/repository/org/apache/kerby/token-provider/1.0.1/token-provider-1.0.1.jar:/home/user/.m2/repository/org/apache/kerby/kerb-admin/1.0.1/kerb-admin-1.0.1.jar:/home/user/.m2/repository/org/apache/kerby/kerb-server/1.0.1/kerb-server-1.0.1.jar:/home/user/.m2/repository/org/apache/kerby/kerb-identity/1.0.1/kerb-identity-1.0.1.jar:/home/user/.m2/repository/org/apache/kerby/kerby-xdr/1.0.1/kerby-xdr-1.0.1.jar:/home/user/.m2/repository/org/slf4j/slf4j-log4j12/1.7.25/slf4j-log4j12-1.7.25.jar:/home/user/.m2/repository/org/apache/hadoop/hadoop-ozone-objectstore-service/0.5.0-SNAPSHOT/hadoop-ozone-objectstore-service-0.5.0-SNAPSHOT.jar:/home/user/.m2/repository/org/apache/hadoop/hadoop-ozone-s3gateway/0.5.0-SNAPSHOT/hadoop-ozone-s3gateway-0.5.0-SNAPSHOT.jar:/home/user/.m2/repository/org/jboss/weld/servlet/weld-servlet/2.4.7.Final/weld-servlet-2.4.7.Final.jar:/home/user/.m2/repository/org/glassfish/jersey/containers/jersey-container-servlet-core/2.27/jersey-container-servlet-core-2.27.jar:/home/user/.m2/repository/org/glassfish/hk2/external/javax.inject/2.5.0-b42/javax.inject-2.5.0-b42.jar:/home/user/.m2/repository/org/glassfish/jersey/core/jersey-common/2.27/jersey-common-2.27.jar:/home/user/.m2/repository/org/glassfish/hk2/osgi-resource-locator/1.0.1/osgi-resource-locator-1.0.1.jar:/home/user/.m2/repository/javax/ws/rs/javax.ws.rs-api/2.1/javax.ws.rs-api-2.1.jar:/home/user/.m2/repository/org/glassfish/jersey/ext/cdi/jersey-cdi1x/2.27/jersey-cdi1x-2.27.jar:/home/user/.m2/repository/org/glassfish/jersey/inject/jersey-hk2/2.27/jersey-hk2-2.27.jar:/home/user/.m2/repository/org/glassfish/hk2/hk2-locator/2.5.0-b42/hk2-locator-2.5.0-b42.jar:/home/user/.m2/repository/org/javassist/javassist/3.22.0-CR2/javassist-3.22.0-CR2.jar:/home/user/.m2/repository/org/glassfish/hk2/hk2-api/2.5.0/hk2-api-2.5.0.jar:/home/user/.m2/repository/org/glassfish/hk2/external/jakarta.inject/2.5.0/jakarta.inject-2.5.0.jar:/home/user/.m2/repository/org/glassfish/hk2/hk2-utils/2.5.0/hk2-utils-2.5.0.jar:/home/user/.m2/repository/jakarta/annotation/jakarta.annotation-api/1.3.4/jakarta.annotation-api-1.3.4.jar:/home/user/.m2/repository/org/glassfish/hk2/external/aopalliance-repackaged/2.5.0/aopalliance-repackaged-2.5.0.jar:/home/user/.m2/repository/com/fasterxml/jackson/dataformat/jackson-dataformat-xml/2.9.0/jackson-dataformat-xml-2.9.0.jar:/home/user/.m2/repository/com/fasterxml/jackson/core/jackson-core/2.9.5/jackson-core-2.9.5.jar:/home/user/.m2/repository/com/fasterxml/jackson/module/jackson-module-jaxb-annotations/2.9.5/jackson-module-jaxb-annotations-2.9.5.jar:/home/user/.m2/repository/javax/enterprise/cdi-api/1.2/cdi-api-1.2.jar:/home/user/.m2/repository/javax/el/javax.el-api/3.0.0/javax.el-api-3.0.0.jar:/home/user/.m2/repository/javax/interceptor/javax.interceptor-api/1.2/javax.interceptor-api-1.2.jar:/home/user/.m2/repository/javax/inject/javax.inject/1/javax.inject-1.jar:/home/user/.m2/repository/com/sun/xml/bind/jaxb-impl/2.3.0.1/jaxb-impl-2.3.0.1.jar:/home/user/.m2/repository/com/sun/xml/bind/jaxb-core/2.3.0.1/jaxb-core-2.3.0.1.jar:/home/user/.m2/repository/javax/xml/bind/jaxb-api/2.3.0/jaxb-api-2.3.0.jar:/home/user/.m2/repository/javax/activation/activation/1.1.1/activation-1.1.1.jar:/home/user/.m2/repository/org/apache/hadoop/hadoop-ozone-csi/0.5.0-SNAPSHOT/hadoop-ozone-csi-0.5.0-SNAPSHOT.jar:/home/user/.m2/repository/com/google/protobuf/protobuf-java-util/3.5.1/protobuf-java-util-3.5.1.jar:/home/user/.m2/repository/org/apache/hadoop/hadoop-hdds-config/0.5.0-SNAPSHOT/hadoop-hdds-config-0.5.0-SNAPSHOT.jar:/home/user/.m2/repository/io/grpc/grpc-netty/1.17.1/grpc-netty-1.17.1.jar:/home/user/.m2/repository/io/grpc/grpc-core/1.17.1/grpc-core-1.17.1.jar:/home/user/.m2/repository/io/grpc/grpc-context/1.17.1/grpc-context-1.17.1.jar:/home/user/.m2/repository/com/google/errorprone/error_prone_annotations/2.2.0/error_prone_annotations-2.2.0.jar:/home/user/.m2/repository/org/codehaus/mojo/animal-sniffer-annotations/1.17/animal-sniffer-annotations-1.17.jar:/home/user/.m2/repository/io/opencensus/opencensus-api/0.17.0/opencensus-api-0.17.0.jar:/home/user/.m2/repository/io/opencensus/opencensus-contrib-grpc-metrics/0.17.0/opencensus-contrib-grpc-metrics-0.17.0.jar:/home/user/.m2/repository/io/netty/netty-codec-http2/4.1.30.Final/netty-codec-http2-4.1.30.Final.jar:/home/user/.m2/repository/io/netty/netty-codec-http/4.1.30.Final/netty-codec-http-4.1.30.Final.jar:/home/user/.m2/repository/io/netty/netty-codec/4.1.30.Final/netty-codec-4.1.30.Final.jar:/home/user/.m2/repository/io/netty/netty-handler/4.1.30.Final/netty-handler-4.1.30.Final.jar:/home/user/.m2/repository/io/netty/netty-handler-proxy/4.1.30.Final/netty-handler-proxy-4.1.30.Final.jar:/home/user/.m2/repository/io/netty/netty-codec-socks/4.1.30.Final/netty-codec-socks-4.1.30.Final.jar:/home/user/.m2/repository/io/netty/netty-transport-native-epoll/4.1.30.Final/netty-transport-native-epoll-4.1.30.Final.jar:/home/user/.m2/repository/io/netty/netty-common/4.1.30.Final/netty-common-4.1.30.Final.jar:/home/user/.m2/repository/io/netty/netty-buffer/4.1.30.Final/netty-buffer-4.1.30.Final.jar:/home/user/.m2/repository/io/netty/netty-transport/4.1.30.Final/netty-transport-4.1.30.Final.jar:/home/user/.m2/repository/io/netty/netty-resolver/4.1.30.Final/netty-resolver-4.1.30.Final.jar:/home/user/.m2/repository/io/netty/netty-transport-native-unix-common/4.1.30.Final/netty-transport-native-unix-common-4.1.30.Final.jar:/home/user/.m2/repository/io/grpc/grpc-protobuf/1.17.1/grpc-protobuf-1.17.1.jar:/home/user/.m2/repository/com/google/api/grpc/proto-google-common-protos/1.0.0/proto-google-common-protos-1.0.0.jar:/home/user/.m2/repository/io/grpc/grpc-protobuf-lite/1.17.1/grpc-protobuf-lite-1.17.1.jar:/home/user/.m2/repository/io/grpc/grpc-stub/1.17.1/grpc-stub-1.17.1.jar:/home/user/.m2/repository/org/apache/hadoop/hadoop-ozone-recon/0.5.0-SNAPSHOT/hadoop-ozone-recon-0.5.0-SNAPSHOT.jar:/home/user/.m2/repository/org/apache/hadoop/hadoop-ozone-reconcodegen/0.5.0-SNAPSHOT/hadoop-ozone-reconcodegen-0.5.0-SNAPSHOT.jar:/home/user/.m2/repository/com/google/inject/extensions/guice-multibindings/4.0/guice-multibindings-4.0.jar:/home/user/.m2/repository/com/google/inject/guice/4.0/guice-4.0.jar:/home/user/.m2/repository/aopalliance/aopalliance/1.0/aopalliance-1.0.jar:/home/user/.m2/repository/com/google/inject/extensions/guice-servlet/4.0/guice-servlet-4.0.jar:/home/user/.m2/repository/org/glassfish/jersey/containers/jersey-container-servlet/2.27/jersey-container-servlet-2.27.jar:/home/user/.m2/repository/org/glassfish/hk2/guice-bridge/2.5.0/guice-bridge-2.5.0.jar:/home/user/.m2/repository/org/glassfish/jersey/core/jersey-server/2.27/jersey-server-2.27.jar:/home/user/.m2/repository/org/glassfish/jersey/core/jersey-client/2.27/jersey-client-2.27.jar:/home/user/.m2/repository/org/glassfish/jersey/media/jersey-media-jaxb/2.27/jersey-media-jaxb-2.27.jar:/home/user/.m2/repository/javax/validation/validation-api/1.1.0.Final/validation-api-1.1.0.Final.jar:/home/user/.m2/repository/org/glassfish/jersey/media/jersey-media-json-jackson/2.27/jersey-media-json-jackson-2.27.jar:/home/user/.m2/repository/org/glassfish/jersey/ext/jersey-entity-filtering/2.27/jersey-entity-filtering-2.27.jar:/home/user/.m2/repository/com/google/inject/extensions/guice-assistedinject/4.0/guice-assistedinject-4.0.jar:/home/user/.m2/repository/org/jooq/jooq/3.11.10/jooq-3.11.10.jar:/home/user/.m2/repository/org/jooq/jooq-meta/3.11.10/jooq-meta-3.11.10.jar:/home/user/.m2/repository/org/jooq/jooq-codegen/3.11.10/jooq-codegen-3.11.10.jar:/home/user/.m2/repository/com/jolbox/bonecp/0.8.0.RELEASE/bonecp-0.8.0.RELEASE.jar:/home/user/.m2/repository/org/xerial/sqlite-jdbc/3.25.2/sqlite-jdbc-3.25.2.jar:/home/user/.m2/repository/org/springframework/spring-jdbc/5.1.3.RELEASE/spring-jdbc-5.1.3.RELEASE.jar:/home/user/.m2/repository/org/springframework/spring-beans/5.1.3.RELEASE/spring-beans-5.1.3.RELEASE.jar:/home/user/.m2/repository/org/springframework/spring-core/5.1.3.RELEASE/spring-core-5.1.3.RELEASE.jar:/home/user/.m2/repository/org/springframework/spring-jcl/5.1.3.RELEASE/spring-jcl-5.1.3.RELEASE.jar:/home/user/.m2/repository/org/springframework/spring-tx/5.1.3.RELEASE/spring-tx-5.1.3.RELEASE.jar:/home/user/.m2/repository/org/apache/hadoop/hadoop-ozone-client/0.5.0-SNAPSHOT/hadoop-ozone-client-0.5.0-SNAPSHOT.jar:/home/user/.m2/repository/commons-lang/commons-lang/2.6/commons-lang-2.6.jar:/home/user/.m2/repository/org/apache/hadoop/hadoop-ozone-ozone-manager/0.5.0-SNAPSHOT/hadoop-ozone-ozone-manager-0.5.0-SNAPSHOT-tests.jar:/home/user/.m2/repository/junit/junit/4.11/junit-4.11.jar:/home/user/.m2/repository/org/hamcrest/hamcrest-core/1.3/hamcrest-core-1.3.jar:/home/user/.m2/repository/org/openjdk/jmh/jmh-core/1.19/jmh-core-1.19.jar:/home/user/.m2/repository/net/sf/jopt-simple/jopt-simple/4.6/jopt-simple-4.6.jar:/home/user/.m2/repository/org/apache/commons/commons-math3/3.1.1/commons-math3-3.1.1.jar:/home/user/.m2/repository/org/openjdk/jmh/jmh-generator-annprocess/1.19/jmh-generator-annprocess-1.19.jar:/home/user/.m2/repository/org/mockito/mockito-all/1.8.5/mockito-all-1.8.5.jar:/home/user/.m2/repository/org/apache/hadoop/hadoop-kms/3.2.0/hadoop-kms-3.2.0.jar:/home/user/.m2/repository/org/apache/hadoop/hadoop-auth/3.2.0/hadoop-auth-3.2.0.jar:/home/user/.m2/repository/com/nimbusds/nimbus-jose-jwt/4.41.1/nimbus-jose-jwt-4.41.1.jar:/home/user/.m2/repository/com/github/stephenc/jcip/jcip-annotations/1.0-1/jcip-annotations-1.0-1.jar:/home/user/.m2/repository/net/minidev/json-smart/2.3/json-smart-2.3.jar:/home/user/.m2/repository/net/minidev/accessors-smart/1.2/accessors-smart-1.2.jar:/home/user/.m2/repository/org/ow2/asm/asm/5.0.4/asm-5.0.4.jar:/home/user/.m2/repository/org/apache/curator/curator-framework/2.12.0/curator-framework-2.12.0.jar:/home/user/.m2/repository/com/sun/jersey/jersey-core/1.19/jersey-core-1.19.jar:/home/user/.m2/repository/javax/ws/rs/jsr311-api/1.1.1/jsr311-api-1.1.1.jar:/home/user/.m2/repository/com/sun/jersey/jersey-server/1.19/jersey-server-1.19.jar:/home/user/.m2/repository/javax/servlet/javax.servlet-api/3.1.0/javax.servlet-api-3.1.0.jar:/home/user/.m2/repository/org/eclipse/jetty/jetty-server/9.3.24.v20180605/jetty-server-9.3.24.v20180605.jar:/home/user/.m2/repository/org/eclipse/jetty/jetty-http/9.3.24.v20180605/jetty-http-9.3.24.v20180605.jar:/home/user/.m2/repository/org/eclipse/jetty/jetty-io/9.3.24.v20180605/jetty-io-9.3.24.v20180605.jar:/home/user/.m2/repository/org/eclipse/jetty/jetty-webapp/9.3.24.v20180605/jetty-webapp-9.3.24.v20180605.jar:/home/user/.m2/repository/org/eclipse/jetty/jetty-xml/9.3.24.v20180605/jetty-xml-9.3.24.v20180605.jar:/home/user/.m2/repository/log4j/log4j/1.2.17/log4j-1.2.17.jar:/home/user/.m2/repository/org/slf4j/slf4j-api/1.7.25/slf4j-api-1.7.25.jar:/home/user/.m2/repository/org/slf4j/jul-to-slf4j/1.7.25/jul-to-slf4j-1.7.25.jar:/home/user/.m2/repository/org/eclipse/jetty/jetty-util/9.3.24.v20180605/jetty-util-9.3.24.v20180605.jar:/home/user/.m2/repository/com/fasterxml/jackson/core/jackson-databind/2.9.5/jackson-databind-2.9.5.jar:/home/user/.m2/repository/org/apache/hadoop/hadoop-kms/3.2.0/hadoop-kms-3.2.0-tests.jar:/home/user/.m2/repository/org/apache/hadoop/hadoop-hdds-server-scm/0.5.0-SNAPSHOT/hadoop-hdds-server-scm-0.5.0-SNAPSHOT-tests.jar:/home/user/.m2/repository/org/apache/hadoop/hadoop-hdds-container-service/0.5.0-SNAPSHOT/hadoop-hdds-container-service-0.5.0-SNAPSHOT-tests.jar:/home/user/.m2/repository/org/yaml/snakeyaml/1.16/snakeyaml-1.16.jar:/home/user/.m2/repository/org/apache/hadoop/hadoop-common/3.2.0/hadoop-common-3.2.0-tests.jar:/home/user/.m2/repository/org/apache/hadoop/hadoop-annotations/3.2.0/hadoop-annotations-3.2.0.jar:/usr/lib/jvm/java-1.8-openjdk/jre/../lib/tools.jar:/home/user/.m2/repository/commons-cli/commons-cli/1.2/commons-cli-1.2.jar:/home/user/.m2/repository/org/apache/httpcomponents/httpclient/4.5.2/httpclient-4.5.2.jar:/home/user/.m2/repository/org/apache/httpcomponents/httpcore/4.4.4/httpcore-4.4.4.jar:/home/user/.m2/repository/commons-codec/commons-codec/1.11/commons-codec-1.11.jar:/home/user/.m2/repository/commons-net/commons-net/3.6/commons-net-3.6.jar:/home/user/.m2/repository/commons-collections/commons-collections/3.2.2/commons-collections-3.2.2.jar:/home/user/.m2/repository/org/eclipse/jetty/jetty-servlet/9.3.24.v20180605/jetty-servlet-9.3.24.v20180605.jar:/home/user/.m2/repository/org/eclipse/jetty/jetty-security/9.3.24.v20180605/jetty-security-9.3.24.v20180605.jar:/home/user/.m2/repository/javax/servlet/jsp/jsp-api/2.1/jsp-api-2.1.jar:/home/user/.m2/repository/com/sun/jersey/jersey-servlet/1.19/jersey-servlet-1.19.jar:/home/user/.m2/repository/com/sun/jersey/jersey-json/1.19/jersey-json-1.19.jar:/home/user/.m2/repository/org/codehaus/jettison/jettison/1.1/jettison-1.1.jar:/home/user/.m2/repository/org/codehaus/jackson/jackson-core-asl/1.9.13/jackson-core-asl-1.9.13.jar:/home/user/.m2/repository/org/codehaus/jackson/jackson-mapper-asl/1.9.13/jackson-mapper-asl-1.9.13.jar:/home/user/.m2/repository/org/codehaus/jackson/jackson-jaxrs/1.9.13/jackson-jaxrs-1.9.13.jar:/home/user/.m2/repository/org/codehaus/jackson/jackson-xc/1.9.13/jackson-xc-1.9.13.jar:/home/user/.m2/repository/commons-logging/commons-logging/1.1.3/commons-logging-1.1.3.jar:/home/user/.m2/repository/commons-beanutils/commons-beanutils/1.9.3/commons-beanutils-1.9.3.jar:/home/user/.m2/repository/org/apache/commons/commons-configuration2/2.1.1/commons-configuration2-2.1.1.jar:/home/user/.m2/repository/org/apache/commons/commons-lang3/3.7/commons-lang3-3.7.jar:/home/user/.m2/repository/org/apache/commons/commons-text/1.4/commons-text-1.4.jar:/home/user/.m2/repository/org/apache/avro/avro/1.7.7/avro-1.7.7.jar:/home/user/.m2/repository/com/thoughtworks/paranamer/paranamer/2.3/paranamer-2.3.jar:/home/user/.m2/repository/org/xerial/snappy/snappy-java/1.0.5/snappy-java-1.0.5.jar:/home/user/.m2/repository/com/google/re2j/re2j/1.1/re2j-1.1.jar:/home/user/.m2/repository/com/google/code/gson/gson/2.2.4/gson-2.2.4.jar:/home/user/.m2/repository/com/jcraft/jsch/0.1.54/jsch-0.1.54.jar:/home/user/.m2/repository/org/apache/curator/curator-client/2.12.0/curator-client-2.12.0.jar:/home/user/.m2/repository/org/apache/curator/curator-recipes/2.12.0/curator-recipes-2.12.0.jar:/home/user/.m2/repository/com/google/code/findbugs/jsr305/3.0.0/jsr305-3.0.0.jar:/home/user/.m2/repository/org/apache/htrace/htrace-core4/4.1.0-incubating/htrace-core4-4.1.0-incubating.jar:/home/user/.m2/repository/org/apache/zookeeper/zookeeper/3.4.13/zookeeper-3.4.13.jar:/home/user/.m2/repository/org/apache/yetus/audience-annotations/0.5.0/audience-annotations-0.5.0.jar:/home/user/.m2/repository/org/codehaus/woodstox/stax2-api/3.1.4/stax2-api-3.1.4.jar:/home/user/.m2/repository/com/fasterxml/woodstox/woodstox-core/5.0.3/woodstox-core-5.0.3.jar:/home/user/.m2/repository/dnsjava/dnsjava/2.1.7/dnsjava-2.1.7.jar:/home/user/.m2/repository/org/apache/hadoop/hadoop-hdfs/3.2.0/hadoop-hdfs-3.2.0-tests.jar:/home/user/.m2/repository/org/eclipse/jetty/jetty-util-ajax/9.3.24.v20180605/jetty-util-ajax-9.3.24.v20180605.jar:/home/user/.m2/repository/commons-daemon/commons-daemon/1.0.13/commons-daemon-1.0.13.jar:/home/user/.m2/repository/io/netty/netty/3.10.5.Final/netty-3.10.5.Final.jar:/home/user/.m2/repository/io/netty/netty-all/4.0.52.Final/netty-all-4.0.52.Final.jar:/home/user/.m2/repository/org/fusesource/leveldbjni/leveldbjni-all/1.8/leveldbjni-all-1.8.jar:"/>
    <property name="sun.cpu.endian" value="little"/>
    <property name="user.home" value="/home/user"/>
    <property name="user.language" value="en"/>
    <property name="java.specification.vendor" value="Oracle Corporation"/>
    <property name="java.home" value="/usr/lib/jvm/java-1.8-openjdk/jre"/>
    <property name="java.security.krb5.conf" value="/tmp/workdir/hadoop-ozone/integration-test/target/test-classes/krb5.conf"/>
    <property name="basedir" value="/tmp/workdir/hadoop-ozone/integration-test"/>
    <property name="file.separator" value="/"/>
    <property name="line.separator" value="&#10;"/>
    <property name="java.vm.specification.vendor" value="Oracle Corporation"/>
    <property name="java.specification.name" value="Java Platform API Specification"/>
    <property name="java.awt.graphicsenv" value="sun.awt.X11GraphicsEnvironment"/>
    <property name="surefire.real.class.path" value="/tmp/workdir/hadoop-ozone/integration-test/target/surefire/surefirebooter664629712212845144.jar"/>
    <property name="hadoop.log.dir" value="/tmp/workdir/hadoop-ozone/integration-test/target/log"/>
    <property name="sun.boot.class.path" value="/usr/lib/jvm/java-1.8-openjdk/jre/lib/resources.jar:/usr/lib/jvm/java-1.8-openjdk/jre/lib/rt.jar:/usr/lib/jvm/java-1.8-openjdk/jre/lib/sunrsasign.jar:/usr/lib/jvm/java-1.8-openjdk/jre/lib/jsse.jar:/usr/lib/jvm/java-1.8-openjdk/jre/lib/jce.jar:/usr/lib/jvm/java-1.8-openjdk/jre/lib/charsets.jar:/usr/lib/jvm/java-1.8-openjdk/jre/lib/jfr.jar:/usr/lib/jvm/java-1.8-openjdk/jre/classes"/>
    <property name="sun.management.compiler" value="HotSpot 64-Bit Tiered Compilers"/>
    <property name="java.runtime.version" value="1.8.0_212-b04"/>
    <property name="java.net.preferIPv4Stack" value="true"/>
    <property name="user.name" value="jenkins1000"/>
    <property name="path.separator" value=":"/>
    <property name="java.security.egd" value="file:///dev/urandom"/>
    <property name="os.version" value="3.10.0-957.12.2.el7.x86_64"/>
    <property name="java.endorsed.dirs" value="/usr/lib/jvm/java-1.8-openjdk/jre/lib/endorsed"/>
    <property name="java.runtime.name" value="OpenJDK Runtime Environment"/>
    <property name="file.encoding" value="UTF-8"/>
    <property name="java.vm.name" value="OpenJDK 64-Bit Server VM"/>
    <property name="test.build.webapps" value=""/>
    <property name="localRepository" value="/home/user/.m2/repository"/>
    <property name="java.vendor.url.bug" value="https://icedtea.classpath.org/bugzilla"/>
    <property name="java.io.tmpdir" value="/tmp"/>
    <property name="require.test.libhadoop" value=""/>
    <property name="java.version" value="1.8.0_212"/>
    <property name="user.dir" value="/tmp/workdir/hadoop-ozone/integration-test"/>
    <property name="os.arch" value="amd64"/>
    <property name="java.vm.specification.name" value="Java Virtual Machine Specification"/>
    <property name="test.build.classes" value="/tmp/workdir/hadoop-ozone/integration-test/target/test-classes"/>
    <property name="java.awt.printerjob" value="sun.print.PSPrinterJob"/>
    <property name="sun.os.patch.level" value="unknown"/>
    <property name="hadoop.tmp.dir" value="/tmp/workdir/hadoop-ozone/integration-test/target/tmp"/>
    <property name="java.library.path" value="/usr/lib/jvm/java-1.8-openjdk/jre/lib/amd64/server:/usr/lib/jvm/java-1.8-openjdk/jre/lib/amd64:/usr/lib/jvm/java-1.8-openjdk/jre/../lib/amd64:/tmp/workdir/hadoop-ozone/integration-test/target/native/target/usr/local/lib:/tmp/workdir/hadoop-ozone/integration-test/../../hadoop-common-project/hadoop-common/target/native/target/usr/local/lib:/usr/java/packages/lib/amd64:/usr/lib64:/lib64:/lib:/usr/lib"/>
    <property name="java.vm.info" value="mixed mode"/>
    <property name="java.vendor" value="IcedTea"/>
    <property name="java.vm.version" value="25.212-b04"/>
    <property name="java.ext.dirs" value="/usr/lib/jvm/java-1.8-openjdk/jre/lib/ext:/usr/java/packages/lib/ext"/>
    <property name="sun.io.unicode.encoding" value="UnicodeLittle"/>
    <property name="java.class.version" value="52.0"/>
  </properties>
  <testcase name="testBlockWriteViaRatis" classname="org.apache.hadoop.ozone.client.rpc.TestCloseContainerHandlingByClient" time="7.319">
    <error type="java.lang.IllegalArgumentException">java.lang.IllegalArgumentException
	at com.google.common.base.Preconditions.checkArgument(Preconditions.java:72)
	at org.apache.hadoop.hdds.scm.XceiverClientManager.acquireClient(XceiverClientManager.java:150)
	at org.apache.hadoop.hdds.scm.XceiverClientManager.acquireClientForReadData(XceiverClientManager.java:143)
	at org.apache.hadoop.hdds.scm.storage.BlockInputStream.getChunkInfos(BlockInputStream.java:154)
	at org.apache.hadoop.hdds.scm.storage.BlockInputStream.initialize(BlockInputStream.java:118)
	at org.apache.hadoop.hdds.scm.storage.BlockInputStream.read(BlockInputStream.java:222)
	at org.apache.hadoop.ozone.client.io.KeyInputStream.read(KeyInputStream.java:171)
	at org.apache.hadoop.ozone.client.io.OzoneInputStream.read(OzoneInputStream.java:47)
	at java.io.InputStream.read(InputStream.java:101)
	at org.apache.hadoop.ozone.container.ContainerTestHelper.validateData(ContainerTestHelper.java:709)
	at org.apache.hadoop.ozone.client.rpc.TestCloseContainerHandlingByClient.validateData(TestCloseContainerHandlingByClient.java:401)
	at org.apache.hadoop.ozone.client.rpc.TestCloseContainerHandlingByClient.testBlockWriteViaRatis(TestCloseContainerHandlingByClient.java:433)
	at sun.reflect.NativeMethodAccessorImpl.invoke0(Native Method)
	at sun.reflect.NativeMethodAccessorImpl.invoke(NativeMethodAccessorImpl.java:62)
	at sun.reflect.DelegatingMethodAccessorImpl.invoke(DelegatingMethodAccessorImpl.java:43)
	at java.lang.reflect.Method.invoke(Method.java:498)
	at org.junit.runners.model.FrameworkMethod$1.runReflectiveCall(FrameworkMethod.java:47)
	at org.junit.internal.runners.model.ReflectiveCallable.run(ReflectiveCallable.java:12)
	at org.junit.runners.model.FrameworkMethod.invokeExplosively(FrameworkMethod.java:44)
	at org.junit.internal.runners.statements.InvokeMethod.evaluate(InvokeMethod.java:17)
	at org.junit.runners.ParentRunner.runLeaf(ParentRunner.java:271)
	at org.junit.runners.BlockJUnit4ClassRunner.runChild(BlockJUnit4ClassRunner.java:70)
	at org.junit.runners.BlockJUnit4ClassRunner.runChild(BlockJUnit4ClassRunner.java:50)
	at org.junit.runners.ParentRunner$3.run(ParentRunner.java:238)
	at org.junit.runners.ParentRunner$1.schedule(ParentRunner.java:63)
	at org.junit.runners.ParentRunner.runChildren(ParentRunner.java:236)
	at org.junit.runners.ParentRunner.access$000(ParentRunner.java:53)
	at org.junit.runners.ParentRunner$2.evaluate(ParentRunner.java:229)
	at org.junit.internal.runners.statements.RunBefores.evaluate(RunBefores.java:26)
	at org.junit.internal.runners.statements.RunAfters.evaluate(RunAfters.java:27)
	at org.junit.runners.ParentRunner.run(ParentRunner.java:309)
	at org.apache.maven.surefire.junit4.JUnit4Provider.execute(JUnit4Provider.java:365)
	at org.apache.maven.surefire.junit4.JUnit4Provider.executeWithRerun(JUnit4Provider.java:273)
	at org.apache.maven.surefire.junit4.JUnit4Provider.executeTestSet(JUnit4Provider.java:238)
	at org.apache.maven.surefire.junit4.JUnit4Provider.invoke(JUnit4Provider.java:159)
	at org.apache.maven.surefire.booter.ForkedBooter.invokeProviderInSameClassLoader(ForkedBooter.java:384)
	at org.apache.maven.surefire.booter.ForkedBooter.runSuitesInProcess(ForkedBooter.java:345)
	at org.apache.maven.surefire.booter.ForkedBooter.execute(ForkedBooter.java:126)
	at org.apache.maven.surefire.booter.ForkedBooter.main(ForkedBooter.java:418)
</error>
    <system-out><![CDATA[2019-07-14 04:31:38,862 WARN  server.ServerUtils (ServerUtils.java:getScmDbDir(145)) - ozone.scm.db.dirs is not configured. We recommend adding this setting. Falling back to ozone.metadata.dirs instead.
2019-07-14 04:31:38,949 WARN  server.ServerUtils (ServerUtils.java:getScmDbDir(145)) - ozone.scm.db.dirs is not configured. We recommend adding this setting. Falling back to ozone.metadata.dirs instead.
2019-07-14 04:31:38,952 WARN  server.ServerUtils (ServerUtils.java:getScmDbDir(145)) - ozone.scm.db.dirs is not configured. We recommend adding this setting. Falling back to ozone.metadata.dirs instead.
2019-07-14 04:31:38,969 INFO  util.log (Log.java:initialized(192)) - Logging initialized @850ms
2019-07-14 04:31:39,055 INFO  db.DBStoreBuilder (DBStoreBuilder.java:addTable(110)) - using custom profile for table: deletedBlocks
2019-07-14 04:31:39,055 INFO  db.DBStoreBuilder (DBStoreBuilder.java:processTables(161)) - Using default column profile:DBProfile.DISK for Table:deletedBlocks
2019-07-14 04:31:39,056 INFO  db.DBStoreBuilder (DBStoreBuilder.java:addTable(110)) - using custom profile for table: validCerts
2019-07-14 04:31:39,056 INFO  db.DBStoreBuilder (DBStoreBuilder.java:processTables(161)) - Using default column profile:DBProfile.DISK for Table:validCerts
2019-07-14 04:31:39,056 INFO  db.DBStoreBuilder (DBStoreBuilder.java:addTable(110)) - using custom profile for table: revokedCerts
2019-07-14 04:31:39,056 INFO  db.DBStoreBuilder (DBStoreBuilder.java:processTables(161)) - Using default column profile:DBProfile.DISK for Table:revokedCerts
2019-07-14 04:31:39,065 INFO  db.DBStoreBuilder (DBStoreBuilder.java:addTable(110)) - using custom profile for table: default
2019-07-14 04:31:39,065 INFO  db.DBStoreBuilder (DBStoreBuilder.java:processTables(167)) - Using default column profile:DBProfile.DISK for Table:default
2019-07-14 04:31:39,066 INFO  db.DBStoreBuilder (DBStoreBuilder.java:getDbProfile(198)) - Using default options. DBProfile.DISK
2019-07-14 04:31:39,192 INFO  net.NodeSchemaLoader (NodeSchemaLoader.java:loadSchemaFromFile(125)) - Loading file from sun.misc.CompoundEnumeration@291ae
2019-07-14 04:31:39,193 INFO  net.NodeSchemaLoader (NodeSchemaLoader.java:loadSchema(171)) - Loading network topology layer schema file
2019-07-14 04:31:39,318 INFO  node.SCMNodeManager (SCMNodeManager.java:<init>(119)) - Entering startup safe mode.
2019-07-14 04:31:39,412 WARN  server.ServerUtils (ServerUtils.java:getScmDbDir(145)) - ozone.scm.db.dirs is not configured. We recommend adding this setting. Falling back to ozone.metadata.dirs instead.
2019-07-14 04:31:39,460 INFO  pipeline.SCMPipelineManager (SCMPipelineManager.java:initializePipelineState(126)) - No pipeline exists in current db
2019-07-14 04:31:39,463 WARN  server.ServerUtils (ServerUtils.java:getScmDbDir(145)) - ozone.scm.db.dirs is not configured. We recommend adding this setting. Falling back to ozone.metadata.dirs instead.
2019-07-14 04:31:39,547 WARN  events.EventQueue (EventQueue.java:fireEvent(175)) - No event handler registered for event TypedEvent{payloadType=SafeModeStatus, name='SafeModeStatus'}
2019-07-14 04:31:39,920 INFO  ipc.CallQueueManager (CallQueueManager.java:<init>(84)) - Using callQueue: class java.util.concurrent.LinkedBlockingQueue, queueCapacity: 2000, scheduler: class org.apache.hadoop.ipc.DefaultRpcScheduler, ipcBackoff: false.
2019-07-14 04:31:39,948 INFO  ipc.Server (Server.java:run(1074)) - Starting Socket Reader #1 for port 41002
2019-07-14 04:31:39,972 INFO  ipc.CallQueueManager (CallQueueManager.java:<init>(84)) - Using callQueue: class java.util.concurrent.LinkedBlockingQueue, queueCapacity: 2000, scheduler: class org.apache.hadoop.ipc.DefaultRpcScheduler, ipcBackoff: false.
2019-07-14 04:31:39,974 INFO  ipc.Server (Server.java:run(1074)) - Starting Socket Reader #1 for port 41241
2019-07-14 04:31:39,980 INFO  ipc.CallQueueManager (CallQueueManager.java:<init>(84)) - Using callQueue: class java.util.concurrent.LinkedBlockingQueue, queueCapacity: 2000, scheduler: class org.apache.hadoop.ipc.DefaultRpcScheduler, ipcBackoff: false.
2019-07-14 04:31:39,981 INFO  ipc.Server (Server.java:run(1074)) - Starting Socket Reader #1 for port 43206
2019-07-14 04:31:40,123 INFO  hdfs.DFSUtil (DFSUtil.java:httpServerTemplateForNNAndJN(1641)) - Starting Web-server for scm at: http://0.0.0.0:0
2019-07-14 04:31:40,307 INFO  server.AuthenticationFilter (AuthenticationFilter.java:constructSecretProvider(240)) - Unable to initialize FileSignerSecretProvider, falling back to use random secrets.
2019-07-14 04:31:40,317 WARN  http.HttpRequestLog (HttpRequestLog.java:getRequestLog(97)) - Jetty request log can only be enabled using Log4j
2019-07-14 04:31:40,328 INFO  http.HttpServer2 (HttpServer2.java:addGlobalFilter(975)) - Added global filter 'safety' (class=org.apache.hadoop.http.HttpServer2$QuotingInputFilter)
2019-07-14 04:31:40,332 INFO  http.HttpServer2 (HttpServer2.java:addFilter(948)) - Added filter static_user_filter (class=org.apache.hadoop.http.lib.StaticUserWebFilter$StaticUserFilter) to context scm
2019-07-14 04:31:40,332 INFO  http.HttpServer2 (HttpServer2.java:addFilter(958)) - Added filter static_user_filter (class=org.apache.hadoop.http.lib.StaticUserWebFilter$StaticUserFilter) to context static
2019-07-14 04:31:40,332 INFO  http.HttpServer2 (HttpServer2.java:addFilter(958)) - Added filter static_user_filter (class=org.apache.hadoop.http.lib.StaticUserWebFilter$StaticUserFilter) to context logs
2019-07-14 04:31:40,366 INFO  server.StorageContainerManager (StorageContainerManager.java:start(759)) - StorageContainerLocationProtocol RPC server is listening at /0.0.0.0:43206
2019-07-14 04:31:40,425 WARN  impl.MetricsConfig (MetricsConfig.java:loadFirst(134)) - Cannot locate configuration: tried hadoop-metrics2-storagecontainermanager.properties,hadoop-metrics2.properties
2019-07-14 04:31:40,438 INFO  impl.MetricsSystemImpl (MetricsSystemImpl.java:startTimer(374)) - Scheduled Metric snapshot period at 10 second(s).
2019-07-14 04:31:40,438 INFO  impl.MetricsSystemImpl (MetricsSystemImpl.java:start(191)) - StorageContainerManager metrics system started
2019-07-14 04:31:40,702 INFO  server.SCMClientProtocolServer (SCMClientProtocolServer.java:start(149)) - RPC server for Client  is listening at /0.0.0.0:43206
2019-07-14 04:31:40,704 INFO  ipc.Server (Server.java:run(1314)) - IPC Server Responder: starting
2019-07-14 04:31:40,704 INFO  ipc.Server (Server.java:run(1153)) - IPC Server listener on 43206: starting
2019-07-14 04:31:40,708 INFO  server.StorageContainerManager (StorageContainerManager.java:start(768)) - ScmBlockLocationProtocol RPC server is listening at /0.0.0.0:41241
2019-07-14 04:31:40,709 INFO  server.SCMBlockProtocolServer (SCMBlockProtocolServer.java:start(140)) - RPC server for Block Protocol is listening at /0.0.0.0:41241
2019-07-14 04:31:40,709 INFO  ipc.Server (Server.java:run(1314)) - IPC Server Responder: starting
2019-07-14 04:31:40,709 INFO  ipc.Server (Server.java:run(1153)) - IPC Server listener on 41241: starting
2019-07-14 04:31:40,719 INFO  server.StorageContainerManager (StorageContainerManager.java:start(772)) - ScmDatanodeProtocl RPC server is listening at /0.0.0.0:41002
2019-07-14 04:31:40,719 INFO  server.SCMDatanodeProtocolServer (SCMDatanodeProtocolServer.java:start(191)) - RPC server for DataNodes is listening at /0.0.0.0:41002
2019-07-14 04:31:40,721 INFO  ipc.Server (Server.java:run(1314)) - IPC Server Responder: starting
2019-07-14 04:31:40,721 INFO  ipc.Server (Server.java:run(1153)) - IPC Server listener on 41002: starting
2019-07-14 04:31:40,734 INFO  http.HttpServer2 (HttpServer2.java:bindListener(1191)) - Jetty bound to port 39282
2019-07-14 04:31:40,737 INFO  server.Server (Server.java:doStart(351)) - jetty-9.3.24.v20180605, build timestamp: 2018-06-05T17:11:56Z, git hash: 84205aa28f11a4f31f2a3b86d1bba2cc8ab69827
2019-07-14 04:31:40,779 INFO  handler.ContextHandler (ContextHandler.java:doStart(781)) - Started o.e.j.s.ServletContextHandler@15dcfae7{/logs,file:///tmp/workdir/hadoop-ozone/integration-test/target/log,AVAILABLE}
2019-07-14 04:31:40,780 INFO  handler.ContextHandler (ContextHandler.java:doStart(781)) - Started o.e.j.s.ServletContextHandler@1e636ea3{/static,file:///tmp/workdir/hadoop-ozone/integration-test/target/test-classes/webapps/static,AVAILABLE}
2019-07-14 04:31:40,812 INFO  handler.ContextHandler (ContextHandler.java:doStart(781)) - Started o.e.j.w.WebAppContext@3f23a3a0{/,file:///tmp/workdir/hadoop-ozone/integration-test/target/test-classes/webapps/scm/,AVAILABLE}{/scm}
2019-07-14 04:31:40,817 INFO  server.AbstractConnector (AbstractConnector.java:doStart(278)) - Started ServerConnector@6c6357f9{HTTP/1.1,[http/1.1]}{0.0.0.0:39282}
2019-07-14 04:31:40,817 INFO  server.Server (Server.java:doStart(419)) - Started @2699ms
2019-07-14 04:31:40,820 INFO  server.BaseHttpServer (BaseHttpServer.java:updateConnectorAddress(207)) - HTTP server of SCM is listening at http://0.0.0.0:39282
2019-07-14 04:31:40,830 INFO  util.JvmPauseMonitor (JvmPauseMonitor.java:run(188)) - Starting JVM pause monitor
2019-07-14 04:31:40,834 WARN  server.ServerUtils (ServerUtils.java:getDBPath(222)) - ozone.om.db.dirs is not configured. We recommend adding this setting. Falling back to ozone.metadata.dirs instead.
2019-07-14 04:31:40,947 WARN  server.ServerUtils (ServerUtils.java:getDBPath(222)) - ozone.om.db.dirs is not configured. We recommend adding this setting. Falling back to ozone.metadata.dirs instead.
2019-07-14 04:31:40,949 INFO  om.OzoneManager (OzoneManager.java:setOMNodeDetails(630)) - OM Service ID is not set. Setting it to the default ID: omServiceIdDefault
2019-07-14 04:31:40,949 INFO  om.OzoneManager (OzoneManager.java:setOMNodeDetails(636)) - OM Node ID is not set. Setting it to the OmStorage's OmID: 3fd55fe6-7a16-4d98-a54f-832db68b3873
2019-07-14 04:31:40,950 INFO  om.OzoneManager (OzoneManager.java:loadOMHAConfigs(587)) - Found matching OM address with OMServiceId: null, OMNodeId: null, RPC Address: localhost:0 and Ratis port: 9872
2019-07-14 04:31:41,212 WARN  server.ServerUtils (ServerUtils.java:getDBPath(222)) - ozone.om.db.dirs is not configured. We recommend adding this setting. Falling back to ozone.metadata.dirs instead.
2019-07-14 04:31:41,224 INFO  db.DBStoreBuilder (DBStoreBuilder.java:addTable(110)) - using custom profile for table: userTable
2019-07-14 04:31:41,224 INFO  db.DBStoreBuilder (DBStoreBuilder.java:processTables(161)) - Using default column profile:DBProfile.DISK for Table:userTable
2019-07-14 04:31:41,225 INFO  db.DBStoreBuilder (DBStoreBuilder.java:addTable(110)) - using custom profile for table: volumeTable
2019-07-14 04:31:41,225 INFO  db.DBStoreBuilder (DBStoreBuilder.java:processTables(161)) - Using default column profile:DBProfile.DISK for Table:volumeTable
2019-07-14 04:31:41,226 INFO  db.DBStoreBuilder (DBStoreBuilder.java:addTable(110)) - using custom profile for table: bucketTable
2019-07-14 04:31:41,226 INFO  db.DBStoreBuilder (DBStoreBuilder.java:processTables(161)) - Using default column profile:DBProfile.DISK for Table:bucketTable
2019-07-14 04:31:41,227 INFO  db.DBStoreBuilder (DBStoreBuilder.java:addTable(110)) - using custom profile for table: keyTable
2019-07-14 04:31:41,227 INFO  db.DBStoreBuilder (DBStoreBuilder.java:processTables(161)) - Using default column profile:DBProfile.DISK for Table:keyTable
2019-07-14 04:31:41,227 INFO  db.DBStoreBuilder (DBStoreBuilder.java:addTable(110)) - using custom profile for table: deletedTable
2019-07-14 04:31:41,228 INFO  db.DBStoreBuilder (DBStoreBuilder.java:processTables(161)) - Using default column profile:DBProfile.DISK for Table:deletedTable
2019-07-14 04:31:41,228 INFO  db.DBStoreBuilder (DBStoreBuilder.java:addTable(110)) - using custom profile for table: openKeyTable
2019-07-14 04:31:41,228 INFO  db.DBStoreBuilder (DBStoreBuilder.java:processTables(161)) - Using default column profile:DBProfile.DISK for Table:openKeyTable
2019-07-14 04:31:41,229 INFO  db.DBStoreBuilder (DBStoreBuilder.java:addTable(110)) - using custom profile for table: s3Table
2019-07-14 04:31:41,229 INFO  db.DBStoreBuilder (DBStoreBuilder.java:processTables(161)) - Using default column profile:DBProfile.DISK for Table:s3Table
2019-07-14 04:31:41,230 INFO  db.DBStoreBuilder (DBStoreBuilder.java:addTable(110)) - using custom profile for table: multipartInfoTable
2019-07-14 04:31:41,230 INFO  db.DBStoreBuilder (DBStoreBuilder.java:processTables(161)) - Using default column profile:DBProfile.DISK for Table:multipartInfoTable
2019-07-14 04:31:41,231 INFO  db.DBStoreBuilder (DBStoreBuilder.java:addTable(110)) - using custom profile for table: dTokenTable
2019-07-14 04:31:41,231 INFO  db.DBStoreBuilder (DBStoreBuilder.java:processTables(161)) - Using default column profile:DBProfile.DISK for Table:dTokenTable
2019-07-14 04:31:41,231 INFO  db.DBStoreBuilder (DBStoreBuilder.java:addTable(110)) - using custom profile for table: s3SecretTable
2019-07-14 04:31:41,232 INFO  db.DBStoreBuilder (DBStoreBuilder.java:processTables(161)) - Using default column profile:DBProfile.DISK for Table:s3SecretTable
2019-07-14 04:31:41,232 INFO  db.DBStoreBuilder (DBStoreBuilder.java:addTable(110)) - using custom profile for table: prefixTable
2019-07-14 04:31:41,232 INFO  db.DBStoreBuilder (DBStoreBuilder.java:processTables(161)) - Using default column profile:DBProfile.DISK for Table:prefixTable
2019-07-14 04:31:41,233 INFO  db.DBStoreBuilder (DBStoreBuilder.java:addTable(110)) - using custom profile for table: default
2019-07-14 04:31:41,233 INFO  db.DBStoreBuilder (DBStoreBuilder.java:processTables(167)) - Using default column profile:DBProfile.DISK for Table:default
2019-07-14 04:31:41,234 INFO  db.DBStoreBuilder (DBStoreBuilder.java:getDbProfile(198)) - Using default options. DBProfile.DISK
2019-07-14 04:31:41,955 INFO  ipc.CallQueueManager (CallQueueManager.java:<init>(84)) - Using callQueue: class java.util.concurrent.LinkedBlockingQueue, queueCapacity: 2000, scheduler: class org.apache.hadoop.ipc.DefaultRpcScheduler, ipcBackoff: false.
2019-07-14 04:31:41,956 INFO  ipc.Server (Server.java:run(1074)) - Starting Socket Reader #1 for port 41997
2019-07-14 04:31:41,977 WARN  server.ServerUtils (ServerUtils.java:getDBPath(222)) - ozone.om.db.dirs is not configured. We recommend adding this setting. Falling back to ozone.metadata.dirs instead.
2019-07-14 04:31:41,977 INFO  om.OzoneManager (OzoneManager.java:start(1228)) - OzoneManager RPC server is listening at localhost/127.0.0.1:41997
2019-07-14 04:31:41,978 INFO  impl.MetricsSystemImpl (MetricsSystemImpl.java:init(158)) - OzoneManager metrics system started (again)
2019-07-14 04:31:41,979 INFO  ipc.Server (Server.java:run(1314)) - IPC Server Responder: starting
2019-07-14 04:31:41,980 INFO  ipc.Server (Server.java:run(1153)) - IPC Server listener on 41997: starting
2019-07-14 04:31:41,993 INFO  hdfs.DFSUtil (DFSUtil.java:httpServerTemplateForNNAndJN(1641)) - Starting Web-server for ozoneManager at: http://0.0.0.0:0
2019-07-14 04:31:41,995 INFO  server.AuthenticationFilter (AuthenticationFilter.java:constructSecretProvider(240)) - Unable to initialize FileSignerSecretProvider, falling back to use random secrets.
2019-07-14 04:31:41,996 WARN  http.HttpRequestLog (HttpRequestLog.java:getRequestLog(97)) - Jetty request log can only be enabled using Log4j
2019-07-14 04:31:41,999 INFO  http.HttpServer2 (HttpServer2.java:addGlobalFilter(975)) - Added global filter 'safety' (class=org.apache.hadoop.http.HttpServer2$QuotingInputFilter)
2019-07-14 04:31:42,000 INFO  http.HttpServer2 (HttpServer2.java:addFilter(948)) - Added filter static_user_filter (class=org.apache.hadoop.http.lib.StaticUserWebFilter$StaticUserFilter) to context ozoneManager
2019-07-14 04:31:42,000 INFO  http.HttpServer2 (HttpServer2.java:addFilter(958)) - Added filter static_user_filter (class=org.apache.hadoop.http.lib.StaticUserWebFilter$StaticUserFilter) to context static
2019-07-14 04:31:42,000 INFO  http.HttpServer2 (HttpServer2.java:addFilter(958)) - Added filter static_user_filter (class=org.apache.hadoop.http.lib.StaticUserWebFilter$StaticUserFilter) to context logs
2019-07-14 04:31:42,003 INFO  http.HttpServer2 (HttpServer2.java:bindListener(1191)) - Jetty bound to port 37768
2019-07-14 04:31:42,003 INFO  server.Server (Server.java:doStart(351)) - jetty-9.3.24.v20180605, build timestamp: 2018-06-05T17:11:56Z, git hash: 84205aa28f11a4f31f2a3b86d1bba2cc8ab69827
2019-07-14 04:31:42,006 INFO  handler.ContextHandler (ContextHandler.java:doStart(781)) - Started o.e.j.s.ServletContextHandler@301d8120{/logs,file:///tmp/workdir/hadoop-ozone/integration-test/target/log,AVAILABLE}
2019-07-14 04:31:42,006 INFO  handler.ContextHandler (ContextHandler.java:doStart(781)) - Started o.e.j.s.ServletContextHandler@72458efc{/static,file:///tmp/workdir/hadoop-ozone/integration-test/target/test-classes/webapps/static,AVAILABLE}
2019-07-14 04:31:42,012 INFO  handler.ContextHandler (ContextHandler.java:doStart(781)) - Started o.e.j.w.WebAppContext@6a84bc2a{/,file:///tmp/workdir/hadoop-ozone/integration-test/target/test-classes/webapps/ozoneManager/,AVAILABLE}{/ozoneManager}
2019-07-14 04:31:42,013 INFO  server.AbstractConnector (AbstractConnector.java:doStart(278)) - Started ServerConnector@5183d589{HTTP/1.1,[http/1.1]}{0.0.0.0:37768}
2019-07-14 04:31:42,013 INFO  server.Server (Server.java:doStart(419)) - Started @3895ms
2019-07-14 04:31:42,014 INFO  server.BaseHttpServer (BaseHttpServer.java:updateConnectorAddress(207)) - HTTP server of OZONEMANAGER is listening at http://0.0.0.0:37768
2019-07-14 04:31:42,350 INFO  impl.MetricsSystemImpl (MetricsSystemImpl.java:init(158)) - HddsDatanode metrics system started (again)
2019-07-14 04:31:42,435 INFO  ozone.HddsDatanodeService (HddsDatanodeService.java:start(185)) - HddsDatanodeService host:trunk-nightly-6h29n-2077950039 ip:192.168.5.157
2019-07-14 04:31:42,468 INFO  volume.HddsVolume (HddsVolume.java:<init>(176)) - Creating Volume: /tmp/workdir/hadoop-ozone/integration-test/target/test-dir/MiniOzoneClusterImpl-455df870-1475-4aa0-b7eb-6763b4ce75c6/datanode-0/data/containers/hdds of  storage type : DISK and capacity : 52710309888
2019-07-14 04:31:42,470 INFO  volume.VolumeSet (VolumeSet.java:initializeVolumeSet(170)) - Added Volume : /tmp/workdir/hadoop-ozone/integration-test/target/test-dir/MiniOzoneClusterImpl-455df870-1475-4aa0-b7eb-6763b4ce75c6/datanode-0/data/containers/hdds to VolumeSet
2019-07-14 04:31:42,472 INFO  volume.ThrottledAsyncChecker (ThrottledAsyncChecker.java:schedule(140)) - Scheduling a check for org.apache.hadoop.ozone.container.common.volume.HddsVolume@451f87af
2019-07-14 04:31:42,490 INFO  volume.HddsVolumeChecker (HddsVolumeChecker.java:checkAllVolumes(203)) - Scheduled health check for volume org.apache.hadoop.ozone.container.common.volume.HddsVolume@451f87af
2019-07-14 04:31:42,603 INFO  impl.RaftServerProxy (ConfUtils.java:logGet(43)) - raft.rpc.type = GRPC (default)
2019-07-14 04:31:42,668 INFO  grpc.GrpcFactory (GrpcFactory.java:checkPooledByteBufAllocatorUseCacheForAllThreads(45)) - PERFORMANCE WARNING: useCacheForAllThreads is true that may cause Netty to create a lot garbage objects and, as a result, trigger GC.
	It is recommended to disable useCacheForAllThreads by setting -Dorg.apache.ratis.thirdparty.io.netty.allocator.useCacheForAllThreads=false in command line.
2019-07-14 04:31:42,672 INFO  grpc.GrpcConfigKeys$Server (ConfUtils.java:logGet(43)) - raft.grpc.server.port = 0 (default)
2019-07-14 04:31:42,673 INFO  server.GrpcService (ConfUtils.java:logGet(43)) - raft.grpc.message.size.max = 33570816 (custom)
2019-07-14 04:31:42,675 INFO  server.RaftServerConfigKeys (ConfUtils.java:logGet(43)) - raft.server.log.appender.buffer.byte-limit = 33554432 (custom)
2019-07-14 04:31:42,676 INFO  server.GrpcService (ConfUtils.java:logGet(43)) - raft.grpc.flow.control.window = 1MB (=1048576) (default)
2019-07-14 04:31:42,676 INFO  server.RaftServerConfigKeys (ConfUtils.java:logGet(43)) - raft.server.rpc.request.timeout = 3000ms (default)
2019-07-14 04:31:42,834 INFO  server.RaftServerConfigKeys (ConfUtils.java:logGet(43)) - raft.server.storage.dir = [/tmp/workdir/hadoop-ozone/integration-test/target/test-dir/MiniOzoneClusterImpl-455df870-1475-4aa0-b7eb-6763b4ce75c6/datanode-0/data/ratis] (custom)
2019-07-14 04:31:42,869 INFO  replication.SimpleContainerDownloader (SimpleContainerDownloader.java:<init>(72)) - Starting container downloader service to copy containers to replicate.
2019-07-14 04:31:42,892 INFO  hdfs.DFSUtil (DFSUtil.java:httpServerTemplateForNNAndJN(1641)) - Starting Web-server for hddsDatanode at: http://0.0.0.0:0
2019-07-14 04:31:42,895 INFO  server.AuthenticationFilter (AuthenticationFilter.java:constructSecretProvider(240)) - Unable to initialize FileSignerSecretProvider, falling back to use random secrets.
2019-07-14 04:31:42,896 WARN  http.HttpRequestLog (HttpRequestLog.java:getRequestLog(97)) - Jetty request log can only be enabled using Log4j
2019-07-14 04:31:42,899 INFO  http.HttpServer2 (HttpServer2.java:addGlobalFilter(975)) - Added global filter 'safety' (class=org.apache.hadoop.http.HttpServer2$QuotingInputFilter)
2019-07-14 04:31:42,900 INFO  http.HttpServer2 (HttpServer2.java:addFilter(948)) - Added filter static_user_filter (class=org.apache.hadoop.http.lib.StaticUserWebFilter$StaticUserFilter) to context hddsDatanode
2019-07-14 04:31:42,900 INFO  http.HttpServer2 (HttpServer2.java:addFilter(958)) - Added filter static_user_filter (class=org.apache.hadoop.http.lib.StaticUserWebFilter$StaticUserFilter) to context static
2019-07-14 04:31:42,900 INFO  http.HttpServer2 (HttpServer2.java:addFilter(958)) - Added filter static_user_filter (class=org.apache.hadoop.http.lib.StaticUserWebFilter$StaticUserFilter) to context logs
2019-07-14 04:31:42,902 INFO  http.HttpServer2 (HttpServer2.java:bindListener(1191)) - Jetty bound to port 41513
2019-07-14 04:31:42,902 INFO  server.Server (Server.java:doStart(351)) - jetty-9.3.24.v20180605, build timestamp: 2018-06-05T17:11:56Z, git hash: 84205aa28f11a4f31f2a3b86d1bba2cc8ab69827
2019-07-14 04:31:42,904 INFO  handler.ContextHandler (ContextHandler.java:doStart(781)) - Started o.e.j.s.ServletContextHandler@21c815e4{/logs,file:///tmp/workdir/hadoop-ozone/integration-test/target/log,AVAILABLE}
2019-07-14 04:31:42,905 INFO  handler.ContextHandler (ContextHandler.java:doStart(781)) - Started o.e.j.s.ServletContextHandler@2a331b46{/static,jar:file:/home/user/.m2/repository/org/apache/hadoop/hadoop-hdds-container-service/0.5.0-SNAPSHOT/hadoop-hdds-container-service-0.5.0-SNAPSHOT.jar!/webapps/static,AVAILABLE}
2019-07-14 04:31:42,942 INFO  handler.ContextHandler (ContextHandler.java:doStart(781)) - Started o.e.j.w.WebAppContext@113e13f9{/,file:///tmp/jetty-0.0.0.0-41513-hddsDatanode-_-any-1563050580075952223.dir/webapp/,AVAILABLE}{/hddsDatanode}
2019-07-14 04:31:42,943 INFO  server.AbstractConnector (AbstractConnector.java:doStart(278)) - Started ServerConnector@1c7f96b1{HTTP/1.1,[http/1.1]}{0.0.0.0:41513}
2019-07-14 04:31:42,947 INFO  server.Server (Server.java:doStart(419)) - Started @4829ms
2019-07-14 04:31:42,949 INFO  server.BaseHttpServer (BaseHttpServer.java:updateConnectorAddress(207)) - HTTP server of HDDSDATANODE is listening at http://0.0.0.0:41513
2019-07-14 04:31:44,035 INFO  ozone.HddsDatanodeService (HddsDatanodeService.java:startPlugins(396)) - Started plug-in org.apache.hadoop.ozone.web.OzoneHddsDatanodeService@5f61371d
2019-07-14 04:31:44,038 INFO  impl.MetricsSystemImpl (MetricsSystemImpl.java:init(158)) - HddsDatanode metrics system started (again)
2019-07-14 04:31:44,039 INFO  ozone.HddsDatanodeService (HddsDatanodeService.java:start(185)) - HddsDatanodeService host:trunk-nightly-6h29n-2077950039 ip:192.168.5.157
2019-07-14 04:31:44,046 INFO  util.JvmPauseMonitor (JvmPauseMonitor.java:run(188)) - Starting JVM pause monitor
2019-07-14 04:31:44,051 INFO  volume.HddsVolume (HddsVolume.java:<init>(176)) - Creating Volume: /tmp/workdir/hadoop-ozone/integration-test/target/test-dir/MiniOzoneClusterImpl-455df870-1475-4aa0-b7eb-6763b4ce75c6/datanode-1/data/containers/hdds of  storage type : DISK and capacity : 52710309888
2019-07-14 04:31:44,052 INFO  volume.VolumeSet (VolumeSet.java:initializeVolumeSet(170)) - Added Volume : /tmp/workdir/hadoop-ozone/integration-test/target/test-dir/MiniOzoneClusterImpl-455df870-1475-4aa0-b7eb-6763b4ce75c6/datanode-1/data/containers/hdds to VolumeSet
2019-07-14 04:31:44,052 INFO  volume.ThrottledAsyncChecker (ThrottledAsyncChecker.java:schedule(140)) - Scheduling a check for org.apache.hadoop.ozone.container.common.volume.HddsVolume@45292ec1
2019-07-14 04:31:44,055 INFO  volume.HddsVolumeChecker (HddsVolumeChecker.java:checkAllVolumes(203)) - Scheduled health check for volume org.apache.hadoop.ozone.container.common.volume.HddsVolume@45292ec1
2019-07-14 04:31:44,077 INFO  impl.RaftServerProxy (ConfUtils.java:logGet(43)) - raft.rpc.type = GRPC (default)
2019-07-14 04:31:44,077 INFO  grpc.GrpcFactory (GrpcFactory.java:checkPooledByteBufAllocatorUseCacheForAllThreads(45)) - PERFORMANCE WARNING: useCacheForAllThreads is true that may cause Netty to create a lot garbage objects and, as a result, trigger GC.
	It is recommended to disable useCacheForAllThreads by setting -Dorg.apache.ratis.thirdparty.io.netty.allocator.useCacheForAllThreads=false in command line.
2019-07-14 04:31:44,078 INFO  grpc.GrpcConfigKeys$Server (ConfUtils.java:logGet(43)) - raft.grpc.server.port = 0 (default)
2019-07-14 04:31:44,078 INFO  server.GrpcService (ConfUtils.java:logGet(43)) - raft.grpc.message.size.max = 33570816 (custom)
2019-07-14 04:31:44,078 INFO  server.RaftServerConfigKeys (ConfUtils.java:logGet(43)) - raft.server.log.appender.buffer.byte-limit = 33554432 (custom)
2019-07-14 04:31:44,079 INFO  server.GrpcService (ConfUtils.java:logGet(43)) - raft.grpc.flow.control.window = 1MB (=1048576) (default)
2019-07-14 04:31:44,079 INFO  server.RaftServerConfigKeys (ConfUtils.java:logGet(43)) - raft.server.rpc.request.timeout = 3000ms (default)
2019-07-14 04:31:44,080 INFO  server.RaftServerConfigKeys (ConfUtils.java:logGet(43)) - raft.server.storage.dir = [/tmp/workdir/hadoop-ozone/integration-test/target/test-dir/MiniOzoneClusterImpl-455df870-1475-4aa0-b7eb-6763b4ce75c6/datanode-1/data/ratis] (custom)
2019-07-14 04:31:44,080 INFO  replication.SimpleContainerDownloader (SimpleContainerDownloader.java:<init>(72)) - Starting container downloader service to copy containers to replicate.
2019-07-14 04:31:44,082 INFO  hdfs.DFSUtil (DFSUtil.java:httpServerTemplateForNNAndJN(1641)) - Starting Web-server for hddsDatanode at: http://0.0.0.0:0
2019-07-14 04:31:44,085 INFO  server.AuthenticationFilter (AuthenticationFilter.java:constructSecretProvider(240)) - Unable to initialize FileSignerSecretProvider, falling back to use random secrets.
2019-07-14 04:31:44,086 WARN  http.HttpRequestLog (HttpRequestLog.java:getRequestLog(97)) - Jetty request log can only be enabled using Log4j
2019-07-14 04:31:44,089 INFO  http.HttpServer2 (HttpServer2.java:addGlobalFilter(975)) - Added global filter 'safety' (class=org.apache.hadoop.http.HttpServer2$QuotingInputFilter)
2019-07-14 04:31:44,090 INFO  http.HttpServer2 (HttpServer2.java:addFilter(948)) - Added filter static_user_filter (class=org.apache.hadoop.http.lib.StaticUserWebFilter$StaticUserFilter) to context hddsDatanode
2019-07-14 04:31:44,091 INFO  http.HttpServer2 (HttpServer2.java:addFilter(958)) - Added filter static_user_filter (class=org.apache.hadoop.http.lib.StaticUserWebFilter$StaticUserFilter) to context logs
2019-07-14 04:31:44,091 INFO  http.HttpServer2 (HttpServer2.java:addFilter(958)) - Added filter static_user_filter (class=org.apache.hadoop.http.lib.StaticUserWebFilter$StaticUserFilter) to context static
2019-07-14 04:31:44,093 INFO  http.HttpServer2 (HttpServer2.java:bindListener(1191)) - Jetty bound to port 37101
2019-07-14 04:31:44,093 INFO  server.Server (Server.java:doStart(351)) - jetty-9.3.24.v20180605, build timestamp: 2018-06-05T17:11:56Z, git hash: 84205aa28f11a4f31f2a3b86d1bba2cc8ab69827
2019-07-14 04:31:44,096 INFO  handler.ContextHandler (ContextHandler.java:doStart(781)) - Started o.e.j.s.ServletContextHandler@570ba13{/logs,file:///tmp/workdir/hadoop-ozone/integration-test/target/log,AVAILABLE}
2019-07-14 04:31:44,097 INFO  handler.ContextHandler (ContextHandler.java:doStart(781)) - Started o.e.j.s.ServletContextHandler@525b1b70{/static,jar:file:/home/user/.m2/repository/org/apache/hadoop/hadoop-hdds-container-service/0.5.0-SNAPSHOT/hadoop-hdds-container-service-0.5.0-SNAPSHOT.jar!/webapps/static,AVAILABLE}
2019-07-14 04:31:44,147 INFO  handler.ContextHandler (ContextHandler.java:doStart(781)) - Started o.e.j.w.WebAppContext@902fdbe{/,file:///tmp/jetty-0.0.0.0-37101-hddsDatanode-_-any-4436413376569817524.dir/webapp/,AVAILABLE}{/hddsDatanode}
2019-07-14 04:31:44,148 INFO  server.AbstractConnector (AbstractConnector.java:doStart(278)) - Started ServerConnector@796d33eb{HTTP/1.1,[http/1.1]}{0.0.0.0:37101}
2019-07-14 04:31:44,150 INFO  server.Server (Server.java:doStart(419)) - Started @6030ms
2019-07-14 04:31:44,151 INFO  server.BaseHttpServer (BaseHttpServer.java:updateConnectorAddress(207)) - HTTP server of HDDSDATANODE is listening at http://0.0.0.0:37101
2019-07-14 04:31:44,192 INFO  datanode.InitDatanodeState (InitDatanodeState.java:persistContainerDatanodeDetails(140)) - DatanodeDetails is persisted to /tmp/workdir/hadoop-ozone/integration-test/target/test-dir/MiniOzoneClusterImpl-455df870-1475-4aa0-b7eb-6763b4ce75c6/datanode-0/meta/datanode.id
2019-07-14 04:31:44,304 INFO  ozone.HddsDatanodeService (HddsDatanodeService.java:startPlugins(396)) - Started plug-in org.apache.hadoop.ozone.web.OzoneHddsDatanodeService@1e98b788
2019-07-14 04:31:44,305 INFO  impl.MetricsSystemImpl (MetricsSystemImpl.java:init(158)) - HddsDatanode metrics system started (again)
2019-07-14 04:31:44,306 INFO  ozone.HddsDatanodeService (HddsDatanodeService.java:start(185)) - HddsDatanodeService host:trunk-nightly-6h29n-2077950039 ip:192.168.5.157
2019-07-14 04:31:44,308 INFO  util.JvmPauseMonitor (JvmPauseMonitor.java:run(188)) - Starting JVM pause monitor
2019-07-14 04:31:44,317 INFO  volume.HddsVolume (HddsVolume.java:<init>(176)) - Creating Volume: /tmp/workdir/hadoop-ozone/integration-test/target/test-dir/MiniOzoneClusterImpl-455df870-1475-4aa0-b7eb-6763b4ce75c6/datanode-2/data/containers/hdds of  storage type : DISK and capacity : 52710309888
2019-07-14 04:31:44,318 INFO  volume.VolumeSet (VolumeSet.java:initializeVolumeSet(170)) - Added Volume : /tmp/workdir/hadoop-ozone/integration-test/target/test-dir/MiniOzoneClusterImpl-455df870-1475-4aa0-b7eb-6763b4ce75c6/datanode-2/data/containers/hdds to VolumeSet
2019-07-14 04:31:44,318 INFO  volume.ThrottledAsyncChecker (ThrottledAsyncChecker.java:schedule(140)) - Scheduling a check for org.apache.hadoop.ozone.container.common.volume.HddsVolume@10f477e2
2019-07-14 04:31:44,318 INFO  datanode.InitDatanodeState (InitDatanodeState.java:persistContainerDatanodeDetails(140)) - DatanodeDetails is persisted to /tmp/workdir/hadoop-ozone/integration-test/target/test-dir/MiniOzoneClusterImpl-455df870-1475-4aa0-b7eb-6763b4ce75c6/datanode-1/meta/datanode.id
2019-07-14 04:31:44,319 INFO  volume.HddsVolumeChecker (HddsVolumeChecker.java:checkAllVolumes(203)) - Scheduled health check for volume org.apache.hadoop.ozone.container.common.volume.HddsVolume@10f477e2
2019-07-14 04:31:44,334 INFO  impl.RaftServerProxy (ConfUtils.java:logGet(43)) - raft.rpc.type = GRPC (default)
2019-07-14 04:31:44,334 INFO  grpc.GrpcFactory (GrpcFactory.java:checkPooledByteBufAllocatorUseCacheForAllThreads(45)) - PERFORMANCE WARNING: useCacheForAllThreads is true that may cause Netty to create a lot garbage objects and, as a result, trigger GC.
	It is recommended to disable useCacheForAllThreads by setting -Dorg.apache.ratis.thirdparty.io.netty.allocator.useCacheForAllThreads=false in command line.
2019-07-14 04:31:44,334 INFO  grpc.GrpcConfigKeys$Server (ConfUtils.java:logGet(43)) - raft.grpc.server.port = 0 (default)
2019-07-14 04:31:44,335 INFO  server.GrpcService (ConfUtils.java:logGet(43)) - raft.grpc.message.size.max = 33570816 (custom)
2019-07-14 04:31:44,335 INFO  server.RaftServerConfigKeys (ConfUtils.java:logGet(43)) - raft.server.log.appender.buffer.byte-limit = 33554432 (custom)
2019-07-14 04:31:44,335 INFO  server.GrpcService (ConfUtils.java:logGet(43)) - raft.grpc.flow.control.window = 1MB (=1048576) (default)
2019-07-14 04:31:44,335 INFO  server.RaftServerConfigKeys (ConfUtils.java:logGet(43)) - raft.server.rpc.request.timeout = 3000ms (default)
2019-07-14 04:31:44,336 INFO  server.RaftServerConfigKeys (ConfUtils.java:logGet(43)) - raft.server.storage.dir = [/tmp/workdir/hadoop-ozone/integration-test/target/test-dir/MiniOzoneClusterImpl-455df870-1475-4aa0-b7eb-6763b4ce75c6/datanode-2/data/ratis] (custom)
2019-07-14 04:31:44,337 INFO  replication.SimpleContainerDownloader (SimpleContainerDownloader.java:<init>(72)) - Starting container downloader service to copy containers to replicate.
2019-07-14 04:31:44,338 INFO  hdfs.DFSUtil (DFSUtil.java:httpServerTemplateForNNAndJN(1641)) - Starting Web-server for hddsDatanode at: http://0.0.0.0:0
2019-07-14 04:31:44,340 INFO  server.AuthenticationFilter (AuthenticationFilter.java:constructSecretProvider(240)) - Unable to initialize FileSignerSecretProvider, falling back to use random secrets.
2019-07-14 04:31:44,341 WARN  http.HttpRequestLog (HttpRequestLog.java:getRequestLog(97)) - Jetty request log can only be enabled using Log4j
2019-07-14 04:31:44,343 INFO  http.HttpServer2 (HttpServer2.java:addGlobalFilter(975)) - Added global filter 'safety' (class=org.apache.hadoop.http.HttpServer2$QuotingInputFilter)
2019-07-14 04:31:44,344 INFO  http.HttpServer2 (HttpServer2.java:addFilter(948)) - Added filter static_user_filter (class=org.apache.hadoop.http.lib.StaticUserWebFilter$StaticUserFilter) to context hddsDatanode
2019-07-14 04:31:44,345 INFO  http.HttpServer2 (HttpServer2.java:addFilter(958)) - Added filter static_user_filter (class=org.apache.hadoop.http.lib.StaticUserWebFilter$StaticUserFilter) to context logs
2019-07-14 04:31:44,345 INFO  http.HttpServer2 (HttpServer2.java:addFilter(958)) - Added filter static_user_filter (class=org.apache.hadoop.http.lib.StaticUserWebFilter$StaticUserFilter) to context static
2019-07-14 04:31:44,346 INFO  http.HttpServer2 (HttpServer2.java:bindListener(1191)) - Jetty bound to port 41944
2019-07-14 04:31:44,346 INFO  server.Server (Server.java:doStart(351)) - jetty-9.3.24.v20180605, build timestamp: 2018-06-05T17:11:56Z, git hash: 84205aa28f11a4f31f2a3b86d1bba2cc8ab69827
2019-07-14 04:31:44,351 INFO  handler.ContextHandler (ContextHandler.java:doStart(781)) - Started o.e.j.s.ServletContextHandler@27b337bb{/logs,file:///tmp/workdir/hadoop-ozone/integration-test/target/log,AVAILABLE}
2019-07-14 04:31:44,352 INFO  handler.ContextHandler (ContextHandler.java:doStart(781)) - Started o.e.j.s.ServletContextHandler@5c18d6d4{/static,jar:file:/home/user/.m2/repository/org/apache/hadoop/hadoop-hdds-container-service/0.5.0-SNAPSHOT/hadoop-hdds-container-service-0.5.0-SNAPSHOT.jar!/webapps/static,AVAILABLE}
2019-07-14 04:31:44,395 INFO  handler.ContextHandler (ContextHandler.java:doStart(781)) - Started o.e.j.w.WebAppContext@1ab14636{/,file:///tmp/jetty-0.0.0.0-41944-hddsDatanode-_-any-960307980222824401.dir/webapp/,AVAILABLE}{/hddsDatanode}
2019-07-14 04:31:44,396 INFO  server.AbstractConnector (AbstractConnector.java:doStart(278)) - Started ServerConnector@16b3c905{HTTP/1.1,[http/1.1]}{0.0.0.0:41944}
2019-07-14 04:31:44,397 INFO  server.Server (Server.java:doStart(419)) - Started @6278ms
2019-07-14 04:31:44,398 INFO  server.BaseHttpServer (BaseHttpServer.java:updateConnectorAddress(207)) - HTTP server of HDDSDATANODE is listening at http://0.0.0.0:41944
2019-07-14 04:31:44,530 INFO  ozone.HddsDatanodeService (HddsDatanodeService.java:startPlugins(396)) - Started plug-in org.apache.hadoop.ozone.web.OzoneHddsDatanodeService@30922f8d
2019-07-14 04:31:44,531 INFO  impl.MetricsSystemImpl (MetricsSystemImpl.java:init(158)) - HddsDatanode metrics system started (again)
2019-07-14 04:31:44,532 INFO  ozone.HddsDatanodeService (HddsDatanodeService.java:start(185)) - HddsDatanodeService host:trunk-nightly-6h29n-2077950039 ip:192.168.5.157
2019-07-14 04:31:44,534 INFO  util.JvmPauseMonitor (JvmPauseMonitor.java:run(188)) - Starting JVM pause monitor
2019-07-14 04:31:44,537 INFO  datanode.InitDatanodeState (InitDatanodeState.java:persistContainerDatanodeDetails(140)) - DatanodeDetails is persisted to /tmp/workdir/hadoop-ozone/integration-test/target/test-dir/MiniOzoneClusterImpl-455df870-1475-4aa0-b7eb-6763b4ce75c6/datanode-2/meta/datanode.id
2019-07-14 04:31:44,541 INFO  volume.HddsVolume (HddsVolume.java:<init>(176)) - Creating Volume: /tmp/workdir/hadoop-ozone/integration-test/target/test-dir/MiniOzoneClusterImpl-455df870-1475-4aa0-b7eb-6763b4ce75c6/datanode-3/data/containers/hdds of  storage type : DISK and capacity : 52710309888
2019-07-14 04:31:44,542 INFO  volume.VolumeSet (VolumeSet.java:initializeVolumeSet(170)) - Added Volume : /tmp/workdir/hadoop-ozone/integration-test/target/test-dir/MiniOzoneClusterImpl-455df870-1475-4aa0-b7eb-6763b4ce75c6/datanode-3/data/containers/hdds to VolumeSet
2019-07-14 04:31:44,542 INFO  volume.ThrottledAsyncChecker (ThrottledAsyncChecker.java:schedule(140)) - Scheduling a check for org.apache.hadoop.ozone.container.common.volume.HddsVolume@45d56062
2019-07-14 04:31:44,542 INFO  volume.HddsVolumeChecker (HddsVolumeChecker.java:checkAllVolumes(203)) - Scheduled health check for volume org.apache.hadoop.ozone.container.common.volume.HddsVolume@45d56062
2019-07-14 04:31:44,556 INFO  impl.RaftServerProxy (ConfUtils.java:logGet(43)) - raft.rpc.type = GRPC (default)
2019-07-14 04:31:44,557 INFO  grpc.GrpcFactory (GrpcFactory.java:checkPooledByteBufAllocatorUseCacheForAllThreads(45)) - PERFORMANCE WARNING: useCacheForAllThreads is true that may cause Netty to create a lot garbage objects and, as a result, trigger GC.
	It is recommended to disable useCacheForAllThreads by setting -Dorg.apache.ratis.thirdparty.io.netty.allocator.useCacheForAllThreads=false in command line.
2019-07-14 04:31:44,557 INFO  grpc.GrpcConfigKeys$Server (ConfUtils.java:logGet(43)) - raft.grpc.server.port = 0 (default)
2019-07-14 04:31:44,557 INFO  server.GrpcService (ConfUtils.java:logGet(43)) - raft.grpc.message.size.max = 33570816 (custom)
2019-07-14 04:31:44,557 INFO  server.RaftServerConfigKeys (ConfUtils.java:logGet(43)) - raft.server.log.appender.buffer.byte-limit = 33554432 (custom)
2019-07-14 04:31:44,558 INFO  server.GrpcService (ConfUtils.java:logGet(43)) - raft.grpc.flow.control.window = 1MB (=1048576) (default)
2019-07-14 04:31:44,558 INFO  server.RaftServerConfigKeys (ConfUtils.java:logGet(43)) - raft.server.rpc.request.timeout = 3000ms (default)
2019-07-14 04:31:44,558 INFO  server.RaftServerConfigKeys (ConfUtils.java:logGet(43)) - raft.server.storage.dir = [/tmp/workdir/hadoop-ozone/integration-test/target/test-dir/MiniOzoneClusterImpl-455df870-1475-4aa0-b7eb-6763b4ce75c6/datanode-3/data/ratis] (custom)
2019-07-14 04:31:44,559 INFO  replication.SimpleContainerDownloader (SimpleContainerDownloader.java:<init>(72)) - Starting container downloader service to copy containers to replicate.
2019-07-14 04:31:44,560 INFO  hdfs.DFSUtil (DFSUtil.java:httpServerTemplateForNNAndJN(1641)) - Starting Web-server for hddsDatanode at: http://0.0.0.0:0
2019-07-14 04:31:44,561 INFO  server.AuthenticationFilter (AuthenticationFilter.java:constructSecretProvider(240)) - Unable to initialize FileSignerSecretProvider, falling back to use random secrets.
2019-07-14 04:31:44,561 WARN  http.HttpRequestLog (HttpRequestLog.java:getRequestLog(97)) - Jetty request log can only be enabled using Log4j
2019-07-14 04:31:44,563 INFO  http.HttpServer2 (HttpServer2.java:addGlobalFilter(975)) - Added global filter 'safety' (class=org.apache.hadoop.http.HttpServer2$QuotingInputFilter)
2019-07-14 04:31:44,563 INFO  http.HttpServer2 (HttpServer2.java:addFilter(948)) - Added filter static_user_filter (class=org.apache.hadoop.http.lib.StaticUserWebFilter$StaticUserFilter) to context hddsDatanode
2019-07-14 04:31:44,563 INFO  http.HttpServer2 (HttpServer2.java:addFilter(958)) - Added filter static_user_filter (class=org.apache.hadoop.http.lib.StaticUserWebFilter$StaticUserFilter) to context static
2019-07-14 04:31:44,563 INFO  http.HttpServer2 (HttpServer2.java:addFilter(958)) - Added filter static_user_filter (class=org.apache.hadoop.http.lib.StaticUserWebFilter$StaticUserFilter) to context logs
2019-07-14 04:31:44,564 INFO  http.HttpServer2 (HttpServer2.java:bindListener(1191)) - Jetty bound to port 43492
2019-07-14 04:31:44,564 INFO  server.Server (Server.java:doStart(351)) - jetty-9.3.24.v20180605, build timestamp: 2018-06-05T17:11:56Z, git hash: 84205aa28f11a4f31f2a3b86d1bba2cc8ab69827
2019-07-14 04:31:44,566 INFO  handler.ContextHandler (ContextHandler.java:doStart(781)) - Started o.e.j.s.ServletContextHandler@4f081b5d{/logs,file:///tmp/workdir/hadoop-ozone/integration-test/target/log,AVAILABLE}
2019-07-14 04:31:44,567 INFO  handler.ContextHandler (ContextHandler.java:doStart(781)) - Started o.e.j.s.ServletContextHandler@740a0d5e{/static,jar:file:/home/user/.m2/repository/org/apache/hadoop/hadoop-hdds-container-service/0.5.0-SNAPSHOT/hadoop-hdds-container-service-0.5.0-SNAPSHOT.jar!/webapps/static,AVAILABLE}
2019-07-14 04:31:44,597 INFO  handler.ContextHandler (ContextHandler.java:doStart(781)) - Started o.e.j.w.WebAppContext@4ae2e781{/,file:///tmp/jetty-0.0.0.0-43492-hddsDatanode-_-any-2560706106003847246.dir/webapp/,AVAILABLE}{/hddsDatanode}
2019-07-14 04:31:44,598 INFO  server.AbstractConnector (AbstractConnector.java:doStart(278)) - Started ServerConnector@339f3a55{HTTP/1.1,[http/1.1]}{0.0.0.0:43492}
2019-07-14 04:31:44,598 INFO  server.Server (Server.java:doStart(419)) - Started @6480ms
2019-07-14 04:31:44,600 INFO  server.BaseHttpServer (BaseHttpServer.java:updateConnectorAddress(207)) - HTTP server of HDDSDATANODE is listening at http://0.0.0.0:43492
2019-07-14 04:31:44,725 INFO  ozone.HddsDatanodeService (HddsDatanodeService.java:startPlugins(396)) - Started plug-in org.apache.hadoop.ozone.web.OzoneHddsDatanodeService@15605d83
2019-07-14 04:31:44,725 INFO  impl.MetricsSystemImpl (MetricsSystemImpl.java:init(158)) - HddsDatanode metrics system started (again)
2019-07-14 04:31:44,727 INFO  ozone.HddsDatanodeService (HddsDatanodeService.java:start(185)) - HddsDatanodeService host:trunk-nightly-6h29n-2077950039 ip:192.168.5.157
2019-07-14 04:31:44,728 INFO  util.JvmPauseMonitor (JvmPauseMonitor.java:run(188)) - Starting JVM pause monitor
2019-07-14 04:31:44,732 INFO  datanode.InitDatanodeState (InitDatanodeState.java:persistContainerDatanodeDetails(140)) - DatanodeDetails is persisted to /tmp/workdir/hadoop-ozone/integration-test/target/test-dir/MiniOzoneClusterImpl-455df870-1475-4aa0-b7eb-6763b4ce75c6/datanode-3/meta/datanode.id
2019-07-14 04:31:44,735 INFO  volume.HddsVolume (HddsVolume.java:<init>(176)) - Creating Volume: /tmp/workdir/hadoop-ozone/integration-test/target/test-dir/MiniOzoneClusterImpl-455df870-1475-4aa0-b7eb-6763b4ce75c6/datanode-4/data/containers/hdds of  storage type : DISK and capacity : 52710309888
2019-07-14 04:31:44,735 INFO  volume.VolumeSet (VolumeSet.java:initializeVolumeSet(170)) - Added Volume : /tmp/workdir/hadoop-ozone/integration-test/target/test-dir/MiniOzoneClusterImpl-455df870-1475-4aa0-b7eb-6763b4ce75c6/datanode-4/data/containers/hdds to VolumeSet
2019-07-14 04:31:44,735 INFO  volume.ThrottledAsyncChecker (ThrottledAsyncChecker.java:schedule(140)) - Scheduling a check for org.apache.hadoop.ozone.container.common.volume.HddsVolume@6da54910
2019-07-14 04:31:44,736 INFO  volume.HddsVolumeChecker (HddsVolumeChecker.java:checkAllVolumes(203)) - Scheduled health check for volume org.apache.hadoop.ozone.container.common.volume.HddsVolume@6da54910
2019-07-14 04:31:44,750 INFO  impl.RaftServerProxy (ConfUtils.java:logGet(43)) - raft.rpc.type = GRPC (default)
2019-07-14 04:31:44,751 INFO  grpc.GrpcFactory (GrpcFactory.java:checkPooledByteBufAllocatorUseCacheForAllThreads(45)) - PERFORMANCE WARNING: useCacheForAllThreads is true that may cause Netty to create a lot garbage objects and, as a result, trigger GC.
	It is recommended to disable useCacheForAllThreads by setting -Dorg.apache.ratis.thirdparty.io.netty.allocator.useCacheForAllThreads=false in command line.
2019-07-14 04:31:44,751 INFO  grpc.GrpcConfigKeys$Server (ConfUtils.java:logGet(43)) - raft.grpc.server.port = 0 (default)
2019-07-14 04:31:44,751 INFO  server.GrpcService (ConfUtils.java:logGet(43)) - raft.grpc.message.size.max = 33570816 (custom)
2019-07-14 04:31:44,751 INFO  server.RaftServerConfigKeys (ConfUtils.java:logGet(43)) - raft.server.log.appender.buffer.byte-limit = 33554432 (custom)
2019-07-14 04:31:44,751 INFO  server.GrpcService (ConfUtils.java:logGet(43)) - raft.grpc.flow.control.window = 1MB (=1048576) (default)
2019-07-14 04:31:44,752 INFO  server.RaftServerConfigKeys (ConfUtils.java:logGet(43)) - raft.server.rpc.request.timeout = 3000ms (default)
2019-07-14 04:31:44,752 INFO  server.RaftServerConfigKeys (ConfUtils.java:logGet(43)) - raft.server.storage.dir = [/tmp/workdir/hadoop-ozone/integration-test/target/test-dir/MiniOzoneClusterImpl-455df870-1475-4aa0-b7eb-6763b4ce75c6/datanode-4/data/ratis] (custom)
2019-07-14 04:31:44,753 INFO  replication.SimpleContainerDownloader (SimpleContainerDownloader.java:<init>(72)) - Starting container downloader service to copy containers to replicate.
2019-07-14 04:31:44,754 INFO  hdfs.DFSUtil (DFSUtil.java:httpServerTemplateForNNAndJN(1641)) - Starting Web-server for hddsDatanode at: http://0.0.0.0:0
2019-07-14 04:31:44,755 INFO  server.AuthenticationFilter (AuthenticationFilter.java:constructSecretProvider(240)) - Unable to initialize FileSignerSecretProvider, falling back to use random secrets.
2019-07-14 04:31:44,755 WARN  http.HttpRequestLog (HttpRequestLog.java:getRequestLog(97)) - Jetty request log can only be enabled using Log4j
2019-07-14 04:31:44,757 INFO  http.HttpServer2 (HttpServer2.java:addGlobalFilter(975)) - Added global filter 'safety' (class=org.apache.hadoop.http.HttpServer2$QuotingInputFilter)
2019-07-14 04:31:44,757 INFO  http.HttpServer2 (HttpServer2.java:addFilter(948)) - Added filter static_user_filter (class=org.apache.hadoop.http.lib.StaticUserWebFilter$StaticUserFilter) to context hddsDatanode
2019-07-14 04:31:44,757 INFO  http.HttpServer2 (HttpServer2.java:addFilter(958)) - Added filter static_user_filter (class=org.apache.hadoop.http.lib.StaticUserWebFilter$StaticUserFilter) to context logs
2019-07-14 04:31:44,758 INFO  http.HttpServer2 (HttpServer2.java:addFilter(958)) - Added filter static_user_filter (class=org.apache.hadoop.http.lib.StaticUserWebFilter$StaticUserFilter) to context static
2019-07-14 04:31:44,758 INFO  http.HttpServer2 (HttpServer2.java:bindListener(1191)) - Jetty bound to port 43342
2019-07-14 04:31:44,758 INFO  server.Server (Server.java:doStart(351)) - jetty-9.3.24.v20180605, build timestamp: 2018-06-05T17:11:56Z, git hash: 84205aa28f11a4f31f2a3b86d1bba2cc8ab69827
2019-07-14 04:31:44,763 INFO  handler.ContextHandler (ContextHandler.java:doStart(781)) - Started o.e.j.s.ServletContextHandler@640d604{/logs,file:///tmp/workdir/hadoop-ozone/integration-test/target/log,AVAILABLE}
2019-07-14 04:31:44,764 INFO  handler.ContextHandler (ContextHandler.java:doStart(781)) - Started o.e.j.s.ServletContextHandler@5438fa43{/static,jar:file:/home/user/.m2/repository/org/apache/hadoop/hadoop-hdds-container-service/0.5.0-SNAPSHOT/hadoop-hdds-container-service-0.5.0-SNAPSHOT.jar!/webapps/static,AVAILABLE}
2019-07-14 04:31:44,792 INFO  handler.ContextHandler (ContextHandler.java:doStart(781)) - Started o.e.j.w.WebAppContext@de77146{/,file:///tmp/jetty-0.0.0.0-43342-hddsDatanode-_-any-5779416019857823733.dir/webapp/,AVAILABLE}{/hddsDatanode}
2019-07-14 04:31:44,793 INFO  server.AbstractConnector (AbstractConnector.java:doStart(278)) - Started ServerConnector@691567ea{HTTP/1.1,[http/1.1]}{0.0.0.0:43342}
2019-07-14 04:31:44,794 INFO  server.Server (Server.java:doStart(419)) - Started @6676ms
2019-07-14 04:31:44,794 INFO  server.BaseHttpServer (BaseHttpServer.java:updateConnectorAddress(207)) - HTTP server of HDDSDATANODE is listening at http://0.0.0.0:43342
2019-07-14 04:31:44,916 INFO  ozone.HddsDatanodeService (HddsDatanodeService.java:startPlugins(396)) - Started plug-in org.apache.hadoop.ozone.web.OzoneHddsDatanodeService@2365ea38
2019-07-14 04:31:44,916 INFO  impl.MetricsSystemImpl (MetricsSystemImpl.java:init(158)) - HddsDatanode metrics system started (again)
2019-07-14 04:31:44,918 INFO  ozone.HddsDatanodeService (HddsDatanodeService.java:start(185)) - HddsDatanodeService host:trunk-nightly-6h29n-2077950039 ip:192.168.5.157
2019-07-14 04:31:44,920 INFO  util.JvmPauseMonitor (JvmPauseMonitor.java:run(188)) - Starting JVM pause monitor
2019-07-14 04:31:44,923 INFO  datanode.InitDatanodeState (InitDatanodeState.java:persistContainerDatanodeDetails(140)) - DatanodeDetails is persisted to /tmp/workdir/hadoop-ozone/integration-test/target/test-dir/MiniOzoneClusterImpl-455df870-1475-4aa0-b7eb-6763b4ce75c6/datanode-4/meta/datanode.id
2019-07-14 04:31:44,928 INFO  volume.HddsVolume (HddsVolume.java:<init>(176)) - Creating Volume: /tmp/workdir/hadoop-ozone/integration-test/target/test-dir/MiniOzoneClusterImpl-455df870-1475-4aa0-b7eb-6763b4ce75c6/datanode-5/data/containers/hdds of  storage type : DISK and capacity : 52710309888
2019-07-14 04:31:44,928 INFO  volume.VolumeSet (VolumeSet.java:initializeVolumeSet(170)) - Added Volume : /tmp/workdir/hadoop-ozone/integration-test/target/test-dir/MiniOzoneClusterImpl-455df870-1475-4aa0-b7eb-6763b4ce75c6/datanode-5/data/containers/hdds to VolumeSet
2019-07-14 04:31:44,929 INFO  volume.ThrottledAsyncChecker (ThrottledAsyncChecker.java:schedule(140)) - Scheduling a check for org.apache.hadoop.ozone.container.common.volume.HddsVolume@7781263c
2019-07-14 04:31:44,930 INFO  volume.HddsVolumeChecker (HddsVolumeChecker.java:checkAllVolumes(203)) - Scheduled health check for volume org.apache.hadoop.ozone.container.common.volume.HddsVolume@7781263c
2019-07-14 04:31:44,953 INFO  impl.RaftServerProxy (ConfUtils.java:logGet(43)) - raft.rpc.type = GRPC (default)
2019-07-14 04:31:44,953 INFO  grpc.GrpcFactory (GrpcFactory.java:checkPooledByteBufAllocatorUseCacheForAllThreads(45)) - PERFORMANCE WARNING: useCacheForAllThreads is true that may cause Netty to create a lot garbage objects and, as a result, trigger GC.
	It is recommended to disable useCacheForAllThreads by setting -Dorg.apache.ratis.thirdparty.io.netty.allocator.useCacheForAllThreads=false in command line.
2019-07-14 04:31:44,953 INFO  grpc.GrpcConfigKeys$Server (ConfUtils.java:logGet(43)) - raft.grpc.server.port = 0 (default)
2019-07-14 04:31:44,954 INFO  server.GrpcService (ConfUtils.java:logGet(43)) - raft.grpc.message.size.max = 33570816 (custom)
2019-07-14 04:31:44,954 INFO  server.RaftServerConfigKeys (ConfUtils.java:logGet(43)) - raft.server.log.appender.buffer.byte-limit = 33554432 (custom)
2019-07-14 04:31:44,954 INFO  server.GrpcService (ConfUtils.java:logGet(43)) - raft.grpc.flow.control.window = 1MB (=1048576) (default)
2019-07-14 04:31:44,955 INFO  server.RaftServerConfigKeys (ConfUtils.java:logGet(43)) - raft.server.rpc.request.timeout = 3000ms (default)
2019-07-14 04:31:44,955 INFO  server.RaftServerConfigKeys (ConfUtils.java:logGet(43)) - raft.server.storage.dir = [/tmp/workdir/hadoop-ozone/integration-test/target/test-dir/MiniOzoneClusterImpl-455df870-1475-4aa0-b7eb-6763b4ce75c6/datanode-5/data/ratis] (custom)
2019-07-14 04:31:44,956 INFO  replication.SimpleContainerDownloader (SimpleContainerDownloader.java:<init>(72)) - Starting container downloader service to copy containers to replicate.
2019-07-14 04:31:44,958 INFO  hdfs.DFSUtil (DFSUtil.java:httpServerTemplateForNNAndJN(1641)) - Starting Web-server for hddsDatanode at: http://0.0.0.0:0
2019-07-14 04:31:44,959 INFO  server.AuthenticationFilter (AuthenticationFilter.java:constructSecretProvider(240)) - Unable to initialize FileSignerSecretProvider, falling back to use random secrets.
2019-07-14 04:31:44,960 WARN  http.HttpRequestLog (HttpRequestLog.java:getRequestLog(97)) - Jetty request log can only be enabled using Log4j
2019-07-14 04:31:44,961 INFO  http.HttpServer2 (HttpServer2.java:addGlobalFilter(975)) - Added global filter 'safety' (class=org.apache.hadoop.http.HttpServer2$QuotingInputFilter)
2019-07-14 04:31:44,962 INFO  http.HttpServer2 (HttpServer2.java:addFilter(948)) - Added filter static_user_filter (class=org.apache.hadoop.http.lib.StaticUserWebFilter$StaticUserFilter) to context hddsDatanode
2019-07-14 04:31:44,962 INFO  http.HttpServer2 (HttpServer2.java:addFilter(958)) - Added filter static_user_filter (class=org.apache.hadoop.http.lib.StaticUserWebFilter$StaticUserFilter) to context logs
2019-07-14 04:31:44,962 INFO  http.HttpServer2 (HttpServer2.java:addFilter(958)) - Added filter static_user_filter (class=org.apache.hadoop.http.lib.StaticUserWebFilter$StaticUserFilter) to context static
2019-07-14 04:31:44,962 INFO  http.HttpServer2 (HttpServer2.java:bindListener(1191)) - Jetty bound to port 35127
2019-07-14 04:31:44,963 INFO  server.Server (Server.java:doStart(351)) - jetty-9.3.24.v20180605, build timestamp: 2018-06-05T17:11:56Z, git hash: 84205aa28f11a4f31f2a3b86d1bba2cc8ab69827
2019-07-14 04:31:44,965 INFO  handler.ContextHandler (ContextHandler.java:doStart(781)) - Started o.e.j.s.ServletContextHandler@325162e9{/logs,file:///tmp/workdir/hadoop-ozone/integration-test/target/log,AVAILABLE}
2019-07-14 04:31:44,966 INFO  handler.ContextHandler (ContextHandler.java:doStart(781)) - Started o.e.j.s.ServletContextHandler@5c448ef{/static,jar:file:/home/user/.m2/repository/org/apache/hadoop/hadoop-hdds-container-service/0.5.0-SNAPSHOT/hadoop-hdds-container-service-0.5.0-SNAPSHOT.jar!/webapps/static,AVAILABLE}
2019-07-14 04:31:44,994 INFO  handler.ContextHandler (ContextHandler.java:doStart(781)) - Started o.e.j.w.WebAppContext@377dfb8d{/,file:///tmp/jetty-0.0.0.0-35127-hddsDatanode-_-any-4712655932462440492.dir/webapp/,AVAILABLE}{/hddsDatanode}
2019-07-14 04:31:44,994 INFO  server.AbstractConnector (AbstractConnector.java:doStart(278)) - Started ServerConnector@42a0786f{HTTP/1.1,[http/1.1]}{0.0.0.0:35127}
2019-07-14 04:31:44,995 INFO  server.Server (Server.java:doStart(419)) - Started @6877ms
2019-07-14 04:31:44,996 INFO  server.BaseHttpServer (BaseHttpServer.java:updateConnectorAddress(207)) - HTTP server of HDDSDATANODE is listening at http://0.0.0.0:35127
2019-07-14 04:31:45,117 INFO  ozone.HddsDatanodeService (HddsDatanodeService.java:startPlugins(396)) - Started plug-in org.apache.hadoop.ozone.web.OzoneHddsDatanodeService@165614f5
2019-07-14 04:31:45,118 INFO  impl.MetricsSystemImpl (MetricsSystemImpl.java:init(158)) - HddsDatanode metrics system started (again)
2019-07-14 04:31:45,118 INFO  ozone.HddsDatanodeService (HddsDatanodeService.java:start(185)) - HddsDatanodeService host:trunk-nightly-6h29n-2077950039 ip:192.168.5.157
2019-07-14 04:31:45,122 INFO  util.JvmPauseMonitor (JvmPauseMonitor.java:run(188)) - Starting JVM pause monitor
2019-07-14 04:31:45,124 INFO  datanode.InitDatanodeState (InitDatanodeState.java:persistContainerDatanodeDetails(140)) - DatanodeDetails is persisted to /tmp/workdir/hadoop-ozone/integration-test/target/test-dir/MiniOzoneClusterImpl-455df870-1475-4aa0-b7eb-6763b4ce75c6/datanode-5/meta/datanode.id
2019-07-14 04:31:45,128 INFO  volume.HddsVolume (HddsVolume.java:<init>(176)) - Creating Volume: /tmp/workdir/hadoop-ozone/integration-test/target/test-dir/MiniOzoneClusterImpl-455df870-1475-4aa0-b7eb-6763b4ce75c6/datanode-6/data/containers/hdds of  storage type : DISK and capacity : 52710309888
2019-07-14 04:31:45,128 INFO  volume.VolumeSet (VolumeSet.java:initializeVolumeSet(170)) - Added Volume : /tmp/workdir/hadoop-ozone/integration-test/target/test-dir/MiniOzoneClusterImpl-455df870-1475-4aa0-b7eb-6763b4ce75c6/datanode-6/data/containers/hdds to VolumeSet
2019-07-14 04:31:45,128 INFO  volume.ThrottledAsyncChecker (ThrottledAsyncChecker.java:schedule(140)) - Scheduling a check for org.apache.hadoop.ozone.container.common.volume.HddsVolume@103c97ff
2019-07-14 04:31:45,129 INFO  volume.HddsVolumeChecker (HddsVolumeChecker.java:checkAllVolumes(203)) - Scheduled health check for volume org.apache.hadoop.ozone.container.common.volume.HddsVolume@103c97ff
2019-07-14 04:31:45,142 INFO  impl.RaftServerProxy (ConfUtils.java:logGet(43)) - raft.rpc.type = GRPC (default)
2019-07-14 04:31:45,143 INFO  grpc.GrpcFactory (GrpcFactory.java:checkPooledByteBufAllocatorUseCacheForAllThreads(45)) - PERFORMANCE WARNING: useCacheForAllThreads is true that may cause Netty to create a lot garbage objects and, as a result, trigger GC.
	It is recommended to disable useCacheForAllThreads by setting -Dorg.apache.ratis.thirdparty.io.netty.allocator.useCacheForAllThreads=false in command line.
2019-07-14 04:31:45,143 INFO  grpc.GrpcConfigKeys$Server (ConfUtils.java:logGet(43)) - raft.grpc.server.port = 0 (default)
2019-07-14 04:31:45,143 INFO  server.GrpcService (ConfUtils.java:logGet(43)) - raft.grpc.message.size.max = 33570816 (custom)
2019-07-14 04:31:45,143 INFO  server.RaftServerConfigKeys (ConfUtils.java:logGet(43)) - raft.server.log.appender.buffer.byte-limit = 33554432 (custom)
2019-07-14 04:31:45,144 INFO  server.GrpcService (ConfUtils.java:logGet(43)) - raft.grpc.flow.control.window = 1MB (=1048576) (default)
2019-07-14 04:31:45,144 INFO  server.RaftServerConfigKeys (ConfUtils.java:logGet(43)) - raft.server.rpc.request.timeout = 3000ms (default)
2019-07-14 04:31:45,144 INFO  server.RaftServerConfigKeys (ConfUtils.java:logGet(43)) - raft.server.storage.dir = [/tmp/workdir/hadoop-ozone/integration-test/target/test-dir/MiniOzoneClusterImpl-455df870-1475-4aa0-b7eb-6763b4ce75c6/datanode-6/data/ratis] (custom)
2019-07-14 04:31:45,145 INFO  replication.SimpleContainerDownloader (SimpleContainerDownloader.java:<init>(72)) - Starting container downloader service to copy containers to replicate.
2019-07-14 04:31:45,146 INFO  hdfs.DFSUtil (DFSUtil.java:httpServerTemplateForNNAndJN(1641)) - Starting Web-server for hddsDatanode at: http://0.0.0.0:0
2019-07-14 04:31:45,147 INFO  server.AuthenticationFilter (AuthenticationFilter.java:constructSecretProvider(240)) - Unable to initialize FileSignerSecretProvider, falling back to use random secrets.
2019-07-14 04:31:45,147 WARN  http.HttpRequestLog (HttpRequestLog.java:getRequestLog(97)) - Jetty request log can only be enabled using Log4j
2019-07-14 04:31:45,199 INFO  http.HttpServer2 (HttpServer2.java:addGlobalFilter(975)) - Added global filter 'safety' (class=org.apache.hadoop.http.HttpServer2$QuotingInputFilter)
2019-07-14 04:31:45,200 INFO  http.HttpServer2 (HttpServer2.java:addFilter(948)) - Added filter static_user_filter (class=org.apache.hadoop.http.lib.StaticUserWebFilter$StaticUserFilter) to context hddsDatanode
2019-07-14 04:31:45,201 INFO  http.HttpServer2 (HttpServer2.java:addFilter(958)) - Added filter static_user_filter (class=org.apache.hadoop.http.lib.StaticUserWebFilter$StaticUserFilter) to context logs
2019-07-14 04:31:45,201 INFO  http.HttpServer2 (HttpServer2.java:addFilter(958)) - Added filter static_user_filter (class=org.apache.hadoop.http.lib.StaticUserWebFilter$StaticUserFilter) to context static
2019-07-14 04:31:45,204 INFO  http.HttpServer2 (HttpServer2.java:bindListener(1191)) - Jetty bound to port 41470
2019-07-14 04:31:45,205 INFO  server.Server (Server.java:doStart(351)) - jetty-9.3.24.v20180605, build timestamp: 2018-06-05T17:11:56Z, git hash: 84205aa28f11a4f31f2a3b86d1bba2cc8ab69827
2019-07-14 04:31:45,210 INFO  handler.ContextHandler (ContextHandler.java:doStart(781)) - Started o.e.j.s.ServletContextHandler@35fa450f{/logs,file:///tmp/workdir/hadoop-ozone/integration-test/target/log,AVAILABLE}
2019-07-14 04:31:45,211 INFO  handler.ContextHandler (ContextHandler.java:doStart(781)) - Started o.e.j.s.ServletContextHandler@9b3be1c{/static,jar:file:/home/user/.m2/repository/org/apache/hadoop/hadoop-hdds-container-service/0.5.0-SNAPSHOT/hadoop-hdds-container-service-0.5.0-SNAPSHOT.jar!/webapps/static,AVAILABLE}
2019-07-14 04:31:45,259 INFO  handler.ContextHandler (ContextHandler.java:doStart(781)) - Started o.e.j.w.WebAppContext@4c7d7430{/,file:///tmp/jetty-0.0.0.0-41470-hddsDatanode-_-any-8801091786716301396.dir/webapp/,AVAILABLE}{/hddsDatanode}
2019-07-14 04:31:45,259 INFO  server.AbstractConnector (AbstractConnector.java:doStart(278)) - Started ServerConnector@4ea1aa52{HTTP/1.1,[http/1.1]}{0.0.0.0:41470}
2019-07-14 04:31:45,261 INFO  server.Server (Server.java:doStart(419)) - Started @7142ms
2019-07-14 04:31:45,261 INFO  server.BaseHttpServer (BaseHttpServer.java:updateConnectorAddress(207)) - HTTP server of HDDSDATANODE is listening at http://0.0.0.0:41470
2019-07-14 04:31:45,394 INFO  ozone.HddsDatanodeService (HddsDatanodeService.java:startPlugins(396)) - Started plug-in org.apache.hadoop.ozone.web.OzoneHddsDatanodeService@da09250
2019-07-14 04:31:45,397 INFO  ozone.MiniOzoneClusterImpl (MiniOzoneClusterImpl.java:lambda$waitForClusterToBeReady$0(142)) - Waiting for cluster to be ready. Got 0 of 7 DN Heartbeats.
2019-07-14 04:31:45,397 INFO  util.JvmPauseMonitor (JvmPauseMonitor.java:run(188)) - Starting JVM pause monitor
2019-07-14 04:31:45,400 INFO  datanode.InitDatanodeState (InitDatanodeState.java:persistContainerDatanodeDetails(140)) - DatanodeDetails is persisted to /tmp/workdir/hadoop-ozone/integration-test/target/test-dir/MiniOzoneClusterImpl-455df870-1475-4aa0-b7eb-6763b4ce75c6/datanode-6/meta/datanode.id
2019-07-14 04:31:46,092 INFO  ozoneimpl.OzoneContainer (OzoneContainer.java:start(186)) - Attempting to start container services.
2019-07-14 04:31:46,095 INFO  ozoneimpl.OzoneContainer (OzoneContainer.java:startContainerScrub(160)) - Background container scrubber has been disabled by hdds.containerscrub.enabled
2019-07-14 04:31:46,095 INFO  ratis.XceiverServerRatis (XceiverServerRatis.java:start(418)) - Starting XceiverServerRatis 32916481-1fc8-4c47-883e-a397dbd42f32 at port 0
2019-07-14 04:31:46,121 INFO  impl.RaftServerProxy (RaftServerProxy.java:lambda$start$3(299)) - 32916481-1fc8-4c47-883e-a397dbd42f32: start RPC server
2019-07-14 04:31:46,278 INFO  server.GrpcService (GrpcService.java:startImpl(149)) - 32916481-1fc8-4c47-883e-a397dbd42f32: GrpcService started, listening on 0.0.0.0/0.0.0.0:36095
2019-07-14 04:31:46,279 INFO  ratis.XceiverServerRatis (XceiverServerRatis.java:start(428)) - XceiverServerRatis 32916481-1fc8-4c47-883e-a397dbd42f32 is started using port 36095
2019-07-14 04:31:46,281 INFO  server.XceiverServerGrpc (XceiverServerGrpc.java:start(161)) - XceiverServerGrpc 32916481-1fc8-4c47-883e-a397dbd42f32 is started using port 39517
2019-07-14 04:31:46,324 INFO  ozoneimpl.OzoneContainer (OzoneContainer.java:start(186)) - Attempting to start container services.
2019-07-14 04:31:46,327 INFO  ozoneimpl.OzoneContainer (OzoneContainer.java:startContainerScrub(160)) - Background container scrubber has been disabled by hdds.containerscrub.enabled
2019-07-14 04:31:46,327 INFO  ratis.XceiverServerRatis (XceiverServerRatis.java:start(418)) - Starting XceiverServerRatis 6c5654d4-b68b-4990-ae23-e5ea3909aeb5 at port 0
2019-07-14 04:31:46,335 INFO  impl.RaftServerProxy (RaftServerProxy.java:lambda$start$3(299)) - 6c5654d4-b68b-4990-ae23-e5ea3909aeb5: start RPC server
2019-07-14 04:31:46,339 INFO  server.GrpcService (GrpcService.java:startImpl(149)) - 6c5654d4-b68b-4990-ae23-e5ea3909aeb5: GrpcService started, listening on 0.0.0.0/0.0.0.0:43265
2019-07-14 04:31:46,339 INFO  ratis.XceiverServerRatis (XceiverServerRatis.java:start(428)) - XceiverServerRatis 6c5654d4-b68b-4990-ae23-e5ea3909aeb5 is started using port 43265
2019-07-14 04:31:46,343 INFO  server.XceiverServerGrpc (XceiverServerGrpc.java:start(161)) - XceiverServerGrpc 6c5654d4-b68b-4990-ae23-e5ea3909aeb5 is started using port 46519
2019-07-14 04:31:46,397 INFO  ozone.MiniOzoneClusterImpl (MiniOzoneClusterImpl.java:lambda$waitForClusterToBeReady$0(142)) - Waiting for cluster to be ready. Got 0 of 7 DN Heartbeats.
2019-07-14 04:31:46,552 INFO  ozoneimpl.OzoneContainer (OzoneContainer.java:start(186)) - Attempting to start container services.
2019-07-14 04:31:46,555 INFO  ozoneimpl.OzoneContainer (OzoneContainer.java:startContainerScrub(160)) - Background container scrubber has been disabled by hdds.containerscrub.enabled
2019-07-14 04:31:46,555 INFO  ratis.XceiverServerRatis (XceiverServerRatis.java:start(418)) - Starting XceiverServerRatis 31ff6b63-f2c0-4895-83c0-1f591020bcf1 at port 0
2019-07-14 04:31:46,564 INFO  impl.RaftServerProxy (RaftServerProxy.java:lambda$start$3(299)) - 31ff6b63-f2c0-4895-83c0-1f591020bcf1: start RPC server
2019-07-14 04:31:46,568 INFO  server.GrpcService (GrpcService.java:startImpl(149)) - 31ff6b63-f2c0-4895-83c0-1f591020bcf1: GrpcService started, listening on 0.0.0.0/0.0.0.0:44454
2019-07-14 04:31:46,568 INFO  ratis.XceiverServerRatis (XceiverServerRatis.java:start(428)) - XceiverServerRatis 31ff6b63-f2c0-4895-83c0-1f591020bcf1 is started using port 44454
2019-07-14 04:31:46,571 INFO  server.XceiverServerGrpc (XceiverServerGrpc.java:start(161)) - XceiverServerGrpc 31ff6b63-f2c0-4895-83c0-1f591020bcf1 is started using port 36207
2019-07-14 04:31:46,736 INFO  ozoneimpl.OzoneContainer (OzoneContainer.java:start(186)) - Attempting to start container services.
2019-07-14 04:31:46,742 INFO  ozoneimpl.OzoneContainer (OzoneContainer.java:startContainerScrub(160)) - Background container scrubber has been disabled by hdds.containerscrub.enabled
2019-07-14 04:31:46,742 INFO  ratis.XceiverServerRatis (XceiverServerRatis.java:start(418)) - Starting XceiverServerRatis 4b848755-ec7d-41fe-ad2c-918441e7cc49 at port 0
2019-07-14 04:31:46,753 INFO  impl.RaftServerProxy (RaftServerProxy.java:lambda$start$3(299)) - 4b848755-ec7d-41fe-ad2c-918441e7cc49: start RPC server
2019-07-14 04:31:46,757 INFO  server.GrpcService (GrpcService.java:startImpl(149)) - 4b848755-ec7d-41fe-ad2c-918441e7cc49: GrpcService started, listening on 0.0.0.0/0.0.0.0:38032
2019-07-14 04:31:46,757 INFO  ratis.XceiverServerRatis (XceiverServerRatis.java:start(428)) - XceiverServerRatis 4b848755-ec7d-41fe-ad2c-918441e7cc49 is started using port 38032
2019-07-14 04:31:46,761 INFO  server.XceiverServerGrpc (XceiverServerGrpc.java:start(161)) - XceiverServerGrpc 4b848755-ec7d-41fe-ad2c-918441e7cc49 is started using port 39495
2019-07-14 04:31:46,935 INFO  ozoneimpl.OzoneContainer (OzoneContainer.java:start(186)) - Attempting to start container services.
2019-07-14 04:31:46,935 INFO  ozoneimpl.OzoneContainer (OzoneContainer.java:startContainerScrub(160)) - Background container scrubber has been disabled by hdds.containerscrub.enabled
2019-07-14 04:31:46,936 INFO  ratis.XceiverServerRatis (XceiverServerRatis.java:start(418)) - Starting XceiverServerRatis 721d6aec-94ee-4930-b1a7-ce6c41ecc1c6 at port 0
2019-07-14 04:31:46,946 INFO  impl.RaftServerProxy (RaftServerProxy.java:lambda$start$3(299)) - 721d6aec-94ee-4930-b1a7-ce6c41ecc1c6: start RPC server
2019-07-14 04:31:46,950 INFO  server.GrpcService (GrpcService.java:startImpl(149)) - 721d6aec-94ee-4930-b1a7-ce6c41ecc1c6: GrpcService started, listening on 0.0.0.0/0.0.0.0:40344
2019-07-14 04:31:46,951 INFO  ratis.XceiverServerRatis (XceiverServerRatis.java:start(428)) - XceiverServerRatis 721d6aec-94ee-4930-b1a7-ce6c41ecc1c6 is started using port 40344
2019-07-14 04:31:46,954 INFO  server.XceiverServerGrpc (XceiverServerGrpc.java:start(161)) - XceiverServerGrpc 721d6aec-94ee-4930-b1a7-ce6c41ecc1c6 is started using port 42861
2019-07-14 04:31:47,137 INFO  ozoneimpl.OzoneContainer (OzoneContainer.java:start(186)) - Attempting to start container services.
2019-07-14 04:31:47,137 INFO  ozoneimpl.OzoneContainer (OzoneContainer.java:startContainerScrub(160)) - Background container scrubber has been disabled by hdds.containerscrub.enabled
2019-07-14 04:31:47,137 INFO  ratis.XceiverServerRatis (XceiverServerRatis.java:start(418)) - Starting XceiverServerRatis a3c2c22c-63c3-4393-9cc5-d0f3199441a0 at port 0
2019-07-14 04:31:47,147 INFO  impl.RaftServerProxy (RaftServerProxy.java:lambda$start$3(299)) - a3c2c22c-63c3-4393-9cc5-d0f3199441a0: start RPC server
2019-07-14 04:31:47,152 INFO  server.GrpcService (GrpcService.java:startImpl(149)) - a3c2c22c-63c3-4393-9cc5-d0f3199441a0: GrpcService started, listening on 0.0.0.0/0.0.0.0:37667
2019-07-14 04:31:47,152 INFO  ratis.XceiverServerRatis (XceiverServerRatis.java:start(428)) - XceiverServerRatis a3c2c22c-63c3-4393-9cc5-d0f3199441a0 is started using port 37667
2019-07-14 04:31:47,156 INFO  server.XceiverServerGrpc (XceiverServerGrpc.java:start(161)) - XceiverServerGrpc a3c2c22c-63c3-4393-9cc5-d0f3199441a0 is started using port 42555
2019-07-14 04:31:47,398 INFO  ozone.MiniOzoneClusterImpl (MiniOzoneClusterImpl.java:lambda$waitForClusterToBeReady$0(142)) - Waiting for cluster to be ready. Got 0 of 7 DN Heartbeats.
2019-07-14 04:31:47,407 INFO  ozoneimpl.OzoneContainer (OzoneContainer.java:start(186)) - Attempting to start container services.
2019-07-14 04:31:47,407 INFO  ozoneimpl.OzoneContainer (OzoneContainer.java:startContainerScrub(160)) - Background container scrubber has been disabled by hdds.containerscrub.enabled
2019-07-14 04:31:47,407 INFO  ratis.XceiverServerRatis (XceiverServerRatis.java:start(418)) - Starting XceiverServerRatis 9e73fbb7-ac7c-4586-b557-95e629bce8e9 at port 0
2019-07-14 04:31:47,416 INFO  impl.RaftServerProxy (RaftServerProxy.java:lambda$start$3(299)) - 9e73fbb7-ac7c-4586-b557-95e629bce8e9: start RPC server
2019-07-14 04:31:47,421 INFO  server.GrpcService (GrpcService.java:startImpl(149)) - 9e73fbb7-ac7c-4586-b557-95e629bce8e9: GrpcService started, listening on 0.0.0.0/0.0.0.0:35468
2019-07-14 04:31:47,421 INFO  ratis.XceiverServerRatis (XceiverServerRatis.java:start(428)) - XceiverServerRatis 9e73fbb7-ac7c-4586-b557-95e629bce8e9 is started using port 35468
2019-07-14 04:31:47,425 INFO  server.XceiverServerGrpc (XceiverServerGrpc.java:start(161)) - XceiverServerGrpc 9e73fbb7-ac7c-4586-b557-95e629bce8e9 is started using port 42295
2019-07-14 04:31:48,096 INFO  net.NetworkTopology (NetworkTopologyImpl.java:add(110)) - Added a new node: /default-rack/192.168.5.157
2019-07-14 04:31:48,099 INFO  node.SCMNodeManager (SCMNodeManager.java:register(269)) - Registered Data node : 32916481-1fc8-4c47-883e-a397dbd42f32{ip: 192.168.5.157, host: trunk-nightly-6h29n-2077950039, networkLocation: /default-rack, certSerialId: null}
2019-07-14 04:31:48,104 INFO  safemode.SCMSafeModeManager (DataNodeSafeModeRule.java:process(71)) - SCM in safe mode. 1 DataNodes registered, 1 required.
2019-07-14 04:31:48,104 INFO  safemode.SCMSafeModeManager (SCMSafeModeManager.java:validateSafeModeExitRules(177)) - ScmSafeModeManager, all rules are successfully validated
2019-07-14 04:31:48,104 INFO  safemode.SCMSafeModeManager (SCMSafeModeManager.java:exitSafeMode(193)) - SCM exiting safe mode.
2019-07-14 04:31:48,311 INFO  node.SCMNodeManager (SCMNodeManager.java:register(269)) - Registered Data node : 6c5654d4-b68b-4990-ae23-e5ea3909aeb5{ip: 192.168.5.157, host: trunk-nightly-6h29n-2077950039, networkLocation: /default-rack, certSerialId: null}
2019-07-14 04:31:48,400 INFO  ozone.MiniOzoneClusterImpl (MiniOzoneClusterImpl.java:lambda$waitForClusterToBeReady$0(142)) - Waiting for cluster to be ready. Got 2 of 7 DN Heartbeats.
2019-07-14 04:31:48,541 INFO  node.SCMNodeManager (SCMNodeManager.java:register(269)) - Registered Data node : 31ff6b63-f2c0-4895-83c0-1f591020bcf1{ip: 192.168.5.157, host: trunk-nightly-6h29n-2077950039, networkLocation: /default-rack, certSerialId: null}
2019-07-14 04:31:49,009 INFO  node.SCMNodeManager (SCMNodeManager.java:register(269)) - Registered Data node : 721d6aec-94ee-4930-b1a7-ce6c41ecc1c6{ip: 192.168.5.157, host: trunk-nightly-6h29n-2077950039, networkLocation: /default-rack, certSerialId: null}
2019-07-14 04:31:49,030 INFO  node.SCMNodeManager (SCMNodeManager.java:register(269)) - Registered Data node : 4b848755-ec7d-41fe-ad2c-918441e7cc49{ip: 192.168.5.157, host: trunk-nightly-6h29n-2077950039, networkLocation: /default-rack, certSerialId: null}
2019-07-14 04:31:49,055 INFO  impl.RaftServerProxy (RaftServerProxy.java:addNew(89)) - 32916481-1fc8-4c47-883e-a397dbd42f32: addNew group-387127F0927D:[32916481-1fc8-4c47-883e-a397dbd42f32:192.168.5.157:36095] returns group-387127F0927D:java.util.concurrent.CompletableFuture@505ecff1[Not completed]
2019-07-14 04:31:49,074 INFO  impl.RaftServerImpl (RaftServerImpl.java:<init>(93)) - 32916481-1fc8-4c47-883e-a397dbd42f32: new RaftServerImpl for group-387127F0927D:[32916481-1fc8-4c47-883e-a397dbd42f32:192.168.5.157:36095] with ContainerStateMachine:uninitialized
2019-07-14 04:31:49,076 INFO  server.RaftServerConfigKeys (ConfUtils.java:logGet(43)) - raft.server.rpc.timeout.min = 5s (custom)
2019-07-14 04:31:49,078 INFO  server.RaftServerConfigKeys (ConfUtils.java:logGet(43)) - raft.server.rpc.timeout.max = 5200ms (custom)
2019-07-14 04:31:49,078 INFO  server.RaftServerConfigKeys (ConfUtils.java:logGet(43)) - raft.server.rpcslowness.timeout = 120s (custom)
2019-07-14 04:31:49,079 INFO  server.RaftServerConfigKeys (ConfUtils.java:logGet(43)) - raft.server.sleep.deviation.threshold = 300 (default)
2019-07-14 04:31:49,080 INFO  server.RaftServerConfigKeys (ConfUtils.java:logGet(43)) - raft.server.log.appender.install.snapshot.enabled = false (custom)
2019-07-14 04:31:49,090 INFO  impl.RaftServerImpl (ServerState.java:<init>(105)) - 32916481-1fc8-4c47-883e-a397dbd42f32:group-387127F0927D ConfigurationManager, init=-1: [32916481-1fc8-4c47-883e-a397dbd42f32:192.168.5.157:36095], old=null, confs=<EMPTY_MAP>
2019-07-14 04:31:49,090 INFO  server.RaftServerConfigKeys (ConfUtils.java:logGet(43)) - raft.server.storage.dir = [/tmp/workdir/hadoop-ozone/integration-test/target/test-dir/MiniOzoneClusterImpl-455df870-1475-4aa0-b7eb-6763b4ce75c6/datanode-0/data/ratis] (custom)
2019-07-14 04:31:49,100 INFO  storage.RaftStorageDirectory (RaftStorageDirectory.java:analyzeStorage(246)) - The storage directory /tmp/workdir/hadoop-ozone/integration-test/target/test-dir/MiniOzoneClusterImpl-455df870-1475-4aa0-b7eb-6763b4ce75c6/datanode-0/data/ratis/e813467e-7034-4068-9489-387127f0927d does not exist. Creating ...
2019-07-14 04:31:49,109 INFO  storage.RaftStorageDirectory (RaftStorageDirectory.java:tryLock(328)) - Lock on /tmp/workdir/hadoop-ozone/integration-test/target/test-dir/MiniOzoneClusterImpl-455df870-1475-4aa0-b7eb-6763b4ce75c6/datanode-0/data/ratis/e813467e-7034-4068-9489-387127f0927d/in_use.lock acquired by nodename 7555@trunk-nightly-6h29n-2077950039
2019-07-14 04:31:49,124 INFO  storage.RaftStorage (RaftStorage.java:format(72)) - Storage directory /tmp/workdir/hadoop-ozone/integration-test/target/test-dir/MiniOzoneClusterImpl-455df870-1475-4aa0-b7eb-6763b4ce75c6/datanode-0/data/ratis/e813467e-7034-4068-9489-387127f0927d has been successfully formatted.
2019-07-14 04:31:49,125 INFO  node.SCMNodeManager (SCMNodeManager.java:register(269)) - Registered Data node : a3c2c22c-63c3-4393-9cc5-d0f3199441a0{ip: 192.168.5.157, host: trunk-nightly-6h29n-2077950039, networkLocation: /default-rack, certSerialId: null}
2019-07-14 04:31:49,127 INFO  ratis.ContainerStateMachine (ContainerStateMachine.java:loadSnapshot(200)) - The snapshot info is null.Setting the last applied index to:(t:0, i:~)
2019-07-14 04:31:49,128 INFO  server.RaftServerConfigKeys (ConfUtils.java:logGet(43)) - raft.server.leader.election.timeout = 120s (custom)
2019-07-14 04:31:49,130 INFO  server.RaftServerConfigKeys (ConfUtils.java:logGet(43)) - raft.server.log.use.memory = false (default)
2019-07-14 04:31:49,136 INFO  server.RaftServerConfigKeys (ConfUtils.java:logGet(43)) - raft.server.log.purge.gap = 1000000000 (custom)
2019-07-14 04:31:49,137 INFO  server.RaftServerConfigKeys (ConfUtils.java:logGet(43)) - raft.server.log.appender.buffer.byte-limit = 33554432 (custom)
2019-07-14 04:31:49,139 INFO  server.RaftServerConfigKeys (ConfUtils.java:logGet(43)) - raft.server.log.segment.size.max = 1048576 (custom)
2019-07-14 04:31:49,144 INFO  server.RaftServerConfigKeys (ConfUtils.java:logGet(43)) - raft.server.log.segment.cache.num.max = 2 (custom)
2019-07-14 04:31:49,150 INFO  segmented.SegmentedRaftLogWorker (SegmentedRaftLogWorker.java:<init>(172)) - new 32916481-1fc8-4c47-883e-a397dbd42f32-SegmentedRaftLogWorker:Storage Directory /tmp/workdir/hadoop-ozone/integration-test/target/test-dir/MiniOzoneClusterImpl-455df870-1475-4aa0-b7eb-6763b4ce75c6/datanode-0/data/ratis/e813467e-7034-4068-9489-387127f0927d for RaftStorage:Storage Directory /tmp/workdir/hadoop-ozone/integration-test/target/test-dir/MiniOzoneClusterImpl-455df870-1475-4aa0-b7eb-6763b4ce75c6/datanode-0/data/ratis/e813467e-7034-4068-9489-387127f0927d
2019-07-14 04:31:49,162 INFO  server.RaftServerConfigKeys (ConfUtils.java:logGet(43)) - raft.server.log.queue.byte-limit = 2147483647 (custom)
2019-07-14 04:31:49,162 INFO  server.RaftServerConfigKeys (ConfUtils.java:logGet(43)) - raft.server.log.queue.element-limit = 1024 (custom)
2019-07-14 04:31:49,167 INFO  server.RaftServerConfigKeys (ConfUtils.java:logGet(43)) - raft.server.log.segment.size.max = 1048576 (custom)
2019-07-14 04:31:49,167 INFO  server.RaftServerConfigKeys (ConfUtils.java:logGet(43)) - raft.server.log.preallocated.size = 16384 (custom)
2019-07-14 04:31:49,168 INFO  server.RaftServerConfigKeys (ConfUtils.java:logGet(43)) - raft.server.log.write.buffer.size = 33554432 (custom)
2019-07-14 04:31:49,168 INFO  server.RaftServerConfigKeys (ConfUtils.java:logGet(43)) - raft.server.log.force.sync.num = 128 (default)
2019-07-14 04:31:49,169 INFO  server.RaftServerConfigKeys (ConfUtils.java:logGet(43)) - raft.server.log.statemachine.data.sync = true (default)
2019-07-14 04:31:49,169 INFO  server.RaftServerConfigKeys (ConfUtils.java:logGet(43)) - raft.server.log.statemachine.data.sync.timeout = 10s (default)
2019-07-14 04:31:49,170 INFO  server.RaftServerConfigKeys (ConfUtils.java:logGet(43)) - raft.server.log.statemachine.data.sync.timeout.retry = -1 (default)
2019-07-14 04:31:49,178 INFO  server.RaftServerConfigKeys (ConfUtils.java:logGet(43)) - raft.server.log.statemachine.data.caching.enabled = true (custom)
2019-07-14 04:31:49,182 INFO  segmented.SegmentedRaftLogWorker (SegmentedRaftLogWorker.java:lambda$new$0(132)) - 32916481-1fc8-4c47-883e-a397dbd42f32-SegmentedRaftLogWorker:Storage Directory /tmp/workdir/hadoop-ozone/integration-test/target/test-dir/MiniOzoneClusterImpl-455df870-1475-4aa0-b7eb-6763b4ce75c6/datanode-0/data/ratis/e813467e-7034-4068-9489-387127f0927d: flushIndex: setUnconditionally 0 -> -1
2019-07-14 04:31:49,186 INFO  server.RaftServerConfigKeys (ConfUtils.java:logGet(43)) - raft.server.snapshot.auto.trigger.enabled = true (custom)
2019-07-14 04:31:49,187 INFO  server.RaftServerConfigKeys (ConfUtils.java:logGet(43)) - raft.server.snapshot.auto.trigger.threshold = 10000 (custom)
2019-07-14 04:31:49,187 INFO  server.RaftServerConfigKeys (ConfUtils.java:logGet(43)) - raft.server.retrycache.expirytime = 600000ms (custom)
2019-07-14 04:31:49,206 INFO  impl.RaftServerImpl (RaftServerImpl.java:start(180)) - 32916481-1fc8-4c47-883e-a397dbd42f32: start group-387127F0927D
2019-07-14 04:31:49,207 INFO  impl.RaftServerImpl (RaftServerImpl.java:setRole(171)) - 32916481-1fc8-4c47-883e-a397dbd42f32:group-387127F0927D changes role from null to FOLLOWER at term 0 for startAsFollower
2019-07-14 04:31:49,208 INFO  impl.RoleInfo (RoleInfo.java:updateAndGet(143)) - 32916481-1fc8-4c47-883e-a397dbd42f32: start FollowerState
2019-07-14 04:31:49,209 INFO  util.JmxRegister (JmxRegister.java:tryRegister(44)) - Successfully registered JMX Bean with object name Ratis:service=RaftServer,group=group-387127F0927D,id=32916481-1fc8-4c47-883e-a397dbd42f32
2019-07-14 04:31:49,272 INFO  pipeline.PipelineStateManager (PipelineStateManager.java:addPipeline(56)) - Created pipeline Pipeline[ Id: e813467e-7034-4068-9489-387127f0927d, Nodes: 32916481-1fc8-4c47-883e-a397dbd42f32{ip: 192.168.5.157, host: trunk-nightly-6h29n-2077950039, networkLocation: /default-rack, certSerialId: null}, Type:RATIS, Factor:ONE, State:OPEN]
2019-07-14 04:31:49,302 INFO  impl.RaftServerProxy (RaftServerProxy.java:addNew(89)) - 31ff6b63-f2c0-4895-83c0-1f591020bcf1: addNew group-3B9793121901:[31ff6b63-f2c0-4895-83c0-1f591020bcf1:192.168.5.157:44454] returns group-3B9793121901:java.util.concurrent.CompletableFuture@7e35d267[Not completed]
2019-07-14 04:31:49,349 INFO  impl.RaftServerImpl (RaftServerImpl.java:<init>(93)) - 31ff6b63-f2c0-4895-83c0-1f591020bcf1: new RaftServerImpl for group-3B9793121901:[31ff6b63-f2c0-4895-83c0-1f591020bcf1:192.168.5.157:44454] with ContainerStateMachine:uninitialized
2019-07-14 04:31:49,351 INFO  server.RaftServerConfigKeys (ConfUtils.java:logGet(43)) - raft.server.rpc.timeout.min = 5s (custom)
2019-07-14 04:31:49,351 INFO  server.RaftServerConfigKeys (ConfUtils.java:logGet(43)) - raft.server.rpc.timeout.max = 5200ms (custom)
2019-07-14 04:31:49,351 INFO  server.RaftServerConfigKeys (ConfUtils.java:logGet(43)) - raft.server.rpcslowness.timeout = 120s (custom)
2019-07-14 04:31:49,351 INFO  server.RaftServerConfigKeys (ConfUtils.java:logGet(43)) - raft.server.sleep.deviation.threshold = 300 (default)
2019-07-14 04:31:49,351 INFO  server.RaftServerConfigKeys (ConfUtils.java:logGet(43)) - raft.server.log.appender.install.snapshot.enabled = false (custom)
2019-07-14 04:31:49,351 INFO  impl.RaftServerImpl (ServerState.java:<init>(105)) - 31ff6b63-f2c0-4895-83c0-1f591020bcf1:group-3B9793121901 ConfigurationManager, init=-1: [31ff6b63-f2c0-4895-83c0-1f591020bcf1:192.168.5.157:44454], old=null, confs=<EMPTY_MAP>
2019-07-14 04:31:49,352 INFO  server.RaftServerConfigKeys (ConfUtils.java:logGet(43)) - raft.server.storage.dir = [/tmp/workdir/hadoop-ozone/integration-test/target/test-dir/MiniOzoneClusterImpl-455df870-1475-4aa0-b7eb-6763b4ce75c6/datanode-2/data/ratis] (custom)
2019-07-14 04:31:49,352 INFO  storage.RaftStorageDirectory (RaftStorageDirectory.java:analyzeStorage(246)) - The storage directory /tmp/workdir/hadoop-ozone/integration-test/target/test-dir/MiniOzoneClusterImpl-455df870-1475-4aa0-b7eb-6763b4ce75c6/datanode-2/data/ratis/f83f7f1a-2a19-4798-bc2c-3b9793121901 does not exist. Creating ...
2019-07-14 04:31:49,358 INFO  storage.RaftStorageDirectory (RaftStorageDirectory.java:tryLock(328)) - Lock on /tmp/workdir/hadoop-ozone/integration-test/target/test-dir/MiniOzoneClusterImpl-455df870-1475-4aa0-b7eb-6763b4ce75c6/datanode-2/data/ratis/f83f7f1a-2a19-4798-bc2c-3b9793121901/in_use.lock acquired by nodename 7555@trunk-nightly-6h29n-2077950039
2019-07-14 04:31:49,362 INFO  storage.RaftStorage (RaftStorage.java:format(72)) - Storage directory /tmp/workdir/hadoop-ozone/integration-test/target/test-dir/MiniOzoneClusterImpl-455df870-1475-4aa0-b7eb-6763b4ce75c6/datanode-2/data/ratis/f83f7f1a-2a19-4798-bc2c-3b9793121901 has been successfully formatted.
2019-07-14 04:31:49,363 INFO  ratis.ContainerStateMachine (ContainerStateMachine.java:loadSnapshot(200)) - The snapshot info is null.Setting the last applied index to:(t:0, i:~)
2019-07-14 04:31:49,364 INFO  server.RaftServerConfigKeys (ConfUtils.java:logGet(43)) - raft.server.leader.election.timeout = 120s (custom)
2019-07-14 04:31:49,364 INFO  server.RaftServerConfigKeys (ConfUtils.java:logGet(43)) - raft.server.log.use.memory = false (default)
2019-07-14 04:31:49,365 INFO  server.RaftServerConfigKeys (ConfUtils.java:logGet(43)) - raft.server.log.purge.gap = 1000000000 (custom)
2019-07-14 04:31:49,365 INFO  server.RaftServerConfigKeys (ConfUtils.java:logGet(43)) - raft.server.log.appender.buffer.byte-limit = 33554432 (custom)
2019-07-14 04:31:49,365 INFO  server.RaftServerConfigKeys (ConfUtils.java:logGet(43)) - raft.server.log.segment.size.max = 1048576 (custom)
2019-07-14 04:31:49,365 INFO  server.RaftServerConfigKeys (ConfUtils.java:logGet(43)) - raft.server.log.segment.cache.num.max = 2 (custom)
2019-07-14 04:31:49,365 INFO  segmented.SegmentedRaftLogWorker (SegmentedRaftLogWorker.java:<init>(172)) - new 31ff6b63-f2c0-4895-83c0-1f591020bcf1-SegmentedRaftLogWorker:Storage Directory /tmp/workdir/hadoop-ozone/integration-test/target/test-dir/MiniOzoneClusterImpl-455df870-1475-4aa0-b7eb-6763b4ce75c6/datanode-2/data/ratis/f83f7f1a-2a19-4798-bc2c-3b9793121901 for RaftStorage:Storage Directory /tmp/workdir/hadoop-ozone/integration-test/target/test-dir/MiniOzoneClusterImpl-455df870-1475-4aa0-b7eb-6763b4ce75c6/datanode-2/data/ratis/f83f7f1a-2a19-4798-bc2c-3b9793121901
2019-07-14 04:31:49,367 INFO  server.RaftServerConfigKeys (ConfUtils.java:logGet(43)) - raft.server.log.queue.byte-limit = 2147483647 (custom)
2019-07-14 04:31:49,367 INFO  server.RaftServerConfigKeys (ConfUtils.java:logGet(43)) - raft.server.log.queue.element-limit = 1024 (custom)
2019-07-14 04:31:49,367 INFO  server.RaftServerConfigKeys (ConfUtils.java:logGet(43)) - raft.server.log.segment.size.max = 1048576 (custom)
2019-07-14 04:31:49,368 INFO  server.RaftServerConfigKeys (ConfUtils.java:logGet(43)) - raft.server.log.preallocated.size = 16384 (custom)
2019-07-14 04:31:49,368 INFO  server.RaftServerConfigKeys (ConfUtils.java:logGet(43)) - raft.server.log.write.buffer.size = 33554432 (custom)
2019-07-14 04:31:49,368 INFO  server.RaftServerConfigKeys (ConfUtils.java:logGet(43)) - raft.server.log.force.sync.num = 128 (default)
2019-07-14 04:31:49,368 INFO  server.RaftServerConfigKeys (ConfUtils.java:logGet(43)) - raft.server.log.statemachine.data.sync = true (default)
2019-07-14 04:31:49,368 INFO  server.RaftServerConfigKeys (ConfUtils.java:logGet(43)) - raft.server.log.statemachine.data.sync.timeout = 10s (default)
2019-07-14 04:31:49,368 INFO  server.RaftServerConfigKeys (ConfUtils.java:logGet(43)) - raft.server.log.statemachine.data.sync.timeout.retry = -1 (default)
2019-07-14 04:31:49,369 INFO  server.RaftServerConfigKeys (ConfUtils.java:logGet(43)) - raft.server.log.statemachine.data.caching.enabled = true (custom)
2019-07-14 04:31:49,369 INFO  segmented.SegmentedRaftLogWorker (SegmentedRaftLogWorker.java:lambda$new$0(132)) - 31ff6b63-f2c0-4895-83c0-1f591020bcf1-SegmentedRaftLogWorker:Storage Directory /tmp/workdir/hadoop-ozone/integration-test/target/test-dir/MiniOzoneClusterImpl-455df870-1475-4aa0-b7eb-6763b4ce75c6/datanode-2/data/ratis/f83f7f1a-2a19-4798-bc2c-3b9793121901: flushIndex: setUnconditionally 0 -> -1
2019-07-14 04:31:49,370 INFO  server.RaftServerConfigKeys (ConfUtils.java:logGet(43)) - raft.server.snapshot.auto.trigger.enabled = true (custom)
2019-07-14 04:31:49,370 INFO  server.RaftServerConfigKeys (ConfUtils.java:logGet(43)) - raft.server.snapshot.auto.trigger.threshold = 10000 (custom)
2019-07-14 04:31:49,370 INFO  server.RaftServerConfigKeys (ConfUtils.java:logGet(43)) - raft.server.retrycache.expirytime = 600000ms (custom)
2019-07-14 04:31:49,370 INFO  impl.RaftServerImpl (RaftServerImpl.java:start(180)) - 31ff6b63-f2c0-4895-83c0-1f591020bcf1: start group-3B9793121901
2019-07-14 04:31:49,371 INFO  impl.RaftServerImpl (RaftServerImpl.java:setRole(171)) - 31ff6b63-f2c0-4895-83c0-1f591020bcf1:group-3B9793121901 changes role from null to FOLLOWER at term 0 for startAsFollower
2019-07-14 04:31:49,371 INFO  impl.RoleInfo (RoleInfo.java:updateAndGet(143)) - 31ff6b63-f2c0-4895-83c0-1f591020bcf1: start FollowerState
2019-07-14 04:31:49,372 INFO  util.JmxRegister (JmxRegister.java:tryRegister(44)) - Successfully registered JMX Bean with object name Ratis:service=RaftServer,group=group-3B9793121901,id=31ff6b63-f2c0-4895-83c0-1f591020bcf1
2019-07-14 04:31:49,385 INFO  pipeline.PipelineStateManager (PipelineStateManager.java:addPipeline(56)) - Created pipeline Pipeline[ Id: f83f7f1a-2a19-4798-bc2c-3b9793121901, Nodes: 31ff6b63-f2c0-4895-83c0-1f591020bcf1{ip: 192.168.5.157, host: trunk-nightly-6h29n-2077950039, networkLocation: /default-rack, certSerialId: null}, Type:RATIS, Factor:ONE, State:OPEN]
2019-07-14 04:31:49,401 INFO  ozone.MiniOzoneClusterImpl (MiniOzoneClusterImpl.java:lambda$waitForClusterToBeReady$0(142)) - Waiting for cluster to be ready. Got 6 of 7 DN Heartbeats.
2019-07-14 04:31:49,402 INFO  node.SCMNodeManager (SCMNodeManager.java:register(269)) - Registered Data node : 9e73fbb7-ac7c-4586-b557-95e629bce8e9{ip: 192.168.5.157, host: trunk-nightly-6h29n-2077950039, networkLocation: /default-rack, certSerialId: null}
2019-07-14 04:31:49,409 INFO  impl.RaftServerProxy (RaftServerProxy.java:addNew(89)) - 4b848755-ec7d-41fe-ad2c-918441e7cc49: addNew group-DA325CB646CF:[4b848755-ec7d-41fe-ad2c-918441e7cc49:192.168.5.157:38032] returns group-DA325CB646CF:java.util.concurrent.CompletableFuture@39b98c06[Not completed]
2019-07-14 04:31:49,418 INFO  impl.RaftServerImpl (RaftServerImpl.java:<init>(93)) - 4b848755-ec7d-41fe-ad2c-918441e7cc49: new RaftServerImpl for group-DA325CB646CF:[4b848755-ec7d-41fe-ad2c-918441e7cc49:192.168.5.157:38032] with ContainerStateMachine:uninitialized
2019-07-14 04:31:49,418 INFO  server.RaftServerConfigKeys (ConfUtils.java:logGet(43)) - raft.server.rpc.timeout.min = 5s (custom)
2019-07-14 04:31:49,419 INFO  server.RaftServerConfigKeys (ConfUtils.java:logGet(43)) - raft.server.rpc.timeout.max = 5200ms (custom)
2019-07-14 04:31:49,419 INFO  server.RaftServerConfigKeys (ConfUtils.java:logGet(43)) - raft.server.rpcslowness.timeout = 120s (custom)
2019-07-14 04:31:49,419 INFO  server.RaftServerConfigKeys (ConfUtils.java:logGet(43)) - raft.server.sleep.deviation.threshold = 300 (default)
2019-07-14 04:31:49,419 INFO  server.RaftServerConfigKeys (ConfUtils.java:logGet(43)) - raft.server.log.appender.install.snapshot.enabled = false (custom)
2019-07-14 04:31:49,419 INFO  impl.RaftServerImpl (ServerState.java:<init>(105)) - 4b848755-ec7d-41fe-ad2c-918441e7cc49:group-DA325CB646CF ConfigurationManager, init=-1: [4b848755-ec7d-41fe-ad2c-918441e7cc49:192.168.5.157:38032], old=null, confs=<EMPTY_MAP>
2019-07-14 04:31:49,420 INFO  server.RaftServerConfigKeys (ConfUtils.java:logGet(43)) - raft.server.storage.dir = [/tmp/workdir/hadoop-ozone/integration-test/target/test-dir/MiniOzoneClusterImpl-455df870-1475-4aa0-b7eb-6763b4ce75c6/datanode-3/data/ratis] (custom)
2019-07-14 04:31:49,420 INFO  storage.RaftStorageDirectory (RaftStorageDirectory.java:analyzeStorage(246)) - The storage directory /tmp/workdir/hadoop-ozone/integration-test/target/test-dir/MiniOzoneClusterImpl-455df870-1475-4aa0-b7eb-6763b4ce75c6/datanode-3/data/ratis/d52b5f38-00fc-4caf-929b-da325cb646cf does not exist. Creating ...
2019-07-14 04:31:49,432 INFO  storage.RaftStorageDirectory (RaftStorageDirectory.java:tryLock(328)) - Lock on /tmp/workdir/hadoop-ozone/integration-test/target/test-dir/MiniOzoneClusterImpl-455df870-1475-4aa0-b7eb-6763b4ce75c6/datanode-3/data/ratis/d52b5f38-00fc-4caf-929b-da325cb646cf/in_use.lock acquired by nodename 7555@trunk-nightly-6h29n-2077950039
2019-07-14 04:31:49,443 INFO  storage.RaftStorage (RaftStorage.java:format(72)) - Storage directory /tmp/workdir/hadoop-ozone/integration-test/target/test-dir/MiniOzoneClusterImpl-455df870-1475-4aa0-b7eb-6763b4ce75c6/datanode-3/data/ratis/d52b5f38-00fc-4caf-929b-da325cb646cf has been successfully formatted.
2019-07-14 04:31:49,444 INFO  ratis.ContainerStateMachine (ContainerStateMachine.java:loadSnapshot(200)) - The snapshot info is null.Setting the last applied index to:(t:0, i:~)
2019-07-14 04:31:49,444 INFO  server.RaftServerConfigKeys (ConfUtils.java:logGet(43)) - raft.server.leader.election.timeout = 120s (custom)
2019-07-14 04:31:49,444 INFO  server.RaftServerConfigKeys (ConfUtils.java:logGet(43)) - raft.server.log.use.memory = false (default)
2019-07-14 04:31:49,444 INFO  server.RaftServerConfigKeys (ConfUtils.java:logGet(43)) - raft.server.log.purge.gap = 1000000000 (custom)
2019-07-14 04:31:49,444 INFO  server.RaftServerConfigKeys (ConfUtils.java:logGet(43)) - raft.server.log.appender.buffer.byte-limit = 33554432 (custom)
2019-07-14 04:31:49,445 INFO  server.RaftServerConfigKeys (ConfUtils.java:logGet(43)) - raft.server.log.segment.size.max = 1048576 (custom)
2019-07-14 04:31:49,445 INFO  server.RaftServerConfigKeys (ConfUtils.java:logGet(43)) - raft.server.log.segment.cache.num.max = 2 (custom)
2019-07-14 04:31:49,445 INFO  segmented.SegmentedRaftLogWorker (SegmentedRaftLogWorker.java:<init>(172)) - new 4b848755-ec7d-41fe-ad2c-918441e7cc49-SegmentedRaftLogWorker:Storage Directory /tmp/workdir/hadoop-ozone/integration-test/target/test-dir/MiniOzoneClusterImpl-455df870-1475-4aa0-b7eb-6763b4ce75c6/datanode-3/data/ratis/d52b5f38-00fc-4caf-929b-da325cb646cf for RaftStorage:Storage Directory /tmp/workdir/hadoop-ozone/integration-test/target/test-dir/MiniOzoneClusterImpl-455df870-1475-4aa0-b7eb-6763b4ce75c6/datanode-3/data/ratis/d52b5f38-00fc-4caf-929b-da325cb646cf
2019-07-14 04:31:49,445 INFO  server.RaftServerConfigKeys (ConfUtils.java:logGet(43)) - raft.server.log.queue.byte-limit = 2147483647 (custom)
2019-07-14 04:31:49,446 INFO  server.RaftServerConfigKeys (ConfUtils.java:logGet(43)) - raft.server.log.queue.element-limit = 1024 (custom)
2019-07-14 04:31:49,446 INFO  server.RaftServerConfigKeys (ConfUtils.java:logGet(43)) - raft.server.log.segment.size.max = 1048576 (custom)
2019-07-14 04:31:49,446 INFO  server.RaftServerConfigKeys (ConfUtils.java:logGet(43)) - raft.server.log.preallocated.size = 16384 (custom)
2019-07-14 04:31:49,446 INFO  server.RaftServerConfigKeys (ConfUtils.java:logGet(43)) - raft.server.log.write.buffer.size = 33554432 (custom)
2019-07-14 04:31:49,447 INFO  server.RaftServerConfigKeys (ConfUtils.java:logGet(43)) - raft.server.log.force.sync.num = 128 (default)
2019-07-14 04:31:49,447 INFO  server.RaftServerConfigKeys (ConfUtils.java:logGet(43)) - raft.server.log.statemachine.data.sync = true (default)
2019-07-14 04:31:49,447 INFO  server.RaftServerConfigKeys (ConfUtils.java:logGet(43)) - raft.server.log.statemachine.data.sync.timeout = 10s (default)
2019-07-14 04:31:49,447 INFO  server.RaftServerConfigKeys (ConfUtils.java:logGet(43)) - raft.server.log.statemachine.data.sync.timeout.retry = -1 (default)
2019-07-14 04:31:49,448 INFO  server.RaftServerConfigKeys (ConfUtils.java:logGet(43)) - raft.server.log.statemachine.data.caching.enabled = true (custom)
2019-07-14 04:31:49,448 INFO  segmented.SegmentedRaftLogWorker (SegmentedRaftLogWorker.java:lambda$new$0(132)) - 4b848755-ec7d-41fe-ad2c-918441e7cc49-SegmentedRaftLogWorker:Storage Directory /tmp/workdir/hadoop-ozone/integration-test/target/test-dir/MiniOzoneClusterImpl-455df870-1475-4aa0-b7eb-6763b4ce75c6/datanode-3/data/ratis/d52b5f38-00fc-4caf-929b-da325cb646cf: flushIndex: setUnconditionally 0 -> -1
2019-07-14 04:31:49,449 INFO  server.RaftServerConfigKeys (ConfUtils.java:logGet(43)) - raft.server.snapshot.auto.trigger.enabled = true (custom)
2019-07-14 04:31:49,449 INFO  server.RaftServerConfigKeys (ConfUtils.java:logGet(43)) - raft.server.snapshot.auto.trigger.threshold = 10000 (custom)
2019-07-14 04:31:49,449 INFO  server.RaftServerConfigKeys (ConfUtils.java:logGet(43)) - raft.server.retrycache.expirytime = 600000ms (custom)
2019-07-14 04:31:49,450 INFO  impl.RaftServerImpl (RaftServerImpl.java:start(180)) - 4b848755-ec7d-41fe-ad2c-918441e7cc49: start group-DA325CB646CF
2019-07-14 04:31:49,450 INFO  impl.RaftServerImpl (RaftServerImpl.java:setRole(171)) - 4b848755-ec7d-41fe-ad2c-918441e7cc49:group-DA325CB646CF changes role from null to FOLLOWER at term 0 for startAsFollower
2019-07-14 04:31:49,450 INFO  impl.RoleInfo (RoleInfo.java:updateAndGet(143)) - 4b848755-ec7d-41fe-ad2c-918441e7cc49: start FollowerState
2019-07-14 04:31:49,451 INFO  util.JmxRegister (JmxRegister.java:tryRegister(44)) - Successfully registered JMX Bean with object name Ratis:service=RaftServer,group=group-DA325CB646CF,id=4b848755-ec7d-41fe-ad2c-918441e7cc49
2019-07-14 04:31:49,465 INFO  pipeline.PipelineStateManager (PipelineStateManager.java:addPipeline(56)) - Created pipeline Pipeline[ Id: d52b5f38-00fc-4caf-929b-da325cb646cf, Nodes: 4b848755-ec7d-41fe-ad2c-918441e7cc49{ip: 192.168.5.157, host: trunk-nightly-6h29n-2077950039, networkLocation: /default-rack, certSerialId: null}, Type:RATIS, Factor:ONE, State:OPEN]
2019-07-14 04:31:49,490 INFO  impl.RaftServerProxy (RaftServerProxy.java:addNew(89)) - 9e73fbb7-ac7c-4586-b557-95e629bce8e9: addNew group-D4CF7C23E7F8:[9e73fbb7-ac7c-4586-b557-95e629bce8e9:192.168.5.157:35468] returns group-D4CF7C23E7F8:java.util.concurrent.CompletableFuture@59d3d367[Not completed]
2019-07-14 04:31:49,491 INFO  impl.RaftServerImpl (RaftServerImpl.java:<init>(93)) - 9e73fbb7-ac7c-4586-b557-95e629bce8e9: new RaftServerImpl for group-D4CF7C23E7F8:[9e73fbb7-ac7c-4586-b557-95e629bce8e9:192.168.5.157:35468] with ContainerStateMachine:uninitialized
2019-07-14 04:31:49,492 INFO  server.RaftServerConfigKeys (ConfUtils.java:logGet(43)) - raft.server.rpc.timeout.min = 5s (custom)
2019-07-14 04:31:49,492 INFO  server.RaftServerConfigKeys (ConfUtils.java:logGet(43)) - raft.server.rpc.timeout.max = 5200ms (custom)
2019-07-14 04:31:49,492 INFO  server.RaftServerConfigKeys (ConfUtils.java:logGet(43)) - raft.server.rpcslowness.timeout = 120s (custom)
2019-07-14 04:31:49,492 INFO  server.RaftServerConfigKeys (ConfUtils.java:logGet(43)) - raft.server.sleep.deviation.threshold = 300 (default)
2019-07-14 04:31:49,492 INFO  server.RaftServerConfigKeys (ConfUtils.java:logGet(43)) - raft.server.log.appender.install.snapshot.enabled = false (custom)
2019-07-14 04:31:49,493 INFO  impl.RaftServerImpl (ServerState.java:<init>(105)) - 9e73fbb7-ac7c-4586-b557-95e629bce8e9:group-D4CF7C23E7F8 ConfigurationManager, init=-1: [9e73fbb7-ac7c-4586-b557-95e629bce8e9:192.168.5.157:35468], old=null, confs=<EMPTY_MAP>
2019-07-14 04:31:49,493 INFO  server.RaftServerConfigKeys (ConfUtils.java:logGet(43)) - raft.server.storage.dir = [/tmp/workdir/hadoop-ozone/integration-test/target/test-dir/MiniOzoneClusterImpl-455df870-1475-4aa0-b7eb-6763b4ce75c6/datanode-6/data/ratis] (custom)
2019-07-14 04:31:49,493 INFO  storage.RaftStorageDirectory (RaftStorageDirectory.java:analyzeStorage(246)) - The storage directory /tmp/workdir/hadoop-ozone/integration-test/target/test-dir/MiniOzoneClusterImpl-455df870-1475-4aa0-b7eb-6763b4ce75c6/datanode-6/data/ratis/661f4e64-a309-4408-9b98-d4cf7c23e7f8 does not exist. Creating ...
2019-07-14 04:31:49,505 INFO  storage.RaftStorageDirectory (RaftStorageDirectory.java:tryLock(328)) - Lock on /tmp/workdir/hadoop-ozone/integration-test/target/test-dir/MiniOzoneClusterImpl-455df870-1475-4aa0-b7eb-6763b4ce75c6/datanode-6/data/ratis/661f4e64-a309-4408-9b98-d4cf7c23e7f8/in_use.lock acquired by nodename 7555@trunk-nightly-6h29n-2077950039
2019-07-14 04:31:49,518 INFO  storage.RaftStorage (RaftStorage.java:format(72)) - Storage directory /tmp/workdir/hadoop-ozone/integration-test/target/test-dir/MiniOzoneClusterImpl-455df870-1475-4aa0-b7eb-6763b4ce75c6/datanode-6/data/ratis/661f4e64-a309-4408-9b98-d4cf7c23e7f8 has been successfully formatted.
2019-07-14 04:31:49,519 INFO  ratis.ContainerStateMachine (ContainerStateMachine.java:loadSnapshot(200)) - The snapshot info is null.Setting the last applied index to:(t:0, i:~)
2019-07-14 04:31:49,519 INFO  server.RaftServerConfigKeys (ConfUtils.java:logGet(43)) - raft.server.leader.election.timeout = 120s (custom)
2019-07-14 04:31:49,519 INFO  server.RaftServerConfigKeys (ConfUtils.java:logGet(43)) - raft.server.log.use.memory = false (default)
2019-07-14 04:31:49,519 INFO  server.RaftServerConfigKeys (ConfUtils.java:logGet(43)) - raft.server.log.purge.gap = 1000000000 (custom)
2019-07-14 04:31:49,519 INFO  server.RaftServerConfigKeys (ConfUtils.java:logGet(43)) - raft.server.log.appender.buffer.byte-limit = 33554432 (custom)
2019-07-14 04:31:49,520 INFO  server.RaftServerConfigKeys (ConfUtils.java:logGet(43)) - raft.server.log.segment.size.max = 1048576 (custom)
2019-07-14 04:31:49,520 INFO  server.RaftServerConfigKeys (ConfUtils.java:logGet(43)) - raft.server.log.segment.cache.num.max = 2 (custom)
2019-07-14 04:31:49,520 INFO  segmented.SegmentedRaftLogWorker (SegmentedRaftLogWorker.java:<init>(172)) - new 9e73fbb7-ac7c-4586-b557-95e629bce8e9-SegmentedRaftLogWorker:Storage Directory /tmp/workdir/hadoop-ozone/integration-test/target/test-dir/MiniOzoneClusterImpl-455df870-1475-4aa0-b7eb-6763b4ce75c6/datanode-6/data/ratis/661f4e64-a309-4408-9b98-d4cf7c23e7f8 for RaftStorage:Storage Directory /tmp/workdir/hadoop-ozone/integration-test/target/test-dir/MiniOzoneClusterImpl-455df870-1475-4aa0-b7eb-6763b4ce75c6/datanode-6/data/ratis/661f4e64-a309-4408-9b98-d4cf7c23e7f8
2019-07-14 04:31:49,520 INFO  server.RaftServerConfigKeys (ConfUtils.java:logGet(43)) - raft.server.log.queue.byte-limit = 2147483647 (custom)
2019-07-14 04:31:49,520 INFO  server.RaftServerConfigKeys (ConfUtils.java:logGet(43)) - raft.server.log.queue.element-limit = 1024 (custom)
2019-07-14 04:31:49,521 INFO  server.RaftServerConfigKeys (ConfUtils.java:logGet(43)) - raft.server.log.segment.size.max = 1048576 (custom)
2019-07-14 04:31:49,521 INFO  server.RaftServerConfigKeys (ConfUtils.java:logGet(43)) - raft.server.log.preallocated.size = 16384 (custom)
2019-07-14 04:31:49,521 INFO  server.RaftServerConfigKeys (ConfUtils.java:logGet(43)) - raft.server.log.write.buffer.size = 33554432 (custom)
2019-07-14 04:31:49,521 INFO  server.RaftServerConfigKeys (ConfUtils.java:logGet(43)) - raft.server.log.force.sync.num = 128 (default)
2019-07-14 04:31:49,521 INFO  server.RaftServerConfigKeys (ConfUtils.java:logGet(43)) - raft.server.log.statemachine.data.sync = true (default)
2019-07-14 04:31:49,522 INFO  server.RaftServerConfigKeys (ConfUtils.java:logGet(43)) - raft.server.log.statemachine.data.sync.timeout = 10s (default)
2019-07-14 04:31:49,522 INFO  server.RaftServerConfigKeys (ConfUtils.java:logGet(43)) - raft.server.log.statemachine.data.sync.timeout.retry = -1 (default)
2019-07-14 04:31:49,522 INFO  server.RaftServerConfigKeys (ConfUtils.java:logGet(43)) - raft.server.log.statemachine.data.caching.enabled = true (custom)
2019-07-14 04:31:49,523 INFO  segmented.SegmentedRaftLogWorker (SegmentedRaftLogWorker.java:lambda$new$0(132)) - 9e73fbb7-ac7c-4586-b557-95e629bce8e9-SegmentedRaftLogWorker:Storage Directory /tmp/workdir/hadoop-ozone/integration-test/target/test-dir/MiniOzoneClusterImpl-455df870-1475-4aa0-b7eb-6763b4ce75c6/datanode-6/data/ratis/661f4e64-a309-4408-9b98-d4cf7c23e7f8: flushIndex: setUnconditionally 0 -> -1
2019-07-14 04:31:49,523 INFO  server.RaftServerConfigKeys (ConfUtils.java:logGet(43)) - raft.server.snapshot.auto.trigger.enabled = true (custom)
2019-07-14 04:31:49,523 INFO  server.RaftServerConfigKeys (ConfUtils.java:logGet(43)) - raft.server.snapshot.auto.trigger.threshold = 10000 (custom)
2019-07-14 04:31:49,524 INFO  server.RaftServerConfigKeys (ConfUtils.java:logGet(43)) - raft.server.retrycache.expirytime = 600000ms (custom)
2019-07-14 04:31:49,524 INFO  impl.RaftServerImpl (RaftServerImpl.java:start(180)) - 9e73fbb7-ac7c-4586-b557-95e629bce8e9: start group-D4CF7C23E7F8
2019-07-14 04:31:49,524 INFO  impl.RaftServerImpl (RaftServerImpl.java:setRole(171)) - 9e73fbb7-ac7c-4586-b557-95e629bce8e9:group-D4CF7C23E7F8 changes role from null to FOLLOWER at term 0 for startAsFollower
2019-07-14 04:31:49,524 INFO  impl.RoleInfo (RoleInfo.java:updateAndGet(143)) - 9e73fbb7-ac7c-4586-b557-95e629bce8e9: start FollowerState
2019-07-14 04:31:49,525 INFO  util.JmxRegister (JmxRegister.java:tryRegister(44)) - Successfully registered JMX Bean with object name Ratis:service=RaftServer,group=group-D4CF7C23E7F8,id=9e73fbb7-ac7c-4586-b557-95e629bce8e9
2019-07-14 04:31:49,540 INFO  pipeline.PipelineStateManager (PipelineStateManager.java:addPipeline(56)) - Created pipeline Pipeline[ Id: 661f4e64-a309-4408-9b98-d4cf7c23e7f8, Nodes: 9e73fbb7-ac7c-4586-b557-95e629bce8e9{ip: 192.168.5.157, host: trunk-nightly-6h29n-2077950039, networkLocation: /default-rack, certSerialId: null}, Type:RATIS, Factor:ONE, State:OPEN]
2019-07-14 04:31:49,565 INFO  impl.RaftServerProxy (RaftServerProxy.java:addNew(89)) - 6c5654d4-b68b-4990-ae23-e5ea3909aeb5: addNew group-7F38298E62F3:[6c5654d4-b68b-4990-ae23-e5ea3909aeb5:192.168.5.157:43265] returns group-7F38298E62F3:java.util.concurrent.CompletableFuture@df707fd[Not completed]
2019-07-14 04:31:49,567 INFO  impl.RaftServerImpl (RaftServerImpl.java:<init>(93)) - 6c5654d4-b68b-4990-ae23-e5ea3909aeb5: new RaftServerImpl for group-7F38298E62F3:[6c5654d4-b68b-4990-ae23-e5ea3909aeb5:192.168.5.157:43265] with ContainerStateMachine:uninitialized
2019-07-14 04:31:49,567 INFO  server.RaftServerConfigKeys (ConfUtils.java:logGet(43)) - raft.server.rpc.timeout.min = 5s (custom)
2019-07-14 04:31:49,567 INFO  server.RaftServerConfigKeys (ConfUtils.java:logGet(43)) - raft.server.rpc.timeout.max = 5200ms (custom)
2019-07-14 04:31:49,567 INFO  server.RaftServerConfigKeys (ConfUtils.java:logGet(43)) - raft.server.rpcslowness.timeout = 120s (custom)
2019-07-14 04:31:49,567 INFO  server.RaftServerConfigKeys (ConfUtils.java:logGet(43)) - raft.server.sleep.deviation.threshold = 300 (default)
2019-07-14 04:31:49,567 INFO  server.RaftServerConfigKeys (ConfUtils.java:logGet(43)) - raft.server.log.appender.install.snapshot.enabled = false (custom)
2019-07-14 04:31:49,568 INFO  impl.RaftServerImpl (ServerState.java:<init>(105)) - 6c5654d4-b68b-4990-ae23-e5ea3909aeb5:group-7F38298E62F3 ConfigurationManager, init=-1: [6c5654d4-b68b-4990-ae23-e5ea3909aeb5:192.168.5.157:43265], old=null, confs=<EMPTY_MAP>
2019-07-14 04:31:49,568 INFO  server.RaftServerConfigKeys (ConfUtils.java:logGet(43)) - raft.server.storage.dir = [/tmp/workdir/hadoop-ozone/integration-test/target/test-dir/MiniOzoneClusterImpl-455df870-1475-4aa0-b7eb-6763b4ce75c6/datanode-1/data/ratis] (custom)
2019-07-14 04:31:49,568 INFO  storage.RaftStorageDirectory (RaftStorageDirectory.java:analyzeStorage(246)) - The storage directory /tmp/workdir/hadoop-ozone/integration-test/target/test-dir/MiniOzoneClusterImpl-455df870-1475-4aa0-b7eb-6763b4ce75c6/datanode-1/data/ratis/c0a73f1d-ae63-459c-817b-7f38298e62f3 does not exist. Creating ...
2019-07-14 04:31:49,573 INFO  storage.RaftStorageDirectory (RaftStorageDirectory.java:tryLock(328)) - Lock on /tmp/workdir/hadoop-ozone/integration-test/target/test-dir/MiniOzoneClusterImpl-455df870-1475-4aa0-b7eb-6763b4ce75c6/datanode-1/data/ratis/c0a73f1d-ae63-459c-817b-7f38298e62f3/in_use.lock acquired by nodename 7555@trunk-nightly-6h29n-2077950039
2019-07-14 04:31:49,586 INFO  storage.RaftStorage (RaftStorage.java:format(72)) - Storage directory /tmp/workdir/hadoop-ozone/integration-test/target/test-dir/MiniOzoneClusterImpl-455df870-1475-4aa0-b7eb-6763b4ce75c6/datanode-1/data/ratis/c0a73f1d-ae63-459c-817b-7f38298e62f3 has been successfully formatted.
2019-07-14 04:31:49,587 INFO  ratis.ContainerStateMachine (ContainerStateMachine.java:loadSnapshot(200)) - The snapshot info is null.Setting the last applied index to:(t:0, i:~)
2019-07-14 04:31:49,587 INFO  server.RaftServerConfigKeys (ConfUtils.java:logGet(43)) - raft.server.leader.election.timeout = 120s (custom)
2019-07-14 04:31:49,587 INFO  server.RaftServerConfigKeys (ConfUtils.java:logGet(43)) - raft.server.log.use.memory = false (default)
2019-07-14 04:31:49,587 INFO  server.RaftServerConfigKeys (ConfUtils.java:logGet(43)) - raft.server.log.purge.gap = 1000000000 (custom)
2019-07-14 04:31:49,587 INFO  server.RaftServerConfigKeys (ConfUtils.java:logGet(43)) - raft.server.log.appender.buffer.byte-limit = 33554432 (custom)
2019-07-14 04:31:49,588 INFO  server.RaftServerConfigKeys (ConfUtils.java:logGet(43)) - raft.server.log.segment.size.max = 1048576 (custom)
2019-07-14 04:31:49,588 INFO  server.RaftServerConfigKeys (ConfUtils.java:logGet(43)) - raft.server.log.segment.cache.num.max = 2 (custom)
2019-07-14 04:31:49,588 INFO  segmented.SegmentedRaftLogWorker (SegmentedRaftLogWorker.java:<init>(172)) - new 6c5654d4-b68b-4990-ae23-e5ea3909aeb5-SegmentedRaftLogWorker:Storage Directory /tmp/workdir/hadoop-ozone/integration-test/target/test-dir/MiniOzoneClusterImpl-455df870-1475-4aa0-b7eb-6763b4ce75c6/datanode-1/data/ratis/c0a73f1d-ae63-459c-817b-7f38298e62f3 for RaftStorage:Storage Directory /tmp/workdir/hadoop-ozone/integration-test/target/test-dir/MiniOzoneClusterImpl-455df870-1475-4aa0-b7eb-6763b4ce75c6/datanode-1/data/ratis/c0a73f1d-ae63-459c-817b-7f38298e62f3
2019-07-14 04:31:49,588 INFO  server.RaftServerConfigKeys (ConfUtils.java:logGet(43)) - raft.server.log.queue.byte-limit = 2147483647 (custom)
2019-07-14 04:31:49,588 INFO  server.RaftServerConfigKeys (ConfUtils.java:logGet(43)) - raft.server.log.queue.element-limit = 1024 (custom)
2019-07-14 04:31:49,589 INFO  server.RaftServerConfigKeys (ConfUtils.java:logGet(43)) - raft.server.log.segment.size.max = 1048576 (custom)
2019-07-14 04:31:49,589 INFO  server.RaftServerConfigKeys (ConfUtils.java:logGet(43)) - raft.server.log.preallocated.size = 16384 (custom)
2019-07-14 04:31:49,589 INFO  server.RaftServerConfigKeys (ConfUtils.java:logGet(43)) - raft.server.log.write.buffer.size = 33554432 (custom)
2019-07-14 04:31:49,589 INFO  server.RaftServerConfigKeys (ConfUtils.java:logGet(43)) - raft.server.log.force.sync.num = 128 (default)
2019-07-14 04:31:49,589 INFO  server.RaftServerConfigKeys (ConfUtils.java:logGet(43)) - raft.server.log.statemachine.data.sync = true (default)
2019-07-14 04:31:49,590 INFO  server.RaftServerConfigKeys (ConfUtils.java:logGet(43)) - raft.server.log.statemachine.data.sync.timeout = 10s (default)
2019-07-14 04:31:49,590 INFO  server.RaftServerConfigKeys (ConfUtils.java:logGet(43)) - raft.server.log.statemachine.data.sync.timeout.retry = -1 (default)
2019-07-14 04:31:49,590 INFO  server.RaftServerConfigKeys (ConfUtils.java:logGet(43)) - raft.server.log.statemachine.data.caching.enabled = true (custom)
2019-07-14 04:31:49,591 INFO  segmented.SegmentedRaftLogWorker (SegmentedRaftLogWorker.java:lambda$new$0(132)) - 6c5654d4-b68b-4990-ae23-e5ea3909aeb5-SegmentedRaftLogWorker:Storage Directory /tmp/workdir/hadoop-ozone/integration-test/target/test-dir/MiniOzoneClusterImpl-455df870-1475-4aa0-b7eb-6763b4ce75c6/datanode-1/data/ratis/c0a73f1d-ae63-459c-817b-7f38298e62f3: flushIndex: setUnconditionally 0 -> -1
2019-07-14 04:31:49,591 INFO  server.RaftServerConfigKeys (ConfUtils.java:logGet(43)) - raft.server.snapshot.auto.trigger.enabled = true (custom)
2019-07-14 04:31:49,591 INFO  server.RaftServerConfigKeys (ConfUtils.java:logGet(43)) - raft.server.snapshot.auto.trigger.threshold = 10000 (custom)
2019-07-14 04:31:49,591 INFO  server.RaftServerConfigKeys (ConfUtils.java:logGet(43)) - raft.server.retrycache.expirytime = 600000ms (custom)
2019-07-14 04:31:49,592 INFO  impl.RaftServerImpl (RaftServerImpl.java:start(180)) - 6c5654d4-b68b-4990-ae23-e5ea3909aeb5: start group-7F38298E62F3
2019-07-14 04:31:49,592 INFO  impl.RaftServerImpl (RaftServerImpl.java:setRole(171)) - 6c5654d4-b68b-4990-ae23-e5ea3909aeb5:group-7F38298E62F3 changes role from null to FOLLOWER at term 0 for startAsFollower
2019-07-14 04:31:49,592 INFO  impl.RoleInfo (RoleInfo.java:updateAndGet(143)) - 6c5654d4-b68b-4990-ae23-e5ea3909aeb5: start FollowerState
2019-07-14 04:31:49,592 INFO  util.JmxRegister (JmxRegister.java:tryRegister(44)) - Successfully registered JMX Bean with object name Ratis:service=RaftServer,group=group-7F38298E62F3,id=6c5654d4-b68b-4990-ae23-e5ea3909aeb5
2019-07-14 04:31:49,607 INFO  pipeline.PipelineStateManager (PipelineStateManager.java:addPipeline(56)) - Created pipeline Pipeline[ Id: c0a73f1d-ae63-459c-817b-7f38298e62f3, Nodes: 6c5654d4-b68b-4990-ae23-e5ea3909aeb5{ip: 192.168.5.157, host: trunk-nightly-6h29n-2077950039, networkLocation: /default-rack, certSerialId: null}, Type:RATIS, Factor:ONE, State:OPEN]
2019-07-14 04:31:49,632 INFO  impl.RaftServerProxy (RaftServerProxy.java:addNew(89)) - a3c2c22c-63c3-4393-9cc5-d0f3199441a0: addNew group-27525B6F8722:[a3c2c22c-63c3-4393-9cc5-d0f3199441a0:192.168.5.157:37667] returns group-27525B6F8722:java.util.concurrent.CompletableFuture@73a4aa13[Not completed]
2019-07-14 04:31:49,634 INFO  impl.RaftServerImpl (RaftServerImpl.java:<init>(93)) - a3c2c22c-63c3-4393-9cc5-d0f3199441a0: new RaftServerImpl for group-27525B6F8722:[a3c2c22c-63c3-4393-9cc5-d0f3199441a0:192.168.5.157:37667] with ContainerStateMachine:uninitialized
2019-07-14 04:31:49,634 INFO  server.RaftServerConfigKeys (ConfUtils.java:logGet(43)) - raft.server.rpc.timeout.min = 5s (custom)
2019-07-14 04:31:49,634 INFO  server.RaftServerConfigKeys (ConfUtils.java:logGet(43)) - raft.server.rpc.timeout.max = 5200ms (custom)
2019-07-14 04:31:49,635 INFO  server.RaftServerConfigKeys (ConfUtils.java:logGet(43)) - raft.server.rpcslowness.timeout = 120s (custom)
2019-07-14 04:31:49,635 INFO  server.RaftServerConfigKeys (ConfUtils.java:logGet(43)) - raft.server.sleep.deviation.threshold = 300 (default)
2019-07-14 04:31:49,635 INFO  server.RaftServerConfigKeys (ConfUtils.java:logGet(43)) - raft.server.log.appender.install.snapshot.enabled = false (custom)
2019-07-14 04:31:49,635 INFO  impl.RaftServerImpl (ServerState.java:<init>(105)) - a3c2c22c-63c3-4393-9cc5-d0f3199441a0:group-27525B6F8722 ConfigurationManager, init=-1: [a3c2c22c-63c3-4393-9cc5-d0f3199441a0:192.168.5.157:37667], old=null, confs=<EMPTY_MAP>
2019-07-14 04:31:49,635 INFO  server.RaftServerConfigKeys (ConfUtils.java:logGet(43)) - raft.server.storage.dir = [/tmp/workdir/hadoop-ozone/integration-test/target/test-dir/MiniOzoneClusterImpl-455df870-1475-4aa0-b7eb-6763b4ce75c6/datanode-5/data/ratis] (custom)
2019-07-14 04:31:49,636 INFO  storage.RaftStorageDirectory (RaftStorageDirectory.java:analyzeStorage(246)) - The storage directory /tmp/workdir/hadoop-ozone/integration-test/target/test-dir/MiniOzoneClusterImpl-455df870-1475-4aa0-b7eb-6763b4ce75c6/datanode-5/data/ratis/e9e560cd-7074-40e2-8786-27525b6f8722 does not exist. Creating ...
2019-07-14 04:31:49,647 INFO  storage.RaftStorageDirectory (RaftStorageDirectory.java:tryLock(328)) - Lock on /tmp/workdir/hadoop-ozone/integration-test/target/test-dir/MiniOzoneClusterImpl-455df870-1475-4aa0-b7eb-6763b4ce75c6/datanode-5/data/ratis/e9e560cd-7074-40e2-8786-27525b6f8722/in_use.lock acquired by nodename 7555@trunk-nightly-6h29n-2077950039
2019-07-14 04:31:49,658 INFO  storage.RaftStorage (RaftStorage.java:format(72)) - Storage directory /tmp/workdir/hadoop-ozone/integration-test/target/test-dir/MiniOzoneClusterImpl-455df870-1475-4aa0-b7eb-6763b4ce75c6/datanode-5/data/ratis/e9e560cd-7074-40e2-8786-27525b6f8722 has been successfully formatted.
2019-07-14 04:31:49,658 INFO  ratis.ContainerStateMachine (ContainerStateMachine.java:loadSnapshot(200)) - The snapshot info is null.Setting the last applied index to:(t:0, i:~)
2019-07-14 04:31:49,659 INFO  server.RaftServerConfigKeys (ConfUtils.java:logGet(43)) - raft.server.leader.election.timeout = 120s (custom)
2019-07-14 04:31:49,659 INFO  server.RaftServerConfigKeys (ConfUtils.java:logGet(43)) - raft.server.log.use.memory = false (default)
2019-07-14 04:31:49,659 INFO  server.RaftServerConfigKeys (ConfUtils.java:logGet(43)) - raft.server.log.purge.gap = 1000000000 (custom)
2019-07-14 04:31:49,659 INFO  server.RaftServerConfigKeys (ConfUtils.java:logGet(43)) - raft.server.log.appender.buffer.byte-limit = 33554432 (custom)
2019-07-14 04:31:49,659 INFO  server.RaftServerConfigKeys (ConfUtils.java:logGet(43)) - raft.server.log.segment.size.max = 1048576 (custom)
2019-07-14 04:31:49,659 INFO  server.RaftServerConfigKeys (ConfUtils.java:logGet(43)) - raft.server.log.segment.cache.num.max = 2 (custom)
2019-07-14 04:31:49,660 INFO  segmented.SegmentedRaftLogWorker (SegmentedRaftLogWorker.java:<init>(172)) - new a3c2c22c-63c3-4393-9cc5-d0f3199441a0-SegmentedRaftLogWorker:Storage Directory /tmp/workdir/hadoop-ozone/integration-test/target/test-dir/MiniOzoneClusterImpl-455df870-1475-4aa0-b7eb-6763b4ce75c6/datanode-5/data/ratis/e9e560cd-7074-40e2-8786-27525b6f8722 for RaftStorage:Storage Directory /tmp/workdir/hadoop-ozone/integration-test/target/test-dir/MiniOzoneClusterImpl-455df870-1475-4aa0-b7eb-6763b4ce75c6/datanode-5/data/ratis/e9e560cd-7074-40e2-8786-27525b6f8722
2019-07-14 04:31:49,660 INFO  server.RaftServerConfigKeys (ConfUtils.java:logGet(43)) - raft.server.log.queue.byte-limit = 2147483647 (custom)
2019-07-14 04:31:49,660 INFO  server.RaftServerConfigKeys (ConfUtils.java:logGet(43)) - raft.server.log.queue.element-limit = 1024 (custom)
2019-07-14 04:31:49,660 INFO  server.RaftServerConfigKeys (ConfUtils.java:logGet(43)) - raft.server.log.segment.size.max = 1048576 (custom)
2019-07-14 04:31:49,660 INFO  server.RaftServerConfigKeys (ConfUtils.java:logGet(43)) - raft.server.log.preallocated.size = 16384 (custom)
2019-07-14 04:31:49,661 INFO  server.RaftServerConfigKeys (ConfUtils.java:logGet(43)) - raft.server.log.write.buffer.size = 33554432 (custom)
2019-07-14 04:31:49,661 INFO  server.RaftServerConfigKeys (ConfUtils.java:logGet(43)) - raft.server.log.force.sync.num = 128 (default)
2019-07-14 04:31:49,661 INFO  server.RaftServerConfigKeys (ConfUtils.java:logGet(43)) - raft.server.log.statemachine.data.sync = true (default)
2019-07-14 04:31:49,661 INFO  server.RaftServerConfigKeys (ConfUtils.java:logGet(43)) - raft.server.log.statemachine.data.sync.timeout = 10s (default)
2019-07-14 04:31:49,661 INFO  server.RaftServerConfigKeys (ConfUtils.java:logGet(43)) - raft.server.log.statemachine.data.sync.timeout.retry = -1 (default)
2019-07-14 04:31:49,662 INFO  server.RaftServerConfigKeys (ConfUtils.java:logGet(43)) - raft.server.log.statemachine.data.caching.enabled = true (custom)
2019-07-14 04:31:49,662 INFO  segmented.SegmentedRaftLogWorker (SegmentedRaftLogWorker.java:lambda$new$0(132)) - a3c2c22c-63c3-4393-9cc5-d0f3199441a0-SegmentedRaftLogWorker:Storage Directory /tmp/workdir/hadoop-ozone/integration-test/target/test-dir/MiniOzoneClusterImpl-455df870-1475-4aa0-b7eb-6763b4ce75c6/datanode-5/data/ratis/e9e560cd-7074-40e2-8786-27525b6f8722: flushIndex: setUnconditionally 0 -> -1
2019-07-14 04:31:49,662 INFO  server.RaftServerConfigKeys (ConfUtils.java:logGet(43)) - raft.server.snapshot.auto.trigger.enabled = true (custom)
2019-07-14 04:31:49,663 INFO  server.RaftServerConfigKeys (ConfUtils.java:logGet(43)) - raft.server.snapshot.auto.trigger.threshold = 10000 (custom)
2019-07-14 04:31:49,663 INFO  server.RaftServerConfigKeys (ConfUtils.java:logGet(43)) - raft.server.retrycache.expirytime = 600000ms (custom)
2019-07-14 04:31:49,663 INFO  impl.RaftServerImpl (RaftServerImpl.java:start(180)) - a3c2c22c-63c3-4393-9cc5-d0f3199441a0: start group-27525B6F8722
2019-07-14 04:31:49,663 INFO  impl.RaftServerImpl (RaftServerImpl.java:setRole(171)) - a3c2c22c-63c3-4393-9cc5-d0f3199441a0:group-27525B6F8722 changes role from null to FOLLOWER at term 0 for startAsFollower
2019-07-14 04:31:49,663 INFO  impl.RoleInfo (RoleInfo.java:updateAndGet(143)) - a3c2c22c-63c3-4393-9cc5-d0f3199441a0: start FollowerState
2019-07-14 04:31:49,664 INFO  util.JmxRegister (JmxRegister.java:tryRegister(44)) - Successfully registered JMX Bean with object name Ratis:service=RaftServer,group=group-27525B6F8722,id=a3c2c22c-63c3-4393-9cc5-d0f3199441a0
2019-07-14 04:31:49,677 INFO  pipeline.PipelineStateManager (PipelineStateManager.java:addPipeline(56)) - Created pipeline Pipeline[ Id: e9e560cd-7074-40e2-8786-27525b6f8722, Nodes: a3c2c22c-63c3-4393-9cc5-d0f3199441a0{ip: 192.168.5.157, host: trunk-nightly-6h29n-2077950039, networkLocation: /default-rack, certSerialId: null}, Type:RATIS, Factor:ONE, State:OPEN]
2019-07-14 04:31:49,694 INFO  impl.RaftServerProxy (RaftServerProxy.java:addNew(89)) - 721d6aec-94ee-4930-b1a7-ce6c41ecc1c6: addNew group-F821098A3765:[721d6aec-94ee-4930-b1a7-ce6c41ecc1c6:192.168.5.157:40344] returns group-F821098A3765:java.util.concurrent.CompletableFuture@1ba4d647[Not completed]
2019-07-14 04:31:49,695 INFO  impl.RaftServerImpl (RaftServerImpl.java:<init>(93)) - 721d6aec-94ee-4930-b1a7-ce6c41ecc1c6: new RaftServerImpl for group-F821098A3765:[721d6aec-94ee-4930-b1a7-ce6c41ecc1c6:192.168.5.157:40344] with ContainerStateMachine:uninitialized
2019-07-14 04:31:49,695 INFO  server.RaftServerConfigKeys (ConfUtils.java:logGet(43)) - raft.server.rpc.timeout.min = 5s (custom)
2019-07-14 04:31:49,695 INFO  server.RaftServerConfigKeys (ConfUtils.java:logGet(43)) - raft.server.rpc.timeout.max = 5200ms (custom)
2019-07-14 04:31:49,696 INFO  server.RaftServerConfigKeys (ConfUtils.java:logGet(43)) - raft.server.rpcslowness.timeout = 120s (custom)
2019-07-14 04:31:49,696 INFO  server.RaftServerConfigKeys (ConfUtils.java:logGet(43)) - raft.server.sleep.deviation.threshold = 300 (default)
2019-07-14 04:31:49,696 INFO  server.RaftServerConfigKeys (ConfUtils.java:logGet(43)) - raft.server.log.appender.install.snapshot.enabled = false (custom)
2019-07-14 04:31:49,696 INFO  impl.RaftServerImpl (ServerState.java:<init>(105)) - 721d6aec-94ee-4930-b1a7-ce6c41ecc1c6:group-F821098A3765 ConfigurationManager, init=-1: [721d6aec-94ee-4930-b1a7-ce6c41ecc1c6:192.168.5.157:40344], old=null, confs=<EMPTY_MAP>
2019-07-14 04:31:49,696 INFO  server.RaftServerConfigKeys (ConfUtils.java:logGet(43)) - raft.server.storage.dir = [/tmp/workdir/hadoop-ozone/integration-test/target/test-dir/MiniOzoneClusterImpl-455df870-1475-4aa0-b7eb-6763b4ce75c6/datanode-4/data/ratis] (custom)
2019-07-14 04:31:49,696 INFO  storage.RaftStorageDirectory (RaftStorageDirectory.java:analyzeStorage(246)) - The storage directory /tmp/workdir/hadoop-ozone/integration-test/target/test-dir/MiniOzoneClusterImpl-455df870-1475-4aa0-b7eb-6763b4ce75c6/datanode-4/data/ratis/c82408ae-b429-4986-a41a-f821098a3765 does not exist. Creating ...
2019-07-14 04:31:49,708 INFO  storage.RaftStorageDirectory (RaftStorageDirectory.java:tryLock(328)) - Lock on /tmp/workdir/hadoop-ozone/integration-test/target/test-dir/MiniOzoneClusterImpl-455df870-1475-4aa0-b7eb-6763b4ce75c6/datanode-4/data/ratis/c82408ae-b429-4986-a41a-f821098a3765/in_use.lock acquired by nodename 7555@trunk-nightly-6h29n-2077950039
2019-07-14 04:31:49,720 INFO  storage.RaftStorage (RaftStorage.java:format(72)) - Storage directory /tmp/workdir/hadoop-ozone/integration-test/target/test-dir/MiniOzoneClusterImpl-455df870-1475-4aa0-b7eb-6763b4ce75c6/datanode-4/data/ratis/c82408ae-b429-4986-a41a-f821098a3765 has been successfully formatted.
2019-07-14 04:31:49,720 INFO  ratis.ContainerStateMachine (ContainerStateMachine.java:loadSnapshot(200)) - The snapshot info is null.Setting the last applied index to:(t:0, i:~)
2019-07-14 04:31:49,720 INFO  server.RaftServerConfigKeys (ConfUtils.java:logGet(43)) - raft.server.leader.election.timeout = 120s (custom)
2019-07-14 04:31:49,721 INFO  server.RaftServerConfigKeys (ConfUtils.java:logGet(43)) - raft.server.log.use.memory = false (default)
2019-07-14 04:31:49,721 INFO  server.RaftServerConfigKeys (ConfUtils.java:logGet(43)) - raft.server.log.purge.gap = 1000000000 (custom)
2019-07-14 04:31:49,721 INFO  server.RaftServerConfigKeys (ConfUtils.java:logGet(43)) - raft.server.log.appender.buffer.byte-limit = 33554432 (custom)
2019-07-14 04:31:49,721 INFO  server.RaftServerConfigKeys (ConfUtils.java:logGet(43)) - raft.server.log.segment.size.max = 1048576 (custom)
2019-07-14 04:31:49,721 INFO  server.RaftServerConfigKeys (ConfUtils.java:logGet(43)) - raft.server.log.segment.cache.num.max = 2 (custom)
2019-07-14 04:31:49,721 INFO  segmented.SegmentedRaftLogWorker (SegmentedRaftLogWorker.java:<init>(172)) - new 721d6aec-94ee-4930-b1a7-ce6c41ecc1c6-SegmentedRaftLogWorker:Storage Directory /tmp/workdir/hadoop-ozone/integration-test/target/test-dir/MiniOzoneClusterImpl-455df870-1475-4aa0-b7eb-6763b4ce75c6/datanode-4/data/ratis/c82408ae-b429-4986-a41a-f821098a3765 for RaftStorage:Storage Directory /tmp/workdir/hadoop-ozone/integration-test/target/test-dir/MiniOzoneClusterImpl-455df870-1475-4aa0-b7eb-6763b4ce75c6/datanode-4/data/ratis/c82408ae-b429-4986-a41a-f821098a3765
2019-07-14 04:31:49,722 INFO  server.RaftServerConfigKeys (ConfUtils.java:logGet(43)) - raft.server.log.queue.byte-limit = 2147483647 (custom)
2019-07-14 04:31:49,722 INFO  server.RaftServerConfigKeys (ConfUtils.java:logGet(43)) - raft.server.log.queue.element-limit = 1024 (custom)
2019-07-14 04:31:49,722 INFO  server.RaftServerConfigKeys (ConfUtils.java:logGet(43)) - raft.server.log.segment.size.max = 1048576 (custom)
2019-07-14 04:31:49,722 INFO  server.RaftServerConfigKeys (ConfUtils.java:logGet(43)) - raft.server.log.preallocated.size = 16384 (custom)
2019-07-14 04:31:49,722 INFO  server.RaftServerConfigKeys (ConfUtils.java:logGet(43)) - raft.server.log.write.buffer.size = 33554432 (custom)
2019-07-14 04:31:49,722 INFO  server.RaftServerConfigKeys (ConfUtils.java:logGet(43)) - raft.server.log.force.sync.num = 128 (default)
2019-07-14 04:31:49,723 INFO  server.RaftServerConfigKeys (ConfUtils.java:logGet(43)) - raft.server.log.statemachine.data.sync = true (default)
2019-07-14 04:31:49,723 INFO  server.RaftServerConfigKeys (ConfUtils.java:logGet(43)) - raft.server.log.statemachine.data.sync.timeout = 10s (default)
2019-07-14 04:31:49,723 INFO  server.RaftServerConfigKeys (ConfUtils.java:logGet(43)) - raft.server.log.statemachine.data.sync.timeout.retry = -1 (default)
2019-07-14 04:31:49,723 INFO  server.RaftServerConfigKeys (ConfUtils.java:logGet(43)) - raft.server.log.statemachine.data.caching.enabled = true (custom)
2019-07-14 04:31:49,724 INFO  segmented.SegmentedRaftLogWorker (SegmentedRaftLogWorker.java:lambda$new$0(132)) - 721d6aec-94ee-4930-b1a7-ce6c41ecc1c6-SegmentedRaftLogWorker:Storage Directory /tmp/workdir/hadoop-ozone/integration-test/target/test-dir/MiniOzoneClusterImpl-455df870-1475-4aa0-b7eb-6763b4ce75c6/datanode-4/data/ratis/c82408ae-b429-4986-a41a-f821098a3765: flushIndex: setUnconditionally 0 -> -1
2019-07-14 04:31:49,724 INFO  server.RaftServerConfigKeys (ConfUtils.java:logGet(43)) - raft.server.snapshot.auto.trigger.enabled = true (custom)
2019-07-14 04:31:49,724 INFO  server.RaftServerConfigKeys (ConfUtils.java:logGet(43)) - raft.server.snapshot.auto.trigger.threshold = 10000 (custom)
2019-07-14 04:31:49,724 INFO  server.RaftServerConfigKeys (ConfUtils.java:logGet(43)) - raft.server.retrycache.expirytime = 600000ms (custom)
2019-07-14 04:31:49,725 INFO  impl.RaftServerImpl (RaftServerImpl.java:start(180)) - 721d6aec-94ee-4930-b1a7-ce6c41ecc1c6: start group-F821098A3765
2019-07-14 04:31:49,725 INFO  impl.RaftServerImpl (RaftServerImpl.java:setRole(171)) - 721d6aec-94ee-4930-b1a7-ce6c41ecc1c6:group-F821098A3765 changes role from null to FOLLOWER at term 0 for startAsFollower
2019-07-14 04:31:49,725 INFO  impl.RoleInfo (RoleInfo.java:updateAndGet(143)) - 721d6aec-94ee-4930-b1a7-ce6c41ecc1c6: start FollowerState
2019-07-14 04:31:49,725 INFO  util.JmxRegister (JmxRegister.java:tryRegister(44)) - Successfully registered JMX Bean with object name Ratis:service=RaftServer,group=group-F821098A3765,id=721d6aec-94ee-4930-b1a7-ce6c41ecc1c6
2019-07-14 04:31:49,743 INFO  pipeline.PipelineStateManager (PipelineStateManager.java:addPipeline(56)) - Created pipeline Pipeline[ Id: c82408ae-b429-4986-a41a-f821098a3765, Nodes: 721d6aec-94ee-4930-b1a7-ce6c41ecc1c6{ip: 192.168.5.157, host: trunk-nightly-6h29n-2077950039, networkLocation: /default-rack, certSerialId: null}, Type:RATIS, Factor:ONE, State:OPEN]
2019-07-14 04:31:49,782 INFO  impl.RaftServerProxy (RaftServerProxy.java:addNew(89)) - 4b848755-ec7d-41fe-ad2c-918441e7cc49: addNew group-AF8385457FB2:[32916481-1fc8-4c47-883e-a397dbd42f32:192.168.5.157:36095, 4b848755-ec7d-41fe-ad2c-918441e7cc49:192.168.5.157:38032, 31ff6b63-f2c0-4895-83c0-1f591020bcf1:192.168.5.157:44454] returns group-AF8385457FB2:java.util.concurrent.CompletableFuture@7b12972c[Not completed]
2019-07-14 04:31:49,782 INFO  impl.RaftServerProxy (RaftServerProxy.java:addNew(89)) - 32916481-1fc8-4c47-883e-a397dbd42f32: addNew group-AF8385457FB2:[32916481-1fc8-4c47-883e-a397dbd42f32:192.168.5.157:36095, 4b848755-ec7d-41fe-ad2c-918441e7cc49:192.168.5.157:38032, 31ff6b63-f2c0-4895-83c0-1f591020bcf1:192.168.5.157:44454] returns group-AF8385457FB2:java.util.concurrent.CompletableFuture@47ce73ec[Not completed]
2019-07-14 04:31:49,782 INFO  impl.RaftServerProxy (RaftServerProxy.java:addNew(89)) - 31ff6b63-f2c0-4895-83c0-1f591020bcf1: addNew group-AF8385457FB2:[32916481-1fc8-4c47-883e-a397dbd42f32:192.168.5.157:36095, 4b848755-ec7d-41fe-ad2c-918441e7cc49:192.168.5.157:38032, 31ff6b63-f2c0-4895-83c0-1f591020bcf1:192.168.5.157:44454] returns group-AF8385457FB2:java.util.concurrent.CompletableFuture@63818e2f[Not completed]
2019-07-14 04:31:49,783 INFO  impl.RaftServerImpl (RaftServerImpl.java:<init>(93)) - 4b848755-ec7d-41fe-ad2c-918441e7cc49: new RaftServerImpl for group-AF8385457FB2:[32916481-1fc8-4c47-883e-a397dbd42f32:192.168.5.157:36095, 4b848755-ec7d-41fe-ad2c-918441e7cc49:192.168.5.157:38032, 31ff6b63-f2c0-4895-83c0-1f591020bcf1:192.168.5.157:44454] with ContainerStateMachine:uninitialized
2019-07-14 04:31:49,784 INFO  server.RaftServerConfigKeys (ConfUtils.java:logGet(43)) - raft.server.rpc.timeout.min = 5s (custom)
2019-07-14 04:31:49,784 INFO  server.RaftServerConfigKeys (ConfUtils.java:logGet(43)) - raft.server.rpc.timeout.max = 5200ms (custom)
2019-07-14 04:31:49,784 INFO  server.RaftServerConfigKeys (ConfUtils.java:logGet(43)) - raft.server.rpcslowness.timeout = 120s (custom)
2019-07-14 04:31:49,784 INFO  server.RaftServerConfigKeys (ConfUtils.java:logGet(43)) - raft.server.sleep.deviation.threshold = 300 (default)
2019-07-14 04:31:49,784 INFO  server.RaftServerConfigKeys (ConfUtils.java:logGet(43)) - raft.server.log.appender.install.snapshot.enabled = false (custom)
2019-07-14 04:31:49,784 INFO  impl.RaftServerImpl (RaftServerImpl.java:<init>(93)) - 32916481-1fc8-4c47-883e-a397dbd42f32: new RaftServerImpl for group-AF8385457FB2:[32916481-1fc8-4c47-883e-a397dbd42f32:192.168.5.157:36095, 4b848755-ec7d-41fe-ad2c-918441e7cc49:192.168.5.157:38032, 31ff6b63-f2c0-4895-83c0-1f591020bcf1:192.168.5.157:44454] with ContainerStateMachine:uninitialized
2019-07-14 04:31:49,785 INFO  impl.RaftServerImpl (ServerState.java:<init>(105)) - 4b848755-ec7d-41fe-ad2c-918441e7cc49:group-AF8385457FB2 ConfigurationManager, init=-1: [32916481-1fc8-4c47-883e-a397dbd42f32:192.168.5.157:36095, 4b848755-ec7d-41fe-ad2c-918441e7cc49:192.168.5.157:38032, 31ff6b63-f2c0-4895-83c0-1f591020bcf1:192.168.5.157:44454], old=null, confs=<EMPTY_MAP>
2019-07-14 04:31:49,785 INFO  server.RaftServerConfigKeys (ConfUtils.java:logGet(43)) - raft.server.rpc.timeout.min = 5s (custom)
2019-07-14 04:31:49,785 INFO  server.RaftServerConfigKeys (ConfUtils.java:logGet(43)) - raft.server.storage.dir = [/tmp/workdir/hadoop-ozone/integration-test/target/test-dir/MiniOzoneClusterImpl-455df870-1475-4aa0-b7eb-6763b4ce75c6/datanode-3/data/ratis] (custom)
2019-07-14 04:31:49,785 INFO  server.RaftServerConfigKeys (ConfUtils.java:logGet(43)) - raft.server.rpc.timeout.max = 5200ms (custom)
2019-07-14 04:31:49,785 INFO  impl.RaftServerImpl (RaftServerImpl.java:<init>(93)) - 31ff6b63-f2c0-4895-83c0-1f591020bcf1: new RaftServerImpl for group-AF8385457FB2:[32916481-1fc8-4c47-883e-a397dbd42f32:192.168.5.157:36095, 4b848755-ec7d-41fe-ad2c-918441e7cc49:192.168.5.157:38032, 31ff6b63-f2c0-4895-83c0-1f591020bcf1:192.168.5.157:44454] with ContainerStateMachine:uninitialized
2019-07-14 04:31:49,785 INFO  server.RaftServerConfigKeys (ConfUtils.java:logGet(43)) - raft.server.rpcslowness.timeout = 120s (custom)
2019-07-14 04:31:49,785 INFO  storage.RaftStorageDirectory (RaftStorageDirectory.java:analyzeStorage(246)) - The storage directory /tmp/workdir/hadoop-ozone/integration-test/target/test-dir/MiniOzoneClusterImpl-455df870-1475-4aa0-b7eb-6763b4ce75c6/datanode-3/data/ratis/dba2a23a-cb18-4ea1-8bc5-af8385457fb2 does not exist. Creating ...
2019-07-14 04:31:49,785 INFO  server.RaftServerConfigKeys (ConfUtils.java:logGet(43)) - raft.server.rpc.timeout.min = 5s (custom)
2019-07-14 04:31:49,786 INFO  server.RaftServerConfigKeys (ConfUtils.java:logGet(43)) - raft.server.sleep.deviation.threshold = 300 (default)
2019-07-14 04:31:49,786 INFO  server.RaftServerConfigKeys (ConfUtils.java:logGet(43)) - raft.server.rpc.timeout.max = 5200ms (custom)
2019-07-14 04:31:49,786 INFO  server.RaftServerConfigKeys (ConfUtils.java:logGet(43)) - raft.server.log.appender.install.snapshot.enabled = false (custom)
2019-07-14 04:31:49,786 INFO  server.RaftServerConfigKeys (ConfUtils.java:logGet(43)) - raft.server.rpcslowness.timeout = 120s (custom)
2019-07-14 04:31:49,786 INFO  impl.RaftServerImpl (ServerState.java:<init>(105)) - 32916481-1fc8-4c47-883e-a397dbd42f32:group-AF8385457FB2 ConfigurationManager, init=-1: [32916481-1fc8-4c47-883e-a397dbd42f32:192.168.5.157:36095, 4b848755-ec7d-41fe-ad2c-918441e7cc49:192.168.5.157:38032, 31ff6b63-f2c0-4895-83c0-1f591020bcf1:192.168.5.157:44454], old=null, confs=<EMPTY_MAP>
2019-07-14 04:31:49,786 INFO  server.RaftServerConfigKeys (ConfUtils.java:logGet(43)) - raft.server.sleep.deviation.threshold = 300 (default)
2019-07-14 04:31:49,787 INFO  server.RaftServerConfigKeys (ConfUtils.java:logGet(43)) - raft.server.storage.dir = [/tmp/workdir/hadoop-ozone/integration-test/target/test-dir/MiniOzoneClusterImpl-455df870-1475-4aa0-b7eb-6763b4ce75c6/datanode-0/data/ratis] (custom)
2019-07-14 04:31:49,787 INFO  server.RaftServerConfigKeys (ConfUtils.java:logGet(43)) - raft.server.log.appender.install.snapshot.enabled = false (custom)
2019-07-14 04:31:49,787 INFO  impl.RaftServerImpl (ServerState.java:<init>(105)) - 31ff6b63-f2c0-4895-83c0-1f591020bcf1:group-AF8385457FB2 ConfigurationManager, init=-1: [32916481-1fc8-4c47-883e-a397dbd42f32:192.168.5.157:36095, 4b848755-ec7d-41fe-ad2c-918441e7cc49:192.168.5.157:38032, 31ff6b63-f2c0-4895-83c0-1f591020bcf1:192.168.5.157:44454], old=null, confs=<EMPTY_MAP>
2019-07-14 04:31:49,787 INFO  storage.RaftStorageDirectory (RaftStorageDirectory.java:analyzeStorage(246)) - The storage directory /tmp/workdir/hadoop-ozone/integration-test/target/test-dir/MiniOzoneClusterImpl-455df870-1475-4aa0-b7eb-6763b4ce75c6/datanode-0/data/ratis/dba2a23a-cb18-4ea1-8bc5-af8385457fb2 does not exist. Creating ...
2019-07-14 04:31:49,787 INFO  server.RaftServerConfigKeys (ConfUtils.java:logGet(43)) - raft.server.storage.dir = [/tmp/workdir/hadoop-ozone/integration-test/target/test-dir/MiniOzoneClusterImpl-455df870-1475-4aa0-b7eb-6763b4ce75c6/datanode-2/data/ratis] (custom)
2019-07-14 04:31:49,787 INFO  storage.RaftStorageDirectory (RaftStorageDirectory.java:analyzeStorage(246)) - The storage directory /tmp/workdir/hadoop-ozone/integration-test/target/test-dir/MiniOzoneClusterImpl-455df870-1475-4aa0-b7eb-6763b4ce75c6/datanode-2/data/ratis/dba2a23a-cb18-4ea1-8bc5-af8385457fb2 does not exist. Creating ...
2019-07-14 04:31:49,799 INFO  storage.RaftStorageDirectory (RaftStorageDirectory.java:tryLock(328)) - Lock on /tmp/workdir/hadoop-ozone/integration-test/target/test-dir/MiniOzoneClusterImpl-455df870-1475-4aa0-b7eb-6763b4ce75c6/datanode-0/data/ratis/dba2a23a-cb18-4ea1-8bc5-af8385457fb2/in_use.lock acquired by nodename 7555@trunk-nightly-6h29n-2077950039
2019-07-14 04:31:49,799 INFO  storage.RaftStorageDirectory (RaftStorageDirectory.java:tryLock(328)) - Lock on /tmp/workdir/hadoop-ozone/integration-test/target/test-dir/MiniOzoneClusterImpl-455df870-1475-4aa0-b7eb-6763b4ce75c6/datanode-3/data/ratis/dba2a23a-cb18-4ea1-8bc5-af8385457fb2/in_use.lock acquired by nodename 7555@trunk-nightly-6h29n-2077950039
2019-07-14 04:31:49,799 INFO  storage.RaftStorageDirectory (RaftStorageDirectory.java:tryLock(328)) - Lock on /tmp/workdir/hadoop-ozone/integration-test/target/test-dir/MiniOzoneClusterImpl-455df870-1475-4aa0-b7eb-6763b4ce75c6/datanode-2/data/ratis/dba2a23a-cb18-4ea1-8bc5-af8385457fb2/in_use.lock acquired by nodename 7555@trunk-nightly-6h29n-2077950039
2019-07-14 04:31:49,811 INFO  storage.RaftStorage (RaftStorage.java:format(72)) - Storage directory /tmp/workdir/hadoop-ozone/integration-test/target/test-dir/MiniOzoneClusterImpl-455df870-1475-4aa0-b7eb-6763b4ce75c6/datanode-2/data/ratis/dba2a23a-cb18-4ea1-8bc5-af8385457fb2 has been successfully formatted.
2019-07-14 04:31:49,811 INFO  storage.RaftStorage (RaftStorage.java:format(72)) - Storage directory /tmp/workdir/hadoop-ozone/integration-test/target/test-dir/MiniOzoneClusterImpl-455df870-1475-4aa0-b7eb-6763b4ce75c6/datanode-0/data/ratis/dba2a23a-cb18-4ea1-8bc5-af8385457fb2 has been successfully formatted.
2019-07-14 04:31:49,811 INFO  storage.RaftStorage (RaftStorage.java:format(72)) - Storage directory /tmp/workdir/hadoop-ozone/integration-test/target/test-dir/MiniOzoneClusterImpl-455df870-1475-4aa0-b7eb-6763b4ce75c6/datanode-3/data/ratis/dba2a23a-cb18-4ea1-8bc5-af8385457fb2 has been successfully formatted.
2019-07-14 04:31:49,812 INFO  ratis.ContainerStateMachine (ContainerStateMachine.java:loadSnapshot(200)) - The snapshot info is null.Setting the last applied index to:(t:0, i:~)
2019-07-14 04:31:49,811 INFO  ratis.ContainerStateMachine (ContainerStateMachine.java:loadSnapshot(200)) - The snapshot info is null.Setting the last applied index to:(t:0, i:~)
2019-07-14 04:31:49,812 INFO  server.RaftServerConfigKeys (ConfUtils.java:logGet(43)) - raft.server.leader.election.timeout = 120s (custom)
2019-07-14 04:31:49,812 INFO  ratis.ContainerStateMachine (ContainerStateMachine.java:loadSnapshot(200)) - The snapshot info is null.Setting the last applied index to:(t:0, i:~)
2019-07-14 04:31:49,812 INFO  server.RaftServerConfigKeys (ConfUtils.java:logGet(43)) - raft.server.log.use.memory = false (default)
2019-07-14 04:31:49,812 INFO  server.RaftServerConfigKeys (ConfUtils.java:logGet(43)) - raft.server.leader.election.timeout = 120s (custom)
2019-07-14 04:31:49,812 INFO  server.RaftServerConfigKeys (ConfUtils.java:logGet(43)) - raft.server.log.purge.gap = 1000000000 (custom)
2019-07-14 04:31:49,812 INFO  server.RaftServerConfigKeys (ConfUtils.java:logGet(43)) - raft.server.leader.election.timeout = 120s (custom)
2019-07-14 04:31:49,813 INFO  server.RaftServerConfigKeys (ConfUtils.java:logGet(43)) - raft.server.log.appender.buffer.byte-limit = 33554432 (custom)
2019-07-14 04:31:49,813 INFO  server.RaftServerConfigKeys (ConfUtils.java:logGet(43)) - raft.server.log.use.memory = false (default)
2019-07-14 04:31:49,813 INFO  server.RaftServerConfigKeys (ConfUtils.java:logGet(43)) - raft.server.log.segment.size.max = 1048576 (custom)
2019-07-14 04:31:49,813 INFO  server.RaftServerConfigKeys (ConfUtils.java:logGet(43)) - raft.server.log.use.memory = false (default)
2019-07-14 04:31:49,813 INFO  server.RaftServerConfigKeys (ConfUtils.java:logGet(43)) - raft.server.log.segment.cache.num.max = 2 (custom)
2019-07-14 04:31:49,813 INFO  server.RaftServerConfigKeys (ConfUtils.java:logGet(43)) - raft.server.log.purge.gap = 1000000000 (custom)
2019-07-14 04:31:49,814 INFO  segmented.SegmentedRaftLogWorker (SegmentedRaftLogWorker.java:<init>(172)) - new 32916481-1fc8-4c47-883e-a397dbd42f32-SegmentedRaftLogWorker:Storage Directory /tmp/workdir/hadoop-ozone/integration-test/target/test-dir/MiniOzoneClusterImpl-455df870-1475-4aa0-b7eb-6763b4ce75c6/datanode-0/data/ratis/dba2a23a-cb18-4ea1-8bc5-af8385457fb2 for RaftStorage:Storage Directory /tmp/workdir/hadoop-ozone/integration-test/target/test-dir/MiniOzoneClusterImpl-455df870-1475-4aa0-b7eb-6763b4ce75c6/datanode-0/data/ratis/dba2a23a-cb18-4ea1-8bc5-af8385457fb2
2019-07-14 04:31:49,814 INFO  server.RaftServerConfigKeys (ConfUtils.java:logGet(43)) - raft.server.log.purge.gap = 1000000000 (custom)
2019-07-14 04:31:49,814 INFO  server.RaftServerConfigKeys (ConfUtils.java:logGet(43)) - raft.server.log.queue.byte-limit = 2147483647 (custom)
2019-07-14 04:31:49,814 INFO  server.RaftServerConfigKeys (ConfUtils.java:logGet(43)) - raft.server.log.appender.buffer.byte-limit = 33554432 (custom)
2019-07-14 04:31:49,816 INFO  server.RaftServerConfigKeys (ConfUtils.java:logGet(43)) - raft.server.log.queue.element-limit = 1024 (custom)
2019-07-14 04:31:49,814 INFO  server.RaftServerConfigKeys (ConfUtils.java:logGet(43)) - raft.server.log.appender.buffer.byte-limit = 33554432 (custom)
2019-07-14 04:31:49,817 INFO  server.RaftServerConfigKeys (ConfUtils.java:logGet(43)) - raft.server.log.segment.size.max = 1048576 (custom)
2019-07-14 04:31:49,817 INFO  server.RaftServerConfigKeys (ConfUtils.java:logGet(43)) - raft.server.log.segment.size.max = 1048576 (custom)
2019-07-14 04:31:49,817 INFO  server.RaftServerConfigKeys (ConfUtils.java:logGet(43)) - raft.server.log.preallocated.size = 16384 (custom)
2019-07-14 04:31:49,817 INFO  server.RaftServerConfigKeys (ConfUtils.java:logGet(43)) - raft.server.log.segment.size.max = 1048576 (custom)
2019-07-14 04:31:49,817 INFO  server.RaftServerConfigKeys (ConfUtils.java:logGet(43)) - raft.server.log.write.buffer.size = 33554432 (custom)
2019-07-14 04:31:49,817 INFO  server.RaftServerConfigKeys (ConfUtils.java:logGet(43)) - raft.server.log.segment.cache.num.max = 2 (custom)
2019-07-14 04:31:49,818 INFO  server.RaftServerConfigKeys (ConfUtils.java:logGet(43)) - raft.server.log.force.sync.num = 128 (default)
2019-07-14 04:31:49,818 INFO  server.RaftServerConfigKeys (ConfUtils.java:logGet(43)) - raft.server.log.segment.cache.num.max = 2 (custom)
2019-07-14 04:31:49,818 INFO  server.RaftServerConfigKeys (ConfUtils.java:logGet(43)) - raft.server.log.statemachine.data.sync = true (default)
2019-07-14 04:31:49,818 INFO  segmented.SegmentedRaftLogWorker (SegmentedRaftLogWorker.java:<init>(172)) - new 31ff6b63-f2c0-4895-83c0-1f591020bcf1-SegmentedRaftLogWorker:Storage Directory /tmp/workdir/hadoop-ozone/integration-test/target/test-dir/MiniOzoneClusterImpl-455df870-1475-4aa0-b7eb-6763b4ce75c6/datanode-2/data/ratis/dba2a23a-cb18-4ea1-8bc5-af8385457fb2 for RaftStorage:Storage Directory /tmp/workdir/hadoop-ozone/integration-test/target/test-dir/MiniOzoneClusterImpl-455df870-1475-4aa0-b7eb-6763b4ce75c6/datanode-2/data/ratis/dba2a23a-cb18-4ea1-8bc5-af8385457fb2
2019-07-14 04:31:49,818 INFO  server.RaftServerConfigKeys (ConfUtils.java:logGet(43)) - raft.server.log.statemachine.data.sync.timeout = 10s (default)
2019-07-14 04:31:49,818 INFO  segmented.SegmentedRaftLogWorker (SegmentedRaftLogWorker.java:<init>(172)) - new 4b848755-ec7d-41fe-ad2c-918441e7cc49-SegmentedRaftLogWorker:Storage Directory /tmp/workdir/hadoop-ozone/integration-test/target/test-dir/MiniOzoneClusterImpl-455df870-1475-4aa0-b7eb-6763b4ce75c6/datanode-3/data/ratis/dba2a23a-cb18-4ea1-8bc5-af8385457fb2 for RaftStorage:Storage Directory /tmp/workdir/hadoop-ozone/integration-test/target/test-dir/MiniOzoneClusterImpl-455df870-1475-4aa0-b7eb-6763b4ce75c6/datanode-3/data/ratis/dba2a23a-cb18-4ea1-8bc5-af8385457fb2
2019-07-14 04:31:49,819 INFO  server.RaftServerConfigKeys (ConfUtils.java:logGet(43)) - raft.server.log.statemachine.data.sync.timeout.retry = -1 (default)
2019-07-14 04:31:49,819 INFO  server.RaftServerConfigKeys (ConfUtils.java:logGet(43)) - raft.server.log.queue.byte-limit = 2147483647 (custom)
2019-07-14 04:31:49,822 INFO  server.RaftServerConfigKeys (ConfUtils.java:logGet(43)) - raft.server.log.statemachine.data.caching.enabled = true (custom)
2019-07-14 04:31:49,820 INFO  server.RaftServerConfigKeys (ConfUtils.java:logGet(43)) - raft.server.log.queue.byte-limit = 2147483647 (custom)
2019-07-14 04:31:49,822 INFO  server.RaftServerConfigKeys (ConfUtils.java:logGet(43)) - raft.server.log.queue.element-limit = 1024 (custom)
2019-07-14 04:31:49,823 INFO  segmented.SegmentedRaftLogWorker (SegmentedRaftLogWorker.java:lambda$new$0(132)) - 32916481-1fc8-4c47-883e-a397dbd42f32-SegmentedRaftLogWorker:Storage Directory /tmp/workdir/hadoop-ozone/integration-test/target/test-dir/MiniOzoneClusterImpl-455df870-1475-4aa0-b7eb-6763b4ce75c6/datanode-0/data/ratis/dba2a23a-cb18-4ea1-8bc5-af8385457fb2: flushIndex: setUnconditionally 0 -> -1
2019-07-14 04:31:49,823 INFO  server.RaftServerConfigKeys (ConfUtils.java:logGet(43)) - raft.server.log.queue.element-limit = 1024 (custom)
2019-07-14 04:31:49,823 INFO  server.RaftServerConfigKeys (ConfUtils.java:logGet(43)) - raft.server.log.segment.size.max = 1048576 (custom)
2019-07-14 04:31:49,823 INFO  server.RaftServerConfigKeys (ConfUtils.java:logGet(43)) - raft.server.snapshot.auto.trigger.enabled = true (custom)
2019-07-14 04:31:49,823 INFO  server.RaftServerConfigKeys (ConfUtils.java:logGet(43)) - raft.server.log.segment.size.max = 1048576 (custom)
2019-07-14 04:31:49,823 INFO  server.RaftServerConfigKeys (ConfUtils.java:logGet(43)) - raft.server.snapshot.auto.trigger.threshold = 10000 (custom)
2019-07-14 04:31:49,823 INFO  server.RaftServerConfigKeys (ConfUtils.java:logGet(43)) - raft.server.log.preallocated.size = 16384 (custom)
2019-07-14 04:31:49,824 INFO  server.RaftServerConfigKeys (ConfUtils.java:logGet(43)) - raft.server.log.preallocated.size = 16384 (custom)
2019-07-14 04:31:49,824 INFO  server.RaftServerConfigKeys (ConfUtils.java:logGet(43)) - raft.server.retrycache.expirytime = 600000ms (custom)
2019-07-14 04:31:49,824 INFO  server.RaftServerConfigKeys (ConfUtils.java:logGet(43)) - raft.server.log.write.buffer.size = 33554432 (custom)
2019-07-14 04:31:49,824 INFO  impl.RaftServerImpl (RaftServerImpl.java:start(180)) - 32916481-1fc8-4c47-883e-a397dbd42f32: start group-AF8385457FB2
2019-07-14 04:31:49,825 INFO  impl.RaftServerImpl (RaftServerImpl.java:setRole(171)) - 32916481-1fc8-4c47-883e-a397dbd42f32:group-AF8385457FB2 changes role from null to FOLLOWER at term 0 for startAsFollower
2019-07-14 04:31:49,824 INFO  server.RaftServerConfigKeys (ConfUtils.java:logGet(43)) - raft.server.log.write.buffer.size = 33554432 (custom)
2019-07-14 04:31:49,825 INFO  impl.RoleInfo (RoleInfo.java:updateAndGet(143)) - 32916481-1fc8-4c47-883e-a397dbd42f32: start FollowerState
2019-07-14 04:31:49,824 INFO  server.RaftServerConfigKeys (ConfUtils.java:logGet(43)) - raft.server.log.force.sync.num = 128 (default)
2019-07-14 04:31:49,825 INFO  server.RaftServerConfigKeys (ConfUtils.java:logGet(43)) - raft.server.log.force.sync.num = 128 (default)
2019-07-14 04:31:49,825 INFO  util.JmxRegister (JmxRegister.java:tryRegister(44)) - Successfully registered JMX Bean with object name Ratis:service=RaftServer,group=group-AF8385457FB2,id=32916481-1fc8-4c47-883e-a397dbd42f32
2019-07-14 04:31:49,825 INFO  server.RaftServerConfigKeys (ConfUtils.java:logGet(43)) - raft.server.log.statemachine.data.sync = true (default)
2019-07-14 04:31:49,826 INFO  server.RaftServerConfigKeys (ConfUtils.java:logGet(43)) - raft.server.log.statemachine.data.sync = true (default)
2019-07-14 04:31:49,826 INFO  server.RaftServerConfigKeys (ConfUtils.java:logGet(43)) - raft.server.log.statemachine.data.sync.timeout = 10s (default)
2019-07-14 04:31:49,826 INFO  server.RaftServerConfigKeys (ConfUtils.java:logGet(43)) - raft.server.log.statemachine.data.sync.timeout = 10s (default)
2019-07-14 04:31:49,826 INFO  server.RaftServerConfigKeys (ConfUtils.java:logGet(43)) - raft.server.log.statemachine.data.sync.timeout.retry = -1 (default)
2019-07-14 04:31:49,826 INFO  server.RaftServerConfigKeys (ConfUtils.java:logGet(43)) - raft.server.log.statemachine.data.sync.timeout.retry = -1 (default)
2019-07-14 04:31:49,827 INFO  server.RaftServerConfigKeys (ConfUtils.java:logGet(43)) - raft.server.log.statemachine.data.caching.enabled = true (custom)
2019-07-14 04:31:49,827 INFO  server.RaftServerConfigKeys (ConfUtils.java:logGet(43)) - raft.server.log.statemachine.data.caching.enabled = true (custom)
2019-07-14 04:31:49,827 INFO  segmented.SegmentedRaftLogWorker (SegmentedRaftLogWorker.java:lambda$new$0(132)) - 31ff6b63-f2c0-4895-83c0-1f591020bcf1-SegmentedRaftLogWorker:Storage Directory /tmp/workdir/hadoop-ozone/integration-test/target/test-dir/MiniOzoneClusterImpl-455df870-1475-4aa0-b7eb-6763b4ce75c6/datanode-2/data/ratis/dba2a23a-cb18-4ea1-8bc5-af8385457fb2: flushIndex: setUnconditionally 0 -> -1
2019-07-14 04:31:49,827 INFO  segmented.SegmentedRaftLogWorker (SegmentedRaftLogWorker.java:lambda$new$0(132)) - 4b848755-ec7d-41fe-ad2c-918441e7cc49-SegmentedRaftLogWorker:Storage Directory /tmp/workdir/hadoop-ozone/integration-test/target/test-dir/MiniOzoneClusterImpl-455df870-1475-4aa0-b7eb-6763b4ce75c6/datanode-3/data/ratis/dba2a23a-cb18-4ea1-8bc5-af8385457fb2: flushIndex: setUnconditionally 0 -> -1
2019-07-14 04:31:49,827 INFO  server.RaftServerConfigKeys (ConfUtils.java:logGet(43)) - raft.server.snapshot.auto.trigger.enabled = true (custom)
2019-07-14 04:31:49,827 INFO  server.RaftServerConfigKeys (ConfUtils.java:logGet(43)) - raft.server.snapshot.auto.trigger.threshold = 10000 (custom)
2019-07-14 04:31:49,827 INFO  server.RaftServerConfigKeys (ConfUtils.java:logGet(43)) - raft.server.snapshot.auto.trigger.enabled = true (custom)
2019-07-14 04:31:49,828 INFO  server.RaftServerConfigKeys (ConfUtils.java:logGet(43)) - raft.server.retrycache.expirytime = 600000ms (custom)
2019-07-14 04:31:49,828 INFO  server.RaftServerConfigKeys (ConfUtils.java:logGet(43)) - raft.server.snapshot.auto.trigger.threshold = 10000 (custom)
2019-07-14 04:31:49,830 INFO  impl.RaftServerImpl (RaftServerImpl.java:start(180)) - 31ff6b63-f2c0-4895-83c0-1f591020bcf1: start group-AF8385457FB2
2019-07-14 04:31:49,830 INFO  impl.RaftServerImpl (RaftServerImpl.java:setRole(171)) - 31ff6b63-f2c0-4895-83c0-1f591020bcf1:group-AF8385457FB2 changes role from null to FOLLOWER at term 0 for startAsFollower
2019-07-14 04:31:49,830 INFO  server.RaftServerConfigKeys (ConfUtils.java:logGet(43)) - raft.server.retrycache.expirytime = 600000ms (custom)
2019-07-14 04:31:49,830 INFO  impl.RoleInfo (RoleInfo.java:updateAndGet(143)) - 31ff6b63-f2c0-4895-83c0-1f591020bcf1: start FollowerState
2019-07-14 04:31:49,831 INFO  impl.RaftServerImpl (RaftServerImpl.java:start(180)) - 4b848755-ec7d-41fe-ad2c-918441e7cc49: start group-AF8385457FB2
2019-07-14 04:31:49,833 INFO  impl.RaftServerImpl (RaftServerImpl.java:setRole(171)) - 4b848755-ec7d-41fe-ad2c-918441e7cc49:group-AF8385457FB2 changes role from null to FOLLOWER at term 0 for startAsFollower
2019-07-14 04:31:49,833 INFO  util.JmxRegister (JmxRegister.java:tryRegister(44)) - Successfully registered JMX Bean with object name Ratis:service=RaftServer,group=group-AF8385457FB2,id=31ff6b63-f2c0-4895-83c0-1f591020bcf1
2019-07-14 04:31:49,833 INFO  impl.RoleInfo (RoleInfo.java:updateAndGet(143)) - 4b848755-ec7d-41fe-ad2c-918441e7cc49: start FollowerState
2019-07-14 04:31:49,834 INFO  util.JmxRegister (JmxRegister.java:tryRegister(44)) - Successfully registered JMX Bean with object name Ratis:service=RaftServer,group=group-AF8385457FB2,id=4b848755-ec7d-41fe-ad2c-918441e7cc49
2019-07-14 04:31:49,846 INFO  pipeline.PipelineStateManager (PipelineStateManager.java:addPipeline(56)) - Created pipeline Pipeline[ Id: dba2a23a-cb18-4ea1-8bc5-af8385457fb2, Nodes: 32916481-1fc8-4c47-883e-a397dbd42f32{ip: 192.168.5.157, host: trunk-nightly-6h29n-2077950039, networkLocation: /default-rack, certSerialId: null}31ff6b63-f2c0-4895-83c0-1f591020bcf1{ip: 192.168.5.157, host: trunk-nightly-6h29n-2077950039, networkLocation: /default-rack, certSerialId: null}4b848755-ec7d-41fe-ad2c-918441e7cc49{ip: 192.168.5.157, host: trunk-nightly-6h29n-2077950039, networkLocation: /default-rack, certSerialId: null}, Type:RATIS, Factor:THREE, State:OPEN]
2019-07-14 04:31:49,871 INFO  impl.RaftServerProxy (RaftServerProxy.java:addNew(89)) - a3c2c22c-63c3-4393-9cc5-d0f3199441a0: addNew group-339F621537D4:[9e73fbb7-ac7c-4586-b557-95e629bce8e9:192.168.5.157:35468, a3c2c22c-63c3-4393-9cc5-d0f3199441a0:192.168.5.157:37667, 6c5654d4-b68b-4990-ae23-e5ea3909aeb5:192.168.5.157:43265] returns group-339F621537D4:java.util.concurrent.CompletableFuture@7646a9[Not completed]
2019-07-14 04:31:49,874 INFO  impl.RaftServerImpl (RaftServerImpl.java:<init>(93)) - a3c2c22c-63c3-4393-9cc5-d0f3199441a0: new RaftServerImpl for group-339F621537D4:[9e73fbb7-ac7c-4586-b557-95e629bce8e9:192.168.5.157:35468, a3c2c22c-63c3-4393-9cc5-d0f3199441a0:192.168.5.157:37667, 6c5654d4-b68b-4990-ae23-e5ea3909aeb5:192.168.5.157:43265] with ContainerStateMachine:uninitialized
2019-07-14 04:31:49,875 INFO  server.RaftServerConfigKeys (ConfUtils.java:logGet(43)) - raft.server.rpc.timeout.min = 5s (custom)
2019-07-14 04:31:49,875 INFO  server.RaftServerConfigKeys (ConfUtils.java:logGet(43)) - raft.server.rpc.timeout.max = 5200ms (custom)
2019-07-14 04:31:49,876 INFO  server.RaftServerConfigKeys (ConfUtils.java:logGet(43)) - raft.server.rpcslowness.timeout = 120s (custom)
2019-07-14 04:31:49,877 INFO  server.RaftServerConfigKeys (ConfUtils.java:logGet(43)) - raft.server.sleep.deviation.threshold = 300 (default)
2019-07-14 04:31:49,877 INFO  impl.RaftServerProxy (RaftServerProxy.java:addNew(89)) - 9e73fbb7-ac7c-4586-b557-95e629bce8e9: addNew group-339F621537D4:[9e73fbb7-ac7c-4586-b557-95e629bce8e9:192.168.5.157:35468, a3c2c22c-63c3-4393-9cc5-d0f3199441a0:192.168.5.157:37667, 6c5654d4-b68b-4990-ae23-e5ea3909aeb5:192.168.5.157:43265] returns group-339F621537D4:java.util.concurrent.CompletableFuture@176f5eb1[Not completed]
2019-07-14 04:31:49,877 INFO  server.RaftServerConfigKeys (ConfUtils.java:logGet(43)) - raft.server.log.appender.install.snapshot.enabled = false (custom)
2019-07-14 04:31:49,877 INFO  impl.RaftServerProxy (RaftServerProxy.java:addNew(89)) - 6c5654d4-b68b-4990-ae23-e5ea3909aeb5: addNew group-339F621537D4:[9e73fbb7-ac7c-4586-b557-95e629bce8e9:192.168.5.157:35468, a3c2c22c-63c3-4393-9cc5-d0f3199441a0:192.168.5.157:37667, 6c5654d4-b68b-4990-ae23-e5ea3909aeb5:192.168.5.157:43265] returns group-339F621537D4:java.util.concurrent.CompletableFuture@4ecafcc4[Not completed]
2019-07-14 04:31:49,877 INFO  impl.RaftServerImpl (ServerState.java:<init>(105)) - a3c2c22c-63c3-4393-9cc5-d0f3199441a0:group-339F621537D4 ConfigurationManager, init=-1: [9e73fbb7-ac7c-4586-b557-95e629bce8e9:192.168.5.157:35468, a3c2c22c-63c3-4393-9cc5-d0f3199441a0:192.168.5.157:37667, 6c5654d4-b68b-4990-ae23-e5ea3909aeb5:192.168.5.157:43265], old=null, confs=<EMPTY_MAP>
2019-07-14 04:31:49,878 INFO  server.RaftServerConfigKeys (ConfUtils.java:logGet(43)) - raft.server.storage.dir = [/tmp/workdir/hadoop-ozone/integration-test/target/test-dir/MiniOzoneClusterImpl-455df870-1475-4aa0-b7eb-6763b4ce75c6/datanode-5/data/ratis] (custom)
2019-07-14 04:31:49,878 INFO  impl.RaftServerImpl (RaftServerImpl.java:<init>(93)) - 9e73fbb7-ac7c-4586-b557-95e629bce8e9: new RaftServerImpl for group-339F621537D4:[9e73fbb7-ac7c-4586-b557-95e629bce8e9:192.168.5.157:35468, a3c2c22c-63c3-4393-9cc5-d0f3199441a0:192.168.5.157:37667, 6c5654d4-b68b-4990-ae23-e5ea3909aeb5:192.168.5.157:43265] with ContainerStateMachine:uninitialized
2019-07-14 04:31:49,878 INFO  storage.RaftStorageDirectory (RaftStorageDirectory.java:analyzeStorage(246)) - The storage directory /tmp/workdir/hadoop-ozone/integration-test/target/test-dir/MiniOzoneClusterImpl-455df870-1475-4aa0-b7eb-6763b4ce75c6/datanode-5/data/ratis/cee80bf1-89aa-47fd-8c9b-339f621537d4 does not exist. Creating ...
2019-07-14 04:31:49,878 INFO  server.RaftServerConfigKeys (ConfUtils.java:logGet(43)) - raft.server.rpc.timeout.min = 5s (custom)
2019-07-14 04:31:49,879 INFO  server.RaftServerConfigKeys (ConfUtils.java:logGet(43)) - raft.server.rpc.timeout.max = 5200ms (custom)
2019-07-14 04:31:49,879 INFO  server.RaftServerConfigKeys (ConfUtils.java:logGet(43)) - raft.server.rpcslowness.timeout = 120s (custom)
2019-07-14 04:31:49,879 INFO  impl.RaftServerImpl (RaftServerImpl.java:<init>(93)) - 6c5654d4-b68b-4990-ae23-e5ea3909aeb5: new RaftServerImpl for group-339F621537D4:[9e73fbb7-ac7c-4586-b557-95e629bce8e9:192.168.5.157:35468, a3c2c22c-63c3-4393-9cc5-d0f3199441a0:192.168.5.157:37667, 6c5654d4-b68b-4990-ae23-e5ea3909aeb5:192.168.5.157:43265] with ContainerStateMachine:uninitialized
2019-07-14 04:31:49,879 INFO  server.RaftServerConfigKeys (ConfUtils.java:logGet(43)) - raft.server.sleep.deviation.threshold = 300 (default)
2019-07-14 04:31:49,879 INFO  server.RaftServerConfigKeys (ConfUtils.java:logGet(43)) - raft.server.rpc.timeout.min = 5s (custom)
2019-07-14 04:31:49,879 INFO  server.RaftServerConfigKeys (ConfUtils.java:logGet(43)) - raft.server.log.appender.install.snapshot.enabled = false (custom)
2019-07-14 04:31:49,879 INFO  server.RaftServerConfigKeys (ConfUtils.java:logGet(43)) - raft.server.rpc.timeout.max = 5200ms (custom)
2019-07-14 04:31:49,880 INFO  impl.RaftServerImpl (ServerState.java:<init>(105)) - 9e73fbb7-ac7c-4586-b557-95e629bce8e9:group-339F621537D4 ConfigurationManager, init=-1: [9e73fbb7-ac7c-4586-b557-95e629bce8e9:192.168.5.157:35468, a3c2c22c-63c3-4393-9cc5-d0f3199441a0:192.168.5.157:37667, 6c5654d4-b68b-4990-ae23-e5ea3909aeb5:192.168.5.157:43265], old=null, confs=<EMPTY_MAP>
2019-07-14 04:31:49,880 INFO  server.RaftServerConfigKeys (ConfUtils.java:logGet(43)) - raft.server.rpcslowness.timeout = 120s (custom)
2019-07-14 04:31:49,880 INFO  server.RaftServerConfigKeys (ConfUtils.java:logGet(43)) - raft.server.sleep.deviation.threshold = 300 (default)
2019-07-14 04:31:49,880 INFO  server.RaftServerConfigKeys (ConfUtils.java:logGet(43)) - raft.server.storage.dir = [/tmp/workdir/hadoop-ozone/integration-test/target/test-dir/MiniOzoneClusterImpl-455df870-1475-4aa0-b7eb-6763b4ce75c6/datanode-6/data/ratis] (custom)
2019-07-14 04:31:49,880 INFO  server.RaftServerConfigKeys (ConfUtils.java:logGet(43)) - raft.server.log.appender.install.snapshot.enabled = false (custom)
2019-07-14 04:31:49,880 INFO  impl.RaftServerImpl (ServerState.java:<init>(105)) - 6c5654d4-b68b-4990-ae23-e5ea3909aeb5:group-339F621537D4 ConfigurationManager, init=-1: [9e73fbb7-ac7c-4586-b557-95e629bce8e9:192.168.5.157:35468, a3c2c22c-63c3-4393-9cc5-d0f3199441a0:192.168.5.157:37667, 6c5654d4-b68b-4990-ae23-e5ea3909aeb5:192.168.5.157:43265], old=null, confs=<EMPTY_MAP>
2019-07-14 04:31:49,881 INFO  storage.RaftStorageDirectory (RaftStorageDirectory.java:analyzeStorage(246)) - The storage directory /tmp/workdir/hadoop-ozone/integration-test/target/test-dir/MiniOzoneClusterImpl-455df870-1475-4aa0-b7eb-6763b4ce75c6/datanode-6/data/ratis/cee80bf1-89aa-47fd-8c9b-339f621537d4 does not exist. Creating ...
2019-07-14 04:31:49,881 INFO  server.RaftServerConfigKeys (ConfUtils.java:logGet(43)) - raft.server.storage.dir = [/tmp/workdir/hadoop-ozone/integration-test/target/test-dir/MiniOzoneClusterImpl-455df870-1475-4aa0-b7eb-6763b4ce75c6/datanode-1/data/ratis] (custom)
2019-07-14 04:31:49,881 INFO  storage.RaftStorageDirectory (RaftStorageDirectory.java:analyzeStorage(246)) - The storage directory /tmp/workdir/hadoop-ozone/integration-test/target/test-dir/MiniOzoneClusterImpl-455df870-1475-4aa0-b7eb-6763b4ce75c6/datanode-1/data/ratis/cee80bf1-89aa-47fd-8c9b-339f621537d4 does not exist. Creating ...
2019-07-14 04:31:49,884 INFO  storage.RaftStorageDirectory (RaftStorageDirectory.java:tryLock(328)) - Lock on /tmp/workdir/hadoop-ozone/integration-test/target/test-dir/MiniOzoneClusterImpl-455df870-1475-4aa0-b7eb-6763b4ce75c6/datanode-1/data/ratis/cee80bf1-89aa-47fd-8c9b-339f621537d4/in_use.lock acquired by nodename 7555@trunk-nightly-6h29n-2077950039
2019-07-14 04:31:49,884 INFO  storage.RaftStorageDirectory (RaftStorageDirectory.java:tryLock(328)) - Lock on /tmp/workdir/hadoop-ozone/integration-test/target/test-dir/MiniOzoneClusterImpl-455df870-1475-4aa0-b7eb-6763b4ce75c6/datanode-5/data/ratis/cee80bf1-89aa-47fd-8c9b-339f621537d4/in_use.lock acquired by nodename 7555@trunk-nightly-6h29n-2077950039
2019-07-14 04:31:49,884 INFO  storage.RaftStorageDirectory (RaftStorageDirectory.java:tryLock(328)) - Lock on /tmp/workdir/hadoop-ozone/integration-test/target/test-dir/MiniOzoneClusterImpl-455df870-1475-4aa0-b7eb-6763b4ce75c6/datanode-6/data/ratis/cee80bf1-89aa-47fd-8c9b-339f621537d4/in_use.lock acquired by nodename 7555@trunk-nightly-6h29n-2077950039
2019-07-14 04:31:49,897 INFO  storage.RaftStorage (RaftStorage.java:format(72)) - Storage directory /tmp/workdir/hadoop-ozone/integration-test/target/test-dir/MiniOzoneClusterImpl-455df870-1475-4aa0-b7eb-6763b4ce75c6/datanode-5/data/ratis/cee80bf1-89aa-47fd-8c9b-339f621537d4 has been successfully formatted.
2019-07-14 04:31:49,897 INFO  storage.RaftStorage (RaftStorage.java:format(72)) - Storage directory /tmp/workdir/hadoop-ozone/integration-test/target/test-dir/MiniOzoneClusterImpl-455df870-1475-4aa0-b7eb-6763b4ce75c6/datanode-6/data/ratis/cee80bf1-89aa-47fd-8c9b-339f621537d4 has been successfully formatted.
2019-07-14 04:31:49,897 INFO  storage.RaftStorage (RaftStorage.java:format(72)) - Storage directory /tmp/workdir/hadoop-ozone/integration-test/target/test-dir/MiniOzoneClusterImpl-455df870-1475-4aa0-b7eb-6763b4ce75c6/datanode-1/data/ratis/cee80bf1-89aa-47fd-8c9b-339f621537d4 has been successfully formatted.
2019-07-14 04:31:49,897 INFO  ratis.ContainerStateMachine (ContainerStateMachine.java:loadSnapshot(200)) - The snapshot info is null.Setting the last applied index to:(t:0, i:~)
2019-07-14 04:31:49,897 INFO  ratis.ContainerStateMachine (ContainerStateMachine.java:loadSnapshot(200)) - The snapshot info is null.Setting the last applied index to:(t:0, i:~)
2019-07-14 04:31:49,897 INFO  server.RaftServerConfigKeys (ConfUtils.java:logGet(43)) - raft.server.leader.election.timeout = 120s (custom)
2019-07-14 04:31:49,897 INFO  ratis.ContainerStateMachine (ContainerStateMachine.java:loadSnapshot(200)) - The snapshot info is null.Setting the last applied index to:(t:0, i:~)
2019-07-14 04:31:49,897 INFO  server.RaftServerConfigKeys (ConfUtils.java:logGet(43)) - raft.server.log.use.memory = false (default)
2019-07-14 04:31:49,897 INFO  server.RaftServerConfigKeys (ConfUtils.java:logGet(43)) - raft.server.leader.election.timeout = 120s (custom)
2019-07-14 04:31:49,898 INFO  server.RaftServerConfigKeys (ConfUtils.java:logGet(43)) - raft.server.log.purge.gap = 1000000000 (custom)
2019-07-14 04:31:49,898 INFO  server.RaftServerConfigKeys (ConfUtils.java:logGet(43)) - raft.server.leader.election.timeout = 120s (custom)
2019-07-14 04:31:49,898 INFO  server.RaftServerConfigKeys (ConfUtils.java:logGet(43)) - raft.server.log.appender.buffer.byte-limit = 33554432 (custom)
2019-07-14 04:31:49,898 INFO  server.RaftServerConfigKeys (ConfUtils.java:logGet(43)) - raft.server.log.use.memory = false (default)
2019-07-14 04:31:49,898 INFO  server.RaftServerConfigKeys (ConfUtils.java:logGet(43)) - raft.server.log.segment.size.max = 1048576 (custom)
2019-07-14 04:31:49,898 INFO  server.RaftServerConfigKeys (ConfUtils.java:logGet(43)) - raft.server.log.use.memory = false (default)
2019-07-14 04:31:49,899 INFO  server.RaftServerConfigKeys (ConfUtils.java:logGet(43)) - raft.server.log.segment.cache.num.max = 2 (custom)
2019-07-14 04:31:49,898 INFO  server.RaftServerConfigKeys (ConfUtils.java:logGet(43)) - raft.server.log.purge.gap = 1000000000 (custom)
2019-07-14 04:31:49,899 INFO  segmented.SegmentedRaftLogWorker (SegmentedRaftLogWorker.java:<init>(172)) - new 9e73fbb7-ac7c-4586-b557-95e629bce8e9-SegmentedRaftLogWorker:Storage Directory /tmp/workdir/hadoop-ozone/integration-test/target/test-dir/MiniOzoneClusterImpl-455df870-1475-4aa0-b7eb-6763b4ce75c6/datanode-6/data/ratis/cee80bf1-89aa-47fd-8c9b-339f621537d4 for RaftStorage:Storage Directory /tmp/workdir/hadoop-ozone/integration-test/target/test-dir/MiniOzoneClusterImpl-455df870-1475-4aa0-b7eb-6763b4ce75c6/datanode-6/data/ratis/cee80bf1-89aa-47fd-8c9b-339f621537d4
2019-07-14 04:31:49,899 INFO  server.RaftServerConfigKeys (ConfUtils.java:logGet(43)) - raft.server.log.purge.gap = 1000000000 (custom)
2019-07-14 04:31:49,899 INFO  server.RaftServerConfigKeys (ConfUtils.java:logGet(43)) - raft.server.log.queue.byte-limit = 2147483647 (custom)
2019-07-14 04:31:49,899 INFO  server.RaftServerConfigKeys (ConfUtils.java:logGet(43)) - raft.server.log.appender.buffer.byte-limit = 33554432 (custom)
2019-07-14 04:31:49,901 INFO  server.RaftServerConfigKeys (ConfUtils.java:logGet(43)) - raft.server.log.queue.element-limit = 1024 (custom)
2019-07-14 04:31:49,901 INFO  server.RaftServerConfigKeys (ConfUtils.java:logGet(43)) - raft.server.log.appender.buffer.byte-limit = 33554432 (custom)
2019-07-14 04:31:49,902 INFO  server.RaftServerConfigKeys (ConfUtils.java:logGet(43)) - raft.server.log.segment.size.max = 1048576 (custom)
2019-07-14 04:31:49,901 INFO  server.RaftServerConfigKeys (ConfUtils.java:logGet(43)) - raft.server.log.segment.size.max = 1048576 (custom)
2019-07-14 04:31:49,902 INFO  server.RaftServerConfigKeys (ConfUtils.java:logGet(43)) - raft.server.log.preallocated.size = 16384 (custom)
2019-07-14 04:31:49,902 INFO  server.RaftServerConfigKeys (ConfUtils.java:logGet(43)) - raft.server.log.segment.size.max = 1048576 (custom)
2019-07-14 04:31:49,902 INFO  server.RaftServerConfigKeys (ConfUtils.java:logGet(43)) - raft.server.log.write.buffer.size = 33554432 (custom)
2019-07-14 04:31:49,902 INFO  server.RaftServerConfigKeys (ConfUtils.java:logGet(43)) - raft.server.log.segment.cache.num.max = 2 (custom)
2019-07-14 04:31:49,902 INFO  server.RaftServerConfigKeys (ConfUtils.java:logGet(43)) - raft.server.log.force.sync.num = 128 (default)
2019-07-14 04:31:49,902 INFO  server.RaftServerConfigKeys (ConfUtils.java:logGet(43)) - raft.server.log.segment.cache.num.max = 2 (custom)
2019-07-14 04:31:49,903 INFO  server.RaftServerConfigKeys (ConfUtils.java:logGet(43)) - raft.server.log.statemachine.data.sync = true (default)
2019-07-14 04:31:49,902 INFO  segmented.SegmentedRaftLogWorker (SegmentedRaftLogWorker.java:<init>(172)) - new a3c2c22c-63c3-4393-9cc5-d0f3199441a0-SegmentedRaftLogWorker:Storage Directory /tmp/workdir/hadoop-ozone/integration-test/target/test-dir/MiniOzoneClusterImpl-455df870-1475-4aa0-b7eb-6763b4ce75c6/datanode-5/data/ratis/cee80bf1-89aa-47fd-8c9b-339f621537d4 for RaftStorage:Storage Directory /tmp/workdir/hadoop-ozone/integration-test/target/test-dir/MiniOzoneClusterImpl-455df870-1475-4aa0-b7eb-6763b4ce75c6/datanode-5/data/ratis/cee80bf1-89aa-47fd-8c9b-339f621537d4
2019-07-14 04:31:49,903 INFO  server.RaftServerConfigKeys (ConfUtils.java:logGet(43)) - raft.server.log.statemachine.data.sync.timeout = 10s (default)
2019-07-14 04:31:49,903 INFO  segmented.SegmentedRaftLogWorker (SegmentedRaftLogWorker.java:<init>(172)) - new 6c5654d4-b68b-4990-ae23-e5ea3909aeb5-SegmentedRaftLogWorker:Storage Directory /tmp/workdir/hadoop-ozone/integration-test/target/test-dir/MiniOzoneClusterImpl-455df870-1475-4aa0-b7eb-6763b4ce75c6/datanode-1/data/ratis/cee80bf1-89aa-47fd-8c9b-339f621537d4 for RaftStorage:Storage Directory /tmp/workdir/hadoop-ozone/integration-test/target/test-dir/MiniOzoneClusterImpl-455df870-1475-4aa0-b7eb-6763b4ce75c6/datanode-1/data/ratis/cee80bf1-89aa-47fd-8c9b-339f621537d4
2019-07-14 04:31:49,903 INFO  server.RaftServerConfigKeys (ConfUtils.java:logGet(43)) - raft.server.log.statemachine.data.sync.timeout.retry = -1 (default)
2019-07-14 04:31:49,903 INFO  server.RaftServerConfigKeys (ConfUtils.java:logGet(43)) - raft.server.log.queue.byte-limit = 2147483647 (custom)
2019-07-14 04:31:49,905 INFO  server.RaftServerConfigKeys (ConfUtils.java:logGet(43)) - raft.server.log.queue.byte-limit = 2147483647 (custom)
2019-07-14 04:31:49,907 INFO  server.RaftServerConfigKeys (ConfUtils.java:logGet(43)) - raft.server.log.statemachine.data.caching.enabled = true (custom)
2019-07-14 04:31:49,907 INFO  server.RaftServerConfigKeys (ConfUtils.java:logGet(43)) - raft.server.log.queue.element-limit = 1024 (custom)
2019-07-14 04:31:49,907 INFO  server.RaftServerConfigKeys (ConfUtils.java:logGet(43)) - raft.server.log.queue.element-limit = 1024 (custom)
2019-07-14 04:31:49,908 INFO  server.RaftServerConfigKeys (ConfUtils.java:logGet(43)) - raft.server.log.segment.size.max = 1048576 (custom)
2019-07-14 04:31:49,908 INFO  segmented.SegmentedRaftLogWorker (SegmentedRaftLogWorker.java:lambda$new$0(132)) - 9e73fbb7-ac7c-4586-b557-95e629bce8e9-SegmentedRaftLogWorker:Storage Directory /tmp/workdir/hadoop-ozone/integration-test/target/test-dir/MiniOzoneClusterImpl-455df870-1475-4aa0-b7eb-6763b4ce75c6/datanode-6/data/ratis/cee80bf1-89aa-47fd-8c9b-339f621537d4: flushIndex: setUnconditionally 0 -> -1
2019-07-14 04:31:49,908 INFO  server.RaftServerConfigKeys (ConfUtils.java:logGet(43)) - raft.server.log.preallocated.size = 16384 (custom)
2019-07-14 04:31:49,908 INFO  server.RaftServerConfigKeys (ConfUtils.java:logGet(43)) - raft.server.log.segment.size.max = 1048576 (custom)
2019-07-14 04:31:49,908 INFO  server.RaftServerConfigKeys (ConfUtils.java:logGet(43)) - raft.server.log.write.buffer.size = 33554432 (custom)
2019-07-14 04:31:49,908 INFO  server.RaftServerConfigKeys (ConfUtils.java:logGet(43)) - raft.server.snapshot.auto.trigger.enabled = true (custom)
2019-07-14 04:31:49,908 INFO  server.RaftServerConfigKeys (ConfUtils.java:logGet(43)) - raft.server.log.force.sync.num = 128 (default)
2019-07-14 04:31:49,908 INFO  server.RaftServerConfigKeys (ConfUtils.java:logGet(43)) - raft.server.log.preallocated.size = 16384 (custom)
2019-07-14 04:31:49,909 INFO  server.RaftServerConfigKeys (ConfUtils.java:logGet(43)) - raft.server.log.statemachine.data.sync = true (default)
2019-07-14 04:31:49,909 INFO  server.RaftServerConfigKeys (ConfUtils.java:logGet(43)) - raft.server.snapshot.auto.trigger.threshold = 10000 (custom)
2019-07-14 04:31:49,909 INFO  server.RaftServerConfigKeys (ConfUtils.java:logGet(43)) - raft.server.log.statemachine.data.sync.timeout = 10s (default)
2019-07-14 04:31:49,909 INFO  server.RaftServerConfigKeys (ConfUtils.java:logGet(43)) - raft.server.retrycache.expirytime = 600000ms (custom)
2019-07-14 04:31:49,909 INFO  server.RaftServerConfigKeys (ConfUtils.java:logGet(43)) - raft.server.log.write.buffer.size = 33554432 (custom)
2019-07-14 04:31:49,909 INFO  impl.RaftServerImpl (RaftServerImpl.java:start(180)) - 9e73fbb7-ac7c-4586-b557-95e629bce8e9: start group-339F621537D4
2019-07-14 04:31:49,909 INFO  server.RaftServerConfigKeys (ConfUtils.java:logGet(43)) - raft.server.log.statemachine.data.sync.timeout.retry = -1 (default)
2019-07-14 04:31:49,910 INFO  impl.RaftServerImpl (RaftServerImpl.java:setRole(171)) - 9e73fbb7-ac7c-4586-b557-95e629bce8e9:group-339F621537D4 changes role from null to FOLLOWER at term 0 for startAsFollower
2019-07-14 04:31:49,909 INFO  server.RaftServerConfigKeys (ConfUtils.java:logGet(43)) - raft.server.log.force.sync.num = 128 (default)
2019-07-14 04:31:49,910 INFO  impl.RoleInfo (RoleInfo.java:updateAndGet(143)) - 9e73fbb7-ac7c-4586-b557-95e629bce8e9: start FollowerState
2019-07-14 04:31:49,910 INFO  server.RaftServerConfigKeys (ConfUtils.java:logGet(43)) - raft.server.log.statemachine.data.caching.enabled = true (custom)
2019-07-14 04:31:49,910 INFO  server.RaftServerConfigKeys (ConfUtils.java:logGet(43)) - raft.server.log.statemachine.data.sync = true (default)
2019-07-14 04:31:49,910 INFO  segmented.SegmentedRaftLogWorker (SegmentedRaftLogWorker.java:lambda$new$0(132)) - a3c2c22c-63c3-4393-9cc5-d0f3199441a0-SegmentedRaftLogWorker:Storage Directory /tmp/workdir/hadoop-ozone/integration-test/target/test-dir/MiniOzoneClusterImpl-455df870-1475-4aa0-b7eb-6763b4ce75c6/datanode-5/data/ratis/cee80bf1-89aa-47fd-8c9b-339f621537d4: flushIndex: setUnconditionally 0 -> -1
2019-07-14 04:31:49,910 INFO  util.JmxRegister (JmxRegister.java:tryRegister(44)) - Successfully registered JMX Bean with object name Ratis:service=RaftServer,group=group-339F621537D4,id=9e73fbb7-ac7c-4586-b557-95e629bce8e9
2019-07-14 04:31:49,910 INFO  server.RaftServerConfigKeys (ConfUtils.java:logGet(43)) - raft.server.log.statemachine.data.sync.timeout = 10s (default)
2019-07-14 04:31:49,911 INFO  server.RaftServerConfigKeys (ConfUtils.java:logGet(43)) - raft.server.snapshot.auto.trigger.enabled = true (custom)
2019-07-14 04:31:49,911 INFO  server.RaftServerConfigKeys (ConfUtils.java:logGet(43)) - raft.server.log.statemachine.data.sync.timeout.retry = -1 (default)
2019-07-14 04:31:49,911 INFO  server.RaftServerConfigKeys (ConfUtils.java:logGet(43)) - raft.server.snapshot.auto.trigger.threshold = 10000 (custom)
2019-07-14 04:31:49,911 INFO  server.RaftServerConfigKeys (ConfUtils.java:logGet(43)) - raft.server.log.statemachine.data.caching.enabled = true (custom)
2019-07-14 04:31:49,911 INFO  server.RaftServerConfigKeys (ConfUtils.java:logGet(43)) - raft.server.retrycache.expirytime = 600000ms (custom)
2019-07-14 04:31:49,911 INFO  segmented.SegmentedRaftLogWorker (SegmentedRaftLogWorker.java:lambda$new$0(132)) - 6c5654d4-b68b-4990-ae23-e5ea3909aeb5-SegmentedRaftLogWorker:Storage Directory /tmp/workdir/hadoop-ozone/integration-test/target/test-dir/MiniOzoneClusterImpl-455df870-1475-4aa0-b7eb-6763b4ce75c6/datanode-1/data/ratis/cee80bf1-89aa-47fd-8c9b-339f621537d4: flushIndex: setUnconditionally 0 -> -1
2019-07-14 04:31:49,912 INFO  impl.RaftServerImpl (RaftServerImpl.java:start(180)) - a3c2c22c-63c3-4393-9cc5-d0f3199441a0: start group-339F621537D4
2019-07-14 04:31:49,912 INFO  server.RaftServerConfigKeys (ConfUtils.java:logGet(43)) - raft.server.snapshot.auto.trigger.enabled = true (custom)
2019-07-14 04:31:49,912 INFO  impl.RaftServerImpl (RaftServerImpl.java:setRole(171)) - a3c2c22c-63c3-4393-9cc5-d0f3199441a0:group-339F621537D4 changes role from null to FOLLOWER at term 0 for startAsFollower
2019-07-14 04:31:49,912 INFO  server.RaftServerConfigKeys (ConfUtils.java:logGet(43)) - raft.server.snapshot.auto.trigger.threshold = 10000 (custom)
2019-07-14 04:31:49,914 INFO  impl.RoleInfo (RoleInfo.java:updateAndGet(143)) - a3c2c22c-63c3-4393-9cc5-d0f3199441a0: start FollowerState
2019-07-14 04:31:49,914 INFO  server.RaftServerConfigKeys (ConfUtils.java:logGet(43)) - raft.server.retrycache.expirytime = 600000ms (custom)
2019-07-14 04:31:49,914 INFO  impl.RaftServerImpl (RaftServerImpl.java:start(180)) - 6c5654d4-b68b-4990-ae23-e5ea3909aeb5: start group-339F621537D4
2019-07-14 04:31:49,916 INFO  util.JmxRegister (JmxRegister.java:tryRegister(44)) - Successfully registered JMX Bean with object name Ratis:service=RaftServer,group=group-339F621537D4,id=a3c2c22c-63c3-4393-9cc5-d0f3199441a0
2019-07-14 04:31:49,916 INFO  impl.RaftServerImpl (RaftServerImpl.java:setRole(171)) - 6c5654d4-b68b-4990-ae23-e5ea3909aeb5:group-339F621537D4 changes role from null to FOLLOWER at term 0 for startAsFollower
2019-07-14 04:31:49,920 INFO  impl.RoleInfo (RoleInfo.java:updateAndGet(143)) - 6c5654d4-b68b-4990-ae23-e5ea3909aeb5: start FollowerState
2019-07-14 04:31:49,921 INFO  util.JmxRegister (JmxRegister.java:tryRegister(44)) - Successfully registered JMX Bean with object name Ratis:service=RaftServer,group=group-339F621537D4,id=6c5654d4-b68b-4990-ae23-e5ea3909aeb5
2019-07-14 04:31:49,938 INFO  pipeline.PipelineStateManager (PipelineStateManager.java:addPipeline(56)) - Created pipeline Pipeline[ Id: cee80bf1-89aa-47fd-8c9b-339f621537d4, Nodes: 9e73fbb7-ac7c-4586-b557-95e629bce8e9{ip: 192.168.5.157, host: trunk-nightly-6h29n-2077950039, networkLocation: /default-rack, certSerialId: null}6c5654d4-b68b-4990-ae23-e5ea3909aeb5{ip: 192.168.5.157, host: trunk-nightly-6h29n-2077950039, networkLocation: /default-rack, certSerialId: null}a3c2c22c-63c3-4393-9cc5-d0f3199441a0{ip: 192.168.5.157, host: trunk-nightly-6h29n-2077950039, networkLocation: /default-rack, certSerialId: null}, Type:RATIS, Factor:THREE, State:OPEN]
2019-07-14 04:31:50,401 INFO  ozone.MiniOzoneClusterImpl (MiniOzoneClusterImpl.java:lambda$waitForClusterToBeReady$0(142)) - Cluster is ready. Got 7 of 7 DN Heartbeats.
2019-07-14 04:31:50,727 INFO  rpc.RpcClient (RpcClient.java:createVolume(287)) - Creating Volume: closecontainerexceptionhandlingtest, with jenkins1000 as owner.
2019-07-14 04:31:50,781 INFO  rpc.RpcClient (RpcClient.java:createBucket(424)) - Creating Bucket: closecontainerexceptionhandlingtest/closecontainerexceptionhandlingtest, with Versioning false and Storage Type set to DISK and Encryption set to false 
2019-07-14 04:31:51,107 INFO  container.ReplicationManager (ReplicationManager.java:start(155)) - Starting Replication Monitor Thread.
2019-07-14 04:31:51,111 INFO  container.ReplicationManager (ReplicationManager.java:run(207)) - Replication Monitor Thread took 1 milliseconds for processing 1 containers.
2019-07-14 04:31:51,126 INFO  client.GrpcClientProtocolClient (GrpcClientProtocolClient.java:onNext(255)) - client-6E663B4EDC22->9e73fbb7-ac7c-4586-b557-95e629bce8e9: receive RaftClientReply:client-6E663B4EDC22->9e73fbb7-ac7c-4586-b557-95e629bce8e9@group-339F621537D4, cid=13, FAILED org.apache.ratis.protocol.NotLeaderException: Server 9e73fbb7-ac7c-4586-b557-95e629bce8e9 is not the leader (null). Request must be sent to leader., logIndex=0, commits[9e73fbb7-ac7c-4586-b557-95e629bce8e9:c-1]
2019-07-14 04:31:52,185 INFO  client.GrpcClientProtocolClient (GrpcClientProtocolClient.java:onNext(255)) - client-6E663B4EDC22->6c5654d4-b68b-4990-ae23-e5ea3909aeb5: receive RaftClientReply:client-6E663B4EDC22->6c5654d4-b68b-4990-ae23-e5ea3909aeb5@group-339F621537D4, cid=13, FAILED org.apache.ratis.protocol.NotLeaderException: Server 6c5654d4-b68b-4990-ae23-e5ea3909aeb5 is not the leader (null). Request must be sent to leader., logIndex=0, commits[6c5654d4-b68b-4990-ae23-e5ea3909aeb5:c-1]
2019-07-14 04:31:53,228 INFO  client.GrpcClientProtocolClient (GrpcClientProtocolClient.java:onNext(255)) - client-6E663B4EDC22->a3c2c22c-63c3-4393-9cc5-d0f3199441a0: receive RaftClientReply:client-6E663B4EDC22->a3c2c22c-63c3-4393-9cc5-d0f3199441a0@group-339F621537D4, cid=13, FAILED org.apache.ratis.protocol.NotLeaderException: Server a3c2c22c-63c3-4393-9cc5-d0f3199441a0 is not the leader (null). Request must be sent to leader., logIndex=0, commits[a3c2c22c-63c3-4393-9cc5-d0f3199441a0:c-1]
2019-07-14 04:31:54,267 INFO  client.GrpcClientProtocolClient (GrpcClientProtocolClient.java:onNext(255)) - client-6E663B4EDC22->6c5654d4-b68b-4990-ae23-e5ea3909aeb5: receive RaftClientReply:client-6E663B4EDC22->6c5654d4-b68b-4990-ae23-e5ea3909aeb5@group-339F621537D4, cid=13, FAILED org.apache.ratis.protocol.NotLeaderException: Server 6c5654d4-b68b-4990-ae23-e5ea3909aeb5 is not the leader (null). Request must be sent to leader., logIndex=0, commits[6c5654d4-b68b-4990-ae23-e5ea3909aeb5:c-1]
2019-07-14 04:31:54,379 INFO  impl.FollowerState (FollowerState.java:run(106)) - 32916481-1fc8-4c47-883e-a397dbd42f32:group-387127F0927D changes to CANDIDATE, lastRpcTime:5172, electionTimeout:5171ms
2019-07-14 04:31:54,380 INFO  impl.RoleInfo (RoleInfo.java:shutdownFollowerState(121)) - 32916481-1fc8-4c47-883e-a397dbd42f32: shutdown FollowerState
2019-07-14 04:31:54,380 INFO  impl.RaftServerImpl (RaftServerImpl.java:setRole(171)) - 32916481-1fc8-4c47-883e-a397dbd42f32:group-387127F0927D changes role from FOLLOWER to CANDIDATE at term 0 for changeToCandidate
2019-07-14 04:31:54,388 INFO  impl.RoleInfo (RoleInfo.java:updateAndGet(143)) - 32916481-1fc8-4c47-883e-a397dbd42f32: start LeaderElection
2019-07-14 04:31:54,410 INFO  impl.LeaderElection (LeaderElection.java:askForVotes(181)) - 32916481-1fc8-4c47-883e-a397dbd42f32:group-387127F0927D:LeaderElection1: begin an election at term 1 for -1: [32916481-1fc8-4c47-883e-a397dbd42f32:192.168.5.157:36095], old=null
2019-07-14 04:31:54,412 INFO  impl.RoleInfo (RoleInfo.java:shutdownLeaderElection(134)) - 32916481-1fc8-4c47-883e-a397dbd42f32: shutdown LeaderElection
2019-07-14 04:31:54,413 INFO  impl.RaftServerImpl (RaftServerImpl.java:setRole(171)) - 32916481-1fc8-4c47-883e-a397dbd42f32:group-387127F0927D changes role from CANDIDATE to LEADER at term 1 for changeToLeader
2019-07-14 04:31:54,413 INFO  impl.RaftServerImpl (ServerState.java:setLeader(263)) - 32916481-1fc8-4c47-883e-a397dbd42f32:group-387127F0927D change Leader from null to 32916481-1fc8-4c47-883e-a397dbd42f32 at term 1 for becomeLeader, leader elected after 5285ms
2019-07-14 04:31:54,423 INFO  server.RaftServerConfigKeys (ConfUtils.java:logGet(43)) - raft.server.staging.catchup.gap = 1000 (default)
2019-07-14 04:31:54,423 INFO  server.RaftServerConfigKeys (ConfUtils.java:logGet(43)) - raft.server.rpc.sleep.time = 25ms (default)
2019-07-14 04:31:54,427 INFO  server.RaftServerConfigKeys (ConfUtils.java:logGet(43)) - raft.server.write.element-limit = 4096 (default)
2019-07-14 04:31:54,430 INFO  server.RaftServerConfigKeys (ConfUtils.java:logGet(43)) - raft.server.watch.timeout = 10s (default)
2019-07-14 04:31:54,431 INFO  server.RaftServerConfigKeys (ConfUtils.java:logGet(43)) - raft.server.watch.timeout.denomination = 1s (default)
2019-07-14 04:31:54,432 INFO  server.RaftServerConfigKeys (ConfUtils.java:logGet(43)) - raft.server.watch.element-limit = 65536 (default)
2019-07-14 04:31:54,442 INFO  impl.RoleInfo (RoleInfo.java:updateAndGet(143)) - 32916481-1fc8-4c47-883e-a397dbd42f32: start LeaderState
2019-07-14 04:31:54,469 INFO  segmented.SegmentedRaftLogWorker (SegmentedRaftLogWorker.java:startLogSegment(380)) - 32916481-1fc8-4c47-883e-a397dbd42f32-SegmentedRaftLogWorker:Storage Directory /tmp/workdir/hadoop-ozone/integration-test/target/test-dir/MiniOzoneClusterImpl-455df870-1475-4aa0-b7eb-6763b4ce75c6/datanode-0/data/ratis/e813467e-7034-4068-9489-387127f0927d: Starting segment from index:0
2019-07-14 04:31:54,478 INFO  impl.RaftServerImpl (ServerState.java:setRaftConf(361)) - 32916481-1fc8-4c47-883e-a397dbd42f32:group-387127F0927D set configuration 0: [32916481-1fc8-4c47-883e-a397dbd42f32:192.168.5.157:36095], old=null at 0
2019-07-14 04:31:54,505 INFO  impl.FollowerState (FollowerState.java:run(106)) - 31ff6b63-f2c0-4895-83c0-1f591020bcf1:group-3B9793121901 changes to CANDIDATE, lastRpcTime:5134, electionTimeout:5133ms
2019-07-14 04:31:54,507 INFO  impl.RoleInfo (RoleInfo.java:shutdownFollowerState(121)) - 31ff6b63-f2c0-4895-83c0-1f591020bcf1: shutdown FollowerState
2019-07-14 04:31:54,507 INFO  impl.RaftServerImpl (RaftServerImpl.java:setRole(171)) - 31ff6b63-f2c0-4895-83c0-1f591020bcf1:group-3B9793121901 changes role from FOLLOWER to CANDIDATE at term 0 for changeToCandidate
2019-07-14 04:31:54,508 INFO  impl.RoleInfo (RoleInfo.java:updateAndGet(143)) - 31ff6b63-f2c0-4895-83c0-1f591020bcf1: start LeaderElection
2019-07-14 04:31:54,527 INFO  impl.LeaderElection (LeaderElection.java:askForVotes(181)) - 31ff6b63-f2c0-4895-83c0-1f591020bcf1:group-3B9793121901:LeaderElection2: begin an election at term 1 for -1: [31ff6b63-f2c0-4895-83c0-1f591020bcf1:192.168.5.157:44454], old=null
2019-07-14 04:31:54,527 INFO  impl.RoleInfo (RoleInfo.java:shutdownLeaderElection(134)) - 31ff6b63-f2c0-4895-83c0-1f591020bcf1: shutdown LeaderElection
2019-07-14 04:31:54,527 INFO  impl.RaftServerImpl (RaftServerImpl.java:setRole(171)) - 31ff6b63-f2c0-4895-83c0-1f591020bcf1:group-3B9793121901 changes role from CANDIDATE to LEADER at term 1 for changeToLeader
2019-07-14 04:31:54,527 INFO  impl.RaftServerImpl (ServerState.java:setLeader(263)) - 31ff6b63-f2c0-4895-83c0-1f591020bcf1:group-3B9793121901 change Leader from null to 31ff6b63-f2c0-4895-83c0-1f591020bcf1 at term 1 for becomeLeader, leader elected after 5163ms
2019-07-14 04:31:54,529 INFO  server.RaftServerConfigKeys (ConfUtils.java:logGet(43)) - raft.server.staging.catchup.gap = 1000 (default)
2019-07-14 04:31:54,529 INFO  server.RaftServerConfigKeys (ConfUtils.java:logGet(43)) - raft.server.rpc.sleep.time = 25ms (default)
2019-07-14 04:31:54,530 INFO  server.RaftServerConfigKeys (ConfUtils.java:logGet(43)) - raft.server.write.element-limit = 4096 (default)
2019-07-14 04:31:54,530 INFO  server.RaftServerConfigKeys (ConfUtils.java:logGet(43)) - raft.server.watch.timeout = 10s (default)
2019-07-14 04:31:54,530 INFO  server.RaftServerConfigKeys (ConfUtils.java:logGet(43)) - raft.server.watch.timeout.denomination = 1s (default)
2019-07-14 04:31:54,530 INFO  server.RaftServerConfigKeys (ConfUtils.java:logGet(43)) - raft.server.watch.element-limit = 65536 (default)
2019-07-14 04:31:54,531 INFO  impl.RoleInfo (RoleInfo.java:updateAndGet(143)) - 31ff6b63-f2c0-4895-83c0-1f591020bcf1: start LeaderState
2019-07-14 04:31:54,531 INFO  segmented.SegmentedRaftLogWorker (SegmentedRaftLogWorker.java:startLogSegment(380)) - 31ff6b63-f2c0-4895-83c0-1f591020bcf1-SegmentedRaftLogWorker:Storage Directory /tmp/workdir/hadoop-ozone/integration-test/target/test-dir/MiniOzoneClusterImpl-455df870-1475-4aa0-b7eb-6763b4ce75c6/datanode-2/data/ratis/f83f7f1a-2a19-4798-bc2c-3b9793121901: Starting segment from index:0
2019-07-14 04:31:54,532 INFO  impl.RaftServerImpl (ServerState.java:setRaftConf(361)) - 31ff6b63-f2c0-4895-83c0-1f591020bcf1:group-3B9793121901 set configuration 0: [31ff6b63-f2c0-4895-83c0-1f591020bcf1:192.168.5.157:44454], old=null at 0
2019-07-14 04:31:54,624 INFO  impl.FollowerState (FollowerState.java:run(106)) - 4b848755-ec7d-41fe-ad2c-918441e7cc49:group-DA325CB646CF changes to CANDIDATE, lastRpcTime:5173, electionTimeout:5173ms
2019-07-14 04:31:54,624 INFO  impl.RoleInfo (RoleInfo.java:shutdownFollowerState(121)) - 4b848755-ec7d-41fe-ad2c-918441e7cc49: shutdown FollowerState
2019-07-14 04:31:54,624 INFO  impl.RaftServerImpl (RaftServerImpl.java:setRole(171)) - 4b848755-ec7d-41fe-ad2c-918441e7cc49:group-DA325CB646CF changes role from FOLLOWER to CANDIDATE at term 0 for changeToCandidate
2019-07-14 04:31:54,624 INFO  impl.RoleInfo (RoleInfo.java:updateAndGet(143)) - 4b848755-ec7d-41fe-ad2c-918441e7cc49: start LeaderElection
2019-07-14 04:31:54,643 INFO  impl.LeaderElection (LeaderElection.java:askForVotes(181)) - 4b848755-ec7d-41fe-ad2c-918441e7cc49:group-DA325CB646CF:LeaderElection3: begin an election at term 1 for -1: [4b848755-ec7d-41fe-ad2c-918441e7cc49:192.168.5.157:38032], old=null
2019-07-14 04:31:54,643 INFO  impl.RoleInfo (RoleInfo.java:shutdownLeaderElection(134)) - 4b848755-ec7d-41fe-ad2c-918441e7cc49: shutdown LeaderElection
2019-07-14 04:31:54,643 INFO  impl.RaftServerImpl (RaftServerImpl.java:setRole(171)) - 4b848755-ec7d-41fe-ad2c-918441e7cc49:group-DA325CB646CF changes role from CANDIDATE to LEADER at term 1 for changeToLeader
2019-07-14 04:31:54,644 INFO  impl.RaftServerImpl (ServerState.java:setLeader(263)) - 4b848755-ec7d-41fe-ad2c-918441e7cc49:group-DA325CB646CF change Leader from null to 4b848755-ec7d-41fe-ad2c-918441e7cc49 at term 1 for becomeLeader, leader elected after 5199ms
2019-07-14 04:31:54,645 INFO  server.RaftServerConfigKeys (ConfUtils.java:logGet(43)) - raft.server.staging.catchup.gap = 1000 (default)
2019-07-14 04:31:54,646 INFO  server.RaftServerConfigKeys (ConfUtils.java:logGet(43)) - raft.server.rpc.sleep.time = 25ms (default)
2019-07-14 04:31:54,646 INFO  server.RaftServerConfigKeys (ConfUtils.java:logGet(43)) - raft.server.write.element-limit = 4096 (default)
2019-07-14 04:31:54,646 INFO  server.RaftServerConfigKeys (ConfUtils.java:logGet(43)) - raft.server.watch.timeout = 10s (default)
2019-07-14 04:31:54,646 INFO  server.RaftServerConfigKeys (ConfUtils.java:logGet(43)) - raft.server.watch.timeout.denomination = 1s (default)
2019-07-14 04:31:54,646 INFO  server.RaftServerConfigKeys (ConfUtils.java:logGet(43)) - raft.server.watch.element-limit = 65536 (default)
2019-07-14 04:31:54,647 INFO  impl.RoleInfo (RoleInfo.java:updateAndGet(143)) - 4b848755-ec7d-41fe-ad2c-918441e7cc49: start LeaderState
2019-07-14 04:31:54,647 INFO  segmented.SegmentedRaftLogWorker (SegmentedRaftLogWorker.java:startLogSegment(380)) - 4b848755-ec7d-41fe-ad2c-918441e7cc49-SegmentedRaftLogWorker:Storage Directory /tmp/workdir/hadoop-ozone/integration-test/target/test-dir/MiniOzoneClusterImpl-455df870-1475-4aa0-b7eb-6763b4ce75c6/datanode-3/data/ratis/d52b5f38-00fc-4caf-929b-da325cb646cf: Starting segment from index:0
2019-07-14 04:31:54,647 INFO  impl.RaftServerImpl (ServerState.java:setRaftConf(361)) - 4b848755-ec7d-41fe-ad2c-918441e7cc49:group-DA325CB646CF set configuration 0: [4b848755-ec7d-41fe-ad2c-918441e7cc49:192.168.5.157:38032], old=null at 0
2019-07-14 04:31:54,657 INFO  impl.FollowerState (FollowerState.java:run(106)) - 6c5654d4-b68b-4990-ae23-e5ea3909aeb5:group-7F38298E62F3 changes to CANDIDATE, lastRpcTime:5065, electionTimeout:5065ms
2019-07-14 04:31:54,658 INFO  impl.RoleInfo (RoleInfo.java:shutdownFollowerState(121)) - 6c5654d4-b68b-4990-ae23-e5ea3909aeb5: shutdown FollowerState
2019-07-14 04:31:54,658 INFO  impl.RaftServerImpl (RaftServerImpl.java:setRole(171)) - 6c5654d4-b68b-4990-ae23-e5ea3909aeb5:group-7F38298E62F3 changes role from FOLLOWER to CANDIDATE at term 0 for changeToCandidate
2019-07-14 04:31:54,658 INFO  impl.RoleInfo (RoleInfo.java:updateAndGet(143)) - 6c5654d4-b68b-4990-ae23-e5ea3909aeb5: start LeaderElection
2019-07-14 04:31:54,694 INFO  segmented.SegmentedRaftLogWorker (SegmentedRaftLogWorker.java:execute(569)) - 4b848755-ec7d-41fe-ad2c-918441e7cc49-SegmentedRaftLogWorker:Storage Directory /tmp/workdir/hadoop-ozone/integration-test/target/test-dir/MiniOzoneClusterImpl-455df870-1475-4aa0-b7eb-6763b4ce75c6/datanode-3/data/ratis/d52b5f38-00fc-4caf-929b-da325cb646cf: created new log segment /tmp/workdir/hadoop-ozone/integration-test/target/test-dir/MiniOzoneClusterImpl-455df870-1475-4aa0-b7eb-6763b4ce75c6/datanode-3/data/ratis/d52b5f38-00fc-4caf-929b-da325cb646cf/current/log_inprogress_0
2019-07-14 04:31:54,694 INFO  impl.LeaderElection (LeaderElection.java:askForVotes(181)) - 6c5654d4-b68b-4990-ae23-e5ea3909aeb5:group-7F38298E62F3:LeaderElection4: begin an election at term 1 for -1: [6c5654d4-b68b-4990-ae23-e5ea3909aeb5:192.168.5.157:43265], old=null
2019-07-14 04:31:54,694 INFO  segmented.SegmentedRaftLogWorker (SegmentedRaftLogWorker.java:execute(569)) - 32916481-1fc8-4c47-883e-a397dbd42f32-SegmentedRaftLogWorker:Storage Directory /tmp/workdir/hadoop-ozone/integration-test/target/test-dir/MiniOzoneClusterImpl-455df870-1475-4aa0-b7eb-6763b4ce75c6/datanode-0/data/ratis/e813467e-7034-4068-9489-387127f0927d: created new log segment /tmp/workdir/hadoop-ozone/integration-test/target/test-dir/MiniOzoneClusterImpl-455df870-1475-4aa0-b7eb-6763b4ce75c6/datanode-0/data/ratis/e813467e-7034-4068-9489-387127f0927d/current/log_inprogress_0
2019-07-14 04:31:54,694 INFO  segmented.SegmentedRaftLogWorker (SegmentedRaftLogWorker.java:execute(569)) - 31ff6b63-f2c0-4895-83c0-1f591020bcf1-SegmentedRaftLogWorker:Storage Directory /tmp/workdir/hadoop-ozone/integration-test/target/test-dir/MiniOzoneClusterImpl-455df870-1475-4aa0-b7eb-6763b4ce75c6/datanode-2/data/ratis/f83f7f1a-2a19-4798-bc2c-3b9793121901: created new log segment /tmp/workdir/hadoop-ozone/integration-test/target/test-dir/MiniOzoneClusterImpl-455df870-1475-4aa0-b7eb-6763b4ce75c6/datanode-2/data/ratis/f83f7f1a-2a19-4798-bc2c-3b9793121901/current/log_inprogress_0
2019-07-14 04:31:54,697 INFO  impl.RoleInfo (RoleInfo.java:shutdownLeaderElection(134)) - 6c5654d4-b68b-4990-ae23-e5ea3909aeb5: shutdown LeaderElection
2019-07-14 04:31:54,699 INFO  impl.RaftServerImpl (RaftServerImpl.java:setRole(171)) - 6c5654d4-b68b-4990-ae23-e5ea3909aeb5:group-7F38298E62F3 changes role from CANDIDATE to LEADER at term 1 for changeToLeader
2019-07-14 04:31:54,699 INFO  impl.RaftServerImpl (ServerState.java:setLeader(263)) - 6c5654d4-b68b-4990-ae23-e5ea3909aeb5:group-7F38298E62F3 change Leader from null to 6c5654d4-b68b-4990-ae23-e5ea3909aeb5 at term 1 for becomeLeader, leader elected after 5112ms
2019-07-14 04:31:54,701 INFO  server.RaftServerConfigKeys (ConfUtils.java:logGet(43)) - raft.server.staging.catchup.gap = 1000 (default)
2019-07-14 04:31:54,701 INFO  server.RaftServerConfigKeys (ConfUtils.java:logGet(43)) - raft.server.rpc.sleep.time = 25ms (default)
2019-07-14 04:31:54,701 INFO  server.RaftServerConfigKeys (ConfUtils.java:logGet(43)) - raft.server.write.element-limit = 4096 (default)
2019-07-14 04:31:54,702 INFO  server.RaftServerConfigKeys (ConfUtils.java:logGet(43)) - raft.server.watch.timeout = 10s (default)
2019-07-14 04:31:54,702 INFO  server.RaftServerConfigKeys (ConfUtils.java:logGet(43)) - raft.server.watch.timeout.denomination = 1s (default)
2019-07-14 04:31:54,702 INFO  server.RaftServerConfigKeys (ConfUtils.java:logGet(43)) - raft.server.watch.element-limit = 65536 (default)
2019-07-14 04:31:54,702 INFO  impl.RoleInfo (RoleInfo.java:updateAndGet(143)) - 6c5654d4-b68b-4990-ae23-e5ea3909aeb5: start LeaderState
2019-07-14 04:31:54,703 INFO  segmented.SegmentedRaftLogWorker (SegmentedRaftLogWorker.java:startLogSegment(380)) - 6c5654d4-b68b-4990-ae23-e5ea3909aeb5-SegmentedRaftLogWorker:Storage Directory /tmp/workdir/hadoop-ozone/integration-test/target/test-dir/MiniOzoneClusterImpl-455df870-1475-4aa0-b7eb-6763b4ce75c6/datanode-1/data/ratis/c0a73f1d-ae63-459c-817b-7f38298e62f3: Starting segment from index:0
2019-07-14 04:31:54,703 INFO  impl.RaftServerImpl (ServerState.java:setRaftConf(361)) - 6c5654d4-b68b-4990-ae23-e5ea3909aeb5:group-7F38298E62F3 set configuration 0: [6c5654d4-b68b-4990-ae23-e5ea3909aeb5:192.168.5.157:43265], old=null at 0
2019-07-14 04:31:54,722 INFO  impl.FollowerState (FollowerState.java:run(106)) - 9e73fbb7-ac7c-4586-b557-95e629bce8e9:group-D4CF7C23E7F8 changes to CANDIDATE, lastRpcTime:5198, electionTimeout:5196ms
2019-07-14 04:31:54,724 INFO  impl.RoleInfo (RoleInfo.java:shutdownFollowerState(121)) - 9e73fbb7-ac7c-4586-b557-95e629bce8e9: shutdown FollowerState
2019-07-14 04:31:54,724 INFO  impl.RaftServerImpl (RaftServerImpl.java:setRole(171)) - 9e73fbb7-ac7c-4586-b557-95e629bce8e9:group-D4CF7C23E7F8 changes role from FOLLOWER to CANDIDATE at term 0 for changeToCandidate
2019-07-14 04:31:54,724 INFO  impl.RoleInfo (RoleInfo.java:updateAndGet(143)) - 9e73fbb7-ac7c-4586-b557-95e629bce8e9: start LeaderElection
2019-07-14 04:31:54,729 INFO  segmented.SegmentedRaftLogWorker (SegmentedRaftLogWorker.java:execute(569)) - 6c5654d4-b68b-4990-ae23-e5ea3909aeb5-SegmentedRaftLogWorker:Storage Directory /tmp/workdir/hadoop-ozone/integration-test/target/test-dir/MiniOzoneClusterImpl-455df870-1475-4aa0-b7eb-6763b4ce75c6/datanode-1/data/ratis/c0a73f1d-ae63-459c-817b-7f38298e62f3: created new log segment /tmp/workdir/hadoop-ozone/integration-test/target/test-dir/MiniOzoneClusterImpl-455df870-1475-4aa0-b7eb-6763b4ce75c6/datanode-1/data/ratis/c0a73f1d-ae63-459c-817b-7f38298e62f3/current/log_inprogress_0
2019-07-14 04:31:54,733 INFO  impl.LeaderElection (LeaderElection.java:askForVotes(181)) - 9e73fbb7-ac7c-4586-b557-95e629bce8e9:group-D4CF7C23E7F8:LeaderElection5: begin an election at term 1 for -1: [9e73fbb7-ac7c-4586-b557-95e629bce8e9:192.168.5.157:35468], old=null
2019-07-14 04:31:54,734 INFO  impl.RoleInfo (RoleInfo.java:shutdownLeaderElection(134)) - 9e73fbb7-ac7c-4586-b557-95e629bce8e9: shutdown LeaderElection
2019-07-14 04:31:54,734 INFO  impl.RaftServerImpl (RaftServerImpl.java:setRole(171)) - 9e73fbb7-ac7c-4586-b557-95e629bce8e9:group-D4CF7C23E7F8 changes role from CANDIDATE to LEADER at term 1 for changeToLeader
2019-07-14 04:31:54,734 INFO  impl.RaftServerImpl (ServerState.java:setLeader(263)) - 9e73fbb7-ac7c-4586-b557-95e629bce8e9:group-D4CF7C23E7F8 change Leader from null to 9e73fbb7-ac7c-4586-b557-95e629bce8e9 at term 1 for becomeLeader, leader elected after 5215ms
2019-07-14 04:31:54,736 INFO  server.RaftServerConfigKeys (ConfUtils.java:logGet(43)) - raft.server.staging.catchup.gap = 1000 (default)
2019-07-14 04:31:54,736 INFO  server.RaftServerConfigKeys (ConfUtils.java:logGet(43)) - raft.server.rpc.sleep.time = 25ms (default)
2019-07-14 04:31:54,736 INFO  server.RaftServerConfigKeys (ConfUtils.java:logGet(43)) - raft.server.write.element-limit = 4096 (default)
2019-07-14 04:31:54,737 INFO  server.RaftServerConfigKeys (ConfUtils.java:logGet(43)) - raft.server.watch.timeout = 10s (default)
2019-07-14 04:31:54,737 INFO  server.RaftServerConfigKeys (ConfUtils.java:logGet(43)) - raft.server.watch.timeout.denomination = 1s (default)
2019-07-14 04:31:54,737 INFO  server.RaftServerConfigKeys (ConfUtils.java:logGet(43)) - raft.server.watch.element-limit = 65536 (default)
2019-07-14 04:31:54,738 INFO  impl.RoleInfo (RoleInfo.java:updateAndGet(143)) - 9e73fbb7-ac7c-4586-b557-95e629bce8e9: start LeaderState
2019-07-14 04:31:54,738 INFO  segmented.SegmentedRaftLogWorker (SegmentedRaftLogWorker.java:startLogSegment(380)) - 9e73fbb7-ac7c-4586-b557-95e629bce8e9-SegmentedRaftLogWorker:Storage Directory /tmp/workdir/hadoop-ozone/integration-test/target/test-dir/MiniOzoneClusterImpl-455df870-1475-4aa0-b7eb-6763b4ce75c6/datanode-6/data/ratis/661f4e64-a309-4408-9b98-d4cf7c23e7f8: Starting segment from index:0
2019-07-14 04:31:54,739 INFO  impl.RaftServerImpl (ServerState.java:setRaftConf(361)) - 9e73fbb7-ac7c-4586-b557-95e629bce8e9:group-D4CF7C23E7F8 set configuration 0: [9e73fbb7-ac7c-4586-b557-95e629bce8e9:192.168.5.157:35468], old=null at 0
2019-07-14 04:31:54,770 INFO  segmented.SegmentedRaftLogWorker (SegmentedRaftLogWorker.java:execute(569)) - 9e73fbb7-ac7c-4586-b557-95e629bce8e9-SegmentedRaftLogWorker:Storage Directory /tmp/workdir/hadoop-ozone/integration-test/target/test-dir/MiniOzoneClusterImpl-455df870-1475-4aa0-b7eb-6763b4ce75c6/datanode-6/data/ratis/661f4e64-a309-4408-9b98-d4cf7c23e7f8: created new log segment /tmp/workdir/hadoop-ozone/integration-test/target/test-dir/MiniOzoneClusterImpl-455df870-1475-4aa0-b7eb-6763b4ce75c6/datanode-6/data/ratis/661f4e64-a309-4408-9b98-d4cf7c23e7f8/current/log_inprogress_0
2019-07-14 04:31:54,822 INFO  impl.FollowerState (FollowerState.java:run(106)) - a3c2c22c-63c3-4393-9cc5-d0f3199441a0:group-27525B6F8722 changes to CANDIDATE, lastRpcTime:5158, electionTimeout:5158ms
2019-07-14 04:31:54,822 INFO  impl.RoleInfo (RoleInfo.java:shutdownFollowerState(121)) - a3c2c22c-63c3-4393-9cc5-d0f3199441a0: shutdown FollowerState
2019-07-14 04:31:54,822 INFO  impl.RaftServerImpl (RaftServerImpl.java:setRole(171)) - a3c2c22c-63c3-4393-9cc5-d0f3199441a0:group-27525B6F8722 changes role from FOLLOWER to CANDIDATE at term 0 for changeToCandidate
2019-07-14 04:31:54,823 INFO  impl.RoleInfo (RoleInfo.java:updateAndGet(143)) - a3c2c22c-63c3-4393-9cc5-d0f3199441a0: start LeaderElection
2019-07-14 04:31:54,832 INFO  impl.LeaderElection (LeaderElection.java:askForVotes(181)) - a3c2c22c-63c3-4393-9cc5-d0f3199441a0:group-27525B6F8722:LeaderElection6: begin an election at term 1 for -1: [a3c2c22c-63c3-4393-9cc5-d0f3199441a0:192.168.5.157:37667], old=null
2019-07-14 04:31:54,839 INFO  impl.RoleInfo (RoleInfo.java:shutdownLeaderElection(134)) - a3c2c22c-63c3-4393-9cc5-d0f3199441a0: shutdown LeaderElection
2019-07-14 04:31:54,839 INFO  impl.RaftServerImpl (RaftServerImpl.java:setRole(171)) - a3c2c22c-63c3-4393-9cc5-d0f3199441a0:group-27525B6F8722 changes role from CANDIDATE to LEADER at term 1 for changeToLeader
2019-07-14 04:31:54,839 INFO  impl.RaftServerImpl (ServerState.java:setLeader(263)) - a3c2c22c-63c3-4393-9cc5-d0f3199441a0:group-27525B6F8722 change Leader from null to a3c2c22c-63c3-4393-9cc5-d0f3199441a0 at term 1 for becomeLeader, leader elected after 5180ms
2019-07-14 04:31:54,841 INFO  server.RaftServerConfigKeys (ConfUtils.java:logGet(43)) - raft.server.staging.catchup.gap = 1000 (default)
2019-07-14 04:31:54,841 INFO  server.RaftServerConfigKeys (ConfUtils.java:logGet(43)) - raft.server.rpc.sleep.time = 25ms (default)
2019-07-14 04:31:54,841 INFO  server.RaftServerConfigKeys (ConfUtils.java:logGet(43)) - raft.server.write.element-limit = 4096 (default)
2019-07-14 04:31:54,841 INFO  server.RaftServerConfigKeys (ConfUtils.java:logGet(43)) - raft.server.watch.timeout = 10s (default)
2019-07-14 04:31:54,841 INFO  server.RaftServerConfigKeys (ConfUtils.java:logGet(43)) - raft.server.watch.timeout.denomination = 1s (default)
2019-07-14 04:31:54,842 INFO  server.RaftServerConfigKeys (ConfUtils.java:logGet(43)) - raft.server.watch.element-limit = 65536 (default)
2019-07-14 04:31:54,842 INFO  impl.RoleInfo (RoleInfo.java:updateAndGet(143)) - a3c2c22c-63c3-4393-9cc5-d0f3199441a0: start LeaderState
2019-07-14 04:31:54,842 INFO  segmented.SegmentedRaftLogWorker (SegmentedRaftLogWorker.java:startLogSegment(380)) - a3c2c22c-63c3-4393-9cc5-d0f3199441a0-SegmentedRaftLogWorker:Storage Directory /tmp/workdir/hadoop-ozone/integration-test/target/test-dir/MiniOzoneClusterImpl-455df870-1475-4aa0-b7eb-6763b4ce75c6/datanode-5/data/ratis/e9e560cd-7074-40e2-8786-27525b6f8722: Starting segment from index:0
2019-07-14 04:31:54,843 INFO  impl.RaftServerImpl (ServerState.java:setRaftConf(361)) - a3c2c22c-63c3-4393-9cc5-d0f3199441a0:group-27525B6F8722 set configuration 0: [a3c2c22c-63c3-4393-9cc5-d0f3199441a0:192.168.5.157:37667], old=null at 0
2019-07-14 04:31:54,866 INFO  segmented.SegmentedRaftLogWorker (SegmentedRaftLogWorker.java:execute(569)) - a3c2c22c-63c3-4393-9cc5-d0f3199441a0-SegmentedRaftLogWorker:Storage Directory /tmp/workdir/hadoop-ozone/integration-test/target/test-dir/MiniOzoneClusterImpl-455df870-1475-4aa0-b7eb-6763b4ce75c6/datanode-5/data/ratis/e9e560cd-7074-40e2-8786-27525b6f8722: created new log segment /tmp/workdir/hadoop-ozone/integration-test/target/test-dir/MiniOzoneClusterImpl-455df870-1475-4aa0-b7eb-6763b4ce75c6/datanode-5/data/ratis/e9e560cd-7074-40e2-8786-27525b6f8722/current/log_inprogress_0
2019-07-14 04:31:54,893 INFO  impl.FollowerState (FollowerState.java:run(106)) - 721d6aec-94ee-4930-b1a7-ce6c41ecc1c6:group-F821098A3765 changes to CANDIDATE, lastRpcTime:5167, electionTimeout:5167ms
2019-07-14 04:31:54,893 INFO  impl.RoleInfo (RoleInfo.java:shutdownFollowerState(121)) - 721d6aec-94ee-4930-b1a7-ce6c41ecc1c6: shutdown FollowerState
2019-07-14 04:31:54,893 INFO  impl.RaftServerImpl (RaftServerImpl.java:setRole(171)) - 721d6aec-94ee-4930-b1a7-ce6c41ecc1c6:group-F821098A3765 changes role from FOLLOWER to CANDIDATE at term 0 for changeToCandidate
2019-07-14 04:31:54,893 INFO  impl.RoleInfo (RoleInfo.java:updateAndGet(143)) - 721d6aec-94ee-4930-b1a7-ce6c41ecc1c6: start LeaderElection
2019-07-14 04:31:54,908 INFO  impl.FollowerState (FollowerState.java:run(106)) - 4b848755-ec7d-41fe-ad2c-918441e7cc49:group-AF8385457FB2 changes to CANDIDATE, lastRpcTime:5074, electionTimeout:5074ms
2019-07-14 04:31:54,910 INFO  impl.RoleInfo (RoleInfo.java:shutdownFollowerState(121)) - 4b848755-ec7d-41fe-ad2c-918441e7cc49: shutdown FollowerState
2019-07-14 04:31:54,910 INFO  impl.RaftServerImpl (RaftServerImpl.java:setRole(171)) - 4b848755-ec7d-41fe-ad2c-918441e7cc49:group-AF8385457FB2 changes role from FOLLOWER to CANDIDATE at term 0 for changeToCandidate
2019-07-14 04:31:54,910 INFO  impl.RoleInfo (RoleInfo.java:updateAndGet(143)) - 4b848755-ec7d-41fe-ad2c-918441e7cc49: start LeaderElection
2019-07-14 04:31:54,911 INFO  impl.LeaderElection (LeaderElection.java:askForVotes(181)) - 721d6aec-94ee-4930-b1a7-ce6c41ecc1c6:group-F821098A3765:LeaderElection7: begin an election at term 1 for -1: [721d6aec-94ee-4930-b1a7-ce6c41ecc1c6:192.168.5.157:40344], old=null
2019-07-14 04:31:54,916 INFO  impl.RoleInfo (RoleInfo.java:shutdownLeaderElection(134)) - 721d6aec-94ee-4930-b1a7-ce6c41ecc1c6: shutdown LeaderElection
2019-07-14 04:31:54,916 INFO  impl.RaftServerImpl (RaftServerImpl.java:setRole(171)) - 721d6aec-94ee-4930-b1a7-ce6c41ecc1c6:group-F821098A3765 changes role from CANDIDATE to LEADER at term 1 for changeToLeader
2019-07-14 04:31:54,916 INFO  impl.RaftServerImpl (ServerState.java:setLeader(263)) - 721d6aec-94ee-4930-b1a7-ce6c41ecc1c6:group-F821098A3765 change Leader from null to 721d6aec-94ee-4930-b1a7-ce6c41ecc1c6 at term 1 for becomeLeader, leader elected after 5195ms
2019-07-14 04:31:54,918 INFO  server.RaftServerConfigKeys (ConfUtils.java:logGet(43)) - raft.server.staging.catchup.gap = 1000 (default)
2019-07-14 04:31:54,918 INFO  server.RaftServerConfigKeys (ConfUtils.java:logGet(43)) - raft.server.rpc.sleep.time = 25ms (default)
2019-07-14 04:31:54,918 INFO  server.RaftServerConfigKeys (ConfUtils.java:logGet(43)) - raft.server.write.element-limit = 4096 (default)
2019-07-14 04:31:54,919 INFO  server.RaftServerConfigKeys (ConfUtils.java:logGet(43)) - raft.server.watch.timeout = 10s (default)
2019-07-14 04:31:54,919 INFO  server.RaftServerConfigKeys (ConfUtils.java:logGet(43)) - raft.server.watch.timeout.denomination = 1s (default)
2019-07-14 04:31:54,919 INFO  server.RaftServerConfigKeys (ConfUtils.java:logGet(43)) - raft.server.watch.element-limit = 65536 (default)
2019-07-14 04:31:54,919 INFO  impl.RoleInfo (RoleInfo.java:updateAndGet(143)) - 721d6aec-94ee-4930-b1a7-ce6c41ecc1c6: start LeaderState
2019-07-14 04:31:54,920 INFO  segmented.SegmentedRaftLogWorker (SegmentedRaftLogWorker.java:startLogSegment(380)) - 721d6aec-94ee-4930-b1a7-ce6c41ecc1c6-SegmentedRaftLogWorker:Storage Directory /tmp/workdir/hadoop-ozone/integration-test/target/test-dir/MiniOzoneClusterImpl-455df870-1475-4aa0-b7eb-6763b4ce75c6/datanode-4/data/ratis/c82408ae-b429-4986-a41a-f821098a3765: Starting segment from index:0
2019-07-14 04:31:54,920 INFO  impl.RaftServerImpl (ServerState.java:setRaftConf(361)) - 721d6aec-94ee-4930-b1a7-ce6c41ecc1c6:group-F821098A3765 set configuration 0: [721d6aec-94ee-4930-b1a7-ce6c41ecc1c6:192.168.5.157:40344], old=null at 0
2019-07-14 04:31:54,941 INFO  impl.LeaderElection (LeaderElection.java:askForVotes(181)) - 4b848755-ec7d-41fe-ad2c-918441e7cc49:group-AF8385457FB2:LeaderElection8: begin an election at term 1 for -1: [32916481-1fc8-4c47-883e-a397dbd42f32:192.168.5.157:36095, 4b848755-ec7d-41fe-ad2c-918441e7cc49:192.168.5.157:38032, 31ff6b63-f2c0-4895-83c0-1f591020bcf1:192.168.5.157:44454], old=null
2019-07-14 04:31:54,941 INFO  impl.FollowerState (FollowerState.java:run(106)) - a3c2c22c-63c3-4393-9cc5-d0f3199441a0:group-339F621537D4 changes to CANDIDATE, lastRpcTime:5027, electionTimeout:5027ms
2019-07-14 04:31:54,942 INFO  impl.RoleInfo (RoleInfo.java:shutdownFollowerState(121)) - a3c2c22c-63c3-4393-9cc5-d0f3199441a0: shutdown FollowerState
2019-07-14 04:31:54,942 INFO  impl.RaftServerImpl (RaftServerImpl.java:setRole(171)) - a3c2c22c-63c3-4393-9cc5-d0f3199441a0:group-339F621537D4 changes role from FOLLOWER to CANDIDATE at term 0 for changeToCandidate
2019-07-14 04:31:54,942 INFO  impl.RoleInfo (RoleInfo.java:updateAndGet(143)) - a3c2c22c-63c3-4393-9cc5-d0f3199441a0: start LeaderElection
2019-07-14 04:31:54,946 INFO  segmented.SegmentedRaftLogWorker (SegmentedRaftLogWorker.java:execute(569)) - 721d6aec-94ee-4930-b1a7-ce6c41ecc1c6-SegmentedRaftLogWorker:Storage Directory /tmp/workdir/hadoop-ozone/integration-test/target/test-dir/MiniOzoneClusterImpl-455df870-1475-4aa0-b7eb-6763b4ce75c6/datanode-4/data/ratis/c82408ae-b429-4986-a41a-f821098a3765: created new log segment /tmp/workdir/hadoop-ozone/integration-test/target/test-dir/MiniOzoneClusterImpl-455df870-1475-4aa0-b7eb-6763b4ce75c6/datanode-4/data/ratis/c82408ae-b429-4986-a41a-f821098a3765/current/log_inprogress_0
2019-07-14 04:31:54,957 INFO  impl.LeaderElection (LeaderElection.java:askForVotes(181)) - a3c2c22c-63c3-4393-9cc5-d0f3199441a0:group-339F621537D4:LeaderElection9: begin an election at term 1 for -1: [9e73fbb7-ac7c-4586-b557-95e629bce8e9:192.168.5.157:35468, a3c2c22c-63c3-4393-9cc5-d0f3199441a0:192.168.5.157:37667, 6c5654d4-b68b-4990-ae23-e5ea3909aeb5:192.168.5.157:43265], old=null
2019-07-14 04:31:54,988 INFO  impl.RaftServerImpl (RaftServerImpl.java:setRole(171)) - 32916481-1fc8-4c47-883e-a397dbd42f32:group-AF8385457FB2 changes role from FOLLOWER to FOLLOWER at term 1 for recognizeCandidate:4b848755-ec7d-41fe-ad2c-918441e7cc49
2019-07-14 04:31:54,990 INFO  impl.RaftServerImpl (RaftServerImpl.java:setRole(171)) - 31ff6b63-f2c0-4895-83c0-1f591020bcf1:group-AF8385457FB2 changes role from FOLLOWER to FOLLOWER at term 1 for recognizeCandidate:4b848755-ec7d-41fe-ad2c-918441e7cc49
2019-07-14 04:31:54,990 INFO  impl.RoleInfo (RoleInfo.java:shutdownFollowerState(121)) - 32916481-1fc8-4c47-883e-a397dbd42f32: shutdown FollowerState
2019-07-14 04:31:54,990 INFO  impl.RaftServerImpl (RaftServerImpl.java:setRole(171)) - 9e73fbb7-ac7c-4586-b557-95e629bce8e9:group-339F621537D4 changes role from FOLLOWER to FOLLOWER at term 1 for recognizeCandidate:a3c2c22c-63c3-4393-9cc5-d0f3199441a0
2019-07-14 04:31:54,991 INFO  impl.RoleInfo (RoleInfo.java:updateAndGet(143)) - 32916481-1fc8-4c47-883e-a397dbd42f32: start FollowerState
2019-07-14 04:31:54,990 INFO  impl.RoleInfo (RoleInfo.java:shutdownFollowerState(121)) - 31ff6b63-f2c0-4895-83c0-1f591020bcf1: shutdown FollowerState
2019-07-14 04:31:54,991 INFO  impl.FollowerState (FollowerState.java:run(114)) - 32916481-1fc8-4c47-883e-a397dbd42f32: FollowerState was interrupted: java.lang.InterruptedException: sleep interrupted
2019-07-14 04:31:54,991 INFO  impl.RoleInfo (RoleInfo.java:updateAndGet(143)) - 31ff6b63-f2c0-4895-83c0-1f591020bcf1: start FollowerState
2019-07-14 04:31:54,991 INFO  impl.RoleInfo (RoleInfo.java:shutdownFollowerState(121)) - 9e73fbb7-ac7c-4586-b557-95e629bce8e9: shutdown FollowerState
2019-07-14 04:31:54,991 INFO  impl.FollowerState (FollowerState.java:run(114)) - 31ff6b63-f2c0-4895-83c0-1f591020bcf1: FollowerState was interrupted: java.lang.InterruptedException: sleep interrupted
2019-07-14 04:31:54,995 INFO  impl.RoleInfo (RoleInfo.java:updateAndGet(143)) - 9e73fbb7-ac7c-4586-b557-95e629bce8e9: start FollowerState
2019-07-14 04:31:54,995 INFO  impl.FollowerState (FollowerState.java:run(114)) - 9e73fbb7-ac7c-4586-b557-95e629bce8e9: FollowerState was interrupted: java.lang.InterruptedException: sleep interrupted
2019-07-14 04:31:54,999 INFO  impl.RaftServerImpl (RaftServerImpl.java:setRole(171)) - 6c5654d4-b68b-4990-ae23-e5ea3909aeb5:group-339F621537D4 changes role from FOLLOWER to FOLLOWER at term 1 for recognizeCandidate:a3c2c22c-63c3-4393-9cc5-d0f3199441a0
2019-07-14 04:31:54,999 INFO  impl.RoleInfo (RoleInfo.java:shutdownFollowerState(121)) - 6c5654d4-b68b-4990-ae23-e5ea3909aeb5: shutdown FollowerState
2019-07-14 04:31:54,999 INFO  impl.RoleInfo (RoleInfo.java:updateAndGet(143)) - 6c5654d4-b68b-4990-ae23-e5ea3909aeb5: start FollowerState
2019-07-14 04:31:54,999 INFO  impl.FollowerState (FollowerState.java:run(114)) - 6c5654d4-b68b-4990-ae23-e5ea3909aeb5: FollowerState was interrupted: java.lang.InterruptedException: sleep interrupted
2019-07-14 04:31:55,029 INFO  impl.LeaderElection (LeaderElection.java:logAndReturn(56)) - a3c2c22c-63c3-4393-9cc5-d0f3199441a0:group-339F621537D4:LeaderElection9: Election PASSED; received 1 response(s) [a3c2c22c-63c3-4393-9cc5-d0f3199441a0<-9e73fbb7-ac7c-4586-b557-95e629bce8e9#0:OK-t1] and 0 exception(s); a3c2c22c-63c3-4393-9cc5-d0f3199441a0:t1, leader=null, voted=a3c2c22c-63c3-4393-9cc5-d0f3199441a0, raftlog=a3c2c22c-63c3-4393-9cc5-d0f3199441a0-SegmentedRaftLog:OPENED:c-1,f-1,i0, conf=-1: [9e73fbb7-ac7c-4586-b557-95e629bce8e9:192.168.5.157:35468, a3c2c22c-63c3-4393-9cc5-d0f3199441a0:192.168.5.157:37667, 6c5654d4-b68b-4990-ae23-e5ea3909aeb5:192.168.5.157:43265], old=null
2019-07-14 04:31:55,029 INFO  impl.LeaderElection (LeaderElection.java:logAndReturn(56)) - 4b848755-ec7d-41fe-ad2c-918441e7cc49:group-AF8385457FB2:LeaderElection8: Election PASSED; received 1 response(s) [4b848755-ec7d-41fe-ad2c-918441e7cc49<-32916481-1fc8-4c47-883e-a397dbd42f32#0:OK-t1] and 0 exception(s); 4b848755-ec7d-41fe-ad2c-918441e7cc49:t1, leader=null, voted=4b848755-ec7d-41fe-ad2c-918441e7cc49, raftlog=4b848755-ec7d-41fe-ad2c-918441e7cc49-SegmentedRaftLog:OPENED:c-1,f-1,i0, conf=-1: [32916481-1fc8-4c47-883e-a397dbd42f32:192.168.5.157:36095, 4b848755-ec7d-41fe-ad2c-918441e7cc49:192.168.5.157:38032, 31ff6b63-f2c0-4895-83c0-1f591020bcf1:192.168.5.157:44454], old=null
2019-07-14 04:31:55,030 INFO  impl.RoleInfo (RoleInfo.java:shutdownLeaderElection(134)) - 4b848755-ec7d-41fe-ad2c-918441e7cc49: shutdown LeaderElection
2019-07-14 04:31:55,030 INFO  impl.RoleInfo (RoleInfo.java:shutdownLeaderElection(134)) - a3c2c22c-63c3-4393-9cc5-d0f3199441a0: shutdown LeaderElection
2019-07-14 04:31:55,032 INFO  impl.RaftServerImpl (RaftServerImpl.java:setRole(171)) - a3c2c22c-63c3-4393-9cc5-d0f3199441a0:group-339F621537D4 changes role from CANDIDATE to LEADER at term 1 for changeToLeader
2019-07-14 04:31:55,032 INFO  impl.RaftServerImpl (ServerState.java:setLeader(263)) - a3c2c22c-63c3-4393-9cc5-d0f3199441a0:group-339F621537D4 change Leader from null to a3c2c22c-63c3-4393-9cc5-d0f3199441a0 at term 1 for becomeLeader, leader elected after 5134ms
2019-07-14 04:31:55,032 INFO  server.RaftServerConfigKeys (ConfUtils.java:logGet(43)) - raft.server.staging.catchup.gap = 1000 (default)
2019-07-14 04:31:55,035 INFO  server.RaftServerConfigKeys (ConfUtils.java:logGet(43)) - raft.server.rpc.sleep.time = 25ms (default)
2019-07-14 04:31:55,033 INFO  impl.RaftServerImpl (RaftServerImpl.java:setRole(171)) - 4b848755-ec7d-41fe-ad2c-918441e7cc49:group-AF8385457FB2 changes role from CANDIDATE to LEADER at term 1 for changeToLeader
2019-07-14 04:31:55,038 INFO  server.RaftServerConfigKeys (ConfUtils.java:logGet(43)) - raft.server.write.element-limit = 4096 (default)
2019-07-14 04:31:55,038 INFO  impl.RaftServerImpl (ServerState.java:setLeader(263)) - 4b848755-ec7d-41fe-ad2c-918441e7cc49:group-AF8385457FB2 change Leader from null to 4b848755-ec7d-41fe-ad2c-918441e7cc49 at term 1 for becomeLeader, leader elected after 5226ms
2019-07-14 04:31:55,038 INFO  server.RaftServerConfigKeys (ConfUtils.java:logGet(43)) - raft.server.watch.timeout = 10s (default)
2019-07-14 04:31:55,039 INFO  server.RaftServerConfigKeys (ConfUtils.java:logGet(43)) - raft.server.staging.catchup.gap = 1000 (default)
2019-07-14 04:31:55,039 INFO  server.RaftServerConfigKeys (ConfUtils.java:logGet(43)) - raft.server.watch.timeout.denomination = 1s (default)
2019-07-14 04:31:55,039 INFO  server.RaftServerConfigKeys (ConfUtils.java:logGet(43)) - raft.server.rpc.sleep.time = 25ms (default)
2019-07-14 04:31:55,039 INFO  server.RaftServerConfigKeys (ConfUtils.java:logGet(43)) - raft.server.watch.element-limit = 65536 (default)
2019-07-14 04:31:55,039 INFO  server.RaftServerConfigKeys (ConfUtils.java:logGet(43)) - raft.server.write.element-limit = 4096 (default)
2019-07-14 04:31:55,039 INFO  server.RaftServerConfigKeys (ConfUtils.java:logGet(43)) - raft.server.watch.timeout = 10s (default)
2019-07-14 04:31:55,039 INFO  server.RaftServerConfigKeys (ConfUtils.java:logGet(43)) - raft.server.watch.timeout.denomination = 1s (default)
2019-07-14 04:31:55,040 INFO  server.RaftServerConfigKeys (ConfUtils.java:logGet(43)) - raft.server.watch.element-limit = 65536 (default)
2019-07-14 04:31:55,041 INFO  server.RaftServerConfigKeys (ConfUtils.java:logGet(43)) - raft.server.log.appender.snapshot.chunk.size.max = 16MB (=16777216) (default)
2019-07-14 04:31:55,041 INFO  server.RaftServerConfigKeys (ConfUtils.java:logGet(43)) - raft.server.log.appender.snapshot.chunk.size.max = 16MB (=16777216) (default)
2019-07-14 04:31:55,041 INFO  server.RaftServerConfigKeys (ConfUtils.java:logGet(43)) - raft.server.log.appender.buffer.byte-limit = 33554432 (custom)
2019-07-14 04:31:55,042 INFO  server.RaftServerConfigKeys (ConfUtils.java:logGet(43)) - raft.server.log.appender.buffer.byte-limit = 33554432 (custom)
2019-07-14 04:31:55,042 INFO  server.RaftServerConfigKeys (ConfUtils.java:logGet(43)) - raft.server.log.appender.buffer.element-limit = 1 (custom)
2019-07-14 04:31:55,042 INFO  server.RaftServerConfigKeys (ConfUtils.java:logGet(43)) - raft.server.log.appender.buffer.element-limit = 1 (custom)
2019-07-14 04:31:55,045 INFO  grpc.GrpcConfigKeys$Server (ConfUtils.java:logGet(43)) - raft.grpc.server.leader.outstanding.appends.max = 128 (default)
2019-07-14 04:31:55,047 INFO  server.RaftServerConfigKeys (ConfUtils.java:logGet(43)) - raft.server.rpc.request.timeout = 3000ms (default)
2019-07-14 04:31:55,047 INFO  server.RaftServerConfigKeys (ConfUtils.java:logGet(43)) - raft.server.log.appender.install.snapshot.enabled = false (custom)
2019-07-14 04:31:55,047 INFO  grpc.GrpcConfigKeys$Server (ConfUtils.java:logGet(43)) - raft.grpc.server.leader.outstanding.appends.max = 128 (default)
2019-07-14 04:31:55,048 INFO  server.RaftServerConfigKeys (ConfUtils.java:logGet(43)) - raft.server.log.appender.snapshot.chunk.size.max = 16MB (=16777216) (default)
2019-07-14 04:31:55,048 INFO  server.RaftServerConfigKeys (ConfUtils.java:logGet(43)) - raft.server.rpc.request.timeout = 3000ms (default)
2019-07-14 04:31:55,048 INFO  server.RaftServerConfigKeys (ConfUtils.java:logGet(43)) - raft.server.log.appender.buffer.byte-limit = 33554432 (custom)
2019-07-14 04:31:55,048 INFO  server.RaftServerConfigKeys (ConfUtils.java:logGet(43)) - raft.server.log.appender.install.snapshot.enabled = false (custom)
2019-07-14 04:31:55,048 INFO  server.RaftServerConfigKeys (ConfUtils.java:logGet(43)) - raft.server.log.appender.buffer.element-limit = 1 (custom)
2019-07-14 04:31:55,048 INFO  server.RaftServerConfigKeys (ConfUtils.java:logGet(43)) - raft.server.log.appender.snapshot.chunk.size.max = 16MB (=16777216) (default)
2019-07-14 04:31:55,049 INFO  grpc.GrpcConfigKeys$Server (ConfUtils.java:logGet(43)) - raft.grpc.server.leader.outstanding.appends.max = 128 (default)
2019-07-14 04:31:55,049 INFO  server.RaftServerConfigKeys (ConfUtils.java:logGet(43)) - raft.server.log.appender.buffer.byte-limit = 33554432 (custom)
2019-07-14 04:31:55,049 INFO  server.RaftServerConfigKeys (ConfUtils.java:logGet(43)) - raft.server.rpc.request.timeout = 3000ms (default)
2019-07-14 04:31:55,049 INFO  server.RaftServerConfigKeys (ConfUtils.java:logGet(43)) - raft.server.log.appender.buffer.element-limit = 1 (custom)
2019-07-14 04:31:55,049 INFO  server.RaftServerConfigKeys (ConfUtils.java:logGet(43)) - raft.server.log.appender.install.snapshot.enabled = false (custom)
2019-07-14 04:31:55,049 INFO  grpc.GrpcConfigKeys$Server (ConfUtils.java:logGet(43)) - raft.grpc.server.leader.outstanding.appends.max = 128 (default)
2019-07-14 04:31:55,050 INFO  server.RaftServerConfigKeys (ConfUtils.java:logGet(43)) - raft.server.rpc.request.timeout = 3000ms (default)
2019-07-14 04:31:55,050 INFO  server.RaftServerConfigKeys (ConfUtils.java:logGet(43)) - raft.server.log.appender.install.snapshot.enabled = false (custom)
2019-07-14 04:31:55,051 INFO  impl.RoleInfo (RoleInfo.java:updateAndGet(143)) - a3c2c22c-63c3-4393-9cc5-d0f3199441a0: start LeaderState
2019-07-14 04:31:55,051 INFO  impl.RoleInfo (RoleInfo.java:updateAndGet(143)) - 4b848755-ec7d-41fe-ad2c-918441e7cc49: start LeaderState
2019-07-14 04:31:55,051 INFO  segmented.SegmentedRaftLogWorker (SegmentedRaftLogWorker.java:startLogSegment(380)) - a3c2c22c-63c3-4393-9cc5-d0f3199441a0-SegmentedRaftLogWorker:Storage Directory /tmp/workdir/hadoop-ozone/integration-test/target/test-dir/MiniOzoneClusterImpl-455df870-1475-4aa0-b7eb-6763b4ce75c6/datanode-5/data/ratis/cee80bf1-89aa-47fd-8c9b-339f621537d4: Starting segment from index:0
2019-07-14 04:31:55,051 INFO  segmented.SegmentedRaftLogWorker (SegmentedRaftLogWorker.java:startLogSegment(380)) - 4b848755-ec7d-41fe-ad2c-918441e7cc49-SegmentedRaftLogWorker:Storage Directory /tmp/workdir/hadoop-ozone/integration-test/target/test-dir/MiniOzoneClusterImpl-455df870-1475-4aa0-b7eb-6763b4ce75c6/datanode-3/data/ratis/dba2a23a-cb18-4ea1-8bc5-af8385457fb2: Starting segment from index:0
2019-07-14 04:31:55,052 INFO  impl.RaftServerImpl (ServerState.java:setRaftConf(361)) - a3c2c22c-63c3-4393-9cc5-d0f3199441a0:group-339F621537D4 set configuration 0: [9e73fbb7-ac7c-4586-b557-95e629bce8e9:192.168.5.157:35468, a3c2c22c-63c3-4393-9cc5-d0f3199441a0:192.168.5.157:37667, 6c5654d4-b68b-4990-ae23-e5ea3909aeb5:192.168.5.157:43265], old=null at 0
2019-07-14 04:31:55,072 INFO  impl.RaftServerImpl (ServerState.java:setRaftConf(361)) - 4b848755-ec7d-41fe-ad2c-918441e7cc49:group-AF8385457FB2 set configuration 0: [32916481-1fc8-4c47-883e-a397dbd42f32:192.168.5.157:36095, 4b848755-ec7d-41fe-ad2c-918441e7cc49:192.168.5.157:38032, 31ff6b63-f2c0-4895-83c0-1f591020bcf1:192.168.5.157:44454], old=null at 0
2019-07-14 04:31:55,076 INFO  segmented.SegmentedRaftLogWorker (SegmentedRaftLogWorker.java:execute(569)) - 4b848755-ec7d-41fe-ad2c-918441e7cc49-SegmentedRaftLogWorker:Storage Directory /tmp/workdir/hadoop-ozone/integration-test/target/test-dir/MiniOzoneClusterImpl-455df870-1475-4aa0-b7eb-6763b4ce75c6/datanode-3/data/ratis/dba2a23a-cb18-4ea1-8bc5-af8385457fb2: created new log segment /tmp/workdir/hadoop-ozone/integration-test/target/test-dir/MiniOzoneClusterImpl-455df870-1475-4aa0-b7eb-6763b4ce75c6/datanode-3/data/ratis/dba2a23a-cb18-4ea1-8bc5-af8385457fb2/current/log_inprogress_0
2019-07-14 04:31:55,076 INFO  segmented.SegmentedRaftLogWorker (SegmentedRaftLogWorker.java:execute(569)) - a3c2c22c-63c3-4393-9cc5-d0f3199441a0-SegmentedRaftLogWorker:Storage Directory /tmp/workdir/hadoop-ozone/integration-test/target/test-dir/MiniOzoneClusterImpl-455df870-1475-4aa0-b7eb-6763b4ce75c6/datanode-5/data/ratis/cee80bf1-89aa-47fd-8c9b-339f621537d4: created new log segment /tmp/workdir/hadoop-ozone/integration-test/target/test-dir/MiniOzoneClusterImpl-455df870-1475-4aa0-b7eb-6763b4ce75c6/datanode-5/data/ratis/cee80bf1-89aa-47fd-8c9b-339f621537d4/current/log_inprogress_0
2019-07-14 04:31:55,098 INFO  impl.RaftServerImpl (ServerState.java:setLeader(263)) - 9e73fbb7-ac7c-4586-b557-95e629bce8e9:group-339F621537D4 change Leader from null to a3c2c22c-63c3-4393-9cc5-d0f3199441a0 at term 1 for appendEntries, leader elected after 5200ms
2019-07-14 04:31:55,102 INFO  impl.RaftServerImpl (ServerState.java:setLeader(263)) - 31ff6b63-f2c0-4895-83c0-1f591020bcf1:group-AF8385457FB2 change Leader from null to 4b848755-ec7d-41fe-ad2c-918441e7cc49 at term 1 for appendEntries, leader elected after 5289ms
2019-07-14 04:31:55,105 INFO  impl.RaftServerImpl (ServerState.java:setLeader(263)) - 32916481-1fc8-4c47-883e-a397dbd42f32:group-AF8385457FB2 change Leader from null to 4b848755-ec7d-41fe-ad2c-918441e7cc49 at term 1 for appendEntries, leader elected after 5293ms
2019-07-14 04:31:55,108 INFO  impl.RaftServerImpl (ServerState.java:setLeader(263)) - 6c5654d4-b68b-4990-ae23-e5ea3909aeb5:group-339F621537D4 change Leader from null to a3c2c22c-63c3-4393-9cc5-d0f3199441a0 at term 1 for appendEntries, leader elected after 5210ms
2019-07-14 04:31:55,151 INFO  impl.RaftServerImpl (ServerState.java:setRaftConf(361)) - 32916481-1fc8-4c47-883e-a397dbd42f32:group-AF8385457FB2 set configuration 0: [32916481-1fc8-4c47-883e-a397dbd42f32:192.168.5.157:36095, 4b848755-ec7d-41fe-ad2c-918441e7cc49:192.168.5.157:38032, 31ff6b63-f2c0-4895-83c0-1f591020bcf1:192.168.5.157:44454], old=null at 0
2019-07-14 04:31:55,151 INFO  impl.RaftServerImpl (ServerState.java:setRaftConf(361)) - 31ff6b63-f2c0-4895-83c0-1f591020bcf1:group-AF8385457FB2 set configuration 0: [32916481-1fc8-4c47-883e-a397dbd42f32:192.168.5.157:36095, 4b848755-ec7d-41fe-ad2c-918441e7cc49:192.168.5.157:38032, 31ff6b63-f2c0-4895-83c0-1f591020bcf1:192.168.5.157:44454], old=null at 0
2019-07-14 04:31:55,151 INFO  impl.RaftServerImpl (ServerState.java:setRaftConf(361)) - 9e73fbb7-ac7c-4586-b557-95e629bce8e9:group-339F621537D4 set configuration 0: [9e73fbb7-ac7c-4586-b557-95e629bce8e9:192.168.5.157:35468, a3c2c22c-63c3-4393-9cc5-d0f3199441a0:192.168.5.157:37667, 6c5654d4-b68b-4990-ae23-e5ea3909aeb5:192.168.5.157:43265], old=null at 0
2019-07-14 04:31:55,151 INFO  segmented.SegmentedRaftLogWorker (SegmentedRaftLogWorker.java:startLogSegment(380)) - 32916481-1fc8-4c47-883e-a397dbd42f32-SegmentedRaftLogWorker:Storage Directory /tmp/workdir/hadoop-ozone/integration-test/target/test-dir/MiniOzoneClusterImpl-455df870-1475-4aa0-b7eb-6763b4ce75c6/datanode-0/data/ratis/dba2a23a-cb18-4ea1-8bc5-af8385457fb2: Starting segment from index:0
2019-07-14 04:31:55,151 INFO  impl.RaftServerImpl (ServerState.java:setRaftConf(361)) - 6c5654d4-b68b-4990-ae23-e5ea3909aeb5:group-339F621537D4 set configuration 0: [9e73fbb7-ac7c-4586-b557-95e629bce8e9:192.168.5.157:35468, a3c2c22c-63c3-4393-9cc5-d0f3199441a0:192.168.5.157:37667, 6c5654d4-b68b-4990-ae23-e5ea3909aeb5:192.168.5.157:43265], old=null at 0
2019-07-14 04:31:55,152 INFO  segmented.SegmentedRaftLogWorker (SegmentedRaftLogWorker.java:startLogSegment(380)) - 9e73fbb7-ac7c-4586-b557-95e629bce8e9-SegmentedRaftLogWorker:Storage Directory /tmp/workdir/hadoop-ozone/integration-test/target/test-dir/MiniOzoneClusterImpl-455df870-1475-4aa0-b7eb-6763b4ce75c6/datanode-6/data/ratis/cee80bf1-89aa-47fd-8c9b-339f621537d4: Starting segment from index:0
2019-07-14 04:31:55,151 INFO  segmented.SegmentedRaftLogWorker (SegmentedRaftLogWorker.java:startLogSegment(380)) - 31ff6b63-f2c0-4895-83c0-1f591020bcf1-SegmentedRaftLogWorker:Storage Directory /tmp/workdir/hadoop-ozone/integration-test/target/test-dir/MiniOzoneClusterImpl-455df870-1475-4aa0-b7eb-6763b4ce75c6/datanode-2/data/ratis/dba2a23a-cb18-4ea1-8bc5-af8385457fb2: Starting segment from index:0
2019-07-14 04:31:55,152 INFO  segmented.SegmentedRaftLogWorker (SegmentedRaftLogWorker.java:startLogSegment(380)) - 6c5654d4-b68b-4990-ae23-e5ea3909aeb5-SegmentedRaftLogWorker:Storage Directory /tmp/workdir/hadoop-ozone/integration-test/target/test-dir/MiniOzoneClusterImpl-455df870-1475-4aa0-b7eb-6763b4ce75c6/datanode-1/data/ratis/cee80bf1-89aa-47fd-8c9b-339f621537d4: Starting segment from index:0
2019-07-14 04:31:55,186 INFO  segmented.SegmentedRaftLogWorker (SegmentedRaftLogWorker.java:execute(569)) - 31ff6b63-f2c0-4895-83c0-1f591020bcf1-SegmentedRaftLogWorker:Storage Directory /tmp/workdir/hadoop-ozone/integration-test/target/test-dir/MiniOzoneClusterImpl-455df870-1475-4aa0-b7eb-6763b4ce75c6/datanode-2/data/ratis/dba2a23a-cb18-4ea1-8bc5-af8385457fb2: created new log segment /tmp/workdir/hadoop-ozone/integration-test/target/test-dir/MiniOzoneClusterImpl-455df870-1475-4aa0-b7eb-6763b4ce75c6/datanode-2/data/ratis/dba2a23a-cb18-4ea1-8bc5-af8385457fb2/current/log_inprogress_0
2019-07-14 04:31:55,186 INFO  segmented.SegmentedRaftLogWorker (SegmentedRaftLogWorker.java:execute(569)) - 6c5654d4-b68b-4990-ae23-e5ea3909aeb5-SegmentedRaftLogWorker:Storage Directory /tmp/workdir/hadoop-ozone/integration-test/target/test-dir/MiniOzoneClusterImpl-455df870-1475-4aa0-b7eb-6763b4ce75c6/datanode-1/data/ratis/cee80bf1-89aa-47fd-8c9b-339f621537d4: created new log segment /tmp/workdir/hadoop-ozone/integration-test/target/test-dir/MiniOzoneClusterImpl-455df870-1475-4aa0-b7eb-6763b4ce75c6/datanode-1/data/ratis/cee80bf1-89aa-47fd-8c9b-339f621537d4/current/log_inprogress_0
2019-07-14 04:31:55,186 INFO  segmented.SegmentedRaftLogWorker (SegmentedRaftLogWorker.java:execute(569)) - 9e73fbb7-ac7c-4586-b557-95e629bce8e9-SegmentedRaftLogWorker:Storage Directory /tmp/workdir/hadoop-ozone/integration-test/target/test-dir/MiniOzoneClusterImpl-455df870-1475-4aa0-b7eb-6763b4ce75c6/datanode-6/data/ratis/cee80bf1-89aa-47fd-8c9b-339f621537d4: created new log segment /tmp/workdir/hadoop-ozone/integration-test/target/test-dir/MiniOzoneClusterImpl-455df870-1475-4aa0-b7eb-6763b4ce75c6/datanode-6/data/ratis/cee80bf1-89aa-47fd-8c9b-339f621537d4/current/log_inprogress_0
2019-07-14 04:31:55,186 INFO  segmented.SegmentedRaftLogWorker (SegmentedRaftLogWorker.java:execute(569)) - 32916481-1fc8-4c47-883e-a397dbd42f32-SegmentedRaftLogWorker:Storage Directory /tmp/workdir/hadoop-ozone/integration-test/target/test-dir/MiniOzoneClusterImpl-455df870-1475-4aa0-b7eb-6763b4ce75c6/datanode-0/data/ratis/dba2a23a-cb18-4ea1-8bc5-af8385457fb2: created new log segment /tmp/workdir/hadoop-ozone/integration-test/target/test-dir/MiniOzoneClusterImpl-455df870-1475-4aa0-b7eb-6763b4ce75c6/datanode-0/data/ratis/dba2a23a-cb18-4ea1-8bc5-af8385457fb2/current/log_inprogress_0
2019-07-14 04:31:55,298 INFO  client.GrpcClientProtocolClient (GrpcClientProtocolClient.java:onNext(255)) - client-6E663B4EDC22->9e73fbb7-ac7c-4586-b557-95e629bce8e9: receive RaftClientReply:client-6E663B4EDC22->9e73fbb7-ac7c-4586-b557-95e629bce8e9@group-339F621537D4, cid=13, FAILED org.apache.ratis.protocol.NotLeaderException: Server 9e73fbb7-ac7c-4586-b557-95e629bce8e9 is not the leader (a3c2c22c-63c3-4393-9cc5-d0f3199441a0:192.168.5.157:37667). Request must be sent to leader., logIndex=0, commits[9e73fbb7-ac7c-4586-b557-95e629bce8e9:c0, a3c2c22c-63c3-4393-9cc5-d0f3199441a0:c0, 6c5654d4-b68b-4990-ae23-e5ea3909aeb5:c-1]
2019-07-14 04:31:55,577 INFO  client.GrpcClientProtocolClient (GrpcClientProtocolClient.java:onNext(255)) - client-6E663B4EDC22->a3c2c22c-63c3-4393-9cc5-d0f3199441a0: receive RaftClientReply:client-6E663B4EDC22->a3c2c22c-63c3-4393-9cc5-d0f3199441a0@group-339F621537D4, cid=13, SUCCESS, logIndex=1, commits[a3c2c22c-63c3-4393-9cc5-d0f3199441a0:c1, 9e73fbb7-ac7c-4586-b557-95e629bce8e9:c0, 6c5654d4-b68b-4990-ae23-e5ea3909aeb5:c0]
2019-07-14 04:31:55,619 INFO  container.CloseContainerEventHandler (CloseContainerEventHandler.java:onMessage(61)) - Close container Event triggered for container : #1
2019-07-14 04:31:55,626 INFO  container.CloseContainerEventHandler (CloseContainerEventHandler.java:onMessage(61)) - Close container Event triggered for container : #1
2019-07-14 04:31:55,626 INFO  container.CloseContainerEventHandler (CloseContainerEventHandler.java:onMessage(61)) - Close container Event triggered for container : #1
2019-07-14 04:31:55,681 INFO  client.GrpcClientProtocolClient (GrpcClientProtocolClient.java:onNext(255)) - client-6E663B4EDC22->a3c2c22c-63c3-4393-9cc5-d0f3199441a0: receive RaftClientReply:client-6E663B4EDC22->a3c2c22c-63c3-4393-9cc5-d0f3199441a0@group-339F621537D4, cid=14, SUCCESS, logIndex=3, commits[a3c2c22c-63c3-4393-9cc5-d0f3199441a0:c4, 9e73fbb7-ac7c-4586-b557-95e629bce8e9:c3, 6c5654d4-b68b-4990-ae23-e5ea3909aeb5:c3]
2019-07-14 04:31:57,487 INFO  interfaces.Container (KeyValueContainer.java:compactDB(356)) - Container 1 is closed with bcsId 3.
2019-07-14 04:31:57,503 INFO  interfaces.Container (KeyValueContainer.java:compactDB(356)) - Container 1 is closed with bcsId 3.
2019-07-14 04:31:57,514 INFO  interfaces.Container (KeyValueContainer.java:compactDB(356)) - Container 1 is closed with bcsId 3.
04:31:57.639 [grpc-default-executor-2] ERROR DNAudit - user=null | ip=null | op=WRITE_CHUNK {blockData=conID: 1 locID: 102437926399836161 bcsId: 3} | ret=FAILURE
org.apache.hadoop.hdds.scm.container.common.helpers.ContainerNotOpenException: Container 1 in CLOSED state
	at org.apache.hadoop.ozone.container.common.impl.HddsDispatcher.validateContainerCommand(HddsDispatcher.java:408) ~[hadoop-hdds-container-service-0.5.0-SNAPSHOT.jar:?]
	at org.apache.hadoop.ozone.container.common.transport.server.ratis.ContainerStateMachine.startTransaction(ContainerStateMachine.java:271) ~[hadoop-hdds-container-service-0.5.0-SNAPSHOT.jar:?]
	at org.apache.ratis.server.impl.RaftServerImpl.submitClientRequestAsync(RaftServerImpl.java:566) ~[ratis-server-0.4.0-2337318-SNAPSHOT.jar:0.4.0-2337318-SNAPSHOT]
	at org.apache.ratis.server.impl.RaftServerProxy.lambda$submitClientRequestAsync$7(RaftServerProxy.java:333) ~[ratis-server-0.4.0-2337318-SNAPSHOT.jar:0.4.0-2337318-SNAPSHOT]
	at org.apache.ratis.server.impl.RaftServerProxy.lambda$null$5(RaftServerProxy.java:328) ~[ratis-server-0.4.0-2337318-SNAPSHOT.jar:0.4.0-2337318-SNAPSHOT]
	at org.apache.ratis.util.JavaUtils.callAsUnchecked(JavaUtils.java:109) ~[ratis-common-0.4.0-2337318-SNAPSHOT.jar:0.4.0-2337318-SNAPSHOT]
	at org.apache.ratis.server.impl.RaftServerProxy.lambda$submitRequest$6(RaftServerProxy.java:328) ~[ratis-server-0.4.0-2337318-SNAPSHOT.jar:0.4.0-2337318-SNAPSHOT]
	at java.util.concurrent.CompletableFuture.uniComposeStage(CompletableFuture.java:981) ~[?:1.8.0_212]
	at java.util.concurrent.CompletableFuture.thenCompose(CompletableFuture.java:2124) ~[?:1.8.0_212]
	at org.apache.ratis.server.impl.RaftServerProxy.submitRequest(RaftServerProxy.java:327) ~[ratis-server-0.4.0-2337318-SNAPSHOT.jar:0.4.0-2337318-SNAPSHOT]
	at org.apache.ratis.server.impl.RaftServerProxy.submitClientRequestAsync(RaftServerProxy.java:333) ~[ratis-server-0.4.0-2337318-SNAPSHOT.jar:0.4.0-2337318-SNAPSHOT]
	at org.apache.ratis.grpc.client.GrpcClientProtocolService$RequestStreamObserver.processClientRequest(GrpcClientProtocolService.java:220) ~[ratis-grpc-0.4.0-2337318-SNAPSHOT.jar:0.4.0-2337318-SNAPSHOT]
	at org.apache.ratis.grpc.client.GrpcClientProtocolService$OrderedRequestStreamObserver.processClientRequest(GrpcClientProtocolService.java:326) ~[ratis-grpc-0.4.0-2337318-SNAPSHOT.jar:0.4.0-2337318-SNAPSHOT]
	at org.apache.ratis.util.SlidingWindow$Server.processRequestsFromHead(SlidingWindow.java:429) [ratis-common-0.4.0-2337318-SNAPSHOT.jar:0.4.0-2337318-SNAPSHOT]
	at org.apache.ratis.util.SlidingWindow$Server.receivedRequest(SlidingWindow.java:421) [ratis-common-0.4.0-2337318-SNAPSHOT.jar:0.4.0-2337318-SNAPSHOT]
	at org.apache.ratis.grpc.client.GrpcClientProtocolService$OrderedRequestStreamObserver.processClientRequest(GrpcClientProtocolService.java:345) [ratis-grpc-0.4.0-2337318-SNAPSHOT.jar:0.4.0-2337318-SNAPSHOT]
	at org.apache.ratis.grpc.client.GrpcClientProtocolService$RequestStreamObserver.onNext(GrpcClientProtocolService.java:240) [ratis-grpc-0.4.0-2337318-SNAPSHOT.jar:0.4.0-2337318-SNAPSHOT]
	at org.apache.ratis.grpc.client.GrpcClientProtocolService$RequestStreamObserver.onNext(GrpcClientProtocolService.java:168) [ratis-grpc-0.4.0-2337318-SNAPSHOT.jar:0.4.0-2337318-SNAPSHOT]
	at org.apache.ratis.thirdparty.io.grpc.stub.ServerCalls$StreamingServerCallHandler$StreamingServerCallListener.onMessage(ServerCalls.java:248) [ratis-thirdparty-misc-0.2.0.jar:0.2.0]
	at org.apache.ratis.thirdparty.io.grpc.internal.ServerCallImpl$ServerStreamListenerImpl.messagesAvailable(ServerCallImpl.java:263) [ratis-thirdparty-misc-0.2.0.jar:0.2.0]
	at org.apache.ratis.thirdparty.io.grpc.internal.ServerImpl$JumpToApplicationThreadServerStreamListener$1MessagesAvailable.runInContext(ServerImpl.java:686) [ratis-thirdparty-misc-0.2.0.jar:0.2.0]
	at org.apache.ratis.thirdparty.io.grpc.internal.ContextRunnable.run(ContextRunnable.java:37) [ratis-thirdparty-misc-0.2.0.jar:0.2.0]
	at org.apache.ratis.thirdparty.io.grpc.internal.SerializingExecutor.run(SerializingExecutor.java:123) [ratis-thirdparty-misc-0.2.0.jar:0.2.0]
	at java.util.concurrent.ThreadPoolExecutor.runWorker(ThreadPoolExecutor.java:1149) [?:1.8.0_212]
	at java.util.concurrent.ThreadPoolExecutor$Worker.run(ThreadPoolExecutor.java:624) [?:1.8.0_212]
	at java.lang.Thread.run(Thread.java:748) [?:1.8.0_212]
04:31:57.684 [grpc-default-executor-2] ERROR DNAudit - user=null | ip=null | op=PUT_BLOCK {blockData=[blockId=conID: 1 locID: 102437926399836161 bcsId: 0,size=2097152]} | ret=FAILURE
org.apache.hadoop.hdds.scm.container.common.helpers.ContainerNotOpenException: Container 1 in CLOSED state
	at org.apache.hadoop.ozone.container.common.impl.HddsDispatcher.validateContainerCommand(HddsDispatcher.java:408) ~[hadoop-hdds-container-service-0.5.0-SNAPSHOT.jar:?]
	at org.apache.hadoop.ozone.container.common.transport.server.ratis.ContainerStateMachine.startTransaction(ContainerStateMachine.java:271) ~[hadoop-hdds-container-service-0.5.0-SNAPSHOT.jar:?]
	at org.apache.ratis.server.impl.RaftServerImpl.submitClientRequestAsync(RaftServerImpl.java:566) ~[ratis-server-0.4.0-2337318-SNAPSHOT.jar:0.4.0-2337318-SNAPSHOT]
	at org.apache.ratis.server.impl.RaftServerProxy.lambda$submitClientRequestAsync$7(RaftServerProxy.java:333) ~[ratis-server-0.4.0-2337318-SNAPSHOT.jar:0.4.0-2337318-SNAPSHOT]
	at org.apache.ratis.server.impl.RaftServerProxy.lambda$null$5(RaftServerProxy.java:328) ~[ratis-server-0.4.0-2337318-SNAPSHOT.jar:0.4.0-2337318-SNAPSHOT]
	at org.apache.ratis.util.JavaUtils.callAsUnchecked(JavaUtils.java:109) ~[ratis-common-0.4.0-2337318-SNAPSHOT.jar:0.4.0-2337318-SNAPSHOT]
	at org.apache.ratis.server.impl.RaftServerProxy.lambda$submitRequest$6(RaftServerProxy.java:328) ~[ratis-server-0.4.0-2337318-SNAPSHOT.jar:0.4.0-2337318-SNAPSHOT]
	at java.util.concurrent.CompletableFuture.uniComposeStage(CompletableFuture.java:981) ~[?:1.8.0_212]
	at java.util.concurrent.CompletableFuture.thenCompose(CompletableFuture.java:2124) ~[?:1.8.0_212]
	at org.apache.ratis.server.impl.RaftServerProxy.submitRequest(RaftServerProxy.java:327) ~[ratis-server-0.4.0-2337318-SNAPSHOT.jar:0.4.0-2337318-SNAPSHOT]
	at org.apache.ratis.server.impl.RaftServerProxy.submitClientRequestAsync(RaftServerProxy.java:333) ~[ratis-server-0.4.0-2337318-SNAPSHOT.jar:0.4.0-2337318-SNAPSHOT]
	at org.apache.ratis.grpc.client.GrpcClientProtocolService$RequestStreamObserver.processClientRequest(GrpcClientProtocolService.java:220) ~[ratis-grpc-0.4.0-2337318-SNAPSHOT.jar:0.4.0-2337318-SNAPSHOT]
	at org.apache.ratis.grpc.client.GrpcClientProtocolService$OrderedRequestStreamObserver.processClientRequest(GrpcClientProtocolService.java:326) ~[ratis-grpc-0.4.0-2337318-SNAPSHOT.jar:0.4.0-2337318-SNAPSHOT]
	at org.apache.ratis.util.SlidingWindow$Server.processRequestsFromHead(SlidingWindow.java:429) [ratis-common-0.4.0-2337318-SNAPSHOT.jar:0.4.0-2337318-SNAPSHOT]
	at org.apache.ratis.util.SlidingWindow$Server.receivedRequest(SlidingWindow.java:421) [ratis-common-0.4.0-2337318-SNAPSHOT.jar:0.4.0-2337318-SNAPSHOT]
	at org.apache.ratis.grpc.client.GrpcClientProtocolService$OrderedRequestStreamObserver.processClientRequest(GrpcClientProtocolService.java:345) [ratis-grpc-0.4.0-2337318-SNAPSHOT.jar:0.4.0-2337318-SNAPSHOT]
	at org.apache.ratis.grpc.client.GrpcClientProtocolService$RequestStreamObserver.onNext(GrpcClientProtocolService.java:240) [ratis-grpc-0.4.0-2337318-SNAPSHOT.jar:0.4.0-2337318-SNAPSHOT]
	at org.apache.ratis.grpc.client.GrpcClientProtocolService$RequestStreamObserver.onNext(GrpcClientProtocolService.java:168) [ratis-grpc-0.4.0-2337318-SNAPSHOT.jar:0.4.0-2337318-SNAPSHOT]
	at org.apache.ratis.thirdparty.io.grpc.stub.ServerCalls$StreamingServerCallHandler$StreamingServerCallListener.onMessage(ServerCalls.java:248) [ratis-thirdparty-misc-0.2.0.jar:0.2.0]
	at org.apache.ratis.thirdparty.io.grpc.internal.ServerCallImpl$ServerStreamListenerImpl.messagesAvailable(ServerCallImpl.java:263) [ratis-thirdparty-misc-0.2.0.jar:0.2.0]
	at org.apache.ratis.thirdparty.io.grpc.internal.ServerImpl$JumpToApplicationThreadServerStreamListener$1MessagesAvailable.runInContext(ServerImpl.java:686) [ratis-thirdparty-misc-0.2.0.jar:0.2.0]
	at org.apache.ratis.thirdparty.io.grpc.internal.ContextRunnable.run(ContextRunnable.java:37) [ratis-thirdparty-misc-0.2.0.jar:0.2.0]
	at org.apache.ratis.thirdparty.io.grpc.internal.SerializingExecutor.run(SerializingExecutor.java:123) [ratis-thirdparty-misc-0.2.0.jar:0.2.0]
	at java.util.concurrent.ThreadPoolExecutor.runWorker(ThreadPoolExecutor.java:1149) [?:1.8.0_212]
	at java.util.concurrent.ThreadPoolExecutor$Worker.run(ThreadPoolExecutor.java:624) [?:1.8.0_212]
	at java.lang.Thread.run(Thread.java:748) [?:1.8.0_212]
2019-07-14 04:31:57,697 INFO  client.GrpcClientProtocolClient (GrpcClientProtocolClient.java:onNext(255)) - client-6E663B4EDC22->a3c2c22c-63c3-4393-9cc5-d0f3199441a0: receive RaftClientReply:client-6E663B4EDC22->a3c2c22c-63c3-4393-9cc5-d0f3199441a0@group-339F621537D4, cid=15, FAILED org.apache.ratis.protocol.StateMachineException: org.apache.hadoop.hdds.scm.container.common.helpers.ContainerNotOpenException from Server a3c2c22c-63c3-4393-9cc5-d0f3199441a0: Container 1 in CLOSED state, logIndex=0, commits[a3c2c22c-63c3-4393-9cc5-d0f3199441a0:c6, 9e73fbb7-ac7c-4586-b557-95e629bce8e9:c5, 6c5654d4-b68b-4990-ae23-e5ea3909aeb5:c5]
2019-07-14 04:31:57,700 INFO  client.GrpcClientProtocolClient (GrpcClientProtocolClient.java:onNext(255)) - client-6E663B4EDC22->a3c2c22c-63c3-4393-9cc5-d0f3199441a0: receive RaftClientReply:client-6E663B4EDC22->a3c2c22c-63c3-4393-9cc5-d0f3199441a0@group-339F621537D4, cid=16, FAILED org.apache.ratis.protocol.StateMachineException: org.apache.hadoop.hdds.scm.container.common.helpers.ContainerNotOpenException from Server a3c2c22c-63c3-4393-9cc5-d0f3199441a0: Container 1 in CLOSED state, logIndex=0, commits[a3c2c22c-63c3-4393-9cc5-d0f3199441a0:c6, 9e73fbb7-ac7c-4586-b557-95e629bce8e9:c5, 6c5654d4-b68b-4990-ae23-e5ea3909aeb5:c5]
2019-07-14 04:31:57,750 INFO  client.GrpcClientProtocolClient (GrpcClientProtocolClient.java:onNext(255)) - client-BE4C7E4DFDDC->32916481-1fc8-4c47-883e-a397dbd42f32: receive RaftClientReply:client-BE4C7E4DFDDC->32916481-1fc8-4c47-883e-a397dbd42f32@group-AF8385457FB2, cid=17, FAILED org.apache.ratis.protocol.NotLeaderException: Server 32916481-1fc8-4c47-883e-a397dbd42f32 is not the leader (4b848755-ec7d-41fe-ad2c-918441e7cc49:192.168.5.157:38032). Request must be sent to leader., logIndex=0, commits[32916481-1fc8-4c47-883e-a397dbd42f32:c0, 4b848755-ec7d-41fe-ad2c-918441e7cc49:c0, 31ff6b63-f2c0-4895-83c0-1f591020bcf1:c0]
2019-07-14 04:31:57,880 INFO  client.GrpcClientProtocolClient (GrpcClientProtocolClient.java:onNext(255)) - client-BE4C7E4DFDDC->4b848755-ec7d-41fe-ad2c-918441e7cc49: receive RaftClientReply:client-BE4C7E4DFDDC->4b848755-ec7d-41fe-ad2c-918441e7cc49@group-AF8385457FB2, cid=17, SUCCESS, logIndex=1, commits[4b848755-ec7d-41fe-ad2c-918441e7cc49:c1, 32916481-1fc8-4c47-883e-a397dbd42f32:c0, 31ff6b63-f2c0-4895-83c0-1f591020bcf1:c0]
2019-07-14 04:31:57,944 INFO  client.GrpcClientProtocolClient (GrpcClientProtocolClient.java:onNext(255)) - client-BE4C7E4DFDDC->4b848755-ec7d-41fe-ad2c-918441e7cc49: receive RaftClientReply:client-BE4C7E4DFDDC->4b848755-ec7d-41fe-ad2c-918441e7cc49@group-AF8385457FB2, cid=18, SUCCESS, logIndex=3, commits[4b848755-ec7d-41fe-ad2c-918441e7cc49:c8, 32916481-1fc8-4c47-883e-a397dbd42f32:c6, 31ff6b63-f2c0-4895-83c0-1f591020bcf1:c6]
2019-07-14 04:31:57,947 INFO  client.GrpcClientProtocolClient (GrpcClientProtocolClient.java:onNext(255)) - client-BE4C7E4DFDDC->4b848755-ec7d-41fe-ad2c-918441e7cc49: receive RaftClientReply:client-BE4C7E4DFDDC->4b848755-ec7d-41fe-ad2c-918441e7cc49@group-AF8385457FB2, cid=19, SUCCESS, logIndex=4, commits[4b848755-ec7d-41fe-ad2c-918441e7cc49:c8, 32916481-1fc8-4c47-883e-a397dbd42f32:c6, 31ff6b63-f2c0-4895-83c0-1f591020bcf1:c6]
2019-07-14 04:31:58,018 INFO  client.GrpcClientProtocolClient (GrpcClientProtocolClient.java:onNext(255)) - client-BE4C7E4DFDDC->4b848755-ec7d-41fe-ad2c-918441e7cc49: receive RaftClientReply:client-BE4C7E4DFDDC->4b848755-ec7d-41fe-ad2c-918441e7cc49@group-AF8385457FB2, cid=20, SUCCESS, logIndex=5, commits[4b848755-ec7d-41fe-ad2c-918441e7cc49:c8, 32916481-1fc8-4c47-883e-a397dbd42f32:c6, 31ff6b63-f2c0-4895-83c0-1f591020bcf1:c6]
2019-07-14 04:31:58,105 INFO  pipeline.Pipeline (Pipeline.java:getProtobufMessage(195)) - Serialize pipeline PipelineID=dba2a23a-cb18-4ea1-8bc5-af8385457fb2 with nodesInOrder{ }
]]></system-out>
    <system-err><![CDATA[ERROR StatusLogger No Log4j 2 configuration file found. Using default configuration (logging only errors to the console), or user programmatically provided configurations. Set system property 'log4j2.debug' to show Log4j 2 internal initialization logging. See https://logging.apache.org/log4j/2.x/manual/configuration.html for instructions on how to configure Log4j 2
Jul 14, 2019 4:31:43 AM com.sun.jersey.server.impl.application.WebApplicationImpl _initiate
INFO: Initiating Jersey application, version 'Jersey: 1.19 02/11/2015 03:25 AM'
Jul 14, 2019 4:31:44 AM com.sun.jersey.server.impl.application.WebApplicationImpl _initiate
INFO: Initiating Jersey application, version 'Jersey: 1.19 02/11/2015 03:25 AM'
Jul 14, 2019 4:31:44 AM com.sun.jersey.server.impl.application.WebApplicationImpl _initiate
INFO: Initiating Jersey application, version 'Jersey: 1.19 02/11/2015 03:25 AM'
Jul 14, 2019 4:31:44 AM com.sun.jersey.server.impl.application.WebApplicationImpl _initiate
INFO: Initiating Jersey application, version 'Jersey: 1.19 02/11/2015 03:25 AM'
Jul 14, 2019 4:31:44 AM com.sun.jersey.server.impl.application.WebApplicationImpl _initiate
INFO: Initiating Jersey application, version 'Jersey: 1.19 02/11/2015 03:25 AM'
Jul 14, 2019 4:31:44 AM com.sun.jersey.server.impl.application.WebApplicationImpl _initiate
INFO: Initiating Jersey application, version 'Jersey: 1.19 02/11/2015 03:25 AM'
Jul 14, 2019 4:31:45 AM com.sun.jersey.server.impl.application.WebApplicationImpl _initiate
INFO: Initiating Jersey application, version 'Jersey: 1.19 02/11/2015 03:25 AM'
]]></system-err>
  </testcase>
  <testcase name="testBlockWritesWithFlushAndClose" classname="org.apache.hadoop.ozone.client.rpc.TestCloseContainerHandlingByClient" time="1.887">
    <error type="java.lang.IllegalArgumentException">java.lang.IllegalArgumentException
	at com.google.common.base.Preconditions.checkArgument(Preconditions.java:72)
	at org.apache.hadoop.hdds.scm.XceiverClientManager.acquireClient(XceiverClientManager.java:150)
	at org.apache.hadoop.hdds.scm.XceiverClientManager.acquireClientForReadData(XceiverClientManager.java:143)
	at org.apache.hadoop.hdds.scm.storage.BlockInputStream.getChunkInfos(BlockInputStream.java:154)
	at org.apache.hadoop.hdds.scm.storage.BlockInputStream.initialize(BlockInputStream.java:118)
	at org.apache.hadoop.hdds.scm.storage.BlockInputStream.read(BlockInputStream.java:222)
	at org.apache.hadoop.ozone.client.io.KeyInputStream.read(KeyInputStream.java:171)
	at org.apache.hadoop.ozone.client.io.OzoneInputStream.read(OzoneInputStream.java:47)
	at java.io.InputStream.read(InputStream.java:101)
	at org.apache.hadoop.ozone.container.ContainerTestHelper.validateData(ContainerTestHelper.java:709)
	at org.apache.hadoop.ozone.client.rpc.TestCloseContainerHandlingByClient.validateData(TestCloseContainerHandlingByClient.java:401)
	at org.apache.hadoop.ozone.client.rpc.TestCloseContainerHandlingByClient.testBlockWritesWithFlushAndClose(TestCloseContainerHandlingByClient.java:150)
	at sun.reflect.NativeMethodAccessorImpl.invoke0(Native Method)
	at sun.reflect.NativeMethodAccessorImpl.invoke(NativeMethodAccessorImpl.java:62)
	at sun.reflect.DelegatingMethodAccessorImpl.invoke(DelegatingMethodAccessorImpl.java:43)
	at java.lang.reflect.Method.invoke(Method.java:498)
	at org.junit.runners.model.FrameworkMethod$1.runReflectiveCall(FrameworkMethod.java:47)
	at org.junit.internal.runners.model.ReflectiveCallable.run(ReflectiveCallable.java:12)
	at org.junit.runners.model.FrameworkMethod.invokeExplosively(FrameworkMethod.java:44)
	at org.junit.internal.runners.statements.InvokeMethod.evaluate(InvokeMethod.java:17)
	at org.junit.runners.ParentRunner.runLeaf(ParentRunner.java:271)
	at org.junit.runners.BlockJUnit4ClassRunner.runChild(BlockJUnit4ClassRunner.java:70)
	at org.junit.runners.BlockJUnit4ClassRunner.runChild(BlockJUnit4ClassRunner.java:50)
	at org.junit.runners.ParentRunner$3.run(ParentRunner.java:238)
	at org.junit.runners.ParentRunner$1.schedule(ParentRunner.java:63)
	at org.junit.runners.ParentRunner.runChildren(ParentRunner.java:236)
	at org.junit.runners.ParentRunner.access$000(ParentRunner.java:53)
	at org.junit.runners.ParentRunner$2.evaluate(ParentRunner.java:229)
	at org.junit.internal.runners.statements.RunBefores.evaluate(RunBefores.java:26)
	at org.junit.internal.runners.statements.RunAfters.evaluate(RunAfters.java:27)
	at org.junit.runners.ParentRunner.run(ParentRunner.java:309)
	at org.apache.maven.surefire.junit4.JUnit4Provider.execute(JUnit4Provider.java:365)
	at org.apache.maven.surefire.junit4.JUnit4Provider.executeWithRerun(JUnit4Provider.java:273)
	at org.apache.maven.surefire.junit4.JUnit4Provider.executeTestSet(JUnit4Provider.java:238)
	at org.apache.maven.surefire.junit4.JUnit4Provider.invoke(JUnit4Provider.java:159)
	at org.apache.maven.surefire.booter.ForkedBooter.invokeProviderInSameClassLoader(ForkedBooter.java:384)
	at org.apache.maven.surefire.booter.ForkedBooter.runSuitesInProcess(ForkedBooter.java:345)
	at org.apache.maven.surefire.booter.ForkedBooter.execute(ForkedBooter.java:126)
	at org.apache.maven.surefire.booter.ForkedBooter.main(ForkedBooter.java:418)
</error>
    <system-out><![CDATA[2019-07-14 04:31:58,310 INFO  client.GrpcClientProtocolClient (GrpcClientProtocolClient.java:onNext(255)) - client-6E663B4EDC22->a3c2c22c-63c3-4393-9cc5-d0f3199441a0: receive RaftClientReply:client-6E663B4EDC22->a3c2c22c-63c3-4393-9cc5-d0f3199441a0@group-339F621537D4, cid=21, SUCCESS, logIndex=7, commits[a3c2c22c-63c3-4393-9cc5-d0f3199441a0:c8, 9e73fbb7-ac7c-4586-b557-95e629bce8e9:c6, 6c5654d4-b68b-4990-ae23-e5ea3909aeb5:c6]
2019-07-14 04:31:58,339 INFO  client.GrpcClientProtocolClient (GrpcClientProtocolClient.java:onNext(255)) - client-6E663B4EDC22->a3c2c22c-63c3-4393-9cc5-d0f3199441a0: receive RaftClientReply:client-6E663B4EDC22->a3c2c22c-63c3-4393-9cc5-d0f3199441a0@group-339F621537D4, cid=22, SUCCESS, logIndex=8, commits[a3c2c22c-63c3-4393-9cc5-d0f3199441a0:c9, 9e73fbb7-ac7c-4586-b557-95e629bce8e9:c8, 6c5654d4-b68b-4990-ae23-e5ea3909aeb5:c8]
2019-07-14 04:31:58,691 INFO  container.CloseContainerEventHandler (CloseContainerEventHandler.java:onMessage(61)) - Close container Event triggered for container : #3
2019-07-14 04:31:58,692 INFO  container.CloseContainerEventHandler (CloseContainerEventHandler.java:onMessage(61)) - Close container Event triggered for container : #3
2019-07-14 04:31:58,692 INFO  container.CloseContainerEventHandler (CloseContainerEventHandler.java:onMessage(61)) - Close container Event triggered for container : #3
2019-07-14 04:31:59,529 INFO  interfaces.Container (KeyValueContainer.java:compactDB(356)) - Container 3 is closed with bcsId 8.
2019-07-14 04:31:59,555 INFO  interfaces.Container (KeyValueContainer.java:compactDB(356)) - Container 3 is closed with bcsId 8.
2019-07-14 04:31:59,555 INFO  interfaces.Container (KeyValueContainer.java:compactDB(356)) - Container 3 is closed with bcsId 8.
04:31:59.701 [grpc-default-executor-0] ERROR DNAudit - user=null | ip=null | op=WRITE_CHUNK {blockData=conID: 3 locID: 102437926874447876 bcsId: 8} | ret=FAILURE
org.apache.hadoop.hdds.scm.container.common.helpers.ContainerNotOpenException: Container 3 in CLOSED state
	at org.apache.hadoop.ozone.container.common.impl.HddsDispatcher.validateContainerCommand(HddsDispatcher.java:408) ~[hadoop-hdds-container-service-0.5.0-SNAPSHOT.jar:?]
	at org.apache.hadoop.ozone.container.common.transport.server.ratis.ContainerStateMachine.startTransaction(ContainerStateMachine.java:271) ~[hadoop-hdds-container-service-0.5.0-SNAPSHOT.jar:?]
	at org.apache.ratis.server.impl.RaftServerImpl.submitClientRequestAsync(RaftServerImpl.java:566) ~[ratis-server-0.4.0-2337318-SNAPSHOT.jar:0.4.0-2337318-SNAPSHOT]
	at org.apache.ratis.server.impl.RaftServerProxy.lambda$submitClientRequestAsync$7(RaftServerProxy.java:333) ~[ratis-server-0.4.0-2337318-SNAPSHOT.jar:0.4.0-2337318-SNAPSHOT]
	at org.apache.ratis.server.impl.RaftServerProxy.lambda$null$5(RaftServerProxy.java:328) ~[ratis-server-0.4.0-2337318-SNAPSHOT.jar:0.4.0-2337318-SNAPSHOT]
	at org.apache.ratis.util.JavaUtils.callAsUnchecked(JavaUtils.java:109) ~[ratis-common-0.4.0-2337318-SNAPSHOT.jar:0.4.0-2337318-SNAPSHOT]
	at org.apache.ratis.server.impl.RaftServerProxy.lambda$submitRequest$6(RaftServerProxy.java:328) ~[ratis-server-0.4.0-2337318-SNAPSHOT.jar:0.4.0-2337318-SNAPSHOT]
	at java.util.concurrent.CompletableFuture.uniComposeStage(CompletableFuture.java:981) ~[?:1.8.0_212]
	at java.util.concurrent.CompletableFuture.thenCompose(CompletableFuture.java:2124) ~[?:1.8.0_212]
	at org.apache.ratis.server.impl.RaftServerProxy.submitRequest(RaftServerProxy.java:327) ~[ratis-server-0.4.0-2337318-SNAPSHOT.jar:0.4.0-2337318-SNAPSHOT]
	at org.apache.ratis.server.impl.RaftServerProxy.submitClientRequestAsync(RaftServerProxy.java:333) ~[ratis-server-0.4.0-2337318-SNAPSHOT.jar:0.4.0-2337318-SNAPSHOT]
	at org.apache.ratis.grpc.client.GrpcClientProtocolService$RequestStreamObserver.processClientRequest(GrpcClientProtocolService.java:220) ~[ratis-grpc-0.4.0-2337318-SNAPSHOT.jar:0.4.0-2337318-SNAPSHOT]
	at org.apache.ratis.grpc.client.GrpcClientProtocolService$OrderedRequestStreamObserver.processClientRequest(GrpcClientProtocolService.java:326) ~[ratis-grpc-0.4.0-2337318-SNAPSHOT.jar:0.4.0-2337318-SNAPSHOT]
	at org.apache.ratis.util.SlidingWindow$Server.processRequestsFromHead(SlidingWindow.java:429) [ratis-common-0.4.0-2337318-SNAPSHOT.jar:0.4.0-2337318-SNAPSHOT]
	at org.apache.ratis.util.SlidingWindow$Server.receivedRequest(SlidingWindow.java:421) [ratis-common-0.4.0-2337318-SNAPSHOT.jar:0.4.0-2337318-SNAPSHOT]
	at org.apache.ratis.grpc.client.GrpcClientProtocolService$OrderedRequestStreamObserver.processClientRequest(GrpcClientProtocolService.java:345) [ratis-grpc-0.4.0-2337318-SNAPSHOT.jar:0.4.0-2337318-SNAPSHOT]
	at org.apache.ratis.grpc.client.GrpcClientProtocolService$RequestStreamObserver.onNext(GrpcClientProtocolService.java:240) [ratis-grpc-0.4.0-2337318-SNAPSHOT.jar:0.4.0-2337318-SNAPSHOT]
	at org.apache.ratis.grpc.client.GrpcClientProtocolService$RequestStreamObserver.onNext(GrpcClientProtocolService.java:168) [ratis-grpc-0.4.0-2337318-SNAPSHOT.jar:0.4.0-2337318-SNAPSHOT]
	at org.apache.ratis.thirdparty.io.grpc.stub.ServerCalls$StreamingServerCallHandler$StreamingServerCallListener.onMessage(ServerCalls.java:248) [ratis-thirdparty-misc-0.2.0.jar:0.2.0]
	at org.apache.ratis.thirdparty.io.grpc.internal.ServerCallImpl$ServerStreamListenerImpl.messagesAvailable(ServerCallImpl.java:263) [ratis-thirdparty-misc-0.2.0.jar:0.2.0]
	at org.apache.ratis.thirdparty.io.grpc.internal.ServerImpl$JumpToApplicationThreadServerStreamListener$1MessagesAvailable.runInContext(ServerImpl.java:686) [ratis-thirdparty-misc-0.2.0.jar:0.2.0]
	at org.apache.ratis.thirdparty.io.grpc.internal.ContextRunnable.run(ContextRunnable.java:37) [ratis-thirdparty-misc-0.2.0.jar:0.2.0]
	at org.apache.ratis.thirdparty.io.grpc.internal.SerializingExecutor.run(SerializingExecutor.java:123) [ratis-thirdparty-misc-0.2.0.jar:0.2.0]
	at java.util.concurrent.ThreadPoolExecutor.runWorker(ThreadPoolExecutor.java:1149) [?:1.8.0_212]
	at java.util.concurrent.ThreadPoolExecutor$Worker.run(ThreadPoolExecutor.java:624) [?:1.8.0_212]
	at java.lang.Thread.run(Thread.java:748) [?:1.8.0_212]
04:31:59.713 [grpc-default-executor-0] ERROR DNAudit - user=null | ip=null | op=PUT_BLOCK {blockData=[blockId=conID: 3 locID: 102437926874447876 bcsId: 0,size=2097152]} | ret=FAILURE
org.apache.hadoop.hdds.scm.container.common.helpers.ContainerNotOpenException: Container 3 in CLOSED state
	at org.apache.hadoop.ozone.container.common.impl.HddsDispatcher.validateContainerCommand(HddsDispatcher.java:408) ~[hadoop-hdds-container-service-0.5.0-SNAPSHOT.jar:?]
	at org.apache.hadoop.ozone.container.common.transport.server.ratis.ContainerStateMachine.startTransaction(ContainerStateMachine.java:271) ~[hadoop-hdds-container-service-0.5.0-SNAPSHOT.jar:?]
	at org.apache.ratis.server.impl.RaftServerImpl.submitClientRequestAsync(RaftServerImpl.java:566) ~[ratis-server-0.4.0-2337318-SNAPSHOT.jar:0.4.0-2337318-SNAPSHOT]
	at org.apache.ratis.server.impl.RaftServerProxy.lambda$submitClientRequestAsync$7(RaftServerProxy.java:333) ~[ratis-server-0.4.0-2337318-SNAPSHOT.jar:0.4.0-2337318-SNAPSHOT]
	at org.apache.ratis.server.impl.RaftServerProxy.lambda$null$5(RaftServerProxy.java:328) ~[ratis-server-0.4.0-2337318-SNAPSHOT.jar:0.4.0-2337318-SNAPSHOT]
	at org.apache.ratis.util.JavaUtils.callAsUnchecked(JavaUtils.java:109) ~[ratis-common-0.4.0-2337318-SNAPSHOT.jar:0.4.0-2337318-SNAPSHOT]
	at org.apache.ratis.server.impl.RaftServerProxy.lambda$submitRequest$6(RaftServerProxy.java:328) ~[ratis-server-0.4.0-2337318-SNAPSHOT.jar:0.4.0-2337318-SNAPSHOT]
	at java.util.concurrent.CompletableFuture.uniComposeStage(CompletableFuture.java:981) ~[?:1.8.0_212]
	at java.util.concurrent.CompletableFuture.thenCompose(CompletableFuture.java:2124) ~[?:1.8.0_212]
	at org.apache.ratis.server.impl.RaftServerProxy.submitRequest(RaftServerProxy.java:327) ~[ratis-server-0.4.0-2337318-SNAPSHOT.jar:0.4.0-2337318-SNAPSHOT]
	at org.apache.ratis.server.impl.RaftServerProxy.submitClientRequestAsync(RaftServerProxy.java:333) ~[ratis-server-0.4.0-2337318-SNAPSHOT.jar:0.4.0-2337318-SNAPSHOT]
	at org.apache.ratis.grpc.client.GrpcClientProtocolService$RequestStreamObserver.processClientRequest(GrpcClientProtocolService.java:220) ~[ratis-grpc-0.4.0-2337318-SNAPSHOT.jar:0.4.0-2337318-SNAPSHOT]
	at org.apache.ratis.grpc.client.GrpcClientProtocolService$OrderedRequestStreamObserver.processClientRequest(GrpcClientProtocolService.java:326) ~[ratis-grpc-0.4.0-2337318-SNAPSHOT.jar:0.4.0-2337318-SNAPSHOT]
	at org.apache.ratis.util.SlidingWindow$Server.processRequestsFromHead(SlidingWindow.java:429) [ratis-common-0.4.0-2337318-SNAPSHOT.jar:0.4.0-2337318-SNAPSHOT]
	at org.apache.ratis.util.SlidingWindow$Server.receivedRequest(SlidingWindow.java:421) [ratis-common-0.4.0-2337318-SNAPSHOT.jar:0.4.0-2337318-SNAPSHOT]
	at org.apache.ratis.grpc.client.GrpcClientProtocolService$OrderedRequestStreamObserver.processClientRequest(GrpcClientProtocolService.java:345) [ratis-grpc-0.4.0-2337318-SNAPSHOT.jar:0.4.0-2337318-SNAPSHOT]
	at org.apache.ratis.grpc.client.GrpcClientProtocolService$RequestStreamObserver.onNext(GrpcClientProtocolService.java:240) [ratis-grpc-0.4.0-2337318-SNAPSHOT.jar:0.4.0-2337318-SNAPSHOT]
	at org.apache.ratis.grpc.client.GrpcClientProtocolService$RequestStreamObserver.onNext(GrpcClientProtocolService.java:168) [ratis-grpc-0.4.0-2337318-SNAPSHOT.jar:0.4.0-2337318-SNAPSHOT]
	at org.apache.ratis.thirdparty.io.grpc.stub.ServerCalls$StreamingServerCallHandler$StreamingServerCallListener.onMessage(ServerCalls.java:248) [ratis-thirdparty-misc-0.2.0.jar:0.2.0]
	at org.apache.ratis.thirdparty.io.grpc.internal.ServerCallImpl$ServerStreamListenerImpl.messagesAvailable(ServerCallImpl.java:263) [ratis-thirdparty-misc-0.2.0.jar:0.2.0]
	at org.apache.ratis.thirdparty.io.grpc.internal.ServerImpl$JumpToApplicationThreadServerStreamListener$1MessagesAvailable.runInContext(ServerImpl.java:686) [ratis-thirdparty-misc-0.2.0.jar:0.2.0]
	at org.apache.ratis.thirdparty.io.grpc.internal.ContextRunnable.run(ContextRunnable.java:37) [ratis-thirdparty-misc-0.2.0.jar:0.2.0]
	at org.apache.ratis.thirdparty.io.grpc.internal.SerializingExecutor.run(SerializingExecutor.java:123) [ratis-thirdparty-misc-0.2.0.jar:0.2.0]
	at java.util.concurrent.ThreadPoolExecutor.runWorker(ThreadPoolExecutor.java:1149) [?:1.8.0_212]
	at java.util.concurrent.ThreadPoolExecutor$Worker.run(ThreadPoolExecutor.java:624) [?:1.8.0_212]
	at java.lang.Thread.run(Thread.java:748) [?:1.8.0_212]
2019-07-14 04:31:59,719 INFO  client.GrpcClientProtocolClient (GrpcClientProtocolClient.java:onNext(255)) - client-6E663B4EDC22->a3c2c22c-63c3-4393-9cc5-d0f3199441a0: receive RaftClientReply:client-6E663B4EDC22->a3c2c22c-63c3-4393-9cc5-d0f3199441a0@group-339F621537D4, cid=23, FAILED org.apache.ratis.protocol.StateMachineException: org.apache.hadoop.hdds.scm.container.common.helpers.ContainerNotOpenException from Server a3c2c22c-63c3-4393-9cc5-d0f3199441a0: Container 3 in CLOSED state, logIndex=0, commits[a3c2c22c-63c3-4393-9cc5-d0f3199441a0:c11, 9e73fbb7-ac7c-4586-b557-95e629bce8e9:c10, 6c5654d4-b68b-4990-ae23-e5ea3909aeb5:c10]
2019-07-14 04:31:59,723 INFO  client.GrpcClientProtocolClient (GrpcClientProtocolClient.java:onNext(255)) - client-6E663B4EDC22->a3c2c22c-63c3-4393-9cc5-d0f3199441a0: receive RaftClientReply:client-6E663B4EDC22->a3c2c22c-63c3-4393-9cc5-d0f3199441a0@group-339F621537D4, cid=24, FAILED org.apache.ratis.protocol.StateMachineException: org.apache.hadoop.hdds.scm.container.common.helpers.ContainerNotOpenException from Server a3c2c22c-63c3-4393-9cc5-d0f3199441a0: Container 3 in CLOSED state, logIndex=0, commits[a3c2c22c-63c3-4393-9cc5-d0f3199441a0:c11, 9e73fbb7-ac7c-4586-b557-95e629bce8e9:c10, 6c5654d4-b68b-4990-ae23-e5ea3909aeb5:c10]
2019-07-14 04:31:59,846 INFO  client.GrpcClientProtocolClient (GrpcClientProtocolClient.java:onNext(255)) - client-6E663B4EDC22->a3c2c22c-63c3-4393-9cc5-d0f3199441a0: receive RaftClientReply:client-6E663B4EDC22->a3c2c22c-63c3-4393-9cc5-d0f3199441a0@group-339F621537D4, cid=25, SUCCESS, logIndex=12, commits[a3c2c22c-63c3-4393-9cc5-d0f3199441a0:c15, 9e73fbb7-ac7c-4586-b557-95e629bce8e9:c11, 6c5654d4-b68b-4990-ae23-e5ea3909aeb5:c11]
2019-07-14 04:31:59,889 INFO  client.GrpcClientProtocolClient (GrpcClientProtocolClient.java:onNext(255)) - client-6E663B4EDC22->a3c2c22c-63c3-4393-9cc5-d0f3199441a0: receive RaftClientReply:client-6E663B4EDC22->a3c2c22c-63c3-4393-9cc5-d0f3199441a0@group-339F621537D4, cid=26, SUCCESS, logIndex=13, commits[a3c2c22c-63c3-4393-9cc5-d0f3199441a0:c18, 9e73fbb7-ac7c-4586-b557-95e629bce8e9:c15, 6c5654d4-b68b-4990-ae23-e5ea3909aeb5:c15]
2019-07-14 04:31:59,893 INFO  client.GrpcClientProtocolClient (GrpcClientProtocolClient.java:onNext(255)) - client-6E663B4EDC22->a3c2c22c-63c3-4393-9cc5-d0f3199441a0: receive RaftClientReply:client-6E663B4EDC22->a3c2c22c-63c3-4393-9cc5-d0f3199441a0@group-339F621537D4, cid=27, SUCCESS, logIndex=14, commits[a3c2c22c-63c3-4393-9cc5-d0f3199441a0:c18, 9e73fbb7-ac7c-4586-b557-95e629bce8e9:c15, 6c5654d4-b68b-4990-ae23-e5ea3909aeb5:c15]
2019-07-14 04:31:59,956 INFO  client.GrpcClientProtocolClient (GrpcClientProtocolClient.java:onNext(255)) - client-6E663B4EDC22->a3c2c22c-63c3-4393-9cc5-d0f3199441a0: receive RaftClientReply:client-6E663B4EDC22->a3c2c22c-63c3-4393-9cc5-d0f3199441a0@group-339F621537D4, cid=28, SUCCESS, logIndex=15, commits[a3c2c22c-63c3-4393-9cc5-d0f3199441a0:c18, 9e73fbb7-ac7c-4586-b557-95e629bce8e9:c15, 6c5654d4-b68b-4990-ae23-e5ea3909aeb5:c15]
2019-07-14 04:31:59,993 INFO  pipeline.Pipeline (Pipeline.java:getProtobufMessage(195)) - Serialize pipeline PipelineID=cee80bf1-89aa-47fd-8c9b-339f621537d4 with nodesInOrder{ }
2019-07-14 04:32:00,009 INFO  pipeline.Pipeline (Pipeline.java:build(342)) - Deserialize nodesInOrder [9e73fbb7-ac7c-4586-b557-95e629bce8e9{ip: 192.168.5.157, host: trunk-nightly-6h29n-2077950039, networkLocation: /default-rack, certSerialId: null}, 9e73fbb7-ac7c-4586-b557-95e629bce8e9{ip: 192.168.5.157, host: trunk-nightly-6h29n-2077950039, networkLocation: /default-rack, certSerialId: null}, 9e73fbb7-ac7c-4586-b557-95e629bce8e9{ip: 192.168.5.157, host: trunk-nightly-6h29n-2077950039, networkLocation: /default-rack, certSerialId: null}] in pipeline PipelineID=cee80bf1-89aa-47fd-8c9b-339f621537d4
]]></system-out>
  </testcase>
  <testcase name="testBlockWritesCloseConsistency" classname="org.apache.hadoop.ozone.client.rpc.TestCloseContainerHandlingByClient" time="2.733">
    <error type="java.lang.IllegalArgumentException">java.lang.IllegalArgumentException
	at com.google.common.base.Preconditions.checkArgument(Preconditions.java:72)
	at org.apache.hadoop.hdds.scm.XceiverClientManager.acquireClient(XceiverClientManager.java:150)
	at org.apache.hadoop.hdds.scm.XceiverClientManager.acquireClientForReadData(XceiverClientManager.java:143)
	at org.apache.hadoop.hdds.scm.storage.BlockInputStream.getChunkInfos(BlockInputStream.java:154)
	at org.apache.hadoop.hdds.scm.storage.BlockInputStream.initialize(BlockInputStream.java:118)
	at org.apache.hadoop.hdds.scm.storage.BlockInputStream.read(BlockInputStream.java:222)
	at org.apache.hadoop.ozone.client.io.KeyInputStream.read(KeyInputStream.java:171)
	at org.apache.hadoop.ozone.client.io.OzoneInputStream.read(OzoneInputStream.java:47)
	at java.io.InputStream.read(InputStream.java:101)
	at org.apache.hadoop.ozone.container.ContainerTestHelper.validateData(ContainerTestHelper.java:709)
	at org.apache.hadoop.ozone.client.rpc.TestCloseContainerHandlingByClient.validateData(TestCloseContainerHandlingByClient.java:401)
	at org.apache.hadoop.ozone.client.rpc.TestCloseContainerHandlingByClient.testBlockWritesCloseConsistency(TestCloseContainerHandlingByClient.java:178)
	at sun.reflect.NativeMethodAccessorImpl.invoke0(Native Method)
	at sun.reflect.NativeMethodAccessorImpl.invoke(NativeMethodAccessorImpl.java:62)
	at sun.reflect.DelegatingMethodAccessorImpl.invoke(DelegatingMethodAccessorImpl.java:43)
	at java.lang.reflect.Method.invoke(Method.java:498)
	at org.junit.runners.model.FrameworkMethod$1.runReflectiveCall(FrameworkMethod.java:47)
	at org.junit.internal.runners.model.ReflectiveCallable.run(ReflectiveCallable.java:12)
	at org.junit.runners.model.FrameworkMethod.invokeExplosively(FrameworkMethod.java:44)
	at org.junit.internal.runners.statements.InvokeMethod.evaluate(InvokeMethod.java:17)
	at org.junit.runners.ParentRunner.runLeaf(ParentRunner.java:271)
	at org.junit.runners.BlockJUnit4ClassRunner.runChild(BlockJUnit4ClassRunner.java:70)
	at org.junit.runners.BlockJUnit4ClassRunner.runChild(BlockJUnit4ClassRunner.java:50)
	at org.junit.runners.ParentRunner$3.run(ParentRunner.java:238)
	at org.junit.runners.ParentRunner$1.schedule(ParentRunner.java:63)
	at org.junit.runners.ParentRunner.runChildren(ParentRunner.java:236)
	at org.junit.runners.ParentRunner.access$000(ParentRunner.java:53)
	at org.junit.runners.ParentRunner$2.evaluate(ParentRunner.java:229)
	at org.junit.internal.runners.statements.RunBefores.evaluate(RunBefores.java:26)
	at org.junit.internal.runners.statements.RunAfters.evaluate(RunAfters.java:27)
	at org.junit.runners.ParentRunner.run(ParentRunner.java:309)
	at org.apache.maven.surefire.junit4.JUnit4Provider.execute(JUnit4Provider.java:365)
	at org.apache.maven.surefire.junit4.JUnit4Provider.executeWithRerun(JUnit4Provider.java:273)
	at org.apache.maven.surefire.junit4.JUnit4Provider.executeTestSet(JUnit4Provider.java:238)
	at org.apache.maven.surefire.junit4.JUnit4Provider.invoke(JUnit4Provider.java:159)
	at org.apache.maven.surefire.booter.ForkedBooter.invokeProviderInSameClassLoader(ForkedBooter.java:384)
	at org.apache.maven.surefire.booter.ForkedBooter.runSuitesInProcess(ForkedBooter.java:345)
	at org.apache.maven.surefire.booter.ForkedBooter.execute(ForkedBooter.java:126)
	at org.apache.maven.surefire.booter.ForkedBooter.main(ForkedBooter.java:418)
</error>
    <system-out><![CDATA[2019-07-14 04:32:00,175 INFO  client.GrpcClientProtocolClient (GrpcClientProtocolClient.java:onNext(255)) - client-BE4C7E4DFDDC->4b848755-ec7d-41fe-ad2c-918441e7cc49: receive RaftClientReply:client-BE4C7E4DFDDC->4b848755-ec7d-41fe-ad2c-918441e7cc49@group-AF8385457FB2, cid=29, SUCCESS, logIndex=9, commits[4b848755-ec7d-41fe-ad2c-918441e7cc49:c10, 32916481-1fc8-4c47-883e-a397dbd42f32:c8, 31ff6b63-f2c0-4895-83c0-1f591020bcf1:c8]
2019-07-14 04:32:00,222 INFO  client.GrpcClientProtocolClient (GrpcClientProtocolClient.java:onNext(255)) - client-BE4C7E4DFDDC->4b848755-ec7d-41fe-ad2c-918441e7cc49: receive RaftClientReply:client-BE4C7E4DFDDC->4b848755-ec7d-41fe-ad2c-918441e7cc49@group-AF8385457FB2, cid=30, SUCCESS, logIndex=10, commits[4b848755-ec7d-41fe-ad2c-918441e7cc49:c12, 32916481-1fc8-4c47-883e-a397dbd42f32:c10, 31ff6b63-f2c0-4895-83c0-1f591020bcf1:c10]
2019-07-14 04:32:00,558 INFO  container.CloseContainerEventHandler (CloseContainerEventHandler.java:onMessage(61)) - Close container Event triggered for container : #5
2019-07-14 04:32:00,559 INFO  container.CloseContainerEventHandler (CloseContainerEventHandler.java:onMessage(61)) - Close container Event triggered for container : #5
2019-07-14 04:32:00,559 INFO  container.CloseContainerEventHandler (CloseContainerEventHandler.java:onMessage(61)) - Close container Event triggered for container : #5
2019-07-14 04:32:02,195 INFO  interfaces.Container (KeyValueContainer.java:compactDB(356)) - Container 5 is closed with bcsId 10.
2019-07-14 04:32:02,199 INFO  interfaces.Container (KeyValueContainer.java:compactDB(356)) - Container 5 is closed with bcsId 10.
2019-07-14 04:32:02,211 INFO  interfaces.Container (KeyValueContainer.java:compactDB(356)) - Container 5 is closed with bcsId 10.
04:32:02.565 [grpc-default-executor-1] ERROR DNAudit - user=null | ip=null | op=WRITE_CHUNK {blockData=conID: 5 locID: 102437926997262343 bcsId: 10} | ret=FAILURE
org.apache.hadoop.hdds.scm.container.common.helpers.ContainerNotOpenException: Container 5 in CLOSED state
	at org.apache.hadoop.ozone.container.common.impl.HddsDispatcher.validateContainerCommand(HddsDispatcher.java:408) ~[hadoop-hdds-container-service-0.5.0-SNAPSHOT.jar:?]
	at org.apache.hadoop.ozone.container.common.transport.server.ratis.ContainerStateMachine.startTransaction(ContainerStateMachine.java:271) ~[hadoop-hdds-container-service-0.5.0-SNAPSHOT.jar:?]
	at org.apache.ratis.server.impl.RaftServerImpl.submitClientRequestAsync(RaftServerImpl.java:566) ~[ratis-server-0.4.0-2337318-SNAPSHOT.jar:0.4.0-2337318-SNAPSHOT]
	at org.apache.ratis.server.impl.RaftServerProxy.lambda$submitClientRequestAsync$7(RaftServerProxy.java:333) ~[ratis-server-0.4.0-2337318-SNAPSHOT.jar:0.4.0-2337318-SNAPSHOT]
	at org.apache.ratis.server.impl.RaftServerProxy.lambda$null$5(RaftServerProxy.java:328) ~[ratis-server-0.4.0-2337318-SNAPSHOT.jar:0.4.0-2337318-SNAPSHOT]
	at org.apache.ratis.util.JavaUtils.callAsUnchecked(JavaUtils.java:109) ~[ratis-common-0.4.0-2337318-SNAPSHOT.jar:0.4.0-2337318-SNAPSHOT]
	at org.apache.ratis.server.impl.RaftServerProxy.lambda$submitRequest$6(RaftServerProxy.java:328) ~[ratis-server-0.4.0-2337318-SNAPSHOT.jar:0.4.0-2337318-SNAPSHOT]
	at java.util.concurrent.CompletableFuture.uniComposeStage(CompletableFuture.java:981) ~[?:1.8.0_212]
	at java.util.concurrent.CompletableFuture.thenCompose(CompletableFuture.java:2124) ~[?:1.8.0_212]
	at org.apache.ratis.server.impl.RaftServerProxy.submitRequest(RaftServerProxy.java:327) ~[ratis-server-0.4.0-2337318-SNAPSHOT.jar:0.4.0-2337318-SNAPSHOT]
	at org.apache.ratis.server.impl.RaftServerProxy.submitClientRequestAsync(RaftServerProxy.java:333) ~[ratis-server-0.4.0-2337318-SNAPSHOT.jar:0.4.0-2337318-SNAPSHOT]
	at org.apache.ratis.grpc.client.GrpcClientProtocolService$RequestStreamObserver.processClientRequest(GrpcClientProtocolService.java:220) ~[ratis-grpc-0.4.0-2337318-SNAPSHOT.jar:0.4.0-2337318-SNAPSHOT]
	at org.apache.ratis.grpc.client.GrpcClientProtocolService$OrderedRequestStreamObserver.processClientRequest(GrpcClientProtocolService.java:326) ~[ratis-grpc-0.4.0-2337318-SNAPSHOT.jar:0.4.0-2337318-SNAPSHOT]
	at org.apache.ratis.util.SlidingWindow$Server.processRequestsFromHead(SlidingWindow.java:429) [ratis-common-0.4.0-2337318-SNAPSHOT.jar:0.4.0-2337318-SNAPSHOT]
	at org.apache.ratis.util.SlidingWindow$Server.receivedRequest(SlidingWindow.java:421) [ratis-common-0.4.0-2337318-SNAPSHOT.jar:0.4.0-2337318-SNAPSHOT]
	at org.apache.ratis.grpc.client.GrpcClientProtocolService$OrderedRequestStreamObserver.processClientRequest(GrpcClientProtocolService.java:345) [ratis-grpc-0.4.0-2337318-SNAPSHOT.jar:0.4.0-2337318-SNAPSHOT]
	at org.apache.ratis.grpc.client.GrpcClientProtocolService$RequestStreamObserver.onNext(GrpcClientProtocolService.java:240) [ratis-grpc-0.4.0-2337318-SNAPSHOT.jar:0.4.0-2337318-SNAPSHOT]
	at org.apache.ratis.grpc.client.GrpcClientProtocolService$RequestStreamObserver.onNext(GrpcClientProtocolService.java:168) [ratis-grpc-0.4.0-2337318-SNAPSHOT.jar:0.4.0-2337318-SNAPSHOT]
	at org.apache.ratis.thirdparty.io.grpc.stub.ServerCalls$StreamingServerCallHandler$StreamingServerCallListener.onMessage(ServerCalls.java:248) [ratis-thirdparty-misc-0.2.0.jar:0.2.0]
	at org.apache.ratis.thirdparty.io.grpc.internal.ServerCallImpl$ServerStreamListenerImpl.messagesAvailable(ServerCallImpl.java:263) [ratis-thirdparty-misc-0.2.0.jar:0.2.0]
	at org.apache.ratis.thirdparty.io.grpc.internal.ServerImpl$JumpToApplicationThreadServerStreamListener$1MessagesAvailable.runInContext(ServerImpl.java:686) [ratis-thirdparty-misc-0.2.0.jar:0.2.0]
	at org.apache.ratis.thirdparty.io.grpc.internal.ContextRunnable.run(ContextRunnable.java:37) [ratis-thirdparty-misc-0.2.0.jar:0.2.0]
	at org.apache.ratis.thirdparty.io.grpc.internal.SerializingExecutor.run(SerializingExecutor.java:123) [ratis-thirdparty-misc-0.2.0.jar:0.2.0]
	at java.util.concurrent.ThreadPoolExecutor.runWorker(ThreadPoolExecutor.java:1149) [?:1.8.0_212]
	at java.util.concurrent.ThreadPoolExecutor$Worker.run(ThreadPoolExecutor.java:624) [?:1.8.0_212]
	at java.lang.Thread.run(Thread.java:748) [?:1.8.0_212]
04:32:02.575 [grpc-default-executor-1] ERROR DNAudit - user=null | ip=null | op=PUT_BLOCK {blockData=[blockId=conID: 5 locID: 102437926997262343 bcsId: 0,size=1572864]} | ret=FAILURE
org.apache.hadoop.hdds.scm.container.common.helpers.ContainerNotOpenException: Container 5 in CLOSED state
	at org.apache.hadoop.ozone.container.common.impl.HddsDispatcher.validateContainerCommand(HddsDispatcher.java:408) ~[hadoop-hdds-container-service-0.5.0-SNAPSHOT.jar:?]
	at org.apache.hadoop.ozone.container.common.transport.server.ratis.ContainerStateMachine.startTransaction(ContainerStateMachine.java:271) ~[hadoop-hdds-container-service-0.5.0-SNAPSHOT.jar:?]
	at org.apache.ratis.server.impl.RaftServerImpl.submitClientRequestAsync(RaftServerImpl.java:566) ~[ratis-server-0.4.0-2337318-SNAPSHOT.jar:0.4.0-2337318-SNAPSHOT]
	at org.apache.ratis.server.impl.RaftServerProxy.lambda$submitClientRequestAsync$7(RaftServerProxy.java:333) ~[ratis-server-0.4.0-2337318-SNAPSHOT.jar:0.4.0-2337318-SNAPSHOT]
	at org.apache.ratis.server.impl.RaftServerProxy.lambda$null$5(RaftServerProxy.java:328) ~[ratis-server-0.4.0-2337318-SNAPSHOT.jar:0.4.0-2337318-SNAPSHOT]
	at org.apache.ratis.util.JavaUtils.callAsUnchecked(JavaUtils.java:109) ~[ratis-common-0.4.0-2337318-SNAPSHOT.jar:0.4.0-2337318-SNAPSHOT]
	at org.apache.ratis.server.impl.RaftServerProxy.lambda$submitRequest$6(RaftServerProxy.java:328) ~[ratis-server-0.4.0-2337318-SNAPSHOT.jar:0.4.0-2337318-SNAPSHOT]
	at java.util.concurrent.CompletableFuture.uniComposeStage(CompletableFuture.java:981) ~[?:1.8.0_212]
	at java.util.concurrent.CompletableFuture.thenCompose(CompletableFuture.java:2124) ~[?:1.8.0_212]
	at org.apache.ratis.server.impl.RaftServerProxy.submitRequest(RaftServerProxy.java:327) ~[ratis-server-0.4.0-2337318-SNAPSHOT.jar:0.4.0-2337318-SNAPSHOT]
	at org.apache.ratis.server.impl.RaftServerProxy.submitClientRequestAsync(RaftServerProxy.java:333) ~[ratis-server-0.4.0-2337318-SNAPSHOT.jar:0.4.0-2337318-SNAPSHOT]
	at org.apache.ratis.grpc.client.GrpcClientProtocolService$RequestStreamObserver.processClientRequest(GrpcClientProtocolService.java:220) ~[ratis-grpc-0.4.0-2337318-SNAPSHOT.jar:0.4.0-2337318-SNAPSHOT]
	at org.apache.ratis.grpc.client.GrpcClientProtocolService$OrderedRequestStreamObserver.processClientRequest(GrpcClientProtocolService.java:326) ~[ratis-grpc-0.4.0-2337318-SNAPSHOT.jar:0.4.0-2337318-SNAPSHOT]
	at org.apache.ratis.util.SlidingWindow$Server.processRequestsFromHead(SlidingWindow.java:429) [ratis-common-0.4.0-2337318-SNAPSHOT.jar:0.4.0-2337318-SNAPSHOT]
	at org.apache.ratis.util.SlidingWindow$Server.receivedRequest(SlidingWindow.java:421) [ratis-common-0.4.0-2337318-SNAPSHOT.jar:0.4.0-2337318-SNAPSHOT]
	at org.apache.ratis.grpc.client.GrpcClientProtocolService$OrderedRequestStreamObserver.processClientRequest(GrpcClientProtocolService.java:345) [ratis-grpc-0.4.0-2337318-SNAPSHOT.jar:0.4.0-2337318-SNAPSHOT]
	at org.apache.ratis.grpc.client.GrpcClientProtocolService$RequestStreamObserver.onNext(GrpcClientProtocolService.java:240) [ratis-grpc-0.4.0-2337318-SNAPSHOT.jar:0.4.0-2337318-SNAPSHOT]
	at org.apache.ratis.grpc.client.GrpcClientProtocolService$RequestStreamObserver.onNext(GrpcClientProtocolService.java:168) [ratis-grpc-0.4.0-2337318-SNAPSHOT.jar:0.4.0-2337318-SNAPSHOT]
	at org.apache.ratis.thirdparty.io.grpc.stub.ServerCalls$StreamingServerCallHandler$StreamingServerCallListener.onMessage(ServerCalls.java:248) [ratis-thirdparty-misc-0.2.0.jar:0.2.0]
	at org.apache.ratis.thirdparty.io.grpc.internal.ServerCallImpl$ServerStreamListenerImpl.messagesAvailable(ServerCallImpl.java:263) [ratis-thirdparty-misc-0.2.0.jar:0.2.0]
	at org.apache.ratis.thirdparty.io.grpc.internal.ServerImpl$JumpToApplicationThreadServerStreamListener$1MessagesAvailable.runInContext(ServerImpl.java:686) [ratis-thirdparty-misc-0.2.0.jar:0.2.0]
	at org.apache.ratis.thirdparty.io.grpc.internal.ContextRunnable.run(ContextRunnable.java:37) [ratis-thirdparty-misc-0.2.0.jar:0.2.0]
	at org.apache.ratis.thirdparty.io.grpc.internal.SerializingExecutor.run(SerializingExecutor.java:123) [ratis-thirdparty-misc-0.2.0.jar:0.2.0]
	at java.util.concurrent.ThreadPoolExecutor.runWorker(ThreadPoolExecutor.java:1149) [?:1.8.0_212]
	at java.util.concurrent.ThreadPoolExecutor$Worker.run(ThreadPoolExecutor.java:624) [?:1.8.0_212]
	at java.lang.Thread.run(Thread.java:748) [?:1.8.0_212]
2019-07-14 04:32:02,581 INFO  client.GrpcClientProtocolClient (GrpcClientProtocolClient.java:onNext(255)) - client-BE4C7E4DFDDC->4b848755-ec7d-41fe-ad2c-918441e7cc49: receive RaftClientReply:client-BE4C7E4DFDDC->4b848755-ec7d-41fe-ad2c-918441e7cc49@group-AF8385457FB2, cid=31, FAILED org.apache.ratis.protocol.StateMachineException: org.apache.hadoop.hdds.scm.container.common.helpers.ContainerNotOpenException from Server 4b848755-ec7d-41fe-ad2c-918441e7cc49: Container 5 in CLOSED state, logIndex=0, commits[4b848755-ec7d-41fe-ad2c-918441e7cc49:c14, 32916481-1fc8-4c47-883e-a397dbd42f32:c13, 31ff6b63-f2c0-4895-83c0-1f591020bcf1:c13]
2019-07-14 04:32:02,584 INFO  client.GrpcClientProtocolClient (GrpcClientProtocolClient.java:onNext(255)) - client-BE4C7E4DFDDC->4b848755-ec7d-41fe-ad2c-918441e7cc49: receive RaftClientReply:client-BE4C7E4DFDDC->4b848755-ec7d-41fe-ad2c-918441e7cc49@group-AF8385457FB2, cid=32, FAILED org.apache.ratis.protocol.StateMachineException: org.apache.hadoop.hdds.scm.container.common.helpers.ContainerNotOpenException from Server 4b848755-ec7d-41fe-ad2c-918441e7cc49: Container 5 in CLOSED state, logIndex=0, commits[4b848755-ec7d-41fe-ad2c-918441e7cc49:c14, 32916481-1fc8-4c47-883e-a397dbd42f32:c13, 31ff6b63-f2c0-4895-83c0-1f591020bcf1:c13]
2019-07-14 04:32:02,680 INFO  client.GrpcClientProtocolClient (GrpcClientProtocolClient.java:onNext(255)) - client-BE4C7E4DFDDC->4b848755-ec7d-41fe-ad2c-918441e7cc49: receive RaftClientReply:client-BE4C7E4DFDDC->4b848755-ec7d-41fe-ad2c-918441e7cc49@group-AF8385457FB2, cid=33, SUCCESS, logIndex=15, commits[4b848755-ec7d-41fe-ad2c-918441e7cc49:c16, 32916481-1fc8-4c47-883e-a397dbd42f32:c14, 31ff6b63-f2c0-4895-83c0-1f591020bcf1:c14]
2019-07-14 04:32:02,718 INFO  client.GrpcClientProtocolClient (GrpcClientProtocolClient.java:onNext(255)) - client-BE4C7E4DFDDC->4b848755-ec7d-41fe-ad2c-918441e7cc49: receive RaftClientReply:client-BE4C7E4DFDDC->4b848755-ec7d-41fe-ad2c-918441e7cc49@group-AF8385457FB2, cid=34, SUCCESS, logIndex=16, commits[4b848755-ec7d-41fe-ad2c-918441e7cc49:c18, 32916481-1fc8-4c47-883e-a397dbd42f32:c16, 31ff6b63-f2c0-4895-83c0-1f591020bcf1:c16]
2019-07-14 04:32:02,741 INFO  pipeline.Pipeline (Pipeline.java:getProtobufMessage(195)) - Serialize pipeline PipelineID=dba2a23a-cb18-4ea1-8bc5-af8385457fb2 with nodesInOrder{ }
]]></system-out>
  </testcase>
  <testcase name="testMultiBlockWrites" classname="org.apache.hadoop.ozone.client.rpc.TestCloseContainerHandlingByClient" time="5.969"/>
  <testcase name="testBlockWrites" classname="org.apache.hadoop.ozone.client.rpc.TestCloseContainerHandlingByClient" time="2.996">
    <error type="java.lang.IllegalArgumentException">java.lang.IllegalArgumentException
	at com.google.common.base.Preconditions.checkArgument(Preconditions.java:72)
	at org.apache.hadoop.hdds.scm.XceiverClientManager.acquireClient(XceiverClientManager.java:150)
	at org.apache.hadoop.hdds.scm.XceiverClientManager.acquireClientForReadData(XceiverClientManager.java:143)
	at org.apache.hadoop.hdds.scm.storage.BlockInputStream.getChunkInfos(BlockInputStream.java:154)
	at org.apache.hadoop.hdds.scm.storage.BlockInputStream.initialize(BlockInputStream.java:118)
	at org.apache.hadoop.hdds.scm.storage.BlockInputStream.read(BlockInputStream.java:222)
	at org.apache.hadoop.ozone.client.io.KeyInputStream.read(KeyInputStream.java:171)
	at org.apache.hadoop.ozone.client.io.OzoneInputStream.read(OzoneInputStream.java:47)
	at java.io.InputStream.read(InputStream.java:101)
	at org.apache.hadoop.ozone.container.ContainerTestHelper.validateData(ContainerTestHelper.java:709)
	at org.apache.hadoop.ozone.client.rpc.TestCloseContainerHandlingByClient.validateData(TestCloseContainerHandlingByClient.java:401)
	at org.apache.hadoop.ozone.client.rpc.TestCloseContainerHandlingByClient.testBlockWrites(TestCloseContainerHandlingByClient.java:471)
	at sun.reflect.NativeMethodAccessorImpl.invoke0(Native Method)
	at sun.reflect.NativeMethodAccessorImpl.invoke(NativeMethodAccessorImpl.java:62)
	at sun.reflect.DelegatingMethodAccessorImpl.invoke(DelegatingMethodAccessorImpl.java:43)
	at java.lang.reflect.Method.invoke(Method.java:498)
	at org.junit.runners.model.FrameworkMethod$1.runReflectiveCall(FrameworkMethod.java:47)
	at org.junit.internal.runners.model.ReflectiveCallable.run(ReflectiveCallable.java:12)
	at org.junit.runners.model.FrameworkMethod.invokeExplosively(FrameworkMethod.java:44)
	at org.junit.internal.runners.statements.InvokeMethod.evaluate(InvokeMethod.java:17)
	at org.junit.runners.ParentRunner.runLeaf(ParentRunner.java:271)
	at org.junit.runners.BlockJUnit4ClassRunner.runChild(BlockJUnit4ClassRunner.java:70)
	at org.junit.runners.BlockJUnit4ClassRunner.runChild(BlockJUnit4ClassRunner.java:50)
	at org.junit.runners.ParentRunner$3.run(ParentRunner.java:238)
	at org.junit.runners.ParentRunner$1.schedule(ParentRunner.java:63)
	at org.junit.runners.ParentRunner.runChildren(ParentRunner.java:236)
	at org.junit.runners.ParentRunner.access$000(ParentRunner.java:53)
	at org.junit.runners.ParentRunner$2.evaluate(ParentRunner.java:229)
	at org.junit.internal.runners.statements.RunBefores.evaluate(RunBefores.java:26)
	at org.junit.internal.runners.statements.RunAfters.evaluate(RunAfters.java:27)
	at org.junit.runners.ParentRunner.run(ParentRunner.java:309)
	at org.apache.maven.surefire.junit4.JUnit4Provider.execute(JUnit4Provider.java:365)
	at org.apache.maven.surefire.junit4.JUnit4Provider.executeWithRerun(JUnit4Provider.java:273)
	at org.apache.maven.surefire.junit4.JUnit4Provider.executeTestSet(JUnit4Provider.java:238)
	at org.apache.maven.surefire.junit4.JUnit4Provider.invoke(JUnit4Provider.java:159)
	at org.apache.maven.surefire.booter.ForkedBooter.invokeProviderInSameClassLoader(ForkedBooter.java:384)
	at org.apache.maven.surefire.booter.ForkedBooter.runSuitesInProcess(ForkedBooter.java:345)
	at org.apache.maven.surefire.booter.ForkedBooter.execute(ForkedBooter.java:126)
	at org.apache.maven.surefire.booter.ForkedBooter.main(ForkedBooter.java:418)
</error>
    <system-out><![CDATA[2019-07-14 04:32:08,793 INFO  client.GrpcClientProtocolClient (GrpcClientProtocolClient.java:onNext(255)) - client-BE4C7E4DFDDC->4b848755-ec7d-41fe-ad2c-918441e7cc49: receive RaftClientReply:client-BE4C7E4DFDDC->4b848755-ec7d-41fe-ad2c-918441e7cc49@group-AF8385457FB2, cid=75, SUCCESS, logIndex=50, commits[4b848755-ec7d-41fe-ad2c-918441e7cc49:c52, 32916481-1fc8-4c47-883e-a397dbd42f32:c49, 31ff6b63-f2c0-4895-83c0-1f591020bcf1:c49]
2019-07-14 04:32:08,794 INFO  client.GrpcClientProtocolClient (GrpcClientProtocolClient.java:onNext(255)) - client-BE4C7E4DFDDC->4b848755-ec7d-41fe-ad2c-918441e7cc49: receive RaftClientReply:client-BE4C7E4DFDDC->4b848755-ec7d-41fe-ad2c-918441e7cc49@group-AF8385457FB2, cid=76, SUCCESS, logIndex=51, commits[4b848755-ec7d-41fe-ad2c-918441e7cc49:c53, 32916481-1fc8-4c47-883e-a397dbd42f32:c49, 31ff6b63-f2c0-4895-83c0-1f591020bcf1:c49]
2019-07-14 04:32:08,795 INFO  client.GrpcClientProtocolClient (GrpcClientProtocolClient.java:onNext(255)) - client-BE4C7E4DFDDC->4b848755-ec7d-41fe-ad2c-918441e7cc49: receive RaftClientReply:client-BE4C7E4DFDDC->4b848755-ec7d-41fe-ad2c-918441e7cc49@group-AF8385457FB2, cid=77, SUCCESS, logIndex=52, commits[4b848755-ec7d-41fe-ad2c-918441e7cc49:c53, 32916481-1fc8-4c47-883e-a397dbd42f32:c49, 31ff6b63-f2c0-4895-83c0-1f591020bcf1:c49]
2019-07-14 04:32:08,796 INFO  client.GrpcClientProtocolClient (GrpcClientProtocolClient.java:onNext(255)) - client-BE4C7E4DFDDC->4b848755-ec7d-41fe-ad2c-918441e7cc49: receive RaftClientReply:client-BE4C7E4DFDDC->4b848755-ec7d-41fe-ad2c-918441e7cc49@group-AF8385457FB2, cid=78, SUCCESS, logIndex=53, commits[4b848755-ec7d-41fe-ad2c-918441e7cc49:c54, 32916481-1fc8-4c47-883e-a397dbd42f32:c51, 31ff6b63-f2c0-4895-83c0-1f591020bcf1:c49]
2019-07-14 04:32:08,798 INFO  client.GrpcClientProtocolClient (GrpcClientProtocolClient.java:onNext(255)) - client-BE4C7E4DFDDC->4b848755-ec7d-41fe-ad2c-918441e7cc49: receive RaftClientReply:client-BE4C7E4DFDDC->4b848755-ec7d-41fe-ad2c-918441e7cc49@group-AF8385457FB2, cid=79, SUCCESS, logIndex=0, commits[4b848755-ec7d-41fe-ad2c-918441e7cc49:c57, 32916481-1fc8-4c47-883e-a397dbd42f32:c53, 31ff6b63-f2c0-4895-83c0-1f591020bcf1:c53]
2019-07-14 04:32:08,799 INFO  container.CloseContainerEventHandler (CloseContainerEventHandler.java:onMessage(61)) - Close container Event triggered for container : #2
2019-07-14 04:32:08,799 INFO  container.CloseContainerEventHandler (CloseContainerEventHandler.java:onMessage(61)) - Close container Event triggered for container : #2
2019-07-14 04:32:08,800 INFO  container.CloseContainerEventHandler (CloseContainerEventHandler.java:onMessage(61)) - Close container Event triggered for container : #2
2019-07-14 04:32:11,083 INFO  interfaces.Container (KeyValueContainer.java:compactDB(356)) - Container 2 is closed with bcsId 53.
2019-07-14 04:32:11,088 INFO  interfaces.Container (KeyValueContainer.java:compactDB(356)) - Container 2 is closed with bcsId 53.
2019-07-14 04:32:11,100 INFO  interfaces.Container (KeyValueContainer.java:compactDB(356)) - Container 2 is closed with bcsId 53.
04:32:11.351 [grpc-default-executor-2] ERROR DNAudit - user=null | ip=null | op=WRITE_CHUNK {blockData=conID: 2 locID: 102437927567949839 bcsId: 53} | ret=FAILURE
org.apache.hadoop.hdds.scm.container.common.helpers.ContainerNotOpenException: Container 2 in CLOSED state
	at org.apache.hadoop.ozone.container.common.impl.HddsDispatcher.validateContainerCommand(HddsDispatcher.java:408) ~[hadoop-hdds-container-service-0.5.0-SNAPSHOT.jar:?]
	at org.apache.hadoop.ozone.container.common.transport.server.ratis.ContainerStateMachine.startTransaction(ContainerStateMachine.java:271) ~[hadoop-hdds-container-service-0.5.0-SNAPSHOT.jar:?]
	at org.apache.ratis.server.impl.RaftServerImpl.submitClientRequestAsync(RaftServerImpl.java:566) ~[ratis-server-0.4.0-2337318-SNAPSHOT.jar:0.4.0-2337318-SNAPSHOT]
	at org.apache.ratis.server.impl.RaftServerProxy.lambda$submitClientRequestAsync$7(RaftServerProxy.java:333) ~[ratis-server-0.4.0-2337318-SNAPSHOT.jar:0.4.0-2337318-SNAPSHOT]
	at org.apache.ratis.server.impl.RaftServerProxy.lambda$null$5(RaftServerProxy.java:328) ~[ratis-server-0.4.0-2337318-SNAPSHOT.jar:0.4.0-2337318-SNAPSHOT]
	at org.apache.ratis.util.JavaUtils.callAsUnchecked(JavaUtils.java:109) ~[ratis-common-0.4.0-2337318-SNAPSHOT.jar:0.4.0-2337318-SNAPSHOT]
	at org.apache.ratis.server.impl.RaftServerProxy.lambda$submitRequest$6(RaftServerProxy.java:328) ~[ratis-server-0.4.0-2337318-SNAPSHOT.jar:0.4.0-2337318-SNAPSHOT]
	at java.util.concurrent.CompletableFuture.uniComposeStage(CompletableFuture.java:981) ~[?:1.8.0_212]
	at java.util.concurrent.CompletableFuture.thenCompose(CompletableFuture.java:2124) ~[?:1.8.0_212]
	at org.apache.ratis.server.impl.RaftServerProxy.submitRequest(RaftServerProxy.java:327) ~[ratis-server-0.4.0-2337318-SNAPSHOT.jar:0.4.0-2337318-SNAPSHOT]
	at org.apache.ratis.server.impl.RaftServerProxy.submitClientRequestAsync(RaftServerProxy.java:333) ~[ratis-server-0.4.0-2337318-SNAPSHOT.jar:0.4.0-2337318-SNAPSHOT]
	at org.apache.ratis.grpc.client.GrpcClientProtocolService$RequestStreamObserver.processClientRequest(GrpcClientProtocolService.java:220) ~[ratis-grpc-0.4.0-2337318-SNAPSHOT.jar:0.4.0-2337318-SNAPSHOT]
	at org.apache.ratis.grpc.client.GrpcClientProtocolService$OrderedRequestStreamObserver.processClientRequest(GrpcClientProtocolService.java:326) ~[ratis-grpc-0.4.0-2337318-SNAPSHOT.jar:0.4.0-2337318-SNAPSHOT]
	at org.apache.ratis.util.SlidingWindow$Server.processRequestsFromHead(SlidingWindow.java:429) [ratis-common-0.4.0-2337318-SNAPSHOT.jar:0.4.0-2337318-SNAPSHOT]
	at org.apache.ratis.util.SlidingWindow$Server.receivedRequest(SlidingWindow.java:421) [ratis-common-0.4.0-2337318-SNAPSHOT.jar:0.4.0-2337318-SNAPSHOT]
	at org.apache.ratis.grpc.client.GrpcClientProtocolService$OrderedRequestStreamObserver.processClientRequest(GrpcClientProtocolService.java:345) [ratis-grpc-0.4.0-2337318-SNAPSHOT.jar:0.4.0-2337318-SNAPSHOT]
	at org.apache.ratis.grpc.client.GrpcClientProtocolService$RequestStreamObserver.onNext(GrpcClientProtocolService.java:240) [ratis-grpc-0.4.0-2337318-SNAPSHOT.jar:0.4.0-2337318-SNAPSHOT]
	at org.apache.ratis.grpc.client.GrpcClientProtocolService$RequestStreamObserver.onNext(GrpcClientProtocolService.java:168) [ratis-grpc-0.4.0-2337318-SNAPSHOT.jar:0.4.0-2337318-SNAPSHOT]
	at org.apache.ratis.thirdparty.io.grpc.stub.ServerCalls$StreamingServerCallHandler$StreamingServerCallListener.onMessage(ServerCalls.java:248) [ratis-thirdparty-misc-0.2.0.jar:0.2.0]
	at org.apache.ratis.thirdparty.io.grpc.internal.ServerCallImpl$ServerStreamListenerImpl.messagesAvailable(ServerCallImpl.java:263) [ratis-thirdparty-misc-0.2.0.jar:0.2.0]
	at org.apache.ratis.thirdparty.io.grpc.internal.ServerImpl$JumpToApplicationThreadServerStreamListener$1MessagesAvailable.runInContext(ServerImpl.java:686) [ratis-thirdparty-misc-0.2.0.jar:0.2.0]
	at org.apache.ratis.thirdparty.io.grpc.internal.ContextRunnable.run(ContextRunnable.java:37) [ratis-thirdparty-misc-0.2.0.jar:0.2.0]
	at org.apache.ratis.thirdparty.io.grpc.internal.SerializingExecutor.run(SerializingExecutor.java:123) [ratis-thirdparty-misc-0.2.0.jar:0.2.0]
	at java.util.concurrent.ThreadPoolExecutor.runWorker(ThreadPoolExecutor.java:1149) [?:1.8.0_212]
	at java.util.concurrent.ThreadPoolExecutor$Worker.run(ThreadPoolExecutor.java:624) [?:1.8.0_212]
	at java.lang.Thread.run(Thread.java:748) [?:1.8.0_212]
04:32:11.362 [grpc-default-executor-2] ERROR DNAudit - user=null | ip=null | op=PUT_BLOCK {blockData=[blockId=conID: 2 locID: 102437927567949839 bcsId: 0,size=3145728]} | ret=FAILURE
org.apache.hadoop.hdds.scm.container.common.helpers.ContainerNotOpenException: Container 2 in CLOSED state
	at org.apache.hadoop.ozone.container.common.impl.HddsDispatcher.validateContainerCommand(HddsDispatcher.java:408) ~[hadoop-hdds-container-service-0.5.0-SNAPSHOT.jar:?]
	at org.apache.hadoop.ozone.container.common.transport.server.ratis.ContainerStateMachine.startTransaction(ContainerStateMachine.java:271) ~[hadoop-hdds-container-service-0.5.0-SNAPSHOT.jar:?]
	at org.apache.ratis.server.impl.RaftServerImpl.submitClientRequestAsync(RaftServerImpl.java:566) ~[ratis-server-0.4.0-2337318-SNAPSHOT.jar:0.4.0-2337318-SNAPSHOT]
	at org.apache.ratis.server.impl.RaftServerProxy.lambda$submitClientRequestAsync$7(RaftServerProxy.java:333) ~[ratis-server-0.4.0-2337318-SNAPSHOT.jar:0.4.0-2337318-SNAPSHOT]
	at org.apache.ratis.server.impl.RaftServerProxy.lambda$null$5(RaftServerProxy.java:328) ~[ratis-server-0.4.0-2337318-SNAPSHOT.jar:0.4.0-2337318-SNAPSHOT]
	at org.apache.ratis.util.JavaUtils.callAsUnchecked(JavaUtils.java:109) ~[ratis-common-0.4.0-2337318-SNAPSHOT.jar:0.4.0-2337318-SNAPSHOT]
	at org.apache.ratis.server.impl.RaftServerProxy.lambda$submitRequest$6(RaftServerProxy.java:328) ~[ratis-server-0.4.0-2337318-SNAPSHOT.jar:0.4.0-2337318-SNAPSHOT]
	at java.util.concurrent.CompletableFuture.uniComposeStage(CompletableFuture.java:981) ~[?:1.8.0_212]
	at java.util.concurrent.CompletableFuture.thenCompose(CompletableFuture.java:2124) ~[?:1.8.0_212]
	at org.apache.ratis.server.impl.RaftServerProxy.submitRequest(RaftServerProxy.java:327) ~[ratis-server-0.4.0-2337318-SNAPSHOT.jar:0.4.0-2337318-SNAPSHOT]
	at org.apache.ratis.server.impl.RaftServerProxy.submitClientRequestAsync(RaftServerProxy.java:333) ~[ratis-server-0.4.0-2337318-SNAPSHOT.jar:0.4.0-2337318-SNAPSHOT]
	at org.apache.ratis.grpc.client.GrpcClientProtocolService$RequestStreamObserver.processClientRequest(GrpcClientProtocolService.java:220) ~[ratis-grpc-0.4.0-2337318-SNAPSHOT.jar:0.4.0-2337318-SNAPSHOT]
	at org.apache.ratis.grpc.client.GrpcClientProtocolService$OrderedRequestStreamObserver.processClientRequest(GrpcClientProtocolService.java:326) ~[ratis-grpc-0.4.0-2337318-SNAPSHOT.jar:0.4.0-2337318-SNAPSHOT]
	at org.apache.ratis.util.SlidingWindow$Server.processRequestsFromHead(SlidingWindow.java:429) [ratis-common-0.4.0-2337318-SNAPSHOT.jar:0.4.0-2337318-SNAPSHOT]
	at org.apache.ratis.util.SlidingWindow$Server.receivedRequest(SlidingWindow.java:421) [ratis-common-0.4.0-2337318-SNAPSHOT.jar:0.4.0-2337318-SNAPSHOT]
	at org.apache.ratis.grpc.client.GrpcClientProtocolService$OrderedRequestStreamObserver.processClientRequest(GrpcClientProtocolService.java:345) [ratis-grpc-0.4.0-2337318-SNAPSHOT.jar:0.4.0-2337318-SNAPSHOT]
	at org.apache.ratis.grpc.client.GrpcClientProtocolService$RequestStreamObserver.onNext(GrpcClientProtocolService.java:240) [ratis-grpc-0.4.0-2337318-SNAPSHOT.jar:0.4.0-2337318-SNAPSHOT]
	at org.apache.ratis.grpc.client.GrpcClientProtocolService$RequestStreamObserver.onNext(GrpcClientProtocolService.java:168) [ratis-grpc-0.4.0-2337318-SNAPSHOT.jar:0.4.0-2337318-SNAPSHOT]
	at org.apache.ratis.thirdparty.io.grpc.stub.ServerCalls$StreamingServerCallHandler$StreamingServerCallListener.onMessage(ServerCalls.java:248) [ratis-thirdparty-misc-0.2.0.jar:0.2.0]
	at org.apache.ratis.thirdparty.io.grpc.internal.ServerCallImpl$ServerStreamListenerImpl.messagesAvailable(ServerCallImpl.java:263) [ratis-thirdparty-misc-0.2.0.jar:0.2.0]
	at org.apache.ratis.thirdparty.io.grpc.internal.ServerImpl$JumpToApplicationThreadServerStreamListener$1MessagesAvailable.runInContext(ServerImpl.java:686) [ratis-thirdparty-misc-0.2.0.jar:0.2.0]
	at org.apache.ratis.thirdparty.io.grpc.internal.ContextRunnable.run(ContextRunnable.java:37) [ratis-thirdparty-misc-0.2.0.jar:0.2.0]
	at org.apache.ratis.thirdparty.io.grpc.internal.SerializingExecutor.run(SerializingExecutor.java:123) [ratis-thirdparty-misc-0.2.0.jar:0.2.0]
	at java.util.concurrent.ThreadPoolExecutor.runWorker(ThreadPoolExecutor.java:1149) [?:1.8.0_212]
	at java.util.concurrent.ThreadPoolExecutor$Worker.run(ThreadPoolExecutor.java:624) [?:1.8.0_212]
	at java.lang.Thread.run(Thread.java:748) [?:1.8.0_212]
2019-07-14 04:32:11,368 INFO  client.GrpcClientProtocolClient (GrpcClientProtocolClient.java:onNext(255)) - client-BE4C7E4DFDDC->4b848755-ec7d-41fe-ad2c-918441e7cc49: receive RaftClientReply:client-BE4C7E4DFDDC->4b848755-ec7d-41fe-ad2c-918441e7cc49@group-AF8385457FB2, cid=80, FAILED org.apache.ratis.protocol.StateMachineException: org.apache.hadoop.hdds.scm.container.common.helpers.ContainerNotOpenException from Server 4b848755-ec7d-41fe-ad2c-918441e7cc49: Container 2 in CLOSED state, logIndex=0, commits[4b848755-ec7d-41fe-ad2c-918441e7cc49:c59, 32916481-1fc8-4c47-883e-a397dbd42f32:c58, 31ff6b63-f2c0-4895-83c0-1f591020bcf1:c58]
2019-07-14 04:32:11,370 INFO  client.GrpcClientProtocolClient (GrpcClientProtocolClient.java:onNext(255)) - client-BE4C7E4DFDDC->4b848755-ec7d-41fe-ad2c-918441e7cc49: receive RaftClientReply:client-BE4C7E4DFDDC->4b848755-ec7d-41fe-ad2c-918441e7cc49@group-AF8385457FB2, cid=81, FAILED org.apache.ratis.protocol.StateMachineException: org.apache.hadoop.hdds.scm.container.common.helpers.ContainerNotOpenException from Server 4b848755-ec7d-41fe-ad2c-918441e7cc49: Container 2 in CLOSED state, logIndex=0, commits[4b848755-ec7d-41fe-ad2c-918441e7cc49:c59, 32916481-1fc8-4c47-883e-a397dbd42f32:c58, 31ff6b63-f2c0-4895-83c0-1f591020bcf1:c58]
2019-07-14 04:32:11,469 INFO  client.GrpcClientProtocolClient (GrpcClientProtocolClient.java:onNext(255)) - client-BE4C7E4DFDDC->4b848755-ec7d-41fe-ad2c-918441e7cc49: receive RaftClientReply:client-BE4C7E4DFDDC->4b848755-ec7d-41fe-ad2c-918441e7cc49@group-AF8385457FB2, cid=82, SUCCESS, logIndex=60, commits[4b848755-ec7d-41fe-ad2c-918441e7cc49:c63, 32916481-1fc8-4c47-883e-a397dbd42f32:c59, 31ff6b63-f2c0-4895-83c0-1f591020bcf1:c59]
2019-07-14 04:32:11,502 INFO  client.GrpcClientProtocolClient (GrpcClientProtocolClient.java:onNext(255)) - client-BE4C7E4DFDDC->4b848755-ec7d-41fe-ad2c-918441e7cc49: receive RaftClientReply:client-BE4C7E4DFDDC->4b848755-ec7d-41fe-ad2c-918441e7cc49@group-AF8385457FB2, cid=83, SUCCESS, logIndex=61, commits[4b848755-ec7d-41fe-ad2c-918441e7cc49:c67, 32916481-1fc8-4c47-883e-a397dbd42f32:c63, 31ff6b63-f2c0-4895-83c0-1f591020bcf1:c63]
2019-07-14 04:32:11,502 INFO  client.GrpcClientProtocolClient (GrpcClientProtocolClient.java:onNext(255)) - client-BE4C7E4DFDDC->4b848755-ec7d-41fe-ad2c-918441e7cc49: receive RaftClientReply:client-BE4C7E4DFDDC->4b848755-ec7d-41fe-ad2c-918441e7cc49@group-AF8385457FB2, cid=84, SUCCESS, logIndex=62, commits[4b848755-ec7d-41fe-ad2c-918441e7cc49:c67, 32916481-1fc8-4c47-883e-a397dbd42f32:c63, 31ff6b63-f2c0-4895-83c0-1f591020bcf1:c63]
2019-07-14 04:32:11,549 INFO  client.GrpcClientProtocolClient (GrpcClientProtocolClient.java:onNext(255)) - client-BE4C7E4DFDDC->4b848755-ec7d-41fe-ad2c-918441e7cc49: receive RaftClientReply:client-BE4C7E4DFDDC->4b848755-ec7d-41fe-ad2c-918441e7cc49@group-AF8385457FB2, cid=85, SUCCESS, logIndex=63, commits[4b848755-ec7d-41fe-ad2c-918441e7cc49:c67, 32916481-1fc8-4c47-883e-a397dbd42f32:c63, 31ff6b63-f2c0-4895-83c0-1f591020bcf1:c63]
2019-07-14 04:32:11,659 INFO  client.GrpcClientProtocolClient (GrpcClientProtocolClient.java:onNext(255)) - client-BE4C7E4DFDDC->4b848755-ec7d-41fe-ad2c-918441e7cc49: receive RaftClientReply:client-BE4C7E4DFDDC->4b848755-ec7d-41fe-ad2c-918441e7cc49@group-AF8385457FB2, cid=86, SUCCESS, logIndex=68, commits[4b848755-ec7d-41fe-ad2c-918441e7cc49:c69, 32916481-1fc8-4c47-883e-a397dbd42f32:c67, 31ff6b63-f2c0-4895-83c0-1f591020bcf1:c67]
2019-07-14 04:32:11,660 INFO  client.GrpcClientProtocolClient (GrpcClientProtocolClient.java:onNext(255)) - client-BE4C7E4DFDDC->4b848755-ec7d-41fe-ad2c-918441e7cc49: receive RaftClientReply:client-BE4C7E4DFDDC->4b848755-ec7d-41fe-ad2c-918441e7cc49@group-AF8385457FB2, cid=87, SUCCESS, logIndex=69, commits[4b848755-ec7d-41fe-ad2c-918441e7cc49:c71, 32916481-1fc8-4c47-883e-a397dbd42f32:c67, 31ff6b63-f2c0-4895-83c0-1f591020bcf1:c67]
2019-07-14 04:32:11,661 INFO  client.GrpcClientProtocolClient (GrpcClientProtocolClient.java:onNext(255)) - client-BE4C7E4DFDDC->4b848755-ec7d-41fe-ad2c-918441e7cc49: receive RaftClientReply:client-BE4C7E4DFDDC->4b848755-ec7d-41fe-ad2c-918441e7cc49@group-AF8385457FB2, cid=88, SUCCESS, logIndex=70, commits[4b848755-ec7d-41fe-ad2c-918441e7cc49:c71, 32916481-1fc8-4c47-883e-a397dbd42f32:c69, 31ff6b63-f2c0-4895-83c0-1f591020bcf1:c67]
2019-07-14 04:32:11,662 INFO  client.GrpcClientProtocolClient (GrpcClientProtocolClient.java:onNext(255)) - client-BE4C7E4DFDDC->4b848755-ec7d-41fe-ad2c-918441e7cc49: receive RaftClientReply:client-BE4C7E4DFDDC->4b848755-ec7d-41fe-ad2c-918441e7cc49@group-AF8385457FB2, cid=89, SUCCESS, logIndex=71, commits[4b848755-ec7d-41fe-ad2c-918441e7cc49:c72, 32916481-1fc8-4c47-883e-a397dbd42f32:c69, 31ff6b63-f2c0-4895-83c0-1f591020bcf1:c69]
2019-07-14 04:32:11,672 INFO  client.GrpcClientProtocolClient (GrpcClientProtocolClient.java:onNext(255)) - client-BE4C7E4DFDDC->4b848755-ec7d-41fe-ad2c-918441e7cc49: receive RaftClientReply:client-BE4C7E4DFDDC->4b848755-ec7d-41fe-ad2c-918441e7cc49@group-AF8385457FB2, cid=90, SUCCESS, logIndex=0, commits[4b848755-ec7d-41fe-ad2c-918441e7cc49:c75, 32916481-1fc8-4c47-883e-a397dbd42f32:c71, 31ff6b63-f2c0-4895-83c0-1f591020bcf1:c71]
2019-07-14 04:32:11,709 INFO  pipeline.Pipeline (Pipeline.java:getProtobufMessage(195)) - Serialize pipeline PipelineID=dba2a23a-cb18-4ea1-8bc5-af8385457fb2 with nodesInOrder{ }
]]></system-out>
  </testcase>
  <testcase name="testMultiBlockWrites2" classname="org.apache.hadoop.ozone.client.rpc.TestCloseContainerHandlingByClient" time="3.034">
    <error type="java.lang.IllegalArgumentException">java.lang.IllegalArgumentException
	at com.google.common.base.Preconditions.checkArgument(Preconditions.java:72)
	at org.apache.hadoop.hdds.scm.XceiverClientManager.acquireClient(XceiverClientManager.java:150)
	at org.apache.hadoop.hdds.scm.XceiverClientManager.acquireClientForReadData(XceiverClientManager.java:143)
	at org.apache.hadoop.hdds.scm.storage.BlockInputStream.getChunkInfos(BlockInputStream.java:154)
	at org.apache.hadoop.hdds.scm.storage.BlockInputStream.initialize(BlockInputStream.java:118)
	at org.apache.hadoop.hdds.scm.storage.BlockInputStream.read(BlockInputStream.java:222)
	at org.apache.hadoop.ozone.client.io.KeyInputStream.read(KeyInputStream.java:171)
	at org.apache.hadoop.ozone.client.io.OzoneInputStream.read(OzoneInputStream.java:47)
	at java.io.InputStream.read(InputStream.java:101)
	at org.apache.hadoop.ozone.container.ContainerTestHelper.validateData(ContainerTestHelper.java:709)
	at org.apache.hadoop.ozone.client.rpc.TestCloseContainerHandlingByClient.validateData(TestCloseContainerHandlingByClient.java:401)
	at org.apache.hadoop.ozone.client.rpc.TestCloseContainerHandlingByClient.testMultiBlockWrites2(TestCloseContainerHandlingByClient.java:281)
	at sun.reflect.NativeMethodAccessorImpl.invoke0(Native Method)
	at sun.reflect.NativeMethodAccessorImpl.invoke(NativeMethodAccessorImpl.java:62)
	at sun.reflect.DelegatingMethodAccessorImpl.invoke(DelegatingMethodAccessorImpl.java:43)
	at java.lang.reflect.Method.invoke(Method.java:498)
	at org.junit.runners.model.FrameworkMethod$1.runReflectiveCall(FrameworkMethod.java:47)
	at org.junit.internal.runners.model.ReflectiveCallable.run(ReflectiveCallable.java:12)
	at org.junit.runners.model.FrameworkMethod.invokeExplosively(FrameworkMethod.java:44)
	at org.junit.internal.runners.statements.InvokeMethod.evaluate(InvokeMethod.java:17)
	at org.junit.runners.ParentRunner.runLeaf(ParentRunner.java:271)
	at org.junit.runners.BlockJUnit4ClassRunner.runChild(BlockJUnit4ClassRunner.java:70)
	at org.junit.runners.BlockJUnit4ClassRunner.runChild(BlockJUnit4ClassRunner.java:50)
	at org.junit.runners.ParentRunner$3.run(ParentRunner.java:238)
	at org.junit.runners.ParentRunner$1.schedule(ParentRunner.java:63)
	at org.junit.runners.ParentRunner.runChildren(ParentRunner.java:236)
	at org.junit.runners.ParentRunner.access$000(ParentRunner.java:53)
	at org.junit.runners.ParentRunner$2.evaluate(ParentRunner.java:229)
	at org.junit.internal.runners.statements.RunBefores.evaluate(RunBefores.java:26)
	at org.junit.internal.runners.statements.RunAfters.evaluate(RunAfters.java:27)
	at org.junit.runners.ParentRunner.run(ParentRunner.java:309)
	at org.apache.maven.surefire.junit4.JUnit4Provider.execute(JUnit4Provider.java:365)
	at org.apache.maven.surefire.junit4.JUnit4Provider.executeWithRerun(JUnit4Provider.java:273)
	at org.apache.maven.surefire.junit4.JUnit4Provider.executeTestSet(JUnit4Provider.java:238)
	at org.apache.maven.surefire.junit4.JUnit4Provider.invoke(JUnit4Provider.java:159)
	at org.apache.maven.surefire.booter.ForkedBooter.invokeProviderInSameClassLoader(ForkedBooter.java:384)
	at org.apache.maven.surefire.booter.ForkedBooter.runSuitesInProcess(ForkedBooter.java:345)
	at org.apache.maven.surefire.booter.ForkedBooter.execute(ForkedBooter.java:126)
	at org.apache.maven.surefire.booter.ForkedBooter.main(ForkedBooter.java:418)
</error>
    <system-out><![CDATA[2019-07-14 04:32:11,926 INFO  client.GrpcClientProtocolClient (GrpcClientProtocolClient.java:onNext(255)) - client-6E663B4EDC22->a3c2c22c-63c3-4393-9cc5-d0f3199441a0: receive RaftClientReply:client-6E663B4EDC22->a3c2c22c-63c3-4393-9cc5-d0f3199441a0@group-339F621537D4, cid=91, SUCCESS, logIndex=55, commits[a3c2c22c-63c3-4393-9cc5-d0f3199441a0:c58, 9e73fbb7-ac7c-4586-b557-95e629bce8e9:c54, 6c5654d4-b68b-4990-ae23-e5ea3909aeb5:c54]
2019-07-14 04:32:11,967 INFO  client.GrpcClientProtocolClient (GrpcClientProtocolClient.java:onNext(255)) - client-6E663B4EDC22->a3c2c22c-63c3-4393-9cc5-d0f3199441a0: receive RaftClientReply:client-6E663B4EDC22->a3c2c22c-63c3-4393-9cc5-d0f3199441a0@group-339F621537D4, cid=92, SUCCESS, logIndex=56, commits[a3c2c22c-63c3-4393-9cc5-d0f3199441a0:c61, 9e73fbb7-ac7c-4586-b557-95e629bce8e9:c58, 6c5654d4-b68b-4990-ae23-e5ea3909aeb5:c58]
2019-07-14 04:32:11,968 INFO  client.GrpcClientProtocolClient (GrpcClientProtocolClient.java:onNext(255)) - client-6E663B4EDC22->a3c2c22c-63c3-4393-9cc5-d0f3199441a0: receive RaftClientReply:client-6E663B4EDC22->a3c2c22c-63c3-4393-9cc5-d0f3199441a0@group-339F621537D4, cid=93, SUCCESS, logIndex=57, commits[a3c2c22c-63c3-4393-9cc5-d0f3199441a0:c61, 9e73fbb7-ac7c-4586-b557-95e629bce8e9:c58, 6c5654d4-b68b-4990-ae23-e5ea3909aeb5:c58]
2019-07-14 04:32:12,027 INFO  client.GrpcClientProtocolClient (GrpcClientProtocolClient.java:onNext(255)) - client-6E663B4EDC22->a3c2c22c-63c3-4393-9cc5-d0f3199441a0: receive RaftClientReply:client-6E663B4EDC22->a3c2c22c-63c3-4393-9cc5-d0f3199441a0@group-339F621537D4, cid=94, SUCCESS, logIndex=58, commits[a3c2c22c-63c3-4393-9cc5-d0f3199441a0:c61, 9e73fbb7-ac7c-4586-b557-95e629bce8e9:c58, 6c5654d4-b68b-4990-ae23-e5ea3909aeb5:c58]
2019-07-14 04:32:12,053 INFO  client.GrpcClientProtocolClient (GrpcClientProtocolClient.java:onNext(255)) - client-6E663B4EDC22->a3c2c22c-63c3-4393-9cc5-d0f3199441a0: receive RaftClientReply:client-6E663B4EDC22->a3c2c22c-63c3-4393-9cc5-d0f3199441a0@group-339F621537D4, cid=95, SUCCESS, logIndex=62, commits[a3c2c22c-63c3-4393-9cc5-d0f3199441a0:c63, 9e73fbb7-ac7c-4586-b557-95e629bce8e9:c61, 6c5654d4-b68b-4990-ae23-e5ea3909aeb5:c61]
2019-07-14 04:32:12,055 INFO  client.GrpcClientProtocolClient (GrpcClientProtocolClient.java:onNext(255)) - client-6E663B4EDC22->a3c2c22c-63c3-4393-9cc5-d0f3199441a0: receive RaftClientReply:client-6E663B4EDC22->a3c2c22c-63c3-4393-9cc5-d0f3199441a0@group-339F621537D4, cid=96, SUCCESS, logIndex=63, commits[a3c2c22c-63c3-4393-9cc5-d0f3199441a0:c63, 9e73fbb7-ac7c-4586-b557-95e629bce8e9:c61, 6c5654d4-b68b-4990-ae23-e5ea3909aeb5:c61]
2019-07-14 04:32:12,065 INFO  client.GrpcClientProtocolClient (GrpcClientProtocolClient.java:onNext(255)) - client-6E663B4EDC22->a3c2c22c-63c3-4393-9cc5-d0f3199441a0: receive RaftClientReply:client-6E663B4EDC22->a3c2c22c-63c3-4393-9cc5-d0f3199441a0@group-339F621537D4, cid=97, SUCCESS, logIndex=64, commits[a3c2c22c-63c3-4393-9cc5-d0f3199441a0:c67, 9e73fbb7-ac7c-4586-b557-95e629bce8e9:c63, 6c5654d4-b68b-4990-ae23-e5ea3909aeb5:c61]
2019-07-14 04:32:12,066 INFO  client.GrpcClientProtocolClient (GrpcClientProtocolClient.java:onNext(255)) - client-6E663B4EDC22->a3c2c22c-63c3-4393-9cc5-d0f3199441a0: receive RaftClientReply:client-6E663B4EDC22->a3c2c22c-63c3-4393-9cc5-d0f3199441a0@group-339F621537D4, cid=98, SUCCESS, logIndex=65, commits[a3c2c22c-63c3-4393-9cc5-d0f3199441a0:c67, 9e73fbb7-ac7c-4586-b557-95e629bce8e9:c63, 6c5654d4-b68b-4990-ae23-e5ea3909aeb5:c63]
2019-07-14 04:32:12,069 INFO  client.GrpcClientProtocolClient (GrpcClientProtocolClient.java:onNext(255)) - client-6E663B4EDC22->a3c2c22c-63c3-4393-9cc5-d0f3199441a0: receive RaftClientReply:client-6E663B4EDC22->a3c2c22c-63c3-4393-9cc5-d0f3199441a0@group-339F621537D4, cid=99, SUCCESS, logIndex=0, commits[a3c2c22c-63c3-4393-9cc5-d0f3199441a0:c69, 9e73fbb7-ac7c-4586-b557-95e629bce8e9:c65, 6c5654d4-b68b-4990-ae23-e5ea3909aeb5:c65]
2019-07-14 04:32:12,154 INFO  client.GrpcClientProtocolClient (GrpcClientProtocolClient.java:onNext(255)) - client-6E663B4EDC22->a3c2c22c-63c3-4393-9cc5-d0f3199441a0: receive RaftClientReply:client-6E663B4EDC22->a3c2c22c-63c3-4393-9cc5-d0f3199441a0@group-339F621537D4, cid=100, SUCCESS, logIndex=70, commits[a3c2c22c-63c3-4393-9cc5-d0f3199441a0:c73, 9e73fbb7-ac7c-4586-b557-95e629bce8e9:c69, 6c5654d4-b68b-4990-ae23-e5ea3909aeb5:c69]
2019-07-14 04:32:12,188 INFO  client.GrpcClientProtocolClient (GrpcClientProtocolClient.java:onNext(255)) - client-6E663B4EDC22->a3c2c22c-63c3-4393-9cc5-d0f3199441a0: receive RaftClientReply:client-6E663B4EDC22->a3c2c22c-63c3-4393-9cc5-d0f3199441a0@group-339F621537D4, cid=101, SUCCESS, logIndex=71, commits[a3c2c22c-63c3-4393-9cc5-d0f3199441a0:c76, 9e73fbb7-ac7c-4586-b557-95e629bce8e9:c73, 6c5654d4-b68b-4990-ae23-e5ea3909aeb5:c73]
2019-07-14 04:32:12,189 INFO  client.GrpcClientProtocolClient (GrpcClientProtocolClient.java:onNext(255)) - client-6E663B4EDC22->a3c2c22c-63c3-4393-9cc5-d0f3199441a0: receive RaftClientReply:client-6E663B4EDC22->a3c2c22c-63c3-4393-9cc5-d0f3199441a0@group-339F621537D4, cid=102, SUCCESS, logIndex=72, commits[a3c2c22c-63c3-4393-9cc5-d0f3199441a0:c76, 9e73fbb7-ac7c-4586-b557-95e629bce8e9:c73, 6c5654d4-b68b-4990-ae23-e5ea3909aeb5:c73]
2019-07-14 04:32:12,243 INFO  client.GrpcClientProtocolClient (GrpcClientProtocolClient.java:onNext(255)) - client-6E663B4EDC22->a3c2c22c-63c3-4393-9cc5-d0f3199441a0: receive RaftClientReply:client-6E663B4EDC22->a3c2c22c-63c3-4393-9cc5-d0f3199441a0@group-339F621537D4, cid=103, SUCCESS, logIndex=73, commits[a3c2c22c-63c3-4393-9cc5-d0f3199441a0:c76, 9e73fbb7-ac7c-4586-b557-95e629bce8e9:c73, 6c5654d4-b68b-4990-ae23-e5ea3909aeb5:c73]
2019-07-14 04:32:12,274 INFO  client.GrpcClientProtocolClient (GrpcClientProtocolClient.java:onNext(255)) - client-6E663B4EDC22->a3c2c22c-63c3-4393-9cc5-d0f3199441a0: receive RaftClientReply:client-6E663B4EDC22->a3c2c22c-63c3-4393-9cc5-d0f3199441a0@group-339F621537D4, cid=104, SUCCESS, logIndex=77, commits[a3c2c22c-63c3-4393-9cc5-d0f3199441a0:c79, 9e73fbb7-ac7c-4586-b557-95e629bce8e9:c76, 6c5654d4-b68b-4990-ae23-e5ea3909aeb5:c76]
2019-07-14 04:32:12,276 INFO  client.GrpcClientProtocolClient (GrpcClientProtocolClient.java:onNext(255)) - client-6E663B4EDC22->a3c2c22c-63c3-4393-9cc5-d0f3199441a0: receive RaftClientReply:client-6E663B4EDC22->a3c2c22c-63c3-4393-9cc5-d0f3199441a0@group-339F621537D4, cid=105, SUCCESS, logIndex=78, commits[a3c2c22c-63c3-4393-9cc5-d0f3199441a0:c80, 9e73fbb7-ac7c-4586-b557-95e629bce8e9:c76, 6c5654d4-b68b-4990-ae23-e5ea3909aeb5:c76]
2019-07-14 04:32:12,276 INFO  client.GrpcClientProtocolClient (GrpcClientProtocolClient.java:onNext(255)) - client-6E663B4EDC22->a3c2c22c-63c3-4393-9cc5-d0f3199441a0: receive RaftClientReply:client-6E663B4EDC22->a3c2c22c-63c3-4393-9cc5-d0f3199441a0@group-339F621537D4, cid=106, SUCCESS, logIndex=79, commits[a3c2c22c-63c3-4393-9cc5-d0f3199441a0:c80, 9e73fbb7-ac7c-4586-b557-95e629bce8e9:c76, 6c5654d4-b68b-4990-ae23-e5ea3909aeb5:c76]
2019-07-14 04:32:12,277 INFO  client.GrpcClientProtocolClient (GrpcClientProtocolClient.java:onNext(255)) - client-6E663B4EDC22->a3c2c22c-63c3-4393-9cc5-d0f3199441a0: receive RaftClientReply:client-6E663B4EDC22->a3c2c22c-63c3-4393-9cc5-d0f3199441a0@group-339F621537D4, cid=107, SUCCESS, logIndex=80, commits[a3c2c22c-63c3-4393-9cc5-d0f3199441a0:c80, 9e73fbb7-ac7c-4586-b557-95e629bce8e9:c76, 6c5654d4-b68b-4990-ae23-e5ea3909aeb5:c76]
2019-07-14 04:32:12,285 INFO  client.GrpcClientProtocolClient (GrpcClientProtocolClient.java:onNext(255)) - client-6E663B4EDC22->a3c2c22c-63c3-4393-9cc5-d0f3199441a0: receive RaftClientReply:client-6E663B4EDC22->a3c2c22c-63c3-4393-9cc5-d0f3199441a0@group-339F621537D4, cid=108, SUCCESS, logIndex=0, commits[a3c2c22c-63c3-4393-9cc5-d0f3199441a0:c81, 9e73fbb7-ac7c-4586-b557-95e629bce8e9:c78, 6c5654d4-b68b-4990-ae23-e5ea3909aeb5:c78]
2019-07-14 04:32:12,287 INFO  client.GrpcClientProtocolClient (GrpcClientProtocolClient.java:onNext(255)) - client-6E663B4EDC22->a3c2c22c-63c3-4393-9cc5-d0f3199441a0: receive RaftClientReply:client-6E663B4EDC22->a3c2c22c-63c3-4393-9cc5-d0f3199441a0@group-339F621537D4, cid=109, SUCCESS, logIndex=0, commits[a3c2c22c-63c3-4393-9cc5-d0f3199441a0:c84, 9e73fbb7-ac7c-4586-b557-95e629bce8e9:c80, 6c5654d4-b68b-4990-ae23-e5ea3909aeb5:c80]
2019-07-14 04:32:12,333 INFO  client.GrpcClientProtocolClient (GrpcClientProtocolClient.java:onNext(255)) - client-BE4C7E4DFDDC->4b848755-ec7d-41fe-ad2c-918441e7cc49: receive RaftClientReply:client-BE4C7E4DFDDC->4b848755-ec7d-41fe-ad2c-918441e7cc49@group-AF8385457FB2, cid=110, SUCCESS, logIndex=76, commits[4b848755-ec7d-41fe-ad2c-918441e7cc49:c77, 32916481-1fc8-4c47-883e-a397dbd42f32:c75, 31ff6b63-f2c0-4895-83c0-1f591020bcf1:c75]
2019-07-14 04:32:12,334 INFO  client.GrpcClientProtocolClient (GrpcClientProtocolClient.java:onNext(255)) - client-BE4C7E4DFDDC->4b848755-ec7d-41fe-ad2c-918441e7cc49: receive RaftClientReply:client-BE4C7E4DFDDC->4b848755-ec7d-41fe-ad2c-918441e7cc49@group-AF8385457FB2, cid=111, SUCCESS, logIndex=77, commits[4b848755-ec7d-41fe-ad2c-918441e7cc49:c77, 32916481-1fc8-4c47-883e-a397dbd42f32:c75, 31ff6b63-f2c0-4895-83c0-1f591020bcf1:c75]
2019-07-14 04:32:12,341 INFO  client.GrpcClientProtocolClient (GrpcClientProtocolClient.java:onNext(255)) - client-BE4C7E4DFDDC->4b848755-ec7d-41fe-ad2c-918441e7cc49: receive RaftClientReply:client-BE4C7E4DFDDC->4b848755-ec7d-41fe-ad2c-918441e7cc49@group-AF8385457FB2, cid=112, SUCCESS, logIndex=0, commits[4b848755-ec7d-41fe-ad2c-918441e7cc49:c78, 32916481-1fc8-4c47-883e-a397dbd42f32:c77, 31ff6b63-f2c0-4895-83c0-1f591020bcf1:c77]
2019-07-14 04:32:12,374 INFO  client.GrpcClientProtocolClient (GrpcClientProtocolClient.java:onNext(255)) - client-BE4C7E4DFDDC->4b848755-ec7d-41fe-ad2c-918441e7cc49: receive RaftClientReply:client-BE4C7E4DFDDC->4b848755-ec7d-41fe-ad2c-918441e7cc49@group-AF8385457FB2, cid=113, SUCCESS, logIndex=80, commits[4b848755-ec7d-41fe-ad2c-918441e7cc49:c81, 32916481-1fc8-4c47-883e-a397dbd42f32:c79, 31ff6b63-f2c0-4895-83c0-1f591020bcf1:c79]
2019-07-14 04:32:12,375 INFO  client.GrpcClientProtocolClient (GrpcClientProtocolClient.java:onNext(255)) - client-BE4C7E4DFDDC->4b848755-ec7d-41fe-ad2c-918441e7cc49: receive RaftClientReply:client-BE4C7E4DFDDC->4b848755-ec7d-41fe-ad2c-918441e7cc49@group-AF8385457FB2, cid=114, SUCCESS, logIndex=81, commits[4b848755-ec7d-41fe-ad2c-918441e7cc49:c81, 32916481-1fc8-4c47-883e-a397dbd42f32:c79, 31ff6b63-f2c0-4895-83c0-1f591020bcf1:c79]
2019-07-14 04:32:12,377 INFO  client.GrpcClientProtocolClient (GrpcClientProtocolClient.java:onNext(255)) - client-BE4C7E4DFDDC->4b848755-ec7d-41fe-ad2c-918441e7cc49: receive RaftClientReply:client-BE4C7E4DFDDC->4b848755-ec7d-41fe-ad2c-918441e7cc49@group-AF8385457FB2, cid=115, SUCCESS, logIndex=0, commits[4b848755-ec7d-41fe-ad2c-918441e7cc49:c83, 32916481-1fc8-4c47-883e-a397dbd42f32:c81, 31ff6b63-f2c0-4895-83c0-1f591020bcf1:c81]
2019-07-14 04:32:12,384 INFO  container.CloseContainerEventHandler (CloseContainerEventHandler.java:onMessage(61)) - Close container Event triggered for container : #12
2019-07-14 04:32:12,384 INFO  container.CloseContainerEventHandler (CloseContainerEventHandler.java:onMessage(61)) - Close container Event triggered for container : #12
2019-07-14 04:32:12,384 INFO  container.CloseContainerEventHandler (CloseContainerEventHandler.java:onMessage(61)) - Close container Event triggered for container : #12
2019-07-14 04:32:12,385 INFO  container.CloseContainerEventHandler (CloseContainerEventHandler.java:onMessage(61)) - Close container Event triggered for container : #13
2019-07-14 04:32:12,385 INFO  container.CloseContainerEventHandler (CloseContainerEventHandler.java:onMessage(61)) - Close container Event triggered for container : #13
2019-07-14 04:32:12,385 INFO  container.CloseContainerEventHandler (CloseContainerEventHandler.java:onMessage(61)) - Close container Event triggered for container : #13
2019-07-14 04:32:12,385 INFO  container.CloseContainerEventHandler (CloseContainerEventHandler.java:onMessage(61)) - Close container Event triggered for container : #6
2019-07-14 04:32:12,385 INFO  container.CloseContainerEventHandler (CloseContainerEventHandler.java:onMessage(61)) - Close container Event triggered for container : #6
2019-07-14 04:32:12,385 INFO  container.CloseContainerEventHandler (CloseContainerEventHandler.java:onMessage(61)) - Close container Event triggered for container : #6
2019-07-14 04:32:13,150 INFO  interfaces.Container (KeyValueContainer.java:compactDB(356)) - Container 6 is closed with bcsId 81.
2019-07-14 04:32:13,164 INFO  interfaces.Container (KeyValueContainer.java:compactDB(356)) - Container 6 is closed with bcsId 81.
2019-07-14 04:32:13,177 INFO  interfaces.Container (KeyValueContainer.java:compactDB(356)) - Container 6 is closed with bcsId 81.
2019-07-14 04:32:14,186 INFO  interfaces.Container (KeyValueContainer.java:compactDB(356)) - Container 12 is closed with bcsId 65.
2019-07-14 04:32:14,193 INFO  interfaces.Container (KeyValueContainer.java:compactDB(356)) - Container 12 is closed with bcsId 65.
2019-07-14 04:32:14,197 INFO  interfaces.Container (KeyValueContainer.java:compactDB(356)) - Container 12 is closed with bcsId 65.
2019-07-14 04:32:14,222 INFO  interfaces.Container (KeyValueContainer.java:compactDB(356)) - Container 13 is closed with bcsId 80.
2019-07-14 04:32:14,229 INFO  interfaces.Container (KeyValueContainer.java:compactDB(356)) - Container 13 is closed with bcsId 80.
2019-07-14 04:32:14,240 INFO  interfaces.Container (KeyValueContainer.java:compactDB(356)) - Container 13 is closed with bcsId 80.
04:32:14.391 [grpc-default-executor-0] ERROR DNAudit - user=null | ip=null | op=WRITE_CHUNK {blockData=conID: 6 locID: 102437927800471572 bcsId: 81} | ret=FAILURE
org.apache.hadoop.hdds.scm.container.common.helpers.ContainerNotOpenException: Container 6 in CLOSED state
	at org.apache.hadoop.ozone.container.common.impl.HddsDispatcher.validateContainerCommand(HddsDispatcher.java:408) ~[hadoop-hdds-container-service-0.5.0-SNAPSHOT.jar:?]
	at org.apache.hadoop.ozone.container.common.transport.server.ratis.ContainerStateMachine.startTransaction(ContainerStateMachine.java:271) ~[hadoop-hdds-container-service-0.5.0-SNAPSHOT.jar:?]
	at org.apache.ratis.server.impl.RaftServerImpl.submitClientRequestAsync(RaftServerImpl.java:566) ~[ratis-server-0.4.0-2337318-SNAPSHOT.jar:0.4.0-2337318-SNAPSHOT]
	at org.apache.ratis.server.impl.RaftServerProxy.lambda$submitClientRequestAsync$7(RaftServerProxy.java:333) ~[ratis-server-0.4.0-2337318-SNAPSHOT.jar:0.4.0-2337318-SNAPSHOT]
	at org.apache.ratis.server.impl.RaftServerProxy.lambda$null$5(RaftServerProxy.java:328) ~[ratis-server-0.4.0-2337318-SNAPSHOT.jar:0.4.0-2337318-SNAPSHOT]
	at org.apache.ratis.util.JavaUtils.callAsUnchecked(JavaUtils.java:109) ~[ratis-common-0.4.0-2337318-SNAPSHOT.jar:0.4.0-2337318-SNAPSHOT]
	at org.apache.ratis.server.impl.RaftServerProxy.lambda$submitRequest$6(RaftServerProxy.java:328) ~[ratis-server-0.4.0-2337318-SNAPSHOT.jar:0.4.0-2337318-SNAPSHOT]
	at java.util.concurrent.CompletableFuture.uniComposeStage(CompletableFuture.java:981) ~[?:1.8.0_212]
	at java.util.concurrent.CompletableFuture.thenCompose(CompletableFuture.java:2124) ~[?:1.8.0_212]
	at org.apache.ratis.server.impl.RaftServerProxy.submitRequest(RaftServerProxy.java:327) ~[ratis-server-0.4.0-2337318-SNAPSHOT.jar:0.4.0-2337318-SNAPSHOT]
	at org.apache.ratis.server.impl.RaftServerProxy.submitClientRequestAsync(RaftServerProxy.java:333) ~[ratis-server-0.4.0-2337318-SNAPSHOT.jar:0.4.0-2337318-SNAPSHOT]
	at org.apache.ratis.grpc.client.GrpcClientProtocolService$RequestStreamObserver.processClientRequest(GrpcClientProtocolService.java:220) ~[ratis-grpc-0.4.0-2337318-SNAPSHOT.jar:0.4.0-2337318-SNAPSHOT]
	at org.apache.ratis.grpc.client.GrpcClientProtocolService$OrderedRequestStreamObserver.processClientRequest(GrpcClientProtocolService.java:326) ~[ratis-grpc-0.4.0-2337318-SNAPSHOT.jar:0.4.0-2337318-SNAPSHOT]
	at org.apache.ratis.util.SlidingWindow$Server.processRequestsFromHead(SlidingWindow.java:429) [ratis-common-0.4.0-2337318-SNAPSHOT.jar:0.4.0-2337318-SNAPSHOT]
	at org.apache.ratis.util.SlidingWindow$Server.receivedRequest(SlidingWindow.java:421) [ratis-common-0.4.0-2337318-SNAPSHOT.jar:0.4.0-2337318-SNAPSHOT]
	at org.apache.ratis.grpc.client.GrpcClientProtocolService$OrderedRequestStreamObserver.processClientRequest(GrpcClientProtocolService.java:345) [ratis-grpc-0.4.0-2337318-SNAPSHOT.jar:0.4.0-2337318-SNAPSHOT]
	at org.apache.ratis.grpc.client.GrpcClientProtocolService$RequestStreamObserver.onNext(GrpcClientProtocolService.java:240) [ratis-grpc-0.4.0-2337318-SNAPSHOT.jar:0.4.0-2337318-SNAPSHOT]
	at org.apache.ratis.grpc.client.GrpcClientProtocolService$RequestStreamObserver.onNext(GrpcClientProtocolService.java:168) [ratis-grpc-0.4.0-2337318-SNAPSHOT.jar:0.4.0-2337318-SNAPSHOT]
	at org.apache.ratis.thirdparty.io.grpc.stub.ServerCalls$StreamingServerCallHandler$StreamingServerCallListener.onMessage(ServerCalls.java:248) [ratis-thirdparty-misc-0.2.0.jar:0.2.0]
	at org.apache.ratis.thirdparty.io.grpc.internal.ServerCallImpl$ServerStreamListenerImpl.messagesAvailable(ServerCallImpl.java:263) [ratis-thirdparty-misc-0.2.0.jar:0.2.0]
	at org.apache.ratis.thirdparty.io.grpc.internal.ServerImpl$JumpToApplicationThreadServerStreamListener$1MessagesAvailable.runInContext(ServerImpl.java:686) [ratis-thirdparty-misc-0.2.0.jar:0.2.0]
	at org.apache.ratis.thirdparty.io.grpc.internal.ContextRunnable.run(ContextRunnable.java:37) [ratis-thirdparty-misc-0.2.0.jar:0.2.0]
	at org.apache.ratis.thirdparty.io.grpc.internal.SerializingExecutor.run(SerializingExecutor.java:123) [ratis-thirdparty-misc-0.2.0.jar:0.2.0]
	at java.util.concurrent.ThreadPoolExecutor.runWorker(ThreadPoolExecutor.java:1149) [?:1.8.0_212]
	at java.util.concurrent.ThreadPoolExecutor$Worker.run(ThreadPoolExecutor.java:624) [?:1.8.0_212]
	at java.lang.Thread.run(Thread.java:748) [?:1.8.0_212]
04:32:14.400 [grpc-default-executor-0] ERROR DNAudit - user=null | ip=null | op=PUT_BLOCK {blockData=[blockId=conID: 6 locID: 102437927800471572 bcsId: 0,size=2621440]} | ret=FAILURE
org.apache.hadoop.hdds.scm.container.common.helpers.ContainerNotOpenException: Container 6 in CLOSED state
	at org.apache.hadoop.ozone.container.common.impl.HddsDispatcher.validateContainerCommand(HddsDispatcher.java:408) ~[hadoop-hdds-container-service-0.5.0-SNAPSHOT.jar:?]
	at org.apache.hadoop.ozone.container.common.transport.server.ratis.ContainerStateMachine.startTransaction(ContainerStateMachine.java:271) ~[hadoop-hdds-container-service-0.5.0-SNAPSHOT.jar:?]
	at org.apache.ratis.server.impl.RaftServerImpl.submitClientRequestAsync(RaftServerImpl.java:566) ~[ratis-server-0.4.0-2337318-SNAPSHOT.jar:0.4.0-2337318-SNAPSHOT]
	at org.apache.ratis.server.impl.RaftServerProxy.lambda$submitClientRequestAsync$7(RaftServerProxy.java:333) ~[ratis-server-0.4.0-2337318-SNAPSHOT.jar:0.4.0-2337318-SNAPSHOT]
	at org.apache.ratis.server.impl.RaftServerProxy.lambda$null$5(RaftServerProxy.java:328) ~[ratis-server-0.4.0-2337318-SNAPSHOT.jar:0.4.0-2337318-SNAPSHOT]
	at org.apache.ratis.util.JavaUtils.callAsUnchecked(JavaUtils.java:109) ~[ratis-common-0.4.0-2337318-SNAPSHOT.jar:0.4.0-2337318-SNAPSHOT]
	at org.apache.ratis.server.impl.RaftServerProxy.lambda$submitRequest$6(RaftServerProxy.java:328) ~[ratis-server-0.4.0-2337318-SNAPSHOT.jar:0.4.0-2337318-SNAPSHOT]
	at java.util.concurrent.CompletableFuture.uniComposeStage(CompletableFuture.java:981) ~[?:1.8.0_212]
	at java.util.concurrent.CompletableFuture.thenCompose(CompletableFuture.java:2124) ~[?:1.8.0_212]
	at org.apache.ratis.server.impl.RaftServerProxy.submitRequest(RaftServerProxy.java:327) ~[ratis-server-0.4.0-2337318-SNAPSHOT.jar:0.4.0-2337318-SNAPSHOT]
	at org.apache.ratis.server.impl.RaftServerProxy.submitClientRequestAsync(RaftServerProxy.java:333) ~[ratis-server-0.4.0-2337318-SNAPSHOT.jar:0.4.0-2337318-SNAPSHOT]
	at org.apache.ratis.grpc.client.GrpcClientProtocolService$RequestStreamObserver.processClientRequest(GrpcClientProtocolService.java:220) ~[ratis-grpc-0.4.0-2337318-SNAPSHOT.jar:0.4.0-2337318-SNAPSHOT]
	at org.apache.ratis.grpc.client.GrpcClientProtocolService$OrderedRequestStreamObserver.processClientRequest(GrpcClientProtocolService.java:326) ~[ratis-grpc-0.4.0-2337318-SNAPSHOT.jar:0.4.0-2337318-SNAPSHOT]
	at org.apache.ratis.util.SlidingWindow$Server.processRequestsFromHead(SlidingWindow.java:429) [ratis-common-0.4.0-2337318-SNAPSHOT.jar:0.4.0-2337318-SNAPSHOT]
	at org.apache.ratis.util.SlidingWindow$Server.receivedRequest(SlidingWindow.java:421) [ratis-common-0.4.0-2337318-SNAPSHOT.jar:0.4.0-2337318-SNAPSHOT]
	at org.apache.ratis.grpc.client.GrpcClientProtocolService$OrderedRequestStreamObserver.processClientRequest(GrpcClientProtocolService.java:345) [ratis-grpc-0.4.0-2337318-SNAPSHOT.jar:0.4.0-2337318-SNAPSHOT]
	at org.apache.ratis.grpc.client.GrpcClientProtocolService$RequestStreamObserver.onNext(GrpcClientProtocolService.java:240) [ratis-grpc-0.4.0-2337318-SNAPSHOT.jar:0.4.0-2337318-SNAPSHOT]
	at org.apache.ratis.grpc.client.GrpcClientProtocolService$RequestStreamObserver.onNext(GrpcClientProtocolService.java:168) [ratis-grpc-0.4.0-2337318-SNAPSHOT.jar:0.4.0-2337318-SNAPSHOT]
	at org.apache.ratis.thirdparty.io.grpc.stub.ServerCalls$StreamingServerCallHandler$StreamingServerCallListener.onMessage(ServerCalls.java:248) [ratis-thirdparty-misc-0.2.0.jar:0.2.0]
	at org.apache.ratis.thirdparty.io.grpc.internal.ServerCallImpl$ServerStreamListenerImpl.messagesAvailable(ServerCallImpl.java:263) [ratis-thirdparty-misc-0.2.0.jar:0.2.0]
	at org.apache.ratis.thirdparty.io.grpc.internal.ServerImpl$JumpToApplicationThreadServerStreamListener$1MessagesAvailable.runInContext(ServerImpl.java:686) [ratis-thirdparty-misc-0.2.0.jar:0.2.0]
	at org.apache.ratis.thirdparty.io.grpc.internal.ContextRunnable.run(ContextRunnable.java:37) [ratis-thirdparty-misc-0.2.0.jar:0.2.0]
	at org.apache.ratis.thirdparty.io.grpc.internal.SerializingExecutor.run(SerializingExecutor.java:123) [ratis-thirdparty-misc-0.2.0.jar:0.2.0]
	at java.util.concurrent.ThreadPoolExecutor.runWorker(ThreadPoolExecutor.java:1149) [?:1.8.0_212]
	at java.util.concurrent.ThreadPoolExecutor$Worker.run(ThreadPoolExecutor.java:624) [?:1.8.0_212]
	at java.lang.Thread.run(Thread.java:748) [?:1.8.0_212]
2019-07-14 04:32:14,406 INFO  client.GrpcClientProtocolClient (GrpcClientProtocolClient.java:onNext(255)) - client-BE4C7E4DFDDC->4b848755-ec7d-41fe-ad2c-918441e7cc49: receive RaftClientReply:client-BE4C7E4DFDDC->4b848755-ec7d-41fe-ad2c-918441e7cc49@group-AF8385457FB2, cid=116, FAILED org.apache.ratis.protocol.StateMachineException: org.apache.hadoop.hdds.scm.container.common.helpers.ContainerNotOpenException from Server 4b848755-ec7d-41fe-ad2c-918441e7cc49: Container 6 in CLOSED state, logIndex=0, commits[4b848755-ec7d-41fe-ad2c-918441e7cc49:c85, 32916481-1fc8-4c47-883e-a397dbd42f32:c84, 31ff6b63-f2c0-4895-83c0-1f591020bcf1:c84]
2019-07-14 04:32:14,408 INFO  client.GrpcClientProtocolClient (GrpcClientProtocolClient.java:onNext(255)) - client-BE4C7E4DFDDC->4b848755-ec7d-41fe-ad2c-918441e7cc49: receive RaftClientReply:client-BE4C7E4DFDDC->4b848755-ec7d-41fe-ad2c-918441e7cc49@group-AF8385457FB2, cid=117, FAILED org.apache.ratis.protocol.StateMachineException: org.apache.hadoop.hdds.scm.container.common.helpers.ContainerNotOpenException from Server 4b848755-ec7d-41fe-ad2c-918441e7cc49: Container 6 in CLOSED state, logIndex=0, commits[4b848755-ec7d-41fe-ad2c-918441e7cc49:c85, 32916481-1fc8-4c47-883e-a397dbd42f32:c84, 31ff6b63-f2c0-4895-83c0-1f591020bcf1:c84]
2019-07-14 04:32:14,516 INFO  client.GrpcClientProtocolClient (GrpcClientProtocolClient.java:onNext(255)) - client-6E663B4EDC22->a3c2c22c-63c3-4393-9cc5-d0f3199441a0: receive RaftClientReply:client-6E663B4EDC22->a3c2c22c-63c3-4393-9cc5-d0f3199441a0@group-339F621537D4, cid=118, SUCCESS, logIndex=89, commits[a3c2c22c-63c3-4393-9cc5-d0f3199441a0:c90, 9e73fbb7-ac7c-4586-b557-95e629bce8e9:c88, 6c5654d4-b68b-4990-ae23-e5ea3909aeb5:c88]
2019-07-14 04:32:14,548 INFO  client.GrpcClientProtocolClient (GrpcClientProtocolClient.java:onNext(255)) - client-6E663B4EDC22->a3c2c22c-63c3-4393-9cc5-d0f3199441a0: receive RaftClientReply:client-6E663B4EDC22->a3c2c22c-63c3-4393-9cc5-d0f3199441a0@group-339F621537D4, cid=119, SUCCESS, logIndex=90, commits[a3c2c22c-63c3-4393-9cc5-d0f3199441a0:c92, 9e73fbb7-ac7c-4586-b557-95e629bce8e9:c90, 6c5654d4-b68b-4990-ae23-e5ea3909aeb5:c90]
2019-07-14 04:32:14,741 INFO  pipeline.Pipeline (Pipeline.java:getProtobufMessage(195)) - Serialize pipeline PipelineID=cee80bf1-89aa-47fd-8c9b-339f621537d4 with nodesInOrder{ }
2019-07-14 04:32:14,743 INFO  pipeline.Pipeline (Pipeline.java:build(342)) - Deserialize nodesInOrder [9e73fbb7-ac7c-4586-b557-95e629bce8e9{ip: 192.168.5.157, host: trunk-nightly-6h29n-2077950039, networkLocation: /default-rack, certSerialId: null}, 9e73fbb7-ac7c-4586-b557-95e629bce8e9{ip: 192.168.5.157, host: trunk-nightly-6h29n-2077950039, networkLocation: /default-rack, certSerialId: null}, 9e73fbb7-ac7c-4586-b557-95e629bce8e9{ip: 192.168.5.157, host: trunk-nightly-6h29n-2077950039, networkLocation: /default-rack, certSerialId: null}] in pipeline PipelineID=cee80bf1-89aa-47fd-8c9b-339f621537d4
]]></system-out>
  </testcase>
  <testcase name="testMultiBlockWrites3" classname="org.apache.hadoop.ozone.client.rpc.TestCloseContainerHandlingByClient" time="3.155">
    <error type="java.lang.IllegalArgumentException">java.lang.IllegalArgumentException
	at com.google.common.base.Preconditions.checkArgument(Preconditions.java:72)
	at org.apache.hadoop.hdds.scm.XceiverClientManager.acquireClient(XceiverClientManager.java:150)
	at org.apache.hadoop.hdds.scm.XceiverClientManager.acquireClientForReadData(XceiverClientManager.java:143)
	at org.apache.hadoop.hdds.scm.storage.BlockInputStream.getChunkInfos(BlockInputStream.java:154)
	at org.apache.hadoop.hdds.scm.storage.BlockInputStream.initialize(BlockInputStream.java:118)
	at org.apache.hadoop.hdds.scm.storage.BlockInputStream.read(BlockInputStream.java:222)
	at org.apache.hadoop.ozone.client.io.KeyInputStream.read(KeyInputStream.java:171)
	at org.apache.hadoop.ozone.client.io.OzoneInputStream.read(OzoneInputStream.java:47)
	at java.io.InputStream.read(InputStream.java:101)
	at org.apache.hadoop.ozone.client.rpc.TestCloseContainerHandlingByClient.testMultiBlockWrites3(TestCloseContainerHandlingByClient.java:325)
	at sun.reflect.NativeMethodAccessorImpl.invoke0(Native Method)
	at sun.reflect.NativeMethodAccessorImpl.invoke(NativeMethodAccessorImpl.java:62)
	at sun.reflect.DelegatingMethodAccessorImpl.invoke(DelegatingMethodAccessorImpl.java:43)
	at java.lang.reflect.Method.invoke(Method.java:498)
	at org.junit.runners.model.FrameworkMethod$1.runReflectiveCall(FrameworkMethod.java:47)
	at org.junit.internal.runners.model.ReflectiveCallable.run(ReflectiveCallable.java:12)
	at org.junit.runners.model.FrameworkMethod.invokeExplosively(FrameworkMethod.java:44)
	at org.junit.internal.runners.statements.InvokeMethod.evaluate(InvokeMethod.java:17)
	at org.junit.runners.ParentRunner.runLeaf(ParentRunner.java:271)
	at org.junit.runners.BlockJUnit4ClassRunner.runChild(BlockJUnit4ClassRunner.java:70)
	at org.junit.runners.BlockJUnit4ClassRunner.runChild(BlockJUnit4ClassRunner.java:50)
	at org.junit.runners.ParentRunner$3.run(ParentRunner.java:238)
	at org.junit.runners.ParentRunner$1.schedule(ParentRunner.java:63)
	at org.junit.runners.ParentRunner.runChildren(ParentRunner.java:236)
	at org.junit.runners.ParentRunner.access$000(ParentRunner.java:53)
	at org.junit.runners.ParentRunner$2.evaluate(ParentRunner.java:229)
	at org.junit.internal.runners.statements.RunBefores.evaluate(RunBefores.java:26)
	at org.junit.internal.runners.statements.RunAfters.evaluate(RunAfters.java:27)
	at org.junit.runners.ParentRunner.run(ParentRunner.java:309)
	at org.apache.maven.surefire.junit4.JUnit4Provider.execute(JUnit4Provider.java:365)
	at org.apache.maven.surefire.junit4.JUnit4Provider.executeWithRerun(JUnit4Provider.java:273)
	at org.apache.maven.surefire.junit4.JUnit4Provider.executeTestSet(JUnit4Provider.java:238)
	at org.apache.maven.surefire.junit4.JUnit4Provider.invoke(JUnit4Provider.java:159)
	at org.apache.maven.surefire.booter.ForkedBooter.invokeProviderInSameClassLoader(ForkedBooter.java:384)
	at org.apache.maven.surefire.booter.ForkedBooter.runSuitesInProcess(ForkedBooter.java:345)
	at org.apache.maven.surefire.booter.ForkedBooter.execute(ForkedBooter.java:126)
	at org.apache.maven.surefire.booter.ForkedBooter.main(ForkedBooter.java:418)
</error>
    <system-out><![CDATA[2019-07-14 04:32:15,046 INFO  client.GrpcClientProtocolClient (GrpcClientProtocolClient.java:onNext(255)) - client-6E663B4EDC22->a3c2c22c-63c3-4393-9cc5-d0f3199441a0: receive RaftClientReply:client-6E663B4EDC22->a3c2c22c-63c3-4393-9cc5-d0f3199441a0@group-339F621537D4, cid=120, SUCCESS, logIndex=93, commits[a3c2c22c-63c3-4393-9cc5-d0f3199441a0:c96, 9e73fbb7-ac7c-4586-b557-95e629bce8e9:c92, 6c5654d4-b68b-4990-ae23-e5ea3909aeb5:c92]
2019-07-14 04:32:15,083 INFO  client.GrpcClientProtocolClient (GrpcClientProtocolClient.java:onNext(255)) - client-6E663B4EDC22->a3c2c22c-63c3-4393-9cc5-d0f3199441a0: receive RaftClientReply:client-6E663B4EDC22->a3c2c22c-63c3-4393-9cc5-d0f3199441a0@group-339F621537D4, cid=121, SUCCESS, logIndex=94, commits[a3c2c22c-63c3-4393-9cc5-d0f3199441a0:c99, 9e73fbb7-ac7c-4586-b557-95e629bce8e9:c96, 6c5654d4-b68b-4990-ae23-e5ea3909aeb5:c96]
2019-07-14 04:32:15,083 INFO  client.GrpcClientProtocolClient (GrpcClientProtocolClient.java:onNext(255)) - client-6E663B4EDC22->a3c2c22c-63c3-4393-9cc5-d0f3199441a0: receive RaftClientReply:client-6E663B4EDC22->a3c2c22c-63c3-4393-9cc5-d0f3199441a0@group-339F621537D4, cid=122, SUCCESS, logIndex=95, commits[a3c2c22c-63c3-4393-9cc5-d0f3199441a0:c99, 9e73fbb7-ac7c-4586-b557-95e629bce8e9:c96, 6c5654d4-b68b-4990-ae23-e5ea3909aeb5:c96]
2019-07-14 04:32:15,132 INFO  client.GrpcClientProtocolClient (GrpcClientProtocolClient.java:onNext(255)) - client-6E663B4EDC22->a3c2c22c-63c3-4393-9cc5-d0f3199441a0: receive RaftClientReply:client-6E663B4EDC22->a3c2c22c-63c3-4393-9cc5-d0f3199441a0@group-339F621537D4, cid=123, SUCCESS, logIndex=96, commits[a3c2c22c-63c3-4393-9cc5-d0f3199441a0:c99, 9e73fbb7-ac7c-4586-b557-95e629bce8e9:c96, 6c5654d4-b68b-4990-ae23-e5ea3909aeb5:c96]
2019-07-14 04:32:15,161 INFO  client.GrpcClientProtocolClient (GrpcClientProtocolClient.java:onNext(255)) - client-6E663B4EDC22->a3c2c22c-63c3-4393-9cc5-d0f3199441a0: receive RaftClientReply:client-6E663B4EDC22->a3c2c22c-63c3-4393-9cc5-d0f3199441a0@group-339F621537D4, cid=124, SUCCESS, logIndex=100, commits[a3c2c22c-63c3-4393-9cc5-d0f3199441a0:c102, 9e73fbb7-ac7c-4586-b557-95e629bce8e9:c99, 6c5654d4-b68b-4990-ae23-e5ea3909aeb5:c99]
2019-07-14 04:32:15,162 INFO  client.GrpcClientProtocolClient (GrpcClientProtocolClient.java:onNext(255)) - client-6E663B4EDC22->a3c2c22c-63c3-4393-9cc5-d0f3199441a0: receive RaftClientReply:client-6E663B4EDC22->a3c2c22c-63c3-4393-9cc5-d0f3199441a0@group-339F621537D4, cid=125, SUCCESS, logIndex=101, commits[a3c2c22c-63c3-4393-9cc5-d0f3199441a0:c103, 9e73fbb7-ac7c-4586-b557-95e629bce8e9:c99, 6c5654d4-b68b-4990-ae23-e5ea3909aeb5:c99]
2019-07-14 04:32:15,162 INFO  client.GrpcClientProtocolClient (GrpcClientProtocolClient.java:onNext(255)) - client-6E663B4EDC22->a3c2c22c-63c3-4393-9cc5-d0f3199441a0: receive RaftClientReply:client-6E663B4EDC22->a3c2c22c-63c3-4393-9cc5-d0f3199441a0@group-339F621537D4, cid=126, SUCCESS, logIndex=102, commits[a3c2c22c-63c3-4393-9cc5-d0f3199441a0:c103, 9e73fbb7-ac7c-4586-b557-95e629bce8e9:c99, 6c5654d4-b68b-4990-ae23-e5ea3909aeb5:c99]
2019-07-14 04:32:15,163 INFO  client.GrpcClientProtocolClient (GrpcClientProtocolClient.java:onNext(255)) - client-6E663B4EDC22->a3c2c22c-63c3-4393-9cc5-d0f3199441a0: receive RaftClientReply:client-6E663B4EDC22->a3c2c22c-63c3-4393-9cc5-d0f3199441a0@group-339F621537D4, cid=127, SUCCESS, logIndex=103, commits[a3c2c22c-63c3-4393-9cc5-d0f3199441a0:c103, 9e73fbb7-ac7c-4586-b557-95e629bce8e9:c99, 6c5654d4-b68b-4990-ae23-e5ea3909aeb5:c99]
2019-07-14 04:32:15,171 INFO  client.GrpcClientProtocolClient (GrpcClientProtocolClient.java:onNext(255)) - client-6E663B4EDC22->a3c2c22c-63c3-4393-9cc5-d0f3199441a0: receive RaftClientReply:client-6E663B4EDC22->a3c2c22c-63c3-4393-9cc5-d0f3199441a0@group-339F621537D4, cid=128, SUCCESS, logIndex=0, commits[a3c2c22c-63c3-4393-9cc5-d0f3199441a0:c104, 9e73fbb7-ac7c-4586-b557-95e629bce8e9:c101, 6c5654d4-b68b-4990-ae23-e5ea3909aeb5:c101]
2019-07-14 04:32:15,173 INFO  client.GrpcClientProtocolClient (GrpcClientProtocolClient.java:onNext(255)) - client-6E663B4EDC22->a3c2c22c-63c3-4393-9cc5-d0f3199441a0: receive RaftClientReply:client-6E663B4EDC22->a3c2c22c-63c3-4393-9cc5-d0f3199441a0@group-339F621537D4, cid=129, SUCCESS, logIndex=0, commits[a3c2c22c-63c3-4393-9cc5-d0f3199441a0:c107, 9e73fbb7-ac7c-4586-b557-95e629bce8e9:c103, 6c5654d4-b68b-4990-ae23-e5ea3909aeb5:c103]
2019-07-14 04:32:15,262 INFO  client.GrpcClientProtocolClient (GrpcClientProtocolClient.java:onNext(255)) - client-BE4C7E4DFDDC->4b848755-ec7d-41fe-ad2c-918441e7cc49: receive RaftClientReply:client-BE4C7E4DFDDC->4b848755-ec7d-41fe-ad2c-918441e7cc49@group-AF8385457FB2, cid=130, SUCCESS, logIndex=86, commits[4b848755-ec7d-41fe-ad2c-918441e7cc49:c87, 32916481-1fc8-4c47-883e-a397dbd42f32:c85, 31ff6b63-f2c0-4895-83c0-1f591020bcf1:c85]
2019-07-14 04:32:15,295 INFO  client.GrpcClientProtocolClient (GrpcClientProtocolClient.java:onNext(255)) - client-BE4C7E4DFDDC->4b848755-ec7d-41fe-ad2c-918441e7cc49: receive RaftClientReply:client-BE4C7E4DFDDC->4b848755-ec7d-41fe-ad2c-918441e7cc49@group-AF8385457FB2, cid=131, SUCCESS, logIndex=87, commits[4b848755-ec7d-41fe-ad2c-918441e7cc49:c93, 32916481-1fc8-4c47-883e-a397dbd42f32:c89, 31ff6b63-f2c0-4895-83c0-1f591020bcf1:c89]
2019-07-14 04:32:15,297 INFO  client.GrpcClientProtocolClient (GrpcClientProtocolClient.java:onNext(255)) - client-BE4C7E4DFDDC->4b848755-ec7d-41fe-ad2c-918441e7cc49: receive RaftClientReply:client-BE4C7E4DFDDC->4b848755-ec7d-41fe-ad2c-918441e7cc49@group-AF8385457FB2, cid=132, SUCCESS, logIndex=88, commits[4b848755-ec7d-41fe-ad2c-918441e7cc49:c93, 32916481-1fc8-4c47-883e-a397dbd42f32:c89, 31ff6b63-f2c0-4895-83c0-1f591020bcf1:c89]
2019-07-14 04:32:15,366 INFO  client.GrpcClientProtocolClient (GrpcClientProtocolClient.java:onNext(255)) - client-BE4C7E4DFDDC->4b848755-ec7d-41fe-ad2c-918441e7cc49: receive RaftClientReply:client-BE4C7E4DFDDC->4b848755-ec7d-41fe-ad2c-918441e7cc49@group-AF8385457FB2, cid=133, SUCCESS, logIndex=89, commits[4b848755-ec7d-41fe-ad2c-918441e7cc49:c93, 32916481-1fc8-4c47-883e-a397dbd42f32:c89, 31ff6b63-f2c0-4895-83c0-1f591020bcf1:c89]
2019-07-14 04:32:15,399 INFO  client.GrpcClientProtocolClient (GrpcClientProtocolClient.java:onNext(255)) - client-BE4C7E4DFDDC->4b848755-ec7d-41fe-ad2c-918441e7cc49: receive RaftClientReply:client-BE4C7E4DFDDC->4b848755-ec7d-41fe-ad2c-918441e7cc49@group-AF8385457FB2, cid=134, SUCCESS, logIndex=94, commits[4b848755-ec7d-41fe-ad2c-918441e7cc49:c95, 32916481-1fc8-4c47-883e-a397dbd42f32:c89, 31ff6b63-f2c0-4895-83c0-1f591020bcf1:c93]
2019-07-14 04:32:15,399 INFO  client.GrpcClientProtocolClient (GrpcClientProtocolClient.java:onNext(255)) - client-BE4C7E4DFDDC->4b848755-ec7d-41fe-ad2c-918441e7cc49: receive RaftClientReply:client-BE4C7E4DFDDC->4b848755-ec7d-41fe-ad2c-918441e7cc49@group-AF8385457FB2, cid=135, SUCCESS, logIndex=95, commits[4b848755-ec7d-41fe-ad2c-918441e7cc49:c95, 32916481-1fc8-4c47-883e-a397dbd42f32:c93, 31ff6b63-f2c0-4895-83c0-1f591020bcf1:c93]
2019-07-14 04:32:15,400 INFO  client.GrpcClientProtocolClient (GrpcClientProtocolClient.java:onNext(255)) - client-BE4C7E4DFDDC->4b848755-ec7d-41fe-ad2c-918441e7cc49: receive RaftClientReply:client-BE4C7E4DFDDC->4b848755-ec7d-41fe-ad2c-918441e7cc49@group-AF8385457FB2, cid=136, SUCCESS, logIndex=96, commits[4b848755-ec7d-41fe-ad2c-918441e7cc49:c97, 32916481-1fc8-4c47-883e-a397dbd42f32:c93, 31ff6b63-f2c0-4895-83c0-1f591020bcf1:c93]
2019-07-14 04:32:15,401 INFO  client.GrpcClientProtocolClient (GrpcClientProtocolClient.java:onNext(255)) - client-BE4C7E4DFDDC->4b848755-ec7d-41fe-ad2c-918441e7cc49: receive RaftClientReply:client-BE4C7E4DFDDC->4b848755-ec7d-41fe-ad2c-918441e7cc49@group-AF8385457FB2, cid=137, SUCCESS, logIndex=97, commits[4b848755-ec7d-41fe-ad2c-918441e7cc49:c97, 32916481-1fc8-4c47-883e-a397dbd42f32:c93, 31ff6b63-f2c0-4895-83c0-1f591020bcf1:c93]
2019-07-14 04:32:15,412 INFO  client.GrpcClientProtocolClient (GrpcClientProtocolClient.java:onNext(255)) - client-BE4C7E4DFDDC->4b848755-ec7d-41fe-ad2c-918441e7cc49: receive RaftClientReply:client-BE4C7E4DFDDC->4b848755-ec7d-41fe-ad2c-918441e7cc49@group-AF8385457FB2, cid=138, SUCCESS, logIndex=0, commits[4b848755-ec7d-41fe-ad2c-918441e7cc49:c99, 32916481-1fc8-4c47-883e-a397dbd42f32:c95, 31ff6b63-f2c0-4895-83c0-1f591020bcf1:c95]
2019-07-14 04:32:15,414 INFO  client.GrpcClientProtocolClient (GrpcClientProtocolClient.java:onNext(255)) - client-BE4C7E4DFDDC->4b848755-ec7d-41fe-ad2c-918441e7cc49: receive RaftClientReply:client-BE4C7E4DFDDC->4b848755-ec7d-41fe-ad2c-918441e7cc49@group-AF8385457FB2, cid=139, SUCCESS, logIndex=0, commits[4b848755-ec7d-41fe-ad2c-918441e7cc49:c101, 32916481-1fc8-4c47-883e-a397dbd42f32:c97, 31ff6b63-f2c0-4895-83c0-1f591020bcf1:c97]
2019-07-14 04:32:15,434 INFO  client.GrpcClientProtocolClient (GrpcClientProtocolClient.java:onNext(255)) - client-BE4C7E4DFDDC->4b848755-ec7d-41fe-ad2c-918441e7cc49: receive RaftClientReply:client-BE4C7E4DFDDC->4b848755-ec7d-41fe-ad2c-918441e7cc49@group-AF8385457FB2, cid=140, SUCCESS, logIndex=102, commits[4b848755-ec7d-41fe-ad2c-918441e7cc49:c105, 32916481-1fc8-4c47-883e-a397dbd42f32:c101, 31ff6b63-f2c0-4895-83c0-1f591020bcf1:c97]
2019-07-14 04:32:15,435 INFO  client.GrpcClientProtocolClient (GrpcClientProtocolClient.java:onNext(255)) - client-BE4C7E4DFDDC->4b848755-ec7d-41fe-ad2c-918441e7cc49: receive RaftClientReply:client-BE4C7E4DFDDC->4b848755-ec7d-41fe-ad2c-918441e7cc49@group-AF8385457FB2, cid=141, SUCCESS, logIndex=103, commits[4b848755-ec7d-41fe-ad2c-918441e7cc49:c105, 32916481-1fc8-4c47-883e-a397dbd42f32:c101, 31ff6b63-f2c0-4895-83c0-1f591020bcf1:c101]
2019-07-14 04:32:15,435 INFO  client.GrpcClientProtocolClient (GrpcClientProtocolClient.java:onNext(255)) - client-BE4C7E4DFDDC->4b848755-ec7d-41fe-ad2c-918441e7cc49: receive RaftClientReply:client-BE4C7E4DFDDC->4b848755-ec7d-41fe-ad2c-918441e7cc49@group-AF8385457FB2, cid=142, SUCCESS, logIndex=104, commits[4b848755-ec7d-41fe-ad2c-918441e7cc49:c105, 32916481-1fc8-4c47-883e-a397dbd42f32:c101, 31ff6b63-f2c0-4895-83c0-1f591020bcf1:c101]
2019-07-14 04:32:15,436 INFO  client.GrpcClientProtocolClient (GrpcClientProtocolClient.java:onNext(255)) - client-BE4C7E4DFDDC->4b848755-ec7d-41fe-ad2c-918441e7cc49: receive RaftClientReply:client-BE4C7E4DFDDC->4b848755-ec7d-41fe-ad2c-918441e7cc49@group-AF8385457FB2, cid=143, SUCCESS, logIndex=105, commits[4b848755-ec7d-41fe-ad2c-918441e7cc49:c105, 32916481-1fc8-4c47-883e-a397dbd42f32:c101, 31ff6b63-f2c0-4895-83c0-1f591020bcf1:c101]
2019-07-14 04:32:15,445 INFO  client.GrpcClientProtocolClient (GrpcClientProtocolClient.java:onNext(255)) - client-BE4C7E4DFDDC->4b848755-ec7d-41fe-ad2c-918441e7cc49: receive RaftClientReply:client-BE4C7E4DFDDC->4b848755-ec7d-41fe-ad2c-918441e7cc49@group-AF8385457FB2, cid=144, SUCCESS, logIndex=0, commits[4b848755-ec7d-41fe-ad2c-918441e7cc49:c106, 32916481-1fc8-4c47-883e-a397dbd42f32:c103, 31ff6b63-f2c0-4895-83c0-1f591020bcf1:c103]
2019-07-14 04:32:15,465 INFO  client.GrpcClientProtocolClient (GrpcClientProtocolClient.java:onNext(255)) - client-BE4C7E4DFDDC->4b848755-ec7d-41fe-ad2c-918441e7cc49: receive RaftClientReply:client-BE4C7E4DFDDC->4b848755-ec7d-41fe-ad2c-918441e7cc49@group-AF8385457FB2, cid=145, SUCCESS, logIndex=108, commits[4b848755-ec7d-41fe-ad2c-918441e7cc49:c109, 32916481-1fc8-4c47-883e-a397dbd42f32:c107, 31ff6b63-f2c0-4895-83c0-1f591020bcf1:c107]
2019-07-14 04:32:15,466 INFO  client.GrpcClientProtocolClient (GrpcClientProtocolClient.java:onNext(255)) - client-BE4C7E4DFDDC->4b848755-ec7d-41fe-ad2c-918441e7cc49: receive RaftClientReply:client-BE4C7E4DFDDC->4b848755-ec7d-41fe-ad2c-918441e7cc49@group-AF8385457FB2, cid=146, SUCCESS, logIndex=109, commits[4b848755-ec7d-41fe-ad2c-918441e7cc49:c109, 32916481-1fc8-4c47-883e-a397dbd42f32:c107, 31ff6b63-f2c0-4895-83c0-1f591020bcf1:c107]
2019-07-14 04:32:15,482 INFO  client.GrpcClientProtocolClient (GrpcClientProtocolClient.java:onNext(255)) - client-BE4C7E4DFDDC->4b848755-ec7d-41fe-ad2c-918441e7cc49: receive RaftClientReply:client-BE4C7E4DFDDC->4b848755-ec7d-41fe-ad2c-918441e7cc49@group-AF8385457FB2, cid=147, SUCCESS, logIndex=112, commits[4b848755-ec7d-41fe-ad2c-918441e7cc49:c113, 32916481-1fc8-4c47-883e-a397dbd42f32:c109, 31ff6b63-f2c0-4895-83c0-1f591020bcf1:c109]
2019-07-14 04:32:15,482 INFO  client.GrpcClientProtocolClient (GrpcClientProtocolClient.java:onNext(255)) - client-BE4C7E4DFDDC->4b848755-ec7d-41fe-ad2c-918441e7cc49: receive RaftClientReply:client-BE4C7E4DFDDC->4b848755-ec7d-41fe-ad2c-918441e7cc49@group-AF8385457FB2, cid=148, SUCCESS, logIndex=113, commits[4b848755-ec7d-41fe-ad2c-918441e7cc49:c113, 32916481-1fc8-4c47-883e-a397dbd42f32:c109, 31ff6b63-f2c0-4895-83c0-1f591020bcf1:c109]
2019-07-14 04:32:15,484 INFO  client.GrpcClientProtocolClient (GrpcClientProtocolClient.java:onNext(255)) - client-BE4C7E4DFDDC->4b848755-ec7d-41fe-ad2c-918441e7cc49: receive RaftClientReply:client-BE4C7E4DFDDC->4b848755-ec7d-41fe-ad2c-918441e7cc49@group-AF8385457FB2, cid=149, SUCCESS, logIndex=0, commits[4b848755-ec7d-41fe-ad2c-918441e7cc49:c114, 32916481-1fc8-4c47-883e-a397dbd42f32:c113, 31ff6b63-f2c0-4895-83c0-1f591020bcf1:c113]
2019-07-14 04:32:15,487 INFO  container.CloseContainerEventHandler (CloseContainerEventHandler.java:onMessage(61)) - Close container Event triggered for container : #15
2019-07-14 04:32:15,488 INFO  container.CloseContainerEventHandler (CloseContainerEventHandler.java:onMessage(61)) - Close container Event triggered for container : #15
2019-07-14 04:32:15,488 INFO  container.CloseContainerEventHandler (CloseContainerEventHandler.java:onMessage(61)) - Close container Event triggered for container : #15
2019-07-14 04:32:15,488 INFO  container.CloseContainerEventHandler (CloseContainerEventHandler.java:onMessage(61)) - Close container Event triggered for container : #16
2019-07-14 04:32:15,488 INFO  container.CloseContainerEventHandler (CloseContainerEventHandler.java:onMessage(61)) - Close container Event triggered for container : #16
2019-07-14 04:32:15,489 INFO  container.CloseContainerEventHandler (CloseContainerEventHandler.java:onMessage(61)) - Close container Event triggered for container : #16
2019-07-14 04:32:15,489 INFO  container.CloseContainerEventHandler (CloseContainerEventHandler.java:onMessage(61)) - Close container Event triggered for container : #10
2019-07-14 04:32:15,489 INFO  container.CloseContainerEventHandler (CloseContainerEventHandler.java:onMessage(61)) - Close container Event triggered for container : #10
2019-07-14 04:32:15,489 INFO  container.CloseContainerEventHandler (CloseContainerEventHandler.java:onMessage(61)) - Close container Event triggered for container : #10
2019-07-14 04:32:15,490 INFO  container.CloseContainerEventHandler (CloseContainerEventHandler.java:onMessage(61)) - Close container Event triggered for container : #4
2019-07-14 04:32:15,490 INFO  container.CloseContainerEventHandler (CloseContainerEventHandler.java:onMessage(61)) - Close container Event triggered for container : #4
2019-07-14 04:32:15,490 INFO  container.CloseContainerEventHandler (CloseContainerEventHandler.java:onMessage(61)) - Close container Event triggered for container : #4
2019-07-14 04:32:15,505 INFO  client.GrpcClientProtocolClient (GrpcClientProtocolClient.java:onNext(255)) - client-6E663B4EDC22->a3c2c22c-63c3-4393-9cc5-d0f3199441a0: receive RaftClientReply:client-6E663B4EDC22->a3c2c22c-63c3-4393-9cc5-d0f3199441a0@group-339F621537D4, cid=150, SUCCESS, logIndex=108, commits[a3c2c22c-63c3-4393-9cc5-d0f3199441a0:c109, 9e73fbb7-ac7c-4586-b557-95e629bce8e9:c107, 6c5654d4-b68b-4990-ae23-e5ea3909aeb5:c107]
2019-07-14 04:32:15,506 INFO  client.GrpcClientProtocolClient (GrpcClientProtocolClient.java:onNext(255)) - client-6E663B4EDC22->a3c2c22c-63c3-4393-9cc5-d0f3199441a0: receive RaftClientReply:client-6E663B4EDC22->a3c2c22c-63c3-4393-9cc5-d0f3199441a0@group-339F621537D4, cid=151, SUCCESS, logIndex=109, commits[a3c2c22c-63c3-4393-9cc5-d0f3199441a0:c109, 9e73fbb7-ac7c-4586-b557-95e629bce8e9:c107, 6c5654d4-b68b-4990-ae23-e5ea3909aeb5:c107]
2019-07-14 04:32:16,276 INFO  interfaces.Container (KeyValueContainer.java:compactDB(356)) - Container 15 is closed with bcsId 103.
2019-07-14 04:32:16,283 INFO  interfaces.Container (KeyValueContainer.java:compactDB(356)) - Container 15 is closed with bcsId 103.
2019-07-14 04:32:16,285 INFO  interfaces.Container (KeyValueContainer.java:compactDB(356)) - Container 15 is closed with bcsId 103.
2019-07-14 04:32:16,318 INFO  interfaces.Container (KeyValueContainer.java:compactDB(356)) - Container 4 is closed with bcsId 109.
2019-07-14 04:32:16,323 INFO  interfaces.Container (KeyValueContainer.java:compactDB(356)) - Container 4 is closed with bcsId 109.
2019-07-14 04:32:16,334 INFO  interfaces.Container (KeyValueContainer.java:compactDB(356)) - Container 4 is closed with bcsId 109.
2019-07-14 04:32:17,289 INFO  interfaces.Container (KeyValueContainer.java:compactDB(356)) - Container 16 is closed with bcsId 97.
2019-07-14 04:32:17,297 INFO  interfaces.Container (KeyValueContainer.java:compactDB(356)) - Container 16 is closed with bcsId 97.
2019-07-14 04:32:17,301 INFO  interfaces.Container (KeyValueContainer.java:compactDB(356)) - Container 16 is closed with bcsId 97.
2019-07-14 04:32:17,324 INFO  interfaces.Container (KeyValueContainer.java:compactDB(356)) - Container 10 is closed with bcsId 113.
2019-07-14 04:32:17,328 INFO  interfaces.Container (KeyValueContainer.java:compactDB(356)) - Container 10 is closed with bcsId 113.
2019-07-14 04:32:17,340 INFO  interfaces.Container (KeyValueContainer.java:compactDB(356)) - Container 10 is closed with bcsId 113.
04:32:17.495 [grpc-default-executor-0] ERROR DNAudit - user=null | ip=null | op=WRITE_CHUNK {blockData=conID: 4 locID: 102437927960772634 bcsId: 109} | ret=FAILURE
org.apache.hadoop.hdds.scm.container.common.helpers.ContainerNotOpenException: Container 4 in CLOSED state
	at org.apache.hadoop.ozone.container.common.impl.HddsDispatcher.validateContainerCommand(HddsDispatcher.java:408) ~[hadoop-hdds-container-service-0.5.0-SNAPSHOT.jar:?]
	at org.apache.hadoop.ozone.container.common.transport.server.ratis.ContainerStateMachine.startTransaction(ContainerStateMachine.java:271) ~[hadoop-hdds-container-service-0.5.0-SNAPSHOT.jar:?]
	at org.apache.ratis.server.impl.RaftServerImpl.submitClientRequestAsync(RaftServerImpl.java:566) ~[ratis-server-0.4.0-2337318-SNAPSHOT.jar:0.4.0-2337318-SNAPSHOT]
	at org.apache.ratis.server.impl.RaftServerProxy.lambda$submitClientRequestAsync$7(RaftServerProxy.java:333) ~[ratis-server-0.4.0-2337318-SNAPSHOT.jar:0.4.0-2337318-SNAPSHOT]
	at org.apache.ratis.server.impl.RaftServerProxy.lambda$null$5(RaftServerProxy.java:328) ~[ratis-server-0.4.0-2337318-SNAPSHOT.jar:0.4.0-2337318-SNAPSHOT]
	at org.apache.ratis.util.JavaUtils.callAsUnchecked(JavaUtils.java:109) ~[ratis-common-0.4.0-2337318-SNAPSHOT.jar:0.4.0-2337318-SNAPSHOT]
	at org.apache.ratis.server.impl.RaftServerProxy.lambda$submitRequest$6(RaftServerProxy.java:328) ~[ratis-server-0.4.0-2337318-SNAPSHOT.jar:0.4.0-2337318-SNAPSHOT]
	at java.util.concurrent.CompletableFuture.uniComposeStage(CompletableFuture.java:981) ~[?:1.8.0_212]
	at java.util.concurrent.CompletableFuture.thenCompose(CompletableFuture.java:2124) ~[?:1.8.0_212]
	at org.apache.ratis.server.impl.RaftServerProxy.submitRequest(RaftServerProxy.java:327) ~[ratis-server-0.4.0-2337318-SNAPSHOT.jar:0.4.0-2337318-SNAPSHOT]
	at org.apache.ratis.server.impl.RaftServerProxy.submitClientRequestAsync(RaftServerProxy.java:333) ~[ratis-server-0.4.0-2337318-SNAPSHOT.jar:0.4.0-2337318-SNAPSHOT]
	at org.apache.ratis.grpc.client.GrpcClientProtocolService$RequestStreamObserver.processClientRequest(GrpcClientProtocolService.java:220) ~[ratis-grpc-0.4.0-2337318-SNAPSHOT.jar:0.4.0-2337318-SNAPSHOT]
	at org.apache.ratis.grpc.client.GrpcClientProtocolService$OrderedRequestStreamObserver.processClientRequest(GrpcClientProtocolService.java:326) ~[ratis-grpc-0.4.0-2337318-SNAPSHOT.jar:0.4.0-2337318-SNAPSHOT]
	at org.apache.ratis.util.SlidingWindow$Server.processRequestsFromHead(SlidingWindow.java:429) [ratis-common-0.4.0-2337318-SNAPSHOT.jar:0.4.0-2337318-SNAPSHOT]
	at org.apache.ratis.util.SlidingWindow$Server.receivedRequest(SlidingWindow.java:421) [ratis-common-0.4.0-2337318-SNAPSHOT.jar:0.4.0-2337318-SNAPSHOT]
	at org.apache.ratis.grpc.client.GrpcClientProtocolService$OrderedRequestStreamObserver.processClientRequest(GrpcClientProtocolService.java:345) [ratis-grpc-0.4.0-2337318-SNAPSHOT.jar:0.4.0-2337318-SNAPSHOT]
	at org.apache.ratis.grpc.client.GrpcClientProtocolService$RequestStreamObserver.onNext(GrpcClientProtocolService.java:240) [ratis-grpc-0.4.0-2337318-SNAPSHOT.jar:0.4.0-2337318-SNAPSHOT]
	at org.apache.ratis.grpc.client.GrpcClientProtocolService$RequestStreamObserver.onNext(GrpcClientProtocolService.java:168) [ratis-grpc-0.4.0-2337318-SNAPSHOT.jar:0.4.0-2337318-SNAPSHOT]
	at org.apache.ratis.thirdparty.io.grpc.stub.ServerCalls$StreamingServerCallHandler$StreamingServerCallListener.onMessage(ServerCalls.java:248) [ratis-thirdparty-misc-0.2.0.jar:0.2.0]
	at org.apache.ratis.thirdparty.io.grpc.internal.ServerCallImpl$ServerStreamListenerImpl.messagesAvailable(ServerCallImpl.java:263) [ratis-thirdparty-misc-0.2.0.jar:0.2.0]
	at org.apache.ratis.thirdparty.io.grpc.internal.ServerImpl$JumpToApplicationThreadServerStreamListener$1MessagesAvailable.runInContext(ServerImpl.java:686) [ratis-thirdparty-misc-0.2.0.jar:0.2.0]
	at org.apache.ratis.thirdparty.io.grpc.internal.ContextRunnable.run(ContextRunnable.java:37) [ratis-thirdparty-misc-0.2.0.jar:0.2.0]
	at org.apache.ratis.thirdparty.io.grpc.internal.SerializingExecutor.run(SerializingExecutor.java:123) [ratis-thirdparty-misc-0.2.0.jar:0.2.0]
	at java.util.concurrent.ThreadPoolExecutor.runWorker(ThreadPoolExecutor.java:1149) [?:1.8.0_212]
	at java.util.concurrent.ThreadPoolExecutor$Worker.run(ThreadPoolExecutor.java:624) [?:1.8.0_212]
	at java.lang.Thread.run(Thread.java:748) [?:1.8.0_212]
04:32:17.503 [grpc-default-executor-0] ERROR DNAudit - user=null | ip=null | op=PUT_BLOCK {blockData=[blockId=conID: 4 locID: 102437927960772634 bcsId: 0,size=2097152]} | ret=FAILURE
org.apache.hadoop.hdds.scm.container.common.helpers.ContainerNotOpenException: Container 4 in CLOSED state
	at org.apache.hadoop.ozone.container.common.impl.HddsDispatcher.validateContainerCommand(HddsDispatcher.java:408) ~[hadoop-hdds-container-service-0.5.0-SNAPSHOT.jar:?]
	at org.apache.hadoop.ozone.container.common.transport.server.ratis.ContainerStateMachine.startTransaction(ContainerStateMachine.java:271) ~[hadoop-hdds-container-service-0.5.0-SNAPSHOT.jar:?]
	at org.apache.ratis.server.impl.RaftServerImpl.submitClientRequestAsync(RaftServerImpl.java:566) ~[ratis-server-0.4.0-2337318-SNAPSHOT.jar:0.4.0-2337318-SNAPSHOT]
	at org.apache.ratis.server.impl.RaftServerProxy.lambda$submitClientRequestAsync$7(RaftServerProxy.java:333) ~[ratis-server-0.4.0-2337318-SNAPSHOT.jar:0.4.0-2337318-SNAPSHOT]
	at org.apache.ratis.server.impl.RaftServerProxy.lambda$null$5(RaftServerProxy.java:328) ~[ratis-server-0.4.0-2337318-SNAPSHOT.jar:0.4.0-2337318-SNAPSHOT]
	at org.apache.ratis.util.JavaUtils.callAsUnchecked(JavaUtils.java:109) ~[ratis-common-0.4.0-2337318-SNAPSHOT.jar:0.4.0-2337318-SNAPSHOT]
	at org.apache.ratis.server.impl.RaftServerProxy.lambda$submitRequest$6(RaftServerProxy.java:328) ~[ratis-server-0.4.0-2337318-SNAPSHOT.jar:0.4.0-2337318-SNAPSHOT]
	at java.util.concurrent.CompletableFuture.uniComposeStage(CompletableFuture.java:981) ~[?:1.8.0_212]
	at java.util.concurrent.CompletableFuture.thenCompose(CompletableFuture.java:2124) ~[?:1.8.0_212]
	at org.apache.ratis.server.impl.RaftServerProxy.submitRequest(RaftServerProxy.java:327) ~[ratis-server-0.4.0-2337318-SNAPSHOT.jar:0.4.0-2337318-SNAPSHOT]
	at org.apache.ratis.server.impl.RaftServerProxy.submitClientRequestAsync(RaftServerProxy.java:333) ~[ratis-server-0.4.0-2337318-SNAPSHOT.jar:0.4.0-2337318-SNAPSHOT]
	at org.apache.ratis.grpc.client.GrpcClientProtocolService$RequestStreamObserver.processClientRequest(GrpcClientProtocolService.java:220) ~[ratis-grpc-0.4.0-2337318-SNAPSHOT.jar:0.4.0-2337318-SNAPSHOT]
	at org.apache.ratis.grpc.client.GrpcClientProtocolService$OrderedRequestStreamObserver.processClientRequest(GrpcClientProtocolService.java:326) ~[ratis-grpc-0.4.0-2337318-SNAPSHOT.jar:0.4.0-2337318-SNAPSHOT]
	at org.apache.ratis.util.SlidingWindow$Server.processRequestsFromHead(SlidingWindow.java:429) [ratis-common-0.4.0-2337318-SNAPSHOT.jar:0.4.0-2337318-SNAPSHOT]
	at org.apache.ratis.util.SlidingWindow$Server.receivedRequest(SlidingWindow.java:421) [ratis-common-0.4.0-2337318-SNAPSHOT.jar:0.4.0-2337318-SNAPSHOT]
	at org.apache.ratis.grpc.client.GrpcClientProtocolService$OrderedRequestStreamObserver.processClientRequest(GrpcClientProtocolService.java:345) [ratis-grpc-0.4.0-2337318-SNAPSHOT.jar:0.4.0-2337318-SNAPSHOT]
	at org.apache.ratis.grpc.client.GrpcClientProtocolService$RequestStreamObserver.onNext(GrpcClientProtocolService.java:240) [ratis-grpc-0.4.0-2337318-SNAPSHOT.jar:0.4.0-2337318-SNAPSHOT]
	at org.apache.ratis.grpc.client.GrpcClientProtocolService$RequestStreamObserver.onNext(GrpcClientProtocolService.java:168) [ratis-grpc-0.4.0-2337318-SNAPSHOT.jar:0.4.0-2337318-SNAPSHOT]
	at org.apache.ratis.thirdparty.io.grpc.stub.ServerCalls$StreamingServerCallHandler$StreamingServerCallListener.onMessage(ServerCalls.java:248) [ratis-thirdparty-misc-0.2.0.jar:0.2.0]
	at org.apache.ratis.thirdparty.io.grpc.internal.ServerCallImpl$ServerStreamListenerImpl.messagesAvailable(ServerCallImpl.java:263) [ratis-thirdparty-misc-0.2.0.jar:0.2.0]
	at org.apache.ratis.thirdparty.io.grpc.internal.ServerImpl$JumpToApplicationThreadServerStreamListener$1MessagesAvailable.runInContext(ServerImpl.java:686) [ratis-thirdparty-misc-0.2.0.jar:0.2.0]
	at org.apache.ratis.thirdparty.io.grpc.internal.ContextRunnable.run(ContextRunnable.java:37) [ratis-thirdparty-misc-0.2.0.jar:0.2.0]
	at org.apache.ratis.thirdparty.io.grpc.internal.SerializingExecutor.run(SerializingExecutor.java:123) [ratis-thirdparty-misc-0.2.0.jar:0.2.0]
	at java.util.concurrent.ThreadPoolExecutor.runWorker(ThreadPoolExecutor.java:1149) [?:1.8.0_212]
	at java.util.concurrent.ThreadPoolExecutor$Worker.run(ThreadPoolExecutor.java:624) [?:1.8.0_212]
	at java.lang.Thread.run(Thread.java:748) [?:1.8.0_212]
2019-07-14 04:32:17,504 INFO  client.GrpcClientProtocolClient (GrpcClientProtocolClient.java:onNext(255)) - client-6E663B4EDC22->a3c2c22c-63c3-4393-9cc5-d0f3199441a0: receive RaftClientReply:client-6E663B4EDC22->a3c2c22c-63c3-4393-9cc5-d0f3199441a0@group-339F621537D4, cid=152, FAILED org.apache.ratis.protocol.StateMachineException: org.apache.hadoop.hdds.scm.container.common.helpers.ContainerNotOpenException from Server a3c2c22c-63c3-4393-9cc5-d0f3199441a0: Container 4 in CLOSED state, logIndex=0, commits[a3c2c22c-63c3-4393-9cc5-d0f3199441a0:c115, 9e73fbb7-ac7c-4586-b557-95e629bce8e9:c114, 6c5654d4-b68b-4990-ae23-e5ea3909aeb5:c114]
2019-07-14 04:32:17,511 INFO  client.GrpcClientProtocolClient (GrpcClientProtocolClient.java:onNext(255)) - client-6E663B4EDC22->a3c2c22c-63c3-4393-9cc5-d0f3199441a0: receive RaftClientReply:client-6E663B4EDC22->a3c2c22c-63c3-4393-9cc5-d0f3199441a0@group-339F621537D4, cid=153, FAILED org.apache.ratis.protocol.StateMachineException: org.apache.hadoop.hdds.scm.container.common.helpers.ContainerNotOpenException from Server a3c2c22c-63c3-4393-9cc5-d0f3199441a0: Container 4 in CLOSED state, logIndex=0, commits[a3c2c22c-63c3-4393-9cc5-d0f3199441a0:c115, 9e73fbb7-ac7c-4586-b557-95e629bce8e9:c114, 6c5654d4-b68b-4990-ae23-e5ea3909aeb5:c114]
2019-07-14 04:32:17,602 INFO  client.GrpcClientProtocolClient (GrpcClientProtocolClient.java:onNext(255)) - client-BE4C7E4DFDDC->4b848755-ec7d-41fe-ad2c-918441e7cc49: receive RaftClientReply:client-BE4C7E4DFDDC->4b848755-ec7d-41fe-ad2c-918441e7cc49@group-AF8385457FB2, cid=154, SUCCESS, logIndex=120, commits[4b848755-ec7d-41fe-ad2c-918441e7cc49:c123, 32916481-1fc8-4c47-883e-a397dbd42f32:c119, 31ff6b63-f2c0-4895-83c0-1f591020bcf1:c119]
2019-07-14 04:32:17,668 INFO  client.GrpcClientProtocolClient (GrpcClientProtocolClient.java:onNext(255)) - client-BE4C7E4DFDDC->4b848755-ec7d-41fe-ad2c-918441e7cc49: receive RaftClientReply:client-BE4C7E4DFDDC->4b848755-ec7d-41fe-ad2c-918441e7cc49@group-AF8385457FB2, cid=155, SUCCESS, logIndex=121, commits[4b848755-ec7d-41fe-ad2c-918441e7cc49:c126, 32916481-1fc8-4c47-883e-a397dbd42f32:c123, 31ff6b63-f2c0-4895-83c0-1f591020bcf1:c123]
2019-07-14 04:32:17,669 INFO  client.GrpcClientProtocolClient (GrpcClientProtocolClient.java:onNext(255)) - client-BE4C7E4DFDDC->4b848755-ec7d-41fe-ad2c-918441e7cc49: receive RaftClientReply:client-BE4C7E4DFDDC->4b848755-ec7d-41fe-ad2c-918441e7cc49@group-AF8385457FB2, cid=156, SUCCESS, logIndex=122, commits[4b848755-ec7d-41fe-ad2c-918441e7cc49:c126, 32916481-1fc8-4c47-883e-a397dbd42f32:c123, 31ff6b63-f2c0-4895-83c0-1f591020bcf1:c123]
2019-07-14 04:32:17,738 INFO  client.GrpcClientProtocolClient (GrpcClientProtocolClient.java:onNext(255)) - client-BE4C7E4DFDDC->4b848755-ec7d-41fe-ad2c-918441e7cc49: receive RaftClientReply:client-BE4C7E4DFDDC->4b848755-ec7d-41fe-ad2c-918441e7cc49@group-AF8385457FB2, cid=157, SUCCESS, logIndex=123, commits[4b848755-ec7d-41fe-ad2c-918441e7cc49:c126, 32916481-1fc8-4c47-883e-a397dbd42f32:c123, 31ff6b63-f2c0-4895-83c0-1f591020bcf1:c123]
2019-07-14 04:32:17,767 INFO  client.GrpcClientProtocolClient (GrpcClientProtocolClient.java:onNext(255)) - client-BE4C7E4DFDDC->4b848755-ec7d-41fe-ad2c-918441e7cc49: receive RaftClientReply:client-BE4C7E4DFDDC->4b848755-ec7d-41fe-ad2c-918441e7cc49@group-AF8385457FB2, cid=158, SUCCESS, logIndex=127, commits[4b848755-ec7d-41fe-ad2c-918441e7cc49:c130, 32916481-1fc8-4c47-883e-a397dbd42f32:c126, 31ff6b63-f2c0-4895-83c0-1f591020bcf1:c126]
2019-07-14 04:32:17,768 INFO  client.GrpcClientProtocolClient (GrpcClientProtocolClient.java:onNext(255)) - client-BE4C7E4DFDDC->4b848755-ec7d-41fe-ad2c-918441e7cc49: receive RaftClientReply:client-BE4C7E4DFDDC->4b848755-ec7d-41fe-ad2c-918441e7cc49@group-AF8385457FB2, cid=159, SUCCESS, logIndex=128, commits[4b848755-ec7d-41fe-ad2c-918441e7cc49:c130, 32916481-1fc8-4c47-883e-a397dbd42f32:c126, 31ff6b63-f2c0-4895-83c0-1f591020bcf1:c126]
2019-07-14 04:32:17,769 INFO  client.GrpcClientProtocolClient (GrpcClientProtocolClient.java:onNext(255)) - client-BE4C7E4DFDDC->4b848755-ec7d-41fe-ad2c-918441e7cc49: receive RaftClientReply:client-BE4C7E4DFDDC->4b848755-ec7d-41fe-ad2c-918441e7cc49@group-AF8385457FB2, cid=160, SUCCESS, logIndex=129, commits[4b848755-ec7d-41fe-ad2c-918441e7cc49:c130, 32916481-1fc8-4c47-883e-a397dbd42f32:c126, 31ff6b63-f2c0-4895-83c0-1f591020bcf1:c126]
2019-07-14 04:32:17,769 INFO  client.GrpcClientProtocolClient (GrpcClientProtocolClient.java:onNext(255)) - client-BE4C7E4DFDDC->4b848755-ec7d-41fe-ad2c-918441e7cc49: receive RaftClientReply:client-BE4C7E4DFDDC->4b848755-ec7d-41fe-ad2c-918441e7cc49@group-AF8385457FB2, cid=161, SUCCESS, logIndex=130, commits[4b848755-ec7d-41fe-ad2c-918441e7cc49:c130, 32916481-1fc8-4c47-883e-a397dbd42f32:c126, 31ff6b63-f2c0-4895-83c0-1f591020bcf1:c126]
2019-07-14 04:32:17,778 INFO  client.GrpcClientProtocolClient (GrpcClientProtocolClient.java:onNext(255)) - client-BE4C7E4DFDDC->4b848755-ec7d-41fe-ad2c-918441e7cc49: receive RaftClientReply:client-BE4C7E4DFDDC->4b848755-ec7d-41fe-ad2c-918441e7cc49@group-AF8385457FB2, cid=162, SUCCESS, logIndex=0, commits[4b848755-ec7d-41fe-ad2c-918441e7cc49:c131, 32916481-1fc8-4c47-883e-a397dbd42f32:c128, 31ff6b63-f2c0-4895-83c0-1f591020bcf1:c128]
2019-07-14 04:32:17,782 INFO  client.GrpcClientProtocolClient (GrpcClientProtocolClient.java:onNext(255)) - client-BE4C7E4DFDDC->4b848755-ec7d-41fe-ad2c-918441e7cc49: receive RaftClientReply:client-BE4C7E4DFDDC->4b848755-ec7d-41fe-ad2c-918441e7cc49@group-AF8385457FB2, cid=163, SUCCESS, logIndex=0, commits[4b848755-ec7d-41fe-ad2c-918441e7cc49:c133, 32916481-1fc8-4c47-883e-a397dbd42f32:c130, 31ff6b63-f2c0-4895-83c0-1f591020bcf1:c130]
2019-07-14 04:32:17,809 INFO  pipeline.Pipeline (Pipeline.java:getProtobufMessage(195)) - Serialize pipeline PipelineID=dba2a23a-cb18-4ea1-8bc5-af8385457fb2 with nodesInOrder{ }
]]></system-out>
  </testcase>
  <testcase name="testDiscardPreallocatedBlocks" classname="org.apache.hadoop.ozone.client.rpc.TestCloseContainerHandlingByClient" time="0">
    <skipped/>
  </testcase>
</testsuite>