<?xml version="1.0" encoding="UTF-8"?>
<testsuite xmlns:xsi="http://www.w3.org/2001/XMLSchema-instance" xsi:noNamespaceSchemaLocation="https://maven.apache.org/surefire/maven-surefire-plugin/xsd/surefire-test-report.xsd" name="org.apache.hadoop.ozone.client.rpc.Test2WayCommitInRatis" time="33.36" tests="1" errors="1" skipped="0" failures="0">
  <properties>
    <property name="awt.toolkit" value="sun.awt.X11.XToolkit"/>
    <property name="file.encoding.pkg" value="sun.io"/>
    <property name="java.specification.version" value="1.8"/>
    <property name="sun.cpu.isalist" value=""/>
    <property name="sun.jnu.encoding" value="UTF-8"/>
    <property name="java.class.path" value="/workdir/hadoop-ozone/integration-test/target/test-classes:/workdir/hadoop-ozone/integration-test/target/classes:/home/user/.m2/repository/org/apache/hadoop/hadoop-ozone-common/0.4.1-SNAPSHOT/hadoop-ozone-common-0.4.1-SNAPSHOT.jar:/home/user/.m2/repository/org/apache/commons/commons-compress/1.4.1/commons-compress-1.4.1.jar:/home/user/.m2/repository/org/tukaani/xz/1.0/xz-1.0.jar:/home/user/.m2/repository/org/apache/hadoop/hadoop-common/3.2.0/hadoop-common-3.2.0.jar:/home/user/.m2/repository/org/apache/hadoop/hadoop-hdfs/3.2.0/hadoop-hdfs-3.2.0.jar:/home/user/.m2/repository/org/apache/hadoop/hadoop-hdfs-client/3.2.0/hadoop-hdfs-client-3.2.0.jar:/home/user/.m2/repository/com/fasterxml/jackson/core/jackson-annotations/2.9.5/jackson-annotations-2.9.5.jar:/home/user/.m2/repository/org/apache/hadoop/hadoop-hdds-common/0.4.1-SNAPSHOT/hadoop-hdds-common-0.4.1-SNAPSHOT.jar:/home/user/.m2/repository/javax/annotation/javax.annotation-api/1.2/javax.annotation-api-1.2.jar:/home/user/.m2/repository/org/apache/ratis/ratis-server/0.4.0-2337318-SNAPSHOT/ratis-server-0.4.0-2337318-SNAPSHOT.jar:/home/user/.m2/repository/org/apache/ratis/ratis-thirdparty-misc/0.2.0/ratis-thirdparty-misc-0.2.0.jar:/home/user/.m2/repository/org/apache/ratis/ratis-proto/0.4.0-2337318-SNAPSHOT/ratis-proto-0.4.0-2337318-SNAPSHOT.jar:/home/user/.m2/repository/org/apache/ratis/ratis-common/0.4.0-2337318-SNAPSHOT/ratis-common-0.4.0-2337318-SNAPSHOT.jar:/home/user/.m2/repository/org/apache/ratis/ratis-client/0.4.0-2337318-SNAPSHOT/ratis-client-0.4.0-2337318-SNAPSHOT.jar:/home/user/.m2/repository/org/apache/ratis/ratis-metrics/0.4.0-2337318-SNAPSHOT/ratis-metrics-0.4.0-2337318-SNAPSHOT.jar:/home/user/.m2/repository/org/apache/ratis/ratis-netty/0.4.0-2337318-SNAPSHOT/ratis-netty-0.4.0-2337318-SNAPSHOT.jar:/home/user/.m2/repository/org/apache/ratis/ratis-grpc/0.4.0-2337318-SNAPSHOT/ratis-grpc-0.4.0-2337318-SNAPSHOT.jar:/home/user/.m2/repository/org/rocksdb/rocksdbjni/6.0.1/rocksdbjni-6.0.1.jar:/home/user/.m2/repository/org/apache/logging/log4j/log4j-api/2.11.0/log4j-api-2.11.0.jar:/home/user/.m2/repository/org/apache/logging/log4j/log4j-core/2.11.0/log4j-core-2.11.0.jar:/home/user/.m2/repository/com/lmax/disruptor/3.4.2/disruptor-3.4.2.jar:/home/user/.m2/repository/org/apache/commons/commons-pool2/2.6.0/commons-pool2-2.6.0.jar:/home/user/.m2/repository/org/bouncycastle/bcpkix-jdk15on/1.60/bcpkix-jdk15on-1.60.jar:/home/user/.m2/repository/commons-validator/commons-validator/1.6/commons-validator-1.6.jar:/home/user/.m2/repository/commons-digester/commons-digester/1.8.1/commons-digester-1.8.1.jar:/home/user/.m2/repository/io/jaegertracing/jaeger-client/0.33.1/jaeger-client-0.33.1.jar:/home/user/.m2/repository/io/jaegertracing/jaeger-thrift/0.33.1/jaeger-thrift-0.33.1.jar:/home/user/.m2/repository/org/apache/thrift/libthrift/0.11.0/libthrift-0.11.0.jar:/home/user/.m2/repository/com/squareup/okhttp3/okhttp/3.9.0/okhttp-3.9.0.jar:/home/user/.m2/repository/com/squareup/okio/okio/1.13.0/okio-1.13.0.jar:/home/user/.m2/repository/io/jaegertracing/jaeger-core/0.33.1/jaeger-core-0.33.1.jar:/home/user/.m2/repository/io/jaegertracing/jaeger-tracerresolver/0.33.1/jaeger-tracerresolver-0.33.1.jar:/home/user/.m2/repository/io/opentracing/contrib/opentracing-tracerresolver/0.1.5/opentracing-tracerresolver-0.1.5.jar:/home/user/.m2/repository/io/opentracing/opentracing-util/0.31.0/opentracing-util-0.31.0.jar:/home/user/.m2/repository/io/opentracing/opentracing-api/0.31.0/opentracing-api-0.31.0.jar:/home/user/.m2/repository/io/opentracing/opentracing-noop/0.31.0/opentracing-noop-0.31.0.jar:/home/user/.m2/repository/org/apache/hadoop/hadoop-hdds-server-framework/0.4.1-SNAPSHOT/hadoop-hdds-server-framework-0.4.1-SNAPSHOT.jar:/home/user/.m2/repository/org/apache/hadoop/hadoop-hdds-container-service/0.4.1-SNAPSHOT/hadoop-hdds-container-service-0.4.1-SNAPSHOT.jar:/home/user/.m2/repository/org/apache/hadoop/hadoop-hdds-client/0.4.1-SNAPSHOT/hadoop-hdds-client-0.4.1-SNAPSHOT.jar:/home/user/.m2/repository/org/apache/hadoop/hadoop-hdds-tools/0.4.1-SNAPSHOT/hadoop-hdds-tools-0.4.1-SNAPSHOT.jar:/home/user/.m2/repository/org/apache/hadoop/hadoop-hdds-server-scm/0.4.1-SNAPSHOT/hadoop-hdds-server-scm-0.4.1-SNAPSHOT.jar:/home/user/.m2/repository/org/apache/hadoop/hadoop-hdds-docs/0.4.1-SNAPSHOT/hadoop-hdds-docs-0.4.1-SNAPSHOT.jar:/home/user/.m2/repository/io/dropwizard/metrics/metrics-core/3.2.4/metrics-core-3.2.4.jar:/home/user/.m2/repository/org/hamcrest/hamcrest-all/1.3/hamcrest-all-1.3.jar:/home/user/.m2/repository/org/bouncycastle/bcprov-jdk15on/1.60/bcprov-jdk15on-1.60.jar:/home/user/.m2/repository/info/picocli/picocli/3.9.6/picocli-3.9.6.jar:/home/user/.m2/repository/com/google/protobuf/protobuf-java/2.5.0/protobuf-java-2.5.0.jar:/home/user/.m2/repository/com/google/guava/guava/11.0.2/guava-11.0.2.jar:/home/user/.m2/repository/org/apache/hadoop/hadoop-ozone-ozone-manager/0.4.1-SNAPSHOT/hadoop-ozone-ozone-manager-0.4.1-SNAPSHOT.jar:/home/user/.m2/repository/org/apache/hadoop/hadoop-minikdc/3.2.0/hadoop-minikdc-3.2.0.jar:/home/user/.m2/repository/commons-io/commons-io/2.5/commons-io-2.5.jar:/home/user/.m2/repository/org/apache/kerby/kerb-simplekdc/1.0.1/kerb-simplekdc-1.0.1.jar:/home/user/.m2/repository/org/apache/kerby/kerb-client/1.0.1/kerb-client-1.0.1.jar:/home/user/.m2/repository/org/apache/kerby/kerby-config/1.0.1/kerby-config-1.0.1.jar:/home/user/.m2/repository/org/apache/kerby/kerb-core/1.0.1/kerb-core-1.0.1.jar:/home/user/.m2/repository/org/apache/kerby/kerby-pkix/1.0.1/kerby-pkix-1.0.1.jar:/home/user/.m2/repository/org/apache/kerby/kerby-asn1/1.0.1/kerby-asn1-1.0.1.jar:/home/user/.m2/repository/org/apache/kerby/kerby-util/1.0.1/kerby-util-1.0.1.jar:/home/user/.m2/repository/org/apache/kerby/kerb-common/1.0.1/kerb-common-1.0.1.jar:/home/user/.m2/repository/org/apache/kerby/kerb-crypto/1.0.1/kerb-crypto-1.0.1.jar:/home/user/.m2/repository/org/apache/kerby/kerb-util/1.0.1/kerb-util-1.0.1.jar:/home/user/.m2/repository/org/apache/kerby/token-provider/1.0.1/token-provider-1.0.1.jar:/home/user/.m2/repository/org/apache/kerby/kerb-admin/1.0.1/kerb-admin-1.0.1.jar:/home/user/.m2/repository/org/apache/kerby/kerb-server/1.0.1/kerb-server-1.0.1.jar:/home/user/.m2/repository/org/apache/kerby/kerb-identity/1.0.1/kerb-identity-1.0.1.jar:/home/user/.m2/repository/org/apache/kerby/kerby-xdr/1.0.1/kerby-xdr-1.0.1.jar:/home/user/.m2/repository/org/slf4j/slf4j-log4j12/1.7.25/slf4j-log4j12-1.7.25.jar:/home/user/.m2/repository/org/apache/hadoop/hadoop-ozone-objectstore-service/0.4.1-SNAPSHOT/hadoop-ozone-objectstore-service-0.4.1-SNAPSHOT.jar:/home/user/.m2/repository/org/apache/hadoop/hadoop-ozone-s3gateway/0.4.1-SNAPSHOT/hadoop-ozone-s3gateway-0.4.1-SNAPSHOT.jar:/home/user/.m2/repository/org/jboss/weld/servlet/weld-servlet/2.4.7.Final/weld-servlet-2.4.7.Final.jar:/home/user/.m2/repository/org/glassfish/jersey/containers/jersey-container-servlet-core/2.27/jersey-container-servlet-core-2.27.jar:/home/user/.m2/repository/org/glassfish/hk2/external/javax.inject/2.5.0-b42/javax.inject-2.5.0-b42.jar:/home/user/.m2/repository/org/glassfish/jersey/core/jersey-common/2.27/jersey-common-2.27.jar:/home/user/.m2/repository/org/glassfish/hk2/osgi-resource-locator/1.0.1/osgi-resource-locator-1.0.1.jar:/home/user/.m2/repository/javax/ws/rs/javax.ws.rs-api/2.1/javax.ws.rs-api-2.1.jar:/home/user/.m2/repository/org/glassfish/jersey/ext/cdi/jersey-cdi1x/2.27/jersey-cdi1x-2.27.jar:/home/user/.m2/repository/org/glassfish/jersey/inject/jersey-hk2/2.27/jersey-hk2-2.27.jar:/home/user/.m2/repository/org/glassfish/hk2/hk2-locator/2.5.0-b42/hk2-locator-2.5.0-b42.jar:/home/user/.m2/repository/org/javassist/javassist/3.22.0-CR2/javassist-3.22.0-CR2.jar:/home/user/.m2/repository/org/glassfish/hk2/hk2-api/2.5.0/hk2-api-2.5.0.jar:/home/user/.m2/repository/org/glassfish/hk2/external/jakarta.inject/2.5.0/jakarta.inject-2.5.0.jar:/home/user/.m2/repository/org/glassfish/hk2/hk2-utils/2.5.0/hk2-utils-2.5.0.jar:/home/user/.m2/repository/jakarta/annotation/jakarta.annotation-api/1.3.4/jakarta.annotation-api-1.3.4.jar:/home/user/.m2/repository/org/glassfish/hk2/external/aopalliance-repackaged/2.5.0/aopalliance-repackaged-2.5.0.jar:/home/user/.m2/repository/com/fasterxml/jackson/dataformat/jackson-dataformat-xml/2.9.0/jackson-dataformat-xml-2.9.0.jar:/home/user/.m2/repository/com/fasterxml/jackson/core/jackson-core/2.9.5/jackson-core-2.9.5.jar:/home/user/.m2/repository/com/fasterxml/jackson/module/jackson-module-jaxb-annotations/2.9.5/jackson-module-jaxb-annotations-2.9.5.jar:/home/user/.m2/repository/javax/enterprise/cdi-api/1.2/cdi-api-1.2.jar:/home/user/.m2/repository/javax/el/javax.el-api/3.0.0/javax.el-api-3.0.0.jar:/home/user/.m2/repository/javax/interceptor/javax.interceptor-api/1.2/javax.interceptor-api-1.2.jar:/home/user/.m2/repository/javax/inject/javax.inject/1/javax.inject-1.jar:/home/user/.m2/repository/com/sun/xml/bind/jaxb-impl/2.3.0.1/jaxb-impl-2.3.0.1.jar:/home/user/.m2/repository/com/sun/xml/bind/jaxb-core/2.3.0.1/jaxb-core-2.3.0.1.jar:/home/user/.m2/repository/javax/xml/bind/jaxb-api/2.3.0/jaxb-api-2.3.0.jar:/home/user/.m2/repository/javax/activation/activation/1.1.1/activation-1.1.1.jar:/home/user/.m2/repository/org/apache/hadoop/hadoop-ozone-csi/0.4.1-SNAPSHOT/hadoop-ozone-csi-0.4.1-SNAPSHOT.jar:/home/user/.m2/repository/com/google/protobuf/protobuf-java-util/3.5.1/protobuf-java-util-3.5.1.jar:/home/user/.m2/repository/org/apache/hadoop/hadoop-hdds-config/0.4.1-SNAPSHOT/hadoop-hdds-config-0.4.1-SNAPSHOT.jar:/home/user/.m2/repository/io/grpc/grpc-netty/1.17.1/grpc-netty-1.17.1.jar:/home/user/.m2/repository/io/grpc/grpc-core/1.17.1/grpc-core-1.17.1.jar:/home/user/.m2/repository/io/grpc/grpc-context/1.17.1/grpc-context-1.17.1.jar:/home/user/.m2/repository/com/google/errorprone/error_prone_annotations/2.2.0/error_prone_annotations-2.2.0.jar:/home/user/.m2/repository/org/codehaus/mojo/animal-sniffer-annotations/1.17/animal-sniffer-annotations-1.17.jar:/home/user/.m2/repository/io/opencensus/opencensus-api/0.17.0/opencensus-api-0.17.0.jar:/home/user/.m2/repository/io/opencensus/opencensus-contrib-grpc-metrics/0.17.0/opencensus-contrib-grpc-metrics-0.17.0.jar:/home/user/.m2/repository/io/netty/netty-codec-http2/4.1.30.Final/netty-codec-http2-4.1.30.Final.jar:/home/user/.m2/repository/io/netty/netty-codec-http/4.1.30.Final/netty-codec-http-4.1.30.Final.jar:/home/user/.m2/repository/io/netty/netty-codec/4.1.30.Final/netty-codec-4.1.30.Final.jar:/home/user/.m2/repository/io/netty/netty-handler/4.1.30.Final/netty-handler-4.1.30.Final.jar:/home/user/.m2/repository/io/netty/netty-handler-proxy/4.1.30.Final/netty-handler-proxy-4.1.30.Final.jar:/home/user/.m2/repository/io/netty/netty-codec-socks/4.1.30.Final/netty-codec-socks-4.1.30.Final.jar:/home/user/.m2/repository/io/netty/netty-transport-native-epoll/4.1.30.Final/netty-transport-native-epoll-4.1.30.Final.jar:/home/user/.m2/repository/io/netty/netty-common/4.1.30.Final/netty-common-4.1.30.Final.jar:/home/user/.m2/repository/io/netty/netty-buffer/4.1.30.Final/netty-buffer-4.1.30.Final.jar:/home/user/.m2/repository/io/netty/netty-transport/4.1.30.Final/netty-transport-4.1.30.Final.jar:/home/user/.m2/repository/io/netty/netty-resolver/4.1.30.Final/netty-resolver-4.1.30.Final.jar:/home/user/.m2/repository/io/netty/netty-transport-native-unix-common/4.1.30.Final/netty-transport-native-unix-common-4.1.30.Final.jar:/home/user/.m2/repository/io/grpc/grpc-protobuf/1.17.1/grpc-protobuf-1.17.1.jar:/home/user/.m2/repository/com/google/api/grpc/proto-google-common-protos/1.0.0/proto-google-common-protos-1.0.0.jar:/home/user/.m2/repository/io/grpc/grpc-protobuf-lite/1.17.1/grpc-protobuf-lite-1.17.1.jar:/home/user/.m2/repository/io/grpc/grpc-stub/1.17.1/grpc-stub-1.17.1.jar:/home/user/.m2/repository/org/apache/hadoop/hadoop-ozone-recon/0.4.1-SNAPSHOT/hadoop-ozone-recon-0.4.1-SNAPSHOT.jar:/home/user/.m2/repository/org/apache/hadoop/hadoop-ozone-reconcodegen/0.4.1-SNAPSHOT/hadoop-ozone-reconcodegen-0.4.1-SNAPSHOT.jar:/home/user/.m2/repository/com/google/inject/extensions/guice-multibindings/4.0/guice-multibindings-4.0.jar:/home/user/.m2/repository/com/google/inject/guice/4.0/guice-4.0.jar:/home/user/.m2/repository/aopalliance/aopalliance/1.0/aopalliance-1.0.jar:/home/user/.m2/repository/com/google/inject/extensions/guice-servlet/4.0/guice-servlet-4.0.jar:/home/user/.m2/repository/org/glassfish/jersey/containers/jersey-container-servlet/2.27/jersey-container-servlet-2.27.jar:/home/user/.m2/repository/org/glassfish/hk2/guice-bridge/2.5.0/guice-bridge-2.5.0.jar:/home/user/.m2/repository/org/glassfish/jersey/core/jersey-server/2.27/jersey-server-2.27.jar:/home/user/.m2/repository/org/glassfish/jersey/core/jersey-client/2.27/jersey-client-2.27.jar:/home/user/.m2/repository/org/glassfish/jersey/media/jersey-media-jaxb/2.27/jersey-media-jaxb-2.27.jar:/home/user/.m2/repository/javax/validation/validation-api/1.1.0.Final/validation-api-1.1.0.Final.jar:/home/user/.m2/repository/org/glassfish/jersey/media/jersey-media-json-jackson/2.27/jersey-media-json-jackson-2.27.jar:/home/user/.m2/repository/org/glassfish/jersey/ext/jersey-entity-filtering/2.27/jersey-entity-filtering-2.27.jar:/home/user/.m2/repository/com/google/inject/extensions/guice-assistedinject/4.0/guice-assistedinject-4.0.jar:/home/user/.m2/repository/org/jooq/jooq/3.11.10/jooq-3.11.10.jar:/home/user/.m2/repository/org/jooq/jooq-meta/3.11.10/jooq-meta-3.11.10.jar:/home/user/.m2/repository/org/jooq/jooq-codegen/3.11.10/jooq-codegen-3.11.10.jar:/home/user/.m2/repository/com/jolbox/bonecp/0.8.0.RELEASE/bonecp-0.8.0.RELEASE.jar:/home/user/.m2/repository/org/xerial/sqlite-jdbc/3.25.2/sqlite-jdbc-3.25.2.jar:/home/user/.m2/repository/org/springframework/spring-jdbc/5.1.3.RELEASE/spring-jdbc-5.1.3.RELEASE.jar:/home/user/.m2/repository/org/springframework/spring-beans/5.1.3.RELEASE/spring-beans-5.1.3.RELEASE.jar:/home/user/.m2/repository/org/springframework/spring-core/5.1.3.RELEASE/spring-core-5.1.3.RELEASE.jar:/home/user/.m2/repository/org/springframework/spring-jcl/5.1.3.RELEASE/spring-jcl-5.1.3.RELEASE.jar:/home/user/.m2/repository/org/springframework/spring-tx/5.1.3.RELEASE/spring-tx-5.1.3.RELEASE.jar:/home/user/.m2/repository/org/apache/hadoop/hadoop-ozone-client/0.4.1-SNAPSHOT/hadoop-ozone-client-0.4.1-SNAPSHOT.jar:/home/user/.m2/repository/commons-lang/commons-lang/2.6/commons-lang-2.6.jar:/home/user/.m2/repository/org/apache/hadoop/hadoop-ozone-ozone-manager/0.4.1-SNAPSHOT/hadoop-ozone-ozone-manager-0.4.1-SNAPSHOT-tests.jar:/home/user/.m2/repository/junit/junit/4.11/junit-4.11.jar:/home/user/.m2/repository/org/hamcrest/hamcrest-core/1.3/hamcrest-core-1.3.jar:/home/user/.m2/repository/org/openjdk/jmh/jmh-core/1.19/jmh-core-1.19.jar:/home/user/.m2/repository/net/sf/jopt-simple/jopt-simple/4.6/jopt-simple-4.6.jar:/home/user/.m2/repository/org/apache/commons/commons-math3/3.1.1/commons-math3-3.1.1.jar:/home/user/.m2/repository/org/openjdk/jmh/jmh-generator-annprocess/1.19/jmh-generator-annprocess-1.19.jar:/home/user/.m2/repository/org/mockito/mockito-all/1.8.5/mockito-all-1.8.5.jar:/home/user/.m2/repository/org/apache/hadoop/hadoop-kms/3.2.0/hadoop-kms-3.2.0.jar:/home/user/.m2/repository/org/apache/hadoop/hadoop-auth/3.2.0/hadoop-auth-3.2.0.jar:/home/user/.m2/repository/com/nimbusds/nimbus-jose-jwt/4.41.1/nimbus-jose-jwt-4.41.1.jar:/home/user/.m2/repository/com/github/stephenc/jcip/jcip-annotations/1.0-1/jcip-annotations-1.0-1.jar:/home/user/.m2/repository/net/minidev/json-smart/2.3/json-smart-2.3.jar:/home/user/.m2/repository/net/minidev/accessors-smart/1.2/accessors-smart-1.2.jar:/home/user/.m2/repository/org/ow2/asm/asm/5.0.4/asm-5.0.4.jar:/home/user/.m2/repository/org/apache/curator/curator-framework/2.12.0/curator-framework-2.12.0.jar:/home/user/.m2/repository/com/sun/jersey/jersey-core/1.19/jersey-core-1.19.jar:/home/user/.m2/repository/javax/ws/rs/jsr311-api/1.1.1/jsr311-api-1.1.1.jar:/home/user/.m2/repository/com/sun/jersey/jersey-server/1.19/jersey-server-1.19.jar:/home/user/.m2/repository/javax/servlet/javax.servlet-api/3.1.0/javax.servlet-api-3.1.0.jar:/home/user/.m2/repository/org/eclipse/jetty/jetty-server/9.3.24.v20180605/jetty-server-9.3.24.v20180605.jar:/home/user/.m2/repository/org/eclipse/jetty/jetty-http/9.3.24.v20180605/jetty-http-9.3.24.v20180605.jar:/home/user/.m2/repository/org/eclipse/jetty/jetty-io/9.3.24.v20180605/jetty-io-9.3.24.v20180605.jar:/home/user/.m2/repository/org/eclipse/jetty/jetty-webapp/9.3.24.v20180605/jetty-webapp-9.3.24.v20180605.jar:/home/user/.m2/repository/org/eclipse/jetty/jetty-xml/9.3.24.v20180605/jetty-xml-9.3.24.v20180605.jar:/home/user/.m2/repository/log4j/log4j/1.2.17/log4j-1.2.17.jar:/home/user/.m2/repository/org/slf4j/slf4j-api/1.7.25/slf4j-api-1.7.25.jar:/home/user/.m2/repository/org/slf4j/jul-to-slf4j/1.7.25/jul-to-slf4j-1.7.25.jar:/home/user/.m2/repository/org/eclipse/jetty/jetty-util/9.3.24.v20180605/jetty-util-9.3.24.v20180605.jar:/home/user/.m2/repository/com/fasterxml/jackson/core/jackson-databind/2.9.5/jackson-databind-2.9.5.jar:/home/user/.m2/repository/org/apache/hadoop/hadoop-kms/3.2.0/hadoop-kms-3.2.0-tests.jar:/home/user/.m2/repository/org/apache/hadoop/hadoop-hdds-server-scm/0.4.1-SNAPSHOT/hadoop-hdds-server-scm-0.4.1-SNAPSHOT-tests.jar:/home/user/.m2/repository/org/apache/hadoop/hadoop-hdds-container-service/0.4.1-SNAPSHOT/hadoop-hdds-container-service-0.4.1-SNAPSHOT-tests.jar:/home/user/.m2/repository/org/yaml/snakeyaml/1.16/snakeyaml-1.16.jar:/home/user/.m2/repository/org/apache/hadoop/hadoop-common/3.2.0/hadoop-common-3.2.0-tests.jar:/home/user/.m2/repository/org/apache/hadoop/hadoop-annotations/3.2.0/hadoop-annotations-3.2.0.jar:/usr/lib/jvm/java-1.8-openjdk/jre/../lib/tools.jar:/home/user/.m2/repository/commons-cli/commons-cli/1.2/commons-cli-1.2.jar:/home/user/.m2/repository/org/apache/httpcomponents/httpclient/4.5.2/httpclient-4.5.2.jar:/home/user/.m2/repository/org/apache/httpcomponents/httpcore/4.4.4/httpcore-4.4.4.jar:/home/user/.m2/repository/commons-codec/commons-codec/1.11/commons-codec-1.11.jar:/home/user/.m2/repository/commons-net/commons-net/3.6/commons-net-3.6.jar:/home/user/.m2/repository/commons-collections/commons-collections/3.2.2/commons-collections-3.2.2.jar:/home/user/.m2/repository/org/eclipse/jetty/jetty-servlet/9.3.24.v20180605/jetty-servlet-9.3.24.v20180605.jar:/home/user/.m2/repository/org/eclipse/jetty/jetty-security/9.3.24.v20180605/jetty-security-9.3.24.v20180605.jar:/home/user/.m2/repository/javax/servlet/jsp/jsp-api/2.1/jsp-api-2.1.jar:/home/user/.m2/repository/com/sun/jersey/jersey-servlet/1.19/jersey-servlet-1.19.jar:/home/user/.m2/repository/com/sun/jersey/jersey-json/1.19/jersey-json-1.19.jar:/home/user/.m2/repository/org/codehaus/jettison/jettison/1.1/jettison-1.1.jar:/home/user/.m2/repository/org/codehaus/jackson/jackson-core-asl/1.9.13/jackson-core-asl-1.9.13.jar:/home/user/.m2/repository/org/codehaus/jackson/jackson-mapper-asl/1.9.13/jackson-mapper-asl-1.9.13.jar:/home/user/.m2/repository/org/codehaus/jackson/jackson-jaxrs/1.9.13/jackson-jaxrs-1.9.13.jar:/home/user/.m2/repository/org/codehaus/jackson/jackson-xc/1.9.13/jackson-xc-1.9.13.jar:/home/user/.m2/repository/commons-logging/commons-logging/1.1.3/commons-logging-1.1.3.jar:/home/user/.m2/repository/commons-beanutils/commons-beanutils/1.9.3/commons-beanutils-1.9.3.jar:/home/user/.m2/repository/org/apache/commons/commons-configuration2/2.1.1/commons-configuration2-2.1.1.jar:/home/user/.m2/repository/org/apache/commons/commons-lang3/3.7/commons-lang3-3.7.jar:/home/user/.m2/repository/org/apache/commons/commons-text/1.4/commons-text-1.4.jar:/home/user/.m2/repository/org/apache/avro/avro/1.7.7/avro-1.7.7.jar:/home/user/.m2/repository/com/thoughtworks/paranamer/paranamer/2.3/paranamer-2.3.jar:/home/user/.m2/repository/org/xerial/snappy/snappy-java/1.0.5/snappy-java-1.0.5.jar:/home/user/.m2/repository/com/google/re2j/re2j/1.1/re2j-1.1.jar:/home/user/.m2/repository/com/google/code/gson/gson/2.2.4/gson-2.2.4.jar:/home/user/.m2/repository/com/jcraft/jsch/0.1.54/jsch-0.1.54.jar:/home/user/.m2/repository/org/apache/curator/curator-client/2.12.0/curator-client-2.12.0.jar:/home/user/.m2/repository/org/apache/curator/curator-recipes/2.12.0/curator-recipes-2.12.0.jar:/home/user/.m2/repository/com/google/code/findbugs/jsr305/3.0.0/jsr305-3.0.0.jar:/home/user/.m2/repository/org/apache/htrace/htrace-core4/4.1.0-incubating/htrace-core4-4.1.0-incubating.jar:/home/user/.m2/repository/org/apache/zookeeper/zookeeper/3.4.13/zookeeper-3.4.13.jar:/home/user/.m2/repository/org/apache/yetus/audience-annotations/0.5.0/audience-annotations-0.5.0.jar:/home/user/.m2/repository/org/codehaus/woodstox/stax2-api/3.1.4/stax2-api-3.1.4.jar:/home/user/.m2/repository/com/fasterxml/woodstox/woodstox-core/5.0.3/woodstox-core-5.0.3.jar:/home/user/.m2/repository/dnsjava/dnsjava/2.1.7/dnsjava-2.1.7.jar:/home/user/.m2/repository/org/apache/hadoop/hadoop-hdfs/3.2.0/hadoop-hdfs-3.2.0-tests.jar:/home/user/.m2/repository/org/eclipse/jetty/jetty-util-ajax/9.3.24.v20180605/jetty-util-ajax-9.3.24.v20180605.jar:/home/user/.m2/repository/commons-daemon/commons-daemon/1.0.13/commons-daemon-1.0.13.jar:/home/user/.m2/repository/io/netty/netty/3.10.5.Final/netty-3.10.5.Final.jar:/home/user/.m2/repository/io/netty/netty-all/4.0.52.Final/netty-all-4.0.52.Final.jar:/home/user/.m2/repository/org/fusesource/leveldbjni/leveldbjni-all/1.8/leveldbjni-all-1.8.jar:"/>
    <property name="java.vm.vendor" value="IcedTea"/>
    <property name="sun.arch.data.model" value="64"/>
    <property name="test.build.dir" value="/workdir/hadoop-ozone/integration-test/target/test-dir"/>
    <property name="test.cache.data" value=""/>
    <property name="java.vendor.url" value="https://icedtea.classpath.org"/>
    <property name="user.timezone" value=""/>
    <property name="java.vm.specification.version" value="1.8"/>
    <property name="os.name" value="Linux"/>
    <property name="test.build.data" value="/workdir/hadoop-ozone/integration-test/target/test-dir"/>
    <property name="user.country" value="US"/>
    <property name="sun.java.launcher" value="SUN_STANDARD"/>
    <property name="sun.boot.library.path" value="/usr/lib/jvm/java-1.8-openjdk/jre/lib/amd64"/>
    <property name="sun.java.command" value="/workdir/hadoop-ozone/integration-test/target/surefire/surefirebooter1235376346237416072.jar /workdir/hadoop-ozone/integration-test/target/surefire 2019-07-30T10-42-38_076-jvmRun1 surefire2898337230669934798tmp surefire_431887679814435533301tmp"/>
    <property name="surefire.test.class.path" value="/workdir/hadoop-ozone/integration-test/target/test-classes:/workdir/hadoop-ozone/integration-test/target/classes:/home/user/.m2/repository/org/apache/hadoop/hadoop-ozone-common/0.4.1-SNAPSHOT/hadoop-ozone-common-0.4.1-SNAPSHOT.jar:/home/user/.m2/repository/org/apache/commons/commons-compress/1.4.1/commons-compress-1.4.1.jar:/home/user/.m2/repository/org/tukaani/xz/1.0/xz-1.0.jar:/home/user/.m2/repository/org/apache/hadoop/hadoop-common/3.2.0/hadoop-common-3.2.0.jar:/home/user/.m2/repository/org/apache/hadoop/hadoop-hdfs/3.2.0/hadoop-hdfs-3.2.0.jar:/home/user/.m2/repository/org/apache/hadoop/hadoop-hdfs-client/3.2.0/hadoop-hdfs-client-3.2.0.jar:/home/user/.m2/repository/com/fasterxml/jackson/core/jackson-annotations/2.9.5/jackson-annotations-2.9.5.jar:/home/user/.m2/repository/org/apache/hadoop/hadoop-hdds-common/0.4.1-SNAPSHOT/hadoop-hdds-common-0.4.1-SNAPSHOT.jar:/home/user/.m2/repository/javax/annotation/javax.annotation-api/1.2/javax.annotation-api-1.2.jar:/home/user/.m2/repository/org/apache/ratis/ratis-server/0.4.0-2337318-SNAPSHOT/ratis-server-0.4.0-2337318-SNAPSHOT.jar:/home/user/.m2/repository/org/apache/ratis/ratis-thirdparty-misc/0.2.0/ratis-thirdparty-misc-0.2.0.jar:/home/user/.m2/repository/org/apache/ratis/ratis-proto/0.4.0-2337318-SNAPSHOT/ratis-proto-0.4.0-2337318-SNAPSHOT.jar:/home/user/.m2/repository/org/apache/ratis/ratis-common/0.4.0-2337318-SNAPSHOT/ratis-common-0.4.0-2337318-SNAPSHOT.jar:/home/user/.m2/repository/org/apache/ratis/ratis-client/0.4.0-2337318-SNAPSHOT/ratis-client-0.4.0-2337318-SNAPSHOT.jar:/home/user/.m2/repository/org/apache/ratis/ratis-metrics/0.4.0-2337318-SNAPSHOT/ratis-metrics-0.4.0-2337318-SNAPSHOT.jar:/home/user/.m2/repository/org/apache/ratis/ratis-netty/0.4.0-2337318-SNAPSHOT/ratis-netty-0.4.0-2337318-SNAPSHOT.jar:/home/user/.m2/repository/org/apache/ratis/ratis-grpc/0.4.0-2337318-SNAPSHOT/ratis-grpc-0.4.0-2337318-SNAPSHOT.jar:/home/user/.m2/repository/org/rocksdb/rocksdbjni/6.0.1/rocksdbjni-6.0.1.jar:/home/user/.m2/repository/org/apache/logging/log4j/log4j-api/2.11.0/log4j-api-2.11.0.jar:/home/user/.m2/repository/org/apache/logging/log4j/log4j-core/2.11.0/log4j-core-2.11.0.jar:/home/user/.m2/repository/com/lmax/disruptor/3.4.2/disruptor-3.4.2.jar:/home/user/.m2/repository/org/apache/commons/commons-pool2/2.6.0/commons-pool2-2.6.0.jar:/home/user/.m2/repository/org/bouncycastle/bcpkix-jdk15on/1.60/bcpkix-jdk15on-1.60.jar:/home/user/.m2/repository/commons-validator/commons-validator/1.6/commons-validator-1.6.jar:/home/user/.m2/repository/commons-digester/commons-digester/1.8.1/commons-digester-1.8.1.jar:/home/user/.m2/repository/io/jaegertracing/jaeger-client/0.33.1/jaeger-client-0.33.1.jar:/home/user/.m2/repository/io/jaegertracing/jaeger-thrift/0.33.1/jaeger-thrift-0.33.1.jar:/home/user/.m2/repository/org/apache/thrift/libthrift/0.11.0/libthrift-0.11.0.jar:/home/user/.m2/repository/com/squareup/okhttp3/okhttp/3.9.0/okhttp-3.9.0.jar:/home/user/.m2/repository/com/squareup/okio/okio/1.13.0/okio-1.13.0.jar:/home/user/.m2/repository/io/jaegertracing/jaeger-core/0.33.1/jaeger-core-0.33.1.jar:/home/user/.m2/repository/io/jaegertracing/jaeger-tracerresolver/0.33.1/jaeger-tracerresolver-0.33.1.jar:/home/user/.m2/repository/io/opentracing/contrib/opentracing-tracerresolver/0.1.5/opentracing-tracerresolver-0.1.5.jar:/home/user/.m2/repository/io/opentracing/opentracing-util/0.31.0/opentracing-util-0.31.0.jar:/home/user/.m2/repository/io/opentracing/opentracing-api/0.31.0/opentracing-api-0.31.0.jar:/home/user/.m2/repository/io/opentracing/opentracing-noop/0.31.0/opentracing-noop-0.31.0.jar:/home/user/.m2/repository/org/apache/hadoop/hadoop-hdds-server-framework/0.4.1-SNAPSHOT/hadoop-hdds-server-framework-0.4.1-SNAPSHOT.jar:/home/user/.m2/repository/org/apache/hadoop/hadoop-hdds-container-service/0.4.1-SNAPSHOT/hadoop-hdds-container-service-0.4.1-SNAPSHOT.jar:/home/user/.m2/repository/org/apache/hadoop/hadoop-hdds-client/0.4.1-SNAPSHOT/hadoop-hdds-client-0.4.1-SNAPSHOT.jar:/home/user/.m2/repository/org/apache/hadoop/hadoop-hdds-tools/0.4.1-SNAPSHOT/hadoop-hdds-tools-0.4.1-SNAPSHOT.jar:/home/user/.m2/repository/org/apache/hadoop/hadoop-hdds-server-scm/0.4.1-SNAPSHOT/hadoop-hdds-server-scm-0.4.1-SNAPSHOT.jar:/home/user/.m2/repository/org/apache/hadoop/hadoop-hdds-docs/0.4.1-SNAPSHOT/hadoop-hdds-docs-0.4.1-SNAPSHOT.jar:/home/user/.m2/repository/io/dropwizard/metrics/metrics-core/3.2.4/metrics-core-3.2.4.jar:/home/user/.m2/repository/org/hamcrest/hamcrest-all/1.3/hamcrest-all-1.3.jar:/home/user/.m2/repository/org/bouncycastle/bcprov-jdk15on/1.60/bcprov-jdk15on-1.60.jar:/home/user/.m2/repository/info/picocli/picocli/3.9.6/picocli-3.9.6.jar:/home/user/.m2/repository/com/google/protobuf/protobuf-java/2.5.0/protobuf-java-2.5.0.jar:/home/user/.m2/repository/com/google/guava/guava/11.0.2/guava-11.0.2.jar:/home/user/.m2/repository/org/apache/hadoop/hadoop-ozone-ozone-manager/0.4.1-SNAPSHOT/hadoop-ozone-ozone-manager-0.4.1-SNAPSHOT.jar:/home/user/.m2/repository/org/apache/hadoop/hadoop-minikdc/3.2.0/hadoop-minikdc-3.2.0.jar:/home/user/.m2/repository/commons-io/commons-io/2.5/commons-io-2.5.jar:/home/user/.m2/repository/org/apache/kerby/kerb-simplekdc/1.0.1/kerb-simplekdc-1.0.1.jar:/home/user/.m2/repository/org/apache/kerby/kerb-client/1.0.1/kerb-client-1.0.1.jar:/home/user/.m2/repository/org/apache/kerby/kerby-config/1.0.1/kerby-config-1.0.1.jar:/home/user/.m2/repository/org/apache/kerby/kerb-core/1.0.1/kerb-core-1.0.1.jar:/home/user/.m2/repository/org/apache/kerby/kerby-pkix/1.0.1/kerby-pkix-1.0.1.jar:/home/user/.m2/repository/org/apache/kerby/kerby-asn1/1.0.1/kerby-asn1-1.0.1.jar:/home/user/.m2/repository/org/apache/kerby/kerby-util/1.0.1/kerby-util-1.0.1.jar:/home/user/.m2/repository/org/apache/kerby/kerb-common/1.0.1/kerb-common-1.0.1.jar:/home/user/.m2/repository/org/apache/kerby/kerb-crypto/1.0.1/kerb-crypto-1.0.1.jar:/home/user/.m2/repository/org/apache/kerby/kerb-util/1.0.1/kerb-util-1.0.1.jar:/home/user/.m2/repository/org/apache/kerby/token-provider/1.0.1/token-provider-1.0.1.jar:/home/user/.m2/repository/org/apache/kerby/kerb-admin/1.0.1/kerb-admin-1.0.1.jar:/home/user/.m2/repository/org/apache/kerby/kerb-server/1.0.1/kerb-server-1.0.1.jar:/home/user/.m2/repository/org/apache/kerby/kerb-identity/1.0.1/kerb-identity-1.0.1.jar:/home/user/.m2/repository/org/apache/kerby/kerby-xdr/1.0.1/kerby-xdr-1.0.1.jar:/home/user/.m2/repository/org/slf4j/slf4j-log4j12/1.7.25/slf4j-log4j12-1.7.25.jar:/home/user/.m2/repository/org/apache/hadoop/hadoop-ozone-objectstore-service/0.4.1-SNAPSHOT/hadoop-ozone-objectstore-service-0.4.1-SNAPSHOT.jar:/home/user/.m2/repository/org/apache/hadoop/hadoop-ozone-s3gateway/0.4.1-SNAPSHOT/hadoop-ozone-s3gateway-0.4.1-SNAPSHOT.jar:/home/user/.m2/repository/org/jboss/weld/servlet/weld-servlet/2.4.7.Final/weld-servlet-2.4.7.Final.jar:/home/user/.m2/repository/org/glassfish/jersey/containers/jersey-container-servlet-core/2.27/jersey-container-servlet-core-2.27.jar:/home/user/.m2/repository/org/glassfish/hk2/external/javax.inject/2.5.0-b42/javax.inject-2.5.0-b42.jar:/home/user/.m2/repository/org/glassfish/jersey/core/jersey-common/2.27/jersey-common-2.27.jar:/home/user/.m2/repository/org/glassfish/hk2/osgi-resource-locator/1.0.1/osgi-resource-locator-1.0.1.jar:/home/user/.m2/repository/javax/ws/rs/javax.ws.rs-api/2.1/javax.ws.rs-api-2.1.jar:/home/user/.m2/repository/org/glassfish/jersey/ext/cdi/jersey-cdi1x/2.27/jersey-cdi1x-2.27.jar:/home/user/.m2/repository/org/glassfish/jersey/inject/jersey-hk2/2.27/jersey-hk2-2.27.jar:/home/user/.m2/repository/org/glassfish/hk2/hk2-locator/2.5.0-b42/hk2-locator-2.5.0-b42.jar:/home/user/.m2/repository/org/javassist/javassist/3.22.0-CR2/javassist-3.22.0-CR2.jar:/home/user/.m2/repository/org/glassfish/hk2/hk2-api/2.5.0/hk2-api-2.5.0.jar:/home/user/.m2/repository/org/glassfish/hk2/external/jakarta.inject/2.5.0/jakarta.inject-2.5.0.jar:/home/user/.m2/repository/org/glassfish/hk2/hk2-utils/2.5.0/hk2-utils-2.5.0.jar:/home/user/.m2/repository/jakarta/annotation/jakarta.annotation-api/1.3.4/jakarta.annotation-api-1.3.4.jar:/home/user/.m2/repository/org/glassfish/hk2/external/aopalliance-repackaged/2.5.0/aopalliance-repackaged-2.5.0.jar:/home/user/.m2/repository/com/fasterxml/jackson/dataformat/jackson-dataformat-xml/2.9.0/jackson-dataformat-xml-2.9.0.jar:/home/user/.m2/repository/com/fasterxml/jackson/core/jackson-core/2.9.5/jackson-core-2.9.5.jar:/home/user/.m2/repository/com/fasterxml/jackson/module/jackson-module-jaxb-annotations/2.9.5/jackson-module-jaxb-annotations-2.9.5.jar:/home/user/.m2/repository/javax/enterprise/cdi-api/1.2/cdi-api-1.2.jar:/home/user/.m2/repository/javax/el/javax.el-api/3.0.0/javax.el-api-3.0.0.jar:/home/user/.m2/repository/javax/interceptor/javax.interceptor-api/1.2/javax.interceptor-api-1.2.jar:/home/user/.m2/repository/javax/inject/javax.inject/1/javax.inject-1.jar:/home/user/.m2/repository/com/sun/xml/bind/jaxb-impl/2.3.0.1/jaxb-impl-2.3.0.1.jar:/home/user/.m2/repository/com/sun/xml/bind/jaxb-core/2.3.0.1/jaxb-core-2.3.0.1.jar:/home/user/.m2/repository/javax/xml/bind/jaxb-api/2.3.0/jaxb-api-2.3.0.jar:/home/user/.m2/repository/javax/activation/activation/1.1.1/activation-1.1.1.jar:/home/user/.m2/repository/org/apache/hadoop/hadoop-ozone-csi/0.4.1-SNAPSHOT/hadoop-ozone-csi-0.4.1-SNAPSHOT.jar:/home/user/.m2/repository/com/google/protobuf/protobuf-java-util/3.5.1/protobuf-java-util-3.5.1.jar:/home/user/.m2/repository/org/apache/hadoop/hadoop-hdds-config/0.4.1-SNAPSHOT/hadoop-hdds-config-0.4.1-SNAPSHOT.jar:/home/user/.m2/repository/io/grpc/grpc-netty/1.17.1/grpc-netty-1.17.1.jar:/home/user/.m2/repository/io/grpc/grpc-core/1.17.1/grpc-core-1.17.1.jar:/home/user/.m2/repository/io/grpc/grpc-context/1.17.1/grpc-context-1.17.1.jar:/home/user/.m2/repository/com/google/errorprone/error_prone_annotations/2.2.0/error_prone_annotations-2.2.0.jar:/home/user/.m2/repository/org/codehaus/mojo/animal-sniffer-annotations/1.17/animal-sniffer-annotations-1.17.jar:/home/user/.m2/repository/io/opencensus/opencensus-api/0.17.0/opencensus-api-0.17.0.jar:/home/user/.m2/repository/io/opencensus/opencensus-contrib-grpc-metrics/0.17.0/opencensus-contrib-grpc-metrics-0.17.0.jar:/home/user/.m2/repository/io/netty/netty-codec-http2/4.1.30.Final/netty-codec-http2-4.1.30.Final.jar:/home/user/.m2/repository/io/netty/netty-codec-http/4.1.30.Final/netty-codec-http-4.1.30.Final.jar:/home/user/.m2/repository/io/netty/netty-codec/4.1.30.Final/netty-codec-4.1.30.Final.jar:/home/user/.m2/repository/io/netty/netty-handler/4.1.30.Final/netty-handler-4.1.30.Final.jar:/home/user/.m2/repository/io/netty/netty-handler-proxy/4.1.30.Final/netty-handler-proxy-4.1.30.Final.jar:/home/user/.m2/repository/io/netty/netty-codec-socks/4.1.30.Final/netty-codec-socks-4.1.30.Final.jar:/home/user/.m2/repository/io/netty/netty-transport-native-epoll/4.1.30.Final/netty-transport-native-epoll-4.1.30.Final.jar:/home/user/.m2/repository/io/netty/netty-common/4.1.30.Final/netty-common-4.1.30.Final.jar:/home/user/.m2/repository/io/netty/netty-buffer/4.1.30.Final/netty-buffer-4.1.30.Final.jar:/home/user/.m2/repository/io/netty/netty-transport/4.1.30.Final/netty-transport-4.1.30.Final.jar:/home/user/.m2/repository/io/netty/netty-resolver/4.1.30.Final/netty-resolver-4.1.30.Final.jar:/home/user/.m2/repository/io/netty/netty-transport-native-unix-common/4.1.30.Final/netty-transport-native-unix-common-4.1.30.Final.jar:/home/user/.m2/repository/io/grpc/grpc-protobuf/1.17.1/grpc-protobuf-1.17.1.jar:/home/user/.m2/repository/com/google/api/grpc/proto-google-common-protos/1.0.0/proto-google-common-protos-1.0.0.jar:/home/user/.m2/repository/io/grpc/grpc-protobuf-lite/1.17.1/grpc-protobuf-lite-1.17.1.jar:/home/user/.m2/repository/io/grpc/grpc-stub/1.17.1/grpc-stub-1.17.1.jar:/home/user/.m2/repository/org/apache/hadoop/hadoop-ozone-recon/0.4.1-SNAPSHOT/hadoop-ozone-recon-0.4.1-SNAPSHOT.jar:/home/user/.m2/repository/org/apache/hadoop/hadoop-ozone-reconcodegen/0.4.1-SNAPSHOT/hadoop-ozone-reconcodegen-0.4.1-SNAPSHOT.jar:/home/user/.m2/repository/com/google/inject/extensions/guice-multibindings/4.0/guice-multibindings-4.0.jar:/home/user/.m2/repository/com/google/inject/guice/4.0/guice-4.0.jar:/home/user/.m2/repository/aopalliance/aopalliance/1.0/aopalliance-1.0.jar:/home/user/.m2/repository/com/google/inject/extensions/guice-servlet/4.0/guice-servlet-4.0.jar:/home/user/.m2/repository/org/glassfish/jersey/containers/jersey-container-servlet/2.27/jersey-container-servlet-2.27.jar:/home/user/.m2/repository/org/glassfish/hk2/guice-bridge/2.5.0/guice-bridge-2.5.0.jar:/home/user/.m2/repository/org/glassfish/jersey/core/jersey-server/2.27/jersey-server-2.27.jar:/home/user/.m2/repository/org/glassfish/jersey/core/jersey-client/2.27/jersey-client-2.27.jar:/home/user/.m2/repository/org/glassfish/jersey/media/jersey-media-jaxb/2.27/jersey-media-jaxb-2.27.jar:/home/user/.m2/repository/javax/validation/validation-api/1.1.0.Final/validation-api-1.1.0.Final.jar:/home/user/.m2/repository/org/glassfish/jersey/media/jersey-media-json-jackson/2.27/jersey-media-json-jackson-2.27.jar:/home/user/.m2/repository/org/glassfish/jersey/ext/jersey-entity-filtering/2.27/jersey-entity-filtering-2.27.jar:/home/user/.m2/repository/com/google/inject/extensions/guice-assistedinject/4.0/guice-assistedinject-4.0.jar:/home/user/.m2/repository/org/jooq/jooq/3.11.10/jooq-3.11.10.jar:/home/user/.m2/repository/org/jooq/jooq-meta/3.11.10/jooq-meta-3.11.10.jar:/home/user/.m2/repository/org/jooq/jooq-codegen/3.11.10/jooq-codegen-3.11.10.jar:/home/user/.m2/repository/com/jolbox/bonecp/0.8.0.RELEASE/bonecp-0.8.0.RELEASE.jar:/home/user/.m2/repository/org/xerial/sqlite-jdbc/3.25.2/sqlite-jdbc-3.25.2.jar:/home/user/.m2/repository/org/springframework/spring-jdbc/5.1.3.RELEASE/spring-jdbc-5.1.3.RELEASE.jar:/home/user/.m2/repository/org/springframework/spring-beans/5.1.3.RELEASE/spring-beans-5.1.3.RELEASE.jar:/home/user/.m2/repository/org/springframework/spring-core/5.1.3.RELEASE/spring-core-5.1.3.RELEASE.jar:/home/user/.m2/repository/org/springframework/spring-jcl/5.1.3.RELEASE/spring-jcl-5.1.3.RELEASE.jar:/home/user/.m2/repository/org/springframework/spring-tx/5.1.3.RELEASE/spring-tx-5.1.3.RELEASE.jar:/home/user/.m2/repository/org/apache/hadoop/hadoop-ozone-client/0.4.1-SNAPSHOT/hadoop-ozone-client-0.4.1-SNAPSHOT.jar:/home/user/.m2/repository/commons-lang/commons-lang/2.6/commons-lang-2.6.jar:/home/user/.m2/repository/org/apache/hadoop/hadoop-ozone-ozone-manager/0.4.1-SNAPSHOT/hadoop-ozone-ozone-manager-0.4.1-SNAPSHOT-tests.jar:/home/user/.m2/repository/junit/junit/4.11/junit-4.11.jar:/home/user/.m2/repository/org/hamcrest/hamcrest-core/1.3/hamcrest-core-1.3.jar:/home/user/.m2/repository/org/openjdk/jmh/jmh-core/1.19/jmh-core-1.19.jar:/home/user/.m2/repository/net/sf/jopt-simple/jopt-simple/4.6/jopt-simple-4.6.jar:/home/user/.m2/repository/org/apache/commons/commons-math3/3.1.1/commons-math3-3.1.1.jar:/home/user/.m2/repository/org/openjdk/jmh/jmh-generator-annprocess/1.19/jmh-generator-annprocess-1.19.jar:/home/user/.m2/repository/org/mockito/mockito-all/1.8.5/mockito-all-1.8.5.jar:/home/user/.m2/repository/org/apache/hadoop/hadoop-kms/3.2.0/hadoop-kms-3.2.0.jar:/home/user/.m2/repository/org/apache/hadoop/hadoop-auth/3.2.0/hadoop-auth-3.2.0.jar:/home/user/.m2/repository/com/nimbusds/nimbus-jose-jwt/4.41.1/nimbus-jose-jwt-4.41.1.jar:/home/user/.m2/repository/com/github/stephenc/jcip/jcip-annotations/1.0-1/jcip-annotations-1.0-1.jar:/home/user/.m2/repository/net/minidev/json-smart/2.3/json-smart-2.3.jar:/home/user/.m2/repository/net/minidev/accessors-smart/1.2/accessors-smart-1.2.jar:/home/user/.m2/repository/org/ow2/asm/asm/5.0.4/asm-5.0.4.jar:/home/user/.m2/repository/org/apache/curator/curator-framework/2.12.0/curator-framework-2.12.0.jar:/home/user/.m2/repository/com/sun/jersey/jersey-core/1.19/jersey-core-1.19.jar:/home/user/.m2/repository/javax/ws/rs/jsr311-api/1.1.1/jsr311-api-1.1.1.jar:/home/user/.m2/repository/com/sun/jersey/jersey-server/1.19/jersey-server-1.19.jar:/home/user/.m2/repository/javax/servlet/javax.servlet-api/3.1.0/javax.servlet-api-3.1.0.jar:/home/user/.m2/repository/org/eclipse/jetty/jetty-server/9.3.24.v20180605/jetty-server-9.3.24.v20180605.jar:/home/user/.m2/repository/org/eclipse/jetty/jetty-http/9.3.24.v20180605/jetty-http-9.3.24.v20180605.jar:/home/user/.m2/repository/org/eclipse/jetty/jetty-io/9.3.24.v20180605/jetty-io-9.3.24.v20180605.jar:/home/user/.m2/repository/org/eclipse/jetty/jetty-webapp/9.3.24.v20180605/jetty-webapp-9.3.24.v20180605.jar:/home/user/.m2/repository/org/eclipse/jetty/jetty-xml/9.3.24.v20180605/jetty-xml-9.3.24.v20180605.jar:/home/user/.m2/repository/log4j/log4j/1.2.17/log4j-1.2.17.jar:/home/user/.m2/repository/org/slf4j/slf4j-api/1.7.25/slf4j-api-1.7.25.jar:/home/user/.m2/repository/org/slf4j/jul-to-slf4j/1.7.25/jul-to-slf4j-1.7.25.jar:/home/user/.m2/repository/org/eclipse/jetty/jetty-util/9.3.24.v20180605/jetty-util-9.3.24.v20180605.jar:/home/user/.m2/repository/com/fasterxml/jackson/core/jackson-databind/2.9.5/jackson-databind-2.9.5.jar:/home/user/.m2/repository/org/apache/hadoop/hadoop-kms/3.2.0/hadoop-kms-3.2.0-tests.jar:/home/user/.m2/repository/org/apache/hadoop/hadoop-hdds-server-scm/0.4.1-SNAPSHOT/hadoop-hdds-server-scm-0.4.1-SNAPSHOT-tests.jar:/home/user/.m2/repository/org/apache/hadoop/hadoop-hdds-container-service/0.4.1-SNAPSHOT/hadoop-hdds-container-service-0.4.1-SNAPSHOT-tests.jar:/home/user/.m2/repository/org/yaml/snakeyaml/1.16/snakeyaml-1.16.jar:/home/user/.m2/repository/org/apache/hadoop/hadoop-common/3.2.0/hadoop-common-3.2.0-tests.jar:/home/user/.m2/repository/org/apache/hadoop/hadoop-annotations/3.2.0/hadoop-annotations-3.2.0.jar:/usr/lib/jvm/java-1.8-openjdk/jre/../lib/tools.jar:/home/user/.m2/repository/commons-cli/commons-cli/1.2/commons-cli-1.2.jar:/home/user/.m2/repository/org/apache/httpcomponents/httpclient/4.5.2/httpclient-4.5.2.jar:/home/user/.m2/repository/org/apache/httpcomponents/httpcore/4.4.4/httpcore-4.4.4.jar:/home/user/.m2/repository/commons-codec/commons-codec/1.11/commons-codec-1.11.jar:/home/user/.m2/repository/commons-net/commons-net/3.6/commons-net-3.6.jar:/home/user/.m2/repository/commons-collections/commons-collections/3.2.2/commons-collections-3.2.2.jar:/home/user/.m2/repository/org/eclipse/jetty/jetty-servlet/9.3.24.v20180605/jetty-servlet-9.3.24.v20180605.jar:/home/user/.m2/repository/org/eclipse/jetty/jetty-security/9.3.24.v20180605/jetty-security-9.3.24.v20180605.jar:/home/user/.m2/repository/javax/servlet/jsp/jsp-api/2.1/jsp-api-2.1.jar:/home/user/.m2/repository/com/sun/jersey/jersey-servlet/1.19/jersey-servlet-1.19.jar:/home/user/.m2/repository/com/sun/jersey/jersey-json/1.19/jersey-json-1.19.jar:/home/user/.m2/repository/org/codehaus/jettison/jettison/1.1/jettison-1.1.jar:/home/user/.m2/repository/org/codehaus/jackson/jackson-core-asl/1.9.13/jackson-core-asl-1.9.13.jar:/home/user/.m2/repository/org/codehaus/jackson/jackson-mapper-asl/1.9.13/jackson-mapper-asl-1.9.13.jar:/home/user/.m2/repository/org/codehaus/jackson/jackson-jaxrs/1.9.13/jackson-jaxrs-1.9.13.jar:/home/user/.m2/repository/org/codehaus/jackson/jackson-xc/1.9.13/jackson-xc-1.9.13.jar:/home/user/.m2/repository/commons-logging/commons-logging/1.1.3/commons-logging-1.1.3.jar:/home/user/.m2/repository/commons-beanutils/commons-beanutils/1.9.3/commons-beanutils-1.9.3.jar:/home/user/.m2/repository/org/apache/commons/commons-configuration2/2.1.1/commons-configuration2-2.1.1.jar:/home/user/.m2/repository/org/apache/commons/commons-lang3/3.7/commons-lang3-3.7.jar:/home/user/.m2/repository/org/apache/commons/commons-text/1.4/commons-text-1.4.jar:/home/user/.m2/repository/org/apache/avro/avro/1.7.7/avro-1.7.7.jar:/home/user/.m2/repository/com/thoughtworks/paranamer/paranamer/2.3/paranamer-2.3.jar:/home/user/.m2/repository/org/xerial/snappy/snappy-java/1.0.5/snappy-java-1.0.5.jar:/home/user/.m2/repository/com/google/re2j/re2j/1.1/re2j-1.1.jar:/home/user/.m2/repository/com/google/code/gson/gson/2.2.4/gson-2.2.4.jar:/home/user/.m2/repository/com/jcraft/jsch/0.1.54/jsch-0.1.54.jar:/home/user/.m2/repository/org/apache/curator/curator-client/2.12.0/curator-client-2.12.0.jar:/home/user/.m2/repository/org/apache/curator/curator-recipes/2.12.0/curator-recipes-2.12.0.jar:/home/user/.m2/repository/com/google/code/findbugs/jsr305/3.0.0/jsr305-3.0.0.jar:/home/user/.m2/repository/org/apache/htrace/htrace-core4/4.1.0-incubating/htrace-core4-4.1.0-incubating.jar:/home/user/.m2/repository/org/apache/zookeeper/zookeeper/3.4.13/zookeeper-3.4.13.jar:/home/user/.m2/repository/org/apache/yetus/audience-annotations/0.5.0/audience-annotations-0.5.0.jar:/home/user/.m2/repository/org/codehaus/woodstox/stax2-api/3.1.4/stax2-api-3.1.4.jar:/home/user/.m2/repository/com/fasterxml/woodstox/woodstox-core/5.0.3/woodstox-core-5.0.3.jar:/home/user/.m2/repository/dnsjava/dnsjava/2.1.7/dnsjava-2.1.7.jar:/home/user/.m2/repository/org/apache/hadoop/hadoop-hdfs/3.2.0/hadoop-hdfs-3.2.0-tests.jar:/home/user/.m2/repository/org/eclipse/jetty/jetty-util-ajax/9.3.24.v20180605/jetty-util-ajax-9.3.24.v20180605.jar:/home/user/.m2/repository/commons-daemon/commons-daemon/1.0.13/commons-daemon-1.0.13.jar:/home/user/.m2/repository/io/netty/netty/3.10.5.Final/netty-3.10.5.Final.jar:/home/user/.m2/repository/io/netty/netty-all/4.0.52.Final/netty-all-4.0.52.Final.jar:/home/user/.m2/repository/org/fusesource/leveldbjni/leveldbjni-all/1.8/leveldbjni-all-1.8.jar:"/>
    <property name="sun.cpu.endian" value="little"/>
    <property name="user.home" value="/home/user"/>
    <property name="user.language" value="en"/>
    <property name="java.specification.vendor" value="Oracle Corporation"/>
    <property name="java.home" value="/usr/lib/jvm/java-1.8-openjdk/jre"/>
    <property name="java.security.krb5.conf" value="/workdir/hadoop-ozone/integration-test/target/test-classes/krb5.conf"/>
    <property name="basedir" value="/workdir/hadoop-ozone/integration-test"/>
    <property name="file.separator" value="/"/>
    <property name="line.separator" value="&#10;"/>
    <property name="java.vm.specification.vendor" value="Oracle Corporation"/>
    <property name="java.specification.name" value="Java Platform API Specification"/>
    <property name="java.awt.graphicsenv" value="sun.awt.X11GraphicsEnvironment"/>
    <property name="surefire.real.class.path" value="/workdir/hadoop-ozone/integration-test/target/surefire/surefirebooter1235376346237416072.jar"/>
    <property name="hadoop.log.dir" value="/workdir/hadoop-ozone/integration-test/target/log"/>
    <property name="sun.boot.class.path" value="/usr/lib/jvm/java-1.8-openjdk/jre/lib/resources.jar:/usr/lib/jvm/java-1.8-openjdk/jre/lib/rt.jar:/usr/lib/jvm/java-1.8-openjdk/jre/lib/sunrsasign.jar:/usr/lib/jvm/java-1.8-openjdk/jre/lib/jsse.jar:/usr/lib/jvm/java-1.8-openjdk/jre/lib/jce.jar:/usr/lib/jvm/java-1.8-openjdk/jre/lib/charsets.jar:/usr/lib/jvm/java-1.8-openjdk/jre/lib/jfr.jar:/usr/lib/jvm/java-1.8-openjdk/jre/classes"/>
    <property name="sun.management.compiler" value="HotSpot 64-Bit Tiered Compilers"/>
    <property name="java.runtime.version" value="1.8.0_212-b04"/>
    <property name="java.net.preferIPv4Stack" value="true"/>
    <property name="user.name" value="jenkins1000"/>
    <property name="path.separator" value=":"/>
    <property name="java.security.egd" value="file:///dev/urandom"/>
    <property name="os.version" value="3.10.0-957.12.2.el7.x86_64"/>
    <property name="java.endorsed.dirs" value="/usr/lib/jvm/java-1.8-openjdk/jre/lib/endorsed"/>
    <property name="java.runtime.name" value="OpenJDK Runtime Environment"/>
    <property name="file.encoding" value="UTF-8"/>
    <property name="java.vm.name" value="OpenJDK 64-Bit Server VM"/>
    <property name="test.build.webapps" value=""/>
    <property name="localRepository" value="/home/user/.m2/repository"/>
    <property name="java.vendor.url.bug" value="https://icedtea.classpath.org/bugzilla"/>
    <property name="java.io.tmpdir" value="/tmp"/>
    <property name="require.test.libhadoop" value=""/>
    <property name="java.version" value="1.8.0_212"/>
    <property name="user.dir" value="/workdir/hadoop-ozone/integration-test"/>
    <property name="os.arch" value="amd64"/>
    <property name="java.vm.specification.name" value="Java Virtual Machine Specification"/>
    <property name="test.build.classes" value="/workdir/hadoop-ozone/integration-test/target/test-classes"/>
    <property name="java.awt.printerjob" value="sun.print.PSPrinterJob"/>
    <property name="sun.os.patch.level" value="unknown"/>
    <property name="hadoop.tmp.dir" value="/workdir/hadoop-ozone/integration-test/target/tmp"/>
    <property name="java.library.path" value="/usr/lib/jvm/java-1.8-openjdk/jre/lib/amd64/server:/usr/lib/jvm/java-1.8-openjdk/jre/lib/amd64:/usr/lib/jvm/java-1.8-openjdk/jre/../lib/amd64:/workdir/hadoop-ozone/integration-test/target/native/target/usr/local/lib:/workdir/hadoop-ozone/integration-test/../../hadoop-common-project/hadoop-common/target/native/target/usr/local/lib:/usr/java/packages/lib/amd64:/usr/lib64:/lib64:/lib:/usr/lib"/>
    <property name="java.vm.info" value="mixed mode"/>
    <property name="java.vendor" value="IcedTea"/>
    <property name="java.vm.version" value="25.212-b04"/>
    <property name="java.ext.dirs" value="/usr/lib/jvm/java-1.8-openjdk/jre/lib/ext:/usr/java/packages/lib/ext"/>
    <property name="sun.io.unicode.encoding" value="UnicodeLittle"/>
    <property name="java.class.version" value="52.0"/>
  </properties>
  <testcase name="test2WayCommitForRetryfailure" classname="org.apache.hadoop.ozone.client.rpc.Test2WayCommitInRatis" time="33.3">
    <error message="org.apache.ratis.protocol.RaftRetryFailureException: Failed RaftClientRequest:client-5175D62F52F1-&gt;4cecc661-5626-4c4b-b7ec-c6cc38efe2ca@group-1EDE4706F451, cid=14, seq=2*, RW, org.apache.hadoop.hdds.scm.XceiverClientRatis$$Lambda$296/443638755@33731562 for 20 attempts with RetryLimited(maxAttempts=20, sleepTime=1000ms)" type="java.util.concurrent.ExecutionException">java.util.concurrent.ExecutionException: org.apache.ratis.protocol.RaftRetryFailureException: Failed RaftClientRequest:client-5175D62F52F1->4cecc661-5626-4c4b-b7ec-c6cc38efe2ca@group-1EDE4706F451, cid=14, seq=2*, RW, org.apache.hadoop.hdds.scm.XceiverClientRatis$$Lambda$296/443638755@33731562 for 20 attempts with RetryLimited(maxAttempts=20, sleepTime=1000ms)
	at java.util.concurrent.CompletableFuture.reportGet(CompletableFuture.java:357)
	at java.util.concurrent.CompletableFuture.get(CompletableFuture.java:1895)
	at org.apache.hadoop.ozone.client.rpc.Test2WayCommitInRatis.test2WayCommitForRetryfailure(Test2WayCommitInRatis.java:144)
	at sun.reflect.NativeMethodAccessorImpl.invoke0(Native Method)
	at sun.reflect.NativeMethodAccessorImpl.invoke(NativeMethodAccessorImpl.java:62)
	at sun.reflect.DelegatingMethodAccessorImpl.invoke(DelegatingMethodAccessorImpl.java:43)
	at java.lang.reflect.Method.invoke(Method.java:498)
	at org.junit.runners.model.FrameworkMethod$1.runReflectiveCall(FrameworkMethod.java:47)
	at org.junit.internal.runners.model.ReflectiveCallable.run(ReflectiveCallable.java:12)
	at org.junit.runners.model.FrameworkMethod.invokeExplosively(FrameworkMethod.java:44)
	at org.junit.internal.runners.statements.InvokeMethod.evaluate(InvokeMethod.java:17)
	at org.junit.runners.ParentRunner.runLeaf(ParentRunner.java:271)
	at org.junit.runners.BlockJUnit4ClassRunner.runChild(BlockJUnit4ClassRunner.java:70)
	at org.junit.runners.BlockJUnit4ClassRunner.runChild(BlockJUnit4ClassRunner.java:50)
	at org.junit.runners.ParentRunner$3.run(ParentRunner.java:238)
	at org.junit.runners.ParentRunner$1.schedule(ParentRunner.java:63)
	at org.junit.runners.ParentRunner.runChildren(ParentRunner.java:236)
	at org.junit.runners.ParentRunner.access$000(ParentRunner.java:53)
	at org.junit.runners.ParentRunner$2.evaluate(ParentRunner.java:229)
	at org.junit.runners.ParentRunner.run(ParentRunner.java:309)
	at org.apache.maven.surefire.junit4.JUnit4Provider.execute(JUnit4Provider.java:365)
	at org.apache.maven.surefire.junit4.JUnit4Provider.executeWithRerun(JUnit4Provider.java:273)
	at org.apache.maven.surefire.junit4.JUnit4Provider.executeTestSet(JUnit4Provider.java:238)
	at org.apache.maven.surefire.junit4.JUnit4Provider.invoke(JUnit4Provider.java:159)
	at org.apache.maven.surefire.booter.ForkedBooter.invokeProviderInSameClassLoader(ForkedBooter.java:384)
	at org.apache.maven.surefire.booter.ForkedBooter.runSuitesInProcess(ForkedBooter.java:345)
	at org.apache.maven.surefire.booter.ForkedBooter.execute(ForkedBooter.java:126)
	at org.apache.maven.surefire.booter.ForkedBooter.main(ForkedBooter.java:418)
Caused by: org.apache.ratis.protocol.RaftRetryFailureException: Failed RaftClientRequest:client-5175D62F52F1->4cecc661-5626-4c4b-b7ec-c6cc38efe2ca@group-1EDE4706F451, cid=14, seq=2*, RW, org.apache.hadoop.hdds.scm.XceiverClientRatis$$Lambda$296/443638755@33731562 for 20 attempts with RetryLimited(maxAttempts=20, sleepTime=1000ms)
	at org.apache.ratis.client.impl.RaftClientImpl.noMoreRetries(RaftClientImpl.java:272)
	at org.apache.ratis.client.impl.OrderedAsync.handleAsyncRetryFailure(OrderedAsync.java:138)
	at org.apache.ratis.client.impl.OrderedAsync.lambda$sendRequest$10(OrderedAsync.java:230)
	at java.util.concurrent.CompletableFuture.uniExceptionally(CompletableFuture.java:870)
	at java.util.concurrent.CompletableFuture$UniExceptionally.tryFire(CompletableFuture.java:852)
	at java.util.concurrent.CompletableFuture.postComplete(CompletableFuture.java:474)
	at java.util.concurrent.CompletableFuture.completeExceptionally(CompletableFuture.java:1977)
	at org.apache.ratis.grpc.client.GrpcClientProtocolClient$AsyncStreamObservers.completeReplyExceptionally(GrpcClientProtocolClient.java:330)
	at org.apache.ratis.grpc.client.GrpcClientProtocolClient$AsyncStreamObservers.access$000(GrpcClientProtocolClient.java:246)
	at org.apache.ratis.grpc.client.GrpcClientProtocolClient$AsyncStreamObservers$1.onNext(GrpcClientProtocolClient.java:258)
	at org.apache.ratis.grpc.client.GrpcClientProtocolClient$AsyncStreamObservers$1.onNext(GrpcClientProtocolClient.java:249)
	at org.apache.ratis.thirdparty.io.grpc.stub.ClientCalls$StreamObserverToCallListenerAdapter.onMessage(ClientCalls.java:421)
	at org.apache.ratis.thirdparty.io.grpc.ForwardingClientCallListener.onMessage(ForwardingClientCallListener.java:33)
	at org.apache.ratis.thirdparty.io.grpc.ForwardingClientCallListener.onMessage(ForwardingClientCallListener.java:33)
	at org.apache.ratis.thirdparty.io.grpc.internal.ClientCallImpl$ClientStreamListenerImpl$1MessagesAvailable.runInContext(ClientCallImpl.java:519)
	at org.apache.ratis.thirdparty.io.grpc.internal.ContextRunnable.run(ContextRunnable.java:37)
	at org.apache.ratis.thirdparty.io.grpc.internal.SerializingExecutor.run(SerializingExecutor.java:123)
	at java.util.concurrent.ThreadPoolExecutor.runWorker(ThreadPoolExecutor.java:1149)
	at java.util.concurrent.ThreadPoolExecutor$Worker.run(ThreadPoolExecutor.java:624)
	at java.lang.Thread.run(Thread.java:748)
Caused by: org.apache.ratis.protocol.NotLeaderException: Server 4cecc661-5626-4c4b-b7ec-c6cc38efe2ca is not the leader (null). Request must be sent to leader.
	at org.apache.ratis.client.impl.ClientProtoUtils.toRaftClientReply(ClientProtoUtils.java:242)
	at org.apache.ratis.grpc.client.GrpcClientProtocolClient$AsyncStreamObservers$1.onNext(GrpcClientProtocolClient.java:254)
	... 10 more
</error>
    <system-out><![CDATA[2019-07-30 11:30:02,167 WARN  server.ServerUtils (ServerUtils.java:getScmDbDir(145)) - ozone.scm.db.dirs is not configured. We recommend adding this setting. Falling back to ozone.metadata.dirs instead.
2019-07-30 11:30:02,253 WARN  server.ServerUtils (ServerUtils.java:getScmDbDir(145)) - ozone.scm.db.dirs is not configured. We recommend adding this setting. Falling back to ozone.metadata.dirs instead.
2019-07-30 11:30:02,255 WARN  server.ServerUtils (ServerUtils.java:getScmDbDir(145)) - ozone.scm.db.dirs is not configured. We recommend adding this setting. Falling back to ozone.metadata.dirs instead.
2019-07-30 11:30:02,269 INFO  util.log (Log.java:initialized(192)) - Logging initialized @843ms
2019-07-30 11:30:02,345 INFO  db.DBStoreBuilder (DBStoreBuilder.java:addTable(110)) - using custom profile for table: deletedBlocks
2019-07-30 11:30:02,346 INFO  db.DBStoreBuilder (DBStoreBuilder.java:processTables(161)) - Using default column profile:DBProfile.DISK for Table:deletedBlocks
2019-07-30 11:30:02,346 INFO  db.DBStoreBuilder (DBStoreBuilder.java:addTable(110)) - using custom profile for table: validCerts
2019-07-30 11:30:02,346 INFO  db.DBStoreBuilder (DBStoreBuilder.java:processTables(161)) - Using default column profile:DBProfile.DISK for Table:validCerts
2019-07-30 11:30:02,347 INFO  db.DBStoreBuilder (DBStoreBuilder.java:addTable(110)) - using custom profile for table: revokedCerts
2019-07-30 11:30:02,347 INFO  db.DBStoreBuilder (DBStoreBuilder.java:processTables(161)) - Using default column profile:DBProfile.DISK for Table:revokedCerts
2019-07-30 11:30:02,356 INFO  db.DBStoreBuilder (DBStoreBuilder.java:addTable(110)) - using custom profile for table: default
2019-07-30 11:30:02,356 INFO  db.DBStoreBuilder (DBStoreBuilder.java:processTables(167)) - Using default column profile:DBProfile.DISK for Table:default
2019-07-30 11:30:02,357 INFO  db.DBStoreBuilder (DBStoreBuilder.java:getDbProfile(198)) - Using default options. DBProfile.DISK
2019-07-30 11:30:02,458 INFO  net.NodeSchemaLoader (NodeSchemaLoader.java:loadSchemaFromFile(125)) - Loading file from sun.misc.CompoundEnumeration@3835c46
2019-07-30 11:30:02,460 INFO  net.NodeSchemaLoader (NodeSchemaLoader.java:loadSchema(171)) - Loading network topology layer schema file
2019-07-30 11:30:02,510 WARN  server.ServerUtils (ServerUtils.java:sanitizeUserArgs(70)) - ozone.scm.stale.node.interval value = 300000 is larger than max = 100000 based on the key value of ozone.scm.heartbeat.thread.interval, reset to the max value 100000.
2019-07-30 11:30:02,512 WARN  server.ServerUtils (ServerUtils.java:sanitizeUserArgs(70)) - ozone.scm.stale.node.interval value = 300000 is larger than max = 100000 based on the key value of ozone.scm.heartbeat.thread.interval, reset to the max value 100000.
2019-07-30 11:30:02,513 INFO  node.SCMNodeManager (SCMNodeManager.java:<init>(121)) - Entering startup safe mode.
2019-07-30 11:30:02,583 WARN  server.ServerUtils (ServerUtils.java:getScmDbDir(145)) - ozone.scm.db.dirs is not configured. We recommend adding this setting. Falling back to ozone.metadata.dirs instead.
2019-07-30 11:30:02,611 INFO  pipeline.SCMPipelineManager (SCMPipelineManager.java:initializePipelineState(126)) - No pipeline exists in current db
2019-07-30 11:30:02,612 WARN  server.ServerUtils (ServerUtils.java:getScmDbDir(145)) - ozone.scm.db.dirs is not configured. We recommend adding this setting. Falling back to ozone.metadata.dirs instead.
2019-07-30 11:30:02,680 WARN  events.EventQueue (EventQueue.java:fireEvent(175)) - No event handler registered for event TypedEvent{payloadType=SafeModeStatus, name='SafeModeStatus'}
2019-07-30 11:30:02,946 INFO  ipc.CallQueueManager (CallQueueManager.java:<init>(84)) - Using callQueue: class java.util.concurrent.LinkedBlockingQueue, queueCapacity: 2000, scheduler: class org.apache.hadoop.ipc.DefaultRpcScheduler, ipcBackoff: false.
2019-07-30 11:30:02,968 INFO  ipc.Server (Server.java:run(1074)) - Starting Socket Reader #1 for port 37181
2019-07-30 11:30:02,986 INFO  ipc.CallQueueManager (CallQueueManager.java:<init>(84)) - Using callQueue: class java.util.concurrent.LinkedBlockingQueue, queueCapacity: 2000, scheduler: class org.apache.hadoop.ipc.DefaultRpcScheduler, ipcBackoff: false.
2019-07-30 11:30:02,987 INFO  ipc.Server (Server.java:run(1074)) - Starting Socket Reader #1 for port 46290
2019-07-30 11:30:02,992 INFO  ipc.CallQueueManager (CallQueueManager.java:<init>(84)) - Using callQueue: class java.util.concurrent.LinkedBlockingQueue, queueCapacity: 2000, scheduler: class org.apache.hadoop.ipc.DefaultRpcScheduler, ipcBackoff: false.
2019-07-30 11:30:02,993 INFO  ipc.Server (Server.java:run(1074)) - Starting Socket Reader #1 for port 35197
2019-07-30 11:30:03,105 INFO  hdfs.DFSUtil (DFSUtil.java:httpServerTemplateForNNAndJN(1641)) - Starting Web-server for scm at: http://0.0.0.0:0
2019-07-30 11:30:03,287 INFO  server.AuthenticationFilter (AuthenticationFilter.java:constructSecretProvider(240)) - Unable to initialize FileSignerSecretProvider, falling back to use random secrets.
2019-07-30 11:30:03,295 WARN  http.HttpRequestLog (HttpRequestLog.java:getRequestLog(97)) - Jetty request log can only be enabled using Log4j
2019-07-30 11:30:03,304 INFO  http.HttpServer2 (HttpServer2.java:addGlobalFilter(975)) - Added global filter 'safety' (class=org.apache.hadoop.http.HttpServer2$QuotingInputFilter)
2019-07-30 11:30:03,307 INFO  http.HttpServer2 (HttpServer2.java:addFilter(948)) - Added filter static_user_filter (class=org.apache.hadoop.http.lib.StaticUserWebFilter$StaticUserFilter) to context scm
2019-07-30 11:30:03,308 INFO  http.HttpServer2 (HttpServer2.java:addFilter(958)) - Added filter static_user_filter (class=org.apache.hadoop.http.lib.StaticUserWebFilter$StaticUserFilter) to context logs
2019-07-30 11:30:03,308 INFO  http.HttpServer2 (HttpServer2.java:addFilter(958)) - Added filter static_user_filter (class=org.apache.hadoop.http.lib.StaticUserWebFilter$StaticUserFilter) to context static
2019-07-30 11:30:03,336 INFO  server.StorageContainerManager (StorageContainerManager.java:start(758)) - StorageContainerLocationProtocol RPC server is listening at /0.0.0.0:35197
2019-07-30 11:30:03,392 WARN  impl.MetricsConfig (MetricsConfig.java:loadFirst(134)) - Cannot locate configuration: tried hadoop-metrics2-storagecontainermanager.properties,hadoop-metrics2.properties
2019-07-30 11:30:03,404 INFO  impl.MetricsSystemImpl (MetricsSystemImpl.java:startTimer(374)) - Scheduled Metric snapshot period at 10 second(s).
2019-07-30 11:30:03,404 INFO  impl.MetricsSystemImpl (MetricsSystemImpl.java:start(191)) - StorageContainerManager metrics system started
2019-07-30 11:30:03,644 INFO  server.SCMClientProtocolServer (SCMClientProtocolServer.java:start(151)) - RPC server for Client  is listening at /0.0.0.0:35197
2019-07-30 11:30:03,645 INFO  ipc.Server (Server.java:run(1314)) - IPC Server Responder: starting
2019-07-30 11:30:03,646 INFO  ipc.Server (Server.java:run(1153)) - IPC Server listener on 35197: starting
2019-07-30 11:30:03,653 INFO  server.StorageContainerManager (StorageContainerManager.java:start(768)) - ScmBlockLocationProtocol RPC server is listening at /0.0.0.0:46290
2019-07-30 11:30:03,653 INFO  server.SCMBlockProtocolServer (SCMBlockProtocolServer.java:start(140)) - RPC server for Block Protocol is listening at /0.0.0.0:46290
2019-07-30 11:30:03,654 INFO  ipc.Server (Server.java:run(1314)) - IPC Server Responder: starting
2019-07-30 11:30:03,654 INFO  ipc.Server (Server.java:run(1153)) - IPC Server listener on 46290: starting
2019-07-30 11:30:03,659 INFO  server.StorageContainerManager (StorageContainerManager.java:start(772)) - ScmDatanodeProtocl RPC server is listening at /0.0.0.0:37181
2019-07-30 11:30:03,659 INFO  server.SCMDatanodeProtocolServer (SCMDatanodeProtocolServer.java:start(191)) - RPC server for DataNodes is listening at /0.0.0.0:37181
2019-07-30 11:30:03,660 INFO  ipc.Server (Server.java:run(1314)) - IPC Server Responder: starting
2019-07-30 11:30:03,661 INFO  ipc.Server (Server.java:run(1153)) - IPC Server listener on 37181: starting
2019-07-30 11:30:03,671 INFO  http.HttpServer2 (HttpServer2.java:bindListener(1191)) - Jetty bound to port 36374
2019-07-30 11:30:03,673 INFO  server.Server (Server.java:doStart(351)) - jetty-9.3.24.v20180605, build timestamp: 2018-06-05T17:11:56Z, git hash: 84205aa28f11a4f31f2a3b86d1bba2cc8ab69827
2019-07-30 11:30:03,711 INFO  handler.ContextHandler (ContextHandler.java:doStart(781)) - Started o.e.j.s.ServletContextHandler@75f95314{/logs,file:///workdir/hadoop-ozone/integration-test/target/log,AVAILABLE}
2019-07-30 11:30:03,711 INFO  handler.ContextHandler (ContextHandler.java:doStart(781)) - Started o.e.j.s.ServletContextHandler@6bbe2511{/static,file:///workdir/hadoop-ozone/integration-test/target/test-classes/webapps/static,AVAILABLE}
2019-07-30 11:30:03,742 INFO  handler.ContextHandler (ContextHandler.java:doStart(781)) - Started o.e.j.w.WebAppContext@285d851a{/,file:///workdir/hadoop-ozone/integration-test/target/test-classes/webapps/scm/,AVAILABLE}{/scm}
2019-07-30 11:30:03,747 INFO  server.AbstractConnector (AbstractConnector.java:doStart(278)) - Started ServerConnector@32232e55{HTTP/1.1,[http/1.1]}{0.0.0.0:36374}
2019-07-30 11:30:03,748 INFO  server.Server (Server.java:doStart(419)) - Started @2323ms
2019-07-30 11:30:03,750 INFO  server.BaseHttpServer (BaseHttpServer.java:updateConnectorAddress(207)) - HTTP server of SCM is listening at http://0.0.0.0:36374
2019-07-30 11:30:03,756 INFO  util.JvmPauseMonitor (JvmPauseMonitor.java:run(188)) - Starting JVM pause monitor
2019-07-30 11:30:03,758 WARN  server.ServerUtils (ServerUtils.java:getDBPath(222)) - ozone.om.db.dirs is not configured. We recommend adding this setting. Falling back to ozone.metadata.dirs instead.
2019-07-30 11:30:03,851 WARN  server.ServerUtils (ServerUtils.java:getDBPath(222)) - ozone.om.db.dirs is not configured. We recommend adding this setting. Falling back to ozone.metadata.dirs instead.
2019-07-30 11:30:03,852 WARN  server.ServerUtils (ServerUtils.java:getDBPath(222)) - ozone.om.db.dirs is not configured. We recommend adding this setting. Falling back to ozone.metadata.dirs instead.
2019-07-30 11:30:03,853 INFO  om.OzoneManager (OzoneManager.java:setOMNodeDetails(644)) - OM Service ID is not set. Setting it to the default ID: omServiceIdDefault
2019-07-30 11:30:03,853 INFO  om.OzoneManager (OzoneManager.java:setOMNodeDetails(650)) - OM Node ID is not set. Setting it to the OmStorage's OmID: 11a385d6-230e-4358-99c7-4f9468279838
2019-07-30 11:30:03,854 INFO  om.OzoneManager (OzoneManager.java:loadOMHAConfigs(601)) - Found matching OM address with OMServiceId: null, OMNodeId: null, RPC Address: localhost:0 and Ratis port: 9872
2019-07-30 11:30:04,556 WARN  server.ServerUtils (ServerUtils.java:getDBPath(222)) - ozone.om.db.dirs is not configured. We recommend adding this setting. Falling back to ozone.metadata.dirs instead.
2019-07-30 11:30:04,568 INFO  db.DBStoreBuilder (DBStoreBuilder.java:addTable(110)) - using custom profile for table: userTable
2019-07-30 11:30:04,568 INFO  db.DBStoreBuilder (DBStoreBuilder.java:processTables(161)) - Using default column profile:DBProfile.DISK for Table:userTable
2019-07-30 11:30:04,569 INFO  db.DBStoreBuilder (DBStoreBuilder.java:addTable(110)) - using custom profile for table: volumeTable
2019-07-30 11:30:04,569 INFO  db.DBStoreBuilder (DBStoreBuilder.java:processTables(161)) - Using default column profile:DBProfile.DISK for Table:volumeTable
2019-07-30 11:30:04,569 INFO  db.DBStoreBuilder (DBStoreBuilder.java:addTable(110)) - using custom profile for table: bucketTable
2019-07-30 11:30:04,570 INFO  db.DBStoreBuilder (DBStoreBuilder.java:processTables(161)) - Using default column profile:DBProfile.DISK for Table:bucketTable
2019-07-30 11:30:04,570 INFO  db.DBStoreBuilder (DBStoreBuilder.java:addTable(110)) - using custom profile for table: keyTable
2019-07-30 11:30:04,571 INFO  db.DBStoreBuilder (DBStoreBuilder.java:processTables(161)) - Using default column profile:DBProfile.DISK for Table:keyTable
2019-07-30 11:30:04,571 INFO  db.DBStoreBuilder (DBStoreBuilder.java:addTable(110)) - using custom profile for table: deletedTable
2019-07-30 11:30:04,571 INFO  db.DBStoreBuilder (DBStoreBuilder.java:processTables(161)) - Using default column profile:DBProfile.DISK for Table:deletedTable
2019-07-30 11:30:04,572 INFO  db.DBStoreBuilder (DBStoreBuilder.java:addTable(110)) - using custom profile for table: openKeyTable
2019-07-30 11:30:04,572 INFO  db.DBStoreBuilder (DBStoreBuilder.java:processTables(161)) - Using default column profile:DBProfile.DISK for Table:openKeyTable
2019-07-30 11:30:04,573 INFO  db.DBStoreBuilder (DBStoreBuilder.java:addTable(110)) - using custom profile for table: s3Table
2019-07-30 11:30:04,573 INFO  db.DBStoreBuilder (DBStoreBuilder.java:processTables(161)) - Using default column profile:DBProfile.DISK for Table:s3Table
2019-07-30 11:30:04,573 INFO  db.DBStoreBuilder (DBStoreBuilder.java:addTable(110)) - using custom profile for table: multipartInfoTable
2019-07-30 11:30:04,574 INFO  db.DBStoreBuilder (DBStoreBuilder.java:processTables(161)) - Using default column profile:DBProfile.DISK for Table:multipartInfoTable
2019-07-30 11:30:04,574 INFO  db.DBStoreBuilder (DBStoreBuilder.java:addTable(110)) - using custom profile for table: dTokenTable
2019-07-30 11:30:04,574 INFO  db.DBStoreBuilder (DBStoreBuilder.java:processTables(161)) - Using default column profile:DBProfile.DISK for Table:dTokenTable
2019-07-30 11:30:04,575 INFO  db.DBStoreBuilder (DBStoreBuilder.java:addTable(110)) - using custom profile for table: s3SecretTable
2019-07-30 11:30:04,575 INFO  db.DBStoreBuilder (DBStoreBuilder.java:processTables(161)) - Using default column profile:DBProfile.DISK for Table:s3SecretTable
2019-07-30 11:30:04,576 INFO  db.DBStoreBuilder (DBStoreBuilder.java:addTable(110)) - using custom profile for table: prefixTable
2019-07-30 11:30:04,576 INFO  db.DBStoreBuilder (DBStoreBuilder.java:processTables(161)) - Using default column profile:DBProfile.DISK for Table:prefixTable
2019-07-30 11:30:04,576 INFO  db.DBStoreBuilder (DBStoreBuilder.java:addTable(110)) - using custom profile for table: default
2019-07-30 11:30:04,577 INFO  db.DBStoreBuilder (DBStoreBuilder.java:processTables(167)) - Using default column profile:DBProfile.DISK for Table:default
2019-07-30 11:30:04,577 INFO  db.DBStoreBuilder (DBStoreBuilder.java:getDbProfile(198)) - Using default options. DBProfile.DISK
2019-07-30 11:30:04,979 INFO  ipc.CallQueueManager (CallQueueManager.java:<init>(84)) - Using callQueue: class java.util.concurrent.LinkedBlockingQueue, queueCapacity: 2000, scheduler: class org.apache.hadoop.ipc.DefaultRpcScheduler, ipcBackoff: false.
2019-07-30 11:30:04,981 INFO  ipc.Server (Server.java:run(1074)) - Starting Socket Reader #1 for port 46741
2019-07-30 11:30:04,998 INFO  om.OzoneManager (OzoneManager.java:start(1255)) - OzoneManager RPC server is listening at localhost/127.0.0.1:46741
2019-07-30 11:30:04,999 INFO  impl.MetricsSystemImpl (MetricsSystemImpl.java:init(158)) - OzoneManager metrics system started (again)
2019-07-30 11:30:05,000 INFO  ipc.Server (Server.java:run(1314)) - IPC Server Responder: starting
2019-07-30 11:30:05,001 INFO  ipc.Server (Server.java:run(1153)) - IPC Server listener on 46741: starting
2019-07-30 11:30:05,015 INFO  hdfs.DFSUtil (DFSUtil.java:httpServerTemplateForNNAndJN(1641)) - Starting Web-server for ozoneManager at: http://0.0.0.0:0
2019-07-30 11:30:05,018 INFO  server.AuthenticationFilter (AuthenticationFilter.java:constructSecretProvider(240)) - Unable to initialize FileSignerSecretProvider, falling back to use random secrets.
2019-07-30 11:30:05,019 WARN  http.HttpRequestLog (HttpRequestLog.java:getRequestLog(97)) - Jetty request log can only be enabled using Log4j
2019-07-30 11:30:05,023 INFO  http.HttpServer2 (HttpServer2.java:addGlobalFilter(975)) - Added global filter 'safety' (class=org.apache.hadoop.http.HttpServer2$QuotingInputFilter)
2019-07-30 11:30:05,025 INFO  http.HttpServer2 (HttpServer2.java:addFilter(948)) - Added filter static_user_filter (class=org.apache.hadoop.http.lib.StaticUserWebFilter$StaticUserFilter) to context ozoneManager
2019-07-30 11:30:05,025 INFO  http.HttpServer2 (HttpServer2.java:addFilter(958)) - Added filter static_user_filter (class=org.apache.hadoop.http.lib.StaticUserWebFilter$StaticUserFilter) to context logs
2019-07-30 11:30:05,025 INFO  http.HttpServer2 (HttpServer2.java:addFilter(958)) - Added filter static_user_filter (class=org.apache.hadoop.http.lib.StaticUserWebFilter$StaticUserFilter) to context static
2019-07-30 11:30:05,028 INFO  http.HttpServer2 (HttpServer2.java:bindListener(1191)) - Jetty bound to port 46614
2019-07-30 11:30:05,029 INFO  server.Server (Server.java:doStart(351)) - jetty-9.3.24.v20180605, build timestamp: 2018-06-05T17:11:56Z, git hash: 84205aa28f11a4f31f2a3b86d1bba2cc8ab69827
2019-07-30 11:30:05,031 INFO  handler.ContextHandler (ContextHandler.java:doStart(781)) - Started o.e.j.s.ServletContextHandler@1eea9d2d{/logs,file:///workdir/hadoop-ozone/integration-test/target/log,AVAILABLE}
2019-07-30 11:30:05,032 INFO  handler.ContextHandler (ContextHandler.java:doStart(781)) - Started o.e.j.s.ServletContextHandler@bd2f5a9{/static,file:///workdir/hadoop-ozone/integration-test/target/test-classes/webapps/static,AVAILABLE}
2019-07-30 11:30:05,040 INFO  handler.ContextHandler (ContextHandler.java:doStart(781)) - Started o.e.j.w.WebAppContext@3f36b447{/,file:///workdir/hadoop-ozone/integration-test/target/test-classes/webapps/ozoneManager/,AVAILABLE}{/ozoneManager}
2019-07-30 11:30:05,040 INFO  server.AbstractConnector (AbstractConnector.java:doStart(278)) - Started ServerConnector@6443b128{HTTP/1.1,[http/1.1]}{0.0.0.0:46614}
2019-07-30 11:30:05,041 INFO  server.Server (Server.java:doStart(419)) - Started @3616ms
2019-07-30 11:30:05,042 INFO  server.BaseHttpServer (BaseHttpServer.java:updateConnectorAddress(207)) - HTTP server of OZONEMANAGER is listening at http://0.0.0.0:46614
2019-07-30 11:30:05,414 INFO  impl.MetricsSystemImpl (MetricsSystemImpl.java:init(158)) - HddsDatanode metrics system started (again)
2019-07-30 11:30:05,499 INFO  ozone.HddsDatanodeService (HddsDatanodeService.java:start(184)) - HddsDatanodeService host:byscane-nightly-84vzb-2270395203 ip:192.168.5.149
2019-07-30 11:30:05,529 INFO  volume.HddsVolume (HddsVolume.java:<init>(176)) - Creating Volume: /workdir/hadoop-ozone/integration-test/target/test-dir/MiniOzoneClusterImpl-7145d309-4503-4780-8e11-be9f9b790a3e/datanode-0/data/containers/hdds of  storage type : DISK and capacity : 52710309888
2019-07-30 11:30:05,530 INFO  volume.VolumeSet (VolumeSet.java:initializeVolumeSet(170)) - Added Volume : /workdir/hadoop-ozone/integration-test/target/test-dir/MiniOzoneClusterImpl-7145d309-4503-4780-8e11-be9f9b790a3e/datanode-0/data/containers/hdds to VolumeSet
2019-07-30 11:30:05,533 INFO  volume.ThrottledAsyncChecker (ThrottledAsyncChecker.java:schedule(140)) - Scheduling a check for org.apache.hadoop.ozone.container.common.volume.HddsVolume@21fdfefc
2019-07-30 11:30:05,550 INFO  volume.HddsVolumeChecker (HddsVolumeChecker.java:checkAllVolumes(203)) - Scheduled health check for volume org.apache.hadoop.ozone.container.common.volume.HddsVolume@21fdfefc
2019-07-30 11:30:05,666 INFO  impl.RaftServerProxy (ConfUtils.java:logGet(43)) - raft.rpc.type = GRPC (default)
2019-07-30 11:30:05,743 INFO  grpc.GrpcFactory (GrpcFactory.java:checkPooledByteBufAllocatorUseCacheForAllThreads(45)) - PERFORMANCE WARNING: useCacheForAllThreads is true that may cause Netty to create a lot garbage objects and, as a result, trigger GC.
	It is recommended to disable useCacheForAllThreads by setting -Dorg.apache.ratis.thirdparty.io.netty.allocator.useCacheForAllThreads=false in command line.
2019-07-30 11:30:05,748 INFO  grpc.GrpcConfigKeys$Server (ConfUtils.java:logGet(43)) - raft.grpc.server.port = 0 (default)
2019-07-30 11:30:05,749 INFO  server.GrpcService (ConfUtils.java:logGet(43)) - raft.grpc.message.size.max = 33570816 (custom)
2019-07-30 11:30:05,750 INFO  server.RaftServerConfigKeys (ConfUtils.java:logGet(43)) - raft.server.log.appender.buffer.byte-limit = 33554432 (custom)
2019-07-30 11:30:05,751 INFO  server.GrpcService (ConfUtils.java:logGet(43)) - raft.grpc.flow.control.window = 1MB (=1048576) (default)
2019-07-30 11:30:05,752 INFO  server.RaftServerConfigKeys (ConfUtils.java:logGet(43)) - raft.server.rpc.request.timeout = 3000ms (default)
2019-07-30 11:30:05,908 INFO  server.RaftServerConfigKeys (ConfUtils.java:logGet(43)) - raft.server.storage.dir = [/workdir/hadoop-ozone/integration-test/target/test-dir/MiniOzoneClusterImpl-7145d309-4503-4780-8e11-be9f9b790a3e/datanode-0/data/ratis] (custom)
2019-07-30 11:30:05,942 INFO  replication.SimpleContainerDownloader (SimpleContainerDownloader.java:<init>(72)) - Starting container downloader service to copy containers to replicate.
2019-07-30 11:30:05,954 INFO  hdfs.DFSUtil (DFSUtil.java:httpServerTemplateForNNAndJN(1641)) - Starting Web-server for hddsDatanode at: http://0.0.0.0:0
2019-07-30 11:30:05,956 INFO  server.AuthenticationFilter (AuthenticationFilter.java:constructSecretProvider(240)) - Unable to initialize FileSignerSecretProvider, falling back to use random secrets.
2019-07-30 11:30:05,956 WARN  http.HttpRequestLog (HttpRequestLog.java:getRequestLog(97)) - Jetty request log can only be enabled using Log4j
2019-07-30 11:30:05,958 INFO  http.HttpServer2 (HttpServer2.java:addGlobalFilter(975)) - Added global filter 'safety' (class=org.apache.hadoop.http.HttpServer2$QuotingInputFilter)
2019-07-30 11:30:05,958 INFO  http.HttpServer2 (HttpServer2.java:addFilter(948)) - Added filter static_user_filter (class=org.apache.hadoop.http.lib.StaticUserWebFilter$StaticUserFilter) to context hddsDatanode
2019-07-30 11:30:05,959 INFO  http.HttpServer2 (HttpServer2.java:addFilter(958)) - Added filter static_user_filter (class=org.apache.hadoop.http.lib.StaticUserWebFilter$StaticUserFilter) to context logs
2019-07-30 11:30:05,959 INFO  http.HttpServer2 (HttpServer2.java:addFilter(958)) - Added filter static_user_filter (class=org.apache.hadoop.http.lib.StaticUserWebFilter$StaticUserFilter) to context static
2019-07-30 11:30:05,959 INFO  http.HttpServer2 (HttpServer2.java:bindListener(1191)) - Jetty bound to port 39372
2019-07-30 11:30:05,960 INFO  server.Server (Server.java:doStart(351)) - jetty-9.3.24.v20180605, build timestamp: 2018-06-05T17:11:56Z, git hash: 84205aa28f11a4f31f2a3b86d1bba2cc8ab69827
2019-07-30 11:30:05,962 INFO  handler.ContextHandler (ContextHandler.java:doStart(781)) - Started o.e.j.s.ServletContextHandler@7c36db44{/logs,file:///workdir/hadoop-ozone/integration-test/target/log,AVAILABLE}
2019-07-30 11:30:05,963 INFO  handler.ContextHandler (ContextHandler.java:doStart(781)) - Started o.e.j.s.ServletContextHandler@7903d448{/static,jar:file:/home/user/.m2/repository/org/apache/hadoop/hadoop-hdds-container-service/0.4.1-SNAPSHOT/hadoop-hdds-container-service-0.4.1-SNAPSHOT.jar!/webapps/static,AVAILABLE}
2019-07-30 11:30:05,989 INFO  handler.ContextHandler (ContextHandler.java:doStart(781)) - Started o.e.j.w.WebAppContext@67c5ac52{/,file:///tmp/jetty-0.0.0.0-39372-hddsDatanode-_-any-6518574860038716772.dir/webapp/,AVAILABLE}{/hddsDatanode}
2019-07-30 11:30:05,990 INFO  server.AbstractConnector (AbstractConnector.java:doStart(278)) - Started ServerConnector@36417a54{HTTP/1.1,[http/1.1]}{0.0.0.0:39372}
2019-07-30 11:30:05,990 INFO  server.Server (Server.java:doStart(419)) - Started @4565ms
2019-07-30 11:30:05,991 INFO  server.BaseHttpServer (BaseHttpServer.java:updateConnectorAddress(207)) - HTTP server of HDDSDATANODE is listening at http://0.0.0.0:39372
2019-07-30 11:30:07,096 INFO  ozone.HddsDatanodeService (HddsDatanodeService.java:startPlugins(395)) - Started plug-in org.apache.hadoop.ozone.web.OzoneHddsDatanodeService@359066bc
2019-07-30 11:30:07,097 INFO  impl.MetricsSystemImpl (MetricsSystemImpl.java:init(158)) - HddsDatanode metrics system started (again)
2019-07-30 11:30:07,100 INFO  ozone.HddsDatanodeService (HddsDatanodeService.java:start(184)) - HddsDatanodeService host:byscane-nightly-84vzb-2270395203 ip:192.168.5.149
2019-07-30 11:30:07,103 INFO  util.JvmPauseMonitor (JvmPauseMonitor.java:run(188)) - Starting JVM pause monitor
2019-07-30 11:30:07,110 INFO  volume.HddsVolume (HddsVolume.java:<init>(176)) - Creating Volume: /workdir/hadoop-ozone/integration-test/target/test-dir/MiniOzoneClusterImpl-7145d309-4503-4780-8e11-be9f9b790a3e/datanode-1/data/containers/hdds of  storage type : DISK and capacity : 52710309888
2019-07-30 11:30:07,110 INFO  volume.VolumeSet (VolumeSet.java:initializeVolumeSet(170)) - Added Volume : /workdir/hadoop-ozone/integration-test/target/test-dir/MiniOzoneClusterImpl-7145d309-4503-4780-8e11-be9f9b790a3e/datanode-1/data/containers/hdds to VolumeSet
2019-07-30 11:30:07,111 INFO  volume.ThrottledAsyncChecker (ThrottledAsyncChecker.java:schedule(140)) - Scheduling a check for org.apache.hadoop.ozone.container.common.volume.HddsVolume@902fdbe
2019-07-30 11:30:07,114 INFO  volume.HddsVolumeChecker (HddsVolumeChecker.java:checkAllVolumes(203)) - Scheduled health check for volume org.apache.hadoop.ozone.container.common.volume.HddsVolume@902fdbe
2019-07-30 11:30:07,143 INFO  impl.RaftServerProxy (ConfUtils.java:logGet(43)) - raft.rpc.type = GRPC (default)
2019-07-30 11:30:07,144 INFO  grpc.GrpcFactory (GrpcFactory.java:checkPooledByteBufAllocatorUseCacheForAllThreads(45)) - PERFORMANCE WARNING: useCacheForAllThreads is true that may cause Netty to create a lot garbage objects and, as a result, trigger GC.
	It is recommended to disable useCacheForAllThreads by setting -Dorg.apache.ratis.thirdparty.io.netty.allocator.useCacheForAllThreads=false in command line.
2019-07-30 11:30:07,144 INFO  grpc.GrpcConfigKeys$Server (ConfUtils.java:logGet(43)) - raft.grpc.server.port = 0 (default)
2019-07-30 11:30:07,145 INFO  server.GrpcService (ConfUtils.java:logGet(43)) - raft.grpc.message.size.max = 33570816 (custom)
2019-07-30 11:30:07,145 INFO  server.RaftServerConfigKeys (ConfUtils.java:logGet(43)) - raft.server.log.appender.buffer.byte-limit = 33554432 (custom)
2019-07-30 11:30:07,146 INFO  server.GrpcService (ConfUtils.java:logGet(43)) - raft.grpc.flow.control.window = 1MB (=1048576) (default)
2019-07-30 11:30:07,146 INFO  server.RaftServerConfigKeys (ConfUtils.java:logGet(43)) - raft.server.rpc.request.timeout = 3000ms (default)
2019-07-30 11:30:07,149 INFO  server.RaftServerConfigKeys (ConfUtils.java:logGet(43)) - raft.server.storage.dir = [/workdir/hadoop-ozone/integration-test/target/test-dir/MiniOzoneClusterImpl-7145d309-4503-4780-8e11-be9f9b790a3e/datanode-1/data/ratis] (custom)
2019-07-30 11:30:07,150 INFO  replication.SimpleContainerDownloader (SimpleContainerDownloader.java:<init>(72)) - Starting container downloader service to copy containers to replicate.
2019-07-30 11:30:07,152 INFO  hdfs.DFSUtil (DFSUtil.java:httpServerTemplateForNNAndJN(1641)) - Starting Web-server for hddsDatanode at: http://0.0.0.0:0
2019-07-30 11:30:07,156 INFO  server.AuthenticationFilter (AuthenticationFilter.java:constructSecretProvider(240)) - Unable to initialize FileSignerSecretProvider, falling back to use random secrets.
2019-07-30 11:30:07,158 WARN  http.HttpRequestLog (HttpRequestLog.java:getRequestLog(97)) - Jetty request log can only be enabled using Log4j
2019-07-30 11:30:07,161 INFO  http.HttpServer2 (HttpServer2.java:addGlobalFilter(975)) - Added global filter 'safety' (class=org.apache.hadoop.http.HttpServer2$QuotingInputFilter)
2019-07-30 11:30:07,162 INFO  http.HttpServer2 (HttpServer2.java:addFilter(948)) - Added filter static_user_filter (class=org.apache.hadoop.http.lib.StaticUserWebFilter$StaticUserFilter) to context hddsDatanode
2019-07-30 11:30:07,162 INFO  http.HttpServer2 (HttpServer2.java:addFilter(958)) - Added filter static_user_filter (class=org.apache.hadoop.http.lib.StaticUserWebFilter$StaticUserFilter) to context logs
2019-07-30 11:30:07,162 INFO  http.HttpServer2 (HttpServer2.java:addFilter(958)) - Added filter static_user_filter (class=org.apache.hadoop.http.lib.StaticUserWebFilter$StaticUserFilter) to context static
2019-07-30 11:30:07,164 INFO  http.HttpServer2 (HttpServer2.java:bindListener(1191)) - Jetty bound to port 34176
2019-07-30 11:30:07,165 INFO  server.Server (Server.java:doStart(351)) - jetty-9.3.24.v20180605, build timestamp: 2018-06-05T17:11:56Z, git hash: 84205aa28f11a4f31f2a3b86d1bba2cc8ab69827
2019-07-30 11:30:07,168 INFO  handler.ContextHandler (ContextHandler.java:doStart(781)) - Started o.e.j.s.ServletContextHandler@4bf80c29{/logs,file:///workdir/hadoop-ozone/integration-test/target/log,AVAILABLE}
2019-07-30 11:30:07,169 INFO  handler.ContextHandler (ContextHandler.java:doStart(781)) - Started o.e.j.s.ServletContextHandler@515b9d4a{/static,jar:file:/home/user/.m2/repository/org/apache/hadoop/hadoop-hdds-container-service/0.4.1-SNAPSHOT/hadoop-hdds-container-service-0.4.1-SNAPSHOT.jar!/webapps/static,AVAILABLE}
2019-07-30 11:30:07,214 INFO  handler.ContextHandler (ContextHandler.java:doStart(781)) - Started o.e.j.w.WebAppContext@1c628f6a{/,file:///tmp/jetty-0.0.0.0-34176-hddsDatanode-_-any-4907011270470935992.dir/webapp/,AVAILABLE}{/hddsDatanode}
2019-07-30 11:30:07,216 INFO  server.AbstractConnector (AbstractConnector.java:doStart(278)) - Started ServerConnector@9b47400{HTTP/1.1,[http/1.1]}{0.0.0.0:34176}
2019-07-30 11:30:07,217 INFO  server.Server (Server.java:doStart(419)) - Started @5792ms
2019-07-30 11:30:07,218 INFO  server.BaseHttpServer (BaseHttpServer.java:updateConnectorAddress(207)) - HTTP server of HDDSDATANODE is listening at http://0.0.0.0:34176
2019-07-30 11:30:07,250 INFO  datanode.InitDatanodeState (InitDatanodeState.java:persistContainerDatanodeDetails(140)) - DatanodeDetails is persisted to /workdir/hadoop-ozone/integration-test/target/test-dir/MiniOzoneClusterImpl-7145d309-4503-4780-8e11-be9f9b790a3e/datanode-0/meta/datanode.id
2019-07-30 11:30:07,386 INFO  ozone.HddsDatanodeService (HddsDatanodeService.java:startPlugins(395)) - Started plug-in org.apache.hadoop.ozone.web.OzoneHddsDatanodeService@4f1fb828
2019-07-30 11:30:07,387 INFO  impl.MetricsSystemImpl (MetricsSystemImpl.java:init(158)) - HddsDatanode metrics system started (again)
2019-07-30 11:30:07,390 INFO  util.JvmPauseMonitor (JvmPauseMonitor.java:run(188)) - Starting JVM pause monitor
2019-07-30 11:30:07,390 INFO  ozone.HddsDatanodeService (HddsDatanodeService.java:start(184)) - HddsDatanodeService host:byscane-nightly-84vzb-2270395203 ip:192.168.5.149
2019-07-30 11:30:07,397 INFO  datanode.InitDatanodeState (InitDatanodeState.java:persistContainerDatanodeDetails(140)) - DatanodeDetails is persisted to /workdir/hadoop-ozone/integration-test/target/test-dir/MiniOzoneClusterImpl-7145d309-4503-4780-8e11-be9f9b790a3e/datanode-1/meta/datanode.id
2019-07-30 11:30:07,403 INFO  volume.HddsVolume (HddsVolume.java:<init>(176)) - Creating Volume: /workdir/hadoop-ozone/integration-test/target/test-dir/MiniOzoneClusterImpl-7145d309-4503-4780-8e11-be9f9b790a3e/datanode-2/data/containers/hdds of  storage type : DISK and capacity : 52710309888
2019-07-30 11:30:07,404 INFO  volume.VolumeSet (VolumeSet.java:initializeVolumeSet(170)) - Added Volume : /workdir/hadoop-ozone/integration-test/target/test-dir/MiniOzoneClusterImpl-7145d309-4503-4780-8e11-be9f9b790a3e/datanode-2/data/containers/hdds to VolumeSet
2019-07-30 11:30:07,404 INFO  volume.ThrottledAsyncChecker (ThrottledAsyncChecker.java:schedule(140)) - Scheduling a check for org.apache.hadoop.ozone.container.common.volume.HddsVolume@7a65a360
2019-07-30 11:30:07,405 INFO  volume.HddsVolumeChecker (HddsVolumeChecker.java:checkAllVolumes(203)) - Scheduled health check for volume org.apache.hadoop.ozone.container.common.volume.HddsVolume@7a65a360
2019-07-30 11:30:07,420 INFO  impl.RaftServerProxy (ConfUtils.java:logGet(43)) - raft.rpc.type = GRPC (default)
2019-07-30 11:30:07,420 INFO  grpc.GrpcFactory (GrpcFactory.java:checkPooledByteBufAllocatorUseCacheForAllThreads(45)) - PERFORMANCE WARNING: useCacheForAllThreads is true that may cause Netty to create a lot garbage objects and, as a result, trigger GC.
	It is recommended to disable useCacheForAllThreads by setting -Dorg.apache.ratis.thirdparty.io.netty.allocator.useCacheForAllThreads=false in command line.
2019-07-30 11:30:07,420 INFO  grpc.GrpcConfigKeys$Server (ConfUtils.java:logGet(43)) - raft.grpc.server.port = 0 (default)
2019-07-30 11:30:07,421 INFO  server.GrpcService (ConfUtils.java:logGet(43)) - raft.grpc.message.size.max = 33570816 (custom)
2019-07-30 11:30:07,421 INFO  server.RaftServerConfigKeys (ConfUtils.java:logGet(43)) - raft.server.log.appender.buffer.byte-limit = 33554432 (custom)
2019-07-30 11:30:07,421 INFO  server.GrpcService (ConfUtils.java:logGet(43)) - raft.grpc.flow.control.window = 1MB (=1048576) (default)
2019-07-30 11:30:07,421 INFO  server.RaftServerConfigKeys (ConfUtils.java:logGet(43)) - raft.server.rpc.request.timeout = 3000ms (default)
2019-07-30 11:30:07,422 INFO  server.RaftServerConfigKeys (ConfUtils.java:logGet(43)) - raft.server.storage.dir = [/workdir/hadoop-ozone/integration-test/target/test-dir/MiniOzoneClusterImpl-7145d309-4503-4780-8e11-be9f9b790a3e/datanode-2/data/ratis] (custom)
2019-07-30 11:30:07,423 INFO  replication.SimpleContainerDownloader (SimpleContainerDownloader.java:<init>(72)) - Starting container downloader service to copy containers to replicate.
2019-07-30 11:30:07,424 INFO  hdfs.DFSUtil (DFSUtil.java:httpServerTemplateForNNAndJN(1641)) - Starting Web-server for hddsDatanode at: http://0.0.0.0:0
2019-07-30 11:30:07,425 INFO  server.AuthenticationFilter (AuthenticationFilter.java:constructSecretProvider(240)) - Unable to initialize FileSignerSecretProvider, falling back to use random secrets.
2019-07-30 11:30:07,426 WARN  http.HttpRequestLog (HttpRequestLog.java:getRequestLog(97)) - Jetty request log can only be enabled using Log4j
2019-07-30 11:30:07,427 INFO  http.HttpServer2 (HttpServer2.java:addGlobalFilter(975)) - Added global filter 'safety' (class=org.apache.hadoop.http.HttpServer2$QuotingInputFilter)
2019-07-30 11:30:07,428 INFO  http.HttpServer2 (HttpServer2.java:addFilter(948)) - Added filter static_user_filter (class=org.apache.hadoop.http.lib.StaticUserWebFilter$StaticUserFilter) to context hddsDatanode
2019-07-30 11:30:07,428 INFO  http.HttpServer2 (HttpServer2.java:addFilter(958)) - Added filter static_user_filter (class=org.apache.hadoop.http.lib.StaticUserWebFilter$StaticUserFilter) to context static
2019-07-30 11:30:07,428 INFO  http.HttpServer2 (HttpServer2.java:addFilter(958)) - Added filter static_user_filter (class=org.apache.hadoop.http.lib.StaticUserWebFilter$StaticUserFilter) to context logs
2019-07-30 11:30:07,429 INFO  http.HttpServer2 (HttpServer2.java:bindListener(1191)) - Jetty bound to port 42878
2019-07-30 11:30:07,429 INFO  server.Server (Server.java:doStart(351)) - jetty-9.3.24.v20180605, build timestamp: 2018-06-05T17:11:56Z, git hash: 84205aa28f11a4f31f2a3b86d1bba2cc8ab69827
2019-07-30 11:30:07,433 INFO  handler.ContextHandler (ContextHandler.java:doStart(781)) - Started o.e.j.s.ServletContextHandler@6b37df8e{/logs,file:///workdir/hadoop-ozone/integration-test/target/log,AVAILABLE}
2019-07-30 11:30:07,433 INFO  handler.ContextHandler (ContextHandler.java:doStart(781)) - Started o.e.j.s.ServletContextHandler@7b351446{/static,jar:file:/home/user/.m2/repository/org/apache/hadoop/hadoop-hdds-container-service/0.4.1-SNAPSHOT/hadoop-hdds-container-service-0.4.1-SNAPSHOT.jar!/webapps/static,AVAILABLE}
2019-07-30 11:30:07,461 INFO  handler.ContextHandler (ContextHandler.java:doStart(781)) - Started o.e.j.w.WebAppContext@2199e845{/,file:///tmp/jetty-0.0.0.0-42878-hddsDatanode-_-any-3697455095748681116.dir/webapp/,AVAILABLE}{/hddsDatanode}
2019-07-30 11:30:07,462 INFO  server.AbstractConnector (AbstractConnector.java:doStart(278)) - Started ServerConnector@27976390{HTTP/1.1,[http/1.1]}{0.0.0.0:42878}
2019-07-30 11:30:07,463 INFO  server.Server (Server.java:doStart(419)) - Started @6038ms
2019-07-30 11:30:07,464 INFO  server.BaseHttpServer (BaseHttpServer.java:updateConnectorAddress(207)) - HTTP server of HDDSDATANODE is listening at http://0.0.0.0:42878
2019-07-30 11:30:07,598 INFO  ozone.HddsDatanodeService (HddsDatanodeService.java:startPlugins(395)) - Started plug-in org.apache.hadoop.ozone.web.OzoneHddsDatanodeService@3b35798
2019-07-30 11:30:07,599 INFO  impl.MetricsSystemImpl (MetricsSystemImpl.java:init(158)) - HddsDatanode metrics system started (again)
2019-07-30 11:30:07,601 INFO  ozone.HddsDatanodeService (HddsDatanodeService.java:start(184)) - HddsDatanodeService host:byscane-nightly-84vzb-2270395203 ip:192.168.5.149
2019-07-30 11:30:07,602 INFO  util.JvmPauseMonitor (JvmPauseMonitor.java:run(188)) - Starting JVM pause monitor
2019-07-30 11:30:07,605 INFO  datanode.InitDatanodeState (InitDatanodeState.java:persistContainerDatanodeDetails(140)) - DatanodeDetails is persisted to /workdir/hadoop-ozone/integration-test/target/test-dir/MiniOzoneClusterImpl-7145d309-4503-4780-8e11-be9f9b790a3e/datanode-2/meta/datanode.id
2019-07-30 11:30:07,609 INFO  volume.HddsVolume (HddsVolume.java:<init>(176)) - Creating Volume: /workdir/hadoop-ozone/integration-test/target/test-dir/MiniOzoneClusterImpl-7145d309-4503-4780-8e11-be9f9b790a3e/datanode-3/data/containers/hdds of  storage type : DISK and capacity : 52710309888
2019-07-30 11:30:07,610 INFO  volume.VolumeSet (VolumeSet.java:initializeVolumeSet(170)) - Added Volume : /workdir/hadoop-ozone/integration-test/target/test-dir/MiniOzoneClusterImpl-7145d309-4503-4780-8e11-be9f9b790a3e/datanode-3/data/containers/hdds to VolumeSet
2019-07-30 11:30:07,610 INFO  volume.ThrottledAsyncChecker (ThrottledAsyncChecker.java:schedule(140)) - Scheduling a check for org.apache.hadoop.ozone.container.common.volume.HddsVolume@3a3b10f4
2019-07-30 11:30:07,611 INFO  volume.HddsVolumeChecker (HddsVolumeChecker.java:checkAllVolumes(203)) - Scheduled health check for volume org.apache.hadoop.ozone.container.common.volume.HddsVolume@3a3b10f4
2019-07-30 11:30:07,626 INFO  impl.RaftServerProxy (ConfUtils.java:logGet(43)) - raft.rpc.type = GRPC (default)
2019-07-30 11:30:07,626 INFO  grpc.GrpcFactory (GrpcFactory.java:checkPooledByteBufAllocatorUseCacheForAllThreads(45)) - PERFORMANCE WARNING: useCacheForAllThreads is true that may cause Netty to create a lot garbage objects and, as a result, trigger GC.
	It is recommended to disable useCacheForAllThreads by setting -Dorg.apache.ratis.thirdparty.io.netty.allocator.useCacheForAllThreads=false in command line.
2019-07-30 11:30:07,626 INFO  grpc.GrpcConfigKeys$Server (ConfUtils.java:logGet(43)) - raft.grpc.server.port = 0 (default)
2019-07-30 11:30:07,626 INFO  server.GrpcService (ConfUtils.java:logGet(43)) - raft.grpc.message.size.max = 33570816 (custom)
2019-07-30 11:30:07,627 INFO  server.RaftServerConfigKeys (ConfUtils.java:logGet(43)) - raft.server.log.appender.buffer.byte-limit = 33554432 (custom)
2019-07-30 11:30:07,627 INFO  server.GrpcService (ConfUtils.java:logGet(43)) - raft.grpc.flow.control.window = 1MB (=1048576) (default)
2019-07-30 11:30:07,627 INFO  server.RaftServerConfigKeys (ConfUtils.java:logGet(43)) - raft.server.rpc.request.timeout = 3000ms (default)
2019-07-30 11:30:07,628 INFO  server.RaftServerConfigKeys (ConfUtils.java:logGet(43)) - raft.server.storage.dir = [/workdir/hadoop-ozone/integration-test/target/test-dir/MiniOzoneClusterImpl-7145d309-4503-4780-8e11-be9f9b790a3e/datanode-3/data/ratis] (custom)
2019-07-30 11:30:07,628 INFO  replication.SimpleContainerDownloader (SimpleContainerDownloader.java:<init>(72)) - Starting container downloader service to copy containers to replicate.
2019-07-30 11:30:07,629 INFO  hdfs.DFSUtil (DFSUtil.java:httpServerTemplateForNNAndJN(1641)) - Starting Web-server for hddsDatanode at: http://0.0.0.0:0
2019-07-30 11:30:07,631 INFO  server.AuthenticationFilter (AuthenticationFilter.java:constructSecretProvider(240)) - Unable to initialize FileSignerSecretProvider, falling back to use random secrets.
2019-07-30 11:30:07,631 WARN  http.HttpRequestLog (HttpRequestLog.java:getRequestLog(97)) - Jetty request log can only be enabled using Log4j
2019-07-30 11:30:07,632 INFO  http.HttpServer2 (HttpServer2.java:addGlobalFilter(975)) - Added global filter 'safety' (class=org.apache.hadoop.http.HttpServer2$QuotingInputFilter)
2019-07-30 11:30:07,633 INFO  http.HttpServer2 (HttpServer2.java:addFilter(948)) - Added filter static_user_filter (class=org.apache.hadoop.http.lib.StaticUserWebFilter$StaticUserFilter) to context hddsDatanode
2019-07-30 11:30:07,634 INFO  http.HttpServer2 (HttpServer2.java:addFilter(958)) - Added filter static_user_filter (class=org.apache.hadoop.http.lib.StaticUserWebFilter$StaticUserFilter) to context static
2019-07-30 11:30:07,634 INFO  http.HttpServer2 (HttpServer2.java:addFilter(958)) - Added filter static_user_filter (class=org.apache.hadoop.http.lib.StaticUserWebFilter$StaticUserFilter) to context logs
2019-07-30 11:30:07,634 INFO  http.HttpServer2 (HttpServer2.java:bindListener(1191)) - Jetty bound to port 34347
2019-07-30 11:30:07,635 INFO  server.Server (Server.java:doStart(351)) - jetty-9.3.24.v20180605, build timestamp: 2018-06-05T17:11:56Z, git hash: 84205aa28f11a4f31f2a3b86d1bba2cc8ab69827
2019-07-30 11:30:07,637 INFO  handler.ContextHandler (ContextHandler.java:doStart(781)) - Started o.e.j.s.ServletContextHandler@4b03cbad{/logs,file:///workdir/hadoop-ozone/integration-test/target/log,AVAILABLE}
2019-07-30 11:30:07,637 INFO  handler.ContextHandler (ContextHandler.java:doStart(781)) - Started o.e.j.s.ServletContextHandler@5c313224{/static,jar:file:/home/user/.m2/repository/org/apache/hadoop/hadoop-hdds-container-service/0.4.1-SNAPSHOT/hadoop-hdds-container-service-0.4.1-SNAPSHOT.jar!/webapps/static,AVAILABLE}
2019-07-30 11:30:07,672 INFO  handler.ContextHandler (ContextHandler.java:doStart(781)) - Started o.e.j.w.WebAppContext@58aa1d72{/,file:///tmp/jetty-0.0.0.0-34347-hddsDatanode-_-any-1551191754715611975.dir/webapp/,AVAILABLE}{/hddsDatanode}
2019-07-30 11:30:07,673 INFO  server.AbstractConnector (AbstractConnector.java:doStart(278)) - Started ServerConnector@33d7765a{HTTP/1.1,[http/1.1]}{0.0.0.0:34347}
2019-07-30 11:30:07,675 INFO  server.Server (Server.java:doStart(419)) - Started @6250ms
2019-07-30 11:30:07,676 INFO  server.BaseHttpServer (BaseHttpServer.java:updateConnectorAddress(207)) - HTTP server of HDDSDATANODE is listening at http://0.0.0.0:34347
2019-07-30 11:30:07,807 INFO  ozone.HddsDatanodeService (HddsDatanodeService.java:startPlugins(395)) - Started plug-in org.apache.hadoop.ozone.web.OzoneHddsDatanodeService@8b13d91
2019-07-30 11:30:07,808 INFO  impl.MetricsSystemImpl (MetricsSystemImpl.java:init(158)) - HddsDatanode metrics system started (again)
2019-07-30 11:30:07,810 INFO  ozone.HddsDatanodeService (HddsDatanodeService.java:start(184)) - HddsDatanodeService host:byscane-nightly-84vzb-2270395203 ip:192.168.5.149
2019-07-30 11:30:07,811 INFO  util.JvmPauseMonitor (JvmPauseMonitor.java:run(188)) - Starting JVM pause monitor
2019-07-30 11:30:07,814 INFO  datanode.InitDatanodeState (InitDatanodeState.java:persistContainerDatanodeDetails(140)) - DatanodeDetails is persisted to /workdir/hadoop-ozone/integration-test/target/test-dir/MiniOzoneClusterImpl-7145d309-4503-4780-8e11-be9f9b790a3e/datanode-3/meta/datanode.id
2019-07-30 11:30:07,818 INFO  volume.HddsVolume (HddsVolume.java:<init>(176)) - Creating Volume: /workdir/hadoop-ozone/integration-test/target/test-dir/MiniOzoneClusterImpl-7145d309-4503-4780-8e11-be9f9b790a3e/datanode-4/data/containers/hdds of  storage type : DISK and capacity : 52710309888
2019-07-30 11:30:07,821 INFO  volume.VolumeSet (VolumeSet.java:initializeVolumeSet(170)) - Added Volume : /workdir/hadoop-ozone/integration-test/target/test-dir/MiniOzoneClusterImpl-7145d309-4503-4780-8e11-be9f9b790a3e/datanode-4/data/containers/hdds to VolumeSet
2019-07-30 11:30:07,821 INFO  volume.ThrottledAsyncChecker (ThrottledAsyncChecker.java:schedule(140)) - Scheduling a check for org.apache.hadoop.ozone.container.common.volume.HddsVolume@61359e87
2019-07-30 11:30:07,821 INFO  volume.HddsVolumeChecker (HddsVolumeChecker.java:checkAllVolumes(203)) - Scheduled health check for volume org.apache.hadoop.ozone.container.common.volume.HddsVolume@61359e87
2019-07-30 11:30:07,836 INFO  impl.RaftServerProxy (ConfUtils.java:logGet(43)) - raft.rpc.type = GRPC (default)
2019-07-30 11:30:07,836 INFO  grpc.GrpcFactory (GrpcFactory.java:checkPooledByteBufAllocatorUseCacheForAllThreads(45)) - PERFORMANCE WARNING: useCacheForAllThreads is true that may cause Netty to create a lot garbage objects and, as a result, trigger GC.
	It is recommended to disable useCacheForAllThreads by setting -Dorg.apache.ratis.thirdparty.io.netty.allocator.useCacheForAllThreads=false in command line.
2019-07-30 11:30:07,836 INFO  grpc.GrpcConfigKeys$Server (ConfUtils.java:logGet(43)) - raft.grpc.server.port = 0 (default)
2019-07-30 11:30:07,836 INFO  server.GrpcService (ConfUtils.java:logGet(43)) - raft.grpc.message.size.max = 33570816 (custom)
2019-07-30 11:30:07,837 INFO  server.RaftServerConfigKeys (ConfUtils.java:logGet(43)) - raft.server.log.appender.buffer.byte-limit = 33554432 (custom)
2019-07-30 11:30:07,837 INFO  server.GrpcService (ConfUtils.java:logGet(43)) - raft.grpc.flow.control.window = 1MB (=1048576) (default)
2019-07-30 11:30:07,837 INFO  server.RaftServerConfigKeys (ConfUtils.java:logGet(43)) - raft.server.rpc.request.timeout = 3000ms (default)
2019-07-30 11:30:07,838 INFO  server.RaftServerConfigKeys (ConfUtils.java:logGet(43)) - raft.server.storage.dir = [/workdir/hadoop-ozone/integration-test/target/test-dir/MiniOzoneClusterImpl-7145d309-4503-4780-8e11-be9f9b790a3e/datanode-4/data/ratis] (custom)
2019-07-30 11:30:07,838 INFO  replication.SimpleContainerDownloader (SimpleContainerDownloader.java:<init>(72)) - Starting container downloader service to copy containers to replicate.
2019-07-30 11:30:07,839 INFO  hdfs.DFSUtil (DFSUtil.java:httpServerTemplateForNNAndJN(1641)) - Starting Web-server for hddsDatanode at: http://0.0.0.0:0
2019-07-30 11:30:07,841 INFO  server.AuthenticationFilter (AuthenticationFilter.java:constructSecretProvider(240)) - Unable to initialize FileSignerSecretProvider, falling back to use random secrets.
2019-07-30 11:30:07,841 WARN  http.HttpRequestLog (HttpRequestLog.java:getRequestLog(97)) - Jetty request log can only be enabled using Log4j
2019-07-30 11:30:07,842 INFO  http.HttpServer2 (HttpServer2.java:addGlobalFilter(975)) - Added global filter 'safety' (class=org.apache.hadoop.http.HttpServer2$QuotingInputFilter)
2019-07-30 11:30:07,843 INFO  http.HttpServer2 (HttpServer2.java:addFilter(948)) - Added filter static_user_filter (class=org.apache.hadoop.http.lib.StaticUserWebFilter$StaticUserFilter) to context hddsDatanode
2019-07-30 11:30:07,844 INFO  http.HttpServer2 (HttpServer2.java:addFilter(958)) - Added filter static_user_filter (class=org.apache.hadoop.http.lib.StaticUserWebFilter$StaticUserFilter) to context static
2019-07-30 11:30:07,844 INFO  http.HttpServer2 (HttpServer2.java:addFilter(958)) - Added filter static_user_filter (class=org.apache.hadoop.http.lib.StaticUserWebFilter$StaticUserFilter) to context logs
2019-07-30 11:30:07,845 INFO  http.HttpServer2 (HttpServer2.java:bindListener(1191)) - Jetty bound to port 43864
2019-07-30 11:30:07,845 INFO  server.Server (Server.java:doStart(351)) - jetty-9.3.24.v20180605, build timestamp: 2018-06-05T17:11:56Z, git hash: 84205aa28f11a4f31f2a3b86d1bba2cc8ab69827
2019-07-30 11:30:07,850 INFO  handler.ContextHandler (ContextHandler.java:doStart(781)) - Started o.e.j.s.ServletContextHandler@65cc5252{/logs,file:///workdir/hadoop-ozone/integration-test/target/log,AVAILABLE}
2019-07-30 11:30:07,850 INFO  handler.ContextHandler (ContextHandler.java:doStart(781)) - Started o.e.j.s.ServletContextHandler@2dbfa972{/static,jar:file:/home/user/.m2/repository/org/apache/hadoop/hadoop-hdds-container-service/0.4.1-SNAPSHOT/hadoop-hdds-container-service-0.4.1-SNAPSHOT.jar!/webapps/static,AVAILABLE}
2019-07-30 11:30:07,888 INFO  handler.ContextHandler (ContextHandler.java:doStart(781)) - Started o.e.j.w.WebAppContext@69a40b3c{/,file:///tmp/jetty-0.0.0.0-43864-hddsDatanode-_-any-6750169679977088311.dir/webapp/,AVAILABLE}{/hddsDatanode}
2019-07-30 11:30:07,889 INFO  server.AbstractConnector (AbstractConnector.java:doStart(278)) - Started ServerConnector@251c90f{HTTP/1.1,[http/1.1]}{0.0.0.0:43864}
2019-07-30 11:30:07,890 INFO  server.Server (Server.java:doStart(419)) - Started @6465ms
2019-07-30 11:30:07,891 INFO  server.BaseHttpServer (BaseHttpServer.java:updateConnectorAddress(207)) - HTTP server of HDDSDATANODE is listening at http://0.0.0.0:43864
2019-07-30 11:30:08,017 INFO  ozone.HddsDatanodeService (HddsDatanodeService.java:startPlugins(395)) - Started plug-in org.apache.hadoop.ozone.web.OzoneHddsDatanodeService@27e199ce
2019-07-30 11:30:08,017 INFO  impl.MetricsSystemImpl (MetricsSystemImpl.java:init(158)) - HddsDatanode metrics system started (again)
2019-07-30 11:30:08,020 INFO  ozone.HddsDatanodeService (HddsDatanodeService.java:start(184)) - HddsDatanodeService host:byscane-nightly-84vzb-2270395203 ip:192.168.5.149
2019-07-30 11:30:08,021 INFO  util.JvmPauseMonitor (JvmPauseMonitor.java:run(188)) - Starting JVM pause monitor
2019-07-30 11:30:08,024 INFO  datanode.InitDatanodeState (InitDatanodeState.java:persistContainerDatanodeDetails(140)) - DatanodeDetails is persisted to /workdir/hadoop-ozone/integration-test/target/test-dir/MiniOzoneClusterImpl-7145d309-4503-4780-8e11-be9f9b790a3e/datanode-4/meta/datanode.id
2019-07-30 11:30:08,028 INFO  volume.HddsVolume (HddsVolume.java:<init>(176)) - Creating Volume: /workdir/hadoop-ozone/integration-test/target/test-dir/MiniOzoneClusterImpl-7145d309-4503-4780-8e11-be9f9b790a3e/datanode-5/data/containers/hdds of  storage type : DISK and capacity : 52710309888
2019-07-30 11:30:08,028 INFO  volume.VolumeSet (VolumeSet.java:initializeVolumeSet(170)) - Added Volume : /workdir/hadoop-ozone/integration-test/target/test-dir/MiniOzoneClusterImpl-7145d309-4503-4780-8e11-be9f9b790a3e/datanode-5/data/containers/hdds to VolumeSet
2019-07-30 11:30:08,028 INFO  volume.ThrottledAsyncChecker (ThrottledAsyncChecker.java:schedule(140)) - Scheduling a check for org.apache.hadoop.ozone.container.common.volume.HddsVolume@54f6b629
2019-07-30 11:30:08,029 INFO  volume.HddsVolumeChecker (HddsVolumeChecker.java:checkAllVolumes(203)) - Scheduled health check for volume org.apache.hadoop.ozone.container.common.volume.HddsVolume@54f6b629
2019-07-30 11:30:08,042 INFO  impl.RaftServerProxy (ConfUtils.java:logGet(43)) - raft.rpc.type = GRPC (default)
2019-07-30 11:30:08,043 INFO  grpc.GrpcFactory (GrpcFactory.java:checkPooledByteBufAllocatorUseCacheForAllThreads(45)) - PERFORMANCE WARNING: useCacheForAllThreads is true that may cause Netty to create a lot garbage objects and, as a result, trigger GC.
	It is recommended to disable useCacheForAllThreads by setting -Dorg.apache.ratis.thirdparty.io.netty.allocator.useCacheForAllThreads=false in command line.
2019-07-30 11:30:08,043 INFO  grpc.GrpcConfigKeys$Server (ConfUtils.java:logGet(43)) - raft.grpc.server.port = 0 (default)
2019-07-30 11:30:08,043 INFO  server.GrpcService (ConfUtils.java:logGet(43)) - raft.grpc.message.size.max = 33570816 (custom)
2019-07-30 11:30:08,043 INFO  server.RaftServerConfigKeys (ConfUtils.java:logGet(43)) - raft.server.log.appender.buffer.byte-limit = 33554432 (custom)
2019-07-30 11:30:08,044 INFO  server.GrpcService (ConfUtils.java:logGet(43)) - raft.grpc.flow.control.window = 1MB (=1048576) (default)
2019-07-30 11:30:08,044 INFO  server.RaftServerConfigKeys (ConfUtils.java:logGet(43)) - raft.server.rpc.request.timeout = 3000ms (default)
2019-07-30 11:30:08,044 INFO  server.RaftServerConfigKeys (ConfUtils.java:logGet(43)) - raft.server.storage.dir = [/workdir/hadoop-ozone/integration-test/target/test-dir/MiniOzoneClusterImpl-7145d309-4503-4780-8e11-be9f9b790a3e/datanode-5/data/ratis] (custom)
2019-07-30 11:30:08,045 INFO  replication.SimpleContainerDownloader (SimpleContainerDownloader.java:<init>(72)) - Starting container downloader service to copy containers to replicate.
2019-07-30 11:30:08,046 INFO  hdfs.DFSUtil (DFSUtil.java:httpServerTemplateForNNAndJN(1641)) - Starting Web-server for hddsDatanode at: http://0.0.0.0:0
2019-07-30 11:30:08,047 INFO  server.AuthenticationFilter (AuthenticationFilter.java:constructSecretProvider(240)) - Unable to initialize FileSignerSecretProvider, falling back to use random secrets.
2019-07-30 11:30:08,048 WARN  http.HttpRequestLog (HttpRequestLog.java:getRequestLog(97)) - Jetty request log can only be enabled using Log4j
2019-07-30 11:30:08,049 INFO  http.HttpServer2 (HttpServer2.java:addGlobalFilter(975)) - Added global filter 'safety' (class=org.apache.hadoop.http.HttpServer2$QuotingInputFilter)
2019-07-30 11:30:08,050 INFO  http.HttpServer2 (HttpServer2.java:addFilter(948)) - Added filter static_user_filter (class=org.apache.hadoop.http.lib.StaticUserWebFilter$StaticUserFilter) to context hddsDatanode
2019-07-30 11:30:08,050 INFO  http.HttpServer2 (HttpServer2.java:addFilter(958)) - Added filter static_user_filter (class=org.apache.hadoop.http.lib.StaticUserWebFilter$StaticUserFilter) to context logs
2019-07-30 11:30:08,050 INFO  http.HttpServer2 (HttpServer2.java:addFilter(958)) - Added filter static_user_filter (class=org.apache.hadoop.http.lib.StaticUserWebFilter$StaticUserFilter) to context static
2019-07-30 11:30:08,051 INFO  http.HttpServer2 (HttpServer2.java:bindListener(1191)) - Jetty bound to port 41112
2019-07-30 11:30:08,051 INFO  server.Server (Server.java:doStart(351)) - jetty-9.3.24.v20180605, build timestamp: 2018-06-05T17:11:56Z, git hash: 84205aa28f11a4f31f2a3b86d1bba2cc8ab69827
2019-07-30 11:30:08,053 INFO  handler.ContextHandler (ContextHandler.java:doStart(781)) - Started o.e.j.s.ServletContextHandler@24d8f87a{/logs,file:///workdir/hadoop-ozone/integration-test/target/log,AVAILABLE}
2019-07-30 11:30:08,054 INFO  handler.ContextHandler (ContextHandler.java:doStart(781)) - Started o.e.j.s.ServletContextHandler@255d9277{/static,jar:file:/home/user/.m2/repository/org/apache/hadoop/hadoop-hdds-container-service/0.4.1-SNAPSHOT/hadoop-hdds-container-service-0.4.1-SNAPSHOT.jar!/webapps/static,AVAILABLE}
2019-07-30 11:30:08,089 INFO  handler.ContextHandler (ContextHandler.java:doStart(781)) - Started o.e.j.w.WebAppContext@11c581a0{/,file:///tmp/jetty-0.0.0.0-41112-hddsDatanode-_-any-4911990199503463277.dir/webapp/,AVAILABLE}{/hddsDatanode}
2019-07-30 11:30:08,091 INFO  server.AbstractConnector (AbstractConnector.java:doStart(278)) - Started ServerConnector@256589a1{HTTP/1.1,[http/1.1]}{0.0.0.0:41112}
2019-07-30 11:30:08,092 INFO  server.Server (Server.java:doStart(419)) - Started @6667ms
2019-07-30 11:30:08,093 INFO  server.BaseHttpServer (BaseHttpServer.java:updateConnectorAddress(207)) - HTTP server of HDDSDATANODE is listening at http://0.0.0.0:41112
2019-07-30 11:30:08,273 INFO  ozone.HddsDatanodeService (HddsDatanodeService.java:startPlugins(395)) - Started plug-in org.apache.hadoop.ozone.web.OzoneHddsDatanodeService@22f8adc2
2019-07-30 11:30:08,273 INFO  impl.MetricsSystemImpl (MetricsSystemImpl.java:init(158)) - HddsDatanode metrics system started (again)
2019-07-30 11:30:08,276 INFO  ozone.HddsDatanodeService (HddsDatanodeService.java:start(184)) - HddsDatanodeService host:byscane-nightly-84vzb-2270395203 ip:192.168.5.149
2019-07-30 11:30:08,277 INFO  util.JvmPauseMonitor (JvmPauseMonitor.java:run(188)) - Starting JVM pause monitor
2019-07-30 11:30:08,280 INFO  datanode.InitDatanodeState (InitDatanodeState.java:persistContainerDatanodeDetails(140)) - DatanodeDetails is persisted to /workdir/hadoop-ozone/integration-test/target/test-dir/MiniOzoneClusterImpl-7145d309-4503-4780-8e11-be9f9b790a3e/datanode-5/meta/datanode.id
2019-07-30 11:30:08,286 INFO  volume.HddsVolume (HddsVolume.java:<init>(176)) - Creating Volume: /workdir/hadoop-ozone/integration-test/target/test-dir/MiniOzoneClusterImpl-7145d309-4503-4780-8e11-be9f9b790a3e/datanode-6/data/containers/hdds of  storage type : DISK and capacity : 52710309888
2019-07-30 11:30:08,286 INFO  volume.VolumeSet (VolumeSet.java:initializeVolumeSet(170)) - Added Volume : /workdir/hadoop-ozone/integration-test/target/test-dir/MiniOzoneClusterImpl-7145d309-4503-4780-8e11-be9f9b790a3e/datanode-6/data/containers/hdds to VolumeSet
2019-07-30 11:30:08,287 INFO  volume.ThrottledAsyncChecker (ThrottledAsyncChecker.java:schedule(140)) - Scheduling a check for org.apache.hadoop.ozone.container.common.volume.HddsVolume@5882b202
2019-07-30 11:30:08,287 INFO  volume.HddsVolumeChecker (HddsVolumeChecker.java:checkAllVolumes(203)) - Scheduled health check for volume org.apache.hadoop.ozone.container.common.volume.HddsVolume@5882b202
2019-07-30 11:30:08,304 INFO  impl.RaftServerProxy (ConfUtils.java:logGet(43)) - raft.rpc.type = GRPC (default)
2019-07-30 11:30:08,304 INFO  grpc.GrpcFactory (GrpcFactory.java:checkPooledByteBufAllocatorUseCacheForAllThreads(45)) - PERFORMANCE WARNING: useCacheForAllThreads is true that may cause Netty to create a lot garbage objects and, as a result, trigger GC.
	It is recommended to disable useCacheForAllThreads by setting -Dorg.apache.ratis.thirdparty.io.netty.allocator.useCacheForAllThreads=false in command line.
2019-07-30 11:30:08,304 INFO  grpc.GrpcConfigKeys$Server (ConfUtils.java:logGet(43)) - raft.grpc.server.port = 0 (default)
2019-07-30 11:30:08,305 INFO  server.GrpcService (ConfUtils.java:logGet(43)) - raft.grpc.message.size.max = 33570816 (custom)
2019-07-30 11:30:08,305 INFO  server.RaftServerConfigKeys (ConfUtils.java:logGet(43)) - raft.server.log.appender.buffer.byte-limit = 33554432 (custom)
2019-07-30 11:30:08,305 INFO  server.GrpcService (ConfUtils.java:logGet(43)) - raft.grpc.flow.control.window = 1MB (=1048576) (default)
2019-07-30 11:30:08,305 INFO  server.RaftServerConfigKeys (ConfUtils.java:logGet(43)) - raft.server.rpc.request.timeout = 3000ms (default)
2019-07-30 11:30:08,306 INFO  server.RaftServerConfigKeys (ConfUtils.java:logGet(43)) - raft.server.storage.dir = [/workdir/hadoop-ozone/integration-test/target/test-dir/MiniOzoneClusterImpl-7145d309-4503-4780-8e11-be9f9b790a3e/datanode-6/data/ratis] (custom)
2019-07-30 11:30:08,306 INFO  replication.SimpleContainerDownloader (SimpleContainerDownloader.java:<init>(72)) - Starting container downloader service to copy containers to replicate.
2019-07-30 11:30:08,308 INFO  hdfs.DFSUtil (DFSUtil.java:httpServerTemplateForNNAndJN(1641)) - Starting Web-server for hddsDatanode at: http://0.0.0.0:0
2019-07-30 11:30:08,310 INFO  server.AuthenticationFilter (AuthenticationFilter.java:constructSecretProvider(240)) - Unable to initialize FileSignerSecretProvider, falling back to use random secrets.
2019-07-30 11:30:08,310 WARN  http.HttpRequestLog (HttpRequestLog.java:getRequestLog(97)) - Jetty request log can only be enabled using Log4j
2019-07-30 11:30:08,313 INFO  http.HttpServer2 (HttpServer2.java:addGlobalFilter(975)) - Added global filter 'safety' (class=org.apache.hadoop.http.HttpServer2$QuotingInputFilter)
2019-07-30 11:30:08,314 INFO  http.HttpServer2 (HttpServer2.java:addFilter(948)) - Added filter static_user_filter (class=org.apache.hadoop.http.lib.StaticUserWebFilter$StaticUserFilter) to context hddsDatanode
2019-07-30 11:30:08,314 INFO  http.HttpServer2 (HttpServer2.java:addFilter(958)) - Added filter static_user_filter (class=org.apache.hadoop.http.lib.StaticUserWebFilter$StaticUserFilter) to context static
2019-07-30 11:30:08,314 INFO  http.HttpServer2 (HttpServer2.java:addFilter(958)) - Added filter static_user_filter (class=org.apache.hadoop.http.lib.StaticUserWebFilter$StaticUserFilter) to context logs
2019-07-30 11:30:08,315 INFO  http.HttpServer2 (HttpServer2.java:bindListener(1191)) - Jetty bound to port 46135
2019-07-30 11:30:08,316 INFO  server.Server (Server.java:doStart(351)) - jetty-9.3.24.v20180605, build timestamp: 2018-06-05T17:11:56Z, git hash: 84205aa28f11a4f31f2a3b86d1bba2cc8ab69827
2019-07-30 11:30:08,319 INFO  handler.ContextHandler (ContextHandler.java:doStart(781)) - Started o.e.j.s.ServletContextHandler@677349fb{/logs,file:///workdir/hadoop-ozone/integration-test/target/log,AVAILABLE}
2019-07-30 11:30:08,320 INFO  handler.ContextHandler (ContextHandler.java:doStart(781)) - Started o.e.j.s.ServletContextHandler@2c60ce47{/static,jar:file:/home/user/.m2/repository/org/apache/hadoop/hadoop-hdds-container-service/0.4.1-SNAPSHOT/hadoop-hdds-container-service-0.4.1-SNAPSHOT.jar!/webapps/static,AVAILABLE}
2019-07-30 11:30:08,362 INFO  handler.ContextHandler (ContextHandler.java:doStart(781)) - Started o.e.j.w.WebAppContext@1abcd059{/,file:///tmp/jetty-0.0.0.0-46135-hddsDatanode-_-any-2296241238369874713.dir/webapp/,AVAILABLE}{/hddsDatanode}
2019-07-30 11:30:08,362 INFO  server.AbstractConnector (AbstractConnector.java:doStart(278)) - Started ServerConnector@61a87366{HTTP/1.1,[http/1.1]}{0.0.0.0:46135}
2019-07-30 11:30:08,364 INFO  server.Server (Server.java:doStart(419)) - Started @6939ms
2019-07-30 11:30:08,365 INFO  server.BaseHttpServer (BaseHttpServer.java:updateConnectorAddress(207)) - HTTP server of HDDSDATANODE is listening at http://0.0.0.0:46135
2019-07-30 11:30:08,591 INFO  ozone.HddsDatanodeService (HddsDatanodeService.java:startPlugins(395)) - Started plug-in org.apache.hadoop.ozone.web.OzoneHddsDatanodeService@6060146b
2019-07-30 11:30:08,593 INFO  ozone.MiniOzoneClusterImpl (MiniOzoneClusterImpl.java:lambda$waitForClusterToBeReady$0(142)) - Waiting for cluster to be ready. Got 0 of 7 DN Heartbeats.
2019-07-30 11:30:08,594 INFO  util.JvmPauseMonitor (JvmPauseMonitor.java:run(188)) - Starting JVM pause monitor
2019-07-30 11:30:08,596 INFO  datanode.InitDatanodeState (InitDatanodeState.java:persistContainerDatanodeDetails(140)) - DatanodeDetails is persisted to /workdir/hadoop-ozone/integration-test/target/test-dir/MiniOzoneClusterImpl-7145d309-4503-4780-8e11-be9f9b790a3e/datanode-6/meta/datanode.id
2019-07-30 11:30:09,165 INFO  ozoneimpl.OzoneContainer (OzoneContainer.java:start(186)) - Attempting to start container services.
2019-07-30 11:30:09,165 INFO  ozoneimpl.OzoneContainer (OzoneContainer.java:startContainerScrub(160)) - Background container scrubber has been disabled by hdds.containerscrub.enabled
2019-07-30 11:30:09,165 INFO  ratis.XceiverServerRatis (XceiverServerRatis.java:start(404)) - Starting XceiverServerRatis 4cecc661-5626-4c4b-b7ec-c6cc38efe2ca at port 0
2019-07-30 11:30:09,188 INFO  impl.RaftServerProxy (RaftServerProxy.java:lambda$start$3(299)) - 4cecc661-5626-4c4b-b7ec-c6cc38efe2ca: start RPC server
2019-07-30 11:30:09,310 INFO  server.GrpcService (GrpcService.java:startImpl(149)) - 4cecc661-5626-4c4b-b7ec-c6cc38efe2ca: GrpcService started, listening on 0.0.0.0/0.0.0.0:35011
2019-07-30 11:30:09,312 INFO  ratis.XceiverServerRatis (XceiverServerRatis.java:start(414)) - XceiverServerRatis 4cecc661-5626-4c4b-b7ec-c6cc38efe2ca is started using port 35011
2019-07-30 11:30:09,314 INFO  server.XceiverServerGrpc (XceiverServerGrpc.java:start(161)) - XceiverServerGrpc 4cecc661-5626-4c4b-b7ec-c6cc38efe2ca is started using port 39266
2019-07-30 11:30:09,408 INFO  ozoneimpl.OzoneContainer (OzoneContainer.java:start(186)) - Attempting to start container services.
2019-07-30 11:30:09,410 INFO  ozoneimpl.OzoneContainer (OzoneContainer.java:startContainerScrub(160)) - Background container scrubber has been disabled by hdds.containerscrub.enabled
2019-07-30 11:30:09,410 INFO  ratis.XceiverServerRatis (XceiverServerRatis.java:start(404)) - Starting XceiverServerRatis 2b134424-1e81-4698-b6f0-e1153d94a764 at port 0
2019-07-30 11:30:09,418 INFO  impl.RaftServerProxy (RaftServerProxy.java:lambda$start$3(299)) - 2b134424-1e81-4698-b6f0-e1153d94a764: start RPC server
2019-07-30 11:30:09,421 INFO  server.GrpcService (GrpcService.java:startImpl(149)) - 2b134424-1e81-4698-b6f0-e1153d94a764: GrpcService started, listening on 0.0.0.0/0.0.0.0:35340
2019-07-30 11:30:09,422 INFO  ratis.XceiverServerRatis (XceiverServerRatis.java:start(414)) - XceiverServerRatis 2b134424-1e81-4698-b6f0-e1153d94a764 is started using port 35340
2019-07-30 11:30:09,424 INFO  server.XceiverServerGrpc (XceiverServerGrpc.java:start(161)) - XceiverServerGrpc 2b134424-1e81-4698-b6f0-e1153d94a764 is started using port 35336
2019-07-30 11:30:09,593 INFO  ozone.MiniOzoneClusterImpl (MiniOzoneClusterImpl.java:lambda$waitForClusterToBeReady$0(142)) - Waiting for cluster to be ready. Got 0 of 7 DN Heartbeats.
2019-07-30 11:30:09,609 INFO  ozoneimpl.OzoneContainer (OzoneContainer.java:start(186)) - Attempting to start container services.
2019-07-30 11:30:09,612 INFO  ozoneimpl.OzoneContainer (OzoneContainer.java:startContainerScrub(160)) - Background container scrubber has been disabled by hdds.containerscrub.enabled
2019-07-30 11:30:09,612 INFO  ratis.XceiverServerRatis (XceiverServerRatis.java:start(404)) - Starting XceiverServerRatis d86f328e-cb6c-4778-8aa1-27ad55bca2a7 at port 0
2019-07-30 11:30:09,621 INFO  impl.RaftServerProxy (RaftServerProxy.java:lambda$start$3(299)) - d86f328e-cb6c-4778-8aa1-27ad55bca2a7: start RPC server
2019-07-30 11:30:09,625 INFO  server.GrpcService (GrpcService.java:startImpl(149)) - d86f328e-cb6c-4778-8aa1-27ad55bca2a7: GrpcService started, listening on 0.0.0.0/0.0.0.0:43665
2019-07-30 11:30:09,625 INFO  ratis.XceiverServerRatis (XceiverServerRatis.java:start(414)) - XceiverServerRatis d86f328e-cb6c-4778-8aa1-27ad55bca2a7 is started using port 43665
2019-07-30 11:30:09,628 INFO  server.XceiverServerGrpc (XceiverServerGrpc.java:start(161)) - XceiverServerGrpc d86f328e-cb6c-4778-8aa1-27ad55bca2a7 is started using port 43224
2019-07-30 11:30:09,818 INFO  ozoneimpl.OzoneContainer (OzoneContainer.java:start(186)) - Attempting to start container services.
2019-07-30 11:30:09,821 INFO  ozoneimpl.OzoneContainer (OzoneContainer.java:startContainerScrub(160)) - Background container scrubber has been disabled by hdds.containerscrub.enabled
2019-07-30 11:30:09,821 INFO  ratis.XceiverServerRatis (XceiverServerRatis.java:start(404)) - Starting XceiverServerRatis d12a593d-e260-4411-be28-6215733ccebf at port 0
2019-07-30 11:30:09,831 INFO  impl.RaftServerProxy (RaftServerProxy.java:lambda$start$3(299)) - d12a593d-e260-4411-be28-6215733ccebf: start RPC server
2019-07-30 11:30:09,835 INFO  server.GrpcService (GrpcService.java:startImpl(149)) - d12a593d-e260-4411-be28-6215733ccebf: GrpcService started, listening on 0.0.0.0/0.0.0.0:38712
2019-07-30 11:30:09,836 INFO  ratis.XceiverServerRatis (XceiverServerRatis.java:start(414)) - XceiverServerRatis d12a593d-e260-4411-be28-6215733ccebf is started using port 38712
2019-07-30 11:30:09,839 INFO  server.XceiverServerGrpc (XceiverServerGrpc.java:start(161)) - XceiverServerGrpc d12a593d-e260-4411-be28-6215733ccebf is started using port 44267
2019-07-30 11:30:10,037 INFO  ozoneimpl.OzoneContainer (OzoneContainer.java:start(186)) - Attempting to start container services.
2019-07-30 11:30:10,040 INFO  ozoneimpl.OzoneContainer (OzoneContainer.java:startContainerScrub(160)) - Background container scrubber has been disabled by hdds.containerscrub.enabled
2019-07-30 11:30:10,040 INFO  ratis.XceiverServerRatis (XceiverServerRatis.java:start(404)) - Starting XceiverServerRatis 21bf366b-e4b6-4b9d-94e2-819043308293 at port 0
2019-07-30 11:30:10,051 INFO  impl.RaftServerProxy (RaftServerProxy.java:lambda$start$3(299)) - 21bf366b-e4b6-4b9d-94e2-819043308293: start RPC server
2019-07-30 11:30:10,056 INFO  server.GrpcService (GrpcService.java:startImpl(149)) - 21bf366b-e4b6-4b9d-94e2-819043308293: GrpcService started, listening on 0.0.0.0/0.0.0.0:41433
2019-07-30 11:30:10,057 INFO  ratis.XceiverServerRatis (XceiverServerRatis.java:start(414)) - XceiverServerRatis 21bf366b-e4b6-4b9d-94e2-819043308293 is started using port 41433
2019-07-30 11:30:10,063 INFO  server.XceiverServerGrpc (XceiverServerGrpc.java:start(161)) - XceiverServerGrpc 21bf366b-e4b6-4b9d-94e2-819043308293 is started using port 41129
2019-07-30 11:30:10,285 INFO  ozoneimpl.OzoneContainer (OzoneContainer.java:start(186)) - Attempting to start container services.
2019-07-30 11:30:10,288 INFO  ozoneimpl.OzoneContainer (OzoneContainer.java:startContainerScrub(160)) - Background container scrubber has been disabled by hdds.containerscrub.enabled
2019-07-30 11:30:10,289 INFO  ratis.XceiverServerRatis (XceiverServerRatis.java:start(404)) - Starting XceiverServerRatis d2f5d6d0-6fb9-469c-aec1-14b8e3769c12 at port 0
2019-07-30 11:30:10,300 INFO  impl.RaftServerProxy (RaftServerProxy.java:lambda$start$3(299)) - d2f5d6d0-6fb9-469c-aec1-14b8e3769c12: start RPC server
2019-07-30 11:30:10,305 INFO  server.GrpcService (GrpcService.java:startImpl(149)) - d2f5d6d0-6fb9-469c-aec1-14b8e3769c12: GrpcService started, listening on 0.0.0.0/0.0.0.0:34501
2019-07-30 11:30:10,305 INFO  ratis.XceiverServerRatis (XceiverServerRatis.java:start(414)) - XceiverServerRatis d2f5d6d0-6fb9-469c-aec1-14b8e3769c12 is started using port 34501
2019-07-30 11:30:10,309 INFO  server.XceiverServerGrpc (XceiverServerGrpc.java:start(161)) - XceiverServerGrpc d2f5d6d0-6fb9-469c-aec1-14b8e3769c12 is started using port 39264
2019-07-30 11:30:10,594 INFO  ozone.MiniOzoneClusterImpl (MiniOzoneClusterImpl.java:lambda$waitForClusterToBeReady$0(142)) - Waiting for cluster to be ready. Got 0 of 7 DN Heartbeats.
2019-07-30 11:30:10,604 INFO  ozoneimpl.OzoneContainer (OzoneContainer.java:start(186)) - Attempting to start container services.
2019-07-30 11:30:10,607 INFO  ozoneimpl.OzoneContainer (OzoneContainer.java:startContainerScrub(160)) - Background container scrubber has been disabled by hdds.containerscrub.enabled
2019-07-30 11:30:10,607 INFO  ratis.XceiverServerRatis (XceiverServerRatis.java:start(404)) - Starting XceiverServerRatis 6cd5b97e-02c1-41da-9bc6-6b0fb74e21b7 at port 0
2019-07-30 11:30:10,617 INFO  impl.RaftServerProxy (RaftServerProxy.java:lambda$start$3(299)) - 6cd5b97e-02c1-41da-9bc6-6b0fb74e21b7: start RPC server
2019-07-30 11:30:10,622 INFO  server.GrpcService (GrpcService.java:startImpl(149)) - 6cd5b97e-02c1-41da-9bc6-6b0fb74e21b7: GrpcService started, listening on 0.0.0.0/0.0.0.0:35472
2019-07-30 11:30:10,622 INFO  ratis.XceiverServerRatis (XceiverServerRatis.java:start(414)) - XceiverServerRatis 6cd5b97e-02c1-41da-9bc6-6b0fb74e21b7 is started using port 35472
2019-07-30 11:30:10,626 INFO  server.XceiverServerGrpc (XceiverServerGrpc.java:start(161)) - XceiverServerGrpc 6cd5b97e-02c1-41da-9bc6-6b0fb74e21b7 is started using port 44812
2019-07-30 11:30:11,152 INFO  net.NetworkTopology (NetworkTopologyImpl.java:add(110)) - Added a new node: /default-rack/4cecc661-5626-4c4b-b7ec-c6cc38efe2ca
2019-07-30 11:30:11,152 INFO  node.SCMNodeManager (SCMNodeManager.java:register(273)) - Registered Data node : 4cecc661-5626-4c4b-b7ec-c6cc38efe2ca{ip: 192.168.5.149, host: byscane-nightly-84vzb-2270395203, networkLocation: /default-rack, certSerialId: null}
2019-07-30 11:30:11,159 INFO  safemode.SCMSafeModeManager (DataNodeSafeModeRule.java:process(71)) - SCM in safe mode. 1 DataNodes registered, 1 required.
2019-07-30 11:30:11,159 INFO  safemode.SCMSafeModeManager (SCMSafeModeManager.java:validateSafeModeExitRules(177)) - ScmSafeModeManager, all rules are successfully validated
2019-07-30 11:30:11,159 INFO  safemode.SCMSafeModeManager (SCMSafeModeManager.java:exitSafeMode(193)) - SCM exiting safe mode.
2019-07-30 11:30:11,395 INFO  net.NetworkTopology (NetworkTopologyImpl.java:add(110)) - Added a new node: /default-rack/2b134424-1e81-4698-b6f0-e1153d94a764
2019-07-30 11:30:11,395 INFO  node.SCMNodeManager (SCMNodeManager.java:register(273)) - Registered Data node : 2b134424-1e81-4698-b6f0-e1153d94a764{ip: 192.168.5.149, host: byscane-nightly-84vzb-2270395203, networkLocation: /default-rack, certSerialId: null}
2019-07-30 11:30:11,594 INFO  ozone.MiniOzoneClusterImpl (MiniOzoneClusterImpl.java:lambda$waitForClusterToBeReady$0(142)) - Waiting for cluster to be ready. Got 2 of 7 DN Heartbeats.
2019-07-30 11:30:11,604 INFO  net.NetworkTopology (NetworkTopologyImpl.java:add(110)) - Added a new node: /default-rack/d86f328e-cb6c-4778-8aa1-27ad55bca2a7
2019-07-30 11:30:11,604 INFO  node.SCMNodeManager (SCMNodeManager.java:register(273)) - Registered Data node : d86f328e-cb6c-4778-8aa1-27ad55bca2a7{ip: 192.168.5.149, host: byscane-nightly-84vzb-2270395203, networkLocation: /default-rack, certSerialId: null}
2019-07-30 11:30:11,993 INFO  net.NetworkTopology (NetworkTopologyImpl.java:add(110)) - Added a new node: /default-rack/d12a593d-e260-4411-be28-6215733ccebf
2019-07-30 11:30:12,000 INFO  node.SCMNodeManager (SCMNodeManager.java:register(273)) - Registered Data node : d12a593d-e260-4411-be28-6215733ccebf{ip: 192.168.5.149, host: byscane-nightly-84vzb-2270395203, networkLocation: /default-rack, certSerialId: null}
2019-07-30 11:30:12,024 INFO  net.NetworkTopology (NetworkTopologyImpl.java:add(110)) - Added a new node: /default-rack/21bf366b-e4b6-4b9d-94e2-819043308293
2019-07-30 11:30:12,025 INFO  node.SCMNodeManager (SCMNodeManager.java:register(273)) - Registered Data node : 21bf366b-e4b6-4b9d-94e2-819043308293{ip: 192.168.5.149, host: byscane-nightly-84vzb-2270395203, networkLocation: /default-rack, certSerialId: null}
2019-07-30 11:30:12,031 INFO  impl.RaftServerProxy (RaftServerProxy.java:addNew(89)) - 4cecc661-5626-4c4b-b7ec-c6cc38efe2ca: addNew group-A541BDEC08CD:[4cecc661-5626-4c4b-b7ec-c6cc38efe2ca:192.168.5.149:35011] returns group-A541BDEC08CD:java.util.concurrent.CompletableFuture@17727483[Not completed]
2019-07-30 11:30:12,053 INFO  impl.RaftServerImpl (RaftServerImpl.java:<init>(93)) - 4cecc661-5626-4c4b-b7ec-c6cc38efe2ca: new RaftServerImpl for group-A541BDEC08CD:[4cecc661-5626-4c4b-b7ec-c6cc38efe2ca:192.168.5.149:35011] with ContainerStateMachine:uninitialized
2019-07-30 11:30:12,057 INFO  server.RaftServerConfigKeys (ConfUtils.java:logGet(43)) - raft.server.rpc.timeout.min = 5s (custom)
2019-07-30 11:30:12,058 INFO  server.RaftServerConfigKeys (ConfUtils.java:logGet(43)) - raft.server.rpc.timeout.max = 5200ms (custom)
2019-07-30 11:30:12,058 INFO  server.RaftServerConfigKeys (ConfUtils.java:logGet(43)) - raft.server.rpcslowness.timeout = 120s (custom)
2019-07-30 11:30:12,060 INFO  server.RaftServerConfigKeys (ConfUtils.java:logGet(43)) - raft.server.sleep.deviation.threshold = 300 (default)
2019-07-30 11:30:12,061 INFO  server.RaftServerConfigKeys (ConfUtils.java:logGet(43)) - raft.server.log.appender.install.snapshot.enabled = false (custom)
2019-07-30 11:30:12,070 INFO  impl.RaftServerImpl (ServerState.java:<init>(105)) - 4cecc661-5626-4c4b-b7ec-c6cc38efe2ca:group-A541BDEC08CD ConfigurationManager, init=-1: [4cecc661-5626-4c4b-b7ec-c6cc38efe2ca:192.168.5.149:35011], old=null, confs=<EMPTY_MAP>
2019-07-30 11:30:12,070 INFO  server.RaftServerConfigKeys (ConfUtils.java:logGet(43)) - raft.server.storage.dir = [/workdir/hadoop-ozone/integration-test/target/test-dir/MiniOzoneClusterImpl-7145d309-4503-4780-8e11-be9f9b790a3e/datanode-0/data/ratis] (custom)
2019-07-30 11:30:12,078 INFO  storage.RaftStorageDirectory (RaftStorageDirectory.java:analyzeStorage(246)) - The storage directory /workdir/hadoop-ozone/integration-test/target/test-dir/MiniOzoneClusterImpl-7145d309-4503-4780-8e11-be9f9b790a3e/datanode-0/data/ratis/b5cb1a34-68e2-4740-a8e8-a541bdec08cd does not exist. Creating ...
2019-07-30 11:30:12,098 INFO  storage.RaftStorageDirectory (RaftStorageDirectory.java:tryLock(328)) - Lock on /workdir/hadoop-ozone/integration-test/target/test-dir/MiniOzoneClusterImpl-7145d309-4503-4780-8e11-be9f9b790a3e/datanode-0/data/ratis/b5cb1a34-68e2-4740-a8e8-a541bdec08cd/in_use.lock acquired by nodename 16834@byscane-nightly-84vzb-2270395203
2019-07-30 11:30:12,104 INFO  storage.RaftStorage (RaftStorage.java:format(72)) - Storage directory /workdir/hadoop-ozone/integration-test/target/test-dir/MiniOzoneClusterImpl-7145d309-4503-4780-8e11-be9f9b790a3e/datanode-0/data/ratis/b5cb1a34-68e2-4740-a8e8-a541bdec08cd has been successfully formatted.
2019-07-30 11:30:12,106 INFO  ratis.ContainerStateMachine (ContainerStateMachine.java:loadSnapshot(213)) - group-A541BDEC08CD: The snapshot info is null. Setting the last applied indexto:(t:0, i:~)
2019-07-30 11:30:12,107 INFO  server.RaftServerConfigKeys (ConfUtils.java:logGet(43)) - raft.server.leader.election.timeout = 120s (custom)
2019-07-30 11:30:12,109 INFO  server.RaftServerConfigKeys (ConfUtils.java:logGet(43)) - raft.server.log.use.memory = false (default)
2019-07-30 11:30:12,114 INFO  server.RaftServerConfigKeys (ConfUtils.java:logGet(43)) - raft.server.log.purge.gap = 1000000000 (custom)
2019-07-30 11:30:12,114 INFO  server.RaftServerConfigKeys (ConfUtils.java:logGet(43)) - raft.server.log.appender.buffer.byte-limit = 33554432 (custom)
2019-07-30 11:30:12,115 INFO  server.RaftServerConfigKeys (ConfUtils.java:logGet(43)) - raft.server.log.segment.size.max = 1048576 (custom)
2019-07-30 11:30:12,120 INFO  server.RaftServerConfigKeys (ConfUtils.java:logGet(43)) - raft.server.log.segment.cache.num.max = 2 (custom)
2019-07-30 11:30:12,125 INFO  segmented.SegmentedRaftLogWorker (SegmentedRaftLogWorker.java:<init>(172)) - new 4cecc661-5626-4c4b-b7ec-c6cc38efe2ca-SegmentedRaftLogWorker:Storage Directory /workdir/hadoop-ozone/integration-test/target/test-dir/MiniOzoneClusterImpl-7145d309-4503-4780-8e11-be9f9b790a3e/datanode-0/data/ratis/b5cb1a34-68e2-4740-a8e8-a541bdec08cd for RaftStorage:Storage Directory /workdir/hadoop-ozone/integration-test/target/test-dir/MiniOzoneClusterImpl-7145d309-4503-4780-8e11-be9f9b790a3e/datanode-0/data/ratis/b5cb1a34-68e2-4740-a8e8-a541bdec08cd
2019-07-30 11:30:12,135 INFO  server.RaftServerConfigKeys (ConfUtils.java:logGet(43)) - raft.server.log.queue.byte-limit = 2147483647 (custom)
2019-07-30 11:30:12,136 INFO  server.RaftServerConfigKeys (ConfUtils.java:logGet(43)) - raft.server.log.queue.element-limit = 1024 (custom)
2019-07-30 11:30:12,140 INFO  server.RaftServerConfigKeys (ConfUtils.java:logGet(43)) - raft.server.log.segment.size.max = 1048576 (custom)
2019-07-30 11:30:12,141 INFO  server.RaftServerConfigKeys (ConfUtils.java:logGet(43)) - raft.server.log.preallocated.size = 16384 (custom)
2019-07-30 11:30:12,141 INFO  server.RaftServerConfigKeys (ConfUtils.java:logGet(43)) - raft.server.log.write.buffer.size = 33554432 (custom)
2019-07-30 11:30:12,142 INFO  server.RaftServerConfigKeys (ConfUtils.java:logGet(43)) - raft.server.log.force.sync.num = 128 (default)
2019-07-30 11:30:12,142 INFO  server.RaftServerConfigKeys (ConfUtils.java:logGet(43)) - raft.server.log.statemachine.data.sync = true (default)
2019-07-30 11:30:12,143 INFO  server.RaftServerConfigKeys (ConfUtils.java:logGet(43)) - raft.server.log.statemachine.data.sync.timeout = 10s (default)
2019-07-30 11:30:12,143 INFO  server.RaftServerConfigKeys (ConfUtils.java:logGet(43)) - raft.server.log.statemachine.data.sync.timeout.retry = -1 (default)
2019-07-30 11:30:12,151 INFO  server.RaftServerConfigKeys (ConfUtils.java:logGet(43)) - raft.server.log.statemachine.data.caching.enabled = true (custom)
2019-07-30 11:30:12,156 INFO  segmented.SegmentedRaftLogWorker (SegmentedRaftLogWorker.java:lambda$new$0(132)) - 4cecc661-5626-4c4b-b7ec-c6cc38efe2ca-SegmentedRaftLogWorker:Storage Directory /workdir/hadoop-ozone/integration-test/target/test-dir/MiniOzoneClusterImpl-7145d309-4503-4780-8e11-be9f9b790a3e/datanode-0/data/ratis/b5cb1a34-68e2-4740-a8e8-a541bdec08cd: flushIndex: setUnconditionally 0 -> -1
2019-07-30 11:30:12,160 INFO  server.RaftServerConfigKeys (ConfUtils.java:logGet(43)) - raft.server.snapshot.auto.trigger.enabled = true (custom)
2019-07-30 11:30:12,160 INFO  server.RaftServerConfigKeys (ConfUtils.java:logGet(43)) - raft.server.snapshot.auto.trigger.threshold = 10000 (custom)
2019-07-30 11:30:12,161 INFO  server.RaftServerConfigKeys (ConfUtils.java:logGet(43)) - raft.server.retrycache.expirytime = 600000ms (custom)
2019-07-30 11:30:12,181 INFO  impl.RaftServerImpl (RaftServerImpl.java:start(180)) - 4cecc661-5626-4c4b-b7ec-c6cc38efe2ca: start group-A541BDEC08CD
2019-07-30 11:30:12,181 INFO  impl.RaftServerImpl (RaftServerImpl.java:setRole(171)) - 4cecc661-5626-4c4b-b7ec-c6cc38efe2ca:group-A541BDEC08CD changes role from null to FOLLOWER at term 0 for startAsFollower
2019-07-30 11:30:12,183 INFO  impl.RoleInfo (RoleInfo.java:updateAndGet(143)) - 4cecc661-5626-4c4b-b7ec-c6cc38efe2ca: start FollowerState
2019-07-30 11:30:12,184 INFO  util.JmxRegister (JmxRegister.java:tryRegister(44)) - Successfully registered JMX Bean with object name Ratis:service=RaftServer,group=group-A541BDEC08CD,id=4cecc661-5626-4c4b-b7ec-c6cc38efe2ca
2019-07-30 11:30:12,248 INFO  pipeline.PipelineStateManager (PipelineStateManager.java:addPipeline(56)) - Created pipeline Pipeline[ Id: b5cb1a34-68e2-4740-a8e8-a541bdec08cd, Nodes: 4cecc661-5626-4c4b-b7ec-c6cc38efe2ca{ip: 192.168.5.149, host: byscane-nightly-84vzb-2270395203, networkLocation: /default-rack, certSerialId: null}, Type:RATIS, Factor:ONE, State:OPEN]
2019-07-30 11:30:12,282 INFO  net.NetworkTopology (NetworkTopologyImpl.java:add(110)) - Added a new node: /default-rack/d2f5d6d0-6fb9-469c-aec1-14b8e3769c12
2019-07-30 11:30:12,283 INFO  node.SCMNodeManager (SCMNodeManager.java:register(273)) - Registered Data node : d2f5d6d0-6fb9-469c-aec1-14b8e3769c12{ip: 192.168.5.149, host: byscane-nightly-84vzb-2270395203, networkLocation: /default-rack, certSerialId: null}
2019-07-30 11:30:12,285 INFO  impl.RaftServerProxy (RaftServerProxy.java:addNew(89)) - d86f328e-cb6c-4778-8aa1-27ad55bca2a7: addNew group-8B813662E0A7:[d86f328e-cb6c-4778-8aa1-27ad55bca2a7:192.168.5.149:43665] returns group-8B813662E0A7:java.util.concurrent.CompletableFuture@66e42c2c[Not completed]
2019-07-30 11:30:12,325 INFO  impl.RaftServerImpl (RaftServerImpl.java:<init>(93)) - d86f328e-cb6c-4778-8aa1-27ad55bca2a7: new RaftServerImpl for group-8B813662E0A7:[d86f328e-cb6c-4778-8aa1-27ad55bca2a7:192.168.5.149:43665] with ContainerStateMachine:uninitialized
2019-07-30 11:30:12,327 INFO  server.RaftServerConfigKeys (ConfUtils.java:logGet(43)) - raft.server.rpc.timeout.min = 5s (custom)
2019-07-30 11:30:12,327 INFO  server.RaftServerConfigKeys (ConfUtils.java:logGet(43)) - raft.server.rpc.timeout.max = 5200ms (custom)
2019-07-30 11:30:12,327 INFO  server.RaftServerConfigKeys (ConfUtils.java:logGet(43)) - raft.server.rpcslowness.timeout = 120s (custom)
2019-07-30 11:30:12,327 INFO  server.RaftServerConfigKeys (ConfUtils.java:logGet(43)) - raft.server.sleep.deviation.threshold = 300 (default)
2019-07-30 11:30:12,327 INFO  server.RaftServerConfigKeys (ConfUtils.java:logGet(43)) - raft.server.log.appender.install.snapshot.enabled = false (custom)
2019-07-30 11:30:12,328 INFO  impl.RaftServerImpl (ServerState.java:<init>(105)) - d86f328e-cb6c-4778-8aa1-27ad55bca2a7:group-8B813662E0A7 ConfigurationManager, init=-1: [d86f328e-cb6c-4778-8aa1-27ad55bca2a7:192.168.5.149:43665], old=null, confs=<EMPTY_MAP>
2019-07-30 11:30:12,328 INFO  server.RaftServerConfigKeys (ConfUtils.java:logGet(43)) - raft.server.storage.dir = [/workdir/hadoop-ozone/integration-test/target/test-dir/MiniOzoneClusterImpl-7145d309-4503-4780-8e11-be9f9b790a3e/datanode-2/data/ratis] (custom)
2019-07-30 11:30:12,328 INFO  storage.RaftStorageDirectory (RaftStorageDirectory.java:analyzeStorage(246)) - The storage directory /workdir/hadoop-ozone/integration-test/target/test-dir/MiniOzoneClusterImpl-7145d309-4503-4780-8e11-be9f9b790a3e/datanode-2/data/ratis/c9dbf063-f08f-40b3-a77b-8b813662e0a7 does not exist. Creating ...
2019-07-30 11:30:12,341 INFO  storage.RaftStorageDirectory (RaftStorageDirectory.java:tryLock(328)) - Lock on /workdir/hadoop-ozone/integration-test/target/test-dir/MiniOzoneClusterImpl-7145d309-4503-4780-8e11-be9f9b790a3e/datanode-2/data/ratis/c9dbf063-f08f-40b3-a77b-8b813662e0a7/in_use.lock acquired by nodename 16834@byscane-nightly-84vzb-2270395203
2019-07-30 11:30:12,344 INFO  storage.RaftStorage (RaftStorage.java:format(72)) - Storage directory /workdir/hadoop-ozone/integration-test/target/test-dir/MiniOzoneClusterImpl-7145d309-4503-4780-8e11-be9f9b790a3e/datanode-2/data/ratis/c9dbf063-f08f-40b3-a77b-8b813662e0a7 has been successfully formatted.
2019-07-30 11:30:12,346 INFO  ratis.ContainerStateMachine (ContainerStateMachine.java:loadSnapshot(213)) - group-8B813662E0A7: The snapshot info is null. Setting the last applied indexto:(t:0, i:~)
2019-07-30 11:30:12,347 INFO  server.RaftServerConfigKeys (ConfUtils.java:logGet(43)) - raft.server.leader.election.timeout = 120s (custom)
2019-07-30 11:30:12,347 INFO  server.RaftServerConfigKeys (ConfUtils.java:logGet(43)) - raft.server.log.use.memory = false (default)
2019-07-30 11:30:12,347 INFO  server.RaftServerConfigKeys (ConfUtils.java:logGet(43)) - raft.server.log.purge.gap = 1000000000 (custom)
2019-07-30 11:30:12,347 INFO  server.RaftServerConfigKeys (ConfUtils.java:logGet(43)) - raft.server.log.appender.buffer.byte-limit = 33554432 (custom)
2019-07-30 11:30:12,347 INFO  server.RaftServerConfigKeys (ConfUtils.java:logGet(43)) - raft.server.log.segment.size.max = 1048576 (custom)
2019-07-30 11:30:12,347 INFO  server.RaftServerConfigKeys (ConfUtils.java:logGet(43)) - raft.server.log.segment.cache.num.max = 2 (custom)
2019-07-30 11:30:12,347 INFO  segmented.SegmentedRaftLogWorker (SegmentedRaftLogWorker.java:<init>(172)) - new d86f328e-cb6c-4778-8aa1-27ad55bca2a7-SegmentedRaftLogWorker:Storage Directory /workdir/hadoop-ozone/integration-test/target/test-dir/MiniOzoneClusterImpl-7145d309-4503-4780-8e11-be9f9b790a3e/datanode-2/data/ratis/c9dbf063-f08f-40b3-a77b-8b813662e0a7 for RaftStorage:Storage Directory /workdir/hadoop-ozone/integration-test/target/test-dir/MiniOzoneClusterImpl-7145d309-4503-4780-8e11-be9f9b790a3e/datanode-2/data/ratis/c9dbf063-f08f-40b3-a77b-8b813662e0a7
2019-07-30 11:30:12,349 INFO  server.RaftServerConfigKeys (ConfUtils.java:logGet(43)) - raft.server.log.queue.byte-limit = 2147483647 (custom)
2019-07-30 11:30:12,349 INFO  server.RaftServerConfigKeys (ConfUtils.java:logGet(43)) - raft.server.log.queue.element-limit = 1024 (custom)
2019-07-30 11:30:12,349 INFO  server.RaftServerConfigKeys (ConfUtils.java:logGet(43)) - raft.server.log.segment.size.max = 1048576 (custom)
2019-07-30 11:30:12,349 INFO  server.RaftServerConfigKeys (ConfUtils.java:logGet(43)) - raft.server.log.preallocated.size = 16384 (custom)
2019-07-30 11:30:12,349 INFO  server.RaftServerConfigKeys (ConfUtils.java:logGet(43)) - raft.server.log.write.buffer.size = 33554432 (custom)
2019-07-30 11:30:12,349 INFO  server.RaftServerConfigKeys (ConfUtils.java:logGet(43)) - raft.server.log.force.sync.num = 128 (default)
2019-07-30 11:30:12,349 INFO  server.RaftServerConfigKeys (ConfUtils.java:logGet(43)) - raft.server.log.statemachine.data.sync = true (default)
2019-07-30 11:30:12,350 INFO  server.RaftServerConfigKeys (ConfUtils.java:logGet(43)) - raft.server.log.statemachine.data.sync.timeout = 10s (default)
2019-07-30 11:30:12,350 INFO  server.RaftServerConfigKeys (ConfUtils.java:logGet(43)) - raft.server.log.statemachine.data.sync.timeout.retry = -1 (default)
2019-07-30 11:30:12,350 INFO  server.RaftServerConfigKeys (ConfUtils.java:logGet(43)) - raft.server.log.statemachine.data.caching.enabled = true (custom)
2019-07-30 11:30:12,350 INFO  segmented.SegmentedRaftLogWorker (SegmentedRaftLogWorker.java:lambda$new$0(132)) - d86f328e-cb6c-4778-8aa1-27ad55bca2a7-SegmentedRaftLogWorker:Storage Directory /workdir/hadoop-ozone/integration-test/target/test-dir/MiniOzoneClusterImpl-7145d309-4503-4780-8e11-be9f9b790a3e/datanode-2/data/ratis/c9dbf063-f08f-40b3-a77b-8b813662e0a7: flushIndex: setUnconditionally 0 -> -1
2019-07-30 11:30:12,351 INFO  server.RaftServerConfigKeys (ConfUtils.java:logGet(43)) - raft.server.snapshot.auto.trigger.enabled = true (custom)
2019-07-30 11:30:12,351 INFO  server.RaftServerConfigKeys (ConfUtils.java:logGet(43)) - raft.server.snapshot.auto.trigger.threshold = 10000 (custom)
2019-07-30 11:30:12,351 INFO  server.RaftServerConfigKeys (ConfUtils.java:logGet(43)) - raft.server.retrycache.expirytime = 600000ms (custom)
2019-07-30 11:30:12,351 INFO  impl.RaftServerImpl (RaftServerImpl.java:start(180)) - d86f328e-cb6c-4778-8aa1-27ad55bca2a7: start group-8B813662E0A7
2019-07-30 11:30:12,351 INFO  impl.RaftServerImpl (RaftServerImpl.java:setRole(171)) - d86f328e-cb6c-4778-8aa1-27ad55bca2a7:group-8B813662E0A7 changes role from null to FOLLOWER at term 0 for startAsFollower
2019-07-30 11:30:12,351 INFO  impl.RoleInfo (RoleInfo.java:updateAndGet(143)) - d86f328e-cb6c-4778-8aa1-27ad55bca2a7: start FollowerState
2019-07-30 11:30:12,353 INFO  util.JmxRegister (JmxRegister.java:tryRegister(44)) - Successfully registered JMX Bean with object name Ratis:service=RaftServer,group=group-8B813662E0A7,id=d86f328e-cb6c-4778-8aa1-27ad55bca2a7
2019-07-30 11:30:12,365 INFO  pipeline.PipelineStateManager (PipelineStateManager.java:addPipeline(56)) - Created pipeline Pipeline[ Id: c9dbf063-f08f-40b3-a77b-8b813662e0a7, Nodes: d86f328e-cb6c-4778-8aa1-27ad55bca2a7{ip: 192.168.5.149, host: byscane-nightly-84vzb-2270395203, networkLocation: /default-rack, certSerialId: null}, Type:RATIS, Factor:ONE, State:OPEN]
2019-07-30 11:30:12,388 INFO  impl.RaftServerProxy (RaftServerProxy.java:addNew(89)) - d12a593d-e260-4411-be28-6215733ccebf: addNew group-169D2BA2A097:[d12a593d-e260-4411-be28-6215733ccebf:192.168.5.149:38712] returns group-169D2BA2A097:java.util.concurrent.CompletableFuture@1a7a529a[Not completed]
2019-07-30 11:30:12,396 INFO  impl.RaftServerImpl (RaftServerImpl.java:<init>(93)) - d12a593d-e260-4411-be28-6215733ccebf: new RaftServerImpl for group-169D2BA2A097:[d12a593d-e260-4411-be28-6215733ccebf:192.168.5.149:38712] with ContainerStateMachine:uninitialized
2019-07-30 11:30:12,397 INFO  server.RaftServerConfigKeys (ConfUtils.java:logGet(43)) - raft.server.rpc.timeout.min = 5s (custom)
2019-07-30 11:30:12,398 INFO  server.RaftServerConfigKeys (ConfUtils.java:logGet(43)) - raft.server.rpc.timeout.max = 5200ms (custom)
2019-07-30 11:30:12,398 INFO  server.RaftServerConfigKeys (ConfUtils.java:logGet(43)) - raft.server.rpcslowness.timeout = 120s (custom)
2019-07-30 11:30:12,398 INFO  server.RaftServerConfigKeys (ConfUtils.java:logGet(43)) - raft.server.sleep.deviation.threshold = 300 (default)
2019-07-30 11:30:12,398 INFO  server.RaftServerConfigKeys (ConfUtils.java:logGet(43)) - raft.server.log.appender.install.snapshot.enabled = false (custom)
2019-07-30 11:30:12,399 INFO  impl.RaftServerImpl (ServerState.java:<init>(105)) - d12a593d-e260-4411-be28-6215733ccebf:group-169D2BA2A097 ConfigurationManager, init=-1: [d12a593d-e260-4411-be28-6215733ccebf:192.168.5.149:38712], old=null, confs=<EMPTY_MAP>
2019-07-30 11:30:12,399 INFO  server.RaftServerConfigKeys (ConfUtils.java:logGet(43)) - raft.server.storage.dir = [/workdir/hadoop-ozone/integration-test/target/test-dir/MiniOzoneClusterImpl-7145d309-4503-4780-8e11-be9f9b790a3e/datanode-3/data/ratis] (custom)
2019-07-30 11:30:12,399 INFO  storage.RaftStorageDirectory (RaftStorageDirectory.java:analyzeStorage(246)) - The storage directory /workdir/hadoop-ozone/integration-test/target/test-dir/MiniOzoneClusterImpl-7145d309-4503-4780-8e11-be9f9b790a3e/datanode-3/data/ratis/4f57b4ca-1ceb-46ac-a92d-169d2ba2a097 does not exist. Creating ...
2019-07-30 11:30:12,404 INFO  storage.RaftStorageDirectory (RaftStorageDirectory.java:tryLock(328)) - Lock on /workdir/hadoop-ozone/integration-test/target/test-dir/MiniOzoneClusterImpl-7145d309-4503-4780-8e11-be9f9b790a3e/datanode-3/data/ratis/4f57b4ca-1ceb-46ac-a92d-169d2ba2a097/in_use.lock acquired by nodename 16834@byscane-nightly-84vzb-2270395203
2019-07-30 11:30:12,408 INFO  storage.RaftStorage (RaftStorage.java:format(72)) - Storage directory /workdir/hadoop-ozone/integration-test/target/test-dir/MiniOzoneClusterImpl-7145d309-4503-4780-8e11-be9f9b790a3e/datanode-3/data/ratis/4f57b4ca-1ceb-46ac-a92d-169d2ba2a097 has been successfully formatted.
2019-07-30 11:30:12,408 INFO  ratis.ContainerStateMachine (ContainerStateMachine.java:loadSnapshot(213)) - group-169D2BA2A097: The snapshot info is null. Setting the last applied indexto:(t:0, i:~)
2019-07-30 11:30:12,408 INFO  server.RaftServerConfigKeys (ConfUtils.java:logGet(43)) - raft.server.leader.election.timeout = 120s (custom)
2019-07-30 11:30:12,408 INFO  server.RaftServerConfigKeys (ConfUtils.java:logGet(43)) - raft.server.log.use.memory = false (default)
2019-07-30 11:30:12,408 INFO  server.RaftServerConfigKeys (ConfUtils.java:logGet(43)) - raft.server.log.purge.gap = 1000000000 (custom)
2019-07-30 11:30:12,409 INFO  server.RaftServerConfigKeys (ConfUtils.java:logGet(43)) - raft.server.log.appender.buffer.byte-limit = 33554432 (custom)
2019-07-30 11:30:12,409 INFO  server.RaftServerConfigKeys (ConfUtils.java:logGet(43)) - raft.server.log.segment.size.max = 1048576 (custom)
2019-07-30 11:30:12,409 INFO  server.RaftServerConfigKeys (ConfUtils.java:logGet(43)) - raft.server.log.segment.cache.num.max = 2 (custom)
2019-07-30 11:30:12,409 INFO  segmented.SegmentedRaftLogWorker (SegmentedRaftLogWorker.java:<init>(172)) - new d12a593d-e260-4411-be28-6215733ccebf-SegmentedRaftLogWorker:Storage Directory /workdir/hadoop-ozone/integration-test/target/test-dir/MiniOzoneClusterImpl-7145d309-4503-4780-8e11-be9f9b790a3e/datanode-3/data/ratis/4f57b4ca-1ceb-46ac-a92d-169d2ba2a097 for RaftStorage:Storage Directory /workdir/hadoop-ozone/integration-test/target/test-dir/MiniOzoneClusterImpl-7145d309-4503-4780-8e11-be9f9b790a3e/datanode-3/data/ratis/4f57b4ca-1ceb-46ac-a92d-169d2ba2a097
2019-07-30 11:30:12,409 INFO  server.RaftServerConfigKeys (ConfUtils.java:logGet(43)) - raft.server.log.queue.byte-limit = 2147483647 (custom)
2019-07-30 11:30:12,409 INFO  server.RaftServerConfigKeys (ConfUtils.java:logGet(43)) - raft.server.log.queue.element-limit = 1024 (custom)
2019-07-30 11:30:12,410 INFO  server.RaftServerConfigKeys (ConfUtils.java:logGet(43)) - raft.server.log.segment.size.max = 1048576 (custom)
2019-07-30 11:30:12,410 INFO  server.RaftServerConfigKeys (ConfUtils.java:logGet(43)) - raft.server.log.preallocated.size = 16384 (custom)
2019-07-30 11:30:12,410 INFO  server.RaftServerConfigKeys (ConfUtils.java:logGet(43)) - raft.server.log.write.buffer.size = 33554432 (custom)
2019-07-30 11:30:12,410 INFO  server.RaftServerConfigKeys (ConfUtils.java:logGet(43)) - raft.server.log.force.sync.num = 128 (default)
2019-07-30 11:30:12,410 INFO  server.RaftServerConfigKeys (ConfUtils.java:logGet(43)) - raft.server.log.statemachine.data.sync = true (default)
2019-07-30 11:30:12,411 INFO  server.RaftServerConfigKeys (ConfUtils.java:logGet(43)) - raft.server.log.statemachine.data.sync.timeout = 10s (default)
2019-07-30 11:30:12,411 INFO  server.RaftServerConfigKeys (ConfUtils.java:logGet(43)) - raft.server.log.statemachine.data.sync.timeout.retry = -1 (default)
2019-07-30 11:30:12,411 INFO  server.RaftServerConfigKeys (ConfUtils.java:logGet(43)) - raft.server.log.statemachine.data.caching.enabled = true (custom)
2019-07-30 11:30:12,411 INFO  segmented.SegmentedRaftLogWorker (SegmentedRaftLogWorker.java:lambda$new$0(132)) - d12a593d-e260-4411-be28-6215733ccebf-SegmentedRaftLogWorker:Storage Directory /workdir/hadoop-ozone/integration-test/target/test-dir/MiniOzoneClusterImpl-7145d309-4503-4780-8e11-be9f9b790a3e/datanode-3/data/ratis/4f57b4ca-1ceb-46ac-a92d-169d2ba2a097: flushIndex: setUnconditionally 0 -> -1
2019-07-30 11:30:12,412 INFO  server.RaftServerConfigKeys (ConfUtils.java:logGet(43)) - raft.server.snapshot.auto.trigger.enabled = true (custom)
2019-07-30 11:30:12,412 INFO  server.RaftServerConfigKeys (ConfUtils.java:logGet(43)) - raft.server.snapshot.auto.trigger.threshold = 10000 (custom)
2019-07-30 11:30:12,412 INFO  server.RaftServerConfigKeys (ConfUtils.java:logGet(43)) - raft.server.retrycache.expirytime = 600000ms (custom)
2019-07-30 11:30:12,412 INFO  impl.RaftServerImpl (RaftServerImpl.java:start(180)) - d12a593d-e260-4411-be28-6215733ccebf: start group-169D2BA2A097
2019-07-30 11:30:12,413 INFO  impl.RaftServerImpl (RaftServerImpl.java:setRole(171)) - d12a593d-e260-4411-be28-6215733ccebf:group-169D2BA2A097 changes role from null to FOLLOWER at term 0 for startAsFollower
2019-07-30 11:30:12,413 INFO  impl.RoleInfo (RoleInfo.java:updateAndGet(143)) - d12a593d-e260-4411-be28-6215733ccebf: start FollowerState
2019-07-30 11:30:12,413 INFO  util.JmxRegister (JmxRegister.java:tryRegister(44)) - Successfully registered JMX Bean with object name Ratis:service=RaftServer,group=group-169D2BA2A097,id=d12a593d-e260-4411-be28-6215733ccebf
2019-07-30 11:30:12,424 INFO  pipeline.PipelineStateManager (PipelineStateManager.java:addPipeline(56)) - Created pipeline Pipeline[ Id: 4f57b4ca-1ceb-46ac-a92d-169d2ba2a097, Nodes: d12a593d-e260-4411-be28-6215733ccebf{ip: 192.168.5.149, host: byscane-nightly-84vzb-2270395203, networkLocation: /default-rack, certSerialId: null}, Type:RATIS, Factor:ONE, State:OPEN]
2019-07-30 11:30:12,444 INFO  impl.RaftServerProxy (RaftServerProxy.java:addNew(89)) - 2b134424-1e81-4698-b6f0-e1153d94a764: addNew group-22ABFC295F58:[2b134424-1e81-4698-b6f0-e1153d94a764:192.168.5.149:35340] returns group-22ABFC295F58:java.util.concurrent.CompletableFuture@32827d25[Not completed]
2019-07-30 11:30:12,445 INFO  impl.RaftServerImpl (RaftServerImpl.java:<init>(93)) - 2b134424-1e81-4698-b6f0-e1153d94a764: new RaftServerImpl for group-22ABFC295F58:[2b134424-1e81-4698-b6f0-e1153d94a764:192.168.5.149:35340] with ContainerStateMachine:uninitialized
2019-07-30 11:30:12,447 INFO  server.RaftServerConfigKeys (ConfUtils.java:logGet(43)) - raft.server.rpc.timeout.min = 5s (custom)
2019-07-30 11:30:12,447 INFO  server.RaftServerConfigKeys (ConfUtils.java:logGet(43)) - raft.server.rpc.timeout.max = 5200ms (custom)
2019-07-30 11:30:12,447 INFO  server.RaftServerConfigKeys (ConfUtils.java:logGet(43)) - raft.server.rpcslowness.timeout = 120s (custom)
2019-07-30 11:30:12,447 INFO  server.RaftServerConfigKeys (ConfUtils.java:logGet(43)) - raft.server.sleep.deviation.threshold = 300 (default)
2019-07-30 11:30:12,447 INFO  server.RaftServerConfigKeys (ConfUtils.java:logGet(43)) - raft.server.log.appender.install.snapshot.enabled = false (custom)
2019-07-30 11:30:12,448 INFO  impl.RaftServerImpl (ServerState.java:<init>(105)) - 2b134424-1e81-4698-b6f0-e1153d94a764:group-22ABFC295F58 ConfigurationManager, init=-1: [2b134424-1e81-4698-b6f0-e1153d94a764:192.168.5.149:35340], old=null, confs=<EMPTY_MAP>
2019-07-30 11:30:12,448 INFO  server.RaftServerConfigKeys (ConfUtils.java:logGet(43)) - raft.server.storage.dir = [/workdir/hadoop-ozone/integration-test/target/test-dir/MiniOzoneClusterImpl-7145d309-4503-4780-8e11-be9f9b790a3e/datanode-1/data/ratis] (custom)
2019-07-30 11:30:12,448 INFO  storage.RaftStorageDirectory (RaftStorageDirectory.java:analyzeStorage(246)) - The storage directory /workdir/hadoop-ozone/integration-test/target/test-dir/MiniOzoneClusterImpl-7145d309-4503-4780-8e11-be9f9b790a3e/datanode-1/data/ratis/0026fe67-b07f-42b8-9eed-22abfc295f58 does not exist. Creating ...
2019-07-30 11:30:12,460 INFO  storage.RaftStorageDirectory (RaftStorageDirectory.java:tryLock(328)) - Lock on /workdir/hadoop-ozone/integration-test/target/test-dir/MiniOzoneClusterImpl-7145d309-4503-4780-8e11-be9f9b790a3e/datanode-1/data/ratis/0026fe67-b07f-42b8-9eed-22abfc295f58/in_use.lock acquired by nodename 16834@byscane-nightly-84vzb-2270395203
2019-07-30 11:30:12,463 INFO  storage.RaftStorage (RaftStorage.java:format(72)) - Storage directory /workdir/hadoop-ozone/integration-test/target/test-dir/MiniOzoneClusterImpl-7145d309-4503-4780-8e11-be9f9b790a3e/datanode-1/data/ratis/0026fe67-b07f-42b8-9eed-22abfc295f58 has been successfully formatted.
2019-07-30 11:30:12,464 INFO  ratis.ContainerStateMachine (ContainerStateMachine.java:loadSnapshot(213)) - group-22ABFC295F58: The snapshot info is null. Setting the last applied indexto:(t:0, i:~)
2019-07-30 11:30:12,464 INFO  server.RaftServerConfigKeys (ConfUtils.java:logGet(43)) - raft.server.leader.election.timeout = 120s (custom)
2019-07-30 11:30:12,464 INFO  server.RaftServerConfigKeys (ConfUtils.java:logGet(43)) - raft.server.log.use.memory = false (default)
2019-07-30 11:30:12,464 INFO  server.RaftServerConfigKeys (ConfUtils.java:logGet(43)) - raft.server.log.purge.gap = 1000000000 (custom)
2019-07-30 11:30:12,464 INFO  server.RaftServerConfigKeys (ConfUtils.java:logGet(43)) - raft.server.log.appender.buffer.byte-limit = 33554432 (custom)
2019-07-30 11:30:12,464 INFO  server.RaftServerConfigKeys (ConfUtils.java:logGet(43)) - raft.server.log.segment.size.max = 1048576 (custom)
2019-07-30 11:30:12,465 INFO  server.RaftServerConfigKeys (ConfUtils.java:logGet(43)) - raft.server.log.segment.cache.num.max = 2 (custom)
2019-07-30 11:30:12,465 INFO  segmented.SegmentedRaftLogWorker (SegmentedRaftLogWorker.java:<init>(172)) - new 2b134424-1e81-4698-b6f0-e1153d94a764-SegmentedRaftLogWorker:Storage Directory /workdir/hadoop-ozone/integration-test/target/test-dir/MiniOzoneClusterImpl-7145d309-4503-4780-8e11-be9f9b790a3e/datanode-1/data/ratis/0026fe67-b07f-42b8-9eed-22abfc295f58 for RaftStorage:Storage Directory /workdir/hadoop-ozone/integration-test/target/test-dir/MiniOzoneClusterImpl-7145d309-4503-4780-8e11-be9f9b790a3e/datanode-1/data/ratis/0026fe67-b07f-42b8-9eed-22abfc295f58
2019-07-30 11:30:12,465 INFO  server.RaftServerConfigKeys (ConfUtils.java:logGet(43)) - raft.server.log.queue.byte-limit = 2147483647 (custom)
2019-07-30 11:30:12,465 INFO  server.RaftServerConfigKeys (ConfUtils.java:logGet(43)) - raft.server.log.queue.element-limit = 1024 (custom)
2019-07-30 11:30:12,466 INFO  server.RaftServerConfigKeys (ConfUtils.java:logGet(43)) - raft.server.log.segment.size.max = 1048576 (custom)
2019-07-30 11:30:12,466 INFO  server.RaftServerConfigKeys (ConfUtils.java:logGet(43)) - raft.server.log.preallocated.size = 16384 (custom)
2019-07-30 11:30:12,466 INFO  server.RaftServerConfigKeys (ConfUtils.java:logGet(43)) - raft.server.log.write.buffer.size = 33554432 (custom)
2019-07-30 11:30:12,466 INFO  server.RaftServerConfigKeys (ConfUtils.java:logGet(43)) - raft.server.log.force.sync.num = 128 (default)
2019-07-30 11:30:12,466 INFO  server.RaftServerConfigKeys (ConfUtils.java:logGet(43)) - raft.server.log.statemachine.data.sync = true (default)
2019-07-30 11:30:12,466 INFO  server.RaftServerConfigKeys (ConfUtils.java:logGet(43)) - raft.server.log.statemachine.data.sync.timeout = 10s (default)
2019-07-30 11:30:12,467 INFO  server.RaftServerConfigKeys (ConfUtils.java:logGet(43)) - raft.server.log.statemachine.data.sync.timeout.retry = -1 (default)
2019-07-30 11:30:12,467 INFO  server.RaftServerConfigKeys (ConfUtils.java:logGet(43)) - raft.server.log.statemachine.data.caching.enabled = true (custom)
2019-07-30 11:30:12,467 INFO  segmented.SegmentedRaftLogWorker (SegmentedRaftLogWorker.java:lambda$new$0(132)) - 2b134424-1e81-4698-b6f0-e1153d94a764-SegmentedRaftLogWorker:Storage Directory /workdir/hadoop-ozone/integration-test/target/test-dir/MiniOzoneClusterImpl-7145d309-4503-4780-8e11-be9f9b790a3e/datanode-1/data/ratis/0026fe67-b07f-42b8-9eed-22abfc295f58: flushIndex: setUnconditionally 0 -> -1
2019-07-30 11:30:12,468 INFO  server.RaftServerConfigKeys (ConfUtils.java:logGet(43)) - raft.server.snapshot.auto.trigger.enabled = true (custom)
2019-07-30 11:30:12,468 INFO  server.RaftServerConfigKeys (ConfUtils.java:logGet(43)) - raft.server.snapshot.auto.trigger.threshold = 10000 (custom)
2019-07-30 11:30:12,468 INFO  server.RaftServerConfigKeys (ConfUtils.java:logGet(43)) - raft.server.retrycache.expirytime = 600000ms (custom)
2019-07-30 11:30:12,468 INFO  impl.RaftServerImpl (RaftServerImpl.java:start(180)) - 2b134424-1e81-4698-b6f0-e1153d94a764: start group-22ABFC295F58
2019-07-30 11:30:12,468 INFO  impl.RaftServerImpl (RaftServerImpl.java:setRole(171)) - 2b134424-1e81-4698-b6f0-e1153d94a764:group-22ABFC295F58 changes role from null to FOLLOWER at term 0 for startAsFollower
2019-07-30 11:30:12,469 INFO  impl.RoleInfo (RoleInfo.java:updateAndGet(143)) - 2b134424-1e81-4698-b6f0-e1153d94a764: start FollowerState
2019-07-30 11:30:12,469 INFO  util.JmxRegister (JmxRegister.java:tryRegister(44)) - Successfully registered JMX Bean with object name Ratis:service=RaftServer,group=group-22ABFC295F58,id=2b134424-1e81-4698-b6f0-e1153d94a764
2019-07-30 11:30:12,478 INFO  pipeline.PipelineStateManager (PipelineStateManager.java:addPipeline(56)) - Created pipeline Pipeline[ Id: 0026fe67-b07f-42b8-9eed-22abfc295f58, Nodes: 2b134424-1e81-4698-b6f0-e1153d94a764{ip: 192.168.5.149, host: byscane-nightly-84vzb-2270395203, networkLocation: /default-rack, certSerialId: null}, Type:RATIS, Factor:ONE, State:OPEN]
2019-07-30 11:30:12,497 INFO  impl.RaftServerProxy (RaftServerProxy.java:addNew(89)) - d2f5d6d0-6fb9-469c-aec1-14b8e3769c12: addNew group-85BB8ECA790E:[d2f5d6d0-6fb9-469c-aec1-14b8e3769c12:192.168.5.149:34501] returns group-85BB8ECA790E:java.util.concurrent.CompletableFuture@53bed9b5[Not completed]
2019-07-30 11:30:12,499 INFO  impl.RaftServerImpl (RaftServerImpl.java:<init>(93)) - d2f5d6d0-6fb9-469c-aec1-14b8e3769c12: new RaftServerImpl for group-85BB8ECA790E:[d2f5d6d0-6fb9-469c-aec1-14b8e3769c12:192.168.5.149:34501] with ContainerStateMachine:uninitialized
2019-07-30 11:30:12,500 INFO  server.RaftServerConfigKeys (ConfUtils.java:logGet(43)) - raft.server.rpc.timeout.min = 5s (custom)
2019-07-30 11:30:12,500 INFO  server.RaftServerConfigKeys (ConfUtils.java:logGet(43)) - raft.server.rpc.timeout.max = 5200ms (custom)
2019-07-30 11:30:12,500 INFO  server.RaftServerConfigKeys (ConfUtils.java:logGet(43)) - raft.server.rpcslowness.timeout = 120s (custom)
2019-07-30 11:30:12,500 INFO  server.RaftServerConfigKeys (ConfUtils.java:logGet(43)) - raft.server.sleep.deviation.threshold = 300 (default)
2019-07-30 11:30:12,500 INFO  server.RaftServerConfigKeys (ConfUtils.java:logGet(43)) - raft.server.log.appender.install.snapshot.enabled = false (custom)
2019-07-30 11:30:12,501 INFO  impl.RaftServerImpl (ServerState.java:<init>(105)) - d2f5d6d0-6fb9-469c-aec1-14b8e3769c12:group-85BB8ECA790E ConfigurationManager, init=-1: [d2f5d6d0-6fb9-469c-aec1-14b8e3769c12:192.168.5.149:34501], old=null, confs=<EMPTY_MAP>
2019-07-30 11:30:12,501 INFO  server.RaftServerConfigKeys (ConfUtils.java:logGet(43)) - raft.server.storage.dir = [/workdir/hadoop-ozone/integration-test/target/test-dir/MiniOzoneClusterImpl-7145d309-4503-4780-8e11-be9f9b790a3e/datanode-5/data/ratis] (custom)
2019-07-30 11:30:12,501 INFO  storage.RaftStorageDirectory (RaftStorageDirectory.java:analyzeStorage(246)) - The storage directory /workdir/hadoop-ozone/integration-test/target/test-dir/MiniOzoneClusterImpl-7145d309-4503-4780-8e11-be9f9b790a3e/datanode-5/data/ratis/9c5db108-d7ce-4e86-8a96-85bb8eca790e does not exist. Creating ...
2019-07-30 11:30:12,512 INFO  storage.RaftStorageDirectory (RaftStorageDirectory.java:tryLock(328)) - Lock on /workdir/hadoop-ozone/integration-test/target/test-dir/MiniOzoneClusterImpl-7145d309-4503-4780-8e11-be9f9b790a3e/datanode-5/data/ratis/9c5db108-d7ce-4e86-8a96-85bb8eca790e/in_use.lock acquired by nodename 16834@byscane-nightly-84vzb-2270395203
2019-07-30 11:30:12,525 INFO  storage.RaftStorage (RaftStorage.java:format(72)) - Storage directory /workdir/hadoop-ozone/integration-test/target/test-dir/MiniOzoneClusterImpl-7145d309-4503-4780-8e11-be9f9b790a3e/datanode-5/data/ratis/9c5db108-d7ce-4e86-8a96-85bb8eca790e has been successfully formatted.
2019-07-30 11:30:12,526 INFO  ratis.ContainerStateMachine (ContainerStateMachine.java:loadSnapshot(213)) - group-85BB8ECA790E: The snapshot info is null. Setting the last applied indexto:(t:0, i:~)
2019-07-30 11:30:12,526 INFO  server.RaftServerConfigKeys (ConfUtils.java:logGet(43)) - raft.server.leader.election.timeout = 120s (custom)
2019-07-30 11:30:12,526 INFO  server.RaftServerConfigKeys (ConfUtils.java:logGet(43)) - raft.server.log.use.memory = false (default)
2019-07-30 11:30:12,526 INFO  server.RaftServerConfigKeys (ConfUtils.java:logGet(43)) - raft.server.log.purge.gap = 1000000000 (custom)
2019-07-30 11:30:12,526 INFO  server.RaftServerConfigKeys (ConfUtils.java:logGet(43)) - raft.server.log.appender.buffer.byte-limit = 33554432 (custom)
2019-07-30 11:30:12,526 INFO  server.RaftServerConfigKeys (ConfUtils.java:logGet(43)) - raft.server.log.segment.size.max = 1048576 (custom)
2019-07-30 11:30:12,527 INFO  server.RaftServerConfigKeys (ConfUtils.java:logGet(43)) - raft.server.log.segment.cache.num.max = 2 (custom)
2019-07-30 11:30:12,527 INFO  segmented.SegmentedRaftLogWorker (SegmentedRaftLogWorker.java:<init>(172)) - new d2f5d6d0-6fb9-469c-aec1-14b8e3769c12-SegmentedRaftLogWorker:Storage Directory /workdir/hadoop-ozone/integration-test/target/test-dir/MiniOzoneClusterImpl-7145d309-4503-4780-8e11-be9f9b790a3e/datanode-5/data/ratis/9c5db108-d7ce-4e86-8a96-85bb8eca790e for RaftStorage:Storage Directory /workdir/hadoop-ozone/integration-test/target/test-dir/MiniOzoneClusterImpl-7145d309-4503-4780-8e11-be9f9b790a3e/datanode-5/data/ratis/9c5db108-d7ce-4e86-8a96-85bb8eca790e
2019-07-30 11:30:12,527 INFO  server.RaftServerConfigKeys (ConfUtils.java:logGet(43)) - raft.server.log.queue.byte-limit = 2147483647 (custom)
2019-07-30 11:30:12,527 INFO  server.RaftServerConfigKeys (ConfUtils.java:logGet(43)) - raft.server.log.queue.element-limit = 1024 (custom)
2019-07-30 11:30:12,528 INFO  server.RaftServerConfigKeys (ConfUtils.java:logGet(43)) - raft.server.log.segment.size.max = 1048576 (custom)
2019-07-30 11:30:12,528 INFO  server.RaftServerConfigKeys (ConfUtils.java:logGet(43)) - raft.server.log.preallocated.size = 16384 (custom)
2019-07-30 11:30:12,528 INFO  server.RaftServerConfigKeys (ConfUtils.java:logGet(43)) - raft.server.log.write.buffer.size = 33554432 (custom)
2019-07-30 11:30:12,528 INFO  server.RaftServerConfigKeys (ConfUtils.java:logGet(43)) - raft.server.log.force.sync.num = 128 (default)
2019-07-30 11:30:12,528 INFO  server.RaftServerConfigKeys (ConfUtils.java:logGet(43)) - raft.server.log.statemachine.data.sync = true (default)
2019-07-30 11:30:12,528 INFO  server.RaftServerConfigKeys (ConfUtils.java:logGet(43)) - raft.server.log.statemachine.data.sync.timeout = 10s (default)
2019-07-30 11:30:12,529 INFO  server.RaftServerConfigKeys (ConfUtils.java:logGet(43)) - raft.server.log.statemachine.data.sync.timeout.retry = -1 (default)
2019-07-30 11:30:12,529 INFO  server.RaftServerConfigKeys (ConfUtils.java:logGet(43)) - raft.server.log.statemachine.data.caching.enabled = true (custom)
2019-07-30 11:30:12,529 INFO  segmented.SegmentedRaftLogWorker (SegmentedRaftLogWorker.java:lambda$new$0(132)) - d2f5d6d0-6fb9-469c-aec1-14b8e3769c12-SegmentedRaftLogWorker:Storage Directory /workdir/hadoop-ozone/integration-test/target/test-dir/MiniOzoneClusterImpl-7145d309-4503-4780-8e11-be9f9b790a3e/datanode-5/data/ratis/9c5db108-d7ce-4e86-8a96-85bb8eca790e: flushIndex: setUnconditionally 0 -> -1
2019-07-30 11:30:12,530 INFO  server.RaftServerConfigKeys (ConfUtils.java:logGet(43)) - raft.server.snapshot.auto.trigger.enabled = true (custom)
2019-07-30 11:30:12,530 INFO  server.RaftServerConfigKeys (ConfUtils.java:logGet(43)) - raft.server.snapshot.auto.trigger.threshold = 10000 (custom)
2019-07-30 11:30:12,530 INFO  server.RaftServerConfigKeys (ConfUtils.java:logGet(43)) - raft.server.retrycache.expirytime = 600000ms (custom)
2019-07-30 11:30:12,530 INFO  impl.RaftServerImpl (RaftServerImpl.java:start(180)) - d2f5d6d0-6fb9-469c-aec1-14b8e3769c12: start group-85BB8ECA790E
2019-07-30 11:30:12,530 INFO  impl.RaftServerImpl (RaftServerImpl.java:setRole(171)) - d2f5d6d0-6fb9-469c-aec1-14b8e3769c12:group-85BB8ECA790E changes role from null to FOLLOWER at term 0 for startAsFollower
2019-07-30 11:30:12,531 INFO  impl.RoleInfo (RoleInfo.java:updateAndGet(143)) - d2f5d6d0-6fb9-469c-aec1-14b8e3769c12: start FollowerState
2019-07-30 11:30:12,531 INFO  util.JmxRegister (JmxRegister.java:tryRegister(44)) - Successfully registered JMX Bean with object name Ratis:service=RaftServer,group=group-85BB8ECA790E,id=d2f5d6d0-6fb9-469c-aec1-14b8e3769c12
2019-07-30 11:30:12,542 INFO  pipeline.PipelineStateManager (PipelineStateManager.java:addPipeline(56)) - Created pipeline Pipeline[ Id: 9c5db108-d7ce-4e86-8a96-85bb8eca790e, Nodes: d2f5d6d0-6fb9-469c-aec1-14b8e3769c12{ip: 192.168.5.149, host: byscane-nightly-84vzb-2270395203, networkLocation: /default-rack, certSerialId: null}, Type:RATIS, Factor:ONE, State:OPEN]
2019-07-30 11:30:12,564 INFO  impl.RaftServerProxy (RaftServerProxy.java:addNew(89)) - 21bf366b-e4b6-4b9d-94e2-819043308293: addNew group-B13135107A45:[21bf366b-e4b6-4b9d-94e2-819043308293:192.168.5.149:41433] returns group-B13135107A45:java.util.concurrent.CompletableFuture@493d4ee1[Not completed]
2019-07-30 11:30:12,566 INFO  impl.RaftServerImpl (RaftServerImpl.java:<init>(93)) - 21bf366b-e4b6-4b9d-94e2-819043308293: new RaftServerImpl for group-B13135107A45:[21bf366b-e4b6-4b9d-94e2-819043308293:192.168.5.149:41433] with ContainerStateMachine:uninitialized
2019-07-30 11:30:12,567 INFO  server.RaftServerConfigKeys (ConfUtils.java:logGet(43)) - raft.server.rpc.timeout.min = 5s (custom)
2019-07-30 11:30:12,568 INFO  server.RaftServerConfigKeys (ConfUtils.java:logGet(43)) - raft.server.rpc.timeout.max = 5200ms (custom)
2019-07-30 11:30:12,568 INFO  server.RaftServerConfigKeys (ConfUtils.java:logGet(43)) - raft.server.rpcslowness.timeout = 120s (custom)
2019-07-30 11:30:12,568 INFO  server.RaftServerConfigKeys (ConfUtils.java:logGet(43)) - raft.server.sleep.deviation.threshold = 300 (default)
2019-07-30 11:30:12,568 INFO  server.RaftServerConfigKeys (ConfUtils.java:logGet(43)) - raft.server.log.appender.install.snapshot.enabled = false (custom)
2019-07-30 11:30:12,568 INFO  impl.RaftServerImpl (ServerState.java:<init>(105)) - 21bf366b-e4b6-4b9d-94e2-819043308293:group-B13135107A45 ConfigurationManager, init=-1: [21bf366b-e4b6-4b9d-94e2-819043308293:192.168.5.149:41433], old=null, confs=<EMPTY_MAP>
2019-07-30 11:30:12,569 INFO  server.RaftServerConfigKeys (ConfUtils.java:logGet(43)) - raft.server.storage.dir = [/workdir/hadoop-ozone/integration-test/target/test-dir/MiniOzoneClusterImpl-7145d309-4503-4780-8e11-be9f9b790a3e/datanode-4/data/ratis] (custom)
2019-07-30 11:30:12,569 INFO  storage.RaftStorageDirectory (RaftStorageDirectory.java:analyzeStorage(246)) - The storage directory /workdir/hadoop-ozone/integration-test/target/test-dir/MiniOzoneClusterImpl-7145d309-4503-4780-8e11-be9f9b790a3e/datanode-4/data/ratis/96e552dd-ab6f-4aa1-91d6-b13135107a45 does not exist. Creating ...
2019-07-30 11:30:12,580 INFO  storage.RaftStorageDirectory (RaftStorageDirectory.java:tryLock(328)) - Lock on /workdir/hadoop-ozone/integration-test/target/test-dir/MiniOzoneClusterImpl-7145d309-4503-4780-8e11-be9f9b790a3e/datanode-4/data/ratis/96e552dd-ab6f-4aa1-91d6-b13135107a45/in_use.lock acquired by nodename 16834@byscane-nightly-84vzb-2270395203
2019-07-30 11:30:12,592 INFO  storage.RaftStorage (RaftStorage.java:format(72)) - Storage directory /workdir/hadoop-ozone/integration-test/target/test-dir/MiniOzoneClusterImpl-7145d309-4503-4780-8e11-be9f9b790a3e/datanode-4/data/ratis/96e552dd-ab6f-4aa1-91d6-b13135107a45 has been successfully formatted.
2019-07-30 11:30:12,593 INFO  ratis.ContainerStateMachine (ContainerStateMachine.java:loadSnapshot(213)) - group-B13135107A45: The snapshot info is null. Setting the last applied indexto:(t:0, i:~)
2019-07-30 11:30:12,593 INFO  server.RaftServerConfigKeys (ConfUtils.java:logGet(43)) - raft.server.leader.election.timeout = 120s (custom)
2019-07-30 11:30:12,593 INFO  server.RaftServerConfigKeys (ConfUtils.java:logGet(43)) - raft.server.log.use.memory = false (default)
2019-07-30 11:30:12,593 INFO  server.RaftServerConfigKeys (ConfUtils.java:logGet(43)) - raft.server.log.purge.gap = 1000000000 (custom)
2019-07-30 11:30:12,593 INFO  server.RaftServerConfigKeys (ConfUtils.java:logGet(43)) - raft.server.log.appender.buffer.byte-limit = 33554432 (custom)
2019-07-30 11:30:12,594 INFO  server.RaftServerConfigKeys (ConfUtils.java:logGet(43)) - raft.server.log.segment.size.max = 1048576 (custom)
2019-07-30 11:30:12,594 INFO  server.RaftServerConfigKeys (ConfUtils.java:logGet(43)) - raft.server.log.segment.cache.num.max = 2 (custom)
2019-07-30 11:30:12,594 INFO  segmented.SegmentedRaftLogWorker (SegmentedRaftLogWorker.java:<init>(172)) - new 21bf366b-e4b6-4b9d-94e2-819043308293-SegmentedRaftLogWorker:Storage Directory /workdir/hadoop-ozone/integration-test/target/test-dir/MiniOzoneClusterImpl-7145d309-4503-4780-8e11-be9f9b790a3e/datanode-4/data/ratis/96e552dd-ab6f-4aa1-91d6-b13135107a45 for RaftStorage:Storage Directory /workdir/hadoop-ozone/integration-test/target/test-dir/MiniOzoneClusterImpl-7145d309-4503-4780-8e11-be9f9b790a3e/datanode-4/data/ratis/96e552dd-ab6f-4aa1-91d6-b13135107a45
2019-07-30 11:30:12,594 INFO  server.RaftServerConfigKeys (ConfUtils.java:logGet(43)) - raft.server.log.queue.byte-limit = 2147483647 (custom)
2019-07-30 11:30:12,594 INFO  server.RaftServerConfigKeys (ConfUtils.java:logGet(43)) - raft.server.log.queue.element-limit = 1024 (custom)
2019-07-30 11:30:12,594 INFO  server.RaftServerConfigKeys (ConfUtils.java:logGet(43)) - raft.server.log.segment.size.max = 1048576 (custom)
2019-07-30 11:30:12,596 INFO  ozone.MiniOzoneClusterImpl (MiniOzoneClusterImpl.java:lambda$waitForClusterToBeReady$0(142)) - Waiting for cluster to be ready. Got 6 of 7 DN Heartbeats.
2019-07-30 11:30:12,596 INFO  server.RaftServerConfigKeys (ConfUtils.java:logGet(43)) - raft.server.log.preallocated.size = 16384 (custom)
2019-07-30 11:30:12,598 INFO  server.RaftServerConfigKeys (ConfUtils.java:logGet(43)) - raft.server.log.write.buffer.size = 33554432 (custom)
2019-07-30 11:30:12,598 INFO  server.RaftServerConfigKeys (ConfUtils.java:logGet(43)) - raft.server.log.force.sync.num = 128 (default)
2019-07-30 11:30:12,598 INFO  net.NetworkTopology (NetworkTopologyImpl.java:add(110)) - Added a new node: /default-rack/6cd5b97e-02c1-41da-9bc6-6b0fb74e21b7
2019-07-30 11:30:12,599 INFO  server.RaftServerConfigKeys (ConfUtils.java:logGet(43)) - raft.server.log.statemachine.data.sync = true (default)
2019-07-30 11:30:12,599 INFO  node.SCMNodeManager (SCMNodeManager.java:register(273)) - Registered Data node : 6cd5b97e-02c1-41da-9bc6-6b0fb74e21b7{ip: 192.168.5.149, host: byscane-nightly-84vzb-2270395203, networkLocation: /default-rack, certSerialId: null}
2019-07-30 11:30:12,599 INFO  server.RaftServerConfigKeys (ConfUtils.java:logGet(43)) - raft.server.log.statemachine.data.sync.timeout = 10s (default)
2019-07-30 11:30:12,600 INFO  server.RaftServerConfigKeys (ConfUtils.java:logGet(43)) - raft.server.log.statemachine.data.sync.timeout.retry = -1 (default)
2019-07-30 11:30:12,600 INFO  server.RaftServerConfigKeys (ConfUtils.java:logGet(43)) - raft.server.log.statemachine.data.caching.enabled = true (custom)
2019-07-30 11:30:12,600 INFO  segmented.SegmentedRaftLogWorker (SegmentedRaftLogWorker.java:lambda$new$0(132)) - 21bf366b-e4b6-4b9d-94e2-819043308293-SegmentedRaftLogWorker:Storage Directory /workdir/hadoop-ozone/integration-test/target/test-dir/MiniOzoneClusterImpl-7145d309-4503-4780-8e11-be9f9b790a3e/datanode-4/data/ratis/96e552dd-ab6f-4aa1-91d6-b13135107a45: flushIndex: setUnconditionally 0 -> -1
2019-07-30 11:30:12,601 INFO  server.RaftServerConfigKeys (ConfUtils.java:logGet(43)) - raft.server.snapshot.auto.trigger.enabled = true (custom)
2019-07-30 11:30:12,601 INFO  server.RaftServerConfigKeys (ConfUtils.java:logGet(43)) - raft.server.snapshot.auto.trigger.threshold = 10000 (custom)
2019-07-30 11:30:12,601 INFO  server.RaftServerConfigKeys (ConfUtils.java:logGet(43)) - raft.server.retrycache.expirytime = 600000ms (custom)
2019-07-30 11:30:12,601 INFO  impl.RaftServerImpl (RaftServerImpl.java:start(180)) - 21bf366b-e4b6-4b9d-94e2-819043308293: start group-B13135107A45
2019-07-30 11:30:12,601 INFO  impl.RaftServerImpl (RaftServerImpl.java:setRole(171)) - 21bf366b-e4b6-4b9d-94e2-819043308293:group-B13135107A45 changes role from null to FOLLOWER at term 0 for startAsFollower
2019-07-30 11:30:12,601 INFO  impl.RoleInfo (RoleInfo.java:updateAndGet(143)) - 21bf366b-e4b6-4b9d-94e2-819043308293: start FollowerState
2019-07-30 11:30:12,602 INFO  util.JmxRegister (JmxRegister.java:tryRegister(44)) - Successfully registered JMX Bean with object name Ratis:service=RaftServer,group=group-B13135107A45,id=21bf366b-e4b6-4b9d-94e2-819043308293
2019-07-30 11:30:12,612 INFO  pipeline.PipelineStateManager (PipelineStateManager.java:addPipeline(56)) - Created pipeline Pipeline[ Id: 96e552dd-ab6f-4aa1-91d6-b13135107a45, Nodes: 21bf366b-e4b6-4b9d-94e2-819043308293{ip: 192.168.5.149, host: byscane-nightly-84vzb-2270395203, networkLocation: /default-rack, certSerialId: null}, Type:RATIS, Factor:ONE, State:OPEN]
2019-07-30 11:30:12,628 INFO  impl.RaftServerProxy (RaftServerProxy.java:addNew(89)) - 6cd5b97e-02c1-41da-9bc6-6b0fb74e21b7: addNew group-3D340DBB89CF:[6cd5b97e-02c1-41da-9bc6-6b0fb74e21b7:192.168.5.149:35472] returns group-3D340DBB89CF:java.util.concurrent.CompletableFuture@19297669[Not completed]
2019-07-30 11:30:12,630 INFO  impl.RaftServerImpl (RaftServerImpl.java:<init>(93)) - 6cd5b97e-02c1-41da-9bc6-6b0fb74e21b7: new RaftServerImpl for group-3D340DBB89CF:[6cd5b97e-02c1-41da-9bc6-6b0fb74e21b7:192.168.5.149:35472] with ContainerStateMachine:uninitialized
2019-07-30 11:30:12,632 INFO  server.RaftServerConfigKeys (ConfUtils.java:logGet(43)) - raft.server.rpc.timeout.min = 5s (custom)
2019-07-30 11:30:12,633 INFO  server.RaftServerConfigKeys (ConfUtils.java:logGet(43)) - raft.server.rpc.timeout.max = 5200ms (custom)
2019-07-30 11:30:12,633 INFO  server.RaftServerConfigKeys (ConfUtils.java:logGet(43)) - raft.server.rpcslowness.timeout = 120s (custom)
2019-07-30 11:30:12,633 INFO  server.RaftServerConfigKeys (ConfUtils.java:logGet(43)) - raft.server.sleep.deviation.threshold = 300 (default)
2019-07-30 11:30:12,633 INFO  server.RaftServerConfigKeys (ConfUtils.java:logGet(43)) - raft.server.log.appender.install.snapshot.enabled = false (custom)
2019-07-30 11:30:12,633 INFO  impl.RaftServerImpl (ServerState.java:<init>(105)) - 6cd5b97e-02c1-41da-9bc6-6b0fb74e21b7:group-3D340DBB89CF ConfigurationManager, init=-1: [6cd5b97e-02c1-41da-9bc6-6b0fb74e21b7:192.168.5.149:35472], old=null, confs=<EMPTY_MAP>
2019-07-30 11:30:12,633 INFO  server.RaftServerConfigKeys (ConfUtils.java:logGet(43)) - raft.server.storage.dir = [/workdir/hadoop-ozone/integration-test/target/test-dir/MiniOzoneClusterImpl-7145d309-4503-4780-8e11-be9f9b790a3e/datanode-6/data/ratis] (custom)
2019-07-30 11:30:12,634 INFO  storage.RaftStorageDirectory (RaftStorageDirectory.java:analyzeStorage(246)) - The storage directory /workdir/hadoop-ozone/integration-test/target/test-dir/MiniOzoneClusterImpl-7145d309-4503-4780-8e11-be9f9b790a3e/datanode-6/data/ratis/d93fd5f8-3540-4427-a775-3d340dbb89cf does not exist. Creating ...
2019-07-30 11:30:12,645 INFO  storage.RaftStorageDirectory (RaftStorageDirectory.java:tryLock(328)) - Lock on /workdir/hadoop-ozone/integration-test/target/test-dir/MiniOzoneClusterImpl-7145d309-4503-4780-8e11-be9f9b790a3e/datanode-6/data/ratis/d93fd5f8-3540-4427-a775-3d340dbb89cf/in_use.lock acquired by nodename 16834@byscane-nightly-84vzb-2270395203
2019-07-30 11:30:12,655 INFO  storage.RaftStorage (RaftStorage.java:format(72)) - Storage directory /workdir/hadoop-ozone/integration-test/target/test-dir/MiniOzoneClusterImpl-7145d309-4503-4780-8e11-be9f9b790a3e/datanode-6/data/ratis/d93fd5f8-3540-4427-a775-3d340dbb89cf has been successfully formatted.
2019-07-30 11:30:12,655 INFO  ratis.ContainerStateMachine (ContainerStateMachine.java:loadSnapshot(213)) - group-3D340DBB89CF: The snapshot info is null. Setting the last applied indexto:(t:0, i:~)
2019-07-30 11:30:12,655 INFO  server.RaftServerConfigKeys (ConfUtils.java:logGet(43)) - raft.server.leader.election.timeout = 120s (custom)
2019-07-30 11:30:12,655 INFO  server.RaftServerConfigKeys (ConfUtils.java:logGet(43)) - raft.server.log.use.memory = false (default)
2019-07-30 11:30:12,655 INFO  server.RaftServerConfigKeys (ConfUtils.java:logGet(43)) - raft.server.log.purge.gap = 1000000000 (custom)
2019-07-30 11:30:12,656 INFO  server.RaftServerConfigKeys (ConfUtils.java:logGet(43)) - raft.server.log.appender.buffer.byte-limit = 33554432 (custom)
2019-07-30 11:30:12,656 INFO  server.RaftServerConfigKeys (ConfUtils.java:logGet(43)) - raft.server.log.segment.size.max = 1048576 (custom)
2019-07-30 11:30:12,656 INFO  server.RaftServerConfigKeys (ConfUtils.java:logGet(43)) - raft.server.log.segment.cache.num.max = 2 (custom)
2019-07-30 11:30:12,656 INFO  segmented.SegmentedRaftLogWorker (SegmentedRaftLogWorker.java:<init>(172)) - new 6cd5b97e-02c1-41da-9bc6-6b0fb74e21b7-SegmentedRaftLogWorker:Storage Directory /workdir/hadoop-ozone/integration-test/target/test-dir/MiniOzoneClusterImpl-7145d309-4503-4780-8e11-be9f9b790a3e/datanode-6/data/ratis/d93fd5f8-3540-4427-a775-3d340dbb89cf for RaftStorage:Storage Directory /workdir/hadoop-ozone/integration-test/target/test-dir/MiniOzoneClusterImpl-7145d309-4503-4780-8e11-be9f9b790a3e/datanode-6/data/ratis/d93fd5f8-3540-4427-a775-3d340dbb89cf
2019-07-30 11:30:12,656 INFO  server.RaftServerConfigKeys (ConfUtils.java:logGet(43)) - raft.server.log.queue.byte-limit = 2147483647 (custom)
2019-07-30 11:30:12,656 INFO  server.RaftServerConfigKeys (ConfUtils.java:logGet(43)) - raft.server.log.queue.element-limit = 1024 (custom)
2019-07-30 11:30:12,657 INFO  server.RaftServerConfigKeys (ConfUtils.java:logGet(43)) - raft.server.log.segment.size.max = 1048576 (custom)
2019-07-30 11:30:12,657 INFO  server.RaftServerConfigKeys (ConfUtils.java:logGet(43)) - raft.server.log.preallocated.size = 16384 (custom)
2019-07-30 11:30:12,657 INFO  server.RaftServerConfigKeys (ConfUtils.java:logGet(43)) - raft.server.log.write.buffer.size = 33554432 (custom)
2019-07-30 11:30:12,657 INFO  server.RaftServerConfigKeys (ConfUtils.java:logGet(43)) - raft.server.log.force.sync.num = 128 (default)
2019-07-30 11:30:12,658 INFO  server.RaftServerConfigKeys (ConfUtils.java:logGet(43)) - raft.server.log.statemachine.data.sync = true (default)
2019-07-30 11:30:12,658 INFO  server.RaftServerConfigKeys (ConfUtils.java:logGet(43)) - raft.server.log.statemachine.data.sync.timeout = 10s (default)
2019-07-30 11:30:12,658 INFO  server.RaftServerConfigKeys (ConfUtils.java:logGet(43)) - raft.server.log.statemachine.data.sync.timeout.retry = -1 (default)
2019-07-30 11:30:12,659 INFO  server.RaftServerConfigKeys (ConfUtils.java:logGet(43)) - raft.server.log.statemachine.data.caching.enabled = true (custom)
2019-07-30 11:30:12,659 INFO  segmented.SegmentedRaftLogWorker (SegmentedRaftLogWorker.java:lambda$new$0(132)) - 6cd5b97e-02c1-41da-9bc6-6b0fb74e21b7-SegmentedRaftLogWorker:Storage Directory /workdir/hadoop-ozone/integration-test/target/test-dir/MiniOzoneClusterImpl-7145d309-4503-4780-8e11-be9f9b790a3e/datanode-6/data/ratis/d93fd5f8-3540-4427-a775-3d340dbb89cf: flushIndex: setUnconditionally 0 -> -1
2019-07-30 11:30:12,660 INFO  server.RaftServerConfigKeys (ConfUtils.java:logGet(43)) - raft.server.snapshot.auto.trigger.enabled = true (custom)
2019-07-30 11:30:12,660 INFO  server.RaftServerConfigKeys (ConfUtils.java:logGet(43)) - raft.server.snapshot.auto.trigger.threshold = 10000 (custom)
2019-07-30 11:30:12,660 INFO  server.RaftServerConfigKeys (ConfUtils.java:logGet(43)) - raft.server.retrycache.expirytime = 600000ms (custom)
2019-07-30 11:30:12,660 INFO  impl.RaftServerImpl (RaftServerImpl.java:start(180)) - 6cd5b97e-02c1-41da-9bc6-6b0fb74e21b7: start group-3D340DBB89CF
2019-07-30 11:30:12,661 INFO  impl.RaftServerImpl (RaftServerImpl.java:setRole(171)) - 6cd5b97e-02c1-41da-9bc6-6b0fb74e21b7:group-3D340DBB89CF changes role from null to FOLLOWER at term 0 for startAsFollower
2019-07-30 11:30:12,661 INFO  impl.RoleInfo (RoleInfo.java:updateAndGet(143)) - 6cd5b97e-02c1-41da-9bc6-6b0fb74e21b7: start FollowerState
2019-07-30 11:30:12,661 INFO  util.JmxRegister (JmxRegister.java:tryRegister(44)) - Successfully registered JMX Bean with object name Ratis:service=RaftServer,group=group-3D340DBB89CF,id=6cd5b97e-02c1-41da-9bc6-6b0fb74e21b7
2019-07-30 11:30:12,679 INFO  pipeline.PipelineStateManager (PipelineStateManager.java:addPipeline(56)) - Created pipeline Pipeline[ Id: d93fd5f8-3540-4427-a775-3d340dbb89cf, Nodes: 6cd5b97e-02c1-41da-9bc6-6b0fb74e21b7{ip: 192.168.5.149, host: byscane-nightly-84vzb-2270395203, networkLocation: /default-rack, certSerialId: null}, Type:RATIS, Factor:ONE, State:OPEN]
2019-07-30 11:30:12,715 INFO  impl.RaftServerProxy (RaftServerProxy.java:addNew(89)) - d86f328e-cb6c-4778-8aa1-27ad55bca2a7: addNew group-1EDE4706F451:[d86f328e-cb6c-4778-8aa1-27ad55bca2a7:192.168.5.149:43665, 6cd5b97e-02c1-41da-9bc6-6b0fb74e21b7:192.168.5.149:35472, 4cecc661-5626-4c4b-b7ec-c6cc38efe2ca:192.168.5.149:35011] returns group-1EDE4706F451:java.util.concurrent.CompletableFuture@1b75b8f4[Not completed]
2019-07-30 11:30:12,718 INFO  impl.RaftServerProxy (RaftServerProxy.java:addNew(89)) - 6cd5b97e-02c1-41da-9bc6-6b0fb74e21b7: addNew group-1EDE4706F451:[d86f328e-cb6c-4778-8aa1-27ad55bca2a7:192.168.5.149:43665, 6cd5b97e-02c1-41da-9bc6-6b0fb74e21b7:192.168.5.149:35472, 4cecc661-5626-4c4b-b7ec-c6cc38efe2ca:192.168.5.149:35011] returns group-1EDE4706F451:java.util.concurrent.CompletableFuture@5a3cb547[Not completed]
2019-07-30 11:30:12,718 INFO  impl.RaftServerProxy (RaftServerProxy.java:addNew(89)) - 4cecc661-5626-4c4b-b7ec-c6cc38efe2ca: addNew group-1EDE4706F451:[d86f328e-cb6c-4778-8aa1-27ad55bca2a7:192.168.5.149:43665, 6cd5b97e-02c1-41da-9bc6-6b0fb74e21b7:192.168.5.149:35472, 4cecc661-5626-4c4b-b7ec-c6cc38efe2ca:192.168.5.149:35011] returns group-1EDE4706F451:java.util.concurrent.CompletableFuture@5e7735fe[Not completed]
2019-07-30 11:30:12,719 INFO  impl.RaftServerImpl (RaftServerImpl.java:<init>(93)) - d86f328e-cb6c-4778-8aa1-27ad55bca2a7: new RaftServerImpl for group-1EDE4706F451:[d86f328e-cb6c-4778-8aa1-27ad55bca2a7:192.168.5.149:43665, 6cd5b97e-02c1-41da-9bc6-6b0fb74e21b7:192.168.5.149:35472, 4cecc661-5626-4c4b-b7ec-c6cc38efe2ca:192.168.5.149:35011] with ContainerStateMachine:uninitialized
2019-07-30 11:30:12,719 INFO  server.RaftServerConfigKeys (ConfUtils.java:logGet(43)) - raft.server.rpc.timeout.min = 5s (custom)
2019-07-30 11:30:12,719 INFO  server.RaftServerConfigKeys (ConfUtils.java:logGet(43)) - raft.server.rpc.timeout.max = 5200ms (custom)
2019-07-30 11:30:12,719 INFO  server.RaftServerConfigKeys (ConfUtils.java:logGet(43)) - raft.server.rpcslowness.timeout = 120s (custom)
2019-07-30 11:30:12,720 INFO  server.RaftServerConfigKeys (ConfUtils.java:logGet(43)) - raft.server.sleep.deviation.threshold = 300 (default)
2019-07-30 11:30:12,720 INFO  server.RaftServerConfigKeys (ConfUtils.java:logGet(43)) - raft.server.log.appender.install.snapshot.enabled = false (custom)
2019-07-30 11:30:12,720 INFO  impl.RaftServerImpl (ServerState.java:<init>(105)) - d86f328e-cb6c-4778-8aa1-27ad55bca2a7:group-1EDE4706F451 ConfigurationManager, init=-1: [d86f328e-cb6c-4778-8aa1-27ad55bca2a7:192.168.5.149:43665, 6cd5b97e-02c1-41da-9bc6-6b0fb74e21b7:192.168.5.149:35472, 4cecc661-5626-4c4b-b7ec-c6cc38efe2ca:192.168.5.149:35011], old=null, confs=<EMPTY_MAP>
2019-07-30 11:30:12,720 INFO  impl.RaftServerImpl (RaftServerImpl.java:<init>(93)) - 6cd5b97e-02c1-41da-9bc6-6b0fb74e21b7: new RaftServerImpl for group-1EDE4706F451:[d86f328e-cb6c-4778-8aa1-27ad55bca2a7:192.168.5.149:43665, 6cd5b97e-02c1-41da-9bc6-6b0fb74e21b7:192.168.5.149:35472, 4cecc661-5626-4c4b-b7ec-c6cc38efe2ca:192.168.5.149:35011] with ContainerStateMachine:uninitialized
2019-07-30 11:30:12,720 INFO  server.RaftServerConfigKeys (ConfUtils.java:logGet(43)) - raft.server.storage.dir = [/workdir/hadoop-ozone/integration-test/target/test-dir/MiniOzoneClusterImpl-7145d309-4503-4780-8e11-be9f9b790a3e/datanode-2/data/ratis] (custom)
2019-07-30 11:30:12,720 INFO  server.RaftServerConfigKeys (ConfUtils.java:logGet(43)) - raft.server.rpc.timeout.min = 5s (custom)
2019-07-30 11:30:12,720 INFO  server.RaftServerConfigKeys (ConfUtils.java:logGet(43)) - raft.server.rpc.timeout.max = 5200ms (custom)
2019-07-30 11:30:12,721 INFO  storage.RaftStorageDirectory (RaftStorageDirectory.java:analyzeStorage(246)) - The storage directory /workdir/hadoop-ozone/integration-test/target/test-dir/MiniOzoneClusterImpl-7145d309-4503-4780-8e11-be9f9b790a3e/datanode-2/data/ratis/3a797231-d8ae-46cb-ac11-1ede4706f451 does not exist. Creating ...
2019-07-30 11:30:12,721 INFO  impl.RaftServerImpl (RaftServerImpl.java:<init>(93)) - 4cecc661-5626-4c4b-b7ec-c6cc38efe2ca: new RaftServerImpl for group-1EDE4706F451:[d86f328e-cb6c-4778-8aa1-27ad55bca2a7:192.168.5.149:43665, 6cd5b97e-02c1-41da-9bc6-6b0fb74e21b7:192.168.5.149:35472, 4cecc661-5626-4c4b-b7ec-c6cc38efe2ca:192.168.5.149:35011] with ContainerStateMachine:uninitialized
2019-07-30 11:30:12,721 INFO  server.RaftServerConfigKeys (ConfUtils.java:logGet(43)) - raft.server.rpcslowness.timeout = 120s (custom)
2019-07-30 11:30:12,721 INFO  server.RaftServerConfigKeys (ConfUtils.java:logGet(43)) - raft.server.rpc.timeout.min = 5s (custom)
2019-07-30 11:30:12,721 INFO  server.RaftServerConfigKeys (ConfUtils.java:logGet(43)) - raft.server.sleep.deviation.threshold = 300 (default)
2019-07-30 11:30:12,721 INFO  server.RaftServerConfigKeys (ConfUtils.java:logGet(43)) - raft.server.rpc.timeout.max = 5200ms (custom)
2019-07-30 11:30:12,721 INFO  server.RaftServerConfigKeys (ConfUtils.java:logGet(43)) - raft.server.log.appender.install.snapshot.enabled = false (custom)
2019-07-30 11:30:12,721 INFO  server.RaftServerConfigKeys (ConfUtils.java:logGet(43)) - raft.server.rpcslowness.timeout = 120s (custom)
2019-07-30 11:30:12,722 INFO  impl.RaftServerImpl (ServerState.java:<init>(105)) - 6cd5b97e-02c1-41da-9bc6-6b0fb74e21b7:group-1EDE4706F451 ConfigurationManager, init=-1: [d86f328e-cb6c-4778-8aa1-27ad55bca2a7:192.168.5.149:43665, 6cd5b97e-02c1-41da-9bc6-6b0fb74e21b7:192.168.5.149:35472, 4cecc661-5626-4c4b-b7ec-c6cc38efe2ca:192.168.5.149:35011], old=null, confs=<EMPTY_MAP>
2019-07-30 11:30:12,722 INFO  server.RaftServerConfigKeys (ConfUtils.java:logGet(43)) - raft.server.sleep.deviation.threshold = 300 (default)
2019-07-30 11:30:12,722 INFO  server.RaftServerConfigKeys (ConfUtils.java:logGet(43)) - raft.server.log.appender.install.snapshot.enabled = false (custom)
2019-07-30 11:30:12,722 INFO  server.RaftServerConfigKeys (ConfUtils.java:logGet(43)) - raft.server.storage.dir = [/workdir/hadoop-ozone/integration-test/target/test-dir/MiniOzoneClusterImpl-7145d309-4503-4780-8e11-be9f9b790a3e/datanode-6/data/ratis] (custom)
2019-07-30 11:30:12,722 INFO  impl.RaftServerImpl (ServerState.java:<init>(105)) - 4cecc661-5626-4c4b-b7ec-c6cc38efe2ca:group-1EDE4706F451 ConfigurationManager, init=-1: [d86f328e-cb6c-4778-8aa1-27ad55bca2a7:192.168.5.149:43665, 6cd5b97e-02c1-41da-9bc6-6b0fb74e21b7:192.168.5.149:35472, 4cecc661-5626-4c4b-b7ec-c6cc38efe2ca:192.168.5.149:35011], old=null, confs=<EMPTY_MAP>
2019-07-30 11:30:12,722 INFO  server.RaftServerConfigKeys (ConfUtils.java:logGet(43)) - raft.server.storage.dir = [/workdir/hadoop-ozone/integration-test/target/test-dir/MiniOzoneClusterImpl-7145d309-4503-4780-8e11-be9f9b790a3e/datanode-0/data/ratis] (custom)
2019-07-30 11:30:12,723 INFO  storage.RaftStorageDirectory (RaftStorageDirectory.java:analyzeStorage(246)) - The storage directory /workdir/hadoop-ozone/integration-test/target/test-dir/MiniOzoneClusterImpl-7145d309-4503-4780-8e11-be9f9b790a3e/datanode-6/data/ratis/3a797231-d8ae-46cb-ac11-1ede4706f451 does not exist. Creating ...
2019-07-30 11:30:12,723 INFO  storage.RaftStorageDirectory (RaftStorageDirectory.java:analyzeStorage(246)) - The storage directory /workdir/hadoop-ozone/integration-test/target/test-dir/MiniOzoneClusterImpl-7145d309-4503-4780-8e11-be9f9b790a3e/datanode-0/data/ratis/3a797231-d8ae-46cb-ac11-1ede4706f451 does not exist. Creating ...
2019-07-30 11:30:12,726 INFO  storage.RaftStorageDirectory (RaftStorageDirectory.java:tryLock(328)) - Lock on /workdir/hadoop-ozone/integration-test/target/test-dir/MiniOzoneClusterImpl-7145d309-4503-4780-8e11-be9f9b790a3e/datanode-0/data/ratis/3a797231-d8ae-46cb-ac11-1ede4706f451/in_use.lock acquired by nodename 16834@byscane-nightly-84vzb-2270395203
2019-07-30 11:30:12,727 INFO  storage.RaftStorageDirectory (RaftStorageDirectory.java:tryLock(328)) - Lock on /workdir/hadoop-ozone/integration-test/target/test-dir/MiniOzoneClusterImpl-7145d309-4503-4780-8e11-be9f9b790a3e/datanode-2/data/ratis/3a797231-d8ae-46cb-ac11-1ede4706f451/in_use.lock acquired by nodename 16834@byscane-nightly-84vzb-2270395203
2019-07-30 11:30:12,727 INFO  storage.RaftStorageDirectory (RaftStorageDirectory.java:tryLock(328)) - Lock on /workdir/hadoop-ozone/integration-test/target/test-dir/MiniOzoneClusterImpl-7145d309-4503-4780-8e11-be9f9b790a3e/datanode-6/data/ratis/3a797231-d8ae-46cb-ac11-1ede4706f451/in_use.lock acquired by nodename 16834@byscane-nightly-84vzb-2270395203
2019-07-30 11:30:12,731 INFO  storage.RaftStorage (RaftStorage.java:format(72)) - Storage directory /workdir/hadoop-ozone/integration-test/target/test-dir/MiniOzoneClusterImpl-7145d309-4503-4780-8e11-be9f9b790a3e/datanode-6/data/ratis/3a797231-d8ae-46cb-ac11-1ede4706f451 has been successfully formatted.
2019-07-30 11:30:12,731 INFO  storage.RaftStorage (RaftStorage.java:format(72)) - Storage directory /workdir/hadoop-ozone/integration-test/target/test-dir/MiniOzoneClusterImpl-7145d309-4503-4780-8e11-be9f9b790a3e/datanode-0/data/ratis/3a797231-d8ae-46cb-ac11-1ede4706f451 has been successfully formatted.
2019-07-30 11:30:12,731 INFO  ratis.ContainerStateMachine (ContainerStateMachine.java:loadSnapshot(213)) - group-1EDE4706F451: The snapshot info is null. Setting the last applied indexto:(t:0, i:~)
2019-07-30 11:30:12,731 INFO  storage.RaftStorage (RaftStorage.java:format(72)) - Storage directory /workdir/hadoop-ozone/integration-test/target/test-dir/MiniOzoneClusterImpl-7145d309-4503-4780-8e11-be9f9b790a3e/datanode-2/data/ratis/3a797231-d8ae-46cb-ac11-1ede4706f451 has been successfully formatted.
2019-07-30 11:30:12,731 INFO  server.RaftServerConfigKeys (ConfUtils.java:logGet(43)) - raft.server.leader.election.timeout = 120s (custom)
2019-07-30 11:30:12,731 INFO  ratis.ContainerStateMachine (ContainerStateMachine.java:loadSnapshot(213)) - group-1EDE4706F451: The snapshot info is null. Setting the last applied indexto:(t:0, i:~)
2019-07-30 11:30:12,731 INFO  ratis.ContainerStateMachine (ContainerStateMachine.java:loadSnapshot(213)) - group-1EDE4706F451: The snapshot info is null. Setting the last applied indexto:(t:0, i:~)
2019-07-30 11:30:12,731 INFO  server.RaftServerConfigKeys (ConfUtils.java:logGet(43)) - raft.server.log.use.memory = false (default)
2019-07-30 11:30:12,732 INFO  server.RaftServerConfigKeys (ConfUtils.java:logGet(43)) - raft.server.leader.election.timeout = 120s (custom)
2019-07-30 11:30:12,732 INFO  server.RaftServerConfigKeys (ConfUtils.java:logGet(43)) - raft.server.leader.election.timeout = 120s (custom)
2019-07-30 11:30:12,732 INFO  server.RaftServerConfigKeys (ConfUtils.java:logGet(43)) - raft.server.log.use.memory = false (default)
2019-07-30 11:30:12,732 INFO  server.RaftServerConfigKeys (ConfUtils.java:logGet(43)) - raft.server.log.purge.gap = 1000000000 (custom)
2019-07-30 11:30:12,732 INFO  server.RaftServerConfigKeys (ConfUtils.java:logGet(43)) - raft.server.log.purge.gap = 1000000000 (custom)
2019-07-30 11:30:12,732 INFO  server.RaftServerConfigKeys (ConfUtils.java:logGet(43)) - raft.server.log.use.memory = false (default)
2019-07-30 11:30:12,732 INFO  server.RaftServerConfigKeys (ConfUtils.java:logGet(43)) - raft.server.log.appender.buffer.byte-limit = 33554432 (custom)
2019-07-30 11:30:12,732 INFO  server.RaftServerConfigKeys (ConfUtils.java:logGet(43)) - raft.server.log.appender.buffer.byte-limit = 33554432 (custom)
2019-07-30 11:30:12,733 INFO  server.RaftServerConfigKeys (ConfUtils.java:logGet(43)) - raft.server.log.segment.size.max = 1048576 (custom)
2019-07-30 11:30:12,733 INFO  server.RaftServerConfigKeys (ConfUtils.java:logGet(43)) - raft.server.log.purge.gap = 1000000000 (custom)
2019-07-30 11:30:12,733 INFO  server.RaftServerConfigKeys (ConfUtils.java:logGet(43)) - raft.server.log.segment.cache.num.max = 2 (custom)
2019-07-30 11:30:12,733 INFO  server.RaftServerConfigKeys (ConfUtils.java:logGet(43)) - raft.server.log.segment.size.max = 1048576 (custom)
2019-07-30 11:30:12,733 INFO  segmented.SegmentedRaftLogWorker (SegmentedRaftLogWorker.java:<init>(172)) - new d86f328e-cb6c-4778-8aa1-27ad55bca2a7-SegmentedRaftLogWorker:Storage Directory /workdir/hadoop-ozone/integration-test/target/test-dir/MiniOzoneClusterImpl-7145d309-4503-4780-8e11-be9f9b790a3e/datanode-2/data/ratis/3a797231-d8ae-46cb-ac11-1ede4706f451 for RaftStorage:Storage Directory /workdir/hadoop-ozone/integration-test/target/test-dir/MiniOzoneClusterImpl-7145d309-4503-4780-8e11-be9f9b790a3e/datanode-2/data/ratis/3a797231-d8ae-46cb-ac11-1ede4706f451
2019-07-30 11:30:12,733 INFO  server.RaftServerConfigKeys (ConfUtils.java:logGet(43)) - raft.server.log.appender.buffer.byte-limit = 33554432 (custom)
2019-07-30 11:30:12,734 INFO  server.RaftServerConfigKeys (ConfUtils.java:logGet(43)) - raft.server.log.queue.byte-limit = 2147483647 (custom)
2019-07-30 11:30:12,733 INFO  server.RaftServerConfigKeys (ConfUtils.java:logGet(43)) - raft.server.log.segment.cache.num.max = 2 (custom)
2019-07-30 11:30:12,735 INFO  server.RaftServerConfigKeys (ConfUtils.java:logGet(43)) - raft.server.log.queue.element-limit = 1024 (custom)
2019-07-30 11:30:12,735 INFO  server.RaftServerConfigKeys (ConfUtils.java:logGet(43)) - raft.server.log.segment.size.max = 1048576 (custom)
2019-07-30 11:30:12,736 INFO  server.RaftServerConfigKeys (ConfUtils.java:logGet(43)) - raft.server.log.segment.size.max = 1048576 (custom)
2019-07-30 11:30:12,735 INFO  segmented.SegmentedRaftLogWorker (SegmentedRaftLogWorker.java:<init>(172)) - new 6cd5b97e-02c1-41da-9bc6-6b0fb74e21b7-SegmentedRaftLogWorker:Storage Directory /workdir/hadoop-ozone/integration-test/target/test-dir/MiniOzoneClusterImpl-7145d309-4503-4780-8e11-be9f9b790a3e/datanode-6/data/ratis/3a797231-d8ae-46cb-ac11-1ede4706f451 for RaftStorage:Storage Directory /workdir/hadoop-ozone/integration-test/target/test-dir/MiniOzoneClusterImpl-7145d309-4503-4780-8e11-be9f9b790a3e/datanode-6/data/ratis/3a797231-d8ae-46cb-ac11-1ede4706f451
2019-07-30 11:30:12,736 INFO  server.RaftServerConfigKeys (ConfUtils.java:logGet(43)) - raft.server.log.preallocated.size = 16384 (custom)
2019-07-30 11:30:12,736 INFO  server.RaftServerConfigKeys (ConfUtils.java:logGet(43)) - raft.server.log.segment.cache.num.max = 2 (custom)
2019-07-30 11:30:12,737 INFO  server.RaftServerConfigKeys (ConfUtils.java:logGet(43)) - raft.server.log.write.buffer.size = 33554432 (custom)
2019-07-30 11:30:12,736 INFO  server.RaftServerConfigKeys (ConfUtils.java:logGet(43)) - raft.server.log.queue.byte-limit = 2147483647 (custom)
2019-07-30 11:30:12,738 INFO  server.RaftServerConfigKeys (ConfUtils.java:logGet(43)) - raft.server.log.force.sync.num = 128 (default)
2019-07-30 11:30:12,738 INFO  segmented.SegmentedRaftLogWorker (SegmentedRaftLogWorker.java:<init>(172)) - new 4cecc661-5626-4c4b-b7ec-c6cc38efe2ca-SegmentedRaftLogWorker:Storage Directory /workdir/hadoop-ozone/integration-test/target/test-dir/MiniOzoneClusterImpl-7145d309-4503-4780-8e11-be9f9b790a3e/datanode-0/data/ratis/3a797231-d8ae-46cb-ac11-1ede4706f451 for RaftStorage:Storage Directory /workdir/hadoop-ozone/integration-test/target/test-dir/MiniOzoneClusterImpl-7145d309-4503-4780-8e11-be9f9b790a3e/datanode-0/data/ratis/3a797231-d8ae-46cb-ac11-1ede4706f451
2019-07-30 11:30:12,738 INFO  server.RaftServerConfigKeys (ConfUtils.java:logGet(43)) - raft.server.log.statemachine.data.sync = true (default)
2019-07-30 11:30:12,738 INFO  server.RaftServerConfigKeys (ConfUtils.java:logGet(43)) - raft.server.log.queue.element-limit = 1024 (custom)
2019-07-30 11:30:12,738 INFO  server.RaftServerConfigKeys (ConfUtils.java:logGet(43)) - raft.server.log.statemachine.data.sync.timeout = 10s (default)
2019-07-30 11:30:12,738 INFO  server.RaftServerConfigKeys (ConfUtils.java:logGet(43)) - raft.server.log.queue.byte-limit = 2147483647 (custom)
2019-07-30 11:30:12,740 INFO  server.RaftServerConfigKeys (ConfUtils.java:logGet(43)) - raft.server.log.statemachine.data.sync.timeout.retry = -1 (default)
2019-07-30 11:30:12,740 INFO  server.RaftServerConfigKeys (ConfUtils.java:logGet(43)) - raft.server.log.segment.size.max = 1048576 (custom)
2019-07-30 11:30:12,740 INFO  server.RaftServerConfigKeys (ConfUtils.java:logGet(43)) - raft.server.log.statemachine.data.caching.enabled = true (custom)
2019-07-30 11:30:12,740 INFO  server.RaftServerConfigKeys (ConfUtils.java:logGet(43)) - raft.server.log.queue.element-limit = 1024 (custom)
2019-07-30 11:30:12,741 INFO  server.RaftServerConfigKeys (ConfUtils.java:logGet(43)) - raft.server.log.preallocated.size = 16384 (custom)
2019-07-30 11:30:12,741 INFO  server.RaftServerConfigKeys (ConfUtils.java:logGet(43)) - raft.server.log.segment.size.max = 1048576 (custom)
2019-07-30 11:30:12,741 INFO  segmented.SegmentedRaftLogWorker (SegmentedRaftLogWorker.java:lambda$new$0(132)) - d86f328e-cb6c-4778-8aa1-27ad55bca2a7-SegmentedRaftLogWorker:Storage Directory /workdir/hadoop-ozone/integration-test/target/test-dir/MiniOzoneClusterImpl-7145d309-4503-4780-8e11-be9f9b790a3e/datanode-2/data/ratis/3a797231-d8ae-46cb-ac11-1ede4706f451: flushIndex: setUnconditionally 0 -> -1
2019-07-30 11:30:12,741 INFO  server.RaftServerConfigKeys (ConfUtils.java:logGet(43)) - raft.server.log.preallocated.size = 16384 (custom)
2019-07-30 11:30:12,741 INFO  server.RaftServerConfigKeys (ConfUtils.java:logGet(43)) - raft.server.log.write.buffer.size = 33554432 (custom)
2019-07-30 11:30:12,742 INFO  server.RaftServerConfigKeys (ConfUtils.java:logGet(43)) - raft.server.snapshot.auto.trigger.enabled = true (custom)
2019-07-30 11:30:12,742 INFO  server.RaftServerConfigKeys (ConfUtils.java:logGet(43)) - raft.server.snapshot.auto.trigger.threshold = 10000 (custom)
2019-07-30 11:30:12,742 INFO  server.RaftServerConfigKeys (ConfUtils.java:logGet(43)) - raft.server.log.write.buffer.size = 33554432 (custom)
2019-07-30 11:30:12,742 INFO  server.RaftServerConfigKeys (ConfUtils.java:logGet(43)) - raft.server.retrycache.expirytime = 600000ms (custom)
2019-07-30 11:30:12,742 INFO  server.RaftServerConfigKeys (ConfUtils.java:logGet(43)) - raft.server.log.force.sync.num = 128 (default)
2019-07-30 11:30:12,742 INFO  impl.RaftServerImpl (RaftServerImpl.java:start(180)) - d86f328e-cb6c-4778-8aa1-27ad55bca2a7: start group-1EDE4706F451
2019-07-30 11:30:12,743 INFO  impl.RaftServerImpl (RaftServerImpl.java:setRole(171)) - d86f328e-cb6c-4778-8aa1-27ad55bca2a7:group-1EDE4706F451 changes role from null to FOLLOWER at term 0 for startAsFollower
2019-07-30 11:30:12,742 INFO  server.RaftServerConfigKeys (ConfUtils.java:logGet(43)) - raft.server.log.force.sync.num = 128 (default)
2019-07-30 11:30:12,743 INFO  impl.RoleInfo (RoleInfo.java:updateAndGet(143)) - d86f328e-cb6c-4778-8aa1-27ad55bca2a7: start FollowerState
2019-07-30 11:30:12,742 INFO  server.RaftServerConfigKeys (ConfUtils.java:logGet(43)) - raft.server.log.statemachine.data.sync = true (default)
2019-07-30 11:30:12,743 INFO  server.RaftServerConfigKeys (ConfUtils.java:logGet(43)) - raft.server.log.statemachine.data.sync = true (default)
2019-07-30 11:30:12,743 INFO  server.RaftServerConfigKeys (ConfUtils.java:logGet(43)) - raft.server.log.statemachine.data.sync.timeout = 10s (default)
2019-07-30 11:30:12,743 INFO  server.RaftServerConfigKeys (ConfUtils.java:logGet(43)) - raft.server.log.statemachine.data.sync.timeout = 10s (default)
2019-07-30 11:30:12,743 INFO  util.JmxRegister (JmxRegister.java:tryRegister(44)) - Successfully registered JMX Bean with object name Ratis:service=RaftServer,group=group-1EDE4706F451,id=d86f328e-cb6c-4778-8aa1-27ad55bca2a7
2019-07-30 11:30:12,744 INFO  server.RaftServerConfigKeys (ConfUtils.java:logGet(43)) - raft.server.log.statemachine.data.sync.timeout.retry = -1 (default)
2019-07-30 11:30:12,743 INFO  server.RaftServerConfigKeys (ConfUtils.java:logGet(43)) - raft.server.log.statemachine.data.sync.timeout.retry = -1 (default)
2019-07-30 11:30:12,744 INFO  server.RaftServerConfigKeys (ConfUtils.java:logGet(43)) - raft.server.log.statemachine.data.caching.enabled = true (custom)
2019-07-30 11:30:12,744 INFO  server.RaftServerConfigKeys (ConfUtils.java:logGet(43)) - raft.server.log.statemachine.data.caching.enabled = true (custom)
2019-07-30 11:30:12,744 INFO  segmented.SegmentedRaftLogWorker (SegmentedRaftLogWorker.java:lambda$new$0(132)) - 4cecc661-5626-4c4b-b7ec-c6cc38efe2ca-SegmentedRaftLogWorker:Storage Directory /workdir/hadoop-ozone/integration-test/target/test-dir/MiniOzoneClusterImpl-7145d309-4503-4780-8e11-be9f9b790a3e/datanode-0/data/ratis/3a797231-d8ae-46cb-ac11-1ede4706f451: flushIndex: setUnconditionally 0 -> -1
2019-07-30 11:30:12,745 INFO  segmented.SegmentedRaftLogWorker (SegmentedRaftLogWorker.java:lambda$new$0(132)) - 6cd5b97e-02c1-41da-9bc6-6b0fb74e21b7-SegmentedRaftLogWorker:Storage Directory /workdir/hadoop-ozone/integration-test/target/test-dir/MiniOzoneClusterImpl-7145d309-4503-4780-8e11-be9f9b790a3e/datanode-6/data/ratis/3a797231-d8ae-46cb-ac11-1ede4706f451: flushIndex: setUnconditionally 0 -> -1
2019-07-30 11:30:12,745 INFO  server.RaftServerConfigKeys (ConfUtils.java:logGet(43)) - raft.server.snapshot.auto.trigger.enabled = true (custom)
2019-07-30 11:30:12,745 INFO  server.RaftServerConfigKeys (ConfUtils.java:logGet(43)) - raft.server.snapshot.auto.trigger.enabled = true (custom)
2019-07-30 11:30:12,745 INFO  server.RaftServerConfigKeys (ConfUtils.java:logGet(43)) - raft.server.snapshot.auto.trigger.threshold = 10000 (custom)
2019-07-30 11:30:12,745 INFO  server.RaftServerConfigKeys (ConfUtils.java:logGet(43)) - raft.server.snapshot.auto.trigger.threshold = 10000 (custom)
2019-07-30 11:30:12,745 INFO  server.RaftServerConfigKeys (ConfUtils.java:logGet(43)) - raft.server.retrycache.expirytime = 600000ms (custom)
2019-07-30 11:30:12,745 INFO  server.RaftServerConfigKeys (ConfUtils.java:logGet(43)) - raft.server.retrycache.expirytime = 600000ms (custom)
2019-07-30 11:30:12,746 INFO  impl.RaftServerImpl (RaftServerImpl.java:start(180)) - 4cecc661-5626-4c4b-b7ec-c6cc38efe2ca: start group-1EDE4706F451
2019-07-30 11:30:12,746 INFO  impl.RaftServerImpl (RaftServerImpl.java:start(180)) - 6cd5b97e-02c1-41da-9bc6-6b0fb74e21b7: start group-1EDE4706F451
2019-07-30 11:30:12,746 INFO  impl.RaftServerImpl (RaftServerImpl.java:setRole(171)) - 4cecc661-5626-4c4b-b7ec-c6cc38efe2ca:group-1EDE4706F451 changes role from null to FOLLOWER at term 0 for startAsFollower
2019-07-30 11:30:12,746 INFO  impl.RaftServerImpl (RaftServerImpl.java:setRole(171)) - 6cd5b97e-02c1-41da-9bc6-6b0fb74e21b7:group-1EDE4706F451 changes role from null to FOLLOWER at term 0 for startAsFollower
2019-07-30 11:30:12,747 INFO  impl.RoleInfo (RoleInfo.java:updateAndGet(143)) - 4cecc661-5626-4c4b-b7ec-c6cc38efe2ca: start FollowerState
2019-07-30 11:30:12,749 INFO  impl.RoleInfo (RoleInfo.java:updateAndGet(143)) - 6cd5b97e-02c1-41da-9bc6-6b0fb74e21b7: start FollowerState
2019-07-30 11:30:12,749 INFO  util.JmxRegister (JmxRegister.java:tryRegister(44)) - Successfully registered JMX Bean with object name Ratis:service=RaftServer,group=group-1EDE4706F451,id=4cecc661-5626-4c4b-b7ec-c6cc38efe2ca
2019-07-30 11:30:12,749 INFO  util.JmxRegister (JmxRegister.java:tryRegister(44)) - Successfully registered JMX Bean with object name Ratis:service=RaftServer,group=group-1EDE4706F451,id=6cd5b97e-02c1-41da-9bc6-6b0fb74e21b7
2019-07-30 11:30:12,764 INFO  pipeline.PipelineStateManager (PipelineStateManager.java:addPipeline(56)) - Created pipeline Pipeline[ Id: 3a797231-d8ae-46cb-ac11-1ede4706f451, Nodes: 6cd5b97e-02c1-41da-9bc6-6b0fb74e21b7{ip: 192.168.5.149, host: byscane-nightly-84vzb-2270395203, networkLocation: /default-rack, certSerialId: null}d86f328e-cb6c-4778-8aa1-27ad55bca2a7{ip: 192.168.5.149, host: byscane-nightly-84vzb-2270395203, networkLocation: /default-rack, certSerialId: null}4cecc661-5626-4c4b-b7ec-c6cc38efe2ca{ip: 192.168.5.149, host: byscane-nightly-84vzb-2270395203, networkLocation: /default-rack, certSerialId: null}, Type:RATIS, Factor:THREE, State:OPEN]
2019-07-30 11:30:12,800 INFO  impl.RaftServerProxy (RaftServerProxy.java:addNew(89)) - 2b134424-1e81-4698-b6f0-e1153d94a764: addNew group-7C22094FEF6C:[d12a593d-e260-4411-be28-6215733ccebf:192.168.5.149:38712, d2f5d6d0-6fb9-469c-aec1-14b8e3769c12:192.168.5.149:34501, 2b134424-1e81-4698-b6f0-e1153d94a764:192.168.5.149:35340] returns group-7C22094FEF6C:java.util.concurrent.CompletableFuture@20f5d025[Not completed]
2019-07-30 11:30:12,803 INFO  impl.RaftServerImpl (RaftServerImpl.java:<init>(93)) - 2b134424-1e81-4698-b6f0-e1153d94a764: new RaftServerImpl for group-7C22094FEF6C:[d12a593d-e260-4411-be28-6215733ccebf:192.168.5.149:38712, d2f5d6d0-6fb9-469c-aec1-14b8e3769c12:192.168.5.149:34501, 2b134424-1e81-4698-b6f0-e1153d94a764:192.168.5.149:35340] with ContainerStateMachine:uninitialized
2019-07-30 11:30:12,804 INFO  impl.RaftServerProxy (RaftServerProxy.java:addNew(89)) - d12a593d-e260-4411-be28-6215733ccebf: addNew group-7C22094FEF6C:[d12a593d-e260-4411-be28-6215733ccebf:192.168.5.149:38712, d2f5d6d0-6fb9-469c-aec1-14b8e3769c12:192.168.5.149:34501, 2b134424-1e81-4698-b6f0-e1153d94a764:192.168.5.149:35340] returns group-7C22094FEF6C:java.util.concurrent.CompletableFuture@65f75a5f[Not completed]
2019-07-30 11:30:12,805 INFO  server.RaftServerConfigKeys (ConfUtils.java:logGet(43)) - raft.server.rpc.timeout.min = 5s (custom)
2019-07-30 11:30:12,807 INFO  server.RaftServerConfigKeys (ConfUtils.java:logGet(43)) - raft.server.rpc.timeout.max = 5200ms (custom)
2019-07-30 11:30:12,808 INFO  server.RaftServerConfigKeys (ConfUtils.java:logGet(43)) - raft.server.rpcslowness.timeout = 120s (custom)
2019-07-30 11:30:12,808 INFO  server.RaftServerConfigKeys (ConfUtils.java:logGet(43)) - raft.server.sleep.deviation.threshold = 300 (default)
2019-07-30 11:30:12,808 INFO  server.RaftServerConfigKeys (ConfUtils.java:logGet(43)) - raft.server.log.appender.install.snapshot.enabled = false (custom)
2019-07-30 11:30:12,808 INFO  impl.RaftServerImpl (ServerState.java:<init>(105)) - 2b134424-1e81-4698-b6f0-e1153d94a764:group-7C22094FEF6C ConfigurationManager, init=-1: [d12a593d-e260-4411-be28-6215733ccebf:192.168.5.149:38712, d2f5d6d0-6fb9-469c-aec1-14b8e3769c12:192.168.5.149:34501, 2b134424-1e81-4698-b6f0-e1153d94a764:192.168.5.149:35340], old=null, confs=<EMPTY_MAP>
2019-07-30 11:30:12,808 INFO  impl.RaftServerProxy (RaftServerProxy.java:addNew(89)) - d2f5d6d0-6fb9-469c-aec1-14b8e3769c12: addNew group-7C22094FEF6C:[d12a593d-e260-4411-be28-6215733ccebf:192.168.5.149:38712, d2f5d6d0-6fb9-469c-aec1-14b8e3769c12:192.168.5.149:34501, 2b134424-1e81-4698-b6f0-e1153d94a764:192.168.5.149:35340] returns group-7C22094FEF6C:java.util.concurrent.CompletableFuture@22e792a7[Not completed]
2019-07-30 11:30:12,808 INFO  server.RaftServerConfigKeys (ConfUtils.java:logGet(43)) - raft.server.storage.dir = [/workdir/hadoop-ozone/integration-test/target/test-dir/MiniOzoneClusterImpl-7145d309-4503-4780-8e11-be9f9b790a3e/datanode-1/data/ratis] (custom)
2019-07-30 11:30:12,808 INFO  impl.RaftServerImpl (RaftServerImpl.java:<init>(93)) - d12a593d-e260-4411-be28-6215733ccebf: new RaftServerImpl for group-7C22094FEF6C:[d12a593d-e260-4411-be28-6215733ccebf:192.168.5.149:38712, d2f5d6d0-6fb9-469c-aec1-14b8e3769c12:192.168.5.149:34501, 2b134424-1e81-4698-b6f0-e1153d94a764:192.168.5.149:35340] with ContainerStateMachine:uninitialized
2019-07-30 11:30:12,809 INFO  server.RaftServerConfigKeys (ConfUtils.java:logGet(43)) - raft.server.rpc.timeout.min = 5s (custom)
2019-07-30 11:30:12,809 INFO  storage.RaftStorageDirectory (RaftStorageDirectory.java:analyzeStorage(246)) - The storage directory /workdir/hadoop-ozone/integration-test/target/test-dir/MiniOzoneClusterImpl-7145d309-4503-4780-8e11-be9f9b790a3e/datanode-1/data/ratis/f48220ba-45d9-43b0-94d9-7c22094fef6c does not exist. Creating ...
2019-07-30 11:30:12,809 INFO  server.RaftServerConfigKeys (ConfUtils.java:logGet(43)) - raft.server.rpc.timeout.max = 5200ms (custom)
2019-07-30 11:30:12,809 INFO  server.RaftServerConfigKeys (ConfUtils.java:logGet(43)) - raft.server.rpcslowness.timeout = 120s (custom)
2019-07-30 11:30:12,809 INFO  server.RaftServerConfigKeys (ConfUtils.java:logGet(43)) - raft.server.sleep.deviation.threshold = 300 (default)
2019-07-30 11:30:12,809 INFO  server.RaftServerConfigKeys (ConfUtils.java:logGet(43)) - raft.server.log.appender.install.snapshot.enabled = false (custom)
2019-07-30 11:30:12,809 INFO  impl.RaftServerImpl (ServerState.java:<init>(105)) - d12a593d-e260-4411-be28-6215733ccebf:group-7C22094FEF6C ConfigurationManager, init=-1: [d12a593d-e260-4411-be28-6215733ccebf:192.168.5.149:38712, d2f5d6d0-6fb9-469c-aec1-14b8e3769c12:192.168.5.149:34501, 2b134424-1e81-4698-b6f0-e1153d94a764:192.168.5.149:35340], old=null, confs=<EMPTY_MAP>
2019-07-30 11:30:12,809 INFO  server.RaftServerConfigKeys (ConfUtils.java:logGet(43)) - raft.server.storage.dir = [/workdir/hadoop-ozone/integration-test/target/test-dir/MiniOzoneClusterImpl-7145d309-4503-4780-8e11-be9f9b790a3e/datanode-3/data/ratis] (custom)
2019-07-30 11:30:12,809 INFO  impl.RaftServerImpl (RaftServerImpl.java:<init>(93)) - d2f5d6d0-6fb9-469c-aec1-14b8e3769c12: new RaftServerImpl for group-7C22094FEF6C:[d12a593d-e260-4411-be28-6215733ccebf:192.168.5.149:38712, d2f5d6d0-6fb9-469c-aec1-14b8e3769c12:192.168.5.149:34501, 2b134424-1e81-4698-b6f0-e1153d94a764:192.168.5.149:35340] with ContainerStateMachine:uninitialized
2019-07-30 11:30:12,810 INFO  storage.RaftStorageDirectory (RaftStorageDirectory.java:analyzeStorage(246)) - The storage directory /workdir/hadoop-ozone/integration-test/target/test-dir/MiniOzoneClusterImpl-7145d309-4503-4780-8e11-be9f9b790a3e/datanode-3/data/ratis/f48220ba-45d9-43b0-94d9-7c22094fef6c does not exist. Creating ...
2019-07-30 11:30:12,810 INFO  server.RaftServerConfigKeys (ConfUtils.java:logGet(43)) - raft.server.rpc.timeout.min = 5s (custom)
2019-07-30 11:30:12,810 INFO  server.RaftServerConfigKeys (ConfUtils.java:logGet(43)) - raft.server.rpc.timeout.max = 5200ms (custom)
2019-07-30 11:30:12,810 INFO  server.RaftServerConfigKeys (ConfUtils.java:logGet(43)) - raft.server.rpcslowness.timeout = 120s (custom)
2019-07-30 11:30:12,810 INFO  server.RaftServerConfigKeys (ConfUtils.java:logGet(43)) - raft.server.sleep.deviation.threshold = 300 (default)
2019-07-30 11:30:12,810 INFO  server.RaftServerConfigKeys (ConfUtils.java:logGet(43)) - raft.server.log.appender.install.snapshot.enabled = false (custom)
2019-07-30 11:30:12,811 INFO  impl.RaftServerImpl (ServerState.java:<init>(105)) - d2f5d6d0-6fb9-469c-aec1-14b8e3769c12:group-7C22094FEF6C ConfigurationManager, init=-1: [d12a593d-e260-4411-be28-6215733ccebf:192.168.5.149:38712, d2f5d6d0-6fb9-469c-aec1-14b8e3769c12:192.168.5.149:34501, 2b134424-1e81-4698-b6f0-e1153d94a764:192.168.5.149:35340], old=null, confs=<EMPTY_MAP>
2019-07-30 11:30:12,811 INFO  server.RaftServerConfigKeys (ConfUtils.java:logGet(43)) - raft.server.storage.dir = [/workdir/hadoop-ozone/integration-test/target/test-dir/MiniOzoneClusterImpl-7145d309-4503-4780-8e11-be9f9b790a3e/datanode-5/data/ratis] (custom)
2019-07-30 11:30:12,811 INFO  storage.RaftStorageDirectory (RaftStorageDirectory.java:analyzeStorage(246)) - The storage directory /workdir/hadoop-ozone/integration-test/target/test-dir/MiniOzoneClusterImpl-7145d309-4503-4780-8e11-be9f9b790a3e/datanode-5/data/ratis/f48220ba-45d9-43b0-94d9-7c22094fef6c does not exist. Creating ...
2019-07-30 11:30:12,822 INFO  storage.RaftStorageDirectory (RaftStorageDirectory.java:tryLock(328)) - Lock on /workdir/hadoop-ozone/integration-test/target/test-dir/MiniOzoneClusterImpl-7145d309-4503-4780-8e11-be9f9b790a3e/datanode-3/data/ratis/f48220ba-45d9-43b0-94d9-7c22094fef6c/in_use.lock acquired by nodename 16834@byscane-nightly-84vzb-2270395203
2019-07-30 11:30:12,822 INFO  storage.RaftStorageDirectory (RaftStorageDirectory.java:tryLock(328)) - Lock on /workdir/hadoop-ozone/integration-test/target/test-dir/MiniOzoneClusterImpl-7145d309-4503-4780-8e11-be9f9b790a3e/datanode-5/data/ratis/f48220ba-45d9-43b0-94d9-7c22094fef6c/in_use.lock acquired by nodename 16834@byscane-nightly-84vzb-2270395203
2019-07-30 11:30:12,822 INFO  storage.RaftStorageDirectory (RaftStorageDirectory.java:tryLock(328)) - Lock on /workdir/hadoop-ozone/integration-test/target/test-dir/MiniOzoneClusterImpl-7145d309-4503-4780-8e11-be9f9b790a3e/datanode-1/data/ratis/f48220ba-45d9-43b0-94d9-7c22094fef6c/in_use.lock acquired by nodename 16834@byscane-nightly-84vzb-2270395203
2019-07-30 11:30:12,827 INFO  storage.RaftStorage (RaftStorage.java:format(72)) - Storage directory /workdir/hadoop-ozone/integration-test/target/test-dir/MiniOzoneClusterImpl-7145d309-4503-4780-8e11-be9f9b790a3e/datanode-3/data/ratis/f48220ba-45d9-43b0-94d9-7c22094fef6c has been successfully formatted.
2019-07-30 11:30:12,827 INFO  storage.RaftStorage (RaftStorage.java:format(72)) - Storage directory /workdir/hadoop-ozone/integration-test/target/test-dir/MiniOzoneClusterImpl-7145d309-4503-4780-8e11-be9f9b790a3e/datanode-1/data/ratis/f48220ba-45d9-43b0-94d9-7c22094fef6c has been successfully formatted.
2019-07-30 11:30:12,827 INFO  storage.RaftStorage (RaftStorage.java:format(72)) - Storage directory /workdir/hadoop-ozone/integration-test/target/test-dir/MiniOzoneClusterImpl-7145d309-4503-4780-8e11-be9f9b790a3e/datanode-5/data/ratis/f48220ba-45d9-43b0-94d9-7c22094fef6c has been successfully formatted.
2019-07-30 11:30:12,828 INFO  ratis.ContainerStateMachine (ContainerStateMachine.java:loadSnapshot(213)) - group-7C22094FEF6C: The snapshot info is null. Setting the last applied indexto:(t:0, i:~)
2019-07-30 11:30:12,828 INFO  ratis.ContainerStateMachine (ContainerStateMachine.java:loadSnapshot(213)) - group-7C22094FEF6C: The snapshot info is null. Setting the last applied indexto:(t:0, i:~)
2019-07-30 11:30:12,828 INFO  server.RaftServerConfigKeys (ConfUtils.java:logGet(43)) - raft.server.leader.election.timeout = 120s (custom)
2019-07-30 11:30:12,828 INFO  ratis.ContainerStateMachine (ContainerStateMachine.java:loadSnapshot(213)) - group-7C22094FEF6C: The snapshot info is null. Setting the last applied indexto:(t:0, i:~)
2019-07-30 11:30:12,828 INFO  server.RaftServerConfigKeys (ConfUtils.java:logGet(43)) - raft.server.log.use.memory = false (default)
2019-07-30 11:30:12,828 INFO  server.RaftServerConfigKeys (ConfUtils.java:logGet(43)) - raft.server.leader.election.timeout = 120s (custom)
2019-07-30 11:30:12,829 INFO  server.RaftServerConfigKeys (ConfUtils.java:logGet(43)) - raft.server.log.purge.gap = 1000000000 (custom)
2019-07-30 11:30:12,828 INFO  server.RaftServerConfigKeys (ConfUtils.java:logGet(43)) - raft.server.leader.election.timeout = 120s (custom)
2019-07-30 11:30:12,829 INFO  server.RaftServerConfigKeys (ConfUtils.java:logGet(43)) - raft.server.log.appender.buffer.byte-limit = 33554432 (custom)
2019-07-30 11:30:12,829 INFO  server.RaftServerConfigKeys (ConfUtils.java:logGet(43)) - raft.server.log.use.memory = false (default)
2019-07-30 11:30:12,829 INFO  server.RaftServerConfigKeys (ConfUtils.java:logGet(43)) - raft.server.log.segment.size.max = 1048576 (custom)
2019-07-30 11:30:12,829 INFO  server.RaftServerConfigKeys (ConfUtils.java:logGet(43)) - raft.server.log.use.memory = false (default)
2019-07-30 11:30:12,829 INFO  server.RaftServerConfigKeys (ConfUtils.java:logGet(43)) - raft.server.log.segment.cache.num.max = 2 (custom)
2019-07-30 11:30:12,829 INFO  server.RaftServerConfigKeys (ConfUtils.java:logGet(43)) - raft.server.log.purge.gap = 1000000000 (custom)
2019-07-30 11:30:12,830 INFO  segmented.SegmentedRaftLogWorker (SegmentedRaftLogWorker.java:<init>(172)) - new d12a593d-e260-4411-be28-6215733ccebf-SegmentedRaftLogWorker:Storage Directory /workdir/hadoop-ozone/integration-test/target/test-dir/MiniOzoneClusterImpl-7145d309-4503-4780-8e11-be9f9b790a3e/datanode-3/data/ratis/f48220ba-45d9-43b0-94d9-7c22094fef6c for RaftStorage:Storage Directory /workdir/hadoop-ozone/integration-test/target/test-dir/MiniOzoneClusterImpl-7145d309-4503-4780-8e11-be9f9b790a3e/datanode-3/data/ratis/f48220ba-45d9-43b0-94d9-7c22094fef6c
2019-07-30 11:30:12,830 INFO  server.RaftServerConfigKeys (ConfUtils.java:logGet(43)) - raft.server.log.purge.gap = 1000000000 (custom)
2019-07-30 11:30:12,830 INFO  server.RaftServerConfigKeys (ConfUtils.java:logGet(43)) - raft.server.log.queue.byte-limit = 2147483647 (custom)
2019-07-30 11:30:12,830 INFO  server.RaftServerConfigKeys (ConfUtils.java:logGet(43)) - raft.server.log.appender.buffer.byte-limit = 33554432 (custom)
2019-07-30 11:30:12,832 INFO  server.RaftServerConfigKeys (ConfUtils.java:logGet(43)) - raft.server.log.queue.element-limit = 1024 (custom)
2019-07-30 11:30:12,830 INFO  server.RaftServerConfigKeys (ConfUtils.java:logGet(43)) - raft.server.log.appender.buffer.byte-limit = 33554432 (custom)
2019-07-30 11:30:12,832 INFO  server.RaftServerConfigKeys (ConfUtils.java:logGet(43)) - raft.server.log.segment.size.max = 1048576 (custom)
2019-07-30 11:30:12,832 INFO  server.RaftServerConfigKeys (ConfUtils.java:logGet(43)) - raft.server.log.segment.size.max = 1048576 (custom)
2019-07-30 11:30:12,832 INFO  server.RaftServerConfigKeys (ConfUtils.java:logGet(43)) - raft.server.log.preallocated.size = 16384 (custom)
2019-07-30 11:30:12,832 INFO  server.RaftServerConfigKeys (ConfUtils.java:logGet(43)) - raft.server.log.segment.size.max = 1048576 (custom)
2019-07-30 11:30:12,832 INFO  server.RaftServerConfigKeys (ConfUtils.java:logGet(43)) - raft.server.log.write.buffer.size = 33554432 (custom)
2019-07-30 11:30:12,832 INFO  server.RaftServerConfigKeys (ConfUtils.java:logGet(43)) - raft.server.log.segment.cache.num.max = 2 (custom)
2019-07-30 11:30:12,833 INFO  server.RaftServerConfigKeys (ConfUtils.java:logGet(43)) - raft.server.log.force.sync.num = 128 (default)
2019-07-30 11:30:12,833 INFO  server.RaftServerConfigKeys (ConfUtils.java:logGet(43)) - raft.server.log.segment.cache.num.max = 2 (custom)
2019-07-30 11:30:12,833 INFO  server.RaftServerConfigKeys (ConfUtils.java:logGet(43)) - raft.server.log.statemachine.data.sync = true (default)
2019-07-30 11:30:12,833 INFO  segmented.SegmentedRaftLogWorker (SegmentedRaftLogWorker.java:<init>(172)) - new 2b134424-1e81-4698-b6f0-e1153d94a764-SegmentedRaftLogWorker:Storage Directory /workdir/hadoop-ozone/integration-test/target/test-dir/MiniOzoneClusterImpl-7145d309-4503-4780-8e11-be9f9b790a3e/datanode-1/data/ratis/f48220ba-45d9-43b0-94d9-7c22094fef6c for RaftStorage:Storage Directory /workdir/hadoop-ozone/integration-test/target/test-dir/MiniOzoneClusterImpl-7145d309-4503-4780-8e11-be9f9b790a3e/datanode-1/data/ratis/f48220ba-45d9-43b0-94d9-7c22094fef6c
2019-07-30 11:30:12,833 INFO  server.RaftServerConfigKeys (ConfUtils.java:logGet(43)) - raft.server.log.statemachine.data.sync.timeout = 10s (default)
2019-07-30 11:30:12,833 INFO  segmented.SegmentedRaftLogWorker (SegmentedRaftLogWorker.java:<init>(172)) - new d2f5d6d0-6fb9-469c-aec1-14b8e3769c12-SegmentedRaftLogWorker:Storage Directory /workdir/hadoop-ozone/integration-test/target/test-dir/MiniOzoneClusterImpl-7145d309-4503-4780-8e11-be9f9b790a3e/datanode-5/data/ratis/f48220ba-45d9-43b0-94d9-7c22094fef6c for RaftStorage:Storage Directory /workdir/hadoop-ozone/integration-test/target/test-dir/MiniOzoneClusterImpl-7145d309-4503-4780-8e11-be9f9b790a3e/datanode-5/data/ratis/f48220ba-45d9-43b0-94d9-7c22094fef6c
2019-07-30 11:30:12,834 INFO  server.RaftServerConfigKeys (ConfUtils.java:logGet(43)) - raft.server.log.statemachine.data.sync.timeout.retry = -1 (default)
2019-07-30 11:30:12,833 INFO  server.RaftServerConfigKeys (ConfUtils.java:logGet(43)) - raft.server.log.queue.byte-limit = 2147483647 (custom)
2019-07-30 11:30:12,835 INFO  server.RaftServerConfigKeys (ConfUtils.java:logGet(43)) - raft.server.log.queue.byte-limit = 2147483647 (custom)
2019-07-30 11:30:12,837 INFO  server.RaftServerConfigKeys (ConfUtils.java:logGet(43)) - raft.server.log.queue.element-limit = 1024 (custom)
2019-07-30 11:30:12,837 INFO  server.RaftServerConfigKeys (ConfUtils.java:logGet(43)) - raft.server.log.statemachine.data.caching.enabled = true (custom)
2019-07-30 11:30:12,837 INFO  server.RaftServerConfigKeys (ConfUtils.java:logGet(43)) - raft.server.log.segment.size.max = 1048576 (custom)
2019-07-30 11:30:12,837 INFO  server.RaftServerConfigKeys (ConfUtils.java:logGet(43)) - raft.server.log.queue.element-limit = 1024 (custom)
2019-07-30 11:30:12,838 INFO  segmented.SegmentedRaftLogWorker (SegmentedRaftLogWorker.java:lambda$new$0(132)) - d12a593d-e260-4411-be28-6215733ccebf-SegmentedRaftLogWorker:Storage Directory /workdir/hadoop-ozone/integration-test/target/test-dir/MiniOzoneClusterImpl-7145d309-4503-4780-8e11-be9f9b790a3e/datanode-3/data/ratis/f48220ba-45d9-43b0-94d9-7c22094fef6c: flushIndex: setUnconditionally 0 -> -1
2019-07-30 11:30:12,838 INFO  server.RaftServerConfigKeys (ConfUtils.java:logGet(43)) - raft.server.log.preallocated.size = 16384 (custom)
2019-07-30 11:30:12,838 INFO  server.RaftServerConfigKeys (ConfUtils.java:logGet(43)) - raft.server.log.segment.size.max = 1048576 (custom)
2019-07-30 11:30:12,838 INFO  server.RaftServerConfigKeys (ConfUtils.java:logGet(43)) - raft.server.snapshot.auto.trigger.enabled = true (custom)
2019-07-30 11:30:12,838 INFO  server.RaftServerConfigKeys (ConfUtils.java:logGet(43)) - raft.server.log.write.buffer.size = 33554432 (custom)
2019-07-30 11:30:12,838 INFO  server.RaftServerConfigKeys (ConfUtils.java:logGet(43)) - raft.server.snapshot.auto.trigger.threshold = 10000 (custom)
2019-07-30 11:30:12,838 INFO  server.RaftServerConfigKeys (ConfUtils.java:logGet(43)) - raft.server.log.preallocated.size = 16384 (custom)
2019-07-30 11:30:12,839 INFO  server.RaftServerConfigKeys (ConfUtils.java:logGet(43)) - raft.server.retrycache.expirytime = 600000ms (custom)
2019-07-30 11:30:12,838 INFO  server.RaftServerConfigKeys (ConfUtils.java:logGet(43)) - raft.server.log.force.sync.num = 128 (default)
2019-07-30 11:30:12,839 INFO  impl.RaftServerImpl (RaftServerImpl.java:start(180)) - d12a593d-e260-4411-be28-6215733ccebf: start group-7C22094FEF6C
2019-07-30 11:30:12,839 INFO  server.RaftServerConfigKeys (ConfUtils.java:logGet(43)) - raft.server.log.write.buffer.size = 33554432 (custom)
2019-07-30 11:30:12,839 INFO  impl.RaftServerImpl (RaftServerImpl.java:setRole(171)) - d12a593d-e260-4411-be28-6215733ccebf:group-7C22094FEF6C changes role from null to FOLLOWER at term 0 for startAsFollower
2019-07-30 11:30:12,839 INFO  server.RaftServerConfigKeys (ConfUtils.java:logGet(43)) - raft.server.log.statemachine.data.sync = true (default)
2019-07-30 11:30:12,840 INFO  impl.RoleInfo (RoleInfo.java:updateAndGet(143)) - d12a593d-e260-4411-be28-6215733ccebf: start FollowerState
2019-07-30 11:30:12,839 INFO  server.RaftServerConfigKeys (ConfUtils.java:logGet(43)) - raft.server.log.force.sync.num = 128 (default)
2019-07-30 11:30:12,840 INFO  server.RaftServerConfigKeys (ConfUtils.java:logGet(43)) - raft.server.log.statemachine.data.sync = true (default)
2019-07-30 11:30:12,840 INFO  server.RaftServerConfigKeys (ConfUtils.java:logGet(43)) - raft.server.log.statemachine.data.sync.timeout = 10s (default)
2019-07-30 11:30:12,840 INFO  server.RaftServerConfigKeys (ConfUtils.java:logGet(43)) - raft.server.log.statemachine.data.sync.timeout = 10s (default)
2019-07-30 11:30:12,840 INFO  util.JmxRegister (JmxRegister.java:tryRegister(44)) - Successfully registered JMX Bean with object name Ratis:service=RaftServer,group=group-7C22094FEF6C,id=d12a593d-e260-4411-be28-6215733ccebf
2019-07-30 11:30:12,840 INFO  server.RaftServerConfigKeys (ConfUtils.java:logGet(43)) - raft.server.log.statemachine.data.sync.timeout.retry = -1 (default)
2019-07-30 11:30:12,840 INFO  server.RaftServerConfigKeys (ConfUtils.java:logGet(43)) - raft.server.log.statemachine.data.sync.timeout.retry = -1 (default)
2019-07-30 11:30:12,841 INFO  server.RaftServerConfigKeys (ConfUtils.java:logGet(43)) - raft.server.log.statemachine.data.caching.enabled = true (custom)
2019-07-30 11:30:12,841 INFO  server.RaftServerConfigKeys (ConfUtils.java:logGet(43)) - raft.server.log.statemachine.data.caching.enabled = true (custom)
2019-07-30 11:30:12,841 INFO  segmented.SegmentedRaftLogWorker (SegmentedRaftLogWorker.java:lambda$new$0(132)) - d2f5d6d0-6fb9-469c-aec1-14b8e3769c12-SegmentedRaftLogWorker:Storage Directory /workdir/hadoop-ozone/integration-test/target/test-dir/MiniOzoneClusterImpl-7145d309-4503-4780-8e11-be9f9b790a3e/datanode-5/data/ratis/f48220ba-45d9-43b0-94d9-7c22094fef6c: flushIndex: setUnconditionally 0 -> -1
2019-07-30 11:30:12,841 INFO  segmented.SegmentedRaftLogWorker (SegmentedRaftLogWorker.java:lambda$new$0(132)) - 2b134424-1e81-4698-b6f0-e1153d94a764-SegmentedRaftLogWorker:Storage Directory /workdir/hadoop-ozone/integration-test/target/test-dir/MiniOzoneClusterImpl-7145d309-4503-4780-8e11-be9f9b790a3e/datanode-1/data/ratis/f48220ba-45d9-43b0-94d9-7c22094fef6c: flushIndex: setUnconditionally 0 -> -1
2019-07-30 11:30:12,842 INFO  server.RaftServerConfigKeys (ConfUtils.java:logGet(43)) - raft.server.snapshot.auto.trigger.enabled = true (custom)
2019-07-30 11:30:12,842 INFO  server.RaftServerConfigKeys (ConfUtils.java:logGet(43)) - raft.server.snapshot.auto.trigger.enabled = true (custom)
2019-07-30 11:30:12,842 INFO  server.RaftServerConfigKeys (ConfUtils.java:logGet(43)) - raft.server.snapshot.auto.trigger.threshold = 10000 (custom)
2019-07-30 11:30:12,842 INFO  server.RaftServerConfigKeys (ConfUtils.java:logGet(43)) - raft.server.snapshot.auto.trigger.threshold = 10000 (custom)
2019-07-30 11:30:12,842 INFO  server.RaftServerConfigKeys (ConfUtils.java:logGet(43)) - raft.server.retrycache.expirytime = 600000ms (custom)
2019-07-30 11:30:12,844 INFO  server.RaftServerConfigKeys (ConfUtils.java:logGet(43)) - raft.server.retrycache.expirytime = 600000ms (custom)
2019-07-30 11:30:12,844 INFO  impl.RaftServerImpl (RaftServerImpl.java:start(180)) - d2f5d6d0-6fb9-469c-aec1-14b8e3769c12: start group-7C22094FEF6C
2019-07-30 11:30:12,845 INFO  impl.RaftServerImpl (RaftServerImpl.java:start(180)) - 2b134424-1e81-4698-b6f0-e1153d94a764: start group-7C22094FEF6C
2019-07-30 11:30:12,845 INFO  impl.RaftServerImpl (RaftServerImpl.java:setRole(171)) - d2f5d6d0-6fb9-469c-aec1-14b8e3769c12:group-7C22094FEF6C changes role from null to FOLLOWER at term 0 for startAsFollower
2019-07-30 11:30:12,845 INFO  impl.RaftServerImpl (RaftServerImpl.java:setRole(171)) - 2b134424-1e81-4698-b6f0-e1153d94a764:group-7C22094FEF6C changes role from null to FOLLOWER at term 0 for startAsFollower
2019-07-30 11:30:12,846 INFO  impl.RoleInfo (RoleInfo.java:updateAndGet(143)) - d2f5d6d0-6fb9-469c-aec1-14b8e3769c12: start FollowerState
2019-07-30 11:30:12,846 INFO  impl.RoleInfo (RoleInfo.java:updateAndGet(143)) - 2b134424-1e81-4698-b6f0-e1153d94a764: start FollowerState
2019-07-30 11:30:12,848 INFO  util.JmxRegister (JmxRegister.java:tryRegister(44)) - Successfully registered JMX Bean with object name Ratis:service=RaftServer,group=group-7C22094FEF6C,id=d2f5d6d0-6fb9-469c-aec1-14b8e3769c12
2019-07-30 11:30:12,848 INFO  util.JmxRegister (JmxRegister.java:tryRegister(44)) - Successfully registered JMX Bean with object name Ratis:service=RaftServer,group=group-7C22094FEF6C,id=2b134424-1e81-4698-b6f0-e1153d94a764
2019-07-30 11:30:12,862 INFO  pipeline.PipelineStateManager (PipelineStateManager.java:addPipeline(56)) - Created pipeline Pipeline[ Id: f48220ba-45d9-43b0-94d9-7c22094fef6c, Nodes: d12a593d-e260-4411-be28-6215733ccebf{ip: 192.168.5.149, host: byscane-nightly-84vzb-2270395203, networkLocation: /default-rack, certSerialId: null}2b134424-1e81-4698-b6f0-e1153d94a764{ip: 192.168.5.149, host: byscane-nightly-84vzb-2270395203, networkLocation: /default-rack, certSerialId: null}d2f5d6d0-6fb9-469c-aec1-14b8e3769c12{ip: 192.168.5.149, host: byscane-nightly-84vzb-2270395203, networkLocation: /default-rack, certSerialId: null}, Type:RATIS, Factor:THREE, State:OPEN]
2019-07-30 11:30:13,598 INFO  ozone.MiniOzoneClusterImpl (MiniOzoneClusterImpl.java:lambda$waitForClusterToBeReady$0(142)) - Cluster is ready. Got 7 of 7 DN Heartbeats.
2019-07-30 11:30:13,956 INFO  rpc.RpcClient (RpcClient.java:createVolume(288)) - Creating Volume: watchforcommithandlingtest, with jenkins1000 as owner.
2019-07-30 11:30:14,016 INFO  rpc.RpcClient (RpcClient.java:createBucket(425)) - Creating Bucket: watchforcommithandlingtest/watchforcommithandlingtest, with Versioning false and Storage Type set to DISK and Encryption set to false 
2019-07-30 11:30:14,046 INFO  ozone.MiniOzoneClusterImpl (MiniOzoneClusterImpl.java:getStorageContainerLocationClient(241)) - Creating StorageContainerLocationProtocol RPC client with address /0.0.0.0:35197
2019-07-30 11:30:14,089 INFO  impl.MetricsSystemImpl (MetricsSystemImpl.java:init(158)) - XceiverClientMetrics metrics system started (again)
2019-07-30 11:30:14,161 INFO  container.ReplicationManager (ReplicationManager.java:start(155)) - Starting Replication Monitor Thread.
2019-07-30 11:30:14,167 INFO  container.ReplicationManager (ReplicationManager.java:run(207)) - Replication Monitor Thread took 4 milliseconds for processing 1 containers.
2019-07-30 11:30:14,191 INFO  client.GrpcClientProtocolClient (GrpcClientProtocolClient.java:onNext(255)) - client-5175D62F52F1->6cd5b97e-02c1-41da-9bc6-6b0fb74e21b7: receive RaftClientReply:client-5175D62F52F1->6cd5b97e-02c1-41da-9bc6-6b0fb74e21b7@group-1EDE4706F451, cid=13, FAILED org.apache.ratis.protocol.NotLeaderException: Server 6cd5b97e-02c1-41da-9bc6-6b0fb74e21b7 is not the leader (null). Request must be sent to leader., logIndex=0, commits[6cd5b97e-02c1-41da-9bc6-6b0fb74e21b7:c-1]
2019-07-30 11:30:15,243 INFO  client.GrpcClientProtocolClient (GrpcClientProtocolClient.java:onNext(255)) - client-5175D62F52F1->4cecc661-5626-4c4b-b7ec-c6cc38efe2ca: receive RaftClientReply:client-5175D62F52F1->4cecc661-5626-4c4b-b7ec-c6cc38efe2ca@group-1EDE4706F451, cid=13, FAILED org.apache.ratis.protocol.NotLeaderException: Server 4cecc661-5626-4c4b-b7ec-c6cc38efe2ca is not the leader (null). Request must be sent to leader., logIndex=0, commits[4cecc661-5626-4c4b-b7ec-c6cc38efe2ca:c-1]
2019-07-30 11:30:16,271 INFO  client.GrpcClientProtocolClient (GrpcClientProtocolClient.java:onNext(255)) - client-5175D62F52F1->6cd5b97e-02c1-41da-9bc6-6b0fb74e21b7: receive RaftClientReply:client-5175D62F52F1->6cd5b97e-02c1-41da-9bc6-6b0fb74e21b7@group-1EDE4706F451, cid=13, FAILED org.apache.ratis.protocol.NotLeaderException: Server 6cd5b97e-02c1-41da-9bc6-6b0fb74e21b7 is not the leader (null). Request must be sent to leader., logIndex=0, commits[6cd5b97e-02c1-41da-9bc6-6b0fb74e21b7:c-1]
2019-07-30 11:30:17,226 INFO  impl.FollowerState (FollowerState.java:run(106)) - 4cecc661-5626-4c4b-b7ec-c6cc38efe2ca:group-A541BDEC08CD changes to CANDIDATE, lastRpcTime:5044, electionTimeout:5043ms
2019-07-30 11:30:17,227 INFO  impl.RoleInfo (RoleInfo.java:shutdownFollowerState(121)) - 4cecc661-5626-4c4b-b7ec-c6cc38efe2ca: shutdown FollowerState
2019-07-30 11:30:17,227 INFO  impl.RaftServerImpl (RaftServerImpl.java:setRole(171)) - 4cecc661-5626-4c4b-b7ec-c6cc38efe2ca:group-A541BDEC08CD changes role from FOLLOWER to CANDIDATE at term 0 for changeToCandidate
2019-07-30 11:30:17,231 INFO  impl.RoleInfo (RoleInfo.java:updateAndGet(143)) - 4cecc661-5626-4c4b-b7ec-c6cc38efe2ca: start LeaderElection
2019-07-30 11:30:17,254 INFO  impl.LeaderElection (LeaderElection.java:askForVotes(181)) - 4cecc661-5626-4c4b-b7ec-c6cc38efe2ca:group-A541BDEC08CD:LeaderElection1: begin an election at term 1 for -1: [4cecc661-5626-4c4b-b7ec-c6cc38efe2ca:192.168.5.149:35011], old=null
2019-07-30 11:30:17,256 INFO  impl.RoleInfo (RoleInfo.java:shutdownLeaderElection(134)) - 4cecc661-5626-4c4b-b7ec-c6cc38efe2ca: shutdown LeaderElection
2019-07-30 11:30:17,257 INFO  impl.RaftServerImpl (RaftServerImpl.java:setRole(171)) - 4cecc661-5626-4c4b-b7ec-c6cc38efe2ca:group-A541BDEC08CD changes role from CANDIDATE to LEADER at term 1 for changeToLeader
2019-07-30 11:30:17,257 INFO  impl.RaftServerImpl (ServerState.java:setLeader(263)) - 4cecc661-5626-4c4b-b7ec-c6cc38efe2ca:group-A541BDEC08CD change Leader from null to 4cecc661-5626-4c4b-b7ec-c6cc38efe2ca at term 1 for becomeLeader, leader elected after 5150ms
2019-07-30 11:30:17,264 INFO  server.RaftServerConfigKeys (ConfUtils.java:logGet(43)) - raft.server.staging.catchup.gap = 1000 (default)
2019-07-30 11:30:17,264 INFO  server.RaftServerConfigKeys (ConfUtils.java:logGet(43)) - raft.server.rpc.sleep.time = 25ms (default)
2019-07-30 11:30:17,268 INFO  server.RaftServerConfigKeys (ConfUtils.java:logGet(43)) - raft.server.write.element-limit = 4096 (default)
2019-07-30 11:30:17,271 INFO  server.RaftServerConfigKeys (ConfUtils.java:logGet(43)) - raft.server.watch.timeout = 10s (default)
2019-07-30 11:30:17,271 INFO  server.RaftServerConfigKeys (ConfUtils.java:logGet(43)) - raft.server.watch.timeout.denomination = 1s (default)
2019-07-30 11:30:17,272 INFO  server.RaftServerConfigKeys (ConfUtils.java:logGet(43)) - raft.server.watch.element-limit = 65536 (default)
2019-07-30 11:30:17,287 INFO  impl.RoleInfo (RoleInfo.java:updateAndGet(143)) - 4cecc661-5626-4c4b-b7ec-c6cc38efe2ca: start LeaderState
2019-07-30 11:30:17,299 INFO  client.GrpcClientProtocolClient (GrpcClientProtocolClient.java:onNext(255)) - client-5175D62F52F1->d86f328e-cb6c-4778-8aa1-27ad55bca2a7: receive RaftClientReply:client-5175D62F52F1->d86f328e-cb6c-4778-8aa1-27ad55bca2a7@group-1EDE4706F451, cid=13, FAILED org.apache.ratis.protocol.NotLeaderException: Server d86f328e-cb6c-4778-8aa1-27ad55bca2a7 is not the leader (null). Request must be sent to leader., logIndex=0, commits[d86f328e-cb6c-4778-8aa1-27ad55bca2a7:c-1]
2019-07-30 11:30:17,323 INFO  segmented.SegmentedRaftLogWorker (SegmentedRaftLogWorker.java:startLogSegment(380)) - 4cecc661-5626-4c4b-b7ec-c6cc38efe2ca-SegmentedRaftLogWorker:Storage Directory /workdir/hadoop-ozone/integration-test/target/test-dir/MiniOzoneClusterImpl-7145d309-4503-4780-8e11-be9f9b790a3e/datanode-0/data/ratis/b5cb1a34-68e2-4740-a8e8-a541bdec08cd: Starting segment from index:0
2019-07-30 11:30:17,335 INFO  impl.RaftServerImpl (ServerState.java:setRaftConf(361)) - 4cecc661-5626-4c4b-b7ec-c6cc38efe2ca:group-A541BDEC08CD set configuration 0: [4cecc661-5626-4c4b-b7ec-c6cc38efe2ca:192.168.5.149:35011], old=null at 0
2019-07-30 11:30:17,389 INFO  impl.FollowerState (FollowerState.java:run(106)) - d86f328e-cb6c-4778-8aa1-27ad55bca2a7:group-8B813662E0A7 changes to CANDIDATE, lastRpcTime:5037, electionTimeout:5036ms
2019-07-30 11:30:17,391 INFO  impl.RoleInfo (RoleInfo.java:shutdownFollowerState(121)) - d86f328e-cb6c-4778-8aa1-27ad55bca2a7: shutdown FollowerState
2019-07-30 11:30:17,391 INFO  impl.RaftServerImpl (RaftServerImpl.java:setRole(171)) - d86f328e-cb6c-4778-8aa1-27ad55bca2a7:group-8B813662E0A7 changes role from FOLLOWER to CANDIDATE at term 0 for changeToCandidate
2019-07-30 11:30:17,392 INFO  impl.RoleInfo (RoleInfo.java:updateAndGet(143)) - d86f328e-cb6c-4778-8aa1-27ad55bca2a7: start LeaderElection
2019-07-30 11:30:17,422 INFO  impl.LeaderElection (LeaderElection.java:askForVotes(181)) - d86f328e-cb6c-4778-8aa1-27ad55bca2a7:group-8B813662E0A7:LeaderElection2: begin an election at term 1 for -1: [d86f328e-cb6c-4778-8aa1-27ad55bca2a7:192.168.5.149:43665], old=null
2019-07-30 11:30:17,424 INFO  impl.RoleInfo (RoleInfo.java:shutdownLeaderElection(134)) - d86f328e-cb6c-4778-8aa1-27ad55bca2a7: shutdown LeaderElection
2019-07-30 11:30:17,425 INFO  impl.RaftServerImpl (RaftServerImpl.java:setRole(171)) - d86f328e-cb6c-4778-8aa1-27ad55bca2a7:group-8B813662E0A7 changes role from CANDIDATE to LEADER at term 1 for changeToLeader
2019-07-30 11:30:17,425 INFO  impl.RaftServerImpl (ServerState.java:setLeader(263)) - d86f328e-cb6c-4778-8aa1-27ad55bca2a7:group-8B813662E0A7 change Leader from null to d86f328e-cb6c-4778-8aa1-27ad55bca2a7 at term 1 for becomeLeader, leader elected after 5077ms
2019-07-30 11:30:17,425 INFO  server.RaftServerConfigKeys (ConfUtils.java:logGet(43)) - raft.server.staging.catchup.gap = 1000 (default)
2019-07-30 11:30:17,425 INFO  server.RaftServerConfigKeys (ConfUtils.java:logGet(43)) - raft.server.rpc.sleep.time = 25ms (default)
2019-07-30 11:30:17,425 INFO  server.RaftServerConfigKeys (ConfUtils.java:logGet(43)) - raft.server.write.element-limit = 4096 (default)
2019-07-30 11:30:17,425 INFO  server.RaftServerConfigKeys (ConfUtils.java:logGet(43)) - raft.server.watch.timeout = 10s (default)
2019-07-30 11:30:17,426 INFO  server.RaftServerConfigKeys (ConfUtils.java:logGet(43)) - raft.server.watch.timeout.denomination = 1s (default)
2019-07-30 11:30:17,426 INFO  server.RaftServerConfigKeys (ConfUtils.java:logGet(43)) - raft.server.watch.element-limit = 65536 (default)
2019-07-30 11:30:17,426 INFO  impl.RoleInfo (RoleInfo.java:updateAndGet(143)) - d86f328e-cb6c-4778-8aa1-27ad55bca2a7: start LeaderState
2019-07-30 11:30:17,426 INFO  segmented.SegmentedRaftLogWorker (SegmentedRaftLogWorker.java:startLogSegment(380)) - d86f328e-cb6c-4778-8aa1-27ad55bca2a7-SegmentedRaftLogWorker:Storage Directory /workdir/hadoop-ozone/integration-test/target/test-dir/MiniOzoneClusterImpl-7145d309-4503-4780-8e11-be9f9b790a3e/datanode-2/data/ratis/c9dbf063-f08f-40b3-a77b-8b813662e0a7: Starting segment from index:0
2019-07-30 11:30:17,427 INFO  impl.RaftServerImpl (ServerState.java:setRaftConf(361)) - d86f328e-cb6c-4778-8aa1-27ad55bca2a7:group-8B813662E0A7 set configuration 0: [d86f328e-cb6c-4778-8aa1-27ad55bca2a7:192.168.5.149:43665], old=null at 0
2019-07-30 11:30:17,558 INFO  segmented.SegmentedRaftLogWorker (SegmentedRaftLogWorker.java:execute(569)) - 4cecc661-5626-4c4b-b7ec-c6cc38efe2ca-SegmentedRaftLogWorker:Storage Directory /workdir/hadoop-ozone/integration-test/target/test-dir/MiniOzoneClusterImpl-7145d309-4503-4780-8e11-be9f9b790a3e/datanode-0/data/ratis/b5cb1a34-68e2-4740-a8e8-a541bdec08cd: created new log segment /workdir/hadoop-ozone/integration-test/target/test-dir/MiniOzoneClusterImpl-7145d309-4503-4780-8e11-be9f9b790a3e/datanode-0/data/ratis/b5cb1a34-68e2-4740-a8e8-a541bdec08cd/current/log_inprogress_0
2019-07-30 11:30:17,558 INFO  segmented.SegmentedRaftLogWorker (SegmentedRaftLogWorker.java:execute(569)) - d86f328e-cb6c-4778-8aa1-27ad55bca2a7-SegmentedRaftLogWorker:Storage Directory /workdir/hadoop-ozone/integration-test/target/test-dir/MiniOzoneClusterImpl-7145d309-4503-4780-8e11-be9f9b790a3e/datanode-2/data/ratis/c9dbf063-f08f-40b3-a77b-8b813662e0a7: created new log segment /workdir/hadoop-ozone/integration-test/target/test-dir/MiniOzoneClusterImpl-7145d309-4503-4780-8e11-be9f9b790a3e/datanode-2/data/ratis/c9dbf063-f08f-40b3-a77b-8b813662e0a7/current/log_inprogress_0
2019-07-30 11:30:17,592 INFO  impl.FollowerState (FollowerState.java:run(106)) - d12a593d-e260-4411-be28-6215733ccebf:group-169D2BA2A097 changes to CANDIDATE, lastRpcTime:5179, electionTimeout:5179ms
2019-07-30 11:30:17,594 INFO  impl.RoleInfo (RoleInfo.java:shutdownFollowerState(121)) - d12a593d-e260-4411-be28-6215733ccebf: shutdown FollowerState
2019-07-30 11:30:17,594 INFO  impl.RaftServerImpl (RaftServerImpl.java:setRole(171)) - d12a593d-e260-4411-be28-6215733ccebf:group-169D2BA2A097 changes role from FOLLOWER to CANDIDATE at term 0 for changeToCandidate
2019-07-30 11:30:17,595 INFO  impl.RoleInfo (RoleInfo.java:updateAndGet(143)) - d12a593d-e260-4411-be28-6215733ccebf: start LeaderElection
2019-07-30 11:30:17,604 INFO  impl.LeaderElection (LeaderElection.java:askForVotes(181)) - d12a593d-e260-4411-be28-6215733ccebf:group-169D2BA2A097:LeaderElection3: begin an election at term 1 for -1: [d12a593d-e260-4411-be28-6215733ccebf:192.168.5.149:38712], old=null
2019-07-30 11:30:17,606 INFO  impl.RoleInfo (RoleInfo.java:shutdownLeaderElection(134)) - d12a593d-e260-4411-be28-6215733ccebf: shutdown LeaderElection
2019-07-30 11:30:17,606 INFO  impl.RaftServerImpl (RaftServerImpl.java:setRole(171)) - d12a593d-e260-4411-be28-6215733ccebf:group-169D2BA2A097 changes role from CANDIDATE to LEADER at term 1 for changeToLeader
2019-07-30 11:30:17,606 INFO  impl.RaftServerImpl (ServerState.java:setLeader(263)) - d12a593d-e260-4411-be28-6215733ccebf:group-169D2BA2A097 change Leader from null to d12a593d-e260-4411-be28-6215733ccebf at term 1 for becomeLeader, leader elected after 5197ms
2019-07-30 11:30:17,606 INFO  server.RaftServerConfigKeys (ConfUtils.java:logGet(43)) - raft.server.staging.catchup.gap = 1000 (default)
2019-07-30 11:30:17,606 INFO  server.RaftServerConfigKeys (ConfUtils.java:logGet(43)) - raft.server.rpc.sleep.time = 25ms (default)
2019-07-30 11:30:17,606 INFO  server.RaftServerConfigKeys (ConfUtils.java:logGet(43)) - raft.server.write.element-limit = 4096 (default)
2019-07-30 11:30:17,607 INFO  server.RaftServerConfigKeys (ConfUtils.java:logGet(43)) - raft.server.watch.timeout = 10s (default)
2019-07-30 11:30:17,607 INFO  server.RaftServerConfigKeys (ConfUtils.java:logGet(43)) - raft.server.watch.timeout.denomination = 1s (default)
2019-07-30 11:30:17,607 INFO  server.RaftServerConfigKeys (ConfUtils.java:logGet(43)) - raft.server.watch.element-limit = 65536 (default)
2019-07-30 11:30:17,607 INFO  impl.RoleInfo (RoleInfo.java:updateAndGet(143)) - d12a593d-e260-4411-be28-6215733ccebf: start LeaderState
2019-07-30 11:30:17,608 INFO  segmented.SegmentedRaftLogWorker (SegmentedRaftLogWorker.java:startLogSegment(380)) - d12a593d-e260-4411-be28-6215733ccebf-SegmentedRaftLogWorker:Storage Directory /workdir/hadoop-ozone/integration-test/target/test-dir/MiniOzoneClusterImpl-7145d309-4503-4780-8e11-be9f9b790a3e/datanode-3/data/ratis/4f57b4ca-1ceb-46ac-a92d-169d2ba2a097: Starting segment from index:0
2019-07-30 11:30:17,608 INFO  impl.RaftServerImpl (ServerState.java:setRaftConf(361)) - d12a593d-e260-4411-be28-6215733ccebf:group-169D2BA2A097 set configuration 0: [d12a593d-e260-4411-be28-6215733ccebf:192.168.5.149:38712], old=null at 0
2019-07-30 11:30:17,627 INFO  impl.FollowerState (FollowerState.java:run(106)) - d2f5d6d0-6fb9-469c-aec1-14b8e3769c12:group-85BB8ECA790E changes to CANDIDATE, lastRpcTime:5096, electionTimeout:5091ms
2019-07-30 11:30:17,627 INFO  impl.RoleInfo (RoleInfo.java:shutdownFollowerState(121)) - d2f5d6d0-6fb9-469c-aec1-14b8e3769c12: shutdown FollowerState
2019-07-30 11:30:17,627 INFO  impl.RaftServerImpl (RaftServerImpl.java:setRole(171)) - d2f5d6d0-6fb9-469c-aec1-14b8e3769c12:group-85BB8ECA790E changes role from FOLLOWER to CANDIDATE at term 0 for changeToCandidate
2019-07-30 11:30:17,627 INFO  impl.RoleInfo (RoleInfo.java:updateAndGet(143)) - d2f5d6d0-6fb9-469c-aec1-14b8e3769c12: start LeaderElection
2019-07-30 11:30:17,638 INFO  segmented.SegmentedRaftLogWorker (SegmentedRaftLogWorker.java:execute(569)) - d12a593d-e260-4411-be28-6215733ccebf-SegmentedRaftLogWorker:Storage Directory /workdir/hadoop-ozone/integration-test/target/test-dir/MiniOzoneClusterImpl-7145d309-4503-4780-8e11-be9f9b790a3e/datanode-3/data/ratis/4f57b4ca-1ceb-46ac-a92d-169d2ba2a097: created new log segment /workdir/hadoop-ozone/integration-test/target/test-dir/MiniOzoneClusterImpl-7145d309-4503-4780-8e11-be9f9b790a3e/datanode-3/data/ratis/4f57b4ca-1ceb-46ac-a92d-169d2ba2a097/current/log_inprogress_0
2019-07-30 11:30:17,638 INFO  impl.LeaderElection (LeaderElection.java:askForVotes(181)) - d2f5d6d0-6fb9-469c-aec1-14b8e3769c12:group-85BB8ECA790E:LeaderElection4: begin an election at term 1 for -1: [d2f5d6d0-6fb9-469c-aec1-14b8e3769c12:192.168.5.149:34501], old=null
2019-07-30 11:30:17,638 INFO  impl.RoleInfo (RoleInfo.java:shutdownLeaderElection(134)) - d2f5d6d0-6fb9-469c-aec1-14b8e3769c12: shutdown LeaderElection
2019-07-30 11:30:17,638 INFO  impl.RaftServerImpl (RaftServerImpl.java:setRole(171)) - d2f5d6d0-6fb9-469c-aec1-14b8e3769c12:group-85BB8ECA790E changes role from CANDIDATE to LEADER at term 1 for changeToLeader
2019-07-30 11:30:17,638 INFO  impl.RaftServerImpl (ServerState.java:setLeader(263)) - d2f5d6d0-6fb9-469c-aec1-14b8e3769c12:group-85BB8ECA790E change Leader from null to d2f5d6d0-6fb9-469c-aec1-14b8e3769c12 at term 1 for becomeLeader, leader elected after 5112ms
2019-07-30 11:30:17,639 INFO  server.RaftServerConfigKeys (ConfUtils.java:logGet(43)) - raft.server.staging.catchup.gap = 1000 (default)
2019-07-30 11:30:17,639 INFO  server.RaftServerConfigKeys (ConfUtils.java:logGet(43)) - raft.server.rpc.sleep.time = 25ms (default)
2019-07-30 11:30:17,639 INFO  server.RaftServerConfigKeys (ConfUtils.java:logGet(43)) - raft.server.write.element-limit = 4096 (default)
2019-07-30 11:30:17,639 INFO  server.RaftServerConfigKeys (ConfUtils.java:logGet(43)) - raft.server.watch.timeout = 10s (default)
2019-07-30 11:30:17,639 INFO  server.RaftServerConfigKeys (ConfUtils.java:logGet(43)) - raft.server.watch.timeout.denomination = 1s (default)
2019-07-30 11:30:17,640 INFO  server.RaftServerConfigKeys (ConfUtils.java:logGet(43)) - raft.server.watch.element-limit = 65536 (default)
2019-07-30 11:30:17,640 INFO  impl.RoleInfo (RoleInfo.java:updateAndGet(143)) - d2f5d6d0-6fb9-469c-aec1-14b8e3769c12: start LeaderState
2019-07-30 11:30:17,640 INFO  segmented.SegmentedRaftLogWorker (SegmentedRaftLogWorker.java:startLogSegment(380)) - d2f5d6d0-6fb9-469c-aec1-14b8e3769c12-SegmentedRaftLogWorker:Storage Directory /workdir/hadoop-ozone/integration-test/target/test-dir/MiniOzoneClusterImpl-7145d309-4503-4780-8e11-be9f9b790a3e/datanode-5/data/ratis/9c5db108-d7ce-4e86-8a96-85bb8eca790e: Starting segment from index:0
2019-07-30 11:30:17,641 INFO  impl.RaftServerImpl (ServerState.java:setRaftConf(361)) - d2f5d6d0-6fb9-469c-aec1-14b8e3769c12:group-85BB8ECA790E set configuration 0: [d2f5d6d0-6fb9-469c-aec1-14b8e3769c12:192.168.5.149:34501], old=null at 0
2019-07-30 11:30:17,661 INFO  impl.FollowerState (FollowerState.java:run(106)) - 2b134424-1e81-4698-b6f0-e1153d94a764:group-22ABFC295F58 changes to CANDIDATE, lastRpcTime:5192, electionTimeout:5178ms
2019-07-30 11:30:17,663 INFO  segmented.SegmentedRaftLogWorker (SegmentedRaftLogWorker.java:execute(569)) - d2f5d6d0-6fb9-469c-aec1-14b8e3769c12-SegmentedRaftLogWorker:Storage Directory /workdir/hadoop-ozone/integration-test/target/test-dir/MiniOzoneClusterImpl-7145d309-4503-4780-8e11-be9f9b790a3e/datanode-5/data/ratis/9c5db108-d7ce-4e86-8a96-85bb8eca790e: created new log segment /workdir/hadoop-ozone/integration-test/target/test-dir/MiniOzoneClusterImpl-7145d309-4503-4780-8e11-be9f9b790a3e/datanode-5/data/ratis/9c5db108-d7ce-4e86-8a96-85bb8eca790e/current/log_inprogress_0
2019-07-30 11:30:17,663 INFO  impl.RoleInfo (RoleInfo.java:shutdownFollowerState(121)) - 2b134424-1e81-4698-b6f0-e1153d94a764: shutdown FollowerState
2019-07-30 11:30:17,664 INFO  impl.RaftServerImpl (RaftServerImpl.java:setRole(171)) - 2b134424-1e81-4698-b6f0-e1153d94a764:group-22ABFC295F58 changes role from FOLLOWER to CANDIDATE at term 0 for changeToCandidate
2019-07-30 11:30:17,664 INFO  impl.RoleInfo (RoleInfo.java:updateAndGet(143)) - 2b134424-1e81-4698-b6f0-e1153d94a764: start LeaderElection
2019-07-30 11:30:17,671 INFO  impl.LeaderElection (LeaderElection.java:askForVotes(181)) - 2b134424-1e81-4698-b6f0-e1153d94a764:group-22ABFC295F58:LeaderElection5: begin an election at term 1 for -1: [2b134424-1e81-4698-b6f0-e1153d94a764:192.168.5.149:35340], old=null
2019-07-30 11:30:17,673 INFO  impl.RoleInfo (RoleInfo.java:shutdownLeaderElection(134)) - 2b134424-1e81-4698-b6f0-e1153d94a764: shutdown LeaderElection
2019-07-30 11:30:17,673 INFO  impl.RaftServerImpl (RaftServerImpl.java:setRole(171)) - 2b134424-1e81-4698-b6f0-e1153d94a764:group-22ABFC295F58 changes role from CANDIDATE to LEADER at term 1 for changeToLeader
2019-07-30 11:30:17,673 INFO  impl.RaftServerImpl (ServerState.java:setLeader(263)) - 2b134424-1e81-4698-b6f0-e1153d94a764:group-22ABFC295F58 change Leader from null to 2b134424-1e81-4698-b6f0-e1153d94a764 at term 1 for becomeLeader, leader elected after 5209ms
2019-07-30 11:30:17,673 INFO  server.RaftServerConfigKeys (ConfUtils.java:logGet(43)) - raft.server.staging.catchup.gap = 1000 (default)
2019-07-30 11:30:17,673 INFO  server.RaftServerConfigKeys (ConfUtils.java:logGet(43)) - raft.server.rpc.sleep.time = 25ms (default)
2019-07-30 11:30:17,674 INFO  server.RaftServerConfigKeys (ConfUtils.java:logGet(43)) - raft.server.write.element-limit = 4096 (default)
2019-07-30 11:30:17,674 INFO  server.RaftServerConfigKeys (ConfUtils.java:logGet(43)) - raft.server.watch.timeout = 10s (default)
2019-07-30 11:30:17,674 INFO  server.RaftServerConfigKeys (ConfUtils.java:logGet(43)) - raft.server.watch.timeout.denomination = 1s (default)
2019-07-30 11:30:17,674 INFO  server.RaftServerConfigKeys (ConfUtils.java:logGet(43)) - raft.server.watch.element-limit = 65536 (default)
2019-07-30 11:30:17,674 INFO  impl.RoleInfo (RoleInfo.java:updateAndGet(143)) - 2b134424-1e81-4698-b6f0-e1153d94a764: start LeaderState
2019-07-30 11:30:17,675 INFO  segmented.SegmentedRaftLogWorker (SegmentedRaftLogWorker.java:startLogSegment(380)) - 2b134424-1e81-4698-b6f0-e1153d94a764-SegmentedRaftLogWorker:Storage Directory /workdir/hadoop-ozone/integration-test/target/test-dir/MiniOzoneClusterImpl-7145d309-4503-4780-8e11-be9f9b790a3e/datanode-1/data/ratis/0026fe67-b07f-42b8-9eed-22abfc295f58: Starting segment from index:0
2019-07-30 11:30:17,675 INFO  impl.RaftServerImpl (ServerState.java:setRaftConf(361)) - 2b134424-1e81-4698-b6f0-e1153d94a764:group-22ABFC295F58 set configuration 0: [2b134424-1e81-4698-b6f0-e1153d94a764:192.168.5.149:35340], old=null at 0
2019-07-30 11:30:17,708 INFO  segmented.SegmentedRaftLogWorker (SegmentedRaftLogWorker.java:execute(569)) - 2b134424-1e81-4698-b6f0-e1153d94a764-SegmentedRaftLogWorker:Storage Directory /workdir/hadoop-ozone/integration-test/target/test-dir/MiniOzoneClusterImpl-7145d309-4503-4780-8e11-be9f9b790a3e/datanode-1/data/ratis/0026fe67-b07f-42b8-9eed-22abfc295f58: created new log segment /workdir/hadoop-ozone/integration-test/target/test-dir/MiniOzoneClusterImpl-7145d309-4503-4780-8e11-be9f9b790a3e/datanode-1/data/ratis/0026fe67-b07f-42b8-9eed-22abfc295f58/current/log_inprogress_0
2019-07-30 11:30:17,716 INFO  impl.FollowerState (FollowerState.java:run(106)) - 6cd5b97e-02c1-41da-9bc6-6b0fb74e21b7:group-3D340DBB89CF changes to CANDIDATE, lastRpcTime:5055, electionTimeout:5055ms
2019-07-30 11:30:17,717 INFO  impl.RoleInfo (RoleInfo.java:shutdownFollowerState(121)) - 6cd5b97e-02c1-41da-9bc6-6b0fb74e21b7: shutdown FollowerState
2019-07-30 11:30:17,717 INFO  impl.RaftServerImpl (RaftServerImpl.java:setRole(171)) - 6cd5b97e-02c1-41da-9bc6-6b0fb74e21b7:group-3D340DBB89CF changes role from FOLLOWER to CANDIDATE at term 0 for changeToCandidate
2019-07-30 11:30:17,717 INFO  impl.FollowerState (FollowerState.java:run(106)) - 21bf366b-e4b6-4b9d-94e2-819043308293:group-B13135107A45 changes to CANDIDATE, lastRpcTime:5115, electionTimeout:5115ms
2019-07-30 11:30:17,717 INFO  impl.RoleInfo (RoleInfo.java:updateAndGet(143)) - 6cd5b97e-02c1-41da-9bc6-6b0fb74e21b7: start LeaderElection
2019-07-30 11:30:17,728 INFO  impl.RoleInfo (RoleInfo.java:shutdownFollowerState(121)) - 21bf366b-e4b6-4b9d-94e2-819043308293: shutdown FollowerState
2019-07-30 11:30:17,730 INFO  impl.RaftServerImpl (RaftServerImpl.java:setRole(171)) - 21bf366b-e4b6-4b9d-94e2-819043308293:group-B13135107A45 changes role from FOLLOWER to CANDIDATE at term 0 for changeToCandidate
2019-07-30 11:30:17,734 INFO  impl.RoleInfo (RoleInfo.java:updateAndGet(143)) - 21bf366b-e4b6-4b9d-94e2-819043308293: start LeaderElection
2019-07-30 11:30:17,754 INFO  impl.LeaderElection (LeaderElection.java:askForVotes(181)) - 6cd5b97e-02c1-41da-9bc6-6b0fb74e21b7:group-3D340DBB89CF:LeaderElection6: begin an election at term 1 for -1: [6cd5b97e-02c1-41da-9bc6-6b0fb74e21b7:192.168.5.149:35472], old=null
2019-07-30 11:30:17,754 INFO  impl.LeaderElection (LeaderElection.java:askForVotes(181)) - 21bf366b-e4b6-4b9d-94e2-819043308293:group-B13135107A45:LeaderElection7: begin an election at term 1 for -1: [21bf366b-e4b6-4b9d-94e2-819043308293:192.168.5.149:41433], old=null
2019-07-30 11:30:17,754 INFO  impl.RoleInfo (RoleInfo.java:shutdownLeaderElection(134)) - 6cd5b97e-02c1-41da-9bc6-6b0fb74e21b7: shutdown LeaderElection
2019-07-30 11:30:17,754 INFO  impl.RoleInfo (RoleInfo.java:shutdownLeaderElection(134)) - 21bf366b-e4b6-4b9d-94e2-819043308293: shutdown LeaderElection
2019-07-30 11:30:17,754 INFO  impl.RaftServerImpl (RaftServerImpl.java:setRole(171)) - 6cd5b97e-02c1-41da-9bc6-6b0fb74e21b7:group-3D340DBB89CF changes role from CANDIDATE to LEADER at term 1 for changeToLeader
2019-07-30 11:30:17,754 INFO  impl.RaftServerImpl (RaftServerImpl.java:setRole(171)) - 21bf366b-e4b6-4b9d-94e2-819043308293:group-B13135107A45 changes role from CANDIDATE to LEADER at term 1 for changeToLeader
2019-07-30 11:30:17,755 INFO  impl.RaftServerImpl (ServerState.java:setLeader(263)) - 6cd5b97e-02c1-41da-9bc6-6b0fb74e21b7:group-3D340DBB89CF change Leader from null to 6cd5b97e-02c1-41da-9bc6-6b0fb74e21b7 at term 1 for becomeLeader, leader elected after 5099ms
2019-07-30 11:30:17,755 INFO  impl.RaftServerImpl (ServerState.java:setLeader(263)) - 21bf366b-e4b6-4b9d-94e2-819043308293:group-B13135107A45 change Leader from null to 21bf366b-e4b6-4b9d-94e2-819043308293 at term 1 for becomeLeader, leader elected after 5161ms
2019-07-30 11:30:17,755 INFO  server.RaftServerConfigKeys (ConfUtils.java:logGet(43)) - raft.server.staging.catchup.gap = 1000 (default)
2019-07-30 11:30:17,755 INFO  server.RaftServerConfigKeys (ConfUtils.java:logGet(43)) - raft.server.staging.catchup.gap = 1000 (default)
2019-07-30 11:30:17,755 INFO  server.RaftServerConfigKeys (ConfUtils.java:logGet(43)) - raft.server.rpc.sleep.time = 25ms (default)
2019-07-30 11:30:17,755 INFO  server.RaftServerConfigKeys (ConfUtils.java:logGet(43)) - raft.server.rpc.sleep.time = 25ms (default)
2019-07-30 11:30:17,756 INFO  server.RaftServerConfigKeys (ConfUtils.java:logGet(43)) - raft.server.write.element-limit = 4096 (default)
2019-07-30 11:30:17,756 INFO  server.RaftServerConfigKeys (ConfUtils.java:logGet(43)) - raft.server.write.element-limit = 4096 (default)
2019-07-30 11:30:17,756 INFO  server.RaftServerConfigKeys (ConfUtils.java:logGet(43)) - raft.server.watch.timeout = 10s (default)
2019-07-30 11:30:17,756 INFO  server.RaftServerConfigKeys (ConfUtils.java:logGet(43)) - raft.server.watch.timeout = 10s (default)
2019-07-30 11:30:17,756 INFO  server.RaftServerConfigKeys (ConfUtils.java:logGet(43)) - raft.server.watch.timeout.denomination = 1s (default)
2019-07-30 11:30:17,756 INFO  server.RaftServerConfigKeys (ConfUtils.java:logGet(43)) - raft.server.watch.timeout.denomination = 1s (default)
2019-07-30 11:30:17,757 INFO  server.RaftServerConfigKeys (ConfUtils.java:logGet(43)) - raft.server.watch.element-limit = 65536 (default)
2019-07-30 11:30:17,757 INFO  server.RaftServerConfigKeys (ConfUtils.java:logGet(43)) - raft.server.watch.element-limit = 65536 (default)
2019-07-30 11:30:17,757 INFO  impl.RoleInfo (RoleInfo.java:updateAndGet(143)) - 6cd5b97e-02c1-41da-9bc6-6b0fb74e21b7: start LeaderState
2019-07-30 11:30:17,757 INFO  impl.RoleInfo (RoleInfo.java:updateAndGet(143)) - 21bf366b-e4b6-4b9d-94e2-819043308293: start LeaderState
2019-07-30 11:30:17,757 INFO  segmented.SegmentedRaftLogWorker (SegmentedRaftLogWorker.java:startLogSegment(380)) - 6cd5b97e-02c1-41da-9bc6-6b0fb74e21b7-SegmentedRaftLogWorker:Storage Directory /workdir/hadoop-ozone/integration-test/target/test-dir/MiniOzoneClusterImpl-7145d309-4503-4780-8e11-be9f9b790a3e/datanode-6/data/ratis/d93fd5f8-3540-4427-a775-3d340dbb89cf: Starting segment from index:0
2019-07-30 11:30:17,758 INFO  segmented.SegmentedRaftLogWorker (SegmentedRaftLogWorker.java:startLogSegment(380)) - 21bf366b-e4b6-4b9d-94e2-819043308293-SegmentedRaftLogWorker:Storage Directory /workdir/hadoop-ozone/integration-test/target/test-dir/MiniOzoneClusterImpl-7145d309-4503-4780-8e11-be9f9b790a3e/datanode-4/data/ratis/96e552dd-ab6f-4aa1-91d6-b13135107a45: Starting segment from index:0
2019-07-30 11:30:17,758 INFO  impl.RaftServerImpl (ServerState.java:setRaftConf(361)) - 6cd5b97e-02c1-41da-9bc6-6b0fb74e21b7:group-3D340DBB89CF set configuration 0: [6cd5b97e-02c1-41da-9bc6-6b0fb74e21b7:192.168.5.149:35472], old=null at 0
2019-07-30 11:30:17,781 INFO  impl.RaftServerImpl (ServerState.java:setRaftConf(361)) - 21bf366b-e4b6-4b9d-94e2-819043308293:group-B13135107A45 set configuration 0: [21bf366b-e4b6-4b9d-94e2-819043308293:192.168.5.149:41433], old=null at 0
2019-07-30 11:30:17,792 INFO  segmented.SegmentedRaftLogWorker (SegmentedRaftLogWorker.java:execute(569)) - 21bf366b-e4b6-4b9d-94e2-819043308293-SegmentedRaftLogWorker:Storage Directory /workdir/hadoop-ozone/integration-test/target/test-dir/MiniOzoneClusterImpl-7145d309-4503-4780-8e11-be9f9b790a3e/datanode-4/data/ratis/96e552dd-ab6f-4aa1-91d6-b13135107a45: created new log segment /workdir/hadoop-ozone/integration-test/target/test-dir/MiniOzoneClusterImpl-7145d309-4503-4780-8e11-be9f9b790a3e/datanode-4/data/ratis/96e552dd-ab6f-4aa1-91d6-b13135107a45/current/log_inprogress_0
2019-07-30 11:30:17,792 INFO  segmented.SegmentedRaftLogWorker (SegmentedRaftLogWorker.java:execute(569)) - 6cd5b97e-02c1-41da-9bc6-6b0fb74e21b7-SegmentedRaftLogWorker:Storage Directory /workdir/hadoop-ozone/integration-test/target/test-dir/MiniOzoneClusterImpl-7145d309-4503-4780-8e11-be9f9b790a3e/datanode-6/data/ratis/d93fd5f8-3540-4427-a775-3d340dbb89cf: created new log segment /workdir/hadoop-ozone/integration-test/target/test-dir/MiniOzoneClusterImpl-7145d309-4503-4780-8e11-be9f9b790a3e/datanode-6/data/ratis/d93fd5f8-3540-4427-a775-3d340dbb89cf/current/log_inprogress_0
2019-07-30 11:30:17,857 INFO  impl.FollowerState (FollowerState.java:run(106)) - 6cd5b97e-02c1-41da-9bc6-6b0fb74e21b7:group-1EDE4706F451 changes to CANDIDATE, lastRpcTime:5108, electionTimeout:5108ms
2019-07-30 11:30:17,860 INFO  impl.RoleInfo (RoleInfo.java:shutdownFollowerState(121)) - 6cd5b97e-02c1-41da-9bc6-6b0fb74e21b7: shutdown FollowerState
2019-07-30 11:30:17,860 INFO  impl.RaftServerImpl (RaftServerImpl.java:setRole(171)) - 6cd5b97e-02c1-41da-9bc6-6b0fb74e21b7:group-1EDE4706F451 changes role from FOLLOWER to CANDIDATE at term 0 for changeToCandidate
2019-07-30 11:30:17,860 INFO  impl.RoleInfo (RoleInfo.java:updateAndGet(143)) - 6cd5b97e-02c1-41da-9bc6-6b0fb74e21b7: start LeaderElection
2019-07-30 11:30:17,869 INFO  impl.LeaderElection (LeaderElection.java:askForVotes(181)) - 6cd5b97e-02c1-41da-9bc6-6b0fb74e21b7:group-1EDE4706F451:LeaderElection8: begin an election at term 1 for -1: [d86f328e-cb6c-4778-8aa1-27ad55bca2a7:192.168.5.149:43665, 6cd5b97e-02c1-41da-9bc6-6b0fb74e21b7:192.168.5.149:35472, 4cecc661-5626-4c4b-b7ec-c6cc38efe2ca:192.168.5.149:35011], old=null
2019-07-30 11:30:17,896 INFO  impl.RaftServerImpl (RaftServerImpl.java:setRole(171)) - 4cecc661-5626-4c4b-b7ec-c6cc38efe2ca:group-1EDE4706F451 changes role from FOLLOWER to FOLLOWER at term 1 for recognizeCandidate:6cd5b97e-02c1-41da-9bc6-6b0fb74e21b7
2019-07-30 11:30:17,896 INFO  impl.RaftServerImpl (RaftServerImpl.java:setRole(171)) - d86f328e-cb6c-4778-8aa1-27ad55bca2a7:group-1EDE4706F451 changes role from FOLLOWER to FOLLOWER at term 1 for recognizeCandidate:6cd5b97e-02c1-41da-9bc6-6b0fb74e21b7
2019-07-30 11:30:17,896 INFO  impl.RoleInfo (RoleInfo.java:shutdownFollowerState(121)) - 4cecc661-5626-4c4b-b7ec-c6cc38efe2ca: shutdown FollowerState
2019-07-30 11:30:17,897 INFO  impl.RoleInfo (RoleInfo.java:shutdownFollowerState(121)) - d86f328e-cb6c-4778-8aa1-27ad55bca2a7: shutdown FollowerState
2019-07-30 11:30:17,897 INFO  impl.RoleInfo (RoleInfo.java:updateAndGet(143)) - 4cecc661-5626-4c4b-b7ec-c6cc38efe2ca: start FollowerState
2019-07-30 11:30:17,897 INFO  impl.RoleInfo (RoleInfo.java:updateAndGet(143)) - d86f328e-cb6c-4778-8aa1-27ad55bca2a7: start FollowerState
2019-07-30 11:30:17,897 INFO  impl.FollowerState (FollowerState.java:run(114)) - 4cecc661-5626-4c4b-b7ec-c6cc38efe2ca: FollowerState was interrupted: java.lang.InterruptedException: sleep interrupted
2019-07-30 11:30:17,897 INFO  impl.FollowerState (FollowerState.java:run(114)) - d86f328e-cb6c-4778-8aa1-27ad55bca2a7: FollowerState was interrupted: java.lang.InterruptedException: sleep interrupted
2019-07-30 11:30:17,929 INFO  impl.LeaderElection (LeaderElection.java:logAndReturn(56)) - 6cd5b97e-02c1-41da-9bc6-6b0fb74e21b7:group-1EDE4706F451:LeaderElection8: Election PASSED; received 1 response(s) [6cd5b97e-02c1-41da-9bc6-6b0fb74e21b7<-d86f328e-cb6c-4778-8aa1-27ad55bca2a7#0:OK-t1] and 0 exception(s); 6cd5b97e-02c1-41da-9bc6-6b0fb74e21b7:t1, leader=null, voted=6cd5b97e-02c1-41da-9bc6-6b0fb74e21b7, raftlog=6cd5b97e-02c1-41da-9bc6-6b0fb74e21b7-SegmentedRaftLog:OPENED:c-1,f-1,i0, conf=-1: [d86f328e-cb6c-4778-8aa1-27ad55bca2a7:192.168.5.149:43665, 6cd5b97e-02c1-41da-9bc6-6b0fb74e21b7:192.168.5.149:35472, 4cecc661-5626-4c4b-b7ec-c6cc38efe2ca:192.168.5.149:35011], old=null
2019-07-30 11:30:17,930 INFO  impl.RoleInfo (RoleInfo.java:shutdownLeaderElection(134)) - 6cd5b97e-02c1-41da-9bc6-6b0fb74e21b7: shutdown LeaderElection
2019-07-30 11:30:17,930 INFO  impl.RaftServerImpl (RaftServerImpl.java:setRole(171)) - 6cd5b97e-02c1-41da-9bc6-6b0fb74e21b7:group-1EDE4706F451 changes role from CANDIDATE to LEADER at term 1 for changeToLeader
2019-07-30 11:30:17,934 INFO  impl.RaftServerImpl (ServerState.java:setLeader(263)) - 6cd5b97e-02c1-41da-9bc6-6b0fb74e21b7:group-1EDE4706F451 change Leader from null to 6cd5b97e-02c1-41da-9bc6-6b0fb74e21b7 at term 1 for becomeLeader, leader elected after 5202ms
2019-07-30 11:30:17,934 INFO  server.RaftServerConfigKeys (ConfUtils.java:logGet(43)) - raft.server.staging.catchup.gap = 1000 (default)
2019-07-30 11:30:17,934 INFO  server.RaftServerConfigKeys (ConfUtils.java:logGet(43)) - raft.server.rpc.sleep.time = 25ms (default)
2019-07-30 11:30:17,934 INFO  server.RaftServerConfigKeys (ConfUtils.java:logGet(43)) - raft.server.write.element-limit = 4096 (default)
2019-07-30 11:30:17,935 INFO  server.RaftServerConfigKeys (ConfUtils.java:logGet(43)) - raft.server.watch.timeout = 10s (default)
2019-07-30 11:30:17,935 INFO  server.RaftServerConfigKeys (ConfUtils.java:logGet(43)) - raft.server.watch.timeout.denomination = 1s (default)
2019-07-30 11:30:17,935 INFO  server.RaftServerConfigKeys (ConfUtils.java:logGet(43)) - raft.server.watch.element-limit = 65536 (default)
2019-07-30 11:30:17,938 INFO  server.RaftServerConfigKeys (ConfUtils.java:logGet(43)) - raft.server.log.appender.snapshot.chunk.size.max = 16MB (=16777216) (default)
2019-07-30 11:30:17,938 INFO  server.RaftServerConfigKeys (ConfUtils.java:logGet(43)) - raft.server.log.appender.buffer.byte-limit = 33554432 (custom)
2019-07-30 11:30:17,939 INFO  server.RaftServerConfigKeys (ConfUtils.java:logGet(43)) - raft.server.log.appender.buffer.element-limit = 1 (custom)
2019-07-30 11:30:17,943 INFO  grpc.GrpcConfigKeys$Server (ConfUtils.java:logGet(43)) - raft.grpc.server.leader.outstanding.appends.max = 128 (default)
2019-07-30 11:30:17,945 INFO  server.RaftServerConfigKeys (ConfUtils.java:logGet(43)) - raft.server.rpc.request.timeout = 3000ms (default)
2019-07-30 11:30:17,945 INFO  impl.FollowerState (FollowerState.java:run(106)) - d2f5d6d0-6fb9-469c-aec1-14b8e3769c12:group-7C22094FEF6C changes to CANDIDATE, lastRpcTime:5099, electionTimeout:5097ms
2019-07-30 11:30:17,945 INFO  server.RaftServerConfigKeys (ConfUtils.java:logGet(43)) - raft.server.log.appender.install.snapshot.enabled = false (custom)
2019-07-30 11:30:17,947 INFO  impl.RoleInfo (RoleInfo.java:shutdownFollowerState(121)) - d2f5d6d0-6fb9-469c-aec1-14b8e3769c12: shutdown FollowerState
2019-07-30 11:30:17,947 INFO  server.RaftServerConfigKeys (ConfUtils.java:logGet(43)) - raft.server.log.appender.snapshot.chunk.size.max = 16MB (=16777216) (default)
2019-07-30 11:30:17,947 INFO  impl.RaftServerImpl (RaftServerImpl.java:setRole(171)) - d2f5d6d0-6fb9-469c-aec1-14b8e3769c12:group-7C22094FEF6C changes role from FOLLOWER to CANDIDATE at term 0 for changeToCandidate
2019-07-30 11:30:17,947 INFO  server.RaftServerConfigKeys (ConfUtils.java:logGet(43)) - raft.server.log.appender.buffer.byte-limit = 33554432 (custom)
2019-07-30 11:30:17,947 INFO  impl.RoleInfo (RoleInfo.java:updateAndGet(143)) - d2f5d6d0-6fb9-469c-aec1-14b8e3769c12: start LeaderElection
2019-07-30 11:30:17,948 INFO  server.RaftServerConfigKeys (ConfUtils.java:logGet(43)) - raft.server.log.appender.buffer.element-limit = 1 (custom)
2019-07-30 11:30:17,953 INFO  grpc.GrpcConfigKeys$Server (ConfUtils.java:logGet(43)) - raft.grpc.server.leader.outstanding.appends.max = 128 (default)
2019-07-30 11:30:17,953 INFO  server.RaftServerConfigKeys (ConfUtils.java:logGet(43)) - raft.server.rpc.request.timeout = 3000ms (default)
2019-07-30 11:30:17,954 INFO  server.RaftServerConfigKeys (ConfUtils.java:logGet(43)) - raft.server.log.appender.install.snapshot.enabled = false (custom)
2019-07-30 11:30:17,955 INFO  impl.RoleInfo (RoleInfo.java:updateAndGet(143)) - 6cd5b97e-02c1-41da-9bc6-6b0fb74e21b7: start LeaderState
2019-07-30 11:30:17,955 INFO  segmented.SegmentedRaftLogWorker (SegmentedRaftLogWorker.java:startLogSegment(380)) - 6cd5b97e-02c1-41da-9bc6-6b0fb74e21b7-SegmentedRaftLogWorker:Storage Directory /workdir/hadoop-ozone/integration-test/target/test-dir/MiniOzoneClusterImpl-7145d309-4503-4780-8e11-be9f9b790a3e/datanode-6/data/ratis/3a797231-d8ae-46cb-ac11-1ede4706f451: Starting segment from index:0
2019-07-30 11:30:17,956 INFO  impl.RaftServerImpl (ServerState.java:setRaftConf(361)) - 6cd5b97e-02c1-41da-9bc6-6b0fb74e21b7:group-1EDE4706F451 set configuration 0: [d86f328e-cb6c-4778-8aa1-27ad55bca2a7:192.168.5.149:43665, 6cd5b97e-02c1-41da-9bc6-6b0fb74e21b7:192.168.5.149:35472, 4cecc661-5626-4c4b-b7ec-c6cc38efe2ca:192.168.5.149:35011], old=null at 0
2019-07-30 11:30:17,975 INFO  impl.FollowerState (FollowerState.java:run(106)) - 2b134424-1e81-4698-b6f0-e1153d94a764:group-7C22094FEF6C changes to CANDIDATE, lastRpcTime:5129, electionTimeout:5125ms
2019-07-30 11:30:17,975 INFO  impl.FollowerState (FollowerState.java:run(106)) - d12a593d-e260-4411-be28-6215733ccebf:group-7C22094FEF6C changes to CANDIDATE, lastRpcTime:5135, electionTimeout:5121ms
2019-07-30 11:30:17,975 INFO  impl.RoleInfo (RoleInfo.java:shutdownFollowerState(121)) - 2b134424-1e81-4698-b6f0-e1153d94a764: shutdown FollowerState
2019-07-30 11:30:17,975 INFO  impl.LeaderElection (LeaderElection.java:askForVotes(181)) - d2f5d6d0-6fb9-469c-aec1-14b8e3769c12:group-7C22094FEF6C:LeaderElection9: begin an election at term 1 for -1: [d12a593d-e260-4411-be28-6215733ccebf:192.168.5.149:38712, d2f5d6d0-6fb9-469c-aec1-14b8e3769c12:192.168.5.149:34501, 2b134424-1e81-4698-b6f0-e1153d94a764:192.168.5.149:35340], old=null
2019-07-30 11:30:17,976 INFO  impl.RaftServerImpl (RaftServerImpl.java:setRole(171)) - 2b134424-1e81-4698-b6f0-e1153d94a764:group-7C22094FEF6C changes role from FOLLOWER to CANDIDATE at term 0 for changeToCandidate
2019-07-30 11:30:17,976 INFO  impl.RoleInfo (RoleInfo.java:shutdownFollowerState(121)) - d12a593d-e260-4411-be28-6215733ccebf: shutdown FollowerState
2019-07-30 11:30:17,976 INFO  impl.RoleInfo (RoleInfo.java:updateAndGet(143)) - 2b134424-1e81-4698-b6f0-e1153d94a764: start LeaderElection
2019-07-30 11:30:17,976 INFO  impl.RaftServerImpl (RaftServerImpl.java:setRole(171)) - d12a593d-e260-4411-be28-6215733ccebf:group-7C22094FEF6C changes role from FOLLOWER to CANDIDATE at term 0 for changeToCandidate
2019-07-30 11:30:17,977 INFO  impl.RoleInfo (RoleInfo.java:updateAndGet(143)) - d12a593d-e260-4411-be28-6215733ccebf: start LeaderElection
2019-07-30 11:30:17,987 INFO  segmented.SegmentedRaftLogWorker (SegmentedRaftLogWorker.java:execute(569)) - 6cd5b97e-02c1-41da-9bc6-6b0fb74e21b7-SegmentedRaftLogWorker:Storage Directory /workdir/hadoop-ozone/integration-test/target/test-dir/MiniOzoneClusterImpl-7145d309-4503-4780-8e11-be9f9b790a3e/datanode-6/data/ratis/3a797231-d8ae-46cb-ac11-1ede4706f451: created new log segment /workdir/hadoop-ozone/integration-test/target/test-dir/MiniOzoneClusterImpl-7145d309-4503-4780-8e11-be9f9b790a3e/datanode-6/data/ratis/3a797231-d8ae-46cb-ac11-1ede4706f451/current/log_inprogress_0
2019-07-30 11:30:18,001 INFO  impl.LeaderElection (LeaderElection.java:askForVotes(181)) - 2b134424-1e81-4698-b6f0-e1153d94a764:group-7C22094FEF6C:LeaderElection10: begin an election at term 1 for -1: [d12a593d-e260-4411-be28-6215733ccebf:192.168.5.149:38712, d2f5d6d0-6fb9-469c-aec1-14b8e3769c12:192.168.5.149:34501, 2b134424-1e81-4698-b6f0-e1153d94a764:192.168.5.149:35340], old=null
2019-07-30 11:30:18,005 INFO  impl.LeaderElection (LeaderElection.java:askForVotes(181)) - d12a593d-e260-4411-be28-6215733ccebf:group-7C22094FEF6C:LeaderElection11: begin an election at term 1 for -1: [d12a593d-e260-4411-be28-6215733ccebf:192.168.5.149:38712, d2f5d6d0-6fb9-469c-aec1-14b8e3769c12:192.168.5.149:34501, 2b134424-1e81-4698-b6f0-e1153d94a764:192.168.5.149:35340], old=null
2019-07-30 11:30:18,059 INFO  impl.RaftServerImpl (ServerState.java:setLeader(263)) - d86f328e-cb6c-4778-8aa1-27ad55bca2a7:group-1EDE4706F451 change Leader from null to 6cd5b97e-02c1-41da-9bc6-6b0fb74e21b7 at term 1 for appendEntries, leader elected after 5327ms
2019-07-30 11:30:18,059 INFO  impl.RaftServerImpl (ServerState.java:setLeader(263)) - 4cecc661-5626-4c4b-b7ec-c6cc38efe2ca:group-1EDE4706F451 change Leader from null to 6cd5b97e-02c1-41da-9bc6-6b0fb74e21b7 at term 1 for appendEntries, leader elected after 5326ms
2019-07-30 11:30:18,061 INFO  impl.LeaderElection (LeaderElection.java:logAndReturn(56)) - 2b134424-1e81-4698-b6f0-e1153d94a764:group-7C22094FEF6C:LeaderElection10: Election REJECTED; received 2 response(s) [2b134424-1e81-4698-b6f0-e1153d94a764<-d12a593d-e260-4411-be28-6215733ccebf#0:FAIL-t1, 2b134424-1e81-4698-b6f0-e1153d94a764<-d2f5d6d0-6fb9-469c-aec1-14b8e3769c12#0:FAIL-t1] and 0 exception(s); 2b134424-1e81-4698-b6f0-e1153d94a764:t1, leader=null, voted=2b134424-1e81-4698-b6f0-e1153d94a764, raftlog=2b134424-1e81-4698-b6f0-e1153d94a764-SegmentedRaftLog:OPENED:c-1,f-1,i0, conf=-1: [d12a593d-e260-4411-be28-6215733ccebf:192.168.5.149:38712, d2f5d6d0-6fb9-469c-aec1-14b8e3769c12:192.168.5.149:34501, 2b134424-1e81-4698-b6f0-e1153d94a764:192.168.5.149:35340], old=null
2019-07-30 11:30:18,061 INFO  impl.LeaderElection (LeaderElection.java:logAndReturn(56)) - d2f5d6d0-6fb9-469c-aec1-14b8e3769c12:group-7C22094FEF6C:LeaderElection9: Election REJECTED; received 2 response(s) [d2f5d6d0-6fb9-469c-aec1-14b8e3769c12<-d12a593d-e260-4411-be28-6215733ccebf#0:FAIL-t1, d2f5d6d0-6fb9-469c-aec1-14b8e3769c12<-2b134424-1e81-4698-b6f0-e1153d94a764#0:FAIL-t1] and 0 exception(s); d2f5d6d0-6fb9-469c-aec1-14b8e3769c12:t1, leader=null, voted=d2f5d6d0-6fb9-469c-aec1-14b8e3769c12, raftlog=d2f5d6d0-6fb9-469c-aec1-14b8e3769c12-SegmentedRaftLog:OPENED:c-1,f-1,i0, conf=-1: [d12a593d-e260-4411-be28-6215733ccebf:192.168.5.149:38712, d2f5d6d0-6fb9-469c-aec1-14b8e3769c12:192.168.5.149:34501, 2b134424-1e81-4698-b6f0-e1153d94a764:192.168.5.149:35340], old=null
2019-07-30 11:30:18,062 INFO  impl.RaftServerImpl (RaftServerImpl.java:setRole(171)) - 2b134424-1e81-4698-b6f0-e1153d94a764:group-7C22094FEF6C changes role from CANDIDATE to FOLLOWER at term 1 for DISCOVERED_A_NEW_TERM
2019-07-30 11:30:18,063 INFO  impl.RoleInfo (RoleInfo.java:shutdownLeaderElection(134)) - 2b134424-1e81-4698-b6f0-e1153d94a764: shutdown LeaderElection
2019-07-30 11:30:18,065 INFO  impl.RaftServerImpl (RaftServerImpl.java:setRole(171)) - d2f5d6d0-6fb9-469c-aec1-14b8e3769c12:group-7C22094FEF6C changes role from CANDIDATE to FOLLOWER at term 1 for DISCOVERED_A_NEW_TERM
2019-07-30 11:30:18,069 INFO  impl.RoleInfo (RoleInfo.java:shutdownLeaderElection(134)) - d2f5d6d0-6fb9-469c-aec1-14b8e3769c12: shutdown LeaderElection
2019-07-30 11:30:18,069 INFO  impl.RoleInfo (RoleInfo.java:updateAndGet(143)) - 2b134424-1e81-4698-b6f0-e1153d94a764: start FollowerState
2019-07-30 11:30:18,069 INFO  impl.RoleInfo (RoleInfo.java:updateAndGet(143)) - d2f5d6d0-6fb9-469c-aec1-14b8e3769c12: start FollowerState
2019-07-30 11:30:18,076 INFO  impl.LeaderElection (LeaderElection.java:logAndReturn(56)) - d12a593d-e260-4411-be28-6215733ccebf:group-7C22094FEF6C:LeaderElection11: Election REJECTED; received 2 response(s) [d12a593d-e260-4411-be28-6215733ccebf<-d2f5d6d0-6fb9-469c-aec1-14b8e3769c12#0:FAIL-t1, d12a593d-e260-4411-be28-6215733ccebf<-2b134424-1e81-4698-b6f0-e1153d94a764#0:FAIL-t1] and 0 exception(s); d12a593d-e260-4411-be28-6215733ccebf:t1, leader=null, voted=d12a593d-e260-4411-be28-6215733ccebf, raftlog=d12a593d-e260-4411-be28-6215733ccebf-SegmentedRaftLog:OPENED:c-1,f-1,i0, conf=-1: [d12a593d-e260-4411-be28-6215733ccebf:192.168.5.149:38712, d2f5d6d0-6fb9-469c-aec1-14b8e3769c12:192.168.5.149:34501, 2b134424-1e81-4698-b6f0-e1153d94a764:192.168.5.149:35340], old=null
2019-07-30 11:30:18,076 INFO  impl.RaftServerImpl (RaftServerImpl.java:setRole(171)) - d12a593d-e260-4411-be28-6215733ccebf:group-7C22094FEF6C changes role from CANDIDATE to FOLLOWER at term 1 for DISCOVERED_A_NEW_TERM
2019-07-30 11:30:18,076 INFO  impl.RoleInfo (RoleInfo.java:shutdownLeaderElection(134)) - d12a593d-e260-4411-be28-6215733ccebf: shutdown LeaderElection
2019-07-30 11:30:18,079 INFO  impl.RoleInfo (RoleInfo.java:updateAndGet(143)) - d12a593d-e260-4411-be28-6215733ccebf: start FollowerState
2019-07-30 11:30:18,127 INFO  impl.RaftServerImpl (ServerState.java:setRaftConf(361)) - 4cecc661-5626-4c4b-b7ec-c6cc38efe2ca:group-1EDE4706F451 set configuration 0: [d86f328e-cb6c-4778-8aa1-27ad55bca2a7:192.168.5.149:43665, 6cd5b97e-02c1-41da-9bc6-6b0fb74e21b7:192.168.5.149:35472, 4cecc661-5626-4c4b-b7ec-c6cc38efe2ca:192.168.5.149:35011], old=null at 0
2019-07-30 11:30:18,127 INFO  impl.RaftServerImpl (ServerState.java:setRaftConf(361)) - d86f328e-cb6c-4778-8aa1-27ad55bca2a7:group-1EDE4706F451 set configuration 0: [d86f328e-cb6c-4778-8aa1-27ad55bca2a7:192.168.5.149:43665, 6cd5b97e-02c1-41da-9bc6-6b0fb74e21b7:192.168.5.149:35472, 4cecc661-5626-4c4b-b7ec-c6cc38efe2ca:192.168.5.149:35011], old=null at 0
2019-07-30 11:30:18,129 INFO  segmented.SegmentedRaftLogWorker (SegmentedRaftLogWorker.java:startLogSegment(380)) - 4cecc661-5626-4c4b-b7ec-c6cc38efe2ca-SegmentedRaftLogWorker:Storage Directory /workdir/hadoop-ozone/integration-test/target/test-dir/MiniOzoneClusterImpl-7145d309-4503-4780-8e11-be9f9b790a3e/datanode-0/data/ratis/3a797231-d8ae-46cb-ac11-1ede4706f451: Starting segment from index:0
2019-07-30 11:30:18,129 INFO  segmented.SegmentedRaftLogWorker (SegmentedRaftLogWorker.java:startLogSegment(380)) - d86f328e-cb6c-4778-8aa1-27ad55bca2a7-SegmentedRaftLogWorker:Storage Directory /workdir/hadoop-ozone/integration-test/target/test-dir/MiniOzoneClusterImpl-7145d309-4503-4780-8e11-be9f9b790a3e/datanode-2/data/ratis/3a797231-d8ae-46cb-ac11-1ede4706f451: Starting segment from index:0
2019-07-30 11:30:18,151 INFO  segmented.SegmentedRaftLogWorker (SegmentedRaftLogWorker.java:execute(569)) - 4cecc661-5626-4c4b-b7ec-c6cc38efe2ca-SegmentedRaftLogWorker:Storage Directory /workdir/hadoop-ozone/integration-test/target/test-dir/MiniOzoneClusterImpl-7145d309-4503-4780-8e11-be9f9b790a3e/datanode-0/data/ratis/3a797231-d8ae-46cb-ac11-1ede4706f451: created new log segment /workdir/hadoop-ozone/integration-test/target/test-dir/MiniOzoneClusterImpl-7145d309-4503-4780-8e11-be9f9b790a3e/datanode-0/data/ratis/3a797231-d8ae-46cb-ac11-1ede4706f451/current/log_inprogress_0
2019-07-30 11:30:18,151 INFO  segmented.SegmentedRaftLogWorker (SegmentedRaftLogWorker.java:execute(569)) - d86f328e-cb6c-4778-8aa1-27ad55bca2a7-SegmentedRaftLogWorker:Storage Directory /workdir/hadoop-ozone/integration-test/target/test-dir/MiniOzoneClusterImpl-7145d309-4503-4780-8e11-be9f9b790a3e/datanode-2/data/ratis/3a797231-d8ae-46cb-ac11-1ede4706f451: created new log segment /workdir/hadoop-ozone/integration-test/target/test-dir/MiniOzoneClusterImpl-7145d309-4503-4780-8e11-be9f9b790a3e/datanode-2/data/ratis/3a797231-d8ae-46cb-ac11-1ede4706f451/current/log_inprogress_0
2019-07-30 11:30:18,577 INFO  client.GrpcClientProtocolClient (GrpcClientProtocolClient.java:onNext(255)) - client-5175D62F52F1->6cd5b97e-02c1-41da-9bc6-6b0fb74e21b7: receive RaftClientReply:client-5175D62F52F1->6cd5b97e-02c1-41da-9bc6-6b0fb74e21b7@group-1EDE4706F451, cid=13, SUCCESS, logIndex=1, commits[6cd5b97e-02c1-41da-9bc6-6b0fb74e21b7:c2, d86f328e-cb6c-4778-8aa1-27ad55bca2a7:c1, 4cecc661-5626-4c4b-b7ec-c6cc38efe2ca:c1]
2019-07-30 11:30:18,585 INFO  datanode.ObjectStoreHandler (ObjectStoreHandler.java:close(155)) - Closing ObjectStoreHandler.
2019-07-30 11:30:18,588 INFO  ozone.HddsDatanodeService (HddsDatanodeService.java:stop(451)) - Stopped plug-in org.apache.hadoop.ozone.web.OzoneHddsDatanodeService@6060146b
2019-07-30 11:30:19,529 INFO  statemachine.DatanodeStateMachine (DatanodeStateMachine.java:lambda$startDaemon$0(350)) - Ozone container server started.
2019-07-30 11:30:23,081 INFO  impl.FollowerState (FollowerState.java:run(106)) - d2f5d6d0-6fb9-469c-aec1-14b8e3769c12:group-7C22094FEF6C changes to CANDIDATE, lastRpcTime:5011, electionTimeout:5007ms
2019-07-30 11:30:23,082 INFO  impl.RoleInfo (RoleInfo.java:shutdownFollowerState(121)) - d2f5d6d0-6fb9-469c-aec1-14b8e3769c12: shutdown FollowerState
2019-07-30 11:30:23,082 INFO  impl.RaftServerImpl (RaftServerImpl.java:setRole(171)) - d2f5d6d0-6fb9-469c-aec1-14b8e3769c12:group-7C22094FEF6C changes role from FOLLOWER to CANDIDATE at term 1 for changeToCandidate
2019-07-30 11:30:23,083 INFO  impl.RoleInfo (RoleInfo.java:updateAndGet(143)) - d2f5d6d0-6fb9-469c-aec1-14b8e3769c12: start LeaderElection
2019-07-30 11:30:23,102 INFO  impl.LeaderElection (LeaderElection.java:askForVotes(181)) - d2f5d6d0-6fb9-469c-aec1-14b8e3769c12:group-7C22094FEF6C:LeaderElection12: begin an election at term 2 for -1: [d12a593d-e260-4411-be28-6215733ccebf:192.168.5.149:38712, d2f5d6d0-6fb9-469c-aec1-14b8e3769c12:192.168.5.149:34501, 2b134424-1e81-4698-b6f0-e1153d94a764:192.168.5.149:35340], old=null
2019-07-30 11:30:23,111 INFO  impl.RaftServerImpl (RaftServerImpl.java:setRole(171)) - 2b134424-1e81-4698-b6f0-e1153d94a764:group-7C22094FEF6C changes role from FOLLOWER to FOLLOWER at term 2 for recognizeCandidate:d2f5d6d0-6fb9-469c-aec1-14b8e3769c12
2019-07-30 11:30:23,111 INFO  impl.RaftServerImpl (RaftServerImpl.java:setRole(171)) - d12a593d-e260-4411-be28-6215733ccebf:group-7C22094FEF6C changes role from FOLLOWER to FOLLOWER at term 2 for recognizeCandidate:d2f5d6d0-6fb9-469c-aec1-14b8e3769c12
2019-07-30 11:30:23,111 INFO  impl.RoleInfo (RoleInfo.java:shutdownFollowerState(121)) - 2b134424-1e81-4698-b6f0-e1153d94a764: shutdown FollowerState
2019-07-30 11:30:23,112 INFO  impl.RoleInfo (RoleInfo.java:shutdownFollowerState(121)) - d12a593d-e260-4411-be28-6215733ccebf: shutdown FollowerState
2019-07-30 11:30:23,112 INFO  impl.RoleInfo (RoleInfo.java:updateAndGet(143)) - 2b134424-1e81-4698-b6f0-e1153d94a764: start FollowerState
2019-07-30 11:30:23,112 INFO  impl.FollowerState (FollowerState.java:run(114)) - d12a593d-e260-4411-be28-6215733ccebf: FollowerState was interrupted: java.lang.InterruptedException: sleep interrupted
2019-07-30 11:30:23,112 INFO  impl.RoleInfo (RoleInfo.java:updateAndGet(143)) - d12a593d-e260-4411-be28-6215733ccebf: start FollowerState
2019-07-30 11:30:23,112 INFO  impl.FollowerState (FollowerState.java:run(114)) - 2b134424-1e81-4698-b6f0-e1153d94a764: FollowerState was interrupted: java.lang.InterruptedException: sleep interrupted
2019-07-30 11:30:23,124 INFO  impl.LeaderElection (LeaderElection.java:logAndReturn(56)) - d2f5d6d0-6fb9-469c-aec1-14b8e3769c12:group-7C22094FEF6C:LeaderElection12: Election PASSED; received 1 response(s) [d2f5d6d0-6fb9-469c-aec1-14b8e3769c12<-2b134424-1e81-4698-b6f0-e1153d94a764#0:OK-t2] and 0 exception(s); d2f5d6d0-6fb9-469c-aec1-14b8e3769c12:t2, leader=null, voted=d2f5d6d0-6fb9-469c-aec1-14b8e3769c12, raftlog=d2f5d6d0-6fb9-469c-aec1-14b8e3769c12-SegmentedRaftLog:OPENED:c-1,f-1,i0, conf=-1: [d12a593d-e260-4411-be28-6215733ccebf:192.168.5.149:38712, d2f5d6d0-6fb9-469c-aec1-14b8e3769c12:192.168.5.149:34501, 2b134424-1e81-4698-b6f0-e1153d94a764:192.168.5.149:35340], old=null
2019-07-30 11:30:23,124 INFO  impl.RoleInfo (RoleInfo.java:shutdownLeaderElection(134)) - d2f5d6d0-6fb9-469c-aec1-14b8e3769c12: shutdown LeaderElection
2019-07-30 11:30:23,135 INFO  impl.RaftServerImpl (RaftServerImpl.java:setRole(171)) - d2f5d6d0-6fb9-469c-aec1-14b8e3769c12:group-7C22094FEF6C changes role from CANDIDATE to LEADER at term 2 for changeToLeader
2019-07-30 11:30:23,135 INFO  impl.RaftServerImpl (ServerState.java:setLeader(263)) - d2f5d6d0-6fb9-469c-aec1-14b8e3769c12:group-7C22094FEF6C change Leader from null to d2f5d6d0-6fb9-469c-aec1-14b8e3769c12 at term 2 for becomeLeader, leader elected after 10306ms
2019-07-30 11:30:23,136 INFO  server.RaftServerConfigKeys (ConfUtils.java:logGet(43)) - raft.server.staging.catchup.gap = 1000 (default)
2019-07-30 11:30:23,136 INFO  server.RaftServerConfigKeys (ConfUtils.java:logGet(43)) - raft.server.rpc.sleep.time = 25ms (default)
2019-07-30 11:30:23,136 INFO  server.RaftServerConfigKeys (ConfUtils.java:logGet(43)) - raft.server.write.element-limit = 4096 (default)
2019-07-30 11:30:23,136 INFO  server.RaftServerConfigKeys (ConfUtils.java:logGet(43)) - raft.server.watch.timeout = 10s (default)
2019-07-30 11:30:23,136 INFO  server.RaftServerConfigKeys (ConfUtils.java:logGet(43)) - raft.server.watch.timeout.denomination = 1s (default)
2019-07-30 11:30:23,137 INFO  server.RaftServerConfigKeys (ConfUtils.java:logGet(43)) - raft.server.watch.element-limit = 65536 (default)
2019-07-30 11:30:23,137 INFO  server.RaftServerConfigKeys (ConfUtils.java:logGet(43)) - raft.server.log.appender.snapshot.chunk.size.max = 16MB (=16777216) (default)
2019-07-30 11:30:23,137 INFO  server.RaftServerConfigKeys (ConfUtils.java:logGet(43)) - raft.server.log.appender.buffer.byte-limit = 33554432 (custom)
2019-07-30 11:30:23,137 INFO  server.RaftServerConfigKeys (ConfUtils.java:logGet(43)) - raft.server.log.appender.buffer.element-limit = 1 (custom)
2019-07-30 11:30:23,138 INFO  grpc.GrpcConfigKeys$Server (ConfUtils.java:logGet(43)) - raft.grpc.server.leader.outstanding.appends.max = 128 (default)
2019-07-30 11:30:23,138 INFO  server.RaftServerConfigKeys (ConfUtils.java:logGet(43)) - raft.server.rpc.request.timeout = 3000ms (default)
2019-07-30 11:30:23,138 INFO  server.RaftServerConfigKeys (ConfUtils.java:logGet(43)) - raft.server.log.appender.install.snapshot.enabled = false (custom)
2019-07-30 11:30:23,138 INFO  server.RaftServerConfigKeys (ConfUtils.java:logGet(43)) - raft.server.log.appender.snapshot.chunk.size.max = 16MB (=16777216) (default)
2019-07-30 11:30:23,138 INFO  server.RaftServerConfigKeys (ConfUtils.java:logGet(43)) - raft.server.log.appender.buffer.byte-limit = 33554432 (custom)
2019-07-30 11:30:23,139 INFO  server.RaftServerConfigKeys (ConfUtils.java:logGet(43)) - raft.server.log.appender.buffer.element-limit = 1 (custom)
2019-07-30 11:30:23,139 INFO  grpc.GrpcConfigKeys$Server (ConfUtils.java:logGet(43)) - raft.grpc.server.leader.outstanding.appends.max = 128 (default)
2019-07-30 11:30:23,139 INFO  server.RaftServerConfigKeys (ConfUtils.java:logGet(43)) - raft.server.rpc.request.timeout = 3000ms (default)
2019-07-30 11:30:23,139 INFO  server.RaftServerConfigKeys (ConfUtils.java:logGet(43)) - raft.server.log.appender.install.snapshot.enabled = false (custom)
2019-07-30 11:30:23,139 INFO  impl.RoleInfo (RoleInfo.java:updateAndGet(143)) - d2f5d6d0-6fb9-469c-aec1-14b8e3769c12: start LeaderState
2019-07-30 11:30:23,140 INFO  segmented.SegmentedRaftLogWorker (SegmentedRaftLogWorker.java:startLogSegment(380)) - d2f5d6d0-6fb9-469c-aec1-14b8e3769c12-SegmentedRaftLogWorker:Storage Directory /workdir/hadoop-ozone/integration-test/target/test-dir/MiniOzoneClusterImpl-7145d309-4503-4780-8e11-be9f9b790a3e/datanode-5/data/ratis/f48220ba-45d9-43b0-94d9-7c22094fef6c: Starting segment from index:0
2019-07-30 11:30:23,141 INFO  impl.RaftServerImpl (ServerState.java:setRaftConf(361)) - d2f5d6d0-6fb9-469c-aec1-14b8e3769c12:group-7C22094FEF6C set configuration 0: [d12a593d-e260-4411-be28-6215733ccebf:192.168.5.149:38712, d2f5d6d0-6fb9-469c-aec1-14b8e3769c12:192.168.5.149:34501, 2b134424-1e81-4698-b6f0-e1153d94a764:192.168.5.149:35340], old=null at 0
2019-07-30 11:30:23,144 INFO  impl.RaftServerImpl (ServerState.java:setLeader(263)) - d12a593d-e260-4411-be28-6215733ccebf:group-7C22094FEF6C change Leader from null to d2f5d6d0-6fb9-469c-aec1-14b8e3769c12 at term 2 for appendEntries, leader elected after 10316ms
2019-07-30 11:30:23,160 INFO  impl.RaftServerImpl (ServerState.java:setLeader(263)) - 2b134424-1e81-4698-b6f0-e1153d94a764:group-7C22094FEF6C change Leader from null to d2f5d6d0-6fb9-469c-aec1-14b8e3769c12 at term 2 for appendEntries, leader elected after 10332ms
2019-07-30 11:30:23,165 INFO  impl.RaftServerImpl (ServerState.java:setRaftConf(361)) - d12a593d-e260-4411-be28-6215733ccebf:group-7C22094FEF6C set configuration 0: [d12a593d-e260-4411-be28-6215733ccebf:192.168.5.149:38712, d2f5d6d0-6fb9-469c-aec1-14b8e3769c12:192.168.5.149:34501, 2b134424-1e81-4698-b6f0-e1153d94a764:192.168.5.149:35340], old=null at 0
2019-07-30 11:30:23,165 INFO  impl.RaftServerImpl (ServerState.java:setRaftConf(361)) - 2b134424-1e81-4698-b6f0-e1153d94a764:group-7C22094FEF6C set configuration 0: [d12a593d-e260-4411-be28-6215733ccebf:192.168.5.149:38712, d2f5d6d0-6fb9-469c-aec1-14b8e3769c12:192.168.5.149:34501, 2b134424-1e81-4698-b6f0-e1153d94a764:192.168.5.149:35340], old=null at 0
2019-07-30 11:30:23,166 INFO  segmented.SegmentedRaftLogWorker (SegmentedRaftLogWorker.java:startLogSegment(380)) - d12a593d-e260-4411-be28-6215733ccebf-SegmentedRaftLogWorker:Storage Directory /workdir/hadoop-ozone/integration-test/target/test-dir/MiniOzoneClusterImpl-7145d309-4503-4780-8e11-be9f9b790a3e/datanode-3/data/ratis/f48220ba-45d9-43b0-94d9-7c22094fef6c: Starting segment from index:0
2019-07-30 11:30:23,166 INFO  segmented.SegmentedRaftLogWorker (SegmentedRaftLogWorker.java:startLogSegment(380)) - 2b134424-1e81-4698-b6f0-e1153d94a764-SegmentedRaftLogWorker:Storage Directory /workdir/hadoop-ozone/integration-test/target/test-dir/MiniOzoneClusterImpl-7145d309-4503-4780-8e11-be9f9b790a3e/datanode-1/data/ratis/f48220ba-45d9-43b0-94d9-7c22094fef6c: Starting segment from index:0
2019-07-30 11:30:23,173 INFO  segmented.SegmentedRaftLogWorker (SegmentedRaftLogWorker.java:execute(569)) - d2f5d6d0-6fb9-469c-aec1-14b8e3769c12-SegmentedRaftLogWorker:Storage Directory /workdir/hadoop-ozone/integration-test/target/test-dir/MiniOzoneClusterImpl-7145d309-4503-4780-8e11-be9f9b790a3e/datanode-5/data/ratis/f48220ba-45d9-43b0-94d9-7c22094fef6c: created new log segment /workdir/hadoop-ozone/integration-test/target/test-dir/MiniOzoneClusterImpl-7145d309-4503-4780-8e11-be9f9b790a3e/datanode-5/data/ratis/f48220ba-45d9-43b0-94d9-7c22094fef6c/current/log_inprogress_0
2019-07-30 11:30:23,185 INFO  segmented.SegmentedRaftLogWorker (SegmentedRaftLogWorker.java:execute(569)) - d12a593d-e260-4411-be28-6215733ccebf-SegmentedRaftLogWorker:Storage Directory /workdir/hadoop-ozone/integration-test/target/test-dir/MiniOzoneClusterImpl-7145d309-4503-4780-8e11-be9f9b790a3e/datanode-3/data/ratis/f48220ba-45d9-43b0-94d9-7c22094fef6c: created new log segment /workdir/hadoop-ozone/integration-test/target/test-dir/MiniOzoneClusterImpl-7145d309-4503-4780-8e11-be9f9b790a3e/datanode-3/data/ratis/f48220ba-45d9-43b0-94d9-7c22094fef6c/current/log_inprogress_0
2019-07-30 11:30:23,199 INFO  segmented.SegmentedRaftLogWorker (SegmentedRaftLogWorker.java:execute(569)) - 2b134424-1e81-4698-b6f0-e1153d94a764-SegmentedRaftLogWorker:Storage Directory /workdir/hadoop-ozone/integration-test/target/test-dir/MiniOzoneClusterImpl-7145d309-4503-4780-8e11-be9f9b790a3e/datanode-1/data/ratis/f48220ba-45d9-43b0-94d9-7c22094fef6c: created new log segment /workdir/hadoop-ozone/integration-test/target/test-dir/MiniOzoneClusterImpl-7145d309-4503-4780-8e11-be9f9b790a3e/datanode-1/data/ratis/f48220ba-45d9-43b0-94d9-7c22094fef6c/current/log_inprogress_0
2019-07-30 11:30:23,592 INFO  ozoneimpl.OzoneContainer (OzoneContainer.java:stop(199)) - Attempting to stop container services.
2019-07-30 11:30:23,596 INFO  impl.RaftServerProxy (RaftServerProxy.java:lambda$close$4(314)) - 6cd5b97e-02c1-41da-9bc6-6b0fb74e21b7: close
2019-07-30 11:30:23,598 INFO  impl.RaftServerImpl (RaftServerImpl.java:lambda$shutdown$3(245)) - 6cd5b97e-02c1-41da-9bc6-6b0fb74e21b7: shutdown group-3D340DBB89CF
2019-07-30 11:30:23,599 INFO  util.JmxRegister (JmxRegister.java:unregister(73)) - Successfully un-registered JMX Bean with object name Ratis:service=RaftServer,group=group-3D340DBB89CF,id=6cd5b97e-02c1-41da-9bc6-6b0fb74e21b7
2019-07-30 11:30:23,599 INFO  impl.RoleInfo (RoleInfo.java:shutdownLeaderState(104)) - 6cd5b97e-02c1-41da-9bc6-6b0fb74e21b7: shutdown LeaderState
2019-07-30 11:30:23,600 INFO  impl.PendingRequests (PendingRequests.java:sendNotLeaderResponses(202)) - 6cd5b97e-02c1-41da-9bc6-6b0fb74e21b7-PendingRequests: sendNotLeaderResponses
2019-07-30 11:30:23,603 INFO  impl.StateMachineUpdater (StateMachineUpdater.java:stopAndJoin(115)) - StateMachineUpdater:6cd5b97e-02c1-41da-9bc6-6b0fb74e21b7:group-3D340DBB89CF: set stopIndex = 0
2019-07-30 11:30:23,603 INFO  impl.RaftServerImpl (ServerState.java:close(394)) - 6cd5b97e-02c1-41da-9bc6-6b0fb74e21b7:group-3D340DBB89CF closes. The last applied log index is 0
2019-07-30 11:30:23,605 INFO  segmented.SegmentedRaftLogWorker (SegmentedRaftLogWorker.java:run(313)) - 6cd5b97e-02c1-41da-9bc6-6b0fb74e21b7-SegmentedRaftLogWorker:Storage Directory /workdir/hadoop-ozone/integration-test/target/test-dir/MiniOzoneClusterImpl-7145d309-4503-4780-8e11-be9f9b790a3e/datanode-6/data/ratis/d93fd5f8-3540-4427-a775-3d340dbb89cf was interrupted, exiting. There are 0 tasks remaining in the queue.
2019-07-30 11:30:23,610 INFO  segmented.SegmentedRaftLogWorker (SegmentedRaftLogWorker.java:close(228)) - 6cd5b97e-02c1-41da-9bc6-6b0fb74e21b7-SegmentedRaftLogWorker:Storage Directory /workdir/hadoop-ozone/integration-test/target/test-dir/MiniOzoneClusterImpl-7145d309-4503-4780-8e11-be9f9b790a3e/datanode-6/data/ratis/d93fd5f8-3540-4427-a775-3d340dbb89cf close()
2019-07-30 11:30:23,614 INFO  impl.RaftServerImpl (RaftServerImpl.java:lambda$shutdown$3(245)) - 6cd5b97e-02c1-41da-9bc6-6b0fb74e21b7: shutdown group-1EDE4706F451
2019-07-30 11:30:23,615 INFO  util.JmxRegister (JmxRegister.java:unregister(73)) - Successfully un-registered JMX Bean with object name Ratis:service=RaftServer,group=group-1EDE4706F451,id=6cd5b97e-02c1-41da-9bc6-6b0fb74e21b7
2019-07-30 11:30:23,615 INFO  impl.RoleInfo (RoleInfo.java:shutdownLeaderState(104)) - 6cd5b97e-02c1-41da-9bc6-6b0fb74e21b7: shutdown LeaderState
2019-07-30 11:30:23,619 INFO  impl.PendingRequests (PendingRequests.java:sendNotLeaderResponses(202)) - 6cd5b97e-02c1-41da-9bc6-6b0fb74e21b7-PendingRequests: sendNotLeaderResponses
2019-07-30 11:30:23,619 WARN  server.GrpcLogAppender (GrpcLogAppender.java:mayWait(143)) - GrpcLogAppender(6cd5b97e-02c1-41da-9bc6-6b0fb74e21b7->4cecc661-5626-4c4b-b7ec-c6cc38efe2ca): Wait interrupted by java.lang.InterruptedException
2019-07-30 11:30:23,619 WARN  server.GrpcLogAppender (GrpcLogAppender.java:mayWait(143)) - GrpcLogAppender(6cd5b97e-02c1-41da-9bc6-6b0fb74e21b7->d86f328e-cb6c-4778-8aa1-27ad55bca2a7): Wait interrupted by java.lang.InterruptedException
2019-07-30 11:30:23,627 INFO  impl.StateMachineUpdater (StateMachineUpdater.java:stopAndJoin(115)) - StateMachineUpdater:6cd5b97e-02c1-41da-9bc6-6b0fb74e21b7:group-1EDE4706F451: set stopIndex = 2
2019-07-30 11:30:23,627 INFO  ratis.ContainerStateMachine (ContainerStateMachine.java:takeSnapshot(262)) - group-1EDE4706F451: Taking a snapshot at:(t:1, i:2) file /workdir/hadoop-ozone/integration-test/target/test-dir/MiniOzoneClusterImpl-7145d309-4503-4780-8e11-be9f9b790a3e/datanode-6/data/ratis/3a797231-d8ae-46cb-ac11-1ede4706f451/sm/snapshot.1_2
2019-07-30 11:30:23,630 INFO  server.GrpcServerProtocolService (GrpcServerProtocolService.java:onCompleted(104)) - 4cecc661-5626-4c4b-b7ec-c6cc38efe2ca: appendEntries completed
2019-07-30 11:30:23,631 INFO  server.GrpcServerProtocolService (GrpcServerProtocolService.java:onCompleted(104)) - d86f328e-cb6c-4778-8aa1-27ad55bca2a7: appendEntries completed
2019-07-30 11:30:23,633 INFO  server.GrpcLogAppender (GrpcLogAppender.java:onCompleted(292)) - 6cd5b97e-02c1-41da-9bc6-6b0fb74e21b7->4cecc661-5626-4c4b-b7ec-c6cc38efe2ca: follower responses appendEntries COMPLETED
2019-07-30 11:30:23,639 INFO  server.GrpcLogAppender (GrpcLogAppender.java:onCompleted(292)) - 6cd5b97e-02c1-41da-9bc6-6b0fb74e21b7->d86f328e-cb6c-4778-8aa1-27ad55bca2a7: follower responses appendEntries COMPLETED
2019-07-30 11:30:23,642 INFO  impl.FollowerInfo (FollowerInfo.java:lambda$new$0(50)) - 6cd5b97e-02c1-41da-9bc6-6b0fb74e21b7->4cecc661-5626-4c4b-b7ec-c6cc38efe2ca: nextIndex: updateUnconditionally 3 -> 2
2019-07-30 11:30:23,642 INFO  impl.FollowerInfo (FollowerInfo.java:lambda$new$0(50)) - 6cd5b97e-02c1-41da-9bc6-6b0fb74e21b7->d86f328e-cb6c-4778-8aa1-27ad55bca2a7: nextIndex: updateUnconditionally 3 -> 2
2019-07-30 11:30:23,657 INFO  ratis.ContainerStateMachine (ContainerStateMachine.java:takeSnapshot(273)) - group-1EDE4706F451: Finished taking a snapshot at:(t:1, i:2) file:/workdir/hadoop-ozone/integration-test/target/test-dir/MiniOzoneClusterImpl-7145d309-4503-4780-8e11-be9f9b790a3e/datanode-6/data/ratis/3a797231-d8ae-46cb-ac11-1ede4706f451/sm/snapshot.1_2 time:30
2019-07-30 11:30:23,657 INFO  impl.StateMachineUpdater (StateMachineUpdater.java:takeSnapshot(242)) - StateMachineUpdater:6cd5b97e-02c1-41da-9bc6-6b0fb74e21b7:group-1EDE4706F451: Took a snapshot at index 2
2019-07-30 11:30:23,665 INFO  impl.StateMachineUpdater (StateMachineUpdater.java:lambda$new$0(80)) - StateMachineUpdater:6cd5b97e-02c1-41da-9bc6-6b0fb74e21b7:group-1EDE4706F451: snapshotIndex: updateIncreasingly -1 -> 2
2019-07-30 11:30:23,675 INFO  impl.RaftServerImpl (ServerState.java:close(394)) - 6cd5b97e-02c1-41da-9bc6-6b0fb74e21b7:group-1EDE4706F451 closes. The last applied log index is 2
2019-07-30 11:30:23,676 INFO  segmented.SegmentedRaftLogWorker (SegmentedRaftLogWorker.java:run(313)) - 6cd5b97e-02c1-41da-9bc6-6b0fb74e21b7-SegmentedRaftLogWorker:Storage Directory /workdir/hadoop-ozone/integration-test/target/test-dir/MiniOzoneClusterImpl-7145d309-4503-4780-8e11-be9f9b790a3e/datanode-6/data/ratis/3a797231-d8ae-46cb-ac11-1ede4706f451 was interrupted, exiting. There are 0 tasks remaining in the queue.
2019-07-30 11:30:23,678 INFO  segmented.SegmentedRaftLogWorker (SegmentedRaftLogWorker.java:close(228)) - 6cd5b97e-02c1-41da-9bc6-6b0fb74e21b7-SegmentedRaftLogWorker:Storage Directory /workdir/hadoop-ozone/integration-test/target/test-dir/MiniOzoneClusterImpl-7145d309-4503-4780-8e11-be9f9b790a3e/datanode-6/data/ratis/3a797231-d8ae-46cb-ac11-1ede4706f451 close()
2019-07-30 11:30:23,683 INFO  server.GrpcService (GrpcService.java:closeImpl(155)) - 6cd5b97e-02c1-41da-9bc6-6b0fb74e21b7: shutdown server with port 35472 now
2019-07-30 11:30:23,686 INFO  server.GrpcService (GrpcService.java:closeImpl(163)) - 6cd5b97e-02c1-41da-9bc6-6b0fb74e21b7: shutdown server with port 35472 successfully
2019-07-30 11:30:23,690 INFO  utils.BackgroundService (BackgroundService.java:shutdown(148)) - Shutting down service BlockDeletingService
2019-07-30 11:30:23,695 WARN  fs.CachingGetSpaceUsed (CachingGetSpaceUsed.java:run(183)) - Thread Interrupted waiting to refresh disk information: sleep interrupted
2019-07-30 11:30:23,726 INFO  statemachine.DatanodeStateMachine (DatanodeStateMachine.java:stopDaemon(395)) - Ozone container server stopped.
2019-07-30 11:30:23,731 INFO  handler.ContextHandler (ContextHandler.java:doStop(910)) - Stopped o.e.j.w.WebAppContext@1abcd059{/,null,UNAVAILABLE}{/hddsDatanode}
2019-07-30 11:30:23,740 INFO  server.AbstractConnector (AbstractConnector.java:doStop(318)) - Stopped ServerConnector@61a87366{HTTP/1.1,[http/1.1]}{0.0.0.0:0}
2019-07-30 11:30:23,740 INFO  handler.ContextHandler (ContextHandler.java:doStop(910)) - Stopped o.e.j.s.ServletContextHandler@2c60ce47{/static,jar:file:/home/user/.m2/repository/org/apache/hadoop/hadoop-hdds-container-service/0.4.1-SNAPSHOT/hadoop-hdds-container-service-0.4.1-SNAPSHOT.jar!/webapps/static,UNAVAILABLE}
2019-07-30 11:30:23,741 INFO  handler.ContextHandler (ContextHandler.java:doStop(910)) - Stopped o.e.j.s.ServletContextHandler@677349fb{/logs,file:///workdir/hadoop-ozone/integration-test/target/log,UNAVAILABLE}
2019-07-30 11:30:25,792 INFO  client.GrpcClientProtocolClient (GrpcClientProtocolClient.java:onNext(255)) - client-5175D62F52F1->4cecc661-5626-4c4b-b7ec-c6cc38efe2ca: receive RaftClientReply:client-5175D62F52F1->4cecc661-5626-4c4b-b7ec-c6cc38efe2ca@group-1EDE4706F451, cid=14, FAILED org.apache.ratis.protocol.NotLeaderException: Server 4cecc661-5626-4c4b-b7ec-c6cc38efe2ca is not the leader (6cd5b97e-02c1-41da-9bc6-6b0fb74e21b7:192.168.5.149:35472). Request must be sent to leader., logIndex=0, commits[4cecc661-5626-4c4b-b7ec-c6cc38efe2ca:c2, d86f328e-cb6c-4778-8aa1-27ad55bca2a7:c2, 6cd5b97e-02c1-41da-9bc6-6b0fb74e21b7:c2]
2019-07-30 11:30:26,826 INFO  client.GrpcClientProtocolClient (GrpcClientProtocolClient.java:onNext(255)) - client-5175D62F52F1->d86f328e-cb6c-4778-8aa1-27ad55bca2a7: receive RaftClientReply:client-5175D62F52F1->d86f328e-cb6c-4778-8aa1-27ad55bca2a7@group-1EDE4706F451, cid=14, FAILED org.apache.ratis.protocol.NotLeaderException: Server d86f328e-cb6c-4778-8aa1-27ad55bca2a7 is not the leader (6cd5b97e-02c1-41da-9bc6-6b0fb74e21b7:192.168.5.149:35472). Request must be sent to leader., logIndex=0, commits[d86f328e-cb6c-4778-8aa1-27ad55bca2a7:c2, 6cd5b97e-02c1-41da-9bc6-6b0fb74e21b7:c2, 4cecc661-5626-4c4b-b7ec-c6cc38efe2ca:c2]
2019-07-30 11:30:27,860 INFO  client.GrpcClientProtocolClient (GrpcClientProtocolClient.java:onNext(255)) - client-5175D62F52F1->4cecc661-5626-4c4b-b7ec-c6cc38efe2ca: receive RaftClientReply:client-5175D62F52F1->4cecc661-5626-4c4b-b7ec-c6cc38efe2ca@group-1EDE4706F451, cid=14, FAILED org.apache.ratis.protocol.NotLeaderException: Server 4cecc661-5626-4c4b-b7ec-c6cc38efe2ca is not the leader (6cd5b97e-02c1-41da-9bc6-6b0fb74e21b7:192.168.5.149:35472). Request must be sent to leader., logIndex=0, commits[4cecc661-5626-4c4b-b7ec-c6cc38efe2ca:c2, d86f328e-cb6c-4778-8aa1-27ad55bca2a7:c2, 6cd5b97e-02c1-41da-9bc6-6b0fb74e21b7:c2]
2019-07-30 11:30:28,895 INFO  client.GrpcClientProtocolClient (GrpcClientProtocolClient.java:onNext(255)) - client-5175D62F52F1->d86f328e-cb6c-4778-8aa1-27ad55bca2a7: receive RaftClientReply:client-5175D62F52F1->d86f328e-cb6c-4778-8aa1-27ad55bca2a7@group-1EDE4706F451, cid=14, FAILED org.apache.ratis.protocol.NotLeaderException: Server d86f328e-cb6c-4778-8aa1-27ad55bca2a7 is not the leader (6cd5b97e-02c1-41da-9bc6-6b0fb74e21b7:192.168.5.149:35472). Request must be sent to leader., logIndex=0, commits[d86f328e-cb6c-4778-8aa1-27ad55bca2a7:c2, 6cd5b97e-02c1-41da-9bc6-6b0fb74e21b7:c2, 4cecc661-5626-4c4b-b7ec-c6cc38efe2ca:c2]
2019-07-30 11:30:29,933 INFO  client.GrpcClientProtocolClient (GrpcClientProtocolClient.java:onNext(255)) - client-5175D62F52F1->4cecc661-5626-4c4b-b7ec-c6cc38efe2ca: receive RaftClientReply:client-5175D62F52F1->4cecc661-5626-4c4b-b7ec-c6cc38efe2ca@group-1EDE4706F451, cid=14, FAILED org.apache.ratis.protocol.NotLeaderException: Server 4cecc661-5626-4c4b-b7ec-c6cc38efe2ca is not the leader (6cd5b97e-02c1-41da-9bc6-6b0fb74e21b7:192.168.5.149:35472). Request must be sent to leader., logIndex=0, commits[4cecc661-5626-4c4b-b7ec-c6cc38efe2ca:c2, d86f328e-cb6c-4778-8aa1-27ad55bca2a7:c2, 6cd5b97e-02c1-41da-9bc6-6b0fb74e21b7:c2]
2019-07-30 11:30:30,969 INFO  client.GrpcClientProtocolClient (GrpcClientProtocolClient.java:onNext(255)) - client-5175D62F52F1->4cecc661-5626-4c4b-b7ec-c6cc38efe2ca: receive RaftClientReply:client-5175D62F52F1->4cecc661-5626-4c4b-b7ec-c6cc38efe2ca@group-1EDE4706F451, cid=14, FAILED org.apache.ratis.protocol.NotLeaderException: Server 4cecc661-5626-4c4b-b7ec-c6cc38efe2ca is not the leader (6cd5b97e-02c1-41da-9bc6-6b0fb74e21b7:192.168.5.149:35472). Request must be sent to leader., logIndex=0, commits[4cecc661-5626-4c4b-b7ec-c6cc38efe2ca:c2, d86f328e-cb6c-4778-8aa1-27ad55bca2a7:c2, 6cd5b97e-02c1-41da-9bc6-6b0fb74e21b7:c2]
2019-07-30 11:30:32,020 INFO  client.GrpcClientProtocolClient (GrpcClientProtocolClient.java:onNext(255)) - client-5175D62F52F1->4cecc661-5626-4c4b-b7ec-c6cc38efe2ca: receive RaftClientReply:client-5175D62F52F1->4cecc661-5626-4c4b-b7ec-c6cc38efe2ca@group-1EDE4706F451, cid=14, FAILED org.apache.ratis.protocol.NotLeaderException: Server 4cecc661-5626-4c4b-b7ec-c6cc38efe2ca is not the leader (6cd5b97e-02c1-41da-9bc6-6b0fb74e21b7:192.168.5.149:35472). Request must be sent to leader., logIndex=0, commits[4cecc661-5626-4c4b-b7ec-c6cc38efe2ca:c2, d86f328e-cb6c-4778-8aa1-27ad55bca2a7:c2, 6cd5b97e-02c1-41da-9bc6-6b0fb74e21b7:c2]
2019-07-30 11:30:33,063 INFO  client.GrpcClientProtocolClient (GrpcClientProtocolClient.java:onNext(255)) - client-5175D62F52F1->4cecc661-5626-4c4b-b7ec-c6cc38efe2ca: receive RaftClientReply:client-5175D62F52F1->4cecc661-5626-4c4b-b7ec-c6cc38efe2ca@group-1EDE4706F451, cid=14, FAILED org.apache.ratis.protocol.NotLeaderException: Server 4cecc661-5626-4c4b-b7ec-c6cc38efe2ca is not the leader (6cd5b97e-02c1-41da-9bc6-6b0fb74e21b7:192.168.5.149:35472). Request must be sent to leader., logIndex=0, commits[4cecc661-5626-4c4b-b7ec-c6cc38efe2ca:c2, d86f328e-cb6c-4778-8aa1-27ad55bca2a7:c2, 6cd5b97e-02c1-41da-9bc6-6b0fb74e21b7:c2]
2019-07-30 11:30:33,218 INFO  impl.FollowerState (FollowerState.java:run(106)) - 4cecc661-5626-4c4b-b7ec-c6cc38efe2ca:group-1EDE4706F451 changes to CANDIDATE, lastRpcTime:9845, electionTimeout:5109ms
2019-07-30 11:30:33,218 INFO  impl.RoleInfo (RoleInfo.java:shutdownFollowerState(121)) - 4cecc661-5626-4c4b-b7ec-c6cc38efe2ca: shutdown FollowerState
2019-07-30 11:30:33,218 INFO  impl.RaftServerImpl (RaftServerImpl.java:setRole(171)) - 4cecc661-5626-4c4b-b7ec-c6cc38efe2ca:group-1EDE4706F451 changes role from FOLLOWER to CANDIDATE at term 1 for changeToCandidate
2019-07-30 11:30:33,219 INFO  impl.RoleInfo (RoleInfo.java:updateAndGet(143)) - 4cecc661-5626-4c4b-b7ec-c6cc38efe2ca: start LeaderElection
2019-07-30 11:30:33,224 INFO  impl.RaftServerImpl (ServerState.java:setLeader(263)) - 4cecc661-5626-4c4b-b7ec-c6cc38efe2ca:group-1EDE4706F451 change Leader from 6cd5b97e-02c1-41da-9bc6-6b0fb74e21b7 to null at term 1 for initElection
2019-07-30 11:30:33,242 INFO  impl.FollowerState (FollowerState.java:run(106)) - d86f328e-cb6c-4778-8aa1-27ad55bca2a7:group-1EDE4706F451 changes to CANDIDATE, lastRpcTime:9869, electionTimeout:5184ms
2019-07-30 11:30:33,242 INFO  impl.RoleInfo (RoleInfo.java:shutdownFollowerState(121)) - d86f328e-cb6c-4778-8aa1-27ad55bca2a7: shutdown FollowerState
2019-07-30 11:30:33,242 INFO  impl.RaftServerImpl (RaftServerImpl.java:setRole(171)) - d86f328e-cb6c-4778-8aa1-27ad55bca2a7:group-1EDE4706F451 changes role from FOLLOWER to CANDIDATE at term 1 for changeToCandidate
2019-07-30 11:30:33,242 INFO  impl.RoleInfo (RoleInfo.java:updateAndGet(143)) - d86f328e-cb6c-4778-8aa1-27ad55bca2a7: start LeaderElection
2019-07-30 11:30:33,244 INFO  impl.RaftServerImpl (ServerState.java:setLeader(263)) - d86f328e-cb6c-4778-8aa1-27ad55bca2a7:group-1EDE4706F451 change Leader from 6cd5b97e-02c1-41da-9bc6-6b0fb74e21b7 to null at term 1 for initElection
2019-07-30 11:30:33,246 INFO  impl.LeaderElection (LeaderElection.java:askForVotes(181)) - 4cecc661-5626-4c4b-b7ec-c6cc38efe2ca:group-1EDE4706F451:LeaderElection13: begin an election at term 2 for 0: [d86f328e-cb6c-4778-8aa1-27ad55bca2a7:192.168.5.149:43665, 6cd5b97e-02c1-41da-9bc6-6b0fb74e21b7:192.168.5.149:35472, 4cecc661-5626-4c4b-b7ec-c6cc38efe2ca:192.168.5.149:35011], old=null
2019-07-30 11:30:33,248 INFO  impl.LeaderElection (LeaderElection.java:askForVotes(181)) - d86f328e-cb6c-4778-8aa1-27ad55bca2a7:group-1EDE4706F451:LeaderElection14: begin an election at term 2 for 0: [d86f328e-cb6c-4778-8aa1-27ad55bca2a7:192.168.5.149:43665, 6cd5b97e-02c1-41da-9bc6-6b0fb74e21b7:192.168.5.149:35472, 4cecc661-5626-4c4b-b7ec-c6cc38efe2ca:192.168.5.149:35011], old=null
2019-07-30 11:30:33,258 INFO  impl.LeaderElection (LogUtils.java:infoOrTrace(149)) - d86f328e-cb6c-4778-8aa1-27ad55bca2a7:group-1EDE4706F451:LeaderElection14 got exception when requesting votes: {}
java.util.concurrent.ExecutionException: org.apache.ratis.thirdparty.io.grpc.StatusRuntimeException: UNAVAILABLE: io exception
	at java.util.concurrent.FutureTask.report(FutureTask.java:122)
	at java.util.concurrent.FutureTask.get(FutureTask.java:192)
	at org.apache.ratis.server.impl.LeaderElection.waitForResults(LeaderElection.java:262)
	at org.apache.ratis.server.impl.LeaderElection.askForVotes(LeaderElection.java:200)
	at org.apache.ratis.server.impl.LeaderElection.run(LeaderElection.java:130)
	at java.lang.Thread.run(Thread.java:748)
Caused by: org.apache.ratis.thirdparty.io.grpc.StatusRuntimeException: UNAVAILABLE: io exception
	at org.apache.ratis.thirdparty.io.grpc.stub.ClientCalls.toStatusRuntimeException(ClientCalls.java:233)
	at org.apache.ratis.thirdparty.io.grpc.stub.ClientCalls.getUnchecked(ClientCalls.java:214)
	at org.apache.ratis.thirdparty.io.grpc.stub.ClientCalls.blockingUnaryCall(ClientCalls.java:139)
	at org.apache.ratis.proto.grpc.RaftServerProtocolServiceGrpc$RaftServerProtocolServiceBlockingStub.requestVote(RaftServerProtocolServiceGrpc.java:265)
	at org.apache.ratis.grpc.server.GrpcServerProtocolClient.requestVote(GrpcServerProtocolClient.java:83)
	at org.apache.ratis.grpc.server.GrpcService.requestVote(GrpcService.java:195)
	at org.apache.ratis.server.impl.LeaderElection.lambda$submitRequests$1(LeaderElection.java:237)
	at java.util.concurrent.FutureTask.run(FutureTask.java:266)
	at java.util.concurrent.Executors$RunnableAdapter.call(Executors.java:511)
	at java.util.concurrent.FutureTask.run(FutureTask.java:266)
	at java.util.concurrent.ThreadPoolExecutor.runWorker(ThreadPoolExecutor.java:1149)
	at java.util.concurrent.ThreadPoolExecutor$Worker.run(ThreadPoolExecutor.java:624)
	... 1 more
Caused by: org.apache.ratis.thirdparty.io.netty.channel.AbstractChannel$AnnotatedConnectException: Connection refused: /192.168.5.149:35472
	at sun.nio.ch.SocketChannelImpl.checkConnect(Native Method)
	at sun.nio.ch.SocketChannelImpl.finishConnect(SocketChannelImpl.java:717)
	at org.apache.ratis.thirdparty.io.netty.channel.socket.nio.NioSocketChannel.doFinishConnect(NioSocketChannel.java:327)
	at org.apache.ratis.thirdparty.io.netty.channel.nio.AbstractNioChannel$AbstractNioUnsafe.finishConnect(AbstractNioChannel.java:340)
	at org.apache.ratis.thirdparty.io.netty.channel.nio.NioEventLoop.processSelectedKey(NioEventLoop.java:632)
	at org.apache.ratis.thirdparty.io.netty.channel.nio.NioEventLoop.processSelectedKeysOptimized(NioEventLoop.java:579)
	at org.apache.ratis.thirdparty.io.netty.channel.nio.NioEventLoop.processSelectedKeys(NioEventLoop.java:496)
	at org.apache.ratis.thirdparty.io.netty.channel.nio.NioEventLoop.run(NioEventLoop.java:458)
	at org.apache.ratis.thirdparty.io.netty.util.concurrent.SingleThreadEventExecutor$5.run(SingleThreadEventExecutor.java:897)
	at org.apache.ratis.thirdparty.io.netty.util.concurrent.FastThreadLocalRunnable.run(FastThreadLocalRunnable.java:30)
	... 1 more
Caused by: java.net.ConnectException: Connection refused
	... 11 more
2019-07-30 11:30:33,258 INFO  impl.LeaderElection (LogUtils.java:infoOrTrace(149)) - 4cecc661-5626-4c4b-b7ec-c6cc38efe2ca:group-1EDE4706F451:LeaderElection13 got exception when requesting votes: {}
java.util.concurrent.ExecutionException: org.apache.ratis.thirdparty.io.grpc.StatusRuntimeException: UNAVAILABLE: io exception
	at java.util.concurrent.FutureTask.report(FutureTask.java:122)
	at java.util.concurrent.FutureTask.get(FutureTask.java:192)
	at org.apache.ratis.server.impl.LeaderElection.waitForResults(LeaderElection.java:262)
	at org.apache.ratis.server.impl.LeaderElection.askForVotes(LeaderElection.java:200)
	at org.apache.ratis.server.impl.LeaderElection.run(LeaderElection.java:130)
	at java.lang.Thread.run(Thread.java:748)
Caused by: org.apache.ratis.thirdparty.io.grpc.StatusRuntimeException: UNAVAILABLE: io exception
	at org.apache.ratis.thirdparty.io.grpc.stub.ClientCalls.toStatusRuntimeException(ClientCalls.java:233)
	at org.apache.ratis.thirdparty.io.grpc.stub.ClientCalls.getUnchecked(ClientCalls.java:214)
	at org.apache.ratis.thirdparty.io.grpc.stub.ClientCalls.blockingUnaryCall(ClientCalls.java:139)
	at org.apache.ratis.proto.grpc.RaftServerProtocolServiceGrpc$RaftServerProtocolServiceBlockingStub.requestVote(RaftServerProtocolServiceGrpc.java:265)
	at org.apache.ratis.grpc.server.GrpcServerProtocolClient.requestVote(GrpcServerProtocolClient.java:83)
	at org.apache.ratis.grpc.server.GrpcService.requestVote(GrpcService.java:195)
	at org.apache.ratis.server.impl.LeaderElection.lambda$submitRequests$1(LeaderElection.java:237)
	at java.util.concurrent.FutureTask.run(FutureTask.java:266)
	at java.util.concurrent.Executors$RunnableAdapter.call(Executors.java:511)
	at java.util.concurrent.FutureTask.run(FutureTask.java:266)
	at java.util.concurrent.ThreadPoolExecutor.runWorker(ThreadPoolExecutor.java:1149)
	at java.util.concurrent.ThreadPoolExecutor$Worker.run(ThreadPoolExecutor.java:624)
	... 1 more
Caused by: org.apache.ratis.thirdparty.io.netty.channel.AbstractChannel$AnnotatedConnectException: Connection refused: /192.168.5.149:35472
	at sun.nio.ch.SocketChannelImpl.checkConnect(Native Method)
	at sun.nio.ch.SocketChannelImpl.finishConnect(SocketChannelImpl.java:717)
	at org.apache.ratis.thirdparty.io.netty.channel.socket.nio.NioSocketChannel.doFinishConnect(NioSocketChannel.java:327)
	at org.apache.ratis.thirdparty.io.netty.channel.nio.AbstractNioChannel$AbstractNioUnsafe.finishConnect(AbstractNioChannel.java:340)
	at org.apache.ratis.thirdparty.io.netty.channel.nio.NioEventLoop.processSelectedKey(NioEventLoop.java:632)
	at org.apache.ratis.thirdparty.io.netty.channel.nio.NioEventLoop.processSelectedKeysOptimized(NioEventLoop.java:579)
	at org.apache.ratis.thirdparty.io.netty.channel.nio.NioEventLoop.processSelectedKeys(NioEventLoop.java:496)
	at org.apache.ratis.thirdparty.io.netty.channel.nio.NioEventLoop.run(NioEventLoop.java:458)
	at org.apache.ratis.thirdparty.io.netty.util.concurrent.SingleThreadEventExecutor$5.run(SingleThreadEventExecutor.java:897)
	at org.apache.ratis.thirdparty.io.netty.util.concurrent.FastThreadLocalRunnable.run(FastThreadLocalRunnable.java:30)
	... 1 more
Caused by: java.net.ConnectException: Connection refused
	... 11 more
2019-07-30 11:30:33,266 INFO  impl.LeaderElection (LeaderElection.java:logAndReturn(56)) - d86f328e-cb6c-4778-8aa1-27ad55bca2a7:group-1EDE4706F451:LeaderElection14: Election REJECTED; received 1 response(s) [d86f328e-cb6c-4778-8aa1-27ad55bca2a7<-4cecc661-5626-4c4b-b7ec-c6cc38efe2ca#0:FAIL-t2] and 1 exception(s); d86f328e-cb6c-4778-8aa1-27ad55bca2a7:t2, leader=null, voted=d86f328e-cb6c-4778-8aa1-27ad55bca2a7, raftlog=d86f328e-cb6c-4778-8aa1-27ad55bca2a7-SegmentedRaftLog:OPENED:c2,f2,i2, conf=0: [d86f328e-cb6c-4778-8aa1-27ad55bca2a7:192.168.5.149:43665, 6cd5b97e-02c1-41da-9bc6-6b0fb74e21b7:192.168.5.149:35472, 4cecc661-5626-4c4b-b7ec-c6cc38efe2ca:192.168.5.149:35011], old=null
2019-07-30 11:30:33,269 INFO  impl.LeaderElection (LeaderElection.java:logAndReturn(56)) - 4cecc661-5626-4c4b-b7ec-c6cc38efe2ca:group-1EDE4706F451:LeaderElection13: Election REJECTED; received 1 response(s) [4cecc661-5626-4c4b-b7ec-c6cc38efe2ca<-d86f328e-cb6c-4778-8aa1-27ad55bca2a7#0:FAIL-t2] and 1 exception(s); 4cecc661-5626-4c4b-b7ec-c6cc38efe2ca:t2, leader=null, voted=4cecc661-5626-4c4b-b7ec-c6cc38efe2ca, raftlog=4cecc661-5626-4c4b-b7ec-c6cc38efe2ca-SegmentedRaftLog:OPENED:c2,f2,i2, conf=0: [d86f328e-cb6c-4778-8aa1-27ad55bca2a7:192.168.5.149:43665, 6cd5b97e-02c1-41da-9bc6-6b0fb74e21b7:192.168.5.149:35472, 4cecc661-5626-4c4b-b7ec-c6cc38efe2ca:192.168.5.149:35011], old=null
2019-07-30 11:30:33,269 INFO  impl.LeaderElection (LogUtils.java:infoOrTrace(149)) -   Exception 0: {}
java.util.concurrent.ExecutionException: org.apache.ratis.thirdparty.io.grpc.StatusRuntimeException: UNAVAILABLE: io exception
	at java.util.concurrent.FutureTask.report(FutureTask.java:122)
	at java.util.concurrent.FutureTask.get(FutureTask.java:192)
	at org.apache.ratis.server.impl.LeaderElection.waitForResults(LeaderElection.java:262)
	at org.apache.ratis.server.impl.LeaderElection.askForVotes(LeaderElection.java:200)
	at org.apache.ratis.server.impl.LeaderElection.run(LeaderElection.java:130)
	at java.lang.Thread.run(Thread.java:748)
Caused by: org.apache.ratis.thirdparty.io.grpc.StatusRuntimeException: UNAVAILABLE: io exception
	at org.apache.ratis.thirdparty.io.grpc.stub.ClientCalls.toStatusRuntimeException(ClientCalls.java:233)
	at org.apache.ratis.thirdparty.io.grpc.stub.ClientCalls.getUnchecked(ClientCalls.java:214)
	at org.apache.ratis.thirdparty.io.grpc.stub.ClientCalls.blockingUnaryCall(ClientCalls.java:139)
	at org.apache.ratis.proto.grpc.RaftServerProtocolServiceGrpc$RaftServerProtocolServiceBlockingStub.requestVote(RaftServerProtocolServiceGrpc.java:265)
	at org.apache.ratis.grpc.server.GrpcServerProtocolClient.requestVote(GrpcServerProtocolClient.java:83)
	at org.apache.ratis.grpc.server.GrpcService.requestVote(GrpcService.java:195)
	at org.apache.ratis.server.impl.LeaderElection.lambda$submitRequests$1(LeaderElection.java:237)
	at java.util.concurrent.FutureTask.run(FutureTask.java:266)
	at java.util.concurrent.Executors$RunnableAdapter.call(Executors.java:511)
	at java.util.concurrent.FutureTask.run(FutureTask.java:266)
	at java.util.concurrent.ThreadPoolExecutor.runWorker(ThreadPoolExecutor.java:1149)
	at java.util.concurrent.ThreadPoolExecutor$Worker.run(ThreadPoolExecutor.java:624)
	... 1 more
Caused by: org.apache.ratis.thirdparty.io.netty.channel.AbstractChannel$AnnotatedConnectException: Connection refused: /192.168.5.149:35472
	at sun.nio.ch.SocketChannelImpl.checkConnect(Native Method)
	at sun.nio.ch.SocketChannelImpl.finishConnect(SocketChannelImpl.java:717)
	at org.apache.ratis.thirdparty.io.netty.channel.socket.nio.NioSocketChannel.doFinishConnect(NioSocketChannel.java:327)
	at org.apache.ratis.thirdparty.io.netty.channel.nio.AbstractNioChannel$AbstractNioUnsafe.finishConnect(AbstractNioChannel.java:340)
	at org.apache.ratis.thirdparty.io.netty.channel.nio.NioEventLoop.processSelectedKey(NioEventLoop.java:632)
	at org.apache.ratis.thirdparty.io.netty.channel.nio.NioEventLoop.processSelectedKeysOptimized(NioEventLoop.java:579)
	at org.apache.ratis.thirdparty.io.netty.channel.nio.NioEventLoop.processSelectedKeys(NioEventLoop.java:496)
	at org.apache.ratis.thirdparty.io.netty.channel.nio.NioEventLoop.run(NioEventLoop.java:458)
	at org.apache.ratis.thirdparty.io.netty.util.concurrent.SingleThreadEventExecutor$5.run(SingleThreadEventExecutor.java:897)
	at org.apache.ratis.thirdparty.io.netty.util.concurrent.FastThreadLocalRunnable.run(FastThreadLocalRunnable.java:30)
	... 1 more
Caused by: java.net.ConnectException: Connection refused
	... 11 more
2019-07-30 11:30:33,269 INFO  impl.LeaderElection (LogUtils.java:infoOrTrace(149)) -   Exception 0: {}
java.util.concurrent.ExecutionException: org.apache.ratis.thirdparty.io.grpc.StatusRuntimeException: UNAVAILABLE: io exception
	at java.util.concurrent.FutureTask.report(FutureTask.java:122)
	at java.util.concurrent.FutureTask.get(FutureTask.java:192)
	at org.apache.ratis.server.impl.LeaderElection.waitForResults(LeaderElection.java:262)
	at org.apache.ratis.server.impl.LeaderElection.askForVotes(LeaderElection.java:200)
	at org.apache.ratis.server.impl.LeaderElection.run(LeaderElection.java:130)
	at java.lang.Thread.run(Thread.java:748)
Caused by: org.apache.ratis.thirdparty.io.grpc.StatusRuntimeException: UNAVAILABLE: io exception
	at org.apache.ratis.thirdparty.io.grpc.stub.ClientCalls.toStatusRuntimeException(ClientCalls.java:233)
	at org.apache.ratis.thirdparty.io.grpc.stub.ClientCalls.getUnchecked(ClientCalls.java:214)
	at org.apache.ratis.thirdparty.io.grpc.stub.ClientCalls.blockingUnaryCall(ClientCalls.java:139)
	at org.apache.ratis.proto.grpc.RaftServerProtocolServiceGrpc$RaftServerProtocolServiceBlockingStub.requestVote(RaftServerProtocolServiceGrpc.java:265)
	at org.apache.ratis.grpc.server.GrpcServerProtocolClient.requestVote(GrpcServerProtocolClient.java:83)
	at org.apache.ratis.grpc.server.GrpcService.requestVote(GrpcService.java:195)
	at org.apache.ratis.server.impl.LeaderElection.lambda$submitRequests$1(LeaderElection.java:237)
	at java.util.concurrent.FutureTask.run(FutureTask.java:266)
	at java.util.concurrent.Executors$RunnableAdapter.call(Executors.java:511)
	at java.util.concurrent.FutureTask.run(FutureTask.java:266)
	at java.util.concurrent.ThreadPoolExecutor.runWorker(ThreadPoolExecutor.java:1149)
	at java.util.concurrent.ThreadPoolExecutor$Worker.run(ThreadPoolExecutor.java:624)
	... 1 more
Caused by: org.apache.ratis.thirdparty.io.netty.channel.AbstractChannel$AnnotatedConnectException: Connection refused: /192.168.5.149:35472
	at sun.nio.ch.SocketChannelImpl.checkConnect(Native Method)
	at sun.nio.ch.SocketChannelImpl.finishConnect(SocketChannelImpl.java:717)
	at org.apache.ratis.thirdparty.io.netty.channel.socket.nio.NioSocketChannel.doFinishConnect(NioSocketChannel.java:327)
	at org.apache.ratis.thirdparty.io.netty.channel.nio.AbstractNioChannel$AbstractNioUnsafe.finishConnect(AbstractNioChannel.java:340)
	at org.apache.ratis.thirdparty.io.netty.channel.nio.NioEventLoop.processSelectedKey(NioEventLoop.java:632)
	at org.apache.ratis.thirdparty.io.netty.channel.nio.NioEventLoop.processSelectedKeysOptimized(NioEventLoop.java:579)
	at org.apache.ratis.thirdparty.io.netty.channel.nio.NioEventLoop.processSelectedKeys(NioEventLoop.java:496)
	at org.apache.ratis.thirdparty.io.netty.channel.nio.NioEventLoop.run(NioEventLoop.java:458)
	at org.apache.ratis.thirdparty.io.netty.util.concurrent.SingleThreadEventExecutor$5.run(SingleThreadEventExecutor.java:897)
	at org.apache.ratis.thirdparty.io.netty.util.concurrent.FastThreadLocalRunnable.run(FastThreadLocalRunnable.java:30)
	... 1 more
Caused by: java.net.ConnectException: Connection refused
	... 11 more
2019-07-30 11:30:33,270 INFO  impl.RaftServerImpl (RaftServerImpl.java:setRole(171)) - d86f328e-cb6c-4778-8aa1-27ad55bca2a7:group-1EDE4706F451 changes role from CANDIDATE to FOLLOWER at term 2 for DISCOVERED_A_NEW_TERM
2019-07-30 11:30:33,272 INFO  impl.RaftServerImpl (RaftServerImpl.java:setRole(171)) - 4cecc661-5626-4c4b-b7ec-c6cc38efe2ca:group-1EDE4706F451 changes role from CANDIDATE to FOLLOWER at term 2 for DISCOVERED_A_NEW_TERM
2019-07-30 11:30:33,274 INFO  impl.RoleInfo (RoleInfo.java:shutdownLeaderElection(134)) - d86f328e-cb6c-4778-8aa1-27ad55bca2a7: shutdown LeaderElection
2019-07-30 11:30:33,274 INFO  impl.RoleInfo (RoleInfo.java:shutdownLeaderElection(134)) - 4cecc661-5626-4c4b-b7ec-c6cc38efe2ca: shutdown LeaderElection
2019-07-30 11:30:33,274 INFO  impl.RoleInfo (RoleInfo.java:updateAndGet(143)) - d86f328e-cb6c-4778-8aa1-27ad55bca2a7: start FollowerState
2019-07-30 11:30:33,275 INFO  impl.RoleInfo (RoleInfo.java:updateAndGet(143)) - 4cecc661-5626-4c4b-b7ec-c6cc38efe2ca: start FollowerState
2019-07-30 11:30:34,102 INFO  client.GrpcClientProtocolClient (GrpcClientProtocolClient.java:onNext(255)) - client-5175D62F52F1->d86f328e-cb6c-4778-8aa1-27ad55bca2a7: receive RaftClientReply:client-5175D62F52F1->d86f328e-cb6c-4778-8aa1-27ad55bca2a7@group-1EDE4706F451, cid=14, FAILED org.apache.ratis.protocol.NotLeaderException: Server d86f328e-cb6c-4778-8aa1-27ad55bca2a7 is not the leader (null). Request must be sent to leader., logIndex=0, commits[d86f328e-cb6c-4778-8aa1-27ad55bca2a7:c2, 6cd5b97e-02c1-41da-9bc6-6b0fb74e21b7:c2, 4cecc661-5626-4c4b-b7ec-c6cc38efe2ca:c2]
2019-07-30 11:30:35,124 INFO  client.GrpcClientProtocolClient (GrpcClientProtocolClient.java:onNext(255)) - client-5175D62F52F1->4cecc661-5626-4c4b-b7ec-c6cc38efe2ca: receive RaftClientReply:client-5175D62F52F1->4cecc661-5626-4c4b-b7ec-c6cc38efe2ca@group-1EDE4706F451, cid=14, FAILED org.apache.ratis.protocol.NotLeaderException: Server 4cecc661-5626-4c4b-b7ec-c6cc38efe2ca is not the leader (null). Request must be sent to leader., logIndex=0, commits[4cecc661-5626-4c4b-b7ec-c6cc38efe2ca:c2, d86f328e-cb6c-4778-8aa1-27ad55bca2a7:c2, 6cd5b97e-02c1-41da-9bc6-6b0fb74e21b7:c2]
]]></system-out>
    <system-err><![CDATA[ERROR StatusLogger No Log4j 2 configuration file found. Using default configuration (logging only errors to the console), or user programmatically provided configurations. Set system property 'log4j2.debug' to show Log4j 2 internal initialization logging. See https://logging.apache.org/log4j/2.x/manual/configuration.html for instructions on how to configure Log4j 2
Jul 30, 2019 11:30:06 AM com.sun.jersey.server.impl.application.WebApplicationImpl _initiate
INFO: Initiating Jersey application, version 'Jersey: 1.19 02/11/2015 03:25 AM'
Jul 30, 2019 11:30:07 AM com.sun.jersey.server.impl.application.WebApplicationImpl _initiate
INFO: Initiating Jersey application, version 'Jersey: 1.19 02/11/2015 03:25 AM'
Jul 30, 2019 11:30:07 AM com.sun.jersey.server.impl.application.WebApplicationImpl _initiate
INFO: Initiating Jersey application, version 'Jersey: 1.19 02/11/2015 03:25 AM'
Jul 30, 2019 11:30:07 AM com.sun.jersey.server.impl.application.WebApplicationImpl _initiate
INFO: Initiating Jersey application, version 'Jersey: 1.19 02/11/2015 03:25 AM'
Jul 30, 2019 11:30:07 AM com.sun.jersey.server.impl.application.WebApplicationImpl _initiate
INFO: Initiating Jersey application, version 'Jersey: 1.19 02/11/2015 03:25 AM'
Jul 30, 2019 11:30:08 AM com.sun.jersey.server.impl.application.WebApplicationImpl _initiate
INFO: Initiating Jersey application, version 'Jersey: 1.19 02/11/2015 03:25 AM'
Jul 30, 2019 11:30:08 AM com.sun.jersey.server.impl.application.WebApplicationImpl _initiate
INFO: Initiating Jersey application, version 'Jersey: 1.19 02/11/2015 03:25 AM'
]]></system-err>
  </testcase>
</testsuite>