<?xml version="1.0" encoding="UTF-8"?>
<testsuite xmlns:xsi="http://www.w3.org/2001/XMLSchema-instance" xsi:noNamespaceSchemaLocation="https://maven.apache.org/surefire/maven-surefire-plugin/xsd/surefire-test-report.xsd" name="org.apache.hadoop.ozone.client.rpc.TestOzoneClientRetriesOnException" time="374.869" tests="2" errors="1" skipped="0" failures="0">
  <properties>
    <property name="awt.toolkit" value="sun.awt.X11.XToolkit"/>
    <property name="file.encoding.pkg" value="sun.io"/>
    <property name="java.specification.version" value="1.8"/>
    <property name="sun.cpu.isalist" value=""/>
    <property name="sun.jnu.encoding" value="UTF-8"/>
    <property name="java.class.path" value="/workdir/hadoop-ozone/integration-test/target/test-classes:/workdir/hadoop-ozone/integration-test/target/classes:/home/user/.m2/repository/org/apache/hadoop/hadoop-ozone-common/0.5.0-SNAPSHOT/hadoop-ozone-common-0.5.0-SNAPSHOT.jar:/home/user/.m2/repository/org/apache/commons/commons-compress/1.4.1/commons-compress-1.4.1.jar:/home/user/.m2/repository/org/tukaani/xz/1.0/xz-1.0.jar:/home/user/.m2/repository/org/apache/hadoop/hadoop-common/3.2.0/hadoop-common-3.2.0.jar:/home/user/.m2/repository/org/apache/hadoop/hadoop-hdfs/3.2.0/hadoop-hdfs-3.2.0.jar:/home/user/.m2/repository/org/apache/hadoop/hadoop-hdfs-client/3.2.0/hadoop-hdfs-client-3.2.0.jar:/home/user/.m2/repository/com/fasterxml/jackson/core/jackson-annotations/2.9.5/jackson-annotations-2.9.5.jar:/home/user/.m2/repository/org/apache/hadoop/hadoop-hdds-common/0.5.0-SNAPSHOT/hadoop-hdds-common-0.5.0-SNAPSHOT.jar:/home/user/.m2/repository/javax/annotation/javax.annotation-api/1.2/javax.annotation-api-1.2.jar:/home/user/.m2/repository/org/apache/ratis/ratis-server/0.4.0-2337318-SNAPSHOT/ratis-server-0.4.0-2337318-SNAPSHOT.jar:/home/user/.m2/repository/org/apache/ratis/ratis-thirdparty-misc/0.2.0/ratis-thirdparty-misc-0.2.0.jar:/home/user/.m2/repository/org/apache/ratis/ratis-proto/0.4.0-2337318-SNAPSHOT/ratis-proto-0.4.0-2337318-SNAPSHOT.jar:/home/user/.m2/repository/org/apache/ratis/ratis-common/0.4.0-2337318-SNAPSHOT/ratis-common-0.4.0-2337318-SNAPSHOT.jar:/home/user/.m2/repository/org/apache/ratis/ratis-client/0.4.0-2337318-SNAPSHOT/ratis-client-0.4.0-2337318-SNAPSHOT.jar:/home/user/.m2/repository/org/apache/ratis/ratis-metrics/0.4.0-2337318-SNAPSHOT/ratis-metrics-0.4.0-2337318-SNAPSHOT.jar:/home/user/.m2/repository/org/apache/ratis/ratis-netty/0.4.0-2337318-SNAPSHOT/ratis-netty-0.4.0-2337318-SNAPSHOT.jar:/home/user/.m2/repository/org/apache/ratis/ratis-grpc/0.4.0-2337318-SNAPSHOT/ratis-grpc-0.4.0-2337318-SNAPSHOT.jar:/home/user/.m2/repository/org/rocksdb/rocksdbjni/6.0.1/rocksdbjni-6.0.1.jar:/home/user/.m2/repository/org/apache/logging/log4j/log4j-api/2.11.0/log4j-api-2.11.0.jar:/home/user/.m2/repository/org/apache/logging/log4j/log4j-core/2.11.0/log4j-core-2.11.0.jar:/home/user/.m2/repository/com/lmax/disruptor/3.4.2/disruptor-3.4.2.jar:/home/user/.m2/repository/org/apache/commons/commons-pool2/2.6.0/commons-pool2-2.6.0.jar:/home/user/.m2/repository/org/bouncycastle/bcpkix-jdk15on/1.60/bcpkix-jdk15on-1.60.jar:/home/user/.m2/repository/commons-validator/commons-validator/1.6/commons-validator-1.6.jar:/home/user/.m2/repository/commons-digester/commons-digester/1.8.1/commons-digester-1.8.1.jar:/home/user/.m2/repository/io/jaegertracing/jaeger-client/0.33.1/jaeger-client-0.33.1.jar:/home/user/.m2/repository/io/jaegertracing/jaeger-thrift/0.33.1/jaeger-thrift-0.33.1.jar:/home/user/.m2/repository/org/apache/thrift/libthrift/0.11.0/libthrift-0.11.0.jar:/home/user/.m2/repository/com/squareup/okhttp3/okhttp/3.9.0/okhttp-3.9.0.jar:/home/user/.m2/repository/com/squareup/okio/okio/1.13.0/okio-1.13.0.jar:/home/user/.m2/repository/io/jaegertracing/jaeger-core/0.33.1/jaeger-core-0.33.1.jar:/home/user/.m2/repository/io/jaegertracing/jaeger-tracerresolver/0.33.1/jaeger-tracerresolver-0.33.1.jar:/home/user/.m2/repository/io/opentracing/contrib/opentracing-tracerresolver/0.1.5/opentracing-tracerresolver-0.1.5.jar:/home/user/.m2/repository/io/opentracing/opentracing-util/0.31.0/opentracing-util-0.31.0.jar:/home/user/.m2/repository/io/opentracing/opentracing-api/0.31.0/opentracing-api-0.31.0.jar:/home/user/.m2/repository/io/opentracing/opentracing-noop/0.31.0/opentracing-noop-0.31.0.jar:/home/user/.m2/repository/org/apache/hadoop/hadoop-hdds-server-framework/0.5.0-SNAPSHOT/hadoop-hdds-server-framework-0.5.0-SNAPSHOT.jar:/home/user/.m2/repository/org/apache/hadoop/hadoop-hdds-container-service/0.5.0-SNAPSHOT/hadoop-hdds-container-service-0.5.0-SNAPSHOT.jar:/home/user/.m2/repository/org/apache/hadoop/hadoop-hdds-client/0.5.0-SNAPSHOT/hadoop-hdds-client-0.5.0-SNAPSHOT.jar:/home/user/.m2/repository/org/apache/hadoop/hadoop-hdds-tools/0.5.0-SNAPSHOT/hadoop-hdds-tools-0.5.0-SNAPSHOT.jar:/home/user/.m2/repository/org/apache/hadoop/hadoop-hdds-server-scm/0.5.0-SNAPSHOT/hadoop-hdds-server-scm-0.5.0-SNAPSHOT.jar:/home/user/.m2/repository/org/apache/hadoop/hadoop-hdds-docs/0.5.0-SNAPSHOT/hadoop-hdds-docs-0.5.0-SNAPSHOT.jar:/home/user/.m2/repository/io/dropwizard/metrics/metrics-core/3.2.4/metrics-core-3.2.4.jar:/home/user/.m2/repository/org/hamcrest/hamcrest-all/1.3/hamcrest-all-1.3.jar:/home/user/.m2/repository/org/bouncycastle/bcprov-jdk15on/1.60/bcprov-jdk15on-1.60.jar:/home/user/.m2/repository/info/picocli/picocli/3.9.6/picocli-3.9.6.jar:/home/user/.m2/repository/com/google/protobuf/protobuf-java/2.5.0/protobuf-java-2.5.0.jar:/home/user/.m2/repository/com/google/guava/guava/11.0.2/guava-11.0.2.jar:/home/user/.m2/repository/org/apache/hadoop/hadoop-ozone-ozone-manager/0.5.0-SNAPSHOT/hadoop-ozone-ozone-manager-0.5.0-SNAPSHOT.jar:/home/user/.m2/repository/org/apache/hadoop/hadoop-minikdc/3.2.0/hadoop-minikdc-3.2.0.jar:/home/user/.m2/repository/commons-io/commons-io/2.5/commons-io-2.5.jar:/home/user/.m2/repository/org/apache/kerby/kerb-simplekdc/1.0.1/kerb-simplekdc-1.0.1.jar:/home/user/.m2/repository/org/apache/kerby/kerb-client/1.0.1/kerb-client-1.0.1.jar:/home/user/.m2/repository/org/apache/kerby/kerby-config/1.0.1/kerby-config-1.0.1.jar:/home/user/.m2/repository/org/apache/kerby/kerb-core/1.0.1/kerb-core-1.0.1.jar:/home/user/.m2/repository/org/apache/kerby/kerby-pkix/1.0.1/kerby-pkix-1.0.1.jar:/home/user/.m2/repository/org/apache/kerby/kerby-asn1/1.0.1/kerby-asn1-1.0.1.jar:/home/user/.m2/repository/org/apache/kerby/kerby-util/1.0.1/kerby-util-1.0.1.jar:/home/user/.m2/repository/org/apache/kerby/kerb-common/1.0.1/kerb-common-1.0.1.jar:/home/user/.m2/repository/org/apache/kerby/kerb-crypto/1.0.1/kerb-crypto-1.0.1.jar:/home/user/.m2/repository/org/apache/kerby/kerb-util/1.0.1/kerb-util-1.0.1.jar:/home/user/.m2/repository/org/apache/kerby/token-provider/1.0.1/token-provider-1.0.1.jar:/home/user/.m2/repository/org/apache/kerby/kerb-admin/1.0.1/kerb-admin-1.0.1.jar:/home/user/.m2/repository/org/apache/kerby/kerb-server/1.0.1/kerb-server-1.0.1.jar:/home/user/.m2/repository/org/apache/kerby/kerb-identity/1.0.1/kerb-identity-1.0.1.jar:/home/user/.m2/repository/org/apache/kerby/kerby-xdr/1.0.1/kerby-xdr-1.0.1.jar:/home/user/.m2/repository/org/slf4j/slf4j-log4j12/1.7.25/slf4j-log4j12-1.7.25.jar:/home/user/.m2/repository/org/apache/hadoop/hadoop-ozone-s3gateway/0.5.0-SNAPSHOT/hadoop-ozone-s3gateway-0.5.0-SNAPSHOT.jar:/home/user/.m2/repository/org/jboss/weld/servlet/weld-servlet/2.4.7.Final/weld-servlet-2.4.7.Final.jar:/home/user/.m2/repository/org/glassfish/jersey/containers/jersey-container-servlet-core/2.27/jersey-container-servlet-core-2.27.jar:/home/user/.m2/repository/org/glassfish/hk2/external/javax.inject/2.5.0-b42/javax.inject-2.5.0-b42.jar:/home/user/.m2/repository/org/glassfish/jersey/core/jersey-common/2.27/jersey-common-2.27.jar:/home/user/.m2/repository/org/glassfish/hk2/osgi-resource-locator/1.0.1/osgi-resource-locator-1.0.1.jar:/home/user/.m2/repository/javax/ws/rs/javax.ws.rs-api/2.1/javax.ws.rs-api-2.1.jar:/home/user/.m2/repository/org/glassfish/jersey/ext/cdi/jersey-cdi1x/2.27/jersey-cdi1x-2.27.jar:/home/user/.m2/repository/org/glassfish/jersey/inject/jersey-hk2/2.27/jersey-hk2-2.27.jar:/home/user/.m2/repository/org/glassfish/hk2/hk2-locator/2.5.0-b42/hk2-locator-2.5.0-b42.jar:/home/user/.m2/repository/org/javassist/javassist/3.22.0-CR2/javassist-3.22.0-CR2.jar:/home/user/.m2/repository/org/glassfish/hk2/hk2-api/2.5.0/hk2-api-2.5.0.jar:/home/user/.m2/repository/org/glassfish/hk2/external/jakarta.inject/2.5.0/jakarta.inject-2.5.0.jar:/home/user/.m2/repository/org/glassfish/hk2/hk2-utils/2.5.0/hk2-utils-2.5.0.jar:/home/user/.m2/repository/jakarta/annotation/jakarta.annotation-api/1.3.4/jakarta.annotation-api-1.3.4.jar:/home/user/.m2/repository/org/glassfish/hk2/external/aopalliance-repackaged/2.5.0/aopalliance-repackaged-2.5.0.jar:/home/user/.m2/repository/com/fasterxml/jackson/dataformat/jackson-dataformat-xml/2.9.0/jackson-dataformat-xml-2.9.0.jar:/home/user/.m2/repository/com/fasterxml/jackson/core/jackson-core/2.9.5/jackson-core-2.9.5.jar:/home/user/.m2/repository/com/fasterxml/jackson/module/jackson-module-jaxb-annotations/2.9.5/jackson-module-jaxb-annotations-2.9.5.jar:/home/user/.m2/repository/javax/enterprise/cdi-api/1.2/cdi-api-1.2.jar:/home/user/.m2/repository/javax/el/javax.el-api/3.0.0/javax.el-api-3.0.0.jar:/home/user/.m2/repository/javax/interceptor/javax.interceptor-api/1.2/javax.interceptor-api-1.2.jar:/home/user/.m2/repository/javax/inject/javax.inject/1/javax.inject-1.jar:/home/user/.m2/repository/com/sun/xml/bind/jaxb-impl/2.3.0.1/jaxb-impl-2.3.0.1.jar:/home/user/.m2/repository/com/sun/xml/bind/jaxb-core/2.3.0.1/jaxb-core-2.3.0.1.jar:/home/user/.m2/repository/javax/xml/bind/jaxb-api/2.3.0/jaxb-api-2.3.0.jar:/home/user/.m2/repository/javax/activation/activation/1.1.1/activation-1.1.1.jar:/home/user/.m2/repository/org/apache/hadoop/hadoop-ozone-csi/0.5.0-SNAPSHOT/hadoop-ozone-csi-0.5.0-SNAPSHOT.jar:/home/user/.m2/repository/com/google/protobuf/protobuf-java-util/3.5.1/protobuf-java-util-3.5.1.jar:/home/user/.m2/repository/org/apache/hadoop/hadoop-hdds-config/0.5.0-SNAPSHOT/hadoop-hdds-config-0.5.0-SNAPSHOT.jar:/home/user/.m2/repository/io/grpc/grpc-netty/1.17.1/grpc-netty-1.17.1.jar:/home/user/.m2/repository/io/grpc/grpc-core/1.17.1/grpc-core-1.17.1.jar:/home/user/.m2/repository/io/grpc/grpc-context/1.17.1/grpc-context-1.17.1.jar:/home/user/.m2/repository/com/google/errorprone/error_prone_annotations/2.2.0/error_prone_annotations-2.2.0.jar:/home/user/.m2/repository/org/codehaus/mojo/animal-sniffer-annotations/1.17/animal-sniffer-annotations-1.17.jar:/home/user/.m2/repository/io/opencensus/opencensus-api/0.17.0/opencensus-api-0.17.0.jar:/home/user/.m2/repository/io/opencensus/opencensus-contrib-grpc-metrics/0.17.0/opencensus-contrib-grpc-metrics-0.17.0.jar:/home/user/.m2/repository/io/netty/netty-codec-http2/4.1.30.Final/netty-codec-http2-4.1.30.Final.jar:/home/user/.m2/repository/io/netty/netty-codec-http/4.1.30.Final/netty-codec-http-4.1.30.Final.jar:/home/user/.m2/repository/io/netty/netty-codec/4.1.30.Final/netty-codec-4.1.30.Final.jar:/home/user/.m2/repository/io/netty/netty-handler/4.1.30.Final/netty-handler-4.1.30.Final.jar:/home/user/.m2/repository/io/netty/netty-handler-proxy/4.1.30.Final/netty-handler-proxy-4.1.30.Final.jar:/home/user/.m2/repository/io/netty/netty-codec-socks/4.1.30.Final/netty-codec-socks-4.1.30.Final.jar:/home/user/.m2/repository/io/netty/netty-transport-native-epoll/4.1.30.Final/netty-transport-native-epoll-4.1.30.Final.jar:/home/user/.m2/repository/io/netty/netty-common/4.1.30.Final/netty-common-4.1.30.Final.jar:/home/user/.m2/repository/io/netty/netty-buffer/4.1.30.Final/netty-buffer-4.1.30.Final.jar:/home/user/.m2/repository/io/netty/netty-transport/4.1.30.Final/netty-transport-4.1.30.Final.jar:/home/user/.m2/repository/io/netty/netty-resolver/4.1.30.Final/netty-resolver-4.1.30.Final.jar:/home/user/.m2/repository/io/netty/netty-transport-native-unix-common/4.1.30.Final/netty-transport-native-unix-common-4.1.30.Final.jar:/home/user/.m2/repository/io/grpc/grpc-protobuf/1.17.1/grpc-protobuf-1.17.1.jar:/home/user/.m2/repository/com/google/api/grpc/proto-google-common-protos/1.0.0/proto-google-common-protos-1.0.0.jar:/home/user/.m2/repository/io/grpc/grpc-protobuf-lite/1.17.1/grpc-protobuf-lite-1.17.1.jar:/home/user/.m2/repository/io/grpc/grpc-stub/1.17.1/grpc-stub-1.17.1.jar:/home/user/.m2/repository/org/apache/hadoop/hadoop-ozone-recon/0.5.0-SNAPSHOT/hadoop-ozone-recon-0.5.0-SNAPSHOT.jar:/home/user/.m2/repository/org/apache/hadoop/hadoop-ozone-reconcodegen/0.5.0-SNAPSHOT/hadoop-ozone-reconcodegen-0.5.0-SNAPSHOT.jar:/home/user/.m2/repository/com/google/inject/extensions/guice-multibindings/4.0/guice-multibindings-4.0.jar:/home/user/.m2/repository/com/google/inject/guice/4.0/guice-4.0.jar:/home/user/.m2/repository/aopalliance/aopalliance/1.0/aopalliance-1.0.jar:/home/user/.m2/repository/com/google/inject/extensions/guice-servlet/4.0/guice-servlet-4.0.jar:/home/user/.m2/repository/org/glassfish/jersey/containers/jersey-container-servlet/2.27/jersey-container-servlet-2.27.jar:/home/user/.m2/repository/org/glassfish/hk2/guice-bridge/2.5.0/guice-bridge-2.5.0.jar:/home/user/.m2/repository/org/glassfish/jersey/core/jersey-server/2.27/jersey-server-2.27.jar:/home/user/.m2/repository/org/glassfish/jersey/core/jersey-client/2.27/jersey-client-2.27.jar:/home/user/.m2/repository/org/glassfish/jersey/media/jersey-media-jaxb/2.27/jersey-media-jaxb-2.27.jar:/home/user/.m2/repository/javax/validation/validation-api/1.1.0.Final/validation-api-1.1.0.Final.jar:/home/user/.m2/repository/org/glassfish/jersey/media/jersey-media-json-jackson/2.27/jersey-media-json-jackson-2.27.jar:/home/user/.m2/repository/org/glassfish/jersey/ext/jersey-entity-filtering/2.27/jersey-entity-filtering-2.27.jar:/home/user/.m2/repository/com/google/inject/extensions/guice-assistedinject/4.0/guice-assistedinject-4.0.jar:/home/user/.m2/repository/org/jooq/jooq/3.11.10/jooq-3.11.10.jar:/home/user/.m2/repository/org/jooq/jooq-meta/3.11.10/jooq-meta-3.11.10.jar:/home/user/.m2/repository/org/jooq/jooq-codegen/3.11.10/jooq-codegen-3.11.10.jar:/home/user/.m2/repository/com/jolbox/bonecp/0.8.0.RELEASE/bonecp-0.8.0.RELEASE.jar:/home/user/.m2/repository/org/xerial/sqlite-jdbc/3.25.2/sqlite-jdbc-3.25.2.jar:/home/user/.m2/repository/org/springframework/spring-jdbc/5.1.3.RELEASE/spring-jdbc-5.1.3.RELEASE.jar:/home/user/.m2/repository/org/springframework/spring-beans/5.1.3.RELEASE/spring-beans-5.1.3.RELEASE.jar:/home/user/.m2/repository/org/springframework/spring-core/5.1.3.RELEASE/spring-core-5.1.3.RELEASE.jar:/home/user/.m2/repository/org/springframework/spring-jcl/5.1.3.RELEASE/spring-jcl-5.1.3.RELEASE.jar:/home/user/.m2/repository/org/springframework/spring-tx/5.1.3.RELEASE/spring-tx-5.1.3.RELEASE.jar:/home/user/.m2/repository/org/apache/hadoop/hadoop-ozone-client/0.5.0-SNAPSHOT/hadoop-ozone-client-0.5.0-SNAPSHOT.jar:/home/user/.m2/repository/commons-lang/commons-lang/2.6/commons-lang-2.6.jar:/home/user/.m2/repository/org/apache/hadoop/hadoop-ozone-ozone-manager/0.5.0-SNAPSHOT/hadoop-ozone-ozone-manager-0.5.0-SNAPSHOT-tests.jar:/home/user/.m2/repository/junit/junit/4.11/junit-4.11.jar:/home/user/.m2/repository/org/hamcrest/hamcrest-core/1.3/hamcrest-core-1.3.jar:/home/user/.m2/repository/org/openjdk/jmh/jmh-core/1.19/jmh-core-1.19.jar:/home/user/.m2/repository/net/sf/jopt-simple/jopt-simple/4.6/jopt-simple-4.6.jar:/home/user/.m2/repository/org/apache/commons/commons-math3/3.1.1/commons-math3-3.1.1.jar:/home/user/.m2/repository/org/openjdk/jmh/jmh-generator-annprocess/1.19/jmh-generator-annprocess-1.19.jar:/home/user/.m2/repository/org/mockito/mockito-all/1.8.5/mockito-all-1.8.5.jar:/home/user/.m2/repository/org/apache/hadoop/hadoop-kms/3.2.0/hadoop-kms-3.2.0.jar:/home/user/.m2/repository/org/apache/hadoop/hadoop-auth/3.2.0/hadoop-auth-3.2.0.jar:/home/user/.m2/repository/com/nimbusds/nimbus-jose-jwt/4.41.1/nimbus-jose-jwt-4.41.1.jar:/home/user/.m2/repository/com/github/stephenc/jcip/jcip-annotations/1.0-1/jcip-annotations-1.0-1.jar:/home/user/.m2/repository/net/minidev/json-smart/2.3/json-smart-2.3.jar:/home/user/.m2/repository/net/minidev/accessors-smart/1.2/accessors-smart-1.2.jar:/home/user/.m2/repository/org/ow2/asm/asm/5.0.4/asm-5.0.4.jar:/home/user/.m2/repository/org/apache/curator/curator-framework/2.12.0/curator-framework-2.12.0.jar:/home/user/.m2/repository/com/sun/jersey/jersey-core/1.19/jersey-core-1.19.jar:/home/user/.m2/repository/javax/ws/rs/jsr311-api/1.1.1/jsr311-api-1.1.1.jar:/home/user/.m2/repository/com/sun/jersey/jersey-server/1.19/jersey-server-1.19.jar:/home/user/.m2/repository/javax/servlet/javax.servlet-api/3.1.0/javax.servlet-api-3.1.0.jar:/home/user/.m2/repository/org/eclipse/jetty/jetty-server/9.3.24.v20180605/jetty-server-9.3.24.v20180605.jar:/home/user/.m2/repository/org/eclipse/jetty/jetty-http/9.3.24.v20180605/jetty-http-9.3.24.v20180605.jar:/home/user/.m2/repository/org/eclipse/jetty/jetty-io/9.3.24.v20180605/jetty-io-9.3.24.v20180605.jar:/home/user/.m2/repository/org/eclipse/jetty/jetty-webapp/9.3.24.v20180605/jetty-webapp-9.3.24.v20180605.jar:/home/user/.m2/repository/org/eclipse/jetty/jetty-xml/9.3.24.v20180605/jetty-xml-9.3.24.v20180605.jar:/home/user/.m2/repository/log4j/log4j/1.2.17/log4j-1.2.17.jar:/home/user/.m2/repository/org/slf4j/slf4j-api/1.7.25/slf4j-api-1.7.25.jar:/home/user/.m2/repository/org/slf4j/jul-to-slf4j/1.7.25/jul-to-slf4j-1.7.25.jar:/home/user/.m2/repository/org/eclipse/jetty/jetty-util/9.3.24.v20180605/jetty-util-9.3.24.v20180605.jar:/home/user/.m2/repository/com/fasterxml/jackson/core/jackson-databind/2.9.5/jackson-databind-2.9.5.jar:/home/user/.m2/repository/org/apache/hadoop/hadoop-kms/3.2.0/hadoop-kms-3.2.0-tests.jar:/home/user/.m2/repository/org/apache/hadoop/hadoop-hdds-server-scm/0.5.0-SNAPSHOT/hadoop-hdds-server-scm-0.5.0-SNAPSHOT-tests.jar:/home/user/.m2/repository/org/apache/hadoop/hadoop-hdds-container-service/0.5.0-SNAPSHOT/hadoop-hdds-container-service-0.5.0-SNAPSHOT-tests.jar:/home/user/.m2/repository/org/yaml/snakeyaml/1.16/snakeyaml-1.16.jar:/home/user/.m2/repository/org/apache/hadoop/hadoop-common/3.2.0/hadoop-common-3.2.0-tests.jar:/home/user/.m2/repository/org/apache/hadoop/hadoop-annotations/3.2.0/hadoop-annotations-3.2.0.jar:/usr/lib/jvm/java-1.8-openjdk/jre/../lib/tools.jar:/home/user/.m2/repository/commons-cli/commons-cli/1.2/commons-cli-1.2.jar:/home/user/.m2/repository/org/apache/httpcomponents/httpclient/4.5.2/httpclient-4.5.2.jar:/home/user/.m2/repository/org/apache/httpcomponents/httpcore/4.4.4/httpcore-4.4.4.jar:/home/user/.m2/repository/commons-codec/commons-codec/1.11/commons-codec-1.11.jar:/home/user/.m2/repository/commons-net/commons-net/3.6/commons-net-3.6.jar:/home/user/.m2/repository/commons-collections/commons-collections/3.2.2/commons-collections-3.2.2.jar:/home/user/.m2/repository/org/eclipse/jetty/jetty-servlet/9.3.24.v20180605/jetty-servlet-9.3.24.v20180605.jar:/home/user/.m2/repository/org/eclipse/jetty/jetty-security/9.3.24.v20180605/jetty-security-9.3.24.v20180605.jar:/home/user/.m2/repository/javax/servlet/jsp/jsp-api/2.1/jsp-api-2.1.jar:/home/user/.m2/repository/com/sun/jersey/jersey-servlet/1.19/jersey-servlet-1.19.jar:/home/user/.m2/repository/com/sun/jersey/jersey-json/1.19/jersey-json-1.19.jar:/home/user/.m2/repository/org/codehaus/jettison/jettison/1.1/jettison-1.1.jar:/home/user/.m2/repository/org/codehaus/jackson/jackson-core-asl/1.9.13/jackson-core-asl-1.9.13.jar:/home/user/.m2/repository/org/codehaus/jackson/jackson-mapper-asl/1.9.13/jackson-mapper-asl-1.9.13.jar:/home/user/.m2/repository/org/codehaus/jackson/jackson-jaxrs/1.9.13/jackson-jaxrs-1.9.13.jar:/home/user/.m2/repository/org/codehaus/jackson/jackson-xc/1.9.13/jackson-xc-1.9.13.jar:/home/user/.m2/repository/commons-logging/commons-logging/1.1.3/commons-logging-1.1.3.jar:/home/user/.m2/repository/commons-beanutils/commons-beanutils/1.9.3/commons-beanutils-1.9.3.jar:/home/user/.m2/repository/org/apache/commons/commons-configuration2/2.1.1/commons-configuration2-2.1.1.jar:/home/user/.m2/repository/org/apache/commons/commons-lang3/3.7/commons-lang3-3.7.jar:/home/user/.m2/repository/org/apache/commons/commons-text/1.4/commons-text-1.4.jar:/home/user/.m2/repository/org/apache/avro/avro/1.7.7/avro-1.7.7.jar:/home/user/.m2/repository/com/thoughtworks/paranamer/paranamer/2.3/paranamer-2.3.jar:/home/user/.m2/repository/org/xerial/snappy/snappy-java/1.0.5/snappy-java-1.0.5.jar:/home/user/.m2/repository/com/google/re2j/re2j/1.1/re2j-1.1.jar:/home/user/.m2/repository/com/google/code/gson/gson/2.2.4/gson-2.2.4.jar:/home/user/.m2/repository/com/jcraft/jsch/0.1.54/jsch-0.1.54.jar:/home/user/.m2/repository/org/apache/curator/curator-client/2.12.0/curator-client-2.12.0.jar:/home/user/.m2/repository/org/apache/curator/curator-recipes/2.12.0/curator-recipes-2.12.0.jar:/home/user/.m2/repository/com/google/code/findbugs/jsr305/3.0.0/jsr305-3.0.0.jar:/home/user/.m2/repository/org/apache/htrace/htrace-core4/4.1.0-incubating/htrace-core4-4.1.0-incubating.jar:/home/user/.m2/repository/org/apache/zookeeper/zookeeper/3.4.13/zookeeper-3.4.13.jar:/home/user/.m2/repository/org/apache/yetus/audience-annotations/0.5.0/audience-annotations-0.5.0.jar:/home/user/.m2/repository/org/codehaus/woodstox/stax2-api/3.1.4/stax2-api-3.1.4.jar:/home/user/.m2/repository/com/fasterxml/woodstox/woodstox-core/5.0.3/woodstox-core-5.0.3.jar:/home/user/.m2/repository/dnsjava/dnsjava/2.1.7/dnsjava-2.1.7.jar:/home/user/.m2/repository/org/apache/hadoop/hadoop-hdfs/3.2.0/hadoop-hdfs-3.2.0-tests.jar:/home/user/.m2/repository/org/eclipse/jetty/jetty-util-ajax/9.3.24.v20180605/jetty-util-ajax-9.3.24.v20180605.jar:/home/user/.m2/repository/commons-daemon/commons-daemon/1.0.13/commons-daemon-1.0.13.jar:/home/user/.m2/repository/io/netty/netty/3.10.5.Final/netty-3.10.5.Final.jar:/home/user/.m2/repository/io/netty/netty-all/4.0.52.Final/netty-all-4.0.52.Final.jar:/home/user/.m2/repository/org/fusesource/leveldbjni/leveldbjni-all/1.8/leveldbjni-all-1.8.jar:"/>
    <property name="java.vm.vendor" value="IcedTea"/>
    <property name="sun.arch.data.model" value="64"/>
    <property name="test.build.dir" value="/workdir/hadoop-ozone/integration-test/target/test-dir"/>
    <property name="test.cache.data" value=""/>
    <property name="java.vendor.url" value="https://icedtea.classpath.org"/>
    <property name="user.timezone" value=""/>
    <property name="java.vm.specification.version" value="1.8"/>
    <property name="os.name" value="Linux"/>
    <property name="test.build.data" value="/workdir/hadoop-ozone/integration-test/target/test-dir"/>
    <property name="user.country" value="US"/>
    <property name="sun.java.launcher" value="SUN_STANDARD"/>
    <property name="sun.boot.library.path" value="/usr/lib/jvm/java-1.8-openjdk/jre/lib/amd64"/>
    <property name="sun.java.command" value="/workdir/hadoop-ozone/integration-test/target/surefire/surefirebooter6869716117770301053.jar /workdir/hadoop-ozone/integration-test/target/surefire 2019-08-29T08-03-48_931-jvmRun1 surefire2793444519839889960tmp surefire_291209168794739755382tmp"/>
    <property name="test" value="!TestMiniChaosOzoneCluster"/>
    <property name="surefire.test.class.path" value="/workdir/hadoop-ozone/integration-test/target/test-classes:/workdir/hadoop-ozone/integration-test/target/classes:/home/user/.m2/repository/org/apache/hadoop/hadoop-ozone-common/0.5.0-SNAPSHOT/hadoop-ozone-common-0.5.0-SNAPSHOT.jar:/home/user/.m2/repository/org/apache/commons/commons-compress/1.4.1/commons-compress-1.4.1.jar:/home/user/.m2/repository/org/tukaani/xz/1.0/xz-1.0.jar:/home/user/.m2/repository/org/apache/hadoop/hadoop-common/3.2.0/hadoop-common-3.2.0.jar:/home/user/.m2/repository/org/apache/hadoop/hadoop-hdfs/3.2.0/hadoop-hdfs-3.2.0.jar:/home/user/.m2/repository/org/apache/hadoop/hadoop-hdfs-client/3.2.0/hadoop-hdfs-client-3.2.0.jar:/home/user/.m2/repository/com/fasterxml/jackson/core/jackson-annotations/2.9.5/jackson-annotations-2.9.5.jar:/home/user/.m2/repository/org/apache/hadoop/hadoop-hdds-common/0.5.0-SNAPSHOT/hadoop-hdds-common-0.5.0-SNAPSHOT.jar:/home/user/.m2/repository/javax/annotation/javax.annotation-api/1.2/javax.annotation-api-1.2.jar:/home/user/.m2/repository/org/apache/ratis/ratis-server/0.4.0-2337318-SNAPSHOT/ratis-server-0.4.0-2337318-SNAPSHOT.jar:/home/user/.m2/repository/org/apache/ratis/ratis-thirdparty-misc/0.2.0/ratis-thirdparty-misc-0.2.0.jar:/home/user/.m2/repository/org/apache/ratis/ratis-proto/0.4.0-2337318-SNAPSHOT/ratis-proto-0.4.0-2337318-SNAPSHOT.jar:/home/user/.m2/repository/org/apache/ratis/ratis-common/0.4.0-2337318-SNAPSHOT/ratis-common-0.4.0-2337318-SNAPSHOT.jar:/home/user/.m2/repository/org/apache/ratis/ratis-client/0.4.0-2337318-SNAPSHOT/ratis-client-0.4.0-2337318-SNAPSHOT.jar:/home/user/.m2/repository/org/apache/ratis/ratis-metrics/0.4.0-2337318-SNAPSHOT/ratis-metrics-0.4.0-2337318-SNAPSHOT.jar:/home/user/.m2/repository/org/apache/ratis/ratis-netty/0.4.0-2337318-SNAPSHOT/ratis-netty-0.4.0-2337318-SNAPSHOT.jar:/home/user/.m2/repository/org/apache/ratis/ratis-grpc/0.4.0-2337318-SNAPSHOT/ratis-grpc-0.4.0-2337318-SNAPSHOT.jar:/home/user/.m2/repository/org/rocksdb/rocksdbjni/6.0.1/rocksdbjni-6.0.1.jar:/home/user/.m2/repository/org/apache/logging/log4j/log4j-api/2.11.0/log4j-api-2.11.0.jar:/home/user/.m2/repository/org/apache/logging/log4j/log4j-core/2.11.0/log4j-core-2.11.0.jar:/home/user/.m2/repository/com/lmax/disruptor/3.4.2/disruptor-3.4.2.jar:/home/user/.m2/repository/org/apache/commons/commons-pool2/2.6.0/commons-pool2-2.6.0.jar:/home/user/.m2/repository/org/bouncycastle/bcpkix-jdk15on/1.60/bcpkix-jdk15on-1.60.jar:/home/user/.m2/repository/commons-validator/commons-validator/1.6/commons-validator-1.6.jar:/home/user/.m2/repository/commons-digester/commons-digester/1.8.1/commons-digester-1.8.1.jar:/home/user/.m2/repository/io/jaegertracing/jaeger-client/0.33.1/jaeger-client-0.33.1.jar:/home/user/.m2/repository/io/jaegertracing/jaeger-thrift/0.33.1/jaeger-thrift-0.33.1.jar:/home/user/.m2/repository/org/apache/thrift/libthrift/0.11.0/libthrift-0.11.0.jar:/home/user/.m2/repository/com/squareup/okhttp3/okhttp/3.9.0/okhttp-3.9.0.jar:/home/user/.m2/repository/com/squareup/okio/okio/1.13.0/okio-1.13.0.jar:/home/user/.m2/repository/io/jaegertracing/jaeger-core/0.33.1/jaeger-core-0.33.1.jar:/home/user/.m2/repository/io/jaegertracing/jaeger-tracerresolver/0.33.1/jaeger-tracerresolver-0.33.1.jar:/home/user/.m2/repository/io/opentracing/contrib/opentracing-tracerresolver/0.1.5/opentracing-tracerresolver-0.1.5.jar:/home/user/.m2/repository/io/opentracing/opentracing-util/0.31.0/opentracing-util-0.31.0.jar:/home/user/.m2/repository/io/opentracing/opentracing-api/0.31.0/opentracing-api-0.31.0.jar:/home/user/.m2/repository/io/opentracing/opentracing-noop/0.31.0/opentracing-noop-0.31.0.jar:/home/user/.m2/repository/org/apache/hadoop/hadoop-hdds-server-framework/0.5.0-SNAPSHOT/hadoop-hdds-server-framework-0.5.0-SNAPSHOT.jar:/home/user/.m2/repository/org/apache/hadoop/hadoop-hdds-container-service/0.5.0-SNAPSHOT/hadoop-hdds-container-service-0.5.0-SNAPSHOT.jar:/home/user/.m2/repository/org/apache/hadoop/hadoop-hdds-client/0.5.0-SNAPSHOT/hadoop-hdds-client-0.5.0-SNAPSHOT.jar:/home/user/.m2/repository/org/apache/hadoop/hadoop-hdds-tools/0.5.0-SNAPSHOT/hadoop-hdds-tools-0.5.0-SNAPSHOT.jar:/home/user/.m2/repository/org/apache/hadoop/hadoop-hdds-server-scm/0.5.0-SNAPSHOT/hadoop-hdds-server-scm-0.5.0-SNAPSHOT.jar:/home/user/.m2/repository/org/apache/hadoop/hadoop-hdds-docs/0.5.0-SNAPSHOT/hadoop-hdds-docs-0.5.0-SNAPSHOT.jar:/home/user/.m2/repository/io/dropwizard/metrics/metrics-core/3.2.4/metrics-core-3.2.4.jar:/home/user/.m2/repository/org/hamcrest/hamcrest-all/1.3/hamcrest-all-1.3.jar:/home/user/.m2/repository/org/bouncycastle/bcprov-jdk15on/1.60/bcprov-jdk15on-1.60.jar:/home/user/.m2/repository/info/picocli/picocli/3.9.6/picocli-3.9.6.jar:/home/user/.m2/repository/com/google/protobuf/protobuf-java/2.5.0/protobuf-java-2.5.0.jar:/home/user/.m2/repository/com/google/guava/guava/11.0.2/guava-11.0.2.jar:/home/user/.m2/repository/org/apache/hadoop/hadoop-ozone-ozone-manager/0.5.0-SNAPSHOT/hadoop-ozone-ozone-manager-0.5.0-SNAPSHOT.jar:/home/user/.m2/repository/org/apache/hadoop/hadoop-minikdc/3.2.0/hadoop-minikdc-3.2.0.jar:/home/user/.m2/repository/commons-io/commons-io/2.5/commons-io-2.5.jar:/home/user/.m2/repository/org/apache/kerby/kerb-simplekdc/1.0.1/kerb-simplekdc-1.0.1.jar:/home/user/.m2/repository/org/apache/kerby/kerb-client/1.0.1/kerb-client-1.0.1.jar:/home/user/.m2/repository/org/apache/kerby/kerby-config/1.0.1/kerby-config-1.0.1.jar:/home/user/.m2/repository/org/apache/kerby/kerb-core/1.0.1/kerb-core-1.0.1.jar:/home/user/.m2/repository/org/apache/kerby/kerby-pkix/1.0.1/kerby-pkix-1.0.1.jar:/home/user/.m2/repository/org/apache/kerby/kerby-asn1/1.0.1/kerby-asn1-1.0.1.jar:/home/user/.m2/repository/org/apache/kerby/kerby-util/1.0.1/kerby-util-1.0.1.jar:/home/user/.m2/repository/org/apache/kerby/kerb-common/1.0.1/kerb-common-1.0.1.jar:/home/user/.m2/repository/org/apache/kerby/kerb-crypto/1.0.1/kerb-crypto-1.0.1.jar:/home/user/.m2/repository/org/apache/kerby/kerb-util/1.0.1/kerb-util-1.0.1.jar:/home/user/.m2/repository/org/apache/kerby/token-provider/1.0.1/token-provider-1.0.1.jar:/home/user/.m2/repository/org/apache/kerby/kerb-admin/1.0.1/kerb-admin-1.0.1.jar:/home/user/.m2/repository/org/apache/kerby/kerb-server/1.0.1/kerb-server-1.0.1.jar:/home/user/.m2/repository/org/apache/kerby/kerb-identity/1.0.1/kerb-identity-1.0.1.jar:/home/user/.m2/repository/org/apache/kerby/kerby-xdr/1.0.1/kerby-xdr-1.0.1.jar:/home/user/.m2/repository/org/slf4j/slf4j-log4j12/1.7.25/slf4j-log4j12-1.7.25.jar:/home/user/.m2/repository/org/apache/hadoop/hadoop-ozone-s3gateway/0.5.0-SNAPSHOT/hadoop-ozone-s3gateway-0.5.0-SNAPSHOT.jar:/home/user/.m2/repository/org/jboss/weld/servlet/weld-servlet/2.4.7.Final/weld-servlet-2.4.7.Final.jar:/home/user/.m2/repository/org/glassfish/jersey/containers/jersey-container-servlet-core/2.27/jersey-container-servlet-core-2.27.jar:/home/user/.m2/repository/org/glassfish/hk2/external/javax.inject/2.5.0-b42/javax.inject-2.5.0-b42.jar:/home/user/.m2/repository/org/glassfish/jersey/core/jersey-common/2.27/jersey-common-2.27.jar:/home/user/.m2/repository/org/glassfish/hk2/osgi-resource-locator/1.0.1/osgi-resource-locator-1.0.1.jar:/home/user/.m2/repository/javax/ws/rs/javax.ws.rs-api/2.1/javax.ws.rs-api-2.1.jar:/home/user/.m2/repository/org/glassfish/jersey/ext/cdi/jersey-cdi1x/2.27/jersey-cdi1x-2.27.jar:/home/user/.m2/repository/org/glassfish/jersey/inject/jersey-hk2/2.27/jersey-hk2-2.27.jar:/home/user/.m2/repository/org/glassfish/hk2/hk2-locator/2.5.0-b42/hk2-locator-2.5.0-b42.jar:/home/user/.m2/repository/org/javassist/javassist/3.22.0-CR2/javassist-3.22.0-CR2.jar:/home/user/.m2/repository/org/glassfish/hk2/hk2-api/2.5.0/hk2-api-2.5.0.jar:/home/user/.m2/repository/org/glassfish/hk2/external/jakarta.inject/2.5.0/jakarta.inject-2.5.0.jar:/home/user/.m2/repository/org/glassfish/hk2/hk2-utils/2.5.0/hk2-utils-2.5.0.jar:/home/user/.m2/repository/jakarta/annotation/jakarta.annotation-api/1.3.4/jakarta.annotation-api-1.3.4.jar:/home/user/.m2/repository/org/glassfish/hk2/external/aopalliance-repackaged/2.5.0/aopalliance-repackaged-2.5.0.jar:/home/user/.m2/repository/com/fasterxml/jackson/dataformat/jackson-dataformat-xml/2.9.0/jackson-dataformat-xml-2.9.0.jar:/home/user/.m2/repository/com/fasterxml/jackson/core/jackson-core/2.9.5/jackson-core-2.9.5.jar:/home/user/.m2/repository/com/fasterxml/jackson/module/jackson-module-jaxb-annotations/2.9.5/jackson-module-jaxb-annotations-2.9.5.jar:/home/user/.m2/repository/javax/enterprise/cdi-api/1.2/cdi-api-1.2.jar:/home/user/.m2/repository/javax/el/javax.el-api/3.0.0/javax.el-api-3.0.0.jar:/home/user/.m2/repository/javax/interceptor/javax.interceptor-api/1.2/javax.interceptor-api-1.2.jar:/home/user/.m2/repository/javax/inject/javax.inject/1/javax.inject-1.jar:/home/user/.m2/repository/com/sun/xml/bind/jaxb-impl/2.3.0.1/jaxb-impl-2.3.0.1.jar:/home/user/.m2/repository/com/sun/xml/bind/jaxb-core/2.3.0.1/jaxb-core-2.3.0.1.jar:/home/user/.m2/repository/javax/xml/bind/jaxb-api/2.3.0/jaxb-api-2.3.0.jar:/home/user/.m2/repository/javax/activation/activation/1.1.1/activation-1.1.1.jar:/home/user/.m2/repository/org/apache/hadoop/hadoop-ozone-csi/0.5.0-SNAPSHOT/hadoop-ozone-csi-0.5.0-SNAPSHOT.jar:/home/user/.m2/repository/com/google/protobuf/protobuf-java-util/3.5.1/protobuf-java-util-3.5.1.jar:/home/user/.m2/repository/org/apache/hadoop/hadoop-hdds-config/0.5.0-SNAPSHOT/hadoop-hdds-config-0.5.0-SNAPSHOT.jar:/home/user/.m2/repository/io/grpc/grpc-netty/1.17.1/grpc-netty-1.17.1.jar:/home/user/.m2/repository/io/grpc/grpc-core/1.17.1/grpc-core-1.17.1.jar:/home/user/.m2/repository/io/grpc/grpc-context/1.17.1/grpc-context-1.17.1.jar:/home/user/.m2/repository/com/google/errorprone/error_prone_annotations/2.2.0/error_prone_annotations-2.2.0.jar:/home/user/.m2/repository/org/codehaus/mojo/animal-sniffer-annotations/1.17/animal-sniffer-annotations-1.17.jar:/home/user/.m2/repository/io/opencensus/opencensus-api/0.17.0/opencensus-api-0.17.0.jar:/home/user/.m2/repository/io/opencensus/opencensus-contrib-grpc-metrics/0.17.0/opencensus-contrib-grpc-metrics-0.17.0.jar:/home/user/.m2/repository/io/netty/netty-codec-http2/4.1.30.Final/netty-codec-http2-4.1.30.Final.jar:/home/user/.m2/repository/io/netty/netty-codec-http/4.1.30.Final/netty-codec-http-4.1.30.Final.jar:/home/user/.m2/repository/io/netty/netty-codec/4.1.30.Final/netty-codec-4.1.30.Final.jar:/home/user/.m2/repository/io/netty/netty-handler/4.1.30.Final/netty-handler-4.1.30.Final.jar:/home/user/.m2/repository/io/netty/netty-handler-proxy/4.1.30.Final/netty-handler-proxy-4.1.30.Final.jar:/home/user/.m2/repository/io/netty/netty-codec-socks/4.1.30.Final/netty-codec-socks-4.1.30.Final.jar:/home/user/.m2/repository/io/netty/netty-transport-native-epoll/4.1.30.Final/netty-transport-native-epoll-4.1.30.Final.jar:/home/user/.m2/repository/io/netty/netty-common/4.1.30.Final/netty-common-4.1.30.Final.jar:/home/user/.m2/repository/io/netty/netty-buffer/4.1.30.Final/netty-buffer-4.1.30.Final.jar:/home/user/.m2/repository/io/netty/netty-transport/4.1.30.Final/netty-transport-4.1.30.Final.jar:/home/user/.m2/repository/io/netty/netty-resolver/4.1.30.Final/netty-resolver-4.1.30.Final.jar:/home/user/.m2/repository/io/netty/netty-transport-native-unix-common/4.1.30.Final/netty-transport-native-unix-common-4.1.30.Final.jar:/home/user/.m2/repository/io/grpc/grpc-protobuf/1.17.1/grpc-protobuf-1.17.1.jar:/home/user/.m2/repository/com/google/api/grpc/proto-google-common-protos/1.0.0/proto-google-common-protos-1.0.0.jar:/home/user/.m2/repository/io/grpc/grpc-protobuf-lite/1.17.1/grpc-protobuf-lite-1.17.1.jar:/home/user/.m2/repository/io/grpc/grpc-stub/1.17.1/grpc-stub-1.17.1.jar:/home/user/.m2/repository/org/apache/hadoop/hadoop-ozone-recon/0.5.0-SNAPSHOT/hadoop-ozone-recon-0.5.0-SNAPSHOT.jar:/home/user/.m2/repository/org/apache/hadoop/hadoop-ozone-reconcodegen/0.5.0-SNAPSHOT/hadoop-ozone-reconcodegen-0.5.0-SNAPSHOT.jar:/home/user/.m2/repository/com/google/inject/extensions/guice-multibindings/4.0/guice-multibindings-4.0.jar:/home/user/.m2/repository/com/google/inject/guice/4.0/guice-4.0.jar:/home/user/.m2/repository/aopalliance/aopalliance/1.0/aopalliance-1.0.jar:/home/user/.m2/repository/com/google/inject/extensions/guice-servlet/4.0/guice-servlet-4.0.jar:/home/user/.m2/repository/org/glassfish/jersey/containers/jersey-container-servlet/2.27/jersey-container-servlet-2.27.jar:/home/user/.m2/repository/org/glassfish/hk2/guice-bridge/2.5.0/guice-bridge-2.5.0.jar:/home/user/.m2/repository/org/glassfish/jersey/core/jersey-server/2.27/jersey-server-2.27.jar:/home/user/.m2/repository/org/glassfish/jersey/core/jersey-client/2.27/jersey-client-2.27.jar:/home/user/.m2/repository/org/glassfish/jersey/media/jersey-media-jaxb/2.27/jersey-media-jaxb-2.27.jar:/home/user/.m2/repository/javax/validation/validation-api/1.1.0.Final/validation-api-1.1.0.Final.jar:/home/user/.m2/repository/org/glassfish/jersey/media/jersey-media-json-jackson/2.27/jersey-media-json-jackson-2.27.jar:/home/user/.m2/repository/org/glassfish/jersey/ext/jersey-entity-filtering/2.27/jersey-entity-filtering-2.27.jar:/home/user/.m2/repository/com/google/inject/extensions/guice-assistedinject/4.0/guice-assistedinject-4.0.jar:/home/user/.m2/repository/org/jooq/jooq/3.11.10/jooq-3.11.10.jar:/home/user/.m2/repository/org/jooq/jooq-meta/3.11.10/jooq-meta-3.11.10.jar:/home/user/.m2/repository/org/jooq/jooq-codegen/3.11.10/jooq-codegen-3.11.10.jar:/home/user/.m2/repository/com/jolbox/bonecp/0.8.0.RELEASE/bonecp-0.8.0.RELEASE.jar:/home/user/.m2/repository/org/xerial/sqlite-jdbc/3.25.2/sqlite-jdbc-3.25.2.jar:/home/user/.m2/repository/org/springframework/spring-jdbc/5.1.3.RELEASE/spring-jdbc-5.1.3.RELEASE.jar:/home/user/.m2/repository/org/springframework/spring-beans/5.1.3.RELEASE/spring-beans-5.1.3.RELEASE.jar:/home/user/.m2/repository/org/springframework/spring-core/5.1.3.RELEASE/spring-core-5.1.3.RELEASE.jar:/home/user/.m2/repository/org/springframework/spring-jcl/5.1.3.RELEASE/spring-jcl-5.1.3.RELEASE.jar:/home/user/.m2/repository/org/springframework/spring-tx/5.1.3.RELEASE/spring-tx-5.1.3.RELEASE.jar:/home/user/.m2/repository/org/apache/hadoop/hadoop-ozone-client/0.5.0-SNAPSHOT/hadoop-ozone-client-0.5.0-SNAPSHOT.jar:/home/user/.m2/repository/commons-lang/commons-lang/2.6/commons-lang-2.6.jar:/home/user/.m2/repository/org/apache/hadoop/hadoop-ozone-ozone-manager/0.5.0-SNAPSHOT/hadoop-ozone-ozone-manager-0.5.0-SNAPSHOT-tests.jar:/home/user/.m2/repository/junit/junit/4.11/junit-4.11.jar:/home/user/.m2/repository/org/hamcrest/hamcrest-core/1.3/hamcrest-core-1.3.jar:/home/user/.m2/repository/org/openjdk/jmh/jmh-core/1.19/jmh-core-1.19.jar:/home/user/.m2/repository/net/sf/jopt-simple/jopt-simple/4.6/jopt-simple-4.6.jar:/home/user/.m2/repository/org/apache/commons/commons-math3/3.1.1/commons-math3-3.1.1.jar:/home/user/.m2/repository/org/openjdk/jmh/jmh-generator-annprocess/1.19/jmh-generator-annprocess-1.19.jar:/home/user/.m2/repository/org/mockito/mockito-all/1.8.5/mockito-all-1.8.5.jar:/home/user/.m2/repository/org/apache/hadoop/hadoop-kms/3.2.0/hadoop-kms-3.2.0.jar:/home/user/.m2/repository/org/apache/hadoop/hadoop-auth/3.2.0/hadoop-auth-3.2.0.jar:/home/user/.m2/repository/com/nimbusds/nimbus-jose-jwt/4.41.1/nimbus-jose-jwt-4.41.1.jar:/home/user/.m2/repository/com/github/stephenc/jcip/jcip-annotations/1.0-1/jcip-annotations-1.0-1.jar:/home/user/.m2/repository/net/minidev/json-smart/2.3/json-smart-2.3.jar:/home/user/.m2/repository/net/minidev/accessors-smart/1.2/accessors-smart-1.2.jar:/home/user/.m2/repository/org/ow2/asm/asm/5.0.4/asm-5.0.4.jar:/home/user/.m2/repository/org/apache/curator/curator-framework/2.12.0/curator-framework-2.12.0.jar:/home/user/.m2/repository/com/sun/jersey/jersey-core/1.19/jersey-core-1.19.jar:/home/user/.m2/repository/javax/ws/rs/jsr311-api/1.1.1/jsr311-api-1.1.1.jar:/home/user/.m2/repository/com/sun/jersey/jersey-server/1.19/jersey-server-1.19.jar:/home/user/.m2/repository/javax/servlet/javax.servlet-api/3.1.0/javax.servlet-api-3.1.0.jar:/home/user/.m2/repository/org/eclipse/jetty/jetty-server/9.3.24.v20180605/jetty-server-9.3.24.v20180605.jar:/home/user/.m2/repository/org/eclipse/jetty/jetty-http/9.3.24.v20180605/jetty-http-9.3.24.v20180605.jar:/home/user/.m2/repository/org/eclipse/jetty/jetty-io/9.3.24.v20180605/jetty-io-9.3.24.v20180605.jar:/home/user/.m2/repository/org/eclipse/jetty/jetty-webapp/9.3.24.v20180605/jetty-webapp-9.3.24.v20180605.jar:/home/user/.m2/repository/org/eclipse/jetty/jetty-xml/9.3.24.v20180605/jetty-xml-9.3.24.v20180605.jar:/home/user/.m2/repository/log4j/log4j/1.2.17/log4j-1.2.17.jar:/home/user/.m2/repository/org/slf4j/slf4j-api/1.7.25/slf4j-api-1.7.25.jar:/home/user/.m2/repository/org/slf4j/jul-to-slf4j/1.7.25/jul-to-slf4j-1.7.25.jar:/home/user/.m2/repository/org/eclipse/jetty/jetty-util/9.3.24.v20180605/jetty-util-9.3.24.v20180605.jar:/home/user/.m2/repository/com/fasterxml/jackson/core/jackson-databind/2.9.5/jackson-databind-2.9.5.jar:/home/user/.m2/repository/org/apache/hadoop/hadoop-kms/3.2.0/hadoop-kms-3.2.0-tests.jar:/home/user/.m2/repository/org/apache/hadoop/hadoop-hdds-server-scm/0.5.0-SNAPSHOT/hadoop-hdds-server-scm-0.5.0-SNAPSHOT-tests.jar:/home/user/.m2/repository/org/apache/hadoop/hadoop-hdds-container-service/0.5.0-SNAPSHOT/hadoop-hdds-container-service-0.5.0-SNAPSHOT-tests.jar:/home/user/.m2/repository/org/yaml/snakeyaml/1.16/snakeyaml-1.16.jar:/home/user/.m2/repository/org/apache/hadoop/hadoop-common/3.2.0/hadoop-common-3.2.0-tests.jar:/home/user/.m2/repository/org/apache/hadoop/hadoop-annotations/3.2.0/hadoop-annotations-3.2.0.jar:/usr/lib/jvm/java-1.8-openjdk/jre/../lib/tools.jar:/home/user/.m2/repository/commons-cli/commons-cli/1.2/commons-cli-1.2.jar:/home/user/.m2/repository/org/apache/httpcomponents/httpclient/4.5.2/httpclient-4.5.2.jar:/home/user/.m2/repository/org/apache/httpcomponents/httpcore/4.4.4/httpcore-4.4.4.jar:/home/user/.m2/repository/commons-codec/commons-codec/1.11/commons-codec-1.11.jar:/home/user/.m2/repository/commons-net/commons-net/3.6/commons-net-3.6.jar:/home/user/.m2/repository/commons-collections/commons-collections/3.2.2/commons-collections-3.2.2.jar:/home/user/.m2/repository/org/eclipse/jetty/jetty-servlet/9.3.24.v20180605/jetty-servlet-9.3.24.v20180605.jar:/home/user/.m2/repository/org/eclipse/jetty/jetty-security/9.3.24.v20180605/jetty-security-9.3.24.v20180605.jar:/home/user/.m2/repository/javax/servlet/jsp/jsp-api/2.1/jsp-api-2.1.jar:/home/user/.m2/repository/com/sun/jersey/jersey-servlet/1.19/jersey-servlet-1.19.jar:/home/user/.m2/repository/com/sun/jersey/jersey-json/1.19/jersey-json-1.19.jar:/home/user/.m2/repository/org/codehaus/jettison/jettison/1.1/jettison-1.1.jar:/home/user/.m2/repository/org/codehaus/jackson/jackson-core-asl/1.9.13/jackson-core-asl-1.9.13.jar:/home/user/.m2/repository/org/codehaus/jackson/jackson-mapper-asl/1.9.13/jackson-mapper-asl-1.9.13.jar:/home/user/.m2/repository/org/codehaus/jackson/jackson-jaxrs/1.9.13/jackson-jaxrs-1.9.13.jar:/home/user/.m2/repository/org/codehaus/jackson/jackson-xc/1.9.13/jackson-xc-1.9.13.jar:/home/user/.m2/repository/commons-logging/commons-logging/1.1.3/commons-logging-1.1.3.jar:/home/user/.m2/repository/commons-beanutils/commons-beanutils/1.9.3/commons-beanutils-1.9.3.jar:/home/user/.m2/repository/org/apache/commons/commons-configuration2/2.1.1/commons-configuration2-2.1.1.jar:/home/user/.m2/repository/org/apache/commons/commons-lang3/3.7/commons-lang3-3.7.jar:/home/user/.m2/repository/org/apache/commons/commons-text/1.4/commons-text-1.4.jar:/home/user/.m2/repository/org/apache/avro/avro/1.7.7/avro-1.7.7.jar:/home/user/.m2/repository/com/thoughtworks/paranamer/paranamer/2.3/paranamer-2.3.jar:/home/user/.m2/repository/org/xerial/snappy/snappy-java/1.0.5/snappy-java-1.0.5.jar:/home/user/.m2/repository/com/google/re2j/re2j/1.1/re2j-1.1.jar:/home/user/.m2/repository/com/google/code/gson/gson/2.2.4/gson-2.2.4.jar:/home/user/.m2/repository/com/jcraft/jsch/0.1.54/jsch-0.1.54.jar:/home/user/.m2/repository/org/apache/curator/curator-client/2.12.0/curator-client-2.12.0.jar:/home/user/.m2/repository/org/apache/curator/curator-recipes/2.12.0/curator-recipes-2.12.0.jar:/home/user/.m2/repository/com/google/code/findbugs/jsr305/3.0.0/jsr305-3.0.0.jar:/home/user/.m2/repository/org/apache/htrace/htrace-core4/4.1.0-incubating/htrace-core4-4.1.0-incubating.jar:/home/user/.m2/repository/org/apache/zookeeper/zookeeper/3.4.13/zookeeper-3.4.13.jar:/home/user/.m2/repository/org/apache/yetus/audience-annotations/0.5.0/audience-annotations-0.5.0.jar:/home/user/.m2/repository/org/codehaus/woodstox/stax2-api/3.1.4/stax2-api-3.1.4.jar:/home/user/.m2/repository/com/fasterxml/woodstox/woodstox-core/5.0.3/woodstox-core-5.0.3.jar:/home/user/.m2/repository/dnsjava/dnsjava/2.1.7/dnsjava-2.1.7.jar:/home/user/.m2/repository/org/apache/hadoop/hadoop-hdfs/3.2.0/hadoop-hdfs-3.2.0-tests.jar:/home/user/.m2/repository/org/eclipse/jetty/jetty-util-ajax/9.3.24.v20180605/jetty-util-ajax-9.3.24.v20180605.jar:/home/user/.m2/repository/commons-daemon/commons-daemon/1.0.13/commons-daemon-1.0.13.jar:/home/user/.m2/repository/io/netty/netty/3.10.5.Final/netty-3.10.5.Final.jar:/home/user/.m2/repository/io/netty/netty-all/4.0.52.Final/netty-all-4.0.52.Final.jar:/home/user/.m2/repository/org/fusesource/leveldbjni/leveldbjni-all/1.8/leveldbjni-all-1.8.jar:"/>
    <property name="sun.cpu.endian" value="little"/>
    <property name="user.home" value="/home/user"/>
    <property name="user.language" value="en"/>
    <property name="java.specification.vendor" value="Oracle Corporation"/>
    <property name="java.home" value="/usr/lib/jvm/java-1.8-openjdk/jre"/>
    <property name="java.security.krb5.conf" value="/workdir/hadoop-ozone/integration-test/target/test-classes/krb5.conf"/>
    <property name="basedir" value="/workdir/hadoop-ozone/integration-test"/>
    <property name="file.separator" value="/"/>
    <property name="line.separator" value="&#10;"/>
    <property name="java.vm.specification.vendor" value="Oracle Corporation"/>
    <property name="java.specification.name" value="Java Platform API Specification"/>
    <property name="java.awt.graphicsenv" value="sun.awt.X11GraphicsEnvironment"/>
    <property name="surefire.real.class.path" value="/workdir/hadoop-ozone/integration-test/target/surefire/surefirebooter6869716117770301053.jar"/>
    <property name="hadoop.log.dir" value="/workdir/hadoop-ozone/integration-test/target/log"/>
    <property name="sun.boot.class.path" value="/usr/lib/jvm/java-1.8-openjdk/jre/lib/resources.jar:/usr/lib/jvm/java-1.8-openjdk/jre/lib/rt.jar:/usr/lib/jvm/java-1.8-openjdk/jre/lib/sunrsasign.jar:/usr/lib/jvm/java-1.8-openjdk/jre/lib/jsse.jar:/usr/lib/jvm/java-1.8-openjdk/jre/lib/jce.jar:/usr/lib/jvm/java-1.8-openjdk/jre/lib/charsets.jar:/usr/lib/jvm/java-1.8-openjdk/jre/lib/jfr.jar:/usr/lib/jvm/java-1.8-openjdk/jre/classes"/>
    <property name="sun.management.compiler" value="HotSpot 64-Bit Tiered Compilers"/>
    <property name="java.runtime.version" value="1.8.0_212-b04"/>
    <property name="java.net.preferIPv4Stack" value="true"/>
    <property name="user.name" value="jenkins1000"/>
    <property name="path.separator" value=":"/>
    <property name="java.security.egd" value="file:///dev/urandom"/>
    <property name="os.version" value="3.10.0-957.12.2.el7.x86_64"/>
    <property name="java.endorsed.dirs" value="/usr/lib/jvm/java-1.8-openjdk/jre/lib/endorsed"/>
    <property name="java.runtime.name" value="OpenJDK Runtime Environment"/>
    <property name="file.encoding" value="UTF-8"/>
    <property name="java.vm.name" value="OpenJDK 64-Bit Server VM"/>
    <property name="test.build.webapps" value=""/>
    <property name="localRepository" value="/home/user/.m2/repository"/>
    <property name="java.vendor.url.bug" value="https://icedtea.classpath.org/bugzilla"/>
    <property name="java.io.tmpdir" value="/tmp"/>
    <property name="require.test.libhadoop" value=""/>
    <property name="java.version" value="1.8.0_212"/>
    <property name="user.dir" value="/workdir/hadoop-ozone/integration-test"/>
    <property name="os.arch" value="amd64"/>
    <property name="java.vm.specification.name" value="Java Virtual Machine Specification"/>
    <property name="test.build.classes" value="/workdir/hadoop-ozone/integration-test/target/test-classes"/>
    <property name="java.awt.printerjob" value="sun.print.PSPrinterJob"/>
    <property name="sun.os.patch.level" value="unknown"/>
    <property name="hadoop.tmp.dir" value="/workdir/hadoop-ozone/integration-test/target/tmp"/>
    <property name="java.library.path" value="/usr/lib/jvm/java-1.8-openjdk/jre/lib/amd64/server:/usr/lib/jvm/java-1.8-openjdk/jre/lib/amd64:/usr/lib/jvm/java-1.8-openjdk/jre/../lib/amd64:/workdir/hadoop-ozone/integration-test/target/native/target/usr/local/lib:/workdir/hadoop-ozone/integration-test/../../hadoop-common-project/hadoop-common/target/native/target/usr/local/lib:/usr/java/packages/lib/amd64:/usr/lib64:/lib64:/lib:/usr/lib"/>
    <property name="java.vm.info" value="mixed mode"/>
    <property name="java.vendor" value="IcedTea"/>
    <property name="java.vm.version" value="25.212-b04"/>
    <property name="java.ext.dirs" value="/usr/lib/jvm/java-1.8-openjdk/jre/lib/ext:/usr/java/packages/lib/ext"/>
    <property name="sun.io.unicode.encoding" value="UnicodeLittle"/>
    <property name="java.class.version" value="52.0"/>
  </properties>
  <testcase name="testGroupMismatchExceptionHandling" classname="org.apache.hadoop.ozone.client.rpc.TestOzoneClientRetriesOnException" time="39.384"/>
  <testcase name="testMaxRetriesByOzoneClient" classname="org.apache.hadoop.ozone.client.rpc.TestOzoneClientRetriesOnException" time="335.249">
    <error message="Failed to command cmdType: CreateContainer&#10;containerID: 1&#10;datanodeUuid: &quot;500162f5-df4c-43d4-be22-b16b483ed3b9&quot;&#10;createContainer {&#10;}&#10;" type="java.io.IOException">java.io.IOException: 
Failed to command cmdType: CreateContainer
containerID: 1
datanodeUuid: "500162f5-df4c-43d4-be22-b16b483ed3b9"
createContainer {
}

	at org.apache.hadoop.hdds.scm.XceiverClientSpi.sendCommand(XceiverClientSpi.java:113)
	at org.apache.hadoop.ozone.client.rpc.TestOzoneClientRetriesOnException.testMaxRetriesByOzoneClient(TestOzoneClientRetriesOnException.java:190)
	at sun.reflect.NativeMethodAccessorImpl.invoke0(Native Method)
	at sun.reflect.NativeMethodAccessorImpl.invoke(NativeMethodAccessorImpl.java:62)
	at sun.reflect.DelegatingMethodAccessorImpl.invoke(DelegatingMethodAccessorImpl.java:43)
	at java.lang.reflect.Method.invoke(Method.java:498)
	at org.junit.runners.model.FrameworkMethod$1.runReflectiveCall(FrameworkMethod.java:47)
	at org.junit.internal.runners.model.ReflectiveCallable.run(ReflectiveCallable.java:12)
	at org.junit.runners.model.FrameworkMethod.invokeExplosively(FrameworkMethod.java:44)
	at org.junit.internal.runners.statements.InvokeMethod.evaluate(InvokeMethod.java:17)
	at org.junit.internal.runners.statements.RunBefores.evaluate(RunBefores.java:26)
	at org.junit.internal.runners.statements.RunAfters.evaluate(RunAfters.java:27)
	at org.junit.runners.ParentRunner.runLeaf(ParentRunner.java:271)
	at org.junit.runners.BlockJUnit4ClassRunner.runChild(BlockJUnit4ClassRunner.java:70)
	at org.junit.runners.BlockJUnit4ClassRunner.runChild(BlockJUnit4ClassRunner.java:50)
	at org.junit.runners.ParentRunner$3.run(ParentRunner.java:238)
	at org.junit.runners.ParentRunner$1.schedule(ParentRunner.java:63)
	at org.junit.runners.ParentRunner.runChildren(ParentRunner.java:236)
	at org.junit.runners.ParentRunner.access$000(ParentRunner.java:53)
	at org.junit.runners.ParentRunner$2.evaluate(ParentRunner.java:229)
	at org.junit.runners.ParentRunner.run(ParentRunner.java:309)
	at org.apache.maven.surefire.junit4.JUnit4Provider.execute(JUnit4Provider.java:365)
	at org.apache.maven.surefire.junit4.JUnit4Provider.executeWithRerun(JUnit4Provider.java:273)
	at org.apache.maven.surefire.junit4.JUnit4Provider.executeTestSet(JUnit4Provider.java:238)
	at org.apache.maven.surefire.junit4.JUnit4Provider.invoke(JUnit4Provider.java:159)
	at org.apache.maven.surefire.booter.ForkedBooter.invokeProviderInSameClassLoader(ForkedBooter.java:384)
	at org.apache.maven.surefire.booter.ForkedBooter.runSuitesInProcess(ForkedBooter.java:345)
	at org.apache.maven.surefire.booter.ForkedBooter.execute(ForkedBooter.java:126)
	at org.apache.maven.surefire.booter.ForkedBooter.main(ForkedBooter.java:418)
Caused by: java.util.concurrent.ExecutionException: org.apache.ratis.protocol.RaftRetryFailureException: Failed RaftClientRequest:client-56A4EE866ECF->500162f5-df4c-43d4-be22-b16b483ed3b9@group-273770D6E455, cid=45, seq=4*, RW, org.apache.hadoop.hdds.scm.XceiverClientRatis$$Lambda$323/2080864181@1597e3fe for 180 attempts with RetryLimited(maxAttempts=180, sleepTime=1000ms)
	at java.util.concurrent.CompletableFuture.reportGet(CompletableFuture.java:357)
	at java.util.concurrent.CompletableFuture.get(CompletableFuture.java:1895)
	at org.apache.hadoop.hdds.scm.XceiverClientSpi.sendCommand(XceiverClientSpi.java:110)
	... 28 more
Caused by: org.apache.ratis.protocol.RaftRetryFailureException: Failed RaftClientRequest:client-56A4EE866ECF->500162f5-df4c-43d4-be22-b16b483ed3b9@group-273770D6E455, cid=45, seq=4*, RW, org.apache.hadoop.hdds.scm.XceiverClientRatis$$Lambda$323/2080864181@1597e3fe for 180 attempts with RetryLimited(maxAttempts=180, sleepTime=1000ms)
	at org.apache.ratis.client.impl.RaftClientImpl.noMoreRetries(RaftClientImpl.java:272)
	at org.apache.ratis.client.impl.OrderedAsync.handleAsyncRetryFailure(OrderedAsync.java:138)
	at org.apache.ratis.client.impl.OrderedAsync.lambda$sendRequest$10(OrderedAsync.java:230)
	at java.util.concurrent.CompletableFuture.uniExceptionally(CompletableFuture.java:870)
	at java.util.concurrent.CompletableFuture$UniExceptionally.tryFire(CompletableFuture.java:852)
	at java.util.concurrent.CompletableFuture.postComplete(CompletableFuture.java:474)
	at java.util.concurrent.CompletableFuture.completeExceptionally(CompletableFuture.java:1977)
	at org.apache.ratis.grpc.client.GrpcClientProtocolClient$AsyncStreamObservers.completeReplyExceptionally(GrpcClientProtocolClient.java:330)
	at org.apache.ratis.grpc.client.GrpcClientProtocolClient$AsyncStreamObservers.access$000(GrpcClientProtocolClient.java:246)
	at org.apache.ratis.grpc.client.GrpcClientProtocolClient$AsyncStreamObservers$1.onNext(GrpcClientProtocolClient.java:258)
	at org.apache.ratis.grpc.client.GrpcClientProtocolClient$AsyncStreamObservers$1.onNext(GrpcClientProtocolClient.java:249)
	at org.apache.ratis.thirdparty.io.grpc.stub.ClientCalls$StreamObserverToCallListenerAdapter.onMessage(ClientCalls.java:421)
	at org.apache.ratis.thirdparty.io.grpc.ForwardingClientCallListener.onMessage(ForwardingClientCallListener.java:33)
	at org.apache.ratis.thirdparty.io.grpc.ForwardingClientCallListener.onMessage(ForwardingClientCallListener.java:33)
	at org.apache.ratis.thirdparty.io.grpc.internal.ClientCallImpl$ClientStreamListenerImpl$1MessagesAvailable.runInContext(ClientCallImpl.java:519)
	at org.apache.ratis.thirdparty.io.grpc.internal.ContextRunnable.run(ContextRunnable.java:37)
	at org.apache.ratis.thirdparty.io.grpc.internal.SerializingExecutor.run(SerializingExecutor.java:123)
	at java.util.concurrent.ThreadPoolExecutor.runWorker(ThreadPoolExecutor.java:1149)
	at java.util.concurrent.ThreadPoolExecutor$Worker.run(ThreadPoolExecutor.java:624)
	at java.lang.Thread.run(Thread.java:748)
Caused by: org.apache.ratis.protocol.NotLeaderException: Server 500162f5-df4c-43d4-be22-b16b483ed3b9 is not the leader (2cd21838-1a98-4748-8882-d7146563928a:192.168.157.249:40808). Request must be sent to leader.
	at org.apache.ratis.client.impl.ClientProtoUtils.toRaftClientReply(ClientProtoUtils.java:242)
	at org.apache.ratis.grpc.client.GrpcClientProtocolClient$AsyncStreamObservers$1.onNext(GrpcClientProtocolClient.java:254)
	... 10 more
</error>
    <system-out><![CDATA[2019-08-29 08:22:55,785 [main] WARN  server.ServerUtils (ServerUtils.java:getScmDbDir(145)) - ozone.scm.db.dirs is not configured. We recommend adding this setting. Falling back to ozone.metadata.dirs instead.
2019-08-29 08:22:55,813 [main] WARN  server.ServerUtils (ServerUtils.java:getScmDbDir(145)) - ozone.scm.db.dirs is not configured. We recommend adding this setting. Falling back to ozone.metadata.dirs instead.
2019-08-29 08:22:55,814 [main] WARN  server.ServerUtils (ServerUtils.java:getScmDbDir(145)) - ozone.scm.db.dirs is not configured. We recommend adding this setting. Falling back to ozone.metadata.dirs instead.
2019-08-29 08:22:55,815 [main] INFO  db.DBStoreBuilder (DBStoreBuilder.java:addTable(110)) - using custom profile for table: deletedBlocks
2019-08-29 08:22:55,815 [main] INFO  db.DBStoreBuilder (DBStoreBuilder.java:processTables(161)) - Using default column profile:DBProfile.DISK for Table:deletedBlocks
2019-08-29 08:22:55,815 [main] INFO  db.DBStoreBuilder (DBStoreBuilder.java:addTable(110)) - using custom profile for table: validCerts
2019-08-29 08:22:55,816 [main] INFO  db.DBStoreBuilder (DBStoreBuilder.java:processTables(161)) - Using default column profile:DBProfile.DISK for Table:validCerts
2019-08-29 08:22:55,816 [main] INFO  db.DBStoreBuilder (DBStoreBuilder.java:addTable(110)) - using custom profile for table: revokedCerts
2019-08-29 08:22:55,816 [main] INFO  db.DBStoreBuilder (DBStoreBuilder.java:processTables(161)) - Using default column profile:DBProfile.DISK for Table:revokedCerts
2019-08-29 08:22:55,817 [main] INFO  db.DBStoreBuilder (DBStoreBuilder.java:addTable(110)) - using custom profile for table: default
2019-08-29 08:22:55,817 [main] INFO  db.DBStoreBuilder (DBStoreBuilder.java:processTables(167)) - Using default column profile:DBProfile.DISK for Table:default
2019-08-29 08:22:55,817 [main] INFO  db.DBStoreBuilder (DBStoreBuilder.java:getDbProfile(198)) - Using default options. DBProfile.DISK
2019-08-29 08:22:55,921 [main] INFO  net.NodeSchemaLoader (NodeSchemaLoader.java:loadSchemaFromFile(125)) - Loading file from sun.misc.CompoundEnumeration@7da34b26
2019-08-29 08:22:55,921 [main] INFO  net.NodeSchemaLoader (NodeSchemaLoader.java:loadSchema(171)) - Loading network topology layer schema file
2019-08-29 08:22:55,927 [main] WARN  server.ServerUtils (ServerUtils.java:sanitizeUserArgs(70)) - ozone.scm.stale.node.interval value = 300000 is larger than max = 100000 based on the key value of ozone.scm.heartbeat.thread.interval, reset to the max value 100000.
2019-08-29 08:22:55,927 [main] WARN  server.ServerUtils (ServerUtils.java:sanitizeUserArgs(70)) - ozone.scm.stale.node.interval value = 300000 is larger than max = 100000 based on the key value of ozone.scm.heartbeat.thread.interval, reset to the max value 100000.
2019-08-29 08:22:55,928 [main] INFO  node.SCMNodeManager (SCMNodeManager.java:<init>(121)) - Entering startup safe mode.
2019-08-29 08:22:55,929 [main] INFO  algorithms.ContainerPlacementPolicyFactory (ContainerPlacementPolicyFactory.java:getPolicy(55)) - Create container placement policy of type org.apache.hadoop.hdds.scm.container.placement.algorithms.SCMContainerPlacementRandom
2019-08-29 08:22:55,929 [main] WARN  server.ServerUtils (ServerUtils.java:getScmDbDir(145)) - ozone.scm.db.dirs is not configured. We recommend adding this setting. Falling back to ozone.metadata.dirs instead.
2019-08-29 08:22:55,952 [main] INFO  pipeline.SCMPipelineManager (SCMPipelineManager.java:initializePipelineState(126)) - No pipeline exists in current db
2019-08-29 08:22:55,953 [main] WARN  server.ServerUtils (ServerUtils.java:getScmDbDir(145)) - ozone.scm.db.dirs is not configured. We recommend adding this setting. Falling back to ozone.metadata.dirs instead.
2019-08-29 08:22:55,978 [main] WARN  events.EventQueue (EventQueue.java:fireEvent(175)) - No event handler registered for event TypedEvent{payloadType=SafeModeStatus, name='SafeModeStatus'}
2019-08-29 08:22:55,980 [main] INFO  ipc.CallQueueManager (CallQueueManager.java:<init>(84)) - Using callQueue: class java.util.concurrent.LinkedBlockingQueue, queueCapacity: 2000, scheduler: class org.apache.hadoop.ipc.DefaultRpcScheduler, ipcBackoff: false.
2019-08-29 08:22:55,980 [Socket Reader #1 for port 39123] INFO  ipc.Server (Server.java:run(1074)) - Starting Socket Reader #1 for port 39123
2019-08-29 08:22:55,983 [main] INFO  ipc.CallQueueManager (CallQueueManager.java:<init>(84)) - Using callQueue: class java.util.concurrent.LinkedBlockingQueue, queueCapacity: 2000, scheduler: class org.apache.hadoop.ipc.DefaultRpcScheduler, ipcBackoff: false.
2019-08-29 08:22:55,984 [Socket Reader #1 for port 37372] INFO  ipc.Server (Server.java:run(1074)) - Starting Socket Reader #1 for port 37372
2019-08-29 08:22:55,985 [main] INFO  ipc.CallQueueManager (CallQueueManager.java:<init>(84)) - Using callQueue: class java.util.concurrent.LinkedBlockingQueue, queueCapacity: 2000, scheduler: class org.apache.hadoop.ipc.DefaultRpcScheduler, ipcBackoff: false.
2019-08-29 08:22:55,986 [Socket Reader #1 for port 37778] INFO  ipc.Server (Server.java:run(1074)) - Starting Socket Reader #1 for port 37778
2019-08-29 08:22:55,988 [main] INFO  hdfs.DFSUtil (DFSUtil.java:httpServerTemplateForNNAndJN(1641)) - Starting Web-server for scm at: http://0.0.0.0:0
2019-08-29 08:22:55,990 [main] INFO  server.AuthenticationFilter (AuthenticationFilter.java:constructSecretProvider(240)) - Unable to initialize FileSignerSecretProvider, falling back to use random secrets.
2019-08-29 08:22:55,991 [main] WARN  http.HttpRequestLog (HttpRequestLog.java:getRequestLog(97)) - Jetty request log can only be enabled using Log4j
2019-08-29 08:22:55,993 [main] INFO  http.HttpServer2 (HttpServer2.java:addGlobalFilter(975)) - Added global filter 'safety' (class=org.apache.hadoop.http.HttpServer2$QuotingInputFilter)
2019-08-29 08:22:55,993 [main] INFO  http.HttpServer2 (HttpServer2.java:addFilter(948)) - Added filter static_user_filter (class=org.apache.hadoop.http.lib.StaticUserWebFilter$StaticUserFilter) to context scm
2019-08-29 08:22:55,993 [main] INFO  http.HttpServer2 (HttpServer2.java:addFilter(958)) - Added filter static_user_filter (class=org.apache.hadoop.http.lib.StaticUserWebFilter$StaticUserFilter) to context static
2019-08-29 08:22:55,994 [main] INFO  http.HttpServer2 (HttpServer2.java:addFilter(958)) - Added filter static_user_filter (class=org.apache.hadoop.http.lib.StaticUserWebFilter$StaticUserFilter) to context logs
2019-08-29 08:22:55,996 [main] INFO  server.StorageContainerManager (StorageContainerManager.java:start(759)) - StorageContainerLocationProtocol RPC server is listening at /0.0.0.0:37778
2019-08-29 08:22:55,998 [main] WARN  impl.MetricsConfig (MetricsConfig.java:loadFirst(134)) - Cannot locate configuration: tried hadoop-metrics2-storagecontainermanager.properties,hadoop-metrics2.properties
2019-08-29 08:22:55,999 [main] INFO  impl.MetricsSystemImpl (MetricsSystemImpl.java:startTimer(374)) - Scheduled Metric snapshot period at 10 second(s).
2019-08-29 08:22:55,999 [main] INFO  impl.MetricsSystemImpl (MetricsSystemImpl.java:start(191)) - StorageContainerManager metrics system started
2019-08-29 08:22:56,046 [main] INFO  server.SCMClientProtocolServer (SCMClientProtocolServer.java:start(151)) - RPC server for Client  is listening at /0.0.0.0:37778
2019-08-29 08:22:56,046 [IPC Server Responder] INFO  ipc.Server (Server.java:run(1314)) - IPC Server Responder: starting
2019-08-29 08:22:56,046 [IPC Server listener on 37778] INFO  ipc.Server (Server.java:run(1153)) - IPC Server listener on 37778: starting
2019-08-29 08:22:56,050 [main] INFO  server.StorageContainerManager (StorageContainerManager.java:start(769)) - ScmBlockLocationProtocol RPC server is listening at /0.0.0.0:37372
2019-08-29 08:22:56,050 [main] INFO  server.SCMBlockProtocolServer (SCMBlockProtocolServer.java:start(140)) - RPC server for Block Protocol is listening at /0.0.0.0:37372
2019-08-29 08:22:56,050 [IPC Server Responder] INFO  ipc.Server (Server.java:run(1314)) - IPC Server Responder: starting
2019-08-29 08:22:56,050 [IPC Server listener on 37372] INFO  ipc.Server (Server.java:run(1153)) - IPC Server listener on 37372: starting
2019-08-29 08:22:56,054 [main] INFO  server.StorageContainerManager (StorageContainerManager.java:start(773)) - ScmDatanodeProtocl RPC server is listening at /0.0.0.0:39123
2019-08-29 08:22:56,054 [main] INFO  server.SCMDatanodeProtocolServer (SCMDatanodeProtocolServer.java:start(191)) - RPC server for DataNodes is listening at /0.0.0.0:39123
2019-08-29 08:22:56,054 [IPC Server Responder] INFO  ipc.Server (Server.java:run(1314)) - IPC Server Responder: starting
2019-08-29 08:22:56,055 [IPC Server listener on 39123] INFO  ipc.Server (Server.java:run(1153)) - IPC Server listener on 39123: starting
2019-08-29 08:22:56,058 [main] INFO  http.HttpServer2 (HttpServer2.java:bindListener(1191)) - Jetty bound to port 39281
2019-08-29 08:22:56,058 [main] INFO  server.Server (Server.java:doStart(351)) - jetty-9.3.24.v20180605, build timestamp: 2018-06-05T17:11:56Z, git hash: 84205aa28f11a4f31f2a3b86d1bba2cc8ab69827
2019-08-29 08:22:56,060 [main] INFO  handler.ContextHandler (ContextHandler.java:doStart(781)) - Started o.e.j.s.ServletContextHandler@431e86b1{/logs,file:///workdir/hadoop-ozone/integration-test/target/log,AVAILABLE}
2019-08-29 08:22:56,060 [main] INFO  handler.ContextHandler (ContextHandler.java:doStart(781)) - Started o.e.j.s.ServletContextHandler@32a2a6be{/static,file:///workdir/hadoop-ozone/integration-test/target/test-classes/webapps/static,AVAILABLE}
2019-08-29 08:22:56,065 [main] INFO  handler.ContextHandler (ContextHandler.java:doStart(781)) - Started o.e.j.w.WebAppContext@76544c0a{/,file:///workdir/hadoop-ozone/integration-test/target/test-classes/webapps/scm/,AVAILABLE}{/scm}
2019-08-29 08:22:56,066 [main] INFO  server.AbstractConnector (AbstractConnector.java:doStart(278)) - Started ServerConnector@428bdd72{HTTP/1.1,[http/1.1]}{0.0.0.0:39281}
2019-08-29 08:22:56,066 [main] INFO  server.Server (Server.java:doStart(419)) - Started @40253ms
2019-08-29 08:22:56,067 [main] INFO  server.BaseHttpServer (BaseHttpServer.java:updateConnectorAddress(213)) - HTTP server of SCM is listening at http://0.0.0.0:39281
2019-08-29 08:22:56,067 [main] WARN  server.ServerUtils (ServerUtils.java:getDBPath(222)) - ozone.om.db.dirs is not configured. We recommend adding this setting. Falling back to ozone.metadata.dirs instead.
2019-08-29 08:22:56,068 [org.apache.hadoop.util.JvmPauseMonitor$Monitor@20eaeaf8] INFO  util.JvmPauseMonitor (JvmPauseMonitor.java:run(188)) - Starting JVM pause monitor
2019-08-29 08:22:56,081 [main] WARN  server.ServerUtils (ServerUtils.java:getDBPath(222)) - ozone.om.db.dirs is not configured. We recommend adding this setting. Falling back to ozone.metadata.dirs instead.
2019-08-29 08:22:56,081 [main] WARN  server.ServerUtils (ServerUtils.java:getDBPath(222)) - ozone.om.db.dirs is not configured. We recommend adding this setting. Falling back to ozone.metadata.dirs instead.
2019-08-29 08:22:56,081 [main] INFO  om.OzoneManager (OzoneManager.java:setOMNodeDetails(645)) - OM Service ID is not set. Setting it to the default ID: omServiceIdDefault
2019-08-29 08:22:56,081 [main] INFO  om.OzoneManager (OzoneManager.java:setOMNodeDetails(651)) - OM Node ID is not set. Setting it to the OmStorage's OmID: 61658041-16e2-47bc-a813-c3c8b6270553
2019-08-29 08:22:56,082 [main] INFO  om.OzoneManager (OzoneManager.java:loadOMHAConfigs(602)) - Found matching OM address with OMServiceId: null, OMNodeId: null, RPC Address: localhost:0 and Ratis port: 9872
2019-08-29 08:22:56,086 | INFO  | SCMAudit | user=jenkins1000 | ip=192.168.157.249 | op=GET_SCM_INFO null | ret=SUCCESS |  
2019-08-29 08:22:56,088 [main] WARN  server.ServerUtils (ServerUtils.java:getDBPath(222)) - ozone.om.db.dirs is not configured. We recommend adding this setting. Falling back to ozone.metadata.dirs instead.
2019-08-29 08:22:56,089 [main] INFO  db.DBStoreBuilder (DBStoreBuilder.java:addTable(110)) - using custom profile for table: userTable
2019-08-29 08:22:56,089 [main] INFO  db.DBStoreBuilder (DBStoreBuilder.java:processTables(161)) - Using default column profile:DBProfile.DISK for Table:userTable
2019-08-29 08:22:56,089 [main] INFO  db.DBStoreBuilder (DBStoreBuilder.java:addTable(110)) - using custom profile for table: volumeTable
2019-08-29 08:22:56,089 [main] INFO  db.DBStoreBuilder (DBStoreBuilder.java:processTables(161)) - Using default column profile:DBProfile.DISK for Table:volumeTable
2019-08-29 08:22:56,090 [main] INFO  db.DBStoreBuilder (DBStoreBuilder.java:addTable(110)) - using custom profile for table: bucketTable
2019-08-29 08:22:56,090 [main] INFO  db.DBStoreBuilder (DBStoreBuilder.java:processTables(161)) - Using default column profile:DBProfile.DISK for Table:bucketTable
2019-08-29 08:22:56,090 [main] INFO  db.DBStoreBuilder (DBStoreBuilder.java:addTable(110)) - using custom profile for table: keyTable
2019-08-29 08:22:56,090 [main] INFO  db.DBStoreBuilder (DBStoreBuilder.java:processTables(161)) - Using default column profile:DBProfile.DISK for Table:keyTable
2019-08-29 08:22:56,090 [main] INFO  db.DBStoreBuilder (DBStoreBuilder.java:addTable(110)) - using custom profile for table: deletedTable
2019-08-29 08:22:56,090 [main] INFO  db.DBStoreBuilder (DBStoreBuilder.java:processTables(161)) - Using default column profile:DBProfile.DISK for Table:deletedTable
2019-08-29 08:22:56,091 [main] INFO  db.DBStoreBuilder (DBStoreBuilder.java:addTable(110)) - using custom profile for table: openKeyTable
2019-08-29 08:22:56,091 [main] INFO  db.DBStoreBuilder (DBStoreBuilder.java:processTables(161)) - Using default column profile:DBProfile.DISK for Table:openKeyTable
2019-08-29 08:22:56,091 [main] INFO  db.DBStoreBuilder (DBStoreBuilder.java:addTable(110)) - using custom profile for table: s3Table
2019-08-29 08:22:56,091 [main] INFO  db.DBStoreBuilder (DBStoreBuilder.java:processTables(161)) - Using default column profile:DBProfile.DISK for Table:s3Table
2019-08-29 08:22:56,091 [main] INFO  db.DBStoreBuilder (DBStoreBuilder.java:addTable(110)) - using custom profile for table: multipartInfoTable
2019-08-29 08:22:56,092 [main] INFO  db.DBStoreBuilder (DBStoreBuilder.java:processTables(161)) - Using default column profile:DBProfile.DISK for Table:multipartInfoTable
2019-08-29 08:22:56,092 [main] INFO  db.DBStoreBuilder (DBStoreBuilder.java:addTable(110)) - using custom profile for table: dTokenTable
2019-08-29 08:22:56,092 [main] INFO  db.DBStoreBuilder (DBStoreBuilder.java:processTables(161)) - Using default column profile:DBProfile.DISK for Table:dTokenTable
2019-08-29 08:22:56,092 [main] INFO  db.DBStoreBuilder (DBStoreBuilder.java:addTable(110)) - using custom profile for table: s3SecretTable
2019-08-29 08:22:56,092 [main] INFO  db.DBStoreBuilder (DBStoreBuilder.java:processTables(161)) - Using default column profile:DBProfile.DISK for Table:s3SecretTable
2019-08-29 08:22:56,092 [main] INFO  db.DBStoreBuilder (DBStoreBuilder.java:addTable(110)) - using custom profile for table: prefixTable
2019-08-29 08:22:56,093 [main] INFO  db.DBStoreBuilder (DBStoreBuilder.java:processTables(161)) - Using default column profile:DBProfile.DISK for Table:prefixTable
2019-08-29 08:22:56,093 [main] INFO  db.DBStoreBuilder (DBStoreBuilder.java:addTable(110)) - using custom profile for table: default
2019-08-29 08:22:56,093 [main] INFO  db.DBStoreBuilder (DBStoreBuilder.java:processTables(167)) - Using default column profile:DBProfile.DISK for Table:default
2019-08-29 08:22:56,093 [main] INFO  db.DBStoreBuilder (DBStoreBuilder.java:getDbProfile(198)) - Using default options. DBProfile.DISK
2019-08-29 08:22:56,517 [main] INFO  ipc.CallQueueManager (CallQueueManager.java:<init>(84)) - Using callQueue: class java.util.concurrent.LinkedBlockingQueue, queueCapacity: 2000, scheduler: class org.apache.hadoop.ipc.DefaultRpcScheduler, ipcBackoff: false.
2019-08-29 08:22:56,517 [Socket Reader #1 for port 36772] INFO  ipc.Server (Server.java:run(1074)) - Starting Socket Reader #1 for port 36772
2019-08-29 08:22:56,536 [main] INFO  om.OzoneManager (OzoneManager.java:start(1256)) - OzoneManager RPC server is listening at localhost/127.0.0.1:36772
2019-08-29 08:22:56,536 [main] INFO  impl.MetricsSystemImpl (MetricsSystemImpl.java:init(158)) - OzoneManager metrics system started (again)
2019-08-29 08:22:56,537 [IPC Server Responder] INFO  ipc.Server (Server.java:run(1314)) - IPC Server Responder: starting
2019-08-29 08:22:56,537 [IPC Server listener on 36772] INFO  ipc.Server (Server.java:run(1153)) - IPC Server listener on 36772: starting
2019-08-29 08:22:56,544 [main] INFO  hdfs.DFSUtil (DFSUtil.java:httpServerTemplateForNNAndJN(1641)) - Starting Web-server for ozoneManager at: http://0.0.0.0:0
2019-08-29 08:22:56,545 [main] INFO  server.AuthenticationFilter (AuthenticationFilter.java:constructSecretProvider(240)) - Unable to initialize FileSignerSecretProvider, falling back to use random secrets.
2019-08-29 08:22:56,546 [main] WARN  http.HttpRequestLog (HttpRequestLog.java:getRequestLog(97)) - Jetty request log can only be enabled using Log4j
2019-08-29 08:22:56,548 [main] INFO  http.HttpServer2 (HttpServer2.java:addGlobalFilter(975)) - Added global filter 'safety' (class=org.apache.hadoop.http.HttpServer2$QuotingInputFilter)
2019-08-29 08:22:56,549 [main] INFO  http.HttpServer2 (HttpServer2.java:addFilter(948)) - Added filter static_user_filter (class=org.apache.hadoop.http.lib.StaticUserWebFilter$StaticUserFilter) to context ozoneManager
2019-08-29 08:22:56,549 [main] INFO  http.HttpServer2 (HttpServer2.java:addFilter(958)) - Added filter static_user_filter (class=org.apache.hadoop.http.lib.StaticUserWebFilter$StaticUserFilter) to context static
2019-08-29 08:22:56,549 [main] INFO  http.HttpServer2 (HttpServer2.java:addFilter(958)) - Added filter static_user_filter (class=org.apache.hadoop.http.lib.StaticUserWebFilter$StaticUserFilter) to context logs
2019-08-29 08:22:56,550 [main] INFO  http.HttpServer2 (HttpServer2.java:bindListener(1191)) - Jetty bound to port 38789
2019-08-29 08:22:56,550 [main] INFO  server.Server (Server.java:doStart(351)) - jetty-9.3.24.v20180605, build timestamp: 2018-06-05T17:11:56Z, git hash: 84205aa28f11a4f31f2a3b86d1bba2cc8ab69827
2019-08-29 08:22:56,552 [main] INFO  handler.ContextHandler (ContextHandler.java:doStart(781)) - Started o.e.j.s.ServletContextHandler@30ec7d21{/logs,file:///workdir/hadoop-ozone/integration-test/target/log,AVAILABLE}
2019-08-29 08:22:56,552 [main] INFO  handler.ContextHandler (ContextHandler.java:doStart(781)) - Started o.e.j.s.ServletContextHandler@7efa3f63{/static,file:///workdir/hadoop-ozone/integration-test/target/test-classes/webapps/static,AVAILABLE}
2019-08-29 08:22:56,557 [main] INFO  handler.ContextHandler (ContextHandler.java:doStart(781)) - Started o.e.j.w.WebAppContext@798dad3d{/,file:///workdir/hadoop-ozone/integration-test/target/test-classes/webapps/ozoneManager/,AVAILABLE}{/ozoneManager}
2019-08-29 08:22:56,558 [main] INFO  server.AbstractConnector (AbstractConnector.java:doStart(278)) - Started ServerConnector@27abb6ca{HTTP/1.1,[http/1.1]}{0.0.0.0:38789}
2019-08-29 08:22:56,559 [main] INFO  server.Server (Server.java:doStart(419)) - Started @40746ms
2019-08-29 08:22:56,560 [main] INFO  server.BaseHttpServer (BaseHttpServer.java:updateConnectorAddress(213)) - HTTP server of OZONEMANAGER is listening at http://0.0.0.0:38789
2019-08-29 08:22:56,584 [main] INFO  impl.MetricsSystemImpl (MetricsSystemImpl.java:init(158)) - HddsDatanode metrics system started (again)
2019-08-29 08:22:56,587 [main] INFO  ozone.HddsDatanodeService (HddsDatanodeService.java:start(184)) - HddsDatanodeService host:pr-hdds-1949-rn9cj-2680188436 ip:192.168.157.249
2019-08-29 08:22:56,594 [main] INFO  volume.HddsVolume (HddsVolume.java:<init>(176)) - Creating Volume: /workdir/hadoop-ozone/integration-test/target/test-dir/MiniOzoneClusterImpl-abd8892b-b936-4b08-8d84-fd22f8afb6b4/datanode-0/data/containers/hdds of  storage type : DISK and capacity : 1482555576320
2019-08-29 08:22:56,595 [main] INFO  volume.VolumeSet (VolumeSet.java:initializeVolumeSet(170)) - Added Volume : /workdir/hadoop-ozone/integration-test/target/test-dir/MiniOzoneClusterImpl-abd8892b-b936-4b08-8d84-fd22f8afb6b4/datanode-0/data/containers/hdds to VolumeSet
2019-08-29 08:22:56,595 [main] INFO  volume.ThrottledAsyncChecker (ThrottledAsyncChecker.java:schedule(140)) - Scheduling a check for org.apache.hadoop.ozone.container.common.volume.HddsVolume@1984212d
2019-08-29 08:22:56,597 [main] INFO  volume.HddsVolumeChecker (HddsVolumeChecker.java:checkAllVolumes(203)) - Scheduled health check for volume org.apache.hadoop.ozone.container.common.volume.HddsVolume@1984212d
2019-08-29 08:22:56,616 [main] INFO  impl.RaftServerProxy (ConfUtils.java:logGet(43)) - raft.rpc.type = GRPC (default)
2019-08-29 08:22:56,616 [main] INFO  grpc.GrpcFactory (GrpcFactory.java:checkPooledByteBufAllocatorUseCacheForAllThreads(45)) - PERFORMANCE WARNING: useCacheForAllThreads is true that may cause Netty to create a lot garbage objects and, as a result, trigger GC.
	It is recommended to disable useCacheForAllThreads by setting -Dorg.apache.ratis.thirdparty.io.netty.allocator.useCacheForAllThreads=false in command line.
2019-08-29 08:22:56,617 [main] INFO  grpc.GrpcConfigKeys$Server (ConfUtils.java:logGet(43)) - raft.grpc.server.port = 0 (default)
2019-08-29 08:22:56,617 [main] INFO  server.GrpcService (ConfUtils.java:logGet(43)) - raft.grpc.message.size.max = 33570816 (custom)
2019-08-29 08:22:56,617 [main] INFO  server.RaftServerConfigKeys (ConfUtils.java:logGet(43)) - raft.server.log.appender.buffer.byte-limit = 33554432 (custom)
2019-08-29 08:22:56,618 [main] INFO  server.GrpcService (ConfUtils.java:logGet(43)) - raft.grpc.flow.control.window = 1MB (=1048576) (default)
2019-08-29 08:22:56,618 [main] INFO  server.RaftServerConfigKeys (ConfUtils.java:logGet(43)) - raft.server.rpc.request.timeout = 3000ms (default)
2019-08-29 08:22:56,618 [main] INFO  server.RaftServerConfigKeys (ConfUtils.java:logGet(43)) - raft.server.storage.dir = [/workdir/hadoop-ozone/integration-test/target/test-dir/MiniOzoneClusterImpl-abd8892b-b936-4b08-8d84-fd22f8afb6b4/datanode-0/data/ratis] (custom)
2019-08-29 08:22:56,620 [main] INFO  hdfs.DFSUtil (DFSUtil.java:httpServerTemplateForNNAndJN(1641)) - Starting Web-server for hddsDatanode at: http://0.0.0.0:0
2019-08-29 08:22:56,622 [main] INFO  server.AuthenticationFilter (AuthenticationFilter.java:constructSecretProvider(240)) - Unable to initialize FileSignerSecretProvider, falling back to use random secrets.
2019-08-29 08:22:56,623 [main] WARN  http.HttpRequestLog (HttpRequestLog.java:getRequestLog(97)) - Jetty request log can only be enabled using Log4j
2019-08-29 08:22:56,624 [main] INFO  http.HttpServer2 (HttpServer2.java:addGlobalFilter(975)) - Added global filter 'safety' (class=org.apache.hadoop.http.HttpServer2$QuotingInputFilter)
2019-08-29 08:22:56,625 [main] INFO  http.HttpServer2 (HttpServer2.java:addFilter(948)) - Added filter static_user_filter (class=org.apache.hadoop.http.lib.StaticUserWebFilter$StaticUserFilter) to context hddsDatanode
2019-08-29 08:22:56,625 [main] INFO  http.HttpServer2 (HttpServer2.java:addFilter(958)) - Added filter static_user_filter (class=org.apache.hadoop.http.lib.StaticUserWebFilter$StaticUserFilter) to context static
2019-08-29 08:22:56,625 [main] INFO  http.HttpServer2 (HttpServer2.java:addFilter(958)) - Added filter static_user_filter (class=org.apache.hadoop.http.lib.StaticUserWebFilter$StaticUserFilter) to context logs
2019-08-29 08:22:56,626 [main] INFO  http.HttpServer2 (HttpServer2.java:bindListener(1191)) - Jetty bound to port 43351
2019-08-29 08:22:56,626 [main] INFO  server.Server (Server.java:doStart(351)) - jetty-9.3.24.v20180605, build timestamp: 2018-06-05T17:11:56Z, git hash: 84205aa28f11a4f31f2a3b86d1bba2cc8ab69827
2019-08-29 08:22:56,628 [main] INFO  handler.ContextHandler (ContextHandler.java:doStart(781)) - Started o.e.j.s.ServletContextHandler@60e3c26e{/logs,file:///workdir/hadoop-ozone/integration-test/target/log,AVAILABLE}
2019-08-29 08:22:56,629 [main] INFO  handler.ContextHandler (ContextHandler.java:doStart(781)) - Started o.e.j.s.ServletContextHandler@999b951{/static,jar:file:/home/user/.m2/repository/org/apache/hadoop/hadoop-hdds-container-service/0.5.0-SNAPSHOT/hadoop-hdds-container-service-0.5.0-SNAPSHOT.jar!/webapps/static,AVAILABLE}
2019-08-29 08:22:56,673 [main] INFO  handler.ContextHandler (ContextHandler.java:doStart(781)) - Started o.e.j.w.WebAppContext@e95595b{/,file:///tmp/jetty-0.0.0.0-43351-hddsDatanode-_-any-7041052415639229929.dir/webapp/,AVAILABLE}{/hddsDatanode}
2019-08-29 08:22:56,673 [main] INFO  server.AbstractConnector (AbstractConnector.java:doStart(278)) - Started ServerConnector@5a917723{HTTP/1.1,[http/1.1]}{0.0.0.0:43351}
2019-08-29 08:22:56,674 [main] INFO  server.Server (Server.java:doStart(419)) - Started @40862ms
2019-08-29 08:22:56,675 [main] INFO  server.BaseHttpServer (BaseHttpServer.java:updateConnectorAddress(213)) - HTTP server of HDDSDATANODE is listening at http://0.0.0.0:43351
2019-08-29 08:22:56,675 [main] INFO  impl.MetricsSystemImpl (MetricsSystemImpl.java:init(158)) - HddsDatanode metrics system started (again)
2019-08-29 08:22:56,679 [org.apache.hadoop.util.JvmPauseMonitor$Monitor@24d19451] INFO  util.JvmPauseMonitor (JvmPauseMonitor.java:run(188)) - Starting JVM pause monitor
2019-08-29 08:22:56,679 [main] INFO  ozone.HddsDatanodeService (HddsDatanodeService.java:start(184)) - HddsDatanodeService host:pr-hdds-1949-rn9cj-2680188436 ip:192.168.157.249
2019-08-29 08:22:56,682 [Datanode State Machine Thread - 0] INFO  datanode.InitDatanodeState (InitDatanodeState.java:persistContainerDatanodeDetails(140)) - DatanodeDetails is persisted to /workdir/hadoop-ozone/integration-test/target/test-dir/MiniOzoneClusterImpl-abd8892b-b936-4b08-8d84-fd22f8afb6b4/datanode-0/meta/datanode.id
2019-08-29 08:22:56,686 [main] INFO  volume.HddsVolume (HddsVolume.java:<init>(176)) - Creating Volume: /workdir/hadoop-ozone/integration-test/target/test-dir/MiniOzoneClusterImpl-abd8892b-b936-4b08-8d84-fd22f8afb6b4/datanode-1/data/containers/hdds of  storage type : DISK and capacity : 1482555576320
2019-08-29 08:22:56,686 [main] INFO  volume.VolumeSet (VolumeSet.java:initializeVolumeSet(170)) - Added Volume : /workdir/hadoop-ozone/integration-test/target/test-dir/MiniOzoneClusterImpl-abd8892b-b936-4b08-8d84-fd22f8afb6b4/datanode-1/data/containers/hdds to VolumeSet
2019-08-29 08:22:56,687 [main] INFO  volume.ThrottledAsyncChecker (ThrottledAsyncChecker.java:schedule(140)) - Scheduling a check for org.apache.hadoop.ozone.container.common.volume.HddsVolume@53ce2392
2019-08-29 08:22:56,687 [main] INFO  volume.HddsVolumeChecker (HddsVolumeChecker.java:checkAllVolumes(203)) - Scheduled health check for volume org.apache.hadoop.ozone.container.common.volume.HddsVolume@53ce2392
2019-08-29 08:22:56,701 [main] INFO  impl.RaftServerProxy (ConfUtils.java:logGet(43)) - raft.rpc.type = GRPC (default)
2019-08-29 08:22:56,702 [main] INFO  grpc.GrpcFactory (GrpcFactory.java:checkPooledByteBufAllocatorUseCacheForAllThreads(45)) - PERFORMANCE WARNING: useCacheForAllThreads is true that may cause Netty to create a lot garbage objects and, as a result, trigger GC.
	It is recommended to disable useCacheForAllThreads by setting -Dorg.apache.ratis.thirdparty.io.netty.allocator.useCacheForAllThreads=false in command line.
2019-08-29 08:22:56,702 [main] INFO  grpc.GrpcConfigKeys$Server (ConfUtils.java:logGet(43)) - raft.grpc.server.port = 0 (default)
2019-08-29 08:22:56,702 [main] INFO  server.GrpcService (ConfUtils.java:logGet(43)) - raft.grpc.message.size.max = 33570816 (custom)
2019-08-29 08:22:56,702 [main] INFO  server.RaftServerConfigKeys (ConfUtils.java:logGet(43)) - raft.server.log.appender.buffer.byte-limit = 33554432 (custom)
2019-08-29 08:22:56,703 [main] INFO  server.GrpcService (ConfUtils.java:logGet(43)) - raft.grpc.flow.control.window = 1MB (=1048576) (default)
2019-08-29 08:22:56,703 [main] INFO  server.RaftServerConfigKeys (ConfUtils.java:logGet(43)) - raft.server.rpc.request.timeout = 3000ms (default)
2019-08-29 08:22:56,703 [main] INFO  server.RaftServerConfigKeys (ConfUtils.java:logGet(43)) - raft.server.storage.dir = [/workdir/hadoop-ozone/integration-test/target/test-dir/MiniOzoneClusterImpl-abd8892b-b936-4b08-8d84-fd22f8afb6b4/datanode-1/data/ratis] (custom)
2019-08-29 08:22:56,705 [main] INFO  hdfs.DFSUtil (DFSUtil.java:httpServerTemplateForNNAndJN(1641)) - Starting Web-server for hddsDatanode at: http://0.0.0.0:0
2019-08-29 08:22:56,706 [main] INFO  server.AuthenticationFilter (AuthenticationFilter.java:constructSecretProvider(240)) - Unable to initialize FileSignerSecretProvider, falling back to use random secrets.
2019-08-29 08:22:56,707 [main] WARN  http.HttpRequestLog (HttpRequestLog.java:getRequestLog(97)) - Jetty request log can only be enabled using Log4j
2019-08-29 08:22:56,709 [main] INFO  http.HttpServer2 (HttpServer2.java:addGlobalFilter(975)) - Added global filter 'safety' (class=org.apache.hadoop.http.HttpServer2$QuotingInputFilter)
2019-08-29 08:22:56,710 [main] INFO  http.HttpServer2 (HttpServer2.java:addFilter(948)) - Added filter static_user_filter (class=org.apache.hadoop.http.lib.StaticUserWebFilter$StaticUserFilter) to context hddsDatanode
2019-08-29 08:22:56,710 [main] INFO  http.HttpServer2 (HttpServer2.java:addFilter(958)) - Added filter static_user_filter (class=org.apache.hadoop.http.lib.StaticUserWebFilter$StaticUserFilter) to context logs
2019-08-29 08:22:56,710 [main] INFO  http.HttpServer2 (HttpServer2.java:addFilter(958)) - Added filter static_user_filter (class=org.apache.hadoop.http.lib.StaticUserWebFilter$StaticUserFilter) to context static
2019-08-29 08:22:56,711 [main] INFO  http.HttpServer2 (HttpServer2.java:bindListener(1191)) - Jetty bound to port 46177
2019-08-29 08:22:56,712 [main] INFO  server.Server (Server.java:doStart(351)) - jetty-9.3.24.v20180605, build timestamp: 2018-06-05T17:11:56Z, git hash: 84205aa28f11a4f31f2a3b86d1bba2cc8ab69827
2019-08-29 08:22:56,713 [main] INFO  handler.ContextHandler (ContextHandler.java:doStart(781)) - Started o.e.j.s.ServletContextHandler@5649d11a{/logs,file:///workdir/hadoop-ozone/integration-test/target/log,AVAILABLE}
2019-08-29 08:22:56,714 [main] INFO  handler.ContextHandler (ContextHandler.java:doStart(781)) - Started o.e.j.s.ServletContextHandler@27443560{/static,jar:file:/home/user/.m2/repository/org/apache/hadoop/hadoop-hdds-container-service/0.5.0-SNAPSHOT/hadoop-hdds-container-service-0.5.0-SNAPSHOT.jar!/webapps/static,AVAILABLE}
2019-08-29 08:22:56,742 [main] INFO  handler.ContextHandler (ContextHandler.java:doStart(781)) - Started o.e.j.w.WebAppContext@7af52ec7{/,file:///tmp/jetty-0.0.0.0-46177-hddsDatanode-_-any-5426299914074513679.dir/webapp/,AVAILABLE}{/hddsDatanode}
2019-08-29 08:22:56,743 [main] INFO  server.AbstractConnector (AbstractConnector.java:doStart(278)) - Started ServerConnector@77c1e611{HTTP/1.1,[http/1.1]}{0.0.0.0:46177}
2019-08-29 08:22:56,744 [main] INFO  server.Server (Server.java:doStart(419)) - Started @40931ms
2019-08-29 08:22:56,745 [main] INFO  server.BaseHttpServer (BaseHttpServer.java:updateConnectorAddress(213)) - HTTP server of HDDSDATANODE is listening at http://0.0.0.0:46177
2019-08-29 08:22:56,745 [main] INFO  impl.MetricsSystemImpl (MetricsSystemImpl.java:init(158)) - HddsDatanode metrics system started (again)
2019-08-29 08:22:56,748 [org.apache.hadoop.util.JvmPauseMonitor$Monitor@4ea3d887] INFO  util.JvmPauseMonitor (JvmPauseMonitor.java:run(188)) - Starting JVM pause monitor
2019-08-29 08:22:56,749 [main] INFO  ozone.HddsDatanodeService (HddsDatanodeService.java:start(184)) - HddsDatanodeService host:pr-hdds-1949-rn9cj-2680188436 ip:192.168.157.249
2019-08-29 08:22:56,750 [Datanode State Machine Thread - 0] INFO  datanode.InitDatanodeState (InitDatanodeState.java:persistContainerDatanodeDetails(140)) - DatanodeDetails is persisted to /workdir/hadoop-ozone/integration-test/target/test-dir/MiniOzoneClusterImpl-abd8892b-b936-4b08-8d84-fd22f8afb6b4/datanode-1/meta/datanode.id
2019-08-29 08:22:56,754 [main] INFO  volume.HddsVolume (HddsVolume.java:<init>(176)) - Creating Volume: /workdir/hadoop-ozone/integration-test/target/test-dir/MiniOzoneClusterImpl-abd8892b-b936-4b08-8d84-fd22f8afb6b4/datanode-2/data/containers/hdds of  storage type : DISK and capacity : 1482555576320
2019-08-29 08:22:56,754 [main] INFO  volume.VolumeSet (VolumeSet.java:initializeVolumeSet(170)) - Added Volume : /workdir/hadoop-ozone/integration-test/target/test-dir/MiniOzoneClusterImpl-abd8892b-b936-4b08-8d84-fd22f8afb6b4/datanode-2/data/containers/hdds to VolumeSet
2019-08-29 08:22:56,754 [main] INFO  volume.ThrottledAsyncChecker (ThrottledAsyncChecker.java:schedule(140)) - Scheduling a check for org.apache.hadoop.ozone.container.common.volume.HddsVolume@af7e376
2019-08-29 08:22:56,755 [main] INFO  volume.HddsVolumeChecker (HddsVolumeChecker.java:checkAllVolumes(203)) - Scheduled health check for volume org.apache.hadoop.ozone.container.common.volume.HddsVolume@af7e376
2019-08-29 08:22:56,767 [main] INFO  impl.RaftServerProxy (ConfUtils.java:logGet(43)) - raft.rpc.type = GRPC (default)
2019-08-29 08:22:56,768 [main] INFO  grpc.GrpcFactory (GrpcFactory.java:checkPooledByteBufAllocatorUseCacheForAllThreads(45)) - PERFORMANCE WARNING: useCacheForAllThreads is true that may cause Netty to create a lot garbage objects and, as a result, trigger GC.
	It is recommended to disable useCacheForAllThreads by setting -Dorg.apache.ratis.thirdparty.io.netty.allocator.useCacheForAllThreads=false in command line.
2019-08-29 08:22:56,768 [main] INFO  grpc.GrpcConfigKeys$Server (ConfUtils.java:logGet(43)) - raft.grpc.server.port = 0 (default)
2019-08-29 08:22:56,768 [main] INFO  server.GrpcService (ConfUtils.java:logGet(43)) - raft.grpc.message.size.max = 33570816 (custom)
2019-08-29 08:22:56,768 [main] INFO  server.RaftServerConfigKeys (ConfUtils.java:logGet(43)) - raft.server.log.appender.buffer.byte-limit = 33554432 (custom)
2019-08-29 08:22:56,768 [main] INFO  server.GrpcService (ConfUtils.java:logGet(43)) - raft.grpc.flow.control.window = 1MB (=1048576) (default)
2019-08-29 08:22:56,769 [main] INFO  server.RaftServerConfigKeys (ConfUtils.java:logGet(43)) - raft.server.rpc.request.timeout = 3000ms (default)
2019-08-29 08:22:56,769 [main] INFO  server.RaftServerConfigKeys (ConfUtils.java:logGet(43)) - raft.server.storage.dir = [/workdir/hadoop-ozone/integration-test/target/test-dir/MiniOzoneClusterImpl-abd8892b-b936-4b08-8d84-fd22f8afb6b4/datanode-2/data/ratis] (custom)
2019-08-29 08:22:56,771 [main] INFO  hdfs.DFSUtil (DFSUtil.java:httpServerTemplateForNNAndJN(1641)) - Starting Web-server for hddsDatanode at: http://0.0.0.0:0
2019-08-29 08:22:56,772 [main] INFO  server.AuthenticationFilter (AuthenticationFilter.java:constructSecretProvider(240)) - Unable to initialize FileSignerSecretProvider, falling back to use random secrets.
2019-08-29 08:22:56,772 [main] WARN  http.HttpRequestLog (HttpRequestLog.java:getRequestLog(97)) - Jetty request log can only be enabled using Log4j
2019-08-29 08:22:56,773 [main] INFO  http.HttpServer2 (HttpServer2.java:addGlobalFilter(975)) - Added global filter 'safety' (class=org.apache.hadoop.http.HttpServer2$QuotingInputFilter)
2019-08-29 08:22:56,775 [main] INFO  http.HttpServer2 (HttpServer2.java:addFilter(948)) - Added filter static_user_filter (class=org.apache.hadoop.http.lib.StaticUserWebFilter$StaticUserFilter) to context hddsDatanode
2019-08-29 08:22:56,775 [main] INFO  http.HttpServer2 (HttpServer2.java:addFilter(958)) - Added filter static_user_filter (class=org.apache.hadoop.http.lib.StaticUserWebFilter$StaticUserFilter) to context logs
2019-08-29 08:22:56,775 [main] INFO  http.HttpServer2 (HttpServer2.java:addFilter(958)) - Added filter static_user_filter (class=org.apache.hadoop.http.lib.StaticUserWebFilter$StaticUserFilter) to context static
2019-08-29 08:22:56,775 [main] INFO  http.HttpServer2 (HttpServer2.java:bindListener(1191)) - Jetty bound to port 37045
2019-08-29 08:22:56,776 [main] INFO  server.Server (Server.java:doStart(351)) - jetty-9.3.24.v20180605, build timestamp: 2018-06-05T17:11:56Z, git hash: 84205aa28f11a4f31f2a3b86d1bba2cc8ab69827
2019-08-29 08:22:56,777 [main] INFO  handler.ContextHandler (ContextHandler.java:doStart(781)) - Started o.e.j.s.ServletContextHandler@ed2f2f6{/logs,file:///workdir/hadoop-ozone/integration-test/target/log,AVAILABLE}
2019-08-29 08:22:56,778 [main] INFO  handler.ContextHandler (ContextHandler.java:doStart(781)) - Started o.e.j.s.ServletContextHandler@4eea94a4{/static,jar:file:/home/user/.m2/repository/org/apache/hadoop/hadoop-hdds-container-service/0.5.0-SNAPSHOT/hadoop-hdds-container-service-0.5.0-SNAPSHOT.jar!/webapps/static,AVAILABLE}
2019-08-29 08:22:56,806 [main] INFO  handler.ContextHandler (ContextHandler.java:doStart(781)) - Started o.e.j.w.WebAppContext@5792c08c{/,file:///tmp/jetty-0.0.0.0-37045-hddsDatanode-_-any-1746985306340052851.dir/webapp/,AVAILABLE}{/hddsDatanode}
2019-08-29 08:22:56,806 [main] INFO  server.AbstractConnector (AbstractConnector.java:doStart(278)) - Started ServerConnector@4d157493{HTTP/1.1,[http/1.1]}{0.0.0.0:37045}
2019-08-29 08:22:56,807 [main] INFO  server.Server (Server.java:doStart(419)) - Started @40995ms
2019-08-29 08:22:56,808 [main] INFO  server.BaseHttpServer (BaseHttpServer.java:updateConnectorAddress(213)) - HTTP server of HDDSDATANODE is listening at http://0.0.0.0:37045
2019-08-29 08:22:56,808 [main] INFO  impl.MetricsSystemImpl (MetricsSystemImpl.java:init(158)) - HddsDatanode metrics system started (again)
2019-08-29 08:22:56,812 [org.apache.hadoop.util.JvmPauseMonitor$Monitor@794c552f] INFO  util.JvmPauseMonitor (JvmPauseMonitor.java:run(188)) - Starting JVM pause monitor
2019-08-29 08:22:56,813 [main] INFO  ozone.HddsDatanodeService (HddsDatanodeService.java:start(184)) - HddsDatanodeService host:pr-hdds-1949-rn9cj-2680188436 ip:192.168.157.249
2019-08-29 08:22:56,814 [Datanode State Machine Thread - 0] INFO  datanode.InitDatanodeState (InitDatanodeState.java:persistContainerDatanodeDetails(140)) - DatanodeDetails is persisted to /workdir/hadoop-ozone/integration-test/target/test-dir/MiniOzoneClusterImpl-abd8892b-b936-4b08-8d84-fd22f8afb6b4/datanode-2/meta/datanode.id
2019-08-29 08:22:56,820 [main] INFO  volume.HddsVolume (HddsVolume.java:<init>(176)) - Creating Volume: /workdir/hadoop-ozone/integration-test/target/test-dir/MiniOzoneClusterImpl-abd8892b-b936-4b08-8d84-fd22f8afb6b4/datanode-3/data/containers/hdds of  storage type : DISK and capacity : 1482555576320
2019-08-29 08:22:56,820 [main] INFO  volume.VolumeSet (VolumeSet.java:initializeVolumeSet(170)) - Added Volume : /workdir/hadoop-ozone/integration-test/target/test-dir/MiniOzoneClusterImpl-abd8892b-b936-4b08-8d84-fd22f8afb6b4/datanode-3/data/containers/hdds to VolumeSet
2019-08-29 08:22:56,820 [main] INFO  volume.ThrottledAsyncChecker (ThrottledAsyncChecker.java:schedule(140)) - Scheduling a check for org.apache.hadoop.ozone.container.common.volume.HddsVolume@5ba03c82
2019-08-29 08:22:56,821 [main] INFO  volume.HddsVolumeChecker (HddsVolumeChecker.java:checkAllVolumes(203)) - Scheduled health check for volume org.apache.hadoop.ozone.container.common.volume.HddsVolume@5ba03c82
2019-08-29 08:22:56,837 [main] INFO  impl.RaftServerProxy (ConfUtils.java:logGet(43)) - raft.rpc.type = GRPC (default)
2019-08-29 08:22:56,837 [main] INFO  grpc.GrpcFactory (GrpcFactory.java:checkPooledByteBufAllocatorUseCacheForAllThreads(45)) - PERFORMANCE WARNING: useCacheForAllThreads is true that may cause Netty to create a lot garbage objects and, as a result, trigger GC.
	It is recommended to disable useCacheForAllThreads by setting -Dorg.apache.ratis.thirdparty.io.netty.allocator.useCacheForAllThreads=false in command line.
2019-08-29 08:22:56,837 [main] INFO  grpc.GrpcConfigKeys$Server (ConfUtils.java:logGet(43)) - raft.grpc.server.port = 0 (default)
2019-08-29 08:22:56,838 [main] INFO  server.GrpcService (ConfUtils.java:logGet(43)) - raft.grpc.message.size.max = 33570816 (custom)
2019-08-29 08:22:56,838 [main] INFO  server.RaftServerConfigKeys (ConfUtils.java:logGet(43)) - raft.server.log.appender.buffer.byte-limit = 33554432 (custom)
2019-08-29 08:22:56,838 [main] INFO  server.GrpcService (ConfUtils.java:logGet(43)) - raft.grpc.flow.control.window = 1MB (=1048576) (default)
2019-08-29 08:22:56,838 [main] INFO  server.RaftServerConfigKeys (ConfUtils.java:logGet(43)) - raft.server.rpc.request.timeout = 3000ms (default)
2019-08-29 08:22:56,839 [main] INFO  server.RaftServerConfigKeys (ConfUtils.java:logGet(43)) - raft.server.storage.dir = [/workdir/hadoop-ozone/integration-test/target/test-dir/MiniOzoneClusterImpl-abd8892b-b936-4b08-8d84-fd22f8afb6b4/datanode-3/data/ratis] (custom)
2019-08-29 08:22:56,840 [main] INFO  hdfs.DFSUtil (DFSUtil.java:httpServerTemplateForNNAndJN(1641)) - Starting Web-server for hddsDatanode at: http://0.0.0.0:0
2019-08-29 08:22:56,841 [main] INFO  server.AuthenticationFilter (AuthenticationFilter.java:constructSecretProvider(240)) - Unable to initialize FileSignerSecretProvider, falling back to use random secrets.
2019-08-29 08:22:56,842 [main] WARN  http.HttpRequestLog (HttpRequestLog.java:getRequestLog(97)) - Jetty request log can only be enabled using Log4j
2019-08-29 08:22:56,843 [main] INFO  http.HttpServer2 (HttpServer2.java:addGlobalFilter(975)) - Added global filter 'safety' (class=org.apache.hadoop.http.HttpServer2$QuotingInputFilter)
2019-08-29 08:22:56,844 [main] INFO  http.HttpServer2 (HttpServer2.java:addFilter(948)) - Added filter static_user_filter (class=org.apache.hadoop.http.lib.StaticUserWebFilter$StaticUserFilter) to context hddsDatanode
2019-08-29 08:22:56,844 [main] INFO  http.HttpServer2 (HttpServer2.java:addFilter(958)) - Added filter static_user_filter (class=org.apache.hadoop.http.lib.StaticUserWebFilter$StaticUserFilter) to context static
2019-08-29 08:22:56,844 [main] INFO  http.HttpServer2 (HttpServer2.java:addFilter(958)) - Added filter static_user_filter (class=org.apache.hadoop.http.lib.StaticUserWebFilter$StaticUserFilter) to context logs
2019-08-29 08:22:56,845 [main] INFO  http.HttpServer2 (HttpServer2.java:bindListener(1191)) - Jetty bound to port 43571
2019-08-29 08:22:56,845 [main] INFO  server.Server (Server.java:doStart(351)) - jetty-9.3.24.v20180605, build timestamp: 2018-06-05T17:11:56Z, git hash: 84205aa28f11a4f31f2a3b86d1bba2cc8ab69827
2019-08-29 08:22:56,847 [main] INFO  handler.ContextHandler (ContextHandler.java:doStart(781)) - Started o.e.j.s.ServletContextHandler@dd4aec3{/logs,file:///workdir/hadoop-ozone/integration-test/target/log,AVAILABLE}
2019-08-29 08:22:56,847 [main] INFO  handler.ContextHandler (ContextHandler.java:doStart(781)) - Started o.e.j.s.ServletContextHandler@568750b7{/static,jar:file:/home/user/.m2/repository/org/apache/hadoop/hadoop-hdds-container-service/0.5.0-SNAPSHOT/hadoop-hdds-container-service-0.5.0-SNAPSHOT.jar!/webapps/static,AVAILABLE}
2019-08-29 08:22:56,883 [main] INFO  handler.ContextHandler (ContextHandler.java:doStart(781)) - Started o.e.j.w.WebAppContext@5ad1904f{/,file:///tmp/jetty-0.0.0.0-43571-hddsDatanode-_-any-326461374510490763.dir/webapp/,AVAILABLE}{/hddsDatanode}
2019-08-29 08:22:56,883 [main] INFO  server.AbstractConnector (AbstractConnector.java:doStart(278)) - Started ServerConnector@a146b11{HTTP/1.1,[http/1.1]}{0.0.0.0:43571}
2019-08-29 08:22:56,885 [main] INFO  server.Server (Server.java:doStart(419)) - Started @41072ms
2019-08-29 08:22:56,886 [main] INFO  server.BaseHttpServer (BaseHttpServer.java:updateConnectorAddress(213)) - HTTP server of HDDSDATANODE is listening at http://0.0.0.0:43571
2019-08-29 08:22:56,887 [main] INFO  impl.MetricsSystemImpl (MetricsSystemImpl.java:init(158)) - HddsDatanode metrics system started (again)
2019-08-29 08:22:56,891 [org.apache.hadoop.util.JvmPauseMonitor$Monitor@4f2ecd2d] INFO  util.JvmPauseMonitor (JvmPauseMonitor.java:run(188)) - Starting JVM pause monitor
2019-08-29 08:22:56,891 [main] INFO  ozone.HddsDatanodeService (HddsDatanodeService.java:start(184)) - HddsDatanodeService host:pr-hdds-1949-rn9cj-2680188436 ip:192.168.157.249
2019-08-29 08:22:56,893 [Datanode State Machine Thread - 0] INFO  datanode.InitDatanodeState (InitDatanodeState.java:persistContainerDatanodeDetails(140)) - DatanodeDetails is persisted to /workdir/hadoop-ozone/integration-test/target/test-dir/MiniOzoneClusterImpl-abd8892b-b936-4b08-8d84-fd22f8afb6b4/datanode-3/meta/datanode.id
2019-08-29 08:22:56,897 [main] INFO  volume.HddsVolume (HddsVolume.java:<init>(176)) - Creating Volume: /workdir/hadoop-ozone/integration-test/target/test-dir/MiniOzoneClusterImpl-abd8892b-b936-4b08-8d84-fd22f8afb6b4/datanode-4/data/containers/hdds of  storage type : DISK and capacity : 1482555576320
2019-08-29 08:22:56,898 [main] INFO  volume.VolumeSet (VolumeSet.java:initializeVolumeSet(170)) - Added Volume : /workdir/hadoop-ozone/integration-test/target/test-dir/MiniOzoneClusterImpl-abd8892b-b936-4b08-8d84-fd22f8afb6b4/datanode-4/data/containers/hdds to VolumeSet
2019-08-29 08:22:56,898 [main] INFO  volume.ThrottledAsyncChecker (ThrottledAsyncChecker.java:schedule(140)) - Scheduling a check for org.apache.hadoop.ozone.container.common.volume.HddsVolume@32118208
2019-08-29 08:22:56,899 [main] INFO  volume.HddsVolumeChecker (HddsVolumeChecker.java:checkAllVolumes(203)) - Scheduled health check for volume org.apache.hadoop.ozone.container.common.volume.HddsVolume@32118208
2019-08-29 08:22:56,914 [main] INFO  impl.RaftServerProxy (ConfUtils.java:logGet(43)) - raft.rpc.type = GRPC (default)
2019-08-29 08:22:56,915 [main] INFO  grpc.GrpcFactory (GrpcFactory.java:checkPooledByteBufAllocatorUseCacheForAllThreads(45)) - PERFORMANCE WARNING: useCacheForAllThreads is true that may cause Netty to create a lot garbage objects and, as a result, trigger GC.
	It is recommended to disable useCacheForAllThreads by setting -Dorg.apache.ratis.thirdparty.io.netty.allocator.useCacheForAllThreads=false in command line.
2019-08-29 08:22:56,915 [main] INFO  grpc.GrpcConfigKeys$Server (ConfUtils.java:logGet(43)) - raft.grpc.server.port = 0 (default)
2019-08-29 08:22:56,915 [main] INFO  server.GrpcService (ConfUtils.java:logGet(43)) - raft.grpc.message.size.max = 33570816 (custom)
2019-08-29 08:22:56,915 [main] INFO  server.RaftServerConfigKeys (ConfUtils.java:logGet(43)) - raft.server.log.appender.buffer.byte-limit = 33554432 (custom)
2019-08-29 08:22:56,915 [main] INFO  server.GrpcService (ConfUtils.java:logGet(43)) - raft.grpc.flow.control.window = 1MB (=1048576) (default)
2019-08-29 08:22:56,916 [main] INFO  server.RaftServerConfigKeys (ConfUtils.java:logGet(43)) - raft.server.rpc.request.timeout = 3000ms (default)
2019-08-29 08:22:56,916 [main] INFO  server.RaftServerConfigKeys (ConfUtils.java:logGet(43)) - raft.server.storage.dir = [/workdir/hadoop-ozone/integration-test/target/test-dir/MiniOzoneClusterImpl-abd8892b-b936-4b08-8d84-fd22f8afb6b4/datanode-4/data/ratis] (custom)
2019-08-29 08:22:56,917 [main] INFO  hdfs.DFSUtil (DFSUtil.java:httpServerTemplateForNNAndJN(1641)) - Starting Web-server for hddsDatanode at: http://0.0.0.0:0
2019-08-29 08:22:56,919 [main] INFO  server.AuthenticationFilter (AuthenticationFilter.java:constructSecretProvider(240)) - Unable to initialize FileSignerSecretProvider, falling back to use random secrets.
2019-08-29 08:22:56,919 [main] WARN  http.HttpRequestLog (HttpRequestLog.java:getRequestLog(97)) - Jetty request log can only be enabled using Log4j
2019-08-29 08:22:56,921 [main] INFO  http.HttpServer2 (HttpServer2.java:addGlobalFilter(975)) - Added global filter 'safety' (class=org.apache.hadoop.http.HttpServer2$QuotingInputFilter)
2019-08-29 08:22:56,921 [main] INFO  http.HttpServer2 (HttpServer2.java:addFilter(948)) - Added filter static_user_filter (class=org.apache.hadoop.http.lib.StaticUserWebFilter$StaticUserFilter) to context hddsDatanode
2019-08-29 08:22:56,922 [main] INFO  http.HttpServer2 (HttpServer2.java:addFilter(958)) - Added filter static_user_filter (class=org.apache.hadoop.http.lib.StaticUserWebFilter$StaticUserFilter) to context logs
2019-08-29 08:22:56,922 [main] INFO  http.HttpServer2 (HttpServer2.java:addFilter(958)) - Added filter static_user_filter (class=org.apache.hadoop.http.lib.StaticUserWebFilter$StaticUserFilter) to context static
2019-08-29 08:22:56,922 [main] INFO  http.HttpServer2 (HttpServer2.java:bindListener(1191)) - Jetty bound to port 42472
2019-08-29 08:22:56,922 [main] INFO  server.Server (Server.java:doStart(351)) - jetty-9.3.24.v20180605, build timestamp: 2018-06-05T17:11:56Z, git hash: 84205aa28f11a4f31f2a3b86d1bba2cc8ab69827
2019-08-29 08:22:56,924 [main] INFO  handler.ContextHandler (ContextHandler.java:doStart(781)) - Started o.e.j.s.ServletContextHandler@2d0b05{/logs,file:///workdir/hadoop-ozone/integration-test/target/log,AVAILABLE}
2019-08-29 08:22:56,925 [main] INFO  handler.ContextHandler (ContextHandler.java:doStart(781)) - Started o.e.j.s.ServletContextHandler@2b916808{/static,jar:file:/home/user/.m2/repository/org/apache/hadoop/hadoop-hdds-container-service/0.5.0-SNAPSHOT/hadoop-hdds-container-service-0.5.0-SNAPSHOT.jar!/webapps/static,AVAILABLE}
2019-08-29 08:22:56,956 [main] INFO  handler.ContextHandler (ContextHandler.java:doStart(781)) - Started o.e.j.w.WebAppContext@1ec22831{/,file:///tmp/jetty-0.0.0.0-42472-hddsDatanode-_-any-6983189665522419875.dir/webapp/,AVAILABLE}{/hddsDatanode}
2019-08-29 08:22:56,957 [main] INFO  server.AbstractConnector (AbstractConnector.java:doStart(278)) - Started ServerConnector@63f855b{HTTP/1.1,[http/1.1]}{0.0.0.0:42472}
2019-08-29 08:22:56,958 [main] INFO  server.Server (Server.java:doStart(419)) - Started @41146ms
2019-08-29 08:22:56,959 [main] INFO  server.BaseHttpServer (BaseHttpServer.java:updateConnectorAddress(213)) - HTTP server of HDDSDATANODE is listening at http://0.0.0.0:42472
2019-08-29 08:22:56,960 [main] INFO  impl.MetricsSystemImpl (MetricsSystemImpl.java:init(158)) - HddsDatanode metrics system started (again)
2019-08-29 08:22:56,965 [org.apache.hadoop.util.JvmPauseMonitor$Monitor@f038e30] INFO  util.JvmPauseMonitor (JvmPauseMonitor.java:run(188)) - Starting JVM pause monitor
2019-08-29 08:22:56,965 [main] INFO  ozone.HddsDatanodeService (HddsDatanodeService.java:start(184)) - HddsDatanodeService host:pr-hdds-1949-rn9cj-2680188436 ip:192.168.157.249
2019-08-29 08:22:56,966 [Datanode State Machine Thread - 0] INFO  datanode.InitDatanodeState (InitDatanodeState.java:persistContainerDatanodeDetails(140)) - DatanodeDetails is persisted to /workdir/hadoop-ozone/integration-test/target/test-dir/MiniOzoneClusterImpl-abd8892b-b936-4b08-8d84-fd22f8afb6b4/datanode-4/meta/datanode.id
2019-08-29 08:22:56,972 [main] INFO  volume.HddsVolume (HddsVolume.java:<init>(176)) - Creating Volume: /workdir/hadoop-ozone/integration-test/target/test-dir/MiniOzoneClusterImpl-abd8892b-b936-4b08-8d84-fd22f8afb6b4/datanode-5/data/containers/hdds of  storage type : DISK and capacity : 1482555576320
2019-08-29 08:22:56,973 [main] INFO  volume.VolumeSet (VolumeSet.java:initializeVolumeSet(170)) - Added Volume : /workdir/hadoop-ozone/integration-test/target/test-dir/MiniOzoneClusterImpl-abd8892b-b936-4b08-8d84-fd22f8afb6b4/datanode-5/data/containers/hdds to VolumeSet
2019-08-29 08:22:56,974 [main] INFO  volume.ThrottledAsyncChecker (ThrottledAsyncChecker.java:schedule(140)) - Scheduling a check for org.apache.hadoop.ozone.container.common.volume.HddsVolume@b27b210
2019-08-29 08:22:56,975 [main] INFO  volume.HddsVolumeChecker (HddsVolumeChecker.java:checkAllVolumes(203)) - Scheduled health check for volume org.apache.hadoop.ozone.container.common.volume.HddsVolume@b27b210
2019-08-29 08:22:56,991 [main] INFO  impl.RaftServerProxy (ConfUtils.java:logGet(43)) - raft.rpc.type = GRPC (default)
2019-08-29 08:22:56,991 [main] INFO  grpc.GrpcFactory (GrpcFactory.java:checkPooledByteBufAllocatorUseCacheForAllThreads(45)) - PERFORMANCE WARNING: useCacheForAllThreads is true that may cause Netty to create a lot garbage objects and, as a result, trigger GC.
	It is recommended to disable useCacheForAllThreads by setting -Dorg.apache.ratis.thirdparty.io.netty.allocator.useCacheForAllThreads=false in command line.
2019-08-29 08:22:56,992 [main] INFO  grpc.GrpcConfigKeys$Server (ConfUtils.java:logGet(43)) - raft.grpc.server.port = 0 (default)
2019-08-29 08:22:56,992 [main] INFO  server.GrpcService (ConfUtils.java:logGet(43)) - raft.grpc.message.size.max = 33570816 (custom)
2019-08-29 08:22:56,992 [main] INFO  server.RaftServerConfigKeys (ConfUtils.java:logGet(43)) - raft.server.log.appender.buffer.byte-limit = 33554432 (custom)
2019-08-29 08:22:56,993 [main] INFO  server.GrpcService (ConfUtils.java:logGet(43)) - raft.grpc.flow.control.window = 1MB (=1048576) (default)
2019-08-29 08:22:56,993 [main] INFO  server.RaftServerConfigKeys (ConfUtils.java:logGet(43)) - raft.server.rpc.request.timeout = 3000ms (default)
2019-08-29 08:22:56,994 [main] INFO  server.RaftServerConfigKeys (ConfUtils.java:logGet(43)) - raft.server.storage.dir = [/workdir/hadoop-ozone/integration-test/target/test-dir/MiniOzoneClusterImpl-abd8892b-b936-4b08-8d84-fd22f8afb6b4/datanode-5/data/ratis] (custom)
2019-08-29 08:22:56,995 [main] INFO  hdfs.DFSUtil (DFSUtil.java:httpServerTemplateForNNAndJN(1641)) - Starting Web-server for hddsDatanode at: http://0.0.0.0:0
2019-08-29 08:22:56,997 [main] INFO  server.AuthenticationFilter (AuthenticationFilter.java:constructSecretProvider(240)) - Unable to initialize FileSignerSecretProvider, falling back to use random secrets.
2019-08-29 08:22:56,998 [main] WARN  http.HttpRequestLog (HttpRequestLog.java:getRequestLog(97)) - Jetty request log can only be enabled using Log4j
2019-08-29 08:22:57,000 [main] INFO  http.HttpServer2 (HttpServer2.java:addGlobalFilter(975)) - Added global filter 'safety' (class=org.apache.hadoop.http.HttpServer2$QuotingInputFilter)
2019-08-29 08:22:57,000 [main] INFO  http.HttpServer2 (HttpServer2.java:addFilter(948)) - Added filter static_user_filter (class=org.apache.hadoop.http.lib.StaticUserWebFilter$StaticUserFilter) to context hddsDatanode
2019-08-29 08:22:57,001 [main] INFO  http.HttpServer2 (HttpServer2.java:addFilter(958)) - Added filter static_user_filter (class=org.apache.hadoop.http.lib.StaticUserWebFilter$StaticUserFilter) to context logs
2019-08-29 08:22:57,001 [main] INFO  http.HttpServer2 (HttpServer2.java:addFilter(958)) - Added filter static_user_filter (class=org.apache.hadoop.http.lib.StaticUserWebFilter$StaticUserFilter) to context static
2019-08-29 08:22:57,002 [main] INFO  http.HttpServer2 (HttpServer2.java:bindListener(1191)) - Jetty bound to port 46530
2019-08-29 08:22:57,002 [main] INFO  server.Server (Server.java:doStart(351)) - jetty-9.3.24.v20180605, build timestamp: 2018-06-05T17:11:56Z, git hash: 84205aa28f11a4f31f2a3b86d1bba2cc8ab69827
2019-08-29 08:22:57,004 [main] INFO  handler.ContextHandler (ContextHandler.java:doStart(781)) - Started o.e.j.s.ServletContextHandler@75fd65c{/logs,file:///workdir/hadoop-ozone/integration-test/target/log,AVAILABLE}
2019-08-29 08:22:57,004 [main] INFO  handler.ContextHandler (ContextHandler.java:doStart(781)) - Started o.e.j.s.ServletContextHandler@2ceca2ef{/static,jar:file:/home/user/.m2/repository/org/apache/hadoop/hadoop-hdds-container-service/0.5.0-SNAPSHOT/hadoop-hdds-container-service-0.5.0-SNAPSHOT.jar!/webapps/static,AVAILABLE}
2019-08-29 08:22:57,034 [main] INFO  handler.ContextHandler (ContextHandler.java:doStart(781)) - Started o.e.j.w.WebAppContext@62cba181{/,file:///tmp/jetty-0.0.0.0-46530-hddsDatanode-_-any-8837779038400047721.dir/webapp/,AVAILABLE}{/hddsDatanode}
2019-08-29 08:22:57,034 [main] INFO  server.AbstractConnector (AbstractConnector.java:doStart(278)) - Started ServerConnector@1b482cbf{HTTP/1.1,[http/1.1]}{0.0.0.0:46530}
2019-08-29 08:22:57,036 [main] INFO  server.Server (Server.java:doStart(419)) - Started @41223ms
2019-08-29 08:22:57,037 [main] INFO  server.BaseHttpServer (BaseHttpServer.java:updateConnectorAddress(213)) - HTTP server of HDDSDATANODE is listening at http://0.0.0.0:46530
2019-08-29 08:22:57,037 [main] INFO  impl.MetricsSystemImpl (MetricsSystemImpl.java:init(158)) - HddsDatanode metrics system started (again)
2019-08-29 08:22:57,041 [org.apache.hadoop.util.JvmPauseMonitor$Monitor@3d031511] INFO  util.JvmPauseMonitor (JvmPauseMonitor.java:run(188)) - Starting JVM pause monitor
2019-08-29 08:22:57,042 [main] INFO  ozone.HddsDatanodeService (HddsDatanodeService.java:start(184)) - HddsDatanodeService host:pr-hdds-1949-rn9cj-2680188436 ip:192.168.157.249
2019-08-29 08:22:57,043 [Datanode State Machine Thread - 0] INFO  datanode.InitDatanodeState (InitDatanodeState.java:persistContainerDatanodeDetails(140)) - DatanodeDetails is persisted to /workdir/hadoop-ozone/integration-test/target/test-dir/MiniOzoneClusterImpl-abd8892b-b936-4b08-8d84-fd22f8afb6b4/datanode-5/meta/datanode.id
2019-08-29 08:22:57,047 [main] INFO  volume.HddsVolume (HddsVolume.java:<init>(176)) - Creating Volume: /workdir/hadoop-ozone/integration-test/target/test-dir/MiniOzoneClusterImpl-abd8892b-b936-4b08-8d84-fd22f8afb6b4/datanode-6/data/containers/hdds of  storage type : DISK and capacity : 1482555576320
2019-08-29 08:22:57,048 [main] INFO  volume.VolumeSet (VolumeSet.java:initializeVolumeSet(170)) - Added Volume : /workdir/hadoop-ozone/integration-test/target/test-dir/MiniOzoneClusterImpl-abd8892b-b936-4b08-8d84-fd22f8afb6b4/datanode-6/data/containers/hdds to VolumeSet
2019-08-29 08:22:57,048 [main] INFO  volume.ThrottledAsyncChecker (ThrottledAsyncChecker.java:schedule(140)) - Scheduling a check for org.apache.hadoop.ozone.container.common.volume.HddsVolume@40bb4f87
2019-08-29 08:22:57,048 [main] INFO  volume.HddsVolumeChecker (HddsVolumeChecker.java:checkAllVolumes(203)) - Scheduled health check for volume org.apache.hadoop.ozone.container.common.volume.HddsVolume@40bb4f87
2019-08-29 08:22:57,062 [main] INFO  impl.RaftServerProxy (ConfUtils.java:logGet(43)) - raft.rpc.type = GRPC (default)
2019-08-29 08:22:57,062 [main] INFO  grpc.GrpcFactory (GrpcFactory.java:checkPooledByteBufAllocatorUseCacheForAllThreads(45)) - PERFORMANCE WARNING: useCacheForAllThreads is true that may cause Netty to create a lot garbage objects and, as a result, trigger GC.
	It is recommended to disable useCacheForAllThreads by setting -Dorg.apache.ratis.thirdparty.io.netty.allocator.useCacheForAllThreads=false in command line.
2019-08-29 08:22:57,063 [main] INFO  grpc.GrpcConfigKeys$Server (ConfUtils.java:logGet(43)) - raft.grpc.server.port = 0 (default)
2019-08-29 08:22:57,063 [main] INFO  server.GrpcService (ConfUtils.java:logGet(43)) - raft.grpc.message.size.max = 33570816 (custom)
2019-08-29 08:22:57,063 [main] INFO  server.RaftServerConfigKeys (ConfUtils.java:logGet(43)) - raft.server.log.appender.buffer.byte-limit = 33554432 (custom)
2019-08-29 08:22:57,063 [main] INFO  server.GrpcService (ConfUtils.java:logGet(43)) - raft.grpc.flow.control.window = 1MB (=1048576) (default)
2019-08-29 08:22:57,064 [main] INFO  server.RaftServerConfigKeys (ConfUtils.java:logGet(43)) - raft.server.rpc.request.timeout = 3000ms (default)
2019-08-29 08:22:57,064 [main] INFO  server.RaftServerConfigKeys (ConfUtils.java:logGet(43)) - raft.server.storage.dir = [/workdir/hadoop-ozone/integration-test/target/test-dir/MiniOzoneClusterImpl-abd8892b-b936-4b08-8d84-fd22f8afb6b4/datanode-6/data/ratis] (custom)
2019-08-29 08:22:57,066 [main] INFO  hdfs.DFSUtil (DFSUtil.java:httpServerTemplateForNNAndJN(1641)) - Starting Web-server for hddsDatanode at: http://0.0.0.0:0
2019-08-29 08:22:57,068 [main] INFO  server.AuthenticationFilter (AuthenticationFilter.java:constructSecretProvider(240)) - Unable to initialize FileSignerSecretProvider, falling back to use random secrets.
2019-08-29 08:22:57,068 [main] WARN  http.HttpRequestLog (HttpRequestLog.java:getRequestLog(97)) - Jetty request log can only be enabled using Log4j
2019-08-29 08:22:57,070 [main] INFO  http.HttpServer2 (HttpServer2.java:addGlobalFilter(975)) - Added global filter 'safety' (class=org.apache.hadoop.http.HttpServer2$QuotingInputFilter)
2019-08-29 08:22:57,071 [main] INFO  http.HttpServer2 (HttpServer2.java:addFilter(948)) - Added filter static_user_filter (class=org.apache.hadoop.http.lib.StaticUserWebFilter$StaticUserFilter) to context hddsDatanode
2019-08-29 08:22:57,071 [main] INFO  http.HttpServer2 (HttpServer2.java:addFilter(958)) - Added filter static_user_filter (class=org.apache.hadoop.http.lib.StaticUserWebFilter$StaticUserFilter) to context static
2019-08-29 08:22:57,071 [main] INFO  http.HttpServer2 (HttpServer2.java:addFilter(958)) - Added filter static_user_filter (class=org.apache.hadoop.http.lib.StaticUserWebFilter$StaticUserFilter) to context logs
2019-08-29 08:22:57,072 [main] INFO  http.HttpServer2 (HttpServer2.java:bindListener(1191)) - Jetty bound to port 38639
2019-08-29 08:22:57,073 [main] INFO  server.Server (Server.java:doStart(351)) - jetty-9.3.24.v20180605, build timestamp: 2018-06-05T17:11:56Z, git hash: 84205aa28f11a4f31f2a3b86d1bba2cc8ab69827
2019-08-29 08:22:57,075 [main] INFO  handler.ContextHandler (ContextHandler.java:doStart(781)) - Started o.e.j.s.ServletContextHandler@1c52552f{/logs,file:///workdir/hadoop-ozone/integration-test/target/log,AVAILABLE}
2019-08-29 08:22:57,076 [main] INFO  handler.ContextHandler (ContextHandler.java:doStart(781)) - Started o.e.j.s.ServletContextHandler@1b0e9707{/static,jar:file:/home/user/.m2/repository/org/apache/hadoop/hadoop-hdds-container-service/0.5.0-SNAPSHOT/hadoop-hdds-container-service-0.5.0-SNAPSHOT.jar!/webapps/static,AVAILABLE}
2019-08-29 08:22:57,106 [main] INFO  handler.ContextHandler (ContextHandler.java:doStart(781)) - Started o.e.j.w.WebAppContext@1624775{/,file:///tmp/jetty-0.0.0.0-38639-hddsDatanode-_-any-1788403462659820747.dir/webapp/,AVAILABLE}{/hddsDatanode}
2019-08-29 08:22:57,107 [main] INFO  server.AbstractConnector (AbstractConnector.java:doStart(278)) - Started ServerConnector@1e7f19b4{HTTP/1.1,[http/1.1]}{0.0.0.0:38639}
2019-08-29 08:22:57,109 [main] INFO  server.Server (Server.java:doStart(419)) - Started @41296ms
2019-08-29 08:22:57,110 [main] INFO  server.BaseHttpServer (BaseHttpServer.java:updateConnectorAddress(213)) - HTTP server of HDDSDATANODE is listening at http://0.0.0.0:38639
2019-08-29 08:22:57,110 [main] INFO  ozone.MiniOzoneClusterImpl (MiniOzoneClusterImpl.java:lambda$waitForClusterToBeReady$0(142)) - Waiting for cluster to be ready. Got 0 of 7 DN Heartbeats.
2019-08-29 08:22:57,114 [org.apache.hadoop.util.JvmPauseMonitor$Monitor@6c4581e5] INFO  util.JvmPauseMonitor (JvmPauseMonitor.java:run(188)) - Starting JVM pause monitor
2019-08-29 08:22:57,116 [Datanode State Machine Thread - 0] INFO  datanode.InitDatanodeState (InitDatanodeState.java:persistContainerDatanodeDetails(140)) - DatanodeDetails is persisted to /workdir/hadoop-ozone/integration-test/target/test-dir/MiniOzoneClusterImpl-abd8892b-b936-4b08-8d84-fd22f8afb6b4/datanode-6/meta/datanode.id
2019-08-29 08:22:58,113 [main] INFO  ozone.MiniOzoneClusterImpl (MiniOzoneClusterImpl.java:lambda$waitForClusterToBeReady$0(142)) - Waiting for cluster to be ready. Got 0 of 7 DN Heartbeats.
2019-08-29 08:22:58,684 | INFO  | SCMAudit | user=jenkins1000 | ip=192.168.157.249 | op=GET_VERSION null | ret=SUCCESS |  
2019-08-29 08:22:58,700 [Datanode State Machine Thread - 0] INFO  ozoneimpl.OzoneContainer (OzoneContainer.java:start(201)) - Attempting to start container services.
2019-08-29 08:22:58,702 [Datanode State Machine Thread - 0] INFO  ozoneimpl.OzoneContainer (OzoneContainer.java:startContainerScrub(175)) - Background container scrubber has been disabled by hdds.containerscrub.enabled
2019-08-29 08:22:58,702 [Datanode State Machine Thread - 0] INFO  ratis.XceiverServerRatis (XceiverServerRatis.java:start(393)) - Starting XceiverServerRatis 6d68ca61-c219-4724-b8bb-ddcd01f258b2 at port 0
2019-08-29 08:22:58,713 [Datanode State Machine Thread - 0] INFO  impl.RaftServerProxy (RaftServerProxy.java:lambda$start$3(299)) - 6d68ca61-c219-4724-b8bb-ddcd01f258b2: start RPC server
2019-08-29 08:22:58,715 [Datanode State Machine Thread - 0] INFO  server.GrpcService (GrpcService.java:startImpl(149)) - 6d68ca61-c219-4724-b8bb-ddcd01f258b2: GrpcService started, listening on 0.0.0.0/0.0.0.0:36774
2019-08-29 08:22:58,716 [Datanode State Machine Thread - 0] INFO  ratis.XceiverServerRatis (XceiverServerRatis.java:start(403)) - XceiverServerRatis 6d68ca61-c219-4724-b8bb-ddcd01f258b2 is started using port 36774
2019-08-29 08:22:58,716 [Datanode State Machine Thread - 0] INFO  server.XceiverServerGrpc (XceiverServerGrpc.java:start(163)) - XceiverServerGrpc 6d68ca61-c219-4724-b8bb-ddcd01f258b2 is started using port 33170
2019-08-29 08:22:58,749 | INFO  | SCMAudit | user=jenkins1000 | ip=192.168.157.249 | op=GET_VERSION null | ret=SUCCESS |  
2019-08-29 08:22:58,765 [Datanode State Machine Thread - 0] INFO  ozoneimpl.OzoneContainer (OzoneContainer.java:start(201)) - Attempting to start container services.
2019-08-29 08:22:58,767 [Datanode State Machine Thread - 0] INFO  ozoneimpl.OzoneContainer (OzoneContainer.java:startContainerScrub(175)) - Background container scrubber has been disabled by hdds.containerscrub.enabled
2019-08-29 08:22:58,767 [Datanode State Machine Thread - 0] INFO  ratis.XceiverServerRatis (XceiverServerRatis.java:start(393)) - Starting XceiverServerRatis f3091307-9c6d-4cf5-b619-8e6cca6f84c9 at port 0
2019-08-29 08:22:58,773 [Datanode State Machine Thread - 0] INFO  impl.RaftServerProxy (RaftServerProxy.java:lambda$start$3(299)) - f3091307-9c6d-4cf5-b619-8e6cca6f84c9: start RPC server
2019-08-29 08:22:58,774 [Datanode State Machine Thread - 0] INFO  server.GrpcService (GrpcService.java:startImpl(149)) - f3091307-9c6d-4cf5-b619-8e6cca6f84c9: GrpcService started, listening on 0.0.0.0/0.0.0.0:36036
2019-08-29 08:22:58,774 [Datanode State Machine Thread - 0] INFO  ratis.XceiverServerRatis (XceiverServerRatis.java:start(403)) - XceiverServerRatis f3091307-9c6d-4cf5-b619-8e6cca6f84c9 is started using port 36036
2019-08-29 08:22:58,775 [Datanode State Machine Thread - 0] INFO  server.XceiverServerGrpc (XceiverServerGrpc.java:start(163)) - XceiverServerGrpc f3091307-9c6d-4cf5-b619-8e6cca6f84c9 is started using port 44180
2019-08-29 08:22:58,814 | INFO  | SCMAudit | user=jenkins1000 | ip=192.168.157.249 | op=GET_VERSION null | ret=SUCCESS |  
2019-08-29 08:22:58,828 [Datanode State Machine Thread - 0] INFO  ozoneimpl.OzoneContainer (OzoneContainer.java:start(201)) - Attempting to start container services.
2019-08-29 08:22:58,833 [Datanode State Machine Thread - 0] INFO  ozoneimpl.OzoneContainer (OzoneContainer.java:startContainerScrub(175)) - Background container scrubber has been disabled by hdds.containerscrub.enabled
2019-08-29 08:22:58,834 [Datanode State Machine Thread - 0] INFO  ratis.XceiverServerRatis (XceiverServerRatis.java:start(393)) - Starting XceiverServerRatis b3ac43d0-c6e0-46d8-bcc9-9ad695550644 at port 0
2019-08-29 08:22:58,839 [Datanode State Machine Thread - 0] INFO  impl.RaftServerProxy (RaftServerProxy.java:lambda$start$3(299)) - b3ac43d0-c6e0-46d8-bcc9-9ad695550644: start RPC server
2019-08-29 08:22:58,840 [Datanode State Machine Thread - 0] INFO  server.GrpcService (GrpcService.java:startImpl(149)) - b3ac43d0-c6e0-46d8-bcc9-9ad695550644: GrpcService started, listening on 0.0.0.0/0.0.0.0:40031
2019-08-29 08:22:58,840 [Datanode State Machine Thread - 0] INFO  ratis.XceiverServerRatis (XceiverServerRatis.java:start(403)) - XceiverServerRatis b3ac43d0-c6e0-46d8-bcc9-9ad695550644 is started using port 40031
2019-08-29 08:22:58,847 [Datanode State Machine Thread - 0] INFO  server.XceiverServerGrpc (XceiverServerGrpc.java:start(163)) - XceiverServerGrpc b3ac43d0-c6e0-46d8-bcc9-9ad695550644 is started using port 35290
2019-08-29 08:22:58,891 | INFO  | SCMAudit | user=jenkins1000 | ip=192.168.157.249 | op=GET_VERSION null | ret=SUCCESS |  
2019-08-29 08:22:58,906 [Datanode State Machine Thread - 0] INFO  ozoneimpl.OzoneContainer (OzoneContainer.java:start(201)) - Attempting to start container services.
2019-08-29 08:22:58,906 [Datanode State Machine Thread - 0] INFO  ozoneimpl.OzoneContainer (OzoneContainer.java:startContainerScrub(175)) - Background container scrubber has been disabled by hdds.containerscrub.enabled
2019-08-29 08:22:58,906 [Datanode State Machine Thread - 0] INFO  ratis.XceiverServerRatis (XceiverServerRatis.java:start(393)) - Starting XceiverServerRatis 2cd21838-1a98-4748-8882-d7146563928a at port 0
2019-08-29 08:22:58,912 [Datanode State Machine Thread - 0] INFO  impl.RaftServerProxy (RaftServerProxy.java:lambda$start$3(299)) - 2cd21838-1a98-4748-8882-d7146563928a: start RPC server
2019-08-29 08:22:58,913 [Datanode State Machine Thread - 0] INFO  server.GrpcService (GrpcService.java:startImpl(149)) - 2cd21838-1a98-4748-8882-d7146563928a: GrpcService started, listening on 0.0.0.0/0.0.0.0:40808
2019-08-29 08:22:58,913 [Datanode State Machine Thread - 0] INFO  ratis.XceiverServerRatis (XceiverServerRatis.java:start(403)) - XceiverServerRatis 2cd21838-1a98-4748-8882-d7146563928a is started using port 40808
2019-08-29 08:22:58,914 [Datanode State Machine Thread - 0] INFO  server.XceiverServerGrpc (XceiverServerGrpc.java:start(163)) - XceiverServerGrpc 2cd21838-1a98-4748-8882-d7146563928a is started using port 36399
2019-08-29 08:22:58,966 | INFO  | SCMAudit | user=jenkins1000 | ip=192.168.157.249 | op=GET_VERSION null | ret=SUCCESS |  
2019-08-29 08:22:58,980 [Datanode State Machine Thread - 0] INFO  ozoneimpl.OzoneContainer (OzoneContainer.java:start(201)) - Attempting to start container services.
2019-08-29 08:22:58,980 [Datanode State Machine Thread - 0] INFO  ozoneimpl.OzoneContainer (OzoneContainer.java:startContainerScrub(175)) - Background container scrubber has been disabled by hdds.containerscrub.enabled
2019-08-29 08:22:58,980 [Datanode State Machine Thread - 0] INFO  ratis.XceiverServerRatis (XceiverServerRatis.java:start(393)) - Starting XceiverServerRatis 35f04ff1-b93c-4ae0-b494-c5f2981bb056 at port 0
2019-08-29 08:22:58,987 [Datanode State Machine Thread - 0] INFO  impl.RaftServerProxy (RaftServerProxy.java:lambda$start$3(299)) - 35f04ff1-b93c-4ae0-b494-c5f2981bb056: start RPC server
2019-08-29 08:22:58,988 [Datanode State Machine Thread - 0] INFO  server.GrpcService (GrpcService.java:startImpl(149)) - 35f04ff1-b93c-4ae0-b494-c5f2981bb056: GrpcService started, listening on 0.0.0.0/0.0.0.0:45537
2019-08-29 08:22:58,988 [Datanode State Machine Thread - 0] INFO  ratis.XceiverServerRatis (XceiverServerRatis.java:start(403)) - XceiverServerRatis 35f04ff1-b93c-4ae0-b494-c5f2981bb056 is started using port 45537
2019-08-29 08:22:58,989 [Datanode State Machine Thread - 0] INFO  server.XceiverServerGrpc (XceiverServerGrpc.java:start(163)) - XceiverServerGrpc 35f04ff1-b93c-4ae0-b494-c5f2981bb056 is started using port 42091
2019-08-29 08:22:59,043 | INFO  | SCMAudit | user=jenkins1000 | ip=192.168.157.249 | op=GET_VERSION null | ret=SUCCESS |  
2019-08-29 08:22:59,057 [Datanode State Machine Thread - 0] INFO  ozoneimpl.OzoneContainer (OzoneContainer.java:start(201)) - Attempting to start container services.
2019-08-29 08:22:59,057 [Datanode State Machine Thread - 0] INFO  ozoneimpl.OzoneContainer (OzoneContainer.java:startContainerScrub(175)) - Background container scrubber has been disabled by hdds.containerscrub.enabled
2019-08-29 08:22:59,057 [Datanode State Machine Thread - 0] INFO  ratis.XceiverServerRatis (XceiverServerRatis.java:start(393)) - Starting XceiverServerRatis 500162f5-df4c-43d4-be22-b16b483ed3b9 at port 0
2019-08-29 08:22:59,062 [Datanode State Machine Thread - 0] INFO  impl.RaftServerProxy (RaftServerProxy.java:lambda$start$3(299)) - 500162f5-df4c-43d4-be22-b16b483ed3b9: start RPC server
2019-08-29 08:22:59,063 [Datanode State Machine Thread - 0] INFO  server.GrpcService (GrpcService.java:startImpl(149)) - 500162f5-df4c-43d4-be22-b16b483ed3b9: GrpcService started, listening on 0.0.0.0/0.0.0.0:46274
2019-08-29 08:22:59,063 [Datanode State Machine Thread - 0] INFO  ratis.XceiverServerRatis (XceiverServerRatis.java:start(403)) - XceiverServerRatis 500162f5-df4c-43d4-be22-b16b483ed3b9 is started using port 46274
2019-08-29 08:22:59,064 [Datanode State Machine Thread - 0] INFO  server.XceiverServerGrpc (XceiverServerGrpc.java:start(163)) - XceiverServerGrpc 500162f5-df4c-43d4-be22-b16b483ed3b9 is started using port 33428
2019-08-29 08:22:59,113 [main] INFO  ozone.MiniOzoneClusterImpl (MiniOzoneClusterImpl.java:lambda$waitForClusterToBeReady$0(142)) - Waiting for cluster to be ready. Got 0 of 7 DN Heartbeats.
2019-08-29 08:22:59,114 | INFO  | SCMAudit | user=jenkins1000 | ip=192.168.157.249 | op=GET_VERSION null | ret=SUCCESS |  
2019-08-29 08:22:59,128 [Datanode State Machine Thread - 0] INFO  ozoneimpl.OzoneContainer (OzoneContainer.java:start(201)) - Attempting to start container services.
2019-08-29 08:22:59,128 [Datanode State Machine Thread - 0] INFO  ozoneimpl.OzoneContainer (OzoneContainer.java:startContainerScrub(175)) - Background container scrubber has been disabled by hdds.containerscrub.enabled
2019-08-29 08:22:59,129 [Datanode State Machine Thread - 0] INFO  ratis.XceiverServerRatis (XceiverServerRatis.java:start(393)) - Starting XceiverServerRatis 24081c8f-d316-435d-a792-3431bfeb71b1 at port 0
2019-08-29 08:22:59,133 [Datanode State Machine Thread - 0] INFO  impl.RaftServerProxy (RaftServerProxy.java:lambda$start$3(299)) - 24081c8f-d316-435d-a792-3431bfeb71b1: start RPC server
2019-08-29 08:22:59,134 [Datanode State Machine Thread - 0] INFO  server.GrpcService (GrpcService.java:startImpl(149)) - 24081c8f-d316-435d-a792-3431bfeb71b1: GrpcService started, listening on 0.0.0.0/0.0.0.0:42130
2019-08-29 08:22:59,134 [Datanode State Machine Thread - 0] INFO  ratis.XceiverServerRatis (XceiverServerRatis.java:start(403)) - XceiverServerRatis 24081c8f-d316-435d-a792-3431bfeb71b1 is started using port 42130
2019-08-29 08:22:59,138 [Datanode State Machine Thread - 0] INFO  server.XceiverServerGrpc (XceiverServerGrpc.java:start(163)) - XceiverServerGrpc 24081c8f-d316-435d-a792-3431bfeb71b1 is started using port 37215
2019-08-29 08:23:00,114 [main] INFO  ozone.MiniOzoneClusterImpl (MiniOzoneClusterImpl.java:lambda$waitForClusterToBeReady$0(142)) - Waiting for cluster to be ready. Got 0 of 7 DN Heartbeats.
2019-08-29 08:23:00,683 [IPC Server handler 1 on 39123] INFO  net.NetworkTopology (NetworkTopologyImpl.java:add(110)) - Added a new node: /default-rack/6d68ca61-c219-4724-b8bb-ddcd01f258b2
2019-08-29 08:23:00,685 [IPC Server handler 1 on 39123] INFO  node.SCMNodeManager (SCMNodeManager.java:register(273)) - Registered Data node : 6d68ca61-c219-4724-b8bb-ddcd01f258b2{ip: 192.168.157.249, host: pr-hdds-1949-rn9cj-2680188436, networkLocation: /default-rack, certSerialId: null}
2019-08-29 08:23:00,686 [EventQueue-NodeRegistrationContainerReportForDataNodeSafeModeRule] INFO  safemode.SCMSafeModeManager (DataNodeSafeModeRule.java:process(71)) - SCM in safe mode. 1 DataNodes registered, 1 required.
2019-08-29 08:23:00,686 | INFO  | SCMAudit | user=jenkins1000 | ip=192.168.157.249 | op=REGISTER {datanodeDetails=6d68ca61-c219-4724-b8bb-ddcd01f258b2{ip: 192.168.157.249, host: pr-hdds-1949-rn9cj-2680188436, networkLocation: /default-rack, certSerialId: null}} | ret=SUCCESS |  
2019-08-29 08:23:00,688 [EventQueue-NodeRegistrationContainerReportForDataNodeSafeModeRule] INFO  safemode.SCMSafeModeManager (SCMSafeModeManager.java:validateSafeModeExitRules(177)) - ScmSafeModeManager, all rules are successfully validated
2019-08-29 08:23:00,688 [EventQueue-NodeRegistrationContainerReportForDataNodeSafeModeRule] INFO  safemode.SCMSafeModeManager (SCMSafeModeManager.java:exitSafeMode(193)) - SCM exiting safe mode.
2019-08-29 08:23:00,699 [grpc-default-executor-0] INFO  impl.RaftServerProxy (RaftServerProxy.java:addNew(89)) - 6d68ca61-c219-4724-b8bb-ddcd01f258b2: addNew group-43692615A8D9:[6d68ca61-c219-4724-b8bb-ddcd01f258b2:192.168.157.249:36774] returns group-43692615A8D9:java.util.concurrent.CompletableFuture@6f7a992f[Not completed]
2019-08-29 08:23:00,701 [pool-119-thread-1] INFO  impl.RaftServerImpl (RaftServerImpl.java:<init>(93)) - 6d68ca61-c219-4724-b8bb-ddcd01f258b2: new RaftServerImpl for group-43692615A8D9:[6d68ca61-c219-4724-b8bb-ddcd01f258b2:192.168.157.249:36774] with ContainerStateMachine:uninitialized
2019-08-29 08:23:00,701 [pool-119-thread-1] INFO  server.RaftServerConfigKeys (ConfUtils.java:logGet(43)) - raft.server.rpc.timeout.min = 5s (custom)
2019-08-29 08:23:00,701 [pool-119-thread-1] INFO  server.RaftServerConfigKeys (ConfUtils.java:logGet(43)) - raft.server.rpc.timeout.max = 5200ms (custom)
2019-08-29 08:23:00,701 [pool-119-thread-1] INFO  server.RaftServerConfigKeys (ConfUtils.java:logGet(43)) - raft.server.rpcslowness.timeout = 120s (custom)
2019-08-29 08:23:00,701 [pool-119-thread-1] INFO  server.RaftServerConfigKeys (ConfUtils.java:logGet(43)) - raft.server.sleep.deviation.threshold = 300 (default)
2019-08-29 08:23:00,701 [pool-119-thread-1] INFO  server.RaftServerConfigKeys (ConfUtils.java:logGet(43)) - raft.server.log.appender.install.snapshot.enabled = false (custom)
2019-08-29 08:23:00,701 [pool-119-thread-1] INFO  impl.RaftServerImpl (ServerState.java:<init>(105)) - 6d68ca61-c219-4724-b8bb-ddcd01f258b2:group-43692615A8D9 ConfigurationManager, init=-1: [6d68ca61-c219-4724-b8bb-ddcd01f258b2:192.168.157.249:36774], old=null, confs=<EMPTY_MAP>
2019-08-29 08:23:00,702 [pool-119-thread-1] INFO  server.RaftServerConfigKeys (ConfUtils.java:logGet(43)) - raft.server.storage.dir = [/workdir/hadoop-ozone/integration-test/target/test-dir/MiniOzoneClusterImpl-abd8892b-b936-4b08-8d84-fd22f8afb6b4/datanode-0/data/ratis] (custom)
2019-08-29 08:23:00,702 [pool-119-thread-1] INFO  storage.RaftStorageDirectory (RaftStorageDirectory.java:analyzeStorage(246)) - The storage directory /workdir/hadoop-ozone/integration-test/target/test-dir/MiniOzoneClusterImpl-abd8892b-b936-4b08-8d84-fd22f8afb6b4/datanode-0/data/ratis/6af0eaaa-8f1c-4e85-b5a5-43692615a8d9 does not exist. Creating ...
2019-08-29 08:23:00,724 [pool-119-thread-1] INFO  storage.RaftStorageDirectory (RaftStorageDirectory.java:tryLock(328)) - Lock on /workdir/hadoop-ozone/integration-test/target/test-dir/MiniOzoneClusterImpl-abd8892b-b936-4b08-8d84-fd22f8afb6b4/datanode-0/data/ratis/6af0eaaa-8f1c-4e85-b5a5-43692615a8d9/in_use.lock acquired by nodename 1784@pr-hdds-1949-rn9cj-2680188436
2019-08-29 08:23:00,743 [pool-119-thread-1] INFO  storage.RaftStorage (RaftStorage.java:format(72)) - Storage directory /workdir/hadoop-ozone/integration-test/target/test-dir/MiniOzoneClusterImpl-abd8892b-b936-4b08-8d84-fd22f8afb6b4/datanode-0/data/ratis/6af0eaaa-8f1c-4e85-b5a5-43692615a8d9 has been successfully formatted.
2019-08-29 08:23:00,744 [pool-119-thread-1] INFO  ratis.ContainerStateMachine (ContainerStateMachine.java:loadSnapshot(227)) - group-43692615A8D9: The snapshot info is null. Setting the last applied indexto:(t:0, i:~)
2019-08-29 08:23:00,744 [pool-119-thread-1] INFO  server.RaftServerConfigKeys (ConfUtils.java:logGet(43)) - raft.server.leader.election.timeout = 120s (custom)
2019-08-29 08:23:00,745 [pool-119-thread-1] INFO  server.RaftServerConfigKeys (ConfUtils.java:logGet(43)) - raft.server.log.use.memory = false (default)
2019-08-29 08:23:00,745 [pool-119-thread-1] INFO  server.RaftServerConfigKeys (ConfUtils.java:logGet(43)) - raft.server.log.purge.gap = 1000000 (custom)
2019-08-29 08:23:00,745 [pool-119-thread-1] INFO  server.RaftServerConfigKeys (ConfUtils.java:logGet(43)) - raft.server.log.appender.buffer.byte-limit = 33554432 (custom)
2019-08-29 08:23:00,745 [pool-119-thread-1] INFO  server.RaftServerConfigKeys (ConfUtils.java:logGet(43)) - raft.server.log.segment.size.max = 1048576 (custom)
2019-08-29 08:23:00,745 [pool-119-thread-1] INFO  server.RaftServerConfigKeys (ConfUtils.java:logGet(43)) - raft.server.log.segment.cache.num.max = 2 (custom)
2019-08-29 08:23:00,746 [pool-119-thread-1] INFO  segmented.SegmentedRaftLogWorker (SegmentedRaftLogWorker.java:<init>(172)) - new 6d68ca61-c219-4724-b8bb-ddcd01f258b2-SegmentedRaftLogWorker:Storage Directory /workdir/hadoop-ozone/integration-test/target/test-dir/MiniOzoneClusterImpl-abd8892b-b936-4b08-8d84-fd22f8afb6b4/datanode-0/data/ratis/6af0eaaa-8f1c-4e85-b5a5-43692615a8d9 for RaftStorage:Storage Directory /workdir/hadoop-ozone/integration-test/target/test-dir/MiniOzoneClusterImpl-abd8892b-b936-4b08-8d84-fd22f8afb6b4/datanode-0/data/ratis/6af0eaaa-8f1c-4e85-b5a5-43692615a8d9
2019-08-29 08:23:00,746 [pool-119-thread-1] INFO  server.RaftServerConfigKeys (ConfUtils.java:logGet(43)) - raft.server.log.queue.byte-limit = 2147483647 (custom)
2019-08-29 08:23:00,746 [pool-119-thread-1] INFO  server.RaftServerConfigKeys (ConfUtils.java:logGet(43)) - raft.server.log.queue.element-limit = 1024 (custom)
2019-08-29 08:23:00,747 [pool-119-thread-1] INFO  server.RaftServerConfigKeys (ConfUtils.java:logGet(43)) - raft.server.log.segment.size.max = 1048576 (custom)
2019-08-29 08:23:00,747 [pool-119-thread-1] INFO  server.RaftServerConfigKeys (ConfUtils.java:logGet(43)) - raft.server.log.preallocated.size = 16384 (custom)
2019-08-29 08:23:00,747 [pool-119-thread-1] INFO  server.RaftServerConfigKeys (ConfUtils.java:logGet(43)) - raft.server.log.write.buffer.size = 33554432 (custom)
2019-08-29 08:23:00,748 [pool-119-thread-1] INFO  server.RaftServerConfigKeys (ConfUtils.java:logGet(43)) - raft.server.log.force.sync.num = 128 (default)
2019-08-29 08:23:00,748 [pool-119-thread-1] INFO  server.RaftServerConfigKeys (ConfUtils.java:logGet(43)) - raft.server.log.statemachine.data.sync = true (default)
2019-08-29 08:23:00,748 [pool-119-thread-1] INFO  server.RaftServerConfigKeys (ConfUtils.java:logGet(43)) - raft.server.log.statemachine.data.sync.timeout = 10s (default)
2019-08-29 08:23:00,748 [pool-119-thread-1] INFO  server.RaftServerConfigKeys (ConfUtils.java:logGet(43)) - raft.server.log.statemachine.data.sync.timeout.retry = -1 (default)
2019-08-29 08:23:00,749 [pool-119-thread-1] INFO  server.RaftServerConfigKeys (ConfUtils.java:logGet(43)) - raft.server.log.statemachine.data.caching.enabled = true (custom)
2019-08-29 08:23:00,750 [pool-119-thread-1] INFO  segmented.SegmentedRaftLogWorker (SegmentedRaftLogWorker.java:lambda$new$0(132)) - 6d68ca61-c219-4724-b8bb-ddcd01f258b2-SegmentedRaftLogWorker:Storage Directory /workdir/hadoop-ozone/integration-test/target/test-dir/MiniOzoneClusterImpl-abd8892b-b936-4b08-8d84-fd22f8afb6b4/datanode-0/data/ratis/6af0eaaa-8f1c-4e85-b5a5-43692615a8d9: flushIndex: setUnconditionally 0 -> -1
2019-08-29 08:23:00,750 [IPC Server handler 2 on 39123] INFO  net.NetworkTopology (NetworkTopologyImpl.java:add(110)) - Added a new node: /default-rack/f3091307-9c6d-4cf5-b619-8e6cca6f84c9
2019-08-29 08:23:00,750 [pool-119-thread-1] INFO  server.RaftServerConfigKeys (ConfUtils.java:logGet(43)) - raft.server.snapshot.auto.trigger.enabled = true (custom)
2019-08-29 08:23:00,751 [pool-119-thread-1] INFO  server.RaftServerConfigKeys (ConfUtils.java:logGet(43)) - raft.server.snapshot.auto.trigger.threshold = 10000 (custom)
2019-08-29 08:23:00,751 [pool-119-thread-1] INFO  server.RaftServerConfigKeys (ConfUtils.java:logGet(43)) - raft.server.retrycache.expirytime = 600000ms (custom)
2019-08-29 08:23:00,751 [pool-119-thread-1] INFO  impl.RaftServerImpl (RaftServerImpl.java:start(180)) - 6d68ca61-c219-4724-b8bb-ddcd01f258b2: start group-43692615A8D9
2019-08-29 08:23:00,751 [pool-119-thread-1] INFO  impl.RaftServerImpl (RaftServerImpl.java:setRole(171)) - 6d68ca61-c219-4724-b8bb-ddcd01f258b2:group-43692615A8D9 changes role from null to FOLLOWER at term 0 for startAsFollower
2019-08-29 08:23:00,750 [IPC Server handler 2 on 39123] INFO  node.SCMNodeManager (SCMNodeManager.java:register(273)) - Registered Data node : f3091307-9c6d-4cf5-b619-8e6cca6f84c9{ip: 192.168.157.249, host: pr-hdds-1949-rn9cj-2680188436, networkLocation: /default-rack, certSerialId: null}
2019-08-29 08:23:00,751 [pool-119-thread-1] INFO  impl.RoleInfo (RoleInfo.java:updateAndGet(143)) - 6d68ca61-c219-4724-b8bb-ddcd01f258b2: start FollowerState
2019-08-29 08:23:00,752 | INFO  | SCMAudit | user=jenkins1000 | ip=192.168.157.249 | op=REGISTER {datanodeDetails=f3091307-9c6d-4cf5-b619-8e6cca6f84c9{ip: 192.168.157.249, host: pr-hdds-1949-rn9cj-2680188436, networkLocation: /default-rack, certSerialId: null}} | ret=SUCCESS |  
2019-08-29 08:23:00,752 [pool-119-thread-1] INFO  util.JmxRegister (JmxRegister.java:tryRegister(44)) - Successfully registered JMX Bean with object name Ratis:service=RaftServer,group=group-43692615A8D9,id=6d68ca61-c219-4724-b8bb-ddcd01f258b2
2019-08-29 08:23:00,766 [RatisPipelineUtilsThread] INFO  pipeline.PipelineStateManager (PipelineStateManager.java:addPipeline(56)) - Created pipeline Pipeline[ Id: 6af0eaaa-8f1c-4e85-b5a5-43692615a8d9, Nodes: 6d68ca61-c219-4724-b8bb-ddcd01f258b2{ip: 192.168.157.249, host: pr-hdds-1949-rn9cj-2680188436, networkLocation: /default-rack, certSerialId: null}, Type:RATIS, Factor:ONE, State:OPEN]
2019-08-29 08:23:00,778 [grpc-default-executor-0] INFO  impl.RaftServerProxy (RaftServerProxy.java:addNew(89)) - f3091307-9c6d-4cf5-b619-8e6cca6f84c9: addNew group-736211E52DF5:[f3091307-9c6d-4cf5-b619-8e6cca6f84c9:192.168.157.249:36036] returns group-736211E52DF5:java.util.concurrent.CompletableFuture@69844e6d[Not completed]
2019-08-29 08:23:00,780 [pool-129-thread-1] INFO  impl.RaftServerImpl (RaftServerImpl.java:<init>(93)) - f3091307-9c6d-4cf5-b619-8e6cca6f84c9: new RaftServerImpl for group-736211E52DF5:[f3091307-9c6d-4cf5-b619-8e6cca6f84c9:192.168.157.249:36036] with ContainerStateMachine:uninitialized
2019-08-29 08:23:00,780 [pool-129-thread-1] INFO  server.RaftServerConfigKeys (ConfUtils.java:logGet(43)) - raft.server.rpc.timeout.min = 5s (custom)
2019-08-29 08:23:00,780 [pool-129-thread-1] INFO  server.RaftServerConfigKeys (ConfUtils.java:logGet(43)) - raft.server.rpc.timeout.max = 5200ms (custom)
2019-08-29 08:23:00,780 [pool-129-thread-1] INFO  server.RaftServerConfigKeys (ConfUtils.java:logGet(43)) - raft.server.rpcslowness.timeout = 120s (custom)
2019-08-29 08:23:00,780 [pool-129-thread-1] INFO  server.RaftServerConfigKeys (ConfUtils.java:logGet(43)) - raft.server.sleep.deviation.threshold = 300 (default)
2019-08-29 08:23:00,780 [pool-129-thread-1] INFO  server.RaftServerConfigKeys (ConfUtils.java:logGet(43)) - raft.server.log.appender.install.snapshot.enabled = false (custom)
2019-08-29 08:23:00,780 [pool-129-thread-1] INFO  impl.RaftServerImpl (ServerState.java:<init>(105)) - f3091307-9c6d-4cf5-b619-8e6cca6f84c9:group-736211E52DF5 ConfigurationManager, init=-1: [f3091307-9c6d-4cf5-b619-8e6cca6f84c9:192.168.157.249:36036], old=null, confs=<EMPTY_MAP>
2019-08-29 08:23:00,781 [pool-129-thread-1] INFO  server.RaftServerConfigKeys (ConfUtils.java:logGet(43)) - raft.server.storage.dir = [/workdir/hadoop-ozone/integration-test/target/test-dir/MiniOzoneClusterImpl-abd8892b-b936-4b08-8d84-fd22f8afb6b4/datanode-1/data/ratis] (custom)
2019-08-29 08:23:00,781 [pool-129-thread-1] INFO  storage.RaftStorageDirectory (RaftStorageDirectory.java:analyzeStorage(246)) - The storage directory /workdir/hadoop-ozone/integration-test/target/test-dir/MiniOzoneClusterImpl-abd8892b-b936-4b08-8d84-fd22f8afb6b4/datanode-1/data/ratis/f53b7c9d-7d14-464d-9b18-736211e52df5 does not exist. Creating ...
2019-08-29 08:23:00,794 [pool-129-thread-1] INFO  storage.RaftStorageDirectory (RaftStorageDirectory.java:tryLock(328)) - Lock on /workdir/hadoop-ozone/integration-test/target/test-dir/MiniOzoneClusterImpl-abd8892b-b936-4b08-8d84-fd22f8afb6b4/datanode-1/data/ratis/f53b7c9d-7d14-464d-9b18-736211e52df5/in_use.lock acquired by nodename 1784@pr-hdds-1949-rn9cj-2680188436
2019-08-29 08:23:00,807 [pool-129-thread-1] INFO  storage.RaftStorage (RaftStorage.java:format(72)) - Storage directory /workdir/hadoop-ozone/integration-test/target/test-dir/MiniOzoneClusterImpl-abd8892b-b936-4b08-8d84-fd22f8afb6b4/datanode-1/data/ratis/f53b7c9d-7d14-464d-9b18-736211e52df5 has been successfully formatted.
2019-08-29 08:23:00,807 [pool-129-thread-1] INFO  ratis.ContainerStateMachine (ContainerStateMachine.java:loadSnapshot(227)) - group-736211E52DF5: The snapshot info is null. Setting the last applied indexto:(t:0, i:~)
2019-08-29 08:23:00,807 [pool-129-thread-1] INFO  server.RaftServerConfigKeys (ConfUtils.java:logGet(43)) - raft.server.leader.election.timeout = 120s (custom)
2019-08-29 08:23:00,807 [pool-129-thread-1] INFO  server.RaftServerConfigKeys (ConfUtils.java:logGet(43)) - raft.server.log.use.memory = false (default)
2019-08-29 08:23:00,808 [pool-129-thread-1] INFO  server.RaftServerConfigKeys (ConfUtils.java:logGet(43)) - raft.server.log.purge.gap = 1000000 (custom)
2019-08-29 08:23:00,808 [pool-129-thread-1] INFO  server.RaftServerConfigKeys (ConfUtils.java:logGet(43)) - raft.server.log.appender.buffer.byte-limit = 33554432 (custom)
2019-08-29 08:23:00,808 [pool-129-thread-1] INFO  server.RaftServerConfigKeys (ConfUtils.java:logGet(43)) - raft.server.log.segment.size.max = 1048576 (custom)
2019-08-29 08:23:00,809 [pool-129-thread-1] INFO  server.RaftServerConfigKeys (ConfUtils.java:logGet(43)) - raft.server.log.segment.cache.num.max = 2 (custom)
2019-08-29 08:23:00,809 [pool-129-thread-1] INFO  segmented.SegmentedRaftLogWorker (SegmentedRaftLogWorker.java:<init>(172)) - new f3091307-9c6d-4cf5-b619-8e6cca6f84c9-SegmentedRaftLogWorker:Storage Directory /workdir/hadoop-ozone/integration-test/target/test-dir/MiniOzoneClusterImpl-abd8892b-b936-4b08-8d84-fd22f8afb6b4/datanode-1/data/ratis/f53b7c9d-7d14-464d-9b18-736211e52df5 for RaftStorage:Storage Directory /workdir/hadoop-ozone/integration-test/target/test-dir/MiniOzoneClusterImpl-abd8892b-b936-4b08-8d84-fd22f8afb6b4/datanode-1/data/ratis/f53b7c9d-7d14-464d-9b18-736211e52df5
2019-08-29 08:23:00,809 [pool-129-thread-1] INFO  server.RaftServerConfigKeys (ConfUtils.java:logGet(43)) - raft.server.log.queue.byte-limit = 2147483647 (custom)
2019-08-29 08:23:00,809 [pool-129-thread-1] INFO  server.RaftServerConfigKeys (ConfUtils.java:logGet(43)) - raft.server.log.queue.element-limit = 1024 (custom)
2019-08-29 08:23:00,810 [pool-129-thread-1] INFO  server.RaftServerConfigKeys (ConfUtils.java:logGet(43)) - raft.server.log.segment.size.max = 1048576 (custom)
2019-08-29 08:23:00,810 [pool-129-thread-1] INFO  server.RaftServerConfigKeys (ConfUtils.java:logGet(43)) - raft.server.log.preallocated.size = 16384 (custom)
2019-08-29 08:23:00,810 [pool-129-thread-1] INFO  server.RaftServerConfigKeys (ConfUtils.java:logGet(43)) - raft.server.log.write.buffer.size = 33554432 (custom)
2019-08-29 08:23:00,810 [pool-129-thread-1] INFO  server.RaftServerConfigKeys (ConfUtils.java:logGet(43)) - raft.server.log.force.sync.num = 128 (default)
2019-08-29 08:23:00,810 [pool-129-thread-1] INFO  server.RaftServerConfigKeys (ConfUtils.java:logGet(43)) - raft.server.log.statemachine.data.sync = true (default)
2019-08-29 08:23:00,810 [pool-129-thread-1] INFO  server.RaftServerConfigKeys (ConfUtils.java:logGet(43)) - raft.server.log.statemachine.data.sync.timeout = 10s (default)
2019-08-29 08:23:00,810 [pool-129-thread-1] INFO  server.RaftServerConfigKeys (ConfUtils.java:logGet(43)) - raft.server.log.statemachine.data.sync.timeout.retry = -1 (default)
2019-08-29 08:23:00,811 [pool-129-thread-1] INFO  server.RaftServerConfigKeys (ConfUtils.java:logGet(43)) - raft.server.log.statemachine.data.caching.enabled = true (custom)
2019-08-29 08:23:00,811 [pool-129-thread-1] INFO  segmented.SegmentedRaftLogWorker (SegmentedRaftLogWorker.java:lambda$new$0(132)) - f3091307-9c6d-4cf5-b619-8e6cca6f84c9-SegmentedRaftLogWorker:Storage Directory /workdir/hadoop-ozone/integration-test/target/test-dir/MiniOzoneClusterImpl-abd8892b-b936-4b08-8d84-fd22f8afb6b4/datanode-1/data/ratis/f53b7c9d-7d14-464d-9b18-736211e52df5: flushIndex: setUnconditionally 0 -> -1
2019-08-29 08:23:00,812 [pool-129-thread-1] INFO  server.RaftServerConfigKeys (ConfUtils.java:logGet(43)) - raft.server.snapshot.auto.trigger.enabled = true (custom)
2019-08-29 08:23:00,812 [pool-129-thread-1] INFO  server.RaftServerConfigKeys (ConfUtils.java:logGet(43)) - raft.server.snapshot.auto.trigger.threshold = 10000 (custom)
2019-08-29 08:23:00,812 [pool-129-thread-1] INFO  server.RaftServerConfigKeys (ConfUtils.java:logGet(43)) - raft.server.retrycache.expirytime = 600000ms (custom)
2019-08-29 08:23:00,812 [pool-129-thread-1] INFO  impl.RaftServerImpl (RaftServerImpl.java:start(180)) - f3091307-9c6d-4cf5-b619-8e6cca6f84c9: start group-736211E52DF5
2019-08-29 08:23:00,812 [pool-129-thread-1] INFO  impl.RaftServerImpl (RaftServerImpl.java:setRole(171)) - f3091307-9c6d-4cf5-b619-8e6cca6f84c9:group-736211E52DF5 changes role from null to FOLLOWER at term 0 for startAsFollower
2019-08-29 08:23:00,812 [pool-129-thread-1] INFO  impl.RoleInfo (RoleInfo.java:updateAndGet(143)) - f3091307-9c6d-4cf5-b619-8e6cca6f84c9: start FollowerState
2019-08-29 08:23:00,813 [pool-129-thread-1] INFO  util.JmxRegister (JmxRegister.java:tryRegister(44)) - Successfully registered JMX Bean with object name Ratis:service=RaftServer,group=group-736211E52DF5,id=f3091307-9c6d-4cf5-b619-8e6cca6f84c9
2019-08-29 08:23:00,814 [IPC Server handler 3 on 39123] INFO  net.NetworkTopology (NetworkTopologyImpl.java:add(110)) - Added a new node: /default-rack/b3ac43d0-c6e0-46d8-bcc9-9ad695550644
2019-08-29 08:23:00,817 [IPC Server handler 3 on 39123] INFO  node.SCMNodeManager (SCMNodeManager.java:register(273)) - Registered Data node : b3ac43d0-c6e0-46d8-bcc9-9ad695550644{ip: 192.168.157.249, host: pr-hdds-1949-rn9cj-2680188436, networkLocation: /default-rack, certSerialId: null}
2019-08-29 08:23:00,817 | INFO  | SCMAudit | user=jenkins1000 | ip=192.168.157.249 | op=REGISTER {datanodeDetails=b3ac43d0-c6e0-46d8-bcc9-9ad695550644{ip: 192.168.157.249, host: pr-hdds-1949-rn9cj-2680188436, networkLocation: /default-rack, certSerialId: null}} | ret=SUCCESS |  
2019-08-29 08:23:00,818 [RatisPipelineUtilsThread] INFO  pipeline.PipelineStateManager (PipelineStateManager.java:addPipeline(56)) - Created pipeline Pipeline[ Id: f53b7c9d-7d14-464d-9b18-736211e52df5, Nodes: f3091307-9c6d-4cf5-b619-8e6cca6f84c9{ip: 192.168.157.249, host: pr-hdds-1949-rn9cj-2680188436, networkLocation: /default-rack, certSerialId: null}, Type:RATIS, Factor:ONE, State:OPEN]
2019-08-29 08:23:00,826 [grpc-default-executor-0] INFO  impl.RaftServerProxy (RaftServerProxy.java:addNew(89)) - b3ac43d0-c6e0-46d8-bcc9-9ad695550644: addNew group-FA92157906C5:[b3ac43d0-c6e0-46d8-bcc9-9ad695550644:192.168.157.249:40031] returns group-FA92157906C5:java.util.concurrent.CompletableFuture@718d3012[Not completed]
2019-08-29 08:23:00,831 [pool-139-thread-1] INFO  impl.RaftServerImpl (RaftServerImpl.java:<init>(93)) - b3ac43d0-c6e0-46d8-bcc9-9ad695550644: new RaftServerImpl for group-FA92157906C5:[b3ac43d0-c6e0-46d8-bcc9-9ad695550644:192.168.157.249:40031] with ContainerStateMachine:uninitialized
2019-08-29 08:23:00,831 [pool-139-thread-1] INFO  server.RaftServerConfigKeys (ConfUtils.java:logGet(43)) - raft.server.rpc.timeout.min = 5s (custom)
2019-08-29 08:23:00,831 [pool-139-thread-1] INFO  server.RaftServerConfigKeys (ConfUtils.java:logGet(43)) - raft.server.rpc.timeout.max = 5200ms (custom)
2019-08-29 08:23:00,832 [pool-139-thread-1] INFO  server.RaftServerConfigKeys (ConfUtils.java:logGet(43)) - raft.server.rpcslowness.timeout = 120s (custom)
2019-08-29 08:23:00,832 [pool-139-thread-1] INFO  server.RaftServerConfigKeys (ConfUtils.java:logGet(43)) - raft.server.sleep.deviation.threshold = 300 (default)
2019-08-29 08:23:00,832 [pool-139-thread-1] INFO  server.RaftServerConfigKeys (ConfUtils.java:logGet(43)) - raft.server.log.appender.install.snapshot.enabled = false (custom)
2019-08-29 08:23:00,832 [pool-139-thread-1] INFO  impl.RaftServerImpl (ServerState.java:<init>(105)) - b3ac43d0-c6e0-46d8-bcc9-9ad695550644:group-FA92157906C5 ConfigurationManager, init=-1: [b3ac43d0-c6e0-46d8-bcc9-9ad695550644:192.168.157.249:40031], old=null, confs=<EMPTY_MAP>
2019-08-29 08:23:00,832 [pool-139-thread-1] INFO  server.RaftServerConfigKeys (ConfUtils.java:logGet(43)) - raft.server.storage.dir = [/workdir/hadoop-ozone/integration-test/target/test-dir/MiniOzoneClusterImpl-abd8892b-b936-4b08-8d84-fd22f8afb6b4/datanode-2/data/ratis] (custom)
2019-08-29 08:23:00,832 [pool-139-thread-1] INFO  storage.RaftStorageDirectory (RaftStorageDirectory.java:analyzeStorage(246)) - The storage directory /workdir/hadoop-ozone/integration-test/target/test-dir/MiniOzoneClusterImpl-abd8892b-b936-4b08-8d84-fd22f8afb6b4/datanode-2/data/ratis/80d678f7-0a6f-49f4-8b25-fa92157906c5 does not exist. Creating ...
2019-08-29 08:23:00,845 [pool-139-thread-1] INFO  storage.RaftStorageDirectory (RaftStorageDirectory.java:tryLock(328)) - Lock on /workdir/hadoop-ozone/integration-test/target/test-dir/MiniOzoneClusterImpl-abd8892b-b936-4b08-8d84-fd22f8afb6b4/datanode-2/data/ratis/80d678f7-0a6f-49f4-8b25-fa92157906c5/in_use.lock acquired by nodename 1784@pr-hdds-1949-rn9cj-2680188436
2019-08-29 08:23:00,858 [pool-139-thread-1] INFO  storage.RaftStorage (RaftStorage.java:format(72)) - Storage directory /workdir/hadoop-ozone/integration-test/target/test-dir/MiniOzoneClusterImpl-abd8892b-b936-4b08-8d84-fd22f8afb6b4/datanode-2/data/ratis/80d678f7-0a6f-49f4-8b25-fa92157906c5 has been successfully formatted.
2019-08-29 08:23:00,859 [pool-139-thread-1] INFO  ratis.ContainerStateMachine (ContainerStateMachine.java:loadSnapshot(227)) - group-FA92157906C5: The snapshot info is null. Setting the last applied indexto:(t:0, i:~)
2019-08-29 08:23:00,859 [pool-139-thread-1] INFO  server.RaftServerConfigKeys (ConfUtils.java:logGet(43)) - raft.server.leader.election.timeout = 120s (custom)
2019-08-29 08:23:00,859 [pool-139-thread-1] INFO  server.RaftServerConfigKeys (ConfUtils.java:logGet(43)) - raft.server.log.use.memory = false (default)
2019-08-29 08:23:00,859 [pool-139-thread-1] INFO  server.RaftServerConfigKeys (ConfUtils.java:logGet(43)) - raft.server.log.purge.gap = 1000000 (custom)
2019-08-29 08:23:00,859 [pool-139-thread-1] INFO  server.RaftServerConfigKeys (ConfUtils.java:logGet(43)) - raft.server.log.appender.buffer.byte-limit = 33554432 (custom)
2019-08-29 08:23:00,859 [pool-139-thread-1] INFO  server.RaftServerConfigKeys (ConfUtils.java:logGet(43)) - raft.server.log.segment.size.max = 1048576 (custom)
2019-08-29 08:23:00,859 [pool-139-thread-1] INFO  server.RaftServerConfigKeys (ConfUtils.java:logGet(43)) - raft.server.log.segment.cache.num.max = 2 (custom)
2019-08-29 08:23:00,860 [pool-139-thread-1] INFO  segmented.SegmentedRaftLogWorker (SegmentedRaftLogWorker.java:<init>(172)) - new b3ac43d0-c6e0-46d8-bcc9-9ad695550644-SegmentedRaftLogWorker:Storage Directory /workdir/hadoop-ozone/integration-test/target/test-dir/MiniOzoneClusterImpl-abd8892b-b936-4b08-8d84-fd22f8afb6b4/datanode-2/data/ratis/80d678f7-0a6f-49f4-8b25-fa92157906c5 for RaftStorage:Storage Directory /workdir/hadoop-ozone/integration-test/target/test-dir/MiniOzoneClusterImpl-abd8892b-b936-4b08-8d84-fd22f8afb6b4/datanode-2/data/ratis/80d678f7-0a6f-49f4-8b25-fa92157906c5
2019-08-29 08:23:00,860 [pool-139-thread-1] INFO  server.RaftServerConfigKeys (ConfUtils.java:logGet(43)) - raft.server.log.queue.byte-limit = 2147483647 (custom)
2019-08-29 08:23:00,860 [pool-139-thread-1] INFO  server.RaftServerConfigKeys (ConfUtils.java:logGet(43)) - raft.server.log.queue.element-limit = 1024 (custom)
2019-08-29 08:23:00,860 [pool-139-thread-1] INFO  server.RaftServerConfigKeys (ConfUtils.java:logGet(43)) - raft.server.log.segment.size.max = 1048576 (custom)
2019-08-29 08:23:00,860 [pool-139-thread-1] INFO  server.RaftServerConfigKeys (ConfUtils.java:logGet(43)) - raft.server.log.preallocated.size = 16384 (custom)
2019-08-29 08:23:00,860 [pool-139-thread-1] INFO  server.RaftServerConfigKeys (ConfUtils.java:logGet(43)) - raft.server.log.write.buffer.size = 33554432 (custom)
2019-08-29 08:23:00,860 [pool-139-thread-1] INFO  server.RaftServerConfigKeys (ConfUtils.java:logGet(43)) - raft.server.log.force.sync.num = 128 (default)
2019-08-29 08:23:00,861 [pool-139-thread-1] INFO  server.RaftServerConfigKeys (ConfUtils.java:logGet(43)) - raft.server.log.statemachine.data.sync = true (default)
2019-08-29 08:23:00,861 [pool-139-thread-1] INFO  server.RaftServerConfigKeys (ConfUtils.java:logGet(43)) - raft.server.log.statemachine.data.sync.timeout = 10s (default)
2019-08-29 08:23:00,861 [pool-139-thread-1] INFO  server.RaftServerConfigKeys (ConfUtils.java:logGet(43)) - raft.server.log.statemachine.data.sync.timeout.retry = -1 (default)
2019-08-29 08:23:00,861 [pool-139-thread-1] INFO  server.RaftServerConfigKeys (ConfUtils.java:logGet(43)) - raft.server.log.statemachine.data.caching.enabled = true (custom)
2019-08-29 08:23:00,861 [pool-139-thread-1] INFO  segmented.SegmentedRaftLogWorker (SegmentedRaftLogWorker.java:lambda$new$0(132)) - b3ac43d0-c6e0-46d8-bcc9-9ad695550644-SegmentedRaftLogWorker:Storage Directory /workdir/hadoop-ozone/integration-test/target/test-dir/MiniOzoneClusterImpl-abd8892b-b936-4b08-8d84-fd22f8afb6b4/datanode-2/data/ratis/80d678f7-0a6f-49f4-8b25-fa92157906c5: flushIndex: setUnconditionally 0 -> -1
2019-08-29 08:23:00,862 [pool-139-thread-1] INFO  server.RaftServerConfigKeys (ConfUtils.java:logGet(43)) - raft.server.snapshot.auto.trigger.enabled = true (custom)
2019-08-29 08:23:00,862 [pool-139-thread-1] INFO  server.RaftServerConfigKeys (ConfUtils.java:logGet(43)) - raft.server.snapshot.auto.trigger.threshold = 10000 (custom)
2019-08-29 08:23:00,862 [pool-139-thread-1] INFO  server.RaftServerConfigKeys (ConfUtils.java:logGet(43)) - raft.server.retrycache.expirytime = 600000ms (custom)
2019-08-29 08:23:00,862 [pool-139-thread-1] INFO  impl.RaftServerImpl (RaftServerImpl.java:start(180)) - b3ac43d0-c6e0-46d8-bcc9-9ad695550644: start group-FA92157906C5
2019-08-29 08:23:00,862 [pool-139-thread-1] INFO  impl.RaftServerImpl (RaftServerImpl.java:setRole(171)) - b3ac43d0-c6e0-46d8-bcc9-9ad695550644:group-FA92157906C5 changes role from null to FOLLOWER at term 0 for startAsFollower
2019-08-29 08:23:00,862 [pool-139-thread-1] INFO  impl.RoleInfo (RoleInfo.java:updateAndGet(143)) - b3ac43d0-c6e0-46d8-bcc9-9ad695550644: start FollowerState
2019-08-29 08:23:00,863 [pool-139-thread-1] INFO  util.JmxRegister (JmxRegister.java:tryRegister(44)) - Successfully registered JMX Bean with object name Ratis:service=RaftServer,group=group-FA92157906C5,id=b3ac43d0-c6e0-46d8-bcc9-9ad695550644
2019-08-29 08:23:00,869 [RatisPipelineUtilsThread] INFO  pipeline.PipelineStateManager (PipelineStateManager.java:addPipeline(56)) - Created pipeline Pipeline[ Id: 80d678f7-0a6f-49f4-8b25-fa92157906c5, Nodes: b3ac43d0-c6e0-46d8-bcc9-9ad695550644{ip: 192.168.157.249, host: pr-hdds-1949-rn9cj-2680188436, networkLocation: /default-rack, certSerialId: null}, Type:RATIS, Factor:ONE, State:OPEN]
2019-08-29 08:23:00,882 [grpc-default-executor-2] INFO  impl.RaftServerProxy (RaftServerProxy.java:addNew(89)) - f3091307-9c6d-4cf5-b619-8e6cca6f84c9: addNew group-4C25E3B3B994:[f3091307-9c6d-4cf5-b619-8e6cca6f84c9:192.168.157.249:36036, 6d68ca61-c219-4724-b8bb-ddcd01f258b2:192.168.157.249:36774, b3ac43d0-c6e0-46d8-bcc9-9ad695550644:192.168.157.249:40031] returns group-4C25E3B3B994:java.util.concurrent.CompletableFuture@2f155715[Not completed]
2019-08-29 08:23:00,883 [grpc-default-executor-5] INFO  impl.RaftServerProxy (RaftServerProxy.java:addNew(89)) - 6d68ca61-c219-4724-b8bb-ddcd01f258b2: addNew group-4C25E3B3B994:[f3091307-9c6d-4cf5-b619-8e6cca6f84c9:192.168.157.249:36036, 6d68ca61-c219-4724-b8bb-ddcd01f258b2:192.168.157.249:36774, b3ac43d0-c6e0-46d8-bcc9-9ad695550644:192.168.157.249:40031] returns group-4C25E3B3B994:java.util.concurrent.CompletableFuture@2c41201d[Not completed]
2019-08-29 08:23:00,883 [grpc-default-executor-0] INFO  impl.RaftServerProxy (RaftServerProxy.java:addNew(89)) - b3ac43d0-c6e0-46d8-bcc9-9ad695550644: addNew group-4C25E3B3B994:[f3091307-9c6d-4cf5-b619-8e6cca6f84c9:192.168.157.249:36036, 6d68ca61-c219-4724-b8bb-ddcd01f258b2:192.168.157.249:36774, b3ac43d0-c6e0-46d8-bcc9-9ad695550644:192.168.157.249:40031] returns group-4C25E3B3B994:java.util.concurrent.CompletableFuture@803e134[Not completed]
2019-08-29 08:23:00,884 [pool-139-thread-1] INFO  impl.RaftServerImpl (RaftServerImpl.java:<init>(93)) - b3ac43d0-c6e0-46d8-bcc9-9ad695550644: new RaftServerImpl for group-4C25E3B3B994:[f3091307-9c6d-4cf5-b619-8e6cca6f84c9:192.168.157.249:36036, 6d68ca61-c219-4724-b8bb-ddcd01f258b2:192.168.157.249:36774, b3ac43d0-c6e0-46d8-bcc9-9ad695550644:192.168.157.249:40031] with ContainerStateMachine:uninitialized
2019-08-29 08:23:00,884 [pool-139-thread-1] INFO  server.RaftServerConfigKeys (ConfUtils.java:logGet(43)) - raft.server.rpc.timeout.min = 5s (custom)
2019-08-29 08:23:00,884 [pool-139-thread-1] INFO  server.RaftServerConfigKeys (ConfUtils.java:logGet(43)) - raft.server.rpc.timeout.max = 5200ms (custom)
2019-08-29 08:23:00,884 [pool-139-thread-1] INFO  server.RaftServerConfigKeys (ConfUtils.java:logGet(43)) - raft.server.rpcslowness.timeout = 120s (custom)
2019-08-29 08:23:00,884 [pool-139-thread-1] INFO  server.RaftServerConfigKeys (ConfUtils.java:logGet(43)) - raft.server.sleep.deviation.threshold = 300 (default)
2019-08-29 08:23:00,884 [pool-119-thread-1] INFO  impl.RaftServerImpl (RaftServerImpl.java:<init>(93)) - 6d68ca61-c219-4724-b8bb-ddcd01f258b2: new RaftServerImpl for group-4C25E3B3B994:[f3091307-9c6d-4cf5-b619-8e6cca6f84c9:192.168.157.249:36036, 6d68ca61-c219-4724-b8bb-ddcd01f258b2:192.168.157.249:36774, b3ac43d0-c6e0-46d8-bcc9-9ad695550644:192.168.157.249:40031] with ContainerStateMachine:uninitialized
2019-08-29 08:23:00,884 [pool-139-thread-1] INFO  server.RaftServerConfigKeys (ConfUtils.java:logGet(43)) - raft.server.log.appender.install.snapshot.enabled = false (custom)
2019-08-29 08:23:00,885 [pool-119-thread-1] INFO  server.RaftServerConfigKeys (ConfUtils.java:logGet(43)) - raft.server.rpc.timeout.min = 5s (custom)
2019-08-29 08:23:00,885 [pool-139-thread-1] INFO  impl.RaftServerImpl (ServerState.java:<init>(105)) - b3ac43d0-c6e0-46d8-bcc9-9ad695550644:group-4C25E3B3B994 ConfigurationManager, init=-1: [f3091307-9c6d-4cf5-b619-8e6cca6f84c9:192.168.157.249:36036, 6d68ca61-c219-4724-b8bb-ddcd01f258b2:192.168.157.249:36774, b3ac43d0-c6e0-46d8-bcc9-9ad695550644:192.168.157.249:40031], old=null, confs=<EMPTY_MAP>
2019-08-29 08:23:00,885 [pool-119-thread-1] INFO  server.RaftServerConfigKeys (ConfUtils.java:logGet(43)) - raft.server.rpc.timeout.max = 5200ms (custom)
2019-08-29 08:23:00,885 [pool-119-thread-1] INFO  server.RaftServerConfigKeys (ConfUtils.java:logGet(43)) - raft.server.rpcslowness.timeout = 120s (custom)
2019-08-29 08:23:00,885 [pool-119-thread-1] INFO  server.RaftServerConfigKeys (ConfUtils.java:logGet(43)) - raft.server.sleep.deviation.threshold = 300 (default)
2019-08-29 08:23:00,885 [pool-119-thread-1] INFO  server.RaftServerConfigKeys (ConfUtils.java:logGet(43)) - raft.server.log.appender.install.snapshot.enabled = false (custom)
2019-08-29 08:23:00,885 [pool-139-thread-1] INFO  server.RaftServerConfigKeys (ConfUtils.java:logGet(43)) - raft.server.storage.dir = [/workdir/hadoop-ozone/integration-test/target/test-dir/MiniOzoneClusterImpl-abd8892b-b936-4b08-8d84-fd22f8afb6b4/datanode-2/data/ratis] (custom)
2019-08-29 08:23:00,885 [pool-119-thread-1] INFO  impl.RaftServerImpl (ServerState.java:<init>(105)) - 6d68ca61-c219-4724-b8bb-ddcd01f258b2:group-4C25E3B3B994 ConfigurationManager, init=-1: [f3091307-9c6d-4cf5-b619-8e6cca6f84c9:192.168.157.249:36036, 6d68ca61-c219-4724-b8bb-ddcd01f258b2:192.168.157.249:36774, b3ac43d0-c6e0-46d8-bcc9-9ad695550644:192.168.157.249:40031], old=null, confs=<EMPTY_MAP>
2019-08-29 08:23:00,885 [pool-129-thread-1] INFO  impl.RaftServerImpl (RaftServerImpl.java:<init>(93)) - f3091307-9c6d-4cf5-b619-8e6cca6f84c9: new RaftServerImpl for group-4C25E3B3B994:[f3091307-9c6d-4cf5-b619-8e6cca6f84c9:192.168.157.249:36036, 6d68ca61-c219-4724-b8bb-ddcd01f258b2:192.168.157.249:36774, b3ac43d0-c6e0-46d8-bcc9-9ad695550644:192.168.157.249:40031] with ContainerStateMachine:uninitialized
2019-08-29 08:23:00,886 [pool-139-thread-1] INFO  storage.RaftStorageDirectory (RaftStorageDirectory.java:analyzeStorage(246)) - The storage directory /workdir/hadoop-ozone/integration-test/target/test-dir/MiniOzoneClusterImpl-abd8892b-b936-4b08-8d84-fd22f8afb6b4/datanode-2/data/ratis/26c84b39-af29-4179-bb90-4c25e3b3b994 does not exist. Creating ...
2019-08-29 08:23:00,885 [pool-119-thread-1] INFO  server.RaftServerConfigKeys (ConfUtils.java:logGet(43)) - raft.server.storage.dir = [/workdir/hadoop-ozone/integration-test/target/test-dir/MiniOzoneClusterImpl-abd8892b-b936-4b08-8d84-fd22f8afb6b4/datanode-0/data/ratis] (custom)
2019-08-29 08:23:00,886 [pool-129-thread-1] INFO  server.RaftServerConfigKeys (ConfUtils.java:logGet(43)) - raft.server.rpc.timeout.min = 5s (custom)
2019-08-29 08:23:00,886 [pool-119-thread-1] INFO  storage.RaftStorageDirectory (RaftStorageDirectory.java:analyzeStorage(246)) - The storage directory /workdir/hadoop-ozone/integration-test/target/test-dir/MiniOzoneClusterImpl-abd8892b-b936-4b08-8d84-fd22f8afb6b4/datanode-0/data/ratis/26c84b39-af29-4179-bb90-4c25e3b3b994 does not exist. Creating ...
2019-08-29 08:23:00,886 [pool-129-thread-1] INFO  server.RaftServerConfigKeys (ConfUtils.java:logGet(43)) - raft.server.rpc.timeout.max = 5200ms (custom)
2019-08-29 08:23:00,886 [pool-129-thread-1] INFO  server.RaftServerConfigKeys (ConfUtils.java:logGet(43)) - raft.server.rpcslowness.timeout = 120s (custom)
2019-08-29 08:23:00,886 [pool-129-thread-1] INFO  server.RaftServerConfigKeys (ConfUtils.java:logGet(43)) - raft.server.sleep.deviation.threshold = 300 (default)
2019-08-29 08:23:00,886 [pool-129-thread-1] INFO  server.RaftServerConfigKeys (ConfUtils.java:logGet(43)) - raft.server.log.appender.install.snapshot.enabled = false (custom)
2019-08-29 08:23:00,887 [pool-129-thread-1] INFO  impl.RaftServerImpl (ServerState.java:<init>(105)) - f3091307-9c6d-4cf5-b619-8e6cca6f84c9:group-4C25E3B3B994 ConfigurationManager, init=-1: [f3091307-9c6d-4cf5-b619-8e6cca6f84c9:192.168.157.249:36036, 6d68ca61-c219-4724-b8bb-ddcd01f258b2:192.168.157.249:36774, b3ac43d0-c6e0-46d8-bcc9-9ad695550644:192.168.157.249:40031], old=null, confs=<EMPTY_MAP>
2019-08-29 08:23:00,887 [pool-129-thread-1] INFO  server.RaftServerConfigKeys (ConfUtils.java:logGet(43)) - raft.server.storage.dir = [/workdir/hadoop-ozone/integration-test/target/test-dir/MiniOzoneClusterImpl-abd8892b-b936-4b08-8d84-fd22f8afb6b4/datanode-1/data/ratis] (custom)
2019-08-29 08:23:00,887 [pool-129-thread-1] INFO  storage.RaftStorageDirectory (RaftStorageDirectory.java:analyzeStorage(246)) - The storage directory /workdir/hadoop-ozone/integration-test/target/test-dir/MiniOzoneClusterImpl-abd8892b-b936-4b08-8d84-fd22f8afb6b4/datanode-1/data/ratis/26c84b39-af29-4179-bb90-4c25e3b3b994 does not exist. Creating ...
2019-08-29 08:23:00,892 [IPC Server handler 4 on 39123] INFO  net.NetworkTopology (NetworkTopologyImpl.java:add(110)) - Added a new node: /default-rack/2cd21838-1a98-4748-8882-d7146563928a
2019-08-29 08:23:00,892 [IPC Server handler 4 on 39123] INFO  node.SCMNodeManager (SCMNodeManager.java:register(273)) - Registered Data node : 2cd21838-1a98-4748-8882-d7146563928a{ip: 192.168.157.249, host: pr-hdds-1949-rn9cj-2680188436, networkLocation: /default-rack, certSerialId: null}
2019-08-29 08:23:00,892 | INFO  | SCMAudit | user=jenkins1000 | ip=192.168.157.249 | op=REGISTER {datanodeDetails=2cd21838-1a98-4748-8882-d7146563928a{ip: 192.168.157.249, host: pr-hdds-1949-rn9cj-2680188436, networkLocation: /default-rack, certSerialId: null}} | ret=SUCCESS |  
2019-08-29 08:23:00,899 [pool-119-thread-1] INFO  storage.RaftStorageDirectory (RaftStorageDirectory.java:tryLock(328)) - Lock on /workdir/hadoop-ozone/integration-test/target/test-dir/MiniOzoneClusterImpl-abd8892b-b936-4b08-8d84-fd22f8afb6b4/datanode-0/data/ratis/26c84b39-af29-4179-bb90-4c25e3b3b994/in_use.lock acquired by nodename 1784@pr-hdds-1949-rn9cj-2680188436
2019-08-29 08:23:00,899 [pool-129-thread-1] INFO  storage.RaftStorageDirectory (RaftStorageDirectory.java:tryLock(328)) - Lock on /workdir/hadoop-ozone/integration-test/target/test-dir/MiniOzoneClusterImpl-abd8892b-b936-4b08-8d84-fd22f8afb6b4/datanode-1/data/ratis/26c84b39-af29-4179-bb90-4c25e3b3b994/in_use.lock acquired by nodename 1784@pr-hdds-1949-rn9cj-2680188436
2019-08-29 08:23:00,899 [pool-139-thread-1] INFO  storage.RaftStorageDirectory (RaftStorageDirectory.java:tryLock(328)) - Lock on /workdir/hadoop-ozone/integration-test/target/test-dir/MiniOzoneClusterImpl-abd8892b-b936-4b08-8d84-fd22f8afb6b4/datanode-2/data/ratis/26c84b39-af29-4179-bb90-4c25e3b3b994/in_use.lock acquired by nodename 1784@pr-hdds-1949-rn9cj-2680188436
2019-08-29 08:23:00,913 [pool-119-thread-1] INFO  storage.RaftStorage (RaftStorage.java:format(72)) - Storage directory /workdir/hadoop-ozone/integration-test/target/test-dir/MiniOzoneClusterImpl-abd8892b-b936-4b08-8d84-fd22f8afb6b4/datanode-0/data/ratis/26c84b39-af29-4179-bb90-4c25e3b3b994 has been successfully formatted.
2019-08-29 08:23:00,913 [pool-139-thread-1] INFO  storage.RaftStorage (RaftStorage.java:format(72)) - Storage directory /workdir/hadoop-ozone/integration-test/target/test-dir/MiniOzoneClusterImpl-abd8892b-b936-4b08-8d84-fd22f8afb6b4/datanode-2/data/ratis/26c84b39-af29-4179-bb90-4c25e3b3b994 has been successfully formatted.
2019-08-29 08:23:00,913 [pool-129-thread-1] INFO  storage.RaftStorage (RaftStorage.java:format(72)) - Storage directory /workdir/hadoop-ozone/integration-test/target/test-dir/MiniOzoneClusterImpl-abd8892b-b936-4b08-8d84-fd22f8afb6b4/datanode-1/data/ratis/26c84b39-af29-4179-bb90-4c25e3b3b994 has been successfully formatted.
2019-08-29 08:23:00,913 [pool-139-thread-1] INFO  ratis.ContainerStateMachine (ContainerStateMachine.java:loadSnapshot(227)) - group-4C25E3B3B994: The snapshot info is null. Setting the last applied indexto:(t:0, i:~)
2019-08-29 08:23:00,914 [pool-129-thread-1] INFO  ratis.ContainerStateMachine (ContainerStateMachine.java:loadSnapshot(227)) - group-4C25E3B3B994: The snapshot info is null. Setting the last applied indexto:(t:0, i:~)
2019-08-29 08:23:00,913 [pool-119-thread-1] INFO  ratis.ContainerStateMachine (ContainerStateMachine.java:loadSnapshot(227)) - group-4C25E3B3B994: The snapshot info is null. Setting the last applied indexto:(t:0, i:~)
2019-08-29 08:23:00,914 [pool-129-thread-1] INFO  server.RaftServerConfigKeys (ConfUtils.java:logGet(43)) - raft.server.leader.election.timeout = 120s (custom)
2019-08-29 08:23:00,914 [pool-139-thread-1] INFO  server.RaftServerConfigKeys (ConfUtils.java:logGet(43)) - raft.server.leader.election.timeout = 120s (custom)
2019-08-29 08:23:00,914 [pool-129-thread-1] INFO  server.RaftServerConfigKeys (ConfUtils.java:logGet(43)) - raft.server.log.use.memory = false (default)
2019-08-29 08:23:00,914 [pool-119-thread-1] INFO  server.RaftServerConfigKeys (ConfUtils.java:logGet(43)) - raft.server.leader.election.timeout = 120s (custom)
2019-08-29 08:23:00,914 [pool-129-thread-1] INFO  server.RaftServerConfigKeys (ConfUtils.java:logGet(43)) - raft.server.log.purge.gap = 1000000 (custom)
2019-08-29 08:23:00,914 [pool-139-thread-1] INFO  server.RaftServerConfigKeys (ConfUtils.java:logGet(43)) - raft.server.log.use.memory = false (default)
2019-08-29 08:23:00,914 [pool-129-thread-1] INFO  server.RaftServerConfigKeys (ConfUtils.java:logGet(43)) - raft.server.log.appender.buffer.byte-limit = 33554432 (custom)
2019-08-29 08:23:00,914 [pool-119-thread-1] INFO  server.RaftServerConfigKeys (ConfUtils.java:logGet(43)) - raft.server.log.use.memory = false (default)
2019-08-29 08:23:00,915 [pool-129-thread-1] INFO  server.RaftServerConfigKeys (ConfUtils.java:logGet(43)) - raft.server.log.segment.size.max = 1048576 (custom)
2019-08-29 08:23:00,914 [pool-139-thread-1] INFO  server.RaftServerConfigKeys (ConfUtils.java:logGet(43)) - raft.server.log.purge.gap = 1000000 (custom)
2019-08-29 08:23:00,915 [pool-129-thread-1] INFO  server.RaftServerConfigKeys (ConfUtils.java:logGet(43)) - raft.server.log.segment.cache.num.max = 2 (custom)
2019-08-29 08:23:00,915 [pool-119-thread-1] INFO  server.RaftServerConfigKeys (ConfUtils.java:logGet(43)) - raft.server.log.purge.gap = 1000000 (custom)
2019-08-29 08:23:00,915 [pool-129-thread-1] INFO  segmented.SegmentedRaftLogWorker (SegmentedRaftLogWorker.java:<init>(172)) - new f3091307-9c6d-4cf5-b619-8e6cca6f84c9-SegmentedRaftLogWorker:Storage Directory /workdir/hadoop-ozone/integration-test/target/test-dir/MiniOzoneClusterImpl-abd8892b-b936-4b08-8d84-fd22f8afb6b4/datanode-1/data/ratis/26c84b39-af29-4179-bb90-4c25e3b3b994 for RaftStorage:Storage Directory /workdir/hadoop-ozone/integration-test/target/test-dir/MiniOzoneClusterImpl-abd8892b-b936-4b08-8d84-fd22f8afb6b4/datanode-1/data/ratis/26c84b39-af29-4179-bb90-4c25e3b3b994
2019-08-29 08:23:00,915 [pool-139-thread-1] INFO  server.RaftServerConfigKeys (ConfUtils.java:logGet(43)) - raft.server.log.appender.buffer.byte-limit = 33554432 (custom)
2019-08-29 08:23:00,915 [pool-129-thread-1] INFO  server.RaftServerConfigKeys (ConfUtils.java:logGet(43)) - raft.server.log.queue.byte-limit = 2147483647 (custom)
2019-08-29 08:23:00,915 [pool-119-thread-1] INFO  server.RaftServerConfigKeys (ConfUtils.java:logGet(43)) - raft.server.log.appender.buffer.byte-limit = 33554432 (custom)
2019-08-29 08:23:00,915 [pool-129-thread-1] INFO  server.RaftServerConfigKeys (ConfUtils.java:logGet(43)) - raft.server.log.queue.element-limit = 1024 (custom)
2019-08-29 08:23:00,915 [pool-139-thread-1] INFO  server.RaftServerConfigKeys (ConfUtils.java:logGet(43)) - raft.server.log.segment.size.max = 1048576 (custom)
2019-08-29 08:23:00,916 [pool-129-thread-1] INFO  server.RaftServerConfigKeys (ConfUtils.java:logGet(43)) - raft.server.log.segment.size.max = 1048576 (custom)
2019-08-29 08:23:00,916 [pool-119-thread-1] INFO  server.RaftServerConfigKeys (ConfUtils.java:logGet(43)) - raft.server.log.segment.size.max = 1048576 (custom)
2019-08-29 08:23:00,916 [pool-129-thread-1] INFO  server.RaftServerConfigKeys (ConfUtils.java:logGet(43)) - raft.server.log.preallocated.size = 16384 (custom)
2019-08-29 08:23:00,916 [pool-139-thread-1] INFO  server.RaftServerConfigKeys (ConfUtils.java:logGet(43)) - raft.server.log.segment.cache.num.max = 2 (custom)
2019-08-29 08:23:00,916 [pool-129-thread-1] INFO  server.RaftServerConfigKeys (ConfUtils.java:logGet(43)) - raft.server.log.write.buffer.size = 33554432 (custom)
2019-08-29 08:23:00,916 [pool-119-thread-1] INFO  server.RaftServerConfigKeys (ConfUtils.java:logGet(43)) - raft.server.log.segment.cache.num.max = 2 (custom)
2019-08-29 08:23:00,916 [pool-129-thread-1] INFO  server.RaftServerConfigKeys (ConfUtils.java:logGet(43)) - raft.server.log.force.sync.num = 128 (default)
2019-08-29 08:23:00,916 [pool-139-thread-1] INFO  segmented.SegmentedRaftLogWorker (SegmentedRaftLogWorker.java:<init>(172)) - new b3ac43d0-c6e0-46d8-bcc9-9ad695550644-SegmentedRaftLogWorker:Storage Directory /workdir/hadoop-ozone/integration-test/target/test-dir/MiniOzoneClusterImpl-abd8892b-b936-4b08-8d84-fd22f8afb6b4/datanode-2/data/ratis/26c84b39-af29-4179-bb90-4c25e3b3b994 for RaftStorage:Storage Directory /workdir/hadoop-ozone/integration-test/target/test-dir/MiniOzoneClusterImpl-abd8892b-b936-4b08-8d84-fd22f8afb6b4/datanode-2/data/ratis/26c84b39-af29-4179-bb90-4c25e3b3b994
2019-08-29 08:23:00,916 [pool-129-thread-1] INFO  server.RaftServerConfigKeys (ConfUtils.java:logGet(43)) - raft.server.log.statemachine.data.sync = true (default)
2019-08-29 08:23:00,916 [pool-119-thread-1] INFO  segmented.SegmentedRaftLogWorker (SegmentedRaftLogWorker.java:<init>(172)) - new 6d68ca61-c219-4724-b8bb-ddcd01f258b2-SegmentedRaftLogWorker:Storage Directory /workdir/hadoop-ozone/integration-test/target/test-dir/MiniOzoneClusterImpl-abd8892b-b936-4b08-8d84-fd22f8afb6b4/datanode-0/data/ratis/26c84b39-af29-4179-bb90-4c25e3b3b994 for RaftStorage:Storage Directory /workdir/hadoop-ozone/integration-test/target/test-dir/MiniOzoneClusterImpl-abd8892b-b936-4b08-8d84-fd22f8afb6b4/datanode-0/data/ratis/26c84b39-af29-4179-bb90-4c25e3b3b994
2019-08-29 08:23:00,917 [pool-129-thread-1] INFO  server.RaftServerConfigKeys (ConfUtils.java:logGet(43)) - raft.server.log.statemachine.data.sync.timeout = 10s (default)
2019-08-29 08:23:00,917 [pool-139-thread-1] INFO  server.RaftServerConfigKeys (ConfUtils.java:logGet(43)) - raft.server.log.queue.byte-limit = 2147483647 (custom)
2019-08-29 08:23:00,917 [pool-129-thread-1] INFO  server.RaftServerConfigKeys (ConfUtils.java:logGet(43)) - raft.server.log.statemachine.data.sync.timeout.retry = -1 (default)
2019-08-29 08:23:00,917 [pool-119-thread-1] INFO  server.RaftServerConfigKeys (ConfUtils.java:logGet(43)) - raft.server.log.queue.byte-limit = 2147483647 (custom)
2019-08-29 08:23:00,917 [pool-129-thread-1] INFO  server.RaftServerConfigKeys (ConfUtils.java:logGet(43)) - raft.server.log.statemachine.data.caching.enabled = true (custom)
2019-08-29 08:23:00,917 [pool-139-thread-1] INFO  server.RaftServerConfigKeys (ConfUtils.java:logGet(43)) - raft.server.log.queue.element-limit = 1024 (custom)
2019-08-29 08:23:00,918 [pool-129-thread-1] INFO  segmented.SegmentedRaftLogWorker (SegmentedRaftLogWorker.java:lambda$new$0(132)) - f3091307-9c6d-4cf5-b619-8e6cca6f84c9-SegmentedRaftLogWorker:Storage Directory /workdir/hadoop-ozone/integration-test/target/test-dir/MiniOzoneClusterImpl-abd8892b-b936-4b08-8d84-fd22f8afb6b4/datanode-1/data/ratis/26c84b39-af29-4179-bb90-4c25e3b3b994: flushIndex: setUnconditionally 0 -> -1
2019-08-29 08:23:00,917 [pool-119-thread-1] INFO  server.RaftServerConfigKeys (ConfUtils.java:logGet(43)) - raft.server.log.queue.element-limit = 1024 (custom)
2019-08-29 08:23:00,918 [pool-139-thread-1] INFO  server.RaftServerConfigKeys (ConfUtils.java:logGet(43)) - raft.server.log.segment.size.max = 1048576 (custom)
2019-08-29 08:23:00,918 [pool-119-thread-1] INFO  server.RaftServerConfigKeys (ConfUtils.java:logGet(43)) - raft.server.log.segment.size.max = 1048576 (custom)
2019-08-29 08:23:00,918 [pool-129-thread-1] INFO  server.RaftServerConfigKeys (ConfUtils.java:logGet(43)) - raft.server.snapshot.auto.trigger.enabled = true (custom)
2019-08-29 08:23:00,918 [pool-119-thread-1] INFO  server.RaftServerConfigKeys (ConfUtils.java:logGet(43)) - raft.server.log.preallocated.size = 16384 (custom)
2019-08-29 08:23:00,918 [pool-139-thread-1] INFO  server.RaftServerConfigKeys (ConfUtils.java:logGet(43)) - raft.server.log.preallocated.size = 16384 (custom)
2019-08-29 08:23:00,918 [pool-119-thread-1] INFO  server.RaftServerConfigKeys (ConfUtils.java:logGet(43)) - raft.server.log.write.buffer.size = 33554432 (custom)
2019-08-29 08:23:00,918 [pool-129-thread-1] INFO  server.RaftServerConfigKeys (ConfUtils.java:logGet(43)) - raft.server.snapshot.auto.trigger.threshold = 10000 (custom)
2019-08-29 08:23:00,918 [pool-119-thread-1] INFO  server.RaftServerConfigKeys (ConfUtils.java:logGet(43)) - raft.server.log.force.sync.num = 128 (default)
2019-08-29 08:23:00,918 [pool-139-thread-1] INFO  server.RaftServerConfigKeys (ConfUtils.java:logGet(43)) - raft.server.log.write.buffer.size = 33554432 (custom)
2019-08-29 08:23:00,919 [pool-119-thread-1] INFO  server.RaftServerConfigKeys (ConfUtils.java:logGet(43)) - raft.server.log.statemachine.data.sync = true (default)
2019-08-29 08:23:00,919 [pool-129-thread-1] INFO  server.RaftServerConfigKeys (ConfUtils.java:logGet(43)) - raft.server.retrycache.expirytime = 600000ms (custom)
2019-08-29 08:23:00,919 [pool-119-thread-1] INFO  server.RaftServerConfigKeys (ConfUtils.java:logGet(43)) - raft.server.log.statemachine.data.sync.timeout = 10s (default)
2019-08-29 08:23:00,919 [pool-129-thread-1] INFO  impl.RaftServerImpl (RaftServerImpl.java:start(180)) - f3091307-9c6d-4cf5-b619-8e6cca6f84c9: start group-4C25E3B3B994
2019-08-29 08:23:00,919 [pool-139-thread-1] INFO  server.RaftServerConfigKeys (ConfUtils.java:logGet(43)) - raft.server.log.force.sync.num = 128 (default)
2019-08-29 08:23:00,919 [pool-129-thread-1] INFO  impl.RaftServerImpl (RaftServerImpl.java:setRole(171)) - f3091307-9c6d-4cf5-b619-8e6cca6f84c9:group-4C25E3B3B994 changes role from null to FOLLOWER at term 0 for startAsFollower
2019-08-29 08:23:00,919 [pool-119-thread-1] INFO  server.RaftServerConfigKeys (ConfUtils.java:logGet(43)) - raft.server.log.statemachine.data.sync.timeout.retry = -1 (default)
2019-08-29 08:23:00,919 [pool-129-thread-1] INFO  impl.RoleInfo (RoleInfo.java:updateAndGet(143)) - f3091307-9c6d-4cf5-b619-8e6cca6f84c9: start FollowerState
2019-08-29 08:23:00,919 [pool-139-thread-1] INFO  server.RaftServerConfigKeys (ConfUtils.java:logGet(43)) - raft.server.log.statemachine.data.sync = true (default)
2019-08-29 08:23:00,920 [pool-139-thread-1] INFO  server.RaftServerConfigKeys (ConfUtils.java:logGet(43)) - raft.server.log.statemachine.data.sync.timeout = 10s (default)
2019-08-29 08:23:00,919 [pool-119-thread-1] INFO  server.RaftServerConfigKeys (ConfUtils.java:logGet(43)) - raft.server.log.statemachine.data.caching.enabled = true (custom)
2019-08-29 08:23:00,933 [pool-139-thread-1] INFO  server.RaftServerConfigKeys (ConfUtils.java:logGet(43)) - raft.server.log.statemachine.data.sync.timeout.retry = -1 (default)
2019-08-29 08:23:00,933 [pool-129-thread-1] INFO  util.JmxRegister (JmxRegister.java:tryRegister(44)) - Successfully registered JMX Bean with object name Ratis:service=RaftServer,group=group-4C25E3B3B994,id=f3091307-9c6d-4cf5-b619-8e6cca6f84c9
2019-08-29 08:23:00,933 [pool-139-thread-1] INFO  server.RaftServerConfigKeys (ConfUtils.java:logGet(43)) - raft.server.log.statemachine.data.caching.enabled = true (custom)
2019-08-29 08:23:00,933 [pool-119-thread-1] INFO  segmented.SegmentedRaftLogWorker (SegmentedRaftLogWorker.java:lambda$new$0(132)) - 6d68ca61-c219-4724-b8bb-ddcd01f258b2-SegmentedRaftLogWorker:Storage Directory /workdir/hadoop-ozone/integration-test/target/test-dir/MiniOzoneClusterImpl-abd8892b-b936-4b08-8d84-fd22f8afb6b4/datanode-0/data/ratis/26c84b39-af29-4179-bb90-4c25e3b3b994: flushIndex: setUnconditionally 0 -> -1
2019-08-29 08:23:00,942 [pool-139-thread-1] INFO  segmented.SegmentedRaftLogWorker (SegmentedRaftLogWorker.java:lambda$new$0(132)) - b3ac43d0-c6e0-46d8-bcc9-9ad695550644-SegmentedRaftLogWorker:Storage Directory /workdir/hadoop-ozone/integration-test/target/test-dir/MiniOzoneClusterImpl-abd8892b-b936-4b08-8d84-fd22f8afb6b4/datanode-2/data/ratis/26c84b39-af29-4179-bb90-4c25e3b3b994: flushIndex: setUnconditionally 0 -> -1
2019-08-29 08:23:00,942 [pool-119-thread-1] INFO  server.RaftServerConfigKeys (ConfUtils.java:logGet(43)) - raft.server.snapshot.auto.trigger.enabled = true (custom)
2019-08-29 08:23:00,942 [pool-119-thread-1] INFO  server.RaftServerConfigKeys (ConfUtils.java:logGet(43)) - raft.server.snapshot.auto.trigger.threshold = 10000 (custom)
2019-08-29 08:23:00,942 [pool-139-thread-1] INFO  server.RaftServerConfigKeys (ConfUtils.java:logGet(43)) - raft.server.snapshot.auto.trigger.enabled = true (custom)
2019-08-29 08:23:00,942 [pool-119-thread-1] INFO  server.RaftServerConfigKeys (ConfUtils.java:logGet(43)) - raft.server.retrycache.expirytime = 600000ms (custom)
2019-08-29 08:23:00,943 [pool-139-thread-1] INFO  server.RaftServerConfigKeys (ConfUtils.java:logGet(43)) - raft.server.snapshot.auto.trigger.threshold = 10000 (custom)
2019-08-29 08:23:00,945 [pool-119-thread-1] INFO  impl.RaftServerImpl (RaftServerImpl.java:start(180)) - 6d68ca61-c219-4724-b8bb-ddcd01f258b2: start group-4C25E3B3B994
2019-08-29 08:23:00,945 [pool-139-thread-1] INFO  server.RaftServerConfigKeys (ConfUtils.java:logGet(43)) - raft.server.retrycache.expirytime = 600000ms (custom)
2019-08-29 08:23:00,945 [pool-119-thread-1] INFO  impl.RaftServerImpl (RaftServerImpl.java:setRole(171)) - 6d68ca61-c219-4724-b8bb-ddcd01f258b2:group-4C25E3B3B994 changes role from null to FOLLOWER at term 0 for startAsFollower
2019-08-29 08:23:00,945 [pool-139-thread-1] INFO  impl.RaftServerImpl (RaftServerImpl.java:start(180)) - b3ac43d0-c6e0-46d8-bcc9-9ad695550644: start group-4C25E3B3B994
2019-08-29 08:23:00,946 [pool-119-thread-1] INFO  impl.RoleInfo (RoleInfo.java:updateAndGet(143)) - 6d68ca61-c219-4724-b8bb-ddcd01f258b2: start FollowerState
2019-08-29 08:23:00,946 [pool-139-thread-1] INFO  impl.RaftServerImpl (RaftServerImpl.java:setRole(171)) - b3ac43d0-c6e0-46d8-bcc9-9ad695550644:group-4C25E3B3B994 changes role from null to FOLLOWER at term 0 for startAsFollower
2019-08-29 08:23:00,946 [pool-139-thread-1] INFO  impl.RoleInfo (RoleInfo.java:updateAndGet(143)) - b3ac43d0-c6e0-46d8-bcc9-9ad695550644: start FollowerState
2019-08-29 08:23:00,946 [pool-119-thread-1] INFO  util.JmxRegister (JmxRegister.java:tryRegister(44)) - Successfully registered JMX Bean with object name Ratis:service=RaftServer,group=group-4C25E3B3B994,id=6d68ca61-c219-4724-b8bb-ddcd01f258b2
2019-08-29 08:23:00,946 [pool-139-thread-1] INFO  util.JmxRegister (JmxRegister.java:tryRegister(44)) - Successfully registered JMX Bean with object name Ratis:service=RaftServer,group=group-4C25E3B3B994,id=b3ac43d0-c6e0-46d8-bcc9-9ad695550644
2019-08-29 08:23:00,953 [RatisPipelineUtilsThread] INFO  pipeline.PipelineStateManager (PipelineStateManager.java:addPipeline(56)) - Created pipeline Pipeline[ Id: 26c84b39-af29-4179-bb90-4c25e3b3b994, Nodes: 6d68ca61-c219-4724-b8bb-ddcd01f258b2{ip: 192.168.157.249, host: pr-hdds-1949-rn9cj-2680188436, networkLocation: /default-rack, certSerialId: null}f3091307-9c6d-4cf5-b619-8e6cca6f84c9{ip: 192.168.157.249, host: pr-hdds-1949-rn9cj-2680188436, networkLocation: /default-rack, certSerialId: null}b3ac43d0-c6e0-46d8-bcc9-9ad695550644{ip: 192.168.157.249, host: pr-hdds-1949-rn9cj-2680188436, networkLocation: /default-rack, certSerialId: null}, Type:RATIS, Factor:THREE, State:OPEN]
2019-08-29 08:23:00,961 [grpc-default-executor-5] INFO  impl.RaftServerProxy (RaftServerProxy.java:addNew(89)) - 2cd21838-1a98-4748-8882-d7146563928a: addNew group-6CBE45D15709:[2cd21838-1a98-4748-8882-d7146563928a:192.168.157.249:40808] returns group-6CBE45D15709:java.util.concurrent.CompletableFuture@707c0dc5[Not completed]
2019-08-29 08:23:00,966 [pool-149-thread-1] INFO  impl.RaftServerImpl (RaftServerImpl.java:<init>(93)) - 2cd21838-1a98-4748-8882-d7146563928a: new RaftServerImpl for group-6CBE45D15709:[2cd21838-1a98-4748-8882-d7146563928a:192.168.157.249:40808] with ContainerStateMachine:uninitialized
2019-08-29 08:23:00,966 [pool-149-thread-1] INFO  server.RaftServerConfigKeys (ConfUtils.java:logGet(43)) - raft.server.rpc.timeout.min = 5s (custom)
2019-08-29 08:23:00,966 [pool-149-thread-1] INFO  server.RaftServerConfigKeys (ConfUtils.java:logGet(43)) - raft.server.rpc.timeout.max = 5200ms (custom)
2019-08-29 08:23:00,967 [pool-149-thread-1] INFO  server.RaftServerConfigKeys (ConfUtils.java:logGet(43)) - raft.server.rpcslowness.timeout = 120s (custom)
2019-08-29 08:23:00,967 [IPC Server handler 5 on 39123] INFO  net.NetworkTopology (NetworkTopologyImpl.java:add(110)) - Added a new node: /default-rack/35f04ff1-b93c-4ae0-b494-c5f2981bb056
2019-08-29 08:23:00,967 [pool-149-thread-1] INFO  server.RaftServerConfigKeys (ConfUtils.java:logGet(43)) - raft.server.sleep.deviation.threshold = 300 (default)
2019-08-29 08:23:00,967 [IPC Server handler 5 on 39123] INFO  node.SCMNodeManager (SCMNodeManager.java:register(273)) - Registered Data node : 35f04ff1-b93c-4ae0-b494-c5f2981bb056{ip: 192.168.157.249, host: pr-hdds-1949-rn9cj-2680188436, networkLocation: /default-rack, certSerialId: null}
2019-08-29 08:23:00,968 [pool-149-thread-1] INFO  server.RaftServerConfigKeys (ConfUtils.java:logGet(43)) - raft.server.log.appender.install.snapshot.enabled = false (custom)
2019-08-29 08:23:00,968 | INFO  | SCMAudit | user=jenkins1000 | ip=192.168.157.249 | op=REGISTER {datanodeDetails=35f04ff1-b93c-4ae0-b494-c5f2981bb056{ip: 192.168.157.249, host: pr-hdds-1949-rn9cj-2680188436, networkLocation: /default-rack, certSerialId: null}} | ret=SUCCESS |  
2019-08-29 08:23:00,968 [pool-149-thread-1] INFO  impl.RaftServerImpl (ServerState.java:<init>(105)) - 2cd21838-1a98-4748-8882-d7146563928a:group-6CBE45D15709 ConfigurationManager, init=-1: [2cd21838-1a98-4748-8882-d7146563928a:192.168.157.249:40808], old=null, confs=<EMPTY_MAP>
2019-08-29 08:23:00,968 [pool-149-thread-1] INFO  server.RaftServerConfigKeys (ConfUtils.java:logGet(43)) - raft.server.storage.dir = [/workdir/hadoop-ozone/integration-test/target/test-dir/MiniOzoneClusterImpl-abd8892b-b936-4b08-8d84-fd22f8afb6b4/datanode-3/data/ratis] (custom)
2019-08-29 08:23:00,969 [pool-149-thread-1] INFO  storage.RaftStorageDirectory (RaftStorageDirectory.java:analyzeStorage(246)) - The storage directory /workdir/hadoop-ozone/integration-test/target/test-dir/MiniOzoneClusterImpl-abd8892b-b936-4b08-8d84-fd22f8afb6b4/datanode-3/data/ratis/09b1ddc1-e024-4a8a-8558-6cbe45d15709 does not exist. Creating ...
2019-08-29 08:23:00,983 [pool-149-thread-1] INFO  storage.RaftStorageDirectory (RaftStorageDirectory.java:tryLock(328)) - Lock on /workdir/hadoop-ozone/integration-test/target/test-dir/MiniOzoneClusterImpl-abd8892b-b936-4b08-8d84-fd22f8afb6b4/datanode-3/data/ratis/09b1ddc1-e024-4a8a-8558-6cbe45d15709/in_use.lock acquired by nodename 1784@pr-hdds-1949-rn9cj-2680188436
2019-08-29 08:23:01,005 [pool-149-thread-1] INFO  storage.RaftStorage (RaftStorage.java:format(72)) - Storage directory /workdir/hadoop-ozone/integration-test/target/test-dir/MiniOzoneClusterImpl-abd8892b-b936-4b08-8d84-fd22f8afb6b4/datanode-3/data/ratis/09b1ddc1-e024-4a8a-8558-6cbe45d15709 has been successfully formatted.
2019-08-29 08:23:01,006 [pool-149-thread-1] INFO  ratis.ContainerStateMachine (ContainerStateMachine.java:loadSnapshot(227)) - group-6CBE45D15709: The snapshot info is null. Setting the last applied indexto:(t:0, i:~)
2019-08-29 08:23:01,006 [pool-149-thread-1] INFO  server.RaftServerConfigKeys (ConfUtils.java:logGet(43)) - raft.server.leader.election.timeout = 120s (custom)
2019-08-29 08:23:01,006 [pool-149-thread-1] INFO  server.RaftServerConfigKeys (ConfUtils.java:logGet(43)) - raft.server.log.use.memory = false (default)
2019-08-29 08:23:01,006 [pool-149-thread-1] INFO  server.RaftServerConfigKeys (ConfUtils.java:logGet(43)) - raft.server.log.purge.gap = 1000000 (custom)
2019-08-29 08:23:01,006 [pool-149-thread-1] INFO  server.RaftServerConfigKeys (ConfUtils.java:logGet(43)) - raft.server.log.appender.buffer.byte-limit = 33554432 (custom)
2019-08-29 08:23:01,006 [pool-149-thread-1] INFO  server.RaftServerConfigKeys (ConfUtils.java:logGet(43)) - raft.server.log.segment.size.max = 1048576 (custom)
2019-08-29 08:23:01,007 [pool-149-thread-1] INFO  server.RaftServerConfigKeys (ConfUtils.java:logGet(43)) - raft.server.log.segment.cache.num.max = 2 (custom)
2019-08-29 08:23:01,007 [pool-149-thread-1] INFO  segmented.SegmentedRaftLogWorker (SegmentedRaftLogWorker.java:<init>(172)) - new 2cd21838-1a98-4748-8882-d7146563928a-SegmentedRaftLogWorker:Storage Directory /workdir/hadoop-ozone/integration-test/target/test-dir/MiniOzoneClusterImpl-abd8892b-b936-4b08-8d84-fd22f8afb6b4/datanode-3/data/ratis/09b1ddc1-e024-4a8a-8558-6cbe45d15709 for RaftStorage:Storage Directory /workdir/hadoop-ozone/integration-test/target/test-dir/MiniOzoneClusterImpl-abd8892b-b936-4b08-8d84-fd22f8afb6b4/datanode-3/data/ratis/09b1ddc1-e024-4a8a-8558-6cbe45d15709
2019-08-29 08:23:01,007 [pool-149-thread-1] INFO  server.RaftServerConfigKeys (ConfUtils.java:logGet(43)) - raft.server.log.queue.byte-limit = 2147483647 (custom)
2019-08-29 08:23:01,007 [pool-149-thread-1] INFO  server.RaftServerConfigKeys (ConfUtils.java:logGet(43)) - raft.server.log.queue.element-limit = 1024 (custom)
2019-08-29 08:23:01,008 [pool-149-thread-1] INFO  server.RaftServerConfigKeys (ConfUtils.java:logGet(43)) - raft.server.log.segment.size.max = 1048576 (custom)
2019-08-29 08:23:01,008 [pool-149-thread-1] INFO  server.RaftServerConfigKeys (ConfUtils.java:logGet(43)) - raft.server.log.preallocated.size = 16384 (custom)
2019-08-29 08:23:01,008 [pool-149-thread-1] INFO  server.RaftServerConfigKeys (ConfUtils.java:logGet(43)) - raft.server.log.write.buffer.size = 33554432 (custom)
2019-08-29 08:23:01,008 [pool-149-thread-1] INFO  server.RaftServerConfigKeys (ConfUtils.java:logGet(43)) - raft.server.log.force.sync.num = 128 (default)
2019-08-29 08:23:01,008 [pool-149-thread-1] INFO  server.RaftServerConfigKeys (ConfUtils.java:logGet(43)) - raft.server.log.statemachine.data.sync = true (default)
2019-08-29 08:23:01,008 [pool-149-thread-1] INFO  server.RaftServerConfigKeys (ConfUtils.java:logGet(43)) - raft.server.log.statemachine.data.sync.timeout = 10s (default)
2019-08-29 08:23:01,008 [pool-149-thread-1] INFO  server.RaftServerConfigKeys (ConfUtils.java:logGet(43)) - raft.server.log.statemachine.data.sync.timeout.retry = -1 (default)
2019-08-29 08:23:01,009 [pool-149-thread-1] INFO  server.RaftServerConfigKeys (ConfUtils.java:logGet(43)) - raft.server.log.statemachine.data.caching.enabled = true (custom)
2019-08-29 08:23:01,009 [pool-149-thread-1] INFO  segmented.SegmentedRaftLogWorker (SegmentedRaftLogWorker.java:lambda$new$0(132)) - 2cd21838-1a98-4748-8882-d7146563928a-SegmentedRaftLogWorker:Storage Directory /workdir/hadoop-ozone/integration-test/target/test-dir/MiniOzoneClusterImpl-abd8892b-b936-4b08-8d84-fd22f8afb6b4/datanode-3/data/ratis/09b1ddc1-e024-4a8a-8558-6cbe45d15709: flushIndex: setUnconditionally 0 -> -1
2019-08-29 08:23:01,009 [pool-149-thread-1] INFO  server.RaftServerConfigKeys (ConfUtils.java:logGet(43)) - raft.server.snapshot.auto.trigger.enabled = true (custom)
2019-08-29 08:23:01,010 [pool-149-thread-1] INFO  server.RaftServerConfigKeys (ConfUtils.java:logGet(43)) - raft.server.snapshot.auto.trigger.threshold = 10000 (custom)
2019-08-29 08:23:01,010 [pool-149-thread-1] INFO  server.RaftServerConfigKeys (ConfUtils.java:logGet(43)) - raft.server.retrycache.expirytime = 600000ms (custom)
2019-08-29 08:23:01,010 [pool-149-thread-1] INFO  impl.RaftServerImpl (RaftServerImpl.java:start(180)) - 2cd21838-1a98-4748-8882-d7146563928a: start group-6CBE45D15709
2019-08-29 08:23:01,010 [pool-149-thread-1] INFO  impl.RaftServerImpl (RaftServerImpl.java:setRole(171)) - 2cd21838-1a98-4748-8882-d7146563928a:group-6CBE45D15709 changes role from null to FOLLOWER at term 0 for startAsFollower
2019-08-29 08:23:01,010 [pool-149-thread-1] INFO  impl.RoleInfo (RoleInfo.java:updateAndGet(143)) - 2cd21838-1a98-4748-8882-d7146563928a: start FollowerState
2019-08-29 08:23:01,011 [pool-149-thread-1] INFO  util.JmxRegister (JmxRegister.java:tryRegister(44)) - Successfully registered JMX Bean with object name Ratis:service=RaftServer,group=group-6CBE45D15709,id=2cd21838-1a98-4748-8882-d7146563928a
2019-08-29 08:23:01,016 [RatisPipelineUtilsThread] INFO  pipeline.PipelineStateManager (PipelineStateManager.java:addPipeline(56)) - Created pipeline Pipeline[ Id: 09b1ddc1-e024-4a8a-8558-6cbe45d15709, Nodes: 2cd21838-1a98-4748-8882-d7146563928a{ip: 192.168.157.249, host: pr-hdds-1949-rn9cj-2680188436, networkLocation: /default-rack, certSerialId: null}, Type:RATIS, Factor:ONE, State:OPEN]
2019-08-29 08:23:01,024 [grpc-default-executor-5] INFO  impl.RaftServerProxy (RaftServerProxy.java:addNew(89)) - 35f04ff1-b93c-4ae0-b494-c5f2981bb056: addNew group-DE9E2390420E:[35f04ff1-b93c-4ae0-b494-c5f2981bb056:192.168.157.249:45537] returns group-DE9E2390420E:java.util.concurrent.CompletableFuture@7e6a079[Not completed]
2019-08-29 08:23:01,028 [pool-159-thread-1] INFO  impl.RaftServerImpl (RaftServerImpl.java:<init>(93)) - 35f04ff1-b93c-4ae0-b494-c5f2981bb056: new RaftServerImpl for group-DE9E2390420E:[35f04ff1-b93c-4ae0-b494-c5f2981bb056:192.168.157.249:45537] with ContainerStateMachine:uninitialized
2019-08-29 08:23:01,028 [pool-159-thread-1] INFO  server.RaftServerConfigKeys (ConfUtils.java:logGet(43)) - raft.server.rpc.timeout.min = 5s (custom)
2019-08-29 08:23:01,028 [pool-159-thread-1] INFO  server.RaftServerConfigKeys (ConfUtils.java:logGet(43)) - raft.server.rpc.timeout.max = 5200ms (custom)
2019-08-29 08:23:01,028 [pool-159-thread-1] INFO  server.RaftServerConfigKeys (ConfUtils.java:logGet(43)) - raft.server.rpcslowness.timeout = 120s (custom)
2019-08-29 08:23:01,028 [pool-159-thread-1] INFO  server.RaftServerConfigKeys (ConfUtils.java:logGet(43)) - raft.server.sleep.deviation.threshold = 300 (default)
2019-08-29 08:23:01,028 [pool-159-thread-1] INFO  server.RaftServerConfigKeys (ConfUtils.java:logGet(43)) - raft.server.log.appender.install.snapshot.enabled = false (custom)
2019-08-29 08:23:01,029 [pool-159-thread-1] INFO  impl.RaftServerImpl (ServerState.java:<init>(105)) - 35f04ff1-b93c-4ae0-b494-c5f2981bb056:group-DE9E2390420E ConfigurationManager, init=-1: [35f04ff1-b93c-4ae0-b494-c5f2981bb056:192.168.157.249:45537], old=null, confs=<EMPTY_MAP>
2019-08-29 08:23:01,029 [pool-159-thread-1] INFO  server.RaftServerConfigKeys (ConfUtils.java:logGet(43)) - raft.server.storage.dir = [/workdir/hadoop-ozone/integration-test/target/test-dir/MiniOzoneClusterImpl-abd8892b-b936-4b08-8d84-fd22f8afb6b4/datanode-4/data/ratis] (custom)
2019-08-29 08:23:01,029 [pool-159-thread-1] INFO  storage.RaftStorageDirectory (RaftStorageDirectory.java:analyzeStorage(246)) - The storage directory /workdir/hadoop-ozone/integration-test/target/test-dir/MiniOzoneClusterImpl-abd8892b-b936-4b08-8d84-fd22f8afb6b4/datanode-4/data/ratis/a762880f-1af7-453e-b9fd-de9e2390420e does not exist. Creating ...
2019-08-29 08:23:01,043 [pool-159-thread-1] INFO  storage.RaftStorageDirectory (RaftStorageDirectory.java:tryLock(328)) - Lock on /workdir/hadoop-ozone/integration-test/target/test-dir/MiniOzoneClusterImpl-abd8892b-b936-4b08-8d84-fd22f8afb6b4/datanode-4/data/ratis/a762880f-1af7-453e-b9fd-de9e2390420e/in_use.lock acquired by nodename 1784@pr-hdds-1949-rn9cj-2680188436
2019-08-29 08:23:01,044 [IPC Server handler 7 on 39123] INFO  net.NetworkTopology (NetworkTopologyImpl.java:add(110)) - Added a new node: /default-rack/500162f5-df4c-43d4-be22-b16b483ed3b9
2019-08-29 08:23:01,044 [IPC Server handler 7 on 39123] INFO  node.SCMNodeManager (SCMNodeManager.java:register(273)) - Registered Data node : 500162f5-df4c-43d4-be22-b16b483ed3b9{ip: 192.168.157.249, host: pr-hdds-1949-rn9cj-2680188436, networkLocation: /default-rack, certSerialId: null}
2019-08-29 08:23:01,044 | INFO  | SCMAudit | user=jenkins1000 | ip=192.168.157.249 | op=REGISTER {datanodeDetails=500162f5-df4c-43d4-be22-b16b483ed3b9{ip: 192.168.157.249, host: pr-hdds-1949-rn9cj-2680188436, networkLocation: /default-rack, certSerialId: null}} | ret=SUCCESS |  
2019-08-29 08:23:01,056 [pool-159-thread-1] INFO  storage.RaftStorage (RaftStorage.java:format(72)) - Storage directory /workdir/hadoop-ozone/integration-test/target/test-dir/MiniOzoneClusterImpl-abd8892b-b936-4b08-8d84-fd22f8afb6b4/datanode-4/data/ratis/a762880f-1af7-453e-b9fd-de9e2390420e has been successfully formatted.
2019-08-29 08:23:01,057 [pool-159-thread-1] INFO  ratis.ContainerStateMachine (ContainerStateMachine.java:loadSnapshot(227)) - group-DE9E2390420E: The snapshot info is null. Setting the last applied indexto:(t:0, i:~)
2019-08-29 08:23:01,057 [pool-159-thread-1] INFO  server.RaftServerConfigKeys (ConfUtils.java:logGet(43)) - raft.server.leader.election.timeout = 120s (custom)
2019-08-29 08:23:01,057 [pool-159-thread-1] INFO  server.RaftServerConfigKeys (ConfUtils.java:logGet(43)) - raft.server.log.use.memory = false (default)
2019-08-29 08:23:01,057 [pool-159-thread-1] INFO  server.RaftServerConfigKeys (ConfUtils.java:logGet(43)) - raft.server.log.purge.gap = 1000000 (custom)
2019-08-29 08:23:01,057 [pool-159-thread-1] INFO  server.RaftServerConfigKeys (ConfUtils.java:logGet(43)) - raft.server.log.appender.buffer.byte-limit = 33554432 (custom)
2019-08-29 08:23:01,057 [pool-159-thread-1] INFO  server.RaftServerConfigKeys (ConfUtils.java:logGet(43)) - raft.server.log.segment.size.max = 1048576 (custom)
2019-08-29 08:23:01,058 [pool-159-thread-1] INFO  server.RaftServerConfigKeys (ConfUtils.java:logGet(43)) - raft.server.log.segment.cache.num.max = 2 (custom)
2019-08-29 08:23:01,058 [pool-159-thread-1] INFO  segmented.SegmentedRaftLogWorker (SegmentedRaftLogWorker.java:<init>(172)) - new 35f04ff1-b93c-4ae0-b494-c5f2981bb056-SegmentedRaftLogWorker:Storage Directory /workdir/hadoop-ozone/integration-test/target/test-dir/MiniOzoneClusterImpl-abd8892b-b936-4b08-8d84-fd22f8afb6b4/datanode-4/data/ratis/a762880f-1af7-453e-b9fd-de9e2390420e for RaftStorage:Storage Directory /workdir/hadoop-ozone/integration-test/target/test-dir/MiniOzoneClusterImpl-abd8892b-b936-4b08-8d84-fd22f8afb6b4/datanode-4/data/ratis/a762880f-1af7-453e-b9fd-de9e2390420e
2019-08-29 08:23:01,058 [pool-159-thread-1] INFO  server.RaftServerConfigKeys (ConfUtils.java:logGet(43)) - raft.server.log.queue.byte-limit = 2147483647 (custom)
2019-08-29 08:23:01,058 [pool-159-thread-1] INFO  server.RaftServerConfigKeys (ConfUtils.java:logGet(43)) - raft.server.log.queue.element-limit = 1024 (custom)
2019-08-29 08:23:01,058 [pool-159-thread-1] INFO  server.RaftServerConfigKeys (ConfUtils.java:logGet(43)) - raft.server.log.segment.size.max = 1048576 (custom)
2019-08-29 08:23:01,058 [pool-159-thread-1] INFO  server.RaftServerConfigKeys (ConfUtils.java:logGet(43)) - raft.server.log.preallocated.size = 16384 (custom)
2019-08-29 08:23:01,059 [pool-159-thread-1] INFO  server.RaftServerConfigKeys (ConfUtils.java:logGet(43)) - raft.server.log.write.buffer.size = 33554432 (custom)
2019-08-29 08:23:01,059 [pool-159-thread-1] INFO  server.RaftServerConfigKeys (ConfUtils.java:logGet(43)) - raft.server.log.force.sync.num = 128 (default)
2019-08-29 08:23:01,059 [pool-159-thread-1] INFO  server.RaftServerConfigKeys (ConfUtils.java:logGet(43)) - raft.server.log.statemachine.data.sync = true (default)
2019-08-29 08:23:01,059 [pool-159-thread-1] INFO  server.RaftServerConfigKeys (ConfUtils.java:logGet(43)) - raft.server.log.statemachine.data.sync.timeout = 10s (default)
2019-08-29 08:23:01,059 [pool-159-thread-1] INFO  server.RaftServerConfigKeys (ConfUtils.java:logGet(43)) - raft.server.log.statemachine.data.sync.timeout.retry = -1 (default)
2019-08-29 08:23:01,059 [pool-159-thread-1] INFO  server.RaftServerConfigKeys (ConfUtils.java:logGet(43)) - raft.server.log.statemachine.data.caching.enabled = true (custom)
2019-08-29 08:23:01,060 [pool-159-thread-1] INFO  segmented.SegmentedRaftLogWorker (SegmentedRaftLogWorker.java:lambda$new$0(132)) - 35f04ff1-b93c-4ae0-b494-c5f2981bb056-SegmentedRaftLogWorker:Storage Directory /workdir/hadoop-ozone/integration-test/target/test-dir/MiniOzoneClusterImpl-abd8892b-b936-4b08-8d84-fd22f8afb6b4/datanode-4/data/ratis/a762880f-1af7-453e-b9fd-de9e2390420e: flushIndex: setUnconditionally 0 -> -1
2019-08-29 08:23:01,060 [pool-159-thread-1] INFO  server.RaftServerConfigKeys (ConfUtils.java:logGet(43)) - raft.server.snapshot.auto.trigger.enabled = true (custom)
2019-08-29 08:23:01,060 [pool-159-thread-1] INFO  server.RaftServerConfigKeys (ConfUtils.java:logGet(43)) - raft.server.snapshot.auto.trigger.threshold = 10000 (custom)
2019-08-29 08:23:01,060 [pool-159-thread-1] INFO  server.RaftServerConfigKeys (ConfUtils.java:logGet(43)) - raft.server.retrycache.expirytime = 600000ms (custom)
2019-08-29 08:23:01,061 [pool-159-thread-1] INFO  impl.RaftServerImpl (RaftServerImpl.java:start(180)) - 35f04ff1-b93c-4ae0-b494-c5f2981bb056: start group-DE9E2390420E
2019-08-29 08:23:01,061 [pool-159-thread-1] INFO  impl.RaftServerImpl (RaftServerImpl.java:setRole(171)) - 35f04ff1-b93c-4ae0-b494-c5f2981bb056:group-DE9E2390420E changes role from null to FOLLOWER at term 0 for startAsFollower
2019-08-29 08:23:01,061 [pool-159-thread-1] INFO  impl.RoleInfo (RoleInfo.java:updateAndGet(143)) - 35f04ff1-b93c-4ae0-b494-c5f2981bb056: start FollowerState
2019-08-29 08:23:01,061 [pool-159-thread-1] INFO  util.JmxRegister (JmxRegister.java:tryRegister(44)) - Successfully registered JMX Bean with object name Ratis:service=RaftServer,group=group-DE9E2390420E,id=35f04ff1-b93c-4ae0-b494-c5f2981bb056
2019-08-29 08:23:01,068 [RatisPipelineUtilsThread] INFO  pipeline.PipelineStateManager (PipelineStateManager.java:addPipeline(56)) - Created pipeline Pipeline[ Id: a762880f-1af7-453e-b9fd-de9e2390420e, Nodes: 35f04ff1-b93c-4ae0-b494-c5f2981bb056{ip: 192.168.157.249, host: pr-hdds-1949-rn9cj-2680188436, networkLocation: /default-rack, certSerialId: null}, Type:RATIS, Factor:ONE, State:OPEN]
2019-08-29 08:23:01,078 [grpc-default-executor-5] INFO  impl.RaftServerProxy (RaftServerProxy.java:addNew(89)) - 500162f5-df4c-43d4-be22-b16b483ed3b9: addNew group-6780B06E62EC:[500162f5-df4c-43d4-be22-b16b483ed3b9:192.168.157.249:46274] returns group-6780B06E62EC:java.util.concurrent.CompletableFuture@5adeb915[Not completed]
2019-08-29 08:23:01,083 [pool-169-thread-1] INFO  impl.RaftServerImpl (RaftServerImpl.java:<init>(93)) - 500162f5-df4c-43d4-be22-b16b483ed3b9: new RaftServerImpl for group-6780B06E62EC:[500162f5-df4c-43d4-be22-b16b483ed3b9:192.168.157.249:46274] with ContainerStateMachine:uninitialized
2019-08-29 08:23:01,083 [pool-169-thread-1] INFO  server.RaftServerConfigKeys (ConfUtils.java:logGet(43)) - raft.server.rpc.timeout.min = 5s (custom)
2019-08-29 08:23:01,083 [pool-169-thread-1] INFO  server.RaftServerConfigKeys (ConfUtils.java:logGet(43)) - raft.server.rpc.timeout.max = 5200ms (custom)
2019-08-29 08:23:01,084 [pool-169-thread-1] INFO  server.RaftServerConfigKeys (ConfUtils.java:logGet(43)) - raft.server.rpcslowness.timeout = 120s (custom)
2019-08-29 08:23:01,084 [pool-169-thread-1] INFO  server.RaftServerConfigKeys (ConfUtils.java:logGet(43)) - raft.server.sleep.deviation.threshold = 300 (default)
2019-08-29 08:23:01,084 [pool-169-thread-1] INFO  server.RaftServerConfigKeys (ConfUtils.java:logGet(43)) - raft.server.log.appender.install.snapshot.enabled = false (custom)
2019-08-29 08:23:01,084 [pool-169-thread-1] INFO  impl.RaftServerImpl (ServerState.java:<init>(105)) - 500162f5-df4c-43d4-be22-b16b483ed3b9:group-6780B06E62EC ConfigurationManager, init=-1: [500162f5-df4c-43d4-be22-b16b483ed3b9:192.168.157.249:46274], old=null, confs=<EMPTY_MAP>
2019-08-29 08:23:01,084 [pool-169-thread-1] INFO  server.RaftServerConfigKeys (ConfUtils.java:logGet(43)) - raft.server.storage.dir = [/workdir/hadoop-ozone/integration-test/target/test-dir/MiniOzoneClusterImpl-abd8892b-b936-4b08-8d84-fd22f8afb6b4/datanode-5/data/ratis] (custom)
2019-08-29 08:23:01,085 [pool-169-thread-1] INFO  storage.RaftStorageDirectory (RaftStorageDirectory.java:analyzeStorage(246)) - The storage directory /workdir/hadoop-ozone/integration-test/target/test-dir/MiniOzoneClusterImpl-abd8892b-b936-4b08-8d84-fd22f8afb6b4/datanode-5/data/ratis/4ea32904-04e4-4fce-b455-6780b06e62ec does not exist. Creating ...
2019-08-29 08:23:01,098 [pool-169-thread-1] INFO  storage.RaftStorageDirectory (RaftStorageDirectory.java:tryLock(328)) - Lock on /workdir/hadoop-ozone/integration-test/target/test-dir/MiniOzoneClusterImpl-abd8892b-b936-4b08-8d84-fd22f8afb6b4/datanode-5/data/ratis/4ea32904-04e4-4fce-b455-6780b06e62ec/in_use.lock acquired by nodename 1784@pr-hdds-1949-rn9cj-2680188436
2019-08-29 08:23:01,111 [pool-169-thread-1] INFO  storage.RaftStorage (RaftStorage.java:format(72)) - Storage directory /workdir/hadoop-ozone/integration-test/target/test-dir/MiniOzoneClusterImpl-abd8892b-b936-4b08-8d84-fd22f8afb6b4/datanode-5/data/ratis/4ea32904-04e4-4fce-b455-6780b06e62ec has been successfully formatted.
2019-08-29 08:23:01,111 [pool-169-thread-1] INFO  ratis.ContainerStateMachine (ContainerStateMachine.java:loadSnapshot(227)) - group-6780B06E62EC: The snapshot info is null. Setting the last applied indexto:(t:0, i:~)
2019-08-29 08:23:01,111 [pool-169-thread-1] INFO  server.RaftServerConfigKeys (ConfUtils.java:logGet(43)) - raft.server.leader.election.timeout = 120s (custom)
2019-08-29 08:23:01,111 [pool-169-thread-1] INFO  server.RaftServerConfigKeys (ConfUtils.java:logGet(43)) - raft.server.log.use.memory = false (default)
2019-08-29 08:23:01,112 [pool-169-thread-1] INFO  server.RaftServerConfigKeys (ConfUtils.java:logGet(43)) - raft.server.log.purge.gap = 1000000 (custom)
2019-08-29 08:23:01,112 [pool-169-thread-1] INFO  server.RaftServerConfigKeys (ConfUtils.java:logGet(43)) - raft.server.log.appender.buffer.byte-limit = 33554432 (custom)
2019-08-29 08:23:01,112 [pool-169-thread-1] INFO  server.RaftServerConfigKeys (ConfUtils.java:logGet(43)) - raft.server.log.segment.size.max = 1048576 (custom)
2019-08-29 08:23:01,112 [pool-169-thread-1] INFO  server.RaftServerConfigKeys (ConfUtils.java:logGet(43)) - raft.server.log.segment.cache.num.max = 2 (custom)
2019-08-29 08:23:01,112 [pool-169-thread-1] INFO  segmented.SegmentedRaftLogWorker (SegmentedRaftLogWorker.java:<init>(172)) - new 500162f5-df4c-43d4-be22-b16b483ed3b9-SegmentedRaftLogWorker:Storage Directory /workdir/hadoop-ozone/integration-test/target/test-dir/MiniOzoneClusterImpl-abd8892b-b936-4b08-8d84-fd22f8afb6b4/datanode-5/data/ratis/4ea32904-04e4-4fce-b455-6780b06e62ec for RaftStorage:Storage Directory /workdir/hadoop-ozone/integration-test/target/test-dir/MiniOzoneClusterImpl-abd8892b-b936-4b08-8d84-fd22f8afb6b4/datanode-5/data/ratis/4ea32904-04e4-4fce-b455-6780b06e62ec
2019-08-29 08:23:01,112 [pool-169-thread-1] INFO  server.RaftServerConfigKeys (ConfUtils.java:logGet(43)) - raft.server.log.queue.byte-limit = 2147483647 (custom)
2019-08-29 08:23:01,112 [pool-169-thread-1] INFO  server.RaftServerConfigKeys (ConfUtils.java:logGet(43)) - raft.server.log.queue.element-limit = 1024 (custom)
2019-08-29 08:23:01,113 [pool-169-thread-1] INFO  server.RaftServerConfigKeys (ConfUtils.java:logGet(43)) - raft.server.log.segment.size.max = 1048576 (custom)
2019-08-29 08:23:01,113 [pool-169-thread-1] INFO  server.RaftServerConfigKeys (ConfUtils.java:logGet(43)) - raft.server.log.preallocated.size = 16384 (custom)
2019-08-29 08:23:01,113 [pool-169-thread-1] INFO  server.RaftServerConfigKeys (ConfUtils.java:logGet(43)) - raft.server.log.write.buffer.size = 33554432 (custom)
2019-08-29 08:23:01,113 [pool-169-thread-1] INFO  server.RaftServerConfigKeys (ConfUtils.java:logGet(43)) - raft.server.log.force.sync.num = 128 (default)
2019-08-29 08:23:01,113 [pool-169-thread-1] INFO  server.RaftServerConfigKeys (ConfUtils.java:logGet(43)) - raft.server.log.statemachine.data.sync = true (default)
2019-08-29 08:23:01,113 [pool-169-thread-1] INFO  server.RaftServerConfigKeys (ConfUtils.java:logGet(43)) - raft.server.log.statemachine.data.sync.timeout = 10s (default)
2019-08-29 08:23:01,113 [pool-169-thread-1] INFO  server.RaftServerConfigKeys (ConfUtils.java:logGet(43)) - raft.server.log.statemachine.data.sync.timeout.retry = -1 (default)
2019-08-29 08:23:01,114 [pool-169-thread-1] INFO  server.RaftServerConfigKeys (ConfUtils.java:logGet(43)) - raft.server.log.statemachine.data.caching.enabled = true (custom)
2019-08-29 08:23:01,114 [pool-169-thread-1] INFO  segmented.SegmentedRaftLogWorker (SegmentedRaftLogWorker.java:lambda$new$0(132)) - 500162f5-df4c-43d4-be22-b16b483ed3b9-SegmentedRaftLogWorker:Storage Directory /workdir/hadoop-ozone/integration-test/target/test-dir/MiniOzoneClusterImpl-abd8892b-b936-4b08-8d84-fd22f8afb6b4/datanode-5/data/ratis/4ea32904-04e4-4fce-b455-6780b06e62ec: flushIndex: setUnconditionally 0 -> -1
2019-08-29 08:23:01,114 [pool-169-thread-1] INFO  server.RaftServerConfigKeys (ConfUtils.java:logGet(43)) - raft.server.snapshot.auto.trigger.enabled = true (custom)
2019-08-29 08:23:01,114 [pool-169-thread-1] INFO  server.RaftServerConfigKeys (ConfUtils.java:logGet(43)) - raft.server.snapshot.auto.trigger.threshold = 10000 (custom)
2019-08-29 08:23:01,115 [pool-169-thread-1] INFO  server.RaftServerConfigKeys (ConfUtils.java:logGet(43)) - raft.server.retrycache.expirytime = 600000ms (custom)
2019-08-29 08:23:01,115 [IPC Server handler 0 on 39123] INFO  net.NetworkTopology (NetworkTopologyImpl.java:add(110)) - Added a new node: /default-rack/24081c8f-d316-435d-a792-3431bfeb71b1
2019-08-29 08:23:01,115 [pool-169-thread-1] INFO  impl.RaftServerImpl (RaftServerImpl.java:start(180)) - 500162f5-df4c-43d4-be22-b16b483ed3b9: start group-6780B06E62EC
2019-08-29 08:23:01,115 [main] INFO  ozone.MiniOzoneClusterImpl (MiniOzoneClusterImpl.java:lambda$waitForClusterToBeReady$0(142)) - Cluster is ready. Got 7 of 7 DN Heartbeats.
2019-08-29 08:23:01,115 [pool-169-thread-1] INFO  impl.RaftServerImpl (RaftServerImpl.java:setRole(171)) - 500162f5-df4c-43d4-be22-b16b483ed3b9:group-6780B06E62EC changes role from null to FOLLOWER at term 0 for startAsFollower
2019-08-29 08:23:01,115 [IPC Server handler 0 on 39123] INFO  node.SCMNodeManager (SCMNodeManager.java:register(273)) - Registered Data node : 24081c8f-d316-435d-a792-3431bfeb71b1{ip: 192.168.157.249, host: pr-hdds-1949-rn9cj-2680188436, networkLocation: /default-rack, certSerialId: null}
2019-08-29 08:23:01,115 [pool-169-thread-1] INFO  impl.RoleInfo (RoleInfo.java:updateAndGet(143)) - 500162f5-df4c-43d4-be22-b16b483ed3b9: start FollowerState
2019-08-29 08:23:01,116 | INFO  | SCMAudit | user=jenkins1000 | ip=192.168.157.249 | op=REGISTER {datanodeDetails=24081c8f-d316-435d-a792-3431bfeb71b1{ip: 192.168.157.249, host: pr-hdds-1949-rn9cj-2680188436, networkLocation: /default-rack, certSerialId: null}} | ret=SUCCESS |  
2019-08-29 08:23:01,116 [pool-169-thread-1] INFO  util.JmxRegister (JmxRegister.java:tryRegister(44)) - Successfully registered JMX Bean with object name Ratis:service=RaftServer,group=group-6780B06E62EC,id=500162f5-df4c-43d4-be22-b16b483ed3b9
2019-08-29 08:23:01,122 [RatisPipelineUtilsThread] INFO  pipeline.PipelineStateManager (PipelineStateManager.java:addPipeline(56)) - Created pipeline Pipeline[ Id: 4ea32904-04e4-4fce-b455-6780b06e62ec, Nodes: 500162f5-df4c-43d4-be22-b16b483ed3b9{ip: 192.168.157.249, host: pr-hdds-1949-rn9cj-2680188436, networkLocation: /default-rack, certSerialId: null}, Type:RATIS, Factor:ONE, State:OPEN]
2019-08-29 08:23:01,150 [grpc-default-executor-5] INFO  impl.RaftServerProxy (RaftServerProxy.java:addNew(89)) - 24081c8f-d316-435d-a792-3431bfeb71b1: addNew group-BEC10561125A:[24081c8f-d316-435d-a792-3431bfeb71b1:192.168.157.249:42130] returns group-BEC10561125A:java.util.concurrent.CompletableFuture@30cc1483[Not completed]
2019-08-29 08:23:01,159 [pool-179-thread-1] INFO  impl.RaftServerImpl (RaftServerImpl.java:<init>(93)) - 24081c8f-d316-435d-a792-3431bfeb71b1: new RaftServerImpl for group-BEC10561125A:[24081c8f-d316-435d-a792-3431bfeb71b1:192.168.157.249:42130] with ContainerStateMachine:uninitialized
2019-08-29 08:23:01,159 [pool-179-thread-1] INFO  server.RaftServerConfigKeys (ConfUtils.java:logGet(43)) - raft.server.rpc.timeout.min = 5s (custom)
2019-08-29 08:23:01,159 [pool-179-thread-1] INFO  server.RaftServerConfigKeys (ConfUtils.java:logGet(43)) - raft.server.rpc.timeout.max = 5200ms (custom)
2019-08-29 08:23:01,159 [pool-179-thread-1] INFO  server.RaftServerConfigKeys (ConfUtils.java:logGet(43)) - raft.server.rpcslowness.timeout = 120s (custom)
2019-08-29 08:23:01,160 [pool-179-thread-1] INFO  server.RaftServerConfigKeys (ConfUtils.java:logGet(43)) - raft.server.sleep.deviation.threshold = 300 (default)
2019-08-29 08:23:01,160 [pool-179-thread-1] INFO  server.RaftServerConfigKeys (ConfUtils.java:logGet(43)) - raft.server.log.appender.install.snapshot.enabled = false (custom)
2019-08-29 08:23:01,160 [pool-179-thread-1] INFO  impl.RaftServerImpl (ServerState.java:<init>(105)) - 24081c8f-d316-435d-a792-3431bfeb71b1:group-BEC10561125A ConfigurationManager, init=-1: [24081c8f-d316-435d-a792-3431bfeb71b1:192.168.157.249:42130], old=null, confs=<EMPTY_MAP>
2019-08-29 08:23:01,160 [pool-179-thread-1] INFO  server.RaftServerConfigKeys (ConfUtils.java:logGet(43)) - raft.server.storage.dir = [/workdir/hadoop-ozone/integration-test/target/test-dir/MiniOzoneClusterImpl-abd8892b-b936-4b08-8d84-fd22f8afb6b4/datanode-6/data/ratis] (custom)
2019-08-29 08:23:01,160 [pool-179-thread-1] INFO  storage.RaftStorageDirectory (RaftStorageDirectory.java:analyzeStorage(246)) - The storage directory /workdir/hadoop-ozone/integration-test/target/test-dir/MiniOzoneClusterImpl-abd8892b-b936-4b08-8d84-fd22f8afb6b4/datanode-6/data/ratis/5f9f66b5-3a9d-4de6-ae05-bec10561125a does not exist. Creating ...
2019-08-29 08:23:01,160 [main] INFO  rpc.RpcClient (RpcClient.java:createVolume(293)) - Creating Volume: testblockoutputstreamwithretries, with jenkins1000 as owner.
2019-08-29 08:23:01,162 | INFO  | OMAudit | user=jenkins1000 | ip=127.0.0.1 | op=CREATE_VOLUME {admin=jenkins1000, owner=jenkins1000, volume=testblockoutputstreamwithretries, creationTime=1567066981162, quotaInBytes=1152921504606846976} | ret=SUCCESS |  
2019-08-29 08:23:01,173 [pool-179-thread-1] INFO  storage.RaftStorageDirectory (RaftStorageDirectory.java:tryLock(328)) - Lock on /workdir/hadoop-ozone/integration-test/target/test-dir/MiniOzoneClusterImpl-abd8892b-b936-4b08-8d84-fd22f8afb6b4/datanode-6/data/ratis/5f9f66b5-3a9d-4de6-ae05-bec10561125a/in_use.lock acquired by nodename 1784@pr-hdds-1949-rn9cj-2680188436
2019-08-29 08:23:01,174 | INFO  | OMAudit | user=jenkins1000 | ip=127.0.0.1 | op=READ_VOLUME {volume=testblockoutputstreamwithretries} | ret=SUCCESS |  
2019-08-29 08:23:01,175 [main] INFO  rpc.RpcClient (RpcClient.java:createBucket(432)) - Creating Bucket: testblockoutputstreamwithretries/testblockoutputstreamwithretries, with Versioning false and Storage Type set to DISK and Encryption set to false 
2019-08-29 08:23:01,180 | INFO  | OMAudit | user=jenkins1000 | ip=127.0.0.1 | op=CREATE_BUCKET {volume=testblockoutputstreamwithretries, bucket=testblockoutputstreamwithretries, acls=[user:jenkins1000:a[ACCESS], group:default:a[ACCESS]], isVersionEnabled=false, storageType=DISK, creationTime=0} | ret=SUCCESS |  
2019-08-29 08:23:01,182 | INFO  | OMAudit | user=jenkins1000 | ip=127.0.0.1 | op=READ_VOLUME {volume=testblockoutputstreamwithretries} | ret=SUCCESS |  
2019-08-29 08:23:01,183 | INFO  | OMAudit | user=jenkins1000 | ip=127.0.0.1 | op=READ_BUCKET {volume=testblockoutputstreamwithretries, bucket=testblockoutputstreamwithretries} | ret=SUCCESS |  
2019-08-29 08:23:01,186 [pool-179-thread-1] INFO  storage.RaftStorage (RaftStorage.java:format(72)) - Storage directory /workdir/hadoop-ozone/integration-test/target/test-dir/MiniOzoneClusterImpl-abd8892b-b936-4b08-8d84-fd22f8afb6b4/datanode-6/data/ratis/5f9f66b5-3a9d-4de6-ae05-bec10561125a has been successfully formatted.
2019-08-29 08:23:01,186 [pool-179-thread-1] INFO  ratis.ContainerStateMachine (ContainerStateMachine.java:loadSnapshot(227)) - group-BEC10561125A: The snapshot info is null. Setting the last applied indexto:(t:0, i:~)
2019-08-29 08:23:01,187 [pool-179-thread-1] INFO  server.RaftServerConfigKeys (ConfUtils.java:logGet(43)) - raft.server.leader.election.timeout = 120s (custom)
2019-08-29 08:23:01,187 [pool-179-thread-1] INFO  server.RaftServerConfigKeys (ConfUtils.java:logGet(43)) - raft.server.log.use.memory = false (default)
2019-08-29 08:23:01,187 [pool-179-thread-1] INFO  server.RaftServerConfigKeys (ConfUtils.java:logGet(43)) - raft.server.log.purge.gap = 1000000 (custom)
2019-08-29 08:23:01,187 [pool-179-thread-1] INFO  server.RaftServerConfigKeys (ConfUtils.java:logGet(43)) - raft.server.log.appender.buffer.byte-limit = 33554432 (custom)
2019-08-29 08:23:01,187 [pool-179-thread-1] INFO  server.RaftServerConfigKeys (ConfUtils.java:logGet(43)) - raft.server.log.segment.size.max = 1048576 (custom)
2019-08-29 08:23:01,187 [pool-179-thread-1] INFO  server.RaftServerConfigKeys (ConfUtils.java:logGet(43)) - raft.server.log.segment.cache.num.max = 2 (custom)
2019-08-29 08:23:01,188 [pool-179-thread-1] INFO  segmented.SegmentedRaftLogWorker (SegmentedRaftLogWorker.java:<init>(172)) - new 24081c8f-d316-435d-a792-3431bfeb71b1-SegmentedRaftLogWorker:Storage Directory /workdir/hadoop-ozone/integration-test/target/test-dir/MiniOzoneClusterImpl-abd8892b-b936-4b08-8d84-fd22f8afb6b4/datanode-6/data/ratis/5f9f66b5-3a9d-4de6-ae05-bec10561125a for RaftStorage:Storage Directory /workdir/hadoop-ozone/integration-test/target/test-dir/MiniOzoneClusterImpl-abd8892b-b936-4b08-8d84-fd22f8afb6b4/datanode-6/data/ratis/5f9f66b5-3a9d-4de6-ae05-bec10561125a
2019-08-29 08:23:01,188 [pool-179-thread-1] INFO  server.RaftServerConfigKeys (ConfUtils.java:logGet(43)) - raft.server.log.queue.byte-limit = 2147483647 (custom)
2019-08-29 08:23:01,188 [pool-179-thread-1] INFO  server.RaftServerConfigKeys (ConfUtils.java:logGet(43)) - raft.server.log.queue.element-limit = 1024 (custom)
2019-08-29 08:23:01,188 [pool-179-thread-1] INFO  server.RaftServerConfigKeys (ConfUtils.java:logGet(43)) - raft.server.log.segment.size.max = 1048576 (custom)
2019-08-29 08:23:01,188 [pool-179-thread-1] INFO  server.RaftServerConfigKeys (ConfUtils.java:logGet(43)) - raft.server.log.preallocated.size = 16384 (custom)
2019-08-29 08:23:01,188 [pool-179-thread-1] INFO  server.RaftServerConfigKeys (ConfUtils.java:logGet(43)) - raft.server.log.write.buffer.size = 33554432 (custom)
2019-08-29 08:23:01,188 [pool-179-thread-1] INFO  server.RaftServerConfigKeys (ConfUtils.java:logGet(43)) - raft.server.log.force.sync.num = 128 (default)
2019-08-29 08:23:01,189 [pool-179-thread-1] INFO  server.RaftServerConfigKeys (ConfUtils.java:logGet(43)) - raft.server.log.statemachine.data.sync = true (default)
2019-08-29 08:23:01,189 [pool-179-thread-1] INFO  server.RaftServerConfigKeys (ConfUtils.java:logGet(43)) - raft.server.log.statemachine.data.sync.timeout = 10s (default)
2019-08-29 08:23:01,189 [pool-179-thread-1] INFO  server.RaftServerConfigKeys (ConfUtils.java:logGet(43)) - raft.server.log.statemachine.data.sync.timeout.retry = -1 (default)
2019-08-29 08:23:01,189 [pool-179-thread-1] INFO  server.RaftServerConfigKeys (ConfUtils.java:logGet(43)) - raft.server.log.statemachine.data.caching.enabled = true (custom)
2019-08-29 08:23:01,189 [pool-179-thread-1] INFO  segmented.SegmentedRaftLogWorker (SegmentedRaftLogWorker.java:lambda$new$0(132)) - 24081c8f-d316-435d-a792-3431bfeb71b1-SegmentedRaftLogWorker:Storage Directory /workdir/hadoop-ozone/integration-test/target/test-dir/MiniOzoneClusterImpl-abd8892b-b936-4b08-8d84-fd22f8afb6b4/datanode-6/data/ratis/5f9f66b5-3a9d-4de6-ae05-bec10561125a: flushIndex: setUnconditionally 0 -> -1
2019-08-29 08:23:01,190 [pool-179-thread-1] INFO  server.RaftServerConfigKeys (ConfUtils.java:logGet(43)) - raft.server.snapshot.auto.trigger.enabled = true (custom)
2019-08-29 08:23:01,190 [pool-179-thread-1] INFO  server.RaftServerConfigKeys (ConfUtils.java:logGet(43)) - raft.server.snapshot.auto.trigger.threshold = 10000 (custom)
2019-08-29 08:23:01,190 [pool-179-thread-1] INFO  server.RaftServerConfigKeys (ConfUtils.java:logGet(43)) - raft.server.retrycache.expirytime = 600000ms (custom)
2019-08-29 08:23:01,190 [pool-179-thread-1] INFO  impl.RaftServerImpl (RaftServerImpl.java:start(180)) - 24081c8f-d316-435d-a792-3431bfeb71b1: start group-BEC10561125A
2019-08-29 08:23:01,190 [pool-179-thread-1] INFO  impl.RaftServerImpl (RaftServerImpl.java:setRole(171)) - 24081c8f-d316-435d-a792-3431bfeb71b1:group-BEC10561125A changes role from null to FOLLOWER at term 0 for startAsFollower
2019-08-29 08:23:01,190 [pool-179-thread-1] INFO  impl.RoleInfo (RoleInfo.java:updateAndGet(143)) - 24081c8f-d316-435d-a792-3431bfeb71b1: start FollowerState
2019-08-29 08:23:01,191 [pool-179-thread-1] INFO  util.JmxRegister (JmxRegister.java:tryRegister(44)) - Successfully registered JMX Bean with object name Ratis:service=RaftServer,group=group-BEC10561125A,id=24081c8f-d316-435d-a792-3431bfeb71b1
2019-08-29 08:23:01,196 [RatisPipelineUtilsThread] INFO  pipeline.PipelineStateManager (PipelineStateManager.java:addPipeline(56)) - Created pipeline Pipeline[ Id: 5f9f66b5-3a9d-4de6-ae05-bec10561125a, Nodes: 24081c8f-d316-435d-a792-3431bfeb71b1{ip: 192.168.157.249, host: pr-hdds-1949-rn9cj-2680188436, networkLocation: /default-rack, certSerialId: null}, Type:RATIS, Factor:ONE, State:OPEN]
2019-08-29 08:23:01,210 [grpc-default-executor-0] INFO  impl.RaftServerProxy (RaftServerProxy.java:addNew(89)) - 500162f5-df4c-43d4-be22-b16b483ed3b9: addNew group-273770D6E455:[2cd21838-1a98-4748-8882-d7146563928a:192.168.157.249:40808, 24081c8f-d316-435d-a792-3431bfeb71b1:192.168.157.249:42130, 500162f5-df4c-43d4-be22-b16b483ed3b9:192.168.157.249:46274] returns group-273770D6E455:java.util.concurrent.CompletableFuture@52d9d01f[Not completed]
2019-08-29 08:23:01,211 [grpc-default-executor-0] INFO  impl.RaftServerProxy (RaftServerProxy.java:addNew(89)) - 24081c8f-d316-435d-a792-3431bfeb71b1: addNew group-273770D6E455:[2cd21838-1a98-4748-8882-d7146563928a:192.168.157.249:40808, 24081c8f-d316-435d-a792-3431bfeb71b1:192.168.157.249:42130, 500162f5-df4c-43d4-be22-b16b483ed3b9:192.168.157.249:46274] returns group-273770D6E455:java.util.concurrent.CompletableFuture@67263f93[Not completed]
2019-08-29 08:23:01,211 [grpc-default-executor-5] INFO  impl.RaftServerProxy (RaftServerProxy.java:addNew(89)) - 2cd21838-1a98-4748-8882-d7146563928a: addNew group-273770D6E455:[2cd21838-1a98-4748-8882-d7146563928a:192.168.157.249:40808, 24081c8f-d316-435d-a792-3431bfeb71b1:192.168.157.249:42130, 500162f5-df4c-43d4-be22-b16b483ed3b9:192.168.157.249:46274] returns group-273770D6E455:java.util.concurrent.CompletableFuture@3e2732e8[Not completed]
2019-08-29 08:23:01,212 [pool-169-thread-1] INFO  impl.RaftServerImpl (RaftServerImpl.java:<init>(93)) - 500162f5-df4c-43d4-be22-b16b483ed3b9: new RaftServerImpl for group-273770D6E455:[2cd21838-1a98-4748-8882-d7146563928a:192.168.157.249:40808, 24081c8f-d316-435d-a792-3431bfeb71b1:192.168.157.249:42130, 500162f5-df4c-43d4-be22-b16b483ed3b9:192.168.157.249:46274] with ContainerStateMachine:uninitialized
2019-08-29 08:23:01,212 [pool-169-thread-1] INFO  server.RaftServerConfigKeys (ConfUtils.java:logGet(43)) - raft.server.rpc.timeout.min = 5s (custom)
2019-08-29 08:23:01,212 [pool-169-thread-1] INFO  server.RaftServerConfigKeys (ConfUtils.java:logGet(43)) - raft.server.rpc.timeout.max = 5200ms (custom)
2019-08-29 08:23:01,212 [pool-169-thread-1] INFO  server.RaftServerConfigKeys (ConfUtils.java:logGet(43)) - raft.server.rpcslowness.timeout = 120s (custom)
2019-08-29 08:23:01,212 [pool-169-thread-1] INFO  server.RaftServerConfigKeys (ConfUtils.java:logGet(43)) - raft.server.sleep.deviation.threshold = 300 (default)
2019-08-29 08:23:01,212 [pool-169-thread-1] INFO  server.RaftServerConfigKeys (ConfUtils.java:logGet(43)) - raft.server.log.appender.install.snapshot.enabled = false (custom)
2019-08-29 08:23:01,212 [pool-169-thread-1] INFO  impl.RaftServerImpl (ServerState.java:<init>(105)) - 500162f5-df4c-43d4-be22-b16b483ed3b9:group-273770D6E455 ConfigurationManager, init=-1: [2cd21838-1a98-4748-8882-d7146563928a:192.168.157.249:40808, 24081c8f-d316-435d-a792-3431bfeb71b1:192.168.157.249:42130, 500162f5-df4c-43d4-be22-b16b483ed3b9:192.168.157.249:46274], old=null, confs=<EMPTY_MAP>
2019-08-29 08:23:01,213 [pool-169-thread-1] INFO  server.RaftServerConfigKeys (ConfUtils.java:logGet(43)) - raft.server.storage.dir = [/workdir/hadoop-ozone/integration-test/target/test-dir/MiniOzoneClusterImpl-abd8892b-b936-4b08-8d84-fd22f8afb6b4/datanode-5/data/ratis] (custom)
2019-08-29 08:23:01,213 [pool-179-thread-1] INFO  impl.RaftServerImpl (RaftServerImpl.java:<init>(93)) - 24081c8f-d316-435d-a792-3431bfeb71b1: new RaftServerImpl for group-273770D6E455:[2cd21838-1a98-4748-8882-d7146563928a:192.168.157.249:40808, 24081c8f-d316-435d-a792-3431bfeb71b1:192.168.157.249:42130, 500162f5-df4c-43d4-be22-b16b483ed3b9:192.168.157.249:46274] with ContainerStateMachine:uninitialized
2019-08-29 08:23:01,213 [pool-179-thread-1] INFO  server.RaftServerConfigKeys (ConfUtils.java:logGet(43)) - raft.server.rpc.timeout.min = 5s (custom)
2019-08-29 08:23:01,213 [pool-169-thread-1] INFO  storage.RaftStorageDirectory (RaftStorageDirectory.java:analyzeStorage(246)) - The storage directory /workdir/hadoop-ozone/integration-test/target/test-dir/MiniOzoneClusterImpl-abd8892b-b936-4b08-8d84-fd22f8afb6b4/datanode-5/data/ratis/984b27fd-9fb9-45b0-9865-273770d6e455 does not exist. Creating ...
2019-08-29 08:23:01,213 [pool-179-thread-1] INFO  server.RaftServerConfigKeys (ConfUtils.java:logGet(43)) - raft.server.rpc.timeout.max = 5200ms (custom)
2019-08-29 08:23:01,213 [pool-149-thread-1] INFO  impl.RaftServerImpl (RaftServerImpl.java:<init>(93)) - 2cd21838-1a98-4748-8882-d7146563928a: new RaftServerImpl for group-273770D6E455:[2cd21838-1a98-4748-8882-d7146563928a:192.168.157.249:40808, 24081c8f-d316-435d-a792-3431bfeb71b1:192.168.157.249:42130, 500162f5-df4c-43d4-be22-b16b483ed3b9:192.168.157.249:46274] with ContainerStateMachine:uninitialized
2019-08-29 08:23:01,213 [pool-179-thread-1] INFO  server.RaftServerConfigKeys (ConfUtils.java:logGet(43)) - raft.server.rpcslowness.timeout = 120s (custom)
2019-08-29 08:23:01,213 [pool-149-thread-1] INFO  server.RaftServerConfigKeys (ConfUtils.java:logGet(43)) - raft.server.rpc.timeout.min = 5s (custom)
2019-08-29 08:23:01,213 [pool-179-thread-1] INFO  server.RaftServerConfigKeys (ConfUtils.java:logGet(43)) - raft.server.sleep.deviation.threshold = 300 (default)
2019-08-29 08:23:01,214 [pool-149-thread-1] INFO  server.RaftServerConfigKeys (ConfUtils.java:logGet(43)) - raft.server.rpc.timeout.max = 5200ms (custom)
2019-08-29 08:23:01,214 [pool-179-thread-1] INFO  server.RaftServerConfigKeys (ConfUtils.java:logGet(43)) - raft.server.log.appender.install.snapshot.enabled = false (custom)
2019-08-29 08:23:01,214 [pool-149-thread-1] INFO  server.RaftServerConfigKeys (ConfUtils.java:logGet(43)) - raft.server.rpcslowness.timeout = 120s (custom)
2019-08-29 08:23:01,214 [pool-179-thread-1] INFO  impl.RaftServerImpl (ServerState.java:<init>(105)) - 24081c8f-d316-435d-a792-3431bfeb71b1:group-273770D6E455 ConfigurationManager, init=-1: [2cd21838-1a98-4748-8882-d7146563928a:192.168.157.249:40808, 24081c8f-d316-435d-a792-3431bfeb71b1:192.168.157.249:42130, 500162f5-df4c-43d4-be22-b16b483ed3b9:192.168.157.249:46274], old=null, confs=<EMPTY_MAP>
2019-08-29 08:23:01,214 [pool-149-thread-1] INFO  server.RaftServerConfigKeys (ConfUtils.java:logGet(43)) - raft.server.sleep.deviation.threshold = 300 (default)
2019-08-29 08:23:01,214 [pool-179-thread-1] INFO  server.RaftServerConfigKeys (ConfUtils.java:logGet(43)) - raft.server.storage.dir = [/workdir/hadoop-ozone/integration-test/target/test-dir/MiniOzoneClusterImpl-abd8892b-b936-4b08-8d84-fd22f8afb6b4/datanode-6/data/ratis] (custom)
2019-08-29 08:23:01,214 [pool-149-thread-1] INFO  server.RaftServerConfigKeys (ConfUtils.java:logGet(43)) - raft.server.log.appender.install.snapshot.enabled = false (custom)
2019-08-29 08:23:01,214 [pool-149-thread-1] INFO  impl.RaftServerImpl (ServerState.java:<init>(105)) - 2cd21838-1a98-4748-8882-d7146563928a:group-273770D6E455 ConfigurationManager, init=-1: [2cd21838-1a98-4748-8882-d7146563928a:192.168.157.249:40808, 24081c8f-d316-435d-a792-3431bfeb71b1:192.168.157.249:42130, 500162f5-df4c-43d4-be22-b16b483ed3b9:192.168.157.249:46274], old=null, confs=<EMPTY_MAP>
2019-08-29 08:23:01,215 [pool-179-thread-1] INFO  storage.RaftStorageDirectory (RaftStorageDirectory.java:analyzeStorage(246)) - The storage directory /workdir/hadoop-ozone/integration-test/target/test-dir/MiniOzoneClusterImpl-abd8892b-b936-4b08-8d84-fd22f8afb6b4/datanode-6/data/ratis/984b27fd-9fb9-45b0-9865-273770d6e455 does not exist. Creating ...
2019-08-29 08:23:01,215 [pool-149-thread-1] INFO  server.RaftServerConfigKeys (ConfUtils.java:logGet(43)) - raft.server.storage.dir = [/workdir/hadoop-ozone/integration-test/target/test-dir/MiniOzoneClusterImpl-abd8892b-b936-4b08-8d84-fd22f8afb6b4/datanode-3/data/ratis] (custom)
2019-08-29 08:23:01,215 [pool-149-thread-1] INFO  storage.RaftStorageDirectory (RaftStorageDirectory.java:analyzeStorage(246)) - The storage directory /workdir/hadoop-ozone/integration-test/target/test-dir/MiniOzoneClusterImpl-abd8892b-b936-4b08-8d84-fd22f8afb6b4/datanode-3/data/ratis/984b27fd-9fb9-45b0-9865-273770d6e455 does not exist. Creating ...
2019-08-29 08:23:01,226 [pool-179-thread-1] INFO  storage.RaftStorageDirectory (RaftStorageDirectory.java:tryLock(328)) - Lock on /workdir/hadoop-ozone/integration-test/target/test-dir/MiniOzoneClusterImpl-abd8892b-b936-4b08-8d84-fd22f8afb6b4/datanode-6/data/ratis/984b27fd-9fb9-45b0-9865-273770d6e455/in_use.lock acquired by nodename 1784@pr-hdds-1949-rn9cj-2680188436
2019-08-29 08:23:01,226 [pool-169-thread-1] INFO  storage.RaftStorageDirectory (RaftStorageDirectory.java:tryLock(328)) - Lock on /workdir/hadoop-ozone/integration-test/target/test-dir/MiniOzoneClusterImpl-abd8892b-b936-4b08-8d84-fd22f8afb6b4/datanode-5/data/ratis/984b27fd-9fb9-45b0-9865-273770d6e455/in_use.lock acquired by nodename 1784@pr-hdds-1949-rn9cj-2680188436
2019-08-29 08:23:01,226 [pool-149-thread-1] INFO  storage.RaftStorageDirectory (RaftStorageDirectory.java:tryLock(328)) - Lock on /workdir/hadoop-ozone/integration-test/target/test-dir/MiniOzoneClusterImpl-abd8892b-b936-4b08-8d84-fd22f8afb6b4/datanode-3/data/ratis/984b27fd-9fb9-45b0-9865-273770d6e455/in_use.lock acquired by nodename 1784@pr-hdds-1949-rn9cj-2680188436
2019-08-29 08:23:01,240 [pool-169-thread-1] INFO  storage.RaftStorage (RaftStorage.java:format(72)) - Storage directory /workdir/hadoop-ozone/integration-test/target/test-dir/MiniOzoneClusterImpl-abd8892b-b936-4b08-8d84-fd22f8afb6b4/datanode-5/data/ratis/984b27fd-9fb9-45b0-9865-273770d6e455 has been successfully formatted.
2019-08-29 08:23:01,240 [pool-149-thread-1] INFO  storage.RaftStorage (RaftStorage.java:format(72)) - Storage directory /workdir/hadoop-ozone/integration-test/target/test-dir/MiniOzoneClusterImpl-abd8892b-b936-4b08-8d84-fd22f8afb6b4/datanode-3/data/ratis/984b27fd-9fb9-45b0-9865-273770d6e455 has been successfully formatted.
2019-08-29 08:23:01,240 [pool-179-thread-1] INFO  storage.RaftStorage (RaftStorage.java:format(72)) - Storage directory /workdir/hadoop-ozone/integration-test/target/test-dir/MiniOzoneClusterImpl-abd8892b-b936-4b08-8d84-fd22f8afb6b4/datanode-6/data/ratis/984b27fd-9fb9-45b0-9865-273770d6e455 has been successfully formatted.
2019-08-29 08:23:01,241 [pool-149-thread-1] INFO  ratis.ContainerStateMachine (ContainerStateMachine.java:loadSnapshot(227)) - group-273770D6E455: The snapshot info is null. Setting the last applied indexto:(t:0, i:~)
2019-08-29 08:23:01,241 [pool-169-thread-1] INFO  ratis.ContainerStateMachine (ContainerStateMachine.java:loadSnapshot(227)) - group-273770D6E455: The snapshot info is null. Setting the last applied indexto:(t:0, i:~)
2019-08-29 08:23:01,242 [pool-179-thread-1] INFO  ratis.ContainerStateMachine (ContainerStateMachine.java:loadSnapshot(227)) - group-273770D6E455: The snapshot info is null. Setting the last applied indexto:(t:0, i:~)
2019-08-29 08:23:01,242 [pool-169-thread-1] INFO  server.RaftServerConfigKeys (ConfUtils.java:logGet(43)) - raft.server.leader.election.timeout = 120s (custom)
2019-08-29 08:23:01,242 [pool-149-thread-1] INFO  server.RaftServerConfigKeys (ConfUtils.java:logGet(43)) - raft.server.leader.election.timeout = 120s (custom)
2019-08-29 08:23:01,242 [pool-179-thread-1] INFO  server.RaftServerConfigKeys (ConfUtils.java:logGet(43)) - raft.server.leader.election.timeout = 120s (custom)
2019-08-29 08:23:01,243 [pool-149-thread-1] INFO  server.RaftServerConfigKeys (ConfUtils.java:logGet(43)) - raft.server.log.use.memory = false (default)
2019-08-29 08:23:01,242 [pool-169-thread-1] INFO  server.RaftServerConfigKeys (ConfUtils.java:logGet(43)) - raft.server.log.use.memory = false (default)
2019-08-29 08:23:01,243 [pool-149-thread-1] INFO  server.RaftServerConfigKeys (ConfUtils.java:logGet(43)) - raft.server.log.purge.gap = 1000000 (custom)
2019-08-29 08:23:01,243 [pool-179-thread-1] INFO  server.RaftServerConfigKeys (ConfUtils.java:logGet(43)) - raft.server.log.use.memory = false (default)
2019-08-29 08:23:01,244 [pool-149-thread-1] INFO  server.RaftServerConfigKeys (ConfUtils.java:logGet(43)) - raft.server.log.appender.buffer.byte-limit = 33554432 (custom)
2019-08-29 08:23:01,243 [pool-169-thread-1] INFO  server.RaftServerConfigKeys (ConfUtils.java:logGet(43)) - raft.server.log.purge.gap = 1000000 (custom)
2019-08-29 08:23:01,244 [pool-149-thread-1] INFO  server.RaftServerConfigKeys (ConfUtils.java:logGet(43)) - raft.server.log.segment.size.max = 1048576 (custom)
2019-08-29 08:23:01,244 [pool-179-thread-1] INFO  server.RaftServerConfigKeys (ConfUtils.java:logGet(43)) - raft.server.log.purge.gap = 1000000 (custom)
2019-08-29 08:23:01,244 [pool-149-thread-1] INFO  server.RaftServerConfigKeys (ConfUtils.java:logGet(43)) - raft.server.log.segment.cache.num.max = 2 (custom)
2019-08-29 08:23:01,244 [pool-169-thread-1] INFO  server.RaftServerConfigKeys (ConfUtils.java:logGet(43)) - raft.server.log.appender.buffer.byte-limit = 33554432 (custom)
2019-08-29 08:23:01,245 [pool-149-thread-1] INFO  segmented.SegmentedRaftLogWorker (SegmentedRaftLogWorker.java:<init>(172)) - new 2cd21838-1a98-4748-8882-d7146563928a-SegmentedRaftLogWorker:Storage Directory /workdir/hadoop-ozone/integration-test/target/test-dir/MiniOzoneClusterImpl-abd8892b-b936-4b08-8d84-fd22f8afb6b4/datanode-3/data/ratis/984b27fd-9fb9-45b0-9865-273770d6e455 for RaftStorage:Storage Directory /workdir/hadoop-ozone/integration-test/target/test-dir/MiniOzoneClusterImpl-abd8892b-b936-4b08-8d84-fd22f8afb6b4/datanode-3/data/ratis/984b27fd-9fb9-45b0-9865-273770d6e455
2019-08-29 08:23:01,245 [pool-179-thread-1] INFO  server.RaftServerConfigKeys (ConfUtils.java:logGet(43)) - raft.server.log.appender.buffer.byte-limit = 33554432 (custom)
2019-08-29 08:23:01,245 [pool-149-thread-1] INFO  server.RaftServerConfigKeys (ConfUtils.java:logGet(43)) - raft.server.log.queue.byte-limit = 2147483647 (custom)
2019-08-29 08:23:01,245 [pool-169-thread-1] INFO  server.RaftServerConfigKeys (ConfUtils.java:logGet(43)) - raft.server.log.segment.size.max = 1048576 (custom)
2019-08-29 08:23:01,246 [pool-149-thread-1] INFO  server.RaftServerConfigKeys (ConfUtils.java:logGet(43)) - raft.server.log.queue.element-limit = 1024 (custom)
2019-08-29 08:23:01,245 [pool-179-thread-1] INFO  server.RaftServerConfigKeys (ConfUtils.java:logGet(43)) - raft.server.log.segment.size.max = 1048576 (custom)
2019-08-29 08:23:01,246 [pool-149-thread-1] INFO  server.RaftServerConfigKeys (ConfUtils.java:logGet(43)) - raft.server.log.segment.size.max = 1048576 (custom)
2019-08-29 08:23:01,246 [pool-169-thread-1] INFO  server.RaftServerConfigKeys (ConfUtils.java:logGet(43)) - raft.server.log.segment.cache.num.max = 2 (custom)
2019-08-29 08:23:01,246 [pool-149-thread-1] INFO  server.RaftServerConfigKeys (ConfUtils.java:logGet(43)) - raft.server.log.preallocated.size = 16384 (custom)
2019-08-29 08:23:01,246 [pool-179-thread-1] INFO  server.RaftServerConfigKeys (ConfUtils.java:logGet(43)) - raft.server.log.segment.cache.num.max = 2 (custom)
2019-08-29 08:23:01,247 [pool-149-thread-1] INFO  server.RaftServerConfigKeys (ConfUtils.java:logGet(43)) - raft.server.log.write.buffer.size = 33554432 (custom)
2019-08-29 08:23:01,246 [pool-169-thread-1] INFO  segmented.SegmentedRaftLogWorker (SegmentedRaftLogWorker.java:<init>(172)) - new 500162f5-df4c-43d4-be22-b16b483ed3b9-SegmentedRaftLogWorker:Storage Directory /workdir/hadoop-ozone/integration-test/target/test-dir/MiniOzoneClusterImpl-abd8892b-b936-4b08-8d84-fd22f8afb6b4/datanode-5/data/ratis/984b27fd-9fb9-45b0-9865-273770d6e455 for RaftStorage:Storage Directory /workdir/hadoop-ozone/integration-test/target/test-dir/MiniOzoneClusterImpl-abd8892b-b936-4b08-8d84-fd22f8afb6b4/datanode-5/data/ratis/984b27fd-9fb9-45b0-9865-273770d6e455
2019-08-29 08:23:01,247 [pool-149-thread-1] INFO  server.RaftServerConfigKeys (ConfUtils.java:logGet(43)) - raft.server.log.force.sync.num = 128 (default)
2019-08-29 08:23:01,247 [pool-179-thread-1] INFO  segmented.SegmentedRaftLogWorker (SegmentedRaftLogWorker.java:<init>(172)) - new 24081c8f-d316-435d-a792-3431bfeb71b1-SegmentedRaftLogWorker:Storage Directory /workdir/hadoop-ozone/integration-test/target/test-dir/MiniOzoneClusterImpl-abd8892b-b936-4b08-8d84-fd22f8afb6b4/datanode-6/data/ratis/984b27fd-9fb9-45b0-9865-273770d6e455 for RaftStorage:Storage Directory /workdir/hadoop-ozone/integration-test/target/test-dir/MiniOzoneClusterImpl-abd8892b-b936-4b08-8d84-fd22f8afb6b4/datanode-6/data/ratis/984b27fd-9fb9-45b0-9865-273770d6e455
2019-08-29 08:23:01,248 [pool-149-thread-1] INFO  server.RaftServerConfigKeys (ConfUtils.java:logGet(43)) - raft.server.log.statemachine.data.sync = true (default)
2019-08-29 08:23:01,247 [pool-169-thread-1] INFO  server.RaftServerConfigKeys (ConfUtils.java:logGet(43)) - raft.server.log.queue.byte-limit = 2147483647 (custom)
2019-08-29 08:23:01,248 [pool-149-thread-1] INFO  server.RaftServerConfigKeys (ConfUtils.java:logGet(43)) - raft.server.log.statemachine.data.sync.timeout = 10s (default)
2019-08-29 08:23:01,248 [pool-179-thread-1] INFO  server.RaftServerConfigKeys (ConfUtils.java:logGet(43)) - raft.server.log.queue.byte-limit = 2147483647 (custom)
2019-08-29 08:23:01,248 [pool-149-thread-1] INFO  server.RaftServerConfigKeys (ConfUtils.java:logGet(43)) - raft.server.log.statemachine.data.sync.timeout.retry = -1 (default)
2019-08-29 08:23:01,248 [pool-169-thread-1] INFO  server.RaftServerConfigKeys (ConfUtils.java:logGet(43)) - raft.server.log.queue.element-limit = 1024 (custom)
2019-08-29 08:23:01,249 [pool-149-thread-1] INFO  server.RaftServerConfigKeys (ConfUtils.java:logGet(43)) - raft.server.log.statemachine.data.caching.enabled = true (custom)
2019-08-29 08:23:01,248 [pool-179-thread-1] INFO  server.RaftServerConfigKeys (ConfUtils.java:logGet(43)) - raft.server.log.queue.element-limit = 1024 (custom)
2019-08-29 08:23:01,249 [pool-169-thread-1] INFO  server.RaftServerConfigKeys (ConfUtils.java:logGet(43)) - raft.server.log.segment.size.max = 1048576 (custom)
2019-08-29 08:23:01,249 [pool-149-thread-1] INFO  segmented.SegmentedRaftLogWorker (SegmentedRaftLogWorker.java:lambda$new$0(132)) - 2cd21838-1a98-4748-8882-d7146563928a-SegmentedRaftLogWorker:Storage Directory /workdir/hadoop-ozone/integration-test/target/test-dir/MiniOzoneClusterImpl-abd8892b-b936-4b08-8d84-fd22f8afb6b4/datanode-3/data/ratis/984b27fd-9fb9-45b0-9865-273770d6e455: flushIndex: setUnconditionally 0 -> -1
2019-08-29 08:23:01,249 [pool-179-thread-1] INFO  server.RaftServerConfigKeys (ConfUtils.java:logGet(43)) - raft.server.log.segment.size.max = 1048576 (custom)
2019-08-29 08:23:01,249 [pool-169-thread-1] INFO  server.RaftServerConfigKeys (ConfUtils.java:logGet(43)) - raft.server.log.preallocated.size = 16384 (custom)
2019-08-29 08:23:01,250 [pool-149-thread-1] INFO  server.RaftServerConfigKeys (ConfUtils.java:logGet(43)) - raft.server.snapshot.auto.trigger.enabled = true (custom)
2019-08-29 08:23:01,250 [pool-179-thread-1] INFO  server.RaftServerConfigKeys (ConfUtils.java:logGet(43)) - raft.server.log.preallocated.size = 16384 (custom)
2019-08-29 08:23:01,250 [pool-149-thread-1] INFO  server.RaftServerConfigKeys (ConfUtils.java:logGet(43)) - raft.server.snapshot.auto.trigger.threshold = 10000 (custom)
2019-08-29 08:23:01,250 [pool-169-thread-1] INFO  server.RaftServerConfigKeys (ConfUtils.java:logGet(43)) - raft.server.log.write.buffer.size = 33554432 (custom)
2019-08-29 08:23:01,250 [pool-149-thread-1] INFO  server.RaftServerConfigKeys (ConfUtils.java:logGet(43)) - raft.server.retrycache.expirytime = 600000ms (custom)
2019-08-29 08:23:01,250 [pool-179-thread-1] INFO  server.RaftServerConfigKeys (ConfUtils.java:logGet(43)) - raft.server.log.write.buffer.size = 33554432 (custom)
2019-08-29 08:23:01,251 [pool-149-thread-1] INFO  impl.RaftServerImpl (RaftServerImpl.java:start(180)) - 2cd21838-1a98-4748-8882-d7146563928a: start group-273770D6E455
2019-08-29 08:23:01,251 [pool-169-thread-1] INFO  server.RaftServerConfigKeys (ConfUtils.java:logGet(43)) - raft.server.log.force.sync.num = 128 (default)
2019-08-29 08:23:01,251 [pool-149-thread-1] INFO  impl.RaftServerImpl (RaftServerImpl.java:setRole(171)) - 2cd21838-1a98-4748-8882-d7146563928a:group-273770D6E455 changes role from null to FOLLOWER at term 0 for startAsFollower
2019-08-29 08:23:01,251 [pool-179-thread-1] INFO  server.RaftServerConfigKeys (ConfUtils.java:logGet(43)) - raft.server.log.force.sync.num = 128 (default)
2019-08-29 08:23:01,251 [pool-149-thread-1] INFO  impl.RoleInfo (RoleInfo.java:updateAndGet(143)) - 2cd21838-1a98-4748-8882-d7146563928a: start FollowerState
2019-08-29 08:23:01,251 [pool-169-thread-1] INFO  server.RaftServerConfigKeys (ConfUtils.java:logGet(43)) - raft.server.log.statemachine.data.sync = true (default)
2019-08-29 08:23:01,251 [pool-179-thread-1] INFO  server.RaftServerConfigKeys (ConfUtils.java:logGet(43)) - raft.server.log.statemachine.data.sync = true (default)
2019-08-29 08:23:01,252 [pool-149-thread-1] INFO  util.JmxRegister (JmxRegister.java:tryRegister(44)) - Successfully registered JMX Bean with object name Ratis:service=RaftServer,group=group-273770D6E455,id=2cd21838-1a98-4748-8882-d7146563928a
2019-08-29 08:23:01,252 [pool-169-thread-1] INFO  server.RaftServerConfigKeys (ConfUtils.java:logGet(43)) - raft.server.log.statemachine.data.sync.timeout = 10s (default)
2019-08-29 08:23:01,252 [pool-179-thread-1] INFO  server.RaftServerConfigKeys (ConfUtils.java:logGet(43)) - raft.server.log.statemachine.data.sync.timeout = 10s (default)
2019-08-29 08:23:01,252 [pool-169-thread-1] INFO  server.RaftServerConfigKeys (ConfUtils.java:logGet(43)) - raft.server.log.statemachine.data.sync.timeout.retry = -1 (default)
2019-08-29 08:23:01,253 [pool-179-thread-1] INFO  server.RaftServerConfigKeys (ConfUtils.java:logGet(43)) - raft.server.log.statemachine.data.sync.timeout.retry = -1 (default)
2019-08-29 08:23:01,253 [pool-169-thread-1] INFO  server.RaftServerConfigKeys (ConfUtils.java:logGet(43)) - raft.server.log.statemachine.data.caching.enabled = true (custom)
2019-08-29 08:23:01,253 [pool-179-thread-1] INFO  server.RaftServerConfigKeys (ConfUtils.java:logGet(43)) - raft.server.log.statemachine.data.caching.enabled = true (custom)
2019-08-29 08:23:01,253 [pool-169-thread-1] INFO  segmented.SegmentedRaftLogWorker (SegmentedRaftLogWorker.java:lambda$new$0(132)) - 500162f5-df4c-43d4-be22-b16b483ed3b9-SegmentedRaftLogWorker:Storage Directory /workdir/hadoop-ozone/integration-test/target/test-dir/MiniOzoneClusterImpl-abd8892b-b936-4b08-8d84-fd22f8afb6b4/datanode-5/data/ratis/984b27fd-9fb9-45b0-9865-273770d6e455: flushIndex: setUnconditionally 0 -> -1
2019-08-29 08:23:01,253 [pool-179-thread-1] INFO  segmented.SegmentedRaftLogWorker (SegmentedRaftLogWorker.java:lambda$new$0(132)) - 24081c8f-d316-435d-a792-3431bfeb71b1-SegmentedRaftLogWorker:Storage Directory /workdir/hadoop-ozone/integration-test/target/test-dir/MiniOzoneClusterImpl-abd8892b-b936-4b08-8d84-fd22f8afb6b4/datanode-6/data/ratis/984b27fd-9fb9-45b0-9865-273770d6e455: flushIndex: setUnconditionally 0 -> -1
2019-08-29 08:23:01,257 [pool-169-thread-1] INFO  server.RaftServerConfigKeys (ConfUtils.java:logGet(43)) - raft.server.snapshot.auto.trigger.enabled = true (custom)
2019-08-29 08:23:01,258 [pool-179-thread-1] INFO  server.RaftServerConfigKeys (ConfUtils.java:logGet(43)) - raft.server.snapshot.auto.trigger.enabled = true (custom)
2019-08-29 08:23:01,258 [pool-169-thread-1] INFO  server.RaftServerConfigKeys (ConfUtils.java:logGet(43)) - raft.server.snapshot.auto.trigger.threshold = 10000 (custom)
2019-08-29 08:23:01,258 [pool-179-thread-1] INFO  server.RaftServerConfigKeys (ConfUtils.java:logGet(43)) - raft.server.snapshot.auto.trigger.threshold = 10000 (custom)
2019-08-29 08:23:01,258 [pool-169-thread-1] INFO  server.RaftServerConfigKeys (ConfUtils.java:logGet(43)) - raft.server.retrycache.expirytime = 600000ms (custom)
2019-08-29 08:23:01,258 [pool-179-thread-1] INFO  server.RaftServerConfigKeys (ConfUtils.java:logGet(43)) - raft.server.retrycache.expirytime = 600000ms (custom)
2019-08-29 08:23:01,258 [pool-169-thread-1] INFO  impl.RaftServerImpl (RaftServerImpl.java:start(180)) - 500162f5-df4c-43d4-be22-b16b483ed3b9: start group-273770D6E455
2019-08-29 08:23:01,259 [pool-179-thread-1] INFO  impl.RaftServerImpl (RaftServerImpl.java:start(180)) - 24081c8f-d316-435d-a792-3431bfeb71b1: start group-273770D6E455
2019-08-29 08:23:01,259 [pool-169-thread-1] INFO  impl.RaftServerImpl (RaftServerImpl.java:setRole(171)) - 500162f5-df4c-43d4-be22-b16b483ed3b9:group-273770D6E455 changes role from null to FOLLOWER at term 0 for startAsFollower
2019-08-29 08:23:01,259 [pool-179-thread-1] INFO  impl.RaftServerImpl (RaftServerImpl.java:setRole(171)) - 24081c8f-d316-435d-a792-3431bfeb71b1:group-273770D6E455 changes role from null to FOLLOWER at term 0 for startAsFollower
2019-08-29 08:23:01,259 [pool-169-thread-1] INFO  impl.RoleInfo (RoleInfo.java:updateAndGet(143)) - 500162f5-df4c-43d4-be22-b16b483ed3b9: start FollowerState
2019-08-29 08:23:01,259 [pool-179-thread-1] INFO  impl.RoleInfo (RoleInfo.java:updateAndGet(143)) - 24081c8f-d316-435d-a792-3431bfeb71b1: start FollowerState
2019-08-29 08:23:01,260 [pool-169-thread-1] INFO  util.JmxRegister (JmxRegister.java:tryRegister(44)) - Successfully registered JMX Bean with object name Ratis:service=RaftServer,group=group-273770D6E455,id=500162f5-df4c-43d4-be22-b16b483ed3b9
2019-08-29 08:23:01,260 [pool-179-thread-1] INFO  util.JmxRegister (JmxRegister.java:tryRegister(44)) - Successfully registered JMX Bean with object name Ratis:service=RaftServer,group=group-273770D6E455,id=24081c8f-d316-435d-a792-3431bfeb71b1
2019-08-29 08:23:01,265 [RatisPipelineUtilsThread] INFO  pipeline.PipelineStateManager (PipelineStateManager.java:addPipeline(56)) - Created pipeline Pipeline[ Id: 984b27fd-9fb9-45b0-9865-273770d6e455, Nodes: 500162f5-df4c-43d4-be22-b16b483ed3b9{ip: 192.168.157.249, host: pr-hdds-1949-rn9cj-2680188436, networkLocation: /default-rack, certSerialId: null}2cd21838-1a98-4748-8882-d7146563928a{ip: 192.168.157.249, host: pr-hdds-1949-rn9cj-2680188436, networkLocation: /default-rack, certSerialId: null}24081c8f-d316-435d-a792-3431bfeb71b1{ip: 192.168.157.249, host: pr-hdds-1949-rn9cj-2680188436, networkLocation: /default-rack, certSerialId: null}, Type:RATIS, Factor:THREE, State:OPEN]
2019-08-29 08:23:01,268 | INFO  | SCMAudit | user=jenkins1000 | ip=192.168.157.249 | op=ALLOCATE_BLOCK {owner=61658041-16e2-47bc-a813-c3c8b6270553, size=800, type=RATIS, factor=THREE} | ret=SUCCESS |  
2019-08-29 08:23:01,271 | INFO  | OMAudit | user=jenkins1000 | ip=127.0.0.1 | op=ALLOCATE_KEY {volume=testblockoutputstreamwithretries, bucket=testblockoutputstreamwithretries, key=79a25b64-fba7-45f5-bf5e-5b6ad64168c9, dataSize=3200, replicationType=RATIS, replicationFactor=THREE, keyLocationInfo=null} | ret=SUCCESS |  
2019-08-29 08:23:01,286 [grpc-default-executor-5] INFO  client.GrpcClientProtocolClient (GrpcClientProtocolClient.java:onNext(255)) - client-56A4EE866ECF->500162f5-df4c-43d4-be22-b16b483ed3b9: receive RaftClientReply:client-56A4EE866ECF->500162f5-df4c-43d4-be22-b16b483ed3b9@group-273770D6E455, cid=42, FAILED org.apache.ratis.protocol.NotLeaderException: Server 500162f5-df4c-43d4-be22-b16b483ed3b9 is not the leader (null). Request must be sent to leader., logIndex=0, commits[500162f5-df4c-43d4-be22-b16b483ed3b9:c-1]
2019-08-29 08:23:02,320 [grpc-default-executor-5] INFO  client.GrpcClientProtocolClient (GrpcClientProtocolClient.java:onNext(255)) - client-56A4EE866ECF->24081c8f-d316-435d-a792-3431bfeb71b1: receive RaftClientReply:client-56A4EE866ECF->24081c8f-d316-435d-a792-3431bfeb71b1@group-273770D6E455, cid=42, FAILED org.apache.ratis.protocol.NotLeaderException: Server 24081c8f-d316-435d-a792-3431bfeb71b1 is not the leader (null). Request must be sent to leader., logIndex=0, commits[24081c8f-d316-435d-a792-3431bfeb71b1:c-1]
2019-08-29 08:23:02,680 | INFO  | SCMAudit | user=jenkins1000 | ip=192.168.157.249 | op=SEND_HEARTBEAT {datanodeUUID=6d68ca61-c219-4724-b8bb-ddcd01f258b2, command=[]} | ret=SUCCESS |  
2019-08-29 08:23:02,750 | INFO  | SCMAudit | user=jenkins1000 | ip=192.168.157.249 | op=SEND_HEARTBEAT {datanodeUUID=f3091307-9c6d-4cf5-b619-8e6cca6f84c9, command=[]} | ret=SUCCESS |  
2019-08-29 08:23:02,814 | INFO  | SCMAudit | user=jenkins1000 | ip=192.168.157.249 | op=SEND_HEARTBEAT {datanodeUUID=b3ac43d0-c6e0-46d8-bcc9-9ad695550644, command=[]} | ret=SUCCESS |  
2019-08-29 08:23:02,892 | INFO  | SCMAudit | user=jenkins1000 | ip=192.168.157.249 | op=SEND_HEARTBEAT {datanodeUUID=2cd21838-1a98-4748-8882-d7146563928a, command=[]} | ret=SUCCESS |  
2019-08-29 08:23:02,967 | INFO  | SCMAudit | user=jenkins1000 | ip=192.168.157.249 | op=SEND_HEARTBEAT {datanodeUUID=35f04ff1-b93c-4ae0-b494-c5f2981bb056, command=[]} | ret=SUCCESS |  
2019-08-29 08:23:03,044 | INFO  | SCMAudit | user=jenkins1000 | ip=192.168.157.249 | op=SEND_HEARTBEAT {datanodeUUID=500162f5-df4c-43d4-be22-b16b483ed3b9, command=[]} | ret=SUCCESS |  
2019-08-29 08:23:03,115 | INFO  | SCMAudit | user=jenkins1000 | ip=192.168.157.249 | op=SEND_HEARTBEAT {datanodeUUID=24081c8f-d316-435d-a792-3431bfeb71b1, command=[]} | ret=SUCCESS |  
2019-08-29 08:23:03,341 [grpc-default-executor-0] INFO  client.GrpcClientProtocolClient (GrpcClientProtocolClient.java:onNext(255)) - client-56A4EE866ECF->2cd21838-1a98-4748-8882-d7146563928a: receive RaftClientReply:client-56A4EE866ECF->2cd21838-1a98-4748-8882-d7146563928a@group-273770D6E455, cid=42, FAILED org.apache.ratis.protocol.NotLeaderException: Server 2cd21838-1a98-4748-8882-d7146563928a is not the leader (null). Request must be sent to leader., logIndex=0, commits[2cd21838-1a98-4748-8882-d7146563928a:c-1]
2019-08-29 08:23:03,680 | INFO  | SCMAudit | user=jenkins1000 | ip=192.168.157.249 | op=SEND_HEARTBEAT {datanodeUUID=6d68ca61-c219-4724-b8bb-ddcd01f258b2, command=[]} | ret=SUCCESS |  
2019-08-29 08:23:03,691 [Thread-680] INFO  container.ReplicationManager (ReplicationManager.java:start(152)) - Starting Replication Monitor Thread.
2019-08-29 08:23:03,697 [ReplicationMonitor] INFO  container.ReplicationManager (ReplicationManager.java:run(215)) - Replication Monitor Thread took 0 milliseconds for processing 3 containers.
2019-08-29 08:23:03,750 | INFO  | SCMAudit | user=jenkins1000 | ip=192.168.157.249 | op=SEND_HEARTBEAT {datanodeUUID=f3091307-9c6d-4cf5-b619-8e6cca6f84c9, command=[]} | ret=SUCCESS |  
2019-08-29 08:23:03,814 | INFO  | SCMAudit | user=jenkins1000 | ip=192.168.157.249 | op=SEND_HEARTBEAT {datanodeUUID=b3ac43d0-c6e0-46d8-bcc9-9ad695550644, command=[]} | ret=SUCCESS |  
2019-08-29 08:23:03,891 | INFO  | SCMAudit | user=jenkins1000 | ip=192.168.157.249 | op=SEND_HEARTBEAT {datanodeUUID=2cd21838-1a98-4748-8882-d7146563928a, command=[]} | ret=SUCCESS |  
2019-08-29 08:23:03,967 | INFO  | SCMAudit | user=jenkins1000 | ip=192.168.157.249 | op=SEND_HEARTBEAT {datanodeUUID=35f04ff1-b93c-4ae0-b494-c5f2981bb056, command=[]} | ret=SUCCESS |  
2019-08-29 08:23:04,044 | INFO  | SCMAudit | user=jenkins1000 | ip=192.168.157.249 | op=SEND_HEARTBEAT {datanodeUUID=500162f5-df4c-43d4-be22-b16b483ed3b9, command=[]} | ret=SUCCESS |  
2019-08-29 08:23:04,115 | INFO  | SCMAudit | user=jenkins1000 | ip=192.168.157.249 | op=SEND_HEARTBEAT {datanodeUUID=24081c8f-d316-435d-a792-3431bfeb71b1, command=[]} | ret=SUCCESS |  
2019-08-29 08:23:04,365 [grpc-default-executor-0] INFO  client.GrpcClientProtocolClient (GrpcClientProtocolClient.java:onNext(255)) - client-56A4EE866ECF->500162f5-df4c-43d4-be22-b16b483ed3b9: receive RaftClientReply:client-56A4EE866ECF->500162f5-df4c-43d4-be22-b16b483ed3b9@group-273770D6E455, cid=42, FAILED org.apache.ratis.protocol.NotLeaderException: Server 500162f5-df4c-43d4-be22-b16b483ed3b9 is not the leader (null). Request must be sent to leader., logIndex=0, commits[500162f5-df4c-43d4-be22-b16b483ed3b9:c-1]
2019-08-29 08:23:04,681 | INFO  | SCMAudit | user=jenkins1000 | ip=192.168.157.249 | op=SEND_HEARTBEAT {datanodeUUID=6d68ca61-c219-4724-b8bb-ddcd01f258b2, command=[]} | ret=SUCCESS |  
2019-08-29 08:23:04,752 | INFO  | SCMAudit | user=jenkins1000 | ip=192.168.157.249 | op=SEND_HEARTBEAT {datanodeUUID=f3091307-9c6d-4cf5-b619-8e6cca6f84c9, command=[]} | ret=SUCCESS |  
2019-08-29 08:23:04,814 | INFO  | SCMAudit | user=jenkins1000 | ip=192.168.157.249 | op=SEND_HEARTBEAT {datanodeUUID=b3ac43d0-c6e0-46d8-bcc9-9ad695550644, command=[]} | ret=SUCCESS |  
2019-08-29 08:23:04,892 | INFO  | SCMAudit | user=jenkins1000 | ip=192.168.157.249 | op=SEND_HEARTBEAT {datanodeUUID=2cd21838-1a98-4748-8882-d7146563928a, command=[]} | ret=SUCCESS |  
2019-08-29 08:23:04,967 | INFO  | SCMAudit | user=jenkins1000 | ip=192.168.157.249 | op=SEND_HEARTBEAT {datanodeUUID=35f04ff1-b93c-4ae0-b494-c5f2981bb056, command=[]} | ret=SUCCESS |  
2019-08-29 08:23:05,044 | INFO  | SCMAudit | user=jenkins1000 | ip=192.168.157.249 | op=SEND_HEARTBEAT {datanodeUUID=500162f5-df4c-43d4-be22-b16b483ed3b9, command=[]} | ret=SUCCESS |  
2019-08-29 08:23:05,117 | INFO  | SCMAudit | user=jenkins1000 | ip=192.168.157.249 | op=SEND_HEARTBEAT {datanodeUUID=24081c8f-d316-435d-a792-3431bfeb71b1, command=[]} | ret=SUCCESS |  
2019-08-29 08:23:05,391 [grpc-default-executor-5] INFO  client.GrpcClientProtocolClient (GrpcClientProtocolClient.java:onNext(255)) - client-56A4EE866ECF->2cd21838-1a98-4748-8882-d7146563928a: receive RaftClientReply:client-56A4EE866ECF->2cd21838-1a98-4748-8882-d7146563928a@group-273770D6E455, cid=42, FAILED org.apache.ratis.protocol.NotLeaderException: Server 2cd21838-1a98-4748-8882-d7146563928a is not the leader (null). Request must be sent to leader., logIndex=0, commits[2cd21838-1a98-4748-8882-d7146563928a:c-1]
2019-08-29 08:23:05,680 | INFO  | SCMAudit | user=jenkins1000 | ip=192.168.157.249 | op=SEND_HEARTBEAT {datanodeUUID=6d68ca61-c219-4724-b8bb-ddcd01f258b2, command=[]} | ret=SUCCESS |  
2019-08-29 08:23:05,751 | INFO  | SCMAudit | user=jenkins1000 | ip=192.168.157.249 | op=SEND_HEARTBEAT {datanodeUUID=f3091307-9c6d-4cf5-b619-8e6cca6f84c9, command=[]} | ret=SUCCESS |  
2019-08-29 08:23:05,772 [Thread-682] INFO  impl.FollowerState (FollowerState.java:run(106)) - 6d68ca61-c219-4724-b8bb-ddcd01f258b2:group-43692615A8D9 changes to CANDIDATE, lastRpcTime:5020, electionTimeout:5020ms
2019-08-29 08:23:05,772 [Thread-682] INFO  impl.RoleInfo (RoleInfo.java:shutdownFollowerState(121)) - 6d68ca61-c219-4724-b8bb-ddcd01f258b2: shutdown FollowerState
2019-08-29 08:23:05,772 [Thread-682] INFO  impl.RaftServerImpl (RaftServerImpl.java:setRole(171)) - 6d68ca61-c219-4724-b8bb-ddcd01f258b2:group-43692615A8D9 changes role from FOLLOWER to CANDIDATE at term 0 for changeToCandidate
2019-08-29 08:23:05,773 [Thread-682] INFO  impl.RoleInfo (RoleInfo.java:updateAndGet(143)) - 6d68ca61-c219-4724-b8bb-ddcd01f258b2: start LeaderElection
2019-08-29 08:23:05,814 | INFO  | SCMAudit | user=jenkins1000 | ip=192.168.157.249 | op=SEND_HEARTBEAT {datanodeUUID=b3ac43d0-c6e0-46d8-bcc9-9ad695550644, command=[]} | ret=SUCCESS |  
2019-08-29 08:23:05,814 [6d68ca61-c219-4724-b8bb-ddcd01f258b2:group-43692615A8D9:LeaderElection15] INFO  impl.LeaderElection (LeaderElection.java:askForVotes(181)) - 6d68ca61-c219-4724-b8bb-ddcd01f258b2:group-43692615A8D9:LeaderElection15: begin an election at term 1 for -1: [6d68ca61-c219-4724-b8bb-ddcd01f258b2:192.168.157.249:36774], old=null
2019-08-29 08:23:05,815 [6d68ca61-c219-4724-b8bb-ddcd01f258b2:group-43692615A8D9:LeaderElection15] INFO  impl.RoleInfo (RoleInfo.java:shutdownLeaderElection(134)) - 6d68ca61-c219-4724-b8bb-ddcd01f258b2: shutdown LeaderElection
2019-08-29 08:23:05,815 [6d68ca61-c219-4724-b8bb-ddcd01f258b2:group-43692615A8D9:LeaderElection15] INFO  impl.RaftServerImpl (RaftServerImpl.java:setRole(171)) - 6d68ca61-c219-4724-b8bb-ddcd01f258b2:group-43692615A8D9 changes role from CANDIDATE to LEADER at term 1 for changeToLeader
2019-08-29 08:23:05,815 [6d68ca61-c219-4724-b8bb-ddcd01f258b2:group-43692615A8D9:LeaderElection15] INFO  impl.RaftServerImpl (ServerState.java:setLeader(263)) - 6d68ca61-c219-4724-b8bb-ddcd01f258b2:group-43692615A8D9 change Leader from null to 6d68ca61-c219-4724-b8bb-ddcd01f258b2 at term 1 for becomeLeader, leader elected after 5070ms
2019-08-29 08:23:05,818 [6d68ca61-c219-4724-b8bb-ddcd01f258b2:group-43692615A8D9:LeaderElection15] INFO  server.RaftServerConfigKeys (ConfUtils.java:logGet(43)) - raft.server.staging.catchup.gap = 1000 (default)
2019-08-29 08:23:05,819 [6d68ca61-c219-4724-b8bb-ddcd01f258b2:group-43692615A8D9:LeaderElection15] INFO  server.RaftServerConfigKeys (ConfUtils.java:logGet(43)) - raft.server.rpc.sleep.time = 25ms (default)
2019-08-29 08:23:05,819 [6d68ca61-c219-4724-b8bb-ddcd01f258b2:group-43692615A8D9:LeaderElection15] INFO  server.RaftServerConfigKeys (ConfUtils.java:logGet(43)) - raft.server.write.element-limit = 4096 (default)
2019-08-29 08:23:05,819 [6d68ca61-c219-4724-b8bb-ddcd01f258b2:group-43692615A8D9:LeaderElection15] INFO  server.RaftServerConfigKeys (ConfUtils.java:logGet(43)) - raft.server.watch.timeout = 10s (default)
2019-08-29 08:23:05,819 [6d68ca61-c219-4724-b8bb-ddcd01f258b2:group-43692615A8D9:LeaderElection15] INFO  server.RaftServerConfigKeys (ConfUtils.java:logGet(43)) - raft.server.watch.timeout.denomination = 1s (default)
2019-08-29 08:23:05,820 [6d68ca61-c219-4724-b8bb-ddcd01f258b2:group-43692615A8D9:LeaderElection15] INFO  server.RaftServerConfigKeys (ConfUtils.java:logGet(43)) - raft.server.watch.element-limit = 65536 (default)
2019-08-29 08:23:05,820 [6d68ca61-c219-4724-b8bb-ddcd01f258b2:group-43692615A8D9:LeaderElection15] INFO  impl.RoleInfo (RoleInfo.java:updateAndGet(143)) - 6d68ca61-c219-4724-b8bb-ddcd01f258b2: start LeaderState
2019-08-29 08:23:05,821 [6d68ca61-c219-4724-b8bb-ddcd01f258b2:group-43692615A8D9:LeaderElection15] INFO  segmented.SegmentedRaftLogWorker (SegmentedRaftLogWorker.java:startLogSegment(380)) - 6d68ca61-c219-4724-b8bb-ddcd01f258b2-SegmentedRaftLogWorker:Storage Directory /workdir/hadoop-ozone/integration-test/target/test-dir/MiniOzoneClusterImpl-abd8892b-b936-4b08-8d84-fd22f8afb6b4/datanode-0/data/ratis/6af0eaaa-8f1c-4e85-b5a5-43692615a8d9: Starting segment from index:0
2019-08-29 08:23:05,822 [6d68ca61-c219-4724-b8bb-ddcd01f258b2:group-43692615A8D9:LeaderElection15] INFO  impl.RaftServerImpl (ServerState.java:setRaftConf(361)) - 6d68ca61-c219-4724-b8bb-ddcd01f258b2:group-43692615A8D9 set configuration 0: [6d68ca61-c219-4724-b8bb-ddcd01f258b2:192.168.157.249:36774], old=null at 0
2019-08-29 08:23:05,872 [6d68ca61-c219-4724-b8bb-ddcd01f258b2-SegmentedRaftLogWorker:Storage Directory /workdir/hadoop-ozone/integration-test/target/test-dir/MiniOzoneClusterImpl-abd8892b-b936-4b08-8d84-fd22f8afb6b4/datanode-0/data/ratis/6af0eaaa-8f1c-4e85-b5a5-43692615a8d9] INFO  segmented.SegmentedRaftLogWorker (SegmentedRaftLogWorker.java:execute(569)) - 6d68ca61-c219-4724-b8bb-ddcd01f258b2-SegmentedRaftLogWorker:Storage Directory /workdir/hadoop-ozone/integration-test/target/test-dir/MiniOzoneClusterImpl-abd8892b-b936-4b08-8d84-fd22f8afb6b4/datanode-0/data/ratis/6af0eaaa-8f1c-4e85-b5a5-43692615a8d9: created new log segment /workdir/hadoop-ozone/integration-test/target/test-dir/MiniOzoneClusterImpl-abd8892b-b936-4b08-8d84-fd22f8afb6b4/datanode-0/data/ratis/6af0eaaa-8f1c-4e85-b5a5-43692615a8d9/current/log_inprogress_0
2019-08-29 08:23:05,892 | INFO  | SCMAudit | user=jenkins1000 | ip=192.168.157.249 | op=SEND_HEARTBEAT {datanodeUUID=2cd21838-1a98-4748-8882-d7146563928a, command=[]} | ret=SUCCESS |  
2019-08-29 08:23:05,967 | INFO  | SCMAudit | user=jenkins1000 | ip=192.168.157.249 | op=SEND_HEARTBEAT {datanodeUUID=35f04ff1-b93c-4ae0-b494-c5f2981bb056, command=[]} | ret=SUCCESS |  
2019-08-29 08:23:05,984 [Thread-685] INFO  impl.FollowerState (FollowerState.java:run(106)) - f3091307-9c6d-4cf5-b619-8e6cca6f84c9:group-736211E52DF5 changes to CANDIDATE, lastRpcTime:5171, electionTimeout:5171ms
2019-08-29 08:23:05,984 [Thread-685] INFO  impl.RoleInfo (RoleInfo.java:shutdownFollowerState(121)) - f3091307-9c6d-4cf5-b619-8e6cca6f84c9: shutdown FollowerState
2019-08-29 08:23:05,984 [Thread-685] INFO  impl.RaftServerImpl (RaftServerImpl.java:setRole(171)) - f3091307-9c6d-4cf5-b619-8e6cca6f84c9:group-736211E52DF5 changes role from FOLLOWER to CANDIDATE at term 0 for changeToCandidate
2019-08-29 08:23:05,984 [Thread-685] INFO  impl.RoleInfo (RoleInfo.java:updateAndGet(143)) - f3091307-9c6d-4cf5-b619-8e6cca6f84c9: start LeaderElection
2019-08-29 08:23:06,002 [Thread-696] INFO  impl.FollowerState (FollowerState.java:run(106)) - b3ac43d0-c6e0-46d8-bcc9-9ad695550644:group-4C25E3B3B994 changes to CANDIDATE, lastRpcTime:5055, electionTimeout:5055ms
2019-08-29 08:23:06,002 [f3091307-9c6d-4cf5-b619-8e6cca6f84c9:group-736211E52DF5:LeaderElection16] INFO  impl.LeaderElection (LeaderElection.java:askForVotes(181)) - f3091307-9c6d-4cf5-b619-8e6cca6f84c9:group-736211E52DF5:LeaderElection16: begin an election at term 1 for -1: [f3091307-9c6d-4cf5-b619-8e6cca6f84c9:192.168.157.249:36036], old=null
2019-08-29 08:23:06,002 [Thread-696] INFO  impl.RoleInfo (RoleInfo.java:shutdownFollowerState(121)) - b3ac43d0-c6e0-46d8-bcc9-9ad695550644: shutdown FollowerState
2019-08-29 08:23:06,002 [f3091307-9c6d-4cf5-b619-8e6cca6f84c9:group-736211E52DF5:LeaderElection16] INFO  impl.RoleInfo (RoleInfo.java:shutdownLeaderElection(134)) - f3091307-9c6d-4cf5-b619-8e6cca6f84c9: shutdown LeaderElection
2019-08-29 08:23:06,002 [Thread-696] INFO  impl.RaftServerImpl (RaftServerImpl.java:setRole(171)) - b3ac43d0-c6e0-46d8-bcc9-9ad695550644:group-4C25E3B3B994 changes role from FOLLOWER to CANDIDATE at term 0 for changeToCandidate
2019-08-29 08:23:06,002 [f3091307-9c6d-4cf5-b619-8e6cca6f84c9:group-736211E52DF5:LeaderElection16] INFO  impl.RaftServerImpl (RaftServerImpl.java:setRole(171)) - f3091307-9c6d-4cf5-b619-8e6cca6f84c9:group-736211E52DF5 changes role from CANDIDATE to LEADER at term 1 for changeToLeader
2019-08-29 08:23:06,002 [f3091307-9c6d-4cf5-b619-8e6cca6f84c9:group-736211E52DF5:LeaderElection16] INFO  impl.RaftServerImpl (ServerState.java:setLeader(263)) - f3091307-9c6d-4cf5-b619-8e6cca6f84c9:group-736211E52DF5 change Leader from null to f3091307-9c6d-4cf5-b619-8e6cca6f84c9 at term 1 for becomeLeader, leader elected after 5194ms
2019-08-29 08:23:06,002 [Thread-696] INFO  impl.RoleInfo (RoleInfo.java:updateAndGet(143)) - b3ac43d0-c6e0-46d8-bcc9-9ad695550644: start LeaderElection
2019-08-29 08:23:06,004 [f3091307-9c6d-4cf5-b619-8e6cca6f84c9:group-736211E52DF5:LeaderElection16] INFO  server.RaftServerConfigKeys (ConfUtils.java:logGet(43)) - raft.server.staging.catchup.gap = 1000 (default)
2019-08-29 08:23:06,004 [f3091307-9c6d-4cf5-b619-8e6cca6f84c9:group-736211E52DF5:LeaderElection16] INFO  server.RaftServerConfigKeys (ConfUtils.java:logGet(43)) - raft.server.rpc.sleep.time = 25ms (default)
2019-08-29 08:23:06,008 [f3091307-9c6d-4cf5-b619-8e6cca6f84c9:group-736211E52DF5:LeaderElection16] INFO  server.RaftServerConfigKeys (ConfUtils.java:logGet(43)) - raft.server.write.element-limit = 4096 (default)
2019-08-29 08:23:06,008 [f3091307-9c6d-4cf5-b619-8e6cca6f84c9:group-736211E52DF5:LeaderElection16] INFO  server.RaftServerConfigKeys (ConfUtils.java:logGet(43)) - raft.server.watch.timeout = 10s (default)
2019-08-29 08:23:06,008 [f3091307-9c6d-4cf5-b619-8e6cca6f84c9:group-736211E52DF5:LeaderElection16] INFO  server.RaftServerConfigKeys (ConfUtils.java:logGet(43)) - raft.server.watch.timeout.denomination = 1s (default)
2019-08-29 08:23:06,008 [f3091307-9c6d-4cf5-b619-8e6cca6f84c9:group-736211E52DF5:LeaderElection16] INFO  server.RaftServerConfigKeys (ConfUtils.java:logGet(43)) - raft.server.watch.element-limit = 65536 (default)
2019-08-29 08:23:06,009 [f3091307-9c6d-4cf5-b619-8e6cca6f84c9:group-736211E52DF5:LeaderElection16] INFO  impl.RoleInfo (RoleInfo.java:updateAndGet(143)) - f3091307-9c6d-4cf5-b619-8e6cca6f84c9: start LeaderState
2019-08-29 08:23:06,009 [f3091307-9c6d-4cf5-b619-8e6cca6f84c9:group-736211E52DF5:LeaderElection16] INFO  segmented.SegmentedRaftLogWorker (SegmentedRaftLogWorker.java:startLogSegment(380)) - f3091307-9c6d-4cf5-b619-8e6cca6f84c9-SegmentedRaftLogWorker:Storage Directory /workdir/hadoop-ozone/integration-test/target/test-dir/MiniOzoneClusterImpl-abd8892b-b936-4b08-8d84-fd22f8afb6b4/datanode-1/data/ratis/f53b7c9d-7d14-464d-9b18-736211e52df5: Starting segment from index:0
2019-08-29 08:23:06,009 [f3091307-9c6d-4cf5-b619-8e6cca6f84c9:group-736211E52DF5:LeaderElection16] INFO  impl.RaftServerImpl (ServerState.java:setRaftConf(361)) - f3091307-9c6d-4cf5-b619-8e6cca6f84c9:group-736211E52DF5 set configuration 0: [f3091307-9c6d-4cf5-b619-8e6cca6f84c9:192.168.157.249:36036], old=null at 0
2019-08-29 08:23:06,042 [Thread-691] INFO  impl.FollowerState (FollowerState.java:run(106)) - f3091307-9c6d-4cf5-b619-8e6cca6f84c9:group-4C25E3B3B994 changes to CANDIDATE, lastRpcTime:5122, electionTimeout:5117ms
2019-08-29 08:23:06,042 [b3ac43d0-c6e0-46d8-bcc9-9ad695550644:group-4C25E3B3B994:LeaderElection17] INFO  impl.LeaderElection (LeaderElection.java:askForVotes(181)) - b3ac43d0-c6e0-46d8-bcc9-9ad695550644:group-4C25E3B3B994:LeaderElection17: begin an election at term 1 for -1: [f3091307-9c6d-4cf5-b619-8e6cca6f84c9:192.168.157.249:36036, 6d68ca61-c219-4724-b8bb-ddcd01f258b2:192.168.157.249:36774, b3ac43d0-c6e0-46d8-bcc9-9ad695550644:192.168.157.249:40031], old=null
2019-08-29 08:23:06,042 [Thread-691] INFO  impl.RoleInfo (RoleInfo.java:shutdownFollowerState(121)) - f3091307-9c6d-4cf5-b619-8e6cca6f84c9: shutdown FollowerState
2019-08-29 08:23:06,042 [Thread-691] INFO  impl.RaftServerImpl (RaftServerImpl.java:setRole(171)) - f3091307-9c6d-4cf5-b619-8e6cca6f84c9:group-4C25E3B3B994 changes role from FOLLOWER to CANDIDATE at term 0 for changeToCandidate
2019-08-29 08:23:06,042 [Thread-691] INFO  impl.RoleInfo (RoleInfo.java:updateAndGet(143)) - f3091307-9c6d-4cf5-b619-8e6cca6f84c9: start LeaderElection
2019-08-29 08:23:06,053 | INFO  | SCMAudit | user=jenkins1000 | ip=192.168.157.249 | op=SEND_HEARTBEAT {datanodeUUID=500162f5-df4c-43d4-be22-b16b483ed3b9, command=[]} | ret=SUCCESS |  
2019-08-29 08:23:06,057 [f3091307-9c6d-4cf5-b619-8e6cca6f84c9-SegmentedRaftLogWorker:Storage Directory /workdir/hadoop-ozone/integration-test/target/test-dir/MiniOzoneClusterImpl-abd8892b-b936-4b08-8d84-fd22f8afb6b4/datanode-1/data/ratis/f53b7c9d-7d14-464d-9b18-736211e52df5] INFO  segmented.SegmentedRaftLogWorker (SegmentedRaftLogWorker.java:execute(569)) - f3091307-9c6d-4cf5-b619-8e6cca6f84c9-SegmentedRaftLogWorker:Storage Directory /workdir/hadoop-ozone/integration-test/target/test-dir/MiniOzoneClusterImpl-abd8892b-b936-4b08-8d84-fd22f8afb6b4/datanode-1/data/ratis/f53b7c9d-7d14-464d-9b18-736211e52df5: created new log segment /workdir/hadoop-ozone/integration-test/target/test-dir/MiniOzoneClusterImpl-abd8892b-b936-4b08-8d84-fd22f8afb6b4/datanode-1/data/ratis/f53b7c9d-7d14-464d-9b18-736211e52df5/current/log_inprogress_0
2019-08-29 08:23:06,057 [f3091307-9c6d-4cf5-b619-8e6cca6f84c9:group-4C25E3B3B994:LeaderElection18] INFO  impl.LeaderElection (LeaderElection.java:askForVotes(181)) - f3091307-9c6d-4cf5-b619-8e6cca6f84c9:group-4C25E3B3B994:LeaderElection18: begin an election at term 1 for -1: [f3091307-9c6d-4cf5-b619-8e6cca6f84c9:192.168.157.249:36036, 6d68ca61-c219-4724-b8bb-ddcd01f258b2:192.168.157.249:36774, b3ac43d0-c6e0-46d8-bcc9-9ad695550644:192.168.157.249:40031], old=null
2019-08-29 08:23:06,059 [grpc-default-executor-5] INFO  impl.RaftServerImpl (RaftServerImpl.java:setRole(171)) - 6d68ca61-c219-4724-b8bb-ddcd01f258b2:group-4C25E3B3B994 changes role from FOLLOWER to FOLLOWER at term 1 for recognizeCandidate:b3ac43d0-c6e0-46d8-bcc9-9ad695550644
2019-08-29 08:23:06,062 [Thread-688] INFO  impl.FollowerState (FollowerState.java:run(106)) - b3ac43d0-c6e0-46d8-bcc9-9ad695550644:group-FA92157906C5 changes to CANDIDATE, lastRpcTime:5199, electionTimeout:5198ms
2019-08-29 08:23:06,062 [grpc-default-executor-5] INFO  impl.RoleInfo (RoleInfo.java:shutdownFollowerState(121)) - 6d68ca61-c219-4724-b8bb-ddcd01f258b2: shutdown FollowerState
2019-08-29 08:23:06,062 [Thread-688] INFO  impl.RoleInfo (RoleInfo.java:shutdownFollowerState(121)) - b3ac43d0-c6e0-46d8-bcc9-9ad695550644: shutdown FollowerState
2019-08-29 08:23:06,062 [grpc-default-executor-5] INFO  impl.RoleInfo (RoleInfo.java:updateAndGet(143)) - 6d68ca61-c219-4724-b8bb-ddcd01f258b2: start FollowerState
2019-08-29 08:23:06,063 [Thread-695] INFO  impl.FollowerState (FollowerState.java:run(114)) - 6d68ca61-c219-4724-b8bb-ddcd01f258b2: FollowerState was interrupted: java.lang.InterruptedException: sleep interrupted
2019-08-29 08:23:06,063 [Thread-688] INFO  impl.RaftServerImpl (RaftServerImpl.java:setRole(171)) - b3ac43d0-c6e0-46d8-bcc9-9ad695550644:group-FA92157906C5 changes role from FOLLOWER to CANDIDATE at term 0 for changeToCandidate
2019-08-29 08:23:06,065 [Thread-688] INFO  impl.RoleInfo (RoleInfo.java:updateAndGet(143)) - b3ac43d0-c6e0-46d8-bcc9-9ad695550644: start LeaderElection
2019-08-29 08:23:06,081 [b3ac43d0-c6e0-46d8-bcc9-9ad695550644:group-FA92157906C5:LeaderElection19] INFO  impl.LeaderElection (LeaderElection.java:askForVotes(181)) - b3ac43d0-c6e0-46d8-bcc9-9ad695550644:group-FA92157906C5:LeaderElection19: begin an election at term 1 for -1: [b3ac43d0-c6e0-46d8-bcc9-9ad695550644:192.168.157.249:40031], old=null
2019-08-29 08:23:06,083 [b3ac43d0-c6e0-46d8-bcc9-9ad695550644:group-FA92157906C5:LeaderElection19] INFO  impl.RoleInfo (RoleInfo.java:shutdownLeaderElection(134)) - b3ac43d0-c6e0-46d8-bcc9-9ad695550644: shutdown LeaderElection
2019-08-29 08:23:06,083 [b3ac43d0-c6e0-46d8-bcc9-9ad695550644:group-FA92157906C5:LeaderElection19] INFO  impl.RaftServerImpl (RaftServerImpl.java:setRole(171)) - b3ac43d0-c6e0-46d8-bcc9-9ad695550644:group-FA92157906C5 changes role from CANDIDATE to LEADER at term 1 for changeToLeader
2019-08-29 08:23:06,083 [b3ac43d0-c6e0-46d8-bcc9-9ad695550644:group-FA92157906C5:LeaderElection19] INFO  impl.RaftServerImpl (ServerState.java:setLeader(263)) - b3ac43d0-c6e0-46d8-bcc9-9ad695550644:group-FA92157906C5 change Leader from null to b3ac43d0-c6e0-46d8-bcc9-9ad695550644 at term 1 for becomeLeader, leader elected after 5224ms
2019-08-29 08:23:06,084 [b3ac43d0-c6e0-46d8-bcc9-9ad695550644:group-FA92157906C5:LeaderElection19] INFO  server.RaftServerConfigKeys (ConfUtils.java:logGet(43)) - raft.server.staging.catchup.gap = 1000 (default)
2019-08-29 08:23:06,085 [b3ac43d0-c6e0-46d8-bcc9-9ad695550644:group-FA92157906C5:LeaderElection19] INFO  server.RaftServerConfigKeys (ConfUtils.java:logGet(43)) - raft.server.rpc.sleep.time = 25ms (default)
2019-08-29 08:23:06,085 [b3ac43d0-c6e0-46d8-bcc9-9ad695550644:group-FA92157906C5:LeaderElection19] INFO  server.RaftServerConfigKeys (ConfUtils.java:logGet(43)) - raft.server.write.element-limit = 4096 (default)
2019-08-29 08:23:06,085 [b3ac43d0-c6e0-46d8-bcc9-9ad695550644:group-4C25E3B3B994:LeaderElection17] INFO  impl.LeaderElection (LeaderElection.java:logAndReturn(56)) - b3ac43d0-c6e0-46d8-bcc9-9ad695550644:group-4C25E3B3B994:LeaderElection17: Election PASSED; received 2 response(s) [b3ac43d0-c6e0-46d8-bcc9-9ad695550644<-f3091307-9c6d-4cf5-b619-8e6cca6f84c9#0:FAIL-t1, b3ac43d0-c6e0-46d8-bcc9-9ad695550644<-6d68ca61-c219-4724-b8bb-ddcd01f258b2#0:OK-t1] and 0 exception(s); b3ac43d0-c6e0-46d8-bcc9-9ad695550644:t1, leader=null, voted=b3ac43d0-c6e0-46d8-bcc9-9ad695550644, raftlog=b3ac43d0-c6e0-46d8-bcc9-9ad695550644-SegmentedRaftLog:OPENED:c-1,f-1,i0, conf=-1: [f3091307-9c6d-4cf5-b619-8e6cca6f84c9:192.168.157.249:36036, 6d68ca61-c219-4724-b8bb-ddcd01f258b2:192.168.157.249:36774, b3ac43d0-c6e0-46d8-bcc9-9ad695550644:192.168.157.249:40031], old=null
2019-08-29 08:23:06,085 [b3ac43d0-c6e0-46d8-bcc9-9ad695550644:group-FA92157906C5:LeaderElection19] INFO  server.RaftServerConfigKeys (ConfUtils.java:logGet(43)) - raft.server.watch.timeout = 10s (default)
2019-08-29 08:23:06,085 [b3ac43d0-c6e0-46d8-bcc9-9ad695550644:group-4C25E3B3B994:LeaderElection17] INFO  impl.RoleInfo (RoleInfo.java:shutdownLeaderElection(134)) - b3ac43d0-c6e0-46d8-bcc9-9ad695550644: shutdown LeaderElection
2019-08-29 08:23:06,085 [b3ac43d0-c6e0-46d8-bcc9-9ad695550644:group-FA92157906C5:LeaderElection19] INFO  server.RaftServerConfigKeys (ConfUtils.java:logGet(43)) - raft.server.watch.timeout.denomination = 1s (default)
2019-08-29 08:23:06,085 [f3091307-9c6d-4cf5-b619-8e6cca6f84c9:group-4C25E3B3B994:LeaderElection18] INFO  impl.LeaderElection (LeaderElection.java:logAndReturn(56)) - f3091307-9c6d-4cf5-b619-8e6cca6f84c9:group-4C25E3B3B994:LeaderElection18: Election REJECTED; received 2 response(s) [f3091307-9c6d-4cf5-b619-8e6cca6f84c9<-6d68ca61-c219-4724-b8bb-ddcd01f258b2#0:FAIL-t1, f3091307-9c6d-4cf5-b619-8e6cca6f84c9<-b3ac43d0-c6e0-46d8-bcc9-9ad695550644#0:FAIL-t1] and 0 exception(s); f3091307-9c6d-4cf5-b619-8e6cca6f84c9:t1, leader=null, voted=f3091307-9c6d-4cf5-b619-8e6cca6f84c9, raftlog=f3091307-9c6d-4cf5-b619-8e6cca6f84c9-SegmentedRaftLog:OPENED:c-1,f-1,i0, conf=-1: [f3091307-9c6d-4cf5-b619-8e6cca6f84c9:192.168.157.249:36036, 6d68ca61-c219-4724-b8bb-ddcd01f258b2:192.168.157.249:36774, b3ac43d0-c6e0-46d8-bcc9-9ad695550644:192.168.157.249:40031], old=null
2019-08-29 08:23:06,085 [b3ac43d0-c6e0-46d8-bcc9-9ad695550644:group-4C25E3B3B994:LeaderElection17] INFO  impl.RaftServerImpl (RaftServerImpl.java:setRole(171)) - b3ac43d0-c6e0-46d8-bcc9-9ad695550644:group-4C25E3B3B994 changes role from CANDIDATE to LEADER at term 1 for changeToLeader
2019-08-29 08:23:06,085 [b3ac43d0-c6e0-46d8-bcc9-9ad695550644:group-FA92157906C5:LeaderElection19] INFO  server.RaftServerConfigKeys (ConfUtils.java:logGet(43)) - raft.server.watch.element-limit = 65536 (default)
2019-08-29 08:23:06,086 [b3ac43d0-c6e0-46d8-bcc9-9ad695550644:group-4C25E3B3B994:LeaderElection17] INFO  impl.RaftServerImpl (ServerState.java:setLeader(263)) - b3ac43d0-c6e0-46d8-bcc9-9ad695550644:group-4C25E3B3B994 change Leader from null to b3ac43d0-c6e0-46d8-bcc9-9ad695550644 at term 1 for becomeLeader, leader elected after 5172ms
2019-08-29 08:23:06,086 [f3091307-9c6d-4cf5-b619-8e6cca6f84c9:group-4C25E3B3B994:LeaderElection18] INFO  impl.RaftServerImpl (RaftServerImpl.java:setRole(171)) - f3091307-9c6d-4cf5-b619-8e6cca6f84c9:group-4C25E3B3B994 changes role from CANDIDATE to FOLLOWER at term 1 for DISCOVERED_A_NEW_TERM
2019-08-29 08:23:06,086 [b3ac43d0-c6e0-46d8-bcc9-9ad695550644:group-FA92157906C5:LeaderElection19] INFO  impl.RoleInfo (RoleInfo.java:updateAndGet(143)) - b3ac43d0-c6e0-46d8-bcc9-9ad695550644: start LeaderState
2019-08-29 08:23:06,086 [b3ac43d0-c6e0-46d8-bcc9-9ad695550644:group-4C25E3B3B994:LeaderElection17] INFO  server.RaftServerConfigKeys (ConfUtils.java:logGet(43)) - raft.server.staging.catchup.gap = 1000 (default)
2019-08-29 08:23:06,086 [f3091307-9c6d-4cf5-b619-8e6cca6f84c9:group-4C25E3B3B994:LeaderElection18] INFO  impl.RoleInfo (RoleInfo.java:shutdownLeaderElection(134)) - f3091307-9c6d-4cf5-b619-8e6cca6f84c9: shutdown LeaderElection
2019-08-29 08:23:06,086 [b3ac43d0-c6e0-46d8-bcc9-9ad695550644:group-FA92157906C5:LeaderElection19] INFO  segmented.SegmentedRaftLogWorker (SegmentedRaftLogWorker.java:startLogSegment(380)) - b3ac43d0-c6e0-46d8-bcc9-9ad695550644-SegmentedRaftLogWorker:Storage Directory /workdir/hadoop-ozone/integration-test/target/test-dir/MiniOzoneClusterImpl-abd8892b-b936-4b08-8d84-fd22f8afb6b4/datanode-2/data/ratis/80d678f7-0a6f-49f4-8b25-fa92157906c5: Starting segment from index:0
2019-08-29 08:23:06,086 [b3ac43d0-c6e0-46d8-bcc9-9ad695550644:group-4C25E3B3B994:LeaderElection17] INFO  server.RaftServerConfigKeys (ConfUtils.java:logGet(43)) - raft.server.rpc.sleep.time = 25ms (default)
2019-08-29 08:23:06,086 [f3091307-9c6d-4cf5-b619-8e6cca6f84c9:group-4C25E3B3B994:LeaderElection18] INFO  impl.RoleInfo (RoleInfo.java:updateAndGet(143)) - f3091307-9c6d-4cf5-b619-8e6cca6f84c9: start FollowerState
2019-08-29 08:23:06,087 [b3ac43d0-c6e0-46d8-bcc9-9ad695550644:group-4C25E3B3B994:LeaderElection17] INFO  server.RaftServerConfigKeys (ConfUtils.java:logGet(43)) - raft.server.write.element-limit = 4096 (default)
2019-08-29 08:23:06,087 [b3ac43d0-c6e0-46d8-bcc9-9ad695550644:group-4C25E3B3B994:LeaderElection17] INFO  server.RaftServerConfigKeys (ConfUtils.java:logGet(43)) - raft.server.watch.timeout = 10s (default)
2019-08-29 08:23:06,087 [b3ac43d0-c6e0-46d8-bcc9-9ad695550644:group-FA92157906C5:LeaderElection19] INFO  impl.RaftServerImpl (ServerState.java:setRaftConf(361)) - b3ac43d0-c6e0-46d8-bcc9-9ad695550644:group-FA92157906C5 set configuration 0: [b3ac43d0-c6e0-46d8-bcc9-9ad695550644:192.168.157.249:40031], old=null at 0
2019-08-29 08:23:06,087 [b3ac43d0-c6e0-46d8-bcc9-9ad695550644:group-4C25E3B3B994:LeaderElection17] INFO  server.RaftServerConfigKeys (ConfUtils.java:logGet(43)) - raft.server.watch.timeout.denomination = 1s (default)
2019-08-29 08:23:06,113 [b3ac43d0-c6e0-46d8-bcc9-9ad695550644:group-4C25E3B3B994:LeaderElection17] INFO  server.RaftServerConfigKeys (ConfUtils.java:logGet(43)) - raft.server.watch.element-limit = 65536 (default)
2019-08-29 08:23:06,113 [b3ac43d0-c6e0-46d8-bcc9-9ad695550644:group-4C25E3B3B994:LeaderElection17] INFO  server.RaftServerConfigKeys (ConfUtils.java:logGet(43)) - raft.server.log.appender.snapshot.chunk.size.max = 16MB (=16777216) (default)
2019-08-29 08:23:06,114 [b3ac43d0-c6e0-46d8-bcc9-9ad695550644:group-4C25E3B3B994:LeaderElection17] INFO  server.RaftServerConfigKeys (ConfUtils.java:logGet(43)) - raft.server.log.appender.buffer.byte-limit = 33554432 (custom)
2019-08-29 08:23:06,114 [b3ac43d0-c6e0-46d8-bcc9-9ad695550644:group-4C25E3B3B994:LeaderElection17] INFO  server.RaftServerConfigKeys (ConfUtils.java:logGet(43)) - raft.server.log.appender.buffer.element-limit = 1 (custom)
2019-08-29 08:23:06,114 [b3ac43d0-c6e0-46d8-bcc9-9ad695550644:group-4C25E3B3B994:LeaderElection17] INFO  grpc.GrpcConfigKeys$Server (ConfUtils.java:logGet(43)) - raft.grpc.server.leader.outstanding.appends.max = 128 (default)
2019-08-29 08:23:06,114 [b3ac43d0-c6e0-46d8-bcc9-9ad695550644:group-4C25E3B3B994:LeaderElection17] INFO  server.RaftServerConfigKeys (ConfUtils.java:logGet(43)) - raft.server.rpc.request.timeout = 3000ms (default)
2019-08-29 08:23:06,114 [b3ac43d0-c6e0-46d8-bcc9-9ad695550644:group-4C25E3B3B994:LeaderElection17] INFO  server.RaftServerConfigKeys (ConfUtils.java:logGet(43)) - raft.server.log.appender.install.snapshot.enabled = false (custom)
2019-08-29 08:23:06,114 | INFO  | SCMAudit | user=jenkins1000 | ip=192.168.157.249 | op=SEND_HEARTBEAT {datanodeUUID=24081c8f-d316-435d-a792-3431bfeb71b1, command=[]} | ret=SUCCESS |  
2019-08-29 08:23:06,115 [b3ac43d0-c6e0-46d8-bcc9-9ad695550644:group-4C25E3B3B994:LeaderElection17] INFO  server.RaftServerConfigKeys (ConfUtils.java:logGet(43)) - raft.server.log.appender.snapshot.chunk.size.max = 16MB (=16777216) (default)
2019-08-29 08:23:06,115 [b3ac43d0-c6e0-46d8-bcc9-9ad695550644:group-4C25E3B3B994:LeaderElection17] INFO  server.RaftServerConfigKeys (ConfUtils.java:logGet(43)) - raft.server.log.appender.buffer.byte-limit = 33554432 (custom)
2019-08-29 08:23:06,115 [b3ac43d0-c6e0-46d8-bcc9-9ad695550644:group-4C25E3B3B994:LeaderElection17] INFO  server.RaftServerConfigKeys (ConfUtils.java:logGet(43)) - raft.server.log.appender.buffer.element-limit = 1 (custom)
2019-08-29 08:23:06,115 [b3ac43d0-c6e0-46d8-bcc9-9ad695550644:group-4C25E3B3B994:LeaderElection17] INFO  grpc.GrpcConfigKeys$Server (ConfUtils.java:logGet(43)) - raft.grpc.server.leader.outstanding.appends.max = 128 (default)
2019-08-29 08:23:06,115 [b3ac43d0-c6e0-46d8-bcc9-9ad695550644:group-4C25E3B3B994:LeaderElection17] INFO  server.RaftServerConfigKeys (ConfUtils.java:logGet(43)) - raft.server.rpc.request.timeout = 3000ms (default)
2019-08-29 08:23:06,115 [b3ac43d0-c6e0-46d8-bcc9-9ad695550644:group-4C25E3B3B994:LeaderElection17] INFO  server.RaftServerConfigKeys (ConfUtils.java:logGet(43)) - raft.server.log.appender.install.snapshot.enabled = false (custom)
2019-08-29 08:23:06,116 [b3ac43d0-c6e0-46d8-bcc9-9ad695550644:group-4C25E3B3B994:LeaderElection17] INFO  impl.RoleInfo (RoleInfo.java:updateAndGet(143)) - b3ac43d0-c6e0-46d8-bcc9-9ad695550644: start LeaderState
2019-08-29 08:23:06,116 [b3ac43d0-c6e0-46d8-bcc9-9ad695550644:group-4C25E3B3B994:LeaderElection17] INFO  segmented.SegmentedRaftLogWorker (SegmentedRaftLogWorker.java:startLogSegment(380)) - b3ac43d0-c6e0-46d8-bcc9-9ad695550644-SegmentedRaftLogWorker:Storage Directory /workdir/hadoop-ozone/integration-test/target/test-dir/MiniOzoneClusterImpl-abd8892b-b936-4b08-8d84-fd22f8afb6b4/datanode-2/data/ratis/26c84b39-af29-4179-bb90-4c25e3b3b994: Starting segment from index:0
2019-08-29 08:23:06,117 [b3ac43d0-c6e0-46d8-bcc9-9ad695550644:group-4C25E3B3B994:LeaderElection17] INFO  impl.RaftServerImpl (ServerState.java:setRaftConf(361)) - b3ac43d0-c6e0-46d8-bcc9-9ad695550644:group-4C25E3B3B994 set configuration 0: [f3091307-9c6d-4cf5-b619-8e6cca6f84c9:192.168.157.249:36036, 6d68ca61-c219-4724-b8bb-ddcd01f258b2:192.168.157.249:36774, b3ac43d0-c6e0-46d8-bcc9-9ad695550644:192.168.157.249:40031], old=null at 0
2019-08-29 08:23:06,146 [b3ac43d0-c6e0-46d8-bcc9-9ad695550644-SegmentedRaftLogWorker:Storage Directory /workdir/hadoop-ozone/integration-test/target/test-dir/MiniOzoneClusterImpl-abd8892b-b936-4b08-8d84-fd22f8afb6b4/datanode-2/data/ratis/80d678f7-0a6f-49f4-8b25-fa92157906c5] INFO  segmented.SegmentedRaftLogWorker (SegmentedRaftLogWorker.java:execute(569)) - b3ac43d0-c6e0-46d8-bcc9-9ad695550644-SegmentedRaftLogWorker:Storage Directory /workdir/hadoop-ozone/integration-test/target/test-dir/MiniOzoneClusterImpl-abd8892b-b936-4b08-8d84-fd22f8afb6b4/datanode-2/data/ratis/80d678f7-0a6f-49f4-8b25-fa92157906c5: created new log segment /workdir/hadoop-ozone/integration-test/target/test-dir/MiniOzoneClusterImpl-abd8892b-b936-4b08-8d84-fd22f8afb6b4/datanode-2/data/ratis/80d678f7-0a6f-49f4-8b25-fa92157906c5/current/log_inprogress_0
2019-08-29 08:23:06,147 [Thread-706] INFO  impl.FollowerState (FollowerState.java:run(106)) - 500162f5-df4c-43d4-be22-b16b483ed3b9:group-6780B06E62EC changes to CANDIDATE, lastRpcTime:5031, electionTimeout:5009ms
2019-08-29 08:23:06,147 [Thread-706] INFO  impl.RoleInfo (RoleInfo.java:shutdownFollowerState(121)) - 500162f5-df4c-43d4-be22-b16b483ed3b9: shutdown FollowerState
2019-08-29 08:23:06,147 [Thread-706] INFO  impl.RaftServerImpl (RaftServerImpl.java:setRole(171)) - 500162f5-df4c-43d4-be22-b16b483ed3b9:group-6780B06E62EC changes role from FOLLOWER to CANDIDATE at term 0 for changeToCandidate
2019-08-29 08:23:06,147 [Thread-706] INFO  impl.RoleInfo (RoleInfo.java:updateAndGet(143)) - 500162f5-df4c-43d4-be22-b16b483ed3b9: start LeaderElection
2019-08-29 08:23:06,152 [grpc-default-executor-5] INFO  impl.RaftServerImpl (ServerState.java:setLeader(263)) - 6d68ca61-c219-4724-b8bb-ddcd01f258b2:group-4C25E3B3B994 change Leader from null to b3ac43d0-c6e0-46d8-bcc9-9ad695550644 at term 1 for appendEntries, leader elected after 5238ms
2019-08-29 08:23:06,152 [grpc-default-executor-2] INFO  impl.RaftServerImpl (ServerState.java:setLeader(263)) - f3091307-9c6d-4cf5-b619-8e6cca6f84c9:group-4C25E3B3B994 change Leader from null to b3ac43d0-c6e0-46d8-bcc9-9ad695550644 at term 1 for appendEntries, leader elected after 5238ms
2019-08-29 08:23:06,154 [b3ac43d0-c6e0-46d8-bcc9-9ad695550644-SegmentedRaftLogWorker:Storage Directory /workdir/hadoop-ozone/integration-test/target/test-dir/MiniOzoneClusterImpl-abd8892b-b936-4b08-8d84-fd22f8afb6b4/datanode-2/data/ratis/26c84b39-af29-4179-bb90-4c25e3b3b994] INFO  segmented.SegmentedRaftLogWorker (SegmentedRaftLogWorker.java:execute(569)) - b3ac43d0-c6e0-46d8-bcc9-9ad695550644-SegmentedRaftLogWorker:Storage Directory /workdir/hadoop-ozone/integration-test/target/test-dir/MiniOzoneClusterImpl-abd8892b-b936-4b08-8d84-fd22f8afb6b4/datanode-2/data/ratis/26c84b39-af29-4179-bb90-4c25e3b3b994: created new log segment /workdir/hadoop-ozone/integration-test/target/test-dir/MiniOzoneClusterImpl-abd8892b-b936-4b08-8d84-fd22f8afb6b4/datanode-2/data/ratis/26c84b39-af29-4179-bb90-4c25e3b3b994/current/log_inprogress_0
2019-08-29 08:23:06,154 [500162f5-df4c-43d4-be22-b16b483ed3b9:group-6780B06E62EC:LeaderElection20] INFO  impl.LeaderElection (LeaderElection.java:askForVotes(181)) - 500162f5-df4c-43d4-be22-b16b483ed3b9:group-6780B06E62EC:LeaderElection20: begin an election at term 1 for -1: [500162f5-df4c-43d4-be22-b16b483ed3b9:192.168.157.249:46274], old=null
2019-08-29 08:23:06,154 [500162f5-df4c-43d4-be22-b16b483ed3b9:group-6780B06E62EC:LeaderElection20] INFO  impl.RoleInfo (RoleInfo.java:shutdownLeaderElection(134)) - 500162f5-df4c-43d4-be22-b16b483ed3b9: shutdown LeaderElection
2019-08-29 08:23:06,155 [500162f5-df4c-43d4-be22-b16b483ed3b9:group-6780B06E62EC:LeaderElection20] INFO  impl.RaftServerImpl (RaftServerImpl.java:setRole(171)) - 500162f5-df4c-43d4-be22-b16b483ed3b9:group-6780B06E62EC changes role from CANDIDATE to LEADER at term 1 for changeToLeader
2019-08-29 08:23:06,155 [500162f5-df4c-43d4-be22-b16b483ed3b9:group-6780B06E62EC:LeaderElection20] INFO  impl.RaftServerImpl (ServerState.java:setLeader(263)) - 500162f5-df4c-43d4-be22-b16b483ed3b9:group-6780B06E62EC change Leader from null to 500162f5-df4c-43d4-be22-b16b483ed3b9 at term 1 for becomeLeader, leader elected after 5043ms
2019-08-29 08:23:06,156 [500162f5-df4c-43d4-be22-b16b483ed3b9:group-6780B06E62EC:LeaderElection20] INFO  server.RaftServerConfigKeys (ConfUtils.java:logGet(43)) - raft.server.staging.catchup.gap = 1000 (default)
2019-08-29 08:23:06,157 [500162f5-df4c-43d4-be22-b16b483ed3b9:group-6780B06E62EC:LeaderElection20] INFO  server.RaftServerConfigKeys (ConfUtils.java:logGet(43)) - raft.server.rpc.sleep.time = 25ms (default)
2019-08-29 08:23:06,157 [500162f5-df4c-43d4-be22-b16b483ed3b9:group-6780B06E62EC:LeaderElection20] INFO  server.RaftServerConfigKeys (ConfUtils.java:logGet(43)) - raft.server.write.element-limit = 4096 (default)
2019-08-29 08:23:06,157 [Thread-700] INFO  impl.FollowerState (FollowerState.java:run(106)) - 2cd21838-1a98-4748-8882-d7146563928a:group-6CBE45D15709 changes to CANDIDATE, lastRpcTime:5146, electionTimeout:5146ms
2019-08-29 08:23:06,157 [500162f5-df4c-43d4-be22-b16b483ed3b9:group-6780B06E62EC:LeaderElection20] INFO  server.RaftServerConfigKeys (ConfUtils.java:logGet(43)) - raft.server.watch.timeout = 10s (default)
2019-08-29 08:23:06,157 [grpc-default-executor-5] INFO  impl.RaftServerImpl (ServerState.java:setRaftConf(361)) - 6d68ca61-c219-4724-b8bb-ddcd01f258b2:group-4C25E3B3B994 set configuration 0: [f3091307-9c6d-4cf5-b619-8e6cca6f84c9:192.168.157.249:36036, 6d68ca61-c219-4724-b8bb-ddcd01f258b2:192.168.157.249:36774, b3ac43d0-c6e0-46d8-bcc9-9ad695550644:192.168.157.249:40031], old=null at 0
2019-08-29 08:23:06,157 [grpc-default-executor-2] INFO  impl.RaftServerImpl (ServerState.java:setRaftConf(361)) - f3091307-9c6d-4cf5-b619-8e6cca6f84c9:group-4C25E3B3B994 set configuration 0: [f3091307-9c6d-4cf5-b619-8e6cca6f84c9:192.168.157.249:36036, 6d68ca61-c219-4724-b8bb-ddcd01f258b2:192.168.157.249:36774, b3ac43d0-c6e0-46d8-bcc9-9ad695550644:192.168.157.249:40031], old=null at 0
2019-08-29 08:23:06,157 [500162f5-df4c-43d4-be22-b16b483ed3b9:group-6780B06E62EC:LeaderElection20] INFO  server.RaftServerConfigKeys (ConfUtils.java:logGet(43)) - raft.server.watch.timeout.denomination = 1s (default)
2019-08-29 08:23:06,157 [Thread-700] INFO  impl.RoleInfo (RoleInfo.java:shutdownFollowerState(121)) - 2cd21838-1a98-4748-8882-d7146563928a: shutdown FollowerState
2019-08-29 08:23:06,158 [500162f5-df4c-43d4-be22-b16b483ed3b9:group-6780B06E62EC:LeaderElection20] INFO  server.RaftServerConfigKeys (ConfUtils.java:logGet(43)) - raft.server.watch.element-limit = 65536 (default)
2019-08-29 08:23:06,158 [grpc-default-executor-2] INFO  segmented.SegmentedRaftLogWorker (SegmentedRaftLogWorker.java:startLogSegment(380)) - f3091307-9c6d-4cf5-b619-8e6cca6f84c9-SegmentedRaftLogWorker:Storage Directory /workdir/hadoop-ozone/integration-test/target/test-dir/MiniOzoneClusterImpl-abd8892b-b936-4b08-8d84-fd22f8afb6b4/datanode-1/data/ratis/26c84b39-af29-4179-bb90-4c25e3b3b994: Starting segment from index:0
2019-08-29 08:23:06,158 [grpc-default-executor-5] INFO  segmented.SegmentedRaftLogWorker (SegmentedRaftLogWorker.java:startLogSegment(380)) - 6d68ca61-c219-4724-b8bb-ddcd01f258b2-SegmentedRaftLogWorker:Storage Directory /workdir/hadoop-ozone/integration-test/target/test-dir/MiniOzoneClusterImpl-abd8892b-b936-4b08-8d84-fd22f8afb6b4/datanode-0/data/ratis/26c84b39-af29-4179-bb90-4c25e3b3b994: Starting segment from index:0
2019-08-29 08:23:06,158 [500162f5-df4c-43d4-be22-b16b483ed3b9:group-6780B06E62EC:LeaderElection20] INFO  impl.RoleInfo (RoleInfo.java:updateAndGet(143)) - 500162f5-df4c-43d4-be22-b16b483ed3b9: start LeaderState
2019-08-29 08:23:06,158 [Thread-700] INFO  impl.RaftServerImpl (RaftServerImpl.java:setRole(171)) - 2cd21838-1a98-4748-8882-d7146563928a:group-6CBE45D15709 changes role from FOLLOWER to CANDIDATE at term 0 for changeToCandidate
2019-08-29 08:23:06,159 [500162f5-df4c-43d4-be22-b16b483ed3b9:group-6780B06E62EC:LeaderElection20] INFO  segmented.SegmentedRaftLogWorker (SegmentedRaftLogWorker.java:startLogSegment(380)) - 500162f5-df4c-43d4-be22-b16b483ed3b9-SegmentedRaftLogWorker:Storage Directory /workdir/hadoop-ozone/integration-test/target/test-dir/MiniOzoneClusterImpl-abd8892b-b936-4b08-8d84-fd22f8afb6b4/datanode-5/data/ratis/4ea32904-04e4-4fce-b455-6780b06e62ec: Starting segment from index:0
2019-08-29 08:23:06,159 [Thread-700] INFO  impl.RoleInfo (RoleInfo.java:updateAndGet(143)) - 2cd21838-1a98-4748-8882-d7146563928a: start LeaderElection
2019-08-29 08:23:06,159 [500162f5-df4c-43d4-be22-b16b483ed3b9:group-6780B06E62EC:LeaderElection20] INFO  impl.RaftServerImpl (ServerState.java:setRaftConf(361)) - 500162f5-df4c-43d4-be22-b16b483ed3b9:group-6780B06E62EC set configuration 0: [500162f5-df4c-43d4-be22-b16b483ed3b9:192.168.157.249:46274], old=null at 0
2019-08-29 08:23:06,210 [500162f5-df4c-43d4-be22-b16b483ed3b9-SegmentedRaftLogWorker:Storage Directory /workdir/hadoop-ozone/integration-test/target/test-dir/MiniOzoneClusterImpl-abd8892b-b936-4b08-8d84-fd22f8afb6b4/datanode-5/data/ratis/4ea32904-04e4-4fce-b455-6780b06e62ec] INFO  segmented.SegmentedRaftLogWorker (SegmentedRaftLogWorker.java:execute(569)) - 500162f5-df4c-43d4-be22-b16b483ed3b9-SegmentedRaftLogWorker:Storage Directory /workdir/hadoop-ozone/integration-test/target/test-dir/MiniOzoneClusterImpl-abd8892b-b936-4b08-8d84-fd22f8afb6b4/datanode-5/data/ratis/4ea32904-04e4-4fce-b455-6780b06e62ec: created new log segment /workdir/hadoop-ozone/integration-test/target/test-dir/MiniOzoneClusterImpl-abd8892b-b936-4b08-8d84-fd22f8afb6b4/datanode-5/data/ratis/4ea32904-04e4-4fce-b455-6780b06e62ec/current/log_inprogress_0
2019-08-29 08:23:06,210 [f3091307-9c6d-4cf5-b619-8e6cca6f84c9-SegmentedRaftLogWorker:Storage Directory /workdir/hadoop-ozone/integration-test/target/test-dir/MiniOzoneClusterImpl-abd8892b-b936-4b08-8d84-fd22f8afb6b4/datanode-1/data/ratis/26c84b39-af29-4179-bb90-4c25e3b3b994] INFO  segmented.SegmentedRaftLogWorker (SegmentedRaftLogWorker.java:execute(569)) - f3091307-9c6d-4cf5-b619-8e6cca6f84c9-SegmentedRaftLogWorker:Storage Directory /workdir/hadoop-ozone/integration-test/target/test-dir/MiniOzoneClusterImpl-abd8892b-b936-4b08-8d84-fd22f8afb6b4/datanode-1/data/ratis/26c84b39-af29-4179-bb90-4c25e3b3b994: created new log segment /workdir/hadoop-ozone/integration-test/target/test-dir/MiniOzoneClusterImpl-abd8892b-b936-4b08-8d84-fd22f8afb6b4/datanode-1/data/ratis/26c84b39-af29-4179-bb90-4c25e3b3b994/current/log_inprogress_0
2019-08-29 08:23:06,210 [2cd21838-1a98-4748-8882-d7146563928a:group-6CBE45D15709:LeaderElection21] INFO  impl.LeaderElection (LeaderElection.java:askForVotes(181)) - 2cd21838-1a98-4748-8882-d7146563928a:group-6CBE45D15709:LeaderElection21: begin an election at term 1 for -1: [2cd21838-1a98-4748-8882-d7146563928a:192.168.157.249:40808], old=null
2019-08-29 08:23:06,210 [6d68ca61-c219-4724-b8bb-ddcd01f258b2-SegmentedRaftLogWorker:Storage Directory /workdir/hadoop-ozone/integration-test/target/test-dir/MiniOzoneClusterImpl-abd8892b-b936-4b08-8d84-fd22f8afb6b4/datanode-0/data/ratis/26c84b39-af29-4179-bb90-4c25e3b3b994] INFO  segmented.SegmentedRaftLogWorker (SegmentedRaftLogWorker.java:execute(569)) - 6d68ca61-c219-4724-b8bb-ddcd01f258b2-SegmentedRaftLogWorker:Storage Directory /workdir/hadoop-ozone/integration-test/target/test-dir/MiniOzoneClusterImpl-abd8892b-b936-4b08-8d84-fd22f8afb6b4/datanode-0/data/ratis/26c84b39-af29-4179-bb90-4c25e3b3b994: created new log segment /workdir/hadoop-ozone/integration-test/target/test-dir/MiniOzoneClusterImpl-abd8892b-b936-4b08-8d84-fd22f8afb6b4/datanode-0/data/ratis/26c84b39-af29-4179-bb90-4c25e3b3b994/current/log_inprogress_0
2019-08-29 08:23:06,210 [2cd21838-1a98-4748-8882-d7146563928a:group-6CBE45D15709:LeaderElection21] INFO  impl.RoleInfo (RoleInfo.java:shutdownLeaderElection(134)) - 2cd21838-1a98-4748-8882-d7146563928a: shutdown LeaderElection
2019-08-29 08:23:06,211 [2cd21838-1a98-4748-8882-d7146563928a:group-6CBE45D15709:LeaderElection21] INFO  impl.RaftServerImpl (RaftServerImpl.java:setRole(171)) - 2cd21838-1a98-4748-8882-d7146563928a:group-6CBE45D15709 changes role from CANDIDATE to LEADER at term 1 for changeToLeader
2019-08-29 08:23:06,211 [2cd21838-1a98-4748-8882-d7146563928a:group-6CBE45D15709:LeaderElection21] INFO  impl.RaftServerImpl (ServerState.java:setLeader(263)) - 2cd21838-1a98-4748-8882-d7146563928a:group-6CBE45D15709 change Leader from null to 2cd21838-1a98-4748-8882-d7146563928a at term 1 for becomeLeader, leader elected after 5204ms
2019-08-29 08:23:06,212 [2cd21838-1a98-4748-8882-d7146563928a:group-6CBE45D15709:LeaderElection21] INFO  server.RaftServerConfigKeys (ConfUtils.java:logGet(43)) - raft.server.staging.catchup.gap = 1000 (default)
2019-08-29 08:23:06,213 [2cd21838-1a98-4748-8882-d7146563928a:group-6CBE45D15709:LeaderElection21] INFO  server.RaftServerConfigKeys (ConfUtils.java:logGet(43)) - raft.server.rpc.sleep.time = 25ms (default)
2019-08-29 08:23:06,213 [2cd21838-1a98-4748-8882-d7146563928a:group-6CBE45D15709:LeaderElection21] INFO  server.RaftServerConfigKeys (ConfUtils.java:logGet(43)) - raft.server.write.element-limit = 4096 (default)
2019-08-29 08:23:06,213 [2cd21838-1a98-4748-8882-d7146563928a:group-6CBE45D15709:LeaderElection21] INFO  server.RaftServerConfigKeys (ConfUtils.java:logGet(43)) - raft.server.watch.timeout = 10s (default)
2019-08-29 08:23:06,213 [2cd21838-1a98-4748-8882-d7146563928a:group-6CBE45D15709:LeaderElection21] INFO  server.RaftServerConfigKeys (ConfUtils.java:logGet(43)) - raft.server.watch.timeout.denomination = 1s (default)
2019-08-29 08:23:06,213 [2cd21838-1a98-4748-8882-d7146563928a:group-6CBE45D15709:LeaderElection21] INFO  server.RaftServerConfigKeys (ConfUtils.java:logGet(43)) - raft.server.watch.element-limit = 65536 (default)
2019-08-29 08:23:06,213 [2cd21838-1a98-4748-8882-d7146563928a:group-6CBE45D15709:LeaderElection21] INFO  impl.RoleInfo (RoleInfo.java:updateAndGet(143)) - 2cd21838-1a98-4748-8882-d7146563928a: start LeaderState
2019-08-29 08:23:06,213 [2cd21838-1a98-4748-8882-d7146563928a:group-6CBE45D15709:LeaderElection21] INFO  segmented.SegmentedRaftLogWorker (SegmentedRaftLogWorker.java:startLogSegment(380)) - 2cd21838-1a98-4748-8882-d7146563928a-SegmentedRaftLogWorker:Storage Directory /workdir/hadoop-ozone/integration-test/target/test-dir/MiniOzoneClusterImpl-abd8892b-b936-4b08-8d84-fd22f8afb6b4/datanode-3/data/ratis/09b1ddc1-e024-4a8a-8558-6cbe45d15709: Starting segment from index:0
2019-08-29 08:23:06,214 [2cd21838-1a98-4748-8882-d7146563928a:group-6CBE45D15709:LeaderElection21] INFO  impl.RaftServerImpl (ServerState.java:setRaftConf(361)) - 2cd21838-1a98-4748-8882-d7146563928a:group-6CBE45D15709 set configuration 0: [2cd21838-1a98-4748-8882-d7146563928a:192.168.157.249:40808], old=null at 0
2019-08-29 08:23:06,250 [Thread-703] INFO  impl.FollowerState (FollowerState.java:run(106)) - 35f04ff1-b93c-4ae0-b494-c5f2981bb056:group-DE9E2390420E changes to CANDIDATE, lastRpcTime:5188, electionTimeout:5180ms
2019-08-29 08:23:06,250 [Thread-703] INFO  impl.RoleInfo (RoleInfo.java:shutdownFollowerState(121)) - 35f04ff1-b93c-4ae0-b494-c5f2981bb056: shutdown FollowerState
2019-08-29 08:23:06,250 [Thread-703] INFO  impl.RaftServerImpl (RaftServerImpl.java:setRole(171)) - 35f04ff1-b93c-4ae0-b494-c5f2981bb056:group-DE9E2390420E changes role from FOLLOWER to CANDIDATE at term 0 for changeToCandidate
2019-08-29 08:23:06,251 [Thread-703] INFO  impl.RoleInfo (RoleInfo.java:updateAndGet(143)) - 35f04ff1-b93c-4ae0-b494-c5f2981bb056: start LeaderElection
2019-08-29 08:23:06,255 [Thread-711] INFO  impl.FollowerState (FollowerState.java:run(106)) - 24081c8f-d316-435d-a792-3431bfeb71b1:group-BEC10561125A changes to CANDIDATE, lastRpcTime:5064, electionTimeout:5063ms
2019-08-29 08:23:06,255 [Thread-711] INFO  impl.RoleInfo (RoleInfo.java:shutdownFollowerState(121)) - 24081c8f-d316-435d-a792-3431bfeb71b1: shutdown FollowerState
2019-08-29 08:23:06,255 [Thread-711] INFO  impl.RaftServerImpl (RaftServerImpl.java:setRole(171)) - 24081c8f-d316-435d-a792-3431bfeb71b1:group-BEC10561125A changes role from FOLLOWER to CANDIDATE at term 0 for changeToCandidate
2019-08-29 08:23:06,255 [Thread-711] INFO  impl.RoleInfo (RoleInfo.java:updateAndGet(143)) - 24081c8f-d316-435d-a792-3431bfeb71b1: start LeaderElection
2019-08-29 08:23:06,263 [2cd21838-1a98-4748-8882-d7146563928a-SegmentedRaftLogWorker:Storage Directory /workdir/hadoop-ozone/integration-test/target/test-dir/MiniOzoneClusterImpl-abd8892b-b936-4b08-8d84-fd22f8afb6b4/datanode-3/data/ratis/09b1ddc1-e024-4a8a-8558-6cbe45d15709] INFO  segmented.SegmentedRaftLogWorker (SegmentedRaftLogWorker.java:execute(569)) - 2cd21838-1a98-4748-8882-d7146563928a-SegmentedRaftLogWorker:Storage Directory /workdir/hadoop-ozone/integration-test/target/test-dir/MiniOzoneClusterImpl-abd8892b-b936-4b08-8d84-fd22f8afb6b4/datanode-3/data/ratis/09b1ddc1-e024-4a8a-8558-6cbe45d15709: created new log segment /workdir/hadoop-ozone/integration-test/target/test-dir/MiniOzoneClusterImpl-abd8892b-b936-4b08-8d84-fd22f8afb6b4/datanode-3/data/ratis/09b1ddc1-e024-4a8a-8558-6cbe45d15709/current/log_inprogress_0
2019-08-29 08:23:06,263 [24081c8f-d316-435d-a792-3431bfeb71b1:group-BEC10561125A:LeaderElection23] INFO  impl.LeaderElection (LeaderElection.java:askForVotes(181)) - 24081c8f-d316-435d-a792-3431bfeb71b1:group-BEC10561125A:LeaderElection23: begin an election at term 1 for -1: [24081c8f-d316-435d-a792-3431bfeb71b1:192.168.157.249:42130], old=null
2019-08-29 08:23:06,263 [35f04ff1-b93c-4ae0-b494-c5f2981bb056:group-DE9E2390420E:LeaderElection22] INFO  impl.LeaderElection (LeaderElection.java:askForVotes(181)) - 35f04ff1-b93c-4ae0-b494-c5f2981bb056:group-DE9E2390420E:LeaderElection22: begin an election at term 1 for -1: [35f04ff1-b93c-4ae0-b494-c5f2981bb056:192.168.157.249:45537], old=null
2019-08-29 08:23:06,263 [24081c8f-d316-435d-a792-3431bfeb71b1:group-BEC10561125A:LeaderElection23] INFO  impl.RoleInfo (RoleInfo.java:shutdownLeaderElection(134)) - 24081c8f-d316-435d-a792-3431bfeb71b1: shutdown LeaderElection
2019-08-29 08:23:06,263 [35f04ff1-b93c-4ae0-b494-c5f2981bb056:group-DE9E2390420E:LeaderElection22] INFO  impl.RoleInfo (RoleInfo.java:shutdownLeaderElection(134)) - 35f04ff1-b93c-4ae0-b494-c5f2981bb056: shutdown LeaderElection
2019-08-29 08:23:06,264 [24081c8f-d316-435d-a792-3431bfeb71b1:group-BEC10561125A:LeaderElection23] INFO  impl.RaftServerImpl (RaftServerImpl.java:setRole(171)) - 24081c8f-d316-435d-a792-3431bfeb71b1:group-BEC10561125A changes role from CANDIDATE to LEADER at term 1 for changeToLeader
2019-08-29 08:23:06,264 [35f04ff1-b93c-4ae0-b494-c5f2981bb056:group-DE9E2390420E:LeaderElection22] INFO  impl.RaftServerImpl (RaftServerImpl.java:setRole(171)) - 35f04ff1-b93c-4ae0-b494-c5f2981bb056:group-DE9E2390420E changes role from CANDIDATE to LEADER at term 1 for changeToLeader
2019-08-29 08:23:06,264 [24081c8f-d316-435d-a792-3431bfeb71b1:group-BEC10561125A:LeaderElection23] INFO  impl.RaftServerImpl (ServerState.java:setLeader(263)) - 24081c8f-d316-435d-a792-3431bfeb71b1:group-BEC10561125A change Leader from null to 24081c8f-d316-435d-a792-3431bfeb71b1 at term 1 for becomeLeader, leader elected after 5077ms
2019-08-29 08:23:06,264 [35f04ff1-b93c-4ae0-b494-c5f2981bb056:group-DE9E2390420E:LeaderElection22] INFO  impl.RaftServerImpl (ServerState.java:setLeader(263)) - 35f04ff1-b93c-4ae0-b494-c5f2981bb056:group-DE9E2390420E change Leader from null to 35f04ff1-b93c-4ae0-b494-c5f2981bb056 at term 1 for becomeLeader, leader elected after 5207ms
2019-08-29 08:23:06,265 [24081c8f-d316-435d-a792-3431bfeb71b1:group-BEC10561125A:LeaderElection23] INFO  server.RaftServerConfigKeys (ConfUtils.java:logGet(43)) - raft.server.staging.catchup.gap = 1000 (default)
2019-08-29 08:23:06,272 [35f04ff1-b93c-4ae0-b494-c5f2981bb056:group-DE9E2390420E:LeaderElection22] INFO  server.RaftServerConfigKeys (ConfUtils.java:logGet(43)) - raft.server.staging.catchup.gap = 1000 (default)
2019-08-29 08:23:06,272 [24081c8f-d316-435d-a792-3431bfeb71b1:group-BEC10561125A:LeaderElection23] INFO  server.RaftServerConfigKeys (ConfUtils.java:logGet(43)) - raft.server.rpc.sleep.time = 25ms (default)
2019-08-29 08:23:06,272 [35f04ff1-b93c-4ae0-b494-c5f2981bb056:group-DE9E2390420E:LeaderElection22] INFO  server.RaftServerConfigKeys (ConfUtils.java:logGet(43)) - raft.server.rpc.sleep.time = 25ms (default)
2019-08-29 08:23:06,272 [24081c8f-d316-435d-a792-3431bfeb71b1:group-BEC10561125A:LeaderElection23] INFO  server.RaftServerConfigKeys (ConfUtils.java:logGet(43)) - raft.server.write.element-limit = 4096 (default)
2019-08-29 08:23:06,272 [35f04ff1-b93c-4ae0-b494-c5f2981bb056:group-DE9E2390420E:LeaderElection22] INFO  server.RaftServerConfigKeys (ConfUtils.java:logGet(43)) - raft.server.write.element-limit = 4096 (default)
2019-08-29 08:23:06,272 [24081c8f-d316-435d-a792-3431bfeb71b1:group-BEC10561125A:LeaderElection23] INFO  server.RaftServerConfigKeys (ConfUtils.java:logGet(43)) - raft.server.watch.timeout = 10s (default)
2019-08-29 08:23:06,273 [35f04ff1-b93c-4ae0-b494-c5f2981bb056:group-DE9E2390420E:LeaderElection22] INFO  server.RaftServerConfigKeys (ConfUtils.java:logGet(43)) - raft.server.watch.timeout = 10s (default)
2019-08-29 08:23:06,273 [24081c8f-d316-435d-a792-3431bfeb71b1:group-BEC10561125A:LeaderElection23] INFO  server.RaftServerConfigKeys (ConfUtils.java:logGet(43)) - raft.server.watch.timeout.denomination = 1s (default)
2019-08-29 08:23:06,273 [35f04ff1-b93c-4ae0-b494-c5f2981bb056:group-DE9E2390420E:LeaderElection22] INFO  server.RaftServerConfigKeys (ConfUtils.java:logGet(43)) - raft.server.watch.timeout.denomination = 1s (default)
2019-08-29 08:23:06,273 [24081c8f-d316-435d-a792-3431bfeb71b1:group-BEC10561125A:LeaderElection23] INFO  server.RaftServerConfigKeys (ConfUtils.java:logGet(43)) - raft.server.watch.element-limit = 65536 (default)
2019-08-29 08:23:06,273 [35f04ff1-b93c-4ae0-b494-c5f2981bb056:group-DE9E2390420E:LeaderElection22] INFO  server.RaftServerConfigKeys (ConfUtils.java:logGet(43)) - raft.server.watch.element-limit = 65536 (default)
2019-08-29 08:23:06,273 [24081c8f-d316-435d-a792-3431bfeb71b1:group-BEC10561125A:LeaderElection23] INFO  impl.RoleInfo (RoleInfo.java:updateAndGet(143)) - 24081c8f-d316-435d-a792-3431bfeb71b1: start LeaderState
2019-08-29 08:23:06,273 [35f04ff1-b93c-4ae0-b494-c5f2981bb056:group-DE9E2390420E:LeaderElection22] INFO  impl.RoleInfo (RoleInfo.java:updateAndGet(143)) - 35f04ff1-b93c-4ae0-b494-c5f2981bb056: start LeaderState
2019-08-29 08:23:06,274 [24081c8f-d316-435d-a792-3431bfeb71b1:group-BEC10561125A:LeaderElection23] INFO  segmented.SegmentedRaftLogWorker (SegmentedRaftLogWorker.java:startLogSegment(380)) - 24081c8f-d316-435d-a792-3431bfeb71b1-SegmentedRaftLogWorker:Storage Directory /workdir/hadoop-ozone/integration-test/target/test-dir/MiniOzoneClusterImpl-abd8892b-b936-4b08-8d84-fd22f8afb6b4/datanode-6/data/ratis/5f9f66b5-3a9d-4de6-ae05-bec10561125a: Starting segment from index:0
2019-08-29 08:23:06,274 [35f04ff1-b93c-4ae0-b494-c5f2981bb056:group-DE9E2390420E:LeaderElection22] INFO  segmented.SegmentedRaftLogWorker (SegmentedRaftLogWorker.java:startLogSegment(380)) - 35f04ff1-b93c-4ae0-b494-c5f2981bb056-SegmentedRaftLogWorker:Storage Directory /workdir/hadoop-ozone/integration-test/target/test-dir/MiniOzoneClusterImpl-abd8892b-b936-4b08-8d84-fd22f8afb6b4/datanode-4/data/ratis/a762880f-1af7-453e-b9fd-de9e2390420e: Starting segment from index:0
2019-08-29 08:23:06,274 [24081c8f-d316-435d-a792-3431bfeb71b1:group-BEC10561125A:LeaderElection23] INFO  impl.RaftServerImpl (ServerState.java:setRaftConf(361)) - 24081c8f-d316-435d-a792-3431bfeb71b1:group-BEC10561125A set configuration 0: [24081c8f-d316-435d-a792-3431bfeb71b1:192.168.157.249:42130], old=null at 0
2019-08-29 08:23:06,274 [35f04ff1-b93c-4ae0-b494-c5f2981bb056:group-DE9E2390420E:LeaderElection22] INFO  impl.RaftServerImpl (ServerState.java:setRaftConf(361)) - 35f04ff1-b93c-4ae0-b494-c5f2981bb056:group-DE9E2390420E set configuration 0: [35f04ff1-b93c-4ae0-b494-c5f2981bb056:192.168.157.249:45537], old=null at 0
2019-08-29 08:23:06,323 [35f04ff1-b93c-4ae0-b494-c5f2981bb056-SegmentedRaftLogWorker:Storage Directory /workdir/hadoop-ozone/integration-test/target/test-dir/MiniOzoneClusterImpl-abd8892b-b936-4b08-8d84-fd22f8afb6b4/datanode-4/data/ratis/a762880f-1af7-453e-b9fd-de9e2390420e] INFO  segmented.SegmentedRaftLogWorker (SegmentedRaftLogWorker.java:execute(569)) - 35f04ff1-b93c-4ae0-b494-c5f2981bb056-SegmentedRaftLogWorker:Storage Directory /workdir/hadoop-ozone/integration-test/target/test-dir/MiniOzoneClusterImpl-abd8892b-b936-4b08-8d84-fd22f8afb6b4/datanode-4/data/ratis/a762880f-1af7-453e-b9fd-de9e2390420e: created new log segment /workdir/hadoop-ozone/integration-test/target/test-dir/MiniOzoneClusterImpl-abd8892b-b936-4b08-8d84-fd22f8afb6b4/datanode-4/data/ratis/a762880f-1af7-453e-b9fd-de9e2390420e/current/log_inprogress_0
2019-08-29 08:23:06,323 [24081c8f-d316-435d-a792-3431bfeb71b1-SegmentedRaftLogWorker:Storage Directory /workdir/hadoop-ozone/integration-test/target/test-dir/MiniOzoneClusterImpl-abd8892b-b936-4b08-8d84-fd22f8afb6b4/datanode-6/data/ratis/5f9f66b5-3a9d-4de6-ae05-bec10561125a] INFO  segmented.SegmentedRaftLogWorker (SegmentedRaftLogWorker.java:execute(569)) - 24081c8f-d316-435d-a792-3431bfeb71b1-SegmentedRaftLogWorker:Storage Directory /workdir/hadoop-ozone/integration-test/target/test-dir/MiniOzoneClusterImpl-abd8892b-b936-4b08-8d84-fd22f8afb6b4/datanode-6/data/ratis/5f9f66b5-3a9d-4de6-ae05-bec10561125a: created new log segment /workdir/hadoop-ozone/integration-test/target/test-dir/MiniOzoneClusterImpl-abd8892b-b936-4b08-8d84-fd22f8afb6b4/datanode-6/data/ratis/5f9f66b5-3a9d-4de6-ae05-bec10561125a/current/log_inprogress_0
2019-08-29 08:23:06,378 [Thread-714] INFO  impl.FollowerState (FollowerState.java:run(106)) - 2cd21838-1a98-4748-8882-d7146563928a:group-273770D6E455 changes to CANDIDATE, lastRpcTime:5126, electionTimeout:5126ms
2019-08-29 08:23:06,378 [Thread-714] INFO  impl.RoleInfo (RoleInfo.java:shutdownFollowerState(121)) - 2cd21838-1a98-4748-8882-d7146563928a: shutdown FollowerState
2019-08-29 08:23:06,378 [Thread-714] INFO  impl.RaftServerImpl (RaftServerImpl.java:setRole(171)) - 2cd21838-1a98-4748-8882-d7146563928a:group-273770D6E455 changes role from FOLLOWER to CANDIDATE at term 0 for changeToCandidate
2019-08-29 08:23:06,378 [Thread-714] INFO  impl.RoleInfo (RoleInfo.java:updateAndGet(143)) - 2cd21838-1a98-4748-8882-d7146563928a: start LeaderElection
2019-08-29 08:23:06,397 [2cd21838-1a98-4748-8882-d7146563928a:group-273770D6E455:LeaderElection24] INFO  impl.LeaderElection (LeaderElection.java:askForVotes(181)) - 2cd21838-1a98-4748-8882-d7146563928a:group-273770D6E455:LeaderElection24: begin an election at term 1 for -1: [2cd21838-1a98-4748-8882-d7146563928a:192.168.157.249:40808, 24081c8f-d316-435d-a792-3431bfeb71b1:192.168.157.249:42130, 500162f5-df4c-43d4-be22-b16b483ed3b9:192.168.157.249:46274], old=null
2019-08-29 08:23:06,403 [grpc-default-executor-2] INFO  impl.RaftServerImpl (RaftServerImpl.java:setRole(171)) - 24081c8f-d316-435d-a792-3431bfeb71b1:group-273770D6E455 changes role from FOLLOWER to FOLLOWER at term 1 for recognizeCandidate:2cd21838-1a98-4748-8882-d7146563928a
2019-08-29 08:23:06,403 [grpc-default-executor-0] INFO  impl.RaftServerImpl (RaftServerImpl.java:setRole(171)) - 500162f5-df4c-43d4-be22-b16b483ed3b9:group-273770D6E455 changes role from FOLLOWER to FOLLOWER at term 1 for recognizeCandidate:2cd21838-1a98-4748-8882-d7146563928a
2019-08-29 08:23:06,406 [grpc-default-executor-0] INFO  impl.RoleInfo (RoleInfo.java:shutdownFollowerState(121)) - 500162f5-df4c-43d4-be22-b16b483ed3b9: shutdown FollowerState
2019-08-29 08:23:06,403 [grpc-default-executor-2] INFO  impl.RoleInfo (RoleInfo.java:shutdownFollowerState(121)) - 24081c8f-d316-435d-a792-3431bfeb71b1: shutdown FollowerState
2019-08-29 08:23:06,406 [Thread-718] INFO  impl.FollowerState (FollowerState.java:run(114)) - 500162f5-df4c-43d4-be22-b16b483ed3b9: FollowerState was interrupted: java.lang.InterruptedException: sleep interrupted
2019-08-29 08:23:06,406 [grpc-default-executor-0] INFO  impl.RoleInfo (RoleInfo.java:updateAndGet(143)) - 500162f5-df4c-43d4-be22-b16b483ed3b9: start FollowerState
2019-08-29 08:23:06,406 [Thread-719] INFO  impl.FollowerState (FollowerState.java:run(114)) - 24081c8f-d316-435d-a792-3431bfeb71b1: FollowerState was interrupted: java.lang.InterruptedException: sleep interrupted
2019-08-29 08:23:06,406 [grpc-default-executor-2] INFO  impl.RoleInfo (RoleInfo.java:updateAndGet(143)) - 24081c8f-d316-435d-a792-3431bfeb71b1: start FollowerState
2019-08-29 08:23:06,411 [grpc-default-executor-5] INFO  client.GrpcClientProtocolClient (GrpcClientProtocolClient.java:onNext(255)) - client-56A4EE866ECF->24081c8f-d316-435d-a792-3431bfeb71b1: receive RaftClientReply:client-56A4EE866ECF->24081c8f-d316-435d-a792-3431bfeb71b1@group-273770D6E455, cid=42, FAILED org.apache.ratis.protocol.NotLeaderException: Server 24081c8f-d316-435d-a792-3431bfeb71b1 is not the leader (null). Request must be sent to leader., logIndex=0, commits[24081c8f-d316-435d-a792-3431bfeb71b1:c-1]
2019-08-29 08:23:06,453 [2cd21838-1a98-4748-8882-d7146563928a:group-273770D6E455:LeaderElection24] INFO  impl.LeaderElection (LeaderElection.java:logAndReturn(56)) - 2cd21838-1a98-4748-8882-d7146563928a:group-273770D6E455:LeaderElection24: Election PASSED; received 1 response(s) [2cd21838-1a98-4748-8882-d7146563928a<-24081c8f-d316-435d-a792-3431bfeb71b1#0:OK-t1] and 0 exception(s); 2cd21838-1a98-4748-8882-d7146563928a:t1, leader=null, voted=2cd21838-1a98-4748-8882-d7146563928a, raftlog=2cd21838-1a98-4748-8882-d7146563928a-SegmentedRaftLog:OPENED:c-1,f-1,i0, conf=-1: [2cd21838-1a98-4748-8882-d7146563928a:192.168.157.249:40808, 24081c8f-d316-435d-a792-3431bfeb71b1:192.168.157.249:42130, 500162f5-df4c-43d4-be22-b16b483ed3b9:192.168.157.249:46274], old=null
2019-08-29 08:23:06,454 [2cd21838-1a98-4748-8882-d7146563928a:group-273770D6E455:LeaderElection24] INFO  impl.RoleInfo (RoleInfo.java:shutdownLeaderElection(134)) - 2cd21838-1a98-4748-8882-d7146563928a: shutdown LeaderElection
2019-08-29 08:23:06,454 [2cd21838-1a98-4748-8882-d7146563928a:group-273770D6E455:LeaderElection24] INFO  impl.RaftServerImpl (RaftServerImpl.java:setRole(171)) - 2cd21838-1a98-4748-8882-d7146563928a:group-273770D6E455 changes role from CANDIDATE to LEADER at term 1 for changeToLeader
2019-08-29 08:23:06,454 [2cd21838-1a98-4748-8882-d7146563928a:group-273770D6E455:LeaderElection24] INFO  impl.RaftServerImpl (ServerState.java:setLeader(263)) - 2cd21838-1a98-4748-8882-d7146563928a:group-273770D6E455 change Leader from null to 2cd21838-1a98-4748-8882-d7146563928a at term 1 for becomeLeader, leader elected after 5212ms
2019-08-29 08:23:06,454 [2cd21838-1a98-4748-8882-d7146563928a:group-273770D6E455:LeaderElection24] INFO  server.RaftServerConfigKeys (ConfUtils.java:logGet(43)) - raft.server.staging.catchup.gap = 1000 (default)
2019-08-29 08:23:06,454 [2cd21838-1a98-4748-8882-d7146563928a:group-273770D6E455:LeaderElection24] INFO  server.RaftServerConfigKeys (ConfUtils.java:logGet(43)) - raft.server.rpc.sleep.time = 25ms (default)
2019-08-29 08:23:06,455 [2cd21838-1a98-4748-8882-d7146563928a:group-273770D6E455:LeaderElection24] INFO  server.RaftServerConfigKeys (ConfUtils.java:logGet(43)) - raft.server.write.element-limit = 4096 (default)
2019-08-29 08:23:06,455 [2cd21838-1a98-4748-8882-d7146563928a:group-273770D6E455:LeaderElection24] INFO  server.RaftServerConfigKeys (ConfUtils.java:logGet(43)) - raft.server.watch.timeout = 10s (default)
2019-08-29 08:23:06,455 [2cd21838-1a98-4748-8882-d7146563928a:group-273770D6E455:LeaderElection24] INFO  server.RaftServerConfigKeys (ConfUtils.java:logGet(43)) - raft.server.watch.timeout.denomination = 1s (default)
2019-08-29 08:23:06,455 [2cd21838-1a98-4748-8882-d7146563928a:group-273770D6E455:LeaderElection24] INFO  server.RaftServerConfigKeys (ConfUtils.java:logGet(43)) - raft.server.watch.element-limit = 65536 (default)
2019-08-29 08:23:06,455 [2cd21838-1a98-4748-8882-d7146563928a:group-273770D6E455:LeaderElection24] INFO  server.RaftServerConfigKeys (ConfUtils.java:logGet(43)) - raft.server.log.appender.snapshot.chunk.size.max = 16MB (=16777216) (default)
2019-08-29 08:23:06,456 [2cd21838-1a98-4748-8882-d7146563928a:group-273770D6E455:LeaderElection24] INFO  server.RaftServerConfigKeys (ConfUtils.java:logGet(43)) - raft.server.log.appender.buffer.byte-limit = 33554432 (custom)
2019-08-29 08:23:06,456 [2cd21838-1a98-4748-8882-d7146563928a:group-273770D6E455:LeaderElection24] INFO  server.RaftServerConfigKeys (ConfUtils.java:logGet(43)) - raft.server.log.appender.buffer.element-limit = 1 (custom)
2019-08-29 08:23:06,456 [2cd21838-1a98-4748-8882-d7146563928a:group-273770D6E455:LeaderElection24] INFO  grpc.GrpcConfigKeys$Server (ConfUtils.java:logGet(43)) - raft.grpc.server.leader.outstanding.appends.max = 128 (default)
2019-08-29 08:23:06,456 [2cd21838-1a98-4748-8882-d7146563928a:group-273770D6E455:LeaderElection24] INFO  server.RaftServerConfigKeys (ConfUtils.java:logGet(43)) - raft.server.rpc.request.timeout = 3000ms (default)
2019-08-29 08:23:06,457 [2cd21838-1a98-4748-8882-d7146563928a:group-273770D6E455:LeaderElection24] INFO  server.RaftServerConfigKeys (ConfUtils.java:logGet(43)) - raft.server.log.appender.install.snapshot.enabled = false (custom)
2019-08-29 08:23:06,457 [2cd21838-1a98-4748-8882-d7146563928a:group-273770D6E455:LeaderElection24] INFO  server.RaftServerConfigKeys (ConfUtils.java:logGet(43)) - raft.server.log.appender.snapshot.chunk.size.max = 16MB (=16777216) (default)
2019-08-29 08:23:06,457 [2cd21838-1a98-4748-8882-d7146563928a:group-273770D6E455:LeaderElection24] INFO  server.RaftServerConfigKeys (ConfUtils.java:logGet(43)) - raft.server.log.appender.buffer.byte-limit = 33554432 (custom)
2019-08-29 08:23:06,457 [2cd21838-1a98-4748-8882-d7146563928a:group-273770D6E455:LeaderElection24] INFO  server.RaftServerConfigKeys (ConfUtils.java:logGet(43)) - raft.server.log.appender.buffer.element-limit = 1 (custom)
2019-08-29 08:23:06,457 [2cd21838-1a98-4748-8882-d7146563928a:group-273770D6E455:LeaderElection24] INFO  grpc.GrpcConfigKeys$Server (ConfUtils.java:logGet(43)) - raft.grpc.server.leader.outstanding.appends.max = 128 (default)
2019-08-29 08:23:06,458 [2cd21838-1a98-4748-8882-d7146563928a:group-273770D6E455:LeaderElection24] INFO  server.RaftServerConfigKeys (ConfUtils.java:logGet(43)) - raft.server.rpc.request.timeout = 3000ms (default)
2019-08-29 08:23:06,458 [2cd21838-1a98-4748-8882-d7146563928a:group-273770D6E455:LeaderElection24] INFO  server.RaftServerConfigKeys (ConfUtils.java:logGet(43)) - raft.server.log.appender.install.snapshot.enabled = false (custom)
2019-08-29 08:23:06,458 [2cd21838-1a98-4748-8882-d7146563928a:group-273770D6E455:LeaderElection24] INFO  impl.RoleInfo (RoleInfo.java:updateAndGet(143)) - 2cd21838-1a98-4748-8882-d7146563928a: start LeaderState
2019-08-29 08:23:06,458 [2cd21838-1a98-4748-8882-d7146563928a:group-273770D6E455:LeaderElection24] INFO  segmented.SegmentedRaftLogWorker (SegmentedRaftLogWorker.java:startLogSegment(380)) - 2cd21838-1a98-4748-8882-d7146563928a-SegmentedRaftLogWorker:Storage Directory /workdir/hadoop-ozone/integration-test/target/test-dir/MiniOzoneClusterImpl-abd8892b-b936-4b08-8d84-fd22f8afb6b4/datanode-3/data/ratis/984b27fd-9fb9-45b0-9865-273770d6e455: Starting segment from index:0
2019-08-29 08:23:06,459 [2cd21838-1a98-4748-8882-d7146563928a:group-273770D6E455:LeaderElection24] INFO  impl.RaftServerImpl (ServerState.java:setRaftConf(361)) - 2cd21838-1a98-4748-8882-d7146563928a:group-273770D6E455 set configuration 0: [2cd21838-1a98-4748-8882-d7146563928a:192.168.157.249:40808, 24081c8f-d316-435d-a792-3431bfeb71b1:192.168.157.249:42130, 500162f5-df4c-43d4-be22-b16b483ed3b9:192.168.157.249:46274], old=null at 0
2019-08-29 08:23:06,494 [grpc-default-executor-2] INFO  impl.RaftServerImpl (ServerState.java:setLeader(263)) - 500162f5-df4c-43d4-be22-b16b483ed3b9:group-273770D6E455 change Leader from null to 2cd21838-1a98-4748-8882-d7146563928a at term 1 for appendEntries, leader elected after 5251ms
2019-08-29 08:23:06,494 [grpc-default-executor-0] INFO  impl.RaftServerImpl (ServerState.java:setLeader(263)) - 24081c8f-d316-435d-a792-3431bfeb71b1:group-273770D6E455 change Leader from null to 2cd21838-1a98-4748-8882-d7146563928a at term 1 for appendEntries, leader elected after 5251ms
2019-08-29 08:23:06,497 [grpc-default-executor-0] INFO  impl.RaftServerImpl (ServerState.java:setRaftConf(361)) - 24081c8f-d316-435d-a792-3431bfeb71b1:group-273770D6E455 set configuration 0: [2cd21838-1a98-4748-8882-d7146563928a:192.168.157.249:40808, 24081c8f-d316-435d-a792-3431bfeb71b1:192.168.157.249:42130, 500162f5-df4c-43d4-be22-b16b483ed3b9:192.168.157.249:46274], old=null at 0
2019-08-29 08:23:06,497 [grpc-default-executor-2] INFO  impl.RaftServerImpl (ServerState.java:setRaftConf(361)) - 500162f5-df4c-43d4-be22-b16b483ed3b9:group-273770D6E455 set configuration 0: [2cd21838-1a98-4748-8882-d7146563928a:192.168.157.249:40808, 24081c8f-d316-435d-a792-3431bfeb71b1:192.168.157.249:42130, 500162f5-df4c-43d4-be22-b16b483ed3b9:192.168.157.249:46274], old=null at 0
2019-08-29 08:23:06,498 [grpc-default-executor-0] INFO  segmented.SegmentedRaftLogWorker (SegmentedRaftLogWorker.java:startLogSegment(380)) - 24081c8f-d316-435d-a792-3431bfeb71b1-SegmentedRaftLogWorker:Storage Directory /workdir/hadoop-ozone/integration-test/target/test-dir/MiniOzoneClusterImpl-abd8892b-b936-4b08-8d84-fd22f8afb6b4/datanode-6/data/ratis/984b27fd-9fb9-45b0-9865-273770d6e455: Starting segment from index:0
2019-08-29 08:23:06,498 [grpc-default-executor-2] INFO  segmented.SegmentedRaftLogWorker (SegmentedRaftLogWorker.java:startLogSegment(380)) - 500162f5-df4c-43d4-be22-b16b483ed3b9-SegmentedRaftLogWorker:Storage Directory /workdir/hadoop-ozone/integration-test/target/test-dir/MiniOzoneClusterImpl-abd8892b-b936-4b08-8d84-fd22f8afb6b4/datanode-5/data/ratis/984b27fd-9fb9-45b0-9865-273770d6e455: Starting segment from index:0
2019-08-29 08:23:06,506 [2cd21838-1a98-4748-8882-d7146563928a-SegmentedRaftLogWorker:Storage Directory /workdir/hadoop-ozone/integration-test/target/test-dir/MiniOzoneClusterImpl-abd8892b-b936-4b08-8d84-fd22f8afb6b4/datanode-3/data/ratis/984b27fd-9fb9-45b0-9865-273770d6e455] INFO  segmented.SegmentedRaftLogWorker (SegmentedRaftLogWorker.java:execute(569)) - 2cd21838-1a98-4748-8882-d7146563928a-SegmentedRaftLogWorker:Storage Directory /workdir/hadoop-ozone/integration-test/target/test-dir/MiniOzoneClusterImpl-abd8892b-b936-4b08-8d84-fd22f8afb6b4/datanode-3/data/ratis/984b27fd-9fb9-45b0-9865-273770d6e455: created new log segment /workdir/hadoop-ozone/integration-test/target/test-dir/MiniOzoneClusterImpl-abd8892b-b936-4b08-8d84-fd22f8afb6b4/datanode-3/data/ratis/984b27fd-9fb9-45b0-9865-273770d6e455/current/log_inprogress_0
2019-08-29 08:23:06,539 [24081c8f-d316-435d-a792-3431bfeb71b1-SegmentedRaftLogWorker:Storage Directory /workdir/hadoop-ozone/integration-test/target/test-dir/MiniOzoneClusterImpl-abd8892b-b936-4b08-8d84-fd22f8afb6b4/datanode-6/data/ratis/984b27fd-9fb9-45b0-9865-273770d6e455] INFO  segmented.SegmentedRaftLogWorker (SegmentedRaftLogWorker.java:execute(569)) - 24081c8f-d316-435d-a792-3431bfeb71b1-SegmentedRaftLogWorker:Storage Directory /workdir/hadoop-ozone/integration-test/target/test-dir/MiniOzoneClusterImpl-abd8892b-b936-4b08-8d84-fd22f8afb6b4/datanode-6/data/ratis/984b27fd-9fb9-45b0-9865-273770d6e455: created new log segment /workdir/hadoop-ozone/integration-test/target/test-dir/MiniOzoneClusterImpl-abd8892b-b936-4b08-8d84-fd22f8afb6b4/datanode-6/data/ratis/984b27fd-9fb9-45b0-9865-273770d6e455/current/log_inprogress_0
2019-08-29 08:23:06,539 [500162f5-df4c-43d4-be22-b16b483ed3b9-SegmentedRaftLogWorker:Storage Directory /workdir/hadoop-ozone/integration-test/target/test-dir/MiniOzoneClusterImpl-abd8892b-b936-4b08-8d84-fd22f8afb6b4/datanode-5/data/ratis/984b27fd-9fb9-45b0-9865-273770d6e455] INFO  segmented.SegmentedRaftLogWorker (SegmentedRaftLogWorker.java:execute(569)) - 500162f5-df4c-43d4-be22-b16b483ed3b9-SegmentedRaftLogWorker:Storage Directory /workdir/hadoop-ozone/integration-test/target/test-dir/MiniOzoneClusterImpl-abd8892b-b936-4b08-8d84-fd22f8afb6b4/datanode-5/data/ratis/984b27fd-9fb9-45b0-9865-273770d6e455: created new log segment /workdir/hadoop-ozone/integration-test/target/test-dir/MiniOzoneClusterImpl-abd8892b-b936-4b08-8d84-fd22f8afb6b4/datanode-5/data/ratis/984b27fd-9fb9-45b0-9865-273770d6e455/current/log_inprogress_0
2019-08-29 08:23:06,680 | INFO  | SCMAudit | user=jenkins1000 | ip=192.168.157.249 | op=SEND_HEARTBEAT {datanodeUUID=6d68ca61-c219-4724-b8bb-ddcd01f258b2, command=[]} | ret=SUCCESS |  
2019-08-29 08:23:06,752 | INFO  | SCMAudit | user=jenkins1000 | ip=192.168.157.249 | op=SEND_HEARTBEAT {datanodeUUID=f3091307-9c6d-4cf5-b619-8e6cca6f84c9, command=[]} | ret=SUCCESS |  
2019-08-29 08:23:06,813 | INFO  | SCMAudit | user=jenkins1000 | ip=192.168.157.249 | op=SEND_HEARTBEAT {datanodeUUID=b3ac43d0-c6e0-46d8-bcc9-9ad695550644, command=[]} | ret=SUCCESS |  
2019-08-29 08:23:06,892 | INFO  | SCMAudit | user=jenkins1000 | ip=192.168.157.249 | op=SEND_HEARTBEAT {datanodeUUID=2cd21838-1a98-4748-8882-d7146563928a, command=[]} | ret=SUCCESS |  
2019-08-29 08:23:06,966 | INFO  | SCMAudit | user=jenkins1000 | ip=192.168.157.249 | op=SEND_HEARTBEAT {datanodeUUID=35f04ff1-b93c-4ae0-b494-c5f2981bb056, command=[]} | ret=SUCCESS |  
2019-08-29 08:23:07,043 | INFO  | SCMAudit | user=jenkins1000 | ip=192.168.157.249 | op=SEND_HEARTBEAT {datanodeUUID=500162f5-df4c-43d4-be22-b16b483ed3b9, command=[]} | ret=SUCCESS |  
2019-08-29 08:23:07,115 | INFO  | SCMAudit | user=jenkins1000 | ip=192.168.157.249 | op=SEND_HEARTBEAT {datanodeUUID=24081c8f-d316-435d-a792-3431bfeb71b1, command=[]} | ret=SUCCESS |  
2019-08-29 08:23:07,429 [grpc-default-executor-2] INFO  client.GrpcClientProtocolClient (GrpcClientProtocolClient.java:onNext(255)) - client-56A4EE866ECF->500162f5-df4c-43d4-be22-b16b483ed3b9: receive RaftClientReply:client-56A4EE866ECF->500162f5-df4c-43d4-be22-b16b483ed3b9@group-273770D6E455, cid=42, FAILED org.apache.ratis.protocol.NotLeaderException: Server 500162f5-df4c-43d4-be22-b16b483ed3b9 is not the leader (2cd21838-1a98-4748-8882-d7146563928a:192.168.157.249:40808). Request must be sent to leader., logIndex=0, commits[500162f5-df4c-43d4-be22-b16b483ed3b9:c-1, 2cd21838-1a98-4748-8882-d7146563928a:c-1, 24081c8f-d316-435d-a792-3431bfeb71b1:c-1]
2019-08-29 08:23:07,537 | INFO  | DNAudit | user=null | ip=null | op=CREATE_CONTAINER {containerID=1, containerType=KeyValueContainer} | ret=SUCCESS |  
2019-08-29 08:23:07,545 | INFO  | SCMAudit | user=jenkins1000 | ip=192.168.157.249 | op=SEND_HEARTBEAT {datanodeUUID=2cd21838-1a98-4748-8882-d7146563928a, command=[]} | ret=SUCCESS |  
2019-08-29 08:23:07,548 [grpc-default-executor-0] INFO  client.GrpcClientProtocolClient (GrpcClientProtocolClient.java:onNext(255)) - client-56A4EE866ECF->2cd21838-1a98-4748-8882-d7146563928a: receive RaftClientReply:client-56A4EE866ECF->2cd21838-1a98-4748-8882-d7146563928a@group-273770D6E455, cid=42, SUCCESS, logIndex=1, commits[2cd21838-1a98-4748-8882-d7146563928a:c2, 24081c8f-d316-435d-a792-3431bfeb71b1:c1, 500162f5-df4c-43d4-be22-b16b483ed3b9:c1]
2019-08-29 08:23:07,579 | INFO  | DNAudit | user=null | ip=null | op=CREATE_CONTAINER {containerID=1, containerType=KeyValueContainer} | ret=SUCCESS |  
2019-08-29 08:23:07,581 | INFO  | DNAudit | user=null | ip=null | op=CREATE_CONTAINER {containerID=1, containerType=KeyValueContainer} | ret=SUCCESS |  
2019-08-29 08:23:07,582 | INFO  | SCMAudit | user=jenkins1000 | ip=192.168.157.249 | op=SEND_HEARTBEAT {datanodeUUID=24081c8f-d316-435d-a792-3431bfeb71b1, command=[]} | ret=SUCCESS |  
2019-08-29 08:23:07,582 | INFO  | SCMAudit | user=jenkins1000 | ip=192.168.157.249 | op=SEND_HEARTBEAT {datanodeUUID=500162f5-df4c-43d4-be22-b16b483ed3b9, command=[]} | ret=SUCCESS |  
2019-08-29 08:23:07,644 | INFO  | DNAudit | user=null | ip=null | op=CREATE_CONTAINER {containerID=2, containerType=KeyValueContainer} | ret=SUCCESS |  
2019-08-29 08:23:07,651 | INFO  | SCMAudit | user=jenkins1000 | ip=192.168.157.249 | op=SEND_HEARTBEAT {datanodeUUID=2cd21838-1a98-4748-8882-d7146563928a, command=[]} | ret=SUCCESS |  
2019-08-29 08:23:07,652 [grpc-default-executor-0] INFO  client.GrpcClientProtocolClient (GrpcClientProtocolClient.java:onNext(255)) - client-56A4EE866ECF->2cd21838-1a98-4748-8882-d7146563928a: receive RaftClientReply:client-56A4EE866ECF->2cd21838-1a98-4748-8882-d7146563928a@group-273770D6E455, cid=43, SUCCESS, logIndex=3, commits[2cd21838-1a98-4748-8882-d7146563928a:c4, 24081c8f-d316-435d-a792-3431bfeb71b1:c3, 500162f5-df4c-43d4-be22-b16b483ed3b9:c3]
2019-08-29 08:23:07,666 | INFO  | DNAudit | user=null | ip=null | op=CREATE_CONTAINER {containerID=2, containerType=KeyValueContainer} | ret=SUCCESS |  
2019-08-29 08:23:07,666 | INFO  | DNAudit | user=null | ip=null | op=CREATE_CONTAINER {containerID=2, containerType=KeyValueContainer} | ret=SUCCESS |  
2019-08-29 08:23:07,670 | INFO  | SCMAudit | user=jenkins1000 | ip=192.168.157.249 | op=SEND_HEARTBEAT {datanodeUUID=24081c8f-d316-435d-a792-3431bfeb71b1, command=[]} | ret=SUCCESS |  
2019-08-29 08:23:07,670 | INFO  | SCMAudit | user=jenkins1000 | ip=192.168.157.249 | op=SEND_HEARTBEAT {datanodeUUID=500162f5-df4c-43d4-be22-b16b483ed3b9, command=[]} | ret=SUCCESS |  
2019-08-29 08:23:07,680 | INFO  | SCMAudit | user=jenkins1000 | ip=192.168.157.249 | op=SEND_HEARTBEAT {datanodeUUID=6d68ca61-c219-4724-b8bb-ddcd01f258b2, command=[]} | ret=SUCCESS |  
2019-08-29 08:23:07,749 | INFO  | DNAudit | user=null | ip=null | op=CREATE_CONTAINER {containerID=3, containerType=KeyValueContainer} | ret=SUCCESS |  
2019-08-29 08:23:07,750 | INFO  | SCMAudit | user=jenkins1000 | ip=192.168.157.249 | op=SEND_HEARTBEAT {datanodeUUID=2cd21838-1a98-4748-8882-d7146563928a, command=[]} | ret=SUCCESS |  
2019-08-29 08:23:07,752 | INFO  | SCMAudit | user=jenkins1000 | ip=192.168.157.249 | op=SEND_HEARTBEAT {datanodeUUID=f3091307-9c6d-4cf5-b619-8e6cca6f84c9, command=[]} | ret=SUCCESS |  
2019-08-29 08:23:07,753 [grpc-default-executor-0] INFO  client.GrpcClientProtocolClient (GrpcClientProtocolClient.java:onNext(255)) - client-56A4EE866ECF->2cd21838-1a98-4748-8882-d7146563928a: receive RaftClientReply:client-56A4EE866ECF->2cd21838-1a98-4748-8882-d7146563928a@group-273770D6E455, cid=44, SUCCESS, logIndex=5, commits[2cd21838-1a98-4748-8882-d7146563928a:c6, 24081c8f-d316-435d-a792-3431bfeb71b1:c5, 500162f5-df4c-43d4-be22-b16b483ed3b9:c5]
2019-08-29 08:23:07,771 | INFO  | DNAudit | user=null | ip=null | op=CREATE_CONTAINER {containerID=3, containerType=KeyValueContainer} | ret=SUCCESS |  
2019-08-29 08:23:07,771 | INFO  | DNAudit | user=null | ip=null | op=CREATE_CONTAINER {containerID=3, containerType=KeyValueContainer} | ret=SUCCESS |  
2019-08-29 08:23:07,771 | INFO  | SCMAudit | user=jenkins1000 | ip=192.168.157.249 | op=SEND_HEARTBEAT {datanodeUUID=24081c8f-d316-435d-a792-3431bfeb71b1, command=[]} | ret=SUCCESS |  
2019-08-29 08:23:07,771 | INFO  | SCMAudit | user=jenkins1000 | ip=192.168.157.249 | op=SEND_HEARTBEAT {datanodeUUID=500162f5-df4c-43d4-be22-b16b483ed3b9, command=[]} | ret=SUCCESS |  
2019-08-29 08:23:07,813 | INFO  | SCMAudit | user=jenkins1000 | ip=192.168.157.249 | op=SEND_HEARTBEAT {datanodeUUID=b3ac43d0-c6e0-46d8-bcc9-9ad695550644, command=[]} | ret=SUCCESS |  
2019-08-29 08:23:07,966 | INFO  | SCMAudit | user=jenkins1000 | ip=192.168.157.249 | op=SEND_HEARTBEAT {datanodeUUID=35f04ff1-b93c-4ae0-b494-c5f2981bb056, command=[]} | ret=SUCCESS |  
2019-08-29 08:23:08,679 | INFO  | SCMAudit | user=jenkins1000 | ip=192.168.157.249 | op=SEND_HEARTBEAT {datanodeUUID=6d68ca61-c219-4724-b8bb-ddcd01f258b2, command=[]} | ret=SUCCESS |  
2019-08-29 08:23:08,750 | INFO  | SCMAudit | user=jenkins1000 | ip=192.168.157.249 | op=SEND_HEARTBEAT {datanodeUUID=2cd21838-1a98-4748-8882-d7146563928a, command=[]} | ret=SUCCESS |  
2019-08-29 08:23:08,752 | INFO  | SCMAudit | user=jenkins1000 | ip=192.168.157.249 | op=SEND_HEARTBEAT {datanodeUUID=f3091307-9c6d-4cf5-b619-8e6cca6f84c9, command=[]} | ret=SUCCESS |  
2019-08-29 08:23:08,771 | INFO  | SCMAudit | user=jenkins1000 | ip=192.168.157.249 | op=SEND_HEARTBEAT {datanodeUUID=24081c8f-d316-435d-a792-3431bfeb71b1, command=[]} | ret=SUCCESS |  
2019-08-29 08:23:08,771 | INFO  | SCMAudit | user=jenkins1000 | ip=192.168.157.249 | op=SEND_HEARTBEAT {datanodeUUID=500162f5-df4c-43d4-be22-b16b483ed3b9, command=[]} | ret=SUCCESS |  
2019-08-29 08:23:08,813 | INFO  | SCMAudit | user=jenkins1000 | ip=192.168.157.249 | op=SEND_HEARTBEAT {datanodeUUID=b3ac43d0-c6e0-46d8-bcc9-9ad695550644, command=[]} | ret=SUCCESS |  
2019-08-29 08:23:08,966 | INFO  | SCMAudit | user=jenkins1000 | ip=192.168.157.249 | op=SEND_HEARTBEAT {datanodeUUID=35f04ff1-b93c-4ae0-b494-c5f2981bb056, command=[]} | ret=SUCCESS |  
2019-08-29 08:23:09,680 | INFO  | SCMAudit | user=jenkins1000 | ip=192.168.157.249 | op=SEND_HEARTBEAT {datanodeUUID=6d68ca61-c219-4724-b8bb-ddcd01f258b2, command=[]} | ret=SUCCESS |  
2019-08-29 08:23:09,749 | INFO  | SCMAudit | user=jenkins1000 | ip=192.168.157.249 | op=SEND_HEARTBEAT {datanodeUUID=2cd21838-1a98-4748-8882-d7146563928a, command=[]} | ret=SUCCESS |  
2019-08-29 08:23:09,751 | INFO  | SCMAudit | user=jenkins1000 | ip=192.168.157.249 | op=SEND_HEARTBEAT {datanodeUUID=f3091307-9c6d-4cf5-b619-8e6cca6f84c9, command=[]} | ret=SUCCESS |  
2019-08-29 08:23:09,772 | INFO  | SCMAudit | user=jenkins1000 | ip=192.168.157.249 | op=SEND_HEARTBEAT {datanodeUUID=500162f5-df4c-43d4-be22-b16b483ed3b9, command=[]} | ret=SUCCESS |  
2019-08-29 08:23:09,772 | INFO  | SCMAudit | user=jenkins1000 | ip=192.168.157.249 | op=SEND_HEARTBEAT {datanodeUUID=24081c8f-d316-435d-a792-3431bfeb71b1, command=[]} | ret=SUCCESS |  
2019-08-29 08:23:09,814 | INFO  | SCMAudit | user=jenkins1000 | ip=192.168.157.249 | op=SEND_HEARTBEAT {datanodeUUID=b3ac43d0-c6e0-46d8-bcc9-9ad695550644, command=[]} | ret=SUCCESS |  
2019-08-29 08:23:09,966 | INFO  | SCMAudit | user=jenkins1000 | ip=192.168.157.249 | op=SEND_HEARTBEAT {datanodeUUID=35f04ff1-b93c-4ae0-b494-c5f2981bb056, command=[]} | ret=SUCCESS |  
2019-08-29 08:23:10,680 | INFO  | SCMAudit | user=jenkins1000 | ip=192.168.157.249 | op=SEND_HEARTBEAT {datanodeUUID=6d68ca61-c219-4724-b8bb-ddcd01f258b2, command=[]} | ret=SUCCESS |  
2019-08-29 08:23:10,750 | INFO  | SCMAudit | user=jenkins1000 | ip=192.168.157.249 | op=SEND_HEARTBEAT {datanodeUUID=2cd21838-1a98-4748-8882-d7146563928a, command=[]} | ret=SUCCESS |  
2019-08-29 08:23:10,751 | INFO  | SCMAudit | user=jenkins1000 | ip=192.168.157.249 | op=SEND_HEARTBEAT {datanodeUUID=f3091307-9c6d-4cf5-b619-8e6cca6f84c9, command=[]} | ret=SUCCESS |  
2019-08-29 08:23:10,771 | INFO  | SCMAudit | user=jenkins1000 | ip=192.168.157.249 | op=SEND_HEARTBEAT {datanodeUUID=500162f5-df4c-43d4-be22-b16b483ed3b9, command=[]} | ret=SUCCESS |  
2019-08-29 08:23:10,771 | INFO  | SCMAudit | user=jenkins1000 | ip=192.168.157.249 | op=SEND_HEARTBEAT {datanodeUUID=24081c8f-d316-435d-a792-3431bfeb71b1, command=[]} | ret=SUCCESS |  
2019-08-29 08:23:10,813 | INFO  | SCMAudit | user=jenkins1000 | ip=192.168.157.249 | op=SEND_HEARTBEAT {datanodeUUID=b3ac43d0-c6e0-46d8-bcc9-9ad695550644, command=[]} | ret=SUCCESS |  
2019-08-29 08:23:10,966 | INFO  | SCMAudit | user=jenkins1000 | ip=192.168.157.249 | op=SEND_HEARTBEAT {datanodeUUID=35f04ff1-b93c-4ae0-b494-c5f2981bb056, command=[]} | ret=SUCCESS |  
2019-08-29 08:23:11,679 | INFO  | SCMAudit | user=jenkins1000 | ip=192.168.157.249 | op=SEND_HEARTBEAT {datanodeUUID=6d68ca61-c219-4724-b8bb-ddcd01f258b2, command=[]} | ret=SUCCESS |  
2019-08-29 08:23:11,750 | INFO  | SCMAudit | user=jenkins1000 | ip=192.168.157.249 | op=SEND_HEARTBEAT {datanodeUUID=2cd21838-1a98-4748-8882-d7146563928a, command=[]} | ret=SUCCESS |  
2019-08-29 08:23:11,751 | INFO  | SCMAudit | user=jenkins1000 | ip=192.168.157.249 | op=SEND_HEARTBEAT {datanodeUUID=f3091307-9c6d-4cf5-b619-8e6cca6f84c9, command=[]} | ret=SUCCESS |  
2019-08-29 08:23:11,778 | INFO  | SCMAudit | user=jenkins1000 | ip=192.168.157.249 | op=SEND_HEARTBEAT {datanodeUUID=24081c8f-d316-435d-a792-3431bfeb71b1, command=[]} | ret=SUCCESS |  
2019-08-29 08:23:11,778 | INFO  | SCMAudit | user=jenkins1000 | ip=192.168.157.249 | op=SEND_HEARTBEAT {datanodeUUID=500162f5-df4c-43d4-be22-b16b483ed3b9, command=[]} | ret=SUCCESS |  
2019-08-29 08:23:11,814 | INFO  | SCMAudit | user=jenkins1000 | ip=192.168.157.249 | op=SEND_HEARTBEAT {datanodeUUID=b3ac43d0-c6e0-46d8-bcc9-9ad695550644, command=[]} | ret=SUCCESS |  
2019-08-29 08:23:11,967 | INFO  | SCMAudit | user=jenkins1000 | ip=192.168.157.249 | op=SEND_HEARTBEAT {datanodeUUID=35f04ff1-b93c-4ae0-b494-c5f2981bb056, command=[]} | ret=SUCCESS |  
2019-08-29 08:23:12,679 | INFO  | SCMAudit | user=jenkins1000 | ip=192.168.157.249 | op=SEND_HEARTBEAT {datanodeUUID=6d68ca61-c219-4724-b8bb-ddcd01f258b2, command=[]} | ret=SUCCESS |  
2019-08-29 08:23:12,750 | INFO  | SCMAudit | user=jenkins1000 | ip=192.168.157.249 | op=SEND_HEARTBEAT {datanodeUUID=2cd21838-1a98-4748-8882-d7146563928a, command=[]} | ret=SUCCESS |  
2019-08-29 08:23:12,752 | INFO  | SCMAudit | user=jenkins1000 | ip=192.168.157.249 | op=SEND_HEARTBEAT {datanodeUUID=f3091307-9c6d-4cf5-b619-8e6cca6f84c9, command=[]} | ret=SUCCESS |  
2019-08-29 08:23:12,778 | INFO  | SCMAudit | user=jenkins1000 | ip=192.168.157.249 | op=SEND_HEARTBEAT {datanodeUUID=500162f5-df4c-43d4-be22-b16b483ed3b9, command=[]} | ret=SUCCESS |  
2019-08-29 08:23:12,778 | INFO  | SCMAudit | user=jenkins1000 | ip=192.168.157.249 | op=SEND_HEARTBEAT {datanodeUUID=24081c8f-d316-435d-a792-3431bfeb71b1, command=[]} | ret=SUCCESS |  
2019-08-29 08:23:12,802 [grpc-default-executor-2] INFO  client.GrpcClientProtocolClient (GrpcClientProtocolClient.java:onNext(255)) - client-56A4EE866ECF->24081c8f-d316-435d-a792-3431bfeb71b1: receive RaftClientReply:client-56A4EE866ECF->24081c8f-d316-435d-a792-3431bfeb71b1@group-273770D6E455, cid=45, FAILED org.apache.ratis.protocol.NotLeaderException: Server 24081c8f-d316-435d-a792-3431bfeb71b1 is not the leader (2cd21838-1a98-4748-8882-d7146563928a:192.168.157.249:40808). Request must be sent to leader., logIndex=0, commits[24081c8f-d316-435d-a792-3431bfeb71b1:c8, 2cd21838-1a98-4748-8882-d7146563928a:c8, 500162f5-df4c-43d4-be22-b16b483ed3b9:c8]
2019-08-29 08:23:12,815 | INFO  | SCMAudit | user=jenkins1000 | ip=192.168.157.249 | op=SEND_HEARTBEAT {datanodeUUID=b3ac43d0-c6e0-46d8-bcc9-9ad695550644, command=[]} | ret=SUCCESS |  
2019-08-29 08:23:12,967 | INFO  | SCMAudit | user=jenkins1000 | ip=192.168.157.249 | op=SEND_HEARTBEAT {datanodeUUID=35f04ff1-b93c-4ae0-b494-c5f2981bb056, command=[]} | ret=SUCCESS |  
2019-08-29 08:23:13,680 | INFO  | SCMAudit | user=jenkins1000 | ip=192.168.157.249 | op=SEND_HEARTBEAT {datanodeUUID=6d68ca61-c219-4724-b8bb-ddcd01f258b2, command=[]} | ret=SUCCESS |  
2019-08-29 08:23:13,750 | INFO  | SCMAudit | user=jenkins1000 | ip=192.168.157.249 | op=SEND_HEARTBEAT {datanodeUUID=2cd21838-1a98-4748-8882-d7146563928a, command=[]} | ret=SUCCESS |  
2019-08-29 08:23:13,751 | INFO  | SCMAudit | user=jenkins1000 | ip=192.168.157.249 | op=SEND_HEARTBEAT {datanodeUUID=f3091307-9c6d-4cf5-b619-8e6cca6f84c9, command=[]} | ret=SUCCESS |  
2019-08-29 08:23:13,778 | INFO  | SCMAudit | user=jenkins1000 | ip=192.168.157.249 | op=SEND_HEARTBEAT {datanodeUUID=24081c8f-d316-435d-a792-3431bfeb71b1, command=[]} | ret=SUCCESS |  
2019-08-29 08:23:13,779 | INFO  | SCMAudit | user=jenkins1000 | ip=192.168.157.249 | op=SEND_HEARTBEAT {datanodeUUID=500162f5-df4c-43d4-be22-b16b483ed3b9, command=[]} | ret=SUCCESS |  
2019-08-29 08:23:13,814 | INFO  | SCMAudit | user=jenkins1000 | ip=192.168.157.249 | op=SEND_HEARTBEAT {datanodeUUID=b3ac43d0-c6e0-46d8-bcc9-9ad695550644, command=[]} | ret=SUCCESS |  
2019-08-29 08:23:13,967 | INFO  | SCMAudit | user=jenkins1000 | ip=192.168.157.249 | op=SEND_HEARTBEAT {datanodeUUID=35f04ff1-b93c-4ae0-b494-c5f2981bb056, command=[]} | ret=SUCCESS |  
2019-08-29 08:23:14,680 | INFO  | SCMAudit | user=jenkins1000 | ip=192.168.157.249 | op=SEND_HEARTBEAT {datanodeUUID=6d68ca61-c219-4724-b8bb-ddcd01f258b2, command=[]} | ret=SUCCESS |  
2019-08-29 08:23:14,749 | INFO  | SCMAudit | user=jenkins1000 | ip=192.168.157.249 | op=SEND_HEARTBEAT {datanodeUUID=2cd21838-1a98-4748-8882-d7146563928a, command=[]} | ret=SUCCESS |  
2019-08-29 08:23:14,752 | INFO  | SCMAudit | user=jenkins1000 | ip=192.168.157.249 | op=SEND_HEARTBEAT {datanodeUUID=f3091307-9c6d-4cf5-b619-8e6cca6f84c9, command=[]} | ret=SUCCESS |  
2019-08-29 08:23:14,778 | INFO  | SCMAudit | user=jenkins1000 | ip=192.168.157.249 | op=SEND_HEARTBEAT {datanodeUUID=24081c8f-d316-435d-a792-3431bfeb71b1, command=[]} | ret=SUCCESS |  
2019-08-29 08:23:14,779 | INFO  | SCMAudit | user=jenkins1000 | ip=192.168.157.249 | op=SEND_HEARTBEAT {datanodeUUID=500162f5-df4c-43d4-be22-b16b483ed3b9, command=[]} | ret=SUCCESS |  
2019-08-29 08:23:14,814 | INFO  | SCMAudit | user=jenkins1000 | ip=192.168.157.249 | op=SEND_HEARTBEAT {datanodeUUID=b3ac43d0-c6e0-46d8-bcc9-9ad695550644, command=[]} | ret=SUCCESS |  
2019-08-29 08:23:14,967 | INFO  | SCMAudit | user=jenkins1000 | ip=192.168.157.249 | op=SEND_HEARTBEAT {datanodeUUID=35f04ff1-b93c-4ae0-b494-c5f2981bb056, command=[]} | ret=SUCCESS |  
2019-08-29 08:23:15,681 | INFO  | SCMAudit | user=jenkins1000 | ip=192.168.157.249 | op=SEND_HEARTBEAT {datanodeUUID=6d68ca61-c219-4724-b8bb-ddcd01f258b2, command=[]} | ret=SUCCESS |  
2019-08-29 08:23:15,749 | INFO  | SCMAudit | user=jenkins1000 | ip=192.168.157.249 | op=SEND_HEARTBEAT {datanodeUUID=2cd21838-1a98-4748-8882-d7146563928a, command=[]} | ret=SUCCESS |  
2019-08-29 08:23:15,751 | INFO  | SCMAudit | user=jenkins1000 | ip=192.168.157.249 | op=SEND_HEARTBEAT {datanodeUUID=f3091307-9c6d-4cf5-b619-8e6cca6f84c9, command=[]} | ret=SUCCESS |  
2019-08-29 08:23:15,779 | INFO  | SCMAudit | user=jenkins1000 | ip=192.168.157.249 | op=SEND_HEARTBEAT {datanodeUUID=24081c8f-d316-435d-a792-3431bfeb71b1, command=[]} | ret=SUCCESS |  
2019-08-29 08:23:15,779 | INFO  | SCMAudit | user=jenkins1000 | ip=192.168.157.249 | op=SEND_HEARTBEAT {datanodeUUID=500162f5-df4c-43d4-be22-b16b483ed3b9, command=[]} | ret=SUCCESS |  
2019-08-29 08:23:15,815 | INFO  | SCMAudit | user=jenkins1000 | ip=192.168.157.249 | op=SEND_HEARTBEAT {datanodeUUID=b3ac43d0-c6e0-46d8-bcc9-9ad695550644, command=[]} | ret=SUCCESS |  
2019-08-29 08:23:15,967 | INFO  | SCMAudit | user=jenkins1000 | ip=192.168.157.249 | op=SEND_HEARTBEAT {datanodeUUID=35f04ff1-b93c-4ae0-b494-c5f2981bb056, command=[]} | ret=SUCCESS |  
2019-08-29 08:23:16,682 | INFO  | SCMAudit | user=jenkins1000 | ip=192.168.157.249 | op=SEND_HEARTBEAT {datanodeUUID=6d68ca61-c219-4724-b8bb-ddcd01f258b2, command=[]} | ret=SUCCESS |  
2019-08-29 08:23:16,749 | INFO  | SCMAudit | user=jenkins1000 | ip=192.168.157.249 | op=SEND_HEARTBEAT {datanodeUUID=2cd21838-1a98-4748-8882-d7146563928a, command=[]} | ret=SUCCESS |  
2019-08-29 08:23:16,751 | INFO  | SCMAudit | user=jenkins1000 | ip=192.168.157.249 | op=SEND_HEARTBEAT {datanodeUUID=f3091307-9c6d-4cf5-b619-8e6cca6f84c9, command=[]} | ret=SUCCESS |  
2019-08-29 08:23:16,779 | INFO  | SCMAudit | user=jenkins1000 | ip=192.168.157.249 | op=SEND_HEARTBEAT {datanodeUUID=24081c8f-d316-435d-a792-3431bfeb71b1, command=[]} | ret=SUCCESS |  
2019-08-29 08:23:16,780 | INFO  | SCMAudit | user=jenkins1000 | ip=192.168.157.249 | op=SEND_HEARTBEAT {datanodeUUID=500162f5-df4c-43d4-be22-b16b483ed3b9, command=[]} | ret=SUCCESS |  
2019-08-29 08:23:16,818 | INFO  | SCMAudit | user=jenkins1000 | ip=192.168.157.249 | op=SEND_HEARTBEAT {datanodeUUID=b3ac43d0-c6e0-46d8-bcc9-9ad695550644, command=[]} | ret=SUCCESS |  
2019-08-29 08:23:16,967 | INFO  | SCMAudit | user=jenkins1000 | ip=192.168.157.249 | op=SEND_HEARTBEAT {datanodeUUID=35f04ff1-b93c-4ae0-b494-c5f2981bb056, command=[]} | ret=SUCCESS |  
2019-08-29 08:23:17,682 | INFO  | SCMAudit | user=jenkins1000 | ip=192.168.157.249 | op=SEND_HEARTBEAT {datanodeUUID=6d68ca61-c219-4724-b8bb-ddcd01f258b2, command=[]} | ret=SUCCESS |  
2019-08-29 08:23:17,750 | INFO  | SCMAudit | user=jenkins1000 | ip=192.168.157.249 | op=SEND_HEARTBEAT {datanodeUUID=2cd21838-1a98-4748-8882-d7146563928a, command=[]} | ret=SUCCESS |  
2019-08-29 08:23:17,751 | INFO  | SCMAudit | user=jenkins1000 | ip=192.168.157.249 | op=SEND_HEARTBEAT {datanodeUUID=f3091307-9c6d-4cf5-b619-8e6cca6f84c9, command=[]} | ret=SUCCESS |  
2019-08-29 08:23:17,780 | INFO  | SCMAudit | user=jenkins1000 | ip=192.168.157.249 | op=SEND_HEARTBEAT {datanodeUUID=500162f5-df4c-43d4-be22-b16b483ed3b9, command=[]} | ret=SUCCESS |  
2019-08-29 08:23:17,780 | INFO  | SCMAudit | user=jenkins1000 | ip=192.168.157.249 | op=SEND_HEARTBEAT {datanodeUUID=24081c8f-d316-435d-a792-3431bfeb71b1, command=[]} | ret=SUCCESS |  
2019-08-29 08:23:17,815 | INFO  | SCMAudit | user=jenkins1000 | ip=192.168.157.249 | op=SEND_HEARTBEAT {datanodeUUID=b3ac43d0-c6e0-46d8-bcc9-9ad695550644, command=[]} | ret=SUCCESS |  
2019-08-29 08:23:17,849 [grpc-default-executor-2] INFO  client.GrpcClientProtocolClient (GrpcClientProtocolClient.java:onNext(255)) - client-56A4EE866ECF->24081c8f-d316-435d-a792-3431bfeb71b1: receive RaftClientReply:client-56A4EE866ECF->24081c8f-d316-435d-a792-3431bfeb71b1@group-273770D6E455, cid=45, FAILED org.apache.ratis.protocol.NotLeaderException: Server 24081c8f-d316-435d-a792-3431bfeb71b1 is not the leader (2cd21838-1a98-4748-8882-d7146563928a:192.168.157.249:40808). Request must be sent to leader., logIndex=0, commits[24081c8f-d316-435d-a792-3431bfeb71b1:c8, 2cd21838-1a98-4748-8882-d7146563928a:c8, 500162f5-df4c-43d4-be22-b16b483ed3b9:c8]
2019-08-29 08:23:17,967 | INFO  | SCMAudit | user=jenkins1000 | ip=192.168.157.249 | op=SEND_HEARTBEAT {datanodeUUID=35f04ff1-b93c-4ae0-b494-c5f2981bb056, command=[]} | ret=SUCCESS |  
2019-08-29 08:23:18,681 | INFO  | SCMAudit | user=jenkins1000 | ip=192.168.157.249 | op=SEND_HEARTBEAT {datanodeUUID=6d68ca61-c219-4724-b8bb-ddcd01f258b2, command=[]} | ret=SUCCESS |  
2019-08-29 08:23:18,750 | INFO  | SCMAudit | user=jenkins1000 | ip=192.168.157.249 | op=SEND_HEARTBEAT {datanodeUUID=2cd21838-1a98-4748-8882-d7146563928a, command=[]} | ret=SUCCESS |  
2019-08-29 08:23:18,752 | INFO  | SCMAudit | user=jenkins1000 | ip=192.168.157.249 | op=SEND_HEARTBEAT {datanodeUUID=f3091307-9c6d-4cf5-b619-8e6cca6f84c9, command=[]} | ret=SUCCESS |  
2019-08-29 08:23:18,779 | INFO  | SCMAudit | user=jenkins1000 | ip=192.168.157.249 | op=SEND_HEARTBEAT {datanodeUUID=500162f5-df4c-43d4-be22-b16b483ed3b9, command=[]} | ret=SUCCESS |  
2019-08-29 08:23:18,779 | INFO  | SCMAudit | user=jenkins1000 | ip=192.168.157.249 | op=SEND_HEARTBEAT {datanodeUUID=24081c8f-d316-435d-a792-3431bfeb71b1, command=[]} | ret=SUCCESS |  
2019-08-29 08:23:18,816 | INFO  | SCMAudit | user=jenkins1000 | ip=192.168.157.249 | op=SEND_HEARTBEAT {datanodeUUID=b3ac43d0-c6e0-46d8-bcc9-9ad695550644, command=[]} | ret=SUCCESS |  
2019-08-29 08:23:18,967 | INFO  | SCMAudit | user=jenkins1000 | ip=192.168.157.249 | op=SEND_HEARTBEAT {datanodeUUID=35f04ff1-b93c-4ae0-b494-c5f2981bb056, command=[]} | ret=SUCCESS |  
2019-08-29 08:23:19,681 | INFO  | SCMAudit | user=jenkins1000 | ip=192.168.157.249 | op=SEND_HEARTBEAT {datanodeUUID=6d68ca61-c219-4724-b8bb-ddcd01f258b2, command=[]} | ret=SUCCESS |  
2019-08-29 08:23:19,749 | INFO  | SCMAudit | user=jenkins1000 | ip=192.168.157.249 | op=SEND_HEARTBEAT {datanodeUUID=2cd21838-1a98-4748-8882-d7146563928a, command=[]} | ret=SUCCESS |  
2019-08-29 08:23:19,752 | INFO  | SCMAudit | user=jenkins1000 | ip=192.168.157.249 | op=SEND_HEARTBEAT {datanodeUUID=f3091307-9c6d-4cf5-b619-8e6cca6f84c9, command=[]} | ret=SUCCESS |  
2019-08-29 08:23:19,780 | INFO  | SCMAudit | user=jenkins1000 | ip=192.168.157.249 | op=SEND_HEARTBEAT {datanodeUUID=24081c8f-d316-435d-a792-3431bfeb71b1, command=[]} | ret=SUCCESS |  
2019-08-29 08:23:19,780 | INFO  | SCMAudit | user=jenkins1000 | ip=192.168.157.249 | op=SEND_HEARTBEAT {datanodeUUID=500162f5-df4c-43d4-be22-b16b483ed3b9, command=[]} | ret=SUCCESS |  
2019-08-29 08:23:19,815 | INFO  | SCMAudit | user=jenkins1000 | ip=192.168.157.249 | op=SEND_HEARTBEAT {datanodeUUID=b3ac43d0-c6e0-46d8-bcc9-9ad695550644, command=[]} | ret=SUCCESS |  
2019-08-29 08:23:19,967 | INFO  | SCMAudit | user=jenkins1000 | ip=192.168.157.249 | op=SEND_HEARTBEAT {datanodeUUID=35f04ff1-b93c-4ae0-b494-c5f2981bb056, command=[]} | ret=SUCCESS |  
2019-08-29 08:23:20,682 | INFO  | SCMAudit | user=jenkins1000 | ip=192.168.157.249 | op=SEND_HEARTBEAT {datanodeUUID=6d68ca61-c219-4724-b8bb-ddcd01f258b2, command=[]} | ret=SUCCESS |  
2019-08-29 08:23:20,749 | INFO  | SCMAudit | user=jenkins1000 | ip=192.168.157.249 | op=SEND_HEARTBEAT {datanodeUUID=2cd21838-1a98-4748-8882-d7146563928a, command=[]} | ret=SUCCESS |  
2019-08-29 08:23:20,752 | INFO  | SCMAudit | user=jenkins1000 | ip=192.168.157.249 | op=SEND_HEARTBEAT {datanodeUUID=f3091307-9c6d-4cf5-b619-8e6cca6f84c9, command=[]} | ret=SUCCESS |  
2019-08-29 08:23:20,780 | INFO  | SCMAudit | user=jenkins1000 | ip=192.168.157.249 | op=SEND_HEARTBEAT {datanodeUUID=500162f5-df4c-43d4-be22-b16b483ed3b9, command=[]} | ret=SUCCESS |  
2019-08-29 08:23:20,780 | INFO  | SCMAudit | user=jenkins1000 | ip=192.168.157.249 | op=SEND_HEARTBEAT {datanodeUUID=24081c8f-d316-435d-a792-3431bfeb71b1, command=[]} | ret=SUCCESS |  
2019-08-29 08:23:20,815 | INFO  | SCMAudit | user=jenkins1000 | ip=192.168.157.249 | op=SEND_HEARTBEAT {datanodeUUID=b3ac43d0-c6e0-46d8-bcc9-9ad695550644, command=[]} | ret=SUCCESS |  
2019-08-29 08:23:20,967 | INFO  | SCMAudit | user=jenkins1000 | ip=192.168.157.249 | op=SEND_HEARTBEAT {datanodeUUID=35f04ff1-b93c-4ae0-b494-c5f2981bb056, command=[]} | ret=SUCCESS |  
2019-08-29 08:23:21,681 | INFO  | SCMAudit | user=jenkins1000 | ip=192.168.157.249 | op=SEND_HEARTBEAT {datanodeUUID=6d68ca61-c219-4724-b8bb-ddcd01f258b2, command=[]} | ret=SUCCESS |  
2019-08-29 08:23:21,749 | INFO  | SCMAudit | user=jenkins1000 | ip=192.168.157.249 | op=SEND_HEARTBEAT {datanodeUUID=2cd21838-1a98-4748-8882-d7146563928a, command=[]} | ret=SUCCESS |  
2019-08-29 08:23:21,752 | INFO  | SCMAudit | user=jenkins1000 | ip=192.168.157.249 | op=SEND_HEARTBEAT {datanodeUUID=f3091307-9c6d-4cf5-b619-8e6cca6f84c9, command=[]} | ret=SUCCESS |  
2019-08-29 08:23:21,779 | INFO  | SCMAudit | user=jenkins1000 | ip=192.168.157.249 | op=SEND_HEARTBEAT {datanodeUUID=500162f5-df4c-43d4-be22-b16b483ed3b9, command=[]} | ret=SUCCESS |  
2019-08-29 08:23:21,781 | INFO  | SCMAudit | user=jenkins1000 | ip=192.168.157.249 | op=SEND_HEARTBEAT {datanodeUUID=24081c8f-d316-435d-a792-3431bfeb71b1, command=[]} | ret=SUCCESS |  
2019-08-29 08:23:21,816 | INFO  | SCMAudit | user=jenkins1000 | ip=192.168.157.249 | op=SEND_HEARTBEAT {datanodeUUID=b3ac43d0-c6e0-46d8-bcc9-9ad695550644, command=[]} | ret=SUCCESS |  
2019-08-29 08:23:21,967 | INFO  | SCMAudit | user=jenkins1000 | ip=192.168.157.249 | op=SEND_HEARTBEAT {datanodeUUID=35f04ff1-b93c-4ae0-b494-c5f2981bb056, command=[]} | ret=SUCCESS |  
2019-08-29 08:23:22,681 | INFO  | SCMAudit | user=jenkins1000 | ip=192.168.157.249 | op=SEND_HEARTBEAT {datanodeUUID=6d68ca61-c219-4724-b8bb-ddcd01f258b2, command=[]} | ret=SUCCESS |  
2019-08-29 08:23:22,750 | INFO  | SCMAudit | user=jenkins1000 | ip=192.168.157.249 | op=SEND_HEARTBEAT {datanodeUUID=2cd21838-1a98-4748-8882-d7146563928a, command=[]} | ret=SUCCESS |  
2019-08-29 08:23:22,752 | INFO  | SCMAudit | user=jenkins1000 | ip=192.168.157.249 | op=SEND_HEARTBEAT {datanodeUUID=f3091307-9c6d-4cf5-b619-8e6cca6f84c9, command=[]} | ret=SUCCESS |  
2019-08-29 08:23:22,780 | INFO  | SCMAudit | user=jenkins1000 | ip=192.168.157.249 | op=SEND_HEARTBEAT {datanodeUUID=500162f5-df4c-43d4-be22-b16b483ed3b9, command=[]} | ret=SUCCESS |  
2019-08-29 08:23:22,781 | INFO  | SCMAudit | user=jenkins1000 | ip=192.168.157.249 | op=SEND_HEARTBEAT {datanodeUUID=24081c8f-d316-435d-a792-3431bfeb71b1, command=[]} | ret=SUCCESS |  
2019-08-29 08:23:22,815 | INFO  | SCMAudit | user=jenkins1000 | ip=192.168.157.249 | op=SEND_HEARTBEAT {datanodeUUID=b3ac43d0-c6e0-46d8-bcc9-9ad695550644, command=[]} | ret=SUCCESS |  
2019-08-29 08:23:22,926 [grpc-default-executor-0] INFO  client.GrpcClientProtocolClient (GrpcClientProtocolClient.java:onNext(255)) - client-56A4EE866ECF->24081c8f-d316-435d-a792-3431bfeb71b1: receive RaftClientReply:client-56A4EE866ECF->24081c8f-d316-435d-a792-3431bfeb71b1@group-273770D6E455, cid=45, FAILED org.apache.ratis.protocol.NotLeaderException: Server 24081c8f-d316-435d-a792-3431bfeb71b1 is not the leader (2cd21838-1a98-4748-8882-d7146563928a:192.168.157.249:40808). Request must be sent to leader., logIndex=0, commits[24081c8f-d316-435d-a792-3431bfeb71b1:c8, 2cd21838-1a98-4748-8882-d7146563928a:c8, 500162f5-df4c-43d4-be22-b16b483ed3b9:c8]
2019-08-29 08:23:22,967 | INFO  | SCMAudit | user=jenkins1000 | ip=192.168.157.249 | op=SEND_HEARTBEAT {datanodeUUID=35f04ff1-b93c-4ae0-b494-c5f2981bb056, command=[]} | ret=SUCCESS |  
2019-08-29 08:23:23,681 | INFO  | SCMAudit | user=jenkins1000 | ip=192.168.157.249 | op=SEND_HEARTBEAT {datanodeUUID=6d68ca61-c219-4724-b8bb-ddcd01f258b2, command=[]} | ret=SUCCESS |  
2019-08-29 08:23:23,751 | INFO  | SCMAudit | user=jenkins1000 | ip=192.168.157.249 | op=SEND_HEARTBEAT {datanodeUUID=2cd21838-1a98-4748-8882-d7146563928a, command=[]} | ret=SUCCESS |  
2019-08-29 08:23:23,753 | INFO  | SCMAudit | user=jenkins1000 | ip=192.168.157.249 | op=SEND_HEARTBEAT {datanodeUUID=f3091307-9c6d-4cf5-b619-8e6cca6f84c9, command=[]} | ret=SUCCESS |  
2019-08-29 08:23:23,780 | INFO  | SCMAudit | user=jenkins1000 | ip=192.168.157.249 | op=SEND_HEARTBEAT {datanodeUUID=500162f5-df4c-43d4-be22-b16b483ed3b9, command=[]} | ret=SUCCESS |  
2019-08-29 08:23:23,781 | INFO  | SCMAudit | user=jenkins1000 | ip=192.168.157.249 | op=SEND_HEARTBEAT {datanodeUUID=24081c8f-d316-435d-a792-3431bfeb71b1, command=[]} | ret=SUCCESS |  
2019-08-29 08:23:23,815 | INFO  | SCMAudit | user=jenkins1000 | ip=192.168.157.249 | op=SEND_HEARTBEAT {datanodeUUID=b3ac43d0-c6e0-46d8-bcc9-9ad695550644, command=[]} | ret=SUCCESS |  
2019-08-29 08:23:23,968 | INFO  | SCMAudit | user=jenkins1000 | ip=192.168.157.249 | op=SEND_HEARTBEAT {datanodeUUID=35f04ff1-b93c-4ae0-b494-c5f2981bb056, command=[]} | ret=SUCCESS |  
2019-08-29 08:23:24,682 | INFO  | SCMAudit | user=jenkins1000 | ip=192.168.157.249 | op=SEND_HEARTBEAT {datanodeUUID=6d68ca61-c219-4724-b8bb-ddcd01f258b2, command=[]} | ret=SUCCESS |  
2019-08-29 08:23:24,752 | INFO  | SCMAudit | user=jenkins1000 | ip=192.168.157.249 | op=SEND_HEARTBEAT {datanodeUUID=f3091307-9c6d-4cf5-b619-8e6cca6f84c9, command=[]} | ret=SUCCESS |  
2019-08-29 08:23:24,752 | INFO  | SCMAudit | user=jenkins1000 | ip=192.168.157.249 | op=SEND_HEARTBEAT {datanodeUUID=2cd21838-1a98-4748-8882-d7146563928a, command=[]} | ret=SUCCESS |  
2019-08-29 08:23:24,781 | INFO  | SCMAudit | user=jenkins1000 | ip=192.168.157.249 | op=SEND_HEARTBEAT {datanodeUUID=500162f5-df4c-43d4-be22-b16b483ed3b9, command=[]} | ret=SUCCESS |  
2019-08-29 08:23:24,781 | INFO  | SCMAudit | user=jenkins1000 | ip=192.168.157.249 | op=SEND_HEARTBEAT {datanodeUUID=24081c8f-d316-435d-a792-3431bfeb71b1, command=[]} | ret=SUCCESS |  
2019-08-29 08:23:24,817 | INFO  | SCMAudit | user=jenkins1000 | ip=192.168.157.249 | op=SEND_HEARTBEAT {datanodeUUID=b3ac43d0-c6e0-46d8-bcc9-9ad695550644, command=[]} | ret=SUCCESS |  
2019-08-29 08:23:24,968 | INFO  | SCMAudit | user=jenkins1000 | ip=192.168.157.249 | op=SEND_HEARTBEAT {datanodeUUID=35f04ff1-b93c-4ae0-b494-c5f2981bb056, command=[]} | ret=SUCCESS |  
2019-08-29 08:23:25,682 | INFO  | SCMAudit | user=jenkins1000 | ip=192.168.157.249 | op=SEND_HEARTBEAT {datanodeUUID=6d68ca61-c219-4724-b8bb-ddcd01f258b2, command=[]} | ret=SUCCESS |  
2019-08-29 08:23:25,752 | INFO  | SCMAudit | user=jenkins1000 | ip=192.168.157.249 | op=SEND_HEARTBEAT {datanodeUUID=2cd21838-1a98-4748-8882-d7146563928a, command=[]} | ret=SUCCESS |  
2019-08-29 08:23:25,753 | INFO  | SCMAudit | user=jenkins1000 | ip=192.168.157.249 | op=SEND_HEARTBEAT {datanodeUUID=f3091307-9c6d-4cf5-b619-8e6cca6f84c9, command=[]} | ret=SUCCESS |  
2019-08-29 08:23:25,781 | INFO  | SCMAudit | user=jenkins1000 | ip=192.168.157.249 | op=SEND_HEARTBEAT {datanodeUUID=500162f5-df4c-43d4-be22-b16b483ed3b9, command=[]} | ret=SUCCESS |  
2019-08-29 08:23:25,781 | INFO  | SCMAudit | user=jenkins1000 | ip=192.168.157.249 | op=SEND_HEARTBEAT {datanodeUUID=24081c8f-d316-435d-a792-3431bfeb71b1, command=[]} | ret=SUCCESS |  
2019-08-29 08:23:25,816 | INFO  | SCMAudit | user=jenkins1000 | ip=192.168.157.249 | op=SEND_HEARTBEAT {datanodeUUID=b3ac43d0-c6e0-46d8-bcc9-9ad695550644, command=[]} | ret=SUCCESS |  
2019-08-29 08:23:25,967 | INFO  | SCMAudit | user=jenkins1000 | ip=192.168.157.249 | op=SEND_HEARTBEAT {datanodeUUID=35f04ff1-b93c-4ae0-b494-c5f2981bb056, command=[]} | ret=SUCCESS |  
2019-08-29 08:23:26,682 | INFO  | SCMAudit | user=jenkins1000 | ip=192.168.157.249 | op=SEND_HEARTBEAT {datanodeUUID=6d68ca61-c219-4724-b8bb-ddcd01f258b2, command=[]} | ret=SUCCESS |  
2019-08-29 08:23:26,752 | INFO  | SCMAudit | user=jenkins1000 | ip=192.168.157.249 | op=SEND_HEARTBEAT {datanodeUUID=2cd21838-1a98-4748-8882-d7146563928a, command=[]} | ret=SUCCESS |  
2019-08-29 08:23:26,752 | INFO  | SCMAudit | user=jenkins1000 | ip=192.168.157.249 | op=SEND_HEARTBEAT {datanodeUUID=f3091307-9c6d-4cf5-b619-8e6cca6f84c9, command=[]} | ret=SUCCESS |  
2019-08-29 08:23:26,781 | INFO  | SCMAudit | user=jenkins1000 | ip=192.168.157.249 | op=SEND_HEARTBEAT {datanodeUUID=500162f5-df4c-43d4-be22-b16b483ed3b9, command=[]} | ret=SUCCESS |  
2019-08-29 08:23:26,782 | INFO  | SCMAudit | user=jenkins1000 | ip=192.168.157.249 | op=SEND_HEARTBEAT {datanodeUUID=24081c8f-d316-435d-a792-3431bfeb71b1, command=[]} | ret=SUCCESS |  
2019-08-29 08:23:26,816 | INFO  | SCMAudit | user=jenkins1000 | ip=192.168.157.249 | op=SEND_HEARTBEAT {datanodeUUID=b3ac43d0-c6e0-46d8-bcc9-9ad695550644, command=[]} | ret=SUCCESS |  
2019-08-29 08:23:26,967 | INFO  | SCMAudit | user=jenkins1000 | ip=192.168.157.249 | op=SEND_HEARTBEAT {datanodeUUID=35f04ff1-b93c-4ae0-b494-c5f2981bb056, command=[]} | ret=SUCCESS |  
2019-08-29 08:23:27,682 | INFO  | SCMAudit | user=jenkins1000 | ip=192.168.157.249 | op=SEND_HEARTBEAT {datanodeUUID=6d68ca61-c219-4724-b8bb-ddcd01f258b2, command=[]} | ret=SUCCESS |  
2019-08-29 08:23:27,751 | INFO  | SCMAudit | user=jenkins1000 | ip=192.168.157.249 | op=SEND_HEARTBEAT {datanodeUUID=2cd21838-1a98-4748-8882-d7146563928a, command=[]} | ret=SUCCESS |  
2019-08-29 08:23:27,752 | INFO  | SCMAudit | user=jenkins1000 | ip=192.168.157.249 | op=SEND_HEARTBEAT {datanodeUUID=f3091307-9c6d-4cf5-b619-8e6cca6f84c9, command=[]} | ret=SUCCESS |  
2019-08-29 08:23:27,782 | INFO  | SCMAudit | user=jenkins1000 | ip=192.168.157.249 | op=SEND_HEARTBEAT {datanodeUUID=24081c8f-d316-435d-a792-3431bfeb71b1, command=[]} | ret=SUCCESS |  
2019-08-29 08:23:27,782 | INFO  | SCMAudit | user=jenkins1000 | ip=192.168.157.249 | op=SEND_HEARTBEAT {datanodeUUID=500162f5-df4c-43d4-be22-b16b483ed3b9, command=[]} | ret=SUCCESS |  
2019-08-29 08:23:27,816 | INFO  | SCMAudit | user=jenkins1000 | ip=192.168.157.249 | op=SEND_HEARTBEAT {datanodeUUID=b3ac43d0-c6e0-46d8-bcc9-9ad695550644, command=[]} | ret=SUCCESS |  
2019-08-29 08:23:27,973 | INFO  | SCMAudit | user=jenkins1000 | ip=192.168.157.249 | op=SEND_HEARTBEAT {datanodeUUID=35f04ff1-b93c-4ae0-b494-c5f2981bb056, command=[]} | ret=SUCCESS |  
2019-08-29 08:23:27,973 [grpc-default-executor-0] INFO  client.GrpcClientProtocolClient (GrpcClientProtocolClient.java:onNext(255)) - client-56A4EE866ECF->24081c8f-d316-435d-a792-3431bfeb71b1: receive RaftClientReply:client-56A4EE866ECF->24081c8f-d316-435d-a792-3431bfeb71b1@group-273770D6E455, cid=45, FAILED org.apache.ratis.protocol.NotLeaderException: Server 24081c8f-d316-435d-a792-3431bfeb71b1 is not the leader (2cd21838-1a98-4748-8882-d7146563928a:192.168.157.249:40808). Request must be sent to leader., logIndex=0, commits[24081c8f-d316-435d-a792-3431bfeb71b1:c8, 2cd21838-1a98-4748-8882-d7146563928a:c8, 500162f5-df4c-43d4-be22-b16b483ed3b9:c8]
2019-08-29 08:23:28,682 | INFO  | SCMAudit | user=jenkins1000 | ip=192.168.157.249 | op=SEND_HEARTBEAT {datanodeUUID=6d68ca61-c219-4724-b8bb-ddcd01f258b2, command=[]} | ret=SUCCESS |  
2019-08-29 08:23:28,751 | INFO  | SCMAudit | user=jenkins1000 | ip=192.168.157.249 | op=SEND_HEARTBEAT {datanodeUUID=2cd21838-1a98-4748-8882-d7146563928a, command=[]} | ret=SUCCESS |  
2019-08-29 08:23:28,752 | INFO  | SCMAudit | user=jenkins1000 | ip=192.168.157.249 | op=SEND_HEARTBEAT {datanodeUUID=f3091307-9c6d-4cf5-b619-8e6cca6f84c9, command=[]} | ret=SUCCESS |  
2019-08-29 08:23:28,781 | INFO  | SCMAudit | user=jenkins1000 | ip=192.168.157.249 | op=SEND_HEARTBEAT {datanodeUUID=24081c8f-d316-435d-a792-3431bfeb71b1, command=[]} | ret=SUCCESS |  
2019-08-29 08:23:28,782 | INFO  | SCMAudit | user=jenkins1000 | ip=192.168.157.249 | op=SEND_HEARTBEAT {datanodeUUID=500162f5-df4c-43d4-be22-b16b483ed3b9, command=[]} | ret=SUCCESS |  
2019-08-29 08:23:28,816 | INFO  | SCMAudit | user=jenkins1000 | ip=192.168.157.249 | op=SEND_HEARTBEAT {datanodeUUID=b3ac43d0-c6e0-46d8-bcc9-9ad695550644, command=[]} | ret=SUCCESS |  
2019-08-29 08:23:28,971 | INFO  | SCMAudit | user=jenkins1000 | ip=192.168.157.249 | op=SEND_HEARTBEAT {datanodeUUID=35f04ff1-b93c-4ae0-b494-c5f2981bb056, command=[]} | ret=SUCCESS |  
2019-08-29 08:23:29,682 | INFO  | SCMAudit | user=jenkins1000 | ip=192.168.157.249 | op=SEND_HEARTBEAT {datanodeUUID=6d68ca61-c219-4724-b8bb-ddcd01f258b2, command=[]} | ret=SUCCESS |  
2019-08-29 08:23:29,751 | INFO  | SCMAudit | user=jenkins1000 | ip=192.168.157.249 | op=SEND_HEARTBEAT {datanodeUUID=2cd21838-1a98-4748-8882-d7146563928a, command=[]} | ret=SUCCESS |  
2019-08-29 08:23:29,752 | INFO  | SCMAudit | user=jenkins1000 | ip=192.168.157.249 | op=SEND_HEARTBEAT {datanodeUUID=f3091307-9c6d-4cf5-b619-8e6cca6f84c9, command=[]} | ret=SUCCESS |  
2019-08-29 08:23:29,782 | INFO  | SCMAudit | user=jenkins1000 | ip=192.168.157.249 | op=SEND_HEARTBEAT {datanodeUUID=24081c8f-d316-435d-a792-3431bfeb71b1, command=[]} | ret=SUCCESS |  
2019-08-29 08:23:29,783 | INFO  | SCMAudit | user=jenkins1000 | ip=192.168.157.249 | op=SEND_HEARTBEAT {datanodeUUID=500162f5-df4c-43d4-be22-b16b483ed3b9, command=[]} | ret=SUCCESS |  
2019-08-29 08:23:29,817 | INFO  | SCMAudit | user=jenkins1000 | ip=192.168.157.249 | op=SEND_HEARTBEAT {datanodeUUID=b3ac43d0-c6e0-46d8-bcc9-9ad695550644, command=[]} | ret=SUCCESS |  
2019-08-29 08:23:29,971 | INFO  | SCMAudit | user=jenkins1000 | ip=192.168.157.249 | op=SEND_HEARTBEAT {datanodeUUID=35f04ff1-b93c-4ae0-b494-c5f2981bb056, command=[]} | ret=SUCCESS |  
2019-08-29 08:23:30,682 | INFO  | SCMAudit | user=jenkins1000 | ip=192.168.157.249 | op=SEND_HEARTBEAT {datanodeUUID=6d68ca61-c219-4724-b8bb-ddcd01f258b2, command=[]} | ret=SUCCESS |  
2019-08-29 08:23:30,752 | INFO  | SCMAudit | user=jenkins1000 | ip=192.168.157.249 | op=SEND_HEARTBEAT {datanodeUUID=2cd21838-1a98-4748-8882-d7146563928a, command=[]} | ret=SUCCESS |  
2019-08-29 08:23:30,752 | INFO  | SCMAudit | user=jenkins1000 | ip=192.168.157.249 | op=SEND_HEARTBEAT {datanodeUUID=f3091307-9c6d-4cf5-b619-8e6cca6f84c9, command=[]} | ret=SUCCESS |  
2019-08-29 08:23:30,781 | INFO  | SCMAudit | user=jenkins1000 | ip=192.168.157.249 | op=SEND_HEARTBEAT {datanodeUUID=24081c8f-d316-435d-a792-3431bfeb71b1, command=[]} | ret=SUCCESS |  
2019-08-29 08:23:30,783 | INFO  | SCMAudit | user=jenkins1000 | ip=192.168.157.249 | op=SEND_HEARTBEAT {datanodeUUID=500162f5-df4c-43d4-be22-b16b483ed3b9, command=[]} | ret=SUCCESS |  
2019-08-29 08:23:30,818 | INFO  | SCMAudit | user=jenkins1000 | ip=192.168.157.249 | op=SEND_HEARTBEAT {datanodeUUID=b3ac43d0-c6e0-46d8-bcc9-9ad695550644, command=[]} | ret=SUCCESS |  
2019-08-29 08:23:30,971 | INFO  | SCMAudit | user=jenkins1000 | ip=192.168.157.249 | op=SEND_HEARTBEAT {datanodeUUID=35f04ff1-b93c-4ae0-b494-c5f2981bb056, command=[]} | ret=SUCCESS |  
2019-08-29 08:23:31,682 | INFO  | SCMAudit | user=jenkins1000 | ip=192.168.157.249 | op=SEND_HEARTBEAT {datanodeUUID=6d68ca61-c219-4724-b8bb-ddcd01f258b2, command=[]} | ret=SUCCESS |  
2019-08-29 08:23:31,753 | INFO  | SCMAudit | user=jenkins1000 | ip=192.168.157.249 | op=SEND_HEARTBEAT {datanodeUUID=2cd21838-1a98-4748-8882-d7146563928a, command=[]} | ret=SUCCESS |  
2019-08-29 08:23:31,753 | INFO  | SCMAudit | user=jenkins1000 | ip=192.168.157.249 | op=SEND_HEARTBEAT {datanodeUUID=f3091307-9c6d-4cf5-b619-8e6cca6f84c9, command=[]} | ret=SUCCESS |  
2019-08-29 08:23:31,781 | INFO  | SCMAudit | user=jenkins1000 | ip=192.168.157.249 | op=SEND_HEARTBEAT {datanodeUUID=24081c8f-d316-435d-a792-3431bfeb71b1, command=[]} | ret=SUCCESS |  
2019-08-29 08:23:31,783 | INFO  | SCMAudit | user=jenkins1000 | ip=192.168.157.249 | op=SEND_HEARTBEAT {datanodeUUID=500162f5-df4c-43d4-be22-b16b483ed3b9, command=[]} | ret=SUCCESS |  
2019-08-29 08:23:31,817 | INFO  | SCMAudit | user=jenkins1000 | ip=192.168.157.249 | op=SEND_HEARTBEAT {datanodeUUID=b3ac43d0-c6e0-46d8-bcc9-9ad695550644, command=[]} | ret=SUCCESS |  
2019-08-29 08:23:31,970 | INFO  | SCMAudit | user=jenkins1000 | ip=192.168.157.249 | op=SEND_HEARTBEAT {datanodeUUID=35f04ff1-b93c-4ae0-b494-c5f2981bb056, command=[]} | ret=SUCCESS |  
2019-08-29 08:23:32,682 | INFO  | SCMAudit | user=jenkins1000 | ip=192.168.157.249 | op=SEND_HEARTBEAT {datanodeUUID=6d68ca61-c219-4724-b8bb-ddcd01f258b2, command=[]} | ret=SUCCESS |  
2019-08-29 08:23:32,754 | INFO  | SCMAudit | user=jenkins1000 | ip=192.168.157.249 | op=SEND_HEARTBEAT {datanodeUUID=2cd21838-1a98-4748-8882-d7146563928a, command=[]} | ret=SUCCESS |  
2019-08-29 08:23:32,754 | INFO  | SCMAudit | user=jenkins1000 | ip=192.168.157.249 | op=SEND_HEARTBEAT {datanodeUUID=f3091307-9c6d-4cf5-b619-8e6cca6f84c9, command=[]} | ret=SUCCESS |  
2019-08-29 08:23:32,781 | INFO  | SCMAudit | user=jenkins1000 | ip=192.168.157.249 | op=SEND_HEARTBEAT {datanodeUUID=24081c8f-d316-435d-a792-3431bfeb71b1, command=[]} | ret=SUCCESS |  
2019-08-29 08:23:32,784 | INFO  | SCMAudit | user=jenkins1000 | ip=192.168.157.249 | op=SEND_HEARTBEAT {datanodeUUID=500162f5-df4c-43d4-be22-b16b483ed3b9, command=[]} | ret=SUCCESS |  
2019-08-29 08:23:32,818 | INFO  | SCMAudit | user=jenkins1000 | ip=192.168.157.249 | op=SEND_HEARTBEAT {datanodeUUID=b3ac43d0-c6e0-46d8-bcc9-9ad695550644, command=[]} | ret=SUCCESS |  
2019-08-29 08:23:32,970 | INFO  | SCMAudit | user=jenkins1000 | ip=192.168.157.249 | op=SEND_HEARTBEAT {datanodeUUID=35f04ff1-b93c-4ae0-b494-c5f2981bb056, command=[]} | ret=SUCCESS |  
2019-08-29 08:23:33,033 [grpc-default-executor-0] INFO  client.GrpcClientProtocolClient (GrpcClientProtocolClient.java:onNext(255)) - client-56A4EE866ECF->24081c8f-d316-435d-a792-3431bfeb71b1: receive RaftClientReply:client-56A4EE866ECF->24081c8f-d316-435d-a792-3431bfeb71b1@group-273770D6E455, cid=45, FAILED org.apache.ratis.protocol.NotLeaderException: Server 24081c8f-d316-435d-a792-3431bfeb71b1 is not the leader (2cd21838-1a98-4748-8882-d7146563928a:192.168.157.249:40808). Request must be sent to leader., logIndex=0, commits[24081c8f-d316-435d-a792-3431bfeb71b1:c8, 2cd21838-1a98-4748-8882-d7146563928a:c8, 500162f5-df4c-43d4-be22-b16b483ed3b9:c8]
2019-08-29 08:23:33,684 | INFO  | SCMAudit | user=jenkins1000 | ip=192.168.157.249 | op=SEND_HEARTBEAT {datanodeUUID=6d68ca61-c219-4724-b8bb-ddcd01f258b2, command=[]} | ret=SUCCESS |  
2019-08-29 08:23:33,753 | INFO  | SCMAudit | user=jenkins1000 | ip=192.168.157.249 | op=SEND_HEARTBEAT {datanodeUUID=2cd21838-1a98-4748-8882-d7146563928a, command=[]} | ret=SUCCESS |  
2019-08-29 08:23:33,754 | INFO  | SCMAudit | user=jenkins1000 | ip=192.168.157.249 | op=SEND_HEARTBEAT {datanodeUUID=f3091307-9c6d-4cf5-b619-8e6cca6f84c9, command=[]} | ret=SUCCESS |  
2019-08-29 08:23:33,781 | INFO  | SCMAudit | user=jenkins1000 | ip=192.168.157.249 | op=SEND_HEARTBEAT {datanodeUUID=24081c8f-d316-435d-a792-3431bfeb71b1, command=[]} | ret=SUCCESS |  
2019-08-29 08:23:33,784 | INFO  | SCMAudit | user=jenkins1000 | ip=192.168.157.249 | op=SEND_HEARTBEAT {datanodeUUID=500162f5-df4c-43d4-be22-b16b483ed3b9, command=[]} | ret=SUCCESS |  
2019-08-29 08:23:33,819 | INFO  | SCMAudit | user=jenkins1000 | ip=192.168.157.249 | op=SEND_HEARTBEAT {datanodeUUID=b3ac43d0-c6e0-46d8-bcc9-9ad695550644, command=[]} | ret=SUCCESS |  
2019-08-29 08:23:33,970 | INFO  | SCMAudit | user=jenkins1000 | ip=192.168.157.249 | op=SEND_HEARTBEAT {datanodeUUID=35f04ff1-b93c-4ae0-b494-c5f2981bb056, command=[]} | ret=SUCCESS |  
2019-08-29 08:23:34,683 | INFO  | SCMAudit | user=jenkins1000 | ip=192.168.157.249 | op=SEND_HEARTBEAT {datanodeUUID=6d68ca61-c219-4724-b8bb-ddcd01f258b2, command=[]} | ret=SUCCESS |  
2019-08-29 08:23:34,754 | INFO  | SCMAudit | user=jenkins1000 | ip=192.168.157.249 | op=SEND_HEARTBEAT {datanodeUUID=2cd21838-1a98-4748-8882-d7146563928a, command=[]} | ret=SUCCESS |  
2019-08-29 08:23:34,755 | INFO  | SCMAudit | user=jenkins1000 | ip=192.168.157.249 | op=SEND_HEARTBEAT {datanodeUUID=f3091307-9c6d-4cf5-b619-8e6cca6f84c9, command=[]} | ret=SUCCESS |  
2019-08-29 08:23:34,782 | INFO  | SCMAudit | user=jenkins1000 | ip=192.168.157.249 | op=SEND_HEARTBEAT {datanodeUUID=24081c8f-d316-435d-a792-3431bfeb71b1, command=[]} | ret=SUCCESS |  
2019-08-29 08:23:34,785 | INFO  | SCMAudit | user=jenkins1000 | ip=192.168.157.249 | op=SEND_HEARTBEAT {datanodeUUID=500162f5-df4c-43d4-be22-b16b483ed3b9, command=[]} | ret=SUCCESS |  
2019-08-29 08:23:34,818 | INFO  | SCMAudit | user=jenkins1000 | ip=192.168.157.249 | op=SEND_HEARTBEAT {datanodeUUID=b3ac43d0-c6e0-46d8-bcc9-9ad695550644, command=[]} | ret=SUCCESS |  
2019-08-29 08:23:34,971 | INFO  | SCMAudit | user=jenkins1000 | ip=192.168.157.249 | op=SEND_HEARTBEAT {datanodeUUID=35f04ff1-b93c-4ae0-b494-c5f2981bb056, command=[]} | ret=SUCCESS |  
2019-08-29 08:23:35,683 | INFO  | SCMAudit | user=jenkins1000 | ip=192.168.157.249 | op=SEND_HEARTBEAT {datanodeUUID=6d68ca61-c219-4724-b8bb-ddcd01f258b2, command=[]} | ret=SUCCESS |  
2019-08-29 08:23:35,754 | INFO  | SCMAudit | user=jenkins1000 | ip=192.168.157.249 | op=SEND_HEARTBEAT {datanodeUUID=f3091307-9c6d-4cf5-b619-8e6cca6f84c9, command=[]} | ret=SUCCESS |  
2019-08-29 08:23:35,754 | INFO  | SCMAudit | user=jenkins1000 | ip=192.168.157.249 | op=SEND_HEARTBEAT {datanodeUUID=2cd21838-1a98-4748-8882-d7146563928a, command=[]} | ret=SUCCESS |  
2019-08-29 08:23:35,781 | INFO  | SCMAudit | user=jenkins1000 | ip=192.168.157.249 | op=SEND_HEARTBEAT {datanodeUUID=24081c8f-d316-435d-a792-3431bfeb71b1, command=[]} | ret=SUCCESS |  
2019-08-29 08:23:35,785 | INFO  | SCMAudit | user=jenkins1000 | ip=192.168.157.249 | op=SEND_HEARTBEAT {datanodeUUID=500162f5-df4c-43d4-be22-b16b483ed3b9, command=[]} | ret=SUCCESS |  
2019-08-29 08:23:35,819 | INFO  | SCMAudit | user=jenkins1000 | ip=192.168.157.249 | op=SEND_HEARTBEAT {datanodeUUID=b3ac43d0-c6e0-46d8-bcc9-9ad695550644, command=[]} | ret=SUCCESS |  
2019-08-29 08:23:35,972 | INFO  | SCMAudit | user=jenkins1000 | ip=192.168.157.249 | op=SEND_HEARTBEAT {datanodeUUID=35f04ff1-b93c-4ae0-b494-c5f2981bb056, command=[]} | ret=SUCCESS |  
2019-08-29 08:23:36,683 | INFO  | SCMAudit | user=jenkins1000 | ip=192.168.157.249 | op=SEND_HEARTBEAT {datanodeUUID=6d68ca61-c219-4724-b8bb-ddcd01f258b2, command=[]} | ret=SUCCESS |  
2019-08-29 08:23:36,754 | INFO  | SCMAudit | user=jenkins1000 | ip=192.168.157.249 | op=SEND_HEARTBEAT {datanodeUUID=2cd21838-1a98-4748-8882-d7146563928a, command=[]} | ret=SUCCESS |  
2019-08-29 08:23:36,755 | INFO  | SCMAudit | user=jenkins1000 | ip=192.168.157.249 | op=SEND_HEARTBEAT {datanodeUUID=f3091307-9c6d-4cf5-b619-8e6cca6f84c9, command=[]} | ret=SUCCESS |  
2019-08-29 08:23:36,781 | INFO  | SCMAudit | user=jenkins1000 | ip=192.168.157.249 | op=SEND_HEARTBEAT {datanodeUUID=24081c8f-d316-435d-a792-3431bfeb71b1, command=[]} | ret=SUCCESS |  
2019-08-29 08:23:36,785 | INFO  | SCMAudit | user=jenkins1000 | ip=192.168.157.249 | op=SEND_HEARTBEAT {datanodeUUID=500162f5-df4c-43d4-be22-b16b483ed3b9, command=[]} | ret=SUCCESS |  
2019-08-29 08:23:36,818 | INFO  | SCMAudit | user=jenkins1000 | ip=192.168.157.249 | op=SEND_HEARTBEAT {datanodeUUID=b3ac43d0-c6e0-46d8-bcc9-9ad695550644, command=[]} | ret=SUCCESS |  
2019-08-29 08:23:36,972 | INFO  | SCMAudit | user=jenkins1000 | ip=192.168.157.249 | op=SEND_HEARTBEAT {datanodeUUID=35f04ff1-b93c-4ae0-b494-c5f2981bb056, command=[]} | ret=SUCCESS |  
2019-08-29 08:23:37,683 | INFO  | SCMAudit | user=jenkins1000 | ip=192.168.157.249 | op=SEND_HEARTBEAT {datanodeUUID=6d68ca61-c219-4724-b8bb-ddcd01f258b2, command=[]} | ret=SUCCESS |  
2019-08-29 08:23:37,754 | INFO  | SCMAudit | user=jenkins1000 | ip=192.168.157.249 | op=SEND_HEARTBEAT {datanodeUUID=f3091307-9c6d-4cf5-b619-8e6cca6f84c9, command=[]} | ret=SUCCESS |  
2019-08-29 08:23:37,755 | INFO  | SCMAudit | user=jenkins1000 | ip=192.168.157.249 | op=SEND_HEARTBEAT {datanodeUUID=2cd21838-1a98-4748-8882-d7146563928a, command=[]} | ret=SUCCESS |  
2019-08-29 08:23:37,782 | INFO  | SCMAudit | user=jenkins1000 | ip=192.168.157.249 | op=SEND_HEARTBEAT {datanodeUUID=24081c8f-d316-435d-a792-3431bfeb71b1, command=[]} | ret=SUCCESS |  
2019-08-29 08:23:37,786 | INFO  | SCMAudit | user=jenkins1000 | ip=192.168.157.249 | op=SEND_HEARTBEAT {datanodeUUID=500162f5-df4c-43d4-be22-b16b483ed3b9, command=[]} | ret=SUCCESS |  
2019-08-29 08:23:37,818 | INFO  | SCMAudit | user=jenkins1000 | ip=192.168.157.249 | op=SEND_HEARTBEAT {datanodeUUID=b3ac43d0-c6e0-46d8-bcc9-9ad695550644, command=[]} | ret=SUCCESS |  
2019-08-29 08:23:37,973 | INFO  | SCMAudit | user=jenkins1000 | ip=192.168.157.249 | op=SEND_HEARTBEAT {datanodeUUID=35f04ff1-b93c-4ae0-b494-c5f2981bb056, command=[]} | ret=SUCCESS |  
2019-08-29 08:23:38,079 [grpc-default-executor-0] INFO  client.GrpcClientProtocolClient (GrpcClientProtocolClient.java:onNext(255)) - client-56A4EE866ECF->500162f5-df4c-43d4-be22-b16b483ed3b9: receive RaftClientReply:client-56A4EE866ECF->500162f5-df4c-43d4-be22-b16b483ed3b9@group-273770D6E455, cid=45, FAILED org.apache.ratis.protocol.NotLeaderException: Server 500162f5-df4c-43d4-be22-b16b483ed3b9 is not the leader (2cd21838-1a98-4748-8882-d7146563928a:192.168.157.249:40808). Request must be sent to leader., logIndex=0, commits[500162f5-df4c-43d4-be22-b16b483ed3b9:c8, 2cd21838-1a98-4748-8882-d7146563928a:c8, 24081c8f-d316-435d-a792-3431bfeb71b1:c8]
2019-08-29 08:23:38,684 | INFO  | SCMAudit | user=jenkins1000 | ip=192.168.157.249 | op=SEND_HEARTBEAT {datanodeUUID=6d68ca61-c219-4724-b8bb-ddcd01f258b2, command=[]} | ret=SUCCESS |  
2019-08-29 08:23:38,754 | INFO  | SCMAudit | user=jenkins1000 | ip=192.168.157.249 | op=SEND_HEARTBEAT {datanodeUUID=2cd21838-1a98-4748-8882-d7146563928a, command=[]} | ret=SUCCESS |  
2019-08-29 08:23:38,755 | INFO  | SCMAudit | user=jenkins1000 | ip=192.168.157.249 | op=SEND_HEARTBEAT {datanodeUUID=f3091307-9c6d-4cf5-b619-8e6cca6f84c9, command=[]} | ret=SUCCESS |  
2019-08-29 08:23:38,782 | INFO  | SCMAudit | user=jenkins1000 | ip=192.168.157.249 | op=SEND_HEARTBEAT {datanodeUUID=24081c8f-d316-435d-a792-3431bfeb71b1, command=[]} | ret=SUCCESS |  
2019-08-29 08:23:38,786 | INFO  | SCMAudit | user=jenkins1000 | ip=192.168.157.249 | op=SEND_HEARTBEAT {datanodeUUID=500162f5-df4c-43d4-be22-b16b483ed3b9, command=[]} | ret=SUCCESS |  
2019-08-29 08:23:38,819 | INFO  | SCMAudit | user=jenkins1000 | ip=192.168.157.249 | op=SEND_HEARTBEAT {datanodeUUID=b3ac43d0-c6e0-46d8-bcc9-9ad695550644, command=[]} | ret=SUCCESS |  
2019-08-29 08:23:38,973 | INFO  | SCMAudit | user=jenkins1000 | ip=192.168.157.249 | op=SEND_HEARTBEAT {datanodeUUID=35f04ff1-b93c-4ae0-b494-c5f2981bb056, command=[]} | ret=SUCCESS |  
2019-08-29 08:23:39,684 | INFO  | SCMAudit | user=jenkins1000 | ip=192.168.157.249 | op=SEND_HEARTBEAT {datanodeUUID=6d68ca61-c219-4724-b8bb-ddcd01f258b2, command=[]} | ret=SUCCESS |  
2019-08-29 08:23:39,754 | INFO  | SCMAudit | user=jenkins1000 | ip=192.168.157.249 | op=SEND_HEARTBEAT {datanodeUUID=f3091307-9c6d-4cf5-b619-8e6cca6f84c9, command=[]} | ret=SUCCESS |  
2019-08-29 08:23:39,754 | INFO  | SCMAudit | user=jenkins1000 | ip=192.168.157.249 | op=SEND_HEARTBEAT {datanodeUUID=2cd21838-1a98-4748-8882-d7146563928a, command=[]} | ret=SUCCESS |  
2019-08-29 08:23:39,782 | INFO  | SCMAudit | user=jenkins1000 | ip=192.168.157.249 | op=SEND_HEARTBEAT {datanodeUUID=24081c8f-d316-435d-a792-3431bfeb71b1, command=[]} | ret=SUCCESS |  
2019-08-29 08:23:39,786 | INFO  | SCMAudit | user=jenkins1000 | ip=192.168.157.249 | op=SEND_HEARTBEAT {datanodeUUID=500162f5-df4c-43d4-be22-b16b483ed3b9, command=[]} | ret=SUCCESS |  
2019-08-29 08:23:39,818 | INFO  | SCMAudit | user=jenkins1000 | ip=192.168.157.249 | op=SEND_HEARTBEAT {datanodeUUID=b3ac43d0-c6e0-46d8-bcc9-9ad695550644, command=[]} | ret=SUCCESS |  
2019-08-29 08:23:39,973 | INFO  | SCMAudit | user=jenkins1000 | ip=192.168.157.249 | op=SEND_HEARTBEAT {datanodeUUID=35f04ff1-b93c-4ae0-b494-c5f2981bb056, command=[]} | ret=SUCCESS |  
2019-08-29 08:23:40,684 | INFO  | SCMAudit | user=jenkins1000 | ip=192.168.157.249 | op=SEND_HEARTBEAT {datanodeUUID=6d68ca61-c219-4724-b8bb-ddcd01f258b2, command=[]} | ret=SUCCESS |  
2019-08-29 08:23:40,754 | INFO  | SCMAudit | user=jenkins1000 | ip=192.168.157.249 | op=SEND_HEARTBEAT {datanodeUUID=f3091307-9c6d-4cf5-b619-8e6cca6f84c9, command=[]} | ret=SUCCESS |  
2019-08-29 08:23:40,755 | INFO  | SCMAudit | user=jenkins1000 | ip=192.168.157.249 | op=SEND_HEARTBEAT {datanodeUUID=2cd21838-1a98-4748-8882-d7146563928a, command=[]} | ret=SUCCESS |  
2019-08-29 08:23:40,783 | INFO  | SCMAudit | user=jenkins1000 | ip=192.168.157.249 | op=SEND_HEARTBEAT {datanodeUUID=24081c8f-d316-435d-a792-3431bfeb71b1, command=[]} | ret=SUCCESS |  
2019-08-29 08:23:40,787 | INFO  | SCMAudit | user=jenkins1000 | ip=192.168.157.249 | op=SEND_HEARTBEAT {datanodeUUID=500162f5-df4c-43d4-be22-b16b483ed3b9, command=[]} | ret=SUCCESS |  
2019-08-29 08:23:40,819 | INFO  | SCMAudit | user=jenkins1000 | ip=192.168.157.249 | op=SEND_HEARTBEAT {datanodeUUID=b3ac43d0-c6e0-46d8-bcc9-9ad695550644, command=[]} | ret=SUCCESS |  
2019-08-29 08:23:40,973 | INFO  | SCMAudit | user=jenkins1000 | ip=192.168.157.249 | op=SEND_HEARTBEAT {datanodeUUID=35f04ff1-b93c-4ae0-b494-c5f2981bb056, command=[]} | ret=SUCCESS |  
2019-08-29 08:23:41,683 | INFO  | SCMAudit | user=jenkins1000 | ip=192.168.157.249 | op=SEND_HEARTBEAT {datanodeUUID=6d68ca61-c219-4724-b8bb-ddcd01f258b2, command=[]} | ret=SUCCESS |  
2019-08-29 08:23:41,755 | INFO  | SCMAudit | user=jenkins1000 | ip=192.168.157.249 | op=SEND_HEARTBEAT {datanodeUUID=f3091307-9c6d-4cf5-b619-8e6cca6f84c9, command=[]} | ret=SUCCESS |  
2019-08-29 08:23:41,755 | INFO  | SCMAudit | user=jenkins1000 | ip=192.168.157.249 | op=SEND_HEARTBEAT {datanodeUUID=2cd21838-1a98-4748-8882-d7146563928a, command=[]} | ret=SUCCESS |  
2019-08-29 08:23:41,783 | INFO  | SCMAudit | user=jenkins1000 | ip=192.168.157.249 | op=SEND_HEARTBEAT {datanodeUUID=24081c8f-d316-435d-a792-3431bfeb71b1, command=[]} | ret=SUCCESS |  
2019-08-29 08:23:41,787 | INFO  | SCMAudit | user=jenkins1000 | ip=192.168.157.249 | op=SEND_HEARTBEAT {datanodeUUID=500162f5-df4c-43d4-be22-b16b483ed3b9, command=[]} | ret=SUCCESS |  
2019-08-29 08:23:41,818 | INFO  | SCMAudit | user=jenkins1000 | ip=192.168.157.249 | op=SEND_HEARTBEAT {datanodeUUID=b3ac43d0-c6e0-46d8-bcc9-9ad695550644, command=[]} | ret=SUCCESS |  
2019-08-29 08:23:41,972 | INFO  | SCMAudit | user=jenkins1000 | ip=192.168.157.249 | op=SEND_HEARTBEAT {datanodeUUID=35f04ff1-b93c-4ae0-b494-c5f2981bb056, command=[]} | ret=SUCCESS |  
2019-08-29 08:23:42,683 | INFO  | SCMAudit | user=jenkins1000 | ip=192.168.157.249 | op=SEND_HEARTBEAT {datanodeUUID=6d68ca61-c219-4724-b8bb-ddcd01f258b2, command=[]} | ret=SUCCESS |  
2019-08-29 08:23:42,755 | INFO  | SCMAudit | user=jenkins1000 | ip=192.168.157.249 | op=SEND_HEARTBEAT {datanodeUUID=2cd21838-1a98-4748-8882-d7146563928a, command=[]} | ret=SUCCESS |  
2019-08-29 08:23:42,756 | INFO  | SCMAudit | user=jenkins1000 | ip=192.168.157.249 | op=SEND_HEARTBEAT {datanodeUUID=f3091307-9c6d-4cf5-b619-8e6cca6f84c9, command=[]} | ret=SUCCESS |  
2019-08-29 08:23:42,783 | INFO  | SCMAudit | user=jenkins1000 | ip=192.168.157.249 | op=SEND_HEARTBEAT {datanodeUUID=24081c8f-d316-435d-a792-3431bfeb71b1, command=[]} | ret=SUCCESS |  
2019-08-29 08:23:42,787 | INFO  | SCMAudit | user=jenkins1000 | ip=192.168.157.249 | op=SEND_HEARTBEAT {datanodeUUID=500162f5-df4c-43d4-be22-b16b483ed3b9, command=[]} | ret=SUCCESS |  
2019-08-29 08:23:42,818 | INFO  | SCMAudit | user=jenkins1000 | ip=192.168.157.249 | op=SEND_HEARTBEAT {datanodeUUID=b3ac43d0-c6e0-46d8-bcc9-9ad695550644, command=[]} | ret=SUCCESS |  
2019-08-29 08:23:42,972 | INFO  | SCMAudit | user=jenkins1000 | ip=192.168.157.249 | op=SEND_HEARTBEAT {datanodeUUID=35f04ff1-b93c-4ae0-b494-c5f2981bb056, command=[]} | ret=SUCCESS |  
2019-08-29 08:23:43,122 [grpc-default-executor-0] INFO  client.GrpcClientProtocolClient (GrpcClientProtocolClient.java:onNext(255)) - client-56A4EE866ECF->24081c8f-d316-435d-a792-3431bfeb71b1: receive RaftClientReply:client-56A4EE866ECF->24081c8f-d316-435d-a792-3431bfeb71b1@group-273770D6E455, cid=45, FAILED org.apache.ratis.protocol.NotLeaderException: Server 24081c8f-d316-435d-a792-3431bfeb71b1 is not the leader (2cd21838-1a98-4748-8882-d7146563928a:192.168.157.249:40808). Request must be sent to leader., logIndex=0, commits[24081c8f-d316-435d-a792-3431bfeb71b1:c8, 2cd21838-1a98-4748-8882-d7146563928a:c8, 500162f5-df4c-43d4-be22-b16b483ed3b9:c8]
2019-08-29 08:23:43,684 | INFO  | SCMAudit | user=jenkins1000 | ip=192.168.157.249 | op=SEND_HEARTBEAT {datanodeUUID=6d68ca61-c219-4724-b8bb-ddcd01f258b2, command=[]} | ret=SUCCESS |  
2019-08-29 08:23:43,755 | INFO  | SCMAudit | user=jenkins1000 | ip=192.168.157.249 | op=SEND_HEARTBEAT {datanodeUUID=2cd21838-1a98-4748-8882-d7146563928a, command=[]} | ret=SUCCESS |  
2019-08-29 08:23:43,755 | INFO  | SCMAudit | user=jenkins1000 | ip=192.168.157.249 | op=SEND_HEARTBEAT {datanodeUUID=f3091307-9c6d-4cf5-b619-8e6cca6f84c9, command=[]} | ret=SUCCESS |  
2019-08-29 08:23:43,784 | INFO  | SCMAudit | user=jenkins1000 | ip=192.168.157.249 | op=SEND_HEARTBEAT {datanodeUUID=24081c8f-d316-435d-a792-3431bfeb71b1, command=[]} | ret=SUCCESS |  
2019-08-29 08:23:43,788 | INFO  | SCMAudit | user=jenkins1000 | ip=192.168.157.249 | op=SEND_HEARTBEAT {datanodeUUID=500162f5-df4c-43d4-be22-b16b483ed3b9, command=[]} | ret=SUCCESS |  
2019-08-29 08:23:43,818 | INFO  | SCMAudit | user=jenkins1000 | ip=192.168.157.249 | op=SEND_HEARTBEAT {datanodeUUID=b3ac43d0-c6e0-46d8-bcc9-9ad695550644, command=[]} | ret=SUCCESS |  
2019-08-29 08:23:43,973 | INFO  | SCMAudit | user=jenkins1000 | ip=192.168.157.249 | op=SEND_HEARTBEAT {datanodeUUID=35f04ff1-b93c-4ae0-b494-c5f2981bb056, command=[]} | ret=SUCCESS |  
2019-08-29 08:23:44,683 | INFO  | SCMAudit | user=jenkins1000 | ip=192.168.157.249 | op=SEND_HEARTBEAT {datanodeUUID=6d68ca61-c219-4724-b8bb-ddcd01f258b2, command=[]} | ret=SUCCESS |  
2019-08-29 08:23:44,755 | INFO  | SCMAudit | user=jenkins1000 | ip=192.168.157.249 | op=SEND_HEARTBEAT {datanodeUUID=f3091307-9c6d-4cf5-b619-8e6cca6f84c9, command=[]} | ret=SUCCESS |  
2019-08-29 08:23:44,756 | INFO  | SCMAudit | user=jenkins1000 | ip=192.168.157.249 | op=SEND_HEARTBEAT {datanodeUUID=2cd21838-1a98-4748-8882-d7146563928a, command=[]} | ret=SUCCESS |  
2019-08-29 08:23:44,784 | INFO  | SCMAudit | user=jenkins1000 | ip=192.168.157.249 | op=SEND_HEARTBEAT {datanodeUUID=24081c8f-d316-435d-a792-3431bfeb71b1, command=[]} | ret=SUCCESS |  
2019-08-29 08:23:44,788 | INFO  | SCMAudit | user=jenkins1000 | ip=192.168.157.249 | op=SEND_HEARTBEAT {datanodeUUID=500162f5-df4c-43d4-be22-b16b483ed3b9, command=[]} | ret=SUCCESS |  
2019-08-29 08:23:44,818 | INFO  | SCMAudit | user=jenkins1000 | ip=192.168.157.249 | op=SEND_HEARTBEAT {datanodeUUID=b3ac43d0-c6e0-46d8-bcc9-9ad695550644, command=[]} | ret=SUCCESS |  
2019-08-29 08:23:44,973 | INFO  | SCMAudit | user=jenkins1000 | ip=192.168.157.249 | op=SEND_HEARTBEAT {datanodeUUID=35f04ff1-b93c-4ae0-b494-c5f2981bb056, command=[]} | ret=SUCCESS |  
2019-08-29 08:23:45,684 | INFO  | SCMAudit | user=jenkins1000 | ip=192.168.157.249 | op=SEND_HEARTBEAT {datanodeUUID=6d68ca61-c219-4724-b8bb-ddcd01f258b2, command=[]} | ret=SUCCESS |  
2019-08-29 08:23:45,755 | INFO  | SCMAudit | user=jenkins1000 | ip=192.168.157.249 | op=SEND_HEARTBEAT {datanodeUUID=2cd21838-1a98-4748-8882-d7146563928a, command=[]} | ret=SUCCESS |  
2019-08-29 08:23:45,755 | INFO  | SCMAudit | user=jenkins1000 | ip=192.168.157.249 | op=SEND_HEARTBEAT {datanodeUUID=f3091307-9c6d-4cf5-b619-8e6cca6f84c9, command=[]} | ret=SUCCESS |  
2019-08-29 08:23:45,784 | INFO  | SCMAudit | user=jenkins1000 | ip=192.168.157.249 | op=SEND_HEARTBEAT {datanodeUUID=24081c8f-d316-435d-a792-3431bfeb71b1, command=[]} | ret=SUCCESS |  
2019-08-29 08:23:45,788 | INFO  | SCMAudit | user=jenkins1000 | ip=192.168.157.249 | op=SEND_HEARTBEAT {datanodeUUID=500162f5-df4c-43d4-be22-b16b483ed3b9, command=[]} | ret=SUCCESS |  
2019-08-29 08:23:45,818 | INFO  | SCMAudit | user=jenkins1000 | ip=192.168.157.249 | op=SEND_HEARTBEAT {datanodeUUID=b3ac43d0-c6e0-46d8-bcc9-9ad695550644, command=[]} | ret=SUCCESS |  
2019-08-29 08:23:45,973 | INFO  | SCMAudit | user=jenkins1000 | ip=192.168.157.249 | op=SEND_HEARTBEAT {datanodeUUID=35f04ff1-b93c-4ae0-b494-c5f2981bb056, command=[]} | ret=SUCCESS |  
2019-08-29 08:23:46,685 | INFO  | SCMAudit | user=jenkins1000 | ip=192.168.157.249 | op=SEND_HEARTBEAT {datanodeUUID=6d68ca61-c219-4724-b8bb-ddcd01f258b2, command=[]} | ret=SUCCESS |  
2019-08-29 08:23:46,755 | INFO  | SCMAudit | user=jenkins1000 | ip=192.168.157.249 | op=SEND_HEARTBEAT {datanodeUUID=2cd21838-1a98-4748-8882-d7146563928a, command=[]} | ret=SUCCESS |  
2019-08-29 08:23:46,755 | INFO  | SCMAudit | user=jenkins1000 | ip=192.168.157.249 | op=SEND_HEARTBEAT {datanodeUUID=f3091307-9c6d-4cf5-b619-8e6cca6f84c9, command=[]} | ret=SUCCESS |  
2019-08-29 08:23:46,785 | INFO  | SCMAudit | user=jenkins1000 | ip=192.168.157.249 | op=SEND_HEARTBEAT {datanodeUUID=24081c8f-d316-435d-a792-3431bfeb71b1, command=[]} | ret=SUCCESS |  
2019-08-29 08:23:46,789 | INFO  | SCMAudit | user=jenkins1000 | ip=192.168.157.249 | op=SEND_HEARTBEAT {datanodeUUID=500162f5-df4c-43d4-be22-b16b483ed3b9, command=[]} | ret=SUCCESS |  
2019-08-29 08:23:46,818 | INFO  | SCMAudit | user=jenkins1000 | ip=192.168.157.249 | op=SEND_HEARTBEAT {datanodeUUID=b3ac43d0-c6e0-46d8-bcc9-9ad695550644, command=[]} | ret=SUCCESS |  
2019-08-29 08:23:46,973 | INFO  | SCMAudit | user=jenkins1000 | ip=192.168.157.249 | op=SEND_HEARTBEAT {datanodeUUID=35f04ff1-b93c-4ae0-b494-c5f2981bb056, command=[]} | ret=SUCCESS |  
2019-08-29 08:23:47,684 | INFO  | SCMAudit | user=jenkins1000 | ip=192.168.157.249 | op=SEND_HEARTBEAT {datanodeUUID=6d68ca61-c219-4724-b8bb-ddcd01f258b2, command=[]} | ret=SUCCESS |  
2019-08-29 08:23:47,755 | INFO  | SCMAudit | user=jenkins1000 | ip=192.168.157.249 | op=SEND_HEARTBEAT {datanodeUUID=f3091307-9c6d-4cf5-b619-8e6cca6f84c9, command=[]} | ret=SUCCESS |  
2019-08-29 08:23:47,755 | INFO  | SCMAudit | user=jenkins1000 | ip=192.168.157.249 | op=SEND_HEARTBEAT {datanodeUUID=2cd21838-1a98-4748-8882-d7146563928a, command=[]} | ret=SUCCESS |  
2019-08-29 08:23:47,785 | INFO  | SCMAudit | user=jenkins1000 | ip=192.168.157.249 | op=SEND_HEARTBEAT {datanodeUUID=24081c8f-d316-435d-a792-3431bfeb71b1, command=[]} | ret=SUCCESS |  
2019-08-29 08:23:47,788 | INFO  | SCMAudit | user=jenkins1000 | ip=192.168.157.249 | op=SEND_HEARTBEAT {datanodeUUID=500162f5-df4c-43d4-be22-b16b483ed3b9, command=[]} | ret=SUCCESS |  
2019-08-29 08:23:47,818 | INFO  | SCMAudit | user=jenkins1000 | ip=192.168.157.249 | op=SEND_HEARTBEAT {datanodeUUID=b3ac43d0-c6e0-46d8-bcc9-9ad695550644, command=[]} | ret=SUCCESS |  
2019-08-29 08:23:47,974 | INFO  | SCMAudit | user=jenkins1000 | ip=192.168.157.249 | op=SEND_HEARTBEAT {datanodeUUID=35f04ff1-b93c-4ae0-b494-c5f2981bb056, command=[]} | ret=SUCCESS |  
2019-08-29 08:23:48,162 [grpc-default-executor-2] INFO  client.GrpcClientProtocolClient (GrpcClientProtocolClient.java:onNext(255)) - client-56A4EE866ECF->24081c8f-d316-435d-a792-3431bfeb71b1: receive RaftClientReply:client-56A4EE866ECF->24081c8f-d316-435d-a792-3431bfeb71b1@group-273770D6E455, cid=45, FAILED org.apache.ratis.protocol.NotLeaderException: Server 24081c8f-d316-435d-a792-3431bfeb71b1 is not the leader (2cd21838-1a98-4748-8882-d7146563928a:192.168.157.249:40808). Request must be sent to leader., logIndex=0, commits[24081c8f-d316-435d-a792-3431bfeb71b1:c8, 2cd21838-1a98-4748-8882-d7146563928a:c8, 500162f5-df4c-43d4-be22-b16b483ed3b9:c8]
2019-08-29 08:23:48,685 | INFO  | SCMAudit | user=jenkins1000 | ip=192.168.157.249 | op=SEND_HEARTBEAT {datanodeUUID=6d68ca61-c219-4724-b8bb-ddcd01f258b2, command=[]} | ret=SUCCESS |  
2019-08-29 08:23:48,755 | INFO  | SCMAudit | user=jenkins1000 | ip=192.168.157.249 | op=SEND_HEARTBEAT {datanodeUUID=2cd21838-1a98-4748-8882-d7146563928a, command=[]} | ret=SUCCESS |  
2019-08-29 08:23:48,755 | INFO  | SCMAudit | user=jenkins1000 | ip=192.168.157.249 | op=SEND_HEARTBEAT {datanodeUUID=f3091307-9c6d-4cf5-b619-8e6cca6f84c9, command=[]} | ret=SUCCESS |  
2019-08-29 08:23:48,785 | INFO  | SCMAudit | user=jenkins1000 | ip=192.168.157.249 | op=SEND_HEARTBEAT {datanodeUUID=24081c8f-d316-435d-a792-3431bfeb71b1, command=[]} | ret=SUCCESS |  
2019-08-29 08:23:48,788 | INFO  | SCMAudit | user=jenkins1000 | ip=192.168.157.249 | op=SEND_HEARTBEAT {datanodeUUID=500162f5-df4c-43d4-be22-b16b483ed3b9, command=[]} | ret=SUCCESS |  
2019-08-29 08:23:48,818 | INFO  | SCMAudit | user=jenkins1000 | ip=192.168.157.249 | op=SEND_HEARTBEAT {datanodeUUID=b3ac43d0-c6e0-46d8-bcc9-9ad695550644, command=[]} | ret=SUCCESS |  
2019-08-29 08:23:48,974 | INFO  | SCMAudit | user=jenkins1000 | ip=192.168.157.249 | op=SEND_HEARTBEAT {datanodeUUID=35f04ff1-b93c-4ae0-b494-c5f2981bb056, command=[]} | ret=SUCCESS |  
2019-08-29 08:23:49,685 | INFO  | SCMAudit | user=jenkins1000 | ip=192.168.157.249 | op=SEND_HEARTBEAT {datanodeUUID=6d68ca61-c219-4724-b8bb-ddcd01f258b2, command=[]} | ret=SUCCESS |  
2019-08-29 08:23:49,755 | INFO  | SCMAudit | user=jenkins1000 | ip=192.168.157.249 | op=SEND_HEARTBEAT {datanodeUUID=f3091307-9c6d-4cf5-b619-8e6cca6f84c9, command=[]} | ret=SUCCESS |  
2019-08-29 08:23:49,755 | INFO  | SCMAudit | user=jenkins1000 | ip=192.168.157.249 | op=SEND_HEARTBEAT {datanodeUUID=2cd21838-1a98-4748-8882-d7146563928a, command=[]} | ret=SUCCESS |  
2019-08-29 08:23:49,785 | INFO  | SCMAudit | user=jenkins1000 | ip=192.168.157.249 | op=SEND_HEARTBEAT {datanodeUUID=24081c8f-d316-435d-a792-3431bfeb71b1, command=[]} | ret=SUCCESS |  
2019-08-29 08:23:49,788 | INFO  | SCMAudit | user=jenkins1000 | ip=192.168.157.249 | op=SEND_HEARTBEAT {datanodeUUID=500162f5-df4c-43d4-be22-b16b483ed3b9, command=[]} | ret=SUCCESS |  
2019-08-29 08:23:49,818 | INFO  | SCMAudit | user=jenkins1000 | ip=192.168.157.249 | op=SEND_HEARTBEAT {datanodeUUID=b3ac43d0-c6e0-46d8-bcc9-9ad695550644, command=[]} | ret=SUCCESS |  
2019-08-29 08:23:49,973 | INFO  | SCMAudit | user=jenkins1000 | ip=192.168.157.249 | op=SEND_HEARTBEAT {datanodeUUID=35f04ff1-b93c-4ae0-b494-c5f2981bb056, command=[]} | ret=SUCCESS |  
2019-08-29 08:23:50,687 | INFO  | SCMAudit | user=jenkins1000 | ip=192.168.157.249 | op=SEND_HEARTBEAT {datanodeUUID=6d68ca61-c219-4724-b8bb-ddcd01f258b2, command=[]} | ret=SUCCESS |  
2019-08-29 08:23:50,756 | INFO  | SCMAudit | user=jenkins1000 | ip=192.168.157.249 | op=SEND_HEARTBEAT {datanodeUUID=2cd21838-1a98-4748-8882-d7146563928a, command=[]} | ret=SUCCESS |  
2019-08-29 08:23:50,756 | INFO  | SCMAudit | user=jenkins1000 | ip=192.168.157.249 | op=SEND_HEARTBEAT {datanodeUUID=f3091307-9c6d-4cf5-b619-8e6cca6f84c9, command=[]} | ret=SUCCESS |  
2019-08-29 08:23:50,786 | INFO  | SCMAudit | user=jenkins1000 | ip=192.168.157.249 | op=SEND_HEARTBEAT {datanodeUUID=24081c8f-d316-435d-a792-3431bfeb71b1, command=[]} | ret=SUCCESS |  
2019-08-29 08:23:50,788 | INFO  | SCMAudit | user=jenkins1000 | ip=192.168.157.249 | op=SEND_HEARTBEAT {datanodeUUID=500162f5-df4c-43d4-be22-b16b483ed3b9, command=[]} | ret=SUCCESS |  
2019-08-29 08:23:50,818 | INFO  | SCMAudit | user=jenkins1000 | ip=192.168.157.249 | op=SEND_HEARTBEAT {datanodeUUID=b3ac43d0-c6e0-46d8-bcc9-9ad695550644, command=[]} | ret=SUCCESS |  
2019-08-29 08:23:50,974 | INFO  | SCMAudit | user=jenkins1000 | ip=192.168.157.249 | op=SEND_HEARTBEAT {datanodeUUID=35f04ff1-b93c-4ae0-b494-c5f2981bb056, command=[]} | ret=SUCCESS |  
2019-08-29 08:23:51,687 | INFO  | SCMAudit | user=jenkins1000 | ip=192.168.157.249 | op=SEND_HEARTBEAT {datanodeUUID=6d68ca61-c219-4724-b8bb-ddcd01f258b2, command=[]} | ret=SUCCESS |  
2019-08-29 08:23:51,755 | INFO  | SCMAudit | user=jenkins1000 | ip=192.168.157.249 | op=SEND_HEARTBEAT {datanodeUUID=f3091307-9c6d-4cf5-b619-8e6cca6f84c9, command=[]} | ret=SUCCESS |  
2019-08-29 08:23:51,755 | INFO  | SCMAudit | user=jenkins1000 | ip=192.168.157.249 | op=SEND_HEARTBEAT {datanodeUUID=2cd21838-1a98-4748-8882-d7146563928a, command=[]} | ret=SUCCESS |  
2019-08-29 08:23:51,786 | INFO  | SCMAudit | user=jenkins1000 | ip=192.168.157.249 | op=SEND_HEARTBEAT {datanodeUUID=24081c8f-d316-435d-a792-3431bfeb71b1, command=[]} | ret=SUCCESS |  
2019-08-29 08:23:51,788 | INFO  | SCMAudit | user=jenkins1000 | ip=192.168.157.249 | op=SEND_HEARTBEAT {datanodeUUID=500162f5-df4c-43d4-be22-b16b483ed3b9, command=[]} | ret=SUCCESS |  
2019-08-29 08:23:51,818 | INFO  | SCMAudit | user=jenkins1000 | ip=192.168.157.249 | op=SEND_HEARTBEAT {datanodeUUID=b3ac43d0-c6e0-46d8-bcc9-9ad695550644, command=[]} | ret=SUCCESS |  
2019-08-29 08:23:51,975 | INFO  | SCMAudit | user=jenkins1000 | ip=192.168.157.249 | op=SEND_HEARTBEAT {datanodeUUID=35f04ff1-b93c-4ae0-b494-c5f2981bb056, command=[]} | ret=SUCCESS |  
2019-08-29 08:23:52,686 | INFO  | SCMAudit | user=jenkins1000 | ip=192.168.157.249 | op=SEND_HEARTBEAT {datanodeUUID=6d68ca61-c219-4724-b8bb-ddcd01f258b2, command=[]} | ret=SUCCESS |  
2019-08-29 08:23:52,756 | INFO  | SCMAudit | user=jenkins1000 | ip=192.168.157.249 | op=SEND_HEARTBEAT {datanodeUUID=f3091307-9c6d-4cf5-b619-8e6cca6f84c9, command=[]} | ret=SUCCESS |  
2019-08-29 08:23:52,756 | INFO  | SCMAudit | user=jenkins1000 | ip=192.168.157.249 | op=SEND_HEARTBEAT {datanodeUUID=2cd21838-1a98-4748-8882-d7146563928a, command=[]} | ret=SUCCESS |  
2019-08-29 08:23:52,786 | INFO  | SCMAudit | user=jenkins1000 | ip=192.168.157.249 | op=SEND_HEARTBEAT {datanodeUUID=24081c8f-d316-435d-a792-3431bfeb71b1, command=[]} | ret=SUCCESS |  
2019-08-29 08:23:52,789 | INFO  | SCMAudit | user=jenkins1000 | ip=192.168.157.249 | op=SEND_HEARTBEAT {datanodeUUID=500162f5-df4c-43d4-be22-b16b483ed3b9, command=[]} | ret=SUCCESS |  
2019-08-29 08:23:52,819 | INFO  | SCMAudit | user=jenkins1000 | ip=192.168.157.249 | op=SEND_HEARTBEAT {datanodeUUID=b3ac43d0-c6e0-46d8-bcc9-9ad695550644, command=[]} | ret=SUCCESS |  
2019-08-29 08:23:52,974 | INFO  | SCMAudit | user=jenkins1000 | ip=192.168.157.249 | op=SEND_HEARTBEAT {datanodeUUID=35f04ff1-b93c-4ae0-b494-c5f2981bb056, command=[]} | ret=SUCCESS |  
2019-08-29 08:23:53,213 [grpc-default-executor-0] INFO  client.GrpcClientProtocolClient (GrpcClientProtocolClient.java:onNext(255)) - client-56A4EE866ECF->500162f5-df4c-43d4-be22-b16b483ed3b9: receive RaftClientReply:client-56A4EE866ECF->500162f5-df4c-43d4-be22-b16b483ed3b9@group-273770D6E455, cid=45, FAILED org.apache.ratis.protocol.NotLeaderException: Server 500162f5-df4c-43d4-be22-b16b483ed3b9 is not the leader (2cd21838-1a98-4748-8882-d7146563928a:192.168.157.249:40808). Request must be sent to leader., logIndex=0, commits[500162f5-df4c-43d4-be22-b16b483ed3b9:c8, 2cd21838-1a98-4748-8882-d7146563928a:c8, 24081c8f-d316-435d-a792-3431bfeb71b1:c8]
2019-08-29 08:23:53,686 | INFO  | SCMAudit | user=jenkins1000 | ip=192.168.157.249 | op=SEND_HEARTBEAT {datanodeUUID=6d68ca61-c219-4724-b8bb-ddcd01f258b2, command=[]} | ret=SUCCESS |  
2019-08-29 08:23:53,756 | INFO  | SCMAudit | user=jenkins1000 | ip=192.168.157.249 | op=SEND_HEARTBEAT {datanodeUUID=2cd21838-1a98-4748-8882-d7146563928a, command=[]} | ret=SUCCESS |  
2019-08-29 08:23:53,756 | INFO  | SCMAudit | user=jenkins1000 | ip=192.168.157.249 | op=SEND_HEARTBEAT {datanodeUUID=f3091307-9c6d-4cf5-b619-8e6cca6f84c9, command=[]} | ret=SUCCESS |  
2019-08-29 08:23:53,786 | INFO  | SCMAudit | user=jenkins1000 | ip=192.168.157.249 | op=SEND_HEARTBEAT {datanodeUUID=24081c8f-d316-435d-a792-3431bfeb71b1, command=[]} | ret=SUCCESS |  
2019-08-29 08:23:53,788 | INFO  | SCMAudit | user=jenkins1000 | ip=192.168.157.249 | op=SEND_HEARTBEAT {datanodeUUID=500162f5-df4c-43d4-be22-b16b483ed3b9, command=[]} | ret=SUCCESS |  
2019-08-29 08:23:53,819 | INFO  | SCMAudit | user=jenkins1000 | ip=192.168.157.249 | op=SEND_HEARTBEAT {datanodeUUID=b3ac43d0-c6e0-46d8-bcc9-9ad695550644, command=[]} | ret=SUCCESS |  
2019-08-29 08:23:53,975 | INFO  | SCMAudit | user=jenkins1000 | ip=192.168.157.249 | op=SEND_HEARTBEAT {datanodeUUID=35f04ff1-b93c-4ae0-b494-c5f2981bb056, command=[]} | ret=SUCCESS |  
2019-08-29 08:23:54,688 | INFO  | SCMAudit | user=jenkins1000 | ip=192.168.157.249 | op=SEND_HEARTBEAT {datanodeUUID=6d68ca61-c219-4724-b8bb-ddcd01f258b2, command=[]} | ret=SUCCESS |  
2019-08-29 08:23:54,757 | INFO  | SCMAudit | user=jenkins1000 | ip=192.168.157.249 | op=SEND_HEARTBEAT {datanodeUUID=f3091307-9c6d-4cf5-b619-8e6cca6f84c9, command=[]} | ret=SUCCESS |  
2019-08-29 08:23:54,757 | INFO  | SCMAudit | user=jenkins1000 | ip=192.168.157.249 | op=SEND_HEARTBEAT {datanodeUUID=2cd21838-1a98-4748-8882-d7146563928a, command=[]} | ret=SUCCESS |  
2019-08-29 08:23:54,787 | INFO  | SCMAudit | user=jenkins1000 | ip=192.168.157.249 | op=SEND_HEARTBEAT {datanodeUUID=24081c8f-d316-435d-a792-3431bfeb71b1, command=[]} | ret=SUCCESS |  
2019-08-29 08:23:54,789 | INFO  | SCMAudit | user=jenkins1000 | ip=192.168.157.249 | op=SEND_HEARTBEAT {datanodeUUID=500162f5-df4c-43d4-be22-b16b483ed3b9, command=[]} | ret=SUCCESS |  
2019-08-29 08:23:54,819 | INFO  | SCMAudit | user=jenkins1000 | ip=192.168.157.249 | op=SEND_HEARTBEAT {datanodeUUID=b3ac43d0-c6e0-46d8-bcc9-9ad695550644, command=[]} | ret=SUCCESS |  
2019-08-29 08:23:54,974 | INFO  | SCMAudit | user=jenkins1000 | ip=192.168.157.249 | op=SEND_HEARTBEAT {datanodeUUID=35f04ff1-b93c-4ae0-b494-c5f2981bb056, command=[]} | ret=SUCCESS |  
2019-08-29 08:23:55,687 | INFO  | SCMAudit | user=jenkins1000 | ip=192.168.157.249 | op=SEND_HEARTBEAT {datanodeUUID=6d68ca61-c219-4724-b8bb-ddcd01f258b2, command=[]} | ret=SUCCESS |  
2019-08-29 08:23:55,756 | INFO  | SCMAudit | user=jenkins1000 | ip=192.168.157.249 | op=SEND_HEARTBEAT {datanodeUUID=f3091307-9c6d-4cf5-b619-8e6cca6f84c9, command=[]} | ret=SUCCESS |  
2019-08-29 08:23:55,756 | INFO  | SCMAudit | user=jenkins1000 | ip=192.168.157.249 | op=SEND_HEARTBEAT {datanodeUUID=2cd21838-1a98-4748-8882-d7146563928a, command=[]} | ret=SUCCESS |  
2019-08-29 08:23:55,786 | INFO  | SCMAudit | user=jenkins1000 | ip=192.168.157.249 | op=SEND_HEARTBEAT {datanodeUUID=24081c8f-d316-435d-a792-3431bfeb71b1, command=[]} | ret=SUCCESS |  
2019-08-29 08:23:55,788 | INFO  | SCMAudit | user=jenkins1000 | ip=192.168.157.249 | op=SEND_HEARTBEAT {datanodeUUID=500162f5-df4c-43d4-be22-b16b483ed3b9, command=[]} | ret=SUCCESS |  
2019-08-29 08:23:55,819 | INFO  | SCMAudit | user=jenkins1000 | ip=192.168.157.249 | op=SEND_HEARTBEAT {datanodeUUID=b3ac43d0-c6e0-46d8-bcc9-9ad695550644, command=[]} | ret=SUCCESS |  
2019-08-29 08:23:55,975 | INFO  | SCMAudit | user=jenkins1000 | ip=192.168.157.249 | op=SEND_HEARTBEAT {datanodeUUID=35f04ff1-b93c-4ae0-b494-c5f2981bb056, command=[]} | ret=SUCCESS |  
2019-08-29 08:23:56,689 | INFO  | SCMAudit | user=jenkins1000 | ip=192.168.157.249 | op=SEND_HEARTBEAT {datanodeUUID=6d68ca61-c219-4724-b8bb-ddcd01f258b2, command=[]} | ret=SUCCESS |  
2019-08-29 08:23:56,757 | INFO  | SCMAudit | user=jenkins1000 | ip=192.168.157.249 | op=SEND_HEARTBEAT {datanodeUUID=f3091307-9c6d-4cf5-b619-8e6cca6f84c9, command=[]} | ret=SUCCESS |  
2019-08-29 08:23:56,757 | INFO  | SCMAudit | user=jenkins1000 | ip=192.168.157.249 | op=SEND_HEARTBEAT {datanodeUUID=2cd21838-1a98-4748-8882-d7146563928a, command=[]} | ret=SUCCESS |  
2019-08-29 08:23:56,787 | INFO  | SCMAudit | user=jenkins1000 | ip=192.168.157.249 | op=SEND_HEARTBEAT {datanodeUUID=24081c8f-d316-435d-a792-3431bfeb71b1, command=[]} | ret=SUCCESS |  
2019-08-29 08:23:56,788 | INFO  | SCMAudit | user=jenkins1000 | ip=192.168.157.249 | op=SEND_HEARTBEAT {datanodeUUID=500162f5-df4c-43d4-be22-b16b483ed3b9, command=[]} | ret=SUCCESS |  
2019-08-29 08:23:56,819 | INFO  | SCMAudit | user=jenkins1000 | ip=192.168.157.249 | op=SEND_HEARTBEAT {datanodeUUID=b3ac43d0-c6e0-46d8-bcc9-9ad695550644, command=[]} | ret=SUCCESS |  
2019-08-29 08:23:56,975 | INFO  | SCMAudit | user=jenkins1000 | ip=192.168.157.249 | op=SEND_HEARTBEAT {datanodeUUID=35f04ff1-b93c-4ae0-b494-c5f2981bb056, command=[]} | ret=SUCCESS |  
2019-08-29 08:23:57,686 | INFO  | SCMAudit | user=jenkins1000 | ip=192.168.157.249 | op=SEND_HEARTBEAT {datanodeUUID=6d68ca61-c219-4724-b8bb-ddcd01f258b2, command=[]} | ret=SUCCESS |  
2019-08-29 08:23:57,757 | INFO  | SCMAudit | user=jenkins1000 | ip=192.168.157.249 | op=SEND_HEARTBEAT {datanodeUUID=f3091307-9c6d-4cf5-b619-8e6cca6f84c9, command=[]} | ret=SUCCESS |  
2019-08-29 08:23:57,757 | INFO  | SCMAudit | user=jenkins1000 | ip=192.168.157.249 | op=SEND_HEARTBEAT {datanodeUUID=2cd21838-1a98-4748-8882-d7146563928a, command=[]} | ret=SUCCESS |  
2019-08-29 08:23:57,786 | INFO  | SCMAudit | user=jenkins1000 | ip=192.168.157.249 | op=SEND_HEARTBEAT {datanodeUUID=24081c8f-d316-435d-a792-3431bfeb71b1, command=[]} | ret=SUCCESS |  
2019-08-29 08:23:57,789 | INFO  | SCMAudit | user=jenkins1000 | ip=192.168.157.249 | op=SEND_HEARTBEAT {datanodeUUID=500162f5-df4c-43d4-be22-b16b483ed3b9, command=[]} | ret=SUCCESS |  
2019-08-29 08:23:57,820 | INFO  | SCMAudit | user=jenkins1000 | ip=192.168.157.249 | op=SEND_HEARTBEAT {datanodeUUID=b3ac43d0-c6e0-46d8-bcc9-9ad695550644, command=[]} | ret=SUCCESS |  
2019-08-29 08:23:57,974 | INFO  | SCMAudit | user=jenkins1000 | ip=192.168.157.249 | op=SEND_HEARTBEAT {datanodeUUID=35f04ff1-b93c-4ae0-b494-c5f2981bb056, command=[]} | ret=SUCCESS |  
2019-08-29 08:23:58,256 [grpc-default-executor-2] INFO  client.GrpcClientProtocolClient (GrpcClientProtocolClient.java:onNext(255)) - client-56A4EE866ECF->24081c8f-d316-435d-a792-3431bfeb71b1: receive RaftClientReply:client-56A4EE866ECF->24081c8f-d316-435d-a792-3431bfeb71b1@group-273770D6E455, cid=45, FAILED org.apache.ratis.protocol.NotLeaderException: Server 24081c8f-d316-435d-a792-3431bfeb71b1 is not the leader (2cd21838-1a98-4748-8882-d7146563928a:192.168.157.249:40808). Request must be sent to leader., logIndex=0, commits[24081c8f-d316-435d-a792-3431bfeb71b1:c8, 2cd21838-1a98-4748-8882-d7146563928a:c8, 500162f5-df4c-43d4-be22-b16b483ed3b9:c8]
2019-08-29 08:23:58,687 | INFO  | SCMAudit | user=jenkins1000 | ip=192.168.157.249 | op=SEND_HEARTBEAT {datanodeUUID=6d68ca61-c219-4724-b8bb-ddcd01f258b2, command=[]} | ret=SUCCESS |  
2019-08-29 08:23:58,758 | INFO  | SCMAudit | user=jenkins1000 | ip=192.168.157.249 | op=SEND_HEARTBEAT {datanodeUUID=f3091307-9c6d-4cf5-b619-8e6cca6f84c9, command=[]} | ret=SUCCESS |  
2019-08-29 08:23:58,758 | INFO  | SCMAudit | user=jenkins1000 | ip=192.168.157.249 | op=SEND_HEARTBEAT {datanodeUUID=2cd21838-1a98-4748-8882-d7146563928a, command=[]} | ret=SUCCESS |  
2019-08-29 08:23:58,787 | INFO  | SCMAudit | user=jenkins1000 | ip=192.168.157.249 | op=SEND_HEARTBEAT {datanodeUUID=24081c8f-d316-435d-a792-3431bfeb71b1, command=[]} | ret=SUCCESS |  
2019-08-29 08:23:58,788 | INFO  | SCMAudit | user=jenkins1000 | ip=192.168.157.249 | op=SEND_HEARTBEAT {datanodeUUID=500162f5-df4c-43d4-be22-b16b483ed3b9, command=[]} | ret=SUCCESS |  
2019-08-29 08:23:58,820 | INFO  | SCMAudit | user=jenkins1000 | ip=192.168.157.249 | op=SEND_HEARTBEAT {datanodeUUID=b3ac43d0-c6e0-46d8-bcc9-9ad695550644, command=[]} | ret=SUCCESS |  
2019-08-29 08:23:58,974 | INFO  | SCMAudit | user=jenkins1000 | ip=192.168.157.249 | op=SEND_HEARTBEAT {datanodeUUID=35f04ff1-b93c-4ae0-b494-c5f2981bb056, command=[]} | ret=SUCCESS |  
2019-08-29 08:23:59,690 | INFO  | SCMAudit | user=jenkins1000 | ip=192.168.157.249 | op=SEND_HEARTBEAT {datanodeUUID=6d68ca61-c219-4724-b8bb-ddcd01f258b2, command=[]} | ret=SUCCESS |  
2019-08-29 08:23:59,757 | INFO  | SCMAudit | user=jenkins1000 | ip=192.168.157.249 | op=SEND_HEARTBEAT {datanodeUUID=2cd21838-1a98-4748-8882-d7146563928a, command=[]} | ret=SUCCESS |  
2019-08-29 08:23:59,757 | INFO  | SCMAudit | user=jenkins1000 | ip=192.168.157.249 | op=SEND_HEARTBEAT {datanodeUUID=f3091307-9c6d-4cf5-b619-8e6cca6f84c9, command=[]} | ret=SUCCESS |  
2019-08-29 08:23:59,786 | INFO  | SCMAudit | user=jenkins1000 | ip=192.168.157.249 | op=SEND_HEARTBEAT {datanodeUUID=24081c8f-d316-435d-a792-3431bfeb71b1, command=[]} | ret=SUCCESS |  
2019-08-29 08:23:59,788 | INFO  | SCMAudit | user=jenkins1000 | ip=192.168.157.249 | op=SEND_HEARTBEAT {datanodeUUID=500162f5-df4c-43d4-be22-b16b483ed3b9, command=[]} | ret=SUCCESS |  
2019-08-29 08:23:59,820 | INFO  | SCMAudit | user=jenkins1000 | ip=192.168.157.249 | op=SEND_HEARTBEAT {datanodeUUID=b3ac43d0-c6e0-46d8-bcc9-9ad695550644, command=[]} | ret=SUCCESS |  
2019-08-29 08:23:59,975 | INFO  | SCMAudit | user=jenkins1000 | ip=192.168.157.249 | op=SEND_HEARTBEAT {datanodeUUID=35f04ff1-b93c-4ae0-b494-c5f2981bb056, command=[]} | ret=SUCCESS |  
2019-08-29 08:24:00,688 | INFO  | SCMAudit | user=jenkins1000 | ip=192.168.157.249 | op=SEND_HEARTBEAT {datanodeUUID=6d68ca61-c219-4724-b8bb-ddcd01f258b2, command=[]} | ret=SUCCESS |  
2019-08-29 08:24:00,758 | INFO  | SCMAudit | user=jenkins1000 | ip=192.168.157.249 | op=SEND_HEARTBEAT {datanodeUUID=2cd21838-1a98-4748-8882-d7146563928a, command=[]} | ret=SUCCESS |  
2019-08-29 08:24:00,758 | INFO  | SCMAudit | user=jenkins1000 | ip=192.168.157.249 | op=SEND_HEARTBEAT {datanodeUUID=f3091307-9c6d-4cf5-b619-8e6cca6f84c9, command=[]} | ret=SUCCESS |  
2019-08-29 08:24:00,787 | INFO  | SCMAudit | user=jenkins1000 | ip=192.168.157.249 | op=SEND_HEARTBEAT {datanodeUUID=24081c8f-d316-435d-a792-3431bfeb71b1, command=[]} | ret=SUCCESS |  
2019-08-29 08:24:00,788 | INFO  | SCMAudit | user=jenkins1000 | ip=192.168.157.249 | op=SEND_HEARTBEAT {datanodeUUID=500162f5-df4c-43d4-be22-b16b483ed3b9, command=[]} | ret=SUCCESS |  
2019-08-29 08:24:00,820 | INFO  | SCMAudit | user=jenkins1000 | ip=192.168.157.249 | op=SEND_HEARTBEAT {datanodeUUID=b3ac43d0-c6e0-46d8-bcc9-9ad695550644, command=[]} | ret=SUCCESS |  
2019-08-29 08:24:00,975 | INFO  | SCMAudit | user=jenkins1000 | ip=192.168.157.249 | op=SEND_HEARTBEAT {datanodeUUID=35f04ff1-b93c-4ae0-b494-c5f2981bb056, command=[]} | ret=SUCCESS |  
2019-08-29 08:24:01,689 | INFO  | SCMAudit | user=jenkins1000 | ip=192.168.157.249 | op=SEND_HEARTBEAT {datanodeUUID=6d68ca61-c219-4724-b8bb-ddcd01f258b2, command=[]} | ret=SUCCESS |  
2019-08-29 08:24:01,758 | INFO  | SCMAudit | user=jenkins1000 | ip=192.168.157.249 | op=SEND_HEARTBEAT {datanodeUUID=f3091307-9c6d-4cf5-b619-8e6cca6f84c9, command=[]} | ret=SUCCESS |  
2019-08-29 08:24:01,758 | INFO  | SCMAudit | user=jenkins1000 | ip=192.168.157.249 | op=SEND_HEARTBEAT {datanodeUUID=2cd21838-1a98-4748-8882-d7146563928a, command=[]} | ret=SUCCESS |  
2019-08-29 08:24:01,786 | INFO  | SCMAudit | user=jenkins1000 | ip=192.168.157.249 | op=SEND_HEARTBEAT {datanodeUUID=24081c8f-d316-435d-a792-3431bfeb71b1, command=[]} | ret=SUCCESS |  
2019-08-29 08:24:01,789 | INFO  | SCMAudit | user=jenkins1000 | ip=192.168.157.249 | op=SEND_HEARTBEAT {datanodeUUID=500162f5-df4c-43d4-be22-b16b483ed3b9, command=[]} | ret=SUCCESS |  
2019-08-29 08:24:01,820 | INFO  | SCMAudit | user=jenkins1000 | ip=192.168.157.249 | op=SEND_HEARTBEAT {datanodeUUID=b3ac43d0-c6e0-46d8-bcc9-9ad695550644, command=[]} | ret=SUCCESS |  
2019-08-29 08:24:01,975 | INFO  | SCMAudit | user=jenkins1000 | ip=192.168.157.249 | op=SEND_HEARTBEAT {datanodeUUID=35f04ff1-b93c-4ae0-b494-c5f2981bb056, command=[]} | ret=SUCCESS |  
2019-08-29 08:24:02,689 | INFO  | SCMAudit | user=jenkins1000 | ip=192.168.157.249 | op=SEND_HEARTBEAT {datanodeUUID=6d68ca61-c219-4724-b8bb-ddcd01f258b2, command=[]} | ret=SUCCESS |  
2019-08-29 08:24:02,758 | INFO  | SCMAudit | user=jenkins1000 | ip=192.168.157.249 | op=SEND_HEARTBEAT {datanodeUUID=2cd21838-1a98-4748-8882-d7146563928a, command=[]} | ret=SUCCESS |  
2019-08-29 08:24:02,758 | INFO  | SCMAudit | user=jenkins1000 | ip=192.168.157.249 | op=SEND_HEARTBEAT {datanodeUUID=f3091307-9c6d-4cf5-b619-8e6cca6f84c9, command=[]} | ret=SUCCESS |  
2019-08-29 08:24:02,786 | INFO  | SCMAudit | user=jenkins1000 | ip=192.168.157.249 | op=SEND_HEARTBEAT {datanodeUUID=24081c8f-d316-435d-a792-3431bfeb71b1, command=[]} | ret=SUCCESS |  
2019-08-29 08:24:02,788 | INFO  | SCMAudit | user=jenkins1000 | ip=192.168.157.249 | op=SEND_HEARTBEAT {datanodeUUID=500162f5-df4c-43d4-be22-b16b483ed3b9, command=[]} | ret=SUCCESS |  
2019-08-29 08:24:02,821 | INFO  | SCMAudit | user=jenkins1000 | ip=192.168.157.249 | op=SEND_HEARTBEAT {datanodeUUID=b3ac43d0-c6e0-46d8-bcc9-9ad695550644, command=[]} | ret=SUCCESS |  
2019-08-29 08:24:02,976 | INFO  | SCMAudit | user=jenkins1000 | ip=192.168.157.249 | op=SEND_HEARTBEAT {datanodeUUID=35f04ff1-b93c-4ae0-b494-c5f2981bb056, command=[]} | ret=SUCCESS |  
2019-08-29 08:24:03,318 [grpc-default-executor-0] INFO  client.GrpcClientProtocolClient (GrpcClientProtocolClient.java:onNext(255)) - client-56A4EE866ECF->500162f5-df4c-43d4-be22-b16b483ed3b9: receive RaftClientReply:client-56A4EE866ECF->500162f5-df4c-43d4-be22-b16b483ed3b9@group-273770D6E455, cid=45, FAILED org.apache.ratis.protocol.NotLeaderException: Server 500162f5-df4c-43d4-be22-b16b483ed3b9 is not the leader (2cd21838-1a98-4748-8882-d7146563928a:192.168.157.249:40808). Request must be sent to leader., logIndex=0, commits[500162f5-df4c-43d4-be22-b16b483ed3b9:c8, 2cd21838-1a98-4748-8882-d7146563928a:c8, 24081c8f-d316-435d-a792-3431bfeb71b1:c8]
2019-08-29 08:24:03,689 | INFO  | SCMAudit | user=jenkins1000 | ip=192.168.157.249 | op=SEND_HEARTBEAT {datanodeUUID=6d68ca61-c219-4724-b8bb-ddcd01f258b2, command=[]} | ret=SUCCESS |  
2019-08-29 08:24:03,758 | INFO  | SCMAudit | user=jenkins1000 | ip=192.168.157.249 | op=SEND_HEARTBEAT {datanodeUUID=2cd21838-1a98-4748-8882-d7146563928a, command=[]} | ret=SUCCESS |  
2019-08-29 08:24:03,758 | INFO  | SCMAudit | user=jenkins1000 | ip=192.168.157.249 | op=SEND_HEARTBEAT {datanodeUUID=f3091307-9c6d-4cf5-b619-8e6cca6f84c9, command=[]} | ret=SUCCESS |  
2019-08-29 08:24:03,786 | INFO  | SCMAudit | user=jenkins1000 | ip=192.168.157.249 | op=SEND_HEARTBEAT {datanodeUUID=24081c8f-d316-435d-a792-3431bfeb71b1, command=[]} | ret=SUCCESS |  
2019-08-29 08:24:03,788 | INFO  | SCMAudit | user=jenkins1000 | ip=192.168.157.249 | op=SEND_HEARTBEAT {datanodeUUID=500162f5-df4c-43d4-be22-b16b483ed3b9, command=[]} | ret=SUCCESS |  
2019-08-29 08:24:03,820 | INFO  | SCMAudit | user=jenkins1000 | ip=192.168.157.249 | op=SEND_HEARTBEAT {datanodeUUID=b3ac43d0-c6e0-46d8-bcc9-9ad695550644, command=[]} | ret=SUCCESS |  
2019-08-29 08:24:03,976 | INFO  | SCMAudit | user=jenkins1000 | ip=192.168.157.249 | op=SEND_HEARTBEAT {datanodeUUID=35f04ff1-b93c-4ae0-b494-c5f2981bb056, command=[]} | ret=SUCCESS |  
2019-08-29 08:24:04,689 | INFO  | SCMAudit | user=jenkins1000 | ip=192.168.157.249 | op=SEND_HEARTBEAT {datanodeUUID=6d68ca61-c219-4724-b8bb-ddcd01f258b2, command=[]} | ret=SUCCESS |  
2019-08-29 08:24:04,759 | INFO  | SCMAudit | user=jenkins1000 | ip=192.168.157.249 | op=SEND_HEARTBEAT {datanodeUUID=f3091307-9c6d-4cf5-b619-8e6cca6f84c9, command=[]} | ret=SUCCESS |  
2019-08-29 08:24:04,759 | INFO  | SCMAudit | user=jenkins1000 | ip=192.168.157.249 | op=SEND_HEARTBEAT {datanodeUUID=2cd21838-1a98-4748-8882-d7146563928a, command=[]} | ret=SUCCESS |  
2019-08-29 08:24:04,787 | INFO  | SCMAudit | user=jenkins1000 | ip=192.168.157.249 | op=SEND_HEARTBEAT {datanodeUUID=24081c8f-d316-435d-a792-3431bfeb71b1, command=[]} | ret=SUCCESS |  
2019-08-29 08:24:04,788 | INFO  | SCMAudit | user=jenkins1000 | ip=192.168.157.249 | op=SEND_HEARTBEAT {datanodeUUID=500162f5-df4c-43d4-be22-b16b483ed3b9, command=[]} | ret=SUCCESS |  
2019-08-29 08:24:04,820 | INFO  | SCMAudit | user=jenkins1000 | ip=192.168.157.249 | op=SEND_HEARTBEAT {datanodeUUID=b3ac43d0-c6e0-46d8-bcc9-9ad695550644, command=[]} | ret=SUCCESS |  
2019-08-29 08:24:04,976 | INFO  | SCMAudit | user=jenkins1000 | ip=192.168.157.249 | op=SEND_HEARTBEAT {datanodeUUID=35f04ff1-b93c-4ae0-b494-c5f2981bb056, command=[]} | ret=SUCCESS |  
2019-08-29 08:24:05,690 | INFO  | SCMAudit | user=jenkins1000 | ip=192.168.157.249 | op=SEND_HEARTBEAT {datanodeUUID=6d68ca61-c219-4724-b8bb-ddcd01f258b2, command=[]} | ret=SUCCESS |  
2019-08-29 08:24:05,758 | INFO  | SCMAudit | user=jenkins1000 | ip=192.168.157.249 | op=SEND_HEARTBEAT {datanodeUUID=2cd21838-1a98-4748-8882-d7146563928a, command=[]} | ret=SUCCESS |  
2019-08-29 08:24:05,758 | INFO  | SCMAudit | user=jenkins1000 | ip=192.168.157.249 | op=SEND_HEARTBEAT {datanodeUUID=f3091307-9c6d-4cf5-b619-8e6cca6f84c9, command=[]} | ret=SUCCESS |  
2019-08-29 08:24:05,787 | INFO  | SCMAudit | user=jenkins1000 | ip=192.168.157.249 | op=SEND_HEARTBEAT {datanodeUUID=24081c8f-d316-435d-a792-3431bfeb71b1, command=[]} | ret=SUCCESS |  
2019-08-29 08:24:05,788 | INFO  | SCMAudit | user=jenkins1000 | ip=192.168.157.249 | op=SEND_HEARTBEAT {datanodeUUID=500162f5-df4c-43d4-be22-b16b483ed3b9, command=[]} | ret=SUCCESS |  
2019-08-29 08:24:05,820 | INFO  | SCMAudit | user=jenkins1000 | ip=192.168.157.249 | op=SEND_HEARTBEAT {datanodeUUID=b3ac43d0-c6e0-46d8-bcc9-9ad695550644, command=[]} | ret=SUCCESS |  
2019-08-29 08:24:05,977 | INFO  | SCMAudit | user=jenkins1000 | ip=192.168.157.249 | op=SEND_HEARTBEAT {datanodeUUID=35f04ff1-b93c-4ae0-b494-c5f2981bb056, command=[]} | ret=SUCCESS |  
2019-08-29 08:24:06,690 | INFO  | SCMAudit | user=jenkins1000 | ip=192.168.157.249 | op=SEND_HEARTBEAT {datanodeUUID=6d68ca61-c219-4724-b8bb-ddcd01f258b2, command=[]} | ret=SUCCESS |  
2019-08-29 08:24:06,759 | INFO  | SCMAudit | user=jenkins1000 | ip=192.168.157.249 | op=SEND_HEARTBEAT {datanodeUUID=f3091307-9c6d-4cf5-b619-8e6cca6f84c9, command=[]} | ret=SUCCESS |  
2019-08-29 08:24:06,759 | INFO  | SCMAudit | user=jenkins1000 | ip=192.168.157.249 | op=SEND_HEARTBEAT {datanodeUUID=2cd21838-1a98-4748-8882-d7146563928a, command=[]} | ret=SUCCESS |  
2019-08-29 08:24:06,788 | INFO  | SCMAudit | user=jenkins1000 | ip=192.168.157.249 | op=SEND_HEARTBEAT {datanodeUUID=24081c8f-d316-435d-a792-3431bfeb71b1, command=[]} | ret=SUCCESS |  
2019-08-29 08:24:06,788 | INFO  | SCMAudit | user=jenkins1000 | ip=192.168.157.249 | op=SEND_HEARTBEAT {datanodeUUID=500162f5-df4c-43d4-be22-b16b483ed3b9, command=[]} | ret=SUCCESS |  
2019-08-29 08:24:06,821 | INFO  | SCMAudit | user=jenkins1000 | ip=192.168.157.249 | op=SEND_HEARTBEAT {datanodeUUID=b3ac43d0-c6e0-46d8-bcc9-9ad695550644, command=[]} | ret=SUCCESS |  
2019-08-29 08:24:06,976 | INFO  | SCMAudit | user=jenkins1000 | ip=192.168.157.249 | op=SEND_HEARTBEAT {datanodeUUID=35f04ff1-b93c-4ae0-b494-c5f2981bb056, command=[]} | ret=SUCCESS |  
2019-08-29 08:24:07,690 | INFO  | SCMAudit | user=jenkins1000 | ip=192.168.157.249 | op=SEND_HEARTBEAT {datanodeUUID=6d68ca61-c219-4724-b8bb-ddcd01f258b2, command=[]} | ret=SUCCESS |  
2019-08-29 08:24:07,758 | INFO  | SCMAudit | user=jenkins1000 | ip=192.168.157.249 | op=SEND_HEARTBEAT {datanodeUUID=2cd21838-1a98-4748-8882-d7146563928a, command=[]} | ret=SUCCESS |  
2019-08-29 08:24:07,758 | INFO  | SCMAudit | user=jenkins1000 | ip=192.168.157.249 | op=SEND_HEARTBEAT {datanodeUUID=f3091307-9c6d-4cf5-b619-8e6cca6f84c9, command=[]} | ret=SUCCESS |  
2019-08-29 08:24:07,787 | INFO  | SCMAudit | user=jenkins1000 | ip=192.168.157.249 | op=SEND_HEARTBEAT {datanodeUUID=24081c8f-d316-435d-a792-3431bfeb71b1, command=[]} | ret=SUCCESS |  
2019-08-29 08:24:07,788 | INFO  | SCMAudit | user=jenkins1000 | ip=192.168.157.249 | op=SEND_HEARTBEAT {datanodeUUID=500162f5-df4c-43d4-be22-b16b483ed3b9, command=[]} | ret=SUCCESS |  
2019-08-29 08:24:07,821 | INFO  | SCMAudit | user=jenkins1000 | ip=192.168.157.249 | op=SEND_HEARTBEAT {datanodeUUID=b3ac43d0-c6e0-46d8-bcc9-9ad695550644, command=[]} | ret=SUCCESS |  
2019-08-29 08:24:07,976 | INFO  | SCMAudit | user=jenkins1000 | ip=192.168.157.249 | op=SEND_HEARTBEAT {datanodeUUID=35f04ff1-b93c-4ae0-b494-c5f2981bb056, command=[]} | ret=SUCCESS |  
2019-08-29 08:24:08,368 [grpc-default-executor-2] INFO  client.GrpcClientProtocolClient (GrpcClientProtocolClient.java:onNext(255)) - client-56A4EE866ECF->500162f5-df4c-43d4-be22-b16b483ed3b9: receive RaftClientReply:client-56A4EE866ECF->500162f5-df4c-43d4-be22-b16b483ed3b9@group-273770D6E455, cid=45, FAILED org.apache.ratis.protocol.NotLeaderException: Server 500162f5-df4c-43d4-be22-b16b483ed3b9 is not the leader (2cd21838-1a98-4748-8882-d7146563928a:192.168.157.249:40808). Request must be sent to leader., logIndex=0, commits[500162f5-df4c-43d4-be22-b16b483ed3b9:c8, 2cd21838-1a98-4748-8882-d7146563928a:c8, 24081c8f-d316-435d-a792-3431bfeb71b1:c8]
2019-08-29 08:24:08,689 | INFO  | SCMAudit | user=jenkins1000 | ip=192.168.157.249 | op=SEND_HEARTBEAT {datanodeUUID=6d68ca61-c219-4724-b8bb-ddcd01f258b2, command=[]} | ret=SUCCESS |  
2019-08-29 08:24:08,759 | INFO  | SCMAudit | user=jenkins1000 | ip=192.168.157.249 | op=SEND_HEARTBEAT {datanodeUUID=2cd21838-1a98-4748-8882-d7146563928a, command=[]} | ret=SUCCESS |  
2019-08-29 08:24:08,759 | INFO  | SCMAudit | user=jenkins1000 | ip=192.168.157.249 | op=SEND_HEARTBEAT {datanodeUUID=f3091307-9c6d-4cf5-b619-8e6cca6f84c9, command=[]} | ret=SUCCESS |  
2019-08-29 08:24:08,788 | INFO  | SCMAudit | user=jenkins1000 | ip=192.168.157.249 | op=SEND_HEARTBEAT {datanodeUUID=24081c8f-d316-435d-a792-3431bfeb71b1, command=[]} | ret=SUCCESS |  
2019-08-29 08:24:08,788 | INFO  | SCMAudit | user=jenkins1000 | ip=192.168.157.249 | op=SEND_HEARTBEAT {datanodeUUID=500162f5-df4c-43d4-be22-b16b483ed3b9, command=[]} | ret=SUCCESS |  
2019-08-29 08:24:08,821 | INFO  | SCMAudit | user=jenkins1000 | ip=192.168.157.249 | op=SEND_HEARTBEAT {datanodeUUID=b3ac43d0-c6e0-46d8-bcc9-9ad695550644, command=[]} | ret=SUCCESS |  
2019-08-29 08:24:08,977 | INFO  | SCMAudit | user=jenkins1000 | ip=192.168.157.249 | op=SEND_HEARTBEAT {datanodeUUID=35f04ff1-b93c-4ae0-b494-c5f2981bb056, command=[]} | ret=SUCCESS |  
2019-08-29 08:24:09,690 | INFO  | SCMAudit | user=jenkins1000 | ip=192.168.157.249 | op=SEND_HEARTBEAT {datanodeUUID=6d68ca61-c219-4724-b8bb-ddcd01f258b2, command=[]} | ret=SUCCESS |  
2019-08-29 08:24:09,759 | INFO  | SCMAudit | user=jenkins1000 | ip=192.168.157.249 | op=SEND_HEARTBEAT {datanodeUUID=2cd21838-1a98-4748-8882-d7146563928a, command=[]} | ret=SUCCESS |  
2019-08-29 08:24:09,759 | INFO  | SCMAudit | user=jenkins1000 | ip=192.168.157.249 | op=SEND_HEARTBEAT {datanodeUUID=f3091307-9c6d-4cf5-b619-8e6cca6f84c9, command=[]} | ret=SUCCESS |  
2019-08-29 08:24:09,787 | INFO  | SCMAudit | user=jenkins1000 | ip=192.168.157.249 | op=SEND_HEARTBEAT {datanodeUUID=24081c8f-d316-435d-a792-3431bfeb71b1, command=[]} | ret=SUCCESS |  
2019-08-29 08:24:09,788 | INFO  | SCMAudit | user=jenkins1000 | ip=192.168.157.249 | op=SEND_HEARTBEAT {datanodeUUID=500162f5-df4c-43d4-be22-b16b483ed3b9, command=[]} | ret=SUCCESS |  
2019-08-29 08:24:09,821 | INFO  | SCMAudit | user=jenkins1000 | ip=192.168.157.249 | op=SEND_HEARTBEAT {datanodeUUID=b3ac43d0-c6e0-46d8-bcc9-9ad695550644, command=[]} | ret=SUCCESS |  
2019-08-29 08:24:09,976 | INFO  | SCMAudit | user=jenkins1000 | ip=192.168.157.249 | op=SEND_HEARTBEAT {datanodeUUID=35f04ff1-b93c-4ae0-b494-c5f2981bb056, command=[]} | ret=SUCCESS |  
2019-08-29 08:24:10,689 | INFO  | SCMAudit | user=jenkins1000 | ip=192.168.157.249 | op=SEND_HEARTBEAT {datanodeUUID=6d68ca61-c219-4724-b8bb-ddcd01f258b2, command=[]} | ret=SUCCESS |  
2019-08-29 08:24:10,760 | INFO  | SCMAudit | user=jenkins1000 | ip=192.168.157.249 | op=SEND_HEARTBEAT {datanodeUUID=f3091307-9c6d-4cf5-b619-8e6cca6f84c9, command=[]} | ret=SUCCESS |  
2019-08-29 08:24:10,760 | INFO  | SCMAudit | user=jenkins1000 | ip=192.168.157.249 | op=SEND_HEARTBEAT {datanodeUUID=2cd21838-1a98-4748-8882-d7146563928a, command=[]} | ret=SUCCESS |  
2019-08-29 08:24:10,787 | INFO  | SCMAudit | user=jenkins1000 | ip=192.168.157.249 | op=SEND_HEARTBEAT {datanodeUUID=24081c8f-d316-435d-a792-3431bfeb71b1, command=[]} | ret=SUCCESS |  
2019-08-29 08:24:10,788 | INFO  | SCMAudit | user=jenkins1000 | ip=192.168.157.249 | op=SEND_HEARTBEAT {datanodeUUID=500162f5-df4c-43d4-be22-b16b483ed3b9, command=[]} | ret=SUCCESS |  
2019-08-29 08:24:10,821 | INFO  | SCMAudit | user=jenkins1000 | ip=192.168.157.249 | op=SEND_HEARTBEAT {datanodeUUID=b3ac43d0-c6e0-46d8-bcc9-9ad695550644, command=[]} | ret=SUCCESS |  
2019-08-29 08:24:10,976 | INFO  | SCMAudit | user=jenkins1000 | ip=192.168.157.249 | op=SEND_HEARTBEAT {datanodeUUID=35f04ff1-b93c-4ae0-b494-c5f2981bb056, command=[]} | ret=SUCCESS |  
2019-08-29 08:24:11,690 | INFO  | SCMAudit | user=jenkins1000 | ip=192.168.157.249 | op=SEND_HEARTBEAT {datanodeUUID=6d68ca61-c219-4724-b8bb-ddcd01f258b2, command=[]} | ret=SUCCESS |  
2019-08-29 08:24:11,759 | INFO  | SCMAudit | user=jenkins1000 | ip=192.168.157.249 | op=SEND_HEARTBEAT {datanodeUUID=f3091307-9c6d-4cf5-b619-8e6cca6f84c9, command=[]} | ret=SUCCESS |  
2019-08-29 08:24:11,759 | INFO  | SCMAudit | user=jenkins1000 | ip=192.168.157.249 | op=SEND_HEARTBEAT {datanodeUUID=2cd21838-1a98-4748-8882-d7146563928a, command=[]} | ret=SUCCESS |  
2019-08-29 08:24:11,787 | INFO  | SCMAudit | user=jenkins1000 | ip=192.168.157.249 | op=SEND_HEARTBEAT {datanodeUUID=24081c8f-d316-435d-a792-3431bfeb71b1, command=[]} | ret=SUCCESS |  
2019-08-29 08:24:11,788 | INFO  | SCMAudit | user=jenkins1000 | ip=192.168.157.249 | op=SEND_HEARTBEAT {datanodeUUID=500162f5-df4c-43d4-be22-b16b483ed3b9, command=[]} | ret=SUCCESS |  
2019-08-29 08:24:11,821 | INFO  | SCMAudit | user=jenkins1000 | ip=192.168.157.249 | op=SEND_HEARTBEAT {datanodeUUID=b3ac43d0-c6e0-46d8-bcc9-9ad695550644, command=[]} | ret=SUCCESS |  
2019-08-29 08:24:11,977 | INFO  | SCMAudit | user=jenkins1000 | ip=192.168.157.249 | op=SEND_HEARTBEAT {datanodeUUID=35f04ff1-b93c-4ae0-b494-c5f2981bb056, command=[]} | ret=SUCCESS |  
2019-08-29 08:24:12,691 | INFO  | SCMAudit | user=jenkins1000 | ip=192.168.157.249 | op=SEND_HEARTBEAT {datanodeUUID=6d68ca61-c219-4724-b8bb-ddcd01f258b2, command=[]} | ret=SUCCESS |  
2019-08-29 08:24:12,759 | INFO  | SCMAudit | user=jenkins1000 | ip=192.168.157.249 | op=SEND_HEARTBEAT {datanodeUUID=2cd21838-1a98-4748-8882-d7146563928a, command=[]} | ret=SUCCESS |  
2019-08-29 08:24:12,759 | INFO  | SCMAudit | user=jenkins1000 | ip=192.168.157.249 | op=SEND_HEARTBEAT {datanodeUUID=f3091307-9c6d-4cf5-b619-8e6cca6f84c9, command=[]} | ret=SUCCESS |  
2019-08-29 08:24:12,788 | INFO  | SCMAudit | user=jenkins1000 | ip=192.168.157.249 | op=SEND_HEARTBEAT {datanodeUUID=24081c8f-d316-435d-a792-3431bfeb71b1, command=[]} | ret=SUCCESS |  
2019-08-29 08:24:12,789 | INFO  | SCMAudit | user=jenkins1000 | ip=192.168.157.249 | op=SEND_HEARTBEAT {datanodeUUID=500162f5-df4c-43d4-be22-b16b483ed3b9, command=[]} | ret=SUCCESS |  
2019-08-29 08:24:12,821 | INFO  | SCMAudit | user=jenkins1000 | ip=192.168.157.249 | op=SEND_HEARTBEAT {datanodeUUID=b3ac43d0-c6e0-46d8-bcc9-9ad695550644, command=[]} | ret=SUCCESS |  
2019-08-29 08:24:12,977 | INFO  | SCMAudit | user=jenkins1000 | ip=192.168.157.249 | op=SEND_HEARTBEAT {datanodeUUID=35f04ff1-b93c-4ae0-b494-c5f2981bb056, command=[]} | ret=SUCCESS |  
2019-08-29 08:24:13,413 [grpc-default-executor-2] INFO  client.GrpcClientProtocolClient (GrpcClientProtocolClient.java:onNext(255)) - client-56A4EE866ECF->500162f5-df4c-43d4-be22-b16b483ed3b9: receive RaftClientReply:client-56A4EE866ECF->500162f5-df4c-43d4-be22-b16b483ed3b9@group-273770D6E455, cid=45, FAILED org.apache.ratis.protocol.NotLeaderException: Server 500162f5-df4c-43d4-be22-b16b483ed3b9 is not the leader (2cd21838-1a98-4748-8882-d7146563928a:192.168.157.249:40808). Request must be sent to leader., logIndex=0, commits[500162f5-df4c-43d4-be22-b16b483ed3b9:c8, 2cd21838-1a98-4748-8882-d7146563928a:c8, 24081c8f-d316-435d-a792-3431bfeb71b1:c8]
2019-08-29 08:24:13,690 | INFO  | SCMAudit | user=jenkins1000 | ip=192.168.157.249 | op=SEND_HEARTBEAT {datanodeUUID=6d68ca61-c219-4724-b8bb-ddcd01f258b2, command=[]} | ret=SUCCESS |  
2019-08-29 08:24:13,760 | INFO  | SCMAudit | user=jenkins1000 | ip=192.168.157.249 | op=SEND_HEARTBEAT {datanodeUUID=f3091307-9c6d-4cf5-b619-8e6cca6f84c9, command=[]} | ret=SUCCESS |  
2019-08-29 08:24:13,760 | INFO  | SCMAudit | user=jenkins1000 | ip=192.168.157.249 | op=SEND_HEARTBEAT {datanodeUUID=2cd21838-1a98-4748-8882-d7146563928a, command=[]} | ret=SUCCESS |  
2019-08-29 08:24:13,788 | INFO  | SCMAudit | user=jenkins1000 | ip=192.168.157.249 | op=SEND_HEARTBEAT {datanodeUUID=24081c8f-d316-435d-a792-3431bfeb71b1, command=[]} | ret=SUCCESS |  
2019-08-29 08:24:13,788 | INFO  | SCMAudit | user=jenkins1000 | ip=192.168.157.249 | op=SEND_HEARTBEAT {datanodeUUID=500162f5-df4c-43d4-be22-b16b483ed3b9, command=[]} | ret=SUCCESS |  
2019-08-29 08:24:13,822 | INFO  | SCMAudit | user=jenkins1000 | ip=192.168.157.249 | op=SEND_HEARTBEAT {datanodeUUID=b3ac43d0-c6e0-46d8-bcc9-9ad695550644, command=[]} | ret=SUCCESS |  
2019-08-29 08:24:13,976 | INFO  | SCMAudit | user=jenkins1000 | ip=192.168.157.249 | op=SEND_HEARTBEAT {datanodeUUID=35f04ff1-b93c-4ae0-b494-c5f2981bb056, command=[]} | ret=SUCCESS |  
2019-08-29 08:24:14,690 | INFO  | SCMAudit | user=jenkins1000 | ip=192.168.157.249 | op=SEND_HEARTBEAT {datanodeUUID=6d68ca61-c219-4724-b8bb-ddcd01f258b2, command=[]} | ret=SUCCESS |  
2019-08-29 08:24:14,760 | INFO  | SCMAudit | user=jenkins1000 | ip=192.168.157.249 | op=SEND_HEARTBEAT {datanodeUUID=f3091307-9c6d-4cf5-b619-8e6cca6f84c9, command=[]} | ret=SUCCESS |  
2019-08-29 08:24:14,760 | INFO  | SCMAudit | user=jenkins1000 | ip=192.168.157.249 | op=SEND_HEARTBEAT {datanodeUUID=2cd21838-1a98-4748-8882-d7146563928a, command=[]} | ret=SUCCESS |  
2019-08-29 08:24:14,788 | INFO  | SCMAudit | user=jenkins1000 | ip=192.168.157.249 | op=SEND_HEARTBEAT {datanodeUUID=24081c8f-d316-435d-a792-3431bfeb71b1, command=[]} | ret=SUCCESS |  
2019-08-29 08:24:14,789 | INFO  | SCMAudit | user=jenkins1000 | ip=192.168.157.249 | op=SEND_HEARTBEAT {datanodeUUID=500162f5-df4c-43d4-be22-b16b483ed3b9, command=[]} | ret=SUCCESS |  
2019-08-29 08:24:14,821 | INFO  | SCMAudit | user=jenkins1000 | ip=192.168.157.249 | op=SEND_HEARTBEAT {datanodeUUID=b3ac43d0-c6e0-46d8-bcc9-9ad695550644, command=[]} | ret=SUCCESS |  
2019-08-29 08:24:14,977 | INFO  | SCMAudit | user=jenkins1000 | ip=192.168.157.249 | op=SEND_HEARTBEAT {datanodeUUID=35f04ff1-b93c-4ae0-b494-c5f2981bb056, command=[]} | ret=SUCCESS |  
2019-08-29 08:24:15,690 | INFO  | SCMAudit | user=jenkins1000 | ip=192.168.157.249 | op=SEND_HEARTBEAT {datanodeUUID=6d68ca61-c219-4724-b8bb-ddcd01f258b2, command=[]} | ret=SUCCESS |  
2019-08-29 08:24:15,760 | INFO  | SCMAudit | user=jenkins1000 | ip=192.168.157.249 | op=SEND_HEARTBEAT {datanodeUUID=f3091307-9c6d-4cf5-b619-8e6cca6f84c9, command=[]} | ret=SUCCESS |  
2019-08-29 08:24:15,760 | INFO  | SCMAudit | user=jenkins1000 | ip=192.168.157.249 | op=SEND_HEARTBEAT {datanodeUUID=2cd21838-1a98-4748-8882-d7146563928a, command=[]} | ret=SUCCESS |  
2019-08-29 08:24:15,788 | INFO  | SCMAudit | user=jenkins1000 | ip=192.168.157.249 | op=SEND_HEARTBEAT {datanodeUUID=500162f5-df4c-43d4-be22-b16b483ed3b9, command=[]} | ret=SUCCESS |  
2019-08-29 08:24:15,788 | INFO  | SCMAudit | user=jenkins1000 | ip=192.168.157.249 | op=SEND_HEARTBEAT {datanodeUUID=24081c8f-d316-435d-a792-3431bfeb71b1, command=[]} | ret=SUCCESS |  
2019-08-29 08:24:15,821 | INFO  | SCMAudit | user=jenkins1000 | ip=192.168.157.249 | op=SEND_HEARTBEAT {datanodeUUID=b3ac43d0-c6e0-46d8-bcc9-9ad695550644, command=[]} | ret=SUCCESS |  
2019-08-29 08:24:15,977 | INFO  | SCMAudit | user=jenkins1000 | ip=192.168.157.249 | op=SEND_HEARTBEAT {datanodeUUID=35f04ff1-b93c-4ae0-b494-c5f2981bb056, command=[]} | ret=SUCCESS |  
2019-08-29 08:24:16,691 | INFO  | SCMAudit | user=jenkins1000 | ip=192.168.157.249 | op=SEND_HEARTBEAT {datanodeUUID=6d68ca61-c219-4724-b8bb-ddcd01f258b2, command=[]} | ret=SUCCESS |  
2019-08-29 08:24:16,760 | INFO  | SCMAudit | user=jenkins1000 | ip=192.168.157.249 | op=SEND_HEARTBEAT {datanodeUUID=2cd21838-1a98-4748-8882-d7146563928a, command=[]} | ret=SUCCESS |  
2019-08-29 08:24:16,760 | INFO  | SCMAudit | user=jenkins1000 | ip=192.168.157.249 | op=SEND_HEARTBEAT {datanodeUUID=f3091307-9c6d-4cf5-b619-8e6cca6f84c9, command=[]} | ret=SUCCESS |  
2019-08-29 08:24:16,788 | INFO  | SCMAudit | user=jenkins1000 | ip=192.168.157.249 | op=SEND_HEARTBEAT {datanodeUUID=24081c8f-d316-435d-a792-3431bfeb71b1, command=[]} | ret=SUCCESS |  
2019-08-29 08:24:16,789 | INFO  | SCMAudit | user=jenkins1000 | ip=192.168.157.249 | op=SEND_HEARTBEAT {datanodeUUID=500162f5-df4c-43d4-be22-b16b483ed3b9, command=[]} | ret=SUCCESS |  
2019-08-29 08:24:16,821 | INFO  | SCMAudit | user=jenkins1000 | ip=192.168.157.249 | op=SEND_HEARTBEAT {datanodeUUID=b3ac43d0-c6e0-46d8-bcc9-9ad695550644, command=[]} | ret=SUCCESS |  
2019-08-29 08:24:16,977 | INFO  | SCMAudit | user=jenkins1000 | ip=192.168.157.249 | op=SEND_HEARTBEAT {datanodeUUID=35f04ff1-b93c-4ae0-b494-c5f2981bb056, command=[]} | ret=SUCCESS |  
2019-08-29 08:24:17,692 | INFO  | SCMAudit | user=jenkins1000 | ip=192.168.157.249 | op=SEND_HEARTBEAT {datanodeUUID=6d68ca61-c219-4724-b8bb-ddcd01f258b2, command=[]} | ret=SUCCESS |  
2019-08-29 08:24:17,760 | INFO  | SCMAudit | user=jenkins1000 | ip=192.168.157.249 | op=SEND_HEARTBEAT {datanodeUUID=2cd21838-1a98-4748-8882-d7146563928a, command=[]} | ret=SUCCESS |  
2019-08-29 08:24:17,760 | INFO  | SCMAudit | user=jenkins1000 | ip=192.168.157.249 | op=SEND_HEARTBEAT {datanodeUUID=f3091307-9c6d-4cf5-b619-8e6cca6f84c9, command=[]} | ret=SUCCESS |  
2019-08-29 08:24:17,788 | INFO  | SCMAudit | user=jenkins1000 | ip=192.168.157.249 | op=SEND_HEARTBEAT {datanodeUUID=500162f5-df4c-43d4-be22-b16b483ed3b9, command=[]} | ret=SUCCESS |  
2019-08-29 08:24:17,788 | INFO  | SCMAudit | user=jenkins1000 | ip=192.168.157.249 | op=SEND_HEARTBEAT {datanodeUUID=24081c8f-d316-435d-a792-3431bfeb71b1, command=[]} | ret=SUCCESS |  
2019-08-29 08:24:17,822 | INFO  | SCMAudit | user=jenkins1000 | ip=192.168.157.249 | op=SEND_HEARTBEAT {datanodeUUID=b3ac43d0-c6e0-46d8-bcc9-9ad695550644, command=[]} | ret=SUCCESS |  
2019-08-29 08:24:17,977 | INFO  | SCMAudit | user=jenkins1000 | ip=192.168.157.249 | op=SEND_HEARTBEAT {datanodeUUID=35f04ff1-b93c-4ae0-b494-c5f2981bb056, command=[]} | ret=SUCCESS |  
2019-08-29 08:24:18,476 [grpc-default-executor-2] INFO  client.GrpcClientProtocolClient (GrpcClientProtocolClient.java:onNext(255)) - client-56A4EE866ECF->24081c8f-d316-435d-a792-3431bfeb71b1: receive RaftClientReply:client-56A4EE866ECF->24081c8f-d316-435d-a792-3431bfeb71b1@group-273770D6E455, cid=45, FAILED org.apache.ratis.protocol.NotLeaderException: Server 24081c8f-d316-435d-a792-3431bfeb71b1 is not the leader (2cd21838-1a98-4748-8882-d7146563928a:192.168.157.249:40808). Request must be sent to leader., logIndex=0, commits[24081c8f-d316-435d-a792-3431bfeb71b1:c8, 2cd21838-1a98-4748-8882-d7146563928a:c8, 500162f5-df4c-43d4-be22-b16b483ed3b9:c8]
2019-08-29 08:24:18,692 | INFO  | SCMAudit | user=jenkins1000 | ip=192.168.157.249 | op=SEND_HEARTBEAT {datanodeUUID=6d68ca61-c219-4724-b8bb-ddcd01f258b2, command=[]} | ret=SUCCESS |  
2019-08-29 08:24:18,760 | INFO  | SCMAudit | user=jenkins1000 | ip=192.168.157.249 | op=SEND_HEARTBEAT {datanodeUUID=2cd21838-1a98-4748-8882-d7146563928a, command=[]} | ret=SUCCESS |  
2019-08-29 08:24:18,761 | INFO  | SCMAudit | user=jenkins1000 | ip=192.168.157.249 | op=SEND_HEARTBEAT {datanodeUUID=f3091307-9c6d-4cf5-b619-8e6cca6f84c9, command=[]} | ret=SUCCESS |  
2019-08-29 08:24:18,788 | INFO  | SCMAudit | user=jenkins1000 | ip=192.168.157.249 | op=SEND_HEARTBEAT {datanodeUUID=500162f5-df4c-43d4-be22-b16b483ed3b9, command=[]} | ret=SUCCESS |  
2019-08-29 08:24:18,788 | INFO  | SCMAudit | user=jenkins1000 | ip=192.168.157.249 | op=SEND_HEARTBEAT {datanodeUUID=24081c8f-d316-435d-a792-3431bfeb71b1, command=[]} | ret=SUCCESS |  
2019-08-29 08:24:18,822 | INFO  | SCMAudit | user=jenkins1000 | ip=192.168.157.249 | op=SEND_HEARTBEAT {datanodeUUID=b3ac43d0-c6e0-46d8-bcc9-9ad695550644, command=[]} | ret=SUCCESS |  
2019-08-29 08:24:18,978 | INFO  | SCMAudit | user=jenkins1000 | ip=192.168.157.249 | op=SEND_HEARTBEAT {datanodeUUID=35f04ff1-b93c-4ae0-b494-c5f2981bb056, command=[]} | ret=SUCCESS |  
2019-08-29 08:24:19,693 | INFO  | SCMAudit | user=jenkins1000 | ip=192.168.157.249 | op=SEND_HEARTBEAT {datanodeUUID=6d68ca61-c219-4724-b8bb-ddcd01f258b2, command=[]} | ret=SUCCESS |  
2019-08-29 08:24:19,761 | INFO  | SCMAudit | user=jenkins1000 | ip=192.168.157.249 | op=SEND_HEARTBEAT {datanodeUUID=2cd21838-1a98-4748-8882-d7146563928a, command=[]} | ret=SUCCESS |  
2019-08-29 08:24:19,761 | INFO  | SCMAudit | user=jenkins1000 | ip=192.168.157.249 | op=SEND_HEARTBEAT {datanodeUUID=f3091307-9c6d-4cf5-b619-8e6cca6f84c9, command=[]} | ret=SUCCESS |  
2019-08-29 08:24:19,789 | INFO  | SCMAudit | user=jenkins1000 | ip=192.168.157.249 | op=SEND_HEARTBEAT {datanodeUUID=24081c8f-d316-435d-a792-3431bfeb71b1, command=[]} | ret=SUCCESS |  
2019-08-29 08:24:19,789 | INFO  | SCMAudit | user=jenkins1000 | ip=192.168.157.249 | op=SEND_HEARTBEAT {datanodeUUID=500162f5-df4c-43d4-be22-b16b483ed3b9, command=[]} | ret=SUCCESS |  
2019-08-29 08:24:19,822 | INFO  | SCMAudit | user=jenkins1000 | ip=192.168.157.249 | op=SEND_HEARTBEAT {datanodeUUID=b3ac43d0-c6e0-46d8-bcc9-9ad695550644, command=[]} | ret=SUCCESS |  
2019-08-29 08:24:19,977 | INFO  | SCMAudit | user=jenkins1000 | ip=192.168.157.249 | op=SEND_HEARTBEAT {datanodeUUID=35f04ff1-b93c-4ae0-b494-c5f2981bb056, command=[]} | ret=SUCCESS |  
2019-08-29 08:24:20,694 | INFO  | SCMAudit | user=jenkins1000 | ip=192.168.157.249 | op=SEND_HEARTBEAT {datanodeUUID=6d68ca61-c219-4724-b8bb-ddcd01f258b2, command=[]} | ret=SUCCESS |  
2019-08-29 08:24:20,760 | INFO  | SCMAudit | user=jenkins1000 | ip=192.168.157.249 | op=SEND_HEARTBEAT {datanodeUUID=2cd21838-1a98-4748-8882-d7146563928a, command=[]} | ret=SUCCESS |  
2019-08-29 08:24:20,761 | INFO  | SCMAudit | user=jenkins1000 | ip=192.168.157.249 | op=SEND_HEARTBEAT {datanodeUUID=f3091307-9c6d-4cf5-b619-8e6cca6f84c9, command=[]} | ret=SUCCESS |  
2019-08-29 08:24:20,788 | INFO  | SCMAudit | user=jenkins1000 | ip=192.168.157.249 | op=SEND_HEARTBEAT {datanodeUUID=500162f5-df4c-43d4-be22-b16b483ed3b9, command=[]} | ret=SUCCESS |  
2019-08-29 08:24:20,788 | INFO  | SCMAudit | user=jenkins1000 | ip=192.168.157.249 | op=SEND_HEARTBEAT {datanodeUUID=24081c8f-d316-435d-a792-3431bfeb71b1, command=[]} | ret=SUCCESS |  
2019-08-29 08:24:20,823 | INFO  | SCMAudit | user=jenkins1000 | ip=192.168.157.249 | op=SEND_HEARTBEAT {datanodeUUID=b3ac43d0-c6e0-46d8-bcc9-9ad695550644, command=[]} | ret=SUCCESS |  
2019-08-29 08:24:20,978 | INFO  | SCMAudit | user=jenkins1000 | ip=192.168.157.249 | op=SEND_HEARTBEAT {datanodeUUID=35f04ff1-b93c-4ae0-b494-c5f2981bb056, command=[]} | ret=SUCCESS |  
2019-08-29 08:24:21,693 | INFO  | SCMAudit | user=jenkins1000 | ip=192.168.157.249 | op=SEND_HEARTBEAT {datanodeUUID=6d68ca61-c219-4724-b8bb-ddcd01f258b2, command=[]} | ret=SUCCESS |  
2019-08-29 08:24:21,761 | INFO  | SCMAudit | user=jenkins1000 | ip=192.168.157.249 | op=SEND_HEARTBEAT {datanodeUUID=2cd21838-1a98-4748-8882-d7146563928a, command=[]} | ret=SUCCESS |  
2019-08-29 08:24:21,761 | INFO  | SCMAudit | user=jenkins1000 | ip=192.168.157.249 | op=SEND_HEARTBEAT {datanodeUUID=f3091307-9c6d-4cf5-b619-8e6cca6f84c9, command=[]} | ret=SUCCESS |  
2019-08-29 08:24:21,788 | INFO  | SCMAudit | user=jenkins1000 | ip=192.168.157.249 | op=SEND_HEARTBEAT {datanodeUUID=500162f5-df4c-43d4-be22-b16b483ed3b9, command=[]} | ret=SUCCESS |  
2019-08-29 08:24:21,788 | INFO  | SCMAudit | user=jenkins1000 | ip=192.168.157.249 | op=SEND_HEARTBEAT {datanodeUUID=24081c8f-d316-435d-a792-3431bfeb71b1, command=[]} | ret=SUCCESS |  
2019-08-29 08:24:21,823 | INFO  | SCMAudit | user=jenkins1000 | ip=192.168.157.249 | op=SEND_HEARTBEAT {datanodeUUID=b3ac43d0-c6e0-46d8-bcc9-9ad695550644, command=[]} | ret=SUCCESS |  
2019-08-29 08:24:21,977 | INFO  | SCMAudit | user=jenkins1000 | ip=192.168.157.249 | op=SEND_HEARTBEAT {datanodeUUID=35f04ff1-b93c-4ae0-b494-c5f2981bb056, command=[]} | ret=SUCCESS |  
2019-08-29 08:24:22,693 | INFO  | SCMAudit | user=jenkins1000 | ip=192.168.157.249 | op=SEND_HEARTBEAT {datanodeUUID=6d68ca61-c219-4724-b8bb-ddcd01f258b2, command=[]} | ret=SUCCESS |  
2019-08-29 08:24:22,761 | INFO  | SCMAudit | user=jenkins1000 | ip=192.168.157.249 | op=SEND_HEARTBEAT {datanodeUUID=2cd21838-1a98-4748-8882-d7146563928a, command=[]} | ret=SUCCESS |  
2019-08-29 08:24:22,761 | INFO  | SCMAudit | user=jenkins1000 | ip=192.168.157.249 | op=SEND_HEARTBEAT {datanodeUUID=f3091307-9c6d-4cf5-b619-8e6cca6f84c9, command=[]} | ret=SUCCESS |  
2019-08-29 08:24:22,788 | INFO  | SCMAudit | user=jenkins1000 | ip=192.168.157.249 | op=SEND_HEARTBEAT {datanodeUUID=500162f5-df4c-43d4-be22-b16b483ed3b9, command=[]} | ret=SUCCESS |  
2019-08-29 08:24:22,788 | INFO  | SCMAudit | user=jenkins1000 | ip=192.168.157.249 | op=SEND_HEARTBEAT {datanodeUUID=24081c8f-d316-435d-a792-3431bfeb71b1, command=[]} | ret=SUCCESS |  
2019-08-29 08:24:22,823 | INFO  | SCMAudit | user=jenkins1000 | ip=192.168.157.249 | op=SEND_HEARTBEAT {datanodeUUID=b3ac43d0-c6e0-46d8-bcc9-9ad695550644, command=[]} | ret=SUCCESS |  
2019-08-29 08:24:22,977 | INFO  | SCMAudit | user=jenkins1000 | ip=192.168.157.249 | op=SEND_HEARTBEAT {datanodeUUID=35f04ff1-b93c-4ae0-b494-c5f2981bb056, command=[]} | ret=SUCCESS |  
2019-08-29 08:24:23,527 [grpc-default-executor-2] INFO  client.GrpcClientProtocolClient (GrpcClientProtocolClient.java:onNext(255)) - client-56A4EE866ECF->24081c8f-d316-435d-a792-3431bfeb71b1: receive RaftClientReply:client-56A4EE866ECF->24081c8f-d316-435d-a792-3431bfeb71b1@group-273770D6E455, cid=45, FAILED org.apache.ratis.protocol.NotLeaderException: Server 24081c8f-d316-435d-a792-3431bfeb71b1 is not the leader (2cd21838-1a98-4748-8882-d7146563928a:192.168.157.249:40808). Request must be sent to leader., logIndex=0, commits[24081c8f-d316-435d-a792-3431bfeb71b1:c8, 2cd21838-1a98-4748-8882-d7146563928a:c8, 500162f5-df4c-43d4-be22-b16b483ed3b9:c8]
2019-08-29 08:24:23,694 | INFO  | SCMAudit | user=jenkins1000 | ip=192.168.157.249 | op=SEND_HEARTBEAT {datanodeUUID=6d68ca61-c219-4724-b8bb-ddcd01f258b2, command=[]} | ret=SUCCESS |  
2019-08-29 08:24:23,760 | INFO  | SCMAudit | user=jenkins1000 | ip=192.168.157.249 | op=SEND_HEARTBEAT {datanodeUUID=2cd21838-1a98-4748-8882-d7146563928a, command=[]} | ret=SUCCESS |  
2019-08-29 08:24:23,761 | INFO  | SCMAudit | user=jenkins1000 | ip=192.168.157.249 | op=SEND_HEARTBEAT {datanodeUUID=f3091307-9c6d-4cf5-b619-8e6cca6f84c9, command=[]} | ret=SUCCESS |  
2019-08-29 08:24:23,788 | INFO  | SCMAudit | user=jenkins1000 | ip=192.168.157.249 | op=SEND_HEARTBEAT {datanodeUUID=500162f5-df4c-43d4-be22-b16b483ed3b9, command=[]} | ret=SUCCESS |  
2019-08-29 08:24:23,789 | INFO  | SCMAudit | user=jenkins1000 | ip=192.168.157.249 | op=SEND_HEARTBEAT {datanodeUUID=24081c8f-d316-435d-a792-3431bfeb71b1, command=[]} | ret=SUCCESS |  
2019-08-29 08:24:23,823 | INFO  | SCMAudit | user=jenkins1000 | ip=192.168.157.249 | op=SEND_HEARTBEAT {datanodeUUID=b3ac43d0-c6e0-46d8-bcc9-9ad695550644, command=[]} | ret=SUCCESS |  
2019-08-29 08:24:23,978 | INFO  | SCMAudit | user=jenkins1000 | ip=192.168.157.249 | op=SEND_HEARTBEAT {datanodeUUID=35f04ff1-b93c-4ae0-b494-c5f2981bb056, command=[]} | ret=SUCCESS |  
2019-08-29 08:24:24,693 | INFO  | SCMAudit | user=jenkins1000 | ip=192.168.157.249 | op=SEND_HEARTBEAT {datanodeUUID=6d68ca61-c219-4724-b8bb-ddcd01f258b2, command=[]} | ret=SUCCESS |  
2019-08-29 08:24:24,761 | INFO  | SCMAudit | user=jenkins1000 | ip=192.168.157.249 | op=SEND_HEARTBEAT {datanodeUUID=2cd21838-1a98-4748-8882-d7146563928a, command=[]} | ret=SUCCESS |  
2019-08-29 08:24:24,761 | INFO  | SCMAudit | user=jenkins1000 | ip=192.168.157.249 | op=SEND_HEARTBEAT {datanodeUUID=f3091307-9c6d-4cf5-b619-8e6cca6f84c9, command=[]} | ret=SUCCESS |  
2019-08-29 08:24:24,788 | INFO  | SCMAudit | user=jenkins1000 | ip=192.168.157.249 | op=SEND_HEARTBEAT {datanodeUUID=500162f5-df4c-43d4-be22-b16b483ed3b9, command=[]} | ret=SUCCESS |  
2019-08-29 08:24:24,788 | INFO  | SCMAudit | user=jenkins1000 | ip=192.168.157.249 | op=SEND_HEARTBEAT {datanodeUUID=24081c8f-d316-435d-a792-3431bfeb71b1, command=[]} | ret=SUCCESS |  
2019-08-29 08:24:24,823 | INFO  | SCMAudit | user=jenkins1000 | ip=192.168.157.249 | op=SEND_HEARTBEAT {datanodeUUID=b3ac43d0-c6e0-46d8-bcc9-9ad695550644, command=[]} | ret=SUCCESS |  
2019-08-29 08:24:24,977 | INFO  | SCMAudit | user=jenkins1000 | ip=192.168.157.249 | op=SEND_HEARTBEAT {datanodeUUID=35f04ff1-b93c-4ae0-b494-c5f2981bb056, command=[]} | ret=SUCCESS |  
2019-08-29 08:24:25,693 | INFO  | SCMAudit | user=jenkins1000 | ip=192.168.157.249 | op=SEND_HEARTBEAT {datanodeUUID=6d68ca61-c219-4724-b8bb-ddcd01f258b2, command=[]} | ret=SUCCESS |  
2019-08-29 08:24:25,760 | INFO  | SCMAudit | user=jenkins1000 | ip=192.168.157.249 | op=SEND_HEARTBEAT {datanodeUUID=2cd21838-1a98-4748-8882-d7146563928a, command=[]} | ret=SUCCESS |  
2019-08-29 08:24:25,762 | INFO  | SCMAudit | user=jenkins1000 | ip=192.168.157.249 | op=SEND_HEARTBEAT {datanodeUUID=f3091307-9c6d-4cf5-b619-8e6cca6f84c9, command=[]} | ret=SUCCESS |  
2019-08-29 08:24:25,788 | INFO  | SCMAudit | user=jenkins1000 | ip=192.168.157.249 | op=SEND_HEARTBEAT {datanodeUUID=24081c8f-d316-435d-a792-3431bfeb71b1, command=[]} | ret=SUCCESS |  
2019-08-29 08:24:25,788 | INFO  | SCMAudit | user=jenkins1000 | ip=192.168.157.249 | op=SEND_HEARTBEAT {datanodeUUID=500162f5-df4c-43d4-be22-b16b483ed3b9, command=[]} | ret=SUCCESS |  
2019-08-29 08:24:25,823 | INFO  | SCMAudit | user=jenkins1000 | ip=192.168.157.249 | op=SEND_HEARTBEAT {datanodeUUID=b3ac43d0-c6e0-46d8-bcc9-9ad695550644, command=[]} | ret=SUCCESS |  
2019-08-29 08:24:25,978 | INFO  | SCMAudit | user=jenkins1000 | ip=192.168.157.249 | op=SEND_HEARTBEAT {datanodeUUID=35f04ff1-b93c-4ae0-b494-c5f2981bb056, command=[]} | ret=SUCCESS |  
2019-08-29 08:24:26,694 | INFO  | SCMAudit | user=jenkins1000 | ip=192.168.157.249 | op=SEND_HEARTBEAT {datanodeUUID=6d68ca61-c219-4724-b8bb-ddcd01f258b2, command=[]} | ret=SUCCESS |  
2019-08-29 08:24:26,760 | INFO  | SCMAudit | user=jenkins1000 | ip=192.168.157.249 | op=SEND_HEARTBEAT {datanodeUUID=2cd21838-1a98-4748-8882-d7146563928a, command=[]} | ret=SUCCESS |  
2019-08-29 08:24:26,762 | INFO  | SCMAudit | user=jenkins1000 | ip=192.168.157.249 | op=SEND_HEARTBEAT {datanodeUUID=f3091307-9c6d-4cf5-b619-8e6cca6f84c9, command=[]} | ret=SUCCESS |  
2019-08-29 08:24:26,788 | INFO  | SCMAudit | user=jenkins1000 | ip=192.168.157.249 | op=SEND_HEARTBEAT {datanodeUUID=500162f5-df4c-43d4-be22-b16b483ed3b9, command=[]} | ret=SUCCESS |  
2019-08-29 08:24:26,788 | INFO  | SCMAudit | user=jenkins1000 | ip=192.168.157.249 | op=SEND_HEARTBEAT {datanodeUUID=24081c8f-d316-435d-a792-3431bfeb71b1, command=[]} | ret=SUCCESS |  
2019-08-29 08:24:26,823 | INFO  | SCMAudit | user=jenkins1000 | ip=192.168.157.249 | op=SEND_HEARTBEAT {datanodeUUID=b3ac43d0-c6e0-46d8-bcc9-9ad695550644, command=[]} | ret=SUCCESS |  
2019-08-29 08:24:26,979 | INFO  | SCMAudit | user=jenkins1000 | ip=192.168.157.249 | op=SEND_HEARTBEAT {datanodeUUID=35f04ff1-b93c-4ae0-b494-c5f2981bb056, command=[]} | ret=SUCCESS |  
2019-08-29 08:24:27,693 | INFO  | SCMAudit | user=jenkins1000 | ip=192.168.157.249 | op=SEND_HEARTBEAT {datanodeUUID=6d68ca61-c219-4724-b8bb-ddcd01f258b2, command=[]} | ret=SUCCESS |  
2019-08-29 08:24:27,760 | INFO  | SCMAudit | user=jenkins1000 | ip=192.168.157.249 | op=SEND_HEARTBEAT {datanodeUUID=2cd21838-1a98-4748-8882-d7146563928a, command=[]} | ret=SUCCESS |  
2019-08-29 08:24:27,762 | INFO  | SCMAudit | user=jenkins1000 | ip=192.168.157.249 | op=SEND_HEARTBEAT {datanodeUUID=f3091307-9c6d-4cf5-b619-8e6cca6f84c9, command=[]} | ret=SUCCESS |  
2019-08-29 08:24:27,788 | INFO  | SCMAudit | user=jenkins1000 | ip=192.168.157.249 | op=SEND_HEARTBEAT {datanodeUUID=24081c8f-d316-435d-a792-3431bfeb71b1, command=[]} | ret=SUCCESS |  
2019-08-29 08:24:27,788 | INFO  | SCMAudit | user=jenkins1000 | ip=192.168.157.249 | op=SEND_HEARTBEAT {datanodeUUID=500162f5-df4c-43d4-be22-b16b483ed3b9, command=[]} | ret=SUCCESS |  
2019-08-29 08:24:27,824 | INFO  | SCMAudit | user=jenkins1000 | ip=192.168.157.249 | op=SEND_HEARTBEAT {datanodeUUID=b3ac43d0-c6e0-46d8-bcc9-9ad695550644, command=[]} | ret=SUCCESS |  
2019-08-29 08:24:27,978 | INFO  | SCMAudit | user=jenkins1000 | ip=192.168.157.249 | op=SEND_HEARTBEAT {datanodeUUID=35f04ff1-b93c-4ae0-b494-c5f2981bb056, command=[]} | ret=SUCCESS |  
2019-08-29 08:24:28,567 [grpc-default-executor-2] INFO  client.GrpcClientProtocolClient (GrpcClientProtocolClient.java:onNext(255)) - client-56A4EE866ECF->500162f5-df4c-43d4-be22-b16b483ed3b9: receive RaftClientReply:client-56A4EE866ECF->500162f5-df4c-43d4-be22-b16b483ed3b9@group-273770D6E455, cid=45, FAILED org.apache.ratis.protocol.NotLeaderException: Server 500162f5-df4c-43d4-be22-b16b483ed3b9 is not the leader (2cd21838-1a98-4748-8882-d7146563928a:192.168.157.249:40808). Request must be sent to leader., logIndex=0, commits[500162f5-df4c-43d4-be22-b16b483ed3b9:c8, 2cd21838-1a98-4748-8882-d7146563928a:c8, 24081c8f-d316-435d-a792-3431bfeb71b1:c8]
2019-08-29 08:24:28,694 | INFO  | SCMAudit | user=jenkins1000 | ip=192.168.157.249 | op=SEND_HEARTBEAT {datanodeUUID=6d68ca61-c219-4724-b8bb-ddcd01f258b2, command=[]} | ret=SUCCESS |  
2019-08-29 08:24:28,760 | INFO  | SCMAudit | user=jenkins1000 | ip=192.168.157.249 | op=SEND_HEARTBEAT {datanodeUUID=2cd21838-1a98-4748-8882-d7146563928a, command=[]} | ret=SUCCESS |  
2019-08-29 08:24:28,761 | INFO  | SCMAudit | user=jenkins1000 | ip=192.168.157.249 | op=SEND_HEARTBEAT {datanodeUUID=f3091307-9c6d-4cf5-b619-8e6cca6f84c9, command=[]} | ret=SUCCESS |  
2019-08-29 08:24:28,789 | INFO  | SCMAudit | user=jenkins1000 | ip=192.168.157.249 | op=SEND_HEARTBEAT {datanodeUUID=24081c8f-d316-435d-a792-3431bfeb71b1, command=[]} | ret=SUCCESS |  
2019-08-29 08:24:28,789 | INFO  | SCMAudit | user=jenkins1000 | ip=192.168.157.249 | op=SEND_HEARTBEAT {datanodeUUID=500162f5-df4c-43d4-be22-b16b483ed3b9, command=[]} | ret=SUCCESS |  
2019-08-29 08:24:28,824 | INFO  | SCMAudit | user=jenkins1000 | ip=192.168.157.249 | op=SEND_HEARTBEAT {datanodeUUID=b3ac43d0-c6e0-46d8-bcc9-9ad695550644, command=[]} | ret=SUCCESS |  
2019-08-29 08:24:28,979 | INFO  | SCMAudit | user=jenkins1000 | ip=192.168.157.249 | op=SEND_HEARTBEAT {datanodeUUID=35f04ff1-b93c-4ae0-b494-c5f2981bb056, command=[]} | ret=SUCCESS |  
2019-08-29 08:24:29,693 | INFO  | SCMAudit | user=jenkins1000 | ip=192.168.157.249 | op=SEND_HEARTBEAT {datanodeUUID=6d68ca61-c219-4724-b8bb-ddcd01f258b2, command=[]} | ret=SUCCESS |  
2019-08-29 08:24:29,760 | INFO  | SCMAudit | user=jenkins1000 | ip=192.168.157.249 | op=SEND_HEARTBEAT {datanodeUUID=2cd21838-1a98-4748-8882-d7146563928a, command=[]} | ret=SUCCESS |  
2019-08-29 08:24:29,763 | INFO  | SCMAudit | user=jenkins1000 | ip=192.168.157.249 | op=SEND_HEARTBEAT {datanodeUUID=f3091307-9c6d-4cf5-b619-8e6cca6f84c9, command=[]} | ret=SUCCESS |  
2019-08-29 08:24:29,788 | INFO  | SCMAudit | user=jenkins1000 | ip=192.168.157.249 | op=SEND_HEARTBEAT {datanodeUUID=24081c8f-d316-435d-a792-3431bfeb71b1, command=[]} | ret=SUCCESS |  
2019-08-29 08:24:29,789 | INFO  | SCMAudit | user=jenkins1000 | ip=192.168.157.249 | op=SEND_HEARTBEAT {datanodeUUID=500162f5-df4c-43d4-be22-b16b483ed3b9, command=[]} | ret=SUCCESS |  
2019-08-29 08:24:29,824 | INFO  | SCMAudit | user=jenkins1000 | ip=192.168.157.249 | op=SEND_HEARTBEAT {datanodeUUID=b3ac43d0-c6e0-46d8-bcc9-9ad695550644, command=[]} | ret=SUCCESS |  
2019-08-29 08:24:29,979 | INFO  | SCMAudit | user=jenkins1000 | ip=192.168.157.249 | op=SEND_HEARTBEAT {datanodeUUID=35f04ff1-b93c-4ae0-b494-c5f2981bb056, command=[]} | ret=SUCCESS |  
2019-08-29 08:24:30,693 | INFO  | SCMAudit | user=jenkins1000 | ip=192.168.157.249 | op=SEND_HEARTBEAT {datanodeUUID=6d68ca61-c219-4724-b8bb-ddcd01f258b2, command=[]} | ret=SUCCESS |  
2019-08-29 08:24:30,761 | INFO  | SCMAudit | user=jenkins1000 | ip=192.168.157.249 | op=SEND_HEARTBEAT {datanodeUUID=2cd21838-1a98-4748-8882-d7146563928a, command=[]} | ret=SUCCESS |  
2019-08-29 08:24:30,763 | INFO  | SCMAudit | user=jenkins1000 | ip=192.168.157.249 | op=SEND_HEARTBEAT {datanodeUUID=f3091307-9c6d-4cf5-b619-8e6cca6f84c9, command=[]} | ret=SUCCESS |  
2019-08-29 08:24:30,788 | INFO  | SCMAudit | user=jenkins1000 | ip=192.168.157.249 | op=SEND_HEARTBEAT {datanodeUUID=24081c8f-d316-435d-a792-3431bfeb71b1, command=[]} | ret=SUCCESS |  
2019-08-29 08:24:30,789 | INFO  | SCMAudit | user=jenkins1000 | ip=192.168.157.249 | op=SEND_HEARTBEAT {datanodeUUID=500162f5-df4c-43d4-be22-b16b483ed3b9, command=[]} | ret=SUCCESS |  
2019-08-29 08:24:30,824 | INFO  | SCMAudit | user=jenkins1000 | ip=192.168.157.249 | op=SEND_HEARTBEAT {datanodeUUID=b3ac43d0-c6e0-46d8-bcc9-9ad695550644, command=[]} | ret=SUCCESS |  
2019-08-29 08:24:30,979 | INFO  | SCMAudit | user=jenkins1000 | ip=192.168.157.249 | op=SEND_HEARTBEAT {datanodeUUID=35f04ff1-b93c-4ae0-b494-c5f2981bb056, command=[]} | ret=SUCCESS |  
2019-08-29 08:24:31,693 | INFO  | SCMAudit | user=jenkins1000 | ip=192.168.157.249 | op=SEND_HEARTBEAT {datanodeUUID=6d68ca61-c219-4724-b8bb-ddcd01f258b2, command=[]} | ret=SUCCESS |  
2019-08-29 08:24:31,760 | INFO  | SCMAudit | user=jenkins1000 | ip=192.168.157.249 | op=SEND_HEARTBEAT {datanodeUUID=2cd21838-1a98-4748-8882-d7146563928a, command=[]} | ret=SUCCESS |  
2019-08-29 08:24:31,764 | INFO  | SCMAudit | user=jenkins1000 | ip=192.168.157.249 | op=SEND_HEARTBEAT {datanodeUUID=f3091307-9c6d-4cf5-b619-8e6cca6f84c9, command=[]} | ret=SUCCESS |  
2019-08-29 08:24:31,788 | INFO  | SCMAudit | user=jenkins1000 | ip=192.168.157.249 | op=SEND_HEARTBEAT {datanodeUUID=24081c8f-d316-435d-a792-3431bfeb71b1, command=[]} | ret=SUCCESS |  
2019-08-29 08:24:31,789 | INFO  | SCMAudit | user=jenkins1000 | ip=192.168.157.249 | op=SEND_HEARTBEAT {datanodeUUID=500162f5-df4c-43d4-be22-b16b483ed3b9, command=[]} | ret=SUCCESS |  
2019-08-29 08:24:31,824 | INFO  | SCMAudit | user=jenkins1000 | ip=192.168.157.249 | op=SEND_HEARTBEAT {datanodeUUID=b3ac43d0-c6e0-46d8-bcc9-9ad695550644, command=[]} | ret=SUCCESS |  
2019-08-29 08:24:31,980 | INFO  | SCMAudit | user=jenkins1000 | ip=192.168.157.249 | op=SEND_HEARTBEAT {datanodeUUID=35f04ff1-b93c-4ae0-b494-c5f2981bb056, command=[]} | ret=SUCCESS |  
2019-08-29 08:24:32,694 | INFO  | SCMAudit | user=jenkins1000 | ip=192.168.157.249 | op=SEND_HEARTBEAT {datanodeUUID=6d68ca61-c219-4724-b8bb-ddcd01f258b2, command=[]} | ret=SUCCESS |  
2019-08-29 08:24:32,760 | INFO  | SCMAudit | user=jenkins1000 | ip=192.168.157.249 | op=SEND_HEARTBEAT {datanodeUUID=2cd21838-1a98-4748-8882-d7146563928a, command=[]} | ret=SUCCESS |  
2019-08-29 08:24:32,764 | INFO  | SCMAudit | user=jenkins1000 | ip=192.168.157.249 | op=SEND_HEARTBEAT {datanodeUUID=f3091307-9c6d-4cf5-b619-8e6cca6f84c9, command=[]} | ret=SUCCESS |  
2019-08-29 08:24:32,788 | INFO  | SCMAudit | user=jenkins1000 | ip=192.168.157.249 | op=SEND_HEARTBEAT {datanodeUUID=24081c8f-d316-435d-a792-3431bfeb71b1, command=[]} | ret=SUCCESS |  
2019-08-29 08:24:32,792 | INFO  | SCMAudit | user=jenkins1000 | ip=192.168.157.249 | op=SEND_HEARTBEAT {datanodeUUID=500162f5-df4c-43d4-be22-b16b483ed3b9, command=[]} | ret=SUCCESS |  
2019-08-29 08:24:32,824 | INFO  | SCMAudit | user=jenkins1000 | ip=192.168.157.249 | op=SEND_HEARTBEAT {datanodeUUID=b3ac43d0-c6e0-46d8-bcc9-9ad695550644, command=[]} | ret=SUCCESS |  
2019-08-29 08:24:32,980 | INFO  | SCMAudit | user=jenkins1000 | ip=192.168.157.249 | op=SEND_HEARTBEAT {datanodeUUID=35f04ff1-b93c-4ae0-b494-c5f2981bb056, command=[]} | ret=SUCCESS |  
2019-08-29 08:24:33,617 [grpc-default-executor-2] INFO  client.GrpcClientProtocolClient (GrpcClientProtocolClient.java:onNext(255)) - client-56A4EE866ECF->24081c8f-d316-435d-a792-3431bfeb71b1: receive RaftClientReply:client-56A4EE866ECF->24081c8f-d316-435d-a792-3431bfeb71b1@group-273770D6E455, cid=45, FAILED org.apache.ratis.protocol.NotLeaderException: Server 24081c8f-d316-435d-a792-3431bfeb71b1 is not the leader (2cd21838-1a98-4748-8882-d7146563928a:192.168.157.249:40808). Request must be sent to leader., logIndex=0, commits[24081c8f-d316-435d-a792-3431bfeb71b1:c8, 2cd21838-1a98-4748-8882-d7146563928a:c8, 500162f5-df4c-43d4-be22-b16b483ed3b9:c8]
2019-08-29 08:24:33,694 | INFO  | SCMAudit | user=jenkins1000 | ip=192.168.157.249 | op=SEND_HEARTBEAT {datanodeUUID=6d68ca61-c219-4724-b8bb-ddcd01f258b2, command=[]} | ret=SUCCESS |  
2019-08-29 08:24:33,761 | INFO  | SCMAudit | user=jenkins1000 | ip=192.168.157.249 | op=SEND_HEARTBEAT {datanodeUUID=2cd21838-1a98-4748-8882-d7146563928a, command=[]} | ret=SUCCESS |  
2019-08-29 08:24:33,764 | INFO  | SCMAudit | user=jenkins1000 | ip=192.168.157.249 | op=SEND_HEARTBEAT {datanodeUUID=f3091307-9c6d-4cf5-b619-8e6cca6f84c9, command=[]} | ret=SUCCESS |  
2019-08-29 08:24:33,788 | INFO  | SCMAudit | user=jenkins1000 | ip=192.168.157.249 | op=SEND_HEARTBEAT {datanodeUUID=24081c8f-d316-435d-a792-3431bfeb71b1, command=[]} | ret=SUCCESS |  
2019-08-29 08:24:33,792 | INFO  | SCMAudit | user=jenkins1000 | ip=192.168.157.249 | op=SEND_HEARTBEAT {datanodeUUID=500162f5-df4c-43d4-be22-b16b483ed3b9, command=[]} | ret=SUCCESS |  
2019-08-29 08:24:33,825 | INFO  | SCMAudit | user=jenkins1000 | ip=192.168.157.249 | op=SEND_HEARTBEAT {datanodeUUID=b3ac43d0-c6e0-46d8-bcc9-9ad695550644, command=[]} | ret=SUCCESS |  
2019-08-29 08:24:33,980 | INFO  | SCMAudit | user=jenkins1000 | ip=192.168.157.249 | op=SEND_HEARTBEAT {datanodeUUID=35f04ff1-b93c-4ae0-b494-c5f2981bb056, command=[]} | ret=SUCCESS |  
2019-08-29 08:24:34,695 | INFO  | SCMAudit | user=jenkins1000 | ip=192.168.157.249 | op=SEND_HEARTBEAT {datanodeUUID=6d68ca61-c219-4724-b8bb-ddcd01f258b2, command=[]} | ret=SUCCESS |  
2019-08-29 08:24:34,760 | INFO  | SCMAudit | user=jenkins1000 | ip=192.168.157.249 | op=SEND_HEARTBEAT {datanodeUUID=2cd21838-1a98-4748-8882-d7146563928a, command=[]} | ret=SUCCESS |  
2019-08-29 08:24:34,764 | INFO  | SCMAudit | user=jenkins1000 | ip=192.168.157.249 | op=SEND_HEARTBEAT {datanodeUUID=f3091307-9c6d-4cf5-b619-8e6cca6f84c9, command=[]} | ret=SUCCESS |  
2019-08-29 08:24:34,788 | INFO  | SCMAudit | user=jenkins1000 | ip=192.168.157.249 | op=SEND_HEARTBEAT {datanodeUUID=24081c8f-d316-435d-a792-3431bfeb71b1, command=[]} | ret=SUCCESS |  
2019-08-29 08:24:34,792 | INFO  | SCMAudit | user=jenkins1000 | ip=192.168.157.249 | op=SEND_HEARTBEAT {datanodeUUID=500162f5-df4c-43d4-be22-b16b483ed3b9, command=[]} | ret=SUCCESS |  
2019-08-29 08:24:34,824 | INFO  | SCMAudit | user=jenkins1000 | ip=192.168.157.249 | op=SEND_HEARTBEAT {datanodeUUID=b3ac43d0-c6e0-46d8-bcc9-9ad695550644, command=[]} | ret=SUCCESS |  
2019-08-29 08:24:34,980 | INFO  | SCMAudit | user=jenkins1000 | ip=192.168.157.249 | op=SEND_HEARTBEAT {datanodeUUID=35f04ff1-b93c-4ae0-b494-c5f2981bb056, command=[]} | ret=SUCCESS |  
2019-08-29 08:24:35,694 | INFO  | SCMAudit | user=jenkins1000 | ip=192.168.157.249 | op=SEND_HEARTBEAT {datanodeUUID=6d68ca61-c219-4724-b8bb-ddcd01f258b2, command=[]} | ret=SUCCESS |  
2019-08-29 08:24:35,761 | INFO  | SCMAudit | user=jenkins1000 | ip=192.168.157.249 | op=SEND_HEARTBEAT {datanodeUUID=2cd21838-1a98-4748-8882-d7146563928a, command=[]} | ret=SUCCESS |  
2019-08-29 08:24:35,766 | INFO  | SCMAudit | user=jenkins1000 | ip=192.168.157.249 | op=SEND_HEARTBEAT {datanodeUUID=f3091307-9c6d-4cf5-b619-8e6cca6f84c9, command=[]} | ret=SUCCESS |  
2019-08-29 08:24:35,788 | INFO  | SCMAudit | user=jenkins1000 | ip=192.168.157.249 | op=SEND_HEARTBEAT {datanodeUUID=24081c8f-d316-435d-a792-3431bfeb71b1, command=[]} | ret=SUCCESS |  
2019-08-29 08:24:35,792 | INFO  | SCMAudit | user=jenkins1000 | ip=192.168.157.249 | op=SEND_HEARTBEAT {datanodeUUID=500162f5-df4c-43d4-be22-b16b483ed3b9, command=[]} | ret=SUCCESS |  
2019-08-29 08:24:35,824 | INFO  | SCMAudit | user=jenkins1000 | ip=192.168.157.249 | op=SEND_HEARTBEAT {datanodeUUID=b3ac43d0-c6e0-46d8-bcc9-9ad695550644, command=[]} | ret=SUCCESS |  
2019-08-29 08:24:35,982 | INFO  | SCMAudit | user=jenkins1000 | ip=192.168.157.249 | op=SEND_HEARTBEAT {datanodeUUID=35f04ff1-b93c-4ae0-b494-c5f2981bb056, command=[]} | ret=SUCCESS |  
2019-08-29 08:24:36,694 | INFO  | SCMAudit | user=jenkins1000 | ip=192.168.157.249 | op=SEND_HEARTBEAT {datanodeUUID=6d68ca61-c219-4724-b8bb-ddcd01f258b2, command=[]} | ret=SUCCESS |  
2019-08-29 08:24:36,761 | INFO  | SCMAudit | user=jenkins1000 | ip=192.168.157.249 | op=SEND_HEARTBEAT {datanodeUUID=2cd21838-1a98-4748-8882-d7146563928a, command=[]} | ret=SUCCESS |  
2019-08-29 08:24:36,765 | INFO  | SCMAudit | user=jenkins1000 | ip=192.168.157.249 | op=SEND_HEARTBEAT {datanodeUUID=f3091307-9c6d-4cf5-b619-8e6cca6f84c9, command=[]} | ret=SUCCESS |  
2019-08-29 08:24:36,788 | INFO  | SCMAudit | user=jenkins1000 | ip=192.168.157.249 | op=SEND_HEARTBEAT {datanodeUUID=24081c8f-d316-435d-a792-3431bfeb71b1, command=[]} | ret=SUCCESS |  
2019-08-29 08:24:36,792 | INFO  | SCMAudit | user=jenkins1000 | ip=192.168.157.249 | op=SEND_HEARTBEAT {datanodeUUID=500162f5-df4c-43d4-be22-b16b483ed3b9, command=[]} | ret=SUCCESS |  
2019-08-29 08:24:36,824 | INFO  | SCMAudit | user=jenkins1000 | ip=192.168.157.249 | op=SEND_HEARTBEAT {datanodeUUID=b3ac43d0-c6e0-46d8-bcc9-9ad695550644, command=[]} | ret=SUCCESS |  
2019-08-29 08:24:36,981 | INFO  | SCMAudit | user=jenkins1000 | ip=192.168.157.249 | op=SEND_HEARTBEAT {datanodeUUID=35f04ff1-b93c-4ae0-b494-c5f2981bb056, command=[]} | ret=SUCCESS |  
2019-08-29 08:24:37,695 | INFO  | SCMAudit | user=jenkins1000 | ip=192.168.157.249 | op=SEND_HEARTBEAT {datanodeUUID=6d68ca61-c219-4724-b8bb-ddcd01f258b2, command=[]} | ret=SUCCESS |  
2019-08-29 08:24:37,761 | INFO  | SCMAudit | user=jenkins1000 | ip=192.168.157.249 | op=SEND_HEARTBEAT {datanodeUUID=2cd21838-1a98-4748-8882-d7146563928a, command=[]} | ret=SUCCESS |  
2019-08-29 08:24:37,765 | INFO  | SCMAudit | user=jenkins1000 | ip=192.168.157.249 | op=SEND_HEARTBEAT {datanodeUUID=f3091307-9c6d-4cf5-b619-8e6cca6f84c9, command=[]} | ret=SUCCESS |  
2019-08-29 08:24:37,789 | INFO  | SCMAudit | user=jenkins1000 | ip=192.168.157.249 | op=SEND_HEARTBEAT {datanodeUUID=24081c8f-d316-435d-a792-3431bfeb71b1, command=[]} | ret=SUCCESS |  
2019-08-29 08:24:37,792 | INFO  | SCMAudit | user=jenkins1000 | ip=192.168.157.249 | op=SEND_HEARTBEAT {datanodeUUID=500162f5-df4c-43d4-be22-b16b483ed3b9, command=[]} | ret=SUCCESS |  
2019-08-29 08:24:37,824 | INFO  | SCMAudit | user=jenkins1000 | ip=192.168.157.249 | op=SEND_HEARTBEAT {datanodeUUID=b3ac43d0-c6e0-46d8-bcc9-9ad695550644, command=[]} | ret=SUCCESS |  
2019-08-29 08:24:37,982 | INFO  | SCMAudit | user=jenkins1000 | ip=192.168.157.249 | op=SEND_HEARTBEAT {datanodeUUID=35f04ff1-b93c-4ae0-b494-c5f2981bb056, command=[]} | ret=SUCCESS |  
2019-08-29 08:24:38,667 [grpc-default-executor-2] INFO  client.GrpcClientProtocolClient (GrpcClientProtocolClient.java:onNext(255)) - client-56A4EE866ECF->500162f5-df4c-43d4-be22-b16b483ed3b9: receive RaftClientReply:client-56A4EE866ECF->500162f5-df4c-43d4-be22-b16b483ed3b9@group-273770D6E455, cid=45, FAILED org.apache.ratis.protocol.NotLeaderException: Server 500162f5-df4c-43d4-be22-b16b483ed3b9 is not the leader (2cd21838-1a98-4748-8882-d7146563928a:192.168.157.249:40808). Request must be sent to leader., logIndex=0, commits[500162f5-df4c-43d4-be22-b16b483ed3b9:c8, 2cd21838-1a98-4748-8882-d7146563928a:c8, 24081c8f-d316-435d-a792-3431bfeb71b1:c8]
2019-08-29 08:24:38,694 | INFO  | SCMAudit | user=jenkins1000 | ip=192.168.157.249 | op=SEND_HEARTBEAT {datanodeUUID=6d68ca61-c219-4724-b8bb-ddcd01f258b2, command=[]} | ret=SUCCESS |  
2019-08-29 08:24:38,762 | INFO  | SCMAudit | user=jenkins1000 | ip=192.168.157.249 | op=SEND_HEARTBEAT {datanodeUUID=2cd21838-1a98-4748-8882-d7146563928a, command=[]} | ret=SUCCESS |  
2019-08-29 08:24:38,765 | INFO  | SCMAudit | user=jenkins1000 | ip=192.168.157.249 | op=SEND_HEARTBEAT {datanodeUUID=f3091307-9c6d-4cf5-b619-8e6cca6f84c9, command=[]} | ret=SUCCESS |  
2019-08-29 08:24:38,788 | INFO  | SCMAudit | user=jenkins1000 | ip=192.168.157.249 | op=SEND_HEARTBEAT {datanodeUUID=24081c8f-d316-435d-a792-3431bfeb71b1, command=[]} | ret=SUCCESS |  
2019-08-29 08:24:38,792 | INFO  | SCMAudit | user=jenkins1000 | ip=192.168.157.249 | op=SEND_HEARTBEAT {datanodeUUID=500162f5-df4c-43d4-be22-b16b483ed3b9, command=[]} | ret=SUCCESS |  
2019-08-29 08:24:38,824 | INFO  | SCMAudit | user=jenkins1000 | ip=192.168.157.249 | op=SEND_HEARTBEAT {datanodeUUID=b3ac43d0-c6e0-46d8-bcc9-9ad695550644, command=[]} | ret=SUCCESS |  
2019-08-29 08:24:38,981 | INFO  | SCMAudit | user=jenkins1000 | ip=192.168.157.249 | op=SEND_HEARTBEAT {datanodeUUID=35f04ff1-b93c-4ae0-b494-c5f2981bb056, command=[]} | ret=SUCCESS |  
2019-08-29 08:24:39,694 | INFO  | SCMAudit | user=jenkins1000 | ip=192.168.157.249 | op=SEND_HEARTBEAT {datanodeUUID=6d68ca61-c219-4724-b8bb-ddcd01f258b2, command=[]} | ret=SUCCESS |  
2019-08-29 08:24:39,761 | INFO  | SCMAudit | user=jenkins1000 | ip=192.168.157.249 | op=SEND_HEARTBEAT {datanodeUUID=2cd21838-1a98-4748-8882-d7146563928a, command=[]} | ret=SUCCESS |  
2019-08-29 08:24:39,765 | INFO  | SCMAudit | user=jenkins1000 | ip=192.168.157.249 | op=SEND_HEARTBEAT {datanodeUUID=f3091307-9c6d-4cf5-b619-8e6cca6f84c9, command=[]} | ret=SUCCESS |  
2019-08-29 08:24:39,788 | INFO  | SCMAudit | user=jenkins1000 | ip=192.168.157.249 | op=SEND_HEARTBEAT {datanodeUUID=24081c8f-d316-435d-a792-3431bfeb71b1, command=[]} | ret=SUCCESS |  
2019-08-29 08:24:39,792 | INFO  | SCMAudit | user=jenkins1000 | ip=192.168.157.249 | op=SEND_HEARTBEAT {datanodeUUID=500162f5-df4c-43d4-be22-b16b483ed3b9, command=[]} | ret=SUCCESS |  
2019-08-29 08:24:39,824 | INFO  | SCMAudit | user=jenkins1000 | ip=192.168.157.249 | op=SEND_HEARTBEAT {datanodeUUID=b3ac43d0-c6e0-46d8-bcc9-9ad695550644, command=[]} | ret=SUCCESS |  
2019-08-29 08:24:39,981 | INFO  | SCMAudit | user=jenkins1000 | ip=192.168.157.249 | op=SEND_HEARTBEAT {datanodeUUID=35f04ff1-b93c-4ae0-b494-c5f2981bb056, command=[]} | ret=SUCCESS |  
2019-08-29 08:24:40,694 | INFO  | SCMAudit | user=jenkins1000 | ip=192.168.157.249 | op=SEND_HEARTBEAT {datanodeUUID=6d68ca61-c219-4724-b8bb-ddcd01f258b2, command=[]} | ret=SUCCESS |  
2019-08-29 08:24:40,761 | INFO  | SCMAudit | user=jenkins1000 | ip=192.168.157.249 | op=SEND_HEARTBEAT {datanodeUUID=2cd21838-1a98-4748-8882-d7146563928a, command=[]} | ret=SUCCESS |  
2019-08-29 08:24:40,765 | INFO  | SCMAudit | user=jenkins1000 | ip=192.168.157.249 | op=SEND_HEARTBEAT {datanodeUUID=f3091307-9c6d-4cf5-b619-8e6cca6f84c9, command=[]} | ret=SUCCESS |  
2019-08-29 08:24:40,788 | INFO  | SCMAudit | user=jenkins1000 | ip=192.168.157.249 | op=SEND_HEARTBEAT {datanodeUUID=24081c8f-d316-435d-a792-3431bfeb71b1, command=[]} | ret=SUCCESS |  
2019-08-29 08:24:40,792 | INFO  | SCMAudit | user=jenkins1000 | ip=192.168.157.249 | op=SEND_HEARTBEAT {datanodeUUID=500162f5-df4c-43d4-be22-b16b483ed3b9, command=[]} | ret=SUCCESS |  
2019-08-29 08:24:40,824 | INFO  | SCMAudit | user=jenkins1000 | ip=192.168.157.249 | op=SEND_HEARTBEAT {datanodeUUID=b3ac43d0-c6e0-46d8-bcc9-9ad695550644, command=[]} | ret=SUCCESS |  
2019-08-29 08:24:40,981 | INFO  | SCMAudit | user=jenkins1000 | ip=192.168.157.249 | op=SEND_HEARTBEAT {datanodeUUID=35f04ff1-b93c-4ae0-b494-c5f2981bb056, command=[]} | ret=SUCCESS |  
2019-08-29 08:24:41,694 | INFO  | SCMAudit | user=jenkins1000 | ip=192.168.157.249 | op=SEND_HEARTBEAT {datanodeUUID=6d68ca61-c219-4724-b8bb-ddcd01f258b2, command=[]} | ret=SUCCESS |  
2019-08-29 08:24:41,761 | INFO  | SCMAudit | user=jenkins1000 | ip=192.168.157.249 | op=SEND_HEARTBEAT {datanodeUUID=2cd21838-1a98-4748-8882-d7146563928a, command=[]} | ret=SUCCESS |  
2019-08-29 08:24:41,765 | INFO  | SCMAudit | user=jenkins1000 | ip=192.168.157.249 | op=SEND_HEARTBEAT {datanodeUUID=f3091307-9c6d-4cf5-b619-8e6cca6f84c9, command=[]} | ret=SUCCESS |  
2019-08-29 08:24:41,788 | INFO  | SCMAudit | user=jenkins1000 | ip=192.168.157.249 | op=SEND_HEARTBEAT {datanodeUUID=24081c8f-d316-435d-a792-3431bfeb71b1, command=[]} | ret=SUCCESS |  
2019-08-29 08:24:41,792 | INFO  | SCMAudit | user=jenkins1000 | ip=192.168.157.249 | op=SEND_HEARTBEAT {datanodeUUID=500162f5-df4c-43d4-be22-b16b483ed3b9, command=[]} | ret=SUCCESS |  
2019-08-29 08:24:41,824 | INFO  | SCMAudit | user=jenkins1000 | ip=192.168.157.249 | op=SEND_HEARTBEAT {datanodeUUID=b3ac43d0-c6e0-46d8-bcc9-9ad695550644, command=[]} | ret=SUCCESS |  
2019-08-29 08:24:41,981 | INFO  | SCMAudit | user=jenkins1000 | ip=192.168.157.249 | op=SEND_HEARTBEAT {datanodeUUID=35f04ff1-b93c-4ae0-b494-c5f2981bb056, command=[]} | ret=SUCCESS |  
2019-08-29 08:24:42,695 | INFO  | SCMAudit | user=jenkins1000 | ip=192.168.157.249 | op=SEND_HEARTBEAT {datanodeUUID=6d68ca61-c219-4724-b8bb-ddcd01f258b2, command=[]} | ret=SUCCESS |  
2019-08-29 08:24:42,762 | INFO  | SCMAudit | user=jenkins1000 | ip=192.168.157.249 | op=SEND_HEARTBEAT {datanodeUUID=2cd21838-1a98-4748-8882-d7146563928a, command=[]} | ret=SUCCESS |  
2019-08-29 08:24:42,765 | INFO  | SCMAudit | user=jenkins1000 | ip=192.168.157.249 | op=SEND_HEARTBEAT {datanodeUUID=f3091307-9c6d-4cf5-b619-8e6cca6f84c9, command=[]} | ret=SUCCESS |  
2019-08-29 08:24:42,789 | INFO  | SCMAudit | user=jenkins1000 | ip=192.168.157.249 | op=SEND_HEARTBEAT {datanodeUUID=24081c8f-d316-435d-a792-3431bfeb71b1, command=[]} | ret=SUCCESS |  
2019-08-29 08:24:42,792 | INFO  | SCMAudit | user=jenkins1000 | ip=192.168.157.249 | op=SEND_HEARTBEAT {datanodeUUID=500162f5-df4c-43d4-be22-b16b483ed3b9, command=[]} | ret=SUCCESS |  
2019-08-29 08:24:42,824 | INFO  | SCMAudit | user=jenkins1000 | ip=192.168.157.249 | op=SEND_HEARTBEAT {datanodeUUID=b3ac43d0-c6e0-46d8-bcc9-9ad695550644, command=[]} | ret=SUCCESS |  
2019-08-29 08:24:42,981 | INFO  | SCMAudit | user=jenkins1000 | ip=192.168.157.249 | op=SEND_HEARTBEAT {datanodeUUID=35f04ff1-b93c-4ae0-b494-c5f2981bb056, command=[]} | ret=SUCCESS |  
2019-08-29 08:24:43,698 | INFO  | SCMAudit | user=jenkins1000 | ip=192.168.157.249 | op=SEND_HEARTBEAT {datanodeUUID=6d68ca61-c219-4724-b8bb-ddcd01f258b2, command=[]} | ret=SUCCESS |  
2019-08-29 08:24:43,710 [grpc-default-executor-0] INFO  client.GrpcClientProtocolClient (GrpcClientProtocolClient.java:onNext(255)) - client-56A4EE866ECF->24081c8f-d316-435d-a792-3431bfeb71b1: receive RaftClientReply:client-56A4EE866ECF->24081c8f-d316-435d-a792-3431bfeb71b1@group-273770D6E455, cid=45, FAILED org.apache.ratis.protocol.NotLeaderException: Server 24081c8f-d316-435d-a792-3431bfeb71b1 is not the leader (2cd21838-1a98-4748-8882-d7146563928a:192.168.157.249:40808). Request must be sent to leader., logIndex=0, commits[24081c8f-d316-435d-a792-3431bfeb71b1:c8, 2cd21838-1a98-4748-8882-d7146563928a:c8, 500162f5-df4c-43d4-be22-b16b483ed3b9:c8]
2019-08-29 08:24:43,761 | INFO  | SCMAudit | user=jenkins1000 | ip=192.168.157.249 | op=SEND_HEARTBEAT {datanodeUUID=2cd21838-1a98-4748-8882-d7146563928a, command=[]} | ret=SUCCESS |  
2019-08-29 08:24:43,765 | INFO  | SCMAudit | user=jenkins1000 | ip=192.168.157.249 | op=SEND_HEARTBEAT {datanodeUUID=f3091307-9c6d-4cf5-b619-8e6cca6f84c9, command=[]} | ret=SUCCESS |  
2019-08-29 08:24:43,789 | INFO  | SCMAudit | user=jenkins1000 | ip=192.168.157.249 | op=SEND_HEARTBEAT {datanodeUUID=24081c8f-d316-435d-a792-3431bfeb71b1, command=[]} | ret=SUCCESS |  
2019-08-29 08:24:43,792 | INFO  | SCMAudit | user=jenkins1000 | ip=192.168.157.249 | op=SEND_HEARTBEAT {datanodeUUID=500162f5-df4c-43d4-be22-b16b483ed3b9, command=[]} | ret=SUCCESS |  
2019-08-29 08:24:43,824 | INFO  | SCMAudit | user=jenkins1000 | ip=192.168.157.249 | op=SEND_HEARTBEAT {datanodeUUID=b3ac43d0-c6e0-46d8-bcc9-9ad695550644, command=[]} | ret=SUCCESS |  
2019-08-29 08:24:43,982 | INFO  | SCMAudit | user=jenkins1000 | ip=192.168.157.249 | op=SEND_HEARTBEAT {datanodeUUID=35f04ff1-b93c-4ae0-b494-c5f2981bb056, command=[]} | ret=SUCCESS |  
2019-08-29 08:24:44,699 | INFO  | SCMAudit | user=jenkins1000 | ip=192.168.157.249 | op=SEND_HEARTBEAT {datanodeUUID=6d68ca61-c219-4724-b8bb-ddcd01f258b2, command=[]} | ret=SUCCESS |  
2019-08-29 08:24:44,761 | INFO  | SCMAudit | user=jenkins1000 | ip=192.168.157.249 | op=SEND_HEARTBEAT {datanodeUUID=2cd21838-1a98-4748-8882-d7146563928a, command=[]} | ret=SUCCESS |  
2019-08-29 08:24:44,764 | INFO  | SCMAudit | user=jenkins1000 | ip=192.168.157.249 | op=SEND_HEARTBEAT {datanodeUUID=f3091307-9c6d-4cf5-b619-8e6cca6f84c9, command=[]} | ret=SUCCESS |  
2019-08-29 08:24:44,789 | INFO  | SCMAudit | user=jenkins1000 | ip=192.168.157.249 | op=SEND_HEARTBEAT {datanodeUUID=24081c8f-d316-435d-a792-3431bfeb71b1, command=[]} | ret=SUCCESS |  
2019-08-29 08:24:44,792 | INFO  | SCMAudit | user=jenkins1000 | ip=192.168.157.249 | op=SEND_HEARTBEAT {datanodeUUID=500162f5-df4c-43d4-be22-b16b483ed3b9, command=[]} | ret=SUCCESS |  
2019-08-29 08:24:44,824 | INFO  | SCMAudit | user=jenkins1000 | ip=192.168.157.249 | op=SEND_HEARTBEAT {datanodeUUID=b3ac43d0-c6e0-46d8-bcc9-9ad695550644, command=[]} | ret=SUCCESS |  
2019-08-29 08:24:44,981 | INFO  | SCMAudit | user=jenkins1000 | ip=192.168.157.249 | op=SEND_HEARTBEAT {datanodeUUID=35f04ff1-b93c-4ae0-b494-c5f2981bb056, command=[]} | ret=SUCCESS |  
2019-08-29 08:24:45,698 | INFO  | SCMAudit | user=jenkins1000 | ip=192.168.157.249 | op=SEND_HEARTBEAT {datanodeUUID=6d68ca61-c219-4724-b8bb-ddcd01f258b2, command=[]} | ret=SUCCESS |  
2019-08-29 08:24:45,761 | INFO  | SCMAudit | user=jenkins1000 | ip=192.168.157.249 | op=SEND_HEARTBEAT {datanodeUUID=2cd21838-1a98-4748-8882-d7146563928a, command=[]} | ret=SUCCESS |  
2019-08-29 08:24:45,765 | INFO  | SCMAudit | user=jenkins1000 | ip=192.168.157.249 | op=SEND_HEARTBEAT {datanodeUUID=f3091307-9c6d-4cf5-b619-8e6cca6f84c9, command=[]} | ret=SUCCESS |  
2019-08-29 08:24:45,789 | INFO  | SCMAudit | user=jenkins1000 | ip=192.168.157.249 | op=SEND_HEARTBEAT {datanodeUUID=24081c8f-d316-435d-a792-3431bfeb71b1, command=[]} | ret=SUCCESS |  
2019-08-29 08:24:45,792 | INFO  | SCMAudit | user=jenkins1000 | ip=192.168.157.249 | op=SEND_HEARTBEAT {datanodeUUID=500162f5-df4c-43d4-be22-b16b483ed3b9, command=[]} | ret=SUCCESS |  
2019-08-29 08:24:45,824 | INFO  | SCMAudit | user=jenkins1000 | ip=192.168.157.249 | op=SEND_HEARTBEAT {datanodeUUID=b3ac43d0-c6e0-46d8-bcc9-9ad695550644, command=[]} | ret=SUCCESS |  
2019-08-29 08:24:45,982 | INFO  | SCMAudit | user=jenkins1000 | ip=192.168.157.249 | op=SEND_HEARTBEAT {datanodeUUID=35f04ff1-b93c-4ae0-b494-c5f2981bb056, command=[]} | ret=SUCCESS |  
2019-08-29 08:24:46,699 | INFO  | SCMAudit | user=jenkins1000 | ip=192.168.157.249 | op=SEND_HEARTBEAT {datanodeUUID=6d68ca61-c219-4724-b8bb-ddcd01f258b2, command=[]} | ret=SUCCESS |  
2019-08-29 08:24:46,761 | INFO  | SCMAudit | user=jenkins1000 | ip=192.168.157.249 | op=SEND_HEARTBEAT {datanodeUUID=2cd21838-1a98-4748-8882-d7146563928a, command=[]} | ret=SUCCESS |  
2019-08-29 08:24:46,765 | INFO  | SCMAudit | user=jenkins1000 | ip=192.168.157.249 | op=SEND_HEARTBEAT {datanodeUUID=f3091307-9c6d-4cf5-b619-8e6cca6f84c9, command=[]} | ret=SUCCESS |  
2019-08-29 08:24:46,789 | INFO  | SCMAudit | user=jenkins1000 | ip=192.168.157.249 | op=SEND_HEARTBEAT {datanodeUUID=24081c8f-d316-435d-a792-3431bfeb71b1, command=[]} | ret=SUCCESS |  
2019-08-29 08:24:46,793 | INFO  | SCMAudit | user=jenkins1000 | ip=192.168.157.249 | op=SEND_HEARTBEAT {datanodeUUID=500162f5-df4c-43d4-be22-b16b483ed3b9, command=[]} | ret=SUCCESS |  
2019-08-29 08:24:46,825 | INFO  | SCMAudit | user=jenkins1000 | ip=192.168.157.249 | op=SEND_HEARTBEAT {datanodeUUID=b3ac43d0-c6e0-46d8-bcc9-9ad695550644, command=[]} | ret=SUCCESS |  
2019-08-29 08:24:46,981 | INFO  | SCMAudit | user=jenkins1000 | ip=192.168.157.249 | op=SEND_HEARTBEAT {datanodeUUID=35f04ff1-b93c-4ae0-b494-c5f2981bb056, command=[]} | ret=SUCCESS |  
2019-08-29 08:24:47,698 | INFO  | SCMAudit | user=jenkins1000 | ip=192.168.157.249 | op=SEND_HEARTBEAT {datanodeUUID=6d68ca61-c219-4724-b8bb-ddcd01f258b2, command=[]} | ret=SUCCESS |  
2019-08-29 08:24:47,761 | INFO  | SCMAudit | user=jenkins1000 | ip=192.168.157.249 | op=SEND_HEARTBEAT {datanodeUUID=2cd21838-1a98-4748-8882-d7146563928a, command=[]} | ret=SUCCESS |  
2019-08-29 08:24:47,765 | INFO  | SCMAudit | user=jenkins1000 | ip=192.168.157.249 | op=SEND_HEARTBEAT {datanodeUUID=f3091307-9c6d-4cf5-b619-8e6cca6f84c9, command=[]} | ret=SUCCESS |  
2019-08-29 08:24:47,789 | INFO  | SCMAudit | user=jenkins1000 | ip=192.168.157.249 | op=SEND_HEARTBEAT {datanodeUUID=24081c8f-d316-435d-a792-3431bfeb71b1, command=[]} | ret=SUCCESS |  
2019-08-29 08:24:47,793 | INFO  | SCMAudit | user=jenkins1000 | ip=192.168.157.249 | op=SEND_HEARTBEAT {datanodeUUID=500162f5-df4c-43d4-be22-b16b483ed3b9, command=[]} | ret=SUCCESS |  
2019-08-29 08:24:47,825 | INFO  | SCMAudit | user=jenkins1000 | ip=192.168.157.249 | op=SEND_HEARTBEAT {datanodeUUID=b3ac43d0-c6e0-46d8-bcc9-9ad695550644, command=[]} | ret=SUCCESS |  
2019-08-29 08:24:47,981 | INFO  | SCMAudit | user=jenkins1000 | ip=192.168.157.249 | op=SEND_HEARTBEAT {datanodeUUID=35f04ff1-b93c-4ae0-b494-c5f2981bb056, command=[]} | ret=SUCCESS |  
2019-08-29 08:24:48,698 | INFO  | SCMAudit | user=jenkins1000 | ip=192.168.157.249 | op=SEND_HEARTBEAT {datanodeUUID=6d68ca61-c219-4724-b8bb-ddcd01f258b2, command=[]} | ret=SUCCESS |  
2019-08-29 08:24:48,756 [grpc-default-executor-0] INFO  client.GrpcClientProtocolClient (GrpcClientProtocolClient.java:onNext(255)) - client-56A4EE866ECF->500162f5-df4c-43d4-be22-b16b483ed3b9: receive RaftClientReply:client-56A4EE866ECF->500162f5-df4c-43d4-be22-b16b483ed3b9@group-273770D6E455, cid=45, FAILED org.apache.ratis.protocol.NotLeaderException: Server 500162f5-df4c-43d4-be22-b16b483ed3b9 is not the leader (2cd21838-1a98-4748-8882-d7146563928a:192.168.157.249:40808). Request must be sent to leader., logIndex=0, commits[500162f5-df4c-43d4-be22-b16b483ed3b9:c8, 2cd21838-1a98-4748-8882-d7146563928a:c8, 24081c8f-d316-435d-a792-3431bfeb71b1:c8]
2019-08-29 08:24:48,764 | INFO  | SCMAudit | user=jenkins1000 | ip=192.168.157.249 | op=SEND_HEARTBEAT {datanodeUUID=2cd21838-1a98-4748-8882-d7146563928a, command=[]} | ret=SUCCESS |  
2019-08-29 08:24:48,765 | INFO  | SCMAudit | user=jenkins1000 | ip=192.168.157.249 | op=SEND_HEARTBEAT {datanodeUUID=f3091307-9c6d-4cf5-b619-8e6cca6f84c9, command=[]} | ret=SUCCESS |  
2019-08-29 08:24:48,790 | INFO  | SCMAudit | user=jenkins1000 | ip=192.168.157.249 | op=SEND_HEARTBEAT {datanodeUUID=24081c8f-d316-435d-a792-3431bfeb71b1, command=[]} | ret=SUCCESS |  
2019-08-29 08:24:48,793 | INFO  | SCMAudit | user=jenkins1000 | ip=192.168.157.249 | op=SEND_HEARTBEAT {datanodeUUID=500162f5-df4c-43d4-be22-b16b483ed3b9, command=[]} | ret=SUCCESS |  
2019-08-29 08:24:48,826 | INFO  | SCMAudit | user=jenkins1000 | ip=192.168.157.249 | op=SEND_HEARTBEAT {datanodeUUID=b3ac43d0-c6e0-46d8-bcc9-9ad695550644, command=[]} | ret=SUCCESS |  
2019-08-29 08:24:48,981 | INFO  | SCMAudit | user=jenkins1000 | ip=192.168.157.249 | op=SEND_HEARTBEAT {datanodeUUID=35f04ff1-b93c-4ae0-b494-c5f2981bb056, command=[]} | ret=SUCCESS |  
2019-08-29 08:24:49,698 | INFO  | SCMAudit | user=jenkins1000 | ip=192.168.157.249 | op=SEND_HEARTBEAT {datanodeUUID=6d68ca61-c219-4724-b8bb-ddcd01f258b2, command=[]} | ret=SUCCESS |  
2019-08-29 08:24:49,762 | INFO  | SCMAudit | user=jenkins1000 | ip=192.168.157.249 | op=SEND_HEARTBEAT {datanodeUUID=2cd21838-1a98-4748-8882-d7146563928a, command=[]} | ret=SUCCESS |  
2019-08-29 08:24:49,767 | INFO  | SCMAudit | user=jenkins1000 | ip=192.168.157.249 | op=SEND_HEARTBEAT {datanodeUUID=f3091307-9c6d-4cf5-b619-8e6cca6f84c9, command=[]} | ret=SUCCESS |  
2019-08-29 08:24:49,789 | INFO  | SCMAudit | user=jenkins1000 | ip=192.168.157.249 | op=SEND_HEARTBEAT {datanodeUUID=24081c8f-d316-435d-a792-3431bfeb71b1, command=[]} | ret=SUCCESS |  
2019-08-29 08:24:49,793 | INFO  | SCMAudit | user=jenkins1000 | ip=192.168.157.249 | op=SEND_HEARTBEAT {datanodeUUID=500162f5-df4c-43d4-be22-b16b483ed3b9, command=[]} | ret=SUCCESS |  
2019-08-29 08:24:49,826 | INFO  | SCMAudit | user=jenkins1000 | ip=192.168.157.249 | op=SEND_HEARTBEAT {datanodeUUID=b3ac43d0-c6e0-46d8-bcc9-9ad695550644, command=[]} | ret=SUCCESS |  
2019-08-29 08:24:49,981 | INFO  | SCMAudit | user=jenkins1000 | ip=192.168.157.249 | op=SEND_HEARTBEAT {datanodeUUID=35f04ff1-b93c-4ae0-b494-c5f2981bb056, command=[]} | ret=SUCCESS |  
2019-08-29 08:24:50,699 | INFO  | SCMAudit | user=jenkins1000 | ip=192.168.157.249 | op=SEND_HEARTBEAT {datanodeUUID=6d68ca61-c219-4724-b8bb-ddcd01f258b2, command=[]} | ret=SUCCESS |  
2019-08-29 08:24:50,763 | INFO  | SCMAudit | user=jenkins1000 | ip=192.168.157.249 | op=SEND_HEARTBEAT {datanodeUUID=2cd21838-1a98-4748-8882-d7146563928a, command=[]} | ret=SUCCESS |  
2019-08-29 08:24:50,770 | INFO  | SCMAudit | user=jenkins1000 | ip=192.168.157.249 | op=SEND_HEARTBEAT {datanodeUUID=f3091307-9c6d-4cf5-b619-8e6cca6f84c9, command=[]} | ret=SUCCESS |  
2019-08-29 08:24:50,789 | INFO  | SCMAudit | user=jenkins1000 | ip=192.168.157.249 | op=SEND_HEARTBEAT {datanodeUUID=24081c8f-d316-435d-a792-3431bfeb71b1, command=[]} | ret=SUCCESS |  
2019-08-29 08:24:50,793 | INFO  | SCMAudit | user=jenkins1000 | ip=192.168.157.249 | op=SEND_HEARTBEAT {datanodeUUID=500162f5-df4c-43d4-be22-b16b483ed3b9, command=[]} | ret=SUCCESS |  
2019-08-29 08:24:50,826 | INFO  | SCMAudit | user=jenkins1000 | ip=192.168.157.249 | op=SEND_HEARTBEAT {datanodeUUID=b3ac43d0-c6e0-46d8-bcc9-9ad695550644, command=[]} | ret=SUCCESS |  
2019-08-29 08:24:50,982 | INFO  | SCMAudit | user=jenkins1000 | ip=192.168.157.249 | op=SEND_HEARTBEAT {datanodeUUID=35f04ff1-b93c-4ae0-b494-c5f2981bb056, command=[]} | ret=SUCCESS |  
2019-08-29 08:24:51,698 | INFO  | SCMAudit | user=jenkins1000 | ip=192.168.157.249 | op=SEND_HEARTBEAT {datanodeUUID=6d68ca61-c219-4724-b8bb-ddcd01f258b2, command=[]} | ret=SUCCESS |  
2019-08-29 08:24:51,762 | INFO  | SCMAudit | user=jenkins1000 | ip=192.168.157.249 | op=SEND_HEARTBEAT {datanodeUUID=2cd21838-1a98-4748-8882-d7146563928a, command=[]} | ret=SUCCESS |  
2019-08-29 08:24:51,768 | INFO  | SCMAudit | user=jenkins1000 | ip=192.168.157.249 | op=SEND_HEARTBEAT {datanodeUUID=f3091307-9c6d-4cf5-b619-8e6cca6f84c9, command=[]} | ret=SUCCESS |  
2019-08-29 08:24:51,789 | INFO  | SCMAudit | user=jenkins1000 | ip=192.168.157.249 | op=SEND_HEARTBEAT {datanodeUUID=24081c8f-d316-435d-a792-3431bfeb71b1, command=[]} | ret=SUCCESS |  
2019-08-29 08:24:51,792 | INFO  | SCMAudit | user=jenkins1000 | ip=192.168.157.249 | op=SEND_HEARTBEAT {datanodeUUID=500162f5-df4c-43d4-be22-b16b483ed3b9, command=[]} | ret=SUCCESS |  
2019-08-29 08:24:51,826 | INFO  | SCMAudit | user=jenkins1000 | ip=192.168.157.249 | op=SEND_HEARTBEAT {datanodeUUID=b3ac43d0-c6e0-46d8-bcc9-9ad695550644, command=[]} | ret=SUCCESS |  
2019-08-29 08:24:51,981 | INFO  | SCMAudit | user=jenkins1000 | ip=192.168.157.249 | op=SEND_HEARTBEAT {datanodeUUID=35f04ff1-b93c-4ae0-b494-c5f2981bb056, command=[]} | ret=SUCCESS |  
2019-08-29 08:24:52,698 | INFO  | SCMAudit | user=jenkins1000 | ip=192.168.157.249 | op=SEND_HEARTBEAT {datanodeUUID=6d68ca61-c219-4724-b8bb-ddcd01f258b2, command=[]} | ret=SUCCESS |  
2019-08-29 08:24:52,762 | INFO  | SCMAudit | user=jenkins1000 | ip=192.168.157.249 | op=SEND_HEARTBEAT {datanodeUUID=2cd21838-1a98-4748-8882-d7146563928a, command=[]} | ret=SUCCESS |  
2019-08-29 08:24:52,772 | INFO  | SCMAudit | user=jenkins1000 | ip=192.168.157.249 | op=SEND_HEARTBEAT {datanodeUUID=f3091307-9c6d-4cf5-b619-8e6cca6f84c9, command=[]} | ret=SUCCESS |  
2019-08-29 08:24:52,789 | INFO  | SCMAudit | user=jenkins1000 | ip=192.168.157.249 | op=SEND_HEARTBEAT {datanodeUUID=24081c8f-d316-435d-a792-3431bfeb71b1, command=[]} | ret=SUCCESS |  
2019-08-29 08:24:52,793 | INFO  | SCMAudit | user=jenkins1000 | ip=192.168.157.249 | op=SEND_HEARTBEAT {datanodeUUID=500162f5-df4c-43d4-be22-b16b483ed3b9, command=[]} | ret=SUCCESS |  
2019-08-29 08:24:52,828 | INFO  | SCMAudit | user=jenkins1000 | ip=192.168.157.249 | op=SEND_HEARTBEAT {datanodeUUID=b3ac43d0-c6e0-46d8-bcc9-9ad695550644, command=[]} | ret=SUCCESS |  
2019-08-29 08:24:52,982 | INFO  | SCMAudit | user=jenkins1000 | ip=192.168.157.249 | op=SEND_HEARTBEAT {datanodeUUID=35f04ff1-b93c-4ae0-b494-c5f2981bb056, command=[]} | ret=SUCCESS |  
2019-08-29 08:24:53,699 | INFO  | SCMAudit | user=jenkins1000 | ip=192.168.157.249 | op=SEND_HEARTBEAT {datanodeUUID=6d68ca61-c219-4724-b8bb-ddcd01f258b2, command=[]} | ret=SUCCESS |  
2019-08-29 08:24:53,762 | INFO  | SCMAudit | user=jenkins1000 | ip=192.168.157.249 | op=SEND_HEARTBEAT {datanodeUUID=2cd21838-1a98-4748-8882-d7146563928a, command=[]} | ret=SUCCESS |  
2019-08-29 08:24:53,770 | INFO  | SCMAudit | user=jenkins1000 | ip=192.168.157.249 | op=SEND_HEARTBEAT {datanodeUUID=f3091307-9c6d-4cf5-b619-8e6cca6f84c9, command=[]} | ret=SUCCESS |  
2019-08-29 08:24:53,794 | INFO  | SCMAudit | user=jenkins1000 | ip=192.168.157.249 | op=SEND_HEARTBEAT {datanodeUUID=24081c8f-d316-435d-a792-3431bfeb71b1, command=[]} | ret=SUCCESS |  
2019-08-29 08:24:53,794 | INFO  | SCMAudit | user=jenkins1000 | ip=192.168.157.249 | op=SEND_HEARTBEAT {datanodeUUID=500162f5-df4c-43d4-be22-b16b483ed3b9, command=[]} | ret=SUCCESS |  
2019-08-29 08:24:53,794 [grpc-default-executor-0] INFO  client.GrpcClientProtocolClient (GrpcClientProtocolClient.java:onNext(255)) - client-56A4EE866ECF->500162f5-df4c-43d4-be22-b16b483ed3b9: receive RaftClientReply:client-56A4EE866ECF->500162f5-df4c-43d4-be22-b16b483ed3b9@group-273770D6E455, cid=45, FAILED org.apache.ratis.protocol.NotLeaderException: Server 500162f5-df4c-43d4-be22-b16b483ed3b9 is not the leader (2cd21838-1a98-4748-8882-d7146563928a:192.168.157.249:40808). Request must be sent to leader., logIndex=0, commits[500162f5-df4c-43d4-be22-b16b483ed3b9:c8, 2cd21838-1a98-4748-8882-d7146563928a:c8, 24081c8f-d316-435d-a792-3431bfeb71b1:c8]
2019-08-29 08:24:53,828 | INFO  | SCMAudit | user=jenkins1000 | ip=192.168.157.249 | op=SEND_HEARTBEAT {datanodeUUID=b3ac43d0-c6e0-46d8-bcc9-9ad695550644, command=[]} | ret=SUCCESS |  
2019-08-29 08:24:53,981 | INFO  | SCMAudit | user=jenkins1000 | ip=192.168.157.249 | op=SEND_HEARTBEAT {datanodeUUID=35f04ff1-b93c-4ae0-b494-c5f2981bb056, command=[]} | ret=SUCCESS |  
2019-08-29 08:24:54,699 | INFO  | SCMAudit | user=jenkins1000 | ip=192.168.157.249 | op=SEND_HEARTBEAT {datanodeUUID=6d68ca61-c219-4724-b8bb-ddcd01f258b2, command=[]} | ret=SUCCESS |  
2019-08-29 08:24:54,762 | INFO  | SCMAudit | user=jenkins1000 | ip=192.168.157.249 | op=SEND_HEARTBEAT {datanodeUUID=2cd21838-1a98-4748-8882-d7146563928a, command=[]} | ret=SUCCESS |  
2019-08-29 08:24:54,770 | INFO  | SCMAudit | user=jenkins1000 | ip=192.168.157.249 | op=SEND_HEARTBEAT {datanodeUUID=f3091307-9c6d-4cf5-b619-8e6cca6f84c9, command=[]} | ret=SUCCESS |  
2019-08-29 08:24:54,791 | INFO  | SCMAudit | user=jenkins1000 | ip=192.168.157.249 | op=SEND_HEARTBEAT {datanodeUUID=24081c8f-d316-435d-a792-3431bfeb71b1, command=[]} | ret=SUCCESS |  
2019-08-29 08:24:54,795 | INFO  | SCMAudit | user=jenkins1000 | ip=192.168.157.249 | op=SEND_HEARTBEAT {datanodeUUID=500162f5-df4c-43d4-be22-b16b483ed3b9, command=[]} | ret=SUCCESS |  
2019-08-29 08:24:54,828 | INFO  | SCMAudit | user=jenkins1000 | ip=192.168.157.249 | op=SEND_HEARTBEAT {datanodeUUID=b3ac43d0-c6e0-46d8-bcc9-9ad695550644, command=[]} | ret=SUCCESS |  
2019-08-29 08:24:54,981 | INFO  | SCMAudit | user=jenkins1000 | ip=192.168.157.249 | op=SEND_HEARTBEAT {datanodeUUID=35f04ff1-b93c-4ae0-b494-c5f2981bb056, command=[]} | ret=SUCCESS |  
2019-08-29 08:24:55,700 | INFO  | SCMAudit | user=jenkins1000 | ip=192.168.157.249 | op=SEND_HEARTBEAT {datanodeUUID=6d68ca61-c219-4724-b8bb-ddcd01f258b2, command=[]} | ret=SUCCESS |  
2019-08-29 08:24:55,763 | INFO  | SCMAudit | user=jenkins1000 | ip=192.168.157.249 | op=SEND_HEARTBEAT {datanodeUUID=2cd21838-1a98-4748-8882-d7146563928a, command=[]} | ret=SUCCESS |  
2019-08-29 08:24:55,770 | INFO  | SCMAudit | user=jenkins1000 | ip=192.168.157.249 | op=SEND_HEARTBEAT {datanodeUUID=f3091307-9c6d-4cf5-b619-8e6cca6f84c9, command=[]} | ret=SUCCESS |  
2019-08-29 08:24:55,791 | INFO  | SCMAudit | user=jenkins1000 | ip=192.168.157.249 | op=SEND_HEARTBEAT {datanodeUUID=24081c8f-d316-435d-a792-3431bfeb71b1, command=[]} | ret=SUCCESS |  
2019-08-29 08:24:55,795 | INFO  | SCMAudit | user=jenkins1000 | ip=192.168.157.249 | op=SEND_HEARTBEAT {datanodeUUID=500162f5-df4c-43d4-be22-b16b483ed3b9, command=[]} | ret=SUCCESS |  
2019-08-29 08:24:55,828 | INFO  | SCMAudit | user=jenkins1000 | ip=192.168.157.249 | op=SEND_HEARTBEAT {datanodeUUID=b3ac43d0-c6e0-46d8-bcc9-9ad695550644, command=[]} | ret=SUCCESS |  
2019-08-29 08:24:55,982 | INFO  | SCMAudit | user=jenkins1000 | ip=192.168.157.249 | op=SEND_HEARTBEAT {datanodeUUID=35f04ff1-b93c-4ae0-b494-c5f2981bb056, command=[]} | ret=SUCCESS |  
2019-08-29 08:24:56,699 | INFO  | SCMAudit | user=jenkins1000 | ip=192.168.157.249 | op=SEND_HEARTBEAT {datanodeUUID=6d68ca61-c219-4724-b8bb-ddcd01f258b2, command=[]} | ret=SUCCESS |  
2019-08-29 08:24:56,763 | INFO  | SCMAudit | user=jenkins1000 | ip=192.168.157.249 | op=SEND_HEARTBEAT {datanodeUUID=2cd21838-1a98-4748-8882-d7146563928a, command=[]} | ret=SUCCESS |  
2019-08-29 08:24:56,770 | INFO  | SCMAudit | user=jenkins1000 | ip=192.168.157.249 | op=SEND_HEARTBEAT {datanodeUUID=f3091307-9c6d-4cf5-b619-8e6cca6f84c9, command=[]} | ret=SUCCESS |  
2019-08-29 08:24:56,791 | INFO  | SCMAudit | user=jenkins1000 | ip=192.168.157.249 | op=SEND_HEARTBEAT {datanodeUUID=24081c8f-d316-435d-a792-3431bfeb71b1, command=[]} | ret=SUCCESS |  
2019-08-29 08:24:56,795 | INFO  | SCMAudit | user=jenkins1000 | ip=192.168.157.249 | op=SEND_HEARTBEAT {datanodeUUID=500162f5-df4c-43d4-be22-b16b483ed3b9, command=[]} | ret=SUCCESS |  
2019-08-29 08:24:56,828 | INFO  | SCMAudit | user=jenkins1000 | ip=192.168.157.249 | op=SEND_HEARTBEAT {datanodeUUID=b3ac43d0-c6e0-46d8-bcc9-9ad695550644, command=[]} | ret=SUCCESS |  
2019-08-29 08:24:56,982 | INFO  | SCMAudit | user=jenkins1000 | ip=192.168.157.249 | op=SEND_HEARTBEAT {datanodeUUID=35f04ff1-b93c-4ae0-b494-c5f2981bb056, command=[]} | ret=SUCCESS |  
2019-08-29 08:24:57,699 | INFO  | SCMAudit | user=jenkins1000 | ip=192.168.157.249 | op=SEND_HEARTBEAT {datanodeUUID=6d68ca61-c219-4724-b8bb-ddcd01f258b2, command=[]} | ret=SUCCESS |  
2019-08-29 08:24:57,763 | INFO  | SCMAudit | user=jenkins1000 | ip=192.168.157.249 | op=SEND_HEARTBEAT {datanodeUUID=2cd21838-1a98-4748-8882-d7146563928a, command=[]} | ret=SUCCESS |  
2019-08-29 08:24:57,770 | INFO  | SCMAudit | user=jenkins1000 | ip=192.168.157.249 | op=SEND_HEARTBEAT {datanodeUUID=f3091307-9c6d-4cf5-b619-8e6cca6f84c9, command=[]} | ret=SUCCESS |  
2019-08-29 08:24:57,792 | INFO  | SCMAudit | user=jenkins1000 | ip=192.168.157.249 | op=SEND_HEARTBEAT {datanodeUUID=24081c8f-d316-435d-a792-3431bfeb71b1, command=[]} | ret=SUCCESS |  
2019-08-29 08:24:57,795 | INFO  | SCMAudit | user=jenkins1000 | ip=192.168.157.249 | op=SEND_HEARTBEAT {datanodeUUID=500162f5-df4c-43d4-be22-b16b483ed3b9, command=[]} | ret=SUCCESS |  
2019-08-29 08:24:57,828 | INFO  | SCMAudit | user=jenkins1000 | ip=192.168.157.249 | op=SEND_HEARTBEAT {datanodeUUID=b3ac43d0-c6e0-46d8-bcc9-9ad695550644, command=[]} | ret=SUCCESS |  
2019-08-29 08:24:57,982 | INFO  | SCMAudit | user=jenkins1000 | ip=192.168.157.249 | op=SEND_HEARTBEAT {datanodeUUID=35f04ff1-b93c-4ae0-b494-c5f2981bb056, command=[]} | ret=SUCCESS |  
2019-08-29 08:24:58,700 | INFO  | SCMAudit | user=jenkins1000 | ip=192.168.157.249 | op=SEND_HEARTBEAT {datanodeUUID=6d68ca61-c219-4724-b8bb-ddcd01f258b2, command=[]} | ret=SUCCESS |  
2019-08-29 08:24:58,764 | INFO  | SCMAudit | user=jenkins1000 | ip=192.168.157.249 | op=SEND_HEARTBEAT {datanodeUUID=2cd21838-1a98-4748-8882-d7146563928a, command=[]} | ret=SUCCESS |  
2019-08-29 08:24:58,770 | INFO  | SCMAudit | user=jenkins1000 | ip=192.168.157.249 | op=SEND_HEARTBEAT {datanodeUUID=f3091307-9c6d-4cf5-b619-8e6cca6f84c9, command=[]} | ret=SUCCESS |  
2019-08-29 08:24:58,791 | INFO  | SCMAudit | user=jenkins1000 | ip=192.168.157.249 | op=SEND_HEARTBEAT {datanodeUUID=24081c8f-d316-435d-a792-3431bfeb71b1, command=[]} | ret=SUCCESS |  
2019-08-29 08:24:58,795 | INFO  | SCMAudit | user=jenkins1000 | ip=192.168.157.249 | op=SEND_HEARTBEAT {datanodeUUID=500162f5-df4c-43d4-be22-b16b483ed3b9, command=[]} | ret=SUCCESS |  
2019-08-29 08:24:58,841 | INFO  | SCMAudit | user=jenkins1000 | ip=192.168.157.249 | op=SEND_HEARTBEAT {datanodeUUID=b3ac43d0-c6e0-46d8-bcc9-9ad695550644, command=[]} | ret=SUCCESS |  
2019-08-29 08:24:58,845 [grpc-default-executor-0] INFO  client.GrpcClientProtocolClient (GrpcClientProtocolClient.java:onNext(255)) - client-56A4EE866ECF->24081c8f-d316-435d-a792-3431bfeb71b1: receive RaftClientReply:client-56A4EE866ECF->24081c8f-d316-435d-a792-3431bfeb71b1@group-273770D6E455, cid=45, FAILED org.apache.ratis.protocol.NotLeaderException: Server 24081c8f-d316-435d-a792-3431bfeb71b1 is not the leader (2cd21838-1a98-4748-8882-d7146563928a:192.168.157.249:40808). Request must be sent to leader., logIndex=0, commits[24081c8f-d316-435d-a792-3431bfeb71b1:c8, 2cd21838-1a98-4748-8882-d7146563928a:c8, 500162f5-df4c-43d4-be22-b16b483ed3b9:c8]
2019-08-29 08:24:58,982 | INFO  | SCMAudit | user=jenkins1000 | ip=192.168.157.249 | op=SEND_HEARTBEAT {datanodeUUID=35f04ff1-b93c-4ae0-b494-c5f2981bb056, command=[]} | ret=SUCCESS |  
2019-08-29 08:24:59,699 | INFO  | SCMAudit | user=jenkins1000 | ip=192.168.157.249 | op=SEND_HEARTBEAT {datanodeUUID=6d68ca61-c219-4724-b8bb-ddcd01f258b2, command=[]} | ret=SUCCESS |  
2019-08-29 08:24:59,763 | INFO  | SCMAudit | user=jenkins1000 | ip=192.168.157.249 | op=SEND_HEARTBEAT {datanodeUUID=2cd21838-1a98-4748-8882-d7146563928a, command=[]} | ret=SUCCESS |  
2019-08-29 08:24:59,770 | INFO  | SCMAudit | user=jenkins1000 | ip=192.168.157.249 | op=SEND_HEARTBEAT {datanodeUUID=f3091307-9c6d-4cf5-b619-8e6cca6f84c9, command=[]} | ret=SUCCESS |  
2019-08-29 08:24:59,791 | INFO  | SCMAudit | user=jenkins1000 | ip=192.168.157.249 | op=SEND_HEARTBEAT {datanodeUUID=24081c8f-d316-435d-a792-3431bfeb71b1, command=[]} | ret=SUCCESS |  
2019-08-29 08:24:59,795 | INFO  | SCMAudit | user=jenkins1000 | ip=192.168.157.249 | op=SEND_HEARTBEAT {datanodeUUID=500162f5-df4c-43d4-be22-b16b483ed3b9, command=[]} | ret=SUCCESS |  
2019-08-29 08:24:59,841 | INFO  | SCMAudit | user=jenkins1000 | ip=192.168.157.249 | op=SEND_HEARTBEAT {datanodeUUID=b3ac43d0-c6e0-46d8-bcc9-9ad695550644, command=[]} | ret=SUCCESS |  
2019-08-29 08:24:59,982 | INFO  | SCMAudit | user=jenkins1000 | ip=192.168.157.249 | op=SEND_HEARTBEAT {datanodeUUID=35f04ff1-b93c-4ae0-b494-c5f2981bb056, command=[]} | ret=SUCCESS |  
2019-08-29 08:25:00,699 | INFO  | SCMAudit | user=jenkins1000 | ip=192.168.157.249 | op=SEND_HEARTBEAT {datanodeUUID=6d68ca61-c219-4724-b8bb-ddcd01f258b2, command=[]} | ret=SUCCESS |  
2019-08-29 08:25:00,763 | INFO  | SCMAudit | user=jenkins1000 | ip=192.168.157.249 | op=SEND_HEARTBEAT {datanodeUUID=2cd21838-1a98-4748-8882-d7146563928a, command=[]} | ret=SUCCESS |  
2019-08-29 08:25:00,770 | INFO  | SCMAudit | user=jenkins1000 | ip=192.168.157.249 | op=SEND_HEARTBEAT {datanodeUUID=f3091307-9c6d-4cf5-b619-8e6cca6f84c9, command=[]} | ret=SUCCESS |  
2019-08-29 08:25:00,791 | INFO  | SCMAudit | user=jenkins1000 | ip=192.168.157.249 | op=SEND_HEARTBEAT {datanodeUUID=24081c8f-d316-435d-a792-3431bfeb71b1, command=[]} | ret=SUCCESS |  
2019-08-29 08:25:00,795 | INFO  | SCMAudit | user=jenkins1000 | ip=192.168.157.249 | op=SEND_HEARTBEAT {datanodeUUID=500162f5-df4c-43d4-be22-b16b483ed3b9, command=[]} | ret=SUCCESS |  
2019-08-29 08:25:00,841 | INFO  | SCMAudit | user=jenkins1000 | ip=192.168.157.249 | op=SEND_HEARTBEAT {datanodeUUID=b3ac43d0-c6e0-46d8-bcc9-9ad695550644, command=[]} | ret=SUCCESS |  
2019-08-29 08:25:00,983 | INFO  | SCMAudit | user=jenkins1000 | ip=192.168.157.249 | op=SEND_HEARTBEAT {datanodeUUID=35f04ff1-b93c-4ae0-b494-c5f2981bb056, command=[]} | ret=SUCCESS |  
2019-08-29 08:25:01,700 | INFO  | SCMAudit | user=jenkins1000 | ip=192.168.157.249 | op=SEND_HEARTBEAT {datanodeUUID=6d68ca61-c219-4724-b8bb-ddcd01f258b2, command=[]} | ret=SUCCESS |  
2019-08-29 08:25:01,763 | INFO  | SCMAudit | user=jenkins1000 | ip=192.168.157.249 | op=SEND_HEARTBEAT {datanodeUUID=2cd21838-1a98-4748-8882-d7146563928a, command=[]} | ret=SUCCESS |  
2019-08-29 08:25:01,770 | INFO  | SCMAudit | user=jenkins1000 | ip=192.168.157.249 | op=SEND_HEARTBEAT {datanodeUUID=f3091307-9c6d-4cf5-b619-8e6cca6f84c9, command=[]} | ret=SUCCESS |  
2019-08-29 08:25:01,791 | INFO  | SCMAudit | user=jenkins1000 | ip=192.168.157.249 | op=SEND_HEARTBEAT {datanodeUUID=24081c8f-d316-435d-a792-3431bfeb71b1, command=[]} | ret=SUCCESS |  
2019-08-29 08:25:01,795 | INFO  | SCMAudit | user=jenkins1000 | ip=192.168.157.249 | op=SEND_HEARTBEAT {datanodeUUID=500162f5-df4c-43d4-be22-b16b483ed3b9, command=[]} | ret=SUCCESS |  
2019-08-29 08:25:01,841 | INFO  | SCMAudit | user=jenkins1000 | ip=192.168.157.249 | op=SEND_HEARTBEAT {datanodeUUID=b3ac43d0-c6e0-46d8-bcc9-9ad695550644, command=[]} | ret=SUCCESS |  
2019-08-29 08:25:01,983 | INFO  | SCMAudit | user=jenkins1000 | ip=192.168.157.249 | op=SEND_HEARTBEAT {datanodeUUID=35f04ff1-b93c-4ae0-b494-c5f2981bb056, command=[]} | ret=SUCCESS |  
2019-08-29 08:25:02,699 | INFO  | SCMAudit | user=jenkins1000 | ip=192.168.157.249 | op=SEND_HEARTBEAT {datanodeUUID=6d68ca61-c219-4724-b8bb-ddcd01f258b2, command=[]} | ret=SUCCESS |  
2019-08-29 08:25:02,764 | INFO  | SCMAudit | user=jenkins1000 | ip=192.168.157.249 | op=SEND_HEARTBEAT {datanodeUUID=2cd21838-1a98-4748-8882-d7146563928a, command=[]} | ret=SUCCESS |  
2019-08-29 08:25:02,770 | INFO  | SCMAudit | user=jenkins1000 | ip=192.168.157.249 | op=SEND_HEARTBEAT {datanodeUUID=f3091307-9c6d-4cf5-b619-8e6cca6f84c9, command=[]} | ret=SUCCESS |  
2019-08-29 08:25:02,791 | INFO  | SCMAudit | user=jenkins1000 | ip=192.168.157.249 | op=SEND_HEARTBEAT {datanodeUUID=24081c8f-d316-435d-a792-3431bfeb71b1, command=[]} | ret=SUCCESS |  
2019-08-29 08:25:02,795 | INFO  | SCMAudit | user=jenkins1000 | ip=192.168.157.249 | op=SEND_HEARTBEAT {datanodeUUID=500162f5-df4c-43d4-be22-b16b483ed3b9, command=[]} | ret=SUCCESS |  
2019-08-29 08:25:02,842 | INFO  | SCMAudit | user=jenkins1000 | ip=192.168.157.249 | op=SEND_HEARTBEAT {datanodeUUID=b3ac43d0-c6e0-46d8-bcc9-9ad695550644, command=[]} | ret=SUCCESS |  
2019-08-29 08:25:02,983 | INFO  | SCMAudit | user=jenkins1000 | ip=192.168.157.249 | op=SEND_HEARTBEAT {datanodeUUID=35f04ff1-b93c-4ae0-b494-c5f2981bb056, command=[]} | ret=SUCCESS |  
2019-08-29 08:25:03,699 | INFO  | SCMAudit | user=jenkins1000 | ip=192.168.157.249 | op=SEND_HEARTBEAT {datanodeUUID=6d68ca61-c219-4724-b8bb-ddcd01f258b2, command=[]} | ret=SUCCESS |  
2019-08-29 08:25:03,764 | INFO  | SCMAudit | user=jenkins1000 | ip=192.168.157.249 | op=SEND_HEARTBEAT {datanodeUUID=2cd21838-1a98-4748-8882-d7146563928a, command=[]} | ret=SUCCESS |  
2019-08-29 08:25:03,771 | INFO  | SCMAudit | user=jenkins1000 | ip=192.168.157.249 | op=SEND_HEARTBEAT {datanodeUUID=f3091307-9c6d-4cf5-b619-8e6cca6f84c9, command=[]} | ret=SUCCESS |  
2019-08-29 08:25:03,791 | INFO  | SCMAudit | user=jenkins1000 | ip=192.168.157.249 | op=SEND_HEARTBEAT {datanodeUUID=24081c8f-d316-435d-a792-3431bfeb71b1, command=[]} | ret=SUCCESS |  
2019-08-29 08:25:03,795 | INFO  | SCMAudit | user=jenkins1000 | ip=192.168.157.249 | op=SEND_HEARTBEAT {datanodeUUID=500162f5-df4c-43d4-be22-b16b483ed3b9, command=[]} | ret=SUCCESS |  
2019-08-29 08:25:03,842 | INFO  | SCMAudit | user=jenkins1000 | ip=192.168.157.249 | op=SEND_HEARTBEAT {datanodeUUID=b3ac43d0-c6e0-46d8-bcc9-9ad695550644, command=[]} | ret=SUCCESS |  
2019-08-29 08:25:03,891 [grpc-default-executor-2] INFO  client.GrpcClientProtocolClient (GrpcClientProtocolClient.java:onNext(255)) - client-56A4EE866ECF->24081c8f-d316-435d-a792-3431bfeb71b1: receive RaftClientReply:client-56A4EE866ECF->24081c8f-d316-435d-a792-3431bfeb71b1@group-273770D6E455, cid=45, FAILED org.apache.ratis.protocol.NotLeaderException: Server 24081c8f-d316-435d-a792-3431bfeb71b1 is not the leader (2cd21838-1a98-4748-8882-d7146563928a:192.168.157.249:40808). Request must be sent to leader., logIndex=0, commits[24081c8f-d316-435d-a792-3431bfeb71b1:c8, 2cd21838-1a98-4748-8882-d7146563928a:c8, 500162f5-df4c-43d4-be22-b16b483ed3b9:c8]
2019-08-29 08:25:03,984 | INFO  | SCMAudit | user=jenkins1000 | ip=192.168.157.249 | op=SEND_HEARTBEAT {datanodeUUID=35f04ff1-b93c-4ae0-b494-c5f2981bb056, command=[]} | ret=SUCCESS |  
2019-08-29 08:25:04,700 | INFO  | SCMAudit | user=jenkins1000 | ip=192.168.157.249 | op=SEND_HEARTBEAT {datanodeUUID=6d68ca61-c219-4724-b8bb-ddcd01f258b2, command=[]} | ret=SUCCESS |  
2019-08-29 08:25:04,764 | INFO  | SCMAudit | user=jenkins1000 | ip=192.168.157.249 | op=SEND_HEARTBEAT {datanodeUUID=2cd21838-1a98-4748-8882-d7146563928a, command=[]} | ret=SUCCESS |  
2019-08-29 08:25:04,772 | INFO  | SCMAudit | user=jenkins1000 | ip=192.168.157.249 | op=SEND_HEARTBEAT {datanodeUUID=f3091307-9c6d-4cf5-b619-8e6cca6f84c9, command=[]} | ret=SUCCESS |  
2019-08-29 08:25:04,791 | INFO  | SCMAudit | user=jenkins1000 | ip=192.168.157.249 | op=SEND_HEARTBEAT {datanodeUUID=24081c8f-d316-435d-a792-3431bfeb71b1, command=[]} | ret=SUCCESS |  
2019-08-29 08:25:04,796 | INFO  | SCMAudit | user=jenkins1000 | ip=192.168.157.249 | op=SEND_HEARTBEAT {datanodeUUID=500162f5-df4c-43d4-be22-b16b483ed3b9, command=[]} | ret=SUCCESS |  
2019-08-29 08:25:04,842 | INFO  | SCMAudit | user=jenkins1000 | ip=192.168.157.249 | op=SEND_HEARTBEAT {datanodeUUID=b3ac43d0-c6e0-46d8-bcc9-9ad695550644, command=[]} | ret=SUCCESS |  
2019-08-29 08:25:04,984 | INFO  | SCMAudit | user=jenkins1000 | ip=192.168.157.249 | op=SEND_HEARTBEAT {datanodeUUID=35f04ff1-b93c-4ae0-b494-c5f2981bb056, command=[]} | ret=SUCCESS |  
2019-08-29 08:25:05,699 | INFO  | SCMAudit | user=jenkins1000 | ip=192.168.157.249 | op=SEND_HEARTBEAT {datanodeUUID=6d68ca61-c219-4724-b8bb-ddcd01f258b2, command=[]} | ret=SUCCESS |  
2019-08-29 08:25:05,765 | INFO  | SCMAudit | user=jenkins1000 | ip=192.168.157.249 | op=SEND_HEARTBEAT {datanodeUUID=2cd21838-1a98-4748-8882-d7146563928a, command=[]} | ret=SUCCESS |  
2019-08-29 08:25:05,772 | INFO  | SCMAudit | user=jenkins1000 | ip=192.168.157.249 | op=SEND_HEARTBEAT {datanodeUUID=f3091307-9c6d-4cf5-b619-8e6cca6f84c9, command=[]} | ret=SUCCESS |  
2019-08-29 08:25:05,791 | INFO  | SCMAudit | user=jenkins1000 | ip=192.168.157.249 | op=SEND_HEARTBEAT {datanodeUUID=24081c8f-d316-435d-a792-3431bfeb71b1, command=[]} | ret=SUCCESS |  
2019-08-29 08:25:05,798 | INFO  | SCMAudit | user=jenkins1000 | ip=192.168.157.249 | op=SEND_HEARTBEAT {datanodeUUID=500162f5-df4c-43d4-be22-b16b483ed3b9, command=[]} | ret=SUCCESS |  
2019-08-29 08:25:05,842 | INFO  | SCMAudit | user=jenkins1000 | ip=192.168.157.249 | op=SEND_HEARTBEAT {datanodeUUID=b3ac43d0-c6e0-46d8-bcc9-9ad695550644, command=[]} | ret=SUCCESS |  
2019-08-29 08:25:05,984 | INFO  | SCMAudit | user=jenkins1000 | ip=192.168.157.249 | op=SEND_HEARTBEAT {datanodeUUID=35f04ff1-b93c-4ae0-b494-c5f2981bb056, command=[]} | ret=SUCCESS |  
2019-08-29 08:25:06,699 | INFO  | SCMAudit | user=jenkins1000 | ip=192.168.157.249 | op=SEND_HEARTBEAT {datanodeUUID=6d68ca61-c219-4724-b8bb-ddcd01f258b2, command=[]} | ret=SUCCESS |  
2019-08-29 08:25:06,765 | INFO  | SCMAudit | user=jenkins1000 | ip=192.168.157.249 | op=SEND_HEARTBEAT {datanodeUUID=2cd21838-1a98-4748-8882-d7146563928a, command=[]} | ret=SUCCESS |  
2019-08-29 08:25:06,772 | INFO  | SCMAudit | user=jenkins1000 | ip=192.168.157.249 | op=SEND_HEARTBEAT {datanodeUUID=f3091307-9c6d-4cf5-b619-8e6cca6f84c9, command=[]} | ret=SUCCESS |  
2019-08-29 08:25:06,791 | INFO  | SCMAudit | user=jenkins1000 | ip=192.168.157.249 | op=SEND_HEARTBEAT {datanodeUUID=24081c8f-d316-435d-a792-3431bfeb71b1, command=[]} | ret=SUCCESS |  
2019-08-29 08:25:06,796 | INFO  | SCMAudit | user=jenkins1000 | ip=192.168.157.249 | op=SEND_HEARTBEAT {datanodeUUID=500162f5-df4c-43d4-be22-b16b483ed3b9, command=[]} | ret=SUCCESS |  
2019-08-29 08:25:06,842 | INFO  | SCMAudit | user=jenkins1000 | ip=192.168.157.249 | op=SEND_HEARTBEAT {datanodeUUID=b3ac43d0-c6e0-46d8-bcc9-9ad695550644, command=[]} | ret=SUCCESS |  
2019-08-29 08:25:06,984 | INFO  | SCMAudit | user=jenkins1000 | ip=192.168.157.249 | op=SEND_HEARTBEAT {datanodeUUID=35f04ff1-b93c-4ae0-b494-c5f2981bb056, command=[]} | ret=SUCCESS |  
2019-08-29 08:25:07,699 | INFO  | SCMAudit | user=jenkins1000 | ip=192.168.157.249 | op=SEND_HEARTBEAT {datanodeUUID=6d68ca61-c219-4724-b8bb-ddcd01f258b2, command=[]} | ret=SUCCESS |  
2019-08-29 08:25:07,765 | INFO  | SCMAudit | user=jenkins1000 | ip=192.168.157.249 | op=SEND_HEARTBEAT {datanodeUUID=2cd21838-1a98-4748-8882-d7146563928a, command=[]} | ret=SUCCESS |  
2019-08-29 08:25:07,772 | INFO  | SCMAudit | user=jenkins1000 | ip=192.168.157.249 | op=SEND_HEARTBEAT {datanodeUUID=f3091307-9c6d-4cf5-b619-8e6cca6f84c9, command=[]} | ret=SUCCESS |  
2019-08-29 08:25:07,791 | INFO  | SCMAudit | user=jenkins1000 | ip=192.168.157.249 | op=SEND_HEARTBEAT {datanodeUUID=24081c8f-d316-435d-a792-3431bfeb71b1, command=[]} | ret=SUCCESS |  
2019-08-29 08:25:07,797 | INFO  | SCMAudit | user=jenkins1000 | ip=192.168.157.249 | op=SEND_HEARTBEAT {datanodeUUID=500162f5-df4c-43d4-be22-b16b483ed3b9, command=[]} | ret=SUCCESS |  
2019-08-29 08:25:07,843 | INFO  | SCMAudit | user=jenkins1000 | ip=192.168.157.249 | op=SEND_HEARTBEAT {datanodeUUID=b3ac43d0-c6e0-46d8-bcc9-9ad695550644, command=[]} | ret=SUCCESS |  
2019-08-29 08:25:07,984 | INFO  | SCMAudit | user=jenkins1000 | ip=192.168.157.249 | op=SEND_HEARTBEAT {datanodeUUID=35f04ff1-b93c-4ae0-b494-c5f2981bb056, command=[]} | ret=SUCCESS |  
2019-08-29 08:25:08,700 | INFO  | SCMAudit | user=jenkins1000 | ip=192.168.157.249 | op=SEND_HEARTBEAT {datanodeUUID=6d68ca61-c219-4724-b8bb-ddcd01f258b2, command=[]} | ret=SUCCESS |  
2019-08-29 08:25:08,765 | INFO  | SCMAudit | user=jenkins1000 | ip=192.168.157.249 | op=SEND_HEARTBEAT {datanodeUUID=2cd21838-1a98-4748-8882-d7146563928a, command=[]} | ret=SUCCESS |  
2019-08-29 08:25:08,772 | INFO  | SCMAudit | user=jenkins1000 | ip=192.168.157.249 | op=SEND_HEARTBEAT {datanodeUUID=f3091307-9c6d-4cf5-b619-8e6cca6f84c9, command=[]} | ret=SUCCESS |  
2019-08-29 08:25:08,791 | INFO  | SCMAudit | user=jenkins1000 | ip=192.168.157.249 | op=SEND_HEARTBEAT {datanodeUUID=24081c8f-d316-435d-a792-3431bfeb71b1, command=[]} | ret=SUCCESS |  
2019-08-29 08:25:08,797 | INFO  | SCMAudit | user=jenkins1000 | ip=192.168.157.249 | op=SEND_HEARTBEAT {datanodeUUID=500162f5-df4c-43d4-be22-b16b483ed3b9, command=[]} | ret=SUCCESS |  
2019-08-29 08:25:08,842 | INFO  | SCMAudit | user=jenkins1000 | ip=192.168.157.249 | op=SEND_HEARTBEAT {datanodeUUID=b3ac43d0-c6e0-46d8-bcc9-9ad695550644, command=[]} | ret=SUCCESS |  
2019-08-29 08:25:08,937 [grpc-default-executor-2] INFO  client.GrpcClientProtocolClient (GrpcClientProtocolClient.java:onNext(255)) - client-56A4EE866ECF->500162f5-df4c-43d4-be22-b16b483ed3b9: receive RaftClientReply:client-56A4EE866ECF->500162f5-df4c-43d4-be22-b16b483ed3b9@group-273770D6E455, cid=45, FAILED org.apache.ratis.protocol.NotLeaderException: Server 500162f5-df4c-43d4-be22-b16b483ed3b9 is not the leader (2cd21838-1a98-4748-8882-d7146563928a:192.168.157.249:40808). Request must be sent to leader., logIndex=0, commits[500162f5-df4c-43d4-be22-b16b483ed3b9:c8, 2cd21838-1a98-4748-8882-d7146563928a:c8, 24081c8f-d316-435d-a792-3431bfeb71b1:c8]
2019-08-29 08:25:08,985 | INFO  | SCMAudit | user=jenkins1000 | ip=192.168.157.249 | op=SEND_HEARTBEAT {datanodeUUID=35f04ff1-b93c-4ae0-b494-c5f2981bb056, command=[]} | ret=SUCCESS |  
2019-08-29 08:25:09,701 | INFO  | SCMAudit | user=jenkins1000 | ip=192.168.157.249 | op=SEND_HEARTBEAT {datanodeUUID=6d68ca61-c219-4724-b8bb-ddcd01f258b2, command=[]} | ret=SUCCESS |  
2019-08-29 08:25:09,766 | INFO  | SCMAudit | user=jenkins1000 | ip=192.168.157.249 | op=SEND_HEARTBEAT {datanodeUUID=2cd21838-1a98-4748-8882-d7146563928a, command=[]} | ret=SUCCESS |  
2019-08-29 08:25:09,772 | INFO  | SCMAudit | user=jenkins1000 | ip=192.168.157.249 | op=SEND_HEARTBEAT {datanodeUUID=f3091307-9c6d-4cf5-b619-8e6cca6f84c9, command=[]} | ret=SUCCESS |  
2019-08-29 08:25:09,792 | INFO  | SCMAudit | user=jenkins1000 | ip=192.168.157.249 | op=SEND_HEARTBEAT {datanodeUUID=24081c8f-d316-435d-a792-3431bfeb71b1, command=[]} | ret=SUCCESS |  
2019-08-29 08:25:09,797 | INFO  | SCMAudit | user=jenkins1000 | ip=192.168.157.249 | op=SEND_HEARTBEAT {datanodeUUID=500162f5-df4c-43d4-be22-b16b483ed3b9, command=[]} | ret=SUCCESS |  
2019-08-29 08:25:09,842 | INFO  | SCMAudit | user=jenkins1000 | ip=192.168.157.249 | op=SEND_HEARTBEAT {datanodeUUID=b3ac43d0-c6e0-46d8-bcc9-9ad695550644, command=[]} | ret=SUCCESS |  
2019-08-29 08:25:09,984 | INFO  | SCMAudit | user=jenkins1000 | ip=192.168.157.249 | op=SEND_HEARTBEAT {datanodeUUID=35f04ff1-b93c-4ae0-b494-c5f2981bb056, command=[]} | ret=SUCCESS |  
2019-08-29 08:25:10,699 | INFO  | SCMAudit | user=jenkins1000 | ip=192.168.157.249 | op=SEND_HEARTBEAT {datanodeUUID=6d68ca61-c219-4724-b8bb-ddcd01f258b2, command=[]} | ret=SUCCESS |  
2019-08-29 08:25:10,766 | INFO  | SCMAudit | user=jenkins1000 | ip=192.168.157.249 | op=SEND_HEARTBEAT {datanodeUUID=2cd21838-1a98-4748-8882-d7146563928a, command=[]} | ret=SUCCESS |  
2019-08-29 08:25:10,772 | INFO  | SCMAudit | user=jenkins1000 | ip=192.168.157.249 | op=SEND_HEARTBEAT {datanodeUUID=f3091307-9c6d-4cf5-b619-8e6cca6f84c9, command=[]} | ret=SUCCESS |  
2019-08-29 08:25:10,792 | INFO  | SCMAudit | user=jenkins1000 | ip=192.168.157.249 | op=SEND_HEARTBEAT {datanodeUUID=24081c8f-d316-435d-a792-3431bfeb71b1, command=[]} | ret=SUCCESS |  
2019-08-29 08:25:10,797 | INFO  | SCMAudit | user=jenkins1000 | ip=192.168.157.249 | op=SEND_HEARTBEAT {datanodeUUID=500162f5-df4c-43d4-be22-b16b483ed3b9, command=[]} | ret=SUCCESS |  
2019-08-29 08:25:10,843 | INFO  | SCMAudit | user=jenkins1000 | ip=192.168.157.249 | op=SEND_HEARTBEAT {datanodeUUID=b3ac43d0-c6e0-46d8-bcc9-9ad695550644, command=[]} | ret=SUCCESS |  
2019-08-29 08:25:10,984 | INFO  | SCMAudit | user=jenkins1000 | ip=192.168.157.249 | op=SEND_HEARTBEAT {datanodeUUID=35f04ff1-b93c-4ae0-b494-c5f2981bb056, command=[]} | ret=SUCCESS |  
2019-08-29 08:25:11,699 | INFO  | SCMAudit | user=jenkins1000 | ip=192.168.157.249 | op=SEND_HEARTBEAT {datanodeUUID=6d68ca61-c219-4724-b8bb-ddcd01f258b2, command=[]} | ret=SUCCESS |  
2019-08-29 08:25:11,766 | INFO  | SCMAudit | user=jenkins1000 | ip=192.168.157.249 | op=SEND_HEARTBEAT {datanodeUUID=2cd21838-1a98-4748-8882-d7146563928a, command=[]} | ret=SUCCESS |  
2019-08-29 08:25:11,772 | INFO  | SCMAudit | user=jenkins1000 | ip=192.168.157.249 | op=SEND_HEARTBEAT {datanodeUUID=f3091307-9c6d-4cf5-b619-8e6cca6f84c9, command=[]} | ret=SUCCESS |  
2019-08-29 08:25:11,792 | INFO  | SCMAudit | user=jenkins1000 | ip=192.168.157.249 | op=SEND_HEARTBEAT {datanodeUUID=24081c8f-d316-435d-a792-3431bfeb71b1, command=[]} | ret=SUCCESS |  
2019-08-29 08:25:11,796 | INFO  | SCMAudit | user=jenkins1000 | ip=192.168.157.249 | op=SEND_HEARTBEAT {datanodeUUID=500162f5-df4c-43d4-be22-b16b483ed3b9, command=[]} | ret=SUCCESS |  
2019-08-29 08:25:11,843 | INFO  | SCMAudit | user=jenkins1000 | ip=192.168.157.249 | op=SEND_HEARTBEAT {datanodeUUID=b3ac43d0-c6e0-46d8-bcc9-9ad695550644, command=[]} | ret=SUCCESS |  
2019-08-29 08:25:11,984 | INFO  | SCMAudit | user=jenkins1000 | ip=192.168.157.249 | op=SEND_HEARTBEAT {datanodeUUID=35f04ff1-b93c-4ae0-b494-c5f2981bb056, command=[]} | ret=SUCCESS |  
2019-08-29 08:25:12,699 | INFO  | SCMAudit | user=jenkins1000 | ip=192.168.157.249 | op=SEND_HEARTBEAT {datanodeUUID=6d68ca61-c219-4724-b8bb-ddcd01f258b2, command=[]} | ret=SUCCESS |  
2019-08-29 08:25:12,767 | INFO  | SCMAudit | user=jenkins1000 | ip=192.168.157.249 | op=SEND_HEARTBEAT {datanodeUUID=2cd21838-1a98-4748-8882-d7146563928a, command=[]} | ret=SUCCESS |  
2019-08-29 08:25:12,772 | INFO  | SCMAudit | user=jenkins1000 | ip=192.168.157.249 | op=SEND_HEARTBEAT {datanodeUUID=f3091307-9c6d-4cf5-b619-8e6cca6f84c9, command=[]} | ret=SUCCESS |  
2019-08-29 08:25:12,792 | INFO  | SCMAudit | user=jenkins1000 | ip=192.168.157.249 | op=SEND_HEARTBEAT {datanodeUUID=24081c8f-d316-435d-a792-3431bfeb71b1, command=[]} | ret=SUCCESS |  
2019-08-29 08:25:12,797 | INFO  | SCMAudit | user=jenkins1000 | ip=192.168.157.249 | op=SEND_HEARTBEAT {datanodeUUID=500162f5-df4c-43d4-be22-b16b483ed3b9, command=[]} | ret=SUCCESS |  
2019-08-29 08:25:12,843 | INFO  | SCMAudit | user=jenkins1000 | ip=192.168.157.249 | op=SEND_HEARTBEAT {datanodeUUID=b3ac43d0-c6e0-46d8-bcc9-9ad695550644, command=[]} | ret=SUCCESS |  
2019-08-29 08:25:12,985 | INFO  | SCMAudit | user=jenkins1000 | ip=192.168.157.249 | op=SEND_HEARTBEAT {datanodeUUID=35f04ff1-b93c-4ae0-b494-c5f2981bb056, command=[]} | ret=SUCCESS |  
2019-08-29 08:25:13,700 | INFO  | SCMAudit | user=jenkins1000 | ip=192.168.157.249 | op=SEND_HEARTBEAT {datanodeUUID=6d68ca61-c219-4724-b8bb-ddcd01f258b2, command=[]} | ret=SUCCESS |  
2019-08-29 08:25:13,766 | INFO  | SCMAudit | user=jenkins1000 | ip=192.168.157.249 | op=SEND_HEARTBEAT {datanodeUUID=2cd21838-1a98-4748-8882-d7146563928a, command=[]} | ret=SUCCESS |  
2019-08-29 08:25:13,772 | INFO  | SCMAudit | user=jenkins1000 | ip=192.168.157.249 | op=SEND_HEARTBEAT {datanodeUUID=f3091307-9c6d-4cf5-b619-8e6cca6f84c9, command=[]} | ret=SUCCESS |  
2019-08-29 08:25:13,792 | INFO  | SCMAudit | user=jenkins1000 | ip=192.168.157.249 | op=SEND_HEARTBEAT {datanodeUUID=24081c8f-d316-435d-a792-3431bfeb71b1, command=[]} | ret=SUCCESS |  
2019-08-29 08:25:13,797 | INFO  | SCMAudit | user=jenkins1000 | ip=192.168.157.249 | op=SEND_HEARTBEAT {datanodeUUID=500162f5-df4c-43d4-be22-b16b483ed3b9, command=[]} | ret=SUCCESS |  
2019-08-29 08:25:13,843 | INFO  | SCMAudit | user=jenkins1000 | ip=192.168.157.249 | op=SEND_HEARTBEAT {datanodeUUID=b3ac43d0-c6e0-46d8-bcc9-9ad695550644, command=[]} | ret=SUCCESS |  
2019-08-29 08:25:13,988 | INFO  | SCMAudit | user=jenkins1000 | ip=192.168.157.249 | op=SEND_HEARTBEAT {datanodeUUID=35f04ff1-b93c-4ae0-b494-c5f2981bb056, command=[]} | ret=SUCCESS |  
2019-08-29 08:25:14,000 [grpc-default-executor-2] INFO  client.GrpcClientProtocolClient (GrpcClientProtocolClient.java:onNext(255)) - client-56A4EE866ECF->24081c8f-d316-435d-a792-3431bfeb71b1: receive RaftClientReply:client-56A4EE866ECF->24081c8f-d316-435d-a792-3431bfeb71b1@group-273770D6E455, cid=45, FAILED org.apache.ratis.protocol.NotLeaderException: Server 24081c8f-d316-435d-a792-3431bfeb71b1 is not the leader (2cd21838-1a98-4748-8882-d7146563928a:192.168.157.249:40808). Request must be sent to leader., logIndex=0, commits[24081c8f-d316-435d-a792-3431bfeb71b1:c8, 2cd21838-1a98-4748-8882-d7146563928a:c8, 500162f5-df4c-43d4-be22-b16b483ed3b9:c8]
2019-08-29 08:25:14,699 | INFO  | SCMAudit | user=jenkins1000 | ip=192.168.157.249 | op=SEND_HEARTBEAT {datanodeUUID=6d68ca61-c219-4724-b8bb-ddcd01f258b2, command=[]} | ret=SUCCESS |  
2019-08-29 08:25:14,766 | INFO  | SCMAudit | user=jenkins1000 | ip=192.168.157.249 | op=SEND_HEARTBEAT {datanodeUUID=2cd21838-1a98-4748-8882-d7146563928a, command=[]} | ret=SUCCESS |  
2019-08-29 08:25:14,772 | INFO  | SCMAudit | user=jenkins1000 | ip=192.168.157.249 | op=SEND_HEARTBEAT {datanodeUUID=f3091307-9c6d-4cf5-b619-8e6cca6f84c9, command=[]} | ret=SUCCESS |  
2019-08-29 08:25:14,792 | INFO  | SCMAudit | user=jenkins1000 | ip=192.168.157.249 | op=SEND_HEARTBEAT {datanodeUUID=24081c8f-d316-435d-a792-3431bfeb71b1, command=[]} | ret=SUCCESS |  
2019-08-29 08:25:14,797 | INFO  | SCMAudit | user=jenkins1000 | ip=192.168.157.249 | op=SEND_HEARTBEAT {datanodeUUID=500162f5-df4c-43d4-be22-b16b483ed3b9, command=[]} | ret=SUCCESS |  
2019-08-29 08:25:14,844 | INFO  | SCMAudit | user=jenkins1000 | ip=192.168.157.249 | op=SEND_HEARTBEAT {datanodeUUID=b3ac43d0-c6e0-46d8-bcc9-9ad695550644, command=[]} | ret=SUCCESS |  
2019-08-29 08:25:14,988 | INFO  | SCMAudit | user=jenkins1000 | ip=192.168.157.249 | op=SEND_HEARTBEAT {datanodeUUID=35f04ff1-b93c-4ae0-b494-c5f2981bb056, command=[]} | ret=SUCCESS |  
2019-08-29 08:25:15,700 | INFO  | SCMAudit | user=jenkins1000 | ip=192.168.157.249 | op=SEND_HEARTBEAT {datanodeUUID=6d68ca61-c219-4724-b8bb-ddcd01f258b2, command=[]} | ret=SUCCESS |  
2019-08-29 08:25:15,767 | INFO  | SCMAudit | user=jenkins1000 | ip=192.168.157.249 | op=SEND_HEARTBEAT {datanodeUUID=2cd21838-1a98-4748-8882-d7146563928a, command=[]} | ret=SUCCESS |  
2019-08-29 08:25:15,772 | INFO  | SCMAudit | user=jenkins1000 | ip=192.168.157.249 | op=SEND_HEARTBEAT {datanodeUUID=f3091307-9c6d-4cf5-b619-8e6cca6f84c9, command=[]} | ret=SUCCESS |  
2019-08-29 08:25:15,792 | INFO  | SCMAudit | user=jenkins1000 | ip=192.168.157.249 | op=SEND_HEARTBEAT {datanodeUUID=24081c8f-d316-435d-a792-3431bfeb71b1, command=[]} | ret=SUCCESS |  
2019-08-29 08:25:15,797 | INFO  | SCMAudit | user=jenkins1000 | ip=192.168.157.249 | op=SEND_HEARTBEAT {datanodeUUID=500162f5-df4c-43d4-be22-b16b483ed3b9, command=[]} | ret=SUCCESS |  
2019-08-29 08:25:15,846 | INFO  | SCMAudit | user=jenkins1000 | ip=192.168.157.249 | op=SEND_HEARTBEAT {datanodeUUID=b3ac43d0-c6e0-46d8-bcc9-9ad695550644, command=[]} | ret=SUCCESS |  
2019-08-29 08:25:15,989 | INFO  | SCMAudit | user=jenkins1000 | ip=192.168.157.249 | op=SEND_HEARTBEAT {datanodeUUID=35f04ff1-b93c-4ae0-b494-c5f2981bb056, command=[]} | ret=SUCCESS |  
2019-08-29 08:25:16,700 | INFO  | SCMAudit | user=jenkins1000 | ip=192.168.157.249 | op=SEND_HEARTBEAT {datanodeUUID=6d68ca61-c219-4724-b8bb-ddcd01f258b2, command=[]} | ret=SUCCESS |  
2019-08-29 08:25:16,767 | INFO  | SCMAudit | user=jenkins1000 | ip=192.168.157.249 | op=SEND_HEARTBEAT {datanodeUUID=2cd21838-1a98-4748-8882-d7146563928a, command=[]} | ret=SUCCESS |  
2019-08-29 08:25:16,772 | INFO  | SCMAudit | user=jenkins1000 | ip=192.168.157.249 | op=SEND_HEARTBEAT {datanodeUUID=f3091307-9c6d-4cf5-b619-8e6cca6f84c9, command=[]} | ret=SUCCESS |  
2019-08-29 08:25:16,792 | INFO  | SCMAudit | user=jenkins1000 | ip=192.168.157.249 | op=SEND_HEARTBEAT {datanodeUUID=24081c8f-d316-435d-a792-3431bfeb71b1, command=[]} | ret=SUCCESS |  
2019-08-29 08:25:16,797 | INFO  | SCMAudit | user=jenkins1000 | ip=192.168.157.249 | op=SEND_HEARTBEAT {datanodeUUID=500162f5-df4c-43d4-be22-b16b483ed3b9, command=[]} | ret=SUCCESS |  
2019-08-29 08:25:16,846 | INFO  | SCMAudit | user=jenkins1000 | ip=192.168.157.249 | op=SEND_HEARTBEAT {datanodeUUID=b3ac43d0-c6e0-46d8-bcc9-9ad695550644, command=[]} | ret=SUCCESS |  
2019-08-29 08:25:16,988 | INFO  | SCMAudit | user=jenkins1000 | ip=192.168.157.249 | op=SEND_HEARTBEAT {datanodeUUID=35f04ff1-b93c-4ae0-b494-c5f2981bb056, command=[]} | ret=SUCCESS |  
2019-08-29 08:25:17,700 | INFO  | SCMAudit | user=jenkins1000 | ip=192.168.157.249 | op=SEND_HEARTBEAT {datanodeUUID=6d68ca61-c219-4724-b8bb-ddcd01f258b2, command=[]} | ret=SUCCESS |  
2019-08-29 08:25:17,767 | INFO  | SCMAudit | user=jenkins1000 | ip=192.168.157.249 | op=SEND_HEARTBEAT {datanodeUUID=2cd21838-1a98-4748-8882-d7146563928a, command=[]} | ret=SUCCESS |  
2019-08-29 08:25:17,772 | INFO  | SCMAudit | user=jenkins1000 | ip=192.168.157.249 | op=SEND_HEARTBEAT {datanodeUUID=f3091307-9c6d-4cf5-b619-8e6cca6f84c9, command=[]} | ret=SUCCESS |  
2019-08-29 08:25:17,793 | INFO  | SCMAudit | user=jenkins1000 | ip=192.168.157.249 | op=SEND_HEARTBEAT {datanodeUUID=24081c8f-d316-435d-a792-3431bfeb71b1, command=[]} | ret=SUCCESS |  
2019-08-29 08:25:17,797 | INFO  | SCMAudit | user=jenkins1000 | ip=192.168.157.249 | op=SEND_HEARTBEAT {datanodeUUID=500162f5-df4c-43d4-be22-b16b483ed3b9, command=[]} | ret=SUCCESS |  
2019-08-29 08:25:17,846 | INFO  | SCMAudit | user=jenkins1000 | ip=192.168.157.249 | op=SEND_HEARTBEAT {datanodeUUID=b3ac43d0-c6e0-46d8-bcc9-9ad695550644, command=[]} | ret=SUCCESS |  
2019-08-29 08:25:17,988 | INFO  | SCMAudit | user=jenkins1000 | ip=192.168.157.249 | op=SEND_HEARTBEAT {datanodeUUID=35f04ff1-b93c-4ae0-b494-c5f2981bb056, command=[]} | ret=SUCCESS |  
2019-08-29 08:25:18,701 | INFO  | SCMAudit | user=jenkins1000 | ip=192.168.157.249 | op=SEND_HEARTBEAT {datanodeUUID=6d68ca61-c219-4724-b8bb-ddcd01f258b2, command=[]} | ret=SUCCESS |  
2019-08-29 08:25:18,767 | INFO  | SCMAudit | user=jenkins1000 | ip=192.168.157.249 | op=SEND_HEARTBEAT {datanodeUUID=2cd21838-1a98-4748-8882-d7146563928a, command=[]} | ret=SUCCESS |  
2019-08-29 08:25:18,772 | INFO  | SCMAudit | user=jenkins1000 | ip=192.168.157.249 | op=SEND_HEARTBEAT {datanodeUUID=f3091307-9c6d-4cf5-b619-8e6cca6f84c9, command=[]} | ret=SUCCESS |  
2019-08-29 08:25:18,794 | INFO  | SCMAudit | user=jenkins1000 | ip=192.168.157.249 | op=SEND_HEARTBEAT {datanodeUUID=24081c8f-d316-435d-a792-3431bfeb71b1, command=[]} | ret=SUCCESS |  
2019-08-29 08:25:18,797 | INFO  | SCMAudit | user=jenkins1000 | ip=192.168.157.249 | op=SEND_HEARTBEAT {datanodeUUID=500162f5-df4c-43d4-be22-b16b483ed3b9, command=[]} | ret=SUCCESS |  
2019-08-29 08:25:18,846 | INFO  | SCMAudit | user=jenkins1000 | ip=192.168.157.249 | op=SEND_HEARTBEAT {datanodeUUID=b3ac43d0-c6e0-46d8-bcc9-9ad695550644, command=[]} | ret=SUCCESS |  
2019-08-29 08:25:18,989 | INFO  | SCMAudit | user=jenkins1000 | ip=192.168.157.249 | op=SEND_HEARTBEAT {datanodeUUID=35f04ff1-b93c-4ae0-b494-c5f2981bb056, command=[]} | ret=SUCCESS |  
2019-08-29 08:25:19,049 [grpc-default-executor-2] INFO  client.GrpcClientProtocolClient (GrpcClientProtocolClient.java:onNext(255)) - client-56A4EE866ECF->500162f5-df4c-43d4-be22-b16b483ed3b9: receive RaftClientReply:client-56A4EE866ECF->500162f5-df4c-43d4-be22-b16b483ed3b9@group-273770D6E455, cid=45, FAILED org.apache.ratis.protocol.NotLeaderException: Server 500162f5-df4c-43d4-be22-b16b483ed3b9 is not the leader (2cd21838-1a98-4748-8882-d7146563928a:192.168.157.249:40808). Request must be sent to leader., logIndex=0, commits[500162f5-df4c-43d4-be22-b16b483ed3b9:c8, 2cd21838-1a98-4748-8882-d7146563928a:c8, 24081c8f-d316-435d-a792-3431bfeb71b1:c8]
2019-08-29 08:25:19,701 | INFO  | SCMAudit | user=jenkins1000 | ip=192.168.157.249 | op=SEND_HEARTBEAT {datanodeUUID=6d68ca61-c219-4724-b8bb-ddcd01f258b2, command=[]} | ret=SUCCESS |  
2019-08-29 08:25:19,768 | INFO  | SCMAudit | user=jenkins1000 | ip=192.168.157.249 | op=SEND_HEARTBEAT {datanodeUUID=2cd21838-1a98-4748-8882-d7146563928a, command=[]} | ret=SUCCESS |  
2019-08-29 08:25:19,772 | INFO  | SCMAudit | user=jenkins1000 | ip=192.168.157.249 | op=SEND_HEARTBEAT {datanodeUUID=f3091307-9c6d-4cf5-b619-8e6cca6f84c9, command=[]} | ret=SUCCESS |  
2019-08-29 08:25:19,794 | INFO  | SCMAudit | user=jenkins1000 | ip=192.168.157.249 | op=SEND_HEARTBEAT {datanodeUUID=24081c8f-d316-435d-a792-3431bfeb71b1, command=[]} | ret=SUCCESS |  
2019-08-29 08:25:19,798 | INFO  | SCMAudit | user=jenkins1000 | ip=192.168.157.249 | op=SEND_HEARTBEAT {datanodeUUID=500162f5-df4c-43d4-be22-b16b483ed3b9, command=[]} | ret=SUCCESS |  
2019-08-29 08:25:19,846 | INFO  | SCMAudit | user=jenkins1000 | ip=192.168.157.249 | op=SEND_HEARTBEAT {datanodeUUID=b3ac43d0-c6e0-46d8-bcc9-9ad695550644, command=[]} | ret=SUCCESS |  
2019-08-29 08:25:19,988 | INFO  | SCMAudit | user=jenkins1000 | ip=192.168.157.249 | op=SEND_HEARTBEAT {datanodeUUID=35f04ff1-b93c-4ae0-b494-c5f2981bb056, command=[]} | ret=SUCCESS |  
2019-08-29 08:25:20,701 | INFO  | SCMAudit | user=jenkins1000 | ip=192.168.157.249 | op=SEND_HEARTBEAT {datanodeUUID=6d68ca61-c219-4724-b8bb-ddcd01f258b2, command=[]} | ret=SUCCESS |  
2019-08-29 08:25:20,768 | INFO  | SCMAudit | user=jenkins1000 | ip=192.168.157.249 | op=SEND_HEARTBEAT {datanodeUUID=2cd21838-1a98-4748-8882-d7146563928a, command=[]} | ret=SUCCESS |  
2019-08-29 08:25:20,772 | INFO  | SCMAudit | user=jenkins1000 | ip=192.168.157.249 | op=SEND_HEARTBEAT {datanodeUUID=f3091307-9c6d-4cf5-b619-8e6cca6f84c9, command=[]} | ret=SUCCESS |  
2019-08-29 08:25:20,794 | INFO  | SCMAudit | user=jenkins1000 | ip=192.168.157.249 | op=SEND_HEARTBEAT {datanodeUUID=24081c8f-d316-435d-a792-3431bfeb71b1, command=[]} | ret=SUCCESS |  
2019-08-29 08:25:20,798 | INFO  | SCMAudit | user=jenkins1000 | ip=192.168.157.249 | op=SEND_HEARTBEAT {datanodeUUID=500162f5-df4c-43d4-be22-b16b483ed3b9, command=[]} | ret=SUCCESS |  
2019-08-29 08:25:20,846 | INFO  | SCMAudit | user=jenkins1000 | ip=192.168.157.249 | op=SEND_HEARTBEAT {datanodeUUID=b3ac43d0-c6e0-46d8-bcc9-9ad695550644, command=[]} | ret=SUCCESS |  
2019-08-29 08:25:20,989 | INFO  | SCMAudit | user=jenkins1000 | ip=192.168.157.249 | op=SEND_HEARTBEAT {datanodeUUID=35f04ff1-b93c-4ae0-b494-c5f2981bb056, command=[]} | ret=SUCCESS |  
2019-08-29 08:25:21,702 | INFO  | SCMAudit | user=jenkins1000 | ip=192.168.157.249 | op=SEND_HEARTBEAT {datanodeUUID=6d68ca61-c219-4724-b8bb-ddcd01f258b2, command=[]} | ret=SUCCESS |  
2019-08-29 08:25:21,768 | INFO  | SCMAudit | user=jenkins1000 | ip=192.168.157.249 | op=SEND_HEARTBEAT {datanodeUUID=2cd21838-1a98-4748-8882-d7146563928a, command=[]} | ret=SUCCESS |  
2019-08-29 08:25:21,772 | INFO  | SCMAudit | user=jenkins1000 | ip=192.168.157.249 | op=SEND_HEARTBEAT {datanodeUUID=f3091307-9c6d-4cf5-b619-8e6cca6f84c9, command=[]} | ret=SUCCESS |  
2019-08-29 08:25:21,796 | INFO  | SCMAudit | user=jenkins1000 | ip=192.168.157.249 | op=SEND_HEARTBEAT {datanodeUUID=24081c8f-d316-435d-a792-3431bfeb71b1, command=[]} | ret=SUCCESS |  
2019-08-29 08:25:21,798 | INFO  | SCMAudit | user=jenkins1000 | ip=192.168.157.249 | op=SEND_HEARTBEAT {datanodeUUID=500162f5-df4c-43d4-be22-b16b483ed3b9, command=[]} | ret=SUCCESS |  
2019-08-29 08:25:21,847 | INFO  | SCMAudit | user=jenkins1000 | ip=192.168.157.249 | op=SEND_HEARTBEAT {datanodeUUID=b3ac43d0-c6e0-46d8-bcc9-9ad695550644, command=[]} | ret=SUCCESS |  
2019-08-29 08:25:21,988 | INFO  | SCMAudit | user=jenkins1000 | ip=192.168.157.249 | op=SEND_HEARTBEAT {datanodeUUID=35f04ff1-b93c-4ae0-b494-c5f2981bb056, command=[]} | ret=SUCCESS |  
2019-08-29 08:25:22,701 | INFO  | SCMAudit | user=jenkins1000 | ip=192.168.157.249 | op=SEND_HEARTBEAT {datanodeUUID=6d68ca61-c219-4724-b8bb-ddcd01f258b2, command=[]} | ret=SUCCESS |  
2019-08-29 08:25:22,768 | INFO  | SCMAudit | user=jenkins1000 | ip=192.168.157.249 | op=SEND_HEARTBEAT {datanodeUUID=2cd21838-1a98-4748-8882-d7146563928a, command=[]} | ret=SUCCESS |  
2019-08-29 08:25:22,773 | INFO  | SCMAudit | user=jenkins1000 | ip=192.168.157.249 | op=SEND_HEARTBEAT {datanodeUUID=f3091307-9c6d-4cf5-b619-8e6cca6f84c9, command=[]} | ret=SUCCESS |  
2019-08-29 08:25:22,796 | INFO  | SCMAudit | user=jenkins1000 | ip=192.168.157.249 | op=SEND_HEARTBEAT {datanodeUUID=24081c8f-d316-435d-a792-3431bfeb71b1, command=[]} | ret=SUCCESS |  
2019-08-29 08:25:22,798 | INFO  | SCMAudit | user=jenkins1000 | ip=192.168.157.249 | op=SEND_HEARTBEAT {datanodeUUID=500162f5-df4c-43d4-be22-b16b483ed3b9, command=[]} | ret=SUCCESS |  
2019-08-29 08:25:22,847 | INFO  | SCMAudit | user=jenkins1000 | ip=192.168.157.249 | op=SEND_HEARTBEAT {datanodeUUID=b3ac43d0-c6e0-46d8-bcc9-9ad695550644, command=[]} | ret=SUCCESS |  
2019-08-29 08:25:22,988 | INFO  | SCMAudit | user=jenkins1000 | ip=192.168.157.249 | op=SEND_HEARTBEAT {datanodeUUID=35f04ff1-b93c-4ae0-b494-c5f2981bb056, command=[]} | ret=SUCCESS |  
2019-08-29 08:25:23,701 | INFO  | SCMAudit | user=jenkins1000 | ip=192.168.157.249 | op=SEND_HEARTBEAT {datanodeUUID=6d68ca61-c219-4724-b8bb-ddcd01f258b2, command=[]} | ret=SUCCESS |  
2019-08-29 08:25:23,768 | INFO  | SCMAudit | user=jenkins1000 | ip=192.168.157.249 | op=SEND_HEARTBEAT {datanodeUUID=2cd21838-1a98-4748-8882-d7146563928a, command=[]} | ret=SUCCESS |  
2019-08-29 08:25:23,773 | INFO  | SCMAudit | user=jenkins1000 | ip=192.168.157.249 | op=SEND_HEARTBEAT {datanodeUUID=f3091307-9c6d-4cf5-b619-8e6cca6f84c9, command=[]} | ret=SUCCESS |  
2019-08-29 08:25:23,796 | INFO  | SCMAudit | user=jenkins1000 | ip=192.168.157.249 | op=SEND_HEARTBEAT {datanodeUUID=24081c8f-d316-435d-a792-3431bfeb71b1, command=[]} | ret=SUCCESS |  
2019-08-29 08:25:23,798 | INFO  | SCMAudit | user=jenkins1000 | ip=192.168.157.249 | op=SEND_HEARTBEAT {datanodeUUID=500162f5-df4c-43d4-be22-b16b483ed3b9, command=[]} | ret=SUCCESS |  
2019-08-29 08:25:23,847 | INFO  | SCMAudit | user=jenkins1000 | ip=192.168.157.249 | op=SEND_HEARTBEAT {datanodeUUID=b3ac43d0-c6e0-46d8-bcc9-9ad695550644, command=[]} | ret=SUCCESS |  
2019-08-29 08:25:23,988 | INFO  | SCMAudit | user=jenkins1000 | ip=192.168.157.249 | op=SEND_HEARTBEAT {datanodeUUID=35f04ff1-b93c-4ae0-b494-c5f2981bb056, command=[]} | ret=SUCCESS |  
2019-08-29 08:25:24,079 [grpc-default-executor-2] INFO  client.GrpcClientProtocolClient (GrpcClientProtocolClient.java:onNext(255)) - client-56A4EE866ECF->24081c8f-d316-435d-a792-3431bfeb71b1: receive RaftClientReply:client-56A4EE866ECF->24081c8f-d316-435d-a792-3431bfeb71b1@group-273770D6E455, cid=45, FAILED org.apache.ratis.protocol.NotLeaderException: Server 24081c8f-d316-435d-a792-3431bfeb71b1 is not the leader (2cd21838-1a98-4748-8882-d7146563928a:192.168.157.249:40808). Request must be sent to leader., logIndex=0, commits[24081c8f-d316-435d-a792-3431bfeb71b1:c8, 2cd21838-1a98-4748-8882-d7146563928a:c8, 500162f5-df4c-43d4-be22-b16b483ed3b9:c8]
2019-08-29 08:25:24,701 | INFO  | SCMAudit | user=jenkins1000 | ip=192.168.157.249 | op=SEND_HEARTBEAT {datanodeUUID=6d68ca61-c219-4724-b8bb-ddcd01f258b2, command=[]} | ret=SUCCESS |  
2019-08-29 08:25:24,770 | INFO  | SCMAudit | user=jenkins1000 | ip=192.168.157.249 | op=SEND_HEARTBEAT {datanodeUUID=2cd21838-1a98-4748-8882-d7146563928a, command=[]} | ret=SUCCESS |  
2019-08-29 08:25:24,773 | INFO  | SCMAudit | user=jenkins1000 | ip=192.168.157.249 | op=SEND_HEARTBEAT {datanodeUUID=f3091307-9c6d-4cf5-b619-8e6cca6f84c9, command=[]} | ret=SUCCESS |  
2019-08-29 08:25:24,797 | INFO  | SCMAudit | user=jenkins1000 | ip=192.168.157.249 | op=SEND_HEARTBEAT {datanodeUUID=24081c8f-d316-435d-a792-3431bfeb71b1, command=[]} | ret=SUCCESS |  
2019-08-29 08:25:24,798 | INFO  | SCMAudit | user=jenkins1000 | ip=192.168.157.249 | op=SEND_HEARTBEAT {datanodeUUID=500162f5-df4c-43d4-be22-b16b483ed3b9, command=[]} | ret=SUCCESS |  
2019-08-29 08:25:24,849 | INFO  | SCMAudit | user=jenkins1000 | ip=192.168.157.249 | op=SEND_HEARTBEAT {datanodeUUID=b3ac43d0-c6e0-46d8-bcc9-9ad695550644, command=[]} | ret=SUCCESS |  
2019-08-29 08:25:24,989 | INFO  | SCMAudit | user=jenkins1000 | ip=192.168.157.249 | op=SEND_HEARTBEAT {datanodeUUID=35f04ff1-b93c-4ae0-b494-c5f2981bb056, command=[]} | ret=SUCCESS |  
2019-08-29 08:25:25,702 | INFO  | SCMAudit | user=jenkins1000 | ip=192.168.157.249 | op=SEND_HEARTBEAT {datanodeUUID=6d68ca61-c219-4724-b8bb-ddcd01f258b2, command=[]} | ret=SUCCESS |  
2019-08-29 08:25:25,771 | INFO  | SCMAudit | user=jenkins1000 | ip=192.168.157.249 | op=SEND_HEARTBEAT {datanodeUUID=2cd21838-1a98-4748-8882-d7146563928a, command=[]} | ret=SUCCESS |  
2019-08-29 08:25:25,773 | INFO  | SCMAudit | user=jenkins1000 | ip=192.168.157.249 | op=SEND_HEARTBEAT {datanodeUUID=f3091307-9c6d-4cf5-b619-8e6cca6f84c9, command=[]} | ret=SUCCESS |  
2019-08-29 08:25:25,796 | INFO  | SCMAudit | user=jenkins1000 | ip=192.168.157.249 | op=SEND_HEARTBEAT {datanodeUUID=24081c8f-d316-435d-a792-3431bfeb71b1, command=[]} | ret=SUCCESS |  
2019-08-29 08:25:25,798 | INFO  | SCMAudit | user=jenkins1000 | ip=192.168.157.249 | op=SEND_HEARTBEAT {datanodeUUID=500162f5-df4c-43d4-be22-b16b483ed3b9, command=[]} | ret=SUCCESS |  
2019-08-29 08:25:25,847 | INFO  | SCMAudit | user=jenkins1000 | ip=192.168.157.249 | op=SEND_HEARTBEAT {datanodeUUID=b3ac43d0-c6e0-46d8-bcc9-9ad695550644, command=[]} | ret=SUCCESS |  
2019-08-29 08:25:25,989 | INFO  | SCMAudit | user=jenkins1000 | ip=192.168.157.249 | op=SEND_HEARTBEAT {datanodeUUID=35f04ff1-b93c-4ae0-b494-c5f2981bb056, command=[]} | ret=SUCCESS |  
2019-08-29 08:25:26,701 | INFO  | SCMAudit | user=jenkins1000 | ip=192.168.157.249 | op=SEND_HEARTBEAT {datanodeUUID=6d68ca61-c219-4724-b8bb-ddcd01f258b2, command=[]} | ret=SUCCESS |  
2019-08-29 08:25:26,771 | INFO  | SCMAudit | user=jenkins1000 | ip=192.168.157.249 | op=SEND_HEARTBEAT {datanodeUUID=2cd21838-1a98-4748-8882-d7146563928a, command=[]} | ret=SUCCESS |  
2019-08-29 08:25:26,773 | INFO  | SCMAudit | user=jenkins1000 | ip=192.168.157.249 | op=SEND_HEARTBEAT {datanodeUUID=f3091307-9c6d-4cf5-b619-8e6cca6f84c9, command=[]} | ret=SUCCESS |  
2019-08-29 08:25:26,796 | INFO  | SCMAudit | user=jenkins1000 | ip=192.168.157.249 | op=SEND_HEARTBEAT {datanodeUUID=24081c8f-d316-435d-a792-3431bfeb71b1, command=[]} | ret=SUCCESS |  
2019-08-29 08:25:26,799 | INFO  | SCMAudit | user=jenkins1000 | ip=192.168.157.249 | op=SEND_HEARTBEAT {datanodeUUID=500162f5-df4c-43d4-be22-b16b483ed3b9, command=[]} | ret=SUCCESS |  
2019-08-29 08:25:26,847 | INFO  | SCMAudit | user=jenkins1000 | ip=192.168.157.249 | op=SEND_HEARTBEAT {datanodeUUID=b3ac43d0-c6e0-46d8-bcc9-9ad695550644, command=[]} | ret=SUCCESS |  
2019-08-29 08:25:26,990 | INFO  | SCMAudit | user=jenkins1000 | ip=192.168.157.249 | op=SEND_HEARTBEAT {datanodeUUID=35f04ff1-b93c-4ae0-b494-c5f2981bb056, command=[]} | ret=SUCCESS |  
2019-08-29 08:25:27,701 | INFO  | SCMAudit | user=jenkins1000 | ip=192.168.157.249 | op=SEND_HEARTBEAT {datanodeUUID=6d68ca61-c219-4724-b8bb-ddcd01f258b2, command=[]} | ret=SUCCESS |  
2019-08-29 08:25:27,771 | INFO  | SCMAudit | user=jenkins1000 | ip=192.168.157.249 | op=SEND_HEARTBEAT {datanodeUUID=2cd21838-1a98-4748-8882-d7146563928a, command=[]} | ret=SUCCESS |  
2019-08-29 08:25:27,773 | INFO  | SCMAudit | user=jenkins1000 | ip=192.168.157.249 | op=SEND_HEARTBEAT {datanodeUUID=f3091307-9c6d-4cf5-b619-8e6cca6f84c9, command=[]} | ret=SUCCESS |  
2019-08-29 08:25:27,796 | INFO  | SCMAudit | user=jenkins1000 | ip=192.168.157.249 | op=SEND_HEARTBEAT {datanodeUUID=24081c8f-d316-435d-a792-3431bfeb71b1, command=[]} | ret=SUCCESS |  
2019-08-29 08:25:27,799 | INFO  | SCMAudit | user=jenkins1000 | ip=192.168.157.249 | op=SEND_HEARTBEAT {datanodeUUID=500162f5-df4c-43d4-be22-b16b483ed3b9, command=[]} | ret=SUCCESS |  
2019-08-29 08:25:27,847 | INFO  | SCMAudit | user=jenkins1000 | ip=192.168.157.249 | op=SEND_HEARTBEAT {datanodeUUID=b3ac43d0-c6e0-46d8-bcc9-9ad695550644, command=[]} | ret=SUCCESS |  
2019-08-29 08:25:27,990 | INFO  | SCMAudit | user=jenkins1000 | ip=192.168.157.249 | op=SEND_HEARTBEAT {datanodeUUID=35f04ff1-b93c-4ae0-b494-c5f2981bb056, command=[]} | ret=SUCCESS |  
2019-08-29 08:25:28,702 | INFO  | SCMAudit | user=jenkins1000 | ip=192.168.157.249 | op=SEND_HEARTBEAT {datanodeUUID=6d68ca61-c219-4724-b8bb-ddcd01f258b2, command=[]} | ret=SUCCESS |  
2019-08-29 08:25:28,771 | INFO  | SCMAudit | user=jenkins1000 | ip=192.168.157.249 | op=SEND_HEARTBEAT {datanodeUUID=2cd21838-1a98-4748-8882-d7146563928a, command=[]} | ret=SUCCESS |  
2019-08-29 08:25:28,773 | INFO  | SCMAudit | user=jenkins1000 | ip=192.168.157.249 | op=SEND_HEARTBEAT {datanodeUUID=f3091307-9c6d-4cf5-b619-8e6cca6f84c9, command=[]} | ret=SUCCESS |  
2019-08-29 08:25:28,796 | INFO  | SCMAudit | user=jenkins1000 | ip=192.168.157.249 | op=SEND_HEARTBEAT {datanodeUUID=24081c8f-d316-435d-a792-3431bfeb71b1, command=[]} | ret=SUCCESS |  
2019-08-29 08:25:28,799 | INFO  | SCMAudit | user=jenkins1000 | ip=192.168.157.249 | op=SEND_HEARTBEAT {datanodeUUID=500162f5-df4c-43d4-be22-b16b483ed3b9, command=[]} | ret=SUCCESS |  
2019-08-29 08:25:28,847 | INFO  | SCMAudit | user=jenkins1000 | ip=192.168.157.249 | op=SEND_HEARTBEAT {datanodeUUID=b3ac43d0-c6e0-46d8-bcc9-9ad695550644, command=[]} | ret=SUCCESS |  
2019-08-29 08:25:28,990 | INFO  | SCMAudit | user=jenkins1000 | ip=192.168.157.249 | op=SEND_HEARTBEAT {datanodeUUID=35f04ff1-b93c-4ae0-b494-c5f2981bb056, command=[]} | ret=SUCCESS |  
2019-08-29 08:25:29,117 [grpc-default-executor-2] INFO  client.GrpcClientProtocolClient (GrpcClientProtocolClient.java:onNext(255)) - client-56A4EE866ECF->24081c8f-d316-435d-a792-3431bfeb71b1: receive RaftClientReply:client-56A4EE866ECF->24081c8f-d316-435d-a792-3431bfeb71b1@group-273770D6E455, cid=45, FAILED org.apache.ratis.protocol.NotLeaderException: Server 24081c8f-d316-435d-a792-3431bfeb71b1 is not the leader (2cd21838-1a98-4748-8882-d7146563928a:192.168.157.249:40808). Request must be sent to leader., logIndex=0, commits[24081c8f-d316-435d-a792-3431bfeb71b1:c8, 2cd21838-1a98-4748-8882-d7146563928a:c8, 500162f5-df4c-43d4-be22-b16b483ed3b9:c8]
2019-08-29 08:25:29,702 | INFO  | SCMAudit | user=jenkins1000 | ip=192.168.157.249 | op=SEND_HEARTBEAT {datanodeUUID=6d68ca61-c219-4724-b8bb-ddcd01f258b2, command=[]} | ret=SUCCESS |  
2019-08-29 08:25:29,772 | INFO  | SCMAudit | user=jenkins1000 | ip=192.168.157.249 | op=SEND_HEARTBEAT {datanodeUUID=2cd21838-1a98-4748-8882-d7146563928a, command=[]} | ret=SUCCESS |  
2019-08-29 08:25:29,773 | INFO  | SCMAudit | user=jenkins1000 | ip=192.168.157.249 | op=SEND_HEARTBEAT {datanodeUUID=f3091307-9c6d-4cf5-b619-8e6cca6f84c9, command=[]} | ret=SUCCESS |  
2019-08-29 08:25:29,796 | INFO  | SCMAudit | user=jenkins1000 | ip=192.168.157.249 | op=SEND_HEARTBEAT {datanodeUUID=24081c8f-d316-435d-a792-3431bfeb71b1, command=[]} | ret=SUCCESS |  
2019-08-29 08:25:29,799 | INFO  | SCMAudit | user=jenkins1000 | ip=192.168.157.249 | op=SEND_HEARTBEAT {datanodeUUID=500162f5-df4c-43d4-be22-b16b483ed3b9, command=[]} | ret=SUCCESS |  
2019-08-29 08:25:29,847 | INFO  | SCMAudit | user=jenkins1000 | ip=192.168.157.249 | op=SEND_HEARTBEAT {datanodeUUID=b3ac43d0-c6e0-46d8-bcc9-9ad695550644, command=[]} | ret=SUCCESS |  
2019-08-29 08:25:29,990 | INFO  | SCMAudit | user=jenkins1000 | ip=192.168.157.249 | op=SEND_HEARTBEAT {datanodeUUID=35f04ff1-b93c-4ae0-b494-c5f2981bb056, command=[]} | ret=SUCCESS |  
2019-08-29 08:25:30,702 | INFO  | SCMAudit | user=jenkins1000 | ip=192.168.157.249 | op=SEND_HEARTBEAT {datanodeUUID=6d68ca61-c219-4724-b8bb-ddcd01f258b2, command=[]} | ret=SUCCESS |  
2019-08-29 08:25:30,772 | INFO  | SCMAudit | user=jenkins1000 | ip=192.168.157.249 | op=SEND_HEARTBEAT {datanodeUUID=2cd21838-1a98-4748-8882-d7146563928a, command=[]} | ret=SUCCESS |  
2019-08-29 08:25:30,773 | INFO  | SCMAudit | user=jenkins1000 | ip=192.168.157.249 | op=SEND_HEARTBEAT {datanodeUUID=f3091307-9c6d-4cf5-b619-8e6cca6f84c9, command=[]} | ret=SUCCESS |  
2019-08-29 08:25:30,797 | INFO  | SCMAudit | user=jenkins1000 | ip=192.168.157.249 | op=SEND_HEARTBEAT {datanodeUUID=24081c8f-d316-435d-a792-3431bfeb71b1, command=[]} | ret=SUCCESS |  
2019-08-29 08:25:30,799 | INFO  | SCMAudit | user=jenkins1000 | ip=192.168.157.249 | op=SEND_HEARTBEAT {datanodeUUID=500162f5-df4c-43d4-be22-b16b483ed3b9, command=[]} | ret=SUCCESS |  
2019-08-29 08:25:30,847 | INFO  | SCMAudit | user=jenkins1000 | ip=192.168.157.249 | op=SEND_HEARTBEAT {datanodeUUID=b3ac43d0-c6e0-46d8-bcc9-9ad695550644, command=[]} | ret=SUCCESS |  
2019-08-29 08:25:30,991 | INFO  | SCMAudit | user=jenkins1000 | ip=192.168.157.249 | op=SEND_HEARTBEAT {datanodeUUID=35f04ff1-b93c-4ae0-b494-c5f2981bb056, command=[]} | ret=SUCCESS |  
2019-08-29 08:25:31,702 | INFO  | SCMAudit | user=jenkins1000 | ip=192.168.157.249 | op=SEND_HEARTBEAT {datanodeUUID=6d68ca61-c219-4724-b8bb-ddcd01f258b2, command=[]} | ret=SUCCESS |  
2019-08-29 08:25:31,772 | INFO  | SCMAudit | user=jenkins1000 | ip=192.168.157.249 | op=SEND_HEARTBEAT {datanodeUUID=2cd21838-1a98-4748-8882-d7146563928a, command=[]} | ret=SUCCESS |  
2019-08-29 08:25:31,773 | INFO  | SCMAudit | user=jenkins1000 | ip=192.168.157.249 | op=SEND_HEARTBEAT {datanodeUUID=f3091307-9c6d-4cf5-b619-8e6cca6f84c9, command=[]} | ret=SUCCESS |  
2019-08-29 08:25:31,796 | INFO  | SCMAudit | user=jenkins1000 | ip=192.168.157.249 | op=SEND_HEARTBEAT {datanodeUUID=24081c8f-d316-435d-a792-3431bfeb71b1, command=[]} | ret=SUCCESS |  
2019-08-29 08:25:31,800 | INFO  | SCMAudit | user=jenkins1000 | ip=192.168.157.249 | op=SEND_HEARTBEAT {datanodeUUID=500162f5-df4c-43d4-be22-b16b483ed3b9, command=[]} | ret=SUCCESS |  
2019-08-29 08:25:31,847 | INFO  | SCMAudit | user=jenkins1000 | ip=192.168.157.249 | op=SEND_HEARTBEAT {datanodeUUID=b3ac43d0-c6e0-46d8-bcc9-9ad695550644, command=[]} | ret=SUCCESS |  
2019-08-29 08:25:31,990 | INFO  | SCMAudit | user=jenkins1000 | ip=192.168.157.249 | op=SEND_HEARTBEAT {datanodeUUID=35f04ff1-b93c-4ae0-b494-c5f2981bb056, command=[]} | ret=SUCCESS |  
2019-08-29 08:25:32,702 | INFO  | SCMAudit | user=jenkins1000 | ip=192.168.157.249 | op=SEND_HEARTBEAT {datanodeUUID=6d68ca61-c219-4724-b8bb-ddcd01f258b2, command=[]} | ret=SUCCESS |  
2019-08-29 08:25:32,772 | INFO  | SCMAudit | user=jenkins1000 | ip=192.168.157.249 | op=SEND_HEARTBEAT {datanodeUUID=2cd21838-1a98-4748-8882-d7146563928a, command=[]} | ret=SUCCESS |  
2019-08-29 08:25:32,773 | INFO  | SCMAudit | user=jenkins1000 | ip=192.168.157.249 | op=SEND_HEARTBEAT {datanodeUUID=f3091307-9c6d-4cf5-b619-8e6cca6f84c9, command=[]} | ret=SUCCESS |  
2019-08-29 08:25:32,797 | INFO  | SCMAudit | user=jenkins1000 | ip=192.168.157.249 | op=SEND_HEARTBEAT {datanodeUUID=24081c8f-d316-435d-a792-3431bfeb71b1, command=[]} | ret=SUCCESS |  
2019-08-29 08:25:32,801 | INFO  | SCMAudit | user=jenkins1000 | ip=192.168.157.249 | op=SEND_HEARTBEAT {datanodeUUID=500162f5-df4c-43d4-be22-b16b483ed3b9, command=[]} | ret=SUCCESS |  
2019-08-29 08:25:32,847 | INFO  | SCMAudit | user=jenkins1000 | ip=192.168.157.249 | op=SEND_HEARTBEAT {datanodeUUID=b3ac43d0-c6e0-46d8-bcc9-9ad695550644, command=[]} | ret=SUCCESS |  
2019-08-29 08:25:32,990 | INFO  | SCMAudit | user=jenkins1000 | ip=192.168.157.249 | op=SEND_HEARTBEAT {datanodeUUID=35f04ff1-b93c-4ae0-b494-c5f2981bb056, command=[]} | ret=SUCCESS |  
2019-08-29 08:25:33,703 | INFO  | SCMAudit | user=jenkins1000 | ip=192.168.157.249 | op=SEND_HEARTBEAT {datanodeUUID=6d68ca61-c219-4724-b8bb-ddcd01f258b2, command=[]} | ret=SUCCESS |  
2019-08-29 08:25:33,773 | INFO  | SCMAudit | user=jenkins1000 | ip=192.168.157.249 | op=SEND_HEARTBEAT {datanodeUUID=2cd21838-1a98-4748-8882-d7146563928a, command=[]} | ret=SUCCESS |  
2019-08-29 08:25:33,773 | INFO  | SCMAudit | user=jenkins1000 | ip=192.168.157.249 | op=SEND_HEARTBEAT {datanodeUUID=f3091307-9c6d-4cf5-b619-8e6cca6f84c9, command=[]} | ret=SUCCESS |  
2019-08-29 08:25:33,797 | INFO  | SCMAudit | user=jenkins1000 | ip=192.168.157.249 | op=SEND_HEARTBEAT {datanodeUUID=24081c8f-d316-435d-a792-3431bfeb71b1, command=[]} | ret=SUCCESS |  
2019-08-29 08:25:33,801 | INFO  | SCMAudit | user=jenkins1000 | ip=192.168.157.249 | op=SEND_HEARTBEAT {datanodeUUID=500162f5-df4c-43d4-be22-b16b483ed3b9, command=[]} | ret=SUCCESS |  
2019-08-29 08:25:33,847 | INFO  | SCMAudit | user=jenkins1000 | ip=192.168.157.249 | op=SEND_HEARTBEAT {datanodeUUID=b3ac43d0-c6e0-46d8-bcc9-9ad695550644, command=[]} | ret=SUCCESS |  
2019-08-29 08:25:33,991 | INFO  | SCMAudit | user=jenkins1000 | ip=192.168.157.249 | op=SEND_HEARTBEAT {datanodeUUID=35f04ff1-b93c-4ae0-b494-c5f2981bb056, command=[]} | ret=SUCCESS |  
2019-08-29 08:25:34,172 [grpc-default-executor-2] INFO  client.GrpcClientProtocolClient (GrpcClientProtocolClient.java:onNext(255)) - client-56A4EE866ECF->24081c8f-d316-435d-a792-3431bfeb71b1: receive RaftClientReply:client-56A4EE866ECF->24081c8f-d316-435d-a792-3431bfeb71b1@group-273770D6E455, cid=45, FAILED org.apache.ratis.protocol.NotLeaderException: Server 24081c8f-d316-435d-a792-3431bfeb71b1 is not the leader (2cd21838-1a98-4748-8882-d7146563928a:192.168.157.249:40808). Request must be sent to leader., logIndex=0, commits[24081c8f-d316-435d-a792-3431bfeb71b1:c8, 2cd21838-1a98-4748-8882-d7146563928a:c8, 500162f5-df4c-43d4-be22-b16b483ed3b9:c8]
2019-08-29 08:25:34,703 | INFO  | SCMAudit | user=jenkins1000 | ip=192.168.157.249 | op=SEND_HEARTBEAT {datanodeUUID=6d68ca61-c219-4724-b8bb-ddcd01f258b2, command=[]} | ret=SUCCESS |  
2019-08-29 08:25:34,772 | INFO  | SCMAudit | user=jenkins1000 | ip=192.168.157.249 | op=SEND_HEARTBEAT {datanodeUUID=2cd21838-1a98-4748-8882-d7146563928a, command=[]} | ret=SUCCESS |  
2019-08-29 08:25:34,773 | INFO  | SCMAudit | user=jenkins1000 | ip=192.168.157.249 | op=SEND_HEARTBEAT {datanodeUUID=f3091307-9c6d-4cf5-b619-8e6cca6f84c9, command=[]} | ret=SUCCESS |  
2019-08-29 08:25:34,797 | INFO  | SCMAudit | user=jenkins1000 | ip=192.168.157.249 | op=SEND_HEARTBEAT {datanodeUUID=24081c8f-d316-435d-a792-3431bfeb71b1, command=[]} | ret=SUCCESS |  
2019-08-29 08:25:34,801 | INFO  | SCMAudit | user=jenkins1000 | ip=192.168.157.249 | op=SEND_HEARTBEAT {datanodeUUID=500162f5-df4c-43d4-be22-b16b483ed3b9, command=[]} | ret=SUCCESS |  
2019-08-29 08:25:34,847 | INFO  | SCMAudit | user=jenkins1000 | ip=192.168.157.249 | op=SEND_HEARTBEAT {datanodeUUID=b3ac43d0-c6e0-46d8-bcc9-9ad695550644, command=[]} | ret=SUCCESS |  
2019-08-29 08:25:34,990 | INFO  | SCMAudit | user=jenkins1000 | ip=192.168.157.249 | op=SEND_HEARTBEAT {datanodeUUID=35f04ff1-b93c-4ae0-b494-c5f2981bb056, command=[]} | ret=SUCCESS |  
2019-08-29 08:25:35,703 | INFO  | SCMAudit | user=jenkins1000 | ip=192.168.157.249 | op=SEND_HEARTBEAT {datanodeUUID=6d68ca61-c219-4724-b8bb-ddcd01f258b2, command=[]} | ret=SUCCESS |  
2019-08-29 08:25:35,772 | INFO  | SCMAudit | user=jenkins1000 | ip=192.168.157.249 | op=SEND_HEARTBEAT {datanodeUUID=2cd21838-1a98-4748-8882-d7146563928a, command=[]} | ret=SUCCESS |  
2019-08-29 08:25:35,773 | INFO  | SCMAudit | user=jenkins1000 | ip=192.168.157.249 | op=SEND_HEARTBEAT {datanodeUUID=f3091307-9c6d-4cf5-b619-8e6cca6f84c9, command=[]} | ret=SUCCESS |  
2019-08-29 08:25:35,797 | INFO  | SCMAudit | user=jenkins1000 | ip=192.168.157.249 | op=SEND_HEARTBEAT {datanodeUUID=24081c8f-d316-435d-a792-3431bfeb71b1, command=[]} | ret=SUCCESS |  
2019-08-29 08:25:35,801 | INFO  | SCMAudit | user=jenkins1000 | ip=192.168.157.249 | op=SEND_HEARTBEAT {datanodeUUID=500162f5-df4c-43d4-be22-b16b483ed3b9, command=[]} | ret=SUCCESS |  
2019-08-29 08:25:35,847 | INFO  | SCMAudit | user=jenkins1000 | ip=192.168.157.249 | op=SEND_HEARTBEAT {datanodeUUID=b3ac43d0-c6e0-46d8-bcc9-9ad695550644, command=[]} | ret=SUCCESS |  
2019-08-29 08:25:35,990 | INFO  | SCMAudit | user=jenkins1000 | ip=192.168.157.249 | op=SEND_HEARTBEAT {datanodeUUID=35f04ff1-b93c-4ae0-b494-c5f2981bb056, command=[]} | ret=SUCCESS |  
2019-08-29 08:25:36,703 | INFO  | SCMAudit | user=jenkins1000 | ip=192.168.157.249 | op=SEND_HEARTBEAT {datanodeUUID=6d68ca61-c219-4724-b8bb-ddcd01f258b2, command=[]} | ret=SUCCESS |  
2019-08-29 08:25:36,772 | INFO  | SCMAudit | user=jenkins1000 | ip=192.168.157.249 | op=SEND_HEARTBEAT {datanodeUUID=2cd21838-1a98-4748-8882-d7146563928a, command=[]} | ret=SUCCESS |  
2019-08-29 08:25:36,773 | INFO  | SCMAudit | user=jenkins1000 | ip=192.168.157.249 | op=SEND_HEARTBEAT {datanodeUUID=f3091307-9c6d-4cf5-b619-8e6cca6f84c9, command=[]} | ret=SUCCESS |  
2019-08-29 08:25:36,797 | INFO  | SCMAudit | user=jenkins1000 | ip=192.168.157.249 | op=SEND_HEARTBEAT {datanodeUUID=24081c8f-d316-435d-a792-3431bfeb71b1, command=[]} | ret=SUCCESS |  
2019-08-29 08:25:36,801 | INFO  | SCMAudit | user=jenkins1000 | ip=192.168.157.249 | op=SEND_HEARTBEAT {datanodeUUID=500162f5-df4c-43d4-be22-b16b483ed3b9, command=[]} | ret=SUCCESS |  
2019-08-29 08:25:36,847 | INFO  | SCMAudit | user=jenkins1000 | ip=192.168.157.249 | op=SEND_HEARTBEAT {datanodeUUID=b3ac43d0-c6e0-46d8-bcc9-9ad695550644, command=[]} | ret=SUCCESS |  
2019-08-29 08:25:36,991 | INFO  | SCMAudit | user=jenkins1000 | ip=192.168.157.249 | op=SEND_HEARTBEAT {datanodeUUID=35f04ff1-b93c-4ae0-b494-c5f2981bb056, command=[]} | ret=SUCCESS |  
2019-08-29 08:25:37,703 | INFO  | SCMAudit | user=jenkins1000 | ip=192.168.157.249 | op=SEND_HEARTBEAT {datanodeUUID=6d68ca61-c219-4724-b8bb-ddcd01f258b2, command=[]} | ret=SUCCESS |  
2019-08-29 08:25:37,772 | INFO  | SCMAudit | user=jenkins1000 | ip=192.168.157.249 | op=SEND_HEARTBEAT {datanodeUUID=2cd21838-1a98-4748-8882-d7146563928a, command=[]} | ret=SUCCESS |  
2019-08-29 08:25:37,773 | INFO  | SCMAudit | user=jenkins1000 | ip=192.168.157.249 | op=SEND_HEARTBEAT {datanodeUUID=f3091307-9c6d-4cf5-b619-8e6cca6f84c9, command=[]} | ret=SUCCESS |  
2019-08-29 08:25:37,797 | INFO  | SCMAudit | user=jenkins1000 | ip=192.168.157.249 | op=SEND_HEARTBEAT {datanodeUUID=24081c8f-d316-435d-a792-3431bfeb71b1, command=[]} | ret=SUCCESS |  
2019-08-29 08:25:37,801 | INFO  | SCMAudit | user=jenkins1000 | ip=192.168.157.249 | op=SEND_HEARTBEAT {datanodeUUID=500162f5-df4c-43d4-be22-b16b483ed3b9, command=[]} | ret=SUCCESS |  
2019-08-29 08:25:37,848 | INFO  | SCMAudit | user=jenkins1000 | ip=192.168.157.249 | op=SEND_HEARTBEAT {datanodeUUID=b3ac43d0-c6e0-46d8-bcc9-9ad695550644, command=[]} | ret=SUCCESS |  
2019-08-29 08:25:37,990 | INFO  | SCMAudit | user=jenkins1000 | ip=192.168.157.249 | op=SEND_HEARTBEAT {datanodeUUID=35f04ff1-b93c-4ae0-b494-c5f2981bb056, command=[]} | ret=SUCCESS |  
2019-08-29 08:25:38,703 | INFO  | SCMAudit | user=jenkins1000 | ip=192.168.157.249 | op=SEND_HEARTBEAT {datanodeUUID=6d68ca61-c219-4724-b8bb-ddcd01f258b2, command=[]} | ret=SUCCESS |  
2019-08-29 08:25:38,773 | INFO  | SCMAudit | user=jenkins1000 | ip=192.168.157.249 | op=SEND_HEARTBEAT {datanodeUUID=2cd21838-1a98-4748-8882-d7146563928a, command=[]} | ret=SUCCESS |  
2019-08-29 08:25:38,773 | INFO  | SCMAudit | user=jenkins1000 | ip=192.168.157.249 | op=SEND_HEARTBEAT {datanodeUUID=f3091307-9c6d-4cf5-b619-8e6cca6f84c9, command=[]} | ret=SUCCESS |  
2019-08-29 08:25:38,797 | INFO  | SCMAudit | user=jenkins1000 | ip=192.168.157.249 | op=SEND_HEARTBEAT {datanodeUUID=24081c8f-d316-435d-a792-3431bfeb71b1, command=[]} | ret=SUCCESS |  
2019-08-29 08:25:38,801 | INFO  | SCMAudit | user=jenkins1000 | ip=192.168.157.249 | op=SEND_HEARTBEAT {datanodeUUID=500162f5-df4c-43d4-be22-b16b483ed3b9, command=[]} | ret=SUCCESS |  
2019-08-29 08:25:38,850 | INFO  | SCMAudit | user=jenkins1000 | ip=192.168.157.249 | op=SEND_HEARTBEAT {datanodeUUID=b3ac43d0-c6e0-46d8-bcc9-9ad695550644, command=[]} | ret=SUCCESS |  
2019-08-29 08:25:38,990 | INFO  | SCMAudit | user=jenkins1000 | ip=192.168.157.249 | op=SEND_HEARTBEAT {datanodeUUID=35f04ff1-b93c-4ae0-b494-c5f2981bb056, command=[]} | ret=SUCCESS |  
2019-08-29 08:25:39,210 [grpc-default-executor-2] INFO  client.GrpcClientProtocolClient (GrpcClientProtocolClient.java:onNext(255)) - client-56A4EE866ECF->24081c8f-d316-435d-a792-3431bfeb71b1: receive RaftClientReply:client-56A4EE866ECF->24081c8f-d316-435d-a792-3431bfeb71b1@group-273770D6E455, cid=45, FAILED org.apache.ratis.protocol.NotLeaderException: Server 24081c8f-d316-435d-a792-3431bfeb71b1 is not the leader (2cd21838-1a98-4748-8882-d7146563928a:192.168.157.249:40808). Request must be sent to leader., logIndex=0, commits[24081c8f-d316-435d-a792-3431bfeb71b1:c8, 2cd21838-1a98-4748-8882-d7146563928a:c8, 500162f5-df4c-43d4-be22-b16b483ed3b9:c8]
2019-08-29 08:25:39,705 | INFO  | SCMAudit | user=jenkins1000 | ip=192.168.157.249 | op=SEND_HEARTBEAT {datanodeUUID=6d68ca61-c219-4724-b8bb-ddcd01f258b2, command=[]} | ret=SUCCESS |  
2019-08-29 08:25:39,772 | INFO  | SCMAudit | user=jenkins1000 | ip=192.168.157.249 | op=SEND_HEARTBEAT {datanodeUUID=2cd21838-1a98-4748-8882-d7146563928a, command=[]} | ret=SUCCESS |  
2019-08-29 08:25:39,773 | INFO  | SCMAudit | user=jenkins1000 | ip=192.168.157.249 | op=SEND_HEARTBEAT {datanodeUUID=f3091307-9c6d-4cf5-b619-8e6cca6f84c9, command=[]} | ret=SUCCESS |  
2019-08-29 08:25:39,798 | INFO  | SCMAudit | user=jenkins1000 | ip=192.168.157.249 | op=SEND_HEARTBEAT {datanodeUUID=24081c8f-d316-435d-a792-3431bfeb71b1, command=[]} | ret=SUCCESS |  
2019-08-29 08:25:39,801 | INFO  | SCMAudit | user=jenkins1000 | ip=192.168.157.249 | op=SEND_HEARTBEAT {datanodeUUID=500162f5-df4c-43d4-be22-b16b483ed3b9, command=[]} | ret=SUCCESS |  
2019-08-29 08:25:39,850 | INFO  | SCMAudit | user=jenkins1000 | ip=192.168.157.249 | op=SEND_HEARTBEAT {datanodeUUID=b3ac43d0-c6e0-46d8-bcc9-9ad695550644, command=[]} | ret=SUCCESS |  
2019-08-29 08:25:39,990 | INFO  | SCMAudit | user=jenkins1000 | ip=192.168.157.249 | op=SEND_HEARTBEAT {datanodeUUID=35f04ff1-b93c-4ae0-b494-c5f2981bb056, command=[]} | ret=SUCCESS |  
2019-08-29 08:25:40,704 | INFO  | SCMAudit | user=jenkins1000 | ip=192.168.157.249 | op=SEND_HEARTBEAT {datanodeUUID=6d68ca61-c219-4724-b8bb-ddcd01f258b2, command=[]} | ret=SUCCESS |  
2019-08-29 08:25:40,772 | INFO  | SCMAudit | user=jenkins1000 | ip=192.168.157.249 | op=SEND_HEARTBEAT {datanodeUUID=2cd21838-1a98-4748-8882-d7146563928a, command=[]} | ret=SUCCESS |  
2019-08-29 08:25:40,772 | INFO  | SCMAudit | user=jenkins1000 | ip=192.168.157.249 | op=SEND_HEARTBEAT {datanodeUUID=f3091307-9c6d-4cf5-b619-8e6cca6f84c9, command=[]} | ret=SUCCESS |  
2019-08-29 08:25:40,798 | INFO  | SCMAudit | user=jenkins1000 | ip=192.168.157.249 | op=SEND_HEARTBEAT {datanodeUUID=24081c8f-d316-435d-a792-3431bfeb71b1, command=[]} | ret=SUCCESS |  
2019-08-29 08:25:40,801 | INFO  | SCMAudit | user=jenkins1000 | ip=192.168.157.249 | op=SEND_HEARTBEAT {datanodeUUID=500162f5-df4c-43d4-be22-b16b483ed3b9, command=[]} | ret=SUCCESS |  
2019-08-29 08:25:40,851 | INFO  | SCMAudit | user=jenkins1000 | ip=192.168.157.249 | op=SEND_HEARTBEAT {datanodeUUID=b3ac43d0-c6e0-46d8-bcc9-9ad695550644, command=[]} | ret=SUCCESS |  
2019-08-29 08:25:40,991 | INFO  | SCMAudit | user=jenkins1000 | ip=192.168.157.249 | op=SEND_HEARTBEAT {datanodeUUID=35f04ff1-b93c-4ae0-b494-c5f2981bb056, command=[]} | ret=SUCCESS |  
2019-08-29 08:25:41,704 | INFO  | SCMAudit | user=jenkins1000 | ip=192.168.157.249 | op=SEND_HEARTBEAT {datanodeUUID=6d68ca61-c219-4724-b8bb-ddcd01f258b2, command=[]} | ret=SUCCESS |  
2019-08-29 08:25:41,772 | INFO  | SCMAudit | user=jenkins1000 | ip=192.168.157.249 | op=SEND_HEARTBEAT {datanodeUUID=2cd21838-1a98-4748-8882-d7146563928a, command=[]} | ret=SUCCESS |  
2019-08-29 08:25:41,773 | INFO  | SCMAudit | user=jenkins1000 | ip=192.168.157.249 | op=SEND_HEARTBEAT {datanodeUUID=f3091307-9c6d-4cf5-b619-8e6cca6f84c9, command=[]} | ret=SUCCESS |  
2019-08-29 08:25:41,798 | INFO  | SCMAudit | user=jenkins1000 | ip=192.168.157.249 | op=SEND_HEARTBEAT {datanodeUUID=24081c8f-d316-435d-a792-3431bfeb71b1, command=[]} | ret=SUCCESS |  
2019-08-29 08:25:41,800 | INFO  | SCMAudit | user=jenkins1000 | ip=192.168.157.249 | op=SEND_HEARTBEAT {datanodeUUID=500162f5-df4c-43d4-be22-b16b483ed3b9, command=[]} | ret=SUCCESS |  
2019-08-29 08:25:41,851 | INFO  | SCMAudit | user=jenkins1000 | ip=192.168.157.249 | op=SEND_HEARTBEAT {datanodeUUID=b3ac43d0-c6e0-46d8-bcc9-9ad695550644, command=[]} | ret=SUCCESS |  
2019-08-29 08:25:41,991 | INFO  | SCMAudit | user=jenkins1000 | ip=192.168.157.249 | op=SEND_HEARTBEAT {datanodeUUID=35f04ff1-b93c-4ae0-b494-c5f2981bb056, command=[]} | ret=SUCCESS |  
2019-08-29 08:25:42,704 | INFO  | SCMAudit | user=jenkins1000 | ip=192.168.157.249 | op=SEND_HEARTBEAT {datanodeUUID=6d68ca61-c219-4724-b8bb-ddcd01f258b2, command=[]} | ret=SUCCESS |  
2019-08-29 08:25:42,772 | INFO  | SCMAudit | user=jenkins1000 | ip=192.168.157.249 | op=SEND_HEARTBEAT {datanodeUUID=2cd21838-1a98-4748-8882-d7146563928a, command=[]} | ret=SUCCESS |  
2019-08-29 08:25:42,773 | INFO  | SCMAudit | user=jenkins1000 | ip=192.168.157.249 | op=SEND_HEARTBEAT {datanodeUUID=f3091307-9c6d-4cf5-b619-8e6cca6f84c9, command=[]} | ret=SUCCESS |  
2019-08-29 08:25:42,798 | INFO  | SCMAudit | user=jenkins1000 | ip=192.168.157.249 | op=SEND_HEARTBEAT {datanodeUUID=24081c8f-d316-435d-a792-3431bfeb71b1, command=[]} | ret=SUCCESS |  
2019-08-29 08:25:42,801 | INFO  | SCMAudit | user=jenkins1000 | ip=192.168.157.249 | op=SEND_HEARTBEAT {datanodeUUID=500162f5-df4c-43d4-be22-b16b483ed3b9, command=[]} | ret=SUCCESS |  
2019-08-29 08:25:42,851 | INFO  | SCMAudit | user=jenkins1000 | ip=192.168.157.249 | op=SEND_HEARTBEAT {datanodeUUID=b3ac43d0-c6e0-46d8-bcc9-9ad695550644, command=[]} | ret=SUCCESS |  
2019-08-29 08:25:42,991 | INFO  | SCMAudit | user=jenkins1000 | ip=192.168.157.249 | op=SEND_HEARTBEAT {datanodeUUID=35f04ff1-b93c-4ae0-b494-c5f2981bb056, command=[]} | ret=SUCCESS |  
2019-08-29 08:25:43,705 | INFO  | SCMAudit | user=jenkins1000 | ip=192.168.157.249 | op=SEND_HEARTBEAT {datanodeUUID=6d68ca61-c219-4724-b8bb-ddcd01f258b2, command=[]} | ret=SUCCESS |  
2019-08-29 08:25:43,773 | INFO  | SCMAudit | user=jenkins1000 | ip=192.168.157.249 | op=SEND_HEARTBEAT {datanodeUUID=2cd21838-1a98-4748-8882-d7146563928a, command=[]} | ret=SUCCESS |  
2019-08-29 08:25:43,773 | INFO  | SCMAudit | user=jenkins1000 | ip=192.168.157.249 | op=SEND_HEARTBEAT {datanodeUUID=f3091307-9c6d-4cf5-b619-8e6cca6f84c9, command=[]} | ret=SUCCESS |  
2019-08-29 08:25:43,798 | INFO  | SCMAudit | user=jenkins1000 | ip=192.168.157.249 | op=SEND_HEARTBEAT {datanodeUUID=24081c8f-d316-435d-a792-3431bfeb71b1, command=[]} | ret=SUCCESS |  
2019-08-29 08:25:43,801 | INFO  | SCMAudit | user=jenkins1000 | ip=192.168.157.249 | op=SEND_HEARTBEAT {datanodeUUID=500162f5-df4c-43d4-be22-b16b483ed3b9, command=[]} | ret=SUCCESS |  
2019-08-29 08:25:43,851 | INFO  | SCMAudit | user=jenkins1000 | ip=192.168.157.249 | op=SEND_HEARTBEAT {datanodeUUID=b3ac43d0-c6e0-46d8-bcc9-9ad695550644, command=[]} | ret=SUCCESS |  
2019-08-29 08:25:43,991 | INFO  | SCMAudit | user=jenkins1000 | ip=192.168.157.249 | op=SEND_HEARTBEAT {datanodeUUID=35f04ff1-b93c-4ae0-b494-c5f2981bb056, command=[]} | ret=SUCCESS |  
2019-08-29 08:25:44,245 [grpc-default-executor-2] INFO  client.GrpcClientProtocolClient (GrpcClientProtocolClient.java:onNext(255)) - client-56A4EE866ECF->500162f5-df4c-43d4-be22-b16b483ed3b9: receive RaftClientReply:client-56A4EE866ECF->500162f5-df4c-43d4-be22-b16b483ed3b9@group-273770D6E455, cid=45, FAILED org.apache.ratis.protocol.NotLeaderException: Server 500162f5-df4c-43d4-be22-b16b483ed3b9 is not the leader (2cd21838-1a98-4748-8882-d7146563928a:192.168.157.249:40808). Request must be sent to leader., logIndex=0, commits[500162f5-df4c-43d4-be22-b16b483ed3b9:c8, 2cd21838-1a98-4748-8882-d7146563928a:c8, 24081c8f-d316-435d-a792-3431bfeb71b1:c8]
2019-08-29 08:25:44,704 | INFO  | SCMAudit | user=jenkins1000 | ip=192.168.157.249 | op=SEND_HEARTBEAT {datanodeUUID=6d68ca61-c219-4724-b8bb-ddcd01f258b2, command=[]} | ret=SUCCESS |  
2019-08-29 08:25:44,773 | INFO  | SCMAudit | user=jenkins1000 | ip=192.168.157.249 | op=SEND_HEARTBEAT {datanodeUUID=f3091307-9c6d-4cf5-b619-8e6cca6f84c9, command=[]} | ret=SUCCESS |  
2019-08-29 08:25:44,773 | INFO  | SCMAudit | user=jenkins1000 | ip=192.168.157.249 | op=SEND_HEARTBEAT {datanodeUUID=2cd21838-1a98-4748-8882-d7146563928a, command=[]} | ret=SUCCESS |  
2019-08-29 08:25:44,798 | INFO  | SCMAudit | user=jenkins1000 | ip=192.168.157.249 | op=SEND_HEARTBEAT {datanodeUUID=24081c8f-d316-435d-a792-3431bfeb71b1, command=[]} | ret=SUCCESS |  
2019-08-29 08:25:44,801 | INFO  | SCMAudit | user=jenkins1000 | ip=192.168.157.249 | op=SEND_HEARTBEAT {datanodeUUID=500162f5-df4c-43d4-be22-b16b483ed3b9, command=[]} | ret=SUCCESS |  
2019-08-29 08:25:44,851 | INFO  | SCMAudit | user=jenkins1000 | ip=192.168.157.249 | op=SEND_HEARTBEAT {datanodeUUID=b3ac43d0-c6e0-46d8-bcc9-9ad695550644, command=[]} | ret=SUCCESS |  
2019-08-29 08:25:44,991 | INFO  | SCMAudit | user=jenkins1000 | ip=192.168.157.249 | op=SEND_HEARTBEAT {datanodeUUID=35f04ff1-b93c-4ae0-b494-c5f2981bb056, command=[]} | ret=SUCCESS |  
2019-08-29 08:25:45,704 | INFO  | SCMAudit | user=jenkins1000 | ip=192.168.157.249 | op=SEND_HEARTBEAT {datanodeUUID=6d68ca61-c219-4724-b8bb-ddcd01f258b2, command=[]} | ret=SUCCESS |  
2019-08-29 08:25:45,773 | INFO  | SCMAudit | user=jenkins1000 | ip=192.168.157.249 | op=SEND_HEARTBEAT {datanodeUUID=2cd21838-1a98-4748-8882-d7146563928a, command=[]} | ret=SUCCESS |  
2019-08-29 08:25:45,773 | INFO  | SCMAudit | user=jenkins1000 | ip=192.168.157.249 | op=SEND_HEARTBEAT {datanodeUUID=f3091307-9c6d-4cf5-b619-8e6cca6f84c9, command=[]} | ret=SUCCESS |  
2019-08-29 08:25:45,798 | INFO  | SCMAudit | user=jenkins1000 | ip=192.168.157.249 | op=SEND_HEARTBEAT {datanodeUUID=24081c8f-d316-435d-a792-3431bfeb71b1, command=[]} | ret=SUCCESS |  
2019-08-29 08:25:45,801 | INFO  | SCMAudit | user=jenkins1000 | ip=192.168.157.249 | op=SEND_HEARTBEAT {datanodeUUID=500162f5-df4c-43d4-be22-b16b483ed3b9, command=[]} | ret=SUCCESS |  
2019-08-29 08:25:45,852 | INFO  | SCMAudit | user=jenkins1000 | ip=192.168.157.249 | op=SEND_HEARTBEAT {datanodeUUID=b3ac43d0-c6e0-46d8-bcc9-9ad695550644, command=[]} | ret=SUCCESS |  
2019-08-29 08:25:45,991 | INFO  | SCMAudit | user=jenkins1000 | ip=192.168.157.249 | op=SEND_HEARTBEAT {datanodeUUID=35f04ff1-b93c-4ae0-b494-c5f2981bb056, command=[]} | ret=SUCCESS |  
2019-08-29 08:25:46,705 | INFO  | SCMAudit | user=jenkins1000 | ip=192.168.157.249 | op=SEND_HEARTBEAT {datanodeUUID=6d68ca61-c219-4724-b8bb-ddcd01f258b2, command=[]} | ret=SUCCESS |  
2019-08-29 08:25:46,773 | INFO  | SCMAudit | user=jenkins1000 | ip=192.168.157.249 | op=SEND_HEARTBEAT {datanodeUUID=f3091307-9c6d-4cf5-b619-8e6cca6f84c9, command=[]} | ret=SUCCESS |  
2019-08-29 08:25:46,773 | INFO  | SCMAudit | user=jenkins1000 | ip=192.168.157.249 | op=SEND_HEARTBEAT {datanodeUUID=2cd21838-1a98-4748-8882-d7146563928a, command=[]} | ret=SUCCESS |  
2019-08-29 08:25:46,798 | INFO  | SCMAudit | user=jenkins1000 | ip=192.168.157.249 | op=SEND_HEARTBEAT {datanodeUUID=24081c8f-d316-435d-a792-3431bfeb71b1, command=[]} | ret=SUCCESS |  
2019-08-29 08:25:46,800 | INFO  | SCMAudit | user=jenkins1000 | ip=192.168.157.249 | op=SEND_HEARTBEAT {datanodeUUID=500162f5-df4c-43d4-be22-b16b483ed3b9, command=[]} | ret=SUCCESS |  
2019-08-29 08:25:46,852 | INFO  | SCMAudit | user=jenkins1000 | ip=192.168.157.249 | op=SEND_HEARTBEAT {datanodeUUID=b3ac43d0-c6e0-46d8-bcc9-9ad695550644, command=[]} | ret=SUCCESS |  
2019-08-29 08:25:46,991 | INFO  | SCMAudit | user=jenkins1000 | ip=192.168.157.249 | op=SEND_HEARTBEAT {datanodeUUID=35f04ff1-b93c-4ae0-b494-c5f2981bb056, command=[]} | ret=SUCCESS |  
2019-08-29 08:25:47,704 | INFO  | SCMAudit | user=jenkins1000 | ip=192.168.157.249 | op=SEND_HEARTBEAT {datanodeUUID=6d68ca61-c219-4724-b8bb-ddcd01f258b2, command=[]} | ret=SUCCESS |  
2019-08-29 08:25:47,774 | INFO  | SCMAudit | user=jenkins1000 | ip=192.168.157.249 | op=SEND_HEARTBEAT {datanodeUUID=f3091307-9c6d-4cf5-b619-8e6cca6f84c9, command=[]} | ret=SUCCESS |  
2019-08-29 08:25:47,774 | INFO  | SCMAudit | user=jenkins1000 | ip=192.168.157.249 | op=SEND_HEARTBEAT {datanodeUUID=2cd21838-1a98-4748-8882-d7146563928a, command=[]} | ret=SUCCESS |  
2019-08-29 08:25:47,798 | INFO  | SCMAudit | user=jenkins1000 | ip=192.168.157.249 | op=SEND_HEARTBEAT {datanodeUUID=24081c8f-d316-435d-a792-3431bfeb71b1, command=[]} | ret=SUCCESS |  
2019-08-29 08:25:47,801 | INFO  | SCMAudit | user=jenkins1000 | ip=192.168.157.249 | op=SEND_HEARTBEAT {datanodeUUID=500162f5-df4c-43d4-be22-b16b483ed3b9, command=[]} | ret=SUCCESS |  
2019-08-29 08:25:47,852 | INFO  | SCMAudit | user=jenkins1000 | ip=192.168.157.249 | op=SEND_HEARTBEAT {datanodeUUID=b3ac43d0-c6e0-46d8-bcc9-9ad695550644, command=[]} | ret=SUCCESS |  
2019-08-29 08:25:47,992 | INFO  | SCMAudit | user=jenkins1000 | ip=192.168.157.249 | op=SEND_HEARTBEAT {datanodeUUID=35f04ff1-b93c-4ae0-b494-c5f2981bb056, command=[]} | ret=SUCCESS |  
2019-08-29 08:25:48,704 | INFO  | SCMAudit | user=jenkins1000 | ip=192.168.157.249 | op=SEND_HEARTBEAT {datanodeUUID=6d68ca61-c219-4724-b8bb-ddcd01f258b2, command=[]} | ret=SUCCESS |  
2019-08-29 08:25:48,774 | INFO  | SCMAudit | user=jenkins1000 | ip=192.168.157.249 | op=SEND_HEARTBEAT {datanodeUUID=f3091307-9c6d-4cf5-b619-8e6cca6f84c9, command=[]} | ret=SUCCESS |  
2019-08-29 08:25:48,774 | INFO  | SCMAudit | user=jenkins1000 | ip=192.168.157.249 | op=SEND_HEARTBEAT {datanodeUUID=2cd21838-1a98-4748-8882-d7146563928a, command=[]} | ret=SUCCESS |  
2019-08-29 08:25:48,798 | INFO  | SCMAudit | user=jenkins1000 | ip=192.168.157.249 | op=SEND_HEARTBEAT {datanodeUUID=24081c8f-d316-435d-a792-3431bfeb71b1, command=[]} | ret=SUCCESS |  
2019-08-29 08:25:48,802 | INFO  | SCMAudit | user=jenkins1000 | ip=192.168.157.249 | op=SEND_HEARTBEAT {datanodeUUID=500162f5-df4c-43d4-be22-b16b483ed3b9, command=[]} | ret=SUCCESS |  
2019-08-29 08:25:48,852 | INFO  | SCMAudit | user=jenkins1000 | ip=192.168.157.249 | op=SEND_HEARTBEAT {datanodeUUID=b3ac43d0-c6e0-46d8-bcc9-9ad695550644, command=[]} | ret=SUCCESS |  
2019-08-29 08:25:48,991 | INFO  | SCMAudit | user=jenkins1000 | ip=192.168.157.249 | op=SEND_HEARTBEAT {datanodeUUID=35f04ff1-b93c-4ae0-b494-c5f2981bb056, command=[]} | ret=SUCCESS |  
2019-08-29 08:25:49,304 [grpc-default-executor-0] INFO  client.GrpcClientProtocolClient (GrpcClientProtocolClient.java:onNext(255)) - client-56A4EE866ECF->500162f5-df4c-43d4-be22-b16b483ed3b9: receive RaftClientReply:client-56A4EE866ECF->500162f5-df4c-43d4-be22-b16b483ed3b9@group-273770D6E455, cid=45, FAILED org.apache.ratis.protocol.NotLeaderException: Server 500162f5-df4c-43d4-be22-b16b483ed3b9 is not the leader (2cd21838-1a98-4748-8882-d7146563928a:192.168.157.249:40808). Request must be sent to leader., logIndex=0, commits[500162f5-df4c-43d4-be22-b16b483ed3b9:c8, 2cd21838-1a98-4748-8882-d7146563928a:c8, 24081c8f-d316-435d-a792-3431bfeb71b1:c8]
2019-08-29 08:25:49,705 | INFO  | SCMAudit | user=jenkins1000 | ip=192.168.157.249 | op=SEND_HEARTBEAT {datanodeUUID=6d68ca61-c219-4724-b8bb-ddcd01f258b2, command=[]} | ret=SUCCESS |  
2019-08-29 08:25:49,774 | INFO  | SCMAudit | user=jenkins1000 | ip=192.168.157.249 | op=SEND_HEARTBEAT {datanodeUUID=2cd21838-1a98-4748-8882-d7146563928a, command=[]} | ret=SUCCESS |  
2019-08-29 08:25:49,774 | INFO  | SCMAudit | user=jenkins1000 | ip=192.168.157.249 | op=SEND_HEARTBEAT {datanodeUUID=f3091307-9c6d-4cf5-b619-8e6cca6f84c9, command=[]} | ret=SUCCESS |  
2019-08-29 08:25:49,798 | INFO  | SCMAudit | user=jenkins1000 | ip=192.168.157.249 | op=SEND_HEARTBEAT {datanodeUUID=24081c8f-d316-435d-a792-3431bfeb71b1, command=[]} | ret=SUCCESS |  
2019-08-29 08:25:49,802 | INFO  | SCMAudit | user=jenkins1000 | ip=192.168.157.249 | op=SEND_HEARTBEAT {datanodeUUID=500162f5-df4c-43d4-be22-b16b483ed3b9, command=[]} | ret=SUCCESS |  
2019-08-29 08:25:49,853 | INFO  | SCMAudit | user=jenkins1000 | ip=192.168.157.249 | op=SEND_HEARTBEAT {datanodeUUID=b3ac43d0-c6e0-46d8-bcc9-9ad695550644, command=[]} | ret=SUCCESS |  
2019-08-29 08:25:49,991 | INFO  | SCMAudit | user=jenkins1000 | ip=192.168.157.249 | op=SEND_HEARTBEAT {datanodeUUID=35f04ff1-b93c-4ae0-b494-c5f2981bb056, command=[]} | ret=SUCCESS |  
2019-08-29 08:25:50,704 | INFO  | SCMAudit | user=jenkins1000 | ip=192.168.157.249 | op=SEND_HEARTBEAT {datanodeUUID=6d68ca61-c219-4724-b8bb-ddcd01f258b2, command=[]} | ret=SUCCESS |  
2019-08-29 08:25:50,774 | INFO  | SCMAudit | user=jenkins1000 | ip=192.168.157.249 | op=SEND_HEARTBEAT {datanodeUUID=2cd21838-1a98-4748-8882-d7146563928a, command=[]} | ret=SUCCESS |  
2019-08-29 08:25:50,774 | INFO  | SCMAudit | user=jenkins1000 | ip=192.168.157.249 | op=SEND_HEARTBEAT {datanodeUUID=f3091307-9c6d-4cf5-b619-8e6cca6f84c9, command=[]} | ret=SUCCESS |  
2019-08-29 08:25:50,798 | INFO  | SCMAudit | user=jenkins1000 | ip=192.168.157.249 | op=SEND_HEARTBEAT {datanodeUUID=24081c8f-d316-435d-a792-3431bfeb71b1, command=[]} | ret=SUCCESS |  
2019-08-29 08:25:50,802 | INFO  | SCMAudit | user=jenkins1000 | ip=192.168.157.249 | op=SEND_HEARTBEAT {datanodeUUID=500162f5-df4c-43d4-be22-b16b483ed3b9, command=[]} | ret=SUCCESS |  
2019-08-29 08:25:50,852 | INFO  | SCMAudit | user=jenkins1000 | ip=192.168.157.249 | op=SEND_HEARTBEAT {datanodeUUID=b3ac43d0-c6e0-46d8-bcc9-9ad695550644, command=[]} | ret=SUCCESS |  
2019-08-29 08:25:50,991 | INFO  | SCMAudit | user=jenkins1000 | ip=192.168.157.249 | op=SEND_HEARTBEAT {datanodeUUID=35f04ff1-b93c-4ae0-b494-c5f2981bb056, command=[]} | ret=SUCCESS |  
2019-08-29 08:25:51,758 | INFO  | SCMAudit | user=jenkins1000 | ip=192.168.157.249 | op=SEND_HEARTBEAT {datanodeUUID=6d68ca61-c219-4724-b8bb-ddcd01f258b2, command=[]} | ret=SUCCESS |  
2019-08-29 08:25:51,815 | INFO  | SCMAudit | user=jenkins1000 | ip=192.168.157.249 | op=SEND_HEARTBEAT {datanodeUUID=2cd21838-1a98-4748-8882-d7146563928a, command=[]} | ret=SUCCESS |  
2019-08-29 08:25:51,815 | INFO  | SCMAudit | user=jenkins1000 | ip=192.168.157.249 | op=SEND_HEARTBEAT {datanodeUUID=f3091307-9c6d-4cf5-b619-8e6cca6f84c9, command=[]} | ret=SUCCESS |  
2019-08-29 08:25:51,815 | INFO  | SCMAudit | user=jenkins1000 | ip=192.168.157.249 | op=SEND_HEARTBEAT {datanodeUUID=500162f5-df4c-43d4-be22-b16b483ed3b9, command=[]} | ret=SUCCESS |  
2019-08-29 08:25:51,815 | INFO  | SCMAudit | user=jenkins1000 | ip=192.168.157.249 | op=SEND_HEARTBEAT {datanodeUUID=24081c8f-d316-435d-a792-3431bfeb71b1, command=[]} | ret=SUCCESS |  
2019-08-29 08:25:51,852 | INFO  | SCMAudit | user=jenkins1000 | ip=192.168.157.249 | op=SEND_HEARTBEAT {datanodeUUID=b3ac43d0-c6e0-46d8-bcc9-9ad695550644, command=[]} | ret=SUCCESS |  
2019-08-29 08:25:51,991 | INFO  | SCMAudit | user=jenkins1000 | ip=192.168.157.249 | op=SEND_HEARTBEAT {datanodeUUID=35f04ff1-b93c-4ae0-b494-c5f2981bb056, command=[]} | ret=SUCCESS |  
2019-08-29 08:25:52,712 | INFO  | SCMAudit | user=jenkins1000 | ip=192.168.157.249 | op=SEND_HEARTBEAT {datanodeUUID=6d68ca61-c219-4724-b8bb-ddcd01f258b2, command=[]} | ret=SUCCESS |  
2019-08-29 08:25:52,775 | INFO  | SCMAudit | user=jenkins1000 | ip=192.168.157.249 | op=SEND_HEARTBEAT {datanodeUUID=f3091307-9c6d-4cf5-b619-8e6cca6f84c9, command=[]} | ret=SUCCESS |  
2019-08-29 08:25:52,779 | INFO  | SCMAudit | user=jenkins1000 | ip=192.168.157.249 | op=SEND_HEARTBEAT {datanodeUUID=2cd21838-1a98-4748-8882-d7146563928a, command=[]} | ret=SUCCESS |  
2019-08-29 08:25:52,815 | INFO  | SCMAudit | user=jenkins1000 | ip=192.168.157.249 | op=SEND_HEARTBEAT {datanodeUUID=500162f5-df4c-43d4-be22-b16b483ed3b9, command=[]} | ret=SUCCESS |  
2019-08-29 08:25:52,815 | INFO  | SCMAudit | user=jenkins1000 | ip=192.168.157.249 | op=SEND_HEARTBEAT {datanodeUUID=24081c8f-d316-435d-a792-3431bfeb71b1, command=[]} | ret=SUCCESS |  
2019-08-29 08:25:52,852 | INFO  | SCMAudit | user=jenkins1000 | ip=192.168.157.249 | op=SEND_HEARTBEAT {datanodeUUID=b3ac43d0-c6e0-46d8-bcc9-9ad695550644, command=[]} | ret=SUCCESS |  
2019-08-29 08:25:52,991 | INFO  | SCMAudit | user=jenkins1000 | ip=192.168.157.249 | op=SEND_HEARTBEAT {datanodeUUID=35f04ff1-b93c-4ae0-b494-c5f2981bb056, command=[]} | ret=SUCCESS |  
2019-08-29 08:25:53,711 | INFO  | SCMAudit | user=jenkins1000 | ip=192.168.157.249 | op=SEND_HEARTBEAT {datanodeUUID=6d68ca61-c219-4724-b8bb-ddcd01f258b2, command=[]} | ret=SUCCESS |  
2019-08-29 08:25:53,776 | INFO  | SCMAudit | user=jenkins1000 | ip=192.168.157.249 | op=SEND_HEARTBEAT {datanodeUUID=f3091307-9c6d-4cf5-b619-8e6cca6f84c9, command=[]} | ret=SUCCESS |  
2019-08-29 08:25:53,779 | INFO  | SCMAudit | user=jenkins1000 | ip=192.168.157.249 | op=SEND_HEARTBEAT {datanodeUUID=2cd21838-1a98-4748-8882-d7146563928a, command=[]} | ret=SUCCESS |  
2019-08-29 08:25:53,815 | INFO  | SCMAudit | user=jenkins1000 | ip=192.168.157.249 | op=SEND_HEARTBEAT {datanodeUUID=24081c8f-d316-435d-a792-3431bfeb71b1, command=[]} | ret=SUCCESS |  
2019-08-29 08:25:53,815 | INFO  | SCMAudit | user=jenkins1000 | ip=192.168.157.249 | op=SEND_HEARTBEAT {datanodeUUID=500162f5-df4c-43d4-be22-b16b483ed3b9, command=[]} | ret=SUCCESS |  
2019-08-29 08:25:53,853 | INFO  | SCMAudit | user=jenkins1000 | ip=192.168.157.249 | op=SEND_HEARTBEAT {datanodeUUID=b3ac43d0-c6e0-46d8-bcc9-9ad695550644, command=[]} | ret=SUCCESS |  
2019-08-29 08:25:53,991 | INFO  | SCMAudit | user=jenkins1000 | ip=192.168.157.249 | op=SEND_HEARTBEAT {datanodeUUID=35f04ff1-b93c-4ae0-b494-c5f2981bb056, command=[]} | ret=SUCCESS |  
2019-08-29 08:25:54,340 [grpc-default-executor-0] INFO  client.GrpcClientProtocolClient (GrpcClientProtocolClient.java:onNext(255)) - client-56A4EE866ECF->24081c8f-d316-435d-a792-3431bfeb71b1: receive RaftClientReply:client-56A4EE866ECF->24081c8f-d316-435d-a792-3431bfeb71b1@group-273770D6E455, cid=45, FAILED org.apache.ratis.protocol.NotLeaderException: Server 24081c8f-d316-435d-a792-3431bfeb71b1 is not the leader (2cd21838-1a98-4748-8882-d7146563928a:192.168.157.249:40808). Request must be sent to leader., logIndex=0, commits[24081c8f-d316-435d-a792-3431bfeb71b1:c8, 2cd21838-1a98-4748-8882-d7146563928a:c8, 500162f5-df4c-43d4-be22-b16b483ed3b9:c8]
2019-08-29 08:25:54,711 | INFO  | SCMAudit | user=jenkins1000 | ip=192.168.157.249 | op=SEND_HEARTBEAT {datanodeUUID=6d68ca61-c219-4724-b8bb-ddcd01f258b2, command=[]} | ret=SUCCESS |  
2019-08-29 08:25:54,775 | INFO  | SCMAudit | user=jenkins1000 | ip=192.168.157.249 | op=SEND_HEARTBEAT {datanodeUUID=f3091307-9c6d-4cf5-b619-8e6cca6f84c9, command=[]} | ret=SUCCESS |  
2019-08-29 08:25:54,779 | INFO  | SCMAudit | user=jenkins1000 | ip=192.168.157.249 | op=SEND_HEARTBEAT {datanodeUUID=2cd21838-1a98-4748-8882-d7146563928a, command=[]} | ret=SUCCESS |  
2019-08-29 08:25:54,815 | INFO  | SCMAudit | user=jenkins1000 | ip=192.168.157.249 | op=SEND_HEARTBEAT {datanodeUUID=500162f5-df4c-43d4-be22-b16b483ed3b9, command=[]} | ret=SUCCESS |  
2019-08-29 08:25:54,815 | INFO  | SCMAudit | user=jenkins1000 | ip=192.168.157.249 | op=SEND_HEARTBEAT {datanodeUUID=24081c8f-d316-435d-a792-3431bfeb71b1, command=[]} | ret=SUCCESS |  
2019-08-29 08:25:54,853 | INFO  | SCMAudit | user=jenkins1000 | ip=192.168.157.249 | op=SEND_HEARTBEAT {datanodeUUID=b3ac43d0-c6e0-46d8-bcc9-9ad695550644, command=[]} | ret=SUCCESS |  
2019-08-29 08:25:54,991 | INFO  | SCMAudit | user=jenkins1000 | ip=192.168.157.249 | op=SEND_HEARTBEAT {datanodeUUID=35f04ff1-b93c-4ae0-b494-c5f2981bb056, command=[]} | ret=SUCCESS |  
2019-08-29 08:25:55,712 | INFO  | SCMAudit | user=jenkins1000 | ip=192.168.157.249 | op=SEND_HEARTBEAT {datanodeUUID=6d68ca61-c219-4724-b8bb-ddcd01f258b2, command=[]} | ret=SUCCESS |  
2019-08-29 08:25:55,775 | INFO  | SCMAudit | user=jenkins1000 | ip=192.168.157.249 | op=SEND_HEARTBEAT {datanodeUUID=f3091307-9c6d-4cf5-b619-8e6cca6f84c9, command=[]} | ret=SUCCESS |  
2019-08-29 08:25:55,780 | INFO  | SCMAudit | user=jenkins1000 | ip=192.168.157.249 | op=SEND_HEARTBEAT {datanodeUUID=2cd21838-1a98-4748-8882-d7146563928a, command=[]} | ret=SUCCESS |  
2019-08-29 08:25:55,815 | INFO  | SCMAudit | user=jenkins1000 | ip=192.168.157.249 | op=SEND_HEARTBEAT {datanodeUUID=24081c8f-d316-435d-a792-3431bfeb71b1, command=[]} | ret=SUCCESS |  
2019-08-29 08:25:55,815 | INFO  | SCMAudit | user=jenkins1000 | ip=192.168.157.249 | op=SEND_HEARTBEAT {datanodeUUID=500162f5-df4c-43d4-be22-b16b483ed3b9, command=[]} | ret=SUCCESS |  
2019-08-29 08:25:55,853 | INFO  | SCMAudit | user=jenkins1000 | ip=192.168.157.249 | op=SEND_HEARTBEAT {datanodeUUID=b3ac43d0-c6e0-46d8-bcc9-9ad695550644, command=[]} | ret=SUCCESS |  
2019-08-29 08:25:55,992 | INFO  | SCMAudit | user=jenkins1000 | ip=192.168.157.249 | op=SEND_HEARTBEAT {datanodeUUID=35f04ff1-b93c-4ae0-b494-c5f2981bb056, command=[]} | ret=SUCCESS |  
2019-08-29 08:25:56,712 | INFO  | SCMAudit | user=jenkins1000 | ip=192.168.157.249 | op=SEND_HEARTBEAT {datanodeUUID=6d68ca61-c219-4724-b8bb-ddcd01f258b2, command=[]} | ret=SUCCESS |  
2019-08-29 08:25:56,776 | INFO  | SCMAudit | user=jenkins1000 | ip=192.168.157.249 | op=SEND_HEARTBEAT {datanodeUUID=f3091307-9c6d-4cf5-b619-8e6cca6f84c9, command=[]} | ret=SUCCESS |  
2019-08-29 08:25:56,780 | INFO  | SCMAudit | user=jenkins1000 | ip=192.168.157.249 | op=SEND_HEARTBEAT {datanodeUUID=2cd21838-1a98-4748-8882-d7146563928a, command=[]} | ret=SUCCESS |  
2019-08-29 08:25:56,815 | INFO  | SCMAudit | user=jenkins1000 | ip=192.168.157.249 | op=SEND_HEARTBEAT {datanodeUUID=24081c8f-d316-435d-a792-3431bfeb71b1, command=[]} | ret=SUCCESS |  
2019-08-29 08:25:56,816 | INFO  | SCMAudit | user=jenkins1000 | ip=192.168.157.249 | op=SEND_HEARTBEAT {datanodeUUID=500162f5-df4c-43d4-be22-b16b483ed3b9, command=[]} | ret=SUCCESS |  
2019-08-29 08:25:56,853 | INFO  | SCMAudit | user=jenkins1000 | ip=192.168.157.249 | op=SEND_HEARTBEAT {datanodeUUID=b3ac43d0-c6e0-46d8-bcc9-9ad695550644, command=[]} | ret=SUCCESS |  
2019-08-29 08:25:56,993 | INFO  | SCMAudit | user=jenkins1000 | ip=192.168.157.249 | op=SEND_HEARTBEAT {datanodeUUID=35f04ff1-b93c-4ae0-b494-c5f2981bb056, command=[]} | ret=SUCCESS |  
2019-08-29 08:25:57,711 | INFO  | SCMAudit | user=jenkins1000 | ip=192.168.157.249 | op=SEND_HEARTBEAT {datanodeUUID=6d68ca61-c219-4724-b8bb-ddcd01f258b2, command=[]} | ret=SUCCESS |  
2019-08-29 08:25:57,776 | INFO  | SCMAudit | user=jenkins1000 | ip=192.168.157.249 | op=SEND_HEARTBEAT {datanodeUUID=f3091307-9c6d-4cf5-b619-8e6cca6f84c9, command=[]} | ret=SUCCESS |  
2019-08-29 08:25:57,780 | INFO  | SCMAudit | user=jenkins1000 | ip=192.168.157.249 | op=SEND_HEARTBEAT {datanodeUUID=2cd21838-1a98-4748-8882-d7146563928a, command=[]} | ret=SUCCESS |  
2019-08-29 08:25:57,815 | INFO  | SCMAudit | user=jenkins1000 | ip=192.168.157.249 | op=SEND_HEARTBEAT {datanodeUUID=500162f5-df4c-43d4-be22-b16b483ed3b9, command=[]} | ret=SUCCESS |  
2019-08-29 08:25:57,815 | INFO  | SCMAudit | user=jenkins1000 | ip=192.168.157.249 | op=SEND_HEARTBEAT {datanodeUUID=24081c8f-d316-435d-a792-3431bfeb71b1, command=[]} | ret=SUCCESS |  
2019-08-29 08:25:57,854 | INFO  | SCMAudit | user=jenkins1000 | ip=192.168.157.249 | op=SEND_HEARTBEAT {datanodeUUID=b3ac43d0-c6e0-46d8-bcc9-9ad695550644, command=[]} | ret=SUCCESS |  
2019-08-29 08:25:57,993 | INFO  | SCMAudit | user=jenkins1000 | ip=192.168.157.249 | op=SEND_HEARTBEAT {datanodeUUID=35f04ff1-b93c-4ae0-b494-c5f2981bb056, command=[]} | ret=SUCCESS |  
2019-08-29 08:25:58,712 | INFO  | SCMAudit | user=jenkins1000 | ip=192.168.157.249 | op=SEND_HEARTBEAT {datanodeUUID=6d68ca61-c219-4724-b8bb-ddcd01f258b2, command=[]} | ret=SUCCESS |  
2019-08-29 08:25:58,776 | INFO  | SCMAudit | user=jenkins1000 | ip=192.168.157.249 | op=SEND_HEARTBEAT {datanodeUUID=f3091307-9c6d-4cf5-b619-8e6cca6f84c9, command=[]} | ret=SUCCESS |  
2019-08-29 08:25:58,780 | INFO  | SCMAudit | user=jenkins1000 | ip=192.168.157.249 | op=SEND_HEARTBEAT {datanodeUUID=2cd21838-1a98-4748-8882-d7146563928a, command=[]} | ret=SUCCESS |  
2019-08-29 08:25:58,815 | INFO  | SCMAudit | user=jenkins1000 | ip=192.168.157.249 | op=SEND_HEARTBEAT {datanodeUUID=500162f5-df4c-43d4-be22-b16b483ed3b9, command=[]} | ret=SUCCESS |  
2019-08-29 08:25:58,815 | INFO  | SCMAudit | user=jenkins1000 | ip=192.168.157.249 | op=SEND_HEARTBEAT {datanodeUUID=24081c8f-d316-435d-a792-3431bfeb71b1, command=[]} | ret=SUCCESS |  
2019-08-29 08:25:58,854 | INFO  | SCMAudit | user=jenkins1000 | ip=192.168.157.249 | op=SEND_HEARTBEAT {datanodeUUID=b3ac43d0-c6e0-46d8-bcc9-9ad695550644, command=[]} | ret=SUCCESS |  
2019-08-29 08:25:58,994 | INFO  | SCMAudit | user=jenkins1000 | ip=192.168.157.249 | op=SEND_HEARTBEAT {datanodeUUID=35f04ff1-b93c-4ae0-b494-c5f2981bb056, command=[]} | ret=SUCCESS |  
2019-08-29 08:25:59,382 [grpc-default-executor-0] INFO  client.GrpcClientProtocolClient (GrpcClientProtocolClient.java:onNext(255)) - client-56A4EE866ECF->500162f5-df4c-43d4-be22-b16b483ed3b9: receive RaftClientReply:client-56A4EE866ECF->500162f5-df4c-43d4-be22-b16b483ed3b9@group-273770D6E455, cid=45, FAILED org.apache.ratis.protocol.NotLeaderException: Server 500162f5-df4c-43d4-be22-b16b483ed3b9 is not the leader (2cd21838-1a98-4748-8882-d7146563928a:192.168.157.249:40808). Request must be sent to leader., logIndex=0, commits[500162f5-df4c-43d4-be22-b16b483ed3b9:c8, 2cd21838-1a98-4748-8882-d7146563928a:c8, 24081c8f-d316-435d-a792-3431bfeb71b1:c8]
2019-08-29 08:25:59,711 | INFO  | SCMAudit | user=jenkins1000 | ip=192.168.157.249 | op=SEND_HEARTBEAT {datanodeUUID=6d68ca61-c219-4724-b8bb-ddcd01f258b2, command=[]} | ret=SUCCESS |  
2019-08-29 08:25:59,777 | INFO  | SCMAudit | user=jenkins1000 | ip=192.168.157.249 | op=SEND_HEARTBEAT {datanodeUUID=f3091307-9c6d-4cf5-b619-8e6cca6f84c9, command=[]} | ret=SUCCESS |  
2019-08-29 08:25:59,780 | INFO  | SCMAudit | user=jenkins1000 | ip=192.168.157.249 | op=SEND_HEARTBEAT {datanodeUUID=2cd21838-1a98-4748-8882-d7146563928a, command=[]} | ret=SUCCESS |  
2019-08-29 08:25:59,815 | INFO  | SCMAudit | user=jenkins1000 | ip=192.168.157.249 | op=SEND_HEARTBEAT {datanodeUUID=500162f5-df4c-43d4-be22-b16b483ed3b9, command=[]} | ret=SUCCESS |  
2019-08-29 08:25:59,816 | INFO  | SCMAudit | user=jenkins1000 | ip=192.168.157.249 | op=SEND_HEARTBEAT {datanodeUUID=24081c8f-d316-435d-a792-3431bfeb71b1, command=[]} | ret=SUCCESS |  
2019-08-29 08:25:59,854 | INFO  | SCMAudit | user=jenkins1000 | ip=192.168.157.249 | op=SEND_HEARTBEAT {datanodeUUID=b3ac43d0-c6e0-46d8-bcc9-9ad695550644, command=[]} | ret=SUCCESS |  
2019-08-29 08:25:59,994 | INFO  | SCMAudit | user=jenkins1000 | ip=192.168.157.249 | op=SEND_HEARTBEAT {datanodeUUID=35f04ff1-b93c-4ae0-b494-c5f2981bb056, command=[]} | ret=SUCCESS |  
2019-08-29 08:26:00,711 | INFO  | SCMAudit | user=jenkins1000 | ip=192.168.157.249 | op=SEND_HEARTBEAT {datanodeUUID=6d68ca61-c219-4724-b8bb-ddcd01f258b2, command=[]} | ret=SUCCESS |  
2019-08-29 08:26:00,776 | INFO  | SCMAudit | user=jenkins1000 | ip=192.168.157.249 | op=SEND_HEARTBEAT {datanodeUUID=f3091307-9c6d-4cf5-b619-8e6cca6f84c9, command=[]} | ret=SUCCESS |  
2019-08-29 08:26:00,780 | INFO  | SCMAudit | user=jenkins1000 | ip=192.168.157.249 | op=SEND_HEARTBEAT {datanodeUUID=2cd21838-1a98-4748-8882-d7146563928a, command=[]} | ret=SUCCESS |  
2019-08-29 08:26:00,816 | INFO  | SCMAudit | user=jenkins1000 | ip=192.168.157.249 | op=SEND_HEARTBEAT {datanodeUUID=500162f5-df4c-43d4-be22-b16b483ed3b9, command=[]} | ret=SUCCESS |  
2019-08-29 08:26:00,816 | INFO  | SCMAudit | user=jenkins1000 | ip=192.168.157.249 | op=SEND_HEARTBEAT {datanodeUUID=24081c8f-d316-435d-a792-3431bfeb71b1, command=[]} | ret=SUCCESS |  
2019-08-29 08:26:00,855 | INFO  | SCMAudit | user=jenkins1000 | ip=192.168.157.249 | op=SEND_HEARTBEAT {datanodeUUID=b3ac43d0-c6e0-46d8-bcc9-9ad695550644, command=[]} | ret=SUCCESS |  
2019-08-29 08:26:00,994 | INFO  | SCMAudit | user=jenkins1000 | ip=192.168.157.249 | op=SEND_HEARTBEAT {datanodeUUID=35f04ff1-b93c-4ae0-b494-c5f2981bb056, command=[]} | ret=SUCCESS |  
2019-08-29 08:26:01,712 | INFO  | SCMAudit | user=jenkins1000 | ip=192.168.157.249 | op=SEND_HEARTBEAT {datanodeUUID=6d68ca61-c219-4724-b8bb-ddcd01f258b2, command=[]} | ret=SUCCESS |  
2019-08-29 08:26:01,776 | INFO  | SCMAudit | user=jenkins1000 | ip=192.168.157.249 | op=SEND_HEARTBEAT {datanodeUUID=f3091307-9c6d-4cf5-b619-8e6cca6f84c9, command=[]} | ret=SUCCESS |  
2019-08-29 08:26:01,780 | INFO  | SCMAudit | user=jenkins1000 | ip=192.168.157.249 | op=SEND_HEARTBEAT {datanodeUUID=2cd21838-1a98-4748-8882-d7146563928a, command=[]} | ret=SUCCESS |  
2019-08-29 08:26:01,816 | INFO  | SCMAudit | user=jenkins1000 | ip=192.168.157.249 | op=SEND_HEARTBEAT {datanodeUUID=500162f5-df4c-43d4-be22-b16b483ed3b9, command=[]} | ret=SUCCESS |  
2019-08-29 08:26:01,816 | INFO  | SCMAudit | user=jenkins1000 | ip=192.168.157.249 | op=SEND_HEARTBEAT {datanodeUUID=24081c8f-d316-435d-a792-3431bfeb71b1, command=[]} | ret=SUCCESS |  
2019-08-29 08:26:01,854 | INFO  | SCMAudit | user=jenkins1000 | ip=192.168.157.249 | op=SEND_HEARTBEAT {datanodeUUID=b3ac43d0-c6e0-46d8-bcc9-9ad695550644, command=[]} | ret=SUCCESS |  
2019-08-29 08:26:01,994 | INFO  | SCMAudit | user=jenkins1000 | ip=192.168.157.249 | op=SEND_HEARTBEAT {datanodeUUID=35f04ff1-b93c-4ae0-b494-c5f2981bb056, command=[]} | ret=SUCCESS |  
2019-08-29 08:26:02,711 | INFO  | SCMAudit | user=jenkins1000 | ip=192.168.157.249 | op=SEND_HEARTBEAT {datanodeUUID=6d68ca61-c219-4724-b8bb-ddcd01f258b2, command=[]} | ret=SUCCESS |  
2019-08-29 08:26:02,777 | INFO  | SCMAudit | user=jenkins1000 | ip=192.168.157.249 | op=SEND_HEARTBEAT {datanodeUUID=f3091307-9c6d-4cf5-b619-8e6cca6f84c9, command=[]} | ret=SUCCESS |  
2019-08-29 08:26:02,780 | INFO  | SCMAudit | user=jenkins1000 | ip=192.168.157.249 | op=SEND_HEARTBEAT {datanodeUUID=2cd21838-1a98-4748-8882-d7146563928a, command=[]} | ret=SUCCESS |  
2019-08-29 08:26:02,816 | INFO  | SCMAudit | user=jenkins1000 | ip=192.168.157.249 | op=SEND_HEARTBEAT {datanodeUUID=500162f5-df4c-43d4-be22-b16b483ed3b9, command=[]} | ret=SUCCESS |  
2019-08-29 08:26:02,816 | INFO  | SCMAudit | user=jenkins1000 | ip=192.168.157.249 | op=SEND_HEARTBEAT {datanodeUUID=24081c8f-d316-435d-a792-3431bfeb71b1, command=[]} | ret=SUCCESS |  
2019-08-29 08:26:02,854 | INFO  | SCMAudit | user=jenkins1000 | ip=192.168.157.249 | op=SEND_HEARTBEAT {datanodeUUID=b3ac43d0-c6e0-46d8-bcc9-9ad695550644, command=[]} | ret=SUCCESS |  
2019-08-29 08:26:02,996 | INFO  | SCMAudit | user=jenkins1000 | ip=192.168.157.249 | op=SEND_HEARTBEAT {datanodeUUID=35f04ff1-b93c-4ae0-b494-c5f2981bb056, command=[]} | ret=SUCCESS |  
2019-08-29 08:26:03,711 | INFO  | SCMAudit | user=jenkins1000 | ip=192.168.157.249 | op=SEND_HEARTBEAT {datanodeUUID=6d68ca61-c219-4724-b8bb-ddcd01f258b2, command=[]} | ret=SUCCESS |  
2019-08-29 08:26:03,777 | INFO  | SCMAudit | user=jenkins1000 | ip=192.168.157.249 | op=SEND_HEARTBEAT {datanodeUUID=f3091307-9c6d-4cf5-b619-8e6cca6f84c9, command=[]} | ret=SUCCESS |  
2019-08-29 08:26:03,781 | INFO  | SCMAudit | user=jenkins1000 | ip=192.168.157.249 | op=SEND_HEARTBEAT {datanodeUUID=2cd21838-1a98-4748-8882-d7146563928a, command=[]} | ret=SUCCESS |  
2019-08-29 08:26:03,816 | INFO  | SCMAudit | user=jenkins1000 | ip=192.168.157.249 | op=SEND_HEARTBEAT {datanodeUUID=500162f5-df4c-43d4-be22-b16b483ed3b9, command=[]} | ret=SUCCESS |  
2019-08-29 08:26:03,816 | INFO  | SCMAudit | user=jenkins1000 | ip=192.168.157.249 | op=SEND_HEARTBEAT {datanodeUUID=24081c8f-d316-435d-a792-3431bfeb71b1, command=[]} | ret=SUCCESS |  
2019-08-29 08:26:03,854 | INFO  | SCMAudit | user=jenkins1000 | ip=192.168.157.249 | op=SEND_HEARTBEAT {datanodeUUID=b3ac43d0-c6e0-46d8-bcc9-9ad695550644, command=[]} | ret=SUCCESS |  
2019-08-29 08:26:03,996 | INFO  | SCMAudit | user=jenkins1000 | ip=192.168.157.249 | op=SEND_HEARTBEAT {datanodeUUID=35f04ff1-b93c-4ae0-b494-c5f2981bb056, command=[]} | ret=SUCCESS |  
2019-08-29 08:26:04,418 [grpc-default-executor-0] INFO  client.GrpcClientProtocolClient (GrpcClientProtocolClient.java:onNext(255)) - client-56A4EE866ECF->500162f5-df4c-43d4-be22-b16b483ed3b9: receive RaftClientReply:client-56A4EE866ECF->500162f5-df4c-43d4-be22-b16b483ed3b9@group-273770D6E455, cid=45, FAILED org.apache.ratis.protocol.NotLeaderException: Server 500162f5-df4c-43d4-be22-b16b483ed3b9 is not the leader (2cd21838-1a98-4748-8882-d7146563928a:192.168.157.249:40808). Request must be sent to leader., logIndex=0, commits[500162f5-df4c-43d4-be22-b16b483ed3b9:c8, 2cd21838-1a98-4748-8882-d7146563928a:c8, 24081c8f-d316-435d-a792-3431bfeb71b1:c8]
2019-08-29 08:26:04,712 | INFO  | SCMAudit | user=jenkins1000 | ip=192.168.157.249 | op=SEND_HEARTBEAT {datanodeUUID=6d68ca61-c219-4724-b8bb-ddcd01f258b2, command=[]} | ret=SUCCESS |  
2019-08-29 08:26:04,777 | INFO  | SCMAudit | user=jenkins1000 | ip=192.168.157.249 | op=SEND_HEARTBEAT {datanodeUUID=f3091307-9c6d-4cf5-b619-8e6cca6f84c9, command=[]} | ret=SUCCESS |  
2019-08-29 08:26:04,781 | INFO  | SCMAudit | user=jenkins1000 | ip=192.168.157.249 | op=SEND_HEARTBEAT {datanodeUUID=2cd21838-1a98-4748-8882-d7146563928a, command=[]} | ret=SUCCESS |  
2019-08-29 08:26:04,816 | INFO  | SCMAudit | user=jenkins1000 | ip=192.168.157.249 | op=SEND_HEARTBEAT {datanodeUUID=500162f5-df4c-43d4-be22-b16b483ed3b9, command=[]} | ret=SUCCESS |  
2019-08-29 08:26:04,816 | INFO  | SCMAudit | user=jenkins1000 | ip=192.168.157.249 | op=SEND_HEARTBEAT {datanodeUUID=24081c8f-d316-435d-a792-3431bfeb71b1, command=[]} | ret=SUCCESS |  
2019-08-29 08:26:04,854 | INFO  | SCMAudit | user=jenkins1000 | ip=192.168.157.249 | op=SEND_HEARTBEAT {datanodeUUID=b3ac43d0-c6e0-46d8-bcc9-9ad695550644, command=[]} | ret=SUCCESS |  
2019-08-29 08:26:04,996 | INFO  | SCMAudit | user=jenkins1000 | ip=192.168.157.249 | op=SEND_HEARTBEAT {datanodeUUID=35f04ff1-b93c-4ae0-b494-c5f2981bb056, command=[]} | ret=SUCCESS |  
2019-08-29 08:26:05,712 | INFO  | SCMAudit | user=jenkins1000 | ip=192.168.157.249 | op=SEND_HEARTBEAT {datanodeUUID=6d68ca61-c219-4724-b8bb-ddcd01f258b2, command=[]} | ret=SUCCESS |  
2019-08-29 08:26:05,777 | INFO  | SCMAudit | user=jenkins1000 | ip=192.168.157.249 | op=SEND_HEARTBEAT {datanodeUUID=f3091307-9c6d-4cf5-b619-8e6cca6f84c9, command=[]} | ret=SUCCESS |  
2019-08-29 08:26:05,781 | INFO  | SCMAudit | user=jenkins1000 | ip=192.168.157.249 | op=SEND_HEARTBEAT {datanodeUUID=2cd21838-1a98-4748-8882-d7146563928a, command=[]} | ret=SUCCESS |  
2019-08-29 08:26:05,816 | INFO  | SCMAudit | user=jenkins1000 | ip=192.168.157.249 | op=SEND_HEARTBEAT {datanodeUUID=500162f5-df4c-43d4-be22-b16b483ed3b9, command=[]} | ret=SUCCESS |  
2019-08-29 08:26:05,816 | INFO  | SCMAudit | user=jenkins1000 | ip=192.168.157.249 | op=SEND_HEARTBEAT {datanodeUUID=24081c8f-d316-435d-a792-3431bfeb71b1, command=[]} | ret=SUCCESS |  
2019-08-29 08:26:05,855 | INFO  | SCMAudit | user=jenkins1000 | ip=192.168.157.249 | op=SEND_HEARTBEAT {datanodeUUID=b3ac43d0-c6e0-46d8-bcc9-9ad695550644, command=[]} | ret=SUCCESS |  
2019-08-29 08:26:05,996 | INFO  | SCMAudit | user=jenkins1000 | ip=192.168.157.249 | op=SEND_HEARTBEAT {datanodeUUID=35f04ff1-b93c-4ae0-b494-c5f2981bb056, command=[]} | ret=SUCCESS |  
2019-08-29 08:26:06,712 | INFO  | SCMAudit | user=jenkins1000 | ip=192.168.157.249 | op=SEND_HEARTBEAT {datanodeUUID=6d68ca61-c219-4724-b8bb-ddcd01f258b2, command=[]} | ret=SUCCESS |  
2019-08-29 08:26:06,778 | INFO  | SCMAudit | user=jenkins1000 | ip=192.168.157.249 | op=SEND_HEARTBEAT {datanodeUUID=f3091307-9c6d-4cf5-b619-8e6cca6f84c9, command=[]} | ret=SUCCESS |  
2019-08-29 08:26:06,781 | INFO  | SCMAudit | user=jenkins1000 | ip=192.168.157.249 | op=SEND_HEARTBEAT {datanodeUUID=2cd21838-1a98-4748-8882-d7146563928a, command=[]} | ret=SUCCESS |  
2019-08-29 08:26:06,815 | INFO  | SCMAudit | user=jenkins1000 | ip=192.168.157.249 | op=SEND_HEARTBEAT {datanodeUUID=24081c8f-d316-435d-a792-3431bfeb71b1, command=[]} | ret=SUCCESS |  
2019-08-29 08:26:06,816 | INFO  | SCMAudit | user=jenkins1000 | ip=192.168.157.249 | op=SEND_HEARTBEAT {datanodeUUID=500162f5-df4c-43d4-be22-b16b483ed3b9, command=[]} | ret=SUCCESS |  
2019-08-29 08:26:06,855 | INFO  | SCMAudit | user=jenkins1000 | ip=192.168.157.249 | op=SEND_HEARTBEAT {datanodeUUID=b3ac43d0-c6e0-46d8-bcc9-9ad695550644, command=[]} | ret=SUCCESS |  
2019-08-29 08:26:06,997 | INFO  | SCMAudit | user=jenkins1000 | ip=192.168.157.249 | op=SEND_HEARTBEAT {datanodeUUID=35f04ff1-b93c-4ae0-b494-c5f2981bb056, command=[]} | ret=SUCCESS |  
2019-08-29 08:26:07,712 | INFO  | SCMAudit | user=jenkins1000 | ip=192.168.157.249 | op=SEND_HEARTBEAT {datanodeUUID=6d68ca61-c219-4724-b8bb-ddcd01f258b2, command=[]} | ret=SUCCESS |  
2019-08-29 08:26:07,777 | INFO  | SCMAudit | user=jenkins1000 | ip=192.168.157.249 | op=SEND_HEARTBEAT {datanodeUUID=f3091307-9c6d-4cf5-b619-8e6cca6f84c9, command=[]} | ret=SUCCESS |  
2019-08-29 08:26:07,781 | INFO  | SCMAudit | user=jenkins1000 | ip=192.168.157.249 | op=SEND_HEARTBEAT {datanodeUUID=2cd21838-1a98-4748-8882-d7146563928a, command=[]} | ret=SUCCESS |  
2019-08-29 08:26:07,816 | INFO  | SCMAudit | user=jenkins1000 | ip=192.168.157.249 | op=SEND_HEARTBEAT {datanodeUUID=24081c8f-d316-435d-a792-3431bfeb71b1, command=[]} | ret=SUCCESS |  
2019-08-29 08:26:07,817 | INFO  | SCMAudit | user=jenkins1000 | ip=192.168.157.249 | op=SEND_HEARTBEAT {datanodeUUID=500162f5-df4c-43d4-be22-b16b483ed3b9, command=[]} | ret=SUCCESS |  
2019-08-29 08:26:07,855 | INFO  | SCMAudit | user=jenkins1000 | ip=192.168.157.249 | op=SEND_HEARTBEAT {datanodeUUID=b3ac43d0-c6e0-46d8-bcc9-9ad695550644, command=[]} | ret=SUCCESS |  
2019-08-29 08:26:07,997 | INFO  | SCMAudit | user=jenkins1000 | ip=192.168.157.249 | op=SEND_HEARTBEAT {datanodeUUID=35f04ff1-b93c-4ae0-b494-c5f2981bb056, command=[]} | ret=SUCCESS |  
2019-08-29 08:26:08,713 | INFO  | SCMAudit | user=jenkins1000 | ip=192.168.157.249 | op=SEND_HEARTBEAT {datanodeUUID=6d68ca61-c219-4724-b8bb-ddcd01f258b2, command=[]} | ret=SUCCESS |  
2019-08-29 08:26:08,777 | INFO  | SCMAudit | user=jenkins1000 | ip=192.168.157.249 | op=SEND_HEARTBEAT {datanodeUUID=f3091307-9c6d-4cf5-b619-8e6cca6f84c9, command=[]} | ret=SUCCESS |  
2019-08-29 08:26:08,781 | INFO  | SCMAudit | user=jenkins1000 | ip=192.168.157.249 | op=SEND_HEARTBEAT {datanodeUUID=2cd21838-1a98-4748-8882-d7146563928a, command=[]} | ret=SUCCESS |  
2019-08-29 08:26:08,816 | INFO  | SCMAudit | user=jenkins1000 | ip=192.168.157.249 | op=SEND_HEARTBEAT {datanodeUUID=24081c8f-d316-435d-a792-3431bfeb71b1, command=[]} | ret=SUCCESS |  
2019-08-29 08:26:08,818 | INFO  | SCMAudit | user=jenkins1000 | ip=192.168.157.249 | op=SEND_HEARTBEAT {datanodeUUID=500162f5-df4c-43d4-be22-b16b483ed3b9, command=[]} | ret=SUCCESS |  
2019-08-29 08:26:08,855 | INFO  | SCMAudit | user=jenkins1000 | ip=192.168.157.249 | op=SEND_HEARTBEAT {datanodeUUID=b3ac43d0-c6e0-46d8-bcc9-9ad695550644, command=[]} | ret=SUCCESS |  
2019-08-29 08:26:08,997 | INFO  | SCMAudit | user=jenkins1000 | ip=192.168.157.249 | op=SEND_HEARTBEAT {datanodeUUID=35f04ff1-b93c-4ae0-b494-c5f2981bb056, command=[]} | ret=SUCCESS |  
2019-08-29 08:26:09,462 [grpc-default-executor-0] INFO  client.GrpcClientProtocolClient (GrpcClientProtocolClient.java:onNext(255)) - client-56A4EE866ECF->500162f5-df4c-43d4-be22-b16b483ed3b9: receive RaftClientReply:client-56A4EE866ECF->500162f5-df4c-43d4-be22-b16b483ed3b9@group-273770D6E455, cid=45, FAILED org.apache.ratis.protocol.NotLeaderException: Server 500162f5-df4c-43d4-be22-b16b483ed3b9 is not the leader (2cd21838-1a98-4748-8882-d7146563928a:192.168.157.249:40808). Request must be sent to leader., logIndex=0, commits[500162f5-df4c-43d4-be22-b16b483ed3b9:c8, 2cd21838-1a98-4748-8882-d7146563928a:c8, 24081c8f-d316-435d-a792-3431bfeb71b1:c8]
2019-08-29 08:26:09,712 | INFO  | SCMAudit | user=jenkins1000 | ip=192.168.157.249 | op=SEND_HEARTBEAT {datanodeUUID=6d68ca61-c219-4724-b8bb-ddcd01f258b2, command=[]} | ret=SUCCESS |  
2019-08-29 08:26:09,777 | INFO  | SCMAudit | user=jenkins1000 | ip=192.168.157.249 | op=SEND_HEARTBEAT {datanodeUUID=f3091307-9c6d-4cf5-b619-8e6cca6f84c9, command=[]} | ret=SUCCESS |  
2019-08-29 08:26:09,781 | INFO  | SCMAudit | user=jenkins1000 | ip=192.168.157.249 | op=SEND_HEARTBEAT {datanodeUUID=2cd21838-1a98-4748-8882-d7146563928a, command=[]} | ret=SUCCESS |  
2019-08-29 08:26:09,816 | INFO  | SCMAudit | user=jenkins1000 | ip=192.168.157.249 | op=SEND_HEARTBEAT {datanodeUUID=24081c8f-d316-435d-a792-3431bfeb71b1, command=[]} | ret=SUCCESS |  
2019-08-29 08:26:09,818 | INFO  | SCMAudit | user=jenkins1000 | ip=192.168.157.249 | op=SEND_HEARTBEAT {datanodeUUID=500162f5-df4c-43d4-be22-b16b483ed3b9, command=[]} | ret=SUCCESS |  
2019-08-29 08:26:09,855 | INFO  | SCMAudit | user=jenkins1000 | ip=192.168.157.249 | op=SEND_HEARTBEAT {datanodeUUID=b3ac43d0-c6e0-46d8-bcc9-9ad695550644, command=[]} | ret=SUCCESS |  
2019-08-29 08:26:09,997 | INFO  | SCMAudit | user=jenkins1000 | ip=192.168.157.249 | op=SEND_HEARTBEAT {datanodeUUID=35f04ff1-b93c-4ae0-b494-c5f2981bb056, command=[]} | ret=SUCCESS |  
2019-08-29 08:26:10,712 | INFO  | SCMAudit | user=jenkins1000 | ip=192.168.157.249 | op=SEND_HEARTBEAT {datanodeUUID=6d68ca61-c219-4724-b8bb-ddcd01f258b2, command=[]} | ret=SUCCESS |  
2019-08-29 08:26:10,777 | INFO  | SCMAudit | user=jenkins1000 | ip=192.168.157.249 | op=SEND_HEARTBEAT {datanodeUUID=f3091307-9c6d-4cf5-b619-8e6cca6f84c9, command=[]} | ret=SUCCESS |  
2019-08-29 08:26:10,781 | INFO  | SCMAudit | user=jenkins1000 | ip=192.168.157.249 | op=SEND_HEARTBEAT {datanodeUUID=2cd21838-1a98-4748-8882-d7146563928a, command=[]} | ret=SUCCESS |  
2019-08-29 08:26:10,816 | INFO  | SCMAudit | user=jenkins1000 | ip=192.168.157.249 | op=SEND_HEARTBEAT {datanodeUUID=24081c8f-d316-435d-a792-3431bfeb71b1, command=[]} | ret=SUCCESS |  
2019-08-29 08:26:10,818 | INFO  | SCMAudit | user=jenkins1000 | ip=192.168.157.249 | op=SEND_HEARTBEAT {datanodeUUID=500162f5-df4c-43d4-be22-b16b483ed3b9, command=[]} | ret=SUCCESS |  
2019-08-29 08:26:10,855 | INFO  | SCMAudit | user=jenkins1000 | ip=192.168.157.249 | op=SEND_HEARTBEAT {datanodeUUID=b3ac43d0-c6e0-46d8-bcc9-9ad695550644, command=[]} | ret=SUCCESS |  
2019-08-29 08:26:11,002 | INFO  | SCMAudit | user=jenkins1000 | ip=192.168.157.249 | op=SEND_HEARTBEAT {datanodeUUID=35f04ff1-b93c-4ae0-b494-c5f2981bb056, command=[]} | ret=SUCCESS |  
2019-08-29 08:26:11,712 | INFO  | SCMAudit | user=jenkins1000 | ip=192.168.157.249 | op=SEND_HEARTBEAT {datanodeUUID=6d68ca61-c219-4724-b8bb-ddcd01f258b2, command=[]} | ret=SUCCESS |  
2019-08-29 08:26:11,777 | INFO  | SCMAudit | user=jenkins1000 | ip=192.168.157.249 | op=SEND_HEARTBEAT {datanodeUUID=f3091307-9c6d-4cf5-b619-8e6cca6f84c9, command=[]} | ret=SUCCESS |  
2019-08-29 08:26:11,781 | INFO  | SCMAudit | user=jenkins1000 | ip=192.168.157.249 | op=SEND_HEARTBEAT {datanodeUUID=2cd21838-1a98-4748-8882-d7146563928a, command=[]} | ret=SUCCESS |  
2019-08-29 08:26:11,816 | INFO  | SCMAudit | user=jenkins1000 | ip=192.168.157.249 | op=SEND_HEARTBEAT {datanodeUUID=24081c8f-d316-435d-a792-3431bfeb71b1, command=[]} | ret=SUCCESS |  
2019-08-29 08:26:11,818 | INFO  | SCMAudit | user=jenkins1000 | ip=192.168.157.249 | op=SEND_HEARTBEAT {datanodeUUID=500162f5-df4c-43d4-be22-b16b483ed3b9, command=[]} | ret=SUCCESS |  
2019-08-29 08:26:11,855 | INFO  | SCMAudit | user=jenkins1000 | ip=192.168.157.249 | op=SEND_HEARTBEAT {datanodeUUID=b3ac43d0-c6e0-46d8-bcc9-9ad695550644, command=[]} | ret=SUCCESS |  
2019-08-29 08:26:11,997 | INFO  | SCMAudit | user=jenkins1000 | ip=192.168.157.249 | op=SEND_HEARTBEAT {datanodeUUID=35f04ff1-b93c-4ae0-b494-c5f2981bb056, command=[]} | ret=SUCCESS |  
2019-08-29 08:26:12,712 | INFO  | SCMAudit | user=jenkins1000 | ip=192.168.157.249 | op=SEND_HEARTBEAT {datanodeUUID=6d68ca61-c219-4724-b8bb-ddcd01f258b2, command=[]} | ret=SUCCESS |  
2019-08-29 08:26:12,778 | INFO  | SCMAudit | user=jenkins1000 | ip=192.168.157.249 | op=SEND_HEARTBEAT {datanodeUUID=f3091307-9c6d-4cf5-b619-8e6cca6f84c9, command=[]} | ret=SUCCESS |  
2019-08-29 08:26:12,781 | INFO  | SCMAudit | user=jenkins1000 | ip=192.168.157.249 | op=SEND_HEARTBEAT {datanodeUUID=2cd21838-1a98-4748-8882-d7146563928a, command=[]} | ret=SUCCESS |  
2019-08-29 08:26:12,816 | INFO  | SCMAudit | user=jenkins1000 | ip=192.168.157.249 | op=SEND_HEARTBEAT {datanodeUUID=24081c8f-d316-435d-a792-3431bfeb71b1, command=[]} | ret=SUCCESS |  
2019-08-29 08:26:12,818 | INFO  | SCMAudit | user=jenkins1000 | ip=192.168.157.249 | op=SEND_HEARTBEAT {datanodeUUID=500162f5-df4c-43d4-be22-b16b483ed3b9, command=[]} | ret=SUCCESS |  
2019-08-29 08:26:12,855 | INFO  | SCMAudit | user=jenkins1000 | ip=192.168.157.249 | op=SEND_HEARTBEAT {datanodeUUID=b3ac43d0-c6e0-46d8-bcc9-9ad695550644, command=[]} | ret=SUCCESS |  
2019-08-29 08:26:12,997 | INFO  | SCMAudit | user=jenkins1000 | ip=192.168.157.249 | op=SEND_HEARTBEAT {datanodeUUID=35f04ff1-b93c-4ae0-b494-c5f2981bb056, command=[]} | ret=SUCCESS |  
2019-08-29 08:26:13,712 | INFO  | SCMAudit | user=jenkins1000 | ip=192.168.157.249 | op=SEND_HEARTBEAT {datanodeUUID=6d68ca61-c219-4724-b8bb-ddcd01f258b2, command=[]} | ret=SUCCESS |  
2019-08-29 08:26:13,777 | INFO  | SCMAudit | user=jenkins1000 | ip=192.168.157.249 | op=SEND_HEARTBEAT {datanodeUUID=f3091307-9c6d-4cf5-b619-8e6cca6f84c9, command=[]} | ret=SUCCESS |  
2019-08-29 08:26:13,781 | INFO  | SCMAudit | user=jenkins1000 | ip=192.168.157.249 | op=SEND_HEARTBEAT {datanodeUUID=2cd21838-1a98-4748-8882-d7146563928a, command=[]} | ret=SUCCESS |  
2019-08-29 08:26:13,816 | INFO  | SCMAudit | user=jenkins1000 | ip=192.168.157.249 | op=SEND_HEARTBEAT {datanodeUUID=24081c8f-d316-435d-a792-3431bfeb71b1, command=[]} | ret=SUCCESS |  
2019-08-29 08:26:13,817 | INFO  | SCMAudit | user=jenkins1000 | ip=192.168.157.249 | op=SEND_HEARTBEAT {datanodeUUID=500162f5-df4c-43d4-be22-b16b483ed3b9, command=[]} | ret=SUCCESS |  
2019-08-29 08:26:13,855 | INFO  | SCMAudit | user=jenkins1000 | ip=192.168.157.249 | op=SEND_HEARTBEAT {datanodeUUID=b3ac43d0-c6e0-46d8-bcc9-9ad695550644, command=[]} | ret=SUCCESS |  
2019-08-29 08:26:13,998 | INFO  | SCMAudit | user=jenkins1000 | ip=192.168.157.249 | op=SEND_HEARTBEAT {datanodeUUID=35f04ff1-b93c-4ae0-b494-c5f2981bb056, command=[]} | ret=SUCCESS |  
2019-08-29 08:26:14,500 [grpc-default-executor-2] INFO  client.GrpcClientProtocolClient (GrpcClientProtocolClient.java:onNext(255)) - client-56A4EE866ECF->24081c8f-d316-435d-a792-3431bfeb71b1: receive RaftClientReply:client-56A4EE866ECF->24081c8f-d316-435d-a792-3431bfeb71b1@group-273770D6E455, cid=45, FAILED org.apache.ratis.protocol.NotLeaderException: Server 24081c8f-d316-435d-a792-3431bfeb71b1 is not the leader (2cd21838-1a98-4748-8882-d7146563928a:192.168.157.249:40808). Request must be sent to leader., logIndex=0, commits[24081c8f-d316-435d-a792-3431bfeb71b1:c8, 2cd21838-1a98-4748-8882-d7146563928a:c8, 500162f5-df4c-43d4-be22-b16b483ed3b9:c8]
2019-08-29 08:26:14,712 | INFO  | SCMAudit | user=jenkins1000 | ip=192.168.157.249 | op=SEND_HEARTBEAT {datanodeUUID=6d68ca61-c219-4724-b8bb-ddcd01f258b2, command=[]} | ret=SUCCESS |  
2019-08-29 08:26:14,777 | INFO  | SCMAudit | user=jenkins1000 | ip=192.168.157.249 | op=SEND_HEARTBEAT {datanodeUUID=f3091307-9c6d-4cf5-b619-8e6cca6f84c9, command=[]} | ret=SUCCESS |  
2019-08-29 08:26:14,781 | INFO  | SCMAudit | user=jenkins1000 | ip=192.168.157.249 | op=SEND_HEARTBEAT {datanodeUUID=2cd21838-1a98-4748-8882-d7146563928a, command=[]} | ret=SUCCESS |  
2019-08-29 08:26:14,816 | INFO  | SCMAudit | user=jenkins1000 | ip=192.168.157.249 | op=SEND_HEARTBEAT {datanodeUUID=24081c8f-d316-435d-a792-3431bfeb71b1, command=[]} | ret=SUCCESS |  
2019-08-29 08:26:14,818 | INFO  | SCMAudit | user=jenkins1000 | ip=192.168.157.249 | op=SEND_HEARTBEAT {datanodeUUID=500162f5-df4c-43d4-be22-b16b483ed3b9, command=[]} | ret=SUCCESS |  
2019-08-29 08:26:14,855 | INFO  | SCMAudit | user=jenkins1000 | ip=192.168.157.249 | op=SEND_HEARTBEAT {datanodeUUID=b3ac43d0-c6e0-46d8-bcc9-9ad695550644, command=[]} | ret=SUCCESS |  
2019-08-29 08:26:14,997 | INFO  | SCMAudit | user=jenkins1000 | ip=192.168.157.249 | op=SEND_HEARTBEAT {datanodeUUID=35f04ff1-b93c-4ae0-b494-c5f2981bb056, command=[]} | ret=SUCCESS |  
2019-08-29 08:26:15,713 | INFO  | SCMAudit | user=jenkins1000 | ip=192.168.157.249 | op=SEND_HEARTBEAT {datanodeUUID=6d68ca61-c219-4724-b8bb-ddcd01f258b2, command=[]} | ret=SUCCESS |  
2019-08-29 08:26:15,777 | INFO  | SCMAudit | user=jenkins1000 | ip=192.168.157.249 | op=SEND_HEARTBEAT {datanodeUUID=f3091307-9c6d-4cf5-b619-8e6cca6f84c9, command=[]} | ret=SUCCESS |  
2019-08-29 08:26:15,781 | INFO  | SCMAudit | user=jenkins1000 | ip=192.168.157.249 | op=SEND_HEARTBEAT {datanodeUUID=2cd21838-1a98-4748-8882-d7146563928a, command=[]} | ret=SUCCESS |  
2019-08-29 08:26:15,816 | INFO  | SCMAudit | user=jenkins1000 | ip=192.168.157.249 | op=SEND_HEARTBEAT {datanodeUUID=24081c8f-d316-435d-a792-3431bfeb71b1, command=[]} | ret=SUCCESS |  
2019-08-29 08:26:15,819 | INFO  | SCMAudit | user=jenkins1000 | ip=192.168.157.249 | op=SEND_HEARTBEAT {datanodeUUID=500162f5-df4c-43d4-be22-b16b483ed3b9, command=[]} | ret=SUCCESS |  
2019-08-29 08:26:15,855 | INFO  | SCMAudit | user=jenkins1000 | ip=192.168.157.249 | op=SEND_HEARTBEAT {datanodeUUID=b3ac43d0-c6e0-46d8-bcc9-9ad695550644, command=[]} | ret=SUCCESS |  
2019-08-29 08:26:15,997 | INFO  | SCMAudit | user=jenkins1000 | ip=192.168.157.249 | op=SEND_HEARTBEAT {datanodeUUID=35f04ff1-b93c-4ae0-b494-c5f2981bb056, command=[]} | ret=SUCCESS |  
2019-08-29 08:26:16,713 | INFO  | SCMAudit | user=jenkins1000 | ip=192.168.157.249 | op=SEND_HEARTBEAT {datanodeUUID=6d68ca61-c219-4724-b8bb-ddcd01f258b2, command=[]} | ret=SUCCESS |  
2019-08-29 08:26:16,777 | INFO  | SCMAudit | user=jenkins1000 | ip=192.168.157.249 | op=SEND_HEARTBEAT {datanodeUUID=f3091307-9c6d-4cf5-b619-8e6cca6f84c9, command=[]} | ret=SUCCESS |  
2019-08-29 08:26:16,781 | INFO  | SCMAudit | user=jenkins1000 | ip=192.168.157.249 | op=SEND_HEARTBEAT {datanodeUUID=2cd21838-1a98-4748-8882-d7146563928a, command=[]} | ret=SUCCESS |  
2019-08-29 08:26:16,816 | INFO  | SCMAudit | user=jenkins1000 | ip=192.168.157.249 | op=SEND_HEARTBEAT {datanodeUUID=24081c8f-d316-435d-a792-3431bfeb71b1, command=[]} | ret=SUCCESS |  
2019-08-29 08:26:16,819 | INFO  | SCMAudit | user=jenkins1000 | ip=192.168.157.249 | op=SEND_HEARTBEAT {datanodeUUID=500162f5-df4c-43d4-be22-b16b483ed3b9, command=[]} | ret=SUCCESS |  
2019-08-29 08:26:16,855 | INFO  | SCMAudit | user=jenkins1000 | ip=192.168.157.249 | op=SEND_HEARTBEAT {datanodeUUID=b3ac43d0-c6e0-46d8-bcc9-9ad695550644, command=[]} | ret=SUCCESS |  
2019-08-29 08:26:16,997 | INFO  | SCMAudit | user=jenkins1000 | ip=192.168.157.249 | op=SEND_HEARTBEAT {datanodeUUID=35f04ff1-b93c-4ae0-b494-c5f2981bb056, command=[]} | ret=SUCCESS |  
2019-08-29 08:26:17,713 | INFO  | SCMAudit | user=jenkins1000 | ip=192.168.157.249 | op=SEND_HEARTBEAT {datanodeUUID=6d68ca61-c219-4724-b8bb-ddcd01f258b2, command=[]} | ret=SUCCESS |  
2019-08-29 08:26:17,777 | INFO  | SCMAudit | user=jenkins1000 | ip=192.168.157.249 | op=SEND_HEARTBEAT {datanodeUUID=f3091307-9c6d-4cf5-b619-8e6cca6f84c9, command=[]} | ret=SUCCESS |  
2019-08-29 08:26:17,781 | INFO  | SCMAudit | user=jenkins1000 | ip=192.168.157.249 | op=SEND_HEARTBEAT {datanodeUUID=2cd21838-1a98-4748-8882-d7146563928a, command=[]} | ret=SUCCESS |  
2019-08-29 08:26:17,816 | INFO  | SCMAudit | user=jenkins1000 | ip=192.168.157.249 | op=SEND_HEARTBEAT {datanodeUUID=24081c8f-d316-435d-a792-3431bfeb71b1, command=[]} | ret=SUCCESS |  
2019-08-29 08:26:17,819 | INFO  | SCMAudit | user=jenkins1000 | ip=192.168.157.249 | op=SEND_HEARTBEAT {datanodeUUID=500162f5-df4c-43d4-be22-b16b483ed3b9, command=[]} | ret=SUCCESS |  
2019-08-29 08:26:17,855 | INFO  | SCMAudit | user=jenkins1000 | ip=192.168.157.249 | op=SEND_HEARTBEAT {datanodeUUID=b3ac43d0-c6e0-46d8-bcc9-9ad695550644, command=[]} | ret=SUCCESS |  
2019-08-29 08:26:17,998 | INFO  | SCMAudit | user=jenkins1000 | ip=192.168.157.249 | op=SEND_HEARTBEAT {datanodeUUID=35f04ff1-b93c-4ae0-b494-c5f2981bb056, command=[]} | ret=SUCCESS |  
2019-08-29 08:26:18,713 | INFO  | SCMAudit | user=jenkins1000 | ip=192.168.157.249 | op=SEND_HEARTBEAT {datanodeUUID=6d68ca61-c219-4724-b8bb-ddcd01f258b2, command=[]} | ret=SUCCESS |  
2019-08-29 08:26:18,777 | INFO  | SCMAudit | user=jenkins1000 | ip=192.168.157.249 | op=SEND_HEARTBEAT {datanodeUUID=f3091307-9c6d-4cf5-b619-8e6cca6f84c9, command=[]} | ret=SUCCESS |  
2019-08-29 08:26:18,780 | INFO  | SCMAudit | user=jenkins1000 | ip=192.168.157.249 | op=SEND_HEARTBEAT {datanodeUUID=2cd21838-1a98-4748-8882-d7146563928a, command=[]} | ret=SUCCESS |  
2019-08-29 08:26:18,816 | INFO  | SCMAudit | user=jenkins1000 | ip=192.168.157.249 | op=SEND_HEARTBEAT {datanodeUUID=24081c8f-d316-435d-a792-3431bfeb71b1, command=[]} | ret=SUCCESS |  
2019-08-29 08:26:18,819 | INFO  | SCMAudit | user=jenkins1000 | ip=192.168.157.249 | op=SEND_HEARTBEAT {datanodeUUID=500162f5-df4c-43d4-be22-b16b483ed3b9, command=[]} | ret=SUCCESS |  
2019-08-29 08:26:18,856 | INFO  | SCMAudit | user=jenkins1000 | ip=192.168.157.249 | op=SEND_HEARTBEAT {datanodeUUID=b3ac43d0-c6e0-46d8-bcc9-9ad695550644, command=[]} | ret=SUCCESS |  
2019-08-29 08:26:18,997 | INFO  | SCMAudit | user=jenkins1000 | ip=192.168.157.249 | op=SEND_HEARTBEAT {datanodeUUID=35f04ff1-b93c-4ae0-b494-c5f2981bb056, command=[]} | ret=SUCCESS |  
2019-08-29 08:26:19,534 [grpc-default-executor-0] INFO  client.GrpcClientProtocolClient (GrpcClientProtocolClient.java:onNext(255)) - client-56A4EE866ECF->500162f5-df4c-43d4-be22-b16b483ed3b9: receive RaftClientReply:client-56A4EE866ECF->500162f5-df4c-43d4-be22-b16b483ed3b9@group-273770D6E455, cid=45, FAILED org.apache.ratis.protocol.NotLeaderException: Server 500162f5-df4c-43d4-be22-b16b483ed3b9 is not the leader (2cd21838-1a98-4748-8882-d7146563928a:192.168.157.249:40808). Request must be sent to leader., logIndex=0, commits[500162f5-df4c-43d4-be22-b16b483ed3b9:c8, 2cd21838-1a98-4748-8882-d7146563928a:c8, 24081c8f-d316-435d-a792-3431bfeb71b1:c8]
2019-08-29 08:26:19,713 | INFO  | SCMAudit | user=jenkins1000 | ip=192.168.157.249 | op=SEND_HEARTBEAT {datanodeUUID=6d68ca61-c219-4724-b8bb-ddcd01f258b2, command=[]} | ret=SUCCESS |  
2019-08-29 08:26:19,778 | INFO  | SCMAudit | user=jenkins1000 | ip=192.168.157.249 | op=SEND_HEARTBEAT {datanodeUUID=f3091307-9c6d-4cf5-b619-8e6cca6f84c9, command=[]} | ret=SUCCESS |  
2019-08-29 08:26:19,781 | INFO  | SCMAudit | user=jenkins1000 | ip=192.168.157.249 | op=SEND_HEARTBEAT {datanodeUUID=2cd21838-1a98-4748-8882-d7146563928a, command=[]} | ret=SUCCESS |  
2019-08-29 08:26:19,816 | INFO  | SCMAudit | user=jenkins1000 | ip=192.168.157.249 | op=SEND_HEARTBEAT {datanodeUUID=24081c8f-d316-435d-a792-3431bfeb71b1, command=[]} | ret=SUCCESS |  
2019-08-29 08:26:19,819 | INFO  | SCMAudit | user=jenkins1000 | ip=192.168.157.249 | op=SEND_HEARTBEAT {datanodeUUID=500162f5-df4c-43d4-be22-b16b483ed3b9, command=[]} | ret=SUCCESS |  
2019-08-29 08:26:19,855 | INFO  | SCMAudit | user=jenkins1000 | ip=192.168.157.249 | op=SEND_HEARTBEAT {datanodeUUID=b3ac43d0-c6e0-46d8-bcc9-9ad695550644, command=[]} | ret=SUCCESS |  
2019-08-29 08:26:19,997 | INFO  | SCMAudit | user=jenkins1000 | ip=192.168.157.249 | op=SEND_HEARTBEAT {datanodeUUID=35f04ff1-b93c-4ae0-b494-c5f2981bb056, command=[]} | ret=SUCCESS |  
2019-08-29 08:26:20,714 | INFO  | SCMAudit | user=jenkins1000 | ip=192.168.157.249 | op=SEND_HEARTBEAT {datanodeUUID=6d68ca61-c219-4724-b8bb-ddcd01f258b2, command=[]} | ret=SUCCESS |  
2019-08-29 08:26:20,777 | INFO  | SCMAudit | user=jenkins1000 | ip=192.168.157.249 | op=SEND_HEARTBEAT {datanodeUUID=f3091307-9c6d-4cf5-b619-8e6cca6f84c9, command=[]} | ret=SUCCESS |  
2019-08-29 08:26:20,781 | INFO  | SCMAudit | user=jenkins1000 | ip=192.168.157.249 | op=SEND_HEARTBEAT {datanodeUUID=2cd21838-1a98-4748-8882-d7146563928a, command=[]} | ret=SUCCESS |  
2019-08-29 08:26:20,815 | INFO  | SCMAudit | user=jenkins1000 | ip=192.168.157.249 | op=SEND_HEARTBEAT {datanodeUUID=24081c8f-d316-435d-a792-3431bfeb71b1, command=[]} | ret=SUCCESS |  
2019-08-29 08:26:20,819 | INFO  | SCMAudit | user=jenkins1000 | ip=192.168.157.249 | op=SEND_HEARTBEAT {datanodeUUID=500162f5-df4c-43d4-be22-b16b483ed3b9, command=[]} | ret=SUCCESS |  
2019-08-29 08:26:20,855 | INFO  | SCMAudit | user=jenkins1000 | ip=192.168.157.249 | op=SEND_HEARTBEAT {datanodeUUID=b3ac43d0-c6e0-46d8-bcc9-9ad695550644, command=[]} | ret=SUCCESS |  
2019-08-29 08:26:20,997 | INFO  | SCMAudit | user=jenkins1000 | ip=192.168.157.249 | op=SEND_HEARTBEAT {datanodeUUID=35f04ff1-b93c-4ae0-b494-c5f2981bb056, command=[]} | ret=SUCCESS |  
2019-08-29 08:26:21,713 | INFO  | SCMAudit | user=jenkins1000 | ip=192.168.157.249 | op=SEND_HEARTBEAT {datanodeUUID=6d68ca61-c219-4724-b8bb-ddcd01f258b2, command=[]} | ret=SUCCESS |  
2019-08-29 08:26:21,777 | INFO  | SCMAudit | user=jenkins1000 | ip=192.168.157.249 | op=SEND_HEARTBEAT {datanodeUUID=f3091307-9c6d-4cf5-b619-8e6cca6f84c9, command=[]} | ret=SUCCESS |  
2019-08-29 08:26:21,781 | INFO  | SCMAudit | user=jenkins1000 | ip=192.168.157.249 | op=SEND_HEARTBEAT {datanodeUUID=2cd21838-1a98-4748-8882-d7146563928a, command=[]} | ret=SUCCESS |  
2019-08-29 08:26:21,817 | INFO  | SCMAudit | user=jenkins1000 | ip=192.168.157.249 | op=SEND_HEARTBEAT {datanodeUUID=24081c8f-d316-435d-a792-3431bfeb71b1, command=[]} | ret=SUCCESS |  
2019-08-29 08:26:21,820 | INFO  | SCMAudit | user=jenkins1000 | ip=192.168.157.249 | op=SEND_HEARTBEAT {datanodeUUID=500162f5-df4c-43d4-be22-b16b483ed3b9, command=[]} | ret=SUCCESS |  
2019-08-29 08:26:21,855 | INFO  | SCMAudit | user=jenkins1000 | ip=192.168.157.249 | op=SEND_HEARTBEAT {datanodeUUID=b3ac43d0-c6e0-46d8-bcc9-9ad695550644, command=[]} | ret=SUCCESS |  
2019-08-29 08:26:21,998 | INFO  | SCMAudit | user=jenkins1000 | ip=192.168.157.249 | op=SEND_HEARTBEAT {datanodeUUID=35f04ff1-b93c-4ae0-b494-c5f2981bb056, command=[]} | ret=SUCCESS |  
2019-08-29 08:26:22,713 | INFO  | SCMAudit | user=jenkins1000 | ip=192.168.157.249 | op=SEND_HEARTBEAT {datanodeUUID=6d68ca61-c219-4724-b8bb-ddcd01f258b2, command=[]} | ret=SUCCESS |  
2019-08-29 08:26:22,778 | INFO  | SCMAudit | user=jenkins1000 | ip=192.168.157.249 | op=SEND_HEARTBEAT {datanodeUUID=f3091307-9c6d-4cf5-b619-8e6cca6f84c9, command=[]} | ret=SUCCESS |  
2019-08-29 08:26:22,781 | INFO  | SCMAudit | user=jenkins1000 | ip=192.168.157.249 | op=SEND_HEARTBEAT {datanodeUUID=2cd21838-1a98-4748-8882-d7146563928a, command=[]} | ret=SUCCESS |  
2019-08-29 08:26:22,817 | INFO  | SCMAudit | user=jenkins1000 | ip=192.168.157.249 | op=SEND_HEARTBEAT {datanodeUUID=24081c8f-d316-435d-a792-3431bfeb71b1, command=[]} | ret=SUCCESS |  
2019-08-29 08:26:22,822 | INFO  | SCMAudit | user=jenkins1000 | ip=192.168.157.249 | op=SEND_HEARTBEAT {datanodeUUID=500162f5-df4c-43d4-be22-b16b483ed3b9, command=[]} | ret=SUCCESS |  
2019-08-29 08:26:22,855 | INFO  | SCMAudit | user=jenkins1000 | ip=192.168.157.249 | op=SEND_HEARTBEAT {datanodeUUID=b3ac43d0-c6e0-46d8-bcc9-9ad695550644, command=[]} | ret=SUCCESS |  
2019-08-29 08:26:22,997 | INFO  | SCMAudit | user=jenkins1000 | ip=192.168.157.249 | op=SEND_HEARTBEAT {datanodeUUID=35f04ff1-b93c-4ae0-b494-c5f2981bb056, command=[]} | ret=SUCCESS |  
2019-08-29 08:26:23,714 | INFO  | SCMAudit | user=jenkins1000 | ip=192.168.157.249 | op=SEND_HEARTBEAT {datanodeUUID=6d68ca61-c219-4724-b8bb-ddcd01f258b2, command=[]} | ret=SUCCESS |  
2019-08-29 08:26:23,779 | INFO  | SCMAudit | user=jenkins1000 | ip=192.168.157.249 | op=SEND_HEARTBEAT {datanodeUUID=f3091307-9c6d-4cf5-b619-8e6cca6f84c9, command=[]} | ret=SUCCESS |  
2019-08-29 08:26:23,781 | INFO  | SCMAudit | user=jenkins1000 | ip=192.168.157.249 | op=SEND_HEARTBEAT {datanodeUUID=2cd21838-1a98-4748-8882-d7146563928a, command=[]} | ret=SUCCESS |  
2019-08-29 08:26:23,817 | INFO  | SCMAudit | user=jenkins1000 | ip=192.168.157.249 | op=SEND_HEARTBEAT {datanodeUUID=24081c8f-d316-435d-a792-3431bfeb71b1, command=[]} | ret=SUCCESS |  
2019-08-29 08:26:23,822 | INFO  | SCMAudit | user=jenkins1000 | ip=192.168.157.249 | op=SEND_HEARTBEAT {datanodeUUID=500162f5-df4c-43d4-be22-b16b483ed3b9, command=[]} | ret=SUCCESS |  
2019-08-29 08:26:23,855 | INFO  | SCMAudit | user=jenkins1000 | ip=192.168.157.249 | op=SEND_HEARTBEAT {datanodeUUID=b3ac43d0-c6e0-46d8-bcc9-9ad695550644, command=[]} | ret=SUCCESS |  
2019-08-29 08:26:23,997 | INFO  | SCMAudit | user=jenkins1000 | ip=192.168.157.249 | op=SEND_HEARTBEAT {datanodeUUID=35f04ff1-b93c-4ae0-b494-c5f2981bb056, command=[]} | ret=SUCCESS |  
2019-08-29 08:26:24,588 [grpc-default-executor-0] INFO  client.GrpcClientProtocolClient (GrpcClientProtocolClient.java:onNext(255)) - client-56A4EE866ECF->500162f5-df4c-43d4-be22-b16b483ed3b9: receive RaftClientReply:client-56A4EE866ECF->500162f5-df4c-43d4-be22-b16b483ed3b9@group-273770D6E455, cid=45, FAILED org.apache.ratis.protocol.NotLeaderException: Server 500162f5-df4c-43d4-be22-b16b483ed3b9 is not the leader (2cd21838-1a98-4748-8882-d7146563928a:192.168.157.249:40808). Request must be sent to leader., logIndex=0, commits[500162f5-df4c-43d4-be22-b16b483ed3b9:c8, 2cd21838-1a98-4748-8882-d7146563928a:c8, 24081c8f-d316-435d-a792-3431bfeb71b1:c8]
2019-08-29 08:26:24,713 | INFO  | SCMAudit | user=jenkins1000 | ip=192.168.157.249 | op=SEND_HEARTBEAT {datanodeUUID=6d68ca61-c219-4724-b8bb-ddcd01f258b2, command=[]} | ret=SUCCESS |  
2019-08-29 08:26:24,779 | INFO  | SCMAudit | user=jenkins1000 | ip=192.168.157.249 | op=SEND_HEARTBEAT {datanodeUUID=f3091307-9c6d-4cf5-b619-8e6cca6f84c9, command=[]} | ret=SUCCESS |  
2019-08-29 08:26:24,781 | INFO  | SCMAudit | user=jenkins1000 | ip=192.168.157.249 | op=SEND_HEARTBEAT {datanodeUUID=2cd21838-1a98-4748-8882-d7146563928a, command=[]} | ret=SUCCESS |  
2019-08-29 08:26:24,817 | INFO  | SCMAudit | user=jenkins1000 | ip=192.168.157.249 | op=SEND_HEARTBEAT {datanodeUUID=24081c8f-d316-435d-a792-3431bfeb71b1, command=[]} | ret=SUCCESS |  
2019-08-29 08:26:24,822 | INFO  | SCMAudit | user=jenkins1000 | ip=192.168.157.249 | op=SEND_HEARTBEAT {datanodeUUID=500162f5-df4c-43d4-be22-b16b483ed3b9, command=[]} | ret=SUCCESS |  
2019-08-29 08:26:24,855 | INFO  | SCMAudit | user=jenkins1000 | ip=192.168.157.249 | op=SEND_HEARTBEAT {datanodeUUID=b3ac43d0-c6e0-46d8-bcc9-9ad695550644, command=[]} | ret=SUCCESS |  
2019-08-29 08:26:24,998 | INFO  | SCMAudit | user=jenkins1000 | ip=192.168.157.249 | op=SEND_HEARTBEAT {datanodeUUID=35f04ff1-b93c-4ae0-b494-c5f2981bb056, command=[]} | ret=SUCCESS |  
2019-08-29 08:26:25,713 | INFO  | SCMAudit | user=jenkins1000 | ip=192.168.157.249 | op=SEND_HEARTBEAT {datanodeUUID=6d68ca61-c219-4724-b8bb-ddcd01f258b2, command=[]} | ret=SUCCESS |  
2019-08-29 08:26:25,779 | INFO  | SCMAudit | user=jenkins1000 | ip=192.168.157.249 | op=SEND_HEARTBEAT {datanodeUUID=f3091307-9c6d-4cf5-b619-8e6cca6f84c9, command=[]} | ret=SUCCESS |  
2019-08-29 08:26:25,781 | INFO  | SCMAudit | user=jenkins1000 | ip=192.168.157.249 | op=SEND_HEARTBEAT {datanodeUUID=2cd21838-1a98-4748-8882-d7146563928a, command=[]} | ret=SUCCESS |  
2019-08-29 08:26:25,817 | INFO  | SCMAudit | user=jenkins1000 | ip=192.168.157.249 | op=SEND_HEARTBEAT {datanodeUUID=24081c8f-d316-435d-a792-3431bfeb71b1, command=[]} | ret=SUCCESS |  
2019-08-29 08:26:25,822 | INFO  | SCMAudit | user=jenkins1000 | ip=192.168.157.249 | op=SEND_HEARTBEAT {datanodeUUID=500162f5-df4c-43d4-be22-b16b483ed3b9, command=[]} | ret=SUCCESS |  
2019-08-29 08:26:25,855 | INFO  | SCMAudit | user=jenkins1000 | ip=192.168.157.249 | op=SEND_HEARTBEAT {datanodeUUID=b3ac43d0-c6e0-46d8-bcc9-9ad695550644, command=[]} | ret=SUCCESS |  
2019-08-29 08:26:25,997 | INFO  | SCMAudit | user=jenkins1000 | ip=192.168.157.249 | op=SEND_HEARTBEAT {datanodeUUID=35f04ff1-b93c-4ae0-b494-c5f2981bb056, command=[]} | ret=SUCCESS |  
2019-08-29 08:26:26,713 | INFO  | SCMAudit | user=jenkins1000 | ip=192.168.157.249 | op=SEND_HEARTBEAT {datanodeUUID=6d68ca61-c219-4724-b8bb-ddcd01f258b2, command=[]} | ret=SUCCESS |  
2019-08-29 08:26:26,779 | INFO  | SCMAudit | user=jenkins1000 | ip=192.168.157.249 | op=SEND_HEARTBEAT {datanodeUUID=f3091307-9c6d-4cf5-b619-8e6cca6f84c9, command=[]} | ret=SUCCESS |  
2019-08-29 08:26:26,781 | INFO  | SCMAudit | user=jenkins1000 | ip=192.168.157.249 | op=SEND_HEARTBEAT {datanodeUUID=2cd21838-1a98-4748-8882-d7146563928a, command=[]} | ret=SUCCESS |  
2019-08-29 08:26:26,817 | INFO  | SCMAudit | user=jenkins1000 | ip=192.168.157.249 | op=SEND_HEARTBEAT {datanodeUUID=24081c8f-d316-435d-a792-3431bfeb71b1, command=[]} | ret=SUCCESS |  
2019-08-29 08:26:26,822 | INFO  | SCMAudit | user=jenkins1000 | ip=192.168.157.249 | op=SEND_HEARTBEAT {datanodeUUID=500162f5-df4c-43d4-be22-b16b483ed3b9, command=[]} | ret=SUCCESS |  
2019-08-29 08:26:26,856 | INFO  | SCMAudit | user=jenkins1000 | ip=192.168.157.249 | op=SEND_HEARTBEAT {datanodeUUID=b3ac43d0-c6e0-46d8-bcc9-9ad695550644, command=[]} | ret=SUCCESS |  
2019-08-29 08:26:26,997 | INFO  | SCMAudit | user=jenkins1000 | ip=192.168.157.249 | op=SEND_HEARTBEAT {datanodeUUID=35f04ff1-b93c-4ae0-b494-c5f2981bb056, command=[]} | ret=SUCCESS |  
2019-08-29 08:26:27,713 | INFO  | SCMAudit | user=jenkins1000 | ip=192.168.157.249 | op=SEND_HEARTBEAT {datanodeUUID=6d68ca61-c219-4724-b8bb-ddcd01f258b2, command=[]} | ret=SUCCESS |  
2019-08-29 08:26:27,779 | INFO  | SCMAudit | user=jenkins1000 | ip=192.168.157.249 | op=SEND_HEARTBEAT {datanodeUUID=f3091307-9c6d-4cf5-b619-8e6cca6f84c9, command=[]} | ret=SUCCESS |  
2019-08-29 08:26:27,781 | INFO  | SCMAudit | user=jenkins1000 | ip=192.168.157.249 | op=SEND_HEARTBEAT {datanodeUUID=2cd21838-1a98-4748-8882-d7146563928a, command=[]} | ret=SUCCESS |  
2019-08-29 08:26:27,817 | INFO  | SCMAudit | user=jenkins1000 | ip=192.168.157.249 | op=SEND_HEARTBEAT {datanodeUUID=24081c8f-d316-435d-a792-3431bfeb71b1, command=[]} | ret=SUCCESS |  
2019-08-29 08:26:27,822 | INFO  | SCMAudit | user=jenkins1000 | ip=192.168.157.249 | op=SEND_HEARTBEAT {datanodeUUID=500162f5-df4c-43d4-be22-b16b483ed3b9, command=[]} | ret=SUCCESS |  
2019-08-29 08:26:27,855 | INFO  | SCMAudit | user=jenkins1000 | ip=192.168.157.249 | op=SEND_HEARTBEAT {datanodeUUID=b3ac43d0-c6e0-46d8-bcc9-9ad695550644, command=[]} | ret=SUCCESS |  
2019-08-29 08:26:27,997 | INFO  | SCMAudit | user=jenkins1000 | ip=192.168.157.249 | op=SEND_HEARTBEAT {datanodeUUID=35f04ff1-b93c-4ae0-b494-c5f2981bb056, command=[]} | ret=SUCCESS |  
2019-08-29 08:26:28,713 | INFO  | SCMAudit | user=jenkins1000 | ip=192.168.157.249 | op=SEND_HEARTBEAT {datanodeUUID=6d68ca61-c219-4724-b8bb-ddcd01f258b2, command=[]} | ret=SUCCESS |  
2019-08-29 08:26:28,779 | INFO  | SCMAudit | user=jenkins1000 | ip=192.168.157.249 | op=SEND_HEARTBEAT {datanodeUUID=f3091307-9c6d-4cf5-b619-8e6cca6f84c9, command=[]} | ret=SUCCESS |  
2019-08-29 08:26:28,782 | INFO  | SCMAudit | user=jenkins1000 | ip=192.168.157.249 | op=SEND_HEARTBEAT {datanodeUUID=2cd21838-1a98-4748-8882-d7146563928a, command=[]} | ret=SUCCESS |  
2019-08-29 08:26:28,817 | INFO  | SCMAudit | user=jenkins1000 | ip=192.168.157.249 | op=SEND_HEARTBEAT {datanodeUUID=24081c8f-d316-435d-a792-3431bfeb71b1, command=[]} | ret=SUCCESS |  
2019-08-29 08:26:28,822 | INFO  | SCMAudit | user=jenkins1000 | ip=192.168.157.249 | op=SEND_HEARTBEAT {datanodeUUID=500162f5-df4c-43d4-be22-b16b483ed3b9, command=[]} | ret=SUCCESS |  
2019-08-29 08:26:28,855 | INFO  | SCMAudit | user=jenkins1000 | ip=192.168.157.249 | op=SEND_HEARTBEAT {datanodeUUID=b3ac43d0-c6e0-46d8-bcc9-9ad695550644, command=[]} | ret=SUCCESS |  
2019-08-29 08:26:28,998 | INFO  | SCMAudit | user=jenkins1000 | ip=192.168.157.249 | op=SEND_HEARTBEAT {datanodeUUID=35f04ff1-b93c-4ae0-b494-c5f2981bb056, command=[]} | ret=SUCCESS |  
2019-08-29 08:26:29,639 [grpc-default-executor-2] INFO  client.GrpcClientProtocolClient (GrpcClientProtocolClient.java:onNext(255)) - client-56A4EE866ECF->500162f5-df4c-43d4-be22-b16b483ed3b9: receive RaftClientReply:client-56A4EE866ECF->500162f5-df4c-43d4-be22-b16b483ed3b9@group-273770D6E455, cid=45, FAILED org.apache.ratis.protocol.NotLeaderException: Server 500162f5-df4c-43d4-be22-b16b483ed3b9 is not the leader (2cd21838-1a98-4748-8882-d7146563928a:192.168.157.249:40808). Request must be sent to leader., logIndex=0, commits[500162f5-df4c-43d4-be22-b16b483ed3b9:c8, 2cd21838-1a98-4748-8882-d7146563928a:c8, 24081c8f-d316-435d-a792-3431bfeb71b1:c8]
2019-08-29 08:26:29,714 | INFO  | SCMAudit | user=jenkins1000 | ip=192.168.157.249 | op=SEND_HEARTBEAT {datanodeUUID=6d68ca61-c219-4724-b8bb-ddcd01f258b2, command=[]} | ret=SUCCESS |  
2019-08-29 08:26:29,779 | INFO  | SCMAudit | user=jenkins1000 | ip=192.168.157.249 | op=SEND_HEARTBEAT {datanodeUUID=f3091307-9c6d-4cf5-b619-8e6cca6f84c9, command=[]} | ret=SUCCESS |  
2019-08-29 08:26:29,782 | INFO  | SCMAudit | user=jenkins1000 | ip=192.168.157.249 | op=SEND_HEARTBEAT {datanodeUUID=2cd21838-1a98-4748-8882-d7146563928a, command=[]} | ret=SUCCESS |  
2019-08-29 08:26:29,817 | INFO  | SCMAudit | user=jenkins1000 | ip=192.168.157.249 | op=SEND_HEARTBEAT {datanodeUUID=24081c8f-d316-435d-a792-3431bfeb71b1, command=[]} | ret=SUCCESS |  
2019-08-29 08:26:29,822 | INFO  | SCMAudit | user=jenkins1000 | ip=192.168.157.249 | op=SEND_HEARTBEAT {datanodeUUID=500162f5-df4c-43d4-be22-b16b483ed3b9, command=[]} | ret=SUCCESS |  
2019-08-29 08:26:29,855 | INFO  | SCMAudit | user=jenkins1000 | ip=192.168.157.249 | op=SEND_HEARTBEAT {datanodeUUID=b3ac43d0-c6e0-46d8-bcc9-9ad695550644, command=[]} | ret=SUCCESS |  
2019-08-29 08:26:29,997 | INFO  | SCMAudit | user=jenkins1000 | ip=192.168.157.249 | op=SEND_HEARTBEAT {datanodeUUID=35f04ff1-b93c-4ae0-b494-c5f2981bb056, command=[]} | ret=SUCCESS |  
2019-08-29 08:26:30,713 | INFO  | SCMAudit | user=jenkins1000 | ip=192.168.157.249 | op=SEND_HEARTBEAT {datanodeUUID=6d68ca61-c219-4724-b8bb-ddcd01f258b2, command=[]} | ret=SUCCESS |  
2019-08-29 08:26:30,780 | INFO  | SCMAudit | user=jenkins1000 | ip=192.168.157.249 | op=SEND_HEARTBEAT {datanodeUUID=f3091307-9c6d-4cf5-b619-8e6cca6f84c9, command=[]} | ret=SUCCESS |  
2019-08-29 08:26:30,782 | INFO  | SCMAudit | user=jenkins1000 | ip=192.168.157.249 | op=SEND_HEARTBEAT {datanodeUUID=2cd21838-1a98-4748-8882-d7146563928a, command=[]} | ret=SUCCESS |  
2019-08-29 08:26:30,817 | INFO  | SCMAudit | user=jenkins1000 | ip=192.168.157.249 | op=SEND_HEARTBEAT {datanodeUUID=24081c8f-d316-435d-a792-3431bfeb71b1, command=[]} | ret=SUCCESS |  
2019-08-29 08:26:30,822 | INFO  | SCMAudit | user=jenkins1000 | ip=192.168.157.249 | op=SEND_HEARTBEAT {datanodeUUID=500162f5-df4c-43d4-be22-b16b483ed3b9, command=[]} | ret=SUCCESS |  
2019-08-29 08:26:30,855 | INFO  | SCMAudit | user=jenkins1000 | ip=192.168.157.249 | op=SEND_HEARTBEAT {datanodeUUID=b3ac43d0-c6e0-46d8-bcc9-9ad695550644, command=[]} | ret=SUCCESS |  
2019-08-29 08:26:30,997 | INFO  | SCMAudit | user=jenkins1000 | ip=192.168.157.249 | op=SEND_HEARTBEAT {datanodeUUID=35f04ff1-b93c-4ae0-b494-c5f2981bb056, command=[]} | ret=SUCCESS |  
2019-08-29 08:26:31,713 | INFO  | SCMAudit | user=jenkins1000 | ip=192.168.157.249 | op=SEND_HEARTBEAT {datanodeUUID=6d68ca61-c219-4724-b8bb-ddcd01f258b2, command=[]} | ret=SUCCESS |  
2019-08-29 08:26:31,780 | INFO  | SCMAudit | user=jenkins1000 | ip=192.168.157.249 | op=SEND_HEARTBEAT {datanodeUUID=f3091307-9c6d-4cf5-b619-8e6cca6f84c9, command=[]} | ret=SUCCESS |  
2019-08-29 08:26:31,782 | INFO  | SCMAudit | user=jenkins1000 | ip=192.168.157.249 | op=SEND_HEARTBEAT {datanodeUUID=2cd21838-1a98-4748-8882-d7146563928a, command=[]} | ret=SUCCESS |  
2019-08-29 08:26:31,817 | INFO  | SCMAudit | user=jenkins1000 | ip=192.168.157.249 | op=SEND_HEARTBEAT {datanodeUUID=24081c8f-d316-435d-a792-3431bfeb71b1, command=[]} | ret=SUCCESS |  
2019-08-29 08:26:31,822 | INFO  | SCMAudit | user=jenkins1000 | ip=192.168.157.249 | op=SEND_HEARTBEAT {datanodeUUID=500162f5-df4c-43d4-be22-b16b483ed3b9, command=[]} | ret=SUCCESS |  
2019-08-29 08:26:31,855 | INFO  | SCMAudit | user=jenkins1000 | ip=192.168.157.249 | op=SEND_HEARTBEAT {datanodeUUID=b3ac43d0-c6e0-46d8-bcc9-9ad695550644, command=[]} | ret=SUCCESS |  
2019-08-29 08:26:31,997 | INFO  | SCMAudit | user=jenkins1000 | ip=192.168.157.249 | op=SEND_HEARTBEAT {datanodeUUID=35f04ff1-b93c-4ae0-b494-c5f2981bb056, command=[]} | ret=SUCCESS |  
2019-08-29 08:26:32,713 | INFO  | SCMAudit | user=jenkins1000 | ip=192.168.157.249 | op=SEND_HEARTBEAT {datanodeUUID=6d68ca61-c219-4724-b8bb-ddcd01f258b2, command=[]} | ret=SUCCESS |  
2019-08-29 08:26:32,781 | INFO  | SCMAudit | user=jenkins1000 | ip=192.168.157.249 | op=SEND_HEARTBEAT {datanodeUUID=f3091307-9c6d-4cf5-b619-8e6cca6f84c9, command=[]} | ret=SUCCESS |  
2019-08-29 08:26:32,782 | INFO  | SCMAudit | user=jenkins1000 | ip=192.168.157.249 | op=SEND_HEARTBEAT {datanodeUUID=2cd21838-1a98-4748-8882-d7146563928a, command=[]} | ret=SUCCESS |  
2019-08-29 08:26:32,817 | INFO  | SCMAudit | user=jenkins1000 | ip=192.168.157.249 | op=SEND_HEARTBEAT {datanodeUUID=24081c8f-d316-435d-a792-3431bfeb71b1, command=[]} | ret=SUCCESS |  
2019-08-29 08:26:32,822 | INFO  | SCMAudit | user=jenkins1000 | ip=192.168.157.249 | op=SEND_HEARTBEAT {datanodeUUID=500162f5-df4c-43d4-be22-b16b483ed3b9, command=[]} | ret=SUCCESS |  
2019-08-29 08:26:32,855 | INFO  | SCMAudit | user=jenkins1000 | ip=192.168.157.249 | op=SEND_HEARTBEAT {datanodeUUID=b3ac43d0-c6e0-46d8-bcc9-9ad695550644, command=[]} | ret=SUCCESS |  
2019-08-29 08:26:32,998 | INFO  | SCMAudit | user=jenkins1000 | ip=192.168.157.249 | op=SEND_HEARTBEAT {datanodeUUID=35f04ff1-b93c-4ae0-b494-c5f2981bb056, command=[]} | ret=SUCCESS |  
2019-08-29 08:26:33,713 | INFO  | SCMAudit | user=jenkins1000 | ip=192.168.157.249 | op=SEND_HEARTBEAT {datanodeUUID=6d68ca61-c219-4724-b8bb-ddcd01f258b2, command=[]} | ret=SUCCESS |  
2019-08-29 08:26:33,782 | INFO  | SCMAudit | user=jenkins1000 | ip=192.168.157.249 | op=SEND_HEARTBEAT {datanodeUUID=f3091307-9c6d-4cf5-b619-8e6cca6f84c9, command=[]} | ret=SUCCESS |  
2019-08-29 08:26:33,782 | INFO  | SCMAudit | user=jenkins1000 | ip=192.168.157.249 | op=SEND_HEARTBEAT {datanodeUUID=2cd21838-1a98-4748-8882-d7146563928a, command=[]} | ret=SUCCESS |  
2019-08-29 08:26:33,817 | INFO  | SCMAudit | user=jenkins1000 | ip=192.168.157.249 | op=SEND_HEARTBEAT {datanodeUUID=24081c8f-d316-435d-a792-3431bfeb71b1, command=[]} | ret=SUCCESS |  
2019-08-29 08:26:33,822 | INFO  | SCMAudit | user=jenkins1000 | ip=192.168.157.249 | op=SEND_HEARTBEAT {datanodeUUID=500162f5-df4c-43d4-be22-b16b483ed3b9, command=[]} | ret=SUCCESS |  
2019-08-29 08:26:33,855 | INFO  | SCMAudit | user=jenkins1000 | ip=192.168.157.249 | op=SEND_HEARTBEAT {datanodeUUID=b3ac43d0-c6e0-46d8-bcc9-9ad695550644, command=[]} | ret=SUCCESS |  
2019-08-29 08:26:33,997 | INFO  | SCMAudit | user=jenkins1000 | ip=192.168.157.249 | op=SEND_HEARTBEAT {datanodeUUID=35f04ff1-b93c-4ae0-b494-c5f2981bb056, command=[]} | ret=SUCCESS |  
2019-08-29 08:26:34,681 [grpc-default-executor-0] INFO  client.GrpcClientProtocolClient (GrpcClientProtocolClient.java:onNext(255)) - client-56A4EE866ECF->500162f5-df4c-43d4-be22-b16b483ed3b9: receive RaftClientReply:client-56A4EE866ECF->500162f5-df4c-43d4-be22-b16b483ed3b9@group-273770D6E455, cid=45, FAILED org.apache.ratis.protocol.NotLeaderException: Server 500162f5-df4c-43d4-be22-b16b483ed3b9 is not the leader (2cd21838-1a98-4748-8882-d7146563928a:192.168.157.249:40808). Request must be sent to leader., logIndex=0, commits[500162f5-df4c-43d4-be22-b16b483ed3b9:c8, 2cd21838-1a98-4748-8882-d7146563928a:c8, 24081c8f-d316-435d-a792-3431bfeb71b1:c8]
2019-08-29 08:26:34,713 | INFO  | SCMAudit | user=jenkins1000 | ip=192.168.157.249 | op=SEND_HEARTBEAT {datanodeUUID=6d68ca61-c219-4724-b8bb-ddcd01f258b2, command=[]} | ret=SUCCESS |  
2019-08-29 08:26:34,782 | INFO  | SCMAudit | user=jenkins1000 | ip=192.168.157.249 | op=SEND_HEARTBEAT {datanodeUUID=f3091307-9c6d-4cf5-b619-8e6cca6f84c9, command=[]} | ret=SUCCESS |  
2019-08-29 08:26:34,782 | INFO  | SCMAudit | user=jenkins1000 | ip=192.168.157.249 | op=SEND_HEARTBEAT {datanodeUUID=2cd21838-1a98-4748-8882-d7146563928a, command=[]} | ret=SUCCESS |  
2019-08-29 08:26:34,817 | INFO  | SCMAudit | user=jenkins1000 | ip=192.168.157.249 | op=SEND_HEARTBEAT {datanodeUUID=24081c8f-d316-435d-a792-3431bfeb71b1, command=[]} | ret=SUCCESS |  
2019-08-29 08:26:34,822 | INFO  | SCMAudit | user=jenkins1000 | ip=192.168.157.249 | op=SEND_HEARTBEAT {datanodeUUID=500162f5-df4c-43d4-be22-b16b483ed3b9, command=[]} | ret=SUCCESS |  
2019-08-29 08:26:34,855 | INFO  | SCMAudit | user=jenkins1000 | ip=192.168.157.249 | op=SEND_HEARTBEAT {datanodeUUID=b3ac43d0-c6e0-46d8-bcc9-9ad695550644, command=[]} | ret=SUCCESS |  
2019-08-29 08:26:34,997 | INFO  | SCMAudit | user=jenkins1000 | ip=192.168.157.249 | op=SEND_HEARTBEAT {datanodeUUID=35f04ff1-b93c-4ae0-b494-c5f2981bb056, command=[]} | ret=SUCCESS |  
2019-08-29 08:26:35,713 | INFO  | SCMAudit | user=jenkins1000 | ip=192.168.157.249 | op=SEND_HEARTBEAT {datanodeUUID=6d68ca61-c219-4724-b8bb-ddcd01f258b2, command=[]} | ret=SUCCESS |  
2019-08-29 08:26:35,782 | INFO  | SCMAudit | user=jenkins1000 | ip=192.168.157.249 | op=SEND_HEARTBEAT {datanodeUUID=f3091307-9c6d-4cf5-b619-8e6cca6f84c9, command=[]} | ret=SUCCESS |  
2019-08-29 08:26:35,782 | INFO  | SCMAudit | user=jenkins1000 | ip=192.168.157.249 | op=SEND_HEARTBEAT {datanodeUUID=2cd21838-1a98-4748-8882-d7146563928a, command=[]} | ret=SUCCESS |  
2019-08-29 08:26:35,817 | INFO  | SCMAudit | user=jenkins1000 | ip=192.168.157.249 | op=SEND_HEARTBEAT {datanodeUUID=24081c8f-d316-435d-a792-3431bfeb71b1, command=[]} | ret=SUCCESS |  
2019-08-29 08:26:35,822 | INFO  | SCMAudit | user=jenkins1000 | ip=192.168.157.249 | op=SEND_HEARTBEAT {datanodeUUID=500162f5-df4c-43d4-be22-b16b483ed3b9, command=[]} | ret=SUCCESS |  
2019-08-29 08:26:35,855 | INFO  | SCMAudit | user=jenkins1000 | ip=192.168.157.249 | op=SEND_HEARTBEAT {datanodeUUID=b3ac43d0-c6e0-46d8-bcc9-9ad695550644, command=[]} | ret=SUCCESS |  
2019-08-29 08:26:35,997 | INFO  | SCMAudit | user=jenkins1000 | ip=192.168.157.249 | op=SEND_HEARTBEAT {datanodeUUID=35f04ff1-b93c-4ae0-b494-c5f2981bb056, command=[]} | ret=SUCCESS |  
2019-08-29 08:26:36,713 | INFO  | SCMAudit | user=jenkins1000 | ip=192.168.157.249 | op=SEND_HEARTBEAT {datanodeUUID=6d68ca61-c219-4724-b8bb-ddcd01f258b2, command=[]} | ret=SUCCESS |  
2019-08-29 08:26:36,782 | INFO  | SCMAudit | user=jenkins1000 | ip=192.168.157.249 | op=SEND_HEARTBEAT {datanodeUUID=2cd21838-1a98-4748-8882-d7146563928a, command=[]} | ret=SUCCESS |  
2019-08-29 08:26:36,782 | INFO  | SCMAudit | user=jenkins1000 | ip=192.168.157.249 | op=SEND_HEARTBEAT {datanodeUUID=f3091307-9c6d-4cf5-b619-8e6cca6f84c9, command=[]} | ret=SUCCESS |  
2019-08-29 08:26:36,817 | INFO  | SCMAudit | user=jenkins1000 | ip=192.168.157.249 | op=SEND_HEARTBEAT {datanodeUUID=24081c8f-d316-435d-a792-3431bfeb71b1, command=[]} | ret=SUCCESS |  
2019-08-29 08:26:36,822 | INFO  | SCMAudit | user=jenkins1000 | ip=192.168.157.249 | op=SEND_HEARTBEAT {datanodeUUID=500162f5-df4c-43d4-be22-b16b483ed3b9, command=[]} | ret=SUCCESS |  
2019-08-29 08:26:36,855 | INFO  | SCMAudit | user=jenkins1000 | ip=192.168.157.249 | op=SEND_HEARTBEAT {datanodeUUID=b3ac43d0-c6e0-46d8-bcc9-9ad695550644, command=[]} | ret=SUCCESS |  
2019-08-29 08:26:36,998 | INFO  | SCMAudit | user=jenkins1000 | ip=192.168.157.249 | op=SEND_HEARTBEAT {datanodeUUID=35f04ff1-b93c-4ae0-b494-c5f2981bb056, command=[]} | ret=SUCCESS |  
2019-08-29 08:26:37,714 | INFO  | SCMAudit | user=jenkins1000 | ip=192.168.157.249 | op=SEND_HEARTBEAT {datanodeUUID=6d68ca61-c219-4724-b8bb-ddcd01f258b2, command=[]} | ret=SUCCESS |  
2019-08-29 08:26:37,782 | INFO  | SCMAudit | user=jenkins1000 | ip=192.168.157.249 | op=SEND_HEARTBEAT {datanodeUUID=f3091307-9c6d-4cf5-b619-8e6cca6f84c9, command=[]} | ret=SUCCESS |  
2019-08-29 08:26:37,783 | INFO  | SCMAudit | user=jenkins1000 | ip=192.168.157.249 | op=SEND_HEARTBEAT {datanodeUUID=2cd21838-1a98-4748-8882-d7146563928a, command=[]} | ret=SUCCESS |  
2019-08-29 08:26:37,817 | INFO  | SCMAudit | user=jenkins1000 | ip=192.168.157.249 | op=SEND_HEARTBEAT {datanodeUUID=24081c8f-d316-435d-a792-3431bfeb71b1, command=[]} | ret=SUCCESS |  
2019-08-29 08:26:37,822 | INFO  | SCMAudit | user=jenkins1000 | ip=192.168.157.249 | op=SEND_HEARTBEAT {datanodeUUID=500162f5-df4c-43d4-be22-b16b483ed3b9, command=[]} | ret=SUCCESS |  
2019-08-29 08:26:37,855 | INFO  | SCMAudit | user=jenkins1000 | ip=192.168.157.249 | op=SEND_HEARTBEAT {datanodeUUID=b3ac43d0-c6e0-46d8-bcc9-9ad695550644, command=[]} | ret=SUCCESS |  
2019-08-29 08:26:37,997 | INFO  | SCMAudit | user=jenkins1000 | ip=192.168.157.249 | op=SEND_HEARTBEAT {datanodeUUID=35f04ff1-b93c-4ae0-b494-c5f2981bb056, command=[]} | ret=SUCCESS |  
2019-08-29 08:26:38,713 | INFO  | SCMAudit | user=jenkins1000 | ip=192.168.157.249 | op=SEND_HEARTBEAT {datanodeUUID=6d68ca61-c219-4724-b8bb-ddcd01f258b2, command=[]} | ret=SUCCESS |  
2019-08-29 08:26:38,782 | INFO  | SCMAudit | user=jenkins1000 | ip=192.168.157.249 | op=SEND_HEARTBEAT {datanodeUUID=2cd21838-1a98-4748-8882-d7146563928a, command=[]} | ret=SUCCESS |  
2019-08-29 08:26:38,782 | INFO  | SCMAudit | user=jenkins1000 | ip=192.168.157.249 | op=SEND_HEARTBEAT {datanodeUUID=f3091307-9c6d-4cf5-b619-8e6cca6f84c9, command=[]} | ret=SUCCESS |  
2019-08-29 08:26:38,817 | INFO  | SCMAudit | user=jenkins1000 | ip=192.168.157.249 | op=SEND_HEARTBEAT {datanodeUUID=24081c8f-d316-435d-a792-3431bfeb71b1, command=[]} | ret=SUCCESS |  
2019-08-29 08:26:38,822 | INFO  | SCMAudit | user=jenkins1000 | ip=192.168.157.249 | op=SEND_HEARTBEAT {datanodeUUID=500162f5-df4c-43d4-be22-b16b483ed3b9, command=[]} | ret=SUCCESS |  
2019-08-29 08:26:38,855 | INFO  | SCMAudit | user=jenkins1000 | ip=192.168.157.249 | op=SEND_HEARTBEAT {datanodeUUID=b3ac43d0-c6e0-46d8-bcc9-9ad695550644, command=[]} | ret=SUCCESS |  
2019-08-29 08:26:38,997 | INFO  | SCMAudit | user=jenkins1000 | ip=192.168.157.249 | op=SEND_HEARTBEAT {datanodeUUID=35f04ff1-b93c-4ae0-b494-c5f2981bb056, command=[]} | ret=SUCCESS |  
2019-08-29 08:26:39,717 | INFO  | SCMAudit | user=jenkins1000 | ip=192.168.157.249 | op=SEND_HEARTBEAT {datanodeUUID=6d68ca61-c219-4724-b8bb-ddcd01f258b2, command=[]} | ret=SUCCESS |  
2019-08-29 08:26:39,718 [grpc-default-executor-0] INFO  client.GrpcClientProtocolClient (GrpcClientProtocolClient.java:onNext(255)) - client-56A4EE866ECF->500162f5-df4c-43d4-be22-b16b483ed3b9: receive RaftClientReply:client-56A4EE866ECF->500162f5-df4c-43d4-be22-b16b483ed3b9@group-273770D6E455, cid=45, FAILED org.apache.ratis.protocol.NotLeaderException: Server 500162f5-df4c-43d4-be22-b16b483ed3b9 is not the leader (2cd21838-1a98-4748-8882-d7146563928a:192.168.157.249:40808). Request must be sent to leader., logIndex=0, commits[500162f5-df4c-43d4-be22-b16b483ed3b9:c8, 2cd21838-1a98-4748-8882-d7146563928a:c8, 24081c8f-d316-435d-a792-3431bfeb71b1:c8]
2019-08-29 08:26:39,782 | INFO  | SCMAudit | user=jenkins1000 | ip=192.168.157.249 | op=SEND_HEARTBEAT {datanodeUUID=2cd21838-1a98-4748-8882-d7146563928a, command=[]} | ret=SUCCESS |  
2019-08-29 08:26:39,783 | INFO  | SCMAudit | user=jenkins1000 | ip=192.168.157.249 | op=SEND_HEARTBEAT {datanodeUUID=f3091307-9c6d-4cf5-b619-8e6cca6f84c9, command=[]} | ret=SUCCESS |  
2019-08-29 08:26:39,817 | INFO  | SCMAudit | user=jenkins1000 | ip=192.168.157.249 | op=SEND_HEARTBEAT {datanodeUUID=24081c8f-d316-435d-a792-3431bfeb71b1, command=[]} | ret=SUCCESS |  
2019-08-29 08:26:39,822 | INFO  | SCMAudit | user=jenkins1000 | ip=192.168.157.249 | op=SEND_HEARTBEAT {datanodeUUID=500162f5-df4c-43d4-be22-b16b483ed3b9, command=[]} | ret=SUCCESS |  
2019-08-29 08:26:39,855 | INFO  | SCMAudit | user=jenkins1000 | ip=192.168.157.249 | op=SEND_HEARTBEAT {datanodeUUID=b3ac43d0-c6e0-46d8-bcc9-9ad695550644, command=[]} | ret=SUCCESS |  
2019-08-29 08:26:39,998 | INFO  | SCMAudit | user=jenkins1000 | ip=192.168.157.249 | op=SEND_HEARTBEAT {datanodeUUID=35f04ff1-b93c-4ae0-b494-c5f2981bb056, command=[]} | ret=SUCCESS |  
2019-08-29 08:26:40,715 | INFO  | SCMAudit | user=jenkins1000 | ip=192.168.157.249 | op=SEND_HEARTBEAT {datanodeUUID=6d68ca61-c219-4724-b8bb-ddcd01f258b2, command=[]} | ret=SUCCESS |  
2019-08-29 08:26:40,782 | INFO  | SCMAudit | user=jenkins1000 | ip=192.168.157.249 | op=SEND_HEARTBEAT {datanodeUUID=2cd21838-1a98-4748-8882-d7146563928a, command=[]} | ret=SUCCESS |  
2019-08-29 08:26:40,783 | INFO  | SCMAudit | user=jenkins1000 | ip=192.168.157.249 | op=SEND_HEARTBEAT {datanodeUUID=f3091307-9c6d-4cf5-b619-8e6cca6f84c9, command=[]} | ret=SUCCESS |  
2019-08-29 08:26:40,817 | INFO  | SCMAudit | user=jenkins1000 | ip=192.168.157.249 | op=SEND_HEARTBEAT {datanodeUUID=24081c8f-d316-435d-a792-3431bfeb71b1, command=[]} | ret=SUCCESS |  
2019-08-29 08:26:40,823 | INFO  | SCMAudit | user=jenkins1000 | ip=192.168.157.249 | op=SEND_HEARTBEAT {datanodeUUID=500162f5-df4c-43d4-be22-b16b483ed3b9, command=[]} | ret=SUCCESS |  
2019-08-29 08:26:40,855 | INFO  | SCMAudit | user=jenkins1000 | ip=192.168.157.249 | op=SEND_HEARTBEAT {datanodeUUID=b3ac43d0-c6e0-46d8-bcc9-9ad695550644, command=[]} | ret=SUCCESS |  
2019-08-29 08:26:40,997 | INFO  | SCMAudit | user=jenkins1000 | ip=192.168.157.249 | op=SEND_HEARTBEAT {datanodeUUID=35f04ff1-b93c-4ae0-b494-c5f2981bb056, command=[]} | ret=SUCCESS |  
2019-08-29 08:26:41,716 | INFO  | SCMAudit | user=jenkins1000 | ip=192.168.157.249 | op=SEND_HEARTBEAT {datanodeUUID=6d68ca61-c219-4724-b8bb-ddcd01f258b2, command=[]} | ret=SUCCESS |  
2019-08-29 08:26:41,782 | INFO  | SCMAudit | user=jenkins1000 | ip=192.168.157.249 | op=SEND_HEARTBEAT {datanodeUUID=2cd21838-1a98-4748-8882-d7146563928a, command=[]} | ret=SUCCESS |  
2019-08-29 08:26:41,784 | INFO  | SCMAudit | user=jenkins1000 | ip=192.168.157.249 | op=SEND_HEARTBEAT {datanodeUUID=f3091307-9c6d-4cf5-b619-8e6cca6f84c9, command=[]} | ret=SUCCESS |  
2019-08-29 08:26:41,817 | INFO  | SCMAudit | user=jenkins1000 | ip=192.168.157.249 | op=SEND_HEARTBEAT {datanodeUUID=24081c8f-d316-435d-a792-3431bfeb71b1, command=[]} | ret=SUCCESS |  
2019-08-29 08:26:41,822 | INFO  | SCMAudit | user=jenkins1000 | ip=192.168.157.249 | op=SEND_HEARTBEAT {datanodeUUID=500162f5-df4c-43d4-be22-b16b483ed3b9, command=[]} | ret=SUCCESS |  
2019-08-29 08:26:41,855 | INFO  | SCMAudit | user=jenkins1000 | ip=192.168.157.249 | op=SEND_HEARTBEAT {datanodeUUID=b3ac43d0-c6e0-46d8-bcc9-9ad695550644, command=[]} | ret=SUCCESS |  
2019-08-29 08:26:41,997 | INFO  | SCMAudit | user=jenkins1000 | ip=192.168.157.249 | op=SEND_HEARTBEAT {datanodeUUID=35f04ff1-b93c-4ae0-b494-c5f2981bb056, command=[]} | ret=SUCCESS |  
2019-08-29 08:26:42,716 | INFO  | SCMAudit | user=jenkins1000 | ip=192.168.157.249 | op=SEND_HEARTBEAT {datanodeUUID=6d68ca61-c219-4724-b8bb-ddcd01f258b2, command=[]} | ret=SUCCESS |  
2019-08-29 08:26:42,782 | INFO  | SCMAudit | user=jenkins1000 | ip=192.168.157.249 | op=SEND_HEARTBEAT {datanodeUUID=2cd21838-1a98-4748-8882-d7146563928a, command=[]} | ret=SUCCESS |  
2019-08-29 08:26:42,784 | INFO  | SCMAudit | user=jenkins1000 | ip=192.168.157.249 | op=SEND_HEARTBEAT {datanodeUUID=f3091307-9c6d-4cf5-b619-8e6cca6f84c9, command=[]} | ret=SUCCESS |  
2019-08-29 08:26:42,817 | INFO  | SCMAudit | user=jenkins1000 | ip=192.168.157.249 | op=SEND_HEARTBEAT {datanodeUUID=24081c8f-d316-435d-a792-3431bfeb71b1, command=[]} | ret=SUCCESS |  
2019-08-29 08:26:42,824 | INFO  | SCMAudit | user=jenkins1000 | ip=192.168.157.249 | op=SEND_HEARTBEAT {datanodeUUID=500162f5-df4c-43d4-be22-b16b483ed3b9, command=[]} | ret=SUCCESS |  
2019-08-29 08:26:42,855 | INFO  | SCMAudit | user=jenkins1000 | ip=192.168.157.249 | op=SEND_HEARTBEAT {datanodeUUID=b3ac43d0-c6e0-46d8-bcc9-9ad695550644, command=[]} | ret=SUCCESS |  
2019-08-29 08:26:42,997 | INFO  | SCMAudit | user=jenkins1000 | ip=192.168.157.249 | op=SEND_HEARTBEAT {datanodeUUID=35f04ff1-b93c-4ae0-b494-c5f2981bb056, command=[]} | ret=SUCCESS |  
2019-08-29 08:26:43,716 | INFO  | SCMAudit | user=jenkins1000 | ip=192.168.157.249 | op=SEND_HEARTBEAT {datanodeUUID=6d68ca61-c219-4724-b8bb-ddcd01f258b2, command=[]} | ret=SUCCESS |  
2019-08-29 08:26:43,782 | INFO  | SCMAudit | user=jenkins1000 | ip=192.168.157.249 | op=SEND_HEARTBEAT {datanodeUUID=2cd21838-1a98-4748-8882-d7146563928a, command=[]} | ret=SUCCESS |  
2019-08-29 08:26:43,784 | INFO  | SCMAudit | user=jenkins1000 | ip=192.168.157.249 | op=SEND_HEARTBEAT {datanodeUUID=f3091307-9c6d-4cf5-b619-8e6cca6f84c9, command=[]} | ret=SUCCESS |  
2019-08-29 08:26:43,817 | INFO  | SCMAudit | user=jenkins1000 | ip=192.168.157.249 | op=SEND_HEARTBEAT {datanodeUUID=24081c8f-d316-435d-a792-3431bfeb71b1, command=[]} | ret=SUCCESS |  
2019-08-29 08:26:43,823 | INFO  | SCMAudit | user=jenkins1000 | ip=192.168.157.249 | op=SEND_HEARTBEAT {datanodeUUID=500162f5-df4c-43d4-be22-b16b483ed3b9, command=[]} | ret=SUCCESS |  
2019-08-29 08:26:43,855 | INFO  | SCMAudit | user=jenkins1000 | ip=192.168.157.249 | op=SEND_HEARTBEAT {datanodeUUID=b3ac43d0-c6e0-46d8-bcc9-9ad695550644, command=[]} | ret=SUCCESS |  
2019-08-29 08:26:43,998 | INFO  | SCMAudit | user=jenkins1000 | ip=192.168.157.249 | op=SEND_HEARTBEAT {datanodeUUID=35f04ff1-b93c-4ae0-b494-c5f2981bb056, command=[]} | ret=SUCCESS |  
2019-08-29 08:26:44,716 | INFO  | SCMAudit | user=jenkins1000 | ip=192.168.157.249 | op=SEND_HEARTBEAT {datanodeUUID=6d68ca61-c219-4724-b8bb-ddcd01f258b2, command=[]} | ret=SUCCESS |  
2019-08-29 08:26:44,761 [grpc-default-executor-2] INFO  client.GrpcClientProtocolClient (GrpcClientProtocolClient.java:onNext(255)) - client-56A4EE866ECF->500162f5-df4c-43d4-be22-b16b483ed3b9: receive RaftClientReply:client-56A4EE866ECF->500162f5-df4c-43d4-be22-b16b483ed3b9@group-273770D6E455, cid=45, FAILED org.apache.ratis.protocol.NotLeaderException: Server 500162f5-df4c-43d4-be22-b16b483ed3b9 is not the leader (2cd21838-1a98-4748-8882-d7146563928a:192.168.157.249:40808). Request must be sent to leader., logIndex=0, commits[500162f5-df4c-43d4-be22-b16b483ed3b9:c8, 2cd21838-1a98-4748-8882-d7146563928a:c8, 24081c8f-d316-435d-a792-3431bfeb71b1:c8]
2019-08-29 08:26:44,782 | INFO  | SCMAudit | user=jenkins1000 | ip=192.168.157.249 | op=SEND_HEARTBEAT {datanodeUUID=2cd21838-1a98-4748-8882-d7146563928a, command=[]} | ret=SUCCESS |  
2019-08-29 08:26:44,785 | INFO  | SCMAudit | user=jenkins1000 | ip=192.168.157.249 | op=SEND_HEARTBEAT {datanodeUUID=f3091307-9c6d-4cf5-b619-8e6cca6f84c9, command=[]} | ret=SUCCESS |  
2019-08-29 08:26:44,817 | INFO  | SCMAudit | user=jenkins1000 | ip=192.168.157.249 | op=SEND_HEARTBEAT {datanodeUUID=24081c8f-d316-435d-a792-3431bfeb71b1, command=[]} | ret=SUCCESS |  
2019-08-29 08:26:44,824 | INFO  | SCMAudit | user=jenkins1000 | ip=192.168.157.249 | op=SEND_HEARTBEAT {datanodeUUID=500162f5-df4c-43d4-be22-b16b483ed3b9, command=[]} | ret=SUCCESS |  
2019-08-29 08:26:44,856 | INFO  | SCMAudit | user=jenkins1000 | ip=192.168.157.249 | op=SEND_HEARTBEAT {datanodeUUID=b3ac43d0-c6e0-46d8-bcc9-9ad695550644, command=[]} | ret=SUCCESS |  
2019-08-29 08:26:44,997 | INFO  | SCMAudit | user=jenkins1000 | ip=192.168.157.249 | op=SEND_HEARTBEAT {datanodeUUID=35f04ff1-b93c-4ae0-b494-c5f2981bb056, command=[]} | ret=SUCCESS |  
2019-08-29 08:26:45,716 | INFO  | SCMAudit | user=jenkins1000 | ip=192.168.157.249 | op=SEND_HEARTBEAT {datanodeUUID=6d68ca61-c219-4724-b8bb-ddcd01f258b2, command=[]} | ret=SUCCESS |  
2019-08-29 08:26:45,783 | INFO  | SCMAudit | user=jenkins1000 | ip=192.168.157.249 | op=SEND_HEARTBEAT {datanodeUUID=2cd21838-1a98-4748-8882-d7146563928a, command=[]} | ret=SUCCESS |  
2019-08-29 08:26:45,785 | INFO  | SCMAudit | user=jenkins1000 | ip=192.168.157.249 | op=SEND_HEARTBEAT {datanodeUUID=f3091307-9c6d-4cf5-b619-8e6cca6f84c9, command=[]} | ret=SUCCESS |  
2019-08-29 08:26:45,817 | INFO  | SCMAudit | user=jenkins1000 | ip=192.168.157.249 | op=SEND_HEARTBEAT {datanodeUUID=24081c8f-d316-435d-a792-3431bfeb71b1, command=[]} | ret=SUCCESS |  
2019-08-29 08:26:45,824 | INFO  | SCMAudit | user=jenkins1000 | ip=192.168.157.249 | op=SEND_HEARTBEAT {datanodeUUID=500162f5-df4c-43d4-be22-b16b483ed3b9, command=[]} | ret=SUCCESS |  
2019-08-29 08:26:45,855 | INFO  | SCMAudit | user=jenkins1000 | ip=192.168.157.249 | op=SEND_HEARTBEAT {datanodeUUID=b3ac43d0-c6e0-46d8-bcc9-9ad695550644, command=[]} | ret=SUCCESS |  
2019-08-29 08:26:45,997 | INFO  | SCMAudit | user=jenkins1000 | ip=192.168.157.249 | op=SEND_HEARTBEAT {datanodeUUID=35f04ff1-b93c-4ae0-b494-c5f2981bb056, command=[]} | ret=SUCCESS |  
2019-08-29 08:26:46,717 | INFO  | SCMAudit | user=jenkins1000 | ip=192.168.157.249 | op=SEND_HEARTBEAT {datanodeUUID=6d68ca61-c219-4724-b8bb-ddcd01f258b2, command=[]} | ret=SUCCESS |  
2019-08-29 08:26:46,782 | INFO  | SCMAudit | user=jenkins1000 | ip=192.168.157.249 | op=SEND_HEARTBEAT {datanodeUUID=2cd21838-1a98-4748-8882-d7146563928a, command=[]} | ret=SUCCESS |  
2019-08-29 08:26:46,786 | INFO  | SCMAudit | user=jenkins1000 | ip=192.168.157.249 | op=SEND_HEARTBEAT {datanodeUUID=f3091307-9c6d-4cf5-b619-8e6cca6f84c9, command=[]} | ret=SUCCESS |  
2019-08-29 08:26:46,817 | INFO  | SCMAudit | user=jenkins1000 | ip=192.168.157.249 | op=SEND_HEARTBEAT {datanodeUUID=24081c8f-d316-435d-a792-3431bfeb71b1, command=[]} | ret=SUCCESS |  
2019-08-29 08:26:46,824 | INFO  | SCMAudit | user=jenkins1000 | ip=192.168.157.249 | op=SEND_HEARTBEAT {datanodeUUID=500162f5-df4c-43d4-be22-b16b483ed3b9, command=[]} | ret=SUCCESS |  
2019-08-29 08:26:46,855 | INFO  | SCMAudit | user=jenkins1000 | ip=192.168.157.249 | op=SEND_HEARTBEAT {datanodeUUID=b3ac43d0-c6e0-46d8-bcc9-9ad695550644, command=[]} | ret=SUCCESS |  
2019-08-29 08:26:46,998 | INFO  | SCMAudit | user=jenkins1000 | ip=192.168.157.249 | op=SEND_HEARTBEAT {datanodeUUID=35f04ff1-b93c-4ae0-b494-c5f2981bb056, command=[]} | ret=SUCCESS |  
2019-08-29 08:26:47,717 | INFO  | SCMAudit | user=jenkins1000 | ip=192.168.157.249 | op=SEND_HEARTBEAT {datanodeUUID=6d68ca61-c219-4724-b8bb-ddcd01f258b2, command=[]} | ret=SUCCESS |  
2019-08-29 08:26:47,782 | INFO  | SCMAudit | user=jenkins1000 | ip=192.168.157.249 | op=SEND_HEARTBEAT {datanodeUUID=2cd21838-1a98-4748-8882-d7146563928a, command=[]} | ret=SUCCESS |  
2019-08-29 08:26:47,786 | INFO  | SCMAudit | user=jenkins1000 | ip=192.168.157.249 | op=SEND_HEARTBEAT {datanodeUUID=f3091307-9c6d-4cf5-b619-8e6cca6f84c9, command=[]} | ret=SUCCESS |  
2019-08-29 08:26:47,817 | INFO  | SCMAudit | user=jenkins1000 | ip=192.168.157.249 | op=SEND_HEARTBEAT {datanodeUUID=24081c8f-d316-435d-a792-3431bfeb71b1, command=[]} | ret=SUCCESS |  
2019-08-29 08:26:47,824 | INFO  | SCMAudit | user=jenkins1000 | ip=192.168.157.249 | op=SEND_HEARTBEAT {datanodeUUID=500162f5-df4c-43d4-be22-b16b483ed3b9, command=[]} | ret=SUCCESS |  
2019-08-29 08:26:47,855 | INFO  | SCMAudit | user=jenkins1000 | ip=192.168.157.249 | op=SEND_HEARTBEAT {datanodeUUID=b3ac43d0-c6e0-46d8-bcc9-9ad695550644, command=[]} | ret=SUCCESS |  
2019-08-29 08:26:47,998 | INFO  | SCMAudit | user=jenkins1000 | ip=192.168.157.249 | op=SEND_HEARTBEAT {datanodeUUID=35f04ff1-b93c-4ae0-b494-c5f2981bb056, command=[]} | ret=SUCCESS |  
2019-08-29 08:26:48,717 | INFO  | SCMAudit | user=jenkins1000 | ip=192.168.157.249 | op=SEND_HEARTBEAT {datanodeUUID=6d68ca61-c219-4724-b8bb-ddcd01f258b2, command=[]} | ret=SUCCESS |  
2019-08-29 08:26:48,782 | INFO  | SCMAudit | user=jenkins1000 | ip=192.168.157.249 | op=SEND_HEARTBEAT {datanodeUUID=2cd21838-1a98-4748-8882-d7146563928a, command=[]} | ret=SUCCESS |  
2019-08-29 08:26:48,797 | INFO  | SCMAudit | user=jenkins1000 | ip=192.168.157.249 | op=SEND_HEARTBEAT {datanodeUUID=f3091307-9c6d-4cf5-b619-8e6cca6f84c9, command=[]} | ret=SUCCESS |  
2019-08-29 08:26:48,817 | INFO  | SCMAudit | user=jenkins1000 | ip=192.168.157.249 | op=SEND_HEARTBEAT {datanodeUUID=24081c8f-d316-435d-a792-3431bfeb71b1, command=[]} | ret=SUCCESS |  
2019-08-29 08:26:48,824 | INFO  | SCMAudit | user=jenkins1000 | ip=192.168.157.249 | op=SEND_HEARTBEAT {datanodeUUID=500162f5-df4c-43d4-be22-b16b483ed3b9, command=[]} | ret=SUCCESS |  
2019-08-29 08:26:48,855 | INFO  | SCMAudit | user=jenkins1000 | ip=192.168.157.249 | op=SEND_HEARTBEAT {datanodeUUID=b3ac43d0-c6e0-46d8-bcc9-9ad695550644, command=[]} | ret=SUCCESS |  
2019-08-29 08:26:48,998 | INFO  | SCMAudit | user=jenkins1000 | ip=192.168.157.249 | op=SEND_HEARTBEAT {datanodeUUID=35f04ff1-b93c-4ae0-b494-c5f2981bb056, command=[]} | ret=SUCCESS |  
2019-08-29 08:26:49,718 | INFO  | SCMAudit | user=jenkins1000 | ip=192.168.157.249 | op=SEND_HEARTBEAT {datanodeUUID=6d68ca61-c219-4724-b8bb-ddcd01f258b2, command=[]} | ret=SUCCESS |  
2019-08-29 08:26:49,782 | INFO  | SCMAudit | user=jenkins1000 | ip=192.168.157.249 | op=SEND_HEARTBEAT {datanodeUUID=2cd21838-1a98-4748-8882-d7146563928a, command=[]} | ret=SUCCESS |  
2019-08-29 08:26:49,797 | INFO  | SCMAudit | user=jenkins1000 | ip=192.168.157.249 | op=SEND_HEARTBEAT {datanodeUUID=f3091307-9c6d-4cf5-b619-8e6cca6f84c9, command=[]} | ret=SUCCESS |  
2019-08-29 08:26:49,818 | INFO  | SCMAudit | user=jenkins1000 | ip=192.168.157.249 | op=SEND_HEARTBEAT {datanodeUUID=24081c8f-d316-435d-a792-3431bfeb71b1, command=[]} | ret=SUCCESS |  
2019-08-29 08:26:49,818 [grpc-default-executor-2] INFO  client.GrpcClientProtocolClient (GrpcClientProtocolClient.java:onNext(255)) - client-56A4EE866ECF->24081c8f-d316-435d-a792-3431bfeb71b1: receive RaftClientReply:client-56A4EE866ECF->24081c8f-d316-435d-a792-3431bfeb71b1@group-273770D6E455, cid=45, FAILED org.apache.ratis.protocol.NotLeaderException: Server 24081c8f-d316-435d-a792-3431bfeb71b1 is not the leader (2cd21838-1a98-4748-8882-d7146563928a:192.168.157.249:40808). Request must be sent to leader., logIndex=0, commits[24081c8f-d316-435d-a792-3431bfeb71b1:c8, 2cd21838-1a98-4748-8882-d7146563928a:c8, 500162f5-df4c-43d4-be22-b16b483ed3b9:c8]
2019-08-29 08:26:49,828 | INFO  | SCMAudit | user=jenkins1000 | ip=192.168.157.249 | op=SEND_HEARTBEAT {datanodeUUID=500162f5-df4c-43d4-be22-b16b483ed3b9, command=[]} | ret=SUCCESS |  
2019-08-29 08:26:49,855 | INFO  | SCMAudit | user=jenkins1000 | ip=192.168.157.249 | op=SEND_HEARTBEAT {datanodeUUID=b3ac43d0-c6e0-46d8-bcc9-9ad695550644, command=[]} | ret=SUCCESS |  
2019-08-29 08:26:49,999 | INFO  | SCMAudit | user=jenkins1000 | ip=192.168.157.249 | op=SEND_HEARTBEAT {datanodeUUID=35f04ff1-b93c-4ae0-b494-c5f2981bb056, command=[]} | ret=SUCCESS |  
2019-08-29 08:26:50,718 | INFO  | SCMAudit | user=jenkins1000 | ip=192.168.157.249 | op=SEND_HEARTBEAT {datanodeUUID=6d68ca61-c219-4724-b8bb-ddcd01f258b2, command=[]} | ret=SUCCESS |  
2019-08-29 08:26:50,782 | INFO  | SCMAudit | user=jenkins1000 | ip=192.168.157.249 | op=SEND_HEARTBEAT {datanodeUUID=2cd21838-1a98-4748-8882-d7146563928a, command=[]} | ret=SUCCESS |  
2019-08-29 08:26:50,798 | INFO  | SCMAudit | user=jenkins1000 | ip=192.168.157.249 | op=SEND_HEARTBEAT {datanodeUUID=f3091307-9c6d-4cf5-b619-8e6cca6f84c9, command=[]} | ret=SUCCESS |  
2019-08-29 08:26:50,818 | INFO  | SCMAudit | user=jenkins1000 | ip=192.168.157.249 | op=SEND_HEARTBEAT {datanodeUUID=24081c8f-d316-435d-a792-3431bfeb71b1, command=[]} | ret=SUCCESS |  
2019-08-29 08:26:50,827 | INFO  | SCMAudit | user=jenkins1000 | ip=192.168.157.249 | op=SEND_HEARTBEAT {datanodeUUID=500162f5-df4c-43d4-be22-b16b483ed3b9, command=[]} | ret=SUCCESS |  
2019-08-29 08:26:50,855 | INFO  | SCMAudit | user=jenkins1000 | ip=192.168.157.249 | op=SEND_HEARTBEAT {datanodeUUID=b3ac43d0-c6e0-46d8-bcc9-9ad695550644, command=[]} | ret=SUCCESS |  
2019-08-29 08:26:50,998 | INFO  | SCMAudit | user=jenkins1000 | ip=192.168.157.249 | op=SEND_HEARTBEAT {datanodeUUID=35f04ff1-b93c-4ae0-b494-c5f2981bb056, command=[]} | ret=SUCCESS |  
2019-08-29 08:26:51,718 | INFO  | SCMAudit | user=jenkins1000 | ip=192.168.157.249 | op=SEND_HEARTBEAT {datanodeUUID=6d68ca61-c219-4724-b8bb-ddcd01f258b2, command=[]} | ret=SUCCESS |  
2019-08-29 08:26:51,783 | INFO  | SCMAudit | user=jenkins1000 | ip=192.168.157.249 | op=SEND_HEARTBEAT {datanodeUUID=2cd21838-1a98-4748-8882-d7146563928a, command=[]} | ret=SUCCESS |  
2019-08-29 08:26:51,798 | INFO  | SCMAudit | user=jenkins1000 | ip=192.168.157.249 | op=SEND_HEARTBEAT {datanodeUUID=f3091307-9c6d-4cf5-b619-8e6cca6f84c9, command=[]} | ret=SUCCESS |  
2019-08-29 08:26:51,818 | INFO  | SCMAudit | user=jenkins1000 | ip=192.168.157.249 | op=SEND_HEARTBEAT {datanodeUUID=24081c8f-d316-435d-a792-3431bfeb71b1, command=[]} | ret=SUCCESS |  
2019-08-29 08:26:51,827 | INFO  | SCMAudit | user=jenkins1000 | ip=192.168.157.249 | op=SEND_HEARTBEAT {datanodeUUID=500162f5-df4c-43d4-be22-b16b483ed3b9, command=[]} | ret=SUCCESS |  
2019-08-29 08:26:51,855 | INFO  | SCMAudit | user=jenkins1000 | ip=192.168.157.249 | op=SEND_HEARTBEAT {datanodeUUID=b3ac43d0-c6e0-46d8-bcc9-9ad695550644, command=[]} | ret=SUCCESS |  
2019-08-29 08:26:51,999 | INFO  | SCMAudit | user=jenkins1000 | ip=192.168.157.249 | op=SEND_HEARTBEAT {datanodeUUID=35f04ff1-b93c-4ae0-b494-c5f2981bb056, command=[]} | ret=SUCCESS |  
2019-08-29 08:26:52,718 | INFO  | SCMAudit | user=jenkins1000 | ip=192.168.157.249 | op=SEND_HEARTBEAT {datanodeUUID=6d68ca61-c219-4724-b8bb-ddcd01f258b2, command=[]} | ret=SUCCESS |  
2019-08-29 08:26:52,783 | INFO  | SCMAudit | user=jenkins1000 | ip=192.168.157.249 | op=SEND_HEARTBEAT {datanodeUUID=2cd21838-1a98-4748-8882-d7146563928a, command=[]} | ret=SUCCESS |  
2019-08-29 08:26:52,798 | INFO  | SCMAudit | user=jenkins1000 | ip=192.168.157.249 | op=SEND_HEARTBEAT {datanodeUUID=f3091307-9c6d-4cf5-b619-8e6cca6f84c9, command=[]} | ret=SUCCESS |  
2019-08-29 08:26:52,818 | INFO  | SCMAudit | user=jenkins1000 | ip=192.168.157.249 | op=SEND_HEARTBEAT {datanodeUUID=24081c8f-d316-435d-a792-3431bfeb71b1, command=[]} | ret=SUCCESS |  
2019-08-29 08:26:52,827 | INFO  | SCMAudit | user=jenkins1000 | ip=192.168.157.249 | op=SEND_HEARTBEAT {datanodeUUID=500162f5-df4c-43d4-be22-b16b483ed3b9, command=[]} | ret=SUCCESS |  
2019-08-29 08:26:52,855 | INFO  | SCMAudit | user=jenkins1000 | ip=192.168.157.249 | op=SEND_HEARTBEAT {datanodeUUID=b3ac43d0-c6e0-46d8-bcc9-9ad695550644, command=[]} | ret=SUCCESS |  
2019-08-29 08:26:52,999 | INFO  | SCMAudit | user=jenkins1000 | ip=192.168.157.249 | op=SEND_HEARTBEAT {datanodeUUID=35f04ff1-b93c-4ae0-b494-c5f2981bb056, command=[]} | ret=SUCCESS |  
2019-08-29 08:26:53,718 | INFO  | SCMAudit | user=jenkins1000 | ip=192.168.157.249 | op=SEND_HEARTBEAT {datanodeUUID=6d68ca61-c219-4724-b8bb-ddcd01f258b2, command=[]} | ret=SUCCESS |  
2019-08-29 08:26:53,783 | INFO  | SCMAudit | user=jenkins1000 | ip=192.168.157.249 | op=SEND_HEARTBEAT {datanodeUUID=2cd21838-1a98-4748-8882-d7146563928a, command=[]} | ret=SUCCESS |  
2019-08-29 08:26:53,798 | INFO  | SCMAudit | user=jenkins1000 | ip=192.168.157.249 | op=SEND_HEARTBEAT {datanodeUUID=f3091307-9c6d-4cf5-b619-8e6cca6f84c9, command=[]} | ret=SUCCESS |  
2019-08-29 08:26:53,818 | INFO  | SCMAudit | user=jenkins1000 | ip=192.168.157.249 | op=SEND_HEARTBEAT {datanodeUUID=24081c8f-d316-435d-a792-3431bfeb71b1, command=[]} | ret=SUCCESS |  
2019-08-29 08:26:53,827 | INFO  | SCMAudit | user=jenkins1000 | ip=192.168.157.249 | op=SEND_HEARTBEAT {datanodeUUID=500162f5-df4c-43d4-be22-b16b483ed3b9, command=[]} | ret=SUCCESS |  
2019-08-29 08:26:53,856 | INFO  | SCMAudit | user=jenkins1000 | ip=192.168.157.249 | op=SEND_HEARTBEAT {datanodeUUID=b3ac43d0-c6e0-46d8-bcc9-9ad695550644, command=[]} | ret=SUCCESS |  
2019-08-29 08:26:53,999 | INFO  | SCMAudit | user=jenkins1000 | ip=192.168.157.249 | op=SEND_HEARTBEAT {datanodeUUID=35f04ff1-b93c-4ae0-b494-c5f2981bb056, command=[]} | ret=SUCCESS |  
2019-08-29 08:26:54,719 | INFO  | SCMAudit | user=jenkins1000 | ip=192.168.157.249 | op=SEND_HEARTBEAT {datanodeUUID=6d68ca61-c219-4724-b8bb-ddcd01f258b2, command=[]} | ret=SUCCESS |  
2019-08-29 08:26:54,783 | INFO  | SCMAudit | user=jenkins1000 | ip=192.168.157.249 | op=SEND_HEARTBEAT {datanodeUUID=2cd21838-1a98-4748-8882-d7146563928a, command=[]} | ret=SUCCESS |  
2019-08-29 08:26:54,798 | INFO  | SCMAudit | user=jenkins1000 | ip=192.168.157.249 | op=SEND_HEARTBEAT {datanodeUUID=f3091307-9c6d-4cf5-b619-8e6cca6f84c9, command=[]} | ret=SUCCESS |  
2019-08-29 08:26:54,818 | INFO  | SCMAudit | user=jenkins1000 | ip=192.168.157.249 | op=SEND_HEARTBEAT {datanodeUUID=24081c8f-d316-435d-a792-3431bfeb71b1, command=[]} | ret=SUCCESS |  
2019-08-29 08:26:54,827 | INFO  | SCMAudit | user=jenkins1000 | ip=192.168.157.249 | op=SEND_HEARTBEAT {datanodeUUID=500162f5-df4c-43d4-be22-b16b483ed3b9, command=[]} | ret=SUCCESS |  
2019-08-29 08:26:54,855 | INFO  | SCMAudit | user=jenkins1000 | ip=192.168.157.249 | op=SEND_HEARTBEAT {datanodeUUID=b3ac43d0-c6e0-46d8-bcc9-9ad695550644, command=[]} | ret=SUCCESS |  
2019-08-29 08:26:54,867 [grpc-default-executor-2] INFO  client.GrpcClientProtocolClient (GrpcClientProtocolClient.java:onNext(255)) - client-56A4EE866ECF->500162f5-df4c-43d4-be22-b16b483ed3b9: receive RaftClientReply:client-56A4EE866ECF->500162f5-df4c-43d4-be22-b16b483ed3b9@group-273770D6E455, cid=45, FAILED org.apache.ratis.protocol.NotLeaderException: Server 500162f5-df4c-43d4-be22-b16b483ed3b9 is not the leader (2cd21838-1a98-4748-8882-d7146563928a:192.168.157.249:40808). Request must be sent to leader., logIndex=0, commits[500162f5-df4c-43d4-be22-b16b483ed3b9:c8, 2cd21838-1a98-4748-8882-d7146563928a:c8, 24081c8f-d316-435d-a792-3431bfeb71b1:c8]
2019-08-29 08:26:54,999 | INFO  | SCMAudit | user=jenkins1000 | ip=192.168.157.249 | op=SEND_HEARTBEAT {datanodeUUID=35f04ff1-b93c-4ae0-b494-c5f2981bb056, command=[]} | ret=SUCCESS |  
2019-08-29 08:26:55,719 | INFO  | SCMAudit | user=jenkins1000 | ip=192.168.157.249 | op=SEND_HEARTBEAT {datanodeUUID=6d68ca61-c219-4724-b8bb-ddcd01f258b2, command=[]} | ret=SUCCESS |  
2019-08-29 08:26:55,783 | INFO  | SCMAudit | user=jenkins1000 | ip=192.168.157.249 | op=SEND_HEARTBEAT {datanodeUUID=2cd21838-1a98-4748-8882-d7146563928a, command=[]} | ret=SUCCESS |  
2019-08-29 08:26:55,798 | INFO  | SCMAudit | user=jenkins1000 | ip=192.168.157.249 | op=SEND_HEARTBEAT {datanodeUUID=f3091307-9c6d-4cf5-b619-8e6cca6f84c9, command=[]} | ret=SUCCESS |  
2019-08-29 08:26:55,818 | INFO  | SCMAudit | user=jenkins1000 | ip=192.168.157.249 | op=SEND_HEARTBEAT {datanodeUUID=24081c8f-d316-435d-a792-3431bfeb71b1, command=[]} | ret=SUCCESS |  
2019-08-29 08:26:55,827 | INFO  | SCMAudit | user=jenkins1000 | ip=192.168.157.249 | op=SEND_HEARTBEAT {datanodeUUID=500162f5-df4c-43d4-be22-b16b483ed3b9, command=[]} | ret=SUCCESS |  
2019-08-29 08:26:55,855 | INFO  | SCMAudit | user=jenkins1000 | ip=192.168.157.249 | op=SEND_HEARTBEAT {datanodeUUID=b3ac43d0-c6e0-46d8-bcc9-9ad695550644, command=[]} | ret=SUCCESS |  
2019-08-29 08:26:55,999 | INFO  | SCMAudit | user=jenkins1000 | ip=192.168.157.249 | op=SEND_HEARTBEAT {datanodeUUID=35f04ff1-b93c-4ae0-b494-c5f2981bb056, command=[]} | ret=SUCCESS |  
2019-08-29 08:26:56,719 | INFO  | SCMAudit | user=jenkins1000 | ip=192.168.157.249 | op=SEND_HEARTBEAT {datanodeUUID=6d68ca61-c219-4724-b8bb-ddcd01f258b2, command=[]} | ret=SUCCESS |  
2019-08-29 08:26:56,783 | INFO  | SCMAudit | user=jenkins1000 | ip=192.168.157.249 | op=SEND_HEARTBEAT {datanodeUUID=2cd21838-1a98-4748-8882-d7146563928a, command=[]} | ret=SUCCESS |  
2019-08-29 08:26:56,798 | INFO  | SCMAudit | user=jenkins1000 | ip=192.168.157.249 | op=SEND_HEARTBEAT {datanodeUUID=f3091307-9c6d-4cf5-b619-8e6cca6f84c9, command=[]} | ret=SUCCESS |  
2019-08-29 08:26:56,818 | INFO  | SCMAudit | user=jenkins1000 | ip=192.168.157.249 | op=SEND_HEARTBEAT {datanodeUUID=24081c8f-d316-435d-a792-3431bfeb71b1, command=[]} | ret=SUCCESS |  
2019-08-29 08:26:56,827 | INFO  | SCMAudit | user=jenkins1000 | ip=192.168.157.249 | op=SEND_HEARTBEAT {datanodeUUID=500162f5-df4c-43d4-be22-b16b483ed3b9, command=[]} | ret=SUCCESS |  
2019-08-29 08:26:56,855 | INFO  | SCMAudit | user=jenkins1000 | ip=192.168.157.249 | op=SEND_HEARTBEAT {datanodeUUID=b3ac43d0-c6e0-46d8-bcc9-9ad695550644, command=[]} | ret=SUCCESS |  
2019-08-29 08:26:57,000 | INFO  | SCMAudit | user=jenkins1000 | ip=192.168.157.249 | op=SEND_HEARTBEAT {datanodeUUID=35f04ff1-b93c-4ae0-b494-c5f2981bb056, command=[]} | ret=SUCCESS |  
2019-08-29 08:26:57,720 | INFO  | SCMAudit | user=jenkins1000 | ip=192.168.157.249 | op=SEND_HEARTBEAT {datanodeUUID=6d68ca61-c219-4724-b8bb-ddcd01f258b2, command=[]} | ret=SUCCESS |  
2019-08-29 08:26:57,785 | INFO  | SCMAudit | user=jenkins1000 | ip=192.168.157.249 | op=SEND_HEARTBEAT {datanodeUUID=2cd21838-1a98-4748-8882-d7146563928a, command=[]} | ret=SUCCESS |  
2019-08-29 08:26:57,798 | INFO  | SCMAudit | user=jenkins1000 | ip=192.168.157.249 | op=SEND_HEARTBEAT {datanodeUUID=f3091307-9c6d-4cf5-b619-8e6cca6f84c9, command=[]} | ret=SUCCESS |  
2019-08-29 08:26:57,818 | INFO  | SCMAudit | user=jenkins1000 | ip=192.168.157.249 | op=SEND_HEARTBEAT {datanodeUUID=24081c8f-d316-435d-a792-3431bfeb71b1, command=[]} | ret=SUCCESS |  
2019-08-29 08:26:57,827 | INFO  | SCMAudit | user=jenkins1000 | ip=192.168.157.249 | op=SEND_HEARTBEAT {datanodeUUID=500162f5-df4c-43d4-be22-b16b483ed3b9, command=[]} | ret=SUCCESS |  
2019-08-29 08:26:57,855 | INFO  | SCMAudit | user=jenkins1000 | ip=192.168.157.249 | op=SEND_HEARTBEAT {datanodeUUID=b3ac43d0-c6e0-46d8-bcc9-9ad695550644, command=[]} | ret=SUCCESS |  
2019-08-29 08:26:57,999 | INFO  | SCMAudit | user=jenkins1000 | ip=192.168.157.249 | op=SEND_HEARTBEAT {datanodeUUID=35f04ff1-b93c-4ae0-b494-c5f2981bb056, command=[]} | ret=SUCCESS |  
2019-08-29 08:26:58,719 | INFO  | SCMAudit | user=jenkins1000 | ip=192.168.157.249 | op=SEND_HEARTBEAT {datanodeUUID=6d68ca61-c219-4724-b8bb-ddcd01f258b2, command=[]} | ret=SUCCESS |  
2019-08-29 08:26:58,784 | INFO  | SCMAudit | user=jenkins1000 | ip=192.168.157.249 | op=SEND_HEARTBEAT {datanodeUUID=2cd21838-1a98-4748-8882-d7146563928a, command=[]} | ret=SUCCESS |  
2019-08-29 08:26:58,798 | INFO  | SCMAudit | user=jenkins1000 | ip=192.168.157.249 | op=SEND_HEARTBEAT {datanodeUUID=f3091307-9c6d-4cf5-b619-8e6cca6f84c9, command=[]} | ret=SUCCESS |  
2019-08-29 08:26:58,818 | INFO  | SCMAudit | user=jenkins1000 | ip=192.168.157.249 | op=SEND_HEARTBEAT {datanodeUUID=24081c8f-d316-435d-a792-3431bfeb71b1, command=[]} | ret=SUCCESS |  
2019-08-29 08:26:58,827 | INFO  | SCMAudit | user=jenkins1000 | ip=192.168.157.249 | op=SEND_HEARTBEAT {datanodeUUID=500162f5-df4c-43d4-be22-b16b483ed3b9, command=[]} | ret=SUCCESS |  
2019-08-29 08:26:58,855 | INFO  | SCMAudit | user=jenkins1000 | ip=192.168.157.249 | op=SEND_HEARTBEAT {datanodeUUID=b3ac43d0-c6e0-46d8-bcc9-9ad695550644, command=[]} | ret=SUCCESS |  
2019-08-29 08:26:58,999 | INFO  | SCMAudit | user=jenkins1000 | ip=192.168.157.249 | op=SEND_HEARTBEAT {datanodeUUID=35f04ff1-b93c-4ae0-b494-c5f2981bb056, command=[]} | ret=SUCCESS |  
2019-08-29 08:26:59,719 | INFO  | SCMAudit | user=jenkins1000 | ip=192.168.157.249 | op=SEND_HEARTBEAT {datanodeUUID=6d68ca61-c219-4724-b8bb-ddcd01f258b2, command=[]} | ret=SUCCESS |  
2019-08-29 08:26:59,785 | INFO  | SCMAudit | user=jenkins1000 | ip=192.168.157.249 | op=SEND_HEARTBEAT {datanodeUUID=2cd21838-1a98-4748-8882-d7146563928a, command=[]} | ret=SUCCESS |  
2019-08-29 08:26:59,799 | INFO  | SCMAudit | user=jenkins1000 | ip=192.168.157.249 | op=SEND_HEARTBEAT {datanodeUUID=f3091307-9c6d-4cf5-b619-8e6cca6f84c9, command=[]} | ret=SUCCESS |  
2019-08-29 08:26:59,818 | INFO  | SCMAudit | user=jenkins1000 | ip=192.168.157.249 | op=SEND_HEARTBEAT {datanodeUUID=24081c8f-d316-435d-a792-3431bfeb71b1, command=[]} | ret=SUCCESS |  
2019-08-29 08:26:59,827 | INFO  | SCMAudit | user=jenkins1000 | ip=192.168.157.249 | op=SEND_HEARTBEAT {datanodeUUID=500162f5-df4c-43d4-be22-b16b483ed3b9, command=[]} | ret=SUCCESS |  
2019-08-29 08:26:59,855 | INFO  | SCMAudit | user=jenkins1000 | ip=192.168.157.249 | op=SEND_HEARTBEAT {datanodeUUID=b3ac43d0-c6e0-46d8-bcc9-9ad695550644, command=[]} | ret=SUCCESS |  
2019-08-29 08:26:59,929 [grpc-default-executor-2] INFO  client.GrpcClientProtocolClient (GrpcClientProtocolClient.java:onNext(255)) - client-56A4EE866ECF->24081c8f-d316-435d-a792-3431bfeb71b1: receive RaftClientReply:client-56A4EE866ECF->24081c8f-d316-435d-a792-3431bfeb71b1@group-273770D6E455, cid=45, FAILED org.apache.ratis.protocol.NotLeaderException: Server 24081c8f-d316-435d-a792-3431bfeb71b1 is not the leader (2cd21838-1a98-4748-8882-d7146563928a:192.168.157.249:40808). Request must be sent to leader., logIndex=0, commits[24081c8f-d316-435d-a792-3431bfeb71b1:c8, 2cd21838-1a98-4748-8882-d7146563928a:c8, 500162f5-df4c-43d4-be22-b16b483ed3b9:c8]
2019-08-29 08:26:59,999 | INFO  | SCMAudit | user=jenkins1000 | ip=192.168.157.249 | op=SEND_HEARTBEAT {datanodeUUID=35f04ff1-b93c-4ae0-b494-c5f2981bb056, command=[]} | ret=SUCCESS |  
2019-08-29 08:27:00,719 | INFO  | SCMAudit | user=jenkins1000 | ip=192.168.157.249 | op=SEND_HEARTBEAT {datanodeUUID=6d68ca61-c219-4724-b8bb-ddcd01f258b2, command=[]} | ret=SUCCESS |  
2019-08-29 08:27:00,786 | INFO  | SCMAudit | user=jenkins1000 | ip=192.168.157.249 | op=SEND_HEARTBEAT {datanodeUUID=2cd21838-1a98-4748-8882-d7146563928a, command=[]} | ret=SUCCESS |  
2019-08-29 08:27:00,798 | INFO  | SCMAudit | user=jenkins1000 | ip=192.168.157.249 | op=SEND_HEARTBEAT {datanodeUUID=f3091307-9c6d-4cf5-b619-8e6cca6f84c9, command=[]} | ret=SUCCESS |  
2019-08-29 08:27:00,818 | INFO  | SCMAudit | user=jenkins1000 | ip=192.168.157.249 | op=SEND_HEARTBEAT {datanodeUUID=24081c8f-d316-435d-a792-3431bfeb71b1, command=[]} | ret=SUCCESS |  
2019-08-29 08:27:00,827 | INFO  | SCMAudit | user=jenkins1000 | ip=192.168.157.249 | op=SEND_HEARTBEAT {datanodeUUID=500162f5-df4c-43d4-be22-b16b483ed3b9, command=[]} | ret=SUCCESS |  
2019-08-29 08:27:00,855 | INFO  | SCMAudit | user=jenkins1000 | ip=192.168.157.249 | op=SEND_HEARTBEAT {datanodeUUID=b3ac43d0-c6e0-46d8-bcc9-9ad695550644, command=[]} | ret=SUCCESS |  
2019-08-29 08:27:00,999 | INFO  | SCMAudit | user=jenkins1000 | ip=192.168.157.249 | op=SEND_HEARTBEAT {datanodeUUID=35f04ff1-b93c-4ae0-b494-c5f2981bb056, command=[]} | ret=SUCCESS |  
2019-08-29 08:27:01,720 | INFO  | SCMAudit | user=jenkins1000 | ip=192.168.157.249 | op=SEND_HEARTBEAT {datanodeUUID=6d68ca61-c219-4724-b8bb-ddcd01f258b2, command=[]} | ret=SUCCESS |  
2019-08-29 08:27:01,786 | INFO  | SCMAudit | user=jenkins1000 | ip=192.168.157.249 | op=SEND_HEARTBEAT {datanodeUUID=2cd21838-1a98-4748-8882-d7146563928a, command=[]} | ret=SUCCESS |  
2019-08-29 08:27:01,798 | INFO  | SCMAudit | user=jenkins1000 | ip=192.168.157.249 | op=SEND_HEARTBEAT {datanodeUUID=f3091307-9c6d-4cf5-b619-8e6cca6f84c9, command=[]} | ret=SUCCESS |  
2019-08-29 08:27:01,818 | INFO  | SCMAudit | user=jenkins1000 | ip=192.168.157.249 | op=SEND_HEARTBEAT {datanodeUUID=24081c8f-d316-435d-a792-3431bfeb71b1, command=[]} | ret=SUCCESS |  
2019-08-29 08:27:01,827 | INFO  | SCMAudit | user=jenkins1000 | ip=192.168.157.249 | op=SEND_HEARTBEAT {datanodeUUID=500162f5-df4c-43d4-be22-b16b483ed3b9, command=[]} | ret=SUCCESS |  
2019-08-29 08:27:01,855 | INFO  | SCMAudit | user=jenkins1000 | ip=192.168.157.249 | op=SEND_HEARTBEAT {datanodeUUID=b3ac43d0-c6e0-46d8-bcc9-9ad695550644, command=[]} | ret=SUCCESS |  
2019-08-29 08:27:01,999 | INFO  | SCMAudit | user=jenkins1000 | ip=192.168.157.249 | op=SEND_HEARTBEAT {datanodeUUID=35f04ff1-b93c-4ae0-b494-c5f2981bb056, command=[]} | ret=SUCCESS |  
2019-08-29 08:27:02,720 | INFO  | SCMAudit | user=jenkins1000 | ip=192.168.157.249 | op=SEND_HEARTBEAT {datanodeUUID=6d68ca61-c219-4724-b8bb-ddcd01f258b2, command=[]} | ret=SUCCESS |  
2019-08-29 08:27:02,786 | INFO  | SCMAudit | user=jenkins1000 | ip=192.168.157.249 | op=SEND_HEARTBEAT {datanodeUUID=2cd21838-1a98-4748-8882-d7146563928a, command=[]} | ret=SUCCESS |  
2019-08-29 08:27:02,798 | INFO  | SCMAudit | user=jenkins1000 | ip=192.168.157.249 | op=SEND_HEARTBEAT {datanodeUUID=f3091307-9c6d-4cf5-b619-8e6cca6f84c9, command=[]} | ret=SUCCESS |  
2019-08-29 08:27:02,818 | INFO  | SCMAudit | user=jenkins1000 | ip=192.168.157.249 | op=SEND_HEARTBEAT {datanodeUUID=24081c8f-d316-435d-a792-3431bfeb71b1, command=[]} | ret=SUCCESS |  
2019-08-29 08:27:02,827 | INFO  | SCMAudit | user=jenkins1000 | ip=192.168.157.249 | op=SEND_HEARTBEAT {datanodeUUID=500162f5-df4c-43d4-be22-b16b483ed3b9, command=[]} | ret=SUCCESS |  
2019-08-29 08:27:02,855 | INFO  | SCMAudit | user=jenkins1000 | ip=192.168.157.249 | op=SEND_HEARTBEAT {datanodeUUID=b3ac43d0-c6e0-46d8-bcc9-9ad695550644, command=[]} | ret=SUCCESS |  
2019-08-29 08:27:02,999 | INFO  | SCMAudit | user=jenkins1000 | ip=192.168.157.249 | op=SEND_HEARTBEAT {datanodeUUID=35f04ff1-b93c-4ae0-b494-c5f2981bb056, command=[]} | ret=SUCCESS |  
2019-08-29 08:27:03,721 | INFO  | SCMAudit | user=jenkins1000 | ip=192.168.157.249 | op=SEND_HEARTBEAT {datanodeUUID=6d68ca61-c219-4724-b8bb-ddcd01f258b2, command=[]} | ret=SUCCESS |  
2019-08-29 08:27:03,786 | INFO  | SCMAudit | user=jenkins1000 | ip=192.168.157.249 | op=SEND_HEARTBEAT {datanodeUUID=2cd21838-1a98-4748-8882-d7146563928a, command=[]} | ret=SUCCESS |  
2019-08-29 08:27:03,798 | INFO  | SCMAudit | user=jenkins1000 | ip=192.168.157.249 | op=SEND_HEARTBEAT {datanodeUUID=f3091307-9c6d-4cf5-b619-8e6cca6f84c9, command=[]} | ret=SUCCESS |  
2019-08-29 08:27:03,818 | INFO  | SCMAudit | user=jenkins1000 | ip=192.168.157.249 | op=SEND_HEARTBEAT {datanodeUUID=24081c8f-d316-435d-a792-3431bfeb71b1, command=[]} | ret=SUCCESS |  
2019-08-29 08:27:03,827 | INFO  | SCMAudit | user=jenkins1000 | ip=192.168.157.249 | op=SEND_HEARTBEAT {datanodeUUID=500162f5-df4c-43d4-be22-b16b483ed3b9, command=[]} | ret=SUCCESS |  
2019-08-29 08:27:03,855 | INFO  | SCMAudit | user=jenkins1000 | ip=192.168.157.249 | op=SEND_HEARTBEAT {datanodeUUID=b3ac43d0-c6e0-46d8-bcc9-9ad695550644, command=[]} | ret=SUCCESS |  
2019-08-29 08:27:03,999 | INFO  | SCMAudit | user=jenkins1000 | ip=192.168.157.249 | op=SEND_HEARTBEAT {datanodeUUID=35f04ff1-b93c-4ae0-b494-c5f2981bb056, command=[]} | ret=SUCCESS |  
2019-08-29 08:27:04,721 | INFO  | SCMAudit | user=jenkins1000 | ip=192.168.157.249 | op=SEND_HEARTBEAT {datanodeUUID=6d68ca61-c219-4724-b8bb-ddcd01f258b2, command=[]} | ret=SUCCESS |  
2019-08-29 08:27:04,786 | INFO  | SCMAudit | user=jenkins1000 | ip=192.168.157.249 | op=SEND_HEARTBEAT {datanodeUUID=2cd21838-1a98-4748-8882-d7146563928a, command=[]} | ret=SUCCESS |  
2019-08-29 08:27:04,798 | INFO  | SCMAudit | user=jenkins1000 | ip=192.168.157.249 | op=SEND_HEARTBEAT {datanodeUUID=f3091307-9c6d-4cf5-b619-8e6cca6f84c9, command=[]} | ret=SUCCESS |  
2019-08-29 08:27:04,818 | INFO  | SCMAudit | user=jenkins1000 | ip=192.168.157.249 | op=SEND_HEARTBEAT {datanodeUUID=24081c8f-d316-435d-a792-3431bfeb71b1, command=[]} | ret=SUCCESS |  
2019-08-29 08:27:04,827 | INFO  | SCMAudit | user=jenkins1000 | ip=192.168.157.249 | op=SEND_HEARTBEAT {datanodeUUID=500162f5-df4c-43d4-be22-b16b483ed3b9, command=[]} | ret=SUCCESS |  
2019-08-29 08:27:04,855 | INFO  | SCMAudit | user=jenkins1000 | ip=192.168.157.249 | op=SEND_HEARTBEAT {datanodeUUID=b3ac43d0-c6e0-46d8-bcc9-9ad695550644, command=[]} | ret=SUCCESS |  
2019-08-29 08:27:04,976 [grpc-default-executor-2] INFO  client.GrpcClientProtocolClient (GrpcClientProtocolClient.java:onNext(255)) - client-56A4EE866ECF->500162f5-df4c-43d4-be22-b16b483ed3b9: receive RaftClientReply:client-56A4EE866ECF->500162f5-df4c-43d4-be22-b16b483ed3b9@group-273770D6E455, cid=45, FAILED org.apache.ratis.protocol.NotLeaderException: Server 500162f5-df4c-43d4-be22-b16b483ed3b9 is not the leader (2cd21838-1a98-4748-8882-d7146563928a:192.168.157.249:40808). Request must be sent to leader., logIndex=0, commits[500162f5-df4c-43d4-be22-b16b483ed3b9:c8, 2cd21838-1a98-4748-8882-d7146563928a:c8, 24081c8f-d316-435d-a792-3431bfeb71b1:c8]
2019-08-29 08:27:04,999 | INFO  | SCMAudit | user=jenkins1000 | ip=192.168.157.249 | op=SEND_HEARTBEAT {datanodeUUID=35f04ff1-b93c-4ae0-b494-c5f2981bb056, command=[]} | ret=SUCCESS |  
2019-08-29 08:27:05,721 | INFO  | SCMAudit | user=jenkins1000 | ip=192.168.157.249 | op=SEND_HEARTBEAT {datanodeUUID=6d68ca61-c219-4724-b8bb-ddcd01f258b2, command=[]} | ret=SUCCESS |  
2019-08-29 08:27:05,787 | INFO  | SCMAudit | user=jenkins1000 | ip=192.168.157.249 | op=SEND_HEARTBEAT {datanodeUUID=2cd21838-1a98-4748-8882-d7146563928a, command=[]} | ret=SUCCESS |  
2019-08-29 08:27:05,798 | INFO  | SCMAudit | user=jenkins1000 | ip=192.168.157.249 | op=SEND_HEARTBEAT {datanodeUUID=f3091307-9c6d-4cf5-b619-8e6cca6f84c9, command=[]} | ret=SUCCESS |  
2019-08-29 08:27:05,818 | INFO  | SCMAudit | user=jenkins1000 | ip=192.168.157.249 | op=SEND_HEARTBEAT {datanodeUUID=24081c8f-d316-435d-a792-3431bfeb71b1, command=[]} | ret=SUCCESS |  
2019-08-29 08:27:05,827 | INFO  | SCMAudit | user=jenkins1000 | ip=192.168.157.249 | op=SEND_HEARTBEAT {datanodeUUID=500162f5-df4c-43d4-be22-b16b483ed3b9, command=[]} | ret=SUCCESS |  
2019-08-29 08:27:05,855 | INFO  | SCMAudit | user=jenkins1000 | ip=192.168.157.249 | op=SEND_HEARTBEAT {datanodeUUID=b3ac43d0-c6e0-46d8-bcc9-9ad695550644, command=[]} | ret=SUCCESS |  
2019-08-29 08:27:05,999 | INFO  | SCMAudit | user=jenkins1000 | ip=192.168.157.249 | op=SEND_HEARTBEAT {datanodeUUID=35f04ff1-b93c-4ae0-b494-c5f2981bb056, command=[]} | ret=SUCCESS |  
2019-08-29 08:27:06,721 | INFO  | SCMAudit | user=jenkins1000 | ip=192.168.157.249 | op=SEND_HEARTBEAT {datanodeUUID=6d68ca61-c219-4724-b8bb-ddcd01f258b2, command=[]} | ret=SUCCESS |  
2019-08-29 08:27:06,787 | INFO  | SCMAudit | user=jenkins1000 | ip=192.168.157.249 | op=SEND_HEARTBEAT {datanodeUUID=2cd21838-1a98-4748-8882-d7146563928a, command=[]} | ret=SUCCESS |  
2019-08-29 08:27:06,798 | INFO  | SCMAudit | user=jenkins1000 | ip=192.168.157.249 | op=SEND_HEARTBEAT {datanodeUUID=f3091307-9c6d-4cf5-b619-8e6cca6f84c9, command=[]} | ret=SUCCESS |  
2019-08-29 08:27:06,818 | INFO  | SCMAudit | user=jenkins1000 | ip=192.168.157.249 | op=SEND_HEARTBEAT {datanodeUUID=24081c8f-d316-435d-a792-3431bfeb71b1, command=[]} | ret=SUCCESS |  
2019-08-29 08:27:06,827 | INFO  | SCMAudit | user=jenkins1000 | ip=192.168.157.249 | op=SEND_HEARTBEAT {datanodeUUID=500162f5-df4c-43d4-be22-b16b483ed3b9, command=[]} | ret=SUCCESS |  
2019-08-29 08:27:06,855 | INFO  | SCMAudit | user=jenkins1000 | ip=192.168.157.249 | op=SEND_HEARTBEAT {datanodeUUID=b3ac43d0-c6e0-46d8-bcc9-9ad695550644, command=[]} | ret=SUCCESS |  
2019-08-29 08:27:06,999 | INFO  | SCMAudit | user=jenkins1000 | ip=192.168.157.249 | op=SEND_HEARTBEAT {datanodeUUID=35f04ff1-b93c-4ae0-b494-c5f2981bb056, command=[]} | ret=SUCCESS |  
2019-08-29 08:27:07,721 | INFO  | SCMAudit | user=jenkins1000 | ip=192.168.157.249 | op=SEND_HEARTBEAT {datanodeUUID=6d68ca61-c219-4724-b8bb-ddcd01f258b2, command=[]} | ret=SUCCESS |  
2019-08-29 08:27:07,787 | INFO  | SCMAudit | user=jenkins1000 | ip=192.168.157.249 | op=SEND_HEARTBEAT {datanodeUUID=2cd21838-1a98-4748-8882-d7146563928a, command=[]} | ret=SUCCESS |  
2019-08-29 08:27:07,798 | INFO  | SCMAudit | user=jenkins1000 | ip=192.168.157.249 | op=SEND_HEARTBEAT {datanodeUUID=f3091307-9c6d-4cf5-b619-8e6cca6f84c9, command=[]} | ret=SUCCESS |  
2019-08-29 08:27:07,818 | INFO  | SCMAudit | user=jenkins1000 | ip=192.168.157.249 | op=SEND_HEARTBEAT {datanodeUUID=24081c8f-d316-435d-a792-3431bfeb71b1, command=[]} | ret=SUCCESS |  
2019-08-29 08:27:07,827 | INFO  | SCMAudit | user=jenkins1000 | ip=192.168.157.249 | op=SEND_HEARTBEAT {datanodeUUID=500162f5-df4c-43d4-be22-b16b483ed3b9, command=[]} | ret=SUCCESS |  
2019-08-29 08:27:07,855 | INFO  | SCMAudit | user=jenkins1000 | ip=192.168.157.249 | op=SEND_HEARTBEAT {datanodeUUID=b3ac43d0-c6e0-46d8-bcc9-9ad695550644, command=[]} | ret=SUCCESS |  
2019-08-29 08:27:07,999 | INFO  | SCMAudit | user=jenkins1000 | ip=192.168.157.249 | op=SEND_HEARTBEAT {datanodeUUID=35f04ff1-b93c-4ae0-b494-c5f2981bb056, command=[]} | ret=SUCCESS |  
2019-08-29 08:27:08,722 | INFO  | SCMAudit | user=jenkins1000 | ip=192.168.157.249 | op=SEND_HEARTBEAT {datanodeUUID=6d68ca61-c219-4724-b8bb-ddcd01f258b2, command=[]} | ret=SUCCESS |  
2019-08-29 08:27:08,787 | INFO  | SCMAudit | user=jenkins1000 | ip=192.168.157.249 | op=SEND_HEARTBEAT {datanodeUUID=2cd21838-1a98-4748-8882-d7146563928a, command=[]} | ret=SUCCESS |  
2019-08-29 08:27:08,798 | INFO  | SCMAudit | user=jenkins1000 | ip=192.168.157.249 | op=SEND_HEARTBEAT {datanodeUUID=f3091307-9c6d-4cf5-b619-8e6cca6f84c9, command=[]} | ret=SUCCESS |  
2019-08-29 08:27:08,817 | INFO  | SCMAudit | user=jenkins1000 | ip=192.168.157.249 | op=SEND_HEARTBEAT {datanodeUUID=24081c8f-d316-435d-a792-3431bfeb71b1, command=[]} | ret=SUCCESS |  
2019-08-29 08:27:08,826 | INFO  | SCMAudit | user=jenkins1000 | ip=192.168.157.249 | op=SEND_HEARTBEAT {datanodeUUID=500162f5-df4c-43d4-be22-b16b483ed3b9, command=[]} | ret=SUCCESS |  
2019-08-29 08:27:08,855 | INFO  | SCMAudit | user=jenkins1000 | ip=192.168.157.249 | op=SEND_HEARTBEAT {datanodeUUID=b3ac43d0-c6e0-46d8-bcc9-9ad695550644, command=[]} | ret=SUCCESS |  
2019-08-29 08:27:09,002 | INFO  | SCMAudit | user=jenkins1000 | ip=192.168.157.249 | op=SEND_HEARTBEAT {datanodeUUID=35f04ff1-b93c-4ae0-b494-c5f2981bb056, command=[]} | ret=SUCCESS |  
2019-08-29 08:27:09,722 | INFO  | SCMAudit | user=jenkins1000 | ip=192.168.157.249 | op=SEND_HEARTBEAT {datanodeUUID=6d68ca61-c219-4724-b8bb-ddcd01f258b2, command=[]} | ret=SUCCESS |  
2019-08-29 08:27:09,788 | INFO  | SCMAudit | user=jenkins1000 | ip=192.168.157.249 | op=SEND_HEARTBEAT {datanodeUUID=2cd21838-1a98-4748-8882-d7146563928a, command=[]} | ret=SUCCESS |  
2019-08-29 08:27:09,798 | INFO  | SCMAudit | user=jenkins1000 | ip=192.168.157.249 | op=SEND_HEARTBEAT {datanodeUUID=f3091307-9c6d-4cf5-b619-8e6cca6f84c9, command=[]} | ret=SUCCESS |  
2019-08-29 08:27:09,818 | INFO  | SCMAudit | user=jenkins1000 | ip=192.168.157.249 | op=SEND_HEARTBEAT {datanodeUUID=24081c8f-d316-435d-a792-3431bfeb71b1, command=[]} | ret=SUCCESS |  
2019-08-29 08:27:09,827 | INFO  | SCMAudit | user=jenkins1000 | ip=192.168.157.249 | op=SEND_HEARTBEAT {datanodeUUID=500162f5-df4c-43d4-be22-b16b483ed3b9, command=[]} | ret=SUCCESS |  
2019-08-29 08:27:09,855 | INFO  | SCMAudit | user=jenkins1000 | ip=192.168.157.249 | op=SEND_HEARTBEAT {datanodeUUID=b3ac43d0-c6e0-46d8-bcc9-9ad695550644, command=[]} | ret=SUCCESS |  
2019-08-29 08:27:09,999 | INFO  | SCMAudit | user=jenkins1000 | ip=192.168.157.249 | op=SEND_HEARTBEAT {datanodeUUID=35f04ff1-b93c-4ae0-b494-c5f2981bb056, command=[]} | ret=SUCCESS |  
2019-08-29 08:27:10,020 [grpc-default-executor-2] INFO  client.GrpcClientProtocolClient (GrpcClientProtocolClient.java:onNext(255)) - client-56A4EE866ECF->500162f5-df4c-43d4-be22-b16b483ed3b9: receive RaftClientReply:client-56A4EE866ECF->500162f5-df4c-43d4-be22-b16b483ed3b9@group-273770D6E455, cid=45, FAILED org.apache.ratis.protocol.NotLeaderException: Server 500162f5-df4c-43d4-be22-b16b483ed3b9 is not the leader (2cd21838-1a98-4748-8882-d7146563928a:192.168.157.249:40808). Request must be sent to leader., logIndex=0, commits[500162f5-df4c-43d4-be22-b16b483ed3b9:c8, 2cd21838-1a98-4748-8882-d7146563928a:c8, 24081c8f-d316-435d-a792-3431bfeb71b1:c8]
2019-08-29 08:27:10,722 | INFO  | SCMAudit | user=jenkins1000 | ip=192.168.157.249 | op=SEND_HEARTBEAT {datanodeUUID=6d68ca61-c219-4724-b8bb-ddcd01f258b2, command=[]} | ret=SUCCESS |  
2019-08-29 08:27:10,787 | INFO  | SCMAudit | user=jenkins1000 | ip=192.168.157.249 | op=SEND_HEARTBEAT {datanodeUUID=2cd21838-1a98-4748-8882-d7146563928a, command=[]} | ret=SUCCESS |  
2019-08-29 08:27:10,798 | INFO  | SCMAudit | user=jenkins1000 | ip=192.168.157.249 | op=SEND_HEARTBEAT {datanodeUUID=f3091307-9c6d-4cf5-b619-8e6cca6f84c9, command=[]} | ret=SUCCESS |  
2019-08-29 08:27:10,819 | INFO  | SCMAudit | user=jenkins1000 | ip=192.168.157.249 | op=SEND_HEARTBEAT {datanodeUUID=24081c8f-d316-435d-a792-3431bfeb71b1, command=[]} | ret=SUCCESS |  
2019-08-29 08:27:10,827 | INFO  | SCMAudit | user=jenkins1000 | ip=192.168.157.249 | op=SEND_HEARTBEAT {datanodeUUID=500162f5-df4c-43d4-be22-b16b483ed3b9, command=[]} | ret=SUCCESS |  
2019-08-29 08:27:10,855 | INFO  | SCMAudit | user=jenkins1000 | ip=192.168.157.249 | op=SEND_HEARTBEAT {datanodeUUID=b3ac43d0-c6e0-46d8-bcc9-9ad695550644, command=[]} | ret=SUCCESS |  
2019-08-29 08:27:10,999 | INFO  | SCMAudit | user=jenkins1000 | ip=192.168.157.249 | op=SEND_HEARTBEAT {datanodeUUID=35f04ff1-b93c-4ae0-b494-c5f2981bb056, command=[]} | ret=SUCCESS |  
2019-08-29 08:27:11,722 | INFO  | SCMAudit | user=jenkins1000 | ip=192.168.157.249 | op=SEND_HEARTBEAT {datanodeUUID=6d68ca61-c219-4724-b8bb-ddcd01f258b2, command=[]} | ret=SUCCESS |  
2019-08-29 08:27:11,787 | INFO  | SCMAudit | user=jenkins1000 | ip=192.168.157.249 | op=SEND_HEARTBEAT {datanodeUUID=2cd21838-1a98-4748-8882-d7146563928a, command=[]} | ret=SUCCESS |  
2019-08-29 08:27:11,799 | INFO  | SCMAudit | user=jenkins1000 | ip=192.168.157.249 | op=SEND_HEARTBEAT {datanodeUUID=f3091307-9c6d-4cf5-b619-8e6cca6f84c9, command=[]} | ret=SUCCESS |  
2019-08-29 08:27:11,819 | INFO  | SCMAudit | user=jenkins1000 | ip=192.168.157.249 | op=SEND_HEARTBEAT {datanodeUUID=24081c8f-d316-435d-a792-3431bfeb71b1, command=[]} | ret=SUCCESS |  
2019-08-29 08:27:11,828 | INFO  | SCMAudit | user=jenkins1000 | ip=192.168.157.249 | op=SEND_HEARTBEAT {datanodeUUID=500162f5-df4c-43d4-be22-b16b483ed3b9, command=[]} | ret=SUCCESS |  
2019-08-29 08:27:11,855 | INFO  | SCMAudit | user=jenkins1000 | ip=192.168.157.249 | op=SEND_HEARTBEAT {datanodeUUID=b3ac43d0-c6e0-46d8-bcc9-9ad695550644, command=[]} | ret=SUCCESS |  
2019-08-29 08:27:11,999 | INFO  | SCMAudit | user=jenkins1000 | ip=192.168.157.249 | op=SEND_HEARTBEAT {datanodeUUID=35f04ff1-b93c-4ae0-b494-c5f2981bb056, command=[]} | ret=SUCCESS |  
2019-08-29 08:27:12,722 | INFO  | SCMAudit | user=jenkins1000 | ip=192.168.157.249 | op=SEND_HEARTBEAT {datanodeUUID=6d68ca61-c219-4724-b8bb-ddcd01f258b2, command=[]} | ret=SUCCESS |  
2019-08-29 08:27:12,787 | INFO  | SCMAudit | user=jenkins1000 | ip=192.168.157.249 | op=SEND_HEARTBEAT {datanodeUUID=2cd21838-1a98-4748-8882-d7146563928a, command=[]} | ret=SUCCESS |  
2019-08-29 08:27:12,800 | INFO  | SCMAudit | user=jenkins1000 | ip=192.168.157.249 | op=SEND_HEARTBEAT {datanodeUUID=f3091307-9c6d-4cf5-b619-8e6cca6f84c9, command=[]} | ret=SUCCESS |  
2019-08-29 08:27:12,819 | INFO  | SCMAudit | user=jenkins1000 | ip=192.168.157.249 | op=SEND_HEARTBEAT {datanodeUUID=24081c8f-d316-435d-a792-3431bfeb71b1, command=[]} | ret=SUCCESS |  
2019-08-29 08:27:12,828 | INFO  | SCMAudit | user=jenkins1000 | ip=192.168.157.249 | op=SEND_HEARTBEAT {datanodeUUID=500162f5-df4c-43d4-be22-b16b483ed3b9, command=[]} | ret=SUCCESS |  
2019-08-29 08:27:12,855 | INFO  | SCMAudit | user=jenkins1000 | ip=192.168.157.249 | op=SEND_HEARTBEAT {datanodeUUID=b3ac43d0-c6e0-46d8-bcc9-9ad695550644, command=[]} | ret=SUCCESS |  
2019-08-29 08:27:12,999 | INFO  | SCMAudit | user=jenkins1000 | ip=192.168.157.249 | op=SEND_HEARTBEAT {datanodeUUID=35f04ff1-b93c-4ae0-b494-c5f2981bb056, command=[]} | ret=SUCCESS |  
2019-08-29 08:27:13,722 | INFO  | SCMAudit | user=jenkins1000 | ip=192.168.157.249 | op=SEND_HEARTBEAT {datanodeUUID=6d68ca61-c219-4724-b8bb-ddcd01f258b2, command=[]} | ret=SUCCESS |  
2019-08-29 08:27:13,787 | INFO  | SCMAudit | user=jenkins1000 | ip=192.168.157.249 | op=SEND_HEARTBEAT {datanodeUUID=2cd21838-1a98-4748-8882-d7146563928a, command=[]} | ret=SUCCESS |  
2019-08-29 08:27:13,800 | INFO  | SCMAudit | user=jenkins1000 | ip=192.168.157.249 | op=SEND_HEARTBEAT {datanodeUUID=f3091307-9c6d-4cf5-b619-8e6cca6f84c9, command=[]} | ret=SUCCESS |  
2019-08-29 08:27:13,819 | INFO  | SCMAudit | user=jenkins1000 | ip=192.168.157.249 | op=SEND_HEARTBEAT {datanodeUUID=24081c8f-d316-435d-a792-3431bfeb71b1, command=[]} | ret=SUCCESS |  
2019-08-29 08:27:13,828 | INFO  | SCMAudit | user=jenkins1000 | ip=192.168.157.249 | op=SEND_HEARTBEAT {datanodeUUID=500162f5-df4c-43d4-be22-b16b483ed3b9, command=[]} | ret=SUCCESS |  
2019-08-29 08:27:13,855 | INFO  | SCMAudit | user=jenkins1000 | ip=192.168.157.249 | op=SEND_HEARTBEAT {datanodeUUID=b3ac43d0-c6e0-46d8-bcc9-9ad695550644, command=[]} | ret=SUCCESS |  
2019-08-29 08:27:14,000 | INFO  | SCMAudit | user=jenkins1000 | ip=192.168.157.249 | op=SEND_HEARTBEAT {datanodeUUID=35f04ff1-b93c-4ae0-b494-c5f2981bb056, command=[]} | ret=SUCCESS |  
2019-08-29 08:27:14,723 | INFO  | SCMAudit | user=jenkins1000 | ip=192.168.157.249 | op=SEND_HEARTBEAT {datanodeUUID=6d68ca61-c219-4724-b8bb-ddcd01f258b2, command=[]} | ret=SUCCESS |  
2019-08-29 08:27:14,787 | INFO  | SCMAudit | user=jenkins1000 | ip=192.168.157.249 | op=SEND_HEARTBEAT {datanodeUUID=2cd21838-1a98-4748-8882-d7146563928a, command=[]} | ret=SUCCESS |  
2019-08-29 08:27:14,801 | INFO  | SCMAudit | user=jenkins1000 | ip=192.168.157.249 | op=SEND_HEARTBEAT {datanodeUUID=f3091307-9c6d-4cf5-b619-8e6cca6f84c9, command=[]} | ret=SUCCESS |  
2019-08-29 08:27:14,819 | INFO  | SCMAudit | user=jenkins1000 | ip=192.168.157.249 | op=SEND_HEARTBEAT {datanodeUUID=24081c8f-d316-435d-a792-3431bfeb71b1, command=[]} | ret=SUCCESS |  
2019-08-29 08:27:14,828 | INFO  | SCMAudit | user=jenkins1000 | ip=192.168.157.249 | op=SEND_HEARTBEAT {datanodeUUID=500162f5-df4c-43d4-be22-b16b483ed3b9, command=[]} | ret=SUCCESS |  
2019-08-29 08:27:14,855 | INFO  | SCMAudit | user=jenkins1000 | ip=192.168.157.249 | op=SEND_HEARTBEAT {datanodeUUID=b3ac43d0-c6e0-46d8-bcc9-9ad695550644, command=[]} | ret=SUCCESS |  
2019-08-29 08:27:14,999 | INFO  | SCMAudit | user=jenkins1000 | ip=192.168.157.249 | op=SEND_HEARTBEAT {datanodeUUID=35f04ff1-b93c-4ae0-b494-c5f2981bb056, command=[]} | ret=SUCCESS |  
2019-08-29 08:27:15,061 [grpc-default-executor-0] INFO  client.GrpcClientProtocolClient (GrpcClientProtocolClient.java:onNext(255)) - client-56A4EE866ECF->500162f5-df4c-43d4-be22-b16b483ed3b9: receive RaftClientReply:client-56A4EE866ECF->500162f5-df4c-43d4-be22-b16b483ed3b9@group-273770D6E455, cid=45, FAILED org.apache.ratis.protocol.NotLeaderException: Server 500162f5-df4c-43d4-be22-b16b483ed3b9 is not the leader (2cd21838-1a98-4748-8882-d7146563928a:192.168.157.249:40808). Request must be sent to leader., logIndex=0, commits[500162f5-df4c-43d4-be22-b16b483ed3b9:c8, 2cd21838-1a98-4748-8882-d7146563928a:c8, 24081c8f-d316-435d-a792-3431bfeb71b1:c8]
2019-08-29 08:27:15,723 | INFO  | SCMAudit | user=jenkins1000 | ip=192.168.157.249 | op=SEND_HEARTBEAT {datanodeUUID=6d68ca61-c219-4724-b8bb-ddcd01f258b2, command=[]} | ret=SUCCESS |  
2019-08-29 08:27:15,787 | INFO  | SCMAudit | user=jenkins1000 | ip=192.168.157.249 | op=SEND_HEARTBEAT {datanodeUUID=2cd21838-1a98-4748-8882-d7146563928a, command=[]} | ret=SUCCESS |  
2019-08-29 08:27:15,802 | INFO  | SCMAudit | user=jenkins1000 | ip=192.168.157.249 | op=SEND_HEARTBEAT {datanodeUUID=f3091307-9c6d-4cf5-b619-8e6cca6f84c9, command=[]} | ret=SUCCESS |  
2019-08-29 08:27:15,819 | INFO  | SCMAudit | user=jenkins1000 | ip=192.168.157.249 | op=SEND_HEARTBEAT {datanodeUUID=24081c8f-d316-435d-a792-3431bfeb71b1, command=[]} | ret=SUCCESS |  
2019-08-29 08:27:15,828 | INFO  | SCMAudit | user=jenkins1000 | ip=192.168.157.249 | op=SEND_HEARTBEAT {datanodeUUID=500162f5-df4c-43d4-be22-b16b483ed3b9, command=[]} | ret=SUCCESS |  
2019-08-29 08:27:15,855 | INFO  | SCMAudit | user=jenkins1000 | ip=192.168.157.249 | op=SEND_HEARTBEAT {datanodeUUID=b3ac43d0-c6e0-46d8-bcc9-9ad695550644, command=[]} | ret=SUCCESS |  
2019-08-29 08:27:15,999 | INFO  | SCMAudit | user=jenkins1000 | ip=192.168.157.249 | op=SEND_HEARTBEAT {datanodeUUID=35f04ff1-b93c-4ae0-b494-c5f2981bb056, command=[]} | ret=SUCCESS |  
2019-08-29 08:27:16,723 | INFO  | SCMAudit | user=jenkins1000 | ip=192.168.157.249 | op=SEND_HEARTBEAT {datanodeUUID=6d68ca61-c219-4724-b8bb-ddcd01f258b2, command=[]} | ret=SUCCESS |  
2019-08-29 08:27:16,787 | INFO  | SCMAudit | user=jenkins1000 | ip=192.168.157.249 | op=SEND_HEARTBEAT {datanodeUUID=2cd21838-1a98-4748-8882-d7146563928a, command=[]} | ret=SUCCESS |  
2019-08-29 08:27:16,802 | INFO  | SCMAudit | user=jenkins1000 | ip=192.168.157.249 | op=SEND_HEARTBEAT {datanodeUUID=f3091307-9c6d-4cf5-b619-8e6cca6f84c9, command=[]} | ret=SUCCESS |  
2019-08-29 08:27:16,818 | INFO  | SCMAudit | user=jenkins1000 | ip=192.168.157.249 | op=SEND_HEARTBEAT {datanodeUUID=24081c8f-d316-435d-a792-3431bfeb71b1, command=[]} | ret=SUCCESS |  
2019-08-29 08:27:16,828 | INFO  | SCMAudit | user=jenkins1000 | ip=192.168.157.249 | op=SEND_HEARTBEAT {datanodeUUID=500162f5-df4c-43d4-be22-b16b483ed3b9, command=[]} | ret=SUCCESS |  
2019-08-29 08:27:16,855 | INFO  | SCMAudit | user=jenkins1000 | ip=192.168.157.249 | op=SEND_HEARTBEAT {datanodeUUID=b3ac43d0-c6e0-46d8-bcc9-9ad695550644, command=[]} | ret=SUCCESS |  
2019-08-29 08:27:17,000 | INFO  | SCMAudit | user=jenkins1000 | ip=192.168.157.249 | op=SEND_HEARTBEAT {datanodeUUID=35f04ff1-b93c-4ae0-b494-c5f2981bb056, command=[]} | ret=SUCCESS |  
2019-08-29 08:27:17,723 | INFO  | SCMAudit | user=jenkins1000 | ip=192.168.157.249 | op=SEND_HEARTBEAT {datanodeUUID=6d68ca61-c219-4724-b8bb-ddcd01f258b2, command=[]} | ret=SUCCESS |  
2019-08-29 08:27:17,787 | INFO  | SCMAudit | user=jenkins1000 | ip=192.168.157.249 | op=SEND_HEARTBEAT {datanodeUUID=2cd21838-1a98-4748-8882-d7146563928a, command=[]} | ret=SUCCESS |  
2019-08-29 08:27:17,802 | INFO  | SCMAudit | user=jenkins1000 | ip=192.168.157.249 | op=SEND_HEARTBEAT {datanodeUUID=f3091307-9c6d-4cf5-b619-8e6cca6f84c9, command=[]} | ret=SUCCESS |  
2019-08-29 08:27:17,819 | INFO  | SCMAudit | user=jenkins1000 | ip=192.168.157.249 | op=SEND_HEARTBEAT {datanodeUUID=24081c8f-d316-435d-a792-3431bfeb71b1, command=[]} | ret=SUCCESS |  
2019-08-29 08:27:17,828 | INFO  | SCMAudit | user=jenkins1000 | ip=192.168.157.249 | op=SEND_HEARTBEAT {datanodeUUID=500162f5-df4c-43d4-be22-b16b483ed3b9, command=[]} | ret=SUCCESS |  
2019-08-29 08:27:17,855 | INFO  | SCMAudit | user=jenkins1000 | ip=192.168.157.249 | op=SEND_HEARTBEAT {datanodeUUID=b3ac43d0-c6e0-46d8-bcc9-9ad695550644, command=[]} | ret=SUCCESS |  
2019-08-29 08:27:18,000 | INFO  | SCMAudit | user=jenkins1000 | ip=192.168.157.249 | op=SEND_HEARTBEAT {datanodeUUID=35f04ff1-b93c-4ae0-b494-c5f2981bb056, command=[]} | ret=SUCCESS |  
2019-08-29 08:27:18,723 | INFO  | SCMAudit | user=jenkins1000 | ip=192.168.157.249 | op=SEND_HEARTBEAT {datanodeUUID=6d68ca61-c219-4724-b8bb-ddcd01f258b2, command=[]} | ret=SUCCESS |  
2019-08-29 08:27:18,787 | INFO  | SCMAudit | user=jenkins1000 | ip=192.168.157.249 | op=SEND_HEARTBEAT {datanodeUUID=2cd21838-1a98-4748-8882-d7146563928a, command=[]} | ret=SUCCESS |  
2019-08-29 08:27:18,803 | INFO  | SCMAudit | user=jenkins1000 | ip=192.168.157.249 | op=SEND_HEARTBEAT {datanodeUUID=f3091307-9c6d-4cf5-b619-8e6cca6f84c9, command=[]} | ret=SUCCESS |  
2019-08-29 08:27:18,820 | INFO  | SCMAudit | user=jenkins1000 | ip=192.168.157.249 | op=SEND_HEARTBEAT {datanodeUUID=24081c8f-d316-435d-a792-3431bfeb71b1, command=[]} | ret=SUCCESS |  
2019-08-29 08:27:18,828 | INFO  | SCMAudit | user=jenkins1000 | ip=192.168.157.249 | op=SEND_HEARTBEAT {datanodeUUID=500162f5-df4c-43d4-be22-b16b483ed3b9, command=[]} | ret=SUCCESS |  
2019-08-29 08:27:18,855 | INFO  | SCMAudit | user=jenkins1000 | ip=192.168.157.249 | op=SEND_HEARTBEAT {datanodeUUID=b3ac43d0-c6e0-46d8-bcc9-9ad695550644, command=[]} | ret=SUCCESS |  
2019-08-29 08:27:19,001 | INFO  | SCMAudit | user=jenkins1000 | ip=192.168.157.249 | op=SEND_HEARTBEAT {datanodeUUID=35f04ff1-b93c-4ae0-b494-c5f2981bb056, command=[]} | ret=SUCCESS |  
2019-08-29 08:27:19,724 | INFO  | SCMAudit | user=jenkins1000 | ip=192.168.157.249 | op=SEND_HEARTBEAT {datanodeUUID=6d68ca61-c219-4724-b8bb-ddcd01f258b2, command=[]} | ret=SUCCESS |  
2019-08-29 08:27:19,788 | INFO  | SCMAudit | user=jenkins1000 | ip=192.168.157.249 | op=SEND_HEARTBEAT {datanodeUUID=2cd21838-1a98-4748-8882-d7146563928a, command=[]} | ret=SUCCESS |  
2019-08-29 08:27:19,803 | INFO  | SCMAudit | user=jenkins1000 | ip=192.168.157.249 | op=SEND_HEARTBEAT {datanodeUUID=f3091307-9c6d-4cf5-b619-8e6cca6f84c9, command=[]} | ret=SUCCESS |  
2019-08-29 08:27:19,821 | INFO  | SCMAudit | user=jenkins1000 | ip=192.168.157.249 | op=SEND_HEARTBEAT {datanodeUUID=24081c8f-d316-435d-a792-3431bfeb71b1, command=[]} | ret=SUCCESS |  
2019-08-29 08:27:19,828 | INFO  | SCMAudit | user=jenkins1000 | ip=192.168.157.249 | op=SEND_HEARTBEAT {datanodeUUID=500162f5-df4c-43d4-be22-b16b483ed3b9, command=[]} | ret=SUCCESS |  
2019-08-29 08:27:19,855 | INFO  | SCMAudit | user=jenkins1000 | ip=192.168.157.249 | op=SEND_HEARTBEAT {datanodeUUID=b3ac43d0-c6e0-46d8-bcc9-9ad695550644, command=[]} | ret=SUCCESS |  
2019-08-29 08:27:20,000 | INFO  | SCMAudit | user=jenkins1000 | ip=192.168.157.249 | op=SEND_HEARTBEAT {datanodeUUID=35f04ff1-b93c-4ae0-b494-c5f2981bb056, command=[]} | ret=SUCCESS |  
2019-08-29 08:27:20,097 [grpc-default-executor-0] INFO  client.GrpcClientProtocolClient (GrpcClientProtocolClient.java:onNext(255)) - client-56A4EE866ECF->24081c8f-d316-435d-a792-3431bfeb71b1: receive RaftClientReply:client-56A4EE866ECF->24081c8f-d316-435d-a792-3431bfeb71b1@group-273770D6E455, cid=45, FAILED org.apache.ratis.protocol.NotLeaderException: Server 24081c8f-d316-435d-a792-3431bfeb71b1 is not the leader (2cd21838-1a98-4748-8882-d7146563928a:192.168.157.249:40808). Request must be sent to leader., logIndex=0, commits[24081c8f-d316-435d-a792-3431bfeb71b1:c8, 2cd21838-1a98-4748-8882-d7146563928a:c8, 500162f5-df4c-43d4-be22-b16b483ed3b9:c8]
2019-08-29 08:27:20,724 | INFO  | SCMAudit | user=jenkins1000 | ip=192.168.157.249 | op=SEND_HEARTBEAT {datanodeUUID=6d68ca61-c219-4724-b8bb-ddcd01f258b2, command=[]} | ret=SUCCESS |  
2019-08-29 08:27:20,788 | INFO  | SCMAudit | user=jenkins1000 | ip=192.168.157.249 | op=SEND_HEARTBEAT {datanodeUUID=2cd21838-1a98-4748-8882-d7146563928a, command=[]} | ret=SUCCESS |  
2019-08-29 08:27:20,803 | INFO  | SCMAudit | user=jenkins1000 | ip=192.168.157.249 | op=SEND_HEARTBEAT {datanodeUUID=f3091307-9c6d-4cf5-b619-8e6cca6f84c9, command=[]} | ret=SUCCESS |  
2019-08-29 08:27:20,823 | INFO  | SCMAudit | user=jenkins1000 | ip=192.168.157.249 | op=SEND_HEARTBEAT {datanodeUUID=24081c8f-d316-435d-a792-3431bfeb71b1, command=[]} | ret=SUCCESS |  
2019-08-29 08:27:20,828 | INFO  | SCMAudit | user=jenkins1000 | ip=192.168.157.249 | op=SEND_HEARTBEAT {datanodeUUID=500162f5-df4c-43d4-be22-b16b483ed3b9, command=[]} | ret=SUCCESS |  
2019-08-29 08:27:20,855 | INFO  | SCMAudit | user=jenkins1000 | ip=192.168.157.249 | op=SEND_HEARTBEAT {datanodeUUID=b3ac43d0-c6e0-46d8-bcc9-9ad695550644, command=[]} | ret=SUCCESS |  
2019-08-29 08:27:21,000 | INFO  | SCMAudit | user=jenkins1000 | ip=192.168.157.249 | op=SEND_HEARTBEAT {datanodeUUID=35f04ff1-b93c-4ae0-b494-c5f2981bb056, command=[]} | ret=SUCCESS |  
2019-08-29 08:27:21,724 | INFO  | SCMAudit | user=jenkins1000 | ip=192.168.157.249 | op=SEND_HEARTBEAT {datanodeUUID=6d68ca61-c219-4724-b8bb-ddcd01f258b2, command=[]} | ret=SUCCESS |  
2019-08-29 08:27:21,788 | INFO  | SCMAudit | user=jenkins1000 | ip=192.168.157.249 | op=SEND_HEARTBEAT {datanodeUUID=2cd21838-1a98-4748-8882-d7146563928a, command=[]} | ret=SUCCESS |  
2019-08-29 08:27:21,803 | INFO  | SCMAudit | user=jenkins1000 | ip=192.168.157.249 | op=SEND_HEARTBEAT {datanodeUUID=f3091307-9c6d-4cf5-b619-8e6cca6f84c9, command=[]} | ret=SUCCESS |  
2019-08-29 08:27:21,823 | INFO  | SCMAudit | user=jenkins1000 | ip=192.168.157.249 | op=SEND_HEARTBEAT {datanodeUUID=24081c8f-d316-435d-a792-3431bfeb71b1, command=[]} | ret=SUCCESS |  
2019-08-29 08:27:21,828 | INFO  | SCMAudit | user=jenkins1000 | ip=192.168.157.249 | op=SEND_HEARTBEAT {datanodeUUID=500162f5-df4c-43d4-be22-b16b483ed3b9, command=[]} | ret=SUCCESS |  
2019-08-29 08:27:21,855 | INFO  | SCMAudit | user=jenkins1000 | ip=192.168.157.249 | op=SEND_HEARTBEAT {datanodeUUID=b3ac43d0-c6e0-46d8-bcc9-9ad695550644, command=[]} | ret=SUCCESS |  
2019-08-29 08:27:22,000 | INFO  | SCMAudit | user=jenkins1000 | ip=192.168.157.249 | op=SEND_HEARTBEAT {datanodeUUID=35f04ff1-b93c-4ae0-b494-c5f2981bb056, command=[]} | ret=SUCCESS |  
2019-08-29 08:27:22,725 | INFO  | SCMAudit | user=jenkins1000 | ip=192.168.157.249 | op=SEND_HEARTBEAT {datanodeUUID=6d68ca61-c219-4724-b8bb-ddcd01f258b2, command=[]} | ret=SUCCESS |  
2019-08-29 08:27:22,788 | INFO  | SCMAudit | user=jenkins1000 | ip=192.168.157.249 | op=SEND_HEARTBEAT {datanodeUUID=2cd21838-1a98-4748-8882-d7146563928a, command=[]} | ret=SUCCESS |  
2019-08-29 08:27:22,803 | INFO  | SCMAudit | user=jenkins1000 | ip=192.168.157.249 | op=SEND_HEARTBEAT {datanodeUUID=f3091307-9c6d-4cf5-b619-8e6cca6f84c9, command=[]} | ret=SUCCESS |  
2019-08-29 08:27:22,823 | INFO  | SCMAudit | user=jenkins1000 | ip=192.168.157.249 | op=SEND_HEARTBEAT {datanodeUUID=24081c8f-d316-435d-a792-3431bfeb71b1, command=[]} | ret=SUCCESS |  
2019-08-29 08:27:22,828 | INFO  | SCMAudit | user=jenkins1000 | ip=192.168.157.249 | op=SEND_HEARTBEAT {datanodeUUID=500162f5-df4c-43d4-be22-b16b483ed3b9, command=[]} | ret=SUCCESS |  
2019-08-29 08:27:22,855 | INFO  | SCMAudit | user=jenkins1000 | ip=192.168.157.249 | op=SEND_HEARTBEAT {datanodeUUID=b3ac43d0-c6e0-46d8-bcc9-9ad695550644, command=[]} | ret=SUCCESS |  
2019-08-29 08:27:23,001 | INFO  | SCMAudit | user=jenkins1000 | ip=192.168.157.249 | op=SEND_HEARTBEAT {datanodeUUID=35f04ff1-b93c-4ae0-b494-c5f2981bb056, command=[]} | ret=SUCCESS |  
2019-08-29 08:27:23,724 | INFO  | SCMAudit | user=jenkins1000 | ip=192.168.157.249 | op=SEND_HEARTBEAT {datanodeUUID=6d68ca61-c219-4724-b8bb-ddcd01f258b2, command=[]} | ret=SUCCESS |  
2019-08-29 08:27:23,788 | INFO  | SCMAudit | user=jenkins1000 | ip=192.168.157.249 | op=SEND_HEARTBEAT {datanodeUUID=2cd21838-1a98-4748-8882-d7146563928a, command=[]} | ret=SUCCESS |  
2019-08-29 08:27:23,803 | INFO  | SCMAudit | user=jenkins1000 | ip=192.168.157.249 | op=SEND_HEARTBEAT {datanodeUUID=f3091307-9c6d-4cf5-b619-8e6cca6f84c9, command=[]} | ret=SUCCESS |  
2019-08-29 08:27:23,823 | INFO  | SCMAudit | user=jenkins1000 | ip=192.168.157.249 | op=SEND_HEARTBEAT {datanodeUUID=24081c8f-d316-435d-a792-3431bfeb71b1, command=[]} | ret=SUCCESS |  
2019-08-29 08:27:23,828 | INFO  | SCMAudit | user=jenkins1000 | ip=192.168.157.249 | op=SEND_HEARTBEAT {datanodeUUID=500162f5-df4c-43d4-be22-b16b483ed3b9, command=[]} | ret=SUCCESS |  
2019-08-29 08:27:23,855 | INFO  | SCMAudit | user=jenkins1000 | ip=192.168.157.249 | op=SEND_HEARTBEAT {datanodeUUID=b3ac43d0-c6e0-46d8-bcc9-9ad695550644, command=[]} | ret=SUCCESS |  
2019-08-29 08:27:24,000 | INFO  | SCMAudit | user=jenkins1000 | ip=192.168.157.249 | op=SEND_HEARTBEAT {datanodeUUID=35f04ff1-b93c-4ae0-b494-c5f2981bb056, command=[]} | ret=SUCCESS |  
2019-08-29 08:27:24,724 | INFO  | SCMAudit | user=jenkins1000 | ip=192.168.157.249 | op=SEND_HEARTBEAT {datanodeUUID=6d68ca61-c219-4724-b8bb-ddcd01f258b2, command=[]} | ret=SUCCESS |  
2019-08-29 08:27:24,788 | INFO  | SCMAudit | user=jenkins1000 | ip=192.168.157.249 | op=SEND_HEARTBEAT {datanodeUUID=2cd21838-1a98-4748-8882-d7146563928a, command=[]} | ret=SUCCESS |  
2019-08-29 08:27:24,803 | INFO  | SCMAudit | user=jenkins1000 | ip=192.168.157.249 | op=SEND_HEARTBEAT {datanodeUUID=f3091307-9c6d-4cf5-b619-8e6cca6f84c9, command=[]} | ret=SUCCESS |  
2019-08-29 08:27:24,823 | INFO  | SCMAudit | user=jenkins1000 | ip=192.168.157.249 | op=SEND_HEARTBEAT {datanodeUUID=24081c8f-d316-435d-a792-3431bfeb71b1, command=[]} | ret=SUCCESS |  
2019-08-29 08:27:24,829 | INFO  | SCMAudit | user=jenkins1000 | ip=192.168.157.249 | op=SEND_HEARTBEAT {datanodeUUID=500162f5-df4c-43d4-be22-b16b483ed3b9, command=[]} | ret=SUCCESS |  
2019-08-29 08:27:24,855 | INFO  | SCMAudit | user=jenkins1000 | ip=192.168.157.249 | op=SEND_HEARTBEAT {datanodeUUID=b3ac43d0-c6e0-46d8-bcc9-9ad695550644, command=[]} | ret=SUCCESS |  
2019-08-29 08:27:25,000 | INFO  | SCMAudit | user=jenkins1000 | ip=192.168.157.249 | op=SEND_HEARTBEAT {datanodeUUID=35f04ff1-b93c-4ae0-b494-c5f2981bb056, command=[]} | ret=SUCCESS |  
2019-08-29 08:27:25,136 [grpc-default-executor-0] INFO  client.GrpcClientProtocolClient (GrpcClientProtocolClient.java:onNext(255)) - client-56A4EE866ECF->500162f5-df4c-43d4-be22-b16b483ed3b9: receive RaftClientReply:client-56A4EE866ECF->500162f5-df4c-43d4-be22-b16b483ed3b9@group-273770D6E455, cid=45, FAILED org.apache.ratis.protocol.NotLeaderException: Server 500162f5-df4c-43d4-be22-b16b483ed3b9 is not the leader (2cd21838-1a98-4748-8882-d7146563928a:192.168.157.249:40808). Request must be sent to leader., logIndex=0, commits[500162f5-df4c-43d4-be22-b16b483ed3b9:c8, 2cd21838-1a98-4748-8882-d7146563928a:c8, 24081c8f-d316-435d-a792-3431bfeb71b1:c8]
2019-08-29 08:27:25,724 | INFO  | SCMAudit | user=jenkins1000 | ip=192.168.157.249 | op=SEND_HEARTBEAT {datanodeUUID=6d68ca61-c219-4724-b8bb-ddcd01f258b2, command=[]} | ret=SUCCESS |  
2019-08-29 08:27:25,789 | INFO  | SCMAudit | user=jenkins1000 | ip=192.168.157.249 | op=SEND_HEARTBEAT {datanodeUUID=2cd21838-1a98-4748-8882-d7146563928a, command=[]} | ret=SUCCESS |  
2019-08-29 08:27:25,803 | INFO  | SCMAudit | user=jenkins1000 | ip=192.168.157.249 | op=SEND_HEARTBEAT {datanodeUUID=f3091307-9c6d-4cf5-b619-8e6cca6f84c9, command=[]} | ret=SUCCESS |  
2019-08-29 08:27:25,823 | INFO  | SCMAudit | user=jenkins1000 | ip=192.168.157.249 | op=SEND_HEARTBEAT {datanodeUUID=24081c8f-d316-435d-a792-3431bfeb71b1, command=[]} | ret=SUCCESS |  
2019-08-29 08:27:25,829 | INFO  | SCMAudit | user=jenkins1000 | ip=192.168.157.249 | op=SEND_HEARTBEAT {datanodeUUID=500162f5-df4c-43d4-be22-b16b483ed3b9, command=[]} | ret=SUCCESS |  
2019-08-29 08:27:25,855 | INFO  | SCMAudit | user=jenkins1000 | ip=192.168.157.249 | op=SEND_HEARTBEAT {datanodeUUID=b3ac43d0-c6e0-46d8-bcc9-9ad695550644, command=[]} | ret=SUCCESS |  
2019-08-29 08:27:26,000 | INFO  | SCMAudit | user=jenkins1000 | ip=192.168.157.249 | op=SEND_HEARTBEAT {datanodeUUID=35f04ff1-b93c-4ae0-b494-c5f2981bb056, command=[]} | ret=SUCCESS |  
2019-08-29 08:27:26,724 | INFO  | SCMAudit | user=jenkins1000 | ip=192.168.157.249 | op=SEND_HEARTBEAT {datanodeUUID=6d68ca61-c219-4724-b8bb-ddcd01f258b2, command=[]} | ret=SUCCESS |  
2019-08-29 08:27:26,790 | INFO  | SCMAudit | user=jenkins1000 | ip=192.168.157.249 | op=SEND_HEARTBEAT {datanodeUUID=2cd21838-1a98-4748-8882-d7146563928a, command=[]} | ret=SUCCESS |  
2019-08-29 08:27:26,803 | INFO  | SCMAudit | user=jenkins1000 | ip=192.168.157.249 | op=SEND_HEARTBEAT {datanodeUUID=f3091307-9c6d-4cf5-b619-8e6cca6f84c9, command=[]} | ret=SUCCESS |  
2019-08-29 08:27:26,823 | INFO  | SCMAudit | user=jenkins1000 | ip=192.168.157.249 | op=SEND_HEARTBEAT {datanodeUUID=24081c8f-d316-435d-a792-3431bfeb71b1, command=[]} | ret=SUCCESS |  
2019-08-29 08:27:26,829 | INFO  | SCMAudit | user=jenkins1000 | ip=192.168.157.249 | op=SEND_HEARTBEAT {datanodeUUID=500162f5-df4c-43d4-be22-b16b483ed3b9, command=[]} | ret=SUCCESS |  
2019-08-29 08:27:26,855 | INFO  | SCMAudit | user=jenkins1000 | ip=192.168.157.249 | op=SEND_HEARTBEAT {datanodeUUID=b3ac43d0-c6e0-46d8-bcc9-9ad695550644, command=[]} | ret=SUCCESS |  
2019-08-29 08:27:27,001 | INFO  | SCMAudit | user=jenkins1000 | ip=192.168.157.249 | op=SEND_HEARTBEAT {datanodeUUID=35f04ff1-b93c-4ae0-b494-c5f2981bb056, command=[]} | ret=SUCCESS |  
2019-08-29 08:27:27,725 | INFO  | SCMAudit | user=jenkins1000 | ip=192.168.157.249 | op=SEND_HEARTBEAT {datanodeUUID=6d68ca61-c219-4724-b8bb-ddcd01f258b2, command=[]} | ret=SUCCESS |  
2019-08-29 08:27:27,790 | INFO  | SCMAudit | user=jenkins1000 | ip=192.168.157.249 | op=SEND_HEARTBEAT {datanodeUUID=2cd21838-1a98-4748-8882-d7146563928a, command=[]} | ret=SUCCESS |  
2019-08-29 08:27:27,803 | INFO  | SCMAudit | user=jenkins1000 | ip=192.168.157.249 | op=SEND_HEARTBEAT {datanodeUUID=f3091307-9c6d-4cf5-b619-8e6cca6f84c9, command=[]} | ret=SUCCESS |  
2019-08-29 08:27:27,823 | INFO  | SCMAudit | user=jenkins1000 | ip=192.168.157.249 | op=SEND_HEARTBEAT {datanodeUUID=24081c8f-d316-435d-a792-3431bfeb71b1, command=[]} | ret=SUCCESS |  
2019-08-29 08:27:27,829 | INFO  | SCMAudit | user=jenkins1000 | ip=192.168.157.249 | op=SEND_HEARTBEAT {datanodeUUID=500162f5-df4c-43d4-be22-b16b483ed3b9, command=[]} | ret=SUCCESS |  
2019-08-29 08:27:27,855 | INFO  | SCMAudit | user=jenkins1000 | ip=192.168.157.249 | op=SEND_HEARTBEAT {datanodeUUID=b3ac43d0-c6e0-46d8-bcc9-9ad695550644, command=[]} | ret=SUCCESS |  
2019-08-29 08:27:28,001 | INFO  | SCMAudit | user=jenkins1000 | ip=192.168.157.249 | op=SEND_HEARTBEAT {datanodeUUID=35f04ff1-b93c-4ae0-b494-c5f2981bb056, command=[]} | ret=SUCCESS |  
2019-08-29 08:27:28,725 | INFO  | SCMAudit | user=jenkins1000 | ip=192.168.157.249 | op=SEND_HEARTBEAT {datanodeUUID=6d68ca61-c219-4724-b8bb-ddcd01f258b2, command=[]} | ret=SUCCESS |  
2019-08-29 08:27:28,790 | INFO  | SCMAudit | user=jenkins1000 | ip=192.168.157.249 | op=SEND_HEARTBEAT {datanodeUUID=2cd21838-1a98-4748-8882-d7146563928a, command=[]} | ret=SUCCESS |  
2019-08-29 08:27:28,804 | INFO  | SCMAudit | user=jenkins1000 | ip=192.168.157.249 | op=SEND_HEARTBEAT {datanodeUUID=f3091307-9c6d-4cf5-b619-8e6cca6f84c9, command=[]} | ret=SUCCESS |  
2019-08-29 08:27:28,823 | INFO  | SCMAudit | user=jenkins1000 | ip=192.168.157.249 | op=SEND_HEARTBEAT {datanodeUUID=24081c8f-d316-435d-a792-3431bfeb71b1, command=[]} | ret=SUCCESS |  
2019-08-29 08:27:28,829 | INFO  | SCMAudit | user=jenkins1000 | ip=192.168.157.249 | op=SEND_HEARTBEAT {datanodeUUID=500162f5-df4c-43d4-be22-b16b483ed3b9, command=[]} | ret=SUCCESS |  
2019-08-29 08:27:28,855 | INFO  | SCMAudit | user=jenkins1000 | ip=192.168.157.249 | op=SEND_HEARTBEAT {datanodeUUID=b3ac43d0-c6e0-46d8-bcc9-9ad695550644, command=[]} | ret=SUCCESS |  
2019-08-29 08:27:29,001 | INFO  | SCMAudit | user=jenkins1000 | ip=192.168.157.249 | op=SEND_HEARTBEAT {datanodeUUID=35f04ff1-b93c-4ae0-b494-c5f2981bb056, command=[]} | ret=SUCCESS |  
2019-08-29 08:27:29,725 | INFO  | SCMAudit | user=jenkins1000 | ip=192.168.157.249 | op=SEND_HEARTBEAT {datanodeUUID=6d68ca61-c219-4724-b8bb-ddcd01f258b2, command=[]} | ret=SUCCESS |  
2019-08-29 08:27:29,790 | INFO  | SCMAudit | user=jenkins1000 | ip=192.168.157.249 | op=SEND_HEARTBEAT {datanodeUUID=2cd21838-1a98-4748-8882-d7146563928a, command=[]} | ret=SUCCESS |  
2019-08-29 08:27:29,805 | INFO  | SCMAudit | user=jenkins1000 | ip=192.168.157.249 | op=SEND_HEARTBEAT {datanodeUUID=f3091307-9c6d-4cf5-b619-8e6cca6f84c9, command=[]} | ret=SUCCESS |  
2019-08-29 08:27:29,823 | INFO  | SCMAudit | user=jenkins1000 | ip=192.168.157.249 | op=SEND_HEARTBEAT {datanodeUUID=24081c8f-d316-435d-a792-3431bfeb71b1, command=[]} | ret=SUCCESS |  
2019-08-29 08:27:29,829 | INFO  | SCMAudit | user=jenkins1000 | ip=192.168.157.249 | op=SEND_HEARTBEAT {datanodeUUID=500162f5-df4c-43d4-be22-b16b483ed3b9, command=[]} | ret=SUCCESS |  
2019-08-29 08:27:29,856 | INFO  | SCMAudit | user=jenkins1000 | ip=192.168.157.249 | op=SEND_HEARTBEAT {datanodeUUID=b3ac43d0-c6e0-46d8-bcc9-9ad695550644, command=[]} | ret=SUCCESS |  
2019-08-29 08:27:30,002 | INFO  | SCMAudit | user=jenkins1000 | ip=192.168.157.249 | op=SEND_HEARTBEAT {datanodeUUID=35f04ff1-b93c-4ae0-b494-c5f2981bb056, command=[]} | ret=SUCCESS |  
2019-08-29 08:27:30,173 [grpc-default-executor-0] INFO  client.GrpcClientProtocolClient (GrpcClientProtocolClient.java:onNext(255)) - client-56A4EE866ECF->24081c8f-d316-435d-a792-3431bfeb71b1: receive RaftClientReply:client-56A4EE866ECF->24081c8f-d316-435d-a792-3431bfeb71b1@group-273770D6E455, cid=45, FAILED org.apache.ratis.protocol.NotLeaderException: Server 24081c8f-d316-435d-a792-3431bfeb71b1 is not the leader (2cd21838-1a98-4748-8882-d7146563928a:192.168.157.249:40808). Request must be sent to leader., logIndex=0, commits[24081c8f-d316-435d-a792-3431bfeb71b1:c8, 2cd21838-1a98-4748-8882-d7146563928a:c8, 500162f5-df4c-43d4-be22-b16b483ed3b9:c8]
2019-08-29 08:27:30,725 | INFO  | SCMAudit | user=jenkins1000 | ip=192.168.157.249 | op=SEND_HEARTBEAT {datanodeUUID=6d68ca61-c219-4724-b8bb-ddcd01f258b2, command=[]} | ret=SUCCESS |  
2019-08-29 08:27:30,790 | INFO  | SCMAudit | user=jenkins1000 | ip=192.168.157.249 | op=SEND_HEARTBEAT {datanodeUUID=2cd21838-1a98-4748-8882-d7146563928a, command=[]} | ret=SUCCESS |  
2019-08-29 08:27:30,804 | INFO  | SCMAudit | user=jenkins1000 | ip=192.168.157.249 | op=SEND_HEARTBEAT {datanodeUUID=f3091307-9c6d-4cf5-b619-8e6cca6f84c9, command=[]} | ret=SUCCESS |  
2019-08-29 08:27:30,824 | INFO  | SCMAudit | user=jenkins1000 | ip=192.168.157.249 | op=SEND_HEARTBEAT {datanodeUUID=24081c8f-d316-435d-a792-3431bfeb71b1, command=[]} | ret=SUCCESS |  
2019-08-29 08:27:30,829 | INFO  | SCMAudit | user=jenkins1000 | ip=192.168.157.249 | op=SEND_HEARTBEAT {datanodeUUID=500162f5-df4c-43d4-be22-b16b483ed3b9, command=[]} | ret=SUCCESS |  
2019-08-29 08:27:30,856 | INFO  | SCMAudit | user=jenkins1000 | ip=192.168.157.249 | op=SEND_HEARTBEAT {datanodeUUID=b3ac43d0-c6e0-46d8-bcc9-9ad695550644, command=[]} | ret=SUCCESS |  
2019-08-29 08:27:31,002 | INFO  | SCMAudit | user=jenkins1000 | ip=192.168.157.249 | op=SEND_HEARTBEAT {datanodeUUID=35f04ff1-b93c-4ae0-b494-c5f2981bb056, command=[]} | ret=SUCCESS |  
2019-08-29 08:27:31,725 | INFO  | SCMAudit | user=jenkins1000 | ip=192.168.157.249 | op=SEND_HEARTBEAT {datanodeUUID=6d68ca61-c219-4724-b8bb-ddcd01f258b2, command=[]} | ret=SUCCESS |  
2019-08-29 08:27:31,790 | INFO  | SCMAudit | user=jenkins1000 | ip=192.168.157.249 | op=SEND_HEARTBEAT {datanodeUUID=2cd21838-1a98-4748-8882-d7146563928a, command=[]} | ret=SUCCESS |  
2019-08-29 08:27:31,805 | INFO  | SCMAudit | user=jenkins1000 | ip=192.168.157.249 | op=SEND_HEARTBEAT {datanodeUUID=f3091307-9c6d-4cf5-b619-8e6cca6f84c9, command=[]} | ret=SUCCESS |  
2019-08-29 08:27:31,824 | INFO  | SCMAudit | user=jenkins1000 | ip=192.168.157.249 | op=SEND_HEARTBEAT {datanodeUUID=24081c8f-d316-435d-a792-3431bfeb71b1, command=[]} | ret=SUCCESS |  
2019-08-29 08:27:31,829 | INFO  | SCMAudit | user=jenkins1000 | ip=192.168.157.249 | op=SEND_HEARTBEAT {datanodeUUID=500162f5-df4c-43d4-be22-b16b483ed3b9, command=[]} | ret=SUCCESS |  
2019-08-29 08:27:31,856 | INFO  | SCMAudit | user=jenkins1000 | ip=192.168.157.249 | op=SEND_HEARTBEAT {datanodeUUID=b3ac43d0-c6e0-46d8-bcc9-9ad695550644, command=[]} | ret=SUCCESS |  
2019-08-29 08:27:32,002 | INFO  | SCMAudit | user=jenkins1000 | ip=192.168.157.249 | op=SEND_HEARTBEAT {datanodeUUID=35f04ff1-b93c-4ae0-b494-c5f2981bb056, command=[]} | ret=SUCCESS |  
2019-08-29 08:27:32,725 | INFO  | SCMAudit | user=jenkins1000 | ip=192.168.157.249 | op=SEND_HEARTBEAT {datanodeUUID=6d68ca61-c219-4724-b8bb-ddcd01f258b2, command=[]} | ret=SUCCESS |  
2019-08-29 08:27:32,790 | INFO  | SCMAudit | user=jenkins1000 | ip=192.168.157.249 | op=SEND_HEARTBEAT {datanodeUUID=2cd21838-1a98-4748-8882-d7146563928a, command=[]} | ret=SUCCESS |  
2019-08-29 08:27:32,805 | INFO  | SCMAudit | user=jenkins1000 | ip=192.168.157.249 | op=SEND_HEARTBEAT {datanodeUUID=f3091307-9c6d-4cf5-b619-8e6cca6f84c9, command=[]} | ret=SUCCESS |  
2019-08-29 08:27:32,825 | INFO  | SCMAudit | user=jenkins1000 | ip=192.168.157.249 | op=SEND_HEARTBEAT {datanodeUUID=24081c8f-d316-435d-a792-3431bfeb71b1, command=[]} | ret=SUCCESS |  
2019-08-29 08:27:32,830 | INFO  | SCMAudit | user=jenkins1000 | ip=192.168.157.249 | op=SEND_HEARTBEAT {datanodeUUID=500162f5-df4c-43d4-be22-b16b483ed3b9, command=[]} | ret=SUCCESS |  
2019-08-29 08:27:32,856 | INFO  | SCMAudit | user=jenkins1000 | ip=192.168.157.249 | op=SEND_HEARTBEAT {datanodeUUID=b3ac43d0-c6e0-46d8-bcc9-9ad695550644, command=[]} | ret=SUCCESS |  
2019-08-29 08:27:33,003 | INFO  | SCMAudit | user=jenkins1000 | ip=192.168.157.249 | op=SEND_HEARTBEAT {datanodeUUID=35f04ff1-b93c-4ae0-b494-c5f2981bb056, command=[]} | ret=SUCCESS |  
2019-08-29 08:27:33,725 | INFO  | SCMAudit | user=jenkins1000 | ip=192.168.157.249 | op=SEND_HEARTBEAT {datanodeUUID=6d68ca61-c219-4724-b8bb-ddcd01f258b2, command=[]} | ret=SUCCESS |  
2019-08-29 08:27:33,791 | INFO  | SCMAudit | user=jenkins1000 | ip=192.168.157.249 | op=SEND_HEARTBEAT {datanodeUUID=2cd21838-1a98-4748-8882-d7146563928a, command=[]} | ret=SUCCESS |  
2019-08-29 08:27:33,805 | INFO  | SCMAudit | user=jenkins1000 | ip=192.168.157.249 | op=SEND_HEARTBEAT {datanodeUUID=f3091307-9c6d-4cf5-b619-8e6cca6f84c9, command=[]} | ret=SUCCESS |  
2019-08-29 08:27:33,825 | INFO  | SCMAudit | user=jenkins1000 | ip=192.168.157.249 | op=SEND_HEARTBEAT {datanodeUUID=24081c8f-d316-435d-a792-3431bfeb71b1, command=[]} | ret=SUCCESS |  
2019-08-29 08:27:33,830 | INFO  | SCMAudit | user=jenkins1000 | ip=192.168.157.249 | op=SEND_HEARTBEAT {datanodeUUID=500162f5-df4c-43d4-be22-b16b483ed3b9, command=[]} | ret=SUCCESS |  
2019-08-29 08:27:33,856 | INFO  | SCMAudit | user=jenkins1000 | ip=192.168.157.249 | op=SEND_HEARTBEAT {datanodeUUID=b3ac43d0-c6e0-46d8-bcc9-9ad695550644, command=[]} | ret=SUCCESS |  
2019-08-29 08:27:34,003 | INFO  | SCMAudit | user=jenkins1000 | ip=192.168.157.249 | op=SEND_HEARTBEAT {datanodeUUID=35f04ff1-b93c-4ae0-b494-c5f2981bb056, command=[]} | ret=SUCCESS |  
2019-08-29 08:27:34,725 | INFO  | SCMAudit | user=jenkins1000 | ip=192.168.157.249 | op=SEND_HEARTBEAT {datanodeUUID=6d68ca61-c219-4724-b8bb-ddcd01f258b2, command=[]} | ret=SUCCESS |  
2019-08-29 08:27:34,790 | INFO  | SCMAudit | user=jenkins1000 | ip=192.168.157.249 | op=SEND_HEARTBEAT {datanodeUUID=2cd21838-1a98-4748-8882-d7146563928a, command=[]} | ret=SUCCESS |  
2019-08-29 08:27:34,805 | INFO  | SCMAudit | user=jenkins1000 | ip=192.168.157.249 | op=SEND_HEARTBEAT {datanodeUUID=f3091307-9c6d-4cf5-b619-8e6cca6f84c9, command=[]} | ret=SUCCESS |  
2019-08-29 08:27:34,825 | INFO  | SCMAudit | user=jenkins1000 | ip=192.168.157.249 | op=SEND_HEARTBEAT {datanodeUUID=24081c8f-d316-435d-a792-3431bfeb71b1, command=[]} | ret=SUCCESS |  
2019-08-29 08:27:34,830 | INFO  | SCMAudit | user=jenkins1000 | ip=192.168.157.249 | op=SEND_HEARTBEAT {datanodeUUID=500162f5-df4c-43d4-be22-b16b483ed3b9, command=[]} | ret=SUCCESS |  
2019-08-29 08:27:34,856 | INFO  | SCMAudit | user=jenkins1000 | ip=192.168.157.249 | op=SEND_HEARTBEAT {datanodeUUID=b3ac43d0-c6e0-46d8-bcc9-9ad695550644, command=[]} | ret=SUCCESS |  
2019-08-29 08:27:35,003 | INFO  | SCMAudit | user=jenkins1000 | ip=192.168.157.249 | op=SEND_HEARTBEAT {datanodeUUID=35f04ff1-b93c-4ae0-b494-c5f2981bb056, command=[]} | ret=SUCCESS |  
2019-08-29 08:27:35,223 [grpc-default-executor-0] INFO  client.GrpcClientProtocolClient (GrpcClientProtocolClient.java:onNext(255)) - client-56A4EE866ECF->24081c8f-d316-435d-a792-3431bfeb71b1: receive RaftClientReply:client-56A4EE866ECF->24081c8f-d316-435d-a792-3431bfeb71b1@group-273770D6E455, cid=45, FAILED org.apache.ratis.protocol.NotLeaderException: Server 24081c8f-d316-435d-a792-3431bfeb71b1 is not the leader (2cd21838-1a98-4748-8882-d7146563928a:192.168.157.249:40808). Request must be sent to leader., logIndex=0, commits[24081c8f-d316-435d-a792-3431bfeb71b1:c8, 2cd21838-1a98-4748-8882-d7146563928a:c8, 500162f5-df4c-43d4-be22-b16b483ed3b9:c8]
2019-08-29 08:27:35,726 | INFO  | SCMAudit | user=jenkins1000 | ip=192.168.157.249 | op=SEND_HEARTBEAT {datanodeUUID=6d68ca61-c219-4724-b8bb-ddcd01f258b2, command=[]} | ret=SUCCESS |  
2019-08-29 08:27:35,790 | INFO  | SCMAudit | user=jenkins1000 | ip=192.168.157.249 | op=SEND_HEARTBEAT {datanodeUUID=2cd21838-1a98-4748-8882-d7146563928a, command=[]} | ret=SUCCESS |  
2019-08-29 08:27:35,805 | INFO  | SCMAudit | user=jenkins1000 | ip=192.168.157.249 | op=SEND_HEARTBEAT {datanodeUUID=f3091307-9c6d-4cf5-b619-8e6cca6f84c9, command=[]} | ret=SUCCESS |  
2019-08-29 08:27:35,826 | INFO  | SCMAudit | user=jenkins1000 | ip=192.168.157.249 | op=SEND_HEARTBEAT {datanodeUUID=24081c8f-d316-435d-a792-3431bfeb71b1, command=[]} | ret=SUCCESS |  
2019-08-29 08:27:35,830 | INFO  | SCMAudit | user=jenkins1000 | ip=192.168.157.249 | op=SEND_HEARTBEAT {datanodeUUID=500162f5-df4c-43d4-be22-b16b483ed3b9, command=[]} | ret=SUCCESS |  
2019-08-29 08:27:35,856 | INFO  | SCMAudit | user=jenkins1000 | ip=192.168.157.249 | op=SEND_HEARTBEAT {datanodeUUID=b3ac43d0-c6e0-46d8-bcc9-9ad695550644, command=[]} | ret=SUCCESS |  
2019-08-29 08:27:36,003 | INFO  | SCMAudit | user=jenkins1000 | ip=192.168.157.249 | op=SEND_HEARTBEAT {datanodeUUID=35f04ff1-b93c-4ae0-b494-c5f2981bb056, command=[]} | ret=SUCCESS |  
2019-08-29 08:27:36,726 | INFO  | SCMAudit | user=jenkins1000 | ip=192.168.157.249 | op=SEND_HEARTBEAT {datanodeUUID=6d68ca61-c219-4724-b8bb-ddcd01f258b2, command=[]} | ret=SUCCESS |  
2019-08-29 08:27:36,790 | INFO  | SCMAudit | user=jenkins1000 | ip=192.168.157.249 | op=SEND_HEARTBEAT {datanodeUUID=2cd21838-1a98-4748-8882-d7146563928a, command=[]} | ret=SUCCESS |  
2019-08-29 08:27:36,805 | INFO  | SCMAudit | user=jenkins1000 | ip=192.168.157.249 | op=SEND_HEARTBEAT {datanodeUUID=f3091307-9c6d-4cf5-b619-8e6cca6f84c9, command=[]} | ret=SUCCESS |  
2019-08-29 08:27:36,827 | INFO  | SCMAudit | user=jenkins1000 | ip=192.168.157.249 | op=SEND_HEARTBEAT {datanodeUUID=24081c8f-d316-435d-a792-3431bfeb71b1, command=[]} | ret=SUCCESS |  
2019-08-29 08:27:36,830 | INFO  | SCMAudit | user=jenkins1000 | ip=192.168.157.249 | op=SEND_HEARTBEAT {datanodeUUID=500162f5-df4c-43d4-be22-b16b483ed3b9, command=[]} | ret=SUCCESS |  
2019-08-29 08:27:36,856 | INFO  | SCMAudit | user=jenkins1000 | ip=192.168.157.249 | op=SEND_HEARTBEAT {datanodeUUID=b3ac43d0-c6e0-46d8-bcc9-9ad695550644, command=[]} | ret=SUCCESS |  
2019-08-29 08:27:37,003 | INFO  | SCMAudit | user=jenkins1000 | ip=192.168.157.249 | op=SEND_HEARTBEAT {datanodeUUID=35f04ff1-b93c-4ae0-b494-c5f2981bb056, command=[]} | ret=SUCCESS |  
2019-08-29 08:27:37,727 | INFO  | SCMAudit | user=jenkins1000 | ip=192.168.157.249 | op=SEND_HEARTBEAT {datanodeUUID=6d68ca61-c219-4724-b8bb-ddcd01f258b2, command=[]} | ret=SUCCESS |  
2019-08-29 08:27:37,790 | INFO  | SCMAudit | user=jenkins1000 | ip=192.168.157.249 | op=SEND_HEARTBEAT {datanodeUUID=2cd21838-1a98-4748-8882-d7146563928a, command=[]} | ret=SUCCESS |  
2019-08-29 08:27:37,805 | INFO  | SCMAudit | user=jenkins1000 | ip=192.168.157.249 | op=SEND_HEARTBEAT {datanodeUUID=f3091307-9c6d-4cf5-b619-8e6cca6f84c9, command=[]} | ret=SUCCESS |  
2019-08-29 08:27:37,827 | INFO  | SCMAudit | user=jenkins1000 | ip=192.168.157.249 | op=SEND_HEARTBEAT {datanodeUUID=24081c8f-d316-435d-a792-3431bfeb71b1, command=[]} | ret=SUCCESS |  
2019-08-29 08:27:37,830 | INFO  | SCMAudit | user=jenkins1000 | ip=192.168.157.249 | op=SEND_HEARTBEAT {datanodeUUID=500162f5-df4c-43d4-be22-b16b483ed3b9, command=[]} | ret=SUCCESS |  
2019-08-29 08:27:37,856 | INFO  | SCMAudit | user=jenkins1000 | ip=192.168.157.249 | op=SEND_HEARTBEAT {datanodeUUID=b3ac43d0-c6e0-46d8-bcc9-9ad695550644, command=[]} | ret=SUCCESS |  
2019-08-29 08:27:38,003 | INFO  | SCMAudit | user=jenkins1000 | ip=192.168.157.249 | op=SEND_HEARTBEAT {datanodeUUID=35f04ff1-b93c-4ae0-b494-c5f2981bb056, command=[]} | ret=SUCCESS |  
2019-08-29 08:27:38,726 | INFO  | SCMAudit | user=jenkins1000 | ip=192.168.157.249 | op=SEND_HEARTBEAT {datanodeUUID=6d68ca61-c219-4724-b8bb-ddcd01f258b2, command=[]} | ret=SUCCESS |  
2019-08-29 08:27:38,791 | INFO  | SCMAudit | user=jenkins1000 | ip=192.168.157.249 | op=SEND_HEARTBEAT {datanodeUUID=2cd21838-1a98-4748-8882-d7146563928a, command=[]} | ret=SUCCESS |  
2019-08-29 08:27:38,805 | INFO  | SCMAudit | user=jenkins1000 | ip=192.168.157.249 | op=SEND_HEARTBEAT {datanodeUUID=f3091307-9c6d-4cf5-b619-8e6cca6f84c9, command=[]} | ret=SUCCESS |  
2019-08-29 08:27:38,828 | INFO  | SCMAudit | user=jenkins1000 | ip=192.168.157.249 | op=SEND_HEARTBEAT {datanodeUUID=24081c8f-d316-435d-a792-3431bfeb71b1, command=[]} | ret=SUCCESS |  
2019-08-29 08:27:38,830 | INFO  | SCMAudit | user=jenkins1000 | ip=192.168.157.249 | op=SEND_HEARTBEAT {datanodeUUID=500162f5-df4c-43d4-be22-b16b483ed3b9, command=[]} | ret=SUCCESS |  
2019-08-29 08:27:38,856 | INFO  | SCMAudit | user=jenkins1000 | ip=192.168.157.249 | op=SEND_HEARTBEAT {datanodeUUID=b3ac43d0-c6e0-46d8-bcc9-9ad695550644, command=[]} | ret=SUCCESS |  
2019-08-29 08:27:39,003 | INFO  | SCMAudit | user=jenkins1000 | ip=192.168.157.249 | op=SEND_HEARTBEAT {datanodeUUID=35f04ff1-b93c-4ae0-b494-c5f2981bb056, command=[]} | ret=SUCCESS |  
2019-08-29 08:27:39,726 | INFO  | SCMAudit | user=jenkins1000 | ip=192.168.157.249 | op=SEND_HEARTBEAT {datanodeUUID=6d68ca61-c219-4724-b8bb-ddcd01f258b2, command=[]} | ret=SUCCESS |  
2019-08-29 08:27:39,791 | INFO  | SCMAudit | user=jenkins1000 | ip=192.168.157.249 | op=SEND_HEARTBEAT {datanodeUUID=2cd21838-1a98-4748-8882-d7146563928a, command=[]} | ret=SUCCESS |  
2019-08-29 08:27:39,805 | INFO  | SCMAudit | user=jenkins1000 | ip=192.168.157.249 | op=SEND_HEARTBEAT {datanodeUUID=f3091307-9c6d-4cf5-b619-8e6cca6f84c9, command=[]} | ret=SUCCESS |  
2019-08-29 08:27:39,827 | INFO  | SCMAudit | user=jenkins1000 | ip=192.168.157.249 | op=SEND_HEARTBEAT {datanodeUUID=24081c8f-d316-435d-a792-3431bfeb71b1, command=[]} | ret=SUCCESS |  
2019-08-29 08:27:39,830 | INFO  | SCMAudit | user=jenkins1000 | ip=192.168.157.249 | op=SEND_HEARTBEAT {datanodeUUID=500162f5-df4c-43d4-be22-b16b483ed3b9, command=[]} | ret=SUCCESS |  
2019-08-29 08:27:39,855 | INFO  | SCMAudit | user=jenkins1000 | ip=192.168.157.249 | op=SEND_HEARTBEAT {datanodeUUID=b3ac43d0-c6e0-46d8-bcc9-9ad695550644, command=[]} | ret=SUCCESS |  
2019-08-29 08:27:40,003 | INFO  | SCMAudit | user=jenkins1000 | ip=192.168.157.249 | op=SEND_HEARTBEAT {datanodeUUID=35f04ff1-b93c-4ae0-b494-c5f2981bb056, command=[]} | ret=SUCCESS |  
2019-08-29 08:27:40,270 [grpc-default-executor-2] INFO  client.GrpcClientProtocolClient (GrpcClientProtocolClient.java:onNext(255)) - client-56A4EE866ECF->500162f5-df4c-43d4-be22-b16b483ed3b9: receive RaftClientReply:client-56A4EE866ECF->500162f5-df4c-43d4-be22-b16b483ed3b9@group-273770D6E455, cid=45, FAILED org.apache.ratis.protocol.NotLeaderException: Server 500162f5-df4c-43d4-be22-b16b483ed3b9 is not the leader (2cd21838-1a98-4748-8882-d7146563928a:192.168.157.249:40808). Request must be sent to leader., logIndex=0, commits[500162f5-df4c-43d4-be22-b16b483ed3b9:c8, 2cd21838-1a98-4748-8882-d7146563928a:c8, 24081c8f-d316-435d-a792-3431bfeb71b1:c8]
2019-08-29 08:27:40,726 | INFO  | SCMAudit | user=jenkins1000 | ip=192.168.157.249 | op=SEND_HEARTBEAT {datanodeUUID=6d68ca61-c219-4724-b8bb-ddcd01f258b2, command=[]} | ret=SUCCESS |  
2019-08-29 08:27:40,792 | INFO  | SCMAudit | user=jenkins1000 | ip=192.168.157.249 | op=SEND_HEARTBEAT {datanodeUUID=2cd21838-1a98-4748-8882-d7146563928a, command=[]} | ret=SUCCESS |  
2019-08-29 08:27:40,805 | INFO  | SCMAudit | user=jenkins1000 | ip=192.168.157.249 | op=SEND_HEARTBEAT {datanodeUUID=f3091307-9c6d-4cf5-b619-8e6cca6f84c9, command=[]} | ret=SUCCESS |  
2019-08-29 08:27:40,829 | INFO  | SCMAudit | user=jenkins1000 | ip=192.168.157.249 | op=SEND_HEARTBEAT {datanodeUUID=24081c8f-d316-435d-a792-3431bfeb71b1, command=[]} | ret=SUCCESS |  
2019-08-29 08:27:40,830 | INFO  | SCMAudit | user=jenkins1000 | ip=192.168.157.249 | op=SEND_HEARTBEAT {datanodeUUID=500162f5-df4c-43d4-be22-b16b483ed3b9, command=[]} | ret=SUCCESS |  
2019-08-29 08:27:40,857 | INFO  | SCMAudit | user=jenkins1000 | ip=192.168.157.249 | op=SEND_HEARTBEAT {datanodeUUID=b3ac43d0-c6e0-46d8-bcc9-9ad695550644, command=[]} | ret=SUCCESS |  
2019-08-29 08:27:41,004 | INFO  | SCMAudit | user=jenkins1000 | ip=192.168.157.249 | op=SEND_HEARTBEAT {datanodeUUID=35f04ff1-b93c-4ae0-b494-c5f2981bb056, command=[]} | ret=SUCCESS |  
2019-08-29 08:27:41,727 | INFO  | SCMAudit | user=jenkins1000 | ip=192.168.157.249 | op=SEND_HEARTBEAT {datanodeUUID=6d68ca61-c219-4724-b8bb-ddcd01f258b2, command=[]} | ret=SUCCESS |  
2019-08-29 08:27:41,792 | INFO  | SCMAudit | user=jenkins1000 | ip=192.168.157.249 | op=SEND_HEARTBEAT {datanodeUUID=2cd21838-1a98-4748-8882-d7146563928a, command=[]} | ret=SUCCESS |  
2019-08-29 08:27:41,805 | INFO  | SCMAudit | user=jenkins1000 | ip=192.168.157.249 | op=SEND_HEARTBEAT {datanodeUUID=f3091307-9c6d-4cf5-b619-8e6cca6f84c9, command=[]} | ret=SUCCESS |  
2019-08-29 08:27:41,828 | INFO  | SCMAudit | user=jenkins1000 | ip=192.168.157.249 | op=SEND_HEARTBEAT {datanodeUUID=24081c8f-d316-435d-a792-3431bfeb71b1, command=[]} | ret=SUCCESS |  
2019-08-29 08:27:41,831 | INFO  | SCMAudit | user=jenkins1000 | ip=192.168.157.249 | op=SEND_HEARTBEAT {datanodeUUID=500162f5-df4c-43d4-be22-b16b483ed3b9, command=[]} | ret=SUCCESS |  
2019-08-29 08:27:41,856 | INFO  | SCMAudit | user=jenkins1000 | ip=192.168.157.249 | op=SEND_HEARTBEAT {datanodeUUID=b3ac43d0-c6e0-46d8-bcc9-9ad695550644, command=[]} | ret=SUCCESS |  
2019-08-29 08:27:42,003 | INFO  | SCMAudit | user=jenkins1000 | ip=192.168.157.249 | op=SEND_HEARTBEAT {datanodeUUID=35f04ff1-b93c-4ae0-b494-c5f2981bb056, command=[]} | ret=SUCCESS |  
2019-08-29 08:27:42,727 | INFO  | SCMAudit | user=jenkins1000 | ip=192.168.157.249 | op=SEND_HEARTBEAT {datanodeUUID=6d68ca61-c219-4724-b8bb-ddcd01f258b2, command=[]} | ret=SUCCESS |  
2019-08-29 08:27:42,792 | INFO  | SCMAudit | user=jenkins1000 | ip=192.168.157.249 | op=SEND_HEARTBEAT {datanodeUUID=2cd21838-1a98-4748-8882-d7146563928a, command=[]} | ret=SUCCESS |  
2019-08-29 08:27:42,805 | INFO  | SCMAudit | user=jenkins1000 | ip=192.168.157.249 | op=SEND_HEARTBEAT {datanodeUUID=f3091307-9c6d-4cf5-b619-8e6cca6f84c9, command=[]} | ret=SUCCESS |  
2019-08-29 08:27:42,828 | INFO  | SCMAudit | user=jenkins1000 | ip=192.168.157.249 | op=SEND_HEARTBEAT {datanodeUUID=24081c8f-d316-435d-a792-3431bfeb71b1, command=[]} | ret=SUCCESS |  
2019-08-29 08:27:42,831 | INFO  | SCMAudit | user=jenkins1000 | ip=192.168.157.249 | op=SEND_HEARTBEAT {datanodeUUID=500162f5-df4c-43d4-be22-b16b483ed3b9, command=[]} | ret=SUCCESS |  
2019-08-29 08:27:42,856 | INFO  | SCMAudit | user=jenkins1000 | ip=192.168.157.249 | op=SEND_HEARTBEAT {datanodeUUID=b3ac43d0-c6e0-46d8-bcc9-9ad695550644, command=[]} | ret=SUCCESS |  
2019-08-29 08:27:43,003 | INFO  | SCMAudit | user=jenkins1000 | ip=192.168.157.249 | op=SEND_HEARTBEAT {datanodeUUID=35f04ff1-b93c-4ae0-b494-c5f2981bb056, command=[]} | ret=SUCCESS |  
2019-08-29 08:27:43,727 | INFO  | SCMAudit | user=jenkins1000 | ip=192.168.157.249 | op=SEND_HEARTBEAT {datanodeUUID=6d68ca61-c219-4724-b8bb-ddcd01f258b2, command=[]} | ret=SUCCESS |  
2019-08-29 08:27:43,792 | INFO  | SCMAudit | user=jenkins1000 | ip=192.168.157.249 | op=SEND_HEARTBEAT {datanodeUUID=2cd21838-1a98-4748-8882-d7146563928a, command=[]} | ret=SUCCESS |  
2019-08-29 08:27:43,805 | INFO  | SCMAudit | user=jenkins1000 | ip=192.168.157.249 | op=SEND_HEARTBEAT {datanodeUUID=f3091307-9c6d-4cf5-b619-8e6cca6f84c9, command=[]} | ret=SUCCESS |  
2019-08-29 08:27:43,828 | INFO  | SCMAudit | user=jenkins1000 | ip=192.168.157.249 | op=SEND_HEARTBEAT {datanodeUUID=24081c8f-d316-435d-a792-3431bfeb71b1, command=[]} | ret=SUCCESS |  
2019-08-29 08:27:43,831 | INFO  | SCMAudit | user=jenkins1000 | ip=192.168.157.249 | op=SEND_HEARTBEAT {datanodeUUID=500162f5-df4c-43d4-be22-b16b483ed3b9, command=[]} | ret=SUCCESS |  
2019-08-29 08:27:43,856 | INFO  | SCMAudit | user=jenkins1000 | ip=192.168.157.249 | op=SEND_HEARTBEAT {datanodeUUID=b3ac43d0-c6e0-46d8-bcc9-9ad695550644, command=[]} | ret=SUCCESS |  
2019-08-29 08:27:44,004 | INFO  | SCMAudit | user=jenkins1000 | ip=192.168.157.249 | op=SEND_HEARTBEAT {datanodeUUID=35f04ff1-b93c-4ae0-b494-c5f2981bb056, command=[]} | ret=SUCCESS |  
2019-08-29 08:27:44,727 | INFO  | SCMAudit | user=jenkins1000 | ip=192.168.157.249 | op=SEND_HEARTBEAT {datanodeUUID=6d68ca61-c219-4724-b8bb-ddcd01f258b2, command=[]} | ret=SUCCESS |  
2019-08-29 08:27:44,792 | INFO  | SCMAudit | user=jenkins1000 | ip=192.168.157.249 | op=SEND_HEARTBEAT {datanodeUUID=2cd21838-1a98-4748-8882-d7146563928a, command=[]} | ret=SUCCESS |  
2019-08-29 08:27:44,805 | INFO  | SCMAudit | user=jenkins1000 | ip=192.168.157.249 | op=SEND_HEARTBEAT {datanodeUUID=f3091307-9c6d-4cf5-b619-8e6cca6f84c9, command=[]} | ret=SUCCESS |  
2019-08-29 08:27:44,828 | INFO  | SCMAudit | user=jenkins1000 | ip=192.168.157.249 | op=SEND_HEARTBEAT {datanodeUUID=24081c8f-d316-435d-a792-3431bfeb71b1, command=[]} | ret=SUCCESS |  
2019-08-29 08:27:44,831 | INFO  | SCMAudit | user=jenkins1000 | ip=192.168.157.249 | op=SEND_HEARTBEAT {datanodeUUID=500162f5-df4c-43d4-be22-b16b483ed3b9, command=[]} | ret=SUCCESS |  
2019-08-29 08:27:44,856 | INFO  | SCMAudit | user=jenkins1000 | ip=192.168.157.249 | op=SEND_HEARTBEAT {datanodeUUID=b3ac43d0-c6e0-46d8-bcc9-9ad695550644, command=[]} | ret=SUCCESS |  
2019-08-29 08:27:45,003 | INFO  | SCMAudit | user=jenkins1000 | ip=192.168.157.249 | op=SEND_HEARTBEAT {datanodeUUID=35f04ff1-b93c-4ae0-b494-c5f2981bb056, command=[]} | ret=SUCCESS |  
2019-08-29 08:27:45,327 [grpc-default-executor-0] INFO  client.GrpcClientProtocolClient (GrpcClientProtocolClient.java:onNext(255)) - client-56A4EE866ECF->24081c8f-d316-435d-a792-3431bfeb71b1: receive RaftClientReply:client-56A4EE866ECF->24081c8f-d316-435d-a792-3431bfeb71b1@group-273770D6E455, cid=45, FAILED org.apache.ratis.protocol.NotLeaderException: Server 24081c8f-d316-435d-a792-3431bfeb71b1 is not the leader (2cd21838-1a98-4748-8882-d7146563928a:192.168.157.249:40808). Request must be sent to leader., logIndex=0, commits[24081c8f-d316-435d-a792-3431bfeb71b1:c8, 2cd21838-1a98-4748-8882-d7146563928a:c8, 500162f5-df4c-43d4-be22-b16b483ed3b9:c8]
2019-08-29 08:27:45,727 | INFO  | SCMAudit | user=jenkins1000 | ip=192.168.157.249 | op=SEND_HEARTBEAT {datanodeUUID=6d68ca61-c219-4724-b8bb-ddcd01f258b2, command=[]} | ret=SUCCESS |  
2019-08-29 08:27:45,793 | INFO  | SCMAudit | user=jenkins1000 | ip=192.168.157.249 | op=SEND_HEARTBEAT {datanodeUUID=2cd21838-1a98-4748-8882-d7146563928a, command=[]} | ret=SUCCESS |  
2019-08-29 08:27:45,805 | INFO  | SCMAudit | user=jenkins1000 | ip=192.168.157.249 | op=SEND_HEARTBEAT {datanodeUUID=f3091307-9c6d-4cf5-b619-8e6cca6f84c9, command=[]} | ret=SUCCESS |  
2019-08-29 08:27:45,828 | INFO  | SCMAudit | user=jenkins1000 | ip=192.168.157.249 | op=SEND_HEARTBEAT {datanodeUUID=24081c8f-d316-435d-a792-3431bfeb71b1, command=[]} | ret=SUCCESS |  
2019-08-29 08:27:45,830 | INFO  | SCMAudit | user=jenkins1000 | ip=192.168.157.249 | op=SEND_HEARTBEAT {datanodeUUID=500162f5-df4c-43d4-be22-b16b483ed3b9, command=[]} | ret=SUCCESS |  
2019-08-29 08:27:45,856 | INFO  | SCMAudit | user=jenkins1000 | ip=192.168.157.249 | op=SEND_HEARTBEAT {datanodeUUID=b3ac43d0-c6e0-46d8-bcc9-9ad695550644, command=[]} | ret=SUCCESS |  
2019-08-29 08:27:46,003 | INFO  | SCMAudit | user=jenkins1000 | ip=192.168.157.249 | op=SEND_HEARTBEAT {datanodeUUID=35f04ff1-b93c-4ae0-b494-c5f2981bb056, command=[]} | ret=SUCCESS |  
2019-08-29 08:27:46,727 | INFO  | SCMAudit | user=jenkins1000 | ip=192.168.157.249 | op=SEND_HEARTBEAT {datanodeUUID=6d68ca61-c219-4724-b8bb-ddcd01f258b2, command=[]} | ret=SUCCESS |  
2019-08-29 08:27:46,792 | INFO  | SCMAudit | user=jenkins1000 | ip=192.168.157.249 | op=SEND_HEARTBEAT {datanodeUUID=2cd21838-1a98-4748-8882-d7146563928a, command=[]} | ret=SUCCESS |  
2019-08-29 08:27:46,805 | INFO  | SCMAudit | user=jenkins1000 | ip=192.168.157.249 | op=SEND_HEARTBEAT {datanodeUUID=f3091307-9c6d-4cf5-b619-8e6cca6f84c9, command=[]} | ret=SUCCESS |  
2019-08-29 08:27:46,828 | INFO  | SCMAudit | user=jenkins1000 | ip=192.168.157.249 | op=SEND_HEARTBEAT {datanodeUUID=24081c8f-d316-435d-a792-3431bfeb71b1, command=[]} | ret=SUCCESS |  
2019-08-29 08:27:46,831 | INFO  | SCMAudit | user=jenkins1000 | ip=192.168.157.249 | op=SEND_HEARTBEAT {datanodeUUID=500162f5-df4c-43d4-be22-b16b483ed3b9, command=[]} | ret=SUCCESS |  
2019-08-29 08:27:46,856 | INFO  | SCMAudit | user=jenkins1000 | ip=192.168.157.249 | op=SEND_HEARTBEAT {datanodeUUID=b3ac43d0-c6e0-46d8-bcc9-9ad695550644, command=[]} | ret=SUCCESS |  
2019-08-29 08:27:47,003 | INFO  | SCMAudit | user=jenkins1000 | ip=192.168.157.249 | op=SEND_HEARTBEAT {datanodeUUID=35f04ff1-b93c-4ae0-b494-c5f2981bb056, command=[]} | ret=SUCCESS |  
2019-08-29 08:27:47,727 | INFO  | SCMAudit | user=jenkins1000 | ip=192.168.157.249 | op=SEND_HEARTBEAT {datanodeUUID=6d68ca61-c219-4724-b8bb-ddcd01f258b2, command=[]} | ret=SUCCESS |  
2019-08-29 08:27:47,792 | INFO  | SCMAudit | user=jenkins1000 | ip=192.168.157.249 | op=SEND_HEARTBEAT {datanodeUUID=2cd21838-1a98-4748-8882-d7146563928a, command=[]} | ret=SUCCESS |  
2019-08-29 08:27:47,805 | INFO  | SCMAudit | user=jenkins1000 | ip=192.168.157.249 | op=SEND_HEARTBEAT {datanodeUUID=f3091307-9c6d-4cf5-b619-8e6cca6f84c9, command=[]} | ret=SUCCESS |  
2019-08-29 08:27:47,828 | INFO  | SCMAudit | user=jenkins1000 | ip=192.168.157.249 | op=SEND_HEARTBEAT {datanodeUUID=24081c8f-d316-435d-a792-3431bfeb71b1, command=[]} | ret=SUCCESS |  
2019-08-29 08:27:47,831 | INFO  | SCMAudit | user=jenkins1000 | ip=192.168.157.249 | op=SEND_HEARTBEAT {datanodeUUID=500162f5-df4c-43d4-be22-b16b483ed3b9, command=[]} | ret=SUCCESS |  
2019-08-29 08:27:47,856 | INFO  | SCMAudit | user=jenkins1000 | ip=192.168.157.249 | op=SEND_HEARTBEAT {datanodeUUID=b3ac43d0-c6e0-46d8-bcc9-9ad695550644, command=[]} | ret=SUCCESS |  
2019-08-29 08:27:48,003 | INFO  | SCMAudit | user=jenkins1000 | ip=192.168.157.249 | op=SEND_HEARTBEAT {datanodeUUID=35f04ff1-b93c-4ae0-b494-c5f2981bb056, command=[]} | ret=SUCCESS |  
2019-08-29 08:27:48,728 | INFO  | SCMAudit | user=jenkins1000 | ip=192.168.157.249 | op=SEND_HEARTBEAT {datanodeUUID=6d68ca61-c219-4724-b8bb-ddcd01f258b2, command=[]} | ret=SUCCESS |  
2019-08-29 08:27:48,793 | INFO  | SCMAudit | user=jenkins1000 | ip=192.168.157.249 | op=SEND_HEARTBEAT {datanodeUUID=2cd21838-1a98-4748-8882-d7146563928a, command=[]} | ret=SUCCESS |  
2019-08-29 08:27:48,805 | INFO  | SCMAudit | user=jenkins1000 | ip=192.168.157.249 | op=SEND_HEARTBEAT {datanodeUUID=f3091307-9c6d-4cf5-b619-8e6cca6f84c9, command=[]} | ret=SUCCESS |  
2019-08-29 08:27:48,828 | INFO  | SCMAudit | user=jenkins1000 | ip=192.168.157.249 | op=SEND_HEARTBEAT {datanodeUUID=24081c8f-d316-435d-a792-3431bfeb71b1, command=[]} | ret=SUCCESS |  
2019-08-29 08:27:48,834 | INFO  | SCMAudit | user=jenkins1000 | ip=192.168.157.249 | op=SEND_HEARTBEAT {datanodeUUID=500162f5-df4c-43d4-be22-b16b483ed3b9, command=[]} | ret=SUCCESS |  
2019-08-29 08:27:48,856 | INFO  | SCMAudit | user=jenkins1000 | ip=192.168.157.249 | op=SEND_HEARTBEAT {datanodeUUID=b3ac43d0-c6e0-46d8-bcc9-9ad695550644, command=[]} | ret=SUCCESS |  
2019-08-29 08:27:49,004 | INFO  | SCMAudit | user=jenkins1000 | ip=192.168.157.249 | op=SEND_HEARTBEAT {datanodeUUID=35f04ff1-b93c-4ae0-b494-c5f2981bb056, command=[]} | ret=SUCCESS |  
2019-08-29 08:27:49,728 | INFO  | SCMAudit | user=jenkins1000 | ip=192.168.157.249 | op=SEND_HEARTBEAT {datanodeUUID=6d68ca61-c219-4724-b8bb-ddcd01f258b2, command=[]} | ret=SUCCESS |  
2019-08-29 08:27:49,792 | INFO  | SCMAudit | user=jenkins1000 | ip=192.168.157.249 | op=SEND_HEARTBEAT {datanodeUUID=2cd21838-1a98-4748-8882-d7146563928a, command=[]} | ret=SUCCESS |  
2019-08-29 08:27:49,805 | INFO  | SCMAudit | user=jenkins1000 | ip=192.168.157.249 | op=SEND_HEARTBEAT {datanodeUUID=f3091307-9c6d-4cf5-b619-8e6cca6f84c9, command=[]} | ret=SUCCESS |  
2019-08-29 08:27:49,828 | INFO  | SCMAudit | user=jenkins1000 | ip=192.168.157.249 | op=SEND_HEARTBEAT {datanodeUUID=24081c8f-d316-435d-a792-3431bfeb71b1, command=[]} | ret=SUCCESS |  
2019-08-29 08:27:49,834 | INFO  | SCMAudit | user=jenkins1000 | ip=192.168.157.249 | op=SEND_HEARTBEAT {datanodeUUID=500162f5-df4c-43d4-be22-b16b483ed3b9, command=[]} | ret=SUCCESS |  
2019-08-29 08:27:49,856 | INFO  | SCMAudit | user=jenkins1000 | ip=192.168.157.249 | op=SEND_HEARTBEAT {datanodeUUID=b3ac43d0-c6e0-46d8-bcc9-9ad695550644, command=[]} | ret=SUCCESS |  
2019-08-29 08:27:50,004 | INFO  | SCMAudit | user=jenkins1000 | ip=192.168.157.249 | op=SEND_HEARTBEAT {datanodeUUID=35f04ff1-b93c-4ae0-b494-c5f2981bb056, command=[]} | ret=SUCCESS |  
2019-08-29 08:27:50,367 [grpc-default-executor-0] INFO  client.GrpcClientProtocolClient (GrpcClientProtocolClient.java:onNext(255)) - client-56A4EE866ECF->500162f5-df4c-43d4-be22-b16b483ed3b9: receive RaftClientReply:client-56A4EE866ECF->500162f5-df4c-43d4-be22-b16b483ed3b9@group-273770D6E455, cid=45, FAILED org.apache.ratis.protocol.NotLeaderException: Server 500162f5-df4c-43d4-be22-b16b483ed3b9 is not the leader (2cd21838-1a98-4748-8882-d7146563928a:192.168.157.249:40808). Request must be sent to leader., logIndex=0, commits[500162f5-df4c-43d4-be22-b16b483ed3b9:c8, 2cd21838-1a98-4748-8882-d7146563928a:c8, 24081c8f-d316-435d-a792-3431bfeb71b1:c8]
2019-08-29 08:27:50,728 | INFO  | SCMAudit | user=jenkins1000 | ip=192.168.157.249 | op=SEND_HEARTBEAT {datanodeUUID=6d68ca61-c219-4724-b8bb-ddcd01f258b2, command=[]} | ret=SUCCESS |  
2019-08-29 08:27:50,792 | INFO  | SCMAudit | user=jenkins1000 | ip=192.168.157.249 | op=SEND_HEARTBEAT {datanodeUUID=2cd21838-1a98-4748-8882-d7146563928a, command=[]} | ret=SUCCESS |  
2019-08-29 08:27:50,805 | INFO  | SCMAudit | user=jenkins1000 | ip=192.168.157.249 | op=SEND_HEARTBEAT {datanodeUUID=f3091307-9c6d-4cf5-b619-8e6cca6f84c9, command=[]} | ret=SUCCESS |  
2019-08-29 08:27:50,828 | INFO  | SCMAudit | user=jenkins1000 | ip=192.168.157.249 | op=SEND_HEARTBEAT {datanodeUUID=24081c8f-d316-435d-a792-3431bfeb71b1, command=[]} | ret=SUCCESS |  
2019-08-29 08:27:50,835 | INFO  | SCMAudit | user=jenkins1000 | ip=192.168.157.249 | op=SEND_HEARTBEAT {datanodeUUID=500162f5-df4c-43d4-be22-b16b483ed3b9, command=[]} | ret=SUCCESS |  
2019-08-29 08:27:50,856 | INFO  | SCMAudit | user=jenkins1000 | ip=192.168.157.249 | op=SEND_HEARTBEAT {datanodeUUID=b3ac43d0-c6e0-46d8-bcc9-9ad695550644, command=[]} | ret=SUCCESS |  
2019-08-29 08:27:51,004 | INFO  | SCMAudit | user=jenkins1000 | ip=192.168.157.249 | op=SEND_HEARTBEAT {datanodeUUID=35f04ff1-b93c-4ae0-b494-c5f2981bb056, command=[]} | ret=SUCCESS |  
2019-08-29 08:27:51,729 | INFO  | SCMAudit | user=jenkins1000 | ip=192.168.157.249 | op=SEND_HEARTBEAT {datanodeUUID=6d68ca61-c219-4724-b8bb-ddcd01f258b2, command=[]} | ret=SUCCESS |  
2019-08-29 08:27:51,793 | INFO  | SCMAudit | user=jenkins1000 | ip=192.168.157.249 | op=SEND_HEARTBEAT {datanodeUUID=2cd21838-1a98-4748-8882-d7146563928a, command=[]} | ret=SUCCESS |  
2019-08-29 08:27:51,805 | INFO  | SCMAudit | user=jenkins1000 | ip=192.168.157.249 | op=SEND_HEARTBEAT {datanodeUUID=f3091307-9c6d-4cf5-b619-8e6cca6f84c9, command=[]} | ret=SUCCESS |  
2019-08-29 08:27:51,828 | INFO  | SCMAudit | user=jenkins1000 | ip=192.168.157.249 | op=SEND_HEARTBEAT {datanodeUUID=24081c8f-d316-435d-a792-3431bfeb71b1, command=[]} | ret=SUCCESS |  
2019-08-29 08:27:51,835 | INFO  | SCMAudit | user=jenkins1000 | ip=192.168.157.249 | op=SEND_HEARTBEAT {datanodeUUID=500162f5-df4c-43d4-be22-b16b483ed3b9, command=[]} | ret=SUCCESS |  
2019-08-29 08:27:51,856 | INFO  | SCMAudit | user=jenkins1000 | ip=192.168.157.249 | op=SEND_HEARTBEAT {datanodeUUID=b3ac43d0-c6e0-46d8-bcc9-9ad695550644, command=[]} | ret=SUCCESS |  
2019-08-29 08:27:52,004 | INFO  | SCMAudit | user=jenkins1000 | ip=192.168.157.249 | op=SEND_HEARTBEAT {datanodeUUID=35f04ff1-b93c-4ae0-b494-c5f2981bb056, command=[]} | ret=SUCCESS |  
2019-08-29 08:27:52,728 | INFO  | SCMAudit | user=jenkins1000 | ip=192.168.157.249 | op=SEND_HEARTBEAT {datanodeUUID=6d68ca61-c219-4724-b8bb-ddcd01f258b2, command=[]} | ret=SUCCESS |  
2019-08-29 08:27:52,793 | INFO  | SCMAudit | user=jenkins1000 | ip=192.168.157.249 | op=SEND_HEARTBEAT {datanodeUUID=2cd21838-1a98-4748-8882-d7146563928a, command=[]} | ret=SUCCESS |  
2019-08-29 08:27:52,805 | INFO  | SCMAudit | user=jenkins1000 | ip=192.168.157.249 | op=SEND_HEARTBEAT {datanodeUUID=f3091307-9c6d-4cf5-b619-8e6cca6f84c9, command=[]} | ret=SUCCESS |  
2019-08-29 08:27:52,828 | INFO  | SCMAudit | user=jenkins1000 | ip=192.168.157.249 | op=SEND_HEARTBEAT {datanodeUUID=24081c8f-d316-435d-a792-3431bfeb71b1, command=[]} | ret=SUCCESS |  
2019-08-29 08:27:52,835 | INFO  | SCMAudit | user=jenkins1000 | ip=192.168.157.249 | op=SEND_HEARTBEAT {datanodeUUID=500162f5-df4c-43d4-be22-b16b483ed3b9, command=[]} | ret=SUCCESS |  
2019-08-29 08:27:52,857 | INFO  | SCMAudit | user=jenkins1000 | ip=192.168.157.249 | op=SEND_HEARTBEAT {datanodeUUID=b3ac43d0-c6e0-46d8-bcc9-9ad695550644, command=[]} | ret=SUCCESS |  
2019-08-29 08:27:53,005 | INFO  | SCMAudit | user=jenkins1000 | ip=192.168.157.249 | op=SEND_HEARTBEAT {datanodeUUID=35f04ff1-b93c-4ae0-b494-c5f2981bb056, command=[]} | ret=SUCCESS |  
2019-08-29 08:27:53,728 | INFO  | SCMAudit | user=jenkins1000 | ip=192.168.157.249 | op=SEND_HEARTBEAT {datanodeUUID=6d68ca61-c219-4724-b8bb-ddcd01f258b2, command=[]} | ret=SUCCESS |  
2019-08-29 08:27:53,793 | INFO  | SCMAudit | user=jenkins1000 | ip=192.168.157.249 | op=SEND_HEARTBEAT {datanodeUUID=2cd21838-1a98-4748-8882-d7146563928a, command=[]} | ret=SUCCESS |  
2019-08-29 08:27:53,805 | INFO  | SCMAudit | user=jenkins1000 | ip=192.168.157.249 | op=SEND_HEARTBEAT {datanodeUUID=f3091307-9c6d-4cf5-b619-8e6cca6f84c9, command=[]} | ret=SUCCESS |  
2019-08-29 08:27:53,828 | INFO  | SCMAudit | user=jenkins1000 | ip=192.168.157.249 | op=SEND_HEARTBEAT {datanodeUUID=24081c8f-d316-435d-a792-3431bfeb71b1, command=[]} | ret=SUCCESS |  
2019-08-29 08:27:53,835 | INFO  | SCMAudit | user=jenkins1000 | ip=192.168.157.249 | op=SEND_HEARTBEAT {datanodeUUID=500162f5-df4c-43d4-be22-b16b483ed3b9, command=[]} | ret=SUCCESS |  
2019-08-29 08:27:53,857 | INFO  | SCMAudit | user=jenkins1000 | ip=192.168.157.249 | op=SEND_HEARTBEAT {datanodeUUID=b3ac43d0-c6e0-46d8-bcc9-9ad695550644, command=[]} | ret=SUCCESS |  
2019-08-29 08:27:54,005 | INFO  | SCMAudit | user=jenkins1000 | ip=192.168.157.249 | op=SEND_HEARTBEAT {datanodeUUID=35f04ff1-b93c-4ae0-b494-c5f2981bb056, command=[]} | ret=SUCCESS |  
2019-08-29 08:27:54,729 | INFO  | SCMAudit | user=jenkins1000 | ip=192.168.157.249 | op=SEND_HEARTBEAT {datanodeUUID=6d68ca61-c219-4724-b8bb-ddcd01f258b2, command=[]} | ret=SUCCESS |  
2019-08-29 08:27:54,793 | INFO  | SCMAudit | user=jenkins1000 | ip=192.168.157.249 | op=SEND_HEARTBEAT {datanodeUUID=2cd21838-1a98-4748-8882-d7146563928a, command=[]} | ret=SUCCESS |  
2019-08-29 08:27:54,805 | INFO  | SCMAudit | user=jenkins1000 | ip=192.168.157.249 | op=SEND_HEARTBEAT {datanodeUUID=f3091307-9c6d-4cf5-b619-8e6cca6f84c9, command=[]} | ret=SUCCESS |  
2019-08-29 08:27:54,828 | INFO  | SCMAudit | user=jenkins1000 | ip=192.168.157.249 | op=SEND_HEARTBEAT {datanodeUUID=24081c8f-d316-435d-a792-3431bfeb71b1, command=[]} | ret=SUCCESS |  
2019-08-29 08:27:54,835 | INFO  | SCMAudit | user=jenkins1000 | ip=192.168.157.249 | op=SEND_HEARTBEAT {datanodeUUID=500162f5-df4c-43d4-be22-b16b483ed3b9, command=[]} | ret=SUCCESS |  
2019-08-29 08:27:54,857 | INFO  | SCMAudit | user=jenkins1000 | ip=192.168.157.249 | op=SEND_HEARTBEAT {datanodeUUID=b3ac43d0-c6e0-46d8-bcc9-9ad695550644, command=[]} | ret=SUCCESS |  
2019-08-29 08:27:55,005 | INFO  | SCMAudit | user=jenkins1000 | ip=192.168.157.249 | op=SEND_HEARTBEAT {datanodeUUID=35f04ff1-b93c-4ae0-b494-c5f2981bb056, command=[]} | ret=SUCCESS |  
2019-08-29 08:27:55,406 [grpc-default-executor-2] INFO  client.GrpcClientProtocolClient (GrpcClientProtocolClient.java:onNext(255)) - client-56A4EE866ECF->500162f5-df4c-43d4-be22-b16b483ed3b9: receive RaftClientReply:client-56A4EE866ECF->500162f5-df4c-43d4-be22-b16b483ed3b9@group-273770D6E455, cid=45, FAILED org.apache.ratis.protocol.NotLeaderException: Server 500162f5-df4c-43d4-be22-b16b483ed3b9 is not the leader (2cd21838-1a98-4748-8882-d7146563928a:192.168.157.249:40808). Request must be sent to leader., logIndex=0, commits[500162f5-df4c-43d4-be22-b16b483ed3b9:c8, 2cd21838-1a98-4748-8882-d7146563928a:c8, 24081c8f-d316-435d-a792-3431bfeb71b1:c8]
2019-08-29 08:27:55,730 | INFO  | SCMAudit | user=jenkins1000 | ip=192.168.157.249 | op=SEND_HEARTBEAT {datanodeUUID=6d68ca61-c219-4724-b8bb-ddcd01f258b2, command=[]} | ret=SUCCESS |  
2019-08-29 08:27:55,794 | INFO  | SCMAudit | user=jenkins1000 | ip=192.168.157.249 | op=SEND_HEARTBEAT {datanodeUUID=2cd21838-1a98-4748-8882-d7146563928a, command=[]} | ret=SUCCESS |  
2019-08-29 08:27:55,806 | INFO  | SCMAudit | user=jenkins1000 | ip=192.168.157.249 | op=SEND_HEARTBEAT {datanodeUUID=f3091307-9c6d-4cf5-b619-8e6cca6f84c9, command=[]} | ret=SUCCESS |  
2019-08-29 08:27:55,828 | INFO  | SCMAudit | user=jenkins1000 | ip=192.168.157.249 | op=SEND_HEARTBEAT {datanodeUUID=24081c8f-d316-435d-a792-3431bfeb71b1, command=[]} | ret=SUCCESS |  
2019-08-29 08:27:55,835 | INFO  | SCMAudit | user=jenkins1000 | ip=192.168.157.249 | op=SEND_HEARTBEAT {datanodeUUID=500162f5-df4c-43d4-be22-b16b483ed3b9, command=[]} | ret=SUCCESS |  
2019-08-29 08:27:55,857 | INFO  | SCMAudit | user=jenkins1000 | ip=192.168.157.249 | op=SEND_HEARTBEAT {datanodeUUID=b3ac43d0-c6e0-46d8-bcc9-9ad695550644, command=[]} | ret=SUCCESS |  
2019-08-29 08:27:56,006 | INFO  | SCMAudit | user=jenkins1000 | ip=192.168.157.249 | op=SEND_HEARTBEAT {datanodeUUID=35f04ff1-b93c-4ae0-b494-c5f2981bb056, command=[]} | ret=SUCCESS |  
2019-08-29 08:27:56,730 | INFO  | SCMAudit | user=jenkins1000 | ip=192.168.157.249 | op=SEND_HEARTBEAT {datanodeUUID=6d68ca61-c219-4724-b8bb-ddcd01f258b2, command=[]} | ret=SUCCESS |  
2019-08-29 08:27:56,794 | INFO  | SCMAudit | user=jenkins1000 | ip=192.168.157.249 | op=SEND_HEARTBEAT {datanodeUUID=2cd21838-1a98-4748-8882-d7146563928a, command=[]} | ret=SUCCESS |  
2019-08-29 08:27:56,806 | INFO  | SCMAudit | user=jenkins1000 | ip=192.168.157.249 | op=SEND_HEARTBEAT {datanodeUUID=f3091307-9c6d-4cf5-b619-8e6cca6f84c9, command=[]} | ret=SUCCESS |  
2019-08-29 08:27:56,828 | INFO  | SCMAudit | user=jenkins1000 | ip=192.168.157.249 | op=SEND_HEARTBEAT {datanodeUUID=24081c8f-d316-435d-a792-3431bfeb71b1, command=[]} | ret=SUCCESS |  
2019-08-29 08:27:56,835 | INFO  | SCMAudit | user=jenkins1000 | ip=192.168.157.249 | op=SEND_HEARTBEAT {datanodeUUID=500162f5-df4c-43d4-be22-b16b483ed3b9, command=[]} | ret=SUCCESS |  
2019-08-29 08:27:56,857 | INFO  | SCMAudit | user=jenkins1000 | ip=192.168.157.249 | op=SEND_HEARTBEAT {datanodeUUID=b3ac43d0-c6e0-46d8-bcc9-9ad695550644, command=[]} | ret=SUCCESS |  
2019-08-29 08:27:57,006 | INFO  | SCMAudit | user=jenkins1000 | ip=192.168.157.249 | op=SEND_HEARTBEAT {datanodeUUID=35f04ff1-b93c-4ae0-b494-c5f2981bb056, command=[]} | ret=SUCCESS |  
2019-08-29 08:27:57,731 | INFO  | SCMAudit | user=jenkins1000 | ip=192.168.157.249 | op=SEND_HEARTBEAT {datanodeUUID=6d68ca61-c219-4724-b8bb-ddcd01f258b2, command=[]} | ret=SUCCESS |  
2019-08-29 08:27:57,795 | INFO  | SCMAudit | user=jenkins1000 | ip=192.168.157.249 | op=SEND_HEARTBEAT {datanodeUUID=2cd21838-1a98-4748-8882-d7146563928a, command=[]} | ret=SUCCESS |  
2019-08-29 08:27:57,806 | INFO  | SCMAudit | user=jenkins1000 | ip=192.168.157.249 | op=SEND_HEARTBEAT {datanodeUUID=f3091307-9c6d-4cf5-b619-8e6cca6f84c9, command=[]} | ret=SUCCESS |  
2019-08-29 08:27:57,828 | INFO  | SCMAudit | user=jenkins1000 | ip=192.168.157.249 | op=SEND_HEARTBEAT {datanodeUUID=24081c8f-d316-435d-a792-3431bfeb71b1, command=[]} | ret=SUCCESS |  
2019-08-29 08:27:57,835 | INFO  | SCMAudit | user=jenkins1000 | ip=192.168.157.249 | op=SEND_HEARTBEAT {datanodeUUID=500162f5-df4c-43d4-be22-b16b483ed3b9, command=[]} | ret=SUCCESS |  
2019-08-29 08:27:57,858 | INFO  | SCMAudit | user=jenkins1000 | ip=192.168.157.249 | op=SEND_HEARTBEAT {datanodeUUID=b3ac43d0-c6e0-46d8-bcc9-9ad695550644, command=[]} | ret=SUCCESS |  
2019-08-29 08:27:58,006 | INFO  | SCMAudit | user=jenkins1000 | ip=192.168.157.249 | op=SEND_HEARTBEAT {datanodeUUID=35f04ff1-b93c-4ae0-b494-c5f2981bb056, command=[]} | ret=SUCCESS |  
2019-08-29 08:27:58,731 | INFO  | SCMAudit | user=jenkins1000 | ip=192.168.157.249 | op=SEND_HEARTBEAT {datanodeUUID=6d68ca61-c219-4724-b8bb-ddcd01f258b2, command=[]} | ret=SUCCESS |  
2019-08-29 08:27:58,797 | INFO  | SCMAudit | user=jenkins1000 | ip=192.168.157.249 | op=SEND_HEARTBEAT {datanodeUUID=2cd21838-1a98-4748-8882-d7146563928a, command=[]} | ret=SUCCESS |  
2019-08-29 08:27:58,806 | INFO  | SCMAudit | user=jenkins1000 | ip=192.168.157.249 | op=SEND_HEARTBEAT {datanodeUUID=f3091307-9c6d-4cf5-b619-8e6cca6f84c9, command=[]} | ret=SUCCESS |  
2019-08-29 08:27:58,828 | INFO  | SCMAudit | user=jenkins1000 | ip=192.168.157.249 | op=SEND_HEARTBEAT {datanodeUUID=24081c8f-d316-435d-a792-3431bfeb71b1, command=[]} | ret=SUCCESS |  
2019-08-29 08:27:58,835 | INFO  | SCMAudit | user=jenkins1000 | ip=192.168.157.249 | op=SEND_HEARTBEAT {datanodeUUID=500162f5-df4c-43d4-be22-b16b483ed3b9, command=[]} | ret=SUCCESS |  
2019-08-29 08:27:58,858 | INFO  | SCMAudit | user=jenkins1000 | ip=192.168.157.249 | op=SEND_HEARTBEAT {datanodeUUID=b3ac43d0-c6e0-46d8-bcc9-9ad695550644, command=[]} | ret=SUCCESS |  
2019-08-29 08:27:59,006 | INFO  | SCMAudit | user=jenkins1000 | ip=192.168.157.249 | op=SEND_HEARTBEAT {datanodeUUID=35f04ff1-b93c-4ae0-b494-c5f2981bb056, command=[]} | ret=SUCCESS |  
2019-08-29 08:27:59,731 | INFO  | SCMAudit | user=jenkins1000 | ip=192.168.157.249 | op=SEND_HEARTBEAT {datanodeUUID=6d68ca61-c219-4724-b8bb-ddcd01f258b2, command=[]} | ret=SUCCESS |  
2019-08-29 08:27:59,797 | INFO  | SCMAudit | user=jenkins1000 | ip=192.168.157.249 | op=SEND_HEARTBEAT {datanodeUUID=2cd21838-1a98-4748-8882-d7146563928a, command=[]} | ret=SUCCESS |  
2019-08-29 08:27:59,806 | INFO  | SCMAudit | user=jenkins1000 | ip=192.168.157.249 | op=SEND_HEARTBEAT {datanodeUUID=f3091307-9c6d-4cf5-b619-8e6cca6f84c9, command=[]} | ret=SUCCESS |  
2019-08-29 08:27:59,828 | INFO  | SCMAudit | user=jenkins1000 | ip=192.168.157.249 | op=SEND_HEARTBEAT {datanodeUUID=24081c8f-d316-435d-a792-3431bfeb71b1, command=[]} | ret=SUCCESS |  
2019-08-29 08:27:59,835 | INFO  | SCMAudit | user=jenkins1000 | ip=192.168.157.249 | op=SEND_HEARTBEAT {datanodeUUID=500162f5-df4c-43d4-be22-b16b483ed3b9, command=[]} | ret=SUCCESS |  
2019-08-29 08:27:59,857 | INFO  | SCMAudit | user=jenkins1000 | ip=192.168.157.249 | op=SEND_HEARTBEAT {datanodeUUID=b3ac43d0-c6e0-46d8-bcc9-9ad695550644, command=[]} | ret=SUCCESS |  
2019-08-29 08:28:00,006 | INFO  | SCMAudit | user=jenkins1000 | ip=192.168.157.249 | op=SEND_HEARTBEAT {datanodeUUID=35f04ff1-b93c-4ae0-b494-c5f2981bb056, command=[]} | ret=SUCCESS |  
2019-08-29 08:28:00,456 [grpc-default-executor-0] INFO  client.GrpcClientProtocolClient (GrpcClientProtocolClient.java:onNext(255)) - client-56A4EE866ECF->24081c8f-d316-435d-a792-3431bfeb71b1: receive RaftClientReply:client-56A4EE866ECF->24081c8f-d316-435d-a792-3431bfeb71b1@group-273770D6E455, cid=45, FAILED org.apache.ratis.protocol.NotLeaderException: Server 24081c8f-d316-435d-a792-3431bfeb71b1 is not the leader (2cd21838-1a98-4748-8882-d7146563928a:192.168.157.249:40808). Request must be sent to leader., logIndex=0, commits[24081c8f-d316-435d-a792-3431bfeb71b1:c8, 2cd21838-1a98-4748-8882-d7146563928a:c8, 500162f5-df4c-43d4-be22-b16b483ed3b9:c8]
2019-08-29 08:28:00,732 | INFO  | SCMAudit | user=jenkins1000 | ip=192.168.157.249 | op=SEND_HEARTBEAT {datanodeUUID=6d68ca61-c219-4724-b8bb-ddcd01f258b2, command=[]} | ret=SUCCESS |  
2019-08-29 08:28:00,798 | INFO  | SCMAudit | user=jenkins1000 | ip=192.168.157.249 | op=SEND_HEARTBEAT {datanodeUUID=2cd21838-1a98-4748-8882-d7146563928a, command=[]} | ret=SUCCESS |  
2019-08-29 08:28:00,806 | INFO  | SCMAudit | user=jenkins1000 | ip=192.168.157.249 | op=SEND_HEARTBEAT {datanodeUUID=f3091307-9c6d-4cf5-b619-8e6cca6f84c9, command=[]} | ret=SUCCESS |  
2019-08-29 08:28:00,828 | INFO  | SCMAudit | user=jenkins1000 | ip=192.168.157.249 | op=SEND_HEARTBEAT {datanodeUUID=24081c8f-d316-435d-a792-3431bfeb71b1, command=[]} | ret=SUCCESS |  
2019-08-29 08:28:00,835 | INFO  | SCMAudit | user=jenkins1000 | ip=192.168.157.249 | op=SEND_HEARTBEAT {datanodeUUID=500162f5-df4c-43d4-be22-b16b483ed3b9, command=[]} | ret=SUCCESS |  
2019-08-29 08:28:00,858 | INFO  | SCMAudit | user=jenkins1000 | ip=192.168.157.249 | op=SEND_HEARTBEAT {datanodeUUID=b3ac43d0-c6e0-46d8-bcc9-9ad695550644, command=[]} | ret=SUCCESS |  
2019-08-29 08:28:01,007 | INFO  | SCMAudit | user=jenkins1000 | ip=192.168.157.249 | op=SEND_HEARTBEAT {datanodeUUID=35f04ff1-b93c-4ae0-b494-c5f2981bb056, command=[]} | ret=SUCCESS |  
2019-08-29 08:28:01,733 | INFO  | SCMAudit | user=jenkins1000 | ip=192.168.157.249 | op=SEND_HEARTBEAT {datanodeUUID=6d68ca61-c219-4724-b8bb-ddcd01f258b2, command=[]} | ret=SUCCESS |  
2019-08-29 08:28:01,798 | INFO  | SCMAudit | user=jenkins1000 | ip=192.168.157.249 | op=SEND_HEARTBEAT {datanodeUUID=2cd21838-1a98-4748-8882-d7146563928a, command=[]} | ret=SUCCESS |  
2019-08-29 08:28:01,806 | INFO  | SCMAudit | user=jenkins1000 | ip=192.168.157.249 | op=SEND_HEARTBEAT {datanodeUUID=f3091307-9c6d-4cf5-b619-8e6cca6f84c9, command=[]} | ret=SUCCESS |  
2019-08-29 08:28:01,829 | INFO  | SCMAudit | user=jenkins1000 | ip=192.168.157.249 | op=SEND_HEARTBEAT {datanodeUUID=24081c8f-d316-435d-a792-3431bfeb71b1, command=[]} | ret=SUCCESS |  
2019-08-29 08:28:01,835 | INFO  | SCMAudit | user=jenkins1000 | ip=192.168.157.249 | op=SEND_HEARTBEAT {datanodeUUID=500162f5-df4c-43d4-be22-b16b483ed3b9, command=[]} | ret=SUCCESS |  
2019-08-29 08:28:01,858 | INFO  | SCMAudit | user=jenkins1000 | ip=192.168.157.249 | op=SEND_HEARTBEAT {datanodeUUID=b3ac43d0-c6e0-46d8-bcc9-9ad695550644, command=[]} | ret=SUCCESS |  
2019-08-29 08:28:02,009 | INFO  | SCMAudit | user=jenkins1000 | ip=192.168.157.249 | op=SEND_HEARTBEAT {datanodeUUID=35f04ff1-b93c-4ae0-b494-c5f2981bb056, command=[]} | ret=SUCCESS |  
2019-08-29 08:28:02,732 | INFO  | SCMAudit | user=jenkins1000 | ip=192.168.157.249 | op=SEND_HEARTBEAT {datanodeUUID=6d68ca61-c219-4724-b8bb-ddcd01f258b2, command=[]} | ret=SUCCESS |  
2019-08-29 08:28:02,799 | INFO  | SCMAudit | user=jenkins1000 | ip=192.168.157.249 | op=SEND_HEARTBEAT {datanodeUUID=2cd21838-1a98-4748-8882-d7146563928a, command=[]} | ret=SUCCESS |  
2019-08-29 08:28:02,806 | INFO  | SCMAudit | user=jenkins1000 | ip=192.168.157.249 | op=SEND_HEARTBEAT {datanodeUUID=f3091307-9c6d-4cf5-b619-8e6cca6f84c9, command=[]} | ret=SUCCESS |  
2019-08-29 08:28:02,829 | INFO  | SCMAudit | user=jenkins1000 | ip=192.168.157.249 | op=SEND_HEARTBEAT {datanodeUUID=24081c8f-d316-435d-a792-3431bfeb71b1, command=[]} | ret=SUCCESS |  
2019-08-29 08:28:02,835 | INFO  | SCMAudit | user=jenkins1000 | ip=192.168.157.249 | op=SEND_HEARTBEAT {datanodeUUID=500162f5-df4c-43d4-be22-b16b483ed3b9, command=[]} | ret=SUCCESS |  
2019-08-29 08:28:02,858 | INFO  | SCMAudit | user=jenkins1000 | ip=192.168.157.249 | op=SEND_HEARTBEAT {datanodeUUID=b3ac43d0-c6e0-46d8-bcc9-9ad695550644, command=[]} | ret=SUCCESS |  
2019-08-29 08:28:03,008 | INFO  | SCMAudit | user=jenkins1000 | ip=192.168.157.249 | op=SEND_HEARTBEAT {datanodeUUID=35f04ff1-b93c-4ae0-b494-c5f2981bb056, command=[]} | ret=SUCCESS |  
2019-08-29 08:28:03,698 [ReplicationMonitor] INFO  container.ReplicationManager (ReplicationManager.java:run(215)) - Replication Monitor Thread took 1 milliseconds for processing 3 containers.
2019-08-29 08:28:03,733 | INFO  | SCMAudit | user=jenkins1000 | ip=192.168.157.249 | op=SEND_HEARTBEAT {datanodeUUID=6d68ca61-c219-4724-b8bb-ddcd01f258b2, command=[]} | ret=SUCCESS |  
2019-08-29 08:28:03,799 | INFO  | SCMAudit | user=jenkins1000 | ip=192.168.157.249 | op=SEND_HEARTBEAT {datanodeUUID=2cd21838-1a98-4748-8882-d7146563928a, command=[]} | ret=SUCCESS |  
2019-08-29 08:28:03,806 | INFO  | SCMAudit | user=jenkins1000 | ip=192.168.157.249 | op=SEND_HEARTBEAT {datanodeUUID=f3091307-9c6d-4cf5-b619-8e6cca6f84c9, command=[]} | ret=SUCCESS |  
2019-08-29 08:28:03,829 | INFO  | SCMAudit | user=jenkins1000 | ip=192.168.157.249 | op=SEND_HEARTBEAT {datanodeUUID=24081c8f-d316-435d-a792-3431bfeb71b1, command=[]} | ret=SUCCESS |  
2019-08-29 08:28:03,835 | INFO  | SCMAudit | user=jenkins1000 | ip=192.168.157.249 | op=SEND_HEARTBEAT {datanodeUUID=500162f5-df4c-43d4-be22-b16b483ed3b9, command=[]} | ret=SUCCESS |  
2019-08-29 08:28:03,859 | INFO  | SCMAudit | user=jenkins1000 | ip=192.168.157.249 | op=SEND_HEARTBEAT {datanodeUUID=b3ac43d0-c6e0-46d8-bcc9-9ad695550644, command=[]} | ret=SUCCESS |  
2019-08-29 08:28:04,008 | INFO  | SCMAudit | user=jenkins1000 | ip=192.168.157.249 | op=SEND_HEARTBEAT {datanodeUUID=35f04ff1-b93c-4ae0-b494-c5f2981bb056, command=[]} | ret=SUCCESS |  
2019-08-29 08:28:04,732 | INFO  | SCMAudit | user=jenkins1000 | ip=192.168.157.249 | op=SEND_HEARTBEAT {datanodeUUID=6d68ca61-c219-4724-b8bb-ddcd01f258b2, command=[]} | ret=SUCCESS |  
2019-08-29 08:28:04,799 | INFO  | SCMAudit | user=jenkins1000 | ip=192.168.157.249 | op=SEND_HEARTBEAT {datanodeUUID=2cd21838-1a98-4748-8882-d7146563928a, command=[]} | ret=SUCCESS |  
2019-08-29 08:28:04,807 | INFO  | SCMAudit | user=jenkins1000 | ip=192.168.157.249 | op=SEND_HEARTBEAT {datanodeUUID=f3091307-9c6d-4cf5-b619-8e6cca6f84c9, command=[]} | ret=SUCCESS |  
2019-08-29 08:28:04,829 | INFO  | SCMAudit | user=jenkins1000 | ip=192.168.157.249 | op=SEND_HEARTBEAT {datanodeUUID=24081c8f-d316-435d-a792-3431bfeb71b1, command=[]} | ret=SUCCESS |  
2019-08-29 08:28:04,835 | INFO  | SCMAudit | user=jenkins1000 | ip=192.168.157.249 | op=SEND_HEARTBEAT {datanodeUUID=500162f5-df4c-43d4-be22-b16b483ed3b9, command=[]} | ret=SUCCESS |  
2019-08-29 08:28:04,860 | INFO  | SCMAudit | user=jenkins1000 | ip=192.168.157.249 | op=SEND_HEARTBEAT {datanodeUUID=b3ac43d0-c6e0-46d8-bcc9-9ad695550644, command=[]} | ret=SUCCESS |  
2019-08-29 08:28:05,008 | INFO  | SCMAudit | user=jenkins1000 | ip=192.168.157.249 | op=SEND_HEARTBEAT {datanodeUUID=35f04ff1-b93c-4ae0-b494-c5f2981bb056, command=[]} | ret=SUCCESS |  
2019-08-29 08:28:05,499 [grpc-default-executor-2] INFO  client.GrpcClientProtocolClient (GrpcClientProtocolClient.java:onNext(255)) - client-56A4EE866ECF->500162f5-df4c-43d4-be22-b16b483ed3b9: receive RaftClientReply:client-56A4EE866ECF->500162f5-df4c-43d4-be22-b16b483ed3b9@group-273770D6E455, cid=45, FAILED org.apache.ratis.protocol.NotLeaderException: Server 500162f5-df4c-43d4-be22-b16b483ed3b9 is not the leader (2cd21838-1a98-4748-8882-d7146563928a:192.168.157.249:40808). Request must be sent to leader., logIndex=0, commits[500162f5-df4c-43d4-be22-b16b483ed3b9:c8, 2cd21838-1a98-4748-8882-d7146563928a:c8, 24081c8f-d316-435d-a792-3431bfeb71b1:c8]
2019-08-29 08:28:05,732 | INFO  | SCMAudit | user=jenkins1000 | ip=192.168.157.249 | op=SEND_HEARTBEAT {datanodeUUID=6d68ca61-c219-4724-b8bb-ddcd01f258b2, command=[]} | ret=SUCCESS |  
2019-08-29 08:28:05,799 | INFO  | SCMAudit | user=jenkins1000 | ip=192.168.157.249 | op=SEND_HEARTBEAT {datanodeUUID=2cd21838-1a98-4748-8882-d7146563928a, command=[]} | ret=SUCCESS |  
2019-08-29 08:28:05,807 | INFO  | SCMAudit | user=jenkins1000 | ip=192.168.157.249 | op=SEND_HEARTBEAT {datanodeUUID=f3091307-9c6d-4cf5-b619-8e6cca6f84c9, command=[]} | ret=SUCCESS |  
2019-08-29 08:28:05,895 | INFO  | SCMAudit | user=jenkins1000 | ip=192.168.157.249 | op=SEND_HEARTBEAT {datanodeUUID=24081c8f-d316-435d-a792-3431bfeb71b1, command=[]} | ret=SUCCESS |  
2019-08-29 08:28:05,895 | INFO  | SCMAudit | user=jenkins1000 | ip=192.168.157.249 | op=SEND_HEARTBEAT {datanodeUUID=b3ac43d0-c6e0-46d8-bcc9-9ad695550644, command=[]} | ret=SUCCESS |  
2019-08-29 08:28:05,895 | INFO  | SCMAudit | user=jenkins1000 | ip=192.168.157.249 | op=SEND_HEARTBEAT {datanodeUUID=500162f5-df4c-43d4-be22-b16b483ed3b9, command=[]} | ret=SUCCESS |  
2019-08-29 08:28:06,008 | INFO  | SCMAudit | user=jenkins1000 | ip=192.168.157.249 | op=SEND_HEARTBEAT {datanodeUUID=35f04ff1-b93c-4ae0-b494-c5f2981bb056, command=[]} | ret=SUCCESS |  
2019-08-29 08:28:06,733 | INFO  | SCMAudit | user=jenkins1000 | ip=192.168.157.249 | op=SEND_HEARTBEAT {datanodeUUID=6d68ca61-c219-4724-b8bb-ddcd01f258b2, command=[]} | ret=SUCCESS |  
2019-08-29 08:28:06,800 | INFO  | SCMAudit | user=jenkins1000 | ip=192.168.157.249 | op=SEND_HEARTBEAT {datanodeUUID=2cd21838-1a98-4748-8882-d7146563928a, command=[]} | ret=SUCCESS |  
2019-08-29 08:28:06,807 | INFO  | SCMAudit | user=jenkins1000 | ip=192.168.157.249 | op=SEND_HEARTBEAT {datanodeUUID=f3091307-9c6d-4cf5-b619-8e6cca6f84c9, command=[]} | ret=SUCCESS |  
2019-08-29 08:28:06,829 | INFO  | SCMAudit | user=jenkins1000 | ip=192.168.157.249 | op=SEND_HEARTBEAT {datanodeUUID=24081c8f-d316-435d-a792-3431bfeb71b1, command=[]} | ret=SUCCESS |  
2019-08-29 08:28:06,835 | INFO  | SCMAudit | user=jenkins1000 | ip=192.168.157.249 | op=SEND_HEARTBEAT {datanodeUUID=500162f5-df4c-43d4-be22-b16b483ed3b9, command=[]} | ret=SUCCESS |  
2019-08-29 08:28:06,861 | INFO  | SCMAudit | user=jenkins1000 | ip=192.168.157.249 | op=SEND_HEARTBEAT {datanodeUUID=b3ac43d0-c6e0-46d8-bcc9-9ad695550644, command=[]} | ret=SUCCESS |  
2019-08-29 08:28:07,009 | INFO  | SCMAudit | user=jenkins1000 | ip=192.168.157.249 | op=SEND_HEARTBEAT {datanodeUUID=35f04ff1-b93c-4ae0-b494-c5f2981bb056, command=[]} | ret=SUCCESS |  
2019-08-29 08:28:07,733 | INFO  | SCMAudit | user=jenkins1000 | ip=192.168.157.249 | op=SEND_HEARTBEAT {datanodeUUID=6d68ca61-c219-4724-b8bb-ddcd01f258b2, command=[]} | ret=SUCCESS |  
2019-08-29 08:28:07,799 | INFO  | SCMAudit | user=jenkins1000 | ip=192.168.157.249 | op=SEND_HEARTBEAT {datanodeUUID=2cd21838-1a98-4748-8882-d7146563928a, command=[]} | ret=SUCCESS |  
2019-08-29 08:28:07,807 | INFO  | SCMAudit | user=jenkins1000 | ip=192.168.157.249 | op=SEND_HEARTBEAT {datanodeUUID=f3091307-9c6d-4cf5-b619-8e6cca6f84c9, command=[]} | ret=SUCCESS |  
2019-08-29 08:28:07,829 | INFO  | SCMAudit | user=jenkins1000 | ip=192.168.157.249 | op=SEND_HEARTBEAT {datanodeUUID=24081c8f-d316-435d-a792-3431bfeb71b1, command=[]} | ret=SUCCESS |  
2019-08-29 08:28:07,835 | INFO  | SCMAudit | user=jenkins1000 | ip=192.168.157.249 | op=SEND_HEARTBEAT {datanodeUUID=500162f5-df4c-43d4-be22-b16b483ed3b9, command=[]} | ret=SUCCESS |  
2019-08-29 08:28:07,861 | INFO  | SCMAudit | user=jenkins1000 | ip=192.168.157.249 | op=SEND_HEARTBEAT {datanodeUUID=b3ac43d0-c6e0-46d8-bcc9-9ad695550644, command=[]} | ret=SUCCESS |  
2019-08-29 08:28:08,008 | INFO  | SCMAudit | user=jenkins1000 | ip=192.168.157.249 | op=SEND_HEARTBEAT {datanodeUUID=35f04ff1-b93c-4ae0-b494-c5f2981bb056, command=[]} | ret=SUCCESS |  
2019-08-29 08:28:08,734 | INFO  | SCMAudit | user=jenkins1000 | ip=192.168.157.249 | op=SEND_HEARTBEAT {datanodeUUID=6d68ca61-c219-4724-b8bb-ddcd01f258b2, command=[]} | ret=SUCCESS |  
2019-08-29 08:28:08,799 | INFO  | SCMAudit | user=jenkins1000 | ip=192.168.157.249 | op=SEND_HEARTBEAT {datanodeUUID=2cd21838-1a98-4748-8882-d7146563928a, command=[]} | ret=SUCCESS |  
2019-08-29 08:28:08,808 | INFO  | SCMAudit | user=jenkins1000 | ip=192.168.157.249 | op=SEND_HEARTBEAT {datanodeUUID=f3091307-9c6d-4cf5-b619-8e6cca6f84c9, command=[]} | ret=SUCCESS |  
2019-08-29 08:28:08,829 | INFO  | SCMAudit | user=jenkins1000 | ip=192.168.157.249 | op=SEND_HEARTBEAT {datanodeUUID=24081c8f-d316-435d-a792-3431bfeb71b1, command=[]} | ret=SUCCESS |  
2019-08-29 08:28:08,835 | INFO  | SCMAudit | user=jenkins1000 | ip=192.168.157.249 | op=SEND_HEARTBEAT {datanodeUUID=500162f5-df4c-43d4-be22-b16b483ed3b9, command=[]} | ret=SUCCESS |  
2019-08-29 08:28:08,861 | INFO  | SCMAudit | user=jenkins1000 | ip=192.168.157.249 | op=SEND_HEARTBEAT {datanodeUUID=b3ac43d0-c6e0-46d8-bcc9-9ad695550644, command=[]} | ret=SUCCESS |  
2019-08-29 08:28:09,008 | INFO  | SCMAudit | user=jenkins1000 | ip=192.168.157.249 | op=SEND_HEARTBEAT {datanodeUUID=35f04ff1-b93c-4ae0-b494-c5f2981bb056, command=[]} | ret=SUCCESS |  
2019-08-29 08:28:09,734 | INFO  | SCMAudit | user=jenkins1000 | ip=192.168.157.249 | op=SEND_HEARTBEAT {datanodeUUID=6d68ca61-c219-4724-b8bb-ddcd01f258b2, command=[]} | ret=SUCCESS |  
2019-08-29 08:28:09,799 | INFO  | SCMAudit | user=jenkins1000 | ip=192.168.157.249 | op=SEND_HEARTBEAT {datanodeUUID=2cd21838-1a98-4748-8882-d7146563928a, command=[]} | ret=SUCCESS |  
2019-08-29 08:28:09,807 | INFO  | SCMAudit | user=jenkins1000 | ip=192.168.157.249 | op=SEND_HEARTBEAT {datanodeUUID=f3091307-9c6d-4cf5-b619-8e6cca6f84c9, command=[]} | ret=SUCCESS |  
2019-08-29 08:28:09,829 | INFO  | SCMAudit | user=jenkins1000 | ip=192.168.157.249 | op=SEND_HEARTBEAT {datanodeUUID=24081c8f-d316-435d-a792-3431bfeb71b1, command=[]} | ret=SUCCESS |  
2019-08-29 08:28:09,834 | INFO  | SCMAudit | user=jenkins1000 | ip=192.168.157.249 | op=SEND_HEARTBEAT {datanodeUUID=500162f5-df4c-43d4-be22-b16b483ed3b9, command=[]} | ret=SUCCESS |  
2019-08-29 08:28:09,861 | INFO  | SCMAudit | user=jenkins1000 | ip=192.168.157.249 | op=SEND_HEARTBEAT {datanodeUUID=b3ac43d0-c6e0-46d8-bcc9-9ad695550644, command=[]} | ret=SUCCESS |  
2019-08-29 08:28:10,008 | INFO  | SCMAudit | user=jenkins1000 | ip=192.168.157.249 | op=SEND_HEARTBEAT {datanodeUUID=35f04ff1-b93c-4ae0-b494-c5f2981bb056, command=[]} | ret=SUCCESS |  
2019-08-29 08:28:10,539 [grpc-default-executor-2] INFO  client.GrpcClientProtocolClient (GrpcClientProtocolClient.java:onNext(255)) - client-56A4EE866ECF->500162f5-df4c-43d4-be22-b16b483ed3b9: receive RaftClientReply:client-56A4EE866ECF->500162f5-df4c-43d4-be22-b16b483ed3b9@group-273770D6E455, cid=45, FAILED org.apache.ratis.protocol.NotLeaderException: Server 500162f5-df4c-43d4-be22-b16b483ed3b9 is not the leader (2cd21838-1a98-4748-8882-d7146563928a:192.168.157.249:40808). Request must be sent to leader., logIndex=0, commits[500162f5-df4c-43d4-be22-b16b483ed3b9:c8, 2cd21838-1a98-4748-8882-d7146563928a:c8, 24081c8f-d316-435d-a792-3431bfeb71b1:c8]
2019-08-29 08:28:10,557 [main] INFO  ozone.MiniOzoneClusterImpl (MiniOzoneClusterImpl.java:shutdown(309)) - Shutting down the Mini Ozone Cluster
2019-08-29 08:28:10,558 | INFO  | SCMAudit | user=null | ip=null | op=GET_SCM_INFO null | ret=SUCCESS |  
2019-08-29 08:28:10,558 [main] INFO  ozone.MiniOzoneClusterImpl (MiniOzoneClusterImpl.java:stop(325)) - Stopping the Mini Ozone Cluster
2019-08-29 08:28:10,558 [main] INFO  ozone.MiniOzoneClusterImpl (MiniOzoneClusterImpl.java:stopOM(395)) - Stopping the OzoneManager
2019-08-29 08:28:10,558 [main] INFO  ipc.Server (Server.java:stop(3082)) - Stopping server on 36772
2019-08-29 08:28:10,571 [IPC Server listener on 36772] INFO  ipc.Server (Server.java:run(1185)) - Stopping IPC Server listener on 36772
2019-08-29 08:28:10,573 [main] INFO  ratis.OzoneManagerDoubleBuffer (OzoneManagerDoubleBuffer.java:stop(248)) - Stopping OMDoubleBuffer flush thread
2019-08-29 08:28:10,578 [IPC Server Responder] INFO  ipc.Server (Server.java:run(1319)) - Stopping IPC Server Responder
2019-08-29 08:28:10,588 [OMDoubleBufferFlushThread] INFO  ratis.OzoneManagerDoubleBuffer (OzoneManagerDoubleBuffer.java:flushTransactions(191)) - OMDoubleBuffer flush thread OMDoubleBufferFlushThread is interrupted and will exit. OMDoubleBufferFlushThread
2019-08-29 08:28:10,588 [main] INFO  utils.BackgroundService (BackgroundService.java:shutdown(148)) - Shutting down service KeyDeletingService
2019-08-29 08:28:10,589 [main] INFO  handler.ContextHandler (ContextHandler.java:doStop(910)) - Stopped o.e.j.w.WebAppContext@798dad3d{/,null,UNAVAILABLE}{/ozoneManager}
2019-08-29 08:28:10,590 [main] INFO  server.AbstractConnector (AbstractConnector.java:doStop(318)) - Stopped ServerConnector@27abb6ca{HTTP/1.1,[http/1.1]}{0.0.0.0:0}
2019-08-29 08:28:10,590 [main] INFO  handler.ContextHandler (ContextHandler.java:doStop(910)) - Stopped o.e.j.s.ServletContextHandler@7efa3f63{/static,file:///workdir/hadoop-ozone/integration-test/target/test-classes/webapps/static,UNAVAILABLE}
2019-08-29 08:28:10,591 [main] INFO  handler.ContextHandler (ContextHandler.java:doStop(910)) - Stopped o.e.j.s.ServletContextHandler@30ec7d21{/logs,file:///workdir/hadoop-ozone/integration-test/target/log,UNAVAILABLE}
2019-08-29 08:28:10,593 [main] INFO  ozone.MiniOzoneClusterImpl (MiniOzoneClusterImpl.java:stopDatanodes(372)) - Stopping the HddsDatanodes
2019-08-29 08:28:10,735 | INFO  | SCMAudit | user=jenkins1000 | ip=192.168.157.249 | op=SEND_HEARTBEAT {datanodeUUID=6d68ca61-c219-4724-b8bb-ddcd01f258b2, command=[]} | ret=SUCCESS |  
2019-08-29 08:28:10,799 | INFO  | SCMAudit | user=jenkins1000 | ip=192.168.157.249 | op=SEND_HEARTBEAT {datanodeUUID=2cd21838-1a98-4748-8882-d7146563928a, command=[]} | ret=SUCCESS |  
2019-08-29 08:28:10,806 [Datanode State Machine Thread - 0] INFO  statemachine.DatanodeStateMachine (DatanodeStateMachine.java:lambda$startDaemon$0(350)) - Ozone container server started.
2019-08-29 08:28:10,829 | INFO  | SCMAudit | user=jenkins1000 | ip=192.168.157.249 | op=SEND_HEARTBEAT {datanodeUUID=24081c8f-d316-435d-a792-3431bfeb71b1, command=[]} | ret=SUCCESS |  
2019-08-29 08:28:10,835 | INFO  | SCMAudit | user=jenkins1000 | ip=192.168.157.249 | op=SEND_HEARTBEAT {datanodeUUID=500162f5-df4c-43d4-be22-b16b483ed3b9, command=[]} | ret=SUCCESS |  
2019-08-29 08:28:10,861 | INFO  | SCMAudit | user=jenkins1000 | ip=192.168.157.249 | op=SEND_HEARTBEAT {datanodeUUID=b3ac43d0-c6e0-46d8-bcc9-9ad695550644, command=[]} | ret=SUCCESS |  
2019-08-29 08:28:11,007 [Datanode State Machine Thread - 0] INFO  statemachine.DatanodeStateMachine (DatanodeStateMachine.java:lambda$startDaemon$0(350)) - Ozone container server started.
2019-08-29 08:28:11,734 | INFO  | SCMAudit | user=jenkins1000 | ip=192.168.157.249 | op=SEND_HEARTBEAT {datanodeUUID=6d68ca61-c219-4724-b8bb-ddcd01f258b2, command=[]} | ret=SUCCESS |  
2019-08-29 08:28:11,799 | INFO  | SCMAudit | user=jenkins1000 | ip=192.168.157.249 | op=SEND_HEARTBEAT {datanodeUUID=2cd21838-1a98-4748-8882-d7146563928a, command=[]} | ret=SUCCESS |  
2019-08-29 08:28:11,829 | INFO  | SCMAudit | user=jenkins1000 | ip=192.168.157.249 | op=SEND_HEARTBEAT {datanodeUUID=24081c8f-d316-435d-a792-3431bfeb71b1, command=[]} | ret=SUCCESS |  
2019-08-29 08:28:11,835 | INFO  | SCMAudit | user=jenkins1000 | ip=192.168.157.249 | op=SEND_HEARTBEAT {datanodeUUID=500162f5-df4c-43d4-be22-b16b483ed3b9, command=[]} | ret=SUCCESS |  
2019-08-29 08:28:11,862 | INFO  | SCMAudit | user=jenkins1000 | ip=192.168.157.249 | op=SEND_HEARTBEAT {datanodeUUID=b3ac43d0-c6e0-46d8-bcc9-9ad695550644, command=[]} | ret=SUCCESS |  
2019-08-29 08:28:12,735 | INFO  | SCMAudit | user=jenkins1000 | ip=192.168.157.249 | op=SEND_HEARTBEAT {datanodeUUID=6d68ca61-c219-4724-b8bb-ddcd01f258b2, command=[]} | ret=SUCCESS |  
2019-08-29 08:28:12,800 | INFO  | SCMAudit | user=jenkins1000 | ip=192.168.157.249 | op=SEND_HEARTBEAT {datanodeUUID=2cd21838-1a98-4748-8882-d7146563928a, command=[]} | ret=SUCCESS |  
2019-08-29 08:28:12,829 | INFO  | SCMAudit | user=jenkins1000 | ip=192.168.157.249 | op=SEND_HEARTBEAT {datanodeUUID=24081c8f-d316-435d-a792-3431bfeb71b1, command=[]} | ret=SUCCESS |  
2019-08-29 08:28:12,835 | INFO  | SCMAudit | user=jenkins1000 | ip=192.168.157.249 | op=SEND_HEARTBEAT {datanodeUUID=500162f5-df4c-43d4-be22-b16b483ed3b9, command=[]} | ret=SUCCESS |  
2019-08-29 08:28:12,861 | INFO  | SCMAudit | user=jenkins1000 | ip=192.168.157.249 | op=SEND_HEARTBEAT {datanodeUUID=b3ac43d0-c6e0-46d8-bcc9-9ad695550644, command=[]} | ret=SUCCESS |  
2019-08-29 08:28:13,734 | INFO  | SCMAudit | user=jenkins1000 | ip=192.168.157.249 | op=SEND_HEARTBEAT {datanodeUUID=6d68ca61-c219-4724-b8bb-ddcd01f258b2, command=[]} | ret=SUCCESS |  
2019-08-29 08:28:13,800 | INFO  | SCMAudit | user=jenkins1000 | ip=192.168.157.249 | op=SEND_HEARTBEAT {datanodeUUID=2cd21838-1a98-4748-8882-d7146563928a, command=[]} | ret=SUCCESS |  
2019-08-29 08:28:13,829 | INFO  | SCMAudit | user=jenkins1000 | ip=192.168.157.249 | op=SEND_HEARTBEAT {datanodeUUID=24081c8f-d316-435d-a792-3431bfeb71b1, command=[]} | ret=SUCCESS |  
2019-08-29 08:28:13,835 | INFO  | SCMAudit | user=jenkins1000 | ip=192.168.157.249 | op=SEND_HEARTBEAT {datanodeUUID=500162f5-df4c-43d4-be22-b16b483ed3b9, command=[]} | ret=SUCCESS |  
2019-08-29 08:28:13,862 | INFO  | SCMAudit | user=jenkins1000 | ip=192.168.157.249 | op=SEND_HEARTBEAT {datanodeUUID=b3ac43d0-c6e0-46d8-bcc9-9ad695550644, command=[]} | ret=SUCCESS |  
2019-08-29 08:28:14,734 | INFO  | SCMAudit | user=jenkins1000 | ip=192.168.157.249 | op=SEND_HEARTBEAT {datanodeUUID=6d68ca61-c219-4724-b8bb-ddcd01f258b2, command=[]} | ret=SUCCESS |  
2019-08-29 08:28:14,800 | INFO  | SCMAudit | user=jenkins1000 | ip=192.168.157.249 | op=SEND_HEARTBEAT {datanodeUUID=2cd21838-1a98-4748-8882-d7146563928a, command=[]} | ret=SUCCESS |  
2019-08-29 08:28:14,829 | INFO  | SCMAudit | user=jenkins1000 | ip=192.168.157.249 | op=SEND_HEARTBEAT {datanodeUUID=24081c8f-d316-435d-a792-3431bfeb71b1, command=[]} | ret=SUCCESS |  
2019-08-29 08:28:14,836 | INFO  | SCMAudit | user=jenkins1000 | ip=192.168.157.249 | op=SEND_HEARTBEAT {datanodeUUID=500162f5-df4c-43d4-be22-b16b483ed3b9, command=[]} | ret=SUCCESS |  
2019-08-29 08:28:14,862 | INFO  | SCMAudit | user=jenkins1000 | ip=192.168.157.249 | op=SEND_HEARTBEAT {datanodeUUID=b3ac43d0-c6e0-46d8-bcc9-9ad695550644, command=[]} | ret=SUCCESS |  
2019-08-29 08:28:15,595 [main] INFO  ozoneimpl.OzoneContainer (OzoneContainer.java:stop(215)) - Attempting to stop container services.
2019-08-29 08:28:15,595 [ForkJoinPool.commonPool-worker-0] INFO  ozoneimpl.OzoneContainer (OzoneContainer.java:stop(215)) - Attempting to stop container services.
2019-08-29 08:28:15,595 [main] INFO  impl.RaftServerProxy (RaftServerProxy.java:lambda$close$4(314)) - 35f04ff1-b93c-4ae0-b494-c5f2981bb056: close
2019-08-29 08:28:15,596 [main] INFO  impl.RaftServerImpl (RaftServerImpl.java:lambda$shutdown$3(245)) - 35f04ff1-b93c-4ae0-b494-c5f2981bb056: shutdown group-DE9E2390420E
2019-08-29 08:28:15,596 [ForkJoinPool.commonPool-worker-0] INFO  impl.RaftServerProxy (RaftServerProxy.java:lambda$close$4(314)) - f3091307-9c6d-4cf5-b619-8e6cca6f84c9: close
2019-08-29 08:28:15,596 [main] INFO  util.JmxRegister (JmxRegister.java:unregister(73)) - Successfully un-registered JMX Bean with object name Ratis:service=RaftServer,group=group-DE9E2390420E,id=35f04ff1-b93c-4ae0-b494-c5f2981bb056
2019-08-29 08:28:15,596 [ForkJoinPool.commonPool-worker-0] INFO  impl.RaftServerImpl (RaftServerImpl.java:lambda$shutdown$3(245)) - f3091307-9c6d-4cf5-b619-8e6cca6f84c9: shutdown group-4C25E3B3B994
2019-08-29 08:28:15,597 [main] INFO  impl.RoleInfo (RoleInfo.java:shutdownLeaderState(104)) - 35f04ff1-b93c-4ae0-b494-c5f2981bb056: shutdown LeaderState
2019-08-29 08:28:15,597 [ForkJoinPool.commonPool-worker-0] INFO  util.JmxRegister (JmxRegister.java:unregister(73)) - Successfully un-registered JMX Bean with object name Ratis:service=RaftServer,group=group-4C25E3B3B994,id=f3091307-9c6d-4cf5-b619-8e6cca6f84c9
2019-08-29 08:28:15,597 [main] INFO  impl.PendingRequests (PendingRequests.java:sendNotLeaderResponses(202)) - 35f04ff1-b93c-4ae0-b494-c5f2981bb056-PendingRequests: sendNotLeaderResponses
2019-08-29 08:28:15,597 [ForkJoinPool.commonPool-worker-0] INFO  impl.RoleInfo (RoleInfo.java:shutdownFollowerState(121)) - f3091307-9c6d-4cf5-b619-8e6cca6f84c9: shutdown FollowerState
2019-08-29 08:28:15,598 [main] INFO  impl.StateMachineUpdater (StateMachineUpdater.java:stopAndJoin(115)) - StateMachineUpdater:35f04ff1-b93c-4ae0-b494-c5f2981bb056:group-DE9E2390420E: set stopIndex = 0
2019-08-29 08:28:15,598 [ForkJoinPool.commonPool-worker-0] INFO  impl.StateMachineUpdater (StateMachineUpdater.java:stopAndJoin(115)) - StateMachineUpdater:f3091307-9c6d-4cf5-b619-8e6cca6f84c9:group-4C25E3B3B994: set stopIndex = 0
2019-08-29 08:28:15,598 [main] INFO  impl.RaftServerImpl (ServerState.java:close(394)) - 35f04ff1-b93c-4ae0-b494-c5f2981bb056:group-DE9E2390420E closes. The last applied log index is 0
2019-08-29 08:28:15,598 [Thread-751] INFO  impl.FollowerState (FollowerState.java:run(114)) - f3091307-9c6d-4cf5-b619-8e6cca6f84c9: FollowerState was interrupted: java.lang.InterruptedException: sleep interrupted
2019-08-29 08:28:15,599 [ForkJoinPool.commonPool-worker-0] INFO  impl.RaftServerImpl (ServerState.java:close(394)) - f3091307-9c6d-4cf5-b619-8e6cca6f84c9:group-4C25E3B3B994 closes. The last applied log index is 0
2019-08-29 08:28:15,602 [35f04ff1-b93c-4ae0-b494-c5f2981bb056-SegmentedRaftLogWorker:Storage Directory /workdir/hadoop-ozone/integration-test/target/test-dir/MiniOzoneClusterImpl-abd8892b-b936-4b08-8d84-fd22f8afb6b4/datanode-4/data/ratis/a762880f-1af7-453e-b9fd-de9e2390420e] INFO  segmented.SegmentedRaftLogWorker (SegmentedRaftLogWorker.java:run(313)) - 35f04ff1-b93c-4ae0-b494-c5f2981bb056-SegmentedRaftLogWorker:Storage Directory /workdir/hadoop-ozone/integration-test/target/test-dir/MiniOzoneClusterImpl-abd8892b-b936-4b08-8d84-fd22f8afb6b4/datanode-4/data/ratis/a762880f-1af7-453e-b9fd-de9e2390420e was interrupted, exiting. There are 0 tasks remaining in the queue.
2019-08-29 08:28:15,605 [f3091307-9c6d-4cf5-b619-8e6cca6f84c9-SegmentedRaftLogWorker:Storage Directory /workdir/hadoop-ozone/integration-test/target/test-dir/MiniOzoneClusterImpl-abd8892b-b936-4b08-8d84-fd22f8afb6b4/datanode-1/data/ratis/26c84b39-af29-4179-bb90-4c25e3b3b994] INFO  segmented.SegmentedRaftLogWorker (SegmentedRaftLogWorker.java:run(313)) - f3091307-9c6d-4cf5-b619-8e6cca6f84c9-SegmentedRaftLogWorker:Storage Directory /workdir/hadoop-ozone/integration-test/target/test-dir/MiniOzoneClusterImpl-abd8892b-b936-4b08-8d84-fd22f8afb6b4/datanode-1/data/ratis/26c84b39-af29-4179-bb90-4c25e3b3b994 was interrupted, exiting. There are 0 tasks remaining in the queue.
2019-08-29 08:28:15,605 [main] INFO  segmented.SegmentedRaftLogWorker (SegmentedRaftLogWorker.java:close(228)) - 35f04ff1-b93c-4ae0-b494-c5f2981bb056-SegmentedRaftLogWorker:Storage Directory /workdir/hadoop-ozone/integration-test/target/test-dir/MiniOzoneClusterImpl-abd8892b-b936-4b08-8d84-fd22f8afb6b4/datanode-4/data/ratis/a762880f-1af7-453e-b9fd-de9e2390420e close()
2019-08-29 08:28:15,608 [ForkJoinPool.commonPool-worker-0] INFO  segmented.SegmentedRaftLogWorker (SegmentedRaftLogWorker.java:close(228)) - f3091307-9c6d-4cf5-b619-8e6cca6f84c9-SegmentedRaftLogWorker:Storage Directory /workdir/hadoop-ozone/integration-test/target/test-dir/MiniOzoneClusterImpl-abd8892b-b936-4b08-8d84-fd22f8afb6b4/datanode-1/data/ratis/26c84b39-af29-4179-bb90-4c25e3b3b994 close()
2019-08-29 08:28:15,613 [main] INFO  server.GrpcService (GrpcService.java:closeImpl(155)) - 35f04ff1-b93c-4ae0-b494-c5f2981bb056: shutdown server with port 45537 now
2019-08-29 08:28:15,617 [ForkJoinPool.commonPool-worker-0] INFO  impl.RaftServerImpl (RaftServerImpl.java:lambda$shutdown$3(245)) - f3091307-9c6d-4cf5-b619-8e6cca6f84c9: shutdown group-736211E52DF5
2019-08-29 08:28:15,620 [main] INFO  server.GrpcService (GrpcService.java:closeImpl(163)) - 35f04ff1-b93c-4ae0-b494-c5f2981bb056: shutdown server with port 45537 successfully
2019-08-29 08:28:15,620 [ForkJoinPool.commonPool-worker-0] INFO  util.JmxRegister (JmxRegister.java:unregister(73)) - Successfully un-registered JMX Bean with object name Ratis:service=RaftServer,group=group-736211E52DF5,id=f3091307-9c6d-4cf5-b619-8e6cca6f84c9
2019-08-29 08:28:15,620 [ForkJoinPool.commonPool-worker-0] INFO  impl.RoleInfo (RoleInfo.java:shutdownLeaderState(104)) - f3091307-9c6d-4cf5-b619-8e6cca6f84c9: shutdown LeaderState
2019-08-29 08:28:15,621 [ForkJoinPool.commonPool-worker-0] INFO  impl.PendingRequests (PendingRequests.java:sendNotLeaderResponses(202)) - f3091307-9c6d-4cf5-b619-8e6cca6f84c9-PendingRequests: sendNotLeaderResponses
2019-08-29 08:28:15,621 [ForkJoinPool.commonPool-worker-0] INFO  impl.StateMachineUpdater (StateMachineUpdater.java:stopAndJoin(115)) - StateMachineUpdater:f3091307-9c6d-4cf5-b619-8e6cca6f84c9:group-736211E52DF5: set stopIndex = 0
2019-08-29 08:28:15,621 [refreshUsed-/workdir/hadoop-ozone/integration-test/target/test-dir/MiniOzoneClusterImpl-abd8892b-b936-4b08-8d84-fd22f8afb6b4/datanode-4/data/containers] WARN  fs.CachingGetSpaceUsed (CachingGetSpaceUsed.java:run(183)) - Thread Interrupted waiting to refresh disk information: sleep interrupted
2019-08-29 08:28:15,621 [ForkJoinPool.commonPool-worker-0] INFO  impl.RaftServerImpl (ServerState.java:close(394)) - f3091307-9c6d-4cf5-b619-8e6cca6f84c9:group-736211E52DF5 closes. The last applied log index is 0
2019-08-29 08:28:15,622 [f3091307-9c6d-4cf5-b619-8e6cca6f84c9-SegmentedRaftLogWorker:Storage Directory /workdir/hadoop-ozone/integration-test/target/test-dir/MiniOzoneClusterImpl-abd8892b-b936-4b08-8d84-fd22f8afb6b4/datanode-1/data/ratis/f53b7c9d-7d14-464d-9b18-736211e52df5] INFO  segmented.SegmentedRaftLogWorker (SegmentedRaftLogWorker.java:run(313)) - f3091307-9c6d-4cf5-b619-8e6cca6f84c9-SegmentedRaftLogWorker:Storage Directory /workdir/hadoop-ozone/integration-test/target/test-dir/MiniOzoneClusterImpl-abd8892b-b936-4b08-8d84-fd22f8afb6b4/datanode-1/data/ratis/f53b7c9d-7d14-464d-9b18-736211e52df5 was interrupted, exiting. There are 0 tasks remaining in the queue.
2019-08-29 08:28:15,624 [ForkJoinPool.commonPool-worker-0] INFO  segmented.SegmentedRaftLogWorker (SegmentedRaftLogWorker.java:close(228)) - f3091307-9c6d-4cf5-b619-8e6cca6f84c9-SegmentedRaftLogWorker:Storage Directory /workdir/hadoop-ozone/integration-test/target/test-dir/MiniOzoneClusterImpl-abd8892b-b936-4b08-8d84-fd22f8afb6b4/datanode-1/data/ratis/f53b7c9d-7d14-464d-9b18-736211e52df5 close()
2019-08-29 08:28:15,627 [ForkJoinPool.commonPool-worker-0] INFO  server.GrpcService (GrpcService.java:closeImpl(155)) - f3091307-9c6d-4cf5-b619-8e6cca6f84c9: shutdown server with port 36036 now
2019-08-29 08:28:15,632 [ForkJoinPool.commonPool-worker-0] INFO  server.GrpcService (GrpcService.java:closeImpl(163)) - f3091307-9c6d-4cf5-b619-8e6cca6f84c9: shutdown server with port 36036 successfully
2019-08-29 08:28:15,632 [grpc-default-executor-0] WARN  server.GrpcServerProtocolService (LogUtils.java:warn(134)) - f3091307-9c6d-4cf5-b619-8e6cca6f84c9: appendEntries onError: org.apache.ratis.thirdparty.io.grpc.StatusRuntimeException: CANCELLED: cancelled before receiving half close
2019-08-29 08:28:15,633 [grpc-default-executor-0] WARN  server.GrpcLogAppender (LogUtils.java:warn(134)) - b3ac43d0-c6e0-46d8-bcc9-9ad695550644->f3091307-9c6d-4cf5-b619-8e6cca6f84c9: Failed appendEntries: org.apache.ratis.thirdparty.io.grpc.StatusRuntimeException: CANCELLED: HTTP/2 error code: CANCEL
Received Rst Stream
2019-08-29 08:28:15,636 [grpc-default-executor-0] INFO  impl.FollowerInfo (FollowerInfo.java:lambda$new$0(50)) - b3ac43d0-c6e0-46d8-bcc9-9ad695550644->f3091307-9c6d-4cf5-b619-8e6cca6f84c9: nextIndex: updateUnconditionally 1 -> 0
2019-08-29 08:28:15,638 [refreshUsed-/workdir/hadoop-ozone/integration-test/target/test-dir/MiniOzoneClusterImpl-abd8892b-b936-4b08-8d84-fd22f8afb6b4/datanode-1/data/containers] WARN  fs.CachingGetSpaceUsed (CachingGetSpaceUsed.java:run(183)) - Thread Interrupted waiting to refresh disk information: sleep interrupted
2019-08-29 08:28:15,652 [main] INFO  utils.BackgroundService (BackgroundService.java:shutdown(148)) - Shutting down service BlockDeletingService
2019-08-29 08:28:15,659 [main] INFO  statemachine.DatanodeStateMachine (DatanodeStateMachine.java:stopDaemon(395)) - Ozone container server stopped.
2019-08-29 08:28:15,660 [main] INFO  handler.ContextHandler (ContextHandler.java:doStop(910)) - Stopped o.e.j.w.WebAppContext@1ec22831{/,null,UNAVAILABLE}{/hddsDatanode}
2019-08-29 08:28:15,661 [ForkJoinPool.commonPool-worker-0] INFO  utils.BackgroundService (BackgroundService.java:shutdown(148)) - Shutting down service BlockDeletingService
2019-08-29 08:28:15,661 [main] INFO  server.AbstractConnector (AbstractConnector.java:doStop(318)) - Stopped ServerConnector@63f855b{HTTP/1.1,[http/1.1]}{0.0.0.0:0}
2019-08-29 08:28:15,665 [main] INFO  handler.ContextHandler (ContextHandler.java:doStop(910)) - Stopped o.e.j.s.ServletContextHandler@2b916808{/static,jar:file:/home/user/.m2/repository/org/apache/hadoop/hadoop-hdds-container-service/0.5.0-SNAPSHOT/hadoop-hdds-container-service-0.5.0-SNAPSHOT.jar!/webapps/static,UNAVAILABLE}
2019-08-29 08:28:15,666 [ForkJoinPool.commonPool-worker-0] INFO  statemachine.DatanodeStateMachine (DatanodeStateMachine.java:stopDaemon(395)) - Ozone container server stopped.
2019-08-29 08:28:15,666 [main] INFO  handler.ContextHandler (ContextHandler.java:doStop(910)) - Stopped o.e.j.s.ServletContextHandler@2d0b05{/logs,file:///workdir/hadoop-ozone/integration-test/target/log,UNAVAILABLE}
2019-08-29 08:28:15,671 [ForkJoinPool.commonPool-worker-0] INFO  handler.ContextHandler (ContextHandler.java:doStop(910)) - Stopped o.e.j.w.WebAppContext@7af52ec7{/,null,UNAVAILABLE}{/hddsDatanode}
2019-08-29 08:28:15,672 [ForkJoinPool.commonPool-worker-0] INFO  server.AbstractConnector (AbstractConnector.java:doStop(318)) - Stopped ServerConnector@77c1e611{HTTP/1.1,[http/1.1]}{0.0.0.0:0}
2019-08-29 08:28:15,673 [ForkJoinPool.commonPool-worker-0] INFO  handler.ContextHandler (ContextHandler.java:doStop(910)) - Stopped o.e.j.s.ServletContextHandler@27443560{/static,jar:file:/home/user/.m2/repository/org/apache/hadoop/hadoop-hdds-container-service/0.5.0-SNAPSHOT/hadoop-hdds-container-service-0.5.0-SNAPSHOT.jar!/webapps/static,UNAVAILABLE}
2019-08-29 08:28:15,674 [ForkJoinPool.commonPool-worker-0] INFO  handler.ContextHandler (ContextHandler.java:doStop(910)) - Stopped o.e.j.s.ServletContextHandler@5649d11a{/logs,file:///workdir/hadoop-ozone/integration-test/target/log,UNAVAILABLE}
2019-08-29 08:28:15,734 | INFO  | SCMAudit | user=jenkins1000 | ip=192.168.157.249 | op=SEND_HEARTBEAT {datanodeUUID=6d68ca61-c219-4724-b8bb-ddcd01f258b2, command=[]} | ret=SUCCESS |  
2019-08-29 08:28:15,799 [Datanode State Machine Thread - 0] INFO  statemachine.DatanodeStateMachine (DatanodeStateMachine.java:lambda$startDaemon$0(350)) - Ozone container server started.
2019-08-29 08:28:15,829 | INFO  | SCMAudit | user=jenkins1000 | ip=192.168.157.249 | op=SEND_HEARTBEAT {datanodeUUID=24081c8f-d316-435d-a792-3431bfeb71b1, command=[]} | ret=SUCCESS |  
2019-08-29 08:28:15,836 | INFO  | SCMAudit | user=jenkins1000 | ip=192.168.157.249 | op=SEND_HEARTBEAT {datanodeUUID=500162f5-df4c-43d4-be22-b16b483ed3b9, command=[]} | ret=SUCCESS |  
2019-08-29 08:28:15,861 [Datanode State Machine Thread - 0] INFO  statemachine.DatanodeStateMachine (DatanodeStateMachine.java:lambda$startDaemon$0(350)) - Ozone container server started.
2019-08-29 08:28:16,736 | INFO  | SCMAudit | user=jenkins1000 | ip=192.168.157.249 | op=SEND_HEARTBEAT {datanodeUUID=6d68ca61-c219-4724-b8bb-ddcd01f258b2, command=[]} | ret=SUCCESS |  
2019-08-29 08:28:16,829 | INFO  | SCMAudit | user=jenkins1000 | ip=192.168.157.249 | op=SEND_HEARTBEAT {datanodeUUID=24081c8f-d316-435d-a792-3431bfeb71b1, command=[]} | ret=SUCCESS |  
2019-08-29 08:28:16,836 | INFO  | SCMAudit | user=jenkins1000 | ip=192.168.157.249 | op=SEND_HEARTBEAT {datanodeUUID=500162f5-df4c-43d4-be22-b16b483ed3b9, command=[]} | ret=SUCCESS |  
2019-08-29 08:28:16,895 [grpc-default-executor-6] WARN  server.GrpcLogAppender (LogUtils.java:warn(134)) - b3ac43d0-c6e0-46d8-bcc9-9ad695550644->f3091307-9c6d-4cf5-b619-8e6cca6f84c9: Failed appendEntries: org.apache.ratis.thirdparty.io.grpc.StatusRuntimeException: UNAVAILABLE: io exception
2019-08-29 08:28:16,898 [grpc-default-executor-6] INFO  impl.FollowerInfo (FollowerInfo.java:lambda$new$0(50)) - b3ac43d0-c6e0-46d8-bcc9-9ad695550644->f3091307-9c6d-4cf5-b619-8e6cca6f84c9: nextIndex: updateUnconditionally 0 -> 0
2019-08-29 08:28:17,736 | INFO  | SCMAudit | user=jenkins1000 | ip=192.168.157.249 | op=SEND_HEARTBEAT {datanodeUUID=6d68ca61-c219-4724-b8bb-ddcd01f258b2, command=[]} | ret=SUCCESS |  
2019-08-29 08:28:17,829 | INFO  | SCMAudit | user=jenkins1000 | ip=192.168.157.249 | op=SEND_HEARTBEAT {datanodeUUID=24081c8f-d316-435d-a792-3431bfeb71b1, command=[]} | ret=SUCCESS |  
2019-08-29 08:28:17,836 | INFO  | SCMAudit | user=jenkins1000 | ip=192.168.157.249 | op=SEND_HEARTBEAT {datanodeUUID=500162f5-df4c-43d4-be22-b16b483ed3b9, command=[]} | ret=SUCCESS |  
2019-08-29 08:28:18,736 | INFO  | SCMAudit | user=jenkins1000 | ip=192.168.157.249 | op=SEND_HEARTBEAT {datanodeUUID=6d68ca61-c219-4724-b8bb-ddcd01f258b2, command=[]} | ret=SUCCESS |  
2019-08-29 08:28:18,829 | INFO  | SCMAudit | user=jenkins1000 | ip=192.168.157.249 | op=SEND_HEARTBEAT {datanodeUUID=24081c8f-d316-435d-a792-3431bfeb71b1, command=[]} | ret=SUCCESS |  
2019-08-29 08:28:18,837 | INFO  | SCMAudit | user=jenkins1000 | ip=192.168.157.249 | op=SEND_HEARTBEAT {datanodeUUID=500162f5-df4c-43d4-be22-b16b483ed3b9, command=[]} | ret=SUCCESS |  
2019-08-29 08:28:19,396 [grpc-default-executor-0] WARN  server.GrpcLogAppender (LogUtils.java:warn(134)) - b3ac43d0-c6e0-46d8-bcc9-9ad695550644->f3091307-9c6d-4cf5-b619-8e6cca6f84c9: Failed appendEntries: org.apache.ratis.thirdparty.io.grpc.StatusRuntimeException: UNAVAILABLE: io exception
2019-08-29 08:28:19,399 [grpc-default-executor-0] INFO  impl.FollowerInfo (FollowerInfo.java:lambda$new$0(50)) - b3ac43d0-c6e0-46d8-bcc9-9ad695550644->f3091307-9c6d-4cf5-b619-8e6cca6f84c9: nextIndex: updateUnconditionally 0 -> 0
2019-08-29 08:28:19,736 | INFO  | SCMAudit | user=jenkins1000 | ip=192.168.157.249 | op=SEND_HEARTBEAT {datanodeUUID=6d68ca61-c219-4724-b8bb-ddcd01f258b2, command=[]} | ret=SUCCESS |  
2019-08-29 08:28:19,830 | INFO  | SCMAudit | user=jenkins1000 | ip=192.168.157.249 | op=SEND_HEARTBEAT {datanodeUUID=24081c8f-d316-435d-a792-3431bfeb71b1, command=[]} | ret=SUCCESS |  
2019-08-29 08:28:19,837 | INFO  | SCMAudit | user=jenkins1000 | ip=192.168.157.249 | op=SEND_HEARTBEAT {datanodeUUID=500162f5-df4c-43d4-be22-b16b483ed3b9, command=[]} | ret=SUCCESS |  
2019-08-29 08:28:20,672 [main] INFO  ozoneimpl.OzoneContainer (OzoneContainer.java:stop(215)) - Attempting to stop container services.
2019-08-29 08:28:20,674 [main] INFO  impl.RaftServerProxy (RaftServerProxy.java:lambda$close$4(314)) - 2cd21838-1a98-4748-8882-d7146563928a: close
2019-08-29 08:28:20,674 [main] INFO  impl.RaftServerImpl (RaftServerImpl.java:lambda$shutdown$3(245)) - 2cd21838-1a98-4748-8882-d7146563928a: shutdown group-6CBE45D15709
2019-08-29 08:28:20,675 [main] INFO  util.JmxRegister (JmxRegister.java:unregister(73)) - Successfully un-registered JMX Bean with object name Ratis:service=RaftServer,group=group-6CBE45D15709,id=2cd21838-1a98-4748-8882-d7146563928a
2019-08-29 08:28:20,675 [main] INFO  impl.RoleInfo (RoleInfo.java:shutdownLeaderState(104)) - 2cd21838-1a98-4748-8882-d7146563928a: shutdown LeaderState
2019-08-29 08:28:20,675 [main] INFO  impl.PendingRequests (PendingRequests.java:sendNotLeaderResponses(202)) - 2cd21838-1a98-4748-8882-d7146563928a-PendingRequests: sendNotLeaderResponses
2019-08-29 08:28:20,676 [ForkJoinPool.commonPool-worker-0] INFO  ozoneimpl.OzoneContainer (OzoneContainer.java:stop(215)) - Attempting to stop container services.
2019-08-29 08:28:20,676 [main] INFO  impl.StateMachineUpdater (StateMachineUpdater.java:stopAndJoin(115)) - StateMachineUpdater:2cd21838-1a98-4748-8882-d7146563928a:group-6CBE45D15709: set stopIndex = 0
2019-08-29 08:28:20,676 [ForkJoinPool.commonPool-worker-0] INFO  impl.RaftServerProxy (RaftServerProxy.java:lambda$close$4(314)) - b3ac43d0-c6e0-46d8-bcc9-9ad695550644: close
2019-08-29 08:28:20,676 [main] INFO  impl.RaftServerImpl (ServerState.java:close(394)) - 2cd21838-1a98-4748-8882-d7146563928a:group-6CBE45D15709 closes. The last applied log index is 0
2019-08-29 08:28:20,677 [ForkJoinPool.commonPool-worker-0] INFO  impl.RaftServerImpl (RaftServerImpl.java:lambda$shutdown$3(245)) - b3ac43d0-c6e0-46d8-bcc9-9ad695550644: shutdown group-FA92157906C5
2019-08-29 08:28:20,677 [2cd21838-1a98-4748-8882-d7146563928a-SegmentedRaftLogWorker:Storage Directory /workdir/hadoop-ozone/integration-test/target/test-dir/MiniOzoneClusterImpl-abd8892b-b936-4b08-8d84-fd22f8afb6b4/datanode-3/data/ratis/09b1ddc1-e024-4a8a-8558-6cbe45d15709] INFO  segmented.SegmentedRaftLogWorker (SegmentedRaftLogWorker.java:run(313)) - 2cd21838-1a98-4748-8882-d7146563928a-SegmentedRaftLogWorker:Storage Directory /workdir/hadoop-ozone/integration-test/target/test-dir/MiniOzoneClusterImpl-abd8892b-b936-4b08-8d84-fd22f8afb6b4/datanode-3/data/ratis/09b1ddc1-e024-4a8a-8558-6cbe45d15709 was interrupted, exiting. There are 0 tasks remaining in the queue.
2019-08-29 08:28:20,677 [ForkJoinPool.commonPool-worker-0] INFO  util.JmxRegister (JmxRegister.java:unregister(73)) - Successfully un-registered JMX Bean with object name Ratis:service=RaftServer,group=group-FA92157906C5,id=b3ac43d0-c6e0-46d8-bcc9-9ad695550644
2019-08-29 08:28:20,681 [main] INFO  segmented.SegmentedRaftLogWorker (SegmentedRaftLogWorker.java:close(228)) - 2cd21838-1a98-4748-8882-d7146563928a-SegmentedRaftLogWorker:Storage Directory /workdir/hadoop-ozone/integration-test/target/test-dir/MiniOzoneClusterImpl-abd8892b-b936-4b08-8d84-fd22f8afb6b4/datanode-3/data/ratis/09b1ddc1-e024-4a8a-8558-6cbe45d15709 close()
2019-08-29 08:28:20,682 [ForkJoinPool.commonPool-worker-0] INFO  impl.RoleInfo (RoleInfo.java:shutdownLeaderState(104)) - b3ac43d0-c6e0-46d8-bcc9-9ad695550644: shutdown LeaderState
2019-08-29 08:28:20,692 [main] INFO  impl.RaftServerImpl (RaftServerImpl.java:lambda$shutdown$3(245)) - 2cd21838-1a98-4748-8882-d7146563928a: shutdown group-273770D6E455
2019-08-29 08:28:20,692 [ForkJoinPool.commonPool-worker-0] INFO  impl.PendingRequests (PendingRequests.java:sendNotLeaderResponses(202)) - b3ac43d0-c6e0-46d8-bcc9-9ad695550644-PendingRequests: sendNotLeaderResponses
2019-08-29 08:28:20,693 [main] INFO  util.JmxRegister (JmxRegister.java:unregister(73)) - Successfully un-registered JMX Bean with object name Ratis:service=RaftServer,group=group-273770D6E455,id=2cd21838-1a98-4748-8882-d7146563928a
2019-08-29 08:28:20,693 [ForkJoinPool.commonPool-worker-0] INFO  impl.StateMachineUpdater (StateMachineUpdater.java:stopAndJoin(115)) - StateMachineUpdater:b3ac43d0-c6e0-46d8-bcc9-9ad695550644:group-FA92157906C5: set stopIndex = 0
2019-08-29 08:28:20,693 [main] INFO  impl.RoleInfo (RoleInfo.java:shutdownLeaderState(104)) - 2cd21838-1a98-4748-8882-d7146563928a: shutdown LeaderState
2019-08-29 08:28:20,693 [ForkJoinPool.commonPool-worker-0] INFO  impl.RaftServerImpl (ServerState.java:close(394)) - b3ac43d0-c6e0-46d8-bcc9-9ad695550644:group-FA92157906C5 closes. The last applied log index is 0
2019-08-29 08:28:20,697 [main] INFO  impl.PendingRequests (PendingRequests.java:sendNotLeaderResponses(202)) - 2cd21838-1a98-4748-8882-d7146563928a-PendingRequests: sendNotLeaderResponses
2019-08-29 08:28:20,697 [b3ac43d0-c6e0-46d8-bcc9-9ad695550644-SegmentedRaftLogWorker:Storage Directory /workdir/hadoop-ozone/integration-test/target/test-dir/MiniOzoneClusterImpl-abd8892b-b936-4b08-8d84-fd22f8afb6b4/datanode-2/data/ratis/80d678f7-0a6f-49f4-8b25-fa92157906c5] INFO  segmented.SegmentedRaftLogWorker (SegmentedRaftLogWorker.java:run(313)) - b3ac43d0-c6e0-46d8-bcc9-9ad695550644-SegmentedRaftLogWorker:Storage Directory /workdir/hadoop-ozone/integration-test/target/test-dir/MiniOzoneClusterImpl-abd8892b-b936-4b08-8d84-fd22f8afb6b4/datanode-2/data/ratis/80d678f7-0a6f-49f4-8b25-fa92157906c5 was interrupted, exiting. There are 0 tasks remaining in the queue.
2019-08-29 08:28:20,697 [org.apache.ratis.server.impl.LogAppender$AppenderDaemon$$Lambda$469/1143824003@3a542996] WARN  server.GrpcLogAppender (GrpcLogAppender.java:mayWait(143)) - GrpcLogAppender(2cd21838-1a98-4748-8882-d7146563928a->500162f5-df4c-43d4-be22-b16b483ed3b9): Wait interrupted by java.lang.InterruptedException
2019-08-29 08:28:20,697 [org.apache.ratis.server.impl.LogAppender$AppenderDaemon$$Lambda$469/1143824003@7f56b818] WARN  server.GrpcLogAppender (GrpcLogAppender.java:mayWait(143)) - GrpcLogAppender(2cd21838-1a98-4748-8882-d7146563928a->24081c8f-d316-435d-a792-3431bfeb71b1): Wait interrupted by java.lang.InterruptedException
2019-08-29 08:28:20,706 [main] INFO  impl.StateMachineUpdater (StateMachineUpdater.java:stopAndJoin(115)) - StateMachineUpdater:2cd21838-1a98-4748-8882-d7146563928a:group-273770D6E455: set stopIndex = 8
2019-08-29 08:28:20,707 [StateMachineUpdater:2cd21838-1a98-4748-8882-d7146563928a:group-273770D6E455] INFO  ratis.ContainerStateMachine (ContainerStateMachine.java:takeSnapshot(284)) - group-273770D6E455: Taking a snapshot at:(t:1, i:6) file /workdir/hadoop-ozone/integration-test/target/test-dir/MiniOzoneClusterImpl-abd8892b-b936-4b08-8d84-fd22f8afb6b4/datanode-3/data/ratis/984b27fd-9fb9-45b0-9865-273770d6e455/sm/snapshot.1_6
2019-08-29 08:28:20,701 [ForkJoinPool.commonPool-worker-0] INFO  segmented.SegmentedRaftLogWorker (SegmentedRaftLogWorker.java:close(228)) - b3ac43d0-c6e0-46d8-bcc9-9ad695550644-SegmentedRaftLogWorker:Storage Directory /workdir/hadoop-ozone/integration-test/target/test-dir/MiniOzoneClusterImpl-abd8892b-b936-4b08-8d84-fd22f8afb6b4/datanode-2/data/ratis/80d678f7-0a6f-49f4-8b25-fa92157906c5 close()
2019-08-29 08:28:20,707 [grpc-default-executor-0] INFO  server.GrpcServerProtocolService (GrpcServerProtocolService.java:onCompleted(104)) - 500162f5-df4c-43d4-be22-b16b483ed3b9: appendEntries completed
2019-08-29 08:28:20,710 [ForkJoinPool.commonPool-worker-0] INFO  impl.RaftServerImpl (RaftServerImpl.java:lambda$shutdown$3(245)) - b3ac43d0-c6e0-46d8-bcc9-9ad695550644: shutdown group-4C25E3B3B994
2019-08-29 08:28:20,707 [grpc-default-executor-6] INFO  server.GrpcServerProtocolService (GrpcServerProtocolService.java:onCompleted(104)) - 24081c8f-d316-435d-a792-3431bfeb71b1: appendEntries completed
2019-08-29 08:28:20,710 [ForkJoinPool.commonPool-worker-0] INFO  util.JmxRegister (JmxRegister.java:unregister(73)) - Successfully un-registered JMX Bean with object name Ratis:service=RaftServer,group=group-4C25E3B3B994,id=b3ac43d0-c6e0-46d8-bcc9-9ad695550644
2019-08-29 08:28:20,710 [grpc-default-executor-0] INFO  server.GrpcLogAppender (GrpcLogAppender.java:onCompleted(292)) - 2cd21838-1a98-4748-8882-d7146563928a->500162f5-df4c-43d4-be22-b16b483ed3b9: follower responses appendEntries COMPLETED
2019-08-29 08:28:20,710 [grpc-default-executor-6] INFO  server.GrpcLogAppender (GrpcLogAppender.java:onCompleted(292)) - 2cd21838-1a98-4748-8882-d7146563928a->24081c8f-d316-435d-a792-3431bfeb71b1: follower responses appendEntries COMPLETED
2019-08-29 08:28:20,710 [ForkJoinPool.commonPool-worker-0] INFO  impl.RoleInfo (RoleInfo.java:shutdownLeaderState(104)) - b3ac43d0-c6e0-46d8-bcc9-9ad695550644: shutdown LeaderState
2019-08-29 08:28:20,716 [grpc-default-executor-6] INFO  impl.FollowerInfo (FollowerInfo.java:lambda$new$0(50)) - 2cd21838-1a98-4748-8882-d7146563928a->24081c8f-d316-435d-a792-3431bfeb71b1: nextIndex: updateUnconditionally 9 -> 8
2019-08-29 08:28:20,715 [grpc-default-executor-0] INFO  impl.FollowerInfo (FollowerInfo.java:lambda$new$0(50)) - 2cd21838-1a98-4748-8882-d7146563928a->500162f5-df4c-43d4-be22-b16b483ed3b9: nextIndex: updateUnconditionally 9 -> 8
2019-08-29 08:28:20,720 [org.apache.ratis.server.impl.LogAppender$AppenderDaemon$$Lambda$469/1143824003@15069f16] WARN  server.GrpcLogAppender (GrpcLogAppender.java:mayWait(143)) - GrpcLogAppender(b3ac43d0-c6e0-46d8-bcc9-9ad695550644->f3091307-9c6d-4cf5-b619-8e6cca6f84c9): Wait interrupted by java.lang.InterruptedException
2019-08-29 08:28:20,720 [StateMachineUpdater:2cd21838-1a98-4748-8882-d7146563928a:group-273770D6E455] INFO  ratis.ContainerStateMachine (ContainerStateMachine.java:takeSnapshot(295)) - group-273770D6E455: Finished taking a snapshot at:(t:1, i:6) file:/workdir/hadoop-ozone/integration-test/target/test-dir/MiniOzoneClusterImpl-abd8892b-b936-4b08-8d84-fd22f8afb6b4/datanode-3/data/ratis/984b27fd-9fb9-45b0-9865-273770d6e455/sm/snapshot.1_6 time:14
2019-08-29 08:28:20,720 [org.apache.ratis.server.impl.LogAppender$AppenderDaemon$$Lambda$469/1143824003@500413d2] WARN  server.GrpcLogAppender (GrpcLogAppender.java:mayWait(143)) - GrpcLogAppender(b3ac43d0-c6e0-46d8-bcc9-9ad695550644->6d68ca61-c219-4724-b8bb-ddcd01f258b2): Wait interrupted by java.lang.InterruptedException
2019-08-29 08:28:20,720 [ForkJoinPool.commonPool-worker-0] INFO  impl.PendingRequests (PendingRequests.java:sendNotLeaderResponses(202)) - b3ac43d0-c6e0-46d8-bcc9-9ad695550644-PendingRequests: sendNotLeaderResponses
2019-08-29 08:28:20,721 [StateMachineUpdater:2cd21838-1a98-4748-8882-d7146563928a:group-273770D6E455] INFO  impl.StateMachineUpdater (StateMachineUpdater.java:takeSnapshot(242)) - StateMachineUpdater:2cd21838-1a98-4748-8882-d7146563928a:group-273770D6E455: Took a snapshot at index 6
2019-08-29 08:28:20,721 [grpc-default-executor-0] INFO  server.GrpcServerProtocolService (GrpcServerProtocolService.java:onCompleted(104)) - 6d68ca61-c219-4724-b8bb-ddcd01f258b2: appendEntries completed
2019-08-29 08:28:20,721 [ForkJoinPool.commonPool-worker-0] INFO  impl.StateMachineUpdater (StateMachineUpdater.java:stopAndJoin(115)) - StateMachineUpdater:b3ac43d0-c6e0-46d8-bcc9-9ad695550644:group-4C25E3B3B994: set stopIndex = 0
2019-08-29 08:28:20,722 [StateMachineUpdater:2cd21838-1a98-4748-8882-d7146563928a:group-273770D6E455] INFO  impl.StateMachineUpdater (StateMachineUpdater.java:lambda$new$0(80)) - StateMachineUpdater:2cd21838-1a98-4748-8882-d7146563928a:group-273770D6E455: snapshotIndex: updateIncreasingly -1 -> 6
2019-08-29 08:28:20,722 [grpc-default-executor-0] INFO  server.GrpcLogAppender (GrpcLogAppender.java:onCompleted(292)) - b3ac43d0-c6e0-46d8-bcc9-9ad695550644->6d68ca61-c219-4724-b8bb-ddcd01f258b2: follower responses appendEntries COMPLETED
2019-08-29 08:28:20,722 [ForkJoinPool.commonPool-worker-0] INFO  impl.RaftServerImpl (ServerState.java:close(394)) - b3ac43d0-c6e0-46d8-bcc9-9ad695550644:group-4C25E3B3B994 closes. The last applied log index is 0
2019-08-29 08:28:20,725 [main] INFO  impl.RaftServerImpl (ServerState.java:close(394)) - 2cd21838-1a98-4748-8882-d7146563928a:group-273770D6E455 closes. The last applied log index is 8
2019-08-29 08:28:20,725 [b3ac43d0-c6e0-46d8-bcc9-9ad695550644-SegmentedRaftLogWorker:Storage Directory /workdir/hadoop-ozone/integration-test/target/test-dir/MiniOzoneClusterImpl-abd8892b-b936-4b08-8d84-fd22f8afb6b4/datanode-2/data/ratis/26c84b39-af29-4179-bb90-4c25e3b3b994] INFO  segmented.SegmentedRaftLogWorker (SegmentedRaftLogWorker.java:run(313)) - b3ac43d0-c6e0-46d8-bcc9-9ad695550644-SegmentedRaftLogWorker:Storage Directory /workdir/hadoop-ozone/integration-test/target/test-dir/MiniOzoneClusterImpl-abd8892b-b936-4b08-8d84-fd22f8afb6b4/datanode-2/data/ratis/26c84b39-af29-4179-bb90-4c25e3b3b994 was interrupted, exiting. There are 0 tasks remaining in the queue.
2019-08-29 08:28:20,725 [grpc-default-executor-0] INFO  impl.FollowerInfo (FollowerInfo.java:lambda$new$0(50)) - b3ac43d0-c6e0-46d8-bcc9-9ad695550644->6d68ca61-c219-4724-b8bb-ddcd01f258b2: nextIndex: updateUnconditionally 1 -> 0
2019-08-29 08:28:20,728 [ForkJoinPool.commonPool-worker-0] INFO  segmented.SegmentedRaftLogWorker (SegmentedRaftLogWorker.java:close(228)) - b3ac43d0-c6e0-46d8-bcc9-9ad695550644-SegmentedRaftLogWorker:Storage Directory /workdir/hadoop-ozone/integration-test/target/test-dir/MiniOzoneClusterImpl-abd8892b-b936-4b08-8d84-fd22f8afb6b4/datanode-2/data/ratis/26c84b39-af29-4179-bb90-4c25e3b3b994 close()
2019-08-29 08:28:20,725 [2cd21838-1a98-4748-8882-d7146563928a-SegmentedRaftLogWorker:Storage Directory /workdir/hadoop-ozone/integration-test/target/test-dir/MiniOzoneClusterImpl-abd8892b-b936-4b08-8d84-fd22f8afb6b4/datanode-3/data/ratis/984b27fd-9fb9-45b0-9865-273770d6e455] INFO  segmented.SegmentedRaftLogWorker (SegmentedRaftLogWorker.java:run(313)) - 2cd21838-1a98-4748-8882-d7146563928a-SegmentedRaftLogWorker:Storage Directory /workdir/hadoop-ozone/integration-test/target/test-dir/MiniOzoneClusterImpl-abd8892b-b936-4b08-8d84-fd22f8afb6b4/datanode-3/data/ratis/984b27fd-9fb9-45b0-9865-273770d6e455 was interrupted, exiting. There are 0 tasks remaining in the queue.
2019-08-29 08:28:20,730 [ForkJoinPool.commonPool-worker-0] INFO  server.GrpcService (GrpcService.java:closeImpl(155)) - b3ac43d0-c6e0-46d8-bcc9-9ad695550644: shutdown server with port 40031 now
2019-08-29 08:28:20,733 [main] INFO  segmented.SegmentedRaftLogWorker (SegmentedRaftLogWorker.java:close(228)) - 2cd21838-1a98-4748-8882-d7146563928a-SegmentedRaftLogWorker:Storage Directory /workdir/hadoop-ozone/integration-test/target/test-dir/MiniOzoneClusterImpl-abd8892b-b936-4b08-8d84-fd22f8afb6b4/datanode-3/data/ratis/984b27fd-9fb9-45b0-9865-273770d6e455 close()
2019-08-29 08:28:20,733 [ForkJoinPool.commonPool-worker-0] INFO  server.GrpcService (GrpcService.java:closeImpl(163)) - b3ac43d0-c6e0-46d8-bcc9-9ad695550644: shutdown server with port 40031 successfully
2019-08-29 08:28:20,735 [main] INFO  server.GrpcService (GrpcService.java:closeImpl(155)) - 2cd21838-1a98-4748-8882-d7146563928a: shutdown server with port 40808 now
2019-08-29 08:28:20,736 [main] INFO  server.GrpcService (GrpcService.java:closeImpl(163)) - 2cd21838-1a98-4748-8882-d7146563928a: shutdown server with port 40808 successfully
2019-08-29 08:28:20,736 [refreshUsed-/workdir/hadoop-ozone/integration-test/target/test-dir/MiniOzoneClusterImpl-abd8892b-b936-4b08-8d84-fd22f8afb6b4/datanode-2/data/containers] WARN  fs.CachingGetSpaceUsed (CachingGetSpaceUsed.java:run(183)) - Thread Interrupted waiting to refresh disk information: sleep interrupted
2019-08-29 08:28:20,738 | INFO  | SCMAudit | user=jenkins1000 | ip=192.168.157.249 | op=SEND_HEARTBEAT {datanodeUUID=6d68ca61-c219-4724-b8bb-ddcd01f258b2, command=[]} | ret=SUCCESS |  
2019-08-29 08:28:20,738 [refreshUsed-/workdir/hadoop-ozone/integration-test/target/test-dir/MiniOzoneClusterImpl-abd8892b-b936-4b08-8d84-fd22f8afb6b4/datanode-3/data/containers] WARN  fs.CachingGetSpaceUsed (CachingGetSpaceUsed.java:run(183)) - Thread Interrupted waiting to refresh disk information: sleep interrupted
2019-08-29 08:28:20,752 [main] INFO  utils.BackgroundService (BackgroundService.java:shutdown(148)) - Shutting down service BlockDeletingService
2019-08-29 08:28:20,758 [main] INFO  statemachine.DatanodeStateMachine (DatanodeStateMachine.java:stopDaemon(395)) - Ozone container server stopped.
2019-08-29 08:28:20,758 [ForkJoinPool.commonPool-worker-0] INFO  utils.BackgroundService (BackgroundService.java:shutdown(148)) - Shutting down service BlockDeletingService
2019-08-29 08:28:20,759 [main] INFO  handler.ContextHandler (ContextHandler.java:doStop(910)) - Stopped o.e.j.w.WebAppContext@5ad1904f{/,null,UNAVAILABLE}{/hddsDatanode}
2019-08-29 08:28:20,763 [ForkJoinPool.commonPool-worker-0] INFO  statemachine.DatanodeStateMachine (DatanodeStateMachine.java:stopDaemon(395)) - Ozone container server stopped.
2019-08-29 08:28:20,766 [main] INFO  server.AbstractConnector (AbstractConnector.java:doStop(318)) - Stopped ServerConnector@a146b11{HTTP/1.1,[http/1.1]}{0.0.0.0:0}
2019-08-29 08:28:20,768 [ForkJoinPool.commonPool-worker-0] INFO  handler.ContextHandler (ContextHandler.java:doStop(910)) - Stopped o.e.j.w.WebAppContext@5792c08c{/,null,UNAVAILABLE}{/hddsDatanode}
2019-08-29 08:28:20,768 [main] INFO  handler.ContextHandler (ContextHandler.java:doStop(910)) - Stopped o.e.j.s.ServletContextHandler@568750b7{/static,jar:file:/home/user/.m2/repository/org/apache/hadoop/hadoop-hdds-container-service/0.5.0-SNAPSHOT/hadoop-hdds-container-service-0.5.0-SNAPSHOT.jar!/webapps/static,UNAVAILABLE}
2019-08-29 08:28:20,768 [ForkJoinPool.commonPool-worker-0] INFO  server.AbstractConnector (AbstractConnector.java:doStop(318)) - Stopped ServerConnector@4d157493{HTTP/1.1,[http/1.1]}{0.0.0.0:0}
2019-08-29 08:28:20,768 [main] INFO  handler.ContextHandler (ContextHandler.java:doStop(910)) - Stopped o.e.j.s.ServletContextHandler@dd4aec3{/logs,file:///workdir/hadoop-ozone/integration-test/target/log,UNAVAILABLE}
2019-08-29 08:28:20,770 [ForkJoinPool.commonPool-worker-0] INFO  handler.ContextHandler (ContextHandler.java:doStop(910)) - Stopped o.e.j.s.ServletContextHandler@4eea94a4{/static,jar:file:/home/user/.m2/repository/org/apache/hadoop/hadoop-hdds-container-service/0.5.0-SNAPSHOT/hadoop-hdds-container-service-0.5.0-SNAPSHOT.jar!/webapps/static,UNAVAILABLE}
2019-08-29 08:28:20,772 [ForkJoinPool.commonPool-worker-0] INFO  handler.ContextHandler (ContextHandler.java:doStop(910)) - Stopped o.e.j.s.ServletContextHandler@ed2f2f6{/logs,file:///workdir/hadoop-ozone/integration-test/target/log,UNAVAILABLE}
2019-08-29 08:28:20,828 [Datanode State Machine Thread - 0] INFO  statemachine.DatanodeStateMachine (DatanodeStateMachine.java:lambda$startDaemon$0(350)) - Ozone container server started.
2019-08-29 08:28:20,838 | INFO  | SCMAudit | user=jenkins1000 | ip=192.168.157.249 | op=SEND_HEARTBEAT {datanodeUUID=500162f5-df4c-43d4-be22-b16b483ed3b9, command=[]} | ret=SUCCESS |  
2019-08-29 08:28:21,737 [Datanode State Machine Thread - 0] INFO  statemachine.DatanodeStateMachine (DatanodeStateMachine.java:lambda$startDaemon$0(350)) - Ozone container server started.
2019-08-29 08:28:21,839 | INFO  | SCMAudit | user=jenkins1000 | ip=192.168.157.249 | op=SEND_HEARTBEAT {datanodeUUID=500162f5-df4c-43d4-be22-b16b483ed3b9, command=[]} | ret=SUCCESS |  
2019-08-29 08:28:22,839 | INFO  | SCMAudit | user=jenkins1000 | ip=192.168.157.249 | op=SEND_HEARTBEAT {datanodeUUID=500162f5-df4c-43d4-be22-b16b483ed3b9, command=[]} | ret=SUCCESS |  
2019-08-29 08:28:23,839 | INFO  | SCMAudit | user=jenkins1000 | ip=192.168.157.249 | op=SEND_HEARTBEAT {datanodeUUID=500162f5-df4c-43d4-be22-b16b483ed3b9, command=[]} | ret=SUCCESS |  
2019-08-29 08:28:24,839 | INFO  | SCMAudit | user=jenkins1000 | ip=192.168.157.249 | op=SEND_HEARTBEAT {datanodeUUID=500162f5-df4c-43d4-be22-b16b483ed3b9, command=[]} | ret=SUCCESS |  
2019-08-29 08:28:25,773 [main] INFO  ozoneimpl.OzoneContainer (OzoneContainer.java:stop(215)) - Attempting to stop container services.
2019-08-29 08:28:25,773 [ForkJoinPool.commonPool-worker-0] INFO  ozoneimpl.OzoneContainer (OzoneContainer.java:stop(215)) - Attempting to stop container services.
2019-08-29 08:28:25,773 [main] INFO  impl.RaftServerProxy (RaftServerProxy.java:lambda$close$4(314)) - 24081c8f-d316-435d-a792-3431bfeb71b1: close
2019-08-29 08:28:25,774 [ForkJoinPool.commonPool-worker-0] INFO  impl.RaftServerProxy (RaftServerProxy.java:lambda$close$4(314)) - 6d68ca61-c219-4724-b8bb-ddcd01f258b2: close
2019-08-29 08:28:25,774 [main] INFO  impl.RaftServerImpl (RaftServerImpl.java:lambda$shutdown$3(245)) - 24081c8f-d316-435d-a792-3431bfeb71b1: shutdown group-BEC10561125A
2019-08-29 08:28:25,774 [ForkJoinPool.commonPool-worker-0] INFO  impl.RaftServerImpl (RaftServerImpl.java:lambda$shutdown$3(245)) - 6d68ca61-c219-4724-b8bb-ddcd01f258b2: shutdown group-43692615A8D9
2019-08-29 08:28:25,774 [main] INFO  util.JmxRegister (JmxRegister.java:unregister(73)) - Successfully un-registered JMX Bean with object name Ratis:service=RaftServer,group=group-BEC10561125A,id=24081c8f-d316-435d-a792-3431bfeb71b1
2019-08-29 08:28:25,775 [ForkJoinPool.commonPool-worker-0] INFO  util.JmxRegister (JmxRegister.java:unregister(73)) - Successfully un-registered JMX Bean with object name Ratis:service=RaftServer,group=group-43692615A8D9,id=6d68ca61-c219-4724-b8bb-ddcd01f258b2
2019-08-29 08:28:25,775 [main] INFO  impl.RoleInfo (RoleInfo.java:shutdownLeaderState(104)) - 24081c8f-d316-435d-a792-3431bfeb71b1: shutdown LeaderState
2019-08-29 08:28:25,775 [ForkJoinPool.commonPool-worker-0] INFO  impl.RoleInfo (RoleInfo.java:shutdownLeaderState(104)) - 6d68ca61-c219-4724-b8bb-ddcd01f258b2: shutdown LeaderState
2019-08-29 08:28:25,776 [main] INFO  impl.PendingRequests (PendingRequests.java:sendNotLeaderResponses(202)) - 24081c8f-d316-435d-a792-3431bfeb71b1-PendingRequests: sendNotLeaderResponses
2019-08-29 08:28:25,776 [ForkJoinPool.commonPool-worker-0] INFO  impl.PendingRequests (PendingRequests.java:sendNotLeaderResponses(202)) - 6d68ca61-c219-4724-b8bb-ddcd01f258b2-PendingRequests: sendNotLeaderResponses
2019-08-29 08:28:25,777 [main] INFO  impl.StateMachineUpdater (StateMachineUpdater.java:stopAndJoin(115)) - StateMachineUpdater:24081c8f-d316-435d-a792-3431bfeb71b1:group-BEC10561125A: set stopIndex = 0
2019-08-29 08:28:25,777 [ForkJoinPool.commonPool-worker-0] INFO  impl.StateMachineUpdater (StateMachineUpdater.java:stopAndJoin(115)) - StateMachineUpdater:6d68ca61-c219-4724-b8bb-ddcd01f258b2:group-43692615A8D9: set stopIndex = 0
2019-08-29 08:28:25,777 [main] INFO  impl.RaftServerImpl (ServerState.java:close(394)) - 24081c8f-d316-435d-a792-3431bfeb71b1:group-BEC10561125A closes. The last applied log index is 0
2019-08-29 08:28:25,778 [ForkJoinPool.commonPool-worker-0] INFO  impl.RaftServerImpl (ServerState.java:close(394)) - 6d68ca61-c219-4724-b8bb-ddcd01f258b2:group-43692615A8D9 closes. The last applied log index is 0
2019-08-29 08:28:25,778 [24081c8f-d316-435d-a792-3431bfeb71b1-SegmentedRaftLogWorker:Storage Directory /workdir/hadoop-ozone/integration-test/target/test-dir/MiniOzoneClusterImpl-abd8892b-b936-4b08-8d84-fd22f8afb6b4/datanode-6/data/ratis/5f9f66b5-3a9d-4de6-ae05-bec10561125a] INFO  segmented.SegmentedRaftLogWorker (SegmentedRaftLogWorker.java:run(313)) - 24081c8f-d316-435d-a792-3431bfeb71b1-SegmentedRaftLogWorker:Storage Directory /workdir/hadoop-ozone/integration-test/target/test-dir/MiniOzoneClusterImpl-abd8892b-b936-4b08-8d84-fd22f8afb6b4/datanode-6/data/ratis/5f9f66b5-3a9d-4de6-ae05-bec10561125a was interrupted, exiting. There are 0 tasks remaining in the queue.
2019-08-29 08:28:25,778 [6d68ca61-c219-4724-b8bb-ddcd01f258b2-SegmentedRaftLogWorker:Storage Directory /workdir/hadoop-ozone/integration-test/target/test-dir/MiniOzoneClusterImpl-abd8892b-b936-4b08-8d84-fd22f8afb6b4/datanode-0/data/ratis/6af0eaaa-8f1c-4e85-b5a5-43692615a8d9] INFO  segmented.SegmentedRaftLogWorker (SegmentedRaftLogWorker.java:run(313)) - 6d68ca61-c219-4724-b8bb-ddcd01f258b2-SegmentedRaftLogWorker:Storage Directory /workdir/hadoop-ozone/integration-test/target/test-dir/MiniOzoneClusterImpl-abd8892b-b936-4b08-8d84-fd22f8afb6b4/datanode-0/data/ratis/6af0eaaa-8f1c-4e85-b5a5-43692615a8d9 was interrupted, exiting. There are 0 tasks remaining in the queue.
2019-08-29 08:28:25,781 [main] INFO  segmented.SegmentedRaftLogWorker (SegmentedRaftLogWorker.java:close(228)) - 24081c8f-d316-435d-a792-3431bfeb71b1-SegmentedRaftLogWorker:Storage Directory /workdir/hadoop-ozone/integration-test/target/test-dir/MiniOzoneClusterImpl-abd8892b-b936-4b08-8d84-fd22f8afb6b4/datanode-6/data/ratis/5f9f66b5-3a9d-4de6-ae05-bec10561125a close()
2019-08-29 08:28:25,782 [ForkJoinPool.commonPool-worker-0] INFO  segmented.SegmentedRaftLogWorker (SegmentedRaftLogWorker.java:close(228)) - 6d68ca61-c219-4724-b8bb-ddcd01f258b2-SegmentedRaftLogWorker:Storage Directory /workdir/hadoop-ozone/integration-test/target/test-dir/MiniOzoneClusterImpl-abd8892b-b936-4b08-8d84-fd22f8afb6b4/datanode-0/data/ratis/6af0eaaa-8f1c-4e85-b5a5-43692615a8d9 close()
2019-08-29 08:28:25,784 [main] INFO  impl.RaftServerImpl (RaftServerImpl.java:lambda$shutdown$3(245)) - 24081c8f-d316-435d-a792-3431bfeb71b1: shutdown group-273770D6E455
2019-08-29 08:28:25,785 [ForkJoinPool.commonPool-worker-0] INFO  impl.RaftServerImpl (RaftServerImpl.java:lambda$shutdown$3(245)) - 6d68ca61-c219-4724-b8bb-ddcd01f258b2: shutdown group-4C25E3B3B994
2019-08-29 08:28:25,786 [main] INFO  util.JmxRegister (JmxRegister.java:unregister(73)) - Successfully un-registered JMX Bean with object name Ratis:service=RaftServer,group=group-273770D6E455,id=24081c8f-d316-435d-a792-3431bfeb71b1
2019-08-29 08:28:25,786 [ForkJoinPool.commonPool-worker-0] INFO  util.JmxRegister (JmxRegister.java:unregister(73)) - Successfully un-registered JMX Bean with object name Ratis:service=RaftServer,group=group-4C25E3B3B994,id=6d68ca61-c219-4724-b8bb-ddcd01f258b2
2019-08-29 08:28:25,787 [ForkJoinPool.commonPool-worker-0] INFO  impl.RoleInfo (RoleInfo.java:shutdownFollowerState(121)) - 6d68ca61-c219-4724-b8bb-ddcd01f258b2: shutdown FollowerState
2019-08-29 08:28:25,786 [main] INFO  impl.RoleInfo (RoleInfo.java:shutdownFollowerState(121)) - 24081c8f-d316-435d-a792-3431bfeb71b1: shutdown FollowerState
2019-08-29 08:28:25,787 [Thread-748] INFO  impl.FollowerState (FollowerState.java:run(114)) - 6d68ca61-c219-4724-b8bb-ddcd01f258b2: FollowerState was interrupted: java.lang.InterruptedException: sleep interrupted
2019-08-29 08:28:25,787 [ForkJoinPool.commonPool-worker-0] INFO  impl.StateMachineUpdater (StateMachineUpdater.java:stopAndJoin(115)) - StateMachineUpdater:6d68ca61-c219-4724-b8bb-ddcd01f258b2:group-4C25E3B3B994: set stopIndex = 0
2019-08-29 08:28:25,789 [StateMachineUpdater:24081c8f-d316-435d-a792-3431bfeb71b1:group-273770D6E455] INFO  ratis.ContainerStateMachine (ContainerStateMachine.java:takeSnapshot(284)) - group-273770D6E455: Taking a snapshot at:(t:1, i:6) file /workdir/hadoop-ozone/integration-test/target/test-dir/MiniOzoneClusterImpl-abd8892b-b936-4b08-8d84-fd22f8afb6b4/datanode-6/data/ratis/984b27fd-9fb9-45b0-9865-273770d6e455/sm/snapshot.1_6
2019-08-29 08:28:25,787 [Thread-776] INFO  impl.FollowerState (FollowerState.java:run(114)) - 24081c8f-d316-435d-a792-3431bfeb71b1: FollowerState was interrupted: java.lang.InterruptedException: sleep interrupted
2019-08-29 08:28:25,787 [main] INFO  impl.StateMachineUpdater (StateMachineUpdater.java:stopAndJoin(115)) - StateMachineUpdater:24081c8f-d316-435d-a792-3431bfeb71b1:group-273770D6E455: set stopIndex = 8
2019-08-29 08:28:25,789 [ForkJoinPool.commonPool-worker-0] INFO  impl.RaftServerImpl (ServerState.java:close(394)) - 6d68ca61-c219-4724-b8bb-ddcd01f258b2:group-4C25E3B3B994 closes. The last applied log index is 0
2019-08-29 08:28:25,792 [6d68ca61-c219-4724-b8bb-ddcd01f258b2-SegmentedRaftLogWorker:Storage Directory /workdir/hadoop-ozone/integration-test/target/test-dir/MiniOzoneClusterImpl-abd8892b-b936-4b08-8d84-fd22f8afb6b4/datanode-0/data/ratis/26c84b39-af29-4179-bb90-4c25e3b3b994] INFO  segmented.SegmentedRaftLogWorker (SegmentedRaftLogWorker.java:run(313)) - 6d68ca61-c219-4724-b8bb-ddcd01f258b2-SegmentedRaftLogWorker:Storage Directory /workdir/hadoop-ozone/integration-test/target/test-dir/MiniOzoneClusterImpl-abd8892b-b936-4b08-8d84-fd22f8afb6b4/datanode-0/data/ratis/26c84b39-af29-4179-bb90-4c25e3b3b994 was interrupted, exiting. There are 0 tasks remaining in the queue.
2019-08-29 08:28:25,801 [ForkJoinPool.commonPool-worker-0] INFO  segmented.SegmentedRaftLogWorker (SegmentedRaftLogWorker.java:close(228)) - 6d68ca61-c219-4724-b8bb-ddcd01f258b2-SegmentedRaftLogWorker:Storage Directory /workdir/hadoop-ozone/integration-test/target/test-dir/MiniOzoneClusterImpl-abd8892b-b936-4b08-8d84-fd22f8afb6b4/datanode-0/data/ratis/26c84b39-af29-4179-bb90-4c25e3b3b994 close()
2019-08-29 08:28:25,808 [StateMachineUpdater:24081c8f-d316-435d-a792-3431bfeb71b1:group-273770D6E455] INFO  ratis.ContainerStateMachine (ContainerStateMachine.java:takeSnapshot(295)) - group-273770D6E455: Finished taking a snapshot at:(t:1, i:6) file:/workdir/hadoop-ozone/integration-test/target/test-dir/MiniOzoneClusterImpl-abd8892b-b936-4b08-8d84-fd22f8afb6b4/datanode-6/data/ratis/984b27fd-9fb9-45b0-9865-273770d6e455/sm/snapshot.1_6 time:20
2019-08-29 08:28:25,808 [ForkJoinPool.commonPool-worker-0] INFO  server.GrpcService (GrpcService.java:closeImpl(155)) - 6d68ca61-c219-4724-b8bb-ddcd01f258b2: shutdown server with port 36774 now
2019-08-29 08:28:25,808 [StateMachineUpdater:24081c8f-d316-435d-a792-3431bfeb71b1:group-273770D6E455] INFO  impl.StateMachineUpdater (StateMachineUpdater.java:takeSnapshot(242)) - StateMachineUpdater:24081c8f-d316-435d-a792-3431bfeb71b1:group-273770D6E455: Took a snapshot at index 6
2019-08-29 08:28:25,808 [StateMachineUpdater:24081c8f-d316-435d-a792-3431bfeb71b1:group-273770D6E455] INFO  impl.StateMachineUpdater (StateMachineUpdater.java:lambda$new$0(80)) - StateMachineUpdater:24081c8f-d316-435d-a792-3431bfeb71b1:group-273770D6E455: snapshotIndex: updateIncreasingly -1 -> 6
2019-08-29 08:28:25,808 [ForkJoinPool.commonPool-worker-0] INFO  server.GrpcService (GrpcService.java:closeImpl(163)) - 6d68ca61-c219-4724-b8bb-ddcd01f258b2: shutdown server with port 36774 successfully
2019-08-29 08:28:25,809 [main] INFO  impl.RaftServerImpl (ServerState.java:close(394)) - 24081c8f-d316-435d-a792-3431bfeb71b1:group-273770D6E455 closes. The last applied log index is 8
2019-08-29 08:28:25,809 [24081c8f-d316-435d-a792-3431bfeb71b1-SegmentedRaftLogWorker:Storage Directory /workdir/hadoop-ozone/integration-test/target/test-dir/MiniOzoneClusterImpl-abd8892b-b936-4b08-8d84-fd22f8afb6b4/datanode-6/data/ratis/984b27fd-9fb9-45b0-9865-273770d6e455] INFO  segmented.SegmentedRaftLogWorker (SegmentedRaftLogWorker.java:run(313)) - 24081c8f-d316-435d-a792-3431bfeb71b1-SegmentedRaftLogWorker:Storage Directory /workdir/hadoop-ozone/integration-test/target/test-dir/MiniOzoneClusterImpl-abd8892b-b936-4b08-8d84-fd22f8afb6b4/datanode-6/data/ratis/984b27fd-9fb9-45b0-9865-273770d6e455 was interrupted, exiting. There are 0 tasks remaining in the queue.
2019-08-29 08:28:25,810 [main] INFO  segmented.SegmentedRaftLogWorker (SegmentedRaftLogWorker.java:close(228)) - 24081c8f-d316-435d-a792-3431bfeb71b1-SegmentedRaftLogWorker:Storage Directory /workdir/hadoop-ozone/integration-test/target/test-dir/MiniOzoneClusterImpl-abd8892b-b936-4b08-8d84-fd22f8afb6b4/datanode-6/data/ratis/984b27fd-9fb9-45b0-9865-273770d6e455 close()
2019-08-29 08:28:25,810 [main] INFO  server.GrpcService (GrpcService.java:closeImpl(155)) - 24081c8f-d316-435d-a792-3431bfeb71b1: shutdown server with port 42130 now
2019-08-29 08:28:25,810 [refreshUsed-/workdir/hadoop-ozone/integration-test/target/test-dir/MiniOzoneClusterImpl-abd8892b-b936-4b08-8d84-fd22f8afb6b4/datanode-0/data/containers] WARN  fs.CachingGetSpaceUsed (CachingGetSpaceUsed.java:run(183)) - Thread Interrupted waiting to refresh disk information: sleep interrupted
2019-08-29 08:28:25,811 [main] INFO  server.GrpcService (GrpcService.java:closeImpl(163)) - 24081c8f-d316-435d-a792-3431bfeb71b1: shutdown server with port 42130 successfully
2019-08-29 08:28:25,812 [refreshUsed-/workdir/hadoop-ozone/integration-test/target/test-dir/MiniOzoneClusterImpl-abd8892b-b936-4b08-8d84-fd22f8afb6b4/datanode-6/data/containers] WARN  fs.CachingGetSpaceUsed (CachingGetSpaceUsed.java:run(183)) - Thread Interrupted waiting to refresh disk information: sleep interrupted
2019-08-29 08:28:25,827 [main] INFO  utils.BackgroundService (BackgroundService.java:shutdown(148)) - Shutting down service BlockDeletingService
2019-08-29 08:28:25,831 [main] INFO  statemachine.DatanodeStateMachine (DatanodeStateMachine.java:stopDaemon(395)) - Ozone container server stopped.
2019-08-29 08:28:25,832 [main] INFO  handler.ContextHandler (ContextHandler.java:doStop(910)) - Stopped o.e.j.w.WebAppContext@1624775{/,null,UNAVAILABLE}{/hddsDatanode}
2019-08-29 08:28:25,832 [ForkJoinPool.commonPool-worker-0] INFO  utils.BackgroundService (BackgroundService.java:shutdown(148)) - Shutting down service BlockDeletingService
2019-08-29 08:28:25,833 [main] INFO  server.AbstractConnector (AbstractConnector.java:doStop(318)) - Stopped ServerConnector@1e7f19b4{HTTP/1.1,[http/1.1]}{0.0.0.0:0}
2019-08-29 08:28:25,835 [ForkJoinPool.commonPool-worker-0] INFO  statemachine.DatanodeStateMachine (DatanodeStateMachine.java:stopDaemon(395)) - Ozone container server stopped.
2019-08-29 08:28:25,836 [main] INFO  handler.ContextHandler (ContextHandler.java:doStop(910)) - Stopped o.e.j.s.ServletContextHandler@1b0e9707{/static,jar:file:/home/user/.m2/repository/org/apache/hadoop/hadoop-hdds-container-service/0.5.0-SNAPSHOT/hadoop-hdds-container-service-0.5.0-SNAPSHOT.jar!/webapps/static,UNAVAILABLE}
2019-08-29 08:28:25,838 [main] INFO  handler.ContextHandler (ContextHandler.java:doStop(910)) - Stopped o.e.j.s.ServletContextHandler@1c52552f{/logs,file:///workdir/hadoop-ozone/integration-test/target/log,UNAVAILABLE}
2019-08-29 08:28:25,839 [ForkJoinPool.commonPool-worker-0] INFO  handler.ContextHandler (ContextHandler.java:doStop(910)) - Stopped o.e.j.w.WebAppContext@e95595b{/,null,UNAVAILABLE}{/hddsDatanode}
2019-08-29 08:28:25,839 | INFO  | SCMAudit | user=jenkins1000 | ip=192.168.157.249 | op=SEND_HEARTBEAT {datanodeUUID=500162f5-df4c-43d4-be22-b16b483ed3b9, command=[]} | ret=SUCCESS |  
2019-08-29 08:28:25,839 [ForkJoinPool.commonPool-worker-0] INFO  server.AbstractConnector (AbstractConnector.java:doStop(318)) - Stopped ServerConnector@5a917723{HTTP/1.1,[http/1.1]}{0.0.0.0:0}
2019-08-29 08:28:25,842 [ForkJoinPool.commonPool-worker-0] INFO  handler.ContextHandler (ContextHandler.java:doStop(910)) - Stopped o.e.j.s.ServletContextHandler@999b951{/static,jar:file:/home/user/.m2/repository/org/apache/hadoop/hadoop-hdds-container-service/0.5.0-SNAPSHOT/hadoop-hdds-container-service-0.5.0-SNAPSHOT.jar!/webapps/static,UNAVAILABLE}
2019-08-29 08:28:25,842 [ForkJoinPool.commonPool-worker-0] INFO  handler.ContextHandler (ContextHandler.java:doStop(910)) - Stopped o.e.j.s.ServletContextHandler@60e3c26e{/logs,file:///workdir/hadoop-ozone/integration-test/target/log,UNAVAILABLE}
2019-08-29 08:28:26,839 | INFO  | SCMAudit | user=jenkins1000 | ip=192.168.157.249 | op=SEND_HEARTBEAT {datanodeUUID=500162f5-df4c-43d4-be22-b16b483ed3b9, command=[]} | ret=SUCCESS |  
2019-08-29 08:28:27,042 [Datanode ReportManager Thread - 1] WARN  concurrent.ExecutorHelper (ExecutorHelper.java:logThrowableFromAfterExecute(50)) - Execution exception when running task in Datanode ReportManager Thread - 1
2019-08-29 08:28:27,042 [Datanode ReportManager Thread - 1] WARN  concurrent.ExecutorHelper (ExecutorHelper.java:logThrowableFromAfterExecute(63)) - Caught exception in thread Datanode ReportManager Thread - 1: 
java.util.concurrent.RejectedExecutionException: Task java.util.concurrent.ScheduledThreadPoolExecutor$ScheduledFutureTask@33bd968d rejected from org.apache.hadoop.util.concurrent.HadoopScheduledThreadPoolExecutor@3d7a7e8a[Shutting down, pool size = 4, active threads = 1, queued tasks = 3, completed tasks = 22]
	at java.util.concurrent.ThreadPoolExecutor$AbortPolicy.rejectedExecution(ThreadPoolExecutor.java:2063)
	at java.util.concurrent.ThreadPoolExecutor.reject(ThreadPoolExecutor.java:830)
	at java.util.concurrent.ScheduledThreadPoolExecutor.delayedExecute(ScheduledThreadPoolExecutor.java:326)
	at java.util.concurrent.ScheduledThreadPoolExecutor.schedule(ScheduledThreadPoolExecutor.java:533)
	at org.apache.hadoop.ozone.container.common.report.ReportPublisher.run(ReportPublisher.java:76)
	at java.util.concurrent.Executors$RunnableAdapter.call(Executors.java:511)
	at java.util.concurrent.FutureTask.run(FutureTask.java:266)
	at java.util.concurrent.ScheduledThreadPoolExecutor$ScheduledFutureTask.access$201(ScheduledThreadPoolExecutor.java:180)
	at java.util.concurrent.ScheduledThreadPoolExecutor$ScheduledFutureTask.run(ScheduledThreadPoolExecutor.java:293)
	at java.util.concurrent.ThreadPoolExecutor.runWorker(ThreadPoolExecutor.java:1149)
	at java.util.concurrent.ThreadPoolExecutor$Worker.run(ThreadPoolExecutor.java:624)
	at java.lang.Thread.run(Thread.java:748)
2019-08-29 08:28:27,651 [Thread-775] INFO  impl.FollowerState (FollowerState.java:run(106)) - 500162f5-df4c-43d4-be22-b16b483ed3b9:group-273770D6E455 changes to CANDIDATE, lastRpcTime:6975, electionTimeout:5028ms
2019-08-29 08:28:27,652 [Thread-775] INFO  impl.RoleInfo (RoleInfo.java:shutdownFollowerState(121)) - 500162f5-df4c-43d4-be22-b16b483ed3b9: shutdown FollowerState
2019-08-29 08:28:27,652 [Thread-775] INFO  impl.RaftServerImpl (RaftServerImpl.java:setRole(171)) - 500162f5-df4c-43d4-be22-b16b483ed3b9:group-273770D6E455 changes role from FOLLOWER to CANDIDATE at term 1 for changeToCandidate
2019-08-29 08:28:27,652 [Thread-775] INFO  impl.RoleInfo (RoleInfo.java:updateAndGet(143)) - 500162f5-df4c-43d4-be22-b16b483ed3b9: start LeaderElection
2019-08-29 08:28:27,654 [500162f5-df4c-43d4-be22-b16b483ed3b9:group-273770D6E455:LeaderElection25] INFO  impl.RaftServerImpl (ServerState.java:setLeader(263)) - 500162f5-df4c-43d4-be22-b16b483ed3b9:group-273770D6E455 change Leader from 2cd21838-1a98-4748-8882-d7146563928a to null at term 1 for initElection
2019-08-29 08:28:27,670 [500162f5-df4c-43d4-be22-b16b483ed3b9:group-273770D6E455:LeaderElection25] INFO  impl.LeaderElection (LeaderElection.java:askForVotes(181)) - 500162f5-df4c-43d4-be22-b16b483ed3b9:group-273770D6E455:LeaderElection25: begin an election at term 2 for 0: [2cd21838-1a98-4748-8882-d7146563928a:192.168.157.249:40808, 24081c8f-d316-435d-a792-3431bfeb71b1:192.168.157.249:42130, 500162f5-df4c-43d4-be22-b16b483ed3b9:192.168.157.249:46274], old=null
2019-08-29 08:28:27,680 [500162f5-df4c-43d4-be22-b16b483ed3b9:group-273770D6E455:LeaderElection25] INFO  impl.LeaderElection (LogUtils.java:infoOrTrace(149)) - 500162f5-df4c-43d4-be22-b16b483ed3b9:group-273770D6E455:LeaderElection25 got exception when requesting votes: {}
java.util.concurrent.ExecutionException: org.apache.ratis.thirdparty.io.grpc.StatusRuntimeException: UNAVAILABLE: io exception
	at java.util.concurrent.FutureTask.report(FutureTask.java:122)
	at java.util.concurrent.FutureTask.get(FutureTask.java:192)
	at org.apache.ratis.server.impl.LeaderElection.waitForResults(LeaderElection.java:262)
	at org.apache.ratis.server.impl.LeaderElection.askForVotes(LeaderElection.java:200)
	at org.apache.ratis.server.impl.LeaderElection.run(LeaderElection.java:130)
	at java.lang.Thread.run(Thread.java:748)
Caused by: org.apache.ratis.thirdparty.io.grpc.StatusRuntimeException: UNAVAILABLE: io exception
	at org.apache.ratis.thirdparty.io.grpc.stub.ClientCalls.toStatusRuntimeException(ClientCalls.java:233)
	at org.apache.ratis.thirdparty.io.grpc.stub.ClientCalls.getUnchecked(ClientCalls.java:214)
	at org.apache.ratis.thirdparty.io.grpc.stub.ClientCalls.blockingUnaryCall(ClientCalls.java:139)
	at org.apache.ratis.proto.grpc.RaftServerProtocolServiceGrpc$RaftServerProtocolServiceBlockingStub.requestVote(RaftServerProtocolServiceGrpc.java:265)
	at org.apache.ratis.grpc.server.GrpcServerProtocolClient.requestVote(GrpcServerProtocolClient.java:83)
	at org.apache.ratis.grpc.server.GrpcService.requestVote(GrpcService.java:195)
	at org.apache.ratis.server.impl.LeaderElection.lambda$submitRequests$1(LeaderElection.java:237)
	at java.util.concurrent.FutureTask.run(FutureTask.java:266)
	at java.util.concurrent.Executors$RunnableAdapter.call(Executors.java:511)
	at java.util.concurrent.FutureTask.run(FutureTask.java:266)
	at java.util.concurrent.ThreadPoolExecutor.runWorker(ThreadPoolExecutor.java:1149)
	at java.util.concurrent.ThreadPoolExecutor$Worker.run(ThreadPoolExecutor.java:624)
	... 1 more
Caused by: org.apache.ratis.thirdparty.io.netty.channel.AbstractChannel$AnnotatedConnectException: Connection refused: /192.168.157.249:42130
	at sun.nio.ch.SocketChannelImpl.checkConnect(Native Method)
	at sun.nio.ch.SocketChannelImpl.finishConnect(SocketChannelImpl.java:717)
	at org.apache.ratis.thirdparty.io.netty.channel.socket.nio.NioSocketChannel.doFinishConnect(NioSocketChannel.java:327)
	at org.apache.ratis.thirdparty.io.netty.channel.nio.AbstractNioChannel$AbstractNioUnsafe.finishConnect(AbstractNioChannel.java:340)
	at org.apache.ratis.thirdparty.io.netty.channel.nio.NioEventLoop.processSelectedKey(NioEventLoop.java:632)
	at org.apache.ratis.thirdparty.io.netty.channel.nio.NioEventLoop.processSelectedKeysOptimized(NioEventLoop.java:579)
	at org.apache.ratis.thirdparty.io.netty.channel.nio.NioEventLoop.processSelectedKeys(NioEventLoop.java:496)
	at org.apache.ratis.thirdparty.io.netty.channel.nio.NioEventLoop.run(NioEventLoop.java:458)
	at org.apache.ratis.thirdparty.io.netty.util.concurrent.SingleThreadEventExecutor$5.run(SingleThreadEventExecutor.java:897)
	at org.apache.ratis.thirdparty.io.netty.util.concurrent.FastThreadLocalRunnable.run(FastThreadLocalRunnable.java:30)
	... 1 more
Caused by: java.net.ConnectException: Connection refused
	... 11 more
2019-08-29 08:28:27,682 [500162f5-df4c-43d4-be22-b16b483ed3b9:group-273770D6E455:LeaderElection25] INFO  impl.LeaderElection (LogUtils.java:infoOrTrace(149)) - 500162f5-df4c-43d4-be22-b16b483ed3b9:group-273770D6E455:LeaderElection25 got exception when requesting votes: {}
java.util.concurrent.ExecutionException: org.apache.ratis.thirdparty.io.grpc.StatusRuntimeException: UNAVAILABLE: io exception
	at java.util.concurrent.FutureTask.report(FutureTask.java:122)
	at java.util.concurrent.FutureTask.get(FutureTask.java:192)
	at org.apache.ratis.server.impl.LeaderElection.waitForResults(LeaderElection.java:262)
	at org.apache.ratis.server.impl.LeaderElection.askForVotes(LeaderElection.java:200)
	at org.apache.ratis.server.impl.LeaderElection.run(LeaderElection.java:130)
	at java.lang.Thread.run(Thread.java:748)
Caused by: org.apache.ratis.thirdparty.io.grpc.StatusRuntimeException: UNAVAILABLE: io exception
	at org.apache.ratis.thirdparty.io.grpc.stub.ClientCalls.toStatusRuntimeException(ClientCalls.java:233)
	at org.apache.ratis.thirdparty.io.grpc.stub.ClientCalls.getUnchecked(ClientCalls.java:214)
	at org.apache.ratis.thirdparty.io.grpc.stub.ClientCalls.blockingUnaryCall(ClientCalls.java:139)
	at org.apache.ratis.proto.grpc.RaftServerProtocolServiceGrpc$RaftServerProtocolServiceBlockingStub.requestVote(RaftServerProtocolServiceGrpc.java:265)
	at org.apache.ratis.grpc.server.GrpcServerProtocolClient.requestVote(GrpcServerProtocolClient.java:83)
	at org.apache.ratis.grpc.server.GrpcService.requestVote(GrpcService.java:195)
	at org.apache.ratis.server.impl.LeaderElection.lambda$submitRequests$1(LeaderElection.java:237)
	at java.util.concurrent.FutureTask.run(FutureTask.java:266)
	at java.util.concurrent.Executors$RunnableAdapter.call(Executors.java:511)
	at java.util.concurrent.FutureTask.run(FutureTask.java:266)
	at java.util.concurrent.ThreadPoolExecutor.runWorker(ThreadPoolExecutor.java:1149)
	at java.util.concurrent.ThreadPoolExecutor$Worker.run(ThreadPoolExecutor.java:624)
	... 1 more
Caused by: org.apache.ratis.thirdparty.io.netty.channel.AbstractChannel$AnnotatedConnectException: Connection refused: /192.168.157.249:40808
	at sun.nio.ch.SocketChannelImpl.checkConnect(Native Method)
	at sun.nio.ch.SocketChannelImpl.finishConnect(SocketChannelImpl.java:717)
	at org.apache.ratis.thirdparty.io.netty.channel.socket.nio.NioSocketChannel.doFinishConnect(NioSocketChannel.java:327)
	at org.apache.ratis.thirdparty.io.netty.channel.nio.AbstractNioChannel$AbstractNioUnsafe.finishConnect(AbstractNioChannel.java:340)
	at org.apache.ratis.thirdparty.io.netty.channel.nio.NioEventLoop.processSelectedKey(NioEventLoop.java:632)
	at org.apache.ratis.thirdparty.io.netty.channel.nio.NioEventLoop.processSelectedKeysOptimized(NioEventLoop.java:579)
	at org.apache.ratis.thirdparty.io.netty.channel.nio.NioEventLoop.processSelectedKeys(NioEventLoop.java:496)
	at org.apache.ratis.thirdparty.io.netty.channel.nio.NioEventLoop.run(NioEventLoop.java:458)
	at org.apache.ratis.thirdparty.io.netty.util.concurrent.SingleThreadEventExecutor$5.run(SingleThreadEventExecutor.java:897)
	at org.apache.ratis.thirdparty.io.netty.util.concurrent.FastThreadLocalRunnable.run(FastThreadLocalRunnable.java:30)
	... 1 more
Caused by: java.net.ConnectException: Connection refused
	... 11 more
2019-08-29 08:28:27,684 [500162f5-df4c-43d4-be22-b16b483ed3b9:group-273770D6E455:LeaderElection25] INFO  impl.LeaderElection (LeaderElection.java:logAndReturn(56)) - 500162f5-df4c-43d4-be22-b16b483ed3b9:group-273770D6E455:LeaderElection25: Election REJECTED; received 0 response(s) [] and 2 exception(s); 500162f5-df4c-43d4-be22-b16b483ed3b9:t2, leader=null, voted=500162f5-df4c-43d4-be22-b16b483ed3b9, raftlog=500162f5-df4c-43d4-be22-b16b483ed3b9-SegmentedRaftLog:OPENED:c8,f8,i8, conf=0: [2cd21838-1a98-4748-8882-d7146563928a:192.168.157.249:40808, 24081c8f-d316-435d-a792-3431bfeb71b1:192.168.157.249:42130, 500162f5-df4c-43d4-be22-b16b483ed3b9:192.168.157.249:46274], old=null
2019-08-29 08:28:27,684 [500162f5-df4c-43d4-be22-b16b483ed3b9:group-273770D6E455:LeaderElection25] INFO  impl.LeaderElection (LogUtils.java:infoOrTrace(149)) -   Exception 0: {}
java.util.concurrent.ExecutionException: org.apache.ratis.thirdparty.io.grpc.StatusRuntimeException: UNAVAILABLE: io exception
	at java.util.concurrent.FutureTask.report(FutureTask.java:122)
	at java.util.concurrent.FutureTask.get(FutureTask.java:192)
	at org.apache.ratis.server.impl.LeaderElection.waitForResults(LeaderElection.java:262)
	at org.apache.ratis.server.impl.LeaderElection.askForVotes(LeaderElection.java:200)
	at org.apache.ratis.server.impl.LeaderElection.run(LeaderElection.java:130)
	at java.lang.Thread.run(Thread.java:748)
Caused by: org.apache.ratis.thirdparty.io.grpc.StatusRuntimeException: UNAVAILABLE: io exception
	at org.apache.ratis.thirdparty.io.grpc.stub.ClientCalls.toStatusRuntimeException(ClientCalls.java:233)
	at org.apache.ratis.thirdparty.io.grpc.stub.ClientCalls.getUnchecked(ClientCalls.java:214)
	at org.apache.ratis.thirdparty.io.grpc.stub.ClientCalls.blockingUnaryCall(ClientCalls.java:139)
	at org.apache.ratis.proto.grpc.RaftServerProtocolServiceGrpc$RaftServerProtocolServiceBlockingStub.requestVote(RaftServerProtocolServiceGrpc.java:265)
	at org.apache.ratis.grpc.server.GrpcServerProtocolClient.requestVote(GrpcServerProtocolClient.java:83)
	at org.apache.ratis.grpc.server.GrpcService.requestVote(GrpcService.java:195)
	at org.apache.ratis.server.impl.LeaderElection.lambda$submitRequests$1(LeaderElection.java:237)
	at java.util.concurrent.FutureTask.run(FutureTask.java:266)
	at java.util.concurrent.Executors$RunnableAdapter.call(Executors.java:511)
	at java.util.concurrent.FutureTask.run(FutureTask.java:266)
	at java.util.concurrent.ThreadPoolExecutor.runWorker(ThreadPoolExecutor.java:1149)
	at java.util.concurrent.ThreadPoolExecutor$Worker.run(ThreadPoolExecutor.java:624)
	... 1 more
Caused by: org.apache.ratis.thirdparty.io.netty.channel.AbstractChannel$AnnotatedConnectException: Connection refused: /192.168.157.249:42130
	at sun.nio.ch.SocketChannelImpl.checkConnect(Native Method)
	at sun.nio.ch.SocketChannelImpl.finishConnect(SocketChannelImpl.java:717)
	at org.apache.ratis.thirdparty.io.netty.channel.socket.nio.NioSocketChannel.doFinishConnect(NioSocketChannel.java:327)
	at org.apache.ratis.thirdparty.io.netty.channel.nio.AbstractNioChannel$AbstractNioUnsafe.finishConnect(AbstractNioChannel.java:340)
	at org.apache.ratis.thirdparty.io.netty.channel.nio.NioEventLoop.processSelectedKey(NioEventLoop.java:632)
	at org.apache.ratis.thirdparty.io.netty.channel.nio.NioEventLoop.processSelectedKeysOptimized(NioEventLoop.java:579)
	at org.apache.ratis.thirdparty.io.netty.channel.nio.NioEventLoop.processSelectedKeys(NioEventLoop.java:496)
	at org.apache.ratis.thirdparty.io.netty.channel.nio.NioEventLoop.run(NioEventLoop.java:458)
	at org.apache.ratis.thirdparty.io.netty.util.concurrent.SingleThreadEventExecutor$5.run(SingleThreadEventExecutor.java:897)
	at org.apache.ratis.thirdparty.io.netty.util.concurrent.FastThreadLocalRunnable.run(FastThreadLocalRunnable.java:30)
	... 1 more
Caused by: java.net.ConnectException: Connection refused
	... 11 more
2019-08-29 08:28:27,685 [500162f5-df4c-43d4-be22-b16b483ed3b9:group-273770D6E455:LeaderElection25] INFO  impl.LeaderElection (LogUtils.java:infoOrTrace(149)) -   Exception 1: {}
java.util.concurrent.ExecutionException: org.apache.ratis.thirdparty.io.grpc.StatusRuntimeException: UNAVAILABLE: io exception
	at java.util.concurrent.FutureTask.report(FutureTask.java:122)
	at java.util.concurrent.FutureTask.get(FutureTask.java:192)
	at org.apache.ratis.server.impl.LeaderElection.waitForResults(LeaderElection.java:262)
	at org.apache.ratis.server.impl.LeaderElection.askForVotes(LeaderElection.java:200)
	at org.apache.ratis.server.impl.LeaderElection.run(LeaderElection.java:130)
	at java.lang.Thread.run(Thread.java:748)
Caused by: org.apache.ratis.thirdparty.io.grpc.StatusRuntimeException: UNAVAILABLE: io exception
	at org.apache.ratis.thirdparty.io.grpc.stub.ClientCalls.toStatusRuntimeException(ClientCalls.java:233)
	at org.apache.ratis.thirdparty.io.grpc.stub.ClientCalls.getUnchecked(ClientCalls.java:214)
	at org.apache.ratis.thirdparty.io.grpc.stub.ClientCalls.blockingUnaryCall(ClientCalls.java:139)
	at org.apache.ratis.proto.grpc.RaftServerProtocolServiceGrpc$RaftServerProtocolServiceBlockingStub.requestVote(RaftServerProtocolServiceGrpc.java:265)
	at org.apache.ratis.grpc.server.GrpcServerProtocolClient.requestVote(GrpcServerProtocolClient.java:83)
	at org.apache.ratis.grpc.server.GrpcService.requestVote(GrpcService.java:195)
	at org.apache.ratis.server.impl.LeaderElection.lambda$submitRequests$1(LeaderElection.java:237)
	at java.util.concurrent.FutureTask.run(FutureTask.java:266)
	at java.util.concurrent.Executors$RunnableAdapter.call(Executors.java:511)
	at java.util.concurrent.FutureTask.run(FutureTask.java:266)
	at java.util.concurrent.ThreadPoolExecutor.runWorker(ThreadPoolExecutor.java:1149)
	at java.util.concurrent.ThreadPoolExecutor$Worker.run(ThreadPoolExecutor.java:624)
	... 1 more
Caused by: org.apache.ratis.thirdparty.io.netty.channel.AbstractChannel$AnnotatedConnectException: Connection refused: /192.168.157.249:40808
	at sun.nio.ch.SocketChannelImpl.checkConnect(Native Method)
	at sun.nio.ch.SocketChannelImpl.finishConnect(SocketChannelImpl.java:717)
	at org.apache.ratis.thirdparty.io.netty.channel.socket.nio.NioSocketChannel.doFinishConnect(NioSocketChannel.java:327)
	at org.apache.ratis.thirdparty.io.netty.channel.nio.AbstractNioChannel$AbstractNioUnsafe.finishConnect(AbstractNioChannel.java:340)
	at org.apache.ratis.thirdparty.io.netty.channel.nio.NioEventLoop.processSelectedKey(NioEventLoop.java:632)
	at org.apache.ratis.thirdparty.io.netty.channel.nio.NioEventLoop.processSelectedKeysOptimized(NioEventLoop.java:579)
	at org.apache.ratis.thirdparty.io.netty.channel.nio.NioEventLoop.processSelectedKeys(NioEventLoop.java:496)
	at org.apache.ratis.thirdparty.io.netty.channel.nio.NioEventLoop.run(NioEventLoop.java:458)
	at org.apache.ratis.thirdparty.io.netty.util.concurrent.SingleThreadEventExecutor$5.run(SingleThreadEventExecutor.java:897)
	at org.apache.ratis.thirdparty.io.netty.util.concurrent.FastThreadLocalRunnable.run(FastThreadLocalRunnable.java:30)
	... 1 more
Caused by: java.net.ConnectException: Connection refused
	... 11 more
2019-08-29 08:28:27,686 [500162f5-df4c-43d4-be22-b16b483ed3b9:group-273770D6E455:LeaderElection25] INFO  impl.RaftServerImpl (RaftServerImpl.java:setRole(171)) - 500162f5-df4c-43d4-be22-b16b483ed3b9:group-273770D6E455 changes role from CANDIDATE to FOLLOWER at term 2 for DISCOVERED_A_NEW_TERM
2019-08-29 08:28:27,686 [500162f5-df4c-43d4-be22-b16b483ed3b9:group-273770D6E455:LeaderElection25] INFO  impl.RoleInfo (RoleInfo.java:shutdownLeaderElection(134)) - 500162f5-df4c-43d4-be22-b16b483ed3b9: shutdown LeaderElection
2019-08-29 08:28:27,686 [500162f5-df4c-43d4-be22-b16b483ed3b9:group-273770D6E455:LeaderElection25] INFO  impl.RoleInfo (RoleInfo.java:updateAndGet(143)) - 500162f5-df4c-43d4-be22-b16b483ed3b9: start FollowerState
2019-08-29 08:28:27,839 | INFO  | SCMAudit | user=jenkins1000 | ip=192.168.157.249 | op=SEND_HEARTBEAT {datanodeUUID=500162f5-df4c-43d4-be22-b16b483ed3b9, command=[]} | ret=SUCCESS |  
2019-08-29 08:28:28,841 | INFO  | SCMAudit | user=jenkins1000 | ip=192.168.157.249 | op=SEND_HEARTBEAT {datanodeUUID=500162f5-df4c-43d4-be22-b16b483ed3b9, command=[]} | ret=SUCCESS |  
2019-08-29 08:28:29,840 | INFO  | SCMAudit | user=jenkins1000 | ip=192.168.157.249 | op=SEND_HEARTBEAT {datanodeUUID=500162f5-df4c-43d4-be22-b16b483ed3b9, command=[]} | ret=SUCCESS |  
2019-08-29 08:28:30,840 [Datanode State Machine Thread - 0] INFO  statemachine.DatanodeStateMachine (DatanodeStateMachine.java:lambda$startDaemon$0(350)) - Ozone container server started.
2019-08-29 08:28:30,840 [main] INFO  ozoneimpl.OzoneContainer (OzoneContainer.java:stop(215)) - Attempting to stop container services.
2019-08-29 08:28:30,841 [main] INFO  impl.RaftServerProxy (RaftServerProxy.java:lambda$close$4(314)) - 500162f5-df4c-43d4-be22-b16b483ed3b9: close
2019-08-29 08:28:30,842 [main] INFO  impl.RaftServerImpl (RaftServerImpl.java:lambda$shutdown$3(245)) - 500162f5-df4c-43d4-be22-b16b483ed3b9: shutdown group-6780B06E62EC
2019-08-29 08:28:30,842 [main] INFO  util.JmxRegister (JmxRegister.java:unregister(73)) - Successfully un-registered JMX Bean with object name Ratis:service=RaftServer,group=group-6780B06E62EC,id=500162f5-df4c-43d4-be22-b16b483ed3b9
2019-08-29 08:28:30,843 [main] INFO  impl.RoleInfo (RoleInfo.java:shutdownLeaderState(104)) - 500162f5-df4c-43d4-be22-b16b483ed3b9: shutdown LeaderState
2019-08-29 08:28:30,843 [main] INFO  impl.PendingRequests (PendingRequests.java:sendNotLeaderResponses(202)) - 500162f5-df4c-43d4-be22-b16b483ed3b9-PendingRequests: sendNotLeaderResponses
2019-08-29 08:28:30,844 [main] INFO  impl.StateMachineUpdater (StateMachineUpdater.java:stopAndJoin(115)) - StateMachineUpdater:500162f5-df4c-43d4-be22-b16b483ed3b9:group-6780B06E62EC: set stopIndex = 0
2019-08-29 08:28:30,844 [main] INFO  impl.RaftServerImpl (ServerState.java:close(394)) - 500162f5-df4c-43d4-be22-b16b483ed3b9:group-6780B06E62EC closes. The last applied log index is 0
2019-08-29 08:28:30,845 [500162f5-df4c-43d4-be22-b16b483ed3b9-SegmentedRaftLogWorker:Storage Directory /workdir/hadoop-ozone/integration-test/target/test-dir/MiniOzoneClusterImpl-abd8892b-b936-4b08-8d84-fd22f8afb6b4/datanode-5/data/ratis/4ea32904-04e4-4fce-b455-6780b06e62ec] INFO  segmented.SegmentedRaftLogWorker (SegmentedRaftLogWorker.java:run(313)) - 500162f5-df4c-43d4-be22-b16b483ed3b9-SegmentedRaftLogWorker:Storage Directory /workdir/hadoop-ozone/integration-test/target/test-dir/MiniOzoneClusterImpl-abd8892b-b936-4b08-8d84-fd22f8afb6b4/datanode-5/data/ratis/4ea32904-04e4-4fce-b455-6780b06e62ec was interrupted, exiting. There are 0 tasks remaining in the queue.
2019-08-29 08:28:30,845 [main] INFO  segmented.SegmentedRaftLogWorker (SegmentedRaftLogWorker.java:close(228)) - 500162f5-df4c-43d4-be22-b16b483ed3b9-SegmentedRaftLogWorker:Storage Directory /workdir/hadoop-ozone/integration-test/target/test-dir/MiniOzoneClusterImpl-abd8892b-b936-4b08-8d84-fd22f8afb6b4/datanode-5/data/ratis/4ea32904-04e4-4fce-b455-6780b06e62ec close()
2019-08-29 08:28:30,846 [main] INFO  impl.RaftServerImpl (RaftServerImpl.java:lambda$shutdown$3(245)) - 500162f5-df4c-43d4-be22-b16b483ed3b9: shutdown group-273770D6E455
2019-08-29 08:28:30,846 [main] INFO  util.JmxRegister (JmxRegister.java:unregister(73)) - Successfully un-registered JMX Bean with object name Ratis:service=RaftServer,group=group-273770D6E455,id=500162f5-df4c-43d4-be22-b16b483ed3b9
2019-08-29 08:28:30,847 [main] INFO  impl.RoleInfo (RoleInfo.java:shutdownFollowerState(121)) - 500162f5-df4c-43d4-be22-b16b483ed3b9: shutdown FollowerState
2019-08-29 08:28:30,847 [main] INFO  impl.StateMachineUpdater (StateMachineUpdater.java:stopAndJoin(115)) - StateMachineUpdater:500162f5-df4c-43d4-be22-b16b483ed3b9:group-273770D6E455: set stopIndex = 8
2019-08-29 08:28:30,847 [StateMachineUpdater:500162f5-df4c-43d4-be22-b16b483ed3b9:group-273770D6E455] INFO  ratis.ContainerStateMachine (ContainerStateMachine.java:takeSnapshot(284)) - group-273770D6E455: Taking a snapshot at:(t:1, i:6) file /workdir/hadoop-ozone/integration-test/target/test-dir/MiniOzoneClusterImpl-abd8892b-b936-4b08-8d84-fd22f8afb6b4/datanode-5/data/ratis/984b27fd-9fb9-45b0-9865-273770d6e455/sm/snapshot.1_6
2019-08-29 08:28:30,847 [Thread-1719] INFO  impl.FollowerState (FollowerState.java:run(114)) - 500162f5-df4c-43d4-be22-b16b483ed3b9: FollowerState was interrupted: java.lang.InterruptedException: sleep interrupted
2019-08-29 08:28:30,862 [StateMachineUpdater:500162f5-df4c-43d4-be22-b16b483ed3b9:group-273770D6E455] INFO  ratis.ContainerStateMachine (ContainerStateMachine.java:takeSnapshot(295)) - group-273770D6E455: Finished taking a snapshot at:(t:1, i:6) file:/workdir/hadoop-ozone/integration-test/target/test-dir/MiniOzoneClusterImpl-abd8892b-b936-4b08-8d84-fd22f8afb6b4/datanode-5/data/ratis/984b27fd-9fb9-45b0-9865-273770d6e455/sm/snapshot.1_6 time:14
2019-08-29 08:28:30,862 [StateMachineUpdater:500162f5-df4c-43d4-be22-b16b483ed3b9:group-273770D6E455] INFO  impl.StateMachineUpdater (StateMachineUpdater.java:takeSnapshot(242)) - StateMachineUpdater:500162f5-df4c-43d4-be22-b16b483ed3b9:group-273770D6E455: Took a snapshot at index 6
2019-08-29 08:28:30,862 [StateMachineUpdater:500162f5-df4c-43d4-be22-b16b483ed3b9:group-273770D6E455] INFO  impl.StateMachineUpdater (StateMachineUpdater.java:lambda$new$0(80)) - StateMachineUpdater:500162f5-df4c-43d4-be22-b16b483ed3b9:group-273770D6E455: snapshotIndex: updateIncreasingly -1 -> 6
2019-08-29 08:28:30,863 [main] INFO  impl.RaftServerImpl (ServerState.java:close(394)) - 500162f5-df4c-43d4-be22-b16b483ed3b9:group-273770D6E455 closes. The last applied log index is 8
2019-08-29 08:28:30,864 [500162f5-df4c-43d4-be22-b16b483ed3b9-SegmentedRaftLogWorker:Storage Directory /workdir/hadoop-ozone/integration-test/target/test-dir/MiniOzoneClusterImpl-abd8892b-b936-4b08-8d84-fd22f8afb6b4/datanode-5/data/ratis/984b27fd-9fb9-45b0-9865-273770d6e455] INFO  segmented.SegmentedRaftLogWorker (SegmentedRaftLogWorker.java:run(313)) - 500162f5-df4c-43d4-be22-b16b483ed3b9-SegmentedRaftLogWorker:Storage Directory /workdir/hadoop-ozone/integration-test/target/test-dir/MiniOzoneClusterImpl-abd8892b-b936-4b08-8d84-fd22f8afb6b4/datanode-5/data/ratis/984b27fd-9fb9-45b0-9865-273770d6e455 was interrupted, exiting. There are 0 tasks remaining in the queue.
2019-08-29 08:28:30,864 [main] INFO  segmented.SegmentedRaftLogWorker (SegmentedRaftLogWorker.java:close(228)) - 500162f5-df4c-43d4-be22-b16b483ed3b9-SegmentedRaftLogWorker:Storage Directory /workdir/hadoop-ozone/integration-test/target/test-dir/MiniOzoneClusterImpl-abd8892b-b936-4b08-8d84-fd22f8afb6b4/datanode-5/data/ratis/984b27fd-9fb9-45b0-9865-273770d6e455 close()
2019-08-29 08:28:30,865 [main] INFO  server.GrpcService (GrpcService.java:closeImpl(155)) - 500162f5-df4c-43d4-be22-b16b483ed3b9: shutdown server with port 46274 now
2019-08-29 08:28:30,868 [main] INFO  server.GrpcService (GrpcService.java:closeImpl(163)) - 500162f5-df4c-43d4-be22-b16b483ed3b9: shutdown server with port 46274 successfully
2019-08-29 08:28:30,869 [grpc-default-executor-6] WARN  client.GrpcClientProtocolService (LogUtils.java:warn(134)) - 34-OrderedRequestStreamObserver34: onError: org.apache.ratis.thirdparty.io.grpc.StatusRuntimeException: CANCELLED: cancelled before receiving half close
2019-08-29 08:28:30,870 [refreshUsed-/workdir/hadoop-ozone/integration-test/target/test-dir/MiniOzoneClusterImpl-abd8892b-b936-4b08-8d84-fd22f8afb6b4/datanode-5/data/containers] WARN  fs.CachingGetSpaceUsed (CachingGetSpaceUsed.java:run(183)) - Thread Interrupted waiting to refresh disk information: sleep interrupted
2019-08-29 08:28:30,887 [main] INFO  utils.BackgroundService (BackgroundService.java:shutdown(148)) - Shutting down service BlockDeletingService
2019-08-29 08:28:30,890 [main] INFO  statemachine.DatanodeStateMachine (DatanodeStateMachine.java:stopDaemon(395)) - Ozone container server stopped.
2019-08-29 08:28:30,891 [main] INFO  handler.ContextHandler (ContextHandler.java:doStop(910)) - Stopped o.e.j.w.WebAppContext@62cba181{/,null,UNAVAILABLE}{/hddsDatanode}
2019-08-29 08:28:30,892 [main] INFO  server.AbstractConnector (AbstractConnector.java:doStop(318)) - Stopped ServerConnector@1b482cbf{HTTP/1.1,[http/1.1]}{0.0.0.0:0}
2019-08-29 08:28:30,892 [main] INFO  handler.ContextHandler (ContextHandler.java:doStop(910)) - Stopped o.e.j.s.ServletContextHandler@2ceca2ef{/static,jar:file:/home/user/.m2/repository/org/apache/hadoop/hadoop-hdds-container-service/0.5.0-SNAPSHOT/hadoop-hdds-container-service-0.5.0-SNAPSHOT.jar!/webapps/static,UNAVAILABLE}
2019-08-29 08:28:30,893 [main] INFO  handler.ContextHandler (ContextHandler.java:doStop(910)) - Stopped o.e.j.s.ServletContextHandler@75fd65c{/logs,file:///workdir/hadoop-ozone/integration-test/target/log,UNAVAILABLE}
2019-08-29 08:28:30,894 [main] INFO  ozone.MiniOzoneClusterImpl (MiniOzoneClusterImpl.java:stopSCM(387)) - Stopping the StorageContainerManager
2019-08-29 08:28:30,894 [main] INFO  server.StorageContainerManager (StorageContainerManager.java:stop(797)) - Stopping Replication Manager Service.
2019-08-29 08:28:30,894 [main] INFO  container.ReplicationManager (ReplicationManager.java:stop(193)) - Stopping Replication Monitor Thread.
2019-08-29 08:28:30,894 [main] INFO  server.StorageContainerManager (StorageContainerManager.java:stop(804)) - Stopping Lease Manager of the command watchers
2019-08-29 08:28:30,894 [main] INFO  server.StorageContainerManager (StorageContainerManager.java:stop(811)) - Stopping datanode service RPC server
2019-08-29 08:28:30,895 [main] INFO  server.SCMDatanodeProtocolServer (SCMDatanodeProtocolServer.java:stop(367)) - Stopping the RPC server for DataNodes
2019-08-29 08:28:30,895 [main] INFO  ipc.Server (Server.java:stop(3082)) - Stopping server on 39123
2019-08-29 08:28:30,896 [IPC Server listener on 39123] INFO  ipc.Server (Server.java:run(1185)) - Stopping IPC Server listener on 39123
2019-08-29 08:28:30,898 [IPC Server Responder] INFO  ipc.Server (Server.java:run(1319)) - Stopping IPC Server Responder
2019-08-29 08:28:30,949 [SCM Heartbeat Processing Thread - 0] WARN  node.NodeStateManager (NodeStateManager.java:scheduleNextHealthCheck(646)) - Current Thread is interrupted, shutting down HB processing thread for Node Manager.
2019-08-29 08:28:30,949 [main] INFO  server.StorageContainerManager (StorageContainerManager.java:stop(819)) - Stopping block service RPC server
2019-08-29 08:28:30,950 [main] INFO  server.SCMBlockProtocolServer (SCMBlockProtocolServer.java:stop(148)) - Stopping the RPC server for Block Protocol
2019-08-29 08:28:30,950 [main] INFO  ipc.Server (Server.java:stop(3082)) - Stopping server on 37372
2019-08-29 08:28:30,951 [IPC Server listener on 37372] INFO  ipc.Server (Server.java:run(1185)) - Stopping IPC Server listener on 37372
2019-08-29 08:28:30,952 [main] INFO  server.StorageContainerManager (StorageContainerManager.java:stop(826)) - Stopping the StorageContainerLocationProtocol RPC server
2019-08-29 08:28:30,952 [main] INFO  server.SCMClientProtocolServer (SCMClientProtocolServer.java:stop(159)) - Stopping the RPC server for Client Protocol
2019-08-29 08:28:30,953 [main] INFO  ipc.Server (Server.java:stop(3082)) - Stopping server on 37778
2019-08-29 08:28:30,953 [IPC Server Responder] INFO  ipc.Server (Server.java:run(1319)) - Stopping IPC Server Responder
2019-08-29 08:28:30,955 [IPC Server listener on 37778] INFO  ipc.Server (Server.java:run(1185)) - Stopping IPC Server listener on 37778
2019-08-29 08:28:30,955 [main] INFO  server.StorageContainerManager (StorageContainerManager.java:stop(833)) - Stopping Storage Container Manager HTTP server.
2019-08-29 08:28:30,956 [IPC Server Responder] INFO  ipc.Server (Server.java:run(1319)) - Stopping IPC Server Responder
2019-08-29 08:28:30,957 [main] INFO  handler.ContextHandler (ContextHandler.java:doStop(910)) - Stopped o.e.j.w.WebAppContext@76544c0a{/,null,UNAVAILABLE}{/scm}
2019-08-29 08:28:30,958 [main] INFO  server.AbstractConnector (AbstractConnector.java:doStop(318)) - Stopped ServerConnector@428bdd72{HTTP/1.1,[http/1.1]}{0.0.0.0:0}
2019-08-29 08:28:30,958 [main] INFO  handler.ContextHandler (ContextHandler.java:doStop(910)) - Stopped o.e.j.s.ServletContextHandler@32a2a6be{/static,file:///workdir/hadoop-ozone/integration-test/target/test-classes/webapps/static,UNAVAILABLE}
2019-08-29 08:28:30,959 [main] INFO  handler.ContextHandler (ContextHandler.java:doStop(910)) - Stopped o.e.j.s.ServletContextHandler@431e86b1{/logs,file:///workdir/hadoop-ozone/integration-test/target/log,UNAVAILABLE}
2019-08-29 08:28:30,960 [main] INFO  server.StorageContainerManager (StorageContainerManager.java:stop(844)) - Stopping Block Manager Service.
2019-08-29 08:28:30,960 [main] INFO  utils.BackgroundService (BackgroundService.java:shutdown(148)) - Shutting down service SCMBlockDeletingService
2019-08-29 08:28:30,960 [main] INFO  utils.BackgroundService (BackgroundService.java:shutdown(148)) - Shutting down service SCMBlockDeletingService
2019-08-29 08:28:30,961 [main] INFO  server.StorageContainerManager (StorageContainerManager.java:stop(866)) - Stopping SCM Event Queue.
2019-08-29 08:28:30,966 [main] INFO  impl.MetricsSystemImpl (MetricsSystemImpl.java:stop(210)) - Stopping HddsDatanode metrics system...
2019-08-29 08:28:30,971 [main] INFO  impl.MetricsSystemImpl (MetricsSystemImpl.java:stop(216)) - HddsDatanode metrics system stopped.
]]></system-out>
  </testcase>
</testsuite>