<?xml version="1.0" encoding="UTF-8"?>
<testsuite xmlns:xsi="http://www.w3.org/2001/XMLSchema-instance" xsi:noNamespaceSchemaLocation="https://maven.apache.org/surefire/maven-surefire-plugin/xsd/surefire-test-report.xsd" name="org.apache.hadoop.ozone.client.rpc.TestWatchForCommit" time="216.24" tests="5" errors="1" skipped="0" failures="0">
  <properties>
    <property name="awt.toolkit" value="sun.awt.X11.XToolkit"/>
    <property name="file.encoding.pkg" value="sun.io"/>
    <property name="java.specification.version" value="1.8"/>
    <property name="sun.cpu.isalist" value=""/>
    <property name="sun.jnu.encoding" value="UTF-8"/>
    <property name="java.class.path" value="/workdir/hadoop-ozone/integration-test/target/test-classes:/workdir/hadoop-ozone/integration-test/target/classes:/home/user/.m2/repository/org/apache/hadoop/hadoop-ozone-common/0.5.0-SNAPSHOT/hadoop-ozone-common-0.5.0-SNAPSHOT.jar:/home/user/.m2/repository/org/apache/commons/commons-compress/1.4.1/commons-compress-1.4.1.jar:/home/user/.m2/repository/org/tukaani/xz/1.0/xz-1.0.jar:/home/user/.m2/repository/org/apache/hadoop/hadoop-common/3.2.0/hadoop-common-3.2.0.jar:/home/user/.m2/repository/org/apache/hadoop/hadoop-hdfs/3.2.0/hadoop-hdfs-3.2.0.jar:/home/user/.m2/repository/org/apache/hadoop/hadoop-hdfs-client/3.2.0/hadoop-hdfs-client-3.2.0.jar:/home/user/.m2/repository/com/fasterxml/jackson/core/jackson-annotations/2.9.5/jackson-annotations-2.9.5.jar:/home/user/.m2/repository/org/apache/hadoop/hadoop-hdds-common/0.5.0-SNAPSHOT/hadoop-hdds-common-0.5.0-SNAPSHOT.jar:/home/user/.m2/repository/javax/annotation/javax.annotation-api/1.2/javax.annotation-api-1.2.jar:/home/user/.m2/repository/org/apache/ratis/ratis-server/0.4.0-2337318-SNAPSHOT/ratis-server-0.4.0-2337318-SNAPSHOT.jar:/home/user/.m2/repository/org/apache/ratis/ratis-thirdparty-misc/0.2.0/ratis-thirdparty-misc-0.2.0.jar:/home/user/.m2/repository/org/apache/ratis/ratis-proto/0.4.0-2337318-SNAPSHOT/ratis-proto-0.4.0-2337318-SNAPSHOT.jar:/home/user/.m2/repository/org/apache/ratis/ratis-common/0.4.0-2337318-SNAPSHOT/ratis-common-0.4.0-2337318-SNAPSHOT.jar:/home/user/.m2/repository/org/apache/ratis/ratis-client/0.4.0-2337318-SNAPSHOT/ratis-client-0.4.0-2337318-SNAPSHOT.jar:/home/user/.m2/repository/org/apache/ratis/ratis-metrics/0.4.0-2337318-SNAPSHOT/ratis-metrics-0.4.0-2337318-SNAPSHOT.jar:/home/user/.m2/repository/org/apache/ratis/ratis-netty/0.4.0-2337318-SNAPSHOT/ratis-netty-0.4.0-2337318-SNAPSHOT.jar:/home/user/.m2/repository/org/apache/ratis/ratis-grpc/0.4.0-2337318-SNAPSHOT/ratis-grpc-0.4.0-2337318-SNAPSHOT.jar:/home/user/.m2/repository/org/rocksdb/rocksdbjni/6.0.1/rocksdbjni-6.0.1.jar:/home/user/.m2/repository/org/apache/logging/log4j/log4j-api/2.11.0/log4j-api-2.11.0.jar:/home/user/.m2/repository/org/apache/logging/log4j/log4j-core/2.11.0/log4j-core-2.11.0.jar:/home/user/.m2/repository/com/lmax/disruptor/3.4.2/disruptor-3.4.2.jar:/home/user/.m2/repository/org/apache/commons/commons-pool2/2.6.0/commons-pool2-2.6.0.jar:/home/user/.m2/repository/org/bouncycastle/bcpkix-jdk15on/1.60/bcpkix-jdk15on-1.60.jar:/home/user/.m2/repository/commons-validator/commons-validator/1.6/commons-validator-1.6.jar:/home/user/.m2/repository/commons-digester/commons-digester/1.8.1/commons-digester-1.8.1.jar:/home/user/.m2/repository/io/jaegertracing/jaeger-client/0.33.1/jaeger-client-0.33.1.jar:/home/user/.m2/repository/io/jaegertracing/jaeger-thrift/0.33.1/jaeger-thrift-0.33.1.jar:/home/user/.m2/repository/org/apache/thrift/libthrift/0.11.0/libthrift-0.11.0.jar:/home/user/.m2/repository/com/squareup/okhttp3/okhttp/3.9.0/okhttp-3.9.0.jar:/home/user/.m2/repository/com/squareup/okio/okio/1.13.0/okio-1.13.0.jar:/home/user/.m2/repository/io/jaegertracing/jaeger-core/0.33.1/jaeger-core-0.33.1.jar:/home/user/.m2/repository/io/jaegertracing/jaeger-tracerresolver/0.33.1/jaeger-tracerresolver-0.33.1.jar:/home/user/.m2/repository/io/opentracing/contrib/opentracing-tracerresolver/0.1.5/opentracing-tracerresolver-0.1.5.jar:/home/user/.m2/repository/io/opentracing/opentracing-util/0.31.0/opentracing-util-0.31.0.jar:/home/user/.m2/repository/io/opentracing/opentracing-api/0.31.0/opentracing-api-0.31.0.jar:/home/user/.m2/repository/io/opentracing/opentracing-noop/0.31.0/opentracing-noop-0.31.0.jar:/home/user/.m2/repository/org/apache/hadoop/hadoop-hdds-server-framework/0.5.0-SNAPSHOT/hadoop-hdds-server-framework-0.5.0-SNAPSHOT.jar:/home/user/.m2/repository/org/apache/hadoop/hadoop-hdds-container-service/0.5.0-SNAPSHOT/hadoop-hdds-container-service-0.5.0-SNAPSHOT.jar:/home/user/.m2/repository/org/apache/hadoop/hadoop-hdds-client/0.5.0-SNAPSHOT/hadoop-hdds-client-0.5.0-SNAPSHOT.jar:/home/user/.m2/repository/org/apache/hadoop/hadoop-hdds-tools/0.5.0-SNAPSHOT/hadoop-hdds-tools-0.5.0-SNAPSHOT.jar:/home/user/.m2/repository/org/apache/hadoop/hadoop-hdds-server-scm/0.5.0-SNAPSHOT/hadoop-hdds-server-scm-0.5.0-SNAPSHOT.jar:/home/user/.m2/repository/org/apache/hadoop/hadoop-hdds-docs/0.5.0-SNAPSHOT/hadoop-hdds-docs-0.5.0-SNAPSHOT.jar:/home/user/.m2/repository/io/dropwizard/metrics/metrics-core/3.2.4/metrics-core-3.2.4.jar:/home/user/.m2/repository/org/hamcrest/hamcrest-all/1.3/hamcrest-all-1.3.jar:/home/user/.m2/repository/org/bouncycastle/bcprov-jdk15on/1.60/bcprov-jdk15on-1.60.jar:/home/user/.m2/repository/info/picocli/picocli/3.9.6/picocli-3.9.6.jar:/home/user/.m2/repository/com/google/protobuf/protobuf-java/2.5.0/protobuf-java-2.5.0.jar:/home/user/.m2/repository/com/google/guava/guava/11.0.2/guava-11.0.2.jar:/home/user/.m2/repository/org/apache/hadoop/hadoop-ozone-ozone-manager/0.5.0-SNAPSHOT/hadoop-ozone-ozone-manager-0.5.0-SNAPSHOT.jar:/home/user/.m2/repository/org/apache/hadoop/hadoop-minikdc/3.2.0/hadoop-minikdc-3.2.0.jar:/home/user/.m2/repository/commons-io/commons-io/2.5/commons-io-2.5.jar:/home/user/.m2/repository/org/apache/kerby/kerb-simplekdc/1.0.1/kerb-simplekdc-1.0.1.jar:/home/user/.m2/repository/org/apache/kerby/kerb-client/1.0.1/kerb-client-1.0.1.jar:/home/user/.m2/repository/org/apache/kerby/kerby-config/1.0.1/kerby-config-1.0.1.jar:/home/user/.m2/repository/org/apache/kerby/kerb-core/1.0.1/kerb-core-1.0.1.jar:/home/user/.m2/repository/org/apache/kerby/kerby-pkix/1.0.1/kerby-pkix-1.0.1.jar:/home/user/.m2/repository/org/apache/kerby/kerby-asn1/1.0.1/kerby-asn1-1.0.1.jar:/home/user/.m2/repository/org/apache/kerby/kerby-util/1.0.1/kerby-util-1.0.1.jar:/home/user/.m2/repository/org/apache/kerby/kerb-common/1.0.1/kerb-common-1.0.1.jar:/home/user/.m2/repository/org/apache/kerby/kerb-crypto/1.0.1/kerb-crypto-1.0.1.jar:/home/user/.m2/repository/org/apache/kerby/kerb-util/1.0.1/kerb-util-1.0.1.jar:/home/user/.m2/repository/org/apache/kerby/token-provider/1.0.1/token-provider-1.0.1.jar:/home/user/.m2/repository/org/apache/kerby/kerb-admin/1.0.1/kerb-admin-1.0.1.jar:/home/user/.m2/repository/org/apache/kerby/kerb-server/1.0.1/kerb-server-1.0.1.jar:/home/user/.m2/repository/org/apache/kerby/kerb-identity/1.0.1/kerb-identity-1.0.1.jar:/home/user/.m2/repository/org/apache/kerby/kerby-xdr/1.0.1/kerby-xdr-1.0.1.jar:/home/user/.m2/repository/org/slf4j/slf4j-log4j12/1.7.25/slf4j-log4j12-1.7.25.jar:/home/user/.m2/repository/org/apache/hadoop/hadoop-ozone-s3gateway/0.5.0-SNAPSHOT/hadoop-ozone-s3gateway-0.5.0-SNAPSHOT.jar:/home/user/.m2/repository/org/jboss/weld/servlet/weld-servlet/2.4.7.Final/weld-servlet-2.4.7.Final.jar:/home/user/.m2/repository/org/glassfish/jersey/containers/jersey-container-servlet-core/2.27/jersey-container-servlet-core-2.27.jar:/home/user/.m2/repository/org/glassfish/hk2/external/javax.inject/2.5.0-b42/javax.inject-2.5.0-b42.jar:/home/user/.m2/repository/org/glassfish/jersey/core/jersey-common/2.27/jersey-common-2.27.jar:/home/user/.m2/repository/org/glassfish/hk2/osgi-resource-locator/1.0.1/osgi-resource-locator-1.0.1.jar:/home/user/.m2/repository/javax/ws/rs/javax.ws.rs-api/2.1/javax.ws.rs-api-2.1.jar:/home/user/.m2/repository/org/glassfish/jersey/ext/cdi/jersey-cdi1x/2.27/jersey-cdi1x-2.27.jar:/home/user/.m2/repository/org/glassfish/jersey/inject/jersey-hk2/2.27/jersey-hk2-2.27.jar:/home/user/.m2/repository/org/glassfish/hk2/hk2-locator/2.5.0-b42/hk2-locator-2.5.0-b42.jar:/home/user/.m2/repository/org/javassist/javassist/3.22.0-CR2/javassist-3.22.0-CR2.jar:/home/user/.m2/repository/org/glassfish/hk2/hk2-api/2.5.0/hk2-api-2.5.0.jar:/home/user/.m2/repository/org/glassfish/hk2/external/jakarta.inject/2.5.0/jakarta.inject-2.5.0.jar:/home/user/.m2/repository/org/glassfish/hk2/hk2-utils/2.5.0/hk2-utils-2.5.0.jar:/home/user/.m2/repository/jakarta/annotation/jakarta.annotation-api/1.3.4/jakarta.annotation-api-1.3.4.jar:/home/user/.m2/repository/org/glassfish/hk2/external/aopalliance-repackaged/2.5.0/aopalliance-repackaged-2.5.0.jar:/home/user/.m2/repository/com/fasterxml/jackson/dataformat/jackson-dataformat-xml/2.9.0/jackson-dataformat-xml-2.9.0.jar:/home/user/.m2/repository/com/fasterxml/jackson/core/jackson-core/2.9.5/jackson-core-2.9.5.jar:/home/user/.m2/repository/com/fasterxml/jackson/module/jackson-module-jaxb-annotations/2.9.5/jackson-module-jaxb-annotations-2.9.5.jar:/home/user/.m2/repository/javax/enterprise/cdi-api/1.2/cdi-api-1.2.jar:/home/user/.m2/repository/javax/el/javax.el-api/3.0.0/javax.el-api-3.0.0.jar:/home/user/.m2/repository/javax/interceptor/javax.interceptor-api/1.2/javax.interceptor-api-1.2.jar:/home/user/.m2/repository/javax/inject/javax.inject/1/javax.inject-1.jar:/home/user/.m2/repository/com/sun/xml/bind/jaxb-impl/2.3.0.1/jaxb-impl-2.3.0.1.jar:/home/user/.m2/repository/com/sun/xml/bind/jaxb-core/2.3.0.1/jaxb-core-2.3.0.1.jar:/home/user/.m2/repository/javax/xml/bind/jaxb-api/2.3.0/jaxb-api-2.3.0.jar:/home/user/.m2/repository/javax/activation/activation/1.1.1/activation-1.1.1.jar:/home/user/.m2/repository/org/apache/hadoop/hadoop-ozone-csi/0.5.0-SNAPSHOT/hadoop-ozone-csi-0.5.0-SNAPSHOT.jar:/home/user/.m2/repository/com/google/protobuf/protobuf-java-util/3.5.1/protobuf-java-util-3.5.1.jar:/home/user/.m2/repository/org/apache/hadoop/hadoop-hdds-config/0.5.0-SNAPSHOT/hadoop-hdds-config-0.5.0-SNAPSHOT.jar:/home/user/.m2/repository/io/grpc/grpc-netty/1.17.1/grpc-netty-1.17.1.jar:/home/user/.m2/repository/io/grpc/grpc-core/1.17.1/grpc-core-1.17.1.jar:/home/user/.m2/repository/io/grpc/grpc-context/1.17.1/grpc-context-1.17.1.jar:/home/user/.m2/repository/com/google/errorprone/error_prone_annotations/2.2.0/error_prone_annotations-2.2.0.jar:/home/user/.m2/repository/org/codehaus/mojo/animal-sniffer-annotations/1.17/animal-sniffer-annotations-1.17.jar:/home/user/.m2/repository/io/opencensus/opencensus-api/0.17.0/opencensus-api-0.17.0.jar:/home/user/.m2/repository/io/opencensus/opencensus-contrib-grpc-metrics/0.17.0/opencensus-contrib-grpc-metrics-0.17.0.jar:/home/user/.m2/repository/io/netty/netty-codec-http2/4.1.30.Final/netty-codec-http2-4.1.30.Final.jar:/home/user/.m2/repository/io/netty/netty-codec-http/4.1.30.Final/netty-codec-http-4.1.30.Final.jar:/home/user/.m2/repository/io/netty/netty-codec/4.1.30.Final/netty-codec-4.1.30.Final.jar:/home/user/.m2/repository/io/netty/netty-handler/4.1.30.Final/netty-handler-4.1.30.Final.jar:/home/user/.m2/repository/io/netty/netty-handler-proxy/4.1.30.Final/netty-handler-proxy-4.1.30.Final.jar:/home/user/.m2/repository/io/netty/netty-codec-socks/4.1.30.Final/netty-codec-socks-4.1.30.Final.jar:/home/user/.m2/repository/io/netty/netty-transport-native-epoll/4.1.30.Final/netty-transport-native-epoll-4.1.30.Final.jar:/home/user/.m2/repository/io/netty/netty-common/4.1.30.Final/netty-common-4.1.30.Final.jar:/home/user/.m2/repository/io/netty/netty-buffer/4.1.30.Final/netty-buffer-4.1.30.Final.jar:/home/user/.m2/repository/io/netty/netty-transport/4.1.30.Final/netty-transport-4.1.30.Final.jar:/home/user/.m2/repository/io/netty/netty-resolver/4.1.30.Final/netty-resolver-4.1.30.Final.jar:/home/user/.m2/repository/io/netty/netty-transport-native-unix-common/4.1.30.Final/netty-transport-native-unix-common-4.1.30.Final.jar:/home/user/.m2/repository/io/grpc/grpc-protobuf/1.17.1/grpc-protobuf-1.17.1.jar:/home/user/.m2/repository/com/google/api/grpc/proto-google-common-protos/1.0.0/proto-google-common-protos-1.0.0.jar:/home/user/.m2/repository/io/grpc/grpc-protobuf-lite/1.17.1/grpc-protobuf-lite-1.17.1.jar:/home/user/.m2/repository/io/grpc/grpc-stub/1.17.1/grpc-stub-1.17.1.jar:/home/user/.m2/repository/org/apache/hadoop/hadoop-ozone-recon/0.5.0-SNAPSHOT/hadoop-ozone-recon-0.5.0-SNAPSHOT.jar:/home/user/.m2/repository/org/apache/hadoop/hadoop-ozone-reconcodegen/0.5.0-SNAPSHOT/hadoop-ozone-reconcodegen-0.5.0-SNAPSHOT.jar:/home/user/.m2/repository/com/google/inject/extensions/guice-multibindings/4.0/guice-multibindings-4.0.jar:/home/user/.m2/repository/com/google/inject/guice/4.0/guice-4.0.jar:/home/user/.m2/repository/aopalliance/aopalliance/1.0/aopalliance-1.0.jar:/home/user/.m2/repository/com/google/inject/extensions/guice-servlet/4.0/guice-servlet-4.0.jar:/home/user/.m2/repository/org/glassfish/jersey/containers/jersey-container-servlet/2.27/jersey-container-servlet-2.27.jar:/home/user/.m2/repository/org/glassfish/hk2/guice-bridge/2.5.0/guice-bridge-2.5.0.jar:/home/user/.m2/repository/org/glassfish/jersey/core/jersey-server/2.27/jersey-server-2.27.jar:/home/user/.m2/repository/org/glassfish/jersey/core/jersey-client/2.27/jersey-client-2.27.jar:/home/user/.m2/repository/org/glassfish/jersey/media/jersey-media-jaxb/2.27/jersey-media-jaxb-2.27.jar:/home/user/.m2/repository/javax/validation/validation-api/1.1.0.Final/validation-api-1.1.0.Final.jar:/home/user/.m2/repository/org/glassfish/jersey/media/jersey-media-json-jackson/2.27/jersey-media-json-jackson-2.27.jar:/home/user/.m2/repository/org/glassfish/jersey/ext/jersey-entity-filtering/2.27/jersey-entity-filtering-2.27.jar:/home/user/.m2/repository/com/google/inject/extensions/guice-assistedinject/4.0/guice-assistedinject-4.0.jar:/home/user/.m2/repository/org/jooq/jooq/3.11.10/jooq-3.11.10.jar:/home/user/.m2/repository/org/jooq/jooq-meta/3.11.10/jooq-meta-3.11.10.jar:/home/user/.m2/repository/org/jooq/jooq-codegen/3.11.10/jooq-codegen-3.11.10.jar:/home/user/.m2/repository/com/jolbox/bonecp/0.8.0.RELEASE/bonecp-0.8.0.RELEASE.jar:/home/user/.m2/repository/org/xerial/sqlite-jdbc/3.25.2/sqlite-jdbc-3.25.2.jar:/home/user/.m2/repository/org/springframework/spring-jdbc/5.1.3.RELEASE/spring-jdbc-5.1.3.RELEASE.jar:/home/user/.m2/repository/org/springframework/spring-beans/5.1.3.RELEASE/spring-beans-5.1.3.RELEASE.jar:/home/user/.m2/repository/org/springframework/spring-core/5.1.3.RELEASE/spring-core-5.1.3.RELEASE.jar:/home/user/.m2/repository/org/springframework/spring-jcl/5.1.3.RELEASE/spring-jcl-5.1.3.RELEASE.jar:/home/user/.m2/repository/org/springframework/spring-tx/5.1.3.RELEASE/spring-tx-5.1.3.RELEASE.jar:/home/user/.m2/repository/org/apache/hadoop/hadoop-ozone-client/0.5.0-SNAPSHOT/hadoop-ozone-client-0.5.0-SNAPSHOT.jar:/home/user/.m2/repository/commons-lang/commons-lang/2.6/commons-lang-2.6.jar:/home/user/.m2/repository/org/apache/hadoop/hadoop-ozone-ozone-manager/0.5.0-SNAPSHOT/hadoop-ozone-ozone-manager-0.5.0-SNAPSHOT-tests.jar:/home/user/.m2/repository/junit/junit/4.11/junit-4.11.jar:/home/user/.m2/repository/org/hamcrest/hamcrest-core/1.3/hamcrest-core-1.3.jar:/home/user/.m2/repository/org/openjdk/jmh/jmh-core/1.19/jmh-core-1.19.jar:/home/user/.m2/repository/net/sf/jopt-simple/jopt-simple/4.6/jopt-simple-4.6.jar:/home/user/.m2/repository/org/apache/commons/commons-math3/3.1.1/commons-math3-3.1.1.jar:/home/user/.m2/repository/org/openjdk/jmh/jmh-generator-annprocess/1.19/jmh-generator-annprocess-1.19.jar:/home/user/.m2/repository/org/mockito/mockito-all/1.8.5/mockito-all-1.8.5.jar:/home/user/.m2/repository/org/apache/hadoop/hadoop-kms/3.2.0/hadoop-kms-3.2.0.jar:/home/user/.m2/repository/org/apache/hadoop/hadoop-auth/3.2.0/hadoop-auth-3.2.0.jar:/home/user/.m2/repository/com/nimbusds/nimbus-jose-jwt/4.41.1/nimbus-jose-jwt-4.41.1.jar:/home/user/.m2/repository/com/github/stephenc/jcip/jcip-annotations/1.0-1/jcip-annotations-1.0-1.jar:/home/user/.m2/repository/net/minidev/json-smart/2.3/json-smart-2.3.jar:/home/user/.m2/repository/net/minidev/accessors-smart/1.2/accessors-smart-1.2.jar:/home/user/.m2/repository/org/ow2/asm/asm/5.0.4/asm-5.0.4.jar:/home/user/.m2/repository/org/apache/curator/curator-framework/2.12.0/curator-framework-2.12.0.jar:/home/user/.m2/repository/com/sun/jersey/jersey-core/1.19/jersey-core-1.19.jar:/home/user/.m2/repository/javax/ws/rs/jsr311-api/1.1.1/jsr311-api-1.1.1.jar:/home/user/.m2/repository/com/sun/jersey/jersey-server/1.19/jersey-server-1.19.jar:/home/user/.m2/repository/javax/servlet/javax.servlet-api/3.1.0/javax.servlet-api-3.1.0.jar:/home/user/.m2/repository/org/eclipse/jetty/jetty-server/9.3.24.v20180605/jetty-server-9.3.24.v20180605.jar:/home/user/.m2/repository/org/eclipse/jetty/jetty-http/9.3.24.v20180605/jetty-http-9.3.24.v20180605.jar:/home/user/.m2/repository/org/eclipse/jetty/jetty-io/9.3.24.v20180605/jetty-io-9.3.24.v20180605.jar:/home/user/.m2/repository/org/eclipse/jetty/jetty-webapp/9.3.24.v20180605/jetty-webapp-9.3.24.v20180605.jar:/home/user/.m2/repository/org/eclipse/jetty/jetty-xml/9.3.24.v20180605/jetty-xml-9.3.24.v20180605.jar:/home/user/.m2/repository/log4j/log4j/1.2.17/log4j-1.2.17.jar:/home/user/.m2/repository/org/slf4j/slf4j-api/1.7.25/slf4j-api-1.7.25.jar:/home/user/.m2/repository/org/slf4j/jul-to-slf4j/1.7.25/jul-to-slf4j-1.7.25.jar:/home/user/.m2/repository/org/eclipse/jetty/jetty-util/9.3.24.v20180605/jetty-util-9.3.24.v20180605.jar:/home/user/.m2/repository/com/fasterxml/jackson/core/jackson-databind/2.9.5/jackson-databind-2.9.5.jar:/home/user/.m2/repository/org/apache/hadoop/hadoop-kms/3.2.0/hadoop-kms-3.2.0-tests.jar:/home/user/.m2/repository/org/apache/hadoop/hadoop-hdds-server-scm/0.5.0-SNAPSHOT/hadoop-hdds-server-scm-0.5.0-SNAPSHOT-tests.jar:/home/user/.m2/repository/org/apache/hadoop/hadoop-hdds-container-service/0.5.0-SNAPSHOT/hadoop-hdds-container-service-0.5.0-SNAPSHOT-tests.jar:/home/user/.m2/repository/org/yaml/snakeyaml/1.16/snakeyaml-1.16.jar:/home/user/.m2/repository/org/apache/hadoop/hadoop-common/3.2.0/hadoop-common-3.2.0-tests.jar:/home/user/.m2/repository/org/apache/hadoop/hadoop-annotations/3.2.0/hadoop-annotations-3.2.0.jar:/usr/lib/jvm/java-1.8-openjdk/jre/../lib/tools.jar:/home/user/.m2/repository/commons-cli/commons-cli/1.2/commons-cli-1.2.jar:/home/user/.m2/repository/org/apache/httpcomponents/httpclient/4.5.2/httpclient-4.5.2.jar:/home/user/.m2/repository/org/apache/httpcomponents/httpcore/4.4.4/httpcore-4.4.4.jar:/home/user/.m2/repository/commons-codec/commons-codec/1.11/commons-codec-1.11.jar:/home/user/.m2/repository/commons-net/commons-net/3.6/commons-net-3.6.jar:/home/user/.m2/repository/commons-collections/commons-collections/3.2.2/commons-collections-3.2.2.jar:/home/user/.m2/repository/org/eclipse/jetty/jetty-servlet/9.3.24.v20180605/jetty-servlet-9.3.24.v20180605.jar:/home/user/.m2/repository/org/eclipse/jetty/jetty-security/9.3.24.v20180605/jetty-security-9.3.24.v20180605.jar:/home/user/.m2/repository/javax/servlet/jsp/jsp-api/2.1/jsp-api-2.1.jar:/home/user/.m2/repository/com/sun/jersey/jersey-servlet/1.19/jersey-servlet-1.19.jar:/home/user/.m2/repository/com/sun/jersey/jersey-json/1.19/jersey-json-1.19.jar:/home/user/.m2/repository/org/codehaus/jettison/jettison/1.1/jettison-1.1.jar:/home/user/.m2/repository/org/codehaus/jackson/jackson-core-asl/1.9.13/jackson-core-asl-1.9.13.jar:/home/user/.m2/repository/org/codehaus/jackson/jackson-mapper-asl/1.9.13/jackson-mapper-asl-1.9.13.jar:/home/user/.m2/repository/org/codehaus/jackson/jackson-jaxrs/1.9.13/jackson-jaxrs-1.9.13.jar:/home/user/.m2/repository/org/codehaus/jackson/jackson-xc/1.9.13/jackson-xc-1.9.13.jar:/home/user/.m2/repository/commons-logging/commons-logging/1.1.3/commons-logging-1.1.3.jar:/home/user/.m2/repository/commons-beanutils/commons-beanutils/1.9.3/commons-beanutils-1.9.3.jar:/home/user/.m2/repository/org/apache/commons/commons-configuration2/2.1.1/commons-configuration2-2.1.1.jar:/home/user/.m2/repository/org/apache/commons/commons-lang3/3.7/commons-lang3-3.7.jar:/home/user/.m2/repository/org/apache/commons/commons-text/1.4/commons-text-1.4.jar:/home/user/.m2/repository/org/apache/avro/avro/1.7.7/avro-1.7.7.jar:/home/user/.m2/repository/com/thoughtworks/paranamer/paranamer/2.3/paranamer-2.3.jar:/home/user/.m2/repository/org/xerial/snappy/snappy-java/1.0.5/snappy-java-1.0.5.jar:/home/user/.m2/repository/com/google/re2j/re2j/1.1/re2j-1.1.jar:/home/user/.m2/repository/com/google/code/gson/gson/2.2.4/gson-2.2.4.jar:/home/user/.m2/repository/com/jcraft/jsch/0.1.54/jsch-0.1.54.jar:/home/user/.m2/repository/org/apache/curator/curator-client/2.12.0/curator-client-2.12.0.jar:/home/user/.m2/repository/org/apache/curator/curator-recipes/2.12.0/curator-recipes-2.12.0.jar:/home/user/.m2/repository/com/google/code/findbugs/jsr305/3.0.0/jsr305-3.0.0.jar:/home/user/.m2/repository/org/apache/htrace/htrace-core4/4.1.0-incubating/htrace-core4-4.1.0-incubating.jar:/home/user/.m2/repository/org/apache/zookeeper/zookeeper/3.4.13/zookeeper-3.4.13.jar:/home/user/.m2/repository/org/apache/yetus/audience-annotations/0.5.0/audience-annotations-0.5.0.jar:/home/user/.m2/repository/org/codehaus/woodstox/stax2-api/3.1.4/stax2-api-3.1.4.jar:/home/user/.m2/repository/com/fasterxml/woodstox/woodstox-core/5.0.3/woodstox-core-5.0.3.jar:/home/user/.m2/repository/dnsjava/dnsjava/2.1.7/dnsjava-2.1.7.jar:/home/user/.m2/repository/org/apache/hadoop/hadoop-hdfs/3.2.0/hadoop-hdfs-3.2.0-tests.jar:/home/user/.m2/repository/org/eclipse/jetty/jetty-util-ajax/9.3.24.v20180605/jetty-util-ajax-9.3.24.v20180605.jar:/home/user/.m2/repository/commons-daemon/commons-daemon/1.0.13/commons-daemon-1.0.13.jar:/home/user/.m2/repository/io/netty/netty/3.10.5.Final/netty-3.10.5.Final.jar:/home/user/.m2/repository/io/netty/netty-all/4.0.52.Final/netty-all-4.0.52.Final.jar:/home/user/.m2/repository/org/fusesource/leveldbjni/leveldbjni-all/1.8/leveldbjni-all-1.8.jar:"/>
    <property name="java.vm.vendor" value="IcedTea"/>
    <property name="sun.arch.data.model" value="64"/>
    <property name="test.build.dir" value="/workdir/hadoop-ozone/integration-test/target/test-dir"/>
    <property name="test.cache.data" value=""/>
    <property name="java.vendor.url" value="https://icedtea.classpath.org"/>
    <property name="user.timezone" value=""/>
    <property name="java.vm.specification.version" value="1.8"/>
    <property name="os.name" value="Linux"/>
    <property name="test.build.data" value="/workdir/hadoop-ozone/integration-test/target/test-dir"/>
    <property name="user.country" value="US"/>
    <property name="sun.java.launcher" value="SUN_STANDARD"/>
    <property name="sun.boot.library.path" value="/usr/lib/jvm/java-1.8-openjdk/jre/lib/amd64"/>
    <property name="sun.java.command" value="/workdir/hadoop-ozone/integration-test/target/surefire/surefirebooter5706498110745532844.jar /workdir/hadoop-ozone/integration-test/target/surefire 2019-08-29T08-03-48_931-jvmRun1 surefire6811997373336018788tmp surefire_388867260467700867992tmp"/>
    <property name="test" value="!TestMiniChaosOzoneCluster"/>
    <property name="surefire.test.class.path" value="/workdir/hadoop-ozone/integration-test/target/test-classes:/workdir/hadoop-ozone/integration-test/target/classes:/home/user/.m2/repository/org/apache/hadoop/hadoop-ozone-common/0.5.0-SNAPSHOT/hadoop-ozone-common-0.5.0-SNAPSHOT.jar:/home/user/.m2/repository/org/apache/commons/commons-compress/1.4.1/commons-compress-1.4.1.jar:/home/user/.m2/repository/org/tukaani/xz/1.0/xz-1.0.jar:/home/user/.m2/repository/org/apache/hadoop/hadoop-common/3.2.0/hadoop-common-3.2.0.jar:/home/user/.m2/repository/org/apache/hadoop/hadoop-hdfs/3.2.0/hadoop-hdfs-3.2.0.jar:/home/user/.m2/repository/org/apache/hadoop/hadoop-hdfs-client/3.2.0/hadoop-hdfs-client-3.2.0.jar:/home/user/.m2/repository/com/fasterxml/jackson/core/jackson-annotations/2.9.5/jackson-annotations-2.9.5.jar:/home/user/.m2/repository/org/apache/hadoop/hadoop-hdds-common/0.5.0-SNAPSHOT/hadoop-hdds-common-0.5.0-SNAPSHOT.jar:/home/user/.m2/repository/javax/annotation/javax.annotation-api/1.2/javax.annotation-api-1.2.jar:/home/user/.m2/repository/org/apache/ratis/ratis-server/0.4.0-2337318-SNAPSHOT/ratis-server-0.4.0-2337318-SNAPSHOT.jar:/home/user/.m2/repository/org/apache/ratis/ratis-thirdparty-misc/0.2.0/ratis-thirdparty-misc-0.2.0.jar:/home/user/.m2/repository/org/apache/ratis/ratis-proto/0.4.0-2337318-SNAPSHOT/ratis-proto-0.4.0-2337318-SNAPSHOT.jar:/home/user/.m2/repository/org/apache/ratis/ratis-common/0.4.0-2337318-SNAPSHOT/ratis-common-0.4.0-2337318-SNAPSHOT.jar:/home/user/.m2/repository/org/apache/ratis/ratis-client/0.4.0-2337318-SNAPSHOT/ratis-client-0.4.0-2337318-SNAPSHOT.jar:/home/user/.m2/repository/org/apache/ratis/ratis-metrics/0.4.0-2337318-SNAPSHOT/ratis-metrics-0.4.0-2337318-SNAPSHOT.jar:/home/user/.m2/repository/org/apache/ratis/ratis-netty/0.4.0-2337318-SNAPSHOT/ratis-netty-0.4.0-2337318-SNAPSHOT.jar:/home/user/.m2/repository/org/apache/ratis/ratis-grpc/0.4.0-2337318-SNAPSHOT/ratis-grpc-0.4.0-2337318-SNAPSHOT.jar:/home/user/.m2/repository/org/rocksdb/rocksdbjni/6.0.1/rocksdbjni-6.0.1.jar:/home/user/.m2/repository/org/apache/logging/log4j/log4j-api/2.11.0/log4j-api-2.11.0.jar:/home/user/.m2/repository/org/apache/logging/log4j/log4j-core/2.11.0/log4j-core-2.11.0.jar:/home/user/.m2/repository/com/lmax/disruptor/3.4.2/disruptor-3.4.2.jar:/home/user/.m2/repository/org/apache/commons/commons-pool2/2.6.0/commons-pool2-2.6.0.jar:/home/user/.m2/repository/org/bouncycastle/bcpkix-jdk15on/1.60/bcpkix-jdk15on-1.60.jar:/home/user/.m2/repository/commons-validator/commons-validator/1.6/commons-validator-1.6.jar:/home/user/.m2/repository/commons-digester/commons-digester/1.8.1/commons-digester-1.8.1.jar:/home/user/.m2/repository/io/jaegertracing/jaeger-client/0.33.1/jaeger-client-0.33.1.jar:/home/user/.m2/repository/io/jaegertracing/jaeger-thrift/0.33.1/jaeger-thrift-0.33.1.jar:/home/user/.m2/repository/org/apache/thrift/libthrift/0.11.0/libthrift-0.11.0.jar:/home/user/.m2/repository/com/squareup/okhttp3/okhttp/3.9.0/okhttp-3.9.0.jar:/home/user/.m2/repository/com/squareup/okio/okio/1.13.0/okio-1.13.0.jar:/home/user/.m2/repository/io/jaegertracing/jaeger-core/0.33.1/jaeger-core-0.33.1.jar:/home/user/.m2/repository/io/jaegertracing/jaeger-tracerresolver/0.33.1/jaeger-tracerresolver-0.33.1.jar:/home/user/.m2/repository/io/opentracing/contrib/opentracing-tracerresolver/0.1.5/opentracing-tracerresolver-0.1.5.jar:/home/user/.m2/repository/io/opentracing/opentracing-util/0.31.0/opentracing-util-0.31.0.jar:/home/user/.m2/repository/io/opentracing/opentracing-api/0.31.0/opentracing-api-0.31.0.jar:/home/user/.m2/repository/io/opentracing/opentracing-noop/0.31.0/opentracing-noop-0.31.0.jar:/home/user/.m2/repository/org/apache/hadoop/hadoop-hdds-server-framework/0.5.0-SNAPSHOT/hadoop-hdds-server-framework-0.5.0-SNAPSHOT.jar:/home/user/.m2/repository/org/apache/hadoop/hadoop-hdds-container-service/0.5.0-SNAPSHOT/hadoop-hdds-container-service-0.5.0-SNAPSHOT.jar:/home/user/.m2/repository/org/apache/hadoop/hadoop-hdds-client/0.5.0-SNAPSHOT/hadoop-hdds-client-0.5.0-SNAPSHOT.jar:/home/user/.m2/repository/org/apache/hadoop/hadoop-hdds-tools/0.5.0-SNAPSHOT/hadoop-hdds-tools-0.5.0-SNAPSHOT.jar:/home/user/.m2/repository/org/apache/hadoop/hadoop-hdds-server-scm/0.5.0-SNAPSHOT/hadoop-hdds-server-scm-0.5.0-SNAPSHOT.jar:/home/user/.m2/repository/org/apache/hadoop/hadoop-hdds-docs/0.5.0-SNAPSHOT/hadoop-hdds-docs-0.5.0-SNAPSHOT.jar:/home/user/.m2/repository/io/dropwizard/metrics/metrics-core/3.2.4/metrics-core-3.2.4.jar:/home/user/.m2/repository/org/hamcrest/hamcrest-all/1.3/hamcrest-all-1.3.jar:/home/user/.m2/repository/org/bouncycastle/bcprov-jdk15on/1.60/bcprov-jdk15on-1.60.jar:/home/user/.m2/repository/info/picocli/picocli/3.9.6/picocli-3.9.6.jar:/home/user/.m2/repository/com/google/protobuf/protobuf-java/2.5.0/protobuf-java-2.5.0.jar:/home/user/.m2/repository/com/google/guava/guava/11.0.2/guava-11.0.2.jar:/home/user/.m2/repository/org/apache/hadoop/hadoop-ozone-ozone-manager/0.5.0-SNAPSHOT/hadoop-ozone-ozone-manager-0.5.0-SNAPSHOT.jar:/home/user/.m2/repository/org/apache/hadoop/hadoop-minikdc/3.2.0/hadoop-minikdc-3.2.0.jar:/home/user/.m2/repository/commons-io/commons-io/2.5/commons-io-2.5.jar:/home/user/.m2/repository/org/apache/kerby/kerb-simplekdc/1.0.1/kerb-simplekdc-1.0.1.jar:/home/user/.m2/repository/org/apache/kerby/kerb-client/1.0.1/kerb-client-1.0.1.jar:/home/user/.m2/repository/org/apache/kerby/kerby-config/1.0.1/kerby-config-1.0.1.jar:/home/user/.m2/repository/org/apache/kerby/kerb-core/1.0.1/kerb-core-1.0.1.jar:/home/user/.m2/repository/org/apache/kerby/kerby-pkix/1.0.1/kerby-pkix-1.0.1.jar:/home/user/.m2/repository/org/apache/kerby/kerby-asn1/1.0.1/kerby-asn1-1.0.1.jar:/home/user/.m2/repository/org/apache/kerby/kerby-util/1.0.1/kerby-util-1.0.1.jar:/home/user/.m2/repository/org/apache/kerby/kerb-common/1.0.1/kerb-common-1.0.1.jar:/home/user/.m2/repository/org/apache/kerby/kerb-crypto/1.0.1/kerb-crypto-1.0.1.jar:/home/user/.m2/repository/org/apache/kerby/kerb-util/1.0.1/kerb-util-1.0.1.jar:/home/user/.m2/repository/org/apache/kerby/token-provider/1.0.1/token-provider-1.0.1.jar:/home/user/.m2/repository/org/apache/kerby/kerb-admin/1.0.1/kerb-admin-1.0.1.jar:/home/user/.m2/repository/org/apache/kerby/kerb-server/1.0.1/kerb-server-1.0.1.jar:/home/user/.m2/repository/org/apache/kerby/kerb-identity/1.0.1/kerb-identity-1.0.1.jar:/home/user/.m2/repository/org/apache/kerby/kerby-xdr/1.0.1/kerby-xdr-1.0.1.jar:/home/user/.m2/repository/org/slf4j/slf4j-log4j12/1.7.25/slf4j-log4j12-1.7.25.jar:/home/user/.m2/repository/org/apache/hadoop/hadoop-ozone-s3gateway/0.5.0-SNAPSHOT/hadoop-ozone-s3gateway-0.5.0-SNAPSHOT.jar:/home/user/.m2/repository/org/jboss/weld/servlet/weld-servlet/2.4.7.Final/weld-servlet-2.4.7.Final.jar:/home/user/.m2/repository/org/glassfish/jersey/containers/jersey-container-servlet-core/2.27/jersey-container-servlet-core-2.27.jar:/home/user/.m2/repository/org/glassfish/hk2/external/javax.inject/2.5.0-b42/javax.inject-2.5.0-b42.jar:/home/user/.m2/repository/org/glassfish/jersey/core/jersey-common/2.27/jersey-common-2.27.jar:/home/user/.m2/repository/org/glassfish/hk2/osgi-resource-locator/1.0.1/osgi-resource-locator-1.0.1.jar:/home/user/.m2/repository/javax/ws/rs/javax.ws.rs-api/2.1/javax.ws.rs-api-2.1.jar:/home/user/.m2/repository/org/glassfish/jersey/ext/cdi/jersey-cdi1x/2.27/jersey-cdi1x-2.27.jar:/home/user/.m2/repository/org/glassfish/jersey/inject/jersey-hk2/2.27/jersey-hk2-2.27.jar:/home/user/.m2/repository/org/glassfish/hk2/hk2-locator/2.5.0-b42/hk2-locator-2.5.0-b42.jar:/home/user/.m2/repository/org/javassist/javassist/3.22.0-CR2/javassist-3.22.0-CR2.jar:/home/user/.m2/repository/org/glassfish/hk2/hk2-api/2.5.0/hk2-api-2.5.0.jar:/home/user/.m2/repository/org/glassfish/hk2/external/jakarta.inject/2.5.0/jakarta.inject-2.5.0.jar:/home/user/.m2/repository/org/glassfish/hk2/hk2-utils/2.5.0/hk2-utils-2.5.0.jar:/home/user/.m2/repository/jakarta/annotation/jakarta.annotation-api/1.3.4/jakarta.annotation-api-1.3.4.jar:/home/user/.m2/repository/org/glassfish/hk2/external/aopalliance-repackaged/2.5.0/aopalliance-repackaged-2.5.0.jar:/home/user/.m2/repository/com/fasterxml/jackson/dataformat/jackson-dataformat-xml/2.9.0/jackson-dataformat-xml-2.9.0.jar:/home/user/.m2/repository/com/fasterxml/jackson/core/jackson-core/2.9.5/jackson-core-2.9.5.jar:/home/user/.m2/repository/com/fasterxml/jackson/module/jackson-module-jaxb-annotations/2.9.5/jackson-module-jaxb-annotations-2.9.5.jar:/home/user/.m2/repository/javax/enterprise/cdi-api/1.2/cdi-api-1.2.jar:/home/user/.m2/repository/javax/el/javax.el-api/3.0.0/javax.el-api-3.0.0.jar:/home/user/.m2/repository/javax/interceptor/javax.interceptor-api/1.2/javax.interceptor-api-1.2.jar:/home/user/.m2/repository/javax/inject/javax.inject/1/javax.inject-1.jar:/home/user/.m2/repository/com/sun/xml/bind/jaxb-impl/2.3.0.1/jaxb-impl-2.3.0.1.jar:/home/user/.m2/repository/com/sun/xml/bind/jaxb-core/2.3.0.1/jaxb-core-2.3.0.1.jar:/home/user/.m2/repository/javax/xml/bind/jaxb-api/2.3.0/jaxb-api-2.3.0.jar:/home/user/.m2/repository/javax/activation/activation/1.1.1/activation-1.1.1.jar:/home/user/.m2/repository/org/apache/hadoop/hadoop-ozone-csi/0.5.0-SNAPSHOT/hadoop-ozone-csi-0.5.0-SNAPSHOT.jar:/home/user/.m2/repository/com/google/protobuf/protobuf-java-util/3.5.1/protobuf-java-util-3.5.1.jar:/home/user/.m2/repository/org/apache/hadoop/hadoop-hdds-config/0.5.0-SNAPSHOT/hadoop-hdds-config-0.5.0-SNAPSHOT.jar:/home/user/.m2/repository/io/grpc/grpc-netty/1.17.1/grpc-netty-1.17.1.jar:/home/user/.m2/repository/io/grpc/grpc-core/1.17.1/grpc-core-1.17.1.jar:/home/user/.m2/repository/io/grpc/grpc-context/1.17.1/grpc-context-1.17.1.jar:/home/user/.m2/repository/com/google/errorprone/error_prone_annotations/2.2.0/error_prone_annotations-2.2.0.jar:/home/user/.m2/repository/org/codehaus/mojo/animal-sniffer-annotations/1.17/animal-sniffer-annotations-1.17.jar:/home/user/.m2/repository/io/opencensus/opencensus-api/0.17.0/opencensus-api-0.17.0.jar:/home/user/.m2/repository/io/opencensus/opencensus-contrib-grpc-metrics/0.17.0/opencensus-contrib-grpc-metrics-0.17.0.jar:/home/user/.m2/repository/io/netty/netty-codec-http2/4.1.30.Final/netty-codec-http2-4.1.30.Final.jar:/home/user/.m2/repository/io/netty/netty-codec-http/4.1.30.Final/netty-codec-http-4.1.30.Final.jar:/home/user/.m2/repository/io/netty/netty-codec/4.1.30.Final/netty-codec-4.1.30.Final.jar:/home/user/.m2/repository/io/netty/netty-handler/4.1.30.Final/netty-handler-4.1.30.Final.jar:/home/user/.m2/repository/io/netty/netty-handler-proxy/4.1.30.Final/netty-handler-proxy-4.1.30.Final.jar:/home/user/.m2/repository/io/netty/netty-codec-socks/4.1.30.Final/netty-codec-socks-4.1.30.Final.jar:/home/user/.m2/repository/io/netty/netty-transport-native-epoll/4.1.30.Final/netty-transport-native-epoll-4.1.30.Final.jar:/home/user/.m2/repository/io/netty/netty-common/4.1.30.Final/netty-common-4.1.30.Final.jar:/home/user/.m2/repository/io/netty/netty-buffer/4.1.30.Final/netty-buffer-4.1.30.Final.jar:/home/user/.m2/repository/io/netty/netty-transport/4.1.30.Final/netty-transport-4.1.30.Final.jar:/home/user/.m2/repository/io/netty/netty-resolver/4.1.30.Final/netty-resolver-4.1.30.Final.jar:/home/user/.m2/repository/io/netty/netty-transport-native-unix-common/4.1.30.Final/netty-transport-native-unix-common-4.1.30.Final.jar:/home/user/.m2/repository/io/grpc/grpc-protobuf/1.17.1/grpc-protobuf-1.17.1.jar:/home/user/.m2/repository/com/google/api/grpc/proto-google-common-protos/1.0.0/proto-google-common-protos-1.0.0.jar:/home/user/.m2/repository/io/grpc/grpc-protobuf-lite/1.17.1/grpc-protobuf-lite-1.17.1.jar:/home/user/.m2/repository/io/grpc/grpc-stub/1.17.1/grpc-stub-1.17.1.jar:/home/user/.m2/repository/org/apache/hadoop/hadoop-ozone-recon/0.5.0-SNAPSHOT/hadoop-ozone-recon-0.5.0-SNAPSHOT.jar:/home/user/.m2/repository/org/apache/hadoop/hadoop-ozone-reconcodegen/0.5.0-SNAPSHOT/hadoop-ozone-reconcodegen-0.5.0-SNAPSHOT.jar:/home/user/.m2/repository/com/google/inject/extensions/guice-multibindings/4.0/guice-multibindings-4.0.jar:/home/user/.m2/repository/com/google/inject/guice/4.0/guice-4.0.jar:/home/user/.m2/repository/aopalliance/aopalliance/1.0/aopalliance-1.0.jar:/home/user/.m2/repository/com/google/inject/extensions/guice-servlet/4.0/guice-servlet-4.0.jar:/home/user/.m2/repository/org/glassfish/jersey/containers/jersey-container-servlet/2.27/jersey-container-servlet-2.27.jar:/home/user/.m2/repository/org/glassfish/hk2/guice-bridge/2.5.0/guice-bridge-2.5.0.jar:/home/user/.m2/repository/org/glassfish/jersey/core/jersey-server/2.27/jersey-server-2.27.jar:/home/user/.m2/repository/org/glassfish/jersey/core/jersey-client/2.27/jersey-client-2.27.jar:/home/user/.m2/repository/org/glassfish/jersey/media/jersey-media-jaxb/2.27/jersey-media-jaxb-2.27.jar:/home/user/.m2/repository/javax/validation/validation-api/1.1.0.Final/validation-api-1.1.0.Final.jar:/home/user/.m2/repository/org/glassfish/jersey/media/jersey-media-json-jackson/2.27/jersey-media-json-jackson-2.27.jar:/home/user/.m2/repository/org/glassfish/jersey/ext/jersey-entity-filtering/2.27/jersey-entity-filtering-2.27.jar:/home/user/.m2/repository/com/google/inject/extensions/guice-assistedinject/4.0/guice-assistedinject-4.0.jar:/home/user/.m2/repository/org/jooq/jooq/3.11.10/jooq-3.11.10.jar:/home/user/.m2/repository/org/jooq/jooq-meta/3.11.10/jooq-meta-3.11.10.jar:/home/user/.m2/repository/org/jooq/jooq-codegen/3.11.10/jooq-codegen-3.11.10.jar:/home/user/.m2/repository/com/jolbox/bonecp/0.8.0.RELEASE/bonecp-0.8.0.RELEASE.jar:/home/user/.m2/repository/org/xerial/sqlite-jdbc/3.25.2/sqlite-jdbc-3.25.2.jar:/home/user/.m2/repository/org/springframework/spring-jdbc/5.1.3.RELEASE/spring-jdbc-5.1.3.RELEASE.jar:/home/user/.m2/repository/org/springframework/spring-beans/5.1.3.RELEASE/spring-beans-5.1.3.RELEASE.jar:/home/user/.m2/repository/org/springframework/spring-core/5.1.3.RELEASE/spring-core-5.1.3.RELEASE.jar:/home/user/.m2/repository/org/springframework/spring-jcl/5.1.3.RELEASE/spring-jcl-5.1.3.RELEASE.jar:/home/user/.m2/repository/org/springframework/spring-tx/5.1.3.RELEASE/spring-tx-5.1.3.RELEASE.jar:/home/user/.m2/repository/org/apache/hadoop/hadoop-ozone-client/0.5.0-SNAPSHOT/hadoop-ozone-client-0.5.0-SNAPSHOT.jar:/home/user/.m2/repository/commons-lang/commons-lang/2.6/commons-lang-2.6.jar:/home/user/.m2/repository/org/apache/hadoop/hadoop-ozone-ozone-manager/0.5.0-SNAPSHOT/hadoop-ozone-ozone-manager-0.5.0-SNAPSHOT-tests.jar:/home/user/.m2/repository/junit/junit/4.11/junit-4.11.jar:/home/user/.m2/repository/org/hamcrest/hamcrest-core/1.3/hamcrest-core-1.3.jar:/home/user/.m2/repository/org/openjdk/jmh/jmh-core/1.19/jmh-core-1.19.jar:/home/user/.m2/repository/net/sf/jopt-simple/jopt-simple/4.6/jopt-simple-4.6.jar:/home/user/.m2/repository/org/apache/commons/commons-math3/3.1.1/commons-math3-3.1.1.jar:/home/user/.m2/repository/org/openjdk/jmh/jmh-generator-annprocess/1.19/jmh-generator-annprocess-1.19.jar:/home/user/.m2/repository/org/mockito/mockito-all/1.8.5/mockito-all-1.8.5.jar:/home/user/.m2/repository/org/apache/hadoop/hadoop-kms/3.2.0/hadoop-kms-3.2.0.jar:/home/user/.m2/repository/org/apache/hadoop/hadoop-auth/3.2.0/hadoop-auth-3.2.0.jar:/home/user/.m2/repository/com/nimbusds/nimbus-jose-jwt/4.41.1/nimbus-jose-jwt-4.41.1.jar:/home/user/.m2/repository/com/github/stephenc/jcip/jcip-annotations/1.0-1/jcip-annotations-1.0-1.jar:/home/user/.m2/repository/net/minidev/json-smart/2.3/json-smart-2.3.jar:/home/user/.m2/repository/net/minidev/accessors-smart/1.2/accessors-smart-1.2.jar:/home/user/.m2/repository/org/ow2/asm/asm/5.0.4/asm-5.0.4.jar:/home/user/.m2/repository/org/apache/curator/curator-framework/2.12.0/curator-framework-2.12.0.jar:/home/user/.m2/repository/com/sun/jersey/jersey-core/1.19/jersey-core-1.19.jar:/home/user/.m2/repository/javax/ws/rs/jsr311-api/1.1.1/jsr311-api-1.1.1.jar:/home/user/.m2/repository/com/sun/jersey/jersey-server/1.19/jersey-server-1.19.jar:/home/user/.m2/repository/javax/servlet/javax.servlet-api/3.1.0/javax.servlet-api-3.1.0.jar:/home/user/.m2/repository/org/eclipse/jetty/jetty-server/9.3.24.v20180605/jetty-server-9.3.24.v20180605.jar:/home/user/.m2/repository/org/eclipse/jetty/jetty-http/9.3.24.v20180605/jetty-http-9.3.24.v20180605.jar:/home/user/.m2/repository/org/eclipse/jetty/jetty-io/9.3.24.v20180605/jetty-io-9.3.24.v20180605.jar:/home/user/.m2/repository/org/eclipse/jetty/jetty-webapp/9.3.24.v20180605/jetty-webapp-9.3.24.v20180605.jar:/home/user/.m2/repository/org/eclipse/jetty/jetty-xml/9.3.24.v20180605/jetty-xml-9.3.24.v20180605.jar:/home/user/.m2/repository/log4j/log4j/1.2.17/log4j-1.2.17.jar:/home/user/.m2/repository/org/slf4j/slf4j-api/1.7.25/slf4j-api-1.7.25.jar:/home/user/.m2/repository/org/slf4j/jul-to-slf4j/1.7.25/jul-to-slf4j-1.7.25.jar:/home/user/.m2/repository/org/eclipse/jetty/jetty-util/9.3.24.v20180605/jetty-util-9.3.24.v20180605.jar:/home/user/.m2/repository/com/fasterxml/jackson/core/jackson-databind/2.9.5/jackson-databind-2.9.5.jar:/home/user/.m2/repository/org/apache/hadoop/hadoop-kms/3.2.0/hadoop-kms-3.2.0-tests.jar:/home/user/.m2/repository/org/apache/hadoop/hadoop-hdds-server-scm/0.5.0-SNAPSHOT/hadoop-hdds-server-scm-0.5.0-SNAPSHOT-tests.jar:/home/user/.m2/repository/org/apache/hadoop/hadoop-hdds-container-service/0.5.0-SNAPSHOT/hadoop-hdds-container-service-0.5.0-SNAPSHOT-tests.jar:/home/user/.m2/repository/org/yaml/snakeyaml/1.16/snakeyaml-1.16.jar:/home/user/.m2/repository/org/apache/hadoop/hadoop-common/3.2.0/hadoop-common-3.2.0-tests.jar:/home/user/.m2/repository/org/apache/hadoop/hadoop-annotations/3.2.0/hadoop-annotations-3.2.0.jar:/usr/lib/jvm/java-1.8-openjdk/jre/../lib/tools.jar:/home/user/.m2/repository/commons-cli/commons-cli/1.2/commons-cli-1.2.jar:/home/user/.m2/repository/org/apache/httpcomponents/httpclient/4.5.2/httpclient-4.5.2.jar:/home/user/.m2/repository/org/apache/httpcomponents/httpcore/4.4.4/httpcore-4.4.4.jar:/home/user/.m2/repository/commons-codec/commons-codec/1.11/commons-codec-1.11.jar:/home/user/.m2/repository/commons-net/commons-net/3.6/commons-net-3.6.jar:/home/user/.m2/repository/commons-collections/commons-collections/3.2.2/commons-collections-3.2.2.jar:/home/user/.m2/repository/org/eclipse/jetty/jetty-servlet/9.3.24.v20180605/jetty-servlet-9.3.24.v20180605.jar:/home/user/.m2/repository/org/eclipse/jetty/jetty-security/9.3.24.v20180605/jetty-security-9.3.24.v20180605.jar:/home/user/.m2/repository/javax/servlet/jsp/jsp-api/2.1/jsp-api-2.1.jar:/home/user/.m2/repository/com/sun/jersey/jersey-servlet/1.19/jersey-servlet-1.19.jar:/home/user/.m2/repository/com/sun/jersey/jersey-json/1.19/jersey-json-1.19.jar:/home/user/.m2/repository/org/codehaus/jettison/jettison/1.1/jettison-1.1.jar:/home/user/.m2/repository/org/codehaus/jackson/jackson-core-asl/1.9.13/jackson-core-asl-1.9.13.jar:/home/user/.m2/repository/org/codehaus/jackson/jackson-mapper-asl/1.9.13/jackson-mapper-asl-1.9.13.jar:/home/user/.m2/repository/org/codehaus/jackson/jackson-jaxrs/1.9.13/jackson-jaxrs-1.9.13.jar:/home/user/.m2/repository/org/codehaus/jackson/jackson-xc/1.9.13/jackson-xc-1.9.13.jar:/home/user/.m2/repository/commons-logging/commons-logging/1.1.3/commons-logging-1.1.3.jar:/home/user/.m2/repository/commons-beanutils/commons-beanutils/1.9.3/commons-beanutils-1.9.3.jar:/home/user/.m2/repository/org/apache/commons/commons-configuration2/2.1.1/commons-configuration2-2.1.1.jar:/home/user/.m2/repository/org/apache/commons/commons-lang3/3.7/commons-lang3-3.7.jar:/home/user/.m2/repository/org/apache/commons/commons-text/1.4/commons-text-1.4.jar:/home/user/.m2/repository/org/apache/avro/avro/1.7.7/avro-1.7.7.jar:/home/user/.m2/repository/com/thoughtworks/paranamer/paranamer/2.3/paranamer-2.3.jar:/home/user/.m2/repository/org/xerial/snappy/snappy-java/1.0.5/snappy-java-1.0.5.jar:/home/user/.m2/repository/com/google/re2j/re2j/1.1/re2j-1.1.jar:/home/user/.m2/repository/com/google/code/gson/gson/2.2.4/gson-2.2.4.jar:/home/user/.m2/repository/com/jcraft/jsch/0.1.54/jsch-0.1.54.jar:/home/user/.m2/repository/org/apache/curator/curator-client/2.12.0/curator-client-2.12.0.jar:/home/user/.m2/repository/org/apache/curator/curator-recipes/2.12.0/curator-recipes-2.12.0.jar:/home/user/.m2/repository/com/google/code/findbugs/jsr305/3.0.0/jsr305-3.0.0.jar:/home/user/.m2/repository/org/apache/htrace/htrace-core4/4.1.0-incubating/htrace-core4-4.1.0-incubating.jar:/home/user/.m2/repository/org/apache/zookeeper/zookeeper/3.4.13/zookeeper-3.4.13.jar:/home/user/.m2/repository/org/apache/yetus/audience-annotations/0.5.0/audience-annotations-0.5.0.jar:/home/user/.m2/repository/org/codehaus/woodstox/stax2-api/3.1.4/stax2-api-3.1.4.jar:/home/user/.m2/repository/com/fasterxml/woodstox/woodstox-core/5.0.3/woodstox-core-5.0.3.jar:/home/user/.m2/repository/dnsjava/dnsjava/2.1.7/dnsjava-2.1.7.jar:/home/user/.m2/repository/org/apache/hadoop/hadoop-hdfs/3.2.0/hadoop-hdfs-3.2.0-tests.jar:/home/user/.m2/repository/org/eclipse/jetty/jetty-util-ajax/9.3.24.v20180605/jetty-util-ajax-9.3.24.v20180605.jar:/home/user/.m2/repository/commons-daemon/commons-daemon/1.0.13/commons-daemon-1.0.13.jar:/home/user/.m2/repository/io/netty/netty/3.10.5.Final/netty-3.10.5.Final.jar:/home/user/.m2/repository/io/netty/netty-all/4.0.52.Final/netty-all-4.0.52.Final.jar:/home/user/.m2/repository/org/fusesource/leveldbjni/leveldbjni-all/1.8/leveldbjni-all-1.8.jar:"/>
    <property name="sun.cpu.endian" value="little"/>
    <property name="user.home" value="/home/user"/>
    <property name="user.language" value="en"/>
    <property name="java.specification.vendor" value="Oracle Corporation"/>
    <property name="java.home" value="/usr/lib/jvm/java-1.8-openjdk/jre"/>
    <property name="java.security.krb5.conf" value="/workdir/hadoop-ozone/integration-test/target/test-classes/krb5.conf"/>
    <property name="basedir" value="/workdir/hadoop-ozone/integration-test"/>
    <property name="file.separator" value="/"/>
    <property name="line.separator" value="&#10;"/>
    <property name="java.vm.specification.vendor" value="Oracle Corporation"/>
    <property name="java.specification.name" value="Java Platform API Specification"/>
    <property name="java.awt.graphicsenv" value="sun.awt.X11GraphicsEnvironment"/>
    <property name="surefire.real.class.path" value="/workdir/hadoop-ozone/integration-test/target/surefire/surefirebooter5706498110745532844.jar"/>
    <property name="hadoop.log.dir" value="/workdir/hadoop-ozone/integration-test/target/log"/>
    <property name="sun.boot.class.path" value="/usr/lib/jvm/java-1.8-openjdk/jre/lib/resources.jar:/usr/lib/jvm/java-1.8-openjdk/jre/lib/rt.jar:/usr/lib/jvm/java-1.8-openjdk/jre/lib/sunrsasign.jar:/usr/lib/jvm/java-1.8-openjdk/jre/lib/jsse.jar:/usr/lib/jvm/java-1.8-openjdk/jre/lib/jce.jar:/usr/lib/jvm/java-1.8-openjdk/jre/lib/charsets.jar:/usr/lib/jvm/java-1.8-openjdk/jre/lib/jfr.jar:/usr/lib/jvm/java-1.8-openjdk/jre/classes"/>
    <property name="sun.management.compiler" value="HotSpot 64-Bit Tiered Compilers"/>
    <property name="java.runtime.version" value="1.8.0_212-b04"/>
    <property name="java.net.preferIPv4Stack" value="true"/>
    <property name="user.name" value="jenkins1000"/>
    <property name="path.separator" value=":"/>
    <property name="java.security.egd" value="file:///dev/urandom"/>
    <property name="os.version" value="3.10.0-957.12.2.el7.x86_64"/>
    <property name="java.endorsed.dirs" value="/usr/lib/jvm/java-1.8-openjdk/jre/lib/endorsed"/>
    <property name="java.runtime.name" value="OpenJDK Runtime Environment"/>
    <property name="file.encoding" value="UTF-8"/>
    <property name="java.vm.name" value="OpenJDK 64-Bit Server VM"/>
    <property name="test.build.webapps" value=""/>
    <property name="localRepository" value="/home/user/.m2/repository"/>
    <property name="java.vendor.url.bug" value="https://icedtea.classpath.org/bugzilla"/>
    <property name="java.io.tmpdir" value="/tmp"/>
    <property name="require.test.libhadoop" value=""/>
    <property name="java.version" value="1.8.0_212"/>
    <property name="user.dir" value="/workdir/hadoop-ozone/integration-test"/>
    <property name="os.arch" value="amd64"/>
    <property name="java.vm.specification.name" value="Java Virtual Machine Specification"/>
    <property name="test.build.classes" value="/workdir/hadoop-ozone/integration-test/target/test-classes"/>
    <property name="java.awt.printerjob" value="sun.print.PSPrinterJob"/>
    <property name="sun.os.patch.level" value="unknown"/>
    <property name="hadoop.tmp.dir" value="/workdir/hadoop-ozone/integration-test/target/tmp"/>
    <property name="java.library.path" value="/usr/lib/jvm/java-1.8-openjdk/jre/lib/amd64/server:/usr/lib/jvm/java-1.8-openjdk/jre/lib/amd64:/usr/lib/jvm/java-1.8-openjdk/jre/../lib/amd64:/workdir/hadoop-ozone/integration-test/target/native/target/usr/local/lib:/workdir/hadoop-ozone/integration-test/../../hadoop-common-project/hadoop-common/target/native/target/usr/local/lib:/usr/java/packages/lib/amd64:/usr/lib64:/lib64:/lib:/usr/lib"/>
    <property name="java.vm.info" value="mixed mode"/>
    <property name="java.vendor" value="IcedTea"/>
    <property name="java.vm.version" value="25.212-b04"/>
    <property name="java.ext.dirs" value="/usr/lib/jvm/java-1.8-openjdk/jre/lib/ext:/usr/java/packages/lib/ext"/>
    <property name="sun.io.unicode.encoding" value="UnicodeLittle"/>
    <property name="java.class.version" value="52.0"/>
  </properties>
  <testcase name="testWatchForCommitWithKeyWrite" classname="org.apache.hadoop.ozone.client.rpc.TestWatchForCommit" time="73.23"/>
  <testcase name="testWatchForCommitWithSmallerTimeoutValue" classname="org.apache.hadoop.ozone.client.rpc.TestWatchForCommit" time="42.575"/>
  <testcase name="testWatchForCommitForRetryfailure" classname="org.apache.hadoop.ozone.client.rpc.TestWatchForCommit" time="25.899">
    <error message="org.apache.ratis.protocol.RaftRetryFailureException: Failed RaftClientRequest:client-B9F18B614CC6-&gt;3a747f42-8091-4aa7-8d68-ad64487492d2@group-C09FB5D8F8A0, cid=66, seq=1*, RW, org.apache.hadoop.hdds.scm.XceiverClientRatis$$Lambda$432/2095602418@6368e767 for 20 attempts with RetryLimited(maxAttempts=20, sleepTime=1000ms)" type="java.util.concurrent.ExecutionException">java.util.concurrent.ExecutionException: org.apache.ratis.protocol.RaftRetryFailureException: Failed RaftClientRequest:client-B9F18B614CC6->3a747f42-8091-4aa7-8d68-ad64487492d2@group-C09FB5D8F8A0, cid=66, seq=1*, RW, org.apache.hadoop.hdds.scm.XceiverClientRatis$$Lambda$432/2095602418@6368e767 for 20 attempts with RetryLimited(maxAttempts=20, sleepTime=1000ms)
	at java.util.concurrent.CompletableFuture.reportGet(CompletableFuture.java:357)
	at java.util.concurrent.CompletableFuture.get(CompletableFuture.java:1895)
	at org.apache.hadoop.ozone.client.rpc.TestWatchForCommit.testWatchForCommitForRetryfailure(TestWatchForCommit.java:335)
	at sun.reflect.NativeMethodAccessorImpl.invoke0(Native Method)
	at sun.reflect.NativeMethodAccessorImpl.invoke(NativeMethodAccessorImpl.java:62)
	at sun.reflect.DelegatingMethodAccessorImpl.invoke(DelegatingMethodAccessorImpl.java:43)
	at java.lang.reflect.Method.invoke(Method.java:498)
	at org.junit.runners.model.FrameworkMethod$1.runReflectiveCall(FrameworkMethod.java:47)
	at org.junit.internal.runners.model.ReflectiveCallable.run(ReflectiveCallable.java:12)
	at org.junit.runners.model.FrameworkMethod.invokeExplosively(FrameworkMethod.java:44)
	at org.junit.internal.runners.statements.InvokeMethod.evaluate(InvokeMethod.java:17)
	at org.junit.runners.ParentRunner.runLeaf(ParentRunner.java:271)
	at org.junit.runners.BlockJUnit4ClassRunner.runChild(BlockJUnit4ClassRunner.java:70)
	at org.junit.runners.BlockJUnit4ClassRunner.runChild(BlockJUnit4ClassRunner.java:50)
	at org.junit.runners.ParentRunner$3.run(ParentRunner.java:238)
	at org.junit.runners.ParentRunner$1.schedule(ParentRunner.java:63)
	at org.junit.runners.ParentRunner.runChildren(ParentRunner.java:236)
	at org.junit.runners.ParentRunner.access$000(ParentRunner.java:53)
	at org.junit.runners.ParentRunner$2.evaluate(ParentRunner.java:229)
	at org.junit.runners.ParentRunner.run(ParentRunner.java:309)
	at org.apache.maven.surefire.junit4.JUnit4Provider.execute(JUnit4Provider.java:365)
	at org.apache.maven.surefire.junit4.JUnit4Provider.executeWithRerun(JUnit4Provider.java:273)
	at org.apache.maven.surefire.junit4.JUnit4Provider.executeTestSet(JUnit4Provider.java:238)
	at org.apache.maven.surefire.junit4.JUnit4Provider.invoke(JUnit4Provider.java:159)
	at org.apache.maven.surefire.booter.ForkedBooter.invokeProviderInSameClassLoader(ForkedBooter.java:384)
	at org.apache.maven.surefire.booter.ForkedBooter.runSuitesInProcess(ForkedBooter.java:345)
	at org.apache.maven.surefire.booter.ForkedBooter.execute(ForkedBooter.java:126)
	at org.apache.maven.surefire.booter.ForkedBooter.main(ForkedBooter.java:418)
Caused by: org.apache.ratis.protocol.RaftRetryFailureException: Failed RaftClientRequest:client-B9F18B614CC6->3a747f42-8091-4aa7-8d68-ad64487492d2@group-C09FB5D8F8A0, cid=66, seq=1*, RW, org.apache.hadoop.hdds.scm.XceiverClientRatis$$Lambda$432/2095602418@6368e767 for 20 attempts with RetryLimited(maxAttempts=20, sleepTime=1000ms)
	at org.apache.ratis.client.impl.RaftClientImpl.noMoreRetries(RaftClientImpl.java:272)
	at org.apache.ratis.client.impl.OrderedAsync.handleAsyncRetryFailure(OrderedAsync.java:138)
	at org.apache.ratis.client.impl.OrderedAsync.lambda$sendRequest$10(OrderedAsync.java:230)
	at java.util.concurrent.CompletableFuture.uniExceptionally(CompletableFuture.java:870)
	at java.util.concurrent.CompletableFuture$UniExceptionally.tryFire(CompletableFuture.java:852)
	at java.util.concurrent.CompletableFuture.postComplete(CompletableFuture.java:474)
	at java.util.concurrent.CompletableFuture.completeExceptionally(CompletableFuture.java:1977)
	at org.apache.ratis.grpc.client.GrpcClientProtocolClient$AsyncStreamObservers.completeReplyExceptionally(GrpcClientProtocolClient.java:330)
	at org.apache.ratis.grpc.client.GrpcClientProtocolClient$AsyncStreamObservers.access$000(GrpcClientProtocolClient.java:246)
	at org.apache.ratis.grpc.client.GrpcClientProtocolClient$AsyncStreamObservers$1.onNext(GrpcClientProtocolClient.java:258)
	at org.apache.ratis.grpc.client.GrpcClientProtocolClient$AsyncStreamObservers$1.onNext(GrpcClientProtocolClient.java:249)
	at org.apache.ratis.thirdparty.io.grpc.stub.ClientCalls$StreamObserverToCallListenerAdapter.onMessage(ClientCalls.java:421)
	at org.apache.ratis.thirdparty.io.grpc.ForwardingClientCallListener.onMessage(ForwardingClientCallListener.java:33)
	at org.apache.ratis.thirdparty.io.grpc.ForwardingClientCallListener.onMessage(ForwardingClientCallListener.java:33)
	at org.apache.ratis.thirdparty.io.grpc.internal.ClientCallImpl$ClientStreamListenerImpl$1MessagesAvailable.runInContext(ClientCallImpl.java:519)
	at org.apache.ratis.thirdparty.io.grpc.internal.ContextRunnable.run(ContextRunnable.java:37)
	at org.apache.ratis.thirdparty.io.grpc.internal.SerializingExecutor.run(SerializingExecutor.java:123)
	at java.util.concurrent.ThreadPoolExecutor.runWorker(ThreadPoolExecutor.java:1149)
	at java.util.concurrent.ThreadPoolExecutor$Worker.run(ThreadPoolExecutor.java:624)
	at java.lang.Thread.run(Thread.java:748)
Caused by: org.apache.ratis.protocol.NotLeaderException: Server 3a747f42-8091-4aa7-8d68-ad64487492d2 is not the leader (null). Request must be sent to leader.
	at org.apache.ratis.client.impl.ClientProtoUtils.toRaftClientReply(ClientProtoUtils.java:242)
	at org.apache.ratis.grpc.client.GrpcClientProtocolClient$AsyncStreamObservers$1.onNext(GrpcClientProtocolClient.java:254)
	... 10 more
</error>
    <system-out><![CDATA[2019-08-29 08:52:57,153 [main] WARN  server.ServerUtils (ServerUtils.java:getScmDbDir(145)) - ozone.scm.db.dirs is not configured. We recommend adding this setting. Falling back to ozone.metadata.dirs instead.
2019-08-29 08:52:57,181 [main] WARN  server.ServerUtils (ServerUtils.java:getScmDbDir(145)) - ozone.scm.db.dirs is not configured. We recommend adding this setting. Falling back to ozone.metadata.dirs instead.
2019-08-29 08:52:57,182 [main] WARN  server.ServerUtils (ServerUtils.java:getScmDbDir(145)) - ozone.scm.db.dirs is not configured. We recommend adding this setting. Falling back to ozone.metadata.dirs instead.
2019-08-29 08:52:57,182 [main] INFO  db.DBStoreBuilder (DBStoreBuilder.java:addTable(110)) - using custom profile for table: deletedBlocks
2019-08-29 08:52:57,183 [main] INFO  db.DBStoreBuilder (DBStoreBuilder.java:processTables(161)) - Using default column profile:DBProfile.DISK for Table:deletedBlocks
2019-08-29 08:52:57,183 [main] INFO  db.DBStoreBuilder (DBStoreBuilder.java:addTable(110)) - using custom profile for table: validCerts
2019-08-29 08:52:57,183 [main] INFO  db.DBStoreBuilder (DBStoreBuilder.java:processTables(161)) - Using default column profile:DBProfile.DISK for Table:validCerts
2019-08-29 08:52:57,184 [main] INFO  db.DBStoreBuilder (DBStoreBuilder.java:addTable(110)) - using custom profile for table: revokedCerts
2019-08-29 08:52:57,184 [main] INFO  db.DBStoreBuilder (DBStoreBuilder.java:processTables(161)) - Using default column profile:DBProfile.DISK for Table:revokedCerts
2019-08-29 08:52:57,184 [main] INFO  db.DBStoreBuilder (DBStoreBuilder.java:addTable(110)) - using custom profile for table: default
2019-08-29 08:52:57,184 [main] INFO  db.DBStoreBuilder (DBStoreBuilder.java:processTables(167)) - Using default column profile:DBProfile.DISK for Table:default
2019-08-29 08:52:57,185 [main] INFO  db.DBStoreBuilder (DBStoreBuilder.java:getDbProfile(198)) - Using default options. DBProfile.DISK
2019-08-29 08:52:57,341 [main] INFO  net.NodeSchemaLoader (NodeSchemaLoader.java:loadSchemaFromFile(125)) - Loading file from sun.misc.CompoundEnumeration@29fe4840
2019-08-29 08:52:57,341 [main] INFO  net.NodeSchemaLoader (NodeSchemaLoader.java:loadSchema(171)) - Loading network topology layer schema file
2019-08-29 08:52:57,347 [main] WARN  server.ServerUtils (ServerUtils.java:sanitizeUserArgs(70)) - ozone.scm.stale.node.interval value = 300000 is larger than max = 100000 based on the key value of ozone.scm.heartbeat.thread.interval, reset to the max value 100000.
2019-08-29 08:52:57,347 [main] WARN  server.ServerUtils (ServerUtils.java:sanitizeUserArgs(70)) - ozone.scm.stale.node.interval value = 300000 is larger than max = 100000 based on the key value of ozone.scm.heartbeat.thread.interval, reset to the max value 100000.
2019-08-29 08:52:57,348 [main] INFO  node.SCMNodeManager (SCMNodeManager.java:<init>(121)) - Entering startup safe mode.
2019-08-29 08:52:57,348 [main] INFO  algorithms.ContainerPlacementPolicyFactory (ContainerPlacementPolicyFactory.java:getPolicy(55)) - Create container placement policy of type org.apache.hadoop.hdds.scm.container.placement.algorithms.SCMContainerPlacementRandom
2019-08-29 08:52:57,349 [main] WARN  server.ServerUtils (ServerUtils.java:getScmDbDir(145)) - ozone.scm.db.dirs is not configured. We recommend adding this setting. Falling back to ozone.metadata.dirs instead.
2019-08-29 08:52:57,372 [main] INFO  pipeline.SCMPipelineManager (SCMPipelineManager.java:initializePipelineState(126)) - No pipeline exists in current db
2019-08-29 08:52:57,373 [main] WARN  server.ServerUtils (ServerUtils.java:getScmDbDir(145)) - ozone.scm.db.dirs is not configured. We recommend adding this setting. Falling back to ozone.metadata.dirs instead.
2019-08-29 08:52:57,400 [main] WARN  events.EventQueue (EventQueue.java:fireEvent(175)) - No event handler registered for event TypedEvent{payloadType=SafeModeStatus, name='SafeModeStatus'}
2019-08-29 08:52:57,401 [main] INFO  ipc.CallQueueManager (CallQueueManager.java:<init>(84)) - Using callQueue: class java.util.concurrent.LinkedBlockingQueue, queueCapacity: 2000, scheduler: class org.apache.hadoop.ipc.DefaultRpcScheduler, ipcBackoff: false.
2019-08-29 08:52:57,403 [Socket Reader #1 for port 44152] INFO  ipc.Server (Server.java:run(1074)) - Starting Socket Reader #1 for port 44152
2019-08-29 08:52:57,405 [main] INFO  ipc.CallQueueManager (CallQueueManager.java:<init>(84)) - Using callQueue: class java.util.concurrent.LinkedBlockingQueue, queueCapacity: 2000, scheduler: class org.apache.hadoop.ipc.DefaultRpcScheduler, ipcBackoff: false.
2019-08-29 08:52:57,406 [Socket Reader #1 for port 39263] INFO  ipc.Server (Server.java:run(1074)) - Starting Socket Reader #1 for port 39263
2019-08-29 08:52:57,407 [main] INFO  ipc.CallQueueManager (CallQueueManager.java:<init>(84)) - Using callQueue: class java.util.concurrent.LinkedBlockingQueue, queueCapacity: 2000, scheduler: class org.apache.hadoop.ipc.DefaultRpcScheduler, ipcBackoff: false.
2019-08-29 08:52:57,408 [Socket Reader #1 for port 42087] INFO  ipc.Server (Server.java:run(1074)) - Starting Socket Reader #1 for port 42087
2019-08-29 08:52:57,411 [main] INFO  hdfs.DFSUtil (DFSUtil.java:httpServerTemplateForNNAndJN(1641)) - Starting Web-server for scm at: http://0.0.0.0:0
2019-08-29 08:52:57,413 [main] INFO  server.AuthenticationFilter (AuthenticationFilter.java:constructSecretProvider(240)) - Unable to initialize FileSignerSecretProvider, falling back to use random secrets.
2019-08-29 08:52:57,414 [main] WARN  http.HttpRequestLog (HttpRequestLog.java:getRequestLog(97)) - Jetty request log can only be enabled using Log4j
2019-08-29 08:52:57,417 [main] INFO  http.HttpServer2 (HttpServer2.java:addGlobalFilter(975)) - Added global filter 'safety' (class=org.apache.hadoop.http.HttpServer2$QuotingInputFilter)
2019-08-29 08:52:57,418 [main] INFO  http.HttpServer2 (HttpServer2.java:addFilter(948)) - Added filter static_user_filter (class=org.apache.hadoop.http.lib.StaticUserWebFilter$StaticUserFilter) to context scm
2019-08-29 08:52:57,418 [main] INFO  http.HttpServer2 (HttpServer2.java:addFilter(958)) - Added filter static_user_filter (class=org.apache.hadoop.http.lib.StaticUserWebFilter$StaticUserFilter) to context static
2019-08-29 08:52:57,418 [main] INFO  http.HttpServer2 (HttpServer2.java:addFilter(958)) - Added filter static_user_filter (class=org.apache.hadoop.http.lib.StaticUserWebFilter$StaticUserFilter) to context logs
2019-08-29 08:52:57,421 [main] INFO  server.StorageContainerManager (StorageContainerManager.java:start(759)) - StorageContainerLocationProtocol RPC server is listening at /0.0.0.0:42087
2019-08-29 08:52:57,424 [main] WARN  impl.MetricsConfig (MetricsConfig.java:loadFirst(134)) - Cannot locate configuration: tried hadoop-metrics2-storagecontainermanager.properties,hadoop-metrics2.properties
2019-08-29 08:52:57,426 [main] INFO  impl.MetricsSystemImpl (MetricsSystemImpl.java:startTimer(374)) - Scheduled Metric snapshot period at 10 second(s).
2019-08-29 08:52:57,426 [main] INFO  impl.MetricsSystemImpl (MetricsSystemImpl.java:start(191)) - StorageContainerManager metrics system started
2019-08-29 08:52:57,513 [main] INFO  server.SCMClientProtocolServer (SCMClientProtocolServer.java:start(151)) - RPC server for Client  is listening at /0.0.0.0:42087
2019-08-29 08:52:57,514 [IPC Server listener on 42087] INFO  ipc.Server (Server.java:run(1153)) - IPC Server listener on 42087: starting
2019-08-29 08:52:57,514 [IPC Server Responder] INFO  ipc.Server (Server.java:run(1314)) - IPC Server Responder: starting
2019-08-29 08:52:57,518 [main] INFO  server.StorageContainerManager (StorageContainerManager.java:start(769)) - ScmBlockLocationProtocol RPC server is listening at /0.0.0.0:39263
2019-08-29 08:52:57,518 [main] INFO  server.SCMBlockProtocolServer (SCMBlockProtocolServer.java:start(140)) - RPC server for Block Protocol is listening at /0.0.0.0:39263
2019-08-29 08:52:57,518 [IPC Server Responder] INFO  ipc.Server (Server.java:run(1314)) - IPC Server Responder: starting
2019-08-29 08:52:57,519 [IPC Server listener on 39263] INFO  ipc.Server (Server.java:run(1153)) - IPC Server listener on 39263: starting
2019-08-29 08:52:57,523 [main] INFO  server.StorageContainerManager (StorageContainerManager.java:start(773)) - ScmDatanodeProtocl RPC server is listening at /0.0.0.0:44152
2019-08-29 08:52:57,523 [main] INFO  server.SCMDatanodeProtocolServer (SCMDatanodeProtocolServer.java:start(191)) - RPC server for DataNodes is listening at /0.0.0.0:44152
2019-08-29 08:52:57,523 [IPC Server listener on 44152] INFO  ipc.Server (Server.java:run(1153)) - IPC Server listener on 44152: starting
2019-08-29 08:52:57,523 [IPC Server Responder] INFO  ipc.Server (Server.java:run(1314)) - IPC Server Responder: starting
2019-08-29 08:52:57,528 [main] INFO  http.HttpServer2 (HttpServer2.java:bindListener(1191)) - Jetty bound to port 34460
2019-08-29 08:52:57,528 [main] INFO  server.Server (Server.java:doStart(351)) - jetty-9.3.24.v20180605, build timestamp: 2018-06-05T17:11:56Z, git hash: 84205aa28f11a4f31f2a3b86d1bba2cc8ab69827
2019-08-29 08:52:57,530 [main] INFO  handler.ContextHandler (ContextHandler.java:doStart(781)) - Started o.e.j.s.ServletContextHandler@75b38c36{/logs,file:///workdir/hadoop-ozone/integration-test/target/log,AVAILABLE}
2019-08-29 08:52:57,531 [main] INFO  handler.ContextHandler (ContextHandler.java:doStart(781)) - Started o.e.j.s.ServletContextHandler@2349f14d{/static,file:///workdir/hadoop-ozone/integration-test/target/test-classes/webapps/static,AVAILABLE}
2019-08-29 08:52:57,536 [main] INFO  handler.ContextHandler (ContextHandler.java:doStart(781)) - Started o.e.j.w.WebAppContext@71aaf151{/,file:///workdir/hadoop-ozone/integration-test/target/test-classes/webapps/scm/,AVAILABLE}{/scm}
2019-08-29 08:52:57,536 [main] INFO  server.AbstractConnector (AbstractConnector.java:doStart(278)) - Started ServerConnector@7061622{HTTP/1.1,[http/1.1]}{0.0.0.0:34460}
2019-08-29 08:52:57,537 [main] INFO  server.Server (Server.java:doStart(419)) - Started @116632ms
2019-08-29 08:52:57,538 [main] INFO  server.BaseHttpServer (BaseHttpServer.java:updateConnectorAddress(213)) - HTTP server of SCM is listening at http://0.0.0.0:34460
2019-08-29 08:52:57,539 [main] WARN  server.ServerUtils (ServerUtils.java:getDBPath(222)) - ozone.om.db.dirs is not configured. We recommend adding this setting. Falling back to ozone.metadata.dirs instead.
2019-08-29 08:52:57,539 [org.apache.hadoop.util.JvmPauseMonitor$Monitor@52ea0269] INFO  util.JvmPauseMonitor (JvmPauseMonitor.java:run(188)) - Starting JVM pause monitor
2019-08-29 08:52:57,553 [main] WARN  server.ServerUtils (ServerUtils.java:getDBPath(222)) - ozone.om.db.dirs is not configured. We recommend adding this setting. Falling back to ozone.metadata.dirs instead.
2019-08-29 08:52:57,554 [main] WARN  server.ServerUtils (ServerUtils.java:getDBPath(222)) - ozone.om.db.dirs is not configured. We recommend adding this setting. Falling back to ozone.metadata.dirs instead.
2019-08-29 08:52:57,554 [main] INFO  om.OzoneManager (OzoneManager.java:setOMNodeDetails(645)) - OM Service ID is not set. Setting it to the default ID: omServiceIdDefault
2019-08-29 08:52:57,554 [main] INFO  om.OzoneManager (OzoneManager.java:setOMNodeDetails(651)) - OM Node ID is not set. Setting it to the OmStorage's OmID: 219fa35c-02c0-488d-9293-82e04e0edc30
2019-08-29 08:52:57,554 [main] INFO  om.OzoneManager (OzoneManager.java:loadOMHAConfigs(602)) - Found matching OM address with OMServiceId: null, OMNodeId: null, RPC Address: localhost:0 and Ratis port: 9872
2019-08-29 08:52:57,560 | INFO  | SCMAudit | user=jenkins1000 | ip=192.168.157.249 | op=GET_SCM_INFO null | ret=SUCCESS |  
2019-08-29 08:52:57,563 [main] WARN  server.ServerUtils (ServerUtils.java:getDBPath(222)) - ozone.om.db.dirs is not configured. We recommend adding this setting. Falling back to ozone.metadata.dirs instead.
2019-08-29 08:52:57,564 [main] INFO  db.DBStoreBuilder (DBStoreBuilder.java:addTable(110)) - using custom profile for table: userTable
2019-08-29 08:52:57,564 [main] INFO  db.DBStoreBuilder (DBStoreBuilder.java:processTables(161)) - Using default column profile:DBProfile.DISK for Table:userTable
2019-08-29 08:52:57,564 [main] INFO  db.DBStoreBuilder (DBStoreBuilder.java:addTable(110)) - using custom profile for table: volumeTable
2019-08-29 08:52:57,564 [main] INFO  db.DBStoreBuilder (DBStoreBuilder.java:processTables(161)) - Using default column profile:DBProfile.DISK for Table:volumeTable
2019-08-29 08:52:57,564 [main] INFO  db.DBStoreBuilder (DBStoreBuilder.java:addTable(110)) - using custom profile for table: bucketTable
2019-08-29 08:52:57,565 [main] INFO  db.DBStoreBuilder (DBStoreBuilder.java:processTables(161)) - Using default column profile:DBProfile.DISK for Table:bucketTable
2019-08-29 08:52:57,565 [main] INFO  db.DBStoreBuilder (DBStoreBuilder.java:addTable(110)) - using custom profile for table: keyTable
2019-08-29 08:52:57,565 [main] INFO  db.DBStoreBuilder (DBStoreBuilder.java:processTables(161)) - Using default column profile:DBProfile.DISK for Table:keyTable
2019-08-29 08:52:57,565 [main] INFO  db.DBStoreBuilder (DBStoreBuilder.java:addTable(110)) - using custom profile for table: deletedTable
2019-08-29 08:52:57,565 [main] INFO  db.DBStoreBuilder (DBStoreBuilder.java:processTables(161)) - Using default column profile:DBProfile.DISK for Table:deletedTable
2019-08-29 08:52:57,565 [main] INFO  db.DBStoreBuilder (DBStoreBuilder.java:addTable(110)) - using custom profile for table: openKeyTable
2019-08-29 08:52:57,566 [main] INFO  db.DBStoreBuilder (DBStoreBuilder.java:processTables(161)) - Using default column profile:DBProfile.DISK for Table:openKeyTable
2019-08-29 08:52:57,566 [main] INFO  db.DBStoreBuilder (DBStoreBuilder.java:addTable(110)) - using custom profile for table: s3Table
2019-08-29 08:52:57,566 [main] INFO  db.DBStoreBuilder (DBStoreBuilder.java:processTables(161)) - Using default column profile:DBProfile.DISK for Table:s3Table
2019-08-29 08:52:57,566 [main] INFO  db.DBStoreBuilder (DBStoreBuilder.java:addTable(110)) - using custom profile for table: multipartInfoTable
2019-08-29 08:52:57,566 [main] INFO  db.DBStoreBuilder (DBStoreBuilder.java:processTables(161)) - Using default column profile:DBProfile.DISK for Table:multipartInfoTable
2019-08-29 08:52:57,567 [main] INFO  db.DBStoreBuilder (DBStoreBuilder.java:addTable(110)) - using custom profile for table: dTokenTable
2019-08-29 08:52:57,567 [main] INFO  db.DBStoreBuilder (DBStoreBuilder.java:processTables(161)) - Using default column profile:DBProfile.DISK for Table:dTokenTable
2019-08-29 08:52:57,567 [main] INFO  db.DBStoreBuilder (DBStoreBuilder.java:addTable(110)) - using custom profile for table: s3SecretTable
2019-08-29 08:52:57,567 [main] INFO  db.DBStoreBuilder (DBStoreBuilder.java:processTables(161)) - Using default column profile:DBProfile.DISK for Table:s3SecretTable
2019-08-29 08:52:57,567 [main] INFO  db.DBStoreBuilder (DBStoreBuilder.java:addTable(110)) - using custom profile for table: prefixTable
2019-08-29 08:52:57,567 [main] INFO  db.DBStoreBuilder (DBStoreBuilder.java:processTables(161)) - Using default column profile:DBProfile.DISK for Table:prefixTable
2019-08-29 08:52:57,568 [main] INFO  db.DBStoreBuilder (DBStoreBuilder.java:addTable(110)) - using custom profile for table: default
2019-08-29 08:52:57,568 [main] INFO  db.DBStoreBuilder (DBStoreBuilder.java:processTables(167)) - Using default column profile:DBProfile.DISK for Table:default
2019-08-29 08:52:57,568 [main] INFO  db.DBStoreBuilder (DBStoreBuilder.java:getDbProfile(198)) - Using default options. DBProfile.DISK
2019-08-29 08:52:58,003 [main] INFO  ipc.CallQueueManager (CallQueueManager.java:<init>(84)) - Using callQueue: class java.util.concurrent.LinkedBlockingQueue, queueCapacity: 2000, scheduler: class org.apache.hadoop.ipc.DefaultRpcScheduler, ipcBackoff: false.
2019-08-29 08:52:58,004 [Socket Reader #1 for port 44280] INFO  ipc.Server (Server.java:run(1074)) - Starting Socket Reader #1 for port 44280
2019-08-29 08:52:58,018 [main] INFO  om.OzoneManager (OzoneManager.java:start(1256)) - OzoneManager RPC server is listening at localhost/127.0.0.1:44280
2019-08-29 08:52:58,018 [main] INFO  impl.MetricsSystemImpl (MetricsSystemImpl.java:init(158)) - OzoneManager metrics system started (again)
2019-08-29 08:52:58,019 [IPC Server listener on 44280] INFO  ipc.Server (Server.java:run(1153)) - IPC Server listener on 44280: starting
2019-08-29 08:52:58,019 [IPC Server Responder] INFO  ipc.Server (Server.java:run(1314)) - IPC Server Responder: starting
2019-08-29 08:52:58,025 [main] INFO  hdfs.DFSUtil (DFSUtil.java:httpServerTemplateForNNAndJN(1641)) - Starting Web-server for ozoneManager at: http://0.0.0.0:0
2019-08-29 08:52:58,026 [main] INFO  server.AuthenticationFilter (AuthenticationFilter.java:constructSecretProvider(240)) - Unable to initialize FileSignerSecretProvider, falling back to use random secrets.
2019-08-29 08:52:58,027 [main] WARN  http.HttpRequestLog (HttpRequestLog.java:getRequestLog(97)) - Jetty request log can only be enabled using Log4j
2019-08-29 08:52:58,029 [main] INFO  http.HttpServer2 (HttpServer2.java:addGlobalFilter(975)) - Added global filter 'safety' (class=org.apache.hadoop.http.HttpServer2$QuotingInputFilter)
2019-08-29 08:52:58,029 [main] INFO  http.HttpServer2 (HttpServer2.java:addFilter(948)) - Added filter static_user_filter (class=org.apache.hadoop.http.lib.StaticUserWebFilter$StaticUserFilter) to context ozoneManager
2019-08-29 08:52:58,029 [main] INFO  http.HttpServer2 (HttpServer2.java:addFilter(958)) - Added filter static_user_filter (class=org.apache.hadoop.http.lib.StaticUserWebFilter$StaticUserFilter) to context static
2019-08-29 08:52:58,029 [main] INFO  http.HttpServer2 (HttpServer2.java:addFilter(958)) - Added filter static_user_filter (class=org.apache.hadoop.http.lib.StaticUserWebFilter$StaticUserFilter) to context logs
2019-08-29 08:52:58,030 [main] INFO  http.HttpServer2 (HttpServer2.java:bindListener(1191)) - Jetty bound to port 35432
2019-08-29 08:52:58,030 [main] INFO  server.Server (Server.java:doStart(351)) - jetty-9.3.24.v20180605, build timestamp: 2018-06-05T17:11:56Z, git hash: 84205aa28f11a4f31f2a3b86d1bba2cc8ab69827
2019-08-29 08:52:58,033 [main] INFO  handler.ContextHandler (ContextHandler.java:doStart(781)) - Started o.e.j.s.ServletContextHandler@2accaec2{/logs,file:///workdir/hadoop-ozone/integration-test/target/log,AVAILABLE}
2019-08-29 08:52:58,033 [main] INFO  handler.ContextHandler (ContextHandler.java:doStart(781)) - Started o.e.j.s.ServletContextHandler@83bb0f{/static,file:///workdir/hadoop-ozone/integration-test/target/test-classes/webapps/static,AVAILABLE}
2019-08-29 08:52:58,037 [main] INFO  handler.ContextHandler (ContextHandler.java:doStart(781)) - Started o.e.j.w.WebAppContext@1946384{/,file:///workdir/hadoop-ozone/integration-test/target/test-classes/webapps/ozoneManager/,AVAILABLE}{/ozoneManager}
2019-08-29 08:52:58,037 [main] INFO  server.AbstractConnector (AbstractConnector.java:doStart(278)) - Started ServerConnector@6ac4c3f7{HTTP/1.1,[http/1.1]}{0.0.0.0:35432}
2019-08-29 08:52:58,039 [main] INFO  server.Server (Server.java:doStart(419)) - Started @117134ms
2019-08-29 08:52:58,039 [main] INFO  server.BaseHttpServer (BaseHttpServer.java:updateConnectorAddress(213)) - HTTP server of OZONEMANAGER is listening at http://0.0.0.0:35432
2019-08-29 08:52:58,059 [main] INFO  impl.MetricsSystemImpl (MetricsSystemImpl.java:init(158)) - HddsDatanode metrics system started (again)
2019-08-29 08:52:58,061 [main] INFO  ozone.HddsDatanodeService (HddsDatanodeService.java:start(184)) - HddsDatanodeService host:pr-hdds-1949-rn9cj-2680188436 ip:192.168.157.249
2019-08-29 08:52:58,068 [main] INFO  volume.HddsVolume (HddsVolume.java:<init>(176)) - Creating Volume: /workdir/hadoop-ozone/integration-test/target/test-dir/MiniOzoneClusterImpl-c09e3b94-e4ea-4fc7-980c-a61ce0b64d2e/datanode-0/data/containers/hdds of  storage type : DISK and capacity : 1482555576320
2019-08-29 08:52:58,068 [main] INFO  volume.VolumeSet (VolumeSet.java:initializeVolumeSet(170)) - Added Volume : /workdir/hadoop-ozone/integration-test/target/test-dir/MiniOzoneClusterImpl-c09e3b94-e4ea-4fc7-980c-a61ce0b64d2e/datanode-0/data/containers/hdds to VolumeSet
2019-08-29 08:52:58,069 [main] INFO  volume.ThrottledAsyncChecker (ThrottledAsyncChecker.java:schedule(140)) - Scheduling a check for org.apache.hadoop.ozone.container.common.volume.HddsVolume@4041739c
2019-08-29 08:52:58,069 [main] INFO  volume.HddsVolumeChecker (HddsVolumeChecker.java:checkAllVolumes(203)) - Scheduled health check for volume org.apache.hadoop.ozone.container.common.volume.HddsVolume@4041739c
2019-08-29 08:52:58,082 [main] INFO  impl.RaftServerProxy (ConfUtils.java:logGet(43)) - raft.rpc.type = GRPC (default)
2019-08-29 08:52:58,083 [main] INFO  grpc.GrpcFactory (GrpcFactory.java:checkPooledByteBufAllocatorUseCacheForAllThreads(45)) - PERFORMANCE WARNING: useCacheForAllThreads is true that may cause Netty to create a lot garbage objects and, as a result, trigger GC.
	It is recommended to disable useCacheForAllThreads by setting -Dorg.apache.ratis.thirdparty.io.netty.allocator.useCacheForAllThreads=false in command line.
2019-08-29 08:52:58,083 [main] INFO  grpc.GrpcConfigKeys$Server (ConfUtils.java:logGet(43)) - raft.grpc.server.port = 0 (default)
2019-08-29 08:52:58,083 [main] INFO  server.GrpcService (ConfUtils.java:logGet(43)) - raft.grpc.message.size.max = 33570816 (custom)
2019-08-29 08:52:58,083 [main] INFO  server.RaftServerConfigKeys (ConfUtils.java:logGet(43)) - raft.server.log.appender.buffer.byte-limit = 33554432 (custom)
2019-08-29 08:52:58,084 [main] INFO  server.GrpcService (ConfUtils.java:logGet(43)) - raft.grpc.flow.control.window = 1MB (=1048576) (default)
2019-08-29 08:52:58,084 [main] INFO  server.RaftServerConfigKeys (ConfUtils.java:logGet(43)) - raft.server.rpc.request.timeout = 3000ms (default)
2019-08-29 08:52:58,084 [main] INFO  server.RaftServerConfigKeys (ConfUtils.java:logGet(43)) - raft.server.storage.dir = [/workdir/hadoop-ozone/integration-test/target/test-dir/MiniOzoneClusterImpl-c09e3b94-e4ea-4fc7-980c-a61ce0b64d2e/datanode-0/data/ratis] (custom)
2019-08-29 08:52:58,086 [main] INFO  hdfs.DFSUtil (DFSUtil.java:httpServerTemplateForNNAndJN(1641)) - Starting Web-server for hddsDatanode at: http://0.0.0.0:0
2019-08-29 08:52:58,090 [main] INFO  server.AuthenticationFilter (AuthenticationFilter.java:constructSecretProvider(240)) - Unable to initialize FileSignerSecretProvider, falling back to use random secrets.
2019-08-29 08:52:58,091 [main] WARN  http.HttpRequestLog (HttpRequestLog.java:getRequestLog(97)) - Jetty request log can only be enabled using Log4j
2019-08-29 08:52:58,092 [main] INFO  http.HttpServer2 (HttpServer2.java:addGlobalFilter(975)) - Added global filter 'safety' (class=org.apache.hadoop.http.HttpServer2$QuotingInputFilter)
2019-08-29 08:52:58,093 [main] INFO  http.HttpServer2 (HttpServer2.java:addFilter(948)) - Added filter static_user_filter (class=org.apache.hadoop.http.lib.StaticUserWebFilter$StaticUserFilter) to context hddsDatanode
2019-08-29 08:52:58,093 [main] INFO  http.HttpServer2 (HttpServer2.java:addFilter(958)) - Added filter static_user_filter (class=org.apache.hadoop.http.lib.StaticUserWebFilter$StaticUserFilter) to context logs
2019-08-29 08:52:58,093 [main] INFO  http.HttpServer2 (HttpServer2.java:addFilter(958)) - Added filter static_user_filter (class=org.apache.hadoop.http.lib.StaticUserWebFilter$StaticUserFilter) to context static
2019-08-29 08:52:58,094 [main] INFO  http.HttpServer2 (HttpServer2.java:bindListener(1191)) - Jetty bound to port 33587
2019-08-29 08:52:58,094 [main] INFO  server.Server (Server.java:doStart(351)) - jetty-9.3.24.v20180605, build timestamp: 2018-06-05T17:11:56Z, git hash: 84205aa28f11a4f31f2a3b86d1bba2cc8ab69827
2019-08-29 08:52:58,096 [main] INFO  handler.ContextHandler (ContextHandler.java:doStart(781)) - Started o.e.j.s.ServletContextHandler@7186b202{/logs,file:///workdir/hadoop-ozone/integration-test/target/log,AVAILABLE}
2019-08-29 08:52:58,096 [main] INFO  handler.ContextHandler (ContextHandler.java:doStart(781)) - Started o.e.j.s.ServletContextHandler@65ef48f2{/static,jar:file:/home/user/.m2/repository/org/apache/hadoop/hadoop-hdds-container-service/0.5.0-SNAPSHOT/hadoop-hdds-container-service-0.5.0-SNAPSHOT.jar!/webapps/static,AVAILABLE}
2019-08-29 08:52:58,124 [main] INFO  handler.ContextHandler (ContextHandler.java:doStart(781)) - Started o.e.j.w.WebAppContext@4cb957b8{/,file:///tmp/jetty-0.0.0.0-33587-hddsDatanode-_-any-3888179309480212063.dir/webapp/,AVAILABLE}{/hddsDatanode}
2019-08-29 08:52:58,125 [main] INFO  server.AbstractConnector (AbstractConnector.java:doStart(278)) - Started ServerConnector@3cdc7b09{HTTP/1.1,[http/1.1]}{0.0.0.0:33587}
2019-08-29 08:52:58,128 [main] INFO  server.Server (Server.java:doStart(419)) - Started @117223ms
2019-08-29 08:52:58,129 [main] INFO  server.BaseHttpServer (BaseHttpServer.java:updateConnectorAddress(213)) - HTTP server of HDDSDATANODE is listening at http://0.0.0.0:33587
2019-08-29 08:52:58,129 [main] INFO  impl.MetricsSystemImpl (MetricsSystemImpl.java:init(158)) - HddsDatanode metrics system started (again)
2019-08-29 08:52:58,132 [main] INFO  ozone.HddsDatanodeService (HddsDatanodeService.java:start(184)) - HddsDatanodeService host:pr-hdds-1949-rn9cj-2680188436 ip:192.168.157.249
2019-08-29 08:52:58,132 [org.apache.hadoop.util.JvmPauseMonitor$Monitor@18b922ec] INFO  util.JvmPauseMonitor (JvmPauseMonitor.java:run(188)) - Starting JVM pause monitor
2019-08-29 08:52:58,134 [Datanode State Machine Thread - 0] INFO  datanode.InitDatanodeState (InitDatanodeState.java:persistContainerDatanodeDetails(140)) - DatanodeDetails is persisted to /workdir/hadoop-ozone/integration-test/target/test-dir/MiniOzoneClusterImpl-c09e3b94-e4ea-4fc7-980c-a61ce0b64d2e/datanode-0/meta/datanode.id
2019-08-29 08:52:58,138 [main] INFO  volume.HddsVolume (HddsVolume.java:<init>(176)) - Creating Volume: /workdir/hadoop-ozone/integration-test/target/test-dir/MiniOzoneClusterImpl-c09e3b94-e4ea-4fc7-980c-a61ce0b64d2e/datanode-1/data/containers/hdds of  storage type : DISK and capacity : 1482555576320
2019-08-29 08:52:58,139 [main] INFO  volume.VolumeSet (VolumeSet.java:initializeVolumeSet(170)) - Added Volume : /workdir/hadoop-ozone/integration-test/target/test-dir/MiniOzoneClusterImpl-c09e3b94-e4ea-4fc7-980c-a61ce0b64d2e/datanode-1/data/containers/hdds to VolumeSet
2019-08-29 08:52:58,139 [main] INFO  volume.ThrottledAsyncChecker (ThrottledAsyncChecker.java:schedule(140)) - Scheduling a check for org.apache.hadoop.ozone.container.common.volume.HddsVolume@6fa2448b
2019-08-29 08:52:58,140 [main] INFO  volume.HddsVolumeChecker (HddsVolumeChecker.java:checkAllVolumes(203)) - Scheduled health check for volume org.apache.hadoop.ozone.container.common.volume.HddsVolume@6fa2448b
2019-08-29 08:52:58,154 [main] INFO  impl.RaftServerProxy (ConfUtils.java:logGet(43)) - raft.rpc.type = GRPC (default)
2019-08-29 08:52:58,154 [main] INFO  grpc.GrpcFactory (GrpcFactory.java:checkPooledByteBufAllocatorUseCacheForAllThreads(45)) - PERFORMANCE WARNING: useCacheForAllThreads is true that may cause Netty to create a lot garbage objects and, as a result, trigger GC.
	It is recommended to disable useCacheForAllThreads by setting -Dorg.apache.ratis.thirdparty.io.netty.allocator.useCacheForAllThreads=false in command line.
2019-08-29 08:52:58,154 [main] INFO  grpc.GrpcConfigKeys$Server (ConfUtils.java:logGet(43)) - raft.grpc.server.port = 0 (default)
2019-08-29 08:52:58,154 [main] INFO  server.GrpcService (ConfUtils.java:logGet(43)) - raft.grpc.message.size.max = 33570816 (custom)
2019-08-29 08:52:58,154 [main] INFO  server.RaftServerConfigKeys (ConfUtils.java:logGet(43)) - raft.server.log.appender.buffer.byte-limit = 33554432 (custom)
2019-08-29 08:52:58,155 [main] INFO  server.GrpcService (ConfUtils.java:logGet(43)) - raft.grpc.flow.control.window = 1MB (=1048576) (default)
2019-08-29 08:52:58,155 [main] INFO  server.RaftServerConfigKeys (ConfUtils.java:logGet(43)) - raft.server.rpc.request.timeout = 3000ms (default)
2019-08-29 08:52:58,155 [main] INFO  server.RaftServerConfigKeys (ConfUtils.java:logGet(43)) - raft.server.storage.dir = [/workdir/hadoop-ozone/integration-test/target/test-dir/MiniOzoneClusterImpl-c09e3b94-e4ea-4fc7-980c-a61ce0b64d2e/datanode-1/data/ratis] (custom)
2019-08-29 08:52:58,158 [main] INFO  hdfs.DFSUtil (DFSUtil.java:httpServerTemplateForNNAndJN(1641)) - Starting Web-server for hddsDatanode at: http://0.0.0.0:0
2019-08-29 08:52:58,159 [main] INFO  server.AuthenticationFilter (AuthenticationFilter.java:constructSecretProvider(240)) - Unable to initialize FileSignerSecretProvider, falling back to use random secrets.
2019-08-29 08:52:58,160 [main] WARN  http.HttpRequestLog (HttpRequestLog.java:getRequestLog(97)) - Jetty request log can only be enabled using Log4j
2019-08-29 08:52:58,161 [main] INFO  http.HttpServer2 (HttpServer2.java:addGlobalFilter(975)) - Added global filter 'safety' (class=org.apache.hadoop.http.HttpServer2$QuotingInputFilter)
2019-08-29 08:52:58,162 [main] INFO  http.HttpServer2 (HttpServer2.java:addFilter(948)) - Added filter static_user_filter (class=org.apache.hadoop.http.lib.StaticUserWebFilter$StaticUserFilter) to context hddsDatanode
2019-08-29 08:52:58,162 [main] INFO  http.HttpServer2 (HttpServer2.java:addFilter(958)) - Added filter static_user_filter (class=org.apache.hadoop.http.lib.StaticUserWebFilter$StaticUserFilter) to context static
2019-08-29 08:52:58,162 [main] INFO  http.HttpServer2 (HttpServer2.java:addFilter(958)) - Added filter static_user_filter (class=org.apache.hadoop.http.lib.StaticUserWebFilter$StaticUserFilter) to context logs
2019-08-29 08:52:58,163 [main] INFO  http.HttpServer2 (HttpServer2.java:bindListener(1191)) - Jetty bound to port 37541
2019-08-29 08:52:58,163 [main] INFO  server.Server (Server.java:doStart(351)) - jetty-9.3.24.v20180605, build timestamp: 2018-06-05T17:11:56Z, git hash: 84205aa28f11a4f31f2a3b86d1bba2cc8ab69827
2019-08-29 08:52:58,165 [main] INFO  handler.ContextHandler (ContextHandler.java:doStart(781)) - Started o.e.j.s.ServletContextHandler@7741771e{/logs,file:///workdir/hadoop-ozone/integration-test/target/log,AVAILABLE}
2019-08-29 08:52:58,166 [main] INFO  handler.ContextHandler (ContextHandler.java:doStart(781)) - Started o.e.j.s.ServletContextHandler@6cae2e4d{/static,jar:file:/home/user/.m2/repository/org/apache/hadoop/hadoop-hdds-container-service/0.5.0-SNAPSHOT/hadoop-hdds-container-service-0.5.0-SNAPSHOT.jar!/webapps/static,AVAILABLE}
2019-08-29 08:52:58,194 [main] INFO  handler.ContextHandler (ContextHandler.java:doStart(781)) - Started o.e.j.w.WebAppContext@7fda2001{/,file:///tmp/jetty-0.0.0.0-37541-hddsDatanode-_-any-5437952339731903654.dir/webapp/,AVAILABLE}{/hddsDatanode}
2019-08-29 08:52:58,194 [main] INFO  server.AbstractConnector (AbstractConnector.java:doStart(278)) - Started ServerConnector@162c1dfb{HTTP/1.1,[http/1.1]}{0.0.0.0:37541}
2019-08-29 08:52:58,196 [main] INFO  server.Server (Server.java:doStart(419)) - Started @117291ms
2019-08-29 08:52:58,196 [main] INFO  server.BaseHttpServer (BaseHttpServer.java:updateConnectorAddress(213)) - HTTP server of HDDSDATANODE is listening at http://0.0.0.0:37541
2019-08-29 08:52:58,197 [main] INFO  impl.MetricsSystemImpl (MetricsSystemImpl.java:init(158)) - HddsDatanode metrics system started (again)
2019-08-29 08:52:58,199 [org.apache.hadoop.util.JvmPauseMonitor$Monitor@27a35f67] INFO  util.JvmPauseMonitor (JvmPauseMonitor.java:run(188)) - Starting JVM pause monitor
2019-08-29 08:52:58,200 [main] INFO  ozone.HddsDatanodeService (HddsDatanodeService.java:start(184)) - HddsDatanodeService host:pr-hdds-1949-rn9cj-2680188436 ip:192.168.157.249
2019-08-29 08:52:58,203 [Datanode State Machine Thread - 0] INFO  datanode.InitDatanodeState (InitDatanodeState.java:persistContainerDatanodeDetails(140)) - DatanodeDetails is persisted to /workdir/hadoop-ozone/integration-test/target/test-dir/MiniOzoneClusterImpl-c09e3b94-e4ea-4fc7-980c-a61ce0b64d2e/datanode-1/meta/datanode.id
2019-08-29 08:52:58,206 [main] INFO  volume.HddsVolume (HddsVolume.java:<init>(176)) - Creating Volume: /workdir/hadoop-ozone/integration-test/target/test-dir/MiniOzoneClusterImpl-c09e3b94-e4ea-4fc7-980c-a61ce0b64d2e/datanode-2/data/containers/hdds of  storage type : DISK and capacity : 1482555576320
2019-08-29 08:52:58,206 [main] INFO  volume.VolumeSet (VolumeSet.java:initializeVolumeSet(170)) - Added Volume : /workdir/hadoop-ozone/integration-test/target/test-dir/MiniOzoneClusterImpl-c09e3b94-e4ea-4fc7-980c-a61ce0b64d2e/datanode-2/data/containers/hdds to VolumeSet
2019-08-29 08:52:58,206 [main] INFO  volume.ThrottledAsyncChecker (ThrottledAsyncChecker.java:schedule(140)) - Scheduling a check for org.apache.hadoop.ozone.container.common.volume.HddsVolume@52454457
2019-08-29 08:52:58,207 [main] INFO  volume.HddsVolumeChecker (HddsVolumeChecker.java:checkAllVolumes(203)) - Scheduled health check for volume org.apache.hadoop.ozone.container.common.volume.HddsVolume@52454457
2019-08-29 08:52:58,225 [main] INFO  impl.RaftServerProxy (ConfUtils.java:logGet(43)) - raft.rpc.type = GRPC (default)
2019-08-29 08:52:58,226 [main] INFO  grpc.GrpcFactory (GrpcFactory.java:checkPooledByteBufAllocatorUseCacheForAllThreads(45)) - PERFORMANCE WARNING: useCacheForAllThreads is true that may cause Netty to create a lot garbage objects and, as a result, trigger GC.
	It is recommended to disable useCacheForAllThreads by setting -Dorg.apache.ratis.thirdparty.io.netty.allocator.useCacheForAllThreads=false in command line.
2019-08-29 08:52:58,226 [main] INFO  grpc.GrpcConfigKeys$Server (ConfUtils.java:logGet(43)) - raft.grpc.server.port = 0 (default)
2019-08-29 08:52:58,226 [main] INFO  server.GrpcService (ConfUtils.java:logGet(43)) - raft.grpc.message.size.max = 33570816 (custom)
2019-08-29 08:52:58,227 [main] INFO  server.RaftServerConfigKeys (ConfUtils.java:logGet(43)) - raft.server.log.appender.buffer.byte-limit = 33554432 (custom)
2019-08-29 08:52:58,227 [main] INFO  server.GrpcService (ConfUtils.java:logGet(43)) - raft.grpc.flow.control.window = 1MB (=1048576) (default)
2019-08-29 08:52:58,227 [main] INFO  server.RaftServerConfigKeys (ConfUtils.java:logGet(43)) - raft.server.rpc.request.timeout = 3000ms (default)
2019-08-29 08:52:58,228 [main] INFO  server.RaftServerConfigKeys (ConfUtils.java:logGet(43)) - raft.server.storage.dir = [/workdir/hadoop-ozone/integration-test/target/test-dir/MiniOzoneClusterImpl-c09e3b94-e4ea-4fc7-980c-a61ce0b64d2e/datanode-2/data/ratis] (custom)
2019-08-29 08:52:58,230 [main] INFO  hdfs.DFSUtil (DFSUtil.java:httpServerTemplateForNNAndJN(1641)) - Starting Web-server for hddsDatanode at: http://0.0.0.0:0
2019-08-29 08:52:58,231 [main] INFO  server.AuthenticationFilter (AuthenticationFilter.java:constructSecretProvider(240)) - Unable to initialize FileSignerSecretProvider, falling back to use random secrets.
2019-08-29 08:52:58,231 [main] WARN  http.HttpRequestLog (HttpRequestLog.java:getRequestLog(97)) - Jetty request log can only be enabled using Log4j
2019-08-29 08:52:58,233 [main] INFO  http.HttpServer2 (HttpServer2.java:addGlobalFilter(975)) - Added global filter 'safety' (class=org.apache.hadoop.http.HttpServer2$QuotingInputFilter)
2019-08-29 08:52:58,233 [main] INFO  http.HttpServer2 (HttpServer2.java:addFilter(948)) - Added filter static_user_filter (class=org.apache.hadoop.http.lib.StaticUserWebFilter$StaticUserFilter) to context hddsDatanode
2019-08-29 08:52:58,233 [main] INFO  http.HttpServer2 (HttpServer2.java:addFilter(958)) - Added filter static_user_filter (class=org.apache.hadoop.http.lib.StaticUserWebFilter$StaticUserFilter) to context static
2019-08-29 08:52:58,233 [main] INFO  http.HttpServer2 (HttpServer2.java:addFilter(958)) - Added filter static_user_filter (class=org.apache.hadoop.http.lib.StaticUserWebFilter$StaticUserFilter) to context logs
2019-08-29 08:52:58,234 [main] INFO  http.HttpServer2 (HttpServer2.java:bindListener(1191)) - Jetty bound to port 45673
2019-08-29 08:52:58,234 [main] INFO  server.Server (Server.java:doStart(351)) - jetty-9.3.24.v20180605, build timestamp: 2018-06-05T17:11:56Z, git hash: 84205aa28f11a4f31f2a3b86d1bba2cc8ab69827
2019-08-29 08:52:58,238 [main] INFO  handler.ContextHandler (ContextHandler.java:doStart(781)) - Started o.e.j.s.ServletContextHandler@5f8d9767{/logs,file:///workdir/hadoop-ozone/integration-test/target/log,AVAILABLE}
2019-08-29 08:52:58,239 [main] INFO  handler.ContextHandler (ContextHandler.java:doStart(781)) - Started o.e.j.s.ServletContextHandler@62b09715{/static,jar:file:/home/user/.m2/repository/org/apache/hadoop/hadoop-hdds-container-service/0.5.0-SNAPSHOT/hadoop-hdds-container-service-0.5.0-SNAPSHOT.jar!/webapps/static,AVAILABLE}
2019-08-29 08:52:58,266 [main] INFO  handler.ContextHandler (ContextHandler.java:doStart(781)) - Started o.e.j.w.WebAppContext@2f677247{/,file:///tmp/jetty-0.0.0.0-45673-hddsDatanode-_-any-741845845848216332.dir/webapp/,AVAILABLE}{/hddsDatanode}
2019-08-29 08:52:58,267 [main] INFO  server.AbstractConnector (AbstractConnector.java:doStart(278)) - Started ServerConnector@43f03c23{HTTP/1.1,[http/1.1]}{0.0.0.0:45673}
2019-08-29 08:52:58,268 [main] INFO  server.Server (Server.java:doStart(419)) - Started @117363ms
2019-08-29 08:52:58,269 [main] INFO  server.BaseHttpServer (BaseHttpServer.java:updateConnectorAddress(213)) - HTTP server of HDDSDATANODE is listening at http://0.0.0.0:45673
2019-08-29 08:52:58,269 [main] INFO  impl.MetricsSystemImpl (MetricsSystemImpl.java:init(158)) - HddsDatanode metrics system started (again)
2019-08-29 08:52:58,272 [main] INFO  ozone.HddsDatanodeService (HddsDatanodeService.java:start(184)) - HddsDatanodeService host:pr-hdds-1949-rn9cj-2680188436 ip:192.168.157.249
2019-08-29 08:52:58,272 [org.apache.hadoop.util.JvmPauseMonitor$Monitor@16e0749e] INFO  util.JvmPauseMonitor (JvmPauseMonitor.java:run(188)) - Starting JVM pause monitor
2019-08-29 08:52:58,274 [Datanode State Machine Thread - 0] INFO  datanode.InitDatanodeState (InitDatanodeState.java:persistContainerDatanodeDetails(140)) - DatanodeDetails is persisted to /workdir/hadoop-ozone/integration-test/target/test-dir/MiniOzoneClusterImpl-c09e3b94-e4ea-4fc7-980c-a61ce0b64d2e/datanode-2/meta/datanode.id
2019-08-29 08:52:58,279 [main] INFO  volume.HddsVolume (HddsVolume.java:<init>(176)) - Creating Volume: /workdir/hadoop-ozone/integration-test/target/test-dir/MiniOzoneClusterImpl-c09e3b94-e4ea-4fc7-980c-a61ce0b64d2e/datanode-3/data/containers/hdds of  storage type : DISK and capacity : 1482555576320
2019-08-29 08:52:58,279 [main] INFO  volume.VolumeSet (VolumeSet.java:initializeVolumeSet(170)) - Added Volume : /workdir/hadoop-ozone/integration-test/target/test-dir/MiniOzoneClusterImpl-c09e3b94-e4ea-4fc7-980c-a61ce0b64d2e/datanode-3/data/containers/hdds to VolumeSet
2019-08-29 08:52:58,279 [main] INFO  volume.ThrottledAsyncChecker (ThrottledAsyncChecker.java:schedule(140)) - Scheduling a check for org.apache.hadoop.ozone.container.common.volume.HddsVolume@286855ea
2019-08-29 08:52:58,279 [main] INFO  volume.HddsVolumeChecker (HddsVolumeChecker.java:checkAllVolumes(203)) - Scheduled health check for volume org.apache.hadoop.ozone.container.common.volume.HddsVolume@286855ea
2019-08-29 08:52:58,293 [main] INFO  impl.RaftServerProxy (ConfUtils.java:logGet(43)) - raft.rpc.type = GRPC (default)
2019-08-29 08:52:58,293 [main] INFO  grpc.GrpcFactory (GrpcFactory.java:checkPooledByteBufAllocatorUseCacheForAllThreads(45)) - PERFORMANCE WARNING: useCacheForAllThreads is true that may cause Netty to create a lot garbage objects and, as a result, trigger GC.
	It is recommended to disable useCacheForAllThreads by setting -Dorg.apache.ratis.thirdparty.io.netty.allocator.useCacheForAllThreads=false in command line.
2019-08-29 08:52:58,293 [main] INFO  grpc.GrpcConfigKeys$Server (ConfUtils.java:logGet(43)) - raft.grpc.server.port = 0 (default)
2019-08-29 08:52:58,293 [main] INFO  server.GrpcService (ConfUtils.java:logGet(43)) - raft.grpc.message.size.max = 33570816 (custom)
2019-08-29 08:52:58,294 [main] INFO  server.RaftServerConfigKeys (ConfUtils.java:logGet(43)) - raft.server.log.appender.buffer.byte-limit = 33554432 (custom)
2019-08-29 08:52:58,294 [main] INFO  server.GrpcService (ConfUtils.java:logGet(43)) - raft.grpc.flow.control.window = 1MB (=1048576) (default)
2019-08-29 08:52:58,294 [main] INFO  server.RaftServerConfigKeys (ConfUtils.java:logGet(43)) - raft.server.rpc.request.timeout = 3000ms (default)
2019-08-29 08:52:58,294 [main] INFO  server.RaftServerConfigKeys (ConfUtils.java:logGet(43)) - raft.server.storage.dir = [/workdir/hadoop-ozone/integration-test/target/test-dir/MiniOzoneClusterImpl-c09e3b94-e4ea-4fc7-980c-a61ce0b64d2e/datanode-3/data/ratis] (custom)
2019-08-29 08:52:58,295 [main] INFO  hdfs.DFSUtil (DFSUtil.java:httpServerTemplateForNNAndJN(1641)) - Starting Web-server for hddsDatanode at: http://0.0.0.0:0
2019-08-29 08:52:58,297 [main] INFO  server.AuthenticationFilter (AuthenticationFilter.java:constructSecretProvider(240)) - Unable to initialize FileSignerSecretProvider, falling back to use random secrets.
2019-08-29 08:52:58,297 [main] WARN  http.HttpRequestLog (HttpRequestLog.java:getRequestLog(97)) - Jetty request log can only be enabled using Log4j
2019-08-29 08:52:58,298 [main] INFO  http.HttpServer2 (HttpServer2.java:addGlobalFilter(975)) - Added global filter 'safety' (class=org.apache.hadoop.http.HttpServer2$QuotingInputFilter)
2019-08-29 08:52:58,299 [main] INFO  http.HttpServer2 (HttpServer2.java:addFilter(948)) - Added filter static_user_filter (class=org.apache.hadoop.http.lib.StaticUserWebFilter$StaticUserFilter) to context hddsDatanode
2019-08-29 08:52:58,299 [main] INFO  http.HttpServer2 (HttpServer2.java:addFilter(958)) - Added filter static_user_filter (class=org.apache.hadoop.http.lib.StaticUserWebFilter$StaticUserFilter) to context static
2019-08-29 08:52:58,299 [main] INFO  http.HttpServer2 (HttpServer2.java:addFilter(958)) - Added filter static_user_filter (class=org.apache.hadoop.http.lib.StaticUserWebFilter$StaticUserFilter) to context logs
2019-08-29 08:52:58,300 [main] INFO  http.HttpServer2 (HttpServer2.java:bindListener(1191)) - Jetty bound to port 35481
2019-08-29 08:52:58,300 [main] INFO  server.Server (Server.java:doStart(351)) - jetty-9.3.24.v20180605, build timestamp: 2018-06-05T17:11:56Z, git hash: 84205aa28f11a4f31f2a3b86d1bba2cc8ab69827
2019-08-29 08:52:58,302 [main] INFO  handler.ContextHandler (ContextHandler.java:doStart(781)) - Started o.e.j.s.ServletContextHandler@6588b715{/logs,file:///workdir/hadoop-ozone/integration-test/target/log,AVAILABLE}
2019-08-29 08:52:58,302 [main] INFO  handler.ContextHandler (ContextHandler.java:doStart(781)) - Started o.e.j.s.ServletContextHandler@52c9d3d0{/static,jar:file:/home/user/.m2/repository/org/apache/hadoop/hadoop-hdds-container-service/0.5.0-SNAPSHOT/hadoop-hdds-container-service-0.5.0-SNAPSHOT.jar!/webapps/static,AVAILABLE}
2019-08-29 08:52:58,330 [main] INFO  handler.ContextHandler (ContextHandler.java:doStart(781)) - Started o.e.j.w.WebAppContext@1bedc703{/,file:///tmp/jetty-0.0.0.0-35481-hddsDatanode-_-any-483438269150964442.dir/webapp/,AVAILABLE}{/hddsDatanode}
2019-08-29 08:52:58,330 [main] INFO  server.AbstractConnector (AbstractConnector.java:doStart(278)) - Started ServerConnector@18d11527{HTTP/1.1,[http/1.1]}{0.0.0.0:35481}
2019-08-29 08:52:58,331 [main] INFO  server.Server (Server.java:doStart(419)) - Started @117427ms
2019-08-29 08:52:58,332 [main] INFO  server.BaseHttpServer (BaseHttpServer.java:updateConnectorAddress(213)) - HTTP server of HDDSDATANODE is listening at http://0.0.0.0:35481
2019-08-29 08:52:58,333 [main] INFO  impl.MetricsSystemImpl (MetricsSystemImpl.java:init(158)) - HddsDatanode metrics system started (again)
2019-08-29 08:52:58,336 [org.apache.hadoop.util.JvmPauseMonitor$Monitor@cc8d7d2] INFO  util.JvmPauseMonitor (JvmPauseMonitor.java:run(188)) - Starting JVM pause monitor
2019-08-29 08:52:58,336 [main] INFO  ozone.HddsDatanodeService (HddsDatanodeService.java:start(184)) - HddsDatanodeService host:pr-hdds-1949-rn9cj-2680188436 ip:192.168.157.249
2019-08-29 08:52:58,337 [Datanode State Machine Thread - 0] INFO  datanode.InitDatanodeState (InitDatanodeState.java:persistContainerDatanodeDetails(140)) - DatanodeDetails is persisted to /workdir/hadoop-ozone/integration-test/target/test-dir/MiniOzoneClusterImpl-c09e3b94-e4ea-4fc7-980c-a61ce0b64d2e/datanode-3/meta/datanode.id
2019-08-29 08:52:58,346 [main] INFO  volume.HddsVolume (HddsVolume.java:<init>(176)) - Creating Volume: /workdir/hadoop-ozone/integration-test/target/test-dir/MiniOzoneClusterImpl-c09e3b94-e4ea-4fc7-980c-a61ce0b64d2e/datanode-4/data/containers/hdds of  storage type : DISK and capacity : 1482555576320
2019-08-29 08:52:58,346 [main] INFO  volume.VolumeSet (VolumeSet.java:initializeVolumeSet(170)) - Added Volume : /workdir/hadoop-ozone/integration-test/target/test-dir/MiniOzoneClusterImpl-c09e3b94-e4ea-4fc7-980c-a61ce0b64d2e/datanode-4/data/containers/hdds to VolumeSet
2019-08-29 08:52:58,347 [main] INFO  volume.ThrottledAsyncChecker (ThrottledAsyncChecker.java:schedule(140)) - Scheduling a check for org.apache.hadoop.ozone.container.common.volume.HddsVolume@7f4596d0
2019-08-29 08:52:58,347 [main] INFO  volume.HddsVolumeChecker (HddsVolumeChecker.java:checkAllVolumes(203)) - Scheduled health check for volume org.apache.hadoop.ozone.container.common.volume.HddsVolume@7f4596d0
2019-08-29 08:52:58,360 [main] INFO  impl.RaftServerProxy (ConfUtils.java:logGet(43)) - raft.rpc.type = GRPC (default)
2019-08-29 08:52:58,360 [main] INFO  grpc.GrpcFactory (GrpcFactory.java:checkPooledByteBufAllocatorUseCacheForAllThreads(45)) - PERFORMANCE WARNING: useCacheForAllThreads is true that may cause Netty to create a lot garbage objects and, as a result, trigger GC.
	It is recommended to disable useCacheForAllThreads by setting -Dorg.apache.ratis.thirdparty.io.netty.allocator.useCacheForAllThreads=false in command line.
2019-08-29 08:52:58,360 [main] INFO  grpc.GrpcConfigKeys$Server (ConfUtils.java:logGet(43)) - raft.grpc.server.port = 0 (default)
2019-08-29 08:52:58,360 [main] INFO  server.GrpcService (ConfUtils.java:logGet(43)) - raft.grpc.message.size.max = 33570816 (custom)
2019-08-29 08:52:58,361 [main] INFO  server.RaftServerConfigKeys (ConfUtils.java:logGet(43)) - raft.server.log.appender.buffer.byte-limit = 33554432 (custom)
2019-08-29 08:52:58,361 [main] INFO  server.GrpcService (ConfUtils.java:logGet(43)) - raft.grpc.flow.control.window = 1MB (=1048576) (default)
2019-08-29 08:52:58,361 [main] INFO  server.RaftServerConfigKeys (ConfUtils.java:logGet(43)) - raft.server.rpc.request.timeout = 3000ms (default)
2019-08-29 08:52:58,361 [main] INFO  server.RaftServerConfigKeys (ConfUtils.java:logGet(43)) - raft.server.storage.dir = [/workdir/hadoop-ozone/integration-test/target/test-dir/MiniOzoneClusterImpl-c09e3b94-e4ea-4fc7-980c-a61ce0b64d2e/datanode-4/data/ratis] (custom)
2019-08-29 08:52:58,363 [main] INFO  hdfs.DFSUtil (DFSUtil.java:httpServerTemplateForNNAndJN(1641)) - Starting Web-server for hddsDatanode at: http://0.0.0.0:0
2019-08-29 08:52:58,364 [main] INFO  server.AuthenticationFilter (AuthenticationFilter.java:constructSecretProvider(240)) - Unable to initialize FileSignerSecretProvider, falling back to use random secrets.
2019-08-29 08:52:58,364 [main] WARN  http.HttpRequestLog (HttpRequestLog.java:getRequestLog(97)) - Jetty request log can only be enabled using Log4j
2019-08-29 08:52:58,365 [main] INFO  http.HttpServer2 (HttpServer2.java:addGlobalFilter(975)) - Added global filter 'safety' (class=org.apache.hadoop.http.HttpServer2$QuotingInputFilter)
2019-08-29 08:52:58,366 [main] INFO  http.HttpServer2 (HttpServer2.java:addFilter(948)) - Added filter static_user_filter (class=org.apache.hadoop.http.lib.StaticUserWebFilter$StaticUserFilter) to context hddsDatanode
2019-08-29 08:52:58,366 [main] INFO  http.HttpServer2 (HttpServer2.java:addFilter(958)) - Added filter static_user_filter (class=org.apache.hadoop.http.lib.StaticUserWebFilter$StaticUserFilter) to context static
2019-08-29 08:52:58,366 [main] INFO  http.HttpServer2 (HttpServer2.java:addFilter(958)) - Added filter static_user_filter (class=org.apache.hadoop.http.lib.StaticUserWebFilter$StaticUserFilter) to context logs
2019-08-29 08:52:58,367 [main] INFO  http.HttpServer2 (HttpServer2.java:bindListener(1191)) - Jetty bound to port 32885
2019-08-29 08:52:58,367 [main] INFO  server.Server (Server.java:doStart(351)) - jetty-9.3.24.v20180605, build timestamp: 2018-06-05T17:11:56Z, git hash: 84205aa28f11a4f31f2a3b86d1bba2cc8ab69827
2019-08-29 08:52:58,369 [main] INFO  handler.ContextHandler (ContextHandler.java:doStart(781)) - Started o.e.j.s.ServletContextHandler@1c34365c{/logs,file:///workdir/hadoop-ozone/integration-test/target/log,AVAILABLE}
2019-08-29 08:52:58,370 [main] INFO  handler.ContextHandler (ContextHandler.java:doStart(781)) - Started o.e.j.s.ServletContextHandler@412c5e8b{/static,jar:file:/home/user/.m2/repository/org/apache/hadoop/hadoop-hdds-container-service/0.5.0-SNAPSHOT/hadoop-hdds-container-service-0.5.0-SNAPSHOT.jar!/webapps/static,AVAILABLE}
2019-08-29 08:52:58,396 [main] INFO  handler.ContextHandler (ContextHandler.java:doStart(781)) - Started o.e.j.w.WebAppContext@3ece79fe{/,file:///tmp/jetty-0.0.0.0-32885-hddsDatanode-_-any-3876035070638975134.dir/webapp/,AVAILABLE}{/hddsDatanode}
2019-08-29 08:52:58,397 [main] INFO  server.AbstractConnector (AbstractConnector.java:doStart(278)) - Started ServerConnector@3cc79c02{HTTP/1.1,[http/1.1]}{0.0.0.0:32885}
2019-08-29 08:52:58,398 [main] INFO  server.Server (Server.java:doStart(419)) - Started @117493ms
2019-08-29 08:52:58,398 [main] INFO  server.BaseHttpServer (BaseHttpServer.java:updateConnectorAddress(213)) - HTTP server of HDDSDATANODE is listening at http://0.0.0.0:32885
2019-08-29 08:52:58,399 [main] INFO  impl.MetricsSystemImpl (MetricsSystemImpl.java:init(158)) - HddsDatanode metrics system started (again)
2019-08-29 08:52:58,402 [org.apache.hadoop.util.JvmPauseMonitor$Monitor@3ea8ff96] INFO  util.JvmPauseMonitor (JvmPauseMonitor.java:run(188)) - Starting JVM pause monitor
2019-08-29 08:52:58,402 [main] INFO  ozone.HddsDatanodeService (HddsDatanodeService.java:start(184)) - HddsDatanodeService host:pr-hdds-1949-rn9cj-2680188436 ip:192.168.157.249
2019-08-29 08:52:58,403 [Datanode State Machine Thread - 0] INFO  datanode.InitDatanodeState (InitDatanodeState.java:persistContainerDatanodeDetails(140)) - DatanodeDetails is persisted to /workdir/hadoop-ozone/integration-test/target/test-dir/MiniOzoneClusterImpl-c09e3b94-e4ea-4fc7-980c-a61ce0b64d2e/datanode-4/meta/datanode.id
2019-08-29 08:52:58,408 [main] INFO  volume.HddsVolume (HddsVolume.java:<init>(176)) - Creating Volume: /workdir/hadoop-ozone/integration-test/target/test-dir/MiniOzoneClusterImpl-c09e3b94-e4ea-4fc7-980c-a61ce0b64d2e/datanode-5/data/containers/hdds of  storage type : DISK and capacity : 1482555576320
2019-08-29 08:52:58,408 [main] INFO  volume.VolumeSet (VolumeSet.java:initializeVolumeSet(170)) - Added Volume : /workdir/hadoop-ozone/integration-test/target/test-dir/MiniOzoneClusterImpl-c09e3b94-e4ea-4fc7-980c-a61ce0b64d2e/datanode-5/data/containers/hdds to VolumeSet
2019-08-29 08:52:58,408 [main] INFO  volume.ThrottledAsyncChecker (ThrottledAsyncChecker.java:schedule(140)) - Scheduling a check for org.apache.hadoop.ozone.container.common.volume.HddsVolume@186d8a71
2019-08-29 08:52:58,409 [main] INFO  volume.HddsVolumeChecker (HddsVolumeChecker.java:checkAllVolumes(203)) - Scheduled health check for volume org.apache.hadoop.ozone.container.common.volume.HddsVolume@186d8a71
2019-08-29 08:52:58,421 [main] INFO  impl.RaftServerProxy (ConfUtils.java:logGet(43)) - raft.rpc.type = GRPC (default)
2019-08-29 08:52:58,422 [main] INFO  grpc.GrpcFactory (GrpcFactory.java:checkPooledByteBufAllocatorUseCacheForAllThreads(45)) - PERFORMANCE WARNING: useCacheForAllThreads is true that may cause Netty to create a lot garbage objects and, as a result, trigger GC.
	It is recommended to disable useCacheForAllThreads by setting -Dorg.apache.ratis.thirdparty.io.netty.allocator.useCacheForAllThreads=false in command line.
2019-08-29 08:52:58,422 [main] INFO  grpc.GrpcConfigKeys$Server (ConfUtils.java:logGet(43)) - raft.grpc.server.port = 0 (default)
2019-08-29 08:52:58,422 [main] INFO  server.GrpcService (ConfUtils.java:logGet(43)) - raft.grpc.message.size.max = 33570816 (custom)
2019-08-29 08:52:58,422 [main] INFO  server.RaftServerConfigKeys (ConfUtils.java:logGet(43)) - raft.server.log.appender.buffer.byte-limit = 33554432 (custom)
2019-08-29 08:52:58,422 [main] INFO  server.GrpcService (ConfUtils.java:logGet(43)) - raft.grpc.flow.control.window = 1MB (=1048576) (default)
2019-08-29 08:52:58,422 [main] INFO  server.RaftServerConfigKeys (ConfUtils.java:logGet(43)) - raft.server.rpc.request.timeout = 3000ms (default)
2019-08-29 08:52:58,423 [main] INFO  server.RaftServerConfigKeys (ConfUtils.java:logGet(43)) - raft.server.storage.dir = [/workdir/hadoop-ozone/integration-test/target/test-dir/MiniOzoneClusterImpl-c09e3b94-e4ea-4fc7-980c-a61ce0b64d2e/datanode-5/data/ratis] (custom)
2019-08-29 08:52:58,424 [main] INFO  hdfs.DFSUtil (DFSUtil.java:httpServerTemplateForNNAndJN(1641)) - Starting Web-server for hddsDatanode at: http://0.0.0.0:0
2019-08-29 08:52:58,425 [main] INFO  server.AuthenticationFilter (AuthenticationFilter.java:constructSecretProvider(240)) - Unable to initialize FileSignerSecretProvider, falling back to use random secrets.
2019-08-29 08:52:58,426 [main] WARN  http.HttpRequestLog (HttpRequestLog.java:getRequestLog(97)) - Jetty request log can only be enabled using Log4j
2019-08-29 08:52:58,427 [main] INFO  http.HttpServer2 (HttpServer2.java:addGlobalFilter(975)) - Added global filter 'safety' (class=org.apache.hadoop.http.HttpServer2$QuotingInputFilter)
2019-08-29 08:52:58,427 [main] INFO  http.HttpServer2 (HttpServer2.java:addFilter(948)) - Added filter static_user_filter (class=org.apache.hadoop.http.lib.StaticUserWebFilter$StaticUserFilter) to context hddsDatanode
2019-08-29 08:52:58,428 [main] INFO  http.HttpServer2 (HttpServer2.java:addFilter(958)) - Added filter static_user_filter (class=org.apache.hadoop.http.lib.StaticUserWebFilter$StaticUserFilter) to context static
2019-08-29 08:52:58,428 [main] INFO  http.HttpServer2 (HttpServer2.java:addFilter(958)) - Added filter static_user_filter (class=org.apache.hadoop.http.lib.StaticUserWebFilter$StaticUserFilter) to context logs
2019-08-29 08:52:58,428 [main] INFO  http.HttpServer2 (HttpServer2.java:bindListener(1191)) - Jetty bound to port 39554
2019-08-29 08:52:58,428 [main] INFO  server.Server (Server.java:doStart(351)) - jetty-9.3.24.v20180605, build timestamp: 2018-06-05T17:11:56Z, git hash: 84205aa28f11a4f31f2a3b86d1bba2cc8ab69827
2019-08-29 08:52:58,430 [main] INFO  handler.ContextHandler (ContextHandler.java:doStart(781)) - Started o.e.j.s.ServletContextHandler@4f116ca2{/logs,file:///workdir/hadoop-ozone/integration-test/target/log,AVAILABLE}
2019-08-29 08:52:58,431 [main] INFO  handler.ContextHandler (ContextHandler.java:doStart(781)) - Started o.e.j.s.ServletContextHandler@193bb809{/static,jar:file:/home/user/.m2/repository/org/apache/hadoop/hadoop-hdds-container-service/0.5.0-SNAPSHOT/hadoop-hdds-container-service-0.5.0-SNAPSHOT.jar!/webapps/static,AVAILABLE}
2019-08-29 08:52:58,457 [main] INFO  handler.ContextHandler (ContextHandler.java:doStart(781)) - Started o.e.j.w.WebAppContext@52d3fafd{/,file:///tmp/jetty-0.0.0.0-39554-hddsDatanode-_-any-7038966237972777883.dir/webapp/,AVAILABLE}{/hddsDatanode}
2019-08-29 08:52:58,458 [main] INFO  server.AbstractConnector (AbstractConnector.java:doStart(278)) - Started ServerConnector@7f0b93b4{HTTP/1.1,[http/1.1]}{0.0.0.0:39554}
2019-08-29 08:52:58,459 [main] INFO  server.Server (Server.java:doStart(419)) - Started @117554ms
2019-08-29 08:52:58,460 [main] INFO  server.BaseHttpServer (BaseHttpServer.java:updateConnectorAddress(213)) - HTTP server of HDDSDATANODE is listening at http://0.0.0.0:39554
2019-08-29 08:52:58,460 [main] INFO  impl.MetricsSystemImpl (MetricsSystemImpl.java:init(158)) - HddsDatanode metrics system started (again)
2019-08-29 08:52:58,463 [org.apache.hadoop.util.JvmPauseMonitor$Monitor@243220d9] INFO  util.JvmPauseMonitor (JvmPauseMonitor.java:run(188)) - Starting JVM pause monitor
2019-08-29 08:52:58,464 [main] INFO  ozone.HddsDatanodeService (HddsDatanodeService.java:start(184)) - HddsDatanodeService host:pr-hdds-1949-rn9cj-2680188436 ip:192.168.157.249
2019-08-29 08:52:58,465 [Datanode State Machine Thread - 0] INFO  datanode.InitDatanodeState (InitDatanodeState.java:persistContainerDatanodeDetails(140)) - DatanodeDetails is persisted to /workdir/hadoop-ozone/integration-test/target/test-dir/MiniOzoneClusterImpl-c09e3b94-e4ea-4fc7-980c-a61ce0b64d2e/datanode-5/meta/datanode.id
2019-08-29 08:52:58,470 [main] INFO  volume.HddsVolume (HddsVolume.java:<init>(176)) - Creating Volume: /workdir/hadoop-ozone/integration-test/target/test-dir/MiniOzoneClusterImpl-c09e3b94-e4ea-4fc7-980c-a61ce0b64d2e/datanode-6/data/containers/hdds of  storage type : DISK and capacity : 1482555576320
2019-08-29 08:52:58,470 [main] INFO  volume.VolumeSet (VolumeSet.java:initializeVolumeSet(170)) - Added Volume : /workdir/hadoop-ozone/integration-test/target/test-dir/MiniOzoneClusterImpl-c09e3b94-e4ea-4fc7-980c-a61ce0b64d2e/datanode-6/data/containers/hdds to VolumeSet
2019-08-29 08:52:58,470 [main] INFO  volume.ThrottledAsyncChecker (ThrottledAsyncChecker.java:schedule(140)) - Scheduling a check for org.apache.hadoop.ozone.container.common.volume.HddsVolume@77cb452c
2019-08-29 08:52:58,471 [main] INFO  volume.HddsVolumeChecker (HddsVolumeChecker.java:checkAllVolumes(203)) - Scheduled health check for volume org.apache.hadoop.ozone.container.common.volume.HddsVolume@77cb452c
2019-08-29 08:52:58,482 [main] INFO  impl.RaftServerProxy (ConfUtils.java:logGet(43)) - raft.rpc.type = GRPC (default)
2019-08-29 08:52:58,482 [main] INFO  grpc.GrpcFactory (GrpcFactory.java:checkPooledByteBufAllocatorUseCacheForAllThreads(45)) - PERFORMANCE WARNING: useCacheForAllThreads is true that may cause Netty to create a lot garbage objects and, as a result, trigger GC.
	It is recommended to disable useCacheForAllThreads by setting -Dorg.apache.ratis.thirdparty.io.netty.allocator.useCacheForAllThreads=false in command line.
2019-08-29 08:52:58,482 [main] INFO  grpc.GrpcConfigKeys$Server (ConfUtils.java:logGet(43)) - raft.grpc.server.port = 0 (default)
2019-08-29 08:52:58,483 [main] INFO  server.GrpcService (ConfUtils.java:logGet(43)) - raft.grpc.message.size.max = 33570816 (custom)
2019-08-29 08:52:58,483 [main] INFO  server.RaftServerConfigKeys (ConfUtils.java:logGet(43)) - raft.server.log.appender.buffer.byte-limit = 33554432 (custom)
2019-08-29 08:52:58,483 [main] INFO  server.GrpcService (ConfUtils.java:logGet(43)) - raft.grpc.flow.control.window = 1MB (=1048576) (default)
2019-08-29 08:52:58,483 [main] INFO  server.RaftServerConfigKeys (ConfUtils.java:logGet(43)) - raft.server.rpc.request.timeout = 3000ms (default)
2019-08-29 08:52:58,484 [main] INFO  server.RaftServerConfigKeys (ConfUtils.java:logGet(43)) - raft.server.storage.dir = [/workdir/hadoop-ozone/integration-test/target/test-dir/MiniOzoneClusterImpl-c09e3b94-e4ea-4fc7-980c-a61ce0b64d2e/datanode-6/data/ratis] (custom)
2019-08-29 08:52:58,485 [main] INFO  hdfs.DFSUtil (DFSUtil.java:httpServerTemplateForNNAndJN(1641)) - Starting Web-server for hddsDatanode at: http://0.0.0.0:0
2019-08-29 08:52:58,486 [main] INFO  server.AuthenticationFilter (AuthenticationFilter.java:constructSecretProvider(240)) - Unable to initialize FileSignerSecretProvider, falling back to use random secrets.
2019-08-29 08:52:58,486 [main] WARN  http.HttpRequestLog (HttpRequestLog.java:getRequestLog(97)) - Jetty request log can only be enabled using Log4j
2019-08-29 08:52:58,488 [main] INFO  http.HttpServer2 (HttpServer2.java:addGlobalFilter(975)) - Added global filter 'safety' (class=org.apache.hadoop.http.HttpServer2$QuotingInputFilter)
2019-08-29 08:52:58,488 [main] INFO  http.HttpServer2 (HttpServer2.java:addFilter(948)) - Added filter static_user_filter (class=org.apache.hadoop.http.lib.StaticUserWebFilter$StaticUserFilter) to context hddsDatanode
2019-08-29 08:52:58,488 [main] INFO  http.HttpServer2 (HttpServer2.java:addFilter(958)) - Added filter static_user_filter (class=org.apache.hadoop.http.lib.StaticUserWebFilter$StaticUserFilter) to context static
2019-08-29 08:52:58,488 [main] INFO  http.HttpServer2 (HttpServer2.java:addFilter(958)) - Added filter static_user_filter (class=org.apache.hadoop.http.lib.StaticUserWebFilter$StaticUserFilter) to context logs
2019-08-29 08:52:58,489 [main] INFO  http.HttpServer2 (HttpServer2.java:bindListener(1191)) - Jetty bound to port 38893
2019-08-29 08:52:58,489 [main] INFO  server.Server (Server.java:doStart(351)) - jetty-9.3.24.v20180605, build timestamp: 2018-06-05T17:11:56Z, git hash: 84205aa28f11a4f31f2a3b86d1bba2cc8ab69827
2019-08-29 08:52:58,491 [main] INFO  handler.ContextHandler (ContextHandler.java:doStart(781)) - Started o.e.j.s.ServletContextHandler@35adf623{/logs,file:///workdir/hadoop-ozone/integration-test/target/log,AVAILABLE}
2019-08-29 08:52:58,491 [main] INFO  handler.ContextHandler (ContextHandler.java:doStart(781)) - Started o.e.j.s.ServletContextHandler@75d366c2{/static,jar:file:/home/user/.m2/repository/org/apache/hadoop/hadoop-hdds-container-service/0.5.0-SNAPSHOT/hadoop-hdds-container-service-0.5.0-SNAPSHOT.jar!/webapps/static,AVAILABLE}
2019-08-29 08:52:58,519 [main] INFO  handler.ContextHandler (ContextHandler.java:doStart(781)) - Started o.e.j.w.WebAppContext@776015fc{/,file:///tmp/jetty-0.0.0.0-38893-hddsDatanode-_-any-5392020549750595476.dir/webapp/,AVAILABLE}{/hddsDatanode}
2019-08-29 08:52:58,519 [main] INFO  server.AbstractConnector (AbstractConnector.java:doStart(278)) - Started ServerConnector@7f42e06e{HTTP/1.1,[http/1.1]}{0.0.0.0:38893}
2019-08-29 08:52:58,520 [main] INFO  server.Server (Server.java:doStart(419)) - Started @117616ms
2019-08-29 08:52:58,521 [main] INFO  server.BaseHttpServer (BaseHttpServer.java:updateConnectorAddress(213)) - HTTP server of HDDSDATANODE is listening at http://0.0.0.0:38893
2019-08-29 08:52:58,521 [main] INFO  ozone.MiniOzoneClusterImpl (MiniOzoneClusterImpl.java:lambda$waitForClusterToBeReady$0(142)) - Waiting for cluster to be ready. Got 0 of 7 DN Heartbeats.
2019-08-29 08:52:58,523 [org.apache.hadoop.util.JvmPauseMonitor$Monitor@60ffe84e] INFO  util.JvmPauseMonitor (JvmPauseMonitor.java:run(188)) - Starting JVM pause monitor
2019-08-29 08:52:58,524 [Datanode State Machine Thread - 0] INFO  datanode.InitDatanodeState (InitDatanodeState.java:persistContainerDatanodeDetails(140)) - DatanodeDetails is persisted to /workdir/hadoop-ozone/integration-test/target/test-dir/MiniOzoneClusterImpl-c09e3b94-e4ea-4fc7-980c-a61ce0b64d2e/datanode-6/meta/datanode.id
2019-08-29 08:52:59,522 [main] INFO  ozone.MiniOzoneClusterImpl (MiniOzoneClusterImpl.java:lambda$waitForClusterToBeReady$0(142)) - Waiting for cluster to be ready. Got 0 of 7 DN Heartbeats.
2019-08-29 08:53:00,138 | INFO  | SCMAudit | user=jenkins1000 | ip=192.168.157.249 | op=GET_VERSION null | ret=SUCCESS |  
2019-08-29 08:53:00,147 [Datanode State Machine Thread - 0] INFO  ozoneimpl.OzoneContainer (OzoneContainer.java:start(201)) - Attempting to start container services.
2019-08-29 08:53:00,148 [Datanode State Machine Thread - 0] INFO  ozoneimpl.OzoneContainer (OzoneContainer.java:startContainerScrub(175)) - Background container scrubber has been disabled by hdds.containerscrub.enabled
2019-08-29 08:53:00,148 [Datanode State Machine Thread - 0] INFO  ratis.XceiverServerRatis (XceiverServerRatis.java:start(393)) - Starting XceiverServerRatis 38df5515-2a57-4b02-8cf5-3b32e9453973 at port 0
2019-08-29 08:53:00,155 [Datanode State Machine Thread - 0] INFO  impl.RaftServerProxy (RaftServerProxy.java:lambda$start$3(299)) - 38df5515-2a57-4b02-8cf5-3b32e9453973: start RPC server
2019-08-29 08:53:00,157 [Datanode State Machine Thread - 0] INFO  server.GrpcService (GrpcService.java:startImpl(149)) - 38df5515-2a57-4b02-8cf5-3b32e9453973: GrpcService started, listening on 0.0.0.0/0.0.0.0:44997
2019-08-29 08:53:00,157 [Datanode State Machine Thread - 0] INFO  ratis.XceiverServerRatis (XceiverServerRatis.java:start(403)) - XceiverServerRatis 38df5515-2a57-4b02-8cf5-3b32e9453973 is started using port 44997
2019-08-29 08:53:00,158 [Datanode State Machine Thread - 0] INFO  server.XceiverServerGrpc (XceiverServerGrpc.java:start(163)) - XceiverServerGrpc 38df5515-2a57-4b02-8cf5-3b32e9453973 is started using port 43982
2019-08-29 08:53:00,201 | INFO  | SCMAudit | user=jenkins1000 | ip=192.168.157.249 | op=GET_VERSION null | ret=SUCCESS |  
2019-08-29 08:53:00,217 [Datanode State Machine Thread - 0] INFO  ozoneimpl.OzoneContainer (OzoneContainer.java:start(201)) - Attempting to start container services.
2019-08-29 08:53:00,217 [Datanode State Machine Thread - 0] INFO  ozoneimpl.OzoneContainer (OzoneContainer.java:startContainerScrub(175)) - Background container scrubber has been disabled by hdds.containerscrub.enabled
2019-08-29 08:53:00,217 [Datanode State Machine Thread - 0] INFO  ratis.XceiverServerRatis (XceiverServerRatis.java:start(393)) - Starting XceiverServerRatis 5e15a3b6-5f03-4f8b-97cb-1147b69105c5 at port 0
2019-08-29 08:53:00,225 [Datanode State Machine Thread - 0] INFO  impl.RaftServerProxy (RaftServerProxy.java:lambda$start$3(299)) - 5e15a3b6-5f03-4f8b-97cb-1147b69105c5: start RPC server
2019-08-29 08:53:00,226 [Datanode State Machine Thread - 0] INFO  server.GrpcService (GrpcService.java:startImpl(149)) - 5e15a3b6-5f03-4f8b-97cb-1147b69105c5: GrpcService started, listening on 0.0.0.0/0.0.0.0:42149
2019-08-29 08:53:00,226 [Datanode State Machine Thread - 0] INFO  ratis.XceiverServerRatis (XceiverServerRatis.java:start(403)) - XceiverServerRatis 5e15a3b6-5f03-4f8b-97cb-1147b69105c5 is started using port 42149
2019-08-29 08:53:00,228 [Datanode State Machine Thread - 0] INFO  server.XceiverServerGrpc (XceiverServerGrpc.java:start(163)) - XceiverServerGrpc 5e15a3b6-5f03-4f8b-97cb-1147b69105c5 is started using port 43204
2019-08-29 08:53:00,272 | INFO  | SCMAudit | user=jenkins1000 | ip=192.168.157.249 | op=GET_VERSION null | ret=SUCCESS |  
2019-08-29 08:53:00,287 [Datanode State Machine Thread - 0] INFO  ozoneimpl.OzoneContainer (OzoneContainer.java:start(201)) - Attempting to start container services.
2019-08-29 08:53:00,287 [Datanode State Machine Thread - 0] INFO  ozoneimpl.OzoneContainer (OzoneContainer.java:startContainerScrub(175)) - Background container scrubber has been disabled by hdds.containerscrub.enabled
2019-08-29 08:53:00,287 [Datanode State Machine Thread - 0] INFO  ratis.XceiverServerRatis (XceiverServerRatis.java:start(393)) - Starting XceiverServerRatis 3a747f42-8091-4aa7-8d68-ad64487492d2 at port 0
2019-08-29 08:53:00,295 [Datanode State Machine Thread - 0] INFO  impl.RaftServerProxy (RaftServerProxy.java:lambda$start$3(299)) - 3a747f42-8091-4aa7-8d68-ad64487492d2: start RPC server
2019-08-29 08:53:00,297 [Datanode State Machine Thread - 0] INFO  server.GrpcService (GrpcService.java:startImpl(149)) - 3a747f42-8091-4aa7-8d68-ad64487492d2: GrpcService started, listening on 0.0.0.0/0.0.0.0:40140
2019-08-29 08:53:00,298 [Datanode State Machine Thread - 0] INFO  ratis.XceiverServerRatis (XceiverServerRatis.java:start(403)) - XceiverServerRatis 3a747f42-8091-4aa7-8d68-ad64487492d2 is started using port 40140
2019-08-29 08:53:00,300 [Datanode State Machine Thread - 0] INFO  server.XceiverServerGrpc (XceiverServerGrpc.java:start(163)) - XceiverServerGrpc 3a747f42-8091-4aa7-8d68-ad64487492d2 is started using port 38335
2019-08-29 08:53:00,336 | INFO  | SCMAudit | user=jenkins1000 | ip=192.168.157.249 | op=GET_VERSION null | ret=SUCCESS |  
2019-08-29 08:53:00,350 [Datanode State Machine Thread - 0] INFO  ozoneimpl.OzoneContainer (OzoneContainer.java:start(201)) - Attempting to start container services.
2019-08-29 08:53:00,350 [Datanode State Machine Thread - 0] INFO  ozoneimpl.OzoneContainer (OzoneContainer.java:startContainerScrub(175)) - Background container scrubber has been disabled by hdds.containerscrub.enabled
2019-08-29 08:53:00,350 [Datanode State Machine Thread - 0] INFO  ratis.XceiverServerRatis (XceiverServerRatis.java:start(393)) - Starting XceiverServerRatis 697242c0-2364-468f-8836-aed0940a59a8 at port 0
2019-08-29 08:53:00,359 [Datanode State Machine Thread - 0] INFO  impl.RaftServerProxy (RaftServerProxy.java:lambda$start$3(299)) - 697242c0-2364-468f-8836-aed0940a59a8: start RPC server
2019-08-29 08:53:00,360 [Datanode State Machine Thread - 0] INFO  server.GrpcService (GrpcService.java:startImpl(149)) - 697242c0-2364-468f-8836-aed0940a59a8: GrpcService started, listening on 0.0.0.0/0.0.0.0:39605
2019-08-29 08:53:00,360 [Datanode State Machine Thread - 0] INFO  ratis.XceiverServerRatis (XceiverServerRatis.java:start(403)) - XceiverServerRatis 697242c0-2364-468f-8836-aed0940a59a8 is started using port 39605
2019-08-29 08:53:00,363 [Datanode State Machine Thread - 0] INFO  server.XceiverServerGrpc (XceiverServerGrpc.java:start(163)) - XceiverServerGrpc 697242c0-2364-468f-8836-aed0940a59a8 is started using port 34908
2019-08-29 08:53:00,402 | INFO  | SCMAudit | user=jenkins1000 | ip=192.168.157.249 | op=GET_VERSION null | ret=SUCCESS |  
2019-08-29 08:53:00,416 [Datanode State Machine Thread - 0] INFO  ozoneimpl.OzoneContainer (OzoneContainer.java:start(201)) - Attempting to start container services.
2019-08-29 08:53:00,416 [Datanode State Machine Thread - 0] INFO  ozoneimpl.OzoneContainer (OzoneContainer.java:startContainerScrub(175)) - Background container scrubber has been disabled by hdds.containerscrub.enabled
2019-08-29 08:53:00,416 [Datanode State Machine Thread - 0] INFO  ratis.XceiverServerRatis (XceiverServerRatis.java:start(393)) - Starting XceiverServerRatis 26e75c58-7386-4b39-a251-9102d746757d at port 0
2019-08-29 08:53:00,425 [Datanode State Machine Thread - 0] INFO  impl.RaftServerProxy (RaftServerProxy.java:lambda$start$3(299)) - 26e75c58-7386-4b39-a251-9102d746757d: start RPC server
2019-08-29 08:53:00,426 [Datanode State Machine Thread - 0] INFO  server.GrpcService (GrpcService.java:startImpl(149)) - 26e75c58-7386-4b39-a251-9102d746757d: GrpcService started, listening on 0.0.0.0/0.0.0.0:44391
2019-08-29 08:53:00,426 [Datanode State Machine Thread - 0] INFO  ratis.XceiverServerRatis (XceiverServerRatis.java:start(403)) - XceiverServerRatis 26e75c58-7386-4b39-a251-9102d746757d is started using port 44391
2019-08-29 08:53:00,428 [Datanode State Machine Thread - 0] INFO  server.XceiverServerGrpc (XceiverServerGrpc.java:start(163)) - XceiverServerGrpc 26e75c58-7386-4b39-a251-9102d746757d is started using port 41971
2019-08-29 08:53:00,464 | INFO  | SCMAudit | user=jenkins1000 | ip=192.168.157.249 | op=GET_VERSION null | ret=SUCCESS |  
2019-08-29 08:53:00,478 [Datanode State Machine Thread - 0] INFO  ozoneimpl.OzoneContainer (OzoneContainer.java:start(201)) - Attempting to start container services.
2019-08-29 08:53:00,478 [Datanode State Machine Thread - 0] INFO  ozoneimpl.OzoneContainer (OzoneContainer.java:startContainerScrub(175)) - Background container scrubber has been disabled by hdds.containerscrub.enabled
2019-08-29 08:53:00,478 [Datanode State Machine Thread - 0] INFO  ratis.XceiverServerRatis (XceiverServerRatis.java:start(393)) - Starting XceiverServerRatis c7748331-1610-4804-96a6-95eda4ac21f0 at port 0
2019-08-29 08:53:00,486 [Datanode State Machine Thread - 0] INFO  impl.RaftServerProxy (RaftServerProxy.java:lambda$start$3(299)) - c7748331-1610-4804-96a6-95eda4ac21f0: start RPC server
2019-08-29 08:53:00,487 [Datanode State Machine Thread - 0] INFO  server.GrpcService (GrpcService.java:startImpl(149)) - c7748331-1610-4804-96a6-95eda4ac21f0: GrpcService started, listening on 0.0.0.0/0.0.0.0:39080
2019-08-29 08:53:00,487 [Datanode State Machine Thread - 0] INFO  ratis.XceiverServerRatis (XceiverServerRatis.java:start(403)) - XceiverServerRatis c7748331-1610-4804-96a6-95eda4ac21f0 is started using port 39080
2019-08-29 08:53:00,500 [Datanode State Machine Thread - 0] INFO  server.XceiverServerGrpc (XceiverServerGrpc.java:start(163)) - XceiverServerGrpc c7748331-1610-4804-96a6-95eda4ac21f0 is started using port 42474
2019-08-29 08:53:00,522 [main] INFO  ozone.MiniOzoneClusterImpl (MiniOzoneClusterImpl.java:lambda$waitForClusterToBeReady$0(142)) - Waiting for cluster to be ready. Got 0 of 7 DN Heartbeats.
2019-08-29 08:53:00,523 | INFO  | SCMAudit | user=jenkins1000 | ip=192.168.157.249 | op=GET_VERSION null | ret=SUCCESS |  
2019-08-29 08:53:00,537 [Datanode State Machine Thread - 0] INFO  ozoneimpl.OzoneContainer (OzoneContainer.java:start(201)) - Attempting to start container services.
2019-08-29 08:53:00,537 [Datanode State Machine Thread - 0] INFO  ozoneimpl.OzoneContainer (OzoneContainer.java:startContainerScrub(175)) - Background container scrubber has been disabled by hdds.containerscrub.enabled
2019-08-29 08:53:00,537 [Datanode State Machine Thread - 0] INFO  ratis.XceiverServerRatis (XceiverServerRatis.java:start(393)) - Starting XceiverServerRatis b5d8716d-4279-4d69-8479-a9de1a92ccc3 at port 0
2019-08-29 08:53:00,545 [Datanode State Machine Thread - 0] INFO  impl.RaftServerProxy (RaftServerProxy.java:lambda$start$3(299)) - b5d8716d-4279-4d69-8479-a9de1a92ccc3: start RPC server
2019-08-29 08:53:00,546 [Datanode State Machine Thread - 0] INFO  server.GrpcService (GrpcService.java:startImpl(149)) - b5d8716d-4279-4d69-8479-a9de1a92ccc3: GrpcService started, listening on 0.0.0.0/0.0.0.0:46433
2019-08-29 08:53:00,546 [Datanode State Machine Thread - 0] INFO  ratis.XceiverServerRatis (XceiverServerRatis.java:start(403)) - XceiverServerRatis b5d8716d-4279-4d69-8479-a9de1a92ccc3 is started using port 46433
2019-08-29 08:53:00,546 [Datanode State Machine Thread - 0] INFO  server.XceiverServerGrpc (XceiverServerGrpc.java:start(163)) - XceiverServerGrpc b5d8716d-4279-4d69-8479-a9de1a92ccc3 is started using port 43284
2019-08-29 08:53:01,523 [main] INFO  ozone.MiniOzoneClusterImpl (MiniOzoneClusterImpl.java:lambda$waitForClusterToBeReady$0(142)) - Waiting for cluster to be ready. Got 0 of 7 DN Heartbeats.
2019-08-29 08:53:02,137 [IPC Server handler 3 on 44152] INFO  net.NetworkTopology (NetworkTopologyImpl.java:add(110)) - Added a new node: /default-rack/38df5515-2a57-4b02-8cf5-3b32e9453973
2019-08-29 08:53:02,140 [IPC Server handler 3 on 44152] INFO  node.SCMNodeManager (SCMNodeManager.java:register(273)) - Registered Data node : 38df5515-2a57-4b02-8cf5-3b32e9453973{ip: 192.168.157.249, host: pr-hdds-1949-rn9cj-2680188436, networkLocation: /default-rack, certSerialId: null}
2019-08-29 08:53:02,141 | INFO  | SCMAudit | user=jenkins1000 | ip=192.168.157.249 | op=REGISTER {datanodeDetails=38df5515-2a57-4b02-8cf5-3b32e9453973{ip: 192.168.157.249, host: pr-hdds-1949-rn9cj-2680188436, networkLocation: /default-rack, certSerialId: null}} | ret=SUCCESS |  
2019-08-29 08:53:02,141 [EventQueue-NodeRegistrationContainerReportForDataNodeSafeModeRule] INFO  safemode.SCMSafeModeManager (DataNodeSafeModeRule.java:process(71)) - SCM in safe mode. 1 DataNodes registered, 1 required.
2019-08-29 08:53:02,143 [EventQueue-NodeRegistrationContainerReportForDataNodeSafeModeRule] INFO  safemode.SCMSafeModeManager (SCMSafeModeManager.java:validateSafeModeExitRules(177)) - ScmSafeModeManager, all rules are successfully validated
2019-08-29 08:53:02,143 [EventQueue-NodeRegistrationContainerReportForDataNodeSafeModeRule] INFO  safemode.SCMSafeModeManager (SCMSafeModeManager.java:exitSafeMode(193)) - SCM exiting safe mode.
2019-08-29 08:53:02,153 [grpc-default-executor-8] INFO  impl.RaftServerProxy (RaftServerProxy.java:addNew(89)) - 38df5515-2a57-4b02-8cf5-3b32e9453973: addNew group-D88D5FBE9406:[38df5515-2a57-4b02-8cf5-3b32e9453973:192.168.157.249:44997] returns group-D88D5FBE9406:java.util.concurrent.CompletableFuture@13315344[Not completed]
2019-08-29 08:53:02,155 [pool-207-thread-1] INFO  impl.RaftServerImpl (RaftServerImpl.java:<init>(93)) - 38df5515-2a57-4b02-8cf5-3b32e9453973: new RaftServerImpl for group-D88D5FBE9406:[38df5515-2a57-4b02-8cf5-3b32e9453973:192.168.157.249:44997] with ContainerStateMachine:uninitialized
2019-08-29 08:53:02,155 [pool-207-thread-1] INFO  server.RaftServerConfigKeys (ConfUtils.java:logGet(43)) - raft.server.rpc.timeout.min = 5s (custom)
2019-08-29 08:53:02,155 [pool-207-thread-1] INFO  server.RaftServerConfigKeys (ConfUtils.java:logGet(43)) - raft.server.rpc.timeout.max = 5200ms (custom)
2019-08-29 08:53:02,155 [pool-207-thread-1] INFO  server.RaftServerConfigKeys (ConfUtils.java:logGet(43)) - raft.server.rpcslowness.timeout = 120s (custom)
2019-08-29 08:53:02,155 [pool-207-thread-1] INFO  server.RaftServerConfigKeys (ConfUtils.java:logGet(43)) - raft.server.sleep.deviation.threshold = 300 (default)
2019-08-29 08:53:02,156 [pool-207-thread-1] INFO  server.RaftServerConfigKeys (ConfUtils.java:logGet(43)) - raft.server.log.appender.install.snapshot.enabled = false (custom)
2019-08-29 08:53:02,156 [pool-207-thread-1] INFO  impl.RaftServerImpl (ServerState.java:<init>(105)) - 38df5515-2a57-4b02-8cf5-3b32e9453973:group-D88D5FBE9406 ConfigurationManager, init=-1: [38df5515-2a57-4b02-8cf5-3b32e9453973:192.168.157.249:44997], old=null, confs=<EMPTY_MAP>
2019-08-29 08:53:02,156 [pool-207-thread-1] INFO  server.RaftServerConfigKeys (ConfUtils.java:logGet(43)) - raft.server.storage.dir = [/workdir/hadoop-ozone/integration-test/target/test-dir/MiniOzoneClusterImpl-c09e3b94-e4ea-4fc7-980c-a61ce0b64d2e/datanode-0/data/ratis] (custom)
2019-08-29 08:53:02,157 [pool-207-thread-1] INFO  storage.RaftStorageDirectory (RaftStorageDirectory.java:analyzeStorage(246)) - The storage directory /workdir/hadoop-ozone/integration-test/target/test-dir/MiniOzoneClusterImpl-c09e3b94-e4ea-4fc7-980c-a61ce0b64d2e/datanode-0/data/ratis/6dc30b65-59e2-4627-8745-d88d5fbe9406 does not exist. Creating ...
2019-08-29 08:53:02,171 [pool-207-thread-1] INFO  storage.RaftStorageDirectory (RaftStorageDirectory.java:tryLock(328)) - Lock on /workdir/hadoop-ozone/integration-test/target/test-dir/MiniOzoneClusterImpl-c09e3b94-e4ea-4fc7-980c-a61ce0b64d2e/datanode-0/data/ratis/6dc30b65-59e2-4627-8745-d88d5fbe9406/in_use.lock acquired by nodename 1433@pr-hdds-1949-rn9cj-2680188436
2019-08-29 08:53:02,184 [pool-207-thread-1] INFO  storage.RaftStorage (RaftStorage.java:format(72)) - Storage directory /workdir/hadoop-ozone/integration-test/target/test-dir/MiniOzoneClusterImpl-c09e3b94-e4ea-4fc7-980c-a61ce0b64d2e/datanode-0/data/ratis/6dc30b65-59e2-4627-8745-d88d5fbe9406 has been successfully formatted.
2019-08-29 08:53:02,185 [pool-207-thread-1] INFO  ratis.ContainerStateMachine (ContainerStateMachine.java:loadSnapshot(227)) - group-D88D5FBE9406: The snapshot info is null. Setting the last applied indexto:(t:0, i:~)
2019-08-29 08:53:02,185 [pool-207-thread-1] INFO  server.RaftServerConfigKeys (ConfUtils.java:logGet(43)) - raft.server.leader.election.timeout = 120s (custom)
2019-08-29 08:53:02,185 [pool-207-thread-1] INFO  server.RaftServerConfigKeys (ConfUtils.java:logGet(43)) - raft.server.log.use.memory = false (default)
2019-08-29 08:53:02,186 [pool-207-thread-1] INFO  server.RaftServerConfigKeys (ConfUtils.java:logGet(43)) - raft.server.log.purge.gap = 1000000 (custom)
2019-08-29 08:53:02,186 [pool-207-thread-1] INFO  server.RaftServerConfigKeys (ConfUtils.java:logGet(43)) - raft.server.log.appender.buffer.byte-limit = 33554432 (custom)
2019-08-29 08:53:02,186 [pool-207-thread-1] INFO  server.RaftServerConfigKeys (ConfUtils.java:logGet(43)) - raft.server.log.segment.size.max = 1048576 (custom)
2019-08-29 08:53:02,186 [pool-207-thread-1] INFO  server.RaftServerConfigKeys (ConfUtils.java:logGet(43)) - raft.server.log.segment.cache.num.max = 2 (custom)
2019-08-29 08:53:02,186 [pool-207-thread-1] INFO  segmented.SegmentedRaftLogWorker (SegmentedRaftLogWorker.java:<init>(172)) - new 38df5515-2a57-4b02-8cf5-3b32e9453973-SegmentedRaftLogWorker:Storage Directory /workdir/hadoop-ozone/integration-test/target/test-dir/MiniOzoneClusterImpl-c09e3b94-e4ea-4fc7-980c-a61ce0b64d2e/datanode-0/data/ratis/6dc30b65-59e2-4627-8745-d88d5fbe9406 for RaftStorage:Storage Directory /workdir/hadoop-ozone/integration-test/target/test-dir/MiniOzoneClusterImpl-c09e3b94-e4ea-4fc7-980c-a61ce0b64d2e/datanode-0/data/ratis/6dc30b65-59e2-4627-8745-d88d5fbe9406
2019-08-29 08:53:02,187 [pool-207-thread-1] INFO  server.RaftServerConfigKeys (ConfUtils.java:logGet(43)) - raft.server.log.queue.byte-limit = 2147483647 (custom)
2019-08-29 08:53:02,187 [pool-207-thread-1] INFO  server.RaftServerConfigKeys (ConfUtils.java:logGet(43)) - raft.server.log.queue.element-limit = 1024 (custom)
2019-08-29 08:53:02,187 [pool-207-thread-1] INFO  server.RaftServerConfigKeys (ConfUtils.java:logGet(43)) - raft.server.log.segment.size.max = 1048576 (custom)
2019-08-29 08:53:02,187 [pool-207-thread-1] INFO  server.RaftServerConfigKeys (ConfUtils.java:logGet(43)) - raft.server.log.preallocated.size = 16384 (custom)
2019-08-29 08:53:02,188 [pool-207-thread-1] INFO  server.RaftServerConfigKeys (ConfUtils.java:logGet(43)) - raft.server.log.write.buffer.size = 33554432 (custom)
2019-08-29 08:53:02,188 [pool-207-thread-1] INFO  server.RaftServerConfigKeys (ConfUtils.java:logGet(43)) - raft.server.log.force.sync.num = 128 (default)
2019-08-29 08:53:02,188 [pool-207-thread-1] INFO  server.RaftServerConfigKeys (ConfUtils.java:logGet(43)) - raft.server.log.statemachine.data.sync = true (default)
2019-08-29 08:53:02,188 [pool-207-thread-1] INFO  server.RaftServerConfigKeys (ConfUtils.java:logGet(43)) - raft.server.log.statemachine.data.sync.timeout = 10s (default)
2019-08-29 08:53:02,188 [pool-207-thread-1] INFO  server.RaftServerConfigKeys (ConfUtils.java:logGet(43)) - raft.server.log.statemachine.data.sync.timeout.retry = -1 (default)
2019-08-29 08:53:02,189 [pool-207-thread-1] INFO  server.RaftServerConfigKeys (ConfUtils.java:logGet(43)) - raft.server.log.statemachine.data.caching.enabled = true (custom)
2019-08-29 08:53:02,189 [pool-207-thread-1] INFO  segmented.SegmentedRaftLogWorker (SegmentedRaftLogWorker.java:lambda$new$0(132)) - 38df5515-2a57-4b02-8cf5-3b32e9453973-SegmentedRaftLogWorker:Storage Directory /workdir/hadoop-ozone/integration-test/target/test-dir/MiniOzoneClusterImpl-c09e3b94-e4ea-4fc7-980c-a61ce0b64d2e/datanode-0/data/ratis/6dc30b65-59e2-4627-8745-d88d5fbe9406: flushIndex: setUnconditionally 0 -> -1
2019-08-29 08:53:02,190 [pool-207-thread-1] INFO  server.RaftServerConfigKeys (ConfUtils.java:logGet(43)) - raft.server.snapshot.auto.trigger.enabled = true (custom)
2019-08-29 08:53:02,190 [pool-207-thread-1] INFO  server.RaftServerConfigKeys (ConfUtils.java:logGet(43)) - raft.server.snapshot.auto.trigger.threshold = 10000 (custom)
2019-08-29 08:53:02,190 [pool-207-thread-1] INFO  server.RaftServerConfigKeys (ConfUtils.java:logGet(43)) - raft.server.retrycache.expirytime = 600000ms (custom)
2019-08-29 08:53:02,190 [pool-207-thread-1] INFO  impl.RaftServerImpl (RaftServerImpl.java:start(180)) - 38df5515-2a57-4b02-8cf5-3b32e9453973: start group-D88D5FBE9406
2019-08-29 08:53:02,190 [pool-207-thread-1] INFO  impl.RaftServerImpl (RaftServerImpl.java:setRole(171)) - 38df5515-2a57-4b02-8cf5-3b32e9453973:group-D88D5FBE9406 changes role from null to FOLLOWER at term 0 for startAsFollower
2019-08-29 08:53:02,191 [pool-207-thread-1] INFO  impl.RoleInfo (RoleInfo.java:updateAndGet(143)) - 38df5515-2a57-4b02-8cf5-3b32e9453973: start FollowerState
2019-08-29 08:53:02,191 [pool-207-thread-1] INFO  util.JmxRegister (JmxRegister.java:tryRegister(44)) - Successfully registered JMX Bean with object name Ratis:service=RaftServer,group=group-D88D5FBE9406,id=38df5515-2a57-4b02-8cf5-3b32e9453973
2019-08-29 08:53:02,203 [IPC Server handler 1 on 44152] INFO  net.NetworkTopology (NetworkTopologyImpl.java:add(110)) - Added a new node: /default-rack/5e15a3b6-5f03-4f8b-97cb-1147b69105c5
2019-08-29 08:53:02,203 [IPC Server handler 1 on 44152] INFO  node.SCMNodeManager (SCMNodeManager.java:register(273)) - Registered Data node : 5e15a3b6-5f03-4f8b-97cb-1147b69105c5{ip: 192.168.157.249, host: pr-hdds-1949-rn9cj-2680188436, networkLocation: /default-rack, certSerialId: null}
2019-08-29 08:53:02,203 | INFO  | SCMAudit | user=jenkins1000 | ip=192.168.157.249 | op=REGISTER {datanodeDetails=5e15a3b6-5f03-4f8b-97cb-1147b69105c5{ip: 192.168.157.249, host: pr-hdds-1949-rn9cj-2680188436, networkLocation: /default-rack, certSerialId: null}} | ret=SUCCESS |  
2019-08-29 08:53:02,220 [RatisPipelineUtilsThread] INFO  pipeline.PipelineStateManager (PipelineStateManager.java:addPipeline(56)) - Created pipeline Pipeline[ Id: 6dc30b65-59e2-4627-8745-d88d5fbe9406, Nodes: 38df5515-2a57-4b02-8cf5-3b32e9453973{ip: 192.168.157.249, host: pr-hdds-1949-rn9cj-2680188436, networkLocation: /default-rack, certSerialId: null}, Type:RATIS, Factor:ONE, State:OPEN]
2019-08-29 08:53:02,245 [grpc-default-executor-8] INFO  impl.RaftServerProxy (RaftServerProxy.java:addNew(89)) - 5e15a3b6-5f03-4f8b-97cb-1147b69105c5: addNew group-9934901D8492:[5e15a3b6-5f03-4f8b-97cb-1147b69105c5:192.168.157.249:42149] returns group-9934901D8492:java.util.concurrent.CompletableFuture@7d9c8788[Not completed]
2019-08-29 08:53:02,247 [pool-217-thread-1] INFO  impl.RaftServerImpl (RaftServerImpl.java:<init>(93)) - 5e15a3b6-5f03-4f8b-97cb-1147b69105c5: new RaftServerImpl for group-9934901D8492:[5e15a3b6-5f03-4f8b-97cb-1147b69105c5:192.168.157.249:42149] with ContainerStateMachine:uninitialized
2019-08-29 08:53:02,247 [pool-217-thread-1] INFO  server.RaftServerConfigKeys (ConfUtils.java:logGet(43)) - raft.server.rpc.timeout.min = 5s (custom)
2019-08-29 08:53:02,247 [pool-217-thread-1] INFO  server.RaftServerConfigKeys (ConfUtils.java:logGet(43)) - raft.server.rpc.timeout.max = 5200ms (custom)
2019-08-29 08:53:02,247 [pool-217-thread-1] INFO  server.RaftServerConfigKeys (ConfUtils.java:logGet(43)) - raft.server.rpcslowness.timeout = 120s (custom)
2019-08-29 08:53:02,248 [pool-217-thread-1] INFO  server.RaftServerConfigKeys (ConfUtils.java:logGet(43)) - raft.server.sleep.deviation.threshold = 300 (default)
2019-08-29 08:53:02,248 [pool-217-thread-1] INFO  server.RaftServerConfigKeys (ConfUtils.java:logGet(43)) - raft.server.log.appender.install.snapshot.enabled = false (custom)
2019-08-29 08:53:02,248 [pool-217-thread-1] INFO  impl.RaftServerImpl (ServerState.java:<init>(105)) - 5e15a3b6-5f03-4f8b-97cb-1147b69105c5:group-9934901D8492 ConfigurationManager, init=-1: [5e15a3b6-5f03-4f8b-97cb-1147b69105c5:192.168.157.249:42149], old=null, confs=<EMPTY_MAP>
2019-08-29 08:53:02,248 [pool-217-thread-1] INFO  server.RaftServerConfigKeys (ConfUtils.java:logGet(43)) - raft.server.storage.dir = [/workdir/hadoop-ozone/integration-test/target/test-dir/MiniOzoneClusterImpl-c09e3b94-e4ea-4fc7-980c-a61ce0b64d2e/datanode-1/data/ratis] (custom)
2019-08-29 08:53:02,248 [pool-217-thread-1] INFO  storage.RaftStorageDirectory (RaftStorageDirectory.java:analyzeStorage(246)) - The storage directory /workdir/hadoop-ozone/integration-test/target/test-dir/MiniOzoneClusterImpl-c09e3b94-e4ea-4fc7-980c-a61ce0b64d2e/datanode-1/data/ratis/f6bd7622-1389-4e85-a958-9934901d8492 does not exist. Creating ...
2019-08-29 08:53:02,262 [pool-217-thread-1] INFO  storage.RaftStorageDirectory (RaftStorageDirectory.java:tryLock(328)) - Lock on /workdir/hadoop-ozone/integration-test/target/test-dir/MiniOzoneClusterImpl-c09e3b94-e4ea-4fc7-980c-a61ce0b64d2e/datanode-1/data/ratis/f6bd7622-1389-4e85-a958-9934901d8492/in_use.lock acquired by nodename 1433@pr-hdds-1949-rn9cj-2680188436
2019-08-29 08:53:02,273 [IPC Server handler 4 on 44152] INFO  net.NetworkTopology (NetworkTopologyImpl.java:add(110)) - Added a new node: /default-rack/3a747f42-8091-4aa7-8d68-ad64487492d2
2019-08-29 08:53:02,273 [IPC Server handler 4 on 44152] INFO  node.SCMNodeManager (SCMNodeManager.java:register(273)) - Registered Data node : 3a747f42-8091-4aa7-8d68-ad64487492d2{ip: 192.168.157.249, host: pr-hdds-1949-rn9cj-2680188436, networkLocation: /default-rack, certSerialId: null}
2019-08-29 08:53:02,273 | INFO  | SCMAudit | user=jenkins1000 | ip=192.168.157.249 | op=REGISTER {datanodeDetails=3a747f42-8091-4aa7-8d68-ad64487492d2{ip: 192.168.157.249, host: pr-hdds-1949-rn9cj-2680188436, networkLocation: /default-rack, certSerialId: null}} | ret=SUCCESS |  
2019-08-29 08:53:02,280 [pool-217-thread-1] INFO  storage.RaftStorage (RaftStorage.java:format(72)) - Storage directory /workdir/hadoop-ozone/integration-test/target/test-dir/MiniOzoneClusterImpl-c09e3b94-e4ea-4fc7-980c-a61ce0b64d2e/datanode-1/data/ratis/f6bd7622-1389-4e85-a958-9934901d8492 has been successfully formatted.
2019-08-29 08:53:02,280 [pool-217-thread-1] INFO  ratis.ContainerStateMachine (ContainerStateMachine.java:loadSnapshot(227)) - group-9934901D8492: The snapshot info is null. Setting the last applied indexto:(t:0, i:~)
2019-08-29 08:53:02,280 [pool-217-thread-1] INFO  server.RaftServerConfigKeys (ConfUtils.java:logGet(43)) - raft.server.leader.election.timeout = 120s (custom)
2019-08-29 08:53:02,280 [pool-217-thread-1] INFO  server.RaftServerConfigKeys (ConfUtils.java:logGet(43)) - raft.server.log.use.memory = false (default)
2019-08-29 08:53:02,280 [pool-217-thread-1] INFO  server.RaftServerConfigKeys (ConfUtils.java:logGet(43)) - raft.server.log.purge.gap = 1000000 (custom)
2019-08-29 08:53:02,281 [pool-217-thread-1] INFO  server.RaftServerConfigKeys (ConfUtils.java:logGet(43)) - raft.server.log.appender.buffer.byte-limit = 33554432 (custom)
2019-08-29 08:53:02,281 [pool-217-thread-1] INFO  server.RaftServerConfigKeys (ConfUtils.java:logGet(43)) - raft.server.log.segment.size.max = 1048576 (custom)
2019-08-29 08:53:02,281 [pool-217-thread-1] INFO  server.RaftServerConfigKeys (ConfUtils.java:logGet(43)) - raft.server.log.segment.cache.num.max = 2 (custom)
2019-08-29 08:53:02,281 [pool-217-thread-1] INFO  segmented.SegmentedRaftLogWorker (SegmentedRaftLogWorker.java:<init>(172)) - new 5e15a3b6-5f03-4f8b-97cb-1147b69105c5-SegmentedRaftLogWorker:Storage Directory /workdir/hadoop-ozone/integration-test/target/test-dir/MiniOzoneClusterImpl-c09e3b94-e4ea-4fc7-980c-a61ce0b64d2e/datanode-1/data/ratis/f6bd7622-1389-4e85-a958-9934901d8492 for RaftStorage:Storage Directory /workdir/hadoop-ozone/integration-test/target/test-dir/MiniOzoneClusterImpl-c09e3b94-e4ea-4fc7-980c-a61ce0b64d2e/datanode-1/data/ratis/f6bd7622-1389-4e85-a958-9934901d8492
2019-08-29 08:53:02,281 [pool-217-thread-1] INFO  server.RaftServerConfigKeys (ConfUtils.java:logGet(43)) - raft.server.log.queue.byte-limit = 2147483647 (custom)
2019-08-29 08:53:02,281 [pool-217-thread-1] INFO  server.RaftServerConfigKeys (ConfUtils.java:logGet(43)) - raft.server.log.queue.element-limit = 1024 (custom)
2019-08-29 08:53:02,282 [pool-217-thread-1] INFO  server.RaftServerConfigKeys (ConfUtils.java:logGet(43)) - raft.server.log.segment.size.max = 1048576 (custom)
2019-08-29 08:53:02,282 [pool-217-thread-1] INFO  server.RaftServerConfigKeys (ConfUtils.java:logGet(43)) - raft.server.log.preallocated.size = 16384 (custom)
2019-08-29 08:53:02,282 [pool-217-thread-1] INFO  server.RaftServerConfigKeys (ConfUtils.java:logGet(43)) - raft.server.log.write.buffer.size = 33554432 (custom)
2019-08-29 08:53:02,282 [pool-217-thread-1] INFO  server.RaftServerConfigKeys (ConfUtils.java:logGet(43)) - raft.server.log.force.sync.num = 128 (default)
2019-08-29 08:53:02,282 [pool-217-thread-1] INFO  server.RaftServerConfigKeys (ConfUtils.java:logGet(43)) - raft.server.log.statemachine.data.sync = true (default)
2019-08-29 08:53:02,282 [pool-217-thread-1] INFO  server.RaftServerConfigKeys (ConfUtils.java:logGet(43)) - raft.server.log.statemachine.data.sync.timeout = 10s (default)
2019-08-29 08:53:02,282 [pool-217-thread-1] INFO  server.RaftServerConfigKeys (ConfUtils.java:logGet(43)) - raft.server.log.statemachine.data.sync.timeout.retry = -1 (default)
2019-08-29 08:53:02,282 [pool-217-thread-1] INFO  server.RaftServerConfigKeys (ConfUtils.java:logGet(43)) - raft.server.log.statemachine.data.caching.enabled = true (custom)
2019-08-29 08:53:02,283 [pool-217-thread-1] INFO  segmented.SegmentedRaftLogWorker (SegmentedRaftLogWorker.java:lambda$new$0(132)) - 5e15a3b6-5f03-4f8b-97cb-1147b69105c5-SegmentedRaftLogWorker:Storage Directory /workdir/hadoop-ozone/integration-test/target/test-dir/MiniOzoneClusterImpl-c09e3b94-e4ea-4fc7-980c-a61ce0b64d2e/datanode-1/data/ratis/f6bd7622-1389-4e85-a958-9934901d8492: flushIndex: setUnconditionally 0 -> -1
2019-08-29 08:53:02,283 [pool-217-thread-1] INFO  server.RaftServerConfigKeys (ConfUtils.java:logGet(43)) - raft.server.snapshot.auto.trigger.enabled = true (custom)
2019-08-29 08:53:02,283 [pool-217-thread-1] INFO  server.RaftServerConfigKeys (ConfUtils.java:logGet(43)) - raft.server.snapshot.auto.trigger.threshold = 10000 (custom)
2019-08-29 08:53:02,283 [pool-217-thread-1] INFO  server.RaftServerConfigKeys (ConfUtils.java:logGet(43)) - raft.server.retrycache.expirytime = 600000ms (custom)
2019-08-29 08:53:02,283 [pool-217-thread-1] INFO  impl.RaftServerImpl (RaftServerImpl.java:start(180)) - 5e15a3b6-5f03-4f8b-97cb-1147b69105c5: start group-9934901D8492
2019-08-29 08:53:02,284 [pool-217-thread-1] INFO  impl.RaftServerImpl (RaftServerImpl.java:setRole(171)) - 5e15a3b6-5f03-4f8b-97cb-1147b69105c5:group-9934901D8492 changes role from null to FOLLOWER at term 0 for startAsFollower
2019-08-29 08:53:02,284 [pool-217-thread-1] INFO  impl.RoleInfo (RoleInfo.java:updateAndGet(143)) - 5e15a3b6-5f03-4f8b-97cb-1147b69105c5: start FollowerState
2019-08-29 08:53:02,284 [pool-217-thread-1] INFO  util.JmxRegister (JmxRegister.java:tryRegister(44)) - Successfully registered JMX Bean with object name Ratis:service=RaftServer,group=group-9934901D8492,id=5e15a3b6-5f03-4f8b-97cb-1147b69105c5
2019-08-29 08:53:02,290 [RatisPipelineUtilsThread] INFO  pipeline.PipelineStateManager (PipelineStateManager.java:addPipeline(56)) - Created pipeline Pipeline[ Id: f6bd7622-1389-4e85-a958-9934901d8492, Nodes: 5e15a3b6-5f03-4f8b-97cb-1147b69105c5{ip: 192.168.157.249, host: pr-hdds-1949-rn9cj-2680188436, networkLocation: /default-rack, certSerialId: null}, Type:RATIS, Factor:ONE, State:OPEN]
2019-08-29 08:53:02,297 [grpc-default-executor-8] INFO  impl.RaftServerProxy (RaftServerProxy.java:addNew(89)) - 3a747f42-8091-4aa7-8d68-ad64487492d2: addNew group-9BE0671384DE:[3a747f42-8091-4aa7-8d68-ad64487492d2:192.168.157.249:40140] returns group-9BE0671384DE:java.util.concurrent.CompletableFuture@18900dc7[Not completed]
2019-08-29 08:53:02,299 [pool-227-thread-1] INFO  impl.RaftServerImpl (RaftServerImpl.java:<init>(93)) - 3a747f42-8091-4aa7-8d68-ad64487492d2: new RaftServerImpl for group-9BE0671384DE:[3a747f42-8091-4aa7-8d68-ad64487492d2:192.168.157.249:40140] with ContainerStateMachine:uninitialized
2019-08-29 08:53:02,299 [pool-227-thread-1] INFO  server.RaftServerConfigKeys (ConfUtils.java:logGet(43)) - raft.server.rpc.timeout.min = 5s (custom)
2019-08-29 08:53:02,299 [pool-227-thread-1] INFO  server.RaftServerConfigKeys (ConfUtils.java:logGet(43)) - raft.server.rpc.timeout.max = 5200ms (custom)
2019-08-29 08:53:02,299 [pool-227-thread-1] INFO  server.RaftServerConfigKeys (ConfUtils.java:logGet(43)) - raft.server.rpcslowness.timeout = 120s (custom)
2019-08-29 08:53:02,299 [pool-227-thread-1] INFO  server.RaftServerConfigKeys (ConfUtils.java:logGet(43)) - raft.server.sleep.deviation.threshold = 300 (default)
2019-08-29 08:53:02,299 [pool-227-thread-1] INFO  server.RaftServerConfigKeys (ConfUtils.java:logGet(43)) - raft.server.log.appender.install.snapshot.enabled = false (custom)
2019-08-29 08:53:02,299 [pool-227-thread-1] INFO  impl.RaftServerImpl (ServerState.java:<init>(105)) - 3a747f42-8091-4aa7-8d68-ad64487492d2:group-9BE0671384DE ConfigurationManager, init=-1: [3a747f42-8091-4aa7-8d68-ad64487492d2:192.168.157.249:40140], old=null, confs=<EMPTY_MAP>
2019-08-29 08:53:02,299 [pool-227-thread-1] INFO  server.RaftServerConfigKeys (ConfUtils.java:logGet(43)) - raft.server.storage.dir = [/workdir/hadoop-ozone/integration-test/target/test-dir/MiniOzoneClusterImpl-c09e3b94-e4ea-4fc7-980c-a61ce0b64d2e/datanode-2/data/ratis] (custom)
2019-08-29 08:53:02,300 [pool-227-thread-1] INFO  storage.RaftStorageDirectory (RaftStorageDirectory.java:analyzeStorage(246)) - The storage directory /workdir/hadoop-ozone/integration-test/target/test-dir/MiniOzoneClusterImpl-c09e3b94-e4ea-4fc7-980c-a61ce0b64d2e/datanode-2/data/ratis/483d0e99-20a6-4b54-8d1e-9be0671384de does not exist. Creating ...
2019-08-29 08:53:02,312 [pool-227-thread-1] INFO  storage.RaftStorageDirectory (RaftStorageDirectory.java:tryLock(328)) - Lock on /workdir/hadoop-ozone/integration-test/target/test-dir/MiniOzoneClusterImpl-c09e3b94-e4ea-4fc7-980c-a61ce0b64d2e/datanode-2/data/ratis/483d0e99-20a6-4b54-8d1e-9be0671384de/in_use.lock acquired by nodename 1433@pr-hdds-1949-rn9cj-2680188436
2019-08-29 08:53:02,326 [pool-227-thread-1] INFO  storage.RaftStorage (RaftStorage.java:format(72)) - Storage directory /workdir/hadoop-ozone/integration-test/target/test-dir/MiniOzoneClusterImpl-c09e3b94-e4ea-4fc7-980c-a61ce0b64d2e/datanode-2/data/ratis/483d0e99-20a6-4b54-8d1e-9be0671384de has been successfully formatted.
2019-08-29 08:53:02,326 [pool-227-thread-1] INFO  ratis.ContainerStateMachine (ContainerStateMachine.java:loadSnapshot(227)) - group-9BE0671384DE: The snapshot info is null. Setting the last applied indexto:(t:0, i:~)
2019-08-29 08:53:02,326 [pool-227-thread-1] INFO  server.RaftServerConfigKeys (ConfUtils.java:logGet(43)) - raft.server.leader.election.timeout = 120s (custom)
2019-08-29 08:53:02,326 [pool-227-thread-1] INFO  server.RaftServerConfigKeys (ConfUtils.java:logGet(43)) - raft.server.log.use.memory = false (default)
2019-08-29 08:53:02,326 [pool-227-thread-1] INFO  server.RaftServerConfigKeys (ConfUtils.java:logGet(43)) - raft.server.log.purge.gap = 1000000 (custom)
2019-08-29 08:53:02,326 [pool-227-thread-1] INFO  server.RaftServerConfigKeys (ConfUtils.java:logGet(43)) - raft.server.log.appender.buffer.byte-limit = 33554432 (custom)
2019-08-29 08:53:02,326 [pool-227-thread-1] INFO  server.RaftServerConfigKeys (ConfUtils.java:logGet(43)) - raft.server.log.segment.size.max = 1048576 (custom)
2019-08-29 08:53:02,327 [pool-227-thread-1] INFO  server.RaftServerConfigKeys (ConfUtils.java:logGet(43)) - raft.server.log.segment.cache.num.max = 2 (custom)
2019-08-29 08:53:02,327 [pool-227-thread-1] INFO  segmented.SegmentedRaftLogWorker (SegmentedRaftLogWorker.java:<init>(172)) - new 3a747f42-8091-4aa7-8d68-ad64487492d2-SegmentedRaftLogWorker:Storage Directory /workdir/hadoop-ozone/integration-test/target/test-dir/MiniOzoneClusterImpl-c09e3b94-e4ea-4fc7-980c-a61ce0b64d2e/datanode-2/data/ratis/483d0e99-20a6-4b54-8d1e-9be0671384de for RaftStorage:Storage Directory /workdir/hadoop-ozone/integration-test/target/test-dir/MiniOzoneClusterImpl-c09e3b94-e4ea-4fc7-980c-a61ce0b64d2e/datanode-2/data/ratis/483d0e99-20a6-4b54-8d1e-9be0671384de
2019-08-29 08:53:02,327 [pool-227-thread-1] INFO  server.RaftServerConfigKeys (ConfUtils.java:logGet(43)) - raft.server.log.queue.byte-limit = 2147483647 (custom)
2019-08-29 08:53:02,327 [pool-227-thread-1] INFO  server.RaftServerConfigKeys (ConfUtils.java:logGet(43)) - raft.server.log.queue.element-limit = 1024 (custom)
2019-08-29 08:53:02,327 [pool-227-thread-1] INFO  server.RaftServerConfigKeys (ConfUtils.java:logGet(43)) - raft.server.log.segment.size.max = 1048576 (custom)
2019-08-29 08:53:02,327 [pool-227-thread-1] INFO  server.RaftServerConfigKeys (ConfUtils.java:logGet(43)) - raft.server.log.preallocated.size = 16384 (custom)
2019-08-29 08:53:02,327 [pool-227-thread-1] INFO  server.RaftServerConfigKeys (ConfUtils.java:logGet(43)) - raft.server.log.write.buffer.size = 33554432 (custom)
2019-08-29 08:53:02,328 [pool-227-thread-1] INFO  server.RaftServerConfigKeys (ConfUtils.java:logGet(43)) - raft.server.log.force.sync.num = 128 (default)
2019-08-29 08:53:02,328 [pool-227-thread-1] INFO  server.RaftServerConfigKeys (ConfUtils.java:logGet(43)) - raft.server.log.statemachine.data.sync = true (default)
2019-08-29 08:53:02,328 [pool-227-thread-1] INFO  server.RaftServerConfigKeys (ConfUtils.java:logGet(43)) - raft.server.log.statemachine.data.sync.timeout = 10s (default)
2019-08-29 08:53:02,328 [pool-227-thread-1] INFO  server.RaftServerConfigKeys (ConfUtils.java:logGet(43)) - raft.server.log.statemachine.data.sync.timeout.retry = -1 (default)
2019-08-29 08:53:02,328 [pool-227-thread-1] INFO  server.RaftServerConfigKeys (ConfUtils.java:logGet(43)) - raft.server.log.statemachine.data.caching.enabled = true (custom)
2019-08-29 08:53:02,328 [pool-227-thread-1] INFO  segmented.SegmentedRaftLogWorker (SegmentedRaftLogWorker.java:lambda$new$0(132)) - 3a747f42-8091-4aa7-8d68-ad64487492d2-SegmentedRaftLogWorker:Storage Directory /workdir/hadoop-ozone/integration-test/target/test-dir/MiniOzoneClusterImpl-c09e3b94-e4ea-4fc7-980c-a61ce0b64d2e/datanode-2/data/ratis/483d0e99-20a6-4b54-8d1e-9be0671384de: flushIndex: setUnconditionally 0 -> -1
2019-08-29 08:53:02,329 [pool-227-thread-1] INFO  server.RaftServerConfigKeys (ConfUtils.java:logGet(43)) - raft.server.snapshot.auto.trigger.enabled = true (custom)
2019-08-29 08:53:02,329 [pool-227-thread-1] INFO  server.RaftServerConfigKeys (ConfUtils.java:logGet(43)) - raft.server.snapshot.auto.trigger.threshold = 10000 (custom)
2019-08-29 08:53:02,329 [pool-227-thread-1] INFO  server.RaftServerConfigKeys (ConfUtils.java:logGet(43)) - raft.server.retrycache.expirytime = 600000ms (custom)
2019-08-29 08:53:02,329 [pool-227-thread-1] INFO  impl.RaftServerImpl (RaftServerImpl.java:start(180)) - 3a747f42-8091-4aa7-8d68-ad64487492d2: start group-9BE0671384DE
2019-08-29 08:53:02,329 [pool-227-thread-1] INFO  impl.RaftServerImpl (RaftServerImpl.java:setRole(171)) - 3a747f42-8091-4aa7-8d68-ad64487492d2:group-9BE0671384DE changes role from null to FOLLOWER at term 0 for startAsFollower
2019-08-29 08:53:02,329 [pool-227-thread-1] INFO  impl.RoleInfo (RoleInfo.java:updateAndGet(143)) - 3a747f42-8091-4aa7-8d68-ad64487492d2: start FollowerState
2019-08-29 08:53:02,330 [pool-227-thread-1] INFO  util.JmxRegister (JmxRegister.java:tryRegister(44)) - Successfully registered JMX Bean with object name Ratis:service=RaftServer,group=group-9BE0671384DE,id=3a747f42-8091-4aa7-8d68-ad64487492d2
2019-08-29 08:53:02,336 [RatisPipelineUtilsThread] INFO  pipeline.PipelineStateManager (PipelineStateManager.java:addPipeline(56)) - Created pipeline Pipeline[ Id: 483d0e99-20a6-4b54-8d1e-9be0671384de, Nodes: 3a747f42-8091-4aa7-8d68-ad64487492d2{ip: 192.168.157.249, host: pr-hdds-1949-rn9cj-2680188436, networkLocation: /default-rack, certSerialId: null}, Type:RATIS, Factor:ONE, State:OPEN]
2019-08-29 08:53:02,336 [IPC Server handler 0 on 44152] INFO  net.NetworkTopology (NetworkTopologyImpl.java:add(110)) - Added a new node: /default-rack/697242c0-2364-468f-8836-aed0940a59a8
2019-08-29 08:53:02,336 [IPC Server handler 0 on 44152] INFO  node.SCMNodeManager (SCMNodeManager.java:register(273)) - Registered Data node : 697242c0-2364-468f-8836-aed0940a59a8{ip: 192.168.157.249, host: pr-hdds-1949-rn9cj-2680188436, networkLocation: /default-rack, certSerialId: null}
2019-08-29 08:53:02,337 | INFO  | SCMAudit | user=jenkins1000 | ip=192.168.157.249 | op=REGISTER {datanodeDetails=697242c0-2364-468f-8836-aed0940a59a8{ip: 192.168.157.249, host: pr-hdds-1949-rn9cj-2680188436, networkLocation: /default-rack, certSerialId: null}} | ret=SUCCESS |  
2019-08-29 08:53:02,344 [grpc-default-executor-8] INFO  impl.RaftServerProxy (RaftServerProxy.java:addNew(89)) - 697242c0-2364-468f-8836-aed0940a59a8: addNew group-9CE8827E97ED:[697242c0-2364-468f-8836-aed0940a59a8:192.168.157.249:39605] returns group-9CE8827E97ED:java.util.concurrent.CompletableFuture@1c4e7ba6[Not completed]
2019-08-29 08:53:02,345 [pool-237-thread-1] INFO  impl.RaftServerImpl (RaftServerImpl.java:<init>(93)) - 697242c0-2364-468f-8836-aed0940a59a8: new RaftServerImpl for group-9CE8827E97ED:[697242c0-2364-468f-8836-aed0940a59a8:192.168.157.249:39605] with ContainerStateMachine:uninitialized
2019-08-29 08:53:02,345 [pool-237-thread-1] INFO  server.RaftServerConfigKeys (ConfUtils.java:logGet(43)) - raft.server.rpc.timeout.min = 5s (custom)
2019-08-29 08:53:02,345 [pool-237-thread-1] INFO  server.RaftServerConfigKeys (ConfUtils.java:logGet(43)) - raft.server.rpc.timeout.max = 5200ms (custom)
2019-08-29 08:53:02,345 [pool-237-thread-1] INFO  server.RaftServerConfigKeys (ConfUtils.java:logGet(43)) - raft.server.rpcslowness.timeout = 120s (custom)
2019-08-29 08:53:02,345 [pool-237-thread-1] INFO  server.RaftServerConfigKeys (ConfUtils.java:logGet(43)) - raft.server.sleep.deviation.threshold = 300 (default)
2019-08-29 08:53:02,345 [pool-237-thread-1] INFO  server.RaftServerConfigKeys (ConfUtils.java:logGet(43)) - raft.server.log.appender.install.snapshot.enabled = false (custom)
2019-08-29 08:53:02,345 [pool-237-thread-1] INFO  impl.RaftServerImpl (ServerState.java:<init>(105)) - 697242c0-2364-468f-8836-aed0940a59a8:group-9CE8827E97ED ConfigurationManager, init=-1: [697242c0-2364-468f-8836-aed0940a59a8:192.168.157.249:39605], old=null, confs=<EMPTY_MAP>
2019-08-29 08:53:02,346 [pool-237-thread-1] INFO  server.RaftServerConfigKeys (ConfUtils.java:logGet(43)) - raft.server.storage.dir = [/workdir/hadoop-ozone/integration-test/target/test-dir/MiniOzoneClusterImpl-c09e3b94-e4ea-4fc7-980c-a61ce0b64d2e/datanode-3/data/ratis] (custom)
2019-08-29 08:53:02,346 [pool-237-thread-1] INFO  storage.RaftStorageDirectory (RaftStorageDirectory.java:analyzeStorage(246)) - The storage directory /workdir/hadoop-ozone/integration-test/target/test-dir/MiniOzoneClusterImpl-c09e3b94-e4ea-4fc7-980c-a61ce0b64d2e/datanode-3/data/ratis/b78a8831-d1c2-4921-966f-9ce8827e97ed does not exist. Creating ...
2019-08-29 08:53:02,359 [pool-237-thread-1] INFO  storage.RaftStorageDirectory (RaftStorageDirectory.java:tryLock(328)) - Lock on /workdir/hadoop-ozone/integration-test/target/test-dir/MiniOzoneClusterImpl-c09e3b94-e4ea-4fc7-980c-a61ce0b64d2e/datanode-3/data/ratis/b78a8831-d1c2-4921-966f-9ce8827e97ed/in_use.lock acquired by nodename 1433@pr-hdds-1949-rn9cj-2680188436
2019-08-29 08:53:02,372 [pool-237-thread-1] INFO  storage.RaftStorage (RaftStorage.java:format(72)) - Storage directory /workdir/hadoop-ozone/integration-test/target/test-dir/MiniOzoneClusterImpl-c09e3b94-e4ea-4fc7-980c-a61ce0b64d2e/datanode-3/data/ratis/b78a8831-d1c2-4921-966f-9ce8827e97ed has been successfully formatted.
2019-08-29 08:53:02,372 [pool-237-thread-1] INFO  ratis.ContainerStateMachine (ContainerStateMachine.java:loadSnapshot(227)) - group-9CE8827E97ED: The snapshot info is null. Setting the last applied indexto:(t:0, i:~)
2019-08-29 08:53:02,372 [pool-237-thread-1] INFO  server.RaftServerConfigKeys (ConfUtils.java:logGet(43)) - raft.server.leader.election.timeout = 120s (custom)
2019-08-29 08:53:02,372 [pool-237-thread-1] INFO  server.RaftServerConfigKeys (ConfUtils.java:logGet(43)) - raft.server.log.use.memory = false (default)
2019-08-29 08:53:02,373 [pool-237-thread-1] INFO  server.RaftServerConfigKeys (ConfUtils.java:logGet(43)) - raft.server.log.purge.gap = 1000000 (custom)
2019-08-29 08:53:02,373 [pool-237-thread-1] INFO  server.RaftServerConfigKeys (ConfUtils.java:logGet(43)) - raft.server.log.appender.buffer.byte-limit = 33554432 (custom)
2019-08-29 08:53:02,373 [pool-237-thread-1] INFO  server.RaftServerConfigKeys (ConfUtils.java:logGet(43)) - raft.server.log.segment.size.max = 1048576 (custom)
2019-08-29 08:53:02,373 [pool-237-thread-1] INFO  server.RaftServerConfigKeys (ConfUtils.java:logGet(43)) - raft.server.log.segment.cache.num.max = 2 (custom)
2019-08-29 08:53:02,373 [pool-237-thread-1] INFO  segmented.SegmentedRaftLogWorker (SegmentedRaftLogWorker.java:<init>(172)) - new 697242c0-2364-468f-8836-aed0940a59a8-SegmentedRaftLogWorker:Storage Directory /workdir/hadoop-ozone/integration-test/target/test-dir/MiniOzoneClusterImpl-c09e3b94-e4ea-4fc7-980c-a61ce0b64d2e/datanode-3/data/ratis/b78a8831-d1c2-4921-966f-9ce8827e97ed for RaftStorage:Storage Directory /workdir/hadoop-ozone/integration-test/target/test-dir/MiniOzoneClusterImpl-c09e3b94-e4ea-4fc7-980c-a61ce0b64d2e/datanode-3/data/ratis/b78a8831-d1c2-4921-966f-9ce8827e97ed
2019-08-29 08:53:02,373 [pool-237-thread-1] INFO  server.RaftServerConfigKeys (ConfUtils.java:logGet(43)) - raft.server.log.queue.byte-limit = 2147483647 (custom)
2019-08-29 08:53:02,374 [pool-237-thread-1] INFO  server.RaftServerConfigKeys (ConfUtils.java:logGet(43)) - raft.server.log.queue.element-limit = 1024 (custom)
2019-08-29 08:53:02,374 [pool-237-thread-1] INFO  server.RaftServerConfigKeys (ConfUtils.java:logGet(43)) - raft.server.log.segment.size.max = 1048576 (custom)
2019-08-29 08:53:02,374 [pool-237-thread-1] INFO  server.RaftServerConfigKeys (ConfUtils.java:logGet(43)) - raft.server.log.preallocated.size = 16384 (custom)
2019-08-29 08:53:02,374 [pool-237-thread-1] INFO  server.RaftServerConfigKeys (ConfUtils.java:logGet(43)) - raft.server.log.write.buffer.size = 33554432 (custom)
2019-08-29 08:53:02,374 [pool-237-thread-1] INFO  server.RaftServerConfigKeys (ConfUtils.java:logGet(43)) - raft.server.log.force.sync.num = 128 (default)
2019-08-29 08:53:02,374 [pool-237-thread-1] INFO  server.RaftServerConfigKeys (ConfUtils.java:logGet(43)) - raft.server.log.statemachine.data.sync = true (default)
2019-08-29 08:53:02,375 [pool-237-thread-1] INFO  server.RaftServerConfigKeys (ConfUtils.java:logGet(43)) - raft.server.log.statemachine.data.sync.timeout = 10s (default)
2019-08-29 08:53:02,375 [pool-237-thread-1] INFO  server.RaftServerConfigKeys (ConfUtils.java:logGet(43)) - raft.server.log.statemachine.data.sync.timeout.retry = -1 (default)
2019-08-29 08:53:02,375 [pool-237-thread-1] INFO  server.RaftServerConfigKeys (ConfUtils.java:logGet(43)) - raft.server.log.statemachine.data.caching.enabled = true (custom)
2019-08-29 08:53:02,375 [pool-237-thread-1] INFO  segmented.SegmentedRaftLogWorker (SegmentedRaftLogWorker.java:lambda$new$0(132)) - 697242c0-2364-468f-8836-aed0940a59a8-SegmentedRaftLogWorker:Storage Directory /workdir/hadoop-ozone/integration-test/target/test-dir/MiniOzoneClusterImpl-c09e3b94-e4ea-4fc7-980c-a61ce0b64d2e/datanode-3/data/ratis/b78a8831-d1c2-4921-966f-9ce8827e97ed: flushIndex: setUnconditionally 0 -> -1
2019-08-29 08:53:02,376 [pool-237-thread-1] INFO  server.RaftServerConfigKeys (ConfUtils.java:logGet(43)) - raft.server.snapshot.auto.trigger.enabled = true (custom)
2019-08-29 08:53:02,376 [pool-237-thread-1] INFO  server.RaftServerConfigKeys (ConfUtils.java:logGet(43)) - raft.server.snapshot.auto.trigger.threshold = 10000 (custom)
2019-08-29 08:53:02,376 [pool-237-thread-1] INFO  server.RaftServerConfigKeys (ConfUtils.java:logGet(43)) - raft.server.retrycache.expirytime = 600000ms (custom)
2019-08-29 08:53:02,376 [pool-237-thread-1] INFO  impl.RaftServerImpl (RaftServerImpl.java:start(180)) - 697242c0-2364-468f-8836-aed0940a59a8: start group-9CE8827E97ED
2019-08-29 08:53:02,377 [pool-237-thread-1] INFO  impl.RaftServerImpl (RaftServerImpl.java:setRole(171)) - 697242c0-2364-468f-8836-aed0940a59a8:group-9CE8827E97ED changes role from null to FOLLOWER at term 0 for startAsFollower
2019-08-29 08:53:02,377 [pool-237-thread-1] INFO  impl.RoleInfo (RoleInfo.java:updateAndGet(143)) - 697242c0-2364-468f-8836-aed0940a59a8: start FollowerState
2019-08-29 08:53:02,377 [pool-237-thread-1] INFO  util.JmxRegister (JmxRegister.java:tryRegister(44)) - Successfully registered JMX Bean with object name Ratis:service=RaftServer,group=group-9CE8827E97ED,id=697242c0-2364-468f-8836-aed0940a59a8
2019-08-29 08:53:02,384 [RatisPipelineUtilsThread] INFO  pipeline.PipelineStateManager (PipelineStateManager.java:addPipeline(56)) - Created pipeline Pipeline[ Id: b78a8831-d1c2-4921-966f-9ce8827e97ed, Nodes: 697242c0-2364-468f-8836-aed0940a59a8{ip: 192.168.157.249, host: pr-hdds-1949-rn9cj-2680188436, networkLocation: /default-rack, certSerialId: null}, Type:RATIS, Factor:ONE, State:OPEN]
2019-08-29 08:53:02,407 [IPC Server handler 6 on 44152] INFO  net.NetworkTopology (NetworkTopologyImpl.java:add(110)) - Added a new node: /default-rack/26e75c58-7386-4b39-a251-9102d746757d
2019-08-29 08:53:02,407 [IPC Server handler 6 on 44152] INFO  node.SCMNodeManager (SCMNodeManager.java:register(273)) - Registered Data node : 26e75c58-7386-4b39-a251-9102d746757d{ip: 192.168.157.249, host: pr-hdds-1949-rn9cj-2680188436, networkLocation: /default-rack, certSerialId: null}
2019-08-29 08:53:02,407 | INFO  | SCMAudit | user=jenkins1000 | ip=192.168.157.249 | op=REGISTER {datanodeDetails=26e75c58-7386-4b39-a251-9102d746757d{ip: 192.168.157.249, host: pr-hdds-1949-rn9cj-2680188436, networkLocation: /default-rack, certSerialId: null}} | ret=SUCCESS |  
2019-08-29 08:53:02,409 [grpc-default-executor-8] INFO  impl.RaftServerProxy (RaftServerProxy.java:addNew(89)) - 3a747f42-8091-4aa7-8d68-ad64487492d2: addNew group-C09FB5D8F8A0:[3a747f42-8091-4aa7-8d68-ad64487492d2:192.168.157.249:40140, 697242c0-2364-468f-8836-aed0940a59a8:192.168.157.249:39605, 5e15a3b6-5f03-4f8b-97cb-1147b69105c5:192.168.157.249:42149] returns group-C09FB5D8F8A0:java.util.concurrent.CompletableFuture@4ecdd469[Not completed]
2019-08-29 08:53:02,409 [grpc-default-executor-11] INFO  impl.RaftServerProxy (RaftServerProxy.java:addNew(89)) - 697242c0-2364-468f-8836-aed0940a59a8: addNew group-C09FB5D8F8A0:[3a747f42-8091-4aa7-8d68-ad64487492d2:192.168.157.249:40140, 697242c0-2364-468f-8836-aed0940a59a8:192.168.157.249:39605, 5e15a3b6-5f03-4f8b-97cb-1147b69105c5:192.168.157.249:42149] returns group-C09FB5D8F8A0:java.util.concurrent.CompletableFuture@11c32395[Not completed]
2019-08-29 08:53:02,410 [grpc-default-executor-8] INFO  impl.RaftServerProxy (RaftServerProxy.java:addNew(89)) - 5e15a3b6-5f03-4f8b-97cb-1147b69105c5: addNew group-C09FB5D8F8A0:[3a747f42-8091-4aa7-8d68-ad64487492d2:192.168.157.249:40140, 697242c0-2364-468f-8836-aed0940a59a8:192.168.157.249:39605, 5e15a3b6-5f03-4f8b-97cb-1147b69105c5:192.168.157.249:42149] returns group-C09FB5D8F8A0:java.util.concurrent.CompletableFuture@5c5d70d9[Not completed]
2019-08-29 08:53:02,412 [pool-227-thread-1] INFO  impl.RaftServerImpl (RaftServerImpl.java:<init>(93)) - 3a747f42-8091-4aa7-8d68-ad64487492d2: new RaftServerImpl for group-C09FB5D8F8A0:[3a747f42-8091-4aa7-8d68-ad64487492d2:192.168.157.249:40140, 697242c0-2364-468f-8836-aed0940a59a8:192.168.157.249:39605, 5e15a3b6-5f03-4f8b-97cb-1147b69105c5:192.168.157.249:42149] with ContainerStateMachine:uninitialized
2019-08-29 08:53:02,412 [pool-227-thread-1] INFO  server.RaftServerConfigKeys (ConfUtils.java:logGet(43)) - raft.server.rpc.timeout.min = 5s (custom)
2019-08-29 08:53:02,412 [pool-227-thread-1] INFO  server.RaftServerConfigKeys (ConfUtils.java:logGet(43)) - raft.server.rpc.timeout.max = 5200ms (custom)
2019-08-29 08:53:02,412 [pool-227-thread-1] INFO  server.RaftServerConfigKeys (ConfUtils.java:logGet(43)) - raft.server.rpcslowness.timeout = 120s (custom)
2019-08-29 08:53:02,412 [pool-227-thread-1] INFO  server.RaftServerConfigKeys (ConfUtils.java:logGet(43)) - raft.server.sleep.deviation.threshold = 300 (default)
2019-08-29 08:53:02,413 [pool-227-thread-1] INFO  server.RaftServerConfigKeys (ConfUtils.java:logGet(43)) - raft.server.log.appender.install.snapshot.enabled = false (custom)
2019-08-29 08:53:02,413 [pool-217-thread-1] INFO  impl.RaftServerImpl (RaftServerImpl.java:<init>(93)) - 5e15a3b6-5f03-4f8b-97cb-1147b69105c5: new RaftServerImpl for group-C09FB5D8F8A0:[3a747f42-8091-4aa7-8d68-ad64487492d2:192.168.157.249:40140, 697242c0-2364-468f-8836-aed0940a59a8:192.168.157.249:39605, 5e15a3b6-5f03-4f8b-97cb-1147b69105c5:192.168.157.249:42149] with ContainerStateMachine:uninitialized
2019-08-29 08:53:02,413 [pool-227-thread-1] INFO  impl.RaftServerImpl (ServerState.java:<init>(105)) - 3a747f42-8091-4aa7-8d68-ad64487492d2:group-C09FB5D8F8A0 ConfigurationManager, init=-1: [3a747f42-8091-4aa7-8d68-ad64487492d2:192.168.157.249:40140, 697242c0-2364-468f-8836-aed0940a59a8:192.168.157.249:39605, 5e15a3b6-5f03-4f8b-97cb-1147b69105c5:192.168.157.249:42149], old=null, confs=<EMPTY_MAP>
2019-08-29 08:53:02,413 [pool-217-thread-1] INFO  server.RaftServerConfigKeys (ConfUtils.java:logGet(43)) - raft.server.rpc.timeout.min = 5s (custom)
2019-08-29 08:53:02,413 [pool-227-thread-1] INFO  server.RaftServerConfigKeys (ConfUtils.java:logGet(43)) - raft.server.storage.dir = [/workdir/hadoop-ozone/integration-test/target/test-dir/MiniOzoneClusterImpl-c09e3b94-e4ea-4fc7-980c-a61ce0b64d2e/datanode-2/data/ratis] (custom)
2019-08-29 08:53:02,413 [pool-217-thread-1] INFO  server.RaftServerConfigKeys (ConfUtils.java:logGet(43)) - raft.server.rpc.timeout.max = 5200ms (custom)
2019-08-29 08:53:02,413 [pool-237-thread-1] INFO  impl.RaftServerImpl (RaftServerImpl.java:<init>(93)) - 697242c0-2364-468f-8836-aed0940a59a8: new RaftServerImpl for group-C09FB5D8F8A0:[3a747f42-8091-4aa7-8d68-ad64487492d2:192.168.157.249:40140, 697242c0-2364-468f-8836-aed0940a59a8:192.168.157.249:39605, 5e15a3b6-5f03-4f8b-97cb-1147b69105c5:192.168.157.249:42149] with ContainerStateMachine:uninitialized
2019-08-29 08:53:02,414 [pool-217-thread-1] INFO  server.RaftServerConfigKeys (ConfUtils.java:logGet(43)) - raft.server.rpcslowness.timeout = 120s (custom)
2019-08-29 08:53:02,414 [pool-227-thread-1] INFO  storage.RaftStorageDirectory (RaftStorageDirectory.java:analyzeStorage(246)) - The storage directory /workdir/hadoop-ozone/integration-test/target/test-dir/MiniOzoneClusterImpl-c09e3b94-e4ea-4fc7-980c-a61ce0b64d2e/datanode-2/data/ratis/1ac0f76f-28ad-425d-8ecb-c09fb5d8f8a0 does not exist. Creating ...
2019-08-29 08:53:02,414 [pool-237-thread-1] INFO  server.RaftServerConfigKeys (ConfUtils.java:logGet(43)) - raft.server.rpc.timeout.min = 5s (custom)
2019-08-29 08:53:02,414 [pool-217-thread-1] INFO  server.RaftServerConfigKeys (ConfUtils.java:logGet(43)) - raft.server.sleep.deviation.threshold = 300 (default)
2019-08-29 08:53:02,414 [pool-237-thread-1] INFO  server.RaftServerConfigKeys (ConfUtils.java:logGet(43)) - raft.server.rpc.timeout.max = 5200ms (custom)
2019-08-29 08:53:02,414 [pool-217-thread-1] INFO  server.RaftServerConfigKeys (ConfUtils.java:logGet(43)) - raft.server.log.appender.install.snapshot.enabled = false (custom)
2019-08-29 08:53:02,414 [pool-237-thread-1] INFO  server.RaftServerConfigKeys (ConfUtils.java:logGet(43)) - raft.server.rpcslowness.timeout = 120s (custom)
2019-08-29 08:53:02,415 [pool-217-thread-1] INFO  impl.RaftServerImpl (ServerState.java:<init>(105)) - 5e15a3b6-5f03-4f8b-97cb-1147b69105c5:group-C09FB5D8F8A0 ConfigurationManager, init=-1: [3a747f42-8091-4aa7-8d68-ad64487492d2:192.168.157.249:40140, 697242c0-2364-468f-8836-aed0940a59a8:192.168.157.249:39605, 5e15a3b6-5f03-4f8b-97cb-1147b69105c5:192.168.157.249:42149], old=null, confs=<EMPTY_MAP>
2019-08-29 08:53:02,415 [pool-237-thread-1] INFO  server.RaftServerConfigKeys (ConfUtils.java:logGet(43)) - raft.server.sleep.deviation.threshold = 300 (default)
2019-08-29 08:53:02,415 [pool-217-thread-1] INFO  server.RaftServerConfigKeys (ConfUtils.java:logGet(43)) - raft.server.storage.dir = [/workdir/hadoop-ozone/integration-test/target/test-dir/MiniOzoneClusterImpl-c09e3b94-e4ea-4fc7-980c-a61ce0b64d2e/datanode-1/data/ratis] (custom)
2019-08-29 08:53:02,415 [pool-237-thread-1] INFO  server.RaftServerConfigKeys (ConfUtils.java:logGet(43)) - raft.server.log.appender.install.snapshot.enabled = false (custom)
2019-08-29 08:53:02,415 [pool-237-thread-1] INFO  impl.RaftServerImpl (ServerState.java:<init>(105)) - 697242c0-2364-468f-8836-aed0940a59a8:group-C09FB5D8F8A0 ConfigurationManager, init=-1: [3a747f42-8091-4aa7-8d68-ad64487492d2:192.168.157.249:40140, 697242c0-2364-468f-8836-aed0940a59a8:192.168.157.249:39605, 5e15a3b6-5f03-4f8b-97cb-1147b69105c5:192.168.157.249:42149], old=null, confs=<EMPTY_MAP>
2019-08-29 08:53:02,415 [pool-217-thread-1] INFO  storage.RaftStorageDirectory (RaftStorageDirectory.java:analyzeStorage(246)) - The storage directory /workdir/hadoop-ozone/integration-test/target/test-dir/MiniOzoneClusterImpl-c09e3b94-e4ea-4fc7-980c-a61ce0b64d2e/datanode-1/data/ratis/1ac0f76f-28ad-425d-8ecb-c09fb5d8f8a0 does not exist. Creating ...
2019-08-29 08:53:02,415 [pool-237-thread-1] INFO  server.RaftServerConfigKeys (ConfUtils.java:logGet(43)) - raft.server.storage.dir = [/workdir/hadoop-ozone/integration-test/target/test-dir/MiniOzoneClusterImpl-c09e3b94-e4ea-4fc7-980c-a61ce0b64d2e/datanode-3/data/ratis] (custom)
2019-08-29 08:53:02,416 [pool-237-thread-1] INFO  storage.RaftStorageDirectory (RaftStorageDirectory.java:analyzeStorage(246)) - The storage directory /workdir/hadoop-ozone/integration-test/target/test-dir/MiniOzoneClusterImpl-c09e3b94-e4ea-4fc7-980c-a61ce0b64d2e/datanode-3/data/ratis/1ac0f76f-28ad-425d-8ecb-c09fb5d8f8a0 does not exist. Creating ...
2019-08-29 08:53:02,428 [pool-227-thread-1] INFO  storage.RaftStorageDirectory (RaftStorageDirectory.java:tryLock(328)) - Lock on /workdir/hadoop-ozone/integration-test/target/test-dir/MiniOzoneClusterImpl-c09e3b94-e4ea-4fc7-980c-a61ce0b64d2e/datanode-2/data/ratis/1ac0f76f-28ad-425d-8ecb-c09fb5d8f8a0/in_use.lock acquired by nodename 1433@pr-hdds-1949-rn9cj-2680188436
2019-08-29 08:53:02,428 [pool-237-thread-1] INFO  storage.RaftStorageDirectory (RaftStorageDirectory.java:tryLock(328)) - Lock on /workdir/hadoop-ozone/integration-test/target/test-dir/MiniOzoneClusterImpl-c09e3b94-e4ea-4fc7-980c-a61ce0b64d2e/datanode-3/data/ratis/1ac0f76f-28ad-425d-8ecb-c09fb5d8f8a0/in_use.lock acquired by nodename 1433@pr-hdds-1949-rn9cj-2680188436
2019-08-29 08:53:02,428 [pool-217-thread-1] INFO  storage.RaftStorageDirectory (RaftStorageDirectory.java:tryLock(328)) - Lock on /workdir/hadoop-ozone/integration-test/target/test-dir/MiniOzoneClusterImpl-c09e3b94-e4ea-4fc7-980c-a61ce0b64d2e/datanode-1/data/ratis/1ac0f76f-28ad-425d-8ecb-c09fb5d8f8a0/in_use.lock acquired by nodename 1433@pr-hdds-1949-rn9cj-2680188436
2019-08-29 08:53:02,447 [pool-227-thread-1] INFO  storage.RaftStorage (RaftStorage.java:format(72)) - Storage directory /workdir/hadoop-ozone/integration-test/target/test-dir/MiniOzoneClusterImpl-c09e3b94-e4ea-4fc7-980c-a61ce0b64d2e/datanode-2/data/ratis/1ac0f76f-28ad-425d-8ecb-c09fb5d8f8a0 has been successfully formatted.
2019-08-29 08:53:02,447 [pool-237-thread-1] INFO  storage.RaftStorage (RaftStorage.java:format(72)) - Storage directory /workdir/hadoop-ozone/integration-test/target/test-dir/MiniOzoneClusterImpl-c09e3b94-e4ea-4fc7-980c-a61ce0b64d2e/datanode-3/data/ratis/1ac0f76f-28ad-425d-8ecb-c09fb5d8f8a0 has been successfully formatted.
2019-08-29 08:53:02,447 [pool-227-thread-1] INFO  ratis.ContainerStateMachine (ContainerStateMachine.java:loadSnapshot(227)) - group-C09FB5D8F8A0: The snapshot info is null. Setting the last applied indexto:(t:0, i:~)
2019-08-29 08:53:02,447 [pool-217-thread-1] INFO  storage.RaftStorage (RaftStorage.java:format(72)) - Storage directory /workdir/hadoop-ozone/integration-test/target/test-dir/MiniOzoneClusterImpl-c09e3b94-e4ea-4fc7-980c-a61ce0b64d2e/datanode-1/data/ratis/1ac0f76f-28ad-425d-8ecb-c09fb5d8f8a0 has been successfully formatted.
2019-08-29 08:53:02,447 [pool-227-thread-1] INFO  server.RaftServerConfigKeys (ConfUtils.java:logGet(43)) - raft.server.leader.election.timeout = 120s (custom)
2019-08-29 08:53:02,447 [pool-237-thread-1] INFO  ratis.ContainerStateMachine (ContainerStateMachine.java:loadSnapshot(227)) - group-C09FB5D8F8A0: The snapshot info is null. Setting the last applied indexto:(t:0, i:~)
2019-08-29 08:53:02,448 [pool-217-thread-1] INFO  ratis.ContainerStateMachine (ContainerStateMachine.java:loadSnapshot(227)) - group-C09FB5D8F8A0: The snapshot info is null. Setting the last applied indexto:(t:0, i:~)
2019-08-29 08:53:02,448 [pool-227-thread-1] INFO  server.RaftServerConfigKeys (ConfUtils.java:logGet(43)) - raft.server.log.use.memory = false (default)
2019-08-29 08:53:02,448 [pool-217-thread-1] INFO  server.RaftServerConfigKeys (ConfUtils.java:logGet(43)) - raft.server.leader.election.timeout = 120s (custom)
2019-08-29 08:53:02,448 [pool-237-thread-1] INFO  server.RaftServerConfigKeys (ConfUtils.java:logGet(43)) - raft.server.leader.election.timeout = 120s (custom)
2019-08-29 08:53:02,448 [pool-217-thread-1] INFO  server.RaftServerConfigKeys (ConfUtils.java:logGet(43)) - raft.server.log.use.memory = false (default)
2019-08-29 08:53:02,448 [pool-227-thread-1] INFO  server.RaftServerConfigKeys (ConfUtils.java:logGet(43)) - raft.server.log.purge.gap = 1000000 (custom)
2019-08-29 08:53:02,449 [pool-217-thread-1] INFO  server.RaftServerConfigKeys (ConfUtils.java:logGet(43)) - raft.server.log.purge.gap = 1000000 (custom)
2019-08-29 08:53:02,448 [pool-237-thread-1] INFO  server.RaftServerConfigKeys (ConfUtils.java:logGet(43)) - raft.server.log.use.memory = false (default)
2019-08-29 08:53:02,449 [pool-217-thread-1] INFO  server.RaftServerConfigKeys (ConfUtils.java:logGet(43)) - raft.server.log.appender.buffer.byte-limit = 33554432 (custom)
2019-08-29 08:53:02,449 [pool-227-thread-1] INFO  server.RaftServerConfigKeys (ConfUtils.java:logGet(43)) - raft.server.log.appender.buffer.byte-limit = 33554432 (custom)
2019-08-29 08:53:02,449 [pool-217-thread-1] INFO  server.RaftServerConfigKeys (ConfUtils.java:logGet(43)) - raft.server.log.segment.size.max = 1048576 (custom)
2019-08-29 08:53:02,449 [pool-237-thread-1] INFO  server.RaftServerConfigKeys (ConfUtils.java:logGet(43)) - raft.server.log.purge.gap = 1000000 (custom)
2019-08-29 08:53:02,450 [pool-217-thread-1] INFO  server.RaftServerConfigKeys (ConfUtils.java:logGet(43)) - raft.server.log.segment.cache.num.max = 2 (custom)
2019-08-29 08:53:02,450 [pool-227-thread-1] INFO  server.RaftServerConfigKeys (ConfUtils.java:logGet(43)) - raft.server.log.segment.size.max = 1048576 (custom)
2019-08-29 08:53:02,450 [pool-217-thread-1] INFO  segmented.SegmentedRaftLogWorker (SegmentedRaftLogWorker.java:<init>(172)) - new 5e15a3b6-5f03-4f8b-97cb-1147b69105c5-SegmentedRaftLogWorker:Storage Directory /workdir/hadoop-ozone/integration-test/target/test-dir/MiniOzoneClusterImpl-c09e3b94-e4ea-4fc7-980c-a61ce0b64d2e/datanode-1/data/ratis/1ac0f76f-28ad-425d-8ecb-c09fb5d8f8a0 for RaftStorage:Storage Directory /workdir/hadoop-ozone/integration-test/target/test-dir/MiniOzoneClusterImpl-c09e3b94-e4ea-4fc7-980c-a61ce0b64d2e/datanode-1/data/ratis/1ac0f76f-28ad-425d-8ecb-c09fb5d8f8a0
2019-08-29 08:53:02,450 [pool-237-thread-1] INFO  server.RaftServerConfigKeys (ConfUtils.java:logGet(43)) - raft.server.log.appender.buffer.byte-limit = 33554432 (custom)
2019-08-29 08:53:02,450 [pool-217-thread-1] INFO  server.RaftServerConfigKeys (ConfUtils.java:logGet(43)) - raft.server.log.queue.byte-limit = 2147483647 (custom)
2019-08-29 08:53:02,450 [pool-227-thread-1] INFO  server.RaftServerConfigKeys (ConfUtils.java:logGet(43)) - raft.server.log.segment.cache.num.max = 2 (custom)
2019-08-29 08:53:02,451 [pool-217-thread-1] INFO  server.RaftServerConfigKeys (ConfUtils.java:logGet(43)) - raft.server.log.queue.element-limit = 1024 (custom)
2019-08-29 08:53:02,451 [pool-237-thread-1] INFO  server.RaftServerConfigKeys (ConfUtils.java:logGet(43)) - raft.server.log.segment.size.max = 1048576 (custom)
2019-08-29 08:53:02,451 [pool-217-thread-1] INFO  server.RaftServerConfigKeys (ConfUtils.java:logGet(43)) - raft.server.log.segment.size.max = 1048576 (custom)
2019-08-29 08:53:02,451 [pool-227-thread-1] INFO  segmented.SegmentedRaftLogWorker (SegmentedRaftLogWorker.java:<init>(172)) - new 3a747f42-8091-4aa7-8d68-ad64487492d2-SegmentedRaftLogWorker:Storage Directory /workdir/hadoop-ozone/integration-test/target/test-dir/MiniOzoneClusterImpl-c09e3b94-e4ea-4fc7-980c-a61ce0b64d2e/datanode-2/data/ratis/1ac0f76f-28ad-425d-8ecb-c09fb5d8f8a0 for RaftStorage:Storage Directory /workdir/hadoop-ozone/integration-test/target/test-dir/MiniOzoneClusterImpl-c09e3b94-e4ea-4fc7-980c-a61ce0b64d2e/datanode-2/data/ratis/1ac0f76f-28ad-425d-8ecb-c09fb5d8f8a0
2019-08-29 08:53:02,451 [pool-217-thread-1] INFO  server.RaftServerConfigKeys (ConfUtils.java:logGet(43)) - raft.server.log.preallocated.size = 16384 (custom)
2019-08-29 08:53:02,451 [pool-237-thread-1] INFO  server.RaftServerConfigKeys (ConfUtils.java:logGet(43)) - raft.server.log.segment.cache.num.max = 2 (custom)
2019-08-29 08:53:02,452 [pool-217-thread-1] INFO  server.RaftServerConfigKeys (ConfUtils.java:logGet(43)) - raft.server.log.write.buffer.size = 33554432 (custom)
2019-08-29 08:53:02,451 [pool-227-thread-1] INFO  server.RaftServerConfigKeys (ConfUtils.java:logGet(43)) - raft.server.log.queue.byte-limit = 2147483647 (custom)
2019-08-29 08:53:02,452 [pool-217-thread-1] INFO  server.RaftServerConfigKeys (ConfUtils.java:logGet(43)) - raft.server.log.force.sync.num = 128 (default)
2019-08-29 08:53:02,452 [pool-237-thread-1] INFO  segmented.SegmentedRaftLogWorker (SegmentedRaftLogWorker.java:<init>(172)) - new 697242c0-2364-468f-8836-aed0940a59a8-SegmentedRaftLogWorker:Storage Directory /workdir/hadoop-ozone/integration-test/target/test-dir/MiniOzoneClusterImpl-c09e3b94-e4ea-4fc7-980c-a61ce0b64d2e/datanode-3/data/ratis/1ac0f76f-28ad-425d-8ecb-c09fb5d8f8a0 for RaftStorage:Storage Directory /workdir/hadoop-ozone/integration-test/target/test-dir/MiniOzoneClusterImpl-c09e3b94-e4ea-4fc7-980c-a61ce0b64d2e/datanode-3/data/ratis/1ac0f76f-28ad-425d-8ecb-c09fb5d8f8a0
2019-08-29 08:53:02,452 [pool-217-thread-1] INFO  server.RaftServerConfigKeys (ConfUtils.java:logGet(43)) - raft.server.log.statemachine.data.sync = true (default)
2019-08-29 08:53:02,452 [pool-227-thread-1] INFO  server.RaftServerConfigKeys (ConfUtils.java:logGet(43)) - raft.server.log.queue.element-limit = 1024 (custom)
2019-08-29 08:53:02,453 [pool-217-thread-1] INFO  server.RaftServerConfigKeys (ConfUtils.java:logGet(43)) - raft.server.log.statemachine.data.sync.timeout = 10s (default)
2019-08-29 08:53:02,452 [pool-237-thread-1] INFO  server.RaftServerConfigKeys (ConfUtils.java:logGet(43)) - raft.server.log.queue.byte-limit = 2147483647 (custom)
2019-08-29 08:53:02,453 [pool-217-thread-1] INFO  server.RaftServerConfigKeys (ConfUtils.java:logGet(43)) - raft.server.log.statemachine.data.sync.timeout.retry = -1 (default)
2019-08-29 08:53:02,453 [pool-227-thread-1] INFO  server.RaftServerConfigKeys (ConfUtils.java:logGet(43)) - raft.server.log.segment.size.max = 1048576 (custom)
2019-08-29 08:53:02,453 [pool-217-thread-1] INFO  server.RaftServerConfigKeys (ConfUtils.java:logGet(43)) - raft.server.log.statemachine.data.caching.enabled = true (custom)
2019-08-29 08:53:02,453 [pool-237-thread-1] INFO  server.RaftServerConfigKeys (ConfUtils.java:logGet(43)) - raft.server.log.queue.element-limit = 1024 (custom)
2019-08-29 08:53:02,453 [pool-227-thread-1] INFO  server.RaftServerConfigKeys (ConfUtils.java:logGet(43)) - raft.server.log.preallocated.size = 16384 (custom)
2019-08-29 08:53:02,454 [pool-217-thread-1] INFO  segmented.SegmentedRaftLogWorker (SegmentedRaftLogWorker.java:lambda$new$0(132)) - 5e15a3b6-5f03-4f8b-97cb-1147b69105c5-SegmentedRaftLogWorker:Storage Directory /workdir/hadoop-ozone/integration-test/target/test-dir/MiniOzoneClusterImpl-c09e3b94-e4ea-4fc7-980c-a61ce0b64d2e/datanode-1/data/ratis/1ac0f76f-28ad-425d-8ecb-c09fb5d8f8a0: flushIndex: setUnconditionally 0 -> -1
2019-08-29 08:53:02,454 [pool-237-thread-1] INFO  server.RaftServerConfigKeys (ConfUtils.java:logGet(43)) - raft.server.log.segment.size.max = 1048576 (custom)
2019-08-29 08:53:02,454 [pool-227-thread-1] INFO  server.RaftServerConfigKeys (ConfUtils.java:logGet(43)) - raft.server.log.write.buffer.size = 33554432 (custom)
2019-08-29 08:53:02,454 [pool-217-thread-1] INFO  server.RaftServerConfigKeys (ConfUtils.java:logGet(43)) - raft.server.snapshot.auto.trigger.enabled = true (custom)
2019-08-29 08:53:02,454 [pool-237-thread-1] INFO  server.RaftServerConfigKeys (ConfUtils.java:logGet(43)) - raft.server.log.preallocated.size = 16384 (custom)
2019-08-29 08:53:02,455 [pool-217-thread-1] INFO  server.RaftServerConfigKeys (ConfUtils.java:logGet(43)) - raft.server.snapshot.auto.trigger.threshold = 10000 (custom)
2019-08-29 08:53:02,454 [pool-227-thread-1] INFO  server.RaftServerConfigKeys (ConfUtils.java:logGet(43)) - raft.server.log.force.sync.num = 128 (default)
2019-08-29 08:53:02,455 [pool-217-thread-1] INFO  server.RaftServerConfigKeys (ConfUtils.java:logGet(43)) - raft.server.retrycache.expirytime = 600000ms (custom)
2019-08-29 08:53:02,455 [pool-237-thread-1] INFO  server.RaftServerConfigKeys (ConfUtils.java:logGet(43)) - raft.server.log.write.buffer.size = 33554432 (custom)
2019-08-29 08:53:02,455 [pool-217-thread-1] INFO  impl.RaftServerImpl (RaftServerImpl.java:start(180)) - 5e15a3b6-5f03-4f8b-97cb-1147b69105c5: start group-C09FB5D8F8A0
2019-08-29 08:53:02,455 [pool-227-thread-1] INFO  server.RaftServerConfigKeys (ConfUtils.java:logGet(43)) - raft.server.log.statemachine.data.sync = true (default)
2019-08-29 08:53:02,455 [pool-217-thread-1] INFO  impl.RaftServerImpl (RaftServerImpl.java:setRole(171)) - 5e15a3b6-5f03-4f8b-97cb-1147b69105c5:group-C09FB5D8F8A0 changes role from null to FOLLOWER at term 0 for startAsFollower
2019-08-29 08:53:02,455 [pool-237-thread-1] INFO  server.RaftServerConfigKeys (ConfUtils.java:logGet(43)) - raft.server.log.force.sync.num = 128 (default)
2019-08-29 08:53:02,456 [pool-217-thread-1] INFO  impl.RoleInfo (RoleInfo.java:updateAndGet(143)) - 5e15a3b6-5f03-4f8b-97cb-1147b69105c5: start FollowerState
2019-08-29 08:53:02,456 [pool-227-thread-1] INFO  server.RaftServerConfigKeys (ConfUtils.java:logGet(43)) - raft.server.log.statemachine.data.sync.timeout = 10s (default)
2019-08-29 08:53:02,456 [pool-237-thread-1] INFO  server.RaftServerConfigKeys (ConfUtils.java:logGet(43)) - raft.server.log.statemachine.data.sync = true (default)
2019-08-29 08:53:02,456 [pool-227-thread-1] INFO  server.RaftServerConfigKeys (ConfUtils.java:logGet(43)) - raft.server.log.statemachine.data.sync.timeout.retry = -1 (default)
2019-08-29 08:53:02,457 [pool-217-thread-1] INFO  util.JmxRegister (JmxRegister.java:tryRegister(44)) - Successfully registered JMX Bean with object name Ratis:service=RaftServer,group=group-C09FB5D8F8A0,id=5e15a3b6-5f03-4f8b-97cb-1147b69105c5
2019-08-29 08:53:02,456 [pool-237-thread-1] INFO  server.RaftServerConfigKeys (ConfUtils.java:logGet(43)) - raft.server.log.statemachine.data.sync.timeout = 10s (default)
2019-08-29 08:53:02,457 [pool-227-thread-1] INFO  server.RaftServerConfigKeys (ConfUtils.java:logGet(43)) - raft.server.log.statemachine.data.caching.enabled = true (custom)
2019-08-29 08:53:02,457 [pool-237-thread-1] INFO  server.RaftServerConfigKeys (ConfUtils.java:logGet(43)) - raft.server.log.statemachine.data.sync.timeout.retry = -1 (default)
2019-08-29 08:53:02,457 [pool-237-thread-1] INFO  server.RaftServerConfigKeys (ConfUtils.java:logGet(43)) - raft.server.log.statemachine.data.caching.enabled = true (custom)
2019-08-29 08:53:02,457 [pool-227-thread-1] INFO  segmented.SegmentedRaftLogWorker (SegmentedRaftLogWorker.java:lambda$new$0(132)) - 3a747f42-8091-4aa7-8d68-ad64487492d2-SegmentedRaftLogWorker:Storage Directory /workdir/hadoop-ozone/integration-test/target/test-dir/MiniOzoneClusterImpl-c09e3b94-e4ea-4fc7-980c-a61ce0b64d2e/datanode-2/data/ratis/1ac0f76f-28ad-425d-8ecb-c09fb5d8f8a0: flushIndex: setUnconditionally 0 -> -1
2019-08-29 08:53:02,458 [pool-237-thread-1] INFO  segmented.SegmentedRaftLogWorker (SegmentedRaftLogWorker.java:lambda$new$0(132)) - 697242c0-2364-468f-8836-aed0940a59a8-SegmentedRaftLogWorker:Storage Directory /workdir/hadoop-ozone/integration-test/target/test-dir/MiniOzoneClusterImpl-c09e3b94-e4ea-4fc7-980c-a61ce0b64d2e/datanode-3/data/ratis/1ac0f76f-28ad-425d-8ecb-c09fb5d8f8a0: flushIndex: setUnconditionally 0 -> -1
2019-08-29 08:53:02,458 [pool-227-thread-1] INFO  server.RaftServerConfigKeys (ConfUtils.java:logGet(43)) - raft.server.snapshot.auto.trigger.enabled = true (custom)
2019-08-29 08:53:02,458 [pool-237-thread-1] INFO  server.RaftServerConfigKeys (ConfUtils.java:logGet(43)) - raft.server.snapshot.auto.trigger.enabled = true (custom)
2019-08-29 08:53:02,458 [pool-227-thread-1] INFO  server.RaftServerConfigKeys (ConfUtils.java:logGet(43)) - raft.server.snapshot.auto.trigger.threshold = 10000 (custom)
2019-08-29 08:53:02,458 [pool-237-thread-1] INFO  server.RaftServerConfigKeys (ConfUtils.java:logGet(43)) - raft.server.snapshot.auto.trigger.threshold = 10000 (custom)
2019-08-29 08:53:02,461 [pool-227-thread-1] INFO  server.RaftServerConfigKeys (ConfUtils.java:logGet(43)) - raft.server.retrycache.expirytime = 600000ms (custom)
2019-08-29 08:53:02,462 [pool-237-thread-1] INFO  server.RaftServerConfigKeys (ConfUtils.java:logGet(43)) - raft.server.retrycache.expirytime = 600000ms (custom)
2019-08-29 08:53:02,462 [pool-227-thread-1] INFO  impl.RaftServerImpl (RaftServerImpl.java:start(180)) - 3a747f42-8091-4aa7-8d68-ad64487492d2: start group-C09FB5D8F8A0
2019-08-29 08:53:02,462 [pool-237-thread-1] INFO  impl.RaftServerImpl (RaftServerImpl.java:start(180)) - 697242c0-2364-468f-8836-aed0940a59a8: start group-C09FB5D8F8A0
2019-08-29 08:53:02,462 [pool-227-thread-1] INFO  impl.RaftServerImpl (RaftServerImpl.java:setRole(171)) - 3a747f42-8091-4aa7-8d68-ad64487492d2:group-C09FB5D8F8A0 changes role from null to FOLLOWER at term 0 for startAsFollower
2019-08-29 08:53:02,462 [pool-237-thread-1] INFO  impl.RaftServerImpl (RaftServerImpl.java:setRole(171)) - 697242c0-2364-468f-8836-aed0940a59a8:group-C09FB5D8F8A0 changes role from null to FOLLOWER at term 0 for startAsFollower
2019-08-29 08:53:02,462 [pool-227-thread-1] INFO  impl.RoleInfo (RoleInfo.java:updateAndGet(143)) - 3a747f42-8091-4aa7-8d68-ad64487492d2: start FollowerState
2019-08-29 08:53:02,462 [pool-237-thread-1] INFO  impl.RoleInfo (RoleInfo.java:updateAndGet(143)) - 697242c0-2364-468f-8836-aed0940a59a8: start FollowerState
2019-08-29 08:53:02,463 [pool-227-thread-1] INFO  util.JmxRegister (JmxRegister.java:tryRegister(44)) - Successfully registered JMX Bean with object name Ratis:service=RaftServer,group=group-C09FB5D8F8A0,id=3a747f42-8091-4aa7-8d68-ad64487492d2
2019-08-29 08:53:02,463 [pool-237-thread-1] INFO  util.JmxRegister (JmxRegister.java:tryRegister(44)) - Successfully registered JMX Bean with object name Ratis:service=RaftServer,group=group-C09FB5D8F8A0,id=697242c0-2364-468f-8836-aed0940a59a8
2019-08-29 08:53:02,468 [IPC Server handler 5 on 44152] INFO  net.NetworkTopology (NetworkTopologyImpl.java:add(110)) - Added a new node: /default-rack/c7748331-1610-4804-96a6-95eda4ac21f0
2019-08-29 08:53:02,468 [IPC Server handler 5 on 44152] INFO  node.SCMNodeManager (SCMNodeManager.java:register(273)) - Registered Data node : c7748331-1610-4804-96a6-95eda4ac21f0{ip: 192.168.157.249, host: pr-hdds-1949-rn9cj-2680188436, networkLocation: /default-rack, certSerialId: null}
2019-08-29 08:53:02,468 | INFO  | SCMAudit | user=jenkins1000 | ip=192.168.157.249 | op=REGISTER {datanodeDetails=c7748331-1610-4804-96a6-95eda4ac21f0{ip: 192.168.157.249, host: pr-hdds-1949-rn9cj-2680188436, networkLocation: /default-rack, certSerialId: null}} | ret=SUCCESS |  
2019-08-29 08:53:02,469 [RatisPipelineUtilsThread] INFO  pipeline.PipelineStateManager (PipelineStateManager.java:addPipeline(56)) - Created pipeline Pipeline[ Id: 1ac0f76f-28ad-425d-8ecb-c09fb5d8f8a0, Nodes: 5e15a3b6-5f03-4f8b-97cb-1147b69105c5{ip: 192.168.157.249, host: pr-hdds-1949-rn9cj-2680188436, networkLocation: /default-rack, certSerialId: null}3a747f42-8091-4aa7-8d68-ad64487492d2{ip: 192.168.157.249, host: pr-hdds-1949-rn9cj-2680188436, networkLocation: /default-rack, certSerialId: null}697242c0-2364-468f-8836-aed0940a59a8{ip: 192.168.157.249, host: pr-hdds-1949-rn9cj-2680188436, networkLocation: /default-rack, certSerialId: null}, Type:RATIS, Factor:THREE, State:OPEN]
2019-08-29 08:53:02,478 [grpc-default-executor-8] INFO  impl.RaftServerProxy (RaftServerProxy.java:addNew(89)) - 38df5515-2a57-4b02-8cf5-3b32e9453973: addNew group-6A5B3F5F37C2:[38df5515-2a57-4b02-8cf5-3b32e9453973:192.168.157.249:44997, c7748331-1610-4804-96a6-95eda4ac21f0:192.168.157.249:39080, 26e75c58-7386-4b39-a251-9102d746757d:192.168.157.249:44391] returns group-6A5B3F5F37C2:java.util.concurrent.CompletableFuture@72d6484d[Not completed]
2019-08-29 08:53:02,481 [grpc-default-executor-11] INFO  impl.RaftServerProxy (RaftServerProxy.java:addNew(89)) - c7748331-1610-4804-96a6-95eda4ac21f0: addNew group-6A5B3F5F37C2:[38df5515-2a57-4b02-8cf5-3b32e9453973:192.168.157.249:44997, c7748331-1610-4804-96a6-95eda4ac21f0:192.168.157.249:39080, 26e75c58-7386-4b39-a251-9102d746757d:192.168.157.249:44391] returns group-6A5B3F5F37C2:java.util.concurrent.CompletableFuture@3db749b4[Not completed]
2019-08-29 08:53:02,491 [grpc-default-executor-8] INFO  impl.RaftServerProxy (RaftServerProxy.java:addNew(89)) - 26e75c58-7386-4b39-a251-9102d746757d: addNew group-6A5B3F5F37C2:[38df5515-2a57-4b02-8cf5-3b32e9453973:192.168.157.249:44997, c7748331-1610-4804-96a6-95eda4ac21f0:192.168.157.249:39080, 26e75c58-7386-4b39-a251-9102d746757d:192.168.157.249:44391] returns group-6A5B3F5F37C2:java.util.concurrent.CompletableFuture@65f4cdc0[Not completed]
2019-08-29 08:53:02,491 [pool-207-thread-1] INFO  impl.RaftServerImpl (RaftServerImpl.java:<init>(93)) - 38df5515-2a57-4b02-8cf5-3b32e9453973: new RaftServerImpl for group-6A5B3F5F37C2:[38df5515-2a57-4b02-8cf5-3b32e9453973:192.168.157.249:44997, c7748331-1610-4804-96a6-95eda4ac21f0:192.168.157.249:39080, 26e75c58-7386-4b39-a251-9102d746757d:192.168.157.249:44391] with ContainerStateMachine:uninitialized
2019-08-29 08:53:02,491 [pool-207-thread-1] INFO  server.RaftServerConfigKeys (ConfUtils.java:logGet(43)) - raft.server.rpc.timeout.min = 5s (custom)
2019-08-29 08:53:02,491 [pool-207-thread-1] INFO  server.RaftServerConfigKeys (ConfUtils.java:logGet(43)) - raft.server.rpc.timeout.max = 5200ms (custom)
2019-08-29 08:53:02,492 [pool-207-thread-1] INFO  server.RaftServerConfigKeys (ConfUtils.java:logGet(43)) - raft.server.rpcslowness.timeout = 120s (custom)
2019-08-29 08:53:02,492 [pool-207-thread-1] INFO  server.RaftServerConfigKeys (ConfUtils.java:logGet(43)) - raft.server.sleep.deviation.threshold = 300 (default)
2019-08-29 08:53:02,492 [pool-257-thread-1] INFO  impl.RaftServerImpl (RaftServerImpl.java:<init>(93)) - c7748331-1610-4804-96a6-95eda4ac21f0: new RaftServerImpl for group-6A5B3F5F37C2:[38df5515-2a57-4b02-8cf5-3b32e9453973:192.168.157.249:44997, c7748331-1610-4804-96a6-95eda4ac21f0:192.168.157.249:39080, 26e75c58-7386-4b39-a251-9102d746757d:192.168.157.249:44391] with ContainerStateMachine:uninitialized
2019-08-29 08:53:02,492 [pool-207-thread-1] INFO  server.RaftServerConfigKeys (ConfUtils.java:logGet(43)) - raft.server.log.appender.install.snapshot.enabled = false (custom)
2019-08-29 08:53:02,492 [pool-257-thread-1] INFO  server.RaftServerConfigKeys (ConfUtils.java:logGet(43)) - raft.server.rpc.timeout.min = 5s (custom)
2019-08-29 08:53:02,492 [pool-247-thread-1] INFO  impl.RaftServerImpl (RaftServerImpl.java:<init>(93)) - 26e75c58-7386-4b39-a251-9102d746757d: new RaftServerImpl for group-6A5B3F5F37C2:[38df5515-2a57-4b02-8cf5-3b32e9453973:192.168.157.249:44997, c7748331-1610-4804-96a6-95eda4ac21f0:192.168.157.249:39080, 26e75c58-7386-4b39-a251-9102d746757d:192.168.157.249:44391] with ContainerStateMachine:uninitialized
2019-08-29 08:53:02,492 [pool-207-thread-1] INFO  impl.RaftServerImpl (ServerState.java:<init>(105)) - 38df5515-2a57-4b02-8cf5-3b32e9453973:group-6A5B3F5F37C2 ConfigurationManager, init=-1: [38df5515-2a57-4b02-8cf5-3b32e9453973:192.168.157.249:44997, c7748331-1610-4804-96a6-95eda4ac21f0:192.168.157.249:39080, 26e75c58-7386-4b39-a251-9102d746757d:192.168.157.249:44391], old=null, confs=<EMPTY_MAP>
2019-08-29 08:53:02,492 [pool-247-thread-1] INFO  server.RaftServerConfigKeys (ConfUtils.java:logGet(43)) - raft.server.rpc.timeout.min = 5s (custom)
2019-08-29 08:53:02,492 [pool-257-thread-1] INFO  server.RaftServerConfigKeys (ConfUtils.java:logGet(43)) - raft.server.rpc.timeout.max = 5200ms (custom)
2019-08-29 08:53:02,492 [pool-247-thread-1] INFO  server.RaftServerConfigKeys (ConfUtils.java:logGet(43)) - raft.server.rpc.timeout.max = 5200ms (custom)
2019-08-29 08:53:02,492 [pool-207-thread-1] INFO  server.RaftServerConfigKeys (ConfUtils.java:logGet(43)) - raft.server.storage.dir = [/workdir/hadoop-ozone/integration-test/target/test-dir/MiniOzoneClusterImpl-c09e3b94-e4ea-4fc7-980c-a61ce0b64d2e/datanode-0/data/ratis] (custom)
2019-08-29 08:53:02,493 [pool-247-thread-1] INFO  server.RaftServerConfigKeys (ConfUtils.java:logGet(43)) - raft.server.rpcslowness.timeout = 120s (custom)
2019-08-29 08:53:02,492 [pool-257-thread-1] INFO  server.RaftServerConfigKeys (ConfUtils.java:logGet(43)) - raft.server.rpcslowness.timeout = 120s (custom)
2019-08-29 08:53:02,493 [pool-247-thread-1] INFO  server.RaftServerConfigKeys (ConfUtils.java:logGet(43)) - raft.server.sleep.deviation.threshold = 300 (default)
2019-08-29 08:53:02,493 [pool-257-thread-1] INFO  server.RaftServerConfigKeys (ConfUtils.java:logGet(43)) - raft.server.sleep.deviation.threshold = 300 (default)
2019-08-29 08:53:02,493 [pool-207-thread-1] INFO  storage.RaftStorageDirectory (RaftStorageDirectory.java:analyzeStorage(246)) - The storage directory /workdir/hadoop-ozone/integration-test/target/test-dir/MiniOzoneClusterImpl-c09e3b94-e4ea-4fc7-980c-a61ce0b64d2e/datanode-0/data/ratis/674af299-4a37-44be-822b-6a5b3f5f37c2 does not exist. Creating ...
2019-08-29 08:53:02,493 [pool-257-thread-1] INFO  server.RaftServerConfigKeys (ConfUtils.java:logGet(43)) - raft.server.log.appender.install.snapshot.enabled = false (custom)
2019-08-29 08:53:02,493 [pool-247-thread-1] INFO  server.RaftServerConfigKeys (ConfUtils.java:logGet(43)) - raft.server.log.appender.install.snapshot.enabled = false (custom)
2019-08-29 08:53:02,493 [pool-257-thread-1] INFO  impl.RaftServerImpl (ServerState.java:<init>(105)) - c7748331-1610-4804-96a6-95eda4ac21f0:group-6A5B3F5F37C2 ConfigurationManager, init=-1: [38df5515-2a57-4b02-8cf5-3b32e9453973:192.168.157.249:44997, c7748331-1610-4804-96a6-95eda4ac21f0:192.168.157.249:39080, 26e75c58-7386-4b39-a251-9102d746757d:192.168.157.249:44391], old=null, confs=<EMPTY_MAP>
2019-08-29 08:53:02,494 [pool-247-thread-1] INFO  impl.RaftServerImpl (ServerState.java:<init>(105)) - 26e75c58-7386-4b39-a251-9102d746757d:group-6A5B3F5F37C2 ConfigurationManager, init=-1: [38df5515-2a57-4b02-8cf5-3b32e9453973:192.168.157.249:44997, c7748331-1610-4804-96a6-95eda4ac21f0:192.168.157.249:39080, 26e75c58-7386-4b39-a251-9102d746757d:192.168.157.249:44391], old=null, confs=<EMPTY_MAP>
2019-08-29 08:53:02,494 [pool-257-thread-1] INFO  server.RaftServerConfigKeys (ConfUtils.java:logGet(43)) - raft.server.storage.dir = [/workdir/hadoop-ozone/integration-test/target/test-dir/MiniOzoneClusterImpl-c09e3b94-e4ea-4fc7-980c-a61ce0b64d2e/datanode-5/data/ratis] (custom)
2019-08-29 08:53:02,494 [pool-247-thread-1] INFO  server.RaftServerConfigKeys (ConfUtils.java:logGet(43)) - raft.server.storage.dir = [/workdir/hadoop-ozone/integration-test/target/test-dir/MiniOzoneClusterImpl-c09e3b94-e4ea-4fc7-980c-a61ce0b64d2e/datanode-4/data/ratis] (custom)
2019-08-29 08:53:02,494 [pool-257-thread-1] INFO  storage.RaftStorageDirectory (RaftStorageDirectory.java:analyzeStorage(246)) - The storage directory /workdir/hadoop-ozone/integration-test/target/test-dir/MiniOzoneClusterImpl-c09e3b94-e4ea-4fc7-980c-a61ce0b64d2e/datanode-5/data/ratis/674af299-4a37-44be-822b-6a5b3f5f37c2 does not exist. Creating ...
2019-08-29 08:53:02,494 [pool-247-thread-1] INFO  storage.RaftStorageDirectory (RaftStorageDirectory.java:analyzeStorage(246)) - The storage directory /workdir/hadoop-ozone/integration-test/target/test-dir/MiniOzoneClusterImpl-c09e3b94-e4ea-4fc7-980c-a61ce0b64d2e/datanode-4/data/ratis/674af299-4a37-44be-822b-6a5b3f5f37c2 does not exist. Creating ...
2019-08-29 08:53:02,507 [pool-257-thread-1] INFO  storage.RaftStorageDirectory (RaftStorageDirectory.java:tryLock(328)) - Lock on /workdir/hadoop-ozone/integration-test/target/test-dir/MiniOzoneClusterImpl-c09e3b94-e4ea-4fc7-980c-a61ce0b64d2e/datanode-5/data/ratis/674af299-4a37-44be-822b-6a5b3f5f37c2/in_use.lock acquired by nodename 1433@pr-hdds-1949-rn9cj-2680188436
2019-08-29 08:53:02,507 [pool-207-thread-1] INFO  storage.RaftStorageDirectory (RaftStorageDirectory.java:tryLock(328)) - Lock on /workdir/hadoop-ozone/integration-test/target/test-dir/MiniOzoneClusterImpl-c09e3b94-e4ea-4fc7-980c-a61ce0b64d2e/datanode-0/data/ratis/674af299-4a37-44be-822b-6a5b3f5f37c2/in_use.lock acquired by nodename 1433@pr-hdds-1949-rn9cj-2680188436
2019-08-29 08:53:02,507 [pool-247-thread-1] INFO  storage.RaftStorageDirectory (RaftStorageDirectory.java:tryLock(328)) - Lock on /workdir/hadoop-ozone/integration-test/target/test-dir/MiniOzoneClusterImpl-c09e3b94-e4ea-4fc7-980c-a61ce0b64d2e/datanode-4/data/ratis/674af299-4a37-44be-822b-6a5b3f5f37c2/in_use.lock acquired by nodename 1433@pr-hdds-1949-rn9cj-2680188436
2019-08-29 08:53:02,521 [pool-247-thread-1] INFO  storage.RaftStorage (RaftStorage.java:format(72)) - Storage directory /workdir/hadoop-ozone/integration-test/target/test-dir/MiniOzoneClusterImpl-c09e3b94-e4ea-4fc7-980c-a61ce0b64d2e/datanode-4/data/ratis/674af299-4a37-44be-822b-6a5b3f5f37c2 has been successfully formatted.
2019-08-29 08:53:02,521 [pool-257-thread-1] INFO  storage.RaftStorage (RaftStorage.java:format(72)) - Storage directory /workdir/hadoop-ozone/integration-test/target/test-dir/MiniOzoneClusterImpl-c09e3b94-e4ea-4fc7-980c-a61ce0b64d2e/datanode-5/data/ratis/674af299-4a37-44be-822b-6a5b3f5f37c2 has been successfully formatted.
2019-08-29 08:53:02,521 [pool-207-thread-1] INFO  storage.RaftStorage (RaftStorage.java:format(72)) - Storage directory /workdir/hadoop-ozone/integration-test/target/test-dir/MiniOzoneClusterImpl-c09e3b94-e4ea-4fc7-980c-a61ce0b64d2e/datanode-0/data/ratis/674af299-4a37-44be-822b-6a5b3f5f37c2 has been successfully formatted.
2019-08-29 08:53:02,521 [pool-247-thread-1] INFO  ratis.ContainerStateMachine (ContainerStateMachine.java:loadSnapshot(227)) - group-6A5B3F5F37C2: The snapshot info is null. Setting the last applied indexto:(t:0, i:~)
2019-08-29 08:53:02,521 [pool-207-thread-1] INFO  ratis.ContainerStateMachine (ContainerStateMachine.java:loadSnapshot(227)) - group-6A5B3F5F37C2: The snapshot info is null. Setting the last applied indexto:(t:0, i:~)
2019-08-29 08:53:02,521 [pool-257-thread-1] INFO  ratis.ContainerStateMachine (ContainerStateMachine.java:loadSnapshot(227)) - group-6A5B3F5F37C2: The snapshot info is null. Setting the last applied indexto:(t:0, i:~)
2019-08-29 08:53:02,522 [pool-207-thread-1] INFO  server.RaftServerConfigKeys (ConfUtils.java:logGet(43)) - raft.server.leader.election.timeout = 120s (custom)
2019-08-29 08:53:02,521 [pool-247-thread-1] INFO  server.RaftServerConfigKeys (ConfUtils.java:logGet(43)) - raft.server.leader.election.timeout = 120s (custom)
2019-08-29 08:53:02,522 [pool-207-thread-1] INFO  server.RaftServerConfigKeys (ConfUtils.java:logGet(43)) - raft.server.log.use.memory = false (default)
2019-08-29 08:53:02,522 [pool-257-thread-1] INFO  server.RaftServerConfigKeys (ConfUtils.java:logGet(43)) - raft.server.leader.election.timeout = 120s (custom)
2019-08-29 08:53:02,522 [pool-207-thread-1] INFO  server.RaftServerConfigKeys (ConfUtils.java:logGet(43)) - raft.server.log.purge.gap = 1000000 (custom)
2019-08-29 08:53:02,522 [pool-247-thread-1] INFO  server.RaftServerConfigKeys (ConfUtils.java:logGet(43)) - raft.server.log.use.memory = false (default)
2019-08-29 08:53:02,522 [pool-207-thread-1] INFO  server.RaftServerConfigKeys (ConfUtils.java:logGet(43)) - raft.server.log.appender.buffer.byte-limit = 33554432 (custom)
2019-08-29 08:53:02,522 [pool-257-thread-1] INFO  server.RaftServerConfigKeys (ConfUtils.java:logGet(43)) - raft.server.log.use.memory = false (default)
2019-08-29 08:53:02,523 [pool-207-thread-1] INFO  server.RaftServerConfigKeys (ConfUtils.java:logGet(43)) - raft.server.log.segment.size.max = 1048576 (custom)
2019-08-29 08:53:02,523 [pool-247-thread-1] INFO  server.RaftServerConfigKeys (ConfUtils.java:logGet(43)) - raft.server.log.purge.gap = 1000000 (custom)
2019-08-29 08:53:02,523 [pool-207-thread-1] INFO  server.RaftServerConfigKeys (ConfUtils.java:logGet(43)) - raft.server.log.segment.cache.num.max = 2 (custom)
2019-08-29 08:53:02,523 [pool-257-thread-1] INFO  server.RaftServerConfigKeys (ConfUtils.java:logGet(43)) - raft.server.log.purge.gap = 1000000 (custom)
2019-08-29 08:53:02,523 [pool-207-thread-1] INFO  segmented.SegmentedRaftLogWorker (SegmentedRaftLogWorker.java:<init>(172)) - new 38df5515-2a57-4b02-8cf5-3b32e9453973-SegmentedRaftLogWorker:Storage Directory /workdir/hadoop-ozone/integration-test/target/test-dir/MiniOzoneClusterImpl-c09e3b94-e4ea-4fc7-980c-a61ce0b64d2e/datanode-0/data/ratis/674af299-4a37-44be-822b-6a5b3f5f37c2 for RaftStorage:Storage Directory /workdir/hadoop-ozone/integration-test/target/test-dir/MiniOzoneClusterImpl-c09e3b94-e4ea-4fc7-980c-a61ce0b64d2e/datanode-0/data/ratis/674af299-4a37-44be-822b-6a5b3f5f37c2
2019-08-29 08:53:02,523 [pool-247-thread-1] INFO  server.RaftServerConfigKeys (ConfUtils.java:logGet(43)) - raft.server.log.appender.buffer.byte-limit = 33554432 (custom)
2019-08-29 08:53:02,523 [pool-207-thread-1] INFO  server.RaftServerConfigKeys (ConfUtils.java:logGet(43)) - raft.server.log.queue.byte-limit = 2147483647 (custom)
2019-08-29 08:53:02,523 [main] INFO  ozone.MiniOzoneClusterImpl (MiniOzoneClusterImpl.java:lambda$waitForClusterToBeReady$0(142)) - Waiting for cluster to be ready. Got 6 of 7 DN Heartbeats.
2019-08-29 08:53:02,523 [pool-257-thread-1] INFO  server.RaftServerConfigKeys (ConfUtils.java:logGet(43)) - raft.server.log.appender.buffer.byte-limit = 33554432 (custom)
2019-08-29 08:53:02,524 [pool-207-thread-1] INFO  server.RaftServerConfigKeys (ConfUtils.java:logGet(43)) - raft.server.log.queue.element-limit = 1024 (custom)
2019-08-29 08:53:02,524 [pool-247-thread-1] INFO  server.RaftServerConfigKeys (ConfUtils.java:logGet(43)) - raft.server.log.segment.size.max = 1048576 (custom)
2019-08-29 08:53:02,524 [IPC Server handler 7 on 44152] INFO  net.NetworkTopology (NetworkTopologyImpl.java:add(110)) - Added a new node: /default-rack/b5d8716d-4279-4d69-8479-a9de1a92ccc3
2019-08-29 08:53:02,524 [pool-207-thread-1] INFO  server.RaftServerConfigKeys (ConfUtils.java:logGet(43)) - raft.server.log.segment.size.max = 1048576 (custom)
2019-08-29 08:53:02,524 [pool-257-thread-1] INFO  server.RaftServerConfigKeys (ConfUtils.java:logGet(43)) - raft.server.log.segment.size.max = 1048576 (custom)
2019-08-29 08:53:02,525 [pool-207-thread-1] INFO  server.RaftServerConfigKeys (ConfUtils.java:logGet(43)) - raft.server.log.preallocated.size = 16384 (custom)
2019-08-29 08:53:02,525 [IPC Server handler 7 on 44152] INFO  node.SCMNodeManager (SCMNodeManager.java:register(273)) - Registered Data node : b5d8716d-4279-4d69-8479-a9de1a92ccc3{ip: 192.168.157.249, host: pr-hdds-1949-rn9cj-2680188436, networkLocation: /default-rack, certSerialId: null}
2019-08-29 08:53:02,524 [pool-247-thread-1] INFO  server.RaftServerConfigKeys (ConfUtils.java:logGet(43)) - raft.server.log.segment.cache.num.max = 2 (custom)
2019-08-29 08:53:02,525 [pool-207-thread-1] INFO  server.RaftServerConfigKeys (ConfUtils.java:logGet(43)) - raft.server.log.write.buffer.size = 33554432 (custom)
2019-08-29 08:53:02,525 | INFO  | SCMAudit | user=jenkins1000 | ip=192.168.157.249 | op=REGISTER {datanodeDetails=b5d8716d-4279-4d69-8479-a9de1a92ccc3{ip: 192.168.157.249, host: pr-hdds-1949-rn9cj-2680188436, networkLocation: /default-rack, certSerialId: null}} | ret=SUCCESS |  
2019-08-29 08:53:02,525 [pool-257-thread-1] INFO  server.RaftServerConfigKeys (ConfUtils.java:logGet(43)) - raft.server.log.segment.cache.num.max = 2 (custom)
2019-08-29 08:53:02,526 [pool-207-thread-1] INFO  server.RaftServerConfigKeys (ConfUtils.java:logGet(43)) - raft.server.log.force.sync.num = 128 (default)
2019-08-29 08:53:02,525 [pool-247-thread-1] INFO  segmented.SegmentedRaftLogWorker (SegmentedRaftLogWorker.java:<init>(172)) - new 26e75c58-7386-4b39-a251-9102d746757d-SegmentedRaftLogWorker:Storage Directory /workdir/hadoop-ozone/integration-test/target/test-dir/MiniOzoneClusterImpl-c09e3b94-e4ea-4fc7-980c-a61ce0b64d2e/datanode-4/data/ratis/674af299-4a37-44be-822b-6a5b3f5f37c2 for RaftStorage:Storage Directory /workdir/hadoop-ozone/integration-test/target/test-dir/MiniOzoneClusterImpl-c09e3b94-e4ea-4fc7-980c-a61ce0b64d2e/datanode-4/data/ratis/674af299-4a37-44be-822b-6a5b3f5f37c2
2019-08-29 08:53:02,526 [pool-207-thread-1] INFO  server.RaftServerConfigKeys (ConfUtils.java:logGet(43)) - raft.server.log.statemachine.data.sync = true (default)
2019-08-29 08:53:02,526 [pool-257-thread-1] INFO  segmented.SegmentedRaftLogWorker (SegmentedRaftLogWorker.java:<init>(172)) - new c7748331-1610-4804-96a6-95eda4ac21f0-SegmentedRaftLogWorker:Storage Directory /workdir/hadoop-ozone/integration-test/target/test-dir/MiniOzoneClusterImpl-c09e3b94-e4ea-4fc7-980c-a61ce0b64d2e/datanode-5/data/ratis/674af299-4a37-44be-822b-6a5b3f5f37c2 for RaftStorage:Storage Directory /workdir/hadoop-ozone/integration-test/target/test-dir/MiniOzoneClusterImpl-c09e3b94-e4ea-4fc7-980c-a61ce0b64d2e/datanode-5/data/ratis/674af299-4a37-44be-822b-6a5b3f5f37c2
2019-08-29 08:53:02,526 [pool-207-thread-1] INFO  server.RaftServerConfigKeys (ConfUtils.java:logGet(43)) - raft.server.log.statemachine.data.sync.timeout = 10s (default)
2019-08-29 08:53:02,526 [pool-247-thread-1] INFO  server.RaftServerConfigKeys (ConfUtils.java:logGet(43)) - raft.server.log.queue.byte-limit = 2147483647 (custom)
2019-08-29 08:53:02,526 [pool-207-thread-1] INFO  server.RaftServerConfigKeys (ConfUtils.java:logGet(43)) - raft.server.log.statemachine.data.sync.timeout.retry = -1 (default)
2019-08-29 08:53:02,526 [pool-257-thread-1] INFO  server.RaftServerConfigKeys (ConfUtils.java:logGet(43)) - raft.server.log.queue.byte-limit = 2147483647 (custom)
2019-08-29 08:53:02,527 [pool-207-thread-1] INFO  server.RaftServerConfigKeys (ConfUtils.java:logGet(43)) - raft.server.log.statemachine.data.caching.enabled = true (custom)
2019-08-29 08:53:02,527 [pool-247-thread-1] INFO  server.RaftServerConfigKeys (ConfUtils.java:logGet(43)) - raft.server.log.queue.element-limit = 1024 (custom)
2019-08-29 08:53:02,527 [pool-257-thread-1] INFO  server.RaftServerConfigKeys (ConfUtils.java:logGet(43)) - raft.server.log.queue.element-limit = 1024 (custom)
2019-08-29 08:53:02,527 [pool-207-thread-1] INFO  segmented.SegmentedRaftLogWorker (SegmentedRaftLogWorker.java:lambda$new$0(132)) - 38df5515-2a57-4b02-8cf5-3b32e9453973-SegmentedRaftLogWorker:Storage Directory /workdir/hadoop-ozone/integration-test/target/test-dir/MiniOzoneClusterImpl-c09e3b94-e4ea-4fc7-980c-a61ce0b64d2e/datanode-0/data/ratis/674af299-4a37-44be-822b-6a5b3f5f37c2: flushIndex: setUnconditionally 0 -> -1
2019-08-29 08:53:02,527 [pool-257-thread-1] INFO  server.RaftServerConfigKeys (ConfUtils.java:logGet(43)) - raft.server.log.segment.size.max = 1048576 (custom)
2019-08-29 08:53:02,527 [pool-247-thread-1] INFO  server.RaftServerConfigKeys (ConfUtils.java:logGet(43)) - raft.server.log.segment.size.max = 1048576 (custom)
2019-08-29 08:53:02,528 [pool-207-thread-1] INFO  server.RaftServerConfigKeys (ConfUtils.java:logGet(43)) - raft.server.snapshot.auto.trigger.enabled = true (custom)
2019-08-29 08:53:02,528 [pool-257-thread-1] INFO  server.RaftServerConfigKeys (ConfUtils.java:logGet(43)) - raft.server.log.preallocated.size = 16384 (custom)
2019-08-29 08:53:02,528 [pool-207-thread-1] INFO  server.RaftServerConfigKeys (ConfUtils.java:logGet(43)) - raft.server.snapshot.auto.trigger.threshold = 10000 (custom)
2019-08-29 08:53:02,528 [pool-247-thread-1] INFO  server.RaftServerConfigKeys (ConfUtils.java:logGet(43)) - raft.server.log.preallocated.size = 16384 (custom)
2019-08-29 08:53:02,528 [pool-207-thread-1] INFO  server.RaftServerConfigKeys (ConfUtils.java:logGet(43)) - raft.server.retrycache.expirytime = 600000ms (custom)
2019-08-29 08:53:02,528 [pool-257-thread-1] INFO  server.RaftServerConfigKeys (ConfUtils.java:logGet(43)) - raft.server.log.write.buffer.size = 33554432 (custom)
2019-08-29 08:53:02,528 [pool-247-thread-1] INFO  server.RaftServerConfigKeys (ConfUtils.java:logGet(43)) - raft.server.log.write.buffer.size = 33554432 (custom)
2019-08-29 08:53:02,528 [pool-257-thread-1] INFO  server.RaftServerConfigKeys (ConfUtils.java:logGet(43)) - raft.server.log.force.sync.num = 128 (default)
2019-08-29 08:53:02,528 [pool-207-thread-1] INFO  impl.RaftServerImpl (RaftServerImpl.java:start(180)) - 38df5515-2a57-4b02-8cf5-3b32e9453973: start group-6A5B3F5F37C2
2019-08-29 08:53:02,529 [pool-257-thread-1] INFO  server.RaftServerConfigKeys (ConfUtils.java:logGet(43)) - raft.server.log.statemachine.data.sync = true (default)
2019-08-29 08:53:02,529 [pool-247-thread-1] INFO  server.RaftServerConfigKeys (ConfUtils.java:logGet(43)) - raft.server.log.force.sync.num = 128 (default)
2019-08-29 08:53:02,529 [pool-257-thread-1] INFO  server.RaftServerConfigKeys (ConfUtils.java:logGet(43)) - raft.server.log.statemachine.data.sync.timeout = 10s (default)
2019-08-29 08:53:02,529 [pool-207-thread-1] INFO  impl.RaftServerImpl (RaftServerImpl.java:setRole(171)) - 38df5515-2a57-4b02-8cf5-3b32e9453973:group-6A5B3F5F37C2 changes role from null to FOLLOWER at term 0 for startAsFollower
2019-08-29 08:53:02,529 [pool-257-thread-1] INFO  server.RaftServerConfigKeys (ConfUtils.java:logGet(43)) - raft.server.log.statemachine.data.sync.timeout.retry = -1 (default)
2019-08-29 08:53:02,529 [pool-247-thread-1] INFO  server.RaftServerConfigKeys (ConfUtils.java:logGet(43)) - raft.server.log.statemachine.data.sync = true (default)
2019-08-29 08:53:02,530 [pool-257-thread-1] INFO  server.RaftServerConfigKeys (ConfUtils.java:logGet(43)) - raft.server.log.statemachine.data.caching.enabled = true (custom)
2019-08-29 08:53:02,529 [pool-207-thread-1] INFO  impl.RoleInfo (RoleInfo.java:updateAndGet(143)) - 38df5515-2a57-4b02-8cf5-3b32e9453973: start FollowerState
2019-08-29 08:53:02,530 [pool-247-thread-1] INFO  server.RaftServerConfigKeys (ConfUtils.java:logGet(43)) - raft.server.log.statemachine.data.sync.timeout = 10s (default)
2019-08-29 08:53:02,530 [pool-257-thread-1] INFO  segmented.SegmentedRaftLogWorker (SegmentedRaftLogWorker.java:lambda$new$0(132)) - c7748331-1610-4804-96a6-95eda4ac21f0-SegmentedRaftLogWorker:Storage Directory /workdir/hadoop-ozone/integration-test/target/test-dir/MiniOzoneClusterImpl-c09e3b94-e4ea-4fc7-980c-a61ce0b64d2e/datanode-5/data/ratis/674af299-4a37-44be-822b-6a5b3f5f37c2: flushIndex: setUnconditionally 0 -> -1
2019-08-29 08:53:02,530 [pool-247-thread-1] INFO  server.RaftServerConfigKeys (ConfUtils.java:logGet(43)) - raft.server.log.statemachine.data.sync.timeout.retry = -1 (default)
2019-08-29 08:53:02,530 [pool-207-thread-1] INFO  util.JmxRegister (JmxRegister.java:tryRegister(44)) - Successfully registered JMX Bean with object name Ratis:service=RaftServer,group=group-6A5B3F5F37C2,id=38df5515-2a57-4b02-8cf5-3b32e9453973
2019-08-29 08:53:02,530 [pool-257-thread-1] INFO  server.RaftServerConfigKeys (ConfUtils.java:logGet(43)) - raft.server.snapshot.auto.trigger.enabled = true (custom)
2019-08-29 08:53:02,530 [pool-247-thread-1] INFO  server.RaftServerConfigKeys (ConfUtils.java:logGet(43)) - raft.server.log.statemachine.data.caching.enabled = true (custom)
2019-08-29 08:53:02,530 [pool-257-thread-1] INFO  server.RaftServerConfigKeys (ConfUtils.java:logGet(43)) - raft.server.snapshot.auto.trigger.threshold = 10000 (custom)
2019-08-29 08:53:02,531 [pool-257-thread-1] INFO  server.RaftServerConfigKeys (ConfUtils.java:logGet(43)) - raft.server.retrycache.expirytime = 600000ms (custom)
2019-08-29 08:53:02,531 [pool-247-thread-1] INFO  segmented.SegmentedRaftLogWorker (SegmentedRaftLogWorker.java:lambda$new$0(132)) - 26e75c58-7386-4b39-a251-9102d746757d-SegmentedRaftLogWorker:Storage Directory /workdir/hadoop-ozone/integration-test/target/test-dir/MiniOzoneClusterImpl-c09e3b94-e4ea-4fc7-980c-a61ce0b64d2e/datanode-4/data/ratis/674af299-4a37-44be-822b-6a5b3f5f37c2: flushIndex: setUnconditionally 0 -> -1
2019-08-29 08:53:02,531 [pool-257-thread-1] INFO  impl.RaftServerImpl (RaftServerImpl.java:start(180)) - c7748331-1610-4804-96a6-95eda4ac21f0: start group-6A5B3F5F37C2
2019-08-29 08:53:02,531 [pool-257-thread-1] INFO  impl.RaftServerImpl (RaftServerImpl.java:setRole(171)) - c7748331-1610-4804-96a6-95eda4ac21f0:group-6A5B3F5F37C2 changes role from null to FOLLOWER at term 0 for startAsFollower
2019-08-29 08:53:02,531 [pool-257-thread-1] INFO  impl.RoleInfo (RoleInfo.java:updateAndGet(143)) - c7748331-1610-4804-96a6-95eda4ac21f0: start FollowerState
2019-08-29 08:53:02,531 [pool-247-thread-1] INFO  server.RaftServerConfigKeys (ConfUtils.java:logGet(43)) - raft.server.snapshot.auto.trigger.enabled = true (custom)
2019-08-29 08:53:02,531 [pool-247-thread-1] INFO  server.RaftServerConfigKeys (ConfUtils.java:logGet(43)) - raft.server.snapshot.auto.trigger.threshold = 10000 (custom)
2019-08-29 08:53:02,532 [pool-257-thread-1] INFO  util.JmxRegister (JmxRegister.java:tryRegister(44)) - Successfully registered JMX Bean with object name Ratis:service=RaftServer,group=group-6A5B3F5F37C2,id=c7748331-1610-4804-96a6-95eda4ac21f0
2019-08-29 08:53:02,532 [pool-247-thread-1] INFO  server.RaftServerConfigKeys (ConfUtils.java:logGet(43)) - raft.server.retrycache.expirytime = 600000ms (custom)
2019-08-29 08:53:02,535 [pool-247-thread-1] INFO  impl.RaftServerImpl (RaftServerImpl.java:start(180)) - 26e75c58-7386-4b39-a251-9102d746757d: start group-6A5B3F5F37C2
2019-08-29 08:53:02,535 [pool-247-thread-1] INFO  impl.RaftServerImpl (RaftServerImpl.java:setRole(171)) - 26e75c58-7386-4b39-a251-9102d746757d:group-6A5B3F5F37C2 changes role from null to FOLLOWER at term 0 for startAsFollower
2019-08-29 08:53:02,535 [pool-247-thread-1] INFO  impl.RoleInfo (RoleInfo.java:updateAndGet(143)) - 26e75c58-7386-4b39-a251-9102d746757d: start FollowerState
2019-08-29 08:53:02,536 [pool-247-thread-1] INFO  util.JmxRegister (JmxRegister.java:tryRegister(44)) - Successfully registered JMX Bean with object name Ratis:service=RaftServer,group=group-6A5B3F5F37C2,id=26e75c58-7386-4b39-a251-9102d746757d
2019-08-29 08:53:02,544 [RatisPipelineUtilsThread] INFO  pipeline.PipelineStateManager (PipelineStateManager.java:addPipeline(56)) - Created pipeline Pipeline[ Id: 674af299-4a37-44be-822b-6a5b3f5f37c2, Nodes: c7748331-1610-4804-96a6-95eda4ac21f0{ip: 192.168.157.249, host: pr-hdds-1949-rn9cj-2680188436, networkLocation: /default-rack, certSerialId: null}26e75c58-7386-4b39-a251-9102d746757d{ip: 192.168.157.249, host: pr-hdds-1949-rn9cj-2680188436, networkLocation: /default-rack, certSerialId: null}38df5515-2a57-4b02-8cf5-3b32e9453973{ip: 192.168.157.249, host: pr-hdds-1949-rn9cj-2680188436, networkLocation: /default-rack, certSerialId: null}, Type:RATIS, Factor:THREE, State:OPEN]
2019-08-29 08:53:02,552 [grpc-default-executor-8] INFO  impl.RaftServerProxy (RaftServerProxy.java:addNew(89)) - b5d8716d-4279-4d69-8479-a9de1a92ccc3: addNew group-CC41E1D5A43C:[b5d8716d-4279-4d69-8479-a9de1a92ccc3:192.168.157.249:46433] returns group-CC41E1D5A43C:java.util.concurrent.CompletableFuture@c8a11ab[Not completed]
2019-08-29 08:53:02,553 [pool-267-thread-1] INFO  impl.RaftServerImpl (RaftServerImpl.java:<init>(93)) - b5d8716d-4279-4d69-8479-a9de1a92ccc3: new RaftServerImpl for group-CC41E1D5A43C:[b5d8716d-4279-4d69-8479-a9de1a92ccc3:192.168.157.249:46433] with ContainerStateMachine:uninitialized
2019-08-29 08:53:02,553 [pool-267-thread-1] INFO  server.RaftServerConfigKeys (ConfUtils.java:logGet(43)) - raft.server.rpc.timeout.min = 5s (custom)
2019-08-29 08:53:02,553 [pool-267-thread-1] INFO  server.RaftServerConfigKeys (ConfUtils.java:logGet(43)) - raft.server.rpc.timeout.max = 5200ms (custom)
2019-08-29 08:53:02,553 [pool-267-thread-1] INFO  server.RaftServerConfigKeys (ConfUtils.java:logGet(43)) - raft.server.rpcslowness.timeout = 120s (custom)
2019-08-29 08:53:02,554 [pool-267-thread-1] INFO  server.RaftServerConfigKeys (ConfUtils.java:logGet(43)) - raft.server.sleep.deviation.threshold = 300 (default)
2019-08-29 08:53:02,554 [pool-267-thread-1] INFO  server.RaftServerConfigKeys (ConfUtils.java:logGet(43)) - raft.server.log.appender.install.snapshot.enabled = false (custom)
2019-08-29 08:53:02,554 [pool-267-thread-1] INFO  impl.RaftServerImpl (ServerState.java:<init>(105)) - b5d8716d-4279-4d69-8479-a9de1a92ccc3:group-CC41E1D5A43C ConfigurationManager, init=-1: [b5d8716d-4279-4d69-8479-a9de1a92ccc3:192.168.157.249:46433], old=null, confs=<EMPTY_MAP>
2019-08-29 08:53:02,554 [pool-267-thread-1] INFO  server.RaftServerConfigKeys (ConfUtils.java:logGet(43)) - raft.server.storage.dir = [/workdir/hadoop-ozone/integration-test/target/test-dir/MiniOzoneClusterImpl-c09e3b94-e4ea-4fc7-980c-a61ce0b64d2e/datanode-6/data/ratis] (custom)
2019-08-29 08:53:02,554 [pool-267-thread-1] INFO  storage.RaftStorageDirectory (RaftStorageDirectory.java:analyzeStorage(246)) - The storage directory /workdir/hadoop-ozone/integration-test/target/test-dir/MiniOzoneClusterImpl-c09e3b94-e4ea-4fc7-980c-a61ce0b64d2e/datanode-6/data/ratis/135aedb9-bba2-4cc7-9fb0-cc41e1d5a43c does not exist. Creating ...
2019-08-29 08:53:02,567 [pool-267-thread-1] INFO  storage.RaftStorageDirectory (RaftStorageDirectory.java:tryLock(328)) - Lock on /workdir/hadoop-ozone/integration-test/target/test-dir/MiniOzoneClusterImpl-c09e3b94-e4ea-4fc7-980c-a61ce0b64d2e/datanode-6/data/ratis/135aedb9-bba2-4cc7-9fb0-cc41e1d5a43c/in_use.lock acquired by nodename 1433@pr-hdds-1949-rn9cj-2680188436
2019-08-29 08:53:02,580 [pool-267-thread-1] INFO  storage.RaftStorage (RaftStorage.java:format(72)) - Storage directory /workdir/hadoop-ozone/integration-test/target/test-dir/MiniOzoneClusterImpl-c09e3b94-e4ea-4fc7-980c-a61ce0b64d2e/datanode-6/data/ratis/135aedb9-bba2-4cc7-9fb0-cc41e1d5a43c has been successfully formatted.
2019-08-29 08:53:02,580 [pool-267-thread-1] INFO  ratis.ContainerStateMachine (ContainerStateMachine.java:loadSnapshot(227)) - group-CC41E1D5A43C: The snapshot info is null. Setting the last applied indexto:(t:0, i:~)
2019-08-29 08:53:02,581 [pool-267-thread-1] INFO  server.RaftServerConfigKeys (ConfUtils.java:logGet(43)) - raft.server.leader.election.timeout = 120s (custom)
2019-08-29 08:53:02,581 [pool-267-thread-1] INFO  server.RaftServerConfigKeys (ConfUtils.java:logGet(43)) - raft.server.log.use.memory = false (default)
2019-08-29 08:53:02,581 [pool-267-thread-1] INFO  server.RaftServerConfigKeys (ConfUtils.java:logGet(43)) - raft.server.log.purge.gap = 1000000 (custom)
2019-08-29 08:53:02,581 [pool-267-thread-1] INFO  server.RaftServerConfigKeys (ConfUtils.java:logGet(43)) - raft.server.log.appender.buffer.byte-limit = 33554432 (custom)
2019-08-29 08:53:02,581 [pool-267-thread-1] INFO  server.RaftServerConfigKeys (ConfUtils.java:logGet(43)) - raft.server.log.segment.size.max = 1048576 (custom)
2019-08-29 08:53:02,581 [pool-267-thread-1] INFO  server.RaftServerConfigKeys (ConfUtils.java:logGet(43)) - raft.server.log.segment.cache.num.max = 2 (custom)
2019-08-29 08:53:02,581 [pool-267-thread-1] INFO  segmented.SegmentedRaftLogWorker (SegmentedRaftLogWorker.java:<init>(172)) - new b5d8716d-4279-4d69-8479-a9de1a92ccc3-SegmentedRaftLogWorker:Storage Directory /workdir/hadoop-ozone/integration-test/target/test-dir/MiniOzoneClusterImpl-c09e3b94-e4ea-4fc7-980c-a61ce0b64d2e/datanode-6/data/ratis/135aedb9-bba2-4cc7-9fb0-cc41e1d5a43c for RaftStorage:Storage Directory /workdir/hadoop-ozone/integration-test/target/test-dir/MiniOzoneClusterImpl-c09e3b94-e4ea-4fc7-980c-a61ce0b64d2e/datanode-6/data/ratis/135aedb9-bba2-4cc7-9fb0-cc41e1d5a43c
2019-08-29 08:53:02,582 [pool-267-thread-1] INFO  server.RaftServerConfigKeys (ConfUtils.java:logGet(43)) - raft.server.log.queue.byte-limit = 2147483647 (custom)
2019-08-29 08:53:02,582 [pool-267-thread-1] INFO  server.RaftServerConfigKeys (ConfUtils.java:logGet(43)) - raft.server.log.queue.element-limit = 1024 (custom)
2019-08-29 08:53:02,582 [pool-267-thread-1] INFO  server.RaftServerConfigKeys (ConfUtils.java:logGet(43)) - raft.server.log.segment.size.max = 1048576 (custom)
2019-08-29 08:53:02,582 [pool-267-thread-1] INFO  server.RaftServerConfigKeys (ConfUtils.java:logGet(43)) - raft.server.log.preallocated.size = 16384 (custom)
2019-08-29 08:53:02,582 [pool-267-thread-1] INFO  server.RaftServerConfigKeys (ConfUtils.java:logGet(43)) - raft.server.log.write.buffer.size = 33554432 (custom)
2019-08-29 08:53:02,582 [pool-267-thread-1] INFO  server.RaftServerConfigKeys (ConfUtils.java:logGet(43)) - raft.server.log.force.sync.num = 128 (default)
2019-08-29 08:53:02,582 [pool-267-thread-1] INFO  server.RaftServerConfigKeys (ConfUtils.java:logGet(43)) - raft.server.log.statemachine.data.sync = true (default)
2019-08-29 08:53:02,583 [pool-267-thread-1] INFO  server.RaftServerConfigKeys (ConfUtils.java:logGet(43)) - raft.server.log.statemachine.data.sync.timeout = 10s (default)
2019-08-29 08:53:02,583 [pool-267-thread-1] INFO  server.RaftServerConfigKeys (ConfUtils.java:logGet(43)) - raft.server.log.statemachine.data.sync.timeout.retry = -1 (default)
2019-08-29 08:53:02,583 [pool-267-thread-1] INFO  server.RaftServerConfigKeys (ConfUtils.java:logGet(43)) - raft.server.log.statemachine.data.caching.enabled = true (custom)
2019-08-29 08:53:02,583 [pool-267-thread-1] INFO  segmented.SegmentedRaftLogWorker (SegmentedRaftLogWorker.java:lambda$new$0(132)) - b5d8716d-4279-4d69-8479-a9de1a92ccc3-SegmentedRaftLogWorker:Storage Directory /workdir/hadoop-ozone/integration-test/target/test-dir/MiniOzoneClusterImpl-c09e3b94-e4ea-4fc7-980c-a61ce0b64d2e/datanode-6/data/ratis/135aedb9-bba2-4cc7-9fb0-cc41e1d5a43c: flushIndex: setUnconditionally 0 -> -1
2019-08-29 08:53:02,583 [pool-267-thread-1] INFO  server.RaftServerConfigKeys (ConfUtils.java:logGet(43)) - raft.server.snapshot.auto.trigger.enabled = true (custom)
2019-08-29 08:53:02,584 [pool-267-thread-1] INFO  server.RaftServerConfigKeys (ConfUtils.java:logGet(43)) - raft.server.snapshot.auto.trigger.threshold = 10000 (custom)
2019-08-29 08:53:02,584 [pool-267-thread-1] INFO  server.RaftServerConfigKeys (ConfUtils.java:logGet(43)) - raft.server.retrycache.expirytime = 600000ms (custom)
2019-08-29 08:53:02,584 [pool-267-thread-1] INFO  impl.RaftServerImpl (RaftServerImpl.java:start(180)) - b5d8716d-4279-4d69-8479-a9de1a92ccc3: start group-CC41E1D5A43C
2019-08-29 08:53:02,584 [pool-267-thread-1] INFO  impl.RaftServerImpl (RaftServerImpl.java:setRole(171)) - b5d8716d-4279-4d69-8479-a9de1a92ccc3:group-CC41E1D5A43C changes role from null to FOLLOWER at term 0 for startAsFollower
2019-08-29 08:53:02,584 [pool-267-thread-1] INFO  impl.RoleInfo (RoleInfo.java:updateAndGet(143)) - b5d8716d-4279-4d69-8479-a9de1a92ccc3: start FollowerState
2019-08-29 08:53:02,584 [pool-267-thread-1] INFO  util.JmxRegister (JmxRegister.java:tryRegister(44)) - Successfully registered JMX Bean with object name Ratis:service=RaftServer,group=group-CC41E1D5A43C,id=b5d8716d-4279-4d69-8479-a9de1a92ccc3
2019-08-29 08:53:02,590 [RatisPipelineUtilsThread] INFO  pipeline.PipelineStateManager (PipelineStateManager.java:addPipeline(56)) - Created pipeline Pipeline[ Id: 135aedb9-bba2-4cc7-9fb0-cc41e1d5a43c, Nodes: b5d8716d-4279-4d69-8479-a9de1a92ccc3{ip: 192.168.157.249, host: pr-hdds-1949-rn9cj-2680188436, networkLocation: /default-rack, certSerialId: null}, Type:RATIS, Factor:ONE, State:OPEN]
2019-08-29 08:53:02,604 [grpc-default-executor-8] INFO  impl.RaftServerProxy (RaftServerProxy.java:addNew(89)) - c7748331-1610-4804-96a6-95eda4ac21f0: addNew group-6CD8FCDD2D82:[c7748331-1610-4804-96a6-95eda4ac21f0:192.168.157.249:39080] returns group-6CD8FCDD2D82:java.util.concurrent.CompletableFuture@21fffaa1[Not completed]
2019-08-29 08:53:02,606 [pool-257-thread-1] INFO  impl.RaftServerImpl (RaftServerImpl.java:<init>(93)) - c7748331-1610-4804-96a6-95eda4ac21f0: new RaftServerImpl for group-6CD8FCDD2D82:[c7748331-1610-4804-96a6-95eda4ac21f0:192.168.157.249:39080] with ContainerStateMachine:uninitialized
2019-08-29 08:53:02,606 [pool-257-thread-1] INFO  server.RaftServerConfigKeys (ConfUtils.java:logGet(43)) - raft.server.rpc.timeout.min = 5s (custom)
2019-08-29 08:53:02,606 [pool-257-thread-1] INFO  server.RaftServerConfigKeys (ConfUtils.java:logGet(43)) - raft.server.rpc.timeout.max = 5200ms (custom)
2019-08-29 08:53:02,606 [pool-257-thread-1] INFO  server.RaftServerConfigKeys (ConfUtils.java:logGet(43)) - raft.server.rpcslowness.timeout = 120s (custom)
2019-08-29 08:53:02,606 [pool-257-thread-1] INFO  server.RaftServerConfigKeys (ConfUtils.java:logGet(43)) - raft.server.sleep.deviation.threshold = 300 (default)
2019-08-29 08:53:02,606 [pool-257-thread-1] INFO  server.RaftServerConfigKeys (ConfUtils.java:logGet(43)) - raft.server.log.appender.install.snapshot.enabled = false (custom)
2019-08-29 08:53:02,607 [pool-257-thread-1] INFO  impl.RaftServerImpl (ServerState.java:<init>(105)) - c7748331-1610-4804-96a6-95eda4ac21f0:group-6CD8FCDD2D82 ConfigurationManager, init=-1: [c7748331-1610-4804-96a6-95eda4ac21f0:192.168.157.249:39080], old=null, confs=<EMPTY_MAP>
2019-08-29 08:53:02,607 [pool-257-thread-1] INFO  server.RaftServerConfigKeys (ConfUtils.java:logGet(43)) - raft.server.storage.dir = [/workdir/hadoop-ozone/integration-test/target/test-dir/MiniOzoneClusterImpl-c09e3b94-e4ea-4fc7-980c-a61ce0b64d2e/datanode-5/data/ratis] (custom)
2019-08-29 08:53:02,607 [pool-257-thread-1] INFO  storage.RaftStorageDirectory (RaftStorageDirectory.java:analyzeStorage(246)) - The storage directory /workdir/hadoop-ozone/integration-test/target/test-dir/MiniOzoneClusterImpl-c09e3b94-e4ea-4fc7-980c-a61ce0b64d2e/datanode-5/data/ratis/f001d6c6-62cb-41cd-a70f-6cd8fcdd2d82 does not exist. Creating ...
2019-08-29 08:53:02,620 [pool-257-thread-1] INFO  storage.RaftStorageDirectory (RaftStorageDirectory.java:tryLock(328)) - Lock on /workdir/hadoop-ozone/integration-test/target/test-dir/MiniOzoneClusterImpl-c09e3b94-e4ea-4fc7-980c-a61ce0b64d2e/datanode-5/data/ratis/f001d6c6-62cb-41cd-a70f-6cd8fcdd2d82/in_use.lock acquired by nodename 1433@pr-hdds-1949-rn9cj-2680188436
2019-08-29 08:53:02,633 [pool-257-thread-1] INFO  storage.RaftStorage (RaftStorage.java:format(72)) - Storage directory /workdir/hadoop-ozone/integration-test/target/test-dir/MiniOzoneClusterImpl-c09e3b94-e4ea-4fc7-980c-a61ce0b64d2e/datanode-5/data/ratis/f001d6c6-62cb-41cd-a70f-6cd8fcdd2d82 has been successfully formatted.
2019-08-29 08:53:02,633 [pool-257-thread-1] INFO  ratis.ContainerStateMachine (ContainerStateMachine.java:loadSnapshot(227)) - group-6CD8FCDD2D82: The snapshot info is null. Setting the last applied indexto:(t:0, i:~)
2019-08-29 08:53:02,633 [pool-257-thread-1] INFO  server.RaftServerConfigKeys (ConfUtils.java:logGet(43)) - raft.server.leader.election.timeout = 120s (custom)
2019-08-29 08:53:02,633 [pool-257-thread-1] INFO  server.RaftServerConfigKeys (ConfUtils.java:logGet(43)) - raft.server.log.use.memory = false (default)
2019-08-29 08:53:02,633 [pool-257-thread-1] INFO  server.RaftServerConfigKeys (ConfUtils.java:logGet(43)) - raft.server.log.purge.gap = 1000000 (custom)
2019-08-29 08:53:02,633 [pool-257-thread-1] INFO  server.RaftServerConfigKeys (ConfUtils.java:logGet(43)) - raft.server.log.appender.buffer.byte-limit = 33554432 (custom)
2019-08-29 08:53:02,634 [pool-257-thread-1] INFO  server.RaftServerConfigKeys (ConfUtils.java:logGet(43)) - raft.server.log.segment.size.max = 1048576 (custom)
2019-08-29 08:53:02,634 [pool-257-thread-1] INFO  server.RaftServerConfigKeys (ConfUtils.java:logGet(43)) - raft.server.log.segment.cache.num.max = 2 (custom)
2019-08-29 08:53:02,634 [pool-257-thread-1] INFO  segmented.SegmentedRaftLogWorker (SegmentedRaftLogWorker.java:<init>(172)) - new c7748331-1610-4804-96a6-95eda4ac21f0-SegmentedRaftLogWorker:Storage Directory /workdir/hadoop-ozone/integration-test/target/test-dir/MiniOzoneClusterImpl-c09e3b94-e4ea-4fc7-980c-a61ce0b64d2e/datanode-5/data/ratis/f001d6c6-62cb-41cd-a70f-6cd8fcdd2d82 for RaftStorage:Storage Directory /workdir/hadoop-ozone/integration-test/target/test-dir/MiniOzoneClusterImpl-c09e3b94-e4ea-4fc7-980c-a61ce0b64d2e/datanode-5/data/ratis/f001d6c6-62cb-41cd-a70f-6cd8fcdd2d82
2019-08-29 08:53:02,634 [pool-257-thread-1] INFO  server.RaftServerConfigKeys (ConfUtils.java:logGet(43)) - raft.server.log.queue.byte-limit = 2147483647 (custom)
2019-08-29 08:53:02,634 [pool-257-thread-1] INFO  server.RaftServerConfigKeys (ConfUtils.java:logGet(43)) - raft.server.log.queue.element-limit = 1024 (custom)
2019-08-29 08:53:02,634 [pool-257-thread-1] INFO  server.RaftServerConfigKeys (ConfUtils.java:logGet(43)) - raft.server.log.segment.size.max = 1048576 (custom)
2019-08-29 08:53:02,634 [pool-257-thread-1] INFO  server.RaftServerConfigKeys (ConfUtils.java:logGet(43)) - raft.server.log.preallocated.size = 16384 (custom)
2019-08-29 08:53:02,634 [pool-257-thread-1] INFO  server.RaftServerConfigKeys (ConfUtils.java:logGet(43)) - raft.server.log.write.buffer.size = 33554432 (custom)
2019-08-29 08:53:02,634 [pool-257-thread-1] INFO  server.RaftServerConfigKeys (ConfUtils.java:logGet(43)) - raft.server.log.force.sync.num = 128 (default)
2019-08-29 08:53:02,635 [pool-257-thread-1] INFO  server.RaftServerConfigKeys (ConfUtils.java:logGet(43)) - raft.server.log.statemachine.data.sync = true (default)
2019-08-29 08:53:02,635 [pool-257-thread-1] INFO  server.RaftServerConfigKeys (ConfUtils.java:logGet(43)) - raft.server.log.statemachine.data.sync.timeout = 10s (default)
2019-08-29 08:53:02,635 [pool-257-thread-1] INFO  server.RaftServerConfigKeys (ConfUtils.java:logGet(43)) - raft.server.log.statemachine.data.sync.timeout.retry = -1 (default)
2019-08-29 08:53:02,635 [pool-257-thread-1] INFO  server.RaftServerConfigKeys (ConfUtils.java:logGet(43)) - raft.server.log.statemachine.data.caching.enabled = true (custom)
2019-08-29 08:53:02,635 [pool-257-thread-1] INFO  segmented.SegmentedRaftLogWorker (SegmentedRaftLogWorker.java:lambda$new$0(132)) - c7748331-1610-4804-96a6-95eda4ac21f0-SegmentedRaftLogWorker:Storage Directory /workdir/hadoop-ozone/integration-test/target/test-dir/MiniOzoneClusterImpl-c09e3b94-e4ea-4fc7-980c-a61ce0b64d2e/datanode-5/data/ratis/f001d6c6-62cb-41cd-a70f-6cd8fcdd2d82: flushIndex: setUnconditionally 0 -> -1
2019-08-29 08:53:02,635 [pool-257-thread-1] INFO  server.RaftServerConfigKeys (ConfUtils.java:logGet(43)) - raft.server.snapshot.auto.trigger.enabled = true (custom)
2019-08-29 08:53:02,636 [pool-257-thread-1] INFO  server.RaftServerConfigKeys (ConfUtils.java:logGet(43)) - raft.server.snapshot.auto.trigger.threshold = 10000 (custom)
2019-08-29 08:53:02,636 [pool-257-thread-1] INFO  server.RaftServerConfigKeys (ConfUtils.java:logGet(43)) - raft.server.retrycache.expirytime = 600000ms (custom)
2019-08-29 08:53:02,636 [pool-257-thread-1] INFO  impl.RaftServerImpl (RaftServerImpl.java:start(180)) - c7748331-1610-4804-96a6-95eda4ac21f0: start group-6CD8FCDD2D82
2019-08-29 08:53:02,636 [pool-257-thread-1] INFO  impl.RaftServerImpl (RaftServerImpl.java:setRole(171)) - c7748331-1610-4804-96a6-95eda4ac21f0:group-6CD8FCDD2D82 changes role from null to FOLLOWER at term 0 for startAsFollower
2019-08-29 08:53:02,636 [pool-257-thread-1] INFO  impl.RoleInfo (RoleInfo.java:updateAndGet(143)) - c7748331-1610-4804-96a6-95eda4ac21f0: start FollowerState
2019-08-29 08:53:02,637 [pool-257-thread-1] INFO  util.JmxRegister (JmxRegister.java:tryRegister(44)) - Successfully registered JMX Bean with object name Ratis:service=RaftServer,group=group-6CD8FCDD2D82,id=c7748331-1610-4804-96a6-95eda4ac21f0
2019-08-29 08:53:02,642 [RatisPipelineUtilsThread] INFO  pipeline.PipelineStateManager (PipelineStateManager.java:addPipeline(56)) - Created pipeline Pipeline[ Id: f001d6c6-62cb-41cd-a70f-6cd8fcdd2d82, Nodes: c7748331-1610-4804-96a6-95eda4ac21f0{ip: 192.168.157.249, host: pr-hdds-1949-rn9cj-2680188436, networkLocation: /default-rack, certSerialId: null}, Type:RATIS, Factor:ONE, State:OPEN]
2019-08-29 08:53:02,650 [grpc-default-executor-8] INFO  impl.RaftServerProxy (RaftServerProxy.java:addNew(89)) - 26e75c58-7386-4b39-a251-9102d746757d: addNew group-DACBB5B50342:[26e75c58-7386-4b39-a251-9102d746757d:192.168.157.249:44391] returns group-DACBB5B50342:java.util.concurrent.CompletableFuture@76411af7[Not completed]
2019-08-29 08:53:02,651 [pool-247-thread-1] INFO  impl.RaftServerImpl (RaftServerImpl.java:<init>(93)) - 26e75c58-7386-4b39-a251-9102d746757d: new RaftServerImpl for group-DACBB5B50342:[26e75c58-7386-4b39-a251-9102d746757d:192.168.157.249:44391] with ContainerStateMachine:uninitialized
2019-08-29 08:53:02,652 [pool-247-thread-1] INFO  server.RaftServerConfigKeys (ConfUtils.java:logGet(43)) - raft.server.rpc.timeout.min = 5s (custom)
2019-08-29 08:53:02,652 [pool-247-thread-1] INFO  server.RaftServerConfigKeys (ConfUtils.java:logGet(43)) - raft.server.rpc.timeout.max = 5200ms (custom)
2019-08-29 08:53:02,652 [pool-247-thread-1] INFO  server.RaftServerConfigKeys (ConfUtils.java:logGet(43)) - raft.server.rpcslowness.timeout = 120s (custom)
2019-08-29 08:53:02,652 [pool-247-thread-1] INFO  server.RaftServerConfigKeys (ConfUtils.java:logGet(43)) - raft.server.sleep.deviation.threshold = 300 (default)
2019-08-29 08:53:02,652 [pool-247-thread-1] INFO  server.RaftServerConfigKeys (ConfUtils.java:logGet(43)) - raft.server.log.appender.install.snapshot.enabled = false (custom)
2019-08-29 08:53:02,652 [pool-247-thread-1] INFO  impl.RaftServerImpl (ServerState.java:<init>(105)) - 26e75c58-7386-4b39-a251-9102d746757d:group-DACBB5B50342 ConfigurationManager, init=-1: [26e75c58-7386-4b39-a251-9102d746757d:192.168.157.249:44391], old=null, confs=<EMPTY_MAP>
2019-08-29 08:53:02,652 [pool-247-thread-1] INFO  server.RaftServerConfigKeys (ConfUtils.java:logGet(43)) - raft.server.storage.dir = [/workdir/hadoop-ozone/integration-test/target/test-dir/MiniOzoneClusterImpl-c09e3b94-e4ea-4fc7-980c-a61ce0b64d2e/datanode-4/data/ratis] (custom)
2019-08-29 08:53:02,653 [pool-247-thread-1] INFO  storage.RaftStorageDirectory (RaftStorageDirectory.java:analyzeStorage(246)) - The storage directory /workdir/hadoop-ozone/integration-test/target/test-dir/MiniOzoneClusterImpl-c09e3b94-e4ea-4fc7-980c-a61ce0b64d2e/datanode-4/data/ratis/9fab5a56-d9af-48db-9d10-dacbb5b50342 does not exist. Creating ...
2019-08-29 08:53:02,665 [pool-247-thread-1] INFO  storage.RaftStorageDirectory (RaftStorageDirectory.java:tryLock(328)) - Lock on /workdir/hadoop-ozone/integration-test/target/test-dir/MiniOzoneClusterImpl-c09e3b94-e4ea-4fc7-980c-a61ce0b64d2e/datanode-4/data/ratis/9fab5a56-d9af-48db-9d10-dacbb5b50342/in_use.lock acquired by nodename 1433@pr-hdds-1949-rn9cj-2680188436
2019-08-29 08:53:02,685 [pool-247-thread-1] INFO  storage.RaftStorage (RaftStorage.java:format(72)) - Storage directory /workdir/hadoop-ozone/integration-test/target/test-dir/MiniOzoneClusterImpl-c09e3b94-e4ea-4fc7-980c-a61ce0b64d2e/datanode-4/data/ratis/9fab5a56-d9af-48db-9d10-dacbb5b50342 has been successfully formatted.
2019-08-29 08:53:02,686 [pool-247-thread-1] INFO  ratis.ContainerStateMachine (ContainerStateMachine.java:loadSnapshot(227)) - group-DACBB5B50342: The snapshot info is null. Setting the last applied indexto:(t:0, i:~)
2019-08-29 08:53:02,686 [pool-247-thread-1] INFO  server.RaftServerConfigKeys (ConfUtils.java:logGet(43)) - raft.server.leader.election.timeout = 120s (custom)
2019-08-29 08:53:02,686 [pool-247-thread-1] INFO  server.RaftServerConfigKeys (ConfUtils.java:logGet(43)) - raft.server.log.use.memory = false (default)
2019-08-29 08:53:02,686 [pool-247-thread-1] INFO  server.RaftServerConfigKeys (ConfUtils.java:logGet(43)) - raft.server.log.purge.gap = 1000000 (custom)
2019-08-29 08:53:02,686 [pool-247-thread-1] INFO  server.RaftServerConfigKeys (ConfUtils.java:logGet(43)) - raft.server.log.appender.buffer.byte-limit = 33554432 (custom)
2019-08-29 08:53:02,686 [pool-247-thread-1] INFO  server.RaftServerConfigKeys (ConfUtils.java:logGet(43)) - raft.server.log.segment.size.max = 1048576 (custom)
2019-08-29 08:53:02,686 [pool-247-thread-1] INFO  server.RaftServerConfigKeys (ConfUtils.java:logGet(43)) - raft.server.log.segment.cache.num.max = 2 (custom)
2019-08-29 08:53:02,687 [pool-247-thread-1] INFO  segmented.SegmentedRaftLogWorker (SegmentedRaftLogWorker.java:<init>(172)) - new 26e75c58-7386-4b39-a251-9102d746757d-SegmentedRaftLogWorker:Storage Directory /workdir/hadoop-ozone/integration-test/target/test-dir/MiniOzoneClusterImpl-c09e3b94-e4ea-4fc7-980c-a61ce0b64d2e/datanode-4/data/ratis/9fab5a56-d9af-48db-9d10-dacbb5b50342 for RaftStorage:Storage Directory /workdir/hadoop-ozone/integration-test/target/test-dir/MiniOzoneClusterImpl-c09e3b94-e4ea-4fc7-980c-a61ce0b64d2e/datanode-4/data/ratis/9fab5a56-d9af-48db-9d10-dacbb5b50342
2019-08-29 08:53:02,687 [pool-247-thread-1] INFO  server.RaftServerConfigKeys (ConfUtils.java:logGet(43)) - raft.server.log.queue.byte-limit = 2147483647 (custom)
2019-08-29 08:53:02,687 [pool-247-thread-1] INFO  server.RaftServerConfigKeys (ConfUtils.java:logGet(43)) - raft.server.log.queue.element-limit = 1024 (custom)
2019-08-29 08:53:02,687 [pool-247-thread-1] INFO  server.RaftServerConfigKeys (ConfUtils.java:logGet(43)) - raft.server.log.segment.size.max = 1048576 (custom)
2019-08-29 08:53:02,687 [pool-247-thread-1] INFO  server.RaftServerConfigKeys (ConfUtils.java:logGet(43)) - raft.server.log.preallocated.size = 16384 (custom)
2019-08-29 08:53:02,687 [pool-247-thread-1] INFO  server.RaftServerConfigKeys (ConfUtils.java:logGet(43)) - raft.server.log.write.buffer.size = 33554432 (custom)
2019-08-29 08:53:02,687 [pool-247-thread-1] INFO  server.RaftServerConfigKeys (ConfUtils.java:logGet(43)) - raft.server.log.force.sync.num = 128 (default)
2019-08-29 08:53:02,687 [pool-247-thread-1] INFO  server.RaftServerConfigKeys (ConfUtils.java:logGet(43)) - raft.server.log.statemachine.data.sync = true (default)
2019-08-29 08:53:02,687 [pool-247-thread-1] INFO  server.RaftServerConfigKeys (ConfUtils.java:logGet(43)) - raft.server.log.statemachine.data.sync.timeout = 10s (default)
2019-08-29 08:53:02,688 [pool-247-thread-1] INFO  server.RaftServerConfigKeys (ConfUtils.java:logGet(43)) - raft.server.log.statemachine.data.sync.timeout.retry = -1 (default)
2019-08-29 08:53:02,688 [pool-247-thread-1] INFO  server.RaftServerConfigKeys (ConfUtils.java:logGet(43)) - raft.server.log.statemachine.data.caching.enabled = true (custom)
2019-08-29 08:53:02,688 [pool-247-thread-1] INFO  segmented.SegmentedRaftLogWorker (SegmentedRaftLogWorker.java:lambda$new$0(132)) - 26e75c58-7386-4b39-a251-9102d746757d-SegmentedRaftLogWorker:Storage Directory /workdir/hadoop-ozone/integration-test/target/test-dir/MiniOzoneClusterImpl-c09e3b94-e4ea-4fc7-980c-a61ce0b64d2e/datanode-4/data/ratis/9fab5a56-d9af-48db-9d10-dacbb5b50342: flushIndex: setUnconditionally 0 -> -1
2019-08-29 08:53:02,688 [pool-247-thread-1] INFO  server.RaftServerConfigKeys (ConfUtils.java:logGet(43)) - raft.server.snapshot.auto.trigger.enabled = true (custom)
2019-08-29 08:53:02,689 [pool-247-thread-1] INFO  server.RaftServerConfigKeys (ConfUtils.java:logGet(43)) - raft.server.snapshot.auto.trigger.threshold = 10000 (custom)
2019-08-29 08:53:02,689 [pool-247-thread-1] INFO  server.RaftServerConfigKeys (ConfUtils.java:logGet(43)) - raft.server.retrycache.expirytime = 600000ms (custom)
2019-08-29 08:53:02,689 [pool-247-thread-1] INFO  impl.RaftServerImpl (RaftServerImpl.java:start(180)) - 26e75c58-7386-4b39-a251-9102d746757d: start group-DACBB5B50342
2019-08-29 08:53:02,689 [pool-247-thread-1] INFO  impl.RaftServerImpl (RaftServerImpl.java:setRole(171)) - 26e75c58-7386-4b39-a251-9102d746757d:group-DACBB5B50342 changes role from null to FOLLOWER at term 0 for startAsFollower
2019-08-29 08:53:02,689 [pool-247-thread-1] INFO  impl.RoleInfo (RoleInfo.java:updateAndGet(143)) - 26e75c58-7386-4b39-a251-9102d746757d: start FollowerState
2019-08-29 08:53:02,690 [pool-247-thread-1] INFO  util.JmxRegister (JmxRegister.java:tryRegister(44)) - Successfully registered JMX Bean with object name Ratis:service=RaftServer,group=group-DACBB5B50342,id=26e75c58-7386-4b39-a251-9102d746757d
2019-08-29 08:53:02,695 [RatisPipelineUtilsThread] INFO  pipeline.PipelineStateManager (PipelineStateManager.java:addPipeline(56)) - Created pipeline Pipeline[ Id: 9fab5a56-d9af-48db-9d10-dacbb5b50342, Nodes: 26e75c58-7386-4b39-a251-9102d746757d{ip: 192.168.157.249, host: pr-hdds-1949-rn9cj-2680188436, networkLocation: /default-rack, certSerialId: null}, Type:RATIS, Factor:ONE, State:OPEN]
2019-08-29 08:53:03,524 [main] INFO  ozone.MiniOzoneClusterImpl (MiniOzoneClusterImpl.java:lambda$waitForClusterToBeReady$0(142)) - Cluster is ready. Got 7 of 7 DN Heartbeats.
2019-08-29 08:53:03,564 [main] INFO  rpc.RpcClient (RpcClient.java:createVolume(293)) - Creating Volume: watchforcommithandlingtest, with jenkins1000 as owner.
2019-08-29 08:53:03,567 | INFO  | OMAudit | user=jenkins1000 | ip=127.0.0.1 | op=CREATE_VOLUME {admin=jenkins1000, owner=jenkins1000, volume=watchforcommithandlingtest, creationTime=1567068783566, quotaInBytes=1152921504606846976} | ret=SUCCESS |  
2019-08-29 08:53:03,577 | INFO  | OMAudit | user=jenkins1000 | ip=127.0.0.1 | op=READ_VOLUME {volume=watchforcommithandlingtest} | ret=SUCCESS |  
2019-08-29 08:53:03,578 [main] INFO  rpc.RpcClient (RpcClient.java:createBucket(432)) - Creating Bucket: watchforcommithandlingtest/watchforcommithandlingtest, with Versioning false and Storage Type set to DISK and Encryption set to false 
2019-08-29 08:53:03,582 | INFO  | OMAudit | user=jenkins1000 | ip=127.0.0.1 | op=CREATE_BUCKET {volume=watchforcommithandlingtest, bucket=watchforcommithandlingtest, acls=[user:jenkins1000:a[ACCESS], group:default:a[ACCESS]], isVersionEnabled=false, storageType=DISK, creationTime=0} | ret=SUCCESS |  
2019-08-29 08:53:03,583 [main] INFO  ozone.MiniOzoneClusterImpl (MiniOzoneClusterImpl.java:getStorageContainerLocationClient(229)) - Creating StorageContainerLocationProtocol RPC client with address /0.0.0.0:42087
2019-08-29 08:53:03,604 [grpc-default-executor-9] INFO  client.GrpcClientProtocolClient (GrpcClientProtocolClient.java:onNext(255)) - client-B9F18B614CC6->5e15a3b6-5f03-4f8b-97cb-1147b69105c5: receive RaftClientReply:client-B9F18B614CC6->5e15a3b6-5f03-4f8b-97cb-1147b69105c5@group-C09FB5D8F8A0, cid=66, FAILED org.apache.ratis.protocol.NotLeaderException: Server 5e15a3b6-5f03-4f8b-97cb-1147b69105c5 is not the leader (null). Request must be sent to leader., logIndex=0, commits[5e15a3b6-5f03-4f8b-97cb-1147b69105c5:c-1]
2019-08-29 08:53:04,133 | INFO  | SCMAudit | user=jenkins1000 | ip=192.168.157.249 | op=SEND_HEARTBEAT {datanodeUUID=38df5515-2a57-4b02-8cf5-3b32e9453973, command=[]} | ret=SUCCESS |  
2019-08-29 08:53:04,203 | INFO  | SCMAudit | user=jenkins1000 | ip=192.168.157.249 | op=SEND_HEARTBEAT {datanodeUUID=5e15a3b6-5f03-4f8b-97cb-1147b69105c5, command=[]} | ret=SUCCESS |  
2019-08-29 08:53:04,273 | INFO  | SCMAudit | user=jenkins1000 | ip=192.168.157.249 | op=SEND_HEARTBEAT {datanodeUUID=3a747f42-8091-4aa7-8d68-ad64487492d2, command=[]} | ret=SUCCESS |  
2019-08-29 08:53:04,336 | INFO  | SCMAudit | user=jenkins1000 | ip=192.168.157.249 | op=SEND_HEARTBEAT {datanodeUUID=697242c0-2364-468f-8836-aed0940a59a8, command=[]} | ret=SUCCESS |  
2019-08-29 08:53:04,402 | INFO  | SCMAudit | user=jenkins1000 | ip=192.168.157.249 | op=SEND_HEARTBEAT {datanodeUUID=26e75c58-7386-4b39-a251-9102d746757d, command=[]} | ret=SUCCESS |  
2019-08-29 08:53:04,465 | INFO  | SCMAudit | user=jenkins1000 | ip=192.168.157.249 | op=SEND_HEARTBEAT {datanodeUUID=c7748331-1610-4804-96a6-95eda4ac21f0, command=[]} | ret=SUCCESS |  
2019-08-29 08:53:04,523 | INFO  | SCMAudit | user=jenkins1000 | ip=192.168.157.249 | op=SEND_HEARTBEAT {datanodeUUID=b5d8716d-4279-4d69-8479-a9de1a92ccc3, command=[]} | ret=SUCCESS |  
2019-08-29 08:53:04,629 [grpc-default-executor-11] INFO  client.GrpcClientProtocolClient (GrpcClientProtocolClient.java:onNext(255)) - client-B9F18B614CC6->697242c0-2364-468f-8836-aed0940a59a8: receive RaftClientReply:client-B9F18B614CC6->697242c0-2364-468f-8836-aed0940a59a8@group-C09FB5D8F8A0, cid=66, FAILED org.apache.ratis.protocol.NotLeaderException: Server 697242c0-2364-468f-8836-aed0940a59a8 is not the leader (null). Request must be sent to leader., logIndex=0, commits[697242c0-2364-468f-8836-aed0940a59a8:c-1]
2019-08-29 08:53:05,133 | INFO  | SCMAudit | user=jenkins1000 | ip=192.168.157.249 | op=SEND_HEARTBEAT {datanodeUUID=38df5515-2a57-4b02-8cf5-3b32e9453973, command=[]} | ret=SUCCESS |  
2019-08-29 08:53:05,145 [Thread-1413] INFO  container.ReplicationManager (ReplicationManager.java:start(152)) - Starting Replication Monitor Thread.
2019-08-29 08:53:05,150 [ReplicationMonitor] INFO  container.ReplicationManager (ReplicationManager.java:run(215)) - Replication Monitor Thread took 1 milliseconds for processing 1 containers.
2019-08-29 08:53:05,203 | INFO  | SCMAudit | user=jenkins1000 | ip=192.168.157.249 | op=SEND_HEARTBEAT {datanodeUUID=5e15a3b6-5f03-4f8b-97cb-1147b69105c5, command=[]} | ret=SUCCESS |  
2019-08-29 08:53:05,272 | INFO  | SCMAudit | user=jenkins1000 | ip=192.168.157.249 | op=SEND_HEARTBEAT {datanodeUUID=3a747f42-8091-4aa7-8d68-ad64487492d2, command=[]} | ret=SUCCESS |  
2019-08-29 08:53:05,337 | INFO  | SCMAudit | user=jenkins1000 | ip=192.168.157.249 | op=SEND_HEARTBEAT {datanodeUUID=697242c0-2364-468f-8836-aed0940a59a8, command=[]} | ret=SUCCESS |  
2019-08-29 08:53:05,402 | INFO  | SCMAudit | user=jenkins1000 | ip=192.168.157.249 | op=SEND_HEARTBEAT {datanodeUUID=26e75c58-7386-4b39-a251-9102d746757d, command=[]} | ret=SUCCESS |  
2019-08-29 08:53:05,465 | INFO  | SCMAudit | user=jenkins1000 | ip=192.168.157.249 | op=SEND_HEARTBEAT {datanodeUUID=c7748331-1610-4804-96a6-95eda4ac21f0, command=[]} | ret=SUCCESS |  
2019-08-29 08:53:05,524 | INFO  | SCMAudit | user=jenkins1000 | ip=192.168.157.249 | op=SEND_HEARTBEAT {datanodeUUID=b5d8716d-4279-4d69-8479-a9de1a92ccc3, command=[]} | ret=SUCCESS |  
2019-08-29 08:53:05,646 [grpc-default-executor-11] INFO  client.GrpcClientProtocolClient (GrpcClientProtocolClient.java:onNext(255)) - client-B9F18B614CC6->5e15a3b6-5f03-4f8b-97cb-1147b69105c5: receive RaftClientReply:client-B9F18B614CC6->5e15a3b6-5f03-4f8b-97cb-1147b69105c5@group-C09FB5D8F8A0, cid=66, FAILED org.apache.ratis.protocol.NotLeaderException: Server 5e15a3b6-5f03-4f8b-97cb-1147b69105c5 is not the leader (null). Request must be sent to leader., logIndex=0, commits[5e15a3b6-5f03-4f8b-97cb-1147b69105c5:c-1]
2019-08-29 08:53:06,133 | INFO  | SCMAudit | user=jenkins1000 | ip=192.168.157.249 | op=SEND_HEARTBEAT {datanodeUUID=38df5515-2a57-4b02-8cf5-3b32e9453973, command=[]} | ret=SUCCESS |  
2019-08-29 08:53:06,203 | INFO  | SCMAudit | user=jenkins1000 | ip=192.168.157.249 | op=SEND_HEARTBEAT {datanodeUUID=5e15a3b6-5f03-4f8b-97cb-1147b69105c5, command=[]} | ret=SUCCESS |  
2019-08-29 08:53:06,273 | INFO  | SCMAudit | user=jenkins1000 | ip=192.168.157.249 | op=SEND_HEARTBEAT {datanodeUUID=3a747f42-8091-4aa7-8d68-ad64487492d2, command=[]} | ret=SUCCESS |  
2019-08-29 08:53:06,336 | INFO  | SCMAudit | user=jenkins1000 | ip=192.168.157.249 | op=SEND_HEARTBEAT {datanodeUUID=697242c0-2364-468f-8836-aed0940a59a8, command=[]} | ret=SUCCESS |  
2019-08-29 08:53:06,402 | INFO  | SCMAudit | user=jenkins1000 | ip=192.168.157.249 | op=SEND_HEARTBEAT {datanodeUUID=26e75c58-7386-4b39-a251-9102d746757d, command=[]} | ret=SUCCESS |  
2019-08-29 08:53:06,466 | INFO  | SCMAudit | user=jenkins1000 | ip=192.168.157.249 | op=SEND_HEARTBEAT {datanodeUUID=c7748331-1610-4804-96a6-95eda4ac21f0, command=[]} | ret=SUCCESS |  
2019-08-29 08:53:06,523 | INFO  | SCMAudit | user=jenkins1000 | ip=192.168.157.249 | op=SEND_HEARTBEAT {datanodeUUID=b5d8716d-4279-4d69-8479-a9de1a92ccc3, command=[]} | ret=SUCCESS |  
2019-08-29 08:53:06,665 [grpc-default-executor-8] INFO  client.GrpcClientProtocolClient (GrpcClientProtocolClient.java:onNext(255)) - client-B9F18B614CC6->697242c0-2364-468f-8836-aed0940a59a8: receive RaftClientReply:client-B9F18B614CC6->697242c0-2364-468f-8836-aed0940a59a8@group-C09FB5D8F8A0, cid=66, FAILED org.apache.ratis.protocol.NotLeaderException: Server 697242c0-2364-468f-8836-aed0940a59a8 is not the leader (null). Request must be sent to leader., logIndex=0, commits[697242c0-2364-468f-8836-aed0940a59a8:c-1]
2019-08-29 08:53:07,133 | INFO  | SCMAudit | user=jenkins1000 | ip=192.168.157.249 | op=SEND_HEARTBEAT {datanodeUUID=38df5515-2a57-4b02-8cf5-3b32e9453973, command=[]} | ret=SUCCESS |  
2019-08-29 08:53:07,203 | INFO  | SCMAudit | user=jenkins1000 | ip=192.168.157.249 | op=SEND_HEARTBEAT {datanodeUUID=5e15a3b6-5f03-4f8b-97cb-1147b69105c5, command=[]} | ret=SUCCESS |  
2019-08-29 08:53:07,274 | INFO  | SCMAudit | user=jenkins1000 | ip=192.168.157.249 | op=SEND_HEARTBEAT {datanodeUUID=3a747f42-8091-4aa7-8d68-ad64487492d2, command=[]} | ret=SUCCESS |  
2019-08-29 08:53:07,337 | INFO  | SCMAudit | user=jenkins1000 | ip=192.168.157.249 | op=SEND_HEARTBEAT {datanodeUUID=697242c0-2364-468f-8836-aed0940a59a8, command=[]} | ret=SUCCESS |  
2019-08-29 08:53:07,358 [Thread-1415] INFO  impl.FollowerState (FollowerState.java:run(106)) - 38df5515-2a57-4b02-8cf5-3b32e9453973:group-D88D5FBE9406 changes to CANDIDATE, lastRpcTime:5167, electionTimeout:5167ms
2019-08-29 08:53:07,359 [Thread-1415] INFO  impl.RoleInfo (RoleInfo.java:shutdownFollowerState(121)) - 38df5515-2a57-4b02-8cf5-3b32e9453973: shutdown FollowerState
2019-08-29 08:53:07,359 [Thread-1415] INFO  impl.RaftServerImpl (RaftServerImpl.java:setRole(171)) - 38df5515-2a57-4b02-8cf5-3b32e9453973:group-D88D5FBE9406 changes role from FOLLOWER to CANDIDATE at term 0 for changeToCandidate
2019-08-29 08:53:07,359 [Thread-1415] INFO  impl.RoleInfo (RoleInfo.java:updateAndGet(143)) - 38df5515-2a57-4b02-8cf5-3b32e9453973: start LeaderElection
2019-08-29 08:53:07,403 | INFO  | SCMAudit | user=jenkins1000 | ip=192.168.157.249 | op=SEND_HEARTBEAT {datanodeUUID=26e75c58-7386-4b39-a251-9102d746757d, command=[]} | ret=SUCCESS |  
2019-08-29 08:53:07,447 [Thread-1424] INFO  impl.FollowerState (FollowerState.java:run(106)) - 3a747f42-8091-4aa7-8d68-ad64487492d2:group-9BE0671384DE changes to CANDIDATE, lastRpcTime:5117, electionTimeout:5117ms
2019-08-29 08:53:07,447 [Thread-1424] INFO  impl.RoleInfo (RoleInfo.java:shutdownFollowerState(121)) - 3a747f42-8091-4aa7-8d68-ad64487492d2: shutdown FollowerState
2019-08-29 08:53:07,447 [Thread-1424] INFO  impl.RaftServerImpl (RaftServerImpl.java:setRole(171)) - 3a747f42-8091-4aa7-8d68-ad64487492d2:group-9BE0671384DE changes role from FOLLOWER to CANDIDATE at term 0 for changeToCandidate
2019-08-29 08:53:07,447 [Thread-1424] INFO  impl.RoleInfo (RoleInfo.java:updateAndGet(143)) - 3a747f42-8091-4aa7-8d68-ad64487492d2: start LeaderElection
2019-08-29 08:53:07,459 [Thread-1421] INFO  impl.FollowerState (FollowerState.java:run(106)) - 5e15a3b6-5f03-4f8b-97cb-1147b69105c5:group-9934901D8492 changes to CANDIDATE, lastRpcTime:5175, electionTimeout:5175ms
2019-08-29 08:53:07,459 [Thread-1421] INFO  impl.RoleInfo (RoleInfo.java:shutdownFollowerState(121)) - 5e15a3b6-5f03-4f8b-97cb-1147b69105c5: shutdown FollowerState
2019-08-29 08:53:07,459 [Thread-1421] INFO  impl.RaftServerImpl (RaftServerImpl.java:setRole(171)) - 5e15a3b6-5f03-4f8b-97cb-1147b69105c5:group-9934901D8492 changes role from FOLLOWER to CANDIDATE at term 0 for changeToCandidate
2019-08-29 08:53:07,459 [Thread-1421] INFO  impl.RoleInfo (RoleInfo.java:updateAndGet(143)) - 5e15a3b6-5f03-4f8b-97cb-1147b69105c5: start LeaderElection
2019-08-29 08:53:07,466 | INFO  | SCMAudit | user=jenkins1000 | ip=192.168.157.249 | op=SEND_HEARTBEAT {datanodeUUID=c7748331-1610-4804-96a6-95eda4ac21f0, command=[]} | ret=SUCCESS |  
2019-08-29 08:53:07,509 [Thread-1430] INFO  impl.FollowerState (FollowerState.java:run(106)) - 5e15a3b6-5f03-4f8b-97cb-1147b69105c5:group-C09FB5D8F8A0 changes to CANDIDATE, lastRpcTime:5052, electionTimeout:5052ms
2019-08-29 08:53:07,509 [Thread-1430] INFO  impl.RoleInfo (RoleInfo.java:shutdownFollowerState(121)) - 5e15a3b6-5f03-4f8b-97cb-1147b69105c5: shutdown FollowerState
2019-08-29 08:53:07,509 [Thread-1430] INFO  impl.RaftServerImpl (RaftServerImpl.java:setRole(171)) - 5e15a3b6-5f03-4f8b-97cb-1147b69105c5:group-C09FB5D8F8A0 changes role from FOLLOWER to CANDIDATE at term 0 for changeToCandidate
2019-08-29 08:53:07,509 [Thread-1430] INFO  impl.RoleInfo (RoleInfo.java:updateAndGet(143)) - 5e15a3b6-5f03-4f8b-97cb-1147b69105c5: start LeaderElection
2019-08-29 08:53:07,523 | INFO  | SCMAudit | user=jenkins1000 | ip=192.168.157.249 | op=SEND_HEARTBEAT {datanodeUUID=b5d8716d-4279-4d69-8479-a9de1a92ccc3, command=[]} | ret=SUCCESS |  
2019-08-29 08:53:07,530 [Thread-1439] INFO  impl.FollowerState (FollowerState.java:run(106)) - 38df5515-2a57-4b02-8cf5-3b32e9453973:group-6A5B3F5F37C2 changes to CANDIDATE, lastRpcTime:5000, electionTimeout:5000ms
2019-08-29 08:53:07,530 [Thread-1439] INFO  impl.RoleInfo (RoleInfo.java:shutdownFollowerState(121)) - 38df5515-2a57-4b02-8cf5-3b32e9453973: shutdown FollowerState
2019-08-29 08:53:07,530 [Thread-1439] INFO  impl.RaftServerImpl (RaftServerImpl.java:setRole(171)) - 38df5515-2a57-4b02-8cf5-3b32e9453973:group-6A5B3F5F37C2 changes role from FOLLOWER to CANDIDATE at term 0 for changeToCandidate
2019-08-29 08:53:07,531 [Thread-1439] INFO  impl.RoleInfo (RoleInfo.java:updateAndGet(143)) - 38df5515-2a57-4b02-8cf5-3b32e9453973: start LeaderElection
2019-08-29 08:53:07,575 [Thread-1427] INFO  impl.FollowerState (FollowerState.java:run(106)) - 697242c0-2364-468f-8836-aed0940a59a8:group-9CE8827E97ED changes to CANDIDATE, lastRpcTime:5198, electionTimeout:5198ms
2019-08-29 08:53:07,575 [Thread-1427] INFO  impl.RoleInfo (RoleInfo.java:shutdownFollowerState(121)) - 697242c0-2364-468f-8836-aed0940a59a8: shutdown FollowerState
2019-08-29 08:53:07,576 [Thread-1427] INFO  impl.RaftServerImpl (RaftServerImpl.java:setRole(171)) - 697242c0-2364-468f-8836-aed0940a59a8:group-9CE8827E97ED changes role from FOLLOWER to CANDIDATE at term 0 for changeToCandidate
2019-08-29 08:53:07,576 [Thread-1427] INFO  impl.RoleInfo (RoleInfo.java:updateAndGet(143)) - 697242c0-2364-468f-8836-aed0940a59a8: start LeaderElection
2019-08-29 08:53:07,583 [Thread-1434] INFO  impl.FollowerState (FollowerState.java:run(106)) - 3a747f42-8091-4aa7-8d68-ad64487492d2:group-C09FB5D8F8A0 changes to CANDIDATE, lastRpcTime:5118, electionTimeout:5117ms
2019-08-29 08:53:07,583 [Thread-1434] INFO  impl.RoleInfo (RoleInfo.java:shutdownFollowerState(121)) - 3a747f42-8091-4aa7-8d68-ad64487492d2: shutdown FollowerState
2019-08-29 08:53:07,583 [Thread-1434] INFO  impl.RaftServerImpl (RaftServerImpl.java:setRole(171)) - 3a747f42-8091-4aa7-8d68-ad64487492d2:group-C09FB5D8F8A0 changes role from FOLLOWER to CANDIDATE at term 0 for changeToCandidate
2019-08-29 08:53:07,583 [Thread-1434] INFO  impl.RoleInfo (RoleInfo.java:updateAndGet(143)) - 3a747f42-8091-4aa7-8d68-ad64487492d2: start LeaderElection
2019-08-29 08:53:07,642 [Thread-1435] INFO  impl.FollowerState (FollowerState.java:run(106)) - 697242c0-2364-468f-8836-aed0940a59a8:group-C09FB5D8F8A0 changes to CANDIDATE, lastRpcTime:5179, electionTimeout:5179ms
2019-08-29 08:53:07,642 [Thread-1435] INFO  impl.RoleInfo (RoleInfo.java:shutdownFollowerState(121)) - 697242c0-2364-468f-8836-aed0940a59a8: shutdown FollowerState
2019-08-29 08:53:07,643 [Thread-1435] INFO  impl.RaftServerImpl (RaftServerImpl.java:setRole(171)) - 697242c0-2364-468f-8836-aed0940a59a8:group-C09FB5D8F8A0 changes role from FOLLOWER to CANDIDATE at term 0 for changeToCandidate
2019-08-29 08:53:07,643 [Thread-1435] INFO  impl.RoleInfo (RoleInfo.java:updateAndGet(143)) - 697242c0-2364-468f-8836-aed0940a59a8: start LeaderElection
2019-08-29 08:53:07,660 [Thread-1451] INFO  impl.FollowerState (FollowerState.java:run(106)) - c7748331-1610-4804-96a6-95eda4ac21f0:group-6CD8FCDD2D82 changes to CANDIDATE, lastRpcTime:5023, electionTimeout:5023ms
2019-08-29 08:53:07,660 [Thread-1451] INFO  impl.RoleInfo (RoleInfo.java:shutdownFollowerState(121)) - c7748331-1610-4804-96a6-95eda4ac21f0: shutdown FollowerState
2019-08-29 08:53:07,660 [Thread-1451] INFO  impl.RaftServerImpl (RaftServerImpl.java:setRole(171)) - c7748331-1610-4804-96a6-95eda4ac21f0:group-6CD8FCDD2D82 changes role from FOLLOWER to CANDIDATE at term 0 for changeToCandidate
2019-08-29 08:53:07,660 [Thread-1451] INFO  impl.RoleInfo (RoleInfo.java:updateAndGet(143)) - c7748331-1610-4804-96a6-95eda4ac21f0: start LeaderElection
2019-08-29 08:53:07,671 [Thread-1442] INFO  impl.FollowerState (FollowerState.java:run(106)) - c7748331-1610-4804-96a6-95eda4ac21f0:group-6A5B3F5F37C2 changes to CANDIDATE, lastRpcTime:5139, electionTimeout:5136ms
2019-08-29 08:53:07,671 [Thread-1442] INFO  impl.RoleInfo (RoleInfo.java:shutdownFollowerState(121)) - c7748331-1610-4804-96a6-95eda4ac21f0: shutdown FollowerState
2019-08-29 08:53:07,671 [Thread-1442] INFO  impl.RaftServerImpl (RaftServerImpl.java:setRole(171)) - c7748331-1610-4804-96a6-95eda4ac21f0:group-6A5B3F5F37C2 changes role from FOLLOWER to CANDIDATE at term 0 for changeToCandidate
2019-08-29 08:53:07,672 [Thread-1442] INFO  impl.RoleInfo (RoleInfo.java:updateAndGet(143)) - c7748331-1610-4804-96a6-95eda4ac21f0: start LeaderElection
2019-08-29 08:53:07,678 [Thread-1445] INFO  impl.FollowerState (FollowerState.java:run(106)) - 26e75c58-7386-4b39-a251-9102d746757d:group-6A5B3F5F37C2 changes to CANDIDATE, lastRpcTime:5138, electionTimeout:5138ms
2019-08-29 08:53:07,678 [Thread-1445] INFO  impl.RoleInfo (RoleInfo.java:shutdownFollowerState(121)) - 26e75c58-7386-4b39-a251-9102d746757d: shutdown FollowerState
2019-08-29 08:53:07,678 [Thread-1445] INFO  impl.RaftServerImpl (RaftServerImpl.java:setRole(171)) - 26e75c58-7386-4b39-a251-9102d746757d:group-6A5B3F5F37C2 changes role from FOLLOWER to CANDIDATE at term 0 for changeToCandidate
2019-08-29 08:53:07,679 [Thread-1445] INFO  impl.RoleInfo (RoleInfo.java:updateAndGet(143)) - 26e75c58-7386-4b39-a251-9102d746757d: start LeaderElection
2019-08-29 08:53:07,690 [Thread-1454] INFO  impl.FollowerState (FollowerState.java:run(106)) - 26e75c58-7386-4b39-a251-9102d746757d:group-DACBB5B50342 changes to CANDIDATE, lastRpcTime:5000, electionTimeout:5000ms
2019-08-29 08:53:07,690 [Thread-1454] INFO  impl.RoleInfo (RoleInfo.java:shutdownFollowerState(121)) - 26e75c58-7386-4b39-a251-9102d746757d: shutdown FollowerState
2019-08-29 08:53:07,693 [Thread-1454] INFO  impl.RaftServerImpl (RaftServerImpl.java:setRole(171)) - 26e75c58-7386-4b39-a251-9102d746757d:group-DACBB5B50342 changes role from FOLLOWER to CANDIDATE at term 0 for changeToCandidate
2019-08-29 08:53:07,693 [Thread-1454] INFO  impl.RoleInfo (RoleInfo.java:updateAndGet(143)) - 26e75c58-7386-4b39-a251-9102d746757d: start LeaderElection
2019-08-29 08:53:07,693 [grpc-default-executor-11] INFO  client.GrpcClientProtocolClient (GrpcClientProtocolClient.java:onNext(255)) - client-B9F18B614CC6->3a747f42-8091-4aa7-8d68-ad64487492d2: receive RaftClientReply:client-B9F18B614CC6->3a747f42-8091-4aa7-8d68-ad64487492d2@group-C09FB5D8F8A0, cid=66, FAILED org.apache.ratis.protocol.NotLeaderException: Server 3a747f42-8091-4aa7-8d68-ad64487492d2 is not the leader (null). Request must be sent to leader., logIndex=0, commits[3a747f42-8091-4aa7-8d68-ad64487492d2:c-1]
2019-08-29 08:53:07,704 [Thread-1448] INFO  impl.FollowerState (FollowerState.java:run(106)) - b5d8716d-4279-4d69-8479-a9de1a92ccc3:group-CC41E1D5A43C changes to CANDIDATE, lastRpcTime:5119, electionTimeout:5118ms
2019-08-29 08:53:07,706 [Thread-1448] INFO  impl.RoleInfo (RoleInfo.java:shutdownFollowerState(121)) - b5d8716d-4279-4d69-8479-a9de1a92ccc3: shutdown FollowerState
2019-08-29 08:53:07,706 [Thread-1448] INFO  impl.RaftServerImpl (RaftServerImpl.java:setRole(171)) - b5d8716d-4279-4d69-8479-a9de1a92ccc3:group-CC41E1D5A43C changes role from FOLLOWER to CANDIDATE at term 0 for changeToCandidate
2019-08-29 08:53:07,706 [Thread-1448] INFO  impl.RoleInfo (RoleInfo.java:updateAndGet(143)) - b5d8716d-4279-4d69-8479-a9de1a92ccc3: start LeaderElection
2019-08-29 08:53:08,133 | INFO  | SCMAudit | user=jenkins1000 | ip=192.168.157.249 | op=SEND_HEARTBEAT {datanodeUUID=38df5515-2a57-4b02-8cf5-3b32e9453973, command=[]} | ret=SUCCESS |  
2019-08-29 08:53:08,202 | INFO  | SCMAudit | user=jenkins1000 | ip=192.168.157.249 | op=SEND_HEARTBEAT {datanodeUUID=5e15a3b6-5f03-4f8b-97cb-1147b69105c5, command=[]} | ret=SUCCESS |  
2019-08-29 08:53:08,274 | INFO  | SCMAudit | user=jenkins1000 | ip=192.168.157.249 | op=SEND_HEARTBEAT {datanodeUUID=3a747f42-8091-4aa7-8d68-ad64487492d2, command=[]} | ret=SUCCESS |  
2019-08-29 08:53:08,336 | INFO  | SCMAudit | user=jenkins1000 | ip=192.168.157.249 | op=SEND_HEARTBEAT {datanodeUUID=697242c0-2364-468f-8836-aed0940a59a8, command=[]} | ret=SUCCESS |  
2019-08-29 08:53:08,404 | INFO  | SCMAudit | user=jenkins1000 | ip=192.168.157.249 | op=SEND_HEARTBEAT {datanodeUUID=26e75c58-7386-4b39-a251-9102d746757d, command=[]} | ret=SUCCESS |  
2019-08-29 08:53:08,465 | INFO  | SCMAudit | user=jenkins1000 | ip=192.168.157.249 | op=SEND_HEARTBEAT {datanodeUUID=c7748331-1610-4804-96a6-95eda4ac21f0, command=[]} | ret=SUCCESS |  
2019-08-29 08:53:08,524 | INFO  | SCMAudit | user=jenkins1000 | ip=192.168.157.249 | op=SEND_HEARTBEAT {datanodeUUID=b5d8716d-4279-4d69-8479-a9de1a92ccc3, command=[]} | ret=SUCCESS |  
2019-08-29 08:53:08,729 [grpc-default-executor-11] INFO  client.GrpcClientProtocolClient (GrpcClientProtocolClient.java:onNext(255)) - client-B9F18B614CC6->697242c0-2364-468f-8836-aed0940a59a8: receive RaftClientReply:client-B9F18B614CC6->697242c0-2364-468f-8836-aed0940a59a8@group-C09FB5D8F8A0, cid=66, FAILED org.apache.ratis.protocol.NotLeaderException: Server 697242c0-2364-468f-8836-aed0940a59a8 is not the leader (null). Request must be sent to leader., logIndex=0, commits[697242c0-2364-468f-8836-aed0940a59a8:c-1]
2019-08-29 08:53:09,133 | INFO  | SCMAudit | user=jenkins1000 | ip=192.168.157.249 | op=SEND_HEARTBEAT {datanodeUUID=38df5515-2a57-4b02-8cf5-3b32e9453973, command=[]} | ret=SUCCESS |  
2019-08-29 08:53:09,202 | INFO  | SCMAudit | user=jenkins1000 | ip=192.168.157.249 | op=SEND_HEARTBEAT {datanodeUUID=5e15a3b6-5f03-4f8b-97cb-1147b69105c5, command=[]} | ret=SUCCESS |  
2019-08-29 08:53:09,274 | INFO  | SCMAudit | user=jenkins1000 | ip=192.168.157.249 | op=SEND_HEARTBEAT {datanodeUUID=3a747f42-8091-4aa7-8d68-ad64487492d2, command=[]} | ret=SUCCESS |  
2019-08-29 08:53:09,337 | INFO  | SCMAudit | user=jenkins1000 | ip=192.168.157.249 | op=SEND_HEARTBEAT {datanodeUUID=697242c0-2364-468f-8836-aed0940a59a8, command=[]} | ret=SUCCESS |  
2019-08-29 08:53:09,403 | INFO  | SCMAudit | user=jenkins1000 | ip=192.168.157.249 | op=SEND_HEARTBEAT {datanodeUUID=26e75c58-7386-4b39-a251-9102d746757d, command=[]} | ret=SUCCESS |  
2019-08-29 08:53:09,466 | INFO  | SCMAudit | user=jenkins1000 | ip=192.168.157.249 | op=SEND_HEARTBEAT {datanodeUUID=c7748331-1610-4804-96a6-95eda4ac21f0, command=[]} | ret=SUCCESS |  
2019-08-29 08:53:09,524 | INFO  | SCMAudit | user=jenkins1000 | ip=192.168.157.249 | op=SEND_HEARTBEAT {datanodeUUID=b5d8716d-4279-4d69-8479-a9de1a92ccc3, command=[]} | ret=SUCCESS |  
2019-08-29 08:53:09,750 [grpc-default-executor-11] INFO  client.GrpcClientProtocolClient (GrpcClientProtocolClient.java:onNext(255)) - client-B9F18B614CC6->5e15a3b6-5f03-4f8b-97cb-1147b69105c5: receive RaftClientReply:client-B9F18B614CC6->5e15a3b6-5f03-4f8b-97cb-1147b69105c5@group-C09FB5D8F8A0, cid=66, FAILED org.apache.ratis.protocol.NotLeaderException: Server 5e15a3b6-5f03-4f8b-97cb-1147b69105c5 is not the leader (null). Request must be sent to leader., logIndex=0, commits[5e15a3b6-5f03-4f8b-97cb-1147b69105c5:c-1]
2019-08-29 08:53:10,133 | INFO  | SCMAudit | user=jenkins1000 | ip=192.168.157.249 | op=SEND_HEARTBEAT {datanodeUUID=38df5515-2a57-4b02-8cf5-3b32e9453973, command=[]} | ret=SUCCESS |  
2019-08-29 08:53:10,203 | INFO  | SCMAudit | user=jenkins1000 | ip=192.168.157.249 | op=SEND_HEARTBEAT {datanodeUUID=5e15a3b6-5f03-4f8b-97cb-1147b69105c5, command=[]} | ret=SUCCESS |  
2019-08-29 08:53:10,274 | INFO  | SCMAudit | user=jenkins1000 | ip=192.168.157.249 | op=SEND_HEARTBEAT {datanodeUUID=3a747f42-8091-4aa7-8d68-ad64487492d2, command=[]} | ret=SUCCESS |  
2019-08-29 08:53:10,336 | INFO  | SCMAudit | user=jenkins1000 | ip=192.168.157.249 | op=SEND_HEARTBEAT {datanodeUUID=697242c0-2364-468f-8836-aed0940a59a8, command=[]} | ret=SUCCESS |  
2019-08-29 08:53:10,402 | INFO  | SCMAudit | user=jenkins1000 | ip=192.168.157.249 | op=SEND_HEARTBEAT {datanodeUUID=26e75c58-7386-4b39-a251-9102d746757d, command=[]} | ret=SUCCESS |  
2019-08-29 08:53:10,466 | INFO  | SCMAudit | user=jenkins1000 | ip=192.168.157.249 | op=SEND_HEARTBEAT {datanodeUUID=c7748331-1610-4804-96a6-95eda4ac21f0, command=[]} | ret=SUCCESS |  
2019-08-29 08:53:10,524 | INFO  | SCMAudit | user=jenkins1000 | ip=192.168.157.249 | op=SEND_HEARTBEAT {datanodeUUID=b5d8716d-4279-4d69-8479-a9de1a92ccc3, command=[]} | ret=SUCCESS |  
2019-08-29 08:53:10,767 [grpc-default-executor-8] INFO  client.GrpcClientProtocolClient (GrpcClientProtocolClient.java:onNext(255)) - client-B9F18B614CC6->3a747f42-8091-4aa7-8d68-ad64487492d2: receive RaftClientReply:client-B9F18B614CC6->3a747f42-8091-4aa7-8d68-ad64487492d2@group-C09FB5D8F8A0, cid=66, FAILED org.apache.ratis.protocol.NotLeaderException: Server 3a747f42-8091-4aa7-8d68-ad64487492d2 is not the leader (null). Request must be sent to leader., logIndex=0, commits[3a747f42-8091-4aa7-8d68-ad64487492d2:c-1]
2019-08-29 08:53:11,134 | INFO  | SCMAudit | user=jenkins1000 | ip=192.168.157.249 | op=SEND_HEARTBEAT {datanodeUUID=38df5515-2a57-4b02-8cf5-3b32e9453973, command=[]} | ret=SUCCESS |  
2019-08-29 08:53:11,203 | INFO  | SCMAudit | user=jenkins1000 | ip=192.168.157.249 | op=SEND_HEARTBEAT {datanodeUUID=5e15a3b6-5f03-4f8b-97cb-1147b69105c5, command=[]} | ret=SUCCESS |  
2019-08-29 08:53:11,274 | INFO  | SCMAudit | user=jenkins1000 | ip=192.168.157.249 | op=SEND_HEARTBEAT {datanodeUUID=3a747f42-8091-4aa7-8d68-ad64487492d2, command=[]} | ret=SUCCESS |  
2019-08-29 08:53:11,336 | INFO  | SCMAudit | user=jenkins1000 | ip=192.168.157.249 | op=SEND_HEARTBEAT {datanodeUUID=697242c0-2364-468f-8836-aed0940a59a8, command=[]} | ret=SUCCESS |  
2019-08-29 08:53:11,402 | INFO  | SCMAudit | user=jenkins1000 | ip=192.168.157.249 | op=SEND_HEARTBEAT {datanodeUUID=26e75c58-7386-4b39-a251-9102d746757d, command=[]} | ret=SUCCESS |  
2019-08-29 08:53:11,467 | INFO  | SCMAudit | user=jenkins1000 | ip=192.168.157.249 | op=SEND_HEARTBEAT {datanodeUUID=c7748331-1610-4804-96a6-95eda4ac21f0, command=[]} | ret=SUCCESS |  
2019-08-29 08:53:11,523 | INFO  | SCMAudit | user=jenkins1000 | ip=192.168.157.249 | op=SEND_HEARTBEAT {datanodeUUID=b5d8716d-4279-4d69-8479-a9de1a92ccc3, command=[]} | ret=SUCCESS |  
2019-08-29 08:53:11,785 [grpc-default-executor-11] INFO  client.GrpcClientProtocolClient (GrpcClientProtocolClient.java:onNext(255)) - client-B9F18B614CC6->697242c0-2364-468f-8836-aed0940a59a8: receive RaftClientReply:client-B9F18B614CC6->697242c0-2364-468f-8836-aed0940a59a8@group-C09FB5D8F8A0, cid=66, FAILED org.apache.ratis.protocol.NotLeaderException: Server 697242c0-2364-468f-8836-aed0940a59a8 is not the leader (null). Request must be sent to leader., logIndex=0, commits[697242c0-2364-468f-8836-aed0940a59a8:c-1]
2019-08-29 08:53:12,134 | INFO  | SCMAudit | user=jenkins1000 | ip=192.168.157.249 | op=SEND_HEARTBEAT {datanodeUUID=38df5515-2a57-4b02-8cf5-3b32e9453973, command=[]} | ret=SUCCESS |  
2019-08-29 08:53:12,202 | INFO  | SCMAudit | user=jenkins1000 | ip=192.168.157.249 | op=SEND_HEARTBEAT {datanodeUUID=5e15a3b6-5f03-4f8b-97cb-1147b69105c5, command=[]} | ret=SUCCESS |  
2019-08-29 08:53:12,275 | INFO  | SCMAudit | user=jenkins1000 | ip=192.168.157.249 | op=SEND_HEARTBEAT {datanodeUUID=3a747f42-8091-4aa7-8d68-ad64487492d2, command=[]} | ret=SUCCESS |  
2019-08-29 08:53:12,337 | INFO  | SCMAudit | user=jenkins1000 | ip=192.168.157.249 | op=SEND_HEARTBEAT {datanodeUUID=697242c0-2364-468f-8836-aed0940a59a8, command=[]} | ret=SUCCESS |  
2019-08-29 08:53:12,403 | INFO  | SCMAudit | user=jenkins1000 | ip=192.168.157.249 | op=SEND_HEARTBEAT {datanodeUUID=26e75c58-7386-4b39-a251-9102d746757d, command=[]} | ret=SUCCESS |  
2019-08-29 08:53:12,467 | INFO  | SCMAudit | user=jenkins1000 | ip=192.168.157.249 | op=SEND_HEARTBEAT {datanodeUUID=c7748331-1610-4804-96a6-95eda4ac21f0, command=[]} | ret=SUCCESS |  
2019-08-29 08:53:12,523 | INFO  | SCMAudit | user=jenkins1000 | ip=192.168.157.249 | op=SEND_HEARTBEAT {datanodeUUID=b5d8716d-4279-4d69-8479-a9de1a92ccc3, command=[]} | ret=SUCCESS |  
2019-08-29 08:53:12,803 [grpc-default-executor-8] INFO  client.GrpcClientProtocolClient (GrpcClientProtocolClient.java:onNext(255)) - client-B9F18B614CC6->5e15a3b6-5f03-4f8b-97cb-1147b69105c5: receive RaftClientReply:client-B9F18B614CC6->5e15a3b6-5f03-4f8b-97cb-1147b69105c5@group-C09FB5D8F8A0, cid=66, FAILED org.apache.ratis.protocol.NotLeaderException: Server 5e15a3b6-5f03-4f8b-97cb-1147b69105c5 is not the leader (null). Request must be sent to leader., logIndex=0, commits[5e15a3b6-5f03-4f8b-97cb-1147b69105c5:c-1]
2019-08-29 08:53:13,134 | INFO  | SCMAudit | user=jenkins1000 | ip=192.168.157.249 | op=SEND_HEARTBEAT {datanodeUUID=38df5515-2a57-4b02-8cf5-3b32e9453973, command=[]} | ret=SUCCESS |  
2019-08-29 08:53:13,202 | INFO  | SCMAudit | user=jenkins1000 | ip=192.168.157.249 | op=SEND_HEARTBEAT {datanodeUUID=5e15a3b6-5f03-4f8b-97cb-1147b69105c5, command=[]} | ret=SUCCESS |  
2019-08-29 08:53:13,274 | INFO  | SCMAudit | user=jenkins1000 | ip=192.168.157.249 | op=SEND_HEARTBEAT {datanodeUUID=3a747f42-8091-4aa7-8d68-ad64487492d2, command=[]} | ret=SUCCESS |  
2019-08-29 08:53:13,336 | INFO  | SCMAudit | user=jenkins1000 | ip=192.168.157.249 | op=SEND_HEARTBEAT {datanodeUUID=697242c0-2364-468f-8836-aed0940a59a8, command=[]} | ret=SUCCESS |  
2019-08-29 08:53:13,402 | INFO  | SCMAudit | user=jenkins1000 | ip=192.168.157.249 | op=SEND_HEARTBEAT {datanodeUUID=26e75c58-7386-4b39-a251-9102d746757d, command=[]} | ret=SUCCESS |  
2019-08-29 08:53:13,466 | INFO  | SCMAudit | user=jenkins1000 | ip=192.168.157.249 | op=SEND_HEARTBEAT {datanodeUUID=c7748331-1610-4804-96a6-95eda4ac21f0, command=[]} | ret=SUCCESS |  
2019-08-29 08:53:13,523 | INFO  | SCMAudit | user=jenkins1000 | ip=192.168.157.249 | op=SEND_HEARTBEAT {datanodeUUID=b5d8716d-4279-4d69-8479-a9de1a92ccc3, command=[]} | ret=SUCCESS |  
2019-08-29 08:53:13,821 [grpc-default-executor-11] INFO  client.GrpcClientProtocolClient (GrpcClientProtocolClient.java:onNext(255)) - client-B9F18B614CC6->697242c0-2364-468f-8836-aed0940a59a8: receive RaftClientReply:client-B9F18B614CC6->697242c0-2364-468f-8836-aed0940a59a8@group-C09FB5D8F8A0, cid=66, FAILED org.apache.ratis.protocol.NotLeaderException: Server 697242c0-2364-468f-8836-aed0940a59a8 is not the leader (null). Request must be sent to leader., logIndex=0, commits[697242c0-2364-468f-8836-aed0940a59a8:c-1]
2019-08-29 08:53:14,134 | INFO  | SCMAudit | user=jenkins1000 | ip=192.168.157.249 | op=SEND_HEARTBEAT {datanodeUUID=38df5515-2a57-4b02-8cf5-3b32e9453973, command=[]} | ret=SUCCESS |  
2019-08-29 08:53:14,202 | INFO  | SCMAudit | user=jenkins1000 | ip=192.168.157.249 | op=SEND_HEARTBEAT {datanodeUUID=5e15a3b6-5f03-4f8b-97cb-1147b69105c5, command=[]} | ret=SUCCESS |  
2019-08-29 08:53:14,274 | INFO  | SCMAudit | user=jenkins1000 | ip=192.168.157.249 | op=SEND_HEARTBEAT {datanodeUUID=3a747f42-8091-4aa7-8d68-ad64487492d2, command=[]} | ret=SUCCESS |  
2019-08-29 08:53:14,336 | INFO  | SCMAudit | user=jenkins1000 | ip=192.168.157.249 | op=SEND_HEARTBEAT {datanodeUUID=697242c0-2364-468f-8836-aed0940a59a8, command=[]} | ret=SUCCESS |  
2019-08-29 08:53:14,402 | INFO  | SCMAudit | user=jenkins1000 | ip=192.168.157.249 | op=SEND_HEARTBEAT {datanodeUUID=26e75c58-7386-4b39-a251-9102d746757d, command=[]} | ret=SUCCESS |  
2019-08-29 08:53:14,467 | INFO  | SCMAudit | user=jenkins1000 | ip=192.168.157.249 | op=SEND_HEARTBEAT {datanodeUUID=c7748331-1610-4804-96a6-95eda4ac21f0, command=[]} | ret=SUCCESS |  
2019-08-29 08:53:14,523 | INFO  | SCMAudit | user=jenkins1000 | ip=192.168.157.249 | op=SEND_HEARTBEAT {datanodeUUID=b5d8716d-4279-4d69-8479-a9de1a92ccc3, command=[]} | ret=SUCCESS |  
2019-08-29 08:53:14,839 [grpc-default-executor-8] INFO  client.GrpcClientProtocolClient (GrpcClientProtocolClient.java:onNext(255)) - client-B9F18B614CC6->3a747f42-8091-4aa7-8d68-ad64487492d2: receive RaftClientReply:client-B9F18B614CC6->3a747f42-8091-4aa7-8d68-ad64487492d2@group-C09FB5D8F8A0, cid=66, FAILED org.apache.ratis.protocol.NotLeaderException: Server 3a747f42-8091-4aa7-8d68-ad64487492d2 is not the leader (null). Request must be sent to leader., logIndex=0, commits[3a747f42-8091-4aa7-8d68-ad64487492d2:c-1]
2019-08-29 08:53:15,135 | INFO  | SCMAudit | user=jenkins1000 | ip=192.168.157.249 | op=SEND_HEARTBEAT {datanodeUUID=38df5515-2a57-4b02-8cf5-3b32e9453973, command=[]} | ret=SUCCESS |  
2019-08-29 08:53:15,202 | INFO  | SCMAudit | user=jenkins1000 | ip=192.168.157.249 | op=SEND_HEARTBEAT {datanodeUUID=5e15a3b6-5f03-4f8b-97cb-1147b69105c5, command=[]} | ret=SUCCESS |  
2019-08-29 08:53:15,275 | INFO  | SCMAudit | user=jenkins1000 | ip=192.168.157.249 | op=SEND_HEARTBEAT {datanodeUUID=3a747f42-8091-4aa7-8d68-ad64487492d2, command=[]} | ret=SUCCESS |  
2019-08-29 08:53:15,336 | INFO  | SCMAudit | user=jenkins1000 | ip=192.168.157.249 | op=SEND_HEARTBEAT {datanodeUUID=697242c0-2364-468f-8836-aed0940a59a8, command=[]} | ret=SUCCESS |  
2019-08-29 08:53:15,402 | INFO  | SCMAudit | user=jenkins1000 | ip=192.168.157.249 | op=SEND_HEARTBEAT {datanodeUUID=26e75c58-7386-4b39-a251-9102d746757d, command=[]} | ret=SUCCESS |  
2019-08-29 08:53:15,466 | INFO  | SCMAudit | user=jenkins1000 | ip=192.168.157.249 | op=SEND_HEARTBEAT {datanodeUUID=c7748331-1610-4804-96a6-95eda4ac21f0, command=[]} | ret=SUCCESS |  
2019-08-29 08:53:15,523 | INFO  | SCMAudit | user=jenkins1000 | ip=192.168.157.249 | op=SEND_HEARTBEAT {datanodeUUID=b5d8716d-4279-4d69-8479-a9de1a92ccc3, command=[]} | ret=SUCCESS |  
2019-08-29 08:53:15,861 [grpc-default-executor-11] INFO  client.GrpcClientProtocolClient (GrpcClientProtocolClient.java:onNext(255)) - client-B9F18B614CC6->697242c0-2364-468f-8836-aed0940a59a8: receive RaftClientReply:client-B9F18B614CC6->697242c0-2364-468f-8836-aed0940a59a8@group-C09FB5D8F8A0, cid=66, FAILED org.apache.ratis.protocol.NotLeaderException: Server 697242c0-2364-468f-8836-aed0940a59a8 is not the leader (null). Request must be sent to leader., logIndex=0, commits[697242c0-2364-468f-8836-aed0940a59a8:c-1]
2019-08-29 08:53:16,135 | INFO  | SCMAudit | user=jenkins1000 | ip=192.168.157.249 | op=SEND_HEARTBEAT {datanodeUUID=38df5515-2a57-4b02-8cf5-3b32e9453973, command=[]} | ret=SUCCESS |  
2019-08-29 08:53:16,202 | INFO  | SCMAudit | user=jenkins1000 | ip=192.168.157.249 | op=SEND_HEARTBEAT {datanodeUUID=5e15a3b6-5f03-4f8b-97cb-1147b69105c5, command=[]} | ret=SUCCESS |  
2019-08-29 08:53:16,276 | INFO  | SCMAudit | user=jenkins1000 | ip=192.168.157.249 | op=SEND_HEARTBEAT {datanodeUUID=3a747f42-8091-4aa7-8d68-ad64487492d2, command=[]} | ret=SUCCESS |  
2019-08-29 08:53:16,337 | INFO  | SCMAudit | user=jenkins1000 | ip=192.168.157.249 | op=SEND_HEARTBEAT {datanodeUUID=697242c0-2364-468f-8836-aed0940a59a8, command=[]} | ret=SUCCESS |  
2019-08-29 08:53:16,402 | INFO  | SCMAudit | user=jenkins1000 | ip=192.168.157.249 | op=SEND_HEARTBEAT {datanodeUUID=26e75c58-7386-4b39-a251-9102d746757d, command=[]} | ret=SUCCESS |  
2019-08-29 08:53:16,467 | INFO  | SCMAudit | user=jenkins1000 | ip=192.168.157.249 | op=SEND_HEARTBEAT {datanodeUUID=c7748331-1610-4804-96a6-95eda4ac21f0, command=[]} | ret=SUCCESS |  
2019-08-29 08:53:16,523 | INFO  | SCMAudit | user=jenkins1000 | ip=192.168.157.249 | op=SEND_HEARTBEAT {datanodeUUID=b5d8716d-4279-4d69-8479-a9de1a92ccc3, command=[]} | ret=SUCCESS |  
2019-08-29 08:53:16,880 [grpc-default-executor-11] INFO  client.GrpcClientProtocolClient (GrpcClientProtocolClient.java:onNext(255)) - client-B9F18B614CC6->5e15a3b6-5f03-4f8b-97cb-1147b69105c5: receive RaftClientReply:client-B9F18B614CC6->5e15a3b6-5f03-4f8b-97cb-1147b69105c5@group-C09FB5D8F8A0, cid=66, FAILED org.apache.ratis.protocol.NotLeaderException: Server 5e15a3b6-5f03-4f8b-97cb-1147b69105c5 is not the leader (null). Request must be sent to leader., logIndex=0, commits[5e15a3b6-5f03-4f8b-97cb-1147b69105c5:c-1]
2019-08-29 08:53:17,135 | INFO  | SCMAudit | user=jenkins1000 | ip=192.168.157.249 | op=SEND_HEARTBEAT {datanodeUUID=38df5515-2a57-4b02-8cf5-3b32e9453973, command=[]} | ret=SUCCESS |  
2019-08-29 08:53:17,203 | INFO  | SCMAudit | user=jenkins1000 | ip=192.168.157.249 | op=SEND_HEARTBEAT {datanodeUUID=5e15a3b6-5f03-4f8b-97cb-1147b69105c5, command=[]} | ret=SUCCESS |  
2019-08-29 08:53:17,276 | INFO  | SCMAudit | user=jenkins1000 | ip=192.168.157.249 | op=SEND_HEARTBEAT {datanodeUUID=3a747f42-8091-4aa7-8d68-ad64487492d2, command=[]} | ret=SUCCESS |  
2019-08-29 08:53:17,336 | INFO  | SCMAudit | user=jenkins1000 | ip=192.168.157.249 | op=SEND_HEARTBEAT {datanodeUUID=697242c0-2364-468f-8836-aed0940a59a8, command=[]} | ret=SUCCESS |  
2019-08-29 08:53:17,403 | INFO  | SCMAudit | user=jenkins1000 | ip=192.168.157.249 | op=SEND_HEARTBEAT {datanodeUUID=26e75c58-7386-4b39-a251-9102d746757d, command=[]} | ret=SUCCESS |  
2019-08-29 08:53:17,467 | INFO  | SCMAudit | user=jenkins1000 | ip=192.168.157.249 | op=SEND_HEARTBEAT {datanodeUUID=c7748331-1610-4804-96a6-95eda4ac21f0, command=[]} | ret=SUCCESS |  
2019-08-29 08:53:17,523 | INFO  | SCMAudit | user=jenkins1000 | ip=192.168.157.249 | op=SEND_HEARTBEAT {datanodeUUID=b5d8716d-4279-4d69-8479-a9de1a92ccc3, command=[]} | ret=SUCCESS |  
2019-08-29 08:53:17,903 [grpc-default-executor-11] INFO  client.GrpcClientProtocolClient (GrpcClientProtocolClient.java:onNext(255)) - client-B9F18B614CC6->697242c0-2364-468f-8836-aed0940a59a8: receive RaftClientReply:client-B9F18B614CC6->697242c0-2364-468f-8836-aed0940a59a8@group-C09FB5D8F8A0, cid=66, FAILED org.apache.ratis.protocol.NotLeaderException: Server 697242c0-2364-468f-8836-aed0940a59a8 is not the leader (null). Request must be sent to leader., logIndex=0, commits[697242c0-2364-468f-8836-aed0940a59a8:c-1]
2019-08-29 08:53:18,136 | INFO  | SCMAudit | user=jenkins1000 | ip=192.168.157.249 | op=SEND_HEARTBEAT {datanodeUUID=38df5515-2a57-4b02-8cf5-3b32e9453973, command=[]} | ret=SUCCESS |  
2019-08-29 08:53:18,202 | INFO  | SCMAudit | user=jenkins1000 | ip=192.168.157.249 | op=SEND_HEARTBEAT {datanodeUUID=5e15a3b6-5f03-4f8b-97cb-1147b69105c5, command=[]} | ret=SUCCESS |  
2019-08-29 08:53:18,275 | INFO  | SCMAudit | user=jenkins1000 | ip=192.168.157.249 | op=SEND_HEARTBEAT {datanodeUUID=3a747f42-8091-4aa7-8d68-ad64487492d2, command=[]} | ret=SUCCESS |  
2019-08-29 08:53:18,337 | INFO  | SCMAudit | user=jenkins1000 | ip=192.168.157.249 | op=SEND_HEARTBEAT {datanodeUUID=697242c0-2364-468f-8836-aed0940a59a8, command=[]} | ret=SUCCESS |  
2019-08-29 08:53:18,403 | INFO  | SCMAudit | user=jenkins1000 | ip=192.168.157.249 | op=SEND_HEARTBEAT {datanodeUUID=26e75c58-7386-4b39-a251-9102d746757d, command=[]} | ret=SUCCESS |  
2019-08-29 08:53:18,468 | INFO  | SCMAudit | user=jenkins1000 | ip=192.168.157.249 | op=SEND_HEARTBEAT {datanodeUUID=c7748331-1610-4804-96a6-95eda4ac21f0, command=[]} | ret=SUCCESS |  
2019-08-29 08:53:18,523 | INFO  | SCMAudit | user=jenkins1000 | ip=192.168.157.249 | op=SEND_HEARTBEAT {datanodeUUID=b5d8716d-4279-4d69-8479-a9de1a92ccc3, command=[]} | ret=SUCCESS |  
2019-08-29 08:53:18,923 [grpc-default-executor-8] INFO  client.GrpcClientProtocolClient (GrpcClientProtocolClient.java:onNext(255)) - client-B9F18B614CC6->3a747f42-8091-4aa7-8d68-ad64487492d2: receive RaftClientReply:client-B9F18B614CC6->3a747f42-8091-4aa7-8d68-ad64487492d2@group-C09FB5D8F8A0, cid=66, FAILED org.apache.ratis.protocol.NotLeaderException: Server 3a747f42-8091-4aa7-8d68-ad64487492d2 is not the leader (null). Request must be sent to leader., logIndex=0, commits[3a747f42-8091-4aa7-8d68-ad64487492d2:c-1]
2019-08-29 08:53:19,135 | INFO  | SCMAudit | user=jenkins1000 | ip=192.168.157.249 | op=SEND_HEARTBEAT {datanodeUUID=38df5515-2a57-4b02-8cf5-3b32e9453973, command=[]} | ret=SUCCESS |  
2019-08-29 08:53:19,204 | INFO  | SCMAudit | user=jenkins1000 | ip=192.168.157.249 | op=SEND_HEARTBEAT {datanodeUUID=5e15a3b6-5f03-4f8b-97cb-1147b69105c5, command=[]} | ret=SUCCESS |  
2019-08-29 08:53:19,275 | INFO  | SCMAudit | user=jenkins1000 | ip=192.168.157.249 | op=SEND_HEARTBEAT {datanodeUUID=3a747f42-8091-4aa7-8d68-ad64487492d2, command=[]} | ret=SUCCESS |  
2019-08-29 08:53:19,338 | INFO  | SCMAudit | user=jenkins1000 | ip=192.168.157.249 | op=SEND_HEARTBEAT {datanodeUUID=697242c0-2364-468f-8836-aed0940a59a8, command=[]} | ret=SUCCESS |  
2019-08-29 08:53:19,403 | INFO  | SCMAudit | user=jenkins1000 | ip=192.168.157.249 | op=SEND_HEARTBEAT {datanodeUUID=26e75c58-7386-4b39-a251-9102d746757d, command=[]} | ret=SUCCESS |  
2019-08-29 08:53:19,467 | INFO  | SCMAudit | user=jenkins1000 | ip=192.168.157.249 | op=SEND_HEARTBEAT {datanodeUUID=c7748331-1610-4804-96a6-95eda4ac21f0, command=[]} | ret=SUCCESS |  
2019-08-29 08:53:19,524 | INFO  | SCMAudit | user=jenkins1000 | ip=192.168.157.249 | op=SEND_HEARTBEAT {datanodeUUID=b5d8716d-4279-4d69-8479-a9de1a92ccc3, command=[]} | ret=SUCCESS |  
2019-08-29 08:53:19,944 [grpc-default-executor-11] INFO  client.GrpcClientProtocolClient (GrpcClientProtocolClient.java:onNext(255)) - client-B9F18B614CC6->5e15a3b6-5f03-4f8b-97cb-1147b69105c5: receive RaftClientReply:client-B9F18B614CC6->5e15a3b6-5f03-4f8b-97cb-1147b69105c5@group-C09FB5D8F8A0, cid=66, FAILED org.apache.ratis.protocol.NotLeaderException: Server 5e15a3b6-5f03-4f8b-97cb-1147b69105c5 is not the leader (null). Request must be sent to leader., logIndex=0, commits[5e15a3b6-5f03-4f8b-97cb-1147b69105c5:c-1]
2019-08-29 08:53:20,136 | INFO  | SCMAudit | user=jenkins1000 | ip=192.168.157.249 | op=SEND_HEARTBEAT {datanodeUUID=38df5515-2a57-4b02-8cf5-3b32e9453973, command=[]} | ret=SUCCESS |  
2019-08-29 08:53:20,203 | INFO  | SCMAudit | user=jenkins1000 | ip=192.168.157.249 | op=SEND_HEARTBEAT {datanodeUUID=5e15a3b6-5f03-4f8b-97cb-1147b69105c5, command=[]} | ret=SUCCESS |  
2019-08-29 08:53:20,275 | INFO  | SCMAudit | user=jenkins1000 | ip=192.168.157.249 | op=SEND_HEARTBEAT {datanodeUUID=3a747f42-8091-4aa7-8d68-ad64487492d2, command=[]} | ret=SUCCESS |  
2019-08-29 08:53:20,337 | INFO  | SCMAudit | user=jenkins1000 | ip=192.168.157.249 | op=SEND_HEARTBEAT {datanodeUUID=697242c0-2364-468f-8836-aed0940a59a8, command=[]} | ret=SUCCESS |  
2019-08-29 08:53:20,403 | INFO  | SCMAudit | user=jenkins1000 | ip=192.168.157.249 | op=SEND_HEARTBEAT {datanodeUUID=26e75c58-7386-4b39-a251-9102d746757d, command=[]} | ret=SUCCESS |  
2019-08-29 08:53:20,468 | INFO  | SCMAudit | user=jenkins1000 | ip=192.168.157.249 | op=SEND_HEARTBEAT {datanodeUUID=c7748331-1610-4804-96a6-95eda4ac21f0, command=[]} | ret=SUCCESS |  
2019-08-29 08:53:20,523 | INFO  | SCMAudit | user=jenkins1000 | ip=192.168.157.249 | op=SEND_HEARTBEAT {datanodeUUID=b5d8716d-4279-4d69-8479-a9de1a92ccc3, command=[]} | ret=SUCCESS |  
2019-08-29 08:53:20,965 [grpc-default-executor-11] INFO  client.GrpcClientProtocolClient (GrpcClientProtocolClient.java:onNext(255)) - client-B9F18B614CC6->697242c0-2364-468f-8836-aed0940a59a8: receive RaftClientReply:client-B9F18B614CC6->697242c0-2364-468f-8836-aed0940a59a8@group-C09FB5D8F8A0, cid=66, FAILED org.apache.ratis.protocol.NotLeaderException: Server 697242c0-2364-468f-8836-aed0940a59a8 is not the leader (null). Request must be sent to leader., logIndex=0, commits[697242c0-2364-468f-8836-aed0940a59a8:c-1]
2019-08-29 08:53:21,136 | INFO  | SCMAudit | user=jenkins1000 | ip=192.168.157.249 | op=SEND_HEARTBEAT {datanodeUUID=38df5515-2a57-4b02-8cf5-3b32e9453973, command=[]} | ret=SUCCESS |  
2019-08-29 08:53:21,203 | INFO  | SCMAudit | user=jenkins1000 | ip=192.168.157.249 | op=SEND_HEARTBEAT {datanodeUUID=5e15a3b6-5f03-4f8b-97cb-1147b69105c5, command=[]} | ret=SUCCESS |  
2019-08-29 08:53:21,277 | INFO  | SCMAudit | user=jenkins1000 | ip=192.168.157.249 | op=SEND_HEARTBEAT {datanodeUUID=3a747f42-8091-4aa7-8d68-ad64487492d2, command=[]} | ret=SUCCESS |  
2019-08-29 08:53:21,338 | INFO  | SCMAudit | user=jenkins1000 | ip=192.168.157.249 | op=SEND_HEARTBEAT {datanodeUUID=697242c0-2364-468f-8836-aed0940a59a8, command=[]} | ret=SUCCESS |  
2019-08-29 08:53:21,403 | INFO  | SCMAudit | user=jenkins1000 | ip=192.168.157.249 | op=SEND_HEARTBEAT {datanodeUUID=26e75c58-7386-4b39-a251-9102d746757d, command=[]} | ret=SUCCESS |  
2019-08-29 08:53:21,468 | INFO  | SCMAudit | user=jenkins1000 | ip=192.168.157.249 | op=SEND_HEARTBEAT {datanodeUUID=c7748331-1610-4804-96a6-95eda4ac21f0, command=[]} | ret=SUCCESS |  
2019-08-29 08:53:21,523 | INFO  | SCMAudit | user=jenkins1000 | ip=192.168.157.249 | op=SEND_HEARTBEAT {datanodeUUID=b5d8716d-4279-4d69-8479-a9de1a92ccc3, command=[]} | ret=SUCCESS |  
2019-08-29 08:53:21,992 [grpc-default-executor-8] INFO  client.GrpcClientProtocolClient (GrpcClientProtocolClient.java:onNext(255)) - client-B9F18B614CC6->5e15a3b6-5f03-4f8b-97cb-1147b69105c5: receive RaftClientReply:client-B9F18B614CC6->5e15a3b6-5f03-4f8b-97cb-1147b69105c5@group-C09FB5D8F8A0, cid=66, FAILED org.apache.ratis.protocol.NotLeaderException: Server 5e15a3b6-5f03-4f8b-97cb-1147b69105c5 is not the leader (null). Request must be sent to leader., logIndex=0, commits[5e15a3b6-5f03-4f8b-97cb-1147b69105c5:c-1]
2019-08-29 08:53:22,136 | INFO  | SCMAudit | user=jenkins1000 | ip=192.168.157.249 | op=SEND_HEARTBEAT {datanodeUUID=38df5515-2a57-4b02-8cf5-3b32e9453973, command=[]} | ret=SUCCESS |  
2019-08-29 08:53:22,204 | INFO  | SCMAudit | user=jenkins1000 | ip=192.168.157.249 | op=SEND_HEARTBEAT {datanodeUUID=5e15a3b6-5f03-4f8b-97cb-1147b69105c5, command=[]} | ret=SUCCESS |  
2019-08-29 08:53:22,276 | INFO  | SCMAudit | user=jenkins1000 | ip=192.168.157.249 | op=SEND_HEARTBEAT {datanodeUUID=3a747f42-8091-4aa7-8d68-ad64487492d2, command=[]} | ret=SUCCESS |  
2019-08-29 08:53:22,337 | INFO  | SCMAudit | user=jenkins1000 | ip=192.168.157.249 | op=SEND_HEARTBEAT {datanodeUUID=697242c0-2364-468f-8836-aed0940a59a8, command=[]} | ret=SUCCESS |  
2019-08-29 08:53:22,404 | INFO  | SCMAudit | user=jenkins1000 | ip=192.168.157.249 | op=SEND_HEARTBEAT {datanodeUUID=26e75c58-7386-4b39-a251-9102d746757d, command=[]} | ret=SUCCESS |  
2019-08-29 08:53:22,469 | INFO  | SCMAudit | user=jenkins1000 | ip=192.168.157.249 | op=SEND_HEARTBEAT {datanodeUUID=c7748331-1610-4804-96a6-95eda4ac21f0, command=[]} | ret=SUCCESS |  
2019-08-29 08:53:22,523 | INFO  | SCMAudit | user=jenkins1000 | ip=192.168.157.249 | op=SEND_HEARTBEAT {datanodeUUID=b5d8716d-4279-4d69-8479-a9de1a92ccc3, command=[]} | ret=SUCCESS |  
2019-08-29 08:53:23,014 [grpc-default-executor-11] INFO  client.GrpcClientProtocolClient (GrpcClientProtocolClient.java:onNext(255)) - client-B9F18B614CC6->3a747f42-8091-4aa7-8d68-ad64487492d2: receive RaftClientReply:client-B9F18B614CC6->3a747f42-8091-4aa7-8d68-ad64487492d2@group-C09FB5D8F8A0, cid=66, FAILED org.apache.ratis.protocol.NotLeaderException: Server 3a747f42-8091-4aa7-8d68-ad64487492d2 is not the leader (null). Request must be sent to leader., logIndex=0, commits[3a747f42-8091-4aa7-8d68-ad64487492d2:c-1]
]]></system-out>
  </testcase>
  <testcase name="testWatchForCommitForGroupMismatchException" classname="org.apache.hadoop.ozone.client.rpc.TestWatchForCommit" time="38.821"/>
  <testcase name="test2WayCommitForTimeoutException" classname="org.apache.hadoop.ozone.client.rpc.TestWatchForCommit" time="35.648"/>
</testsuite>