<?xml version="1.0" encoding="UTF-8"?>
<testsuite xmlns:xsi="http://www.w3.org/2001/XMLSchema-instance" xsi:noNamespaceSchemaLocation="https://maven.apache.org/surefire/maven-surefire-plugin/xsd/surefire-test-report.xsd" name="org.apache.hadoop.ozone.client.rpc.TestBlockOutputStreamWithFailures" time="735.708" tests="8" errors="1" skipped="0" failures="1">
  <properties>
    <property name="awt.toolkit" value="sun.awt.X11.XToolkit"/>
    <property name="file.encoding.pkg" value="sun.io"/>
    <property name="java.specification.version" value="1.8"/>
    <property name="sun.cpu.isalist" value=""/>
    <property name="sun.jnu.encoding" value="UTF-8"/>
    <property name="java.class.path" value="/workdir/hadoop-ozone/integration-test/target/test-classes:/workdir/hadoop-ozone/integration-test/target/classes:/home/user/.m2/repository/org/apache/hadoop/hadoop-ozone-common/0.5.0-SNAPSHOT/hadoop-ozone-common-0.5.0-SNAPSHOT.jar:/home/user/.m2/repository/org/apache/commons/commons-compress/1.4.1/commons-compress-1.4.1.jar:/home/user/.m2/repository/org/tukaani/xz/1.0/xz-1.0.jar:/home/user/.m2/repository/org/apache/hadoop/hadoop-common/3.2.0/hadoop-common-3.2.0.jar:/home/user/.m2/repository/org/apache/hadoop/hadoop-hdfs/3.2.0/hadoop-hdfs-3.2.0.jar:/home/user/.m2/repository/org/apache/hadoop/hadoop-hdfs-client/3.2.0/hadoop-hdfs-client-3.2.0.jar:/home/user/.m2/repository/com/fasterxml/jackson/core/jackson-annotations/2.9.5/jackson-annotations-2.9.5.jar:/home/user/.m2/repository/org/apache/hadoop/hadoop-hdds-common/0.5.0-SNAPSHOT/hadoop-hdds-common-0.5.0-SNAPSHOT.jar:/home/user/.m2/repository/javax/annotation/javax.annotation-api/1.2/javax.annotation-api-1.2.jar:/home/user/.m2/repository/org/apache/ratis/ratis-server/0.4.0-2337318-SNAPSHOT/ratis-server-0.4.0-2337318-SNAPSHOT.jar:/home/user/.m2/repository/org/apache/ratis/ratis-thirdparty-misc/0.2.0/ratis-thirdparty-misc-0.2.0.jar:/home/user/.m2/repository/org/apache/ratis/ratis-proto/0.4.0-2337318-SNAPSHOT/ratis-proto-0.4.0-2337318-SNAPSHOT.jar:/home/user/.m2/repository/org/apache/ratis/ratis-common/0.4.0-2337318-SNAPSHOT/ratis-common-0.4.0-2337318-SNAPSHOT.jar:/home/user/.m2/repository/org/apache/ratis/ratis-client/0.4.0-2337318-SNAPSHOT/ratis-client-0.4.0-2337318-SNAPSHOT.jar:/home/user/.m2/repository/org/apache/ratis/ratis-metrics/0.4.0-2337318-SNAPSHOT/ratis-metrics-0.4.0-2337318-SNAPSHOT.jar:/home/user/.m2/repository/org/apache/ratis/ratis-netty/0.4.0-2337318-SNAPSHOT/ratis-netty-0.4.0-2337318-SNAPSHOT.jar:/home/user/.m2/repository/org/apache/ratis/ratis-grpc/0.4.0-2337318-SNAPSHOT/ratis-grpc-0.4.0-2337318-SNAPSHOT.jar:/home/user/.m2/repository/org/rocksdb/rocksdbjni/6.0.1/rocksdbjni-6.0.1.jar:/home/user/.m2/repository/org/apache/logging/log4j/log4j-api/2.11.0/log4j-api-2.11.0.jar:/home/user/.m2/repository/org/apache/logging/log4j/log4j-core/2.11.0/log4j-core-2.11.0.jar:/home/user/.m2/repository/com/lmax/disruptor/3.4.2/disruptor-3.4.2.jar:/home/user/.m2/repository/org/apache/commons/commons-pool2/2.6.0/commons-pool2-2.6.0.jar:/home/user/.m2/repository/org/bouncycastle/bcpkix-jdk15on/1.60/bcpkix-jdk15on-1.60.jar:/home/user/.m2/repository/commons-validator/commons-validator/1.6/commons-validator-1.6.jar:/home/user/.m2/repository/commons-digester/commons-digester/1.8.1/commons-digester-1.8.1.jar:/home/user/.m2/repository/io/jaegertracing/jaeger-client/0.33.1/jaeger-client-0.33.1.jar:/home/user/.m2/repository/io/jaegertracing/jaeger-thrift/0.33.1/jaeger-thrift-0.33.1.jar:/home/user/.m2/repository/org/apache/thrift/libthrift/0.11.0/libthrift-0.11.0.jar:/home/user/.m2/repository/com/squareup/okhttp3/okhttp/3.9.0/okhttp-3.9.0.jar:/home/user/.m2/repository/com/squareup/okio/okio/1.13.0/okio-1.13.0.jar:/home/user/.m2/repository/io/jaegertracing/jaeger-core/0.33.1/jaeger-core-0.33.1.jar:/home/user/.m2/repository/io/jaegertracing/jaeger-tracerresolver/0.33.1/jaeger-tracerresolver-0.33.1.jar:/home/user/.m2/repository/io/opentracing/contrib/opentracing-tracerresolver/0.1.5/opentracing-tracerresolver-0.1.5.jar:/home/user/.m2/repository/io/opentracing/opentracing-util/0.31.0/opentracing-util-0.31.0.jar:/home/user/.m2/repository/io/opentracing/opentracing-api/0.31.0/opentracing-api-0.31.0.jar:/home/user/.m2/repository/io/opentracing/opentracing-noop/0.31.0/opentracing-noop-0.31.0.jar:/home/user/.m2/repository/org/apache/hadoop/hadoop-hdds-server-framework/0.5.0-SNAPSHOT/hadoop-hdds-server-framework-0.5.0-SNAPSHOT.jar:/home/user/.m2/repository/org/apache/hadoop/hadoop-hdds-container-service/0.5.0-SNAPSHOT/hadoop-hdds-container-service-0.5.0-SNAPSHOT.jar:/home/user/.m2/repository/org/apache/hadoop/hadoop-hdds-client/0.5.0-SNAPSHOT/hadoop-hdds-client-0.5.0-SNAPSHOT.jar:/home/user/.m2/repository/org/apache/hadoop/hadoop-hdds-tools/0.5.0-SNAPSHOT/hadoop-hdds-tools-0.5.0-SNAPSHOT.jar:/home/user/.m2/repository/org/apache/hadoop/hadoop-hdds-server-scm/0.5.0-SNAPSHOT/hadoop-hdds-server-scm-0.5.0-SNAPSHOT.jar:/home/user/.m2/repository/org/apache/hadoop/hadoop-hdds-docs/0.5.0-SNAPSHOT/hadoop-hdds-docs-0.5.0-SNAPSHOT.jar:/home/user/.m2/repository/io/dropwizard/metrics/metrics-core/3.2.4/metrics-core-3.2.4.jar:/home/user/.m2/repository/org/hamcrest/hamcrest-all/1.3/hamcrest-all-1.3.jar:/home/user/.m2/repository/org/bouncycastle/bcprov-jdk15on/1.60/bcprov-jdk15on-1.60.jar:/home/user/.m2/repository/info/picocli/picocli/3.9.6/picocli-3.9.6.jar:/home/user/.m2/repository/com/google/protobuf/protobuf-java/2.5.0/protobuf-java-2.5.0.jar:/home/user/.m2/repository/com/google/guava/guava/11.0.2/guava-11.0.2.jar:/home/user/.m2/repository/org/apache/hadoop/hadoop-ozone-ozone-manager/0.5.0-SNAPSHOT/hadoop-ozone-ozone-manager-0.5.0-SNAPSHOT.jar:/home/user/.m2/repository/org/apache/hadoop/hadoop-minikdc/3.2.0/hadoop-minikdc-3.2.0.jar:/home/user/.m2/repository/commons-io/commons-io/2.5/commons-io-2.5.jar:/home/user/.m2/repository/org/apache/kerby/kerb-simplekdc/1.0.1/kerb-simplekdc-1.0.1.jar:/home/user/.m2/repository/org/apache/kerby/kerb-client/1.0.1/kerb-client-1.0.1.jar:/home/user/.m2/repository/org/apache/kerby/kerby-config/1.0.1/kerby-config-1.0.1.jar:/home/user/.m2/repository/org/apache/kerby/kerb-core/1.0.1/kerb-core-1.0.1.jar:/home/user/.m2/repository/org/apache/kerby/kerby-pkix/1.0.1/kerby-pkix-1.0.1.jar:/home/user/.m2/repository/org/apache/kerby/kerby-asn1/1.0.1/kerby-asn1-1.0.1.jar:/home/user/.m2/repository/org/apache/kerby/kerby-util/1.0.1/kerby-util-1.0.1.jar:/home/user/.m2/repository/org/apache/kerby/kerb-common/1.0.1/kerb-common-1.0.1.jar:/home/user/.m2/repository/org/apache/kerby/kerb-crypto/1.0.1/kerb-crypto-1.0.1.jar:/home/user/.m2/repository/org/apache/kerby/kerb-util/1.0.1/kerb-util-1.0.1.jar:/home/user/.m2/repository/org/apache/kerby/token-provider/1.0.1/token-provider-1.0.1.jar:/home/user/.m2/repository/org/apache/kerby/kerb-admin/1.0.1/kerb-admin-1.0.1.jar:/home/user/.m2/repository/org/apache/kerby/kerb-server/1.0.1/kerb-server-1.0.1.jar:/home/user/.m2/repository/org/apache/kerby/kerb-identity/1.0.1/kerb-identity-1.0.1.jar:/home/user/.m2/repository/org/apache/kerby/kerby-xdr/1.0.1/kerby-xdr-1.0.1.jar:/home/user/.m2/repository/org/slf4j/slf4j-log4j12/1.7.25/slf4j-log4j12-1.7.25.jar:/home/user/.m2/repository/org/apache/hadoop/hadoop-ozone-s3gateway/0.5.0-SNAPSHOT/hadoop-ozone-s3gateway-0.5.0-SNAPSHOT.jar:/home/user/.m2/repository/org/jboss/weld/servlet/weld-servlet/2.4.7.Final/weld-servlet-2.4.7.Final.jar:/home/user/.m2/repository/org/glassfish/jersey/containers/jersey-container-servlet-core/2.27/jersey-container-servlet-core-2.27.jar:/home/user/.m2/repository/org/glassfish/hk2/external/javax.inject/2.5.0-b42/javax.inject-2.5.0-b42.jar:/home/user/.m2/repository/org/glassfish/jersey/core/jersey-common/2.27/jersey-common-2.27.jar:/home/user/.m2/repository/org/glassfish/hk2/osgi-resource-locator/1.0.1/osgi-resource-locator-1.0.1.jar:/home/user/.m2/repository/javax/ws/rs/javax.ws.rs-api/2.1/javax.ws.rs-api-2.1.jar:/home/user/.m2/repository/org/glassfish/jersey/ext/cdi/jersey-cdi1x/2.27/jersey-cdi1x-2.27.jar:/home/user/.m2/repository/org/glassfish/jersey/inject/jersey-hk2/2.27/jersey-hk2-2.27.jar:/home/user/.m2/repository/org/glassfish/hk2/hk2-locator/2.5.0-b42/hk2-locator-2.5.0-b42.jar:/home/user/.m2/repository/org/javassist/javassist/3.22.0-CR2/javassist-3.22.0-CR2.jar:/home/user/.m2/repository/org/glassfish/hk2/hk2-api/2.5.0/hk2-api-2.5.0.jar:/home/user/.m2/repository/org/glassfish/hk2/external/jakarta.inject/2.5.0/jakarta.inject-2.5.0.jar:/home/user/.m2/repository/org/glassfish/hk2/hk2-utils/2.5.0/hk2-utils-2.5.0.jar:/home/user/.m2/repository/jakarta/annotation/jakarta.annotation-api/1.3.4/jakarta.annotation-api-1.3.4.jar:/home/user/.m2/repository/org/glassfish/hk2/external/aopalliance-repackaged/2.5.0/aopalliance-repackaged-2.5.0.jar:/home/user/.m2/repository/com/fasterxml/jackson/dataformat/jackson-dataformat-xml/2.9.0/jackson-dataformat-xml-2.9.0.jar:/home/user/.m2/repository/com/fasterxml/jackson/core/jackson-core/2.9.5/jackson-core-2.9.5.jar:/home/user/.m2/repository/com/fasterxml/jackson/module/jackson-module-jaxb-annotations/2.9.5/jackson-module-jaxb-annotations-2.9.5.jar:/home/user/.m2/repository/javax/enterprise/cdi-api/1.2/cdi-api-1.2.jar:/home/user/.m2/repository/javax/el/javax.el-api/3.0.0/javax.el-api-3.0.0.jar:/home/user/.m2/repository/javax/interceptor/javax.interceptor-api/1.2/javax.interceptor-api-1.2.jar:/home/user/.m2/repository/javax/inject/javax.inject/1/javax.inject-1.jar:/home/user/.m2/repository/com/sun/xml/bind/jaxb-impl/2.3.0.1/jaxb-impl-2.3.0.1.jar:/home/user/.m2/repository/com/sun/xml/bind/jaxb-core/2.3.0.1/jaxb-core-2.3.0.1.jar:/home/user/.m2/repository/javax/xml/bind/jaxb-api/2.3.0/jaxb-api-2.3.0.jar:/home/user/.m2/repository/javax/activation/activation/1.1.1/activation-1.1.1.jar:/home/user/.m2/repository/org/apache/hadoop/hadoop-ozone-csi/0.5.0-SNAPSHOT/hadoop-ozone-csi-0.5.0-SNAPSHOT.jar:/home/user/.m2/repository/com/google/protobuf/protobuf-java-util/3.5.1/protobuf-java-util-3.5.1.jar:/home/user/.m2/repository/org/apache/hadoop/hadoop-hdds-config/0.5.0-SNAPSHOT/hadoop-hdds-config-0.5.0-SNAPSHOT.jar:/home/user/.m2/repository/io/grpc/grpc-netty/1.17.1/grpc-netty-1.17.1.jar:/home/user/.m2/repository/io/grpc/grpc-core/1.17.1/grpc-core-1.17.1.jar:/home/user/.m2/repository/io/grpc/grpc-context/1.17.1/grpc-context-1.17.1.jar:/home/user/.m2/repository/com/google/errorprone/error_prone_annotations/2.2.0/error_prone_annotations-2.2.0.jar:/home/user/.m2/repository/org/codehaus/mojo/animal-sniffer-annotations/1.17/animal-sniffer-annotations-1.17.jar:/home/user/.m2/repository/io/opencensus/opencensus-api/0.17.0/opencensus-api-0.17.0.jar:/home/user/.m2/repository/io/opencensus/opencensus-contrib-grpc-metrics/0.17.0/opencensus-contrib-grpc-metrics-0.17.0.jar:/home/user/.m2/repository/io/netty/netty-codec-http2/4.1.30.Final/netty-codec-http2-4.1.30.Final.jar:/home/user/.m2/repository/io/netty/netty-codec-http/4.1.30.Final/netty-codec-http-4.1.30.Final.jar:/home/user/.m2/repository/io/netty/netty-codec/4.1.30.Final/netty-codec-4.1.30.Final.jar:/home/user/.m2/repository/io/netty/netty-handler/4.1.30.Final/netty-handler-4.1.30.Final.jar:/home/user/.m2/repository/io/netty/netty-handler-proxy/4.1.30.Final/netty-handler-proxy-4.1.30.Final.jar:/home/user/.m2/repository/io/netty/netty-codec-socks/4.1.30.Final/netty-codec-socks-4.1.30.Final.jar:/home/user/.m2/repository/io/netty/netty-transport-native-epoll/4.1.30.Final/netty-transport-native-epoll-4.1.30.Final.jar:/home/user/.m2/repository/io/netty/netty-common/4.1.30.Final/netty-common-4.1.30.Final.jar:/home/user/.m2/repository/io/netty/netty-buffer/4.1.30.Final/netty-buffer-4.1.30.Final.jar:/home/user/.m2/repository/io/netty/netty-transport/4.1.30.Final/netty-transport-4.1.30.Final.jar:/home/user/.m2/repository/io/netty/netty-resolver/4.1.30.Final/netty-resolver-4.1.30.Final.jar:/home/user/.m2/repository/io/netty/netty-transport-native-unix-common/4.1.30.Final/netty-transport-native-unix-common-4.1.30.Final.jar:/home/user/.m2/repository/io/grpc/grpc-protobuf/1.17.1/grpc-protobuf-1.17.1.jar:/home/user/.m2/repository/com/google/api/grpc/proto-google-common-protos/1.0.0/proto-google-common-protos-1.0.0.jar:/home/user/.m2/repository/io/grpc/grpc-protobuf-lite/1.17.1/grpc-protobuf-lite-1.17.1.jar:/home/user/.m2/repository/io/grpc/grpc-stub/1.17.1/grpc-stub-1.17.1.jar:/home/user/.m2/repository/org/apache/hadoop/hadoop-ozone-recon/0.5.0-SNAPSHOT/hadoop-ozone-recon-0.5.0-SNAPSHOT.jar:/home/user/.m2/repository/org/apache/hadoop/hadoop-ozone-reconcodegen/0.5.0-SNAPSHOT/hadoop-ozone-reconcodegen-0.5.0-SNAPSHOT.jar:/home/user/.m2/repository/com/google/inject/extensions/guice-multibindings/4.0/guice-multibindings-4.0.jar:/home/user/.m2/repository/com/google/inject/guice/4.0/guice-4.0.jar:/home/user/.m2/repository/aopalliance/aopalliance/1.0/aopalliance-1.0.jar:/home/user/.m2/repository/com/google/inject/extensions/guice-servlet/4.0/guice-servlet-4.0.jar:/home/user/.m2/repository/org/glassfish/jersey/containers/jersey-container-servlet/2.27/jersey-container-servlet-2.27.jar:/home/user/.m2/repository/org/glassfish/hk2/guice-bridge/2.5.0/guice-bridge-2.5.0.jar:/home/user/.m2/repository/org/glassfish/jersey/core/jersey-server/2.27/jersey-server-2.27.jar:/home/user/.m2/repository/org/glassfish/jersey/core/jersey-client/2.27/jersey-client-2.27.jar:/home/user/.m2/repository/org/glassfish/jersey/media/jersey-media-jaxb/2.27/jersey-media-jaxb-2.27.jar:/home/user/.m2/repository/javax/validation/validation-api/1.1.0.Final/validation-api-1.1.0.Final.jar:/home/user/.m2/repository/org/glassfish/jersey/media/jersey-media-json-jackson/2.27/jersey-media-json-jackson-2.27.jar:/home/user/.m2/repository/org/glassfish/jersey/ext/jersey-entity-filtering/2.27/jersey-entity-filtering-2.27.jar:/home/user/.m2/repository/com/google/inject/extensions/guice-assistedinject/4.0/guice-assistedinject-4.0.jar:/home/user/.m2/repository/org/jooq/jooq/3.11.10/jooq-3.11.10.jar:/home/user/.m2/repository/org/jooq/jooq-meta/3.11.10/jooq-meta-3.11.10.jar:/home/user/.m2/repository/org/jooq/jooq-codegen/3.11.10/jooq-codegen-3.11.10.jar:/home/user/.m2/repository/com/jolbox/bonecp/0.8.0.RELEASE/bonecp-0.8.0.RELEASE.jar:/home/user/.m2/repository/org/xerial/sqlite-jdbc/3.25.2/sqlite-jdbc-3.25.2.jar:/home/user/.m2/repository/org/springframework/spring-jdbc/5.1.3.RELEASE/spring-jdbc-5.1.3.RELEASE.jar:/home/user/.m2/repository/org/springframework/spring-beans/5.1.3.RELEASE/spring-beans-5.1.3.RELEASE.jar:/home/user/.m2/repository/org/springframework/spring-core/5.1.3.RELEASE/spring-core-5.1.3.RELEASE.jar:/home/user/.m2/repository/org/springframework/spring-jcl/5.1.3.RELEASE/spring-jcl-5.1.3.RELEASE.jar:/home/user/.m2/repository/org/springframework/spring-tx/5.1.3.RELEASE/spring-tx-5.1.3.RELEASE.jar:/home/user/.m2/repository/org/apache/hadoop/hadoop-ozone-client/0.5.0-SNAPSHOT/hadoop-ozone-client-0.5.0-SNAPSHOT.jar:/home/user/.m2/repository/commons-lang/commons-lang/2.6/commons-lang-2.6.jar:/home/user/.m2/repository/org/apache/hadoop/hadoop-ozone-ozone-manager/0.5.0-SNAPSHOT/hadoop-ozone-ozone-manager-0.5.0-SNAPSHOT-tests.jar:/home/user/.m2/repository/junit/junit/4.11/junit-4.11.jar:/home/user/.m2/repository/org/hamcrest/hamcrest-core/1.3/hamcrest-core-1.3.jar:/home/user/.m2/repository/org/openjdk/jmh/jmh-core/1.19/jmh-core-1.19.jar:/home/user/.m2/repository/net/sf/jopt-simple/jopt-simple/4.6/jopt-simple-4.6.jar:/home/user/.m2/repository/org/apache/commons/commons-math3/3.1.1/commons-math3-3.1.1.jar:/home/user/.m2/repository/org/openjdk/jmh/jmh-generator-annprocess/1.19/jmh-generator-annprocess-1.19.jar:/home/user/.m2/repository/org/mockito/mockito-all/1.8.5/mockito-all-1.8.5.jar:/home/user/.m2/repository/org/apache/hadoop/hadoop-kms/3.2.0/hadoop-kms-3.2.0.jar:/home/user/.m2/repository/org/apache/hadoop/hadoop-auth/3.2.0/hadoop-auth-3.2.0.jar:/home/user/.m2/repository/com/nimbusds/nimbus-jose-jwt/4.41.1/nimbus-jose-jwt-4.41.1.jar:/home/user/.m2/repository/com/github/stephenc/jcip/jcip-annotations/1.0-1/jcip-annotations-1.0-1.jar:/home/user/.m2/repository/net/minidev/json-smart/2.3/json-smart-2.3.jar:/home/user/.m2/repository/net/minidev/accessors-smart/1.2/accessors-smart-1.2.jar:/home/user/.m2/repository/org/ow2/asm/asm/5.0.4/asm-5.0.4.jar:/home/user/.m2/repository/org/apache/curator/curator-framework/2.12.0/curator-framework-2.12.0.jar:/home/user/.m2/repository/com/sun/jersey/jersey-core/1.19/jersey-core-1.19.jar:/home/user/.m2/repository/javax/ws/rs/jsr311-api/1.1.1/jsr311-api-1.1.1.jar:/home/user/.m2/repository/com/sun/jersey/jersey-server/1.19/jersey-server-1.19.jar:/home/user/.m2/repository/javax/servlet/javax.servlet-api/3.1.0/javax.servlet-api-3.1.0.jar:/home/user/.m2/repository/org/eclipse/jetty/jetty-server/9.3.24.v20180605/jetty-server-9.3.24.v20180605.jar:/home/user/.m2/repository/org/eclipse/jetty/jetty-http/9.3.24.v20180605/jetty-http-9.3.24.v20180605.jar:/home/user/.m2/repository/org/eclipse/jetty/jetty-io/9.3.24.v20180605/jetty-io-9.3.24.v20180605.jar:/home/user/.m2/repository/org/eclipse/jetty/jetty-webapp/9.3.24.v20180605/jetty-webapp-9.3.24.v20180605.jar:/home/user/.m2/repository/org/eclipse/jetty/jetty-xml/9.3.24.v20180605/jetty-xml-9.3.24.v20180605.jar:/home/user/.m2/repository/log4j/log4j/1.2.17/log4j-1.2.17.jar:/home/user/.m2/repository/org/slf4j/slf4j-api/1.7.25/slf4j-api-1.7.25.jar:/home/user/.m2/repository/org/slf4j/jul-to-slf4j/1.7.25/jul-to-slf4j-1.7.25.jar:/home/user/.m2/repository/org/eclipse/jetty/jetty-util/9.3.24.v20180605/jetty-util-9.3.24.v20180605.jar:/home/user/.m2/repository/com/fasterxml/jackson/core/jackson-databind/2.9.5/jackson-databind-2.9.5.jar:/home/user/.m2/repository/org/apache/hadoop/hadoop-kms/3.2.0/hadoop-kms-3.2.0-tests.jar:/home/user/.m2/repository/org/apache/hadoop/hadoop-hdds-server-scm/0.5.0-SNAPSHOT/hadoop-hdds-server-scm-0.5.0-SNAPSHOT-tests.jar:/home/user/.m2/repository/org/apache/hadoop/hadoop-hdds-container-service/0.5.0-SNAPSHOT/hadoop-hdds-container-service-0.5.0-SNAPSHOT-tests.jar:/home/user/.m2/repository/org/yaml/snakeyaml/1.16/snakeyaml-1.16.jar:/home/user/.m2/repository/org/apache/hadoop/hadoop-common/3.2.0/hadoop-common-3.2.0-tests.jar:/home/user/.m2/repository/org/apache/hadoop/hadoop-annotations/3.2.0/hadoop-annotations-3.2.0.jar:/usr/lib/jvm/java-1.8-openjdk/jre/../lib/tools.jar:/home/user/.m2/repository/commons-cli/commons-cli/1.2/commons-cli-1.2.jar:/home/user/.m2/repository/org/apache/httpcomponents/httpclient/4.5.2/httpclient-4.5.2.jar:/home/user/.m2/repository/org/apache/httpcomponents/httpcore/4.4.4/httpcore-4.4.4.jar:/home/user/.m2/repository/commons-codec/commons-codec/1.11/commons-codec-1.11.jar:/home/user/.m2/repository/commons-net/commons-net/3.6/commons-net-3.6.jar:/home/user/.m2/repository/commons-collections/commons-collections/3.2.2/commons-collections-3.2.2.jar:/home/user/.m2/repository/org/eclipse/jetty/jetty-servlet/9.3.24.v20180605/jetty-servlet-9.3.24.v20180605.jar:/home/user/.m2/repository/org/eclipse/jetty/jetty-security/9.3.24.v20180605/jetty-security-9.3.24.v20180605.jar:/home/user/.m2/repository/javax/servlet/jsp/jsp-api/2.1/jsp-api-2.1.jar:/home/user/.m2/repository/com/sun/jersey/jersey-servlet/1.19/jersey-servlet-1.19.jar:/home/user/.m2/repository/com/sun/jersey/jersey-json/1.19/jersey-json-1.19.jar:/home/user/.m2/repository/org/codehaus/jettison/jettison/1.1/jettison-1.1.jar:/home/user/.m2/repository/org/codehaus/jackson/jackson-core-asl/1.9.13/jackson-core-asl-1.9.13.jar:/home/user/.m2/repository/org/codehaus/jackson/jackson-mapper-asl/1.9.13/jackson-mapper-asl-1.9.13.jar:/home/user/.m2/repository/org/codehaus/jackson/jackson-jaxrs/1.9.13/jackson-jaxrs-1.9.13.jar:/home/user/.m2/repository/org/codehaus/jackson/jackson-xc/1.9.13/jackson-xc-1.9.13.jar:/home/user/.m2/repository/commons-logging/commons-logging/1.1.3/commons-logging-1.1.3.jar:/home/user/.m2/repository/commons-beanutils/commons-beanutils/1.9.3/commons-beanutils-1.9.3.jar:/home/user/.m2/repository/org/apache/commons/commons-configuration2/2.1.1/commons-configuration2-2.1.1.jar:/home/user/.m2/repository/org/apache/commons/commons-lang3/3.7/commons-lang3-3.7.jar:/home/user/.m2/repository/org/apache/commons/commons-text/1.4/commons-text-1.4.jar:/home/user/.m2/repository/org/apache/avro/avro/1.7.7/avro-1.7.7.jar:/home/user/.m2/repository/com/thoughtworks/paranamer/paranamer/2.3/paranamer-2.3.jar:/home/user/.m2/repository/org/xerial/snappy/snappy-java/1.0.5/snappy-java-1.0.5.jar:/home/user/.m2/repository/com/google/re2j/re2j/1.1/re2j-1.1.jar:/home/user/.m2/repository/com/google/code/gson/gson/2.2.4/gson-2.2.4.jar:/home/user/.m2/repository/com/jcraft/jsch/0.1.54/jsch-0.1.54.jar:/home/user/.m2/repository/org/apache/curator/curator-client/2.12.0/curator-client-2.12.0.jar:/home/user/.m2/repository/org/apache/curator/curator-recipes/2.12.0/curator-recipes-2.12.0.jar:/home/user/.m2/repository/com/google/code/findbugs/jsr305/3.0.0/jsr305-3.0.0.jar:/home/user/.m2/repository/org/apache/htrace/htrace-core4/4.1.0-incubating/htrace-core4-4.1.0-incubating.jar:/home/user/.m2/repository/org/apache/zookeeper/zookeeper/3.4.13/zookeeper-3.4.13.jar:/home/user/.m2/repository/org/apache/yetus/audience-annotations/0.5.0/audience-annotations-0.5.0.jar:/home/user/.m2/repository/org/codehaus/woodstox/stax2-api/3.1.4/stax2-api-3.1.4.jar:/home/user/.m2/repository/com/fasterxml/woodstox/woodstox-core/5.0.3/woodstox-core-5.0.3.jar:/home/user/.m2/repository/dnsjava/dnsjava/2.1.7/dnsjava-2.1.7.jar:/home/user/.m2/repository/org/apache/hadoop/hadoop-hdfs/3.2.0/hadoop-hdfs-3.2.0-tests.jar:/home/user/.m2/repository/org/eclipse/jetty/jetty-util-ajax/9.3.24.v20180605/jetty-util-ajax-9.3.24.v20180605.jar:/home/user/.m2/repository/commons-daemon/commons-daemon/1.0.13/commons-daemon-1.0.13.jar:/home/user/.m2/repository/io/netty/netty/3.10.5.Final/netty-3.10.5.Final.jar:/home/user/.m2/repository/io/netty/netty-all/4.0.52.Final/netty-all-4.0.52.Final.jar:/home/user/.m2/repository/org/fusesource/leveldbjni/leveldbjni-all/1.8/leveldbjni-all-1.8.jar:"/>
    <property name="java.vm.vendor" value="IcedTea"/>
    <property name="sun.arch.data.model" value="64"/>
    <property name="test.build.dir" value="/workdir/hadoop-ozone/integration-test/target/test-dir"/>
    <property name="test.cache.data" value=""/>
    <property name="java.vendor.url" value="https://icedtea.classpath.org"/>
    <property name="user.timezone" value=""/>
    <property name="java.vm.specification.version" value="1.8"/>
    <property name="os.name" value="Linux"/>
    <property name="test.build.data" value="/workdir/hadoop-ozone/integration-test/target/test-dir"/>
    <property name="user.country" value="US"/>
    <property name="sun.java.launcher" value="SUN_STANDARD"/>
    <property name="sun.boot.library.path" value="/usr/lib/jvm/java-1.8-openjdk/jre/lib/amd64"/>
    <property name="sun.java.command" value="/workdir/hadoop-ozone/integration-test/target/surefire/surefirebooter2349680111708295174.jar /workdir/hadoop-ozone/integration-test/target/surefire 2019-09-05T18-44-32_486-jvmRun1 surefire8742589019932949599tmp surefire_166835359698082458654tmp"/>
    <property name="test" value="!TestMiniChaosOzoneCluster"/>
    <property name="surefire.test.class.path" value="/workdir/hadoop-ozone/integration-test/target/test-classes:/workdir/hadoop-ozone/integration-test/target/classes:/home/user/.m2/repository/org/apache/hadoop/hadoop-ozone-common/0.5.0-SNAPSHOT/hadoop-ozone-common-0.5.0-SNAPSHOT.jar:/home/user/.m2/repository/org/apache/commons/commons-compress/1.4.1/commons-compress-1.4.1.jar:/home/user/.m2/repository/org/tukaani/xz/1.0/xz-1.0.jar:/home/user/.m2/repository/org/apache/hadoop/hadoop-common/3.2.0/hadoop-common-3.2.0.jar:/home/user/.m2/repository/org/apache/hadoop/hadoop-hdfs/3.2.0/hadoop-hdfs-3.2.0.jar:/home/user/.m2/repository/org/apache/hadoop/hadoop-hdfs-client/3.2.0/hadoop-hdfs-client-3.2.0.jar:/home/user/.m2/repository/com/fasterxml/jackson/core/jackson-annotations/2.9.5/jackson-annotations-2.9.5.jar:/home/user/.m2/repository/org/apache/hadoop/hadoop-hdds-common/0.5.0-SNAPSHOT/hadoop-hdds-common-0.5.0-SNAPSHOT.jar:/home/user/.m2/repository/javax/annotation/javax.annotation-api/1.2/javax.annotation-api-1.2.jar:/home/user/.m2/repository/org/apache/ratis/ratis-server/0.4.0-2337318-SNAPSHOT/ratis-server-0.4.0-2337318-SNAPSHOT.jar:/home/user/.m2/repository/org/apache/ratis/ratis-thirdparty-misc/0.2.0/ratis-thirdparty-misc-0.2.0.jar:/home/user/.m2/repository/org/apache/ratis/ratis-proto/0.4.0-2337318-SNAPSHOT/ratis-proto-0.4.0-2337318-SNAPSHOT.jar:/home/user/.m2/repository/org/apache/ratis/ratis-common/0.4.0-2337318-SNAPSHOT/ratis-common-0.4.0-2337318-SNAPSHOT.jar:/home/user/.m2/repository/org/apache/ratis/ratis-client/0.4.0-2337318-SNAPSHOT/ratis-client-0.4.0-2337318-SNAPSHOT.jar:/home/user/.m2/repository/org/apache/ratis/ratis-metrics/0.4.0-2337318-SNAPSHOT/ratis-metrics-0.4.0-2337318-SNAPSHOT.jar:/home/user/.m2/repository/org/apache/ratis/ratis-netty/0.4.0-2337318-SNAPSHOT/ratis-netty-0.4.0-2337318-SNAPSHOT.jar:/home/user/.m2/repository/org/apache/ratis/ratis-grpc/0.4.0-2337318-SNAPSHOT/ratis-grpc-0.4.0-2337318-SNAPSHOT.jar:/home/user/.m2/repository/org/rocksdb/rocksdbjni/6.0.1/rocksdbjni-6.0.1.jar:/home/user/.m2/repository/org/apache/logging/log4j/log4j-api/2.11.0/log4j-api-2.11.0.jar:/home/user/.m2/repository/org/apache/logging/log4j/log4j-core/2.11.0/log4j-core-2.11.0.jar:/home/user/.m2/repository/com/lmax/disruptor/3.4.2/disruptor-3.4.2.jar:/home/user/.m2/repository/org/apache/commons/commons-pool2/2.6.0/commons-pool2-2.6.0.jar:/home/user/.m2/repository/org/bouncycastle/bcpkix-jdk15on/1.60/bcpkix-jdk15on-1.60.jar:/home/user/.m2/repository/commons-validator/commons-validator/1.6/commons-validator-1.6.jar:/home/user/.m2/repository/commons-digester/commons-digester/1.8.1/commons-digester-1.8.1.jar:/home/user/.m2/repository/io/jaegertracing/jaeger-client/0.33.1/jaeger-client-0.33.1.jar:/home/user/.m2/repository/io/jaegertracing/jaeger-thrift/0.33.1/jaeger-thrift-0.33.1.jar:/home/user/.m2/repository/org/apache/thrift/libthrift/0.11.0/libthrift-0.11.0.jar:/home/user/.m2/repository/com/squareup/okhttp3/okhttp/3.9.0/okhttp-3.9.0.jar:/home/user/.m2/repository/com/squareup/okio/okio/1.13.0/okio-1.13.0.jar:/home/user/.m2/repository/io/jaegertracing/jaeger-core/0.33.1/jaeger-core-0.33.1.jar:/home/user/.m2/repository/io/jaegertracing/jaeger-tracerresolver/0.33.1/jaeger-tracerresolver-0.33.1.jar:/home/user/.m2/repository/io/opentracing/contrib/opentracing-tracerresolver/0.1.5/opentracing-tracerresolver-0.1.5.jar:/home/user/.m2/repository/io/opentracing/opentracing-util/0.31.0/opentracing-util-0.31.0.jar:/home/user/.m2/repository/io/opentracing/opentracing-api/0.31.0/opentracing-api-0.31.0.jar:/home/user/.m2/repository/io/opentracing/opentracing-noop/0.31.0/opentracing-noop-0.31.0.jar:/home/user/.m2/repository/org/apache/hadoop/hadoop-hdds-server-framework/0.5.0-SNAPSHOT/hadoop-hdds-server-framework-0.5.0-SNAPSHOT.jar:/home/user/.m2/repository/org/apache/hadoop/hadoop-hdds-container-service/0.5.0-SNAPSHOT/hadoop-hdds-container-service-0.5.0-SNAPSHOT.jar:/home/user/.m2/repository/org/apache/hadoop/hadoop-hdds-client/0.5.0-SNAPSHOT/hadoop-hdds-client-0.5.0-SNAPSHOT.jar:/home/user/.m2/repository/org/apache/hadoop/hadoop-hdds-tools/0.5.0-SNAPSHOT/hadoop-hdds-tools-0.5.0-SNAPSHOT.jar:/home/user/.m2/repository/org/apache/hadoop/hadoop-hdds-server-scm/0.5.0-SNAPSHOT/hadoop-hdds-server-scm-0.5.0-SNAPSHOT.jar:/home/user/.m2/repository/org/apache/hadoop/hadoop-hdds-docs/0.5.0-SNAPSHOT/hadoop-hdds-docs-0.5.0-SNAPSHOT.jar:/home/user/.m2/repository/io/dropwizard/metrics/metrics-core/3.2.4/metrics-core-3.2.4.jar:/home/user/.m2/repository/org/hamcrest/hamcrest-all/1.3/hamcrest-all-1.3.jar:/home/user/.m2/repository/org/bouncycastle/bcprov-jdk15on/1.60/bcprov-jdk15on-1.60.jar:/home/user/.m2/repository/info/picocli/picocli/3.9.6/picocli-3.9.6.jar:/home/user/.m2/repository/com/google/protobuf/protobuf-java/2.5.0/protobuf-java-2.5.0.jar:/home/user/.m2/repository/com/google/guava/guava/11.0.2/guava-11.0.2.jar:/home/user/.m2/repository/org/apache/hadoop/hadoop-ozone-ozone-manager/0.5.0-SNAPSHOT/hadoop-ozone-ozone-manager-0.5.0-SNAPSHOT.jar:/home/user/.m2/repository/org/apache/hadoop/hadoop-minikdc/3.2.0/hadoop-minikdc-3.2.0.jar:/home/user/.m2/repository/commons-io/commons-io/2.5/commons-io-2.5.jar:/home/user/.m2/repository/org/apache/kerby/kerb-simplekdc/1.0.1/kerb-simplekdc-1.0.1.jar:/home/user/.m2/repository/org/apache/kerby/kerb-client/1.0.1/kerb-client-1.0.1.jar:/home/user/.m2/repository/org/apache/kerby/kerby-config/1.0.1/kerby-config-1.0.1.jar:/home/user/.m2/repository/org/apache/kerby/kerb-core/1.0.1/kerb-core-1.0.1.jar:/home/user/.m2/repository/org/apache/kerby/kerby-pkix/1.0.1/kerby-pkix-1.0.1.jar:/home/user/.m2/repository/org/apache/kerby/kerby-asn1/1.0.1/kerby-asn1-1.0.1.jar:/home/user/.m2/repository/org/apache/kerby/kerby-util/1.0.1/kerby-util-1.0.1.jar:/home/user/.m2/repository/org/apache/kerby/kerb-common/1.0.1/kerb-common-1.0.1.jar:/home/user/.m2/repository/org/apache/kerby/kerb-crypto/1.0.1/kerb-crypto-1.0.1.jar:/home/user/.m2/repository/org/apache/kerby/kerb-util/1.0.1/kerb-util-1.0.1.jar:/home/user/.m2/repository/org/apache/kerby/token-provider/1.0.1/token-provider-1.0.1.jar:/home/user/.m2/repository/org/apache/kerby/kerb-admin/1.0.1/kerb-admin-1.0.1.jar:/home/user/.m2/repository/org/apache/kerby/kerb-server/1.0.1/kerb-server-1.0.1.jar:/home/user/.m2/repository/org/apache/kerby/kerb-identity/1.0.1/kerb-identity-1.0.1.jar:/home/user/.m2/repository/org/apache/kerby/kerby-xdr/1.0.1/kerby-xdr-1.0.1.jar:/home/user/.m2/repository/org/slf4j/slf4j-log4j12/1.7.25/slf4j-log4j12-1.7.25.jar:/home/user/.m2/repository/org/apache/hadoop/hadoop-ozone-s3gateway/0.5.0-SNAPSHOT/hadoop-ozone-s3gateway-0.5.0-SNAPSHOT.jar:/home/user/.m2/repository/org/jboss/weld/servlet/weld-servlet/2.4.7.Final/weld-servlet-2.4.7.Final.jar:/home/user/.m2/repository/org/glassfish/jersey/containers/jersey-container-servlet-core/2.27/jersey-container-servlet-core-2.27.jar:/home/user/.m2/repository/org/glassfish/hk2/external/javax.inject/2.5.0-b42/javax.inject-2.5.0-b42.jar:/home/user/.m2/repository/org/glassfish/jersey/core/jersey-common/2.27/jersey-common-2.27.jar:/home/user/.m2/repository/org/glassfish/hk2/osgi-resource-locator/1.0.1/osgi-resource-locator-1.0.1.jar:/home/user/.m2/repository/javax/ws/rs/javax.ws.rs-api/2.1/javax.ws.rs-api-2.1.jar:/home/user/.m2/repository/org/glassfish/jersey/ext/cdi/jersey-cdi1x/2.27/jersey-cdi1x-2.27.jar:/home/user/.m2/repository/org/glassfish/jersey/inject/jersey-hk2/2.27/jersey-hk2-2.27.jar:/home/user/.m2/repository/org/glassfish/hk2/hk2-locator/2.5.0-b42/hk2-locator-2.5.0-b42.jar:/home/user/.m2/repository/org/javassist/javassist/3.22.0-CR2/javassist-3.22.0-CR2.jar:/home/user/.m2/repository/org/glassfish/hk2/hk2-api/2.5.0/hk2-api-2.5.0.jar:/home/user/.m2/repository/org/glassfish/hk2/external/jakarta.inject/2.5.0/jakarta.inject-2.5.0.jar:/home/user/.m2/repository/org/glassfish/hk2/hk2-utils/2.5.0/hk2-utils-2.5.0.jar:/home/user/.m2/repository/jakarta/annotation/jakarta.annotation-api/1.3.4/jakarta.annotation-api-1.3.4.jar:/home/user/.m2/repository/org/glassfish/hk2/external/aopalliance-repackaged/2.5.0/aopalliance-repackaged-2.5.0.jar:/home/user/.m2/repository/com/fasterxml/jackson/dataformat/jackson-dataformat-xml/2.9.0/jackson-dataformat-xml-2.9.0.jar:/home/user/.m2/repository/com/fasterxml/jackson/core/jackson-core/2.9.5/jackson-core-2.9.5.jar:/home/user/.m2/repository/com/fasterxml/jackson/module/jackson-module-jaxb-annotations/2.9.5/jackson-module-jaxb-annotations-2.9.5.jar:/home/user/.m2/repository/javax/enterprise/cdi-api/1.2/cdi-api-1.2.jar:/home/user/.m2/repository/javax/el/javax.el-api/3.0.0/javax.el-api-3.0.0.jar:/home/user/.m2/repository/javax/interceptor/javax.interceptor-api/1.2/javax.interceptor-api-1.2.jar:/home/user/.m2/repository/javax/inject/javax.inject/1/javax.inject-1.jar:/home/user/.m2/repository/com/sun/xml/bind/jaxb-impl/2.3.0.1/jaxb-impl-2.3.0.1.jar:/home/user/.m2/repository/com/sun/xml/bind/jaxb-core/2.3.0.1/jaxb-core-2.3.0.1.jar:/home/user/.m2/repository/javax/xml/bind/jaxb-api/2.3.0/jaxb-api-2.3.0.jar:/home/user/.m2/repository/javax/activation/activation/1.1.1/activation-1.1.1.jar:/home/user/.m2/repository/org/apache/hadoop/hadoop-ozone-csi/0.5.0-SNAPSHOT/hadoop-ozone-csi-0.5.0-SNAPSHOT.jar:/home/user/.m2/repository/com/google/protobuf/protobuf-java-util/3.5.1/protobuf-java-util-3.5.1.jar:/home/user/.m2/repository/org/apache/hadoop/hadoop-hdds-config/0.5.0-SNAPSHOT/hadoop-hdds-config-0.5.0-SNAPSHOT.jar:/home/user/.m2/repository/io/grpc/grpc-netty/1.17.1/grpc-netty-1.17.1.jar:/home/user/.m2/repository/io/grpc/grpc-core/1.17.1/grpc-core-1.17.1.jar:/home/user/.m2/repository/io/grpc/grpc-context/1.17.1/grpc-context-1.17.1.jar:/home/user/.m2/repository/com/google/errorprone/error_prone_annotations/2.2.0/error_prone_annotations-2.2.0.jar:/home/user/.m2/repository/org/codehaus/mojo/animal-sniffer-annotations/1.17/animal-sniffer-annotations-1.17.jar:/home/user/.m2/repository/io/opencensus/opencensus-api/0.17.0/opencensus-api-0.17.0.jar:/home/user/.m2/repository/io/opencensus/opencensus-contrib-grpc-metrics/0.17.0/opencensus-contrib-grpc-metrics-0.17.0.jar:/home/user/.m2/repository/io/netty/netty-codec-http2/4.1.30.Final/netty-codec-http2-4.1.30.Final.jar:/home/user/.m2/repository/io/netty/netty-codec-http/4.1.30.Final/netty-codec-http-4.1.30.Final.jar:/home/user/.m2/repository/io/netty/netty-codec/4.1.30.Final/netty-codec-4.1.30.Final.jar:/home/user/.m2/repository/io/netty/netty-handler/4.1.30.Final/netty-handler-4.1.30.Final.jar:/home/user/.m2/repository/io/netty/netty-handler-proxy/4.1.30.Final/netty-handler-proxy-4.1.30.Final.jar:/home/user/.m2/repository/io/netty/netty-codec-socks/4.1.30.Final/netty-codec-socks-4.1.30.Final.jar:/home/user/.m2/repository/io/netty/netty-transport-native-epoll/4.1.30.Final/netty-transport-native-epoll-4.1.30.Final.jar:/home/user/.m2/repository/io/netty/netty-common/4.1.30.Final/netty-common-4.1.30.Final.jar:/home/user/.m2/repository/io/netty/netty-buffer/4.1.30.Final/netty-buffer-4.1.30.Final.jar:/home/user/.m2/repository/io/netty/netty-transport/4.1.30.Final/netty-transport-4.1.30.Final.jar:/home/user/.m2/repository/io/netty/netty-resolver/4.1.30.Final/netty-resolver-4.1.30.Final.jar:/home/user/.m2/repository/io/netty/netty-transport-native-unix-common/4.1.30.Final/netty-transport-native-unix-common-4.1.30.Final.jar:/home/user/.m2/repository/io/grpc/grpc-protobuf/1.17.1/grpc-protobuf-1.17.1.jar:/home/user/.m2/repository/com/google/api/grpc/proto-google-common-protos/1.0.0/proto-google-common-protos-1.0.0.jar:/home/user/.m2/repository/io/grpc/grpc-protobuf-lite/1.17.1/grpc-protobuf-lite-1.17.1.jar:/home/user/.m2/repository/io/grpc/grpc-stub/1.17.1/grpc-stub-1.17.1.jar:/home/user/.m2/repository/org/apache/hadoop/hadoop-ozone-recon/0.5.0-SNAPSHOT/hadoop-ozone-recon-0.5.0-SNAPSHOT.jar:/home/user/.m2/repository/org/apache/hadoop/hadoop-ozone-reconcodegen/0.5.0-SNAPSHOT/hadoop-ozone-reconcodegen-0.5.0-SNAPSHOT.jar:/home/user/.m2/repository/com/google/inject/extensions/guice-multibindings/4.0/guice-multibindings-4.0.jar:/home/user/.m2/repository/com/google/inject/guice/4.0/guice-4.0.jar:/home/user/.m2/repository/aopalliance/aopalliance/1.0/aopalliance-1.0.jar:/home/user/.m2/repository/com/google/inject/extensions/guice-servlet/4.0/guice-servlet-4.0.jar:/home/user/.m2/repository/org/glassfish/jersey/containers/jersey-container-servlet/2.27/jersey-container-servlet-2.27.jar:/home/user/.m2/repository/org/glassfish/hk2/guice-bridge/2.5.0/guice-bridge-2.5.0.jar:/home/user/.m2/repository/org/glassfish/jersey/core/jersey-server/2.27/jersey-server-2.27.jar:/home/user/.m2/repository/org/glassfish/jersey/core/jersey-client/2.27/jersey-client-2.27.jar:/home/user/.m2/repository/org/glassfish/jersey/media/jersey-media-jaxb/2.27/jersey-media-jaxb-2.27.jar:/home/user/.m2/repository/javax/validation/validation-api/1.1.0.Final/validation-api-1.1.0.Final.jar:/home/user/.m2/repository/org/glassfish/jersey/media/jersey-media-json-jackson/2.27/jersey-media-json-jackson-2.27.jar:/home/user/.m2/repository/org/glassfish/jersey/ext/jersey-entity-filtering/2.27/jersey-entity-filtering-2.27.jar:/home/user/.m2/repository/com/google/inject/extensions/guice-assistedinject/4.0/guice-assistedinject-4.0.jar:/home/user/.m2/repository/org/jooq/jooq/3.11.10/jooq-3.11.10.jar:/home/user/.m2/repository/org/jooq/jooq-meta/3.11.10/jooq-meta-3.11.10.jar:/home/user/.m2/repository/org/jooq/jooq-codegen/3.11.10/jooq-codegen-3.11.10.jar:/home/user/.m2/repository/com/jolbox/bonecp/0.8.0.RELEASE/bonecp-0.8.0.RELEASE.jar:/home/user/.m2/repository/org/xerial/sqlite-jdbc/3.25.2/sqlite-jdbc-3.25.2.jar:/home/user/.m2/repository/org/springframework/spring-jdbc/5.1.3.RELEASE/spring-jdbc-5.1.3.RELEASE.jar:/home/user/.m2/repository/org/springframework/spring-beans/5.1.3.RELEASE/spring-beans-5.1.3.RELEASE.jar:/home/user/.m2/repository/org/springframework/spring-core/5.1.3.RELEASE/spring-core-5.1.3.RELEASE.jar:/home/user/.m2/repository/org/springframework/spring-jcl/5.1.3.RELEASE/spring-jcl-5.1.3.RELEASE.jar:/home/user/.m2/repository/org/springframework/spring-tx/5.1.3.RELEASE/spring-tx-5.1.3.RELEASE.jar:/home/user/.m2/repository/org/apache/hadoop/hadoop-ozone-client/0.5.0-SNAPSHOT/hadoop-ozone-client-0.5.0-SNAPSHOT.jar:/home/user/.m2/repository/commons-lang/commons-lang/2.6/commons-lang-2.6.jar:/home/user/.m2/repository/org/apache/hadoop/hadoop-ozone-ozone-manager/0.5.0-SNAPSHOT/hadoop-ozone-ozone-manager-0.5.0-SNAPSHOT-tests.jar:/home/user/.m2/repository/junit/junit/4.11/junit-4.11.jar:/home/user/.m2/repository/org/hamcrest/hamcrest-core/1.3/hamcrest-core-1.3.jar:/home/user/.m2/repository/org/openjdk/jmh/jmh-core/1.19/jmh-core-1.19.jar:/home/user/.m2/repository/net/sf/jopt-simple/jopt-simple/4.6/jopt-simple-4.6.jar:/home/user/.m2/repository/org/apache/commons/commons-math3/3.1.1/commons-math3-3.1.1.jar:/home/user/.m2/repository/org/openjdk/jmh/jmh-generator-annprocess/1.19/jmh-generator-annprocess-1.19.jar:/home/user/.m2/repository/org/mockito/mockito-all/1.8.5/mockito-all-1.8.5.jar:/home/user/.m2/repository/org/apache/hadoop/hadoop-kms/3.2.0/hadoop-kms-3.2.0.jar:/home/user/.m2/repository/org/apache/hadoop/hadoop-auth/3.2.0/hadoop-auth-3.2.0.jar:/home/user/.m2/repository/com/nimbusds/nimbus-jose-jwt/4.41.1/nimbus-jose-jwt-4.41.1.jar:/home/user/.m2/repository/com/github/stephenc/jcip/jcip-annotations/1.0-1/jcip-annotations-1.0-1.jar:/home/user/.m2/repository/net/minidev/json-smart/2.3/json-smart-2.3.jar:/home/user/.m2/repository/net/minidev/accessors-smart/1.2/accessors-smart-1.2.jar:/home/user/.m2/repository/org/ow2/asm/asm/5.0.4/asm-5.0.4.jar:/home/user/.m2/repository/org/apache/curator/curator-framework/2.12.0/curator-framework-2.12.0.jar:/home/user/.m2/repository/com/sun/jersey/jersey-core/1.19/jersey-core-1.19.jar:/home/user/.m2/repository/javax/ws/rs/jsr311-api/1.1.1/jsr311-api-1.1.1.jar:/home/user/.m2/repository/com/sun/jersey/jersey-server/1.19/jersey-server-1.19.jar:/home/user/.m2/repository/javax/servlet/javax.servlet-api/3.1.0/javax.servlet-api-3.1.0.jar:/home/user/.m2/repository/org/eclipse/jetty/jetty-server/9.3.24.v20180605/jetty-server-9.3.24.v20180605.jar:/home/user/.m2/repository/org/eclipse/jetty/jetty-http/9.3.24.v20180605/jetty-http-9.3.24.v20180605.jar:/home/user/.m2/repository/org/eclipse/jetty/jetty-io/9.3.24.v20180605/jetty-io-9.3.24.v20180605.jar:/home/user/.m2/repository/org/eclipse/jetty/jetty-webapp/9.3.24.v20180605/jetty-webapp-9.3.24.v20180605.jar:/home/user/.m2/repository/org/eclipse/jetty/jetty-xml/9.3.24.v20180605/jetty-xml-9.3.24.v20180605.jar:/home/user/.m2/repository/log4j/log4j/1.2.17/log4j-1.2.17.jar:/home/user/.m2/repository/org/slf4j/slf4j-api/1.7.25/slf4j-api-1.7.25.jar:/home/user/.m2/repository/org/slf4j/jul-to-slf4j/1.7.25/jul-to-slf4j-1.7.25.jar:/home/user/.m2/repository/org/eclipse/jetty/jetty-util/9.3.24.v20180605/jetty-util-9.3.24.v20180605.jar:/home/user/.m2/repository/com/fasterxml/jackson/core/jackson-databind/2.9.5/jackson-databind-2.9.5.jar:/home/user/.m2/repository/org/apache/hadoop/hadoop-kms/3.2.0/hadoop-kms-3.2.0-tests.jar:/home/user/.m2/repository/org/apache/hadoop/hadoop-hdds-server-scm/0.5.0-SNAPSHOT/hadoop-hdds-server-scm-0.5.0-SNAPSHOT-tests.jar:/home/user/.m2/repository/org/apache/hadoop/hadoop-hdds-container-service/0.5.0-SNAPSHOT/hadoop-hdds-container-service-0.5.0-SNAPSHOT-tests.jar:/home/user/.m2/repository/org/yaml/snakeyaml/1.16/snakeyaml-1.16.jar:/home/user/.m2/repository/org/apache/hadoop/hadoop-common/3.2.0/hadoop-common-3.2.0-tests.jar:/home/user/.m2/repository/org/apache/hadoop/hadoop-annotations/3.2.0/hadoop-annotations-3.2.0.jar:/usr/lib/jvm/java-1.8-openjdk/jre/../lib/tools.jar:/home/user/.m2/repository/commons-cli/commons-cli/1.2/commons-cli-1.2.jar:/home/user/.m2/repository/org/apache/httpcomponents/httpclient/4.5.2/httpclient-4.5.2.jar:/home/user/.m2/repository/org/apache/httpcomponents/httpcore/4.4.4/httpcore-4.4.4.jar:/home/user/.m2/repository/commons-codec/commons-codec/1.11/commons-codec-1.11.jar:/home/user/.m2/repository/commons-net/commons-net/3.6/commons-net-3.6.jar:/home/user/.m2/repository/commons-collections/commons-collections/3.2.2/commons-collections-3.2.2.jar:/home/user/.m2/repository/org/eclipse/jetty/jetty-servlet/9.3.24.v20180605/jetty-servlet-9.3.24.v20180605.jar:/home/user/.m2/repository/org/eclipse/jetty/jetty-security/9.3.24.v20180605/jetty-security-9.3.24.v20180605.jar:/home/user/.m2/repository/javax/servlet/jsp/jsp-api/2.1/jsp-api-2.1.jar:/home/user/.m2/repository/com/sun/jersey/jersey-servlet/1.19/jersey-servlet-1.19.jar:/home/user/.m2/repository/com/sun/jersey/jersey-json/1.19/jersey-json-1.19.jar:/home/user/.m2/repository/org/codehaus/jettison/jettison/1.1/jettison-1.1.jar:/home/user/.m2/repository/org/codehaus/jackson/jackson-core-asl/1.9.13/jackson-core-asl-1.9.13.jar:/home/user/.m2/repository/org/codehaus/jackson/jackson-mapper-asl/1.9.13/jackson-mapper-asl-1.9.13.jar:/home/user/.m2/repository/org/codehaus/jackson/jackson-jaxrs/1.9.13/jackson-jaxrs-1.9.13.jar:/home/user/.m2/repository/org/codehaus/jackson/jackson-xc/1.9.13/jackson-xc-1.9.13.jar:/home/user/.m2/repository/commons-logging/commons-logging/1.1.3/commons-logging-1.1.3.jar:/home/user/.m2/repository/commons-beanutils/commons-beanutils/1.9.3/commons-beanutils-1.9.3.jar:/home/user/.m2/repository/org/apache/commons/commons-configuration2/2.1.1/commons-configuration2-2.1.1.jar:/home/user/.m2/repository/org/apache/commons/commons-lang3/3.7/commons-lang3-3.7.jar:/home/user/.m2/repository/org/apache/commons/commons-text/1.4/commons-text-1.4.jar:/home/user/.m2/repository/org/apache/avro/avro/1.7.7/avro-1.7.7.jar:/home/user/.m2/repository/com/thoughtworks/paranamer/paranamer/2.3/paranamer-2.3.jar:/home/user/.m2/repository/org/xerial/snappy/snappy-java/1.0.5/snappy-java-1.0.5.jar:/home/user/.m2/repository/com/google/re2j/re2j/1.1/re2j-1.1.jar:/home/user/.m2/repository/com/google/code/gson/gson/2.2.4/gson-2.2.4.jar:/home/user/.m2/repository/com/jcraft/jsch/0.1.54/jsch-0.1.54.jar:/home/user/.m2/repository/org/apache/curator/curator-client/2.12.0/curator-client-2.12.0.jar:/home/user/.m2/repository/org/apache/curator/curator-recipes/2.12.0/curator-recipes-2.12.0.jar:/home/user/.m2/repository/com/google/code/findbugs/jsr305/3.0.0/jsr305-3.0.0.jar:/home/user/.m2/repository/org/apache/htrace/htrace-core4/4.1.0-incubating/htrace-core4-4.1.0-incubating.jar:/home/user/.m2/repository/org/apache/zookeeper/zookeeper/3.4.13/zookeeper-3.4.13.jar:/home/user/.m2/repository/org/apache/yetus/audience-annotations/0.5.0/audience-annotations-0.5.0.jar:/home/user/.m2/repository/org/codehaus/woodstox/stax2-api/3.1.4/stax2-api-3.1.4.jar:/home/user/.m2/repository/com/fasterxml/woodstox/woodstox-core/5.0.3/woodstox-core-5.0.3.jar:/home/user/.m2/repository/dnsjava/dnsjava/2.1.7/dnsjava-2.1.7.jar:/home/user/.m2/repository/org/apache/hadoop/hadoop-hdfs/3.2.0/hadoop-hdfs-3.2.0-tests.jar:/home/user/.m2/repository/org/eclipse/jetty/jetty-util-ajax/9.3.24.v20180605/jetty-util-ajax-9.3.24.v20180605.jar:/home/user/.m2/repository/commons-daemon/commons-daemon/1.0.13/commons-daemon-1.0.13.jar:/home/user/.m2/repository/io/netty/netty/3.10.5.Final/netty-3.10.5.Final.jar:/home/user/.m2/repository/io/netty/netty-all/4.0.52.Final/netty-all-4.0.52.Final.jar:/home/user/.m2/repository/org/fusesource/leveldbjni/leveldbjni-all/1.8/leveldbjni-all-1.8.jar:"/>
    <property name="sun.cpu.endian" value="little"/>
    <property name="user.home" value="/home/user"/>
    <property name="user.language" value="en"/>
    <property name="java.specification.vendor" value="Oracle Corporation"/>
    <property name="java.home" value="/usr/lib/jvm/java-1.8-openjdk/jre"/>
    <property name="java.security.krb5.conf" value="/workdir/hadoop-ozone/integration-test/target/test-classes/krb5.conf"/>
    <property name="basedir" value="/workdir/hadoop-ozone/integration-test"/>
    <property name="file.separator" value="/"/>
    <property name="line.separator" value="&#10;"/>
    <property name="java.vm.specification.vendor" value="Oracle Corporation"/>
    <property name="java.specification.name" value="Java Platform API Specification"/>
    <property name="java.awt.graphicsenv" value="sun.awt.X11GraphicsEnvironment"/>
    <property name="surefire.real.class.path" value="/workdir/hadoop-ozone/integration-test/target/surefire/surefirebooter2349680111708295174.jar"/>
    <property name="hadoop.log.dir" value="/workdir/hadoop-ozone/integration-test/target/log"/>
    <property name="sun.boot.class.path" value="/usr/lib/jvm/java-1.8-openjdk/jre/lib/resources.jar:/usr/lib/jvm/java-1.8-openjdk/jre/lib/rt.jar:/usr/lib/jvm/java-1.8-openjdk/jre/lib/sunrsasign.jar:/usr/lib/jvm/java-1.8-openjdk/jre/lib/jsse.jar:/usr/lib/jvm/java-1.8-openjdk/jre/lib/jce.jar:/usr/lib/jvm/java-1.8-openjdk/jre/lib/charsets.jar:/usr/lib/jvm/java-1.8-openjdk/jre/lib/jfr.jar:/usr/lib/jvm/java-1.8-openjdk/jre/classes"/>
    <property name="sun.management.compiler" value="HotSpot 64-Bit Tiered Compilers"/>
    <property name="java.runtime.version" value="1.8.0_212-b04"/>
    <property name="java.net.preferIPv4Stack" value="true"/>
    <property name="user.name" value="jenkins1000"/>
    <property name="path.separator" value=":"/>
    <property name="java.security.egd" value="file:///dev/urandom"/>
    <property name="os.version" value="3.10.0-957.12.2.el7.x86_64"/>
    <property name="java.endorsed.dirs" value="/usr/lib/jvm/java-1.8-openjdk/jre/lib/endorsed"/>
    <property name="java.runtime.name" value="OpenJDK Runtime Environment"/>
    <property name="file.encoding" value="UTF-8"/>
    <property name="java.vm.name" value="OpenJDK 64-Bit Server VM"/>
    <property name="test.build.webapps" value=""/>
    <property name="localRepository" value="/home/user/.m2/repository"/>
    <property name="java.vendor.url.bug" value="https://icedtea.classpath.org/bugzilla"/>
    <property name="java.io.tmpdir" value="/tmp"/>
    <property name="require.test.libhadoop" value=""/>
    <property name="java.version" value="1.8.0_212"/>
    <property name="user.dir" value="/workdir/hadoop-ozone/integration-test"/>
    <property name="os.arch" value="amd64"/>
    <property name="java.vm.specification.name" value="Java Virtual Machine Specification"/>
    <property name="test.build.classes" value="/workdir/hadoop-ozone/integration-test/target/test-classes"/>
    <property name="java.awt.printerjob" value="sun.print.PSPrinterJob"/>
    <property name="sun.os.patch.level" value="unknown"/>
    <property name="hadoop.tmp.dir" value="/workdir/hadoop-ozone/integration-test/target/tmp"/>
    <property name="java.library.path" value="/usr/lib/jvm/java-1.8-openjdk/jre/lib/amd64/server:/usr/lib/jvm/java-1.8-openjdk/jre/lib/amd64:/usr/lib/jvm/java-1.8-openjdk/jre/../lib/amd64:/workdir/hadoop-ozone/integration-test/target/native/target/usr/local/lib:/workdir/hadoop-ozone/integration-test/../../hadoop-common-project/hadoop-common/target/native/target/usr/local/lib:/usr/java/packages/lib/amd64:/usr/lib64:/lib64:/lib:/usr/lib"/>
    <property name="java.vm.info" value="mixed mode"/>
    <property name="java.vendor" value="IcedTea"/>
    <property name="java.vm.version" value="25.212-b04"/>
    <property name="java.ext.dirs" value="/usr/lib/jvm/java-1.8-openjdk/jre/lib/ext:/usr/java/packages/lib/ext"/>
    <property name="sun.io.unicode.encoding" value="UnicodeLittle"/>
    <property name="java.class.version" value="52.0"/>
  </properties>
  <testcase name="test2DatanodesFailure" classname="org.apache.hadoop.ozone.client.rpc.TestBlockOutputStreamWithFailures" time="46.991">
    <error message="Allocated 0 blocks. Requested 1 blocks" type="INTERNAL_ERROR org.apache.hadoop.ozone.om.exceptions.OMException">INTERNAL_ERROR org.apache.hadoop.ozone.om.exceptions.OMException: Allocated 0 blocks. Requested 1 blocks
	at org.apache.hadoop.ozone.om.protocolPB.OzoneManagerProtocolClientSideTranslatorPB.handleError(OzoneManagerProtocolClientSideTranslatorPB.java:725)
	at org.apache.hadoop.ozone.om.protocolPB.OzoneManagerProtocolClientSideTranslatorPB.allocateBlock(OzoneManagerProtocolClientSideTranslatorPB.java:757)
	at org.apache.hadoop.ozone.client.io.BlockOutputStreamEntryPool.allocateNewBlock(BlockOutputStreamEntryPool.java:248)
	at org.apache.hadoop.ozone.client.io.BlockOutputStreamEntryPool.allocateBlockIfNeeded(BlockOutputStreamEntryPool.java:296)
	at org.apache.hadoop.ozone.client.io.KeyOutputStream.handleWrite(KeyOutputStream.java:201)
	at org.apache.hadoop.ozone.client.io.KeyOutputStream.handleRetry(KeyOutputStream.java:376)
	at org.apache.hadoop.ozone.client.io.KeyOutputStream.handleException(KeyOutputStream.java:325)
	at org.apache.hadoop.ozone.client.io.KeyOutputStream.handleFlushOrClose(KeyOutputStream.java:448)
	at org.apache.hadoop.ozone.client.io.KeyOutputStream.flush(KeyOutputStream.java:396)
	at org.apache.hadoop.ozone.client.io.OzoneOutputStream.flush(OzoneOutputStream.java:54)
	at org.apache.hadoop.ozone.client.rpc.TestBlockOutputStreamWithFailures.test2DatanodesFailure(TestBlockOutputStreamWithFailures.java:461)
	at sun.reflect.NativeMethodAccessorImpl.invoke0(Native Method)
	at sun.reflect.NativeMethodAccessorImpl.invoke(NativeMethodAccessorImpl.java:62)
	at sun.reflect.DelegatingMethodAccessorImpl.invoke(DelegatingMethodAccessorImpl.java:43)
	at java.lang.reflect.Method.invoke(Method.java:498)
	at org.junit.runners.model.FrameworkMethod$1.runReflectiveCall(FrameworkMethod.java:47)
	at org.junit.internal.runners.model.ReflectiveCallable.run(ReflectiveCallable.java:12)
	at org.junit.runners.model.FrameworkMethod.invokeExplosively(FrameworkMethod.java:44)
	at org.junit.internal.runners.statements.InvokeMethod.evaluate(InvokeMethod.java:17)
	at org.junit.internal.runners.statements.RunBefores.evaluate(RunBefores.java:26)
	at org.junit.internal.runners.statements.RunAfters.evaluate(RunAfters.java:27)
	at org.junit.runners.ParentRunner.runLeaf(ParentRunner.java:271)
	at org.junit.runners.BlockJUnit4ClassRunner.runChild(BlockJUnit4ClassRunner.java:70)
	at org.junit.runners.BlockJUnit4ClassRunner.runChild(BlockJUnit4ClassRunner.java:50)
	at org.junit.runners.ParentRunner$3.run(ParentRunner.java:238)
	at org.junit.runners.ParentRunner$1.schedule(ParentRunner.java:63)
	at org.junit.runners.ParentRunner.runChildren(ParentRunner.java:236)
	at org.junit.runners.ParentRunner.access$000(ParentRunner.java:53)
	at org.junit.runners.ParentRunner$2.evaluate(ParentRunner.java:229)
	at org.junit.runners.ParentRunner.run(ParentRunner.java:309)
	at org.apache.maven.surefire.junit4.JUnit4Provider.execute(JUnit4Provider.java:365)
	at org.apache.maven.surefire.junit4.JUnit4Provider.executeWithRerun(JUnit4Provider.java:273)
	at org.apache.maven.surefire.junit4.JUnit4Provider.executeTestSet(JUnit4Provider.java:238)
	at org.apache.maven.surefire.junit4.JUnit4Provider.invoke(JUnit4Provider.java:159)
	at org.apache.maven.surefire.booter.ForkedBooter.invokeProviderInSameClassLoader(ForkedBooter.java:384)
	at org.apache.maven.surefire.booter.ForkedBooter.runSuitesInProcess(ForkedBooter.java:345)
	at org.apache.maven.surefire.booter.ForkedBooter.execute(ForkedBooter.java:126)
	at org.apache.maven.surefire.booter.ForkedBooter.main(ForkedBooter.java:418)
</error>
    <system-out><![CDATA[2019-09-05 18:56:56,317 [main] WARN  server.ServerUtils (ServerUtils.java:getScmDbDir(145)) - ozone.scm.db.dirs is not configured. We recommend adding this setting. Falling back to ozone.metadata.dirs instead.
2019-09-05 18:56:56,420 [main] WARN  server.ServerUtils (ServerUtils.java:getScmDbDir(145)) - ozone.scm.db.dirs is not configured. We recommend adding this setting. Falling back to ozone.metadata.dirs instead.
2019-09-05 18:56:56,423 [main] WARN  server.ServerUtils (ServerUtils.java:getScmDbDir(145)) - ozone.scm.db.dirs is not configured. We recommend adding this setting. Falling back to ozone.metadata.dirs instead.
2019-09-05 18:56:56,442 [main] INFO  util.log (Log.java:initialized(192)) - Logging initialized @870ms
2019-09-05 18:56:56,544 [main] INFO  db.DBStoreBuilder (DBStoreBuilder.java:addTable(110)) - using custom profile for table: deletedBlocks
2019-09-05 18:56:56,545 [main] INFO  db.DBStoreBuilder (DBStoreBuilder.java:processTables(161)) - Using default column profile:DBProfile.DISK for Table:deletedBlocks
2019-09-05 18:56:56,545 [main] INFO  db.DBStoreBuilder (DBStoreBuilder.java:addTable(110)) - using custom profile for table: validCerts
2019-09-05 18:56:56,545 [main] INFO  db.DBStoreBuilder (DBStoreBuilder.java:processTables(161)) - Using default column profile:DBProfile.DISK for Table:validCerts
2019-09-05 18:56:56,546 [main] INFO  db.DBStoreBuilder (DBStoreBuilder.java:addTable(110)) - using custom profile for table: revokedCerts
2019-09-05 18:56:56,546 [main] INFO  db.DBStoreBuilder (DBStoreBuilder.java:processTables(161)) - Using default column profile:DBProfile.DISK for Table:revokedCerts
2019-09-05 18:56:56,558 [main] INFO  db.DBStoreBuilder (DBStoreBuilder.java:addTable(110)) - using custom profile for table: default
2019-09-05 18:56:56,559 [main] INFO  db.DBStoreBuilder (DBStoreBuilder.java:processTables(167)) - Using default column profile:DBProfile.DISK for Table:default
2019-09-05 18:56:56,560 [main] INFO  db.DBStoreBuilder (DBStoreBuilder.java:getDbProfile(198)) - Using default options. DBProfile.DISK
2019-09-05 18:56:56,850 [main] INFO  net.NodeSchemaLoader (NodeSchemaLoader.java:loadSchemaFromFile(125)) - Loading file from sun.misc.CompoundEnumeration@368f2016
2019-09-05 18:56:56,852 [main] INFO  net.NodeSchemaLoader (NodeSchemaLoader.java:loadSchema(171)) - Loading network topology layer schema file
2019-09-05 18:56:56,946 [main] INFO  node.SCMNodeManager (SCMNodeManager.java:<init>(115)) - Entering startup safe mode.
2019-09-05 18:56:57,019 [main] INFO  algorithms.ContainerPlacementPolicyFactory (ContainerPlacementPolicyFactory.java:getPolicy(55)) - Create container placement policy of type org.apache.hadoop.hdds.scm.container.placement.algorithms.SCMContainerPlacementRandom
2019-09-05 18:56:57,040 [main] WARN  server.ServerUtils (ServerUtils.java:getScmDbDir(145)) - ozone.scm.db.dirs is not configured. We recommend adding this setting. Falling back to ozone.metadata.dirs instead.
2019-09-05 18:56:57,122 [main] INFO  pipeline.SCMPipelineManager (SCMPipelineManager.java:initializePipelineState(128)) - No pipeline exists in current db
2019-09-05 18:56:57,125 [main] WARN  server.ServerUtils (ServerUtils.java:getScmDbDir(145)) - ozone.scm.db.dirs is not configured. We recommend adding this setting. Falling back to ozone.metadata.dirs instead.
2019-09-05 18:56:57,238 [main] WARN  events.EventQueue (EventQueue.java:fireEvent(183)) - No event handler registered for event TypedEvent{payloadType=SafeModeStatus, name='SafeModeStatus'}
2019-09-05 18:56:57,623 [main] INFO  ipc.CallQueueManager (CallQueueManager.java:<init>(84)) - Using callQueue: class java.util.concurrent.LinkedBlockingQueue, queueCapacity: 2000, scheduler: class org.apache.hadoop.ipc.DefaultRpcScheduler, ipcBackoff: false.
2019-09-05 18:56:57,651 [Socket Reader #1 for port 39433] INFO  ipc.Server (Server.java:run(1074)) - Starting Socket Reader #1 for port 39433
2019-09-05 18:56:57,787 [main] INFO  ipc.CallQueueManager (CallQueueManager.java:<init>(84)) - Using callQueue: class java.util.concurrent.LinkedBlockingQueue, queueCapacity: 2000, scheduler: class org.apache.hadoop.ipc.DefaultRpcScheduler, ipcBackoff: false.
2019-09-05 18:56:57,788 [Socket Reader #1 for port 34800] INFO  ipc.Server (Server.java:run(1074)) - Starting Socket Reader #1 for port 34800
2019-09-05 18:56:57,799 [main] INFO  ipc.CallQueueManager (CallQueueManager.java:<init>(84)) - Using callQueue: class java.util.concurrent.LinkedBlockingQueue, queueCapacity: 2000, scheduler: class org.apache.hadoop.ipc.DefaultRpcScheduler, ipcBackoff: false.
2019-09-05 18:56:57,800 [Socket Reader #1 for port 40091] INFO  ipc.Server (Server.java:run(1074)) - Starting Socket Reader #1 for port 40091
2019-09-05 18:56:57,826 [main] INFO  hdfs.DFSUtil (DFSUtil.java:httpServerTemplateForNNAndJN(1641)) - Starting Web-server for scm at: http://0.0.0.0:0
2019-09-05 18:56:57,983 [main] INFO  server.AuthenticationFilter (AuthenticationFilter.java:constructSecretProvider(240)) - Unable to initialize FileSignerSecretProvider, falling back to use random secrets.
2019-09-05 18:56:57,992 [main] WARN  http.HttpRequestLog (HttpRequestLog.java:getRequestLog(97)) - Jetty request log can only be enabled using Log4j
2019-09-05 18:56:58,002 [main] INFO  http.HttpServer2 (HttpServer2.java:addGlobalFilter(975)) - Added global filter 'safety' (class=org.apache.hadoop.http.HttpServer2$QuotingInputFilter)
2019-09-05 18:56:58,005 [main] INFO  http.HttpServer2 (HttpServer2.java:addFilter(948)) - Added filter static_user_filter (class=org.apache.hadoop.http.lib.StaticUserWebFilter$StaticUserFilter) to context scm
2019-09-05 18:56:58,006 [main] INFO  http.HttpServer2 (HttpServer2.java:addFilter(958)) - Added filter static_user_filter (class=org.apache.hadoop.http.lib.StaticUserWebFilter$StaticUserFilter) to context static
2019-09-05 18:56:58,006 [main] INFO  http.HttpServer2 (HttpServer2.java:addFilter(958)) - Added filter static_user_filter (class=org.apache.hadoop.http.lib.StaticUserWebFilter$StaticUserFilter) to context logs
2019-09-05 18:56:58,037 [main] INFO  server.StorageContainerManager (StorageContainerManager.java:start(759)) - StorageContainerLocationProtocol RPC server is listening at /0.0.0.0:40091
2019-09-05 18:56:58,098 [main] WARN  impl.MetricsConfig (MetricsConfig.java:loadFirst(134)) - Cannot locate configuration: tried hadoop-metrics2-storagecontainermanager.properties,hadoop-metrics2.properties
2019-09-05 18:56:58,111 [main] INFO  impl.MetricsSystemImpl (MetricsSystemImpl.java:startTimer(374)) - Scheduled Metric snapshot period at 10 second(s).
2019-09-05 18:56:58,112 [main] INFO  impl.MetricsSystemImpl (MetricsSystemImpl.java:start(191)) - StorageContainerManager metrics system started
2019-09-05 18:56:58,366 [main] INFO  server.SCMClientProtocolServer (SCMClientProtocolServer.java:start(151)) - RPC server for Client  is listening at /0.0.0.0:40091
2019-09-05 18:56:58,366 [IPC Server Responder] INFO  ipc.Server (Server.java:run(1314)) - IPC Server Responder: starting
2019-09-05 18:56:58,366 [IPC Server listener on 40091] INFO  ipc.Server (Server.java:run(1153)) - IPC Server listener on 40091: starting
2019-09-05 18:56:58,368 [main] INFO  server.StorageContainerManager (StorageContainerManager.java:start(769)) - ScmBlockLocationProtocol RPC server is listening at /0.0.0.0:34800
2019-09-05 18:56:58,370 [main] INFO  server.SCMBlockProtocolServer (SCMBlockProtocolServer.java:start(146)) - RPC server for Block Protocol is listening at /0.0.0.0:34800
2019-09-05 18:56:58,370 [IPC Server Responder] INFO  ipc.Server (Server.java:run(1314)) - IPC Server Responder: starting
2019-09-05 18:56:58,370 [IPC Server listener on 34800] INFO  ipc.Server (Server.java:run(1153)) - IPC Server listener on 34800: starting
2019-09-05 18:56:58,372 [main] INFO  server.StorageContainerManager (StorageContainerManager.java:start(773)) - ScmDatanodeProtocl RPC server is listening at /0.0.0.0:39433
2019-09-05 18:56:58,373 [main] INFO  server.SCMDatanodeProtocolServer (SCMDatanodeProtocolServer.java:start(191)) - RPC server for DataNodes is listening at /0.0.0.0:39433
2019-09-05 18:56:58,373 [IPC Server Responder] INFO  ipc.Server (Server.java:run(1314)) - IPC Server Responder: starting
2019-09-05 18:56:58,373 [IPC Server listener on 39433] INFO  ipc.Server (Server.java:run(1153)) - IPC Server listener on 39433: starting
2019-09-05 18:56:58,377 [main] INFO  http.HttpServer2 (HttpServer2.java:bindListener(1191)) - Jetty bound to port 43440
2019-09-05 18:56:58,378 [main] INFO  server.Server (Server.java:doStart(351)) - jetty-9.3.24.v20180605, build timestamp: 2018-06-05T17:11:56Z, git hash: 84205aa28f11a4f31f2a3b86d1bba2cc8ab69827
2019-09-05 18:56:58,420 [main] INFO  handler.ContextHandler (ContextHandler.java:doStart(781)) - Started o.e.j.s.ServletContextHandler@d3957fe{/logs,file:///workdir/hadoop-ozone/integration-test/target/log,AVAILABLE}
2019-09-05 18:56:58,421 [main] INFO  handler.ContextHandler (ContextHandler.java:doStart(781)) - Started o.e.j.s.ServletContextHandler@299321e2{/static,file:///workdir/hadoop-ozone/integration-test/target/test-classes/webapps/static,AVAILABLE}
2019-09-05 18:56:58,456 [main] INFO  handler.ContextHandler (ContextHandler.java:doStart(781)) - Started o.e.j.w.WebAppContext@4152d38d{/,file:///workdir/hadoop-ozone/integration-test/target/test-classes/webapps/scm/,AVAILABLE}{/scm}
2019-09-05 18:56:58,462 [main] INFO  server.AbstractConnector (AbstractConnector.java:doStart(278)) - Started ServerConnector@db44aa2{HTTP/1.1,[http/1.1]}{0.0.0.0:43440}
2019-09-05 18:56:58,462 [main] INFO  server.Server (Server.java:doStart(419)) - Started @2891ms
2019-09-05 18:56:58,464 [main] INFO  impl.MetricsSinkAdapter (MetricsSinkAdapter.java:start(204)) - Sink prometheus started
2019-09-05 18:56:58,465 [main] INFO  impl.MetricsSystemImpl (MetricsSystemImpl.java:registerSink(301)) - Registered sink prometheus
2019-09-05 18:56:58,466 [main] INFO  server.BaseHttpServer (BaseHttpServer.java:updateConnectorAddress(215)) - HTTP server of SCM is listening at http://0.0.0.0:43440
2019-09-05 18:56:58,471 [org.apache.hadoop.util.JvmPauseMonitor$Monitor@544630b7] INFO  util.JvmPauseMonitor (JvmPauseMonitor.java:run(188)) - Starting JVM pause monitor
2019-09-05 18:56:58,474 [main] WARN  server.ServerUtils (ServerUtils.java:getDBPath(222)) - ozone.om.db.dirs is not configured. We recommend adding this setting. Falling back to ozone.metadata.dirs instead.
2019-09-05 18:56:58,573 [main] WARN  server.ServerUtils (ServerUtils.java:getDBPath(222)) - ozone.om.db.dirs is not configured. We recommend adding this setting. Falling back to ozone.metadata.dirs instead.
2019-09-05 18:56:58,574 [main] WARN  server.ServerUtils (ServerUtils.java:getDBPath(222)) - ozone.om.db.dirs is not configured. We recommend adding this setting. Falling back to ozone.metadata.dirs instead.
2019-09-05 18:56:58,575 [main] INFO  om.OzoneManager (OzoneManager.java:setOMNodeDetails(649)) - OM Service ID is not set. Setting it to the default ID: omServiceIdDefault
2019-09-05 18:56:58,575 [main] INFO  om.OzoneManager (OzoneManager.java:setOMNodeDetails(655)) - OM Node ID is not set. Setting it to the OmStorage's OmID: 4ce4b215-9cd7-4498-b1ae-14f063ed27aa
2019-09-05 18:56:58,576 [main] INFO  om.OzoneManager (OzoneManager.java:loadOMHAConfigs(606)) - Found matching OM address with OMServiceId: null, OMNodeId: null, RPC Address: localhost:0 and Ratis port: 9872
2019-09-05 18:56:59,282 [main] WARN  server.ServerUtils (ServerUtils.java:getDBPath(222)) - ozone.om.db.dirs is not configured. We recommend adding this setting. Falling back to ozone.metadata.dirs instead.
2019-09-05 18:56:59,289 [main] INFO  db.DBStoreBuilder (DBStoreBuilder.java:addTable(110)) - using custom profile for table: userTable
2019-09-05 18:56:59,290 [main] INFO  db.DBStoreBuilder (DBStoreBuilder.java:processTables(161)) - Using default column profile:DBProfile.DISK for Table:userTable
2019-09-05 18:56:59,290 [main] INFO  db.DBStoreBuilder (DBStoreBuilder.java:addTable(110)) - using custom profile for table: volumeTable
2019-09-05 18:56:59,290 [main] INFO  db.DBStoreBuilder (DBStoreBuilder.java:processTables(161)) - Using default column profile:DBProfile.DISK for Table:volumeTable
2019-09-05 18:56:59,290 [main] INFO  db.DBStoreBuilder (DBStoreBuilder.java:addTable(110)) - using custom profile for table: bucketTable
2019-09-05 18:56:59,291 [main] INFO  db.DBStoreBuilder (DBStoreBuilder.java:processTables(161)) - Using default column profile:DBProfile.DISK for Table:bucketTable
2019-09-05 18:56:59,291 [main] INFO  db.DBStoreBuilder (DBStoreBuilder.java:addTable(110)) - using custom profile for table: keyTable
2019-09-05 18:56:59,291 [main] INFO  db.DBStoreBuilder (DBStoreBuilder.java:processTables(161)) - Using default column profile:DBProfile.DISK for Table:keyTable
2019-09-05 18:56:59,291 [main] INFO  db.DBStoreBuilder (DBStoreBuilder.java:addTable(110)) - using custom profile for table: deletedTable
2019-09-05 18:56:59,292 [main] INFO  db.DBStoreBuilder (DBStoreBuilder.java:processTables(161)) - Using default column profile:DBProfile.DISK for Table:deletedTable
2019-09-05 18:56:59,292 [main] INFO  db.DBStoreBuilder (DBStoreBuilder.java:addTable(110)) - using custom profile for table: openKeyTable
2019-09-05 18:56:59,292 [main] INFO  db.DBStoreBuilder (DBStoreBuilder.java:processTables(161)) - Using default column profile:DBProfile.DISK for Table:openKeyTable
2019-09-05 18:56:59,292 [main] INFO  db.DBStoreBuilder (DBStoreBuilder.java:addTable(110)) - using custom profile for table: s3Table
2019-09-05 18:56:59,293 [main] INFO  db.DBStoreBuilder (DBStoreBuilder.java:processTables(161)) - Using default column profile:DBProfile.DISK for Table:s3Table
2019-09-05 18:56:59,293 [main] INFO  db.DBStoreBuilder (DBStoreBuilder.java:addTable(110)) - using custom profile for table: multipartInfoTable
2019-09-05 18:56:59,293 [main] INFO  db.DBStoreBuilder (DBStoreBuilder.java:processTables(161)) - Using default column profile:DBProfile.DISK for Table:multipartInfoTable
2019-09-05 18:56:59,293 [main] INFO  db.DBStoreBuilder (DBStoreBuilder.java:addTable(110)) - using custom profile for table: dTokenTable
2019-09-05 18:56:59,294 [main] INFO  db.DBStoreBuilder (DBStoreBuilder.java:processTables(161)) - Using default column profile:DBProfile.DISK for Table:dTokenTable
2019-09-05 18:56:59,294 [main] INFO  db.DBStoreBuilder (DBStoreBuilder.java:addTable(110)) - using custom profile for table: s3SecretTable
2019-09-05 18:56:59,294 [main] INFO  db.DBStoreBuilder (DBStoreBuilder.java:processTables(161)) - Using default column profile:DBProfile.DISK for Table:s3SecretTable
2019-09-05 18:56:59,295 [main] INFO  db.DBStoreBuilder (DBStoreBuilder.java:addTable(110)) - using custom profile for table: prefixTable
2019-09-05 18:56:59,295 [main] INFO  db.DBStoreBuilder (DBStoreBuilder.java:processTables(161)) - Using default column profile:DBProfile.DISK for Table:prefixTable
2019-09-05 18:56:59,295 [main] INFO  db.DBStoreBuilder (DBStoreBuilder.java:addTable(110)) - using custom profile for table: default
2019-09-05 18:56:59,295 [main] INFO  db.DBStoreBuilder (DBStoreBuilder.java:processTables(167)) - Using default column profile:DBProfile.DISK for Table:default
2019-09-05 18:56:59,295 [main] INFO  db.DBStoreBuilder (DBStoreBuilder.java:getDbProfile(198)) - Using default options. DBProfile.DISK
2019-09-05 18:56:59,728 [main] INFO  ipc.CallQueueManager (CallQueueManager.java:<init>(84)) - Using callQueue: class java.util.concurrent.LinkedBlockingQueue, queueCapacity: 2000, scheduler: class org.apache.hadoop.ipc.DefaultRpcScheduler, ipcBackoff: false.
2019-09-05 18:56:59,729 [Socket Reader #1 for port 38641] INFO  ipc.Server (Server.java:run(1074)) - Starting Socket Reader #1 for port 38641
2019-09-05 18:56:59,750 [main] INFO  om.OzoneManager (OzoneManager.java:start(1240)) - OzoneManager RPC server is listening at localhost/127.0.0.1:38641
2019-09-05 18:56:59,750 [main] INFO  impl.MetricsSystemImpl (MetricsSystemImpl.java:init(158)) - OzoneManager metrics system started (again)
2019-09-05 18:56:59,751 [IPC Server Responder] INFO  ipc.Server (Server.java:run(1314)) - IPC Server Responder: starting
2019-09-05 18:56:59,752 [IPC Server listener on 38641] INFO  ipc.Server (Server.java:run(1153)) - IPC Server listener on 38641: starting
2019-09-05 18:56:59,756 [main] INFO  hdfs.DFSUtil (DFSUtil.java:httpServerTemplateForNNAndJN(1641)) - Starting Web-server for ozoneManager at: http://0.0.0.0:0
2019-09-05 18:56:59,757 [main] INFO  server.AuthenticationFilter (AuthenticationFilter.java:constructSecretProvider(240)) - Unable to initialize FileSignerSecretProvider, falling back to use random secrets.
2019-09-05 18:56:59,758 [main] WARN  http.HttpRequestLog (HttpRequestLog.java:getRequestLog(97)) - Jetty request log can only be enabled using Log4j
2019-09-05 18:56:59,760 [main] INFO  http.HttpServer2 (HttpServer2.java:addGlobalFilter(975)) - Added global filter 'safety' (class=org.apache.hadoop.http.HttpServer2$QuotingInputFilter)
2019-09-05 18:56:59,761 [main] INFO  http.HttpServer2 (HttpServer2.java:addFilter(948)) - Added filter static_user_filter (class=org.apache.hadoop.http.lib.StaticUserWebFilter$StaticUserFilter) to context ozoneManager
2019-09-05 18:56:59,761 [main] INFO  http.HttpServer2 (HttpServer2.java:addFilter(958)) - Added filter static_user_filter (class=org.apache.hadoop.http.lib.StaticUserWebFilter$StaticUserFilter) to context static
2019-09-05 18:56:59,761 [main] INFO  http.HttpServer2 (HttpServer2.java:addFilter(958)) - Added filter static_user_filter (class=org.apache.hadoop.http.lib.StaticUserWebFilter$StaticUserFilter) to context logs
2019-09-05 18:56:59,763 [main] INFO  http.HttpServer2 (HttpServer2.java:bindListener(1191)) - Jetty bound to port 32935
2019-09-05 18:56:59,763 [main] INFO  server.Server (Server.java:doStart(351)) - jetty-9.3.24.v20180605, build timestamp: 2018-06-05T17:11:56Z, git hash: 84205aa28f11a4f31f2a3b86d1bba2cc8ab69827
2019-09-05 18:56:59,765 [main] INFO  handler.ContextHandler (ContextHandler.java:doStart(781)) - Started o.e.j.s.ServletContextHandler@30331109{/logs,file:///workdir/hadoop-ozone/integration-test/target/log,AVAILABLE}
2019-09-05 18:56:59,766 [main] INFO  handler.ContextHandler (ContextHandler.java:doStart(781)) - Started o.e.j.s.ServletContextHandler@74fe5966{/static,file:///workdir/hadoop-ozone/integration-test/target/test-classes/webapps/static,AVAILABLE}
2019-09-05 18:56:59,770 [main] INFO  handler.ContextHandler (ContextHandler.java:doStart(781)) - Started o.e.j.w.WebAppContext@3766c667{/,file:///workdir/hadoop-ozone/integration-test/target/test-classes/webapps/ozoneManager/,AVAILABLE}{/ozoneManager}
2019-09-05 18:56:59,771 [main] INFO  server.AbstractConnector (AbstractConnector.java:doStart(278)) - Started ServerConnector@773c0293{HTTP/1.1,[http/1.1]}{0.0.0.0:32935}
2019-09-05 18:56:59,772 [main] INFO  server.Server (Server.java:doStart(419)) - Started @4201ms
2019-09-05 18:56:59,772 [main] WARN  impl.MetricsSystemImpl (MetricsSystemImpl.java:register(276)) - Sink prometheus already exists!
2019-09-05 18:56:59,773 [main] INFO  server.BaseHttpServer (BaseHttpServer.java:updateConnectorAddress(215)) - HTTP server of OZONEMANAGER is listening at http://0.0.0.0:32935
2019-09-05 18:57:00,089 [main] INFO  impl.MetricsSystemImpl (MetricsSystemImpl.java:init(158)) - HddsDatanode metrics system started (again)
2019-09-05 18:57:00,152 [main] INFO  ozone.HddsDatanodeService (HddsDatanodeService.java:start(184)) - HddsDatanodeService host:pr-hdds-1982-decom-states-p4sss-1559755178 ip:192.168.36.80
2019-09-05 18:57:00,202 [main] INFO  volume.HddsVolume (HddsVolume.java:<init>(176)) - Creating Volume: /workdir/hadoop-ozone/integration-test/target/test-dir/MiniOzoneClusterImpl-756306cc-38d8-43d8-837b-a337f9b5af48/datanode-0/data/containers/hdds of  storage type : DISK and capacity : 1482555576320
2019-09-05 18:57:00,208 [main] INFO  volume.VolumeSet (VolumeSet.java:initializeVolumeSet(170)) - Added Volume : /workdir/hadoop-ozone/integration-test/target/test-dir/MiniOzoneClusterImpl-756306cc-38d8-43d8-837b-a337f9b5af48/datanode-0/data/containers/hdds to VolumeSet
2019-09-05 18:57:00,213 [main] INFO  volume.ThrottledAsyncChecker (ThrottledAsyncChecker.java:schedule(140)) - Scheduling a check for org.apache.hadoop.ozone.container.common.volume.HddsVolume@4992613f
2019-09-05 18:57:00,235 [main] INFO  volume.HddsVolumeChecker (HddsVolumeChecker.java:checkAllVolumes(203)) - Scheduled health check for volume org.apache.hadoop.ozone.container.common.volume.HddsVolume@4992613f
2019-09-05 18:57:00,366 [main] INFO  impl.RaftServerProxy (ConfUtils.java:logGet(43)) - raft.rpc.type = GRPC (default)
2019-09-05 18:57:00,442 [main] INFO  grpc.GrpcFactory (GrpcFactory.java:checkPooledByteBufAllocatorUseCacheForAllThreads(45)) - PERFORMANCE WARNING: useCacheForAllThreads is true that may cause Netty to create a lot garbage objects and, as a result, trigger GC.
	It is recommended to disable useCacheForAllThreads by setting -Dorg.apache.ratis.thirdparty.io.netty.allocator.useCacheForAllThreads=false in command line.
2019-09-05 18:57:00,448 [main] INFO  grpc.GrpcConfigKeys$Server (ConfUtils.java:logGet(43)) - raft.grpc.server.port = 0 (default)
2019-09-05 18:57:00,449 [main] INFO  server.GrpcService (ConfUtils.java:logGet(43)) - raft.grpc.message.size.max = 33570816 (custom)
2019-09-05 18:57:00,450 [main] INFO  server.RaftServerConfigKeys (ConfUtils.java:logGet(43)) - raft.server.log.appender.buffer.byte-limit = 33554432 (custom)
2019-09-05 18:57:00,452 [main] INFO  server.GrpcService (ConfUtils.java:logGet(43)) - raft.grpc.flow.control.window = 1MB (=1048576) (default)
2019-09-05 18:57:00,453 [main] INFO  server.RaftServerConfigKeys (ConfUtils.java:logGet(43)) - raft.server.rpc.request.timeout = 3000ms (default)
2019-09-05 18:57:00,622 [main] INFO  server.RaftServerConfigKeys (ConfUtils.java:logGet(43)) - raft.server.storage.dir = [/workdir/hadoop-ozone/integration-test/target/test-dir/MiniOzoneClusterImpl-756306cc-38d8-43d8-837b-a337f9b5af48/datanode-0/data/ratis] (custom)
2019-09-05 18:57:00,677 [main] INFO  hdfs.DFSUtil (DFSUtil.java:httpServerTemplateForNNAndJN(1641)) - Starting Web-server for hddsDatanode at: http://0.0.0.0:0
2019-09-05 18:57:00,680 [main] INFO  server.AuthenticationFilter (AuthenticationFilter.java:constructSecretProvider(240)) - Unable to initialize FileSignerSecretProvider, falling back to use random secrets.
2019-09-05 18:57:00,681 [main] WARN  http.HttpRequestLog (HttpRequestLog.java:getRequestLog(97)) - Jetty request log can only be enabled using Log4j
2019-09-05 18:57:00,684 [main] INFO  http.HttpServer2 (HttpServer2.java:addGlobalFilter(975)) - Added global filter 'safety' (class=org.apache.hadoop.http.HttpServer2$QuotingInputFilter)
2019-09-05 18:57:00,685 [main] INFO  http.HttpServer2 (HttpServer2.java:addFilter(948)) - Added filter static_user_filter (class=org.apache.hadoop.http.lib.StaticUserWebFilter$StaticUserFilter) to context hddsDatanode
2019-09-05 18:57:00,686 [main] INFO  http.HttpServer2 (HttpServer2.java:addFilter(958)) - Added filter static_user_filter (class=org.apache.hadoop.http.lib.StaticUserWebFilter$StaticUserFilter) to context logs
2019-09-05 18:57:00,686 [main] INFO  http.HttpServer2 (HttpServer2.java:addFilter(958)) - Added filter static_user_filter (class=org.apache.hadoop.http.lib.StaticUserWebFilter$StaticUserFilter) to context static
2019-09-05 18:57:00,688 [main] INFO  http.HttpServer2 (HttpServer2.java:bindListener(1191)) - Jetty bound to port 32878
2019-09-05 18:57:00,688 [main] INFO  server.Server (Server.java:doStart(351)) - jetty-9.3.24.v20180605, build timestamp: 2018-06-05T17:11:56Z, git hash: 84205aa28f11a4f31f2a3b86d1bba2cc8ab69827
2019-09-05 18:57:00,691 [main] INFO  handler.ContextHandler (ContextHandler.java:doStart(781)) - Started o.e.j.s.ServletContextHandler@66273da0{/logs,file:///workdir/hadoop-ozone/integration-test/target/log,AVAILABLE}
2019-09-05 18:57:00,692 [main] INFO  handler.ContextHandler (ContextHandler.java:doStart(781)) - Started o.e.j.s.ServletContextHandler@1229a2b7{/static,jar:file:/home/user/.m2/repository/org/apache/hadoop/hadoop-hdds-container-service/0.5.0-SNAPSHOT/hadoop-hdds-container-service-0.5.0-SNAPSHOT.jar!/webapps/static,AVAILABLE}
2019-09-05 18:57:00,737 [main] INFO  handler.ContextHandler (ContextHandler.java:doStart(781)) - Started o.e.j.w.WebAppContext@9596ce8{/,file:///tmp/jetty-0.0.0.0-32878-hddsDatanode-_-any-7199211956886618364.dir/webapp/,AVAILABLE}{/hddsDatanode}
2019-09-05 18:57:00,738 [main] INFO  server.AbstractConnector (AbstractConnector.java:doStart(278)) - Started ServerConnector@75ae4a1f{HTTP/1.1,[http/1.1]}{0.0.0.0:32878}
2019-09-05 18:57:00,740 [main] INFO  server.Server (Server.java:doStart(419)) - Started @5168ms
2019-09-05 18:57:00,740 [main] WARN  impl.MetricsSystemImpl (MetricsSystemImpl.java:register(276)) - Sink prometheus already exists!
2019-09-05 18:57:00,741 [main] INFO  server.BaseHttpServer (BaseHttpServer.java:updateConnectorAddress(215)) - HTTP server of HDDSDATANODE is listening at http://0.0.0.0:32878
2019-09-05 18:57:00,742 [main] INFO  impl.MetricsSystemImpl (MetricsSystemImpl.java:init(158)) - HddsDatanode metrics system started (again)
2019-09-05 18:57:00,745 [main] INFO  ozone.HddsDatanodeService (HddsDatanodeService.java:start(184)) - HddsDatanodeService host:pr-hdds-1982-decom-states-p4sss-1559755178 ip:192.168.36.80
2019-09-05 18:57:00,746 [org.apache.hadoop.util.JvmPauseMonitor$Monitor@1ebb6f9a] INFO  util.JvmPauseMonitor (JvmPauseMonitor.java:run(188)) - Starting JVM pause monitor
2019-09-05 18:57:00,758 [main] INFO  volume.HddsVolume (HddsVolume.java:<init>(176)) - Creating Volume: /workdir/hadoop-ozone/integration-test/target/test-dir/MiniOzoneClusterImpl-756306cc-38d8-43d8-837b-a337f9b5af48/datanode-1/data/containers/hdds of  storage type : DISK and capacity : 1482555576320
2019-09-05 18:57:00,758 [main] INFO  volume.VolumeSet (VolumeSet.java:initializeVolumeSet(170)) - Added Volume : /workdir/hadoop-ozone/integration-test/target/test-dir/MiniOzoneClusterImpl-756306cc-38d8-43d8-837b-a337f9b5af48/datanode-1/data/containers/hdds to VolumeSet
2019-09-05 18:57:00,759 [main] INFO  volume.ThrottledAsyncChecker (ThrottledAsyncChecker.java:schedule(140)) - Scheduling a check for org.apache.hadoop.ozone.container.common.volume.HddsVolume@122d6c22
2019-09-05 18:57:00,759 [main] INFO  volume.HddsVolumeChecker (HddsVolumeChecker.java:checkAllVolumes(203)) - Scheduled health check for volume org.apache.hadoop.ozone.container.common.volume.HddsVolume@122d6c22
2019-09-05 18:57:00,773 [main] INFO  impl.RaftServerProxy (ConfUtils.java:logGet(43)) - raft.rpc.type = GRPC (default)
2019-09-05 18:57:00,773 [main] INFO  grpc.GrpcFactory (GrpcFactory.java:checkPooledByteBufAllocatorUseCacheForAllThreads(45)) - PERFORMANCE WARNING: useCacheForAllThreads is true that may cause Netty to create a lot garbage objects and, as a result, trigger GC.
	It is recommended to disable useCacheForAllThreads by setting -Dorg.apache.ratis.thirdparty.io.netty.allocator.useCacheForAllThreads=false in command line.
2019-09-05 18:57:00,774 [main] INFO  grpc.GrpcConfigKeys$Server (ConfUtils.java:logGet(43)) - raft.grpc.server.port = 0 (default)
2019-09-05 18:57:00,774 [main] INFO  server.GrpcService (ConfUtils.java:logGet(43)) - raft.grpc.message.size.max = 33570816 (custom)
2019-09-05 18:57:00,774 [main] INFO  server.RaftServerConfigKeys (ConfUtils.java:logGet(43)) - raft.server.log.appender.buffer.byte-limit = 33554432 (custom)
2019-09-05 18:57:00,774 [main] INFO  server.GrpcService (ConfUtils.java:logGet(43)) - raft.grpc.flow.control.window = 1MB (=1048576) (default)
2019-09-05 18:57:00,775 [main] INFO  server.RaftServerConfigKeys (ConfUtils.java:logGet(43)) - raft.server.rpc.request.timeout = 3000ms (default)
2019-09-05 18:57:00,775 [main] INFO  server.RaftServerConfigKeys (ConfUtils.java:logGet(43)) - raft.server.storage.dir = [/workdir/hadoop-ozone/integration-test/target/test-dir/MiniOzoneClusterImpl-756306cc-38d8-43d8-837b-a337f9b5af48/datanode-1/data/ratis] (custom)
2019-09-05 18:57:00,777 [main] INFO  hdfs.DFSUtil (DFSUtil.java:httpServerTemplateForNNAndJN(1641)) - Starting Web-server for hddsDatanode at: http://0.0.0.0:0
2019-09-05 18:57:00,779 [main] INFO  server.AuthenticationFilter (AuthenticationFilter.java:constructSecretProvider(240)) - Unable to initialize FileSignerSecretProvider, falling back to use random secrets.
2019-09-05 18:57:00,779 [main] WARN  http.HttpRequestLog (HttpRequestLog.java:getRequestLog(97)) - Jetty request log can only be enabled using Log4j
2019-09-05 18:57:00,781 [main] INFO  http.HttpServer2 (HttpServer2.java:addGlobalFilter(975)) - Added global filter 'safety' (class=org.apache.hadoop.http.HttpServer2$QuotingInputFilter)
2019-09-05 18:57:00,782 [main] INFO  http.HttpServer2 (HttpServer2.java:addFilter(948)) - Added filter static_user_filter (class=org.apache.hadoop.http.lib.StaticUserWebFilter$StaticUserFilter) to context hddsDatanode
2019-09-05 18:57:00,782 [main] INFO  http.HttpServer2 (HttpServer2.java:addFilter(958)) - Added filter static_user_filter (class=org.apache.hadoop.http.lib.StaticUserWebFilter$StaticUserFilter) to context logs
2019-09-05 18:57:00,782 [main] INFO  http.HttpServer2 (HttpServer2.java:addFilter(958)) - Added filter static_user_filter (class=org.apache.hadoop.http.lib.StaticUserWebFilter$StaticUserFilter) to context static
2019-09-05 18:57:00,783 [main] INFO  http.HttpServer2 (HttpServer2.java:bindListener(1191)) - Jetty bound to port 41695
2019-09-05 18:57:00,783 [main] INFO  server.Server (Server.java:doStart(351)) - jetty-9.3.24.v20180605, build timestamp: 2018-06-05T17:11:56Z, git hash: 84205aa28f11a4f31f2a3b86d1bba2cc8ab69827
2019-09-05 18:57:00,788 [main] INFO  handler.ContextHandler (ContextHandler.java:doStart(781)) - Started o.e.j.s.ServletContextHandler@6dd1c3ed{/logs,file:///workdir/hadoop-ozone/integration-test/target/log,AVAILABLE}
2019-09-05 18:57:00,788 [main] INFO  handler.ContextHandler (ContextHandler.java:doStart(781)) - Started o.e.j.s.ServletContextHandler@55e42449{/static,jar:file:/home/user/.m2/repository/org/apache/hadoop/hadoop-hdds-container-service/0.5.0-SNAPSHOT/hadoop-hdds-container-service-0.5.0-SNAPSHOT.jar!/webapps/static,AVAILABLE}
2019-09-05 18:57:00,818 [main] INFO  handler.ContextHandler (ContextHandler.java:doStart(781)) - Started o.e.j.w.WebAppContext@4f0f7849{/,file:///tmp/jetty-0.0.0.0-41695-hddsDatanode-_-any-3688982979042213669.dir/webapp/,AVAILABLE}{/hddsDatanode}
2019-09-05 18:57:00,818 [main] INFO  server.AbstractConnector (AbstractConnector.java:doStart(278)) - Started ServerConnector@56a4f272{HTTP/1.1,[http/1.1]}{0.0.0.0:41695}
2019-09-05 18:57:00,820 [main] INFO  server.Server (Server.java:doStart(419)) - Started @5248ms
2019-09-05 18:57:00,820 [main] WARN  impl.MetricsSystemImpl (MetricsSystemImpl.java:register(276)) - Sink prometheus already exists!
2019-09-05 18:57:00,821 [main] INFO  server.BaseHttpServer (BaseHttpServer.java:updateConnectorAddress(215)) - HTTP server of HDDSDATANODE is listening at http://0.0.0.0:41695
2019-09-05 18:57:00,821 [main] INFO  impl.MetricsSystemImpl (MetricsSystemImpl.java:init(158)) - HddsDatanode metrics system started (again)
2019-09-05 18:57:00,824 [main] INFO  ozone.HddsDatanodeService (HddsDatanodeService.java:start(184)) - HddsDatanodeService host:pr-hdds-1982-decom-states-p4sss-1559755178 ip:192.168.36.80
2019-09-05 18:57:00,825 [org.apache.hadoop.util.JvmPauseMonitor$Monitor@3b73e650] INFO  util.JvmPauseMonitor (JvmPauseMonitor.java:run(188)) - Starting JVM pause monitor
2019-09-05 18:57:00,834 [main] INFO  volume.HddsVolume (HddsVolume.java:<init>(176)) - Creating Volume: /workdir/hadoop-ozone/integration-test/target/test-dir/MiniOzoneClusterImpl-756306cc-38d8-43d8-837b-a337f9b5af48/datanode-2/data/containers/hdds of  storage type : DISK and capacity : 1482555576320
2019-09-05 18:57:00,834 [main] INFO  volume.VolumeSet (VolumeSet.java:initializeVolumeSet(170)) - Added Volume : /workdir/hadoop-ozone/integration-test/target/test-dir/MiniOzoneClusterImpl-756306cc-38d8-43d8-837b-a337f9b5af48/datanode-2/data/containers/hdds to VolumeSet
2019-09-05 18:57:00,834 [main] INFO  volume.ThrottledAsyncChecker (ThrottledAsyncChecker.java:schedule(140)) - Scheduling a check for org.apache.hadoop.ozone.container.common.volume.HddsVolume@5e519ad3
2019-09-05 18:57:00,835 [main] INFO  volume.HddsVolumeChecker (HddsVolumeChecker.java:checkAllVolumes(203)) - Scheduled health check for volume org.apache.hadoop.ozone.container.common.volume.HddsVolume@5e519ad3
2019-09-05 18:57:00,848 [main] INFO  impl.RaftServerProxy (ConfUtils.java:logGet(43)) - raft.rpc.type = GRPC (default)
2019-09-05 18:57:00,848 [main] INFO  grpc.GrpcFactory (GrpcFactory.java:checkPooledByteBufAllocatorUseCacheForAllThreads(45)) - PERFORMANCE WARNING: useCacheForAllThreads is true that may cause Netty to create a lot garbage objects and, as a result, trigger GC.
	It is recommended to disable useCacheForAllThreads by setting -Dorg.apache.ratis.thirdparty.io.netty.allocator.useCacheForAllThreads=false in command line.
2019-09-05 18:57:00,848 [main] INFO  grpc.GrpcConfigKeys$Server (ConfUtils.java:logGet(43)) - raft.grpc.server.port = 0 (default)
2019-09-05 18:57:00,849 [main] INFO  server.GrpcService (ConfUtils.java:logGet(43)) - raft.grpc.message.size.max = 33570816 (custom)
2019-09-05 18:57:00,849 [main] INFO  server.RaftServerConfigKeys (ConfUtils.java:logGet(43)) - raft.server.log.appender.buffer.byte-limit = 33554432 (custom)
2019-09-05 18:57:00,849 [main] INFO  server.GrpcService (ConfUtils.java:logGet(43)) - raft.grpc.flow.control.window = 1MB (=1048576) (default)
2019-09-05 18:57:00,849 [main] INFO  server.RaftServerConfigKeys (ConfUtils.java:logGet(43)) - raft.server.rpc.request.timeout = 3000ms (default)
2019-09-05 18:57:00,850 [main] INFO  server.RaftServerConfigKeys (ConfUtils.java:logGet(43)) - raft.server.storage.dir = [/workdir/hadoop-ozone/integration-test/target/test-dir/MiniOzoneClusterImpl-756306cc-38d8-43d8-837b-a337f9b5af48/datanode-2/data/ratis] (custom)
2019-09-05 18:57:00,852 [main] INFO  hdfs.DFSUtil (DFSUtil.java:httpServerTemplateForNNAndJN(1641)) - Starting Web-server for hddsDatanode at: http://0.0.0.0:0
2019-09-05 18:57:00,854 [main] INFO  server.AuthenticationFilter (AuthenticationFilter.java:constructSecretProvider(240)) - Unable to initialize FileSignerSecretProvider, falling back to use random secrets.
2019-09-05 18:57:00,854 [main] WARN  http.HttpRequestLog (HttpRequestLog.java:getRequestLog(97)) - Jetty request log can only be enabled using Log4j
2019-09-05 18:57:00,856 [main] INFO  http.HttpServer2 (HttpServer2.java:addGlobalFilter(975)) - Added global filter 'safety' (class=org.apache.hadoop.http.HttpServer2$QuotingInputFilter)
2019-09-05 18:57:00,856 [main] INFO  http.HttpServer2 (HttpServer2.java:addFilter(948)) - Added filter static_user_filter (class=org.apache.hadoop.http.lib.StaticUserWebFilter$StaticUserFilter) to context hddsDatanode
2019-09-05 18:57:00,857 [main] INFO  http.HttpServer2 (HttpServer2.java:addFilter(958)) - Added filter static_user_filter (class=org.apache.hadoop.http.lib.StaticUserWebFilter$StaticUserFilter) to context logs
2019-09-05 18:57:00,857 [main] INFO  http.HttpServer2 (HttpServer2.java:addFilter(958)) - Added filter static_user_filter (class=org.apache.hadoop.http.lib.StaticUserWebFilter$StaticUserFilter) to context static
2019-09-05 18:57:00,857 [main] INFO  http.HttpServer2 (HttpServer2.java:bindListener(1191)) - Jetty bound to port 39498
2019-09-05 18:57:00,858 [main] INFO  server.Server (Server.java:doStart(351)) - jetty-9.3.24.v20180605, build timestamp: 2018-06-05T17:11:56Z, git hash: 84205aa28f11a4f31f2a3b86d1bba2cc8ab69827
2019-09-05 18:57:00,858 [Datanode State Machine Thread - 0] INFO  datanode.InitDatanodeState (InitDatanodeState.java:persistContainerDatanodeDetails(140)) - DatanodeDetails is persisted to /workdir/hadoop-ozone/integration-test/target/test-dir/MiniOzoneClusterImpl-756306cc-38d8-43d8-837b-a337f9b5af48/datanode-0/meta/datanode.id
2019-09-05 18:57:00,861 [main] INFO  handler.ContextHandler (ContextHandler.java:doStart(781)) - Started o.e.j.s.ServletContextHandler@7cbeac65{/logs,file:///workdir/hadoop-ozone/integration-test/target/log,AVAILABLE}
2019-09-05 18:57:00,862 [main] INFO  handler.ContextHandler (ContextHandler.java:doStart(781)) - Started o.e.j.s.ServletContextHandler@50850539{/static,jar:file:/home/user/.m2/repository/org/apache/hadoop/hadoop-hdds-container-service/0.5.0-SNAPSHOT/hadoop-hdds-container-service-0.5.0-SNAPSHOT.jar!/webapps/static,AVAILABLE}
2019-09-05 18:57:00,862 [Datanode State Machine Thread - 0] INFO  datanode.InitDatanodeState (InitDatanodeState.java:persistContainerDatanodeDetails(140)) - DatanodeDetails is persisted to /workdir/hadoop-ozone/integration-test/target/test-dir/MiniOzoneClusterImpl-756306cc-38d8-43d8-837b-a337f9b5af48/datanode-1/meta/datanode.id
2019-09-05 18:57:00,891 [main] INFO  handler.ContextHandler (ContextHandler.java:doStart(781)) - Started o.e.j.w.WebAppContext@5a6d30e2{/,file:///tmp/jetty-0.0.0.0-39498-hddsDatanode-_-any-5896085587526697337.dir/webapp/,AVAILABLE}{/hddsDatanode}
2019-09-05 18:57:00,891 [main] INFO  server.AbstractConnector (AbstractConnector.java:doStart(278)) - Started ServerConnector@b52b755{HTTP/1.1,[http/1.1]}{0.0.0.0:39498}
2019-09-05 18:57:00,892 [main] INFO  server.Server (Server.java:doStart(419)) - Started @5320ms
2019-09-05 18:57:00,892 [main] WARN  impl.MetricsSystemImpl (MetricsSystemImpl.java:register(276)) - Sink prometheus already exists!
2019-09-05 18:57:00,893 [main] INFO  server.BaseHttpServer (BaseHttpServer.java:updateConnectorAddress(215)) - HTTP server of HDDSDATANODE is listening at http://0.0.0.0:39498
2019-09-05 18:57:00,894 [main] INFO  impl.MetricsSystemImpl (MetricsSystemImpl.java:init(158)) - HddsDatanode metrics system started (again)
2019-09-05 18:57:00,896 [main] INFO  ozone.HddsDatanodeService (HddsDatanodeService.java:start(184)) - HddsDatanodeService host:pr-hdds-1982-decom-states-p4sss-1559755178 ip:192.168.36.80
2019-09-05 18:57:00,897 [org.apache.hadoop.util.JvmPauseMonitor$Monitor@7a8730b9] INFO  util.JvmPauseMonitor (JvmPauseMonitor.java:run(188)) - Starting JVM pause monitor
2019-09-05 18:57:00,900 [Datanode State Machine Thread - 0] INFO  datanode.InitDatanodeState (InitDatanodeState.java:persistContainerDatanodeDetails(140)) - DatanodeDetails is persisted to /workdir/hadoop-ozone/integration-test/target/test-dir/MiniOzoneClusterImpl-756306cc-38d8-43d8-837b-a337f9b5af48/datanode-2/meta/datanode.id
2019-09-05 18:57:00,904 [main] INFO  volume.HddsVolume (HddsVolume.java:<init>(176)) - Creating Volume: /workdir/hadoop-ozone/integration-test/target/test-dir/MiniOzoneClusterImpl-756306cc-38d8-43d8-837b-a337f9b5af48/datanode-3/data/containers/hdds of  storage type : DISK and capacity : 1482555576320
2019-09-05 18:57:00,905 [main] INFO  volume.VolumeSet (VolumeSet.java:initializeVolumeSet(170)) - Added Volume : /workdir/hadoop-ozone/integration-test/target/test-dir/MiniOzoneClusterImpl-756306cc-38d8-43d8-837b-a337f9b5af48/datanode-3/data/containers/hdds to VolumeSet
2019-09-05 18:57:00,905 [main] INFO  volume.ThrottledAsyncChecker (ThrottledAsyncChecker.java:schedule(140)) - Scheduling a check for org.apache.hadoop.ozone.container.common.volume.HddsVolume@5dd903be
2019-09-05 18:57:00,906 [main] INFO  volume.HddsVolumeChecker (HddsVolumeChecker.java:checkAllVolumes(203)) - Scheduled health check for volume org.apache.hadoop.ozone.container.common.volume.HddsVolume@5dd903be
2019-09-05 18:57:00,920 [main] INFO  impl.RaftServerProxy (ConfUtils.java:logGet(43)) - raft.rpc.type = GRPC (default)
2019-09-05 18:57:00,920 [main] INFO  grpc.GrpcFactory (GrpcFactory.java:checkPooledByteBufAllocatorUseCacheForAllThreads(45)) - PERFORMANCE WARNING: useCacheForAllThreads is true that may cause Netty to create a lot garbage objects and, as a result, trigger GC.
	It is recommended to disable useCacheForAllThreads by setting -Dorg.apache.ratis.thirdparty.io.netty.allocator.useCacheForAllThreads=false in command line.
2019-09-05 18:57:00,920 [main] INFO  grpc.GrpcConfigKeys$Server (ConfUtils.java:logGet(43)) - raft.grpc.server.port = 0 (default)
2019-09-05 18:57:00,920 [main] INFO  server.GrpcService (ConfUtils.java:logGet(43)) - raft.grpc.message.size.max = 33570816 (custom)
2019-09-05 18:57:00,921 [main] INFO  server.RaftServerConfigKeys (ConfUtils.java:logGet(43)) - raft.server.log.appender.buffer.byte-limit = 33554432 (custom)
2019-09-05 18:57:00,921 [main] INFO  server.GrpcService (ConfUtils.java:logGet(43)) - raft.grpc.flow.control.window = 1MB (=1048576) (default)
2019-09-05 18:57:00,921 [main] INFO  server.RaftServerConfigKeys (ConfUtils.java:logGet(43)) - raft.server.rpc.request.timeout = 3000ms (default)
2019-09-05 18:57:00,922 [main] INFO  server.RaftServerConfigKeys (ConfUtils.java:logGet(43)) - raft.server.storage.dir = [/workdir/hadoop-ozone/integration-test/target/test-dir/MiniOzoneClusterImpl-756306cc-38d8-43d8-837b-a337f9b5af48/datanode-3/data/ratis] (custom)
2019-09-05 18:57:00,923 [main] INFO  hdfs.DFSUtil (DFSUtil.java:httpServerTemplateForNNAndJN(1641)) - Starting Web-server for hddsDatanode at: http://0.0.0.0:0
2019-09-05 18:57:00,924 [main] INFO  server.AuthenticationFilter (AuthenticationFilter.java:constructSecretProvider(240)) - Unable to initialize FileSignerSecretProvider, falling back to use random secrets.
2019-09-05 18:57:00,925 [main] WARN  http.HttpRequestLog (HttpRequestLog.java:getRequestLog(97)) - Jetty request log can only be enabled using Log4j
2019-09-05 18:57:00,926 [main] INFO  http.HttpServer2 (HttpServer2.java:addGlobalFilter(975)) - Added global filter 'safety' (class=org.apache.hadoop.http.HttpServer2$QuotingInputFilter)
2019-09-05 18:57:00,927 [main] INFO  http.HttpServer2 (HttpServer2.java:addFilter(948)) - Added filter static_user_filter (class=org.apache.hadoop.http.lib.StaticUserWebFilter$StaticUserFilter) to context hddsDatanode
2019-09-05 18:57:00,927 [main] INFO  http.HttpServer2 (HttpServer2.java:addFilter(958)) - Added filter static_user_filter (class=org.apache.hadoop.http.lib.StaticUserWebFilter$StaticUserFilter) to context logs
2019-09-05 18:57:00,927 [main] INFO  http.HttpServer2 (HttpServer2.java:addFilter(958)) - Added filter static_user_filter (class=org.apache.hadoop.http.lib.StaticUserWebFilter$StaticUserFilter) to context static
2019-09-05 18:57:00,928 [main] INFO  http.HttpServer2 (HttpServer2.java:bindListener(1191)) - Jetty bound to port 39470
2019-09-05 18:57:00,928 [main] INFO  server.Server (Server.java:doStart(351)) - jetty-9.3.24.v20180605, build timestamp: 2018-06-05T17:11:56Z, git hash: 84205aa28f11a4f31f2a3b86d1bba2cc8ab69827
2019-09-05 18:57:00,933 [main] INFO  handler.ContextHandler (ContextHandler.java:doStart(781)) - Started o.e.j.s.ServletContextHandler@ec8f4b9{/logs,file:///workdir/hadoop-ozone/integration-test/target/log,AVAILABLE}
2019-09-05 18:57:00,934 [main] INFO  handler.ContextHandler (ContextHandler.java:doStart(781)) - Started o.e.j.s.ServletContextHandler@5484117b{/static,jar:file:/home/user/.m2/repository/org/apache/hadoop/hadoop-hdds-container-service/0.5.0-SNAPSHOT/hadoop-hdds-container-service-0.5.0-SNAPSHOT.jar!/webapps/static,AVAILABLE}
2019-09-05 18:57:00,962 [main] INFO  handler.ContextHandler (ContextHandler.java:doStart(781)) - Started o.e.j.w.WebAppContext@252a8aae{/,file:///tmp/jetty-0.0.0.0-39470-hddsDatanode-_-any-5380456753057739536.dir/webapp/,AVAILABLE}{/hddsDatanode}
2019-09-05 18:57:00,963 [main] INFO  server.AbstractConnector (AbstractConnector.java:doStart(278)) - Started ServerConnector@3d4e405e{HTTP/1.1,[http/1.1]}{0.0.0.0:39470}
2019-09-05 18:57:00,964 [main] INFO  server.Server (Server.java:doStart(419)) - Started @5392ms
2019-09-05 18:57:00,965 [main] WARN  impl.MetricsSystemImpl (MetricsSystemImpl.java:register(276)) - Sink prometheus already exists!
2019-09-05 18:57:00,965 [main] INFO  server.BaseHttpServer (BaseHttpServer.java:updateConnectorAddress(215)) - HTTP server of HDDSDATANODE is listening at http://0.0.0.0:39470
2019-09-05 18:57:00,966 [main] INFO  impl.MetricsSystemImpl (MetricsSystemImpl.java:init(158)) - HddsDatanode metrics system started (again)
2019-09-05 18:57:00,970 [main] INFO  ozone.HddsDatanodeService (HddsDatanodeService.java:start(184)) - HddsDatanodeService host:pr-hdds-1982-decom-states-p4sss-1559755178 ip:192.168.36.80
2019-09-05 18:57:00,970 [org.apache.hadoop.util.JvmPauseMonitor$Monitor@6164b66d] INFO  util.JvmPauseMonitor (JvmPauseMonitor.java:run(188)) - Starting JVM pause monitor
2019-09-05 18:57:00,972 [Datanode State Machine Thread - 0] INFO  datanode.InitDatanodeState (InitDatanodeState.java:persistContainerDatanodeDetails(140)) - DatanodeDetails is persisted to /workdir/hadoop-ozone/integration-test/target/test-dir/MiniOzoneClusterImpl-756306cc-38d8-43d8-837b-a337f9b5af48/datanode-3/meta/datanode.id
2019-09-05 18:57:00,977 [main] INFO  volume.HddsVolume (HddsVolume.java:<init>(176)) - Creating Volume: /workdir/hadoop-ozone/integration-test/target/test-dir/MiniOzoneClusterImpl-756306cc-38d8-43d8-837b-a337f9b5af48/datanode-4/data/containers/hdds of  storage type : DISK and capacity : 1482555576320
2019-09-05 18:57:00,977 [main] INFO  volume.VolumeSet (VolumeSet.java:initializeVolumeSet(170)) - Added Volume : /workdir/hadoop-ozone/integration-test/target/test-dir/MiniOzoneClusterImpl-756306cc-38d8-43d8-837b-a337f9b5af48/datanode-4/data/containers/hdds to VolumeSet
2019-09-05 18:57:00,977 [main] INFO  volume.ThrottledAsyncChecker (ThrottledAsyncChecker.java:schedule(140)) - Scheduling a check for org.apache.hadoop.ozone.container.common.volume.HddsVolume@181b8c4b
2019-09-05 18:57:00,978 [main] INFO  volume.HddsVolumeChecker (HddsVolumeChecker.java:checkAllVolumes(203)) - Scheduled health check for volume org.apache.hadoop.ozone.container.common.volume.HddsVolume@181b8c4b
2019-09-05 18:57:01,009 [main] INFO  impl.RaftServerProxy (ConfUtils.java:logGet(43)) - raft.rpc.type = GRPC (default)
2019-09-05 18:57:01,010 [main] INFO  grpc.GrpcFactory (GrpcFactory.java:checkPooledByteBufAllocatorUseCacheForAllThreads(45)) - PERFORMANCE WARNING: useCacheForAllThreads is true that may cause Netty to create a lot garbage objects and, as a result, trigger GC.
	It is recommended to disable useCacheForAllThreads by setting -Dorg.apache.ratis.thirdparty.io.netty.allocator.useCacheForAllThreads=false in command line.
2019-09-05 18:57:01,010 [main] INFO  grpc.GrpcConfigKeys$Server (ConfUtils.java:logGet(43)) - raft.grpc.server.port = 0 (default)
2019-09-05 18:57:01,010 [main] INFO  server.GrpcService (ConfUtils.java:logGet(43)) - raft.grpc.message.size.max = 33570816 (custom)
2019-09-05 18:57:01,011 [main] INFO  server.RaftServerConfigKeys (ConfUtils.java:logGet(43)) - raft.server.log.appender.buffer.byte-limit = 33554432 (custom)
2019-09-05 18:57:01,011 [main] INFO  server.GrpcService (ConfUtils.java:logGet(43)) - raft.grpc.flow.control.window = 1MB (=1048576) (default)
2019-09-05 18:57:01,011 [main] INFO  server.RaftServerConfigKeys (ConfUtils.java:logGet(43)) - raft.server.rpc.request.timeout = 3000ms (default)
2019-09-05 18:57:01,012 [main] INFO  server.RaftServerConfigKeys (ConfUtils.java:logGet(43)) - raft.server.storage.dir = [/workdir/hadoop-ozone/integration-test/target/test-dir/MiniOzoneClusterImpl-756306cc-38d8-43d8-837b-a337f9b5af48/datanode-4/data/ratis] (custom)
2019-09-05 18:57:01,013 [main] INFO  hdfs.DFSUtil (DFSUtil.java:httpServerTemplateForNNAndJN(1641)) - Starting Web-server for hddsDatanode at: http://0.0.0.0:0
2019-09-05 18:57:01,015 [main] INFO  server.AuthenticationFilter (AuthenticationFilter.java:constructSecretProvider(240)) - Unable to initialize FileSignerSecretProvider, falling back to use random secrets.
2019-09-05 18:57:01,015 [main] WARN  http.HttpRequestLog (HttpRequestLog.java:getRequestLog(97)) - Jetty request log can only be enabled using Log4j
2019-09-05 18:57:01,016 [main] INFO  http.HttpServer2 (HttpServer2.java:addGlobalFilter(975)) - Added global filter 'safety' (class=org.apache.hadoop.http.HttpServer2$QuotingInputFilter)
2019-09-05 18:57:01,017 [main] INFO  http.HttpServer2 (HttpServer2.java:addFilter(948)) - Added filter static_user_filter (class=org.apache.hadoop.http.lib.StaticUserWebFilter$StaticUserFilter) to context hddsDatanode
2019-09-05 18:57:01,017 [main] INFO  http.HttpServer2 (HttpServer2.java:addFilter(958)) - Added filter static_user_filter (class=org.apache.hadoop.http.lib.StaticUserWebFilter$StaticUserFilter) to context static
2019-09-05 18:57:01,017 [main] INFO  http.HttpServer2 (HttpServer2.java:addFilter(958)) - Added filter static_user_filter (class=org.apache.hadoop.http.lib.StaticUserWebFilter$StaticUserFilter) to context logs
2019-09-05 18:57:01,018 [main] INFO  http.HttpServer2 (HttpServer2.java:bindListener(1191)) - Jetty bound to port 40166
2019-09-05 18:57:01,018 [main] INFO  server.Server (Server.java:doStart(351)) - jetty-9.3.24.v20180605, build timestamp: 2018-06-05T17:11:56Z, git hash: 84205aa28f11a4f31f2a3b86d1bba2cc8ab69827
2019-09-05 18:57:01,020 [main] INFO  handler.ContextHandler (ContextHandler.java:doStart(781)) - Started o.e.j.s.ServletContextHandler@2f897dab{/logs,file:///workdir/hadoop-ozone/integration-test/target/log,AVAILABLE}
2019-09-05 18:57:01,021 [main] INFO  handler.ContextHandler (ContextHandler.java:doStart(781)) - Started o.e.j.s.ServletContextHandler@242b6e1a{/static,jar:file:/home/user/.m2/repository/org/apache/hadoop/hadoop-hdds-container-service/0.5.0-SNAPSHOT/hadoop-hdds-container-service-0.5.0-SNAPSHOT.jar!/webapps/static,AVAILABLE}
2019-09-05 18:57:01,050 [main] INFO  handler.ContextHandler (ContextHandler.java:doStart(781)) - Started o.e.j.w.WebAppContext@25aeb5ac{/,file:///tmp/jetty-0.0.0.0-40166-hddsDatanode-_-any-8401435076685053241.dir/webapp/,AVAILABLE}{/hddsDatanode}
2019-09-05 18:57:01,051 [main] INFO  server.AbstractConnector (AbstractConnector.java:doStart(278)) - Started ServerConnector@c755b2{HTTP/1.1,[http/1.1]}{0.0.0.0:40166}
2019-09-05 18:57:01,055 [main] INFO  server.Server (Server.java:doStart(419)) - Started @5483ms
2019-09-05 18:57:01,055 [main] WARN  impl.MetricsSystemImpl (MetricsSystemImpl.java:register(276)) - Sink prometheus already exists!
2019-09-05 18:57:01,055 [main] INFO  server.BaseHttpServer (BaseHttpServer.java:updateConnectorAddress(215)) - HTTP server of HDDSDATANODE is listening at http://0.0.0.0:40166
2019-09-05 18:57:01,056 [main] INFO  impl.MetricsSystemImpl (MetricsSystemImpl.java:init(158)) - HddsDatanode metrics system started (again)
2019-09-05 18:57:01,059 [org.apache.hadoop.util.JvmPauseMonitor$Monitor@5131837d] INFO  util.JvmPauseMonitor (JvmPauseMonitor.java:run(188)) - Starting JVM pause monitor
2019-09-05 18:57:01,059 [main] INFO  ozone.HddsDatanodeService (HddsDatanodeService.java:start(184)) - HddsDatanodeService host:pr-hdds-1982-decom-states-p4sss-1559755178 ip:192.168.36.80
2019-09-05 18:57:01,061 [Datanode State Machine Thread - 0] INFO  datanode.InitDatanodeState (InitDatanodeState.java:persistContainerDatanodeDetails(140)) - DatanodeDetails is persisted to /workdir/hadoop-ozone/integration-test/target/test-dir/MiniOzoneClusterImpl-756306cc-38d8-43d8-837b-a337f9b5af48/datanode-4/meta/datanode.id
2019-09-05 18:57:01,065 [main] INFO  volume.HddsVolume (HddsVolume.java:<init>(176)) - Creating Volume: /workdir/hadoop-ozone/integration-test/target/test-dir/MiniOzoneClusterImpl-756306cc-38d8-43d8-837b-a337f9b5af48/datanode-5/data/containers/hdds of  storage type : DISK and capacity : 1482555576320
2019-09-05 18:57:01,066 [main] INFO  volume.VolumeSet (VolumeSet.java:initializeVolumeSet(170)) - Added Volume : /workdir/hadoop-ozone/integration-test/target/test-dir/MiniOzoneClusterImpl-756306cc-38d8-43d8-837b-a337f9b5af48/datanode-5/data/containers/hdds to VolumeSet
2019-09-05 18:57:01,066 [main] INFO  volume.ThrottledAsyncChecker (ThrottledAsyncChecker.java:schedule(140)) - Scheduling a check for org.apache.hadoop.ozone.container.common.volume.HddsVolume@eac3a26
2019-09-05 18:57:01,066 [main] INFO  volume.HddsVolumeChecker (HddsVolumeChecker.java:checkAllVolumes(203)) - Scheduled health check for volume org.apache.hadoop.ozone.container.common.volume.HddsVolume@eac3a26
2019-09-05 18:57:01,081 [main] INFO  impl.RaftServerProxy (ConfUtils.java:logGet(43)) - raft.rpc.type = GRPC (default)
2019-09-05 18:57:01,081 [main] INFO  grpc.GrpcFactory (GrpcFactory.java:checkPooledByteBufAllocatorUseCacheForAllThreads(45)) - PERFORMANCE WARNING: useCacheForAllThreads is true that may cause Netty to create a lot garbage objects and, as a result, trigger GC.
	It is recommended to disable useCacheForAllThreads by setting -Dorg.apache.ratis.thirdparty.io.netty.allocator.useCacheForAllThreads=false in command line.
2019-09-05 18:57:01,081 [main] INFO  grpc.GrpcConfigKeys$Server (ConfUtils.java:logGet(43)) - raft.grpc.server.port = 0 (default)
2019-09-05 18:57:01,082 [main] INFO  server.GrpcService (ConfUtils.java:logGet(43)) - raft.grpc.message.size.max = 33570816 (custom)
2019-09-05 18:57:01,082 [main] INFO  server.RaftServerConfigKeys (ConfUtils.java:logGet(43)) - raft.server.log.appender.buffer.byte-limit = 33554432 (custom)
2019-09-05 18:57:01,082 [main] INFO  server.GrpcService (ConfUtils.java:logGet(43)) - raft.grpc.flow.control.window = 1MB (=1048576) (default)
2019-09-05 18:57:01,082 [main] INFO  server.RaftServerConfigKeys (ConfUtils.java:logGet(43)) - raft.server.rpc.request.timeout = 3000ms (default)
2019-09-05 18:57:01,083 [main] INFO  server.RaftServerConfigKeys (ConfUtils.java:logGet(43)) - raft.server.storage.dir = [/workdir/hadoop-ozone/integration-test/target/test-dir/MiniOzoneClusterImpl-756306cc-38d8-43d8-837b-a337f9b5af48/datanode-5/data/ratis] (custom)
2019-09-05 18:57:01,084 [main] INFO  hdfs.DFSUtil (DFSUtil.java:httpServerTemplateForNNAndJN(1641)) - Starting Web-server for hddsDatanode at: http://0.0.0.0:0
2019-09-05 18:57:01,086 [main] INFO  server.AuthenticationFilter (AuthenticationFilter.java:constructSecretProvider(240)) - Unable to initialize FileSignerSecretProvider, falling back to use random secrets.
2019-09-05 18:57:01,086 [main] WARN  http.HttpRequestLog (HttpRequestLog.java:getRequestLog(97)) - Jetty request log can only be enabled using Log4j
2019-09-05 18:57:01,088 [main] INFO  http.HttpServer2 (HttpServer2.java:addGlobalFilter(975)) - Added global filter 'safety' (class=org.apache.hadoop.http.HttpServer2$QuotingInputFilter)
2019-09-05 18:57:01,088 [main] INFO  http.HttpServer2 (HttpServer2.java:addFilter(948)) - Added filter static_user_filter (class=org.apache.hadoop.http.lib.StaticUserWebFilter$StaticUserFilter) to context hddsDatanode
2019-09-05 18:57:01,088 [main] INFO  http.HttpServer2 (HttpServer2.java:addFilter(958)) - Added filter static_user_filter (class=org.apache.hadoop.http.lib.StaticUserWebFilter$StaticUserFilter) to context logs
2019-09-05 18:57:01,089 [main] INFO  http.HttpServer2 (HttpServer2.java:addFilter(958)) - Added filter static_user_filter (class=org.apache.hadoop.http.lib.StaticUserWebFilter$StaticUserFilter) to context static
2019-09-05 18:57:01,089 [main] INFO  http.HttpServer2 (HttpServer2.java:bindListener(1191)) - Jetty bound to port 34110
2019-09-05 18:57:01,089 [main] INFO  server.Server (Server.java:doStart(351)) - jetty-9.3.24.v20180605, build timestamp: 2018-06-05T17:11:56Z, git hash: 84205aa28f11a4f31f2a3b86d1bba2cc8ab69827
2019-09-05 18:57:01,091 [main] INFO  handler.ContextHandler (ContextHandler.java:doStart(781)) - Started o.e.j.s.ServletContextHandler@6e4f263e{/logs,file:///workdir/hadoop-ozone/integration-test/target/log,AVAILABLE}
2019-09-05 18:57:01,091 [main] INFO  handler.ContextHandler (ContextHandler.java:doStart(781)) - Started o.e.j.s.ServletContextHandler@2f5b8250{/static,jar:file:/home/user/.m2/repository/org/apache/hadoop/hadoop-hdds-container-service/0.5.0-SNAPSHOT/hadoop-hdds-container-service-0.5.0-SNAPSHOT.jar!/webapps/static,AVAILABLE}
2019-09-05 18:57:01,120 [main] INFO  handler.ContextHandler (ContextHandler.java:doStart(781)) - Started o.e.j.w.WebAppContext@77bb48d5{/,file:///tmp/jetty-0.0.0.0-34110-hddsDatanode-_-any-83274463016459687.dir/webapp/,AVAILABLE}{/hddsDatanode}
2019-09-05 18:57:01,122 [main] INFO  server.AbstractConnector (AbstractConnector.java:doStart(278)) - Started ServerConnector@181d8899{HTTP/1.1,[http/1.1]}{0.0.0.0:34110}
2019-09-05 18:57:01,122 [main] INFO  server.Server (Server.java:doStart(419)) - Started @5550ms
2019-09-05 18:57:01,122 [main] WARN  impl.MetricsSystemImpl (MetricsSystemImpl.java:register(276)) - Sink prometheus already exists!
2019-09-05 18:57:01,123 [main] INFO  server.BaseHttpServer (BaseHttpServer.java:updateConnectorAddress(215)) - HTTP server of HDDSDATANODE is listening at http://0.0.0.0:34110
2019-09-05 18:57:01,123 [main] INFO  impl.MetricsSystemImpl (MetricsSystemImpl.java:init(158)) - HddsDatanode metrics system started (again)
2019-09-05 18:57:01,126 [org.apache.hadoop.util.JvmPauseMonitor$Monitor@1729792b] INFO  util.JvmPauseMonitor (JvmPauseMonitor.java:run(188)) - Starting JVM pause monitor
2019-09-05 18:57:01,127 [main] INFO  ozone.HddsDatanodeService (HddsDatanodeService.java:start(184)) - HddsDatanodeService host:pr-hdds-1982-decom-states-p4sss-1559755178 ip:192.168.36.80
2019-09-05 18:57:01,128 [Datanode State Machine Thread - 0] INFO  datanode.InitDatanodeState (InitDatanodeState.java:persistContainerDatanodeDetails(140)) - DatanodeDetails is persisted to /workdir/hadoop-ozone/integration-test/target/test-dir/MiniOzoneClusterImpl-756306cc-38d8-43d8-837b-a337f9b5af48/datanode-5/meta/datanode.id
2019-09-05 18:57:01,134 [main] INFO  volume.HddsVolume (HddsVolume.java:<init>(176)) - Creating Volume: /workdir/hadoop-ozone/integration-test/target/test-dir/MiniOzoneClusterImpl-756306cc-38d8-43d8-837b-a337f9b5af48/datanode-6/data/containers/hdds of  storage type : DISK and capacity : 1482555576320
2019-09-05 18:57:01,135 [main] INFO  volume.VolumeSet (VolumeSet.java:initializeVolumeSet(170)) - Added Volume : /workdir/hadoop-ozone/integration-test/target/test-dir/MiniOzoneClusterImpl-756306cc-38d8-43d8-837b-a337f9b5af48/datanode-6/data/containers/hdds to VolumeSet
2019-09-05 18:57:01,135 [main] INFO  volume.ThrottledAsyncChecker (ThrottledAsyncChecker.java:schedule(140)) - Scheduling a check for org.apache.hadoop.ozone.container.common.volume.HddsVolume@3a26ec8d
2019-09-05 18:57:01,135 [main] INFO  volume.HddsVolumeChecker (HddsVolumeChecker.java:checkAllVolumes(203)) - Scheduled health check for volume org.apache.hadoop.ozone.container.common.volume.HddsVolume@3a26ec8d
2019-09-05 18:57:01,148 [main] INFO  impl.RaftServerProxy (ConfUtils.java:logGet(43)) - raft.rpc.type = GRPC (default)
2019-09-05 18:57:01,148 [main] INFO  grpc.GrpcFactory (GrpcFactory.java:checkPooledByteBufAllocatorUseCacheForAllThreads(45)) - PERFORMANCE WARNING: useCacheForAllThreads is true that may cause Netty to create a lot garbage objects and, as a result, trigger GC.
	It is recommended to disable useCacheForAllThreads by setting -Dorg.apache.ratis.thirdparty.io.netty.allocator.useCacheForAllThreads=false in command line.
2019-09-05 18:57:01,149 [main] INFO  grpc.GrpcConfigKeys$Server (ConfUtils.java:logGet(43)) - raft.grpc.server.port = 0 (default)
2019-09-05 18:57:01,149 [main] INFO  server.GrpcService (ConfUtils.java:logGet(43)) - raft.grpc.message.size.max = 33570816 (custom)
2019-09-05 18:57:01,149 [main] INFO  server.RaftServerConfigKeys (ConfUtils.java:logGet(43)) - raft.server.log.appender.buffer.byte-limit = 33554432 (custom)
2019-09-05 18:57:01,149 [main] INFO  server.GrpcService (ConfUtils.java:logGet(43)) - raft.grpc.flow.control.window = 1MB (=1048576) (default)
2019-09-05 18:57:01,150 [main] INFO  server.RaftServerConfigKeys (ConfUtils.java:logGet(43)) - raft.server.rpc.request.timeout = 3000ms (default)
2019-09-05 18:57:01,150 [main] INFO  server.RaftServerConfigKeys (ConfUtils.java:logGet(43)) - raft.server.storage.dir = [/workdir/hadoop-ozone/integration-test/target/test-dir/MiniOzoneClusterImpl-756306cc-38d8-43d8-837b-a337f9b5af48/datanode-6/data/ratis] (custom)
2019-09-05 18:57:01,152 [main] INFO  hdfs.DFSUtil (DFSUtil.java:httpServerTemplateForNNAndJN(1641)) - Starting Web-server for hddsDatanode at: http://0.0.0.0:0
2019-09-05 18:57:01,153 [main] INFO  server.AuthenticationFilter (AuthenticationFilter.java:constructSecretProvider(240)) - Unable to initialize FileSignerSecretProvider, falling back to use random secrets.
2019-09-05 18:57:01,153 [main] WARN  http.HttpRequestLog (HttpRequestLog.java:getRequestLog(97)) - Jetty request log can only be enabled using Log4j
2019-09-05 18:57:01,155 [main] INFO  http.HttpServer2 (HttpServer2.java:addGlobalFilter(975)) - Added global filter 'safety' (class=org.apache.hadoop.http.HttpServer2$QuotingInputFilter)
2019-09-05 18:57:01,155 [main] INFO  http.HttpServer2 (HttpServer2.java:addFilter(948)) - Added filter static_user_filter (class=org.apache.hadoop.http.lib.StaticUserWebFilter$StaticUserFilter) to context hddsDatanode
2019-09-05 18:57:01,155 [main] INFO  http.HttpServer2 (HttpServer2.java:addFilter(958)) - Added filter static_user_filter (class=org.apache.hadoop.http.lib.StaticUserWebFilter$StaticUserFilter) to context logs
2019-09-05 18:57:01,156 [main] INFO  http.HttpServer2 (HttpServer2.java:addFilter(958)) - Added filter static_user_filter (class=org.apache.hadoop.http.lib.StaticUserWebFilter$StaticUserFilter) to context static
2019-09-05 18:57:01,156 [main] INFO  http.HttpServer2 (HttpServer2.java:bindListener(1191)) - Jetty bound to port 39381
2019-09-05 18:57:01,156 [main] INFO  server.Server (Server.java:doStart(351)) - jetty-9.3.24.v20180605, build timestamp: 2018-06-05T17:11:56Z, git hash: 84205aa28f11a4f31f2a3b86d1bba2cc8ab69827
2019-09-05 18:57:01,158 [main] INFO  handler.ContextHandler (ContextHandler.java:doStart(781)) - Started o.e.j.s.ServletContextHandler@7afc4db9{/logs,file:///workdir/hadoop-ozone/integration-test/target/log,AVAILABLE}
2019-09-05 18:57:01,159 [main] INFO  handler.ContextHandler (ContextHandler.java:doStart(781)) - Started o.e.j.s.ServletContextHandler@63884e4{/static,jar:file:/home/user/.m2/repository/org/apache/hadoop/hadoop-hdds-container-service/0.5.0-SNAPSHOT/hadoop-hdds-container-service-0.5.0-SNAPSHOT.jar!/webapps/static,AVAILABLE}
2019-09-05 18:57:01,188 [main] INFO  handler.ContextHandler (ContextHandler.java:doStart(781)) - Started o.e.j.w.WebAppContext@31c628e7{/,file:///tmp/jetty-0.0.0.0-39381-hddsDatanode-_-any-8396957550958229454.dir/webapp/,AVAILABLE}{/hddsDatanode}
2019-09-05 18:57:01,189 [main] INFO  server.AbstractConnector (AbstractConnector.java:doStart(278)) - Started ServerConnector@3240b2a4{HTTP/1.1,[http/1.1]}{0.0.0.0:39381}
2019-09-05 18:57:01,189 [main] INFO  server.Server (Server.java:doStart(419)) - Started @5618ms
2019-09-05 18:57:01,189 [main] WARN  impl.MetricsSystemImpl (MetricsSystemImpl.java:register(276)) - Sink prometheus already exists!
2019-09-05 18:57:01,190 [main] INFO  server.BaseHttpServer (BaseHttpServer.java:updateConnectorAddress(215)) - HTTP server of HDDSDATANODE is listening at http://0.0.0.0:39381
2019-09-05 18:57:01,192 [main] INFO  ozone.MiniOzoneClusterImpl (MiniOzoneClusterImpl.java:lambda$waitForClusterToBeReady$0(140)) - Waiting for cluster to be ready. Got 0 of 7 DN Heartbeats.
2019-09-05 18:57:01,192 [org.apache.hadoop.util.JvmPauseMonitor$Monitor@a85aa59] INFO  util.JvmPauseMonitor (JvmPauseMonitor.java:run(188)) - Starting JVM pause monitor
2019-09-05 18:57:01,194 [Datanode State Machine Thread - 0] INFO  datanode.InitDatanodeState (InitDatanodeState.java:persistContainerDatanodeDetails(140)) - DatanodeDetails is persisted to /workdir/hadoop-ozone/integration-test/target/test-dir/MiniOzoneClusterImpl-756306cc-38d8-43d8-837b-a337f9b5af48/datanode-6/meta/datanode.id
2019-09-05 18:57:02,193 [main] INFO  ozone.MiniOzoneClusterImpl (MiniOzoneClusterImpl.java:lambda$waitForClusterToBeReady$0(140)) - Waiting for cluster to be ready. Got 0 of 7 DN Heartbeats.
2019-09-05 18:57:02,804 [Datanode State Machine Thread - 0] INFO  ozoneimpl.OzoneContainer (OzoneContainer.java:start(201)) - Attempting to start container services.
2019-09-05 18:57:02,806 [Datanode State Machine Thread - 0] INFO  ozoneimpl.OzoneContainer (OzoneContainer.java:startContainerScrub(175)) - Background container scrubber has been disabled by hdds.containerscrub.enabled
2019-09-05 18:57:02,806 [Datanode State Machine Thread - 0] INFO  ratis.XceiverServerRatis (XceiverServerRatis.java:start(393)) - Starting XceiverServerRatis 48a61b03-e918-494d-8f69-dadad5c74fd2 at port 0
2019-09-05 18:57:02,824 [Datanode State Machine Thread - 0] INFO  impl.RaftServerProxy (RaftServerProxy.java:lambda$start$3(299)) - 48a61b03-e918-494d-8f69-dadad5c74fd2: start RPC server
2019-09-05 18:57:02,852 [Datanode State Machine Thread - 0] INFO  ozoneimpl.OzoneContainer (OzoneContainer.java:start(201)) - Attempting to start container services.
2019-09-05 18:57:02,853 [Datanode State Machine Thread - 0] INFO  ozoneimpl.OzoneContainer (OzoneContainer.java:startContainerScrub(175)) - Background container scrubber has been disabled by hdds.containerscrub.enabled
2019-09-05 18:57:02,853 [Datanode State Machine Thread - 0] INFO  ratis.XceiverServerRatis (XceiverServerRatis.java:start(393)) - Starting XceiverServerRatis 46b03db0-c675-49fd-bd7a-1255508e2ed6 at port 0
2019-09-05 18:57:02,859 [Datanode State Machine Thread - 0] INFO  impl.RaftServerProxy (RaftServerProxy.java:lambda$start$3(299)) - 46b03db0-c675-49fd-bd7a-1255508e2ed6: start RPC server
2019-09-05 18:57:02,923 [Datanode State Machine Thread - 0] INFO  ozoneimpl.OzoneContainer (OzoneContainer.java:start(201)) - Attempting to start container services.
2019-09-05 18:57:02,930 [Datanode State Machine Thread - 0] INFO  ozoneimpl.OzoneContainer (OzoneContainer.java:startContainerScrub(175)) - Background container scrubber has been disabled by hdds.containerscrub.enabled
2019-09-05 18:57:02,931 [Datanode State Machine Thread - 0] INFO  ratis.XceiverServerRatis (XceiverServerRatis.java:start(393)) - Starting XceiverServerRatis 79090cb8-f5e7-4b44-aaee-2ebde45eb251 at port 0
2019-09-05 18:57:02,938 [Datanode State Machine Thread - 0] INFO  impl.RaftServerProxy (RaftServerProxy.java:lambda$start$3(299)) - 79090cb8-f5e7-4b44-aaee-2ebde45eb251: start RPC server
2019-09-05 18:57:02,974 [Datanode State Machine Thread - 0] INFO  server.GrpcService (GrpcService.java:startImpl(149)) - 46b03db0-c675-49fd-bd7a-1255508e2ed6: GrpcService started, listening on 0.0.0.0/0.0.0.0:33280
2019-09-05 18:57:02,974 [Datanode State Machine Thread - 0] INFO  server.GrpcService (GrpcService.java:startImpl(149)) - 79090cb8-f5e7-4b44-aaee-2ebde45eb251: GrpcService started, listening on 0.0.0.0/0.0.0.0:45184
2019-09-05 18:57:02,974 [Datanode State Machine Thread - 0] INFO  server.GrpcService (GrpcService.java:startImpl(149)) - 48a61b03-e918-494d-8f69-dadad5c74fd2: GrpcService started, listening on 0.0.0.0/0.0.0.0:44287
2019-09-05 18:57:02,975 [Datanode State Machine Thread - 0] INFO  ratis.XceiverServerRatis (XceiverServerRatis.java:start(403)) - XceiverServerRatis 79090cb8-f5e7-4b44-aaee-2ebde45eb251 is started using port 45184
2019-09-05 18:57:02,975 [Datanode State Machine Thread - 0] INFO  ratis.XceiverServerRatis (XceiverServerRatis.java:start(403)) - XceiverServerRatis 46b03db0-c675-49fd-bd7a-1255508e2ed6 is started using port 33280
2019-09-05 18:57:02,975 [Datanode State Machine Thread - 0] INFO  ratis.XceiverServerRatis (XceiverServerRatis.java:start(403)) - XceiverServerRatis 48a61b03-e918-494d-8f69-dadad5c74fd2 is started using port 44287
2019-09-05 18:57:02,983 [Datanode State Machine Thread - 0] INFO  server.XceiverServerGrpc (XceiverServerGrpc.java:start(163)) - XceiverServerGrpc 46b03db0-c675-49fd-bd7a-1255508e2ed6 is started using port 37604
2019-09-05 18:57:02,983 [Datanode State Machine Thread - 0] INFO  server.XceiverServerGrpc (XceiverServerGrpc.java:start(163)) - XceiverServerGrpc 48a61b03-e918-494d-8f69-dadad5c74fd2 is started using port 37262
2019-09-05 18:57:02,983 [Datanode State Machine Thread - 0] INFO  server.XceiverServerGrpc (XceiverServerGrpc.java:start(163)) - XceiverServerGrpc 79090cb8-f5e7-4b44-aaee-2ebde45eb251 is started using port 35375
2019-09-05 18:57:02,987 [Datanode State Machine Thread - 0] INFO  ozoneimpl.OzoneContainer (OzoneContainer.java:start(201)) - Attempting to start container services.
2019-09-05 18:57:02,987 [Datanode State Machine Thread - 0] INFO  ozoneimpl.OzoneContainer (OzoneContainer.java:startContainerScrub(175)) - Background container scrubber has been disabled by hdds.containerscrub.enabled
2019-09-05 18:57:02,987 [Datanode State Machine Thread - 0] INFO  ratis.XceiverServerRatis (XceiverServerRatis.java:start(393)) - Starting XceiverServerRatis b82aff16-802a-4dfd-a62c-cd44f21195ba at port 0
2019-09-05 18:57:02,996 [Datanode State Machine Thread - 0] INFO  impl.RaftServerProxy (RaftServerProxy.java:lambda$start$3(299)) - b82aff16-802a-4dfd-a62c-cd44f21195ba: start RPC server
2019-09-05 18:57:02,999 [Datanode State Machine Thread - 0] INFO  server.GrpcService (GrpcService.java:startImpl(149)) - b82aff16-802a-4dfd-a62c-cd44f21195ba: GrpcService started, listening on 0.0.0.0/0.0.0.0:33927
2019-09-05 18:57:03,000 [Datanode State Machine Thread - 0] INFO  ratis.XceiverServerRatis (XceiverServerRatis.java:start(403)) - XceiverServerRatis b82aff16-802a-4dfd-a62c-cd44f21195ba is started using port 33927
2019-09-05 18:57:03,002 [Datanode State Machine Thread - 0] INFO  server.XceiverServerGrpc (XceiverServerGrpc.java:start(163)) - XceiverServerGrpc b82aff16-802a-4dfd-a62c-cd44f21195ba is started using port 42582
2019-09-05 18:57:03,076 [Datanode State Machine Thread - 0] INFO  ozoneimpl.OzoneContainer (OzoneContainer.java:start(201)) - Attempting to start container services.
2019-09-05 18:57:03,076 [Datanode State Machine Thread - 0] INFO  ozoneimpl.OzoneContainer (OzoneContainer.java:startContainerScrub(175)) - Background container scrubber has been disabled by hdds.containerscrub.enabled
2019-09-05 18:57:03,077 [Datanode State Machine Thread - 0] INFO  ratis.XceiverServerRatis (XceiverServerRatis.java:start(393)) - Starting XceiverServerRatis d945711b-809b-4fa4-8f0a-c5e7e27fd03f at port 0
2019-09-05 18:57:03,083 [Datanode State Machine Thread - 0] INFO  impl.RaftServerProxy (RaftServerProxy.java:lambda$start$3(299)) - d945711b-809b-4fa4-8f0a-c5e7e27fd03f: start RPC server
2019-09-05 18:57:03,087 [Datanode State Machine Thread - 0] INFO  server.GrpcService (GrpcService.java:startImpl(149)) - d945711b-809b-4fa4-8f0a-c5e7e27fd03f: GrpcService started, listening on 0.0.0.0/0.0.0.0:33144
2019-09-05 18:57:03,087 [Datanode State Machine Thread - 0] INFO  ratis.XceiverServerRatis (XceiverServerRatis.java:start(403)) - XceiverServerRatis d945711b-809b-4fa4-8f0a-c5e7e27fd03f is started using port 33144
2019-09-05 18:57:03,089 [Datanode State Machine Thread - 0] INFO  server.XceiverServerGrpc (XceiverServerGrpc.java:start(163)) - XceiverServerGrpc d945711b-809b-4fa4-8f0a-c5e7e27fd03f is started using port 46167
2019-09-05 18:57:03,158 [Datanode State Machine Thread - 0] INFO  ozoneimpl.OzoneContainer (OzoneContainer.java:start(201)) - Attempting to start container services.
2019-09-05 18:57:03,158 [Datanode State Machine Thread - 0] INFO  ozoneimpl.OzoneContainer (OzoneContainer.java:startContainerScrub(175)) - Background container scrubber has been disabled by hdds.containerscrub.enabled
2019-09-05 18:57:03,158 [Datanode State Machine Thread - 0] INFO  ratis.XceiverServerRatis (XceiverServerRatis.java:start(393)) - Starting XceiverServerRatis 0f826b7c-7306-45ba-b7be-9a5dfde42038 at port 0
2019-09-05 18:57:03,165 [Datanode State Machine Thread - 0] INFO  impl.RaftServerProxy (RaftServerProxy.java:lambda$start$3(299)) - 0f826b7c-7306-45ba-b7be-9a5dfde42038: start RPC server
2019-09-05 18:57:03,169 [Datanode State Machine Thread - 0] INFO  server.GrpcService (GrpcService.java:startImpl(149)) - 0f826b7c-7306-45ba-b7be-9a5dfde42038: GrpcService started, listening on 0.0.0.0/0.0.0.0:44293
2019-09-05 18:57:03,170 [Datanode State Machine Thread - 0] INFO  ratis.XceiverServerRatis (XceiverServerRatis.java:start(403)) - XceiverServerRatis 0f826b7c-7306-45ba-b7be-9a5dfde42038 is started using port 44293
2019-09-05 18:57:03,172 [Datanode State Machine Thread - 0] INFO  server.XceiverServerGrpc (XceiverServerGrpc.java:start(163)) - XceiverServerGrpc 0f826b7c-7306-45ba-b7be-9a5dfde42038 is started using port 45675
2019-09-05 18:57:03,194 [main] INFO  ozone.MiniOzoneClusterImpl (MiniOzoneClusterImpl.java:lambda$waitForClusterToBeReady$0(140)) - Waiting for cluster to be ready. Got 0 of 7 DN Heartbeats.
2019-09-05 18:57:03,218 [Datanode State Machine Thread - 0] INFO  ozoneimpl.OzoneContainer (OzoneContainer.java:start(201)) - Attempting to start container services.
2019-09-05 18:57:03,218 [Datanode State Machine Thread - 0] INFO  ozoneimpl.OzoneContainer (OzoneContainer.java:startContainerScrub(175)) - Background container scrubber has been disabled by hdds.containerscrub.enabled
2019-09-05 18:57:03,218 [Datanode State Machine Thread - 0] INFO  ratis.XceiverServerRatis (XceiverServerRatis.java:start(393)) - Starting XceiverServerRatis 0332e08e-0f90-4d8d-a222-34b10266ec2f at port 0
2019-09-05 18:57:03,224 [Datanode State Machine Thread - 0] INFO  impl.RaftServerProxy (RaftServerProxy.java:lambda$start$3(299)) - 0332e08e-0f90-4d8d-a222-34b10266ec2f: start RPC server
2019-09-05 18:57:03,228 [Datanode State Machine Thread - 0] INFO  server.GrpcService (GrpcService.java:startImpl(149)) - 0332e08e-0f90-4d8d-a222-34b10266ec2f: GrpcService started, listening on 0.0.0.0/0.0.0.0:42363
2019-09-05 18:57:03,228 [Datanode State Machine Thread - 0] INFO  ratis.XceiverServerRatis (XceiverServerRatis.java:start(403)) - XceiverServerRatis 0332e08e-0f90-4d8d-a222-34b10266ec2f is started using port 42363
2019-09-05 18:57:03,230 [Datanode State Machine Thread - 0] INFO  server.XceiverServerGrpc (XceiverServerGrpc.java:start(163)) - XceiverServerGrpc 0332e08e-0f90-4d8d-a222-34b10266ec2f is started using port 43506
2019-09-05 18:57:04,195 [main] INFO  ozone.MiniOzoneClusterImpl (MiniOzoneClusterImpl.java:lambda$waitForClusterToBeReady$0(140)) - Waiting for cluster to be ready. Got 0 of 7 DN Heartbeats.
2019-09-05 18:57:04,791 [IPC Server handler 2 on 39433] INFO  net.NetworkTopology (NetworkTopologyImpl.java:add(110)) - Added a new node: /default-rack/48a61b03-e918-494d-8f69-dadad5c74fd2
2019-09-05 18:57:04,792 [IPC Server handler 2 on 39433] INFO  node.SCMNodeManager (SCMNodeManager.java:register(271)) - Registered Data node : 48a61b03-e918-494d-8f69-dadad5c74fd2{ip: 192.168.36.80, host: pr-hdds-1982-decom-states-p4sss-1559755178, networkLocation: /default-rack, certSerialId: null}
2019-09-05 18:57:04,798 [EventQueue-NodeRegistrationContainerReportForDataNodeSafeModeRule] INFO  safemode.SCMSafeModeManager (DataNodeSafeModeRule.java:process(71)) - SCM in safe mode. 1 DataNodes registered, 1 required.
2019-09-05 18:57:04,798 [EventQueue-NodeRegistrationContainerReportForDataNodeSafeModeRule] INFO  safemode.SCMSafeModeManager (SCMSafeModeManager.java:validateSafeModeExitRules(177)) - ScmSafeModeManager, all rules are successfully validated
2019-09-05 18:57:04,798 [EventQueue-NodeRegistrationContainerReportForDataNodeSafeModeRule] INFO  safemode.SCMSafeModeManager (SCMSafeModeManager.java:exitSafeMode(193)) - SCM exiting safe mode.
2019-09-05 18:57:04,839 [IPC Server handler 1 on 39433] INFO  net.NetworkTopology (NetworkTopologyImpl.java:add(110)) - Added a new node: /default-rack/46b03db0-c675-49fd-bd7a-1255508e2ed6
2019-09-05 18:57:04,839 [IPC Server handler 1 on 39433] INFO  node.SCMNodeManager (SCMNodeManager.java:register(271)) - Registered Data node : 46b03db0-c675-49fd-bd7a-1255508e2ed6{ip: 192.168.36.80, host: pr-hdds-1982-decom-states-p4sss-1559755178, networkLocation: /default-rack, certSerialId: null}
2019-09-05 18:57:04,900 [IPC Server handler 4 on 39433] INFO  net.NetworkTopology (NetworkTopologyImpl.java:add(110)) - Added a new node: /default-rack/79090cb8-f5e7-4b44-aaee-2ebde45eb251
2019-09-05 18:57:04,901 [IPC Server handler 4 on 39433] INFO  node.SCMNodeManager (SCMNodeManager.java:register(271)) - Registered Data node : 79090cb8-f5e7-4b44-aaee-2ebde45eb251{ip: 192.168.36.80, host: pr-hdds-1982-decom-states-p4sss-1559755178, networkLocation: /default-rack, certSerialId: null}
2019-09-05 18:57:04,974 [IPC Server handler 5 on 39433] INFO  net.NetworkTopology (NetworkTopologyImpl.java:add(110)) - Added a new node: /default-rack/b82aff16-802a-4dfd-a62c-cd44f21195ba
2019-09-05 18:57:04,975 [IPC Server handler 5 on 39433] INFO  node.SCMNodeManager (SCMNodeManager.java:register(271)) - Registered Data node : b82aff16-802a-4dfd-a62c-cd44f21195ba{ip: 192.168.36.80, host: pr-hdds-1982-decom-states-p4sss-1559755178, networkLocation: /default-rack, certSerialId: null}
2019-09-05 18:57:05,063 [IPC Server handler 3 on 39433] INFO  net.NetworkTopology (NetworkTopologyImpl.java:add(110)) - Added a new node: /default-rack/d945711b-809b-4fa4-8f0a-c5e7e27fd03f
2019-09-05 18:57:05,063 [IPC Server handler 3 on 39433] INFO  node.SCMNodeManager (SCMNodeManager.java:register(271)) - Registered Data node : d945711b-809b-4fa4-8f0a-c5e7e27fd03f{ip: 192.168.36.80, host: pr-hdds-1982-decom-states-p4sss-1559755178, networkLocation: /default-rack, certSerialId: null}
2019-09-05 18:57:05,130 [IPC Server handler 6 on 39433] INFO  net.NetworkTopology (NetworkTopologyImpl.java:add(110)) - Added a new node: /default-rack/0f826b7c-7306-45ba-b7be-9a5dfde42038
2019-09-05 18:57:05,130 [IPC Server handler 6 on 39433] INFO  node.SCMNodeManager (SCMNodeManager.java:register(271)) - Registered Data node : 0f826b7c-7306-45ba-b7be-9a5dfde42038{ip: 192.168.36.80, host: pr-hdds-1982-decom-states-p4sss-1559755178, networkLocation: /default-rack, certSerialId: null}
2019-09-05 18:57:05,195 [IPC Server handler 7 on 39433] INFO  net.NetworkTopology (NetworkTopologyImpl.java:add(110)) - Added a new node: /default-rack/0332e08e-0f90-4d8d-a222-34b10266ec2f
2019-09-05 18:57:05,196 [main] INFO  ozone.MiniOzoneClusterImpl (MiniOzoneClusterImpl.java:lambda$waitForClusterToBeReady$0(140)) - Cluster is ready. Got 7 of 7 DN Heartbeats.
2019-09-05 18:57:05,196 [IPC Server handler 7 on 39433] INFO  node.SCMNodeManager (SCMNodeManager.java:register(271)) - Registered Data node : 0332e08e-0f90-4d8d-a222-34b10266ec2f{ip: 192.168.36.80, host: pr-hdds-1982-decom-states-p4sss-1559755178, networkLocation: /default-rack, certSerialId: null}
2019-09-05 18:57:05,385 [grpc-default-executor-0] INFO  impl.RaftServerProxy (RaftServerProxy.java:addNew(89)) - 48a61b03-e918-494d-8f69-dadad5c74fd2: addNew group-4ACDA5BD2857:[48a61b03-e918-494d-8f69-dadad5c74fd2:192.168.36.80:44287] returns group-4ACDA5BD2857:java.util.concurrent.CompletableFuture@52b2f34d[Not completed]
2019-09-05 18:57:05,402 [pool-27-thread-1] INFO  impl.RaftServerImpl (RaftServerImpl.java:<init>(93)) - 48a61b03-e918-494d-8f69-dadad5c74fd2: new RaftServerImpl for group-4ACDA5BD2857:[48a61b03-e918-494d-8f69-dadad5c74fd2:192.168.36.80:44287] with ContainerStateMachine:uninitialized
2019-09-05 18:57:05,404 [pool-27-thread-1] INFO  server.RaftServerConfigKeys (ConfUtils.java:logGet(43)) - raft.server.rpc.timeout.min = 5s (custom)
2019-09-05 18:57:05,411 [pool-27-thread-1] INFO  server.RaftServerConfigKeys (ConfUtils.java:logGet(43)) - raft.server.rpc.timeout.max = 5200ms (custom)
2019-09-05 18:57:05,412 [pool-27-thread-1] INFO  server.RaftServerConfigKeys (ConfUtils.java:logGet(43)) - raft.server.rpcslowness.timeout = 120s (custom)
2019-09-05 18:57:05,412 [pool-27-thread-1] INFO  server.RaftServerConfigKeys (ConfUtils.java:logGet(43)) - raft.server.sleep.deviation.threshold = 300 (default)
2019-09-05 18:57:05,413 [pool-27-thread-1] INFO  server.RaftServerConfigKeys (ConfUtils.java:logGet(43)) - raft.server.log.appender.install.snapshot.enabled = false (custom)
2019-09-05 18:57:05,429 [pool-27-thread-1] INFO  impl.RaftServerImpl (ServerState.java:<init>(105)) - 48a61b03-e918-494d-8f69-dadad5c74fd2:group-4ACDA5BD2857 ConfigurationManager, init=-1: [48a61b03-e918-494d-8f69-dadad5c74fd2:192.168.36.80:44287], old=null, confs=<EMPTY_MAP>
2019-09-05 18:57:05,429 [pool-27-thread-1] INFO  server.RaftServerConfigKeys (ConfUtils.java:logGet(43)) - raft.server.storage.dir = [/workdir/hadoop-ozone/integration-test/target/test-dir/MiniOzoneClusterImpl-756306cc-38d8-43d8-837b-a337f9b5af48/datanode-0/data/ratis] (custom)
2019-09-05 18:57:05,438 [pool-27-thread-1] INFO  storage.RaftStorageDirectory (RaftStorageDirectory.java:analyzeStorage(246)) - The storage directory /workdir/hadoop-ozone/integration-test/target/test-dir/MiniOzoneClusterImpl-756306cc-38d8-43d8-837b-a337f9b5af48/datanode-0/data/ratis/fc3cc67a-3cd3-47b8-8434-4acda5bd2857 does not exist. Creating ...
2019-09-05 18:57:05,660 [main] INFO  rpc.RpcClient (RpcClient.java:createVolume(293)) - Creating Volume: testblockoutputstream, with jenkins1000 as owner.
2019-09-05 18:57:05,739 [IPC Server handler 6 on 38641] INFO  volume.OMVolumeCreateRequest (OMVolumeCreateRequest.java:validateAndUpdateCache(189)) - created volume:testblockoutputstream for user:jenkins1000
2019-09-05 18:57:05,766 [pool-27-thread-1] INFO  storage.RaftStorageDirectory (RaftStorageDirectory.java:tryLock(328)) - Lock on /workdir/hadoop-ozone/integration-test/target/test-dir/MiniOzoneClusterImpl-756306cc-38d8-43d8-837b-a337f9b5af48/datanode-0/data/ratis/fc3cc67a-3cd3-47b8-8434-4acda5bd2857/in_use.lock acquired by nodename 23431@pr-hdds-1982-decom-states-p4sss-1559755178
2019-09-05 18:57:05,796 [pool-27-thread-1] INFO  storage.RaftStorage (RaftStorage.java:format(72)) - Storage directory /workdir/hadoop-ozone/integration-test/target/test-dir/MiniOzoneClusterImpl-756306cc-38d8-43d8-837b-a337f9b5af48/datanode-0/data/ratis/fc3cc67a-3cd3-47b8-8434-4acda5bd2857 has been successfully formatted.
2019-09-05 18:57:05,798 [pool-27-thread-1] INFO  ratis.ContainerStateMachine (ContainerStateMachine.java:loadSnapshot(227)) - group-4ACDA5BD2857: The snapshot info is null. Setting the last applied indexto:(t:0, i:~)
2019-09-05 18:57:05,798 [pool-27-thread-1] INFO  server.RaftServerConfigKeys (ConfUtils.java:logGet(43)) - raft.server.leader.election.timeout = 120s (custom)
2019-09-05 18:57:05,800 [pool-27-thread-1] INFO  server.RaftServerConfigKeys (ConfUtils.java:logGet(43)) - raft.server.log.use.memory = false (default)
2019-09-05 18:57:05,814 [pool-27-thread-1] INFO  server.RaftServerConfigKeys (ConfUtils.java:logGet(43)) - raft.server.log.purge.gap = 1000000 (custom)
2019-09-05 18:57:05,815 [pool-27-thread-1] INFO  server.RaftServerConfigKeys (ConfUtils.java:logGet(43)) - raft.server.log.appender.buffer.byte-limit = 33554432 (custom)
2019-09-05 18:57:05,818 [pool-27-thread-1] INFO  server.RaftServerConfigKeys (ConfUtils.java:logGet(43)) - raft.server.log.segment.size.max = 1048576 (custom)
2019-09-05 18:57:05,822 [pool-27-thread-1] INFO  server.RaftServerConfigKeys (ConfUtils.java:logGet(43)) - raft.server.log.segment.cache.num.max = 2 (custom)
2019-09-05 18:57:05,824 [main] INFO  rpc.RpcClient (RpcClient.java:createBucket(432)) - Creating Bucket: testblockoutputstream/testblockoutputstream, with Versioning false and Storage Type set to DISK and Encryption set to false 
2019-09-05 18:57:05,828 [pool-27-thread-1] INFO  segmented.SegmentedRaftLogWorker (SegmentedRaftLogWorker.java:<init>(172)) - new 48a61b03-e918-494d-8f69-dadad5c74fd2-SegmentedRaftLogWorker:Storage Directory /workdir/hadoop-ozone/integration-test/target/test-dir/MiniOzoneClusterImpl-756306cc-38d8-43d8-837b-a337f9b5af48/datanode-0/data/ratis/fc3cc67a-3cd3-47b8-8434-4acda5bd2857 for RaftStorage:Storage Directory /workdir/hadoop-ozone/integration-test/target/test-dir/MiniOzoneClusterImpl-756306cc-38d8-43d8-837b-a337f9b5af48/datanode-0/data/ratis/fc3cc67a-3cd3-47b8-8434-4acda5bd2857
2019-09-05 18:57:05,844 [pool-27-thread-1] INFO  server.RaftServerConfigKeys (ConfUtils.java:logGet(43)) - raft.server.log.queue.byte-limit = 2147483647 (custom)
2019-09-05 18:57:05,845 [pool-27-thread-1] INFO  server.RaftServerConfigKeys (ConfUtils.java:logGet(43)) - raft.server.log.queue.element-limit = 1024 (custom)
2019-09-05 18:57:05,847 [main] INFO  impl.MetricsSystemImpl (MetricsSystemImpl.java:init(158)) - XceiverClientMetrics metrics system started (again)
2019-09-05 18:57:05,851 [pool-27-thread-1] INFO  server.RaftServerConfigKeys (ConfUtils.java:logGet(43)) - raft.server.log.segment.size.max = 1048576 (custom)
2019-09-05 18:57:05,851 [pool-27-thread-1] INFO  server.RaftServerConfigKeys (ConfUtils.java:logGet(43)) - raft.server.log.preallocated.size = 16384 (custom)
2019-09-05 18:57:05,852 [pool-27-thread-1] INFO  server.RaftServerConfigKeys (ConfUtils.java:logGet(43)) - raft.server.log.write.buffer.size = 33554432 (custom)
2019-09-05 18:57:05,852 [pool-27-thread-1] INFO  server.RaftServerConfigKeys (ConfUtils.java:logGet(43)) - raft.server.log.force.sync.num = 128 (default)
2019-09-05 18:57:05,853 [pool-27-thread-1] INFO  server.RaftServerConfigKeys (ConfUtils.java:logGet(43)) - raft.server.log.statemachine.data.sync = true (default)
2019-09-05 18:57:05,853 [pool-27-thread-1] INFO  server.RaftServerConfigKeys (ConfUtils.java:logGet(43)) - raft.server.log.statemachine.data.sync.timeout = 10s (default)
2019-09-05 18:57:05,854 [pool-27-thread-1] INFO  server.RaftServerConfigKeys (ConfUtils.java:logGet(43)) - raft.server.log.statemachine.data.sync.timeout.retry = -1 (default)
2019-09-05 18:57:05,878 [pool-27-thread-1] INFO  server.RaftServerConfigKeys (ConfUtils.java:logGet(43)) - raft.server.log.statemachine.data.caching.enabled = true (custom)
2019-09-05 18:57:05,883 [pool-27-thread-1] INFO  segmented.SegmentedRaftLogWorker (SegmentedRaftLogWorker.java:lambda$new$0(132)) - 48a61b03-e918-494d-8f69-dadad5c74fd2-SegmentedRaftLogWorker:Storage Directory /workdir/hadoop-ozone/integration-test/target/test-dir/MiniOzoneClusterImpl-756306cc-38d8-43d8-837b-a337f9b5af48/datanode-0/data/ratis/fc3cc67a-3cd3-47b8-8434-4acda5bd2857: flushIndex: setUnconditionally 0 -> -1
2019-09-05 18:57:05,888 [pool-27-thread-1] INFO  server.RaftServerConfigKeys (ConfUtils.java:logGet(43)) - raft.server.snapshot.auto.trigger.enabled = true (custom)
2019-09-05 18:57:05,889 [pool-27-thread-1] INFO  server.RaftServerConfigKeys (ConfUtils.java:logGet(43)) - raft.server.snapshot.auto.trigger.threshold = 10000 (custom)
2019-09-05 18:57:05,889 [pool-27-thread-1] INFO  server.RaftServerConfigKeys (ConfUtils.java:logGet(43)) - raft.server.retrycache.expirytime = 600000ms (custom)
2019-09-05 18:57:05,912 [pool-27-thread-1] INFO  impl.RaftServerImpl (RaftServerImpl.java:start(180)) - 48a61b03-e918-494d-8f69-dadad5c74fd2: start group-4ACDA5BD2857
2019-09-05 18:57:05,913 [pool-27-thread-1] INFO  impl.RaftServerImpl (RaftServerImpl.java:setRole(171)) - 48a61b03-e918-494d-8f69-dadad5c74fd2:group-4ACDA5BD2857 changes role from null to FOLLOWER at term 0 for startAsFollower
2019-09-05 18:57:05,914 [pool-27-thread-1] INFO  impl.RoleInfo (RoleInfo.java:updateAndGet(143)) - 48a61b03-e918-494d-8f69-dadad5c74fd2: start FollowerState
2019-09-05 18:57:05,916 [pool-27-thread-1] INFO  util.JmxRegister (JmxRegister.java:tryRegister(44)) - Successfully registered JMX Bean with object name Ratis:service=RaftServer,group=group-4ACDA5BD2857,id=48a61b03-e918-494d-8f69-dadad5c74fd2
2019-09-05 18:57:05,970 [RatisPipelineUtilsThread] INFO  pipeline.PipelineStateManager (PipelineStateManager.java:addPipeline(56)) - Created pipeline Pipeline[ Id: fc3cc67a-3cd3-47b8-8434-4acda5bd2857, Nodes: 48a61b03-e918-494d-8f69-dadad5c74fd2{ip: 192.168.36.80, host: pr-hdds-1982-decom-states-p4sss-1559755178, networkLocation: /default-rack, certSerialId: null}, Type:RATIS, Factor:ONE, State:OPEN]
2019-09-05 18:57:05,995 [grpc-default-executor-0] INFO  impl.RaftServerProxy (RaftServerProxy.java:addNew(89)) - b82aff16-802a-4dfd-a62c-cd44f21195ba: addNew group-4003B8799644:[b82aff16-802a-4dfd-a62c-cd44f21195ba:192.168.36.80:33927] returns group-4003B8799644:java.util.concurrent.CompletableFuture@5ea6d67f[Not completed]
2019-09-05 18:57:06,055 [pool-57-thread-1] INFO  impl.RaftServerImpl (RaftServerImpl.java:<init>(93)) - b82aff16-802a-4dfd-a62c-cd44f21195ba: new RaftServerImpl for group-4003B8799644:[b82aff16-802a-4dfd-a62c-cd44f21195ba:192.168.36.80:33927] with ContainerStateMachine:uninitialized
2019-09-05 18:57:06,057 [pool-57-thread-1] INFO  server.RaftServerConfigKeys (ConfUtils.java:logGet(43)) - raft.server.rpc.timeout.min = 5s (custom)
2019-09-05 18:57:06,057 [pool-57-thread-1] INFO  server.RaftServerConfigKeys (ConfUtils.java:logGet(43)) - raft.server.rpc.timeout.max = 5200ms (custom)
2019-09-05 18:57:06,058 [pool-57-thread-1] INFO  server.RaftServerConfigKeys (ConfUtils.java:logGet(43)) - raft.server.rpcslowness.timeout = 120s (custom)
2019-09-05 18:57:06,058 [pool-57-thread-1] INFO  server.RaftServerConfigKeys (ConfUtils.java:logGet(43)) - raft.server.sleep.deviation.threshold = 300 (default)
2019-09-05 18:57:06,058 [pool-57-thread-1] INFO  server.RaftServerConfigKeys (ConfUtils.java:logGet(43)) - raft.server.log.appender.install.snapshot.enabled = false (custom)
2019-09-05 18:57:06,058 [pool-57-thread-1] INFO  impl.RaftServerImpl (ServerState.java:<init>(105)) - b82aff16-802a-4dfd-a62c-cd44f21195ba:group-4003B8799644 ConfigurationManager, init=-1: [b82aff16-802a-4dfd-a62c-cd44f21195ba:192.168.36.80:33927], old=null, confs=<EMPTY_MAP>
2019-09-05 18:57:06,058 [pool-57-thread-1] INFO  server.RaftServerConfigKeys (ConfUtils.java:logGet(43)) - raft.server.storage.dir = [/workdir/hadoop-ozone/integration-test/target/test-dir/MiniOzoneClusterImpl-756306cc-38d8-43d8-837b-a337f9b5af48/datanode-3/data/ratis] (custom)
2019-09-05 18:57:06,059 [pool-57-thread-1] INFO  storage.RaftStorageDirectory (RaftStorageDirectory.java:analyzeStorage(246)) - The storage directory /workdir/hadoop-ozone/integration-test/target/test-dir/MiniOzoneClusterImpl-756306cc-38d8-43d8-837b-a337f9b5af48/datanode-3/data/ratis/9a48e861-52a7-4bec-a1cb-4003b8799644 does not exist. Creating ...
2019-09-05 18:57:06,073 [pool-57-thread-1] INFO  storage.RaftStorageDirectory (RaftStorageDirectory.java:tryLock(328)) - Lock on /workdir/hadoop-ozone/integration-test/target/test-dir/MiniOzoneClusterImpl-756306cc-38d8-43d8-837b-a337f9b5af48/datanode-3/data/ratis/9a48e861-52a7-4bec-a1cb-4003b8799644/in_use.lock acquired by nodename 23431@pr-hdds-1982-decom-states-p4sss-1559755178
2019-09-05 18:57:06,086 [pool-57-thread-1] INFO  storage.RaftStorage (RaftStorage.java:format(72)) - Storage directory /workdir/hadoop-ozone/integration-test/target/test-dir/MiniOzoneClusterImpl-756306cc-38d8-43d8-837b-a337f9b5af48/datanode-3/data/ratis/9a48e861-52a7-4bec-a1cb-4003b8799644 has been successfully formatted.
2019-09-05 18:57:06,088 [pool-57-thread-1] INFO  ratis.ContainerStateMachine (ContainerStateMachine.java:loadSnapshot(227)) - group-4003B8799644: The snapshot info is null. Setting the last applied indexto:(t:0, i:~)
2019-09-05 18:57:06,089 [pool-57-thread-1] INFO  server.RaftServerConfigKeys (ConfUtils.java:logGet(43)) - raft.server.leader.election.timeout = 120s (custom)
2019-09-05 18:57:06,089 [pool-57-thread-1] INFO  server.RaftServerConfigKeys (ConfUtils.java:logGet(43)) - raft.server.log.use.memory = false (default)
2019-09-05 18:57:06,089 [pool-57-thread-1] INFO  server.RaftServerConfigKeys (ConfUtils.java:logGet(43)) - raft.server.log.purge.gap = 1000000 (custom)
2019-09-05 18:57:06,090 [pool-57-thread-1] INFO  server.RaftServerConfigKeys (ConfUtils.java:logGet(43)) - raft.server.log.appender.buffer.byte-limit = 33554432 (custom)
2019-09-05 18:57:06,090 [pool-57-thread-1] INFO  server.RaftServerConfigKeys (ConfUtils.java:logGet(43)) - raft.server.log.segment.size.max = 1048576 (custom)
2019-09-05 18:57:06,090 [pool-57-thread-1] INFO  server.RaftServerConfigKeys (ConfUtils.java:logGet(43)) - raft.server.log.segment.cache.num.max = 2 (custom)
2019-09-05 18:57:06,090 [pool-57-thread-1] INFO  segmented.SegmentedRaftLogWorker (SegmentedRaftLogWorker.java:<init>(172)) - new b82aff16-802a-4dfd-a62c-cd44f21195ba-SegmentedRaftLogWorker:Storage Directory /workdir/hadoop-ozone/integration-test/target/test-dir/MiniOzoneClusterImpl-756306cc-38d8-43d8-837b-a337f9b5af48/datanode-3/data/ratis/9a48e861-52a7-4bec-a1cb-4003b8799644 for RaftStorage:Storage Directory /workdir/hadoop-ozone/integration-test/target/test-dir/MiniOzoneClusterImpl-756306cc-38d8-43d8-837b-a337f9b5af48/datanode-3/data/ratis/9a48e861-52a7-4bec-a1cb-4003b8799644
2019-09-05 18:57:06,092 [pool-57-thread-1] INFO  server.RaftServerConfigKeys (ConfUtils.java:logGet(43)) - raft.server.log.queue.byte-limit = 2147483647 (custom)
2019-09-05 18:57:06,092 [pool-57-thread-1] INFO  server.RaftServerConfigKeys (ConfUtils.java:logGet(43)) - raft.server.log.queue.element-limit = 1024 (custom)
2019-09-05 18:57:06,092 [pool-57-thread-1] INFO  server.RaftServerConfigKeys (ConfUtils.java:logGet(43)) - raft.server.log.segment.size.max = 1048576 (custom)
2019-09-05 18:57:06,092 [pool-57-thread-1] INFO  server.RaftServerConfigKeys (ConfUtils.java:logGet(43)) - raft.server.log.preallocated.size = 16384 (custom)
2019-09-05 18:57:06,093 [pool-57-thread-1] INFO  server.RaftServerConfigKeys (ConfUtils.java:logGet(43)) - raft.server.log.write.buffer.size = 33554432 (custom)
2019-09-05 18:57:06,093 [pool-57-thread-1] INFO  server.RaftServerConfigKeys (ConfUtils.java:logGet(43)) - raft.server.log.force.sync.num = 128 (default)
2019-09-05 18:57:06,093 [pool-57-thread-1] INFO  server.RaftServerConfigKeys (ConfUtils.java:logGet(43)) - raft.server.log.statemachine.data.sync = true (default)
2019-09-05 18:57:06,093 [pool-57-thread-1] INFO  server.RaftServerConfigKeys (ConfUtils.java:logGet(43)) - raft.server.log.statemachine.data.sync.timeout = 10s (default)
2019-09-05 18:57:06,093 [pool-57-thread-1] INFO  server.RaftServerConfigKeys (ConfUtils.java:logGet(43)) - raft.server.log.statemachine.data.sync.timeout.retry = -1 (default)
2019-09-05 18:57:06,094 [pool-57-thread-1] INFO  server.RaftServerConfigKeys (ConfUtils.java:logGet(43)) - raft.server.log.statemachine.data.caching.enabled = true (custom)
2019-09-05 18:57:06,094 [pool-57-thread-1] INFO  segmented.SegmentedRaftLogWorker (SegmentedRaftLogWorker.java:lambda$new$0(132)) - b82aff16-802a-4dfd-a62c-cd44f21195ba-SegmentedRaftLogWorker:Storage Directory /workdir/hadoop-ozone/integration-test/target/test-dir/MiniOzoneClusterImpl-756306cc-38d8-43d8-837b-a337f9b5af48/datanode-3/data/ratis/9a48e861-52a7-4bec-a1cb-4003b8799644: flushIndex: setUnconditionally 0 -> -1
2019-09-05 18:57:06,095 [pool-57-thread-1] INFO  server.RaftServerConfigKeys (ConfUtils.java:logGet(43)) - raft.server.snapshot.auto.trigger.enabled = true (custom)
2019-09-05 18:57:06,095 [pool-57-thread-1] INFO  server.RaftServerConfigKeys (ConfUtils.java:logGet(43)) - raft.server.snapshot.auto.trigger.threshold = 10000 (custom)
2019-09-05 18:57:06,095 [pool-57-thread-1] INFO  server.RaftServerConfigKeys (ConfUtils.java:logGet(43)) - raft.server.retrycache.expirytime = 600000ms (custom)
2019-09-05 18:57:06,095 [pool-57-thread-1] INFO  impl.RaftServerImpl (RaftServerImpl.java:start(180)) - b82aff16-802a-4dfd-a62c-cd44f21195ba: start group-4003B8799644
2019-09-05 18:57:06,095 [pool-57-thread-1] INFO  impl.RaftServerImpl (RaftServerImpl.java:setRole(171)) - b82aff16-802a-4dfd-a62c-cd44f21195ba:group-4003B8799644 changes role from null to FOLLOWER at term 0 for startAsFollower
2019-09-05 18:57:06,096 [pool-57-thread-1] INFO  impl.RoleInfo (RoleInfo.java:updateAndGet(143)) - b82aff16-802a-4dfd-a62c-cd44f21195ba: start FollowerState
2019-09-05 18:57:06,097 [pool-57-thread-1] INFO  util.JmxRegister (JmxRegister.java:tryRegister(44)) - Successfully registered JMX Bean with object name Ratis:service=RaftServer,group=group-4003B8799644,id=b82aff16-802a-4dfd-a62c-cd44f21195ba
2019-09-05 18:57:06,110 [RatisPipelineUtilsThread] INFO  pipeline.PipelineStateManager (PipelineStateManager.java:addPipeline(56)) - Created pipeline Pipeline[ Id: 9a48e861-52a7-4bec-a1cb-4003b8799644, Nodes: b82aff16-802a-4dfd-a62c-cd44f21195ba{ip: 192.168.36.80, host: pr-hdds-1982-decom-states-p4sss-1559755178, networkLocation: /default-rack, certSerialId: null}, Type:RATIS, Factor:ONE, State:OPEN]
2019-09-05 18:57:06,138 [grpc-default-executor-0] INFO  impl.RaftServerProxy (RaftServerProxy.java:addNew(89)) - 0332e08e-0f90-4d8d-a222-34b10266ec2f: addNew group-42EB9BD17D5C:[0332e08e-0f90-4d8d-a222-34b10266ec2f:192.168.36.80:42363] returns group-42EB9BD17D5C:java.util.concurrent.CompletableFuture@8f169cb[Not completed]
2019-09-05 18:57:06,156 [pool-87-thread-1] INFO  impl.RaftServerImpl (RaftServerImpl.java:<init>(93)) - 0332e08e-0f90-4d8d-a222-34b10266ec2f: new RaftServerImpl for group-42EB9BD17D5C:[0332e08e-0f90-4d8d-a222-34b10266ec2f:192.168.36.80:42363] with ContainerStateMachine:uninitialized
2019-09-05 18:57:06,156 [pool-87-thread-1] INFO  server.RaftServerConfigKeys (ConfUtils.java:logGet(43)) - raft.server.rpc.timeout.min = 5s (custom)
2019-09-05 18:57:06,156 [pool-87-thread-1] INFO  server.RaftServerConfigKeys (ConfUtils.java:logGet(43)) - raft.server.rpc.timeout.max = 5200ms (custom)
2019-09-05 18:57:06,156 [pool-87-thread-1] INFO  server.RaftServerConfigKeys (ConfUtils.java:logGet(43)) - raft.server.rpcslowness.timeout = 120s (custom)
2019-09-05 18:57:06,156 [pool-87-thread-1] INFO  server.RaftServerConfigKeys (ConfUtils.java:logGet(43)) - raft.server.sleep.deviation.threshold = 300 (default)
2019-09-05 18:57:06,157 [pool-87-thread-1] INFO  server.RaftServerConfigKeys (ConfUtils.java:logGet(43)) - raft.server.log.appender.install.snapshot.enabled = false (custom)
2019-09-05 18:57:06,157 [pool-87-thread-1] INFO  impl.RaftServerImpl (ServerState.java:<init>(105)) - 0332e08e-0f90-4d8d-a222-34b10266ec2f:group-42EB9BD17D5C ConfigurationManager, init=-1: [0332e08e-0f90-4d8d-a222-34b10266ec2f:192.168.36.80:42363], old=null, confs=<EMPTY_MAP>
2019-09-05 18:57:06,157 [pool-87-thread-1] INFO  server.RaftServerConfigKeys (ConfUtils.java:logGet(43)) - raft.server.storage.dir = [/workdir/hadoop-ozone/integration-test/target/test-dir/MiniOzoneClusterImpl-756306cc-38d8-43d8-837b-a337f9b5af48/datanode-6/data/ratis] (custom)
2019-09-05 18:57:06,158 [pool-87-thread-1] INFO  storage.RaftStorageDirectory (RaftStorageDirectory.java:analyzeStorage(246)) - The storage directory /workdir/hadoop-ozone/integration-test/target/test-dir/MiniOzoneClusterImpl-756306cc-38d8-43d8-837b-a337f9b5af48/datanode-6/data/ratis/c231cd9b-75bf-4def-af83-42eb9bd17d5c does not exist. Creating ...
2019-09-05 18:57:06,178 [pool-87-thread-1] INFO  storage.RaftStorageDirectory (RaftStorageDirectory.java:tryLock(328)) - Lock on /workdir/hadoop-ozone/integration-test/target/test-dir/MiniOzoneClusterImpl-756306cc-38d8-43d8-837b-a337f9b5af48/datanode-6/data/ratis/c231cd9b-75bf-4def-af83-42eb9bd17d5c/in_use.lock acquired by nodename 23431@pr-hdds-1982-decom-states-p4sss-1559755178
2019-09-05 18:57:06,191 [pool-87-thread-1] INFO  storage.RaftStorage (RaftStorage.java:format(72)) - Storage directory /workdir/hadoop-ozone/integration-test/target/test-dir/MiniOzoneClusterImpl-756306cc-38d8-43d8-837b-a337f9b5af48/datanode-6/data/ratis/c231cd9b-75bf-4def-af83-42eb9bd17d5c has been successfully formatted.
2019-09-05 18:57:06,192 [pool-87-thread-1] INFO  ratis.ContainerStateMachine (ContainerStateMachine.java:loadSnapshot(227)) - group-42EB9BD17D5C: The snapshot info is null. Setting the last applied indexto:(t:0, i:~)
2019-09-05 18:57:06,192 [pool-87-thread-1] INFO  server.RaftServerConfigKeys (ConfUtils.java:logGet(43)) - raft.server.leader.election.timeout = 120s (custom)
2019-09-05 18:57:06,192 [pool-87-thread-1] INFO  server.RaftServerConfigKeys (ConfUtils.java:logGet(43)) - raft.server.log.use.memory = false (default)
2019-09-05 18:57:06,193 [pool-87-thread-1] INFO  server.RaftServerConfigKeys (ConfUtils.java:logGet(43)) - raft.server.log.purge.gap = 1000000 (custom)
2019-09-05 18:57:06,193 [pool-87-thread-1] INFO  server.RaftServerConfigKeys (ConfUtils.java:logGet(43)) - raft.server.log.appender.buffer.byte-limit = 33554432 (custom)
2019-09-05 18:57:06,193 [pool-87-thread-1] INFO  server.RaftServerConfigKeys (ConfUtils.java:logGet(43)) - raft.server.log.segment.size.max = 1048576 (custom)
2019-09-05 18:57:06,193 [pool-87-thread-1] INFO  server.RaftServerConfigKeys (ConfUtils.java:logGet(43)) - raft.server.log.segment.cache.num.max = 2 (custom)
2019-09-05 18:57:06,193 [pool-87-thread-1] INFO  segmented.SegmentedRaftLogWorker (SegmentedRaftLogWorker.java:<init>(172)) - new 0332e08e-0f90-4d8d-a222-34b10266ec2f-SegmentedRaftLogWorker:Storage Directory /workdir/hadoop-ozone/integration-test/target/test-dir/MiniOzoneClusterImpl-756306cc-38d8-43d8-837b-a337f9b5af48/datanode-6/data/ratis/c231cd9b-75bf-4def-af83-42eb9bd17d5c for RaftStorage:Storage Directory /workdir/hadoop-ozone/integration-test/target/test-dir/MiniOzoneClusterImpl-756306cc-38d8-43d8-837b-a337f9b5af48/datanode-6/data/ratis/c231cd9b-75bf-4def-af83-42eb9bd17d5c
2019-09-05 18:57:06,194 [pool-87-thread-1] INFO  server.RaftServerConfigKeys (ConfUtils.java:logGet(43)) - raft.server.log.queue.byte-limit = 2147483647 (custom)
2019-09-05 18:57:06,194 [pool-87-thread-1] INFO  server.RaftServerConfigKeys (ConfUtils.java:logGet(43)) - raft.server.log.queue.element-limit = 1024 (custom)
2019-09-05 18:57:06,194 [pool-87-thread-1] INFO  server.RaftServerConfigKeys (ConfUtils.java:logGet(43)) - raft.server.log.segment.size.max = 1048576 (custom)
2019-09-05 18:57:06,195 [pool-87-thread-1] INFO  server.RaftServerConfigKeys (ConfUtils.java:logGet(43)) - raft.server.log.preallocated.size = 16384 (custom)
2019-09-05 18:57:06,195 [pool-87-thread-1] INFO  server.RaftServerConfigKeys (ConfUtils.java:logGet(43)) - raft.server.log.write.buffer.size = 33554432 (custom)
2019-09-05 18:57:06,195 [pool-87-thread-1] INFO  server.RaftServerConfigKeys (ConfUtils.java:logGet(43)) - raft.server.log.force.sync.num = 128 (default)
2019-09-05 18:57:06,195 [pool-87-thread-1] INFO  server.RaftServerConfigKeys (ConfUtils.java:logGet(43)) - raft.server.log.statemachine.data.sync = true (default)
2019-09-05 18:57:06,195 [pool-87-thread-1] INFO  server.RaftServerConfigKeys (ConfUtils.java:logGet(43)) - raft.server.log.statemachine.data.sync.timeout = 10s (default)
2019-09-05 18:57:06,196 [pool-87-thread-1] INFO  server.RaftServerConfigKeys (ConfUtils.java:logGet(43)) - raft.server.log.statemachine.data.sync.timeout.retry = -1 (default)
2019-09-05 18:57:06,196 [pool-87-thread-1] INFO  server.RaftServerConfigKeys (ConfUtils.java:logGet(43)) - raft.server.log.statemachine.data.caching.enabled = true (custom)
2019-09-05 18:57:06,197 [pool-87-thread-1] INFO  segmented.SegmentedRaftLogWorker (SegmentedRaftLogWorker.java:lambda$new$0(132)) - 0332e08e-0f90-4d8d-a222-34b10266ec2f-SegmentedRaftLogWorker:Storage Directory /workdir/hadoop-ozone/integration-test/target/test-dir/MiniOzoneClusterImpl-756306cc-38d8-43d8-837b-a337f9b5af48/datanode-6/data/ratis/c231cd9b-75bf-4def-af83-42eb9bd17d5c: flushIndex: setUnconditionally 0 -> -1
2019-09-05 18:57:06,197 [pool-87-thread-1] INFO  server.RaftServerConfigKeys (ConfUtils.java:logGet(43)) - raft.server.snapshot.auto.trigger.enabled = true (custom)
2019-09-05 18:57:06,197 [pool-87-thread-1] INFO  server.RaftServerConfigKeys (ConfUtils.java:logGet(43)) - raft.server.snapshot.auto.trigger.threshold = 10000 (custom)
2019-09-05 18:57:06,198 [pool-87-thread-1] INFO  server.RaftServerConfigKeys (ConfUtils.java:logGet(43)) - raft.server.retrycache.expirytime = 600000ms (custom)
2019-09-05 18:57:06,198 [pool-87-thread-1] INFO  impl.RaftServerImpl (RaftServerImpl.java:start(180)) - 0332e08e-0f90-4d8d-a222-34b10266ec2f: start group-42EB9BD17D5C
2019-09-05 18:57:06,198 [pool-87-thread-1] INFO  impl.RaftServerImpl (RaftServerImpl.java:setRole(171)) - 0332e08e-0f90-4d8d-a222-34b10266ec2f:group-42EB9BD17D5C changes role from null to FOLLOWER at term 0 for startAsFollower
2019-09-05 18:57:06,199 [pool-87-thread-1] INFO  impl.RoleInfo (RoleInfo.java:updateAndGet(143)) - 0332e08e-0f90-4d8d-a222-34b10266ec2f: start FollowerState
2019-09-05 18:57:06,199 [pool-87-thread-1] INFO  util.JmxRegister (JmxRegister.java:tryRegister(44)) - Successfully registered JMX Bean with object name Ratis:service=RaftServer,group=group-42EB9BD17D5C,id=0332e08e-0f90-4d8d-a222-34b10266ec2f
2019-09-05 18:57:06,209 [RatisPipelineUtilsThread] INFO  pipeline.PipelineStateManager (PipelineStateManager.java:addPipeline(56)) - Created pipeline Pipeline[ Id: c231cd9b-75bf-4def-af83-42eb9bd17d5c, Nodes: 0332e08e-0f90-4d8d-a222-34b10266ec2f{ip: 192.168.36.80, host: pr-hdds-1982-decom-states-p4sss-1559755178, networkLocation: /default-rack, certSerialId: null}, Type:RATIS, Factor:ONE, State:OPEN]
2019-09-05 18:57:06,232 [grpc-default-executor-0] INFO  impl.RaftServerProxy (RaftServerProxy.java:addNew(89)) - d945711b-809b-4fa4-8f0a-c5e7e27fd03f: addNew group-36EF82F41FFA:[d945711b-809b-4fa4-8f0a-c5e7e27fd03f:192.168.36.80:33144] returns group-36EF82F41FFA:java.util.concurrent.CompletableFuture@2cda5f41[Not completed]
2019-09-05 18:57:06,237 [pool-67-thread-1] INFO  impl.RaftServerImpl (RaftServerImpl.java:<init>(93)) - d945711b-809b-4fa4-8f0a-c5e7e27fd03f: new RaftServerImpl for group-36EF82F41FFA:[d945711b-809b-4fa4-8f0a-c5e7e27fd03f:192.168.36.80:33144] with ContainerStateMachine:uninitialized
2019-09-05 18:57:06,238 [pool-67-thread-1] INFO  server.RaftServerConfigKeys (ConfUtils.java:logGet(43)) - raft.server.rpc.timeout.min = 5s (custom)
2019-09-05 18:57:06,238 [pool-67-thread-1] INFO  server.RaftServerConfigKeys (ConfUtils.java:logGet(43)) - raft.server.rpc.timeout.max = 5200ms (custom)
2019-09-05 18:57:06,238 [pool-67-thread-1] INFO  server.RaftServerConfigKeys (ConfUtils.java:logGet(43)) - raft.server.rpcslowness.timeout = 120s (custom)
2019-09-05 18:57:06,238 [pool-67-thread-1] INFO  server.RaftServerConfigKeys (ConfUtils.java:logGet(43)) - raft.server.sleep.deviation.threshold = 300 (default)
2019-09-05 18:57:06,238 [pool-67-thread-1] INFO  server.RaftServerConfigKeys (ConfUtils.java:logGet(43)) - raft.server.log.appender.install.snapshot.enabled = false (custom)
2019-09-05 18:57:06,239 [pool-67-thread-1] INFO  impl.RaftServerImpl (ServerState.java:<init>(105)) - d945711b-809b-4fa4-8f0a-c5e7e27fd03f:group-36EF82F41FFA ConfigurationManager, init=-1: [d945711b-809b-4fa4-8f0a-c5e7e27fd03f:192.168.36.80:33144], old=null, confs=<EMPTY_MAP>
2019-09-05 18:57:06,239 [pool-67-thread-1] INFO  server.RaftServerConfigKeys (ConfUtils.java:logGet(43)) - raft.server.storage.dir = [/workdir/hadoop-ozone/integration-test/target/test-dir/MiniOzoneClusterImpl-756306cc-38d8-43d8-837b-a337f9b5af48/datanode-4/data/ratis] (custom)
2019-09-05 18:57:06,239 [pool-67-thread-1] INFO  storage.RaftStorageDirectory (RaftStorageDirectory.java:analyzeStorage(246)) - The storage directory /workdir/hadoop-ozone/integration-test/target/test-dir/MiniOzoneClusterImpl-756306cc-38d8-43d8-837b-a337f9b5af48/datanode-4/data/ratis/48cd1a0a-4eae-44bc-971c-36ef82f41ffa does not exist. Creating ...
2019-09-05 18:57:06,252 [pool-67-thread-1] INFO  storage.RaftStorageDirectory (RaftStorageDirectory.java:tryLock(328)) - Lock on /workdir/hadoop-ozone/integration-test/target/test-dir/MiniOzoneClusterImpl-756306cc-38d8-43d8-837b-a337f9b5af48/datanode-4/data/ratis/48cd1a0a-4eae-44bc-971c-36ef82f41ffa/in_use.lock acquired by nodename 23431@pr-hdds-1982-decom-states-p4sss-1559755178
2019-09-05 18:57:06,265 [pool-67-thread-1] INFO  storage.RaftStorage (RaftStorage.java:format(72)) - Storage directory /workdir/hadoop-ozone/integration-test/target/test-dir/MiniOzoneClusterImpl-756306cc-38d8-43d8-837b-a337f9b5af48/datanode-4/data/ratis/48cd1a0a-4eae-44bc-971c-36ef82f41ffa has been successfully formatted.
2019-09-05 18:57:06,265 [pool-67-thread-1] INFO  ratis.ContainerStateMachine (ContainerStateMachine.java:loadSnapshot(227)) - group-36EF82F41FFA: The snapshot info is null. Setting the last applied indexto:(t:0, i:~)
2019-09-05 18:57:06,265 [pool-67-thread-1] INFO  server.RaftServerConfigKeys (ConfUtils.java:logGet(43)) - raft.server.leader.election.timeout = 120s (custom)
2019-09-05 18:57:06,265 [pool-67-thread-1] INFO  server.RaftServerConfigKeys (ConfUtils.java:logGet(43)) - raft.server.log.use.memory = false (default)
2019-09-05 18:57:06,266 [pool-67-thread-1] INFO  server.RaftServerConfigKeys (ConfUtils.java:logGet(43)) - raft.server.log.purge.gap = 1000000 (custom)
2019-09-05 18:57:06,266 [pool-67-thread-1] INFO  server.RaftServerConfigKeys (ConfUtils.java:logGet(43)) - raft.server.log.appender.buffer.byte-limit = 33554432 (custom)
2019-09-05 18:57:06,266 [pool-67-thread-1] INFO  server.RaftServerConfigKeys (ConfUtils.java:logGet(43)) - raft.server.log.segment.size.max = 1048576 (custom)
2019-09-05 18:57:06,266 [pool-67-thread-1] INFO  server.RaftServerConfigKeys (ConfUtils.java:logGet(43)) - raft.server.log.segment.cache.num.max = 2 (custom)
2019-09-05 18:57:06,266 [pool-67-thread-1] INFO  segmented.SegmentedRaftLogWorker (SegmentedRaftLogWorker.java:<init>(172)) - new d945711b-809b-4fa4-8f0a-c5e7e27fd03f-SegmentedRaftLogWorker:Storage Directory /workdir/hadoop-ozone/integration-test/target/test-dir/MiniOzoneClusterImpl-756306cc-38d8-43d8-837b-a337f9b5af48/datanode-4/data/ratis/48cd1a0a-4eae-44bc-971c-36ef82f41ffa for RaftStorage:Storage Directory /workdir/hadoop-ozone/integration-test/target/test-dir/MiniOzoneClusterImpl-756306cc-38d8-43d8-837b-a337f9b5af48/datanode-4/data/ratis/48cd1a0a-4eae-44bc-971c-36ef82f41ffa
2019-09-05 18:57:06,266 [pool-67-thread-1] INFO  server.RaftServerConfigKeys (ConfUtils.java:logGet(43)) - raft.server.log.queue.byte-limit = 2147483647 (custom)
2019-09-05 18:57:06,266 [pool-67-thread-1] INFO  server.RaftServerConfigKeys (ConfUtils.java:logGet(43)) - raft.server.log.queue.element-limit = 1024 (custom)
2019-09-05 18:57:06,267 [pool-67-thread-1] INFO  server.RaftServerConfigKeys (ConfUtils.java:logGet(43)) - raft.server.log.segment.size.max = 1048576 (custom)
2019-09-05 18:57:06,267 [pool-67-thread-1] INFO  server.RaftServerConfigKeys (ConfUtils.java:logGet(43)) - raft.server.log.preallocated.size = 16384 (custom)
2019-09-05 18:57:06,267 [pool-67-thread-1] INFO  server.RaftServerConfigKeys (ConfUtils.java:logGet(43)) - raft.server.log.write.buffer.size = 33554432 (custom)
2019-09-05 18:57:06,267 [pool-67-thread-1] INFO  server.RaftServerConfigKeys (ConfUtils.java:logGet(43)) - raft.server.log.force.sync.num = 128 (default)
2019-09-05 18:57:06,267 [pool-67-thread-1] INFO  server.RaftServerConfigKeys (ConfUtils.java:logGet(43)) - raft.server.log.statemachine.data.sync = true (default)
2019-09-05 18:57:06,267 [pool-67-thread-1] INFO  server.RaftServerConfigKeys (ConfUtils.java:logGet(43)) - raft.server.log.statemachine.data.sync.timeout = 10s (default)
2019-09-05 18:57:06,268 [pool-67-thread-1] INFO  server.RaftServerConfigKeys (ConfUtils.java:logGet(43)) - raft.server.log.statemachine.data.sync.timeout.retry = -1 (default)
2019-09-05 18:57:06,268 [pool-67-thread-1] INFO  server.RaftServerConfigKeys (ConfUtils.java:logGet(43)) - raft.server.log.statemachine.data.caching.enabled = true (custom)
2019-09-05 18:57:06,268 [pool-67-thread-1] INFO  segmented.SegmentedRaftLogWorker (SegmentedRaftLogWorker.java:lambda$new$0(132)) - d945711b-809b-4fa4-8f0a-c5e7e27fd03f-SegmentedRaftLogWorker:Storage Directory /workdir/hadoop-ozone/integration-test/target/test-dir/MiniOzoneClusterImpl-756306cc-38d8-43d8-837b-a337f9b5af48/datanode-4/data/ratis/48cd1a0a-4eae-44bc-971c-36ef82f41ffa: flushIndex: setUnconditionally 0 -> -1
2019-09-05 18:57:06,269 [pool-67-thread-1] INFO  server.RaftServerConfigKeys (ConfUtils.java:logGet(43)) - raft.server.snapshot.auto.trigger.enabled = true (custom)
2019-09-05 18:57:06,269 [pool-67-thread-1] INFO  server.RaftServerConfigKeys (ConfUtils.java:logGet(43)) - raft.server.snapshot.auto.trigger.threshold = 10000 (custom)
2019-09-05 18:57:06,269 [pool-67-thread-1] INFO  server.RaftServerConfigKeys (ConfUtils.java:logGet(43)) - raft.server.retrycache.expirytime = 600000ms (custom)
2019-09-05 18:57:06,269 [pool-67-thread-1] INFO  impl.RaftServerImpl (RaftServerImpl.java:start(180)) - d945711b-809b-4fa4-8f0a-c5e7e27fd03f: start group-36EF82F41FFA
2019-09-05 18:57:06,269 [pool-67-thread-1] INFO  impl.RaftServerImpl (RaftServerImpl.java:setRole(171)) - d945711b-809b-4fa4-8f0a-c5e7e27fd03f:group-36EF82F41FFA changes role from null to FOLLOWER at term 0 for startAsFollower
2019-09-05 18:57:06,270 [pool-67-thread-1] INFO  impl.RoleInfo (RoleInfo.java:updateAndGet(143)) - d945711b-809b-4fa4-8f0a-c5e7e27fd03f: start FollowerState
2019-09-05 18:57:06,270 [pool-67-thread-1] INFO  util.JmxRegister (JmxRegister.java:tryRegister(44)) - Successfully registered JMX Bean with object name Ratis:service=RaftServer,group=group-36EF82F41FFA,id=d945711b-809b-4fa4-8f0a-c5e7e27fd03f
2019-09-05 18:57:06,283 [RatisPipelineUtilsThread] INFO  pipeline.PipelineStateManager (PipelineStateManager.java:addPipeline(56)) - Created pipeline Pipeline[ Id: 48cd1a0a-4eae-44bc-971c-36ef82f41ffa, Nodes: d945711b-809b-4fa4-8f0a-c5e7e27fd03f{ip: 192.168.36.80, host: pr-hdds-1982-decom-states-p4sss-1559755178, networkLocation: /default-rack, certSerialId: null}, Type:RATIS, Factor:ONE, State:OPEN]
2019-09-05 18:57:06,303 [grpc-default-executor-0] INFO  impl.RaftServerProxy (RaftServerProxy.java:addNew(89)) - 0f826b7c-7306-45ba-b7be-9a5dfde42038: addNew group-0C369E276DC3:[0f826b7c-7306-45ba-b7be-9a5dfde42038:192.168.36.80:44293] returns group-0C369E276DC3:java.util.concurrent.CompletableFuture@2c677f61[Not completed]
2019-09-05 18:57:06,307 [pool-77-thread-1] INFO  impl.RaftServerImpl (RaftServerImpl.java:<init>(93)) - 0f826b7c-7306-45ba-b7be-9a5dfde42038: new RaftServerImpl for group-0C369E276DC3:[0f826b7c-7306-45ba-b7be-9a5dfde42038:192.168.36.80:44293] with ContainerStateMachine:uninitialized
2019-09-05 18:57:06,308 [pool-77-thread-1] INFO  server.RaftServerConfigKeys (ConfUtils.java:logGet(43)) - raft.server.rpc.timeout.min = 5s (custom)
2019-09-05 18:57:06,308 [pool-77-thread-1] INFO  server.RaftServerConfigKeys (ConfUtils.java:logGet(43)) - raft.server.rpc.timeout.max = 5200ms (custom)
2019-09-05 18:57:06,308 [pool-77-thread-1] INFO  server.RaftServerConfigKeys (ConfUtils.java:logGet(43)) - raft.server.rpcslowness.timeout = 120s (custom)
2019-09-05 18:57:06,308 [pool-77-thread-1] INFO  server.RaftServerConfigKeys (ConfUtils.java:logGet(43)) - raft.server.sleep.deviation.threshold = 300 (default)
2019-09-05 18:57:06,308 [pool-77-thread-1] INFO  server.RaftServerConfigKeys (ConfUtils.java:logGet(43)) - raft.server.log.appender.install.snapshot.enabled = false (custom)
2019-09-05 18:57:06,308 [pool-77-thread-1] INFO  impl.RaftServerImpl (ServerState.java:<init>(105)) - 0f826b7c-7306-45ba-b7be-9a5dfde42038:group-0C369E276DC3 ConfigurationManager, init=-1: [0f826b7c-7306-45ba-b7be-9a5dfde42038:192.168.36.80:44293], old=null, confs=<EMPTY_MAP>
2019-09-05 18:57:06,309 [pool-77-thread-1] INFO  server.RaftServerConfigKeys (ConfUtils.java:logGet(43)) - raft.server.storage.dir = [/workdir/hadoop-ozone/integration-test/target/test-dir/MiniOzoneClusterImpl-756306cc-38d8-43d8-837b-a337f9b5af48/datanode-5/data/ratis] (custom)
2019-09-05 18:57:06,309 [pool-77-thread-1] INFO  storage.RaftStorageDirectory (RaftStorageDirectory.java:analyzeStorage(246)) - The storage directory /workdir/hadoop-ozone/integration-test/target/test-dir/MiniOzoneClusterImpl-756306cc-38d8-43d8-837b-a337f9b5af48/datanode-5/data/ratis/6a85aa6c-8694-4e61-bf36-0c369e276dc3 does not exist. Creating ...
2019-09-05 18:57:06,324 [pool-77-thread-1] INFO  storage.RaftStorageDirectory (RaftStorageDirectory.java:tryLock(328)) - Lock on /workdir/hadoop-ozone/integration-test/target/test-dir/MiniOzoneClusterImpl-756306cc-38d8-43d8-837b-a337f9b5af48/datanode-5/data/ratis/6a85aa6c-8694-4e61-bf36-0c369e276dc3/in_use.lock acquired by nodename 23431@pr-hdds-1982-decom-states-p4sss-1559755178
2019-09-05 18:57:06,343 [pool-77-thread-1] INFO  storage.RaftStorage (RaftStorage.java:format(72)) - Storage directory /workdir/hadoop-ozone/integration-test/target/test-dir/MiniOzoneClusterImpl-756306cc-38d8-43d8-837b-a337f9b5af48/datanode-5/data/ratis/6a85aa6c-8694-4e61-bf36-0c369e276dc3 has been successfully formatted.
2019-09-05 18:57:06,343 [pool-77-thread-1] INFO  ratis.ContainerStateMachine (ContainerStateMachine.java:loadSnapshot(227)) - group-0C369E276DC3: The snapshot info is null. Setting the last applied indexto:(t:0, i:~)
2019-09-05 18:57:06,344 [pool-77-thread-1] INFO  server.RaftServerConfigKeys (ConfUtils.java:logGet(43)) - raft.server.leader.election.timeout = 120s (custom)
2019-09-05 18:57:06,344 [pool-77-thread-1] INFO  server.RaftServerConfigKeys (ConfUtils.java:logGet(43)) - raft.server.log.use.memory = false (default)
2019-09-05 18:57:06,344 [pool-77-thread-1] INFO  server.RaftServerConfigKeys (ConfUtils.java:logGet(43)) - raft.server.log.purge.gap = 1000000 (custom)
2019-09-05 18:57:06,344 [pool-77-thread-1] INFO  server.RaftServerConfigKeys (ConfUtils.java:logGet(43)) - raft.server.log.appender.buffer.byte-limit = 33554432 (custom)
2019-09-05 18:57:06,344 [pool-77-thread-1] INFO  server.RaftServerConfigKeys (ConfUtils.java:logGet(43)) - raft.server.log.segment.size.max = 1048576 (custom)
2019-09-05 18:57:06,344 [pool-77-thread-1] INFO  server.RaftServerConfigKeys (ConfUtils.java:logGet(43)) - raft.server.log.segment.cache.num.max = 2 (custom)
2019-09-05 18:57:06,345 [pool-77-thread-1] INFO  segmented.SegmentedRaftLogWorker (SegmentedRaftLogWorker.java:<init>(172)) - new 0f826b7c-7306-45ba-b7be-9a5dfde42038-SegmentedRaftLogWorker:Storage Directory /workdir/hadoop-ozone/integration-test/target/test-dir/MiniOzoneClusterImpl-756306cc-38d8-43d8-837b-a337f9b5af48/datanode-5/data/ratis/6a85aa6c-8694-4e61-bf36-0c369e276dc3 for RaftStorage:Storage Directory /workdir/hadoop-ozone/integration-test/target/test-dir/MiniOzoneClusterImpl-756306cc-38d8-43d8-837b-a337f9b5af48/datanode-5/data/ratis/6a85aa6c-8694-4e61-bf36-0c369e276dc3
2019-09-05 18:57:06,345 [pool-77-thread-1] INFO  server.RaftServerConfigKeys (ConfUtils.java:logGet(43)) - raft.server.log.queue.byte-limit = 2147483647 (custom)
2019-09-05 18:57:06,345 [pool-77-thread-1] INFO  server.RaftServerConfigKeys (ConfUtils.java:logGet(43)) - raft.server.log.queue.element-limit = 1024 (custom)
2019-09-05 18:57:06,345 [pool-77-thread-1] INFO  server.RaftServerConfigKeys (ConfUtils.java:logGet(43)) - raft.server.log.segment.size.max = 1048576 (custom)
2019-09-05 18:57:06,345 [pool-77-thread-1] INFO  server.RaftServerConfigKeys (ConfUtils.java:logGet(43)) - raft.server.log.preallocated.size = 16384 (custom)
2019-09-05 18:57:06,346 [pool-77-thread-1] INFO  server.RaftServerConfigKeys (ConfUtils.java:logGet(43)) - raft.server.log.write.buffer.size = 33554432 (custom)
2019-09-05 18:57:06,346 [pool-77-thread-1] INFO  server.RaftServerConfigKeys (ConfUtils.java:logGet(43)) - raft.server.log.force.sync.num = 128 (default)
2019-09-05 18:57:06,346 [pool-77-thread-1] INFO  server.RaftServerConfigKeys (ConfUtils.java:logGet(43)) - raft.server.log.statemachine.data.sync = true (default)
2019-09-05 18:57:06,346 [pool-77-thread-1] INFO  server.RaftServerConfigKeys (ConfUtils.java:logGet(43)) - raft.server.log.statemachine.data.sync.timeout = 10s (default)
2019-09-05 18:57:06,346 [pool-77-thread-1] INFO  server.RaftServerConfigKeys (ConfUtils.java:logGet(43)) - raft.server.log.statemachine.data.sync.timeout.retry = -1 (default)
2019-09-05 18:57:06,347 [pool-77-thread-1] INFO  server.RaftServerConfigKeys (ConfUtils.java:logGet(43)) - raft.server.log.statemachine.data.caching.enabled = true (custom)
2019-09-05 18:57:06,347 [pool-77-thread-1] INFO  segmented.SegmentedRaftLogWorker (SegmentedRaftLogWorker.java:lambda$new$0(132)) - 0f826b7c-7306-45ba-b7be-9a5dfde42038-SegmentedRaftLogWorker:Storage Directory /workdir/hadoop-ozone/integration-test/target/test-dir/MiniOzoneClusterImpl-756306cc-38d8-43d8-837b-a337f9b5af48/datanode-5/data/ratis/6a85aa6c-8694-4e61-bf36-0c369e276dc3: flushIndex: setUnconditionally 0 -> -1
2019-09-05 18:57:06,347 [pool-77-thread-1] INFO  server.RaftServerConfigKeys (ConfUtils.java:logGet(43)) - raft.server.snapshot.auto.trigger.enabled = true (custom)
2019-09-05 18:57:06,347 [pool-77-thread-1] INFO  server.RaftServerConfigKeys (ConfUtils.java:logGet(43)) - raft.server.snapshot.auto.trigger.threshold = 10000 (custom)
2019-09-05 18:57:06,348 [pool-77-thread-1] INFO  server.RaftServerConfigKeys (ConfUtils.java:logGet(43)) - raft.server.retrycache.expirytime = 600000ms (custom)
2019-09-05 18:57:06,348 [pool-77-thread-1] INFO  impl.RaftServerImpl (RaftServerImpl.java:start(180)) - 0f826b7c-7306-45ba-b7be-9a5dfde42038: start group-0C369E276DC3
2019-09-05 18:57:06,348 [pool-77-thread-1] INFO  impl.RaftServerImpl (RaftServerImpl.java:setRole(171)) - 0f826b7c-7306-45ba-b7be-9a5dfde42038:group-0C369E276DC3 changes role from null to FOLLOWER at term 0 for startAsFollower
2019-09-05 18:57:06,348 [pool-77-thread-1] INFO  impl.RoleInfo (RoleInfo.java:updateAndGet(143)) - 0f826b7c-7306-45ba-b7be-9a5dfde42038: start FollowerState
2019-09-05 18:57:06,349 [pool-77-thread-1] INFO  util.JmxRegister (JmxRegister.java:tryRegister(44)) - Successfully registered JMX Bean with object name Ratis:service=RaftServer,group=group-0C369E276DC3,id=0f826b7c-7306-45ba-b7be-9a5dfde42038
2019-09-05 18:57:06,361 [RatisPipelineUtilsThread] INFO  pipeline.PipelineStateManager (PipelineStateManager.java:addPipeline(56)) - Created pipeline Pipeline[ Id: 6a85aa6c-8694-4e61-bf36-0c369e276dc3, Nodes: 0f826b7c-7306-45ba-b7be-9a5dfde42038{ip: 192.168.36.80, host: pr-hdds-1982-decom-states-p4sss-1559755178, networkLocation: /default-rack, certSerialId: null}, Type:RATIS, Factor:ONE, State:OPEN]
2019-09-05 18:57:06,383 [grpc-default-executor-0] INFO  impl.RaftServerProxy (RaftServerProxy.java:addNew(89)) - 79090cb8-f5e7-4b44-aaee-2ebde45eb251: addNew group-5D5A61542980:[79090cb8-f5e7-4b44-aaee-2ebde45eb251:192.168.36.80:45184] returns group-5D5A61542980:java.util.concurrent.CompletableFuture@470e8275[Not completed]
2019-09-05 18:57:06,387 [pool-47-thread-1] INFO  impl.RaftServerImpl (RaftServerImpl.java:<init>(93)) - 79090cb8-f5e7-4b44-aaee-2ebde45eb251: new RaftServerImpl for group-5D5A61542980:[79090cb8-f5e7-4b44-aaee-2ebde45eb251:192.168.36.80:45184] with ContainerStateMachine:uninitialized
2019-09-05 18:57:06,387 [pool-47-thread-1] INFO  server.RaftServerConfigKeys (ConfUtils.java:logGet(43)) - raft.server.rpc.timeout.min = 5s (custom)
2019-09-05 18:57:06,387 [pool-47-thread-1] INFO  server.RaftServerConfigKeys (ConfUtils.java:logGet(43)) - raft.server.rpc.timeout.max = 5200ms (custom)
2019-09-05 18:57:06,388 [pool-47-thread-1] INFO  server.RaftServerConfigKeys (ConfUtils.java:logGet(43)) - raft.server.rpcslowness.timeout = 120s (custom)
2019-09-05 18:57:06,388 [pool-47-thread-1] INFO  server.RaftServerConfigKeys (ConfUtils.java:logGet(43)) - raft.server.sleep.deviation.threshold = 300 (default)
2019-09-05 18:57:06,388 [pool-47-thread-1] INFO  server.RaftServerConfigKeys (ConfUtils.java:logGet(43)) - raft.server.log.appender.install.snapshot.enabled = false (custom)
2019-09-05 18:57:06,388 [pool-47-thread-1] INFO  impl.RaftServerImpl (ServerState.java:<init>(105)) - 79090cb8-f5e7-4b44-aaee-2ebde45eb251:group-5D5A61542980 ConfigurationManager, init=-1: [79090cb8-f5e7-4b44-aaee-2ebde45eb251:192.168.36.80:45184], old=null, confs=<EMPTY_MAP>
2019-09-05 18:57:06,388 [pool-47-thread-1] INFO  server.RaftServerConfigKeys (ConfUtils.java:logGet(43)) - raft.server.storage.dir = [/workdir/hadoop-ozone/integration-test/target/test-dir/MiniOzoneClusterImpl-756306cc-38d8-43d8-837b-a337f9b5af48/datanode-2/data/ratis] (custom)
2019-09-05 18:57:06,389 [pool-47-thread-1] INFO  storage.RaftStorageDirectory (RaftStorageDirectory.java:analyzeStorage(246)) - The storage directory /workdir/hadoop-ozone/integration-test/target/test-dir/MiniOzoneClusterImpl-756306cc-38d8-43d8-837b-a337f9b5af48/datanode-2/data/ratis/72459296-21d5-4b49-a973-5d5a61542980 does not exist. Creating ...
2019-09-05 18:57:06,405 [pool-47-thread-1] INFO  storage.RaftStorageDirectory (RaftStorageDirectory.java:tryLock(328)) - Lock on /workdir/hadoop-ozone/integration-test/target/test-dir/MiniOzoneClusterImpl-756306cc-38d8-43d8-837b-a337f9b5af48/datanode-2/data/ratis/72459296-21d5-4b49-a973-5d5a61542980/in_use.lock acquired by nodename 23431@pr-hdds-1982-decom-states-p4sss-1559755178
2019-09-05 18:57:06,422 [pool-47-thread-1] INFO  storage.RaftStorage (RaftStorage.java:format(72)) - Storage directory /workdir/hadoop-ozone/integration-test/target/test-dir/MiniOzoneClusterImpl-756306cc-38d8-43d8-837b-a337f9b5af48/datanode-2/data/ratis/72459296-21d5-4b49-a973-5d5a61542980 has been successfully formatted.
2019-09-05 18:57:06,422 [pool-47-thread-1] INFO  ratis.ContainerStateMachine (ContainerStateMachine.java:loadSnapshot(227)) - group-5D5A61542980: The snapshot info is null. Setting the last applied indexto:(t:0, i:~)
2019-09-05 18:57:06,422 [pool-47-thread-1] INFO  server.RaftServerConfigKeys (ConfUtils.java:logGet(43)) - raft.server.leader.election.timeout = 120s (custom)
2019-09-05 18:57:06,422 [pool-47-thread-1] INFO  server.RaftServerConfigKeys (ConfUtils.java:logGet(43)) - raft.server.log.use.memory = false (default)
2019-09-05 18:57:06,423 [pool-47-thread-1] INFO  server.RaftServerConfigKeys (ConfUtils.java:logGet(43)) - raft.server.log.purge.gap = 1000000 (custom)
2019-09-05 18:57:06,423 [pool-47-thread-1] INFO  server.RaftServerConfigKeys (ConfUtils.java:logGet(43)) - raft.server.log.appender.buffer.byte-limit = 33554432 (custom)
2019-09-05 18:57:06,423 [pool-47-thread-1] INFO  server.RaftServerConfigKeys (ConfUtils.java:logGet(43)) - raft.server.log.segment.size.max = 1048576 (custom)
2019-09-05 18:57:06,423 [pool-47-thread-1] INFO  server.RaftServerConfigKeys (ConfUtils.java:logGet(43)) - raft.server.log.segment.cache.num.max = 2 (custom)
2019-09-05 18:57:06,423 [pool-47-thread-1] INFO  segmented.SegmentedRaftLogWorker (SegmentedRaftLogWorker.java:<init>(172)) - new 79090cb8-f5e7-4b44-aaee-2ebde45eb251-SegmentedRaftLogWorker:Storage Directory /workdir/hadoop-ozone/integration-test/target/test-dir/MiniOzoneClusterImpl-756306cc-38d8-43d8-837b-a337f9b5af48/datanode-2/data/ratis/72459296-21d5-4b49-a973-5d5a61542980 for RaftStorage:Storage Directory /workdir/hadoop-ozone/integration-test/target/test-dir/MiniOzoneClusterImpl-756306cc-38d8-43d8-837b-a337f9b5af48/datanode-2/data/ratis/72459296-21d5-4b49-a973-5d5a61542980
2019-09-05 18:57:06,423 [pool-47-thread-1] INFO  server.RaftServerConfigKeys (ConfUtils.java:logGet(43)) - raft.server.log.queue.byte-limit = 2147483647 (custom)
2019-09-05 18:57:06,424 [pool-47-thread-1] INFO  server.RaftServerConfigKeys (ConfUtils.java:logGet(43)) - raft.server.log.queue.element-limit = 1024 (custom)
2019-09-05 18:57:06,424 [pool-47-thread-1] INFO  server.RaftServerConfigKeys (ConfUtils.java:logGet(43)) - raft.server.log.segment.size.max = 1048576 (custom)
2019-09-05 18:57:06,424 [pool-47-thread-1] INFO  server.RaftServerConfigKeys (ConfUtils.java:logGet(43)) - raft.server.log.preallocated.size = 16384 (custom)
2019-09-05 18:57:06,424 [pool-47-thread-1] INFO  server.RaftServerConfigKeys (ConfUtils.java:logGet(43)) - raft.server.log.write.buffer.size = 33554432 (custom)
2019-09-05 18:57:06,424 [pool-47-thread-1] INFO  server.RaftServerConfigKeys (ConfUtils.java:logGet(43)) - raft.server.log.force.sync.num = 128 (default)
2019-09-05 18:57:06,424 [pool-47-thread-1] INFO  server.RaftServerConfigKeys (ConfUtils.java:logGet(43)) - raft.server.log.statemachine.data.sync = true (default)
2019-09-05 18:57:06,424 [pool-47-thread-1] INFO  server.RaftServerConfigKeys (ConfUtils.java:logGet(43)) - raft.server.log.statemachine.data.sync.timeout = 10s (default)
2019-09-05 18:57:06,424 [pool-47-thread-1] INFO  server.RaftServerConfigKeys (ConfUtils.java:logGet(43)) - raft.server.log.statemachine.data.sync.timeout.retry = -1 (default)
2019-09-05 18:57:06,425 [pool-47-thread-1] INFO  server.RaftServerConfigKeys (ConfUtils.java:logGet(43)) - raft.server.log.statemachine.data.caching.enabled = true (custom)
2019-09-05 18:57:06,425 [pool-47-thread-1] INFO  segmented.SegmentedRaftLogWorker (SegmentedRaftLogWorker.java:lambda$new$0(132)) - 79090cb8-f5e7-4b44-aaee-2ebde45eb251-SegmentedRaftLogWorker:Storage Directory /workdir/hadoop-ozone/integration-test/target/test-dir/MiniOzoneClusterImpl-756306cc-38d8-43d8-837b-a337f9b5af48/datanode-2/data/ratis/72459296-21d5-4b49-a973-5d5a61542980: flushIndex: setUnconditionally 0 -> -1
2019-09-05 18:57:06,425 [pool-47-thread-1] INFO  server.RaftServerConfigKeys (ConfUtils.java:logGet(43)) - raft.server.snapshot.auto.trigger.enabled = true (custom)
2019-09-05 18:57:06,425 [pool-47-thread-1] INFO  server.RaftServerConfigKeys (ConfUtils.java:logGet(43)) - raft.server.snapshot.auto.trigger.threshold = 10000 (custom)
2019-09-05 18:57:06,426 [pool-47-thread-1] INFO  server.RaftServerConfigKeys (ConfUtils.java:logGet(43)) - raft.server.retrycache.expirytime = 600000ms (custom)
2019-09-05 18:57:06,426 [pool-47-thread-1] INFO  impl.RaftServerImpl (RaftServerImpl.java:start(180)) - 79090cb8-f5e7-4b44-aaee-2ebde45eb251: start group-5D5A61542980
2019-09-05 18:57:06,426 [pool-47-thread-1] INFO  impl.RaftServerImpl (RaftServerImpl.java:setRole(171)) - 79090cb8-f5e7-4b44-aaee-2ebde45eb251:group-5D5A61542980 changes role from null to FOLLOWER at term 0 for startAsFollower
2019-09-05 18:57:06,426 [pool-47-thread-1] INFO  impl.RoleInfo (RoleInfo.java:updateAndGet(143)) - 79090cb8-f5e7-4b44-aaee-2ebde45eb251: start FollowerState
2019-09-05 18:57:06,426 [pool-47-thread-1] INFO  util.JmxRegister (JmxRegister.java:tryRegister(44)) - Successfully registered JMX Bean with object name Ratis:service=RaftServer,group=group-5D5A61542980,id=79090cb8-f5e7-4b44-aaee-2ebde45eb251
2019-09-05 18:57:06,440 [RatisPipelineUtilsThread] INFO  pipeline.PipelineStateManager (PipelineStateManager.java:addPipeline(56)) - Created pipeline Pipeline[ Id: 72459296-21d5-4b49-a973-5d5a61542980, Nodes: 79090cb8-f5e7-4b44-aaee-2ebde45eb251{ip: 192.168.36.80, host: pr-hdds-1982-decom-states-p4sss-1559755178, networkLocation: /default-rack, certSerialId: null}, Type:RATIS, Factor:ONE, State:OPEN]
2019-09-05 18:57:06,459 [grpc-default-executor-0] INFO  impl.RaftServerProxy (RaftServerProxy.java:addNew(89)) - 46b03db0-c675-49fd-bd7a-1255508e2ed6: addNew group-AED7DD294947:[46b03db0-c675-49fd-bd7a-1255508e2ed6:192.168.36.80:33280] returns group-AED7DD294947:java.util.concurrent.CompletableFuture@3d7b70e9[Not completed]
2019-09-05 18:57:06,461 [pool-37-thread-1] INFO  impl.RaftServerImpl (RaftServerImpl.java:<init>(93)) - 46b03db0-c675-49fd-bd7a-1255508e2ed6: new RaftServerImpl for group-AED7DD294947:[46b03db0-c675-49fd-bd7a-1255508e2ed6:192.168.36.80:33280] with ContainerStateMachine:uninitialized
2019-09-05 18:57:06,462 [pool-37-thread-1] INFO  server.RaftServerConfigKeys (ConfUtils.java:logGet(43)) - raft.server.rpc.timeout.min = 5s (custom)
2019-09-05 18:57:06,462 [pool-37-thread-1] INFO  server.RaftServerConfigKeys (ConfUtils.java:logGet(43)) - raft.server.rpc.timeout.max = 5200ms (custom)
2019-09-05 18:57:06,462 [pool-37-thread-1] INFO  server.RaftServerConfigKeys (ConfUtils.java:logGet(43)) - raft.server.rpcslowness.timeout = 120s (custom)
2019-09-05 18:57:06,462 [pool-37-thread-1] INFO  server.RaftServerConfigKeys (ConfUtils.java:logGet(43)) - raft.server.sleep.deviation.threshold = 300 (default)
2019-09-05 18:57:06,462 [pool-37-thread-1] INFO  server.RaftServerConfigKeys (ConfUtils.java:logGet(43)) - raft.server.log.appender.install.snapshot.enabled = false (custom)
2019-09-05 18:57:06,462 [pool-37-thread-1] INFO  impl.RaftServerImpl (ServerState.java:<init>(105)) - 46b03db0-c675-49fd-bd7a-1255508e2ed6:group-AED7DD294947 ConfigurationManager, init=-1: [46b03db0-c675-49fd-bd7a-1255508e2ed6:192.168.36.80:33280], old=null, confs=<EMPTY_MAP>
2019-09-05 18:57:06,463 [pool-37-thread-1] INFO  server.RaftServerConfigKeys (ConfUtils.java:logGet(43)) - raft.server.storage.dir = [/workdir/hadoop-ozone/integration-test/target/test-dir/MiniOzoneClusterImpl-756306cc-38d8-43d8-837b-a337f9b5af48/datanode-1/data/ratis] (custom)
2019-09-05 18:57:06,463 [pool-37-thread-1] INFO  storage.RaftStorageDirectory (RaftStorageDirectory.java:analyzeStorage(246)) - The storage directory /workdir/hadoop-ozone/integration-test/target/test-dir/MiniOzoneClusterImpl-756306cc-38d8-43d8-837b-a337f9b5af48/datanode-1/data/ratis/7c831eb2-b8e5-44d3-92bf-aed7dd294947 does not exist. Creating ...
2019-09-05 18:57:06,479 [pool-37-thread-1] INFO  storage.RaftStorageDirectory (RaftStorageDirectory.java:tryLock(328)) - Lock on /workdir/hadoop-ozone/integration-test/target/test-dir/MiniOzoneClusterImpl-756306cc-38d8-43d8-837b-a337f9b5af48/datanode-1/data/ratis/7c831eb2-b8e5-44d3-92bf-aed7dd294947/in_use.lock acquired by nodename 23431@pr-hdds-1982-decom-states-p4sss-1559755178
2019-09-05 18:57:06,492 [pool-37-thread-1] INFO  storage.RaftStorage (RaftStorage.java:format(72)) - Storage directory /workdir/hadoop-ozone/integration-test/target/test-dir/MiniOzoneClusterImpl-756306cc-38d8-43d8-837b-a337f9b5af48/datanode-1/data/ratis/7c831eb2-b8e5-44d3-92bf-aed7dd294947 has been successfully formatted.
2019-09-05 18:57:06,492 [pool-37-thread-1] INFO  ratis.ContainerStateMachine (ContainerStateMachine.java:loadSnapshot(227)) - group-AED7DD294947: The snapshot info is null. Setting the last applied indexto:(t:0, i:~)
2019-09-05 18:57:06,492 [pool-37-thread-1] INFO  server.RaftServerConfigKeys (ConfUtils.java:logGet(43)) - raft.server.leader.election.timeout = 120s (custom)
2019-09-05 18:57:06,493 [pool-37-thread-1] INFO  server.RaftServerConfigKeys (ConfUtils.java:logGet(43)) - raft.server.log.use.memory = false (default)
2019-09-05 18:57:06,493 [pool-37-thread-1] INFO  server.RaftServerConfigKeys (ConfUtils.java:logGet(43)) - raft.server.log.purge.gap = 1000000 (custom)
2019-09-05 18:57:06,493 [pool-37-thread-1] INFO  server.RaftServerConfigKeys (ConfUtils.java:logGet(43)) - raft.server.log.appender.buffer.byte-limit = 33554432 (custom)
2019-09-05 18:57:06,493 [pool-37-thread-1] INFO  server.RaftServerConfigKeys (ConfUtils.java:logGet(43)) - raft.server.log.segment.size.max = 1048576 (custom)
2019-09-05 18:57:06,493 [pool-37-thread-1] INFO  server.RaftServerConfigKeys (ConfUtils.java:logGet(43)) - raft.server.log.segment.cache.num.max = 2 (custom)
2019-09-05 18:57:06,493 [pool-37-thread-1] INFO  segmented.SegmentedRaftLogWorker (SegmentedRaftLogWorker.java:<init>(172)) - new 46b03db0-c675-49fd-bd7a-1255508e2ed6-SegmentedRaftLogWorker:Storage Directory /workdir/hadoop-ozone/integration-test/target/test-dir/MiniOzoneClusterImpl-756306cc-38d8-43d8-837b-a337f9b5af48/datanode-1/data/ratis/7c831eb2-b8e5-44d3-92bf-aed7dd294947 for RaftStorage:Storage Directory /workdir/hadoop-ozone/integration-test/target/test-dir/MiniOzoneClusterImpl-756306cc-38d8-43d8-837b-a337f9b5af48/datanode-1/data/ratis/7c831eb2-b8e5-44d3-92bf-aed7dd294947
2019-09-05 18:57:06,494 [pool-37-thread-1] INFO  server.RaftServerConfigKeys (ConfUtils.java:logGet(43)) - raft.server.log.queue.byte-limit = 2147483647 (custom)
2019-09-05 18:57:06,494 [pool-37-thread-1] INFO  server.RaftServerConfigKeys (ConfUtils.java:logGet(43)) - raft.server.log.queue.element-limit = 1024 (custom)
2019-09-05 18:57:06,494 [pool-37-thread-1] INFO  server.RaftServerConfigKeys (ConfUtils.java:logGet(43)) - raft.server.log.segment.size.max = 1048576 (custom)
2019-09-05 18:57:06,494 [pool-37-thread-1] INFO  server.RaftServerConfigKeys (ConfUtils.java:logGet(43)) - raft.server.log.preallocated.size = 16384 (custom)
2019-09-05 18:57:06,494 [pool-37-thread-1] INFO  server.RaftServerConfigKeys (ConfUtils.java:logGet(43)) - raft.server.log.write.buffer.size = 33554432 (custom)
2019-09-05 18:57:06,495 [pool-37-thread-1] INFO  server.RaftServerConfigKeys (ConfUtils.java:logGet(43)) - raft.server.log.force.sync.num = 128 (default)
2019-09-05 18:57:06,495 [pool-37-thread-1] INFO  server.RaftServerConfigKeys (ConfUtils.java:logGet(43)) - raft.server.log.statemachine.data.sync = true (default)
2019-09-05 18:57:06,495 [pool-37-thread-1] INFO  server.RaftServerConfigKeys (ConfUtils.java:logGet(43)) - raft.server.log.statemachine.data.sync.timeout = 10s (default)
2019-09-05 18:57:06,495 [pool-37-thread-1] INFO  server.RaftServerConfigKeys (ConfUtils.java:logGet(43)) - raft.server.log.statemachine.data.sync.timeout.retry = -1 (default)
2019-09-05 18:57:06,496 [pool-37-thread-1] INFO  server.RaftServerConfigKeys (ConfUtils.java:logGet(43)) - raft.server.log.statemachine.data.caching.enabled = true (custom)
2019-09-05 18:57:06,496 [pool-37-thread-1] INFO  segmented.SegmentedRaftLogWorker (SegmentedRaftLogWorker.java:lambda$new$0(132)) - 46b03db0-c675-49fd-bd7a-1255508e2ed6-SegmentedRaftLogWorker:Storage Directory /workdir/hadoop-ozone/integration-test/target/test-dir/MiniOzoneClusterImpl-756306cc-38d8-43d8-837b-a337f9b5af48/datanode-1/data/ratis/7c831eb2-b8e5-44d3-92bf-aed7dd294947: flushIndex: setUnconditionally 0 -> -1
2019-09-05 18:57:06,496 [pool-37-thread-1] INFO  server.RaftServerConfigKeys (ConfUtils.java:logGet(43)) - raft.server.snapshot.auto.trigger.enabled = true (custom)
2019-09-05 18:57:06,497 [pool-37-thread-1] INFO  server.RaftServerConfigKeys (ConfUtils.java:logGet(43)) - raft.server.snapshot.auto.trigger.threshold = 10000 (custom)
2019-09-05 18:57:06,497 [pool-37-thread-1] INFO  server.RaftServerConfigKeys (ConfUtils.java:logGet(43)) - raft.server.retrycache.expirytime = 600000ms (custom)
2019-09-05 18:57:06,497 [pool-37-thread-1] INFO  impl.RaftServerImpl (RaftServerImpl.java:start(180)) - 46b03db0-c675-49fd-bd7a-1255508e2ed6: start group-AED7DD294947
2019-09-05 18:57:06,497 [pool-37-thread-1] INFO  impl.RaftServerImpl (RaftServerImpl.java:setRole(171)) - 46b03db0-c675-49fd-bd7a-1255508e2ed6:group-AED7DD294947 changes role from null to FOLLOWER at term 0 for startAsFollower
2019-09-05 18:57:06,497 [pool-37-thread-1] INFO  impl.RoleInfo (RoleInfo.java:updateAndGet(143)) - 46b03db0-c675-49fd-bd7a-1255508e2ed6: start FollowerState
2019-09-05 18:57:06,498 [pool-37-thread-1] INFO  util.JmxRegister (JmxRegister.java:tryRegister(44)) - Successfully registered JMX Bean with object name Ratis:service=RaftServer,group=group-AED7DD294947,id=46b03db0-c675-49fd-bd7a-1255508e2ed6
2019-09-05 18:57:06,516 [RatisPipelineUtilsThread] INFO  pipeline.PipelineStateManager (PipelineStateManager.java:addPipeline(56)) - Created pipeline Pipeline[ Id: 7c831eb2-b8e5-44d3-92bf-aed7dd294947, Nodes: 46b03db0-c675-49fd-bd7a-1255508e2ed6{ip: 192.168.36.80, host: pr-hdds-1982-decom-states-p4sss-1559755178, networkLocation: /default-rack, certSerialId: null}, Type:RATIS, Factor:ONE, State:OPEN]
2019-09-05 18:57:06,553 [grpc-default-executor-1] INFO  impl.RaftServerProxy (RaftServerProxy.java:addNew(89)) - 48a61b03-e918-494d-8f69-dadad5c74fd2: addNew group-FFD99A53A4E8:[0332e08e-0f90-4d8d-a222-34b10266ec2f:192.168.36.80:42363, b82aff16-802a-4dfd-a62c-cd44f21195ba:192.168.36.80:33927, 48a61b03-e918-494d-8f69-dadad5c74fd2:192.168.36.80:44287] returns group-FFD99A53A4E8:java.util.concurrent.CompletableFuture@7c5385c7[Not completed]
2019-09-05 18:57:06,556 [grpc-default-executor-1] INFO  impl.RaftServerProxy (RaftServerProxy.java:addNew(89)) - 0332e08e-0f90-4d8d-a222-34b10266ec2f: addNew group-FFD99A53A4E8:[0332e08e-0f90-4d8d-a222-34b10266ec2f:192.168.36.80:42363, b82aff16-802a-4dfd-a62c-cd44f21195ba:192.168.36.80:33927, 48a61b03-e918-494d-8f69-dadad5c74fd2:192.168.36.80:44287] returns group-FFD99A53A4E8:java.util.concurrent.CompletableFuture@39510429[Not completed]
2019-09-05 18:57:06,557 [grpc-default-executor-0] INFO  impl.RaftServerProxy (RaftServerProxy.java:addNew(89)) - b82aff16-802a-4dfd-a62c-cd44f21195ba: addNew group-FFD99A53A4E8:[0332e08e-0f90-4d8d-a222-34b10266ec2f:192.168.36.80:42363, b82aff16-802a-4dfd-a62c-cd44f21195ba:192.168.36.80:33927, 48a61b03-e918-494d-8f69-dadad5c74fd2:192.168.36.80:44287] returns group-FFD99A53A4E8:java.util.concurrent.CompletableFuture@702eb320[Not completed]
2019-09-05 18:57:06,557 [pool-27-thread-1] INFO  impl.RaftServerImpl (RaftServerImpl.java:<init>(93)) - 48a61b03-e918-494d-8f69-dadad5c74fd2: new RaftServerImpl for group-FFD99A53A4E8:[0332e08e-0f90-4d8d-a222-34b10266ec2f:192.168.36.80:42363, b82aff16-802a-4dfd-a62c-cd44f21195ba:192.168.36.80:33927, 48a61b03-e918-494d-8f69-dadad5c74fd2:192.168.36.80:44287] with ContainerStateMachine:uninitialized
2019-09-05 18:57:06,557 [pool-27-thread-1] INFO  server.RaftServerConfigKeys (ConfUtils.java:logGet(43)) - raft.server.rpc.timeout.min = 5s (custom)
2019-09-05 18:57:06,557 [pool-27-thread-1] INFO  server.RaftServerConfigKeys (ConfUtils.java:logGet(43)) - raft.server.rpc.timeout.max = 5200ms (custom)
2019-09-05 18:57:06,557 [pool-27-thread-1] INFO  server.RaftServerConfigKeys (ConfUtils.java:logGet(43)) - raft.server.rpcslowness.timeout = 120s (custom)
2019-09-05 18:57:06,558 [pool-27-thread-1] INFO  server.RaftServerConfigKeys (ConfUtils.java:logGet(43)) - raft.server.sleep.deviation.threshold = 300 (default)
2019-09-05 18:57:06,558 [pool-27-thread-1] INFO  server.RaftServerConfigKeys (ConfUtils.java:logGet(43)) - raft.server.log.appender.install.snapshot.enabled = false (custom)
2019-09-05 18:57:06,558 [pool-27-thread-1] INFO  impl.RaftServerImpl (ServerState.java:<init>(105)) - 48a61b03-e918-494d-8f69-dadad5c74fd2:group-FFD99A53A4E8 ConfigurationManager, init=-1: [0332e08e-0f90-4d8d-a222-34b10266ec2f:192.168.36.80:42363, b82aff16-802a-4dfd-a62c-cd44f21195ba:192.168.36.80:33927, 48a61b03-e918-494d-8f69-dadad5c74fd2:192.168.36.80:44287], old=null, confs=<EMPTY_MAP>
2019-09-05 18:57:06,558 [pool-27-thread-1] INFO  server.RaftServerConfigKeys (ConfUtils.java:logGet(43)) - raft.server.storage.dir = [/workdir/hadoop-ozone/integration-test/target/test-dir/MiniOzoneClusterImpl-756306cc-38d8-43d8-837b-a337f9b5af48/datanode-0/data/ratis] (custom)
2019-09-05 18:57:06,558 [pool-87-thread-1] INFO  impl.RaftServerImpl (RaftServerImpl.java:<init>(93)) - 0332e08e-0f90-4d8d-a222-34b10266ec2f: new RaftServerImpl for group-FFD99A53A4E8:[0332e08e-0f90-4d8d-a222-34b10266ec2f:192.168.36.80:42363, b82aff16-802a-4dfd-a62c-cd44f21195ba:192.168.36.80:33927, 48a61b03-e918-494d-8f69-dadad5c74fd2:192.168.36.80:44287] with ContainerStateMachine:uninitialized
2019-09-05 18:57:06,558 [pool-87-thread-1] INFO  server.RaftServerConfigKeys (ConfUtils.java:logGet(43)) - raft.server.rpc.timeout.min = 5s (custom)
2019-09-05 18:57:06,559 [pool-27-thread-1] INFO  storage.RaftStorageDirectory (RaftStorageDirectory.java:analyzeStorage(246)) - The storage directory /workdir/hadoop-ozone/integration-test/target/test-dir/MiniOzoneClusterImpl-756306cc-38d8-43d8-837b-a337f9b5af48/datanode-0/data/ratis/11668a67-d255-433f-ab5d-ffd99a53a4e8 does not exist. Creating ...
2019-09-05 18:57:06,559 [pool-87-thread-1] INFO  server.RaftServerConfigKeys (ConfUtils.java:logGet(43)) - raft.server.rpc.timeout.max = 5200ms (custom)
2019-09-05 18:57:06,559 [pool-87-thread-1] INFO  server.RaftServerConfigKeys (ConfUtils.java:logGet(43)) - raft.server.rpcslowness.timeout = 120s (custom)
2019-09-05 18:57:06,559 [pool-57-thread-1] INFO  impl.RaftServerImpl (RaftServerImpl.java:<init>(93)) - b82aff16-802a-4dfd-a62c-cd44f21195ba: new RaftServerImpl for group-FFD99A53A4E8:[0332e08e-0f90-4d8d-a222-34b10266ec2f:192.168.36.80:42363, b82aff16-802a-4dfd-a62c-cd44f21195ba:192.168.36.80:33927, 48a61b03-e918-494d-8f69-dadad5c74fd2:192.168.36.80:44287] with ContainerStateMachine:uninitialized
2019-09-05 18:57:06,559 [pool-87-thread-1] INFO  server.RaftServerConfigKeys (ConfUtils.java:logGet(43)) - raft.server.sleep.deviation.threshold = 300 (default)
2019-09-05 18:57:06,559 [pool-57-thread-1] INFO  server.RaftServerConfigKeys (ConfUtils.java:logGet(43)) - raft.server.rpc.timeout.min = 5s (custom)
2019-09-05 18:57:06,559 [pool-87-thread-1] INFO  server.RaftServerConfigKeys (ConfUtils.java:logGet(43)) - raft.server.log.appender.install.snapshot.enabled = false (custom)
2019-09-05 18:57:06,559 [pool-57-thread-1] INFO  server.RaftServerConfigKeys (ConfUtils.java:logGet(43)) - raft.server.rpc.timeout.max = 5200ms (custom)
2019-09-05 18:57:06,560 [pool-87-thread-1] INFO  impl.RaftServerImpl (ServerState.java:<init>(105)) - 0332e08e-0f90-4d8d-a222-34b10266ec2f:group-FFD99A53A4E8 ConfigurationManager, init=-1: [0332e08e-0f90-4d8d-a222-34b10266ec2f:192.168.36.80:42363, b82aff16-802a-4dfd-a62c-cd44f21195ba:192.168.36.80:33927, 48a61b03-e918-494d-8f69-dadad5c74fd2:192.168.36.80:44287], old=null, confs=<EMPTY_MAP>
2019-09-05 18:57:06,560 [pool-57-thread-1] INFO  server.RaftServerConfigKeys (ConfUtils.java:logGet(43)) - raft.server.rpcslowness.timeout = 120s (custom)
2019-09-05 18:57:06,560 [pool-57-thread-1] INFO  server.RaftServerConfigKeys (ConfUtils.java:logGet(43)) - raft.server.sleep.deviation.threshold = 300 (default)
2019-09-05 18:57:06,560 [pool-87-thread-1] INFO  server.RaftServerConfigKeys (ConfUtils.java:logGet(43)) - raft.server.storage.dir = [/workdir/hadoop-ozone/integration-test/target/test-dir/MiniOzoneClusterImpl-756306cc-38d8-43d8-837b-a337f9b5af48/datanode-6/data/ratis] (custom)
2019-09-05 18:57:06,560 [pool-57-thread-1] INFO  server.RaftServerConfigKeys (ConfUtils.java:logGet(43)) - raft.server.log.appender.install.snapshot.enabled = false (custom)
2019-09-05 18:57:06,560 [pool-57-thread-1] INFO  impl.RaftServerImpl (ServerState.java:<init>(105)) - b82aff16-802a-4dfd-a62c-cd44f21195ba:group-FFD99A53A4E8 ConfigurationManager, init=-1: [0332e08e-0f90-4d8d-a222-34b10266ec2f:192.168.36.80:42363, b82aff16-802a-4dfd-a62c-cd44f21195ba:192.168.36.80:33927, 48a61b03-e918-494d-8f69-dadad5c74fd2:192.168.36.80:44287], old=null, confs=<EMPTY_MAP>
2019-09-05 18:57:06,560 [pool-87-thread-1] INFO  storage.RaftStorageDirectory (RaftStorageDirectory.java:analyzeStorage(246)) - The storage directory /workdir/hadoop-ozone/integration-test/target/test-dir/MiniOzoneClusterImpl-756306cc-38d8-43d8-837b-a337f9b5af48/datanode-6/data/ratis/11668a67-d255-433f-ab5d-ffd99a53a4e8 does not exist. Creating ...
2019-09-05 18:57:06,560 [pool-57-thread-1] INFO  server.RaftServerConfigKeys (ConfUtils.java:logGet(43)) - raft.server.storage.dir = [/workdir/hadoop-ozone/integration-test/target/test-dir/MiniOzoneClusterImpl-756306cc-38d8-43d8-837b-a337f9b5af48/datanode-3/data/ratis] (custom)
2019-09-05 18:57:06,561 [pool-57-thread-1] INFO  storage.RaftStorageDirectory (RaftStorageDirectory.java:analyzeStorage(246)) - The storage directory /workdir/hadoop-ozone/integration-test/target/test-dir/MiniOzoneClusterImpl-756306cc-38d8-43d8-837b-a337f9b5af48/datanode-3/data/ratis/11668a67-d255-433f-ab5d-ffd99a53a4e8 does not exist. Creating ...
2019-09-05 18:57:06,573 [pool-57-thread-1] INFO  storage.RaftStorageDirectory (RaftStorageDirectory.java:tryLock(328)) - Lock on /workdir/hadoop-ozone/integration-test/target/test-dir/MiniOzoneClusterImpl-756306cc-38d8-43d8-837b-a337f9b5af48/datanode-3/data/ratis/11668a67-d255-433f-ab5d-ffd99a53a4e8/in_use.lock acquired by nodename 23431@pr-hdds-1982-decom-states-p4sss-1559755178
2019-09-05 18:57:06,573 [pool-27-thread-1] INFO  storage.RaftStorageDirectory (RaftStorageDirectory.java:tryLock(328)) - Lock on /workdir/hadoop-ozone/integration-test/target/test-dir/MiniOzoneClusterImpl-756306cc-38d8-43d8-837b-a337f9b5af48/datanode-0/data/ratis/11668a67-d255-433f-ab5d-ffd99a53a4e8/in_use.lock acquired by nodename 23431@pr-hdds-1982-decom-states-p4sss-1559755178
2019-09-05 18:57:06,573 [pool-87-thread-1] INFO  storage.RaftStorageDirectory (RaftStorageDirectory.java:tryLock(328)) - Lock on /workdir/hadoop-ozone/integration-test/target/test-dir/MiniOzoneClusterImpl-756306cc-38d8-43d8-837b-a337f9b5af48/datanode-6/data/ratis/11668a67-d255-433f-ab5d-ffd99a53a4e8/in_use.lock acquired by nodename 23431@pr-hdds-1982-decom-states-p4sss-1559755178
2019-09-05 18:57:06,586 [pool-27-thread-1] INFO  storage.RaftStorage (RaftStorage.java:format(72)) - Storage directory /workdir/hadoop-ozone/integration-test/target/test-dir/MiniOzoneClusterImpl-756306cc-38d8-43d8-837b-a337f9b5af48/datanode-0/data/ratis/11668a67-d255-433f-ab5d-ffd99a53a4e8 has been successfully formatted.
2019-09-05 18:57:06,586 [pool-57-thread-1] INFO  storage.RaftStorage (RaftStorage.java:format(72)) - Storage directory /workdir/hadoop-ozone/integration-test/target/test-dir/MiniOzoneClusterImpl-756306cc-38d8-43d8-837b-a337f9b5af48/datanode-3/data/ratis/11668a67-d255-433f-ab5d-ffd99a53a4e8 has been successfully formatted.
2019-09-05 18:57:06,586 [pool-87-thread-1] INFO  storage.RaftStorage (RaftStorage.java:format(72)) - Storage directory /workdir/hadoop-ozone/integration-test/target/test-dir/MiniOzoneClusterImpl-756306cc-38d8-43d8-837b-a337f9b5af48/datanode-6/data/ratis/11668a67-d255-433f-ab5d-ffd99a53a4e8 has been successfully formatted.
2019-09-05 18:57:06,587 [pool-27-thread-1] INFO  ratis.ContainerStateMachine (ContainerStateMachine.java:loadSnapshot(227)) - group-FFD99A53A4E8: The snapshot info is null. Setting the last applied indexto:(t:0, i:~)
2019-09-05 18:57:06,587 [pool-57-thread-1] INFO  ratis.ContainerStateMachine (ContainerStateMachine.java:loadSnapshot(227)) - group-FFD99A53A4E8: The snapshot info is null. Setting the last applied indexto:(t:0, i:~)
2019-09-05 18:57:06,587 [pool-87-thread-1] INFO  ratis.ContainerStateMachine (ContainerStateMachine.java:loadSnapshot(227)) - group-FFD99A53A4E8: The snapshot info is null. Setting the last applied indexto:(t:0, i:~)
2019-09-05 18:57:06,587 [pool-27-thread-1] INFO  server.RaftServerConfigKeys (ConfUtils.java:logGet(43)) - raft.server.leader.election.timeout = 120s (custom)
2019-09-05 18:57:06,587 [pool-87-thread-1] INFO  server.RaftServerConfigKeys (ConfUtils.java:logGet(43)) - raft.server.leader.election.timeout = 120s (custom)
2019-09-05 18:57:06,587 [pool-57-thread-1] INFO  server.RaftServerConfigKeys (ConfUtils.java:logGet(43)) - raft.server.leader.election.timeout = 120s (custom)
2019-09-05 18:57:06,587 [pool-87-thread-1] INFO  server.RaftServerConfigKeys (ConfUtils.java:logGet(43)) - raft.server.log.use.memory = false (default)
2019-09-05 18:57:06,587 [pool-27-thread-1] INFO  server.RaftServerConfigKeys (ConfUtils.java:logGet(43)) - raft.server.log.use.memory = false (default)
2019-09-05 18:57:06,588 [pool-87-thread-1] INFO  server.RaftServerConfigKeys (ConfUtils.java:logGet(43)) - raft.server.log.purge.gap = 1000000 (custom)
2019-09-05 18:57:06,588 [pool-57-thread-1] INFO  server.RaftServerConfigKeys (ConfUtils.java:logGet(43)) - raft.server.log.use.memory = false (default)
2019-09-05 18:57:06,588 [pool-87-thread-1] INFO  server.RaftServerConfigKeys (ConfUtils.java:logGet(43)) - raft.server.log.appender.buffer.byte-limit = 33554432 (custom)
2019-09-05 18:57:06,588 [pool-27-thread-1] INFO  server.RaftServerConfigKeys (ConfUtils.java:logGet(43)) - raft.server.log.purge.gap = 1000000 (custom)
2019-09-05 18:57:06,588 [pool-87-thread-1] INFO  server.RaftServerConfigKeys (ConfUtils.java:logGet(43)) - raft.server.log.segment.size.max = 1048576 (custom)
2019-09-05 18:57:06,588 [pool-57-thread-1] INFO  server.RaftServerConfigKeys (ConfUtils.java:logGet(43)) - raft.server.log.purge.gap = 1000000 (custom)
2019-09-05 18:57:06,589 [pool-87-thread-1] INFO  server.RaftServerConfigKeys (ConfUtils.java:logGet(43)) - raft.server.log.segment.cache.num.max = 2 (custom)
2019-09-05 18:57:06,588 [pool-27-thread-1] INFO  server.RaftServerConfigKeys (ConfUtils.java:logGet(43)) - raft.server.log.appender.buffer.byte-limit = 33554432 (custom)
2019-09-05 18:57:06,589 [pool-87-thread-1] INFO  segmented.SegmentedRaftLogWorker (SegmentedRaftLogWorker.java:<init>(172)) - new 0332e08e-0f90-4d8d-a222-34b10266ec2f-SegmentedRaftLogWorker:Storage Directory /workdir/hadoop-ozone/integration-test/target/test-dir/MiniOzoneClusterImpl-756306cc-38d8-43d8-837b-a337f9b5af48/datanode-6/data/ratis/11668a67-d255-433f-ab5d-ffd99a53a4e8 for RaftStorage:Storage Directory /workdir/hadoop-ozone/integration-test/target/test-dir/MiniOzoneClusterImpl-756306cc-38d8-43d8-837b-a337f9b5af48/datanode-6/data/ratis/11668a67-d255-433f-ab5d-ffd99a53a4e8
2019-09-05 18:57:06,589 [pool-57-thread-1] INFO  server.RaftServerConfigKeys (ConfUtils.java:logGet(43)) - raft.server.log.appender.buffer.byte-limit = 33554432 (custom)
2019-09-05 18:57:06,589 [pool-87-thread-1] INFO  server.RaftServerConfigKeys (ConfUtils.java:logGet(43)) - raft.server.log.queue.byte-limit = 2147483647 (custom)
2019-09-05 18:57:06,589 [pool-27-thread-1] INFO  server.RaftServerConfigKeys (ConfUtils.java:logGet(43)) - raft.server.log.segment.size.max = 1048576 (custom)
2019-09-05 18:57:06,591 [pool-87-thread-1] INFO  server.RaftServerConfigKeys (ConfUtils.java:logGet(43)) - raft.server.log.queue.element-limit = 1024 (custom)
2019-09-05 18:57:06,591 [pool-57-thread-1] INFO  server.RaftServerConfigKeys (ConfUtils.java:logGet(43)) - raft.server.log.segment.size.max = 1048576 (custom)
2019-09-05 18:57:06,592 [pool-87-thread-1] INFO  server.RaftServerConfigKeys (ConfUtils.java:logGet(43)) - raft.server.log.segment.size.max = 1048576 (custom)
2019-09-05 18:57:06,591 [pool-27-thread-1] INFO  server.RaftServerConfigKeys (ConfUtils.java:logGet(43)) - raft.server.log.segment.cache.num.max = 2 (custom)
2019-09-05 18:57:06,592 [pool-87-thread-1] INFO  server.RaftServerConfigKeys (ConfUtils.java:logGet(43)) - raft.server.log.preallocated.size = 16384 (custom)
2019-09-05 18:57:06,592 [pool-57-thread-1] INFO  server.RaftServerConfigKeys (ConfUtils.java:logGet(43)) - raft.server.log.segment.cache.num.max = 2 (custom)
2019-09-05 18:57:06,592 [pool-87-thread-1] INFO  server.RaftServerConfigKeys (ConfUtils.java:logGet(43)) - raft.server.log.write.buffer.size = 33554432 (custom)
2019-09-05 18:57:06,592 [pool-27-thread-1] INFO  segmented.SegmentedRaftLogWorker (SegmentedRaftLogWorker.java:<init>(172)) - new 48a61b03-e918-494d-8f69-dadad5c74fd2-SegmentedRaftLogWorker:Storage Directory /workdir/hadoop-ozone/integration-test/target/test-dir/MiniOzoneClusterImpl-756306cc-38d8-43d8-837b-a337f9b5af48/datanode-0/data/ratis/11668a67-d255-433f-ab5d-ffd99a53a4e8 for RaftStorage:Storage Directory /workdir/hadoop-ozone/integration-test/target/test-dir/MiniOzoneClusterImpl-756306cc-38d8-43d8-837b-a337f9b5af48/datanode-0/data/ratis/11668a67-d255-433f-ab5d-ffd99a53a4e8
2019-09-05 18:57:06,592 [pool-87-thread-1] INFO  server.RaftServerConfigKeys (ConfUtils.java:logGet(43)) - raft.server.log.force.sync.num = 128 (default)
2019-09-05 18:57:06,592 [pool-57-thread-1] INFO  segmented.SegmentedRaftLogWorker (SegmentedRaftLogWorker.java:<init>(172)) - new b82aff16-802a-4dfd-a62c-cd44f21195ba-SegmentedRaftLogWorker:Storage Directory /workdir/hadoop-ozone/integration-test/target/test-dir/MiniOzoneClusterImpl-756306cc-38d8-43d8-837b-a337f9b5af48/datanode-3/data/ratis/11668a67-d255-433f-ab5d-ffd99a53a4e8 for RaftStorage:Storage Directory /workdir/hadoop-ozone/integration-test/target/test-dir/MiniOzoneClusterImpl-756306cc-38d8-43d8-837b-a337f9b5af48/datanode-3/data/ratis/11668a67-d255-433f-ab5d-ffd99a53a4e8
2019-09-05 18:57:06,592 [pool-87-thread-1] INFO  server.RaftServerConfigKeys (ConfUtils.java:logGet(43)) - raft.server.log.statemachine.data.sync = true (default)
2019-09-05 18:57:06,592 [pool-27-thread-1] INFO  server.RaftServerConfigKeys (ConfUtils.java:logGet(43)) - raft.server.log.queue.byte-limit = 2147483647 (custom)
2019-09-05 18:57:06,595 [pool-87-thread-1] INFO  server.RaftServerConfigKeys (ConfUtils.java:logGet(43)) - raft.server.log.statemachine.data.sync.timeout = 10s (default)
2019-09-05 18:57:06,594 [pool-57-thread-1] INFO  server.RaftServerConfigKeys (ConfUtils.java:logGet(43)) - raft.server.log.queue.byte-limit = 2147483647 (custom)
2019-09-05 18:57:06,597 [pool-87-thread-1] INFO  server.RaftServerConfigKeys (ConfUtils.java:logGet(43)) - raft.server.log.statemachine.data.sync.timeout.retry = -1 (default)
2019-09-05 18:57:06,596 [pool-27-thread-1] INFO  server.RaftServerConfigKeys (ConfUtils.java:logGet(43)) - raft.server.log.queue.element-limit = 1024 (custom)
2019-09-05 18:57:06,597 [pool-57-thread-1] INFO  server.RaftServerConfigKeys (ConfUtils.java:logGet(43)) - raft.server.log.queue.element-limit = 1024 (custom)
2019-09-05 18:57:06,597 [pool-27-thread-1] INFO  server.RaftServerConfigKeys (ConfUtils.java:logGet(43)) - raft.server.log.segment.size.max = 1048576 (custom)
2019-09-05 18:57:06,597 [pool-87-thread-1] INFO  server.RaftServerConfigKeys (ConfUtils.java:logGet(43)) - raft.server.log.statemachine.data.caching.enabled = true (custom)
2019-09-05 18:57:06,597 [pool-27-thread-1] INFO  server.RaftServerConfigKeys (ConfUtils.java:logGet(43)) - raft.server.log.preallocated.size = 16384 (custom)
2019-09-05 18:57:06,597 [pool-57-thread-1] INFO  server.RaftServerConfigKeys (ConfUtils.java:logGet(43)) - raft.server.log.segment.size.max = 1048576 (custom)
2019-09-05 18:57:06,597 [pool-27-thread-1] INFO  server.RaftServerConfigKeys (ConfUtils.java:logGet(43)) - raft.server.log.write.buffer.size = 33554432 (custom)
2019-09-05 18:57:06,598 [pool-87-thread-1] INFO  segmented.SegmentedRaftLogWorker (SegmentedRaftLogWorker.java:lambda$new$0(132)) - 0332e08e-0f90-4d8d-a222-34b10266ec2f-SegmentedRaftLogWorker:Storage Directory /workdir/hadoop-ozone/integration-test/target/test-dir/MiniOzoneClusterImpl-756306cc-38d8-43d8-837b-a337f9b5af48/datanode-6/data/ratis/11668a67-d255-433f-ab5d-ffd99a53a4e8: flushIndex: setUnconditionally 0 -> -1
2019-09-05 18:57:06,598 [pool-57-thread-1] INFO  server.RaftServerConfigKeys (ConfUtils.java:logGet(43)) - raft.server.log.preallocated.size = 16384 (custom)
2019-09-05 18:57:06,598 [pool-27-thread-1] INFO  server.RaftServerConfigKeys (ConfUtils.java:logGet(43)) - raft.server.log.force.sync.num = 128 (default)
2019-09-05 18:57:06,598 [pool-57-thread-1] INFO  server.RaftServerConfigKeys (ConfUtils.java:logGet(43)) - raft.server.log.write.buffer.size = 33554432 (custom)
2019-09-05 18:57:06,598 [pool-87-thread-1] INFO  server.RaftServerConfigKeys (ConfUtils.java:logGet(43)) - raft.server.snapshot.auto.trigger.enabled = true (custom)
2019-09-05 18:57:06,598 [pool-27-thread-1] INFO  server.RaftServerConfigKeys (ConfUtils.java:logGet(43)) - raft.server.log.statemachine.data.sync = true (default)
2019-09-05 18:57:06,598 [pool-87-thread-1] INFO  server.RaftServerConfigKeys (ConfUtils.java:logGet(43)) - raft.server.snapshot.auto.trigger.threshold = 10000 (custom)
2019-09-05 18:57:06,598 [pool-57-thread-1] INFO  server.RaftServerConfigKeys (ConfUtils.java:logGet(43)) - raft.server.log.force.sync.num = 128 (default)
2019-09-05 18:57:06,598 [pool-27-thread-1] INFO  server.RaftServerConfigKeys (ConfUtils.java:logGet(43)) - raft.server.log.statemachine.data.sync.timeout = 10s (default)
2019-09-05 18:57:06,599 [pool-87-thread-1] INFO  server.RaftServerConfigKeys (ConfUtils.java:logGet(43)) - raft.server.retrycache.expirytime = 600000ms (custom)
2019-09-05 18:57:06,599 [pool-57-thread-1] INFO  server.RaftServerConfigKeys (ConfUtils.java:logGet(43)) - raft.server.log.statemachine.data.sync = true (default)
2019-09-05 18:57:06,599 [pool-27-thread-1] INFO  server.RaftServerConfigKeys (ConfUtils.java:logGet(43)) - raft.server.log.statemachine.data.sync.timeout.retry = -1 (default)
2019-09-05 18:57:06,599 [pool-57-thread-1] INFO  server.RaftServerConfigKeys (ConfUtils.java:logGet(43)) - raft.server.log.statemachine.data.sync.timeout = 10s (default)
2019-09-05 18:57:06,599 [pool-87-thread-1] INFO  impl.RaftServerImpl (RaftServerImpl.java:start(180)) - 0332e08e-0f90-4d8d-a222-34b10266ec2f: start group-FFD99A53A4E8
2019-09-05 18:57:06,599 [pool-57-thread-1] INFO  server.RaftServerConfigKeys (ConfUtils.java:logGet(43)) - raft.server.log.statemachine.data.sync.timeout.retry = -1 (default)
2019-09-05 18:57:06,599 [pool-27-thread-1] INFO  server.RaftServerConfigKeys (ConfUtils.java:logGet(43)) - raft.server.log.statemachine.data.caching.enabled = true (custom)
2019-09-05 18:57:06,599 [pool-57-thread-1] INFO  server.RaftServerConfigKeys (ConfUtils.java:logGet(43)) - raft.server.log.statemachine.data.caching.enabled = true (custom)
2019-09-05 18:57:06,599 [pool-87-thread-1] INFO  impl.RaftServerImpl (RaftServerImpl.java:setRole(171)) - 0332e08e-0f90-4d8d-a222-34b10266ec2f:group-FFD99A53A4E8 changes role from null to FOLLOWER at term 0 for startAsFollower
2019-09-05 18:57:06,600 [pool-27-thread-1] INFO  segmented.SegmentedRaftLogWorker (SegmentedRaftLogWorker.java:lambda$new$0(132)) - 48a61b03-e918-494d-8f69-dadad5c74fd2-SegmentedRaftLogWorker:Storage Directory /workdir/hadoop-ozone/integration-test/target/test-dir/MiniOzoneClusterImpl-756306cc-38d8-43d8-837b-a337f9b5af48/datanode-0/data/ratis/11668a67-d255-433f-ab5d-ffd99a53a4e8: flushIndex: setUnconditionally 0 -> -1
2019-09-05 18:57:06,600 [pool-87-thread-1] INFO  impl.RoleInfo (RoleInfo.java:updateAndGet(143)) - 0332e08e-0f90-4d8d-a222-34b10266ec2f: start FollowerState
2019-09-05 18:57:06,600 [pool-57-thread-1] INFO  segmented.SegmentedRaftLogWorker (SegmentedRaftLogWorker.java:lambda$new$0(132)) - b82aff16-802a-4dfd-a62c-cd44f21195ba-SegmentedRaftLogWorker:Storage Directory /workdir/hadoop-ozone/integration-test/target/test-dir/MiniOzoneClusterImpl-756306cc-38d8-43d8-837b-a337f9b5af48/datanode-3/data/ratis/11668a67-d255-433f-ab5d-ffd99a53a4e8: flushIndex: setUnconditionally 0 -> -1
2019-09-05 18:57:06,600 [pool-27-thread-1] INFO  server.RaftServerConfigKeys (ConfUtils.java:logGet(43)) - raft.server.snapshot.auto.trigger.enabled = true (custom)
2019-09-05 18:57:06,600 [pool-27-thread-1] INFO  server.RaftServerConfigKeys (ConfUtils.java:logGet(43)) - raft.server.snapshot.auto.trigger.threshold = 10000 (custom)
2019-09-05 18:57:06,600 [pool-57-thread-1] INFO  server.RaftServerConfigKeys (ConfUtils.java:logGet(43)) - raft.server.snapshot.auto.trigger.enabled = true (custom)
2019-09-05 18:57:06,600 [pool-27-thread-1] INFO  server.RaftServerConfigKeys (ConfUtils.java:logGet(43)) - raft.server.retrycache.expirytime = 600000ms (custom)
2019-09-05 18:57:06,600 [pool-87-thread-1] INFO  util.JmxRegister (JmxRegister.java:tryRegister(44)) - Successfully registered JMX Bean with object name Ratis:service=RaftServer,group=group-FFD99A53A4E8,id=0332e08e-0f90-4d8d-a222-34b10266ec2f
2019-09-05 18:57:06,600 [pool-27-thread-1] INFO  impl.RaftServerImpl (RaftServerImpl.java:start(180)) - 48a61b03-e918-494d-8f69-dadad5c74fd2: start group-FFD99A53A4E8
2019-09-05 18:57:06,600 [pool-57-thread-1] INFO  server.RaftServerConfigKeys (ConfUtils.java:logGet(43)) - raft.server.snapshot.auto.trigger.threshold = 10000 (custom)
2019-09-05 18:57:06,600 [pool-27-thread-1] INFO  impl.RaftServerImpl (RaftServerImpl.java:setRole(171)) - 48a61b03-e918-494d-8f69-dadad5c74fd2:group-FFD99A53A4E8 changes role from null to FOLLOWER at term 0 for startAsFollower
2019-09-05 18:57:06,601 [pool-57-thread-1] INFO  server.RaftServerConfigKeys (ConfUtils.java:logGet(43)) - raft.server.retrycache.expirytime = 600000ms (custom)
2019-09-05 18:57:06,601 [pool-27-thread-1] INFO  impl.RoleInfo (RoleInfo.java:updateAndGet(143)) - 48a61b03-e918-494d-8f69-dadad5c74fd2: start FollowerState
2019-09-05 18:57:06,601 [pool-57-thread-1] INFO  impl.RaftServerImpl (RaftServerImpl.java:start(180)) - b82aff16-802a-4dfd-a62c-cd44f21195ba: start group-FFD99A53A4E8
2019-09-05 18:57:06,601 [pool-57-thread-1] INFO  impl.RaftServerImpl (RaftServerImpl.java:setRole(171)) - b82aff16-802a-4dfd-a62c-cd44f21195ba:group-FFD99A53A4E8 changes role from null to FOLLOWER at term 0 for startAsFollower
2019-09-05 18:57:06,601 [pool-27-thread-1] INFO  util.JmxRegister (JmxRegister.java:tryRegister(44)) - Successfully registered JMX Bean with object name Ratis:service=RaftServer,group=group-FFD99A53A4E8,id=48a61b03-e918-494d-8f69-dadad5c74fd2
2019-09-05 18:57:06,601 [pool-57-thread-1] INFO  impl.RoleInfo (RoleInfo.java:updateAndGet(143)) - b82aff16-802a-4dfd-a62c-cd44f21195ba: start FollowerState
2019-09-05 18:57:06,602 [pool-57-thread-1] INFO  util.JmxRegister (JmxRegister.java:tryRegister(44)) - Successfully registered JMX Bean with object name Ratis:service=RaftServer,group=group-FFD99A53A4E8,id=b82aff16-802a-4dfd-a62c-cd44f21195ba
2019-09-05 18:57:06,626 [RatisPipelineUtilsThread] INFO  pipeline.PipelineStateManager (PipelineStateManager.java:addPipeline(56)) - Created pipeline Pipeline[ Id: 11668a67-d255-433f-ab5d-ffd99a53a4e8, Nodes: 48a61b03-e918-494d-8f69-dadad5c74fd2{ip: 192.168.36.80, host: pr-hdds-1982-decom-states-p4sss-1559755178, networkLocation: /default-rack, certSerialId: null}b82aff16-802a-4dfd-a62c-cd44f21195ba{ip: 192.168.36.80, host: pr-hdds-1982-decom-states-p4sss-1559755178, networkLocation: /default-rack, certSerialId: null}0332e08e-0f90-4d8d-a222-34b10266ec2f{ip: 192.168.36.80, host: pr-hdds-1982-decom-states-p4sss-1559755178, networkLocation: /default-rack, certSerialId: null}, Type:RATIS, Factor:THREE, State:OPEN]
2019-09-05 18:57:06,654 [grpc-default-executor-0] INFO  impl.RaftServerProxy (RaftServerProxy.java:addNew(89)) - 0f826b7c-7306-45ba-b7be-9a5dfde42038: addNew group-FAE588026D8F:[79090cb8-f5e7-4b44-aaee-2ebde45eb251:192.168.36.80:45184, d945711b-809b-4fa4-8f0a-c5e7e27fd03f:192.168.36.80:33144, 0f826b7c-7306-45ba-b7be-9a5dfde42038:192.168.36.80:44293] returns group-FAE588026D8F:java.util.concurrent.CompletableFuture@32c5b6a3[Not completed]
2019-09-05 18:57:06,655 [grpc-default-executor-2] INFO  impl.RaftServerProxy (RaftServerProxy.java:addNew(89)) - d945711b-809b-4fa4-8f0a-c5e7e27fd03f: addNew group-FAE588026D8F:[79090cb8-f5e7-4b44-aaee-2ebde45eb251:192.168.36.80:45184, d945711b-809b-4fa4-8f0a-c5e7e27fd03f:192.168.36.80:33144, 0f826b7c-7306-45ba-b7be-9a5dfde42038:192.168.36.80:44293] returns group-FAE588026D8F:java.util.concurrent.CompletableFuture@7b00f0d[Not completed]
2019-09-05 18:57:06,657 [grpc-default-executor-0] INFO  impl.RaftServerProxy (RaftServerProxy.java:addNew(89)) - 79090cb8-f5e7-4b44-aaee-2ebde45eb251: addNew group-FAE588026D8F:[79090cb8-f5e7-4b44-aaee-2ebde45eb251:192.168.36.80:45184, d945711b-809b-4fa4-8f0a-c5e7e27fd03f:192.168.36.80:33144, 0f826b7c-7306-45ba-b7be-9a5dfde42038:192.168.36.80:44293] returns group-FAE588026D8F:java.util.concurrent.CompletableFuture@7ae37762[Not completed]
2019-09-05 18:57:06,659 [pool-77-thread-1] INFO  impl.RaftServerImpl (RaftServerImpl.java:<init>(93)) - 0f826b7c-7306-45ba-b7be-9a5dfde42038: new RaftServerImpl for group-FAE588026D8F:[79090cb8-f5e7-4b44-aaee-2ebde45eb251:192.168.36.80:45184, d945711b-809b-4fa4-8f0a-c5e7e27fd03f:192.168.36.80:33144, 0f826b7c-7306-45ba-b7be-9a5dfde42038:192.168.36.80:44293] with ContainerStateMachine:uninitialized
2019-09-05 18:57:06,659 [pool-77-thread-1] INFO  server.RaftServerConfigKeys (ConfUtils.java:logGet(43)) - raft.server.rpc.timeout.min = 5s (custom)
2019-09-05 18:57:06,659 [pool-77-thread-1] INFO  server.RaftServerConfigKeys (ConfUtils.java:logGet(43)) - raft.server.rpc.timeout.max = 5200ms (custom)
2019-09-05 18:57:06,659 [pool-47-thread-1] INFO  impl.RaftServerImpl (RaftServerImpl.java:<init>(93)) - 79090cb8-f5e7-4b44-aaee-2ebde45eb251: new RaftServerImpl for group-FAE588026D8F:[79090cb8-f5e7-4b44-aaee-2ebde45eb251:192.168.36.80:45184, d945711b-809b-4fa4-8f0a-c5e7e27fd03f:192.168.36.80:33144, 0f826b7c-7306-45ba-b7be-9a5dfde42038:192.168.36.80:44293] with ContainerStateMachine:uninitialized
2019-09-05 18:57:06,659 [pool-77-thread-1] INFO  server.RaftServerConfigKeys (ConfUtils.java:logGet(43)) - raft.server.rpcslowness.timeout = 120s (custom)
2019-09-05 18:57:06,660 [pool-47-thread-1] INFO  server.RaftServerConfigKeys (ConfUtils.java:logGet(43)) - raft.server.rpc.timeout.min = 5s (custom)
2019-09-05 18:57:06,660 [pool-77-thread-1] INFO  server.RaftServerConfigKeys (ConfUtils.java:logGet(43)) - raft.server.sleep.deviation.threshold = 300 (default)
2019-09-05 18:57:06,660 [pool-47-thread-1] INFO  server.RaftServerConfigKeys (ConfUtils.java:logGet(43)) - raft.server.rpc.timeout.max = 5200ms (custom)
2019-09-05 18:57:06,660 [pool-77-thread-1] INFO  server.RaftServerConfigKeys (ConfUtils.java:logGet(43)) - raft.server.log.appender.install.snapshot.enabled = false (custom)
2019-09-05 18:57:06,660 [pool-47-thread-1] INFO  server.RaftServerConfigKeys (ConfUtils.java:logGet(43)) - raft.server.rpcslowness.timeout = 120s (custom)
2019-09-05 18:57:06,660 [pool-77-thread-1] INFO  impl.RaftServerImpl (ServerState.java:<init>(105)) - 0f826b7c-7306-45ba-b7be-9a5dfde42038:group-FAE588026D8F ConfigurationManager, init=-1: [79090cb8-f5e7-4b44-aaee-2ebde45eb251:192.168.36.80:45184, d945711b-809b-4fa4-8f0a-c5e7e27fd03f:192.168.36.80:33144, 0f826b7c-7306-45ba-b7be-9a5dfde42038:192.168.36.80:44293], old=null, confs=<EMPTY_MAP>
2019-09-05 18:57:06,660 [pool-47-thread-1] INFO  server.RaftServerConfigKeys (ConfUtils.java:logGet(43)) - raft.server.sleep.deviation.threshold = 300 (default)
2019-09-05 18:57:06,660 [pool-67-thread-1] INFO  impl.RaftServerImpl (RaftServerImpl.java:<init>(93)) - d945711b-809b-4fa4-8f0a-c5e7e27fd03f: new RaftServerImpl for group-FAE588026D8F:[79090cb8-f5e7-4b44-aaee-2ebde45eb251:192.168.36.80:45184, d945711b-809b-4fa4-8f0a-c5e7e27fd03f:192.168.36.80:33144, 0f826b7c-7306-45ba-b7be-9a5dfde42038:192.168.36.80:44293] with ContainerStateMachine:uninitialized
2019-09-05 18:57:06,660 [pool-77-thread-1] INFO  server.RaftServerConfigKeys (ConfUtils.java:logGet(43)) - raft.server.storage.dir = [/workdir/hadoop-ozone/integration-test/target/test-dir/MiniOzoneClusterImpl-756306cc-38d8-43d8-837b-a337f9b5af48/datanode-5/data/ratis] (custom)
2019-09-05 18:57:06,660 [pool-47-thread-1] INFO  server.RaftServerConfigKeys (ConfUtils.java:logGet(43)) - raft.server.log.appender.install.snapshot.enabled = false (custom)
2019-09-05 18:57:06,661 [pool-67-thread-1] INFO  server.RaftServerConfigKeys (ConfUtils.java:logGet(43)) - raft.server.rpc.timeout.min = 5s (custom)
2019-09-05 18:57:06,661 [pool-47-thread-1] INFO  impl.RaftServerImpl (ServerState.java:<init>(105)) - 79090cb8-f5e7-4b44-aaee-2ebde45eb251:group-FAE588026D8F ConfigurationManager, init=-1: [79090cb8-f5e7-4b44-aaee-2ebde45eb251:192.168.36.80:45184, d945711b-809b-4fa4-8f0a-c5e7e27fd03f:192.168.36.80:33144, 0f826b7c-7306-45ba-b7be-9a5dfde42038:192.168.36.80:44293], old=null, confs=<EMPTY_MAP>
2019-09-05 18:57:06,661 [pool-67-thread-1] INFO  server.RaftServerConfigKeys (ConfUtils.java:logGet(43)) - raft.server.rpc.timeout.max = 5200ms (custom)
2019-09-05 18:57:06,661 [pool-77-thread-1] INFO  storage.RaftStorageDirectory (RaftStorageDirectory.java:analyzeStorage(246)) - The storage directory /workdir/hadoop-ozone/integration-test/target/test-dir/MiniOzoneClusterImpl-756306cc-38d8-43d8-837b-a337f9b5af48/datanode-5/data/ratis/d445ed2d-1c81-46f5-ab2d-fae588026d8f does not exist. Creating ...
2019-09-05 18:57:06,661 [pool-47-thread-1] INFO  server.RaftServerConfigKeys (ConfUtils.java:logGet(43)) - raft.server.storage.dir = [/workdir/hadoop-ozone/integration-test/target/test-dir/MiniOzoneClusterImpl-756306cc-38d8-43d8-837b-a337f9b5af48/datanode-2/data/ratis] (custom)
2019-09-05 18:57:06,661 [pool-67-thread-1] INFO  server.RaftServerConfigKeys (ConfUtils.java:logGet(43)) - raft.server.rpcslowness.timeout = 120s (custom)
2019-09-05 18:57:06,661 [pool-67-thread-1] INFO  server.RaftServerConfigKeys (ConfUtils.java:logGet(43)) - raft.server.sleep.deviation.threshold = 300 (default)
2019-09-05 18:57:06,661 [pool-47-thread-1] INFO  storage.RaftStorageDirectory (RaftStorageDirectory.java:analyzeStorage(246)) - The storage directory /workdir/hadoop-ozone/integration-test/target/test-dir/MiniOzoneClusterImpl-756306cc-38d8-43d8-837b-a337f9b5af48/datanode-2/data/ratis/d445ed2d-1c81-46f5-ab2d-fae588026d8f does not exist. Creating ...
2019-09-05 18:57:06,661 [pool-67-thread-1] INFO  server.RaftServerConfigKeys (ConfUtils.java:logGet(43)) - raft.server.log.appender.install.snapshot.enabled = false (custom)
2019-09-05 18:57:06,662 [pool-67-thread-1] INFO  impl.RaftServerImpl (ServerState.java:<init>(105)) - d945711b-809b-4fa4-8f0a-c5e7e27fd03f:group-FAE588026D8F ConfigurationManager, init=-1: [79090cb8-f5e7-4b44-aaee-2ebde45eb251:192.168.36.80:45184, d945711b-809b-4fa4-8f0a-c5e7e27fd03f:192.168.36.80:33144, 0f826b7c-7306-45ba-b7be-9a5dfde42038:192.168.36.80:44293], old=null, confs=<EMPTY_MAP>
2019-09-05 18:57:06,662 [pool-67-thread-1] INFO  server.RaftServerConfigKeys (ConfUtils.java:logGet(43)) - raft.server.storage.dir = [/workdir/hadoop-ozone/integration-test/target/test-dir/MiniOzoneClusterImpl-756306cc-38d8-43d8-837b-a337f9b5af48/datanode-4/data/ratis] (custom)
2019-09-05 18:57:06,662 [pool-67-thread-1] INFO  storage.RaftStorageDirectory (RaftStorageDirectory.java:analyzeStorage(246)) - The storage directory /workdir/hadoop-ozone/integration-test/target/test-dir/MiniOzoneClusterImpl-756306cc-38d8-43d8-837b-a337f9b5af48/datanode-4/data/ratis/d445ed2d-1c81-46f5-ab2d-fae588026d8f does not exist. Creating ...
2019-09-05 18:57:06,675 [pool-67-thread-1] INFO  storage.RaftStorageDirectory (RaftStorageDirectory.java:tryLock(328)) - Lock on /workdir/hadoop-ozone/integration-test/target/test-dir/MiniOzoneClusterImpl-756306cc-38d8-43d8-837b-a337f9b5af48/datanode-4/data/ratis/d445ed2d-1c81-46f5-ab2d-fae588026d8f/in_use.lock acquired by nodename 23431@pr-hdds-1982-decom-states-p4sss-1559755178
2019-09-05 18:57:06,675 [pool-77-thread-1] INFO  storage.RaftStorageDirectory (RaftStorageDirectory.java:tryLock(328)) - Lock on /workdir/hadoop-ozone/integration-test/target/test-dir/MiniOzoneClusterImpl-756306cc-38d8-43d8-837b-a337f9b5af48/datanode-5/data/ratis/d445ed2d-1c81-46f5-ab2d-fae588026d8f/in_use.lock acquired by nodename 23431@pr-hdds-1982-decom-states-p4sss-1559755178
2019-09-05 18:57:06,675 [pool-47-thread-1] INFO  storage.RaftStorageDirectory (RaftStorageDirectory.java:tryLock(328)) - Lock on /workdir/hadoop-ozone/integration-test/target/test-dir/MiniOzoneClusterImpl-756306cc-38d8-43d8-837b-a337f9b5af48/datanode-2/data/ratis/d445ed2d-1c81-46f5-ab2d-fae588026d8f/in_use.lock acquired by nodename 23431@pr-hdds-1982-decom-states-p4sss-1559755178
2019-09-05 18:57:06,688 [pool-47-thread-1] INFO  storage.RaftStorage (RaftStorage.java:format(72)) - Storage directory /workdir/hadoop-ozone/integration-test/target/test-dir/MiniOzoneClusterImpl-756306cc-38d8-43d8-837b-a337f9b5af48/datanode-2/data/ratis/d445ed2d-1c81-46f5-ab2d-fae588026d8f has been successfully formatted.
2019-09-05 18:57:06,688 [pool-67-thread-1] INFO  storage.RaftStorage (RaftStorage.java:format(72)) - Storage directory /workdir/hadoop-ozone/integration-test/target/test-dir/MiniOzoneClusterImpl-756306cc-38d8-43d8-837b-a337f9b5af48/datanode-4/data/ratis/d445ed2d-1c81-46f5-ab2d-fae588026d8f has been successfully formatted.
2019-09-05 18:57:06,688 [pool-47-thread-1] INFO  ratis.ContainerStateMachine (ContainerStateMachine.java:loadSnapshot(227)) - group-FAE588026D8F: The snapshot info is null. Setting the last applied indexto:(t:0, i:~)
2019-09-05 18:57:06,688 [pool-77-thread-1] INFO  storage.RaftStorage (RaftStorage.java:format(72)) - Storage directory /workdir/hadoop-ozone/integration-test/target/test-dir/MiniOzoneClusterImpl-756306cc-38d8-43d8-837b-a337f9b5af48/datanode-5/data/ratis/d445ed2d-1c81-46f5-ab2d-fae588026d8f has been successfully formatted.
2019-09-05 18:57:06,688 [pool-67-thread-1] INFO  ratis.ContainerStateMachine (ContainerStateMachine.java:loadSnapshot(227)) - group-FAE588026D8F: The snapshot info is null. Setting the last applied indexto:(t:0, i:~)
2019-09-05 18:57:06,688 [pool-47-thread-1] INFO  server.RaftServerConfigKeys (ConfUtils.java:logGet(43)) - raft.server.leader.election.timeout = 120s (custom)
2019-09-05 18:57:06,688 [pool-77-thread-1] INFO  ratis.ContainerStateMachine (ContainerStateMachine.java:loadSnapshot(227)) - group-FAE588026D8F: The snapshot info is null. Setting the last applied indexto:(t:0, i:~)
2019-09-05 18:57:06,689 [pool-47-thread-1] INFO  server.RaftServerConfigKeys (ConfUtils.java:logGet(43)) - raft.server.log.use.memory = false (default)
2019-09-05 18:57:06,689 [pool-67-thread-1] INFO  server.RaftServerConfigKeys (ConfUtils.java:logGet(43)) - raft.server.leader.election.timeout = 120s (custom)
2019-09-05 18:57:06,689 [pool-47-thread-1] INFO  server.RaftServerConfigKeys (ConfUtils.java:logGet(43)) - raft.server.log.purge.gap = 1000000 (custom)
2019-09-05 18:57:06,689 [pool-77-thread-1] INFO  server.RaftServerConfigKeys (ConfUtils.java:logGet(43)) - raft.server.leader.election.timeout = 120s (custom)
2019-09-05 18:57:06,689 [pool-47-thread-1] INFO  server.RaftServerConfigKeys (ConfUtils.java:logGet(43)) - raft.server.log.appender.buffer.byte-limit = 33554432 (custom)
2019-09-05 18:57:06,689 [pool-67-thread-1] INFO  server.RaftServerConfigKeys (ConfUtils.java:logGet(43)) - raft.server.log.use.memory = false (default)
2019-09-05 18:57:06,689 [pool-47-thread-1] INFO  server.RaftServerConfigKeys (ConfUtils.java:logGet(43)) - raft.server.log.segment.size.max = 1048576 (custom)
2019-09-05 18:57:06,689 [pool-77-thread-1] INFO  server.RaftServerConfigKeys (ConfUtils.java:logGet(43)) - raft.server.log.use.memory = false (default)
2019-09-05 18:57:06,690 [pool-47-thread-1] INFO  server.RaftServerConfigKeys (ConfUtils.java:logGet(43)) - raft.server.log.segment.cache.num.max = 2 (custom)
2019-09-05 18:57:06,689 [pool-67-thread-1] INFO  server.RaftServerConfigKeys (ConfUtils.java:logGet(43)) - raft.server.log.purge.gap = 1000000 (custom)
2019-09-05 18:57:06,690 [pool-47-thread-1] INFO  segmented.SegmentedRaftLogWorker (SegmentedRaftLogWorker.java:<init>(172)) - new 79090cb8-f5e7-4b44-aaee-2ebde45eb251-SegmentedRaftLogWorker:Storage Directory /workdir/hadoop-ozone/integration-test/target/test-dir/MiniOzoneClusterImpl-756306cc-38d8-43d8-837b-a337f9b5af48/datanode-2/data/ratis/d445ed2d-1c81-46f5-ab2d-fae588026d8f for RaftStorage:Storage Directory /workdir/hadoop-ozone/integration-test/target/test-dir/MiniOzoneClusterImpl-756306cc-38d8-43d8-837b-a337f9b5af48/datanode-2/data/ratis/d445ed2d-1c81-46f5-ab2d-fae588026d8f
2019-09-05 18:57:06,690 [pool-77-thread-1] INFO  server.RaftServerConfigKeys (ConfUtils.java:logGet(43)) - raft.server.log.purge.gap = 1000000 (custom)
2019-09-05 18:57:06,690 [pool-47-thread-1] INFO  server.RaftServerConfigKeys (ConfUtils.java:logGet(43)) - raft.server.log.queue.byte-limit = 2147483647 (custom)
2019-09-05 18:57:06,690 [pool-67-thread-1] INFO  server.RaftServerConfigKeys (ConfUtils.java:logGet(43)) - raft.server.log.appender.buffer.byte-limit = 33554432 (custom)
2019-09-05 18:57:06,692 [pool-47-thread-1] INFO  server.RaftServerConfigKeys (ConfUtils.java:logGet(43)) - raft.server.log.queue.element-limit = 1024 (custom)
2019-09-05 18:57:06,690 [pool-77-thread-1] INFO  server.RaftServerConfigKeys (ConfUtils.java:logGet(43)) - raft.server.log.appender.buffer.byte-limit = 33554432 (custom)
2019-09-05 18:57:06,693 [pool-47-thread-1] INFO  server.RaftServerConfigKeys (ConfUtils.java:logGet(43)) - raft.server.log.segment.size.max = 1048576 (custom)
2019-09-05 18:57:06,693 [pool-47-thread-1] INFO  server.RaftServerConfigKeys (ConfUtils.java:logGet(43)) - raft.server.log.preallocated.size = 16384 (custom)
2019-09-05 18:57:06,693 [pool-67-thread-1] INFO  server.RaftServerConfigKeys (ConfUtils.java:logGet(43)) - raft.server.log.segment.size.max = 1048576 (custom)
2019-09-05 18:57:06,693 [pool-47-thread-1] INFO  server.RaftServerConfigKeys (ConfUtils.java:logGet(43)) - raft.server.log.write.buffer.size = 33554432 (custom)
2019-09-05 18:57:06,693 [pool-77-thread-1] INFO  server.RaftServerConfigKeys (ConfUtils.java:logGet(43)) - raft.server.log.segment.size.max = 1048576 (custom)
2019-09-05 18:57:06,693 [pool-47-thread-1] INFO  server.RaftServerConfigKeys (ConfUtils.java:logGet(43)) - raft.server.log.force.sync.num = 128 (default)
2019-09-05 18:57:06,693 [pool-67-thread-1] INFO  server.RaftServerConfigKeys (ConfUtils.java:logGet(43)) - raft.server.log.segment.cache.num.max = 2 (custom)
2019-09-05 18:57:06,693 [pool-47-thread-1] INFO  server.RaftServerConfigKeys (ConfUtils.java:logGet(43)) - raft.server.log.statemachine.data.sync = true (default)
2019-09-05 18:57:06,693 [pool-77-thread-1] INFO  server.RaftServerConfigKeys (ConfUtils.java:logGet(43)) - raft.server.log.segment.cache.num.max = 2 (custom)
2019-09-05 18:57:06,694 [pool-47-thread-1] INFO  server.RaftServerConfigKeys (ConfUtils.java:logGet(43)) - raft.server.log.statemachine.data.sync.timeout = 10s (default)
2019-09-05 18:57:06,694 [pool-67-thread-1] INFO  segmented.SegmentedRaftLogWorker (SegmentedRaftLogWorker.java:<init>(172)) - new d945711b-809b-4fa4-8f0a-c5e7e27fd03f-SegmentedRaftLogWorker:Storage Directory /workdir/hadoop-ozone/integration-test/target/test-dir/MiniOzoneClusterImpl-756306cc-38d8-43d8-837b-a337f9b5af48/datanode-4/data/ratis/d445ed2d-1c81-46f5-ab2d-fae588026d8f for RaftStorage:Storage Directory /workdir/hadoop-ozone/integration-test/target/test-dir/MiniOzoneClusterImpl-756306cc-38d8-43d8-837b-a337f9b5af48/datanode-4/data/ratis/d445ed2d-1c81-46f5-ab2d-fae588026d8f
2019-09-05 18:57:06,694 [pool-47-thread-1] INFO  server.RaftServerConfigKeys (ConfUtils.java:logGet(43)) - raft.server.log.statemachine.data.sync.timeout.retry = -1 (default)
2019-09-05 18:57:06,694 [pool-77-thread-1] INFO  segmented.SegmentedRaftLogWorker (SegmentedRaftLogWorker.java:<init>(172)) - new 0f826b7c-7306-45ba-b7be-9a5dfde42038-SegmentedRaftLogWorker:Storage Directory /workdir/hadoop-ozone/integration-test/target/test-dir/MiniOzoneClusterImpl-756306cc-38d8-43d8-837b-a337f9b5af48/datanode-5/data/ratis/d445ed2d-1c81-46f5-ab2d-fae588026d8f for RaftStorage:Storage Directory /workdir/hadoop-ozone/integration-test/target/test-dir/MiniOzoneClusterImpl-756306cc-38d8-43d8-837b-a337f9b5af48/datanode-5/data/ratis/d445ed2d-1c81-46f5-ab2d-fae588026d8f
2019-09-05 18:57:06,696 [pool-47-thread-1] INFO  server.RaftServerConfigKeys (ConfUtils.java:logGet(43)) - raft.server.log.statemachine.data.caching.enabled = true (custom)
2019-09-05 18:57:06,694 [pool-67-thread-1] INFO  server.RaftServerConfigKeys (ConfUtils.java:logGet(43)) - raft.server.log.queue.byte-limit = 2147483647 (custom)
2019-09-05 18:57:06,698 [pool-47-thread-1] INFO  segmented.SegmentedRaftLogWorker (SegmentedRaftLogWorker.java:lambda$new$0(132)) - 79090cb8-f5e7-4b44-aaee-2ebde45eb251-SegmentedRaftLogWorker:Storage Directory /workdir/hadoop-ozone/integration-test/target/test-dir/MiniOzoneClusterImpl-756306cc-38d8-43d8-837b-a337f9b5af48/datanode-2/data/ratis/d445ed2d-1c81-46f5-ab2d-fae588026d8f: flushIndex: setUnconditionally 0 -> -1
2019-09-05 18:57:06,696 [pool-77-thread-1] INFO  server.RaftServerConfigKeys (ConfUtils.java:logGet(43)) - raft.server.log.queue.byte-limit = 2147483647 (custom)
2019-09-05 18:57:06,699 [pool-67-thread-1] INFO  server.RaftServerConfigKeys (ConfUtils.java:logGet(43)) - raft.server.log.queue.element-limit = 1024 (custom)
2019-09-05 18:57:06,699 [pool-77-thread-1] INFO  server.RaftServerConfigKeys (ConfUtils.java:logGet(43)) - raft.server.log.queue.element-limit = 1024 (custom)
2019-09-05 18:57:06,699 [pool-67-thread-1] INFO  server.RaftServerConfigKeys (ConfUtils.java:logGet(43)) - raft.server.log.segment.size.max = 1048576 (custom)
2019-09-05 18:57:06,699 [pool-47-thread-1] INFO  server.RaftServerConfigKeys (ConfUtils.java:logGet(43)) - raft.server.snapshot.auto.trigger.enabled = true (custom)
2019-09-05 18:57:06,699 [pool-67-thread-1] INFO  server.RaftServerConfigKeys (ConfUtils.java:logGet(43)) - raft.server.log.preallocated.size = 16384 (custom)
2019-09-05 18:57:06,699 [pool-77-thread-1] INFO  server.RaftServerConfigKeys (ConfUtils.java:logGet(43)) - raft.server.log.segment.size.max = 1048576 (custom)
2019-09-05 18:57:06,700 [pool-67-thread-1] INFO  server.RaftServerConfigKeys (ConfUtils.java:logGet(43)) - raft.server.log.write.buffer.size = 33554432 (custom)
2019-09-05 18:57:06,699 [pool-47-thread-1] INFO  server.RaftServerConfigKeys (ConfUtils.java:logGet(43)) - raft.server.snapshot.auto.trigger.threshold = 10000 (custom)
2019-09-05 18:57:06,700 [pool-67-thread-1] INFO  server.RaftServerConfigKeys (ConfUtils.java:logGet(43)) - raft.server.log.force.sync.num = 128 (default)
2019-09-05 18:57:06,700 [pool-77-thread-1] INFO  server.RaftServerConfigKeys (ConfUtils.java:logGet(43)) - raft.server.log.preallocated.size = 16384 (custom)
2019-09-05 18:57:06,700 [pool-67-thread-1] INFO  server.RaftServerConfigKeys (ConfUtils.java:logGet(43)) - raft.server.log.statemachine.data.sync = true (default)
2019-09-05 18:57:06,700 [pool-47-thread-1] INFO  server.RaftServerConfigKeys (ConfUtils.java:logGet(43)) - raft.server.retrycache.expirytime = 600000ms (custom)
2019-09-05 18:57:06,700 [pool-67-thread-1] INFO  server.RaftServerConfigKeys (ConfUtils.java:logGet(43)) - raft.server.log.statemachine.data.sync.timeout = 10s (default)
2019-09-05 18:57:06,700 [pool-77-thread-1] INFO  server.RaftServerConfigKeys (ConfUtils.java:logGet(43)) - raft.server.log.write.buffer.size = 33554432 (custom)
2019-09-05 18:57:06,701 [pool-67-thread-1] INFO  server.RaftServerConfigKeys (ConfUtils.java:logGet(43)) - raft.server.log.statemachine.data.sync.timeout.retry = -1 (default)
2019-09-05 18:57:06,701 [pool-47-thread-1] INFO  impl.RaftServerImpl (RaftServerImpl.java:start(180)) - 79090cb8-f5e7-4b44-aaee-2ebde45eb251: start group-FAE588026D8F
2019-09-05 18:57:06,701 [pool-77-thread-1] INFO  server.RaftServerConfigKeys (ConfUtils.java:logGet(43)) - raft.server.log.force.sync.num = 128 (default)
2019-09-05 18:57:06,701 [pool-67-thread-1] INFO  server.RaftServerConfigKeys (ConfUtils.java:logGet(43)) - raft.server.log.statemachine.data.caching.enabled = true (custom)
2019-09-05 18:57:06,701 [pool-47-thread-1] INFO  impl.RaftServerImpl (RaftServerImpl.java:setRole(171)) - 79090cb8-f5e7-4b44-aaee-2ebde45eb251:group-FAE588026D8F changes role from null to FOLLOWER at term 0 for startAsFollower
2019-09-05 18:57:06,701 [pool-77-thread-1] INFO  server.RaftServerConfigKeys (ConfUtils.java:logGet(43)) - raft.server.log.statemachine.data.sync = true (default)
2019-09-05 18:57:06,702 [pool-47-thread-1] INFO  impl.RoleInfo (RoleInfo.java:updateAndGet(143)) - 79090cb8-f5e7-4b44-aaee-2ebde45eb251: start FollowerState
2019-09-05 18:57:06,702 [pool-77-thread-1] INFO  server.RaftServerConfigKeys (ConfUtils.java:logGet(43)) - raft.server.log.statemachine.data.sync.timeout = 10s (default)
2019-09-05 18:57:06,702 [pool-67-thread-1] INFO  segmented.SegmentedRaftLogWorker (SegmentedRaftLogWorker.java:lambda$new$0(132)) - d945711b-809b-4fa4-8f0a-c5e7e27fd03f-SegmentedRaftLogWorker:Storage Directory /workdir/hadoop-ozone/integration-test/target/test-dir/MiniOzoneClusterImpl-756306cc-38d8-43d8-837b-a337f9b5af48/datanode-4/data/ratis/d445ed2d-1c81-46f5-ab2d-fae588026d8f: flushIndex: setUnconditionally 0 -> -1
2019-09-05 18:57:06,702 [pool-77-thread-1] INFO  server.RaftServerConfigKeys (ConfUtils.java:logGet(43)) - raft.server.log.statemachine.data.sync.timeout.retry = -1 (default)
2019-09-05 18:57:06,702 [pool-47-thread-1] INFO  util.JmxRegister (JmxRegister.java:tryRegister(44)) - Successfully registered JMX Bean with object name Ratis:service=RaftServer,group=group-FAE588026D8F,id=79090cb8-f5e7-4b44-aaee-2ebde45eb251
2019-09-05 18:57:06,702 [pool-67-thread-1] INFO  server.RaftServerConfigKeys (ConfUtils.java:logGet(43)) - raft.server.snapshot.auto.trigger.enabled = true (custom)
2019-09-05 18:57:06,702 [pool-77-thread-1] INFO  server.RaftServerConfigKeys (ConfUtils.java:logGet(43)) - raft.server.log.statemachine.data.caching.enabled = true (custom)
2019-09-05 18:57:06,703 [pool-67-thread-1] INFO  server.RaftServerConfigKeys (ConfUtils.java:logGet(43)) - raft.server.snapshot.auto.trigger.threshold = 10000 (custom)
2019-09-05 18:57:06,703 [pool-77-thread-1] INFO  segmented.SegmentedRaftLogWorker (SegmentedRaftLogWorker.java:lambda$new$0(132)) - 0f826b7c-7306-45ba-b7be-9a5dfde42038-SegmentedRaftLogWorker:Storage Directory /workdir/hadoop-ozone/integration-test/target/test-dir/MiniOzoneClusterImpl-756306cc-38d8-43d8-837b-a337f9b5af48/datanode-5/data/ratis/d445ed2d-1c81-46f5-ab2d-fae588026d8f: flushIndex: setUnconditionally 0 -> -1
2019-09-05 18:57:06,703 [pool-67-thread-1] INFO  server.RaftServerConfigKeys (ConfUtils.java:logGet(43)) - raft.server.retrycache.expirytime = 600000ms (custom)
2019-09-05 18:57:06,703 [pool-77-thread-1] INFO  server.RaftServerConfigKeys (ConfUtils.java:logGet(43)) - raft.server.snapshot.auto.trigger.enabled = true (custom)
2019-09-05 18:57:06,703 [pool-67-thread-1] INFO  impl.RaftServerImpl (RaftServerImpl.java:start(180)) - d945711b-809b-4fa4-8f0a-c5e7e27fd03f: start group-FAE588026D8F
2019-09-05 18:57:06,703 [pool-77-thread-1] INFO  server.RaftServerConfigKeys (ConfUtils.java:logGet(43)) - raft.server.snapshot.auto.trigger.threshold = 10000 (custom)
2019-09-05 18:57:06,703 [pool-67-thread-1] INFO  impl.RaftServerImpl (RaftServerImpl.java:setRole(171)) - d945711b-809b-4fa4-8f0a-c5e7e27fd03f:group-FAE588026D8F changes role from null to FOLLOWER at term 0 for startAsFollower
2019-09-05 18:57:06,704 [pool-77-thread-1] INFO  server.RaftServerConfigKeys (ConfUtils.java:logGet(43)) - raft.server.retrycache.expirytime = 600000ms (custom)
2019-09-05 18:57:06,704 [pool-67-thread-1] INFO  impl.RoleInfo (RoleInfo.java:updateAndGet(143)) - d945711b-809b-4fa4-8f0a-c5e7e27fd03f: start FollowerState
2019-09-05 18:57:06,706 [pool-77-thread-1] INFO  impl.RaftServerImpl (RaftServerImpl.java:start(180)) - 0f826b7c-7306-45ba-b7be-9a5dfde42038: start group-FAE588026D8F
2019-09-05 18:57:06,706 [pool-77-thread-1] INFO  impl.RaftServerImpl (RaftServerImpl.java:setRole(171)) - 0f826b7c-7306-45ba-b7be-9a5dfde42038:group-FAE588026D8F changes role from null to FOLLOWER at term 0 for startAsFollower
2019-09-05 18:57:06,706 [pool-77-thread-1] INFO  impl.RoleInfo (RoleInfo.java:updateAndGet(143)) - 0f826b7c-7306-45ba-b7be-9a5dfde42038: start FollowerState
2019-09-05 18:57:06,706 [pool-67-thread-1] INFO  util.JmxRegister (JmxRegister.java:tryRegister(44)) - Successfully registered JMX Bean with object name Ratis:service=RaftServer,group=group-FAE588026D8F,id=d945711b-809b-4fa4-8f0a-c5e7e27fd03f
2019-09-05 18:57:06,709 [pool-77-thread-1] INFO  util.JmxRegister (JmxRegister.java:tryRegister(44)) - Successfully registered JMX Bean with object name Ratis:service=RaftServer,group=group-FAE588026D8F,id=0f826b7c-7306-45ba-b7be-9a5dfde42038
2019-09-05 18:57:06,728 [RatisPipelineUtilsThread] INFO  pipeline.PipelineStateManager (PipelineStateManager.java:addPipeline(56)) - Created pipeline Pipeline[ Id: d445ed2d-1c81-46f5-ab2d-fae588026d8f, Nodes: d945711b-809b-4fa4-8f0a-c5e7e27fd03f{ip: 192.168.36.80, host: pr-hdds-1982-decom-states-p4sss-1559755178, networkLocation: /default-rack, certSerialId: null}0f826b7c-7306-45ba-b7be-9a5dfde42038{ip: 192.168.36.80, host: pr-hdds-1982-decom-states-p4sss-1559755178, networkLocation: /default-rack, certSerialId: null}79090cb8-f5e7-4b44-aaee-2ebde45eb251{ip: 192.168.36.80, host: pr-hdds-1982-decom-states-p4sss-1559755178, networkLocation: /default-rack, certSerialId: null}, Type:RATIS, Factor:THREE, State:OPEN]
2019-09-05 18:57:07,239 [grpc-default-executor-0] INFO  client.GrpcClientProtocolClient (GrpcClientProtocolClient.java:onNext(255)) - client-01B2BC296912->48a61b03-e918-494d-8f69-dadad5c74fd2: receive RaftClientReply:client-01B2BC296912->48a61b03-e918-494d-8f69-dadad5c74fd2@group-FFD99A53A4E8, cid=13, FAILED org.apache.ratis.protocol.NotLeaderException: Server 48a61b03-e918-494d-8f69-dadad5c74fd2 is not the leader (null). Request must be sent to leader., logIndex=0, commits[48a61b03-e918-494d-8f69-dadad5c74fd2:c-1]
2019-09-05 18:57:07,804 [Thread-238] INFO  container.ReplicationManager (ReplicationManager.java:start(162)) - Starting Replication Monitor Thread.
2019-09-05 18:57:07,812 [ReplicationMonitor] INFO  container.ReplicationManager (ReplicationManager.java:run(225)) - Replication Monitor Thread took 5 milliseconds for processing 1 containers.
2019-09-05 18:57:08,309 [grpc-default-executor-2] INFO  client.GrpcClientProtocolClient (GrpcClientProtocolClient.java:onNext(255)) - client-01B2BC296912->0332e08e-0f90-4d8d-a222-34b10266ec2f: receive RaftClientReply:client-01B2BC296912->0332e08e-0f90-4d8d-a222-34b10266ec2f@group-FFD99A53A4E8, cid=13, FAILED org.apache.ratis.protocol.NotLeaderException: Server 0332e08e-0f90-4d8d-a222-34b10266ec2f is not the leader (null). Request must be sent to leader., logIndex=0, commits[0332e08e-0f90-4d8d-a222-34b10266ec2f:c-1]
2019-09-05 18:57:09,330 [grpc-default-executor-2] INFO  client.GrpcClientProtocolClient (GrpcClientProtocolClient.java:onNext(255)) - client-01B2BC296912->48a61b03-e918-494d-8f69-dadad5c74fd2: receive RaftClientReply:client-01B2BC296912->48a61b03-e918-494d-8f69-dadad5c74fd2@group-FFD99A53A4E8, cid=13, FAILED org.apache.ratis.protocol.NotLeaderException: Server 48a61b03-e918-494d-8f69-dadad5c74fd2 is not the leader (null). Request must be sent to leader., logIndex=0, commits[48a61b03-e918-494d-8f69-dadad5c74fd2:c-1]
2019-09-05 18:57:10,349 [grpc-default-executor-2] INFO  client.GrpcClientProtocolClient (GrpcClientProtocolClient.java:onNext(255)) - client-01B2BC296912->0332e08e-0f90-4d8d-a222-34b10266ec2f: receive RaftClientReply:client-01B2BC296912->0332e08e-0f90-4d8d-a222-34b10266ec2f@group-FFD99A53A4E8, cid=13, FAILED org.apache.ratis.protocol.NotLeaderException: Server 0332e08e-0f90-4d8d-a222-34b10266ec2f is not the leader (null). Request must be sent to leader., logIndex=0, commits[0332e08e-0f90-4d8d-a222-34b10266ec2f:c-1]
2019-09-05 18:57:11,037 [Thread-243] INFO  impl.FollowerState (FollowerState.java:run(106)) - 48a61b03-e918-494d-8f69-dadad5c74fd2:group-4ACDA5BD2857 changes to CANDIDATE, lastRpcTime:5122, electionTimeout:5122ms
2019-09-05 18:57:11,039 [Thread-243] INFO  impl.RoleInfo (RoleInfo.java:shutdownFollowerState(121)) - 48a61b03-e918-494d-8f69-dadad5c74fd2: shutdown FollowerState
2019-09-05 18:57:11,039 [Thread-243] INFO  impl.RaftServerImpl (RaftServerImpl.java:setRole(171)) - 48a61b03-e918-494d-8f69-dadad5c74fd2:group-4ACDA5BD2857 changes role from FOLLOWER to CANDIDATE at term 0 for changeToCandidate
2019-09-05 18:57:11,045 [Thread-243] INFO  impl.RoleInfo (RoleInfo.java:updateAndGet(143)) - 48a61b03-e918-494d-8f69-dadad5c74fd2: start LeaderElection
2019-09-05 18:57:11,074 [48a61b03-e918-494d-8f69-dadad5c74fd2:group-4ACDA5BD2857:LeaderElection1] INFO  impl.LeaderElection (LeaderElection.java:askForVotes(181)) - 48a61b03-e918-494d-8f69-dadad5c74fd2:group-4ACDA5BD2857:LeaderElection1: begin an election at term 1 for -1: [48a61b03-e918-494d-8f69-dadad5c74fd2:192.168.36.80:44287], old=null
2019-09-05 18:57:11,078 [48a61b03-e918-494d-8f69-dadad5c74fd2:group-4ACDA5BD2857:LeaderElection1] INFO  impl.RoleInfo (RoleInfo.java:shutdownLeaderElection(134)) - 48a61b03-e918-494d-8f69-dadad5c74fd2: shutdown LeaderElection
2019-09-05 18:57:11,079 [48a61b03-e918-494d-8f69-dadad5c74fd2:group-4ACDA5BD2857:LeaderElection1] INFO  impl.RaftServerImpl (RaftServerImpl.java:setRole(171)) - 48a61b03-e918-494d-8f69-dadad5c74fd2:group-4ACDA5BD2857 changes role from CANDIDATE to LEADER at term 1 for changeToLeader
2019-09-05 18:57:11,079 [48a61b03-e918-494d-8f69-dadad5c74fd2:group-4ACDA5BD2857:LeaderElection1] INFO  impl.RaftServerImpl (ServerState.java:setLeader(263)) - 48a61b03-e918-494d-8f69-dadad5c74fd2:group-4ACDA5BD2857 change Leader from null to 48a61b03-e918-494d-8f69-dadad5c74fd2 at term 1 for becomeLeader, leader elected after 5280ms
2019-09-05 18:57:11,085 [48a61b03-e918-494d-8f69-dadad5c74fd2:group-4ACDA5BD2857:LeaderElection1] INFO  server.RaftServerConfigKeys (ConfUtils.java:logGet(43)) - raft.server.staging.catchup.gap = 1000 (default)
2019-09-05 18:57:11,085 [48a61b03-e918-494d-8f69-dadad5c74fd2:group-4ACDA5BD2857:LeaderElection1] INFO  server.RaftServerConfigKeys (ConfUtils.java:logGet(43)) - raft.server.rpc.sleep.time = 25ms (default)
2019-09-05 18:57:11,087 [48a61b03-e918-494d-8f69-dadad5c74fd2:group-4ACDA5BD2857:LeaderElection1] INFO  server.RaftServerConfigKeys (ConfUtils.java:logGet(43)) - raft.server.write.element-limit = 4096 (default)
2019-09-05 18:57:11,089 [48a61b03-e918-494d-8f69-dadad5c74fd2:group-4ACDA5BD2857:LeaderElection1] INFO  server.RaftServerConfigKeys (ConfUtils.java:logGet(43)) - raft.server.watch.timeout = 10s (default)
2019-09-05 18:57:11,089 [48a61b03-e918-494d-8f69-dadad5c74fd2:group-4ACDA5BD2857:LeaderElection1] INFO  server.RaftServerConfigKeys (ConfUtils.java:logGet(43)) - raft.server.watch.timeout.denomination = 1s (default)
2019-09-05 18:57:11,090 [48a61b03-e918-494d-8f69-dadad5c74fd2:group-4ACDA5BD2857:LeaderElection1] INFO  server.RaftServerConfigKeys (ConfUtils.java:logGet(43)) - raft.server.watch.element-limit = 65536 (default)
2019-09-05 18:57:11,097 [48a61b03-e918-494d-8f69-dadad5c74fd2:group-4ACDA5BD2857:LeaderElection1] INFO  impl.RoleInfo (RoleInfo.java:updateAndGet(143)) - 48a61b03-e918-494d-8f69-dadad5c74fd2: start LeaderState
2019-09-05 18:57:11,118 [48a61b03-e918-494d-8f69-dadad5c74fd2:group-4ACDA5BD2857:LeaderElection1] INFO  segmented.SegmentedRaftLogWorker (SegmentedRaftLogWorker.java:startLogSegment(380)) - 48a61b03-e918-494d-8f69-dadad5c74fd2-SegmentedRaftLogWorker:Storage Directory /workdir/hadoop-ozone/integration-test/target/test-dir/MiniOzoneClusterImpl-756306cc-38d8-43d8-837b-a337f9b5af48/datanode-0/data/ratis/fc3cc67a-3cd3-47b8-8434-4acda5bd2857: Starting segment from index:0
2019-09-05 18:57:11,126 [48a61b03-e918-494d-8f69-dadad5c74fd2:group-4ACDA5BD2857:LeaderElection1] INFO  impl.RaftServerImpl (ServerState.java:setRaftConf(361)) - 48a61b03-e918-494d-8f69-dadad5c74fd2:group-4ACDA5BD2857 set configuration 0: [48a61b03-e918-494d-8f69-dadad5c74fd2:192.168.36.80:44287], old=null at 0
2019-09-05 18:57:11,158 [Thread-246] INFO  impl.FollowerState (FollowerState.java:run(106)) - b82aff16-802a-4dfd-a62c-cd44f21195ba:group-4003B8799644 changes to CANDIDATE, lastRpcTime:5062, electionTimeout:5061ms
2019-09-05 18:57:11,160 [Thread-246] INFO  impl.RoleInfo (RoleInfo.java:shutdownFollowerState(121)) - b82aff16-802a-4dfd-a62c-cd44f21195ba: shutdown FollowerState
2019-09-05 18:57:11,161 [Thread-246] INFO  impl.RaftServerImpl (RaftServerImpl.java:setRole(171)) - b82aff16-802a-4dfd-a62c-cd44f21195ba:group-4003B8799644 changes role from FOLLOWER to CANDIDATE at term 0 for changeToCandidate
2019-09-05 18:57:11,161 [Thread-246] INFO  impl.RoleInfo (RoleInfo.java:updateAndGet(143)) - b82aff16-802a-4dfd-a62c-cd44f21195ba: start LeaderElection
2019-09-05 18:57:11,199 [b82aff16-802a-4dfd-a62c-cd44f21195ba:group-4003B8799644:LeaderElection2] INFO  impl.LeaderElection (LeaderElection.java:askForVotes(181)) - b82aff16-802a-4dfd-a62c-cd44f21195ba:group-4003B8799644:LeaderElection2: begin an election at term 1 for -1: [b82aff16-802a-4dfd-a62c-cd44f21195ba:192.168.36.80:33927], old=null
2019-09-05 18:57:11,199 [b82aff16-802a-4dfd-a62c-cd44f21195ba:group-4003B8799644:LeaderElection2] INFO  impl.RoleInfo (RoleInfo.java:shutdownLeaderElection(134)) - b82aff16-802a-4dfd-a62c-cd44f21195ba: shutdown LeaderElection
2019-09-05 18:57:11,200 [b82aff16-802a-4dfd-a62c-cd44f21195ba:group-4003B8799644:LeaderElection2] INFO  impl.RaftServerImpl (RaftServerImpl.java:setRole(171)) - b82aff16-802a-4dfd-a62c-cd44f21195ba:group-4003B8799644 changes role from CANDIDATE to LEADER at term 1 for changeToLeader
2019-09-05 18:57:11,200 [b82aff16-802a-4dfd-a62c-cd44f21195ba:group-4003B8799644:LeaderElection2] INFO  impl.RaftServerImpl (ServerState.java:setLeader(263)) - b82aff16-802a-4dfd-a62c-cd44f21195ba:group-4003B8799644 change Leader from null to b82aff16-802a-4dfd-a62c-cd44f21195ba at term 1 for becomeLeader, leader elected after 5110ms
2019-09-05 18:57:11,202 [b82aff16-802a-4dfd-a62c-cd44f21195ba:group-4003B8799644:LeaderElection2] INFO  server.RaftServerConfigKeys (ConfUtils.java:logGet(43)) - raft.server.staging.catchup.gap = 1000 (default)
2019-09-05 18:57:11,202 [b82aff16-802a-4dfd-a62c-cd44f21195ba:group-4003B8799644:LeaderElection2] INFO  server.RaftServerConfigKeys (ConfUtils.java:logGet(43)) - raft.server.rpc.sleep.time = 25ms (default)
2019-09-05 18:57:11,202 [b82aff16-802a-4dfd-a62c-cd44f21195ba:group-4003B8799644:LeaderElection2] INFO  server.RaftServerConfigKeys (ConfUtils.java:logGet(43)) - raft.server.write.element-limit = 4096 (default)
2019-09-05 18:57:11,202 [b82aff16-802a-4dfd-a62c-cd44f21195ba:group-4003B8799644:LeaderElection2] INFO  server.RaftServerConfigKeys (ConfUtils.java:logGet(43)) - raft.server.watch.timeout = 10s (default)
2019-09-05 18:57:11,202 [b82aff16-802a-4dfd-a62c-cd44f21195ba:group-4003B8799644:LeaderElection2] INFO  server.RaftServerConfigKeys (ConfUtils.java:logGet(43)) - raft.server.watch.timeout.denomination = 1s (default)
2019-09-05 18:57:11,202 [b82aff16-802a-4dfd-a62c-cd44f21195ba:group-4003B8799644:LeaderElection2] INFO  server.RaftServerConfigKeys (ConfUtils.java:logGet(43)) - raft.server.watch.element-limit = 65536 (default)
2019-09-05 18:57:11,203 [b82aff16-802a-4dfd-a62c-cd44f21195ba:group-4003B8799644:LeaderElection2] INFO  impl.RoleInfo (RoleInfo.java:updateAndGet(143)) - b82aff16-802a-4dfd-a62c-cd44f21195ba: start LeaderState
2019-09-05 18:57:11,203 [b82aff16-802a-4dfd-a62c-cd44f21195ba:group-4003B8799644:LeaderElection2] INFO  segmented.SegmentedRaftLogWorker (SegmentedRaftLogWorker.java:startLogSegment(380)) - b82aff16-802a-4dfd-a62c-cd44f21195ba-SegmentedRaftLogWorker:Storage Directory /workdir/hadoop-ozone/integration-test/target/test-dir/MiniOzoneClusterImpl-756306cc-38d8-43d8-837b-a337f9b5af48/datanode-3/data/ratis/9a48e861-52a7-4bec-a1cb-4003b8799644: Starting segment from index:0
2019-09-05 18:57:11,204 [b82aff16-802a-4dfd-a62c-cd44f21195ba:group-4003B8799644:LeaderElection2] INFO  impl.RaftServerImpl (ServerState.java:setRaftConf(361)) - b82aff16-802a-4dfd-a62c-cd44f21195ba:group-4003B8799644 set configuration 0: [b82aff16-802a-4dfd-a62c-cd44f21195ba:192.168.36.80:33927], old=null at 0
2019-09-05 18:57:11,338 [48a61b03-e918-494d-8f69-dadad5c74fd2-SegmentedRaftLogWorker:Storage Directory /workdir/hadoop-ozone/integration-test/target/test-dir/MiniOzoneClusterImpl-756306cc-38d8-43d8-837b-a337f9b5af48/datanode-0/data/ratis/fc3cc67a-3cd3-47b8-8434-4acda5bd2857] INFO  segmented.SegmentedRaftLogWorker (SegmentedRaftLogWorker.java:execute(569)) - 48a61b03-e918-494d-8f69-dadad5c74fd2-SegmentedRaftLogWorker:Storage Directory /workdir/hadoop-ozone/integration-test/target/test-dir/MiniOzoneClusterImpl-756306cc-38d8-43d8-837b-a337f9b5af48/datanode-0/data/ratis/fc3cc67a-3cd3-47b8-8434-4acda5bd2857: created new log segment /workdir/hadoop-ozone/integration-test/target/test-dir/MiniOzoneClusterImpl-756306cc-38d8-43d8-837b-a337f9b5af48/datanode-0/data/ratis/fc3cc67a-3cd3-47b8-8434-4acda5bd2857/current/log_inprogress_0
2019-09-05 18:57:11,338 [b82aff16-802a-4dfd-a62c-cd44f21195ba-SegmentedRaftLogWorker:Storage Directory /workdir/hadoop-ozone/integration-test/target/test-dir/MiniOzoneClusterImpl-756306cc-38d8-43d8-837b-a337f9b5af48/datanode-3/data/ratis/9a48e861-52a7-4bec-a1cb-4003b8799644] INFO  segmented.SegmentedRaftLogWorker (SegmentedRaftLogWorker.java:execute(569)) - b82aff16-802a-4dfd-a62c-cd44f21195ba-SegmentedRaftLogWorker:Storage Directory /workdir/hadoop-ozone/integration-test/target/test-dir/MiniOzoneClusterImpl-756306cc-38d8-43d8-837b-a337f9b5af48/datanode-3/data/ratis/9a48e861-52a7-4bec-a1cb-4003b8799644: created new log segment /workdir/hadoop-ozone/integration-test/target/test-dir/MiniOzoneClusterImpl-756306cc-38d8-43d8-837b-a337f9b5af48/datanode-3/data/ratis/9a48e861-52a7-4bec-a1cb-4003b8799644/current/log_inprogress_0
2019-09-05 18:57:11,364 [grpc-default-executor-0] INFO  client.GrpcClientProtocolClient (GrpcClientProtocolClient.java:onNext(255)) - client-01B2BC296912->48a61b03-e918-494d-8f69-dadad5c74fd2: receive RaftClientReply:client-01B2BC296912->48a61b03-e918-494d-8f69-dadad5c74fd2@group-FFD99A53A4E8, cid=13, FAILED org.apache.ratis.protocol.NotLeaderException: Server 48a61b03-e918-494d-8f69-dadad5c74fd2 is not the leader (null). Request must be sent to leader., logIndex=0, commits[48a61b03-e918-494d-8f69-dadad5c74fd2:c-1]
2019-09-05 18:57:11,365 [Thread-255] INFO  impl.FollowerState (FollowerState.java:run(106)) - 0f826b7c-7306-45ba-b7be-9a5dfde42038:group-0C369E276DC3 changes to CANDIDATE, lastRpcTime:5017, electionTimeout:5016ms
2019-09-05 18:57:11,371 [Thread-249] INFO  impl.FollowerState (FollowerState.java:run(106)) - 0332e08e-0f90-4d8d-a222-34b10266ec2f:group-42EB9BD17D5C changes to CANDIDATE, lastRpcTime:5172, electionTimeout:5169ms
2019-09-05 18:57:11,372 [Thread-249] INFO  impl.RoleInfo (RoleInfo.java:shutdownFollowerState(121)) - 0332e08e-0f90-4d8d-a222-34b10266ec2f: shutdown FollowerState
2019-09-05 18:57:11,372 [Thread-255] INFO  impl.RoleInfo (RoleInfo.java:shutdownFollowerState(121)) - 0f826b7c-7306-45ba-b7be-9a5dfde42038: shutdown FollowerState
2019-09-05 18:57:11,373 [Thread-249] INFO  impl.RaftServerImpl (RaftServerImpl.java:setRole(171)) - 0332e08e-0f90-4d8d-a222-34b10266ec2f:group-42EB9BD17D5C changes role from FOLLOWER to CANDIDATE at term 0 for changeToCandidate
2019-09-05 18:57:11,374 [Thread-255] INFO  impl.RaftServerImpl (RaftServerImpl.java:setRole(171)) - 0f826b7c-7306-45ba-b7be-9a5dfde42038:group-0C369E276DC3 changes role from FOLLOWER to CANDIDATE at term 0 for changeToCandidate
2019-09-05 18:57:11,374 [Thread-249] INFO  impl.RoleInfo (RoleInfo.java:updateAndGet(143)) - 0332e08e-0f90-4d8d-a222-34b10266ec2f: start LeaderElection
2019-09-05 18:57:11,374 [Thread-255] INFO  impl.RoleInfo (RoleInfo.java:updateAndGet(143)) - 0f826b7c-7306-45ba-b7be-9a5dfde42038: start LeaderElection
2019-09-05 18:57:11,437 [0f826b7c-7306-45ba-b7be-9a5dfde42038:group-0C369E276DC3:LeaderElection4] INFO  impl.LeaderElection (LeaderElection.java:askForVotes(181)) - 0f826b7c-7306-45ba-b7be-9a5dfde42038:group-0C369E276DC3:LeaderElection4: begin an election at term 1 for -1: [0f826b7c-7306-45ba-b7be-9a5dfde42038:192.168.36.80:44293], old=null
2019-09-05 18:57:11,437 [0332e08e-0f90-4d8d-a222-34b10266ec2f:group-42EB9BD17D5C:LeaderElection3] INFO  impl.LeaderElection (LeaderElection.java:askForVotes(181)) - 0332e08e-0f90-4d8d-a222-34b10266ec2f:group-42EB9BD17D5C:LeaderElection3: begin an election at term 1 for -1: [0332e08e-0f90-4d8d-a222-34b10266ec2f:192.168.36.80:42363], old=null
2019-09-05 18:57:11,442 [0f826b7c-7306-45ba-b7be-9a5dfde42038:group-0C369E276DC3:LeaderElection4] INFO  impl.RoleInfo (RoleInfo.java:shutdownLeaderElection(134)) - 0f826b7c-7306-45ba-b7be-9a5dfde42038: shutdown LeaderElection
2019-09-05 18:57:11,442 [0332e08e-0f90-4d8d-a222-34b10266ec2f:group-42EB9BD17D5C:LeaderElection3] INFO  impl.RoleInfo (RoleInfo.java:shutdownLeaderElection(134)) - 0332e08e-0f90-4d8d-a222-34b10266ec2f: shutdown LeaderElection
2019-09-05 18:57:11,442 [0f826b7c-7306-45ba-b7be-9a5dfde42038:group-0C369E276DC3:LeaderElection4] INFO  impl.RaftServerImpl (RaftServerImpl.java:setRole(171)) - 0f826b7c-7306-45ba-b7be-9a5dfde42038:group-0C369E276DC3 changes role from CANDIDATE to LEADER at term 1 for changeToLeader
2019-09-05 18:57:11,443 [0332e08e-0f90-4d8d-a222-34b10266ec2f:group-42EB9BD17D5C:LeaderElection3] INFO  impl.RaftServerImpl (RaftServerImpl.java:setRole(171)) - 0332e08e-0f90-4d8d-a222-34b10266ec2f:group-42EB9BD17D5C changes role from CANDIDATE to LEADER at term 1 for changeToLeader
2019-09-05 18:57:11,443 [0f826b7c-7306-45ba-b7be-9a5dfde42038:group-0C369E276DC3:LeaderElection4] INFO  impl.RaftServerImpl (ServerState.java:setLeader(263)) - 0f826b7c-7306-45ba-b7be-9a5dfde42038:group-0C369E276DC3 change Leader from null to 0f826b7c-7306-45ba-b7be-9a5dfde42038 at term 1 for becomeLeader, leader elected after 5099ms
2019-09-05 18:57:11,443 [0332e08e-0f90-4d8d-a222-34b10266ec2f:group-42EB9BD17D5C:LeaderElection3] INFO  impl.RaftServerImpl (ServerState.java:setLeader(263)) - 0332e08e-0f90-4d8d-a222-34b10266ec2f:group-42EB9BD17D5C change Leader from null to 0332e08e-0f90-4d8d-a222-34b10266ec2f at term 1 for becomeLeader, leader elected after 5250ms
2019-09-05 18:57:11,444 [0f826b7c-7306-45ba-b7be-9a5dfde42038:group-0C369E276DC3:LeaderElection4] INFO  server.RaftServerConfigKeys (ConfUtils.java:logGet(43)) - raft.server.staging.catchup.gap = 1000 (default)
2019-09-05 18:57:11,445 [0332e08e-0f90-4d8d-a222-34b10266ec2f:group-42EB9BD17D5C:LeaderElection3] INFO  server.RaftServerConfigKeys (ConfUtils.java:logGet(43)) - raft.server.staging.catchup.gap = 1000 (default)
2019-09-05 18:57:11,446 [0f826b7c-7306-45ba-b7be-9a5dfde42038:group-0C369E276DC3:LeaderElection4] INFO  server.RaftServerConfigKeys (ConfUtils.java:logGet(43)) - raft.server.rpc.sleep.time = 25ms (default)
2019-09-05 18:57:11,446 [0332e08e-0f90-4d8d-a222-34b10266ec2f:group-42EB9BD17D5C:LeaderElection3] INFO  server.RaftServerConfigKeys (ConfUtils.java:logGet(43)) - raft.server.rpc.sleep.time = 25ms (default)
2019-09-05 18:57:11,446 [0f826b7c-7306-45ba-b7be-9a5dfde42038:group-0C369E276DC3:LeaderElection4] INFO  server.RaftServerConfigKeys (ConfUtils.java:logGet(43)) - raft.server.write.element-limit = 4096 (default)
2019-09-05 18:57:11,446 [0332e08e-0f90-4d8d-a222-34b10266ec2f:group-42EB9BD17D5C:LeaderElection3] INFO  server.RaftServerConfigKeys (ConfUtils.java:logGet(43)) - raft.server.write.element-limit = 4096 (default)
2019-09-05 18:57:11,446 [0f826b7c-7306-45ba-b7be-9a5dfde42038:group-0C369E276DC3:LeaderElection4] INFO  server.RaftServerConfigKeys (ConfUtils.java:logGet(43)) - raft.server.watch.timeout = 10s (default)
2019-09-05 18:57:11,446 [0332e08e-0f90-4d8d-a222-34b10266ec2f:group-42EB9BD17D5C:LeaderElection3] INFO  server.RaftServerConfigKeys (ConfUtils.java:logGet(43)) - raft.server.watch.timeout = 10s (default)
2019-09-05 18:57:11,447 [0f826b7c-7306-45ba-b7be-9a5dfde42038:group-0C369E276DC3:LeaderElection4] INFO  server.RaftServerConfigKeys (ConfUtils.java:logGet(43)) - raft.server.watch.timeout.denomination = 1s (default)
2019-09-05 18:57:11,447 [0332e08e-0f90-4d8d-a222-34b10266ec2f:group-42EB9BD17D5C:LeaderElection3] INFO  server.RaftServerConfigKeys (ConfUtils.java:logGet(43)) - raft.server.watch.timeout.denomination = 1s (default)
2019-09-05 18:57:11,447 [0f826b7c-7306-45ba-b7be-9a5dfde42038:group-0C369E276DC3:LeaderElection4] INFO  server.RaftServerConfigKeys (ConfUtils.java:logGet(43)) - raft.server.watch.element-limit = 65536 (default)
2019-09-05 18:57:11,447 [0332e08e-0f90-4d8d-a222-34b10266ec2f:group-42EB9BD17D5C:LeaderElection3] INFO  server.RaftServerConfigKeys (ConfUtils.java:logGet(43)) - raft.server.watch.element-limit = 65536 (default)
2019-09-05 18:57:11,447 [0f826b7c-7306-45ba-b7be-9a5dfde42038:group-0C369E276DC3:LeaderElection4] INFO  impl.RoleInfo (RoleInfo.java:updateAndGet(143)) - 0f826b7c-7306-45ba-b7be-9a5dfde42038: start LeaderState
2019-09-05 18:57:11,447 [0332e08e-0f90-4d8d-a222-34b10266ec2f:group-42EB9BD17D5C:LeaderElection3] INFO  impl.RoleInfo (RoleInfo.java:updateAndGet(143)) - 0332e08e-0f90-4d8d-a222-34b10266ec2f: start LeaderState
2019-09-05 18:57:11,448 [0f826b7c-7306-45ba-b7be-9a5dfde42038:group-0C369E276DC3:LeaderElection4] INFO  segmented.SegmentedRaftLogWorker (SegmentedRaftLogWorker.java:startLogSegment(380)) - 0f826b7c-7306-45ba-b7be-9a5dfde42038-SegmentedRaftLogWorker:Storage Directory /workdir/hadoop-ozone/integration-test/target/test-dir/MiniOzoneClusterImpl-756306cc-38d8-43d8-837b-a337f9b5af48/datanode-5/data/ratis/6a85aa6c-8694-4e61-bf36-0c369e276dc3: Starting segment from index:0
2019-09-05 18:57:11,448 [0332e08e-0f90-4d8d-a222-34b10266ec2f:group-42EB9BD17D5C:LeaderElection3] INFO  segmented.SegmentedRaftLogWorker (SegmentedRaftLogWorker.java:startLogSegment(380)) - 0332e08e-0f90-4d8d-a222-34b10266ec2f-SegmentedRaftLogWorker:Storage Directory /workdir/hadoop-ozone/integration-test/target/test-dir/MiniOzoneClusterImpl-756306cc-38d8-43d8-837b-a337f9b5af48/datanode-6/data/ratis/c231cd9b-75bf-4def-af83-42eb9bd17d5c: Starting segment from index:0
2019-09-05 18:57:11,448 [0f826b7c-7306-45ba-b7be-9a5dfde42038:group-0C369E276DC3:LeaderElection4] INFO  impl.RaftServerImpl (ServerState.java:setRaftConf(361)) - 0f826b7c-7306-45ba-b7be-9a5dfde42038:group-0C369E276DC3 set configuration 0: [0f826b7c-7306-45ba-b7be-9a5dfde42038:192.168.36.80:44293], old=null at 0
2019-09-05 18:57:11,448 [0332e08e-0f90-4d8d-a222-34b10266ec2f:group-42EB9BD17D5C:LeaderElection3] INFO  impl.RaftServerImpl (ServerState.java:setRaftConf(361)) - 0332e08e-0f90-4d8d-a222-34b10266ec2f:group-42EB9BD17D5C set configuration 0: [0332e08e-0f90-4d8d-a222-34b10266ec2f:192.168.36.80:42363], old=null at 0
2019-09-05 18:57:11,485 [Thread-252] INFO  impl.FollowerState (FollowerState.java:run(106)) - d945711b-809b-4fa4-8f0a-c5e7e27fd03f:group-36EF82F41FFA changes to CANDIDATE, lastRpcTime:5215, electionTimeout:5181ms
2019-09-05 18:57:11,487 [Thread-252] INFO  impl.RoleInfo (RoleInfo.java:shutdownFollowerState(121)) - d945711b-809b-4fa4-8f0a-c5e7e27fd03f: shutdown FollowerState
2019-09-05 18:57:11,487 [Thread-252] INFO  impl.RaftServerImpl (RaftServerImpl.java:setRole(171)) - d945711b-809b-4fa4-8f0a-c5e7e27fd03f:group-36EF82F41FFA changes role from FOLLOWER to CANDIDATE at term 0 for changeToCandidate
2019-09-05 18:57:11,488 [Thread-252] INFO  impl.RoleInfo (RoleInfo.java:updateAndGet(143)) - d945711b-809b-4fa4-8f0a-c5e7e27fd03f: start LeaderElection
2019-09-05 18:57:11,505 [0332e08e-0f90-4d8d-a222-34b10266ec2f-SegmentedRaftLogWorker:Storage Directory /workdir/hadoop-ozone/integration-test/target/test-dir/MiniOzoneClusterImpl-756306cc-38d8-43d8-837b-a337f9b5af48/datanode-6/data/ratis/c231cd9b-75bf-4def-af83-42eb9bd17d5c] INFO  segmented.SegmentedRaftLogWorker (SegmentedRaftLogWorker.java:execute(569)) - 0332e08e-0f90-4d8d-a222-34b10266ec2f-SegmentedRaftLogWorker:Storage Directory /workdir/hadoop-ozone/integration-test/target/test-dir/MiniOzoneClusterImpl-756306cc-38d8-43d8-837b-a337f9b5af48/datanode-6/data/ratis/c231cd9b-75bf-4def-af83-42eb9bd17d5c: created new log segment /workdir/hadoop-ozone/integration-test/target/test-dir/MiniOzoneClusterImpl-756306cc-38d8-43d8-837b-a337f9b5af48/datanode-6/data/ratis/c231cd9b-75bf-4def-af83-42eb9bd17d5c/current/log_inprogress_0
2019-09-05 18:57:11,505 [0f826b7c-7306-45ba-b7be-9a5dfde42038-SegmentedRaftLogWorker:Storage Directory /workdir/hadoop-ozone/integration-test/target/test-dir/MiniOzoneClusterImpl-756306cc-38d8-43d8-837b-a337f9b5af48/datanode-5/data/ratis/6a85aa6c-8694-4e61-bf36-0c369e276dc3] INFO  segmented.SegmentedRaftLogWorker (SegmentedRaftLogWorker.java:execute(569)) - 0f826b7c-7306-45ba-b7be-9a5dfde42038-SegmentedRaftLogWorker:Storage Directory /workdir/hadoop-ozone/integration-test/target/test-dir/MiniOzoneClusterImpl-756306cc-38d8-43d8-837b-a337f9b5af48/datanode-5/data/ratis/6a85aa6c-8694-4e61-bf36-0c369e276dc3: created new log segment /workdir/hadoop-ozone/integration-test/target/test-dir/MiniOzoneClusterImpl-756306cc-38d8-43d8-837b-a337f9b5af48/datanode-5/data/ratis/6a85aa6c-8694-4e61-bf36-0c369e276dc3/current/log_inprogress_0
2019-09-05 18:57:11,507 [d945711b-809b-4fa4-8f0a-c5e7e27fd03f:group-36EF82F41FFA:LeaderElection5] INFO  impl.LeaderElection (LeaderElection.java:askForVotes(181)) - d945711b-809b-4fa4-8f0a-c5e7e27fd03f:group-36EF82F41FFA:LeaderElection5: begin an election at term 1 for -1: [d945711b-809b-4fa4-8f0a-c5e7e27fd03f:192.168.36.80:33144], old=null
2019-09-05 18:57:11,509 [d945711b-809b-4fa4-8f0a-c5e7e27fd03f:group-36EF82F41FFA:LeaderElection5] INFO  impl.RoleInfo (RoleInfo.java:shutdownLeaderElection(134)) - d945711b-809b-4fa4-8f0a-c5e7e27fd03f: shutdown LeaderElection
2019-09-05 18:57:11,509 [d945711b-809b-4fa4-8f0a-c5e7e27fd03f:group-36EF82F41FFA:LeaderElection5] INFO  impl.RaftServerImpl (RaftServerImpl.java:setRole(171)) - d945711b-809b-4fa4-8f0a-c5e7e27fd03f:group-36EF82F41FFA changes role from CANDIDATE to LEADER at term 1 for changeToLeader
2019-09-05 18:57:11,509 [d945711b-809b-4fa4-8f0a-c5e7e27fd03f:group-36EF82F41FFA:LeaderElection5] INFO  impl.RaftServerImpl (ServerState.java:setLeader(263)) - d945711b-809b-4fa4-8f0a-c5e7e27fd03f:group-36EF82F41FFA change Leader from null to d945711b-809b-4fa4-8f0a-c5e7e27fd03f at term 1 for becomeLeader, leader elected after 5244ms
2019-09-05 18:57:11,511 [d945711b-809b-4fa4-8f0a-c5e7e27fd03f:group-36EF82F41FFA:LeaderElection5] INFO  server.RaftServerConfigKeys (ConfUtils.java:logGet(43)) - raft.server.staging.catchup.gap = 1000 (default)
2019-09-05 18:57:11,511 [d945711b-809b-4fa4-8f0a-c5e7e27fd03f:group-36EF82F41FFA:LeaderElection5] INFO  server.RaftServerConfigKeys (ConfUtils.java:logGet(43)) - raft.server.rpc.sleep.time = 25ms (default)
2019-09-05 18:57:11,511 [d945711b-809b-4fa4-8f0a-c5e7e27fd03f:group-36EF82F41FFA:LeaderElection5] INFO  server.RaftServerConfigKeys (ConfUtils.java:logGet(43)) - raft.server.write.element-limit = 4096 (default)
2019-09-05 18:57:11,512 [d945711b-809b-4fa4-8f0a-c5e7e27fd03f:group-36EF82F41FFA:LeaderElection5] INFO  server.RaftServerConfigKeys (ConfUtils.java:logGet(43)) - raft.server.watch.timeout = 10s (default)
2019-09-05 18:57:11,512 [d945711b-809b-4fa4-8f0a-c5e7e27fd03f:group-36EF82F41FFA:LeaderElection5] INFO  server.RaftServerConfigKeys (ConfUtils.java:logGet(43)) - raft.server.watch.timeout.denomination = 1s (default)
2019-09-05 18:57:11,512 [d945711b-809b-4fa4-8f0a-c5e7e27fd03f:group-36EF82F41FFA:LeaderElection5] INFO  server.RaftServerConfigKeys (ConfUtils.java:logGet(43)) - raft.server.watch.element-limit = 65536 (default)
2019-09-05 18:57:11,512 [d945711b-809b-4fa4-8f0a-c5e7e27fd03f:group-36EF82F41FFA:LeaderElection5] INFO  impl.RoleInfo (RoleInfo.java:updateAndGet(143)) - d945711b-809b-4fa4-8f0a-c5e7e27fd03f: start LeaderState
2019-09-05 18:57:11,512 [d945711b-809b-4fa4-8f0a-c5e7e27fd03f:group-36EF82F41FFA:LeaderElection5] INFO  segmented.SegmentedRaftLogWorker (SegmentedRaftLogWorker.java:startLogSegment(380)) - d945711b-809b-4fa4-8f0a-c5e7e27fd03f-SegmentedRaftLogWorker:Storage Directory /workdir/hadoop-ozone/integration-test/target/test-dir/MiniOzoneClusterImpl-756306cc-38d8-43d8-837b-a337f9b5af48/datanode-4/data/ratis/48cd1a0a-4eae-44bc-971c-36ef82f41ffa: Starting segment from index:0
2019-09-05 18:57:11,513 [d945711b-809b-4fa4-8f0a-c5e7e27fd03f:group-36EF82F41FFA:LeaderElection5] INFO  impl.RaftServerImpl (ServerState.java:setRaftConf(361)) - d945711b-809b-4fa4-8f0a-c5e7e27fd03f:group-36EF82F41FFA set configuration 0: [d945711b-809b-4fa4-8f0a-c5e7e27fd03f:192.168.36.80:33144], old=null at 0
2019-09-05 18:57:11,543 [Thread-261] INFO  impl.FollowerState (FollowerState.java:run(106)) - 46b03db0-c675-49fd-bd7a-1255508e2ed6:group-AED7DD294947 changes to CANDIDATE, lastRpcTime:5045, electionTimeout:5036ms
2019-09-05 18:57:11,545 [Thread-261] INFO  impl.RoleInfo (RoleInfo.java:shutdownFollowerState(121)) - 46b03db0-c675-49fd-bd7a-1255508e2ed6: shutdown FollowerState
2019-09-05 18:57:11,545 [Thread-261] INFO  impl.RaftServerImpl (RaftServerImpl.java:setRole(171)) - 46b03db0-c675-49fd-bd7a-1255508e2ed6:group-AED7DD294947 changes role from FOLLOWER to CANDIDATE at term 0 for changeToCandidate
2019-09-05 18:57:11,545 [Thread-261] INFO  impl.RoleInfo (RoleInfo.java:updateAndGet(143)) - 46b03db0-c675-49fd-bd7a-1255508e2ed6: start LeaderElection
2019-09-05 18:57:11,569 [d945711b-809b-4fa4-8f0a-c5e7e27fd03f-SegmentedRaftLogWorker:Storage Directory /workdir/hadoop-ozone/integration-test/target/test-dir/MiniOzoneClusterImpl-756306cc-38d8-43d8-837b-a337f9b5af48/datanode-4/data/ratis/48cd1a0a-4eae-44bc-971c-36ef82f41ffa] INFO  segmented.SegmentedRaftLogWorker (SegmentedRaftLogWorker.java:execute(569)) - d945711b-809b-4fa4-8f0a-c5e7e27fd03f-SegmentedRaftLogWorker:Storage Directory /workdir/hadoop-ozone/integration-test/target/test-dir/MiniOzoneClusterImpl-756306cc-38d8-43d8-837b-a337f9b5af48/datanode-4/data/ratis/48cd1a0a-4eae-44bc-971c-36ef82f41ffa: created new log segment /workdir/hadoop-ozone/integration-test/target/test-dir/MiniOzoneClusterImpl-756306cc-38d8-43d8-837b-a337f9b5af48/datanode-4/data/ratis/48cd1a0a-4eae-44bc-971c-36ef82f41ffa/current/log_inprogress_0
2019-09-05 18:57:11,569 [46b03db0-c675-49fd-bd7a-1255508e2ed6:group-AED7DD294947:LeaderElection6] INFO  impl.LeaderElection (LeaderElection.java:askForVotes(181)) - 46b03db0-c675-49fd-bd7a-1255508e2ed6:group-AED7DD294947:LeaderElection6: begin an election at term 1 for -1: [46b03db0-c675-49fd-bd7a-1255508e2ed6:192.168.36.80:33280], old=null
2019-09-05 18:57:11,570 [46b03db0-c675-49fd-bd7a-1255508e2ed6:group-AED7DD294947:LeaderElection6] INFO  impl.RoleInfo (RoleInfo.java:shutdownLeaderElection(134)) - 46b03db0-c675-49fd-bd7a-1255508e2ed6: shutdown LeaderElection
2019-09-05 18:57:11,570 [46b03db0-c675-49fd-bd7a-1255508e2ed6:group-AED7DD294947:LeaderElection6] INFO  impl.RaftServerImpl (RaftServerImpl.java:setRole(171)) - 46b03db0-c675-49fd-bd7a-1255508e2ed6:group-AED7DD294947 changes role from CANDIDATE to LEADER at term 1 for changeToLeader
2019-09-05 18:57:11,570 [46b03db0-c675-49fd-bd7a-1255508e2ed6:group-AED7DD294947:LeaderElection6] INFO  impl.RaftServerImpl (ServerState.java:setLeader(263)) - 46b03db0-c675-49fd-bd7a-1255508e2ed6:group-AED7DD294947 change Leader from null to 46b03db0-c675-49fd-bd7a-1255508e2ed6 at term 1 for becomeLeader, leader elected after 5077ms
2019-09-05 18:57:11,571 [46b03db0-c675-49fd-bd7a-1255508e2ed6:group-AED7DD294947:LeaderElection6] INFO  server.RaftServerConfigKeys (ConfUtils.java:logGet(43)) - raft.server.staging.catchup.gap = 1000 (default)
2019-09-05 18:57:11,572 [46b03db0-c675-49fd-bd7a-1255508e2ed6:group-AED7DD294947:LeaderElection6] INFO  server.RaftServerConfigKeys (ConfUtils.java:logGet(43)) - raft.server.rpc.sleep.time = 25ms (default)
2019-09-05 18:57:11,572 [46b03db0-c675-49fd-bd7a-1255508e2ed6:group-AED7DD294947:LeaderElection6] INFO  server.RaftServerConfigKeys (ConfUtils.java:logGet(43)) - raft.server.write.element-limit = 4096 (default)
2019-09-05 18:57:11,572 [46b03db0-c675-49fd-bd7a-1255508e2ed6:group-AED7DD294947:LeaderElection6] INFO  server.RaftServerConfigKeys (ConfUtils.java:logGet(43)) - raft.server.watch.timeout = 10s (default)
2019-09-05 18:57:11,572 [46b03db0-c675-49fd-bd7a-1255508e2ed6:group-AED7DD294947:LeaderElection6] INFO  server.RaftServerConfigKeys (ConfUtils.java:logGet(43)) - raft.server.watch.timeout.denomination = 1s (default)
2019-09-05 18:57:11,572 [46b03db0-c675-49fd-bd7a-1255508e2ed6:group-AED7DD294947:LeaderElection6] INFO  server.RaftServerConfigKeys (ConfUtils.java:logGet(43)) - raft.server.watch.element-limit = 65536 (default)
2019-09-05 18:57:11,573 [46b03db0-c675-49fd-bd7a-1255508e2ed6:group-AED7DD294947:LeaderElection6] INFO  impl.RoleInfo (RoleInfo.java:updateAndGet(143)) - 46b03db0-c675-49fd-bd7a-1255508e2ed6: start LeaderState
2019-09-05 18:57:11,573 [46b03db0-c675-49fd-bd7a-1255508e2ed6:group-AED7DD294947:LeaderElection6] INFO  segmented.SegmentedRaftLogWorker (SegmentedRaftLogWorker.java:startLogSegment(380)) - 46b03db0-c675-49fd-bd7a-1255508e2ed6-SegmentedRaftLogWorker:Storage Directory /workdir/hadoop-ozone/integration-test/target/test-dir/MiniOzoneClusterImpl-756306cc-38d8-43d8-837b-a337f9b5af48/datanode-1/data/ratis/7c831eb2-b8e5-44d3-92bf-aed7dd294947: Starting segment from index:0
2019-09-05 18:57:11,574 [46b03db0-c675-49fd-bd7a-1255508e2ed6:group-AED7DD294947:LeaderElection6] INFO  impl.RaftServerImpl (ServerState.java:setRaftConf(361)) - 46b03db0-c675-49fd-bd7a-1255508e2ed6:group-AED7DD294947 set configuration 0: [46b03db0-c675-49fd-bd7a-1255508e2ed6:192.168.36.80:33280], old=null at 0
2019-09-05 18:57:11,603 [Thread-258] INFO  impl.FollowerState (FollowerState.java:run(106)) - 79090cb8-f5e7-4b44-aaee-2ebde45eb251:group-5D5A61542980 changes to CANDIDATE, lastRpcTime:5177, electionTimeout:5163ms
2019-09-05 18:57:11,605 [Thread-258] INFO  impl.RoleInfo (RoleInfo.java:shutdownFollowerState(121)) - 79090cb8-f5e7-4b44-aaee-2ebde45eb251: shutdown FollowerState
2019-09-05 18:57:11,605 [Thread-258] INFO  impl.RaftServerImpl (RaftServerImpl.java:setRole(171)) - 79090cb8-f5e7-4b44-aaee-2ebde45eb251:group-5D5A61542980 changes role from FOLLOWER to CANDIDATE at term 0 for changeToCandidate
2019-09-05 18:57:11,605 [Thread-258] INFO  impl.RoleInfo (RoleInfo.java:updateAndGet(143)) - 79090cb8-f5e7-4b44-aaee-2ebde45eb251: start LeaderElection
2019-09-05 18:57:11,621 [46b03db0-c675-49fd-bd7a-1255508e2ed6-SegmentedRaftLogWorker:Storage Directory /workdir/hadoop-ozone/integration-test/target/test-dir/MiniOzoneClusterImpl-756306cc-38d8-43d8-837b-a337f9b5af48/datanode-1/data/ratis/7c831eb2-b8e5-44d3-92bf-aed7dd294947] INFO  segmented.SegmentedRaftLogWorker (SegmentedRaftLogWorker.java:execute(569)) - 46b03db0-c675-49fd-bd7a-1255508e2ed6-SegmentedRaftLogWorker:Storage Directory /workdir/hadoop-ozone/integration-test/target/test-dir/MiniOzoneClusterImpl-756306cc-38d8-43d8-837b-a337f9b5af48/datanode-1/data/ratis/7c831eb2-b8e5-44d3-92bf-aed7dd294947: created new log segment /workdir/hadoop-ozone/integration-test/target/test-dir/MiniOzoneClusterImpl-756306cc-38d8-43d8-837b-a337f9b5af48/datanode-1/data/ratis/7c831eb2-b8e5-44d3-92bf-aed7dd294947/current/log_inprogress_0
2019-09-05 18:57:11,621 [79090cb8-f5e7-4b44-aaee-2ebde45eb251:group-5D5A61542980:LeaderElection7] INFO  impl.LeaderElection (LeaderElection.java:askForVotes(181)) - 79090cb8-f5e7-4b44-aaee-2ebde45eb251:group-5D5A61542980:LeaderElection7: begin an election at term 1 for -1: [79090cb8-f5e7-4b44-aaee-2ebde45eb251:192.168.36.80:45184], old=null
2019-09-05 18:57:11,622 [79090cb8-f5e7-4b44-aaee-2ebde45eb251:group-5D5A61542980:LeaderElection7] INFO  impl.RoleInfo (RoleInfo.java:shutdownLeaderElection(134)) - 79090cb8-f5e7-4b44-aaee-2ebde45eb251: shutdown LeaderElection
2019-09-05 18:57:11,622 [79090cb8-f5e7-4b44-aaee-2ebde45eb251:group-5D5A61542980:LeaderElection7] INFO  impl.RaftServerImpl (RaftServerImpl.java:setRole(171)) - 79090cb8-f5e7-4b44-aaee-2ebde45eb251:group-5D5A61542980 changes role from CANDIDATE to LEADER at term 1 for changeToLeader
2019-09-05 18:57:11,622 [79090cb8-f5e7-4b44-aaee-2ebde45eb251:group-5D5A61542980:LeaderElection7] INFO  impl.RaftServerImpl (ServerState.java:setLeader(263)) - 79090cb8-f5e7-4b44-aaee-2ebde45eb251:group-5D5A61542980 change Leader from null to 79090cb8-f5e7-4b44-aaee-2ebde45eb251 at term 1 for becomeLeader, leader elected after 5199ms
2019-09-05 18:57:11,624 [79090cb8-f5e7-4b44-aaee-2ebde45eb251:group-5D5A61542980:LeaderElection7] INFO  server.RaftServerConfigKeys (ConfUtils.java:logGet(43)) - raft.server.staging.catchup.gap = 1000 (default)
2019-09-05 18:57:11,624 [79090cb8-f5e7-4b44-aaee-2ebde45eb251:group-5D5A61542980:LeaderElection7] INFO  server.RaftServerConfigKeys (ConfUtils.java:logGet(43)) - raft.server.rpc.sleep.time = 25ms (default)
2019-09-05 18:57:11,625 [79090cb8-f5e7-4b44-aaee-2ebde45eb251:group-5D5A61542980:LeaderElection7] INFO  server.RaftServerConfigKeys (ConfUtils.java:logGet(43)) - raft.server.write.element-limit = 4096 (default)
2019-09-05 18:57:11,625 [79090cb8-f5e7-4b44-aaee-2ebde45eb251:group-5D5A61542980:LeaderElection7] INFO  server.RaftServerConfigKeys (ConfUtils.java:logGet(43)) - raft.server.watch.timeout = 10s (default)
2019-09-05 18:57:11,625 [79090cb8-f5e7-4b44-aaee-2ebde45eb251:group-5D5A61542980:LeaderElection7] INFO  server.RaftServerConfigKeys (ConfUtils.java:logGet(43)) - raft.server.watch.timeout.denomination = 1s (default)
2019-09-05 18:57:11,625 [79090cb8-f5e7-4b44-aaee-2ebde45eb251:group-5D5A61542980:LeaderElection7] INFO  server.RaftServerConfigKeys (ConfUtils.java:logGet(43)) - raft.server.watch.element-limit = 65536 (default)
2019-09-05 18:57:11,625 [79090cb8-f5e7-4b44-aaee-2ebde45eb251:group-5D5A61542980:LeaderElection7] INFO  impl.RoleInfo (RoleInfo.java:updateAndGet(143)) - 79090cb8-f5e7-4b44-aaee-2ebde45eb251: start LeaderState
2019-09-05 18:57:11,626 [79090cb8-f5e7-4b44-aaee-2ebde45eb251:group-5D5A61542980:LeaderElection7] INFO  segmented.SegmentedRaftLogWorker (SegmentedRaftLogWorker.java:startLogSegment(380)) - 79090cb8-f5e7-4b44-aaee-2ebde45eb251-SegmentedRaftLogWorker:Storage Directory /workdir/hadoop-ozone/integration-test/target/test-dir/MiniOzoneClusterImpl-756306cc-38d8-43d8-837b-a337f9b5af48/datanode-2/data/ratis/72459296-21d5-4b49-a973-5d5a61542980: Starting segment from index:0
2019-09-05 18:57:11,626 [79090cb8-f5e7-4b44-aaee-2ebde45eb251:group-5D5A61542980:LeaderElection7] INFO  impl.RaftServerImpl (ServerState.java:setRaftConf(361)) - 79090cb8-f5e7-4b44-aaee-2ebde45eb251:group-5D5A61542980 set configuration 0: [79090cb8-f5e7-4b44-aaee-2ebde45eb251:192.168.36.80:45184], old=null at 0
2019-09-05 18:57:11,689 [79090cb8-f5e7-4b44-aaee-2ebde45eb251-SegmentedRaftLogWorker:Storage Directory /workdir/hadoop-ozone/integration-test/target/test-dir/MiniOzoneClusterImpl-756306cc-38d8-43d8-837b-a337f9b5af48/datanode-2/data/ratis/72459296-21d5-4b49-a973-5d5a61542980] INFO  segmented.SegmentedRaftLogWorker (SegmentedRaftLogWorker.java:execute(569)) - 79090cb8-f5e7-4b44-aaee-2ebde45eb251-SegmentedRaftLogWorker:Storage Directory /workdir/hadoop-ozone/integration-test/target/test-dir/MiniOzoneClusterImpl-756306cc-38d8-43d8-837b-a337f9b5af48/datanode-2/data/ratis/72459296-21d5-4b49-a973-5d5a61542980: created new log segment /workdir/hadoop-ozone/integration-test/target/test-dir/MiniOzoneClusterImpl-756306cc-38d8-43d8-837b-a337f9b5af48/datanode-2/data/ratis/72459296-21d5-4b49-a973-5d5a61542980/current/log_inprogress_0
2019-09-05 18:57:11,747 [Thread-267] INFO  impl.FollowerState (FollowerState.java:run(106)) - 48a61b03-e918-494d-8f69-dadad5c74fd2:group-FFD99A53A4E8 changes to CANDIDATE, lastRpcTime:5146, electionTimeout:5146ms
2019-09-05 18:57:11,747 [Thread-267] INFO  impl.RoleInfo (RoleInfo.java:shutdownFollowerState(121)) - 48a61b03-e918-494d-8f69-dadad5c74fd2: shutdown FollowerState
2019-09-05 18:57:11,747 [Thread-267] INFO  impl.RaftServerImpl (RaftServerImpl.java:setRole(171)) - 48a61b03-e918-494d-8f69-dadad5c74fd2:group-FFD99A53A4E8 changes role from FOLLOWER to CANDIDATE at term 0 for changeToCandidate
2019-09-05 18:57:11,748 [Thread-267] INFO  impl.RoleInfo (RoleInfo.java:updateAndGet(143)) - 48a61b03-e918-494d-8f69-dadad5c74fd2: start LeaderElection
2019-09-05 18:57:11,752 [Thread-264] INFO  impl.FollowerState (FollowerState.java:run(106)) - 0332e08e-0f90-4d8d-a222-34b10266ec2f:group-FFD99A53A4E8 changes to CANDIDATE, lastRpcTime:5152, electionTimeout:5148ms
2019-09-05 18:57:11,753 [Thread-264] INFO  impl.RoleInfo (RoleInfo.java:shutdownFollowerState(121)) - 0332e08e-0f90-4d8d-a222-34b10266ec2f: shutdown FollowerState
2019-09-05 18:57:11,754 [Thread-264] INFO  impl.RaftServerImpl (RaftServerImpl.java:setRole(171)) - 0332e08e-0f90-4d8d-a222-34b10266ec2f:group-FFD99A53A4E8 changes role from FOLLOWER to CANDIDATE at term 0 for changeToCandidate
2019-09-05 18:57:11,754 [Thread-264] INFO  impl.RoleInfo (RoleInfo.java:updateAndGet(143)) - 0332e08e-0f90-4d8d-a222-34b10266ec2f: start LeaderElection
2019-09-05 18:57:11,757 [Thread-273] INFO  impl.FollowerState (FollowerState.java:run(106)) - 79090cb8-f5e7-4b44-aaee-2ebde45eb251:group-FAE588026D8F changes to CANDIDATE, lastRpcTime:5055, electionTimeout:5055ms
2019-09-05 18:57:11,757 [Thread-273] INFO  impl.RoleInfo (RoleInfo.java:shutdownFollowerState(121)) - 79090cb8-f5e7-4b44-aaee-2ebde45eb251: shutdown FollowerState
2019-09-05 18:57:11,757 [Thread-273] INFO  impl.RaftServerImpl (RaftServerImpl.java:setRole(171)) - 79090cb8-f5e7-4b44-aaee-2ebde45eb251:group-FAE588026D8F changes role from FOLLOWER to CANDIDATE at term 0 for changeToCandidate
2019-09-05 18:57:11,757 [Thread-273] INFO  impl.RoleInfo (RoleInfo.java:updateAndGet(143)) - 79090cb8-f5e7-4b44-aaee-2ebde45eb251: start LeaderElection
2019-09-05 18:57:11,796 [Thread-269] INFO  impl.FollowerState (FollowerState.java:run(106)) - b82aff16-802a-4dfd-a62c-cd44f21195ba:group-FFD99A53A4E8 changes to CANDIDATE, lastRpcTime:5194, electionTimeout:5194ms
2019-09-05 18:57:11,796 [Thread-269] INFO  impl.RoleInfo (RoleInfo.java:shutdownFollowerState(121)) - b82aff16-802a-4dfd-a62c-cd44f21195ba: shutdown FollowerState
2019-09-05 18:57:11,796 [Thread-269] INFO  impl.RaftServerImpl (RaftServerImpl.java:setRole(171)) - b82aff16-802a-4dfd-a62c-cd44f21195ba:group-FFD99A53A4E8 changes role from FOLLOWER to CANDIDATE at term 0 for changeToCandidate
2019-09-05 18:57:11,796 [Thread-269] INFO  impl.RoleInfo (RoleInfo.java:updateAndGet(143)) - b82aff16-802a-4dfd-a62c-cd44f21195ba: start LeaderElection
2019-09-05 18:57:11,803 [0332e08e-0f90-4d8d-a222-34b10266ec2f:group-FFD99A53A4E8:LeaderElection9] INFO  impl.LeaderElection (LeaderElection.java:askForVotes(181)) - 0332e08e-0f90-4d8d-a222-34b10266ec2f:group-FFD99A53A4E8:LeaderElection9: begin an election at term 1 for -1: [0332e08e-0f90-4d8d-a222-34b10266ec2f:192.168.36.80:42363, b82aff16-802a-4dfd-a62c-cd44f21195ba:192.168.36.80:33927, 48a61b03-e918-494d-8f69-dadad5c74fd2:192.168.36.80:44287], old=null
2019-09-05 18:57:11,803 [48a61b03-e918-494d-8f69-dadad5c74fd2:group-FFD99A53A4E8:LeaderElection8] INFO  impl.LeaderElection (LeaderElection.java:askForVotes(181)) - 48a61b03-e918-494d-8f69-dadad5c74fd2:group-FFD99A53A4E8:LeaderElection8: begin an election at term 1 for -1: [0332e08e-0f90-4d8d-a222-34b10266ec2f:192.168.36.80:42363, b82aff16-802a-4dfd-a62c-cd44f21195ba:192.168.36.80:33927, 48a61b03-e918-494d-8f69-dadad5c74fd2:192.168.36.80:44287], old=null
2019-09-05 18:57:11,803 [79090cb8-f5e7-4b44-aaee-2ebde45eb251:group-FAE588026D8F:LeaderElection10] INFO  impl.LeaderElection (LeaderElection.java:askForVotes(181)) - 79090cb8-f5e7-4b44-aaee-2ebde45eb251:group-FAE588026D8F:LeaderElection10: begin an election at term 1 for -1: [79090cb8-f5e7-4b44-aaee-2ebde45eb251:192.168.36.80:45184, d945711b-809b-4fa4-8f0a-c5e7e27fd03f:192.168.36.80:33144, 0f826b7c-7306-45ba-b7be-9a5dfde42038:192.168.36.80:44293], old=null
2019-09-05 18:57:11,842 [grpc-default-executor-3] INFO  impl.RaftServerImpl (RaftServerImpl.java:setRole(171)) - d945711b-809b-4fa4-8f0a-c5e7e27fd03f:group-FAE588026D8F changes role from FOLLOWER to FOLLOWER at term 1 for recognizeCandidate:79090cb8-f5e7-4b44-aaee-2ebde45eb251
2019-09-05 18:57:11,842 [grpc-default-executor-0] INFO  impl.RaftServerImpl (RaftServerImpl.java:setRole(171)) - 0f826b7c-7306-45ba-b7be-9a5dfde42038:group-FAE588026D8F changes role from FOLLOWER to FOLLOWER at term 1 for recognizeCandidate:79090cb8-f5e7-4b44-aaee-2ebde45eb251
2019-09-05 18:57:11,843 [grpc-default-executor-3] INFO  impl.RoleInfo (RoleInfo.java:shutdownFollowerState(121)) - d945711b-809b-4fa4-8f0a-c5e7e27fd03f: shutdown FollowerState
2019-09-05 18:57:11,843 [grpc-default-executor-0] INFO  impl.RoleInfo (RoleInfo.java:shutdownFollowerState(121)) - 0f826b7c-7306-45ba-b7be-9a5dfde42038: shutdown FollowerState
2019-09-05 18:57:11,843 [grpc-default-executor-3] INFO  impl.RoleInfo (RoleInfo.java:updateAndGet(143)) - d945711b-809b-4fa4-8f0a-c5e7e27fd03f: start FollowerState
2019-09-05 18:57:11,843 [grpc-default-executor-0] INFO  impl.RoleInfo (RoleInfo.java:updateAndGet(143)) - 0f826b7c-7306-45ba-b7be-9a5dfde42038: start FollowerState
2019-09-05 18:57:11,843 [Thread-277] INFO  impl.FollowerState (FollowerState.java:run(114)) - d945711b-809b-4fa4-8f0a-c5e7e27fd03f: FollowerState was interrupted: java.lang.InterruptedException: sleep interrupted
2019-09-05 18:57:11,843 [Thread-278] INFO  impl.FollowerState (FollowerState.java:run(114)) - 0f826b7c-7306-45ba-b7be-9a5dfde42038: FollowerState was interrupted: java.lang.InterruptedException: sleep interrupted
2019-09-05 18:57:11,846 [b82aff16-802a-4dfd-a62c-cd44f21195ba:group-FFD99A53A4E8:LeaderElection11] INFO  impl.LeaderElection (LeaderElection.java:askForVotes(181)) - b82aff16-802a-4dfd-a62c-cd44f21195ba:group-FFD99A53A4E8:LeaderElection11: begin an election at term 1 for -1: [0332e08e-0f90-4d8d-a222-34b10266ec2f:192.168.36.80:42363, b82aff16-802a-4dfd-a62c-cd44f21195ba:192.168.36.80:33927, 48a61b03-e918-494d-8f69-dadad5c74fd2:192.168.36.80:44287], old=null
2019-09-05 18:57:11,859 [48a61b03-e918-494d-8f69-dadad5c74fd2:group-FFD99A53A4E8:LeaderElection8] INFO  impl.LeaderElection (LeaderElection.java:logAndReturn(56)) - 48a61b03-e918-494d-8f69-dadad5c74fd2:group-FFD99A53A4E8:LeaderElection8: Election REJECTED; received 2 response(s) [48a61b03-e918-494d-8f69-dadad5c74fd2<-0332e08e-0f90-4d8d-a222-34b10266ec2f#0:FAIL-t1, 48a61b03-e918-494d-8f69-dadad5c74fd2<-b82aff16-802a-4dfd-a62c-cd44f21195ba#0:FAIL-t1] and 0 exception(s); 48a61b03-e918-494d-8f69-dadad5c74fd2:t1, leader=null, voted=48a61b03-e918-494d-8f69-dadad5c74fd2, raftlog=48a61b03-e918-494d-8f69-dadad5c74fd2-SegmentedRaftLog:OPENED:c-1,f-1,i0, conf=-1: [0332e08e-0f90-4d8d-a222-34b10266ec2f:192.168.36.80:42363, b82aff16-802a-4dfd-a62c-cd44f21195ba:192.168.36.80:33927, 48a61b03-e918-494d-8f69-dadad5c74fd2:192.168.36.80:44287], old=null
2019-09-05 18:57:11,859 [0332e08e-0f90-4d8d-a222-34b10266ec2f:group-FFD99A53A4E8:LeaderElection9] INFO  impl.LeaderElection (LeaderElection.java:logAndReturn(56)) - 0332e08e-0f90-4d8d-a222-34b10266ec2f:group-FFD99A53A4E8:LeaderElection9: Election REJECTED; received 2 response(s) [0332e08e-0f90-4d8d-a222-34b10266ec2f<-b82aff16-802a-4dfd-a62c-cd44f21195ba#0:FAIL-t1, 0332e08e-0f90-4d8d-a222-34b10266ec2f<-48a61b03-e918-494d-8f69-dadad5c74fd2#0:FAIL-t1] and 0 exception(s); 0332e08e-0f90-4d8d-a222-34b10266ec2f:t1, leader=null, voted=0332e08e-0f90-4d8d-a222-34b10266ec2f, raftlog=0332e08e-0f90-4d8d-a222-34b10266ec2f-SegmentedRaftLog:OPENED:c-1,f-1,i0, conf=-1: [0332e08e-0f90-4d8d-a222-34b10266ec2f:192.168.36.80:42363, b82aff16-802a-4dfd-a62c-cd44f21195ba:192.168.36.80:33927, 48a61b03-e918-494d-8f69-dadad5c74fd2:192.168.36.80:44287], old=null
2019-09-05 18:57:11,859 [48a61b03-e918-494d-8f69-dadad5c74fd2:group-FFD99A53A4E8:LeaderElection8] INFO  impl.RaftServerImpl (RaftServerImpl.java:setRole(171)) - 48a61b03-e918-494d-8f69-dadad5c74fd2:group-FFD99A53A4E8 changes role from CANDIDATE to FOLLOWER at term 1 for DISCOVERED_A_NEW_TERM
2019-09-05 18:57:11,861 [48a61b03-e918-494d-8f69-dadad5c74fd2:group-FFD99A53A4E8:LeaderElection8] INFO  impl.RoleInfo (RoleInfo.java:shutdownLeaderElection(134)) - 48a61b03-e918-494d-8f69-dadad5c74fd2: shutdown LeaderElection
2019-09-05 18:57:11,859 [0332e08e-0f90-4d8d-a222-34b10266ec2f:group-FFD99A53A4E8:LeaderElection9] INFO  impl.RaftServerImpl (RaftServerImpl.java:setRole(171)) - 0332e08e-0f90-4d8d-a222-34b10266ec2f:group-FFD99A53A4E8 changes role from CANDIDATE to FOLLOWER at term 1 for DISCOVERED_A_NEW_TERM
2019-09-05 18:57:11,864 [0332e08e-0f90-4d8d-a222-34b10266ec2f:group-FFD99A53A4E8:LeaderElection9] INFO  impl.RoleInfo (RoleInfo.java:shutdownLeaderElection(134)) - 0332e08e-0f90-4d8d-a222-34b10266ec2f: shutdown LeaderElection
2019-09-05 18:57:11,864 [48a61b03-e918-494d-8f69-dadad5c74fd2:group-FFD99A53A4E8:LeaderElection8] INFO  impl.RoleInfo (RoleInfo.java:updateAndGet(143)) - 48a61b03-e918-494d-8f69-dadad5c74fd2: start FollowerState
2019-09-05 18:57:11,865 [0332e08e-0f90-4d8d-a222-34b10266ec2f:group-FFD99A53A4E8:LeaderElection9] INFO  impl.RoleInfo (RoleInfo.java:updateAndGet(143)) - 0332e08e-0f90-4d8d-a222-34b10266ec2f: start FollowerState
2019-09-05 18:57:11,876 [b82aff16-802a-4dfd-a62c-cd44f21195ba:group-FFD99A53A4E8:LeaderElection11] INFO  impl.LeaderElection (LeaderElection.java:logAndReturn(56)) - b82aff16-802a-4dfd-a62c-cd44f21195ba:group-FFD99A53A4E8:LeaderElection11: Election REJECTED; received 2 response(s) [b82aff16-802a-4dfd-a62c-cd44f21195ba<-0332e08e-0f90-4d8d-a222-34b10266ec2f#0:FAIL-t1, b82aff16-802a-4dfd-a62c-cd44f21195ba<-48a61b03-e918-494d-8f69-dadad5c74fd2#0:FAIL-t1] and 0 exception(s); b82aff16-802a-4dfd-a62c-cd44f21195ba:t1, leader=null, voted=b82aff16-802a-4dfd-a62c-cd44f21195ba, raftlog=b82aff16-802a-4dfd-a62c-cd44f21195ba-SegmentedRaftLog:OPENED:c-1,f-1,i0, conf=-1: [0332e08e-0f90-4d8d-a222-34b10266ec2f:192.168.36.80:42363, b82aff16-802a-4dfd-a62c-cd44f21195ba:192.168.36.80:33927, 48a61b03-e918-494d-8f69-dadad5c74fd2:192.168.36.80:44287], old=null
2019-09-05 18:57:11,876 [b82aff16-802a-4dfd-a62c-cd44f21195ba:group-FFD99A53A4E8:LeaderElection11] INFO  impl.RaftServerImpl (RaftServerImpl.java:setRole(171)) - b82aff16-802a-4dfd-a62c-cd44f21195ba:group-FFD99A53A4E8 changes role from CANDIDATE to FOLLOWER at term 1 for DISCOVERED_A_NEW_TERM
2019-09-05 18:57:11,879 [b82aff16-802a-4dfd-a62c-cd44f21195ba:group-FFD99A53A4E8:LeaderElection11] INFO  impl.RoleInfo (RoleInfo.java:shutdownLeaderElection(134)) - b82aff16-802a-4dfd-a62c-cd44f21195ba: shutdown LeaderElection
2019-09-05 18:57:11,879 [b82aff16-802a-4dfd-a62c-cd44f21195ba:group-FFD99A53A4E8:LeaderElection11] INFO  impl.RoleInfo (RoleInfo.java:updateAndGet(143)) - b82aff16-802a-4dfd-a62c-cd44f21195ba: start FollowerState
2019-09-05 18:57:11,883 [79090cb8-f5e7-4b44-aaee-2ebde45eb251:group-FAE588026D8F:LeaderElection10] INFO  impl.LeaderElection (LeaderElection.java:logAndReturn(56)) - 79090cb8-f5e7-4b44-aaee-2ebde45eb251:group-FAE588026D8F:LeaderElection10: Election PASSED; received 1 response(s) [79090cb8-f5e7-4b44-aaee-2ebde45eb251<-d945711b-809b-4fa4-8f0a-c5e7e27fd03f#0:OK-t1] and 0 exception(s); 79090cb8-f5e7-4b44-aaee-2ebde45eb251:t1, leader=null, voted=79090cb8-f5e7-4b44-aaee-2ebde45eb251, raftlog=79090cb8-f5e7-4b44-aaee-2ebde45eb251-SegmentedRaftLog:OPENED:c-1,f-1,i0, conf=-1: [79090cb8-f5e7-4b44-aaee-2ebde45eb251:192.168.36.80:45184, d945711b-809b-4fa4-8f0a-c5e7e27fd03f:192.168.36.80:33144, 0f826b7c-7306-45ba-b7be-9a5dfde42038:192.168.36.80:44293], old=null
2019-09-05 18:57:11,884 [79090cb8-f5e7-4b44-aaee-2ebde45eb251:group-FAE588026D8F:LeaderElection10] INFO  impl.RoleInfo (RoleInfo.java:shutdownLeaderElection(134)) - 79090cb8-f5e7-4b44-aaee-2ebde45eb251: shutdown LeaderElection
2019-09-05 18:57:11,886 [79090cb8-f5e7-4b44-aaee-2ebde45eb251:group-FAE588026D8F:LeaderElection10] INFO  impl.RaftServerImpl (RaftServerImpl.java:setRole(171)) - 79090cb8-f5e7-4b44-aaee-2ebde45eb251:group-FAE588026D8F changes role from CANDIDATE to LEADER at term 1 for changeToLeader
2019-09-05 18:57:11,886 [79090cb8-f5e7-4b44-aaee-2ebde45eb251:group-FAE588026D8F:LeaderElection10] INFO  impl.RaftServerImpl (ServerState.java:setLeader(263)) - 79090cb8-f5e7-4b44-aaee-2ebde45eb251:group-FAE588026D8F change Leader from null to 79090cb8-f5e7-4b44-aaee-2ebde45eb251 at term 1 for becomeLeader, leader elected after 5198ms
2019-09-05 18:57:11,886 [79090cb8-f5e7-4b44-aaee-2ebde45eb251:group-FAE588026D8F:LeaderElection10] INFO  server.RaftServerConfigKeys (ConfUtils.java:logGet(43)) - raft.server.staging.catchup.gap = 1000 (default)
2019-09-05 18:57:11,887 [79090cb8-f5e7-4b44-aaee-2ebde45eb251:group-FAE588026D8F:LeaderElection10] INFO  server.RaftServerConfigKeys (ConfUtils.java:logGet(43)) - raft.server.rpc.sleep.time = 25ms (default)
2019-09-05 18:57:11,887 [79090cb8-f5e7-4b44-aaee-2ebde45eb251:group-FAE588026D8F:LeaderElection10] INFO  server.RaftServerConfigKeys (ConfUtils.java:logGet(43)) - raft.server.write.element-limit = 4096 (default)
2019-09-05 18:57:11,887 [79090cb8-f5e7-4b44-aaee-2ebde45eb251:group-FAE588026D8F:LeaderElection10] INFO  server.RaftServerConfigKeys (ConfUtils.java:logGet(43)) - raft.server.watch.timeout = 10s (default)
2019-09-05 18:57:11,887 [79090cb8-f5e7-4b44-aaee-2ebde45eb251:group-FAE588026D8F:LeaderElection10] INFO  server.RaftServerConfigKeys (ConfUtils.java:logGet(43)) - raft.server.watch.timeout.denomination = 1s (default)
2019-09-05 18:57:11,887 [79090cb8-f5e7-4b44-aaee-2ebde45eb251:group-FAE588026D8F:LeaderElection10] INFO  server.RaftServerConfigKeys (ConfUtils.java:logGet(43)) - raft.server.watch.element-limit = 65536 (default)
2019-09-05 18:57:11,889 [79090cb8-f5e7-4b44-aaee-2ebde45eb251:group-FAE588026D8F:LeaderElection10] INFO  server.RaftServerConfigKeys (ConfUtils.java:logGet(43)) - raft.server.log.appender.snapshot.chunk.size.max = 16MB (=16777216) (default)
2019-09-05 18:57:11,889 [79090cb8-f5e7-4b44-aaee-2ebde45eb251:group-FAE588026D8F:LeaderElection10] INFO  server.RaftServerConfigKeys (ConfUtils.java:logGet(43)) - raft.server.log.appender.buffer.byte-limit = 33554432 (custom)
2019-09-05 18:57:11,890 [79090cb8-f5e7-4b44-aaee-2ebde45eb251:group-FAE588026D8F:LeaderElection10] INFO  server.RaftServerConfigKeys (ConfUtils.java:logGet(43)) - raft.server.log.appender.buffer.element-limit = 1 (custom)
2019-09-05 18:57:11,892 [79090cb8-f5e7-4b44-aaee-2ebde45eb251:group-FAE588026D8F:LeaderElection10] INFO  grpc.GrpcConfigKeys$Server (ConfUtils.java:logGet(43)) - raft.grpc.server.leader.outstanding.appends.max = 128 (default)
2019-09-05 18:57:11,892 [79090cb8-f5e7-4b44-aaee-2ebde45eb251:group-FAE588026D8F:LeaderElection10] INFO  server.RaftServerConfigKeys (ConfUtils.java:logGet(43)) - raft.server.rpc.request.timeout = 3000ms (default)
2019-09-05 18:57:11,892 [79090cb8-f5e7-4b44-aaee-2ebde45eb251:group-FAE588026D8F:LeaderElection10] INFO  server.RaftServerConfigKeys (ConfUtils.java:logGet(43)) - raft.server.log.appender.install.snapshot.enabled = false (custom)
2019-09-05 18:57:11,893 [79090cb8-f5e7-4b44-aaee-2ebde45eb251:group-FAE588026D8F:LeaderElection10] INFO  server.RaftServerConfigKeys (ConfUtils.java:logGet(43)) - raft.server.log.appender.snapshot.chunk.size.max = 16MB (=16777216) (default)
2019-09-05 18:57:11,893 [79090cb8-f5e7-4b44-aaee-2ebde45eb251:group-FAE588026D8F:LeaderElection10] INFO  server.RaftServerConfigKeys (ConfUtils.java:logGet(43)) - raft.server.log.appender.buffer.byte-limit = 33554432 (custom)
2019-09-05 18:57:11,893 [79090cb8-f5e7-4b44-aaee-2ebde45eb251:group-FAE588026D8F:LeaderElection10] INFO  server.RaftServerConfigKeys (ConfUtils.java:logGet(43)) - raft.server.log.appender.buffer.element-limit = 1 (custom)
2019-09-05 18:57:11,893 [79090cb8-f5e7-4b44-aaee-2ebde45eb251:group-FAE588026D8F:LeaderElection10] INFO  grpc.GrpcConfigKeys$Server (ConfUtils.java:logGet(43)) - raft.grpc.server.leader.outstanding.appends.max = 128 (default)
2019-09-05 18:57:11,893 [79090cb8-f5e7-4b44-aaee-2ebde45eb251:group-FAE588026D8F:LeaderElection10] INFO  server.RaftServerConfigKeys (ConfUtils.java:logGet(43)) - raft.server.rpc.request.timeout = 3000ms (default)
2019-09-05 18:57:11,893 [79090cb8-f5e7-4b44-aaee-2ebde45eb251:group-FAE588026D8F:LeaderElection10] INFO  server.RaftServerConfigKeys (ConfUtils.java:logGet(43)) - raft.server.log.appender.install.snapshot.enabled = false (custom)
2019-09-05 18:57:11,894 [79090cb8-f5e7-4b44-aaee-2ebde45eb251:group-FAE588026D8F:LeaderElection10] INFO  impl.RoleInfo (RoleInfo.java:updateAndGet(143)) - 79090cb8-f5e7-4b44-aaee-2ebde45eb251: start LeaderState
2019-09-05 18:57:11,894 [79090cb8-f5e7-4b44-aaee-2ebde45eb251:group-FAE588026D8F:LeaderElection10] INFO  segmented.SegmentedRaftLogWorker (SegmentedRaftLogWorker.java:startLogSegment(380)) - 79090cb8-f5e7-4b44-aaee-2ebde45eb251-SegmentedRaftLogWorker:Storage Directory /workdir/hadoop-ozone/integration-test/target/test-dir/MiniOzoneClusterImpl-756306cc-38d8-43d8-837b-a337f9b5af48/datanode-2/data/ratis/d445ed2d-1c81-46f5-ab2d-fae588026d8f: Starting segment from index:0
2019-09-05 18:57:11,895 [79090cb8-f5e7-4b44-aaee-2ebde45eb251:group-FAE588026D8F:LeaderElection10] INFO  impl.RaftServerImpl (ServerState.java:setRaftConf(361)) - 79090cb8-f5e7-4b44-aaee-2ebde45eb251:group-FAE588026D8F set configuration 0: [79090cb8-f5e7-4b44-aaee-2ebde45eb251:192.168.36.80:45184, d945711b-809b-4fa4-8f0a-c5e7e27fd03f:192.168.36.80:33144, 0f826b7c-7306-45ba-b7be-9a5dfde42038:192.168.36.80:44293], old=null at 0
2019-09-05 18:57:11,933 [grpc-default-executor-0] INFO  impl.RaftServerImpl (ServerState.java:setLeader(263)) - 0f826b7c-7306-45ba-b7be-9a5dfde42038:group-FAE588026D8F change Leader from null to 79090cb8-f5e7-4b44-aaee-2ebde45eb251 at term 1 for appendEntries, leader elected after 5243ms
2019-09-05 18:57:11,939 [grpc-default-executor-3] INFO  impl.RaftServerImpl (ServerState.java:setLeader(263)) - d945711b-809b-4fa4-8f0a-c5e7e27fd03f:group-FAE588026D8F change Leader from null to 79090cb8-f5e7-4b44-aaee-2ebde45eb251 at term 1 for appendEntries, leader elected after 5250ms
2019-09-05 18:57:11,951 [79090cb8-f5e7-4b44-aaee-2ebde45eb251-SegmentedRaftLogWorker:Storage Directory /workdir/hadoop-ozone/integration-test/target/test-dir/MiniOzoneClusterImpl-756306cc-38d8-43d8-837b-a337f9b5af48/datanode-2/data/ratis/d445ed2d-1c81-46f5-ab2d-fae588026d8f] INFO  segmented.SegmentedRaftLogWorker (SegmentedRaftLogWorker.java:execute(569)) - 79090cb8-f5e7-4b44-aaee-2ebde45eb251-SegmentedRaftLogWorker:Storage Directory /workdir/hadoop-ozone/integration-test/target/test-dir/MiniOzoneClusterImpl-756306cc-38d8-43d8-837b-a337f9b5af48/datanode-2/data/ratis/d445ed2d-1c81-46f5-ab2d-fae588026d8f: created new log segment /workdir/hadoop-ozone/integration-test/target/test-dir/MiniOzoneClusterImpl-756306cc-38d8-43d8-837b-a337f9b5af48/datanode-2/data/ratis/d445ed2d-1c81-46f5-ab2d-fae588026d8f/current/log_inprogress_0
2019-09-05 18:57:11,973 [grpc-default-executor-0] INFO  impl.RaftServerImpl (ServerState.java:setRaftConf(361)) - d945711b-809b-4fa4-8f0a-c5e7e27fd03f:group-FAE588026D8F set configuration 0: [79090cb8-f5e7-4b44-aaee-2ebde45eb251:192.168.36.80:45184, d945711b-809b-4fa4-8f0a-c5e7e27fd03f:192.168.36.80:33144, 0f826b7c-7306-45ba-b7be-9a5dfde42038:192.168.36.80:44293], old=null at 0
2019-09-05 18:57:11,973 [grpc-default-executor-3] INFO  impl.RaftServerImpl (ServerState.java:setRaftConf(361)) - 0f826b7c-7306-45ba-b7be-9a5dfde42038:group-FAE588026D8F set configuration 0: [79090cb8-f5e7-4b44-aaee-2ebde45eb251:192.168.36.80:45184, d945711b-809b-4fa4-8f0a-c5e7e27fd03f:192.168.36.80:33144, 0f826b7c-7306-45ba-b7be-9a5dfde42038:192.168.36.80:44293], old=null at 0
2019-09-05 18:57:11,974 [grpc-default-executor-0] INFO  segmented.SegmentedRaftLogWorker (SegmentedRaftLogWorker.java:startLogSegment(380)) - d945711b-809b-4fa4-8f0a-c5e7e27fd03f-SegmentedRaftLogWorker:Storage Directory /workdir/hadoop-ozone/integration-test/target/test-dir/MiniOzoneClusterImpl-756306cc-38d8-43d8-837b-a337f9b5af48/datanode-4/data/ratis/d445ed2d-1c81-46f5-ab2d-fae588026d8f: Starting segment from index:0
2019-09-05 18:57:11,974 [grpc-default-executor-3] INFO  segmented.SegmentedRaftLogWorker (SegmentedRaftLogWorker.java:startLogSegment(380)) - 0f826b7c-7306-45ba-b7be-9a5dfde42038-SegmentedRaftLogWorker:Storage Directory /workdir/hadoop-ozone/integration-test/target/test-dir/MiniOzoneClusterImpl-756306cc-38d8-43d8-837b-a337f9b5af48/datanode-5/data/ratis/d445ed2d-1c81-46f5-ab2d-fae588026d8f: Starting segment from index:0
2019-09-05 18:57:12,041 [0f826b7c-7306-45ba-b7be-9a5dfde42038-SegmentedRaftLogWorker:Storage Directory /workdir/hadoop-ozone/integration-test/target/test-dir/MiniOzoneClusterImpl-756306cc-38d8-43d8-837b-a337f9b5af48/datanode-5/data/ratis/d445ed2d-1c81-46f5-ab2d-fae588026d8f] INFO  segmented.SegmentedRaftLogWorker (SegmentedRaftLogWorker.java:execute(569)) - 0f826b7c-7306-45ba-b7be-9a5dfde42038-SegmentedRaftLogWorker:Storage Directory /workdir/hadoop-ozone/integration-test/target/test-dir/MiniOzoneClusterImpl-756306cc-38d8-43d8-837b-a337f9b5af48/datanode-5/data/ratis/d445ed2d-1c81-46f5-ab2d-fae588026d8f: created new log segment /workdir/hadoop-ozone/integration-test/target/test-dir/MiniOzoneClusterImpl-756306cc-38d8-43d8-837b-a337f9b5af48/datanode-5/data/ratis/d445ed2d-1c81-46f5-ab2d-fae588026d8f/current/log_inprogress_0
2019-09-05 18:57:12,041 [d945711b-809b-4fa4-8f0a-c5e7e27fd03f-SegmentedRaftLogWorker:Storage Directory /workdir/hadoop-ozone/integration-test/target/test-dir/MiniOzoneClusterImpl-756306cc-38d8-43d8-837b-a337f9b5af48/datanode-4/data/ratis/d445ed2d-1c81-46f5-ab2d-fae588026d8f] INFO  segmented.SegmentedRaftLogWorker (SegmentedRaftLogWorker.java:execute(569)) - d945711b-809b-4fa4-8f0a-c5e7e27fd03f-SegmentedRaftLogWorker:Storage Directory /workdir/hadoop-ozone/integration-test/target/test-dir/MiniOzoneClusterImpl-756306cc-38d8-43d8-837b-a337f9b5af48/datanode-4/data/ratis/d445ed2d-1c81-46f5-ab2d-fae588026d8f: created new log segment /workdir/hadoop-ozone/integration-test/target/test-dir/MiniOzoneClusterImpl-756306cc-38d8-43d8-837b-a337f9b5af48/datanode-4/data/ratis/d445ed2d-1c81-46f5-ab2d-fae588026d8f/current/log_inprogress_0
2019-09-05 18:57:12,389 [grpc-default-executor-3] INFO  client.GrpcClientProtocolClient (GrpcClientProtocolClient.java:onNext(255)) - client-01B2BC296912->0332e08e-0f90-4d8d-a222-34b10266ec2f: receive RaftClientReply:client-01B2BC296912->0332e08e-0f90-4d8d-a222-34b10266ec2f@group-FFD99A53A4E8, cid=13, FAILED org.apache.ratis.protocol.NotLeaderException: Server 0332e08e-0f90-4d8d-a222-34b10266ec2f is not the leader (null). Request must be sent to leader., logIndex=0, commits[0332e08e-0f90-4d8d-a222-34b10266ec2f:c-1]
2019-09-05 18:57:13,412 [grpc-default-executor-3] INFO  client.GrpcClientProtocolClient (GrpcClientProtocolClient.java:onNext(255)) - client-01B2BC296912->b82aff16-802a-4dfd-a62c-cd44f21195ba: receive RaftClientReply:client-01B2BC296912->b82aff16-802a-4dfd-a62c-cd44f21195ba@group-FFD99A53A4E8, cid=13, FAILED org.apache.ratis.protocol.NotLeaderException: Server b82aff16-802a-4dfd-a62c-cd44f21195ba is not the leader (null). Request must be sent to leader., logIndex=0, commits[b82aff16-802a-4dfd-a62c-cd44f21195ba:c-1]
2019-09-05 18:57:14,430 [grpc-default-executor-0] INFO  client.GrpcClientProtocolClient (GrpcClientProtocolClient.java:onNext(255)) - client-01B2BC296912->48a61b03-e918-494d-8f69-dadad5c74fd2: receive RaftClientReply:client-01B2BC296912->48a61b03-e918-494d-8f69-dadad5c74fd2@group-FFD99A53A4E8, cid=13, FAILED org.apache.ratis.protocol.NotLeaderException: Server 48a61b03-e918-494d-8f69-dadad5c74fd2 is not the leader (null). Request must be sent to leader., logIndex=0, commits[48a61b03-e918-494d-8f69-dadad5c74fd2:c-1]
2019-09-05 18:57:15,449 [grpc-default-executor-0] INFO  client.GrpcClientProtocolClient (GrpcClientProtocolClient.java:onNext(255)) - client-01B2BC296912->b82aff16-802a-4dfd-a62c-cd44f21195ba: receive RaftClientReply:client-01B2BC296912->b82aff16-802a-4dfd-a62c-cd44f21195ba@group-FFD99A53A4E8, cid=13, FAILED org.apache.ratis.protocol.NotLeaderException: Server b82aff16-802a-4dfd-a62c-cd44f21195ba is not the leader (null). Request must be sent to leader., logIndex=0, commits[b82aff16-802a-4dfd-a62c-cd44f21195ba:c-1]
2019-09-05 18:57:16,467 [grpc-default-executor-3] INFO  client.GrpcClientProtocolClient (GrpcClientProtocolClient.java:onNext(255)) - client-01B2BC296912->48a61b03-e918-494d-8f69-dadad5c74fd2: receive RaftClientReply:client-01B2BC296912->48a61b03-e918-494d-8f69-dadad5c74fd2@group-FFD99A53A4E8, cid=13, FAILED org.apache.ratis.protocol.NotLeaderException: Server 48a61b03-e918-494d-8f69-dadad5c74fd2 is not the leader (null). Request must be sent to leader., logIndex=0, commits[48a61b03-e918-494d-8f69-dadad5c74fd2:c-1]
2019-09-05 18:57:16,975 [Thread-325] INFO  impl.FollowerState (FollowerState.java:run(106)) - 48a61b03-e918-494d-8f69-dadad5c74fd2:group-FFD99A53A4E8 changes to CANDIDATE, lastRpcTime:5110, electionTimeout:5108ms
2019-09-05 18:57:16,977 [Thread-325] INFO  impl.RoleInfo (RoleInfo.java:shutdownFollowerState(121)) - 48a61b03-e918-494d-8f69-dadad5c74fd2: shutdown FollowerState
2019-09-05 18:57:16,977 [Thread-325] INFO  impl.RaftServerImpl (RaftServerImpl.java:setRole(171)) - 48a61b03-e918-494d-8f69-dadad5c74fd2:group-FFD99A53A4E8 changes role from FOLLOWER to CANDIDATE at term 1 for changeToCandidate
2019-09-05 18:57:16,978 [Thread-325] INFO  impl.RoleInfo (RoleInfo.java:updateAndGet(143)) - 48a61b03-e918-494d-8f69-dadad5c74fd2: start LeaderElection
2019-09-05 18:57:17,000 [48a61b03-e918-494d-8f69-dadad5c74fd2:group-FFD99A53A4E8:LeaderElection12] INFO  impl.LeaderElection (LeaderElection.java:askForVotes(181)) - 48a61b03-e918-494d-8f69-dadad5c74fd2:group-FFD99A53A4E8:LeaderElection12: begin an election at term 2 for -1: [0332e08e-0f90-4d8d-a222-34b10266ec2f:192.168.36.80:42363, b82aff16-802a-4dfd-a62c-cd44f21195ba:192.168.36.80:33927, 48a61b03-e918-494d-8f69-dadad5c74fd2:192.168.36.80:44287], old=null
2019-09-05 18:57:17,014 [grpc-default-executor-0] INFO  impl.RaftServerImpl (RaftServerImpl.java:setRole(171)) - 0332e08e-0f90-4d8d-a222-34b10266ec2f:group-FFD99A53A4E8 changes role from FOLLOWER to FOLLOWER at term 2 for recognizeCandidate:48a61b03-e918-494d-8f69-dadad5c74fd2
2019-09-05 18:57:17,014 [grpc-default-executor-3] INFO  impl.RaftServerImpl (RaftServerImpl.java:setRole(171)) - b82aff16-802a-4dfd-a62c-cd44f21195ba:group-FFD99A53A4E8 changes role from FOLLOWER to FOLLOWER at term 2 for recognizeCandidate:48a61b03-e918-494d-8f69-dadad5c74fd2
2019-09-05 18:57:17,014 [grpc-default-executor-0] INFO  impl.RoleInfo (RoleInfo.java:shutdownFollowerState(121)) - 0332e08e-0f90-4d8d-a222-34b10266ec2f: shutdown FollowerState
2019-09-05 18:57:17,015 [grpc-default-executor-3] INFO  impl.RoleInfo (RoleInfo.java:shutdownFollowerState(121)) - b82aff16-802a-4dfd-a62c-cd44f21195ba: shutdown FollowerState
2019-09-05 18:57:17,015 [grpc-default-executor-0] INFO  impl.RoleInfo (RoleInfo.java:updateAndGet(143)) - 0332e08e-0f90-4d8d-a222-34b10266ec2f: start FollowerState
2019-09-05 18:57:17,015 [Thread-327] INFO  impl.FollowerState (FollowerState.java:run(114)) - b82aff16-802a-4dfd-a62c-cd44f21195ba: FollowerState was interrupted: java.lang.InterruptedException: sleep interrupted
2019-09-05 18:57:17,015 [Thread-326] INFO  impl.FollowerState (FollowerState.java:run(114)) - 0332e08e-0f90-4d8d-a222-34b10266ec2f: FollowerState was interrupted: java.lang.InterruptedException: sleep interrupted
2019-09-05 18:57:17,015 [grpc-default-executor-3] INFO  impl.RoleInfo (RoleInfo.java:updateAndGet(143)) - b82aff16-802a-4dfd-a62c-cd44f21195ba: start FollowerState
2019-09-05 18:57:17,035 [48a61b03-e918-494d-8f69-dadad5c74fd2:group-FFD99A53A4E8:LeaderElection12] INFO  impl.LeaderElection (LeaderElection.java:logAndReturn(56)) - 48a61b03-e918-494d-8f69-dadad5c74fd2:group-FFD99A53A4E8:LeaderElection12: Election PASSED; received 1 response(s) [48a61b03-e918-494d-8f69-dadad5c74fd2<-b82aff16-802a-4dfd-a62c-cd44f21195ba#0:OK-t2] and 0 exception(s); 48a61b03-e918-494d-8f69-dadad5c74fd2:t2, leader=null, voted=48a61b03-e918-494d-8f69-dadad5c74fd2, raftlog=48a61b03-e918-494d-8f69-dadad5c74fd2-SegmentedRaftLog:OPENED:c-1,f-1,i0, conf=-1: [0332e08e-0f90-4d8d-a222-34b10266ec2f:192.168.36.80:42363, b82aff16-802a-4dfd-a62c-cd44f21195ba:192.168.36.80:33927, 48a61b03-e918-494d-8f69-dadad5c74fd2:192.168.36.80:44287], old=null
2019-09-05 18:57:17,035 [48a61b03-e918-494d-8f69-dadad5c74fd2:group-FFD99A53A4E8:LeaderElection12] INFO  impl.RoleInfo (RoleInfo.java:shutdownLeaderElection(134)) - 48a61b03-e918-494d-8f69-dadad5c74fd2: shutdown LeaderElection
2019-09-05 18:57:17,046 [48a61b03-e918-494d-8f69-dadad5c74fd2:group-FFD99A53A4E8:LeaderElection12] INFO  impl.RaftServerImpl (RaftServerImpl.java:setRole(171)) - 48a61b03-e918-494d-8f69-dadad5c74fd2:group-FFD99A53A4E8 changes role from CANDIDATE to LEADER at term 2 for changeToLeader
2019-09-05 18:57:17,046 [48a61b03-e918-494d-8f69-dadad5c74fd2:group-FFD99A53A4E8:LeaderElection12] INFO  impl.RaftServerImpl (ServerState.java:setLeader(263)) - 48a61b03-e918-494d-8f69-dadad5c74fd2:group-FFD99A53A4E8 change Leader from null to 48a61b03-e918-494d-8f69-dadad5c74fd2 at term 2 for becomeLeader, leader elected after 10458ms
2019-09-05 18:57:17,046 [48a61b03-e918-494d-8f69-dadad5c74fd2:group-FFD99A53A4E8:LeaderElection12] INFO  server.RaftServerConfigKeys (ConfUtils.java:logGet(43)) - raft.server.staging.catchup.gap = 1000 (default)
2019-09-05 18:57:17,046 [48a61b03-e918-494d-8f69-dadad5c74fd2:group-FFD99A53A4E8:LeaderElection12] INFO  server.RaftServerConfigKeys (ConfUtils.java:logGet(43)) - raft.server.rpc.sleep.time = 25ms (default)
2019-09-05 18:57:17,046 [48a61b03-e918-494d-8f69-dadad5c74fd2:group-FFD99A53A4E8:LeaderElection12] INFO  server.RaftServerConfigKeys (ConfUtils.java:logGet(43)) - raft.server.write.element-limit = 4096 (default)
2019-09-05 18:57:17,046 [48a61b03-e918-494d-8f69-dadad5c74fd2:group-FFD99A53A4E8:LeaderElection12] INFO  server.RaftServerConfigKeys (ConfUtils.java:logGet(43)) - raft.server.watch.timeout = 10s (default)
2019-09-05 18:57:17,046 [48a61b03-e918-494d-8f69-dadad5c74fd2:group-FFD99A53A4E8:LeaderElection12] INFO  server.RaftServerConfigKeys (ConfUtils.java:logGet(43)) - raft.server.watch.timeout.denomination = 1s (default)
2019-09-05 18:57:17,047 [48a61b03-e918-494d-8f69-dadad5c74fd2:group-FFD99A53A4E8:LeaderElection12] INFO  server.RaftServerConfigKeys (ConfUtils.java:logGet(43)) - raft.server.watch.element-limit = 65536 (default)
2019-09-05 18:57:17,047 [48a61b03-e918-494d-8f69-dadad5c74fd2:group-FFD99A53A4E8:LeaderElection12] INFO  server.RaftServerConfigKeys (ConfUtils.java:logGet(43)) - raft.server.log.appender.snapshot.chunk.size.max = 16MB (=16777216) (default)
2019-09-05 18:57:17,047 [48a61b03-e918-494d-8f69-dadad5c74fd2:group-FFD99A53A4E8:LeaderElection12] INFO  server.RaftServerConfigKeys (ConfUtils.java:logGet(43)) - raft.server.log.appender.buffer.byte-limit = 33554432 (custom)
2019-09-05 18:57:17,047 [48a61b03-e918-494d-8f69-dadad5c74fd2:group-FFD99A53A4E8:LeaderElection12] INFO  server.RaftServerConfigKeys (ConfUtils.java:logGet(43)) - raft.server.log.appender.buffer.element-limit = 1 (custom)
2019-09-05 18:57:17,047 [48a61b03-e918-494d-8f69-dadad5c74fd2:group-FFD99A53A4E8:LeaderElection12] INFO  grpc.GrpcConfigKeys$Server (ConfUtils.java:logGet(43)) - raft.grpc.server.leader.outstanding.appends.max = 128 (default)
2019-09-05 18:57:17,049 [48a61b03-e918-494d-8f69-dadad5c74fd2:group-FFD99A53A4E8:LeaderElection12] INFO  server.RaftServerConfigKeys (ConfUtils.java:logGet(43)) - raft.server.rpc.request.timeout = 3000ms (default)
2019-09-05 18:57:17,050 [48a61b03-e918-494d-8f69-dadad5c74fd2:group-FFD99A53A4E8:LeaderElection12] INFO  server.RaftServerConfigKeys (ConfUtils.java:logGet(43)) - raft.server.log.appender.install.snapshot.enabled = false (custom)
2019-09-05 18:57:17,050 [48a61b03-e918-494d-8f69-dadad5c74fd2:group-FFD99A53A4E8:LeaderElection12] INFO  server.RaftServerConfigKeys (ConfUtils.java:logGet(43)) - raft.server.log.appender.snapshot.chunk.size.max = 16MB (=16777216) (default)
2019-09-05 18:57:17,050 [48a61b03-e918-494d-8f69-dadad5c74fd2:group-FFD99A53A4E8:LeaderElection12] INFO  server.RaftServerConfigKeys (ConfUtils.java:logGet(43)) - raft.server.log.appender.buffer.byte-limit = 33554432 (custom)
2019-09-05 18:57:17,050 [48a61b03-e918-494d-8f69-dadad5c74fd2:group-FFD99A53A4E8:LeaderElection12] INFO  server.RaftServerConfigKeys (ConfUtils.java:logGet(43)) - raft.server.log.appender.buffer.element-limit = 1 (custom)
2019-09-05 18:57:17,050 [48a61b03-e918-494d-8f69-dadad5c74fd2:group-FFD99A53A4E8:LeaderElection12] INFO  grpc.GrpcConfigKeys$Server (ConfUtils.java:logGet(43)) - raft.grpc.server.leader.outstanding.appends.max = 128 (default)
2019-09-05 18:57:17,050 [48a61b03-e918-494d-8f69-dadad5c74fd2:group-FFD99A53A4E8:LeaderElection12] INFO  server.RaftServerConfigKeys (ConfUtils.java:logGet(43)) - raft.server.rpc.request.timeout = 3000ms (default)
2019-09-05 18:57:17,050 [48a61b03-e918-494d-8f69-dadad5c74fd2:group-FFD99A53A4E8:LeaderElection12] INFO  server.RaftServerConfigKeys (ConfUtils.java:logGet(43)) - raft.server.log.appender.install.snapshot.enabled = false (custom)
2019-09-05 18:57:17,050 [48a61b03-e918-494d-8f69-dadad5c74fd2:group-FFD99A53A4E8:LeaderElection12] INFO  impl.RoleInfo (RoleInfo.java:updateAndGet(143)) - 48a61b03-e918-494d-8f69-dadad5c74fd2: start LeaderState
2019-09-05 18:57:17,051 [48a61b03-e918-494d-8f69-dadad5c74fd2:group-FFD99A53A4E8:LeaderElection12] INFO  segmented.SegmentedRaftLogWorker (SegmentedRaftLogWorker.java:startLogSegment(380)) - 48a61b03-e918-494d-8f69-dadad5c74fd2-SegmentedRaftLogWorker:Storage Directory /workdir/hadoop-ozone/integration-test/target/test-dir/MiniOzoneClusterImpl-756306cc-38d8-43d8-837b-a337f9b5af48/datanode-0/data/ratis/11668a67-d255-433f-ab5d-ffd99a53a4e8: Starting segment from index:0
2019-09-05 18:57:17,052 [48a61b03-e918-494d-8f69-dadad5c74fd2:group-FFD99A53A4E8:LeaderElection12] INFO  impl.RaftServerImpl (ServerState.java:setRaftConf(361)) - 48a61b03-e918-494d-8f69-dadad5c74fd2:group-FFD99A53A4E8 set configuration 0: [0332e08e-0f90-4d8d-a222-34b10266ec2f:192.168.36.80:42363, b82aff16-802a-4dfd-a62c-cd44f21195ba:192.168.36.80:33927, 48a61b03-e918-494d-8f69-dadad5c74fd2:192.168.36.80:44287], old=null at 0
2019-09-05 18:57:17,054 [grpc-default-executor-0] INFO  impl.RaftServerImpl (ServerState.java:setLeader(263)) - 0332e08e-0f90-4d8d-a222-34b10266ec2f:group-FFD99A53A4E8 change Leader from null to 48a61b03-e918-494d-8f69-dadad5c74fd2 at term 2 for appendEntries, leader elected after 10467ms
2019-09-05 18:57:17,082 [grpc-default-executor-3] INFO  impl.RaftServerImpl (ServerState.java:setLeader(263)) - b82aff16-802a-4dfd-a62c-cd44f21195ba:group-FFD99A53A4E8 change Leader from null to 48a61b03-e918-494d-8f69-dadad5c74fd2 at term 2 for appendEntries, leader elected after 10494ms
2019-09-05 18:57:17,086 [grpc-default-executor-3] INFO  impl.RaftServerImpl (ServerState.java:setRaftConf(361)) - b82aff16-802a-4dfd-a62c-cd44f21195ba:group-FFD99A53A4E8 set configuration 0: [0332e08e-0f90-4d8d-a222-34b10266ec2f:192.168.36.80:42363, b82aff16-802a-4dfd-a62c-cd44f21195ba:192.168.36.80:33927, 48a61b03-e918-494d-8f69-dadad5c74fd2:192.168.36.80:44287], old=null at 0
2019-09-05 18:57:17,086 [grpc-default-executor-0] INFO  impl.RaftServerImpl (ServerState.java:setRaftConf(361)) - 0332e08e-0f90-4d8d-a222-34b10266ec2f:group-FFD99A53A4E8 set configuration 0: [0332e08e-0f90-4d8d-a222-34b10266ec2f:192.168.36.80:42363, b82aff16-802a-4dfd-a62c-cd44f21195ba:192.168.36.80:33927, 48a61b03-e918-494d-8f69-dadad5c74fd2:192.168.36.80:44287], old=null at 0
2019-09-05 18:57:17,086 [grpc-default-executor-3] INFO  segmented.SegmentedRaftLogWorker (SegmentedRaftLogWorker.java:startLogSegment(380)) - b82aff16-802a-4dfd-a62c-cd44f21195ba-SegmentedRaftLogWorker:Storage Directory /workdir/hadoop-ozone/integration-test/target/test-dir/MiniOzoneClusterImpl-756306cc-38d8-43d8-837b-a337f9b5af48/datanode-3/data/ratis/11668a67-d255-433f-ab5d-ffd99a53a4e8: Starting segment from index:0
2019-09-05 18:57:17,086 [grpc-default-executor-0] INFO  segmented.SegmentedRaftLogWorker (SegmentedRaftLogWorker.java:startLogSegment(380)) - 0332e08e-0f90-4d8d-a222-34b10266ec2f-SegmentedRaftLogWorker:Storage Directory /workdir/hadoop-ozone/integration-test/target/test-dir/MiniOzoneClusterImpl-756306cc-38d8-43d8-837b-a337f9b5af48/datanode-6/data/ratis/11668a67-d255-433f-ab5d-ffd99a53a4e8: Starting segment from index:0
2019-09-05 18:57:17,108 [48a61b03-e918-494d-8f69-dadad5c74fd2-SegmentedRaftLogWorker:Storage Directory /workdir/hadoop-ozone/integration-test/target/test-dir/MiniOzoneClusterImpl-756306cc-38d8-43d8-837b-a337f9b5af48/datanode-0/data/ratis/11668a67-d255-433f-ab5d-ffd99a53a4e8] INFO  segmented.SegmentedRaftLogWorker (SegmentedRaftLogWorker.java:execute(569)) - 48a61b03-e918-494d-8f69-dadad5c74fd2-SegmentedRaftLogWorker:Storage Directory /workdir/hadoop-ozone/integration-test/target/test-dir/MiniOzoneClusterImpl-756306cc-38d8-43d8-837b-a337f9b5af48/datanode-0/data/ratis/11668a67-d255-433f-ab5d-ffd99a53a4e8: created new log segment /workdir/hadoop-ozone/integration-test/target/test-dir/MiniOzoneClusterImpl-756306cc-38d8-43d8-837b-a337f9b5af48/datanode-0/data/ratis/11668a67-d255-433f-ab5d-ffd99a53a4e8/current/log_inprogress_0
2019-09-05 18:57:17,124 [b82aff16-802a-4dfd-a62c-cd44f21195ba-SegmentedRaftLogWorker:Storage Directory /workdir/hadoop-ozone/integration-test/target/test-dir/MiniOzoneClusterImpl-756306cc-38d8-43d8-837b-a337f9b5af48/datanode-3/data/ratis/11668a67-d255-433f-ab5d-ffd99a53a4e8] INFO  segmented.SegmentedRaftLogWorker (SegmentedRaftLogWorker.java:execute(569)) - b82aff16-802a-4dfd-a62c-cd44f21195ba-SegmentedRaftLogWorker:Storage Directory /workdir/hadoop-ozone/integration-test/target/test-dir/MiniOzoneClusterImpl-756306cc-38d8-43d8-837b-a337f9b5af48/datanode-3/data/ratis/11668a67-d255-433f-ab5d-ffd99a53a4e8: created new log segment /workdir/hadoop-ozone/integration-test/target/test-dir/MiniOzoneClusterImpl-756306cc-38d8-43d8-837b-a337f9b5af48/datanode-3/data/ratis/11668a67-d255-433f-ab5d-ffd99a53a4e8/current/log_inprogress_0
2019-09-05 18:57:17,124 [0332e08e-0f90-4d8d-a222-34b10266ec2f-SegmentedRaftLogWorker:Storage Directory /workdir/hadoop-ozone/integration-test/target/test-dir/MiniOzoneClusterImpl-756306cc-38d8-43d8-837b-a337f9b5af48/datanode-6/data/ratis/11668a67-d255-433f-ab5d-ffd99a53a4e8] INFO  segmented.SegmentedRaftLogWorker (SegmentedRaftLogWorker.java:execute(569)) - 0332e08e-0f90-4d8d-a222-34b10266ec2f-SegmentedRaftLogWorker:Storage Directory /workdir/hadoop-ozone/integration-test/target/test-dir/MiniOzoneClusterImpl-756306cc-38d8-43d8-837b-a337f9b5af48/datanode-6/data/ratis/11668a67-d255-433f-ab5d-ffd99a53a4e8: created new log segment /workdir/hadoop-ozone/integration-test/target/test-dir/MiniOzoneClusterImpl-756306cc-38d8-43d8-837b-a337f9b5af48/datanode-6/data/ratis/11668a67-d255-433f-ab5d-ffd99a53a4e8/current/log_inprogress_0
2019-09-05 18:57:17,486 [grpc-default-executor-0] INFO  client.GrpcClientProtocolClient (GrpcClientProtocolClient.java:onNext(255)) - client-01B2BC296912->b82aff16-802a-4dfd-a62c-cd44f21195ba: receive RaftClientReply:client-01B2BC296912->b82aff16-802a-4dfd-a62c-cd44f21195ba@group-FFD99A53A4E8, cid=13, FAILED org.apache.ratis.protocol.NotLeaderException: Server b82aff16-802a-4dfd-a62c-cd44f21195ba is not the leader (48a61b03-e918-494d-8f69-dadad5c74fd2:192.168.36.80:44287). Request must be sent to leader., logIndex=0, commits[b82aff16-802a-4dfd-a62c-cd44f21195ba:c-1, 0332e08e-0f90-4d8d-a222-34b10266ec2f:c-1, 48a61b03-e918-494d-8f69-dadad5c74fd2:c-1]
2019-09-05 18:57:17,908 [grpc-default-executor-5] INFO  client.GrpcClientProtocolClient (GrpcClientProtocolClient.java:onNext(255)) - client-01B2BC296912->48a61b03-e918-494d-8f69-dadad5c74fd2: receive RaftClientReply:client-01B2BC296912->48a61b03-e918-494d-8f69-dadad5c74fd2@group-FFD99A53A4E8, cid=13, SUCCESS, logIndex=1, commits[48a61b03-e918-494d-8f69-dadad5c74fd2:c2, 0332e08e-0f90-4d8d-a222-34b10266ec2f:c0, b82aff16-802a-4dfd-a62c-cd44f21195ba:c1]
2019-09-05 18:57:17,945 [grpc-default-executor-0] INFO  client.GrpcClientProtocolClient (GrpcClientProtocolClient.java:onNext(255)) - client-01B2BC296912->48a61b03-e918-494d-8f69-dadad5c74fd2: receive RaftClientReply:client-01B2BC296912->48a61b03-e918-494d-8f69-dadad5c74fd2@group-FFD99A53A4E8, cid=14, SUCCESS, logIndex=3, commits[48a61b03-e918-494d-8f69-dadad5c74fd2:c3, 0332e08e-0f90-4d8d-a222-34b10266ec2f:c2, b82aff16-802a-4dfd-a62c-cd44f21195ba:c2]
2019-09-05 18:57:18,046 [grpc-default-executor-3] INFO  client.GrpcClientProtocolClient (GrpcClientProtocolClient.java:onNext(255)) - client-01B2BC296912->48a61b03-e918-494d-8f69-dadad5c74fd2: receive RaftClientReply:client-01B2BC296912->48a61b03-e918-494d-8f69-dadad5c74fd2@group-FFD99A53A4E8, cid=15, SUCCESS, logIndex=4, commits[48a61b03-e918-494d-8f69-dadad5c74fd2:c11, 0332e08e-0f90-4d8d-a222-34b10266ec2f:c7, b82aff16-802a-4dfd-a62c-cd44f21195ba:c7]
2019-09-05 18:57:18,048 [grpc-default-executor-3] INFO  client.GrpcClientProtocolClient (GrpcClientProtocolClient.java:onNext(255)) - client-01B2BC296912->48a61b03-e918-494d-8f69-dadad5c74fd2: receive RaftClientReply:client-01B2BC296912->48a61b03-e918-494d-8f69-dadad5c74fd2@group-FFD99A53A4E8, cid=16, SUCCESS, logIndex=5, commits[48a61b03-e918-494d-8f69-dadad5c74fd2:c11, 0332e08e-0f90-4d8d-a222-34b10266ec2f:c7, b82aff16-802a-4dfd-a62c-cd44f21195ba:c7]
2019-09-05 18:57:18,048 [grpc-default-executor-3] INFO  client.GrpcClientProtocolClient (GrpcClientProtocolClient.java:onNext(255)) - client-01B2BC296912->48a61b03-e918-494d-8f69-dadad5c74fd2: receive RaftClientReply:client-01B2BC296912->48a61b03-e918-494d-8f69-dadad5c74fd2@group-FFD99A53A4E8, cid=17, SUCCESS, logIndex=6, commits[48a61b03-e918-494d-8f69-dadad5c74fd2:c11, 0332e08e-0f90-4d8d-a222-34b10266ec2f:c7, b82aff16-802a-4dfd-a62c-cd44f21195ba:c7]
2019-09-05 18:57:18,295 [grpc-default-executor-3] INFO  client.GrpcClientProtocolClient (GrpcClientProtocolClient.java:onNext(255)) - client-01B2BC296912->48a61b03-e918-494d-8f69-dadad5c74fd2: receive RaftClientReply:client-01B2BC296912->48a61b03-e918-494d-8f69-dadad5c74fd2@group-FFD99A53A4E8, cid=18, SUCCESS, logIndex=7, commits[48a61b03-e918-494d-8f69-dadad5c74fd2:c11, 0332e08e-0f90-4d8d-a222-34b10266ec2f:c7, b82aff16-802a-4dfd-a62c-cd44f21195ba:c7]
2019-09-05 18:57:18,333 [grpc-default-executor-5] INFO  client.GrpcClientProtocolClient (GrpcClientProtocolClient.java:onNext(255)) - client-01B2BC296912->48a61b03-e918-494d-8f69-dadad5c74fd2: receive RaftClientReply:client-01B2BC296912->48a61b03-e918-494d-8f69-dadad5c74fd2@group-FFD99A53A4E8, cid=19, SUCCESS, logIndex=12, commits[48a61b03-e918-494d-8f69-dadad5c74fd2:c12, 0332e08e-0f90-4d8d-a222-34b10266ec2f:c7, b82aff16-802a-4dfd-a62c-cd44f21195ba:c11]
2019-09-05 18:57:18,353 [grpc-default-executor-3] INFO  client.GrpcClientProtocolClient (GrpcClientProtocolClient.java:onNext(255)) - client-01B2BC296912->48a61b03-e918-494d-8f69-dadad5c74fd2: receive RaftClientReply:client-01B2BC296912->48a61b03-e918-494d-8f69-dadad5c74fd2@group-FFD99A53A4E8, cid=20, SUCCESS, logIndex=13, commits[48a61b03-e918-494d-8f69-dadad5c74fd2:c14, 0332e08e-0f90-4d8d-a222-34b10266ec2f:c12, b82aff16-802a-4dfd-a62c-cd44f21195ba:c11]
2019-09-05 18:57:19,370 [main] WARN  scm.XceiverClientRatis (XceiverClientRatis.java:watchForCommit(262)) - 3 way commit failed on pipeline Pipeline[ Id: 11668a67-d255-433f-ab5d-ffd99a53a4e8, Nodes: 48a61b03-e918-494d-8f69-dadad5c74fd2{ip: 192.168.36.80, host: pr-hdds-1982-decom-states-p4sss-1559755178, networkLocation: /default-rack, certSerialId: null}b82aff16-802a-4dfd-a62c-cd44f21195ba{ip: 192.168.36.80, host: pr-hdds-1982-decom-states-p4sss-1559755178, networkLocation: /default-rack, certSerialId: null}0332e08e-0f90-4d8d-a222-34b10266ec2f{ip: 192.168.36.80, host: pr-hdds-1982-decom-states-p4sss-1559755178, networkLocation: /default-rack, certSerialId: null}, Type:RATIS, Factor:THREE, State:OPEN]
java.util.concurrent.TimeoutException
	at java.util.concurrent.CompletableFuture.timedGet(CompletableFuture.java:1771)
	at java.util.concurrent.CompletableFuture.get(CompletableFuture.java:1915)
	at org.apache.hadoop.hdds.scm.XceiverClientRatis.watchForCommit(XceiverClientRatis.java:259)
	at org.apache.hadoop.hdds.scm.storage.CommitWatcher.watchForCommit(CommitWatcher.java:194)
	at org.apache.hadoop.hdds.scm.storage.CommitWatcher.watchOnLastIndex(CommitWatcher.java:157)
	at org.apache.hadoop.hdds.scm.storage.BlockOutputStream.watchForCommit(BlockOutputStream.java:347)
	at org.apache.hadoop.hdds.scm.storage.BlockOutputStream.handleFlush(BlockOutputStream.java:479)
	at org.apache.hadoop.hdds.scm.storage.BlockOutputStream.flush(BlockOutputStream.java:428)
	at org.apache.hadoop.ozone.client.io.BlockOutputStreamEntry.flush(BlockOutputStreamEntry.java:136)
	at org.apache.hadoop.ozone.client.io.KeyOutputStream.handleFlushOrClose(KeyOutputStream.java:442)
	at org.apache.hadoop.ozone.client.io.KeyOutputStream.flush(KeyOutputStream.java:396)
	at org.apache.hadoop.ozone.client.io.OzoneOutputStream.flush(OzoneOutputStream.java:54)
	at org.apache.hadoop.ozone.client.rpc.TestBlockOutputStreamWithFailures.test2DatanodesFailure(TestBlockOutputStreamWithFailures.java:461)
	at sun.reflect.NativeMethodAccessorImpl.invoke0(Native Method)
	at sun.reflect.NativeMethodAccessorImpl.invoke(NativeMethodAccessorImpl.java:62)
	at sun.reflect.DelegatingMethodAccessorImpl.invoke(DelegatingMethodAccessorImpl.java:43)
	at java.lang.reflect.Method.invoke(Method.java:498)
	at org.junit.runners.model.FrameworkMethod$1.runReflectiveCall(FrameworkMethod.java:47)
	at org.junit.internal.runners.model.ReflectiveCallable.run(ReflectiveCallable.java:12)
	at org.junit.runners.model.FrameworkMethod.invokeExplosively(FrameworkMethod.java:44)
	at org.junit.internal.runners.statements.InvokeMethod.evaluate(InvokeMethod.java:17)
	at org.junit.internal.runners.statements.RunBefores.evaluate(RunBefores.java:26)
	at org.junit.internal.runners.statements.RunAfters.evaluate(RunAfters.java:27)
	at org.junit.runners.ParentRunner.runLeaf(ParentRunner.java:271)
	at org.junit.runners.BlockJUnit4ClassRunner.runChild(BlockJUnit4ClassRunner.java:70)
	at org.junit.runners.BlockJUnit4ClassRunner.runChild(BlockJUnit4ClassRunner.java:50)
	at org.junit.runners.ParentRunner$3.run(ParentRunner.java:238)
	at org.junit.runners.ParentRunner$1.schedule(ParentRunner.java:63)
	at org.junit.runners.ParentRunner.runChildren(ParentRunner.java:236)
	at org.junit.runners.ParentRunner.access$000(ParentRunner.java:53)
	at org.junit.runners.ParentRunner$2.evaluate(ParentRunner.java:229)
	at org.junit.runners.ParentRunner.run(ParentRunner.java:309)
	at org.apache.maven.surefire.junit4.JUnit4Provider.execute(JUnit4Provider.java:365)
	at org.apache.maven.surefire.junit4.JUnit4Provider.executeWithRerun(JUnit4Provider.java:273)
	at org.apache.maven.surefire.junit4.JUnit4Provider.executeTestSet(JUnit4Provider.java:238)
	at org.apache.maven.surefire.junit4.JUnit4Provider.invoke(JUnit4Provider.java:159)
	at org.apache.maven.surefire.booter.ForkedBooter.invokeProviderInSameClassLoader(ForkedBooter.java:384)
	at org.apache.maven.surefire.booter.ForkedBooter.runSuitesInProcess(ForkedBooter.java:345)
	at org.apache.maven.surefire.booter.ForkedBooter.execute(ForkedBooter.java:126)
	at org.apache.maven.surefire.booter.ForkedBooter.main(ForkedBooter.java:418)
2019-09-05 18:57:20,374 [main] WARN  storage.CommitWatcher (CommitWatcher.java:watchForCommit(203)) - watchForCommit failed for index 13
java.util.concurrent.TimeoutException
	at java.util.concurrent.CompletableFuture.timedGet(CompletableFuture.java:1771)
	at java.util.concurrent.CompletableFuture.get(CompletableFuture.java:1915)
	at org.apache.hadoop.hdds.scm.XceiverClientRatis.watchForCommit(XceiverClientRatis.java:268)
	at org.apache.hadoop.hdds.scm.storage.CommitWatcher.watchForCommit(CommitWatcher.java:194)
	at org.apache.hadoop.hdds.scm.storage.CommitWatcher.watchOnLastIndex(CommitWatcher.java:157)
	at org.apache.hadoop.hdds.scm.storage.BlockOutputStream.watchForCommit(BlockOutputStream.java:347)
	at org.apache.hadoop.hdds.scm.storage.BlockOutputStream.handleFlush(BlockOutputStream.java:479)
	at org.apache.hadoop.hdds.scm.storage.BlockOutputStream.flush(BlockOutputStream.java:428)
	at org.apache.hadoop.ozone.client.io.BlockOutputStreamEntry.flush(BlockOutputStreamEntry.java:136)
	at org.apache.hadoop.ozone.client.io.KeyOutputStream.handleFlushOrClose(KeyOutputStream.java:442)
	at org.apache.hadoop.ozone.client.io.KeyOutputStream.flush(KeyOutputStream.java:396)
	at org.apache.hadoop.ozone.client.io.OzoneOutputStream.flush(OzoneOutputStream.java:54)
	at org.apache.hadoop.ozone.client.rpc.TestBlockOutputStreamWithFailures.test2DatanodesFailure(TestBlockOutputStreamWithFailures.java:461)
	at sun.reflect.NativeMethodAccessorImpl.invoke0(Native Method)
	at sun.reflect.NativeMethodAccessorImpl.invoke(NativeMethodAccessorImpl.java:62)
	at sun.reflect.DelegatingMethodAccessorImpl.invoke(DelegatingMethodAccessorImpl.java:43)
	at java.lang.reflect.Method.invoke(Method.java:498)
	at org.junit.runners.model.FrameworkMethod$1.runReflectiveCall(FrameworkMethod.java:47)
	at org.junit.internal.runners.model.ReflectiveCallable.run(ReflectiveCallable.java:12)
	at org.junit.runners.model.FrameworkMethod.invokeExplosively(FrameworkMethod.java:44)
	at org.junit.internal.runners.statements.InvokeMethod.evaluate(InvokeMethod.java:17)
	at org.junit.internal.runners.statements.RunBefores.evaluate(RunBefores.java:26)
	at org.junit.internal.runners.statements.RunAfters.evaluate(RunAfters.java:27)
	at org.junit.runners.ParentRunner.runLeaf(ParentRunner.java:271)
	at org.junit.runners.BlockJUnit4ClassRunner.runChild(BlockJUnit4ClassRunner.java:70)
	at org.junit.runners.BlockJUnit4ClassRunner.runChild(BlockJUnit4ClassRunner.java:50)
	at org.junit.runners.ParentRunner$3.run(ParentRunner.java:238)
	at org.junit.runners.ParentRunner$1.schedule(ParentRunner.java:63)
	at org.junit.runners.ParentRunner.runChildren(ParentRunner.java:236)
	at org.junit.runners.ParentRunner.access$000(ParentRunner.java:53)
	at org.junit.runners.ParentRunner$2.evaluate(ParentRunner.java:229)
	at org.junit.runners.ParentRunner.run(ParentRunner.java:309)
	at org.apache.maven.surefire.junit4.JUnit4Provider.execute(JUnit4Provider.java:365)
	at org.apache.maven.surefire.junit4.JUnit4Provider.executeWithRerun(JUnit4Provider.java:273)
	at org.apache.maven.surefire.junit4.JUnit4Provider.executeTestSet(JUnit4Provider.java:238)
	at org.apache.maven.surefire.junit4.JUnit4Provider.invoke(JUnit4Provider.java:159)
	at org.apache.maven.surefire.booter.ForkedBooter.invokeProviderInSameClassLoader(ForkedBooter.java:384)
	at org.apache.maven.surefire.booter.ForkedBooter.runSuitesInProcess(ForkedBooter.java:345)
	at org.apache.maven.surefire.booter.ForkedBooter.execute(ForkedBooter.java:126)
	at org.apache.maven.surefire.booter.ForkedBooter.main(ForkedBooter.java:418)
2019-09-05 18:57:20,376 [main] WARN  io.KeyOutputStream (KeyOutputStream.java:handleException(276)) - Encountered exception java.io.IOException: Unexpected Storage Container Exception: java.io.IOException: Unexpected Storage Container Exception: java.util.concurrent.TimeoutException on the pipeline Pipeline[ Id: 11668a67-d255-433f-ab5d-ffd99a53a4e8, Nodes: 48a61b03-e918-494d-8f69-dadad5c74fd2{ip: 192.168.36.80, host: pr-hdds-1982-decom-states-p4sss-1559755178, networkLocation: /default-rack, certSerialId: null}b82aff16-802a-4dfd-a62c-cd44f21195ba{ip: 192.168.36.80, host: pr-hdds-1982-decom-states-p4sss-1559755178, networkLocation: /default-rack, certSerialId: null}0332e08e-0f90-4d8d-a222-34b10266ec2f{ip: 192.168.36.80, host: pr-hdds-1982-decom-states-p4sss-1559755178, networkLocation: /default-rack, certSerialId: null}, Type:RATIS, Factor:THREE, State:OPEN]. The last committed block length is 400, uncommitted data length is 50 retry count 0
2019-09-05 18:57:20,435 [grpc-default-executor-5] INFO  client.GrpcClientProtocolClient (GrpcClientProtocolClient.java:onNext(255)) - client-0E0B0D942E02->d945711b-809b-4fa4-8f0a-c5e7e27fd03f: receive RaftClientReply:client-0E0B0D942E02->d945711b-809b-4fa4-8f0a-c5e7e27fd03f@group-FAE588026D8F, cid=23, FAILED org.apache.ratis.protocol.NotLeaderException: Server d945711b-809b-4fa4-8f0a-c5e7e27fd03f is not the leader (79090cb8-f5e7-4b44-aaee-2ebde45eb251:192.168.36.80:45184). Request must be sent to leader., logIndex=0, commits[d945711b-809b-4fa4-8f0a-c5e7e27fd03f:c0, 79090cb8-f5e7-4b44-aaee-2ebde45eb251:c0, 0f826b7c-7306-45ba-b7be-9a5dfde42038:c0]
2019-09-05 18:57:20,632 [grpc-default-executor-3] INFO  client.GrpcClientProtocolClient (GrpcClientProtocolClient.java:onNext(255)) - client-0E0B0D942E02->79090cb8-f5e7-4b44-aaee-2ebde45eb251: receive RaftClientReply:client-0E0B0D942E02->79090cb8-f5e7-4b44-aaee-2ebde45eb251@group-FAE588026D8F, cid=23, SUCCESS, logIndex=1, commits[79090cb8-f5e7-4b44-aaee-2ebde45eb251:c1, d945711b-809b-4fa4-8f0a-c5e7e27fd03f:c0, 0f826b7c-7306-45ba-b7be-9a5dfde42038:c0]
2019-09-05 18:57:20,699 [grpc-default-executor-3] INFO  client.GrpcClientProtocolClient (GrpcClientProtocolClient.java:onNext(255)) - client-0E0B0D942E02->79090cb8-f5e7-4b44-aaee-2ebde45eb251: receive RaftClientReply:client-0E0B0D942E02->79090cb8-f5e7-4b44-aaee-2ebde45eb251@group-FAE588026D8F, cid=24, SUCCESS, logIndex=3, commits[79090cb8-f5e7-4b44-aaee-2ebde45eb251:c4, d945711b-809b-4fa4-8f0a-c5e7e27fd03f:c2, 0f826b7c-7306-45ba-b7be-9a5dfde42038:c2]
2019-09-05 18:57:20,873 [grpc-default-executor-5] INFO  client.GrpcClientProtocolClient (GrpcClientProtocolClient.java:onNext(255)) - client-01B2BC296912->48a61b03-e918-494d-8f69-dadad5c74fd2: receive RaftClientReply:client-01B2BC296912->48a61b03-e918-494d-8f69-dadad5c74fd2@group-FFD99A53A4E8, cid=22, SUCCESS, logIndex=0, commits[48a61b03-e918-494d-8f69-dadad5c74fd2:c15, 0332e08e-0f90-4d8d-a222-34b10266ec2f:c15, b82aff16-802a-4dfd-a62c-cd44f21195ba:c12]
2019-09-05 18:57:20,877 [grpc-default-executor-3] INFO  client.GrpcClientProtocolClient (GrpcClientProtocolClient.java:onNext(255)) - client-01B2BC296912->48a61b03-e918-494d-8f69-dadad5c74fd2: receive RaftClientReply:client-01B2BC296912->48a61b03-e918-494d-8f69-dadad5c74fd2@group-FFD99A53A4E8, cid=21, SUCCESS, logIndex=0, commits[48a61b03-e918-494d-8f69-dadad5c74fd2:c15, 0332e08e-0f90-4d8d-a222-34b10266ec2f:c15, b82aff16-802a-4dfd-a62c-cd44f21195ba:c15]
2019-09-05 18:57:21,702 [main] WARN  scm.XceiverClientRatis (XceiverClientRatis.java:watchForCommit(262)) - 3 way commit failed on pipeline Pipeline[ Id: d445ed2d-1c81-46f5-ab2d-fae588026d8f, Nodes: d945711b-809b-4fa4-8f0a-c5e7e27fd03f{ip: 192.168.36.80, host: pr-hdds-1982-decom-states-p4sss-1559755178, networkLocation: /default-rack, certSerialId: null}0f826b7c-7306-45ba-b7be-9a5dfde42038{ip: 192.168.36.80, host: pr-hdds-1982-decom-states-p4sss-1559755178, networkLocation: /default-rack, certSerialId: null}79090cb8-f5e7-4b44-aaee-2ebde45eb251{ip: 192.168.36.80, host: pr-hdds-1982-decom-states-p4sss-1559755178, networkLocation: /default-rack, certSerialId: null}, Type:RATIS, Factor:THREE, State:OPEN]
java.util.concurrent.TimeoutException
	at java.util.concurrent.CompletableFuture.timedGet(CompletableFuture.java:1771)
	at java.util.concurrent.CompletableFuture.get(CompletableFuture.java:1915)
	at org.apache.hadoop.hdds.scm.XceiverClientRatis.watchForCommit(XceiverClientRatis.java:259)
	at org.apache.hadoop.hdds.scm.storage.CommitWatcher.watchForCommit(CommitWatcher.java:194)
	at org.apache.hadoop.hdds.scm.storage.CommitWatcher.watchOnLastIndex(CommitWatcher.java:157)
	at org.apache.hadoop.hdds.scm.storage.BlockOutputStream.watchForCommit(BlockOutputStream.java:347)
	at org.apache.hadoop.hdds.scm.storage.BlockOutputStream.handleFlush(BlockOutputStream.java:479)
	at org.apache.hadoop.hdds.scm.storage.BlockOutputStream.flush(BlockOutputStream.java:428)
	at org.apache.hadoop.ozone.client.io.BlockOutputStreamEntry.flush(BlockOutputStreamEntry.java:136)
	at org.apache.hadoop.ozone.client.io.KeyOutputStream.handleFlushOrClose(KeyOutputStream.java:442)
	at org.apache.hadoop.ozone.client.io.KeyOutputStream.flush(KeyOutputStream.java:396)
	at org.apache.hadoop.ozone.client.io.OzoneOutputStream.flush(OzoneOutputStream.java:54)
	at org.apache.hadoop.ozone.client.rpc.TestBlockOutputStreamWithFailures.test2DatanodesFailure(TestBlockOutputStreamWithFailures.java:461)
	at sun.reflect.NativeMethodAccessorImpl.invoke0(Native Method)
	at sun.reflect.NativeMethodAccessorImpl.invoke(NativeMethodAccessorImpl.java:62)
	at sun.reflect.DelegatingMethodAccessorImpl.invoke(DelegatingMethodAccessorImpl.java:43)
	at java.lang.reflect.Method.invoke(Method.java:498)
	at org.junit.runners.model.FrameworkMethod$1.runReflectiveCall(FrameworkMethod.java:47)
	at org.junit.internal.runners.model.ReflectiveCallable.run(ReflectiveCallable.java:12)
	at org.junit.runners.model.FrameworkMethod.invokeExplosively(FrameworkMethod.java:44)
	at org.junit.internal.runners.statements.InvokeMethod.evaluate(InvokeMethod.java:17)
	at org.junit.internal.runners.statements.RunBefores.evaluate(RunBefores.java:26)
	at org.junit.internal.runners.statements.RunAfters.evaluate(RunAfters.java:27)
	at org.junit.runners.ParentRunner.runLeaf(ParentRunner.java:271)
	at org.junit.runners.BlockJUnit4ClassRunner.runChild(BlockJUnit4ClassRunner.java:70)
	at org.junit.runners.BlockJUnit4ClassRunner.runChild(BlockJUnit4ClassRunner.java:50)
	at org.junit.runners.ParentRunner$3.run(ParentRunner.java:238)
	at org.junit.runners.ParentRunner$1.schedule(ParentRunner.java:63)
	at org.junit.runners.ParentRunner.runChildren(ParentRunner.java:236)
	at org.junit.runners.ParentRunner.access$000(ParentRunner.java:53)
	at org.junit.runners.ParentRunner$2.evaluate(ParentRunner.java:229)
	at org.junit.runners.ParentRunner.run(ParentRunner.java:309)
	at org.apache.maven.surefire.junit4.JUnit4Provider.execute(JUnit4Provider.java:365)
	at org.apache.maven.surefire.junit4.JUnit4Provider.executeWithRerun(JUnit4Provider.java:273)
	at org.apache.maven.surefire.junit4.JUnit4Provider.executeTestSet(JUnit4Provider.java:238)
	at org.apache.maven.surefire.junit4.JUnit4Provider.invoke(JUnit4Provider.java:159)
	at org.apache.maven.surefire.booter.ForkedBooter.invokeProviderInSameClassLoader(ForkedBooter.java:384)
	at org.apache.maven.surefire.booter.ForkedBooter.runSuitesInProcess(ForkedBooter.java:345)
	at org.apache.maven.surefire.booter.ForkedBooter.execute(ForkedBooter.java:126)
	at org.apache.maven.surefire.booter.ForkedBooter.main(ForkedBooter.java:418)
2019-09-05 18:57:22,703 [main] WARN  storage.CommitWatcher (CommitWatcher.java:watchForCommit(203)) - watchForCommit failed for index 3
java.util.concurrent.TimeoutException
	at java.util.concurrent.CompletableFuture.timedGet(CompletableFuture.java:1771)
	at java.util.concurrent.CompletableFuture.get(CompletableFuture.java:1915)
	at org.apache.hadoop.hdds.scm.XceiverClientRatis.watchForCommit(XceiverClientRatis.java:268)
	at org.apache.hadoop.hdds.scm.storage.CommitWatcher.watchForCommit(CommitWatcher.java:194)
	at org.apache.hadoop.hdds.scm.storage.CommitWatcher.watchOnLastIndex(CommitWatcher.java:157)
	at org.apache.hadoop.hdds.scm.storage.BlockOutputStream.watchForCommit(BlockOutputStream.java:347)
	at org.apache.hadoop.hdds.scm.storage.BlockOutputStream.handleFlush(BlockOutputStream.java:479)
	at org.apache.hadoop.hdds.scm.storage.BlockOutputStream.flush(BlockOutputStream.java:428)
	at org.apache.hadoop.ozone.client.io.BlockOutputStreamEntry.flush(BlockOutputStreamEntry.java:136)
	at org.apache.hadoop.ozone.client.io.KeyOutputStream.handleFlushOrClose(KeyOutputStream.java:442)
	at org.apache.hadoop.ozone.client.io.KeyOutputStream.flush(KeyOutputStream.java:396)
	at org.apache.hadoop.ozone.client.io.OzoneOutputStream.flush(OzoneOutputStream.java:54)
	at org.apache.hadoop.ozone.client.rpc.TestBlockOutputStreamWithFailures.test2DatanodesFailure(TestBlockOutputStreamWithFailures.java:461)
	at sun.reflect.NativeMethodAccessorImpl.invoke0(Native Method)
	at sun.reflect.NativeMethodAccessorImpl.invoke(NativeMethodAccessorImpl.java:62)
	at sun.reflect.DelegatingMethodAccessorImpl.invoke(DelegatingMethodAccessorImpl.java:43)
	at java.lang.reflect.Method.invoke(Method.java:498)
	at org.junit.runners.model.FrameworkMethod$1.runReflectiveCall(FrameworkMethod.java:47)
	at org.junit.internal.runners.model.ReflectiveCallable.run(ReflectiveCallable.java:12)
	at org.junit.runners.model.FrameworkMethod.invokeExplosively(FrameworkMethod.java:44)
	at org.junit.internal.runners.statements.InvokeMethod.evaluate(InvokeMethod.java:17)
	at org.junit.internal.runners.statements.RunBefores.evaluate(RunBefores.java:26)
	at org.junit.internal.runners.statements.RunAfters.evaluate(RunAfters.java:27)
	at org.junit.runners.ParentRunner.runLeaf(ParentRunner.java:271)
	at org.junit.runners.BlockJUnit4ClassRunner.runChild(BlockJUnit4ClassRunner.java:70)
	at org.junit.runners.BlockJUnit4ClassRunner.runChild(BlockJUnit4ClassRunner.java:50)
	at org.junit.runners.ParentRunner$3.run(ParentRunner.java:238)
	at org.junit.runners.ParentRunner$1.schedule(ParentRunner.java:63)
	at org.junit.runners.ParentRunner.runChildren(ParentRunner.java:236)
	at org.junit.runners.ParentRunner.access$000(ParentRunner.java:53)
	at org.junit.runners.ParentRunner$2.evaluate(ParentRunner.java:229)
	at org.junit.runners.ParentRunner.run(ParentRunner.java:309)
	at org.apache.maven.surefire.junit4.JUnit4Provider.execute(JUnit4Provider.java:365)
	at org.apache.maven.surefire.junit4.JUnit4Provider.executeWithRerun(JUnit4Provider.java:273)
	at org.apache.maven.surefire.junit4.JUnit4Provider.executeTestSet(JUnit4Provider.java:238)
	at org.apache.maven.surefire.junit4.JUnit4Provider.invoke(JUnit4Provider.java:159)
	at org.apache.maven.surefire.booter.ForkedBooter.invokeProviderInSameClassLoader(ForkedBooter.java:384)
	at org.apache.maven.surefire.booter.ForkedBooter.runSuitesInProcess(ForkedBooter.java:345)
	at org.apache.maven.surefire.booter.ForkedBooter.execute(ForkedBooter.java:126)
	at org.apache.maven.surefire.booter.ForkedBooter.main(ForkedBooter.java:418)
2019-09-05 18:57:22,705 [main] WARN  io.KeyOutputStream (KeyOutputStream.java:handleException(276)) - Encountered exception java.io.IOException: Unexpected Storage Container Exception: java.io.IOException: Unexpected Storage Container Exception: java.util.concurrent.TimeoutException on the pipeline Pipeline[ Id: d445ed2d-1c81-46f5-ab2d-fae588026d8f, Nodes: d945711b-809b-4fa4-8f0a-c5e7e27fd03f{ip: 192.168.36.80, host: pr-hdds-1982-decom-states-p4sss-1559755178, networkLocation: /default-rack, certSerialId: null}0f826b7c-7306-45ba-b7be-9a5dfde42038{ip: 192.168.36.80, host: pr-hdds-1982-decom-states-p4sss-1559755178, networkLocation: /default-rack, certSerialId: null}79090cb8-f5e7-4b44-aaee-2ebde45eb251{ip: 192.168.36.80, host: pr-hdds-1982-decom-states-p4sss-1559755178, networkLocation: /default-rack, certSerialId: null}, Type:RATIS, Factor:THREE, State:OPEN]. The last committed block length is 0, uncommitted data length is 50 retry count 0
2019-09-05 18:57:22,715 [IPC Server handler 17 on 34800] WARN  block.BlockManagerImpl (BlockManagerImpl.java:allocateBlock(192)) - Pipeline creation failed for type:RATIS factor:THREE. Retrying get pipelines call once.
org.apache.hadoop.hdds.scm.pipeline.InsufficientDatanodesException: Cannot create pipeline of factor 3 using 1 nodes.
	at org.apache.hadoop.hdds.scm.pipeline.RatisPipelineProvider.create(RatisPipelineProvider.java:152)
	at org.apache.hadoop.hdds.scm.pipeline.PipelineFactory.create(PipelineFactory.java:57)
	at org.apache.hadoop.hdds.scm.pipeline.SCMPipelineManager.createPipeline(SCMPipelineManager.java:151)
	at org.apache.hadoop.hdds.scm.block.BlockManagerImpl.allocateBlock(BlockManagerImpl.java:190)
	at org.apache.hadoop.hdds.scm.server.SCMBlockProtocolServer.allocateBlock(SCMBlockProtocolServer.java:182)
	at org.apache.hadoop.ozone.protocolPB.ScmBlockLocationProtocolServerSideTranslatorPB.allocateScmBlock(ScmBlockLocationProtocolServerSideTranslatorPB.java:183)
	at org.apache.hadoop.ozone.protocolPB.ScmBlockLocationProtocolServerSideTranslatorPB.processMessage(ScmBlockLocationProtocolServerSideTranslatorPB.java:141)
	at org.apache.hadoop.ozone.protocolPB.ScmBlockLocationProtocolServerSideTranslatorPB.send(ScmBlockLocationProtocolServerSideTranslatorPB.java:116)
	at org.apache.hadoop.hdds.protocol.proto.ScmBlockLocationProtocolProtos$ScmBlockLocationProtocolService$2.callBlockingMethod(ScmBlockLocationProtocolProtos.java:13157)
	at org.apache.hadoop.ipc.ProtobufRpcEngine$Server$ProtoBufRpcInvoker.call(ProtobufRpcEngine.java:524)
	at org.apache.hadoop.ipc.RPC$Server.call(RPC.java:1025)
	at org.apache.hadoop.ipc.Server$RpcCall.run(Server.java:876)
	at org.apache.hadoop.ipc.Server$RpcCall.run(Server.java:822)
	at java.security.AccessController.doPrivileged(Native Method)
	at javax.security.auth.Subject.doAs(Subject.java:422)
	at org.apache.hadoop.security.UserGroupInformation.doAs(UserGroupInformation.java:1730)
	at org.apache.hadoop.ipc.Server$Handler.run(Server.java:2682)
2019-09-05 18:57:22,717 [IPC Server handler 17 on 34800] INFO  block.BlockManagerImpl (BlockManagerImpl.java:allocateBlock(198)) - Could not find available pipeline of type:RATIS and factor:THREE even after retrying
2019-09-05 18:57:22,718 [IPC Server handler 17 on 34800] ERROR block.BlockManagerImpl (BlockManagerImpl.java:allocateBlock(222)) - Unable to allocate a block for the size: 800, type: RATIS, factor: THREE
2019-09-05 18:57:22,726 [main] ERROR io.BlockOutputStreamEntryPool (BlockOutputStreamEntryPool.java:allocateBlockIfNeeded(299)) - Try to allocate more blocks for write failed, already allocated 0 blocks for this write.
INTERNAL_ERROR org.apache.hadoop.ozone.om.exceptions.OMException: Allocated 0 blocks. Requested 1 blocks
	at org.apache.hadoop.ozone.om.protocolPB.OzoneManagerProtocolClientSideTranslatorPB.handleError(OzoneManagerProtocolClientSideTranslatorPB.java:725)
	at org.apache.hadoop.ozone.om.protocolPB.OzoneManagerProtocolClientSideTranslatorPB.allocateBlock(OzoneManagerProtocolClientSideTranslatorPB.java:757)
	at org.apache.hadoop.ozone.client.io.BlockOutputStreamEntryPool.allocateNewBlock(BlockOutputStreamEntryPool.java:248)
	at org.apache.hadoop.ozone.client.io.BlockOutputStreamEntryPool.allocateBlockIfNeeded(BlockOutputStreamEntryPool.java:296)
	at org.apache.hadoop.ozone.client.io.KeyOutputStream.handleWrite(KeyOutputStream.java:201)
	at org.apache.hadoop.ozone.client.io.KeyOutputStream.handleRetry(KeyOutputStream.java:376)
	at org.apache.hadoop.ozone.client.io.KeyOutputStream.handleException(KeyOutputStream.java:325)
	at org.apache.hadoop.ozone.client.io.KeyOutputStream.handleFlushOrClose(KeyOutputStream.java:448)
	at org.apache.hadoop.ozone.client.io.KeyOutputStream.flush(KeyOutputStream.java:396)
	at org.apache.hadoop.ozone.client.io.OzoneOutputStream.flush(OzoneOutputStream.java:54)
	at org.apache.hadoop.ozone.client.rpc.TestBlockOutputStreamWithFailures.test2DatanodesFailure(TestBlockOutputStreamWithFailures.java:461)
	at sun.reflect.NativeMethodAccessorImpl.invoke0(Native Method)
	at sun.reflect.NativeMethodAccessorImpl.invoke(NativeMethodAccessorImpl.java:62)
	at sun.reflect.DelegatingMethodAccessorImpl.invoke(DelegatingMethodAccessorImpl.java:43)
	at java.lang.reflect.Method.invoke(Method.java:498)
	at org.junit.runners.model.FrameworkMethod$1.runReflectiveCall(FrameworkMethod.java:47)
	at org.junit.internal.runners.model.ReflectiveCallable.run(ReflectiveCallable.java:12)
	at org.junit.runners.model.FrameworkMethod.invokeExplosively(FrameworkMethod.java:44)
	at org.junit.internal.runners.statements.InvokeMethod.evaluate(InvokeMethod.java:17)
	at org.junit.internal.runners.statements.RunBefores.evaluate(RunBefores.java:26)
	at org.junit.internal.runners.statements.RunAfters.evaluate(RunAfters.java:27)
	at org.junit.runners.ParentRunner.runLeaf(ParentRunner.java:271)
	at org.junit.runners.BlockJUnit4ClassRunner.runChild(BlockJUnit4ClassRunner.java:70)
	at org.junit.runners.BlockJUnit4ClassRunner.runChild(BlockJUnit4ClassRunner.java:50)
	at org.junit.runners.ParentRunner$3.run(ParentRunner.java:238)
	at org.junit.runners.ParentRunner$1.schedule(ParentRunner.java:63)
	at org.junit.runners.ParentRunner.runChildren(ParentRunner.java:236)
	at org.junit.runners.ParentRunner.access$000(ParentRunner.java:53)
	at org.junit.runners.ParentRunner$2.evaluate(ParentRunner.java:229)
	at org.junit.runners.ParentRunner.run(ParentRunner.java:309)
	at org.apache.maven.surefire.junit4.JUnit4Provider.execute(JUnit4Provider.java:365)
	at org.apache.maven.surefire.junit4.JUnit4Provider.executeWithRerun(JUnit4Provider.java:273)
	at org.apache.maven.surefire.junit4.JUnit4Provider.executeTestSet(JUnit4Provider.java:238)
	at org.apache.maven.surefire.junit4.JUnit4Provider.invoke(JUnit4Provider.java:159)
	at org.apache.maven.surefire.booter.ForkedBooter.invokeProviderInSameClassLoader(ForkedBooter.java:384)
	at org.apache.maven.surefire.booter.ForkedBooter.runSuitesInProcess(ForkedBooter.java:345)
	at org.apache.maven.surefire.booter.ForkedBooter.execute(ForkedBooter.java:126)
	at org.apache.maven.surefire.booter.ForkedBooter.main(ForkedBooter.java:418)
2019-09-05 18:57:22,728 [main] INFO  ozone.MiniOzoneClusterImpl (MiniOzoneClusterImpl.java:shutdown(307)) - Shutting down the Mini Ozone Cluster
2019-09-05 18:57:22,728 [main] INFO  ozone.MiniOzoneClusterImpl (MiniOzoneClusterImpl.java:stop(322)) - Stopping the Mini Ozone Cluster
2019-09-05 18:57:22,728 [main] INFO  ozone.MiniOzoneClusterImpl (MiniOzoneClusterImpl.java:stop(324)) - Stopping the OzoneManager
2019-09-05 18:57:22,729 [main] INFO  ipc.Server (Server.java:stop(3082)) - Stopping server on 38641
2019-09-05 18:57:22,743 [IPC Server listener on 38641] INFO  ipc.Server (Server.java:run(1185)) - Stopping IPC Server listener on 38641
2019-09-05 18:57:22,743 [main] INFO  ratis.OzoneManagerDoubleBuffer (OzoneManagerDoubleBuffer.java:stop(248)) - Stopping OMDoubleBuffer flush thread
2019-09-05 18:57:22,759 [IPC Server Responder] INFO  ipc.Server (Server.java:run(1319)) - Stopping IPC Server Responder
2019-09-05 18:57:22,760 [OMDoubleBufferFlushThread] INFO  ratis.OzoneManagerDoubleBuffer (OzoneManagerDoubleBuffer.java:flushTransactions(191)) - OMDoubleBuffer flush thread OMDoubleBufferFlushThread is interrupted and will exit. OMDoubleBufferFlushThread
2019-09-05 18:57:22,762 [main] INFO  utils.BackgroundService (BackgroundService.java:shutdown(148)) - Shutting down service KeyDeletingService
2019-09-05 18:57:22,766 [main] INFO  handler.ContextHandler (ContextHandler.java:doStop(910)) - Stopped o.e.j.w.WebAppContext@3766c667{/,null,UNAVAILABLE}{/ozoneManager}
2019-09-05 18:57:22,771 [main] INFO  server.AbstractConnector (AbstractConnector.java:doStop(318)) - Stopped ServerConnector@773c0293{HTTP/1.1,[http/1.1]}{0.0.0.0:0}
2019-09-05 18:57:22,772 [main] INFO  handler.ContextHandler (ContextHandler.java:doStop(910)) - Stopped o.e.j.s.ServletContextHandler@74fe5966{/static,file:///workdir/hadoop-ozone/integration-test/target/test-classes/webapps/static,UNAVAILABLE}
2019-09-05 18:57:22,772 [main] INFO  handler.ContextHandler (ContextHandler.java:doStop(910)) - Stopped o.e.j.s.ServletContextHandler@30331109{/logs,file:///workdir/hadoop-ozone/integration-test/target/log,UNAVAILABLE}
2019-09-05 18:57:22,776 [main] INFO  ozone.MiniOzoneClusterImpl (MiniOzoneClusterImpl.java:stop(330)) - Shutting the HddsDatanodes
2019-09-05 18:57:23,088 [Datanode State Machine Thread - 0] INFO  statemachine.DatanodeStateMachine (DatanodeStateMachine.java:lambda$startDaemon$0(350)) - Ozone container server started.
2019-09-05 18:57:23,166 [grpc-default-executor-3] INFO  client.GrpcClientProtocolClient (GrpcClientProtocolClient.java:onNext(255)) - client-0E0B0D942E02->79090cb8-f5e7-4b44-aaee-2ebde45eb251: receive RaftClientReply:client-0E0B0D942E02->79090cb8-f5e7-4b44-aaee-2ebde45eb251@group-FAE588026D8F, cid=26, SUCCESS, logIndex=0, commits[79090cb8-f5e7-4b44-aaee-2ebde45eb251:c4, d945711b-809b-4fa4-8f0a-c5e7e27fd03f:c2, 0f826b7c-7306-45ba-b7be-9a5dfde42038:c4]
2019-09-05 18:57:23,167 [grpc-default-executor-3] INFO  client.GrpcClientProtocolClient (GrpcClientProtocolClient.java:onNext(255)) - client-0E0B0D942E02->79090cb8-f5e7-4b44-aaee-2ebde45eb251: receive RaftClientReply:client-0E0B0D942E02->79090cb8-f5e7-4b44-aaee-2ebde45eb251@group-FAE588026D8F, cid=25, SUCCESS, logIndex=0, commits[79090cb8-f5e7-4b44-aaee-2ebde45eb251:c4, d945711b-809b-4fa4-8f0a-c5e7e27fd03f:c4, 0f826b7c-7306-45ba-b7be-9a5dfde42038:c4]
2019-09-05 18:57:23,567 [Datanode State Machine Thread - 0] INFO  statemachine.DatanodeStateMachine (DatanodeStateMachine.java:lambda$startDaemon$0(350)) - Ozone container server started.
2019-09-05 18:57:27,156 [EventQueue-StaleNodeForStaleNodeHandler] INFO  node.StaleNodeHandler (StaleNodeHandler.java:onMessage(58)) - Datanode 46b03db0-c675-49fd-bd7a-1255508e2ed6{ip: 192.168.36.80, host: pr-hdds-1982-decom-states-p4sss-1559755178, networkLocation: /default-rack, certSerialId: null} moved to stale state. Finalizing its pipelines [PipelineID=7c831eb2-b8e5-44d3-92bf-aed7dd294947]
2019-09-05 18:57:27,157 [EventQueue-StaleNodeForStaleNodeHandler] INFO  pipeline.SCMPipelineManager (SCMPipelineManager.java:finalizeAndDestroyPipeline(311)) - destroying pipeline:Pipeline[ Id: 7c831eb2-b8e5-44d3-92bf-aed7dd294947, Nodes: 46b03db0-c675-49fd-bd7a-1255508e2ed6{ip: 192.168.36.80, host: pr-hdds-1982-decom-states-p4sss-1559755178, networkLocation: /default-rack, certSerialId: null}, Type:RATIS, Factor:ONE, State:OPEN]
2019-09-05 18:57:27,158 [EventQueue-StaleNodeForStaleNodeHandler] INFO  pipeline.PipelineStateManager (PipelineStateManager.java:finalizePipeline(123)) - Pipeline Pipeline[ Id: 7c831eb2-b8e5-44d3-92bf-aed7dd294947, Nodes: 46b03db0-c675-49fd-bd7a-1255508e2ed6{ip: 192.168.36.80, host: pr-hdds-1982-decom-states-p4sss-1559755178, networkLocation: /default-rack, certSerialId: null}, Type:RATIS, Factor:ONE, State:CLOSED] moved to CLOSED state
2019-09-05 18:57:27,657 [EventQueue-StaleNodeForStaleNodeHandler] INFO  node.StaleNodeHandler (StaleNodeHandler.java:onMessage(58)) - Datanode d945711b-809b-4fa4-8f0a-c5e7e27fd03f{ip: 192.168.36.80, host: pr-hdds-1982-decom-states-p4sss-1559755178, networkLocation: /default-rack, certSerialId: null} moved to stale state. Finalizing its pipelines [PipelineID=48cd1a0a-4eae-44bc-971c-36ef82f41ffa, PipelineID=d445ed2d-1c81-46f5-ab2d-fae588026d8f]
2019-09-05 18:57:27,657 [EventQueue-StaleNodeForStaleNodeHandler] INFO  pipeline.SCMPipelineManager (SCMPipelineManager.java:finalizeAndDestroyPipeline(311)) - destroying pipeline:Pipeline[ Id: 48cd1a0a-4eae-44bc-971c-36ef82f41ffa, Nodes: d945711b-809b-4fa4-8f0a-c5e7e27fd03f{ip: 192.168.36.80, host: pr-hdds-1982-decom-states-p4sss-1559755178, networkLocation: /default-rack, certSerialId: null}, Type:RATIS, Factor:ONE, State:OPEN]
2019-09-05 18:57:27,658 [EventQueue-StaleNodeForStaleNodeHandler] INFO  pipeline.PipelineStateManager (PipelineStateManager.java:finalizePipeline(123)) - Pipeline Pipeline[ Id: 48cd1a0a-4eae-44bc-971c-36ef82f41ffa, Nodes: d945711b-809b-4fa4-8f0a-c5e7e27fd03f{ip: 192.168.36.80, host: pr-hdds-1982-decom-states-p4sss-1559755178, networkLocation: /default-rack, certSerialId: null}, Type:RATIS, Factor:ONE, State:CLOSED] moved to CLOSED state
2019-09-05 18:57:27,658 [EventQueue-StaleNodeForStaleNodeHandler] INFO  pipeline.SCMPipelineManager (SCMPipelineManager.java:finalizeAndDestroyPipeline(311)) - destroying pipeline:Pipeline[ Id: d445ed2d-1c81-46f5-ab2d-fae588026d8f, Nodes: d945711b-809b-4fa4-8f0a-c5e7e27fd03f{ip: 192.168.36.80, host: pr-hdds-1982-decom-states-p4sss-1559755178, networkLocation: /default-rack, certSerialId: null}0f826b7c-7306-45ba-b7be-9a5dfde42038{ip: 192.168.36.80, host: pr-hdds-1982-decom-states-p4sss-1559755178, networkLocation: /default-rack, certSerialId: null}79090cb8-f5e7-4b44-aaee-2ebde45eb251{ip: 192.168.36.80, host: pr-hdds-1982-decom-states-p4sss-1559755178, networkLocation: /default-rack, certSerialId: null}, Type:RATIS, Factor:THREE, State:OPEN]
2019-09-05 18:57:27,658 [EventQueue-StaleNodeForStaleNodeHandler] INFO  pipeline.PipelineStateManager (PipelineStateManager.java:finalizePipeline(123)) - Pipeline Pipeline[ Id: d445ed2d-1c81-46f5-ab2d-fae588026d8f, Nodes: d945711b-809b-4fa4-8f0a-c5e7e27fd03f{ip: 192.168.36.80, host: pr-hdds-1982-decom-states-p4sss-1559755178, networkLocation: /default-rack, certSerialId: null}0f826b7c-7306-45ba-b7be-9a5dfde42038{ip: 192.168.36.80, host: pr-hdds-1982-decom-states-p4sss-1559755178, networkLocation: /default-rack, certSerialId: null}79090cb8-f5e7-4b44-aaee-2ebde45eb251{ip: 192.168.36.80, host: pr-hdds-1982-decom-states-p4sss-1559755178, networkLocation: /default-rack, certSerialId: null}, Type:RATIS, Factor:THREE, State:CLOSED] moved to CLOSED state
2019-09-05 18:57:27,658 [EventQueue-CloseContainerForCloseContainerEventHandler] INFO  container.CloseContainerEventHandler (CloseContainerEventHandler.java:onMessage(61)) - Close container Event triggered for container : #2
2019-09-05 18:57:27,778 [main] INFO  ozoneimpl.OzoneContainer (OzoneContainer.java:stop(215)) - Attempting to stop container services.
2019-09-05 18:57:27,778 [ForkJoinPool.commonPool-worker-1] INFO  ozoneimpl.OzoneContainer (OzoneContainer.java:stop(215)) - Attempting to stop container services.
2019-09-05 18:57:27,779 [main] INFO  impl.RaftServerProxy (RaftServerProxy.java:lambda$close$4(314)) - d945711b-809b-4fa4-8f0a-c5e7e27fd03f: close
2019-09-05 18:57:27,779 [ForkJoinPool.commonPool-worker-1] INFO  impl.RaftServerProxy (RaftServerProxy.java:lambda$close$4(314)) - 46b03db0-c675-49fd-bd7a-1255508e2ed6: close
2019-09-05 18:57:27,780 [main] INFO  impl.RaftServerImpl (RaftServerImpl.java:lambda$shutdown$3(245)) - d945711b-809b-4fa4-8f0a-c5e7e27fd03f: shutdown group-36EF82F41FFA
2019-09-05 18:57:27,780 [ForkJoinPool.commonPool-worker-1] INFO  impl.RaftServerImpl (RaftServerImpl.java:lambda$shutdown$3(245)) - 46b03db0-c675-49fd-bd7a-1255508e2ed6: shutdown group-AED7DD294947
2019-09-05 18:57:27,780 [main] INFO  util.JmxRegister (JmxRegister.java:unregister(73)) - Successfully un-registered JMX Bean with object name Ratis:service=RaftServer,group=group-36EF82F41FFA,id=d945711b-809b-4fa4-8f0a-c5e7e27fd03f
2019-09-05 18:57:27,780 [ForkJoinPool.commonPool-worker-1] INFO  util.JmxRegister (JmxRegister.java:unregister(73)) - Successfully un-registered JMX Bean with object name Ratis:service=RaftServer,group=group-AED7DD294947,id=46b03db0-c675-49fd-bd7a-1255508e2ed6
2019-09-05 18:57:27,780 [main] INFO  impl.RoleInfo (RoleInfo.java:shutdownLeaderState(104)) - d945711b-809b-4fa4-8f0a-c5e7e27fd03f: shutdown LeaderState
2019-09-05 18:57:27,781 [ForkJoinPool.commonPool-worker-1] INFO  impl.RoleInfo (RoleInfo.java:shutdownLeaderState(104)) - 46b03db0-c675-49fd-bd7a-1255508e2ed6: shutdown LeaderState
2019-09-05 18:57:27,781 [main] INFO  impl.PendingRequests (PendingRequests.java:sendNotLeaderResponses(202)) - d945711b-809b-4fa4-8f0a-c5e7e27fd03f-PendingRequests: sendNotLeaderResponses
2019-09-05 18:57:27,781 [ForkJoinPool.commonPool-worker-1] INFO  impl.PendingRequests (PendingRequests.java:sendNotLeaderResponses(202)) - 46b03db0-c675-49fd-bd7a-1255508e2ed6-PendingRequests: sendNotLeaderResponses
2019-09-05 18:57:27,786 [main] INFO  impl.StateMachineUpdater (StateMachineUpdater.java:stopAndJoin(115)) - StateMachineUpdater:d945711b-809b-4fa4-8f0a-c5e7e27fd03f:group-36EF82F41FFA: set stopIndex = 0
2019-09-05 18:57:27,786 [ForkJoinPool.commonPool-worker-1] INFO  impl.StateMachineUpdater (StateMachineUpdater.java:stopAndJoin(115)) - StateMachineUpdater:46b03db0-c675-49fd-bd7a-1255508e2ed6:group-AED7DD294947: set stopIndex = 0
2019-09-05 18:57:27,788 [main] INFO  impl.RaftServerImpl (ServerState.java:close(394)) - d945711b-809b-4fa4-8f0a-c5e7e27fd03f:group-36EF82F41FFA closes. The last applied log index is 0
2019-09-05 18:57:27,789 [ForkJoinPool.commonPool-worker-1] INFO  impl.RaftServerImpl (ServerState.java:close(394)) - 46b03db0-c675-49fd-bd7a-1255508e2ed6:group-AED7DD294947 closes. The last applied log index is 0
2019-09-05 18:57:27,790 [d945711b-809b-4fa4-8f0a-c5e7e27fd03f-SegmentedRaftLogWorker:Storage Directory /workdir/hadoop-ozone/integration-test/target/test-dir/MiniOzoneClusterImpl-756306cc-38d8-43d8-837b-a337f9b5af48/datanode-4/data/ratis/48cd1a0a-4eae-44bc-971c-36ef82f41ffa] INFO  segmented.SegmentedRaftLogWorker (SegmentedRaftLogWorker.java:run(313)) - d945711b-809b-4fa4-8f0a-c5e7e27fd03f-SegmentedRaftLogWorker:Storage Directory /workdir/hadoop-ozone/integration-test/target/test-dir/MiniOzoneClusterImpl-756306cc-38d8-43d8-837b-a337f9b5af48/datanode-4/data/ratis/48cd1a0a-4eae-44bc-971c-36ef82f41ffa was interrupted, exiting. There are 0 tasks remaining in the queue.
2019-09-05 18:57:27,790 [46b03db0-c675-49fd-bd7a-1255508e2ed6-SegmentedRaftLogWorker:Storage Directory /workdir/hadoop-ozone/integration-test/target/test-dir/MiniOzoneClusterImpl-756306cc-38d8-43d8-837b-a337f9b5af48/datanode-1/data/ratis/7c831eb2-b8e5-44d3-92bf-aed7dd294947] INFO  segmented.SegmentedRaftLogWorker (SegmentedRaftLogWorker.java:run(313)) - 46b03db0-c675-49fd-bd7a-1255508e2ed6-SegmentedRaftLogWorker:Storage Directory /workdir/hadoop-ozone/integration-test/target/test-dir/MiniOzoneClusterImpl-756306cc-38d8-43d8-837b-a337f9b5af48/datanode-1/data/ratis/7c831eb2-b8e5-44d3-92bf-aed7dd294947 was interrupted, exiting. There are 0 tasks remaining in the queue.
2019-09-05 18:57:27,793 [main] INFO  segmented.SegmentedRaftLogWorker (SegmentedRaftLogWorker.java:close(228)) - d945711b-809b-4fa4-8f0a-c5e7e27fd03f-SegmentedRaftLogWorker:Storage Directory /workdir/hadoop-ozone/integration-test/target/test-dir/MiniOzoneClusterImpl-756306cc-38d8-43d8-837b-a337f9b5af48/datanode-4/data/ratis/48cd1a0a-4eae-44bc-971c-36ef82f41ffa close()
2019-09-05 18:57:27,793 [ForkJoinPool.commonPool-worker-1] INFO  segmented.SegmentedRaftLogWorker (SegmentedRaftLogWorker.java:close(228)) - 46b03db0-c675-49fd-bd7a-1255508e2ed6-SegmentedRaftLogWorker:Storage Directory /workdir/hadoop-ozone/integration-test/target/test-dir/MiniOzoneClusterImpl-756306cc-38d8-43d8-837b-a337f9b5af48/datanode-1/data/ratis/7c831eb2-b8e5-44d3-92bf-aed7dd294947 close()
2019-09-05 18:57:27,797 [main] INFO  impl.RaftServerImpl (RaftServerImpl.java:lambda$shutdown$3(245)) - d945711b-809b-4fa4-8f0a-c5e7e27fd03f: shutdown group-FAE588026D8F
2019-09-05 18:57:27,800 [main] INFO  util.JmxRegister (JmxRegister.java:unregister(73)) - Successfully un-registered JMX Bean with object name Ratis:service=RaftServer,group=group-FAE588026D8F,id=d945711b-809b-4fa4-8f0a-c5e7e27fd03f
2019-09-05 18:57:27,800 [main] INFO  impl.RoleInfo (RoleInfo.java:shutdownFollowerState(121)) - d945711b-809b-4fa4-8f0a-c5e7e27fd03f: shutdown FollowerState
2019-09-05 18:57:27,800 [ForkJoinPool.commonPool-worker-1] INFO  server.GrpcService (GrpcService.java:closeImpl(155)) - 46b03db0-c675-49fd-bd7a-1255508e2ed6: shutdown server with port 33280 now
2019-09-05 18:57:27,800 [StateMachineUpdater:d945711b-809b-4fa4-8f0a-c5e7e27fd03f:group-FAE588026D8F] INFO  ratis.ContainerStateMachine (ContainerStateMachine.java:takeSnapshot(284)) - group-FAE588026D8F: Taking a snapshot at:(t:1, i:4) file /workdir/hadoop-ozone/integration-test/target/test-dir/MiniOzoneClusterImpl-756306cc-38d8-43d8-837b-a337f9b5af48/datanode-4/data/ratis/d445ed2d-1c81-46f5-ab2d-fae588026d8f/sm/snapshot.1_4
2019-09-05 18:57:27,800 [Thread-321] INFO  impl.FollowerState (FollowerState.java:run(114)) - d945711b-809b-4fa4-8f0a-c5e7e27fd03f: FollowerState was interrupted: java.lang.InterruptedException: sleep interrupted
2019-09-05 18:57:27,800 [main] INFO  impl.StateMachineUpdater (StateMachineUpdater.java:stopAndJoin(115)) - StateMachineUpdater:d945711b-809b-4fa4-8f0a-c5e7e27fd03f:group-FAE588026D8F: set stopIndex = 4
2019-09-05 18:57:27,805 [ForkJoinPool.commonPool-worker-1] INFO  server.GrpcService (GrpcService.java:closeImpl(163)) - 46b03db0-c675-49fd-bd7a-1255508e2ed6: shutdown server with port 33280 successfully
2019-09-05 18:57:27,807 [refreshUsed-/workdir/hadoop-ozone/integration-test/target/test-dir/MiniOzoneClusterImpl-756306cc-38d8-43d8-837b-a337f9b5af48/datanode-1/data/containers] WARN  fs.CachingGetSpaceUsed (CachingGetSpaceUsed.java:run(183)) - Thread Interrupted waiting to refresh disk information: sleep interrupted
2019-09-05 18:57:27,830 [ForkJoinPool.commonPool-worker-1] INFO  utils.BackgroundService (BackgroundService.java:shutdown(148)) - Shutting down service BlockDeletingService
2019-09-05 18:57:27,833 [ForkJoinPool.commonPool-worker-1] INFO  statemachine.DatanodeStateMachine (DatanodeStateMachine.java:stopDaemon(395)) - Ozone container server stopped.
2019-09-05 18:57:27,839 [ForkJoinPool.commonPool-worker-1] INFO  handler.ContextHandler (ContextHandler.java:doStop(910)) - Stopped o.e.j.w.WebAppContext@4f0f7849{/,null,UNAVAILABLE}{/hddsDatanode}
2019-09-05 18:57:27,839 [ForkJoinPool.commonPool-worker-1] INFO  server.AbstractConnector (AbstractConnector.java:doStop(318)) - Stopped ServerConnector@56a4f272{HTTP/1.1,[http/1.1]}{0.0.0.0:0}
2019-09-05 18:57:27,841 [ForkJoinPool.commonPool-worker-1] INFO  handler.ContextHandler (ContextHandler.java:doStop(910)) - Stopped o.e.j.s.ServletContextHandler@55e42449{/static,jar:file:/home/user/.m2/repository/org/apache/hadoop/hadoop-hdds-container-service/0.5.0-SNAPSHOT/hadoop-hdds-container-service-0.5.0-SNAPSHOT.jar!/webapps/static,UNAVAILABLE}
2019-09-05 18:57:27,843 [ForkJoinPool.commonPool-worker-1] INFO  handler.ContextHandler (ContextHandler.java:doStop(910)) - Stopped o.e.j.s.ServletContextHandler@6dd1c3ed{/logs,file:///workdir/hadoop-ozone/integration-test/target/log,UNAVAILABLE}
2019-09-05 18:57:27,845 [StateMachineUpdater:d945711b-809b-4fa4-8f0a-c5e7e27fd03f:group-FAE588026D8F] INFO  ratis.ContainerStateMachine (ContainerStateMachine.java:takeSnapshot(295)) - group-FAE588026D8F: Finished taking a snapshot at:(t:1, i:4) file:/workdir/hadoop-ozone/integration-test/target/test-dir/MiniOzoneClusterImpl-756306cc-38d8-43d8-837b-a337f9b5af48/datanode-4/data/ratis/d445ed2d-1c81-46f5-ab2d-fae588026d8f/sm/snapshot.1_4 time:45
2019-09-05 18:57:27,845 [StateMachineUpdater:d945711b-809b-4fa4-8f0a-c5e7e27fd03f:group-FAE588026D8F] INFO  impl.StateMachineUpdater (StateMachineUpdater.java:takeSnapshot(242)) - StateMachineUpdater:d945711b-809b-4fa4-8f0a-c5e7e27fd03f:group-FAE588026D8F: Took a snapshot at index 4
2019-09-05 18:57:27,845 [StateMachineUpdater:d945711b-809b-4fa4-8f0a-c5e7e27fd03f:group-FAE588026D8F] INFO  impl.StateMachineUpdater (StateMachineUpdater.java:lambda$new$0(80)) - StateMachineUpdater:d945711b-809b-4fa4-8f0a-c5e7e27fd03f:group-FAE588026D8F: snapshotIndex: updateIncreasingly -1 -> 4
2019-09-05 18:57:27,850 [main] INFO  impl.RaftServerImpl (ServerState.java:close(394)) - d945711b-809b-4fa4-8f0a-c5e7e27fd03f:group-FAE588026D8F closes. The last applied log index is 4
2019-09-05 18:57:27,850 [d945711b-809b-4fa4-8f0a-c5e7e27fd03f-SegmentedRaftLogWorker:Storage Directory /workdir/hadoop-ozone/integration-test/target/test-dir/MiniOzoneClusterImpl-756306cc-38d8-43d8-837b-a337f9b5af48/datanode-4/data/ratis/d445ed2d-1c81-46f5-ab2d-fae588026d8f] INFO  segmented.SegmentedRaftLogWorker (SegmentedRaftLogWorker.java:run(313)) - d945711b-809b-4fa4-8f0a-c5e7e27fd03f-SegmentedRaftLogWorker:Storage Directory /workdir/hadoop-ozone/integration-test/target/test-dir/MiniOzoneClusterImpl-756306cc-38d8-43d8-837b-a337f9b5af48/datanode-4/data/ratis/d445ed2d-1c81-46f5-ab2d-fae588026d8f was interrupted, exiting. There are 0 tasks remaining in the queue.
2019-09-05 18:57:27,852 [main] INFO  segmented.SegmentedRaftLogWorker (SegmentedRaftLogWorker.java:close(228)) - d945711b-809b-4fa4-8f0a-c5e7e27fd03f-SegmentedRaftLogWorker:Storage Directory /workdir/hadoop-ozone/integration-test/target/test-dir/MiniOzoneClusterImpl-756306cc-38d8-43d8-837b-a337f9b5af48/datanode-4/data/ratis/d445ed2d-1c81-46f5-ab2d-fae588026d8f close()
2019-09-05 18:57:27,854 [main] INFO  server.GrpcService (GrpcService.java:closeImpl(155)) - d945711b-809b-4fa4-8f0a-c5e7e27fd03f: shutdown server with port 33144 now
2019-09-05 18:57:27,857 [main] INFO  server.GrpcService (GrpcService.java:closeImpl(163)) - d945711b-809b-4fa4-8f0a-c5e7e27fd03f: shutdown server with port 33144 successfully
2019-09-05 18:57:27,858 [grpc-default-executor-3] WARN  server.GrpcServerProtocolService (LogUtils.java:warn(134)) - d945711b-809b-4fa4-8f0a-c5e7e27fd03f: appendEntries onError: org.apache.ratis.thirdparty.io.grpc.StatusRuntimeException: CANCELLED: cancelled before receiving half close
2019-09-05 18:57:27,859 [refreshUsed-/workdir/hadoop-ozone/integration-test/target/test-dir/MiniOzoneClusterImpl-756306cc-38d8-43d8-837b-a337f9b5af48/datanode-4/data/containers] WARN  fs.CachingGetSpaceUsed (CachingGetSpaceUsed.java:run(183)) - Thread Interrupted waiting to refresh disk information: sleep interrupted
2019-09-05 18:57:27,861 [grpc-default-executor-5] WARN  server.GrpcLogAppender (LogUtils.java:warn(134)) - 79090cb8-f5e7-4b44-aaee-2ebde45eb251->d945711b-809b-4fa4-8f0a-c5e7e27fd03f: Failed appendEntries: org.apache.ratis.thirdparty.io.grpc.StatusRuntimeException: CANCELLED: HTTP/2 error code: CANCEL
Received Rst Stream
2019-09-05 18:57:27,865 [grpc-default-executor-5] INFO  impl.FollowerInfo (FollowerInfo.java:lambda$new$0(50)) - 79090cb8-f5e7-4b44-aaee-2ebde45eb251->d945711b-809b-4fa4-8f0a-c5e7e27fd03f: nextIndex: updateUnconditionally 5 -> 4
2019-09-05 18:57:27,875 [main] INFO  utils.BackgroundService (BackgroundService.java:shutdown(148)) - Shutting down service BlockDeletingService
2019-09-05 18:57:27,879 [main] INFO  statemachine.DatanodeStateMachine (DatanodeStateMachine.java:stopDaemon(395)) - Ozone container server stopped.
2019-09-05 18:57:27,880 [main] INFO  handler.ContextHandler (ContextHandler.java:doStop(910)) - Stopped o.e.j.w.WebAppContext@25aeb5ac{/,null,UNAVAILABLE}{/hddsDatanode}
2019-09-05 18:57:27,881 [main] INFO  server.AbstractConnector (AbstractConnector.java:doStop(318)) - Stopped ServerConnector@c755b2{HTTP/1.1,[http/1.1]}{0.0.0.0:0}
2019-09-05 18:57:27,881 [main] INFO  handler.ContextHandler (ContextHandler.java:doStop(910)) - Stopped o.e.j.s.ServletContextHandler@242b6e1a{/static,jar:file:/home/user/.m2/repository/org/apache/hadoop/hadoop-hdds-container-service/0.5.0-SNAPSHOT/hadoop-hdds-container-service-0.5.0-SNAPSHOT.jar!/webapps/static,UNAVAILABLE}
2019-09-05 18:57:27,882 [main] INFO  handler.ContextHandler (ContextHandler.java:doStop(910)) - Stopped o.e.j.s.ServletContextHandler@2f897dab{/logs,file:///workdir/hadoop-ozone/integration-test/target/log,UNAVAILABLE}
2019-09-05 18:57:28,176 [grpc-default-executor-3] WARN  server.GrpcLogAppender (LogUtils.java:warn(134)) - 79090cb8-f5e7-4b44-aaee-2ebde45eb251->d945711b-809b-4fa4-8f0a-c5e7e27fd03f: Failed appendEntries: org.apache.ratis.thirdparty.io.grpc.StatusRuntimeException: UNAVAILABLE: io exception
2019-09-05 18:57:28,180 [grpc-default-executor-3] INFO  impl.FollowerInfo (FollowerInfo.java:lambda$new$0(50)) - 79090cb8-f5e7-4b44-aaee-2ebde45eb251->d945711b-809b-4fa4-8f0a-c5e7e27fd03f: nextIndex: updateUnconditionally 4 -> 3
2019-09-05 18:57:28,601 [Datanode State Machine Thread - 0] INFO  statemachine.DatanodeStateMachine (DatanodeStateMachine.java:lambda$startDaemon$0(350)) - Ozone container server started.
2019-09-05 18:57:28,869 [Datanode State Machine Thread - 0] INFO  statemachine.DatanodeStateMachine (DatanodeStateMachine.java:lambda$startDaemon$0(350)) - Ozone container server started.
2019-09-05 18:57:30,671 [grpc-default-executor-0] WARN  server.GrpcLogAppender (LogUtils.java:warn(134)) - 79090cb8-f5e7-4b44-aaee-2ebde45eb251->d945711b-809b-4fa4-8f0a-c5e7e27fd03f: Failed appendEntries: org.apache.ratis.thirdparty.io.grpc.StatusRuntimeException: UNAVAILABLE: io exception
2019-09-05 18:57:30,674 [grpc-default-executor-0] INFO  impl.FollowerInfo (FollowerInfo.java:lambda$new$0(50)) - 79090cb8-f5e7-4b44-aaee-2ebde45eb251->d945711b-809b-4fa4-8f0a-c5e7e27fd03f: nextIndex: updateUnconditionally 3 -> 2
2019-09-05 18:57:32,665 [EventQueue-StaleNodeForStaleNodeHandler] INFO  node.StaleNodeHandler (StaleNodeHandler.java:onMessage(58)) - Datanode 79090cb8-f5e7-4b44-aaee-2ebde45eb251{ip: 192.168.36.80, host: pr-hdds-1982-decom-states-p4sss-1559755178, networkLocation: /default-rack, certSerialId: null} moved to stale state. Finalizing its pipelines [PipelineID=72459296-21d5-4b49-a973-5d5a61542980, PipelineID=d445ed2d-1c81-46f5-ab2d-fae588026d8f]
2019-09-05 18:57:32,665 [EventQueue-StaleNodeForStaleNodeHandler] INFO  pipeline.SCMPipelineManager (SCMPipelineManager.java:finalizeAndDestroyPipeline(311)) - destroying pipeline:Pipeline[ Id: 72459296-21d5-4b49-a973-5d5a61542980, Nodes: 79090cb8-f5e7-4b44-aaee-2ebde45eb251{ip: 192.168.36.80, host: pr-hdds-1982-decom-states-p4sss-1559755178, networkLocation: /default-rack, certSerialId: null}, Type:RATIS, Factor:ONE, State:OPEN]
2019-09-05 18:57:32,665 [EventQueue-StaleNodeForStaleNodeHandler] INFO  pipeline.PipelineStateManager (PipelineStateManager.java:finalizePipeline(123)) - Pipeline Pipeline[ Id: 72459296-21d5-4b49-a973-5d5a61542980, Nodes: 79090cb8-f5e7-4b44-aaee-2ebde45eb251{ip: 192.168.36.80, host: pr-hdds-1982-decom-states-p4sss-1559755178, networkLocation: /default-rack, certSerialId: null}, Type:RATIS, Factor:ONE, State:CLOSED] moved to CLOSED state
2019-09-05 18:57:32,666 [EventQueue-StaleNodeForStaleNodeHandler] INFO  pipeline.SCMPipelineManager (SCMPipelineManager.java:finalizeAndDestroyPipeline(311)) - destroying pipeline:Pipeline[ Id: d445ed2d-1c81-46f5-ab2d-fae588026d8f, Nodes: d945711b-809b-4fa4-8f0a-c5e7e27fd03f{ip: 192.168.36.80, host: pr-hdds-1982-decom-states-p4sss-1559755178, networkLocation: /default-rack, certSerialId: null}0f826b7c-7306-45ba-b7be-9a5dfde42038{ip: 192.168.36.80, host: pr-hdds-1982-decom-states-p4sss-1559755178, networkLocation: /default-rack, certSerialId: null}79090cb8-f5e7-4b44-aaee-2ebde45eb251{ip: 192.168.36.80, host: pr-hdds-1982-decom-states-p4sss-1559755178, networkLocation: /default-rack, certSerialId: null}, Type:RATIS, Factor:THREE, State:CLOSED]
2019-09-05 18:57:32,844 [ForkJoinPool.commonPool-worker-1] INFO  ozoneimpl.OzoneContainer (OzoneContainer.java:stop(215)) - Attempting to stop container services.
2019-09-05 18:57:32,844 [ForkJoinPool.commonPool-worker-1] INFO  impl.RaftServerProxy (RaftServerProxy.java:lambda$close$4(314)) - 79090cb8-f5e7-4b44-aaee-2ebde45eb251: close
2019-09-05 18:57:32,845 [ForkJoinPool.commonPool-worker-1] INFO  impl.RaftServerImpl (RaftServerImpl.java:lambda$shutdown$3(245)) - 79090cb8-f5e7-4b44-aaee-2ebde45eb251: shutdown group-5D5A61542980
2019-09-05 18:57:32,845 [ForkJoinPool.commonPool-worker-1] INFO  util.JmxRegister (JmxRegister.java:unregister(73)) - Successfully un-registered JMX Bean with object name Ratis:service=RaftServer,group=group-5D5A61542980,id=79090cb8-f5e7-4b44-aaee-2ebde45eb251
2019-09-05 18:57:32,845 [ForkJoinPool.commonPool-worker-1] INFO  impl.RoleInfo (RoleInfo.java:shutdownLeaderState(104)) - 79090cb8-f5e7-4b44-aaee-2ebde45eb251: shutdown LeaderState
2019-09-05 18:57:32,845 [ForkJoinPool.commonPool-worker-1] INFO  impl.PendingRequests (PendingRequests.java:sendNotLeaderResponses(202)) - 79090cb8-f5e7-4b44-aaee-2ebde45eb251-PendingRequests: sendNotLeaderResponses
2019-09-05 18:57:32,846 [ForkJoinPool.commonPool-worker-1] INFO  impl.StateMachineUpdater (StateMachineUpdater.java:stopAndJoin(115)) - StateMachineUpdater:79090cb8-f5e7-4b44-aaee-2ebde45eb251:group-5D5A61542980: set stopIndex = 0
2019-09-05 18:57:32,846 [ForkJoinPool.commonPool-worker-1] INFO  impl.RaftServerImpl (ServerState.java:close(394)) - 79090cb8-f5e7-4b44-aaee-2ebde45eb251:group-5D5A61542980 closes. The last applied log index is 0
2019-09-05 18:57:32,846 [79090cb8-f5e7-4b44-aaee-2ebde45eb251-SegmentedRaftLogWorker:Storage Directory /workdir/hadoop-ozone/integration-test/target/test-dir/MiniOzoneClusterImpl-756306cc-38d8-43d8-837b-a337f9b5af48/datanode-2/data/ratis/72459296-21d5-4b49-a973-5d5a61542980] INFO  segmented.SegmentedRaftLogWorker (SegmentedRaftLogWorker.java:run(313)) - 79090cb8-f5e7-4b44-aaee-2ebde45eb251-SegmentedRaftLogWorker:Storage Directory /workdir/hadoop-ozone/integration-test/target/test-dir/MiniOzoneClusterImpl-756306cc-38d8-43d8-837b-a337f9b5af48/datanode-2/data/ratis/72459296-21d5-4b49-a973-5d5a61542980 was interrupted, exiting. There are 0 tasks remaining in the queue.
2019-09-05 18:57:32,848 [ForkJoinPool.commonPool-worker-1] INFO  segmented.SegmentedRaftLogWorker (SegmentedRaftLogWorker.java:close(228)) - 79090cb8-f5e7-4b44-aaee-2ebde45eb251-SegmentedRaftLogWorker:Storage Directory /workdir/hadoop-ozone/integration-test/target/test-dir/MiniOzoneClusterImpl-756306cc-38d8-43d8-837b-a337f9b5af48/datanode-2/data/ratis/72459296-21d5-4b49-a973-5d5a61542980 close()
2019-09-05 18:57:32,850 [ForkJoinPool.commonPool-worker-1] INFO  impl.RaftServerImpl (RaftServerImpl.java:lambda$shutdown$3(245)) - 79090cb8-f5e7-4b44-aaee-2ebde45eb251: shutdown group-FAE588026D8F
2019-09-05 18:57:32,850 [ForkJoinPool.commonPool-worker-1] INFO  util.JmxRegister (JmxRegister.java:unregister(73)) - Successfully un-registered JMX Bean with object name Ratis:service=RaftServer,group=group-FAE588026D8F,id=79090cb8-f5e7-4b44-aaee-2ebde45eb251
2019-09-05 18:57:32,851 [ForkJoinPool.commonPool-worker-1] INFO  impl.RoleInfo (RoleInfo.java:shutdownLeaderState(104)) - 79090cb8-f5e7-4b44-aaee-2ebde45eb251: shutdown LeaderState
2019-09-05 18:57:32,853 [ForkJoinPool.commonPool-worker-1] INFO  impl.PendingRequests (PendingRequests.java:sendNotLeaderResponses(202)) - 79090cb8-f5e7-4b44-aaee-2ebde45eb251-PendingRequests: sendNotLeaderResponses
2019-09-05 18:57:32,853 [org.apache.ratis.server.impl.LogAppender$AppenderDaemon$$Lambda$495/1795126199@6efcd929] WARN  server.GrpcLogAppender (GrpcLogAppender.java:mayWait(143)) - GrpcLogAppender(79090cb8-f5e7-4b44-aaee-2ebde45eb251->d945711b-809b-4fa4-8f0a-c5e7e27fd03f): Wait interrupted by java.lang.InterruptedException
2019-09-05 18:57:32,853 [org.apache.ratis.server.impl.LogAppender$AppenderDaemon$$Lambda$495/1795126199@6c97c50f] WARN  server.GrpcLogAppender (GrpcLogAppender.java:mayWait(143)) - GrpcLogAppender(79090cb8-f5e7-4b44-aaee-2ebde45eb251->0f826b7c-7306-45ba-b7be-9a5dfde42038): Wait interrupted by java.lang.InterruptedException
2019-09-05 18:57:32,854 [grpc-default-executor-0] INFO  server.GrpcServerProtocolService (GrpcServerProtocolService.java:onCompleted(104)) - 0f826b7c-7306-45ba-b7be-9a5dfde42038: appendEntries completed
2019-09-05 18:57:32,856 [grpc-default-executor-0] INFO  server.GrpcLogAppender (GrpcLogAppender.java:onCompleted(292)) - 79090cb8-f5e7-4b44-aaee-2ebde45eb251->0f826b7c-7306-45ba-b7be-9a5dfde42038: follower responses appendEntries COMPLETED
2019-09-05 18:57:32,859 [ForkJoinPool.commonPool-worker-1] INFO  impl.StateMachineUpdater (StateMachineUpdater.java:stopAndJoin(115)) - StateMachineUpdater:79090cb8-f5e7-4b44-aaee-2ebde45eb251:group-FAE588026D8F: set stopIndex = 4
2019-09-05 18:57:32,859 [grpc-default-executor-0] INFO  impl.FollowerInfo (FollowerInfo.java:lambda$new$0(50)) - 79090cb8-f5e7-4b44-aaee-2ebde45eb251->0f826b7c-7306-45ba-b7be-9a5dfde42038: nextIndex: updateUnconditionally 5 -> 4
2019-09-05 18:57:32,859 [StateMachineUpdater:79090cb8-f5e7-4b44-aaee-2ebde45eb251:group-FAE588026D8F] INFO  ratis.ContainerStateMachine (ContainerStateMachine.java:takeSnapshot(284)) - group-FAE588026D8F: Taking a snapshot at:(t:1, i:4) file /workdir/hadoop-ozone/integration-test/target/test-dir/MiniOzoneClusterImpl-756306cc-38d8-43d8-837b-a337f9b5af48/datanode-2/data/ratis/d445ed2d-1c81-46f5-ab2d-fae588026d8f/sm/snapshot.1_4
2019-09-05 18:57:32,877 [StateMachineUpdater:79090cb8-f5e7-4b44-aaee-2ebde45eb251:group-FAE588026D8F] INFO  ratis.ContainerStateMachine (ContainerStateMachine.java:takeSnapshot(295)) - group-FAE588026D8F: Finished taking a snapshot at:(t:1, i:4) file:/workdir/hadoop-ozone/integration-test/target/test-dir/MiniOzoneClusterImpl-756306cc-38d8-43d8-837b-a337f9b5af48/datanode-2/data/ratis/d445ed2d-1c81-46f5-ab2d-fae588026d8f/sm/snapshot.1_4 time:19
2019-09-05 18:57:32,878 [StateMachineUpdater:79090cb8-f5e7-4b44-aaee-2ebde45eb251:group-FAE588026D8F] INFO  impl.StateMachineUpdater (StateMachineUpdater.java:takeSnapshot(242)) - StateMachineUpdater:79090cb8-f5e7-4b44-aaee-2ebde45eb251:group-FAE588026D8F: Took a snapshot at index 4
2019-09-05 18:57:32,878 [StateMachineUpdater:79090cb8-f5e7-4b44-aaee-2ebde45eb251:group-FAE588026D8F] INFO  impl.StateMachineUpdater (StateMachineUpdater.java:lambda$new$0(80)) - StateMachineUpdater:79090cb8-f5e7-4b44-aaee-2ebde45eb251:group-FAE588026D8F: snapshotIndex: updateIncreasingly -1 -> 4
2019-09-05 18:57:32,878 [ForkJoinPool.commonPool-worker-1] INFO  impl.RaftServerImpl (ServerState.java:close(394)) - 79090cb8-f5e7-4b44-aaee-2ebde45eb251:group-FAE588026D8F closes. The last applied log index is 4
2019-09-05 18:57:32,879 [79090cb8-f5e7-4b44-aaee-2ebde45eb251-SegmentedRaftLogWorker:Storage Directory /workdir/hadoop-ozone/integration-test/target/test-dir/MiniOzoneClusterImpl-756306cc-38d8-43d8-837b-a337f9b5af48/datanode-2/data/ratis/d445ed2d-1c81-46f5-ab2d-fae588026d8f] INFO  segmented.SegmentedRaftLogWorker (SegmentedRaftLogWorker.java:run(313)) - 79090cb8-f5e7-4b44-aaee-2ebde45eb251-SegmentedRaftLogWorker:Storage Directory /workdir/hadoop-ozone/integration-test/target/test-dir/MiniOzoneClusterImpl-756306cc-38d8-43d8-837b-a337f9b5af48/datanode-2/data/ratis/d445ed2d-1c81-46f5-ab2d-fae588026d8f was interrupted, exiting. There are 0 tasks remaining in the queue.
2019-09-05 18:57:32,881 [ForkJoinPool.commonPool-worker-1] INFO  segmented.SegmentedRaftLogWorker (SegmentedRaftLogWorker.java:close(228)) - 79090cb8-f5e7-4b44-aaee-2ebde45eb251-SegmentedRaftLogWorker:Storage Directory /workdir/hadoop-ozone/integration-test/target/test-dir/MiniOzoneClusterImpl-756306cc-38d8-43d8-837b-a337f9b5af48/datanode-2/data/ratis/d445ed2d-1c81-46f5-ab2d-fae588026d8f close()
2019-09-05 18:57:32,885 [ForkJoinPool.commonPool-worker-1] INFO  server.GrpcService (GrpcService.java:closeImpl(155)) - 79090cb8-f5e7-4b44-aaee-2ebde45eb251: shutdown server with port 45184 now
2019-09-05 18:57:32,885 [main] INFO  ozoneimpl.OzoneContainer (OzoneContainer.java:stop(215)) - Attempting to stop container services.
2019-09-05 18:57:32,887 [main] INFO  impl.RaftServerProxy (RaftServerProxy.java:lambda$close$4(314)) - b82aff16-802a-4dfd-a62c-cd44f21195ba: close
2019-09-05 18:57:32,887 [main] INFO  impl.RaftServerImpl (RaftServerImpl.java:lambda$shutdown$3(245)) - b82aff16-802a-4dfd-a62c-cd44f21195ba: shutdown group-FFD99A53A4E8
2019-09-05 18:57:32,889 [ForkJoinPool.commonPool-worker-1] INFO  server.GrpcService (GrpcService.java:closeImpl(163)) - 79090cb8-f5e7-4b44-aaee-2ebde45eb251: shutdown server with port 45184 successfully
2019-09-05 18:57:32,889 [main] INFO  util.JmxRegister (JmxRegister.java:unregister(73)) - Successfully un-registered JMX Bean with object name Ratis:service=RaftServer,group=group-FFD99A53A4E8,id=b82aff16-802a-4dfd-a62c-cd44f21195ba
2019-09-05 18:57:32,890 [grpc-default-executor-5] WARN  client.GrpcClientProtocolService (LogUtils.java:warn(134)) - 1-UnorderedRequestStreamObserver1: onError: org.apache.ratis.thirdparty.io.grpc.StatusRuntimeException: CANCELLED: cancelled before receiving half close
2019-09-05 18:57:32,890 [main] INFO  impl.RoleInfo (RoleInfo.java:shutdownFollowerState(121)) - b82aff16-802a-4dfd-a62c-cd44f21195ba: shutdown FollowerState
2019-09-05 18:57:32,891 [main] INFO  impl.StateMachineUpdater (StateMachineUpdater.java:stopAndJoin(115)) - StateMachineUpdater:b82aff16-802a-4dfd-a62c-cd44f21195ba:group-FFD99A53A4E8: set stopIndex = 15
2019-09-05 18:57:32,891 [StateMachineUpdater:b82aff16-802a-4dfd-a62c-cd44f21195ba:group-FFD99A53A4E8] INFO  ratis.ContainerStateMachine (ContainerStateMachine.java:takeSnapshot(284)) - group-FFD99A53A4E8: Taking a snapshot at:(t:2, i:15) file /workdir/hadoop-ozone/integration-test/target/test-dir/MiniOzoneClusterImpl-756306cc-38d8-43d8-837b-a337f9b5af48/datanode-3/data/ratis/11668a67-d255-433f-ab5d-ffd99a53a4e8/sm/snapshot.2_15
2019-09-05 18:57:32,891 [Thread-358] INFO  impl.FollowerState (FollowerState.java:run(114)) - b82aff16-802a-4dfd-a62c-cd44f21195ba: FollowerState was interrupted: java.lang.InterruptedException: sleep interrupted
2019-09-05 18:57:32,903 [refreshUsed-/workdir/hadoop-ozone/integration-test/target/test-dir/MiniOzoneClusterImpl-756306cc-38d8-43d8-837b-a337f9b5af48/datanode-2/data/containers] WARN  fs.CachingGetSpaceUsed (CachingGetSpaceUsed.java:run(183)) - Thread Interrupted waiting to refresh disk information: sleep interrupted
2019-09-05 18:57:32,914 [ForkJoinPool.commonPool-worker-1] INFO  utils.BackgroundService (BackgroundService.java:shutdown(148)) - Shutting down service BlockDeletingService
2019-09-05 18:57:32,919 [ForkJoinPool.commonPool-worker-1] INFO  statemachine.DatanodeStateMachine (DatanodeStateMachine.java:stopDaemon(395)) - Ozone container server stopped.
2019-09-05 18:57:32,924 [ForkJoinPool.commonPool-worker-1] INFO  handler.ContextHandler (ContextHandler.java:doStop(910)) - Stopped o.e.j.w.WebAppContext@5a6d30e2{/,null,UNAVAILABLE}{/hddsDatanode}
2019-09-05 18:57:32,924 [ForkJoinPool.commonPool-worker-1] INFO  server.AbstractConnector (AbstractConnector.java:doStop(318)) - Stopped ServerConnector@b52b755{HTTP/1.1,[http/1.1]}{0.0.0.0:0}
2019-09-05 18:57:32,926 [ForkJoinPool.commonPool-worker-1] INFO  handler.ContextHandler (ContextHandler.java:doStop(910)) - Stopped o.e.j.s.ServletContextHandler@50850539{/static,jar:file:/home/user/.m2/repository/org/apache/hadoop/hadoop-hdds-container-service/0.5.0-SNAPSHOT/hadoop-hdds-container-service-0.5.0-SNAPSHOT.jar!/webapps/static,UNAVAILABLE}
2019-09-05 18:57:32,927 [ForkJoinPool.commonPool-worker-1] INFO  handler.ContextHandler (ContextHandler.java:doStop(910)) - Stopped o.e.j.s.ServletContextHandler@7cbeac65{/logs,file:///workdir/hadoop-ozone/integration-test/target/log,UNAVAILABLE}
2019-09-05 18:57:32,945 [StateMachineUpdater:b82aff16-802a-4dfd-a62c-cd44f21195ba:group-FFD99A53A4E8] INFO  ratis.ContainerStateMachine (ContainerStateMachine.java:takeSnapshot(295)) - group-FFD99A53A4E8: Finished taking a snapshot at:(t:2, i:15) file:/workdir/hadoop-ozone/integration-test/target/test-dir/MiniOzoneClusterImpl-756306cc-38d8-43d8-837b-a337f9b5af48/datanode-3/data/ratis/11668a67-d255-433f-ab5d-ffd99a53a4e8/sm/snapshot.2_15 time:54
2019-09-05 18:57:32,945 [StateMachineUpdater:b82aff16-802a-4dfd-a62c-cd44f21195ba:group-FFD99A53A4E8] INFO  impl.StateMachineUpdater (StateMachineUpdater.java:takeSnapshot(242)) - StateMachineUpdater:b82aff16-802a-4dfd-a62c-cd44f21195ba:group-FFD99A53A4E8: Took a snapshot at index 15
2019-09-05 18:57:32,945 [StateMachineUpdater:b82aff16-802a-4dfd-a62c-cd44f21195ba:group-FFD99A53A4E8] INFO  impl.StateMachineUpdater (StateMachineUpdater.java:lambda$new$0(80)) - StateMachineUpdater:b82aff16-802a-4dfd-a62c-cd44f21195ba:group-FFD99A53A4E8: snapshotIndex: updateIncreasingly -1 -> 15
2019-09-05 18:57:32,946 [main] INFO  impl.RaftServerImpl (ServerState.java:close(394)) - b82aff16-802a-4dfd-a62c-cd44f21195ba:group-FFD99A53A4E8 closes. The last applied log index is 15
2019-09-05 18:57:32,946 [b82aff16-802a-4dfd-a62c-cd44f21195ba-SegmentedRaftLogWorker:Storage Directory /workdir/hadoop-ozone/integration-test/target/test-dir/MiniOzoneClusterImpl-756306cc-38d8-43d8-837b-a337f9b5af48/datanode-3/data/ratis/11668a67-d255-433f-ab5d-ffd99a53a4e8] INFO  segmented.SegmentedRaftLogWorker (SegmentedRaftLogWorker.java:run(313)) - b82aff16-802a-4dfd-a62c-cd44f21195ba-SegmentedRaftLogWorker:Storage Directory /workdir/hadoop-ozone/integration-test/target/test-dir/MiniOzoneClusterImpl-756306cc-38d8-43d8-837b-a337f9b5af48/datanode-3/data/ratis/11668a67-d255-433f-ab5d-ffd99a53a4e8 was interrupted, exiting. There are 0 tasks remaining in the queue.
2019-09-05 18:57:32,948 [main] INFO  segmented.SegmentedRaftLogWorker (SegmentedRaftLogWorker.java:close(228)) - b82aff16-802a-4dfd-a62c-cd44f21195ba-SegmentedRaftLogWorker:Storage Directory /workdir/hadoop-ozone/integration-test/target/test-dir/MiniOzoneClusterImpl-756306cc-38d8-43d8-837b-a337f9b5af48/datanode-3/data/ratis/11668a67-d255-433f-ab5d-ffd99a53a4e8 close()
2019-09-05 18:57:32,951 [main] INFO  impl.RaftServerImpl (RaftServerImpl.java:lambda$shutdown$3(245)) - b82aff16-802a-4dfd-a62c-cd44f21195ba: shutdown group-4003B8799644
2019-09-05 18:57:32,952 [main] INFO  util.JmxRegister (JmxRegister.java:unregister(73)) - Successfully un-registered JMX Bean with object name Ratis:service=RaftServer,group=group-4003B8799644,id=b82aff16-802a-4dfd-a62c-cd44f21195ba
2019-09-05 18:57:32,952 [main] INFO  impl.RoleInfo (RoleInfo.java:shutdownLeaderState(104)) - b82aff16-802a-4dfd-a62c-cd44f21195ba: shutdown LeaderState
2019-09-05 18:57:32,952 [main] INFO  impl.PendingRequests (PendingRequests.java:sendNotLeaderResponses(202)) - b82aff16-802a-4dfd-a62c-cd44f21195ba-PendingRequests: sendNotLeaderResponses
2019-09-05 18:57:32,953 [main] INFO  impl.StateMachineUpdater (StateMachineUpdater.java:stopAndJoin(115)) - StateMachineUpdater:b82aff16-802a-4dfd-a62c-cd44f21195ba:group-4003B8799644: set stopIndex = 0
2019-09-05 18:57:32,953 [main] INFO  impl.RaftServerImpl (ServerState.java:close(394)) - b82aff16-802a-4dfd-a62c-cd44f21195ba:group-4003B8799644 closes. The last applied log index is 0
2019-09-05 18:57:32,953 [b82aff16-802a-4dfd-a62c-cd44f21195ba-SegmentedRaftLogWorker:Storage Directory /workdir/hadoop-ozone/integration-test/target/test-dir/MiniOzoneClusterImpl-756306cc-38d8-43d8-837b-a337f9b5af48/datanode-3/data/ratis/9a48e861-52a7-4bec-a1cb-4003b8799644] INFO  segmented.SegmentedRaftLogWorker (SegmentedRaftLogWorker.java:run(313)) - b82aff16-802a-4dfd-a62c-cd44f21195ba-SegmentedRaftLogWorker:Storage Directory /workdir/hadoop-ozone/integration-test/target/test-dir/MiniOzoneClusterImpl-756306cc-38d8-43d8-837b-a337f9b5af48/datanode-3/data/ratis/9a48e861-52a7-4bec-a1cb-4003b8799644 was interrupted, exiting. There are 0 tasks remaining in the queue.
2019-09-05 18:57:32,954 [main] INFO  segmented.SegmentedRaftLogWorker (SegmentedRaftLogWorker.java:close(228)) - b82aff16-802a-4dfd-a62c-cd44f21195ba-SegmentedRaftLogWorker:Storage Directory /workdir/hadoop-ozone/integration-test/target/test-dir/MiniOzoneClusterImpl-756306cc-38d8-43d8-837b-a337f9b5af48/datanode-3/data/ratis/9a48e861-52a7-4bec-a1cb-4003b8799644 close()
2019-09-05 18:57:32,956 [main] INFO  server.GrpcService (GrpcService.java:closeImpl(155)) - b82aff16-802a-4dfd-a62c-cd44f21195ba: shutdown server with port 33927 now
2019-09-05 18:57:32,960 [grpc-default-executor-3] WARN  server.GrpcServerProtocolService (LogUtils.java:warn(134)) - b82aff16-802a-4dfd-a62c-cd44f21195ba: appendEntries onError: org.apache.ratis.thirdparty.io.grpc.StatusRuntimeException: CANCELLED: cancelled before receiving half close
2019-09-05 18:57:32,960 [main] INFO  server.GrpcService (GrpcService.java:closeImpl(163)) - b82aff16-802a-4dfd-a62c-cd44f21195ba: shutdown server with port 33927 successfully
2019-09-05 18:57:32,961 [grpc-default-executor-5] WARN  server.GrpcLogAppender (LogUtils.java:warn(134)) - 48a61b03-e918-494d-8f69-dadad5c74fd2->b82aff16-802a-4dfd-a62c-cd44f21195ba: Failed appendEntries: org.apache.ratis.thirdparty.io.grpc.StatusRuntimeException: CANCELLED: HTTP/2 error code: CANCEL
Received Rst Stream
2019-09-05 18:57:32,962 [grpc-default-executor-5] INFO  impl.FollowerInfo (FollowerInfo.java:lambda$new$0(50)) - 48a61b03-e918-494d-8f69-dadad5c74fd2->b82aff16-802a-4dfd-a62c-cd44f21195ba: nextIndex: updateUnconditionally 16 -> 15
2019-09-05 18:57:32,962 [refreshUsed-/workdir/hadoop-ozone/integration-test/target/test-dir/MiniOzoneClusterImpl-756306cc-38d8-43d8-837b-a337f9b5af48/datanode-3/data/containers] WARN  fs.CachingGetSpaceUsed (CachingGetSpaceUsed.java:run(183)) - Thread Interrupted waiting to refresh disk information: sleep interrupted
2019-09-05 18:57:32,967 [EventQueue-StaleNodeForStaleNodeHandler] INFO  node.StaleNodeHandler (StaleNodeHandler.java:onMessage(58)) - Datanode b82aff16-802a-4dfd-a62c-cd44f21195ba{ip: 192.168.36.80, host: pr-hdds-1982-decom-states-p4sss-1559755178, networkLocation: /default-rack, certSerialId: null} moved to stale state. Finalizing its pipelines [PipelineID=11668a67-d255-433f-ab5d-ffd99a53a4e8, PipelineID=9a48e861-52a7-4bec-a1cb-4003b8799644]
2019-09-05 18:57:32,967 [EventQueue-StaleNodeForStaleNodeHandler] INFO  pipeline.SCMPipelineManager (SCMPipelineManager.java:finalizeAndDestroyPipeline(311)) - destroying pipeline:Pipeline[ Id: 11668a67-d255-433f-ab5d-ffd99a53a4e8, Nodes: 48a61b03-e918-494d-8f69-dadad5c74fd2{ip: 192.168.36.80, host: pr-hdds-1982-decom-states-p4sss-1559755178, networkLocation: /default-rack, certSerialId: null}b82aff16-802a-4dfd-a62c-cd44f21195ba{ip: 192.168.36.80, host: pr-hdds-1982-decom-states-p4sss-1559755178, networkLocation: /default-rack, certSerialId: null}0332e08e-0f90-4d8d-a222-34b10266ec2f{ip: 192.168.36.80, host: pr-hdds-1982-decom-states-p4sss-1559755178, networkLocation: /default-rack, certSerialId: null}, Type:RATIS, Factor:THREE, State:OPEN]
2019-09-05 18:57:32,967 [EventQueue-StaleNodeForStaleNodeHandler] INFO  pipeline.PipelineStateManager (PipelineStateManager.java:finalizePipeline(123)) - Pipeline Pipeline[ Id: 11668a67-d255-433f-ab5d-ffd99a53a4e8, Nodes: 48a61b03-e918-494d-8f69-dadad5c74fd2{ip: 192.168.36.80, host: pr-hdds-1982-decom-states-p4sss-1559755178, networkLocation: /default-rack, certSerialId: null}b82aff16-802a-4dfd-a62c-cd44f21195ba{ip: 192.168.36.80, host: pr-hdds-1982-decom-states-p4sss-1559755178, networkLocation: /default-rack, certSerialId: null}0332e08e-0f90-4d8d-a222-34b10266ec2f{ip: 192.168.36.80, host: pr-hdds-1982-decom-states-p4sss-1559755178, networkLocation: /default-rack, certSerialId: null}, Type:RATIS, Factor:THREE, State:CLOSED] moved to CLOSED state
2019-09-05 18:57:32,968 [EventQueue-CloseContainerForCloseContainerEventHandler] INFO  container.CloseContainerEventHandler (CloseContainerEventHandler.java:onMessage(61)) - Close container Event triggered for container : #1
2019-09-05 18:57:32,968 [EventQueue-StaleNodeForStaleNodeHandler] INFO  pipeline.SCMPipelineManager (SCMPipelineManager.java:finalizeAndDestroyPipeline(311)) - destroying pipeline:Pipeline[ Id: 9a48e861-52a7-4bec-a1cb-4003b8799644, Nodes: b82aff16-802a-4dfd-a62c-cd44f21195ba{ip: 192.168.36.80, host: pr-hdds-1982-decom-states-p4sss-1559755178, networkLocation: /default-rack, certSerialId: null}, Type:RATIS, Factor:ONE, State:OPEN]
2019-09-05 18:57:32,968 [EventQueue-StaleNodeForStaleNodeHandler] INFO  pipeline.PipelineStateManager (PipelineStateManager.java:finalizePipeline(123)) - Pipeline Pipeline[ Id: 9a48e861-52a7-4bec-a1cb-4003b8799644, Nodes: b82aff16-802a-4dfd-a62c-cd44f21195ba{ip: 192.168.36.80, host: pr-hdds-1982-decom-states-p4sss-1559755178, networkLocation: /default-rack, certSerialId: null}, Type:RATIS, Factor:ONE, State:CLOSED] moved to CLOSED state
2019-09-05 18:57:32,977 [main] INFO  utils.BackgroundService (BackgroundService.java:shutdown(148)) - Shutting down service BlockDeletingService
2019-09-05 18:57:32,980 [main] INFO  statemachine.DatanodeStateMachine (DatanodeStateMachine.java:stopDaemon(395)) - Ozone container server stopped.
2019-09-05 18:57:32,981 [main] INFO  handler.ContextHandler (ContextHandler.java:doStop(910)) - Stopped o.e.j.w.WebAppContext@252a8aae{/,null,UNAVAILABLE}{/hddsDatanode}
2019-09-05 18:57:32,982 [main] INFO  server.AbstractConnector (AbstractConnector.java:doStop(318)) - Stopped ServerConnector@3d4e405e{HTTP/1.1,[http/1.1]}{0.0.0.0:0}
2019-09-05 18:57:32,982 [main] INFO  handler.ContextHandler (ContextHandler.java:doStop(910)) - Stopped o.e.j.s.ServletContextHandler@5484117b{/static,jar:file:/home/user/.m2/repository/org/apache/hadoop/hadoop-hdds-container-service/0.5.0-SNAPSHOT/hadoop-hdds-container-service-0.5.0-SNAPSHOT.jar!/webapps/static,UNAVAILABLE}
2019-09-05 18:57:32,983 [main] INFO  handler.ContextHandler (ContextHandler.java:doStop(910)) - Stopped o.e.j.s.ServletContextHandler@ec8f4b9{/logs,file:///workdir/hadoop-ozone/integration-test/target/log,UNAVAILABLE}
2019-09-05 18:57:33,392 [grpc-default-executor-0] WARN  server.GrpcLogAppender (LogUtils.java:warn(134)) - 48a61b03-e918-494d-8f69-dadad5c74fd2->b82aff16-802a-4dfd-a62c-cd44f21195ba: Failed appendEntries: org.apache.ratis.thirdparty.io.grpc.StatusRuntimeException: UNAVAILABLE: io exception
2019-09-05 18:57:33,397 [grpc-default-executor-0] INFO  impl.FollowerInfo (FollowerInfo.java:lambda$new$0(50)) - 48a61b03-e918-494d-8f69-dadad5c74fd2->b82aff16-802a-4dfd-a62c-cd44f21195ba: nextIndex: updateUnconditionally 15 -> 14
2019-09-05 18:57:33,830 [Datanode State Machine Thread - 0] INFO  statemachine.DatanodeStateMachine (DatanodeStateMachine.java:lambda$startDaemon$0(350)) - Ozone container server started.
2019-09-05 18:57:33,870 [Datanode State Machine Thread - 0] INFO  statemachine.DatanodeStateMachine (DatanodeStateMachine.java:lambda$startDaemon$0(350)) - Ozone container server started.
2019-09-05 18:57:35,894 [grpc-default-executor-5] WARN  server.GrpcLogAppender (LogUtils.java:warn(134)) - 48a61b03-e918-494d-8f69-dadad5c74fd2->b82aff16-802a-4dfd-a62c-cd44f21195ba: Failed appendEntries: org.apache.ratis.thirdparty.io.grpc.StatusRuntimeException: UNAVAILABLE: io exception
2019-09-05 18:57:35,896 [grpc-default-executor-5] INFO  impl.FollowerInfo (FollowerInfo.java:lambda$new$0(50)) - 48a61b03-e918-494d-8f69-dadad5c74fd2->b82aff16-802a-4dfd-a62c-cd44f21195ba: nextIndex: updateUnconditionally 14 -> 13
2019-09-05 18:57:37,141 [Thread-322] INFO  impl.FollowerState (FollowerState.java:run(106)) - 0f826b7c-7306-45ba-b7be-9a5dfde42038:group-FAE588026D8F changes to CANDIDATE, lastRpcTime:6467, electionTimeout:5055ms
2019-09-05 18:57:37,141 [Thread-322] INFO  impl.RoleInfo (RoleInfo.java:shutdownFollowerState(121)) - 0f826b7c-7306-45ba-b7be-9a5dfde42038: shutdown FollowerState
2019-09-05 18:57:37,142 [Thread-322] INFO  impl.RaftServerImpl (RaftServerImpl.java:setRole(171)) - 0f826b7c-7306-45ba-b7be-9a5dfde42038:group-FAE588026D8F changes role from FOLLOWER to CANDIDATE at term 1 for changeToCandidate
2019-09-05 18:57:37,142 [Thread-322] INFO  impl.RoleInfo (RoleInfo.java:updateAndGet(143)) - 0f826b7c-7306-45ba-b7be-9a5dfde42038: start LeaderElection
2019-09-05 18:57:37,144 [0f826b7c-7306-45ba-b7be-9a5dfde42038:group-FAE588026D8F:LeaderElection13] INFO  impl.RaftServerImpl (ServerState.java:setLeader(263)) - 0f826b7c-7306-45ba-b7be-9a5dfde42038:group-FAE588026D8F change Leader from 79090cb8-f5e7-4b44-aaee-2ebde45eb251 to null at term 1 for initElection
2019-09-05 18:57:37,170 [0f826b7c-7306-45ba-b7be-9a5dfde42038:group-FAE588026D8F:LeaderElection13] INFO  impl.LeaderElection (LeaderElection.java:askForVotes(181)) - 0f826b7c-7306-45ba-b7be-9a5dfde42038:group-FAE588026D8F:LeaderElection13: begin an election at term 2 for 0: [79090cb8-f5e7-4b44-aaee-2ebde45eb251:192.168.36.80:45184, d945711b-809b-4fa4-8f0a-c5e7e27fd03f:192.168.36.80:33144, 0f826b7c-7306-45ba-b7be-9a5dfde42038:192.168.36.80:44293], old=null
2019-09-05 18:57:37,178 [0f826b7c-7306-45ba-b7be-9a5dfde42038:group-FAE588026D8F:LeaderElection13] INFO  impl.LeaderElection (LogUtils.java:infoOrTrace(149)) - 0f826b7c-7306-45ba-b7be-9a5dfde42038:group-FAE588026D8F:LeaderElection13 got exception when requesting votes: {}
java.util.concurrent.ExecutionException: org.apache.ratis.thirdparty.io.grpc.StatusRuntimeException: UNAVAILABLE: io exception
	at java.util.concurrent.FutureTask.report(FutureTask.java:122)
	at java.util.concurrent.FutureTask.get(FutureTask.java:192)
	at org.apache.ratis.server.impl.LeaderElection.waitForResults(LeaderElection.java:262)
	at org.apache.ratis.server.impl.LeaderElection.askForVotes(LeaderElection.java:200)
	at org.apache.ratis.server.impl.LeaderElection.run(LeaderElection.java:130)
	at java.lang.Thread.run(Thread.java:748)
Caused by: org.apache.ratis.thirdparty.io.grpc.StatusRuntimeException: UNAVAILABLE: io exception
	at org.apache.ratis.thirdparty.io.grpc.stub.ClientCalls.toStatusRuntimeException(ClientCalls.java:233)
	at org.apache.ratis.thirdparty.io.grpc.stub.ClientCalls.getUnchecked(ClientCalls.java:214)
	at org.apache.ratis.thirdparty.io.grpc.stub.ClientCalls.blockingUnaryCall(ClientCalls.java:139)
	at org.apache.ratis.proto.grpc.RaftServerProtocolServiceGrpc$RaftServerProtocolServiceBlockingStub.requestVote(RaftServerProtocolServiceGrpc.java:265)
	at org.apache.ratis.grpc.server.GrpcServerProtocolClient.requestVote(GrpcServerProtocolClient.java:83)
	at org.apache.ratis.grpc.server.GrpcService.requestVote(GrpcService.java:195)
	at org.apache.ratis.server.impl.LeaderElection.lambda$submitRequests$1(LeaderElection.java:237)
	at java.util.concurrent.FutureTask.run(FutureTask.java:266)
	at java.util.concurrent.Executors$RunnableAdapter.call(Executors.java:511)
	at java.util.concurrent.FutureTask.run(FutureTask.java:266)
	at java.util.concurrent.ThreadPoolExecutor.runWorker(ThreadPoolExecutor.java:1149)
	at java.util.concurrent.ThreadPoolExecutor$Worker.run(ThreadPoolExecutor.java:624)
	... 1 more
Caused by: org.apache.ratis.thirdparty.io.netty.channel.AbstractChannel$AnnotatedConnectException: Connection refused: /192.168.36.80:45184
	at sun.nio.ch.SocketChannelImpl.checkConnect(Native Method)
	at sun.nio.ch.SocketChannelImpl.finishConnect(SocketChannelImpl.java:717)
	at org.apache.ratis.thirdparty.io.netty.channel.socket.nio.NioSocketChannel.doFinishConnect(NioSocketChannel.java:327)
	at org.apache.ratis.thirdparty.io.netty.channel.nio.AbstractNioChannel$AbstractNioUnsafe.finishConnect(AbstractNioChannel.java:340)
	at org.apache.ratis.thirdparty.io.netty.channel.nio.NioEventLoop.processSelectedKey(NioEventLoop.java:632)
	at org.apache.ratis.thirdparty.io.netty.channel.nio.NioEventLoop.processSelectedKeysOptimized(NioEventLoop.java:579)
	at org.apache.ratis.thirdparty.io.netty.channel.nio.NioEventLoop.processSelectedKeys(NioEventLoop.java:496)
	at org.apache.ratis.thirdparty.io.netty.channel.nio.NioEventLoop.run(NioEventLoop.java:458)
	at org.apache.ratis.thirdparty.io.netty.util.concurrent.SingleThreadEventExecutor$5.run(SingleThreadEventExecutor.java:897)
	at org.apache.ratis.thirdparty.io.netty.util.concurrent.FastThreadLocalRunnable.run(FastThreadLocalRunnable.java:30)
	... 1 more
Caused by: java.net.ConnectException: Connection refused
	... 11 more
2019-09-05 18:57:37,180 [0f826b7c-7306-45ba-b7be-9a5dfde42038:group-FAE588026D8F:LeaderElection13] INFO  impl.LeaderElection (LogUtils.java:infoOrTrace(149)) - 0f826b7c-7306-45ba-b7be-9a5dfde42038:group-FAE588026D8F:LeaderElection13 got exception when requesting votes: {}
java.util.concurrent.ExecutionException: org.apache.ratis.thirdparty.io.grpc.StatusRuntimeException: UNAVAILABLE: io exception
	at java.util.concurrent.FutureTask.report(FutureTask.java:122)
	at java.util.concurrent.FutureTask.get(FutureTask.java:192)
	at org.apache.ratis.server.impl.LeaderElection.waitForResults(LeaderElection.java:262)
	at org.apache.ratis.server.impl.LeaderElection.askForVotes(LeaderElection.java:200)
	at org.apache.ratis.server.impl.LeaderElection.run(LeaderElection.java:130)
	at java.lang.Thread.run(Thread.java:748)
Caused by: org.apache.ratis.thirdparty.io.grpc.StatusRuntimeException: UNAVAILABLE: io exception
	at org.apache.ratis.thirdparty.io.grpc.stub.ClientCalls.toStatusRuntimeException(ClientCalls.java:233)
	at org.apache.ratis.thirdparty.io.grpc.stub.ClientCalls.getUnchecked(ClientCalls.java:214)
	at org.apache.ratis.thirdparty.io.grpc.stub.ClientCalls.blockingUnaryCall(ClientCalls.java:139)
	at org.apache.ratis.proto.grpc.RaftServerProtocolServiceGrpc$RaftServerProtocolServiceBlockingStub.requestVote(RaftServerProtocolServiceGrpc.java:265)
	at org.apache.ratis.grpc.server.GrpcServerProtocolClient.requestVote(GrpcServerProtocolClient.java:83)
	at org.apache.ratis.grpc.server.GrpcService.requestVote(GrpcService.java:195)
	at org.apache.ratis.server.impl.LeaderElection.lambda$submitRequests$1(LeaderElection.java:237)
	at java.util.concurrent.FutureTask.run(FutureTask.java:266)
	at java.util.concurrent.Executors$RunnableAdapter.call(Executors.java:511)
	at java.util.concurrent.FutureTask.run(FutureTask.java:266)
	at java.util.concurrent.ThreadPoolExecutor.runWorker(ThreadPoolExecutor.java:1149)
	at java.util.concurrent.ThreadPoolExecutor$Worker.run(ThreadPoolExecutor.java:624)
	... 1 more
Caused by: org.apache.ratis.thirdparty.io.netty.channel.AbstractChannel$AnnotatedConnectException: Connection refused: /192.168.36.80:33144
	at sun.nio.ch.SocketChannelImpl.checkConnect(Native Method)
	at sun.nio.ch.SocketChannelImpl.finishConnect(SocketChannelImpl.java:717)
	at org.apache.ratis.thirdparty.io.netty.channel.socket.nio.NioSocketChannel.doFinishConnect(NioSocketChannel.java:327)
	at org.apache.ratis.thirdparty.io.netty.channel.nio.AbstractNioChannel$AbstractNioUnsafe.finishConnect(AbstractNioChannel.java:340)
	at org.apache.ratis.thirdparty.io.netty.channel.nio.NioEventLoop.processSelectedKey(NioEventLoop.java:632)
	at org.apache.ratis.thirdparty.io.netty.channel.nio.NioEventLoop.processSelectedKeysOptimized(NioEventLoop.java:579)
	at org.apache.ratis.thirdparty.io.netty.channel.nio.NioEventLoop.processSelectedKeys(NioEventLoop.java:496)
	at org.apache.ratis.thirdparty.io.netty.channel.nio.NioEventLoop.run(NioEventLoop.java:458)
	at org.apache.ratis.thirdparty.io.netty.util.concurrent.SingleThreadEventExecutor$5.run(SingleThreadEventExecutor.java:897)
	at org.apache.ratis.thirdparty.io.netty.util.concurrent.FastThreadLocalRunnable.run(FastThreadLocalRunnable.java:30)
	... 1 more
Caused by: java.net.ConnectException: Connection refused
	... 11 more
2019-09-05 18:57:37,182 [0f826b7c-7306-45ba-b7be-9a5dfde42038:group-FAE588026D8F:LeaderElection13] INFO  impl.LeaderElection (LeaderElection.java:logAndReturn(56)) - 0f826b7c-7306-45ba-b7be-9a5dfde42038:group-FAE588026D8F:LeaderElection13: Election REJECTED; received 0 response(s) [] and 2 exception(s); 0f826b7c-7306-45ba-b7be-9a5dfde42038:t2, leader=null, voted=0f826b7c-7306-45ba-b7be-9a5dfde42038, raftlog=0f826b7c-7306-45ba-b7be-9a5dfde42038-SegmentedRaftLog:OPENED:c4,f4,i4, conf=0: [79090cb8-f5e7-4b44-aaee-2ebde45eb251:192.168.36.80:45184, d945711b-809b-4fa4-8f0a-c5e7e27fd03f:192.168.36.80:33144, 0f826b7c-7306-45ba-b7be-9a5dfde42038:192.168.36.80:44293], old=null
2019-09-05 18:57:37,182 [0f826b7c-7306-45ba-b7be-9a5dfde42038:group-FAE588026D8F:LeaderElection13] INFO  impl.LeaderElection (LogUtils.java:infoOrTrace(149)) -   Exception 0: {}
java.util.concurrent.ExecutionException: org.apache.ratis.thirdparty.io.grpc.StatusRuntimeException: UNAVAILABLE: io exception
	at java.util.concurrent.FutureTask.report(FutureTask.java:122)
	at java.util.concurrent.FutureTask.get(FutureTask.java:192)
	at org.apache.ratis.server.impl.LeaderElection.waitForResults(LeaderElection.java:262)
	at org.apache.ratis.server.impl.LeaderElection.askForVotes(LeaderElection.java:200)
	at org.apache.ratis.server.impl.LeaderElection.run(LeaderElection.java:130)
	at java.lang.Thread.run(Thread.java:748)
Caused by: org.apache.ratis.thirdparty.io.grpc.StatusRuntimeException: UNAVAILABLE: io exception
	at org.apache.ratis.thirdparty.io.grpc.stub.ClientCalls.toStatusRuntimeException(ClientCalls.java:233)
	at org.apache.ratis.thirdparty.io.grpc.stub.ClientCalls.getUnchecked(ClientCalls.java:214)
	at org.apache.ratis.thirdparty.io.grpc.stub.ClientCalls.blockingUnaryCall(ClientCalls.java:139)
	at org.apache.ratis.proto.grpc.RaftServerProtocolServiceGrpc$RaftServerProtocolServiceBlockingStub.requestVote(RaftServerProtocolServiceGrpc.java:265)
	at org.apache.ratis.grpc.server.GrpcServerProtocolClient.requestVote(GrpcServerProtocolClient.java:83)
	at org.apache.ratis.grpc.server.GrpcService.requestVote(GrpcService.java:195)
	at org.apache.ratis.server.impl.LeaderElection.lambda$submitRequests$1(LeaderElection.java:237)
	at java.util.concurrent.FutureTask.run(FutureTask.java:266)
	at java.util.concurrent.Executors$RunnableAdapter.call(Executors.java:511)
	at java.util.concurrent.FutureTask.run(FutureTask.java:266)
	at java.util.concurrent.ThreadPoolExecutor.runWorker(ThreadPoolExecutor.java:1149)
	at java.util.concurrent.ThreadPoolExecutor$Worker.run(ThreadPoolExecutor.java:624)
	... 1 more
Caused by: org.apache.ratis.thirdparty.io.netty.channel.AbstractChannel$AnnotatedConnectException: Connection refused: /192.168.36.80:45184
	at sun.nio.ch.SocketChannelImpl.checkConnect(Native Method)
	at sun.nio.ch.SocketChannelImpl.finishConnect(SocketChannelImpl.java:717)
	at org.apache.ratis.thirdparty.io.netty.channel.socket.nio.NioSocketChannel.doFinishConnect(NioSocketChannel.java:327)
	at org.apache.ratis.thirdparty.io.netty.channel.nio.AbstractNioChannel$AbstractNioUnsafe.finishConnect(AbstractNioChannel.java:340)
	at org.apache.ratis.thirdparty.io.netty.channel.nio.NioEventLoop.processSelectedKey(NioEventLoop.java:632)
	at org.apache.ratis.thirdparty.io.netty.channel.nio.NioEventLoop.processSelectedKeysOptimized(NioEventLoop.java:579)
	at org.apache.ratis.thirdparty.io.netty.channel.nio.NioEventLoop.processSelectedKeys(NioEventLoop.java:496)
	at org.apache.ratis.thirdparty.io.netty.channel.nio.NioEventLoop.run(NioEventLoop.java:458)
	at org.apache.ratis.thirdparty.io.netty.util.concurrent.SingleThreadEventExecutor$5.run(SingleThreadEventExecutor.java:897)
	at org.apache.ratis.thirdparty.io.netty.util.concurrent.FastThreadLocalRunnable.run(FastThreadLocalRunnable.java:30)
	... 1 more
Caused by: java.net.ConnectException: Connection refused
	... 11 more
2019-09-05 18:57:37,183 [0f826b7c-7306-45ba-b7be-9a5dfde42038:group-FAE588026D8F:LeaderElection13] INFO  impl.LeaderElection (LogUtils.java:infoOrTrace(149)) -   Exception 1: {}
java.util.concurrent.ExecutionException: org.apache.ratis.thirdparty.io.grpc.StatusRuntimeException: UNAVAILABLE: io exception
	at java.util.concurrent.FutureTask.report(FutureTask.java:122)
	at java.util.concurrent.FutureTask.get(FutureTask.java:192)
	at org.apache.ratis.server.impl.LeaderElection.waitForResults(LeaderElection.java:262)
	at org.apache.ratis.server.impl.LeaderElection.askForVotes(LeaderElection.java:200)
	at org.apache.ratis.server.impl.LeaderElection.run(LeaderElection.java:130)
	at java.lang.Thread.run(Thread.java:748)
Caused by: org.apache.ratis.thirdparty.io.grpc.StatusRuntimeException: UNAVAILABLE: io exception
	at org.apache.ratis.thirdparty.io.grpc.stub.ClientCalls.toStatusRuntimeException(ClientCalls.java:233)
	at org.apache.ratis.thirdparty.io.grpc.stub.ClientCalls.getUnchecked(ClientCalls.java:214)
	at org.apache.ratis.thirdparty.io.grpc.stub.ClientCalls.blockingUnaryCall(ClientCalls.java:139)
	at org.apache.ratis.proto.grpc.RaftServerProtocolServiceGrpc$RaftServerProtocolServiceBlockingStub.requestVote(RaftServerProtocolServiceGrpc.java:265)
	at org.apache.ratis.grpc.server.GrpcServerProtocolClient.requestVote(GrpcServerProtocolClient.java:83)
	at org.apache.ratis.grpc.server.GrpcService.requestVote(GrpcService.java:195)
	at org.apache.ratis.server.impl.LeaderElection.lambda$submitRequests$1(LeaderElection.java:237)
	at java.util.concurrent.FutureTask.run(FutureTask.java:266)
	at java.util.concurrent.Executors$RunnableAdapter.call(Executors.java:511)
	at java.util.concurrent.FutureTask.run(FutureTask.java:266)
	at java.util.concurrent.ThreadPoolExecutor.runWorker(ThreadPoolExecutor.java:1149)
	at java.util.concurrent.ThreadPoolExecutor$Worker.run(ThreadPoolExecutor.java:624)
	... 1 more
Caused by: org.apache.ratis.thirdparty.io.netty.channel.AbstractChannel$AnnotatedConnectException: Connection refused: /192.168.36.80:33144
	at sun.nio.ch.SocketChannelImpl.checkConnect(Native Method)
	at sun.nio.ch.SocketChannelImpl.finishConnect(SocketChannelImpl.java:717)
	at org.apache.ratis.thirdparty.io.netty.channel.socket.nio.NioSocketChannel.doFinishConnect(NioSocketChannel.java:327)
	at org.apache.ratis.thirdparty.io.netty.channel.nio.AbstractNioChannel$AbstractNioUnsafe.finishConnect(AbstractNioChannel.java:340)
	at org.apache.ratis.thirdparty.io.netty.channel.nio.NioEventLoop.processSelectedKey(NioEventLoop.java:632)
	at org.apache.ratis.thirdparty.io.netty.channel.nio.NioEventLoop.processSelectedKeysOptimized(NioEventLoop.java:579)
	at org.apache.ratis.thirdparty.io.netty.channel.nio.NioEventLoop.processSelectedKeys(NioEventLoop.java:496)
	at org.apache.ratis.thirdparty.io.netty.channel.nio.NioEventLoop.run(NioEventLoop.java:458)
	at org.apache.ratis.thirdparty.io.netty.util.concurrent.SingleThreadEventExecutor$5.run(SingleThreadEventExecutor.java:897)
	at org.apache.ratis.thirdparty.io.netty.util.concurrent.FastThreadLocalRunnable.run(FastThreadLocalRunnable.java:30)
	... 1 more
Caused by: java.net.ConnectException: Connection refused
	... 11 more
2019-09-05 18:57:37,185 [0f826b7c-7306-45ba-b7be-9a5dfde42038:group-FAE588026D8F:LeaderElection13] INFO  impl.RaftServerImpl (RaftServerImpl.java:setRole(171)) - 0f826b7c-7306-45ba-b7be-9a5dfde42038:group-FAE588026D8F changes role from CANDIDATE to FOLLOWER at term 2 for DISCOVERED_A_NEW_TERM
2019-09-05 18:57:37,186 [0f826b7c-7306-45ba-b7be-9a5dfde42038:group-FAE588026D8F:LeaderElection13] INFO  impl.RoleInfo (RoleInfo.java:shutdownLeaderElection(134)) - 0f826b7c-7306-45ba-b7be-9a5dfde42038: shutdown LeaderElection
2019-09-05 18:57:37,187 [0f826b7c-7306-45ba-b7be-9a5dfde42038:group-FAE588026D8F:LeaderElection13] INFO  impl.RoleInfo (RoleInfo.java:updateAndGet(143)) - 0f826b7c-7306-45ba-b7be-9a5dfde42038: start FollowerState
2019-09-05 18:57:37,874 [EventQueue-StaleNodeForStaleNodeHandler] INFO  node.StaleNodeHandler (StaleNodeHandler.java:onMessage(58)) - Datanode 48a61b03-e918-494d-8f69-dadad5c74fd2{ip: 192.168.36.80, host: pr-hdds-1982-decom-states-p4sss-1559755178, networkLocation: /default-rack, certSerialId: null} moved to stale state. Finalizing its pipelines [PipelineID=11668a67-d255-433f-ab5d-ffd99a53a4e8, PipelineID=fc3cc67a-3cd3-47b8-8434-4acda5bd2857]
2019-09-05 18:57:37,874 [EventQueue-StaleNodeForStaleNodeHandler] INFO  pipeline.SCMPipelineManager (SCMPipelineManager.java:finalizeAndDestroyPipeline(311)) - destroying pipeline:Pipeline[ Id: 11668a67-d255-433f-ab5d-ffd99a53a4e8, Nodes: 48a61b03-e918-494d-8f69-dadad5c74fd2{ip: 192.168.36.80, host: pr-hdds-1982-decom-states-p4sss-1559755178, networkLocation: /default-rack, certSerialId: null}b82aff16-802a-4dfd-a62c-cd44f21195ba{ip: 192.168.36.80, host: pr-hdds-1982-decom-states-p4sss-1559755178, networkLocation: /default-rack, certSerialId: null}0332e08e-0f90-4d8d-a222-34b10266ec2f{ip: 192.168.36.80, host: pr-hdds-1982-decom-states-p4sss-1559755178, networkLocation: /default-rack, certSerialId: null}, Type:RATIS, Factor:THREE, State:CLOSED]
2019-09-05 18:57:37,875 [EventQueue-StaleNodeForStaleNodeHandler] INFO  pipeline.SCMPipelineManager (SCMPipelineManager.java:finalizeAndDestroyPipeline(311)) - destroying pipeline:Pipeline[ Id: fc3cc67a-3cd3-47b8-8434-4acda5bd2857, Nodes: 48a61b03-e918-494d-8f69-dadad5c74fd2{ip: 192.168.36.80, host: pr-hdds-1982-decom-states-p4sss-1559755178, networkLocation: /default-rack, certSerialId: null}, Type:RATIS, Factor:ONE, State:OPEN]
2019-09-05 18:57:37,875 [EventQueue-StaleNodeForStaleNodeHandler] INFO  pipeline.PipelineStateManager (PipelineStateManager.java:finalizePipeline(123)) - Pipeline Pipeline[ Id: fc3cc67a-3cd3-47b8-8434-4acda5bd2857, Nodes: 48a61b03-e918-494d-8f69-dadad5c74fd2{ip: 192.168.36.80, host: pr-hdds-1982-decom-states-p4sss-1559755178, networkLocation: /default-rack, certSerialId: null}, Type:RATIS, Factor:ONE, State:CLOSED] moved to CLOSED state
2019-09-05 18:57:37,875 [EventQueue-StaleNodeForStaleNodeHandler] INFO  node.StaleNodeHandler (StaleNodeHandler.java:onMessage(58)) - Datanode 0332e08e-0f90-4d8d-a222-34b10266ec2f{ip: 192.168.36.80, host: pr-hdds-1982-decom-states-p4sss-1559755178, networkLocation: /default-rack, certSerialId: null} moved to stale state. Finalizing its pipelines [PipelineID=11668a67-d255-433f-ab5d-ffd99a53a4e8, PipelineID=c231cd9b-75bf-4def-af83-42eb9bd17d5c]
2019-09-05 18:57:37,875 [EventQueue-StaleNodeForStaleNodeHandler] INFO  pipeline.SCMPipelineManager (SCMPipelineManager.java:finalizeAndDestroyPipeline(311)) - destroying pipeline:Pipeline[ Id: 11668a67-d255-433f-ab5d-ffd99a53a4e8, Nodes: 48a61b03-e918-494d-8f69-dadad5c74fd2{ip: 192.168.36.80, host: pr-hdds-1982-decom-states-p4sss-1559755178, networkLocation: /default-rack, certSerialId: null}b82aff16-802a-4dfd-a62c-cd44f21195ba{ip: 192.168.36.80, host: pr-hdds-1982-decom-states-p4sss-1559755178, networkLocation: /default-rack, certSerialId: null}0332e08e-0f90-4d8d-a222-34b10266ec2f{ip: 192.168.36.80, host: pr-hdds-1982-decom-states-p4sss-1559755178, networkLocation: /default-rack, certSerialId: null}, Type:RATIS, Factor:THREE, State:CLOSED]
2019-09-05 18:57:37,875 [EventQueue-StaleNodeForStaleNodeHandler] INFO  pipeline.SCMPipelineManager (SCMPipelineManager.java:finalizeAndDestroyPipeline(311)) - destroying pipeline:Pipeline[ Id: c231cd9b-75bf-4def-af83-42eb9bd17d5c, Nodes: 0332e08e-0f90-4d8d-a222-34b10266ec2f{ip: 192.168.36.80, host: pr-hdds-1982-decom-states-p4sss-1559755178, networkLocation: /default-rack, certSerialId: null}, Type:RATIS, Factor:ONE, State:OPEN]
2019-09-05 18:57:37,876 [EventQueue-StaleNodeForStaleNodeHandler] INFO  pipeline.PipelineStateManager (PipelineStateManager.java:finalizePipeline(123)) - Pipeline Pipeline[ Id: c231cd9b-75bf-4def-af83-42eb9bd17d5c, Nodes: 0332e08e-0f90-4d8d-a222-34b10266ec2f{ip: 192.168.36.80, host: pr-hdds-1982-decom-states-p4sss-1559755178, networkLocation: /default-rack, certSerialId: null}, Type:RATIS, Factor:ONE, State:CLOSED] moved to CLOSED state
2019-09-05 18:57:37,928 [ForkJoinPool.commonPool-worker-1] INFO  ozoneimpl.OzoneContainer (OzoneContainer.java:stop(215)) - Attempting to stop container services.
2019-09-05 18:57:37,929 [ForkJoinPool.commonPool-worker-1] INFO  impl.RaftServerProxy (RaftServerProxy.java:lambda$close$4(314)) - 48a61b03-e918-494d-8f69-dadad5c74fd2: close
2019-09-05 18:57:37,929 [ForkJoinPool.commonPool-worker-1] INFO  impl.RaftServerImpl (RaftServerImpl.java:lambda$shutdown$3(245)) - 48a61b03-e918-494d-8f69-dadad5c74fd2: shutdown group-FFD99A53A4E8
2019-09-05 18:57:37,930 [ForkJoinPool.commonPool-worker-1] INFO  util.JmxRegister (JmxRegister.java:unregister(73)) - Successfully un-registered JMX Bean with object name Ratis:service=RaftServer,group=group-FFD99A53A4E8,id=48a61b03-e918-494d-8f69-dadad5c74fd2
2019-09-05 18:57:37,930 [ForkJoinPool.commonPool-worker-1] INFO  impl.RoleInfo (RoleInfo.java:shutdownLeaderState(104)) - 48a61b03-e918-494d-8f69-dadad5c74fd2: shutdown LeaderState
2019-09-05 18:57:37,934 [ForkJoinPool.commonPool-worker-1] INFO  impl.PendingRequests (PendingRequests.java:sendNotLeaderResponses(202)) - 48a61b03-e918-494d-8f69-dadad5c74fd2-PendingRequests: sendNotLeaderResponses
2019-09-05 18:57:37,934 [org.apache.ratis.server.impl.LogAppender$AppenderDaemon$$Lambda$495/1795126199@3ae6e3cc] WARN  server.GrpcLogAppender (GrpcLogAppender.java:mayWait(143)) - GrpcLogAppender(48a61b03-e918-494d-8f69-dadad5c74fd2->b82aff16-802a-4dfd-a62c-cd44f21195ba): Wait interrupted by java.lang.InterruptedException
2019-09-05 18:57:37,934 [org.apache.ratis.server.impl.LogAppender$AppenderDaemon$$Lambda$495/1795126199@7fe46254] WARN  server.GrpcLogAppender (GrpcLogAppender.java:mayWait(143)) - GrpcLogAppender(48a61b03-e918-494d-8f69-dadad5c74fd2->0332e08e-0f90-4d8d-a222-34b10266ec2f): Wait interrupted by java.lang.InterruptedException
2019-09-05 18:57:37,938 [ForkJoinPool.commonPool-worker-1] INFO  impl.StateMachineUpdater (StateMachineUpdater.java:stopAndJoin(115)) - StateMachineUpdater:48a61b03-e918-494d-8f69-dadad5c74fd2:group-FFD99A53A4E8: set stopIndex = 15
2019-09-05 18:57:37,939 [StateMachineUpdater:48a61b03-e918-494d-8f69-dadad5c74fd2:group-FFD99A53A4E8] INFO  ratis.ContainerStateMachine (ContainerStateMachine.java:takeSnapshot(284)) - group-FFD99A53A4E8: Taking a snapshot at:(t:2, i:14) file /workdir/hadoop-ozone/integration-test/target/test-dir/MiniOzoneClusterImpl-756306cc-38d8-43d8-837b-a337f9b5af48/datanode-0/data/ratis/11668a67-d255-433f-ab5d-ffd99a53a4e8/sm/snapshot.2_14
2019-09-05 18:57:37,940 [grpc-default-executor-5] INFO  server.GrpcServerProtocolService (GrpcServerProtocolService.java:onCompleted(104)) - 0332e08e-0f90-4d8d-a222-34b10266ec2f: appendEntries completed
2019-09-05 18:57:37,942 [grpc-default-executor-5] INFO  server.GrpcLogAppender (GrpcLogAppender.java:onCompleted(292)) - 48a61b03-e918-494d-8f69-dadad5c74fd2->0332e08e-0f90-4d8d-a222-34b10266ec2f: follower responses appendEntries COMPLETED
2019-09-05 18:57:37,943 [grpc-default-executor-5] INFO  impl.FollowerInfo (FollowerInfo.java:lambda$new$0(50)) - 48a61b03-e918-494d-8f69-dadad5c74fd2->0332e08e-0f90-4d8d-a222-34b10266ec2f: nextIndex: updateUnconditionally 16 -> 15
2019-09-05 18:57:37,957 [StateMachineUpdater:48a61b03-e918-494d-8f69-dadad5c74fd2:group-FFD99A53A4E8] INFO  ratis.ContainerStateMachine (ContainerStateMachine.java:takeSnapshot(295)) - group-FFD99A53A4E8: Finished taking a snapshot at:(t:2, i:14) file:/workdir/hadoop-ozone/integration-test/target/test-dir/MiniOzoneClusterImpl-756306cc-38d8-43d8-837b-a337f9b5af48/datanode-0/data/ratis/11668a67-d255-433f-ab5d-ffd99a53a4e8/sm/snapshot.2_14 time:19
2019-09-05 18:57:37,957 [StateMachineUpdater:48a61b03-e918-494d-8f69-dadad5c74fd2:group-FFD99A53A4E8] INFO  impl.StateMachineUpdater (StateMachineUpdater.java:takeSnapshot(242)) - StateMachineUpdater:48a61b03-e918-494d-8f69-dadad5c74fd2:group-FFD99A53A4E8: Took a snapshot at index 14
2019-09-05 18:57:37,958 [StateMachineUpdater:48a61b03-e918-494d-8f69-dadad5c74fd2:group-FFD99A53A4E8] INFO  impl.StateMachineUpdater (StateMachineUpdater.java:lambda$new$0(80)) - StateMachineUpdater:48a61b03-e918-494d-8f69-dadad5c74fd2:group-FFD99A53A4E8: snapshotIndex: updateIncreasingly -1 -> 14
2019-09-05 18:57:37,958 [ForkJoinPool.commonPool-worker-1] INFO  impl.RaftServerImpl (ServerState.java:close(394)) - 48a61b03-e918-494d-8f69-dadad5c74fd2:group-FFD99A53A4E8 closes. The last applied log index is 15
2019-09-05 18:57:37,959 [48a61b03-e918-494d-8f69-dadad5c74fd2-SegmentedRaftLogWorker:Storage Directory /workdir/hadoop-ozone/integration-test/target/test-dir/MiniOzoneClusterImpl-756306cc-38d8-43d8-837b-a337f9b5af48/datanode-0/data/ratis/11668a67-d255-433f-ab5d-ffd99a53a4e8] INFO  segmented.SegmentedRaftLogWorker (SegmentedRaftLogWorker.java:run(313)) - 48a61b03-e918-494d-8f69-dadad5c74fd2-SegmentedRaftLogWorker:Storage Directory /workdir/hadoop-ozone/integration-test/target/test-dir/MiniOzoneClusterImpl-756306cc-38d8-43d8-837b-a337f9b5af48/datanode-0/data/ratis/11668a67-d255-433f-ab5d-ffd99a53a4e8 was interrupted, exiting. There are 0 tasks remaining in the queue.
2019-09-05 18:57:37,960 [ForkJoinPool.commonPool-worker-1] INFO  segmented.SegmentedRaftLogWorker (SegmentedRaftLogWorker.java:close(228)) - 48a61b03-e918-494d-8f69-dadad5c74fd2-SegmentedRaftLogWorker:Storage Directory /workdir/hadoop-ozone/integration-test/target/test-dir/MiniOzoneClusterImpl-756306cc-38d8-43d8-837b-a337f9b5af48/datanode-0/data/ratis/11668a67-d255-433f-ab5d-ffd99a53a4e8 close()
2019-09-05 18:57:37,963 [ForkJoinPool.commonPool-worker-1] INFO  impl.RaftServerImpl (RaftServerImpl.java:lambda$shutdown$3(245)) - 48a61b03-e918-494d-8f69-dadad5c74fd2: shutdown group-4ACDA5BD2857
2019-09-05 18:57:37,963 [ForkJoinPool.commonPool-worker-1] INFO  util.JmxRegister (JmxRegister.java:unregister(73)) - Successfully un-registered JMX Bean with object name Ratis:service=RaftServer,group=group-4ACDA5BD2857,id=48a61b03-e918-494d-8f69-dadad5c74fd2
2019-09-05 18:57:37,963 [ForkJoinPool.commonPool-worker-1] INFO  impl.RoleInfo (RoleInfo.java:shutdownLeaderState(104)) - 48a61b03-e918-494d-8f69-dadad5c74fd2: shutdown LeaderState
2019-09-05 18:57:37,963 [ForkJoinPool.commonPool-worker-1] INFO  impl.PendingRequests (PendingRequests.java:sendNotLeaderResponses(202)) - 48a61b03-e918-494d-8f69-dadad5c74fd2-PendingRequests: sendNotLeaderResponses
2019-09-05 18:57:37,964 [ForkJoinPool.commonPool-worker-1] INFO  impl.StateMachineUpdater (StateMachineUpdater.java:stopAndJoin(115)) - StateMachineUpdater:48a61b03-e918-494d-8f69-dadad5c74fd2:group-4ACDA5BD2857: set stopIndex = 0
2019-09-05 18:57:37,964 [ForkJoinPool.commonPool-worker-1] INFO  impl.RaftServerImpl (ServerState.java:close(394)) - 48a61b03-e918-494d-8f69-dadad5c74fd2:group-4ACDA5BD2857 closes. The last applied log index is 0
2019-09-05 18:57:37,965 [48a61b03-e918-494d-8f69-dadad5c74fd2-SegmentedRaftLogWorker:Storage Directory /workdir/hadoop-ozone/integration-test/target/test-dir/MiniOzoneClusterImpl-756306cc-38d8-43d8-837b-a337f9b5af48/datanode-0/data/ratis/fc3cc67a-3cd3-47b8-8434-4acda5bd2857] INFO  segmented.SegmentedRaftLogWorker (SegmentedRaftLogWorker.java:run(313)) - 48a61b03-e918-494d-8f69-dadad5c74fd2-SegmentedRaftLogWorker:Storage Directory /workdir/hadoop-ozone/integration-test/target/test-dir/MiniOzoneClusterImpl-756306cc-38d8-43d8-837b-a337f9b5af48/datanode-0/data/ratis/fc3cc67a-3cd3-47b8-8434-4acda5bd2857 was interrupted, exiting. There are 0 tasks remaining in the queue.
2019-09-05 18:57:37,966 [ForkJoinPool.commonPool-worker-1] INFO  segmented.SegmentedRaftLogWorker (SegmentedRaftLogWorker.java:close(228)) - 48a61b03-e918-494d-8f69-dadad5c74fd2-SegmentedRaftLogWorker:Storage Directory /workdir/hadoop-ozone/integration-test/target/test-dir/MiniOzoneClusterImpl-756306cc-38d8-43d8-837b-a337f9b5af48/datanode-0/data/ratis/fc3cc67a-3cd3-47b8-8434-4acda5bd2857 close()
2019-09-05 18:57:37,967 [ForkJoinPool.commonPool-worker-1] INFO  server.GrpcService (GrpcService.java:closeImpl(155)) - 48a61b03-e918-494d-8f69-dadad5c74fd2: shutdown server with port 44287 now
2019-09-05 18:57:37,970 [grpc-default-executor-3] WARN  client.GrpcClientProtocolService (LogUtils.java:warn(134)) - 6-UnorderedRequestStreamObserver6: onError: org.apache.ratis.thirdparty.io.grpc.StatusRuntimeException: CANCELLED: cancelled before receiving half close
2019-09-05 18:57:37,971 [ForkJoinPool.commonPool-worker-1] INFO  server.GrpcService (GrpcService.java:closeImpl(163)) - 48a61b03-e918-494d-8f69-dadad5c74fd2: shutdown server with port 44287 successfully
2019-09-05 18:57:37,973 [refreshUsed-/workdir/hadoop-ozone/integration-test/target/test-dir/MiniOzoneClusterImpl-756306cc-38d8-43d8-837b-a337f9b5af48/datanode-0/data/containers] WARN  fs.CachingGetSpaceUsed (CachingGetSpaceUsed.java:run(183)) - Thread Interrupted waiting to refresh disk information: sleep interrupted
2019-09-05 18:57:37,984 [main] INFO  ozoneimpl.OzoneContainer (OzoneContainer.java:stop(215)) - Attempting to stop container services.
2019-09-05 18:57:37,985 [main] INFO  impl.RaftServerProxy (RaftServerProxy.java:lambda$close$4(314)) - 0332e08e-0f90-4d8d-a222-34b10266ec2f: close
2019-09-05 18:57:37,986 [main] INFO  impl.RaftServerImpl (RaftServerImpl.java:lambda$shutdown$3(245)) - 0332e08e-0f90-4d8d-a222-34b10266ec2f: shutdown group-FFD99A53A4E8
2019-09-05 18:57:37,986 [main] INFO  util.JmxRegister (JmxRegister.java:unregister(73)) - Successfully un-registered JMX Bean with object name Ratis:service=RaftServer,group=group-FFD99A53A4E8,id=0332e08e-0f90-4d8d-a222-34b10266ec2f
2019-09-05 18:57:37,986 [main] INFO  impl.RoleInfo (RoleInfo.java:shutdownFollowerState(121)) - 0332e08e-0f90-4d8d-a222-34b10266ec2f: shutdown FollowerState
2019-09-05 18:57:37,987 [main] INFO  impl.StateMachineUpdater (StateMachineUpdater.java:stopAndJoin(115)) - StateMachineUpdater:0332e08e-0f90-4d8d-a222-34b10266ec2f:group-FFD99A53A4E8: set stopIndex = 15
2019-09-05 18:57:37,987 [StateMachineUpdater:0332e08e-0f90-4d8d-a222-34b10266ec2f:group-FFD99A53A4E8] INFO  ratis.ContainerStateMachine (ContainerStateMachine.java:takeSnapshot(284)) - group-FFD99A53A4E8: Taking a snapshot at:(t:2, i:15) file /workdir/hadoop-ozone/integration-test/target/test-dir/MiniOzoneClusterImpl-756306cc-38d8-43d8-837b-a337f9b5af48/datanode-6/data/ratis/11668a67-d255-433f-ab5d-ffd99a53a4e8/sm/snapshot.2_15
2019-09-05 18:57:37,987 [Thread-357] INFO  impl.FollowerState (FollowerState.java:run(114)) - 0332e08e-0f90-4d8d-a222-34b10266ec2f: FollowerState was interrupted: java.lang.InterruptedException: sleep interrupted
2019-09-05 18:57:37,994 [ForkJoinPool.commonPool-worker-1] INFO  utils.BackgroundService (BackgroundService.java:shutdown(148)) - Shutting down service BlockDeletingService
2019-09-05 18:57:37,998 [ForkJoinPool.commonPool-worker-1] INFO  statemachine.DatanodeStateMachine (DatanodeStateMachine.java:stopDaemon(395)) - Ozone container server stopped.
2019-09-05 18:57:38,001 [ForkJoinPool.commonPool-worker-1] INFO  handler.ContextHandler (ContextHandler.java:doStop(910)) - Stopped o.e.j.w.WebAppContext@9596ce8{/,null,UNAVAILABLE}{/hddsDatanode}
2019-09-05 18:57:38,002 [ForkJoinPool.commonPool-worker-1] INFO  server.AbstractConnector (AbstractConnector.java:doStop(318)) - Stopped ServerConnector@75ae4a1f{HTTP/1.1,[http/1.1]}{0.0.0.0:0}
2019-09-05 18:57:38,003 [ForkJoinPool.commonPool-worker-1] INFO  handler.ContextHandler (ContextHandler.java:doStop(910)) - Stopped o.e.j.s.ServletContextHandler@1229a2b7{/static,jar:file:/home/user/.m2/repository/org/apache/hadoop/hadoop-hdds-container-service/0.5.0-SNAPSHOT/hadoop-hdds-container-service-0.5.0-SNAPSHOT.jar!/webapps/static,UNAVAILABLE}
2019-09-05 18:57:38,004 [ForkJoinPool.commonPool-worker-1] INFO  handler.ContextHandler (ContextHandler.java:doStop(910)) - Stopped o.e.j.s.ServletContextHandler@66273da0{/logs,file:///workdir/hadoop-ozone/integration-test/target/log,UNAVAILABLE}
2019-09-05 18:57:38,014 [StateMachineUpdater:0332e08e-0f90-4d8d-a222-34b10266ec2f:group-FFD99A53A4E8] INFO  ratis.ContainerStateMachine (ContainerStateMachine.java:takeSnapshot(295)) - group-FFD99A53A4E8: Finished taking a snapshot at:(t:2, i:15) file:/workdir/hadoop-ozone/integration-test/target/test-dir/MiniOzoneClusterImpl-756306cc-38d8-43d8-837b-a337f9b5af48/datanode-6/data/ratis/11668a67-d255-433f-ab5d-ffd99a53a4e8/sm/snapshot.2_15 time:27
2019-09-05 18:57:38,014 [StateMachineUpdater:0332e08e-0f90-4d8d-a222-34b10266ec2f:group-FFD99A53A4E8] INFO  impl.StateMachineUpdater (StateMachineUpdater.java:takeSnapshot(242)) - StateMachineUpdater:0332e08e-0f90-4d8d-a222-34b10266ec2f:group-FFD99A53A4E8: Took a snapshot at index 15
2019-09-05 18:57:38,014 [StateMachineUpdater:0332e08e-0f90-4d8d-a222-34b10266ec2f:group-FFD99A53A4E8] INFO  impl.StateMachineUpdater (StateMachineUpdater.java:lambda$new$0(80)) - StateMachineUpdater:0332e08e-0f90-4d8d-a222-34b10266ec2f:group-FFD99A53A4E8: snapshotIndex: updateIncreasingly -1 -> 15
2019-09-05 18:57:38,015 [main] INFO  impl.RaftServerImpl (ServerState.java:close(394)) - 0332e08e-0f90-4d8d-a222-34b10266ec2f:group-FFD99A53A4E8 closes. The last applied log index is 15
2019-09-05 18:57:38,015 [0332e08e-0f90-4d8d-a222-34b10266ec2f-SegmentedRaftLogWorker:Storage Directory /workdir/hadoop-ozone/integration-test/target/test-dir/MiniOzoneClusterImpl-756306cc-38d8-43d8-837b-a337f9b5af48/datanode-6/data/ratis/11668a67-d255-433f-ab5d-ffd99a53a4e8] INFO  segmented.SegmentedRaftLogWorker (SegmentedRaftLogWorker.java:run(313)) - 0332e08e-0f90-4d8d-a222-34b10266ec2f-SegmentedRaftLogWorker:Storage Directory /workdir/hadoop-ozone/integration-test/target/test-dir/MiniOzoneClusterImpl-756306cc-38d8-43d8-837b-a337f9b5af48/datanode-6/data/ratis/11668a67-d255-433f-ab5d-ffd99a53a4e8 was interrupted, exiting. There are 0 tasks remaining in the queue.
2019-09-05 18:57:38,016 [main] INFO  segmented.SegmentedRaftLogWorker (SegmentedRaftLogWorker.java:close(228)) - 0332e08e-0f90-4d8d-a222-34b10266ec2f-SegmentedRaftLogWorker:Storage Directory /workdir/hadoop-ozone/integration-test/target/test-dir/MiniOzoneClusterImpl-756306cc-38d8-43d8-837b-a337f9b5af48/datanode-6/data/ratis/11668a67-d255-433f-ab5d-ffd99a53a4e8 close()
2019-09-05 18:57:38,021 [main] INFO  impl.RaftServerImpl (RaftServerImpl.java:lambda$shutdown$3(245)) - 0332e08e-0f90-4d8d-a222-34b10266ec2f: shutdown group-42EB9BD17D5C
2019-09-05 18:57:38,021 [main] INFO  util.JmxRegister (JmxRegister.java:unregister(73)) - Successfully un-registered JMX Bean with object name Ratis:service=RaftServer,group=group-42EB9BD17D5C,id=0332e08e-0f90-4d8d-a222-34b10266ec2f
2019-09-05 18:57:38,022 [main] INFO  impl.RoleInfo (RoleInfo.java:shutdownLeaderState(104)) - 0332e08e-0f90-4d8d-a222-34b10266ec2f: shutdown LeaderState
2019-09-05 18:57:38,022 [main] INFO  impl.PendingRequests (PendingRequests.java:sendNotLeaderResponses(202)) - 0332e08e-0f90-4d8d-a222-34b10266ec2f-PendingRequests: sendNotLeaderResponses
2019-09-05 18:57:38,023 [main] INFO  impl.StateMachineUpdater (StateMachineUpdater.java:stopAndJoin(115)) - StateMachineUpdater:0332e08e-0f90-4d8d-a222-34b10266ec2f:group-42EB9BD17D5C: set stopIndex = 0
2019-09-05 18:57:38,023 [main] INFO  impl.RaftServerImpl (ServerState.java:close(394)) - 0332e08e-0f90-4d8d-a222-34b10266ec2f:group-42EB9BD17D5C closes. The last applied log index is 0
2019-09-05 18:57:38,023 [0332e08e-0f90-4d8d-a222-34b10266ec2f-SegmentedRaftLogWorker:Storage Directory /workdir/hadoop-ozone/integration-test/target/test-dir/MiniOzoneClusterImpl-756306cc-38d8-43d8-837b-a337f9b5af48/datanode-6/data/ratis/c231cd9b-75bf-4def-af83-42eb9bd17d5c] INFO  segmented.SegmentedRaftLogWorker (SegmentedRaftLogWorker.java:run(313)) - 0332e08e-0f90-4d8d-a222-34b10266ec2f-SegmentedRaftLogWorker:Storage Directory /workdir/hadoop-ozone/integration-test/target/test-dir/MiniOzoneClusterImpl-756306cc-38d8-43d8-837b-a337f9b5af48/datanode-6/data/ratis/c231cd9b-75bf-4def-af83-42eb9bd17d5c was interrupted, exiting. There are 0 tasks remaining in the queue.
2019-09-05 18:57:38,024 [main] INFO  segmented.SegmentedRaftLogWorker (SegmentedRaftLogWorker.java:close(228)) - 0332e08e-0f90-4d8d-a222-34b10266ec2f-SegmentedRaftLogWorker:Storage Directory /workdir/hadoop-ozone/integration-test/target/test-dir/MiniOzoneClusterImpl-756306cc-38d8-43d8-837b-a337f9b5af48/datanode-6/data/ratis/c231cd9b-75bf-4def-af83-42eb9bd17d5c close()
2019-09-05 18:57:38,025 [main] INFO  server.GrpcService (GrpcService.java:closeImpl(155)) - 0332e08e-0f90-4d8d-a222-34b10266ec2f: shutdown server with port 42363 now
2019-09-05 18:57:38,026 [main] INFO  server.GrpcService (GrpcService.java:closeImpl(163)) - 0332e08e-0f90-4d8d-a222-34b10266ec2f: shutdown server with port 42363 successfully
2019-09-05 18:57:38,027 [refreshUsed-/workdir/hadoop-ozone/integration-test/target/test-dir/MiniOzoneClusterImpl-756306cc-38d8-43d8-837b-a337f9b5af48/datanode-6/data/containers] WARN  fs.CachingGetSpaceUsed (CachingGetSpaceUsed.java:run(183)) - Thread Interrupted waiting to refresh disk information: sleep interrupted
2019-09-05 18:57:38,042 [main] INFO  utils.BackgroundService (BackgroundService.java:shutdown(148)) - Shutting down service BlockDeletingService
2019-09-05 18:57:38,045 [main] INFO  statemachine.DatanodeStateMachine (DatanodeStateMachine.java:stopDaemon(395)) - Ozone container server stopped.
2019-09-05 18:57:38,046 [main] INFO  handler.ContextHandler (ContextHandler.java:doStop(910)) - Stopped o.e.j.w.WebAppContext@31c628e7{/,null,UNAVAILABLE}{/hddsDatanode}
2019-09-05 18:57:38,046 [main] INFO  server.AbstractConnector (AbstractConnector.java:doStop(318)) - Stopped ServerConnector@3240b2a4{HTTP/1.1,[http/1.1]}{0.0.0.0:0}
2019-09-05 18:57:38,047 [main] INFO  handler.ContextHandler (ContextHandler.java:doStop(910)) - Stopped o.e.j.s.ServletContextHandler@63884e4{/static,jar:file:/home/user/.m2/repository/org/apache/hadoop/hadoop-hdds-container-service/0.5.0-SNAPSHOT/hadoop-hdds-container-service-0.5.0-SNAPSHOT.jar!/webapps/static,UNAVAILABLE}
2019-09-05 18:57:38,047 [main] INFO  handler.ContextHandler (ContextHandler.java:doStop(910)) - Stopped o.e.j.s.ServletContextHandler@7afc4db9{/logs,file:///workdir/hadoop-ozone/integration-test/target/log,UNAVAILABLE}
2019-09-05 18:57:38,618 [Datanode State Machine Thread - 0] INFO  statemachine.DatanodeStateMachine (DatanodeStateMachine.java:lambda$startDaemon$0(350)) - Ozone container server started.
2019-09-05 18:57:42,217 [Thread-482] INFO  impl.FollowerState (FollowerState.java:run(106)) - 0f826b7c-7306-45ba-b7be-9a5dfde42038:group-FAE588026D8F changes to CANDIDATE, lastRpcTime:5030, electionTimeout:5029ms
2019-09-05 18:57:42,217 [Thread-482] INFO  impl.RoleInfo (RoleInfo.java:shutdownFollowerState(121)) - 0f826b7c-7306-45ba-b7be-9a5dfde42038: shutdown FollowerState
2019-09-05 18:57:42,217 [Thread-482] INFO  impl.RaftServerImpl (RaftServerImpl.java:setRole(171)) - 0f826b7c-7306-45ba-b7be-9a5dfde42038:group-FAE588026D8F changes role from FOLLOWER to CANDIDATE at term 2 for changeToCandidate
2019-09-05 18:57:42,218 [Thread-482] INFO  impl.RoleInfo (RoleInfo.java:updateAndGet(143)) - 0f826b7c-7306-45ba-b7be-9a5dfde42038: start LeaderElection
2019-09-05 18:57:42,235 [0f826b7c-7306-45ba-b7be-9a5dfde42038:group-FAE588026D8F:LeaderElection14] INFO  impl.LeaderElection (LeaderElection.java:askForVotes(181)) - 0f826b7c-7306-45ba-b7be-9a5dfde42038:group-FAE588026D8F:LeaderElection14: begin an election at term 3 for 0: [79090cb8-f5e7-4b44-aaee-2ebde45eb251:192.168.36.80:45184, d945711b-809b-4fa4-8f0a-c5e7e27fd03f:192.168.36.80:33144, 0f826b7c-7306-45ba-b7be-9a5dfde42038:192.168.36.80:44293], old=null
2019-09-05 18:57:42,237 [0f826b7c-7306-45ba-b7be-9a5dfde42038:group-FAE588026D8F:LeaderElection14] INFO  impl.LeaderElection (LogUtils.java:infoOrTrace(149)) - 0f826b7c-7306-45ba-b7be-9a5dfde42038:group-FAE588026D8F:LeaderElection14 got exception when requesting votes: {}
java.util.concurrent.ExecutionException: org.apache.ratis.thirdparty.io.grpc.StatusRuntimeException: UNAVAILABLE: io exception
	at java.util.concurrent.FutureTask.report(FutureTask.java:122)
	at java.util.concurrent.FutureTask.get(FutureTask.java:192)
	at org.apache.ratis.server.impl.LeaderElection.waitForResults(LeaderElection.java:262)
	at org.apache.ratis.server.impl.LeaderElection.askForVotes(LeaderElection.java:200)
	at org.apache.ratis.server.impl.LeaderElection.run(LeaderElection.java:130)
	at java.lang.Thread.run(Thread.java:748)
Caused by: org.apache.ratis.thirdparty.io.grpc.StatusRuntimeException: UNAVAILABLE: io exception
	at org.apache.ratis.thirdparty.io.grpc.stub.ClientCalls.toStatusRuntimeException(ClientCalls.java:233)
	at org.apache.ratis.thirdparty.io.grpc.stub.ClientCalls.getUnchecked(ClientCalls.java:214)
	at org.apache.ratis.thirdparty.io.grpc.stub.ClientCalls.blockingUnaryCall(ClientCalls.java:139)
	at org.apache.ratis.proto.grpc.RaftServerProtocolServiceGrpc$RaftServerProtocolServiceBlockingStub.requestVote(RaftServerProtocolServiceGrpc.java:265)
	at org.apache.ratis.grpc.server.GrpcServerProtocolClient.requestVote(GrpcServerProtocolClient.java:83)
	at org.apache.ratis.grpc.server.GrpcService.requestVote(GrpcService.java:195)
	at org.apache.ratis.server.impl.LeaderElection.lambda$submitRequests$1(LeaderElection.java:237)
	at java.util.concurrent.FutureTask.run(FutureTask.java:266)
	at java.util.concurrent.Executors$RunnableAdapter.call(Executors.java:511)
	at java.util.concurrent.FutureTask.run(FutureTask.java:266)
	at java.util.concurrent.ThreadPoolExecutor.runWorker(ThreadPoolExecutor.java:1149)
	at java.util.concurrent.ThreadPoolExecutor$Worker.run(ThreadPoolExecutor.java:624)
	... 1 more
Caused by: org.apache.ratis.thirdparty.io.netty.channel.AbstractChannel$AnnotatedConnectException: Connection refused: /192.168.36.80:45184
	at sun.nio.ch.SocketChannelImpl.checkConnect(Native Method)
	at sun.nio.ch.SocketChannelImpl.finishConnect(SocketChannelImpl.java:717)
	at org.apache.ratis.thirdparty.io.netty.channel.socket.nio.NioSocketChannel.doFinishConnect(NioSocketChannel.java:327)
	at org.apache.ratis.thirdparty.io.netty.channel.nio.AbstractNioChannel$AbstractNioUnsafe.finishConnect(AbstractNioChannel.java:340)
	at org.apache.ratis.thirdparty.io.netty.channel.nio.NioEventLoop.processSelectedKey(NioEventLoop.java:632)
	at org.apache.ratis.thirdparty.io.netty.channel.nio.NioEventLoop.processSelectedKeysOptimized(NioEventLoop.java:579)
	at org.apache.ratis.thirdparty.io.netty.channel.nio.NioEventLoop.processSelectedKeys(NioEventLoop.java:496)
	at org.apache.ratis.thirdparty.io.netty.channel.nio.NioEventLoop.run(NioEventLoop.java:458)
	at org.apache.ratis.thirdparty.io.netty.util.concurrent.SingleThreadEventExecutor$5.run(SingleThreadEventExecutor.java:897)
	at org.apache.ratis.thirdparty.io.netty.util.concurrent.FastThreadLocalRunnable.run(FastThreadLocalRunnable.java:30)
	... 1 more
Caused by: java.net.ConnectException: Connection refused
	... 11 more
2019-09-05 18:57:42,238 [0f826b7c-7306-45ba-b7be-9a5dfde42038:group-FAE588026D8F:LeaderElection14] INFO  impl.LeaderElection (LogUtils.java:infoOrTrace(149)) - 0f826b7c-7306-45ba-b7be-9a5dfde42038:group-FAE588026D8F:LeaderElection14 got exception when requesting votes: {}
java.util.concurrent.ExecutionException: org.apache.ratis.thirdparty.io.grpc.StatusRuntimeException: UNAVAILABLE: io exception
	at java.util.concurrent.FutureTask.report(FutureTask.java:122)
	at java.util.concurrent.FutureTask.get(FutureTask.java:192)
	at org.apache.ratis.server.impl.LeaderElection.waitForResults(LeaderElection.java:262)
	at org.apache.ratis.server.impl.LeaderElection.askForVotes(LeaderElection.java:200)
	at org.apache.ratis.server.impl.LeaderElection.run(LeaderElection.java:130)
	at java.lang.Thread.run(Thread.java:748)
Caused by: org.apache.ratis.thirdparty.io.grpc.StatusRuntimeException: UNAVAILABLE: io exception
	at org.apache.ratis.thirdparty.io.grpc.stub.ClientCalls.toStatusRuntimeException(ClientCalls.java:233)
	at org.apache.ratis.thirdparty.io.grpc.stub.ClientCalls.getUnchecked(ClientCalls.java:214)
	at org.apache.ratis.thirdparty.io.grpc.stub.ClientCalls.blockingUnaryCall(ClientCalls.java:139)
	at org.apache.ratis.proto.grpc.RaftServerProtocolServiceGrpc$RaftServerProtocolServiceBlockingStub.requestVote(RaftServerProtocolServiceGrpc.java:265)
	at org.apache.ratis.grpc.server.GrpcServerProtocolClient.requestVote(GrpcServerProtocolClient.java:83)
	at org.apache.ratis.grpc.server.GrpcService.requestVote(GrpcService.java:195)
	at org.apache.ratis.server.impl.LeaderElection.lambda$submitRequests$1(LeaderElection.java:237)
	at java.util.concurrent.FutureTask.run(FutureTask.java:266)
	at java.util.concurrent.Executors$RunnableAdapter.call(Executors.java:511)
	at java.util.concurrent.FutureTask.run(FutureTask.java:266)
	at java.util.concurrent.ThreadPoolExecutor.runWorker(ThreadPoolExecutor.java:1149)
	at java.util.concurrent.ThreadPoolExecutor$Worker.run(ThreadPoolExecutor.java:624)
	... 1 more
Caused by: org.apache.ratis.thirdparty.io.netty.channel.AbstractChannel$AnnotatedConnectException: Connection refused: /192.168.36.80:33144
	at sun.nio.ch.SocketChannelImpl.checkConnect(Native Method)
	at sun.nio.ch.SocketChannelImpl.finishConnect(SocketChannelImpl.java:717)
	at org.apache.ratis.thirdparty.io.netty.channel.socket.nio.NioSocketChannel.doFinishConnect(NioSocketChannel.java:327)
	at org.apache.ratis.thirdparty.io.netty.channel.nio.AbstractNioChannel$AbstractNioUnsafe.finishConnect(AbstractNioChannel.java:340)
	at org.apache.ratis.thirdparty.io.netty.channel.nio.NioEventLoop.processSelectedKey(NioEventLoop.java:632)
	at org.apache.ratis.thirdparty.io.netty.channel.nio.NioEventLoop.processSelectedKeysOptimized(NioEventLoop.java:579)
	at org.apache.ratis.thirdparty.io.netty.channel.nio.NioEventLoop.processSelectedKeys(NioEventLoop.java:496)
	at org.apache.ratis.thirdparty.io.netty.channel.nio.NioEventLoop.run(NioEventLoop.java:458)
	at org.apache.ratis.thirdparty.io.netty.util.concurrent.SingleThreadEventExecutor$5.run(SingleThreadEventExecutor.java:897)
	at org.apache.ratis.thirdparty.io.netty.util.concurrent.FastThreadLocalRunnable.run(FastThreadLocalRunnable.java:30)
	... 1 more
Caused by: java.net.ConnectException: Connection refused
	... 11 more
2019-09-05 18:57:42,239 [0f826b7c-7306-45ba-b7be-9a5dfde42038:group-FAE588026D8F:LeaderElection14] INFO  impl.LeaderElection (LeaderElection.java:logAndReturn(56)) - 0f826b7c-7306-45ba-b7be-9a5dfde42038:group-FAE588026D8F:LeaderElection14: Election REJECTED; received 0 response(s) [] and 2 exception(s); 0f826b7c-7306-45ba-b7be-9a5dfde42038:t3, leader=null, voted=0f826b7c-7306-45ba-b7be-9a5dfde42038, raftlog=0f826b7c-7306-45ba-b7be-9a5dfde42038-SegmentedRaftLog:OPENED:c4,f4,i4, conf=0: [79090cb8-f5e7-4b44-aaee-2ebde45eb251:192.168.36.80:45184, d945711b-809b-4fa4-8f0a-c5e7e27fd03f:192.168.36.80:33144, 0f826b7c-7306-45ba-b7be-9a5dfde42038:192.168.36.80:44293], old=null
2019-09-05 18:57:42,240 [0f826b7c-7306-45ba-b7be-9a5dfde42038:group-FAE588026D8F:LeaderElection14] INFO  impl.LeaderElection (LogUtils.java:infoOrTrace(149)) -   Exception 0: {}
java.util.concurrent.ExecutionException: org.apache.ratis.thirdparty.io.grpc.StatusRuntimeException: UNAVAILABLE: io exception
	at java.util.concurrent.FutureTask.report(FutureTask.java:122)
	at java.util.concurrent.FutureTask.get(FutureTask.java:192)
	at org.apache.ratis.server.impl.LeaderElection.waitForResults(LeaderElection.java:262)
	at org.apache.ratis.server.impl.LeaderElection.askForVotes(LeaderElection.java:200)
	at org.apache.ratis.server.impl.LeaderElection.run(LeaderElection.java:130)
	at java.lang.Thread.run(Thread.java:748)
Caused by: org.apache.ratis.thirdparty.io.grpc.StatusRuntimeException: UNAVAILABLE: io exception
	at org.apache.ratis.thirdparty.io.grpc.stub.ClientCalls.toStatusRuntimeException(ClientCalls.java:233)
	at org.apache.ratis.thirdparty.io.grpc.stub.ClientCalls.getUnchecked(ClientCalls.java:214)
	at org.apache.ratis.thirdparty.io.grpc.stub.ClientCalls.blockingUnaryCall(ClientCalls.java:139)
	at org.apache.ratis.proto.grpc.RaftServerProtocolServiceGrpc$RaftServerProtocolServiceBlockingStub.requestVote(RaftServerProtocolServiceGrpc.java:265)
	at org.apache.ratis.grpc.server.GrpcServerProtocolClient.requestVote(GrpcServerProtocolClient.java:83)
	at org.apache.ratis.grpc.server.GrpcService.requestVote(GrpcService.java:195)
	at org.apache.ratis.server.impl.LeaderElection.lambda$submitRequests$1(LeaderElection.java:237)
	at java.util.concurrent.FutureTask.run(FutureTask.java:266)
	at java.util.concurrent.Executors$RunnableAdapter.call(Executors.java:511)
	at java.util.concurrent.FutureTask.run(FutureTask.java:266)
	at java.util.concurrent.ThreadPoolExecutor.runWorker(ThreadPoolExecutor.java:1149)
	at java.util.concurrent.ThreadPoolExecutor$Worker.run(ThreadPoolExecutor.java:624)
	... 1 more
Caused by: org.apache.ratis.thirdparty.io.netty.channel.AbstractChannel$AnnotatedConnectException: Connection refused: /192.168.36.80:45184
	at sun.nio.ch.SocketChannelImpl.checkConnect(Native Method)
	at sun.nio.ch.SocketChannelImpl.finishConnect(SocketChannelImpl.java:717)
	at org.apache.ratis.thirdparty.io.netty.channel.socket.nio.NioSocketChannel.doFinishConnect(NioSocketChannel.java:327)
	at org.apache.ratis.thirdparty.io.netty.channel.nio.AbstractNioChannel$AbstractNioUnsafe.finishConnect(AbstractNioChannel.java:340)
	at org.apache.ratis.thirdparty.io.netty.channel.nio.NioEventLoop.processSelectedKey(NioEventLoop.java:632)
	at org.apache.ratis.thirdparty.io.netty.channel.nio.NioEventLoop.processSelectedKeysOptimized(NioEventLoop.java:579)
	at org.apache.ratis.thirdparty.io.netty.channel.nio.NioEventLoop.processSelectedKeys(NioEventLoop.java:496)
	at org.apache.ratis.thirdparty.io.netty.channel.nio.NioEventLoop.run(NioEventLoop.java:458)
	at org.apache.ratis.thirdparty.io.netty.util.concurrent.SingleThreadEventExecutor$5.run(SingleThreadEventExecutor.java:897)
	at org.apache.ratis.thirdparty.io.netty.util.concurrent.FastThreadLocalRunnable.run(FastThreadLocalRunnable.java:30)
	... 1 more
Caused by: java.net.ConnectException: Connection refused
	... 11 more
2019-09-05 18:57:42,240 [0f826b7c-7306-45ba-b7be-9a5dfde42038:group-FAE588026D8F:LeaderElection14] INFO  impl.LeaderElection (LogUtils.java:infoOrTrace(149)) -   Exception 1: {}
java.util.concurrent.ExecutionException: org.apache.ratis.thirdparty.io.grpc.StatusRuntimeException: UNAVAILABLE: io exception
	at java.util.concurrent.FutureTask.report(FutureTask.java:122)
	at java.util.concurrent.FutureTask.get(FutureTask.java:192)
	at org.apache.ratis.server.impl.LeaderElection.waitForResults(LeaderElection.java:262)
	at org.apache.ratis.server.impl.LeaderElection.askForVotes(LeaderElection.java:200)
	at org.apache.ratis.server.impl.LeaderElection.run(LeaderElection.java:130)
	at java.lang.Thread.run(Thread.java:748)
Caused by: org.apache.ratis.thirdparty.io.grpc.StatusRuntimeException: UNAVAILABLE: io exception
	at org.apache.ratis.thirdparty.io.grpc.stub.ClientCalls.toStatusRuntimeException(ClientCalls.java:233)
	at org.apache.ratis.thirdparty.io.grpc.stub.ClientCalls.getUnchecked(ClientCalls.java:214)
	at org.apache.ratis.thirdparty.io.grpc.stub.ClientCalls.blockingUnaryCall(ClientCalls.java:139)
	at org.apache.ratis.proto.grpc.RaftServerProtocolServiceGrpc$RaftServerProtocolServiceBlockingStub.requestVote(RaftServerProtocolServiceGrpc.java:265)
	at org.apache.ratis.grpc.server.GrpcServerProtocolClient.requestVote(GrpcServerProtocolClient.java:83)
	at org.apache.ratis.grpc.server.GrpcService.requestVote(GrpcService.java:195)
	at org.apache.ratis.server.impl.LeaderElection.lambda$submitRequests$1(LeaderElection.java:237)
	at java.util.concurrent.FutureTask.run(FutureTask.java:266)
	at java.util.concurrent.Executors$RunnableAdapter.call(Executors.java:511)
	at java.util.concurrent.FutureTask.run(FutureTask.java:266)
	at java.util.concurrent.ThreadPoolExecutor.runWorker(ThreadPoolExecutor.java:1149)
	at java.util.concurrent.ThreadPoolExecutor$Worker.run(ThreadPoolExecutor.java:624)
	... 1 more
Caused by: org.apache.ratis.thirdparty.io.netty.channel.AbstractChannel$AnnotatedConnectException: Connection refused: /192.168.36.80:33144
	at sun.nio.ch.SocketChannelImpl.checkConnect(Native Method)
	at sun.nio.ch.SocketChannelImpl.finishConnect(SocketChannelImpl.java:717)
	at org.apache.ratis.thirdparty.io.netty.channel.socket.nio.NioSocketChannel.doFinishConnect(NioSocketChannel.java:327)
	at org.apache.ratis.thirdparty.io.netty.channel.nio.AbstractNioChannel$AbstractNioUnsafe.finishConnect(AbstractNioChannel.java:340)
	at org.apache.ratis.thirdparty.io.netty.channel.nio.NioEventLoop.processSelectedKey(NioEventLoop.java:632)
	at org.apache.ratis.thirdparty.io.netty.channel.nio.NioEventLoop.processSelectedKeysOptimized(NioEventLoop.java:579)
	at org.apache.ratis.thirdparty.io.netty.channel.nio.NioEventLoop.processSelectedKeys(NioEventLoop.java:496)
	at org.apache.ratis.thirdparty.io.netty.channel.nio.NioEventLoop.run(NioEventLoop.java:458)
	at org.apache.ratis.thirdparty.io.netty.util.concurrent.SingleThreadEventExecutor$5.run(SingleThreadEventExecutor.java:897)
	at org.apache.ratis.thirdparty.io.netty.util.concurrent.FastThreadLocalRunnable.run(FastThreadLocalRunnable.java:30)
	... 1 more
Caused by: java.net.ConnectException: Connection refused
	... 11 more
2019-09-05 18:57:42,240 [0f826b7c-7306-45ba-b7be-9a5dfde42038:group-FAE588026D8F:LeaderElection14] INFO  impl.RaftServerImpl (RaftServerImpl.java:setRole(171)) - 0f826b7c-7306-45ba-b7be-9a5dfde42038:group-FAE588026D8F changes role from CANDIDATE to FOLLOWER at term 3 for DISCOVERED_A_NEW_TERM
2019-09-05 18:57:42,241 [0f826b7c-7306-45ba-b7be-9a5dfde42038:group-FAE588026D8F:LeaderElection14] INFO  impl.RoleInfo (RoleInfo.java:shutdownLeaderElection(134)) - 0f826b7c-7306-45ba-b7be-9a5dfde42038: shutdown LeaderElection
2019-09-05 18:57:42,241 [0f826b7c-7306-45ba-b7be-9a5dfde42038:group-FAE588026D8F:LeaderElection14] INFO  impl.RoleInfo (RoleInfo.java:updateAndGet(143)) - 0f826b7c-7306-45ba-b7be-9a5dfde42038: start FollowerState
2019-09-05 18:57:42,681 [EventQueue-StaleNodeForStaleNodeHandler] INFO  node.StaleNodeHandler (StaleNodeHandler.java:onMessage(58)) - Datanode 0f826b7c-7306-45ba-b7be-9a5dfde42038{ip: 192.168.36.80, host: pr-hdds-1982-decom-states-p4sss-1559755178, networkLocation: /default-rack, certSerialId: null} moved to stale state. Finalizing its pipelines [PipelineID=6a85aa6c-8694-4e61-bf36-0c369e276dc3, PipelineID=d445ed2d-1c81-46f5-ab2d-fae588026d8f]
2019-09-05 18:57:42,681 [EventQueue-StaleNodeForStaleNodeHandler] INFO  pipeline.SCMPipelineManager (SCMPipelineManager.java:finalizeAndDestroyPipeline(311)) - destroying pipeline:Pipeline[ Id: 6a85aa6c-8694-4e61-bf36-0c369e276dc3, Nodes: 0f826b7c-7306-45ba-b7be-9a5dfde42038{ip: 192.168.36.80, host: pr-hdds-1982-decom-states-p4sss-1559755178, networkLocation: /default-rack, certSerialId: null}, Type:RATIS, Factor:ONE, State:OPEN]
2019-09-05 18:57:42,682 [EventQueue-StaleNodeForStaleNodeHandler] INFO  pipeline.PipelineStateManager (PipelineStateManager.java:finalizePipeline(123)) - Pipeline Pipeline[ Id: 6a85aa6c-8694-4e61-bf36-0c369e276dc3, Nodes: 0f826b7c-7306-45ba-b7be-9a5dfde42038{ip: 192.168.36.80, host: pr-hdds-1982-decom-states-p4sss-1559755178, networkLocation: /default-rack, certSerialId: null}, Type:RATIS, Factor:ONE, State:CLOSED] moved to CLOSED state
2019-09-05 18:57:42,682 [EventQueue-StaleNodeForStaleNodeHandler] INFO  pipeline.SCMPipelineManager (SCMPipelineManager.java:finalizeAndDestroyPipeline(311)) - destroying pipeline:Pipeline[ Id: d445ed2d-1c81-46f5-ab2d-fae588026d8f, Nodes: d945711b-809b-4fa4-8f0a-c5e7e27fd03f{ip: 192.168.36.80, host: pr-hdds-1982-decom-states-p4sss-1559755178, networkLocation: /default-rack, certSerialId: null}0f826b7c-7306-45ba-b7be-9a5dfde42038{ip: 192.168.36.80, host: pr-hdds-1982-decom-states-p4sss-1559755178, networkLocation: /default-rack, certSerialId: null}79090cb8-f5e7-4b44-aaee-2ebde45eb251{ip: 192.168.36.80, host: pr-hdds-1982-decom-states-p4sss-1559755178, networkLocation: /default-rack, certSerialId: null}, Type:RATIS, Factor:THREE, State:CLOSED]
2019-09-05 18:57:43,005 [ForkJoinPool.commonPool-worker-1] INFO  ozoneimpl.OzoneContainer (OzoneContainer.java:stop(215)) - Attempting to stop container services.
2019-09-05 18:57:43,006 [ForkJoinPool.commonPool-worker-1] INFO  impl.RaftServerProxy (RaftServerProxy.java:lambda$close$4(314)) - 0f826b7c-7306-45ba-b7be-9a5dfde42038: close
2019-09-05 18:57:43,006 [ForkJoinPool.commonPool-worker-1] INFO  impl.RaftServerImpl (RaftServerImpl.java:lambda$shutdown$3(245)) - 0f826b7c-7306-45ba-b7be-9a5dfde42038: shutdown group-0C369E276DC3
2019-09-05 18:57:43,006 [ForkJoinPool.commonPool-worker-1] INFO  util.JmxRegister (JmxRegister.java:unregister(73)) - Successfully un-registered JMX Bean with object name Ratis:service=RaftServer,group=group-0C369E276DC3,id=0f826b7c-7306-45ba-b7be-9a5dfde42038
2019-09-05 18:57:43,007 [ForkJoinPool.commonPool-worker-1] INFO  impl.RoleInfo (RoleInfo.java:shutdownLeaderState(104)) - 0f826b7c-7306-45ba-b7be-9a5dfde42038: shutdown LeaderState
2019-09-05 18:57:43,007 [ForkJoinPool.commonPool-worker-1] INFO  impl.PendingRequests (PendingRequests.java:sendNotLeaderResponses(202)) - 0f826b7c-7306-45ba-b7be-9a5dfde42038-PendingRequests: sendNotLeaderResponses
2019-09-05 18:57:43,007 [ForkJoinPool.commonPool-worker-1] INFO  impl.StateMachineUpdater (StateMachineUpdater.java:stopAndJoin(115)) - StateMachineUpdater:0f826b7c-7306-45ba-b7be-9a5dfde42038:group-0C369E276DC3: set stopIndex = 0
2019-09-05 18:57:43,007 [ForkJoinPool.commonPool-worker-1] INFO  impl.RaftServerImpl (ServerState.java:close(394)) - 0f826b7c-7306-45ba-b7be-9a5dfde42038:group-0C369E276DC3 closes. The last applied log index is 0
2019-09-05 18:57:43,007 [0f826b7c-7306-45ba-b7be-9a5dfde42038-SegmentedRaftLogWorker:Storage Directory /workdir/hadoop-ozone/integration-test/target/test-dir/MiniOzoneClusterImpl-756306cc-38d8-43d8-837b-a337f9b5af48/datanode-5/data/ratis/6a85aa6c-8694-4e61-bf36-0c369e276dc3] INFO  segmented.SegmentedRaftLogWorker (SegmentedRaftLogWorker.java:run(313)) - 0f826b7c-7306-45ba-b7be-9a5dfde42038-SegmentedRaftLogWorker:Storage Directory /workdir/hadoop-ozone/integration-test/target/test-dir/MiniOzoneClusterImpl-756306cc-38d8-43d8-837b-a337f9b5af48/datanode-5/data/ratis/6a85aa6c-8694-4e61-bf36-0c369e276dc3 was interrupted, exiting. There are 0 tasks remaining in the queue.
2019-09-05 18:57:43,008 [ForkJoinPool.commonPool-worker-1] INFO  segmented.SegmentedRaftLogWorker (SegmentedRaftLogWorker.java:close(228)) - 0f826b7c-7306-45ba-b7be-9a5dfde42038-SegmentedRaftLogWorker:Storage Directory /workdir/hadoop-ozone/integration-test/target/test-dir/MiniOzoneClusterImpl-756306cc-38d8-43d8-837b-a337f9b5af48/datanode-5/data/ratis/6a85aa6c-8694-4e61-bf36-0c369e276dc3 close()
2019-09-05 18:57:43,009 [ForkJoinPool.commonPool-worker-1] INFO  impl.RaftServerImpl (RaftServerImpl.java:lambda$shutdown$3(245)) - 0f826b7c-7306-45ba-b7be-9a5dfde42038: shutdown group-FAE588026D8F
2019-09-05 18:57:43,009 [ForkJoinPool.commonPool-worker-1] INFO  util.JmxRegister (JmxRegister.java:unregister(73)) - Successfully un-registered JMX Bean with object name Ratis:service=RaftServer,group=group-FAE588026D8F,id=0f826b7c-7306-45ba-b7be-9a5dfde42038
2019-09-05 18:57:43,009 [ForkJoinPool.commonPool-worker-1] INFO  impl.RoleInfo (RoleInfo.java:shutdownFollowerState(121)) - 0f826b7c-7306-45ba-b7be-9a5dfde42038: shutdown FollowerState
2019-09-05 18:57:43,010 [ForkJoinPool.commonPool-worker-1] INFO  impl.StateMachineUpdater (StateMachineUpdater.java:stopAndJoin(115)) - StateMachineUpdater:0f826b7c-7306-45ba-b7be-9a5dfde42038:group-FAE588026D8F: set stopIndex = 4
2019-09-05 18:57:43,010 [StateMachineUpdater:0f826b7c-7306-45ba-b7be-9a5dfde42038:group-FAE588026D8F] INFO  ratis.ContainerStateMachine (ContainerStateMachine.java:takeSnapshot(284)) - group-FAE588026D8F: Taking a snapshot at:(t:1, i:4) file /workdir/hadoop-ozone/integration-test/target/test-dir/MiniOzoneClusterImpl-756306cc-38d8-43d8-837b-a337f9b5af48/datanode-5/data/ratis/d445ed2d-1c81-46f5-ab2d-fae588026d8f/sm/snapshot.1_4
2019-09-05 18:57:43,010 [Thread-486] INFO  impl.FollowerState (FollowerState.java:run(114)) - 0f826b7c-7306-45ba-b7be-9a5dfde42038: FollowerState was interrupted: java.lang.InterruptedException: sleep interrupted
2019-09-05 18:57:43,043 [StateMachineUpdater:0f826b7c-7306-45ba-b7be-9a5dfde42038:group-FAE588026D8F] INFO  ratis.ContainerStateMachine (ContainerStateMachine.java:takeSnapshot(295)) - group-FAE588026D8F: Finished taking a snapshot at:(t:1, i:4) file:/workdir/hadoop-ozone/integration-test/target/test-dir/MiniOzoneClusterImpl-756306cc-38d8-43d8-837b-a337f9b5af48/datanode-5/data/ratis/d445ed2d-1c81-46f5-ab2d-fae588026d8f/sm/snapshot.1_4 time:34
2019-09-05 18:57:43,044 [StateMachineUpdater:0f826b7c-7306-45ba-b7be-9a5dfde42038:group-FAE588026D8F] INFO  impl.StateMachineUpdater (StateMachineUpdater.java:takeSnapshot(242)) - StateMachineUpdater:0f826b7c-7306-45ba-b7be-9a5dfde42038:group-FAE588026D8F: Took a snapshot at index 4
2019-09-05 18:57:43,044 [StateMachineUpdater:0f826b7c-7306-45ba-b7be-9a5dfde42038:group-FAE588026D8F] INFO  impl.StateMachineUpdater (StateMachineUpdater.java:lambda$new$0(80)) - StateMachineUpdater:0f826b7c-7306-45ba-b7be-9a5dfde42038:group-FAE588026D8F: snapshotIndex: updateIncreasingly -1 -> 4
2019-09-05 18:57:43,044 [ForkJoinPool.commonPool-worker-1] INFO  impl.RaftServerImpl (ServerState.java:close(394)) - 0f826b7c-7306-45ba-b7be-9a5dfde42038:group-FAE588026D8F closes. The last applied log index is 4
2019-09-05 18:57:43,044 [0f826b7c-7306-45ba-b7be-9a5dfde42038-SegmentedRaftLogWorker:Storage Directory /workdir/hadoop-ozone/integration-test/target/test-dir/MiniOzoneClusterImpl-756306cc-38d8-43d8-837b-a337f9b5af48/datanode-5/data/ratis/d445ed2d-1c81-46f5-ab2d-fae588026d8f] INFO  segmented.SegmentedRaftLogWorker (SegmentedRaftLogWorker.java:run(313)) - 0f826b7c-7306-45ba-b7be-9a5dfde42038-SegmentedRaftLogWorker:Storage Directory /workdir/hadoop-ozone/integration-test/target/test-dir/MiniOzoneClusterImpl-756306cc-38d8-43d8-837b-a337f9b5af48/datanode-5/data/ratis/d445ed2d-1c81-46f5-ab2d-fae588026d8f was interrupted, exiting. There are 0 tasks remaining in the queue.
2019-09-05 18:57:43,045 [ForkJoinPool.commonPool-worker-1] INFO  segmented.SegmentedRaftLogWorker (SegmentedRaftLogWorker.java:close(228)) - 0f826b7c-7306-45ba-b7be-9a5dfde42038-SegmentedRaftLogWorker:Storage Directory /workdir/hadoop-ozone/integration-test/target/test-dir/MiniOzoneClusterImpl-756306cc-38d8-43d8-837b-a337f9b5af48/datanode-5/data/ratis/d445ed2d-1c81-46f5-ab2d-fae588026d8f close()
2019-09-05 18:57:43,046 [ForkJoinPool.commonPool-worker-1] INFO  server.GrpcService (GrpcService.java:closeImpl(155)) - 0f826b7c-7306-45ba-b7be-9a5dfde42038: shutdown server with port 44293 now
2019-09-05 18:57:43,048 [ForkJoinPool.commonPool-worker-1] INFO  server.GrpcService (GrpcService.java:closeImpl(163)) - 0f826b7c-7306-45ba-b7be-9a5dfde42038: shutdown server with port 44293 successfully
2019-09-05 18:57:43,054 [refreshUsed-/workdir/hadoop-ozone/integration-test/target/test-dir/MiniOzoneClusterImpl-756306cc-38d8-43d8-837b-a337f9b5af48/datanode-5/data/containers] WARN  fs.CachingGetSpaceUsed (CachingGetSpaceUsed.java:run(183)) - Thread Interrupted waiting to refresh disk information: sleep interrupted
2019-09-05 18:57:43,070 [ForkJoinPool.commonPool-worker-1] INFO  utils.BackgroundService (BackgroundService.java:shutdown(148)) - Shutting down service BlockDeletingService
2019-09-05 18:57:43,072 [ForkJoinPool.commonPool-worker-1] INFO  statemachine.DatanodeStateMachine (DatanodeStateMachine.java:stopDaemon(395)) - Ozone container server stopped.
2019-09-05 18:57:43,075 [ForkJoinPool.commonPool-worker-1] INFO  handler.ContextHandler (ContextHandler.java:doStop(910)) - Stopped o.e.j.w.WebAppContext@77bb48d5{/,null,UNAVAILABLE}{/hddsDatanode}
2019-09-05 18:57:43,075 [ForkJoinPool.commonPool-worker-1] INFO  server.AbstractConnector (AbstractConnector.java:doStop(318)) - Stopped ServerConnector@181d8899{HTTP/1.1,[http/1.1]}{0.0.0.0:0}
2019-09-05 18:57:43,076 [ForkJoinPool.commonPool-worker-1] INFO  handler.ContextHandler (ContextHandler.java:doStop(910)) - Stopped o.e.j.s.ServletContextHandler@2f5b8250{/static,jar:file:/home/user/.m2/repository/org/apache/hadoop/hadoop-hdds-container-service/0.5.0-SNAPSHOT/hadoop-hdds-container-service-0.5.0-SNAPSHOT.jar!/webapps/static,UNAVAILABLE}
2019-09-05 18:57:43,077 [ForkJoinPool.commonPool-worker-1] INFO  handler.ContextHandler (ContextHandler.java:doStop(910)) - Stopped o.e.j.s.ServletContextHandler@6e4f263e{/logs,file:///workdir/hadoop-ozone/integration-test/target/log,UNAVAILABLE}
2019-09-05 18:57:43,077 [main] INFO  ozone.MiniOzoneClusterImpl (MiniOzoneClusterImpl.java:stop(339)) - Stopping the StorageContainerManager
2019-09-05 18:57:43,078 [main] INFO  server.StorageContainerManager (StorageContainerManager.java:stop(797)) - Stopping Replication Manager Service.
2019-09-05 18:57:43,078 [main] INFO  container.ReplicationManager (ReplicationManager.java:stop(203)) - Stopping Replication Monitor Thread.
2019-09-05 18:57:43,078 [main] INFO  server.StorageContainerManager (StorageContainerManager.java:stop(804)) - Stopping Lease Manager of the command watchers
2019-09-05 18:57:43,078 [main] INFO  server.StorageContainerManager (StorageContainerManager.java:stop(811)) - Stopping datanode service RPC server
2019-09-05 18:57:43,078 [main] INFO  server.SCMDatanodeProtocolServer (SCMDatanodeProtocolServer.java:stop(367)) - Stopping the RPC server for DataNodes
2019-09-05 18:57:43,079 [main] INFO  ipc.Server (Server.java:stop(3082)) - Stopping server on 39433
2019-09-05 18:57:43,080 [IPC Server listener on 39433] INFO  ipc.Server (Server.java:run(1185)) - Stopping IPC Server listener on 39433
2019-09-05 18:57:43,080 [IPC Server Responder] INFO  ipc.Server (Server.java:run(1319)) - Stopping IPC Server Responder
2019-09-05 18:57:43,081 [SCM Heartbeat Processing Thread - 0] WARN  node.NodeStateManager (NodeStateManager.java:scheduleNextHealthCheck(650)) - Current Thread is interrupted, shutting down HB processing thread for Node Manager.
2019-09-05 18:57:43,082 [main] INFO  server.StorageContainerManager (StorageContainerManager.java:stop(819)) - Stopping block service RPC server
2019-09-05 18:57:43,082 [main] INFO  server.SCMBlockProtocolServer (SCMBlockProtocolServer.java:stop(155)) - Stopping the RPC server for Block Protocol
2019-09-05 18:57:43,082 [main] INFO  ipc.Server (Server.java:stop(3082)) - Stopping server on 34800
2019-09-05 18:57:43,083 [IPC Server listener on 34800] INFO  ipc.Server (Server.java:run(1185)) - Stopping IPC Server listener on 34800
2019-09-05 18:57:43,083 [main] INFO  server.StorageContainerManager (StorageContainerManager.java:stop(826)) - Stopping the StorageContainerLocationProtocol RPC server
2019-09-05 18:57:43,083 [main] INFO  server.SCMClientProtocolServer (SCMClientProtocolServer.java:stop(159)) - Stopping the RPC server for Client Protocol
2019-09-05 18:57:43,084 [main] INFO  ipc.Server (Server.java:stop(3082)) - Stopping server on 40091
2019-09-05 18:57:43,084 [IPC Server Responder] INFO  ipc.Server (Server.java:run(1319)) - Stopping IPC Server Responder
2019-09-05 18:57:43,085 [IPC Server listener on 40091] INFO  ipc.Server (Server.java:run(1185)) - Stopping IPC Server listener on 40091
2019-09-05 18:57:43,085 [main] INFO  server.StorageContainerManager (StorageContainerManager.java:stop(833)) - Stopping Storage Container Manager HTTP server.
2019-09-05 18:57:43,085 [IPC Server Responder] INFO  ipc.Server (Server.java:run(1319)) - Stopping IPC Server Responder
2019-09-05 18:57:43,086 [main] INFO  handler.ContextHandler (ContextHandler.java:doStop(910)) - Stopped o.e.j.w.WebAppContext@4152d38d{/,null,UNAVAILABLE}{/scm}
2019-09-05 18:57:43,086 [main] INFO  server.AbstractConnector (AbstractConnector.java:doStop(318)) - Stopped ServerConnector@db44aa2{HTTP/1.1,[http/1.1]}{0.0.0.0:0}
2019-09-05 18:57:43,087 [main] INFO  handler.ContextHandler (ContextHandler.java:doStop(910)) - Stopped o.e.j.s.ServletContextHandler@299321e2{/static,file:///workdir/hadoop-ozone/integration-test/target/test-classes/webapps/static,UNAVAILABLE}
2019-09-05 18:57:43,087 [main] INFO  handler.ContextHandler (ContextHandler.java:doStop(910)) - Stopped o.e.j.s.ServletContextHandler@d3957fe{/logs,file:///workdir/hadoop-ozone/integration-test/target/log,UNAVAILABLE}
2019-09-05 18:57:43,088 [main] INFO  server.StorageContainerManager (StorageContainerManager.java:stop(844)) - Stopping Block Manager Service.
2019-09-05 18:57:43,088 [main] INFO  utils.BackgroundService (BackgroundService.java:shutdown(148)) - Shutting down service SCMBlockDeletingService
2019-09-05 18:57:43,089 [main] INFO  utils.BackgroundService (BackgroundService.java:shutdown(148)) - Shutting down service SCMBlockDeletingService
2019-09-05 18:57:43,089 [main] INFO  server.StorageContainerManager (StorageContainerManager.java:stop(866)) - Stopping SCM Event Queue.
2019-09-05 18:57:43,094 [main] INFO  impl.MetricsSystemImpl (MetricsSystemImpl.java:stop(210)) - Stopping XceiverClientMetrics metrics system...
2019-09-05 18:57:43,099 [prometheus] INFO  impl.MetricsSinkAdapter (MetricsSinkAdapter.java:publishMetricsFromQueue(141)) - prometheus thread interrupted.
2019-09-05 18:57:43,100 [main] INFO  impl.MetricsSystemImpl (MetricsSystemImpl.java:stop(216)) - XceiverClientMetrics metrics system stopped.
]]></system-out>
    <system-err><![CDATA[ERROR StatusLogger No Log4j 2 configuration file found. Using default configuration (logging only errors to the console), or user programmatically provided configurations. Set system property 'log4j2.debug' to show Log4j 2 internal initialization logging. See https://logging.apache.org/log4j/2.x/manual/configuration.html for instructions on how to configure Log4j 2
]]></system-err>
  </testcase>
  <testcase name="testDatanodeFailureWithPreAllocation" classname="org.apache.hadoop.ozone.client.rpc.TestBlockOutputStreamWithFailures" time="227.455"/>
  <testcase name="testDatanodeFailureWithSingleNodeRatis" classname="org.apache.hadoop.ozone.client.rpc.TestBlockOutputStreamWithFailures" time="227.81"/>
  <testcase name="testWatchForCommitWithSingleNodeRatis" classname="org.apache.hadoop.ozone.client.rpc.TestBlockOutputStreamWithFailures" time="37.942"/>
  <testcase name="testWatchForCommitDatanodeFailure" classname="org.apache.hadoop.ozone.client.rpc.TestBlockOutputStreamWithFailures" time="52.251"/>
  <testcase name="testFailureWithPrimeSizedData" classname="org.apache.hadoop.ozone.client.rpc.TestBlockOutputStreamWithFailures" time="62.041"/>
  <testcase name="testWatchForCommitWithCloseContainerException" classname="org.apache.hadoop.ozone.client.rpc.TestBlockOutputStreamWithFailures" time="44.379">
    <failure message="expected:&lt;69&gt; but was:&lt;70&gt;" type="java.lang.AssertionError"><![CDATA[java.lang.AssertionError: expected:<69> but was:<70>
	at org.junit.Assert.fail(Assert.java:88)
	at org.junit.Assert.failNotEquals(Assert.java:743)
	at org.junit.Assert.assertEquals(Assert.java:118)
	at org.junit.Assert.assertEquals(Assert.java:555)
	at org.junit.Assert.assertEquals(Assert.java:542)
	at org.apache.hadoop.ozone.client.rpc.TestBlockOutputStreamWithFailures.testWatchForCommitWithCloseContainerException(TestBlockOutputStreamWithFailures.java:196)
	at sun.reflect.NativeMethodAccessorImpl.invoke0(Native Method)
	at sun.reflect.NativeMethodAccessorImpl.invoke(NativeMethodAccessorImpl.java:62)
	at sun.reflect.DelegatingMethodAccessorImpl.invoke(DelegatingMethodAccessorImpl.java:43)
	at java.lang.reflect.Method.invoke(Method.java:498)
	at org.junit.runners.model.FrameworkMethod$1.runReflectiveCall(FrameworkMethod.java:47)
	at org.junit.internal.runners.model.ReflectiveCallable.run(ReflectiveCallable.java:12)
	at org.junit.runners.model.FrameworkMethod.invokeExplosively(FrameworkMethod.java:44)
	at org.junit.internal.runners.statements.InvokeMethod.evaluate(InvokeMethod.java:17)
	at org.junit.internal.runners.statements.RunBefores.evaluate(RunBefores.java:26)
	at org.junit.internal.runners.statements.RunAfters.evaluate(RunAfters.java:27)
	at org.junit.runners.ParentRunner.runLeaf(ParentRunner.java:271)
	at org.junit.runners.BlockJUnit4ClassRunner.runChild(BlockJUnit4ClassRunner.java:70)
	at org.junit.runners.BlockJUnit4ClassRunner.runChild(BlockJUnit4ClassRunner.java:50)
	at org.junit.runners.ParentRunner$3.run(ParentRunner.java:238)
	at org.junit.runners.ParentRunner$1.schedule(ParentRunner.java:63)
	at org.junit.runners.ParentRunner.runChildren(ParentRunner.java:236)
	at org.junit.runners.ParentRunner.access$000(ParentRunner.java:53)
	at org.junit.runners.ParentRunner$2.evaluate(ParentRunner.java:229)
	at org.junit.runners.ParentRunner.run(ParentRunner.java:309)
	at org.apache.maven.surefire.junit4.JUnit4Provider.execute(JUnit4Provider.java:365)
	at org.apache.maven.surefire.junit4.JUnit4Provider.executeWithRerun(JUnit4Provider.java:273)
	at org.apache.maven.surefire.junit4.JUnit4Provider.executeTestSet(JUnit4Provider.java:238)
	at org.apache.maven.surefire.junit4.JUnit4Provider.invoke(JUnit4Provider.java:159)
	at org.apache.maven.surefire.booter.ForkedBooter.invokeProviderInSameClassLoader(ForkedBooter.java:384)
	at org.apache.maven.surefire.booter.ForkedBooter.runSuitesInProcess(ForkedBooter.java:345)
	at org.apache.maven.surefire.booter.ForkedBooter.execute(ForkedBooter.java:126)
	at org.apache.maven.surefire.booter.ForkedBooter.main(ForkedBooter.java:418)
]]></failure>
    <system-out><![CDATA[2019-09-05 19:07:50,664 [main] WARN  server.ServerUtils (ServerUtils.java:getScmDbDir(145)) - ozone.scm.db.dirs is not configured. We recommend adding this setting. Falling back to ozone.metadata.dirs instead.
2019-09-05 19:07:50,733 [main] WARN  server.ServerUtils (ServerUtils.java:getScmDbDir(145)) - ozone.scm.db.dirs is not configured. We recommend adding this setting. Falling back to ozone.metadata.dirs instead.
2019-09-05 19:07:50,734 [main] WARN  server.ServerUtils (ServerUtils.java:getScmDbDir(145)) - ozone.scm.db.dirs is not configured. We recommend adding this setting. Falling back to ozone.metadata.dirs instead.
2019-09-05 19:07:50,734 [main] INFO  db.DBStoreBuilder (DBStoreBuilder.java:addTable(110)) - using custom profile for table: deletedBlocks
2019-09-05 19:07:50,734 [main] INFO  db.DBStoreBuilder (DBStoreBuilder.java:processTables(161)) - Using default column profile:DBProfile.DISK for Table:deletedBlocks
2019-09-05 19:07:50,735 [main] INFO  db.DBStoreBuilder (DBStoreBuilder.java:addTable(110)) - using custom profile for table: validCerts
2019-09-05 19:07:50,735 [main] INFO  db.DBStoreBuilder (DBStoreBuilder.java:processTables(161)) - Using default column profile:DBProfile.DISK for Table:validCerts
2019-09-05 19:07:50,735 [main] INFO  db.DBStoreBuilder (DBStoreBuilder.java:addTable(110)) - using custom profile for table: revokedCerts
2019-09-05 19:07:50,735 [main] INFO  db.DBStoreBuilder (DBStoreBuilder.java:processTables(161)) - Using default column profile:DBProfile.DISK for Table:revokedCerts
2019-09-05 19:07:50,736 [main] INFO  db.DBStoreBuilder (DBStoreBuilder.java:addTable(110)) - using custom profile for table: default
2019-09-05 19:07:50,736 [main] INFO  db.DBStoreBuilder (DBStoreBuilder.java:processTables(167)) - Using default column profile:DBProfile.DISK for Table:default
2019-09-05 19:07:50,736 [main] INFO  db.DBStoreBuilder (DBStoreBuilder.java:getDbProfile(198)) - Using default options. DBProfile.DISK
2019-09-05 19:07:51,117 [main] INFO  net.NodeSchemaLoader (NodeSchemaLoader.java:loadSchemaFromFile(125)) - Loading file from sun.misc.CompoundEnumeration@f2fb225
2019-09-05 19:07:51,117 [main] INFO  net.NodeSchemaLoader (NodeSchemaLoader.java:loadSchema(171)) - Loading network topology layer schema file
2019-09-05 19:07:51,122 [main] INFO  node.SCMNodeManager (SCMNodeManager.java:<init>(115)) - Entering startup safe mode.
2019-09-05 19:07:51,123 [main] INFO  algorithms.ContainerPlacementPolicyFactory (ContainerPlacementPolicyFactory.java:getPolicy(55)) - Create container placement policy of type org.apache.hadoop.hdds.scm.container.placement.algorithms.SCMContainerPlacementRandom
2019-09-05 19:07:51,123 [main] WARN  server.ServerUtils (ServerUtils.java:getScmDbDir(145)) - ozone.scm.db.dirs is not configured. We recommend adding this setting. Falling back to ozone.metadata.dirs instead.
2019-09-05 19:07:51,278 [main] INFO  pipeline.SCMPipelineManager (SCMPipelineManager.java:initializePipelineState(128)) - No pipeline exists in current db
2019-09-05 19:07:51,278 [main] WARN  server.ServerUtils (ServerUtils.java:getScmDbDir(145)) - ozone.scm.db.dirs is not configured. We recommend adding this setting. Falling back to ozone.metadata.dirs instead.
2019-09-05 19:07:51,379 [main] WARN  events.EventQueue (EventQueue.java:fireEvent(183)) - No event handler registered for event TypedEvent{payloadType=SafeModeStatus, name='SafeModeStatus'}
2019-09-05 19:07:51,380 [main] INFO  ipc.CallQueueManager (CallQueueManager.java:<init>(84)) - Using callQueue: class java.util.concurrent.LinkedBlockingQueue, queueCapacity: 2000, scheduler: class org.apache.hadoop.ipc.DefaultRpcScheduler, ipcBackoff: false.
2019-09-05 19:07:51,381 [Socket Reader #1 for port 33925] INFO  ipc.Server (Server.java:run(1074)) - Starting Socket Reader #1 for port 33925
2019-09-05 19:07:51,382 [main] INFO  ipc.CallQueueManager (CallQueueManager.java:<init>(84)) - Using callQueue: class java.util.concurrent.LinkedBlockingQueue, queueCapacity: 2000, scheduler: class org.apache.hadoop.ipc.DefaultRpcScheduler, ipcBackoff: false.
2019-09-05 19:07:51,383 [Socket Reader #1 for port 43498] INFO  ipc.Server (Server.java:run(1074)) - Starting Socket Reader #1 for port 43498
2019-09-05 19:07:51,384 [main] INFO  ipc.CallQueueManager (CallQueueManager.java:<init>(84)) - Using callQueue: class java.util.concurrent.LinkedBlockingQueue, queueCapacity: 2000, scheduler: class org.apache.hadoop.ipc.DefaultRpcScheduler, ipcBackoff: false.
2019-09-05 19:07:51,385 [Socket Reader #1 for port 34558] INFO  ipc.Server (Server.java:run(1074)) - Starting Socket Reader #1 for port 34558
2019-09-05 19:07:51,387 [main] INFO  hdfs.DFSUtil (DFSUtil.java:httpServerTemplateForNNAndJN(1641)) - Starting Web-server for scm at: http://0.0.0.0:0
2019-09-05 19:07:51,389 [main] INFO  server.AuthenticationFilter (AuthenticationFilter.java:constructSecretProvider(240)) - Unable to initialize FileSignerSecretProvider, falling back to use random secrets.
2019-09-05 19:07:51,389 [main] WARN  http.HttpRequestLog (HttpRequestLog.java:getRequestLog(97)) - Jetty request log can only be enabled using Log4j
2019-09-05 19:07:51,391 [main] INFO  http.HttpServer2 (HttpServer2.java:addGlobalFilter(975)) - Added global filter 'safety' (class=org.apache.hadoop.http.HttpServer2$QuotingInputFilter)
2019-09-05 19:07:51,392 [main] INFO  http.HttpServer2 (HttpServer2.java:addFilter(948)) - Added filter static_user_filter (class=org.apache.hadoop.http.lib.StaticUserWebFilter$StaticUserFilter) to context scm
2019-09-05 19:07:51,392 [main] INFO  http.HttpServer2 (HttpServer2.java:addFilter(958)) - Added filter static_user_filter (class=org.apache.hadoop.http.lib.StaticUserWebFilter$StaticUserFilter) to context logs
2019-09-05 19:07:51,392 [main] INFO  http.HttpServer2 (HttpServer2.java:addFilter(958)) - Added filter static_user_filter (class=org.apache.hadoop.http.lib.StaticUserWebFilter$StaticUserFilter) to context static
2019-09-05 19:07:51,394 [main] INFO  server.StorageContainerManager (StorageContainerManager.java:start(759)) - StorageContainerLocationProtocol RPC server is listening at /0.0.0.0:34558
2019-09-05 19:07:51,397 [main] WARN  impl.MetricsConfig (MetricsConfig.java:loadFirst(134)) - Cannot locate configuration: tried hadoop-metrics2-storagecontainermanager.properties,hadoop-metrics2.properties
2019-09-05 19:07:51,398 [main] INFO  impl.MetricsSystemImpl (MetricsSystemImpl.java:startTimer(374)) - Scheduled Metric snapshot period at 10 second(s).
2019-09-05 19:07:51,398 [main] INFO  impl.MetricsSystemImpl (MetricsSystemImpl.java:start(191)) - StorageContainerManager metrics system started
2019-09-05 19:07:51,453 [main] WARN  impl.MetricsSystemImpl (MetricsSystemImpl.java:register(276)) - Sink prometheus already exists!
2019-09-05 19:07:51,490 [main] INFO  server.SCMClientProtocolServer (SCMClientProtocolServer.java:start(151)) - RPC server for Client  is listening at /0.0.0.0:34558
2019-09-05 19:07:51,491 [IPC Server Responder] INFO  ipc.Server (Server.java:run(1314)) - IPC Server Responder: starting
2019-09-05 19:07:51,491 [IPC Server listener on 34558] INFO  ipc.Server (Server.java:run(1153)) - IPC Server listener on 34558: starting
2019-09-05 19:07:51,494 [main] INFO  server.StorageContainerManager (StorageContainerManager.java:start(769)) - ScmBlockLocationProtocol RPC server is listening at /0.0.0.0:43498
2019-09-05 19:07:51,494 [main] INFO  server.SCMBlockProtocolServer (SCMBlockProtocolServer.java:start(146)) - RPC server for Block Protocol is listening at /0.0.0.0:43498
2019-09-05 19:07:51,494 [IPC Server Responder] INFO  ipc.Server (Server.java:run(1314)) - IPC Server Responder: starting
2019-09-05 19:07:51,494 [IPC Server listener on 43498] INFO  ipc.Server (Server.java:run(1153)) - IPC Server listener on 43498: starting
2019-09-05 19:07:51,497 [main] INFO  server.StorageContainerManager (StorageContainerManager.java:start(773)) - ScmDatanodeProtocl RPC server is listening at /0.0.0.0:33925
2019-09-05 19:07:51,497 [main] INFO  server.SCMDatanodeProtocolServer (SCMDatanodeProtocolServer.java:start(191)) - RPC server for DataNodes is listening at /0.0.0.0:33925
2019-09-05 19:07:51,497 [IPC Server Responder] INFO  ipc.Server (Server.java:run(1314)) - IPC Server Responder: starting
2019-09-05 19:07:51,497 [IPC Server listener on 33925] INFO  ipc.Server (Server.java:run(1153)) - IPC Server listener on 33925: starting
2019-09-05 19:07:51,500 [main] INFO  http.HttpServer2 (HttpServer2.java:bindListener(1191)) - Jetty bound to port 39135
2019-09-05 19:07:51,500 [main] INFO  server.Server (Server.java:doStart(351)) - jetty-9.3.24.v20180605, build timestamp: 2018-06-05T17:11:56Z, git hash: 84205aa28f11a4f31f2a3b86d1bba2cc8ab69827
2019-09-05 19:07:51,501 [main] INFO  handler.ContextHandler (ContextHandler.java:doStart(781)) - Started o.e.j.s.ServletContextHandler@65d9e72a{/logs,file:///workdir/hadoop-ozone/integration-test/target/log,AVAILABLE}
2019-09-05 19:07:51,502 [main] INFO  handler.ContextHandler (ContextHandler.java:doStart(781)) - Started o.e.j.s.ServletContextHandler@e01a26b{/static,file:///workdir/hadoop-ozone/integration-test/target/test-classes/webapps/static,AVAILABLE}
2019-09-05 19:07:51,505 [main] INFO  handler.ContextHandler (ContextHandler.java:doStart(781)) - Started o.e.j.w.WebAppContext@d108406{/,file:///workdir/hadoop-ozone/integration-test/target/test-classes/webapps/scm/,AVAILABLE}{/scm}
2019-09-05 19:07:51,506 [main] INFO  server.AbstractConnector (AbstractConnector.java:doStart(278)) - Started ServerConnector@799c8758{HTTP/1.1,[http/1.1]}{0.0.0.0:39135}
2019-09-05 19:07:51,507 [main] INFO  server.Server (Server.java:doStart(419)) - Started @655935ms
2019-09-05 19:07:51,507 [main] WARN  impl.MetricsSystemImpl (MetricsSystemImpl.java:register(276)) - Sink prometheus already exists!
2019-09-05 19:07:51,507 [main] INFO  server.BaseHttpServer (BaseHttpServer.java:updateConnectorAddress(215)) - HTTP server of SCM is listening at http://0.0.0.0:39135
2019-09-05 19:07:51,508 [main] WARN  server.ServerUtils (ServerUtils.java:getDBPath(222)) - ozone.om.db.dirs is not configured. We recommend adding this setting. Falling back to ozone.metadata.dirs instead.
2019-09-05 19:07:51,509 [org.apache.hadoop.util.JvmPauseMonitor$Monitor@63e4484d] INFO  util.JvmPauseMonitor (JvmPauseMonitor.java:run(188)) - Starting JVM pause monitor
2019-09-05 19:07:51,521 [main] WARN  server.ServerUtils (ServerUtils.java:getDBPath(222)) - ozone.om.db.dirs is not configured. We recommend adding this setting. Falling back to ozone.metadata.dirs instead.
2019-09-05 19:07:51,521 [main] WARN  server.ServerUtils (ServerUtils.java:getDBPath(222)) - ozone.om.db.dirs is not configured. We recommend adding this setting. Falling back to ozone.metadata.dirs instead.
2019-09-05 19:07:51,522 [main] INFO  om.OzoneManager (OzoneManager.java:setOMNodeDetails(649)) - OM Service ID is not set. Setting it to the default ID: omServiceIdDefault
2019-09-05 19:07:51,522 [main] INFO  om.OzoneManager (OzoneManager.java:setOMNodeDetails(655)) - OM Node ID is not set. Setting it to the OmStorage's OmID: 69c1d8c4-499a-4777-9af7-a0a4e4fb495f
2019-09-05 19:07:51,522 [main] INFO  om.OzoneManager (OzoneManager.java:loadOMHAConfigs(606)) - Found matching OM address with OMServiceId: null, OMNodeId: null, RPC Address: localhost:0 and Ratis port: 9872
2019-09-05 19:07:51,527 [main] WARN  server.ServerUtils (ServerUtils.java:getDBPath(222)) - ozone.om.db.dirs is not configured. We recommend adding this setting. Falling back to ozone.metadata.dirs instead.
2019-09-05 19:07:51,528 [main] INFO  db.DBStoreBuilder (DBStoreBuilder.java:addTable(110)) - using custom profile for table: userTable
2019-09-05 19:07:51,528 [main] INFO  db.DBStoreBuilder (DBStoreBuilder.java:processTables(161)) - Using default column profile:DBProfile.DISK for Table:userTable
2019-09-05 19:07:51,528 [main] INFO  db.DBStoreBuilder (DBStoreBuilder.java:addTable(110)) - using custom profile for table: volumeTable
2019-09-05 19:07:51,528 [main] INFO  db.DBStoreBuilder (DBStoreBuilder.java:processTables(161)) - Using default column profile:DBProfile.DISK for Table:volumeTable
2019-09-05 19:07:51,528 [main] INFO  db.DBStoreBuilder (DBStoreBuilder.java:addTable(110)) - using custom profile for table: bucketTable
2019-09-05 19:07:51,528 [main] INFO  db.DBStoreBuilder (DBStoreBuilder.java:processTables(161)) - Using default column profile:DBProfile.DISK for Table:bucketTable
2019-09-05 19:07:51,529 [main] INFO  db.DBStoreBuilder (DBStoreBuilder.java:addTable(110)) - using custom profile for table: keyTable
2019-09-05 19:07:51,529 [main] INFO  db.DBStoreBuilder (DBStoreBuilder.java:processTables(161)) - Using default column profile:DBProfile.DISK for Table:keyTable
2019-09-05 19:07:51,529 [main] INFO  db.DBStoreBuilder (DBStoreBuilder.java:addTable(110)) - using custom profile for table: deletedTable
2019-09-05 19:07:51,529 [main] INFO  db.DBStoreBuilder (DBStoreBuilder.java:processTables(161)) - Using default column profile:DBProfile.DISK for Table:deletedTable
2019-09-05 19:07:51,529 [main] INFO  db.DBStoreBuilder (DBStoreBuilder.java:addTable(110)) - using custom profile for table: openKeyTable
2019-09-05 19:07:51,529 [main] INFO  db.DBStoreBuilder (DBStoreBuilder.java:processTables(161)) - Using default column profile:DBProfile.DISK for Table:openKeyTable
2019-09-05 19:07:51,530 [main] INFO  db.DBStoreBuilder (DBStoreBuilder.java:addTable(110)) - using custom profile for table: s3Table
2019-09-05 19:07:51,530 [main] INFO  db.DBStoreBuilder (DBStoreBuilder.java:processTables(161)) - Using default column profile:DBProfile.DISK for Table:s3Table
2019-09-05 19:07:51,530 [main] INFO  db.DBStoreBuilder (DBStoreBuilder.java:addTable(110)) - using custom profile for table: multipartInfoTable
2019-09-05 19:07:51,530 [main] INFO  db.DBStoreBuilder (DBStoreBuilder.java:processTables(161)) - Using default column profile:DBProfile.DISK for Table:multipartInfoTable
2019-09-05 19:07:51,530 [main] INFO  db.DBStoreBuilder (DBStoreBuilder.java:addTable(110)) - using custom profile for table: dTokenTable
2019-09-05 19:07:51,530 [main] INFO  db.DBStoreBuilder (DBStoreBuilder.java:processTables(161)) - Using default column profile:DBProfile.DISK for Table:dTokenTable
2019-09-05 19:07:51,530 [main] INFO  db.DBStoreBuilder (DBStoreBuilder.java:addTable(110)) - using custom profile for table: s3SecretTable
2019-09-05 19:07:51,531 [main] INFO  db.DBStoreBuilder (DBStoreBuilder.java:processTables(161)) - Using default column profile:DBProfile.DISK for Table:s3SecretTable
2019-09-05 19:07:51,531 [main] INFO  db.DBStoreBuilder (DBStoreBuilder.java:addTable(110)) - using custom profile for table: prefixTable
2019-09-05 19:07:51,531 [main] INFO  db.DBStoreBuilder (DBStoreBuilder.java:processTables(161)) - Using default column profile:DBProfile.DISK for Table:prefixTable
2019-09-05 19:07:51,531 [main] INFO  db.DBStoreBuilder (DBStoreBuilder.java:addTable(110)) - using custom profile for table: default
2019-09-05 19:07:51,531 [main] INFO  db.DBStoreBuilder (DBStoreBuilder.java:processTables(167)) - Using default column profile:DBProfile.DISK for Table:default
2019-09-05 19:07:51,531 [main] INFO  db.DBStoreBuilder (DBStoreBuilder.java:getDbProfile(198)) - Using default options. DBProfile.DISK
2019-09-05 19:07:52,032 [main] INFO  ipc.CallQueueManager (CallQueueManager.java:<init>(84)) - Using callQueue: class java.util.concurrent.LinkedBlockingQueue, queueCapacity: 2000, scheduler: class org.apache.hadoop.ipc.DefaultRpcScheduler, ipcBackoff: false.
2019-09-05 19:07:52,032 [Socket Reader #1 for port 45601] INFO  ipc.Server (Server.java:run(1074)) - Starting Socket Reader #1 for port 45601
2019-09-05 19:07:52,044 [main] INFO  om.OzoneManager (OzoneManager.java:start(1240)) - OzoneManager RPC server is listening at localhost/127.0.0.1:45601
2019-09-05 19:07:52,044 [main] INFO  impl.MetricsSystemImpl (MetricsSystemImpl.java:init(158)) - OzoneManager metrics system started (again)
2019-09-05 19:07:52,045 [IPC Server listener on 45601] INFO  ipc.Server (Server.java:run(1153)) - IPC Server listener on 45601: starting
2019-09-05 19:07:52,045 [IPC Server Responder] INFO  ipc.Server (Server.java:run(1314)) - IPC Server Responder: starting
2019-09-05 19:07:52,049 [main] INFO  hdfs.DFSUtil (DFSUtil.java:httpServerTemplateForNNAndJN(1641)) - Starting Web-server for ozoneManager at: http://0.0.0.0:0
2019-09-05 19:07:52,050 [main] INFO  server.AuthenticationFilter (AuthenticationFilter.java:constructSecretProvider(240)) - Unable to initialize FileSignerSecretProvider, falling back to use random secrets.
2019-09-05 19:07:52,050 [main] WARN  http.HttpRequestLog (HttpRequestLog.java:getRequestLog(97)) - Jetty request log can only be enabled using Log4j
2019-09-05 19:07:52,052 [main] INFO  http.HttpServer2 (HttpServer2.java:addGlobalFilter(975)) - Added global filter 'safety' (class=org.apache.hadoop.http.HttpServer2$QuotingInputFilter)
2019-09-05 19:07:52,052 [main] INFO  http.HttpServer2 (HttpServer2.java:addFilter(948)) - Added filter static_user_filter (class=org.apache.hadoop.http.lib.StaticUserWebFilter$StaticUserFilter) to context ozoneManager
2019-09-05 19:07:52,052 [main] INFO  http.HttpServer2 (HttpServer2.java:addFilter(958)) - Added filter static_user_filter (class=org.apache.hadoop.http.lib.StaticUserWebFilter$StaticUserFilter) to context static
2019-09-05 19:07:52,052 [main] INFO  http.HttpServer2 (HttpServer2.java:addFilter(958)) - Added filter static_user_filter (class=org.apache.hadoop.http.lib.StaticUserWebFilter$StaticUserFilter) to context logs
2019-09-05 19:07:52,053 [main] INFO  http.HttpServer2 (HttpServer2.java:bindListener(1191)) - Jetty bound to port 43113
2019-09-05 19:07:52,053 [main] INFO  server.Server (Server.java:doStart(351)) - jetty-9.3.24.v20180605, build timestamp: 2018-06-05T17:11:56Z, git hash: 84205aa28f11a4f31f2a3b86d1bba2cc8ab69827
2019-09-05 19:07:52,054 [main] INFO  handler.ContextHandler (ContextHandler.java:doStart(781)) - Started o.e.j.s.ServletContextHandler@6775c0d1{/logs,file:///workdir/hadoop-ozone/integration-test/target/log,AVAILABLE}
2019-09-05 19:07:52,055 [main] INFO  handler.ContextHandler (ContextHandler.java:doStart(781)) - Started o.e.j.s.ServletContextHandler@4899799b{/static,file:///workdir/hadoop-ozone/integration-test/target/test-classes/webapps/static,AVAILABLE}
2019-09-05 19:07:52,058 [main] INFO  handler.ContextHandler (ContextHandler.java:doStart(781)) - Started o.e.j.w.WebAppContext@597a7afa{/,file:///workdir/hadoop-ozone/integration-test/target/test-classes/webapps/ozoneManager/,AVAILABLE}{/ozoneManager}
2019-09-05 19:07:52,058 [main] INFO  server.AbstractConnector (AbstractConnector.java:doStart(278)) - Started ServerConnector@29dcdd1c{HTTP/1.1,[http/1.1]}{0.0.0.0:43113}
2019-09-05 19:07:52,059 [main] INFO  server.Server (Server.java:doStart(419)) - Started @656488ms
2019-09-05 19:07:52,059 [main] WARN  impl.MetricsSystemImpl (MetricsSystemImpl.java:register(276)) - Sink prometheus already exists!
2019-09-05 19:07:52,060 [main] INFO  server.BaseHttpServer (BaseHttpServer.java:updateConnectorAddress(215)) - HTTP server of OZONEMANAGER is listening at http://0.0.0.0:43113
2019-09-05 19:07:52,072 [main] INFO  impl.MetricsSystemImpl (MetricsSystemImpl.java:init(158)) - HddsDatanode metrics system started (again)
2019-09-05 19:07:52,073 [main] INFO  ozone.HddsDatanodeService (HddsDatanodeService.java:start(184)) - HddsDatanodeService host:pr-hdds-1982-decom-states-p4sss-1559755178 ip:192.168.36.80
2019-09-05 19:07:52,079 [main] INFO  volume.HddsVolume (HddsVolume.java:<init>(176)) - Creating Volume: /workdir/hadoop-ozone/integration-test/target/test-dir/MiniOzoneClusterImpl-26321163-d00f-4eeb-b505-787cf25e09ba/datanode-0/data/containers/hdds of  storage type : DISK and capacity : 1482555576320
2019-09-05 19:07:52,079 [main] INFO  volume.VolumeSet (VolumeSet.java:initializeVolumeSet(170)) - Added Volume : /workdir/hadoop-ozone/integration-test/target/test-dir/MiniOzoneClusterImpl-26321163-d00f-4eeb-b505-787cf25e09ba/datanode-0/data/containers/hdds to VolumeSet
2019-09-05 19:07:52,079 [main] INFO  volume.ThrottledAsyncChecker (ThrottledAsyncChecker.java:schedule(140)) - Scheduling a check for org.apache.hadoop.ozone.container.common.volume.HddsVolume@8f39224
2019-09-05 19:07:52,080 [main] INFO  volume.HddsVolumeChecker (HddsVolumeChecker.java:checkAllVolumes(203)) - Scheduled health check for volume org.apache.hadoop.ozone.container.common.volume.HddsVolume@8f39224
2019-09-05 19:07:52,092 [main] INFO  impl.RaftServerProxy (ConfUtils.java:logGet(43)) - raft.rpc.type = GRPC (default)
2019-09-05 19:07:52,092 [main] INFO  grpc.GrpcFactory (GrpcFactory.java:checkPooledByteBufAllocatorUseCacheForAllThreads(45)) - PERFORMANCE WARNING: useCacheForAllThreads is true that may cause Netty to create a lot garbage objects and, as a result, trigger GC.
	It is recommended to disable useCacheForAllThreads by setting -Dorg.apache.ratis.thirdparty.io.netty.allocator.useCacheForAllThreads=false in command line.
2019-09-05 19:07:52,092 [main] INFO  grpc.GrpcConfigKeys$Server (ConfUtils.java:logGet(43)) - raft.grpc.server.port = 0 (default)
2019-09-05 19:07:52,093 [main] INFO  server.GrpcService (ConfUtils.java:logGet(43)) - raft.grpc.message.size.max = 33570816 (custom)
2019-09-05 19:07:52,093 [main] INFO  server.RaftServerConfigKeys (ConfUtils.java:logGet(43)) - raft.server.log.appender.buffer.byte-limit = 33554432 (custom)
2019-09-05 19:07:52,093 [main] INFO  server.GrpcService (ConfUtils.java:logGet(43)) - raft.grpc.flow.control.window = 1MB (=1048576) (default)
2019-09-05 19:07:52,093 [main] INFO  server.RaftServerConfigKeys (ConfUtils.java:logGet(43)) - raft.server.rpc.request.timeout = 3000ms (default)
2019-09-05 19:07:52,094 [main] INFO  server.RaftServerConfigKeys (ConfUtils.java:logGet(43)) - raft.server.storage.dir = [/workdir/hadoop-ozone/integration-test/target/test-dir/MiniOzoneClusterImpl-26321163-d00f-4eeb-b505-787cf25e09ba/datanode-0/data/ratis] (custom)
2019-09-05 19:07:52,095 [main] INFO  hdfs.DFSUtil (DFSUtil.java:httpServerTemplateForNNAndJN(1641)) - Starting Web-server for hddsDatanode at: http://0.0.0.0:0
2019-09-05 19:07:52,096 [main] INFO  server.AuthenticationFilter (AuthenticationFilter.java:constructSecretProvider(240)) - Unable to initialize FileSignerSecretProvider, falling back to use random secrets.
2019-09-05 19:07:52,096 [main] WARN  http.HttpRequestLog (HttpRequestLog.java:getRequestLog(97)) - Jetty request log can only be enabled using Log4j
2019-09-05 19:07:52,097 [main] INFO  http.HttpServer2 (HttpServer2.java:addGlobalFilter(975)) - Added global filter 'safety' (class=org.apache.hadoop.http.HttpServer2$QuotingInputFilter)
2019-09-05 19:07:52,098 [main] INFO  http.HttpServer2 (HttpServer2.java:addFilter(948)) - Added filter static_user_filter (class=org.apache.hadoop.http.lib.StaticUserWebFilter$StaticUserFilter) to context hddsDatanode
2019-09-05 19:07:52,098 [main] INFO  http.HttpServer2 (HttpServer2.java:addFilter(958)) - Added filter static_user_filter (class=org.apache.hadoop.http.lib.StaticUserWebFilter$StaticUserFilter) to context logs
2019-09-05 19:07:52,098 [main] INFO  http.HttpServer2 (HttpServer2.java:addFilter(958)) - Added filter static_user_filter (class=org.apache.hadoop.http.lib.StaticUserWebFilter$StaticUserFilter) to context static
2019-09-05 19:07:52,099 [main] INFO  http.HttpServer2 (HttpServer2.java:bindListener(1191)) - Jetty bound to port 36269
2019-09-05 19:07:52,099 [main] INFO  server.Server (Server.java:doStart(351)) - jetty-9.3.24.v20180605, build timestamp: 2018-06-05T17:11:56Z, git hash: 84205aa28f11a4f31f2a3b86d1bba2cc8ab69827
2019-09-05 19:07:52,100 [main] INFO  handler.ContextHandler (ContextHandler.java:doStart(781)) - Started o.e.j.s.ServletContextHandler@23ea8830{/logs,file:///workdir/hadoop-ozone/integration-test/target/log,AVAILABLE}
2019-09-05 19:07:52,101 [main] INFO  handler.ContextHandler (ContextHandler.java:doStart(781)) - Started o.e.j.s.ServletContextHandler@790ac3e0{/static,jar:file:/home/user/.m2/repository/org/apache/hadoop/hadoop-hdds-container-service/0.5.0-SNAPSHOT/hadoop-hdds-container-service-0.5.0-SNAPSHOT.jar!/webapps/static,AVAILABLE}
2019-09-05 19:07:52,127 [main] INFO  handler.ContextHandler (ContextHandler.java:doStart(781)) - Started o.e.j.w.WebAppContext@6c6928c{/,file:///tmp/jetty-0.0.0.0-36269-hddsDatanode-_-any-1321111806739980694.dir/webapp/,AVAILABLE}{/hddsDatanode}
2019-09-05 19:07:52,127 [main] INFO  server.AbstractConnector (AbstractConnector.java:doStart(278)) - Started ServerConnector@3c28181b{HTTP/1.1,[http/1.1]}{0.0.0.0:36269}
2019-09-05 19:07:52,128 [main] INFO  server.Server (Server.java:doStart(419)) - Started @656556ms
2019-09-05 19:07:52,129 [main] WARN  impl.MetricsSystemImpl (MetricsSystemImpl.java:register(276)) - Sink prometheus already exists!
2019-09-05 19:07:52,129 [main] INFO  server.BaseHttpServer (BaseHttpServer.java:updateConnectorAddress(215)) - HTTP server of HDDSDATANODE is listening at http://0.0.0.0:36269
2019-09-05 19:07:52,130 [main] INFO  impl.MetricsSystemImpl (MetricsSystemImpl.java:init(158)) - HddsDatanode metrics system started (again)
2019-09-05 19:07:52,132 [main] INFO  ozone.HddsDatanodeService (HddsDatanodeService.java:start(184)) - HddsDatanodeService host:pr-hdds-1982-decom-states-p4sss-1559755178 ip:192.168.36.80
2019-09-05 19:07:52,132 [org.apache.hadoop.util.JvmPauseMonitor$Monitor@4d645b1b] INFO  util.JvmPauseMonitor (JvmPauseMonitor.java:run(188)) - Starting JVM pause monitor
2019-09-05 19:07:52,134 [Datanode State Machine Thread - 0] INFO  datanode.InitDatanodeState (InitDatanodeState.java:persistContainerDatanodeDetails(140)) - DatanodeDetails is persisted to /workdir/hadoop-ozone/integration-test/target/test-dir/MiniOzoneClusterImpl-26321163-d00f-4eeb-b505-787cf25e09ba/datanode-0/meta/datanode.id
2019-09-05 19:07:52,138 [main] INFO  volume.HddsVolume (HddsVolume.java:<init>(176)) - Creating Volume: /workdir/hadoop-ozone/integration-test/target/test-dir/MiniOzoneClusterImpl-26321163-d00f-4eeb-b505-787cf25e09ba/datanode-1/data/containers/hdds of  storage type : DISK and capacity : 1482555576320
2019-09-05 19:07:52,138 [main] INFO  volume.VolumeSet (VolumeSet.java:initializeVolumeSet(170)) - Added Volume : /workdir/hadoop-ozone/integration-test/target/test-dir/MiniOzoneClusterImpl-26321163-d00f-4eeb-b505-787cf25e09ba/datanode-1/data/containers/hdds to VolumeSet
2019-09-05 19:07:52,139 [main] INFO  volume.ThrottledAsyncChecker (ThrottledAsyncChecker.java:schedule(140)) - Scheduling a check for org.apache.hadoop.ozone.container.common.volume.HddsVolume@61808ecd
2019-09-05 19:07:52,139 [main] INFO  volume.HddsVolumeChecker (HddsVolumeChecker.java:checkAllVolumes(203)) - Scheduled health check for volume org.apache.hadoop.ozone.container.common.volume.HddsVolume@61808ecd
2019-09-05 19:07:52,151 [main] INFO  impl.RaftServerProxy (ConfUtils.java:logGet(43)) - raft.rpc.type = GRPC (default)
2019-09-05 19:07:52,152 [main] INFO  grpc.GrpcFactory (GrpcFactory.java:checkPooledByteBufAllocatorUseCacheForAllThreads(45)) - PERFORMANCE WARNING: useCacheForAllThreads is true that may cause Netty to create a lot garbage objects and, as a result, trigger GC.
	It is recommended to disable useCacheForAllThreads by setting -Dorg.apache.ratis.thirdparty.io.netty.allocator.useCacheForAllThreads=false in command line.
2019-09-05 19:07:52,152 [main] INFO  grpc.GrpcConfigKeys$Server (ConfUtils.java:logGet(43)) - raft.grpc.server.port = 0 (default)
2019-09-05 19:07:52,152 [main] INFO  server.GrpcService (ConfUtils.java:logGet(43)) - raft.grpc.message.size.max = 33570816 (custom)
2019-09-05 19:07:52,152 [main] INFO  server.RaftServerConfigKeys (ConfUtils.java:logGet(43)) - raft.server.log.appender.buffer.byte-limit = 33554432 (custom)
2019-09-05 19:07:52,152 [main] INFO  server.GrpcService (ConfUtils.java:logGet(43)) - raft.grpc.flow.control.window = 1MB (=1048576) (default)
2019-09-05 19:07:52,153 [main] INFO  server.RaftServerConfigKeys (ConfUtils.java:logGet(43)) - raft.server.rpc.request.timeout = 3000ms (default)
2019-09-05 19:07:52,153 [main] INFO  server.RaftServerConfigKeys (ConfUtils.java:logGet(43)) - raft.server.storage.dir = [/workdir/hadoop-ozone/integration-test/target/test-dir/MiniOzoneClusterImpl-26321163-d00f-4eeb-b505-787cf25e09ba/datanode-1/data/ratis] (custom)
2019-09-05 19:07:52,154 [main] INFO  hdfs.DFSUtil (DFSUtil.java:httpServerTemplateForNNAndJN(1641)) - Starting Web-server for hddsDatanode at: http://0.0.0.0:0
2019-09-05 19:07:52,155 [main] INFO  server.AuthenticationFilter (AuthenticationFilter.java:constructSecretProvider(240)) - Unable to initialize FileSignerSecretProvider, falling back to use random secrets.
2019-09-05 19:07:52,155 [main] WARN  http.HttpRequestLog (HttpRequestLog.java:getRequestLog(97)) - Jetty request log can only be enabled using Log4j
2019-09-05 19:07:52,157 [main] INFO  http.HttpServer2 (HttpServer2.java:addGlobalFilter(975)) - Added global filter 'safety' (class=org.apache.hadoop.http.HttpServer2$QuotingInputFilter)
2019-09-05 19:07:52,157 [main] INFO  http.HttpServer2 (HttpServer2.java:addFilter(948)) - Added filter static_user_filter (class=org.apache.hadoop.http.lib.StaticUserWebFilter$StaticUserFilter) to context hddsDatanode
2019-09-05 19:07:52,157 [main] INFO  http.HttpServer2 (HttpServer2.java:addFilter(958)) - Added filter static_user_filter (class=org.apache.hadoop.http.lib.StaticUserWebFilter$StaticUserFilter) to context logs
2019-09-05 19:07:52,158 [main] INFO  http.HttpServer2 (HttpServer2.java:addFilter(958)) - Added filter static_user_filter (class=org.apache.hadoop.http.lib.StaticUserWebFilter$StaticUserFilter) to context static
2019-09-05 19:07:52,158 [main] INFO  http.HttpServer2 (HttpServer2.java:bindListener(1191)) - Jetty bound to port 44674
2019-09-05 19:07:52,158 [main] INFO  server.Server (Server.java:doStart(351)) - jetty-9.3.24.v20180605, build timestamp: 2018-06-05T17:11:56Z, git hash: 84205aa28f11a4f31f2a3b86d1bba2cc8ab69827
2019-09-05 19:07:52,160 [main] INFO  handler.ContextHandler (ContextHandler.java:doStart(781)) - Started o.e.j.s.ServletContextHandler@5b322873{/logs,file:///workdir/hadoop-ozone/integration-test/target/log,AVAILABLE}
2019-09-05 19:07:52,160 [main] INFO  handler.ContextHandler (ContextHandler.java:doStart(781)) - Started o.e.j.s.ServletContextHandler@7ad889be{/static,jar:file:/home/user/.m2/repository/org/apache/hadoop/hadoop-hdds-container-service/0.5.0-SNAPSHOT/hadoop-hdds-container-service-0.5.0-SNAPSHOT.jar!/webapps/static,AVAILABLE}
2019-09-05 19:07:52,194 [main] INFO  handler.ContextHandler (ContextHandler.java:doStart(781)) - Started o.e.j.w.WebAppContext@7e747037{/,file:///tmp/jetty-0.0.0.0-44674-hddsDatanode-_-any-3803569661155031450.dir/webapp/,AVAILABLE}{/hddsDatanode}
2019-09-05 19:07:52,194 [main] INFO  server.AbstractConnector (AbstractConnector.java:doStart(278)) - Started ServerConnector@4d0e1a9a{HTTP/1.1,[http/1.1]}{0.0.0.0:44674}
2019-09-05 19:07:52,196 [main] INFO  server.Server (Server.java:doStart(419)) - Started @656624ms
2019-09-05 19:07:52,196 [main] WARN  impl.MetricsSystemImpl (MetricsSystemImpl.java:register(276)) - Sink prometheus already exists!
2019-09-05 19:07:52,197 [main] INFO  server.BaseHttpServer (BaseHttpServer.java:updateConnectorAddress(215)) - HTTP server of HDDSDATANODE is listening at http://0.0.0.0:44674
2019-09-05 19:07:52,197 [main] INFO  impl.MetricsSystemImpl (MetricsSystemImpl.java:init(158)) - HddsDatanode metrics system started (again)
2019-09-05 19:07:52,200 [org.apache.hadoop.util.JvmPauseMonitor$Monitor@3022696d] INFO  util.JvmPauseMonitor (JvmPauseMonitor.java:run(188)) - Starting JVM pause monitor
2019-09-05 19:07:52,201 [main] INFO  ozone.HddsDatanodeService (HddsDatanodeService.java:start(184)) - HddsDatanodeService host:pr-hdds-1982-decom-states-p4sss-1559755178 ip:192.168.36.80
2019-09-05 19:07:52,201 [Datanode State Machine Thread - 0] INFO  datanode.InitDatanodeState (InitDatanodeState.java:persistContainerDatanodeDetails(140)) - DatanodeDetails is persisted to /workdir/hadoop-ozone/integration-test/target/test-dir/MiniOzoneClusterImpl-26321163-d00f-4eeb-b505-787cf25e09ba/datanode-1/meta/datanode.id
2019-09-05 19:07:52,207 [main] INFO  volume.HddsVolume (HddsVolume.java:<init>(176)) - Creating Volume: /workdir/hadoop-ozone/integration-test/target/test-dir/MiniOzoneClusterImpl-26321163-d00f-4eeb-b505-787cf25e09ba/datanode-2/data/containers/hdds of  storage type : DISK and capacity : 1482555576320
2019-09-05 19:07:52,207 [main] INFO  volume.VolumeSet (VolumeSet.java:initializeVolumeSet(170)) - Added Volume : /workdir/hadoop-ozone/integration-test/target/test-dir/MiniOzoneClusterImpl-26321163-d00f-4eeb-b505-787cf25e09ba/datanode-2/data/containers/hdds to VolumeSet
2019-09-05 19:07:52,207 [main] INFO  volume.ThrottledAsyncChecker (ThrottledAsyncChecker.java:schedule(140)) - Scheduling a check for org.apache.hadoop.ozone.container.common.volume.HddsVolume@3302035b
2019-09-05 19:07:52,208 [main] INFO  volume.HddsVolumeChecker (HddsVolumeChecker.java:checkAllVolumes(203)) - Scheduled health check for volume org.apache.hadoop.ozone.container.common.volume.HddsVolume@3302035b
2019-09-05 19:07:52,225 [main] INFO  impl.RaftServerProxy (ConfUtils.java:logGet(43)) - raft.rpc.type = GRPC (default)
2019-09-05 19:07:52,226 [main] INFO  grpc.GrpcFactory (GrpcFactory.java:checkPooledByteBufAllocatorUseCacheForAllThreads(45)) - PERFORMANCE WARNING: useCacheForAllThreads is true that may cause Netty to create a lot garbage objects and, as a result, trigger GC.
	It is recommended to disable useCacheForAllThreads by setting -Dorg.apache.ratis.thirdparty.io.netty.allocator.useCacheForAllThreads=false in command line.
2019-09-05 19:07:52,226 [main] INFO  grpc.GrpcConfigKeys$Server (ConfUtils.java:logGet(43)) - raft.grpc.server.port = 0 (default)
2019-09-05 19:07:52,226 [main] INFO  server.GrpcService (ConfUtils.java:logGet(43)) - raft.grpc.message.size.max = 33570816 (custom)
2019-09-05 19:07:52,226 [main] INFO  server.RaftServerConfigKeys (ConfUtils.java:logGet(43)) - raft.server.log.appender.buffer.byte-limit = 33554432 (custom)
2019-09-05 19:07:52,227 [main] INFO  server.GrpcService (ConfUtils.java:logGet(43)) - raft.grpc.flow.control.window = 1MB (=1048576) (default)
2019-09-05 19:07:52,227 [main] INFO  server.RaftServerConfigKeys (ConfUtils.java:logGet(43)) - raft.server.rpc.request.timeout = 3000ms (default)
2019-09-05 19:07:52,227 [main] INFO  server.RaftServerConfigKeys (ConfUtils.java:logGet(43)) - raft.server.storage.dir = [/workdir/hadoop-ozone/integration-test/target/test-dir/MiniOzoneClusterImpl-26321163-d00f-4eeb-b505-787cf25e09ba/datanode-2/data/ratis] (custom)
2019-09-05 19:07:52,229 [main] INFO  hdfs.DFSUtil (DFSUtil.java:httpServerTemplateForNNAndJN(1641)) - Starting Web-server for hddsDatanode at: http://0.0.0.0:0
2019-09-05 19:07:52,230 [main] INFO  server.AuthenticationFilter (AuthenticationFilter.java:constructSecretProvider(240)) - Unable to initialize FileSignerSecretProvider, falling back to use random secrets.
2019-09-05 19:07:52,231 [main] WARN  http.HttpRequestLog (HttpRequestLog.java:getRequestLog(97)) - Jetty request log can only be enabled using Log4j
2019-09-05 19:07:52,232 [main] INFO  http.HttpServer2 (HttpServer2.java:addGlobalFilter(975)) - Added global filter 'safety' (class=org.apache.hadoop.http.HttpServer2$QuotingInputFilter)
2019-09-05 19:07:52,233 [main] INFO  http.HttpServer2 (HttpServer2.java:addFilter(948)) - Added filter static_user_filter (class=org.apache.hadoop.http.lib.StaticUserWebFilter$StaticUserFilter) to context hddsDatanode
2019-09-05 19:07:52,233 [main] INFO  http.HttpServer2 (HttpServer2.java:addFilter(958)) - Added filter static_user_filter (class=org.apache.hadoop.http.lib.StaticUserWebFilter$StaticUserFilter) to context logs
2019-09-05 19:07:52,233 [main] INFO  http.HttpServer2 (HttpServer2.java:addFilter(958)) - Added filter static_user_filter (class=org.apache.hadoop.http.lib.StaticUserWebFilter$StaticUserFilter) to context static
2019-09-05 19:07:52,234 [main] INFO  http.HttpServer2 (HttpServer2.java:bindListener(1191)) - Jetty bound to port 38664
2019-09-05 19:07:52,234 [main] INFO  server.Server (Server.java:doStart(351)) - jetty-9.3.24.v20180605, build timestamp: 2018-06-05T17:11:56Z, git hash: 84205aa28f11a4f31f2a3b86d1bba2cc8ab69827
2019-09-05 19:07:52,236 [main] INFO  handler.ContextHandler (ContextHandler.java:doStart(781)) - Started o.e.j.s.ServletContextHandler@743bb39a{/logs,file:///workdir/hadoop-ozone/integration-test/target/log,AVAILABLE}
2019-09-05 19:07:52,236 [main] INFO  handler.ContextHandler (ContextHandler.java:doStart(781)) - Started o.e.j.s.ServletContextHandler@3f3c8b60{/static,jar:file:/home/user/.m2/repository/org/apache/hadoop/hadoop-hdds-container-service/0.5.0-SNAPSHOT/hadoop-hdds-container-service-0.5.0-SNAPSHOT.jar!/webapps/static,AVAILABLE}
2019-09-05 19:07:52,269 [main] INFO  handler.ContextHandler (ContextHandler.java:doStart(781)) - Started o.e.j.w.WebAppContext@43588265{/,file:///tmp/jetty-0.0.0.0-38664-hddsDatanode-_-any-7402501679386152317.dir/webapp/,AVAILABLE}{/hddsDatanode}
2019-09-05 19:07:52,269 [main] INFO  server.AbstractConnector (AbstractConnector.java:doStart(278)) - Started ServerConnector@6f8667bb{HTTP/1.1,[http/1.1]}{0.0.0.0:38664}
2019-09-05 19:07:52,270 [main] INFO  server.Server (Server.java:doStart(419)) - Started @656699ms
2019-09-05 19:07:52,271 [main] WARN  impl.MetricsSystemImpl (MetricsSystemImpl.java:register(276)) - Sink prometheus already exists!
2019-09-05 19:07:52,271 [main] INFO  server.BaseHttpServer (BaseHttpServer.java:updateConnectorAddress(215)) - HTTP server of HDDSDATANODE is listening at http://0.0.0.0:38664
2019-09-05 19:07:52,272 [main] INFO  impl.MetricsSystemImpl (MetricsSystemImpl.java:init(158)) - HddsDatanode metrics system started (again)
2019-09-05 19:07:52,276 [org.apache.hadoop.util.JvmPauseMonitor$Monitor@745879d9] INFO  util.JvmPauseMonitor (JvmPauseMonitor.java:run(188)) - Starting JVM pause monitor
2019-09-05 19:07:52,277 [Datanode State Machine Thread - 0] INFO  datanode.InitDatanodeState (InitDatanodeState.java:persistContainerDatanodeDetails(140)) - DatanodeDetails is persisted to /workdir/hadoop-ozone/integration-test/target/test-dir/MiniOzoneClusterImpl-26321163-d00f-4eeb-b505-787cf25e09ba/datanode-2/meta/datanode.id
2019-09-05 19:07:52,277 [main] INFO  ozone.HddsDatanodeService (HddsDatanodeService.java:start(184)) - HddsDatanodeService host:pr-hdds-1982-decom-states-p4sss-1559755178 ip:192.168.36.80
2019-09-05 19:07:52,285 [main] INFO  volume.HddsVolume (HddsVolume.java:<init>(176)) - Creating Volume: /workdir/hadoop-ozone/integration-test/target/test-dir/MiniOzoneClusterImpl-26321163-d00f-4eeb-b505-787cf25e09ba/datanode-3/data/containers/hdds of  storage type : DISK and capacity : 1482555576320
2019-09-05 19:07:52,285 [main] INFO  volume.VolumeSet (VolumeSet.java:initializeVolumeSet(170)) - Added Volume : /workdir/hadoop-ozone/integration-test/target/test-dir/MiniOzoneClusterImpl-26321163-d00f-4eeb-b505-787cf25e09ba/datanode-3/data/containers/hdds to VolumeSet
2019-09-05 19:07:52,285 [main] INFO  volume.ThrottledAsyncChecker (ThrottledAsyncChecker.java:schedule(140)) - Scheduling a check for org.apache.hadoop.ozone.container.common.volume.HddsVolume@20a1b3ae
2019-09-05 19:07:52,286 [main] INFO  volume.HddsVolumeChecker (HddsVolumeChecker.java:checkAllVolumes(203)) - Scheduled health check for volume org.apache.hadoop.ozone.container.common.volume.HddsVolume@20a1b3ae
2019-09-05 19:07:52,305 [main] INFO  impl.RaftServerProxy (ConfUtils.java:logGet(43)) - raft.rpc.type = GRPC (default)
2019-09-05 19:07:52,305 [main] INFO  grpc.GrpcFactory (GrpcFactory.java:checkPooledByteBufAllocatorUseCacheForAllThreads(45)) - PERFORMANCE WARNING: useCacheForAllThreads is true that may cause Netty to create a lot garbage objects and, as a result, trigger GC.
	It is recommended to disable useCacheForAllThreads by setting -Dorg.apache.ratis.thirdparty.io.netty.allocator.useCacheForAllThreads=false in command line.
2019-09-05 19:07:52,306 [main] INFO  grpc.GrpcConfigKeys$Server (ConfUtils.java:logGet(43)) - raft.grpc.server.port = 0 (default)
2019-09-05 19:07:52,306 [main] INFO  server.GrpcService (ConfUtils.java:logGet(43)) - raft.grpc.message.size.max = 33570816 (custom)
2019-09-05 19:07:52,306 [main] INFO  server.RaftServerConfigKeys (ConfUtils.java:logGet(43)) - raft.server.log.appender.buffer.byte-limit = 33554432 (custom)
2019-09-05 19:07:52,307 [main] INFO  server.GrpcService (ConfUtils.java:logGet(43)) - raft.grpc.flow.control.window = 1MB (=1048576) (default)
2019-09-05 19:07:52,307 [main] INFO  server.RaftServerConfigKeys (ConfUtils.java:logGet(43)) - raft.server.rpc.request.timeout = 3000ms (default)
2019-09-05 19:07:52,307 [main] INFO  server.RaftServerConfigKeys (ConfUtils.java:logGet(43)) - raft.server.storage.dir = [/workdir/hadoop-ozone/integration-test/target/test-dir/MiniOzoneClusterImpl-26321163-d00f-4eeb-b505-787cf25e09ba/datanode-3/data/ratis] (custom)
2019-09-05 19:07:52,309 [main] INFO  hdfs.DFSUtil (DFSUtil.java:httpServerTemplateForNNAndJN(1641)) - Starting Web-server for hddsDatanode at: http://0.0.0.0:0
2019-09-05 19:07:52,310 [main] INFO  server.AuthenticationFilter (AuthenticationFilter.java:constructSecretProvider(240)) - Unable to initialize FileSignerSecretProvider, falling back to use random secrets.
2019-09-05 19:07:52,311 [main] WARN  http.HttpRequestLog (HttpRequestLog.java:getRequestLog(97)) - Jetty request log can only be enabled using Log4j
2019-09-05 19:07:52,312 [main] INFO  http.HttpServer2 (HttpServer2.java:addGlobalFilter(975)) - Added global filter 'safety' (class=org.apache.hadoop.http.HttpServer2$QuotingInputFilter)
2019-09-05 19:07:52,313 [main] INFO  http.HttpServer2 (HttpServer2.java:addFilter(948)) - Added filter static_user_filter (class=org.apache.hadoop.http.lib.StaticUserWebFilter$StaticUserFilter) to context hddsDatanode
2019-09-05 19:07:52,313 [main] INFO  http.HttpServer2 (HttpServer2.java:addFilter(958)) - Added filter static_user_filter (class=org.apache.hadoop.http.lib.StaticUserWebFilter$StaticUserFilter) to context logs
2019-09-05 19:07:52,313 [main] INFO  http.HttpServer2 (HttpServer2.java:addFilter(958)) - Added filter static_user_filter (class=org.apache.hadoop.http.lib.StaticUserWebFilter$StaticUserFilter) to context static
2019-09-05 19:07:52,314 [main] INFO  http.HttpServer2 (HttpServer2.java:bindListener(1191)) - Jetty bound to port 33444
2019-09-05 19:07:52,314 [main] INFO  server.Server (Server.java:doStart(351)) - jetty-9.3.24.v20180605, build timestamp: 2018-06-05T17:11:56Z, git hash: 84205aa28f11a4f31f2a3b86d1bba2cc8ab69827
2019-09-05 19:07:52,316 [main] INFO  handler.ContextHandler (ContextHandler.java:doStart(781)) - Started o.e.j.s.ServletContextHandler@5f61e002{/logs,file:///workdir/hadoop-ozone/integration-test/target/log,AVAILABLE}
2019-09-05 19:07:52,316 [main] INFO  handler.ContextHandler (ContextHandler.java:doStart(781)) - Started o.e.j.s.ServletContextHandler@1f179f51{/static,jar:file:/home/user/.m2/repository/org/apache/hadoop/hadoop-hdds-container-service/0.5.0-SNAPSHOT/hadoop-hdds-container-service-0.5.0-SNAPSHOT.jar!/webapps/static,AVAILABLE}
2019-09-05 19:07:52,348 [main] INFO  handler.ContextHandler (ContextHandler.java:doStart(781)) - Started o.e.j.w.WebAppContext@2ba024cb{/,file:///tmp/jetty-0.0.0.0-33444-hddsDatanode-_-any-1871095207222754180.dir/webapp/,AVAILABLE}{/hddsDatanode}
2019-09-05 19:07:52,348 [main] INFO  server.AbstractConnector (AbstractConnector.java:doStart(278)) - Started ServerConnector@7af0d91b{HTTP/1.1,[http/1.1]}{0.0.0.0:33444}
2019-09-05 19:07:52,348 [main] INFO  server.Server (Server.java:doStart(419)) - Started @656777ms
2019-09-05 19:07:52,349 [main] WARN  impl.MetricsSystemImpl (MetricsSystemImpl.java:register(276)) - Sink prometheus already exists!
2019-09-05 19:07:52,350 [main] INFO  server.BaseHttpServer (BaseHttpServer.java:updateConnectorAddress(215)) - HTTP server of HDDSDATANODE is listening at http://0.0.0.0:33444
2019-09-05 19:07:52,350 [main] INFO  impl.MetricsSystemImpl (MetricsSystemImpl.java:init(158)) - HddsDatanode metrics system started (again)
2019-09-05 19:07:52,353 [main] INFO  ozone.HddsDatanodeService (HddsDatanodeService.java:start(184)) - HddsDatanodeService host:pr-hdds-1982-decom-states-p4sss-1559755178 ip:192.168.36.80
2019-09-05 19:07:52,353 [org.apache.hadoop.util.JvmPauseMonitor$Monitor@1059dfb] INFO  util.JvmPauseMonitor (JvmPauseMonitor.java:run(188)) - Starting JVM pause monitor
2019-09-05 19:07:52,355 [Datanode State Machine Thread - 0] INFO  datanode.InitDatanodeState (InitDatanodeState.java:persistContainerDatanodeDetails(140)) - DatanodeDetails is persisted to /workdir/hadoop-ozone/integration-test/target/test-dir/MiniOzoneClusterImpl-26321163-d00f-4eeb-b505-787cf25e09ba/datanode-3/meta/datanode.id
2019-09-05 19:07:52,360 [main] INFO  volume.HddsVolume (HddsVolume.java:<init>(176)) - Creating Volume: /workdir/hadoop-ozone/integration-test/target/test-dir/MiniOzoneClusterImpl-26321163-d00f-4eeb-b505-787cf25e09ba/datanode-4/data/containers/hdds of  storage type : DISK and capacity : 1482555576320
2019-09-05 19:07:52,360 [main] INFO  volume.VolumeSet (VolumeSet.java:initializeVolumeSet(170)) - Added Volume : /workdir/hadoop-ozone/integration-test/target/test-dir/MiniOzoneClusterImpl-26321163-d00f-4eeb-b505-787cf25e09ba/datanode-4/data/containers/hdds to VolumeSet
2019-09-05 19:07:52,360 [main] INFO  volume.ThrottledAsyncChecker (ThrottledAsyncChecker.java:schedule(140)) - Scheduling a check for org.apache.hadoop.ozone.container.common.volume.HddsVolume@446c8c72
2019-09-05 19:07:52,360 [main] INFO  volume.HddsVolumeChecker (HddsVolumeChecker.java:checkAllVolumes(203)) - Scheduled health check for volume org.apache.hadoop.ozone.container.common.volume.HddsVolume@446c8c72
2019-09-05 19:07:52,373 [main] INFO  impl.RaftServerProxy (ConfUtils.java:logGet(43)) - raft.rpc.type = GRPC (default)
2019-09-05 19:07:52,373 [main] INFO  grpc.GrpcFactory (GrpcFactory.java:checkPooledByteBufAllocatorUseCacheForAllThreads(45)) - PERFORMANCE WARNING: useCacheForAllThreads is true that may cause Netty to create a lot garbage objects and, as a result, trigger GC.
	It is recommended to disable useCacheForAllThreads by setting -Dorg.apache.ratis.thirdparty.io.netty.allocator.useCacheForAllThreads=false in command line.
2019-09-05 19:07:52,373 [main] INFO  grpc.GrpcConfigKeys$Server (ConfUtils.java:logGet(43)) - raft.grpc.server.port = 0 (default)
2019-09-05 19:07:52,374 [main] INFO  server.GrpcService (ConfUtils.java:logGet(43)) - raft.grpc.message.size.max = 33570816 (custom)
2019-09-05 19:07:52,374 [main] INFO  server.RaftServerConfigKeys (ConfUtils.java:logGet(43)) - raft.server.log.appender.buffer.byte-limit = 33554432 (custom)
2019-09-05 19:07:52,374 [main] INFO  server.GrpcService (ConfUtils.java:logGet(43)) - raft.grpc.flow.control.window = 1MB (=1048576) (default)
2019-09-05 19:07:52,374 [main] INFO  server.RaftServerConfigKeys (ConfUtils.java:logGet(43)) - raft.server.rpc.request.timeout = 3000ms (default)
2019-09-05 19:07:52,374 [main] INFO  server.RaftServerConfigKeys (ConfUtils.java:logGet(43)) - raft.server.storage.dir = [/workdir/hadoop-ozone/integration-test/target/test-dir/MiniOzoneClusterImpl-26321163-d00f-4eeb-b505-787cf25e09ba/datanode-4/data/ratis] (custom)
2019-09-05 19:07:52,375 [main] INFO  hdfs.DFSUtil (DFSUtil.java:httpServerTemplateForNNAndJN(1641)) - Starting Web-server for hddsDatanode at: http://0.0.0.0:0
2019-09-05 19:07:52,376 [main] INFO  server.AuthenticationFilter (AuthenticationFilter.java:constructSecretProvider(240)) - Unable to initialize FileSignerSecretProvider, falling back to use random secrets.
2019-09-05 19:07:52,377 [main] WARN  http.HttpRequestLog (HttpRequestLog.java:getRequestLog(97)) - Jetty request log can only be enabled using Log4j
2019-09-05 19:07:52,378 [main] INFO  http.HttpServer2 (HttpServer2.java:addGlobalFilter(975)) - Added global filter 'safety' (class=org.apache.hadoop.http.HttpServer2$QuotingInputFilter)
2019-09-05 19:07:52,378 [main] INFO  http.HttpServer2 (HttpServer2.java:addFilter(948)) - Added filter static_user_filter (class=org.apache.hadoop.http.lib.StaticUserWebFilter$StaticUserFilter) to context hddsDatanode
2019-09-05 19:07:52,379 [main] INFO  http.HttpServer2 (HttpServer2.java:addFilter(958)) - Added filter static_user_filter (class=org.apache.hadoop.http.lib.StaticUserWebFilter$StaticUserFilter) to context logs
2019-09-05 19:07:52,379 [main] INFO  http.HttpServer2 (HttpServer2.java:addFilter(958)) - Added filter static_user_filter (class=org.apache.hadoop.http.lib.StaticUserWebFilter$StaticUserFilter) to context static
2019-09-05 19:07:52,379 [main] INFO  http.HttpServer2 (HttpServer2.java:bindListener(1191)) - Jetty bound to port 44866
2019-09-05 19:07:52,379 [main] INFO  server.Server (Server.java:doStart(351)) - jetty-9.3.24.v20180605, build timestamp: 2018-06-05T17:11:56Z, git hash: 84205aa28f11a4f31f2a3b86d1bba2cc8ab69827
2019-09-05 19:07:52,381 [main] INFO  handler.ContextHandler (ContextHandler.java:doStart(781)) - Started o.e.j.s.ServletContextHandler@62058742{/logs,file:///workdir/hadoop-ozone/integration-test/target/log,AVAILABLE}
2019-09-05 19:07:52,381 [main] INFO  handler.ContextHandler (ContextHandler.java:doStart(781)) - Started o.e.j.s.ServletContextHandler@36df4c26{/static,jar:file:/home/user/.m2/repository/org/apache/hadoop/hadoop-hdds-container-service/0.5.0-SNAPSHOT/hadoop-hdds-container-service-0.5.0-SNAPSHOT.jar!/webapps/static,AVAILABLE}
2019-09-05 19:07:52,407 [main] INFO  handler.ContextHandler (ContextHandler.java:doStart(781)) - Started o.e.j.w.WebAppContext@559d19c{/,file:///tmp/jetty-0.0.0.0-44866-hddsDatanode-_-any-1370208144969529437.dir/webapp/,AVAILABLE}{/hddsDatanode}
2019-09-05 19:07:52,408 [main] INFO  server.AbstractConnector (AbstractConnector.java:doStart(278)) - Started ServerConnector@719c1faf{HTTP/1.1,[http/1.1]}{0.0.0.0:44866}
2019-09-05 19:07:52,408 [main] INFO  server.Server (Server.java:doStart(419)) - Started @656836ms
2019-09-05 19:07:52,409 [main] WARN  impl.MetricsSystemImpl (MetricsSystemImpl.java:register(276)) - Sink prometheus already exists!
2019-09-05 19:07:52,409 [main] INFO  server.BaseHttpServer (BaseHttpServer.java:updateConnectorAddress(215)) - HTTP server of HDDSDATANODE is listening at http://0.0.0.0:44866
2019-09-05 19:07:52,410 [main] INFO  impl.MetricsSystemImpl (MetricsSystemImpl.java:init(158)) - HddsDatanode metrics system started (again)
2019-09-05 19:07:52,413 [main] INFO  ozone.HddsDatanodeService (HddsDatanodeService.java:start(184)) - HddsDatanodeService host:pr-hdds-1982-decom-states-p4sss-1559755178 ip:192.168.36.80
2019-09-05 19:07:52,413 [org.apache.hadoop.util.JvmPauseMonitor$Monitor@48352082] INFO  util.JvmPauseMonitor (JvmPauseMonitor.java:run(188)) - Starting JVM pause monitor
2019-09-05 19:07:52,414 [Datanode State Machine Thread - 0] INFO  datanode.InitDatanodeState (InitDatanodeState.java:persistContainerDatanodeDetails(140)) - DatanodeDetails is persisted to /workdir/hadoop-ozone/integration-test/target/test-dir/MiniOzoneClusterImpl-26321163-d00f-4eeb-b505-787cf25e09ba/datanode-4/meta/datanode.id
2019-09-05 19:07:52,419 [main] INFO  volume.HddsVolume (HddsVolume.java:<init>(176)) - Creating Volume: /workdir/hadoop-ozone/integration-test/target/test-dir/MiniOzoneClusterImpl-26321163-d00f-4eeb-b505-787cf25e09ba/datanode-5/data/containers/hdds of  storage type : DISK and capacity : 1482555576320
2019-09-05 19:07:52,419 [main] INFO  volume.VolumeSet (VolumeSet.java:initializeVolumeSet(170)) - Added Volume : /workdir/hadoop-ozone/integration-test/target/test-dir/MiniOzoneClusterImpl-26321163-d00f-4eeb-b505-787cf25e09ba/datanode-5/data/containers/hdds to VolumeSet
2019-09-05 19:07:52,419 [main] INFO  volume.ThrottledAsyncChecker (ThrottledAsyncChecker.java:schedule(140)) - Scheduling a check for org.apache.hadoop.ozone.container.common.volume.HddsVolume@656ec00d
2019-09-05 19:07:52,420 [main] INFO  volume.HddsVolumeChecker (HddsVolumeChecker.java:checkAllVolumes(203)) - Scheduled health check for volume org.apache.hadoop.ozone.container.common.volume.HddsVolume@656ec00d
2019-09-05 19:07:52,432 [main] INFO  impl.RaftServerProxy (ConfUtils.java:logGet(43)) - raft.rpc.type = GRPC (default)
2019-09-05 19:07:52,432 [main] INFO  grpc.GrpcFactory (GrpcFactory.java:checkPooledByteBufAllocatorUseCacheForAllThreads(45)) - PERFORMANCE WARNING: useCacheForAllThreads is true that may cause Netty to create a lot garbage objects and, as a result, trigger GC.
	It is recommended to disable useCacheForAllThreads by setting -Dorg.apache.ratis.thirdparty.io.netty.allocator.useCacheForAllThreads=false in command line.
2019-09-05 19:07:52,433 [main] INFO  grpc.GrpcConfigKeys$Server (ConfUtils.java:logGet(43)) - raft.grpc.server.port = 0 (default)
2019-09-05 19:07:52,433 [main] INFO  server.GrpcService (ConfUtils.java:logGet(43)) - raft.grpc.message.size.max = 33570816 (custom)
2019-09-05 19:07:52,433 [main] INFO  server.RaftServerConfigKeys (ConfUtils.java:logGet(43)) - raft.server.log.appender.buffer.byte-limit = 33554432 (custom)
2019-09-05 19:07:52,433 [main] INFO  server.GrpcService (ConfUtils.java:logGet(43)) - raft.grpc.flow.control.window = 1MB (=1048576) (default)
2019-09-05 19:07:52,433 [main] INFO  server.RaftServerConfigKeys (ConfUtils.java:logGet(43)) - raft.server.rpc.request.timeout = 3000ms (default)
2019-09-05 19:07:52,434 [main] INFO  server.RaftServerConfigKeys (ConfUtils.java:logGet(43)) - raft.server.storage.dir = [/workdir/hadoop-ozone/integration-test/target/test-dir/MiniOzoneClusterImpl-26321163-d00f-4eeb-b505-787cf25e09ba/datanode-5/data/ratis] (custom)
2019-09-05 19:07:52,434 [main] INFO  hdfs.DFSUtil (DFSUtil.java:httpServerTemplateForNNAndJN(1641)) - Starting Web-server for hddsDatanode at: http://0.0.0.0:0
2019-09-05 19:07:52,435 [main] INFO  server.AuthenticationFilter (AuthenticationFilter.java:constructSecretProvider(240)) - Unable to initialize FileSignerSecretProvider, falling back to use random secrets.
2019-09-05 19:07:52,436 [main] WARN  http.HttpRequestLog (HttpRequestLog.java:getRequestLog(97)) - Jetty request log can only be enabled using Log4j
2019-09-05 19:07:52,437 [main] INFO  http.HttpServer2 (HttpServer2.java:addGlobalFilter(975)) - Added global filter 'safety' (class=org.apache.hadoop.http.HttpServer2$QuotingInputFilter)
2019-09-05 19:07:52,437 [main] INFO  http.HttpServer2 (HttpServer2.java:addFilter(948)) - Added filter static_user_filter (class=org.apache.hadoop.http.lib.StaticUserWebFilter$StaticUserFilter) to context hddsDatanode
2019-09-05 19:07:52,438 [main] INFO  http.HttpServer2 (HttpServer2.java:addFilter(958)) - Added filter static_user_filter (class=org.apache.hadoop.http.lib.StaticUserWebFilter$StaticUserFilter) to context logs
2019-09-05 19:07:52,438 [main] INFO  http.HttpServer2 (HttpServer2.java:addFilter(958)) - Added filter static_user_filter (class=org.apache.hadoop.http.lib.StaticUserWebFilter$StaticUserFilter) to context static
2019-09-05 19:07:52,438 [main] INFO  http.HttpServer2 (HttpServer2.java:bindListener(1191)) - Jetty bound to port 41126
2019-09-05 19:07:52,438 [main] INFO  server.Server (Server.java:doStart(351)) - jetty-9.3.24.v20180605, build timestamp: 2018-06-05T17:11:56Z, git hash: 84205aa28f11a4f31f2a3b86d1bba2cc8ab69827
2019-09-05 19:07:52,440 [main] INFO  handler.ContextHandler (ContextHandler.java:doStart(781)) - Started o.e.j.s.ServletContextHandler@4b07cad0{/logs,file:///workdir/hadoop-ozone/integration-test/target/log,AVAILABLE}
2019-09-05 19:07:52,440 [main] INFO  handler.ContextHandler (ContextHandler.java:doStart(781)) - Started o.e.j.s.ServletContextHandler@4e94669c{/static,jar:file:/home/user/.m2/repository/org/apache/hadoop/hadoop-hdds-container-service/0.5.0-SNAPSHOT/hadoop-hdds-container-service-0.5.0-SNAPSHOT.jar!/webapps/static,AVAILABLE}
2019-09-05 19:07:52,467 [main] INFO  handler.ContextHandler (ContextHandler.java:doStart(781)) - Started o.e.j.w.WebAppContext@21527b8{/,file:///tmp/jetty-0.0.0.0-41126-hddsDatanode-_-any-8327966192706977655.dir/webapp/,AVAILABLE}{/hddsDatanode}
2019-09-05 19:07:52,468 [main] INFO  server.AbstractConnector (AbstractConnector.java:doStart(278)) - Started ServerConnector@7cc1f72c{HTTP/1.1,[http/1.1]}{0.0.0.0:41126}
2019-09-05 19:07:52,468 [main] INFO  server.Server (Server.java:doStart(419)) - Started @656897ms
2019-09-05 19:07:52,469 [main] WARN  impl.MetricsSystemImpl (MetricsSystemImpl.java:register(276)) - Sink prometheus already exists!
2019-09-05 19:07:52,470 [main] INFO  server.BaseHttpServer (BaseHttpServer.java:updateConnectorAddress(215)) - HTTP server of HDDSDATANODE is listening at http://0.0.0.0:41126
2019-09-05 19:07:52,470 [main] INFO  impl.MetricsSystemImpl (MetricsSystemImpl.java:init(158)) - HddsDatanode metrics system started (again)
2019-09-05 19:07:52,475 [org.apache.hadoop.util.JvmPauseMonitor$Monitor@21b6ca] INFO  util.JvmPauseMonitor (JvmPauseMonitor.java:run(188)) - Starting JVM pause monitor
2019-09-05 19:07:52,475 [main] INFO  ozone.HddsDatanodeService (HddsDatanodeService.java:start(184)) - HddsDatanodeService host:pr-hdds-1982-decom-states-p4sss-1559755178 ip:192.168.36.80
2019-09-05 19:07:52,476 [Datanode State Machine Thread - 0] INFO  datanode.InitDatanodeState (InitDatanodeState.java:persistContainerDatanodeDetails(140)) - DatanodeDetails is persisted to /workdir/hadoop-ozone/integration-test/target/test-dir/MiniOzoneClusterImpl-26321163-d00f-4eeb-b505-787cf25e09ba/datanode-5/meta/datanode.id
2019-09-05 19:07:52,482 [main] INFO  volume.HddsVolume (HddsVolume.java:<init>(176)) - Creating Volume: /workdir/hadoop-ozone/integration-test/target/test-dir/MiniOzoneClusterImpl-26321163-d00f-4eeb-b505-787cf25e09ba/datanode-6/data/containers/hdds of  storage type : DISK and capacity : 1482555576320
2019-09-05 19:07:52,482 [main] INFO  volume.VolumeSet (VolumeSet.java:initializeVolumeSet(170)) - Added Volume : /workdir/hadoop-ozone/integration-test/target/test-dir/MiniOzoneClusterImpl-26321163-d00f-4eeb-b505-787cf25e09ba/datanode-6/data/containers/hdds to VolumeSet
2019-09-05 19:07:52,482 [main] INFO  volume.ThrottledAsyncChecker (ThrottledAsyncChecker.java:schedule(140)) - Scheduling a check for org.apache.hadoop.ozone.container.common.volume.HddsVolume@49cb5030
2019-09-05 19:07:52,483 [main] INFO  volume.HddsVolumeChecker (HddsVolumeChecker.java:checkAllVolumes(203)) - Scheduled health check for volume org.apache.hadoop.ozone.container.common.volume.HddsVolume@49cb5030
2019-09-05 19:07:52,499 [main] INFO  impl.RaftServerProxy (ConfUtils.java:logGet(43)) - raft.rpc.type = GRPC (default)
2019-09-05 19:07:52,499 [main] INFO  grpc.GrpcFactory (GrpcFactory.java:checkPooledByteBufAllocatorUseCacheForAllThreads(45)) - PERFORMANCE WARNING: useCacheForAllThreads is true that may cause Netty to create a lot garbage objects and, as a result, trigger GC.
	It is recommended to disable useCacheForAllThreads by setting -Dorg.apache.ratis.thirdparty.io.netty.allocator.useCacheForAllThreads=false in command line.
2019-09-05 19:07:52,499 [main] INFO  grpc.GrpcConfigKeys$Server (ConfUtils.java:logGet(43)) - raft.grpc.server.port = 0 (default)
2019-09-05 19:07:52,500 [main] INFO  server.GrpcService (ConfUtils.java:logGet(43)) - raft.grpc.message.size.max = 33570816 (custom)
2019-09-05 19:07:52,500 [main] INFO  server.RaftServerConfigKeys (ConfUtils.java:logGet(43)) - raft.server.log.appender.buffer.byte-limit = 33554432 (custom)
2019-09-05 19:07:52,500 [main] INFO  server.GrpcService (ConfUtils.java:logGet(43)) - raft.grpc.flow.control.window = 1MB (=1048576) (default)
2019-09-05 19:07:52,500 [main] INFO  server.RaftServerConfigKeys (ConfUtils.java:logGet(43)) - raft.server.rpc.request.timeout = 3000ms (default)
2019-09-05 19:07:52,501 [main] INFO  server.RaftServerConfigKeys (ConfUtils.java:logGet(43)) - raft.server.storage.dir = [/workdir/hadoop-ozone/integration-test/target/test-dir/MiniOzoneClusterImpl-26321163-d00f-4eeb-b505-787cf25e09ba/datanode-6/data/ratis] (custom)
2019-09-05 19:07:52,502 [main] INFO  hdfs.DFSUtil (DFSUtil.java:httpServerTemplateForNNAndJN(1641)) - Starting Web-server for hddsDatanode at: http://0.0.0.0:0
2019-09-05 19:07:52,504 [main] INFO  server.AuthenticationFilter (AuthenticationFilter.java:constructSecretProvider(240)) - Unable to initialize FileSignerSecretProvider, falling back to use random secrets.
2019-09-05 19:07:52,505 [main] WARN  http.HttpRequestLog (HttpRequestLog.java:getRequestLog(97)) - Jetty request log can only be enabled using Log4j
2019-09-05 19:07:52,507 [main] INFO  http.HttpServer2 (HttpServer2.java:addGlobalFilter(975)) - Added global filter 'safety' (class=org.apache.hadoop.http.HttpServer2$QuotingInputFilter)
2019-09-05 19:07:52,508 [main] INFO  http.HttpServer2 (HttpServer2.java:addFilter(948)) - Added filter static_user_filter (class=org.apache.hadoop.http.lib.StaticUserWebFilter$StaticUserFilter) to context hddsDatanode
2019-09-05 19:07:52,508 [main] INFO  http.HttpServer2 (HttpServer2.java:addFilter(958)) - Added filter static_user_filter (class=org.apache.hadoop.http.lib.StaticUserWebFilter$StaticUserFilter) to context static
2019-09-05 19:07:52,508 [main] INFO  http.HttpServer2 (HttpServer2.java:addFilter(958)) - Added filter static_user_filter (class=org.apache.hadoop.http.lib.StaticUserWebFilter$StaticUserFilter) to context logs
2019-09-05 19:07:52,509 [main] INFO  http.HttpServer2 (HttpServer2.java:bindListener(1191)) - Jetty bound to port 41445
2019-09-05 19:07:52,509 [main] INFO  server.Server (Server.java:doStart(351)) - jetty-9.3.24.v20180605, build timestamp: 2018-06-05T17:11:56Z, git hash: 84205aa28f11a4f31f2a3b86d1bba2cc8ab69827
2019-09-05 19:07:52,512 [main] INFO  handler.ContextHandler (ContextHandler.java:doStart(781)) - Started o.e.j.s.ServletContextHandler@4fd80300{/logs,file:///workdir/hadoop-ozone/integration-test/target/log,AVAILABLE}
2019-09-05 19:07:52,513 [main] INFO  handler.ContextHandler (ContextHandler.java:doStart(781)) - Started o.e.j.s.ServletContextHandler@64fdcf99{/static,jar:file:/home/user/.m2/repository/org/apache/hadoop/hadoop-hdds-container-service/0.5.0-SNAPSHOT/hadoop-hdds-container-service-0.5.0-SNAPSHOT.jar!/webapps/static,AVAILABLE}
2019-09-05 19:07:52,552 [main] INFO  handler.ContextHandler (ContextHandler.java:doStart(781)) - Started o.e.j.w.WebAppContext@5da57a64{/,file:///tmp/jetty-0.0.0.0-41445-hddsDatanode-_-any-4273295809580281310.dir/webapp/,AVAILABLE}{/hddsDatanode}
2019-09-05 19:07:52,552 [main] INFO  server.AbstractConnector (AbstractConnector.java:doStart(278)) - Started ServerConnector@5cdf221a{HTTP/1.1,[http/1.1]}{0.0.0.0:41445}
2019-09-05 19:07:52,554 [main] INFO  server.Server (Server.java:doStart(419)) - Started @656982ms
2019-09-05 19:07:52,554 [main] WARN  impl.MetricsSystemImpl (MetricsSystemImpl.java:register(276)) - Sink prometheus already exists!
2019-09-05 19:07:52,555 [main] INFO  server.BaseHttpServer (BaseHttpServer.java:updateConnectorAddress(215)) - HTTP server of HDDSDATANODE is listening at http://0.0.0.0:41445
2019-09-05 19:07:52,556 [main] INFO  ozone.MiniOzoneClusterImpl (MiniOzoneClusterImpl.java:lambda$waitForClusterToBeReady$0(140)) - Waiting for cluster to be ready. Got 0 of 7 DN Heartbeats.
2019-09-05 19:07:52,557 [org.apache.hadoop.util.JvmPauseMonitor$Monitor@78fea96a] INFO  util.JvmPauseMonitor (JvmPauseMonitor.java:run(188)) - Starting JVM pause monitor
2019-09-05 19:07:52,558 [Datanode State Machine Thread - 0] INFO  datanode.InitDatanodeState (InitDatanodeState.java:persistContainerDatanodeDetails(140)) - DatanodeDetails is persisted to /workdir/hadoop-ozone/integration-test/target/test-dir/MiniOzoneClusterImpl-26321163-d00f-4eeb-b505-787cf25e09ba/datanode-6/meta/datanode.id
2019-09-05 19:07:53,556 [main] INFO  ozone.MiniOzoneClusterImpl (MiniOzoneClusterImpl.java:lambda$waitForClusterToBeReady$0(140)) - Waiting for cluster to be ready. Got 0 of 7 DN Heartbeats.
2019-09-05 19:07:54,557 [main] INFO  ozone.MiniOzoneClusterImpl (MiniOzoneClusterImpl.java:lambda$waitForClusterToBeReady$0(140)) - Waiting for cluster to be ready. Got 0 of 7 DN Heartbeats.
2019-09-05 19:07:55,557 [main] INFO  ozone.MiniOzoneClusterImpl (MiniOzoneClusterImpl.java:lambda$waitForClusterToBeReady$0(140)) - Waiting for cluster to be ready. Got 0 of 7 DN Heartbeats.
2019-09-05 19:07:56,558 [main] INFO  ozone.MiniOzoneClusterImpl (MiniOzoneClusterImpl.java:lambda$waitForClusterToBeReady$0(140)) - Waiting for cluster to be ready. Got 0 of 7 DN Heartbeats.
2019-09-05 19:07:57,558 [main] INFO  ozone.MiniOzoneClusterImpl (MiniOzoneClusterImpl.java:lambda$waitForClusterToBeReady$0(140)) - Waiting for cluster to be ready. Got 0 of 7 DN Heartbeats.
2019-09-05 19:07:57,584 [Datanode State Machine Thread - 0] INFO  ozoneimpl.OzoneContainer (OzoneContainer.java:start(201)) - Attempting to start container services.
2019-09-05 19:07:57,584 [Datanode State Machine Thread - 0] INFO  ozoneimpl.OzoneContainer (OzoneContainer.java:start(201)) - Attempting to start container services.
2019-09-05 19:07:57,585 [Datanode State Machine Thread - 0] INFO  ozoneimpl.OzoneContainer (OzoneContainer.java:startContainerScrub(175)) - Background container scrubber has been disabled by hdds.containerscrub.enabled
2019-09-05 19:07:57,585 [Datanode State Machine Thread - 0] INFO  ozoneimpl.OzoneContainer (OzoneContainer.java:startContainerScrub(175)) - Background container scrubber has been disabled by hdds.containerscrub.enabled
2019-09-05 19:07:57,585 [Datanode State Machine Thread - 0] INFO  ratis.XceiverServerRatis (XceiverServerRatis.java:start(393)) - Starting XceiverServerRatis 7142a44a-bc07-45c6-a97e-fe6e3bd26a77 at port 0
2019-09-05 19:07:57,585 [Datanode State Machine Thread - 0] INFO  ratis.XceiverServerRatis (XceiverServerRatis.java:start(393)) - Starting XceiverServerRatis 1e7d6414-e17c-471c-bf93-9961b4eef5cf at port 0
2019-09-05 19:07:57,597 [Datanode State Machine Thread - 0] INFO  impl.RaftServerProxy (RaftServerProxy.java:lambda$start$3(299)) - 7142a44a-bc07-45c6-a97e-fe6e3bd26a77: start RPC server
2019-09-05 19:07:57,598 [Datanode State Machine Thread - 0] INFO  impl.RaftServerProxy (RaftServerProxy.java:lambda$start$3(299)) - 1e7d6414-e17c-471c-bf93-9961b4eef5cf: start RPC server
2019-09-05 19:07:57,599 [Datanode State Machine Thread - 0] INFO  server.GrpcService (GrpcService.java:startImpl(149)) - 7142a44a-bc07-45c6-a97e-fe6e3bd26a77: GrpcService started, listening on 0.0.0.0/0.0.0.0:40926
2019-09-05 19:07:57,601 [Datanode State Machine Thread - 0] INFO  server.GrpcService (GrpcService.java:startImpl(149)) - 1e7d6414-e17c-471c-bf93-9961b4eef5cf: GrpcService started, listening on 0.0.0.0/0.0.0.0:32917
2019-09-05 19:07:57,601 [Datanode State Machine Thread - 0] INFO  ratis.XceiverServerRatis (XceiverServerRatis.java:start(403)) - XceiverServerRatis 7142a44a-bc07-45c6-a97e-fe6e3bd26a77 is started using port 40926
2019-09-05 19:07:57,601 [Datanode State Machine Thread - 0] INFO  ratis.XceiverServerRatis (XceiverServerRatis.java:start(403)) - XceiverServerRatis 1e7d6414-e17c-471c-bf93-9961b4eef5cf is started using port 32917
2019-09-05 19:07:57,602 [Datanode State Machine Thread - 0] INFO  server.XceiverServerGrpc (XceiverServerGrpc.java:start(163)) - XceiverServerGrpc 7142a44a-bc07-45c6-a97e-fe6e3bd26a77 is started using port 46675
2019-09-05 19:07:57,602 [Datanode State Machine Thread - 0] INFO  server.XceiverServerGrpc (XceiverServerGrpc.java:start(163)) - XceiverServerGrpc 1e7d6414-e17c-471c-bf93-9961b4eef5cf is started using port 37262
2019-09-05 19:07:57,654 [Datanode State Machine Thread - 0] INFO  ozoneimpl.OzoneContainer (OzoneContainer.java:start(201)) - Attempting to start container services.
2019-09-05 19:07:57,654 [Datanode State Machine Thread - 0] INFO  ozoneimpl.OzoneContainer (OzoneContainer.java:start(201)) - Attempting to start container services.
2019-09-05 19:07:57,654 [Datanode State Machine Thread - 0] INFO  ozoneimpl.OzoneContainer (OzoneContainer.java:start(201)) - Attempting to start container services.
2019-09-05 19:07:57,654 [Datanode State Machine Thread - 0] INFO  ozoneimpl.OzoneContainer (OzoneContainer.java:start(201)) - Attempting to start container services.
2019-09-05 19:07:57,655 [Datanode State Machine Thread - 0] INFO  ozoneimpl.OzoneContainer (OzoneContainer.java:startContainerScrub(175)) - Background container scrubber has been disabled by hdds.containerscrub.enabled
2019-09-05 19:07:57,654 [Datanode State Machine Thread - 0] INFO  ozoneimpl.OzoneContainer (OzoneContainer.java:start(201)) - Attempting to start container services.
2019-09-05 19:07:57,655 [Datanode State Machine Thread - 0] INFO  ratis.XceiverServerRatis (XceiverServerRatis.java:start(393)) - Starting XceiverServerRatis beda15f8-b83a-4823-85ee-8c904ee61c2b at port 0
2019-09-05 19:07:57,655 [Datanode State Machine Thread - 0] INFO  ozoneimpl.OzoneContainer (OzoneContainer.java:startContainerScrub(175)) - Background container scrubber has been disabled by hdds.containerscrub.enabled
2019-09-05 19:07:57,654 [Datanode State Machine Thread - 0] INFO  ozoneimpl.OzoneContainer (OzoneContainer.java:startContainerScrub(175)) - Background container scrubber has been disabled by hdds.containerscrub.enabled
2019-09-05 19:07:57,654 [Datanode State Machine Thread - 0] INFO  ozoneimpl.OzoneContainer (OzoneContainer.java:startContainerScrub(175)) - Background container scrubber has been disabled by hdds.containerscrub.enabled
2019-09-05 19:07:57,656 [Datanode State Machine Thread - 0] INFO  ratis.XceiverServerRatis (XceiverServerRatis.java:start(393)) - Starting XceiverServerRatis a6f20ed7-6960-4d82-b055-3029b3e4a05b at port 0
2019-09-05 19:07:57,655 [Datanode State Machine Thread - 0] INFO  ratis.XceiverServerRatis (XceiverServerRatis.java:start(393)) - Starting XceiverServerRatis e16ed8f0-c555-42a1-afe4-d66b9853b0f1 at port 0
2019-09-05 19:07:57,655 [Datanode State Machine Thread - 0] INFO  ozoneimpl.OzoneContainer (OzoneContainer.java:startContainerScrub(175)) - Background container scrubber has been disabled by hdds.containerscrub.enabled
2019-09-05 19:07:57,656 [Datanode State Machine Thread - 0] INFO  ratis.XceiverServerRatis (XceiverServerRatis.java:start(393)) - Starting XceiverServerRatis c8d767ea-c04e-46f1-9df9-21a6292b5885 at port 0
2019-09-05 19:07:57,656 [Datanode State Machine Thread - 0] INFO  ratis.XceiverServerRatis (XceiverServerRatis.java:start(393)) - Starting XceiverServerRatis f543745a-0904-4953-8a38-fcef9bf68a3d at port 0
2019-09-05 19:07:57,681 [Datanode State Machine Thread - 0] INFO  impl.RaftServerProxy (RaftServerProxy.java:lambda$start$3(299)) - f543745a-0904-4953-8a38-fcef9bf68a3d: start RPC server
2019-09-05 19:07:57,682 [Datanode State Machine Thread - 0] INFO  server.GrpcService (GrpcService.java:startImpl(149)) - f543745a-0904-4953-8a38-fcef9bf68a3d: GrpcService started, listening on 0.0.0.0/0.0.0.0:35996
2019-09-05 19:07:57,682 [Datanode State Machine Thread - 0] INFO  ratis.XceiverServerRatis (XceiverServerRatis.java:start(403)) - XceiverServerRatis f543745a-0904-4953-8a38-fcef9bf68a3d is started using port 35996
2019-09-05 19:07:57,683 [Datanode State Machine Thread - 0] INFO  server.XceiverServerGrpc (XceiverServerGrpc.java:start(163)) - XceiverServerGrpc f543745a-0904-4953-8a38-fcef9bf68a3d is started using port 40983
2019-09-05 19:07:57,683 [Datanode State Machine Thread - 0] INFO  impl.RaftServerProxy (RaftServerProxy.java:lambda$start$3(299)) - c8d767ea-c04e-46f1-9df9-21a6292b5885: start RPC server
2019-09-05 19:07:57,684 [Datanode State Machine Thread - 0] INFO  server.GrpcService (GrpcService.java:startImpl(149)) - c8d767ea-c04e-46f1-9df9-21a6292b5885: GrpcService started, listening on 0.0.0.0/0.0.0.0:36176
2019-09-05 19:07:57,684 [Datanode State Machine Thread - 0] INFO  ratis.XceiverServerRatis (XceiverServerRatis.java:start(403)) - XceiverServerRatis c8d767ea-c04e-46f1-9df9-21a6292b5885 is started using port 36176
2019-09-05 19:07:57,684 [Datanode State Machine Thread - 0] INFO  server.XceiverServerGrpc (XceiverServerGrpc.java:start(163)) - XceiverServerGrpc c8d767ea-c04e-46f1-9df9-21a6292b5885 is started using port 35997
2019-09-05 19:07:57,688 [Datanode State Machine Thread - 0] INFO  impl.RaftServerProxy (RaftServerProxy.java:lambda$start$3(299)) - e16ed8f0-c555-42a1-afe4-d66b9853b0f1: start RPC server
2019-09-05 19:07:57,690 [Datanode State Machine Thread - 0] INFO  server.GrpcService (GrpcService.java:startImpl(149)) - e16ed8f0-c555-42a1-afe4-d66b9853b0f1: GrpcService started, listening on 0.0.0.0/0.0.0.0:46666
2019-09-05 19:07:57,690 [Datanode State Machine Thread - 0] INFO  ratis.XceiverServerRatis (XceiverServerRatis.java:start(403)) - XceiverServerRatis e16ed8f0-c555-42a1-afe4-d66b9853b0f1 is started using port 46666
2019-09-05 19:07:57,693 [Datanode State Machine Thread - 0] INFO  server.XceiverServerGrpc (XceiverServerGrpc.java:start(163)) - XceiverServerGrpc e16ed8f0-c555-42a1-afe4-d66b9853b0f1 is started using port 40367
2019-09-05 19:07:57,693 [Datanode State Machine Thread - 0] INFO  impl.RaftServerProxy (RaftServerProxy.java:lambda$start$3(299)) - beda15f8-b83a-4823-85ee-8c904ee61c2b: start RPC server
2019-09-05 19:07:57,703 [Datanode State Machine Thread - 0] INFO  server.GrpcService (GrpcService.java:startImpl(149)) - beda15f8-b83a-4823-85ee-8c904ee61c2b: GrpcService started, listening on 0.0.0.0/0.0.0.0:46867
2019-09-05 19:07:57,705 [Datanode State Machine Thread - 0] INFO  ratis.XceiverServerRatis (XceiverServerRatis.java:start(403)) - XceiverServerRatis beda15f8-b83a-4823-85ee-8c904ee61c2b is started using port 46867
2019-09-05 19:07:57,706 [Datanode State Machine Thread - 0] INFO  server.XceiverServerGrpc (XceiverServerGrpc.java:start(163)) - XceiverServerGrpc beda15f8-b83a-4823-85ee-8c904ee61c2b is started using port 44928
2019-09-05 19:07:57,708 [Datanode State Machine Thread - 0] INFO  impl.RaftServerProxy (RaftServerProxy.java:lambda$start$3(299)) - a6f20ed7-6960-4d82-b055-3029b3e4a05b: start RPC server
2019-09-05 19:07:57,710 [Datanode State Machine Thread - 0] INFO  server.GrpcService (GrpcService.java:startImpl(149)) - a6f20ed7-6960-4d82-b055-3029b3e4a05b: GrpcService started, listening on 0.0.0.0/0.0.0.0:46205
2019-09-05 19:07:57,710 [Datanode State Machine Thread - 0] INFO  ratis.XceiverServerRatis (XceiverServerRatis.java:start(403)) - XceiverServerRatis a6f20ed7-6960-4d82-b055-3029b3e4a05b is started using port 46205
2019-09-05 19:07:57,710 [Datanode State Machine Thread - 0] INFO  server.XceiverServerGrpc (XceiverServerGrpc.java:start(163)) - XceiverServerGrpc a6f20ed7-6960-4d82-b055-3029b3e4a05b is started using port 34030
2019-09-05 19:07:58,141 [IPC Server handler 2 on 33925] INFO  net.NetworkTopology (NetworkTopologyImpl.java:add(110)) - Added a new node: /default-rack/1e7d6414-e17c-471c-bf93-9961b4eef5cf
2019-09-05 19:07:58,144 [IPC Server handler 2 on 33925] INFO  node.SCMNodeManager (SCMNodeManager.java:register(271)) - Registered Data node : 1e7d6414-e17c-471c-bf93-9961b4eef5cf{ip: 192.168.36.80, host: pr-hdds-1982-decom-states-p4sss-1559755178, networkLocation: /default-rack, certSerialId: null}
2019-09-05 19:07:58,145 [EventQueue-NodeRegistrationContainerReportForDataNodeSafeModeRule] INFO  safemode.SCMSafeModeManager (DataNodeSafeModeRule.java:process(71)) - SCM in safe mode. 1 DataNodes registered, 1 required.
2019-09-05 19:07:58,147 [EventQueue-NodeRegistrationContainerReportForDataNodeSafeModeRule] INFO  safemode.SCMSafeModeManager (SCMSafeModeManager.java:validateSafeModeExitRules(177)) - ScmSafeModeManager, all rules are successfully validated
2019-09-05 19:07:58,147 [EventQueue-NodeRegistrationContainerReportForDataNodeSafeModeRule] INFO  safemode.SCMSafeModeManager (SCMSafeModeManager.java:exitSafeMode(193)) - SCM exiting safe mode.
2019-09-05 19:07:58,154 [grpc-default-executor-7] INFO  impl.RaftServerProxy (RaftServerProxy.java:addNew(89)) - 1e7d6414-e17c-471c-bf93-9961b4eef5cf: addNew group-1C0D2ED72355:[1e7d6414-e17c-471c-bf93-9961b4eef5cf:192.168.36.80:32917] returns group-1C0D2ED72355:java.util.concurrent.CompletableFuture@222f5a76[Not completed]
2019-09-05 19:07:58,156 [pool-589-thread-1] INFO  impl.RaftServerImpl (RaftServerImpl.java:<init>(93)) - 1e7d6414-e17c-471c-bf93-9961b4eef5cf: new RaftServerImpl for group-1C0D2ED72355:[1e7d6414-e17c-471c-bf93-9961b4eef5cf:192.168.36.80:32917] with ContainerStateMachine:uninitialized
2019-09-05 19:07:58,157 [pool-589-thread-1] INFO  server.RaftServerConfigKeys (ConfUtils.java:logGet(43)) - raft.server.rpc.timeout.min = 5s (custom)
2019-09-05 19:07:58,157 [pool-589-thread-1] INFO  server.RaftServerConfigKeys (ConfUtils.java:logGet(43)) - raft.server.rpc.timeout.max = 5200ms (custom)
2019-09-05 19:07:58,157 [pool-589-thread-1] INFO  server.RaftServerConfigKeys (ConfUtils.java:logGet(43)) - raft.server.rpcslowness.timeout = 120s (custom)
2019-09-05 19:07:58,157 [pool-589-thread-1] INFO  server.RaftServerConfigKeys (ConfUtils.java:logGet(43)) - raft.server.sleep.deviation.threshold = 300 (default)
2019-09-05 19:07:58,157 [pool-589-thread-1] INFO  server.RaftServerConfigKeys (ConfUtils.java:logGet(43)) - raft.server.log.appender.install.snapshot.enabled = false (custom)
2019-09-05 19:07:58,158 [pool-589-thread-1] INFO  impl.RaftServerImpl (ServerState.java:<init>(105)) - 1e7d6414-e17c-471c-bf93-9961b4eef5cf:group-1C0D2ED72355 ConfigurationManager, init=-1: [1e7d6414-e17c-471c-bf93-9961b4eef5cf:192.168.36.80:32917], old=null, confs=<EMPTY_MAP>
2019-09-05 19:07:58,158 [pool-589-thread-1] INFO  server.RaftServerConfigKeys (ConfUtils.java:logGet(43)) - raft.server.storage.dir = [/workdir/hadoop-ozone/integration-test/target/test-dir/MiniOzoneClusterImpl-26321163-d00f-4eeb-b505-787cf25e09ba/datanode-0/data/ratis] (custom)
2019-09-05 19:07:58,158 [pool-589-thread-1] INFO  storage.RaftStorageDirectory (RaftStorageDirectory.java:analyzeStorage(246)) - The storage directory /workdir/hadoop-ozone/integration-test/target/test-dir/MiniOzoneClusterImpl-26321163-d00f-4eeb-b505-787cf25e09ba/datanode-0/data/ratis/c7ab9156-3fda-407b-aec2-1c0d2ed72355 does not exist. Creating ...
2019-09-05 19:07:58,205 [IPC Server handler 3 on 33925] INFO  net.NetworkTopology (NetworkTopologyImpl.java:add(110)) - Added a new node: /default-rack/7142a44a-bc07-45c6-a97e-fe6e3bd26a77
2019-09-05 19:07:58,206 [IPC Server handler 3 on 33925] INFO  node.SCMNodeManager (SCMNodeManager.java:register(271)) - Registered Data node : 7142a44a-bc07-45c6-a97e-fe6e3bd26a77{ip: 192.168.36.80, host: pr-hdds-1982-decom-states-p4sss-1559755178, networkLocation: /default-rack, certSerialId: null}
2019-09-05 19:07:58,281 [IPC Server handler 4 on 33925] INFO  net.NetworkTopology (NetworkTopologyImpl.java:add(110)) - Added a new node: /default-rack/beda15f8-b83a-4823-85ee-8c904ee61c2b
2019-09-05 19:07:58,281 [IPC Server handler 4 on 33925] INFO  node.SCMNodeManager (SCMNodeManager.java:register(271)) - Registered Data node : beda15f8-b83a-4823-85ee-8c904ee61c2b{ip: 192.168.36.80, host: pr-hdds-1982-decom-states-p4sss-1559755178, networkLocation: /default-rack, certSerialId: null}
2019-09-05 19:07:58,357 [IPC Server handler 1 on 33925] INFO  net.NetworkTopology (NetworkTopologyImpl.java:add(110)) - Added a new node: /default-rack/c8d767ea-c04e-46f1-9df9-21a6292b5885
2019-09-05 19:07:58,357 [IPC Server handler 1 on 33925] INFO  node.SCMNodeManager (SCMNodeManager.java:register(271)) - Registered Data node : c8d767ea-c04e-46f1-9df9-21a6292b5885{ip: 192.168.36.80, host: pr-hdds-1982-decom-states-p4sss-1559755178, networkLocation: /default-rack, certSerialId: null}
2019-09-05 19:07:58,417 [IPC Server handler 5 on 33925] INFO  net.NetworkTopology (NetworkTopologyImpl.java:add(110)) - Added a new node: /default-rack/e16ed8f0-c555-42a1-afe4-d66b9853b0f1
2019-09-05 19:07:58,417 [IPC Server handler 5 on 33925] INFO  node.SCMNodeManager (SCMNodeManager.java:register(271)) - Registered Data node : e16ed8f0-c555-42a1-afe4-d66b9853b0f1{ip: 192.168.36.80, host: pr-hdds-1982-decom-states-p4sss-1559755178, networkLocation: /default-rack, certSerialId: null}
2019-09-05 19:07:58,480 [IPC Server handler 6 on 33925] INFO  net.NetworkTopology (NetworkTopologyImpl.java:add(110)) - Added a new node: /default-rack/f543745a-0904-4953-8a38-fcef9bf68a3d
2019-09-05 19:07:58,480 [IPC Server handler 6 on 33925] INFO  node.SCMNodeManager (SCMNodeManager.java:register(271)) - Registered Data node : f543745a-0904-4953-8a38-fcef9bf68a3d{ip: 192.168.36.80, host: pr-hdds-1982-decom-states-p4sss-1559755178, networkLocation: /default-rack, certSerialId: null}
2019-09-05 19:07:58,561 [main] INFO  ozone.MiniOzoneClusterImpl (MiniOzoneClusterImpl.java:lambda$waitForClusterToBeReady$0(140)) - Waiting for cluster to be ready. Got 6 of 7 DN Heartbeats.
2019-09-05 19:07:58,563 [IPC Server handler 2 on 33925] INFO  net.NetworkTopology (NetworkTopologyImpl.java:add(110)) - Added a new node: /default-rack/a6f20ed7-6960-4d82-b055-3029b3e4a05b
2019-09-05 19:07:58,563 [IPC Server handler 2 on 33925] INFO  node.SCMNodeManager (SCMNodeManager.java:register(271)) - Registered Data node : a6f20ed7-6960-4d82-b055-3029b3e4a05b{ip: 192.168.36.80, host: pr-hdds-1982-decom-states-p4sss-1559755178, networkLocation: /default-rack, certSerialId: null}
2019-09-05 19:07:59,561 [main] INFO  ozone.MiniOzoneClusterImpl (MiniOzoneClusterImpl.java:lambda$waitForClusterToBeReady$0(140)) - Cluster is ready. Got 7 of 7 DN Heartbeats.
2019-09-05 19:07:59,604 [main] INFO  rpc.RpcClient (RpcClient.java:createVolume(293)) - Creating Volume: testblockoutputstream, with jenkins1000 as owner.
2019-09-05 19:07:59,610 [IPC Server handler 0 on 45601] INFO  volume.OMVolumeCreateRequest (OMVolumeCreateRequest.java:validateAndUpdateCache(189)) - created volume:testblockoutputstream for user:jenkins1000
2019-09-05 19:07:59,623 [main] INFO  rpc.RpcClient (RpcClient.java:createBucket(432)) - Creating Bucket: testblockoutputstream/testblockoutputstream, with Versioning false and Storage Type set to DISK and Encryption set to false 
2019-09-05 19:08:00,122 [pool-589-thread-1] INFO  storage.RaftStorageDirectory (RaftStorageDirectory.java:tryLock(328)) - Lock on /workdir/hadoop-ozone/integration-test/target/test-dir/MiniOzoneClusterImpl-26321163-d00f-4eeb-b505-787cf25e09ba/datanode-0/data/ratis/c7ab9156-3fda-407b-aec2-1c0d2ed72355/in_use.lock acquired by nodename 23431@pr-hdds-1982-decom-states-p4sss-1559755178
2019-09-05 19:08:01,149 [Thread-4206] INFO  container.ReplicationManager (ReplicationManager.java:start(162)) - Starting Replication Monitor Thread.
2019-09-05 19:08:01,153 [ReplicationMonitor] INFO  container.ReplicationManager (ReplicationManager.java:run(225)) - Replication Monitor Thread took 0 milliseconds for processing 0 containers.
2019-09-05 19:08:01,155 [RATISCREATEPIPELINE1] ERROR pipeline.RatisPipelineProvider (RatisPipelineProvider.java:lambda$null$5(236)) - Failed invoke Ratis rpc org.apache.hadoop.hdds.scm.pipeline.RatisPipelineProvider$$Lambda$180/1197144987@403be668 for 1e7d6414-e17c-471c-bf93-9961b4eef5cf
org.apache.ratis.protocol.TimeoutIOException: deadline exceeded after 2999804148ns
	at org.apache.ratis.grpc.GrpcUtil.tryUnwrapException(GrpcUtil.java:82)
	at org.apache.ratis.grpc.GrpcUtil.unwrapException(GrpcUtil.java:75)
	at org.apache.ratis.grpc.client.GrpcClientProtocolClient.blockingCall(GrpcClientProtocolClient.java:169)
	at org.apache.ratis.grpc.client.GrpcClientProtocolClient.groupAdd(GrpcClientProtocolClient.java:138)
	at org.apache.ratis.grpc.client.GrpcClientRpc.sendRequest(GrpcClientRpc.java:94)
	at org.apache.ratis.client.impl.RaftClientImpl.sendRequest(RaftClientImpl.java:279)
	at org.apache.ratis.client.impl.RaftClientImpl.groupAdd(RaftClientImpl.java:206)
	at org.apache.hadoop.hdds.scm.pipeline.RatisPipelineProvider.lambda$initializePipeline$4(RatisPipelineProvider.java:195)
	at org.apache.hadoop.hdds.scm.pipeline.RatisPipelineProvider.lambda$null$5(RatisPipelineProvider.java:232)
	at java.util.stream.ForEachOps$ForEachOp$OfRef.accept(ForEachOps.java:184)
	at java.util.ArrayList$ArrayListSpliterator.forEachRemaining(ArrayList.java:1382)
	at java.util.stream.AbstractPipeline.copyInto(AbstractPipeline.java:482)
	at java.util.stream.ForEachOps$ForEachTask.compute(ForEachOps.java:291)
	at java.util.concurrent.CountedCompleter.exec(CountedCompleter.java:731)
	at java.util.concurrent.ForkJoinTask.doExec(ForkJoinTask.java:289)
	at java.util.concurrent.ForkJoinTask.doInvoke(ForkJoinTask.java:401)
	at java.util.concurrent.ForkJoinTask.invoke(ForkJoinTask.java:734)
	at java.util.stream.ForEachOps$ForEachOp.evaluateParallel(ForEachOps.java:160)
	at java.util.stream.ForEachOps$ForEachOp$OfRef.evaluateParallel(ForEachOps.java:174)
	at java.util.stream.AbstractPipeline.evaluate(AbstractPipeline.java:233)
	at java.util.stream.ReferencePipeline.forEach(ReferencePipeline.java:418)
	at java.util.stream.ReferencePipeline$Head.forEach(ReferencePipeline.java:583)
	at org.apache.hadoop.hdds.scm.pipeline.RatisPipelineProvider.lambda$callRatisRpc$6(RatisPipelineProvider.java:226)
	at java.util.concurrent.ForkJoinTask$AdaptedRunnableAction.exec(ForkJoinTask.java:1386)
	at java.util.concurrent.ForkJoinTask.doExec(ForkJoinTask.java:289)
	at java.util.concurrent.ForkJoinPool$WorkQueue.runTask(ForkJoinPool.java:1056)
	at java.util.concurrent.ForkJoinPool.runWorker(ForkJoinPool.java:1692)
	at java.util.concurrent.ForkJoinWorkerThread.run(ForkJoinWorkerThread.java:157)
Caused by: org.apache.ratis.thirdparty.io.grpc.StatusRuntimeException: DEADLINE_EXCEEDED: deadline exceeded after 2999804148ns
	at org.apache.ratis.thirdparty.io.grpc.stub.ClientCalls.toStatusRuntimeException(ClientCalls.java:233)
	at org.apache.ratis.thirdparty.io.grpc.stub.ClientCalls.getUnchecked(ClientCalls.java:214)
	at org.apache.ratis.thirdparty.io.grpc.stub.ClientCalls.blockingUnaryCall(ClientCalls.java:139)
	at org.apache.ratis.proto.grpc.AdminProtocolServiceGrpc$AdminProtocolServiceBlockingStub.groupManagement(AdminProtocolServiceGrpc.java:274)
	at org.apache.ratis.grpc.client.GrpcClientProtocolClient.lambda$groupAdd$3(GrpcClientProtocolClient.java:140)
	at org.apache.ratis.grpc.client.GrpcClientProtocolClient.blockingCall(GrpcClientProtocolClient.java:167)
	... 25 more
2019-09-05 19:08:01,176 [grpc-default-executor-15] INFO  impl.RaftServerProxy (RaftServerProxy.java:addNew(89)) - f543745a-0904-4953-8a38-fcef9bf68a3d: addNew group-5E75083C8BD9:[f543745a-0904-4953-8a38-fcef9bf68a3d:192.168.36.80:35996, c8d767ea-c04e-46f1-9df9-21a6292b5885:192.168.36.80:36176, a6f20ed7-6960-4d82-b055-3029b3e4a05b:192.168.36.80:46205] returns group-5E75083C8BD9:java.util.concurrent.CompletableFuture@41e05b64[Not completed]
2019-09-05 19:08:01,176 [grpc-default-executor-7] INFO  impl.RaftServerProxy (RaftServerProxy.java:addNew(89)) - a6f20ed7-6960-4d82-b055-3029b3e4a05b: addNew group-5E75083C8BD9:[f543745a-0904-4953-8a38-fcef9bf68a3d:192.168.36.80:35996, c8d767ea-c04e-46f1-9df9-21a6292b5885:192.168.36.80:36176, a6f20ed7-6960-4d82-b055-3029b3e4a05b:192.168.36.80:46205] returns group-5E75083C8BD9:java.util.concurrent.CompletableFuture@322dbbbc[Not completed]
2019-09-05 19:08:01,176 [grpc-default-executor-14] INFO  impl.RaftServerProxy (RaftServerProxy.java:addNew(89)) - c8d767ea-c04e-46f1-9df9-21a6292b5885: addNew group-5E75083C8BD9:[f543745a-0904-4953-8a38-fcef9bf68a3d:192.168.36.80:35996, c8d767ea-c04e-46f1-9df9-21a6292b5885:192.168.36.80:36176, a6f20ed7-6960-4d82-b055-3029b3e4a05b:192.168.36.80:46205] returns group-5E75083C8BD9:java.util.concurrent.CompletableFuture@5853b1c7[Not completed]
2019-09-05 19:08:01,178 [pool-619-thread-1] INFO  impl.RaftServerImpl (RaftServerImpl.java:<init>(93)) - c8d767ea-c04e-46f1-9df9-21a6292b5885: new RaftServerImpl for group-5E75083C8BD9:[f543745a-0904-4953-8a38-fcef9bf68a3d:192.168.36.80:35996, c8d767ea-c04e-46f1-9df9-21a6292b5885:192.168.36.80:36176, a6f20ed7-6960-4d82-b055-3029b3e4a05b:192.168.36.80:46205] with ContainerStateMachine:uninitialized
2019-09-05 19:08:01,178 [pool-619-thread-1] INFO  server.RaftServerConfigKeys (ConfUtils.java:logGet(43)) - raft.server.rpc.timeout.min = 5s (custom)
2019-09-05 19:08:01,178 [pool-619-thread-1] INFO  server.RaftServerConfigKeys (ConfUtils.java:logGet(43)) - raft.server.rpc.timeout.max = 5200ms (custom)
2019-09-05 19:08:01,178 [pool-619-thread-1] INFO  server.RaftServerConfigKeys (ConfUtils.java:logGet(43)) - raft.server.rpcslowness.timeout = 120s (custom)
2019-09-05 19:08:01,178 [pool-619-thread-1] INFO  server.RaftServerConfigKeys (ConfUtils.java:logGet(43)) - raft.server.sleep.deviation.threshold = 300 (default)
2019-09-05 19:08:01,396 [pool-619-thread-1] INFO  server.RaftServerConfigKeys (ConfUtils.java:logGet(43)) - raft.server.log.appender.install.snapshot.enabled = false (custom)
2019-09-05 19:08:01,405 [pool-649-thread-1] INFO  impl.RaftServerImpl (RaftServerImpl.java:<init>(93)) - a6f20ed7-6960-4d82-b055-3029b3e4a05b: new RaftServerImpl for group-5E75083C8BD9:[f543745a-0904-4953-8a38-fcef9bf68a3d:192.168.36.80:35996, c8d767ea-c04e-46f1-9df9-21a6292b5885:192.168.36.80:36176, a6f20ed7-6960-4d82-b055-3029b3e4a05b:192.168.36.80:46205] with ContainerStateMachine:uninitialized
2019-09-05 19:08:01,414 [pool-619-thread-1] INFO  impl.RaftServerImpl (ServerState.java:<init>(105)) - c8d767ea-c04e-46f1-9df9-21a6292b5885:group-5E75083C8BD9 ConfigurationManager, init=-1: [f543745a-0904-4953-8a38-fcef9bf68a3d:192.168.36.80:35996, c8d767ea-c04e-46f1-9df9-21a6292b5885:192.168.36.80:36176, a6f20ed7-6960-4d82-b055-3029b3e4a05b:192.168.36.80:46205], old=null, confs=<EMPTY_MAP>
2019-09-05 19:08:01,422 [pool-649-thread-1] INFO  server.RaftServerConfigKeys (ConfUtils.java:logGet(43)) - raft.server.rpc.timeout.min = 5s (custom)
2019-09-05 19:08:01,426 [pool-649-thread-1] INFO  server.RaftServerConfigKeys (ConfUtils.java:logGet(43)) - raft.server.rpc.timeout.max = 5200ms (custom)
2019-09-05 19:08:01,434 [pool-649-thread-1] INFO  server.RaftServerConfigKeys (ConfUtils.java:logGet(43)) - raft.server.rpcslowness.timeout = 120s (custom)
2019-09-05 19:08:01,439 [pool-649-thread-1] INFO  server.RaftServerConfigKeys (ConfUtils.java:logGet(43)) - raft.server.sleep.deviation.threshold = 300 (default)
2019-09-05 19:08:01,444 [pool-619-thread-1] INFO  server.RaftServerConfigKeys (ConfUtils.java:logGet(43)) - raft.server.storage.dir = [/workdir/hadoop-ozone/integration-test/target/test-dir/MiniOzoneClusterImpl-26321163-d00f-4eeb-b505-787cf25e09ba/datanode-3/data/ratis] (custom)
2019-09-05 19:08:01,444 [pool-649-thread-1] INFO  server.RaftServerConfigKeys (ConfUtils.java:logGet(43)) - raft.server.log.appender.install.snapshot.enabled = false (custom)
2019-09-05 19:08:01,451 [pool-649-thread-1] INFO  impl.RaftServerImpl (ServerState.java:<init>(105)) - a6f20ed7-6960-4d82-b055-3029b3e4a05b:group-5E75083C8BD9 ConfigurationManager, init=-1: [f543745a-0904-4953-8a38-fcef9bf68a3d:192.168.36.80:35996, c8d767ea-c04e-46f1-9df9-21a6292b5885:192.168.36.80:36176, a6f20ed7-6960-4d82-b055-3029b3e4a05b:192.168.36.80:46205], old=null, confs=<EMPTY_MAP>
2019-09-05 19:08:01,451 [pool-649-thread-1] INFO  server.RaftServerConfigKeys (ConfUtils.java:logGet(43)) - raft.server.storage.dir = [/workdir/hadoop-ozone/integration-test/target/test-dir/MiniOzoneClusterImpl-26321163-d00f-4eeb-b505-787cf25e09ba/datanode-6/data/ratis] (custom)
2019-09-05 19:08:01,499 [pool-639-thread-1] INFO  impl.RaftServerImpl (RaftServerImpl.java:<init>(93)) - f543745a-0904-4953-8a38-fcef9bf68a3d: new RaftServerImpl for group-5E75083C8BD9:[f543745a-0904-4953-8a38-fcef9bf68a3d:192.168.36.80:35996, c8d767ea-c04e-46f1-9df9-21a6292b5885:192.168.36.80:36176, a6f20ed7-6960-4d82-b055-3029b3e4a05b:192.168.36.80:46205] with ContainerStateMachine:uninitialized
2019-09-05 19:08:01,505 [pool-649-thread-1] INFO  storage.RaftStorageDirectory (RaftStorageDirectory.java:analyzeStorage(246)) - The storage directory /workdir/hadoop-ozone/integration-test/target/test-dir/MiniOzoneClusterImpl-26321163-d00f-4eeb-b505-787cf25e09ba/datanode-6/data/ratis/2ff99e8d-5964-4301-a9e0-5e75083c8bd9 does not exist. Creating ...
2019-09-05 19:08:01,499 [pool-619-thread-1] INFO  storage.RaftStorageDirectory (RaftStorageDirectory.java:analyzeStorage(246)) - The storage directory /workdir/hadoop-ozone/integration-test/target/test-dir/MiniOzoneClusterImpl-26321163-d00f-4eeb-b505-787cf25e09ba/datanode-3/data/ratis/2ff99e8d-5964-4301-a9e0-5e75083c8bd9 does not exist. Creating ...
2019-09-05 19:08:01,516 [pool-639-thread-1] INFO  server.RaftServerConfigKeys (ConfUtils.java:logGet(43)) - raft.server.rpc.timeout.min = 5s (custom)
2019-09-05 19:08:01,520 [pool-639-thread-1] INFO  server.RaftServerConfigKeys (ConfUtils.java:logGet(43)) - raft.server.rpc.timeout.max = 5200ms (custom)
2019-09-05 19:08:01,520 [pool-639-thread-1] INFO  server.RaftServerConfigKeys (ConfUtils.java:logGet(43)) - raft.server.rpcslowness.timeout = 120s (custom)
2019-09-05 19:08:01,520 [pool-639-thread-1] INFO  server.RaftServerConfigKeys (ConfUtils.java:logGet(43)) - raft.server.sleep.deviation.threshold = 300 (default)
2019-09-05 19:08:01,524 [pool-639-thread-1] INFO  server.RaftServerConfigKeys (ConfUtils.java:logGet(43)) - raft.server.log.appender.install.snapshot.enabled = false (custom)
2019-09-05 19:08:01,532 [pool-639-thread-1] INFO  impl.RaftServerImpl (ServerState.java:<init>(105)) - f543745a-0904-4953-8a38-fcef9bf68a3d:group-5E75083C8BD9 ConfigurationManager, init=-1: [f543745a-0904-4953-8a38-fcef9bf68a3d:192.168.36.80:35996, c8d767ea-c04e-46f1-9df9-21a6292b5885:192.168.36.80:36176, a6f20ed7-6960-4d82-b055-3029b3e4a05b:192.168.36.80:46205], old=null, confs=<EMPTY_MAP>
2019-09-05 19:08:01,539 [pool-639-thread-1] INFO  server.RaftServerConfigKeys (ConfUtils.java:logGet(43)) - raft.server.storage.dir = [/workdir/hadoop-ozone/integration-test/target/test-dir/MiniOzoneClusterImpl-26321163-d00f-4eeb-b505-787cf25e09ba/datanode-5/data/ratis] (custom)
2019-09-05 19:08:01,554 [pool-639-thread-1] INFO  storage.RaftStorageDirectory (RaftStorageDirectory.java:analyzeStorage(246)) - The storage directory /workdir/hadoop-ozone/integration-test/target/test-dir/MiniOzoneClusterImpl-26321163-d00f-4eeb-b505-787cf25e09ba/datanode-5/data/ratis/2ff99e8d-5964-4301-a9e0-5e75083c8bd9 does not exist. Creating ...
2019-09-05 19:08:03,016 [pool-589-thread-1] INFO  storage.RaftStorage (RaftStorage.java:format(72)) - Storage directory /workdir/hadoop-ozone/integration-test/target/test-dir/MiniOzoneClusterImpl-26321163-d00f-4eeb-b505-787cf25e09ba/datanode-0/data/ratis/c7ab9156-3fda-407b-aec2-1c0d2ed72355 has been successfully formatted.
2019-09-05 19:08:03,017 [pool-589-thread-1] INFO  ratis.ContainerStateMachine (ContainerStateMachine.java:loadSnapshot(227)) - group-1C0D2ED72355: The snapshot info is null. Setting the last applied indexto:(t:0, i:~)
2019-09-05 19:08:03,017 [pool-589-thread-1] INFO  server.RaftServerConfigKeys (ConfUtils.java:logGet(43)) - raft.server.leader.election.timeout = 120s (custom)
2019-09-05 19:08:03,017 [pool-589-thread-1] INFO  server.RaftServerConfigKeys (ConfUtils.java:logGet(43)) - raft.server.log.use.memory = false (default)
2019-09-05 19:08:03,017 [pool-589-thread-1] INFO  server.RaftServerConfigKeys (ConfUtils.java:logGet(43)) - raft.server.log.purge.gap = 1000000 (custom)
2019-09-05 19:08:03,018 [pool-589-thread-1] INFO  server.RaftServerConfigKeys (ConfUtils.java:logGet(43)) - raft.server.log.appender.buffer.byte-limit = 33554432 (custom)
2019-09-05 19:08:03,018 [pool-589-thread-1] INFO  server.RaftServerConfigKeys (ConfUtils.java:logGet(43)) - raft.server.log.segment.size.max = 1048576 (custom)
2019-09-05 19:08:03,018 [pool-589-thread-1] INFO  server.RaftServerConfigKeys (ConfUtils.java:logGet(43)) - raft.server.log.segment.cache.num.max = 2 (custom)
2019-09-05 19:08:03,018 [pool-589-thread-1] INFO  segmented.SegmentedRaftLogWorker (SegmentedRaftLogWorker.java:<init>(172)) - new 1e7d6414-e17c-471c-bf93-9961b4eef5cf-SegmentedRaftLogWorker:Storage Directory /workdir/hadoop-ozone/integration-test/target/test-dir/MiniOzoneClusterImpl-26321163-d00f-4eeb-b505-787cf25e09ba/datanode-0/data/ratis/c7ab9156-3fda-407b-aec2-1c0d2ed72355 for RaftStorage:Storage Directory /workdir/hadoop-ozone/integration-test/target/test-dir/MiniOzoneClusterImpl-26321163-d00f-4eeb-b505-787cf25e09ba/datanode-0/data/ratis/c7ab9156-3fda-407b-aec2-1c0d2ed72355
2019-09-05 19:08:03,019 [pool-589-thread-1] INFO  server.RaftServerConfigKeys (ConfUtils.java:logGet(43)) - raft.server.log.queue.byte-limit = 2147483647 (custom)
2019-09-05 19:08:03,019 [pool-589-thread-1] INFO  server.RaftServerConfigKeys (ConfUtils.java:logGet(43)) - raft.server.log.queue.element-limit = 1024 (custom)
2019-09-05 19:08:03,019 [pool-589-thread-1] INFO  server.RaftServerConfigKeys (ConfUtils.java:logGet(43)) - raft.server.log.segment.size.max = 1048576 (custom)
2019-09-05 19:08:03,020 [pool-589-thread-1] INFO  server.RaftServerConfigKeys (ConfUtils.java:logGet(43)) - raft.server.log.preallocated.size = 16384 (custom)
2019-09-05 19:08:03,020 [pool-589-thread-1] INFO  server.RaftServerConfigKeys (ConfUtils.java:logGet(43)) - raft.server.log.write.buffer.size = 33554432 (custom)
2019-09-05 19:08:03,020 [pool-589-thread-1] INFO  server.RaftServerConfigKeys (ConfUtils.java:logGet(43)) - raft.server.log.force.sync.num = 128 (default)
2019-09-05 19:08:03,020 [pool-589-thread-1] INFO  server.RaftServerConfigKeys (ConfUtils.java:logGet(43)) - raft.server.log.statemachine.data.sync = true (default)
2019-09-05 19:08:03,020 [pool-589-thread-1] INFO  server.RaftServerConfigKeys (ConfUtils.java:logGet(43)) - raft.server.log.statemachine.data.sync.timeout = 10s (default)
2019-09-05 19:08:03,021 [pool-589-thread-1] INFO  server.RaftServerConfigKeys (ConfUtils.java:logGet(43)) - raft.server.log.statemachine.data.sync.timeout.retry = -1 (default)
2019-09-05 19:08:03,021 [pool-589-thread-1] INFO  server.RaftServerConfigKeys (ConfUtils.java:logGet(43)) - raft.server.log.statemachine.data.caching.enabled = true (custom)
2019-09-05 19:08:03,021 [pool-589-thread-1] INFO  segmented.SegmentedRaftLogWorker (SegmentedRaftLogWorker.java:lambda$new$0(132)) - 1e7d6414-e17c-471c-bf93-9961b4eef5cf-SegmentedRaftLogWorker:Storage Directory /workdir/hadoop-ozone/integration-test/target/test-dir/MiniOzoneClusterImpl-26321163-d00f-4eeb-b505-787cf25e09ba/datanode-0/data/ratis/c7ab9156-3fda-407b-aec2-1c0d2ed72355: flushIndex: setUnconditionally 0 -> -1
2019-09-05 19:08:03,022 [pool-589-thread-1] INFO  server.RaftServerConfigKeys (ConfUtils.java:logGet(43)) - raft.server.snapshot.auto.trigger.enabled = true (custom)
2019-09-05 19:08:03,022 [pool-589-thread-1] INFO  server.RaftServerConfigKeys (ConfUtils.java:logGet(43)) - raft.server.snapshot.auto.trigger.threshold = 10000 (custom)
2019-09-05 19:08:03,022 [pool-589-thread-1] INFO  server.RaftServerConfigKeys (ConfUtils.java:logGet(43)) - raft.server.retrycache.expirytime = 600000ms (custom)
2019-09-05 19:08:03,023 [pool-589-thread-1] INFO  impl.RaftServerImpl (RaftServerImpl.java:start(180)) - 1e7d6414-e17c-471c-bf93-9961b4eef5cf: start group-1C0D2ED72355
2019-09-05 19:08:03,023 [pool-589-thread-1] INFO  impl.RaftServerImpl (RaftServerImpl.java:setRole(171)) - 1e7d6414-e17c-471c-bf93-9961b4eef5cf:group-1C0D2ED72355 changes role from null to FOLLOWER at term 0 for startAsFollower
2019-09-05 19:08:03,023 [pool-589-thread-1] INFO  impl.RoleInfo (RoleInfo.java:updateAndGet(143)) - 1e7d6414-e17c-471c-bf93-9961b4eef5cf: start FollowerState
2019-09-05 19:08:03,024 [pool-589-thread-1] INFO  util.JmxRegister (JmxRegister.java:tryRegister(44)) - Successfully registered JMX Bean with object name Ratis:service=RaftServer,group=group-1C0D2ED72355,id=1e7d6414-e17c-471c-bf93-9961b4eef5cf
2019-09-05 19:08:03,028 [pool-649-thread-1] INFO  storage.RaftStorageDirectory (RaftStorageDirectory.java:tryLock(328)) - Lock on /workdir/hadoop-ozone/integration-test/target/test-dir/MiniOzoneClusterImpl-26321163-d00f-4eeb-b505-787cf25e09ba/datanode-6/data/ratis/2ff99e8d-5964-4301-a9e0-5e75083c8bd9/in_use.lock acquired by nodename 23431@pr-hdds-1982-decom-states-p4sss-1559755178
2019-09-05 19:08:03,028 [pool-639-thread-1] INFO  storage.RaftStorageDirectory (RaftStorageDirectory.java:tryLock(328)) - Lock on /workdir/hadoop-ozone/integration-test/target/test-dir/MiniOzoneClusterImpl-26321163-d00f-4eeb-b505-787cf25e09ba/datanode-5/data/ratis/2ff99e8d-5964-4301-a9e0-5e75083c8bd9/in_use.lock acquired by nodename 23431@pr-hdds-1982-decom-states-p4sss-1559755178
2019-09-05 19:08:03,028 [pool-619-thread-1] INFO  storage.RaftStorageDirectory (RaftStorageDirectory.java:tryLock(328)) - Lock on /workdir/hadoop-ozone/integration-test/target/test-dir/MiniOzoneClusterImpl-26321163-d00f-4eeb-b505-787cf25e09ba/datanode-3/data/ratis/2ff99e8d-5964-4301-a9e0-5e75083c8bd9/in_use.lock acquired by nodename 23431@pr-hdds-1982-decom-states-p4sss-1559755178
2019-09-05 19:08:03,072 [pool-639-thread-1] INFO  storage.RaftStorage (RaftStorage.java:format(72)) - Storage directory /workdir/hadoop-ozone/integration-test/target/test-dir/MiniOzoneClusterImpl-26321163-d00f-4eeb-b505-787cf25e09ba/datanode-5/data/ratis/2ff99e8d-5964-4301-a9e0-5e75083c8bd9 has been successfully formatted.
2019-09-05 19:08:03,072 [pool-619-thread-1] INFO  storage.RaftStorage (RaftStorage.java:format(72)) - Storage directory /workdir/hadoop-ozone/integration-test/target/test-dir/MiniOzoneClusterImpl-26321163-d00f-4eeb-b505-787cf25e09ba/datanode-3/data/ratis/2ff99e8d-5964-4301-a9e0-5e75083c8bd9 has been successfully formatted.
2019-09-05 19:08:03,072 [pool-649-thread-1] INFO  storage.RaftStorage (RaftStorage.java:format(72)) - Storage directory /workdir/hadoop-ozone/integration-test/target/test-dir/MiniOzoneClusterImpl-26321163-d00f-4eeb-b505-787cf25e09ba/datanode-6/data/ratis/2ff99e8d-5964-4301-a9e0-5e75083c8bd9 has been successfully formatted.
2019-09-05 19:08:03,072 [pool-619-thread-1] INFO  ratis.ContainerStateMachine (ContainerStateMachine.java:loadSnapshot(227)) - group-5E75083C8BD9: The snapshot info is null. Setting the last applied indexto:(t:0, i:~)
2019-09-05 19:08:03,072 [pool-649-thread-1] INFO  ratis.ContainerStateMachine (ContainerStateMachine.java:loadSnapshot(227)) - group-5E75083C8BD9: The snapshot info is null. Setting the last applied indexto:(t:0, i:~)
2019-09-05 19:08:03,072 [pool-639-thread-1] INFO  ratis.ContainerStateMachine (ContainerStateMachine.java:loadSnapshot(227)) - group-5E75083C8BD9: The snapshot info is null. Setting the last applied indexto:(t:0, i:~)
2019-09-05 19:08:03,072 [pool-649-thread-1] INFO  server.RaftServerConfigKeys (ConfUtils.java:logGet(43)) - raft.server.leader.election.timeout = 120s (custom)
2019-09-05 19:08:03,072 [pool-619-thread-1] INFO  server.RaftServerConfigKeys (ConfUtils.java:logGet(43)) - raft.server.leader.election.timeout = 120s (custom)
2019-09-05 19:08:03,073 [pool-649-thread-1] INFO  server.RaftServerConfigKeys (ConfUtils.java:logGet(43)) - raft.server.log.use.memory = false (default)
2019-09-05 19:08:03,073 [pool-639-thread-1] INFO  server.RaftServerConfigKeys (ConfUtils.java:logGet(43)) - raft.server.leader.election.timeout = 120s (custom)
2019-09-05 19:08:03,073 [pool-649-thread-1] INFO  server.RaftServerConfigKeys (ConfUtils.java:logGet(43)) - raft.server.log.purge.gap = 1000000 (custom)
2019-09-05 19:08:03,073 [pool-619-thread-1] INFO  server.RaftServerConfigKeys (ConfUtils.java:logGet(43)) - raft.server.log.use.memory = false (default)
2019-09-05 19:08:03,073 [pool-649-thread-1] INFO  server.RaftServerConfigKeys (ConfUtils.java:logGet(43)) - raft.server.log.appender.buffer.byte-limit = 33554432 (custom)
2019-09-05 19:08:03,073 [pool-639-thread-1] INFO  server.RaftServerConfigKeys (ConfUtils.java:logGet(43)) - raft.server.log.use.memory = false (default)
2019-09-05 19:08:03,073 [pool-649-thread-1] INFO  server.RaftServerConfigKeys (ConfUtils.java:logGet(43)) - raft.server.log.segment.size.max = 1048576 (custom)
2019-09-05 19:08:03,073 [pool-619-thread-1] INFO  server.RaftServerConfigKeys (ConfUtils.java:logGet(43)) - raft.server.log.purge.gap = 1000000 (custom)
2019-09-05 19:08:03,074 [pool-649-thread-1] INFO  server.RaftServerConfigKeys (ConfUtils.java:logGet(43)) - raft.server.log.segment.cache.num.max = 2 (custom)
2019-09-05 19:08:03,073 [pool-639-thread-1] INFO  server.RaftServerConfigKeys (ConfUtils.java:logGet(43)) - raft.server.log.purge.gap = 1000000 (custom)
2019-09-05 19:08:03,074 [pool-649-thread-1] INFO  segmented.SegmentedRaftLogWorker (SegmentedRaftLogWorker.java:<init>(172)) - new a6f20ed7-6960-4d82-b055-3029b3e4a05b-SegmentedRaftLogWorker:Storage Directory /workdir/hadoop-ozone/integration-test/target/test-dir/MiniOzoneClusterImpl-26321163-d00f-4eeb-b505-787cf25e09ba/datanode-6/data/ratis/2ff99e8d-5964-4301-a9e0-5e75083c8bd9 for RaftStorage:Storage Directory /workdir/hadoop-ozone/integration-test/target/test-dir/MiniOzoneClusterImpl-26321163-d00f-4eeb-b505-787cf25e09ba/datanode-6/data/ratis/2ff99e8d-5964-4301-a9e0-5e75083c8bd9
2019-09-05 19:08:03,074 [pool-619-thread-1] INFO  server.RaftServerConfigKeys (ConfUtils.java:logGet(43)) - raft.server.log.appender.buffer.byte-limit = 33554432 (custom)
2019-09-05 19:08:03,074 [pool-649-thread-1] INFO  server.RaftServerConfigKeys (ConfUtils.java:logGet(43)) - raft.server.log.queue.byte-limit = 2147483647 (custom)
2019-09-05 19:08:03,074 [pool-639-thread-1] INFO  server.RaftServerConfigKeys (ConfUtils.java:logGet(43)) - raft.server.log.appender.buffer.byte-limit = 33554432 (custom)
2019-09-05 19:08:03,074 [pool-649-thread-1] INFO  server.RaftServerConfigKeys (ConfUtils.java:logGet(43)) - raft.server.log.queue.element-limit = 1024 (custom)
2019-09-05 19:08:03,074 [pool-619-thread-1] INFO  server.RaftServerConfigKeys (ConfUtils.java:logGet(43)) - raft.server.log.segment.size.max = 1048576 (custom)
2019-09-05 19:08:03,074 [pool-639-thread-1] INFO  server.RaftServerConfigKeys (ConfUtils.java:logGet(43)) - raft.server.log.segment.size.max = 1048576 (custom)
2019-09-05 19:08:03,075 [pool-649-thread-1] INFO  server.RaftServerConfigKeys (ConfUtils.java:logGet(43)) - raft.server.log.segment.size.max = 1048576 (custom)
2019-09-05 19:08:03,074 [pool-619-thread-1] INFO  server.RaftServerConfigKeys (ConfUtils.java:logGet(43)) - raft.server.log.segment.cache.num.max = 2 (custom)
2019-09-05 19:08:03,075 [pool-649-thread-1] INFO  server.RaftServerConfigKeys (ConfUtils.java:logGet(43)) - raft.server.log.preallocated.size = 16384 (custom)
2019-09-05 19:08:03,075 [pool-639-thread-1] INFO  server.RaftServerConfigKeys (ConfUtils.java:logGet(43)) - raft.server.log.segment.cache.num.max = 2 (custom)
2019-09-05 19:08:03,075 [pool-649-thread-1] INFO  server.RaftServerConfigKeys (ConfUtils.java:logGet(43)) - raft.server.log.write.buffer.size = 33554432 (custom)
2019-09-05 19:08:03,075 [pool-619-thread-1] INFO  segmented.SegmentedRaftLogWorker (SegmentedRaftLogWorker.java:<init>(172)) - new c8d767ea-c04e-46f1-9df9-21a6292b5885-SegmentedRaftLogWorker:Storage Directory /workdir/hadoop-ozone/integration-test/target/test-dir/MiniOzoneClusterImpl-26321163-d00f-4eeb-b505-787cf25e09ba/datanode-3/data/ratis/2ff99e8d-5964-4301-a9e0-5e75083c8bd9 for RaftStorage:Storage Directory /workdir/hadoop-ozone/integration-test/target/test-dir/MiniOzoneClusterImpl-26321163-d00f-4eeb-b505-787cf25e09ba/datanode-3/data/ratis/2ff99e8d-5964-4301-a9e0-5e75083c8bd9
2019-09-05 19:08:03,075 [pool-649-thread-1] INFO  server.RaftServerConfigKeys (ConfUtils.java:logGet(43)) - raft.server.log.force.sync.num = 128 (default)
2019-09-05 19:08:03,075 [pool-639-thread-1] INFO  segmented.SegmentedRaftLogWorker (SegmentedRaftLogWorker.java:<init>(172)) - new f543745a-0904-4953-8a38-fcef9bf68a3d-SegmentedRaftLogWorker:Storage Directory /workdir/hadoop-ozone/integration-test/target/test-dir/MiniOzoneClusterImpl-26321163-d00f-4eeb-b505-787cf25e09ba/datanode-5/data/ratis/2ff99e8d-5964-4301-a9e0-5e75083c8bd9 for RaftStorage:Storage Directory /workdir/hadoop-ozone/integration-test/target/test-dir/MiniOzoneClusterImpl-26321163-d00f-4eeb-b505-787cf25e09ba/datanode-5/data/ratis/2ff99e8d-5964-4301-a9e0-5e75083c8bd9
2019-09-05 19:08:03,075 [pool-649-thread-1] INFO  server.RaftServerConfigKeys (ConfUtils.java:logGet(43)) - raft.server.log.statemachine.data.sync = true (default)
2019-09-05 19:08:03,075 [pool-619-thread-1] INFO  server.RaftServerConfigKeys (ConfUtils.java:logGet(43)) - raft.server.log.queue.byte-limit = 2147483647 (custom)
2019-09-05 19:08:03,076 [pool-649-thread-1] INFO  server.RaftServerConfigKeys (ConfUtils.java:logGet(43)) - raft.server.log.statemachine.data.sync.timeout = 10s (default)
2019-09-05 19:08:03,075 [pool-639-thread-1] INFO  server.RaftServerConfigKeys (ConfUtils.java:logGet(43)) - raft.server.log.queue.byte-limit = 2147483647 (custom)
2019-09-05 19:08:03,076 [pool-649-thread-1] INFO  server.RaftServerConfigKeys (ConfUtils.java:logGet(43)) - raft.server.log.statemachine.data.sync.timeout.retry = -1 (default)
2019-09-05 19:08:03,076 [pool-619-thread-1] INFO  server.RaftServerConfigKeys (ConfUtils.java:logGet(43)) - raft.server.log.queue.element-limit = 1024 (custom)
2019-09-05 19:08:03,076 [pool-639-thread-1] INFO  server.RaftServerConfigKeys (ConfUtils.java:logGet(43)) - raft.server.log.queue.element-limit = 1024 (custom)
2019-09-05 19:08:03,076 [pool-619-thread-1] INFO  server.RaftServerConfigKeys (ConfUtils.java:logGet(43)) - raft.server.log.segment.size.max = 1048576 (custom)
2019-09-05 19:08:03,076 [pool-649-thread-1] INFO  server.RaftServerConfigKeys (ConfUtils.java:logGet(43)) - raft.server.log.statemachine.data.caching.enabled = true (custom)
2019-09-05 19:08:03,076 [pool-619-thread-1] INFO  server.RaftServerConfigKeys (ConfUtils.java:logGet(43)) - raft.server.log.preallocated.size = 16384 (custom)
2019-09-05 19:08:03,076 [pool-639-thread-1] INFO  server.RaftServerConfigKeys (ConfUtils.java:logGet(43)) - raft.server.log.segment.size.max = 1048576 (custom)
2019-09-05 19:08:03,077 [pool-649-thread-1] INFO  segmented.SegmentedRaftLogWorker (SegmentedRaftLogWorker.java:lambda$new$0(132)) - a6f20ed7-6960-4d82-b055-3029b3e4a05b-SegmentedRaftLogWorker:Storage Directory /workdir/hadoop-ozone/integration-test/target/test-dir/MiniOzoneClusterImpl-26321163-d00f-4eeb-b505-787cf25e09ba/datanode-6/data/ratis/2ff99e8d-5964-4301-a9e0-5e75083c8bd9: flushIndex: setUnconditionally 0 -> -1
2019-09-05 19:08:03,077 [pool-619-thread-1] INFO  server.RaftServerConfigKeys (ConfUtils.java:logGet(43)) - raft.server.log.write.buffer.size = 33554432 (custom)
2019-09-05 19:08:03,077 [pool-639-thread-1] INFO  server.RaftServerConfigKeys (ConfUtils.java:logGet(43)) - raft.server.log.preallocated.size = 16384 (custom)
2019-09-05 19:08:03,077 [pool-619-thread-1] INFO  server.RaftServerConfigKeys (ConfUtils.java:logGet(43)) - raft.server.log.force.sync.num = 128 (default)
2019-09-05 19:08:03,077 [pool-649-thread-1] INFO  server.RaftServerConfigKeys (ConfUtils.java:logGet(43)) - raft.server.snapshot.auto.trigger.enabled = true (custom)
2019-09-05 19:08:03,077 [pool-639-thread-1] INFO  server.RaftServerConfigKeys (ConfUtils.java:logGet(43)) - raft.server.log.write.buffer.size = 33554432 (custom)
2019-09-05 19:08:03,077 [pool-649-thread-1] INFO  server.RaftServerConfigKeys (ConfUtils.java:logGet(43)) - raft.server.snapshot.auto.trigger.threshold = 10000 (custom)
2019-09-05 19:08:03,077 [pool-619-thread-1] INFO  server.RaftServerConfigKeys (ConfUtils.java:logGet(43)) - raft.server.log.statemachine.data.sync = true (default)
2019-09-05 19:08:03,077 [pool-649-thread-1] INFO  server.RaftServerConfigKeys (ConfUtils.java:logGet(43)) - raft.server.retrycache.expirytime = 600000ms (custom)
2019-09-05 19:08:03,077 [pool-639-thread-1] INFO  server.RaftServerConfigKeys (ConfUtils.java:logGet(43)) - raft.server.log.force.sync.num = 128 (default)
2019-09-05 19:08:03,078 [pool-649-thread-1] INFO  impl.RaftServerImpl (RaftServerImpl.java:start(180)) - a6f20ed7-6960-4d82-b055-3029b3e4a05b: start group-5E75083C8BD9
2019-09-05 19:08:03,077 [pool-619-thread-1] INFO  server.RaftServerConfigKeys (ConfUtils.java:logGet(43)) - raft.server.log.statemachine.data.sync.timeout = 10s (default)
2019-09-05 19:08:03,078 [pool-649-thread-1] INFO  impl.RaftServerImpl (RaftServerImpl.java:setRole(171)) - a6f20ed7-6960-4d82-b055-3029b3e4a05b:group-5E75083C8BD9 changes role from null to FOLLOWER at term 0 for startAsFollower
2019-09-05 19:08:03,078 [pool-639-thread-1] INFO  server.RaftServerConfigKeys (ConfUtils.java:logGet(43)) - raft.server.log.statemachine.data.sync = true (default)
2019-09-05 19:08:03,078 [pool-649-thread-1] INFO  impl.RoleInfo (RoleInfo.java:updateAndGet(143)) - a6f20ed7-6960-4d82-b055-3029b3e4a05b: start FollowerState
2019-09-05 19:08:03,078 [pool-619-thread-1] INFO  server.RaftServerConfigKeys (ConfUtils.java:logGet(43)) - raft.server.log.statemachine.data.sync.timeout.retry = -1 (default)
2019-09-05 19:08:03,078 [pool-639-thread-1] INFO  server.RaftServerConfigKeys (ConfUtils.java:logGet(43)) - raft.server.log.statemachine.data.sync.timeout = 10s (default)
2019-09-05 19:08:03,078 [pool-649-thread-1] INFO  util.JmxRegister (JmxRegister.java:tryRegister(44)) - Successfully registered JMX Bean with object name Ratis:service=RaftServer,group=group-5E75083C8BD9,id=a6f20ed7-6960-4d82-b055-3029b3e4a05b
2019-09-05 19:08:03,078 [pool-619-thread-1] INFO  server.RaftServerConfigKeys (ConfUtils.java:logGet(43)) - raft.server.log.statemachine.data.caching.enabled = true (custom)
2019-09-05 19:08:03,078 [pool-639-thread-1] INFO  server.RaftServerConfigKeys (ConfUtils.java:logGet(43)) - raft.server.log.statemachine.data.sync.timeout.retry = -1 (default)
2019-09-05 19:08:03,079 [pool-619-thread-1] INFO  segmented.SegmentedRaftLogWorker (SegmentedRaftLogWorker.java:lambda$new$0(132)) - c8d767ea-c04e-46f1-9df9-21a6292b5885-SegmentedRaftLogWorker:Storage Directory /workdir/hadoop-ozone/integration-test/target/test-dir/MiniOzoneClusterImpl-26321163-d00f-4eeb-b505-787cf25e09ba/datanode-3/data/ratis/2ff99e8d-5964-4301-a9e0-5e75083c8bd9: flushIndex: setUnconditionally 0 -> -1
2019-09-05 19:08:03,079 [pool-639-thread-1] INFO  server.RaftServerConfigKeys (ConfUtils.java:logGet(43)) - raft.server.log.statemachine.data.caching.enabled = true (custom)
2019-09-05 19:08:03,079 [pool-619-thread-1] INFO  server.RaftServerConfigKeys (ConfUtils.java:logGet(43)) - raft.server.snapshot.auto.trigger.enabled = true (custom)
2019-09-05 19:08:03,079 [pool-619-thread-1] INFO  server.RaftServerConfigKeys (ConfUtils.java:logGet(43)) - raft.server.snapshot.auto.trigger.threshold = 10000 (custom)
2019-09-05 19:08:03,079 [pool-639-thread-1] INFO  segmented.SegmentedRaftLogWorker (SegmentedRaftLogWorker.java:lambda$new$0(132)) - f543745a-0904-4953-8a38-fcef9bf68a3d-SegmentedRaftLogWorker:Storage Directory /workdir/hadoop-ozone/integration-test/target/test-dir/MiniOzoneClusterImpl-26321163-d00f-4eeb-b505-787cf25e09ba/datanode-5/data/ratis/2ff99e8d-5964-4301-a9e0-5e75083c8bd9: flushIndex: setUnconditionally 0 -> -1
2019-09-05 19:08:03,079 [pool-619-thread-1] INFO  server.RaftServerConfigKeys (ConfUtils.java:logGet(43)) - raft.server.retrycache.expirytime = 600000ms (custom)
2019-09-05 19:08:03,080 [pool-619-thread-1] INFO  impl.RaftServerImpl (RaftServerImpl.java:start(180)) - c8d767ea-c04e-46f1-9df9-21a6292b5885: start group-5E75083C8BD9
2019-09-05 19:08:03,080 [pool-639-thread-1] INFO  server.RaftServerConfigKeys (ConfUtils.java:logGet(43)) - raft.server.snapshot.auto.trigger.enabled = true (custom)
2019-09-05 19:08:03,080 [pool-619-thread-1] INFO  impl.RaftServerImpl (RaftServerImpl.java:setRole(171)) - c8d767ea-c04e-46f1-9df9-21a6292b5885:group-5E75083C8BD9 changes role from null to FOLLOWER at term 0 for startAsFollower
2019-09-05 19:08:03,080 [pool-639-thread-1] INFO  server.RaftServerConfigKeys (ConfUtils.java:logGet(43)) - raft.server.snapshot.auto.trigger.threshold = 10000 (custom)
2019-09-05 19:08:03,080 [pool-619-thread-1] INFO  impl.RoleInfo (RoleInfo.java:updateAndGet(143)) - c8d767ea-c04e-46f1-9df9-21a6292b5885: start FollowerState
2019-09-05 19:08:03,080 [pool-639-thread-1] INFO  server.RaftServerConfigKeys (ConfUtils.java:logGet(43)) - raft.server.retrycache.expirytime = 600000ms (custom)
2019-09-05 19:08:03,080 [pool-639-thread-1] INFO  impl.RaftServerImpl (RaftServerImpl.java:start(180)) - f543745a-0904-4953-8a38-fcef9bf68a3d: start group-5E75083C8BD9
2019-09-05 19:08:03,080 [pool-619-thread-1] INFO  util.JmxRegister (JmxRegister.java:tryRegister(44)) - Successfully registered JMX Bean with object name Ratis:service=RaftServer,group=group-5E75083C8BD9,id=c8d767ea-c04e-46f1-9df9-21a6292b5885
2019-09-05 19:08:03,080 [pool-639-thread-1] INFO  impl.RaftServerImpl (RaftServerImpl.java:setRole(171)) - f543745a-0904-4953-8a38-fcef9bf68a3d:group-5E75083C8BD9 changes role from null to FOLLOWER at term 0 for startAsFollower
2019-09-05 19:08:03,081 [pool-639-thread-1] INFO  impl.RoleInfo (RoleInfo.java:updateAndGet(143)) - f543745a-0904-4953-8a38-fcef9bf68a3d: start FollowerState
2019-09-05 19:08:03,081 [pool-639-thread-1] INFO  util.JmxRegister (JmxRegister.java:tryRegister(44)) - Successfully registered JMX Bean with object name Ratis:service=RaftServer,group=group-5E75083C8BD9,id=f543745a-0904-4953-8a38-fcef9bf68a3d
2019-09-05 19:08:03,083 [RatisPipelineUtilsThread] INFO  pipeline.PipelineStateManager (PipelineStateManager.java:addPipeline(56)) - Created pipeline Pipeline[ Id: 2ff99e8d-5964-4301-a9e0-5e75083c8bd9, Nodes: f543745a-0904-4953-8a38-fcef9bf68a3d{ip: 192.168.36.80, host: pr-hdds-1982-decom-states-p4sss-1559755178, networkLocation: /default-rack, certSerialId: null}c8d767ea-c04e-46f1-9df9-21a6292b5885{ip: 192.168.36.80, host: pr-hdds-1982-decom-states-p4sss-1559755178, networkLocation: /default-rack, certSerialId: null}a6f20ed7-6960-4d82-b055-3029b3e4a05b{ip: 192.168.36.80, host: pr-hdds-1982-decom-states-p4sss-1559755178, networkLocation: /default-rack, certSerialId: null}, Type:RATIS, Factor:THREE, State:OPEN]
2019-09-05 19:08:03,135 [grpc-default-executor-7] INFO  impl.RaftServerProxy (RaftServerProxy.java:addNew(89)) - 1e7d6414-e17c-471c-bf93-9961b4eef5cf: addNew group-2418DB47C4D7:[beda15f8-b83a-4823-85ee-8c904ee61c2b:192.168.36.80:46867, 1e7d6414-e17c-471c-bf93-9961b4eef5cf:192.168.36.80:32917, e16ed8f0-c555-42a1-afe4-d66b9853b0f1:192.168.36.80:46666] returns group-2418DB47C4D7:java.util.concurrent.CompletableFuture@6a09ab65[Not completed]
2019-09-05 19:08:03,135 [grpc-default-executor-14] INFO  impl.RaftServerProxy (RaftServerProxy.java:addNew(89)) - e16ed8f0-c555-42a1-afe4-d66b9853b0f1: addNew group-2418DB47C4D7:[beda15f8-b83a-4823-85ee-8c904ee61c2b:192.168.36.80:46867, 1e7d6414-e17c-471c-bf93-9961b4eef5cf:192.168.36.80:32917, e16ed8f0-c555-42a1-afe4-d66b9853b0f1:192.168.36.80:46666] returns group-2418DB47C4D7:java.util.concurrent.CompletableFuture@773149e9[Not completed]
2019-09-05 19:08:03,135 [grpc-default-executor-7] INFO  impl.RaftServerProxy (RaftServerProxy.java:addNew(89)) - beda15f8-b83a-4823-85ee-8c904ee61c2b: addNew group-2418DB47C4D7:[beda15f8-b83a-4823-85ee-8c904ee61c2b:192.168.36.80:46867, 1e7d6414-e17c-471c-bf93-9961b4eef5cf:192.168.36.80:32917, e16ed8f0-c555-42a1-afe4-d66b9853b0f1:192.168.36.80:46666] returns group-2418DB47C4D7:java.util.concurrent.CompletableFuture@43e4c25a[Not completed]
2019-09-05 19:08:03,136 [pool-589-thread-1] INFO  impl.RaftServerImpl (RaftServerImpl.java:<init>(93)) - 1e7d6414-e17c-471c-bf93-9961b4eef5cf: new RaftServerImpl for group-2418DB47C4D7:[beda15f8-b83a-4823-85ee-8c904ee61c2b:192.168.36.80:46867, 1e7d6414-e17c-471c-bf93-9961b4eef5cf:192.168.36.80:32917, e16ed8f0-c555-42a1-afe4-d66b9853b0f1:192.168.36.80:46666] with ContainerStateMachine:uninitialized
2019-09-05 19:08:03,136 [pool-589-thread-1] INFO  server.RaftServerConfigKeys (ConfUtils.java:logGet(43)) - raft.server.rpc.timeout.min = 5s (custom)
2019-09-05 19:08:03,136 [pool-589-thread-1] INFO  server.RaftServerConfigKeys (ConfUtils.java:logGet(43)) - raft.server.rpc.timeout.max = 5200ms (custom)
2019-09-05 19:08:03,136 [pool-589-thread-1] INFO  server.RaftServerConfigKeys (ConfUtils.java:logGet(43)) - raft.server.rpcslowness.timeout = 120s (custom)
2019-09-05 19:08:03,136 [pool-629-thread-1] INFO  impl.RaftServerImpl (RaftServerImpl.java:<init>(93)) - e16ed8f0-c555-42a1-afe4-d66b9853b0f1: new RaftServerImpl for group-2418DB47C4D7:[beda15f8-b83a-4823-85ee-8c904ee61c2b:192.168.36.80:46867, 1e7d6414-e17c-471c-bf93-9961b4eef5cf:192.168.36.80:32917, e16ed8f0-c555-42a1-afe4-d66b9853b0f1:192.168.36.80:46666] with ContainerStateMachine:uninitialized
2019-09-05 19:08:03,136 [pool-589-thread-1] INFO  server.RaftServerConfigKeys (ConfUtils.java:logGet(43)) - raft.server.sleep.deviation.threshold = 300 (default)
2019-09-05 19:08:03,137 [pool-629-thread-1] INFO  server.RaftServerConfigKeys (ConfUtils.java:logGet(43)) - raft.server.rpc.timeout.min = 5s (custom)
2019-09-05 19:08:03,137 [pool-589-thread-1] INFO  server.RaftServerConfigKeys (ConfUtils.java:logGet(43)) - raft.server.log.appender.install.snapshot.enabled = false (custom)
2019-09-05 19:08:03,137 [pool-629-thread-1] INFO  server.RaftServerConfigKeys (ConfUtils.java:logGet(43)) - raft.server.rpc.timeout.max = 5200ms (custom)
2019-09-05 19:08:03,137 [pool-589-thread-1] INFO  impl.RaftServerImpl (ServerState.java:<init>(105)) - 1e7d6414-e17c-471c-bf93-9961b4eef5cf:group-2418DB47C4D7 ConfigurationManager, init=-1: [beda15f8-b83a-4823-85ee-8c904ee61c2b:192.168.36.80:46867, 1e7d6414-e17c-471c-bf93-9961b4eef5cf:192.168.36.80:32917, e16ed8f0-c555-42a1-afe4-d66b9853b0f1:192.168.36.80:46666], old=null, confs=<EMPTY_MAP>
2019-09-05 19:08:03,137 [pool-629-thread-1] INFO  server.RaftServerConfigKeys (ConfUtils.java:logGet(43)) - raft.server.rpcslowness.timeout = 120s (custom)
2019-09-05 19:08:03,137 [pool-609-thread-1] INFO  impl.RaftServerImpl (RaftServerImpl.java:<init>(93)) - beda15f8-b83a-4823-85ee-8c904ee61c2b: new RaftServerImpl for group-2418DB47C4D7:[beda15f8-b83a-4823-85ee-8c904ee61c2b:192.168.36.80:46867, 1e7d6414-e17c-471c-bf93-9961b4eef5cf:192.168.36.80:32917, e16ed8f0-c555-42a1-afe4-d66b9853b0f1:192.168.36.80:46666] with ContainerStateMachine:uninitialized
2019-09-05 19:08:03,137 [pool-589-thread-1] INFO  server.RaftServerConfigKeys (ConfUtils.java:logGet(43)) - raft.server.storage.dir = [/workdir/hadoop-ozone/integration-test/target/test-dir/MiniOzoneClusterImpl-26321163-d00f-4eeb-b505-787cf25e09ba/datanode-0/data/ratis] (custom)
2019-09-05 19:08:03,137 [pool-609-thread-1] INFO  server.RaftServerConfigKeys (ConfUtils.java:logGet(43)) - raft.server.rpc.timeout.min = 5s (custom)
2019-09-05 19:08:03,137 [pool-629-thread-1] INFO  server.RaftServerConfigKeys (ConfUtils.java:logGet(43)) - raft.server.sleep.deviation.threshold = 300 (default)
2019-09-05 19:08:03,138 [pool-589-thread-1] INFO  storage.RaftStorageDirectory (RaftStorageDirectory.java:analyzeStorage(246)) - The storage directory /workdir/hadoop-ozone/integration-test/target/test-dir/MiniOzoneClusterImpl-26321163-d00f-4eeb-b505-787cf25e09ba/datanode-0/data/ratis/4c12367f-091d-4b02-8fa5-2418db47c4d7 does not exist. Creating ...
2019-09-05 19:08:03,138 [pool-609-thread-1] INFO  server.RaftServerConfigKeys (ConfUtils.java:logGet(43)) - raft.server.rpc.timeout.max = 5200ms (custom)
2019-09-05 19:08:03,138 [pool-629-thread-1] INFO  server.RaftServerConfigKeys (ConfUtils.java:logGet(43)) - raft.server.log.appender.install.snapshot.enabled = false (custom)
2019-09-05 19:08:03,138 [pool-609-thread-1] INFO  server.RaftServerConfigKeys (ConfUtils.java:logGet(43)) - raft.server.rpcslowness.timeout = 120s (custom)
2019-09-05 19:08:03,138 [pool-629-thread-1] INFO  impl.RaftServerImpl (ServerState.java:<init>(105)) - e16ed8f0-c555-42a1-afe4-d66b9853b0f1:group-2418DB47C4D7 ConfigurationManager, init=-1: [beda15f8-b83a-4823-85ee-8c904ee61c2b:192.168.36.80:46867, 1e7d6414-e17c-471c-bf93-9961b4eef5cf:192.168.36.80:32917, e16ed8f0-c555-42a1-afe4-d66b9853b0f1:192.168.36.80:46666], old=null, confs=<EMPTY_MAP>
2019-09-05 19:08:03,138 [pool-609-thread-1] INFO  server.RaftServerConfigKeys (ConfUtils.java:logGet(43)) - raft.server.sleep.deviation.threshold = 300 (default)
2019-09-05 19:08:03,138 [pool-629-thread-1] INFO  server.RaftServerConfigKeys (ConfUtils.java:logGet(43)) - raft.server.storage.dir = [/workdir/hadoop-ozone/integration-test/target/test-dir/MiniOzoneClusterImpl-26321163-d00f-4eeb-b505-787cf25e09ba/datanode-4/data/ratis] (custom)
2019-09-05 19:08:03,138 [pool-609-thread-1] INFO  server.RaftServerConfigKeys (ConfUtils.java:logGet(43)) - raft.server.log.appender.install.snapshot.enabled = false (custom)
2019-09-05 19:08:03,138 [pool-609-thread-1] INFO  impl.RaftServerImpl (ServerState.java:<init>(105)) - beda15f8-b83a-4823-85ee-8c904ee61c2b:group-2418DB47C4D7 ConfigurationManager, init=-1: [beda15f8-b83a-4823-85ee-8c904ee61c2b:192.168.36.80:46867, 1e7d6414-e17c-471c-bf93-9961b4eef5cf:192.168.36.80:32917, e16ed8f0-c555-42a1-afe4-d66b9853b0f1:192.168.36.80:46666], old=null, confs=<EMPTY_MAP>
2019-09-05 19:08:03,138 [pool-629-thread-1] INFO  storage.RaftStorageDirectory (RaftStorageDirectory.java:analyzeStorage(246)) - The storage directory /workdir/hadoop-ozone/integration-test/target/test-dir/MiniOzoneClusterImpl-26321163-d00f-4eeb-b505-787cf25e09ba/datanode-4/data/ratis/4c12367f-091d-4b02-8fa5-2418db47c4d7 does not exist. Creating ...
2019-09-05 19:08:03,139 [pool-609-thread-1] INFO  server.RaftServerConfigKeys (ConfUtils.java:logGet(43)) - raft.server.storage.dir = [/workdir/hadoop-ozone/integration-test/target/test-dir/MiniOzoneClusterImpl-26321163-d00f-4eeb-b505-787cf25e09ba/datanode-2/data/ratis] (custom)
2019-09-05 19:08:03,139 [pool-609-thread-1] INFO  storage.RaftStorageDirectory (RaftStorageDirectory.java:analyzeStorage(246)) - The storage directory /workdir/hadoop-ozone/integration-test/target/test-dir/MiniOzoneClusterImpl-26321163-d00f-4eeb-b505-787cf25e09ba/datanode-2/data/ratis/4c12367f-091d-4b02-8fa5-2418db47c4d7 does not exist. Creating ...
2019-09-05 19:08:03,327 [pool-609-thread-1] INFO  storage.RaftStorageDirectory (RaftStorageDirectory.java:tryLock(328)) - Lock on /workdir/hadoop-ozone/integration-test/target/test-dir/MiniOzoneClusterImpl-26321163-d00f-4eeb-b505-787cf25e09ba/datanode-2/data/ratis/4c12367f-091d-4b02-8fa5-2418db47c4d7/in_use.lock acquired by nodename 23431@pr-hdds-1982-decom-states-p4sss-1559755178
2019-09-05 19:08:03,327 [pool-589-thread-1] INFO  storage.RaftStorageDirectory (RaftStorageDirectory.java:tryLock(328)) - Lock on /workdir/hadoop-ozone/integration-test/target/test-dir/MiniOzoneClusterImpl-26321163-d00f-4eeb-b505-787cf25e09ba/datanode-0/data/ratis/4c12367f-091d-4b02-8fa5-2418db47c4d7/in_use.lock acquired by nodename 23431@pr-hdds-1982-decom-states-p4sss-1559755178
2019-09-05 19:08:03,327 [pool-629-thread-1] INFO  storage.RaftStorageDirectory (RaftStorageDirectory.java:tryLock(328)) - Lock on /workdir/hadoop-ozone/integration-test/target/test-dir/MiniOzoneClusterImpl-26321163-d00f-4eeb-b505-787cf25e09ba/datanode-4/data/ratis/4c12367f-091d-4b02-8fa5-2418db47c4d7/in_use.lock acquired by nodename 23431@pr-hdds-1982-decom-states-p4sss-1559755178
2019-09-05 19:08:03,489 [pool-609-thread-1] INFO  storage.RaftStorage (RaftStorage.java:format(72)) - Storage directory /workdir/hadoop-ozone/integration-test/target/test-dir/MiniOzoneClusterImpl-26321163-d00f-4eeb-b505-787cf25e09ba/datanode-2/data/ratis/4c12367f-091d-4b02-8fa5-2418db47c4d7 has been successfully formatted.
2019-09-05 19:08:03,489 [pool-629-thread-1] INFO  storage.RaftStorage (RaftStorage.java:format(72)) - Storage directory /workdir/hadoop-ozone/integration-test/target/test-dir/MiniOzoneClusterImpl-26321163-d00f-4eeb-b505-787cf25e09ba/datanode-4/data/ratis/4c12367f-091d-4b02-8fa5-2418db47c4d7 has been successfully formatted.
2019-09-05 19:08:03,489 [pool-589-thread-1] INFO  storage.RaftStorage (RaftStorage.java:format(72)) - Storage directory /workdir/hadoop-ozone/integration-test/target/test-dir/MiniOzoneClusterImpl-26321163-d00f-4eeb-b505-787cf25e09ba/datanode-0/data/ratis/4c12367f-091d-4b02-8fa5-2418db47c4d7 has been successfully formatted.
2019-09-05 19:08:03,489 [pool-609-thread-1] INFO  ratis.ContainerStateMachine (ContainerStateMachine.java:loadSnapshot(227)) - group-2418DB47C4D7: The snapshot info is null. Setting the last applied indexto:(t:0, i:~)
2019-09-05 19:08:03,490 [pool-589-thread-1] INFO  ratis.ContainerStateMachine (ContainerStateMachine.java:loadSnapshot(227)) - group-2418DB47C4D7: The snapshot info is null. Setting the last applied indexto:(t:0, i:~)
2019-09-05 19:08:03,489 [pool-629-thread-1] INFO  ratis.ContainerStateMachine (ContainerStateMachine.java:loadSnapshot(227)) - group-2418DB47C4D7: The snapshot info is null. Setting the last applied indexto:(t:0, i:~)
2019-09-05 19:08:03,490 [pool-589-thread-1] INFO  server.RaftServerConfigKeys (ConfUtils.java:logGet(43)) - raft.server.leader.election.timeout = 120s (custom)
2019-09-05 19:08:03,490 [pool-609-thread-1] INFO  server.RaftServerConfigKeys (ConfUtils.java:logGet(43)) - raft.server.leader.election.timeout = 120s (custom)
2019-09-05 19:08:03,490 [pool-589-thread-1] INFO  server.RaftServerConfigKeys (ConfUtils.java:logGet(43)) - raft.server.log.use.memory = false (default)
2019-09-05 19:08:03,490 [pool-629-thread-1] INFO  server.RaftServerConfigKeys (ConfUtils.java:logGet(43)) - raft.server.leader.election.timeout = 120s (custom)
2019-09-05 19:08:03,491 [pool-589-thread-1] INFO  server.RaftServerConfigKeys (ConfUtils.java:logGet(43)) - raft.server.log.purge.gap = 1000000 (custom)
2019-09-05 19:08:03,490 [pool-609-thread-1] INFO  server.RaftServerConfigKeys (ConfUtils.java:logGet(43)) - raft.server.log.use.memory = false (default)
2019-09-05 19:08:03,491 [pool-589-thread-1] INFO  server.RaftServerConfigKeys (ConfUtils.java:logGet(43)) - raft.server.log.appender.buffer.byte-limit = 33554432 (custom)
2019-09-05 19:08:03,491 [pool-629-thread-1] INFO  server.RaftServerConfigKeys (ConfUtils.java:logGet(43)) - raft.server.log.use.memory = false (default)
2019-09-05 19:08:03,491 [pool-589-thread-1] INFO  server.RaftServerConfigKeys (ConfUtils.java:logGet(43)) - raft.server.log.segment.size.max = 1048576 (custom)
2019-09-05 19:08:03,491 [pool-609-thread-1] INFO  server.RaftServerConfigKeys (ConfUtils.java:logGet(43)) - raft.server.log.purge.gap = 1000000 (custom)
2019-09-05 19:08:03,491 [pool-589-thread-1] INFO  server.RaftServerConfigKeys (ConfUtils.java:logGet(43)) - raft.server.log.segment.cache.num.max = 2 (custom)
2019-09-05 19:08:03,491 [pool-629-thread-1] INFO  server.RaftServerConfigKeys (ConfUtils.java:logGet(43)) - raft.server.log.purge.gap = 1000000 (custom)
2019-09-05 19:08:03,492 [pool-589-thread-1] INFO  segmented.SegmentedRaftLogWorker (SegmentedRaftLogWorker.java:<init>(172)) - new 1e7d6414-e17c-471c-bf93-9961b4eef5cf-SegmentedRaftLogWorker:Storage Directory /workdir/hadoop-ozone/integration-test/target/test-dir/MiniOzoneClusterImpl-26321163-d00f-4eeb-b505-787cf25e09ba/datanode-0/data/ratis/4c12367f-091d-4b02-8fa5-2418db47c4d7 for RaftStorage:Storage Directory /workdir/hadoop-ozone/integration-test/target/test-dir/MiniOzoneClusterImpl-26321163-d00f-4eeb-b505-787cf25e09ba/datanode-0/data/ratis/4c12367f-091d-4b02-8fa5-2418db47c4d7
2019-09-05 19:08:03,492 [pool-609-thread-1] INFO  server.RaftServerConfigKeys (ConfUtils.java:logGet(43)) - raft.server.log.appender.buffer.byte-limit = 33554432 (custom)
2019-09-05 19:08:03,492 [pool-589-thread-1] INFO  server.RaftServerConfigKeys (ConfUtils.java:logGet(43)) - raft.server.log.queue.byte-limit = 2147483647 (custom)
2019-09-05 19:08:03,492 [pool-629-thread-1] INFO  server.RaftServerConfigKeys (ConfUtils.java:logGet(43)) - raft.server.log.appender.buffer.byte-limit = 33554432 (custom)
2019-09-05 19:08:03,492 [pool-589-thread-1] INFO  server.RaftServerConfigKeys (ConfUtils.java:logGet(43)) - raft.server.log.queue.element-limit = 1024 (custom)
2019-09-05 19:08:03,492 [pool-609-thread-1] INFO  server.RaftServerConfigKeys (ConfUtils.java:logGet(43)) - raft.server.log.segment.size.max = 1048576 (custom)
2019-09-05 19:08:03,493 [pool-589-thread-1] INFO  server.RaftServerConfigKeys (ConfUtils.java:logGet(43)) - raft.server.log.segment.size.max = 1048576 (custom)
2019-09-05 19:08:03,493 [pool-629-thread-1] INFO  server.RaftServerConfigKeys (ConfUtils.java:logGet(43)) - raft.server.log.segment.size.max = 1048576 (custom)
2019-09-05 19:08:03,493 [pool-589-thread-1] INFO  server.RaftServerConfigKeys (ConfUtils.java:logGet(43)) - raft.server.log.preallocated.size = 16384 (custom)
2019-09-05 19:08:03,493 [pool-609-thread-1] INFO  server.RaftServerConfigKeys (ConfUtils.java:logGet(43)) - raft.server.log.segment.cache.num.max = 2 (custom)
2019-09-05 19:08:03,493 [pool-589-thread-1] INFO  server.RaftServerConfigKeys (ConfUtils.java:logGet(43)) - raft.server.log.write.buffer.size = 33554432 (custom)
2019-09-05 19:08:03,493 [pool-629-thread-1] INFO  server.RaftServerConfigKeys (ConfUtils.java:logGet(43)) - raft.server.log.segment.cache.num.max = 2 (custom)
2019-09-05 19:08:03,494 [pool-589-thread-1] INFO  server.RaftServerConfigKeys (ConfUtils.java:logGet(43)) - raft.server.log.force.sync.num = 128 (default)
2019-09-05 19:08:03,493 [pool-609-thread-1] INFO  segmented.SegmentedRaftLogWorker (SegmentedRaftLogWorker.java:<init>(172)) - new beda15f8-b83a-4823-85ee-8c904ee61c2b-SegmentedRaftLogWorker:Storage Directory /workdir/hadoop-ozone/integration-test/target/test-dir/MiniOzoneClusterImpl-26321163-d00f-4eeb-b505-787cf25e09ba/datanode-2/data/ratis/4c12367f-091d-4b02-8fa5-2418db47c4d7 for RaftStorage:Storage Directory /workdir/hadoop-ozone/integration-test/target/test-dir/MiniOzoneClusterImpl-26321163-d00f-4eeb-b505-787cf25e09ba/datanode-2/data/ratis/4c12367f-091d-4b02-8fa5-2418db47c4d7
2019-09-05 19:08:03,494 [pool-589-thread-1] INFO  server.RaftServerConfigKeys (ConfUtils.java:logGet(43)) - raft.server.log.statemachine.data.sync = true (default)
2019-09-05 19:08:03,494 [pool-629-thread-1] INFO  segmented.SegmentedRaftLogWorker (SegmentedRaftLogWorker.java:<init>(172)) - new e16ed8f0-c555-42a1-afe4-d66b9853b0f1-SegmentedRaftLogWorker:Storage Directory /workdir/hadoop-ozone/integration-test/target/test-dir/MiniOzoneClusterImpl-26321163-d00f-4eeb-b505-787cf25e09ba/datanode-4/data/ratis/4c12367f-091d-4b02-8fa5-2418db47c4d7 for RaftStorage:Storage Directory /workdir/hadoop-ozone/integration-test/target/test-dir/MiniOzoneClusterImpl-26321163-d00f-4eeb-b505-787cf25e09ba/datanode-4/data/ratis/4c12367f-091d-4b02-8fa5-2418db47c4d7
2019-09-05 19:08:03,494 [pool-589-thread-1] INFO  server.RaftServerConfigKeys (ConfUtils.java:logGet(43)) - raft.server.log.statemachine.data.sync.timeout = 10s (default)
2019-09-05 19:08:03,494 [pool-629-thread-1] INFO  server.RaftServerConfigKeys (ConfUtils.java:logGet(43)) - raft.server.log.queue.byte-limit = 2147483647 (custom)
2019-09-05 19:08:03,494 [pool-609-thread-1] INFO  server.RaftServerConfigKeys (ConfUtils.java:logGet(43)) - raft.server.log.queue.byte-limit = 2147483647 (custom)
2019-09-05 19:08:03,495 [pool-629-thread-1] INFO  server.RaftServerConfigKeys (ConfUtils.java:logGet(43)) - raft.server.log.queue.element-limit = 1024 (custom)
2019-09-05 19:08:03,494 [pool-589-thread-1] INFO  server.RaftServerConfigKeys (ConfUtils.java:logGet(43)) - raft.server.log.statemachine.data.sync.timeout.retry = -1 (default)
2019-09-05 19:08:03,495 [pool-609-thread-1] INFO  server.RaftServerConfigKeys (ConfUtils.java:logGet(43)) - raft.server.log.queue.element-limit = 1024 (custom)
2019-09-05 19:08:03,495 [pool-589-thread-1] INFO  server.RaftServerConfigKeys (ConfUtils.java:logGet(43)) - raft.server.log.statemachine.data.caching.enabled = true (custom)
2019-09-05 19:08:03,495 [pool-629-thread-1] INFO  server.RaftServerConfigKeys (ConfUtils.java:logGet(43)) - raft.server.log.segment.size.max = 1048576 (custom)
2019-09-05 19:08:03,496 [pool-609-thread-1] INFO  server.RaftServerConfigKeys (ConfUtils.java:logGet(43)) - raft.server.log.segment.size.max = 1048576 (custom)
2019-09-05 19:08:03,496 [pool-629-thread-1] INFO  server.RaftServerConfigKeys (ConfUtils.java:logGet(43)) - raft.server.log.preallocated.size = 16384 (custom)
2019-09-05 19:08:03,496 [pool-589-thread-1] INFO  segmented.SegmentedRaftLogWorker (SegmentedRaftLogWorker.java:lambda$new$0(132)) - 1e7d6414-e17c-471c-bf93-9961b4eef5cf-SegmentedRaftLogWorker:Storage Directory /workdir/hadoop-ozone/integration-test/target/test-dir/MiniOzoneClusterImpl-26321163-d00f-4eeb-b505-787cf25e09ba/datanode-0/data/ratis/4c12367f-091d-4b02-8fa5-2418db47c4d7: flushIndex: setUnconditionally 0 -> -1
2019-09-05 19:08:03,496 [pool-629-thread-1] INFO  server.RaftServerConfigKeys (ConfUtils.java:logGet(43)) - raft.server.log.write.buffer.size = 33554432 (custom)
2019-09-05 19:08:03,496 [pool-609-thread-1] INFO  server.RaftServerConfigKeys (ConfUtils.java:logGet(43)) - raft.server.log.preallocated.size = 16384 (custom)
2019-09-05 19:08:03,496 [pool-589-thread-1] INFO  server.RaftServerConfigKeys (ConfUtils.java:logGet(43)) - raft.server.snapshot.auto.trigger.enabled = true (custom)
2019-09-05 19:08:03,496 [pool-629-thread-1] INFO  server.RaftServerConfigKeys (ConfUtils.java:logGet(43)) - raft.server.log.force.sync.num = 128 (default)
2019-09-05 19:08:03,497 [pool-589-thread-1] INFO  server.RaftServerConfigKeys (ConfUtils.java:logGet(43)) - raft.server.snapshot.auto.trigger.threshold = 10000 (custom)
2019-09-05 19:08:03,497 [pool-609-thread-1] INFO  server.RaftServerConfigKeys (ConfUtils.java:logGet(43)) - raft.server.log.write.buffer.size = 33554432 (custom)
2019-09-05 19:08:03,497 [pool-589-thread-1] INFO  server.RaftServerConfigKeys (ConfUtils.java:logGet(43)) - raft.server.retrycache.expirytime = 600000ms (custom)
2019-09-05 19:08:03,497 [pool-629-thread-1] INFO  server.RaftServerConfigKeys (ConfUtils.java:logGet(43)) - raft.server.log.statemachine.data.sync = true (default)
2019-09-05 19:08:03,497 [pool-589-thread-1] INFO  impl.RaftServerImpl (RaftServerImpl.java:start(180)) - 1e7d6414-e17c-471c-bf93-9961b4eef5cf: start group-2418DB47C4D7
2019-09-05 19:08:03,498 [pool-589-thread-1] INFO  impl.RaftServerImpl (RaftServerImpl.java:setRole(171)) - 1e7d6414-e17c-471c-bf93-9961b4eef5cf:group-2418DB47C4D7 changes role from null to FOLLOWER at term 0 for startAsFollower
2019-09-05 19:08:03,497 [pool-609-thread-1] INFO  server.RaftServerConfigKeys (ConfUtils.java:logGet(43)) - raft.server.log.force.sync.num = 128 (default)
2019-09-05 19:08:03,498 [pool-589-thread-1] INFO  impl.RoleInfo (RoleInfo.java:updateAndGet(143)) - 1e7d6414-e17c-471c-bf93-9961b4eef5cf: start FollowerState
2019-09-05 19:08:03,498 [pool-629-thread-1] INFO  server.RaftServerConfigKeys (ConfUtils.java:logGet(43)) - raft.server.log.statemachine.data.sync.timeout = 10s (default)
2019-09-05 19:08:03,498 [pool-609-thread-1] INFO  server.RaftServerConfigKeys (ConfUtils.java:logGet(43)) - raft.server.log.statemachine.data.sync = true (default)
2019-09-05 19:08:03,498 [pool-589-thread-1] INFO  util.JmxRegister (JmxRegister.java:tryRegister(44)) - Successfully registered JMX Bean with object name Ratis:service=RaftServer,group=group-2418DB47C4D7,id=1e7d6414-e17c-471c-bf93-9961b4eef5cf
2019-09-05 19:08:03,498 [pool-629-thread-1] INFO  server.RaftServerConfigKeys (ConfUtils.java:logGet(43)) - raft.server.log.statemachine.data.sync.timeout.retry = -1 (default)
2019-09-05 19:08:03,498 [pool-609-thread-1] INFO  server.RaftServerConfigKeys (ConfUtils.java:logGet(43)) - raft.server.log.statemachine.data.sync.timeout = 10s (default)
2019-09-05 19:08:03,499 [pool-629-thread-1] INFO  server.RaftServerConfigKeys (ConfUtils.java:logGet(43)) - raft.server.log.statemachine.data.caching.enabled = true (custom)
2019-09-05 19:08:03,499 [pool-609-thread-1] INFO  server.RaftServerConfigKeys (ConfUtils.java:logGet(43)) - raft.server.log.statemachine.data.sync.timeout.retry = -1 (default)
2019-09-05 19:08:03,499 [pool-629-thread-1] INFO  segmented.SegmentedRaftLogWorker (SegmentedRaftLogWorker.java:lambda$new$0(132)) - e16ed8f0-c555-42a1-afe4-d66b9853b0f1-SegmentedRaftLogWorker:Storage Directory /workdir/hadoop-ozone/integration-test/target/test-dir/MiniOzoneClusterImpl-26321163-d00f-4eeb-b505-787cf25e09ba/datanode-4/data/ratis/4c12367f-091d-4b02-8fa5-2418db47c4d7: flushIndex: setUnconditionally 0 -> -1
2019-09-05 19:08:03,500 [pool-609-thread-1] INFO  server.RaftServerConfigKeys (ConfUtils.java:logGet(43)) - raft.server.log.statemachine.data.caching.enabled = true (custom)
2019-09-05 19:08:03,500 [pool-629-thread-1] INFO  server.RaftServerConfigKeys (ConfUtils.java:logGet(43)) - raft.server.snapshot.auto.trigger.enabled = true (custom)
2019-09-05 19:08:03,500 [pool-629-thread-1] INFO  server.RaftServerConfigKeys (ConfUtils.java:logGet(43)) - raft.server.snapshot.auto.trigger.threshold = 10000 (custom)
2019-09-05 19:08:03,500 [pool-609-thread-1] INFO  segmented.SegmentedRaftLogWorker (SegmentedRaftLogWorker.java:lambda$new$0(132)) - beda15f8-b83a-4823-85ee-8c904ee61c2b-SegmentedRaftLogWorker:Storage Directory /workdir/hadoop-ozone/integration-test/target/test-dir/MiniOzoneClusterImpl-26321163-d00f-4eeb-b505-787cf25e09ba/datanode-2/data/ratis/4c12367f-091d-4b02-8fa5-2418db47c4d7: flushIndex: setUnconditionally 0 -> -1
2019-09-05 19:08:03,500 [pool-629-thread-1] INFO  server.RaftServerConfigKeys (ConfUtils.java:logGet(43)) - raft.server.retrycache.expirytime = 600000ms (custom)
2019-09-05 19:08:03,501 [pool-629-thread-1] INFO  impl.RaftServerImpl (RaftServerImpl.java:start(180)) - e16ed8f0-c555-42a1-afe4-d66b9853b0f1: start group-2418DB47C4D7
2019-09-05 19:08:03,501 [pool-629-thread-1] INFO  impl.RaftServerImpl (RaftServerImpl.java:setRole(171)) - e16ed8f0-c555-42a1-afe4-d66b9853b0f1:group-2418DB47C4D7 changes role from null to FOLLOWER at term 0 for startAsFollower
2019-09-05 19:08:03,501 [pool-609-thread-1] INFO  server.RaftServerConfigKeys (ConfUtils.java:logGet(43)) - raft.server.snapshot.auto.trigger.enabled = true (custom)
2019-09-05 19:08:03,501 [pool-629-thread-1] INFO  impl.RoleInfo (RoleInfo.java:updateAndGet(143)) - e16ed8f0-c555-42a1-afe4-d66b9853b0f1: start FollowerState
2019-09-05 19:08:03,501 [pool-609-thread-1] INFO  server.RaftServerConfigKeys (ConfUtils.java:logGet(43)) - raft.server.snapshot.auto.trigger.threshold = 10000 (custom)
2019-09-05 19:08:03,502 [pool-609-thread-1] INFO  server.RaftServerConfigKeys (ConfUtils.java:logGet(43)) - raft.server.retrycache.expirytime = 600000ms (custom)
2019-09-05 19:08:03,502 [pool-629-thread-1] INFO  util.JmxRegister (JmxRegister.java:tryRegister(44)) - Successfully registered JMX Bean with object name Ratis:service=RaftServer,group=group-2418DB47C4D7,id=e16ed8f0-c555-42a1-afe4-d66b9853b0f1
2019-09-05 19:08:03,502 [pool-609-thread-1] INFO  impl.RaftServerImpl (RaftServerImpl.java:start(180)) - beda15f8-b83a-4823-85ee-8c904ee61c2b: start group-2418DB47C4D7
2019-09-05 19:08:03,502 [pool-609-thread-1] INFO  impl.RaftServerImpl (RaftServerImpl.java:setRole(171)) - beda15f8-b83a-4823-85ee-8c904ee61c2b:group-2418DB47C4D7 changes role from null to FOLLOWER at term 0 for startAsFollower
2019-09-05 19:08:03,502 [pool-609-thread-1] INFO  impl.RoleInfo (RoleInfo.java:updateAndGet(143)) - beda15f8-b83a-4823-85ee-8c904ee61c2b: start FollowerState
2019-09-05 19:08:03,512 [pool-609-thread-1] INFO  util.JmxRegister (JmxRegister.java:tryRegister(44)) - Successfully registered JMX Bean with object name Ratis:service=RaftServer,group=group-2418DB47C4D7,id=beda15f8-b83a-4823-85ee-8c904ee61c2b
2019-09-05 19:08:03,522 [RatisPipelineUtilsThread] INFO  pipeline.PipelineStateManager (PipelineStateManager.java:addPipeline(56)) - Created pipeline Pipeline[ Id: 4c12367f-091d-4b02-8fa5-2418db47c4d7, Nodes: e16ed8f0-c555-42a1-afe4-d66b9853b0f1{ip: 192.168.36.80, host: pr-hdds-1982-decom-states-p4sss-1559755178, networkLocation: /default-rack, certSerialId: null}beda15f8-b83a-4823-85ee-8c904ee61c2b{ip: 192.168.36.80, host: pr-hdds-1982-decom-states-p4sss-1559755178, networkLocation: /default-rack, certSerialId: null}1e7d6414-e17c-471c-bf93-9961b4eef5cf{ip: 192.168.36.80, host: pr-hdds-1982-decom-states-p4sss-1559755178, networkLocation: /default-rack, certSerialId: null}, Type:RATIS, Factor:THREE, State:OPEN]
2019-09-05 19:08:03,529 [grpc-default-executor-7] INFO  impl.RaftServerProxy (RaftServerProxy.java:addNew(89)) - f543745a-0904-4953-8a38-fcef9bf68a3d: addNew group-EC5BA253973B:[f543745a-0904-4953-8a38-fcef9bf68a3d:192.168.36.80:35996] returns group-EC5BA253973B:java.util.concurrent.CompletableFuture@3bbeb3ae[Not completed]
2019-09-05 19:08:03,531 [pool-639-thread-1] INFO  impl.RaftServerImpl (RaftServerImpl.java:<init>(93)) - f543745a-0904-4953-8a38-fcef9bf68a3d: new RaftServerImpl for group-EC5BA253973B:[f543745a-0904-4953-8a38-fcef9bf68a3d:192.168.36.80:35996] with ContainerStateMachine:uninitialized
2019-09-05 19:08:03,531 [pool-639-thread-1] INFO  server.RaftServerConfigKeys (ConfUtils.java:logGet(43)) - raft.server.rpc.timeout.min = 5s (custom)
2019-09-05 19:08:03,531 [pool-639-thread-1] INFO  server.RaftServerConfigKeys (ConfUtils.java:logGet(43)) - raft.server.rpc.timeout.max = 5200ms (custom)
2019-09-05 19:08:03,531 [pool-639-thread-1] INFO  server.RaftServerConfigKeys (ConfUtils.java:logGet(43)) - raft.server.rpcslowness.timeout = 120s (custom)
2019-09-05 19:08:03,531 [pool-639-thread-1] INFO  server.RaftServerConfigKeys (ConfUtils.java:logGet(43)) - raft.server.sleep.deviation.threshold = 300 (default)
2019-09-05 19:08:03,531 [pool-639-thread-1] INFO  server.RaftServerConfigKeys (ConfUtils.java:logGet(43)) - raft.server.log.appender.install.snapshot.enabled = false (custom)
2019-09-05 19:08:03,532 [pool-639-thread-1] INFO  impl.RaftServerImpl (ServerState.java:<init>(105)) - f543745a-0904-4953-8a38-fcef9bf68a3d:group-EC5BA253973B ConfigurationManager, init=-1: [f543745a-0904-4953-8a38-fcef9bf68a3d:192.168.36.80:35996], old=null, confs=<EMPTY_MAP>
2019-09-05 19:08:03,532 [pool-639-thread-1] INFO  server.RaftServerConfigKeys (ConfUtils.java:logGet(43)) - raft.server.storage.dir = [/workdir/hadoop-ozone/integration-test/target/test-dir/MiniOzoneClusterImpl-26321163-d00f-4eeb-b505-787cf25e09ba/datanode-5/data/ratis] (custom)
2019-09-05 19:08:03,532 [pool-639-thread-1] INFO  storage.RaftStorageDirectory (RaftStorageDirectory.java:analyzeStorage(246)) - The storage directory /workdir/hadoop-ozone/integration-test/target/test-dir/MiniOzoneClusterImpl-26321163-d00f-4eeb-b505-787cf25e09ba/datanode-5/data/ratis/e0e05678-dbc2-4b5f-9848-ec5ba253973b does not exist. Creating ...
2019-09-05 19:08:03,577 [pool-639-thread-1] INFO  storage.RaftStorageDirectory (RaftStorageDirectory.java:tryLock(328)) - Lock on /workdir/hadoop-ozone/integration-test/target/test-dir/MiniOzoneClusterImpl-26321163-d00f-4eeb-b505-787cf25e09ba/datanode-5/data/ratis/e0e05678-dbc2-4b5f-9848-ec5ba253973b/in_use.lock acquired by nodename 23431@pr-hdds-1982-decom-states-p4sss-1559755178
2019-09-05 19:08:03,622 [pool-639-thread-1] INFO  storage.RaftStorage (RaftStorage.java:format(72)) - Storage directory /workdir/hadoop-ozone/integration-test/target/test-dir/MiniOzoneClusterImpl-26321163-d00f-4eeb-b505-787cf25e09ba/datanode-5/data/ratis/e0e05678-dbc2-4b5f-9848-ec5ba253973b has been successfully formatted.
2019-09-05 19:08:03,623 [pool-639-thread-1] INFO  ratis.ContainerStateMachine (ContainerStateMachine.java:loadSnapshot(227)) - group-EC5BA253973B: The snapshot info is null. Setting the last applied indexto:(t:0, i:~)
2019-09-05 19:08:03,623 [pool-639-thread-1] INFO  server.RaftServerConfigKeys (ConfUtils.java:logGet(43)) - raft.server.leader.election.timeout = 120s (custom)
2019-09-05 19:08:03,623 [pool-639-thread-1] INFO  server.RaftServerConfigKeys (ConfUtils.java:logGet(43)) - raft.server.log.use.memory = false (default)
2019-09-05 19:08:03,623 [pool-639-thread-1] INFO  server.RaftServerConfigKeys (ConfUtils.java:logGet(43)) - raft.server.log.purge.gap = 1000000 (custom)
2019-09-05 19:08:03,623 [pool-639-thread-1] INFO  server.RaftServerConfigKeys (ConfUtils.java:logGet(43)) - raft.server.log.appender.buffer.byte-limit = 33554432 (custom)
2019-09-05 19:08:03,623 [pool-639-thread-1] INFO  server.RaftServerConfigKeys (ConfUtils.java:logGet(43)) - raft.server.log.segment.size.max = 1048576 (custom)
2019-09-05 19:08:03,623 [pool-639-thread-1] INFO  server.RaftServerConfigKeys (ConfUtils.java:logGet(43)) - raft.server.log.segment.cache.num.max = 2 (custom)
2019-09-05 19:08:03,623 [pool-639-thread-1] INFO  segmented.SegmentedRaftLogWorker (SegmentedRaftLogWorker.java:<init>(172)) - new f543745a-0904-4953-8a38-fcef9bf68a3d-SegmentedRaftLogWorker:Storage Directory /workdir/hadoop-ozone/integration-test/target/test-dir/MiniOzoneClusterImpl-26321163-d00f-4eeb-b505-787cf25e09ba/datanode-5/data/ratis/e0e05678-dbc2-4b5f-9848-ec5ba253973b for RaftStorage:Storage Directory /workdir/hadoop-ozone/integration-test/target/test-dir/MiniOzoneClusterImpl-26321163-d00f-4eeb-b505-787cf25e09ba/datanode-5/data/ratis/e0e05678-dbc2-4b5f-9848-ec5ba253973b
2019-09-05 19:08:03,624 [pool-639-thread-1] INFO  server.RaftServerConfigKeys (ConfUtils.java:logGet(43)) - raft.server.log.queue.byte-limit = 2147483647 (custom)
2019-09-05 19:08:03,624 [pool-639-thread-1] INFO  server.RaftServerConfigKeys (ConfUtils.java:logGet(43)) - raft.server.log.queue.element-limit = 1024 (custom)
2019-09-05 19:08:03,624 [pool-639-thread-1] INFO  server.RaftServerConfigKeys (ConfUtils.java:logGet(43)) - raft.server.log.segment.size.max = 1048576 (custom)
2019-09-05 19:08:03,624 [pool-639-thread-1] INFO  server.RaftServerConfigKeys (ConfUtils.java:logGet(43)) - raft.server.log.preallocated.size = 16384 (custom)
2019-09-05 19:08:03,624 [pool-639-thread-1] INFO  server.RaftServerConfigKeys (ConfUtils.java:logGet(43)) - raft.server.log.write.buffer.size = 33554432 (custom)
2019-09-05 19:08:03,624 [pool-639-thread-1] INFO  server.RaftServerConfigKeys (ConfUtils.java:logGet(43)) - raft.server.log.force.sync.num = 128 (default)
2019-09-05 19:08:03,624 [pool-639-thread-1] INFO  server.RaftServerConfigKeys (ConfUtils.java:logGet(43)) - raft.server.log.statemachine.data.sync = true (default)
2019-09-05 19:08:03,624 [pool-639-thread-1] INFO  server.RaftServerConfigKeys (ConfUtils.java:logGet(43)) - raft.server.log.statemachine.data.sync.timeout = 10s (default)
2019-09-05 19:08:03,625 [pool-639-thread-1] INFO  server.RaftServerConfigKeys (ConfUtils.java:logGet(43)) - raft.server.log.statemachine.data.sync.timeout.retry = -1 (default)
2019-09-05 19:08:03,625 [pool-639-thread-1] INFO  server.RaftServerConfigKeys (ConfUtils.java:logGet(43)) - raft.server.log.statemachine.data.caching.enabled = true (custom)
2019-09-05 19:08:03,625 [pool-639-thread-1] INFO  segmented.SegmentedRaftLogWorker (SegmentedRaftLogWorker.java:lambda$new$0(132)) - f543745a-0904-4953-8a38-fcef9bf68a3d-SegmentedRaftLogWorker:Storage Directory /workdir/hadoop-ozone/integration-test/target/test-dir/MiniOzoneClusterImpl-26321163-d00f-4eeb-b505-787cf25e09ba/datanode-5/data/ratis/e0e05678-dbc2-4b5f-9848-ec5ba253973b: flushIndex: setUnconditionally 0 -> -1
2019-09-05 19:08:03,625 [pool-639-thread-1] INFO  server.RaftServerConfigKeys (ConfUtils.java:logGet(43)) - raft.server.snapshot.auto.trigger.enabled = true (custom)
2019-09-05 19:08:03,626 [pool-639-thread-1] INFO  server.RaftServerConfigKeys (ConfUtils.java:logGet(43)) - raft.server.snapshot.auto.trigger.threshold = 10000 (custom)
2019-09-05 19:08:03,626 [pool-639-thread-1] INFO  server.RaftServerConfigKeys (ConfUtils.java:logGet(43)) - raft.server.retrycache.expirytime = 600000ms (custom)
2019-09-05 19:08:03,626 [pool-639-thread-1] INFO  impl.RaftServerImpl (RaftServerImpl.java:start(180)) - f543745a-0904-4953-8a38-fcef9bf68a3d: start group-EC5BA253973B
2019-09-05 19:08:03,626 [pool-639-thread-1] INFO  impl.RaftServerImpl (RaftServerImpl.java:setRole(171)) - f543745a-0904-4953-8a38-fcef9bf68a3d:group-EC5BA253973B changes role from null to FOLLOWER at term 0 for startAsFollower
2019-09-05 19:08:03,626 [pool-639-thread-1] INFO  impl.RoleInfo (RoleInfo.java:updateAndGet(143)) - f543745a-0904-4953-8a38-fcef9bf68a3d: start FollowerState
2019-09-05 19:08:03,626 [pool-639-thread-1] INFO  util.JmxRegister (JmxRegister.java:tryRegister(44)) - Successfully registered JMX Bean with object name Ratis:service=RaftServer,group=group-EC5BA253973B,id=f543745a-0904-4953-8a38-fcef9bf68a3d
2019-09-05 19:08:03,629 [RatisPipelineUtilsThread] INFO  pipeline.PipelineStateManager (PipelineStateManager.java:addPipeline(56)) - Created pipeline Pipeline[ Id: e0e05678-dbc2-4b5f-9848-ec5ba253973b, Nodes: f543745a-0904-4953-8a38-fcef9bf68a3d{ip: 192.168.36.80, host: pr-hdds-1982-decom-states-p4sss-1559755178, networkLocation: /default-rack, certSerialId: null}, Type:RATIS, Factor:ONE, State:OPEN]
2019-09-05 19:08:03,635 [grpc-default-executor-7] INFO  impl.RaftServerProxy (RaftServerProxy.java:addNew(89)) - c8d767ea-c04e-46f1-9df9-21a6292b5885: addNew group-C652C80EDB7A:[c8d767ea-c04e-46f1-9df9-21a6292b5885:192.168.36.80:36176] returns group-C652C80EDB7A:java.util.concurrent.CompletableFuture@777a25a0[Not completed]
2019-09-05 19:08:03,636 [pool-619-thread-1] INFO  impl.RaftServerImpl (RaftServerImpl.java:<init>(93)) - c8d767ea-c04e-46f1-9df9-21a6292b5885: new RaftServerImpl for group-C652C80EDB7A:[c8d767ea-c04e-46f1-9df9-21a6292b5885:192.168.36.80:36176] with ContainerStateMachine:uninitialized
2019-09-05 19:08:03,636 [pool-619-thread-1] INFO  server.RaftServerConfigKeys (ConfUtils.java:logGet(43)) - raft.server.rpc.timeout.min = 5s (custom)
2019-09-05 19:08:03,636 [pool-619-thread-1] INFO  server.RaftServerConfigKeys (ConfUtils.java:logGet(43)) - raft.server.rpc.timeout.max = 5200ms (custom)
2019-09-05 19:08:03,636 [pool-619-thread-1] INFO  server.RaftServerConfigKeys (ConfUtils.java:logGet(43)) - raft.server.rpcslowness.timeout = 120s (custom)
2019-09-05 19:08:03,636 [pool-619-thread-1] INFO  server.RaftServerConfigKeys (ConfUtils.java:logGet(43)) - raft.server.sleep.deviation.threshold = 300 (default)
2019-09-05 19:08:03,636 [pool-619-thread-1] INFO  server.RaftServerConfigKeys (ConfUtils.java:logGet(43)) - raft.server.log.appender.install.snapshot.enabled = false (custom)
2019-09-05 19:08:03,637 [pool-619-thread-1] INFO  impl.RaftServerImpl (ServerState.java:<init>(105)) - c8d767ea-c04e-46f1-9df9-21a6292b5885:group-C652C80EDB7A ConfigurationManager, init=-1: [c8d767ea-c04e-46f1-9df9-21a6292b5885:192.168.36.80:36176], old=null, confs=<EMPTY_MAP>
2019-09-05 19:08:03,637 [pool-619-thread-1] INFO  server.RaftServerConfigKeys (ConfUtils.java:logGet(43)) - raft.server.storage.dir = [/workdir/hadoop-ozone/integration-test/target/test-dir/MiniOzoneClusterImpl-26321163-d00f-4eeb-b505-787cf25e09ba/datanode-3/data/ratis] (custom)
2019-09-05 19:08:03,637 [pool-619-thread-1] INFO  storage.RaftStorageDirectory (RaftStorageDirectory.java:analyzeStorage(246)) - The storage directory /workdir/hadoop-ozone/integration-test/target/test-dir/MiniOzoneClusterImpl-26321163-d00f-4eeb-b505-787cf25e09ba/datanode-3/data/ratis/ac450984-41b2-4031-bf58-c652c80edb7a does not exist. Creating ...
2019-09-05 19:08:03,664 [pool-619-thread-1] INFO  storage.RaftStorageDirectory (RaftStorageDirectory.java:tryLock(328)) - Lock on /workdir/hadoop-ozone/integration-test/target/test-dir/MiniOzoneClusterImpl-26321163-d00f-4eeb-b505-787cf25e09ba/datanode-3/data/ratis/ac450984-41b2-4031-bf58-c652c80edb7a/in_use.lock acquired by nodename 23431@pr-hdds-1982-decom-states-p4sss-1559755178
2019-09-05 19:08:03,757 [pool-619-thread-1] INFO  storage.RaftStorage (RaftStorage.java:format(72)) - Storage directory /workdir/hadoop-ozone/integration-test/target/test-dir/MiniOzoneClusterImpl-26321163-d00f-4eeb-b505-787cf25e09ba/datanode-3/data/ratis/ac450984-41b2-4031-bf58-c652c80edb7a has been successfully formatted.
2019-09-05 19:08:03,757 [pool-619-thread-1] INFO  ratis.ContainerStateMachine (ContainerStateMachine.java:loadSnapshot(227)) - group-C652C80EDB7A: The snapshot info is null. Setting the last applied indexto:(t:0, i:~)
2019-09-05 19:08:03,758 [pool-619-thread-1] INFO  server.RaftServerConfigKeys (ConfUtils.java:logGet(43)) - raft.server.leader.election.timeout = 120s (custom)
2019-09-05 19:08:03,758 [pool-619-thread-1] INFO  server.RaftServerConfigKeys (ConfUtils.java:logGet(43)) - raft.server.log.use.memory = false (default)
2019-09-05 19:08:03,758 [pool-619-thread-1] INFO  server.RaftServerConfigKeys (ConfUtils.java:logGet(43)) - raft.server.log.purge.gap = 1000000 (custom)
2019-09-05 19:08:03,758 [pool-619-thread-1] INFO  server.RaftServerConfigKeys (ConfUtils.java:logGet(43)) - raft.server.log.appender.buffer.byte-limit = 33554432 (custom)
2019-09-05 19:08:03,758 [pool-619-thread-1] INFO  server.RaftServerConfigKeys (ConfUtils.java:logGet(43)) - raft.server.log.segment.size.max = 1048576 (custom)
2019-09-05 19:08:03,759 [pool-619-thread-1] INFO  server.RaftServerConfigKeys (ConfUtils.java:logGet(43)) - raft.server.log.segment.cache.num.max = 2 (custom)
2019-09-05 19:08:03,759 [pool-619-thread-1] INFO  segmented.SegmentedRaftLogWorker (SegmentedRaftLogWorker.java:<init>(172)) - new c8d767ea-c04e-46f1-9df9-21a6292b5885-SegmentedRaftLogWorker:Storage Directory /workdir/hadoop-ozone/integration-test/target/test-dir/MiniOzoneClusterImpl-26321163-d00f-4eeb-b505-787cf25e09ba/datanode-3/data/ratis/ac450984-41b2-4031-bf58-c652c80edb7a for RaftStorage:Storage Directory /workdir/hadoop-ozone/integration-test/target/test-dir/MiniOzoneClusterImpl-26321163-d00f-4eeb-b505-787cf25e09ba/datanode-3/data/ratis/ac450984-41b2-4031-bf58-c652c80edb7a
2019-09-05 19:08:03,759 [pool-619-thread-1] INFO  server.RaftServerConfigKeys (ConfUtils.java:logGet(43)) - raft.server.log.queue.byte-limit = 2147483647 (custom)
2019-09-05 19:08:03,759 [pool-619-thread-1] INFO  server.RaftServerConfigKeys (ConfUtils.java:logGet(43)) - raft.server.log.queue.element-limit = 1024 (custom)
2019-09-05 19:08:03,759 [pool-619-thread-1] INFO  server.RaftServerConfigKeys (ConfUtils.java:logGet(43)) - raft.server.log.segment.size.max = 1048576 (custom)
2019-09-05 19:08:03,759 [pool-619-thread-1] INFO  server.RaftServerConfigKeys (ConfUtils.java:logGet(43)) - raft.server.log.preallocated.size = 16384 (custom)
2019-09-05 19:08:03,760 [pool-619-thread-1] INFO  server.RaftServerConfigKeys (ConfUtils.java:logGet(43)) - raft.server.log.write.buffer.size = 33554432 (custom)
2019-09-05 19:08:03,760 [pool-619-thread-1] INFO  server.RaftServerConfigKeys (ConfUtils.java:logGet(43)) - raft.server.log.force.sync.num = 128 (default)
2019-09-05 19:08:03,760 [pool-619-thread-1] INFO  server.RaftServerConfigKeys (ConfUtils.java:logGet(43)) - raft.server.log.statemachine.data.sync = true (default)
2019-09-05 19:08:03,760 [pool-619-thread-1] INFO  server.RaftServerConfigKeys (ConfUtils.java:logGet(43)) - raft.server.log.statemachine.data.sync.timeout = 10s (default)
2019-09-05 19:08:03,760 [pool-619-thread-1] INFO  server.RaftServerConfigKeys (ConfUtils.java:logGet(43)) - raft.server.log.statemachine.data.sync.timeout.retry = -1 (default)
2019-09-05 19:08:03,760 [pool-619-thread-1] INFO  server.RaftServerConfigKeys (ConfUtils.java:logGet(43)) - raft.server.log.statemachine.data.caching.enabled = true (custom)
2019-09-05 19:08:03,761 [pool-619-thread-1] INFO  segmented.SegmentedRaftLogWorker (SegmentedRaftLogWorker.java:lambda$new$0(132)) - c8d767ea-c04e-46f1-9df9-21a6292b5885-SegmentedRaftLogWorker:Storage Directory /workdir/hadoop-ozone/integration-test/target/test-dir/MiniOzoneClusterImpl-26321163-d00f-4eeb-b505-787cf25e09ba/datanode-3/data/ratis/ac450984-41b2-4031-bf58-c652c80edb7a: flushIndex: setUnconditionally 0 -> -1
2019-09-05 19:08:03,761 [pool-619-thread-1] INFO  server.RaftServerConfigKeys (ConfUtils.java:logGet(43)) - raft.server.snapshot.auto.trigger.enabled = true (custom)
2019-09-05 19:08:03,761 [pool-619-thread-1] INFO  server.RaftServerConfigKeys (ConfUtils.java:logGet(43)) - raft.server.snapshot.auto.trigger.threshold = 10000 (custom)
2019-09-05 19:08:03,762 [pool-619-thread-1] INFO  server.RaftServerConfigKeys (ConfUtils.java:logGet(43)) - raft.server.retrycache.expirytime = 600000ms (custom)
2019-09-05 19:08:03,762 [pool-619-thread-1] INFO  impl.RaftServerImpl (RaftServerImpl.java:start(180)) - c8d767ea-c04e-46f1-9df9-21a6292b5885: start group-C652C80EDB7A
2019-09-05 19:08:03,762 [pool-619-thread-1] INFO  impl.RaftServerImpl (RaftServerImpl.java:setRole(171)) - c8d767ea-c04e-46f1-9df9-21a6292b5885:group-C652C80EDB7A changes role from null to FOLLOWER at term 0 for startAsFollower
2019-09-05 19:08:03,762 [pool-619-thread-1] INFO  impl.RoleInfo (RoleInfo.java:updateAndGet(143)) - c8d767ea-c04e-46f1-9df9-21a6292b5885: start FollowerState
2019-09-05 19:08:03,763 [pool-619-thread-1] INFO  util.JmxRegister (JmxRegister.java:tryRegister(44)) - Successfully registered JMX Bean with object name Ratis:service=RaftServer,group=group-C652C80EDB7A,id=c8d767ea-c04e-46f1-9df9-21a6292b5885
2019-09-05 19:08:03,765 [RatisPipelineUtilsThread] INFO  pipeline.PipelineStateManager (PipelineStateManager.java:addPipeline(56)) - Created pipeline Pipeline[ Id: ac450984-41b2-4031-bf58-c652c80edb7a, Nodes: c8d767ea-c04e-46f1-9df9-21a6292b5885{ip: 192.168.36.80, host: pr-hdds-1982-decom-states-p4sss-1559755178, networkLocation: /default-rack, certSerialId: null}, Type:RATIS, Factor:ONE, State:OPEN]
2019-09-05 19:08:03,774 [grpc-default-executor-7] INFO  impl.RaftServerProxy (RaftServerProxy.java:addNew(89)) - a6f20ed7-6960-4d82-b055-3029b3e4a05b: addNew group-66E53D7059FA:[a6f20ed7-6960-4d82-b055-3029b3e4a05b:192.168.36.80:46205] returns group-66E53D7059FA:java.util.concurrent.CompletableFuture@7e956195[Not completed]
2019-09-05 19:08:03,775 [pool-649-thread-1] INFO  impl.RaftServerImpl (RaftServerImpl.java:<init>(93)) - a6f20ed7-6960-4d82-b055-3029b3e4a05b: new RaftServerImpl for group-66E53D7059FA:[a6f20ed7-6960-4d82-b055-3029b3e4a05b:192.168.36.80:46205] with ContainerStateMachine:uninitialized
2019-09-05 19:08:03,775 [pool-649-thread-1] INFO  server.RaftServerConfigKeys (ConfUtils.java:logGet(43)) - raft.server.rpc.timeout.min = 5s (custom)
2019-09-05 19:08:03,776 [pool-649-thread-1] INFO  server.RaftServerConfigKeys (ConfUtils.java:logGet(43)) - raft.server.rpc.timeout.max = 5200ms (custom)
2019-09-05 19:08:03,776 [pool-649-thread-1] INFO  server.RaftServerConfigKeys (ConfUtils.java:logGet(43)) - raft.server.rpcslowness.timeout = 120s (custom)
2019-09-05 19:08:03,776 [pool-649-thread-1] INFO  server.RaftServerConfigKeys (ConfUtils.java:logGet(43)) - raft.server.sleep.deviation.threshold = 300 (default)
2019-09-05 19:08:03,776 [pool-649-thread-1] INFO  server.RaftServerConfigKeys (ConfUtils.java:logGet(43)) - raft.server.log.appender.install.snapshot.enabled = false (custom)
2019-09-05 19:08:03,776 [pool-649-thread-1] INFO  impl.RaftServerImpl (ServerState.java:<init>(105)) - a6f20ed7-6960-4d82-b055-3029b3e4a05b:group-66E53D7059FA ConfigurationManager, init=-1: [a6f20ed7-6960-4d82-b055-3029b3e4a05b:192.168.36.80:46205], old=null, confs=<EMPTY_MAP>
2019-09-05 19:08:03,776 [pool-649-thread-1] INFO  server.RaftServerConfigKeys (ConfUtils.java:logGet(43)) - raft.server.storage.dir = [/workdir/hadoop-ozone/integration-test/target/test-dir/MiniOzoneClusterImpl-26321163-d00f-4eeb-b505-787cf25e09ba/datanode-6/data/ratis] (custom)
2019-09-05 19:08:03,776 [pool-649-thread-1] INFO  storage.RaftStorageDirectory (RaftStorageDirectory.java:analyzeStorage(246)) - The storage directory /workdir/hadoop-ozone/integration-test/target/test-dir/MiniOzoneClusterImpl-26321163-d00f-4eeb-b505-787cf25e09ba/datanode-6/data/ratis/e9231d58-ec69-4b20-9b01-66e53d7059fa does not exist. Creating ...
2019-09-05 19:08:03,882 [pool-649-thread-1] INFO  storage.RaftStorageDirectory (RaftStorageDirectory.java:tryLock(328)) - Lock on /workdir/hadoop-ozone/integration-test/target/test-dir/MiniOzoneClusterImpl-26321163-d00f-4eeb-b505-787cf25e09ba/datanode-6/data/ratis/e9231d58-ec69-4b20-9b01-66e53d7059fa/in_use.lock acquired by nodename 23431@pr-hdds-1982-decom-states-p4sss-1559755178
2019-09-05 19:08:03,924 [pool-649-thread-1] INFO  storage.RaftStorage (RaftStorage.java:format(72)) - Storage directory /workdir/hadoop-ozone/integration-test/target/test-dir/MiniOzoneClusterImpl-26321163-d00f-4eeb-b505-787cf25e09ba/datanode-6/data/ratis/e9231d58-ec69-4b20-9b01-66e53d7059fa has been successfully formatted.
2019-09-05 19:08:03,925 [pool-649-thread-1] INFO  ratis.ContainerStateMachine (ContainerStateMachine.java:loadSnapshot(227)) - group-66E53D7059FA: The snapshot info is null. Setting the last applied indexto:(t:0, i:~)
2019-09-05 19:08:03,925 [pool-649-thread-1] INFO  server.RaftServerConfigKeys (ConfUtils.java:logGet(43)) - raft.server.leader.election.timeout = 120s (custom)
2019-09-05 19:08:03,925 [pool-649-thread-1] INFO  server.RaftServerConfigKeys (ConfUtils.java:logGet(43)) - raft.server.log.use.memory = false (default)
2019-09-05 19:08:03,925 [pool-649-thread-1] INFO  server.RaftServerConfigKeys (ConfUtils.java:logGet(43)) - raft.server.log.purge.gap = 1000000 (custom)
2019-09-05 19:08:03,925 [pool-649-thread-1] INFO  server.RaftServerConfigKeys (ConfUtils.java:logGet(43)) - raft.server.log.appender.buffer.byte-limit = 33554432 (custom)
2019-09-05 19:08:03,925 [pool-649-thread-1] INFO  server.RaftServerConfigKeys (ConfUtils.java:logGet(43)) - raft.server.log.segment.size.max = 1048576 (custom)
2019-09-05 19:08:03,925 [pool-649-thread-1] INFO  server.RaftServerConfigKeys (ConfUtils.java:logGet(43)) - raft.server.log.segment.cache.num.max = 2 (custom)
2019-09-05 19:08:03,926 [pool-649-thread-1] INFO  segmented.SegmentedRaftLogWorker (SegmentedRaftLogWorker.java:<init>(172)) - new a6f20ed7-6960-4d82-b055-3029b3e4a05b-SegmentedRaftLogWorker:Storage Directory /workdir/hadoop-ozone/integration-test/target/test-dir/MiniOzoneClusterImpl-26321163-d00f-4eeb-b505-787cf25e09ba/datanode-6/data/ratis/e9231d58-ec69-4b20-9b01-66e53d7059fa for RaftStorage:Storage Directory /workdir/hadoop-ozone/integration-test/target/test-dir/MiniOzoneClusterImpl-26321163-d00f-4eeb-b505-787cf25e09ba/datanode-6/data/ratis/e9231d58-ec69-4b20-9b01-66e53d7059fa
2019-09-05 19:08:03,926 [pool-649-thread-1] INFO  server.RaftServerConfigKeys (ConfUtils.java:logGet(43)) - raft.server.log.queue.byte-limit = 2147483647 (custom)
2019-09-05 19:08:03,926 [pool-649-thread-1] INFO  server.RaftServerConfigKeys (ConfUtils.java:logGet(43)) - raft.server.log.queue.element-limit = 1024 (custom)
2019-09-05 19:08:03,926 [pool-649-thread-1] INFO  server.RaftServerConfigKeys (ConfUtils.java:logGet(43)) - raft.server.log.segment.size.max = 1048576 (custom)
2019-09-05 19:08:03,926 [pool-649-thread-1] INFO  server.RaftServerConfigKeys (ConfUtils.java:logGet(43)) - raft.server.log.preallocated.size = 16384 (custom)
2019-09-05 19:08:03,926 [pool-649-thread-1] INFO  server.RaftServerConfigKeys (ConfUtils.java:logGet(43)) - raft.server.log.write.buffer.size = 33554432 (custom)
2019-09-05 19:08:03,927 [pool-649-thread-1] INFO  server.RaftServerConfigKeys (ConfUtils.java:logGet(43)) - raft.server.log.force.sync.num = 128 (default)
2019-09-05 19:08:03,927 [pool-649-thread-1] INFO  server.RaftServerConfigKeys (ConfUtils.java:logGet(43)) - raft.server.log.statemachine.data.sync = true (default)
2019-09-05 19:08:03,927 [pool-649-thread-1] INFO  server.RaftServerConfigKeys (ConfUtils.java:logGet(43)) - raft.server.log.statemachine.data.sync.timeout = 10s (default)
2019-09-05 19:08:03,927 [pool-649-thread-1] INFO  server.RaftServerConfigKeys (ConfUtils.java:logGet(43)) - raft.server.log.statemachine.data.sync.timeout.retry = -1 (default)
2019-09-05 19:08:03,927 [pool-649-thread-1] INFO  server.RaftServerConfigKeys (ConfUtils.java:logGet(43)) - raft.server.log.statemachine.data.caching.enabled = true (custom)
2019-09-05 19:08:03,927 [pool-649-thread-1] INFO  segmented.SegmentedRaftLogWorker (SegmentedRaftLogWorker.java:lambda$new$0(132)) - a6f20ed7-6960-4d82-b055-3029b3e4a05b-SegmentedRaftLogWorker:Storage Directory /workdir/hadoop-ozone/integration-test/target/test-dir/MiniOzoneClusterImpl-26321163-d00f-4eeb-b505-787cf25e09ba/datanode-6/data/ratis/e9231d58-ec69-4b20-9b01-66e53d7059fa: flushIndex: setUnconditionally 0 -> -1
2019-09-05 19:08:03,928 [pool-649-thread-1] INFO  server.RaftServerConfigKeys (ConfUtils.java:logGet(43)) - raft.server.snapshot.auto.trigger.enabled = true (custom)
2019-09-05 19:08:03,928 [pool-649-thread-1] INFO  server.RaftServerConfigKeys (ConfUtils.java:logGet(43)) - raft.server.snapshot.auto.trigger.threshold = 10000 (custom)
2019-09-05 19:08:03,928 [pool-649-thread-1] INFO  server.RaftServerConfigKeys (ConfUtils.java:logGet(43)) - raft.server.retrycache.expirytime = 600000ms (custom)
2019-09-05 19:08:03,928 [pool-649-thread-1] INFO  impl.RaftServerImpl (RaftServerImpl.java:start(180)) - a6f20ed7-6960-4d82-b055-3029b3e4a05b: start group-66E53D7059FA
2019-09-05 19:08:03,928 [pool-649-thread-1] INFO  impl.RaftServerImpl (RaftServerImpl.java:setRole(171)) - a6f20ed7-6960-4d82-b055-3029b3e4a05b:group-66E53D7059FA changes role from null to FOLLOWER at term 0 for startAsFollower
2019-09-05 19:08:03,929 [pool-649-thread-1] INFO  impl.RoleInfo (RoleInfo.java:updateAndGet(143)) - a6f20ed7-6960-4d82-b055-3029b3e4a05b: start FollowerState
2019-09-05 19:08:03,929 [pool-649-thread-1] INFO  util.JmxRegister (JmxRegister.java:tryRegister(44)) - Successfully registered JMX Bean with object name Ratis:service=RaftServer,group=group-66E53D7059FA,id=a6f20ed7-6960-4d82-b055-3029b3e4a05b
2019-09-05 19:08:03,931 [RatisPipelineUtilsThread] INFO  pipeline.PipelineStateManager (PipelineStateManager.java:addPipeline(56)) - Created pipeline Pipeline[ Id: e9231d58-ec69-4b20-9b01-66e53d7059fa, Nodes: a6f20ed7-6960-4d82-b055-3029b3e4a05b{ip: 192.168.36.80, host: pr-hdds-1982-decom-states-p4sss-1559755178, networkLocation: /default-rack, certSerialId: null}, Type:RATIS, Factor:ONE, State:OPEN]
2019-09-05 19:08:03,940 [grpc-default-executor-7] INFO  impl.RaftServerProxy (RaftServerProxy.java:addNew(89)) - e16ed8f0-c555-42a1-afe4-d66b9853b0f1: addNew group-AD6B689E4682:[e16ed8f0-c555-42a1-afe4-d66b9853b0f1:192.168.36.80:46666] returns group-AD6B689E4682:java.util.concurrent.CompletableFuture@44c07cb[Not completed]
2019-09-05 19:08:03,942 [pool-629-thread-1] INFO  impl.RaftServerImpl (RaftServerImpl.java:<init>(93)) - e16ed8f0-c555-42a1-afe4-d66b9853b0f1: new RaftServerImpl for group-AD6B689E4682:[e16ed8f0-c555-42a1-afe4-d66b9853b0f1:192.168.36.80:46666] with ContainerStateMachine:uninitialized
2019-09-05 19:08:03,942 [pool-629-thread-1] INFO  server.RaftServerConfigKeys (ConfUtils.java:logGet(43)) - raft.server.rpc.timeout.min = 5s (custom)
2019-09-05 19:08:03,942 [pool-629-thread-1] INFO  server.RaftServerConfigKeys (ConfUtils.java:logGet(43)) - raft.server.rpc.timeout.max = 5200ms (custom)
2019-09-05 19:08:03,942 [pool-629-thread-1] INFO  server.RaftServerConfigKeys (ConfUtils.java:logGet(43)) - raft.server.rpcslowness.timeout = 120s (custom)
2019-09-05 19:08:03,942 [pool-629-thread-1] INFO  server.RaftServerConfigKeys (ConfUtils.java:logGet(43)) - raft.server.sleep.deviation.threshold = 300 (default)
2019-09-05 19:08:03,942 [pool-629-thread-1] INFO  server.RaftServerConfigKeys (ConfUtils.java:logGet(43)) - raft.server.log.appender.install.snapshot.enabled = false (custom)
2019-09-05 19:08:03,943 [pool-629-thread-1] INFO  impl.RaftServerImpl (ServerState.java:<init>(105)) - e16ed8f0-c555-42a1-afe4-d66b9853b0f1:group-AD6B689E4682 ConfigurationManager, init=-1: [e16ed8f0-c555-42a1-afe4-d66b9853b0f1:192.168.36.80:46666], old=null, confs=<EMPTY_MAP>
2019-09-05 19:08:03,943 [pool-629-thread-1] INFO  server.RaftServerConfigKeys (ConfUtils.java:logGet(43)) - raft.server.storage.dir = [/workdir/hadoop-ozone/integration-test/target/test-dir/MiniOzoneClusterImpl-26321163-d00f-4eeb-b505-787cf25e09ba/datanode-4/data/ratis] (custom)
2019-09-05 19:08:03,943 [pool-629-thread-1] INFO  storage.RaftStorageDirectory (RaftStorageDirectory.java:analyzeStorage(246)) - The storage directory /workdir/hadoop-ozone/integration-test/target/test-dir/MiniOzoneClusterImpl-26321163-d00f-4eeb-b505-787cf25e09ba/datanode-4/data/ratis/5e6eb323-f82a-4cb4-9f82-ad6b689e4682 does not exist. Creating ...
2019-09-05 19:08:03,956 [pool-629-thread-1] INFO  storage.RaftStorageDirectory (RaftStorageDirectory.java:tryLock(328)) - Lock on /workdir/hadoop-ozone/integration-test/target/test-dir/MiniOzoneClusterImpl-26321163-d00f-4eeb-b505-787cf25e09ba/datanode-4/data/ratis/5e6eb323-f82a-4cb4-9f82-ad6b689e4682/in_use.lock acquired by nodename 23431@pr-hdds-1982-decom-states-p4sss-1559755178
2019-09-05 19:08:03,970 [pool-629-thread-1] INFO  storage.RaftStorage (RaftStorage.java:format(72)) - Storage directory /workdir/hadoop-ozone/integration-test/target/test-dir/MiniOzoneClusterImpl-26321163-d00f-4eeb-b505-787cf25e09ba/datanode-4/data/ratis/5e6eb323-f82a-4cb4-9f82-ad6b689e4682 has been successfully formatted.
2019-09-05 19:08:03,970 [pool-629-thread-1] INFO  ratis.ContainerStateMachine (ContainerStateMachine.java:loadSnapshot(227)) - group-AD6B689E4682: The snapshot info is null. Setting the last applied indexto:(t:0, i:~)
2019-09-05 19:08:03,970 [pool-629-thread-1] INFO  server.RaftServerConfigKeys (ConfUtils.java:logGet(43)) - raft.server.leader.election.timeout = 120s (custom)
2019-09-05 19:08:03,970 [pool-629-thread-1] INFO  server.RaftServerConfigKeys (ConfUtils.java:logGet(43)) - raft.server.log.use.memory = false (default)
2019-09-05 19:08:03,970 [pool-629-thread-1] INFO  server.RaftServerConfigKeys (ConfUtils.java:logGet(43)) - raft.server.log.purge.gap = 1000000 (custom)
2019-09-05 19:08:03,971 [pool-629-thread-1] INFO  server.RaftServerConfigKeys (ConfUtils.java:logGet(43)) - raft.server.log.appender.buffer.byte-limit = 33554432 (custom)
2019-09-05 19:08:03,971 [pool-629-thread-1] INFO  server.RaftServerConfigKeys (ConfUtils.java:logGet(43)) - raft.server.log.segment.size.max = 1048576 (custom)
2019-09-05 19:08:03,971 [pool-629-thread-1] INFO  server.RaftServerConfigKeys (ConfUtils.java:logGet(43)) - raft.server.log.segment.cache.num.max = 2 (custom)
2019-09-05 19:08:03,971 [pool-629-thread-1] INFO  segmented.SegmentedRaftLogWorker (SegmentedRaftLogWorker.java:<init>(172)) - new e16ed8f0-c555-42a1-afe4-d66b9853b0f1-SegmentedRaftLogWorker:Storage Directory /workdir/hadoop-ozone/integration-test/target/test-dir/MiniOzoneClusterImpl-26321163-d00f-4eeb-b505-787cf25e09ba/datanode-4/data/ratis/5e6eb323-f82a-4cb4-9f82-ad6b689e4682 for RaftStorage:Storage Directory /workdir/hadoop-ozone/integration-test/target/test-dir/MiniOzoneClusterImpl-26321163-d00f-4eeb-b505-787cf25e09ba/datanode-4/data/ratis/5e6eb323-f82a-4cb4-9f82-ad6b689e4682
2019-09-05 19:08:03,971 [pool-629-thread-1] INFO  server.RaftServerConfigKeys (ConfUtils.java:logGet(43)) - raft.server.log.queue.byte-limit = 2147483647 (custom)
2019-09-05 19:08:03,971 [pool-629-thread-1] INFO  server.RaftServerConfigKeys (ConfUtils.java:logGet(43)) - raft.server.log.queue.element-limit = 1024 (custom)
2019-09-05 19:08:03,972 [pool-629-thread-1] INFO  server.RaftServerConfigKeys (ConfUtils.java:logGet(43)) - raft.server.log.segment.size.max = 1048576 (custom)
2019-09-05 19:08:03,972 [pool-629-thread-1] INFO  server.RaftServerConfigKeys (ConfUtils.java:logGet(43)) - raft.server.log.preallocated.size = 16384 (custom)
2019-09-05 19:08:03,972 [pool-629-thread-1] INFO  server.RaftServerConfigKeys (ConfUtils.java:logGet(43)) - raft.server.log.write.buffer.size = 33554432 (custom)
2019-09-05 19:08:03,972 [pool-629-thread-1] INFO  server.RaftServerConfigKeys (ConfUtils.java:logGet(43)) - raft.server.log.force.sync.num = 128 (default)
2019-09-05 19:08:03,972 [pool-629-thread-1] INFO  server.RaftServerConfigKeys (ConfUtils.java:logGet(43)) - raft.server.log.statemachine.data.sync = true (default)
2019-09-05 19:08:03,972 [pool-629-thread-1] INFO  server.RaftServerConfigKeys (ConfUtils.java:logGet(43)) - raft.server.log.statemachine.data.sync.timeout = 10s (default)
2019-09-05 19:08:03,972 [pool-629-thread-1] INFO  server.RaftServerConfigKeys (ConfUtils.java:logGet(43)) - raft.server.log.statemachine.data.sync.timeout.retry = -1 (default)
2019-09-05 19:08:03,973 [pool-629-thread-1] INFO  server.RaftServerConfigKeys (ConfUtils.java:logGet(43)) - raft.server.log.statemachine.data.caching.enabled = true (custom)
2019-09-05 19:08:03,973 [pool-629-thread-1] INFO  segmented.SegmentedRaftLogWorker (SegmentedRaftLogWorker.java:lambda$new$0(132)) - e16ed8f0-c555-42a1-afe4-d66b9853b0f1-SegmentedRaftLogWorker:Storage Directory /workdir/hadoop-ozone/integration-test/target/test-dir/MiniOzoneClusterImpl-26321163-d00f-4eeb-b505-787cf25e09ba/datanode-4/data/ratis/5e6eb323-f82a-4cb4-9f82-ad6b689e4682: flushIndex: setUnconditionally 0 -> -1
2019-09-05 19:08:03,973 [pool-629-thread-1] INFO  server.RaftServerConfigKeys (ConfUtils.java:logGet(43)) - raft.server.snapshot.auto.trigger.enabled = true (custom)
2019-09-05 19:08:03,974 [pool-629-thread-1] INFO  server.RaftServerConfigKeys (ConfUtils.java:logGet(43)) - raft.server.snapshot.auto.trigger.threshold = 10000 (custom)
2019-09-05 19:08:03,974 [pool-629-thread-1] INFO  server.RaftServerConfigKeys (ConfUtils.java:logGet(43)) - raft.server.retrycache.expirytime = 600000ms (custom)
2019-09-05 19:08:03,974 [pool-629-thread-1] INFO  impl.RaftServerImpl (RaftServerImpl.java:start(180)) - e16ed8f0-c555-42a1-afe4-d66b9853b0f1: start group-AD6B689E4682
2019-09-05 19:08:03,974 [pool-629-thread-1] INFO  impl.RaftServerImpl (RaftServerImpl.java:setRole(171)) - e16ed8f0-c555-42a1-afe4-d66b9853b0f1:group-AD6B689E4682 changes role from null to FOLLOWER at term 0 for startAsFollower
2019-09-05 19:08:03,974 [pool-629-thread-1] INFO  impl.RoleInfo (RoleInfo.java:updateAndGet(143)) - e16ed8f0-c555-42a1-afe4-d66b9853b0f1: start FollowerState
2019-09-05 19:08:03,975 [pool-629-thread-1] INFO  util.JmxRegister (JmxRegister.java:tryRegister(44)) - Successfully registered JMX Bean with object name Ratis:service=RaftServer,group=group-AD6B689E4682,id=e16ed8f0-c555-42a1-afe4-d66b9853b0f1
2019-09-05 19:08:03,977 [RatisPipelineUtilsThread] INFO  pipeline.PipelineStateManager (PipelineStateManager.java:addPipeline(56)) - Created pipeline Pipeline[ Id: 5e6eb323-f82a-4cb4-9f82-ad6b689e4682, Nodes: e16ed8f0-c555-42a1-afe4-d66b9853b0f1{ip: 192.168.36.80, host: pr-hdds-1982-decom-states-p4sss-1559755178, networkLocation: /default-rack, certSerialId: null}, Type:RATIS, Factor:ONE, State:OPEN]
2019-09-05 19:08:03,980 [grpc-default-executor-7] INFO  impl.RaftServerProxy (RaftServerProxy.java:addNew(89)) - beda15f8-b83a-4823-85ee-8c904ee61c2b: addNew group-5A41CD74B3AA:[beda15f8-b83a-4823-85ee-8c904ee61c2b:192.168.36.80:46867] returns group-5A41CD74B3AA:java.util.concurrent.CompletableFuture@25b3b1d9[Not completed]
2019-09-05 19:08:03,984 [pool-609-thread-1] INFO  impl.RaftServerImpl (RaftServerImpl.java:<init>(93)) - beda15f8-b83a-4823-85ee-8c904ee61c2b: new RaftServerImpl for group-5A41CD74B3AA:[beda15f8-b83a-4823-85ee-8c904ee61c2b:192.168.36.80:46867] with ContainerStateMachine:uninitialized
2019-09-05 19:08:03,984 [pool-609-thread-1] INFO  server.RaftServerConfigKeys (ConfUtils.java:logGet(43)) - raft.server.rpc.timeout.min = 5s (custom)
2019-09-05 19:08:03,984 [pool-609-thread-1] INFO  server.RaftServerConfigKeys (ConfUtils.java:logGet(43)) - raft.server.rpc.timeout.max = 5200ms (custom)
2019-09-05 19:08:03,984 [pool-609-thread-1] INFO  server.RaftServerConfigKeys (ConfUtils.java:logGet(43)) - raft.server.rpcslowness.timeout = 120s (custom)
2019-09-05 19:08:03,984 [pool-609-thread-1] INFO  server.RaftServerConfigKeys (ConfUtils.java:logGet(43)) - raft.server.sleep.deviation.threshold = 300 (default)
2019-09-05 19:08:03,984 [pool-609-thread-1] INFO  server.RaftServerConfigKeys (ConfUtils.java:logGet(43)) - raft.server.log.appender.install.snapshot.enabled = false (custom)
2019-09-05 19:08:03,985 [pool-609-thread-1] INFO  impl.RaftServerImpl (ServerState.java:<init>(105)) - beda15f8-b83a-4823-85ee-8c904ee61c2b:group-5A41CD74B3AA ConfigurationManager, init=-1: [beda15f8-b83a-4823-85ee-8c904ee61c2b:192.168.36.80:46867], old=null, confs=<EMPTY_MAP>
2019-09-05 19:08:03,985 [pool-609-thread-1] INFO  server.RaftServerConfigKeys (ConfUtils.java:logGet(43)) - raft.server.storage.dir = [/workdir/hadoop-ozone/integration-test/target/test-dir/MiniOzoneClusterImpl-26321163-d00f-4eeb-b505-787cf25e09ba/datanode-2/data/ratis] (custom)
2019-09-05 19:08:03,985 [pool-609-thread-1] INFO  storage.RaftStorageDirectory (RaftStorageDirectory.java:analyzeStorage(246)) - The storage directory /workdir/hadoop-ozone/integration-test/target/test-dir/MiniOzoneClusterImpl-26321163-d00f-4eeb-b505-787cf25e09ba/datanode-2/data/ratis/d6f87279-2709-486a-8288-5a41cd74b3aa does not exist. Creating ...
2019-09-05 19:08:04,027 [pool-609-thread-1] INFO  storage.RaftStorageDirectory (RaftStorageDirectory.java:tryLock(328)) - Lock on /workdir/hadoop-ozone/integration-test/target/test-dir/MiniOzoneClusterImpl-26321163-d00f-4eeb-b505-787cf25e09ba/datanode-2/data/ratis/d6f87279-2709-486a-8288-5a41cd74b3aa/in_use.lock acquired by nodename 23431@pr-hdds-1982-decom-states-p4sss-1559755178
2019-09-05 19:08:04,040 [pool-609-thread-1] INFO  storage.RaftStorage (RaftStorage.java:format(72)) - Storage directory /workdir/hadoop-ozone/integration-test/target/test-dir/MiniOzoneClusterImpl-26321163-d00f-4eeb-b505-787cf25e09ba/datanode-2/data/ratis/d6f87279-2709-486a-8288-5a41cd74b3aa has been successfully formatted.
2019-09-05 19:08:04,040 [pool-609-thread-1] INFO  ratis.ContainerStateMachine (ContainerStateMachine.java:loadSnapshot(227)) - group-5A41CD74B3AA: The snapshot info is null. Setting the last applied indexto:(t:0, i:~)
2019-09-05 19:08:04,040 [pool-609-thread-1] INFO  server.RaftServerConfigKeys (ConfUtils.java:logGet(43)) - raft.server.leader.election.timeout = 120s (custom)
2019-09-05 19:08:04,040 [pool-609-thread-1] INFO  server.RaftServerConfigKeys (ConfUtils.java:logGet(43)) - raft.server.log.use.memory = false (default)
2019-09-05 19:08:04,040 [pool-609-thread-1] INFO  server.RaftServerConfigKeys (ConfUtils.java:logGet(43)) - raft.server.log.purge.gap = 1000000 (custom)
2019-09-05 19:08:04,041 [pool-609-thread-1] INFO  server.RaftServerConfigKeys (ConfUtils.java:logGet(43)) - raft.server.log.appender.buffer.byte-limit = 33554432 (custom)
2019-09-05 19:08:04,041 [pool-609-thread-1] INFO  server.RaftServerConfigKeys (ConfUtils.java:logGet(43)) - raft.server.log.segment.size.max = 1048576 (custom)
2019-09-05 19:08:04,041 [pool-609-thread-1] INFO  server.RaftServerConfigKeys (ConfUtils.java:logGet(43)) - raft.server.log.segment.cache.num.max = 2 (custom)
2019-09-05 19:08:04,041 [pool-609-thread-1] INFO  segmented.SegmentedRaftLogWorker (SegmentedRaftLogWorker.java:<init>(172)) - new beda15f8-b83a-4823-85ee-8c904ee61c2b-SegmentedRaftLogWorker:Storage Directory /workdir/hadoop-ozone/integration-test/target/test-dir/MiniOzoneClusterImpl-26321163-d00f-4eeb-b505-787cf25e09ba/datanode-2/data/ratis/d6f87279-2709-486a-8288-5a41cd74b3aa for RaftStorage:Storage Directory /workdir/hadoop-ozone/integration-test/target/test-dir/MiniOzoneClusterImpl-26321163-d00f-4eeb-b505-787cf25e09ba/datanode-2/data/ratis/d6f87279-2709-486a-8288-5a41cd74b3aa
2019-09-05 19:08:04,041 [pool-609-thread-1] INFO  server.RaftServerConfigKeys (ConfUtils.java:logGet(43)) - raft.server.log.queue.byte-limit = 2147483647 (custom)
2019-09-05 19:08:04,041 [pool-609-thread-1] INFO  server.RaftServerConfigKeys (ConfUtils.java:logGet(43)) - raft.server.log.queue.element-limit = 1024 (custom)
2019-09-05 19:08:04,042 [pool-609-thread-1] INFO  server.RaftServerConfigKeys (ConfUtils.java:logGet(43)) - raft.server.log.segment.size.max = 1048576 (custom)
2019-09-05 19:08:04,042 [pool-609-thread-1] INFO  server.RaftServerConfigKeys (ConfUtils.java:logGet(43)) - raft.server.log.preallocated.size = 16384 (custom)
2019-09-05 19:08:04,042 [pool-609-thread-1] INFO  server.RaftServerConfigKeys (ConfUtils.java:logGet(43)) - raft.server.log.write.buffer.size = 33554432 (custom)
2019-09-05 19:08:04,042 [pool-609-thread-1] INFO  server.RaftServerConfigKeys (ConfUtils.java:logGet(43)) - raft.server.log.force.sync.num = 128 (default)
2019-09-05 19:08:04,042 [pool-609-thread-1] INFO  server.RaftServerConfigKeys (ConfUtils.java:logGet(43)) - raft.server.log.statemachine.data.sync = true (default)
2019-09-05 19:08:04,042 [pool-609-thread-1] INFO  server.RaftServerConfigKeys (ConfUtils.java:logGet(43)) - raft.server.log.statemachine.data.sync.timeout = 10s (default)
2019-09-05 19:08:04,043 [pool-609-thread-1] INFO  server.RaftServerConfigKeys (ConfUtils.java:logGet(43)) - raft.server.log.statemachine.data.sync.timeout.retry = -1 (default)
2019-09-05 19:08:04,043 [pool-609-thread-1] INFO  server.RaftServerConfigKeys (ConfUtils.java:logGet(43)) - raft.server.log.statemachine.data.caching.enabled = true (custom)
2019-09-05 19:08:04,043 [pool-609-thread-1] INFO  segmented.SegmentedRaftLogWorker (SegmentedRaftLogWorker.java:lambda$new$0(132)) - beda15f8-b83a-4823-85ee-8c904ee61c2b-SegmentedRaftLogWorker:Storage Directory /workdir/hadoop-ozone/integration-test/target/test-dir/MiniOzoneClusterImpl-26321163-d00f-4eeb-b505-787cf25e09ba/datanode-2/data/ratis/d6f87279-2709-486a-8288-5a41cd74b3aa: flushIndex: setUnconditionally 0 -> -1
2019-09-05 19:08:04,043 [pool-609-thread-1] INFO  server.RaftServerConfigKeys (ConfUtils.java:logGet(43)) - raft.server.snapshot.auto.trigger.enabled = true (custom)
2019-09-05 19:08:04,043 [pool-609-thread-1] INFO  server.RaftServerConfigKeys (ConfUtils.java:logGet(43)) - raft.server.snapshot.auto.trigger.threshold = 10000 (custom)
2019-09-05 19:08:04,044 [pool-609-thread-1] INFO  server.RaftServerConfigKeys (ConfUtils.java:logGet(43)) - raft.server.retrycache.expirytime = 600000ms (custom)
2019-09-05 19:08:04,044 [pool-609-thread-1] INFO  impl.RaftServerImpl (RaftServerImpl.java:start(180)) - beda15f8-b83a-4823-85ee-8c904ee61c2b: start group-5A41CD74B3AA
2019-09-05 19:08:04,044 [pool-609-thread-1] INFO  impl.RaftServerImpl (RaftServerImpl.java:setRole(171)) - beda15f8-b83a-4823-85ee-8c904ee61c2b:group-5A41CD74B3AA changes role from null to FOLLOWER at term 0 for startAsFollower
2019-09-05 19:08:04,044 [pool-609-thread-1] INFO  impl.RoleInfo (RoleInfo.java:updateAndGet(143)) - beda15f8-b83a-4823-85ee-8c904ee61c2b: start FollowerState
2019-09-05 19:08:04,044 [pool-609-thread-1] INFO  util.JmxRegister (JmxRegister.java:tryRegister(44)) - Successfully registered JMX Bean with object name Ratis:service=RaftServer,group=group-5A41CD74B3AA,id=beda15f8-b83a-4823-85ee-8c904ee61c2b
2019-09-05 19:08:04,046 [RatisPipelineUtilsThread] INFO  pipeline.PipelineStateManager (PipelineStateManager.java:addPipeline(56)) - Created pipeline Pipeline[ Id: d6f87279-2709-486a-8288-5a41cd74b3aa, Nodes: beda15f8-b83a-4823-85ee-8c904ee61c2b{ip: 192.168.36.80, host: pr-hdds-1982-decom-states-p4sss-1559755178, networkLocation: /default-rack, certSerialId: null}, Type:RATIS, Factor:ONE, State:OPEN]
2019-09-05 19:08:04,050 [grpc-default-executor-7] INFO  impl.RaftServerProxy (RaftServerProxy.java:addNew(89)) - 1e7d6414-e17c-471c-bf93-9961b4eef5cf: addNew group-11A815CF6EEC:[1e7d6414-e17c-471c-bf93-9961b4eef5cf:192.168.36.80:32917] returns group-11A815CF6EEC:java.util.concurrent.CompletableFuture@85989c2[Not completed]
2019-09-05 19:08:04,052 [pool-589-thread-1] INFO  impl.RaftServerImpl (RaftServerImpl.java:<init>(93)) - 1e7d6414-e17c-471c-bf93-9961b4eef5cf: new RaftServerImpl for group-11A815CF6EEC:[1e7d6414-e17c-471c-bf93-9961b4eef5cf:192.168.36.80:32917] with ContainerStateMachine:uninitialized
2019-09-05 19:08:04,052 [pool-589-thread-1] INFO  server.RaftServerConfigKeys (ConfUtils.java:logGet(43)) - raft.server.rpc.timeout.min = 5s (custom)
2019-09-05 19:08:04,052 [pool-589-thread-1] INFO  server.RaftServerConfigKeys (ConfUtils.java:logGet(43)) - raft.server.rpc.timeout.max = 5200ms (custom)
2019-09-05 19:08:04,052 [pool-589-thread-1] INFO  server.RaftServerConfigKeys (ConfUtils.java:logGet(43)) - raft.server.rpcslowness.timeout = 120s (custom)
2019-09-05 19:08:04,052 [pool-589-thread-1] INFO  server.RaftServerConfigKeys (ConfUtils.java:logGet(43)) - raft.server.sleep.deviation.threshold = 300 (default)
2019-09-05 19:08:04,052 [pool-589-thread-1] INFO  server.RaftServerConfigKeys (ConfUtils.java:logGet(43)) - raft.server.log.appender.install.snapshot.enabled = false (custom)
2019-09-05 19:08:04,052 [pool-589-thread-1] INFO  impl.RaftServerImpl (ServerState.java:<init>(105)) - 1e7d6414-e17c-471c-bf93-9961b4eef5cf:group-11A815CF6EEC ConfigurationManager, init=-1: [1e7d6414-e17c-471c-bf93-9961b4eef5cf:192.168.36.80:32917], old=null, confs=<EMPTY_MAP>
2019-09-05 19:08:04,053 [pool-589-thread-1] INFO  server.RaftServerConfigKeys (ConfUtils.java:logGet(43)) - raft.server.storage.dir = [/workdir/hadoop-ozone/integration-test/target/test-dir/MiniOzoneClusterImpl-26321163-d00f-4eeb-b505-787cf25e09ba/datanode-0/data/ratis] (custom)
2019-09-05 19:08:04,053 [pool-589-thread-1] INFO  storage.RaftStorageDirectory (RaftStorageDirectory.java:analyzeStorage(246)) - The storage directory /workdir/hadoop-ozone/integration-test/target/test-dir/MiniOzoneClusterImpl-26321163-d00f-4eeb-b505-787cf25e09ba/datanode-0/data/ratis/813418b3-97cd-40c5-930e-11a815cf6eec does not exist. Creating ...
2019-09-05 19:08:04,142 [pool-589-thread-1] INFO  storage.RaftStorageDirectory (RaftStorageDirectory.java:tryLock(328)) - Lock on /workdir/hadoop-ozone/integration-test/target/test-dir/MiniOzoneClusterImpl-26321163-d00f-4eeb-b505-787cf25e09ba/datanode-0/data/ratis/813418b3-97cd-40c5-930e-11a815cf6eec/in_use.lock acquired by nodename 23431@pr-hdds-1982-decom-states-p4sss-1559755178
2019-09-05 19:08:04,164 [pool-589-thread-1] INFO  storage.RaftStorage (RaftStorage.java:format(72)) - Storage directory /workdir/hadoop-ozone/integration-test/target/test-dir/MiniOzoneClusterImpl-26321163-d00f-4eeb-b505-787cf25e09ba/datanode-0/data/ratis/813418b3-97cd-40c5-930e-11a815cf6eec has been successfully formatted.
2019-09-05 19:08:04,165 [pool-589-thread-1] INFO  ratis.ContainerStateMachine (ContainerStateMachine.java:loadSnapshot(227)) - group-11A815CF6EEC: The snapshot info is null. Setting the last applied indexto:(t:0, i:~)
2019-09-05 19:08:04,165 [pool-589-thread-1] INFO  server.RaftServerConfigKeys (ConfUtils.java:logGet(43)) - raft.server.leader.election.timeout = 120s (custom)
2019-09-05 19:08:04,165 [pool-589-thread-1] INFO  server.RaftServerConfigKeys (ConfUtils.java:logGet(43)) - raft.server.log.use.memory = false (default)
2019-09-05 19:08:04,165 [pool-589-thread-1] INFO  server.RaftServerConfigKeys (ConfUtils.java:logGet(43)) - raft.server.log.purge.gap = 1000000 (custom)
2019-09-05 19:08:04,166 [pool-589-thread-1] INFO  server.RaftServerConfigKeys (ConfUtils.java:logGet(43)) - raft.server.log.appender.buffer.byte-limit = 33554432 (custom)
2019-09-05 19:08:04,166 [pool-589-thread-1] INFO  server.RaftServerConfigKeys (ConfUtils.java:logGet(43)) - raft.server.log.segment.size.max = 1048576 (custom)
2019-09-05 19:08:04,166 [pool-589-thread-1] INFO  server.RaftServerConfigKeys (ConfUtils.java:logGet(43)) - raft.server.log.segment.cache.num.max = 2 (custom)
2019-09-05 19:08:04,166 [pool-589-thread-1] INFO  segmented.SegmentedRaftLogWorker (SegmentedRaftLogWorker.java:<init>(172)) - new 1e7d6414-e17c-471c-bf93-9961b4eef5cf-SegmentedRaftLogWorker:Storage Directory /workdir/hadoop-ozone/integration-test/target/test-dir/MiniOzoneClusterImpl-26321163-d00f-4eeb-b505-787cf25e09ba/datanode-0/data/ratis/813418b3-97cd-40c5-930e-11a815cf6eec for RaftStorage:Storage Directory /workdir/hadoop-ozone/integration-test/target/test-dir/MiniOzoneClusterImpl-26321163-d00f-4eeb-b505-787cf25e09ba/datanode-0/data/ratis/813418b3-97cd-40c5-930e-11a815cf6eec
2019-09-05 19:08:04,166 [pool-589-thread-1] INFO  server.RaftServerConfigKeys (ConfUtils.java:logGet(43)) - raft.server.log.queue.byte-limit = 2147483647 (custom)
2019-09-05 19:08:04,166 [pool-589-thread-1] INFO  server.RaftServerConfigKeys (ConfUtils.java:logGet(43)) - raft.server.log.queue.element-limit = 1024 (custom)
2019-09-05 19:08:04,167 [pool-589-thread-1] INFO  server.RaftServerConfigKeys (ConfUtils.java:logGet(43)) - raft.server.log.segment.size.max = 1048576 (custom)
2019-09-05 19:08:04,167 [pool-589-thread-1] INFO  server.RaftServerConfigKeys (ConfUtils.java:logGet(43)) - raft.server.log.preallocated.size = 16384 (custom)
2019-09-05 19:08:04,167 [pool-589-thread-1] INFO  server.RaftServerConfigKeys (ConfUtils.java:logGet(43)) - raft.server.log.write.buffer.size = 33554432 (custom)
2019-09-05 19:08:04,167 [pool-589-thread-1] INFO  server.RaftServerConfigKeys (ConfUtils.java:logGet(43)) - raft.server.log.force.sync.num = 128 (default)
2019-09-05 19:08:04,167 [pool-589-thread-1] INFO  server.RaftServerConfigKeys (ConfUtils.java:logGet(43)) - raft.server.log.statemachine.data.sync = true (default)
2019-09-05 19:08:04,167 [pool-589-thread-1] INFO  server.RaftServerConfigKeys (ConfUtils.java:logGet(43)) - raft.server.log.statemachine.data.sync.timeout = 10s (default)
2019-09-05 19:08:04,168 [pool-589-thread-1] INFO  server.RaftServerConfigKeys (ConfUtils.java:logGet(43)) - raft.server.log.statemachine.data.sync.timeout.retry = -1 (default)
2019-09-05 19:08:04,168 [pool-589-thread-1] INFO  server.RaftServerConfigKeys (ConfUtils.java:logGet(43)) - raft.server.log.statemachine.data.caching.enabled = true (custom)
2019-09-05 19:08:04,168 [pool-589-thread-1] INFO  segmented.SegmentedRaftLogWorker (SegmentedRaftLogWorker.java:lambda$new$0(132)) - 1e7d6414-e17c-471c-bf93-9961b4eef5cf-SegmentedRaftLogWorker:Storage Directory /workdir/hadoop-ozone/integration-test/target/test-dir/MiniOzoneClusterImpl-26321163-d00f-4eeb-b505-787cf25e09ba/datanode-0/data/ratis/813418b3-97cd-40c5-930e-11a815cf6eec: flushIndex: setUnconditionally 0 -> -1
2019-09-05 19:08:04,169 [pool-589-thread-1] INFO  server.RaftServerConfigKeys (ConfUtils.java:logGet(43)) - raft.server.snapshot.auto.trigger.enabled = true (custom)
2019-09-05 19:08:04,169 [pool-589-thread-1] INFO  server.RaftServerConfigKeys (ConfUtils.java:logGet(43)) - raft.server.snapshot.auto.trigger.threshold = 10000 (custom)
2019-09-05 19:08:04,169 [pool-589-thread-1] INFO  server.RaftServerConfigKeys (ConfUtils.java:logGet(43)) - raft.server.retrycache.expirytime = 600000ms (custom)
2019-09-05 19:08:04,169 [pool-589-thread-1] INFO  impl.RaftServerImpl (RaftServerImpl.java:start(180)) - 1e7d6414-e17c-471c-bf93-9961b4eef5cf: start group-11A815CF6EEC
2019-09-05 19:08:04,169 [pool-589-thread-1] INFO  impl.RaftServerImpl (RaftServerImpl.java:setRole(171)) - 1e7d6414-e17c-471c-bf93-9961b4eef5cf:group-11A815CF6EEC changes role from null to FOLLOWER at term 0 for startAsFollower
2019-09-05 19:08:04,169 [pool-589-thread-1] INFO  impl.RoleInfo (RoleInfo.java:updateAndGet(143)) - 1e7d6414-e17c-471c-bf93-9961b4eef5cf: start FollowerState
2019-09-05 19:08:04,170 [pool-589-thread-1] INFO  util.JmxRegister (JmxRegister.java:tryRegister(44)) - Successfully registered JMX Bean with object name Ratis:service=RaftServer,group=group-11A815CF6EEC,id=1e7d6414-e17c-471c-bf93-9961b4eef5cf
2019-09-05 19:08:04,172 [RatisPipelineUtilsThread] INFO  pipeline.PipelineStateManager (PipelineStateManager.java:addPipeline(56)) - Created pipeline Pipeline[ Id: 813418b3-97cd-40c5-930e-11a815cf6eec, Nodes: 1e7d6414-e17c-471c-bf93-9961b4eef5cf{ip: 192.168.36.80, host: pr-hdds-1982-decom-states-p4sss-1559755178, networkLocation: /default-rack, certSerialId: null}, Type:RATIS, Factor:ONE, State:OPEN]
2019-09-05 19:08:04,180 [grpc-default-executor-7] INFO  impl.RaftServerProxy (RaftServerProxy.java:addNew(89)) - 7142a44a-bc07-45c6-a97e-fe6e3bd26a77: addNew group-9AACFE0FD0F7:[7142a44a-bc07-45c6-a97e-fe6e3bd26a77:192.168.36.80:40926] returns group-9AACFE0FD0F7:java.util.concurrent.CompletableFuture@2e40a752[Not completed]
2019-09-05 19:08:04,181 [pool-599-thread-1] INFO  impl.RaftServerImpl (RaftServerImpl.java:<init>(93)) - 7142a44a-bc07-45c6-a97e-fe6e3bd26a77: new RaftServerImpl for group-9AACFE0FD0F7:[7142a44a-bc07-45c6-a97e-fe6e3bd26a77:192.168.36.80:40926] with ContainerStateMachine:uninitialized
2019-09-05 19:08:04,181 [pool-599-thread-1] INFO  server.RaftServerConfigKeys (ConfUtils.java:logGet(43)) - raft.server.rpc.timeout.min = 5s (custom)
2019-09-05 19:08:04,181 [pool-599-thread-1] INFO  server.RaftServerConfigKeys (ConfUtils.java:logGet(43)) - raft.server.rpc.timeout.max = 5200ms (custom)
2019-09-05 19:08:04,181 [pool-599-thread-1] INFO  server.RaftServerConfigKeys (ConfUtils.java:logGet(43)) - raft.server.rpcslowness.timeout = 120s (custom)
2019-09-05 19:08:04,181 [pool-599-thread-1] INFO  server.RaftServerConfigKeys (ConfUtils.java:logGet(43)) - raft.server.sleep.deviation.threshold = 300 (default)
2019-09-05 19:08:04,181 [pool-599-thread-1] INFO  server.RaftServerConfigKeys (ConfUtils.java:logGet(43)) - raft.server.log.appender.install.snapshot.enabled = false (custom)
2019-09-05 19:08:04,182 [pool-599-thread-1] INFO  impl.RaftServerImpl (ServerState.java:<init>(105)) - 7142a44a-bc07-45c6-a97e-fe6e3bd26a77:group-9AACFE0FD0F7 ConfigurationManager, init=-1: [7142a44a-bc07-45c6-a97e-fe6e3bd26a77:192.168.36.80:40926], old=null, confs=<EMPTY_MAP>
2019-09-05 19:08:04,182 [pool-599-thread-1] INFO  server.RaftServerConfigKeys (ConfUtils.java:logGet(43)) - raft.server.storage.dir = [/workdir/hadoop-ozone/integration-test/target/test-dir/MiniOzoneClusterImpl-26321163-d00f-4eeb-b505-787cf25e09ba/datanode-1/data/ratis] (custom)
2019-09-05 19:08:04,182 [pool-599-thread-1] INFO  storage.RaftStorageDirectory (RaftStorageDirectory.java:analyzeStorage(246)) - The storage directory /workdir/hadoop-ozone/integration-test/target/test-dir/MiniOzoneClusterImpl-26321163-d00f-4eeb-b505-787cf25e09ba/datanode-1/data/ratis/21c375e4-7ef1-44c1-9c99-9aacfe0fd0f7 does not exist. Creating ...
2019-09-05 19:08:04,212 [pool-599-thread-1] INFO  storage.RaftStorageDirectory (RaftStorageDirectory.java:tryLock(328)) - Lock on /workdir/hadoop-ozone/integration-test/target/test-dir/MiniOzoneClusterImpl-26321163-d00f-4eeb-b505-787cf25e09ba/datanode-1/data/ratis/21c375e4-7ef1-44c1-9c99-9aacfe0fd0f7/in_use.lock acquired by nodename 23431@pr-hdds-1982-decom-states-p4sss-1559755178
2019-09-05 19:08:04,263 [pool-599-thread-1] INFO  storage.RaftStorage (RaftStorage.java:format(72)) - Storage directory /workdir/hadoop-ozone/integration-test/target/test-dir/MiniOzoneClusterImpl-26321163-d00f-4eeb-b505-787cf25e09ba/datanode-1/data/ratis/21c375e4-7ef1-44c1-9c99-9aacfe0fd0f7 has been successfully formatted.
2019-09-05 19:08:04,264 [pool-599-thread-1] INFO  ratis.ContainerStateMachine (ContainerStateMachine.java:loadSnapshot(227)) - group-9AACFE0FD0F7: The snapshot info is null. Setting the last applied indexto:(t:0, i:~)
2019-09-05 19:08:04,264 [pool-599-thread-1] INFO  server.RaftServerConfigKeys (ConfUtils.java:logGet(43)) - raft.server.leader.election.timeout = 120s (custom)
2019-09-05 19:08:04,264 [pool-599-thread-1] INFO  server.RaftServerConfigKeys (ConfUtils.java:logGet(43)) - raft.server.log.use.memory = false (default)
2019-09-05 19:08:04,264 [pool-599-thread-1] INFO  server.RaftServerConfigKeys (ConfUtils.java:logGet(43)) - raft.server.log.purge.gap = 1000000 (custom)
2019-09-05 19:08:04,264 [pool-599-thread-1] INFO  server.RaftServerConfigKeys (ConfUtils.java:logGet(43)) - raft.server.log.appender.buffer.byte-limit = 33554432 (custom)
2019-09-05 19:08:04,264 [pool-599-thread-1] INFO  server.RaftServerConfigKeys (ConfUtils.java:logGet(43)) - raft.server.log.segment.size.max = 1048576 (custom)
2019-09-05 19:08:04,265 [pool-599-thread-1] INFO  server.RaftServerConfigKeys (ConfUtils.java:logGet(43)) - raft.server.log.segment.cache.num.max = 2 (custom)
2019-09-05 19:08:04,265 [pool-599-thread-1] INFO  segmented.SegmentedRaftLogWorker (SegmentedRaftLogWorker.java:<init>(172)) - new 7142a44a-bc07-45c6-a97e-fe6e3bd26a77-SegmentedRaftLogWorker:Storage Directory /workdir/hadoop-ozone/integration-test/target/test-dir/MiniOzoneClusterImpl-26321163-d00f-4eeb-b505-787cf25e09ba/datanode-1/data/ratis/21c375e4-7ef1-44c1-9c99-9aacfe0fd0f7 for RaftStorage:Storage Directory /workdir/hadoop-ozone/integration-test/target/test-dir/MiniOzoneClusterImpl-26321163-d00f-4eeb-b505-787cf25e09ba/datanode-1/data/ratis/21c375e4-7ef1-44c1-9c99-9aacfe0fd0f7
2019-09-05 19:08:04,265 [pool-599-thread-1] INFO  server.RaftServerConfigKeys (ConfUtils.java:logGet(43)) - raft.server.log.queue.byte-limit = 2147483647 (custom)
2019-09-05 19:08:04,265 [pool-599-thread-1] INFO  server.RaftServerConfigKeys (ConfUtils.java:logGet(43)) - raft.server.log.queue.element-limit = 1024 (custom)
2019-09-05 19:08:04,265 [pool-599-thread-1] INFO  server.RaftServerConfigKeys (ConfUtils.java:logGet(43)) - raft.server.log.segment.size.max = 1048576 (custom)
2019-09-05 19:08:04,265 [pool-599-thread-1] INFO  server.RaftServerConfigKeys (ConfUtils.java:logGet(43)) - raft.server.log.preallocated.size = 16384 (custom)
2019-09-05 19:08:04,265 [pool-599-thread-1] INFO  server.RaftServerConfigKeys (ConfUtils.java:logGet(43)) - raft.server.log.write.buffer.size = 33554432 (custom)
2019-09-05 19:08:04,265 [pool-599-thread-1] INFO  server.RaftServerConfigKeys (ConfUtils.java:logGet(43)) - raft.server.log.force.sync.num = 128 (default)
2019-09-05 19:08:04,266 [pool-599-thread-1] INFO  server.RaftServerConfigKeys (ConfUtils.java:logGet(43)) - raft.server.log.statemachine.data.sync = true (default)
2019-09-05 19:08:04,266 [pool-599-thread-1] INFO  server.RaftServerConfigKeys (ConfUtils.java:logGet(43)) - raft.server.log.statemachine.data.sync.timeout = 10s (default)
2019-09-05 19:08:04,266 [pool-599-thread-1] INFO  server.RaftServerConfigKeys (ConfUtils.java:logGet(43)) - raft.server.log.statemachine.data.sync.timeout.retry = -1 (default)
2019-09-05 19:08:04,266 [pool-599-thread-1] INFO  server.RaftServerConfigKeys (ConfUtils.java:logGet(43)) - raft.server.log.statemachine.data.caching.enabled = true (custom)
2019-09-05 19:08:04,266 [pool-599-thread-1] INFO  segmented.SegmentedRaftLogWorker (SegmentedRaftLogWorker.java:lambda$new$0(132)) - 7142a44a-bc07-45c6-a97e-fe6e3bd26a77-SegmentedRaftLogWorker:Storage Directory /workdir/hadoop-ozone/integration-test/target/test-dir/MiniOzoneClusterImpl-26321163-d00f-4eeb-b505-787cf25e09ba/datanode-1/data/ratis/21c375e4-7ef1-44c1-9c99-9aacfe0fd0f7: flushIndex: setUnconditionally 0 -> -1
2019-09-05 19:08:04,267 [pool-599-thread-1] INFO  server.RaftServerConfigKeys (ConfUtils.java:logGet(43)) - raft.server.snapshot.auto.trigger.enabled = true (custom)
2019-09-05 19:08:04,267 [pool-599-thread-1] INFO  server.RaftServerConfigKeys (ConfUtils.java:logGet(43)) - raft.server.snapshot.auto.trigger.threshold = 10000 (custom)
2019-09-05 19:08:04,267 [pool-599-thread-1] INFO  server.RaftServerConfigKeys (ConfUtils.java:logGet(43)) - raft.server.retrycache.expirytime = 600000ms (custom)
2019-09-05 19:08:04,267 [pool-599-thread-1] INFO  impl.RaftServerImpl (RaftServerImpl.java:start(180)) - 7142a44a-bc07-45c6-a97e-fe6e3bd26a77: start group-9AACFE0FD0F7
2019-09-05 19:08:04,267 [pool-599-thread-1] INFO  impl.RaftServerImpl (RaftServerImpl.java:setRole(171)) - 7142a44a-bc07-45c6-a97e-fe6e3bd26a77:group-9AACFE0FD0F7 changes role from null to FOLLOWER at term 0 for startAsFollower
2019-09-05 19:08:04,267 [pool-599-thread-1] INFO  impl.RoleInfo (RoleInfo.java:updateAndGet(143)) - 7142a44a-bc07-45c6-a97e-fe6e3bd26a77: start FollowerState
2019-09-05 19:08:04,268 [pool-599-thread-1] INFO  util.JmxRegister (JmxRegister.java:tryRegister(44)) - Successfully registered JMX Bean with object name Ratis:service=RaftServer,group=group-9AACFE0FD0F7,id=7142a44a-bc07-45c6-a97e-fe6e3bd26a77
2019-09-05 19:08:04,270 [RatisPipelineUtilsThread] INFO  pipeline.PipelineStateManager (PipelineStateManager.java:addPipeline(56)) - Created pipeline Pipeline[ Id: 21c375e4-7ef1-44c1-9c99-9aacfe0fd0f7, Nodes: 7142a44a-bc07-45c6-a97e-fe6e3bd26a77{ip: 192.168.36.80, host: pr-hdds-1982-decom-states-p4sss-1559755178, networkLocation: /default-rack, certSerialId: null}, Type:RATIS, Factor:ONE, State:OPEN]
2019-09-05 19:08:04,288 [grpc-default-executor-7] INFO  client.GrpcClientProtocolClient (GrpcClientProtocolClient.java:onNext(255)) - client-A4D1B672094C->e16ed8f0-c555-42a1-afe4-d66b9853b0f1: receive RaftClientReply:client-A4D1B672094C->e16ed8f0-c555-42a1-afe4-d66b9853b0f1@group-2418DB47C4D7, cid=220, FAILED org.apache.ratis.protocol.NotLeaderException: Server e16ed8f0-c555-42a1-afe4-d66b9853b0f1 is not the leader (null). Request must be sent to leader., logIndex=0, commits[e16ed8f0-c555-42a1-afe4-d66b9853b0f1:c-1]
2019-09-05 19:08:05,299 [grpc-default-executor-7] INFO  client.GrpcClientProtocolClient (GrpcClientProtocolClient.java:onNext(255)) - client-A4D1B672094C->beda15f8-b83a-4823-85ee-8c904ee61c2b: receive RaftClientReply:client-A4D1B672094C->beda15f8-b83a-4823-85ee-8c904ee61c2b@group-2418DB47C4D7, cid=220, FAILED org.apache.ratis.protocol.NotLeaderException: Server beda15f8-b83a-4823-85ee-8c904ee61c2b is not the leader (null). Request must be sent to leader., logIndex=0, commits[beda15f8-b83a-4823-85ee-8c904ee61c2b:c-1]
2019-09-05 19:08:06,308 [grpc-default-executor-7] INFO  client.GrpcClientProtocolClient (GrpcClientProtocolClient.java:onNext(255)) - client-A4D1B672094C->e16ed8f0-c555-42a1-afe4-d66b9853b0f1: receive RaftClientReply:client-A4D1B672094C->e16ed8f0-c555-42a1-afe4-d66b9853b0f1@group-2418DB47C4D7, cid=220, FAILED org.apache.ratis.protocol.NotLeaderException: Server e16ed8f0-c555-42a1-afe4-d66b9853b0f1 is not the leader (null). Request must be sent to leader., logIndex=0, commits[e16ed8f0-c555-42a1-afe4-d66b9853b0f1:c-1]
2019-09-05 19:08:07,317 [grpc-default-executor-15] INFO  client.GrpcClientProtocolClient (GrpcClientProtocolClient.java:onNext(255)) - client-A4D1B672094C->1e7d6414-e17c-471c-bf93-9961b4eef5cf: receive RaftClientReply:client-A4D1B672094C->1e7d6414-e17c-471c-bf93-9961b4eef5cf@group-2418DB47C4D7, cid=220, FAILED org.apache.ratis.protocol.NotLeaderException: Server 1e7d6414-e17c-471c-bf93-9961b4eef5cf is not the leader (null). Request must be sent to leader., logIndex=0, commits[1e7d6414-e17c-471c-bf93-9961b4eef5cf:c-1]
2019-09-05 19:08:08,111 [Thread-4211] INFO  impl.FollowerState (FollowerState.java:run(106)) - 1e7d6414-e17c-471c-bf93-9961b4eef5cf:group-1C0D2ED72355 changes to CANDIDATE, lastRpcTime:5087, electionTimeout:5087ms
2019-09-05 19:08:08,111 [Thread-4211] INFO  impl.RoleInfo (RoleInfo.java:shutdownFollowerState(121)) - 1e7d6414-e17c-471c-bf93-9961b4eef5cf: shutdown FollowerState
2019-09-05 19:08:08,111 [Thread-4211] INFO  impl.RaftServerImpl (RaftServerImpl.java:setRole(171)) - 1e7d6414-e17c-471c-bf93-9961b4eef5cf:group-1C0D2ED72355 changes role from FOLLOWER to CANDIDATE at term 0 for changeToCandidate
2019-09-05 19:08:08,111 [Thread-4211] INFO  impl.RoleInfo (RoleInfo.java:updateAndGet(143)) - 1e7d6414-e17c-471c-bf93-9961b4eef5cf: start LeaderElection
2019-09-05 19:08:08,131 [1e7d6414-e17c-471c-bf93-9961b4eef5cf:group-1C0D2ED72355:LeaderElection84] INFO  impl.LeaderElection (LeaderElection.java:askForVotes(181)) - 1e7d6414-e17c-471c-bf93-9961b4eef5cf:group-1C0D2ED72355:LeaderElection84: begin an election at term 1 for -1: [1e7d6414-e17c-471c-bf93-9961b4eef5cf:192.168.36.80:32917], old=null
2019-09-05 19:08:08,131 [1e7d6414-e17c-471c-bf93-9961b4eef5cf:group-1C0D2ED72355:LeaderElection84] INFO  impl.RoleInfo (RoleInfo.java:shutdownLeaderElection(134)) - 1e7d6414-e17c-471c-bf93-9961b4eef5cf: shutdown LeaderElection
2019-09-05 19:08:08,132 [1e7d6414-e17c-471c-bf93-9961b4eef5cf:group-1C0D2ED72355:LeaderElection84] INFO  impl.RaftServerImpl (RaftServerImpl.java:setRole(171)) - 1e7d6414-e17c-471c-bf93-9961b4eef5cf:group-1C0D2ED72355 changes role from CANDIDATE to LEADER at term 1 for changeToLeader
2019-09-05 19:08:08,132 [1e7d6414-e17c-471c-bf93-9961b4eef5cf:group-1C0D2ED72355:LeaderElection84] INFO  impl.RaftServerImpl (ServerState.java:setLeader(263)) - 1e7d6414-e17c-471c-bf93-9961b4eef5cf:group-1C0D2ED72355 change Leader from null to 1e7d6414-e17c-471c-bf93-9961b4eef5cf at term 1 for becomeLeader, leader elected after 5114ms
2019-09-05 19:08:08,132 [1e7d6414-e17c-471c-bf93-9961b4eef5cf:group-1C0D2ED72355:LeaderElection84] INFO  server.RaftServerConfigKeys (ConfUtils.java:logGet(43)) - raft.server.staging.catchup.gap = 1000 (default)
2019-09-05 19:08:08,132 [1e7d6414-e17c-471c-bf93-9961b4eef5cf:group-1C0D2ED72355:LeaderElection84] INFO  server.RaftServerConfigKeys (ConfUtils.java:logGet(43)) - raft.server.rpc.sleep.time = 25ms (default)
2019-09-05 19:08:08,132 [1e7d6414-e17c-471c-bf93-9961b4eef5cf:group-1C0D2ED72355:LeaderElection84] INFO  server.RaftServerConfigKeys (ConfUtils.java:logGet(43)) - raft.server.write.element-limit = 4096 (default)
2019-09-05 19:08:08,132 [1e7d6414-e17c-471c-bf93-9961b4eef5cf:group-1C0D2ED72355:LeaderElection84] INFO  server.RaftServerConfigKeys (ConfUtils.java:logGet(43)) - raft.server.watch.timeout = 10s (default)
2019-09-05 19:08:08,133 [1e7d6414-e17c-471c-bf93-9961b4eef5cf:group-1C0D2ED72355:LeaderElection84] INFO  server.RaftServerConfigKeys (ConfUtils.java:logGet(43)) - raft.server.watch.timeout.denomination = 1s (default)
2019-09-05 19:08:08,133 [1e7d6414-e17c-471c-bf93-9961b4eef5cf:group-1C0D2ED72355:LeaderElection84] INFO  server.RaftServerConfigKeys (ConfUtils.java:logGet(43)) - raft.server.watch.element-limit = 65536 (default)
2019-09-05 19:08:08,133 [1e7d6414-e17c-471c-bf93-9961b4eef5cf:group-1C0D2ED72355:LeaderElection84] INFO  impl.RoleInfo (RoleInfo.java:updateAndGet(143)) - 1e7d6414-e17c-471c-bf93-9961b4eef5cf: start LeaderState
2019-09-05 19:08:08,133 [1e7d6414-e17c-471c-bf93-9961b4eef5cf:group-1C0D2ED72355:LeaderElection84] INFO  segmented.SegmentedRaftLogWorker (SegmentedRaftLogWorker.java:startLogSegment(380)) - 1e7d6414-e17c-471c-bf93-9961b4eef5cf-SegmentedRaftLogWorker:Storage Directory /workdir/hadoop-ozone/integration-test/target/test-dir/MiniOzoneClusterImpl-26321163-d00f-4eeb-b505-787cf25e09ba/datanode-0/data/ratis/c7ab9156-3fda-407b-aec2-1c0d2ed72355: Starting segment from index:0
2019-09-05 19:08:08,134 [1e7d6414-e17c-471c-bf93-9961b4eef5cf:group-1C0D2ED72355:LeaderElection84] INFO  impl.RaftServerImpl (ServerState.java:setRaftConf(361)) - 1e7d6414-e17c-471c-bf93-9961b4eef5cf:group-1C0D2ED72355 set configuration 0: [1e7d6414-e17c-471c-bf93-9961b4eef5cf:192.168.36.80:32917], old=null at 0
2019-09-05 19:08:08,174 [1e7d6414-e17c-471c-bf93-9961b4eef5cf-SegmentedRaftLogWorker:Storage Directory /workdir/hadoop-ozone/integration-test/target/test-dir/MiniOzoneClusterImpl-26321163-d00f-4eeb-b505-787cf25e09ba/datanode-0/data/ratis/c7ab9156-3fda-407b-aec2-1c0d2ed72355] INFO  segmented.SegmentedRaftLogWorker (SegmentedRaftLogWorker.java:execute(569)) - 1e7d6414-e17c-471c-bf93-9961b4eef5cf-SegmentedRaftLogWorker:Storage Directory /workdir/hadoop-ozone/integration-test/target/test-dir/MiniOzoneClusterImpl-26321163-d00f-4eeb-b505-787cf25e09ba/datanode-0/data/ratis/c7ab9156-3fda-407b-aec2-1c0d2ed72355: created new log segment /workdir/hadoop-ozone/integration-test/target/test-dir/MiniOzoneClusterImpl-26321163-d00f-4eeb-b505-787cf25e09ba/datanode-0/data/ratis/c7ab9156-3fda-407b-aec2-1c0d2ed72355/current/log_inprogress_0
2019-09-05 19:08:08,196 [Thread-4217] INFO  impl.FollowerState (FollowerState.java:run(106)) - c8d767ea-c04e-46f1-9df9-21a6292b5885:group-5E75083C8BD9 changes to CANDIDATE, lastRpcTime:5116, electionTimeout:5116ms
2019-09-05 19:08:08,197 [Thread-4217] INFO  impl.RoleInfo (RoleInfo.java:shutdownFollowerState(121)) - c8d767ea-c04e-46f1-9df9-21a6292b5885: shutdown FollowerState
2019-09-05 19:08:08,197 [Thread-4217] INFO  impl.RaftServerImpl (RaftServerImpl.java:setRole(171)) - c8d767ea-c04e-46f1-9df9-21a6292b5885:group-5E75083C8BD9 changes role from FOLLOWER to CANDIDATE at term 0 for changeToCandidate
2019-09-05 19:08:08,197 [Thread-4217] INFO  impl.RoleInfo (RoleInfo.java:updateAndGet(143)) - c8d767ea-c04e-46f1-9df9-21a6292b5885: start LeaderElection
2019-09-05 19:08:08,215 [Thread-4214] INFO  impl.FollowerState (FollowerState.java:run(106)) - a6f20ed7-6960-4d82-b055-3029b3e4a05b:group-5E75083C8BD9 changes to CANDIDATE, lastRpcTime:5137, electionTimeout:5137ms
2019-09-05 19:08:08,216 [Thread-4214] INFO  impl.RoleInfo (RoleInfo.java:shutdownFollowerState(121)) - a6f20ed7-6960-4d82-b055-3029b3e4a05b: shutdown FollowerState
2019-09-05 19:08:08,216 [Thread-4214] INFO  impl.RaftServerImpl (RaftServerImpl.java:setRole(171)) - a6f20ed7-6960-4d82-b055-3029b3e4a05b:group-5E75083C8BD9 changes role from FOLLOWER to CANDIDATE at term 0 for changeToCandidate
2019-09-05 19:08:08,216 [Thread-4214] INFO  impl.RoleInfo (RoleInfo.java:updateAndGet(143)) - a6f20ed7-6960-4d82-b055-3029b3e4a05b: start LeaderElection
2019-09-05 19:08:08,220 [Thread-4219] INFO  impl.FollowerState (FollowerState.java:run(106)) - f543745a-0904-4953-8a38-fcef9bf68a3d:group-5E75083C8BD9 changes to CANDIDATE, lastRpcTime:5139, electionTimeout:5139ms
2019-09-05 19:08:08,220 [Thread-4219] INFO  impl.RoleInfo (RoleInfo.java:shutdownFollowerState(121)) - f543745a-0904-4953-8a38-fcef9bf68a3d: shutdown FollowerState
2019-09-05 19:08:08,220 [Thread-4219] INFO  impl.RaftServerImpl (RaftServerImpl.java:setRole(171)) - f543745a-0904-4953-8a38-fcef9bf68a3d:group-5E75083C8BD9 changes role from FOLLOWER to CANDIDATE at term 0 for changeToCandidate
2019-09-05 19:08:08,220 [Thread-4219] INFO  impl.RoleInfo (RoleInfo.java:updateAndGet(143)) - f543745a-0904-4953-8a38-fcef9bf68a3d: start LeaderElection
2019-09-05 19:08:08,231 [c8d767ea-c04e-46f1-9df9-21a6292b5885:group-5E75083C8BD9:LeaderElection85] INFO  impl.LeaderElection (LeaderElection.java:askForVotes(181)) - c8d767ea-c04e-46f1-9df9-21a6292b5885:group-5E75083C8BD9:LeaderElection85: begin an election at term 1 for -1: [f543745a-0904-4953-8a38-fcef9bf68a3d:192.168.36.80:35996, c8d767ea-c04e-46f1-9df9-21a6292b5885:192.168.36.80:36176, a6f20ed7-6960-4d82-b055-3029b3e4a05b:192.168.36.80:46205], old=null
2019-09-05 19:08:08,324 [grpc-default-executor-14] INFO  client.GrpcClientProtocolClient (GrpcClientProtocolClient.java:onNext(255)) - client-A4D1B672094C->beda15f8-b83a-4823-85ee-8c904ee61c2b: receive RaftClientReply:client-A4D1B672094C->beda15f8-b83a-4823-85ee-8c904ee61c2b@group-2418DB47C4D7, cid=220, FAILED org.apache.ratis.protocol.NotLeaderException: Server beda15f8-b83a-4823-85ee-8c904ee61c2b is not the leader (null). Request must be sent to leader., logIndex=0, commits[beda15f8-b83a-4823-85ee-8c904ee61c2b:c-1]
2019-09-05 19:08:08,330 [f543745a-0904-4953-8a38-fcef9bf68a3d:group-5E75083C8BD9:LeaderElection87] INFO  impl.LeaderElection (LeaderElection.java:askForVotes(181)) - f543745a-0904-4953-8a38-fcef9bf68a3d:group-5E75083C8BD9:LeaderElection87: begin an election at term 1 for -1: [f543745a-0904-4953-8a38-fcef9bf68a3d:192.168.36.80:35996, c8d767ea-c04e-46f1-9df9-21a6292b5885:192.168.36.80:36176, a6f20ed7-6960-4d82-b055-3029b3e4a05b:192.168.36.80:46205], old=null
2019-09-05 19:08:08,331 [a6f20ed7-6960-4d82-b055-3029b3e4a05b:group-5E75083C8BD9:LeaderElection86] INFO  impl.LeaderElection (LeaderElection.java:askForVotes(181)) - a6f20ed7-6960-4d82-b055-3029b3e4a05b:group-5E75083C8BD9:LeaderElection86: begin an election at term 1 for -1: [f543745a-0904-4953-8a38-fcef9bf68a3d:192.168.36.80:35996, c8d767ea-c04e-46f1-9df9-21a6292b5885:192.168.36.80:36176, a6f20ed7-6960-4d82-b055-3029b3e4a05b:192.168.36.80:46205], old=null
2019-09-05 19:08:08,332 [c8d767ea-c04e-46f1-9df9-21a6292b5885:group-5E75083C8BD9:LeaderElection85] INFO  impl.LeaderElection (LeaderElection.java:logAndReturn(56)) - c8d767ea-c04e-46f1-9df9-21a6292b5885:group-5E75083C8BD9:LeaderElection85: Election REJECTED; received 2 response(s) [c8d767ea-c04e-46f1-9df9-21a6292b5885<-f543745a-0904-4953-8a38-fcef9bf68a3d#0:FAIL-t1, c8d767ea-c04e-46f1-9df9-21a6292b5885<-a6f20ed7-6960-4d82-b055-3029b3e4a05b#0:FAIL-t1] and 0 exception(s); c8d767ea-c04e-46f1-9df9-21a6292b5885:t1, leader=null, voted=c8d767ea-c04e-46f1-9df9-21a6292b5885, raftlog=c8d767ea-c04e-46f1-9df9-21a6292b5885-SegmentedRaftLog:OPENED:c-1,f-1,i0, conf=-1: [f543745a-0904-4953-8a38-fcef9bf68a3d:192.168.36.80:35996, c8d767ea-c04e-46f1-9df9-21a6292b5885:192.168.36.80:36176, a6f20ed7-6960-4d82-b055-3029b3e4a05b:192.168.36.80:46205], old=null
2019-09-05 19:08:08,332 [c8d767ea-c04e-46f1-9df9-21a6292b5885:group-5E75083C8BD9:LeaderElection85] INFO  impl.RaftServerImpl (RaftServerImpl.java:setRole(171)) - c8d767ea-c04e-46f1-9df9-21a6292b5885:group-5E75083C8BD9 changes role from CANDIDATE to FOLLOWER at term 1 for DISCOVERED_A_NEW_TERM
2019-09-05 19:08:08,333 [c8d767ea-c04e-46f1-9df9-21a6292b5885:group-5E75083C8BD9:LeaderElection85] INFO  impl.RoleInfo (RoleInfo.java:shutdownLeaderElection(134)) - c8d767ea-c04e-46f1-9df9-21a6292b5885: shutdown LeaderElection
2019-09-05 19:08:08,333 [c8d767ea-c04e-46f1-9df9-21a6292b5885:group-5E75083C8BD9:LeaderElection85] INFO  impl.RoleInfo (RoleInfo.java:updateAndGet(143)) - c8d767ea-c04e-46f1-9df9-21a6292b5885: start FollowerState
2019-09-05 19:08:08,338 [f543745a-0904-4953-8a38-fcef9bf68a3d:group-5E75083C8BD9:LeaderElection87] INFO  impl.LeaderElection (LeaderElection.java:logAndReturn(56)) - f543745a-0904-4953-8a38-fcef9bf68a3d:group-5E75083C8BD9:LeaderElection87: Election REJECTED; received 2 response(s) [f543745a-0904-4953-8a38-fcef9bf68a3d<-a6f20ed7-6960-4d82-b055-3029b3e4a05b#0:FAIL-t1, f543745a-0904-4953-8a38-fcef9bf68a3d<-c8d767ea-c04e-46f1-9df9-21a6292b5885#0:FAIL-t1] and 0 exception(s); f543745a-0904-4953-8a38-fcef9bf68a3d:t1, leader=null, voted=f543745a-0904-4953-8a38-fcef9bf68a3d, raftlog=f543745a-0904-4953-8a38-fcef9bf68a3d-SegmentedRaftLog:OPENED:c-1,f-1,i0, conf=-1: [f543745a-0904-4953-8a38-fcef9bf68a3d:192.168.36.80:35996, c8d767ea-c04e-46f1-9df9-21a6292b5885:192.168.36.80:36176, a6f20ed7-6960-4d82-b055-3029b3e4a05b:192.168.36.80:46205], old=null
2019-09-05 19:08:08,338 [a6f20ed7-6960-4d82-b055-3029b3e4a05b:group-5E75083C8BD9:LeaderElection86] INFO  impl.LeaderElection (LeaderElection.java:logAndReturn(56)) - a6f20ed7-6960-4d82-b055-3029b3e4a05b:group-5E75083C8BD9:LeaderElection86: Election REJECTED; received 2 response(s) [a6f20ed7-6960-4d82-b055-3029b3e4a05b<-f543745a-0904-4953-8a38-fcef9bf68a3d#0:FAIL-t1, a6f20ed7-6960-4d82-b055-3029b3e4a05b<-c8d767ea-c04e-46f1-9df9-21a6292b5885#0:FAIL-t1] and 0 exception(s); a6f20ed7-6960-4d82-b055-3029b3e4a05b:t1, leader=null, voted=a6f20ed7-6960-4d82-b055-3029b3e4a05b, raftlog=a6f20ed7-6960-4d82-b055-3029b3e4a05b-SegmentedRaftLog:OPENED:c-1,f-1,i0, conf=-1: [f543745a-0904-4953-8a38-fcef9bf68a3d:192.168.36.80:35996, c8d767ea-c04e-46f1-9df9-21a6292b5885:192.168.36.80:36176, a6f20ed7-6960-4d82-b055-3029b3e4a05b:192.168.36.80:46205], old=null
2019-09-05 19:08:08,338 [f543745a-0904-4953-8a38-fcef9bf68a3d:group-5E75083C8BD9:LeaderElection87] INFO  impl.RaftServerImpl (RaftServerImpl.java:setRole(171)) - f543745a-0904-4953-8a38-fcef9bf68a3d:group-5E75083C8BD9 changes role from CANDIDATE to FOLLOWER at term 1 for DISCOVERED_A_NEW_TERM
2019-09-05 19:08:08,338 [a6f20ed7-6960-4d82-b055-3029b3e4a05b:group-5E75083C8BD9:LeaderElection86] INFO  impl.RaftServerImpl (RaftServerImpl.java:setRole(171)) - a6f20ed7-6960-4d82-b055-3029b3e4a05b:group-5E75083C8BD9 changes role from CANDIDATE to FOLLOWER at term 1 for DISCOVERED_A_NEW_TERM
2019-09-05 19:08:08,338 [f543745a-0904-4953-8a38-fcef9bf68a3d:group-5E75083C8BD9:LeaderElection87] INFO  impl.RoleInfo (RoleInfo.java:shutdownLeaderElection(134)) - f543745a-0904-4953-8a38-fcef9bf68a3d: shutdown LeaderElection
2019-09-05 19:08:08,338 [a6f20ed7-6960-4d82-b055-3029b3e4a05b:group-5E75083C8BD9:LeaderElection86] INFO  impl.RoleInfo (RoleInfo.java:shutdownLeaderElection(134)) - a6f20ed7-6960-4d82-b055-3029b3e4a05b: shutdown LeaderElection
2019-09-05 19:08:08,338 [f543745a-0904-4953-8a38-fcef9bf68a3d:group-5E75083C8BD9:LeaderElection87] INFO  impl.RoleInfo (RoleInfo.java:updateAndGet(143)) - f543745a-0904-4953-8a38-fcef9bf68a3d: start FollowerState
2019-09-05 19:08:08,338 [a6f20ed7-6960-4d82-b055-3029b3e4a05b:group-5E75083C8BD9:LeaderElection86] INFO  impl.RoleInfo (RoleInfo.java:updateAndGet(143)) - a6f20ed7-6960-4d82-b055-3029b3e4a05b: start FollowerState
2019-09-05 19:08:08,502 [Thread-4226] INFO  impl.FollowerState (FollowerState.java:run(106)) - e16ed8f0-c555-42a1-afe4-d66b9853b0f1:group-2418DB47C4D7 changes to CANDIDATE, lastRpcTime:5000, electionTimeout:5000ms
2019-09-05 19:08:08,502 [Thread-4226] INFO  impl.RoleInfo (RoleInfo.java:shutdownFollowerState(121)) - e16ed8f0-c555-42a1-afe4-d66b9853b0f1: shutdown FollowerState
2019-09-05 19:08:08,502 [Thread-4226] INFO  impl.RaftServerImpl (RaftServerImpl.java:setRole(171)) - e16ed8f0-c555-42a1-afe4-d66b9853b0f1:group-2418DB47C4D7 changes role from FOLLOWER to CANDIDATE at term 0 for changeToCandidate
2019-09-05 19:08:08,502 [Thread-4226] INFO  impl.RoleInfo (RoleInfo.java:updateAndGet(143)) - e16ed8f0-c555-42a1-afe4-d66b9853b0f1: start LeaderElection
2019-09-05 19:08:08,542 [Thread-4223] INFO  impl.FollowerState (FollowerState.java:run(106)) - 1e7d6414-e17c-471c-bf93-9961b4eef5cf:group-2418DB47C4D7 changes to CANDIDATE, lastRpcTime:5043, electionTimeout:5043ms
2019-09-05 19:08:08,542 [Thread-4223] INFO  impl.RoleInfo (RoleInfo.java:shutdownFollowerState(121)) - 1e7d6414-e17c-471c-bf93-9961b4eef5cf: shutdown FollowerState
2019-09-05 19:08:08,542 [Thread-4223] INFO  impl.RaftServerImpl (RaftServerImpl.java:setRole(171)) - 1e7d6414-e17c-471c-bf93-9961b4eef5cf:group-2418DB47C4D7 changes role from FOLLOWER to CANDIDATE at term 0 for changeToCandidate
2019-09-05 19:08:08,542 [Thread-4223] INFO  impl.RoleInfo (RoleInfo.java:updateAndGet(143)) - 1e7d6414-e17c-471c-bf93-9961b4eef5cf: start LeaderElection
2019-09-05 19:08:08,545 [e16ed8f0-c555-42a1-afe4-d66b9853b0f1:group-2418DB47C4D7:LeaderElection88] INFO  impl.LeaderElection (LeaderElection.java:askForVotes(181)) - e16ed8f0-c555-42a1-afe4-d66b9853b0f1:group-2418DB47C4D7:LeaderElection88: begin an election at term 1 for -1: [beda15f8-b83a-4823-85ee-8c904ee61c2b:192.168.36.80:46867, 1e7d6414-e17c-471c-bf93-9961b4eef5cf:192.168.36.80:32917, e16ed8f0-c555-42a1-afe4-d66b9853b0f1:192.168.36.80:46666], old=null
2019-09-05 19:08:08,551 [grpc-default-executor-13] INFO  impl.RaftServerImpl (RaftServerImpl.java:setRole(171)) - beda15f8-b83a-4823-85ee-8c904ee61c2b:group-2418DB47C4D7 changes role from FOLLOWER to FOLLOWER at term 1 for recognizeCandidate:e16ed8f0-c555-42a1-afe4-d66b9853b0f1
2019-09-05 19:08:08,551 [grpc-default-executor-13] INFO  impl.RoleInfo (RoleInfo.java:shutdownFollowerState(121)) - beda15f8-b83a-4823-85ee-8c904ee61c2b: shutdown FollowerState
2019-09-05 19:08:08,551 [grpc-default-executor-13] INFO  impl.RoleInfo (RoleInfo.java:updateAndGet(143)) - beda15f8-b83a-4823-85ee-8c904ee61c2b: start FollowerState
2019-09-05 19:08:08,551 [Thread-4229] INFO  impl.FollowerState (FollowerState.java:run(114)) - beda15f8-b83a-4823-85ee-8c904ee61c2b: FollowerState was interrupted: java.lang.InterruptedException: sleep interrupted
2019-09-05 19:08:08,585 [1e7d6414-e17c-471c-bf93-9961b4eef5cf:group-2418DB47C4D7:LeaderElection89] INFO  impl.LeaderElection (LeaderElection.java:askForVotes(181)) - 1e7d6414-e17c-471c-bf93-9961b4eef5cf:group-2418DB47C4D7:LeaderElection89: begin an election at term 1 for -1: [beda15f8-b83a-4823-85ee-8c904ee61c2b:192.168.36.80:46867, 1e7d6414-e17c-471c-bf93-9961b4eef5cf:192.168.36.80:32917, e16ed8f0-c555-42a1-afe4-d66b9853b0f1:192.168.36.80:46666], old=null
2019-09-05 19:08:08,586 [e16ed8f0-c555-42a1-afe4-d66b9853b0f1:group-2418DB47C4D7:LeaderElection88] INFO  impl.LeaderElection (LeaderElection.java:logAndReturn(56)) - e16ed8f0-c555-42a1-afe4-d66b9853b0f1:group-2418DB47C4D7:LeaderElection88: Election PASSED; received 2 response(s) [e16ed8f0-c555-42a1-afe4-d66b9853b0f1<-beda15f8-b83a-4823-85ee-8c904ee61c2b#0:OK-t1, e16ed8f0-c555-42a1-afe4-d66b9853b0f1<-1e7d6414-e17c-471c-bf93-9961b4eef5cf#0:FAIL-t1] and 0 exception(s); e16ed8f0-c555-42a1-afe4-d66b9853b0f1:t1, leader=null, voted=e16ed8f0-c555-42a1-afe4-d66b9853b0f1, raftlog=e16ed8f0-c555-42a1-afe4-d66b9853b0f1-SegmentedRaftLog:OPENED:c-1,f-1,i0, conf=-1: [beda15f8-b83a-4823-85ee-8c904ee61c2b:192.168.36.80:46867, 1e7d6414-e17c-471c-bf93-9961b4eef5cf:192.168.36.80:32917, e16ed8f0-c555-42a1-afe4-d66b9853b0f1:192.168.36.80:46666], old=null
2019-09-05 19:08:08,586 [e16ed8f0-c555-42a1-afe4-d66b9853b0f1:group-2418DB47C4D7:LeaderElection88] INFO  impl.RoleInfo (RoleInfo.java:shutdownLeaderElection(134)) - e16ed8f0-c555-42a1-afe4-d66b9853b0f1: shutdown LeaderElection
2019-09-05 19:08:08,586 [e16ed8f0-c555-42a1-afe4-d66b9853b0f1:group-2418DB47C4D7:LeaderElection88] INFO  impl.RaftServerImpl (RaftServerImpl.java:setRole(171)) - e16ed8f0-c555-42a1-afe4-d66b9853b0f1:group-2418DB47C4D7 changes role from CANDIDATE to LEADER at term 1 for changeToLeader
2019-09-05 19:08:08,586 [e16ed8f0-c555-42a1-afe4-d66b9853b0f1:group-2418DB47C4D7:LeaderElection88] INFO  impl.RaftServerImpl (ServerState.java:setLeader(263)) - e16ed8f0-c555-42a1-afe4-d66b9853b0f1:group-2418DB47C4D7 change Leader from null to e16ed8f0-c555-42a1-afe4-d66b9853b0f1 at term 1 for becomeLeader, leader elected after 5096ms
2019-09-05 19:08:08,586 [e16ed8f0-c555-42a1-afe4-d66b9853b0f1:group-2418DB47C4D7:LeaderElection88] INFO  server.RaftServerConfigKeys (ConfUtils.java:logGet(43)) - raft.server.staging.catchup.gap = 1000 (default)
2019-09-05 19:08:08,586 [e16ed8f0-c555-42a1-afe4-d66b9853b0f1:group-2418DB47C4D7:LeaderElection88] INFO  server.RaftServerConfigKeys (ConfUtils.java:logGet(43)) - raft.server.rpc.sleep.time = 25ms (default)
2019-09-05 19:08:08,587 [e16ed8f0-c555-42a1-afe4-d66b9853b0f1:group-2418DB47C4D7:LeaderElection88] INFO  server.RaftServerConfigKeys (ConfUtils.java:logGet(43)) - raft.server.write.element-limit = 4096 (default)
2019-09-05 19:08:08,587 [e16ed8f0-c555-42a1-afe4-d66b9853b0f1:group-2418DB47C4D7:LeaderElection88] INFO  server.RaftServerConfigKeys (ConfUtils.java:logGet(43)) - raft.server.watch.timeout = 10s (default)
2019-09-05 19:08:08,587 [e16ed8f0-c555-42a1-afe4-d66b9853b0f1:group-2418DB47C4D7:LeaderElection88] INFO  server.RaftServerConfigKeys (ConfUtils.java:logGet(43)) - raft.server.watch.timeout.denomination = 1s (default)
2019-09-05 19:08:08,587 [e16ed8f0-c555-42a1-afe4-d66b9853b0f1:group-2418DB47C4D7:LeaderElection88] INFO  server.RaftServerConfigKeys (ConfUtils.java:logGet(43)) - raft.server.watch.element-limit = 65536 (default)
2019-09-05 19:08:08,587 [e16ed8f0-c555-42a1-afe4-d66b9853b0f1:group-2418DB47C4D7:LeaderElection88] INFO  server.RaftServerConfigKeys (ConfUtils.java:logGet(43)) - raft.server.log.appender.snapshot.chunk.size.max = 16MB (=16777216) (default)
2019-09-05 19:08:08,587 [e16ed8f0-c555-42a1-afe4-d66b9853b0f1:group-2418DB47C4D7:LeaderElection88] INFO  server.RaftServerConfigKeys (ConfUtils.java:logGet(43)) - raft.server.log.appender.buffer.byte-limit = 33554432 (custom)
2019-09-05 19:08:08,594 [e16ed8f0-c555-42a1-afe4-d66b9853b0f1:group-2418DB47C4D7:LeaderElection88] INFO  server.RaftServerConfigKeys (ConfUtils.java:logGet(43)) - raft.server.log.appender.buffer.element-limit = 1 (custom)
2019-09-05 19:08:08,595 [e16ed8f0-c555-42a1-afe4-d66b9853b0f1:group-2418DB47C4D7:LeaderElection88] INFO  grpc.GrpcConfigKeys$Server (ConfUtils.java:logGet(43)) - raft.grpc.server.leader.outstanding.appends.max = 128 (default)
2019-09-05 19:08:08,595 [e16ed8f0-c555-42a1-afe4-d66b9853b0f1:group-2418DB47C4D7:LeaderElection88] INFO  server.RaftServerConfigKeys (ConfUtils.java:logGet(43)) - raft.server.rpc.request.timeout = 3000ms (default)
2019-09-05 19:08:08,595 [e16ed8f0-c555-42a1-afe4-d66b9853b0f1:group-2418DB47C4D7:LeaderElection88] INFO  server.RaftServerConfigKeys (ConfUtils.java:logGet(43)) - raft.server.log.appender.install.snapshot.enabled = false (custom)
2019-09-05 19:08:08,595 [e16ed8f0-c555-42a1-afe4-d66b9853b0f1:group-2418DB47C4D7:LeaderElection88] INFO  server.RaftServerConfigKeys (ConfUtils.java:logGet(43)) - raft.server.log.appender.snapshot.chunk.size.max = 16MB (=16777216) (default)
2019-09-05 19:08:08,595 [e16ed8f0-c555-42a1-afe4-d66b9853b0f1:group-2418DB47C4D7:LeaderElection88] INFO  server.RaftServerConfigKeys (ConfUtils.java:logGet(43)) - raft.server.log.appender.buffer.byte-limit = 33554432 (custom)
2019-09-05 19:08:08,596 [e16ed8f0-c555-42a1-afe4-d66b9853b0f1:group-2418DB47C4D7:LeaderElection88] INFO  server.RaftServerConfigKeys (ConfUtils.java:logGet(43)) - raft.server.log.appender.buffer.element-limit = 1 (custom)
2019-09-05 19:08:08,596 [e16ed8f0-c555-42a1-afe4-d66b9853b0f1:group-2418DB47C4D7:LeaderElection88] INFO  grpc.GrpcConfigKeys$Server (ConfUtils.java:logGet(43)) - raft.grpc.server.leader.outstanding.appends.max = 128 (default)
2019-09-05 19:08:08,596 [e16ed8f0-c555-42a1-afe4-d66b9853b0f1:group-2418DB47C4D7:LeaderElection88] INFO  server.RaftServerConfigKeys (ConfUtils.java:logGet(43)) - raft.server.rpc.request.timeout = 3000ms (default)
2019-09-05 19:08:08,596 [e16ed8f0-c555-42a1-afe4-d66b9853b0f1:group-2418DB47C4D7:LeaderElection88] INFO  server.RaftServerConfigKeys (ConfUtils.java:logGet(43)) - raft.server.log.appender.install.snapshot.enabled = false (custom)
2019-09-05 19:08:08,596 [e16ed8f0-c555-42a1-afe4-d66b9853b0f1:group-2418DB47C4D7:LeaderElection88] INFO  impl.RoleInfo (RoleInfo.java:updateAndGet(143)) - e16ed8f0-c555-42a1-afe4-d66b9853b0f1: start LeaderState
2019-09-05 19:08:08,596 [e16ed8f0-c555-42a1-afe4-d66b9853b0f1:group-2418DB47C4D7:LeaderElection88] INFO  segmented.SegmentedRaftLogWorker (SegmentedRaftLogWorker.java:startLogSegment(380)) - e16ed8f0-c555-42a1-afe4-d66b9853b0f1-SegmentedRaftLogWorker:Storage Directory /workdir/hadoop-ozone/integration-test/target/test-dir/MiniOzoneClusterImpl-26321163-d00f-4eeb-b505-787cf25e09ba/datanode-4/data/ratis/4c12367f-091d-4b02-8fa5-2418db47c4d7: Starting segment from index:0
2019-09-05 19:08:08,597 [e16ed8f0-c555-42a1-afe4-d66b9853b0f1:group-2418DB47C4D7:LeaderElection88] INFO  impl.RaftServerImpl (ServerState.java:setRaftConf(361)) - e16ed8f0-c555-42a1-afe4-d66b9853b0f1:group-2418DB47C4D7 set configuration 0: [beda15f8-b83a-4823-85ee-8c904ee61c2b:192.168.36.80:46867, 1e7d6414-e17c-471c-bf93-9961b4eef5cf:192.168.36.80:32917, e16ed8f0-c555-42a1-afe4-d66b9853b0f1:192.168.36.80:46666], old=null at 0
2019-09-05 19:08:08,597 [grpc-default-executor-7] INFO  impl.RaftServerImpl (RaftServerImpl.java:requestVote(754)) - e16ed8f0-c555-42a1-afe4-d66b9853b0f1-LEADER: Withhold vote from candidate 1e7d6414-e17c-471c-bf93-9961b4eef5cf with term 1. State: leader=e16ed8f0-c555-42a1-afe4-d66b9853b0f1, term=1, lastRpcElapsed=null
2019-09-05 19:08:08,598 [1e7d6414-e17c-471c-bf93-9961b4eef5cf:group-2418DB47C4D7:LeaderElection89] INFO  impl.LeaderElection (LeaderElection.java:logAndReturn(56)) - 1e7d6414-e17c-471c-bf93-9961b4eef5cf:group-2418DB47C4D7:LeaderElection89: Election REJECTED; received 2 response(s) [1e7d6414-e17c-471c-bf93-9961b4eef5cf<-beda15f8-b83a-4823-85ee-8c904ee61c2b#0:FAIL-t1, 1e7d6414-e17c-471c-bf93-9961b4eef5cf<-e16ed8f0-c555-42a1-afe4-d66b9853b0f1#0:FAIL-t1] and 0 exception(s); 1e7d6414-e17c-471c-bf93-9961b4eef5cf:t1, leader=null, voted=1e7d6414-e17c-471c-bf93-9961b4eef5cf, raftlog=1e7d6414-e17c-471c-bf93-9961b4eef5cf-SegmentedRaftLog:OPENED:c-1,f-1,i0, conf=-1: [beda15f8-b83a-4823-85ee-8c904ee61c2b:192.168.36.80:46867, 1e7d6414-e17c-471c-bf93-9961b4eef5cf:192.168.36.80:32917, e16ed8f0-c555-42a1-afe4-d66b9853b0f1:192.168.36.80:46666], old=null
2019-09-05 19:08:08,598 [grpc-default-executor-7] INFO  impl.RaftServerImpl (ServerState.java:setLeader(263)) - beda15f8-b83a-4823-85ee-8c904ee61c2b:group-2418DB47C4D7 change Leader from null to e16ed8f0-c555-42a1-afe4-d66b9853b0f1 at term 1 for appendEntries, leader elected after 5108ms
2019-09-05 19:08:08,598 [1e7d6414-e17c-471c-bf93-9961b4eef5cf:group-2418DB47C4D7:LeaderElection89] INFO  impl.RaftServerImpl (RaftServerImpl.java:setRole(171)) - 1e7d6414-e17c-471c-bf93-9961b4eef5cf:group-2418DB47C4D7 changes role from CANDIDATE to FOLLOWER at term 1 for DISCOVERED_A_NEW_TERM
2019-09-05 19:08:08,598 [1e7d6414-e17c-471c-bf93-9961b4eef5cf:group-2418DB47C4D7:LeaderElection89] INFO  impl.RoleInfo (RoleInfo.java:shutdownLeaderElection(134)) - 1e7d6414-e17c-471c-bf93-9961b4eef5cf: shutdown LeaderElection
2019-09-05 19:08:08,598 [1e7d6414-e17c-471c-bf93-9961b4eef5cf:group-2418DB47C4D7:LeaderElection89] INFO  impl.RoleInfo (RoleInfo.java:updateAndGet(143)) - 1e7d6414-e17c-471c-bf93-9961b4eef5cf: start FollowerState
2019-09-05 19:08:08,629 [grpc-default-executor-13] INFO  impl.RaftServerImpl (ServerState.java:setLeader(263)) - 1e7d6414-e17c-471c-bf93-9961b4eef5cf:group-2418DB47C4D7 change Leader from null to e16ed8f0-c555-42a1-afe4-d66b9853b0f1 at term 1 for appendEntries, leader elected after 5139ms
2019-09-05 19:08:08,631 [grpc-default-executor-13] INFO  impl.RaftServerImpl (ServerState.java:setRaftConf(361)) - beda15f8-b83a-4823-85ee-8c904ee61c2b:group-2418DB47C4D7 set configuration 0: [beda15f8-b83a-4823-85ee-8c904ee61c2b:192.168.36.80:46867, 1e7d6414-e17c-471c-bf93-9961b4eef5cf:192.168.36.80:32917, e16ed8f0-c555-42a1-afe4-d66b9853b0f1:192.168.36.80:46666], old=null at 0
2019-09-05 19:08:08,631 [grpc-default-executor-13] INFO  segmented.SegmentedRaftLogWorker (SegmentedRaftLogWorker.java:startLogSegment(380)) - beda15f8-b83a-4823-85ee-8c904ee61c2b-SegmentedRaftLogWorker:Storage Directory /workdir/hadoop-ozone/integration-test/target/test-dir/MiniOzoneClusterImpl-26321163-d00f-4eeb-b505-787cf25e09ba/datanode-2/data/ratis/4c12367f-091d-4b02-8fa5-2418db47c4d7: Starting segment from index:0
2019-09-05 19:08:08,631 [grpc-default-executor-7] INFO  impl.RaftServerImpl (ServerState.java:setRaftConf(361)) - 1e7d6414-e17c-471c-bf93-9961b4eef5cf:group-2418DB47C4D7 set configuration 0: [beda15f8-b83a-4823-85ee-8c904ee61c2b:192.168.36.80:46867, 1e7d6414-e17c-471c-bf93-9961b4eef5cf:192.168.36.80:32917, e16ed8f0-c555-42a1-afe4-d66b9853b0f1:192.168.36.80:46666], old=null at 0
2019-09-05 19:08:08,631 [grpc-default-executor-7] INFO  segmented.SegmentedRaftLogWorker (SegmentedRaftLogWorker.java:startLogSegment(380)) - 1e7d6414-e17c-471c-bf93-9961b4eef5cf-SegmentedRaftLogWorker:Storage Directory /workdir/hadoop-ozone/integration-test/target/test-dir/MiniOzoneClusterImpl-26321163-d00f-4eeb-b505-787cf25e09ba/datanode-0/data/ratis/4c12367f-091d-4b02-8fa5-2418db47c4d7: Starting segment from index:0
2019-09-05 19:08:08,657 [e16ed8f0-c555-42a1-afe4-d66b9853b0f1-SegmentedRaftLogWorker:Storage Directory /workdir/hadoop-ozone/integration-test/target/test-dir/MiniOzoneClusterImpl-26321163-d00f-4eeb-b505-787cf25e09ba/datanode-4/data/ratis/4c12367f-091d-4b02-8fa5-2418db47c4d7] INFO  segmented.SegmentedRaftLogWorker (SegmentedRaftLogWorker.java:execute(569)) - e16ed8f0-c555-42a1-afe4-d66b9853b0f1-SegmentedRaftLogWorker:Storage Directory /workdir/hadoop-ozone/integration-test/target/test-dir/MiniOzoneClusterImpl-26321163-d00f-4eeb-b505-787cf25e09ba/datanode-4/data/ratis/4c12367f-091d-4b02-8fa5-2418db47c4d7: created new log segment /workdir/hadoop-ozone/integration-test/target/test-dir/MiniOzoneClusterImpl-26321163-d00f-4eeb-b505-787cf25e09ba/datanode-4/data/ratis/4c12367f-091d-4b02-8fa5-2418db47c4d7/current/log_inprogress_0
2019-09-05 19:08:08,659 [1e7d6414-e17c-471c-bf93-9961b4eef5cf-SegmentedRaftLogWorker:Storage Directory /workdir/hadoop-ozone/integration-test/target/test-dir/MiniOzoneClusterImpl-26321163-d00f-4eeb-b505-787cf25e09ba/datanode-0/data/ratis/4c12367f-091d-4b02-8fa5-2418db47c4d7] INFO  segmented.SegmentedRaftLogWorker (SegmentedRaftLogWorker.java:execute(569)) - 1e7d6414-e17c-471c-bf93-9961b4eef5cf-SegmentedRaftLogWorker:Storage Directory /workdir/hadoop-ozone/integration-test/target/test-dir/MiniOzoneClusterImpl-26321163-d00f-4eeb-b505-787cf25e09ba/datanode-0/data/ratis/4c12367f-091d-4b02-8fa5-2418db47c4d7: created new log segment /workdir/hadoop-ozone/integration-test/target/test-dir/MiniOzoneClusterImpl-26321163-d00f-4eeb-b505-787cf25e09ba/datanode-0/data/ratis/4c12367f-091d-4b02-8fa5-2418db47c4d7/current/log_inprogress_0
2019-09-05 19:08:08,661 [beda15f8-b83a-4823-85ee-8c904ee61c2b-SegmentedRaftLogWorker:Storage Directory /workdir/hadoop-ozone/integration-test/target/test-dir/MiniOzoneClusterImpl-26321163-d00f-4eeb-b505-787cf25e09ba/datanode-2/data/ratis/4c12367f-091d-4b02-8fa5-2418db47c4d7] INFO  segmented.SegmentedRaftLogWorker (SegmentedRaftLogWorker.java:execute(569)) - beda15f8-b83a-4823-85ee-8c904ee61c2b-SegmentedRaftLogWorker:Storage Directory /workdir/hadoop-ozone/integration-test/target/test-dir/MiniOzoneClusterImpl-26321163-d00f-4eeb-b505-787cf25e09ba/datanode-2/data/ratis/4c12367f-091d-4b02-8fa5-2418db47c4d7: created new log segment /workdir/hadoop-ozone/integration-test/target/test-dir/MiniOzoneClusterImpl-26321163-d00f-4eeb-b505-787cf25e09ba/datanode-2/data/ratis/4c12367f-091d-4b02-8fa5-2418db47c4d7/current/log_inprogress_0
2019-09-05 19:08:08,776 [Thread-4232] INFO  impl.FollowerState (FollowerState.java:run(106)) - f543745a-0904-4953-8a38-fcef9bf68a3d:group-EC5BA253973B changes to CANDIDATE, lastRpcTime:5150, electionTimeout:5150ms
2019-09-05 19:08:08,777 [Thread-4232] INFO  impl.RoleInfo (RoleInfo.java:shutdownFollowerState(121)) - f543745a-0904-4953-8a38-fcef9bf68a3d: shutdown FollowerState
2019-09-05 19:08:08,777 [Thread-4232] INFO  impl.RaftServerImpl (RaftServerImpl.java:setRole(171)) - f543745a-0904-4953-8a38-fcef9bf68a3d:group-EC5BA253973B changes role from FOLLOWER to CANDIDATE at term 0 for changeToCandidate
2019-09-05 19:08:08,777 [Thread-4232] INFO  impl.RoleInfo (RoleInfo.java:updateAndGet(143)) - f543745a-0904-4953-8a38-fcef9bf68a3d: start LeaderElection
2019-09-05 19:08:08,815 [Thread-4235] INFO  impl.FollowerState (FollowerState.java:run(106)) - c8d767ea-c04e-46f1-9df9-21a6292b5885:group-C652C80EDB7A changes to CANDIDATE, lastRpcTime:5052, electionTimeout:5052ms
2019-09-05 19:08:08,815 [Thread-4235] INFO  impl.RoleInfo (RoleInfo.java:shutdownFollowerState(121)) - c8d767ea-c04e-46f1-9df9-21a6292b5885: shutdown FollowerState
2019-09-05 19:08:08,815 [Thread-4235] INFO  impl.RaftServerImpl (RaftServerImpl.java:setRole(171)) - c8d767ea-c04e-46f1-9df9-21a6292b5885:group-C652C80EDB7A changes role from FOLLOWER to CANDIDATE at term 0 for changeToCandidate
2019-09-05 19:08:08,815 [Thread-4235] INFO  impl.RoleInfo (RoleInfo.java:updateAndGet(143)) - c8d767ea-c04e-46f1-9df9-21a6292b5885: start LeaderElection
2019-09-05 19:08:08,992 [c8d767ea-c04e-46f1-9df9-21a6292b5885:group-C652C80EDB7A:LeaderElection91] INFO  impl.LeaderElection (LeaderElection.java:askForVotes(181)) - c8d767ea-c04e-46f1-9df9-21a6292b5885:group-C652C80EDB7A:LeaderElection91: begin an election at term 1 for -1: [c8d767ea-c04e-46f1-9df9-21a6292b5885:192.168.36.80:36176], old=null
2019-09-05 19:08:08,992 [f543745a-0904-4953-8a38-fcef9bf68a3d:group-EC5BA253973B:LeaderElection90] INFO  impl.LeaderElection (LeaderElection.java:askForVotes(181)) - f543745a-0904-4953-8a38-fcef9bf68a3d:group-EC5BA253973B:LeaderElection90: begin an election at term 1 for -1: [f543745a-0904-4953-8a38-fcef9bf68a3d:192.168.36.80:35996], old=null
2019-09-05 19:08:08,992 [f543745a-0904-4953-8a38-fcef9bf68a3d:group-EC5BA253973B:LeaderElection90] INFO  impl.RoleInfo (RoleInfo.java:shutdownLeaderElection(134)) - f543745a-0904-4953-8a38-fcef9bf68a3d: shutdown LeaderElection
2019-09-05 19:08:08,992 [c8d767ea-c04e-46f1-9df9-21a6292b5885:group-C652C80EDB7A:LeaderElection91] INFO  impl.RoleInfo (RoleInfo.java:shutdownLeaderElection(134)) - c8d767ea-c04e-46f1-9df9-21a6292b5885: shutdown LeaderElection
2019-09-05 19:08:08,993 [f543745a-0904-4953-8a38-fcef9bf68a3d:group-EC5BA253973B:LeaderElection90] INFO  impl.RaftServerImpl (RaftServerImpl.java:setRole(171)) - f543745a-0904-4953-8a38-fcef9bf68a3d:group-EC5BA253973B changes role from CANDIDATE to LEADER at term 1 for changeToLeader
2019-09-05 19:08:08,993 [c8d767ea-c04e-46f1-9df9-21a6292b5885:group-C652C80EDB7A:LeaderElection91] INFO  impl.RaftServerImpl (RaftServerImpl.java:setRole(171)) - c8d767ea-c04e-46f1-9df9-21a6292b5885:group-C652C80EDB7A changes role from CANDIDATE to LEADER at term 1 for changeToLeader
2019-09-05 19:08:08,993 [f543745a-0904-4953-8a38-fcef9bf68a3d:group-EC5BA253973B:LeaderElection90] INFO  impl.RaftServerImpl (ServerState.java:setLeader(263)) - f543745a-0904-4953-8a38-fcef9bf68a3d:group-EC5BA253973B change Leader from null to f543745a-0904-4953-8a38-fcef9bf68a3d at term 1 for becomeLeader, leader elected after 5370ms
2019-09-05 19:08:08,993 [c8d767ea-c04e-46f1-9df9-21a6292b5885:group-C652C80EDB7A:LeaderElection91] INFO  impl.RaftServerImpl (ServerState.java:setLeader(263)) - c8d767ea-c04e-46f1-9df9-21a6292b5885:group-C652C80EDB7A change Leader from null to c8d767ea-c04e-46f1-9df9-21a6292b5885 at term 1 for becomeLeader, leader elected after 5235ms
2019-09-05 19:08:08,993 [f543745a-0904-4953-8a38-fcef9bf68a3d:group-EC5BA253973B:LeaderElection90] INFO  server.RaftServerConfigKeys (ConfUtils.java:logGet(43)) - raft.server.staging.catchup.gap = 1000 (default)
2019-09-05 19:08:08,993 [c8d767ea-c04e-46f1-9df9-21a6292b5885:group-C652C80EDB7A:LeaderElection91] INFO  server.RaftServerConfigKeys (ConfUtils.java:logGet(43)) - raft.server.staging.catchup.gap = 1000 (default)
2019-09-05 19:08:08,993 [f543745a-0904-4953-8a38-fcef9bf68a3d:group-EC5BA253973B:LeaderElection90] INFO  server.RaftServerConfigKeys (ConfUtils.java:logGet(43)) - raft.server.rpc.sleep.time = 25ms (default)
2019-09-05 19:08:08,993 [c8d767ea-c04e-46f1-9df9-21a6292b5885:group-C652C80EDB7A:LeaderElection91] INFO  server.RaftServerConfigKeys (ConfUtils.java:logGet(43)) - raft.server.rpc.sleep.time = 25ms (default)
2019-09-05 19:08:08,994 [f543745a-0904-4953-8a38-fcef9bf68a3d:group-EC5BA253973B:LeaderElection90] INFO  server.RaftServerConfigKeys (ConfUtils.java:logGet(43)) - raft.server.write.element-limit = 4096 (default)
2019-09-05 19:08:08,994 [c8d767ea-c04e-46f1-9df9-21a6292b5885:group-C652C80EDB7A:LeaderElection91] INFO  server.RaftServerConfigKeys (ConfUtils.java:logGet(43)) - raft.server.write.element-limit = 4096 (default)
2019-09-05 19:08:08,994 [f543745a-0904-4953-8a38-fcef9bf68a3d:group-EC5BA253973B:LeaderElection90] INFO  server.RaftServerConfigKeys (ConfUtils.java:logGet(43)) - raft.server.watch.timeout = 10s (default)
2019-09-05 19:08:08,994 [c8d767ea-c04e-46f1-9df9-21a6292b5885:group-C652C80EDB7A:LeaderElection91] INFO  server.RaftServerConfigKeys (ConfUtils.java:logGet(43)) - raft.server.watch.timeout = 10s (default)
2019-09-05 19:08:08,994 [f543745a-0904-4953-8a38-fcef9bf68a3d:group-EC5BA253973B:LeaderElection90] INFO  server.RaftServerConfigKeys (ConfUtils.java:logGet(43)) - raft.server.watch.timeout.denomination = 1s (default)
2019-09-05 19:08:08,994 [c8d767ea-c04e-46f1-9df9-21a6292b5885:group-C652C80EDB7A:LeaderElection91] INFO  server.RaftServerConfigKeys (ConfUtils.java:logGet(43)) - raft.server.watch.timeout.denomination = 1s (default)
2019-09-05 19:08:08,994 [f543745a-0904-4953-8a38-fcef9bf68a3d:group-EC5BA253973B:LeaderElection90] INFO  server.RaftServerConfigKeys (ConfUtils.java:logGet(43)) - raft.server.watch.element-limit = 65536 (default)
2019-09-05 19:08:08,994 [c8d767ea-c04e-46f1-9df9-21a6292b5885:group-C652C80EDB7A:LeaderElection91] INFO  server.RaftServerConfigKeys (ConfUtils.java:logGet(43)) - raft.server.watch.element-limit = 65536 (default)
2019-09-05 19:08:08,994 [f543745a-0904-4953-8a38-fcef9bf68a3d:group-EC5BA253973B:LeaderElection90] INFO  impl.RoleInfo (RoleInfo.java:updateAndGet(143)) - f543745a-0904-4953-8a38-fcef9bf68a3d: start LeaderState
2019-09-05 19:08:08,995 [c8d767ea-c04e-46f1-9df9-21a6292b5885:group-C652C80EDB7A:LeaderElection91] INFO  impl.RoleInfo (RoleInfo.java:updateAndGet(143)) - c8d767ea-c04e-46f1-9df9-21a6292b5885: start LeaderState
2019-09-05 19:08:08,995 [f543745a-0904-4953-8a38-fcef9bf68a3d:group-EC5BA253973B:LeaderElection90] INFO  segmented.SegmentedRaftLogWorker (SegmentedRaftLogWorker.java:startLogSegment(380)) - f543745a-0904-4953-8a38-fcef9bf68a3d-SegmentedRaftLogWorker:Storage Directory /workdir/hadoop-ozone/integration-test/target/test-dir/MiniOzoneClusterImpl-26321163-d00f-4eeb-b505-787cf25e09ba/datanode-5/data/ratis/e0e05678-dbc2-4b5f-9848-ec5ba253973b: Starting segment from index:0
2019-09-05 19:08:08,995 [c8d767ea-c04e-46f1-9df9-21a6292b5885:group-C652C80EDB7A:LeaderElection91] INFO  segmented.SegmentedRaftLogWorker (SegmentedRaftLogWorker.java:startLogSegment(380)) - c8d767ea-c04e-46f1-9df9-21a6292b5885-SegmentedRaftLogWorker:Storage Directory /workdir/hadoop-ozone/integration-test/target/test-dir/MiniOzoneClusterImpl-26321163-d00f-4eeb-b505-787cf25e09ba/datanode-3/data/ratis/ac450984-41b2-4031-bf58-c652c80edb7a: Starting segment from index:0
2019-09-05 19:08:08,997 [f543745a-0904-4953-8a38-fcef9bf68a3d:group-EC5BA253973B:LeaderElection90] INFO  impl.RaftServerImpl (ServerState.java:setRaftConf(361)) - f543745a-0904-4953-8a38-fcef9bf68a3d:group-EC5BA253973B set configuration 0: [f543745a-0904-4953-8a38-fcef9bf68a3d:192.168.36.80:35996], old=null at 0
2019-09-05 19:08:09,027 [Thread-4241] INFO  impl.FollowerState (FollowerState.java:run(106)) - e16ed8f0-c555-42a1-afe4-d66b9853b0f1:group-AD6B689E4682 changes to CANDIDATE, lastRpcTime:5052, electionTimeout:5029ms
2019-09-05 19:08:09,027 [c8d767ea-c04e-46f1-9df9-21a6292b5885:group-C652C80EDB7A:LeaderElection91] INFO  impl.RaftServerImpl (ServerState.java:setRaftConf(361)) - c8d767ea-c04e-46f1-9df9-21a6292b5885:group-C652C80EDB7A set configuration 0: [c8d767ea-c04e-46f1-9df9-21a6292b5885:192.168.36.80:36176], old=null at 0
2019-09-05 19:08:09,027 [Thread-4241] INFO  impl.RoleInfo (RoleInfo.java:shutdownFollowerState(121)) - e16ed8f0-c555-42a1-afe4-d66b9853b0f1: shutdown FollowerState
2019-09-05 19:08:09,069 [Thread-4241] INFO  impl.RaftServerImpl (RaftServerImpl.java:setRole(171)) - e16ed8f0-c555-42a1-afe4-d66b9853b0f1:group-AD6B689E4682 changes role from FOLLOWER to CANDIDATE at term 0 for changeToCandidate
2019-09-05 19:08:09,070 [Thread-4241] INFO  impl.RoleInfo (RoleInfo.java:updateAndGet(143)) - e16ed8f0-c555-42a1-afe4-d66b9853b0f1: start LeaderElection
2019-09-05 19:08:09,072 [f543745a-0904-4953-8a38-fcef9bf68a3d-SegmentedRaftLogWorker:Storage Directory /workdir/hadoop-ozone/integration-test/target/test-dir/MiniOzoneClusterImpl-26321163-d00f-4eeb-b505-787cf25e09ba/datanode-5/data/ratis/e0e05678-dbc2-4b5f-9848-ec5ba253973b] INFO  segmented.SegmentedRaftLogWorker (SegmentedRaftLogWorker.java:execute(569)) - f543745a-0904-4953-8a38-fcef9bf68a3d-SegmentedRaftLogWorker:Storage Directory /workdir/hadoop-ozone/integration-test/target/test-dir/MiniOzoneClusterImpl-26321163-d00f-4eeb-b505-787cf25e09ba/datanode-5/data/ratis/e0e05678-dbc2-4b5f-9848-ec5ba253973b: created new log segment /workdir/hadoop-ozone/integration-test/target/test-dir/MiniOzoneClusterImpl-26321163-d00f-4eeb-b505-787cf25e09ba/datanode-5/data/ratis/e0e05678-dbc2-4b5f-9848-ec5ba253973b/current/log_inprogress_0
2019-09-05 19:08:09,079 [Thread-4238] INFO  impl.FollowerState (FollowerState.java:run(106)) - a6f20ed7-6960-4d82-b055-3029b3e4a05b:group-66E53D7059FA changes to CANDIDATE, lastRpcTime:5150, electionTimeout:5150ms
2019-09-05 19:08:09,079 [Thread-4238] INFO  impl.RoleInfo (RoleInfo.java:shutdownFollowerState(121)) - a6f20ed7-6960-4d82-b055-3029b3e4a05b: shutdown FollowerState
2019-09-05 19:08:09,079 [Thread-4238] INFO  impl.RaftServerImpl (RaftServerImpl.java:setRole(171)) - a6f20ed7-6960-4d82-b055-3029b3e4a05b:group-66E53D7059FA changes role from FOLLOWER to CANDIDATE at term 0 for changeToCandidate
2019-09-05 19:08:09,080 [Thread-4238] INFO  impl.RoleInfo (RoleInfo.java:updateAndGet(143)) - a6f20ed7-6960-4d82-b055-3029b3e4a05b: start LeaderElection
2019-09-05 19:08:09,156 [c8d767ea-c04e-46f1-9df9-21a6292b5885-SegmentedRaftLogWorker:Storage Directory /workdir/hadoop-ozone/integration-test/target/test-dir/MiniOzoneClusterImpl-26321163-d00f-4eeb-b505-787cf25e09ba/datanode-3/data/ratis/ac450984-41b2-4031-bf58-c652c80edb7a] INFO  segmented.SegmentedRaftLogWorker (SegmentedRaftLogWorker.java:execute(569)) - c8d767ea-c04e-46f1-9df9-21a6292b5885-SegmentedRaftLogWorker:Storage Directory /workdir/hadoop-ozone/integration-test/target/test-dir/MiniOzoneClusterImpl-26321163-d00f-4eeb-b505-787cf25e09ba/datanode-3/data/ratis/ac450984-41b2-4031-bf58-c652c80edb7a: created new log segment /workdir/hadoop-ozone/integration-test/target/test-dir/MiniOzoneClusterImpl-26321163-d00f-4eeb-b505-787cf25e09ba/datanode-3/data/ratis/ac450984-41b2-4031-bf58-c652c80edb7a/current/log_inprogress_0
2019-09-05 19:08:09,156 [e16ed8f0-c555-42a1-afe4-d66b9853b0f1:group-AD6B689E4682:LeaderElection92] INFO  impl.LeaderElection (LeaderElection.java:askForVotes(181)) - e16ed8f0-c555-42a1-afe4-d66b9853b0f1:group-AD6B689E4682:LeaderElection92: begin an election at term 1 for -1: [e16ed8f0-c555-42a1-afe4-d66b9853b0f1:192.168.36.80:46666], old=null
2019-09-05 19:08:09,156 [a6f20ed7-6960-4d82-b055-3029b3e4a05b:group-66E53D7059FA:LeaderElection93] INFO  impl.LeaderElection (LeaderElection.java:askForVotes(181)) - a6f20ed7-6960-4d82-b055-3029b3e4a05b:group-66E53D7059FA:LeaderElection93: begin an election at term 1 for -1: [a6f20ed7-6960-4d82-b055-3029b3e4a05b:192.168.36.80:46205], old=null
2019-09-05 19:08:09,156 [e16ed8f0-c555-42a1-afe4-d66b9853b0f1:group-AD6B689E4682:LeaderElection92] INFO  impl.RoleInfo (RoleInfo.java:shutdownLeaderElection(134)) - e16ed8f0-c555-42a1-afe4-d66b9853b0f1: shutdown LeaderElection
2019-09-05 19:08:09,156 [e16ed8f0-c555-42a1-afe4-d66b9853b0f1:group-AD6B689E4682:LeaderElection92] INFO  impl.RaftServerImpl (RaftServerImpl.java:setRole(171)) - e16ed8f0-c555-42a1-afe4-d66b9853b0f1:group-AD6B689E4682 changes role from CANDIDATE to LEADER at term 1 for changeToLeader
2019-09-05 19:08:09,157 [e16ed8f0-c555-42a1-afe4-d66b9853b0f1:group-AD6B689E4682:LeaderElection92] INFO  impl.RaftServerImpl (ServerState.java:setLeader(263)) - e16ed8f0-c555-42a1-afe4-d66b9853b0f1:group-AD6B689E4682 change Leader from null to e16ed8f0-c555-42a1-afe4-d66b9853b0f1 at term 1 for becomeLeader, leader elected after 5186ms
2019-09-05 19:08:09,156 [a6f20ed7-6960-4d82-b055-3029b3e4a05b:group-66E53D7059FA:LeaderElection93] INFO  impl.RoleInfo (RoleInfo.java:shutdownLeaderElection(134)) - a6f20ed7-6960-4d82-b055-3029b3e4a05b: shutdown LeaderElection
2019-09-05 19:08:09,157 [e16ed8f0-c555-42a1-afe4-d66b9853b0f1:group-AD6B689E4682:LeaderElection92] INFO  server.RaftServerConfigKeys (ConfUtils.java:logGet(43)) - raft.server.staging.catchup.gap = 1000 (default)
2019-09-05 19:08:09,157 [a6f20ed7-6960-4d82-b055-3029b3e4a05b:group-66E53D7059FA:LeaderElection93] INFO  impl.RaftServerImpl (RaftServerImpl.java:setRole(171)) - a6f20ed7-6960-4d82-b055-3029b3e4a05b:group-66E53D7059FA changes role from CANDIDATE to LEADER at term 1 for changeToLeader
2019-09-05 19:08:09,157 [e16ed8f0-c555-42a1-afe4-d66b9853b0f1:group-AD6B689E4682:LeaderElection92] INFO  server.RaftServerConfigKeys (ConfUtils.java:logGet(43)) - raft.server.rpc.sleep.time = 25ms (default)
2019-09-05 19:08:09,157 [a6f20ed7-6960-4d82-b055-3029b3e4a05b:group-66E53D7059FA:LeaderElection93] INFO  impl.RaftServerImpl (ServerState.java:setLeader(263)) - a6f20ed7-6960-4d82-b055-3029b3e4a05b:group-66E53D7059FA change Leader from null to a6f20ed7-6960-4d82-b055-3029b3e4a05b at term 1 for becomeLeader, leader elected after 5232ms
2019-09-05 19:08:09,157 [e16ed8f0-c555-42a1-afe4-d66b9853b0f1:group-AD6B689E4682:LeaderElection92] INFO  server.RaftServerConfigKeys (ConfUtils.java:logGet(43)) - raft.server.write.element-limit = 4096 (default)
2019-09-05 19:08:09,157 [a6f20ed7-6960-4d82-b055-3029b3e4a05b:group-66E53D7059FA:LeaderElection93] INFO  server.RaftServerConfigKeys (ConfUtils.java:logGet(43)) - raft.server.staging.catchup.gap = 1000 (default)
2019-09-05 19:08:09,157 [e16ed8f0-c555-42a1-afe4-d66b9853b0f1:group-AD6B689E4682:LeaderElection92] INFO  server.RaftServerConfigKeys (ConfUtils.java:logGet(43)) - raft.server.watch.timeout = 10s (default)
2019-09-05 19:08:09,157 [a6f20ed7-6960-4d82-b055-3029b3e4a05b:group-66E53D7059FA:LeaderElection93] INFO  server.RaftServerConfigKeys (ConfUtils.java:logGet(43)) - raft.server.rpc.sleep.time = 25ms (default)
2019-09-05 19:08:09,158 [e16ed8f0-c555-42a1-afe4-d66b9853b0f1:group-AD6B689E4682:LeaderElection92] INFO  server.RaftServerConfigKeys (ConfUtils.java:logGet(43)) - raft.server.watch.timeout.denomination = 1s (default)
2019-09-05 19:08:09,158 [a6f20ed7-6960-4d82-b055-3029b3e4a05b:group-66E53D7059FA:LeaderElection93] INFO  server.RaftServerConfigKeys (ConfUtils.java:logGet(43)) - raft.server.write.element-limit = 4096 (default)
2019-09-05 19:08:09,158 [e16ed8f0-c555-42a1-afe4-d66b9853b0f1:group-AD6B689E4682:LeaderElection92] INFO  server.RaftServerConfigKeys (ConfUtils.java:logGet(43)) - raft.server.watch.element-limit = 65536 (default)
2019-09-05 19:08:09,158 [a6f20ed7-6960-4d82-b055-3029b3e4a05b:group-66E53D7059FA:LeaderElection93] INFO  server.RaftServerConfigKeys (ConfUtils.java:logGet(43)) - raft.server.watch.timeout = 10s (default)
2019-09-05 19:08:09,158 [e16ed8f0-c555-42a1-afe4-d66b9853b0f1:group-AD6B689E4682:LeaderElection92] INFO  impl.RoleInfo (RoleInfo.java:updateAndGet(143)) - e16ed8f0-c555-42a1-afe4-d66b9853b0f1: start LeaderState
2019-09-05 19:08:09,158 [a6f20ed7-6960-4d82-b055-3029b3e4a05b:group-66E53D7059FA:LeaderElection93] INFO  server.RaftServerConfigKeys (ConfUtils.java:logGet(43)) - raft.server.watch.timeout.denomination = 1s (default)
2019-09-05 19:08:09,158 [e16ed8f0-c555-42a1-afe4-d66b9853b0f1:group-AD6B689E4682:LeaderElection92] INFO  segmented.SegmentedRaftLogWorker (SegmentedRaftLogWorker.java:startLogSegment(380)) - e16ed8f0-c555-42a1-afe4-d66b9853b0f1-SegmentedRaftLogWorker:Storage Directory /workdir/hadoop-ozone/integration-test/target/test-dir/MiniOzoneClusterImpl-26321163-d00f-4eeb-b505-787cf25e09ba/datanode-4/data/ratis/5e6eb323-f82a-4cb4-9f82-ad6b689e4682: Starting segment from index:0
2019-09-05 19:08:09,158 [a6f20ed7-6960-4d82-b055-3029b3e4a05b:group-66E53D7059FA:LeaderElection93] INFO  server.RaftServerConfigKeys (ConfUtils.java:logGet(43)) - raft.server.watch.element-limit = 65536 (default)
2019-09-05 19:08:09,159 [e16ed8f0-c555-42a1-afe4-d66b9853b0f1:group-AD6B689E4682:LeaderElection92] INFO  impl.RaftServerImpl (ServerState.java:setRaftConf(361)) - e16ed8f0-c555-42a1-afe4-d66b9853b0f1:group-AD6B689E4682 set configuration 0: [e16ed8f0-c555-42a1-afe4-d66b9853b0f1:192.168.36.80:46666], old=null at 0
2019-09-05 19:08:09,159 [a6f20ed7-6960-4d82-b055-3029b3e4a05b:group-66E53D7059FA:LeaderElection93] INFO  impl.RoleInfo (RoleInfo.java:updateAndGet(143)) - a6f20ed7-6960-4d82-b055-3029b3e4a05b: start LeaderState
2019-09-05 19:08:09,198 [a6f20ed7-6960-4d82-b055-3029b3e4a05b:group-66E53D7059FA:LeaderElection93] INFO  segmented.SegmentedRaftLogWorker (SegmentedRaftLogWorker.java:startLogSegment(380)) - a6f20ed7-6960-4d82-b055-3029b3e4a05b-SegmentedRaftLogWorker:Storage Directory /workdir/hadoop-ozone/integration-test/target/test-dir/MiniOzoneClusterImpl-26321163-d00f-4eeb-b505-787cf25e09ba/datanode-6/data/ratis/e9231d58-ec69-4b20-9b01-66e53d7059fa: Starting segment from index:0
2019-09-05 19:08:09,199 [a6f20ed7-6960-4d82-b055-3029b3e4a05b:group-66E53D7059FA:LeaderElection93] INFO  impl.RaftServerImpl (ServerState.java:setRaftConf(361)) - a6f20ed7-6960-4d82-b055-3029b3e4a05b:group-66E53D7059FA set configuration 0: [a6f20ed7-6960-4d82-b055-3029b3e4a05b:192.168.36.80:46205], old=null at 0
2019-09-05 19:08:09,225 [e16ed8f0-c555-42a1-afe4-d66b9853b0f1-SegmentedRaftLogWorker:Storage Directory /workdir/hadoop-ozone/integration-test/target/test-dir/MiniOzoneClusterImpl-26321163-d00f-4eeb-b505-787cf25e09ba/datanode-4/data/ratis/5e6eb323-f82a-4cb4-9f82-ad6b689e4682] INFO  segmented.SegmentedRaftLogWorker (SegmentedRaftLogWorker.java:execute(569)) - e16ed8f0-c555-42a1-afe4-d66b9853b0f1-SegmentedRaftLogWorker:Storage Directory /workdir/hadoop-ozone/integration-test/target/test-dir/MiniOzoneClusterImpl-26321163-d00f-4eeb-b505-787cf25e09ba/datanode-4/data/ratis/5e6eb323-f82a-4cb4-9f82-ad6b689e4682: created new log segment /workdir/hadoop-ozone/integration-test/target/test-dir/MiniOzoneClusterImpl-26321163-d00f-4eeb-b505-787cf25e09ba/datanode-4/data/ratis/5e6eb323-f82a-4cb4-9f82-ad6b689e4682/current/log_inprogress_0
2019-09-05 19:08:09,228 [Thread-4244] INFO  impl.FollowerState (FollowerState.java:run(106)) - beda15f8-b83a-4823-85ee-8c904ee61c2b:group-5A41CD74B3AA changes to CANDIDATE, lastRpcTime:5183, electionTimeout:5183ms
2019-09-05 19:08:09,228 [Thread-4244] INFO  impl.RoleInfo (RoleInfo.java:shutdownFollowerState(121)) - beda15f8-b83a-4823-85ee-8c904ee61c2b: shutdown FollowerState
2019-09-05 19:08:09,228 [Thread-4244] INFO  impl.RaftServerImpl (RaftServerImpl.java:setRole(171)) - beda15f8-b83a-4823-85ee-8c904ee61c2b:group-5A41CD74B3AA changes role from FOLLOWER to CANDIDATE at term 0 for changeToCandidate
2019-09-05 19:08:09,228 [Thread-4244] INFO  impl.RoleInfo (RoleInfo.java:updateAndGet(143)) - beda15f8-b83a-4823-85ee-8c904ee61c2b: start LeaderElection
2019-09-05 19:08:09,276 [Thread-4247] INFO  impl.FollowerState (FollowerState.java:run(106)) - 1e7d6414-e17c-471c-bf93-9961b4eef5cf:group-11A815CF6EEC changes to CANDIDATE, lastRpcTime:5106, electionTimeout:5106ms
2019-09-05 19:08:09,276 [Thread-4247] INFO  impl.RoleInfo (RoleInfo.java:shutdownFollowerState(121)) - 1e7d6414-e17c-471c-bf93-9961b4eef5cf: shutdown FollowerState
2019-09-05 19:08:09,276 [Thread-4247] INFO  impl.RaftServerImpl (RaftServerImpl.java:setRole(171)) - 1e7d6414-e17c-471c-bf93-9961b4eef5cf:group-11A815CF6EEC changes role from FOLLOWER to CANDIDATE at term 0 for changeToCandidate
2019-09-05 19:08:09,277 [Thread-4247] INFO  impl.RoleInfo (RoleInfo.java:updateAndGet(143)) - 1e7d6414-e17c-471c-bf93-9961b4eef5cf: start LeaderElection
2019-09-05 19:08:09,277 [Thread-4250] INFO  impl.FollowerState (FollowerState.java:run(106)) - 7142a44a-bc07-45c6-a97e-fe6e3bd26a77:group-9AACFE0FD0F7 changes to CANDIDATE, lastRpcTime:5009, electionTimeout:5009ms
2019-09-05 19:08:09,277 [Thread-4250] INFO  impl.RoleInfo (RoleInfo.java:shutdownFollowerState(121)) - 7142a44a-bc07-45c6-a97e-fe6e3bd26a77: shutdown FollowerState
2019-09-05 19:08:09,280 [a6f20ed7-6960-4d82-b055-3029b3e4a05b-SegmentedRaftLogWorker:Storage Directory /workdir/hadoop-ozone/integration-test/target/test-dir/MiniOzoneClusterImpl-26321163-d00f-4eeb-b505-787cf25e09ba/datanode-6/data/ratis/e9231d58-ec69-4b20-9b01-66e53d7059fa] INFO  segmented.SegmentedRaftLogWorker (SegmentedRaftLogWorker.java:execute(569)) - a6f20ed7-6960-4d82-b055-3029b3e4a05b-SegmentedRaftLogWorker:Storage Directory /workdir/hadoop-ozone/integration-test/target/test-dir/MiniOzoneClusterImpl-26321163-d00f-4eeb-b505-787cf25e09ba/datanode-6/data/ratis/e9231d58-ec69-4b20-9b01-66e53d7059fa: created new log segment /workdir/hadoop-ozone/integration-test/target/test-dir/MiniOzoneClusterImpl-26321163-d00f-4eeb-b505-787cf25e09ba/datanode-6/data/ratis/e9231d58-ec69-4b20-9b01-66e53d7059fa/current/log_inprogress_0
2019-09-05 19:08:09,280 [beda15f8-b83a-4823-85ee-8c904ee61c2b:group-5A41CD74B3AA:LeaderElection94] INFO  impl.LeaderElection (LeaderElection.java:askForVotes(181)) - beda15f8-b83a-4823-85ee-8c904ee61c2b:group-5A41CD74B3AA:LeaderElection94: begin an election at term 1 for -1: [beda15f8-b83a-4823-85ee-8c904ee61c2b:192.168.36.80:46867], old=null
2019-09-05 19:08:09,280 [Thread-4250] INFO  impl.RaftServerImpl (RaftServerImpl.java:setRole(171)) - 7142a44a-bc07-45c6-a97e-fe6e3bd26a77:group-9AACFE0FD0F7 changes role from FOLLOWER to CANDIDATE at term 0 for changeToCandidate
2019-09-05 19:08:09,281 [beda15f8-b83a-4823-85ee-8c904ee61c2b:group-5A41CD74B3AA:LeaderElection94] INFO  impl.RoleInfo (RoleInfo.java:shutdownLeaderElection(134)) - beda15f8-b83a-4823-85ee-8c904ee61c2b: shutdown LeaderElection
2019-09-05 19:08:09,281 [Thread-4250] INFO  impl.RoleInfo (RoleInfo.java:updateAndGet(143)) - 7142a44a-bc07-45c6-a97e-fe6e3bd26a77: start LeaderElection
2019-09-05 19:08:09,281 [beda15f8-b83a-4823-85ee-8c904ee61c2b:group-5A41CD74B3AA:LeaderElection94] INFO  impl.RaftServerImpl (RaftServerImpl.java:setRole(171)) - beda15f8-b83a-4823-85ee-8c904ee61c2b:group-5A41CD74B3AA changes role from CANDIDATE to LEADER at term 1 for changeToLeader
2019-09-05 19:08:09,281 [beda15f8-b83a-4823-85ee-8c904ee61c2b:group-5A41CD74B3AA:LeaderElection94] INFO  impl.RaftServerImpl (ServerState.java:setLeader(263)) - beda15f8-b83a-4823-85ee-8c904ee61c2b:group-5A41CD74B3AA change Leader from null to beda15f8-b83a-4823-85ee-8c904ee61c2b at term 1 for becomeLeader, leader elected after 5240ms
2019-09-05 19:08:09,281 [beda15f8-b83a-4823-85ee-8c904ee61c2b:group-5A41CD74B3AA:LeaderElection94] INFO  server.RaftServerConfigKeys (ConfUtils.java:logGet(43)) - raft.server.staging.catchup.gap = 1000 (default)
2019-09-05 19:08:09,284 [beda15f8-b83a-4823-85ee-8c904ee61c2b:group-5A41CD74B3AA:LeaderElection94] INFO  server.RaftServerConfigKeys (ConfUtils.java:logGet(43)) - raft.server.rpc.sleep.time = 25ms (default)
2019-09-05 19:08:09,284 [beda15f8-b83a-4823-85ee-8c904ee61c2b:group-5A41CD74B3AA:LeaderElection94] INFO  server.RaftServerConfigKeys (ConfUtils.java:logGet(43)) - raft.server.write.element-limit = 4096 (default)
2019-09-05 19:08:09,284 [beda15f8-b83a-4823-85ee-8c904ee61c2b:group-5A41CD74B3AA:LeaderElection94] INFO  server.RaftServerConfigKeys (ConfUtils.java:logGet(43)) - raft.server.watch.timeout = 10s (default)
2019-09-05 19:08:09,284 [beda15f8-b83a-4823-85ee-8c904ee61c2b:group-5A41CD74B3AA:LeaderElection94] INFO  server.RaftServerConfigKeys (ConfUtils.java:logGet(43)) - raft.server.watch.timeout.denomination = 1s (default)
2019-09-05 19:08:09,284 [beda15f8-b83a-4823-85ee-8c904ee61c2b:group-5A41CD74B3AA:LeaderElection94] INFO  server.RaftServerConfigKeys (ConfUtils.java:logGet(43)) - raft.server.watch.element-limit = 65536 (default)
2019-09-05 19:08:09,285 [beda15f8-b83a-4823-85ee-8c904ee61c2b:group-5A41CD74B3AA:LeaderElection94] INFO  impl.RoleInfo (RoleInfo.java:updateAndGet(143)) - beda15f8-b83a-4823-85ee-8c904ee61c2b: start LeaderState
2019-09-05 19:08:09,285 [beda15f8-b83a-4823-85ee-8c904ee61c2b:group-5A41CD74B3AA:LeaderElection94] INFO  segmented.SegmentedRaftLogWorker (SegmentedRaftLogWorker.java:startLogSegment(380)) - beda15f8-b83a-4823-85ee-8c904ee61c2b-SegmentedRaftLogWorker:Storage Directory /workdir/hadoop-ozone/integration-test/target/test-dir/MiniOzoneClusterImpl-26321163-d00f-4eeb-b505-787cf25e09ba/datanode-2/data/ratis/d6f87279-2709-486a-8288-5a41cd74b3aa: Starting segment from index:0
2019-09-05 19:08:09,285 [beda15f8-b83a-4823-85ee-8c904ee61c2b:group-5A41CD74B3AA:LeaderElection94] INFO  impl.RaftServerImpl (ServerState.java:setRaftConf(361)) - beda15f8-b83a-4823-85ee-8c904ee61c2b:group-5A41CD74B3AA set configuration 0: [beda15f8-b83a-4823-85ee-8c904ee61c2b:192.168.36.80:46867], old=null at 0
2019-09-05 19:08:09,323 [1e7d6414-e17c-471c-bf93-9961b4eef5cf:group-11A815CF6EEC:LeaderElection95] INFO  impl.LeaderElection (LeaderElection.java:askForVotes(181)) - 1e7d6414-e17c-471c-bf93-9961b4eef5cf:group-11A815CF6EEC:LeaderElection95: begin an election at term 1 for -1: [1e7d6414-e17c-471c-bf93-9961b4eef5cf:192.168.36.80:32917], old=null
2019-09-05 19:08:09,323 [7142a44a-bc07-45c6-a97e-fe6e3bd26a77:group-9AACFE0FD0F7:LeaderElection96] INFO  impl.LeaderElection (LeaderElection.java:askForVotes(181)) - 7142a44a-bc07-45c6-a97e-fe6e3bd26a77:group-9AACFE0FD0F7:LeaderElection96: begin an election at term 1 for -1: [7142a44a-bc07-45c6-a97e-fe6e3bd26a77:192.168.36.80:40926], old=null
2019-09-05 19:08:09,324 [1e7d6414-e17c-471c-bf93-9961b4eef5cf:group-11A815CF6EEC:LeaderElection95] INFO  impl.RoleInfo (RoleInfo.java:shutdownLeaderElection(134)) - 1e7d6414-e17c-471c-bf93-9961b4eef5cf: shutdown LeaderElection
2019-09-05 19:08:09,324 [7142a44a-bc07-45c6-a97e-fe6e3bd26a77:group-9AACFE0FD0F7:LeaderElection96] INFO  impl.RoleInfo (RoleInfo.java:shutdownLeaderElection(134)) - 7142a44a-bc07-45c6-a97e-fe6e3bd26a77: shutdown LeaderElection
2019-09-05 19:08:09,324 [1e7d6414-e17c-471c-bf93-9961b4eef5cf:group-11A815CF6EEC:LeaderElection95] INFO  impl.RaftServerImpl (RaftServerImpl.java:setRole(171)) - 1e7d6414-e17c-471c-bf93-9961b4eef5cf:group-11A815CF6EEC changes role from CANDIDATE to LEADER at term 1 for changeToLeader
2019-09-05 19:08:09,324 [7142a44a-bc07-45c6-a97e-fe6e3bd26a77:group-9AACFE0FD0F7:LeaderElection96] INFO  impl.RaftServerImpl (RaftServerImpl.java:setRole(171)) - 7142a44a-bc07-45c6-a97e-fe6e3bd26a77:group-9AACFE0FD0F7 changes role from CANDIDATE to LEADER at term 1 for changeToLeader
2019-09-05 19:08:09,324 [1e7d6414-e17c-471c-bf93-9961b4eef5cf:group-11A815CF6EEC:LeaderElection95] INFO  impl.RaftServerImpl (ServerState.java:setLeader(263)) - 1e7d6414-e17c-471c-bf93-9961b4eef5cf:group-11A815CF6EEC change Leader from null to 1e7d6414-e17c-471c-bf93-9961b4eef5cf at term 1 for becomeLeader, leader elected after 5159ms
2019-09-05 19:08:09,324 [7142a44a-bc07-45c6-a97e-fe6e3bd26a77:group-9AACFE0FD0F7:LeaderElection96] INFO  impl.RaftServerImpl (ServerState.java:setLeader(263)) - 7142a44a-bc07-45c6-a97e-fe6e3bd26a77:group-9AACFE0FD0F7 change Leader from null to 7142a44a-bc07-45c6-a97e-fe6e3bd26a77 at term 1 for becomeLeader, leader elected after 5060ms
2019-09-05 19:08:09,324 [1e7d6414-e17c-471c-bf93-9961b4eef5cf:group-11A815CF6EEC:LeaderElection95] INFO  server.RaftServerConfigKeys (ConfUtils.java:logGet(43)) - raft.server.staging.catchup.gap = 1000 (default)
2019-09-05 19:08:09,324 [7142a44a-bc07-45c6-a97e-fe6e3bd26a77:group-9AACFE0FD0F7:LeaderElection96] INFO  server.RaftServerConfigKeys (ConfUtils.java:logGet(43)) - raft.server.staging.catchup.gap = 1000 (default)
2019-09-05 19:08:09,325 [1e7d6414-e17c-471c-bf93-9961b4eef5cf:group-11A815CF6EEC:LeaderElection95] INFO  server.RaftServerConfigKeys (ConfUtils.java:logGet(43)) - raft.server.rpc.sleep.time = 25ms (default)
2019-09-05 19:08:09,325 [7142a44a-bc07-45c6-a97e-fe6e3bd26a77:group-9AACFE0FD0F7:LeaderElection96] INFO  server.RaftServerConfigKeys (ConfUtils.java:logGet(43)) - raft.server.rpc.sleep.time = 25ms (default)
2019-09-05 19:08:09,325 [1e7d6414-e17c-471c-bf93-9961b4eef5cf:group-11A815CF6EEC:LeaderElection95] INFO  server.RaftServerConfigKeys (ConfUtils.java:logGet(43)) - raft.server.write.element-limit = 4096 (default)
2019-09-05 19:08:09,325 [7142a44a-bc07-45c6-a97e-fe6e3bd26a77:group-9AACFE0FD0F7:LeaderElection96] INFO  server.RaftServerConfigKeys (ConfUtils.java:logGet(43)) - raft.server.write.element-limit = 4096 (default)
2019-09-05 19:08:09,325 [1e7d6414-e17c-471c-bf93-9961b4eef5cf:group-11A815CF6EEC:LeaderElection95] INFO  server.RaftServerConfigKeys (ConfUtils.java:logGet(43)) - raft.server.watch.timeout = 10s (default)
2019-09-05 19:08:09,325 [7142a44a-bc07-45c6-a97e-fe6e3bd26a77:group-9AACFE0FD0F7:LeaderElection96] INFO  server.RaftServerConfigKeys (ConfUtils.java:logGet(43)) - raft.server.watch.timeout = 10s (default)
2019-09-05 19:08:09,325 [1e7d6414-e17c-471c-bf93-9961b4eef5cf:group-11A815CF6EEC:LeaderElection95] INFO  server.RaftServerConfigKeys (ConfUtils.java:logGet(43)) - raft.server.watch.timeout.denomination = 1s (default)
2019-09-05 19:08:09,325 [7142a44a-bc07-45c6-a97e-fe6e3bd26a77:group-9AACFE0FD0F7:LeaderElection96] INFO  server.RaftServerConfigKeys (ConfUtils.java:logGet(43)) - raft.server.watch.timeout.denomination = 1s (default)
2019-09-05 19:08:09,326 [1e7d6414-e17c-471c-bf93-9961b4eef5cf:group-11A815CF6EEC:LeaderElection95] INFO  server.RaftServerConfigKeys (ConfUtils.java:logGet(43)) - raft.server.watch.element-limit = 65536 (default)
2019-09-05 19:08:09,326 [7142a44a-bc07-45c6-a97e-fe6e3bd26a77:group-9AACFE0FD0F7:LeaderElection96] INFO  server.RaftServerConfigKeys (ConfUtils.java:logGet(43)) - raft.server.watch.element-limit = 65536 (default)
2019-09-05 19:08:09,326 [1e7d6414-e17c-471c-bf93-9961b4eef5cf:group-11A815CF6EEC:LeaderElection95] INFO  impl.RoleInfo (RoleInfo.java:updateAndGet(143)) - 1e7d6414-e17c-471c-bf93-9961b4eef5cf: start LeaderState
2019-09-05 19:08:09,326 [7142a44a-bc07-45c6-a97e-fe6e3bd26a77:group-9AACFE0FD0F7:LeaderElection96] INFO  impl.RoleInfo (RoleInfo.java:updateAndGet(143)) - 7142a44a-bc07-45c6-a97e-fe6e3bd26a77: start LeaderState
2019-09-05 19:08:09,326 [1e7d6414-e17c-471c-bf93-9961b4eef5cf:group-11A815CF6EEC:LeaderElection95] INFO  segmented.SegmentedRaftLogWorker (SegmentedRaftLogWorker.java:startLogSegment(380)) - 1e7d6414-e17c-471c-bf93-9961b4eef5cf-SegmentedRaftLogWorker:Storage Directory /workdir/hadoop-ozone/integration-test/target/test-dir/MiniOzoneClusterImpl-26321163-d00f-4eeb-b505-787cf25e09ba/datanode-0/data/ratis/813418b3-97cd-40c5-930e-11a815cf6eec: Starting segment from index:0
2019-09-05 19:08:09,326 [7142a44a-bc07-45c6-a97e-fe6e3bd26a77:group-9AACFE0FD0F7:LeaderElection96] INFO  segmented.SegmentedRaftLogWorker (SegmentedRaftLogWorker.java:startLogSegment(380)) - 7142a44a-bc07-45c6-a97e-fe6e3bd26a77-SegmentedRaftLogWorker:Storage Directory /workdir/hadoop-ozone/integration-test/target/test-dir/MiniOzoneClusterImpl-26321163-d00f-4eeb-b505-787cf25e09ba/datanode-1/data/ratis/21c375e4-7ef1-44c1-9c99-9aacfe0fd0f7: Starting segment from index:0
2019-09-05 19:08:09,327 [1e7d6414-e17c-471c-bf93-9961b4eef5cf:group-11A815CF6EEC:LeaderElection95] INFO  impl.RaftServerImpl (ServerState.java:setRaftConf(361)) - 1e7d6414-e17c-471c-bf93-9961b4eef5cf:group-11A815CF6EEC set configuration 0: [1e7d6414-e17c-471c-bf93-9961b4eef5cf:192.168.36.80:32917], old=null at 0
2019-09-05 19:08:09,362 [7142a44a-bc07-45c6-a97e-fe6e3bd26a77:group-9AACFE0FD0F7:LeaderElection96] INFO  impl.RaftServerImpl (ServerState.java:setRaftConf(361)) - 7142a44a-bc07-45c6-a97e-fe6e3bd26a77:group-9AACFE0FD0F7 set configuration 0: [7142a44a-bc07-45c6-a97e-fe6e3bd26a77:192.168.36.80:40926], old=null at 0
2019-09-05 19:08:09,430 [1e7d6414-e17c-471c-bf93-9961b4eef5cf-SegmentedRaftLogWorker:Storage Directory /workdir/hadoop-ozone/integration-test/target/test-dir/MiniOzoneClusterImpl-26321163-d00f-4eeb-b505-787cf25e09ba/datanode-0/data/ratis/813418b3-97cd-40c5-930e-11a815cf6eec] INFO  segmented.SegmentedRaftLogWorker (SegmentedRaftLogWorker.java:execute(569)) - 1e7d6414-e17c-471c-bf93-9961b4eef5cf-SegmentedRaftLogWorker:Storage Directory /workdir/hadoop-ozone/integration-test/target/test-dir/MiniOzoneClusterImpl-26321163-d00f-4eeb-b505-787cf25e09ba/datanode-0/data/ratis/813418b3-97cd-40c5-930e-11a815cf6eec: created new log segment /workdir/hadoop-ozone/integration-test/target/test-dir/MiniOzoneClusterImpl-26321163-d00f-4eeb-b505-787cf25e09ba/datanode-0/data/ratis/813418b3-97cd-40c5-930e-11a815cf6eec/current/log_inprogress_0
2019-09-05 19:08:09,430 [beda15f8-b83a-4823-85ee-8c904ee61c2b-SegmentedRaftLogWorker:Storage Directory /workdir/hadoop-ozone/integration-test/target/test-dir/MiniOzoneClusterImpl-26321163-d00f-4eeb-b505-787cf25e09ba/datanode-2/data/ratis/d6f87279-2709-486a-8288-5a41cd74b3aa] INFO  segmented.SegmentedRaftLogWorker (SegmentedRaftLogWorker.java:execute(569)) - beda15f8-b83a-4823-85ee-8c904ee61c2b-SegmentedRaftLogWorker:Storage Directory /workdir/hadoop-ozone/integration-test/target/test-dir/MiniOzoneClusterImpl-26321163-d00f-4eeb-b505-787cf25e09ba/datanode-2/data/ratis/d6f87279-2709-486a-8288-5a41cd74b3aa: created new log segment /workdir/hadoop-ozone/integration-test/target/test-dir/MiniOzoneClusterImpl-26321163-d00f-4eeb-b505-787cf25e09ba/datanode-2/data/ratis/d6f87279-2709-486a-8288-5a41cd74b3aa/current/log_inprogress_0
2019-09-05 19:08:09,433 [7142a44a-bc07-45c6-a97e-fe6e3bd26a77-SegmentedRaftLogWorker:Storage Directory /workdir/hadoop-ozone/integration-test/target/test-dir/MiniOzoneClusterImpl-26321163-d00f-4eeb-b505-787cf25e09ba/datanode-1/data/ratis/21c375e4-7ef1-44c1-9c99-9aacfe0fd0f7] INFO  segmented.SegmentedRaftLogWorker (SegmentedRaftLogWorker.java:execute(569)) - 7142a44a-bc07-45c6-a97e-fe6e3bd26a77-SegmentedRaftLogWorker:Storage Directory /workdir/hadoop-ozone/integration-test/target/test-dir/MiniOzoneClusterImpl-26321163-d00f-4eeb-b505-787cf25e09ba/datanode-1/data/ratis/21c375e4-7ef1-44c1-9c99-9aacfe0fd0f7: created new log segment /workdir/hadoop-ozone/integration-test/target/test-dir/MiniOzoneClusterImpl-26321163-d00f-4eeb-b505-787cf25e09ba/datanode-1/data/ratis/21c375e4-7ef1-44c1-9c99-9aacfe0fd0f7/current/log_inprogress_0
2019-09-05 19:08:09,713 [grpc-default-executor-7] INFO  client.GrpcClientProtocolClient (GrpcClientProtocolClient.java:onNext(255)) - client-A4D1B672094C->e16ed8f0-c555-42a1-afe4-d66b9853b0f1: receive RaftClientReply:client-A4D1B672094C->e16ed8f0-c555-42a1-afe4-d66b9853b0f1@group-2418DB47C4D7, cid=220, SUCCESS, logIndex=1, commits[e16ed8f0-c555-42a1-afe4-d66b9853b0f1:c2, beda15f8-b83a-4823-85ee-8c904ee61c2b:c0, 1e7d6414-e17c-471c-bf93-9961b4eef5cf:c0]
2019-09-05 19:08:09,750 [grpc-default-executor-15] INFO  client.GrpcClientProtocolClient (GrpcClientProtocolClient.java:onNext(255)) - client-A4D1B672094C->e16ed8f0-c555-42a1-afe4-d66b9853b0f1: receive RaftClientReply:client-A4D1B672094C->e16ed8f0-c555-42a1-afe4-d66b9853b0f1@group-2418DB47C4D7, cid=221, SUCCESS, logIndex=3, commits[e16ed8f0-c555-42a1-afe4-d66b9853b0f1:c4, beda15f8-b83a-4823-85ee-8c904ee61c2b:c2, 1e7d6414-e17c-471c-bf93-9961b4eef5cf:c2]
2019-09-05 19:08:09,813 [grpc-default-executor-16] INFO  client.GrpcClientProtocolClient (GrpcClientProtocolClient.java:onNext(255)) - client-A4D1B672094C->e16ed8f0-c555-42a1-afe4-d66b9853b0f1: receive RaftClientReply:client-A4D1B672094C->e16ed8f0-c555-42a1-afe4-d66b9853b0f1@group-2418DB47C4D7, cid=222, SUCCESS, logIndex=4, commits[e16ed8f0-c555-42a1-afe4-d66b9853b0f1:c12, beda15f8-b83a-4823-85ee-8c904ee61c2b:c8, 1e7d6414-e17c-471c-bf93-9961b4eef5cf:c8]
2019-09-05 19:08:09,813 [grpc-default-executor-16] INFO  client.GrpcClientProtocolClient (GrpcClientProtocolClient.java:onNext(255)) - client-A4D1B672094C->e16ed8f0-c555-42a1-afe4-d66b9853b0f1: receive RaftClientReply:client-A4D1B672094C->e16ed8f0-c555-42a1-afe4-d66b9853b0f1@group-2418DB47C4D7, cid=223, SUCCESS, logIndex=5, commits[e16ed8f0-c555-42a1-afe4-d66b9853b0f1:c12, beda15f8-b83a-4823-85ee-8c904ee61c2b:c8, 1e7d6414-e17c-471c-bf93-9961b4eef5cf:c8]
2019-09-05 19:08:09,814 [grpc-default-executor-16] INFO  client.GrpcClientProtocolClient (GrpcClientProtocolClient.java:onNext(255)) - client-A4D1B672094C->e16ed8f0-c555-42a1-afe4-d66b9853b0f1: receive RaftClientReply:client-A4D1B672094C->e16ed8f0-c555-42a1-afe4-d66b9853b0f1@group-2418DB47C4D7, cid=224, SUCCESS, logIndex=6, commits[e16ed8f0-c555-42a1-afe4-d66b9853b0f1:c12, beda15f8-b83a-4823-85ee-8c904ee61c2b:c8, 1e7d6414-e17c-471c-bf93-9961b4eef5cf:c8]
2019-09-05 19:08:09,972 [grpc-default-executor-16] INFO  client.GrpcClientProtocolClient (GrpcClientProtocolClient.java:onNext(255)) - client-A4D1B672094C->e16ed8f0-c555-42a1-afe4-d66b9853b0f1: receive RaftClientReply:client-A4D1B672094C->e16ed8f0-c555-42a1-afe4-d66b9853b0f1@group-2418DB47C4D7, cid=225, SUCCESS, logIndex=7, commits[e16ed8f0-c555-42a1-afe4-d66b9853b0f1:c12, beda15f8-b83a-4823-85ee-8c904ee61c2b:c8, 1e7d6414-e17c-471c-bf93-9961b4eef5cf:c8]
2019-09-05 19:08:09,993 [grpc-default-executor-16] INFO  client.GrpcClientProtocolClient (GrpcClientProtocolClient.java:onNext(255)) - client-A4D1B672094C->e16ed8f0-c555-42a1-afe4-d66b9853b0f1: receive RaftClientReply:client-A4D1B672094C->e16ed8f0-c555-42a1-afe4-d66b9853b0f1@group-2418DB47C4D7, cid=226, SUCCESS, logIndex=13, commits[e16ed8f0-c555-42a1-afe4-d66b9853b0f1:c14, beda15f8-b83a-4823-85ee-8c904ee61c2b:c12, 1e7d6414-e17c-471c-bf93-9961b4eef5cf:c12]
2019-09-05 19:08:09,994 [grpc-default-executor-16] INFO  client.GrpcClientProtocolClient (GrpcClientProtocolClient.java:onNext(255)) - client-A4D1B672094C->e16ed8f0-c555-42a1-afe4-d66b9853b0f1: receive RaftClientReply:client-A4D1B672094C->e16ed8f0-c555-42a1-afe4-d66b9853b0f1@group-2418DB47C4D7, cid=227, SUCCESS, logIndex=14, commits[e16ed8f0-c555-42a1-afe4-d66b9853b0f1:c14, beda15f8-b83a-4823-85ee-8c904ee61c2b:c12, 1e7d6414-e17c-471c-bf93-9961b4eef5cf:c12]
2019-09-05 19:08:10,996 [main] WARN  scm.XceiverClientRatis (XceiverClientRatis.java:watchForCommit(262)) - 3 way commit failed on pipeline Pipeline[ Id: 4c12367f-091d-4b02-8fa5-2418db47c4d7, Nodes: e16ed8f0-c555-42a1-afe4-d66b9853b0f1{ip: 192.168.36.80, host: pr-hdds-1982-decom-states-p4sss-1559755178, networkLocation: /default-rack, certSerialId: null}beda15f8-b83a-4823-85ee-8c904ee61c2b{ip: 192.168.36.80, host: pr-hdds-1982-decom-states-p4sss-1559755178, networkLocation: /default-rack, certSerialId: null}1e7d6414-e17c-471c-bf93-9961b4eef5cf{ip: 192.168.36.80, host: pr-hdds-1982-decom-states-p4sss-1559755178, networkLocation: /default-rack, certSerialId: null}, Type:RATIS, Factor:THREE, State:OPEN]
java.util.concurrent.TimeoutException
	at java.util.concurrent.CompletableFuture.timedGet(CompletableFuture.java:1771)
	at java.util.concurrent.CompletableFuture.get(CompletableFuture.java:1915)
	at org.apache.hadoop.hdds.scm.XceiverClientRatis.watchForCommit(XceiverClientRatis.java:259)
	at org.apache.hadoop.hdds.scm.storage.CommitWatcher.watchForCommit(CommitWatcher.java:194)
	at org.apache.hadoop.hdds.scm.storage.CommitWatcher.watchOnLastIndex(CommitWatcher.java:157)
	at org.apache.hadoop.hdds.scm.storage.BlockOutputStream.watchForCommit(BlockOutputStream.java:347)
	at org.apache.hadoop.hdds.scm.storage.BlockOutputStream.handleFlush(BlockOutputStream.java:479)
	at org.apache.hadoop.hdds.scm.storage.BlockOutputStream.flush(BlockOutputStream.java:428)
	at org.apache.hadoop.ozone.client.io.BlockOutputStreamEntry.flush(BlockOutputStreamEntry.java:136)
	at org.apache.hadoop.ozone.client.io.KeyOutputStream.handleFlushOrClose(KeyOutputStream.java:442)
	at org.apache.hadoop.ozone.client.io.KeyOutputStream.flush(KeyOutputStream.java:396)
	at org.apache.hadoop.ozone.client.io.OzoneOutputStream.flush(OzoneOutputStream.java:54)
	at org.apache.hadoop.ozone.client.rpc.TestBlockOutputStreamWithFailures.testWatchForCommitWithCloseContainerException(TestBlockOutputStreamWithFailures.java:190)
	at sun.reflect.NativeMethodAccessorImpl.invoke0(Native Method)
	at sun.reflect.NativeMethodAccessorImpl.invoke(NativeMethodAccessorImpl.java:62)
	at sun.reflect.DelegatingMethodAccessorImpl.invoke(DelegatingMethodAccessorImpl.java:43)
	at java.lang.reflect.Method.invoke(Method.java:498)
	at org.junit.runners.model.FrameworkMethod$1.runReflectiveCall(FrameworkMethod.java:47)
	at org.junit.internal.runners.model.ReflectiveCallable.run(ReflectiveCallable.java:12)
	at org.junit.runners.model.FrameworkMethod.invokeExplosively(FrameworkMethod.java:44)
	at org.junit.internal.runners.statements.InvokeMethod.evaluate(InvokeMethod.java:17)
	at org.junit.internal.runners.statements.RunBefores.evaluate(RunBefores.java:26)
	at org.junit.internal.runners.statements.RunAfters.evaluate(RunAfters.java:27)
	at org.junit.runners.ParentRunner.runLeaf(ParentRunner.java:271)
	at org.junit.runners.BlockJUnit4ClassRunner.runChild(BlockJUnit4ClassRunner.java:70)
	at org.junit.runners.BlockJUnit4ClassRunner.runChild(BlockJUnit4ClassRunner.java:50)
	at org.junit.runners.ParentRunner$3.run(ParentRunner.java:238)
	at org.junit.runners.ParentRunner$1.schedule(ParentRunner.java:63)
	at org.junit.runners.ParentRunner.runChildren(ParentRunner.java:236)
	at org.junit.runners.ParentRunner.access$000(ParentRunner.java:53)
	at org.junit.runners.ParentRunner$2.evaluate(ParentRunner.java:229)
	at org.junit.runners.ParentRunner.run(ParentRunner.java:309)
	at org.apache.maven.surefire.junit4.JUnit4Provider.execute(JUnit4Provider.java:365)
	at org.apache.maven.surefire.junit4.JUnit4Provider.executeWithRerun(JUnit4Provider.java:273)
	at org.apache.maven.surefire.junit4.JUnit4Provider.executeTestSet(JUnit4Provider.java:238)
	at org.apache.maven.surefire.junit4.JUnit4Provider.invoke(JUnit4Provider.java:159)
	at org.apache.maven.surefire.booter.ForkedBooter.invokeProviderInSameClassLoader(ForkedBooter.java:384)
	at org.apache.maven.surefire.booter.ForkedBooter.runSuitesInProcess(ForkedBooter.java:345)
	at org.apache.maven.surefire.booter.ForkedBooter.execute(ForkedBooter.java:126)
	at org.apache.maven.surefire.booter.ForkedBooter.main(ForkedBooter.java:418)
2019-09-05 19:08:11,998 [main] WARN  storage.CommitWatcher (CommitWatcher.java:watchForCommit(203)) - watchForCommit failed for index 14
java.util.concurrent.TimeoutException
	at java.util.concurrent.CompletableFuture.timedGet(CompletableFuture.java:1771)
	at java.util.concurrent.CompletableFuture.get(CompletableFuture.java:1915)
	at org.apache.hadoop.hdds.scm.XceiverClientRatis.watchForCommit(XceiverClientRatis.java:268)
	at org.apache.hadoop.hdds.scm.storage.CommitWatcher.watchForCommit(CommitWatcher.java:194)
	at org.apache.hadoop.hdds.scm.storage.CommitWatcher.watchOnLastIndex(CommitWatcher.java:157)
	at org.apache.hadoop.hdds.scm.storage.BlockOutputStream.watchForCommit(BlockOutputStream.java:347)
	at org.apache.hadoop.hdds.scm.storage.BlockOutputStream.handleFlush(BlockOutputStream.java:479)
	at org.apache.hadoop.hdds.scm.storage.BlockOutputStream.flush(BlockOutputStream.java:428)
	at org.apache.hadoop.ozone.client.io.BlockOutputStreamEntry.flush(BlockOutputStreamEntry.java:136)
	at org.apache.hadoop.ozone.client.io.KeyOutputStream.handleFlushOrClose(KeyOutputStream.java:442)
	at org.apache.hadoop.ozone.client.io.KeyOutputStream.flush(KeyOutputStream.java:396)
	at org.apache.hadoop.ozone.client.io.OzoneOutputStream.flush(OzoneOutputStream.java:54)
	at org.apache.hadoop.ozone.client.rpc.TestBlockOutputStreamWithFailures.testWatchForCommitWithCloseContainerException(TestBlockOutputStreamWithFailures.java:190)
	at sun.reflect.NativeMethodAccessorImpl.invoke0(Native Method)
	at sun.reflect.NativeMethodAccessorImpl.invoke(NativeMethodAccessorImpl.java:62)
	at sun.reflect.DelegatingMethodAccessorImpl.invoke(DelegatingMethodAccessorImpl.java:43)
	at java.lang.reflect.Method.invoke(Method.java:498)
	at org.junit.runners.model.FrameworkMethod$1.runReflectiveCall(FrameworkMethod.java:47)
	at org.junit.internal.runners.model.ReflectiveCallable.run(ReflectiveCallable.java:12)
	at org.junit.runners.model.FrameworkMethod.invokeExplosively(FrameworkMethod.java:44)
	at org.junit.internal.runners.statements.InvokeMethod.evaluate(InvokeMethod.java:17)
	at org.junit.internal.runners.statements.RunBefores.evaluate(RunBefores.java:26)
	at org.junit.internal.runners.statements.RunAfters.evaluate(RunAfters.java:27)
	at org.junit.runners.ParentRunner.runLeaf(ParentRunner.java:271)
	at org.junit.runners.BlockJUnit4ClassRunner.runChild(BlockJUnit4ClassRunner.java:70)
	at org.junit.runners.BlockJUnit4ClassRunner.runChild(BlockJUnit4ClassRunner.java:50)
	at org.junit.runners.ParentRunner$3.run(ParentRunner.java:238)
	at org.junit.runners.ParentRunner$1.schedule(ParentRunner.java:63)
	at org.junit.runners.ParentRunner.runChildren(ParentRunner.java:236)
	at org.junit.runners.ParentRunner.access$000(ParentRunner.java:53)
	at org.junit.runners.ParentRunner$2.evaluate(ParentRunner.java:229)
	at org.junit.runners.ParentRunner.run(ParentRunner.java:309)
	at org.apache.maven.surefire.junit4.JUnit4Provider.execute(JUnit4Provider.java:365)
	at org.apache.maven.surefire.junit4.JUnit4Provider.executeWithRerun(JUnit4Provider.java:273)
	at org.apache.maven.surefire.junit4.JUnit4Provider.executeTestSet(JUnit4Provider.java:238)
	at org.apache.maven.surefire.junit4.JUnit4Provider.invoke(JUnit4Provider.java:159)
	at org.apache.maven.surefire.booter.ForkedBooter.invokeProviderInSameClassLoader(ForkedBooter.java:384)
	at org.apache.maven.surefire.booter.ForkedBooter.runSuitesInProcess(ForkedBooter.java:345)
	at org.apache.maven.surefire.booter.ForkedBooter.execute(ForkedBooter.java:126)
	at org.apache.maven.surefire.booter.ForkedBooter.main(ForkedBooter.java:418)
2019-09-05 19:08:12,000 [main] WARN  io.KeyOutputStream (KeyOutputStream.java:handleException(276)) - Encountered exception java.io.IOException: Unexpected Storage Container Exception: java.io.IOException: Unexpected Storage Container Exception: java.util.concurrent.TimeoutException on the pipeline Pipeline[ Id: 4c12367f-091d-4b02-8fa5-2418db47c4d7, Nodes: e16ed8f0-c555-42a1-afe4-d66b9853b0f1{ip: 192.168.36.80, host: pr-hdds-1982-decom-states-p4sss-1559755178, networkLocation: /default-rack, certSerialId: null}beda15f8-b83a-4823-85ee-8c904ee61c2b{ip: 192.168.36.80, host: pr-hdds-1982-decom-states-p4sss-1559755178, networkLocation: /default-rack, certSerialId: null}1e7d6414-e17c-471c-bf93-9961b4eef5cf{ip: 192.168.36.80, host: pr-hdds-1982-decom-states-p4sss-1559755178, networkLocation: /default-rack, certSerialId: null}, Type:RATIS, Factor:THREE, State:OPEN]. The last committed block length is 400, uncommitted data length is 50 retry count 0
2019-09-05 19:08:12,054 [grpc-default-executor-14] INFO  client.GrpcClientProtocolClient (GrpcClientProtocolClient.java:onNext(255)) - client-DE53B7BE7001->f543745a-0904-4953-8a38-fcef9bf68a3d: receive RaftClientReply:client-DE53B7BE7001->f543745a-0904-4953-8a38-fcef9bf68a3d@group-5E75083C8BD9, cid=230, FAILED org.apache.ratis.protocol.NotLeaderException: Server f543745a-0904-4953-8a38-fcef9bf68a3d is not the leader (null). Request must be sent to leader., logIndex=0, commits[f543745a-0904-4953-8a38-fcef9bf68a3d:c-1]
2019-09-05 19:08:12,511 [grpc-default-executor-16] INFO  client.GrpcClientProtocolClient (GrpcClientProtocolClient.java:onNext(255)) - client-A4D1B672094C->e16ed8f0-c555-42a1-afe4-d66b9853b0f1: receive RaftClientReply:client-A4D1B672094C->e16ed8f0-c555-42a1-afe4-d66b9853b0f1@group-2418DB47C4D7, cid=229, SUCCESS, logIndex=0, commits[e16ed8f0-c555-42a1-afe4-d66b9853b0f1:c16, beda15f8-b83a-4823-85ee-8c904ee61c2b:c16, 1e7d6414-e17c-471c-bf93-9961b4eef5cf:c12]
2019-09-05 19:08:12,512 [grpc-default-executor-16] INFO  client.GrpcClientProtocolClient (GrpcClientProtocolClient.java:onNext(255)) - client-A4D1B672094C->e16ed8f0-c555-42a1-afe4-d66b9853b0f1: receive RaftClientReply:client-A4D1B672094C->e16ed8f0-c555-42a1-afe4-d66b9853b0f1@group-2418DB47C4D7, cid=228, SUCCESS, logIndex=0, commits[e16ed8f0-c555-42a1-afe4-d66b9853b0f1:c16, beda15f8-b83a-4823-85ee-8c904ee61c2b:c16, 1e7d6414-e17c-471c-bf93-9961b4eef5cf:c16]
2019-09-05 19:08:13,068 [grpc-default-executor-16] INFO  client.GrpcClientProtocolClient (GrpcClientProtocolClient.java:onNext(255)) - client-DE53B7BE7001->a6f20ed7-6960-4d82-b055-3029b3e4a05b: receive RaftClientReply:client-DE53B7BE7001->a6f20ed7-6960-4d82-b055-3029b3e4a05b@group-5E75083C8BD9, cid=230, FAILED org.apache.ratis.protocol.NotLeaderException: Server a6f20ed7-6960-4d82-b055-3029b3e4a05b is not the leader (null). Request must be sent to leader., logIndex=0, commits[a6f20ed7-6960-4d82-b055-3029b3e4a05b:c-1]
2019-09-05 19:08:13,372 [Thread-4279] INFO  impl.FollowerState (FollowerState.java:run(106)) - f543745a-0904-4953-8a38-fcef9bf68a3d:group-5E75083C8BD9 changes to CANDIDATE, lastRpcTime:5033, electionTimeout:5033ms
2019-09-05 19:08:13,372 [Thread-4279] INFO  impl.RoleInfo (RoleInfo.java:shutdownFollowerState(121)) - f543745a-0904-4953-8a38-fcef9bf68a3d: shutdown FollowerState
2019-09-05 19:08:13,372 [Thread-4279] INFO  impl.RaftServerImpl (RaftServerImpl.java:setRole(171)) - f543745a-0904-4953-8a38-fcef9bf68a3d:group-5E75083C8BD9 changes role from FOLLOWER to CANDIDATE at term 1 for changeToCandidate
2019-09-05 19:08:13,372 [Thread-4279] INFO  impl.RoleInfo (RoleInfo.java:updateAndGet(143)) - f543745a-0904-4953-8a38-fcef9bf68a3d: start LeaderElection
2019-09-05 19:08:13,419 [f543745a-0904-4953-8a38-fcef9bf68a3d:group-5E75083C8BD9:LeaderElection97] INFO  impl.LeaderElection (LeaderElection.java:askForVotes(181)) - f543745a-0904-4953-8a38-fcef9bf68a3d:group-5E75083C8BD9:LeaderElection97: begin an election at term 2 for -1: [f543745a-0904-4953-8a38-fcef9bf68a3d:192.168.36.80:35996, c8d767ea-c04e-46f1-9df9-21a6292b5885:192.168.36.80:36176, a6f20ed7-6960-4d82-b055-3029b3e4a05b:192.168.36.80:46205], old=null
2019-09-05 19:08:13,423 [grpc-default-executor-15] INFO  impl.RaftServerImpl (RaftServerImpl.java:setRole(171)) - a6f20ed7-6960-4d82-b055-3029b3e4a05b:group-5E75083C8BD9 changes role from FOLLOWER to FOLLOWER at term 2 for recognizeCandidate:f543745a-0904-4953-8a38-fcef9bf68a3d
2019-09-05 19:08:13,423 [grpc-default-executor-14] INFO  impl.RaftServerImpl (RaftServerImpl.java:setRole(171)) - c8d767ea-c04e-46f1-9df9-21a6292b5885:group-5E75083C8BD9 changes role from FOLLOWER to FOLLOWER at term 2 for recognizeCandidate:f543745a-0904-4953-8a38-fcef9bf68a3d
2019-09-05 19:08:13,423 [grpc-default-executor-15] INFO  impl.RoleInfo (RoleInfo.java:shutdownFollowerState(121)) - a6f20ed7-6960-4d82-b055-3029b3e4a05b: shutdown FollowerState
2019-09-05 19:08:13,423 [grpc-default-executor-14] INFO  impl.RoleInfo (RoleInfo.java:shutdownFollowerState(121)) - c8d767ea-c04e-46f1-9df9-21a6292b5885: shutdown FollowerState
2019-09-05 19:08:13,424 [Thread-4280] INFO  impl.FollowerState (FollowerState.java:run(114)) - a6f20ed7-6960-4d82-b055-3029b3e4a05b: FollowerState was interrupted: java.lang.InterruptedException: sleep interrupted
2019-09-05 19:08:13,424 [Thread-4278] INFO  impl.FollowerState (FollowerState.java:run(114)) - c8d767ea-c04e-46f1-9df9-21a6292b5885: FollowerState was interrupted: java.lang.InterruptedException: sleep interrupted
2019-09-05 19:08:13,424 [grpc-default-executor-15] INFO  impl.RoleInfo (RoleInfo.java:updateAndGet(143)) - a6f20ed7-6960-4d82-b055-3029b3e4a05b: start FollowerState
2019-09-05 19:08:13,424 [grpc-default-executor-14] INFO  impl.RoleInfo (RoleInfo.java:updateAndGet(143)) - c8d767ea-c04e-46f1-9df9-21a6292b5885: start FollowerState
2019-09-05 19:08:13,457 [f543745a-0904-4953-8a38-fcef9bf68a3d:group-5E75083C8BD9:LeaderElection97] INFO  impl.LeaderElection (LeaderElection.java:logAndReturn(56)) - f543745a-0904-4953-8a38-fcef9bf68a3d:group-5E75083C8BD9:LeaderElection97: Election PASSED; received 1 response(s) [f543745a-0904-4953-8a38-fcef9bf68a3d<-c8d767ea-c04e-46f1-9df9-21a6292b5885#0:OK-t2] and 0 exception(s); f543745a-0904-4953-8a38-fcef9bf68a3d:t2, leader=null, voted=f543745a-0904-4953-8a38-fcef9bf68a3d, raftlog=f543745a-0904-4953-8a38-fcef9bf68a3d-SegmentedRaftLog:OPENED:c-1,f-1,i0, conf=-1: [f543745a-0904-4953-8a38-fcef9bf68a3d:192.168.36.80:35996, c8d767ea-c04e-46f1-9df9-21a6292b5885:192.168.36.80:36176, a6f20ed7-6960-4d82-b055-3029b3e4a05b:192.168.36.80:46205], old=null
2019-09-05 19:08:13,457 [f543745a-0904-4953-8a38-fcef9bf68a3d:group-5E75083C8BD9:LeaderElection97] INFO  impl.RoleInfo (RoleInfo.java:shutdownLeaderElection(134)) - f543745a-0904-4953-8a38-fcef9bf68a3d: shutdown LeaderElection
2019-09-05 19:08:13,457 [f543745a-0904-4953-8a38-fcef9bf68a3d:group-5E75083C8BD9:LeaderElection97] INFO  impl.RaftServerImpl (RaftServerImpl.java:setRole(171)) - f543745a-0904-4953-8a38-fcef9bf68a3d:group-5E75083C8BD9 changes role from CANDIDATE to LEADER at term 2 for changeToLeader
2019-09-05 19:08:13,457 [f543745a-0904-4953-8a38-fcef9bf68a3d:group-5E75083C8BD9:LeaderElection97] INFO  impl.RaftServerImpl (ServerState.java:setLeader(263)) - f543745a-0904-4953-8a38-fcef9bf68a3d:group-5E75083C8BD9 change Leader from null to f543745a-0904-4953-8a38-fcef9bf68a3d at term 2 for becomeLeader, leader elected after 10384ms
2019-09-05 19:08:13,458 [f543745a-0904-4953-8a38-fcef9bf68a3d:group-5E75083C8BD9:LeaderElection97] INFO  server.RaftServerConfigKeys (ConfUtils.java:logGet(43)) - raft.server.staging.catchup.gap = 1000 (default)
2019-09-05 19:08:13,458 [f543745a-0904-4953-8a38-fcef9bf68a3d:group-5E75083C8BD9:LeaderElection97] INFO  server.RaftServerConfigKeys (ConfUtils.java:logGet(43)) - raft.server.rpc.sleep.time = 25ms (default)
2019-09-05 19:08:13,458 [f543745a-0904-4953-8a38-fcef9bf68a3d:group-5E75083C8BD9:LeaderElection97] INFO  server.RaftServerConfigKeys (ConfUtils.java:logGet(43)) - raft.server.write.element-limit = 4096 (default)
2019-09-05 19:08:13,458 [f543745a-0904-4953-8a38-fcef9bf68a3d:group-5E75083C8BD9:LeaderElection97] INFO  server.RaftServerConfigKeys (ConfUtils.java:logGet(43)) - raft.server.watch.timeout = 10s (default)
2019-09-05 19:08:13,458 [f543745a-0904-4953-8a38-fcef9bf68a3d:group-5E75083C8BD9:LeaderElection97] INFO  server.RaftServerConfigKeys (ConfUtils.java:logGet(43)) - raft.server.watch.timeout.denomination = 1s (default)
2019-09-05 19:08:13,458 [f543745a-0904-4953-8a38-fcef9bf68a3d:group-5E75083C8BD9:LeaderElection97] INFO  server.RaftServerConfigKeys (ConfUtils.java:logGet(43)) - raft.server.watch.element-limit = 65536 (default)
2019-09-05 19:08:13,459 [f543745a-0904-4953-8a38-fcef9bf68a3d:group-5E75083C8BD9:LeaderElection97] INFO  server.RaftServerConfigKeys (ConfUtils.java:logGet(43)) - raft.server.log.appender.snapshot.chunk.size.max = 16MB (=16777216) (default)
2019-09-05 19:08:13,459 [f543745a-0904-4953-8a38-fcef9bf68a3d:group-5E75083C8BD9:LeaderElection97] INFO  server.RaftServerConfigKeys (ConfUtils.java:logGet(43)) - raft.server.log.appender.buffer.byte-limit = 33554432 (custom)
2019-09-05 19:08:13,459 [f543745a-0904-4953-8a38-fcef9bf68a3d:group-5E75083C8BD9:LeaderElection97] INFO  server.RaftServerConfigKeys (ConfUtils.java:logGet(43)) - raft.server.log.appender.buffer.element-limit = 1 (custom)
2019-09-05 19:08:13,459 [f543745a-0904-4953-8a38-fcef9bf68a3d:group-5E75083C8BD9:LeaderElection97] INFO  grpc.GrpcConfigKeys$Server (ConfUtils.java:logGet(43)) - raft.grpc.server.leader.outstanding.appends.max = 128 (default)
2019-09-05 19:08:13,460 [f543745a-0904-4953-8a38-fcef9bf68a3d:group-5E75083C8BD9:LeaderElection97] INFO  server.RaftServerConfigKeys (ConfUtils.java:logGet(43)) - raft.server.rpc.request.timeout = 3000ms (default)
2019-09-05 19:08:13,460 [f543745a-0904-4953-8a38-fcef9bf68a3d:group-5E75083C8BD9:LeaderElection97] INFO  server.RaftServerConfigKeys (ConfUtils.java:logGet(43)) - raft.server.log.appender.install.snapshot.enabled = false (custom)
2019-09-05 19:08:13,460 [f543745a-0904-4953-8a38-fcef9bf68a3d:group-5E75083C8BD9:LeaderElection97] INFO  server.RaftServerConfigKeys (ConfUtils.java:logGet(43)) - raft.server.log.appender.snapshot.chunk.size.max = 16MB (=16777216) (default)
2019-09-05 19:08:13,460 [f543745a-0904-4953-8a38-fcef9bf68a3d:group-5E75083C8BD9:LeaderElection97] INFO  server.RaftServerConfigKeys (ConfUtils.java:logGet(43)) - raft.server.log.appender.buffer.byte-limit = 33554432 (custom)
2019-09-05 19:08:13,460 [f543745a-0904-4953-8a38-fcef9bf68a3d:group-5E75083C8BD9:LeaderElection97] INFO  server.RaftServerConfigKeys (ConfUtils.java:logGet(43)) - raft.server.log.appender.buffer.element-limit = 1 (custom)
2019-09-05 19:08:13,461 [f543745a-0904-4953-8a38-fcef9bf68a3d:group-5E75083C8BD9:LeaderElection97] INFO  grpc.GrpcConfigKeys$Server (ConfUtils.java:logGet(43)) - raft.grpc.server.leader.outstanding.appends.max = 128 (default)
2019-09-05 19:08:13,461 [f543745a-0904-4953-8a38-fcef9bf68a3d:group-5E75083C8BD9:LeaderElection97] INFO  server.RaftServerConfigKeys (ConfUtils.java:logGet(43)) - raft.server.rpc.request.timeout = 3000ms (default)
2019-09-05 19:08:13,461 [f543745a-0904-4953-8a38-fcef9bf68a3d:group-5E75083C8BD9:LeaderElection97] INFO  server.RaftServerConfigKeys (ConfUtils.java:logGet(43)) - raft.server.log.appender.install.snapshot.enabled = false (custom)
2019-09-05 19:08:13,461 [f543745a-0904-4953-8a38-fcef9bf68a3d:group-5E75083C8BD9:LeaderElection97] INFO  impl.RoleInfo (RoleInfo.java:updateAndGet(143)) - f543745a-0904-4953-8a38-fcef9bf68a3d: start LeaderState
2019-09-05 19:08:13,461 [f543745a-0904-4953-8a38-fcef9bf68a3d:group-5E75083C8BD9:LeaderElection97] INFO  segmented.SegmentedRaftLogWorker (SegmentedRaftLogWorker.java:startLogSegment(380)) - f543745a-0904-4953-8a38-fcef9bf68a3d-SegmentedRaftLogWorker:Storage Directory /workdir/hadoop-ozone/integration-test/target/test-dir/MiniOzoneClusterImpl-26321163-d00f-4eeb-b505-787cf25e09ba/datanode-5/data/ratis/2ff99e8d-5964-4301-a9e0-5e75083c8bd9: Starting segment from index:0
2019-09-05 19:08:13,462 [f543745a-0904-4953-8a38-fcef9bf68a3d:group-5E75083C8BD9:LeaderElection97] INFO  impl.RaftServerImpl (ServerState.java:setRaftConf(361)) - f543745a-0904-4953-8a38-fcef9bf68a3d:group-5E75083C8BD9 set configuration 0: [f543745a-0904-4953-8a38-fcef9bf68a3d:192.168.36.80:35996, c8d767ea-c04e-46f1-9df9-21a6292b5885:192.168.36.80:36176, a6f20ed7-6960-4d82-b055-3029b3e4a05b:192.168.36.80:46205], old=null at 0
2019-09-05 19:08:13,464 [grpc-default-executor-15] INFO  impl.RaftServerImpl (ServerState.java:setLeader(263)) - c8d767ea-c04e-46f1-9df9-21a6292b5885:group-5E75083C8BD9 change Leader from null to f543745a-0904-4953-8a38-fcef9bf68a3d at term 2 for appendEntries, leader elected after 10391ms
2019-09-05 19:08:13,464 [grpc-default-executor-14] INFO  impl.RaftServerImpl (ServerState.java:setLeader(263)) - a6f20ed7-6960-4d82-b055-3029b3e4a05b:group-5E75083C8BD9 change Leader from null to f543745a-0904-4953-8a38-fcef9bf68a3d at term 2 for appendEntries, leader elected after 10391ms
2019-09-05 19:08:13,466 [grpc-default-executor-14] INFO  impl.RaftServerImpl (ServerState.java:setRaftConf(361)) - c8d767ea-c04e-46f1-9df9-21a6292b5885:group-5E75083C8BD9 set configuration 0: [f543745a-0904-4953-8a38-fcef9bf68a3d:192.168.36.80:35996, c8d767ea-c04e-46f1-9df9-21a6292b5885:192.168.36.80:36176, a6f20ed7-6960-4d82-b055-3029b3e4a05b:192.168.36.80:46205], old=null at 0
2019-09-05 19:08:13,466 [grpc-default-executor-14] INFO  segmented.SegmentedRaftLogWorker (SegmentedRaftLogWorker.java:startLogSegment(380)) - c8d767ea-c04e-46f1-9df9-21a6292b5885-SegmentedRaftLogWorker:Storage Directory /workdir/hadoop-ozone/integration-test/target/test-dir/MiniOzoneClusterImpl-26321163-d00f-4eeb-b505-787cf25e09ba/datanode-3/data/ratis/2ff99e8d-5964-4301-a9e0-5e75083c8bd9: Starting segment from index:0
2019-09-05 19:08:13,467 [grpc-default-executor-15] INFO  impl.RaftServerImpl (ServerState.java:setRaftConf(361)) - a6f20ed7-6960-4d82-b055-3029b3e4a05b:group-5E75083C8BD9 set configuration 0: [f543745a-0904-4953-8a38-fcef9bf68a3d:192.168.36.80:35996, c8d767ea-c04e-46f1-9df9-21a6292b5885:192.168.36.80:36176, a6f20ed7-6960-4d82-b055-3029b3e4a05b:192.168.36.80:46205], old=null at 0
2019-09-05 19:08:13,467 [grpc-default-executor-15] INFO  segmented.SegmentedRaftLogWorker (SegmentedRaftLogWorker.java:startLogSegment(380)) - a6f20ed7-6960-4d82-b055-3029b3e4a05b-SegmentedRaftLogWorker:Storage Directory /workdir/hadoop-ozone/integration-test/target/test-dir/MiniOzoneClusterImpl-26321163-d00f-4eeb-b505-787cf25e09ba/datanode-6/data/ratis/2ff99e8d-5964-4301-a9e0-5e75083c8bd9: Starting segment from index:0
2019-09-05 19:08:13,517 [a6f20ed7-6960-4d82-b055-3029b3e4a05b-SegmentedRaftLogWorker:Storage Directory /workdir/hadoop-ozone/integration-test/target/test-dir/MiniOzoneClusterImpl-26321163-d00f-4eeb-b505-787cf25e09ba/datanode-6/data/ratis/2ff99e8d-5964-4301-a9e0-5e75083c8bd9] INFO  segmented.SegmentedRaftLogWorker (SegmentedRaftLogWorker.java:execute(569)) - a6f20ed7-6960-4d82-b055-3029b3e4a05b-SegmentedRaftLogWorker:Storage Directory /workdir/hadoop-ozone/integration-test/target/test-dir/MiniOzoneClusterImpl-26321163-d00f-4eeb-b505-787cf25e09ba/datanode-6/data/ratis/2ff99e8d-5964-4301-a9e0-5e75083c8bd9: created new log segment /workdir/hadoop-ozone/integration-test/target/test-dir/MiniOzoneClusterImpl-26321163-d00f-4eeb-b505-787cf25e09ba/datanode-6/data/ratis/2ff99e8d-5964-4301-a9e0-5e75083c8bd9/current/log_inprogress_0
2019-09-05 19:08:13,517 [f543745a-0904-4953-8a38-fcef9bf68a3d-SegmentedRaftLogWorker:Storage Directory /workdir/hadoop-ozone/integration-test/target/test-dir/MiniOzoneClusterImpl-26321163-d00f-4eeb-b505-787cf25e09ba/datanode-5/data/ratis/2ff99e8d-5964-4301-a9e0-5e75083c8bd9] INFO  segmented.SegmentedRaftLogWorker (SegmentedRaftLogWorker.java:execute(569)) - f543745a-0904-4953-8a38-fcef9bf68a3d-SegmentedRaftLogWorker:Storage Directory /workdir/hadoop-ozone/integration-test/target/test-dir/MiniOzoneClusterImpl-26321163-d00f-4eeb-b505-787cf25e09ba/datanode-5/data/ratis/2ff99e8d-5964-4301-a9e0-5e75083c8bd9: created new log segment /workdir/hadoop-ozone/integration-test/target/test-dir/MiniOzoneClusterImpl-26321163-d00f-4eeb-b505-787cf25e09ba/datanode-5/data/ratis/2ff99e8d-5964-4301-a9e0-5e75083c8bd9/current/log_inprogress_0
2019-09-05 19:08:13,518 [c8d767ea-c04e-46f1-9df9-21a6292b5885-SegmentedRaftLogWorker:Storage Directory /workdir/hadoop-ozone/integration-test/target/test-dir/MiniOzoneClusterImpl-26321163-d00f-4eeb-b505-787cf25e09ba/datanode-3/data/ratis/2ff99e8d-5964-4301-a9e0-5e75083c8bd9] INFO  segmented.SegmentedRaftLogWorker (SegmentedRaftLogWorker.java:execute(569)) - c8d767ea-c04e-46f1-9df9-21a6292b5885-SegmentedRaftLogWorker:Storage Directory /workdir/hadoop-ozone/integration-test/target/test-dir/MiniOzoneClusterImpl-26321163-d00f-4eeb-b505-787cf25e09ba/datanode-3/data/ratis/2ff99e8d-5964-4301-a9e0-5e75083c8bd9: created new log segment /workdir/hadoop-ozone/integration-test/target/test-dir/MiniOzoneClusterImpl-26321163-d00f-4eeb-b505-787cf25e09ba/datanode-3/data/ratis/2ff99e8d-5964-4301-a9e0-5e75083c8bd9/current/log_inprogress_0
2019-09-05 19:08:14,290 [grpc-default-executor-14] INFO  client.GrpcClientProtocolClient (GrpcClientProtocolClient.java:onNext(255)) - client-DE53B7BE7001->f543745a-0904-4953-8a38-fcef9bf68a3d: receive RaftClientReply:client-DE53B7BE7001->f543745a-0904-4953-8a38-fcef9bf68a3d@group-5E75083C8BD9, cid=230, SUCCESS, logIndex=1, commits[f543745a-0904-4953-8a38-fcef9bf68a3d:c1, c8d767ea-c04e-46f1-9df9-21a6292b5885:c0, a6f20ed7-6960-4d82-b055-3029b3e4a05b:c-1]
2019-09-05 19:08:14,381 [grpc-default-executor-14] INFO  client.GrpcClientProtocolClient (GrpcClientProtocolClient.java:onNext(255)) - client-DE53B7BE7001->f543745a-0904-4953-8a38-fcef9bf68a3d: receive RaftClientReply:client-DE53B7BE7001->f543745a-0904-4953-8a38-fcef9bf68a3d@group-5E75083C8BD9, cid=231, SUCCESS, logIndex=3, commits[f543745a-0904-4953-8a38-fcef9bf68a3d:c4, c8d767ea-c04e-46f1-9df9-21a6292b5885:c3, a6f20ed7-6960-4d82-b055-3029b3e4a05b:c3]
2019-09-05 19:08:14,383 [main] INFO  ozone.MiniOzoneClusterImpl (MiniOzoneClusterImpl.java:shutdown(307)) - Shutting down the Mini Ozone Cluster
2019-09-05 19:08:14,383 [main] INFO  ozone.MiniOzoneClusterImpl (MiniOzoneClusterImpl.java:stop(322)) - Stopping the Mini Ozone Cluster
2019-09-05 19:08:14,383 [main] INFO  ozone.MiniOzoneClusterImpl (MiniOzoneClusterImpl.java:stop(324)) - Stopping the OzoneManager
2019-09-05 19:08:14,383 [main] INFO  ipc.Server (Server.java:stop(3082)) - Stopping server on 45601
2019-09-05 19:08:14,393 [IPC Server listener on 45601] INFO  ipc.Server (Server.java:run(1185)) - Stopping IPC Server listener on 45601
2019-09-05 19:08:14,394 [main] INFO  ratis.OzoneManagerDoubleBuffer (OzoneManagerDoubleBuffer.java:stop(248)) - Stopping OMDoubleBuffer flush thread
2019-09-05 19:08:14,400 [IPC Server Responder] INFO  ipc.Server (Server.java:run(1319)) - Stopping IPC Server Responder
2019-09-05 19:08:14,400 [OMDoubleBufferFlushThread] INFO  ratis.OzoneManagerDoubleBuffer (OzoneManagerDoubleBuffer.java:flushTransactions(191)) - OMDoubleBuffer flush thread OMDoubleBufferFlushThread is interrupted and will exit. OMDoubleBufferFlushThread
2019-09-05 19:08:14,411 [main] INFO  utils.BackgroundService (BackgroundService.java:shutdown(148)) - Shutting down service KeyDeletingService
2019-09-05 19:08:14,412 [main] INFO  handler.ContextHandler (ContextHandler.java:doStop(910)) - Stopped o.e.j.w.WebAppContext@597a7afa{/,null,UNAVAILABLE}{/ozoneManager}
2019-09-05 19:08:14,413 [main] INFO  server.AbstractConnector (AbstractConnector.java:doStop(318)) - Stopped ServerConnector@29dcdd1c{HTTP/1.1,[http/1.1]}{0.0.0.0:0}
2019-09-05 19:08:14,413 [main] INFO  handler.ContextHandler (ContextHandler.java:doStop(910)) - Stopped o.e.j.s.ServletContextHandler@4899799b{/static,file:///workdir/hadoop-ozone/integration-test/target/test-classes/webapps/static,UNAVAILABLE}
2019-09-05 19:08:14,413 [main] INFO  handler.ContextHandler (ContextHandler.java:doStop(910)) - Stopped o.e.j.s.ServletContextHandler@6775c0d1{/logs,file:///workdir/hadoop-ozone/integration-test/target/log,UNAVAILABLE}
2019-09-05 19:08:14,416 [main] INFO  ozone.MiniOzoneClusterImpl (MiniOzoneClusterImpl.java:stop(330)) - Shutting the HddsDatanodes
2019-09-05 19:08:14,636 [Datanode State Machine Thread - 0] INFO  statemachine.DatanodeStateMachine (DatanodeStateMachine.java:lambda$startDaemon$0(350)) - Ozone container server started.
2019-09-05 19:08:15,410 [Datanode State Machine Thread - 0] INFO  statemachine.DatanodeStateMachine (DatanodeStateMachine.java:lambda$startDaemon$0(350)) - Ozone container server started.
2019-09-05 19:08:18,647 [EventQueue-StaleNodeForStaleNodeHandler] INFO  node.StaleNodeHandler (StaleNodeHandler.java:onMessage(58)) - Datanode e16ed8f0-c555-42a1-afe4-d66b9853b0f1{ip: 192.168.36.80, host: pr-hdds-1982-decom-states-p4sss-1559755178, networkLocation: /default-rack, certSerialId: null} moved to stale state. Finalizing its pipelines [PipelineID=5e6eb323-f82a-4cb4-9f82-ad6b689e4682, PipelineID=4c12367f-091d-4b02-8fa5-2418db47c4d7]
2019-09-05 19:08:18,647 [EventQueue-StaleNodeForStaleNodeHandler] INFO  pipeline.SCMPipelineManager (SCMPipelineManager.java:finalizeAndDestroyPipeline(311)) - destroying pipeline:Pipeline[ Id: 5e6eb323-f82a-4cb4-9f82-ad6b689e4682, Nodes: e16ed8f0-c555-42a1-afe4-d66b9853b0f1{ip: 192.168.36.80, host: pr-hdds-1982-decom-states-p4sss-1559755178, networkLocation: /default-rack, certSerialId: null}, Type:RATIS, Factor:ONE, State:OPEN]
2019-09-05 19:08:18,647 [EventQueue-StaleNodeForStaleNodeHandler] INFO  pipeline.PipelineStateManager (PipelineStateManager.java:finalizePipeline(123)) - Pipeline Pipeline[ Id: 5e6eb323-f82a-4cb4-9f82-ad6b689e4682, Nodes: e16ed8f0-c555-42a1-afe4-d66b9853b0f1{ip: 192.168.36.80, host: pr-hdds-1982-decom-states-p4sss-1559755178, networkLocation: /default-rack, certSerialId: null}, Type:RATIS, Factor:ONE, State:CLOSED] moved to CLOSED state
2019-09-05 19:08:18,648 [EventQueue-StaleNodeForStaleNodeHandler] INFO  pipeline.SCMPipelineManager (SCMPipelineManager.java:finalizeAndDestroyPipeline(311)) - destroying pipeline:Pipeline[ Id: 4c12367f-091d-4b02-8fa5-2418db47c4d7, Nodes: e16ed8f0-c555-42a1-afe4-d66b9853b0f1{ip: 192.168.36.80, host: pr-hdds-1982-decom-states-p4sss-1559755178, networkLocation: /default-rack, certSerialId: null}beda15f8-b83a-4823-85ee-8c904ee61c2b{ip: 192.168.36.80, host: pr-hdds-1982-decom-states-p4sss-1559755178, networkLocation: /default-rack, certSerialId: null}1e7d6414-e17c-471c-bf93-9961b4eef5cf{ip: 192.168.36.80, host: pr-hdds-1982-decom-states-p4sss-1559755178, networkLocation: /default-rack, certSerialId: null}, Type:RATIS, Factor:THREE, State:OPEN]
2019-09-05 19:08:18,648 [EventQueue-StaleNodeForStaleNodeHandler] INFO  pipeline.PipelineStateManager (PipelineStateManager.java:finalizePipeline(123)) - Pipeline Pipeline[ Id: 4c12367f-091d-4b02-8fa5-2418db47c4d7, Nodes: e16ed8f0-c555-42a1-afe4-d66b9853b0f1{ip: 192.168.36.80, host: pr-hdds-1982-decom-states-p4sss-1559755178, networkLocation: /default-rack, certSerialId: null}beda15f8-b83a-4823-85ee-8c904ee61c2b{ip: 192.168.36.80, host: pr-hdds-1982-decom-states-p4sss-1559755178, networkLocation: /default-rack, certSerialId: null}1e7d6414-e17c-471c-bf93-9961b4eef5cf{ip: 192.168.36.80, host: pr-hdds-1982-decom-states-p4sss-1559755178, networkLocation: /default-rack, certSerialId: null}, Type:RATIS, Factor:THREE, State:CLOSED] moved to CLOSED state
2019-09-05 19:08:18,648 [EventQueue-CloseContainerForCloseContainerEventHandler] INFO  container.CloseContainerEventHandler (CloseContainerEventHandler.java:onMessage(61)) - Close container Event triggered for container : #1
2019-09-05 19:08:19,417 [main] INFO  ozoneimpl.OzoneContainer (OzoneContainer.java:stop(215)) - Attempting to stop container services.
2019-09-05 19:08:19,417 [ForkJoinPool.commonPool-worker-1] INFO  ozoneimpl.OzoneContainer (OzoneContainer.java:stop(215)) - Attempting to stop container services.
2019-09-05 19:08:19,418 [main] INFO  impl.RaftServerProxy (RaftServerProxy.java:lambda$close$4(314)) - e16ed8f0-c555-42a1-afe4-d66b9853b0f1: close
2019-09-05 19:08:19,418 [ForkJoinPool.commonPool-worker-1] INFO  impl.RaftServerProxy (RaftServerProxy.java:lambda$close$4(314)) - 7142a44a-bc07-45c6-a97e-fe6e3bd26a77: close
2019-09-05 19:08:19,419 [main] INFO  impl.RaftServerImpl (RaftServerImpl.java:lambda$shutdown$3(245)) - e16ed8f0-c555-42a1-afe4-d66b9853b0f1: shutdown group-AD6B689E4682
2019-09-05 19:08:19,419 [ForkJoinPool.commonPool-worker-1] INFO  impl.RaftServerImpl (RaftServerImpl.java:lambda$shutdown$3(245)) - 7142a44a-bc07-45c6-a97e-fe6e3bd26a77: shutdown group-9AACFE0FD0F7
2019-09-05 19:08:19,419 [main] INFO  util.JmxRegister (JmxRegister.java:unregister(73)) - Successfully un-registered JMX Bean with object name Ratis:service=RaftServer,group=group-AD6B689E4682,id=e16ed8f0-c555-42a1-afe4-d66b9853b0f1
2019-09-05 19:08:19,420 [ForkJoinPool.commonPool-worker-1] INFO  util.JmxRegister (JmxRegister.java:unregister(73)) - Successfully un-registered JMX Bean with object name Ratis:service=RaftServer,group=group-9AACFE0FD0F7,id=7142a44a-bc07-45c6-a97e-fe6e3bd26a77
2019-09-05 19:08:19,420 [main] INFO  impl.RoleInfo (RoleInfo.java:shutdownLeaderState(104)) - e16ed8f0-c555-42a1-afe4-d66b9853b0f1: shutdown LeaderState
2019-09-05 19:08:19,420 [ForkJoinPool.commonPool-worker-1] INFO  impl.RoleInfo (RoleInfo.java:shutdownLeaderState(104)) - 7142a44a-bc07-45c6-a97e-fe6e3bd26a77: shutdown LeaderState
2019-09-05 19:08:19,421 [main] INFO  impl.PendingRequests (PendingRequests.java:sendNotLeaderResponses(202)) - e16ed8f0-c555-42a1-afe4-d66b9853b0f1-PendingRequests: sendNotLeaderResponses
2019-09-05 19:08:19,421 [ForkJoinPool.commonPool-worker-1] INFO  impl.PendingRequests (PendingRequests.java:sendNotLeaderResponses(202)) - 7142a44a-bc07-45c6-a97e-fe6e3bd26a77-PendingRequests: sendNotLeaderResponses
2019-09-05 19:08:19,422 [main] INFO  impl.StateMachineUpdater (StateMachineUpdater.java:stopAndJoin(115)) - StateMachineUpdater:e16ed8f0-c555-42a1-afe4-d66b9853b0f1:group-AD6B689E4682: set stopIndex = 0
2019-09-05 19:08:19,422 [main] INFO  impl.RaftServerImpl (ServerState.java:close(394)) - e16ed8f0-c555-42a1-afe4-d66b9853b0f1:group-AD6B689E4682 closes. The last applied log index is 0
2019-09-05 19:08:19,422 [ForkJoinPool.commonPool-worker-1] INFO  impl.StateMachineUpdater (StateMachineUpdater.java:stopAndJoin(115)) - StateMachineUpdater:7142a44a-bc07-45c6-a97e-fe6e3bd26a77:group-9AACFE0FD0F7: set stopIndex = 0
2019-09-05 19:08:19,423 [e16ed8f0-c555-42a1-afe4-d66b9853b0f1-SegmentedRaftLogWorker:Storage Directory /workdir/hadoop-ozone/integration-test/target/test-dir/MiniOzoneClusterImpl-26321163-d00f-4eeb-b505-787cf25e09ba/datanode-4/data/ratis/5e6eb323-f82a-4cb4-9f82-ad6b689e4682] INFO  segmented.SegmentedRaftLogWorker (SegmentedRaftLogWorker.java:run(313)) - e16ed8f0-c555-42a1-afe4-d66b9853b0f1-SegmentedRaftLogWorker:Storage Directory /workdir/hadoop-ozone/integration-test/target/test-dir/MiniOzoneClusterImpl-26321163-d00f-4eeb-b505-787cf25e09ba/datanode-4/data/ratis/5e6eb323-f82a-4cb4-9f82-ad6b689e4682 was interrupted, exiting. There are 0 tasks remaining in the queue.
2019-09-05 19:08:19,423 [ForkJoinPool.commonPool-worker-1] INFO  impl.RaftServerImpl (ServerState.java:close(394)) - 7142a44a-bc07-45c6-a97e-fe6e3bd26a77:group-9AACFE0FD0F7 closes. The last applied log index is 0
2019-09-05 19:08:19,427 [main] INFO  segmented.SegmentedRaftLogWorker (SegmentedRaftLogWorker.java:close(228)) - e16ed8f0-c555-42a1-afe4-d66b9853b0f1-SegmentedRaftLogWorker:Storage Directory /workdir/hadoop-ozone/integration-test/target/test-dir/MiniOzoneClusterImpl-26321163-d00f-4eeb-b505-787cf25e09ba/datanode-4/data/ratis/5e6eb323-f82a-4cb4-9f82-ad6b689e4682 close()
2019-09-05 19:08:19,428 [7142a44a-bc07-45c6-a97e-fe6e3bd26a77-SegmentedRaftLogWorker:Storage Directory /workdir/hadoop-ozone/integration-test/target/test-dir/MiniOzoneClusterImpl-26321163-d00f-4eeb-b505-787cf25e09ba/datanode-1/data/ratis/21c375e4-7ef1-44c1-9c99-9aacfe0fd0f7] INFO  segmented.SegmentedRaftLogWorker (SegmentedRaftLogWorker.java:run(313)) - 7142a44a-bc07-45c6-a97e-fe6e3bd26a77-SegmentedRaftLogWorker:Storage Directory /workdir/hadoop-ozone/integration-test/target/test-dir/MiniOzoneClusterImpl-26321163-d00f-4eeb-b505-787cf25e09ba/datanode-1/data/ratis/21c375e4-7ef1-44c1-9c99-9aacfe0fd0f7 was interrupted, exiting. There are 0 tasks remaining in the queue.
2019-09-05 19:08:19,432 [main] INFO  impl.RaftServerImpl (RaftServerImpl.java:lambda$shutdown$3(245)) - e16ed8f0-c555-42a1-afe4-d66b9853b0f1: shutdown group-2418DB47C4D7
2019-09-05 19:08:19,435 [ForkJoinPool.commonPool-worker-1] INFO  segmented.SegmentedRaftLogWorker (SegmentedRaftLogWorker.java:close(228)) - 7142a44a-bc07-45c6-a97e-fe6e3bd26a77-SegmentedRaftLogWorker:Storage Directory /workdir/hadoop-ozone/integration-test/target/test-dir/MiniOzoneClusterImpl-26321163-d00f-4eeb-b505-787cf25e09ba/datanode-1/data/ratis/21c375e4-7ef1-44c1-9c99-9aacfe0fd0f7 close()
2019-09-05 19:08:19,435 [main] INFO  util.JmxRegister (JmxRegister.java:unregister(73)) - Successfully un-registered JMX Bean with object name Ratis:service=RaftServer,group=group-2418DB47C4D7,id=e16ed8f0-c555-42a1-afe4-d66b9853b0f1
2019-09-05 19:08:19,439 [ForkJoinPool.commonPool-worker-1] INFO  server.GrpcService (GrpcService.java:closeImpl(155)) - 7142a44a-bc07-45c6-a97e-fe6e3bd26a77: shutdown server with port 40926 now
2019-09-05 19:08:19,440 [main] INFO  impl.RoleInfo (RoleInfo.java:shutdownLeaderState(104)) - e16ed8f0-c555-42a1-afe4-d66b9853b0f1: shutdown LeaderState
2019-09-05 19:08:19,442 [ForkJoinPool.commonPool-worker-1] INFO  server.GrpcService (GrpcService.java:closeImpl(163)) - 7142a44a-bc07-45c6-a97e-fe6e3bd26a77: shutdown server with port 40926 successfully
2019-09-05 19:08:19,447 [org.apache.ratis.server.impl.LogAppender$AppenderDaemon$$Lambda$495/1795126199@7d61b25c] WARN  server.GrpcLogAppender (GrpcLogAppender.java:mayWait(143)) - GrpcLogAppender(e16ed8f0-c555-42a1-afe4-d66b9853b0f1->beda15f8-b83a-4823-85ee-8c904ee61c2b): Wait interrupted by java.lang.InterruptedException
2019-09-05 19:08:19,447 [org.apache.ratis.server.impl.LogAppender$AppenderDaemon$$Lambda$495/1795126199@38632394] WARN  server.GrpcLogAppender (GrpcLogAppender.java:mayWait(143)) - GrpcLogAppender(e16ed8f0-c555-42a1-afe4-d66b9853b0f1->1e7d6414-e17c-471c-bf93-9961b4eef5cf): Wait interrupted by java.lang.InterruptedException
2019-09-05 19:08:19,447 [main] INFO  impl.PendingRequests (PendingRequests.java:sendNotLeaderResponses(202)) - e16ed8f0-c555-42a1-afe4-d66b9853b0f1-PendingRequests: sendNotLeaderResponses
2019-09-05 19:08:19,448 [grpc-default-executor-15] INFO  server.GrpcServerProtocolService (GrpcServerProtocolService.java:onCompleted(104)) - 1e7d6414-e17c-471c-bf93-9961b4eef5cf: appendEntries completed
2019-09-05 19:08:19,447 [grpc-default-executor-14] INFO  server.GrpcServerProtocolService (GrpcServerProtocolService.java:onCompleted(104)) - beda15f8-b83a-4823-85ee-8c904ee61c2b: appendEntries completed
2019-09-05 19:08:19,453 [EventQueue-StaleNodeForStaleNodeHandler] INFO  node.StaleNodeHandler (StaleNodeHandler.java:onMessage(58)) - Datanode 7142a44a-bc07-45c6-a97e-fe6e3bd26a77{ip: 192.168.36.80, host: pr-hdds-1982-decom-states-p4sss-1559755178, networkLocation: /default-rack, certSerialId: null} moved to stale state. Finalizing its pipelines [PipelineID=21c375e4-7ef1-44c1-9c99-9aacfe0fd0f7]
2019-09-05 19:08:19,453 [main] INFO  impl.StateMachineUpdater (StateMachineUpdater.java:stopAndJoin(115)) - StateMachineUpdater:e16ed8f0-c555-42a1-afe4-d66b9853b0f1:group-2418DB47C4D7: set stopIndex = 16
2019-09-05 19:08:19,454 [grpc-default-executor-16] INFO  server.GrpcLogAppender (GrpcLogAppender.java:onCompleted(292)) - e16ed8f0-c555-42a1-afe4-d66b9853b0f1->1e7d6414-e17c-471c-bf93-9961b4eef5cf: follower responses appendEntries COMPLETED
2019-09-05 19:08:19,453 [grpc-default-executor-15] INFO  server.GrpcLogAppender (GrpcLogAppender.java:onCompleted(292)) - e16ed8f0-c555-42a1-afe4-d66b9853b0f1->beda15f8-b83a-4823-85ee-8c904ee61c2b: follower responses appendEntries COMPLETED
2019-09-05 19:08:19,453 [EventQueue-StaleNodeForStaleNodeHandler] INFO  pipeline.SCMPipelineManager (SCMPipelineManager.java:finalizeAndDestroyPipeline(311)) - destroying pipeline:Pipeline[ Id: 21c375e4-7ef1-44c1-9c99-9aacfe0fd0f7, Nodes: 7142a44a-bc07-45c6-a97e-fe6e3bd26a77{ip: 192.168.36.80, host: pr-hdds-1982-decom-states-p4sss-1559755178, networkLocation: /default-rack, certSerialId: null}, Type:RATIS, Factor:ONE, State:OPEN]
2019-09-05 19:08:19,455 [grpc-default-executor-15] INFO  impl.FollowerInfo (FollowerInfo.java:lambda$new$0(50)) - e16ed8f0-c555-42a1-afe4-d66b9853b0f1->beda15f8-b83a-4823-85ee-8c904ee61c2b: nextIndex: updateUnconditionally 17 -> 16
2019-09-05 19:08:19,455 [EventQueue-StaleNodeForStaleNodeHandler] INFO  pipeline.PipelineStateManager (PipelineStateManager.java:finalizePipeline(123)) - Pipeline Pipeline[ Id: 21c375e4-7ef1-44c1-9c99-9aacfe0fd0f7, Nodes: 7142a44a-bc07-45c6-a97e-fe6e3bd26a77{ip: 192.168.36.80, host: pr-hdds-1982-decom-states-p4sss-1559755178, networkLocation: /default-rack, certSerialId: null}, Type:RATIS, Factor:ONE, State:CLOSED] moved to CLOSED state
2019-09-05 19:08:19,453 [StateMachineUpdater:e16ed8f0-c555-42a1-afe4-d66b9853b0f1:group-2418DB47C4D7] INFO  ratis.ContainerStateMachine (ContainerStateMachine.java:takeSnapshot(284)) - group-2418DB47C4D7: Taking a snapshot at:(t:1, i:14) file /workdir/hadoop-ozone/integration-test/target/test-dir/MiniOzoneClusterImpl-26321163-d00f-4eeb-b505-787cf25e09ba/datanode-4/data/ratis/4c12367f-091d-4b02-8fa5-2418db47c4d7/sm/snapshot.1_14
2019-09-05 19:08:19,455 [grpc-default-executor-16] INFO  impl.FollowerInfo (FollowerInfo.java:lambda$new$0(50)) - e16ed8f0-c555-42a1-afe4-d66b9853b0f1->1e7d6414-e17c-471c-bf93-9961b4eef5cf: nextIndex: updateUnconditionally 17 -> 16
2019-09-05 19:08:19,454 [refreshUsed-/workdir/hadoop-ozone/integration-test/target/test-dir/MiniOzoneClusterImpl-26321163-d00f-4eeb-b505-787cf25e09ba/datanode-1/data/containers] WARN  fs.CachingGetSpaceUsed (CachingGetSpaceUsed.java:run(183)) - Thread Interrupted waiting to refresh disk information: sleep interrupted
2019-09-05 19:08:19,474 [ForkJoinPool.commonPool-worker-1] INFO  utils.BackgroundService (BackgroundService.java:shutdown(148)) - Shutting down service BlockDeletingService
2019-09-05 19:08:19,479 [ForkJoinPool.commonPool-worker-1] INFO  statemachine.DatanodeStateMachine (DatanodeStateMachine.java:stopDaemon(395)) - Ozone container server stopped.
2019-09-05 19:08:19,485 [ForkJoinPool.commonPool-worker-1] INFO  handler.ContextHandler (ContextHandler.java:doStop(910)) - Stopped o.e.j.w.WebAppContext@7e747037{/,null,UNAVAILABLE}{/hddsDatanode}
2019-09-05 19:08:19,486 [ForkJoinPool.commonPool-worker-1] INFO  server.AbstractConnector (AbstractConnector.java:doStop(318)) - Stopped ServerConnector@4d0e1a9a{HTTP/1.1,[http/1.1]}{0.0.0.0:0}
2019-09-05 19:08:19,496 [ForkJoinPool.commonPool-worker-1] INFO  handler.ContextHandler (ContextHandler.java:doStop(910)) - Stopped o.e.j.s.ServletContextHandler@7ad889be{/static,jar:file:/home/user/.m2/repository/org/apache/hadoop/hadoop-hdds-container-service/0.5.0-SNAPSHOT/hadoop-hdds-container-service-0.5.0-SNAPSHOT.jar!/webapps/static,UNAVAILABLE}
2019-09-05 19:08:19,497 [ForkJoinPool.commonPool-worker-1] INFO  handler.ContextHandler (ContextHandler.java:doStop(910)) - Stopped o.e.j.s.ServletContextHandler@5b322873{/logs,file:///workdir/hadoop-ozone/integration-test/target/log,UNAVAILABLE}
2019-09-05 19:08:19,505 [StateMachineUpdater:e16ed8f0-c555-42a1-afe4-d66b9853b0f1:group-2418DB47C4D7] INFO  ratis.ContainerStateMachine (ContainerStateMachine.java:takeSnapshot(295)) - group-2418DB47C4D7: Finished taking a snapshot at:(t:1, i:14) file:/workdir/hadoop-ozone/integration-test/target/test-dir/MiniOzoneClusterImpl-26321163-d00f-4eeb-b505-787cf25e09ba/datanode-4/data/ratis/4c12367f-091d-4b02-8fa5-2418db47c4d7/sm/snapshot.1_14 time:53
2019-09-05 19:08:19,506 [StateMachineUpdater:e16ed8f0-c555-42a1-afe4-d66b9853b0f1:group-2418DB47C4D7] INFO  impl.StateMachineUpdater (StateMachineUpdater.java:takeSnapshot(242)) - StateMachineUpdater:e16ed8f0-c555-42a1-afe4-d66b9853b0f1:group-2418DB47C4D7: Took a snapshot at index 14
2019-09-05 19:08:19,506 [StateMachineUpdater:e16ed8f0-c555-42a1-afe4-d66b9853b0f1:group-2418DB47C4D7] INFO  impl.StateMachineUpdater (StateMachineUpdater.java:lambda$new$0(80)) - StateMachineUpdater:e16ed8f0-c555-42a1-afe4-d66b9853b0f1:group-2418DB47C4D7: snapshotIndex: updateIncreasingly -1 -> 14
2019-09-05 19:08:19,506 [main] INFO  impl.RaftServerImpl (ServerState.java:close(394)) - e16ed8f0-c555-42a1-afe4-d66b9853b0f1:group-2418DB47C4D7 closes. The last applied log index is 16
2019-09-05 19:08:19,507 [e16ed8f0-c555-42a1-afe4-d66b9853b0f1-SegmentedRaftLogWorker:Storage Directory /workdir/hadoop-ozone/integration-test/target/test-dir/MiniOzoneClusterImpl-26321163-d00f-4eeb-b505-787cf25e09ba/datanode-4/data/ratis/4c12367f-091d-4b02-8fa5-2418db47c4d7] INFO  segmented.SegmentedRaftLogWorker (SegmentedRaftLogWorker.java:run(313)) - e16ed8f0-c555-42a1-afe4-d66b9853b0f1-SegmentedRaftLogWorker:Storage Directory /workdir/hadoop-ozone/integration-test/target/test-dir/MiniOzoneClusterImpl-26321163-d00f-4eeb-b505-787cf25e09ba/datanode-4/data/ratis/4c12367f-091d-4b02-8fa5-2418db47c4d7 was interrupted, exiting. There are 0 tasks remaining in the queue.
2019-09-05 19:08:19,509 [main] INFO  segmented.SegmentedRaftLogWorker (SegmentedRaftLogWorker.java:close(228)) - e16ed8f0-c555-42a1-afe4-d66b9853b0f1-SegmentedRaftLogWorker:Storage Directory /workdir/hadoop-ozone/integration-test/target/test-dir/MiniOzoneClusterImpl-26321163-d00f-4eeb-b505-787cf25e09ba/datanode-4/data/ratis/4c12367f-091d-4b02-8fa5-2418db47c4d7 close()
2019-09-05 19:08:19,512 [main] INFO  server.GrpcService (GrpcService.java:closeImpl(155)) - e16ed8f0-c555-42a1-afe4-d66b9853b0f1: shutdown server with port 46666 now
2019-09-05 19:08:19,513 [grpc-default-executor-14] WARN  client.GrpcClientProtocolService (LogUtils.java:warn(134)) - 3-UnorderedRequestStreamObserver3: onError: org.apache.ratis.thirdparty.io.grpc.StatusRuntimeException: CANCELLED: cancelled before receiving half close
2019-09-05 19:08:19,514 [main] INFO  server.GrpcService (GrpcService.java:closeImpl(163)) - e16ed8f0-c555-42a1-afe4-d66b9853b0f1: shutdown server with port 46666 successfully
2019-09-05 19:08:19,515 [refreshUsed-/workdir/hadoop-ozone/integration-test/target/test-dir/MiniOzoneClusterImpl-26321163-d00f-4eeb-b505-787cf25e09ba/datanode-4/data/containers] WARN  fs.CachingGetSpaceUsed (CachingGetSpaceUsed.java:run(183)) - Thread Interrupted waiting to refresh disk information: sleep interrupted
2019-09-05 19:08:19,534 [main] INFO  utils.BackgroundService (BackgroundService.java:shutdown(148)) - Shutting down service BlockDeletingService
2019-09-05 19:08:19,539 [main] INFO  statemachine.DatanodeStateMachine (DatanodeStateMachine.java:stopDaemon(395)) - Ozone container server stopped.
2019-09-05 19:08:19,540 [main] INFO  handler.ContextHandler (ContextHandler.java:doStop(910)) - Stopped o.e.j.w.WebAppContext@559d19c{/,null,UNAVAILABLE}{/hddsDatanode}
2019-09-05 19:08:19,541 [main] INFO  server.AbstractConnector (AbstractConnector.java:doStop(318)) - Stopped ServerConnector@719c1faf{HTTP/1.1,[http/1.1]}{0.0.0.0:0}
2019-09-05 19:08:19,541 [main] INFO  handler.ContextHandler (ContextHandler.java:doStop(910)) - Stopped o.e.j.s.ServletContextHandler@36df4c26{/static,jar:file:/home/user/.m2/repository/org/apache/hadoop/hadoop-hdds-container-service/0.5.0-SNAPSHOT/hadoop-hdds-container-service-0.5.0-SNAPSHOT.jar!/webapps/static,UNAVAILABLE}
2019-09-05 19:08:19,541 [main] INFO  handler.ContextHandler (ContextHandler.java:doStop(910)) - Stopped o.e.j.s.ServletContextHandler@62058742{/logs,file:///workdir/hadoop-ozone/integration-test/target/log,UNAVAILABLE}
2019-09-05 19:08:19,639 [Datanode State Machine Thread - 0] INFO  statemachine.DatanodeStateMachine (DatanodeStateMachine.java:lambda$startDaemon$0(350)) - Ozone container server started.
2019-09-05 19:08:20,254 [Datanode State Machine Thread - 0] INFO  statemachine.DatanodeStateMachine (DatanodeStateMachine.java:lambda$startDaemon$0(350)) - Ozone container server started.
2019-09-05 19:08:23,656 [EventQueue-StaleNodeForStaleNodeHandler] INFO  node.StaleNodeHandler (StaleNodeHandler.java:onMessage(58)) - Datanode beda15f8-b83a-4823-85ee-8c904ee61c2b{ip: 192.168.36.80, host: pr-hdds-1982-decom-states-p4sss-1559755178, networkLocation: /default-rack, certSerialId: null} moved to stale state. Finalizing its pipelines [PipelineID=d6f87279-2709-486a-8288-5a41cd74b3aa, PipelineID=4c12367f-091d-4b02-8fa5-2418db47c4d7]
2019-09-05 19:08:23,656 [EventQueue-StaleNodeForStaleNodeHandler] INFO  pipeline.SCMPipelineManager (SCMPipelineManager.java:finalizeAndDestroyPipeline(311)) - destroying pipeline:Pipeline[ Id: d6f87279-2709-486a-8288-5a41cd74b3aa, Nodes: beda15f8-b83a-4823-85ee-8c904ee61c2b{ip: 192.168.36.80, host: pr-hdds-1982-decom-states-p4sss-1559755178, networkLocation: /default-rack, certSerialId: null}, Type:RATIS, Factor:ONE, State:OPEN]
2019-09-05 19:08:23,656 [EventQueue-StaleNodeForStaleNodeHandler] INFO  pipeline.PipelineStateManager (PipelineStateManager.java:finalizePipeline(123)) - Pipeline Pipeline[ Id: d6f87279-2709-486a-8288-5a41cd74b3aa, Nodes: beda15f8-b83a-4823-85ee-8c904ee61c2b{ip: 192.168.36.80, host: pr-hdds-1982-decom-states-p4sss-1559755178, networkLocation: /default-rack, certSerialId: null}, Type:RATIS, Factor:ONE, State:CLOSED] moved to CLOSED state
2019-09-05 19:08:23,657 [EventQueue-StaleNodeForStaleNodeHandler] INFO  pipeline.SCMPipelineManager (SCMPipelineManager.java:finalizeAndDestroyPipeline(311)) - destroying pipeline:Pipeline[ Id: 4c12367f-091d-4b02-8fa5-2418db47c4d7, Nodes: e16ed8f0-c555-42a1-afe4-d66b9853b0f1{ip: 192.168.36.80, host: pr-hdds-1982-decom-states-p4sss-1559755178, networkLocation: /default-rack, certSerialId: null}beda15f8-b83a-4823-85ee-8c904ee61c2b{ip: 192.168.36.80, host: pr-hdds-1982-decom-states-p4sss-1559755178, networkLocation: /default-rack, certSerialId: null}1e7d6414-e17c-471c-bf93-9961b4eef5cf{ip: 192.168.36.80, host: pr-hdds-1982-decom-states-p4sss-1559755178, networkLocation: /default-rack, certSerialId: null}, Type:RATIS, Factor:THREE, State:CLOSED]
2019-09-05 19:08:23,832 [Thread-4294] INFO  impl.FollowerState (FollowerState.java:run(106)) - 1e7d6414-e17c-471c-bf93-9961b4eef5cf:group-2418DB47C4D7 changes to CANDIDATE, lastRpcTime:6322, electionTimeout:5069ms
2019-09-05 19:08:23,832 [Thread-4294] INFO  impl.RoleInfo (RoleInfo.java:shutdownFollowerState(121)) - 1e7d6414-e17c-471c-bf93-9961b4eef5cf: shutdown FollowerState
2019-09-05 19:08:23,832 [Thread-4294] INFO  impl.RaftServerImpl (RaftServerImpl.java:setRole(171)) - 1e7d6414-e17c-471c-bf93-9961b4eef5cf:group-2418DB47C4D7 changes role from FOLLOWER to CANDIDATE at term 1 for changeToCandidate
2019-09-05 19:08:23,833 [Thread-4294] INFO  impl.RoleInfo (RoleInfo.java:updateAndGet(143)) - 1e7d6414-e17c-471c-bf93-9961b4eef5cf: start LeaderElection
2019-09-05 19:08:23,835 [1e7d6414-e17c-471c-bf93-9961b4eef5cf:group-2418DB47C4D7:LeaderElection98] INFO  impl.RaftServerImpl (ServerState.java:setLeader(263)) - 1e7d6414-e17c-471c-bf93-9961b4eef5cf:group-2418DB47C4D7 change Leader from e16ed8f0-c555-42a1-afe4-d66b9853b0f1 to null at term 1 for initElection
2019-09-05 19:08:23,890 [1e7d6414-e17c-471c-bf93-9961b4eef5cf:group-2418DB47C4D7:LeaderElection98] INFO  impl.LeaderElection (LeaderElection.java:askForVotes(181)) - 1e7d6414-e17c-471c-bf93-9961b4eef5cf:group-2418DB47C4D7:LeaderElection98: begin an election at term 2 for 0: [beda15f8-b83a-4823-85ee-8c904ee61c2b:192.168.36.80:46867, 1e7d6414-e17c-471c-bf93-9961b4eef5cf:192.168.36.80:32917, e16ed8f0-c555-42a1-afe4-d66b9853b0f1:192.168.36.80:46666], old=null
2019-09-05 19:08:23,892 [1e7d6414-e17c-471c-bf93-9961b4eef5cf:group-2418DB47C4D7:LeaderElection98] INFO  impl.LeaderElection (LogUtils.java:infoOrTrace(149)) - 1e7d6414-e17c-471c-bf93-9961b4eef5cf:group-2418DB47C4D7:LeaderElection98 got exception when requesting votes: {}
java.util.concurrent.ExecutionException: org.apache.ratis.thirdparty.io.grpc.StatusRuntimeException: UNAVAILABLE: io exception
	at java.util.concurrent.FutureTask.report(FutureTask.java:122)
	at java.util.concurrent.FutureTask.get(FutureTask.java:192)
	at org.apache.ratis.server.impl.LeaderElection.waitForResults(LeaderElection.java:262)
	at org.apache.ratis.server.impl.LeaderElection.askForVotes(LeaderElection.java:200)
	at org.apache.ratis.server.impl.LeaderElection.run(LeaderElection.java:130)
	at java.lang.Thread.run(Thread.java:748)
Caused by: org.apache.ratis.thirdparty.io.grpc.StatusRuntimeException: UNAVAILABLE: io exception
	at org.apache.ratis.thirdparty.io.grpc.stub.ClientCalls.toStatusRuntimeException(ClientCalls.java:233)
	at org.apache.ratis.thirdparty.io.grpc.stub.ClientCalls.getUnchecked(ClientCalls.java:214)
	at org.apache.ratis.thirdparty.io.grpc.stub.ClientCalls.blockingUnaryCall(ClientCalls.java:139)
	at org.apache.ratis.proto.grpc.RaftServerProtocolServiceGrpc$RaftServerProtocolServiceBlockingStub.requestVote(RaftServerProtocolServiceGrpc.java:265)
	at org.apache.ratis.grpc.server.GrpcServerProtocolClient.requestVote(GrpcServerProtocolClient.java:83)
	at org.apache.ratis.grpc.server.GrpcService.requestVote(GrpcService.java:195)
	at org.apache.ratis.server.impl.LeaderElection.lambda$submitRequests$1(LeaderElection.java:237)
	at java.util.concurrent.FutureTask.run(FutureTask.java:266)
	at java.util.concurrent.Executors$RunnableAdapter.call(Executors.java:511)
	at java.util.concurrent.FutureTask.run(FutureTask.java:266)
	at java.util.concurrent.ThreadPoolExecutor.runWorker(ThreadPoolExecutor.java:1149)
	at java.util.concurrent.ThreadPoolExecutor$Worker.run(ThreadPoolExecutor.java:624)
	... 1 more
Caused by: org.apache.ratis.thirdparty.io.netty.channel.AbstractChannel$AnnotatedConnectException: Connection refused: /192.168.36.80:46666
	at sun.nio.ch.SocketChannelImpl.checkConnect(Native Method)
	at sun.nio.ch.SocketChannelImpl.finishConnect(SocketChannelImpl.java:717)
	at org.apache.ratis.thirdparty.io.netty.channel.socket.nio.NioSocketChannel.doFinishConnect(NioSocketChannel.java:327)
	at org.apache.ratis.thirdparty.io.netty.channel.nio.AbstractNioChannel$AbstractNioUnsafe.finishConnect(AbstractNioChannel.java:340)
	at org.apache.ratis.thirdparty.io.netty.channel.nio.NioEventLoop.processSelectedKey(NioEventLoop.java:632)
	at org.apache.ratis.thirdparty.io.netty.channel.nio.NioEventLoop.processSelectedKeysOptimized(NioEventLoop.java:579)
	at org.apache.ratis.thirdparty.io.netty.channel.nio.NioEventLoop.processSelectedKeys(NioEventLoop.java:496)
	at org.apache.ratis.thirdparty.io.netty.channel.nio.NioEventLoop.run(NioEventLoop.java:458)
	at org.apache.ratis.thirdparty.io.netty.util.concurrent.SingleThreadEventExecutor$5.run(SingleThreadEventExecutor.java:897)
	at org.apache.ratis.thirdparty.io.netty.util.concurrent.FastThreadLocalRunnable.run(FastThreadLocalRunnable.java:30)
	... 1 more
Caused by: java.net.ConnectException: Connection refused
	... 11 more
2019-09-05 19:08:23,895 [grpc-default-executor-14] INFO  impl.RaftServerImpl (ServerState.java:setLeader(263)) - beda15f8-b83a-4823-85ee-8c904ee61c2b:group-2418DB47C4D7 change Leader from e16ed8f0-c555-42a1-afe4-d66b9853b0f1 to null at term 2 for updateCurrentTerm
2019-09-05 19:08:23,896 [grpc-default-executor-14] INFO  impl.RaftServerImpl (RaftServerImpl.java:setRole(171)) - beda15f8-b83a-4823-85ee-8c904ee61c2b:group-2418DB47C4D7 changes role from FOLLOWER to FOLLOWER at term 2 for recognizeCandidate:1e7d6414-e17c-471c-bf93-9961b4eef5cf
2019-09-05 19:08:23,896 [grpc-default-executor-14] INFO  impl.RoleInfo (RoleInfo.java:shutdownFollowerState(121)) - beda15f8-b83a-4823-85ee-8c904ee61c2b: shutdown FollowerState
2019-09-05 19:08:23,896 [Thread-4285] INFO  impl.FollowerState (FollowerState.java:run(114)) - beda15f8-b83a-4823-85ee-8c904ee61c2b: FollowerState was interrupted: java.lang.InterruptedException: sleep interrupted
2019-09-05 19:08:23,896 [grpc-default-executor-14] INFO  impl.RoleInfo (RoleInfo.java:updateAndGet(143)) - beda15f8-b83a-4823-85ee-8c904ee61c2b: start FollowerState
2019-09-05 19:08:24,012 [1e7d6414-e17c-471c-bf93-9961b4eef5cf:group-2418DB47C4D7:LeaderElection98] INFO  impl.LeaderElection (LeaderElection.java:logAndReturn(56)) - 1e7d6414-e17c-471c-bf93-9961b4eef5cf:group-2418DB47C4D7:LeaderElection98: Election PASSED; received 1 response(s) [1e7d6414-e17c-471c-bf93-9961b4eef5cf<-beda15f8-b83a-4823-85ee-8c904ee61c2b#0:OK-t2] and 1 exception(s); 1e7d6414-e17c-471c-bf93-9961b4eef5cf:t2, leader=null, voted=1e7d6414-e17c-471c-bf93-9961b4eef5cf, raftlog=1e7d6414-e17c-471c-bf93-9961b4eef5cf-SegmentedRaftLog:OPENED:c16,f16,i16, conf=0: [beda15f8-b83a-4823-85ee-8c904ee61c2b:192.168.36.80:46867, 1e7d6414-e17c-471c-bf93-9961b4eef5cf:192.168.36.80:32917, e16ed8f0-c555-42a1-afe4-d66b9853b0f1:192.168.36.80:46666], old=null
2019-09-05 19:08:24,012 [1e7d6414-e17c-471c-bf93-9961b4eef5cf:group-2418DB47C4D7:LeaderElection98] INFO  impl.LeaderElection (LogUtils.java:infoOrTrace(149)) -   Exception 0: {}
java.util.concurrent.ExecutionException: org.apache.ratis.thirdparty.io.grpc.StatusRuntimeException: UNAVAILABLE: io exception
	at java.util.concurrent.FutureTask.report(FutureTask.java:122)
	at java.util.concurrent.FutureTask.get(FutureTask.java:192)
	at org.apache.ratis.server.impl.LeaderElection.waitForResults(LeaderElection.java:262)
	at org.apache.ratis.server.impl.LeaderElection.askForVotes(LeaderElection.java:200)
	at org.apache.ratis.server.impl.LeaderElection.run(LeaderElection.java:130)
	at java.lang.Thread.run(Thread.java:748)
Caused by: org.apache.ratis.thirdparty.io.grpc.StatusRuntimeException: UNAVAILABLE: io exception
	at org.apache.ratis.thirdparty.io.grpc.stub.ClientCalls.toStatusRuntimeException(ClientCalls.java:233)
	at org.apache.ratis.thirdparty.io.grpc.stub.ClientCalls.getUnchecked(ClientCalls.java:214)
	at org.apache.ratis.thirdparty.io.grpc.stub.ClientCalls.blockingUnaryCall(ClientCalls.java:139)
	at org.apache.ratis.proto.grpc.RaftServerProtocolServiceGrpc$RaftServerProtocolServiceBlockingStub.requestVote(RaftServerProtocolServiceGrpc.java:265)
	at org.apache.ratis.grpc.server.GrpcServerProtocolClient.requestVote(GrpcServerProtocolClient.java:83)
	at org.apache.ratis.grpc.server.GrpcService.requestVote(GrpcService.java:195)
	at org.apache.ratis.server.impl.LeaderElection.lambda$submitRequests$1(LeaderElection.java:237)
	at java.util.concurrent.FutureTask.run(FutureTask.java:266)
	at java.util.concurrent.Executors$RunnableAdapter.call(Executors.java:511)
	at java.util.concurrent.FutureTask.run(FutureTask.java:266)
	at java.util.concurrent.ThreadPoolExecutor.runWorker(ThreadPoolExecutor.java:1149)
	at java.util.concurrent.ThreadPoolExecutor$Worker.run(ThreadPoolExecutor.java:624)
	... 1 more
Caused by: org.apache.ratis.thirdparty.io.netty.channel.AbstractChannel$AnnotatedConnectException: Connection refused: /192.168.36.80:46666
	at sun.nio.ch.SocketChannelImpl.checkConnect(Native Method)
	at sun.nio.ch.SocketChannelImpl.finishConnect(SocketChannelImpl.java:717)
	at org.apache.ratis.thirdparty.io.netty.channel.socket.nio.NioSocketChannel.doFinishConnect(NioSocketChannel.java:327)
	at org.apache.ratis.thirdparty.io.netty.channel.nio.AbstractNioChannel$AbstractNioUnsafe.finishConnect(AbstractNioChannel.java:340)
	at org.apache.ratis.thirdparty.io.netty.channel.nio.NioEventLoop.processSelectedKey(NioEventLoop.java:632)
	at org.apache.ratis.thirdparty.io.netty.channel.nio.NioEventLoop.processSelectedKeysOptimized(NioEventLoop.java:579)
	at org.apache.ratis.thirdparty.io.netty.channel.nio.NioEventLoop.processSelectedKeys(NioEventLoop.java:496)
	at org.apache.ratis.thirdparty.io.netty.channel.nio.NioEventLoop.run(NioEventLoop.java:458)
	at org.apache.ratis.thirdparty.io.netty.util.concurrent.SingleThreadEventExecutor$5.run(SingleThreadEventExecutor.java:897)
	at org.apache.ratis.thirdparty.io.netty.util.concurrent.FastThreadLocalRunnable.run(FastThreadLocalRunnable.java:30)
	... 1 more
Caused by: java.net.ConnectException: Connection refused
	... 11 more
2019-09-05 19:08:24,012 [1e7d6414-e17c-471c-bf93-9961b4eef5cf:group-2418DB47C4D7:LeaderElection98] INFO  impl.RoleInfo (RoleInfo.java:shutdownLeaderElection(134)) - 1e7d6414-e17c-471c-bf93-9961b4eef5cf: shutdown LeaderElection
2019-09-05 19:08:24,013 [1e7d6414-e17c-471c-bf93-9961b4eef5cf:group-2418DB47C4D7:LeaderElection98] INFO  impl.RaftServerImpl (RaftServerImpl.java:setRole(171)) - 1e7d6414-e17c-471c-bf93-9961b4eef5cf:group-2418DB47C4D7 changes role from CANDIDATE to LEADER at term 2 for changeToLeader
2019-09-05 19:08:24,013 [1e7d6414-e17c-471c-bf93-9961b4eef5cf:group-2418DB47C4D7:LeaderElection98] INFO  impl.RaftServerImpl (ServerState.java:setLeader(263)) - 1e7d6414-e17c-471c-bf93-9961b4eef5cf:group-2418DB47C4D7 change Leader from null to 1e7d6414-e17c-471c-bf93-9961b4eef5cf at term 2 for becomeLeader, leader elected after 177ms
2019-09-05 19:08:24,013 [1e7d6414-e17c-471c-bf93-9961b4eef5cf:group-2418DB47C4D7:LeaderElection98] INFO  server.RaftServerConfigKeys (ConfUtils.java:logGet(43)) - raft.server.staging.catchup.gap = 1000 (default)
2019-09-05 19:08:24,013 [1e7d6414-e17c-471c-bf93-9961b4eef5cf:group-2418DB47C4D7:LeaderElection98] INFO  server.RaftServerConfigKeys (ConfUtils.java:logGet(43)) - raft.server.rpc.sleep.time = 25ms (default)
2019-09-05 19:08:24,013 [1e7d6414-e17c-471c-bf93-9961b4eef5cf:group-2418DB47C4D7:LeaderElection98] INFO  server.RaftServerConfigKeys (ConfUtils.java:logGet(43)) - raft.server.write.element-limit = 4096 (default)
2019-09-05 19:08:24,013 [1e7d6414-e17c-471c-bf93-9961b4eef5cf:group-2418DB47C4D7:LeaderElection98] INFO  server.RaftServerConfigKeys (ConfUtils.java:logGet(43)) - raft.server.watch.timeout = 10s (default)
2019-09-05 19:08:24,013 [1e7d6414-e17c-471c-bf93-9961b4eef5cf:group-2418DB47C4D7:LeaderElection98] INFO  server.RaftServerConfigKeys (ConfUtils.java:logGet(43)) - raft.server.watch.timeout.denomination = 1s (default)
2019-09-05 19:08:24,013 [1e7d6414-e17c-471c-bf93-9961b4eef5cf:group-2418DB47C4D7:LeaderElection98] INFO  server.RaftServerConfigKeys (ConfUtils.java:logGet(43)) - raft.server.watch.element-limit = 65536 (default)
2019-09-05 19:08:24,014 [1e7d6414-e17c-471c-bf93-9961b4eef5cf:group-2418DB47C4D7:LeaderElection98] INFO  server.RaftServerConfigKeys (ConfUtils.java:logGet(43)) - raft.server.log.appender.snapshot.chunk.size.max = 16MB (=16777216) (default)
2019-09-05 19:08:24,014 [1e7d6414-e17c-471c-bf93-9961b4eef5cf:group-2418DB47C4D7:LeaderElection98] INFO  server.RaftServerConfigKeys (ConfUtils.java:logGet(43)) - raft.server.log.appender.buffer.byte-limit = 33554432 (custom)
2019-09-05 19:08:24,014 [1e7d6414-e17c-471c-bf93-9961b4eef5cf:group-2418DB47C4D7:LeaderElection98] INFO  server.RaftServerConfigKeys (ConfUtils.java:logGet(43)) - raft.server.log.appender.buffer.element-limit = 1 (custom)
2019-09-05 19:08:24,014 [1e7d6414-e17c-471c-bf93-9961b4eef5cf:group-2418DB47C4D7:LeaderElection98] INFO  grpc.GrpcConfigKeys$Server (ConfUtils.java:logGet(43)) - raft.grpc.server.leader.outstanding.appends.max = 128 (default)
2019-09-05 19:08:24,014 [1e7d6414-e17c-471c-bf93-9961b4eef5cf:group-2418DB47C4D7:LeaderElection98] INFO  server.RaftServerConfigKeys (ConfUtils.java:logGet(43)) - raft.server.rpc.request.timeout = 3000ms (default)
2019-09-05 19:08:24,014 [1e7d6414-e17c-471c-bf93-9961b4eef5cf:group-2418DB47C4D7:LeaderElection98] INFO  server.RaftServerConfigKeys (ConfUtils.java:logGet(43)) - raft.server.log.appender.install.snapshot.enabled = false (custom)
2019-09-05 19:08:24,014 [1e7d6414-e17c-471c-bf93-9961b4eef5cf:group-2418DB47C4D7:LeaderElection98] INFO  server.RaftServerConfigKeys (ConfUtils.java:logGet(43)) - raft.server.log.appender.snapshot.chunk.size.max = 16MB (=16777216) (default)
2019-09-05 19:08:24,015 [1e7d6414-e17c-471c-bf93-9961b4eef5cf:group-2418DB47C4D7:LeaderElection98] INFO  server.RaftServerConfigKeys (ConfUtils.java:logGet(43)) - raft.server.log.appender.buffer.byte-limit = 33554432 (custom)
2019-09-05 19:08:24,015 [1e7d6414-e17c-471c-bf93-9961b4eef5cf:group-2418DB47C4D7:LeaderElection98] INFO  server.RaftServerConfigKeys (ConfUtils.java:logGet(43)) - raft.server.log.appender.buffer.element-limit = 1 (custom)
2019-09-05 19:08:24,015 [1e7d6414-e17c-471c-bf93-9961b4eef5cf:group-2418DB47C4D7:LeaderElection98] INFO  grpc.GrpcConfigKeys$Server (ConfUtils.java:logGet(43)) - raft.grpc.server.leader.outstanding.appends.max = 128 (default)
2019-09-05 19:08:24,015 [1e7d6414-e17c-471c-bf93-9961b4eef5cf:group-2418DB47C4D7:LeaderElection98] INFO  server.RaftServerConfigKeys (ConfUtils.java:logGet(43)) - raft.server.rpc.request.timeout = 3000ms (default)
2019-09-05 19:08:24,015 [1e7d6414-e17c-471c-bf93-9961b4eef5cf:group-2418DB47C4D7:LeaderElection98] INFO  server.RaftServerConfigKeys (ConfUtils.java:logGet(43)) - raft.server.log.appender.install.snapshot.enabled = false (custom)
2019-09-05 19:08:24,015 [1e7d6414-e17c-471c-bf93-9961b4eef5cf:group-2418DB47C4D7:LeaderElection98] INFO  impl.RoleInfo (RoleInfo.java:updateAndGet(143)) - 1e7d6414-e17c-471c-bf93-9961b4eef5cf: start LeaderState
2019-09-05 19:08:24,016 [1e7d6414-e17c-471c-bf93-9961b4eef5cf:group-2418DB47C4D7:LeaderElection98] INFO  segmented.SegmentedRaftLogWorker (SegmentedRaftLogWorker.java:rollLogSegment(385)) - 1e7d6414-e17c-471c-bf93-9961b4eef5cf-SegmentedRaftLogWorker:Storage Directory /workdir/hadoop-ozone/integration-test/target/test-dir/MiniOzoneClusterImpl-26321163-d00f-4eeb-b505-787cf25e09ba/datanode-0/data/ratis/4c12367f-091d-4b02-8fa5-2418db47c4d7: Rolling segment log-0_16 to index:16
2019-09-05 19:08:24,017 [1e7d6414-e17c-471c-bf93-9961b4eef5cf:group-2418DB47C4D7:LeaderElection98] INFO  impl.RaftServerImpl (ServerState.java:setRaftConf(361)) - 1e7d6414-e17c-471c-bf93-9961b4eef5cf:group-2418DB47C4D7 set configuration 17: [beda15f8-b83a-4823-85ee-8c904ee61c2b:192.168.36.80:46867, 1e7d6414-e17c-471c-bf93-9961b4eef5cf:192.168.36.80:32917, e16ed8f0-c555-42a1-afe4-d66b9853b0f1:192.168.36.80:46666], old=null at 17
2019-09-05 19:08:24,018 [grpc-default-executor-14] WARN  server.GrpcLogAppender (LogUtils.java:warn(134)) - 1e7d6414-e17c-471c-bf93-9961b4eef5cf->e16ed8f0-c555-42a1-afe4-d66b9853b0f1: Failed appendEntries: org.apache.ratis.thirdparty.io.grpc.StatusRuntimeException: UNAVAILABLE: io exception
2019-09-05 19:08:24,018 [1e7d6414-e17c-471c-bf93-9961b4eef5cf-SegmentedRaftLogWorker:Storage Directory /workdir/hadoop-ozone/integration-test/target/test-dir/MiniOzoneClusterImpl-26321163-d00f-4eeb-b505-787cf25e09ba/datanode-0/data/ratis/4c12367f-091d-4b02-8fa5-2418db47c4d7] INFO  segmented.SegmentedRaftLogWorker (SegmentedRaftLogWorker.java:execute(526)) - 1e7d6414-e17c-471c-bf93-9961b4eef5cf-SegmentedRaftLogWorker:Storage Directory /workdir/hadoop-ozone/integration-test/target/test-dir/MiniOzoneClusterImpl-26321163-d00f-4eeb-b505-787cf25e09ba/datanode-0/data/ratis/4c12367f-091d-4b02-8fa5-2418db47c4d7: Rolled log segment from /workdir/hadoop-ozone/integration-test/target/test-dir/MiniOzoneClusterImpl-26321163-d00f-4eeb-b505-787cf25e09ba/datanode-0/data/ratis/4c12367f-091d-4b02-8fa5-2418db47c4d7/current/log_inprogress_0 to /workdir/hadoop-ozone/integration-test/target/test-dir/MiniOzoneClusterImpl-26321163-d00f-4eeb-b505-787cf25e09ba/datanode-0/data/ratis/4c12367f-091d-4b02-8fa5-2418db47c4d7/current/log_0-16
2019-09-05 19:08:24,019 [grpc-default-executor-14] INFO  impl.FollowerInfo (FollowerInfo.java:lambda$new$0(50)) - 1e7d6414-e17c-471c-bf93-9961b4eef5cf->e16ed8f0-c555-42a1-afe4-d66b9853b0f1: nextIndex: updateUnconditionally 17 -> 1
2019-09-05 19:08:24,019 [grpc-default-executor-16] INFO  impl.RaftServerImpl (ServerState.java:setLeader(263)) - beda15f8-b83a-4823-85ee-8c904ee61c2b:group-2418DB47C4D7 change Leader from null to 1e7d6414-e17c-471c-bf93-9961b4eef5cf at term 2 for appendEntries, leader elected after 123ms
2019-09-05 19:08:24,021 [grpc-default-executor-16] INFO  impl.RaftServerImpl (ServerState.java:setRaftConf(361)) - beda15f8-b83a-4823-85ee-8c904ee61c2b:group-2418DB47C4D7 set configuration 17: [beda15f8-b83a-4823-85ee-8c904ee61c2b:192.168.36.80:46867, 1e7d6414-e17c-471c-bf93-9961b4eef5cf:192.168.36.80:32917, e16ed8f0-c555-42a1-afe4-d66b9853b0f1:192.168.36.80:46666], old=null at 17
2019-09-05 19:08:24,021 [grpc-default-executor-16] INFO  segmented.SegmentedRaftLogWorker (SegmentedRaftLogWorker.java:rollLogSegment(385)) - beda15f8-b83a-4823-85ee-8c904ee61c2b-SegmentedRaftLogWorker:Storage Directory /workdir/hadoop-ozone/integration-test/target/test-dir/MiniOzoneClusterImpl-26321163-d00f-4eeb-b505-787cf25e09ba/datanode-2/data/ratis/4c12367f-091d-4b02-8fa5-2418db47c4d7: Rolling segment log-0_16 to index:16
2019-09-05 19:08:24,022 [beda15f8-b83a-4823-85ee-8c904ee61c2b-SegmentedRaftLogWorker:Storage Directory /workdir/hadoop-ozone/integration-test/target/test-dir/MiniOzoneClusterImpl-26321163-d00f-4eeb-b505-787cf25e09ba/datanode-2/data/ratis/4c12367f-091d-4b02-8fa5-2418db47c4d7] INFO  segmented.SegmentedRaftLogWorker (SegmentedRaftLogWorker.java:execute(526)) - beda15f8-b83a-4823-85ee-8c904ee61c2b-SegmentedRaftLogWorker:Storage Directory /workdir/hadoop-ozone/integration-test/target/test-dir/MiniOzoneClusterImpl-26321163-d00f-4eeb-b505-787cf25e09ba/datanode-2/data/ratis/4c12367f-091d-4b02-8fa5-2418db47c4d7: Rolled log segment from /workdir/hadoop-ozone/integration-test/target/test-dir/MiniOzoneClusterImpl-26321163-d00f-4eeb-b505-787cf25e09ba/datanode-2/data/ratis/4c12367f-091d-4b02-8fa5-2418db47c4d7/current/log_inprogress_0 to /workdir/hadoop-ozone/integration-test/target/test-dir/MiniOzoneClusterImpl-26321163-d00f-4eeb-b505-787cf25e09ba/datanode-2/data/ratis/4c12367f-091d-4b02-8fa5-2418db47c4d7/current/log_0-16
2019-09-05 19:08:24,089 [beda15f8-b83a-4823-85ee-8c904ee61c2b-SegmentedRaftLogWorker:Storage Directory /workdir/hadoop-ozone/integration-test/target/test-dir/MiniOzoneClusterImpl-26321163-d00f-4eeb-b505-787cf25e09ba/datanode-2/data/ratis/4c12367f-091d-4b02-8fa5-2418db47c4d7] INFO  segmented.SegmentedRaftLogWorker (SegmentedRaftLogWorker.java:execute(569)) - beda15f8-b83a-4823-85ee-8c904ee61c2b-SegmentedRaftLogWorker:Storage Directory /workdir/hadoop-ozone/integration-test/target/test-dir/MiniOzoneClusterImpl-26321163-d00f-4eeb-b505-787cf25e09ba/datanode-2/data/ratis/4c12367f-091d-4b02-8fa5-2418db47c4d7: created new log segment /workdir/hadoop-ozone/integration-test/target/test-dir/MiniOzoneClusterImpl-26321163-d00f-4eeb-b505-787cf25e09ba/datanode-2/data/ratis/4c12367f-091d-4b02-8fa5-2418db47c4d7/current/log_inprogress_17
2019-09-05 19:08:24,089 [1e7d6414-e17c-471c-bf93-9961b4eef5cf-SegmentedRaftLogWorker:Storage Directory /workdir/hadoop-ozone/integration-test/target/test-dir/MiniOzoneClusterImpl-26321163-d00f-4eeb-b505-787cf25e09ba/datanode-0/data/ratis/4c12367f-091d-4b02-8fa5-2418db47c4d7] INFO  segmented.SegmentedRaftLogWorker (SegmentedRaftLogWorker.java:execute(569)) - 1e7d6414-e17c-471c-bf93-9961b4eef5cf-SegmentedRaftLogWorker:Storage Directory /workdir/hadoop-ozone/integration-test/target/test-dir/MiniOzoneClusterImpl-26321163-d00f-4eeb-b505-787cf25e09ba/datanode-0/data/ratis/4c12367f-091d-4b02-8fa5-2418db47c4d7: created new log segment /workdir/hadoop-ozone/integration-test/target/test-dir/MiniOzoneClusterImpl-26321163-d00f-4eeb-b505-787cf25e09ba/datanode-0/data/ratis/4c12367f-091d-4b02-8fa5-2418db47c4d7/current/log_inprogress_17
2019-09-05 19:08:24,102 [grpc-default-executor-15] WARN  server.GrpcLogAppender (LogUtils.java:warn(134)) - 1e7d6414-e17c-471c-bf93-9961b4eef5cf->e16ed8f0-c555-42a1-afe4-d66b9853b0f1: Failed appendEntries: org.apache.ratis.thirdparty.io.grpc.StatusRuntimeException: UNAVAILABLE: io exception
2019-09-05 19:08:24,103 [grpc-default-executor-15] INFO  impl.FollowerInfo (FollowerInfo.java:lambda$new$0(50)) - 1e7d6414-e17c-471c-bf93-9961b4eef5cf->e16ed8f0-c555-42a1-afe4-d66b9853b0f1: nextIndex: updateUnconditionally 2 -> 1
2019-09-05 19:08:24,114 [grpc-default-executor-14] WARN  server.GrpcLogAppender (LogUtils.java:warn(134)) - 1e7d6414-e17c-471c-bf93-9961b4eef5cf->e16ed8f0-c555-42a1-afe4-d66b9853b0f1: Failed appendEntries: org.apache.ratis.thirdparty.io.grpc.StatusRuntimeException: UNAVAILABLE: io exception
2019-09-05 19:08:24,114 [grpc-default-executor-14] INFO  impl.FollowerInfo (FollowerInfo.java:lambda$new$0(50)) - 1e7d6414-e17c-471c-bf93-9961b4eef5cf->e16ed8f0-c555-42a1-afe4-d66b9853b0f1: nextIndex: updateUnconditionally 2 -> 1
2019-09-05 19:08:24,256 [EventQueue-StaleNodeForStaleNodeHandler] INFO  node.StaleNodeHandler (StaleNodeHandler.java:onMessage(58)) - Datanode c8d767ea-c04e-46f1-9df9-21a6292b5885{ip: 192.168.36.80, host: pr-hdds-1982-decom-states-p4sss-1559755178, networkLocation: /default-rack, certSerialId: null} moved to stale state. Finalizing its pipelines [PipelineID=2ff99e8d-5964-4301-a9e0-5e75083c8bd9, PipelineID=ac450984-41b2-4031-bf58-c652c80edb7a]
2019-09-05 19:08:24,257 [EventQueue-StaleNodeForStaleNodeHandler] INFO  pipeline.SCMPipelineManager (SCMPipelineManager.java:finalizeAndDestroyPipeline(311)) - destroying pipeline:Pipeline[ Id: 2ff99e8d-5964-4301-a9e0-5e75083c8bd9, Nodes: f543745a-0904-4953-8a38-fcef9bf68a3d{ip: 192.168.36.80, host: pr-hdds-1982-decom-states-p4sss-1559755178, networkLocation: /default-rack, certSerialId: null}c8d767ea-c04e-46f1-9df9-21a6292b5885{ip: 192.168.36.80, host: pr-hdds-1982-decom-states-p4sss-1559755178, networkLocation: /default-rack, certSerialId: null}a6f20ed7-6960-4d82-b055-3029b3e4a05b{ip: 192.168.36.80, host: pr-hdds-1982-decom-states-p4sss-1559755178, networkLocation: /default-rack, certSerialId: null}, Type:RATIS, Factor:THREE, State:OPEN]
2019-09-05 19:08:24,257 [EventQueue-StaleNodeForStaleNodeHandler] INFO  pipeline.PipelineStateManager (PipelineStateManager.java:finalizePipeline(123)) - Pipeline Pipeline[ Id: 2ff99e8d-5964-4301-a9e0-5e75083c8bd9, Nodes: f543745a-0904-4953-8a38-fcef9bf68a3d{ip: 192.168.36.80, host: pr-hdds-1982-decom-states-p4sss-1559755178, networkLocation: /default-rack, certSerialId: null}c8d767ea-c04e-46f1-9df9-21a6292b5885{ip: 192.168.36.80, host: pr-hdds-1982-decom-states-p4sss-1559755178, networkLocation: /default-rack, certSerialId: null}a6f20ed7-6960-4d82-b055-3029b3e4a05b{ip: 192.168.36.80, host: pr-hdds-1982-decom-states-p4sss-1559755178, networkLocation: /default-rack, certSerialId: null}, Type:RATIS, Factor:THREE, State:CLOSED] moved to CLOSED state
2019-09-05 19:08:24,257 [EventQueue-CloseContainerForCloseContainerEventHandler] INFO  container.CloseContainerEventHandler (CloseContainerEventHandler.java:onMessage(61)) - Close container Event triggered for container : #2
2019-09-05 19:08:24,257 [EventQueue-StaleNodeForStaleNodeHandler] INFO  pipeline.SCMPipelineManager (SCMPipelineManager.java:finalizeAndDestroyPipeline(311)) - destroying pipeline:Pipeline[ Id: ac450984-41b2-4031-bf58-c652c80edb7a, Nodes: c8d767ea-c04e-46f1-9df9-21a6292b5885{ip: 192.168.36.80, host: pr-hdds-1982-decom-states-p4sss-1559755178, networkLocation: /default-rack, certSerialId: null}, Type:RATIS, Factor:ONE, State:OPEN]
2019-09-05 19:08:24,258 [EventQueue-StaleNodeForStaleNodeHandler] INFO  pipeline.PipelineStateManager (PipelineStateManager.java:finalizePipeline(123)) - Pipeline Pipeline[ Id: ac450984-41b2-4031-bf58-c652c80edb7a, Nodes: c8d767ea-c04e-46f1-9df9-21a6292b5885{ip: 192.168.36.80, host: pr-hdds-1982-decom-states-p4sss-1559755178, networkLocation: /default-rack, certSerialId: null}, Type:RATIS, Factor:ONE, State:CLOSED] moved to CLOSED state
2019-09-05 19:08:24,499 [ForkJoinPool.commonPool-worker-1] INFO  ozoneimpl.OzoneContainer (OzoneContainer.java:stop(215)) - Attempting to stop container services.
2019-09-05 19:08:24,499 [ForkJoinPool.commonPool-worker-1] INFO  impl.RaftServerProxy (RaftServerProxy.java:lambda$close$4(314)) - beda15f8-b83a-4823-85ee-8c904ee61c2b: close
2019-09-05 19:08:24,500 [ForkJoinPool.commonPool-worker-1] INFO  impl.RaftServerImpl (RaftServerImpl.java:lambda$shutdown$3(245)) - beda15f8-b83a-4823-85ee-8c904ee61c2b: shutdown group-5A41CD74B3AA
2019-09-05 19:08:24,500 [ForkJoinPool.commonPool-worker-1] INFO  util.JmxRegister (JmxRegister.java:unregister(73)) - Successfully un-registered JMX Bean with object name Ratis:service=RaftServer,group=group-5A41CD74B3AA,id=beda15f8-b83a-4823-85ee-8c904ee61c2b
2019-09-05 19:08:24,500 [ForkJoinPool.commonPool-worker-1] INFO  impl.RoleInfo (RoleInfo.java:shutdownLeaderState(104)) - beda15f8-b83a-4823-85ee-8c904ee61c2b: shutdown LeaderState
2019-09-05 19:08:24,501 [ForkJoinPool.commonPool-worker-1] INFO  impl.PendingRequests (PendingRequests.java:sendNotLeaderResponses(202)) - beda15f8-b83a-4823-85ee-8c904ee61c2b-PendingRequests: sendNotLeaderResponses
2019-09-05 19:08:24,501 [ForkJoinPool.commonPool-worker-1] INFO  impl.StateMachineUpdater (StateMachineUpdater.java:stopAndJoin(115)) - StateMachineUpdater:beda15f8-b83a-4823-85ee-8c904ee61c2b:group-5A41CD74B3AA: set stopIndex = 0
2019-09-05 19:08:24,501 [ForkJoinPool.commonPool-worker-1] INFO  impl.RaftServerImpl (ServerState.java:close(394)) - beda15f8-b83a-4823-85ee-8c904ee61c2b:group-5A41CD74B3AA closes. The last applied log index is 0
2019-09-05 19:08:24,502 [beda15f8-b83a-4823-85ee-8c904ee61c2b-SegmentedRaftLogWorker:Storage Directory /workdir/hadoop-ozone/integration-test/target/test-dir/MiniOzoneClusterImpl-26321163-d00f-4eeb-b505-787cf25e09ba/datanode-2/data/ratis/d6f87279-2709-486a-8288-5a41cd74b3aa] INFO  segmented.SegmentedRaftLogWorker (SegmentedRaftLogWorker.java:run(313)) - beda15f8-b83a-4823-85ee-8c904ee61c2b-SegmentedRaftLogWorker:Storage Directory /workdir/hadoop-ozone/integration-test/target/test-dir/MiniOzoneClusterImpl-26321163-d00f-4eeb-b505-787cf25e09ba/datanode-2/data/ratis/d6f87279-2709-486a-8288-5a41cd74b3aa was interrupted, exiting. There are 0 tasks remaining in the queue.
2019-09-05 19:08:24,514 [ForkJoinPool.commonPool-worker-1] INFO  segmented.SegmentedRaftLogWorker (SegmentedRaftLogWorker.java:close(228)) - beda15f8-b83a-4823-85ee-8c904ee61c2b-SegmentedRaftLogWorker:Storage Directory /workdir/hadoop-ozone/integration-test/target/test-dir/MiniOzoneClusterImpl-26321163-d00f-4eeb-b505-787cf25e09ba/datanode-2/data/ratis/d6f87279-2709-486a-8288-5a41cd74b3aa close()
2019-09-05 19:08:24,518 [ForkJoinPool.commonPool-worker-1] INFO  impl.RaftServerImpl (RaftServerImpl.java:lambda$shutdown$3(245)) - beda15f8-b83a-4823-85ee-8c904ee61c2b: shutdown group-2418DB47C4D7
2019-09-05 19:08:24,518 [ForkJoinPool.commonPool-worker-1] INFO  util.JmxRegister (JmxRegister.java:unregister(73)) - Successfully un-registered JMX Bean with object name Ratis:service=RaftServer,group=group-2418DB47C4D7,id=beda15f8-b83a-4823-85ee-8c904ee61c2b
2019-09-05 19:08:24,518 [ForkJoinPool.commonPool-worker-1] INFO  impl.RoleInfo (RoleInfo.java:shutdownFollowerState(121)) - beda15f8-b83a-4823-85ee-8c904ee61c2b: shutdown FollowerState
2019-09-05 19:08:24,519 [ForkJoinPool.commonPool-worker-1] INFO  impl.StateMachineUpdater (StateMachineUpdater.java:stopAndJoin(115)) - StateMachineUpdater:beda15f8-b83a-4823-85ee-8c904ee61c2b:group-2418DB47C4D7: set stopIndex = 17
2019-09-05 19:08:24,519 [Thread-4427] INFO  impl.FollowerState (FollowerState.java:run(114)) - beda15f8-b83a-4823-85ee-8c904ee61c2b: FollowerState was interrupted: java.lang.InterruptedException: sleep interrupted
2019-09-05 19:08:24,519 [StateMachineUpdater:beda15f8-b83a-4823-85ee-8c904ee61c2b:group-2418DB47C4D7] INFO  ratis.ContainerStateMachine (ContainerStateMachine.java:takeSnapshot(284)) - group-2418DB47C4D7: Taking a snapshot at:(t:1, i:16) file /workdir/hadoop-ozone/integration-test/target/test-dir/MiniOzoneClusterImpl-26321163-d00f-4eeb-b505-787cf25e09ba/datanode-2/data/ratis/4c12367f-091d-4b02-8fa5-2418db47c4d7/sm/snapshot.1_16
2019-09-05 19:08:24,543 [main] INFO  ozoneimpl.OzoneContainer (OzoneContainer.java:stop(215)) - Attempting to stop container services.
2019-09-05 19:08:24,544 [main] INFO  impl.RaftServerProxy (RaftServerProxy.java:lambda$close$4(314)) - c8d767ea-c04e-46f1-9df9-21a6292b5885: close
2019-09-05 19:08:24,544 [main] INFO  impl.RaftServerImpl (RaftServerImpl.java:lambda$shutdown$3(245)) - c8d767ea-c04e-46f1-9df9-21a6292b5885: shutdown group-5E75083C8BD9
2019-09-05 19:08:24,544 [main] INFO  util.JmxRegister (JmxRegister.java:unregister(73)) - Successfully un-registered JMX Bean with object name Ratis:service=RaftServer,group=group-5E75083C8BD9,id=c8d767ea-c04e-46f1-9df9-21a6292b5885
2019-09-05 19:08:24,545 [main] INFO  impl.RoleInfo (RoleInfo.java:shutdownFollowerState(121)) - c8d767ea-c04e-46f1-9df9-21a6292b5885: shutdown FollowerState
2019-09-05 19:08:24,545 [main] INFO  impl.StateMachineUpdater (StateMachineUpdater.java:stopAndJoin(115)) - StateMachineUpdater:c8d767ea-c04e-46f1-9df9-21a6292b5885:group-5E75083C8BD9: set stopIndex = 4
2019-09-05 19:08:24,545 [StateMachineUpdater:c8d767ea-c04e-46f1-9df9-21a6292b5885:group-5E75083C8BD9] INFO  ratis.ContainerStateMachine (ContainerStateMachine.java:takeSnapshot(284)) - group-5E75083C8BD9: Taking a snapshot at:(t:2, i:3) file /workdir/hadoop-ozone/integration-test/target/test-dir/MiniOzoneClusterImpl-26321163-d00f-4eeb-b505-787cf25e09ba/datanode-3/data/ratis/2ff99e8d-5964-4301-a9e0-5e75083c8bd9/sm/snapshot.2_3
2019-09-05 19:08:24,545 [Thread-4383] INFO  impl.FollowerState (FollowerState.java:run(114)) - c8d767ea-c04e-46f1-9df9-21a6292b5885: FollowerState was interrupted: java.lang.InterruptedException: sleep interrupted
2019-09-05 19:08:24,667 [StateMachineUpdater:c8d767ea-c04e-46f1-9df9-21a6292b5885:group-5E75083C8BD9] INFO  ratis.ContainerStateMachine (ContainerStateMachine.java:takeSnapshot(295)) - group-5E75083C8BD9: Finished taking a snapshot at:(t:2, i:3) file:/workdir/hadoop-ozone/integration-test/target/test-dir/MiniOzoneClusterImpl-26321163-d00f-4eeb-b505-787cf25e09ba/datanode-3/data/ratis/2ff99e8d-5964-4301-a9e0-5e75083c8bd9/sm/snapshot.2_3 time:122
2019-09-05 19:08:24,667 [StateMachineUpdater:beda15f8-b83a-4823-85ee-8c904ee61c2b:group-2418DB47C4D7] INFO  ratis.ContainerStateMachine (ContainerStateMachine.java:takeSnapshot(295)) - group-2418DB47C4D7: Finished taking a snapshot at:(t:1, i:16) file:/workdir/hadoop-ozone/integration-test/target/test-dir/MiniOzoneClusterImpl-26321163-d00f-4eeb-b505-787cf25e09ba/datanode-2/data/ratis/4c12367f-091d-4b02-8fa5-2418db47c4d7/sm/snapshot.1_16 time:148
2019-09-05 19:08:24,667 [StateMachineUpdater:c8d767ea-c04e-46f1-9df9-21a6292b5885:group-5E75083C8BD9] INFO  impl.StateMachineUpdater (StateMachineUpdater.java:takeSnapshot(242)) - StateMachineUpdater:c8d767ea-c04e-46f1-9df9-21a6292b5885:group-5E75083C8BD9: Took a snapshot at index 3
2019-09-05 19:08:24,667 [StateMachineUpdater:beda15f8-b83a-4823-85ee-8c904ee61c2b:group-2418DB47C4D7] INFO  impl.StateMachineUpdater (StateMachineUpdater.java:takeSnapshot(242)) - StateMachineUpdater:beda15f8-b83a-4823-85ee-8c904ee61c2b:group-2418DB47C4D7: Took a snapshot at index 16
2019-09-05 19:08:24,667 [StateMachineUpdater:c8d767ea-c04e-46f1-9df9-21a6292b5885:group-5E75083C8BD9] INFO  impl.StateMachineUpdater (StateMachineUpdater.java:lambda$new$0(80)) - StateMachineUpdater:c8d767ea-c04e-46f1-9df9-21a6292b5885:group-5E75083C8BD9: snapshotIndex: updateIncreasingly -1 -> 3
2019-09-05 19:08:24,667 [StateMachineUpdater:beda15f8-b83a-4823-85ee-8c904ee61c2b:group-2418DB47C4D7] INFO  impl.StateMachineUpdater (StateMachineUpdater.java:lambda$new$0(80)) - StateMachineUpdater:beda15f8-b83a-4823-85ee-8c904ee61c2b:group-2418DB47C4D7: snapshotIndex: updateIncreasingly -1 -> 16
2019-09-05 19:08:24,667 [main] INFO  impl.RaftServerImpl (ServerState.java:close(394)) - c8d767ea-c04e-46f1-9df9-21a6292b5885:group-5E75083C8BD9 closes. The last applied log index is 4
2019-09-05 19:08:24,667 [ForkJoinPool.commonPool-worker-1] INFO  impl.RaftServerImpl (ServerState.java:close(394)) - beda15f8-b83a-4823-85ee-8c904ee61c2b:group-2418DB47C4D7 closes. The last applied log index is 17
2019-09-05 19:08:24,668 [c8d767ea-c04e-46f1-9df9-21a6292b5885-SegmentedRaftLogWorker:Storage Directory /workdir/hadoop-ozone/integration-test/target/test-dir/MiniOzoneClusterImpl-26321163-d00f-4eeb-b505-787cf25e09ba/datanode-3/data/ratis/2ff99e8d-5964-4301-a9e0-5e75083c8bd9] INFO  segmented.SegmentedRaftLogWorker (SegmentedRaftLogWorker.java:run(313)) - c8d767ea-c04e-46f1-9df9-21a6292b5885-SegmentedRaftLogWorker:Storage Directory /workdir/hadoop-ozone/integration-test/target/test-dir/MiniOzoneClusterImpl-26321163-d00f-4eeb-b505-787cf25e09ba/datanode-3/data/ratis/2ff99e8d-5964-4301-a9e0-5e75083c8bd9 was interrupted, exiting. There are 0 tasks remaining in the queue.
2019-09-05 19:08:24,669 [beda15f8-b83a-4823-85ee-8c904ee61c2b-SegmentedRaftLogWorker:Storage Directory /workdir/hadoop-ozone/integration-test/target/test-dir/MiniOzoneClusterImpl-26321163-d00f-4eeb-b505-787cf25e09ba/datanode-2/data/ratis/4c12367f-091d-4b02-8fa5-2418db47c4d7] INFO  segmented.SegmentedRaftLogWorker (SegmentedRaftLogWorker.java:run(313)) - beda15f8-b83a-4823-85ee-8c904ee61c2b-SegmentedRaftLogWorker:Storage Directory /workdir/hadoop-ozone/integration-test/target/test-dir/MiniOzoneClusterImpl-26321163-d00f-4eeb-b505-787cf25e09ba/datanode-2/data/ratis/4c12367f-091d-4b02-8fa5-2418db47c4d7 was interrupted, exiting. There are 0 tasks remaining in the queue.
2019-09-05 19:08:24,676 [main] INFO  segmented.SegmentedRaftLogWorker (SegmentedRaftLogWorker.java:close(228)) - c8d767ea-c04e-46f1-9df9-21a6292b5885-SegmentedRaftLogWorker:Storage Directory /workdir/hadoop-ozone/integration-test/target/test-dir/MiniOzoneClusterImpl-26321163-d00f-4eeb-b505-787cf25e09ba/datanode-3/data/ratis/2ff99e8d-5964-4301-a9e0-5e75083c8bd9 close()
2019-09-05 19:08:24,676 [ForkJoinPool.commonPool-worker-1] INFO  segmented.SegmentedRaftLogWorker (SegmentedRaftLogWorker.java:close(228)) - beda15f8-b83a-4823-85ee-8c904ee61c2b-SegmentedRaftLogWorker:Storage Directory /workdir/hadoop-ozone/integration-test/target/test-dir/MiniOzoneClusterImpl-26321163-d00f-4eeb-b505-787cf25e09ba/datanode-2/data/ratis/4c12367f-091d-4b02-8fa5-2418db47c4d7 close()
2019-09-05 19:08:24,680 [main] INFO  impl.RaftServerImpl (RaftServerImpl.java:lambda$shutdown$3(245)) - c8d767ea-c04e-46f1-9df9-21a6292b5885: shutdown group-C652C80EDB7A
2019-09-05 19:08:24,684 [ForkJoinPool.commonPool-worker-1] INFO  server.GrpcService (GrpcService.java:closeImpl(155)) - beda15f8-b83a-4823-85ee-8c904ee61c2b: shutdown server with port 46867 now
2019-09-05 19:08:24,684 [main] INFO  util.JmxRegister (JmxRegister.java:unregister(73)) - Successfully un-registered JMX Bean with object name Ratis:service=RaftServer,group=group-C652C80EDB7A,id=c8d767ea-c04e-46f1-9df9-21a6292b5885
2019-09-05 19:08:24,685 [main] INFO  impl.RoleInfo (RoleInfo.java:shutdownLeaderState(104)) - c8d767ea-c04e-46f1-9df9-21a6292b5885: shutdown LeaderState
2019-09-05 19:08:24,685 [grpc-default-executor-15] WARN  server.GrpcServerProtocolService (LogUtils.java:warn(134)) - beda15f8-b83a-4823-85ee-8c904ee61c2b: appendEntries onError: org.apache.ratis.thirdparty.io.grpc.StatusRuntimeException: CANCELLED: cancelled before receiving half close
2019-09-05 19:08:24,685 [ForkJoinPool.commonPool-worker-1] INFO  server.GrpcService (GrpcService.java:closeImpl(163)) - beda15f8-b83a-4823-85ee-8c904ee61c2b: shutdown server with port 46867 successfully
2019-09-05 19:08:24,685 [main] INFO  impl.PendingRequests (PendingRequests.java:sendNotLeaderResponses(202)) - c8d767ea-c04e-46f1-9df9-21a6292b5885-PendingRequests: sendNotLeaderResponses
2019-09-05 19:08:24,685 [grpc-default-executor-16] WARN  server.GrpcLogAppender (LogUtils.java:warn(134)) - 1e7d6414-e17c-471c-bf93-9961b4eef5cf->beda15f8-b83a-4823-85ee-8c904ee61c2b: Failed appendEntries: org.apache.ratis.thirdparty.io.grpc.StatusRuntimeException: CANCELLED: HTTP/2 error code: CANCEL
Received Rst Stream
2019-09-05 19:08:24,686 [main] INFO  impl.StateMachineUpdater (StateMachineUpdater.java:stopAndJoin(115)) - StateMachineUpdater:c8d767ea-c04e-46f1-9df9-21a6292b5885:group-C652C80EDB7A: set stopIndex = 0
2019-09-05 19:08:24,686 [grpc-default-executor-16] INFO  impl.FollowerInfo (FollowerInfo.java:lambda$new$0(50)) - 1e7d6414-e17c-471c-bf93-9961b4eef5cf->beda15f8-b83a-4823-85ee-8c904ee61c2b: nextIndex: updateUnconditionally 19 -> 18
2019-09-05 19:08:24,687 [main] INFO  impl.RaftServerImpl (ServerState.java:close(394)) - c8d767ea-c04e-46f1-9df9-21a6292b5885:group-C652C80EDB7A closes. The last applied log index is 0
2019-09-05 19:08:24,688 [c8d767ea-c04e-46f1-9df9-21a6292b5885-SegmentedRaftLogWorker:Storage Directory /workdir/hadoop-ozone/integration-test/target/test-dir/MiniOzoneClusterImpl-26321163-d00f-4eeb-b505-787cf25e09ba/datanode-3/data/ratis/ac450984-41b2-4031-bf58-c652c80edb7a] INFO  segmented.SegmentedRaftLogWorker (SegmentedRaftLogWorker.java:run(313)) - c8d767ea-c04e-46f1-9df9-21a6292b5885-SegmentedRaftLogWorker:Storage Directory /workdir/hadoop-ozone/integration-test/target/test-dir/MiniOzoneClusterImpl-26321163-d00f-4eeb-b505-787cf25e09ba/datanode-3/data/ratis/ac450984-41b2-4031-bf58-c652c80edb7a was interrupted, exiting. There are 0 tasks remaining in the queue.
2019-09-05 19:08:24,690 [main] INFO  segmented.SegmentedRaftLogWorker (SegmentedRaftLogWorker.java:close(228)) - c8d767ea-c04e-46f1-9df9-21a6292b5885-SegmentedRaftLogWorker:Storage Directory /workdir/hadoop-ozone/integration-test/target/test-dir/MiniOzoneClusterImpl-26321163-d00f-4eeb-b505-787cf25e09ba/datanode-3/data/ratis/ac450984-41b2-4031-bf58-c652c80edb7a close()
2019-09-05 19:08:24,693 [main] INFO  server.GrpcService (GrpcService.java:closeImpl(155)) - c8d767ea-c04e-46f1-9df9-21a6292b5885: shutdown server with port 36176 now
2019-09-05 19:08:24,694 [grpc-default-executor-15] WARN  server.GrpcServerProtocolService (LogUtils.java:warn(134)) - c8d767ea-c04e-46f1-9df9-21a6292b5885: appendEntries onError: org.apache.ratis.thirdparty.io.grpc.StatusRuntimeException: CANCELLED: cancelled before receiving half close
2019-09-05 19:08:24,694 [main] INFO  server.GrpcService (GrpcService.java:closeImpl(163)) - c8d767ea-c04e-46f1-9df9-21a6292b5885: shutdown server with port 36176 successfully
2019-09-05 19:08:24,694 [grpc-default-executor-16] WARN  server.GrpcLogAppender (LogUtils.java:warn(134)) - f543745a-0904-4953-8a38-fcef9bf68a3d->c8d767ea-c04e-46f1-9df9-21a6292b5885: Failed appendEntries: org.apache.ratis.thirdparty.io.grpc.StatusRuntimeException: CANCELLED: HTTP/2 error code: CANCEL
Received Rst Stream
2019-09-05 19:08:24,695 [grpc-default-executor-16] INFO  impl.FollowerInfo (FollowerInfo.java:lambda$new$0(50)) - f543745a-0904-4953-8a38-fcef9bf68a3d->c8d767ea-c04e-46f1-9df9-21a6292b5885: nextIndex: updateUnconditionally 5 -> 4
2019-09-05 19:08:24,697 [refreshUsed-/workdir/hadoop-ozone/integration-test/target/test-dir/MiniOzoneClusterImpl-26321163-d00f-4eeb-b505-787cf25e09ba/datanode-2/data/containers] WARN  fs.CachingGetSpaceUsed (CachingGetSpaceUsed.java:run(183)) - Thread Interrupted waiting to refresh disk information: sleep interrupted
2019-09-05 19:08:24,701 [refreshUsed-/workdir/hadoop-ozone/integration-test/target/test-dir/MiniOzoneClusterImpl-26321163-d00f-4eeb-b505-787cf25e09ba/datanode-3/data/containers] WARN  fs.CachingGetSpaceUsed (CachingGetSpaceUsed.java:run(183)) - Thread Interrupted waiting to refresh disk information: sleep interrupted
2019-09-05 19:08:24,710 [ForkJoinPool.commonPool-worker-1] INFO  utils.BackgroundService (BackgroundService.java:shutdown(148)) - Shutting down service BlockDeletingService
2019-09-05 19:08:24,715 [ForkJoinPool.commonPool-worker-1] INFO  statemachine.DatanodeStateMachine (DatanodeStateMachine.java:stopDaemon(395)) - Ozone container server stopped.
2019-09-05 19:08:24,718 [ForkJoinPool.commonPool-worker-1] INFO  handler.ContextHandler (ContextHandler.java:doStop(910)) - Stopped o.e.j.w.WebAppContext@43588265{/,null,UNAVAILABLE}{/hddsDatanode}
2019-09-05 19:08:24,719 [ForkJoinPool.commonPool-worker-1] INFO  server.AbstractConnector (AbstractConnector.java:doStop(318)) - Stopped ServerConnector@6f8667bb{HTTP/1.1,[http/1.1]}{0.0.0.0:0}
2019-09-05 19:08:24,720 [ForkJoinPool.commonPool-worker-1] INFO  handler.ContextHandler (ContextHandler.java:doStop(910)) - Stopped o.e.j.s.ServletContextHandler@3f3c8b60{/static,jar:file:/home/user/.m2/repository/org/apache/hadoop/hadoop-hdds-container-service/0.5.0-SNAPSHOT/hadoop-hdds-container-service-0.5.0-SNAPSHOT.jar!/webapps/static,UNAVAILABLE}
2019-09-05 19:08:24,720 [ForkJoinPool.commonPool-worker-1] INFO  handler.ContextHandler (ContextHandler.java:doStop(910)) - Stopped o.e.j.s.ServletContextHandler@743bb39a{/logs,file:///workdir/hadoop-ozone/integration-test/target/log,UNAVAILABLE}
2019-09-05 19:08:24,722 [main] INFO  utils.BackgroundService (BackgroundService.java:shutdown(148)) - Shutting down service BlockDeletingService
2019-09-05 19:08:24,726 [main] INFO  statemachine.DatanodeStateMachine (DatanodeStateMachine.java:stopDaemon(395)) - Ozone container server stopped.
2019-09-05 19:08:24,727 [main] INFO  handler.ContextHandler (ContextHandler.java:doStop(910)) - Stopped o.e.j.w.WebAppContext@2ba024cb{/,null,UNAVAILABLE}{/hddsDatanode}
2019-09-05 19:08:24,728 [main] INFO  server.AbstractConnector (AbstractConnector.java:doStop(318)) - Stopped ServerConnector@7af0d91b{HTTP/1.1,[http/1.1]}{0.0.0.0:0}
2019-09-05 19:08:24,729 [main] INFO  handler.ContextHandler (ContextHandler.java:doStop(910)) - Stopped o.e.j.s.ServletContextHandler@1f179f51{/static,jar:file:/home/user/.m2/repository/org/apache/hadoop/hadoop-hdds-container-service/0.5.0-SNAPSHOT/hadoop-hdds-container-service-0.5.0-SNAPSHOT.jar!/webapps/static,UNAVAILABLE}
2019-09-05 19:08:24,729 [main] INFO  handler.ContextHandler (ContextHandler.java:doStop(910)) - Stopped o.e.j.s.ServletContextHandler@5f61e002{/logs,file:///workdir/hadoop-ozone/integration-test/target/log,UNAVAILABLE}
2019-09-05 19:08:25,255 [Datanode State Machine Thread - 0] INFO  statemachine.DatanodeStateMachine (DatanodeStateMachine.java:lambda$startDaemon$0(350)) - Ozone container server started.
2019-09-05 19:08:25,660 [Datanode State Machine Thread - 0] INFO  statemachine.DatanodeStateMachine (DatanodeStateMachine.java:lambda$startDaemon$0(350)) - Ozone container server started.
2019-09-05 19:08:26,613 [grpc-default-executor-13] WARN  server.GrpcLogAppender (LogUtils.java:warn(134)) - 1e7d6414-e17c-471c-bf93-9961b4eef5cf->beda15f8-b83a-4823-85ee-8c904ee61c2b: Failed appendEntries: org.apache.ratis.thirdparty.io.grpc.StatusRuntimeException: UNAVAILABLE: io exception
2019-09-05 19:08:26,614 [grpc-default-executor-13] INFO  impl.FollowerInfo (FollowerInfo.java:lambda$new$0(50)) - 1e7d6414-e17c-471c-bf93-9961b4eef5cf->beda15f8-b83a-4823-85ee-8c904ee61c2b: nextIndex: updateUnconditionally 18 -> 17
2019-09-05 19:08:26,615 [grpc-default-executor-16] WARN  server.GrpcLogAppender (LogUtils.java:warn(134)) - 1e7d6414-e17c-471c-bf93-9961b4eef5cf->e16ed8f0-c555-42a1-afe4-d66b9853b0f1: Failed appendEntries: org.apache.ratis.thirdparty.io.grpc.StatusRuntimeException: UNAVAILABLE: io exception
2019-09-05 19:08:26,615 [grpc-default-executor-16] INFO  impl.FollowerInfo (FollowerInfo.java:lambda$new$0(50)) - 1e7d6414-e17c-471c-bf93-9961b4eef5cf->e16ed8f0-c555-42a1-afe4-d66b9853b0f1: nextIndex: updateUnconditionally 1 -> 0
2019-09-05 19:08:26,833 [grpc-default-executor-14] WARN  server.GrpcLogAppender (LogUtils.java:warn(134)) - f543745a-0904-4953-8a38-fcef9bf68a3d->c8d767ea-c04e-46f1-9df9-21a6292b5885: Failed appendEntries: org.apache.ratis.thirdparty.io.grpc.StatusRuntimeException: UNAVAILABLE: io exception
2019-09-05 19:08:26,833 [grpc-default-executor-14] INFO  impl.FollowerInfo (FollowerInfo.java:lambda$new$0(50)) - f543745a-0904-4953-8a38-fcef9bf68a3d->c8d767ea-c04e-46f1-9df9-21a6292b5885: nextIndex: updateUnconditionally 4 -> 3
2019-09-05 19:08:27,322 [grpc-default-executor-13] WARN  server.GrpcLogAppender (LogUtils.java:warn(134)) - f543745a-0904-4953-8a38-fcef9bf68a3d->c8d767ea-c04e-46f1-9df9-21a6292b5885: Failed appendEntries: org.apache.ratis.thirdparty.io.grpc.StatusRuntimeException: UNAVAILABLE: io exception
2019-09-05 19:08:27,323 [grpc-default-executor-13] INFO  impl.FollowerInfo (FollowerInfo.java:lambda$new$0(50)) - f543745a-0904-4953-8a38-fcef9bf68a3d->c8d767ea-c04e-46f1-9df9-21a6292b5885: nextIndex: updateUnconditionally 4 -> 3
2019-09-05 19:08:27,366 [grpc-default-executor-14] WARN  server.GrpcLogAppender (LogUtils.java:warn(134)) - f543745a-0904-4953-8a38-fcef9bf68a3d->c8d767ea-c04e-46f1-9df9-21a6292b5885: Failed appendEntries: org.apache.ratis.thirdparty.io.grpc.StatusRuntimeException: UNAVAILABLE: io exception
2019-09-05 19:08:27,366 [grpc-default-executor-14] INFO  impl.FollowerInfo (FollowerInfo.java:lambda$new$0(50)) - f543745a-0904-4953-8a38-fcef9bf68a3d->c8d767ea-c04e-46f1-9df9-21a6292b5885: nextIndex: updateUnconditionally 4 -> 3
2019-09-05 19:08:27,378 [RatisApplyTransactionExecutor 2] INFO  interfaces.Container (KeyValueContainer.java:flushAndSyncDB(382)) - Container 2 is synced with bcsId 3.
2019-09-05 19:08:27,378 [RatisApplyTransactionExecutor 2] INFO  interfaces.Container (KeyValueContainer.java:flushAndSyncDB(382)) - Container 2 is synced with bcsId 3.
2019-09-05 19:08:27,385 [grpc-default-executor-13] WARN  server.GrpcLogAppender (LogUtils.java:warn(134)) - f543745a-0904-4953-8a38-fcef9bf68a3d->c8d767ea-c04e-46f1-9df9-21a6292b5885: Failed appendEntries: org.apache.ratis.thirdparty.io.grpc.StatusRuntimeException: UNAVAILABLE: io exception
2019-09-05 19:08:27,385 [grpc-default-executor-13] INFO  impl.FollowerInfo (FollowerInfo.java:lambda$new$0(50)) - f543745a-0904-4953-8a38-fcef9bf68a3d->c8d767ea-c04e-46f1-9df9-21a6292b5885: nextIndex: updateUnconditionally 4 -> 3
2019-09-05 19:08:27,400 [EventQueue-IncrementalContainerReportForIncrementalContainerReportHandler] INFO  container.IncrementalContainerReportHandler (AbstractContainerReportHandler.java:updateContainerState(176)) - Moving container #2 to CLOSED state, datanode f543745a-0904-4953-8a38-fcef9bf68a3d{ip: 192.168.36.80, host: pr-hdds-1982-decom-states-p4sss-1559755178, networkLocation: /default-rack, certSerialId: null} reported CLOSED replica.
2019-09-05 19:08:27,454 [RatisApplyTransactionExecutor 2] INFO  interfaces.Container (KeyValueContainer.java:flushAndSyncDB(382)) - Container 2 is synced with bcsId 3.
2019-09-05 19:08:27,455 [RatisApplyTransactionExecutor 2] INFO  interfaces.Container (KeyValueContainer.java:flushAndSyncDB(382)) - Container 2 is synced with bcsId 3.
2019-09-05 19:08:29,114 [grpc-default-executor-15] WARN  server.GrpcLogAppender (LogUtils.java:warn(134)) - 1e7d6414-e17c-471c-bf93-9961b4eef5cf->beda15f8-b83a-4823-85ee-8c904ee61c2b: Failed appendEntries: org.apache.ratis.thirdparty.io.grpc.StatusRuntimeException: UNAVAILABLE: io exception
2019-09-05 19:08:29,114 [grpc-default-executor-15] INFO  impl.FollowerInfo (FollowerInfo.java:lambda$new$0(50)) - 1e7d6414-e17c-471c-bf93-9961b4eef5cf->beda15f8-b83a-4823-85ee-8c904ee61c2b: nextIndex: updateUnconditionally 17 -> 16
2019-09-05 19:08:29,114 [grpc-default-executor-16] WARN  server.GrpcLogAppender (LogUtils.java:warn(134)) - 1e7d6414-e17c-471c-bf93-9961b4eef5cf->e16ed8f0-c555-42a1-afe4-d66b9853b0f1: Failed appendEntries: org.apache.ratis.thirdparty.io.grpc.StatusRuntimeException: UNAVAILABLE: io exception
2019-09-05 19:08:29,115 [grpc-default-executor-16] INFO  impl.FollowerInfo (FollowerInfo.java:lambda$new$0(50)) - 1e7d6414-e17c-471c-bf93-9961b4eef5cf->e16ed8f0-c555-42a1-afe4-d66b9853b0f1: nextIndex: updateUnconditionally 0 -> 0
2019-09-05 19:08:29,262 [EventQueue-StaleNodeForStaleNodeHandler] INFO  node.StaleNodeHandler (StaleNodeHandler.java:onMessage(58)) - Datanode a6f20ed7-6960-4d82-b055-3029b3e4a05b{ip: 192.168.36.80, host: pr-hdds-1982-decom-states-p4sss-1559755178, networkLocation: /default-rack, certSerialId: null} moved to stale state. Finalizing its pipelines [PipelineID=2ff99e8d-5964-4301-a9e0-5e75083c8bd9, PipelineID=e9231d58-ec69-4b20-9b01-66e53d7059fa]
2019-09-05 19:08:29,263 [EventQueue-StaleNodeForStaleNodeHandler] INFO  pipeline.SCMPipelineManager (SCMPipelineManager.java:finalizeAndDestroyPipeline(311)) - destroying pipeline:Pipeline[ Id: 2ff99e8d-5964-4301-a9e0-5e75083c8bd9, Nodes: f543745a-0904-4953-8a38-fcef9bf68a3d{ip: 192.168.36.80, host: pr-hdds-1982-decom-states-p4sss-1559755178, networkLocation: /default-rack, certSerialId: null}c8d767ea-c04e-46f1-9df9-21a6292b5885{ip: 192.168.36.80, host: pr-hdds-1982-decom-states-p4sss-1559755178, networkLocation: /default-rack, certSerialId: null}a6f20ed7-6960-4d82-b055-3029b3e4a05b{ip: 192.168.36.80, host: pr-hdds-1982-decom-states-p4sss-1559755178, networkLocation: /default-rack, certSerialId: null}, Type:RATIS, Factor:THREE, State:CLOSED]
2019-09-05 19:08:29,263 [EventQueue-StaleNodeForStaleNodeHandler] INFO  pipeline.SCMPipelineManager (SCMPipelineManager.java:finalizeAndDestroyPipeline(311)) - destroying pipeline:Pipeline[ Id: e9231d58-ec69-4b20-9b01-66e53d7059fa, Nodes: a6f20ed7-6960-4d82-b055-3029b3e4a05b{ip: 192.168.36.80, host: pr-hdds-1982-decom-states-p4sss-1559755178, networkLocation: /default-rack, certSerialId: null}, Type:RATIS, Factor:ONE, State:OPEN]
2019-09-05 19:08:29,263 [EventQueue-StaleNodeForStaleNodeHandler] INFO  pipeline.PipelineStateManager (PipelineStateManager.java:finalizePipeline(123)) - Pipeline Pipeline[ Id: e9231d58-ec69-4b20-9b01-66e53d7059fa, Nodes: a6f20ed7-6960-4d82-b055-3029b3e4a05b{ip: 192.168.36.80, host: pr-hdds-1982-decom-states-p4sss-1559755178, networkLocation: /default-rack, certSerialId: null}, Type:RATIS, Factor:ONE, State:CLOSED] moved to CLOSED state
2019-09-05 19:08:29,663 [EventQueue-StaleNodeForStaleNodeHandler] INFO  node.StaleNodeHandler (StaleNodeHandler.java:onMessage(58)) - Datanode 1e7d6414-e17c-471c-bf93-9961b4eef5cf{ip: 192.168.36.80, host: pr-hdds-1982-decom-states-p4sss-1559755178, networkLocation: /default-rack, certSerialId: null} moved to stale state. Finalizing its pipelines [PipelineID=813418b3-97cd-40c5-930e-11a815cf6eec, PipelineID=4c12367f-091d-4b02-8fa5-2418db47c4d7]
2019-09-05 19:08:29,663 [EventQueue-StaleNodeForStaleNodeHandler] INFO  pipeline.SCMPipelineManager (SCMPipelineManager.java:finalizeAndDestroyPipeline(311)) - destroying pipeline:Pipeline[ Id: 813418b3-97cd-40c5-930e-11a815cf6eec, Nodes: 1e7d6414-e17c-471c-bf93-9961b4eef5cf{ip: 192.168.36.80, host: pr-hdds-1982-decom-states-p4sss-1559755178, networkLocation: /default-rack, certSerialId: null}, Type:RATIS, Factor:ONE, State:OPEN]
2019-09-05 19:08:29,663 [EventQueue-StaleNodeForStaleNodeHandler] INFO  pipeline.PipelineStateManager (PipelineStateManager.java:finalizePipeline(123)) - Pipeline Pipeline[ Id: 813418b3-97cd-40c5-930e-11a815cf6eec, Nodes: 1e7d6414-e17c-471c-bf93-9961b4eef5cf{ip: 192.168.36.80, host: pr-hdds-1982-decom-states-p4sss-1559755178, networkLocation: /default-rack, certSerialId: null}, Type:RATIS, Factor:ONE, State:CLOSED] moved to CLOSED state
2019-09-05 19:08:29,663 [EventQueue-StaleNodeForStaleNodeHandler] INFO  pipeline.SCMPipelineManager (SCMPipelineManager.java:finalizeAndDestroyPipeline(311)) - destroying pipeline:Pipeline[ Id: 4c12367f-091d-4b02-8fa5-2418db47c4d7, Nodes: e16ed8f0-c555-42a1-afe4-d66b9853b0f1{ip: 192.168.36.80, host: pr-hdds-1982-decom-states-p4sss-1559755178, networkLocation: /default-rack, certSerialId: null}beda15f8-b83a-4823-85ee-8c904ee61c2b{ip: 192.168.36.80, host: pr-hdds-1982-decom-states-p4sss-1559755178, networkLocation: /default-rack, certSerialId: null}1e7d6414-e17c-471c-bf93-9961b4eef5cf{ip: 192.168.36.80, host: pr-hdds-1982-decom-states-p4sss-1559755178, networkLocation: /default-rack, certSerialId: null}, Type:RATIS, Factor:THREE, State:CLOSED]
2019-09-05 19:08:29,722 [ForkJoinPool.commonPool-worker-1] INFO  ozoneimpl.OzoneContainer (OzoneContainer.java:stop(215)) - Attempting to stop container services.
2019-09-05 19:08:29,722 [ForkJoinPool.commonPool-worker-1] INFO  impl.RaftServerProxy (RaftServerProxy.java:lambda$close$4(314)) - 1e7d6414-e17c-471c-bf93-9961b4eef5cf: close
2019-09-05 19:08:29,722 [ForkJoinPool.commonPool-worker-1] INFO  impl.RaftServerImpl (RaftServerImpl.java:lambda$shutdown$3(245)) - 1e7d6414-e17c-471c-bf93-9961b4eef5cf: shutdown group-1C0D2ED72355
2019-09-05 19:08:29,723 [ForkJoinPool.commonPool-worker-1] INFO  util.JmxRegister (JmxRegister.java:unregister(73)) - Successfully un-registered JMX Bean with object name Ratis:service=RaftServer,group=group-1C0D2ED72355,id=1e7d6414-e17c-471c-bf93-9961b4eef5cf
2019-09-05 19:08:29,723 [ForkJoinPool.commonPool-worker-1] INFO  impl.RoleInfo (RoleInfo.java:shutdownLeaderState(104)) - 1e7d6414-e17c-471c-bf93-9961b4eef5cf: shutdown LeaderState
2019-09-05 19:08:29,723 [ForkJoinPool.commonPool-worker-1] INFO  impl.PendingRequests (PendingRequests.java:sendNotLeaderResponses(202)) - 1e7d6414-e17c-471c-bf93-9961b4eef5cf-PendingRequests: sendNotLeaderResponses
2019-09-05 19:08:29,724 [ForkJoinPool.commonPool-worker-1] INFO  impl.StateMachineUpdater (StateMachineUpdater.java:stopAndJoin(115)) - StateMachineUpdater:1e7d6414-e17c-471c-bf93-9961b4eef5cf:group-1C0D2ED72355: set stopIndex = 0
2019-09-05 19:08:29,724 [ForkJoinPool.commonPool-worker-1] INFO  impl.RaftServerImpl (ServerState.java:close(394)) - 1e7d6414-e17c-471c-bf93-9961b4eef5cf:group-1C0D2ED72355 closes. The last applied log index is 0
2019-09-05 19:08:29,724 [1e7d6414-e17c-471c-bf93-9961b4eef5cf-SegmentedRaftLogWorker:Storage Directory /workdir/hadoop-ozone/integration-test/target/test-dir/MiniOzoneClusterImpl-26321163-d00f-4eeb-b505-787cf25e09ba/datanode-0/data/ratis/c7ab9156-3fda-407b-aec2-1c0d2ed72355] INFO  segmented.SegmentedRaftLogWorker (SegmentedRaftLogWorker.java:run(313)) - 1e7d6414-e17c-471c-bf93-9961b4eef5cf-SegmentedRaftLogWorker:Storage Directory /workdir/hadoop-ozone/integration-test/target/test-dir/MiniOzoneClusterImpl-26321163-d00f-4eeb-b505-787cf25e09ba/datanode-0/data/ratis/c7ab9156-3fda-407b-aec2-1c0d2ed72355 was interrupted, exiting. There are 0 tasks remaining in the queue.
2019-09-05 19:08:29,727 [ForkJoinPool.commonPool-worker-1] INFO  segmented.SegmentedRaftLogWorker (SegmentedRaftLogWorker.java:close(228)) - 1e7d6414-e17c-471c-bf93-9961b4eef5cf-SegmentedRaftLogWorker:Storage Directory /workdir/hadoop-ozone/integration-test/target/test-dir/MiniOzoneClusterImpl-26321163-d00f-4eeb-b505-787cf25e09ba/datanode-0/data/ratis/c7ab9156-3fda-407b-aec2-1c0d2ed72355 close()
2019-09-05 19:08:29,730 [ForkJoinPool.commonPool-worker-1] INFO  impl.RaftServerImpl (RaftServerImpl.java:lambda$shutdown$3(245)) - 1e7d6414-e17c-471c-bf93-9961b4eef5cf: shutdown group-11A815CF6EEC
2019-09-05 19:08:29,730 [ForkJoinPool.commonPool-worker-1] INFO  util.JmxRegister (JmxRegister.java:unregister(73)) - Successfully un-registered JMX Bean with object name Ratis:service=RaftServer,group=group-11A815CF6EEC,id=1e7d6414-e17c-471c-bf93-9961b4eef5cf
2019-09-05 19:08:29,730 [ForkJoinPool.commonPool-worker-1] INFO  impl.RoleInfo (RoleInfo.java:shutdownLeaderState(104)) - 1e7d6414-e17c-471c-bf93-9961b4eef5cf: shutdown LeaderState
2019-09-05 19:08:29,731 [main] INFO  ozoneimpl.OzoneContainer (OzoneContainer.java:stop(215)) - Attempting to stop container services.
2019-09-05 19:08:29,731 [ForkJoinPool.commonPool-worker-1] INFO  impl.PendingRequests (PendingRequests.java:sendNotLeaderResponses(202)) - 1e7d6414-e17c-471c-bf93-9961b4eef5cf-PendingRequests: sendNotLeaderResponses
2019-09-05 19:08:29,731 [main] INFO  impl.RaftServerProxy (RaftServerProxy.java:lambda$close$4(314)) - a6f20ed7-6960-4d82-b055-3029b3e4a05b: close
2019-09-05 19:08:29,732 [ForkJoinPool.commonPool-worker-1] INFO  impl.StateMachineUpdater (StateMachineUpdater.java:stopAndJoin(115)) - StateMachineUpdater:1e7d6414-e17c-471c-bf93-9961b4eef5cf:group-11A815CF6EEC: set stopIndex = 0
2019-09-05 19:08:29,732 [main] INFO  impl.RaftServerImpl (RaftServerImpl.java:lambda$shutdown$3(245)) - a6f20ed7-6960-4d82-b055-3029b3e4a05b: shutdown group-5E75083C8BD9
2019-09-05 19:08:29,732 [ForkJoinPool.commonPool-worker-1] INFO  impl.RaftServerImpl (ServerState.java:close(394)) - 1e7d6414-e17c-471c-bf93-9961b4eef5cf:group-11A815CF6EEC closes. The last applied log index is 0
2019-09-05 19:08:29,733 [main] INFO  util.JmxRegister (JmxRegister.java:unregister(73)) - Successfully un-registered JMX Bean with object name Ratis:service=RaftServer,group=group-5E75083C8BD9,id=a6f20ed7-6960-4d82-b055-3029b3e4a05b
2019-09-05 19:08:29,733 [main] INFO  impl.RoleInfo (RoleInfo.java:shutdownFollowerState(121)) - a6f20ed7-6960-4d82-b055-3029b3e4a05b: shutdown FollowerState
2019-09-05 19:08:29,733 [1e7d6414-e17c-471c-bf93-9961b4eef5cf-SegmentedRaftLogWorker:Storage Directory /workdir/hadoop-ozone/integration-test/target/test-dir/MiniOzoneClusterImpl-26321163-d00f-4eeb-b505-787cf25e09ba/datanode-0/data/ratis/813418b3-97cd-40c5-930e-11a815cf6eec] INFO  segmented.SegmentedRaftLogWorker (SegmentedRaftLogWorker.java:run(313)) - 1e7d6414-e17c-471c-bf93-9961b4eef5cf-SegmentedRaftLogWorker:Storage Directory /workdir/hadoop-ozone/integration-test/target/test-dir/MiniOzoneClusterImpl-26321163-d00f-4eeb-b505-787cf25e09ba/datanode-0/data/ratis/813418b3-97cd-40c5-930e-11a815cf6eec was interrupted, exiting. There are 0 tasks remaining in the queue.
2019-09-05 19:08:29,734 [Thread-4382] INFO  impl.FollowerState (FollowerState.java:run(114)) - a6f20ed7-6960-4d82-b055-3029b3e4a05b: FollowerState was interrupted: java.lang.InterruptedException: sleep interrupted
2019-09-05 19:08:29,733 [main] INFO  impl.StateMachineUpdater (StateMachineUpdater.java:stopAndJoin(115)) - StateMachineUpdater:a6f20ed7-6960-4d82-b055-3029b3e4a05b:group-5E75083C8BD9: set stopIndex = 5
2019-09-05 19:08:29,735 [ForkJoinPool.commonPool-worker-1] INFO  segmented.SegmentedRaftLogWorker (SegmentedRaftLogWorker.java:close(228)) - 1e7d6414-e17c-471c-bf93-9961b4eef5cf-SegmentedRaftLogWorker:Storage Directory /workdir/hadoop-ozone/integration-test/target/test-dir/MiniOzoneClusterImpl-26321163-d00f-4eeb-b505-787cf25e09ba/datanode-0/data/ratis/813418b3-97cd-40c5-930e-11a815cf6eec close()
2019-09-05 19:08:29,734 [StateMachineUpdater:a6f20ed7-6960-4d82-b055-3029b3e4a05b:group-5E75083C8BD9] INFO  ratis.ContainerStateMachine (ContainerStateMachine.java:takeSnapshot(284)) - group-5E75083C8BD9: Taking a snapshot at:(t:2, i:5) file /workdir/hadoop-ozone/integration-test/target/test-dir/MiniOzoneClusterImpl-26321163-d00f-4eeb-b505-787cf25e09ba/datanode-6/data/ratis/2ff99e8d-5964-4301-a9e0-5e75083c8bd9/sm/snapshot.2_5
2019-09-05 19:08:29,740 [ForkJoinPool.commonPool-worker-1] INFO  impl.RaftServerImpl (RaftServerImpl.java:lambda$shutdown$3(245)) - 1e7d6414-e17c-471c-bf93-9961b4eef5cf: shutdown group-2418DB47C4D7
2019-09-05 19:08:29,740 [ForkJoinPool.commonPool-worker-1] INFO  util.JmxRegister (JmxRegister.java:unregister(73)) - Successfully un-registered JMX Bean with object name Ratis:service=RaftServer,group=group-2418DB47C4D7,id=1e7d6414-e17c-471c-bf93-9961b4eef5cf
2019-09-05 19:08:29,741 [ForkJoinPool.commonPool-worker-1] INFO  impl.RoleInfo (RoleInfo.java:shutdownLeaderState(104)) - 1e7d6414-e17c-471c-bf93-9961b4eef5cf: shutdown LeaderState
2019-09-05 19:08:29,742 [org.apache.ratis.server.impl.LogAppender$AppenderDaemon$$Lambda$495/1795126199@80d526d] WARN  server.GrpcLogAppender (GrpcLogAppender.java:mayWait(143)) - GrpcLogAppender(1e7d6414-e17c-471c-bf93-9961b4eef5cf->beda15f8-b83a-4823-85ee-8c904ee61c2b): Wait interrupted by java.lang.InterruptedException
2019-09-05 19:08:29,744 [ForkJoinPool.commonPool-worker-1] INFO  impl.PendingRequests (PendingRequests.java:sendNotLeaderResponses(202)) - 1e7d6414-e17c-471c-bf93-9961b4eef5cf-PendingRequests: sendNotLeaderResponses
2019-09-05 19:08:29,744 [org.apache.ratis.server.impl.LogAppender$AppenderDaemon$$Lambda$495/1795126199@41487732] WARN  server.GrpcLogAppender (GrpcLogAppender.java:mayWait(143)) - GrpcLogAppender(1e7d6414-e17c-471c-bf93-9961b4eef5cf->e16ed8f0-c555-42a1-afe4-d66b9853b0f1): Wait interrupted by java.lang.InterruptedException
2019-09-05 19:08:29,744 [ForkJoinPool.commonPool-worker-1] INFO  impl.StateMachineUpdater (StateMachineUpdater.java:stopAndJoin(115)) - StateMachineUpdater:1e7d6414-e17c-471c-bf93-9961b4eef5cf:group-2418DB47C4D7: set stopIndex = 18
2019-09-05 19:08:29,745 [StateMachineUpdater:1e7d6414-e17c-471c-bf93-9961b4eef5cf:group-2418DB47C4D7] INFO  ratis.ContainerStateMachine (ContainerStateMachine.java:takeSnapshot(284)) - group-2418DB47C4D7: Taking a snapshot at:(t:1, i:16) file /workdir/hadoop-ozone/integration-test/target/test-dir/MiniOzoneClusterImpl-26321163-d00f-4eeb-b505-787cf25e09ba/datanode-0/data/ratis/4c12367f-091d-4b02-8fa5-2418db47c4d7/sm/snapshot.1_16
2019-09-05 19:08:29,772 [StateMachineUpdater:a6f20ed7-6960-4d82-b055-3029b3e4a05b:group-5E75083C8BD9] INFO  ratis.ContainerStateMachine (ContainerStateMachine.java:takeSnapshot(295)) - group-5E75083C8BD9: Finished taking a snapshot at:(t:2, i:5) file:/workdir/hadoop-ozone/integration-test/target/test-dir/MiniOzoneClusterImpl-26321163-d00f-4eeb-b505-787cf25e09ba/datanode-6/data/ratis/2ff99e8d-5964-4301-a9e0-5e75083c8bd9/sm/snapshot.2_5 time:38
2019-09-05 19:08:29,772 [StateMachineUpdater:a6f20ed7-6960-4d82-b055-3029b3e4a05b:group-5E75083C8BD9] INFO  impl.StateMachineUpdater (StateMachineUpdater.java:takeSnapshot(242)) - StateMachineUpdater:a6f20ed7-6960-4d82-b055-3029b3e4a05b:group-5E75083C8BD9: Took a snapshot at index 5
2019-09-05 19:08:29,772 [StateMachineUpdater:a6f20ed7-6960-4d82-b055-3029b3e4a05b:group-5E75083C8BD9] INFO  impl.StateMachineUpdater (StateMachineUpdater.java:lambda$new$0(80)) - StateMachineUpdater:a6f20ed7-6960-4d82-b055-3029b3e4a05b:group-5E75083C8BD9: snapshotIndex: updateIncreasingly -1 -> 5
2019-09-05 19:08:29,773 [main] INFO  impl.RaftServerImpl (ServerState.java:close(394)) - a6f20ed7-6960-4d82-b055-3029b3e4a05b:group-5E75083C8BD9 closes. The last applied log index is 5
2019-09-05 19:08:29,773 [a6f20ed7-6960-4d82-b055-3029b3e4a05b-SegmentedRaftLogWorker:Storage Directory /workdir/hadoop-ozone/integration-test/target/test-dir/MiniOzoneClusterImpl-26321163-d00f-4eeb-b505-787cf25e09ba/datanode-6/data/ratis/2ff99e8d-5964-4301-a9e0-5e75083c8bd9] INFO  segmented.SegmentedRaftLogWorker (SegmentedRaftLogWorker.java:run(313)) - a6f20ed7-6960-4d82-b055-3029b3e4a05b-SegmentedRaftLogWorker:Storage Directory /workdir/hadoop-ozone/integration-test/target/test-dir/MiniOzoneClusterImpl-26321163-d00f-4eeb-b505-787cf25e09ba/datanode-6/data/ratis/2ff99e8d-5964-4301-a9e0-5e75083c8bd9 was interrupted, exiting. There are 0 tasks remaining in the queue.
2019-09-05 19:08:29,775 [StateMachineUpdater:1e7d6414-e17c-471c-bf93-9961b4eef5cf:group-2418DB47C4D7] INFO  ratis.ContainerStateMachine (ContainerStateMachine.java:takeSnapshot(295)) - group-2418DB47C4D7: Finished taking a snapshot at:(t:1, i:16) file:/workdir/hadoop-ozone/integration-test/target/test-dir/MiniOzoneClusterImpl-26321163-d00f-4eeb-b505-787cf25e09ba/datanode-0/data/ratis/4c12367f-091d-4b02-8fa5-2418db47c4d7/sm/snapshot.1_16 time:30
2019-09-05 19:08:29,775 [main] INFO  segmented.SegmentedRaftLogWorker (SegmentedRaftLogWorker.java:close(228)) - a6f20ed7-6960-4d82-b055-3029b3e4a05b-SegmentedRaftLogWorker:Storage Directory /workdir/hadoop-ozone/integration-test/target/test-dir/MiniOzoneClusterImpl-26321163-d00f-4eeb-b505-787cf25e09ba/datanode-6/data/ratis/2ff99e8d-5964-4301-a9e0-5e75083c8bd9 close()
2019-09-05 19:08:29,775 [StateMachineUpdater:1e7d6414-e17c-471c-bf93-9961b4eef5cf:group-2418DB47C4D7] INFO  impl.StateMachineUpdater (StateMachineUpdater.java:takeSnapshot(242)) - StateMachineUpdater:1e7d6414-e17c-471c-bf93-9961b4eef5cf:group-2418DB47C4D7: Took a snapshot at index 16
2019-09-05 19:08:29,785 [main] INFO  impl.RaftServerImpl (RaftServerImpl.java:lambda$shutdown$3(245)) - a6f20ed7-6960-4d82-b055-3029b3e4a05b: shutdown group-66E53D7059FA
2019-09-05 19:08:29,785 [StateMachineUpdater:1e7d6414-e17c-471c-bf93-9961b4eef5cf:group-2418DB47C4D7] INFO  impl.StateMachineUpdater (StateMachineUpdater.java:lambda$new$0(80)) - StateMachineUpdater:1e7d6414-e17c-471c-bf93-9961b4eef5cf:group-2418DB47C4D7: snapshotIndex: updateIncreasingly -1 -> 16
2019-09-05 19:08:29,786 [main] INFO  util.JmxRegister (JmxRegister.java:unregister(73)) - Successfully un-registered JMX Bean with object name Ratis:service=RaftServer,group=group-66E53D7059FA,id=a6f20ed7-6960-4d82-b055-3029b3e4a05b
2019-09-05 19:08:29,786 [main] INFO  impl.RoleInfo (RoleInfo.java:shutdownLeaderState(104)) - a6f20ed7-6960-4d82-b055-3029b3e4a05b: shutdown LeaderState
2019-09-05 19:08:29,786 [ForkJoinPool.commonPool-worker-1] INFO  impl.RaftServerImpl (ServerState.java:close(394)) - 1e7d6414-e17c-471c-bf93-9961b4eef5cf:group-2418DB47C4D7 closes. The last applied log index is 18
2019-09-05 19:08:29,787 [main] INFO  impl.PendingRequests (PendingRequests.java:sendNotLeaderResponses(202)) - a6f20ed7-6960-4d82-b055-3029b3e4a05b-PendingRequests: sendNotLeaderResponses
2019-09-05 19:08:29,787 [1e7d6414-e17c-471c-bf93-9961b4eef5cf-SegmentedRaftLogWorker:Storage Directory /workdir/hadoop-ozone/integration-test/target/test-dir/MiniOzoneClusterImpl-26321163-d00f-4eeb-b505-787cf25e09ba/datanode-0/data/ratis/4c12367f-091d-4b02-8fa5-2418db47c4d7] INFO  segmented.SegmentedRaftLogWorker (SegmentedRaftLogWorker.java:run(313)) - 1e7d6414-e17c-471c-bf93-9961b4eef5cf-SegmentedRaftLogWorker:Storage Directory /workdir/hadoop-ozone/integration-test/target/test-dir/MiniOzoneClusterImpl-26321163-d00f-4eeb-b505-787cf25e09ba/datanode-0/data/ratis/4c12367f-091d-4b02-8fa5-2418db47c4d7 was interrupted, exiting. There are 0 tasks remaining in the queue.
2019-09-05 19:08:29,788 [main] INFO  impl.StateMachineUpdater (StateMachineUpdater.java:stopAndJoin(115)) - StateMachineUpdater:a6f20ed7-6960-4d82-b055-3029b3e4a05b:group-66E53D7059FA: set stopIndex = 0
2019-09-05 19:08:29,788 [ForkJoinPool.commonPool-worker-1] INFO  segmented.SegmentedRaftLogWorker (SegmentedRaftLogWorker.java:close(228)) - 1e7d6414-e17c-471c-bf93-9961b4eef5cf-SegmentedRaftLogWorker:Storage Directory /workdir/hadoop-ozone/integration-test/target/test-dir/MiniOzoneClusterImpl-26321163-d00f-4eeb-b505-787cf25e09ba/datanode-0/data/ratis/4c12367f-091d-4b02-8fa5-2418db47c4d7 close()
2019-09-05 19:08:29,788 [main] INFO  impl.RaftServerImpl (ServerState.java:close(394)) - a6f20ed7-6960-4d82-b055-3029b3e4a05b:group-66E53D7059FA closes. The last applied log index is 0
2019-09-05 19:08:29,790 [ForkJoinPool.commonPool-worker-1] INFO  server.GrpcService (GrpcService.java:closeImpl(155)) - 1e7d6414-e17c-471c-bf93-9961b4eef5cf: shutdown server with port 32917 now
2019-09-05 19:08:29,790 [a6f20ed7-6960-4d82-b055-3029b3e4a05b-SegmentedRaftLogWorker:Storage Directory /workdir/hadoop-ozone/integration-test/target/test-dir/MiniOzoneClusterImpl-26321163-d00f-4eeb-b505-787cf25e09ba/datanode-6/data/ratis/e9231d58-ec69-4b20-9b01-66e53d7059fa] INFO  segmented.SegmentedRaftLogWorker (SegmentedRaftLogWorker.java:run(313)) - a6f20ed7-6960-4d82-b055-3029b3e4a05b-SegmentedRaftLogWorker:Storage Directory /workdir/hadoop-ozone/integration-test/target/test-dir/MiniOzoneClusterImpl-26321163-d00f-4eeb-b505-787cf25e09ba/datanode-6/data/ratis/e9231d58-ec69-4b20-9b01-66e53d7059fa was interrupted, exiting. There are 0 tasks remaining in the queue.
2019-09-05 19:08:29,791 [ForkJoinPool.commonPool-worker-1] INFO  server.GrpcService (GrpcService.java:closeImpl(163)) - 1e7d6414-e17c-471c-bf93-9961b4eef5cf: shutdown server with port 32917 successfully
2019-09-05 19:08:29,791 [main] INFO  segmented.SegmentedRaftLogWorker (SegmentedRaftLogWorker.java:close(228)) - a6f20ed7-6960-4d82-b055-3029b3e4a05b-SegmentedRaftLogWorker:Storage Directory /workdir/hadoop-ozone/integration-test/target/test-dir/MiniOzoneClusterImpl-26321163-d00f-4eeb-b505-787cf25e09ba/datanode-6/data/ratis/e9231d58-ec69-4b20-9b01-66e53d7059fa close()
2019-09-05 19:08:29,793 [main] INFO  server.GrpcService (GrpcService.java:closeImpl(155)) - a6f20ed7-6960-4d82-b055-3029b3e4a05b: shutdown server with port 46205 now
2019-09-05 19:08:29,794 [refreshUsed-/workdir/hadoop-ozone/integration-test/target/test-dir/MiniOzoneClusterImpl-26321163-d00f-4eeb-b505-787cf25e09ba/datanode-0/data/containers] WARN  fs.CachingGetSpaceUsed (CachingGetSpaceUsed.java:run(183)) - Thread Interrupted waiting to refresh disk information: sleep interrupted
2019-09-05 19:08:29,794 [grpc-default-executor-15] WARN  server.GrpcServerProtocolService (LogUtils.java:warn(134)) - a6f20ed7-6960-4d82-b055-3029b3e4a05b: appendEntries onError: org.apache.ratis.thirdparty.io.grpc.StatusRuntimeException: CANCELLED: cancelled before receiving half close
2019-09-05 19:08:29,794 [main] INFO  server.GrpcService (GrpcService.java:closeImpl(163)) - a6f20ed7-6960-4d82-b055-3029b3e4a05b: shutdown server with port 46205 successfully
2019-09-05 19:08:29,795 [grpc-default-executor-15] WARN  server.GrpcLogAppender (LogUtils.java:warn(134)) - f543745a-0904-4953-8a38-fcef9bf68a3d->a6f20ed7-6960-4d82-b055-3029b3e4a05b: Failed appendEntries: org.apache.ratis.thirdparty.io.grpc.StatusRuntimeException: CANCELLED: HTTP/2 error code: CANCEL
Received Rst Stream
2019-09-05 19:08:29,796 [grpc-default-executor-15] INFO  impl.FollowerInfo (FollowerInfo.java:lambda$new$0(50)) - f543745a-0904-4953-8a38-fcef9bf68a3d->a6f20ed7-6960-4d82-b055-3029b3e4a05b: nextIndex: updateUnconditionally 7 -> 6
2019-09-05 19:08:29,804 [refreshUsed-/workdir/hadoop-ozone/integration-test/target/test-dir/MiniOzoneClusterImpl-26321163-d00f-4eeb-b505-787cf25e09ba/datanode-6/data/containers] WARN  fs.CachingGetSpaceUsed (CachingGetSpaceUsed.java:run(183)) - Thread Interrupted waiting to refresh disk information: sleep interrupted
2019-09-05 19:08:29,816 [ForkJoinPool.commonPool-worker-1] INFO  utils.BackgroundService (BackgroundService.java:shutdown(148)) - Shutting down service BlockDeletingService
2019-09-05 19:08:29,819 [ForkJoinPool.commonPool-worker-1] INFO  statemachine.DatanodeStateMachine (DatanodeStateMachine.java:stopDaemon(395)) - Ozone container server stopped.
2019-09-05 19:08:29,823 [ForkJoinPool.commonPool-worker-1] INFO  handler.ContextHandler (ContextHandler.java:doStop(910)) - Stopped o.e.j.w.WebAppContext@6c6928c{/,null,UNAVAILABLE}{/hddsDatanode}
2019-09-05 19:08:29,823 [main] INFO  utils.BackgroundService (BackgroundService.java:shutdown(148)) - Shutting down service BlockDeletingService
2019-09-05 19:08:29,824 [ForkJoinPool.commonPool-worker-1] INFO  server.AbstractConnector (AbstractConnector.java:doStop(318)) - Stopped ServerConnector@3c28181b{HTTP/1.1,[http/1.1]}{0.0.0.0:0}
2019-09-05 19:08:29,827 [ForkJoinPool.commonPool-worker-1] INFO  handler.ContextHandler (ContextHandler.java:doStop(910)) - Stopped o.e.j.s.ServletContextHandler@790ac3e0{/static,jar:file:/home/user/.m2/repository/org/apache/hadoop/hadoop-hdds-container-service/0.5.0-SNAPSHOT/hadoop-hdds-container-service-0.5.0-SNAPSHOT.jar!/webapps/static,UNAVAILABLE}
2019-09-05 19:08:29,830 [main] INFO  statemachine.DatanodeStateMachine (DatanodeStateMachine.java:stopDaemon(395)) - Ozone container server stopped.
2019-09-05 19:08:29,830 [ForkJoinPool.commonPool-worker-1] INFO  handler.ContextHandler (ContextHandler.java:doStop(910)) - Stopped o.e.j.s.ServletContextHandler@23ea8830{/logs,file:///workdir/hadoop-ozone/integration-test/target/log,UNAVAILABLE}
2019-09-05 19:08:29,830 [main] INFO  handler.ContextHandler (ContextHandler.java:doStop(910)) - Stopped o.e.j.w.WebAppContext@5da57a64{/,null,UNAVAILABLE}{/hddsDatanode}
2019-09-05 19:08:29,831 [main] INFO  server.AbstractConnector (AbstractConnector.java:doStop(318)) - Stopped ServerConnector@5cdf221a{HTTP/1.1,[http/1.1]}{0.0.0.0:0}
2019-09-05 19:08:29,832 [main] INFO  handler.ContextHandler (ContextHandler.java:doStop(910)) - Stopped o.e.j.s.ServletContextHandler@64fdcf99{/static,jar:file:/home/user/.m2/repository/org/apache/hadoop/hadoop-hdds-container-service/0.5.0-SNAPSHOT/hadoop-hdds-container-service-0.5.0-SNAPSHOT.jar!/webapps/static,UNAVAILABLE}
2019-09-05 19:08:29,832 [main] INFO  handler.ContextHandler (ContextHandler.java:doStop(910)) - Stopped o.e.j.s.ServletContextHandler@4fd80300{/logs,file:///workdir/hadoop-ozone/integration-test/target/log,UNAVAILABLE}
2019-09-05 19:08:29,885 [grpc-default-executor-15] WARN  server.GrpcLogAppender (LogUtils.java:warn(134)) - f543745a-0904-4953-8a38-fcef9bf68a3d->c8d767ea-c04e-46f1-9df9-21a6292b5885: Failed appendEntries: org.apache.ratis.thirdparty.io.grpc.StatusRuntimeException: UNAVAILABLE: io exception
2019-09-05 19:08:29,885 [grpc-default-executor-7] WARN  server.GrpcLogAppender (LogUtils.java:warn(134)) - f543745a-0904-4953-8a38-fcef9bf68a3d->a6f20ed7-6960-4d82-b055-3029b3e4a05b: Failed appendEntries: org.apache.ratis.thirdparty.io.grpc.StatusRuntimeException: UNAVAILABLE: io exception
2019-09-05 19:08:29,885 [grpc-default-executor-15] INFO  impl.FollowerInfo (FollowerInfo.java:lambda$new$0(50)) - f543745a-0904-4953-8a38-fcef9bf68a3d->c8d767ea-c04e-46f1-9df9-21a6292b5885: nextIndex: updateUnconditionally 3 -> 2
2019-09-05 19:08:29,886 [grpc-default-executor-7] INFO  impl.FollowerInfo (FollowerInfo.java:lambda$new$0(50)) - f543745a-0904-4953-8a38-fcef9bf68a3d->a6f20ed7-6960-4d82-b055-3029b3e4a05b: nextIndex: updateUnconditionally 6 -> 5
2019-09-05 19:08:30,399 [Datanode State Machine Thread - 0] INFO  statemachine.DatanodeStateMachine (DatanodeStateMachine.java:lambda$startDaemon$0(350)) - Ozone container server started.
2019-09-05 19:08:32,386 [grpc-default-executor-14] WARN  server.GrpcLogAppender (LogUtils.java:warn(134)) - f543745a-0904-4953-8a38-fcef9bf68a3d->c8d767ea-c04e-46f1-9df9-21a6292b5885: Failed appendEntries: org.apache.ratis.thirdparty.io.grpc.StatusRuntimeException: UNAVAILABLE: io exception
2019-09-05 19:08:32,386 [grpc-default-executor-16] WARN  server.GrpcLogAppender (LogUtils.java:warn(134)) - f543745a-0904-4953-8a38-fcef9bf68a3d->a6f20ed7-6960-4d82-b055-3029b3e4a05b: Failed appendEntries: org.apache.ratis.thirdparty.io.grpc.StatusRuntimeException: UNAVAILABLE: io exception
2019-09-05 19:08:32,387 [grpc-default-executor-14] INFO  impl.FollowerInfo (FollowerInfo.java:lambda$new$0(50)) - f543745a-0904-4953-8a38-fcef9bf68a3d->c8d767ea-c04e-46f1-9df9-21a6292b5885: nextIndex: updateUnconditionally 2 -> 1
2019-09-05 19:08:32,387 [grpc-default-executor-16] INFO  impl.FollowerInfo (FollowerInfo.java:lambda$new$0(50)) - f543745a-0904-4953-8a38-fcef9bf68a3d->a6f20ed7-6960-4d82-b055-3029b3e4a05b: nextIndex: updateUnconditionally 5 -> 4
2019-09-05 19:08:34,469 [EventQueue-StaleNodeForStaleNodeHandler] INFO  node.StaleNodeHandler (StaleNodeHandler.java:onMessage(58)) - Datanode f543745a-0904-4953-8a38-fcef9bf68a3d{ip: 192.168.36.80, host: pr-hdds-1982-decom-states-p4sss-1559755178, networkLocation: /default-rack, certSerialId: null} moved to stale state. Finalizing its pipelines [PipelineID=2ff99e8d-5964-4301-a9e0-5e75083c8bd9, PipelineID=e0e05678-dbc2-4b5f-9848-ec5ba253973b]
2019-09-05 19:08:34,469 [EventQueue-StaleNodeForStaleNodeHandler] INFO  pipeline.SCMPipelineManager (SCMPipelineManager.java:finalizeAndDestroyPipeline(311)) - destroying pipeline:Pipeline[ Id: 2ff99e8d-5964-4301-a9e0-5e75083c8bd9, Nodes: f543745a-0904-4953-8a38-fcef9bf68a3d{ip: 192.168.36.80, host: pr-hdds-1982-decom-states-p4sss-1559755178, networkLocation: /default-rack, certSerialId: null}c8d767ea-c04e-46f1-9df9-21a6292b5885{ip: 192.168.36.80, host: pr-hdds-1982-decom-states-p4sss-1559755178, networkLocation: /default-rack, certSerialId: null}a6f20ed7-6960-4d82-b055-3029b3e4a05b{ip: 192.168.36.80, host: pr-hdds-1982-decom-states-p4sss-1559755178, networkLocation: /default-rack, certSerialId: null}, Type:RATIS, Factor:THREE, State:CLOSED]
2019-09-05 19:08:34,469 [EventQueue-StaleNodeForStaleNodeHandler] INFO  pipeline.SCMPipelineManager (SCMPipelineManager.java:finalizeAndDestroyPipeline(311)) - destroying pipeline:Pipeline[ Id: e0e05678-dbc2-4b5f-9848-ec5ba253973b, Nodes: f543745a-0904-4953-8a38-fcef9bf68a3d{ip: 192.168.36.80, host: pr-hdds-1982-decom-states-p4sss-1559755178, networkLocation: /default-rack, certSerialId: null}, Type:RATIS, Factor:ONE, State:OPEN]
2019-09-05 19:08:34,469 [EventQueue-StaleNodeForStaleNodeHandler] INFO  pipeline.PipelineStateManager (PipelineStateManager.java:finalizePipeline(123)) - Pipeline Pipeline[ Id: e0e05678-dbc2-4b5f-9848-ec5ba253973b, Nodes: f543745a-0904-4953-8a38-fcef9bf68a3d{ip: 192.168.36.80, host: pr-hdds-1982-decom-states-p4sss-1559755178, networkLocation: /default-rack, certSerialId: null}, Type:RATIS, Factor:ONE, State:CLOSED] moved to CLOSED state
2019-09-05 19:08:34,832 [ForkJoinPool.commonPool-worker-1] INFO  ozoneimpl.OzoneContainer (OzoneContainer.java:stop(215)) - Attempting to stop container services.
2019-09-05 19:08:34,832 [ForkJoinPool.commonPool-worker-1] INFO  impl.RaftServerProxy (RaftServerProxy.java:lambda$close$4(314)) - f543745a-0904-4953-8a38-fcef9bf68a3d: close
2019-09-05 19:08:34,832 [ForkJoinPool.commonPool-worker-1] INFO  impl.RaftServerImpl (RaftServerImpl.java:lambda$shutdown$3(245)) - f543745a-0904-4953-8a38-fcef9bf68a3d: shutdown group-5E75083C8BD9
2019-09-05 19:08:34,833 [ForkJoinPool.commonPool-worker-1] INFO  util.JmxRegister (JmxRegister.java:unregister(73)) - Successfully un-registered JMX Bean with object name Ratis:service=RaftServer,group=group-5E75083C8BD9,id=f543745a-0904-4953-8a38-fcef9bf68a3d
2019-09-05 19:08:34,833 [ForkJoinPool.commonPool-worker-1] INFO  impl.RoleInfo (RoleInfo.java:shutdownLeaderState(104)) - f543745a-0904-4953-8a38-fcef9bf68a3d: shutdown LeaderState
2019-09-05 19:08:34,836 [org.apache.ratis.server.impl.LogAppender$AppenderDaemon$$Lambda$495/1795126199@34be6d9e] WARN  server.GrpcLogAppender (GrpcLogAppender.java:mayWait(143)) - GrpcLogAppender(f543745a-0904-4953-8a38-fcef9bf68a3d->c8d767ea-c04e-46f1-9df9-21a6292b5885): Wait interrupted by java.lang.InterruptedException
2019-09-05 19:08:34,836 [org.apache.ratis.server.impl.LogAppender$AppenderDaemon$$Lambda$495/1795126199@71bce56d] WARN  server.GrpcLogAppender (GrpcLogAppender.java:mayWait(143)) - GrpcLogAppender(f543745a-0904-4953-8a38-fcef9bf68a3d->a6f20ed7-6960-4d82-b055-3029b3e4a05b): Wait interrupted by java.lang.InterruptedException
2019-09-05 19:08:34,836 [ForkJoinPool.commonPool-worker-1] INFO  impl.PendingRequests (PendingRequests.java:sendNotLeaderResponses(202)) - f543745a-0904-4953-8a38-fcef9bf68a3d-PendingRequests: sendNotLeaderResponses
2019-09-05 19:08:34,839 [ForkJoinPool.commonPool-worker-1] INFO  impl.StateMachineUpdater (StateMachineUpdater.java:stopAndJoin(115)) - StateMachineUpdater:f543745a-0904-4953-8a38-fcef9bf68a3d:group-5E75083C8BD9: set stopIndex = 6
2019-09-05 19:08:34,839 [StateMachineUpdater:f543745a-0904-4953-8a38-fcef9bf68a3d:group-5E75083C8BD9] INFO  ratis.ContainerStateMachine (ContainerStateMachine.java:takeSnapshot(284)) - group-5E75083C8BD9: Taking a snapshot at:(t:2, i:6) file /workdir/hadoop-ozone/integration-test/target/test-dir/MiniOzoneClusterImpl-26321163-d00f-4eeb-b505-787cf25e09ba/datanode-5/data/ratis/2ff99e8d-5964-4301-a9e0-5e75083c8bd9/sm/snapshot.2_6
2019-09-05 19:08:34,878 [StateMachineUpdater:f543745a-0904-4953-8a38-fcef9bf68a3d:group-5E75083C8BD9] INFO  ratis.ContainerStateMachine (ContainerStateMachine.java:takeSnapshot(295)) - group-5E75083C8BD9: Finished taking a snapshot at:(t:2, i:6) file:/workdir/hadoop-ozone/integration-test/target/test-dir/MiniOzoneClusterImpl-26321163-d00f-4eeb-b505-787cf25e09ba/datanode-5/data/ratis/2ff99e8d-5964-4301-a9e0-5e75083c8bd9/sm/snapshot.2_6 time:40
2019-09-05 19:08:34,879 [StateMachineUpdater:f543745a-0904-4953-8a38-fcef9bf68a3d:group-5E75083C8BD9] INFO  impl.StateMachineUpdater (StateMachineUpdater.java:takeSnapshot(242)) - StateMachineUpdater:f543745a-0904-4953-8a38-fcef9bf68a3d:group-5E75083C8BD9: Took a snapshot at index 6
2019-09-05 19:08:34,879 [StateMachineUpdater:f543745a-0904-4953-8a38-fcef9bf68a3d:group-5E75083C8BD9] INFO  impl.StateMachineUpdater (StateMachineUpdater.java:lambda$new$0(80)) - StateMachineUpdater:f543745a-0904-4953-8a38-fcef9bf68a3d:group-5E75083C8BD9: snapshotIndex: updateIncreasingly -1 -> 6
2019-09-05 19:08:34,879 [ForkJoinPool.commonPool-worker-1] INFO  impl.RaftServerImpl (ServerState.java:close(394)) - f543745a-0904-4953-8a38-fcef9bf68a3d:group-5E75083C8BD9 closes. The last applied log index is 6
2019-09-05 19:08:34,880 [f543745a-0904-4953-8a38-fcef9bf68a3d-SegmentedRaftLogWorker:Storage Directory /workdir/hadoop-ozone/integration-test/target/test-dir/MiniOzoneClusterImpl-26321163-d00f-4eeb-b505-787cf25e09ba/datanode-5/data/ratis/2ff99e8d-5964-4301-a9e0-5e75083c8bd9] INFO  segmented.SegmentedRaftLogWorker (SegmentedRaftLogWorker.java:run(313)) - f543745a-0904-4953-8a38-fcef9bf68a3d-SegmentedRaftLogWorker:Storage Directory /workdir/hadoop-ozone/integration-test/target/test-dir/MiniOzoneClusterImpl-26321163-d00f-4eeb-b505-787cf25e09ba/datanode-5/data/ratis/2ff99e8d-5964-4301-a9e0-5e75083c8bd9 was interrupted, exiting. There are 0 tasks remaining in the queue.
2019-09-05 19:08:34,880 [ForkJoinPool.commonPool-worker-1] INFO  segmented.SegmentedRaftLogWorker (SegmentedRaftLogWorker.java:close(228)) - f543745a-0904-4953-8a38-fcef9bf68a3d-SegmentedRaftLogWorker:Storage Directory /workdir/hadoop-ozone/integration-test/target/test-dir/MiniOzoneClusterImpl-26321163-d00f-4eeb-b505-787cf25e09ba/datanode-5/data/ratis/2ff99e8d-5964-4301-a9e0-5e75083c8bd9 close()
2019-09-05 19:08:34,882 [ForkJoinPool.commonPool-worker-1] INFO  impl.RaftServerImpl (RaftServerImpl.java:lambda$shutdown$3(245)) - f543745a-0904-4953-8a38-fcef9bf68a3d: shutdown group-EC5BA253973B
2019-09-05 19:08:34,882 [ForkJoinPool.commonPool-worker-1] INFO  util.JmxRegister (JmxRegister.java:unregister(73)) - Successfully un-registered JMX Bean with object name Ratis:service=RaftServer,group=group-EC5BA253973B,id=f543745a-0904-4953-8a38-fcef9bf68a3d
2019-09-05 19:08:34,882 [ForkJoinPool.commonPool-worker-1] INFO  impl.RoleInfo (RoleInfo.java:shutdownLeaderState(104)) - f543745a-0904-4953-8a38-fcef9bf68a3d: shutdown LeaderState
2019-09-05 19:08:34,883 [ForkJoinPool.commonPool-worker-1] INFO  impl.PendingRequests (PendingRequests.java:sendNotLeaderResponses(202)) - f543745a-0904-4953-8a38-fcef9bf68a3d-PendingRequests: sendNotLeaderResponses
2019-09-05 19:08:34,883 [ForkJoinPool.commonPool-worker-1] INFO  impl.StateMachineUpdater (StateMachineUpdater.java:stopAndJoin(115)) - StateMachineUpdater:f543745a-0904-4953-8a38-fcef9bf68a3d:group-EC5BA253973B: set stopIndex = 0
2019-09-05 19:08:34,883 [ForkJoinPool.commonPool-worker-1] INFO  impl.RaftServerImpl (ServerState.java:close(394)) - f543745a-0904-4953-8a38-fcef9bf68a3d:group-EC5BA253973B closes. The last applied log index is 0
2019-09-05 19:08:34,884 [f543745a-0904-4953-8a38-fcef9bf68a3d-SegmentedRaftLogWorker:Storage Directory /workdir/hadoop-ozone/integration-test/target/test-dir/MiniOzoneClusterImpl-26321163-d00f-4eeb-b505-787cf25e09ba/datanode-5/data/ratis/e0e05678-dbc2-4b5f-9848-ec5ba253973b] INFO  segmented.SegmentedRaftLogWorker (SegmentedRaftLogWorker.java:run(313)) - f543745a-0904-4953-8a38-fcef9bf68a3d-SegmentedRaftLogWorker:Storage Directory /workdir/hadoop-ozone/integration-test/target/test-dir/MiniOzoneClusterImpl-26321163-d00f-4eeb-b505-787cf25e09ba/datanode-5/data/ratis/e0e05678-dbc2-4b5f-9848-ec5ba253973b was interrupted, exiting. There are 0 tasks remaining in the queue.
2019-09-05 19:08:34,884 [ForkJoinPool.commonPool-worker-1] INFO  segmented.SegmentedRaftLogWorker (SegmentedRaftLogWorker.java:close(228)) - f543745a-0904-4953-8a38-fcef9bf68a3d-SegmentedRaftLogWorker:Storage Directory /workdir/hadoop-ozone/integration-test/target/test-dir/MiniOzoneClusterImpl-26321163-d00f-4eeb-b505-787cf25e09ba/datanode-5/data/ratis/e0e05678-dbc2-4b5f-9848-ec5ba253973b close()
2019-09-05 19:08:34,885 [ForkJoinPool.commonPool-worker-1] INFO  server.GrpcService (GrpcService.java:closeImpl(155)) - f543745a-0904-4953-8a38-fcef9bf68a3d: shutdown server with port 35996 now
2019-09-05 19:08:34,886 [ForkJoinPool.commonPool-worker-1] INFO  server.GrpcService (GrpcService.java:closeImpl(163)) - f543745a-0904-4953-8a38-fcef9bf68a3d: shutdown server with port 35996 successfully
2019-09-05 19:08:34,888 [refreshUsed-/workdir/hadoop-ozone/integration-test/target/test-dir/MiniOzoneClusterImpl-26321163-d00f-4eeb-b505-787cf25e09ba/datanode-5/data/containers] WARN  fs.CachingGetSpaceUsed (CachingGetSpaceUsed.java:run(183)) - Thread Interrupted waiting to refresh disk information: sleep interrupted
2019-09-05 19:08:34,909 [ForkJoinPool.commonPool-worker-1] INFO  utils.BackgroundService (BackgroundService.java:shutdown(148)) - Shutting down service BlockDeletingService
2019-09-05 19:08:34,912 [ForkJoinPool.commonPool-worker-1] INFO  statemachine.DatanodeStateMachine (DatanodeStateMachine.java:stopDaemon(395)) - Ozone container server stopped.
2019-09-05 19:08:34,915 [ForkJoinPool.commonPool-worker-1] INFO  handler.ContextHandler (ContextHandler.java:doStop(910)) - Stopped o.e.j.w.WebAppContext@21527b8{/,null,UNAVAILABLE}{/hddsDatanode}
2019-09-05 19:08:34,916 [ForkJoinPool.commonPool-worker-1] INFO  server.AbstractConnector (AbstractConnector.java:doStop(318)) - Stopped ServerConnector@7cc1f72c{HTTP/1.1,[http/1.1]}{0.0.0.0:0}
2019-09-05 19:08:34,916 [ForkJoinPool.commonPool-worker-1] INFO  handler.ContextHandler (ContextHandler.java:doStop(910)) - Stopped o.e.j.s.ServletContextHandler@4e94669c{/static,jar:file:/home/user/.m2/repository/org/apache/hadoop/hadoop-hdds-container-service/0.5.0-SNAPSHOT/hadoop-hdds-container-service-0.5.0-SNAPSHOT.jar!/webapps/static,UNAVAILABLE}
2019-09-05 19:08:34,916 [ForkJoinPool.commonPool-worker-1] INFO  handler.ContextHandler (ContextHandler.java:doStop(910)) - Stopped o.e.j.s.ServletContextHandler@4b07cad0{/logs,file:///workdir/hadoop-ozone/integration-test/target/log,UNAVAILABLE}
2019-09-05 19:08:34,917 [main] INFO  ozone.MiniOzoneClusterImpl (MiniOzoneClusterImpl.java:stop(339)) - Stopping the StorageContainerManager
2019-09-05 19:08:34,918 [main] INFO  server.StorageContainerManager (StorageContainerManager.java:stop(797)) - Stopping Replication Manager Service.
2019-09-05 19:08:34,918 [main] INFO  container.ReplicationManager (ReplicationManager.java:stop(203)) - Stopping Replication Monitor Thread.
2019-09-05 19:08:34,918 [main] INFO  server.StorageContainerManager (StorageContainerManager.java:stop(804)) - Stopping Lease Manager of the command watchers
2019-09-05 19:08:34,918 [main] INFO  server.StorageContainerManager (StorageContainerManager.java:stop(811)) - Stopping datanode service RPC server
2019-09-05 19:08:34,919 [main] INFO  server.SCMDatanodeProtocolServer (SCMDatanodeProtocolServer.java:stop(367)) - Stopping the RPC server for DataNodes
2019-09-05 19:08:34,919 [main] INFO  ipc.Server (Server.java:stop(3082)) - Stopping server on 33925
2019-09-05 19:08:34,921 [IPC Server listener on 33925] INFO  ipc.Server (Server.java:run(1185)) - Stopping IPC Server listener on 33925
2019-09-05 19:08:34,922 [IPC Server Responder] INFO  ipc.Server (Server.java:run(1319)) - Stopping IPC Server Responder
2019-09-05 19:08:34,969 [SCM Heartbeat Processing Thread - 0] WARN  node.NodeStateManager (NodeStateManager.java:scheduleNextHealthCheck(650)) - Current Thread is interrupted, shutting down HB processing thread for Node Manager.
2019-09-05 19:08:34,969 [main] INFO  server.StorageContainerManager (StorageContainerManager.java:stop(819)) - Stopping block service RPC server
2019-09-05 19:08:34,970 [main] INFO  server.SCMBlockProtocolServer (SCMBlockProtocolServer.java:stop(155)) - Stopping the RPC server for Block Protocol
2019-09-05 19:08:34,970 [main] INFO  ipc.Server (Server.java:stop(3082)) - Stopping server on 43498
2019-09-05 19:08:34,972 [main] INFO  server.StorageContainerManager (StorageContainerManager.java:stop(826)) - Stopping the StorageContainerLocationProtocol RPC server
2019-09-05 19:08:34,972 [IPC Server listener on 43498] INFO  ipc.Server (Server.java:run(1185)) - Stopping IPC Server listener on 43498
2019-09-05 19:08:34,972 [main] INFO  server.SCMClientProtocolServer (SCMClientProtocolServer.java:stop(159)) - Stopping the RPC server for Client Protocol
2019-09-05 19:08:34,974 [IPC Server Responder] INFO  ipc.Server (Server.java:run(1319)) - Stopping IPC Server Responder
2019-09-05 19:08:34,974 [main] INFO  ipc.Server (Server.java:stop(3082)) - Stopping server on 34558
2019-09-05 19:08:34,976 [IPC Server listener on 34558] INFO  ipc.Server (Server.java:run(1185)) - Stopping IPC Server listener on 34558
2019-09-05 19:08:34,976 [main] INFO  server.StorageContainerManager (StorageContainerManager.java:stop(833)) - Stopping Storage Container Manager HTTP server.
2019-09-05 19:08:34,977 [IPC Server Responder] INFO  ipc.Server (Server.java:run(1319)) - Stopping IPC Server Responder
2019-09-05 19:08:34,978 [main] INFO  handler.ContextHandler (ContextHandler.java:doStop(910)) - Stopped o.e.j.w.WebAppContext@d108406{/,null,UNAVAILABLE}{/scm}
2019-09-05 19:08:34,979 [main] INFO  server.AbstractConnector (AbstractConnector.java:doStop(318)) - Stopped ServerConnector@799c8758{HTTP/1.1,[http/1.1]}{0.0.0.0:0}
2019-09-05 19:08:34,979 [main] INFO  handler.ContextHandler (ContextHandler.java:doStop(910)) - Stopped o.e.j.s.ServletContextHandler@e01a26b{/static,file:///workdir/hadoop-ozone/integration-test/target/test-classes/webapps/static,UNAVAILABLE}
2019-09-05 19:08:34,980 [main] INFO  handler.ContextHandler (ContextHandler.java:doStop(910)) - Stopped o.e.j.s.ServletContextHandler@65d9e72a{/logs,file:///workdir/hadoop-ozone/integration-test/target/log,UNAVAILABLE}
2019-09-05 19:08:34,981 [main] INFO  server.StorageContainerManager (StorageContainerManager.java:stop(844)) - Stopping Block Manager Service.
2019-09-05 19:08:34,981 [main] INFO  utils.BackgroundService (BackgroundService.java:shutdown(148)) - Shutting down service SCMBlockDeletingService
2019-09-05 19:08:34,982 [main] INFO  utils.BackgroundService (BackgroundService.java:shutdown(148)) - Shutting down service SCMBlockDeletingService
2019-09-05 19:08:34,982 [main] INFO  server.StorageContainerManager (StorageContainerManager.java:stop(866)) - Stopping SCM Event Queue.
2019-09-05 19:08:34,986 [main] INFO  impl.MetricsSystemImpl (MetricsSystemImpl.java:stop(210)) - Stopping HddsDatanode metrics system...
2019-09-05 19:08:34,996 [main] INFO  impl.MetricsSystemImpl (MetricsSystemImpl.java:stop(216)) - HddsDatanode metrics system stopped.
]]></system-out>
    <system-err><![CDATA[Sep 05, 2019 7:08:03 PM org.apache.ratis.thirdparty.io.grpc.internal.ManagedChannelOrphanWrapper$ManagedChannelReference cleanQueue
SEVERE: *~*~*~ Channel ManagedChannelImpl{logId=2859, target=192.168.36.80:44422} was not shutdown properly!!! ~*~*~*
    Make sure to call shutdown()/shutdownNow() and wait until awaitTermination() returns true.
java.lang.RuntimeException: ManagedChannel allocation site
	at org.apache.ratis.thirdparty.io.grpc.internal.ManagedChannelOrphanWrapper$ManagedChannelReference.<init>(ManagedChannelOrphanWrapper.java:103)
	at org.apache.ratis.thirdparty.io.grpc.internal.ManagedChannelOrphanWrapper.<init>(ManagedChannelOrphanWrapper.java:53)
	at org.apache.ratis.thirdparty.io.grpc.internal.ManagedChannelOrphanWrapper.<init>(ManagedChannelOrphanWrapper.java:44)
	at org.apache.ratis.thirdparty.io.grpc.internal.AbstractManagedChannelImplBuilder.build(AbstractManagedChannelImplBuilder.java:411)
	at org.apache.ratis.grpc.client.GrpcClientProtocolClient.<init>(GrpcClientProtocolClient.java:119)
	at org.apache.ratis.grpc.client.GrpcClientRpc.lambda$new$0(GrpcClientRpc.java:55)
	at org.apache.ratis.util.PeerProxyMap$PeerAndProxy.lambda$getProxy$0(PeerProxyMap.java:61)
	at org.apache.ratis.util.LifeCycle.startAndTransition(LifeCycle.java:202)
	at org.apache.ratis.util.PeerProxyMap$PeerAndProxy.getProxy(PeerProxyMap.java:60)
	at org.apache.ratis.util.PeerProxyMap.getProxy(PeerProxyMap.java:107)
	at org.apache.ratis.grpc.client.GrpcClientRpc.sendRequestAsync(GrpcClientRpc.java:66)
	at org.apache.ratis.client.impl.OrderedAsync.sendRequest(OrderedAsync.java:208)
	at org.apache.ratis.client.impl.OrderedAsync.sendRequestWithRetry(OrderedAsync.java:169)
	at org.apache.ratis.util.SlidingWindow$Client.sendOrDelayRequest(SlidingWindow.java:278)
	at org.apache.ratis.util.SlidingWindow$Client.retry(SlidingWindow.java:294)
	at org.apache.ratis.client.impl.OrderedAsync.lambda$scheduleWithTimeout$7(OrderedAsync.java:195)
	at org.apache.ratis.util.TimeoutScheduler.lambda$onTimeout$0(TimeoutScheduler.java:85)
	at org.apache.ratis.util.TimeoutScheduler.lambda$onTimeout$1(TimeoutScheduler.java:104)
	at org.apache.ratis.util.LogUtils.runAndLog(LogUtils.java:50)
	at org.apache.ratis.util.LogUtils$1.run(LogUtils.java:91)
	at java.util.concurrent.Executors$RunnableAdapter.call(Executors.java:511)
	at java.util.concurrent.FutureTask.run(FutureTask.java:266)
	at java.util.concurrent.ScheduledThreadPoolExecutor$ScheduledFutureTask.access$201(ScheduledThreadPoolExecutor.java:180)
	at java.util.concurrent.ScheduledThreadPoolExecutor$ScheduledFutureTask.run(ScheduledThreadPoolExecutor.java:293)
	at java.util.concurrent.ThreadPoolExecutor.runWorker(ThreadPoolExecutor.java:1149)
	at java.util.concurrent.ThreadPoolExecutor$Worker.run(ThreadPoolExecutor.java:624)
	at java.lang.Thread.run(Thread.java:748)

Sep 05, 2019 7:08:03 PM org.apache.ratis.thirdparty.io.grpc.internal.ManagedChannelOrphanWrapper$ManagedChannelReference cleanQueue
SEVERE: *~*~*~ Channel ManagedChannelImpl{logId=3167, target=192.168.36.80:41063} was not shutdown properly!!! ~*~*~*
    Make sure to call shutdown()/shutdownNow() and wait until awaitTermination() returns true.
java.lang.RuntimeException: ManagedChannel allocation site
	at org.apache.ratis.thirdparty.io.grpc.internal.ManagedChannelOrphanWrapper$ManagedChannelReference.<init>(ManagedChannelOrphanWrapper.java:103)
	at org.apache.ratis.thirdparty.io.grpc.internal.ManagedChannelOrphanWrapper.<init>(ManagedChannelOrphanWrapper.java:53)
	at org.apache.ratis.thirdparty.io.grpc.internal.ManagedChannelOrphanWrapper.<init>(ManagedChannelOrphanWrapper.java:44)
	at org.apache.ratis.thirdparty.io.grpc.internal.AbstractManagedChannelImplBuilder.build(AbstractManagedChannelImplBuilder.java:411)
	at org.apache.hadoop.hdds.scm.XceiverClientGrpc.connectToDatanode(XceiverClientGrpc.java:175)
	at org.apache.hadoop.hdds.scm.XceiverClientGrpc.reconnect(XceiverClientGrpc.java:423)
	at org.apache.hadoop.hdds.scm.XceiverClientGrpc.sendCommandAsync(XceiverClientGrpc.java:372)
	at org.apache.hadoop.hdds.scm.XceiverClientGrpc.sendCommandWithRetry(XceiverClientGrpc.java:285)
	at org.apache.hadoop.hdds.scm.XceiverClientGrpc.sendCommandWithTraceIDAndRetry(XceiverClientGrpc.java:251)
	at org.apache.hadoop.hdds.scm.XceiverClientGrpc.sendCommand(XceiverClientGrpc.java:234)
	at org.apache.hadoop.hdds.scm.storage.ContainerProtocolCalls.getBlock(ContainerProtocolCalls.java:118)
	at org.apache.hadoop.hdds.scm.storage.BlockInputStream.getChunkInfos(BlockInputStream.java:167)
	at org.apache.hadoop.hdds.scm.storage.BlockInputStream.initialize(BlockInputStream.java:118)
	at org.apache.hadoop.hdds.scm.storage.BlockInputStream.read(BlockInputStream.java:222)
	at org.apache.hadoop.ozone.client.io.KeyInputStream.read(KeyInputStream.java:171)
	at org.apache.hadoop.ozone.client.io.OzoneInputStream.read(OzoneInputStream.java:47)
	at java.io.InputStream.read(InputStream.java:101)
	at org.apache.hadoop.ozone.container.ContainerTestHelper.validateData(ContainerTestHelper.java:714)
	at org.apache.hadoop.ozone.client.rpc.TestBlockOutputStreamWithFailures.validateData(TestBlockOutputStreamWithFailures.java:1216)
	at org.apache.hadoop.ozone.client.rpc.TestBlockOutputStreamWithFailures.testFailureWithPrimeSizedData(TestBlockOutputStreamWithFailures.java:662)
	at sun.reflect.NativeMethodAccessorImpl.invoke0(Native Method)
	at sun.reflect.NativeMethodAccessorImpl.invoke(NativeMethodAccessorImpl.java:62)
	at sun.reflect.DelegatingMethodAccessorImpl.invoke(DelegatingMethodAccessorImpl.java:43)
	at java.lang.reflect.Method.invoke(Method.java:498)
	at org.junit.runners.model.FrameworkMethod$1.runReflectiveCall(FrameworkMethod.java:47)
	at org.junit.internal.runners.model.ReflectiveCallable.run(ReflectiveCallable.java:12)
	at org.junit.runners.model.FrameworkMethod.invokeExplosively(FrameworkMethod.java:44)
	at org.junit.internal.runners.statements.InvokeMethod.evaluate(InvokeMethod.java:17)
	at org.junit.internal.runners.statements.RunBefores.evaluate(RunBefores.java:26)
	at org.junit.internal.runners.statements.RunAfters.evaluate(RunAfters.java:27)
	at org.junit.runners.ParentRunner.runLeaf(ParentRunner.java:271)
	at org.junit.runners.BlockJUnit4ClassRunner.runChild(BlockJUnit4ClassRunner.java:70)
	at org.junit.runners.BlockJUnit4ClassRunner.runChild(BlockJUnit4ClassRunner.java:50)
	at org.junit.runners.ParentRunner$3.run(ParentRunner.java:238)
	at org.junit.runners.ParentRunner$1.schedule(ParentRunner.java:63)
	at org.junit.runners.ParentRunner.runChildren(ParentRunner.java:236)
	at org.junit.runners.ParentRunner.access$000(ParentRunner.java:53)
	at org.junit.runners.ParentRunner$2.evaluate(ParentRunner.java:229)
	at org.junit.runners.ParentRunner.run(ParentRunner.java:309)
	at org.apache.maven.surefire.junit4.JUnit4Provider.execute(JUnit4Provider.java:365)
	at org.apache.maven.surefire.junit4.JUnit4Provider.executeWithRerun(JUnit4Provider.java:273)
	at org.apache.maven.surefire.junit4.JUnit4Provider.executeTestSet(JUnit4Provider.java:238)
	at org.apache.maven.surefire.junit4.JUnit4Provider.invoke(JUnit4Provider.java:159)
	at org.apache.maven.surefire.booter.ForkedBooter.invokeProviderInSameClassLoader(ForkedBooter.java:384)
	at org.apache.maven.surefire.booter.ForkedBooter.runSuitesInProcess(ForkedBooter.java:345)
	at org.apache.maven.surefire.booter.ForkedBooter.execute(ForkedBooter.java:126)
	at org.apache.maven.surefire.booter.ForkedBooter.main(ForkedBooter.java:418)

Sep 05, 2019 7:08:03 PM org.apache.ratis.thirdparty.io.grpc.internal.ManagedChannelOrphanWrapper$ManagedChannelReference cleanQueue
SEVERE: *~*~*~ Channel ManagedChannelImpl{logId=2597, target=192.168.36.80:39541} was not shutdown properly!!! ~*~*~*
    Make sure to call shutdown()/shutdownNow() and wait until awaitTermination() returns true.
java.lang.RuntimeException: ManagedChannel allocation site
	at org.apache.ratis.thirdparty.io.grpc.internal.ManagedChannelOrphanWrapper$ManagedChannelReference.<init>(ManagedChannelOrphanWrapper.java:103)
	at org.apache.ratis.thirdparty.io.grpc.internal.ManagedChannelOrphanWrapper.<init>(ManagedChannelOrphanWrapper.java:53)
	at org.apache.ratis.thirdparty.io.grpc.internal.ManagedChannelOrphanWrapper.<init>(ManagedChannelOrphanWrapper.java:44)
	at org.apache.ratis.thirdparty.io.grpc.internal.AbstractManagedChannelImplBuilder.build(AbstractManagedChannelImplBuilder.java:411)
	at org.apache.ratis.grpc.client.GrpcClientProtocolClient.<init>(GrpcClientProtocolClient.java:119)
	at org.apache.ratis.grpc.client.GrpcClientRpc.lambda$new$0(GrpcClientRpc.java:55)
	at org.apache.ratis.util.PeerProxyMap$PeerAndProxy.lambda$getProxy$0(PeerProxyMap.java:61)
	at org.apache.ratis.util.LifeCycle.startAndTransition(LifeCycle.java:202)
	at org.apache.ratis.util.PeerProxyMap$PeerAndProxy.getProxy(PeerProxyMap.java:60)
	at org.apache.ratis.util.PeerProxyMap.getProxy(PeerProxyMap.java:107)
	at org.apache.ratis.grpc.client.GrpcClientRpc.sendRequestAsync(GrpcClientRpc.java:66)
	at org.apache.ratis.client.impl.OrderedAsync.sendRequest(OrderedAsync.java:208)
	at org.apache.ratis.client.impl.OrderedAsync.sendRequestWithRetry(OrderedAsync.java:169)
	at org.apache.ratis.util.SlidingWindow$Client.sendOrDelayRequest(SlidingWindow.java:278)
	at org.apache.ratis.util.SlidingWindow$Client.retry(SlidingWindow.java:294)
	at org.apache.ratis.client.impl.OrderedAsync.lambda$scheduleWithTimeout$7(OrderedAsync.java:195)
	at org.apache.ratis.util.TimeoutScheduler.lambda$onTimeout$0(TimeoutScheduler.java:85)
	at org.apache.ratis.util.TimeoutScheduler.lambda$onTimeout$1(TimeoutScheduler.java:104)
	at org.apache.ratis.util.LogUtils.runAndLog(LogUtils.java:50)
	at org.apache.ratis.util.LogUtils$1.run(LogUtils.java:91)
	at java.util.concurrent.Executors$RunnableAdapter.call(Executors.java:511)
	at java.util.concurrent.FutureTask.run(FutureTask.java:266)
	at java.util.concurrent.ScheduledThreadPoolExecutor$ScheduledFutureTask.access$201(ScheduledThreadPoolExecutor.java:180)
	at java.util.concurrent.ScheduledThreadPoolExecutor$ScheduledFutureTask.run(ScheduledThreadPoolExecutor.java:293)
	at java.util.concurrent.ThreadPoolExecutor.runWorker(ThreadPoolExecutor.java:1149)
	at java.util.concurrent.ThreadPoolExecutor$Worker.run(ThreadPoolExecutor.java:624)
	at java.lang.Thread.run(Thread.java:748)

Sep 05, 2019 7:08:03 PM org.apache.ratis.thirdparty.io.grpc.internal.ManagedChannelOrphanWrapper$ManagedChannelReference cleanQueue
SEVERE: *~*~*~ Channel ManagedChannelImpl{logId=2607, target=192.168.36.80:37180} was not shutdown properly!!! ~*~*~*
    Make sure to call shutdown()/shutdownNow() and wait until awaitTermination() returns true.
java.lang.RuntimeException: ManagedChannel allocation site
	at org.apache.ratis.thirdparty.io.grpc.internal.ManagedChannelOrphanWrapper$ManagedChannelReference.<init>(ManagedChannelOrphanWrapper.java:103)
	at org.apache.ratis.thirdparty.io.grpc.internal.ManagedChannelOrphanWrapper.<init>(ManagedChannelOrphanWrapper.java:53)
	at org.apache.ratis.thirdparty.io.grpc.internal.ManagedChannelOrphanWrapper.<init>(ManagedChannelOrphanWrapper.java:44)
	at org.apache.ratis.thirdparty.io.grpc.internal.AbstractManagedChannelImplBuilder.build(AbstractManagedChannelImplBuilder.java:411)
	at org.apache.hadoop.hdds.scm.XceiverClientGrpc.connectToDatanode(XceiverClientGrpc.java:175)
	at org.apache.hadoop.hdds.scm.XceiverClientGrpc.reconnect(XceiverClientGrpc.java:423)
	at org.apache.hadoop.hdds.scm.XceiverClientGrpc.sendCommandAsync(XceiverClientGrpc.java:372)
	at org.apache.hadoop.hdds.scm.XceiverClientGrpc.sendCommandWithRetry(XceiverClientGrpc.java:285)
	at org.apache.hadoop.hdds.scm.XceiverClientGrpc.sendCommandWithTraceIDAndRetry(XceiverClientGrpc.java:251)
	at org.apache.hadoop.hdds.scm.XceiverClientGrpc.sendCommand(XceiverClientGrpc.java:234)
	at org.apache.hadoop.hdds.scm.storage.ContainerProtocolCalls.getBlock(ContainerProtocolCalls.java:118)
	at org.apache.hadoop.hdds.scm.storage.BlockInputStream.getChunkInfos(BlockInputStream.java:167)
	at org.apache.hadoop.hdds.scm.storage.BlockInputStream.initialize(BlockInputStream.java:118)
	at org.apache.hadoop.hdds.scm.storage.BlockInputStream.read(BlockInputStream.java:222)
	at org.apache.hadoop.ozone.client.io.KeyInputStream.read(KeyInputStream.java:171)
	at org.apache.hadoop.ozone.client.io.OzoneInputStream.read(OzoneInputStream.java:47)
	at java.io.InputStream.read(InputStream.java:101)
	at org.apache.hadoop.ozone.container.ContainerTestHelper.validateData(ContainerTestHelper.java:714)
	at org.apache.hadoop.ozone.client.rpc.TestBlockOutputStreamWithFailures.validateData(TestBlockOutputStreamWithFailures.java:1216)
	at org.apache.hadoop.ozone.client.rpc.TestBlockOutputStreamWithFailures.testWatchForCommitWithSingleNodeRatis(TestBlockOutputStreamWithFailures.java:918)
	at sun.reflect.NativeMethodAccessorImpl.invoke0(Native Method)
	at sun.reflect.NativeMethodAccessorImpl.invoke(NativeMethodAccessorImpl.java:62)
	at sun.reflect.DelegatingMethodAccessorImpl.invoke(DelegatingMethodAccessorImpl.java:43)
	at java.lang.reflect.Method.invoke(Method.java:498)
	at org.junit.runners.model.FrameworkMethod$1.runReflectiveCall(FrameworkMethod.java:47)
	at org.junit.internal.runners.model.ReflectiveCallable.run(ReflectiveCallable.java:12)
	at org.junit.runners.model.FrameworkMethod.invokeExplosively(FrameworkMethod.java:44)
	at org.junit.internal.runners.statements.InvokeMethod.evaluate(InvokeMethod.java:17)
	at org.junit.internal.runners.statements.RunBefores.evaluate(RunBefores.java:26)
	at org.junit.internal.runners.statements.RunAfters.evaluate(RunAfters.java:27)
	at org.junit.runners.ParentRunner.runLeaf(ParentRunner.java:271)
	at org.junit.runners.BlockJUnit4ClassRunner.runChild(BlockJUnit4ClassRunner.java:70)
	at org.junit.runners.BlockJUnit4ClassRunner.runChild(BlockJUnit4ClassRunner.java:50)
	at org.junit.runners.ParentRunner$3.run(ParentRunner.java:238)
	at org.junit.runners.ParentRunner$1.schedule(ParentRunner.java:63)
	at org.junit.runners.ParentRunner.runChildren(ParentRunner.java:236)
	at org.junit.runners.ParentRunner.access$000(ParentRunner.java:53)
	at org.junit.runners.ParentRunner$2.evaluate(ParentRunner.java:229)
	at org.junit.runners.ParentRunner.run(ParentRunner.java:309)
	at org.apache.maven.surefire.junit4.JUnit4Provider.execute(JUnit4Provider.java:365)
	at org.apache.maven.surefire.junit4.JUnit4Provider.executeWithRerun(JUnit4Provider.java:273)
	at org.apache.maven.surefire.junit4.JUnit4Provider.executeTestSet(JUnit4Provider.java:238)
	at org.apache.maven.surefire.junit4.JUnit4Provider.invoke(JUnit4Provider.java:159)
	at org.apache.maven.surefire.booter.ForkedBooter.invokeProviderInSameClassLoader(ForkedBooter.java:384)
	at org.apache.maven.surefire.booter.ForkedBooter.runSuitesInProcess(ForkedBooter.java:345)
	at org.apache.maven.surefire.booter.ForkedBooter.execute(ForkedBooter.java:126)
	at org.apache.maven.surefire.booter.ForkedBooter.main(ForkedBooter.java:418)

Sep 05, 2019 7:08:03 PM org.apache.ratis.thirdparty.io.grpc.internal.ManagedChannelOrphanWrapper$ManagedChannelReference cleanQueue
SEVERE: *~*~*~ Channel ManagedChannelImpl{logId=3182, target=192.168.36.80:42936} was not shutdown properly!!! ~*~*~*
    Make sure to call shutdown()/shutdownNow() and wait until awaitTermination() returns true.
java.lang.RuntimeException: ManagedChannel allocation site
	at org.apache.ratis.thirdparty.io.grpc.internal.ManagedChannelOrphanWrapper$ManagedChannelReference.<init>(ManagedChannelOrphanWrapper.java:103)
	at org.apache.ratis.thirdparty.io.grpc.internal.ManagedChannelOrphanWrapper.<init>(ManagedChannelOrphanWrapper.java:53)
	at org.apache.ratis.thirdparty.io.grpc.internal.ManagedChannelOrphanWrapper.<init>(ManagedChannelOrphanWrapper.java:44)
	at org.apache.ratis.thirdparty.io.grpc.internal.AbstractManagedChannelImplBuilder.build(AbstractManagedChannelImplBuilder.java:411)
	at org.apache.hadoop.hdds.scm.XceiverClientGrpc.connectToDatanode(XceiverClientGrpc.java:175)
	at org.apache.hadoop.hdds.scm.XceiverClientGrpc.reconnect(XceiverClientGrpc.java:423)
	at org.apache.hadoop.hdds.scm.XceiverClientGrpc.sendCommandAsync(XceiverClientGrpc.java:372)
	at org.apache.hadoop.hdds.scm.XceiverClientGrpc.sendCommandWithRetry(XceiverClientGrpc.java:285)
	at org.apache.hadoop.hdds.scm.XceiverClientGrpc.sendCommandWithTraceIDAndRetry(XceiverClientGrpc.java:251)
	at org.apache.hadoop.hdds.scm.XceiverClientGrpc.sendCommand(XceiverClientGrpc.java:234)
	at org.apache.hadoop.hdds.scm.storage.ContainerProtocolCalls.readChunk(ContainerProtocolCalls.java:245)
	at org.apache.hadoop.hdds.scm.storage.ChunkInputStream.readChunk(ChunkInputStream.java:335)
	at org.apache.hadoop.hdds.scm.storage.ChunkInputStream.readChunkFromContainer(ChunkInputStream.java:307)
	at org.apache.hadoop.hdds.scm.storage.ChunkInputStream.prepareRead(ChunkInputStream.java:259)
	at org.apache.hadoop.hdds.scm.storage.ChunkInputStream.read(ChunkInputStream.java:144)
	at org.apache.hadoop.hdds.scm.storage.BlockInputStream.read(BlockInputStream.java:239)
	at org.apache.hadoop.ozone.client.io.KeyInputStream.read(KeyInputStream.java:171)
	at org.apache.hadoop.ozone.client.io.OzoneInputStream.read(OzoneInputStream.java:47)
	at java.io.InputStream.read(InputStream.java:101)
	at org.apache.hadoop.ozone.container.ContainerTestHelper.validateData(ContainerTestHelper.java:714)
	at org.apache.hadoop.ozone.client.rpc.TestBlockOutputStreamWithFailures.validateData(TestBlockOutputStreamWithFailures.java:1216)
	at org.apache.hadoop.ozone.client.rpc.TestBlockOutputStreamWithFailures.testFailureWithPrimeSizedData(TestBlockOutputStreamWithFailures.java:662)
	at sun.reflect.NativeMethodAccessorImpl.invoke0(Native Method)
	at sun.reflect.NativeMethodAccessorImpl.invoke(NativeMethodAccessorImpl.java:62)
	at sun.reflect.DelegatingMethodAccessorImpl.invoke(DelegatingMethodAccessorImpl.java:43)
	at java.lang.reflect.Method.invoke(Method.java:498)
	at org.junit.runners.model.FrameworkMethod$1.runReflectiveCall(FrameworkMethod.java:47)
	at org.junit.internal.runners.model.ReflectiveCallable.run(ReflectiveCallable.java:12)
	at org.junit.runners.model.FrameworkMethod.invokeExplosively(FrameworkMethod.java:44)
	at org.junit.internal.runners.statements.InvokeMethod.evaluate(InvokeMethod.java:17)
	at org.junit.internal.runners.statements.RunBefores.evaluate(RunBefores.java:26)
	at org.junit.internal.runners.statements.RunAfters.evaluate(RunAfters.java:27)
	at org.junit.runners.ParentRunner.runLeaf(ParentRunner.java:271)
	at org.junit.runners.BlockJUnit4ClassRunner.runChild(BlockJUnit4ClassRunner.java:70)
	at org.junit.runners.BlockJUnit4ClassRunner.runChild(BlockJUnit4ClassRunner.java:50)
	at org.junit.runners.ParentRunner$3.run(ParentRunner.java:238)
	at org.junit.runners.ParentRunner$1.schedule(ParentRunner.java:63)
	at org.junit.runners.ParentRunner.runChildren(ParentRunner.java:236)
	at org.junit.runners.ParentRunner.access$000(ParentRunner.java:53)
	at org.junit.runners.ParentRunner$2.evaluate(ParentRunner.java:229)
	at org.junit.runners.ParentRunner.run(ParentRunner.java:309)
	at org.apache.maven.surefire.junit4.JUnit4Provider.execute(JUnit4Provider.java:365)
	at org.apache.maven.surefire.junit4.JUnit4Provider.executeWithRerun(JUnit4Provider.java:273)
	at org.apache.maven.surefire.junit4.JUnit4Provider.executeTestSet(JUnit4Provider.java:238)
	at org.apache.maven.surefire.junit4.JUnit4Provider.invoke(JUnit4Provider.java:159)
	at org.apache.maven.surefire.booter.ForkedBooter.invokeProviderInSameClassLoader(ForkedBooter.java:384)
	at org.apache.maven.surefire.booter.ForkedBooter.runSuitesInProcess(ForkedBooter.java:345)
	at org.apache.maven.surefire.booter.ForkedBooter.execute(ForkedBooter.java:126)
	at org.apache.maven.surefire.booter.ForkedBooter.main(ForkedBooter.java:418)

Sep 05, 2019 7:08:03 PM org.apache.ratis.thirdparty.io.grpc.internal.ManagedChannelOrphanWrapper$ManagedChannelReference cleanQueue
SEVERE: *~*~*~ Channel ManagedChannelImpl{logId=2916, target=192.168.36.80:38466} was not shutdown properly!!! ~*~*~*
    Make sure to call shutdown()/shutdownNow() and wait until awaitTermination() returns true.
java.lang.RuntimeException: ManagedChannel allocation site
	at org.apache.ratis.thirdparty.io.grpc.internal.ManagedChannelOrphanWrapper$ManagedChannelReference.<init>(ManagedChannelOrphanWrapper.java:103)
	at org.apache.ratis.thirdparty.io.grpc.internal.ManagedChannelOrphanWrapper.<init>(ManagedChannelOrphanWrapper.java:53)
	at org.apache.ratis.thirdparty.io.grpc.internal.ManagedChannelOrphanWrapper.<init>(ManagedChannelOrphanWrapper.java:44)
	at org.apache.ratis.thirdparty.io.grpc.internal.AbstractManagedChannelImplBuilder.build(AbstractManagedChannelImplBuilder.java:411)
	at org.apache.hadoop.hdds.scm.XceiverClientGrpc.connectToDatanode(XceiverClientGrpc.java:175)
	at org.apache.hadoop.hdds.scm.XceiverClientGrpc.reconnect(XceiverClientGrpc.java:423)
	at org.apache.hadoop.hdds.scm.XceiverClientGrpc.sendCommandAsync(XceiverClientGrpc.java:372)
	at org.apache.hadoop.hdds.scm.XceiverClientGrpc.sendCommandWithRetry(XceiverClientGrpc.java:285)
	at org.apache.hadoop.hdds.scm.XceiverClientGrpc.sendCommandWithTraceIDAndRetry(XceiverClientGrpc.java:251)
	at org.apache.hadoop.hdds.scm.XceiverClientGrpc.sendCommand(XceiverClientGrpc.java:234)
	at org.apache.hadoop.hdds.scm.storage.ContainerProtocolCalls.getBlock(ContainerProtocolCalls.java:118)
	at org.apache.hadoop.hdds.scm.storage.BlockInputStream.getChunkInfos(BlockInputStream.java:167)
	at org.apache.hadoop.hdds.scm.storage.BlockInputStream.initialize(BlockInputStream.java:118)
	at org.apache.hadoop.hdds.scm.storage.BlockInputStream.read(BlockInputStream.java:222)
	at org.apache.hadoop.ozone.client.io.KeyInputStream.read(KeyInputStream.java:171)
	at org.apache.hadoop.ozone.client.io.OzoneInputStream.read(OzoneInputStream.java:47)
	at java.io.InputStream.read(InputStream.java:101)
	at org.apache.hadoop.ozone.container.ContainerTestHelper.validateData(ContainerTestHelper.java:714)
	at org.apache.hadoop.ozone.client.rpc.TestBlockOutputStreamWithFailures.validateData(TestBlockOutputStreamWithFailures.java:1216)
	at org.apache.hadoop.ozone.client.rpc.TestBlockOutputStreamWithFailures.testWatchForCommitDatanodeFailure(TestBlockOutputStreamWithFailures.java:393)
	at sun.reflect.NativeMethodAccessorImpl.invoke0(Native Method)
	at sun.reflect.NativeMethodAccessorImpl.invoke(NativeMethodAccessorImpl.java:62)
	at sun.reflect.DelegatingMethodAccessorImpl.invoke(DelegatingMethodAccessorImpl.java:43)
	at java.lang.reflect.Method.invoke(Method.java:498)
	at org.junit.runners.model.FrameworkMethod$1.runReflectiveCall(FrameworkMethod.java:47)
	at org.junit.internal.runners.model.ReflectiveCallable.run(ReflectiveCallable.java:12)
	at org.junit.runners.model.FrameworkMethod.invokeExplosively(FrameworkMethod.java:44)
	at org.junit.internal.runners.statements.InvokeMethod.evaluate(InvokeMethod.java:17)
	at org.junit.internal.runners.statements.RunBefores.evaluate(RunBefores.java:26)
	at org.junit.internal.runners.statements.RunAfters.evaluate(RunAfters.java:27)
	at org.junit.runners.ParentRunner.runLeaf(ParentRunner.java:271)
	at org.junit.runners.BlockJUnit4ClassRunner.runChild(BlockJUnit4ClassRunner.java:70)
	at org.junit.runners.BlockJUnit4ClassRunner.runChild(BlockJUnit4ClassRunner.java:50)
	at org.junit.runners.ParentRunner$3.run(ParentRunner.java:238)
	at org.junit.runners.ParentRunner$1.schedule(ParentRunner.java:63)
	at org.junit.runners.ParentRunner.runChildren(ParentRunner.java:236)
	at org.junit.runners.ParentRunner.access$000(ParentRunner.java:53)
	at org.junit.runners.ParentRunner$2.evaluate(ParentRunner.java:229)
	at org.junit.runners.ParentRunner.run(ParentRunner.java:309)
	at org.apache.maven.surefire.junit4.JUnit4Provider.execute(JUnit4Provider.java:365)
	at org.apache.maven.surefire.junit4.JUnit4Provider.executeWithRerun(JUnit4Provider.java:273)
	at org.apache.maven.surefire.junit4.JUnit4Provider.executeTestSet(JUnit4Provider.java:238)
	at org.apache.maven.surefire.junit4.JUnit4Provider.invoke(JUnit4Provider.java:159)
	at org.apache.maven.surefire.booter.ForkedBooter.invokeProviderInSameClassLoader(ForkedBooter.java:384)
	at org.apache.maven.surefire.booter.ForkedBooter.runSuitesInProcess(ForkedBooter.java:345)
	at org.apache.maven.surefire.booter.ForkedBooter.execute(ForkedBooter.java:126)
	at org.apache.maven.surefire.booter.ForkedBooter.main(ForkedBooter.java:418)

Sep 05, 2019 7:08:03 PM org.apache.ratis.thirdparty.io.grpc.internal.ManagedChannelOrphanWrapper$ManagedChannelReference cleanQueue
SEVERE: *~*~*~ Channel ManagedChannelImpl{logId=3172, target=192.168.36.80:38138} was not shutdown properly!!! ~*~*~*
    Make sure to call shutdown()/shutdownNow() and wait until awaitTermination() returns true.
java.lang.RuntimeException: ManagedChannel allocation site
	at org.apache.ratis.thirdparty.io.grpc.internal.ManagedChannelOrphanWrapper$ManagedChannelReference.<init>(ManagedChannelOrphanWrapper.java:103)
	at org.apache.ratis.thirdparty.io.grpc.internal.ManagedChannelOrphanWrapper.<init>(ManagedChannelOrphanWrapper.java:53)
	at org.apache.ratis.thirdparty.io.grpc.internal.ManagedChannelOrphanWrapper.<init>(ManagedChannelOrphanWrapper.java:44)
	at org.apache.ratis.thirdparty.io.grpc.internal.AbstractManagedChannelImplBuilder.build(AbstractManagedChannelImplBuilder.java:411)
	at org.apache.hadoop.hdds.scm.XceiverClientGrpc.connectToDatanode(XceiverClientGrpc.java:175)
	at org.apache.hadoop.hdds.scm.XceiverClientGrpc.reconnect(XceiverClientGrpc.java:423)
	at org.apache.hadoop.hdds.scm.XceiverClientGrpc.sendCommandAsync(XceiverClientGrpc.java:372)
	at org.apache.hadoop.hdds.scm.XceiverClientGrpc.sendCommandWithRetry(XceiverClientGrpc.java:285)
	at org.apache.hadoop.hdds.scm.XceiverClientGrpc.sendCommandWithTraceIDAndRetry(XceiverClientGrpc.java:251)
	at org.apache.hadoop.hdds.scm.XceiverClientGrpc.sendCommand(XceiverClientGrpc.java:234)
	at org.apache.hadoop.hdds.scm.storage.ContainerProtocolCalls.readChunk(ContainerProtocolCalls.java:245)
	at org.apache.hadoop.hdds.scm.storage.ChunkInputStream.readChunk(ChunkInputStream.java:335)
	at org.apache.hadoop.hdds.scm.storage.ChunkInputStream.readChunkFromContainer(ChunkInputStream.java:307)
	at org.apache.hadoop.hdds.scm.storage.ChunkInputStream.prepareRead(ChunkInputStream.java:259)
	at org.apache.hadoop.hdds.scm.storage.ChunkInputStream.read(ChunkInputStream.java:144)
	at org.apache.hadoop.hdds.scm.storage.BlockInputStream.read(BlockInputStream.java:239)
	at org.apache.hadoop.ozone.client.io.KeyInputStream.read(KeyInputStream.java:171)
	at org.apache.hadoop.ozone.client.io.OzoneInputStream.read(OzoneInputStream.java:47)
	at java.io.InputStream.read(InputStream.java:101)
	at org.apache.hadoop.ozone.container.ContainerTestHelper.validateData(ContainerTestHelper.java:714)
	at org.apache.hadoop.ozone.client.rpc.TestBlockOutputStreamWithFailures.validateData(TestBlockOutputStreamWithFailures.java:1216)
	at org.apache.hadoop.ozone.client.rpc.TestBlockOutputStreamWithFailures.testFailureWithPrimeSizedData(TestBlockOutputStreamWithFailures.java:662)
	at sun.reflect.NativeMethodAccessorImpl.invoke0(Native Method)
	at sun.reflect.NativeMethodAccessorImpl.invoke(NativeMethodAccessorImpl.java:62)
	at sun.reflect.DelegatingMethodAccessorImpl.invoke(DelegatingMethodAccessorImpl.java:43)
	at java.lang.reflect.Method.invoke(Method.java:498)
	at org.junit.runners.model.FrameworkMethod$1.runReflectiveCall(FrameworkMethod.java:47)
	at org.junit.internal.runners.model.ReflectiveCallable.run(ReflectiveCallable.java:12)
	at org.junit.runners.model.FrameworkMethod.invokeExplosively(FrameworkMethod.java:44)
	at org.junit.internal.runners.statements.InvokeMethod.evaluate(InvokeMethod.java:17)
	at org.junit.internal.runners.statements.RunBefores.evaluate(RunBefores.java:26)
	at org.junit.internal.runners.statements.RunAfters.evaluate(RunAfters.java:27)
	at org.junit.runners.ParentRunner.runLeaf(ParentRunner.java:271)
	at org.junit.runners.BlockJUnit4ClassRunner.runChild(BlockJUnit4ClassRunner.java:70)
	at org.junit.runners.BlockJUnit4ClassRunner.runChild(BlockJUnit4ClassRunner.java:50)
	at org.junit.runners.ParentRunner$3.run(ParentRunner.java:238)
	at org.junit.runners.ParentRunner$1.schedule(ParentRunner.java:63)
	at org.junit.runners.ParentRunner.runChildren(ParentRunner.java:236)
	at org.junit.runners.ParentRunner.access$000(ParentRunner.java:53)
	at org.junit.runners.ParentRunner$2.evaluate(ParentRunner.java:229)
	at org.junit.runners.ParentRunner.run(ParentRunner.java:309)
	at org.apache.maven.surefire.junit4.JUnit4Provider.execute(JUnit4Provider.java:365)
	at org.apache.maven.surefire.junit4.JUnit4Provider.executeWithRerun(JUnit4Provider.java:273)
	at org.apache.maven.surefire.junit4.JUnit4Provider.executeTestSet(JUnit4Provider.java:238)
	at org.apache.maven.surefire.junit4.JUnit4Provider.invoke(JUnit4Provider.java:159)
	at org.apache.maven.surefire.booter.ForkedBooter.invokeProviderInSameClassLoader(ForkedBooter.java:384)
	at org.apache.maven.surefire.booter.ForkedBooter.runSuitesInProcess(ForkedBooter.java:345)
	at org.apache.maven.surefire.booter.ForkedBooter.execute(ForkedBooter.java:126)
	at org.apache.maven.surefire.booter.ForkedBooter.main(ForkedBooter.java:418)

Sep 05, 2019 7:08:03 PM org.apache.ratis.thirdparty.io.grpc.internal.ManagedChannelOrphanWrapper$ManagedChannelReference cleanQueue
SEVERE: *~*~*~ Channel ManagedChannelImpl{logId=2602, target=192.168.36.80:36710} was not shutdown properly!!! ~*~*~*
    Make sure to call shutdown()/shutdownNow() and wait until awaitTermination() returns true.
java.lang.RuntimeException: ManagedChannel allocation site
	at org.apache.ratis.thirdparty.io.grpc.internal.ManagedChannelOrphanWrapper$ManagedChannelReference.<init>(ManagedChannelOrphanWrapper.java:103)
	at org.apache.ratis.thirdparty.io.grpc.internal.ManagedChannelOrphanWrapper.<init>(ManagedChannelOrphanWrapper.java:53)
	at org.apache.ratis.thirdparty.io.grpc.internal.ManagedChannelOrphanWrapper.<init>(ManagedChannelOrphanWrapper.java:44)
	at org.apache.ratis.thirdparty.io.grpc.internal.AbstractManagedChannelImplBuilder.build(AbstractManagedChannelImplBuilder.java:411)
	at org.apache.ratis.grpc.client.GrpcClientProtocolClient.<init>(GrpcClientProtocolClient.java:119)
	at org.apache.ratis.grpc.client.GrpcClientRpc.lambda$new$0(GrpcClientRpc.java:55)
	at org.apache.ratis.util.PeerProxyMap$PeerAndProxy.lambda$getProxy$0(PeerProxyMap.java:61)
	at org.apache.ratis.util.LifeCycle.startAndTransition(LifeCycle.java:202)
	at org.apache.ratis.util.PeerProxyMap$PeerAndProxy.getProxy(PeerProxyMap.java:60)
	at org.apache.ratis.util.PeerProxyMap.getProxy(PeerProxyMap.java:107)
	at org.apache.ratis.grpc.client.GrpcClientRpc.sendRequestAsync(GrpcClientRpc.java:66)
	at org.apache.ratis.client.impl.OrderedAsync.sendRequest(OrderedAsync.java:208)
	at org.apache.ratis.client.impl.OrderedAsync.sendRequestWithRetry(OrderedAsync.java:169)
	at org.apache.ratis.util.SlidingWindow$Client.sendOrDelayRequest(SlidingWindow.java:278)
	at org.apache.ratis.util.SlidingWindow$Client.submitNewRequest(SlidingWindow.java:257)
	at org.apache.ratis.client.impl.OrderedAsync.send(OrderedAsync.java:155)
	at org.apache.ratis.client.impl.RaftClientImpl.sendAsync(RaftClientImpl.java:145)
	at org.apache.ratis.client.impl.RaftClientImpl.sendAsync(RaftClientImpl.java:125)
	at org.apache.hadoop.hdds.scm.XceiverClientRatis.sendRequestAsync(XceiverClientRatis.java:224)
	at org.apache.hadoop.hdds.scm.XceiverClientRatis.sendCommandAsync(XceiverClientRatis.java:302)
	at org.apache.hadoop.hdds.scm.storage.ContainerProtocolCalls.writeChunkAsync(ContainerProtocolCalls.java:310)
	at org.apache.hadoop.hdds.scm.storage.BlockOutputStream.writeChunkToContainer(BlockOutputStream.java:601)
	at org.apache.hadoop.hdds.scm.storage.BlockOutputStream.writeChunk(BlockOutputStream.java:459)
	at org.apache.hadoop.hdds.scm.storage.BlockOutputStream.writeOnRetry(BlockOutputStream.java:285)
	at org.apache.hadoop.ozone.client.io.BlockOutputStreamEntry.writeOnRetry(BlockOutputStreamEntry.java:200)
	at org.apache.hadoop.ozone.client.io.KeyOutputStream.handleWrite(KeyOutputStream.java:209)
	at org.apache.hadoop.ozone.client.io.KeyOutputStream.handleRetry(KeyOutputStream.java:376)
	at org.apache.hadoop.ozone.client.io.KeyOutputStream.handleException(KeyOutputStream.java:325)
	at org.apache.hadoop.ozone.client.io.KeyOutputStream.handleFlushOrClose(KeyOutputStream.java:448)
	at org.apache.hadoop.ozone.client.io.KeyOutputStream.handleWrite(KeyOutputStream.java:235)
	at org.apache.hadoop.ozone.client.io.KeyOutputStream.write(KeyOutputStream.java:193)
	at org.apache.hadoop.ozone.client.io.OzoneOutputStream.write(OzoneOutputStream.java:49)
	at java.io.OutputStream.write(OutputStream.java:75)
	at org.apache.hadoop.ozone.client.rpc.TestBlockOutputStreamWithFailures.testWatchForCommitWithSingleNodeRatis(TestBlockOutputStreamWithFailures.java:885)
	at sun.reflect.NativeMethodAccessorImpl.invoke0(Native Method)
	at sun.reflect.NativeMethodAccessorImpl.invoke(NativeMethodAccessorImpl.java:62)
	at sun.reflect.DelegatingMethodAccessorImpl.invoke(DelegatingMethodAccessorImpl.java:43)
	at java.lang.reflect.Method.invoke(Method.java:498)
	at org.junit.runners.model.FrameworkMethod$1.runReflectiveCall(FrameworkMethod.java:47)
	at org.junit.internal.runners.model.ReflectiveCallable.run(ReflectiveCallable.java:12)
	at org.junit.runners.model.FrameworkMethod.invokeExplosively(FrameworkMethod.java:44)
	at org.junit.internal.runners.statements.InvokeMethod.evaluate(InvokeMethod.java:17)
	at org.junit.internal.runners.statements.RunBefores.evaluate(RunBefores.java:26)
	at org.junit.internal.runners.statements.RunAfters.evaluate(RunAfters.java:27)
	at org.junit.runners.ParentRunner.runLeaf(ParentRunner.java:271)
	at org.junit.runners.BlockJUnit4ClassRunner.runChild(BlockJUnit4ClassRunner.java:70)
	at org.junit.runners.BlockJUnit4ClassRunner.runChild(BlockJUnit4ClassRunner.java:50)
	at org.junit.runners.ParentRunner$3.run(ParentRunner.java:238)
	at org.junit.runners.ParentRunner$1.schedule(ParentRunner.java:63)
	at org.junit.runners.ParentRunner.runChildren(ParentRunner.java:236)
	at org.junit.runners.ParentRunner.access$000(ParentRunner.java:53)
	at org.junit.runners.ParentRunner$2.evaluate(ParentRunner.java:229)
	at org.junit.runners.ParentRunner.run(ParentRunner.java:309)
	at org.apache.maven.surefire.junit4.JUnit4Provider.execute(JUnit4Provider.java:365)
	at org.apache.maven.surefire.junit4.JUnit4Provider.executeWithRerun(JUnit4Provider.java:273)
	at org.apache.maven.surefire.junit4.JUnit4Provider.executeTestSet(JUnit4Provider.java:238)
	at org.apache.maven.surefire.junit4.JUnit4Provider.invoke(JUnit4Provider.java:159)
	at org.apache.maven.surefire.booter.ForkedBooter.invokeProviderInSameClassLoader(ForkedBooter.java:384)
	at org.apache.maven.surefire.booter.ForkedBooter.runSuitesInProcess(ForkedBooter.java:345)
	at org.apache.maven.surefire.booter.ForkedBooter.execute(ForkedBooter.java:126)
	at org.apache.maven.surefire.booter.ForkedBooter.main(ForkedBooter.java:418)

Sep 05, 2019 7:08:03 PM org.apache.ratis.thirdparty.io.grpc.internal.ManagedChannelOrphanWrapper$ManagedChannelReference cleanQueue
SEVERE: *~*~*~ Channel ManagedChannelImpl{logId=2902, target=192.168.36.80:36461} was not shutdown properly!!! ~*~*~*
    Make sure to call shutdown()/shutdownNow() and wait until awaitTermination() returns true.
java.lang.RuntimeException: ManagedChannel allocation site
	at org.apache.ratis.thirdparty.io.grpc.internal.ManagedChannelOrphanWrapper$ManagedChannelReference.<init>(ManagedChannelOrphanWrapper.java:103)
	at org.apache.ratis.thirdparty.io.grpc.internal.ManagedChannelOrphanWrapper.<init>(ManagedChannelOrphanWrapper.java:53)
	at org.apache.ratis.thirdparty.io.grpc.internal.ManagedChannelOrphanWrapper.<init>(ManagedChannelOrphanWrapper.java:44)
	at org.apache.ratis.thirdparty.io.grpc.internal.AbstractManagedChannelImplBuilder.build(AbstractManagedChannelImplBuilder.java:411)
	at org.apache.hadoop.hdds.scm.XceiverClientGrpc.connectToDatanode(XceiverClientGrpc.java:175)
	at org.apache.hadoop.hdds.scm.XceiverClientGrpc.reconnect(XceiverClientGrpc.java:423)
	at org.apache.hadoop.hdds.scm.XceiverClientGrpc.sendCommandAsync(XceiverClientGrpc.java:372)
	at org.apache.hadoop.hdds.scm.XceiverClientGrpc.sendCommandWithRetry(XceiverClientGrpc.java:285)
	at org.apache.hadoop.hdds.scm.XceiverClientGrpc.sendCommandWithTraceIDAndRetry(XceiverClientGrpc.java:251)
	at org.apache.hadoop.hdds.scm.XceiverClientGrpc.sendCommand(XceiverClientGrpc.java:234)
	at org.apache.hadoop.hdds.scm.storage.ContainerProtocolCalls.getBlock(ContainerProtocolCalls.java:118)
	at org.apache.hadoop.hdds.scm.storage.BlockInputStream.getChunkInfos(BlockInputStream.java:167)
	at org.apache.hadoop.hdds.scm.storage.BlockInputStream.initialize(BlockInputStream.java:118)
	at org.apache.hadoop.hdds.scm.storage.BlockInputStream.read(BlockInputStream.java:222)
	at org.apache.hadoop.ozone.client.io.KeyInputStream.read(KeyInputStream.java:171)
	at org.apache.hadoop.ozone.client.io.OzoneInputStream.read(OzoneInputStream.java:47)
	at java.io.InputStream.read(InputStream.java:101)
	at org.apache.hadoop.ozone.container.ContainerTestHelper.validateData(ContainerTestHelper.java:714)
	at org.apache.hadoop.ozone.client.rpc.TestBlockOutputStreamWithFailures.validateData(TestBlockOutputStreamWithFailures.java:1216)
	at org.apache.hadoop.ozone.client.rpc.TestBlockOutputStreamWithFailures.testWatchForCommitDatanodeFailure(TestBlockOutputStreamWithFailures.java:393)
	at sun.reflect.NativeMethodAccessorImpl.invoke0(Native Method)
	at sun.reflect.NativeMethodAccessorImpl.invoke(NativeMethodAccessorImpl.java:62)
	at sun.reflect.DelegatingMethodAccessorImpl.invoke(DelegatingMethodAccessorImpl.java:43)
	at java.lang.reflect.Method.invoke(Method.java:498)
	at org.junit.runners.model.FrameworkMethod$1.runReflectiveCall(FrameworkMethod.java:47)
	at org.junit.internal.runners.model.ReflectiveCallable.run(ReflectiveCallable.java:12)
	at org.junit.runners.model.FrameworkMethod.invokeExplosively(FrameworkMethod.java:44)
	at org.junit.internal.runners.statements.InvokeMethod.evaluate(InvokeMethod.java:17)
	at org.junit.internal.runners.statements.RunBefores.evaluate(RunBefores.java:26)
	at org.junit.internal.runners.statements.RunAfters.evaluate(RunAfters.java:27)
	at org.junit.runners.ParentRunner.runLeaf(ParentRunner.java:271)
	at org.junit.runners.BlockJUnit4ClassRunner.runChild(BlockJUnit4ClassRunner.java:70)
	at org.junit.runners.BlockJUnit4ClassRunner.runChild(BlockJUnit4ClassRunner.java:50)
	at org.junit.runners.ParentRunner$3.run(ParentRunner.java:238)
	at org.junit.runners.ParentRunner$1.schedule(ParentRunner.java:63)
	at org.junit.runners.ParentRunner.runChildren(ParentRunner.java:236)
	at org.junit.runners.ParentRunner.access$000(ParentRunner.java:53)
	at org.junit.runners.ParentRunner$2.evaluate(ParentRunner.java:229)
	at org.junit.runners.ParentRunner.run(ParentRunner.java:309)
	at org.apache.maven.surefire.junit4.JUnit4Provider.execute(JUnit4Provider.java:365)
	at org.apache.maven.surefire.junit4.JUnit4Provider.executeWithRerun(JUnit4Provider.java:273)
	at org.apache.maven.surefire.junit4.JUnit4Provider.executeTestSet(JUnit4Provider.java:238)
	at org.apache.maven.surefire.junit4.JUnit4Provider.invoke(JUnit4Provider.java:159)
	at org.apache.maven.surefire.booter.ForkedBooter.invokeProviderInSameClassLoader(ForkedBooter.java:384)
	at org.apache.maven.surefire.booter.ForkedBooter.runSuitesInProcess(ForkedBooter.java:345)
	at org.apache.maven.surefire.booter.ForkedBooter.execute(ForkedBooter.java:126)
	at org.apache.maven.surefire.booter.ForkedBooter.main(ForkedBooter.java:418)

Sep 05, 2019 7:08:03 PM org.apache.ratis.thirdparty.io.grpc.internal.ManagedChannelOrphanWrapper$ManagedChannelReference cleanQueue
SEVERE: *~*~*~ Channel ManagedChannelImpl{logId=2907, target=192.168.36.80:40798} was not shutdown properly!!! ~*~*~*
    Make sure to call shutdown()/shutdownNow() and wait until awaitTermination() returns true.
java.lang.RuntimeException: ManagedChannel allocation site
	at org.apache.ratis.thirdparty.io.grpc.internal.ManagedChannelOrphanWrapper$ManagedChannelReference.<init>(ManagedChannelOrphanWrapper.java:103)
	at org.apache.ratis.thirdparty.io.grpc.internal.ManagedChannelOrphanWrapper.<init>(ManagedChannelOrphanWrapper.java:53)
	at org.apache.ratis.thirdparty.io.grpc.internal.ManagedChannelOrphanWrapper.<init>(ManagedChannelOrphanWrapper.java:44)
	at org.apache.ratis.thirdparty.io.grpc.internal.AbstractManagedChannelImplBuilder.build(AbstractManagedChannelImplBuilder.java:411)
	at org.apache.hadoop.hdds.scm.XceiverClientGrpc.connectToDatanode(XceiverClientGrpc.java:175)
	at org.apache.hadoop.hdds.scm.XceiverClientGrpc.reconnect(XceiverClientGrpc.java:423)
	at org.apache.hadoop.hdds.scm.XceiverClientGrpc.sendCommandAsync(XceiverClientGrpc.java:372)
	at org.apache.hadoop.hdds.scm.XceiverClientGrpc.sendCommandWithRetry(XceiverClientGrpc.java:285)
	at org.apache.hadoop.hdds.scm.XceiverClientGrpc.sendCommandWithTraceIDAndRetry(XceiverClientGrpc.java:251)
	at org.apache.hadoop.hdds.scm.XceiverClientGrpc.sendCommand(XceiverClientGrpc.java:234)
	at org.apache.hadoop.hdds.scm.storage.ContainerProtocolCalls.readChunk(ContainerProtocolCalls.java:245)
	at org.apache.hadoop.hdds.scm.storage.ChunkInputStream.readChunk(ChunkInputStream.java:335)
	at org.apache.hadoop.hdds.scm.storage.ChunkInputStream.readChunkFromContainer(ChunkInputStream.java:307)
	at org.apache.hadoop.hdds.scm.storage.ChunkInputStream.prepareRead(ChunkInputStream.java:259)
	at org.apache.hadoop.hdds.scm.storage.ChunkInputStream.read(ChunkInputStream.java:144)
	at org.apache.hadoop.hdds.scm.storage.BlockInputStream.read(BlockInputStream.java:239)
	at org.apache.hadoop.ozone.client.io.KeyInputStream.read(KeyInputStream.java:171)
	at org.apache.hadoop.ozone.client.io.OzoneInputStream.read(OzoneInputStream.java:47)
	at java.io.InputStream.read(InputStream.java:101)
	at org.apache.hadoop.ozone.container.ContainerTestHelper.validateData(ContainerTestHelper.java:714)
	at org.apache.hadoop.ozone.client.rpc.TestBlockOutputStreamWithFailures.validateData(TestBlockOutputStreamWithFailures.java:1216)
	at org.apache.hadoop.ozone.client.rpc.TestBlockOutputStreamWithFailures.testWatchForCommitDatanodeFailure(TestBlockOutputStreamWithFailures.java:393)
	at sun.reflect.NativeMethodAccessorImpl.invoke0(Native Method)
	at sun.reflect.NativeMethodAccessorImpl.invoke(NativeMethodAccessorImpl.java:62)
	at sun.reflect.DelegatingMethodAccessorImpl.invoke(DelegatingMethodAccessorImpl.java:43)
	at java.lang.reflect.Method.invoke(Method.java:498)
	at org.junit.runners.model.FrameworkMethod$1.runReflectiveCall(FrameworkMethod.java:47)
	at org.junit.internal.runners.model.ReflectiveCallable.run(ReflectiveCallable.java:12)
	at org.junit.runners.model.FrameworkMethod.invokeExplosively(FrameworkMethod.java:44)
	at org.junit.internal.runners.statements.InvokeMethod.evaluate(InvokeMethod.java:17)
	at org.junit.internal.runners.statements.RunBefores.evaluate(RunBefores.java:26)
	at org.junit.internal.runners.statements.RunAfters.evaluate(RunAfters.java:27)
	at org.junit.runners.ParentRunner.runLeaf(ParentRunner.java:271)
	at org.junit.runners.BlockJUnit4ClassRunner.runChild(BlockJUnit4ClassRunner.java:70)
	at org.junit.runners.BlockJUnit4ClassRunner.runChild(BlockJUnit4ClassRunner.java:50)
	at org.junit.runners.ParentRunner$3.run(ParentRunner.java:238)
	at org.junit.runners.ParentRunner$1.schedule(ParentRunner.java:63)
	at org.junit.runners.ParentRunner.runChildren(ParentRunner.java:236)
	at org.junit.runners.ParentRunner.access$000(ParentRunner.java:53)
	at org.junit.runners.ParentRunner$2.evaluate(ParentRunner.java:229)
	at org.junit.runners.ParentRunner.run(ParentRunner.java:309)
	at org.apache.maven.surefire.junit4.JUnit4Provider.execute(JUnit4Provider.java:365)
	at org.apache.maven.surefire.junit4.JUnit4Provider.executeWithRerun(JUnit4Provider.java:273)
	at org.apache.maven.surefire.junit4.JUnit4Provider.executeTestSet(JUnit4Provider.java:238)
	at org.apache.maven.surefire.junit4.JUnit4Provider.invoke(JUnit4Provider.java:159)
	at org.apache.maven.surefire.booter.ForkedBooter.invokeProviderInSameClassLoader(ForkedBooter.java:384)
	at org.apache.maven.surefire.booter.ForkedBooter.runSuitesInProcess(ForkedBooter.java:345)
	at org.apache.maven.surefire.booter.ForkedBooter.execute(ForkedBooter.java:126)
	at org.apache.maven.surefire.booter.ForkedBooter.main(ForkedBooter.java:418)

Sep 05, 2019 7:08:03 PM org.apache.ratis.thirdparty.io.grpc.internal.ManagedChannelOrphanWrapper$ManagedChannelReference cleanQueue
SEVERE: *~*~*~ Channel ManagedChannelImpl{logId=2612, target=192.168.36.80:43660} was not shutdown properly!!! ~*~*~*
    Make sure to call shutdown()/shutdownNow() and wait until awaitTermination() returns true.
java.lang.RuntimeException: ManagedChannel allocation site
	at org.apache.ratis.thirdparty.io.grpc.internal.ManagedChannelOrphanWrapper$ManagedChannelReference.<init>(ManagedChannelOrphanWrapper.java:103)
	at org.apache.ratis.thirdparty.io.grpc.internal.ManagedChannelOrphanWrapper.<init>(ManagedChannelOrphanWrapper.java:53)
	at org.apache.ratis.thirdparty.io.grpc.internal.ManagedChannelOrphanWrapper.<init>(ManagedChannelOrphanWrapper.java:44)
	at org.apache.ratis.thirdparty.io.grpc.internal.AbstractManagedChannelImplBuilder.build(AbstractManagedChannelImplBuilder.java:411)
	at org.apache.hadoop.hdds.scm.XceiverClientGrpc.connectToDatanode(XceiverClientGrpc.java:175)
	at org.apache.hadoop.hdds.scm.XceiverClientGrpc.reconnect(XceiverClientGrpc.java:423)
	at org.apache.hadoop.hdds.scm.XceiverClientGrpc.sendCommandAsync(XceiverClientGrpc.java:372)
	at org.apache.hadoop.hdds.scm.XceiverClientGrpc.sendCommandWithRetry(XceiverClientGrpc.java:285)
	at org.apache.hadoop.hdds.scm.XceiverClientGrpc.sendCommandWithTraceIDAndRetry(XceiverClientGrpc.java:251)
	at org.apache.hadoop.hdds.scm.XceiverClientGrpc.sendCommand(XceiverClientGrpc.java:234)
	at org.apache.hadoop.hdds.scm.storage.ContainerProtocolCalls.getBlock(ContainerProtocolCalls.java:118)
	at org.apache.hadoop.hdds.scm.storage.BlockInputStream.getChunkInfos(BlockInputStream.java:167)
	at org.apache.hadoop.hdds.scm.storage.BlockInputStream.initialize(BlockInputStream.java:118)
	at org.apache.hadoop.hdds.scm.storage.BlockInputStream.read(BlockInputStream.java:222)
	at org.apache.hadoop.ozone.client.io.KeyInputStream.read(KeyInputStream.java:171)
	at org.apache.hadoop.ozone.client.io.OzoneInputStream.read(OzoneInputStream.java:47)
	at java.io.InputStream.read(InputStream.java:101)
	at org.apache.hadoop.ozone.container.ContainerTestHelper.validateData(ContainerTestHelper.java:714)
	at org.apache.hadoop.ozone.client.rpc.TestBlockOutputStreamWithFailures.validateData(TestBlockOutputStreamWithFailures.java:1216)
	at org.apache.hadoop.ozone.client.rpc.TestBlockOutputStreamWithFailures.testWatchForCommitWithSingleNodeRatis(TestBlockOutputStreamWithFailures.java:918)
	at sun.reflect.NativeMethodAccessorImpl.invoke0(Native Method)
	at sun.reflect.NativeMethodAccessorImpl.invoke(NativeMethodAccessorImpl.java:62)
	at sun.reflect.DelegatingMethodAccessorImpl.invoke(DelegatingMethodAccessorImpl.java:43)
	at java.lang.reflect.Method.invoke(Method.java:498)
	at org.junit.runners.model.FrameworkMethod$1.runReflectiveCall(FrameworkMethod.java:47)
	at org.junit.internal.runners.model.ReflectiveCallable.run(ReflectiveCallable.java:12)
	at org.junit.runners.model.FrameworkMethod.invokeExplosively(FrameworkMethod.java:44)
	at org.junit.internal.runners.statements.InvokeMethod.evaluate(InvokeMethod.java:17)
	at org.junit.internal.runners.statements.RunBefores.evaluate(RunBefores.java:26)
	at org.junit.internal.runners.statements.RunAfters.evaluate(RunAfters.java:27)
	at org.junit.runners.ParentRunner.runLeaf(ParentRunner.java:271)
	at org.junit.runners.BlockJUnit4ClassRunner.runChild(BlockJUnit4ClassRunner.java:70)
	at org.junit.runners.BlockJUnit4ClassRunner.runChild(BlockJUnit4ClassRunner.java:50)
	at org.junit.runners.ParentRunner$3.run(ParentRunner.java:238)
	at org.junit.runners.ParentRunner$1.schedule(ParentRunner.java:63)
	at org.junit.runners.ParentRunner.runChildren(ParentRunner.java:236)
	at org.junit.runners.ParentRunner.access$000(ParentRunner.java:53)
	at org.junit.runners.ParentRunner$2.evaluate(ParentRunner.java:229)
	at org.junit.runners.ParentRunner.run(ParentRunner.java:309)
	at org.apache.maven.surefire.junit4.JUnit4Provider.execute(JUnit4Provider.java:365)
	at org.apache.maven.surefire.junit4.JUnit4Provider.executeWithRerun(JUnit4Provider.java:273)
	at org.apache.maven.surefire.junit4.JUnit4Provider.executeTestSet(JUnit4Provider.java:238)
	at org.apache.maven.surefire.junit4.JUnit4Provider.invoke(JUnit4Provider.java:159)
	at org.apache.maven.surefire.booter.ForkedBooter.invokeProviderInSameClassLoader(ForkedBooter.java:384)
	at org.apache.maven.surefire.booter.ForkedBooter.runSuitesInProcess(ForkedBooter.java:345)
	at org.apache.maven.surefire.booter.ForkedBooter.execute(ForkedBooter.java:126)
	at org.apache.maven.surefire.booter.ForkedBooter.main(ForkedBooter.java:418)

Sep 05, 2019 7:08:03 PM org.apache.ratis.thirdparty.io.grpc.internal.ManagedChannelOrphanWrapper$ManagedChannelReference cleanQueue
SEVERE: *~*~*~ Channel ManagedChannelImpl{logId=2897, target=192.168.36.80:46824} was not shutdown properly!!! ~*~*~*
    Make sure to call shutdown()/shutdownNow() and wait until awaitTermination() returns true.
java.lang.RuntimeException: ManagedChannel allocation site
	at org.apache.ratis.thirdparty.io.grpc.internal.ManagedChannelOrphanWrapper$ManagedChannelReference.<init>(ManagedChannelOrphanWrapper.java:103)
	at org.apache.ratis.thirdparty.io.grpc.internal.ManagedChannelOrphanWrapper.<init>(ManagedChannelOrphanWrapper.java:53)
	at org.apache.ratis.thirdparty.io.grpc.internal.ManagedChannelOrphanWrapper.<init>(ManagedChannelOrphanWrapper.java:44)
	at org.apache.ratis.thirdparty.io.grpc.internal.AbstractManagedChannelImplBuilder.build(AbstractManagedChannelImplBuilder.java:411)
	at org.apache.ratis.grpc.client.GrpcClientProtocolClient.<init>(GrpcClientProtocolClient.java:119)
	at org.apache.ratis.grpc.client.GrpcClientRpc.lambda$new$0(GrpcClientRpc.java:55)
	at org.apache.ratis.util.PeerProxyMap$PeerAndProxy.lambda$getProxy$0(PeerProxyMap.java:61)
	at org.apache.ratis.util.LifeCycle.startAndTransition(LifeCycle.java:202)
	at org.apache.ratis.util.PeerProxyMap$PeerAndProxy.getProxy(PeerProxyMap.java:60)
	at org.apache.ratis.util.PeerProxyMap.getProxy(PeerProxyMap.java:107)
	at org.apache.ratis.grpc.client.GrpcClientRpc.sendRequestAsync(GrpcClientRpc.java:66)
	at org.apache.ratis.client.impl.OrderedAsync.sendRequest(OrderedAsync.java:208)
	at org.apache.ratis.client.impl.OrderedAsync.sendRequestWithRetry(OrderedAsync.java:169)
	at org.apache.ratis.util.SlidingWindow$Client.sendOrDelayRequest(SlidingWindow.java:278)
	at org.apache.ratis.util.SlidingWindow$Client.retry(SlidingWindow.java:294)
	at org.apache.ratis.client.impl.OrderedAsync.lambda$scheduleWithTimeout$7(OrderedAsync.java:195)
	at org.apache.ratis.util.TimeoutScheduler.lambda$onTimeout$0(TimeoutScheduler.java:85)
	at org.apache.ratis.util.TimeoutScheduler.lambda$onTimeout$1(TimeoutScheduler.java:104)
	at org.apache.ratis.util.LogUtils.runAndLog(LogUtils.java:50)
	at org.apache.ratis.util.LogUtils$1.run(LogUtils.java:91)
	at java.util.concurrent.Executors$RunnableAdapter.call(Executors.java:511)
	at java.util.concurrent.FutureTask.run(FutureTask.java:266)
	at java.util.concurrent.ScheduledThreadPoolExecutor$ScheduledFutureTask.access$201(ScheduledThreadPoolExecutor.java:180)
	at java.util.concurrent.ScheduledThreadPoolExecutor$ScheduledFutureTask.run(ScheduledThreadPoolExecutor.java:293)
	at java.util.concurrent.ThreadPoolExecutor.runWorker(ThreadPoolExecutor.java:1149)
	at java.util.concurrent.ThreadPoolExecutor$Worker.run(ThreadPoolExecutor.java:624)
	at java.lang.Thread.run(Thread.java:748)

Sep 05, 2019 7:08:03 PM org.apache.ratis.thirdparty.io.grpc.internal.ManagedChannelOrphanWrapper$ManagedChannelReference cleanQueue
SEVERE: *~*~*~ Channel ManagedChannelImpl{logId=3177, target=192.168.36.80:38188} was not shutdown properly!!! ~*~*~*
    Make sure to call shutdown()/shutdownNow() and wait until awaitTermination() returns true.
java.lang.RuntimeException: ManagedChannel allocation site
	at org.apache.ratis.thirdparty.io.grpc.internal.ManagedChannelOrphanWrapper$ManagedChannelReference.<init>(ManagedChannelOrphanWrapper.java:103)
	at org.apache.ratis.thirdparty.io.grpc.internal.ManagedChannelOrphanWrapper.<init>(ManagedChannelOrphanWrapper.java:53)
	at org.apache.ratis.thirdparty.io.grpc.internal.ManagedChannelOrphanWrapper.<init>(ManagedChannelOrphanWrapper.java:44)
	at org.apache.ratis.thirdparty.io.grpc.internal.AbstractManagedChannelImplBuilder.build(AbstractManagedChannelImplBuilder.java:411)
	at org.apache.hadoop.hdds.scm.XceiverClientGrpc.connectToDatanode(XceiverClientGrpc.java:175)
	at org.apache.hadoop.hdds.scm.XceiverClientGrpc.reconnect(XceiverClientGrpc.java:423)
	at org.apache.hadoop.hdds.scm.XceiverClientGrpc.sendCommandAsync(XceiverClientGrpc.java:372)
	at org.apache.hadoop.hdds.scm.XceiverClientGrpc.sendCommandWithRetry(XceiverClientGrpc.java:285)
	at org.apache.hadoop.hdds.scm.XceiverClientGrpc.sendCommandWithTraceIDAndRetry(XceiverClientGrpc.java:251)
	at org.apache.hadoop.hdds.scm.XceiverClientGrpc.sendCommand(XceiverClientGrpc.java:234)
	at org.apache.hadoop.hdds.scm.storage.ContainerProtocolCalls.getBlock(ContainerProtocolCalls.java:118)
	at org.apache.hadoop.hdds.scm.storage.BlockInputStream.getChunkInfos(BlockInputStream.java:167)
	at org.apache.hadoop.hdds.scm.storage.BlockInputStream.initialize(BlockInputStream.java:118)
	at org.apache.hadoop.hdds.scm.storage.BlockInputStream.read(BlockInputStream.java:222)
	at org.apache.hadoop.ozone.client.io.KeyInputStream.read(KeyInputStream.java:171)
	at org.apache.hadoop.ozone.client.io.OzoneInputStream.read(OzoneInputStream.java:47)
	at java.io.InputStream.read(InputStream.java:101)
	at org.apache.hadoop.ozone.container.ContainerTestHelper.validateData(ContainerTestHelper.java:714)
	at org.apache.hadoop.ozone.client.rpc.TestBlockOutputStreamWithFailures.validateData(TestBlockOutputStreamWithFailures.java:1216)
	at org.apache.hadoop.ozone.client.rpc.TestBlockOutputStreamWithFailures.testFailureWithPrimeSizedData(TestBlockOutputStreamWithFailures.java:662)
	at sun.reflect.NativeMethodAccessorImpl.invoke0(Native Method)
	at sun.reflect.NativeMethodAccessorImpl.invoke(NativeMethodAccessorImpl.java:62)
	at sun.reflect.DelegatingMethodAccessorImpl.invoke(DelegatingMethodAccessorImpl.java:43)
	at java.lang.reflect.Method.invoke(Method.java:498)
	at org.junit.runners.model.FrameworkMethod$1.runReflectiveCall(FrameworkMethod.java:47)
	at org.junit.internal.runners.model.ReflectiveCallable.run(ReflectiveCallable.java:12)
	at org.junit.runners.model.FrameworkMethod.invokeExplosively(FrameworkMethod.java:44)
	at org.junit.internal.runners.statements.InvokeMethod.evaluate(InvokeMethod.java:17)
	at org.junit.internal.runners.statements.RunBefores.evaluate(RunBefores.java:26)
	at org.junit.internal.runners.statements.RunAfters.evaluate(RunAfters.java:27)
	at org.junit.runners.ParentRunner.runLeaf(ParentRunner.java:271)
	at org.junit.runners.BlockJUnit4ClassRunner.runChild(BlockJUnit4ClassRunner.java:70)
	at org.junit.runners.BlockJUnit4ClassRunner.runChild(BlockJUnit4ClassRunner.java:50)
	at org.junit.runners.ParentRunner$3.run(ParentRunner.java:238)
	at org.junit.runners.ParentRunner$1.schedule(ParentRunner.java:63)
	at org.junit.runners.ParentRunner.runChildren(ParentRunner.java:236)
	at org.junit.runners.ParentRunner.access$000(ParentRunner.java:53)
	at org.junit.runners.ParentRunner$2.evaluate(ParentRunner.java:229)
	at org.junit.runners.ParentRunner.run(ParentRunner.java:309)
	at org.apache.maven.surefire.junit4.JUnit4Provider.execute(JUnit4Provider.java:365)
	at org.apache.maven.surefire.junit4.JUnit4Provider.executeWithRerun(JUnit4Provider.java:273)
	at org.apache.maven.surefire.junit4.JUnit4Provider.executeTestSet(JUnit4Provider.java:238)
	at org.apache.maven.surefire.junit4.JUnit4Provider.invoke(JUnit4Provider.java:159)
	at org.apache.maven.surefire.booter.ForkedBooter.invokeProviderInSameClassLoader(ForkedBooter.java:384)
	at org.apache.maven.surefire.booter.ForkedBooter.runSuitesInProcess(ForkedBooter.java:345)
	at org.apache.maven.surefire.booter.ForkedBooter.execute(ForkedBooter.java:126)
	at org.apache.maven.surefire.booter.ForkedBooter.main(ForkedBooter.java:418)

Sep 05, 2019 7:08:03 PM org.apache.ratis.thirdparty.io.grpc.internal.ManagedChannelOrphanWrapper$ManagedChannelReference cleanQueue
SEVERE: *~*~*~ Channel ManagedChannelImpl{logId=2912, target=192.168.36.80:41119} was not shutdown properly!!! ~*~*~*
    Make sure to call shutdown()/shutdownNow() and wait until awaitTermination() returns true.
java.lang.RuntimeException: ManagedChannel allocation site
	at org.apache.ratis.thirdparty.io.grpc.internal.ManagedChannelOrphanWrapper$ManagedChannelReference.<init>(ManagedChannelOrphanWrapper.java:103)
	at org.apache.ratis.thirdparty.io.grpc.internal.ManagedChannelOrphanWrapper.<init>(ManagedChannelOrphanWrapper.java:53)
	at org.apache.ratis.thirdparty.io.grpc.internal.ManagedChannelOrphanWrapper.<init>(ManagedChannelOrphanWrapper.java:44)
	at org.apache.ratis.thirdparty.io.grpc.internal.AbstractManagedChannelImplBuilder.build(AbstractManagedChannelImplBuilder.java:411)
	at org.apache.hadoop.hdds.scm.XceiverClientGrpc.connectToDatanode(XceiverClientGrpc.java:175)
	at org.apache.hadoop.hdds.scm.XceiverClientGrpc.reconnect(XceiverClientGrpc.java:423)
	at org.apache.hadoop.hdds.scm.XceiverClientGrpc.sendCommandAsync(XceiverClientGrpc.java:372)
	at org.apache.hadoop.hdds.scm.XceiverClientGrpc.sendCommandWithRetry(XceiverClientGrpc.java:285)
	at org.apache.hadoop.hdds.scm.XceiverClientGrpc.sendCommandWithTraceIDAndRetry(XceiverClientGrpc.java:251)
	at org.apache.hadoop.hdds.scm.XceiverClientGrpc.sendCommand(XceiverClientGrpc.java:234)
	at org.apache.hadoop.hdds.scm.storage.ContainerProtocolCalls.readChunk(ContainerProtocolCalls.java:245)
	at org.apache.hadoop.hdds.scm.storage.ChunkInputStream.readChunk(ChunkInputStream.java:335)
	at org.apache.hadoop.hdds.scm.storage.ChunkInputStream.readChunkFromContainer(ChunkInputStream.java:307)
	at org.apache.hadoop.hdds.scm.storage.ChunkInputStream.prepareRead(ChunkInputStream.java:259)
	at org.apache.hadoop.hdds.scm.storage.ChunkInputStream.read(ChunkInputStream.java:144)
	at org.apache.hadoop.hdds.scm.storage.BlockInputStream.read(BlockInputStream.java:239)
	at org.apache.hadoop.ozone.client.io.KeyInputStream.read(KeyInputStream.java:171)
	at org.apache.hadoop.ozone.client.io.OzoneInputStream.read(OzoneInputStream.java:47)
	at java.io.InputStream.read(InputStream.java:101)
	at org.apache.hadoop.ozone.container.ContainerTestHelper.validateData(ContainerTestHelper.java:714)
	at org.apache.hadoop.ozone.client.rpc.TestBlockOutputStreamWithFailures.validateData(TestBlockOutputStreamWithFailures.java:1216)
	at org.apache.hadoop.ozone.client.rpc.TestBlockOutputStreamWithFailures.testWatchForCommitDatanodeFailure(TestBlockOutputStreamWithFailures.java:393)
	at sun.reflect.NativeMethodAccessorImpl.invoke0(Native Method)
	at sun.reflect.NativeMethodAccessorImpl.invoke(NativeMethodAccessorImpl.java:62)
	at sun.reflect.DelegatingMethodAccessorImpl.invoke(DelegatingMethodAccessorImpl.java:43)
	at java.lang.reflect.Method.invoke(Method.java:498)
	at org.junit.runners.model.FrameworkMethod$1.runReflectiveCall(FrameworkMethod.java:47)
	at org.junit.internal.runners.model.ReflectiveCallable.run(ReflectiveCallable.java:12)
	at org.junit.runners.model.FrameworkMethod.invokeExplosively(FrameworkMethod.java:44)
	at org.junit.internal.runners.statements.InvokeMethod.evaluate(InvokeMethod.java:17)
	at org.junit.internal.runners.statements.RunBefores.evaluate(RunBefores.java:26)
	at org.junit.internal.runners.statements.RunAfters.evaluate(RunAfters.java:27)
	at org.junit.runners.ParentRunner.runLeaf(ParentRunner.java:271)
	at org.junit.runners.BlockJUnit4ClassRunner.runChild(BlockJUnit4ClassRunner.java:70)
	at org.junit.runners.BlockJUnit4ClassRunner.runChild(BlockJUnit4ClassRunner.java:50)
	at org.junit.runners.ParentRunner$3.run(ParentRunner.java:238)
	at org.junit.runners.ParentRunner$1.schedule(ParentRunner.java:63)
	at org.junit.runners.ParentRunner.runChildren(ParentRunner.java:236)
	at org.junit.runners.ParentRunner.access$000(ParentRunner.java:53)
	at org.junit.runners.ParentRunner$2.evaluate(ParentRunner.java:229)
	at org.junit.runners.ParentRunner.run(ParentRunner.java:309)
	at org.apache.maven.surefire.junit4.JUnit4Provider.execute(JUnit4Provider.java:365)
	at org.apache.maven.surefire.junit4.JUnit4Provider.executeWithRerun(JUnit4Provider.java:273)
	at org.apache.maven.surefire.junit4.JUnit4Provider.executeTestSet(JUnit4Provider.java:238)
	at org.apache.maven.surefire.junit4.JUnit4Provider.invoke(JUnit4Provider.java:159)
	at org.apache.maven.surefire.booter.ForkedBooter.invokeProviderInSameClassLoader(ForkedBooter.java:384)
	at org.apache.maven.surefire.booter.ForkedBooter.runSuitesInProcess(ForkedBooter.java:345)
	at org.apache.maven.surefire.booter.ForkedBooter.execute(ForkedBooter.java:126)
	at org.apache.maven.surefire.booter.ForkedBooter.main(ForkedBooter.java:418)

Sep 05, 2019 7:08:03 PM org.apache.ratis.thirdparty.io.grpc.internal.ManagedChannelOrphanWrapper$ManagedChannelReference cleanQueue
SEVERE: *~*~*~ Channel ManagedChannelImpl{logId=3162, target=192.168.36.80:34258} was not shutdown properly!!! ~*~*~*
    Make sure to call shutdown()/shutdownNow() and wait until awaitTermination() returns true.
java.lang.RuntimeException: ManagedChannel allocation site
	at org.apache.ratis.thirdparty.io.grpc.internal.ManagedChannelOrphanWrapper$ManagedChannelReference.<init>(ManagedChannelOrphanWrapper.java:103)
	at org.apache.ratis.thirdparty.io.grpc.internal.ManagedChannelOrphanWrapper.<init>(ManagedChannelOrphanWrapper.java:53)
	at org.apache.ratis.thirdparty.io.grpc.internal.ManagedChannelOrphanWrapper.<init>(ManagedChannelOrphanWrapper.java:44)
	at org.apache.ratis.thirdparty.io.grpc.internal.AbstractManagedChannelImplBuilder.build(AbstractManagedChannelImplBuilder.java:411)
	at org.apache.ratis.grpc.client.GrpcClientProtocolClient.<init>(GrpcClientProtocolClient.java:119)
	at org.apache.ratis.grpc.client.GrpcClientRpc.lambda$new$0(GrpcClientRpc.java:55)
	at org.apache.ratis.util.PeerProxyMap$PeerAndProxy.lambda$getProxy$0(PeerProxyMap.java:61)
	at org.apache.ratis.util.LifeCycle.startAndTransition(LifeCycle.java:202)
	at org.apache.ratis.util.PeerProxyMap$PeerAndProxy.getProxy(PeerProxyMap.java:60)
	at org.apache.ratis.util.PeerProxyMap.getProxy(PeerProxyMap.java:107)
	at org.apache.ratis.grpc.client.GrpcClientRpc.sendRequestAsync(GrpcClientRpc.java:66)
	at org.apache.ratis.client.impl.OrderedAsync.sendRequest(OrderedAsync.java:208)
	at org.apache.ratis.client.impl.OrderedAsync.sendRequestWithRetry(OrderedAsync.java:169)
	at org.apache.ratis.util.SlidingWindow$Client.sendOrDelayRequest(SlidingWindow.java:278)
	at org.apache.ratis.util.SlidingWindow$Client.retry(SlidingWindow.java:294)
	at org.apache.ratis.client.impl.OrderedAsync.lambda$scheduleWithTimeout$7(OrderedAsync.java:195)
	at org.apache.ratis.util.TimeoutScheduler.lambda$onTimeout$0(TimeoutScheduler.java:85)
	at org.apache.ratis.util.TimeoutScheduler.lambda$onTimeout$1(TimeoutScheduler.java:104)
	at org.apache.ratis.util.LogUtils.runAndLog(LogUtils.java:50)
	at org.apache.ratis.util.LogUtils$1.run(LogUtils.java:91)
	at java.util.concurrent.Executors$RunnableAdapter.call(Executors.java:511)
	at java.util.concurrent.FutureTask.run(FutureTask.java:266)
	at java.util.concurrent.ScheduledThreadPoolExecutor$ScheduledFutureTask.access$201(ScheduledThreadPoolExecutor.java:180)
	at java.util.concurrent.ScheduledThreadPoolExecutor$ScheduledFutureTask.run(ScheduledThreadPoolExecutor.java:293)
	at java.util.concurrent.ThreadPoolExecutor.runWorker(ThreadPoolExecutor.java:1149)
	at java.util.concurrent.ThreadPoolExecutor$Worker.run(ThreadPoolExecutor.java:624)
	at java.lang.Thread.run(Thread.java:748)

]]></system-err>
  </testcase>
  <testcase name="testExceptionDuringClose" classname="org.apache.hadoop.ozone.client.rpc.TestBlockOutputStreamWithFailures" time="36.568"/>
</testsuite>