<?xml version="1.0" encoding="UTF-8"?>
<testsuite xmlns:xsi="http://www.w3.org/2001/XMLSchema-instance" xsi:noNamespaceSchemaLocation="https://maven.apache.org/surefire/maven-surefire-plugin/xsd/surefire-test-report.xsd" name="org.apache.hadoop.ozone.client.rpc.TestWatchForCommit" time="283.829" tests="5" errors="2" skipped="0" failures="0">
  <properties>
    <property name="awt.toolkit" value="sun.awt.X11.XToolkit"/>
    <property name="file.encoding.pkg" value="sun.io"/>
    <property name="java.specification.version" value="1.8"/>
    <property name="sun.cpu.isalist" value=""/>
    <property name="sun.jnu.encoding" value="UTF-8"/>
    <property name="java.class.path" value="/workdir/hadoop-ozone/integration-test/target/test-classes:/workdir/hadoop-ozone/integration-test/target/classes:/home/user/.m2/repository/org/apache/hadoop/hadoop-ozone-common/0.5.0-SNAPSHOT/hadoop-ozone-common-0.5.0-SNAPSHOT.jar:/home/user/.m2/repository/org/apache/commons/commons-compress/1.4.1/commons-compress-1.4.1.jar:/home/user/.m2/repository/org/tukaani/xz/1.0/xz-1.0.jar:/home/user/.m2/repository/org/apache/hadoop/hadoop-common/3.2.0/hadoop-common-3.2.0.jar:/home/user/.m2/repository/org/apache/hadoop/hadoop-hdfs/3.2.0/hadoop-hdfs-3.2.0.jar:/home/user/.m2/repository/org/apache/hadoop/hadoop-hdfs-client/3.2.0/hadoop-hdfs-client-3.2.0.jar:/home/user/.m2/repository/com/fasterxml/jackson/core/jackson-annotations/2.9.5/jackson-annotations-2.9.5.jar:/home/user/.m2/repository/org/apache/hadoop/hadoop-hdds-common/0.5.0-SNAPSHOT/hadoop-hdds-common-0.5.0-SNAPSHOT.jar:/home/user/.m2/repository/javax/annotation/javax.annotation-api/1.2/javax.annotation-api-1.2.jar:/home/user/.m2/repository/org/apache/ratis/ratis-server/0.4.0-2337318-SNAPSHOT/ratis-server-0.4.0-2337318-SNAPSHOT.jar:/home/user/.m2/repository/org/apache/ratis/ratis-thirdparty-misc/0.2.0/ratis-thirdparty-misc-0.2.0.jar:/home/user/.m2/repository/org/apache/ratis/ratis-proto/0.4.0-2337318-SNAPSHOT/ratis-proto-0.4.0-2337318-SNAPSHOT.jar:/home/user/.m2/repository/org/apache/ratis/ratis-common/0.4.0-2337318-SNAPSHOT/ratis-common-0.4.0-2337318-SNAPSHOT.jar:/home/user/.m2/repository/org/apache/ratis/ratis-client/0.4.0-2337318-SNAPSHOT/ratis-client-0.4.0-2337318-SNAPSHOT.jar:/home/user/.m2/repository/org/apache/ratis/ratis-metrics/0.4.0-2337318-SNAPSHOT/ratis-metrics-0.4.0-2337318-SNAPSHOT.jar:/home/user/.m2/repository/org/apache/ratis/ratis-netty/0.4.0-2337318-SNAPSHOT/ratis-netty-0.4.0-2337318-SNAPSHOT.jar:/home/user/.m2/repository/org/apache/ratis/ratis-grpc/0.4.0-2337318-SNAPSHOT/ratis-grpc-0.4.0-2337318-SNAPSHOT.jar:/home/user/.m2/repository/org/rocksdb/rocksdbjni/6.0.1/rocksdbjni-6.0.1.jar:/home/user/.m2/repository/org/apache/logging/log4j/log4j-api/2.11.0/log4j-api-2.11.0.jar:/home/user/.m2/repository/org/apache/logging/log4j/log4j-core/2.11.0/log4j-core-2.11.0.jar:/home/user/.m2/repository/com/lmax/disruptor/3.4.2/disruptor-3.4.2.jar:/home/user/.m2/repository/org/apache/commons/commons-pool2/2.6.0/commons-pool2-2.6.0.jar:/home/user/.m2/repository/org/bouncycastle/bcpkix-jdk15on/1.60/bcpkix-jdk15on-1.60.jar:/home/user/.m2/repository/commons-validator/commons-validator/1.6/commons-validator-1.6.jar:/home/user/.m2/repository/commons-digester/commons-digester/1.8.1/commons-digester-1.8.1.jar:/home/user/.m2/repository/io/jaegertracing/jaeger-client/0.33.1/jaeger-client-0.33.1.jar:/home/user/.m2/repository/io/jaegertracing/jaeger-thrift/0.33.1/jaeger-thrift-0.33.1.jar:/home/user/.m2/repository/org/apache/thrift/libthrift/0.11.0/libthrift-0.11.0.jar:/home/user/.m2/repository/com/squareup/okhttp3/okhttp/3.9.0/okhttp-3.9.0.jar:/home/user/.m2/repository/com/squareup/okio/okio/1.13.0/okio-1.13.0.jar:/home/user/.m2/repository/io/jaegertracing/jaeger-core/0.33.1/jaeger-core-0.33.1.jar:/home/user/.m2/repository/io/jaegertracing/jaeger-tracerresolver/0.33.1/jaeger-tracerresolver-0.33.1.jar:/home/user/.m2/repository/io/opentracing/contrib/opentracing-tracerresolver/0.1.5/opentracing-tracerresolver-0.1.5.jar:/home/user/.m2/repository/io/opentracing/opentracing-util/0.31.0/opentracing-util-0.31.0.jar:/home/user/.m2/repository/io/opentracing/opentracing-api/0.31.0/opentracing-api-0.31.0.jar:/home/user/.m2/repository/io/opentracing/opentracing-noop/0.31.0/opentracing-noop-0.31.0.jar:/home/user/.m2/repository/org/apache/hadoop/hadoop-hdds-server-framework/0.5.0-SNAPSHOT/hadoop-hdds-server-framework-0.5.0-SNAPSHOT.jar:/home/user/.m2/repository/org/apache/hadoop/hadoop-hdds-container-service/0.5.0-SNAPSHOT/hadoop-hdds-container-service-0.5.0-SNAPSHOT.jar:/home/user/.m2/repository/org/apache/hadoop/hadoop-hdds-client/0.5.0-SNAPSHOT/hadoop-hdds-client-0.5.0-SNAPSHOT.jar:/home/user/.m2/repository/org/apache/hadoop/hadoop-hdds-tools/0.5.0-SNAPSHOT/hadoop-hdds-tools-0.5.0-SNAPSHOT.jar:/home/user/.m2/repository/org/apache/hadoop/hadoop-hdds-server-scm/0.5.0-SNAPSHOT/hadoop-hdds-server-scm-0.5.0-SNAPSHOT.jar:/home/user/.m2/repository/org/apache/hadoop/hadoop-hdds-docs/0.5.0-SNAPSHOT/hadoop-hdds-docs-0.5.0-SNAPSHOT.jar:/home/user/.m2/repository/io/dropwizard/metrics/metrics-core/3.2.4/metrics-core-3.2.4.jar:/home/user/.m2/repository/org/hamcrest/hamcrest-all/1.3/hamcrest-all-1.3.jar:/home/user/.m2/repository/org/bouncycastle/bcprov-jdk15on/1.60/bcprov-jdk15on-1.60.jar:/home/user/.m2/repository/info/picocli/picocli/3.9.6/picocli-3.9.6.jar:/home/user/.m2/repository/com/google/protobuf/protobuf-java/2.5.0/protobuf-java-2.5.0.jar:/home/user/.m2/repository/com/google/guava/guava/11.0.2/guava-11.0.2.jar:/home/user/.m2/repository/org/apache/hadoop/hadoop-ozone-ozone-manager/0.5.0-SNAPSHOT/hadoop-ozone-ozone-manager-0.5.0-SNAPSHOT.jar:/home/user/.m2/repository/org/apache/hadoop/hadoop-minikdc/3.2.0/hadoop-minikdc-3.2.0.jar:/home/user/.m2/repository/commons-io/commons-io/2.5/commons-io-2.5.jar:/home/user/.m2/repository/org/apache/kerby/kerb-simplekdc/1.0.1/kerb-simplekdc-1.0.1.jar:/home/user/.m2/repository/org/apache/kerby/kerb-client/1.0.1/kerb-client-1.0.1.jar:/home/user/.m2/repository/org/apache/kerby/kerby-config/1.0.1/kerby-config-1.0.1.jar:/home/user/.m2/repository/org/apache/kerby/kerb-core/1.0.1/kerb-core-1.0.1.jar:/home/user/.m2/repository/org/apache/kerby/kerby-pkix/1.0.1/kerby-pkix-1.0.1.jar:/home/user/.m2/repository/org/apache/kerby/kerby-asn1/1.0.1/kerby-asn1-1.0.1.jar:/home/user/.m2/repository/org/apache/kerby/kerby-util/1.0.1/kerby-util-1.0.1.jar:/home/user/.m2/repository/org/apache/kerby/kerb-common/1.0.1/kerb-common-1.0.1.jar:/home/user/.m2/repository/org/apache/kerby/kerb-crypto/1.0.1/kerb-crypto-1.0.1.jar:/home/user/.m2/repository/org/apache/kerby/kerb-util/1.0.1/kerb-util-1.0.1.jar:/home/user/.m2/repository/org/apache/kerby/token-provider/1.0.1/token-provider-1.0.1.jar:/home/user/.m2/repository/org/apache/kerby/kerb-admin/1.0.1/kerb-admin-1.0.1.jar:/home/user/.m2/repository/org/apache/kerby/kerb-server/1.0.1/kerb-server-1.0.1.jar:/home/user/.m2/repository/org/apache/kerby/kerb-identity/1.0.1/kerb-identity-1.0.1.jar:/home/user/.m2/repository/org/apache/kerby/kerby-xdr/1.0.1/kerby-xdr-1.0.1.jar:/home/user/.m2/repository/org/slf4j/slf4j-log4j12/1.7.25/slf4j-log4j12-1.7.25.jar:/home/user/.m2/repository/org/apache/hadoop/hadoop-ozone-s3gateway/0.5.0-SNAPSHOT/hadoop-ozone-s3gateway-0.5.0-SNAPSHOT.jar:/home/user/.m2/repository/org/jboss/weld/servlet/weld-servlet/2.4.7.Final/weld-servlet-2.4.7.Final.jar:/home/user/.m2/repository/org/glassfish/jersey/containers/jersey-container-servlet-core/2.27/jersey-container-servlet-core-2.27.jar:/home/user/.m2/repository/org/glassfish/hk2/external/javax.inject/2.5.0-b42/javax.inject-2.5.0-b42.jar:/home/user/.m2/repository/org/glassfish/jersey/core/jersey-common/2.27/jersey-common-2.27.jar:/home/user/.m2/repository/org/glassfish/hk2/osgi-resource-locator/1.0.1/osgi-resource-locator-1.0.1.jar:/home/user/.m2/repository/javax/ws/rs/javax.ws.rs-api/2.1/javax.ws.rs-api-2.1.jar:/home/user/.m2/repository/org/glassfish/jersey/ext/cdi/jersey-cdi1x/2.27/jersey-cdi1x-2.27.jar:/home/user/.m2/repository/org/glassfish/jersey/inject/jersey-hk2/2.27/jersey-hk2-2.27.jar:/home/user/.m2/repository/org/glassfish/hk2/hk2-locator/2.5.0-b42/hk2-locator-2.5.0-b42.jar:/home/user/.m2/repository/org/javassist/javassist/3.22.0-CR2/javassist-3.22.0-CR2.jar:/home/user/.m2/repository/org/glassfish/hk2/hk2-api/2.5.0/hk2-api-2.5.0.jar:/home/user/.m2/repository/org/glassfish/hk2/external/jakarta.inject/2.5.0/jakarta.inject-2.5.0.jar:/home/user/.m2/repository/org/glassfish/hk2/hk2-utils/2.5.0/hk2-utils-2.5.0.jar:/home/user/.m2/repository/jakarta/annotation/jakarta.annotation-api/1.3.4/jakarta.annotation-api-1.3.4.jar:/home/user/.m2/repository/org/glassfish/hk2/external/aopalliance-repackaged/2.5.0/aopalliance-repackaged-2.5.0.jar:/home/user/.m2/repository/com/fasterxml/jackson/dataformat/jackson-dataformat-xml/2.9.0/jackson-dataformat-xml-2.9.0.jar:/home/user/.m2/repository/com/fasterxml/jackson/core/jackson-core/2.9.5/jackson-core-2.9.5.jar:/home/user/.m2/repository/com/fasterxml/jackson/module/jackson-module-jaxb-annotations/2.9.5/jackson-module-jaxb-annotations-2.9.5.jar:/home/user/.m2/repository/javax/enterprise/cdi-api/1.2/cdi-api-1.2.jar:/home/user/.m2/repository/javax/el/javax.el-api/3.0.0/javax.el-api-3.0.0.jar:/home/user/.m2/repository/javax/interceptor/javax.interceptor-api/1.2/javax.interceptor-api-1.2.jar:/home/user/.m2/repository/javax/inject/javax.inject/1/javax.inject-1.jar:/home/user/.m2/repository/com/sun/xml/bind/jaxb-impl/2.3.0.1/jaxb-impl-2.3.0.1.jar:/home/user/.m2/repository/com/sun/xml/bind/jaxb-core/2.3.0.1/jaxb-core-2.3.0.1.jar:/home/user/.m2/repository/javax/xml/bind/jaxb-api/2.3.0/jaxb-api-2.3.0.jar:/home/user/.m2/repository/javax/activation/activation/1.1.1/activation-1.1.1.jar:/home/user/.m2/repository/org/apache/hadoop/hadoop-ozone-csi/0.5.0-SNAPSHOT/hadoop-ozone-csi-0.5.0-SNAPSHOT.jar:/home/user/.m2/repository/com/google/protobuf/protobuf-java-util/3.5.1/protobuf-java-util-3.5.1.jar:/home/user/.m2/repository/org/apache/hadoop/hadoop-hdds-config/0.5.0-SNAPSHOT/hadoop-hdds-config-0.5.0-SNAPSHOT.jar:/home/user/.m2/repository/io/grpc/grpc-netty/1.17.1/grpc-netty-1.17.1.jar:/home/user/.m2/repository/io/grpc/grpc-core/1.17.1/grpc-core-1.17.1.jar:/home/user/.m2/repository/io/grpc/grpc-context/1.17.1/grpc-context-1.17.1.jar:/home/user/.m2/repository/com/google/errorprone/error_prone_annotations/2.2.0/error_prone_annotations-2.2.0.jar:/home/user/.m2/repository/org/codehaus/mojo/animal-sniffer-annotations/1.17/animal-sniffer-annotations-1.17.jar:/home/user/.m2/repository/io/opencensus/opencensus-api/0.17.0/opencensus-api-0.17.0.jar:/home/user/.m2/repository/io/opencensus/opencensus-contrib-grpc-metrics/0.17.0/opencensus-contrib-grpc-metrics-0.17.0.jar:/home/user/.m2/repository/io/netty/netty-codec-http2/4.1.30.Final/netty-codec-http2-4.1.30.Final.jar:/home/user/.m2/repository/io/netty/netty-codec-http/4.1.30.Final/netty-codec-http-4.1.30.Final.jar:/home/user/.m2/repository/io/netty/netty-codec/4.1.30.Final/netty-codec-4.1.30.Final.jar:/home/user/.m2/repository/io/netty/netty-handler/4.1.30.Final/netty-handler-4.1.30.Final.jar:/home/user/.m2/repository/io/netty/netty-handler-proxy/4.1.30.Final/netty-handler-proxy-4.1.30.Final.jar:/home/user/.m2/repository/io/netty/netty-codec-socks/4.1.30.Final/netty-codec-socks-4.1.30.Final.jar:/home/user/.m2/repository/io/netty/netty-transport-native-epoll/4.1.30.Final/netty-transport-native-epoll-4.1.30.Final.jar:/home/user/.m2/repository/io/netty/netty-common/4.1.30.Final/netty-common-4.1.30.Final.jar:/home/user/.m2/repository/io/netty/netty-buffer/4.1.30.Final/netty-buffer-4.1.30.Final.jar:/home/user/.m2/repository/io/netty/netty-transport/4.1.30.Final/netty-transport-4.1.30.Final.jar:/home/user/.m2/repository/io/netty/netty-resolver/4.1.30.Final/netty-resolver-4.1.30.Final.jar:/home/user/.m2/repository/io/netty/netty-transport-native-unix-common/4.1.30.Final/netty-transport-native-unix-common-4.1.30.Final.jar:/home/user/.m2/repository/io/grpc/grpc-protobuf/1.17.1/grpc-protobuf-1.17.1.jar:/home/user/.m2/repository/com/google/api/grpc/proto-google-common-protos/1.0.0/proto-google-common-protos-1.0.0.jar:/home/user/.m2/repository/io/grpc/grpc-protobuf-lite/1.17.1/grpc-protobuf-lite-1.17.1.jar:/home/user/.m2/repository/io/grpc/grpc-stub/1.17.1/grpc-stub-1.17.1.jar:/home/user/.m2/repository/org/apache/hadoop/hadoop-ozone-recon/0.5.0-SNAPSHOT/hadoop-ozone-recon-0.5.0-SNAPSHOT.jar:/home/user/.m2/repository/org/apache/hadoop/hadoop-ozone-reconcodegen/0.5.0-SNAPSHOT/hadoop-ozone-reconcodegen-0.5.0-SNAPSHOT.jar:/home/user/.m2/repository/com/google/inject/extensions/guice-multibindings/4.0/guice-multibindings-4.0.jar:/home/user/.m2/repository/com/google/inject/guice/4.0/guice-4.0.jar:/home/user/.m2/repository/aopalliance/aopalliance/1.0/aopalliance-1.0.jar:/home/user/.m2/repository/com/google/inject/extensions/guice-servlet/4.0/guice-servlet-4.0.jar:/home/user/.m2/repository/org/glassfish/jersey/containers/jersey-container-servlet/2.27/jersey-container-servlet-2.27.jar:/home/user/.m2/repository/org/glassfish/hk2/guice-bridge/2.5.0/guice-bridge-2.5.0.jar:/home/user/.m2/repository/org/glassfish/jersey/core/jersey-server/2.27/jersey-server-2.27.jar:/home/user/.m2/repository/org/glassfish/jersey/core/jersey-client/2.27/jersey-client-2.27.jar:/home/user/.m2/repository/org/glassfish/jersey/media/jersey-media-jaxb/2.27/jersey-media-jaxb-2.27.jar:/home/user/.m2/repository/javax/validation/validation-api/1.1.0.Final/validation-api-1.1.0.Final.jar:/home/user/.m2/repository/org/glassfish/jersey/media/jersey-media-json-jackson/2.27/jersey-media-json-jackson-2.27.jar:/home/user/.m2/repository/org/glassfish/jersey/ext/jersey-entity-filtering/2.27/jersey-entity-filtering-2.27.jar:/home/user/.m2/repository/com/google/inject/extensions/guice-assistedinject/4.0/guice-assistedinject-4.0.jar:/home/user/.m2/repository/org/jooq/jooq/3.11.10/jooq-3.11.10.jar:/home/user/.m2/repository/org/jooq/jooq-meta/3.11.10/jooq-meta-3.11.10.jar:/home/user/.m2/repository/org/jooq/jooq-codegen/3.11.10/jooq-codegen-3.11.10.jar:/home/user/.m2/repository/com/jolbox/bonecp/0.8.0.RELEASE/bonecp-0.8.0.RELEASE.jar:/home/user/.m2/repository/org/xerial/sqlite-jdbc/3.25.2/sqlite-jdbc-3.25.2.jar:/home/user/.m2/repository/org/springframework/spring-jdbc/5.1.3.RELEASE/spring-jdbc-5.1.3.RELEASE.jar:/home/user/.m2/repository/org/springframework/spring-beans/5.1.3.RELEASE/spring-beans-5.1.3.RELEASE.jar:/home/user/.m2/repository/org/springframework/spring-core/5.1.3.RELEASE/spring-core-5.1.3.RELEASE.jar:/home/user/.m2/repository/org/springframework/spring-jcl/5.1.3.RELEASE/spring-jcl-5.1.3.RELEASE.jar:/home/user/.m2/repository/org/springframework/spring-tx/5.1.3.RELEASE/spring-tx-5.1.3.RELEASE.jar:/home/user/.m2/repository/org/apache/hadoop/hadoop-ozone-client/0.5.0-SNAPSHOT/hadoop-ozone-client-0.5.0-SNAPSHOT.jar:/home/user/.m2/repository/commons-lang/commons-lang/2.6/commons-lang-2.6.jar:/home/user/.m2/repository/org/apache/hadoop/hadoop-ozone-ozone-manager/0.5.0-SNAPSHOT/hadoop-ozone-ozone-manager-0.5.0-SNAPSHOT-tests.jar:/home/user/.m2/repository/junit/junit/4.11/junit-4.11.jar:/home/user/.m2/repository/org/hamcrest/hamcrest-core/1.3/hamcrest-core-1.3.jar:/home/user/.m2/repository/org/openjdk/jmh/jmh-core/1.19/jmh-core-1.19.jar:/home/user/.m2/repository/net/sf/jopt-simple/jopt-simple/4.6/jopt-simple-4.6.jar:/home/user/.m2/repository/org/apache/commons/commons-math3/3.1.1/commons-math3-3.1.1.jar:/home/user/.m2/repository/org/openjdk/jmh/jmh-generator-annprocess/1.19/jmh-generator-annprocess-1.19.jar:/home/user/.m2/repository/org/mockito/mockito-all/1.8.5/mockito-all-1.8.5.jar:/home/user/.m2/repository/org/apache/hadoop/hadoop-kms/3.2.0/hadoop-kms-3.2.0.jar:/home/user/.m2/repository/org/apache/hadoop/hadoop-auth/3.2.0/hadoop-auth-3.2.0.jar:/home/user/.m2/repository/com/nimbusds/nimbus-jose-jwt/4.41.1/nimbus-jose-jwt-4.41.1.jar:/home/user/.m2/repository/com/github/stephenc/jcip/jcip-annotations/1.0-1/jcip-annotations-1.0-1.jar:/home/user/.m2/repository/net/minidev/json-smart/2.3/json-smart-2.3.jar:/home/user/.m2/repository/net/minidev/accessors-smart/1.2/accessors-smart-1.2.jar:/home/user/.m2/repository/org/ow2/asm/asm/5.0.4/asm-5.0.4.jar:/home/user/.m2/repository/org/apache/curator/curator-framework/2.12.0/curator-framework-2.12.0.jar:/home/user/.m2/repository/com/sun/jersey/jersey-core/1.19/jersey-core-1.19.jar:/home/user/.m2/repository/javax/ws/rs/jsr311-api/1.1.1/jsr311-api-1.1.1.jar:/home/user/.m2/repository/com/sun/jersey/jersey-server/1.19/jersey-server-1.19.jar:/home/user/.m2/repository/javax/servlet/javax.servlet-api/3.1.0/javax.servlet-api-3.1.0.jar:/home/user/.m2/repository/org/eclipse/jetty/jetty-server/9.3.24.v20180605/jetty-server-9.3.24.v20180605.jar:/home/user/.m2/repository/org/eclipse/jetty/jetty-http/9.3.24.v20180605/jetty-http-9.3.24.v20180605.jar:/home/user/.m2/repository/org/eclipse/jetty/jetty-io/9.3.24.v20180605/jetty-io-9.3.24.v20180605.jar:/home/user/.m2/repository/org/eclipse/jetty/jetty-webapp/9.3.24.v20180605/jetty-webapp-9.3.24.v20180605.jar:/home/user/.m2/repository/org/eclipse/jetty/jetty-xml/9.3.24.v20180605/jetty-xml-9.3.24.v20180605.jar:/home/user/.m2/repository/log4j/log4j/1.2.17/log4j-1.2.17.jar:/home/user/.m2/repository/org/slf4j/slf4j-api/1.7.25/slf4j-api-1.7.25.jar:/home/user/.m2/repository/org/slf4j/jul-to-slf4j/1.7.25/jul-to-slf4j-1.7.25.jar:/home/user/.m2/repository/org/eclipse/jetty/jetty-util/9.3.24.v20180605/jetty-util-9.3.24.v20180605.jar:/home/user/.m2/repository/com/fasterxml/jackson/core/jackson-databind/2.9.5/jackson-databind-2.9.5.jar:/home/user/.m2/repository/org/apache/hadoop/hadoop-kms/3.2.0/hadoop-kms-3.2.0-tests.jar:/home/user/.m2/repository/org/apache/hadoop/hadoop-hdds-server-scm/0.5.0-SNAPSHOT/hadoop-hdds-server-scm-0.5.0-SNAPSHOT-tests.jar:/home/user/.m2/repository/org/apache/hadoop/hadoop-hdds-container-service/0.5.0-SNAPSHOT/hadoop-hdds-container-service-0.5.0-SNAPSHOT-tests.jar:/home/user/.m2/repository/org/yaml/snakeyaml/1.16/snakeyaml-1.16.jar:/home/user/.m2/repository/org/apache/hadoop/hadoop-common/3.2.0/hadoop-common-3.2.0-tests.jar:/home/user/.m2/repository/org/apache/hadoop/hadoop-annotations/3.2.0/hadoop-annotations-3.2.0.jar:/usr/lib/jvm/java-1.8-openjdk/jre/../lib/tools.jar:/home/user/.m2/repository/commons-cli/commons-cli/1.2/commons-cli-1.2.jar:/home/user/.m2/repository/org/apache/httpcomponents/httpclient/4.5.2/httpclient-4.5.2.jar:/home/user/.m2/repository/org/apache/httpcomponents/httpcore/4.4.4/httpcore-4.4.4.jar:/home/user/.m2/repository/commons-codec/commons-codec/1.11/commons-codec-1.11.jar:/home/user/.m2/repository/commons-net/commons-net/3.6/commons-net-3.6.jar:/home/user/.m2/repository/commons-collections/commons-collections/3.2.2/commons-collections-3.2.2.jar:/home/user/.m2/repository/org/eclipse/jetty/jetty-servlet/9.3.24.v20180605/jetty-servlet-9.3.24.v20180605.jar:/home/user/.m2/repository/org/eclipse/jetty/jetty-security/9.3.24.v20180605/jetty-security-9.3.24.v20180605.jar:/home/user/.m2/repository/javax/servlet/jsp/jsp-api/2.1/jsp-api-2.1.jar:/home/user/.m2/repository/com/sun/jersey/jersey-servlet/1.19/jersey-servlet-1.19.jar:/home/user/.m2/repository/com/sun/jersey/jersey-json/1.19/jersey-json-1.19.jar:/home/user/.m2/repository/org/codehaus/jettison/jettison/1.1/jettison-1.1.jar:/home/user/.m2/repository/org/codehaus/jackson/jackson-core-asl/1.9.13/jackson-core-asl-1.9.13.jar:/home/user/.m2/repository/org/codehaus/jackson/jackson-mapper-asl/1.9.13/jackson-mapper-asl-1.9.13.jar:/home/user/.m2/repository/org/codehaus/jackson/jackson-jaxrs/1.9.13/jackson-jaxrs-1.9.13.jar:/home/user/.m2/repository/org/codehaus/jackson/jackson-xc/1.9.13/jackson-xc-1.9.13.jar:/home/user/.m2/repository/commons-logging/commons-logging/1.1.3/commons-logging-1.1.3.jar:/home/user/.m2/repository/commons-beanutils/commons-beanutils/1.9.3/commons-beanutils-1.9.3.jar:/home/user/.m2/repository/org/apache/commons/commons-configuration2/2.1.1/commons-configuration2-2.1.1.jar:/home/user/.m2/repository/org/apache/commons/commons-lang3/3.7/commons-lang3-3.7.jar:/home/user/.m2/repository/org/apache/commons/commons-text/1.4/commons-text-1.4.jar:/home/user/.m2/repository/org/apache/avro/avro/1.7.7/avro-1.7.7.jar:/home/user/.m2/repository/com/thoughtworks/paranamer/paranamer/2.3/paranamer-2.3.jar:/home/user/.m2/repository/org/xerial/snappy/snappy-java/1.0.5/snappy-java-1.0.5.jar:/home/user/.m2/repository/com/google/re2j/re2j/1.1/re2j-1.1.jar:/home/user/.m2/repository/com/google/code/gson/gson/2.2.4/gson-2.2.4.jar:/home/user/.m2/repository/com/jcraft/jsch/0.1.54/jsch-0.1.54.jar:/home/user/.m2/repository/org/apache/curator/curator-client/2.12.0/curator-client-2.12.0.jar:/home/user/.m2/repository/org/apache/curator/curator-recipes/2.12.0/curator-recipes-2.12.0.jar:/home/user/.m2/repository/com/google/code/findbugs/jsr305/3.0.0/jsr305-3.0.0.jar:/home/user/.m2/repository/org/apache/htrace/htrace-core4/4.1.0-incubating/htrace-core4-4.1.0-incubating.jar:/home/user/.m2/repository/org/apache/zookeeper/zookeeper/3.4.13/zookeeper-3.4.13.jar:/home/user/.m2/repository/org/apache/yetus/audience-annotations/0.5.0/audience-annotations-0.5.0.jar:/home/user/.m2/repository/org/codehaus/woodstox/stax2-api/3.1.4/stax2-api-3.1.4.jar:/home/user/.m2/repository/com/fasterxml/woodstox/woodstox-core/5.0.3/woodstox-core-5.0.3.jar:/home/user/.m2/repository/dnsjava/dnsjava/2.1.7/dnsjava-2.1.7.jar:/home/user/.m2/repository/org/apache/hadoop/hadoop-hdfs/3.2.0/hadoop-hdfs-3.2.0-tests.jar:/home/user/.m2/repository/org/eclipse/jetty/jetty-util-ajax/9.3.24.v20180605/jetty-util-ajax-9.3.24.v20180605.jar:/home/user/.m2/repository/commons-daemon/commons-daemon/1.0.13/commons-daemon-1.0.13.jar:/home/user/.m2/repository/io/netty/netty/3.10.5.Final/netty-3.10.5.Final.jar:/home/user/.m2/repository/io/netty/netty-all/4.0.52.Final/netty-all-4.0.52.Final.jar:/home/user/.m2/repository/org/fusesource/leveldbjni/leveldbjni-all/1.8/leveldbjni-all-1.8.jar:"/>
    <property name="java.vm.vendor" value="IcedTea"/>
    <property name="sun.arch.data.model" value="64"/>
    <property name="test.build.dir" value="/workdir/hadoop-ozone/integration-test/target/test-dir"/>
    <property name="test.cache.data" value=""/>
    <property name="java.vendor.url" value="https://icedtea.classpath.org"/>
    <property name="user.timezone" value=""/>
    <property name="java.vm.specification.version" value="1.8"/>
    <property name="os.name" value="Linux"/>
    <property name="test.build.data" value="/workdir/hadoop-ozone/integration-test/target/test-dir"/>
    <property name="user.country" value="US"/>
    <property name="sun.java.launcher" value="SUN_STANDARD"/>
    <property name="sun.boot.library.path" value="/usr/lib/jvm/java-1.8-openjdk/jre/lib/amd64"/>
    <property name="sun.java.command" value="/workdir/hadoop-ozone/integration-test/target/surefire/surefirebooter7815171696757633184.jar /workdir/hadoop-ozone/integration-test/target/surefire 2019-09-05T17-17-41_946-jvmRun1 surefire1345185588843021554tmp surefire_235667219110542544069tmp"/>
    <property name="test" value="!TestMiniChaosOzoneCluster"/>
    <property name="surefire.test.class.path" value="/workdir/hadoop-ozone/integration-test/target/test-classes:/workdir/hadoop-ozone/integration-test/target/classes:/home/user/.m2/repository/org/apache/hadoop/hadoop-ozone-common/0.5.0-SNAPSHOT/hadoop-ozone-common-0.5.0-SNAPSHOT.jar:/home/user/.m2/repository/org/apache/commons/commons-compress/1.4.1/commons-compress-1.4.1.jar:/home/user/.m2/repository/org/tukaani/xz/1.0/xz-1.0.jar:/home/user/.m2/repository/org/apache/hadoop/hadoop-common/3.2.0/hadoop-common-3.2.0.jar:/home/user/.m2/repository/org/apache/hadoop/hadoop-hdfs/3.2.0/hadoop-hdfs-3.2.0.jar:/home/user/.m2/repository/org/apache/hadoop/hadoop-hdfs-client/3.2.0/hadoop-hdfs-client-3.2.0.jar:/home/user/.m2/repository/com/fasterxml/jackson/core/jackson-annotations/2.9.5/jackson-annotations-2.9.5.jar:/home/user/.m2/repository/org/apache/hadoop/hadoop-hdds-common/0.5.0-SNAPSHOT/hadoop-hdds-common-0.5.0-SNAPSHOT.jar:/home/user/.m2/repository/javax/annotation/javax.annotation-api/1.2/javax.annotation-api-1.2.jar:/home/user/.m2/repository/org/apache/ratis/ratis-server/0.4.0-2337318-SNAPSHOT/ratis-server-0.4.0-2337318-SNAPSHOT.jar:/home/user/.m2/repository/org/apache/ratis/ratis-thirdparty-misc/0.2.0/ratis-thirdparty-misc-0.2.0.jar:/home/user/.m2/repository/org/apache/ratis/ratis-proto/0.4.0-2337318-SNAPSHOT/ratis-proto-0.4.0-2337318-SNAPSHOT.jar:/home/user/.m2/repository/org/apache/ratis/ratis-common/0.4.0-2337318-SNAPSHOT/ratis-common-0.4.0-2337318-SNAPSHOT.jar:/home/user/.m2/repository/org/apache/ratis/ratis-client/0.4.0-2337318-SNAPSHOT/ratis-client-0.4.0-2337318-SNAPSHOT.jar:/home/user/.m2/repository/org/apache/ratis/ratis-metrics/0.4.0-2337318-SNAPSHOT/ratis-metrics-0.4.0-2337318-SNAPSHOT.jar:/home/user/.m2/repository/org/apache/ratis/ratis-netty/0.4.0-2337318-SNAPSHOT/ratis-netty-0.4.0-2337318-SNAPSHOT.jar:/home/user/.m2/repository/org/apache/ratis/ratis-grpc/0.4.0-2337318-SNAPSHOT/ratis-grpc-0.4.0-2337318-SNAPSHOT.jar:/home/user/.m2/repository/org/rocksdb/rocksdbjni/6.0.1/rocksdbjni-6.0.1.jar:/home/user/.m2/repository/org/apache/logging/log4j/log4j-api/2.11.0/log4j-api-2.11.0.jar:/home/user/.m2/repository/org/apache/logging/log4j/log4j-core/2.11.0/log4j-core-2.11.0.jar:/home/user/.m2/repository/com/lmax/disruptor/3.4.2/disruptor-3.4.2.jar:/home/user/.m2/repository/org/apache/commons/commons-pool2/2.6.0/commons-pool2-2.6.0.jar:/home/user/.m2/repository/org/bouncycastle/bcpkix-jdk15on/1.60/bcpkix-jdk15on-1.60.jar:/home/user/.m2/repository/commons-validator/commons-validator/1.6/commons-validator-1.6.jar:/home/user/.m2/repository/commons-digester/commons-digester/1.8.1/commons-digester-1.8.1.jar:/home/user/.m2/repository/io/jaegertracing/jaeger-client/0.33.1/jaeger-client-0.33.1.jar:/home/user/.m2/repository/io/jaegertracing/jaeger-thrift/0.33.1/jaeger-thrift-0.33.1.jar:/home/user/.m2/repository/org/apache/thrift/libthrift/0.11.0/libthrift-0.11.0.jar:/home/user/.m2/repository/com/squareup/okhttp3/okhttp/3.9.0/okhttp-3.9.0.jar:/home/user/.m2/repository/com/squareup/okio/okio/1.13.0/okio-1.13.0.jar:/home/user/.m2/repository/io/jaegertracing/jaeger-core/0.33.1/jaeger-core-0.33.1.jar:/home/user/.m2/repository/io/jaegertracing/jaeger-tracerresolver/0.33.1/jaeger-tracerresolver-0.33.1.jar:/home/user/.m2/repository/io/opentracing/contrib/opentracing-tracerresolver/0.1.5/opentracing-tracerresolver-0.1.5.jar:/home/user/.m2/repository/io/opentracing/opentracing-util/0.31.0/opentracing-util-0.31.0.jar:/home/user/.m2/repository/io/opentracing/opentracing-api/0.31.0/opentracing-api-0.31.0.jar:/home/user/.m2/repository/io/opentracing/opentracing-noop/0.31.0/opentracing-noop-0.31.0.jar:/home/user/.m2/repository/org/apache/hadoop/hadoop-hdds-server-framework/0.5.0-SNAPSHOT/hadoop-hdds-server-framework-0.5.0-SNAPSHOT.jar:/home/user/.m2/repository/org/apache/hadoop/hadoop-hdds-container-service/0.5.0-SNAPSHOT/hadoop-hdds-container-service-0.5.0-SNAPSHOT.jar:/home/user/.m2/repository/org/apache/hadoop/hadoop-hdds-client/0.5.0-SNAPSHOT/hadoop-hdds-client-0.5.0-SNAPSHOT.jar:/home/user/.m2/repository/org/apache/hadoop/hadoop-hdds-tools/0.5.0-SNAPSHOT/hadoop-hdds-tools-0.5.0-SNAPSHOT.jar:/home/user/.m2/repository/org/apache/hadoop/hadoop-hdds-server-scm/0.5.0-SNAPSHOT/hadoop-hdds-server-scm-0.5.0-SNAPSHOT.jar:/home/user/.m2/repository/org/apache/hadoop/hadoop-hdds-docs/0.5.0-SNAPSHOT/hadoop-hdds-docs-0.5.0-SNAPSHOT.jar:/home/user/.m2/repository/io/dropwizard/metrics/metrics-core/3.2.4/metrics-core-3.2.4.jar:/home/user/.m2/repository/org/hamcrest/hamcrest-all/1.3/hamcrest-all-1.3.jar:/home/user/.m2/repository/org/bouncycastle/bcprov-jdk15on/1.60/bcprov-jdk15on-1.60.jar:/home/user/.m2/repository/info/picocli/picocli/3.9.6/picocli-3.9.6.jar:/home/user/.m2/repository/com/google/protobuf/protobuf-java/2.5.0/protobuf-java-2.5.0.jar:/home/user/.m2/repository/com/google/guava/guava/11.0.2/guava-11.0.2.jar:/home/user/.m2/repository/org/apache/hadoop/hadoop-ozone-ozone-manager/0.5.0-SNAPSHOT/hadoop-ozone-ozone-manager-0.5.0-SNAPSHOT.jar:/home/user/.m2/repository/org/apache/hadoop/hadoop-minikdc/3.2.0/hadoop-minikdc-3.2.0.jar:/home/user/.m2/repository/commons-io/commons-io/2.5/commons-io-2.5.jar:/home/user/.m2/repository/org/apache/kerby/kerb-simplekdc/1.0.1/kerb-simplekdc-1.0.1.jar:/home/user/.m2/repository/org/apache/kerby/kerb-client/1.0.1/kerb-client-1.0.1.jar:/home/user/.m2/repository/org/apache/kerby/kerby-config/1.0.1/kerby-config-1.0.1.jar:/home/user/.m2/repository/org/apache/kerby/kerb-core/1.0.1/kerb-core-1.0.1.jar:/home/user/.m2/repository/org/apache/kerby/kerby-pkix/1.0.1/kerby-pkix-1.0.1.jar:/home/user/.m2/repository/org/apache/kerby/kerby-asn1/1.0.1/kerby-asn1-1.0.1.jar:/home/user/.m2/repository/org/apache/kerby/kerby-util/1.0.1/kerby-util-1.0.1.jar:/home/user/.m2/repository/org/apache/kerby/kerb-common/1.0.1/kerb-common-1.0.1.jar:/home/user/.m2/repository/org/apache/kerby/kerb-crypto/1.0.1/kerb-crypto-1.0.1.jar:/home/user/.m2/repository/org/apache/kerby/kerb-util/1.0.1/kerb-util-1.0.1.jar:/home/user/.m2/repository/org/apache/kerby/token-provider/1.0.1/token-provider-1.0.1.jar:/home/user/.m2/repository/org/apache/kerby/kerb-admin/1.0.1/kerb-admin-1.0.1.jar:/home/user/.m2/repository/org/apache/kerby/kerb-server/1.0.1/kerb-server-1.0.1.jar:/home/user/.m2/repository/org/apache/kerby/kerb-identity/1.0.1/kerb-identity-1.0.1.jar:/home/user/.m2/repository/org/apache/kerby/kerby-xdr/1.0.1/kerby-xdr-1.0.1.jar:/home/user/.m2/repository/org/slf4j/slf4j-log4j12/1.7.25/slf4j-log4j12-1.7.25.jar:/home/user/.m2/repository/org/apache/hadoop/hadoop-ozone-s3gateway/0.5.0-SNAPSHOT/hadoop-ozone-s3gateway-0.5.0-SNAPSHOT.jar:/home/user/.m2/repository/org/jboss/weld/servlet/weld-servlet/2.4.7.Final/weld-servlet-2.4.7.Final.jar:/home/user/.m2/repository/org/glassfish/jersey/containers/jersey-container-servlet-core/2.27/jersey-container-servlet-core-2.27.jar:/home/user/.m2/repository/org/glassfish/hk2/external/javax.inject/2.5.0-b42/javax.inject-2.5.0-b42.jar:/home/user/.m2/repository/org/glassfish/jersey/core/jersey-common/2.27/jersey-common-2.27.jar:/home/user/.m2/repository/org/glassfish/hk2/osgi-resource-locator/1.0.1/osgi-resource-locator-1.0.1.jar:/home/user/.m2/repository/javax/ws/rs/javax.ws.rs-api/2.1/javax.ws.rs-api-2.1.jar:/home/user/.m2/repository/org/glassfish/jersey/ext/cdi/jersey-cdi1x/2.27/jersey-cdi1x-2.27.jar:/home/user/.m2/repository/org/glassfish/jersey/inject/jersey-hk2/2.27/jersey-hk2-2.27.jar:/home/user/.m2/repository/org/glassfish/hk2/hk2-locator/2.5.0-b42/hk2-locator-2.5.0-b42.jar:/home/user/.m2/repository/org/javassist/javassist/3.22.0-CR2/javassist-3.22.0-CR2.jar:/home/user/.m2/repository/org/glassfish/hk2/hk2-api/2.5.0/hk2-api-2.5.0.jar:/home/user/.m2/repository/org/glassfish/hk2/external/jakarta.inject/2.5.0/jakarta.inject-2.5.0.jar:/home/user/.m2/repository/org/glassfish/hk2/hk2-utils/2.5.0/hk2-utils-2.5.0.jar:/home/user/.m2/repository/jakarta/annotation/jakarta.annotation-api/1.3.4/jakarta.annotation-api-1.3.4.jar:/home/user/.m2/repository/org/glassfish/hk2/external/aopalliance-repackaged/2.5.0/aopalliance-repackaged-2.5.0.jar:/home/user/.m2/repository/com/fasterxml/jackson/dataformat/jackson-dataformat-xml/2.9.0/jackson-dataformat-xml-2.9.0.jar:/home/user/.m2/repository/com/fasterxml/jackson/core/jackson-core/2.9.5/jackson-core-2.9.5.jar:/home/user/.m2/repository/com/fasterxml/jackson/module/jackson-module-jaxb-annotations/2.9.5/jackson-module-jaxb-annotations-2.9.5.jar:/home/user/.m2/repository/javax/enterprise/cdi-api/1.2/cdi-api-1.2.jar:/home/user/.m2/repository/javax/el/javax.el-api/3.0.0/javax.el-api-3.0.0.jar:/home/user/.m2/repository/javax/interceptor/javax.interceptor-api/1.2/javax.interceptor-api-1.2.jar:/home/user/.m2/repository/javax/inject/javax.inject/1/javax.inject-1.jar:/home/user/.m2/repository/com/sun/xml/bind/jaxb-impl/2.3.0.1/jaxb-impl-2.3.0.1.jar:/home/user/.m2/repository/com/sun/xml/bind/jaxb-core/2.3.0.1/jaxb-core-2.3.0.1.jar:/home/user/.m2/repository/javax/xml/bind/jaxb-api/2.3.0/jaxb-api-2.3.0.jar:/home/user/.m2/repository/javax/activation/activation/1.1.1/activation-1.1.1.jar:/home/user/.m2/repository/org/apache/hadoop/hadoop-ozone-csi/0.5.0-SNAPSHOT/hadoop-ozone-csi-0.5.0-SNAPSHOT.jar:/home/user/.m2/repository/com/google/protobuf/protobuf-java-util/3.5.1/protobuf-java-util-3.5.1.jar:/home/user/.m2/repository/org/apache/hadoop/hadoop-hdds-config/0.5.0-SNAPSHOT/hadoop-hdds-config-0.5.0-SNAPSHOT.jar:/home/user/.m2/repository/io/grpc/grpc-netty/1.17.1/grpc-netty-1.17.1.jar:/home/user/.m2/repository/io/grpc/grpc-core/1.17.1/grpc-core-1.17.1.jar:/home/user/.m2/repository/io/grpc/grpc-context/1.17.1/grpc-context-1.17.1.jar:/home/user/.m2/repository/com/google/errorprone/error_prone_annotations/2.2.0/error_prone_annotations-2.2.0.jar:/home/user/.m2/repository/org/codehaus/mojo/animal-sniffer-annotations/1.17/animal-sniffer-annotations-1.17.jar:/home/user/.m2/repository/io/opencensus/opencensus-api/0.17.0/opencensus-api-0.17.0.jar:/home/user/.m2/repository/io/opencensus/opencensus-contrib-grpc-metrics/0.17.0/opencensus-contrib-grpc-metrics-0.17.0.jar:/home/user/.m2/repository/io/netty/netty-codec-http2/4.1.30.Final/netty-codec-http2-4.1.30.Final.jar:/home/user/.m2/repository/io/netty/netty-codec-http/4.1.30.Final/netty-codec-http-4.1.30.Final.jar:/home/user/.m2/repository/io/netty/netty-codec/4.1.30.Final/netty-codec-4.1.30.Final.jar:/home/user/.m2/repository/io/netty/netty-handler/4.1.30.Final/netty-handler-4.1.30.Final.jar:/home/user/.m2/repository/io/netty/netty-handler-proxy/4.1.30.Final/netty-handler-proxy-4.1.30.Final.jar:/home/user/.m2/repository/io/netty/netty-codec-socks/4.1.30.Final/netty-codec-socks-4.1.30.Final.jar:/home/user/.m2/repository/io/netty/netty-transport-native-epoll/4.1.30.Final/netty-transport-native-epoll-4.1.30.Final.jar:/home/user/.m2/repository/io/netty/netty-common/4.1.30.Final/netty-common-4.1.30.Final.jar:/home/user/.m2/repository/io/netty/netty-buffer/4.1.30.Final/netty-buffer-4.1.30.Final.jar:/home/user/.m2/repository/io/netty/netty-transport/4.1.30.Final/netty-transport-4.1.30.Final.jar:/home/user/.m2/repository/io/netty/netty-resolver/4.1.30.Final/netty-resolver-4.1.30.Final.jar:/home/user/.m2/repository/io/netty/netty-transport-native-unix-common/4.1.30.Final/netty-transport-native-unix-common-4.1.30.Final.jar:/home/user/.m2/repository/io/grpc/grpc-protobuf/1.17.1/grpc-protobuf-1.17.1.jar:/home/user/.m2/repository/com/google/api/grpc/proto-google-common-protos/1.0.0/proto-google-common-protos-1.0.0.jar:/home/user/.m2/repository/io/grpc/grpc-protobuf-lite/1.17.1/grpc-protobuf-lite-1.17.1.jar:/home/user/.m2/repository/io/grpc/grpc-stub/1.17.1/grpc-stub-1.17.1.jar:/home/user/.m2/repository/org/apache/hadoop/hadoop-ozone-recon/0.5.0-SNAPSHOT/hadoop-ozone-recon-0.5.0-SNAPSHOT.jar:/home/user/.m2/repository/org/apache/hadoop/hadoop-ozone-reconcodegen/0.5.0-SNAPSHOT/hadoop-ozone-reconcodegen-0.5.0-SNAPSHOT.jar:/home/user/.m2/repository/com/google/inject/extensions/guice-multibindings/4.0/guice-multibindings-4.0.jar:/home/user/.m2/repository/com/google/inject/guice/4.0/guice-4.0.jar:/home/user/.m2/repository/aopalliance/aopalliance/1.0/aopalliance-1.0.jar:/home/user/.m2/repository/com/google/inject/extensions/guice-servlet/4.0/guice-servlet-4.0.jar:/home/user/.m2/repository/org/glassfish/jersey/containers/jersey-container-servlet/2.27/jersey-container-servlet-2.27.jar:/home/user/.m2/repository/org/glassfish/hk2/guice-bridge/2.5.0/guice-bridge-2.5.0.jar:/home/user/.m2/repository/org/glassfish/jersey/core/jersey-server/2.27/jersey-server-2.27.jar:/home/user/.m2/repository/org/glassfish/jersey/core/jersey-client/2.27/jersey-client-2.27.jar:/home/user/.m2/repository/org/glassfish/jersey/media/jersey-media-jaxb/2.27/jersey-media-jaxb-2.27.jar:/home/user/.m2/repository/javax/validation/validation-api/1.1.0.Final/validation-api-1.1.0.Final.jar:/home/user/.m2/repository/org/glassfish/jersey/media/jersey-media-json-jackson/2.27/jersey-media-json-jackson-2.27.jar:/home/user/.m2/repository/org/glassfish/jersey/ext/jersey-entity-filtering/2.27/jersey-entity-filtering-2.27.jar:/home/user/.m2/repository/com/google/inject/extensions/guice-assistedinject/4.0/guice-assistedinject-4.0.jar:/home/user/.m2/repository/org/jooq/jooq/3.11.10/jooq-3.11.10.jar:/home/user/.m2/repository/org/jooq/jooq-meta/3.11.10/jooq-meta-3.11.10.jar:/home/user/.m2/repository/org/jooq/jooq-codegen/3.11.10/jooq-codegen-3.11.10.jar:/home/user/.m2/repository/com/jolbox/bonecp/0.8.0.RELEASE/bonecp-0.8.0.RELEASE.jar:/home/user/.m2/repository/org/xerial/sqlite-jdbc/3.25.2/sqlite-jdbc-3.25.2.jar:/home/user/.m2/repository/org/springframework/spring-jdbc/5.1.3.RELEASE/spring-jdbc-5.1.3.RELEASE.jar:/home/user/.m2/repository/org/springframework/spring-beans/5.1.3.RELEASE/spring-beans-5.1.3.RELEASE.jar:/home/user/.m2/repository/org/springframework/spring-core/5.1.3.RELEASE/spring-core-5.1.3.RELEASE.jar:/home/user/.m2/repository/org/springframework/spring-jcl/5.1.3.RELEASE/spring-jcl-5.1.3.RELEASE.jar:/home/user/.m2/repository/org/springframework/spring-tx/5.1.3.RELEASE/spring-tx-5.1.3.RELEASE.jar:/home/user/.m2/repository/org/apache/hadoop/hadoop-ozone-client/0.5.0-SNAPSHOT/hadoop-ozone-client-0.5.0-SNAPSHOT.jar:/home/user/.m2/repository/commons-lang/commons-lang/2.6/commons-lang-2.6.jar:/home/user/.m2/repository/org/apache/hadoop/hadoop-ozone-ozone-manager/0.5.0-SNAPSHOT/hadoop-ozone-ozone-manager-0.5.0-SNAPSHOT-tests.jar:/home/user/.m2/repository/junit/junit/4.11/junit-4.11.jar:/home/user/.m2/repository/org/hamcrest/hamcrest-core/1.3/hamcrest-core-1.3.jar:/home/user/.m2/repository/org/openjdk/jmh/jmh-core/1.19/jmh-core-1.19.jar:/home/user/.m2/repository/net/sf/jopt-simple/jopt-simple/4.6/jopt-simple-4.6.jar:/home/user/.m2/repository/org/apache/commons/commons-math3/3.1.1/commons-math3-3.1.1.jar:/home/user/.m2/repository/org/openjdk/jmh/jmh-generator-annprocess/1.19/jmh-generator-annprocess-1.19.jar:/home/user/.m2/repository/org/mockito/mockito-all/1.8.5/mockito-all-1.8.5.jar:/home/user/.m2/repository/org/apache/hadoop/hadoop-kms/3.2.0/hadoop-kms-3.2.0.jar:/home/user/.m2/repository/org/apache/hadoop/hadoop-auth/3.2.0/hadoop-auth-3.2.0.jar:/home/user/.m2/repository/com/nimbusds/nimbus-jose-jwt/4.41.1/nimbus-jose-jwt-4.41.1.jar:/home/user/.m2/repository/com/github/stephenc/jcip/jcip-annotations/1.0-1/jcip-annotations-1.0-1.jar:/home/user/.m2/repository/net/minidev/json-smart/2.3/json-smart-2.3.jar:/home/user/.m2/repository/net/minidev/accessors-smart/1.2/accessors-smart-1.2.jar:/home/user/.m2/repository/org/ow2/asm/asm/5.0.4/asm-5.0.4.jar:/home/user/.m2/repository/org/apache/curator/curator-framework/2.12.0/curator-framework-2.12.0.jar:/home/user/.m2/repository/com/sun/jersey/jersey-core/1.19/jersey-core-1.19.jar:/home/user/.m2/repository/javax/ws/rs/jsr311-api/1.1.1/jsr311-api-1.1.1.jar:/home/user/.m2/repository/com/sun/jersey/jersey-server/1.19/jersey-server-1.19.jar:/home/user/.m2/repository/javax/servlet/javax.servlet-api/3.1.0/javax.servlet-api-3.1.0.jar:/home/user/.m2/repository/org/eclipse/jetty/jetty-server/9.3.24.v20180605/jetty-server-9.3.24.v20180605.jar:/home/user/.m2/repository/org/eclipse/jetty/jetty-http/9.3.24.v20180605/jetty-http-9.3.24.v20180605.jar:/home/user/.m2/repository/org/eclipse/jetty/jetty-io/9.3.24.v20180605/jetty-io-9.3.24.v20180605.jar:/home/user/.m2/repository/org/eclipse/jetty/jetty-webapp/9.3.24.v20180605/jetty-webapp-9.3.24.v20180605.jar:/home/user/.m2/repository/org/eclipse/jetty/jetty-xml/9.3.24.v20180605/jetty-xml-9.3.24.v20180605.jar:/home/user/.m2/repository/log4j/log4j/1.2.17/log4j-1.2.17.jar:/home/user/.m2/repository/org/slf4j/slf4j-api/1.7.25/slf4j-api-1.7.25.jar:/home/user/.m2/repository/org/slf4j/jul-to-slf4j/1.7.25/jul-to-slf4j-1.7.25.jar:/home/user/.m2/repository/org/eclipse/jetty/jetty-util/9.3.24.v20180605/jetty-util-9.3.24.v20180605.jar:/home/user/.m2/repository/com/fasterxml/jackson/core/jackson-databind/2.9.5/jackson-databind-2.9.5.jar:/home/user/.m2/repository/org/apache/hadoop/hadoop-kms/3.2.0/hadoop-kms-3.2.0-tests.jar:/home/user/.m2/repository/org/apache/hadoop/hadoop-hdds-server-scm/0.5.0-SNAPSHOT/hadoop-hdds-server-scm-0.5.0-SNAPSHOT-tests.jar:/home/user/.m2/repository/org/apache/hadoop/hadoop-hdds-container-service/0.5.0-SNAPSHOT/hadoop-hdds-container-service-0.5.0-SNAPSHOT-tests.jar:/home/user/.m2/repository/org/yaml/snakeyaml/1.16/snakeyaml-1.16.jar:/home/user/.m2/repository/org/apache/hadoop/hadoop-common/3.2.0/hadoop-common-3.2.0-tests.jar:/home/user/.m2/repository/org/apache/hadoop/hadoop-annotations/3.2.0/hadoop-annotations-3.2.0.jar:/usr/lib/jvm/java-1.8-openjdk/jre/../lib/tools.jar:/home/user/.m2/repository/commons-cli/commons-cli/1.2/commons-cli-1.2.jar:/home/user/.m2/repository/org/apache/httpcomponents/httpclient/4.5.2/httpclient-4.5.2.jar:/home/user/.m2/repository/org/apache/httpcomponents/httpcore/4.4.4/httpcore-4.4.4.jar:/home/user/.m2/repository/commons-codec/commons-codec/1.11/commons-codec-1.11.jar:/home/user/.m2/repository/commons-net/commons-net/3.6/commons-net-3.6.jar:/home/user/.m2/repository/commons-collections/commons-collections/3.2.2/commons-collections-3.2.2.jar:/home/user/.m2/repository/org/eclipse/jetty/jetty-servlet/9.3.24.v20180605/jetty-servlet-9.3.24.v20180605.jar:/home/user/.m2/repository/org/eclipse/jetty/jetty-security/9.3.24.v20180605/jetty-security-9.3.24.v20180605.jar:/home/user/.m2/repository/javax/servlet/jsp/jsp-api/2.1/jsp-api-2.1.jar:/home/user/.m2/repository/com/sun/jersey/jersey-servlet/1.19/jersey-servlet-1.19.jar:/home/user/.m2/repository/com/sun/jersey/jersey-json/1.19/jersey-json-1.19.jar:/home/user/.m2/repository/org/codehaus/jettison/jettison/1.1/jettison-1.1.jar:/home/user/.m2/repository/org/codehaus/jackson/jackson-core-asl/1.9.13/jackson-core-asl-1.9.13.jar:/home/user/.m2/repository/org/codehaus/jackson/jackson-mapper-asl/1.9.13/jackson-mapper-asl-1.9.13.jar:/home/user/.m2/repository/org/codehaus/jackson/jackson-jaxrs/1.9.13/jackson-jaxrs-1.9.13.jar:/home/user/.m2/repository/org/codehaus/jackson/jackson-xc/1.9.13/jackson-xc-1.9.13.jar:/home/user/.m2/repository/commons-logging/commons-logging/1.1.3/commons-logging-1.1.3.jar:/home/user/.m2/repository/commons-beanutils/commons-beanutils/1.9.3/commons-beanutils-1.9.3.jar:/home/user/.m2/repository/org/apache/commons/commons-configuration2/2.1.1/commons-configuration2-2.1.1.jar:/home/user/.m2/repository/org/apache/commons/commons-lang3/3.7/commons-lang3-3.7.jar:/home/user/.m2/repository/org/apache/commons/commons-text/1.4/commons-text-1.4.jar:/home/user/.m2/repository/org/apache/avro/avro/1.7.7/avro-1.7.7.jar:/home/user/.m2/repository/com/thoughtworks/paranamer/paranamer/2.3/paranamer-2.3.jar:/home/user/.m2/repository/org/xerial/snappy/snappy-java/1.0.5/snappy-java-1.0.5.jar:/home/user/.m2/repository/com/google/re2j/re2j/1.1/re2j-1.1.jar:/home/user/.m2/repository/com/google/code/gson/gson/2.2.4/gson-2.2.4.jar:/home/user/.m2/repository/com/jcraft/jsch/0.1.54/jsch-0.1.54.jar:/home/user/.m2/repository/org/apache/curator/curator-client/2.12.0/curator-client-2.12.0.jar:/home/user/.m2/repository/org/apache/curator/curator-recipes/2.12.0/curator-recipes-2.12.0.jar:/home/user/.m2/repository/com/google/code/findbugs/jsr305/3.0.0/jsr305-3.0.0.jar:/home/user/.m2/repository/org/apache/htrace/htrace-core4/4.1.0-incubating/htrace-core4-4.1.0-incubating.jar:/home/user/.m2/repository/org/apache/zookeeper/zookeeper/3.4.13/zookeeper-3.4.13.jar:/home/user/.m2/repository/org/apache/yetus/audience-annotations/0.5.0/audience-annotations-0.5.0.jar:/home/user/.m2/repository/org/codehaus/woodstox/stax2-api/3.1.4/stax2-api-3.1.4.jar:/home/user/.m2/repository/com/fasterxml/woodstox/woodstox-core/5.0.3/woodstox-core-5.0.3.jar:/home/user/.m2/repository/dnsjava/dnsjava/2.1.7/dnsjava-2.1.7.jar:/home/user/.m2/repository/org/apache/hadoop/hadoop-hdfs/3.2.0/hadoop-hdfs-3.2.0-tests.jar:/home/user/.m2/repository/org/eclipse/jetty/jetty-util-ajax/9.3.24.v20180605/jetty-util-ajax-9.3.24.v20180605.jar:/home/user/.m2/repository/commons-daemon/commons-daemon/1.0.13/commons-daemon-1.0.13.jar:/home/user/.m2/repository/io/netty/netty/3.10.5.Final/netty-3.10.5.Final.jar:/home/user/.m2/repository/io/netty/netty-all/4.0.52.Final/netty-all-4.0.52.Final.jar:/home/user/.m2/repository/org/fusesource/leveldbjni/leveldbjni-all/1.8/leveldbjni-all-1.8.jar:"/>
    <property name="sun.cpu.endian" value="little"/>
    <property name="user.home" value="/home/user"/>
    <property name="user.language" value="en"/>
    <property name="java.specification.vendor" value="Oracle Corporation"/>
    <property name="java.home" value="/usr/lib/jvm/java-1.8-openjdk/jre"/>
    <property name="java.security.krb5.conf" value="/workdir/hadoop-ozone/integration-test/target/test-classes/krb5.conf"/>
    <property name="basedir" value="/workdir/hadoop-ozone/integration-test"/>
    <property name="file.separator" value="/"/>
    <property name="line.separator" value="&#10;"/>
    <property name="java.vm.specification.vendor" value="Oracle Corporation"/>
    <property name="java.specification.name" value="Java Platform API Specification"/>
    <property name="java.awt.graphicsenv" value="sun.awt.X11GraphicsEnvironment"/>
    <property name="surefire.real.class.path" value="/workdir/hadoop-ozone/integration-test/target/surefire/surefirebooter7815171696757633184.jar"/>
    <property name="hadoop.log.dir" value="/workdir/hadoop-ozone/integration-test/target/log"/>
    <property name="sun.boot.class.path" value="/usr/lib/jvm/java-1.8-openjdk/jre/lib/resources.jar:/usr/lib/jvm/java-1.8-openjdk/jre/lib/rt.jar:/usr/lib/jvm/java-1.8-openjdk/jre/lib/sunrsasign.jar:/usr/lib/jvm/java-1.8-openjdk/jre/lib/jsse.jar:/usr/lib/jvm/java-1.8-openjdk/jre/lib/jce.jar:/usr/lib/jvm/java-1.8-openjdk/jre/lib/charsets.jar:/usr/lib/jvm/java-1.8-openjdk/jre/lib/jfr.jar:/usr/lib/jvm/java-1.8-openjdk/jre/classes"/>
    <property name="sun.management.compiler" value="HotSpot 64-Bit Tiered Compilers"/>
    <property name="java.runtime.version" value="1.8.0_212-b04"/>
    <property name="java.net.preferIPv4Stack" value="true"/>
    <property name="user.name" value="jenkins1000"/>
    <property name="path.separator" value=":"/>
    <property name="java.security.egd" value="file:///dev/urandom"/>
    <property name="os.version" value="3.10.0-957.12.2.el7.x86_64"/>
    <property name="java.endorsed.dirs" value="/usr/lib/jvm/java-1.8-openjdk/jre/lib/endorsed"/>
    <property name="java.runtime.name" value="OpenJDK Runtime Environment"/>
    <property name="file.encoding" value="UTF-8"/>
    <property name="java.vm.name" value="OpenJDK 64-Bit Server VM"/>
    <property name="test.build.webapps" value=""/>
    <property name="localRepository" value="/home/user/.m2/repository"/>
    <property name="java.vendor.url.bug" value="https://icedtea.classpath.org/bugzilla"/>
    <property name="java.io.tmpdir" value="/tmp"/>
    <property name="require.test.libhadoop" value=""/>
    <property name="java.version" value="1.8.0_212"/>
    <property name="user.dir" value="/workdir/hadoop-ozone/integration-test"/>
    <property name="os.arch" value="amd64"/>
    <property name="java.vm.specification.name" value="Java Virtual Machine Specification"/>
    <property name="test.build.classes" value="/workdir/hadoop-ozone/integration-test/target/test-classes"/>
    <property name="java.awt.printerjob" value="sun.print.PSPrinterJob"/>
    <property name="sun.os.patch.level" value="unknown"/>
    <property name="hadoop.tmp.dir" value="/workdir/hadoop-ozone/integration-test/target/tmp"/>
    <property name="java.library.path" value="/usr/lib/jvm/java-1.8-openjdk/jre/lib/amd64/server:/usr/lib/jvm/java-1.8-openjdk/jre/lib/amd64:/usr/lib/jvm/java-1.8-openjdk/jre/../lib/amd64:/workdir/hadoop-ozone/integration-test/target/native/target/usr/local/lib:/workdir/hadoop-ozone/integration-test/../../hadoop-common-project/hadoop-common/target/native/target/usr/local/lib:/usr/java/packages/lib/amd64:/usr/lib64:/lib64:/lib:/usr/lib"/>
    <property name="java.vm.info" value="mixed mode"/>
    <property name="java.vendor" value="IcedTea"/>
    <property name="java.vm.version" value="25.212-b04"/>
    <property name="java.ext.dirs" value="/usr/lib/jvm/java-1.8-openjdk/jre/lib/ext:/usr/java/packages/lib/ext"/>
    <property name="sun.io.unicode.encoding" value="UnicodeLittle"/>
    <property name="java.class.version" value="52.0"/>
  </properties>
  <testcase name="testWatchForCommitWithKeyWrite" classname="org.apache.hadoop.ozone.client.rpc.TestWatchForCommit" time="38.794">
    <error message="Allocated 0 blocks. Requested 1 blocks" type="INTERNAL_ERROR org.apache.hadoop.ozone.om.exceptions.OMException">INTERNAL_ERROR org.apache.hadoop.ozone.om.exceptions.OMException: Allocated 0 blocks. Requested 1 blocks
	at org.apache.hadoop.ozone.om.protocolPB.OzoneManagerProtocolClientSideTranslatorPB.handleError(OzoneManagerProtocolClientSideTranslatorPB.java:732)
	at org.apache.hadoop.ozone.om.protocolPB.OzoneManagerProtocolClientSideTranslatorPB.openKey(OzoneManagerProtocolClientSideTranslatorPB.java:723)
	at org.apache.hadoop.ozone.client.rpc.RpcClient.createKey(RpcClient.java:625)
	at org.apache.hadoop.ozone.client.OzoneBucket.createKey(OzoneBucket.java:325)
	at org.apache.hadoop.ozone.container.ContainerTestHelper.createKey(ContainerTestHelper.java:695)
	at org.apache.hadoop.ozone.client.rpc.TestWatchForCommit.createKey(TestWatchForCommit.java:456)
	at org.apache.hadoop.ozone.client.rpc.TestWatchForCommit.testWatchForCommitWithKeyWrite(TestWatchForCommit.java:157)
	at sun.reflect.NativeMethodAccessorImpl.invoke0(Native Method)
	at sun.reflect.NativeMethodAccessorImpl.invoke(NativeMethodAccessorImpl.java:62)
	at sun.reflect.DelegatingMethodAccessorImpl.invoke(DelegatingMethodAccessorImpl.java:43)
	at java.lang.reflect.Method.invoke(Method.java:498)
	at org.junit.runners.model.FrameworkMethod$1.runReflectiveCall(FrameworkMethod.java:47)
	at org.junit.internal.runners.model.ReflectiveCallable.run(ReflectiveCallable.java:12)
	at org.junit.runners.model.FrameworkMethod.invokeExplosively(FrameworkMethod.java:44)
	at org.junit.internal.runners.statements.InvokeMethod.evaluate(InvokeMethod.java:17)
	at org.junit.runners.ParentRunner.runLeaf(ParentRunner.java:271)
	at org.junit.runners.BlockJUnit4ClassRunner.runChild(BlockJUnit4ClassRunner.java:70)
	at org.junit.runners.BlockJUnit4ClassRunner.runChild(BlockJUnit4ClassRunner.java:50)
	at org.junit.runners.ParentRunner$3.run(ParentRunner.java:238)
	at org.junit.runners.ParentRunner$1.schedule(ParentRunner.java:63)
	at org.junit.runners.ParentRunner.runChildren(ParentRunner.java:236)
	at org.junit.runners.ParentRunner.access$000(ParentRunner.java:53)
	at org.junit.runners.ParentRunner$2.evaluate(ParentRunner.java:229)
	at org.junit.runners.ParentRunner.run(ParentRunner.java:309)
	at org.apache.maven.surefire.junit4.JUnit4Provider.execute(JUnit4Provider.java:365)
	at org.apache.maven.surefire.junit4.JUnit4Provider.executeWithRerun(JUnit4Provider.java:273)
	at org.apache.maven.surefire.junit4.JUnit4Provider.executeTestSet(JUnit4Provider.java:238)
	at org.apache.maven.surefire.junit4.JUnit4Provider.invoke(JUnit4Provider.java:159)
	at org.apache.maven.surefire.booter.ForkedBooter.invokeProviderInSameClassLoader(ForkedBooter.java:384)
	at org.apache.maven.surefire.booter.ForkedBooter.runSuitesInProcess(ForkedBooter.java:345)
	at org.apache.maven.surefire.booter.ForkedBooter.execute(ForkedBooter.java:126)
	at org.apache.maven.surefire.booter.ForkedBooter.main(ForkedBooter.java:418)
</error>
    <system-out><![CDATA[2019-09-05 17:44:12,009 [main] WARN  server.ServerUtils (ServerUtils.java:getScmDbDir(145)) - ozone.scm.db.dirs is not configured. We recommend adding this setting. Falling back to ozone.metadata.dirs instead.
2019-09-05 17:44:12,972 [main] WARN  server.ServerUtils (ServerUtils.java:getScmDbDir(145)) - ozone.scm.db.dirs is not configured. We recommend adding this setting. Falling back to ozone.metadata.dirs instead.
2019-09-05 17:44:12,975 [main] WARN  server.ServerUtils (ServerUtils.java:getScmDbDir(145)) - ozone.scm.db.dirs is not configured. We recommend adding this setting. Falling back to ozone.metadata.dirs instead.
2019-09-05 17:44:12,991 [main] INFO  util.log (Log.java:initialized(192)) - Logging initialized @1744ms
2019-09-05 17:44:13,083 [main] INFO  db.DBStoreBuilder (DBStoreBuilder.java:addTable(110)) - using custom profile for table: deletedBlocks
2019-09-05 17:44:13,084 [main] INFO  db.DBStoreBuilder (DBStoreBuilder.java:processTables(161)) - Using default column profile:DBProfile.DISK for Table:deletedBlocks
2019-09-05 17:44:13,084 [main] INFO  db.DBStoreBuilder (DBStoreBuilder.java:addTable(110)) - using custom profile for table: validCerts
2019-09-05 17:44:13,084 [main] INFO  db.DBStoreBuilder (DBStoreBuilder.java:processTables(161)) - Using default column profile:DBProfile.DISK for Table:validCerts
2019-09-05 17:44:13,085 [main] INFO  db.DBStoreBuilder (DBStoreBuilder.java:addTable(110)) - using custom profile for table: revokedCerts
2019-09-05 17:44:13,085 [main] INFO  db.DBStoreBuilder (DBStoreBuilder.java:processTables(161)) - Using default column profile:DBProfile.DISK for Table:revokedCerts
2019-09-05 17:44:13,096 [main] INFO  db.DBStoreBuilder (DBStoreBuilder.java:addTable(110)) - using custom profile for table: default
2019-09-05 17:44:13,097 [main] INFO  db.DBStoreBuilder (DBStoreBuilder.java:processTables(167)) - Using default column profile:DBProfile.DISK for Table:default
2019-09-05 17:44:13,098 [main] INFO  db.DBStoreBuilder (DBStoreBuilder.java:getDbProfile(198)) - Using default options. DBProfile.DISK
2019-09-05 17:44:22,220 [main] INFO  net.NodeSchemaLoader (NodeSchemaLoader.java:loadSchemaFromFile(125)) - Loading file from sun.misc.CompoundEnumeration@692f203f
2019-09-05 17:44:22,223 [main] INFO  net.NodeSchemaLoader (NodeSchemaLoader.java:loadSchema(171)) - Loading network topology layer schema file
2019-09-05 17:44:22,302 [main] WARN  server.ServerUtils (ServerUtils.java:sanitizeUserArgs(70)) - ozone.scm.stale.node.interval value = 300000 is larger than max = 100000 based on the key value of ozone.scm.heartbeat.thread.interval, reset to the max value 100000.
2019-09-05 17:44:22,305 [main] WARN  server.ServerUtils (ServerUtils.java:sanitizeUserArgs(70)) - ozone.scm.stale.node.interval value = 300000 is larger than max = 100000 based on the key value of ozone.scm.heartbeat.thread.interval, reset to the max value 100000.
2019-09-05 17:44:22,308 [main] INFO  node.SCMNodeManager (SCMNodeManager.java:<init>(114)) - Entering startup safe mode.
2019-09-05 17:44:22,397 [main] INFO  algorithms.ContainerPlacementPolicyFactory (ContainerPlacementPolicyFactory.java:getPolicy(55)) - Create container placement policy of type org.apache.hadoop.hdds.scm.container.placement.algorithms.SCMContainerPlacementRandom
2019-09-05 17:44:22,418 [main] WARN  server.ServerUtils (ServerUtils.java:getScmDbDir(145)) - ozone.scm.db.dirs is not configured. We recommend adding this setting. Falling back to ozone.metadata.dirs instead.
2019-09-05 17:44:22,634 [main] INFO  pipeline.SCMPipelineManager (SCMPipelineManager.java:initializePipelineState(128)) - No pipeline exists in current db
2019-09-05 17:44:22,636 [main] WARN  server.ServerUtils (ServerUtils.java:getScmDbDir(145)) - ozone.scm.db.dirs is not configured. We recommend adding this setting. Falling back to ozone.metadata.dirs instead.
2019-09-05 17:44:22,924 [main] WARN  events.EventQueue (EventQueue.java:fireEvent(183)) - No event handler registered for event TypedEvent{payloadType=SafeModeStatus, name='SafeModeStatus'}
2019-09-05 17:44:23,321 [main] INFO  ipc.CallQueueManager (CallQueueManager.java:<init>(84)) - Using callQueue: class java.util.concurrent.LinkedBlockingQueue, queueCapacity: 2000, scheduler: class org.apache.hadoop.ipc.DefaultRpcScheduler, ipcBackoff: false.
2019-09-05 17:44:23,350 [Socket Reader #1 for port 42640] INFO  ipc.Server (Server.java:run(1074)) - Starting Socket Reader #1 for port 42640
2019-09-05 17:44:23,508 [main] INFO  ipc.CallQueueManager (CallQueueManager.java:<init>(84)) - Using callQueue: class java.util.concurrent.LinkedBlockingQueue, queueCapacity: 2000, scheduler: class org.apache.hadoop.ipc.DefaultRpcScheduler, ipcBackoff: false.
2019-09-05 17:44:23,509 [Socket Reader #1 for port 36218] INFO  ipc.Server (Server.java:run(1074)) - Starting Socket Reader #1 for port 36218
2019-09-05 17:44:23,520 [main] INFO  ipc.CallQueueManager (CallQueueManager.java:<init>(84)) - Using callQueue: class java.util.concurrent.LinkedBlockingQueue, queueCapacity: 2000, scheduler: class org.apache.hadoop.ipc.DefaultRpcScheduler, ipcBackoff: false.
2019-09-05 17:44:23,521 [Socket Reader #1 for port 33189] INFO  ipc.Server (Server.java:run(1074)) - Starting Socket Reader #1 for port 33189
2019-09-05 17:44:23,548 [main] INFO  hdfs.DFSUtil (DFSUtil.java:httpServerTemplateForNNAndJN(1641)) - Starting Web-server for scm at: http://0.0.0.0:0
2019-09-05 17:44:23,731 [main] INFO  server.AuthenticationFilter (AuthenticationFilter.java:constructSecretProvider(240)) - Unable to initialize FileSignerSecretProvider, falling back to use random secrets.
2019-09-05 17:44:23,740 [main] WARN  http.HttpRequestLog (HttpRequestLog.java:getRequestLog(97)) - Jetty request log can only be enabled using Log4j
2019-09-05 17:44:23,749 [main] INFO  http.HttpServer2 (HttpServer2.java:addGlobalFilter(975)) - Added global filter 'safety' (class=org.apache.hadoop.http.HttpServer2$QuotingInputFilter)
2019-09-05 17:44:23,751 [main] INFO  http.HttpServer2 (HttpServer2.java:addFilter(948)) - Added filter static_user_filter (class=org.apache.hadoop.http.lib.StaticUserWebFilter$StaticUserFilter) to context scm
2019-09-05 17:44:23,752 [main] INFO  http.HttpServer2 (HttpServer2.java:addFilter(958)) - Added filter static_user_filter (class=org.apache.hadoop.http.lib.StaticUserWebFilter$StaticUserFilter) to context logs
2019-09-05 17:44:23,752 [main] INFO  http.HttpServer2 (HttpServer2.java:addFilter(958)) - Added filter static_user_filter (class=org.apache.hadoop.http.lib.StaticUserWebFilter$StaticUserFilter) to context static
2019-09-05 17:44:23,784 [main] INFO  server.StorageContainerManager (StorageContainerManager.java:start(759)) - StorageContainerLocationProtocol RPC server is listening at /0.0.0.0:33189
2019-09-05 17:44:23,852 [main] WARN  impl.MetricsConfig (MetricsConfig.java:loadFirst(134)) - Cannot locate configuration: tried hadoop-metrics2-storagecontainermanager.properties,hadoop-metrics2.properties
2019-09-05 17:44:23,865 [main] INFO  impl.MetricsSystemImpl (MetricsSystemImpl.java:startTimer(374)) - Scheduled Metric snapshot period at 10 second(s).
2019-09-05 17:44:23,866 [main] INFO  impl.MetricsSystemImpl (MetricsSystemImpl.java:start(191)) - StorageContainerManager metrics system started
2019-09-05 17:44:24,133 [main] INFO  server.SCMClientProtocolServer (SCMClientProtocolServer.java:start(151)) - RPC server for Client  is listening at /0.0.0.0:33189
2019-09-05 17:44:24,133 [IPC Server Responder] INFO  ipc.Server (Server.java:run(1314)) - IPC Server Responder: starting
2019-09-05 17:44:24,133 [IPC Server listener on 33189] INFO  ipc.Server (Server.java:run(1153)) - IPC Server listener on 33189: starting
2019-09-05 17:44:24,136 [main] INFO  server.StorageContainerManager (StorageContainerManager.java:start(769)) - ScmBlockLocationProtocol RPC server is listening at /0.0.0.0:36218
2019-09-05 17:44:24,138 [main] INFO  server.SCMBlockProtocolServer (SCMBlockProtocolServer.java:start(146)) - RPC server for Block Protocol is listening at /0.0.0.0:36218
2019-09-05 17:44:24,139 [IPC Server Responder] INFO  ipc.Server (Server.java:run(1314)) - IPC Server Responder: starting
2019-09-05 17:44:24,139 [IPC Server listener on 36218] INFO  ipc.Server (Server.java:run(1153)) - IPC Server listener on 36218: starting
2019-09-05 17:44:24,141 [main] INFO  server.StorageContainerManager (StorageContainerManager.java:start(773)) - ScmDatanodeProtocl RPC server is listening at /0.0.0.0:42640
2019-09-05 17:44:24,142 [main] INFO  server.SCMDatanodeProtocolServer (SCMDatanodeProtocolServer.java:start(191)) - RPC server for DataNodes is listening at /0.0.0.0:42640
2019-09-05 17:44:24,142 [IPC Server Responder] INFO  ipc.Server (Server.java:run(1314)) - IPC Server Responder: starting
2019-09-05 17:44:24,142 [IPC Server listener on 42640] INFO  ipc.Server (Server.java:run(1153)) - IPC Server listener on 42640: starting
2019-09-05 17:44:24,147 [main] INFO  http.HttpServer2 (HttpServer2.java:bindListener(1191)) - Jetty bound to port 37029
2019-09-05 17:44:24,149 [main] INFO  server.Server (Server.java:doStart(351)) - jetty-9.3.24.v20180605, build timestamp: 2018-06-05T17:11:56Z, git hash: 84205aa28f11a4f31f2a3b86d1bba2cc8ab69827
2019-09-05 17:44:24,193 [main] INFO  handler.ContextHandler (ContextHandler.java:doStart(781)) - Started o.e.j.s.ServletContextHandler@4af0df05{/logs,file:///workdir/hadoop-ozone/integration-test/target/log,AVAILABLE}
2019-09-05 17:44:24,193 [main] INFO  handler.ContextHandler (ContextHandler.java:doStart(781)) - Started o.e.j.s.ServletContextHandler@acdb094{/static,file:///workdir/hadoop-ozone/integration-test/target/test-classes/webapps/static,AVAILABLE}
2019-09-05 17:44:24,230 [main] INFO  handler.ContextHandler (ContextHandler.java:doStart(781)) - Started o.e.j.w.WebAppContext@7df587ef{/,file:///workdir/hadoop-ozone/integration-test/target/test-classes/webapps/scm/,AVAILABLE}{/scm}
2019-09-05 17:44:24,237 [main] INFO  server.AbstractConnector (AbstractConnector.java:doStart(278)) - Started ServerConnector@3591009c{HTTP/1.1,[http/1.1]}{0.0.0.0:37029}
2019-09-05 17:44:24,237 [main] INFO  server.Server (Server.java:doStart(419)) - Started @12990ms
2019-09-05 17:44:24,239 [main] INFO  impl.MetricsSinkAdapter (MetricsSinkAdapter.java:start(204)) - Sink prometheus started
2019-09-05 17:44:24,240 [main] INFO  impl.MetricsSystemImpl (MetricsSystemImpl.java:registerSink(301)) - Registered sink prometheus
2019-09-05 17:44:24,241 [main] INFO  server.BaseHttpServer (BaseHttpServer.java:updateConnectorAddress(215)) - HTTP server of SCM is listening at http://0.0.0.0:37029
2019-09-05 17:44:24,248 [org.apache.hadoop.util.JvmPauseMonitor$Monitor@3dd69f5a] INFO  util.JvmPauseMonitor (JvmPauseMonitor.java:run(188)) - Starting JVM pause monitor
2019-09-05 17:44:24,254 [main] WARN  server.ServerUtils (ServerUtils.java:getDBPath(222)) - ozone.om.db.dirs is not configured. We recommend adding this setting. Falling back to ozone.metadata.dirs instead.
2019-09-05 17:44:24,378 [main] WARN  server.ServerUtils (ServerUtils.java:getDBPath(222)) - ozone.om.db.dirs is not configured. We recommend adding this setting. Falling back to ozone.metadata.dirs instead.
2019-09-05 17:44:24,378 [main] WARN  server.ServerUtils (ServerUtils.java:getDBPath(222)) - ozone.om.db.dirs is not configured. We recommend adding this setting. Falling back to ozone.metadata.dirs instead.
2019-09-05 17:44:24,379 [main] INFO  om.OzoneManager (OzoneManager.java:setOMNodeDetails(649)) - OM Service ID is not set. Setting it to the default ID: omServiceIdDefault
2019-09-05 17:44:24,380 [main] INFO  om.OzoneManager (OzoneManager.java:setOMNodeDetails(655)) - OM Node ID is not set. Setting it to the OmStorage's OmID: 106475a4-a5f1-467c-993f-9ff30a0314e6
2019-09-05 17:44:24,381 [main] INFO  om.OzoneManager (OzoneManager.java:loadOMHAConfigs(606)) - Found matching OM address with OMServiceId: null, OMNodeId: null, RPC Address: localhost:0 and Ratis port: 9872
2019-09-05 17:44:25,041 [main] WARN  server.ServerUtils (ServerUtils.java:getDBPath(222)) - ozone.om.db.dirs is not configured. We recommend adding this setting. Falling back to ozone.metadata.dirs instead.
2019-09-05 17:44:25,051 [main] INFO  db.DBStoreBuilder (DBStoreBuilder.java:addTable(110)) - using custom profile for table: userTable
2019-09-05 17:44:25,051 [main] INFO  db.DBStoreBuilder (DBStoreBuilder.java:processTables(161)) - Using default column profile:DBProfile.DISK for Table:userTable
2019-09-05 17:44:25,051 [main] INFO  db.DBStoreBuilder (DBStoreBuilder.java:addTable(110)) - using custom profile for table: volumeTable
2019-09-05 17:44:25,051 [main] INFO  db.DBStoreBuilder (DBStoreBuilder.java:processTables(161)) - Using default column profile:DBProfile.DISK for Table:volumeTable
2019-09-05 17:44:25,052 [main] INFO  db.DBStoreBuilder (DBStoreBuilder.java:addTable(110)) - using custom profile for table: bucketTable
2019-09-05 17:44:25,052 [main] INFO  db.DBStoreBuilder (DBStoreBuilder.java:processTables(161)) - Using default column profile:DBProfile.DISK for Table:bucketTable
2019-09-05 17:44:25,052 [main] INFO  db.DBStoreBuilder (DBStoreBuilder.java:addTable(110)) - using custom profile for table: keyTable
2019-09-05 17:44:25,052 [main] INFO  db.DBStoreBuilder (DBStoreBuilder.java:processTables(161)) - Using default column profile:DBProfile.DISK for Table:keyTable
2019-09-05 17:44:25,053 [main] INFO  db.DBStoreBuilder (DBStoreBuilder.java:addTable(110)) - using custom profile for table: deletedTable
2019-09-05 17:44:25,053 [main] INFO  db.DBStoreBuilder (DBStoreBuilder.java:processTables(161)) - Using default column profile:DBProfile.DISK for Table:deletedTable
2019-09-05 17:44:25,053 [main] INFO  db.DBStoreBuilder (DBStoreBuilder.java:addTable(110)) - using custom profile for table: openKeyTable
2019-09-05 17:44:25,053 [main] INFO  db.DBStoreBuilder (DBStoreBuilder.java:processTables(161)) - Using default column profile:DBProfile.DISK for Table:openKeyTable
2019-09-05 17:44:25,054 [main] INFO  db.DBStoreBuilder (DBStoreBuilder.java:addTable(110)) - using custom profile for table: s3Table
2019-09-05 17:44:25,054 [main] INFO  db.DBStoreBuilder (DBStoreBuilder.java:processTables(161)) - Using default column profile:DBProfile.DISK for Table:s3Table
2019-09-05 17:44:25,054 [main] INFO  db.DBStoreBuilder (DBStoreBuilder.java:addTable(110)) - using custom profile for table: multipartInfoTable
2019-09-05 17:44:25,055 [main] INFO  db.DBStoreBuilder (DBStoreBuilder.java:processTables(161)) - Using default column profile:DBProfile.DISK for Table:multipartInfoTable
2019-09-05 17:44:25,055 [main] INFO  db.DBStoreBuilder (DBStoreBuilder.java:addTable(110)) - using custom profile for table: dTokenTable
2019-09-05 17:44:25,055 [main] INFO  db.DBStoreBuilder (DBStoreBuilder.java:processTables(161)) - Using default column profile:DBProfile.DISK for Table:dTokenTable
2019-09-05 17:44:25,056 [main] INFO  db.DBStoreBuilder (DBStoreBuilder.java:addTable(110)) - using custom profile for table: s3SecretTable
2019-09-05 17:44:25,056 [main] INFO  db.DBStoreBuilder (DBStoreBuilder.java:processTables(161)) - Using default column profile:DBProfile.DISK for Table:s3SecretTable
2019-09-05 17:44:25,057 [main] INFO  db.DBStoreBuilder (DBStoreBuilder.java:addTable(110)) - using custom profile for table: prefixTable
2019-09-05 17:44:25,057 [main] INFO  db.DBStoreBuilder (DBStoreBuilder.java:processTables(161)) - Using default column profile:DBProfile.DISK for Table:prefixTable
2019-09-05 17:44:25,057 [main] INFO  db.DBStoreBuilder (DBStoreBuilder.java:addTable(110)) - using custom profile for table: default
2019-09-05 17:44:25,058 [main] INFO  db.DBStoreBuilder (DBStoreBuilder.java:processTables(167)) - Using default column profile:DBProfile.DISK for Table:default
2019-09-05 17:44:25,058 [main] INFO  db.DBStoreBuilder (DBStoreBuilder.java:getDbProfile(198)) - Using default options. DBProfile.DISK
2019-09-05 17:44:26,434 [main] INFO  ipc.CallQueueManager (CallQueueManager.java:<init>(84)) - Using callQueue: class java.util.concurrent.LinkedBlockingQueue, queueCapacity: 2000, scheduler: class org.apache.hadoop.ipc.DefaultRpcScheduler, ipcBackoff: false.
2019-09-05 17:44:26,435 [Socket Reader #1 for port 41533] INFO  ipc.Server (Server.java:run(1074)) - Starting Socket Reader #1 for port 41533
2019-09-05 17:44:26,459 [main] INFO  om.OzoneManager (OzoneManager.java:start(1240)) - OzoneManager RPC server is listening at localhost/127.0.0.1:41533
2019-09-05 17:44:26,459 [main] INFO  impl.MetricsSystemImpl (MetricsSystemImpl.java:init(158)) - OzoneManager metrics system started (again)
2019-09-05 17:44:26,460 [IPC Server Responder] INFO  ipc.Server (Server.java:run(1314)) - IPC Server Responder: starting
2019-09-05 17:44:26,460 [IPC Server listener on 41533] INFO  ipc.Server (Server.java:run(1153)) - IPC Server listener on 41533: starting
2019-09-05 17:44:26,468 [main] INFO  hdfs.DFSUtil (DFSUtil.java:httpServerTemplateForNNAndJN(1641)) - Starting Web-server for ozoneManager at: http://0.0.0.0:0
2019-09-05 17:44:26,470 [main] INFO  server.AuthenticationFilter (AuthenticationFilter.java:constructSecretProvider(240)) - Unable to initialize FileSignerSecretProvider, falling back to use random secrets.
2019-09-05 17:44:26,471 [main] WARN  http.HttpRequestLog (HttpRequestLog.java:getRequestLog(97)) - Jetty request log can only be enabled using Log4j
2019-09-05 17:44:26,474 [main] INFO  http.HttpServer2 (HttpServer2.java:addGlobalFilter(975)) - Added global filter 'safety' (class=org.apache.hadoop.http.HttpServer2$QuotingInputFilter)
2019-09-05 17:44:26,476 [main] INFO  http.HttpServer2 (HttpServer2.java:addFilter(948)) - Added filter static_user_filter (class=org.apache.hadoop.http.lib.StaticUserWebFilter$StaticUserFilter) to context ozoneManager
2019-09-05 17:44:26,476 [main] INFO  http.HttpServer2 (HttpServer2.java:addFilter(958)) - Added filter static_user_filter (class=org.apache.hadoop.http.lib.StaticUserWebFilter$StaticUserFilter) to context logs
2019-09-05 17:44:26,476 [main] INFO  http.HttpServer2 (HttpServer2.java:addFilter(958)) - Added filter static_user_filter (class=org.apache.hadoop.http.lib.StaticUserWebFilter$StaticUserFilter) to context static
2019-09-05 17:44:26,479 [main] INFO  http.HttpServer2 (HttpServer2.java:bindListener(1191)) - Jetty bound to port 34643
2019-09-05 17:44:26,479 [main] INFO  server.Server (Server.java:doStart(351)) - jetty-9.3.24.v20180605, build timestamp: 2018-06-05T17:11:56Z, git hash: 84205aa28f11a4f31f2a3b86d1bba2cc8ab69827
2019-09-05 17:44:26,483 [main] INFO  handler.ContextHandler (ContextHandler.java:doStart(781)) - Started o.e.j.s.ServletContextHandler@7b2a3ff8{/logs,file:///workdir/hadoop-ozone/integration-test/target/log,AVAILABLE}
2019-09-05 17:44:26,484 [main] INFO  handler.ContextHandler (ContextHandler.java:doStart(781)) - Started o.e.j.s.ServletContextHandler@460b6d54{/static,file:///workdir/hadoop-ozone/integration-test/target/test-classes/webapps/static,AVAILABLE}
2019-09-05 17:44:26,491 [main] INFO  handler.ContextHandler (ContextHandler.java:doStart(781)) - Started o.e.j.w.WebAppContext@49aa766b{/,file:///workdir/hadoop-ozone/integration-test/target/test-classes/webapps/ozoneManager/,AVAILABLE}{/ozoneManager}
2019-09-05 17:44:26,493 [main] INFO  server.AbstractConnector (AbstractConnector.java:doStart(278)) - Started ServerConnector@963176{HTTP/1.1,[http/1.1]}{0.0.0.0:34643}
2019-09-05 17:44:26,493 [main] INFO  server.Server (Server.java:doStart(419)) - Started @15246ms
2019-09-05 17:44:26,493 [main] WARN  impl.MetricsSystemImpl (MetricsSystemImpl.java:register(276)) - Sink prometheus already exists!
2019-09-05 17:44:26,494 [main] INFO  server.BaseHttpServer (BaseHttpServer.java:updateConnectorAddress(215)) - HTTP server of OZONEMANAGER is listening at http://0.0.0.0:34643
2019-09-05 17:44:26,861 [main] INFO  impl.MetricsSystemImpl (MetricsSystemImpl.java:init(158)) - HddsDatanode metrics system started (again)
2019-09-05 17:44:27,133 [main] INFO  ozone.HddsDatanodeService (HddsDatanodeService.java:start(184)) - HddsDatanodeService host:pr-hdds-2007-scw2c-2724463716 ip:192.168.69.120
2019-09-05 17:44:27,183 [main] INFO  volume.HddsVolume (HddsVolume.java:<init>(176)) - Creating Volume: /workdir/hadoop-ozone/integration-test/target/test-dir/MiniOzoneClusterImpl-e7761c2c-6268-40b2-9163-02537e17f130/datanode-0/data/containers/hdds of  storage type : DISK and capacity : 1482555576320
2019-09-05 17:44:27,186 [main] INFO  volume.VolumeSet (VolumeSet.java:initializeVolumeSet(170)) - Added Volume : /workdir/hadoop-ozone/integration-test/target/test-dir/MiniOzoneClusterImpl-e7761c2c-6268-40b2-9163-02537e17f130/datanode-0/data/containers/hdds to VolumeSet
2019-09-05 17:44:27,190 [main] INFO  volume.ThrottledAsyncChecker (ThrottledAsyncChecker.java:schedule(140)) - Scheduling a check for org.apache.hadoop.ozone.container.common.volume.HddsVolume@7918c7f8
2019-09-05 17:44:27,211 [main] INFO  volume.HddsVolumeChecker (HddsVolumeChecker.java:checkAllVolumes(203)) - Scheduled health check for volume org.apache.hadoop.ozone.container.common.volume.HddsVolume@7918c7f8
2019-09-05 17:44:27,328 [main] INFO  impl.RaftServerProxy (ConfUtils.java:logGet(43)) - raft.rpc.type = GRPC (default)
2019-09-05 17:44:27,401 [main] INFO  grpc.GrpcFactory (GrpcFactory.java:checkPooledByteBufAllocatorUseCacheForAllThreads(45)) - PERFORMANCE WARNING: useCacheForAllThreads is true that may cause Netty to create a lot garbage objects and, as a result, trigger GC.
	It is recommended to disable useCacheForAllThreads by setting -Dorg.apache.ratis.thirdparty.io.netty.allocator.useCacheForAllThreads=false in command line.
2019-09-05 17:44:27,407 [main] INFO  grpc.GrpcConfigKeys$Server (ConfUtils.java:logGet(43)) - raft.grpc.server.port = 0 (default)
2019-09-05 17:44:27,407 [main] INFO  server.GrpcService (ConfUtils.java:logGet(43)) - raft.grpc.message.size.max = 33570816 (custom)
2019-09-05 17:44:27,409 [main] INFO  server.RaftServerConfigKeys (ConfUtils.java:logGet(43)) - raft.server.log.appender.buffer.byte-limit = 33554432 (custom)
2019-09-05 17:44:27,410 [main] INFO  server.GrpcService (ConfUtils.java:logGet(43)) - raft.grpc.flow.control.window = 1MB (=1048576) (default)
2019-09-05 17:44:27,410 [main] INFO  server.RaftServerConfigKeys (ConfUtils.java:logGet(43)) - raft.server.rpc.request.timeout = 3000ms (default)
2019-09-05 17:44:27,573 [main] INFO  server.RaftServerConfigKeys (ConfUtils.java:logGet(43)) - raft.server.storage.dir = [/workdir/hadoop-ozone/integration-test/target/test-dir/MiniOzoneClusterImpl-e7761c2c-6268-40b2-9163-02537e17f130/datanode-0/data/ratis] (custom)
2019-09-05 17:44:27,629 [main] INFO  hdfs.DFSUtil (DFSUtil.java:httpServerTemplateForNNAndJN(1641)) - Starting Web-server for hddsDatanode at: http://0.0.0.0:0
2019-09-05 17:44:27,632 [main] INFO  server.AuthenticationFilter (AuthenticationFilter.java:constructSecretProvider(240)) - Unable to initialize FileSignerSecretProvider, falling back to use random secrets.
2019-09-05 17:44:27,772 [main] WARN  http.HttpRequestLog (HttpRequestLog.java:getRequestLog(97)) - Jetty request log can only be enabled using Log4j
2019-09-05 17:44:27,778 [main] INFO  http.HttpServer2 (HttpServer2.java:addGlobalFilter(975)) - Added global filter 'safety' (class=org.apache.hadoop.http.HttpServer2$QuotingInputFilter)
2019-09-05 17:44:27,779 [main] INFO  http.HttpServer2 (HttpServer2.java:addFilter(948)) - Added filter static_user_filter (class=org.apache.hadoop.http.lib.StaticUserWebFilter$StaticUserFilter) to context hddsDatanode
2019-09-05 17:44:27,780 [main] INFO  http.HttpServer2 (HttpServer2.java:addFilter(958)) - Added filter static_user_filter (class=org.apache.hadoop.http.lib.StaticUserWebFilter$StaticUserFilter) to context static
2019-09-05 17:44:27,780 [main] INFO  http.HttpServer2 (HttpServer2.java:addFilter(958)) - Added filter static_user_filter (class=org.apache.hadoop.http.lib.StaticUserWebFilter$StaticUserFilter) to context logs
2019-09-05 17:44:27,784 [main] INFO  http.HttpServer2 (HttpServer2.java:bindListener(1191)) - Jetty bound to port 39858
2019-09-05 17:44:27,785 [main] INFO  server.Server (Server.java:doStart(351)) - jetty-9.3.24.v20180605, build timestamp: 2018-06-05T17:11:56Z, git hash: 84205aa28f11a4f31f2a3b86d1bba2cc8ab69827
2019-09-05 17:44:27,791 [main] INFO  handler.ContextHandler (ContextHandler.java:doStart(781)) - Started o.e.j.s.ServletContextHandler@658255aa{/logs,file:///workdir/hadoop-ozone/integration-test/target/log,AVAILABLE}
2019-09-05 17:44:27,793 [main] INFO  handler.ContextHandler (ContextHandler.java:doStart(781)) - Started o.e.j.s.ServletContextHandler@76563d26{/static,jar:file:/home/user/.m2/repository/org/apache/hadoop/hadoop-hdds-container-service/0.5.0-SNAPSHOT/hadoop-hdds-container-service-0.5.0-SNAPSHOT.jar!/webapps/static,AVAILABLE}
2019-09-05 17:44:27,851 [main] INFO  handler.ContextHandler (ContextHandler.java:doStart(781)) - Started o.e.j.w.WebAppContext@433348bc{/,file:///tmp/jetty-0.0.0.0-39858-hddsDatanode-_-any-8950062697449427519.dir/webapp/,AVAILABLE}{/hddsDatanode}
2019-09-05 17:44:27,852 [main] INFO  server.AbstractConnector (AbstractConnector.java:doStart(278)) - Started ServerConnector@6d1dcdff{HTTP/1.1,[http/1.1]}{0.0.0.0:39858}
2019-09-05 17:44:27,853 [main] INFO  server.Server (Server.java:doStart(419)) - Started @16606ms
2019-09-05 17:44:27,853 [main] WARN  impl.MetricsSystemImpl (MetricsSystemImpl.java:register(276)) - Sink prometheus already exists!
2019-09-05 17:44:27,854 [main] INFO  server.BaseHttpServer (BaseHttpServer.java:updateConnectorAddress(215)) - HTTP server of HDDSDATANODE is listening at http://0.0.0.0:39858
2019-09-05 17:44:27,855 [main] INFO  impl.MetricsSystemImpl (MetricsSystemImpl.java:init(158)) - HddsDatanode metrics system started (again)
2019-09-05 17:44:27,859 [main] INFO  ozone.HddsDatanodeService (HddsDatanodeService.java:start(184)) - HddsDatanodeService host:pr-hdds-2007-scw2c-2724463716 ip:192.168.69.120
2019-09-05 17:44:27,861 [org.apache.hadoop.util.JvmPauseMonitor$Monitor@4aadb118] INFO  util.JvmPauseMonitor (JvmPauseMonitor.java:run(188)) - Starting JVM pause monitor
2019-09-05 17:44:27,870 [main] INFO  volume.HddsVolume (HddsVolume.java:<init>(176)) - Creating Volume: /workdir/hadoop-ozone/integration-test/target/test-dir/MiniOzoneClusterImpl-e7761c2c-6268-40b2-9163-02537e17f130/datanode-1/data/containers/hdds of  storage type : DISK and capacity : 1482555576320
2019-09-05 17:44:27,872 [main] INFO  volume.VolumeSet (VolumeSet.java:initializeVolumeSet(170)) - Added Volume : /workdir/hadoop-ozone/integration-test/target/test-dir/MiniOzoneClusterImpl-e7761c2c-6268-40b2-9163-02537e17f130/datanode-1/data/containers/hdds to VolumeSet
2019-09-05 17:44:27,872 [main] INFO  volume.ThrottledAsyncChecker (ThrottledAsyncChecker.java:schedule(140)) - Scheduling a check for org.apache.hadoop.ozone.container.common.volume.HddsVolume@26c47874
2019-09-05 17:44:27,873 [main] INFO  volume.HddsVolumeChecker (HddsVolumeChecker.java:checkAllVolumes(203)) - Scheduled health check for volume org.apache.hadoop.ozone.container.common.volume.HddsVolume@26c47874
2019-09-05 17:44:27,891 [main] INFO  impl.RaftServerProxy (ConfUtils.java:logGet(43)) - raft.rpc.type = GRPC (default)
2019-09-05 17:44:27,892 [main] INFO  grpc.GrpcFactory (GrpcFactory.java:checkPooledByteBufAllocatorUseCacheForAllThreads(45)) - PERFORMANCE WARNING: useCacheForAllThreads is true that may cause Netty to create a lot garbage objects and, as a result, trigger GC.
	It is recommended to disable useCacheForAllThreads by setting -Dorg.apache.ratis.thirdparty.io.netty.allocator.useCacheForAllThreads=false in command line.
2019-09-05 17:44:27,892 [main] INFO  grpc.GrpcConfigKeys$Server (ConfUtils.java:logGet(43)) - raft.grpc.server.port = 0 (default)
2019-09-05 17:44:27,892 [main] INFO  server.GrpcService (ConfUtils.java:logGet(43)) - raft.grpc.message.size.max = 33570816 (custom)
2019-09-05 17:44:27,893 [main] INFO  server.RaftServerConfigKeys (ConfUtils.java:logGet(43)) - raft.server.log.appender.buffer.byte-limit = 33554432 (custom)
2019-09-05 17:44:27,893 [main] INFO  server.GrpcService (ConfUtils.java:logGet(43)) - raft.grpc.flow.control.window = 1MB (=1048576) (default)
2019-09-05 17:44:27,893 [main] INFO  server.RaftServerConfigKeys (ConfUtils.java:logGet(43)) - raft.server.rpc.request.timeout = 3000ms (default)
2019-09-05 17:44:27,894 [main] INFO  server.RaftServerConfigKeys (ConfUtils.java:logGet(43)) - raft.server.storage.dir = [/workdir/hadoop-ozone/integration-test/target/test-dir/MiniOzoneClusterImpl-e7761c2c-6268-40b2-9163-02537e17f130/datanode-1/data/ratis] (custom)
2019-09-05 17:44:27,896 [main] INFO  hdfs.DFSUtil (DFSUtil.java:httpServerTemplateForNNAndJN(1641)) - Starting Web-server for hddsDatanode at: http://0.0.0.0:0
2019-09-05 17:44:27,898 [main] INFO  server.AuthenticationFilter (AuthenticationFilter.java:constructSecretProvider(240)) - Unable to initialize FileSignerSecretProvider, falling back to use random secrets.
2019-09-05 17:44:27,899 [main] WARN  http.HttpRequestLog (HttpRequestLog.java:getRequestLog(97)) - Jetty request log can only be enabled using Log4j
2019-09-05 17:44:27,901 [main] INFO  http.HttpServer2 (HttpServer2.java:addGlobalFilter(975)) - Added global filter 'safety' (class=org.apache.hadoop.http.HttpServer2$QuotingInputFilter)
2019-09-05 17:44:27,902 [main] INFO  http.HttpServer2 (HttpServer2.java:addFilter(948)) - Added filter static_user_filter (class=org.apache.hadoop.http.lib.StaticUserWebFilter$StaticUserFilter) to context hddsDatanode
2019-09-05 17:44:27,902 [main] INFO  http.HttpServer2 (HttpServer2.java:addFilter(958)) - Added filter static_user_filter (class=org.apache.hadoop.http.lib.StaticUserWebFilter$StaticUserFilter) to context static
2019-09-05 17:44:27,902 [main] INFO  http.HttpServer2 (HttpServer2.java:addFilter(958)) - Added filter static_user_filter (class=org.apache.hadoop.http.lib.StaticUserWebFilter$StaticUserFilter) to context logs
2019-09-05 17:44:27,903 [main] INFO  http.HttpServer2 (HttpServer2.java:bindListener(1191)) - Jetty bound to port 34544
2019-09-05 17:44:27,903 [main] INFO  server.Server (Server.java:doStart(351)) - jetty-9.3.24.v20180605, build timestamp: 2018-06-05T17:11:56Z, git hash: 84205aa28f11a4f31f2a3b86d1bba2cc8ab69827
2019-09-05 17:44:27,906 [main] INFO  handler.ContextHandler (ContextHandler.java:doStart(781)) - Started o.e.j.s.ServletContextHandler@80bfdc6{/logs,file:///workdir/hadoop-ozone/integration-test/target/log,AVAILABLE}
2019-09-05 17:44:27,906 [main] INFO  handler.ContextHandler (ContextHandler.java:doStart(781)) - Started o.e.j.s.ServletContextHandler@4c6007fb{/static,jar:file:/home/user/.m2/repository/org/apache/hadoop/hadoop-hdds-container-service/0.5.0-SNAPSHOT/hadoop-hdds-container-service-0.5.0-SNAPSHOT.jar!/webapps/static,AVAILABLE}
2019-09-05 17:44:27,937 [main] INFO  handler.ContextHandler (ContextHandler.java:doStart(781)) - Started o.e.j.w.WebAppContext@77774571{/,file:///tmp/jetty-0.0.0.0-34544-hddsDatanode-_-any-2396703857717077029.dir/webapp/,AVAILABLE}{/hddsDatanode}
2019-09-05 17:44:27,939 [main] INFO  server.AbstractConnector (AbstractConnector.java:doStart(278)) - Started ServerConnector@277b8fa4{HTTP/1.1,[http/1.1]}{0.0.0.0:34544}
2019-09-05 17:44:27,939 [main] INFO  server.Server (Server.java:doStart(419)) - Started @16692ms
2019-09-05 17:44:27,939 [main] WARN  impl.MetricsSystemImpl (MetricsSystemImpl.java:register(276)) - Sink prometheus already exists!
2019-09-05 17:44:27,940 [main] INFO  server.BaseHttpServer (BaseHttpServer.java:updateConnectorAddress(215)) - HTTP server of HDDSDATANODE is listening at http://0.0.0.0:34544
2019-09-05 17:44:27,940 [main] INFO  impl.MetricsSystemImpl (MetricsSystemImpl.java:init(158)) - HddsDatanode metrics system started (again)
2019-09-05 17:44:27,943 [org.apache.hadoop.util.JvmPauseMonitor$Monitor@1dc5fd2c] INFO  util.JvmPauseMonitor (JvmPauseMonitor.java:run(188)) - Starting JVM pause monitor
2019-09-05 17:44:27,943 [main] INFO  ozone.HddsDatanodeService (HddsDatanodeService.java:start(184)) - HddsDatanodeService host:pr-hdds-2007-scw2c-2724463716 ip:192.168.69.120
2019-09-05 17:44:27,951 [main] INFO  volume.HddsVolume (HddsVolume.java:<init>(176)) - Creating Volume: /workdir/hadoop-ozone/integration-test/target/test-dir/MiniOzoneClusterImpl-e7761c2c-6268-40b2-9163-02537e17f130/datanode-2/data/containers/hdds of  storage type : DISK and capacity : 1482555576320
2019-09-05 17:44:27,952 [main] INFO  volume.VolumeSet (VolumeSet.java:initializeVolumeSet(170)) - Added Volume : /workdir/hadoop-ozone/integration-test/target/test-dir/MiniOzoneClusterImpl-e7761c2c-6268-40b2-9163-02537e17f130/datanode-2/data/containers/hdds to VolumeSet
2019-09-05 17:44:27,952 [main] INFO  volume.ThrottledAsyncChecker (ThrottledAsyncChecker.java:schedule(140)) - Scheduling a check for org.apache.hadoop.ozone.container.common.volume.HddsVolume@4f0f7849
2019-09-05 17:44:27,953 [main] INFO  volume.HddsVolumeChecker (HddsVolumeChecker.java:checkAllVolumes(203)) - Scheduled health check for volume org.apache.hadoop.ozone.container.common.volume.HddsVolume@4f0f7849
2019-09-05 17:44:27,962 [Datanode State Machine Thread - 0] INFO  datanode.InitDatanodeState (InitDatanodeState.java:persistContainerDatanodeDetails(140)) - DatanodeDetails is persisted to /workdir/hadoop-ozone/integration-test/target/test-dir/MiniOzoneClusterImpl-e7761c2c-6268-40b2-9163-02537e17f130/datanode-0/meta/datanode.id
2019-09-05 17:44:27,967 [Datanode State Machine Thread - 0] INFO  datanode.InitDatanodeState (InitDatanodeState.java:persistContainerDatanodeDetails(140)) - DatanodeDetails is persisted to /workdir/hadoop-ozone/integration-test/target/test-dir/MiniOzoneClusterImpl-e7761c2c-6268-40b2-9163-02537e17f130/datanode-1/meta/datanode.id
2019-09-05 17:44:27,970 [main] INFO  impl.RaftServerProxy (ConfUtils.java:logGet(43)) - raft.rpc.type = GRPC (default)
2019-09-05 17:44:27,970 [main] INFO  grpc.GrpcFactory (GrpcFactory.java:checkPooledByteBufAllocatorUseCacheForAllThreads(45)) - PERFORMANCE WARNING: useCacheForAllThreads is true that may cause Netty to create a lot garbage objects and, as a result, trigger GC.
	It is recommended to disable useCacheForAllThreads by setting -Dorg.apache.ratis.thirdparty.io.netty.allocator.useCacheForAllThreads=false in command line.
2019-09-05 17:44:27,970 [main] INFO  grpc.GrpcConfigKeys$Server (ConfUtils.java:logGet(43)) - raft.grpc.server.port = 0 (default)
2019-09-05 17:44:27,971 [main] INFO  server.GrpcService (ConfUtils.java:logGet(43)) - raft.grpc.message.size.max = 33570816 (custom)
2019-09-05 17:44:27,971 [main] INFO  server.RaftServerConfigKeys (ConfUtils.java:logGet(43)) - raft.server.log.appender.buffer.byte-limit = 33554432 (custom)
2019-09-05 17:44:27,971 [main] INFO  server.GrpcService (ConfUtils.java:logGet(43)) - raft.grpc.flow.control.window = 1MB (=1048576) (default)
2019-09-05 17:44:27,971 [main] INFO  server.RaftServerConfigKeys (ConfUtils.java:logGet(43)) - raft.server.rpc.request.timeout = 3000ms (default)
2019-09-05 17:44:27,972 [main] INFO  server.RaftServerConfigKeys (ConfUtils.java:logGet(43)) - raft.server.storage.dir = [/workdir/hadoop-ozone/integration-test/target/test-dir/MiniOzoneClusterImpl-e7761c2c-6268-40b2-9163-02537e17f130/datanode-2/data/ratis] (custom)
2019-09-05 17:44:27,974 [main] INFO  hdfs.DFSUtil (DFSUtil.java:httpServerTemplateForNNAndJN(1641)) - Starting Web-server for hddsDatanode at: http://0.0.0.0:0
2019-09-05 17:44:27,975 [main] INFO  server.AuthenticationFilter (AuthenticationFilter.java:constructSecretProvider(240)) - Unable to initialize FileSignerSecretProvider, falling back to use random secrets.
2019-09-05 17:44:27,976 [main] WARN  http.HttpRequestLog (HttpRequestLog.java:getRequestLog(97)) - Jetty request log can only be enabled using Log4j
2019-09-05 17:44:27,978 [main] INFO  http.HttpServer2 (HttpServer2.java:addGlobalFilter(975)) - Added global filter 'safety' (class=org.apache.hadoop.http.HttpServer2$QuotingInputFilter)
2019-09-05 17:44:27,978 [main] INFO  http.HttpServer2 (HttpServer2.java:addFilter(948)) - Added filter static_user_filter (class=org.apache.hadoop.http.lib.StaticUserWebFilter$StaticUserFilter) to context hddsDatanode
2019-09-05 17:44:27,978 [main] INFO  http.HttpServer2 (HttpServer2.java:addFilter(958)) - Added filter static_user_filter (class=org.apache.hadoop.http.lib.StaticUserWebFilter$StaticUserFilter) to context logs
2019-09-05 17:44:27,979 [main] INFO  http.HttpServer2 (HttpServer2.java:addFilter(958)) - Added filter static_user_filter (class=org.apache.hadoop.http.lib.StaticUserWebFilter$StaticUserFilter) to context static
2019-09-05 17:44:27,979 [main] INFO  http.HttpServer2 (HttpServer2.java:bindListener(1191)) - Jetty bound to port 33320
2019-09-05 17:44:27,979 [main] INFO  server.Server (Server.java:doStart(351)) - jetty-9.3.24.v20180605, build timestamp: 2018-06-05T17:11:56Z, git hash: 84205aa28f11a4f31f2a3b86d1bba2cc8ab69827
2019-09-05 17:44:27,983 [main] INFO  handler.ContextHandler (ContextHandler.java:doStart(781)) - Started o.e.j.s.ServletContextHandler@53e800f9{/logs,file:///workdir/hadoop-ozone/integration-test/target/log,AVAILABLE}
2019-09-05 17:44:27,984 [main] INFO  handler.ContextHandler (ContextHandler.java:doStart(781)) - Started o.e.j.s.ServletContextHandler@52d97ab6{/static,jar:file:/home/user/.m2/repository/org/apache/hadoop/hadoop-hdds-container-service/0.5.0-SNAPSHOT/hadoop-hdds-container-service-0.5.0-SNAPSHOT.jar!/webapps/static,AVAILABLE}
2019-09-05 17:44:28,014 [main] INFO  handler.ContextHandler (ContextHandler.java:doStart(781)) - Started o.e.j.w.WebAppContext@5fcfde70{/,file:///tmp/jetty-0.0.0.0-33320-hddsDatanode-_-any-3667006288697414165.dir/webapp/,AVAILABLE}{/hddsDatanode}
2019-09-05 17:44:28,015 [main] INFO  server.AbstractConnector (AbstractConnector.java:doStart(278)) - Started ServerConnector@4d95a72e{HTTP/1.1,[http/1.1]}{0.0.0.0:33320}
2019-09-05 17:44:28,016 [main] INFO  server.Server (Server.java:doStart(419)) - Started @16769ms
2019-09-05 17:44:28,016 [main] WARN  impl.MetricsSystemImpl (MetricsSystemImpl.java:register(276)) - Sink prometheus already exists!
2019-09-05 17:44:28,017 [main] INFO  server.BaseHttpServer (BaseHttpServer.java:updateConnectorAddress(215)) - HTTP server of HDDSDATANODE is listening at http://0.0.0.0:33320
2019-09-05 17:44:28,017 [main] INFO  impl.MetricsSystemImpl (MetricsSystemImpl.java:init(158)) - HddsDatanode metrics system started (again)
2019-09-05 17:44:28,020 [org.apache.hadoop.util.JvmPauseMonitor$Monitor@554a1ed1] INFO  util.JvmPauseMonitor (JvmPauseMonitor.java:run(188)) - Starting JVM pause monitor
2019-09-05 17:44:28,020 [main] INFO  ozone.HddsDatanodeService (HddsDatanodeService.java:start(184)) - HddsDatanodeService host:pr-hdds-2007-scw2c-2724463716 ip:192.168.69.120
2019-09-05 17:44:28,021 [Datanode State Machine Thread - 0] INFO  datanode.InitDatanodeState (InitDatanodeState.java:persistContainerDatanodeDetails(140)) - DatanodeDetails is persisted to /workdir/hadoop-ozone/integration-test/target/test-dir/MiniOzoneClusterImpl-e7761c2c-6268-40b2-9163-02537e17f130/datanode-2/meta/datanode.id
2019-09-05 17:44:28,027 [main] INFO  volume.HddsVolume (HddsVolume.java:<init>(176)) - Creating Volume: /workdir/hadoop-ozone/integration-test/target/test-dir/MiniOzoneClusterImpl-e7761c2c-6268-40b2-9163-02537e17f130/datanode-3/data/containers/hdds of  storage type : DISK and capacity : 1482555576320
2019-09-05 17:44:28,027 [main] INFO  volume.VolumeSet (VolumeSet.java:initializeVolumeSet(170)) - Added Volume : /workdir/hadoop-ozone/integration-test/target/test-dir/MiniOzoneClusterImpl-e7761c2c-6268-40b2-9163-02537e17f130/datanode-3/data/containers/hdds to VolumeSet
2019-09-05 17:44:28,028 [main] INFO  volume.ThrottledAsyncChecker (ThrottledAsyncChecker.java:schedule(140)) - Scheduling a check for org.apache.hadoop.ozone.container.common.volume.HddsVolume@40e37b06
2019-09-05 17:44:28,028 [main] INFO  volume.HddsVolumeChecker (HddsVolumeChecker.java:checkAllVolumes(203)) - Scheduled health check for volume org.apache.hadoop.ozone.container.common.volume.HddsVolume@40e37b06
2019-09-05 17:44:28,043 [main] INFO  impl.RaftServerProxy (ConfUtils.java:logGet(43)) - raft.rpc.type = GRPC (default)
2019-09-05 17:44:28,044 [main] INFO  grpc.GrpcFactory (GrpcFactory.java:checkPooledByteBufAllocatorUseCacheForAllThreads(45)) - PERFORMANCE WARNING: useCacheForAllThreads is true that may cause Netty to create a lot garbage objects and, as a result, trigger GC.
	It is recommended to disable useCacheForAllThreads by setting -Dorg.apache.ratis.thirdparty.io.netty.allocator.useCacheForAllThreads=false in command line.
2019-09-05 17:44:28,044 [main] INFO  grpc.GrpcConfigKeys$Server (ConfUtils.java:logGet(43)) - raft.grpc.server.port = 0 (default)
2019-09-05 17:44:28,044 [main] INFO  server.GrpcService (ConfUtils.java:logGet(43)) - raft.grpc.message.size.max = 33570816 (custom)
2019-09-05 17:44:28,045 [main] INFO  server.RaftServerConfigKeys (ConfUtils.java:logGet(43)) - raft.server.log.appender.buffer.byte-limit = 33554432 (custom)
2019-09-05 17:44:28,045 [main] INFO  server.GrpcService (ConfUtils.java:logGet(43)) - raft.grpc.flow.control.window = 1MB (=1048576) (default)
2019-09-05 17:44:28,045 [main] INFO  server.RaftServerConfigKeys (ConfUtils.java:logGet(43)) - raft.server.rpc.request.timeout = 3000ms (default)
2019-09-05 17:44:28,046 [main] INFO  server.RaftServerConfigKeys (ConfUtils.java:logGet(43)) - raft.server.storage.dir = [/workdir/hadoop-ozone/integration-test/target/test-dir/MiniOzoneClusterImpl-e7761c2c-6268-40b2-9163-02537e17f130/datanode-3/data/ratis] (custom)
2019-09-05 17:44:28,047 [main] INFO  hdfs.DFSUtil (DFSUtil.java:httpServerTemplateForNNAndJN(1641)) - Starting Web-server for hddsDatanode at: http://0.0.0.0:0
2019-09-05 17:44:28,049 [main] INFO  server.AuthenticationFilter (AuthenticationFilter.java:constructSecretProvider(240)) - Unable to initialize FileSignerSecretProvider, falling back to use random secrets.
2019-09-05 17:44:28,049 [main] WARN  http.HttpRequestLog (HttpRequestLog.java:getRequestLog(97)) - Jetty request log can only be enabled using Log4j
2019-09-05 17:44:28,051 [main] INFO  http.HttpServer2 (HttpServer2.java:addGlobalFilter(975)) - Added global filter 'safety' (class=org.apache.hadoop.http.HttpServer2$QuotingInputFilter)
2019-09-05 17:44:28,052 [main] INFO  http.HttpServer2 (HttpServer2.java:addFilter(948)) - Added filter static_user_filter (class=org.apache.hadoop.http.lib.StaticUserWebFilter$StaticUserFilter) to context hddsDatanode
2019-09-05 17:44:28,052 [main] INFO  http.HttpServer2 (HttpServer2.java:addFilter(958)) - Added filter static_user_filter (class=org.apache.hadoop.http.lib.StaticUserWebFilter$StaticUserFilter) to context static
2019-09-05 17:44:28,052 [main] INFO  http.HttpServer2 (HttpServer2.java:addFilter(958)) - Added filter static_user_filter (class=org.apache.hadoop.http.lib.StaticUserWebFilter$StaticUserFilter) to context logs
2019-09-05 17:44:28,053 [main] INFO  http.HttpServer2 (HttpServer2.java:bindListener(1191)) - Jetty bound to port 39240
2019-09-05 17:44:28,053 [main] INFO  server.Server (Server.java:doStart(351)) - jetty-9.3.24.v20180605, build timestamp: 2018-06-05T17:11:56Z, git hash: 84205aa28f11a4f31f2a3b86d1bba2cc8ab69827
2019-09-05 17:44:28,064 [main] INFO  handler.ContextHandler (ContextHandler.java:doStart(781)) - Started o.e.j.s.ServletContextHandler@7ecec90d{/logs,file:///workdir/hadoop-ozone/integration-test/target/log,AVAILABLE}
2019-09-05 17:44:28,066 [main] INFO  handler.ContextHandler (ContextHandler.java:doStart(781)) - Started o.e.j.s.ServletContextHandler@5a6fa56e{/static,jar:file:/home/user/.m2/repository/org/apache/hadoop/hadoop-hdds-container-service/0.5.0-SNAPSHOT/hadoop-hdds-container-service-0.5.0-SNAPSHOT.jar!/webapps/static,AVAILABLE}
2019-09-05 17:44:28,100 [main] INFO  handler.ContextHandler (ContextHandler.java:doStart(781)) - Started o.e.j.w.WebAppContext@1f6917fb{/,file:///tmp/jetty-0.0.0.0-39240-hddsDatanode-_-any-6127385052006686506.dir/webapp/,AVAILABLE}{/hddsDatanode}
2019-09-05 17:44:28,107 [main] INFO  server.AbstractConnector (AbstractConnector.java:doStart(278)) - Started ServerConnector@41eb94bc{HTTP/1.1,[http/1.1]}{0.0.0.0:39240}
2019-09-05 17:44:28,108 [main] INFO  server.Server (Server.java:doStart(419)) - Started @16861ms
2019-09-05 17:44:28,108 [main] WARN  impl.MetricsSystemImpl (MetricsSystemImpl.java:register(276)) - Sink prometheus already exists!
2019-09-05 17:44:28,109 [main] INFO  server.BaseHttpServer (BaseHttpServer.java:updateConnectorAddress(215)) - HTTP server of HDDSDATANODE is listening at http://0.0.0.0:39240
2019-09-05 17:44:28,110 [main] INFO  impl.MetricsSystemImpl (MetricsSystemImpl.java:init(158)) - HddsDatanode metrics system started (again)
2019-09-05 17:44:28,123 [org.apache.hadoop.util.JvmPauseMonitor$Monitor@2151e7b] INFO  util.JvmPauseMonitor (JvmPauseMonitor.java:run(188)) - Starting JVM pause monitor
2019-09-05 17:44:28,123 [main] INFO  ozone.HddsDatanodeService (HddsDatanodeService.java:start(184)) - HddsDatanodeService host:pr-hdds-2007-scw2c-2724463716 ip:192.168.69.120
2019-09-05 17:44:28,125 [Datanode State Machine Thread - 0] INFO  datanode.InitDatanodeState (InitDatanodeState.java:persistContainerDatanodeDetails(140)) - DatanodeDetails is persisted to /workdir/hadoop-ozone/integration-test/target/test-dir/MiniOzoneClusterImpl-e7761c2c-6268-40b2-9163-02537e17f130/datanode-3/meta/datanode.id
2019-09-05 17:44:28,130 [main] INFO  volume.HddsVolume (HddsVolume.java:<init>(176)) - Creating Volume: /workdir/hadoop-ozone/integration-test/target/test-dir/MiniOzoneClusterImpl-e7761c2c-6268-40b2-9163-02537e17f130/datanode-4/data/containers/hdds of  storage type : DISK and capacity : 1482555576320
2019-09-05 17:44:28,131 [main] INFO  volume.VolumeSet (VolumeSet.java:initializeVolumeSet(170)) - Added Volume : /workdir/hadoop-ozone/integration-test/target/test-dir/MiniOzoneClusterImpl-e7761c2c-6268-40b2-9163-02537e17f130/datanode-4/data/containers/hdds to VolumeSet
2019-09-05 17:44:28,131 [main] INFO  volume.ThrottledAsyncChecker (ThrottledAsyncChecker.java:schedule(140)) - Scheduling a check for org.apache.hadoop.ozone.container.common.volume.HddsVolume@3d4e405e
2019-09-05 17:44:28,132 [main] INFO  volume.HddsVolumeChecker (HddsVolumeChecker.java:checkAllVolumes(203)) - Scheduled health check for volume org.apache.hadoop.ozone.container.common.volume.HddsVolume@3d4e405e
2019-09-05 17:44:28,147 [main] INFO  impl.RaftServerProxy (ConfUtils.java:logGet(43)) - raft.rpc.type = GRPC (default)
2019-09-05 17:44:28,148 [main] INFO  grpc.GrpcFactory (GrpcFactory.java:checkPooledByteBufAllocatorUseCacheForAllThreads(45)) - PERFORMANCE WARNING: useCacheForAllThreads is true that may cause Netty to create a lot garbage objects and, as a result, trigger GC.
	It is recommended to disable useCacheForAllThreads by setting -Dorg.apache.ratis.thirdparty.io.netty.allocator.useCacheForAllThreads=false in command line.
2019-09-05 17:44:28,148 [main] INFO  grpc.GrpcConfigKeys$Server (ConfUtils.java:logGet(43)) - raft.grpc.server.port = 0 (default)
2019-09-05 17:44:28,148 [main] INFO  server.GrpcService (ConfUtils.java:logGet(43)) - raft.grpc.message.size.max = 33570816 (custom)
2019-09-05 17:44:28,148 [main] INFO  server.RaftServerConfigKeys (ConfUtils.java:logGet(43)) - raft.server.log.appender.buffer.byte-limit = 33554432 (custom)
2019-09-05 17:44:28,149 [main] INFO  server.GrpcService (ConfUtils.java:logGet(43)) - raft.grpc.flow.control.window = 1MB (=1048576) (default)
2019-09-05 17:44:28,149 [main] INFO  server.RaftServerConfigKeys (ConfUtils.java:logGet(43)) - raft.server.rpc.request.timeout = 3000ms (default)
2019-09-05 17:44:28,150 [main] INFO  server.RaftServerConfigKeys (ConfUtils.java:logGet(43)) - raft.server.storage.dir = [/workdir/hadoop-ozone/integration-test/target/test-dir/MiniOzoneClusterImpl-e7761c2c-6268-40b2-9163-02537e17f130/datanode-4/data/ratis] (custom)
2019-09-05 17:44:28,152 [main] INFO  hdfs.DFSUtil (DFSUtil.java:httpServerTemplateForNNAndJN(1641)) - Starting Web-server for hddsDatanode at: http://0.0.0.0:0
2019-09-05 17:44:28,153 [main] INFO  server.AuthenticationFilter (AuthenticationFilter.java:constructSecretProvider(240)) - Unable to initialize FileSignerSecretProvider, falling back to use random secrets.
2019-09-05 17:44:28,154 [main] WARN  http.HttpRequestLog (HttpRequestLog.java:getRequestLog(97)) - Jetty request log can only be enabled using Log4j
2019-09-05 17:44:28,156 [main] INFO  http.HttpServer2 (HttpServer2.java:addGlobalFilter(975)) - Added global filter 'safety' (class=org.apache.hadoop.http.HttpServer2$QuotingInputFilter)
2019-09-05 17:44:28,156 [main] INFO  http.HttpServer2 (HttpServer2.java:addFilter(948)) - Added filter static_user_filter (class=org.apache.hadoop.http.lib.StaticUserWebFilter$StaticUserFilter) to context hddsDatanode
2019-09-05 17:44:28,156 [main] INFO  http.HttpServer2 (HttpServer2.java:addFilter(958)) - Added filter static_user_filter (class=org.apache.hadoop.http.lib.StaticUserWebFilter$StaticUserFilter) to context static
2019-09-05 17:44:28,157 [main] INFO  http.HttpServer2 (HttpServer2.java:addFilter(958)) - Added filter static_user_filter (class=org.apache.hadoop.http.lib.StaticUserWebFilter$StaticUserFilter) to context logs
2019-09-05 17:44:28,157 [main] INFO  http.HttpServer2 (HttpServer2.java:bindListener(1191)) - Jetty bound to port 33770
2019-09-05 17:44:28,158 [main] INFO  server.Server (Server.java:doStart(351)) - jetty-9.3.24.v20180605, build timestamp: 2018-06-05T17:11:56Z, git hash: 84205aa28f11a4f31f2a3b86d1bba2cc8ab69827
2019-09-05 17:44:28,160 [main] INFO  handler.ContextHandler (ContextHandler.java:doStart(781)) - Started o.e.j.s.ServletContextHandler@518bfd90{/logs,file:///workdir/hadoop-ozone/integration-test/target/log,AVAILABLE}
2019-09-05 17:44:28,160 [main] INFO  handler.ContextHandler (ContextHandler.java:doStart(781)) - Started o.e.j.s.ServletContextHandler@56dfab87{/static,jar:file:/home/user/.m2/repository/org/apache/hadoop/hadoop-hdds-container-service/0.5.0-SNAPSHOT/hadoop-hdds-container-service-0.5.0-SNAPSHOT.jar!/webapps/static,AVAILABLE}
2019-09-05 17:44:28,530 [main] INFO  handler.ContextHandler (ContextHandler.java:doStart(781)) - Started o.e.j.w.WebAppContext@1cc680e{/,file:///tmp/jetty-0.0.0.0-33770-hddsDatanode-_-any-5715458563959232681.dir/webapp/,AVAILABLE}{/hddsDatanode}
2019-09-05 17:44:28,532 [main] INFO  server.AbstractConnector (AbstractConnector.java:doStart(278)) - Started ServerConnector@1dc3502b{HTTP/1.1,[http/1.1]}{0.0.0.0:33770}
2019-09-05 17:44:28,533 [main] INFO  server.Server (Server.java:doStart(419)) - Started @17286ms
2019-09-05 17:44:28,533 [main] WARN  impl.MetricsSystemImpl (MetricsSystemImpl.java:register(276)) - Sink prometheus already exists!
2019-09-05 17:44:28,534 [main] INFO  server.BaseHttpServer (BaseHttpServer.java:updateConnectorAddress(215)) - HTTP server of HDDSDATANODE is listening at http://0.0.0.0:33770
2019-09-05 17:44:28,535 [main] INFO  impl.MetricsSystemImpl (MetricsSystemImpl.java:init(158)) - HddsDatanode metrics system started (again)
2019-09-05 17:44:28,539 [org.apache.hadoop.util.JvmPauseMonitor$Monitor@4a7179cc] INFO  util.JvmPauseMonitor (JvmPauseMonitor.java:run(188)) - Starting JVM pause monitor
2019-09-05 17:44:28,540 [main] INFO  ozone.HddsDatanodeService (HddsDatanodeService.java:start(184)) - HddsDatanodeService host:pr-hdds-2007-scw2c-2724463716 ip:192.168.69.120
2019-09-05 17:44:28,542 [Datanode State Machine Thread - 0] INFO  datanode.InitDatanodeState (InitDatanodeState.java:persistContainerDatanodeDetails(140)) - DatanodeDetails is persisted to /workdir/hadoop-ozone/integration-test/target/test-dir/MiniOzoneClusterImpl-e7761c2c-6268-40b2-9163-02537e17f130/datanode-4/meta/datanode.id
2019-09-05 17:44:28,548 [main] INFO  volume.HddsVolume (HddsVolume.java:<init>(176)) - Creating Volume: /workdir/hadoop-ozone/integration-test/target/test-dir/MiniOzoneClusterImpl-e7761c2c-6268-40b2-9163-02537e17f130/datanode-5/data/containers/hdds of  storage type : DISK and capacity : 1482555576320
2019-09-05 17:44:28,548 [main] INFO  volume.VolumeSet (VolumeSet.java:initializeVolumeSet(170)) - Added Volume : /workdir/hadoop-ozone/integration-test/target/test-dir/MiniOzoneClusterImpl-e7761c2c-6268-40b2-9163-02537e17f130/datanode-5/data/containers/hdds to VolumeSet
2019-09-05 17:44:28,549 [main] INFO  volume.ThrottledAsyncChecker (ThrottledAsyncChecker.java:schedule(140)) - Scheduling a check for org.apache.hadoop.ozone.container.common.volume.HddsVolume@3bd2af5b
2019-09-05 17:44:29,265 [main] INFO  volume.HddsVolumeChecker (HddsVolumeChecker.java:checkAllVolumes(203)) - Scheduled health check for volume org.apache.hadoop.ozone.container.common.volume.HddsVolume@3bd2af5b
2019-09-05 17:44:29,289 [main] INFO  impl.RaftServerProxy (ConfUtils.java:logGet(43)) - raft.rpc.type = GRPC (default)
2019-09-05 17:44:29,289 [main] INFO  grpc.GrpcFactory (GrpcFactory.java:checkPooledByteBufAllocatorUseCacheForAllThreads(45)) - PERFORMANCE WARNING: useCacheForAllThreads is true that may cause Netty to create a lot garbage objects and, as a result, trigger GC.
	It is recommended to disable useCacheForAllThreads by setting -Dorg.apache.ratis.thirdparty.io.netty.allocator.useCacheForAllThreads=false in command line.
2019-09-05 17:44:29,290 [main] INFO  grpc.GrpcConfigKeys$Server (ConfUtils.java:logGet(43)) - raft.grpc.server.port = 0 (default)
2019-09-05 17:44:29,290 [main] INFO  server.GrpcService (ConfUtils.java:logGet(43)) - raft.grpc.message.size.max = 33570816 (custom)
2019-09-05 17:44:29,290 [main] INFO  server.RaftServerConfigKeys (ConfUtils.java:logGet(43)) - raft.server.log.appender.buffer.byte-limit = 33554432 (custom)
2019-09-05 17:44:29,291 [main] INFO  server.GrpcService (ConfUtils.java:logGet(43)) - raft.grpc.flow.control.window = 1MB (=1048576) (default)
2019-09-05 17:44:29,291 [main] INFO  server.RaftServerConfigKeys (ConfUtils.java:logGet(43)) - raft.server.rpc.request.timeout = 3000ms (default)
2019-09-05 17:44:29,292 [main] INFO  server.RaftServerConfigKeys (ConfUtils.java:logGet(43)) - raft.server.storage.dir = [/workdir/hadoop-ozone/integration-test/target/test-dir/MiniOzoneClusterImpl-e7761c2c-6268-40b2-9163-02537e17f130/datanode-5/data/ratis] (custom)
2019-09-05 17:44:29,296 [main] INFO  hdfs.DFSUtil (DFSUtil.java:httpServerTemplateForNNAndJN(1641)) - Starting Web-server for hddsDatanode at: http://0.0.0.0:0
2019-09-05 17:44:29,299 [main] INFO  server.AuthenticationFilter (AuthenticationFilter.java:constructSecretProvider(240)) - Unable to initialize FileSignerSecretProvider, falling back to use random secrets.
2019-09-05 17:44:29,301 [main] WARN  http.HttpRequestLog (HttpRequestLog.java:getRequestLog(97)) - Jetty request log can only be enabled using Log4j
2019-09-05 17:44:29,304 [main] INFO  http.HttpServer2 (HttpServer2.java:addGlobalFilter(975)) - Added global filter 'safety' (class=org.apache.hadoop.http.HttpServer2$QuotingInputFilter)
2019-09-05 17:44:29,305 [main] INFO  http.HttpServer2 (HttpServer2.java:addFilter(948)) - Added filter static_user_filter (class=org.apache.hadoop.http.lib.StaticUserWebFilter$StaticUserFilter) to context hddsDatanode
2019-09-05 17:44:29,305 [main] INFO  http.HttpServer2 (HttpServer2.java:addFilter(958)) - Added filter static_user_filter (class=org.apache.hadoop.http.lib.StaticUserWebFilter$StaticUserFilter) to context static
2019-09-05 17:44:29,306 [main] INFO  http.HttpServer2 (HttpServer2.java:addFilter(958)) - Added filter static_user_filter (class=org.apache.hadoop.http.lib.StaticUserWebFilter$StaticUserFilter) to context logs
2019-09-05 17:44:29,307 [main] INFO  http.HttpServer2 (HttpServer2.java:bindListener(1191)) - Jetty bound to port 34879
2019-09-05 17:44:29,308 [main] INFO  server.Server (Server.java:doStart(351)) - jetty-9.3.24.v20180605, build timestamp: 2018-06-05T17:11:56Z, git hash: 84205aa28f11a4f31f2a3b86d1bba2cc8ab69827
2019-09-05 17:44:30,115 [main] INFO  handler.ContextHandler (ContextHandler.java:doStart(781)) - Started o.e.j.s.ServletContextHandler@142213d5{/logs,file:///workdir/hadoop-ozone/integration-test/target/log,AVAILABLE}
2019-09-05 17:44:30,120 [main] INFO  handler.ContextHandler (ContextHandler.java:doStart(781)) - Started o.e.j.s.ServletContextHandler@2630dbc4{/static,jar:file:/home/user/.m2/repository/org/apache/hadoop/hadoop-hdds-container-service/0.5.0-SNAPSHOT/hadoop-hdds-container-service-0.5.0-SNAPSHOT.jar!/webapps/static,AVAILABLE}
2019-09-05 17:44:30,164 [main] INFO  handler.ContextHandler (ContextHandler.java:doStart(781)) - Started o.e.j.w.WebAppContext@534180a2{/,file:///tmp/jetty-0.0.0.0-34879-hddsDatanode-_-any-4982425946557504853.dir/webapp/,AVAILABLE}{/hddsDatanode}
2019-09-05 17:44:30,166 [main] INFO  server.AbstractConnector (AbstractConnector.java:doStart(278)) - Started ServerConnector@6cf0a747{HTTP/1.1,[http/1.1]}{0.0.0.0:34879}
2019-09-05 17:44:30,166 [main] INFO  server.Server (Server.java:doStart(419)) - Started @18919ms
2019-09-05 17:44:30,166 [main] WARN  impl.MetricsSystemImpl (MetricsSystemImpl.java:register(276)) - Sink prometheus already exists!
2019-09-05 17:44:30,168 [main] INFO  server.BaseHttpServer (BaseHttpServer.java:updateConnectorAddress(215)) - HTTP server of HDDSDATANODE is listening at http://0.0.0.0:34879
2019-09-05 17:44:30,168 [main] INFO  impl.MetricsSystemImpl (MetricsSystemImpl.java:init(158)) - HddsDatanode metrics system started (again)
2019-09-05 17:44:30,173 [org.apache.hadoop.util.JvmPauseMonitor$Monitor@112ab8ac] INFO  util.JvmPauseMonitor (JvmPauseMonitor.java:run(188)) - Starting JVM pause monitor
2019-09-05 17:44:30,174 [main] INFO  ozone.HddsDatanodeService (HddsDatanodeService.java:start(184)) - HddsDatanodeService host:pr-hdds-2007-scw2c-2724463716 ip:192.168.69.120
2019-09-05 17:44:30,176 [Datanode State Machine Thread - 0] INFO  datanode.InitDatanodeState (InitDatanodeState.java:persistContainerDatanodeDetails(140)) - DatanodeDetails is persisted to /workdir/hadoop-ozone/integration-test/target/test-dir/MiniOzoneClusterImpl-e7761c2c-6268-40b2-9163-02537e17f130/datanode-5/meta/datanode.id
2019-09-05 17:44:30,187 [main] INFO  volume.HddsVolume (HddsVolume.java:<init>(176)) - Creating Volume: /workdir/hadoop-ozone/integration-test/target/test-dir/MiniOzoneClusterImpl-e7761c2c-6268-40b2-9163-02537e17f130/datanode-6/data/containers/hdds of  storage type : DISK and capacity : 1482555576320
2019-09-05 17:44:30,188 [main] INFO  volume.VolumeSet (VolumeSet.java:initializeVolumeSet(170)) - Added Volume : /workdir/hadoop-ozone/integration-test/target/test-dir/MiniOzoneClusterImpl-e7761c2c-6268-40b2-9163-02537e17f130/datanode-6/data/containers/hdds to VolumeSet
2019-09-05 17:44:30,188 [main] INFO  volume.ThrottledAsyncChecker (ThrottledAsyncChecker.java:schedule(140)) - Scheduling a check for org.apache.hadoop.ozone.container.common.volume.HddsVolume@6e041285
2019-09-05 17:44:30,189 [main] INFO  volume.HddsVolumeChecker (HddsVolumeChecker.java:checkAllVolumes(203)) - Scheduled health check for volume org.apache.hadoop.ozone.container.common.volume.HddsVolume@6e041285
2019-09-05 17:44:30,228 [Datanode State Machine Thread - 0] INFO  ozoneimpl.OzoneContainer (OzoneContainer.java:start(201)) - Attempting to start container services.
2019-09-05 17:44:30,228 [Datanode State Machine Thread - 0] INFO  ozoneimpl.OzoneContainer (OzoneContainer.java:start(201)) - Attempting to start container services.
2019-09-05 17:44:30,228 [Datanode State Machine Thread - 0] INFO  ozoneimpl.OzoneContainer (OzoneContainer.java:start(201)) - Attempting to start container services.
2019-09-05 17:44:30,228 [Datanode State Machine Thread - 0] INFO  ozoneimpl.OzoneContainer (OzoneContainer.java:start(201)) - Attempting to start container services.
2019-09-05 17:44:30,232 [Datanode State Machine Thread - 0] INFO  ozoneimpl.OzoneContainer (OzoneContainer.java:startContainerScrub(175)) - Background container scrubber has been disabled by hdds.containerscrub.enabled
2019-09-05 17:44:30,231 [Datanode State Machine Thread - 0] INFO  ozoneimpl.OzoneContainer (OzoneContainer.java:startContainerScrub(175)) - Background container scrubber has been disabled by hdds.containerscrub.enabled
2019-09-05 17:44:30,230 [Datanode State Machine Thread - 0] INFO  ozoneimpl.OzoneContainer (OzoneContainer.java:startContainerScrub(175)) - Background container scrubber has been disabled by hdds.containerscrub.enabled
2019-09-05 17:44:30,236 [Datanode State Machine Thread - 0] INFO  ratis.XceiverServerRatis (XceiverServerRatis.java:start(393)) - Starting XceiverServerRatis b885cc1b-e5f1-4063-86df-66df29eeb98a at port 0
2019-09-05 17:44:30,236 [Datanode State Machine Thread - 0] INFO  ratis.XceiverServerRatis (XceiverServerRatis.java:start(393)) - Starting XceiverServerRatis a707cb1f-a8f4-4ce4-9f34-5b67a6adaeb4 at port 0
2019-09-05 17:44:30,236 [Datanode State Machine Thread - 0] INFO  ozoneimpl.OzoneContainer (OzoneContainer.java:startContainerScrub(175)) - Background container scrubber has been disabled by hdds.containerscrub.enabled
2019-09-05 17:44:30,237 [main] INFO  impl.RaftServerProxy (ConfUtils.java:logGet(43)) - raft.rpc.type = GRPC (default)
2019-09-05 17:44:30,237 [Datanode State Machine Thread - 0] INFO  ratis.XceiverServerRatis (XceiverServerRatis.java:start(393)) - Starting XceiverServerRatis baa965d0-d7ca-4507-8405-0028ae870c0f at port 0
2019-09-05 17:44:30,238 [Datanode State Machine Thread - 0] INFO  ratis.XceiverServerRatis (XceiverServerRatis.java:start(393)) - Starting XceiverServerRatis 0c6adf82-c0c3-4c14-9734-91d2a9cd0150 at port 0
2019-09-05 17:44:30,238 [main] INFO  grpc.GrpcFactory (GrpcFactory.java:checkPooledByteBufAllocatorUseCacheForAllThreads(45)) - PERFORMANCE WARNING: useCacheForAllThreads is true that may cause Netty to create a lot garbage objects and, as a result, trigger GC.
	It is recommended to disable useCacheForAllThreads by setting -Dorg.apache.ratis.thirdparty.io.netty.allocator.useCacheForAllThreads=false in command line.
2019-09-05 17:44:30,239 [main] INFO  grpc.GrpcConfigKeys$Server (ConfUtils.java:logGet(43)) - raft.grpc.server.port = 0 (default)
2019-09-05 17:44:30,239 [main] INFO  server.GrpcService (ConfUtils.java:logGet(43)) - raft.grpc.message.size.max = 33570816 (custom)
2019-09-05 17:44:30,240 [main] INFO  server.RaftServerConfigKeys (ConfUtils.java:logGet(43)) - raft.server.log.appender.buffer.byte-limit = 33554432 (custom)
2019-09-05 17:44:30,240 [main] INFO  server.GrpcService (ConfUtils.java:logGet(43)) - raft.grpc.flow.control.window = 1MB (=1048576) (default)
2019-09-05 17:44:30,244 [main] INFO  server.RaftServerConfigKeys (ConfUtils.java:logGet(43)) - raft.server.rpc.request.timeout = 3000ms (default)
2019-09-05 17:44:30,245 [main] INFO  server.RaftServerConfigKeys (ConfUtils.java:logGet(43)) - raft.server.storage.dir = [/workdir/hadoop-ozone/integration-test/target/test-dir/MiniOzoneClusterImpl-e7761c2c-6268-40b2-9163-02537e17f130/datanode-6/data/ratis] (custom)
2019-09-05 17:44:30,247 [main] INFO  hdfs.DFSUtil (DFSUtil.java:httpServerTemplateForNNAndJN(1641)) - Starting Web-server for hddsDatanode at: http://0.0.0.0:0
2019-09-05 17:44:30,249 [main] INFO  server.AuthenticationFilter (AuthenticationFilter.java:constructSecretProvider(240)) - Unable to initialize FileSignerSecretProvider, falling back to use random secrets.
2019-09-05 17:44:30,579 [main] WARN  http.HttpRequestLog (HttpRequestLog.java:getRequestLog(97)) - Jetty request log can only be enabled using Log4j
2019-09-05 17:44:30,586 [main] INFO  http.HttpServer2 (HttpServer2.java:addGlobalFilter(975)) - Added global filter 'safety' (class=org.apache.hadoop.http.HttpServer2$QuotingInputFilter)
2019-09-05 17:44:30,588 [main] INFO  http.HttpServer2 (HttpServer2.java:addFilter(948)) - Added filter static_user_filter (class=org.apache.hadoop.http.lib.StaticUserWebFilter$StaticUserFilter) to context hddsDatanode
2019-09-05 17:44:30,588 [main] INFO  http.HttpServer2 (HttpServer2.java:addFilter(958)) - Added filter static_user_filter (class=org.apache.hadoop.http.lib.StaticUserWebFilter$StaticUserFilter) to context logs
2019-09-05 17:44:30,588 [main] INFO  http.HttpServer2 (HttpServer2.java:addFilter(958)) - Added filter static_user_filter (class=org.apache.hadoop.http.lib.StaticUserWebFilter$StaticUserFilter) to context static
2019-09-05 17:44:30,590 [main] INFO  http.HttpServer2 (HttpServer2.java:bindListener(1191)) - Jetty bound to port 39543
2019-09-05 17:44:30,590 [main] INFO  server.Server (Server.java:doStart(351)) - jetty-9.3.24.v20180605, build timestamp: 2018-06-05T17:11:56Z, git hash: 84205aa28f11a4f31f2a3b86d1bba2cc8ab69827
2019-09-05 17:44:30,638 [Datanode State Machine Thread - 0] INFO  ozoneimpl.OzoneContainer (OzoneContainer.java:start(201)) - Attempting to start container services.
2019-09-05 17:44:30,639 [Datanode State Machine Thread - 0] INFO  ozoneimpl.OzoneContainer (OzoneContainer.java:startContainerScrub(175)) - Background container scrubber has been disabled by hdds.containerscrub.enabled
2019-09-05 17:44:30,639 [Datanode State Machine Thread - 0] INFO  ratis.XceiverServerRatis (XceiverServerRatis.java:start(393)) - Starting XceiverServerRatis b323f64f-746c-4c8f-9b63-de29d29eb9b9 at port 0
2019-09-05 17:44:32,401 [main] INFO  handler.ContextHandler (ContextHandler.java:doStart(781)) - Started o.e.j.s.ServletContextHandler@3ba46e63{/logs,file:///workdir/hadoop-ozone/integration-test/target/log,AVAILABLE}
2019-09-05 17:44:32,409 [main] INFO  handler.ContextHandler (ContextHandler.java:doStart(781)) - Started o.e.j.s.ServletContextHandler@2dc3271b{/static,jar:file:/home/user/.m2/repository/org/apache/hadoop/hadoop-hdds-container-service/0.5.0-SNAPSHOT/hadoop-hdds-container-service-0.5.0-SNAPSHOT.jar!/webapps/static,AVAILABLE}
2019-09-05 17:44:32,431 [Datanode State Machine Thread - 0] INFO  impl.RaftServerProxy (RaftServerProxy.java:lambda$start$3(299)) - b885cc1b-e5f1-4063-86df-66df29eeb98a: start RPC server
2019-09-05 17:44:32,431 [Datanode State Machine Thread - 0] INFO  impl.RaftServerProxy (RaftServerProxy.java:lambda$start$3(299)) - 0c6adf82-c0c3-4c14-9734-91d2a9cd0150: start RPC server
2019-09-05 17:44:32,434 [Datanode State Machine Thread - 0] INFO  impl.RaftServerProxy (RaftServerProxy.java:lambda$start$3(299)) - b323f64f-746c-4c8f-9b63-de29d29eb9b9: start RPC server
2019-09-05 17:44:32,435 [Datanode State Machine Thread - 0] INFO  impl.RaftServerProxy (RaftServerProxy.java:lambda$start$3(299)) - a707cb1f-a8f4-4ce4-9f34-5b67a6adaeb4: start RPC server
2019-09-05 17:44:32,435 [Datanode State Machine Thread - 0] INFO  impl.RaftServerProxy (RaftServerProxy.java:lambda$start$3(299)) - baa965d0-d7ca-4507-8405-0028ae870c0f: start RPC server
2019-09-05 17:44:32,459 [main] INFO  handler.ContextHandler (ContextHandler.java:doStart(781)) - Started o.e.j.w.WebAppContext@6edf29c1{/,file:///tmp/jetty-0.0.0.0-39543-hddsDatanode-_-any-3746825517885319955.dir/webapp/,AVAILABLE}{/hddsDatanode}
2019-09-05 17:44:32,461 [main] INFO  server.AbstractConnector (AbstractConnector.java:doStart(278)) - Started ServerConnector@79a04e5f{HTTP/1.1,[http/1.1]}{0.0.0.0:39543}
2019-09-05 17:44:32,461 [main] INFO  server.Server (Server.java:doStart(419)) - Started @21214ms
2019-09-05 17:44:32,461 [main] WARN  impl.MetricsSystemImpl (MetricsSystemImpl.java:register(276)) - Sink prometheus already exists!
2019-09-05 17:44:32,462 [main] INFO  server.BaseHttpServer (BaseHttpServer.java:updateConnectorAddress(215)) - HTTP server of HDDSDATANODE is listening at http://0.0.0.0:39543
2019-09-05 17:44:32,464 [main] INFO  ozone.MiniOzoneClusterImpl (MiniOzoneClusterImpl.java:lambda$waitForClusterToBeReady$0(140)) - Waiting for cluster to be ready. Got 0 of 7 DN Heartbeats.
2019-09-05 17:44:32,467 [org.apache.hadoop.util.JvmPauseMonitor$Monitor@5128d56c] INFO  util.JvmPauseMonitor (JvmPauseMonitor.java:run(188)) - Starting JVM pause monitor
2019-09-05 17:44:32,469 [Datanode State Machine Thread - 0] INFO  datanode.InitDatanodeState (InitDatanodeState.java:persistContainerDatanodeDetails(140)) - DatanodeDetails is persisted to /workdir/hadoop-ozone/integration-test/target/test-dir/MiniOzoneClusterImpl-e7761c2c-6268-40b2-9163-02537e17f130/datanode-6/meta/datanode.id
2019-09-05 17:44:32,511 [Datanode State Machine Thread - 0] INFO  ozoneimpl.OzoneContainer (OzoneContainer.java:start(201)) - Attempting to start container services.
2019-09-05 17:44:32,512 [Datanode State Machine Thread - 0] INFO  ozoneimpl.OzoneContainer (OzoneContainer.java:startContainerScrub(175)) - Background container scrubber has been disabled by hdds.containerscrub.enabled
2019-09-05 17:44:32,512 [Datanode State Machine Thread - 0] INFO  ratis.XceiverServerRatis (XceiverServerRatis.java:start(393)) - Starting XceiverServerRatis 4a9a0fd1-27a2-4cf4-aecc-65b52a003650 at port 0
2019-09-05 17:44:33,090 [Datanode State Machine Thread - 0] INFO  impl.RaftServerProxy (RaftServerProxy.java:lambda$start$3(299)) - 4a9a0fd1-27a2-4cf4-aecc-65b52a003650: start RPC server
2019-09-05 17:44:33,130 [Datanode State Machine Thread - 0] INFO  server.GrpcService (GrpcService.java:startImpl(149)) - b323f64f-746c-4c8f-9b63-de29d29eb9b9: GrpcService started, listening on 0.0.0.0/0.0.0.0:33379
2019-09-05 17:44:33,130 [Datanode State Machine Thread - 0] INFO  server.GrpcService (GrpcService.java:startImpl(149)) - a707cb1f-a8f4-4ce4-9f34-5b67a6adaeb4: GrpcService started, listening on 0.0.0.0/0.0.0.0:40572
2019-09-05 17:44:33,130 [Datanode State Machine Thread - 0] INFO  server.GrpcService (GrpcService.java:startImpl(149)) - 4a9a0fd1-27a2-4cf4-aecc-65b52a003650: GrpcService started, listening on 0.0.0.0/0.0.0.0:46166
2019-09-05 17:44:33,130 [Datanode State Machine Thread - 0] INFO  server.GrpcService (GrpcService.java:startImpl(149)) - baa965d0-d7ca-4507-8405-0028ae870c0f: GrpcService started, listening on 0.0.0.0/0.0.0.0:45325
2019-09-05 17:44:33,130 [Datanode State Machine Thread - 0] INFO  server.GrpcService (GrpcService.java:startImpl(149)) - b885cc1b-e5f1-4063-86df-66df29eeb98a: GrpcService started, listening on 0.0.0.0/0.0.0.0:34115
2019-09-05 17:44:33,130 [Datanode State Machine Thread - 0] INFO  server.GrpcService (GrpcService.java:startImpl(149)) - 0c6adf82-c0c3-4c14-9734-91d2a9cd0150: GrpcService started, listening on 0.0.0.0/0.0.0.0:45110
2019-09-05 17:44:33,132 [Datanode State Machine Thread - 0] INFO  ratis.XceiverServerRatis (XceiverServerRatis.java:start(403)) - XceiverServerRatis b885cc1b-e5f1-4063-86df-66df29eeb98a is started using port 34115
2019-09-05 17:44:33,132 [Datanode State Machine Thread - 0] INFO  ratis.XceiverServerRatis (XceiverServerRatis.java:start(403)) - XceiverServerRatis baa965d0-d7ca-4507-8405-0028ae870c0f is started using port 45325
2019-09-05 17:44:33,132 [Datanode State Machine Thread - 0] INFO  ratis.XceiverServerRatis (XceiverServerRatis.java:start(403)) - XceiverServerRatis 4a9a0fd1-27a2-4cf4-aecc-65b52a003650 is started using port 46166
2019-09-05 17:44:33,132 [Datanode State Machine Thread - 0] INFO  ratis.XceiverServerRatis (XceiverServerRatis.java:start(403)) - XceiverServerRatis a707cb1f-a8f4-4ce4-9f34-5b67a6adaeb4 is started using port 40572
2019-09-05 17:44:33,132 [Datanode State Machine Thread - 0] INFO  ratis.XceiverServerRatis (XceiverServerRatis.java:start(403)) - XceiverServerRatis b323f64f-746c-4c8f-9b63-de29d29eb9b9 is started using port 33379
2019-09-05 17:44:33,133 [Datanode State Machine Thread - 0] INFO  ratis.XceiverServerRatis (XceiverServerRatis.java:start(403)) - XceiverServerRatis 0c6adf82-c0c3-4c14-9734-91d2a9cd0150 is started using port 45110
2019-09-05 17:44:33,147 [Datanode State Machine Thread - 0] INFO  server.XceiverServerGrpc (XceiverServerGrpc.java:start(163)) - XceiverServerGrpc b323f64f-746c-4c8f-9b63-de29d29eb9b9 is started using port 46294
2019-09-05 17:44:33,148 [Datanode State Machine Thread - 0] INFO  server.XceiverServerGrpc (XceiverServerGrpc.java:start(163)) - XceiverServerGrpc baa965d0-d7ca-4507-8405-0028ae870c0f is started using port 39805
2019-09-05 17:44:33,148 [Datanode State Machine Thread - 0] INFO  server.XceiverServerGrpc (XceiverServerGrpc.java:start(163)) - XceiverServerGrpc a707cb1f-a8f4-4ce4-9f34-5b67a6adaeb4 is started using port 36270
2019-09-05 17:44:33,148 [Datanode State Machine Thread - 0] INFO  server.XceiverServerGrpc (XceiverServerGrpc.java:start(163)) - XceiverServerGrpc b885cc1b-e5f1-4063-86df-66df29eeb98a is started using port 41381
2019-09-05 17:44:33,148 [Datanode State Machine Thread - 0] INFO  server.XceiverServerGrpc (XceiverServerGrpc.java:start(163)) - XceiverServerGrpc 4a9a0fd1-27a2-4cf4-aecc-65b52a003650 is started using port 38617
2019-09-05 17:44:33,147 [Datanode State Machine Thread - 0] INFO  server.XceiverServerGrpc (XceiverServerGrpc.java:start(163)) - XceiverServerGrpc 0c6adf82-c0c3-4c14-9734-91d2a9cd0150 is started using port 34682
2019-09-05 17:44:33,467 [main] INFO  ozone.MiniOzoneClusterImpl (MiniOzoneClusterImpl.java:lambda$waitForClusterToBeReady$0(140)) - Waiting for cluster to be ready. Got 0 of 7 DN Heartbeats.
2019-09-05 17:44:34,155 [IPC Server handler 2 on 42640] INFO  net.NetworkTopology (NetworkTopologyImpl.java:add(110)) - Added a new node: /default-rack/b885cc1b-e5f1-4063-86df-66df29eeb98a
2019-09-05 17:44:34,155 [IPC Server handler 0 on 42640] INFO  net.NetworkTopology (NetworkTopologyImpl.java:add(110)) - Added a new node: /default-rack/baa965d0-d7ca-4507-8405-0028ae870c0f
2019-09-05 17:44:34,155 [IPC Server handler 6 on 42640] INFO  net.NetworkTopology (NetworkTopologyImpl.java:add(110)) - Added a new node: /default-rack/0c6adf82-c0c3-4c14-9734-91d2a9cd0150
2019-09-05 17:44:34,161 [IPC Server handler 4 on 42640] INFO  net.NetworkTopology (NetworkTopologyImpl.java:add(110)) - Added a new node: /default-rack/a707cb1f-a8f4-4ce4-9f34-5b67a6adaeb4
2019-09-05 17:44:34,161 [IPC Server handler 0 on 42640] INFO  node.SCMNodeManager (SCMNodeManager.java:register(266)) - Registered Data node : baa965d0-d7ca-4507-8405-0028ae870c0f{ip: 192.168.69.120, host: pr-hdds-2007-scw2c-2724463716, networkLocation: /default-rack, certSerialId: null}
2019-09-05 17:44:34,160 [IPC Server handler 2 on 42640] INFO  node.SCMNodeManager (SCMNodeManager.java:register(266)) - Registered Data node : b885cc1b-e5f1-4063-86df-66df29eeb98a{ip: 192.168.69.120, host: pr-hdds-2007-scw2c-2724463716, networkLocation: /default-rack, certSerialId: null}
2019-09-05 17:44:34,162 [IPC Server handler 4 on 42640] INFO  node.SCMNodeManager (SCMNodeManager.java:register(266)) - Registered Data node : a707cb1f-a8f4-4ce4-9f34-5b67a6adaeb4{ip: 192.168.69.120, host: pr-hdds-2007-scw2c-2724463716, networkLocation: /default-rack, certSerialId: null}
2019-09-05 17:44:34,162 [IPC Server handler 6 on 42640] INFO  node.SCMNodeManager (SCMNodeManager.java:register(266)) - Registered Data node : 0c6adf82-c0c3-4c14-9734-91d2a9cd0150{ip: 192.168.69.120, host: pr-hdds-2007-scw2c-2724463716, networkLocation: /default-rack, certSerialId: null}
2019-09-05 17:44:34,167 [EventQueue-NodeRegistrationContainerReportForDataNodeSafeModeRule] INFO  safemode.SCMSafeModeManager (DataNodeSafeModeRule.java:process(71)) - SCM in safe mode. 1 DataNodes registered, 1 required.
2019-09-05 17:44:34,170 [EventQueue-NodeRegistrationContainerReportForDataNodeSafeModeRule] INFO  safemode.SCMSafeModeManager (SCMSafeModeManager.java:validateSafeModeExitRules(177)) - ScmSafeModeManager, all rules are successfully validated
2019-09-05 17:44:34,170 [EventQueue-NodeRegistrationContainerReportForDataNodeSafeModeRule] INFO  safemode.SCMSafeModeManager (SCMSafeModeManager.java:exitSafeMode(193)) - SCM exiting safe mode.
2019-09-05 17:44:34,178 [IPC Server handler 5 on 42640] INFO  net.NetworkTopology (NetworkTopologyImpl.java:add(110)) - Added a new node: /default-rack/4a9a0fd1-27a2-4cf4-aecc-65b52a003650
2019-09-05 17:44:34,178 [IPC Server handler 5 on 42640] INFO  node.SCMNodeManager (SCMNodeManager.java:register(266)) - Registered Data node : 4a9a0fd1-27a2-4cf4-aecc-65b52a003650{ip: 192.168.69.120, host: pr-hdds-2007-scw2c-2724463716, networkLocation: /default-rack, certSerialId: null}
2019-09-05 17:44:34,467 [main] INFO  ozone.MiniOzoneClusterImpl (MiniOzoneClusterImpl.java:lambda$waitForClusterToBeReady$0(140)) - Waiting for cluster to be ready. Got 5 of 7 DN Heartbeats.
2019-09-05 17:44:35,377 [SCM Heartbeat Processing Thread - 0] ERROR node.NodeStateManager (NodeStateManager.java:checkNodesHealth(626)) - Total time spend processing datanode HB's is greater than configured values for datanode heartbeats. Please adjust the heartbeat configs. Time Spend on HB processing: 0 seconds Datanode heartbeat Interval: 100 seconds.
2019-09-05 17:44:35,389 [IPC Server handler 18 on 42640] INFO  net.NetworkTopology (NetworkTopologyImpl.java:add(110)) - Added a new node: /default-rack/b323f64f-746c-4c8f-9b63-de29d29eb9b9
2019-09-05 17:44:35,389 [IPC Server handler 18 on 42640] INFO  node.SCMNodeManager (SCMNodeManager.java:register(266)) - Registered Data node : b323f64f-746c-4c8f-9b63-de29d29eb9b9{ip: 192.168.69.120, host: pr-hdds-2007-scw2c-2724463716, networkLocation: /default-rack, certSerialId: null}
2019-09-05 17:44:35,487 [Datanode State Machine Thread - 0] INFO  ozoneimpl.OzoneContainer (OzoneContainer.java:start(201)) - Attempting to start container services.
2019-09-05 17:44:35,490 [Datanode State Machine Thread - 0] INFO  ozoneimpl.OzoneContainer (OzoneContainer.java:startContainerScrub(175)) - Background container scrubber has been disabled by hdds.containerscrub.enabled
2019-09-05 17:44:35,491 [Datanode State Machine Thread - 0] INFO  ratis.XceiverServerRatis (XceiverServerRatis.java:start(393)) - Starting XceiverServerRatis c7a81586-ddba-4d2e-9fc2-0aa181a00f37 at port 0
2019-09-05 17:44:36,377 [main] INFO  ozone.MiniOzoneClusterImpl (MiniOzoneClusterImpl.java:lambda$waitForClusterToBeReady$0(140)) - Waiting for cluster to be ready. Got 6 of 7 DN Heartbeats.
2019-09-05 17:44:37,378 [main] INFO  ozone.MiniOzoneClusterImpl (MiniOzoneClusterImpl.java:lambda$waitForClusterToBeReady$0(140)) - Waiting for cluster to be ready. Got 6 of 7 DN Heartbeats.
2019-09-05 17:44:37,629 [Thread-238] INFO  container.ReplicationManager (ReplicationManager.java:start(162)) - Starting Replication Monitor Thread.
2019-09-05 17:44:37,639 [ReplicationMonitor] INFO  container.ReplicationManager (ReplicationManager.java:run(225)) - Replication Monitor Thread took 1 milliseconds for processing 0 containers.
2019-09-05 17:44:38,169 [Datanode State Machine Thread - 1] ERROR statemachine.EndpointStateMachine (EndpointStateMachine.java:logIfNeeded(204)) - Unable to communicate to SCM server at 0.0.0.0:42640 for past 0 seconds.
java.net.SocketTimeoutException: Call From pr-hdds-2007-scw2c-2724463716/192.168.69.120 to 0.0.0.0:42640 failed on socket timeout exception: java.net.SocketTimeoutException: 1000 millis timeout while waiting for channel to be ready for read. ch : java.nio.channels.SocketChannel[connected local=/192.168.69.120:36250 remote=/0.0.0.0:42640]; For more details see:  http://wiki.apache.org/hadoop/SocketTimeout
	at sun.reflect.NativeConstructorAccessorImpl.newInstance0(Native Method)
	at sun.reflect.NativeConstructorAccessorImpl.newInstance(NativeConstructorAccessorImpl.java:62)
	at sun.reflect.DelegatingConstructorAccessorImpl.newInstance(DelegatingConstructorAccessorImpl.java:45)
	at java.lang.reflect.Constructor.newInstance(Constructor.java:423)
	at org.apache.hadoop.net.NetUtils.wrapWithMessage(NetUtils.java:831)
	at org.apache.hadoop.net.NetUtils.wrapException(NetUtils.java:775)
	at org.apache.hadoop.ipc.Client.getRpcResponse(Client.java:1515)
	at org.apache.hadoop.ipc.Client.call(Client.java:1457)
	at org.apache.hadoop.ipc.Client.call(Client.java:1367)
	at org.apache.hadoop.ipc.ProtobufRpcEngine$Invoker.invoke(ProtobufRpcEngine.java:228)
	at org.apache.hadoop.ipc.ProtobufRpcEngine$Invoker.invoke(ProtobufRpcEngine.java:116)
	at com.sun.proxy.$Proxy31.sendHeartbeat(Unknown Source)
	at org.apache.hadoop.ozone.protocolPB.StorageContainerDatanodeProtocolClientSideTranslatorPB.sendHeartbeat(StorageContainerDatanodeProtocolClientSideTranslatorPB.java:131)
	at org.apache.hadoop.ozone.container.common.states.endpoint.HeartbeatEndpointTask.call(HeartbeatEndpointTask.java:143)
	at org.apache.hadoop.ozone.container.common.states.endpoint.HeartbeatEndpointTask.call(HeartbeatEndpointTask.java:74)
	at java.util.concurrent.FutureTask.run(FutureTask.java:266)
	at java.util.concurrent.Executors$RunnableAdapter.call(Executors.java:511)
	at java.util.concurrent.FutureTask.run(FutureTask.java:266)
	at java.util.concurrent.ThreadPoolExecutor.runWorker(ThreadPoolExecutor.java:1149)
	at java.util.concurrent.ThreadPoolExecutor$Worker.run(ThreadPoolExecutor.java:624)
	at java.lang.Thread.run(Thread.java:748)
Caused by: java.net.SocketTimeoutException: 1000 millis timeout while waiting for channel to be ready for read. ch : java.nio.channels.SocketChannel[connected local=/192.168.69.120:36250 remote=/0.0.0.0:42640]
	at org.apache.hadoop.net.SocketIOWithTimeout.doIO(SocketIOWithTimeout.java:164)
	at org.apache.hadoop.net.SocketInputStream.read(SocketInputStream.java:161)
	at org.apache.hadoop.net.SocketInputStream.read(SocketInputStream.java:131)
	at java.io.FilterInputStream.read(FilterInputStream.java:133)
	at java.io.BufferedInputStream.fill(BufferedInputStream.java:246)
	at java.io.BufferedInputStream.read(BufferedInputStream.java:265)
	at java.io.FilterInputStream.read(FilterInputStream.java:83)
	at java.io.FilterInputStream.read(FilterInputStream.java:83)
	at org.apache.hadoop.ipc.Client$Connection$PingInputStream.read(Client.java:557)
	at java.io.DataInputStream.readInt(DataInputStream.java:387)
	at org.apache.hadoop.ipc.Client$IpcStreams.readResponse(Client.java:1816)
	at org.apache.hadoop.ipc.Client$Connection.receiveRpcResponse(Client.java:1173)
	at org.apache.hadoop.ipc.Client$Connection.run(Client.java:1069)
2019-09-05 17:44:38,169 [Datanode State Machine Thread - 1] ERROR statemachine.EndpointStateMachine (EndpointStateMachine.java:logIfNeeded(204)) - Unable to communicate to SCM server at 0.0.0.0:42640 for past 0 seconds.
java.net.SocketTimeoutException: Call From pr-hdds-2007-scw2c-2724463716/192.168.69.120 to 0.0.0.0:42640 failed on socket timeout exception: java.net.SocketTimeoutException: 1000 millis timeout while waiting for channel to be ready for read. ch : java.nio.channels.SocketChannel[connected local=/192.168.69.120:36250 remote=/0.0.0.0:42640]; For more details see:  http://wiki.apache.org/hadoop/SocketTimeout
	at sun.reflect.NativeConstructorAccessorImpl.newInstance0(Native Method)
	at sun.reflect.NativeConstructorAccessorImpl.newInstance(NativeConstructorAccessorImpl.java:62)
	at sun.reflect.DelegatingConstructorAccessorImpl.newInstance(DelegatingConstructorAccessorImpl.java:45)
	at java.lang.reflect.Constructor.newInstance(Constructor.java:423)
	at org.apache.hadoop.net.NetUtils.wrapWithMessage(NetUtils.java:831)
	at org.apache.hadoop.net.NetUtils.wrapException(NetUtils.java:775)
	at org.apache.hadoop.ipc.Client.getRpcResponse(Client.java:1515)
	at org.apache.hadoop.ipc.Client.call(Client.java:1457)
	at org.apache.hadoop.ipc.Client.call(Client.java:1367)
	at org.apache.hadoop.ipc.ProtobufRpcEngine$Invoker.invoke(ProtobufRpcEngine.java:228)
	at org.apache.hadoop.ipc.ProtobufRpcEngine$Invoker.invoke(ProtobufRpcEngine.java:116)
	at com.sun.proxy.$Proxy31.sendHeartbeat(Unknown Source)
	at org.apache.hadoop.ozone.protocolPB.StorageContainerDatanodeProtocolClientSideTranslatorPB.sendHeartbeat(StorageContainerDatanodeProtocolClientSideTranslatorPB.java:131)
	at org.apache.hadoop.ozone.container.common.states.endpoint.HeartbeatEndpointTask.call(HeartbeatEndpointTask.java:143)
	at org.apache.hadoop.ozone.container.common.states.endpoint.HeartbeatEndpointTask.call(HeartbeatEndpointTask.java:74)
	at java.util.concurrent.FutureTask.run(FutureTask.java:266)
	at java.util.concurrent.Executors$RunnableAdapter.call(Executors.java:511)
	at java.util.concurrent.FutureTask.run(FutureTask.java:266)
	at java.util.concurrent.ThreadPoolExecutor.runWorker(ThreadPoolExecutor.java:1149)
	at java.util.concurrent.ThreadPoolExecutor$Worker.run(ThreadPoolExecutor.java:624)
	at java.lang.Thread.run(Thread.java:748)
Caused by: java.net.SocketTimeoutException: 1000 millis timeout while waiting for channel to be ready for read. ch : java.nio.channels.SocketChannel[connected local=/192.168.69.120:36250 remote=/0.0.0.0:42640]
	at org.apache.hadoop.net.SocketIOWithTimeout.doIO(SocketIOWithTimeout.java:164)
	at org.apache.hadoop.net.SocketInputStream.read(SocketInputStream.java:161)
	at org.apache.hadoop.net.SocketInputStream.read(SocketInputStream.java:131)
	at java.io.FilterInputStream.read(FilterInputStream.java:133)
	at java.io.BufferedInputStream.fill(BufferedInputStream.java:246)
	at java.io.BufferedInputStream.read(BufferedInputStream.java:265)
	at java.io.FilterInputStream.read(FilterInputStream.java:83)
	at java.io.FilterInputStream.read(FilterInputStream.java:83)
	at org.apache.hadoop.ipc.Client$Connection$PingInputStream.read(Client.java:557)
	at java.io.DataInputStream.readInt(DataInputStream.java:387)
	at org.apache.hadoop.ipc.Client$IpcStreams.readResponse(Client.java:1816)
	at org.apache.hadoop.ipc.Client$Connection.receiveRpcResponse(Client.java:1173)
	at org.apache.hadoop.ipc.Client$Connection.run(Client.java:1069)
2019-09-05 17:44:38,169 [Datanode State Machine Thread - 1] ERROR statemachine.EndpointStateMachine (EndpointStateMachine.java:logIfNeeded(204)) - Unable to communicate to SCM server at 0.0.0.0:42640 for past 0 seconds.
java.net.SocketTimeoutException: Call From pr-hdds-2007-scw2c-2724463716/192.168.69.120 to 0.0.0.0:42640 failed on socket timeout exception: java.net.SocketTimeoutException: 1000 millis timeout while waiting for channel to be ready for read. ch : java.nio.channels.SocketChannel[connected local=/192.168.69.120:36250 remote=/0.0.0.0:42640]; For more details see:  http://wiki.apache.org/hadoop/SocketTimeout
	at sun.reflect.NativeConstructorAccessorImpl.newInstance0(Native Method)
	at sun.reflect.NativeConstructorAccessorImpl.newInstance(NativeConstructorAccessorImpl.java:62)
	at sun.reflect.DelegatingConstructorAccessorImpl.newInstance(DelegatingConstructorAccessorImpl.java:45)
	at java.lang.reflect.Constructor.newInstance(Constructor.java:423)
	at org.apache.hadoop.net.NetUtils.wrapWithMessage(NetUtils.java:831)
	at org.apache.hadoop.net.NetUtils.wrapException(NetUtils.java:775)
	at org.apache.hadoop.ipc.Client.getRpcResponse(Client.java:1515)
	at org.apache.hadoop.ipc.Client.call(Client.java:1457)
	at org.apache.hadoop.ipc.Client.call(Client.java:1367)
	at org.apache.hadoop.ipc.ProtobufRpcEngine$Invoker.invoke(ProtobufRpcEngine.java:228)
	at org.apache.hadoop.ipc.ProtobufRpcEngine$Invoker.invoke(ProtobufRpcEngine.java:116)
	at com.sun.proxy.$Proxy31.sendHeartbeat(Unknown Source)
	at org.apache.hadoop.ozone.protocolPB.StorageContainerDatanodeProtocolClientSideTranslatorPB.sendHeartbeat(StorageContainerDatanodeProtocolClientSideTranslatorPB.java:131)
	at org.apache.hadoop.ozone.container.common.states.endpoint.HeartbeatEndpointTask.call(HeartbeatEndpointTask.java:143)
	at org.apache.hadoop.ozone.container.common.states.endpoint.HeartbeatEndpointTask.call(HeartbeatEndpointTask.java:74)
	at java.util.concurrent.FutureTask.run(FutureTask.java:266)
	at java.util.concurrent.Executors$RunnableAdapter.call(Executors.java:511)
	at java.util.concurrent.FutureTask.run(FutureTask.java:266)
	at java.util.concurrent.ThreadPoolExecutor.runWorker(ThreadPoolExecutor.java:1149)
	at java.util.concurrent.ThreadPoolExecutor$Worker.run(ThreadPoolExecutor.java:624)
	at java.lang.Thread.run(Thread.java:748)
Caused by: java.net.SocketTimeoutException: 1000 millis timeout while waiting for channel to be ready for read. ch : java.nio.channels.SocketChannel[connected local=/192.168.69.120:36250 remote=/0.0.0.0:42640]
	at org.apache.hadoop.net.SocketIOWithTimeout.doIO(SocketIOWithTimeout.java:164)
	at org.apache.hadoop.net.SocketInputStream.read(SocketInputStream.java:161)
	at org.apache.hadoop.net.SocketInputStream.read(SocketInputStream.java:131)
	at java.io.FilterInputStream.read(FilterInputStream.java:133)
	at java.io.BufferedInputStream.fill(BufferedInputStream.java:246)
	at java.io.BufferedInputStream.read(BufferedInputStream.java:265)
	at java.io.FilterInputStream.read(FilterInputStream.java:83)
	at java.io.FilterInputStream.read(FilterInputStream.java:83)
	at org.apache.hadoop.ipc.Client$Connection$PingInputStream.read(Client.java:557)
	at java.io.DataInputStream.readInt(DataInputStream.java:387)
	at org.apache.hadoop.ipc.Client$IpcStreams.readResponse(Client.java:1816)
	at org.apache.hadoop.ipc.Client$Connection.receiveRpcResponse(Client.java:1173)
	at org.apache.hadoop.ipc.Client$Connection.run(Client.java:1069)
2019-09-05 17:44:38,169 [Datanode State Machine Thread - 1] ERROR statemachine.EndpointStateMachine (EndpointStateMachine.java:logIfNeeded(204)) - Unable to communicate to SCM server at 0.0.0.0:42640 for past 0 seconds.
java.net.SocketTimeoutException: Call From pr-hdds-2007-scw2c-2724463716/192.168.69.120 to 0.0.0.0:42640 failed on socket timeout exception: java.net.SocketTimeoutException: 1000 millis timeout while waiting for channel to be ready for read. ch : java.nio.channels.SocketChannel[connected local=/192.168.69.120:36250 remote=/0.0.0.0:42640]; For more details see:  http://wiki.apache.org/hadoop/SocketTimeout
	at sun.reflect.NativeConstructorAccessorImpl.newInstance0(Native Method)
	at sun.reflect.NativeConstructorAccessorImpl.newInstance(NativeConstructorAccessorImpl.java:62)
	at sun.reflect.DelegatingConstructorAccessorImpl.newInstance(DelegatingConstructorAccessorImpl.java:45)
	at java.lang.reflect.Constructor.newInstance(Constructor.java:423)
	at org.apache.hadoop.net.NetUtils.wrapWithMessage(NetUtils.java:831)
	at org.apache.hadoop.net.NetUtils.wrapException(NetUtils.java:775)
	at org.apache.hadoop.ipc.Client.getRpcResponse(Client.java:1515)
	at org.apache.hadoop.ipc.Client.call(Client.java:1457)
	at org.apache.hadoop.ipc.Client.call(Client.java:1367)
	at org.apache.hadoop.ipc.ProtobufRpcEngine$Invoker.invoke(ProtobufRpcEngine.java:228)
	at org.apache.hadoop.ipc.ProtobufRpcEngine$Invoker.invoke(ProtobufRpcEngine.java:116)
	at com.sun.proxy.$Proxy31.sendHeartbeat(Unknown Source)
	at org.apache.hadoop.ozone.protocolPB.StorageContainerDatanodeProtocolClientSideTranslatorPB.sendHeartbeat(StorageContainerDatanodeProtocolClientSideTranslatorPB.java:131)
	at org.apache.hadoop.ozone.container.common.states.endpoint.HeartbeatEndpointTask.call(HeartbeatEndpointTask.java:143)
	at org.apache.hadoop.ozone.container.common.states.endpoint.HeartbeatEndpointTask.call(HeartbeatEndpointTask.java:74)
	at java.util.concurrent.FutureTask.run(FutureTask.java:266)
	at java.util.concurrent.Executors$RunnableAdapter.call(Executors.java:511)
	at java.util.concurrent.FutureTask.run(FutureTask.java:266)
	at java.util.concurrent.ThreadPoolExecutor.runWorker(ThreadPoolExecutor.java:1149)
	at java.util.concurrent.ThreadPoolExecutor$Worker.run(ThreadPoolExecutor.java:624)
	at java.lang.Thread.run(Thread.java:748)
Caused by: java.net.SocketTimeoutException: 1000 millis timeout while waiting for channel to be ready for read. ch : java.nio.channels.SocketChannel[connected local=/192.168.69.120:36250 remote=/0.0.0.0:42640]
	at org.apache.hadoop.net.SocketIOWithTimeout.doIO(SocketIOWithTimeout.java:164)
	at org.apache.hadoop.net.SocketInputStream.read(SocketInputStream.java:161)
	at org.apache.hadoop.net.SocketInputStream.read(SocketInputStream.java:131)
	at java.io.FilterInputStream.read(FilterInputStream.java:133)
	at java.io.BufferedInputStream.fill(BufferedInputStream.java:246)
	at java.io.BufferedInputStream.read(BufferedInputStream.java:265)
	at java.io.FilterInputStream.read(FilterInputStream.java:83)
	at java.io.FilterInputStream.read(FilterInputStream.java:83)
	at org.apache.hadoop.ipc.Client$Connection$PingInputStream.read(Client.java:557)
	at java.io.DataInputStream.readInt(DataInputStream.java:387)
	at org.apache.hadoop.ipc.Client$IpcStreams.readResponse(Client.java:1816)
	at org.apache.hadoop.ipc.Client$Connection.receiveRpcResponse(Client.java:1173)
	at org.apache.hadoop.ipc.Client$Connection.run(Client.java:1069)
2019-09-05 17:44:38,169 [Datanode State Machine Thread - 0] ERROR statemachine.EndpointStateMachine (EndpointStateMachine.java:logIfNeeded(204)) - Unable to communicate to SCM server at 0.0.0.0:42640 for past 0 seconds.
java.net.SocketTimeoutException: Call From pr-hdds-2007-scw2c-2724463716/192.168.69.120 to 0.0.0.0:42640 failed on socket timeout exception: java.net.SocketTimeoutException: 1000 millis timeout while waiting for channel to be ready for read. ch : java.nio.channels.SocketChannel[connected local=/192.168.69.120:36250 remote=/0.0.0.0:42640]; For more details see:  http://wiki.apache.org/hadoop/SocketTimeout
	at sun.reflect.NativeConstructorAccessorImpl.newInstance0(Native Method)
	at sun.reflect.NativeConstructorAccessorImpl.newInstance(NativeConstructorAccessorImpl.java:62)
	at sun.reflect.DelegatingConstructorAccessorImpl.newInstance(DelegatingConstructorAccessorImpl.java:45)
	at java.lang.reflect.Constructor.newInstance(Constructor.java:423)
	at org.apache.hadoop.net.NetUtils.wrapWithMessage(NetUtils.java:831)
	at org.apache.hadoop.net.NetUtils.wrapException(NetUtils.java:775)
	at org.apache.hadoop.ipc.Client.getRpcResponse(Client.java:1515)
	at org.apache.hadoop.ipc.Client.call(Client.java:1457)
	at org.apache.hadoop.ipc.Client.call(Client.java:1367)
	at org.apache.hadoop.ipc.ProtobufRpcEngine$Invoker.invoke(ProtobufRpcEngine.java:228)
	at org.apache.hadoop.ipc.ProtobufRpcEngine$Invoker.invoke(ProtobufRpcEngine.java:116)
	at com.sun.proxy.$Proxy31.sendHeartbeat(Unknown Source)
	at org.apache.hadoop.ozone.protocolPB.StorageContainerDatanodeProtocolClientSideTranslatorPB.sendHeartbeat(StorageContainerDatanodeProtocolClientSideTranslatorPB.java:131)
	at org.apache.hadoop.ozone.container.common.states.endpoint.HeartbeatEndpointTask.call(HeartbeatEndpointTask.java:143)
	at org.apache.hadoop.ozone.container.common.states.endpoint.HeartbeatEndpointTask.call(HeartbeatEndpointTask.java:74)
	at java.util.concurrent.FutureTask.run(FutureTask.java:266)
	at java.util.concurrent.Executors$RunnableAdapter.call(Executors.java:511)
	at java.util.concurrent.FutureTask.run(FutureTask.java:266)
	at java.util.concurrent.ThreadPoolExecutor.runWorker(ThreadPoolExecutor.java:1149)
	at java.util.concurrent.ThreadPoolExecutor$Worker.run(ThreadPoolExecutor.java:624)
	at java.lang.Thread.run(Thread.java:748)
Caused by: java.net.SocketTimeoutException: 1000 millis timeout while waiting for channel to be ready for read. ch : java.nio.channels.SocketChannel[connected local=/192.168.69.120:36250 remote=/0.0.0.0:42640]
	at org.apache.hadoop.net.SocketIOWithTimeout.doIO(SocketIOWithTimeout.java:164)
	at org.apache.hadoop.net.SocketInputStream.read(SocketInputStream.java:161)
	at org.apache.hadoop.net.SocketInputStream.read(SocketInputStream.java:131)
	at java.io.FilterInputStream.read(FilterInputStream.java:133)
	at java.io.BufferedInputStream.fill(BufferedInputStream.java:246)
	at java.io.BufferedInputStream.read(BufferedInputStream.java:265)
	at java.io.FilterInputStream.read(FilterInputStream.java:83)
	at java.io.FilterInputStream.read(FilterInputStream.java:83)
	at org.apache.hadoop.ipc.Client$Connection$PingInputStream.read(Client.java:557)
	at java.io.DataInputStream.readInt(DataInputStream.java:387)
	at org.apache.hadoop.ipc.Client$IpcStreams.readResponse(Client.java:1816)
	at org.apache.hadoop.ipc.Client$Connection.receiveRpcResponse(Client.java:1173)
	at org.apache.hadoop.ipc.Client$Connection.run(Client.java:1069)
2019-09-05 17:44:38,169 [Datanode State Machine Thread - 1] ERROR statemachine.EndpointStateMachine (EndpointStateMachine.java:logIfNeeded(204)) - Unable to communicate to SCM server at 0.0.0.0:42640 for past 0 seconds.
java.net.SocketTimeoutException: Call From pr-hdds-2007-scw2c-2724463716/192.168.69.120 to 0.0.0.0:42640 failed on socket timeout exception: java.net.SocketTimeoutException: 1000 millis timeout while waiting for channel to be ready for read. ch : java.nio.channels.SocketChannel[connected local=/192.168.69.120:36250 remote=/0.0.0.0:42640]; For more details see:  http://wiki.apache.org/hadoop/SocketTimeout
	at sun.reflect.NativeConstructorAccessorImpl.newInstance0(Native Method)
	at sun.reflect.NativeConstructorAccessorImpl.newInstance(NativeConstructorAccessorImpl.java:62)
	at sun.reflect.DelegatingConstructorAccessorImpl.newInstance(DelegatingConstructorAccessorImpl.java:45)
	at java.lang.reflect.Constructor.newInstance(Constructor.java:423)
	at org.apache.hadoop.net.NetUtils.wrapWithMessage(NetUtils.java:831)
	at org.apache.hadoop.net.NetUtils.wrapException(NetUtils.java:775)
	at org.apache.hadoop.ipc.Client.getRpcResponse(Client.java:1515)
	at org.apache.hadoop.ipc.Client.call(Client.java:1457)
	at org.apache.hadoop.ipc.Client.call(Client.java:1367)
	at org.apache.hadoop.ipc.ProtobufRpcEngine$Invoker.invoke(ProtobufRpcEngine.java:228)
	at org.apache.hadoop.ipc.ProtobufRpcEngine$Invoker.invoke(ProtobufRpcEngine.java:116)
	at com.sun.proxy.$Proxy31.sendHeartbeat(Unknown Source)
	at org.apache.hadoop.ozone.protocolPB.StorageContainerDatanodeProtocolClientSideTranslatorPB.sendHeartbeat(StorageContainerDatanodeProtocolClientSideTranslatorPB.java:131)
	at org.apache.hadoop.ozone.container.common.states.endpoint.HeartbeatEndpointTask.call(HeartbeatEndpointTask.java:143)
	at org.apache.hadoop.ozone.container.common.states.endpoint.HeartbeatEndpointTask.call(HeartbeatEndpointTask.java:74)
	at java.util.concurrent.FutureTask.run(FutureTask.java:266)
	at java.util.concurrent.Executors$RunnableAdapter.call(Executors.java:511)
	at java.util.concurrent.FutureTask.run(FutureTask.java:266)
	at java.util.concurrent.ThreadPoolExecutor.runWorker(ThreadPoolExecutor.java:1149)
	at java.util.concurrent.ThreadPoolExecutor$Worker.run(ThreadPoolExecutor.java:624)
	at java.lang.Thread.run(Thread.java:748)
Caused by: java.net.SocketTimeoutException: 1000 millis timeout while waiting for channel to be ready for read. ch : java.nio.channels.SocketChannel[connected local=/192.168.69.120:36250 remote=/0.0.0.0:42640]
	at org.apache.hadoop.net.SocketIOWithTimeout.doIO(SocketIOWithTimeout.java:164)
	at org.apache.hadoop.net.SocketInputStream.read(SocketInputStream.java:161)
	at org.apache.hadoop.net.SocketInputStream.read(SocketInputStream.java:131)
	at java.io.FilterInputStream.read(FilterInputStream.java:133)
	at java.io.BufferedInputStream.fill(BufferedInputStream.java:246)
	at java.io.BufferedInputStream.read(BufferedInputStream.java:265)
	at java.io.FilterInputStream.read(FilterInputStream.java:83)
	at java.io.FilterInputStream.read(FilterInputStream.java:83)
	at org.apache.hadoop.ipc.Client$Connection$PingInputStream.read(Client.java:557)
	at java.io.DataInputStream.readInt(DataInputStream.java:387)
	at org.apache.hadoop.ipc.Client$IpcStreams.readResponse(Client.java:1816)
	at org.apache.hadoop.ipc.Client$Connection.receiveRpcResponse(Client.java:1173)
	at org.apache.hadoop.ipc.Client$Connection.run(Client.java:1069)
2019-09-05 17:44:38,197 [Datanode State Machine Thread - 0] INFO  impl.RaftServerProxy (RaftServerProxy.java:lambda$start$3(299)) - c7a81586-ddba-4d2e-9fc2-0aa181a00f37: start RPC server
2019-09-05 17:44:38,245 [Datanode State Machine Thread - 0] INFO  server.GrpcService (GrpcService.java:startImpl(149)) - c7a81586-ddba-4d2e-9fc2-0aa181a00f37: GrpcService started, listening on 0.0.0.0/0.0.0.0:37618
2019-09-05 17:44:38,246 [Datanode State Machine Thread - 0] INFO  ratis.XceiverServerRatis (XceiverServerRatis.java:start(403)) - XceiverServerRatis c7a81586-ddba-4d2e-9fc2-0aa181a00f37 is started using port 37618
2019-09-05 17:44:38,250 [Datanode State Machine Thread - 0] INFO  server.XceiverServerGrpc (XceiverServerGrpc.java:start(163)) - XceiverServerGrpc c7a81586-ddba-4d2e-9fc2-0aa181a00f37 is started using port 35929
2019-09-05 17:44:38,267 [RATISCREATEPIPELINE1] ERROR pipeline.RatisPipelineProvider (RatisPipelineProvider.java:lambda$null$5(236)) - Failed invoke Ratis rpc org.apache.hadoop.hdds.scm.pipeline.RatisPipelineProvider$$Lambda$221/1879280835@556c0764 for baa965d0-d7ca-4507-8405-0028ae870c0f
org.apache.ratis.protocol.TimeoutIOException: deadline exceeded after 2952792981ns
	at org.apache.ratis.grpc.GrpcUtil.tryUnwrapException(GrpcUtil.java:82)
	at org.apache.ratis.grpc.GrpcUtil.unwrapException(GrpcUtil.java:75)
	at org.apache.ratis.grpc.client.GrpcClientProtocolClient.blockingCall(GrpcClientProtocolClient.java:169)
	at org.apache.ratis.grpc.client.GrpcClientProtocolClient.groupAdd(GrpcClientProtocolClient.java:138)
	at org.apache.ratis.grpc.client.GrpcClientRpc.sendRequest(GrpcClientRpc.java:94)
	at org.apache.ratis.client.impl.RaftClientImpl.sendRequest(RaftClientImpl.java:279)
	at org.apache.ratis.client.impl.RaftClientImpl.groupAdd(RaftClientImpl.java:206)
	at org.apache.hadoop.hdds.scm.pipeline.RatisPipelineProvider.lambda$initializePipeline$4(RatisPipelineProvider.java:195)
	at org.apache.hadoop.hdds.scm.pipeline.RatisPipelineProvider.lambda$null$5(RatisPipelineProvider.java:232)
	at java.util.stream.ForEachOps$ForEachOp$OfRef.accept(ForEachOps.java:184)
	at java.util.ArrayList$ArrayListSpliterator.forEachRemaining(ArrayList.java:1382)
	at java.util.stream.AbstractPipeline.copyInto(AbstractPipeline.java:482)
	at java.util.stream.ForEachOps$ForEachTask.compute(ForEachOps.java:291)
	at java.util.concurrent.CountedCompleter.exec(CountedCompleter.java:731)
	at java.util.concurrent.ForkJoinTask.doExec(ForkJoinTask.java:289)
	at java.util.concurrent.ForkJoinTask.doInvoke(ForkJoinTask.java:401)
	at java.util.concurrent.ForkJoinTask.invoke(ForkJoinTask.java:734)
	at java.util.stream.ForEachOps$ForEachOp.evaluateParallel(ForEachOps.java:160)
	at java.util.stream.ForEachOps$ForEachOp$OfRef.evaluateParallel(ForEachOps.java:174)
	at java.util.stream.AbstractPipeline.evaluate(AbstractPipeline.java:233)
	at java.util.stream.ReferencePipeline.forEach(ReferencePipeline.java:418)
	at java.util.stream.ReferencePipeline$Head.forEach(ReferencePipeline.java:583)
	at org.apache.hadoop.hdds.scm.pipeline.RatisPipelineProvider.lambda$callRatisRpc$6(RatisPipelineProvider.java:226)
	at java.util.concurrent.ForkJoinTask$AdaptedRunnableAction.exec(ForkJoinTask.java:1386)
	at java.util.concurrent.ForkJoinTask.doExec(ForkJoinTask.java:289)
	at java.util.concurrent.ForkJoinPool$WorkQueue.runTask(ForkJoinPool.java:1056)
	at java.util.concurrent.ForkJoinPool.runWorker(ForkJoinPool.java:1692)
	at java.util.concurrent.ForkJoinWorkerThread.run(ForkJoinWorkerThread.java:157)
Caused by: org.apache.ratis.thirdparty.io.grpc.StatusRuntimeException: DEADLINE_EXCEEDED: deadline exceeded after 2952792981ns
	at org.apache.ratis.thirdparty.io.grpc.stub.ClientCalls.toStatusRuntimeException(ClientCalls.java:233)
	at org.apache.ratis.thirdparty.io.grpc.stub.ClientCalls.getUnchecked(ClientCalls.java:214)
	at org.apache.ratis.thirdparty.io.grpc.stub.ClientCalls.blockingUnaryCall(ClientCalls.java:139)
	at org.apache.ratis.proto.grpc.AdminProtocolServiceGrpc$AdminProtocolServiceBlockingStub.groupManagement(AdminProtocolServiceGrpc.java:274)
	at org.apache.ratis.grpc.client.GrpcClientProtocolClient.lambda$groupAdd$3(GrpcClientProtocolClient.java:140)
	at org.apache.ratis.grpc.client.GrpcClientProtocolClient.blockingCall(GrpcClientProtocolClient.java:167)
	... 25 more
2019-09-05 17:44:38,379 [main] INFO  ozone.MiniOzoneClusterImpl (MiniOzoneClusterImpl.java:lambda$waitForClusterToBeReady$0(140)) - Waiting for cluster to be ready. Got 6 of 7 DN Heartbeats.
2019-09-05 17:44:38,425 [grpc-default-executor-1] INFO  impl.RaftServerProxy (RaftServerProxy.java:addNew(89)) - baa965d0-d7ca-4507-8405-0028ae870c0f: addNew group-92CBEBE91FE9:[baa965d0-d7ca-4507-8405-0028ae870c0f:192.168.69.120:45325, b323f64f-746c-4c8f-9b63-de29d29eb9b9:192.168.69.120:33379, a707cb1f-a8f4-4ce4-9f34-5b67a6adaeb4:192.168.69.120:40572] returns group-92CBEBE91FE9:java.util.concurrent.CompletableFuture@47ae2dc3[Not completed]
2019-09-05 17:44:38,427 [grpc-default-executor-2] INFO  impl.RaftServerProxy (RaftServerProxy.java:addNew(89)) - b323f64f-746c-4c8f-9b63-de29d29eb9b9: addNew group-92CBEBE91FE9:[baa965d0-d7ca-4507-8405-0028ae870c0f:192.168.69.120:45325, b323f64f-746c-4c8f-9b63-de29d29eb9b9:192.168.69.120:33379, a707cb1f-a8f4-4ce4-9f34-5b67a6adaeb4:192.168.69.120:40572] returns group-92CBEBE91FE9:java.util.concurrent.CompletableFuture@311a538f[Not completed]
2019-09-05 17:44:38,425 [grpc-default-executor-0] INFO  impl.RaftServerProxy (RaftServerProxy.java:addNew(89)) - a707cb1f-a8f4-4ce4-9f34-5b67a6adaeb4: addNew group-92CBEBE91FE9:[baa965d0-d7ca-4507-8405-0028ae870c0f:192.168.69.120:45325, b323f64f-746c-4c8f-9b63-de29d29eb9b9:192.168.69.120:33379, a707cb1f-a8f4-4ce4-9f34-5b67a6adaeb4:192.168.69.120:40572] returns group-92CBEBE91FE9:java.util.concurrent.CompletableFuture@141ab576[Not completed]
2019-09-05 17:44:38,485 [pool-47-thread-1] INFO  impl.RaftServerImpl (RaftServerImpl.java:<init>(93)) - a707cb1f-a8f4-4ce4-9f34-5b67a6adaeb4: new RaftServerImpl for group-92CBEBE91FE9:[baa965d0-d7ca-4507-8405-0028ae870c0f:192.168.69.120:45325, b323f64f-746c-4c8f-9b63-de29d29eb9b9:192.168.69.120:33379, a707cb1f-a8f4-4ce4-9f34-5b67a6adaeb4:192.168.69.120:40572] with ContainerStateMachine:uninitialized
2019-09-05 17:44:38,488 [pool-67-thread-1] INFO  impl.RaftServerImpl (RaftServerImpl.java:<init>(93)) - b323f64f-746c-4c8f-9b63-de29d29eb9b9: new RaftServerImpl for group-92CBEBE91FE9:[baa965d0-d7ca-4507-8405-0028ae870c0f:192.168.69.120:45325, b323f64f-746c-4c8f-9b63-de29d29eb9b9:192.168.69.120:33379, a707cb1f-a8f4-4ce4-9f34-5b67a6adaeb4:192.168.69.120:40572] with ContainerStateMachine:uninitialized
2019-09-05 17:44:38,502 [pool-47-thread-1] INFO  server.RaftServerConfigKeys (ConfUtils.java:logGet(43)) - raft.server.rpc.timeout.min = 1s (custom)
2019-09-05 17:44:38,508 [pool-67-thread-1] INFO  server.RaftServerConfigKeys (ConfUtils.java:logGet(43)) - raft.server.rpc.timeout.min = 1s (custom)
2019-09-05 17:44:38,509 [pool-47-thread-1] INFO  server.RaftServerConfigKeys (ConfUtils.java:logGet(43)) - raft.server.rpc.timeout.max = 1200ms (custom)
2019-09-05 17:44:38,509 [pool-67-thread-1] INFO  server.RaftServerConfigKeys (ConfUtils.java:logGet(43)) - raft.server.rpc.timeout.max = 1200ms (custom)
2019-09-05 17:44:38,509 [IPC Server handler 16 on 42640] INFO  net.NetworkTopology (NetworkTopologyImpl.java:add(110)) - Added a new node: /default-rack/c7a81586-ddba-4d2e-9fc2-0aa181a00f37
2019-09-05 17:44:38,509 [pool-67-thread-1] INFO  server.RaftServerConfigKeys (ConfUtils.java:logGet(43)) - raft.server.rpcslowness.timeout = 120s (custom)
2019-09-05 17:44:38,509 [pool-47-thread-1] INFO  server.RaftServerConfigKeys (ConfUtils.java:logGet(43)) - raft.server.rpcslowness.timeout = 120s (custom)
2019-09-05 17:44:38,510 [IPC Server handler 16 on 42640] INFO  node.SCMNodeManager (SCMNodeManager.java:register(266)) - Registered Data node : c7a81586-ddba-4d2e-9fc2-0aa181a00f37{ip: 192.168.69.120, host: pr-hdds-2007-scw2c-2724463716, networkLocation: /default-rack, certSerialId: null}
2019-09-05 17:44:38,510 [pool-27-thread-1] INFO  impl.RaftServerImpl (RaftServerImpl.java:<init>(93)) - baa965d0-d7ca-4507-8405-0028ae870c0f: new RaftServerImpl for group-92CBEBE91FE9:[baa965d0-d7ca-4507-8405-0028ae870c0f:192.168.69.120:45325, b323f64f-746c-4c8f-9b63-de29d29eb9b9:192.168.69.120:33379, a707cb1f-a8f4-4ce4-9f34-5b67a6adaeb4:192.168.69.120:40572] with ContainerStateMachine:uninitialized
2019-09-05 17:44:38,511 [pool-47-thread-1] INFO  server.RaftServerConfigKeys (ConfUtils.java:logGet(43)) - raft.server.sleep.deviation.threshold = 300 (default)
2019-09-05 17:44:38,511 [pool-27-thread-1] INFO  server.RaftServerConfigKeys (ConfUtils.java:logGet(43)) - raft.server.rpc.timeout.min = 1s (custom)
2019-09-05 17:44:38,511 [pool-67-thread-1] INFO  server.RaftServerConfigKeys (ConfUtils.java:logGet(43)) - raft.server.sleep.deviation.threshold = 300 (default)
2019-09-05 17:44:38,511 [pool-27-thread-1] INFO  server.RaftServerConfigKeys (ConfUtils.java:logGet(43)) - raft.server.rpc.timeout.max = 1200ms (custom)
2019-09-05 17:44:38,511 [pool-27-thread-1] INFO  server.RaftServerConfigKeys (ConfUtils.java:logGet(43)) - raft.server.rpcslowness.timeout = 120s (custom)
2019-09-05 17:44:38,511 [pool-67-thread-1] INFO  server.RaftServerConfigKeys (ConfUtils.java:logGet(43)) - raft.server.log.appender.install.snapshot.enabled = false (custom)
2019-09-05 17:44:38,511 [pool-47-thread-1] INFO  server.RaftServerConfigKeys (ConfUtils.java:logGet(43)) - raft.server.log.appender.install.snapshot.enabled = false (custom)
2019-09-05 17:44:38,512 [pool-27-thread-1] INFO  server.RaftServerConfigKeys (ConfUtils.java:logGet(43)) - raft.server.sleep.deviation.threshold = 300 (default)
2019-09-05 17:44:38,512 [pool-27-thread-1] INFO  server.RaftServerConfigKeys (ConfUtils.java:logGet(43)) - raft.server.log.appender.install.snapshot.enabled = false (custom)
2019-09-05 17:44:38,520 [pool-47-thread-1] INFO  impl.RaftServerImpl (ServerState.java:<init>(105)) - a707cb1f-a8f4-4ce4-9f34-5b67a6adaeb4:group-92CBEBE91FE9 ConfigurationManager, init=-1: [baa965d0-d7ca-4507-8405-0028ae870c0f:192.168.69.120:45325, b323f64f-746c-4c8f-9b63-de29d29eb9b9:192.168.69.120:33379, a707cb1f-a8f4-4ce4-9f34-5b67a6adaeb4:192.168.69.120:40572], old=null, confs=<EMPTY_MAP>
2019-09-05 17:44:38,520 [pool-27-thread-1] INFO  impl.RaftServerImpl (ServerState.java:<init>(105)) - baa965d0-d7ca-4507-8405-0028ae870c0f:group-92CBEBE91FE9 ConfigurationManager, init=-1: [baa965d0-d7ca-4507-8405-0028ae870c0f:192.168.69.120:45325, b323f64f-746c-4c8f-9b63-de29d29eb9b9:192.168.69.120:33379, a707cb1f-a8f4-4ce4-9f34-5b67a6adaeb4:192.168.69.120:40572], old=null, confs=<EMPTY_MAP>
2019-09-05 17:44:38,520 [pool-47-thread-1] INFO  server.RaftServerConfigKeys (ConfUtils.java:logGet(43)) - raft.server.storage.dir = [/workdir/hadoop-ozone/integration-test/target/test-dir/MiniOzoneClusterImpl-e7761c2c-6268-40b2-9163-02537e17f130/datanode-2/data/ratis] (custom)
2019-09-05 17:44:38,520 [pool-67-thread-1] INFO  impl.RaftServerImpl (ServerState.java:<init>(105)) - b323f64f-746c-4c8f-9b63-de29d29eb9b9:group-92CBEBE91FE9 ConfigurationManager, init=-1: [baa965d0-d7ca-4507-8405-0028ae870c0f:192.168.69.120:45325, b323f64f-746c-4c8f-9b63-de29d29eb9b9:192.168.69.120:33379, a707cb1f-a8f4-4ce4-9f34-5b67a6adaeb4:192.168.69.120:40572], old=null, confs=<EMPTY_MAP>
2019-09-05 17:44:38,520 [pool-27-thread-1] INFO  server.RaftServerConfigKeys (ConfUtils.java:logGet(43)) - raft.server.storage.dir = [/workdir/hadoop-ozone/integration-test/target/test-dir/MiniOzoneClusterImpl-e7761c2c-6268-40b2-9163-02537e17f130/datanode-0/data/ratis] (custom)
2019-09-05 17:44:38,520 [pool-67-thread-1] INFO  server.RaftServerConfigKeys (ConfUtils.java:logGet(43)) - raft.server.storage.dir = [/workdir/hadoop-ozone/integration-test/target/test-dir/MiniOzoneClusterImpl-e7761c2c-6268-40b2-9163-02537e17f130/datanode-4/data/ratis] (custom)
2019-09-05 17:44:38,527 [pool-47-thread-1] INFO  storage.RaftStorageDirectory (RaftStorageDirectory.java:analyzeStorage(246)) - The storage directory /workdir/hadoop-ozone/integration-test/target/test-dir/MiniOzoneClusterImpl-e7761c2c-6268-40b2-9163-02537e17f130/datanode-2/data/ratis/9416bfbf-c309-42f1-8c91-92cbebe91fe9 does not exist. Creating ...
2019-09-05 17:44:38,527 [pool-27-thread-1] INFO  storage.RaftStorageDirectory (RaftStorageDirectory.java:analyzeStorage(246)) - The storage directory /workdir/hadoop-ozone/integration-test/target/test-dir/MiniOzoneClusterImpl-e7761c2c-6268-40b2-9163-02537e17f130/datanode-0/data/ratis/9416bfbf-c309-42f1-8c91-92cbebe91fe9 does not exist. Creating ...
2019-09-05 17:44:38,527 [pool-67-thread-1] INFO  storage.RaftStorageDirectory (RaftStorageDirectory.java:analyzeStorage(246)) - The storage directory /workdir/hadoop-ozone/integration-test/target/test-dir/MiniOzoneClusterImpl-e7761c2c-6268-40b2-9163-02537e17f130/datanode-4/data/ratis/9416bfbf-c309-42f1-8c91-92cbebe91fe9 does not exist. Creating ...
2019-09-05 17:44:39,379 [main] INFO  ozone.MiniOzoneClusterImpl (MiniOzoneClusterImpl.java:lambda$waitForClusterToBeReady$0(140)) - Cluster is ready. Got 7 of 7 DN Heartbeats.
2019-09-05 17:44:39,809 [pool-67-thread-1] INFO  storage.RaftStorageDirectory (RaftStorageDirectory.java:tryLock(328)) - Lock on /workdir/hadoop-ozone/integration-test/target/test-dir/MiniOzoneClusterImpl-e7761c2c-6268-40b2-9163-02537e17f130/datanode-4/data/ratis/9416bfbf-c309-42f1-8c91-92cbebe91fe9/in_use.lock acquired by nodename 32023@pr-hdds-2007-scw2c-2724463716
2019-09-05 17:44:39,809 [pool-27-thread-1] INFO  storage.RaftStorageDirectory (RaftStorageDirectory.java:tryLock(328)) - Lock on /workdir/hadoop-ozone/integration-test/target/test-dir/MiniOzoneClusterImpl-e7761c2c-6268-40b2-9163-02537e17f130/datanode-0/data/ratis/9416bfbf-c309-42f1-8c91-92cbebe91fe9/in_use.lock acquired by nodename 32023@pr-hdds-2007-scw2c-2724463716
2019-09-05 17:44:39,809 [pool-47-thread-1] INFO  storage.RaftStorageDirectory (RaftStorageDirectory.java:tryLock(328)) - Lock on /workdir/hadoop-ozone/integration-test/target/test-dir/MiniOzoneClusterImpl-e7761c2c-6268-40b2-9163-02537e17f130/datanode-2/data/ratis/9416bfbf-c309-42f1-8c91-92cbebe91fe9/in_use.lock acquired by nodename 32023@pr-hdds-2007-scw2c-2724463716
2019-09-05 17:44:39,859 [main] INFO  rpc.RpcClient (RpcClient.java:createVolume(303)) - Creating Volume: watchforcommithandlingtest, with jenkins1000 as owner.
2019-09-05 17:44:39,948 [IPC Server handler 8 on 41533] INFO  volume.OMVolumeCreateRequest (OMVolumeCreateRequest.java:validateAndUpdateCache(189)) - created volume:watchforcommithandlingtest for user:jenkins1000
2019-09-05 17:44:40,901 [pool-47-thread-1] INFO  storage.RaftStorage (RaftStorage.java:format(72)) - Storage directory /workdir/hadoop-ozone/integration-test/target/test-dir/MiniOzoneClusterImpl-e7761c2c-6268-40b2-9163-02537e17f130/datanode-2/data/ratis/9416bfbf-c309-42f1-8c91-92cbebe91fe9 has been successfully formatted.
2019-09-05 17:44:40,906 [pool-47-thread-1] INFO  ratis.ContainerStateMachine (ContainerStateMachine.java:loadSnapshot(227)) - group-92CBEBE91FE9: The snapshot info is null. Setting the last applied indexto:(t:0, i:~)
2019-09-05 17:44:40,906 [pool-47-thread-1] INFO  server.RaftServerConfigKeys (ConfUtils.java:logGet(43)) - raft.server.leader.election.timeout = 120s (custom)
2019-09-05 17:44:40,910 [pool-47-thread-1] INFO  server.RaftServerConfigKeys (ConfUtils.java:logGet(43)) - raft.server.log.use.memory = false (default)
2019-09-05 17:44:40,918 [pool-47-thread-1] INFO  server.RaftServerConfigKeys (ConfUtils.java:logGet(43)) - raft.server.log.purge.gap = 1000000 (custom)
2019-09-05 17:44:40,918 [pool-47-thread-1] INFO  server.RaftServerConfigKeys (ConfUtils.java:logGet(43)) - raft.server.log.appender.buffer.byte-limit = 33554432 (custom)
2019-09-05 17:44:40,920 [pool-47-thread-1] INFO  server.RaftServerConfigKeys (ConfUtils.java:logGet(43)) - raft.server.log.segment.size.max = 1048576 (custom)
2019-09-05 17:44:40,928 [pool-47-thread-1] INFO  server.RaftServerConfigKeys (ConfUtils.java:logGet(43)) - raft.server.log.segment.cache.num.max = 2 (custom)
2019-09-05 17:44:40,936 [pool-47-thread-1] INFO  segmented.SegmentedRaftLogWorker (SegmentedRaftLogWorker.java:<init>(172)) - new a707cb1f-a8f4-4ce4-9f34-5b67a6adaeb4-SegmentedRaftLogWorker:Storage Directory /workdir/hadoop-ozone/integration-test/target/test-dir/MiniOzoneClusterImpl-e7761c2c-6268-40b2-9163-02537e17f130/datanode-2/data/ratis/9416bfbf-c309-42f1-8c91-92cbebe91fe9 for RaftStorage:Storage Directory /workdir/hadoop-ozone/integration-test/target/test-dir/MiniOzoneClusterImpl-e7761c2c-6268-40b2-9163-02537e17f130/datanode-2/data/ratis/9416bfbf-c309-42f1-8c91-92cbebe91fe9
2019-09-05 17:44:40,952 [pool-47-thread-1] INFO  server.RaftServerConfigKeys (ConfUtils.java:logGet(43)) - raft.server.log.queue.byte-limit = 2147483647 (custom)
2019-09-05 17:44:40,953 [pool-47-thread-1] INFO  server.RaftServerConfigKeys (ConfUtils.java:logGet(43)) - raft.server.log.queue.element-limit = 1024 (custom)
2019-09-05 17:44:40,901 [pool-27-thread-1] INFO  storage.RaftStorage (RaftStorage.java:format(72)) - Storage directory /workdir/hadoop-ozone/integration-test/target/test-dir/MiniOzoneClusterImpl-e7761c2c-6268-40b2-9163-02537e17f130/datanode-0/data/ratis/9416bfbf-c309-42f1-8c91-92cbebe91fe9 has been successfully formatted.
2019-09-05 17:44:40,901 [pool-67-thread-1] INFO  storage.RaftStorage (RaftStorage.java:format(72)) - Storage directory /workdir/hadoop-ozone/integration-test/target/test-dir/MiniOzoneClusterImpl-e7761c2c-6268-40b2-9163-02537e17f130/datanode-4/data/ratis/9416bfbf-c309-42f1-8c91-92cbebe91fe9 has been successfully formatted.
2019-09-05 17:44:41,325 [Datanode State Machine Thread - 2] ERROR statemachine.EndpointStateMachine (EndpointStateMachine.java:logIfNeeded(204)) - Unable to communicate to SCM server at 0.0.0.0:42640 for past 0 seconds.
java.net.SocketTimeoutException: Call From pr-hdds-2007-scw2c-2724463716/192.168.69.120 to 0.0.0.0:42640 failed on socket timeout exception: java.net.SocketTimeoutException: 1000 millis timeout while waiting for channel to be ready for read. ch : java.nio.channels.SocketChannel[connected local=/192.168.69.120:36260 remote=/0.0.0.0:42640]; For more details see:  http://wiki.apache.org/hadoop/SocketTimeout
	at sun.reflect.NativeConstructorAccessorImpl.newInstance0(Native Method)
	at sun.reflect.NativeConstructorAccessorImpl.newInstance(NativeConstructorAccessorImpl.java:62)
	at sun.reflect.DelegatingConstructorAccessorImpl.newInstance(DelegatingConstructorAccessorImpl.java:45)
	at java.lang.reflect.Constructor.newInstance(Constructor.java:423)
	at org.apache.hadoop.net.NetUtils.wrapWithMessage(NetUtils.java:831)
	at org.apache.hadoop.net.NetUtils.wrapException(NetUtils.java:775)
	at org.apache.hadoop.ipc.Client.getRpcResponse(Client.java:1515)
	at org.apache.hadoop.ipc.Client.call(Client.java:1457)
	at org.apache.hadoop.ipc.Client.call(Client.java:1367)
	at org.apache.hadoop.ipc.ProtobufRpcEngine$Invoker.invoke(ProtobufRpcEngine.java:228)
	at org.apache.hadoop.ipc.ProtobufRpcEngine$Invoker.invoke(ProtobufRpcEngine.java:116)
	at com.sun.proxy.$Proxy31.sendHeartbeat(Unknown Source)
	at org.apache.hadoop.ozone.protocolPB.StorageContainerDatanodeProtocolClientSideTranslatorPB.sendHeartbeat(StorageContainerDatanodeProtocolClientSideTranslatorPB.java:131)
	at org.apache.hadoop.ozone.container.common.states.endpoint.HeartbeatEndpointTask.call(HeartbeatEndpointTask.java:143)
	at org.apache.hadoop.ozone.container.common.states.endpoint.HeartbeatEndpointTask.call(HeartbeatEndpointTask.java:74)
	at java.util.concurrent.FutureTask.run(FutureTask.java:266)
	at java.util.concurrent.Executors$RunnableAdapter.call(Executors.java:511)
	at java.util.concurrent.FutureTask.run(FutureTask.java:266)
	at java.util.concurrent.ThreadPoolExecutor.runWorker(ThreadPoolExecutor.java:1149)
	at java.util.concurrent.ThreadPoolExecutor$Worker.run(ThreadPoolExecutor.java:624)
	at java.lang.Thread.run(Thread.java:748)
Caused by: java.net.SocketTimeoutException: 1000 millis timeout while waiting for channel to be ready for read. ch : java.nio.channels.SocketChannel[connected local=/192.168.69.120:36260 remote=/0.0.0.0:42640]
	at org.apache.hadoop.net.SocketIOWithTimeout.doIO(SocketIOWithTimeout.java:164)
	at org.apache.hadoop.net.SocketInputStream.read(SocketInputStream.java:161)
	at org.apache.hadoop.net.SocketInputStream.read(SocketInputStream.java:131)
	at java.io.FilterInputStream.read(FilterInputStream.java:133)
	at java.io.BufferedInputStream.fill(BufferedInputStream.java:246)
	at java.io.BufferedInputStream.read(BufferedInputStream.java:265)
	at java.io.FilterInputStream.read(FilterInputStream.java:83)
	at java.io.FilterInputStream.read(FilterInputStream.java:83)
	at org.apache.hadoop.ipc.Client$Connection$PingInputStream.read(Client.java:557)
	at java.io.DataInputStream.readInt(DataInputStream.java:387)
	at org.apache.hadoop.ipc.Client$IpcStreams.readResponse(Client.java:1816)
	at org.apache.hadoop.ipc.Client$Connection.receiveRpcResponse(Client.java:1173)
	at org.apache.hadoop.ipc.Client$Connection.run(Client.java:1069)
2019-09-05 17:44:41,325 [Datanode State Machine Thread - 1] ERROR statemachine.EndpointStateMachine (EndpointStateMachine.java:logIfNeeded(204)) - Unable to communicate to SCM server at 0.0.0.0:42640 for past 0 seconds.
java.net.SocketTimeoutException: Call From pr-hdds-2007-scw2c-2724463716/192.168.69.120 to 0.0.0.0:42640 failed on socket timeout exception: java.net.SocketTimeoutException: 1000 millis timeout while waiting for channel to be ready for read. ch : java.nio.channels.SocketChannel[connected local=/192.168.69.120:36260 remote=/0.0.0.0:42640]; For more details see:  http://wiki.apache.org/hadoop/SocketTimeout
	at sun.reflect.NativeConstructorAccessorImpl.newInstance0(Native Method)
	at sun.reflect.NativeConstructorAccessorImpl.newInstance(NativeConstructorAccessorImpl.java:62)
	at sun.reflect.DelegatingConstructorAccessorImpl.newInstance(DelegatingConstructorAccessorImpl.java:45)
	at java.lang.reflect.Constructor.newInstance(Constructor.java:423)
	at org.apache.hadoop.net.NetUtils.wrapWithMessage(NetUtils.java:831)
	at org.apache.hadoop.net.NetUtils.wrapException(NetUtils.java:775)
	at org.apache.hadoop.ipc.Client.getRpcResponse(Client.java:1515)
	at org.apache.hadoop.ipc.Client.call(Client.java:1457)
	at org.apache.hadoop.ipc.Client.call(Client.java:1367)
	at org.apache.hadoop.ipc.ProtobufRpcEngine$Invoker.invoke(ProtobufRpcEngine.java:228)
	at org.apache.hadoop.ipc.ProtobufRpcEngine$Invoker.invoke(ProtobufRpcEngine.java:116)
	at com.sun.proxy.$Proxy31.sendHeartbeat(Unknown Source)
	at org.apache.hadoop.ozone.protocolPB.StorageContainerDatanodeProtocolClientSideTranslatorPB.sendHeartbeat(StorageContainerDatanodeProtocolClientSideTranslatorPB.java:131)
	at org.apache.hadoop.ozone.container.common.states.endpoint.HeartbeatEndpointTask.call(HeartbeatEndpointTask.java:143)
	at org.apache.hadoop.ozone.container.common.states.endpoint.HeartbeatEndpointTask.call(HeartbeatEndpointTask.java:74)
	at java.util.concurrent.FutureTask.run(FutureTask.java:266)
	at java.util.concurrent.Executors$RunnableAdapter.call(Executors.java:511)
	at java.util.concurrent.FutureTask.run(FutureTask.java:266)
	at java.util.concurrent.ThreadPoolExecutor.runWorker(ThreadPoolExecutor.java:1149)
	at java.util.concurrent.ThreadPoolExecutor$Worker.run(ThreadPoolExecutor.java:624)
	at java.lang.Thread.run(Thread.java:748)
Caused by: java.net.SocketTimeoutException: 1000 millis timeout while waiting for channel to be ready for read. ch : java.nio.channels.SocketChannel[connected local=/192.168.69.120:36260 remote=/0.0.0.0:42640]
	at org.apache.hadoop.net.SocketIOWithTimeout.doIO(SocketIOWithTimeout.java:164)
	at org.apache.hadoop.net.SocketInputStream.read(SocketInputStream.java:161)
	at org.apache.hadoop.net.SocketInputStream.read(SocketInputStream.java:131)
	at java.io.FilterInputStream.read(FilterInputStream.java:133)
	at java.io.BufferedInputStream.fill(BufferedInputStream.java:246)
	at java.io.BufferedInputStream.read(BufferedInputStream.java:265)
	at java.io.FilterInputStream.read(FilterInputStream.java:83)
	at java.io.FilterInputStream.read(FilterInputStream.java:83)
	at org.apache.hadoop.ipc.Client$Connection$PingInputStream.read(Client.java:557)
	at java.io.DataInputStream.readInt(DataInputStream.java:387)
	at org.apache.hadoop.ipc.Client$IpcStreams.readResponse(Client.java:1816)
	at org.apache.hadoop.ipc.Client$Connection.receiveRpcResponse(Client.java:1173)
	at org.apache.hadoop.ipc.Client$Connection.run(Client.java:1069)
2019-09-05 17:44:41,325 [Datanode State Machine Thread - 0] ERROR statemachine.EndpointStateMachine (EndpointStateMachine.java:logIfNeeded(204)) - Unable to communicate to SCM server at 0.0.0.0:42640 for past 0 seconds.
java.net.SocketTimeoutException: Call From pr-hdds-2007-scw2c-2724463716/192.168.69.120 to 0.0.0.0:42640 failed on socket timeout exception: java.net.SocketTimeoutException: 1000 millis timeout while waiting for channel to be ready for read. ch : java.nio.channels.SocketChannel[connected local=/192.168.69.120:36260 remote=/0.0.0.0:42640]; For more details see:  http://wiki.apache.org/hadoop/SocketTimeout
	at sun.reflect.NativeConstructorAccessorImpl.newInstance0(Native Method)
	at sun.reflect.NativeConstructorAccessorImpl.newInstance(NativeConstructorAccessorImpl.java:62)
	at sun.reflect.DelegatingConstructorAccessorImpl.newInstance(DelegatingConstructorAccessorImpl.java:45)
	at java.lang.reflect.Constructor.newInstance(Constructor.java:423)
	at org.apache.hadoop.net.NetUtils.wrapWithMessage(NetUtils.java:831)
	at org.apache.hadoop.net.NetUtils.wrapException(NetUtils.java:775)
	at org.apache.hadoop.ipc.Client.getRpcResponse(Client.java:1515)
	at org.apache.hadoop.ipc.Client.call(Client.java:1457)
	at org.apache.hadoop.ipc.Client.call(Client.java:1367)
	at org.apache.hadoop.ipc.ProtobufRpcEngine$Invoker.invoke(ProtobufRpcEngine.java:228)
	at org.apache.hadoop.ipc.ProtobufRpcEngine$Invoker.invoke(ProtobufRpcEngine.java:116)
	at com.sun.proxy.$Proxy31.sendHeartbeat(Unknown Source)
	at org.apache.hadoop.ozone.protocolPB.StorageContainerDatanodeProtocolClientSideTranslatorPB.sendHeartbeat(StorageContainerDatanodeProtocolClientSideTranslatorPB.java:131)
	at org.apache.hadoop.ozone.container.common.states.endpoint.HeartbeatEndpointTask.call(HeartbeatEndpointTask.java:143)
	at org.apache.hadoop.ozone.container.common.states.endpoint.HeartbeatEndpointTask.call(HeartbeatEndpointTask.java:74)
	at java.util.concurrent.FutureTask.run(FutureTask.java:266)
	at java.util.concurrent.Executors$RunnableAdapter.call(Executors.java:511)
	at java.util.concurrent.FutureTask.run(FutureTask.java:266)
	at java.util.concurrent.ThreadPoolExecutor.runWorker(ThreadPoolExecutor.java:1149)
	at java.util.concurrent.ThreadPoolExecutor$Worker.run(ThreadPoolExecutor.java:624)
	at java.lang.Thread.run(Thread.java:748)
Caused by: java.net.SocketTimeoutException: 1000 millis timeout while waiting for channel to be ready for read. ch : java.nio.channels.SocketChannel[connected local=/192.168.69.120:36260 remote=/0.0.0.0:42640]
	at org.apache.hadoop.net.SocketIOWithTimeout.doIO(SocketIOWithTimeout.java:164)
	at org.apache.hadoop.net.SocketInputStream.read(SocketInputStream.java:161)
	at org.apache.hadoop.net.SocketInputStream.read(SocketInputStream.java:131)
	at java.io.FilterInputStream.read(FilterInputStream.java:133)
	at java.io.BufferedInputStream.fill(BufferedInputStream.java:246)
	at java.io.BufferedInputStream.read(BufferedInputStream.java:265)
	at java.io.FilterInputStream.read(FilterInputStream.java:83)
	at java.io.FilterInputStream.read(FilterInputStream.java:83)
	at org.apache.hadoop.ipc.Client$Connection$PingInputStream.read(Client.java:557)
	at java.io.DataInputStream.readInt(DataInputStream.java:387)
	at org.apache.hadoop.ipc.Client$IpcStreams.readResponse(Client.java:1816)
	at org.apache.hadoop.ipc.Client$Connection.receiveRpcResponse(Client.java:1173)
	at org.apache.hadoop.ipc.Client$Connection.run(Client.java:1069)
2019-09-05 17:44:41,325 [Datanode State Machine Thread - 1] ERROR statemachine.EndpointStateMachine (EndpointStateMachine.java:logIfNeeded(204)) - Unable to communicate to SCM server at 0.0.0.0:42640 for past 0 seconds.
java.net.SocketTimeoutException: Call From pr-hdds-2007-scw2c-2724463716/192.168.69.120 to 0.0.0.0:42640 failed on socket timeout exception: java.net.SocketTimeoutException: 1000 millis timeout while waiting for channel to be ready for read. ch : java.nio.channels.SocketChannel[connected local=/192.168.69.120:36260 remote=/0.0.0.0:42640]; For more details see:  http://wiki.apache.org/hadoop/SocketTimeout
	at sun.reflect.NativeConstructorAccessorImpl.newInstance0(Native Method)
	at sun.reflect.NativeConstructorAccessorImpl.newInstance(NativeConstructorAccessorImpl.java:62)
	at sun.reflect.DelegatingConstructorAccessorImpl.newInstance(DelegatingConstructorAccessorImpl.java:45)
	at java.lang.reflect.Constructor.newInstance(Constructor.java:423)
	at org.apache.hadoop.net.NetUtils.wrapWithMessage(NetUtils.java:831)
	at org.apache.hadoop.net.NetUtils.wrapException(NetUtils.java:775)
	at org.apache.hadoop.ipc.Client.getRpcResponse(Client.java:1515)
	at org.apache.hadoop.ipc.Client.call(Client.java:1457)
	at org.apache.hadoop.ipc.Client.call(Client.java:1367)
	at org.apache.hadoop.ipc.ProtobufRpcEngine$Invoker.invoke(ProtobufRpcEngine.java:228)
	at org.apache.hadoop.ipc.ProtobufRpcEngine$Invoker.invoke(ProtobufRpcEngine.java:116)
	at com.sun.proxy.$Proxy31.sendHeartbeat(Unknown Source)
	at org.apache.hadoop.ozone.protocolPB.StorageContainerDatanodeProtocolClientSideTranslatorPB.sendHeartbeat(StorageContainerDatanodeProtocolClientSideTranslatorPB.java:131)
	at org.apache.hadoop.ozone.container.common.states.endpoint.HeartbeatEndpointTask.call(HeartbeatEndpointTask.java:143)
	at org.apache.hadoop.ozone.container.common.states.endpoint.HeartbeatEndpointTask.call(HeartbeatEndpointTask.java:74)
	at java.util.concurrent.FutureTask.run(FutureTask.java:266)
	at java.util.concurrent.Executors$RunnableAdapter.call(Executors.java:511)
	at java.util.concurrent.FutureTask.run(FutureTask.java:266)
	at java.util.concurrent.ThreadPoolExecutor.runWorker(ThreadPoolExecutor.java:1149)
	at java.util.concurrent.ThreadPoolExecutor$Worker.run(ThreadPoolExecutor.java:624)
	at java.lang.Thread.run(Thread.java:748)
Caused by: java.net.SocketTimeoutException: 1000 millis timeout while waiting for channel to be ready for read. ch : java.nio.channels.SocketChannel[connected local=/192.168.69.120:36260 remote=/0.0.0.0:42640]
	at org.apache.hadoop.net.SocketIOWithTimeout.doIO(SocketIOWithTimeout.java:164)
	at org.apache.hadoop.net.SocketInputStream.read(SocketInputStream.java:161)
	at org.apache.hadoop.net.SocketInputStream.read(SocketInputStream.java:131)
	at java.io.FilterInputStream.read(FilterInputStream.java:133)
	at java.io.BufferedInputStream.fill(BufferedInputStream.java:246)
	at java.io.BufferedInputStream.read(BufferedInputStream.java:265)
	at java.io.FilterInputStream.read(FilterInputStream.java:83)
	at java.io.FilterInputStream.read(FilterInputStream.java:83)
	at org.apache.hadoop.ipc.Client$Connection$PingInputStream.read(Client.java:557)
	at java.io.DataInputStream.readInt(DataInputStream.java:387)
	at org.apache.hadoop.ipc.Client$IpcStreams.readResponse(Client.java:1816)
	at org.apache.hadoop.ipc.Client$Connection.receiveRpcResponse(Client.java:1173)
	at org.apache.hadoop.ipc.Client$Connection.run(Client.java:1069)
2019-09-05 17:44:41,324 [Datanode State Machine Thread - 2] ERROR statemachine.EndpointStateMachine (EndpointStateMachine.java:logIfNeeded(204)) - Unable to communicate to SCM server at 0.0.0.0:42640 for past 0 seconds.
java.net.SocketTimeoutException: Call From pr-hdds-2007-scw2c-2724463716/192.168.69.120 to 0.0.0.0:42640 failed on socket timeout exception: java.net.SocketTimeoutException: 1000 millis timeout while waiting for channel to be ready for read. ch : java.nio.channels.SocketChannel[connected local=/192.168.69.120:36260 remote=/0.0.0.0:42640]; For more details see:  http://wiki.apache.org/hadoop/SocketTimeout
	at sun.reflect.NativeConstructorAccessorImpl.newInstance0(Native Method)
	at sun.reflect.NativeConstructorAccessorImpl.newInstance(NativeConstructorAccessorImpl.java:62)
	at sun.reflect.DelegatingConstructorAccessorImpl.newInstance(DelegatingConstructorAccessorImpl.java:45)
	at java.lang.reflect.Constructor.newInstance(Constructor.java:423)
	at org.apache.hadoop.net.NetUtils.wrapWithMessage(NetUtils.java:831)
	at org.apache.hadoop.net.NetUtils.wrapException(NetUtils.java:775)
	at org.apache.hadoop.ipc.Client.getRpcResponse(Client.java:1515)
	at org.apache.hadoop.ipc.Client.call(Client.java:1457)
	at org.apache.hadoop.ipc.Client.call(Client.java:1367)
	at org.apache.hadoop.ipc.ProtobufRpcEngine$Invoker.invoke(ProtobufRpcEngine.java:228)
	at org.apache.hadoop.ipc.ProtobufRpcEngine$Invoker.invoke(ProtobufRpcEngine.java:116)
	at com.sun.proxy.$Proxy31.sendHeartbeat(Unknown Source)
	at org.apache.hadoop.ozone.protocolPB.StorageContainerDatanodeProtocolClientSideTranslatorPB.sendHeartbeat(StorageContainerDatanodeProtocolClientSideTranslatorPB.java:131)
	at org.apache.hadoop.ozone.container.common.states.endpoint.HeartbeatEndpointTask.call(HeartbeatEndpointTask.java:143)
	at org.apache.hadoop.ozone.container.common.states.endpoint.HeartbeatEndpointTask.call(HeartbeatEndpointTask.java:74)
	at java.util.concurrent.FutureTask.run(FutureTask.java:266)
	at java.util.concurrent.Executors$RunnableAdapter.call(Executors.java:511)
	at java.util.concurrent.FutureTask.run(FutureTask.java:266)
	at java.util.concurrent.ThreadPoolExecutor.runWorker(ThreadPoolExecutor.java:1149)
	at java.util.concurrent.ThreadPoolExecutor$Worker.run(ThreadPoolExecutor.java:624)
	at java.lang.Thread.run(Thread.java:748)
Caused by: java.net.SocketTimeoutException: 1000 millis timeout while waiting for channel to be ready for read. ch : java.nio.channels.SocketChannel[connected local=/192.168.69.120:36260 remote=/0.0.0.0:42640]
	at org.apache.hadoop.net.SocketIOWithTimeout.doIO(SocketIOWithTimeout.java:164)
	at org.apache.hadoop.net.SocketInputStream.read(SocketInputStream.java:161)
	at org.apache.hadoop.net.SocketInputStream.read(SocketInputStream.java:131)
	at java.io.FilterInputStream.read(FilterInputStream.java:133)
	at java.io.BufferedInputStream.fill(BufferedInputStream.java:246)
	at java.io.BufferedInputStream.read(BufferedInputStream.java:265)
	at java.io.FilterInputStream.read(FilterInputStream.java:83)
	at java.io.FilterInputStream.read(FilterInputStream.java:83)
	at org.apache.hadoop.ipc.Client$Connection$PingInputStream.read(Client.java:557)
	at java.io.DataInputStream.readInt(DataInputStream.java:387)
	at org.apache.hadoop.ipc.Client$IpcStreams.readResponse(Client.java:1816)
	at org.apache.hadoop.ipc.Client$Connection.receiveRpcResponse(Client.java:1173)
	at org.apache.hadoop.ipc.Client$Connection.run(Client.java:1069)
2019-09-05 17:44:41,322 [pool-27-thread-1] INFO  ratis.ContainerStateMachine (ContainerStateMachine.java:loadSnapshot(227)) - group-92CBEBE91FE9: The snapshot info is null. Setting the last applied indexto:(t:0, i:~)
2019-09-05 17:44:41,350 [RATISCREATEPIPELINE3] ERROR pipeline.RatisPipelineProvider (RatisPipelineProvider.java:lambda$null$5(236)) - Failed invoke Ratis rpc org.apache.hadoop.hdds.scm.pipeline.RatisPipelineProvider$$Lambda$221/1879280835@6e2cea9a for b323f64f-746c-4c8f-9b63-de29d29eb9b9
org.apache.ratis.protocol.TimeoutIOException: deadline exceeded after 2999727128ns
	at org.apache.ratis.grpc.GrpcUtil.tryUnwrapException(GrpcUtil.java:82)
	at org.apache.ratis.grpc.GrpcUtil.unwrapException(GrpcUtil.java:75)
	at org.apache.ratis.grpc.client.GrpcClientProtocolClient.blockingCall(GrpcClientProtocolClient.java:169)
	at org.apache.ratis.grpc.client.GrpcClientProtocolClient.groupAdd(GrpcClientProtocolClient.java:138)
	at org.apache.ratis.grpc.client.GrpcClientRpc.sendRequest(GrpcClientRpc.java:94)
	at org.apache.ratis.client.impl.RaftClientImpl.sendRequest(RaftClientImpl.java:279)
	at org.apache.ratis.client.impl.RaftClientImpl.groupAdd(RaftClientImpl.java:206)
	at org.apache.hadoop.hdds.scm.pipeline.RatisPipelineProvider.lambda$initializePipeline$4(RatisPipelineProvider.java:195)
	at org.apache.hadoop.hdds.scm.pipeline.RatisPipelineProvider.lambda$null$5(RatisPipelineProvider.java:232)
	at java.util.stream.ForEachOps$ForEachOp$OfRef.accept(ForEachOps.java:184)
	at java.util.ArrayList$ArrayListSpliterator.forEachRemaining(ArrayList.java:1382)
	at java.util.stream.AbstractPipeline.copyInto(AbstractPipeline.java:482)
	at java.util.stream.ForEachOps$ForEachTask.compute(ForEachOps.java:291)
	at java.util.concurrent.CountedCompleter.exec(CountedCompleter.java:731)
	at java.util.concurrent.ForkJoinTask.doExec(ForkJoinTask.java:289)
	at java.util.concurrent.ForkJoinPool$WorkQueue.runTask(ForkJoinPool.java:1056)
	at java.util.concurrent.ForkJoinPool.runWorker(ForkJoinPool.java:1692)
	at java.util.concurrent.ForkJoinWorkerThread.run(ForkJoinWorkerThread.java:157)
Caused by: org.apache.ratis.thirdparty.io.grpc.StatusRuntimeException: DEADLINE_EXCEEDED: deadline exceeded after 2999727128ns
	at org.apache.ratis.thirdparty.io.grpc.stub.ClientCalls.toStatusRuntimeException(ClientCalls.java:233)
	at org.apache.ratis.thirdparty.io.grpc.stub.ClientCalls.getUnchecked(ClientCalls.java:214)
	at org.apache.ratis.thirdparty.io.grpc.stub.ClientCalls.blockingUnaryCall(ClientCalls.java:139)
	at org.apache.ratis.proto.grpc.AdminProtocolServiceGrpc$AdminProtocolServiceBlockingStub.groupManagement(AdminProtocolServiceGrpc.java:274)
	at org.apache.ratis.grpc.client.GrpcClientProtocolClient.lambda$groupAdd$3(GrpcClientProtocolClient.java:140)
	at org.apache.ratis.grpc.client.GrpcClientProtocolClient.blockingCall(GrpcClientProtocolClient.java:167)
	... 15 more
2019-09-05 17:44:41,329 [pool-47-thread-1] INFO  server.RaftServerConfigKeys (ConfUtils.java:logGet(43)) - raft.server.log.segment.size.max = 1048576 (custom)
2019-09-05 17:44:41,327 [pool-67-thread-1] INFO  ratis.ContainerStateMachine (ContainerStateMachine.java:loadSnapshot(227)) - group-92CBEBE91FE9: The snapshot info is null. Setting the last applied indexto:(t:0, i:~)
2019-09-05 17:44:41,327 [RATISCREATEPIPELINE1] ERROR pipeline.RatisPipelineProvider (RatisPipelineProvider.java:lambda$null$5(236)) - Failed invoke Ratis rpc org.apache.hadoop.hdds.scm.pipeline.RatisPipelineProvider$$Lambda$221/1879280835@6e2cea9a for a707cb1f-a8f4-4ce4-9f34-5b67a6adaeb4
org.apache.ratis.protocol.TimeoutIOException: deadline exceeded after 2998388999ns
	at org.apache.ratis.grpc.GrpcUtil.tryUnwrapException(GrpcUtil.java:82)
	at org.apache.ratis.grpc.GrpcUtil.unwrapException(GrpcUtil.java:75)
	at org.apache.ratis.grpc.client.GrpcClientProtocolClient.blockingCall(GrpcClientProtocolClient.java:169)
	at org.apache.ratis.grpc.client.GrpcClientProtocolClient.groupAdd(GrpcClientProtocolClient.java:138)
	at org.apache.ratis.grpc.client.GrpcClientRpc.sendRequest(GrpcClientRpc.java:94)
	at org.apache.ratis.client.impl.RaftClientImpl.sendRequest(RaftClientImpl.java:279)
	at org.apache.ratis.client.impl.RaftClientImpl.groupAdd(RaftClientImpl.java:206)
	at org.apache.hadoop.hdds.scm.pipeline.RatisPipelineProvider.lambda$initializePipeline$4(RatisPipelineProvider.java:195)
	at org.apache.hadoop.hdds.scm.pipeline.RatisPipelineProvider.lambda$null$5(RatisPipelineProvider.java:232)
	at java.util.stream.ForEachOps$ForEachOp$OfRef.accept(ForEachOps.java:184)
	at java.util.ArrayList$ArrayListSpliterator.forEachRemaining(ArrayList.java:1382)
	at java.util.stream.AbstractPipeline.copyInto(AbstractPipeline.java:482)
	at java.util.stream.ForEachOps$ForEachTask.compute(ForEachOps.java:291)
	at java.util.concurrent.CountedCompleter.exec(CountedCompleter.java:731)
	at java.util.concurrent.ForkJoinTask.doExec(ForkJoinTask.java:289)
	at java.util.concurrent.ForkJoinTask.doInvoke(ForkJoinTask.java:401)
	at java.util.concurrent.ForkJoinTask.invoke(ForkJoinTask.java:734)
	at java.util.stream.ForEachOps$ForEachOp.evaluateParallel(ForEachOps.java:160)
	at java.util.stream.ForEachOps$ForEachOp$OfRef.evaluateParallel(ForEachOps.java:174)
	at java.util.stream.AbstractPipeline.evaluate(AbstractPipeline.java:233)
	at java.util.stream.ReferencePipeline.forEach(ReferencePipeline.java:418)
	at java.util.stream.ReferencePipeline$Head.forEach(ReferencePipeline.java:583)
	at org.apache.hadoop.hdds.scm.pipeline.RatisPipelineProvider.lambda$callRatisRpc$6(RatisPipelineProvider.java:226)
	at java.util.concurrent.ForkJoinTask$AdaptedRunnableAction.exec(ForkJoinTask.java:1386)
	at java.util.concurrent.ForkJoinTask.doExec(ForkJoinTask.java:289)
	at java.util.concurrent.ForkJoinPool$WorkQueue.runTask(ForkJoinPool.java:1056)
	at java.util.concurrent.ForkJoinPool.runWorker(ForkJoinPool.java:1692)
	at java.util.concurrent.ForkJoinWorkerThread.run(ForkJoinWorkerThread.java:157)
Caused by: org.apache.ratis.thirdparty.io.grpc.StatusRuntimeException: DEADLINE_EXCEEDED: deadline exceeded after 2998388999ns
	at org.apache.ratis.thirdparty.io.grpc.stub.ClientCalls.toStatusRuntimeException(ClientCalls.java:233)
	at org.apache.ratis.thirdparty.io.grpc.stub.ClientCalls.getUnchecked(ClientCalls.java:214)
	at org.apache.ratis.thirdparty.io.grpc.stub.ClientCalls.blockingUnaryCall(ClientCalls.java:139)
	at org.apache.ratis.proto.grpc.AdminProtocolServiceGrpc$AdminProtocolServiceBlockingStub.groupManagement(AdminProtocolServiceGrpc.java:274)
	at org.apache.ratis.grpc.client.GrpcClientProtocolClient.lambda$groupAdd$3(GrpcClientProtocolClient.java:140)
	at org.apache.ratis.grpc.client.GrpcClientProtocolClient.blockingCall(GrpcClientProtocolClient.java:167)
	... 25 more
2019-09-05 17:44:41,327 [Datanode State Machine Thread - 2] ERROR statemachine.EndpointStateMachine (EndpointStateMachine.java:logIfNeeded(204)) - Unable to communicate to SCM server at 0.0.0.0:42640 for past 0 seconds.
java.net.SocketTimeoutException: Call From pr-hdds-2007-scw2c-2724463716/192.168.69.120 to 0.0.0.0:42640 failed on socket timeout exception: java.net.SocketTimeoutException: 1000 millis timeout while waiting for channel to be ready for read. ch : java.nio.channels.SocketChannel[connected local=/192.168.69.120:36260 remote=/0.0.0.0:42640]; For more details see:  http://wiki.apache.org/hadoop/SocketTimeout
	at sun.reflect.NativeConstructorAccessorImpl.newInstance0(Native Method)
	at sun.reflect.NativeConstructorAccessorImpl.newInstance(NativeConstructorAccessorImpl.java:62)
	at sun.reflect.DelegatingConstructorAccessorImpl.newInstance(DelegatingConstructorAccessorImpl.java:45)
	at java.lang.reflect.Constructor.newInstance(Constructor.java:423)
	at org.apache.hadoop.net.NetUtils.wrapWithMessage(NetUtils.java:831)
	at org.apache.hadoop.net.NetUtils.wrapException(NetUtils.java:775)
	at org.apache.hadoop.ipc.Client.getRpcResponse(Client.java:1515)
	at org.apache.hadoop.ipc.Client.call(Client.java:1457)
	at org.apache.hadoop.ipc.Client.call(Client.java:1367)
	at org.apache.hadoop.ipc.ProtobufRpcEngine$Invoker.invoke(ProtobufRpcEngine.java:228)
	at org.apache.hadoop.ipc.ProtobufRpcEngine$Invoker.invoke(ProtobufRpcEngine.java:116)
	at com.sun.proxy.$Proxy31.sendHeartbeat(Unknown Source)
	at org.apache.hadoop.ozone.protocolPB.StorageContainerDatanodeProtocolClientSideTranslatorPB.sendHeartbeat(StorageContainerDatanodeProtocolClientSideTranslatorPB.java:131)
	at org.apache.hadoop.ozone.container.common.states.endpoint.HeartbeatEndpointTask.call(HeartbeatEndpointTask.java:143)
	at org.apache.hadoop.ozone.container.common.states.endpoint.HeartbeatEndpointTask.call(HeartbeatEndpointTask.java:74)
	at java.util.concurrent.FutureTask.run(FutureTask.java:266)
	at java.util.concurrent.Executors$RunnableAdapter.call(Executors.java:511)
	at java.util.concurrent.FutureTask.run(FutureTask.java:266)
	at java.util.concurrent.ThreadPoolExecutor.runWorker(ThreadPoolExecutor.java:1149)
	at java.util.concurrent.ThreadPoolExecutor$Worker.run(ThreadPoolExecutor.java:624)
	at java.lang.Thread.run(Thread.java:748)
Caused by: java.net.SocketTimeoutException: 1000 millis timeout while waiting for channel to be ready for read. ch : java.nio.channels.SocketChannel[connected local=/192.168.69.120:36260 remote=/0.0.0.0:42640]
	at org.apache.hadoop.net.SocketIOWithTimeout.doIO(SocketIOWithTimeout.java:164)
	at org.apache.hadoop.net.SocketInputStream.read(SocketInputStream.java:161)
	at org.apache.hadoop.net.SocketInputStream.read(SocketInputStream.java:131)
	at java.io.FilterInputStream.read(FilterInputStream.java:133)
	at java.io.BufferedInputStream.fill(BufferedInputStream.java:246)
	at java.io.BufferedInputStream.read(BufferedInputStream.java:265)
	at java.io.FilterInputStream.read(FilterInputStream.java:83)
	at java.io.FilterInputStream.read(FilterInputStream.java:83)
	at org.apache.hadoop.ipc.Client$Connection$PingInputStream.read(Client.java:557)
	at java.io.DataInputStream.readInt(DataInputStream.java:387)
	at org.apache.hadoop.ipc.Client$IpcStreams.readResponse(Client.java:1816)
	at org.apache.hadoop.ipc.Client$Connection.receiveRpcResponse(Client.java:1173)
	at org.apache.hadoop.ipc.Client$Connection.run(Client.java:1069)
2019-09-05 17:44:41,327 [Datanode State Machine Thread - 2] ERROR statemachine.EndpointStateMachine (EndpointStateMachine.java:logIfNeeded(204)) - Unable to communicate to SCM server at 0.0.0.0:42640 for past 0 seconds.
java.net.SocketTimeoutException: Call From pr-hdds-2007-scw2c-2724463716/192.168.69.120 to 0.0.0.0:42640 failed on socket timeout exception: java.net.SocketTimeoutException: 1000 millis timeout while waiting for channel to be ready for read. ch : java.nio.channels.SocketChannel[connected local=/192.168.69.120:36260 remote=/0.0.0.0:42640]; For more details see:  http://wiki.apache.org/hadoop/SocketTimeout
	at sun.reflect.NativeConstructorAccessorImpl.newInstance0(Native Method)
	at sun.reflect.NativeConstructorAccessorImpl.newInstance(NativeConstructorAccessorImpl.java:62)
	at sun.reflect.DelegatingConstructorAccessorImpl.newInstance(DelegatingConstructorAccessorImpl.java:45)
	at java.lang.reflect.Constructor.newInstance(Constructor.java:423)
	at org.apache.hadoop.net.NetUtils.wrapWithMessage(NetUtils.java:831)
	at org.apache.hadoop.net.NetUtils.wrapException(NetUtils.java:775)
	at org.apache.hadoop.ipc.Client.getRpcResponse(Client.java:1515)
	at org.apache.hadoop.ipc.Client.call(Client.java:1457)
	at org.apache.hadoop.ipc.Client.call(Client.java:1367)
	at org.apache.hadoop.ipc.ProtobufRpcEngine$Invoker.invoke(ProtobufRpcEngine.java:228)
	at org.apache.hadoop.ipc.ProtobufRpcEngine$Invoker.invoke(ProtobufRpcEngine.java:116)
	at com.sun.proxy.$Proxy31.sendHeartbeat(Unknown Source)
	at org.apache.hadoop.ozone.protocolPB.StorageContainerDatanodeProtocolClientSideTranslatorPB.sendHeartbeat(StorageContainerDatanodeProtocolClientSideTranslatorPB.java:131)
	at org.apache.hadoop.ozone.container.common.states.endpoint.HeartbeatEndpointTask.call(HeartbeatEndpointTask.java:143)
	at org.apache.hadoop.ozone.container.common.states.endpoint.HeartbeatEndpointTask.call(HeartbeatEndpointTask.java:74)
	at java.util.concurrent.FutureTask.run(FutureTask.java:266)
	at java.util.concurrent.Executors$RunnableAdapter.call(Executors.java:511)
	at java.util.concurrent.FutureTask.run(FutureTask.java:266)
	at java.util.concurrent.ThreadPoolExecutor.runWorker(ThreadPoolExecutor.java:1149)
	at java.util.concurrent.ThreadPoolExecutor$Worker.run(ThreadPoolExecutor.java:624)
	at java.lang.Thread.run(Thread.java:748)
Caused by: java.net.SocketTimeoutException: 1000 millis timeout while waiting for channel to be ready for read. ch : java.nio.channels.SocketChannel[connected local=/192.168.69.120:36260 remote=/0.0.0.0:42640]
	at org.apache.hadoop.net.SocketIOWithTimeout.doIO(SocketIOWithTimeout.java:164)
	at org.apache.hadoop.net.SocketInputStream.read(SocketInputStream.java:161)
	at org.apache.hadoop.net.SocketInputStream.read(SocketInputStream.java:131)
	at java.io.FilterInputStream.read(FilterInputStream.java:133)
	at java.io.BufferedInputStream.fill(BufferedInputStream.java:246)
	at java.io.BufferedInputStream.read(BufferedInputStream.java:265)
	at java.io.FilterInputStream.read(FilterInputStream.java:83)
	at java.io.FilterInputStream.read(FilterInputStream.java:83)
	at org.apache.hadoop.ipc.Client$Connection$PingInputStream.read(Client.java:557)
	at java.io.DataInputStream.readInt(DataInputStream.java:387)
	at org.apache.hadoop.ipc.Client$IpcStreams.readResponse(Client.java:1816)
	at org.apache.hadoop.ipc.Client$Connection.receiveRpcResponse(Client.java:1173)
	at org.apache.hadoop.ipc.Client$Connection.run(Client.java:1069)
2019-09-05 17:44:41,325 [RATISCREATEPIPELINE2] ERROR pipeline.RatisPipelineProvider (RatisPipelineProvider.java:lambda$null$5(236)) - Failed invoke Ratis rpc org.apache.hadoop.hdds.scm.pipeline.RatisPipelineProvider$$Lambda$221/1879280835@6e2cea9a for baa965d0-d7ca-4507-8405-0028ae870c0f
org.apache.ratis.protocol.TimeoutIOException: deadline exceeded after 2997013942ns
	at org.apache.ratis.grpc.GrpcUtil.tryUnwrapException(GrpcUtil.java:82)
	at org.apache.ratis.grpc.GrpcUtil.unwrapException(GrpcUtil.java:75)
	at org.apache.ratis.grpc.client.GrpcClientProtocolClient.blockingCall(GrpcClientProtocolClient.java:169)
	at org.apache.ratis.grpc.client.GrpcClientProtocolClient.groupAdd(GrpcClientProtocolClient.java:138)
	at org.apache.ratis.grpc.client.GrpcClientRpc.sendRequest(GrpcClientRpc.java:94)
	at org.apache.ratis.client.impl.RaftClientImpl.sendRequest(RaftClientImpl.java:279)
	at org.apache.ratis.client.impl.RaftClientImpl.groupAdd(RaftClientImpl.java:206)
	at org.apache.hadoop.hdds.scm.pipeline.RatisPipelineProvider.lambda$initializePipeline$4(RatisPipelineProvider.java:195)
	at org.apache.hadoop.hdds.scm.pipeline.RatisPipelineProvider.lambda$null$5(RatisPipelineProvider.java:232)
	at java.util.stream.ForEachOps$ForEachOp$OfRef.accept(ForEachOps.java:184)
	at java.util.ArrayList$ArrayListSpliterator.forEachRemaining(ArrayList.java:1382)
	at java.util.stream.AbstractPipeline.copyInto(AbstractPipeline.java:482)
	at java.util.stream.ForEachOps$ForEachTask.compute(ForEachOps.java:291)
	at java.util.concurrent.CountedCompleter.exec(CountedCompleter.java:731)
	at java.util.concurrent.ForkJoinTask.doExec(ForkJoinTask.java:289)
	at java.util.concurrent.ForkJoinPool$WorkQueue.runTask(ForkJoinPool.java:1056)
	at java.util.concurrent.ForkJoinPool.runWorker(ForkJoinPool.java:1692)
	at java.util.concurrent.ForkJoinWorkerThread.run(ForkJoinWorkerThread.java:157)
Caused by: org.apache.ratis.thirdparty.io.grpc.StatusRuntimeException: DEADLINE_EXCEEDED: deadline exceeded after 2997013942ns
	at org.apache.ratis.thirdparty.io.grpc.stub.ClientCalls.toStatusRuntimeException(ClientCalls.java:233)
	at org.apache.ratis.thirdparty.io.grpc.stub.ClientCalls.getUnchecked(ClientCalls.java:214)
	at org.apache.ratis.thirdparty.io.grpc.stub.ClientCalls.blockingUnaryCall(ClientCalls.java:139)
	at org.apache.ratis.proto.grpc.AdminProtocolServiceGrpc$AdminProtocolServiceBlockingStub.groupManagement(AdminProtocolServiceGrpc.java:274)
	at org.apache.ratis.grpc.client.GrpcClientProtocolClient.lambda$groupAdd$3(GrpcClientProtocolClient.java:140)
	at org.apache.ratis.grpc.client.GrpcClientProtocolClient.blockingCall(GrpcClientProtocolClient.java:167)
	... 15 more
2019-09-05 17:44:41,369 [pool-47-thread-1] INFO  server.RaftServerConfigKeys (ConfUtils.java:logGet(43)) - raft.server.log.preallocated.size = 16384 (custom)
2019-09-05 17:44:41,368 [pool-67-thread-1] INFO  server.RaftServerConfigKeys (ConfUtils.java:logGet(43)) - raft.server.leader.election.timeout = 120s (custom)
2019-09-05 17:44:41,364 [pool-27-thread-1] INFO  server.RaftServerConfigKeys (ConfUtils.java:logGet(43)) - raft.server.leader.election.timeout = 120s (custom)
2019-09-05 17:44:41,373 [pool-67-thread-1] INFO  server.RaftServerConfigKeys (ConfUtils.java:logGet(43)) - raft.server.log.use.memory = false (default)
2019-09-05 17:44:41,373 [pool-27-thread-1] INFO  server.RaftServerConfigKeys (ConfUtils.java:logGet(43)) - raft.server.log.use.memory = false (default)
2019-09-05 17:44:41,373 [pool-67-thread-1] INFO  server.RaftServerConfigKeys (ConfUtils.java:logGet(43)) - raft.server.log.purge.gap = 1000000 (custom)
2019-09-05 17:44:41,373 [pool-47-thread-1] INFO  server.RaftServerConfigKeys (ConfUtils.java:logGet(43)) - raft.server.log.write.buffer.size = 33554432 (custom)
2019-09-05 17:44:41,374 [pool-67-thread-1] INFO  server.RaftServerConfigKeys (ConfUtils.java:logGet(43)) - raft.server.log.appender.buffer.byte-limit = 33554432 (custom)
2019-09-05 17:44:41,373 [pool-27-thread-1] INFO  server.RaftServerConfigKeys (ConfUtils.java:logGet(43)) - raft.server.log.purge.gap = 1000000 (custom)
2019-09-05 17:44:41,374 [pool-67-thread-1] INFO  server.RaftServerConfigKeys (ConfUtils.java:logGet(43)) - raft.server.log.segment.size.max = 1048576 (custom)
2019-09-05 17:44:41,374 [pool-27-thread-1] INFO  server.RaftServerConfigKeys (ConfUtils.java:logGet(43)) - raft.server.log.appender.buffer.byte-limit = 33554432 (custom)
2019-09-05 17:44:41,374 [pool-47-thread-1] INFO  server.RaftServerConfigKeys (ConfUtils.java:logGet(43)) - raft.server.log.force.sync.num = 128 (default)
2019-09-05 17:44:41,374 [pool-67-thread-1] INFO  server.RaftServerConfigKeys (ConfUtils.java:logGet(43)) - raft.server.log.segment.cache.num.max = 2 (custom)
2019-09-05 17:44:41,374 [pool-27-thread-1] INFO  server.RaftServerConfigKeys (ConfUtils.java:logGet(43)) - raft.server.log.segment.size.max = 1048576 (custom)
2019-09-05 17:44:41,375 [pool-67-thread-1] INFO  segmented.SegmentedRaftLogWorker (SegmentedRaftLogWorker.java:<init>(172)) - new b323f64f-746c-4c8f-9b63-de29d29eb9b9-SegmentedRaftLogWorker:Storage Directory /workdir/hadoop-ozone/integration-test/target/test-dir/MiniOzoneClusterImpl-e7761c2c-6268-40b2-9163-02537e17f130/datanode-4/data/ratis/9416bfbf-c309-42f1-8c91-92cbebe91fe9 for RaftStorage:Storage Directory /workdir/hadoop-ozone/integration-test/target/test-dir/MiniOzoneClusterImpl-e7761c2c-6268-40b2-9163-02537e17f130/datanode-4/data/ratis/9416bfbf-c309-42f1-8c91-92cbebe91fe9
2019-09-05 17:44:41,376 [main] INFO  rpc.RpcClient (RpcClient.java:createBucket(442)) - Creating Bucket: watchforcommithandlingtest/watchforcommithandlingtest, with Versioning false and Storage Type set to DISK and Encryption set to false 
2019-09-05 17:44:41,376 [pool-27-thread-1] INFO  server.RaftServerConfigKeys (ConfUtils.java:logGet(43)) - raft.server.log.segment.cache.num.max = 2 (custom)
2019-09-05 17:44:41,377 [pool-67-thread-1] INFO  server.RaftServerConfigKeys (ConfUtils.java:logGet(43)) - raft.server.log.queue.byte-limit = 2147483647 (custom)
2019-09-05 17:44:41,380 [pool-27-thread-1] INFO  segmented.SegmentedRaftLogWorker (SegmentedRaftLogWorker.java:<init>(172)) - new baa965d0-d7ca-4507-8405-0028ae870c0f-SegmentedRaftLogWorker:Storage Directory /workdir/hadoop-ozone/integration-test/target/test-dir/MiniOzoneClusterImpl-e7761c2c-6268-40b2-9163-02537e17f130/datanode-0/data/ratis/9416bfbf-c309-42f1-8c91-92cbebe91fe9 for RaftStorage:Storage Directory /workdir/hadoop-ozone/integration-test/target/test-dir/MiniOzoneClusterImpl-e7761c2c-6268-40b2-9163-02537e17f130/datanode-0/data/ratis/9416bfbf-c309-42f1-8c91-92cbebe91fe9
2019-09-05 17:44:41,380 [pool-67-thread-1] INFO  server.RaftServerConfigKeys (ConfUtils.java:logGet(43)) - raft.server.log.queue.element-limit = 1024 (custom)
2019-09-05 17:44:41,380 [pool-27-thread-1] INFO  server.RaftServerConfigKeys (ConfUtils.java:logGet(43)) - raft.server.log.queue.byte-limit = 2147483647 (custom)
2019-09-05 17:44:41,383 [pool-27-thread-1] INFO  server.RaftServerConfigKeys (ConfUtils.java:logGet(43)) - raft.server.log.queue.element-limit = 1024 (custom)
2019-09-05 17:44:41,383 [pool-67-thread-1] INFO  server.RaftServerConfigKeys (ConfUtils.java:logGet(43)) - raft.server.log.segment.size.max = 1048576 (custom)
2019-09-05 17:44:41,383 [pool-47-thread-1] INFO  server.RaftServerConfigKeys (ConfUtils.java:logGet(43)) - raft.server.log.statemachine.data.sync = true (default)
2019-09-05 17:44:41,383 [pool-67-thread-1] INFO  server.RaftServerConfigKeys (ConfUtils.java:logGet(43)) - raft.server.log.preallocated.size = 16384 (custom)
2019-09-05 17:44:41,383 [pool-27-thread-1] INFO  server.RaftServerConfigKeys (ConfUtils.java:logGet(43)) - raft.server.log.segment.size.max = 1048576 (custom)
2019-09-05 17:44:41,386 [pool-67-thread-1] INFO  server.RaftServerConfigKeys (ConfUtils.java:logGet(43)) - raft.server.log.write.buffer.size = 33554432 (custom)
2019-09-05 17:44:41,386 [pool-47-thread-1] INFO  server.RaftServerConfigKeys (ConfUtils.java:logGet(43)) - raft.server.log.statemachine.data.sync.timeout = 10s (default)
2019-09-05 17:44:41,387 [pool-67-thread-1] INFO  server.RaftServerConfigKeys (ConfUtils.java:logGet(43)) - raft.server.log.force.sync.num = 128 (default)
2019-09-05 17:44:41,386 [pool-27-thread-1] INFO  server.RaftServerConfigKeys (ConfUtils.java:logGet(43)) - raft.server.log.preallocated.size = 16384 (custom)
2019-09-05 17:44:41,389 [pool-67-thread-1] INFO  server.RaftServerConfigKeys (ConfUtils.java:logGet(43)) - raft.server.log.statemachine.data.sync = true (default)
2019-09-05 17:44:41,391 [pool-27-thread-1] INFO  server.RaftServerConfigKeys (ConfUtils.java:logGet(43)) - raft.server.log.write.buffer.size = 33554432 (custom)
2019-09-05 17:44:41,391 [pool-67-thread-1] INFO  server.RaftServerConfigKeys (ConfUtils.java:logGet(43)) - raft.server.log.statemachine.data.sync.timeout = 10s (default)
2019-09-05 17:44:41,391 [pool-47-thread-1] INFO  server.RaftServerConfigKeys (ConfUtils.java:logGet(43)) - raft.server.log.statemachine.data.sync.timeout.retry = -1 (default)
2019-09-05 17:44:41,391 [pool-27-thread-1] INFO  server.RaftServerConfigKeys (ConfUtils.java:logGet(43)) - raft.server.log.force.sync.num = 128 (default)
2019-09-05 17:44:41,391 [pool-67-thread-1] INFO  server.RaftServerConfigKeys (ConfUtils.java:logGet(43)) - raft.server.log.statemachine.data.sync.timeout.retry = -1 (default)
2019-09-05 17:44:41,392 [pool-27-thread-1] INFO  server.RaftServerConfigKeys (ConfUtils.java:logGet(43)) - raft.server.log.statemachine.data.sync = true (default)
2019-09-05 17:44:41,392 [pool-27-thread-1] INFO  server.RaftServerConfigKeys (ConfUtils.java:logGet(43)) - raft.server.log.statemachine.data.sync.timeout = 10s (default)
2019-09-05 17:44:41,392 [pool-27-thread-1] INFO  server.RaftServerConfigKeys (ConfUtils.java:logGet(43)) - raft.server.log.statemachine.data.sync.timeout.retry = -1 (default)
2019-09-05 17:44:41,400 [grpc-default-executor-1] INFO  impl.RaftServerProxy (RaftServerProxy.java:addNew(89)) - baa965d0-d7ca-4507-8405-0028ae870c0f: addNew group-F433FC98830C:[baa965d0-d7ca-4507-8405-0028ae870c0f:192.168.69.120:45325] returns group-F433FC98830C:java.util.concurrent.CompletableFuture@7c03aaf0[Not completed]
2019-09-05 17:44:41,411 [main] INFO  ozone.MiniOzoneClusterImpl (MiniOzoneClusterImpl.java:getStorageContainerLocationClient(227)) - Creating StorageContainerLocationProtocol RPC client with address /0.0.0.0:33189
2019-09-05 17:44:41,412 [main] INFO  impl.MetricsSystemImpl (MetricsSystemImpl.java:init(158)) - XceiverClientMetrics metrics system started (again)
2019-09-05 17:44:41,416 [pool-67-thread-1] INFO  server.RaftServerConfigKeys (ConfUtils.java:logGet(43)) - raft.server.log.statemachine.data.caching.enabled = true (custom)
2019-09-05 17:44:41,416 [pool-47-thread-1] INFO  server.RaftServerConfigKeys (ConfUtils.java:logGet(43)) - raft.server.log.statemachine.data.caching.enabled = true (custom)
2019-09-05 17:44:41,416 [pool-27-thread-1] INFO  server.RaftServerConfigKeys (ConfUtils.java:logGet(43)) - raft.server.log.statemachine.data.caching.enabled = true (custom)
2019-09-05 17:44:41,427 [pool-67-thread-1] INFO  segmented.SegmentedRaftLogWorker (SegmentedRaftLogWorker.java:lambda$new$0(132)) - b323f64f-746c-4c8f-9b63-de29d29eb9b9-SegmentedRaftLogWorker:Storage Directory /workdir/hadoop-ozone/integration-test/target/test-dir/MiniOzoneClusterImpl-e7761c2c-6268-40b2-9163-02537e17f130/datanode-4/data/ratis/9416bfbf-c309-42f1-8c91-92cbebe91fe9: flushIndex: setUnconditionally 0 -> -1
2019-09-05 17:44:41,427 [pool-47-thread-1] INFO  segmented.SegmentedRaftLogWorker (SegmentedRaftLogWorker.java:lambda$new$0(132)) - a707cb1f-a8f4-4ce4-9f34-5b67a6adaeb4-SegmentedRaftLogWorker:Storage Directory /workdir/hadoop-ozone/integration-test/target/test-dir/MiniOzoneClusterImpl-e7761c2c-6268-40b2-9163-02537e17f130/datanode-2/data/ratis/9416bfbf-c309-42f1-8c91-92cbebe91fe9: flushIndex: setUnconditionally 0 -> -1
2019-09-05 17:44:41,427 [pool-27-thread-1] INFO  segmented.SegmentedRaftLogWorker (SegmentedRaftLogWorker.java:lambda$new$0(132)) - baa965d0-d7ca-4507-8405-0028ae870c0f-SegmentedRaftLogWorker:Storage Directory /workdir/hadoop-ozone/integration-test/target/test-dir/MiniOzoneClusterImpl-e7761c2c-6268-40b2-9163-02537e17f130/datanode-0/data/ratis/9416bfbf-c309-42f1-8c91-92cbebe91fe9: flushIndex: setUnconditionally 0 -> -1
2019-09-05 17:44:41,435 [pool-27-thread-1] INFO  server.RaftServerConfigKeys (ConfUtils.java:logGet(43)) - raft.server.snapshot.auto.trigger.enabled = true (custom)
2019-09-05 17:44:41,435 [pool-47-thread-1] INFO  server.RaftServerConfigKeys (ConfUtils.java:logGet(43)) - raft.server.snapshot.auto.trigger.enabled = true (custom)
2019-09-05 17:44:41,435 [pool-67-thread-1] INFO  server.RaftServerConfigKeys (ConfUtils.java:logGet(43)) - raft.server.snapshot.auto.trigger.enabled = true (custom)
2019-09-05 17:44:41,438 [pool-27-thread-1] INFO  server.RaftServerConfigKeys (ConfUtils.java:logGet(43)) - raft.server.snapshot.auto.trigger.threshold = 10000 (custom)
2019-09-05 17:44:41,438 [pool-47-thread-1] INFO  server.RaftServerConfigKeys (ConfUtils.java:logGet(43)) - raft.server.snapshot.auto.trigger.threshold = 10000 (custom)
2019-09-05 17:44:41,438 [pool-67-thread-1] INFO  server.RaftServerConfigKeys (ConfUtils.java:logGet(43)) - raft.server.snapshot.auto.trigger.threshold = 10000 (custom)
2019-09-05 17:44:41,438 [pool-47-thread-1] INFO  server.RaftServerConfigKeys (ConfUtils.java:logGet(43)) - raft.server.retrycache.expirytime = 600000ms (custom)
2019-09-05 17:44:41,438 [pool-27-thread-1] INFO  server.RaftServerConfigKeys (ConfUtils.java:logGet(43)) - raft.server.retrycache.expirytime = 600000ms (custom)
2019-09-05 17:44:41,438 [pool-67-thread-1] INFO  server.RaftServerConfigKeys (ConfUtils.java:logGet(43)) - raft.server.retrycache.expirytime = 600000ms (custom)
2019-09-05 17:44:41,476 [pool-67-thread-1] INFO  impl.RaftServerImpl (RaftServerImpl.java:start(180)) - b323f64f-746c-4c8f-9b63-de29d29eb9b9: start group-92CBEBE91FE9
2019-09-05 17:44:41,476 [pool-47-thread-1] INFO  impl.RaftServerImpl (RaftServerImpl.java:start(180)) - a707cb1f-a8f4-4ce4-9f34-5b67a6adaeb4: start group-92CBEBE91FE9
2019-09-05 17:44:41,477 [pool-47-thread-1] INFO  impl.RaftServerImpl (RaftServerImpl.java:setRole(171)) - a707cb1f-a8f4-4ce4-9f34-5b67a6adaeb4:group-92CBEBE91FE9 changes role from null to FOLLOWER at term 0 for startAsFollower
2019-09-05 17:44:41,477 [pool-67-thread-1] INFO  impl.RaftServerImpl (RaftServerImpl.java:setRole(171)) - b323f64f-746c-4c8f-9b63-de29d29eb9b9:group-92CBEBE91FE9 changes role from null to FOLLOWER at term 0 for startAsFollower
2019-09-05 17:44:41,478 [pool-27-thread-1] INFO  impl.RaftServerImpl (RaftServerImpl.java:<init>(93)) - baa965d0-d7ca-4507-8405-0028ae870c0f: new RaftServerImpl for group-F433FC98830C:[baa965d0-d7ca-4507-8405-0028ae870c0f:192.168.69.120:45325] with ContainerStateMachine:uninitialized
2019-09-05 17:44:41,478 [pool-27-thread-1] INFO  server.RaftServerConfigKeys (ConfUtils.java:logGet(43)) - raft.server.rpc.timeout.min = 1s (custom)
2019-09-05 17:44:41,478 [pool-27-thread-1] INFO  server.RaftServerConfigKeys (ConfUtils.java:logGet(43)) - raft.server.rpc.timeout.max = 1200ms (custom)
2019-09-05 17:44:41,478 [pool-27-thread-1] INFO  server.RaftServerConfigKeys (ConfUtils.java:logGet(43)) - raft.server.rpcslowness.timeout = 120s (custom)
2019-09-05 17:44:41,478 [pool-27-thread-1] INFO  server.RaftServerConfigKeys (ConfUtils.java:logGet(43)) - raft.server.sleep.deviation.threshold = 300 (default)
2019-09-05 17:44:41,478 [pool-27-thread-1] INFO  server.RaftServerConfigKeys (ConfUtils.java:logGet(43)) - raft.server.log.appender.install.snapshot.enabled = false (custom)
2019-09-05 17:44:41,479 [pool-27-thread-1] INFO  impl.RaftServerImpl (ServerState.java:<init>(105)) - baa965d0-d7ca-4507-8405-0028ae870c0f:group-F433FC98830C ConfigurationManager, init=-1: [baa965d0-d7ca-4507-8405-0028ae870c0f:192.168.69.120:45325], old=null, confs=<EMPTY_MAP>
2019-09-05 17:44:41,479 [pool-67-thread-1] INFO  impl.RoleInfo (RoleInfo.java:updateAndGet(143)) - b323f64f-746c-4c8f-9b63-de29d29eb9b9: start FollowerState
2019-09-05 17:44:41,482 [pool-27-thread-1] INFO  server.RaftServerConfigKeys (ConfUtils.java:logGet(43)) - raft.server.storage.dir = [/workdir/hadoop-ozone/integration-test/target/test-dir/MiniOzoneClusterImpl-e7761c2c-6268-40b2-9163-02537e17f130/datanode-0/data/ratis] (custom)
2019-09-05 17:44:41,479 [pool-47-thread-1] INFO  impl.RoleInfo (RoleInfo.java:updateAndGet(143)) - a707cb1f-a8f4-4ce4-9f34-5b67a6adaeb4: start FollowerState
2019-09-05 17:44:41,482 [pool-27-thread-1] INFO  storage.RaftStorageDirectory (RaftStorageDirectory.java:analyzeStorage(246)) - The storage directory /workdir/hadoop-ozone/integration-test/target/test-dir/MiniOzoneClusterImpl-e7761c2c-6268-40b2-9163-02537e17f130/datanode-0/data/ratis/80a401cf-676c-475c-abfb-f433fc98830c does not exist. Creating ...
2019-09-05 17:44:41,498 [pool-47-thread-1] INFO  util.JmxRegister (JmxRegister.java:tryRegister(44)) - Successfully registered JMX Bean with object name Ratis:service=RaftServer,group=group-92CBEBE91FE9,id=a707cb1f-a8f4-4ce4-9f34-5b67a6adaeb4
2019-09-05 17:44:41,498 [pool-67-thread-1] INFO  util.JmxRegister (JmxRegister.java:tryRegister(44)) - Successfully registered JMX Bean with object name Ratis:service=RaftServer,group=group-92CBEBE91FE9,id=b323f64f-746c-4c8f-9b63-de29d29eb9b9
2019-09-05 17:44:42,619 [Thread-252] INFO  impl.FollowerState (FollowerState.java:run(106)) - b323f64f-746c-4c8f-9b63-de29d29eb9b9:group-92CBEBE91FE9 changes to CANDIDATE, lastRpcTime:1140, electionTimeout:1136ms
2019-09-05 17:44:42,619 [Thread-251] INFO  impl.FollowerState (FollowerState.java:run(106)) - a707cb1f-a8f4-4ce4-9f34-5b67a6adaeb4:group-92CBEBE91FE9 changes to CANDIDATE, lastRpcTime:1140, electionTimeout:1136ms
2019-09-05 17:44:42,622 [Thread-252] INFO  impl.RoleInfo (RoleInfo.java:shutdownFollowerState(121)) - b323f64f-746c-4c8f-9b63-de29d29eb9b9: shutdown FollowerState
2019-09-05 17:44:42,623 [Thread-251] INFO  impl.RoleInfo (RoleInfo.java:shutdownFollowerState(121)) - a707cb1f-a8f4-4ce4-9f34-5b67a6adaeb4: shutdown FollowerState
2019-09-05 17:44:42,623 [Thread-252] INFO  impl.RaftServerImpl (RaftServerImpl.java:setRole(171)) - b323f64f-746c-4c8f-9b63-de29d29eb9b9:group-92CBEBE91FE9 changes role from FOLLOWER to CANDIDATE at term 0 for changeToCandidate
2019-09-05 17:44:42,623 [Thread-251] INFO  impl.RaftServerImpl (RaftServerImpl.java:setRole(171)) - a707cb1f-a8f4-4ce4-9f34-5b67a6adaeb4:group-92CBEBE91FE9 changes role from FOLLOWER to CANDIDATE at term 0 for changeToCandidate
2019-09-05 17:44:42,625 [Thread-251] INFO  impl.RoleInfo (RoleInfo.java:updateAndGet(143)) - a707cb1f-a8f4-4ce4-9f34-5b67a6adaeb4: start LeaderElection
2019-09-05 17:44:42,625 [Thread-252] INFO  impl.RoleInfo (RoleInfo.java:updateAndGet(143)) - b323f64f-746c-4c8f-9b63-de29d29eb9b9: start LeaderElection
2019-09-05 17:44:43,449 [pool-27-thread-1] INFO  storage.RaftStorageDirectory (RaftStorageDirectory.java:tryLock(328)) - Lock on /workdir/hadoop-ozone/integration-test/target/test-dir/MiniOzoneClusterImpl-e7761c2c-6268-40b2-9163-02537e17f130/datanode-0/data/ratis/80a401cf-676c-475c-abfb-f433fc98830c/in_use.lock acquired by nodename 32023@pr-hdds-2007-scw2c-2724463716
2019-09-05 17:44:44,385 [RATISCREATEPIPELINE1] ERROR pipeline.RatisPipelineProvider (RatisPipelineProvider.java:lambda$null$5(236)) - Failed invoke Ratis rpc org.apache.hadoop.hdds.scm.pipeline.RatisPipelineProvider$$Lambda$221/1879280835@15441518 for baa965d0-d7ca-4507-8405-0028ae870c0f
org.apache.ratis.protocol.TimeoutIOException: deadline exceeded after 2998423124ns
	at org.apache.ratis.grpc.GrpcUtil.tryUnwrapException(GrpcUtil.java:82)
	at org.apache.ratis.grpc.GrpcUtil.unwrapException(GrpcUtil.java:75)
	at org.apache.ratis.grpc.client.GrpcClientProtocolClient.blockingCall(GrpcClientProtocolClient.java:169)
	at org.apache.ratis.grpc.client.GrpcClientProtocolClient.groupAdd(GrpcClientProtocolClient.java:138)
	at org.apache.ratis.grpc.client.GrpcClientRpc.sendRequest(GrpcClientRpc.java:94)
	at org.apache.ratis.client.impl.RaftClientImpl.sendRequest(RaftClientImpl.java:279)
	at org.apache.ratis.client.impl.RaftClientImpl.groupAdd(RaftClientImpl.java:206)
	at org.apache.hadoop.hdds.scm.pipeline.RatisPipelineProvider.lambda$initializePipeline$4(RatisPipelineProvider.java:195)
	at org.apache.hadoop.hdds.scm.pipeline.RatisPipelineProvider.lambda$null$5(RatisPipelineProvider.java:232)
	at java.util.stream.ForEachOps$ForEachOp$OfRef.accept(ForEachOps.java:184)
	at java.util.ArrayList$ArrayListSpliterator.forEachRemaining(ArrayList.java:1382)
	at java.util.stream.AbstractPipeline.copyInto(AbstractPipeline.java:482)
	at java.util.stream.ForEachOps$ForEachTask.compute(ForEachOps.java:291)
	at java.util.concurrent.CountedCompleter.exec(CountedCompleter.java:731)
	at java.util.concurrent.ForkJoinTask.doExec(ForkJoinTask.java:289)
	at java.util.concurrent.ForkJoinTask.doInvoke(ForkJoinTask.java:401)
	at java.util.concurrent.ForkJoinTask.invoke(ForkJoinTask.java:734)
	at java.util.stream.ForEachOps$ForEachOp.evaluateParallel(ForEachOps.java:160)
	at java.util.stream.ForEachOps$ForEachOp$OfRef.evaluateParallel(ForEachOps.java:174)
	at java.util.stream.AbstractPipeline.evaluate(AbstractPipeline.java:233)
	at java.util.stream.ReferencePipeline.forEach(ReferencePipeline.java:418)
	at java.util.stream.ReferencePipeline$Head.forEach(ReferencePipeline.java:583)
	at org.apache.hadoop.hdds.scm.pipeline.RatisPipelineProvider.lambda$callRatisRpc$6(RatisPipelineProvider.java:226)
	at java.util.concurrent.ForkJoinTask$AdaptedRunnableAction.exec(ForkJoinTask.java:1386)
	at java.util.concurrent.ForkJoinTask.doExec(ForkJoinTask.java:289)
	at java.util.concurrent.ForkJoinPool$WorkQueue.runTask(ForkJoinPool.java:1056)
	at java.util.concurrent.ForkJoinPool.runWorker(ForkJoinPool.java:1692)
	at java.util.concurrent.ForkJoinWorkerThread.run(ForkJoinWorkerThread.java:157)
Caused by: org.apache.ratis.thirdparty.io.grpc.StatusRuntimeException: DEADLINE_EXCEEDED: deadline exceeded after 2998423124ns
	at org.apache.ratis.thirdparty.io.grpc.stub.ClientCalls.toStatusRuntimeException(ClientCalls.java:233)
	at org.apache.ratis.thirdparty.io.grpc.stub.ClientCalls.getUnchecked(ClientCalls.java:214)
	at org.apache.ratis.thirdparty.io.grpc.stub.ClientCalls.blockingUnaryCall(ClientCalls.java:139)
	at org.apache.ratis.proto.grpc.AdminProtocolServiceGrpc$AdminProtocolServiceBlockingStub.groupManagement(AdminProtocolServiceGrpc.java:274)
	at org.apache.ratis.grpc.client.GrpcClientProtocolClient.lambda$groupAdd$3(GrpcClientProtocolClient.java:140)
	at org.apache.ratis.grpc.client.GrpcClientProtocolClient.blockingCall(GrpcClientProtocolClient.java:167)
	... 25 more
2019-09-05 17:44:44,425 [grpc-default-executor-1] INFO  impl.RaftServerProxy (RaftServerProxy.java:addNew(89)) - b323f64f-746c-4c8f-9b63-de29d29eb9b9: addNew group-35E1D3AD18B2:[baa965d0-d7ca-4507-8405-0028ae870c0f:192.168.69.120:45325, b323f64f-746c-4c8f-9b63-de29d29eb9b9:192.168.69.120:33379, a707cb1f-a8f4-4ce4-9f34-5b67a6adaeb4:192.168.69.120:40572] returns group-35E1D3AD18B2:java.util.concurrent.CompletableFuture@534abd4f[Not completed]
2019-09-05 17:44:44,425 [grpc-default-executor-3] INFO  impl.RaftServerProxy (RaftServerProxy.java:addNew(89)) - a707cb1f-a8f4-4ce4-9f34-5b67a6adaeb4: addNew group-35E1D3AD18B2:[baa965d0-d7ca-4507-8405-0028ae870c0f:192.168.69.120:45325, b323f64f-746c-4c8f-9b63-de29d29eb9b9:192.168.69.120:33379, a707cb1f-a8f4-4ce4-9f34-5b67a6adaeb4:192.168.69.120:40572] returns group-35E1D3AD18B2:java.util.concurrent.CompletableFuture@25f2cb23[Not completed]
2019-09-05 17:44:44,429 [grpc-default-executor-1] INFO  impl.RaftServerProxy (RaftServerProxy.java:addNew(89)) - baa965d0-d7ca-4507-8405-0028ae870c0f: addNew group-35E1D3AD18B2:[baa965d0-d7ca-4507-8405-0028ae870c0f:192.168.69.120:45325, b323f64f-746c-4c8f-9b63-de29d29eb9b9:192.168.69.120:33379, a707cb1f-a8f4-4ce4-9f34-5b67a6adaeb4:192.168.69.120:40572] returns group-35E1D3AD18B2:java.util.concurrent.CompletableFuture@327fd9fc[Not completed]
2019-09-05 17:44:44,430 [pool-67-thread-1] INFO  impl.RaftServerImpl (RaftServerImpl.java:<init>(93)) - b323f64f-746c-4c8f-9b63-de29d29eb9b9: new RaftServerImpl for group-35E1D3AD18B2:[baa965d0-d7ca-4507-8405-0028ae870c0f:192.168.69.120:45325, b323f64f-746c-4c8f-9b63-de29d29eb9b9:192.168.69.120:33379, a707cb1f-a8f4-4ce4-9f34-5b67a6adaeb4:192.168.69.120:40572] with ContainerStateMachine:uninitialized
2019-09-05 17:44:44,430 [pool-67-thread-1] INFO  server.RaftServerConfigKeys (ConfUtils.java:logGet(43)) - raft.server.rpc.timeout.min = 1s (custom)
2019-09-05 17:44:44,431 [pool-67-thread-1] INFO  server.RaftServerConfigKeys (ConfUtils.java:logGet(43)) - raft.server.rpc.timeout.max = 1200ms (custom)
2019-09-05 17:44:44,431 [pool-67-thread-1] INFO  server.RaftServerConfigKeys (ConfUtils.java:logGet(43)) - raft.server.rpcslowness.timeout = 120s (custom)
2019-09-05 17:44:44,431 [pool-67-thread-1] INFO  server.RaftServerConfigKeys (ConfUtils.java:logGet(43)) - raft.server.sleep.deviation.threshold = 300 (default)
2019-09-05 17:44:44,431 [pool-67-thread-1] INFO  server.RaftServerConfigKeys (ConfUtils.java:logGet(43)) - raft.server.log.appender.install.snapshot.enabled = false (custom)
2019-09-05 17:44:44,431 [pool-67-thread-1] INFO  impl.RaftServerImpl (ServerState.java:<init>(105)) - b323f64f-746c-4c8f-9b63-de29d29eb9b9:group-35E1D3AD18B2 ConfigurationManager, init=-1: [baa965d0-d7ca-4507-8405-0028ae870c0f:192.168.69.120:45325, b323f64f-746c-4c8f-9b63-de29d29eb9b9:192.168.69.120:33379, a707cb1f-a8f4-4ce4-9f34-5b67a6adaeb4:192.168.69.120:40572], old=null, confs=<EMPTY_MAP>
2019-09-05 17:44:44,431 [pool-47-thread-1] INFO  impl.RaftServerImpl (RaftServerImpl.java:<init>(93)) - a707cb1f-a8f4-4ce4-9f34-5b67a6adaeb4: new RaftServerImpl for group-35E1D3AD18B2:[baa965d0-d7ca-4507-8405-0028ae870c0f:192.168.69.120:45325, b323f64f-746c-4c8f-9b63-de29d29eb9b9:192.168.69.120:33379, a707cb1f-a8f4-4ce4-9f34-5b67a6adaeb4:192.168.69.120:40572] with ContainerStateMachine:uninitialized
2019-09-05 17:44:44,431 [pool-67-thread-1] INFO  server.RaftServerConfigKeys (ConfUtils.java:logGet(43)) - raft.server.storage.dir = [/workdir/hadoop-ozone/integration-test/target/test-dir/MiniOzoneClusterImpl-e7761c2c-6268-40b2-9163-02537e17f130/datanode-4/data/ratis] (custom)
2019-09-05 17:44:44,431 [pool-47-thread-1] INFO  server.RaftServerConfigKeys (ConfUtils.java:logGet(43)) - raft.server.rpc.timeout.min = 1s (custom)
2019-09-05 17:44:44,431 [pool-47-thread-1] INFO  server.RaftServerConfigKeys (ConfUtils.java:logGet(43)) - raft.server.rpc.timeout.max = 1200ms (custom)
2019-09-05 17:44:44,432 [pool-67-thread-1] INFO  storage.RaftStorageDirectory (RaftStorageDirectory.java:analyzeStorage(246)) - The storage directory /workdir/hadoop-ozone/integration-test/target/test-dir/MiniOzoneClusterImpl-e7761c2c-6268-40b2-9163-02537e17f130/datanode-4/data/ratis/161d777d-c07f-4e89-9ba3-35e1d3ad18b2 does not exist. Creating ...
2019-09-05 17:44:44,432 [pool-47-thread-1] INFO  server.RaftServerConfigKeys (ConfUtils.java:logGet(43)) - raft.server.rpcslowness.timeout = 120s (custom)
2019-09-05 17:44:44,432 [pool-47-thread-1] INFO  server.RaftServerConfigKeys (ConfUtils.java:logGet(43)) - raft.server.sleep.deviation.threshold = 300 (default)
2019-09-05 17:44:44,432 [pool-47-thread-1] INFO  server.RaftServerConfigKeys (ConfUtils.java:logGet(43)) - raft.server.log.appender.install.snapshot.enabled = false (custom)
2019-09-05 17:44:44,432 [pool-47-thread-1] INFO  impl.RaftServerImpl (ServerState.java:<init>(105)) - a707cb1f-a8f4-4ce4-9f34-5b67a6adaeb4:group-35E1D3AD18B2 ConfigurationManager, init=-1: [baa965d0-d7ca-4507-8405-0028ae870c0f:192.168.69.120:45325, b323f64f-746c-4c8f-9b63-de29d29eb9b9:192.168.69.120:33379, a707cb1f-a8f4-4ce4-9f34-5b67a6adaeb4:192.168.69.120:40572], old=null, confs=<EMPTY_MAP>
2019-09-05 17:44:44,432 [pool-47-thread-1] INFO  server.RaftServerConfigKeys (ConfUtils.java:logGet(43)) - raft.server.storage.dir = [/workdir/hadoop-ozone/integration-test/target/test-dir/MiniOzoneClusterImpl-e7761c2c-6268-40b2-9163-02537e17f130/datanode-2/data/ratis] (custom)
2019-09-05 17:44:44,432 [pool-47-thread-1] INFO  storage.RaftStorageDirectory (RaftStorageDirectory.java:analyzeStorage(246)) - The storage directory /workdir/hadoop-ozone/integration-test/target/test-dir/MiniOzoneClusterImpl-e7761c2c-6268-40b2-9163-02537e17f130/datanode-2/data/ratis/161d777d-c07f-4e89-9ba3-35e1d3ad18b2 does not exist. Creating ...
2019-09-05 17:44:47,253 [a707cb1f-a8f4-4ce4-9f34-5b67a6adaeb4:group-92CBEBE91FE9:LeaderElection2] INFO  impl.LeaderElection (LeaderElection.java:askForVotes(181)) - a707cb1f-a8f4-4ce4-9f34-5b67a6adaeb4:group-92CBEBE91FE9:LeaderElection2: begin an election at term 1 for -1: [baa965d0-d7ca-4507-8405-0028ae870c0f:192.168.69.120:45325, b323f64f-746c-4c8f-9b63-de29d29eb9b9:192.168.69.120:33379, a707cb1f-a8f4-4ce4-9f34-5b67a6adaeb4:192.168.69.120:40572], old=null
2019-09-05 17:44:47,253 [b323f64f-746c-4c8f-9b63-de29d29eb9b9:group-92CBEBE91FE9:LeaderElection1] INFO  impl.LeaderElection (LeaderElection.java:askForVotes(181)) - b323f64f-746c-4c8f-9b63-de29d29eb9b9:group-92CBEBE91FE9:LeaderElection1: begin an election at term 1 for -1: [baa965d0-d7ca-4507-8405-0028ae870c0f:192.168.69.120:45325, b323f64f-746c-4c8f-9b63-de29d29eb9b9:192.168.69.120:33379, a707cb1f-a8f4-4ce4-9f34-5b67a6adaeb4:192.168.69.120:40572], old=null
2019-09-05 17:44:47,313 [grpc-default-executor-0] WARN  server.GrpcServerProtocolService (LogUtils.java:warn(134)) - baa965d0-d7ca-4507-8405-0028ae870c0f: Failed requestVote b323f64f-746c-4c8f-9b63-de29d29eb9b9->baa965d0-d7ca-4507-8405-0028ae870c0f#0: org.apache.ratis.protocol.ServerNotReadyException: Server baa965d0-d7ca-4507-8405-0028ae870c0f is not [RUNNING]: current state is NEW
2019-09-05 17:44:47,313 [grpc-default-executor-3] WARN  server.GrpcServerProtocolService (LogUtils.java:warn(134)) - baa965d0-d7ca-4507-8405-0028ae870c0f: Failed requestVote a707cb1f-a8f4-4ce4-9f34-5b67a6adaeb4->baa965d0-d7ca-4507-8405-0028ae870c0f#0: org.apache.ratis.protocol.ServerNotReadyException: Server baa965d0-d7ca-4507-8405-0028ae870c0f is not [RUNNING]: current state is NEW
2019-09-05 17:44:47,365 [a707cb1f-a8f4-4ce4-9f34-5b67a6adaeb4:group-92CBEBE91FE9:LeaderElection2] INFO  impl.LeaderElection (LogUtils.java:infoOrTrace(149)) - a707cb1f-a8f4-4ce4-9f34-5b67a6adaeb4:group-92CBEBE91FE9:LeaderElection2 got exception when requesting votes: {}
java.util.concurrent.ExecutionException: org.apache.ratis.thirdparty.io.grpc.StatusRuntimeException: INTERNAL: Server baa965d0-d7ca-4507-8405-0028ae870c0f is not [RUNNING]: current state is NEW
	at java.util.concurrent.FutureTask.report(FutureTask.java:122)
	at java.util.concurrent.FutureTask.get(FutureTask.java:192)
	at org.apache.ratis.server.impl.LeaderElection.waitForResults(LeaderElection.java:262)
	at org.apache.ratis.server.impl.LeaderElection.askForVotes(LeaderElection.java:200)
	at org.apache.ratis.server.impl.LeaderElection.run(LeaderElection.java:130)
	at java.lang.Thread.run(Thread.java:748)
Caused by: org.apache.ratis.thirdparty.io.grpc.StatusRuntimeException: INTERNAL: Server baa965d0-d7ca-4507-8405-0028ae870c0f is not [RUNNING]: current state is NEW
	at org.apache.ratis.thirdparty.io.grpc.stub.ClientCalls.toStatusRuntimeException(ClientCalls.java:233)
	at org.apache.ratis.thirdparty.io.grpc.stub.ClientCalls.getUnchecked(ClientCalls.java:214)
	at org.apache.ratis.thirdparty.io.grpc.stub.ClientCalls.blockingUnaryCall(ClientCalls.java:139)
	at org.apache.ratis.proto.grpc.RaftServerProtocolServiceGrpc$RaftServerProtocolServiceBlockingStub.requestVote(RaftServerProtocolServiceGrpc.java:265)
	at org.apache.ratis.grpc.server.GrpcServerProtocolClient.requestVote(GrpcServerProtocolClient.java:83)
	at org.apache.ratis.grpc.server.GrpcService.requestVote(GrpcService.java:195)
	at org.apache.ratis.server.impl.LeaderElection.lambda$submitRequests$1(LeaderElection.java:237)
	at java.util.concurrent.FutureTask.run(FutureTask.java:266)
	at java.util.concurrent.Executors$RunnableAdapter.call(Executors.java:511)
	at java.util.concurrent.FutureTask.run(FutureTask.java:266)
	at java.util.concurrent.ThreadPoolExecutor.runWorker(ThreadPoolExecutor.java:1149)
	at java.util.concurrent.ThreadPoolExecutor$Worker.run(ThreadPoolExecutor.java:624)
	... 1 more
2019-09-05 17:44:47,365 [b323f64f-746c-4c8f-9b63-de29d29eb9b9:group-92CBEBE91FE9:LeaderElection1] INFO  impl.LeaderElection (LogUtils.java:infoOrTrace(149)) - b323f64f-746c-4c8f-9b63-de29d29eb9b9:group-92CBEBE91FE9:LeaderElection1 got exception when requesting votes: {}
java.util.concurrent.ExecutionException: org.apache.ratis.thirdparty.io.grpc.StatusRuntimeException: INTERNAL: Server baa965d0-d7ca-4507-8405-0028ae870c0f is not [RUNNING]: current state is NEW
	at java.util.concurrent.FutureTask.report(FutureTask.java:122)
	at java.util.concurrent.FutureTask.get(FutureTask.java:192)
	at org.apache.ratis.server.impl.LeaderElection.waitForResults(LeaderElection.java:262)
	at org.apache.ratis.server.impl.LeaderElection.askForVotes(LeaderElection.java:200)
	at org.apache.ratis.server.impl.LeaderElection.run(LeaderElection.java:130)
	at java.lang.Thread.run(Thread.java:748)
Caused by: org.apache.ratis.thirdparty.io.grpc.StatusRuntimeException: INTERNAL: Server baa965d0-d7ca-4507-8405-0028ae870c0f is not [RUNNING]: current state is NEW
	at org.apache.ratis.thirdparty.io.grpc.stub.ClientCalls.toStatusRuntimeException(ClientCalls.java:233)
	at org.apache.ratis.thirdparty.io.grpc.stub.ClientCalls.getUnchecked(ClientCalls.java:214)
	at org.apache.ratis.thirdparty.io.grpc.stub.ClientCalls.blockingUnaryCall(ClientCalls.java:139)
	at org.apache.ratis.proto.grpc.RaftServerProtocolServiceGrpc$RaftServerProtocolServiceBlockingStub.requestVote(RaftServerProtocolServiceGrpc.java:265)
	at org.apache.ratis.grpc.server.GrpcServerProtocolClient.requestVote(GrpcServerProtocolClient.java:83)
	at org.apache.ratis.grpc.server.GrpcService.requestVote(GrpcService.java:195)
	at org.apache.ratis.server.impl.LeaderElection.lambda$submitRequests$1(LeaderElection.java:237)
	at java.util.concurrent.FutureTask.run(FutureTask.java:266)
	at java.util.concurrent.Executors$RunnableAdapter.call(Executors.java:511)
	at java.util.concurrent.FutureTask.run(FutureTask.java:266)
	at java.util.concurrent.ThreadPoolExecutor.runWorker(ThreadPoolExecutor.java:1149)
	at java.util.concurrent.ThreadPoolExecutor$Worker.run(ThreadPoolExecutor.java:624)
	... 1 more
2019-09-05 17:44:47,372 [b323f64f-746c-4c8f-9b63-de29d29eb9b9:group-92CBEBE91FE9:LeaderElection1] INFO  impl.LeaderElection (LeaderElection.java:logAndReturn(56)) - b323f64f-746c-4c8f-9b63-de29d29eb9b9:group-92CBEBE91FE9:LeaderElection1: Election REJECTED; received 1 response(s) [b323f64f-746c-4c8f-9b63-de29d29eb9b9<-a707cb1f-a8f4-4ce4-9f34-5b67a6adaeb4#0:FAIL-t1] and 1 exception(s); b323f64f-746c-4c8f-9b63-de29d29eb9b9:t1, leader=null, voted=b323f64f-746c-4c8f-9b63-de29d29eb9b9, raftlog=b323f64f-746c-4c8f-9b63-de29d29eb9b9-SegmentedRaftLog:OPENED:c-1,f-1,i0, conf=-1: [baa965d0-d7ca-4507-8405-0028ae870c0f:192.168.69.120:45325, b323f64f-746c-4c8f-9b63-de29d29eb9b9:192.168.69.120:33379, a707cb1f-a8f4-4ce4-9f34-5b67a6adaeb4:192.168.69.120:40572], old=null
2019-09-05 17:44:47,372 [a707cb1f-a8f4-4ce4-9f34-5b67a6adaeb4:group-92CBEBE91FE9:LeaderElection2] INFO  impl.LeaderElection (LeaderElection.java:logAndReturn(56)) - a707cb1f-a8f4-4ce4-9f34-5b67a6adaeb4:group-92CBEBE91FE9:LeaderElection2: Election REJECTED; received 1 response(s) [a707cb1f-a8f4-4ce4-9f34-5b67a6adaeb4<-b323f64f-746c-4c8f-9b63-de29d29eb9b9#0:FAIL-t1] and 1 exception(s); a707cb1f-a8f4-4ce4-9f34-5b67a6adaeb4:t1, leader=null, voted=a707cb1f-a8f4-4ce4-9f34-5b67a6adaeb4, raftlog=a707cb1f-a8f4-4ce4-9f34-5b67a6adaeb4-SegmentedRaftLog:OPENED:c-1,f-1,i0, conf=-1: [baa965d0-d7ca-4507-8405-0028ae870c0f:192.168.69.120:45325, b323f64f-746c-4c8f-9b63-de29d29eb9b9:192.168.69.120:33379, a707cb1f-a8f4-4ce4-9f34-5b67a6adaeb4:192.168.69.120:40572], old=null
2019-09-05 17:44:47,373 [b323f64f-746c-4c8f-9b63-de29d29eb9b9:group-92CBEBE91FE9:LeaderElection1] INFO  impl.LeaderElection (LogUtils.java:infoOrTrace(149)) -   Exception 0: {}
java.util.concurrent.ExecutionException: org.apache.ratis.thirdparty.io.grpc.StatusRuntimeException: INTERNAL: Server baa965d0-d7ca-4507-8405-0028ae870c0f is not [RUNNING]: current state is NEW
	at java.util.concurrent.FutureTask.report(FutureTask.java:122)
	at java.util.concurrent.FutureTask.get(FutureTask.java:192)
	at org.apache.ratis.server.impl.LeaderElection.waitForResults(LeaderElection.java:262)
	at org.apache.ratis.server.impl.LeaderElection.askForVotes(LeaderElection.java:200)
	at org.apache.ratis.server.impl.LeaderElection.run(LeaderElection.java:130)
	at java.lang.Thread.run(Thread.java:748)
Caused by: org.apache.ratis.thirdparty.io.grpc.StatusRuntimeException: INTERNAL: Server baa965d0-d7ca-4507-8405-0028ae870c0f is not [RUNNING]: current state is NEW
	at org.apache.ratis.thirdparty.io.grpc.stub.ClientCalls.toStatusRuntimeException(ClientCalls.java:233)
	at org.apache.ratis.thirdparty.io.grpc.stub.ClientCalls.getUnchecked(ClientCalls.java:214)
	at org.apache.ratis.thirdparty.io.grpc.stub.ClientCalls.blockingUnaryCall(ClientCalls.java:139)
	at org.apache.ratis.proto.grpc.RaftServerProtocolServiceGrpc$RaftServerProtocolServiceBlockingStub.requestVote(RaftServerProtocolServiceGrpc.java:265)
	at org.apache.ratis.grpc.server.GrpcServerProtocolClient.requestVote(GrpcServerProtocolClient.java:83)
	at org.apache.ratis.grpc.server.GrpcService.requestVote(GrpcService.java:195)
	at org.apache.ratis.server.impl.LeaderElection.lambda$submitRequests$1(LeaderElection.java:237)
	at java.util.concurrent.FutureTask.run(FutureTask.java:266)
	at java.util.concurrent.Executors$RunnableAdapter.call(Executors.java:511)
	at java.util.concurrent.FutureTask.run(FutureTask.java:266)
	at java.util.concurrent.ThreadPoolExecutor.runWorker(ThreadPoolExecutor.java:1149)
	at java.util.concurrent.ThreadPoolExecutor$Worker.run(ThreadPoolExecutor.java:624)
	... 1 more
2019-09-05 17:44:47,373 [a707cb1f-a8f4-4ce4-9f34-5b67a6adaeb4:group-92CBEBE91FE9:LeaderElection2] INFO  impl.LeaderElection (LogUtils.java:infoOrTrace(149)) -   Exception 0: {}
java.util.concurrent.ExecutionException: org.apache.ratis.thirdparty.io.grpc.StatusRuntimeException: INTERNAL: Server baa965d0-d7ca-4507-8405-0028ae870c0f is not [RUNNING]: current state is NEW
	at java.util.concurrent.FutureTask.report(FutureTask.java:122)
	at java.util.concurrent.FutureTask.get(FutureTask.java:192)
	at org.apache.ratis.server.impl.LeaderElection.waitForResults(LeaderElection.java:262)
	at org.apache.ratis.server.impl.LeaderElection.askForVotes(LeaderElection.java:200)
	at org.apache.ratis.server.impl.LeaderElection.run(LeaderElection.java:130)
	at java.lang.Thread.run(Thread.java:748)
Caused by: org.apache.ratis.thirdparty.io.grpc.StatusRuntimeException: INTERNAL: Server baa965d0-d7ca-4507-8405-0028ae870c0f is not [RUNNING]: current state is NEW
	at org.apache.ratis.thirdparty.io.grpc.stub.ClientCalls.toStatusRuntimeException(ClientCalls.java:233)
	at org.apache.ratis.thirdparty.io.grpc.stub.ClientCalls.getUnchecked(ClientCalls.java:214)
	at org.apache.ratis.thirdparty.io.grpc.stub.ClientCalls.blockingUnaryCall(ClientCalls.java:139)
	at org.apache.ratis.proto.grpc.RaftServerProtocolServiceGrpc$RaftServerProtocolServiceBlockingStub.requestVote(RaftServerProtocolServiceGrpc.java:265)
	at org.apache.ratis.grpc.server.GrpcServerProtocolClient.requestVote(GrpcServerProtocolClient.java:83)
	at org.apache.ratis.grpc.server.GrpcService.requestVote(GrpcService.java:195)
	at org.apache.ratis.server.impl.LeaderElection.lambda$submitRequests$1(LeaderElection.java:237)
	at java.util.concurrent.FutureTask.run(FutureTask.java:266)
	at java.util.concurrent.Executors$RunnableAdapter.call(Executors.java:511)
	at java.util.concurrent.FutureTask.run(FutureTask.java:266)
	at java.util.concurrent.ThreadPoolExecutor.runWorker(ThreadPoolExecutor.java:1149)
	at java.util.concurrent.ThreadPoolExecutor$Worker.run(ThreadPoolExecutor.java:624)
	... 1 more
2019-09-05 17:44:47,381 [b323f64f-746c-4c8f-9b63-de29d29eb9b9:group-92CBEBE91FE9:LeaderElection1] INFO  impl.RaftServerImpl (RaftServerImpl.java:setRole(171)) - b323f64f-746c-4c8f-9b63-de29d29eb9b9:group-92CBEBE91FE9 changes role from CANDIDATE to FOLLOWER at term 1 for DISCOVERED_A_NEW_TERM
2019-09-05 17:44:47,381 [a707cb1f-a8f4-4ce4-9f34-5b67a6adaeb4:group-92CBEBE91FE9:LeaderElection2] INFO  impl.RaftServerImpl (RaftServerImpl.java:setRole(171)) - a707cb1f-a8f4-4ce4-9f34-5b67a6adaeb4:group-92CBEBE91FE9 changes role from CANDIDATE to FOLLOWER at term 1 for DISCOVERED_A_NEW_TERM
2019-09-05 17:44:47,381 [b323f64f-746c-4c8f-9b63-de29d29eb9b9:group-92CBEBE91FE9:LeaderElection1] INFO  impl.RoleInfo (RoleInfo.java:shutdownLeaderElection(134)) - b323f64f-746c-4c8f-9b63-de29d29eb9b9: shutdown LeaderElection
2019-09-05 17:44:47,381 [a707cb1f-a8f4-4ce4-9f34-5b67a6adaeb4:group-92CBEBE91FE9:LeaderElection2] INFO  impl.RoleInfo (RoleInfo.java:shutdownLeaderElection(134)) - a707cb1f-a8f4-4ce4-9f34-5b67a6adaeb4: shutdown LeaderElection
2019-09-05 17:44:47,382 [b323f64f-746c-4c8f-9b63-de29d29eb9b9:group-92CBEBE91FE9:LeaderElection1] INFO  impl.RoleInfo (RoleInfo.java:updateAndGet(143)) - b323f64f-746c-4c8f-9b63-de29d29eb9b9: start FollowerState
2019-09-05 17:44:47,382 [a707cb1f-a8f4-4ce4-9f34-5b67a6adaeb4:group-92CBEBE91FE9:LeaderElection2] INFO  impl.RoleInfo (RoleInfo.java:updateAndGet(143)) - a707cb1f-a8f4-4ce4-9f34-5b67a6adaeb4: start FollowerState
2019-09-05 17:44:47,399 [RATISCREATEPIPELINE2] ERROR pipeline.RatisPipelineProvider (RatisPipelineProvider.java:lambda$null$5(236)) - Failed invoke Ratis rpc org.apache.hadoop.hdds.scm.pipeline.RatisPipelineProvider$$Lambda$221/1879280835@489c010d for baa965d0-d7ca-4507-8405-0028ae870c0f
org.apache.ratis.protocol.TimeoutIOException: deadline exceeded after 2998417568ns
	at org.apache.ratis.grpc.GrpcUtil.tryUnwrapException(GrpcUtil.java:82)
	at org.apache.ratis.grpc.GrpcUtil.unwrapException(GrpcUtil.java:75)
	at org.apache.ratis.grpc.client.GrpcClientProtocolClient.blockingCall(GrpcClientProtocolClient.java:169)
	at org.apache.ratis.grpc.client.GrpcClientProtocolClient.groupAdd(GrpcClientProtocolClient.java:138)
	at org.apache.ratis.grpc.client.GrpcClientRpc.sendRequest(GrpcClientRpc.java:94)
	at org.apache.ratis.client.impl.RaftClientImpl.sendRequest(RaftClientImpl.java:279)
	at org.apache.ratis.client.impl.RaftClientImpl.groupAdd(RaftClientImpl.java:206)
	at org.apache.hadoop.hdds.scm.pipeline.RatisPipelineProvider.lambda$initializePipeline$4(RatisPipelineProvider.java:195)
	at org.apache.hadoop.hdds.scm.pipeline.RatisPipelineProvider.lambda$null$5(RatisPipelineProvider.java:232)
	at java.util.stream.ForEachOps$ForEachOp$OfRef.accept(ForEachOps.java:184)
	at java.util.ArrayList$ArrayListSpliterator.forEachRemaining(ArrayList.java:1382)
	at java.util.stream.AbstractPipeline.copyInto(AbstractPipeline.java:482)
	at java.util.stream.ForEachOps$ForEachTask.compute(ForEachOps.java:291)
	at java.util.concurrent.CountedCompleter.exec(CountedCompleter.java:731)
	at java.util.concurrent.ForkJoinTask.doExec(ForkJoinTask.java:289)
	at java.util.concurrent.ForkJoinPool$WorkQueue.runTask(ForkJoinPool.java:1056)
	at java.util.concurrent.ForkJoinPool.runWorker(ForkJoinPool.java:1692)
	at java.util.concurrent.ForkJoinWorkerThread.run(ForkJoinWorkerThread.java:157)
Caused by: org.apache.ratis.thirdparty.io.grpc.StatusRuntimeException: DEADLINE_EXCEEDED: deadline exceeded after 2998417568ns
	at org.apache.ratis.thirdparty.io.grpc.stub.ClientCalls.toStatusRuntimeException(ClientCalls.java:233)
	at org.apache.ratis.thirdparty.io.grpc.stub.ClientCalls.getUnchecked(ClientCalls.java:214)
	at org.apache.ratis.thirdparty.io.grpc.stub.ClientCalls.blockingUnaryCall(ClientCalls.java:139)
	at org.apache.ratis.proto.grpc.AdminProtocolServiceGrpc$AdminProtocolServiceBlockingStub.groupManagement(AdminProtocolServiceGrpc.java:274)
	at org.apache.ratis.grpc.client.GrpcClientProtocolClient.lambda$groupAdd$3(GrpcClientProtocolClient.java:140)
	at org.apache.ratis.grpc.client.GrpcClientProtocolClient.blockingCall(GrpcClientProtocolClient.java:167)
	... 15 more
2019-09-05 17:44:47,399 [RATISCREATEPIPELINE1] ERROR pipeline.RatisPipelineProvider (RatisPipelineProvider.java:lambda$null$5(236)) - Failed invoke Ratis rpc org.apache.hadoop.hdds.scm.pipeline.RatisPipelineProvider$$Lambda$221/1879280835@489c010d for a707cb1f-a8f4-4ce4-9f34-5b67a6adaeb4
org.apache.ratis.protocol.TimeoutIOException: deadline exceeded after 2999771193ns
	at org.apache.ratis.grpc.GrpcUtil.tryUnwrapException(GrpcUtil.java:82)
	at org.apache.ratis.grpc.GrpcUtil.unwrapException(GrpcUtil.java:75)
	at org.apache.ratis.grpc.client.GrpcClientProtocolClient.blockingCall(GrpcClientProtocolClient.java:169)
	at org.apache.ratis.grpc.client.GrpcClientProtocolClient.groupAdd(GrpcClientProtocolClient.java:138)
	at org.apache.ratis.grpc.client.GrpcClientRpc.sendRequest(GrpcClientRpc.java:94)
	at org.apache.ratis.client.impl.RaftClientImpl.sendRequest(RaftClientImpl.java:279)
	at org.apache.ratis.client.impl.RaftClientImpl.groupAdd(RaftClientImpl.java:206)
	at org.apache.hadoop.hdds.scm.pipeline.RatisPipelineProvider.lambda$initializePipeline$4(RatisPipelineProvider.java:195)
	at org.apache.hadoop.hdds.scm.pipeline.RatisPipelineProvider.lambda$null$5(RatisPipelineProvider.java:232)
	at java.util.stream.ForEachOps$ForEachOp$OfRef.accept(ForEachOps.java:184)
	at java.util.ArrayList$ArrayListSpliterator.forEachRemaining(ArrayList.java:1382)
	at java.util.stream.AbstractPipeline.copyInto(AbstractPipeline.java:482)
	at java.util.stream.ForEachOps$ForEachTask.compute(ForEachOps.java:291)
	at java.util.concurrent.CountedCompleter.exec(CountedCompleter.java:731)
	at java.util.concurrent.ForkJoinTask.doExec(ForkJoinTask.java:289)
	at java.util.concurrent.ForkJoinTask.doInvoke(ForkJoinTask.java:401)
	at java.util.concurrent.ForkJoinTask.invoke(ForkJoinTask.java:734)
	at java.util.stream.ForEachOps$ForEachOp.evaluateParallel(ForEachOps.java:160)
	at java.util.stream.ForEachOps$ForEachOp$OfRef.evaluateParallel(ForEachOps.java:174)
	at java.util.stream.AbstractPipeline.evaluate(AbstractPipeline.java:233)
	at java.util.stream.ReferencePipeline.forEach(ReferencePipeline.java:418)
	at java.util.stream.ReferencePipeline$Head.forEach(ReferencePipeline.java:583)
	at org.apache.hadoop.hdds.scm.pipeline.RatisPipelineProvider.lambda$callRatisRpc$6(RatisPipelineProvider.java:226)
	at java.util.concurrent.ForkJoinTask$AdaptedRunnableAction.exec(ForkJoinTask.java:1386)
	at java.util.concurrent.ForkJoinTask.doExec(ForkJoinTask.java:289)
	at java.util.concurrent.ForkJoinPool$WorkQueue.runTask(ForkJoinPool.java:1056)
	at java.util.concurrent.ForkJoinPool.runWorker(ForkJoinPool.java:1692)
	at java.util.concurrent.ForkJoinWorkerThread.run(ForkJoinWorkerThread.java:157)
Caused by: org.apache.ratis.thirdparty.io.grpc.StatusRuntimeException: DEADLINE_EXCEEDED: deadline exceeded after 2999771193ns
	at org.apache.ratis.thirdparty.io.grpc.stub.ClientCalls.toStatusRuntimeException(ClientCalls.java:233)
	at org.apache.ratis.thirdparty.io.grpc.stub.ClientCalls.getUnchecked(ClientCalls.java:214)
	at org.apache.ratis.thirdparty.io.grpc.stub.ClientCalls.blockingUnaryCall(ClientCalls.java:139)
	at org.apache.ratis.proto.grpc.AdminProtocolServiceGrpc$AdminProtocolServiceBlockingStub.groupManagement(AdminProtocolServiceGrpc.java:274)
	at org.apache.ratis.grpc.client.GrpcClientProtocolClient.lambda$groupAdd$3(GrpcClientProtocolClient.java:140)
	at org.apache.ratis.grpc.client.GrpcClientProtocolClient.blockingCall(GrpcClientProtocolClient.java:167)
	... 25 more
2019-09-05 17:44:47,415 [RATISCREATEPIPELINE3] ERROR pipeline.RatisPipelineProvider (RatisPipelineProvider.java:lambda$null$5(236)) - Failed invoke Ratis rpc org.apache.hadoop.hdds.scm.pipeline.RatisPipelineProvider$$Lambda$221/1879280835@489c010d for b323f64f-746c-4c8f-9b63-de29d29eb9b9
org.apache.ratis.protocol.TimeoutIOException: deadline exceeded after 2999754296ns
	at org.apache.ratis.grpc.GrpcUtil.tryUnwrapException(GrpcUtil.java:82)
	at org.apache.ratis.grpc.GrpcUtil.unwrapException(GrpcUtil.java:75)
	at org.apache.ratis.grpc.client.GrpcClientProtocolClient.blockingCall(GrpcClientProtocolClient.java:169)
	at org.apache.ratis.grpc.client.GrpcClientProtocolClient.groupAdd(GrpcClientProtocolClient.java:138)
	at org.apache.ratis.grpc.client.GrpcClientRpc.sendRequest(GrpcClientRpc.java:94)
	at org.apache.ratis.client.impl.RaftClientImpl.sendRequest(RaftClientImpl.java:279)
	at org.apache.ratis.client.impl.RaftClientImpl.groupAdd(RaftClientImpl.java:206)
	at org.apache.hadoop.hdds.scm.pipeline.RatisPipelineProvider.lambda$initializePipeline$4(RatisPipelineProvider.java:195)
	at org.apache.hadoop.hdds.scm.pipeline.RatisPipelineProvider.lambda$null$5(RatisPipelineProvider.java:232)
	at java.util.stream.ForEachOps$ForEachOp$OfRef.accept(ForEachOps.java:184)
	at java.util.ArrayList$ArrayListSpliterator.forEachRemaining(ArrayList.java:1382)
	at java.util.stream.AbstractPipeline.copyInto(AbstractPipeline.java:482)
	at java.util.stream.ForEachOps$ForEachTask.compute(ForEachOps.java:291)
	at java.util.concurrent.CountedCompleter.exec(CountedCompleter.java:731)
	at java.util.concurrent.ForkJoinTask.doExec(ForkJoinTask.java:289)
	at java.util.concurrent.ForkJoinPool$WorkQueue.runTask(ForkJoinPool.java:1056)
	at java.util.concurrent.ForkJoinPool.runWorker(ForkJoinPool.java:1692)
	at java.util.concurrent.ForkJoinWorkerThread.run(ForkJoinWorkerThread.java:157)
Caused by: org.apache.ratis.thirdparty.io.grpc.StatusRuntimeException: DEADLINE_EXCEEDED: deadline exceeded after 2999754296ns
	at org.apache.ratis.thirdparty.io.grpc.stub.ClientCalls.toStatusRuntimeException(ClientCalls.java:233)
	at org.apache.ratis.thirdparty.io.grpc.stub.ClientCalls.getUnchecked(ClientCalls.java:214)
	at org.apache.ratis.thirdparty.io.grpc.stub.ClientCalls.blockingUnaryCall(ClientCalls.java:139)
	at org.apache.ratis.proto.grpc.AdminProtocolServiceGrpc$AdminProtocolServiceBlockingStub.groupManagement(AdminProtocolServiceGrpc.java:274)
	at org.apache.ratis.grpc.client.GrpcClientProtocolClient.lambda$groupAdd$3(GrpcClientProtocolClient.java:140)
	at org.apache.ratis.grpc.client.GrpcClientProtocolClient.blockingCall(GrpcClientProtocolClient.java:167)
	... 15 more
2019-09-05 17:44:47,444 [grpc-default-executor-1] INFO  impl.RaftServerProxy (RaftServerProxy.java:addNew(89)) - a707cb1f-a8f4-4ce4-9f34-5b67a6adaeb4: addNew group-C6B4525C182E:[baa965d0-d7ca-4507-8405-0028ae870c0f:192.168.69.120:45325, b323f64f-746c-4c8f-9b63-de29d29eb9b9:192.168.69.120:33379, a707cb1f-a8f4-4ce4-9f34-5b67a6adaeb4:192.168.69.120:40572] returns group-C6B4525C182E:java.util.concurrent.CompletableFuture@5b170465[Not completed]
2019-09-05 17:44:47,452 [grpc-default-executor-1] INFO  impl.RaftServerProxy (RaftServerProxy.java:addNew(89)) - b323f64f-746c-4c8f-9b63-de29d29eb9b9: addNew group-C6B4525C182E:[baa965d0-d7ca-4507-8405-0028ae870c0f:192.168.69.120:45325, b323f64f-746c-4c8f-9b63-de29d29eb9b9:192.168.69.120:33379, a707cb1f-a8f4-4ce4-9f34-5b67a6adaeb4:192.168.69.120:40572] returns group-C6B4525C182E:java.util.concurrent.CompletableFuture@3b8e6f7b[Not completed]
2019-09-05 17:44:47,452 [grpc-default-executor-3] INFO  impl.RaftServerProxy (RaftServerProxy.java:addNew(89)) - baa965d0-d7ca-4507-8405-0028ae870c0f: addNew group-C6B4525C182E:[baa965d0-d7ca-4507-8405-0028ae870c0f:192.168.69.120:45325, b323f64f-746c-4c8f-9b63-de29d29eb9b9:192.168.69.120:33379, a707cb1f-a8f4-4ce4-9f34-5b67a6adaeb4:192.168.69.120:40572] returns group-C6B4525C182E:java.util.concurrent.CompletableFuture@7664e2cd[Not completed]
2019-09-05 17:44:48,092 [pool-67-thread-1] INFO  storage.RaftStorageDirectory (RaftStorageDirectory.java:tryLock(328)) - Lock on /workdir/hadoop-ozone/integration-test/target/test-dir/MiniOzoneClusterImpl-e7761c2c-6268-40b2-9163-02537e17f130/datanode-4/data/ratis/161d777d-c07f-4e89-9ba3-35e1d3ad18b2/in_use.lock acquired by nodename 32023@pr-hdds-2007-scw2c-2724463716
2019-09-05 17:44:48,092 [pool-27-thread-1] INFO  storage.RaftStorage (RaftStorage.java:format(72)) - Storage directory /workdir/hadoop-ozone/integration-test/target/test-dir/MiniOzoneClusterImpl-e7761c2c-6268-40b2-9163-02537e17f130/datanode-0/data/ratis/80a401cf-676c-475c-abfb-f433fc98830c has been successfully formatted.
2019-09-05 17:44:48,093 [pool-27-thread-1] INFO  ratis.ContainerStateMachine (ContainerStateMachine.java:loadSnapshot(227)) - group-F433FC98830C: The snapshot info is null. Setting the last applied indexto:(t:0, i:~)
2019-09-05 17:44:48,093 [pool-27-thread-1] INFO  server.RaftServerConfigKeys (ConfUtils.java:logGet(43)) - raft.server.leader.election.timeout = 120s (custom)
2019-09-05 17:44:48,093 [pool-27-thread-1] INFO  server.RaftServerConfigKeys (ConfUtils.java:logGet(43)) - raft.server.log.use.memory = false (default)
2019-09-05 17:44:48,093 [pool-27-thread-1] INFO  server.RaftServerConfigKeys (ConfUtils.java:logGet(43)) - raft.server.log.purge.gap = 1000000 (custom)
2019-09-05 17:44:48,093 [pool-27-thread-1] INFO  server.RaftServerConfigKeys (ConfUtils.java:logGet(43)) - raft.server.log.appender.buffer.byte-limit = 33554432 (custom)
2019-09-05 17:44:48,093 [pool-27-thread-1] INFO  server.RaftServerConfigKeys (ConfUtils.java:logGet(43)) - raft.server.log.segment.size.max = 1048576 (custom)
2019-09-05 17:44:48,094 [pool-27-thread-1] INFO  server.RaftServerConfigKeys (ConfUtils.java:logGet(43)) - raft.server.log.segment.cache.num.max = 2 (custom)
2019-09-05 17:44:48,094 [pool-27-thread-1] INFO  segmented.SegmentedRaftLogWorker (SegmentedRaftLogWorker.java:<init>(172)) - new baa965d0-d7ca-4507-8405-0028ae870c0f-SegmentedRaftLogWorker:Storage Directory /workdir/hadoop-ozone/integration-test/target/test-dir/MiniOzoneClusterImpl-e7761c2c-6268-40b2-9163-02537e17f130/datanode-0/data/ratis/80a401cf-676c-475c-abfb-f433fc98830c for RaftStorage:Storage Directory /workdir/hadoop-ozone/integration-test/target/test-dir/MiniOzoneClusterImpl-e7761c2c-6268-40b2-9163-02537e17f130/datanode-0/data/ratis/80a401cf-676c-475c-abfb-f433fc98830c
2019-09-05 17:44:48,094 [pool-27-thread-1] INFO  server.RaftServerConfigKeys (ConfUtils.java:logGet(43)) - raft.server.log.queue.byte-limit = 2147483647 (custom)
2019-09-05 17:44:48,094 [pool-27-thread-1] INFO  server.RaftServerConfigKeys (ConfUtils.java:logGet(43)) - raft.server.log.queue.element-limit = 1024 (custom)
2019-09-05 17:44:48,094 [pool-27-thread-1] INFO  server.RaftServerConfigKeys (ConfUtils.java:logGet(43)) - raft.server.log.segment.size.max = 1048576 (custom)
2019-09-05 17:44:48,094 [pool-27-thread-1] INFO  server.RaftServerConfigKeys (ConfUtils.java:logGet(43)) - raft.server.log.preallocated.size = 16384 (custom)
2019-09-05 17:44:48,095 [pool-27-thread-1] INFO  server.RaftServerConfigKeys (ConfUtils.java:logGet(43)) - raft.server.log.write.buffer.size = 33554432 (custom)
2019-09-05 17:44:48,095 [pool-27-thread-1] INFO  server.RaftServerConfigKeys (ConfUtils.java:logGet(43)) - raft.server.log.force.sync.num = 128 (default)
2019-09-05 17:44:48,095 [pool-27-thread-1] INFO  server.RaftServerConfigKeys (ConfUtils.java:logGet(43)) - raft.server.log.statemachine.data.sync = true (default)
2019-09-05 17:44:48,095 [pool-27-thread-1] INFO  server.RaftServerConfigKeys (ConfUtils.java:logGet(43)) - raft.server.log.statemachine.data.sync.timeout = 10s (default)
2019-09-05 17:44:48,095 [pool-27-thread-1] INFO  server.RaftServerConfigKeys (ConfUtils.java:logGet(43)) - raft.server.log.statemachine.data.sync.timeout.retry = -1 (default)
2019-09-05 17:44:48,095 [pool-27-thread-1] INFO  server.RaftServerConfigKeys (ConfUtils.java:logGet(43)) - raft.server.log.statemachine.data.caching.enabled = true (custom)
2019-09-05 17:44:48,096 [pool-47-thread-1] INFO  storage.RaftStorageDirectory (RaftStorageDirectory.java:tryLock(328)) - Lock on /workdir/hadoop-ozone/integration-test/target/test-dir/MiniOzoneClusterImpl-e7761c2c-6268-40b2-9163-02537e17f130/datanode-2/data/ratis/161d777d-c07f-4e89-9ba3-35e1d3ad18b2/in_use.lock acquired by nodename 32023@pr-hdds-2007-scw2c-2724463716
2019-09-05 17:44:48,099 [pool-27-thread-1] INFO  segmented.SegmentedRaftLogWorker (SegmentedRaftLogWorker.java:lambda$new$0(132)) - baa965d0-d7ca-4507-8405-0028ae870c0f-SegmentedRaftLogWorker:Storage Directory /workdir/hadoop-ozone/integration-test/target/test-dir/MiniOzoneClusterImpl-e7761c2c-6268-40b2-9163-02537e17f130/datanode-0/data/ratis/80a401cf-676c-475c-abfb-f433fc98830c: flushIndex: setUnconditionally 0 -> -1
2019-09-05 17:44:48,099 [pool-27-thread-1] INFO  server.RaftServerConfigKeys (ConfUtils.java:logGet(43)) - raft.server.snapshot.auto.trigger.enabled = true (custom)
2019-09-05 17:44:48,099 [pool-27-thread-1] INFO  server.RaftServerConfigKeys (ConfUtils.java:logGet(43)) - raft.server.snapshot.auto.trigger.threshold = 10000 (custom)
2019-09-05 17:44:48,100 [pool-27-thread-1] INFO  server.RaftServerConfigKeys (ConfUtils.java:logGet(43)) - raft.server.retrycache.expirytime = 600000ms (custom)
2019-09-05 17:44:48,100 [pool-27-thread-1] INFO  impl.RaftServerImpl (RaftServerImpl.java:start(180)) - baa965d0-d7ca-4507-8405-0028ae870c0f: start group-92CBEBE91FE9
2019-09-05 17:44:48,100 [pool-27-thread-1] INFO  impl.RaftServerImpl (RaftServerImpl.java:setRole(171)) - baa965d0-d7ca-4507-8405-0028ae870c0f:group-92CBEBE91FE9 changes role from null to FOLLOWER at term 0 for startAsFollower
2019-09-05 17:44:48,100 [pool-27-thread-1] INFO  impl.RoleInfo (RoleInfo.java:updateAndGet(143)) - baa965d0-d7ca-4507-8405-0028ae870c0f: start FollowerState
2019-09-05 17:44:48,101 [pool-27-thread-1] INFO  util.JmxRegister (JmxRegister.java:tryRegister(44)) - Successfully registered JMX Bean with object name Ratis:service=RaftServer,group=group-92CBEBE91FE9,id=baa965d0-d7ca-4507-8405-0028ae870c0f
2019-09-05 17:44:48,103 [pool-27-thread-1] INFO  impl.RaftServerImpl (RaftServerImpl.java:<init>(93)) - baa965d0-d7ca-4507-8405-0028ae870c0f: new RaftServerImpl for group-35E1D3AD18B2:[baa965d0-d7ca-4507-8405-0028ae870c0f:192.168.69.120:45325, b323f64f-746c-4c8f-9b63-de29d29eb9b9:192.168.69.120:33379, a707cb1f-a8f4-4ce4-9f34-5b67a6adaeb4:192.168.69.120:40572] with ContainerStateMachine:uninitialized
2019-09-05 17:44:48,103 [pool-27-thread-1] INFO  server.RaftServerConfigKeys (ConfUtils.java:logGet(43)) - raft.server.rpc.timeout.min = 1s (custom)
2019-09-05 17:44:48,103 [pool-27-thread-1] INFO  server.RaftServerConfigKeys (ConfUtils.java:logGet(43)) - raft.server.rpc.timeout.max = 1200ms (custom)
2019-09-05 17:44:48,103 [pool-27-thread-1] INFO  server.RaftServerConfigKeys (ConfUtils.java:logGet(43)) - raft.server.rpcslowness.timeout = 120s (custom)
2019-09-05 17:44:48,103 [pool-27-thread-1] INFO  server.RaftServerConfigKeys (ConfUtils.java:logGet(43)) - raft.server.sleep.deviation.threshold = 300 (default)
2019-09-05 17:44:48,103 [pool-27-thread-1] INFO  server.RaftServerConfigKeys (ConfUtils.java:logGet(43)) - raft.server.log.appender.install.snapshot.enabled = false (custom)
2019-09-05 17:44:48,104 [pool-27-thread-1] INFO  impl.RaftServerImpl (ServerState.java:<init>(105)) - baa965d0-d7ca-4507-8405-0028ae870c0f:group-35E1D3AD18B2 ConfigurationManager, init=-1: [baa965d0-d7ca-4507-8405-0028ae870c0f:192.168.69.120:45325, b323f64f-746c-4c8f-9b63-de29d29eb9b9:192.168.69.120:33379, a707cb1f-a8f4-4ce4-9f34-5b67a6adaeb4:192.168.69.120:40572], old=null, confs=<EMPTY_MAP>
2019-09-05 17:44:48,104 [pool-27-thread-1] INFO  server.RaftServerConfigKeys (ConfUtils.java:logGet(43)) - raft.server.storage.dir = [/workdir/hadoop-ozone/integration-test/target/test-dir/MiniOzoneClusterImpl-e7761c2c-6268-40b2-9163-02537e17f130/datanode-0/data/ratis] (custom)
2019-09-05 17:44:48,104 [pool-27-thread-1] INFO  storage.RaftStorageDirectory (RaftStorageDirectory.java:analyzeStorage(246)) - The storage directory /workdir/hadoop-ozone/integration-test/target/test-dir/MiniOzoneClusterImpl-e7761c2c-6268-40b2-9163-02537e17f130/datanode-0/data/ratis/161d777d-c07f-4e89-9ba3-35e1d3ad18b2 does not exist. Creating ...
2019-09-05 17:44:48,496 [Thread-262] INFO  impl.FollowerState (FollowerState.java:run(106)) - a707cb1f-a8f4-4ce4-9f34-5b67a6adaeb4:group-92CBEBE91FE9 changes to CANDIDATE, lastRpcTime:1114, electionTimeout:1111ms
2019-09-05 17:44:48,496 [Thread-262] INFO  impl.RoleInfo (RoleInfo.java:shutdownFollowerState(121)) - a707cb1f-a8f4-4ce4-9f34-5b67a6adaeb4: shutdown FollowerState
2019-09-05 17:44:48,496 [Thread-262] INFO  impl.RaftServerImpl (RaftServerImpl.java:setRole(171)) - a707cb1f-a8f4-4ce4-9f34-5b67a6adaeb4:group-92CBEBE91FE9 changes role from FOLLOWER to CANDIDATE at term 1 for changeToCandidate
2019-09-05 17:44:48,497 [Thread-262] INFO  impl.RoleInfo (RoleInfo.java:updateAndGet(143)) - a707cb1f-a8f4-4ce4-9f34-5b67a6adaeb4: start LeaderElection
2019-09-05 17:44:48,535 [Thread-261] INFO  impl.FollowerState (FollowerState.java:run(106)) - b323f64f-746c-4c8f-9b63-de29d29eb9b9:group-92CBEBE91FE9 changes to CANDIDATE, lastRpcTime:1153, electionTimeout:1150ms
2019-09-05 17:44:48,535 [Thread-261] INFO  impl.RoleInfo (RoleInfo.java:shutdownFollowerState(121)) - b323f64f-746c-4c8f-9b63-de29d29eb9b9: shutdown FollowerState
2019-09-05 17:44:48,535 [Thread-261] INFO  impl.RaftServerImpl (RaftServerImpl.java:setRole(171)) - b323f64f-746c-4c8f-9b63-de29d29eb9b9:group-92CBEBE91FE9 changes role from FOLLOWER to CANDIDATE at term 1 for changeToCandidate
2019-09-05 17:44:48,536 [Thread-261] INFO  impl.RoleInfo (RoleInfo.java:updateAndGet(143)) - b323f64f-746c-4c8f-9b63-de29d29eb9b9: start LeaderElection
2019-09-05 17:44:49,160 [Thread-264] INFO  impl.FollowerState (FollowerState.java:run(106)) - baa965d0-d7ca-4507-8405-0028ae870c0f:group-92CBEBE91FE9 changes to CANDIDATE, lastRpcTime:1059, electionTimeout:1059ms
2019-09-05 17:44:49,160 [Thread-264] INFO  impl.RoleInfo (RoleInfo.java:shutdownFollowerState(121)) - baa965d0-d7ca-4507-8405-0028ae870c0f: shutdown FollowerState
2019-09-05 17:44:49,160 [Thread-264] INFO  impl.RaftServerImpl (RaftServerImpl.java:setRole(171)) - baa965d0-d7ca-4507-8405-0028ae870c0f:group-92CBEBE91FE9 changes role from FOLLOWER to CANDIDATE at term 0 for changeToCandidate
2019-09-05 17:44:49,160 [Thread-264] INFO  impl.RoleInfo (RoleInfo.java:updateAndGet(143)) - baa965d0-d7ca-4507-8405-0028ae870c0f: start LeaderElection
2019-09-05 17:44:50,436 [RATISCREATEPIPELINE1] ERROR pipeline.RatisPipelineProvider (RatisPipelineProvider.java:lambda$null$5(236)) - Failed invoke Ratis rpc org.apache.hadoop.hdds.scm.pipeline.RatisPipelineProvider$$Lambda$221/1879280835@5bfc770c for a707cb1f-a8f4-4ce4-9f34-5b67a6adaeb4
org.apache.ratis.protocol.TimeoutIOException: deadline exceeded after 2997111973ns
	at org.apache.ratis.grpc.GrpcUtil.tryUnwrapException(GrpcUtil.java:82)
	at org.apache.ratis.grpc.GrpcUtil.unwrapException(GrpcUtil.java:75)
	at org.apache.ratis.grpc.client.GrpcClientProtocolClient.blockingCall(GrpcClientProtocolClient.java:169)
	at org.apache.ratis.grpc.client.GrpcClientProtocolClient.groupAdd(GrpcClientProtocolClient.java:138)
	at org.apache.ratis.grpc.client.GrpcClientRpc.sendRequest(GrpcClientRpc.java:94)
	at org.apache.ratis.client.impl.RaftClientImpl.sendRequest(RaftClientImpl.java:279)
	at org.apache.ratis.client.impl.RaftClientImpl.groupAdd(RaftClientImpl.java:206)
	at org.apache.hadoop.hdds.scm.pipeline.RatisPipelineProvider.lambda$initializePipeline$4(RatisPipelineProvider.java:195)
	at org.apache.hadoop.hdds.scm.pipeline.RatisPipelineProvider.lambda$null$5(RatisPipelineProvider.java:232)
	at java.util.stream.ForEachOps$ForEachOp$OfRef.accept(ForEachOps.java:184)
	at java.util.ArrayList$ArrayListSpliterator.forEachRemaining(ArrayList.java:1382)
	at java.util.stream.AbstractPipeline.copyInto(AbstractPipeline.java:482)
	at java.util.stream.ForEachOps$ForEachTask.compute(ForEachOps.java:291)
	at java.util.concurrent.CountedCompleter.exec(CountedCompleter.java:731)
	at java.util.concurrent.ForkJoinTask.doExec(ForkJoinTask.java:289)
	at java.util.concurrent.ForkJoinTask.doInvoke(ForkJoinTask.java:401)
	at java.util.concurrent.ForkJoinTask.invoke(ForkJoinTask.java:734)
	at java.util.stream.ForEachOps$ForEachOp.evaluateParallel(ForEachOps.java:160)
	at java.util.stream.ForEachOps$ForEachOp$OfRef.evaluateParallel(ForEachOps.java:174)
	at java.util.stream.AbstractPipeline.evaluate(AbstractPipeline.java:233)
	at java.util.stream.ReferencePipeline.forEach(ReferencePipeline.java:418)
	at java.util.stream.ReferencePipeline$Head.forEach(ReferencePipeline.java:583)
	at org.apache.hadoop.hdds.scm.pipeline.RatisPipelineProvider.lambda$callRatisRpc$6(RatisPipelineProvider.java:226)
	at java.util.concurrent.ForkJoinTask$AdaptedRunnableAction.exec(ForkJoinTask.java:1386)
	at java.util.concurrent.ForkJoinTask.doExec(ForkJoinTask.java:289)
	at java.util.concurrent.ForkJoinPool$WorkQueue.runTask(ForkJoinPool.java:1056)
	at java.util.concurrent.ForkJoinPool.runWorker(ForkJoinPool.java:1692)
	at java.util.concurrent.ForkJoinWorkerThread.run(ForkJoinWorkerThread.java:157)
Caused by: org.apache.ratis.thirdparty.io.grpc.StatusRuntimeException: DEADLINE_EXCEEDED: deadline exceeded after 2997111973ns
	at org.apache.ratis.thirdparty.io.grpc.stub.ClientCalls.toStatusRuntimeException(ClientCalls.java:233)
	at org.apache.ratis.thirdparty.io.grpc.stub.ClientCalls.getUnchecked(ClientCalls.java:214)
	at org.apache.ratis.thirdparty.io.grpc.stub.ClientCalls.blockingUnaryCall(ClientCalls.java:139)
	at org.apache.ratis.proto.grpc.AdminProtocolServiceGrpc$AdminProtocolServiceBlockingStub.groupManagement(AdminProtocolServiceGrpc.java:274)
	at org.apache.ratis.grpc.client.GrpcClientProtocolClient.lambda$groupAdd$3(GrpcClientProtocolClient.java:140)
	at org.apache.ratis.grpc.client.GrpcClientProtocolClient.blockingCall(GrpcClientProtocolClient.java:167)
	... 25 more
2019-09-05 17:44:50,436 [RATISCREATEPIPELINE3] ERROR pipeline.RatisPipelineProvider (RatisPipelineProvider.java:lambda$null$5(236)) - Failed invoke Ratis rpc org.apache.hadoop.hdds.scm.pipeline.RatisPipelineProvider$$Lambda$221/1879280835@5bfc770c for baa965d0-d7ca-4507-8405-0028ae870c0f
org.apache.ratis.protocol.TimeoutIOException: deadline exceeded after 2999767731ns
	at org.apache.ratis.grpc.GrpcUtil.tryUnwrapException(GrpcUtil.java:82)
	at org.apache.ratis.grpc.GrpcUtil.unwrapException(GrpcUtil.java:75)
	at org.apache.ratis.grpc.client.GrpcClientProtocolClient.blockingCall(GrpcClientProtocolClient.java:169)
	at org.apache.ratis.grpc.client.GrpcClientProtocolClient.groupAdd(GrpcClientProtocolClient.java:138)
	at org.apache.ratis.grpc.client.GrpcClientRpc.sendRequest(GrpcClientRpc.java:94)
	at org.apache.ratis.client.impl.RaftClientImpl.sendRequest(RaftClientImpl.java:279)
	at org.apache.ratis.client.impl.RaftClientImpl.groupAdd(RaftClientImpl.java:206)
	at org.apache.hadoop.hdds.scm.pipeline.RatisPipelineProvider.lambda$initializePipeline$4(RatisPipelineProvider.java:195)
	at org.apache.hadoop.hdds.scm.pipeline.RatisPipelineProvider.lambda$null$5(RatisPipelineProvider.java:232)
	at java.util.stream.ForEachOps$ForEachOp$OfRef.accept(ForEachOps.java:184)
	at java.util.ArrayList$ArrayListSpliterator.forEachRemaining(ArrayList.java:1382)
	at java.util.stream.AbstractPipeline.copyInto(AbstractPipeline.java:482)
	at java.util.stream.ForEachOps$ForEachTask.compute(ForEachOps.java:291)
	at java.util.concurrent.CountedCompleter.exec(CountedCompleter.java:731)
	at java.util.concurrent.ForkJoinTask.doExec(ForkJoinTask.java:289)
	at java.util.concurrent.ForkJoinPool$WorkQueue.runTask(ForkJoinPool.java:1056)
	at java.util.concurrent.ForkJoinPool.runWorker(ForkJoinPool.java:1692)
	at java.util.concurrent.ForkJoinWorkerThread.run(ForkJoinWorkerThread.java:157)
Caused by: org.apache.ratis.thirdparty.io.grpc.StatusRuntimeException: DEADLINE_EXCEEDED: deadline exceeded after 2999767731ns
	at org.apache.ratis.thirdparty.io.grpc.stub.ClientCalls.toStatusRuntimeException(ClientCalls.java:233)
	at org.apache.ratis.thirdparty.io.grpc.stub.ClientCalls.getUnchecked(ClientCalls.java:214)
	at org.apache.ratis.thirdparty.io.grpc.stub.ClientCalls.blockingUnaryCall(ClientCalls.java:139)
	at org.apache.ratis.proto.grpc.AdminProtocolServiceGrpc$AdminProtocolServiceBlockingStub.groupManagement(AdminProtocolServiceGrpc.java:274)
	at org.apache.ratis.grpc.client.GrpcClientProtocolClient.lambda$groupAdd$3(GrpcClientProtocolClient.java:140)
	at org.apache.ratis.grpc.client.GrpcClientProtocolClient.blockingCall(GrpcClientProtocolClient.java:167)
	... 15 more
2019-09-05 17:44:50,436 [RATISCREATEPIPELINE2] ERROR pipeline.RatisPipelineProvider (RatisPipelineProvider.java:lambda$null$5(236)) - Failed invoke Ratis rpc org.apache.hadoop.hdds.scm.pipeline.RatisPipelineProvider$$Lambda$221/1879280835@5bfc770c for b323f64f-746c-4c8f-9b63-de29d29eb9b9
org.apache.ratis.protocol.TimeoutIOException: deadline exceeded after 2999749853ns
	at org.apache.ratis.grpc.GrpcUtil.tryUnwrapException(GrpcUtil.java:82)
	at org.apache.ratis.grpc.GrpcUtil.unwrapException(GrpcUtil.java:75)
	at org.apache.ratis.grpc.client.GrpcClientProtocolClient.blockingCall(GrpcClientProtocolClient.java:169)
	at org.apache.ratis.grpc.client.GrpcClientProtocolClient.groupAdd(GrpcClientProtocolClient.java:138)
	at org.apache.ratis.grpc.client.GrpcClientRpc.sendRequest(GrpcClientRpc.java:94)
	at org.apache.ratis.client.impl.RaftClientImpl.sendRequest(RaftClientImpl.java:279)
	at org.apache.ratis.client.impl.RaftClientImpl.groupAdd(RaftClientImpl.java:206)
	at org.apache.hadoop.hdds.scm.pipeline.RatisPipelineProvider.lambda$initializePipeline$4(RatisPipelineProvider.java:195)
	at org.apache.hadoop.hdds.scm.pipeline.RatisPipelineProvider.lambda$null$5(RatisPipelineProvider.java:232)
	at java.util.stream.ForEachOps$ForEachOp$OfRef.accept(ForEachOps.java:184)
	at java.util.ArrayList$ArrayListSpliterator.forEachRemaining(ArrayList.java:1382)
	at java.util.stream.AbstractPipeline.copyInto(AbstractPipeline.java:482)
	at java.util.stream.ForEachOps$ForEachTask.compute(ForEachOps.java:291)
	at java.util.concurrent.CountedCompleter.exec(CountedCompleter.java:731)
	at java.util.concurrent.ForkJoinTask.doExec(ForkJoinTask.java:289)
	at java.util.concurrent.ForkJoinPool$WorkQueue.runTask(ForkJoinPool.java:1056)
	at java.util.concurrent.ForkJoinPool.runWorker(ForkJoinPool.java:1692)
	at java.util.concurrent.ForkJoinWorkerThread.run(ForkJoinWorkerThread.java:157)
Caused by: org.apache.ratis.thirdparty.io.grpc.StatusRuntimeException: DEADLINE_EXCEEDED: deadline exceeded after 2999749853ns
	at org.apache.ratis.thirdparty.io.grpc.stub.ClientCalls.toStatusRuntimeException(ClientCalls.java:233)
	at org.apache.ratis.thirdparty.io.grpc.stub.ClientCalls.getUnchecked(ClientCalls.java:214)
	at org.apache.ratis.thirdparty.io.grpc.stub.ClientCalls.blockingUnaryCall(ClientCalls.java:139)
	at org.apache.ratis.proto.grpc.AdminProtocolServiceGrpc$AdminProtocolServiceBlockingStub.groupManagement(AdminProtocolServiceGrpc.java:274)
	at org.apache.ratis.grpc.client.GrpcClientProtocolClient.lambda$groupAdd$3(GrpcClientProtocolClient.java:140)
	at org.apache.ratis.grpc.client.GrpcClientProtocolClient.blockingCall(GrpcClientProtocolClient.java:167)
	... 15 more
2019-09-05 17:44:50,443 [IPC Server handler 3 on 36218] WARN  block.BlockManagerImpl (BlockManagerImpl.java:allocateBlock(192)) - Pipeline creation failed for type:RATIS factor:THREE. Retrying get pipelines call once.
org.apache.hadoop.io.MultipleIOException: 3 exceptions [java.io.IOException: Failed invoke Ratis rpc org.apache.hadoop.hdds.scm.pipeline.RatisPipelineProvider$$Lambda$221/1879280835@5bfc770c for a707cb1f-a8f4-4ce4-9f34-5b67a6adaeb4, java.io.IOException: Failed invoke Ratis rpc org.apache.hadoop.hdds.scm.pipeline.RatisPipelineProvider$$Lambda$221/1879280835@5bfc770c for baa965d0-d7ca-4507-8405-0028ae870c0f, java.io.IOException: Failed invoke Ratis rpc org.apache.hadoop.hdds.scm.pipeline.RatisPipelineProvider$$Lambda$221/1879280835@5bfc770c for b323f64f-746c-4c8f-9b63-de29d29eb9b9]
	at org.apache.hadoop.io.MultipleIOException.createIOException(MultipleIOException.java:53)
	at org.apache.hadoop.hdds.scm.pipeline.RatisPipelineProvider.callRatisRpc(RatisPipelineProvider.java:252)
	at org.apache.hadoop.hdds.scm.pipeline.RatisPipelineProvider.initializePipeline(RatisPipelineProvider.java:193)
	at org.apache.hadoop.hdds.scm.pipeline.RatisPipelineProvider.create(RatisPipelineProvider.java:162)
	at org.apache.hadoop.hdds.scm.pipeline.PipelineFactory.create(PipelineFactory.java:57)
	at org.apache.hadoop.hdds.scm.pipeline.SCMPipelineManager.createPipeline(SCMPipelineManager.java:151)
	at org.apache.hadoop.hdds.scm.block.BlockManagerImpl.allocateBlock(BlockManagerImpl.java:190)
	at org.apache.hadoop.hdds.scm.server.SCMBlockProtocolServer.allocateBlock(SCMBlockProtocolServer.java:182)
	at org.apache.hadoop.ozone.protocolPB.ScmBlockLocationProtocolServerSideTranslatorPB.allocateScmBlock(ScmBlockLocationProtocolServerSideTranslatorPB.java:183)
	at org.apache.hadoop.ozone.protocolPB.ScmBlockLocationProtocolServerSideTranslatorPB.processMessage(ScmBlockLocationProtocolServerSideTranslatorPB.java:141)
	at org.apache.hadoop.ozone.protocolPB.ScmBlockLocationProtocolServerSideTranslatorPB.send(ScmBlockLocationProtocolServerSideTranslatorPB.java:116)
	at org.apache.hadoop.hdds.protocol.proto.ScmBlockLocationProtocolProtos$ScmBlockLocationProtocolService$2.callBlockingMethod(ScmBlockLocationProtocolProtos.java:13157)
	at org.apache.hadoop.ipc.ProtobufRpcEngine$Server$ProtoBufRpcInvoker.call(ProtobufRpcEngine.java:524)
	at org.apache.hadoop.ipc.RPC$Server.call(RPC.java:1025)
	at org.apache.hadoop.ipc.Server$RpcCall.run(Server.java:876)
	at org.apache.hadoop.ipc.Server$RpcCall.run(Server.java:822)
	at java.security.AccessController.doPrivileged(Native Method)
	at javax.security.auth.Subject.doAs(Subject.java:422)
	at org.apache.hadoop.security.UserGroupInformation.doAs(UserGroupInformation.java:1730)
	at org.apache.hadoop.ipc.Server$Handler.run(Server.java:2682)
2019-09-05 17:44:50,444 [IPC Server handler 3 on 36218] INFO  block.BlockManagerImpl (BlockManagerImpl.java:allocateBlock(198)) - Could not find available pipeline of type:RATIS and factor:THREE even after retrying
2019-09-05 17:44:50,444 [IPC Server handler 3 on 36218] ERROR block.BlockManagerImpl (BlockManagerImpl.java:allocateBlock(222)) - Unable to allocate a block for the size: 800, type: RATIS, factor: THREE
]]></system-out>
    <system-err><![CDATA[ERROR StatusLogger No Log4j 2 configuration file found. Using default configuration (logging only errors to the console), or user programmatically provided configurations. Set system property 'log4j2.debug' to show Log4j 2 internal initialization logging. See https://logging.apache.org/log4j/2.x/manual/configuration.html for instructions on how to configure Log4j 2
]]></system-err>
  </testcase>
  <testcase name="testWatchForCommitWithSmallerTimeoutValue" classname="org.apache.hadoop.ozone.client.rpc.TestWatchForCommit" time="36.922">
    <error message="org.apache.ratis.protocol.RaftRetryFailureException: Failed RaftClientRequest:client-90237757EAD3-&gt;b89e1062-1dd5-4f67-aefc-0a9ace8ccdc1@group-388F3F3A18C1, cid=24, seq=1*, RW, org.apache.hadoop.hdds.scm.XceiverClientRatis$$Lambda$638/979387846@4945fd9d for 20 attempts with RetryLimited(maxAttempts=20, sleepTime=1000ms)" type="java.util.concurrent.ExecutionException">java.util.concurrent.ExecutionException: org.apache.ratis.protocol.RaftRetryFailureException: Failed RaftClientRequest:client-90237757EAD3->b89e1062-1dd5-4f67-aefc-0a9ace8ccdc1@group-388F3F3A18C1, cid=24, seq=1*, RW, org.apache.hadoop.hdds.scm.XceiverClientRatis$$Lambda$638/979387846@4945fd9d for 20 attempts with RetryLimited(maxAttempts=20, sleepTime=1000ms)
	at java.util.concurrent.CompletableFuture.reportGet(CompletableFuture.java:357)
	at java.util.concurrent.CompletableFuture.get(CompletableFuture.java:1895)
	at org.apache.hadoop.ozone.client.rpc.TestWatchForCommit.testWatchForCommitWithSmallerTimeoutValue(TestWatchForCommit.java:293)
	at sun.reflect.NativeMethodAccessorImpl.invoke0(Native Method)
	at sun.reflect.NativeMethodAccessorImpl.invoke(NativeMethodAccessorImpl.java:62)
	at sun.reflect.DelegatingMethodAccessorImpl.invoke(DelegatingMethodAccessorImpl.java:43)
	at java.lang.reflect.Method.invoke(Method.java:498)
	at org.junit.runners.model.FrameworkMethod$1.runReflectiveCall(FrameworkMethod.java:47)
	at org.junit.internal.runners.model.ReflectiveCallable.run(ReflectiveCallable.java:12)
	at org.junit.runners.model.FrameworkMethod.invokeExplosively(FrameworkMethod.java:44)
	at org.junit.internal.runners.statements.InvokeMethod.evaluate(InvokeMethod.java:17)
	at org.junit.runners.ParentRunner.runLeaf(ParentRunner.java:271)
	at org.junit.runners.BlockJUnit4ClassRunner.runChild(BlockJUnit4ClassRunner.java:70)
	at org.junit.runners.BlockJUnit4ClassRunner.runChild(BlockJUnit4ClassRunner.java:50)
	at org.junit.runners.ParentRunner$3.run(ParentRunner.java:238)
	at org.junit.runners.ParentRunner$1.schedule(ParentRunner.java:63)
	at org.junit.runners.ParentRunner.runChildren(ParentRunner.java:236)
	at org.junit.runners.ParentRunner.access$000(ParentRunner.java:53)
	at org.junit.runners.ParentRunner$2.evaluate(ParentRunner.java:229)
	at org.junit.runners.ParentRunner.run(ParentRunner.java:309)
	at org.apache.maven.surefire.junit4.JUnit4Provider.execute(JUnit4Provider.java:365)
	at org.apache.maven.surefire.junit4.JUnit4Provider.executeWithRerun(JUnit4Provider.java:273)
	at org.apache.maven.surefire.junit4.JUnit4Provider.executeTestSet(JUnit4Provider.java:238)
	at org.apache.maven.surefire.junit4.JUnit4Provider.invoke(JUnit4Provider.java:159)
	at org.apache.maven.surefire.booter.ForkedBooter.invokeProviderInSameClassLoader(ForkedBooter.java:384)
	at org.apache.maven.surefire.booter.ForkedBooter.runSuitesInProcess(ForkedBooter.java:345)
	at org.apache.maven.surefire.booter.ForkedBooter.execute(ForkedBooter.java:126)
	at org.apache.maven.surefire.booter.ForkedBooter.main(ForkedBooter.java:418)
Caused by: org.apache.ratis.protocol.RaftRetryFailureException: Failed RaftClientRequest:client-90237757EAD3->b89e1062-1dd5-4f67-aefc-0a9ace8ccdc1@group-388F3F3A18C1, cid=24, seq=1*, RW, org.apache.hadoop.hdds.scm.XceiverClientRatis$$Lambda$638/979387846@4945fd9d for 20 attempts with RetryLimited(maxAttempts=20, sleepTime=1000ms)
	at org.apache.ratis.client.impl.RaftClientImpl.noMoreRetries(RaftClientImpl.java:272)
	at org.apache.ratis.client.impl.OrderedAsync.handleAsyncRetryFailure(OrderedAsync.java:138)
	at org.apache.ratis.client.impl.OrderedAsync.lambda$sendRequest$10(OrderedAsync.java:230)
	at java.util.concurrent.CompletableFuture.uniExceptionally(CompletableFuture.java:870)
	at java.util.concurrent.CompletableFuture$UniExceptionally.tryFire(CompletableFuture.java:852)
	at java.util.concurrent.CompletableFuture.postComplete(CompletableFuture.java:474)
	at java.util.concurrent.CompletableFuture.completeExceptionally(CompletableFuture.java:1977)
	at org.apache.ratis.grpc.client.GrpcClientProtocolClient$AsyncStreamObservers.completeReplyExceptionally(GrpcClientProtocolClient.java:330)
	at org.apache.ratis.grpc.client.GrpcClientProtocolClient$AsyncStreamObservers.access$000(GrpcClientProtocolClient.java:246)
	at org.apache.ratis.grpc.client.GrpcClientProtocolClient$AsyncStreamObservers$1.onNext(GrpcClientProtocolClient.java:258)
	at org.apache.ratis.grpc.client.GrpcClientProtocolClient$AsyncStreamObservers$1.onNext(GrpcClientProtocolClient.java:249)
	at org.apache.ratis.thirdparty.io.grpc.stub.ClientCalls$StreamObserverToCallListenerAdapter.onMessage(ClientCalls.java:421)
	at org.apache.ratis.thirdparty.io.grpc.ForwardingClientCallListener.onMessage(ForwardingClientCallListener.java:33)
	at org.apache.ratis.thirdparty.io.grpc.ForwardingClientCallListener.onMessage(ForwardingClientCallListener.java:33)
	at org.apache.ratis.thirdparty.io.grpc.internal.ClientCallImpl$ClientStreamListenerImpl$1MessagesAvailable.runInContext(ClientCallImpl.java:519)
	at org.apache.ratis.thirdparty.io.grpc.internal.ContextRunnable.run(ContextRunnable.java:37)
	at org.apache.ratis.thirdparty.io.grpc.internal.SerializingExecutor.run(SerializingExecutor.java:123)
	at java.util.concurrent.ThreadPoolExecutor.runWorker(ThreadPoolExecutor.java:1149)
	at java.util.concurrent.ThreadPoolExecutor$Worker.run(ThreadPoolExecutor.java:624)
	at java.lang.Thread.run(Thread.java:748)
Caused by: org.apache.ratis.protocol.NotLeaderException: Server b89e1062-1dd5-4f67-aefc-0a9ace8ccdc1 is not the leader (null). Request must be sent to leader.
	at org.apache.ratis.client.impl.ClientProtoUtils.toRaftClientReply(ClientProtoUtils.java:242)
	at org.apache.ratis.grpc.client.GrpcClientProtocolClient$AsyncStreamObservers$1.onNext(GrpcClientProtocolClient.java:254)
	... 10 more
</error>
    <system-out><![CDATA[2019-09-05 17:44:50,577 [pool-67-thread-1] INFO  storage.RaftStorage (RaftStorage.java:format(72)) - Storage directory /workdir/hadoop-ozone/integration-test/target/test-dir/MiniOzoneClusterImpl-e7761c2c-6268-40b2-9163-02537e17f130/datanode-4/data/ratis/161d777d-c07f-4e89-9ba3-35e1d3ad18b2 has been successfully formatted.
2019-09-05 17:44:50,577 [main] WARN  server.ServerUtils (ServerUtils.java:getScmDbDir(145)) - ozone.scm.db.dirs is not configured. We recommend adding this setting. Falling back to ozone.metadata.dirs instead.
2019-09-05 17:44:50,577 [pool-47-thread-1] INFO  storage.RaftStorage (RaftStorage.java:format(72)) - Storage directory /workdir/hadoop-ozone/integration-test/target/test-dir/MiniOzoneClusterImpl-e7761c2c-6268-40b2-9163-02537e17f130/datanode-2/data/ratis/161d777d-c07f-4e89-9ba3-35e1d3ad18b2 has been successfully formatted.
2019-09-05 17:44:50,577 [pool-67-thread-1] INFO  ratis.ContainerStateMachine (ContainerStateMachine.java:loadSnapshot(227)) - group-35E1D3AD18B2: The snapshot info is null. Setting the last applied indexto:(t:0, i:~)
2019-09-05 17:44:50,578 [pool-47-thread-1] INFO  ratis.ContainerStateMachine (ContainerStateMachine.java:loadSnapshot(227)) - group-35E1D3AD18B2: The snapshot info is null. Setting the last applied indexto:(t:0, i:~)
2019-09-05 17:44:50,578 [pool-67-thread-1] INFO  server.RaftServerConfigKeys (ConfUtils.java:logGet(43)) - raft.server.leader.election.timeout = 120s (custom)
2019-09-05 17:44:50,578 [pool-47-thread-1] INFO  server.RaftServerConfigKeys (ConfUtils.java:logGet(43)) - raft.server.leader.election.timeout = 120s (custom)
2019-09-05 17:44:50,578 [pool-67-thread-1] INFO  server.RaftServerConfigKeys (ConfUtils.java:logGet(43)) - raft.server.log.use.memory = false (default)
2019-09-05 17:44:50,578 [pool-47-thread-1] INFO  server.RaftServerConfigKeys (ConfUtils.java:logGet(43)) - raft.server.log.use.memory = false (default)
2019-09-05 17:44:50,579 [pool-67-thread-1] INFO  server.RaftServerConfigKeys (ConfUtils.java:logGet(43)) - raft.server.log.purge.gap = 1000000 (custom)
2019-09-05 17:44:50,579 [pool-47-thread-1] INFO  server.RaftServerConfigKeys (ConfUtils.java:logGet(43)) - raft.server.log.purge.gap = 1000000 (custom)
2019-09-05 17:44:50,579 [pool-67-thread-1] INFO  server.RaftServerConfigKeys (ConfUtils.java:logGet(43)) - raft.server.log.appender.buffer.byte-limit = 33554432 (custom)
2019-09-05 17:44:50,579 [pool-47-thread-1] INFO  server.RaftServerConfigKeys (ConfUtils.java:logGet(43)) - raft.server.log.appender.buffer.byte-limit = 33554432 (custom)
2019-09-05 17:44:50,579 [pool-67-thread-1] INFO  server.RaftServerConfigKeys (ConfUtils.java:logGet(43)) - raft.server.log.segment.size.max = 1048576 (custom)
2019-09-05 17:44:50,579 [pool-47-thread-1] INFO  server.RaftServerConfigKeys (ConfUtils.java:logGet(43)) - raft.server.log.segment.size.max = 1048576 (custom)
2019-09-05 17:44:50,580 [pool-67-thread-1] INFO  server.RaftServerConfigKeys (ConfUtils.java:logGet(43)) - raft.server.log.segment.cache.num.max = 2 (custom)
2019-09-05 17:44:50,580 [pool-47-thread-1] INFO  server.RaftServerConfigKeys (ConfUtils.java:logGet(43)) - raft.server.log.segment.cache.num.max = 2 (custom)
2019-09-05 17:44:50,580 [pool-67-thread-1] INFO  segmented.SegmentedRaftLogWorker (SegmentedRaftLogWorker.java:<init>(172)) - new b323f64f-746c-4c8f-9b63-de29d29eb9b9-SegmentedRaftLogWorker:Storage Directory /workdir/hadoop-ozone/integration-test/target/test-dir/MiniOzoneClusterImpl-e7761c2c-6268-40b2-9163-02537e17f130/datanode-4/data/ratis/161d777d-c07f-4e89-9ba3-35e1d3ad18b2 for RaftStorage:Storage Directory /workdir/hadoop-ozone/integration-test/target/test-dir/MiniOzoneClusterImpl-e7761c2c-6268-40b2-9163-02537e17f130/datanode-4/data/ratis/161d777d-c07f-4e89-9ba3-35e1d3ad18b2
2019-09-05 17:44:50,580 [pool-47-thread-1] INFO  segmented.SegmentedRaftLogWorker (SegmentedRaftLogWorker.java:<init>(172)) - new a707cb1f-a8f4-4ce4-9f34-5b67a6adaeb4-SegmentedRaftLogWorker:Storage Directory /workdir/hadoop-ozone/integration-test/target/test-dir/MiniOzoneClusterImpl-e7761c2c-6268-40b2-9163-02537e17f130/datanode-2/data/ratis/161d777d-c07f-4e89-9ba3-35e1d3ad18b2 for RaftStorage:Storage Directory /workdir/hadoop-ozone/integration-test/target/test-dir/MiniOzoneClusterImpl-e7761c2c-6268-40b2-9163-02537e17f130/datanode-2/data/ratis/161d777d-c07f-4e89-9ba3-35e1d3ad18b2
2019-09-05 17:44:50,580 [pool-67-thread-1] INFO  server.RaftServerConfigKeys (ConfUtils.java:logGet(43)) - raft.server.log.queue.byte-limit = 2147483647 (custom)
2019-09-05 17:44:50,580 [pool-47-thread-1] INFO  server.RaftServerConfigKeys (ConfUtils.java:logGet(43)) - raft.server.log.queue.byte-limit = 2147483647 (custom)
2019-09-05 17:44:50,583 [pool-67-thread-1] INFO  server.RaftServerConfigKeys (ConfUtils.java:logGet(43)) - raft.server.log.queue.element-limit = 1024 (custom)
2019-09-05 17:44:50,585 [pool-47-thread-1] INFO  server.RaftServerConfigKeys (ConfUtils.java:logGet(43)) - raft.server.log.queue.element-limit = 1024 (custom)
2019-09-05 17:44:50,586 [pool-67-thread-1] INFO  server.RaftServerConfigKeys (ConfUtils.java:logGet(43)) - raft.server.log.segment.size.max = 1048576 (custom)
2019-09-05 17:44:50,586 [pool-47-thread-1] INFO  server.RaftServerConfigKeys (ConfUtils.java:logGet(43)) - raft.server.log.segment.size.max = 1048576 (custom)
2019-09-05 17:44:50,586 [pool-67-thread-1] INFO  server.RaftServerConfigKeys (ConfUtils.java:logGet(43)) - raft.server.log.preallocated.size = 16384 (custom)
2019-09-05 17:44:50,586 [pool-47-thread-1] INFO  server.RaftServerConfigKeys (ConfUtils.java:logGet(43)) - raft.server.log.preallocated.size = 16384 (custom)
2019-09-05 17:44:50,586 [pool-67-thread-1] INFO  server.RaftServerConfigKeys (ConfUtils.java:logGet(43)) - raft.server.log.write.buffer.size = 33554432 (custom)
2019-09-05 17:44:50,586 [pool-47-thread-1] INFO  server.RaftServerConfigKeys (ConfUtils.java:logGet(43)) - raft.server.log.write.buffer.size = 33554432 (custom)
2019-09-05 17:44:50,587 [pool-67-thread-1] INFO  server.RaftServerConfigKeys (ConfUtils.java:logGet(43)) - raft.server.log.force.sync.num = 128 (default)
2019-09-05 17:44:50,587 [pool-47-thread-1] INFO  server.RaftServerConfigKeys (ConfUtils.java:logGet(43)) - raft.server.log.force.sync.num = 128 (default)
2019-09-05 17:44:50,587 [pool-67-thread-1] INFO  server.RaftServerConfigKeys (ConfUtils.java:logGet(43)) - raft.server.log.statemachine.data.sync = true (default)
2019-09-05 17:44:50,587 [pool-47-thread-1] INFO  server.RaftServerConfigKeys (ConfUtils.java:logGet(43)) - raft.server.log.statemachine.data.sync = true (default)
2019-09-05 17:44:50,587 [pool-67-thread-1] INFO  server.RaftServerConfigKeys (ConfUtils.java:logGet(43)) - raft.server.log.statemachine.data.sync.timeout = 10s (default)
2019-09-05 17:44:50,587 [pool-47-thread-1] INFO  server.RaftServerConfigKeys (ConfUtils.java:logGet(43)) - raft.server.log.statemachine.data.sync.timeout = 10s (default)
2019-09-05 17:44:50,587 [pool-67-thread-1] INFO  server.RaftServerConfigKeys (ConfUtils.java:logGet(43)) - raft.server.log.statemachine.data.sync.timeout.retry = -1 (default)
2019-09-05 17:44:50,588 [pool-47-thread-1] INFO  server.RaftServerConfigKeys (ConfUtils.java:logGet(43)) - raft.server.log.statemachine.data.sync.timeout.retry = -1 (default)
2019-09-05 17:44:50,588 [pool-67-thread-1] INFO  server.RaftServerConfigKeys (ConfUtils.java:logGet(43)) - raft.server.log.statemachine.data.caching.enabled = true (custom)
2019-09-05 17:44:50,588 [pool-47-thread-1] INFO  server.RaftServerConfigKeys (ConfUtils.java:logGet(43)) - raft.server.log.statemachine.data.caching.enabled = true (custom)
2019-09-05 17:44:50,588 [pool-67-thread-1] INFO  segmented.SegmentedRaftLogWorker (SegmentedRaftLogWorker.java:lambda$new$0(132)) - b323f64f-746c-4c8f-9b63-de29d29eb9b9-SegmentedRaftLogWorker:Storage Directory /workdir/hadoop-ozone/integration-test/target/test-dir/MiniOzoneClusterImpl-e7761c2c-6268-40b2-9163-02537e17f130/datanode-4/data/ratis/161d777d-c07f-4e89-9ba3-35e1d3ad18b2: flushIndex: setUnconditionally 0 -> -1
2019-09-05 17:44:50,589 [pool-47-thread-1] INFO  segmented.SegmentedRaftLogWorker (SegmentedRaftLogWorker.java:lambda$new$0(132)) - a707cb1f-a8f4-4ce4-9f34-5b67a6adaeb4-SegmentedRaftLogWorker:Storage Directory /workdir/hadoop-ozone/integration-test/target/test-dir/MiniOzoneClusterImpl-e7761c2c-6268-40b2-9163-02537e17f130/datanode-2/data/ratis/161d777d-c07f-4e89-9ba3-35e1d3ad18b2: flushIndex: setUnconditionally 0 -> -1
2019-09-05 17:44:50,593 [pool-67-thread-1] INFO  server.RaftServerConfigKeys (ConfUtils.java:logGet(43)) - raft.server.snapshot.auto.trigger.enabled = true (custom)
2019-09-05 17:44:50,593 [pool-47-thread-1] INFO  server.RaftServerConfigKeys (ConfUtils.java:logGet(43)) - raft.server.snapshot.auto.trigger.enabled = true (custom)
2019-09-05 17:44:50,593 [pool-67-thread-1] INFO  server.RaftServerConfigKeys (ConfUtils.java:logGet(43)) - raft.server.snapshot.auto.trigger.threshold = 10000 (custom)
2019-09-05 17:44:50,593 [pool-47-thread-1] INFO  server.RaftServerConfigKeys (ConfUtils.java:logGet(43)) - raft.server.snapshot.auto.trigger.threshold = 10000 (custom)
2019-09-05 17:44:50,593 [pool-67-thread-1] INFO  server.RaftServerConfigKeys (ConfUtils.java:logGet(43)) - raft.server.retrycache.expirytime = 600000ms (custom)
2019-09-05 17:44:50,594 [pool-47-thread-1] INFO  server.RaftServerConfigKeys (ConfUtils.java:logGet(43)) - raft.server.retrycache.expirytime = 600000ms (custom)
2019-09-05 17:44:50,596 [pool-67-thread-1] INFO  impl.RaftServerImpl (RaftServerImpl.java:<init>(93)) - b323f64f-746c-4c8f-9b63-de29d29eb9b9: new RaftServerImpl for group-C6B4525C182E:[baa965d0-d7ca-4507-8405-0028ae870c0f:192.168.69.120:45325, b323f64f-746c-4c8f-9b63-de29d29eb9b9:192.168.69.120:33379, a707cb1f-a8f4-4ce4-9f34-5b67a6adaeb4:192.168.69.120:40572] with ContainerStateMachine:uninitialized
2019-09-05 17:44:50,596 [pool-67-thread-1] INFO  server.RaftServerConfigKeys (ConfUtils.java:logGet(43)) - raft.server.rpc.timeout.min = 1s (custom)
2019-09-05 17:44:50,597 [pool-67-thread-1] INFO  server.RaftServerConfigKeys (ConfUtils.java:logGet(43)) - raft.server.rpc.timeout.max = 1200ms (custom)
2019-09-05 17:44:50,597 [pool-67-thread-1] INFO  server.RaftServerConfigKeys (ConfUtils.java:logGet(43)) - raft.server.rpcslowness.timeout = 120s (custom)
2019-09-05 17:44:50,597 [pool-67-thread-1] INFO  server.RaftServerConfigKeys (ConfUtils.java:logGet(43)) - raft.server.sleep.deviation.threshold = 300 (default)
2019-09-05 17:44:50,597 [pool-67-thread-1] INFO  server.RaftServerConfigKeys (ConfUtils.java:logGet(43)) - raft.server.log.appender.install.snapshot.enabled = false (custom)
2019-09-05 17:44:50,597 [pool-67-thread-1] INFO  impl.RaftServerImpl (ServerState.java:<init>(105)) - b323f64f-746c-4c8f-9b63-de29d29eb9b9:group-C6B4525C182E ConfigurationManager, init=-1: [baa965d0-d7ca-4507-8405-0028ae870c0f:192.168.69.120:45325, b323f64f-746c-4c8f-9b63-de29d29eb9b9:192.168.69.120:33379, a707cb1f-a8f4-4ce4-9f34-5b67a6adaeb4:192.168.69.120:40572], old=null, confs=<EMPTY_MAP>
2019-09-05 17:44:50,597 [pool-67-thread-1] INFO  server.RaftServerConfigKeys (ConfUtils.java:logGet(43)) - raft.server.storage.dir = [/workdir/hadoop-ozone/integration-test/target/test-dir/MiniOzoneClusterImpl-e7761c2c-6268-40b2-9163-02537e17f130/datanode-4/data/ratis] (custom)
2019-09-05 17:44:50,598 [pool-47-thread-1] INFO  impl.RaftServerImpl (RaftServerImpl.java:<init>(93)) - a707cb1f-a8f4-4ce4-9f34-5b67a6adaeb4: new RaftServerImpl for group-C6B4525C182E:[baa965d0-d7ca-4507-8405-0028ae870c0f:192.168.69.120:45325, b323f64f-746c-4c8f-9b63-de29d29eb9b9:192.168.69.120:33379, a707cb1f-a8f4-4ce4-9f34-5b67a6adaeb4:192.168.69.120:40572] with ContainerStateMachine:uninitialized
2019-09-05 17:44:50,598 [pool-47-thread-1] INFO  server.RaftServerConfigKeys (ConfUtils.java:logGet(43)) - raft.server.rpc.timeout.min = 1s (custom)
2019-09-05 17:44:50,598 [pool-67-thread-1] INFO  storage.RaftStorageDirectory (RaftStorageDirectory.java:analyzeStorage(246)) - The storage directory /workdir/hadoop-ozone/integration-test/target/test-dir/MiniOzoneClusterImpl-e7761c2c-6268-40b2-9163-02537e17f130/datanode-4/data/ratis/adb205d0-843f-40e1-afb0-c6b4525c182e does not exist. Creating ...
2019-09-05 17:44:50,598 [pool-47-thread-1] INFO  server.RaftServerConfigKeys (ConfUtils.java:logGet(43)) - raft.server.rpc.timeout.max = 1200ms (custom)
2019-09-05 17:44:50,598 [pool-47-thread-1] INFO  server.RaftServerConfigKeys (ConfUtils.java:logGet(43)) - raft.server.rpcslowness.timeout = 120s (custom)
2019-09-05 17:44:50,599 [pool-47-thread-1] INFO  server.RaftServerConfigKeys (ConfUtils.java:logGet(43)) - raft.server.sleep.deviation.threshold = 300 (default)
2019-09-05 17:44:50,599 [pool-47-thread-1] INFO  server.RaftServerConfigKeys (ConfUtils.java:logGet(43)) - raft.server.log.appender.install.snapshot.enabled = false (custom)
2019-09-05 17:44:50,599 [pool-47-thread-1] INFO  impl.RaftServerImpl (ServerState.java:<init>(105)) - a707cb1f-a8f4-4ce4-9f34-5b67a6adaeb4:group-C6B4525C182E ConfigurationManager, init=-1: [baa965d0-d7ca-4507-8405-0028ae870c0f:192.168.69.120:45325, b323f64f-746c-4c8f-9b63-de29d29eb9b9:192.168.69.120:33379, a707cb1f-a8f4-4ce4-9f34-5b67a6adaeb4:192.168.69.120:40572], old=null, confs=<EMPTY_MAP>
2019-09-05 17:44:50,600 [pool-47-thread-1] INFO  server.RaftServerConfigKeys (ConfUtils.java:logGet(43)) - raft.server.storage.dir = [/workdir/hadoop-ozone/integration-test/target/test-dir/MiniOzoneClusterImpl-e7761c2c-6268-40b2-9163-02537e17f130/datanode-2/data/ratis] (custom)
2019-09-05 17:44:50,600 [pool-47-thread-1] INFO  storage.RaftStorageDirectory (RaftStorageDirectory.java:analyzeStorage(246)) - The storage directory /workdir/hadoop-ozone/integration-test/target/test-dir/MiniOzoneClusterImpl-e7761c2c-6268-40b2-9163-02537e17f130/datanode-2/data/ratis/adb205d0-843f-40e1-afb0-c6b4525c182e does not exist. Creating ...
2019-09-05 17:44:52,013 [pool-27-thread-1] INFO  storage.RaftStorageDirectory (RaftStorageDirectory.java:tryLock(328)) - Lock on /workdir/hadoop-ozone/integration-test/target/test-dir/MiniOzoneClusterImpl-e7761c2c-6268-40b2-9163-02537e17f130/datanode-0/data/ratis/161d777d-c07f-4e89-9ba3-35e1d3ad18b2/in_use.lock acquired by nodename 32023@pr-hdds-2007-scw2c-2724463716
2019-09-05 17:44:53,271 [b323f64f-746c-4c8f-9b63-de29d29eb9b9:group-92CBEBE91FE9:LeaderElection4] INFO  impl.LeaderElection (LeaderElection.java:askForVotes(181)) - b323f64f-746c-4c8f-9b63-de29d29eb9b9:group-92CBEBE91FE9:LeaderElection4: begin an election at term 2 for -1: [baa965d0-d7ca-4507-8405-0028ae870c0f:192.168.69.120:45325, b323f64f-746c-4c8f-9b63-de29d29eb9b9:192.168.69.120:33379, a707cb1f-a8f4-4ce4-9f34-5b67a6adaeb4:192.168.69.120:40572], old=null
2019-09-05 17:44:53,271 [baa965d0-d7ca-4507-8405-0028ae870c0f:group-92CBEBE91FE9:LeaderElection5] INFO  impl.LeaderElection (LeaderElection.java:askForVotes(181)) - baa965d0-d7ca-4507-8405-0028ae870c0f:group-92CBEBE91FE9:LeaderElection5: begin an election at term 1 for -1: [baa965d0-d7ca-4507-8405-0028ae870c0f:192.168.69.120:45325, b323f64f-746c-4c8f-9b63-de29d29eb9b9:192.168.69.120:33379, a707cb1f-a8f4-4ce4-9f34-5b67a6adaeb4:192.168.69.120:40572], old=null
2019-09-05 17:44:53,271 [a707cb1f-a8f4-4ce4-9f34-5b67a6adaeb4:group-92CBEBE91FE9:LeaderElection3] INFO  impl.LeaderElection (LeaderElection.java:askForVotes(181)) - a707cb1f-a8f4-4ce4-9f34-5b67a6adaeb4:group-92CBEBE91FE9:LeaderElection3: begin an election at term 2 for -1: [baa965d0-d7ca-4507-8405-0028ae870c0f:192.168.69.120:45325, b323f64f-746c-4c8f-9b63-de29d29eb9b9:192.168.69.120:33379, a707cb1f-a8f4-4ce4-9f34-5b67a6adaeb4:192.168.69.120:40572], old=null
2019-09-05 17:44:53,289 [grpc-default-executor-1] INFO  impl.RaftServerImpl (RaftServerImpl.java:setRole(171)) - baa965d0-d7ca-4507-8405-0028ae870c0f:group-92CBEBE91FE9 changes role from CANDIDATE to FOLLOWER at term 2 for recognizeCandidate:a707cb1f-a8f4-4ce4-9f34-5b67a6adaeb4
2019-09-05 17:44:53,289 [grpc-default-executor-1] INFO  impl.RoleInfo (RoleInfo.java:shutdownLeaderElection(134)) - baa965d0-d7ca-4507-8405-0028ae870c0f: shutdown LeaderElection
2019-09-05 17:44:53,290 [grpc-default-executor-1] INFO  impl.RoleInfo (RoleInfo.java:updateAndGet(143)) - baa965d0-d7ca-4507-8405-0028ae870c0f: start FollowerState
2019-09-05 17:44:53,329 [baa965d0-d7ca-4507-8405-0028ae870c0f:group-92CBEBE91FE9:LeaderElection5] INFO  impl.LeaderElection (LeaderElection.java:logAndReturn(56)) - baa965d0-d7ca-4507-8405-0028ae870c0f:group-92CBEBE91FE9:LeaderElection5: Election DISCOVERED_A_NEW_TERM; received 1 response(s) [baa965d0-d7ca-4507-8405-0028ae870c0f<-b323f64f-746c-4c8f-9b63-de29d29eb9b9#0:FAIL-t2] and 0 exception(s); baa965d0-d7ca-4507-8405-0028ae870c0f:t2, leader=null, voted=null, raftlog=baa965d0-d7ca-4507-8405-0028ae870c0f-SegmentedRaftLog:OPENED:c-1,f-1,i0, conf=-1: [baa965d0-d7ca-4507-8405-0028ae870c0f:192.168.69.120:45325, b323f64f-746c-4c8f-9b63-de29d29eb9b9:192.168.69.120:33379, a707cb1f-a8f4-4ce4-9f34-5b67a6adaeb4:192.168.69.120:40572], old=null
2019-09-05 17:44:54,368 [b323f64f-746c-4c8f-9b63-de29d29eb9b9:group-92CBEBE91FE9:LeaderElection4] INFO  impl.LeaderElection (LeaderElection.java:logAndReturn(56)) - b323f64f-746c-4c8f-9b63-de29d29eb9b9:group-92CBEBE91FE9:LeaderElection4: Election TIMEOUT; received 1 response(s) [b323f64f-746c-4c8f-9b63-de29d29eb9b9<-a707cb1f-a8f4-4ce4-9f34-5b67a6adaeb4#0:FAIL-t2] and 0 exception(s); b323f64f-746c-4c8f-9b63-de29d29eb9b9:t2, leader=null, voted=b323f64f-746c-4c8f-9b63-de29d29eb9b9, raftlog=b323f64f-746c-4c8f-9b63-de29d29eb9b9-SegmentedRaftLog:OPENED:c-1,f-1,i0, conf=-1: [baa965d0-d7ca-4507-8405-0028ae870c0f:192.168.69.120:45325, b323f64f-746c-4c8f-9b63-de29d29eb9b9:192.168.69.120:33379, a707cb1f-a8f4-4ce4-9f34-5b67a6adaeb4:192.168.69.120:40572], old=null
2019-09-05 17:44:54,374 [a707cb1f-a8f4-4ce4-9f34-5b67a6adaeb4:group-92CBEBE91FE9:LeaderElection3] INFO  impl.LeaderElection (LeaderElection.java:logAndReturn(56)) - a707cb1f-a8f4-4ce4-9f34-5b67a6adaeb4:group-92CBEBE91FE9:LeaderElection3: Election TIMEOUT; received 1 response(s) [a707cb1f-a8f4-4ce4-9f34-5b67a6adaeb4<-b323f64f-746c-4c8f-9b63-de29d29eb9b9#0:FAIL-t2] and 0 exception(s); a707cb1f-a8f4-4ce4-9f34-5b67a6adaeb4:t2, leader=null, voted=a707cb1f-a8f4-4ce4-9f34-5b67a6adaeb4, raftlog=a707cb1f-a8f4-4ce4-9f34-5b67a6adaeb4-SegmentedRaftLog:OPENED:c-1,f-1,i0, conf=-1: [baa965d0-d7ca-4507-8405-0028ae870c0f:192.168.69.120:45325, b323f64f-746c-4c8f-9b63-de29d29eb9b9:192.168.69.120:33379, a707cb1f-a8f4-4ce4-9f34-5b67a6adaeb4:192.168.69.120:40572], old=null
2019-09-05 17:44:54,379 [pool-47-thread-1] INFO  storage.RaftStorageDirectory (RaftStorageDirectory.java:tryLock(328)) - Lock on /workdir/hadoop-ozone/integration-test/target/test-dir/MiniOzoneClusterImpl-e7761c2c-6268-40b2-9163-02537e17f130/datanode-2/data/ratis/adb205d0-843f-40e1-afb0-c6b4525c182e/in_use.lock acquired by nodename 32023@pr-hdds-2007-scw2c-2724463716
2019-09-05 17:44:54,379 [pool-67-thread-1] INFO  storage.RaftStorageDirectory (RaftStorageDirectory.java:tryLock(328)) - Lock on /workdir/hadoop-ozone/integration-test/target/test-dir/MiniOzoneClusterImpl-e7761c2c-6268-40b2-9163-02537e17f130/datanode-4/data/ratis/adb205d0-843f-40e1-afb0-c6b4525c182e/in_use.lock acquired by nodename 32023@pr-hdds-2007-scw2c-2724463716
2019-09-05 17:44:55,514 [main] WARN  server.ServerUtils (ServerUtils.java:getScmDbDir(145)) - ozone.scm.db.dirs is not configured. We recommend adding this setting. Falling back to ozone.metadata.dirs instead.
2019-09-05 17:44:55,515 [main] WARN  server.ServerUtils (ServerUtils.java:getScmDbDir(145)) - ozone.scm.db.dirs is not configured. We recommend adding this setting. Falling back to ozone.metadata.dirs instead.
2019-09-05 17:44:55,515 [main] INFO  db.DBStoreBuilder (DBStoreBuilder.java:addTable(110)) - using custom profile for table: deletedBlocks
2019-09-05 17:44:55,516 [main] INFO  db.DBStoreBuilder (DBStoreBuilder.java:processTables(161)) - Using default column profile:DBProfile.DISK for Table:deletedBlocks
2019-09-05 17:44:55,516 [main] INFO  db.DBStoreBuilder (DBStoreBuilder.java:addTable(110)) - using custom profile for table: validCerts
2019-09-05 17:44:55,516 [main] INFO  db.DBStoreBuilder (DBStoreBuilder.java:processTables(161)) - Using default column profile:DBProfile.DISK for Table:validCerts
2019-09-05 17:44:55,517 [main] INFO  db.DBStoreBuilder (DBStoreBuilder.java:addTable(110)) - using custom profile for table: revokedCerts
2019-09-05 17:44:55,517 [main] INFO  db.DBStoreBuilder (DBStoreBuilder.java:processTables(161)) - Using default column profile:DBProfile.DISK for Table:revokedCerts
2019-09-05 17:44:55,517 [main] INFO  db.DBStoreBuilder (DBStoreBuilder.java:addTable(110)) - using custom profile for table: default
2019-09-05 17:44:55,517 [main] INFO  db.DBStoreBuilder (DBStoreBuilder.java:processTables(167)) - Using default column profile:DBProfile.DISK for Table:default
2019-09-05 17:44:55,518 [main] INFO  db.DBStoreBuilder (DBStoreBuilder.java:getDbProfile(198)) - Using default options. DBProfile.DISK
2019-09-05 17:44:55,993 [pool-27-thread-1] INFO  storage.RaftStorage (RaftStorage.java:format(72)) - Storage directory /workdir/hadoop-ozone/integration-test/target/test-dir/MiniOzoneClusterImpl-e7761c2c-6268-40b2-9163-02537e17f130/datanode-0/data/ratis/161d777d-c07f-4e89-9ba3-35e1d3ad18b2 has been successfully formatted.
2019-09-05 17:44:55,993 [pool-27-thread-1] INFO  ratis.ContainerStateMachine (ContainerStateMachine.java:loadSnapshot(227)) - group-35E1D3AD18B2: The snapshot info is null. Setting the last applied indexto:(t:0, i:~)
2019-09-05 17:44:55,994 [pool-27-thread-1] INFO  server.RaftServerConfigKeys (ConfUtils.java:logGet(43)) - raft.server.leader.election.timeout = 120s (custom)
2019-09-05 17:44:55,994 [pool-27-thread-1] INFO  server.RaftServerConfigKeys (ConfUtils.java:logGet(43)) - raft.server.log.use.memory = false (default)
2019-09-05 17:44:55,994 [pool-27-thread-1] INFO  server.RaftServerConfigKeys (ConfUtils.java:logGet(43)) - raft.server.log.purge.gap = 1000000 (custom)
2019-09-05 17:44:55,994 [pool-27-thread-1] INFO  server.RaftServerConfigKeys (ConfUtils.java:logGet(43)) - raft.server.log.appender.buffer.byte-limit = 33554432 (custom)
2019-09-05 17:44:55,994 [pool-27-thread-1] INFO  server.RaftServerConfigKeys (ConfUtils.java:logGet(43)) - raft.server.log.segment.size.max = 1048576 (custom)
2019-09-05 17:44:55,994 [pool-27-thread-1] INFO  server.RaftServerConfigKeys (ConfUtils.java:logGet(43)) - raft.server.log.segment.cache.num.max = 2 (custom)
2019-09-05 17:44:55,994 [pool-27-thread-1] INFO  segmented.SegmentedRaftLogWorker (SegmentedRaftLogWorker.java:<init>(172)) - new baa965d0-d7ca-4507-8405-0028ae870c0f-SegmentedRaftLogWorker:Storage Directory /workdir/hadoop-ozone/integration-test/target/test-dir/MiniOzoneClusterImpl-e7761c2c-6268-40b2-9163-02537e17f130/datanode-0/data/ratis/161d777d-c07f-4e89-9ba3-35e1d3ad18b2 for RaftStorage:Storage Directory /workdir/hadoop-ozone/integration-test/target/test-dir/MiniOzoneClusterImpl-e7761c2c-6268-40b2-9163-02537e17f130/datanode-0/data/ratis/161d777d-c07f-4e89-9ba3-35e1d3ad18b2
2019-09-05 17:44:55,995 [pool-27-thread-1] INFO  server.RaftServerConfigKeys (ConfUtils.java:logGet(43)) - raft.server.log.queue.byte-limit = 2147483647 (custom)
2019-09-05 17:44:55,995 [pool-27-thread-1] INFO  server.RaftServerConfigKeys (ConfUtils.java:logGet(43)) - raft.server.log.queue.element-limit = 1024 (custom)
2019-09-05 17:44:55,995 [pool-27-thread-1] INFO  server.RaftServerConfigKeys (ConfUtils.java:logGet(43)) - raft.server.log.segment.size.max = 1048576 (custom)
2019-09-05 17:44:55,995 [pool-27-thread-1] INFO  server.RaftServerConfigKeys (ConfUtils.java:logGet(43)) - raft.server.log.preallocated.size = 16384 (custom)
2019-09-05 17:44:55,995 [pool-27-thread-1] INFO  server.RaftServerConfigKeys (ConfUtils.java:logGet(43)) - raft.server.log.write.buffer.size = 33554432 (custom)
2019-09-05 17:44:55,995 [pool-27-thread-1] INFO  server.RaftServerConfigKeys (ConfUtils.java:logGet(43)) - raft.server.log.force.sync.num = 128 (default)
2019-09-05 17:44:55,995 [pool-27-thread-1] INFO  server.RaftServerConfigKeys (ConfUtils.java:logGet(43)) - raft.server.log.statemachine.data.sync = true (default)
2019-09-05 17:44:55,996 [pool-27-thread-1] INFO  server.RaftServerConfigKeys (ConfUtils.java:logGet(43)) - raft.server.log.statemachine.data.sync.timeout = 10s (default)
2019-09-05 17:44:55,996 [pool-27-thread-1] INFO  server.RaftServerConfigKeys (ConfUtils.java:logGet(43)) - raft.server.log.statemachine.data.sync.timeout.retry = -1 (default)
2019-09-05 17:44:55,996 [pool-27-thread-1] INFO  server.RaftServerConfigKeys (ConfUtils.java:logGet(43)) - raft.server.log.statemachine.data.caching.enabled = true (custom)
2019-09-05 17:44:55,996 [pool-27-thread-1] INFO  segmented.SegmentedRaftLogWorker (SegmentedRaftLogWorker.java:lambda$new$0(132)) - baa965d0-d7ca-4507-8405-0028ae870c0f-SegmentedRaftLogWorker:Storage Directory /workdir/hadoop-ozone/integration-test/target/test-dir/MiniOzoneClusterImpl-e7761c2c-6268-40b2-9163-02537e17f130/datanode-0/data/ratis/161d777d-c07f-4e89-9ba3-35e1d3ad18b2: flushIndex: setUnconditionally 0 -> -1
2019-09-05 17:44:55,996 [pool-27-thread-1] INFO  server.RaftServerConfigKeys (ConfUtils.java:logGet(43)) - raft.server.snapshot.auto.trigger.enabled = true (custom)
2019-09-05 17:44:55,997 [pool-27-thread-1] INFO  server.RaftServerConfigKeys (ConfUtils.java:logGet(43)) - raft.server.snapshot.auto.trigger.threshold = 10000 (custom)
2019-09-05 17:44:55,997 [pool-27-thread-1] INFO  server.RaftServerConfigKeys (ConfUtils.java:logGet(43)) - raft.server.retrycache.expirytime = 600000ms (custom)
2019-09-05 17:44:55,999 [pool-27-thread-1] INFO  impl.RaftServerImpl (RaftServerImpl.java:<init>(93)) - baa965d0-d7ca-4507-8405-0028ae870c0f: new RaftServerImpl for group-C6B4525C182E:[baa965d0-d7ca-4507-8405-0028ae870c0f:192.168.69.120:45325, b323f64f-746c-4c8f-9b63-de29d29eb9b9:192.168.69.120:33379, a707cb1f-a8f4-4ce4-9f34-5b67a6adaeb4:192.168.69.120:40572] with ContainerStateMachine:uninitialized
2019-09-05 17:44:55,999 [pool-27-thread-1] INFO  server.RaftServerConfigKeys (ConfUtils.java:logGet(43)) - raft.server.rpc.timeout.min = 1s (custom)
2019-09-05 17:44:55,999 [pool-27-thread-1] INFO  server.RaftServerConfigKeys (ConfUtils.java:logGet(43)) - raft.server.rpc.timeout.max = 1200ms (custom)
2019-09-05 17:44:55,999 [pool-27-thread-1] INFO  server.RaftServerConfigKeys (ConfUtils.java:logGet(43)) - raft.server.rpcslowness.timeout = 120s (custom)
2019-09-05 17:44:55,999 [pool-27-thread-1] INFO  server.RaftServerConfigKeys (ConfUtils.java:logGet(43)) - raft.server.sleep.deviation.threshold = 300 (default)
2019-09-05 17:44:56,000 [pool-27-thread-1] INFO  server.RaftServerConfigKeys (ConfUtils.java:logGet(43)) - raft.server.log.appender.install.snapshot.enabled = false (custom)
2019-09-05 17:44:56,000 [pool-27-thread-1] INFO  impl.RaftServerImpl (ServerState.java:<init>(105)) - baa965d0-d7ca-4507-8405-0028ae870c0f:group-C6B4525C182E ConfigurationManager, init=-1: [baa965d0-d7ca-4507-8405-0028ae870c0f:192.168.69.120:45325, b323f64f-746c-4c8f-9b63-de29d29eb9b9:192.168.69.120:33379, a707cb1f-a8f4-4ce4-9f34-5b67a6adaeb4:192.168.69.120:40572], old=null, confs=<EMPTY_MAP>
2019-09-05 17:44:56,000 [pool-27-thread-1] INFO  server.RaftServerConfigKeys (ConfUtils.java:logGet(43)) - raft.server.storage.dir = [/workdir/hadoop-ozone/integration-test/target/test-dir/MiniOzoneClusterImpl-e7761c2c-6268-40b2-9163-02537e17f130/datanode-0/data/ratis] (custom)
2019-09-05 17:44:56,000 [pool-27-thread-1] INFO  storage.RaftStorageDirectory (RaftStorageDirectory.java:analyzeStorage(246)) - The storage directory /workdir/hadoop-ozone/integration-test/target/test-dir/MiniOzoneClusterImpl-e7761c2c-6268-40b2-9163-02537e17f130/datanode-0/data/ratis/adb205d0-843f-40e1-afb0-c6b4525c182e does not exist. Creating ...
2019-09-05 17:44:56,400 [a707cb1f-a8f4-4ce4-9f34-5b67a6adaeb4:group-92CBEBE91FE9:LeaderElection3] INFO  impl.LeaderElection (LeaderElection.java:askForVotes(181)) - a707cb1f-a8f4-4ce4-9f34-5b67a6adaeb4:group-92CBEBE91FE9:LeaderElection3: begin an election at term 3 for -1: [baa965d0-d7ca-4507-8405-0028ae870c0f:192.168.69.120:45325, b323f64f-746c-4c8f-9b63-de29d29eb9b9:192.168.69.120:33379, a707cb1f-a8f4-4ce4-9f34-5b67a6adaeb4:192.168.69.120:40572], old=null
2019-09-05 17:44:56,403 [Thread-277] INFO  impl.FollowerState (FollowerState.java:run(106)) - baa965d0-d7ca-4507-8405-0028ae870c0f:group-92CBEBE91FE9 changes to CANDIDATE, lastRpcTime:3113, electionTimeout:1074ms
2019-09-05 17:44:56,400 [b323f64f-746c-4c8f-9b63-de29d29eb9b9:group-92CBEBE91FE9:LeaderElection4] INFO  impl.LeaderElection (LeaderElection.java:askForVotes(181)) - b323f64f-746c-4c8f-9b63-de29d29eb9b9:group-92CBEBE91FE9:LeaderElection4: begin an election at term 3 for -1: [baa965d0-d7ca-4507-8405-0028ae870c0f:192.168.69.120:45325, b323f64f-746c-4c8f-9b63-de29d29eb9b9:192.168.69.120:33379, a707cb1f-a8f4-4ce4-9f34-5b67a6adaeb4:192.168.69.120:40572], old=null
2019-09-05 17:44:56,403 [Thread-277] INFO  impl.RoleInfo (RoleInfo.java:shutdownFollowerState(121)) - baa965d0-d7ca-4507-8405-0028ae870c0f: shutdown FollowerState
2019-09-05 17:44:56,403 [Thread-277] INFO  impl.RaftServerImpl (RaftServerImpl.java:setRole(171)) - baa965d0-d7ca-4507-8405-0028ae870c0f:group-92CBEBE91FE9 changes role from FOLLOWER to CANDIDATE at term 2 for changeToCandidate
2019-09-05 17:44:56,404 [Thread-277] INFO  impl.RoleInfo (RoleInfo.java:updateAndGet(143)) - baa965d0-d7ca-4507-8405-0028ae870c0f: start LeaderElection
2019-09-05 17:44:56,410 [grpc-default-executor-3] INFO  impl.RaftServerImpl (RaftServerImpl.java:setRole(171)) - baa965d0-d7ca-4507-8405-0028ae870c0f:group-92CBEBE91FE9 changes role from CANDIDATE to FOLLOWER at term 2 for recognizeCandidate:b323f64f-746c-4c8f-9b63-de29d29eb9b9
2019-09-05 17:44:56,410 [grpc-default-executor-3] INFO  impl.RoleInfo (RoleInfo.java:shutdownLeaderElection(134)) - baa965d0-d7ca-4507-8405-0028ae870c0f: shutdown LeaderElection
2019-09-05 17:44:56,410 [grpc-default-executor-3] INFO  impl.RoleInfo (RoleInfo.java:updateAndGet(143)) - baa965d0-d7ca-4507-8405-0028ae870c0f: start FollowerState
2019-09-05 17:44:57,133 [pool-47-thread-1] INFO  storage.RaftStorage (RaftStorage.java:format(72)) - Storage directory /workdir/hadoop-ozone/integration-test/target/test-dir/MiniOzoneClusterImpl-e7761c2c-6268-40b2-9163-02537e17f130/datanode-2/data/ratis/adb205d0-843f-40e1-afb0-c6b4525c182e has been successfully formatted.
2019-09-05 17:44:57,133 [pool-67-thread-1] INFO  storage.RaftStorage (RaftStorage.java:format(72)) - Storage directory /workdir/hadoop-ozone/integration-test/target/test-dir/MiniOzoneClusterImpl-e7761c2c-6268-40b2-9163-02537e17f130/datanode-4/data/ratis/adb205d0-843f-40e1-afb0-c6b4525c182e has been successfully formatted.
2019-09-05 17:44:57,134 [pool-47-thread-1] INFO  ratis.ContainerStateMachine (ContainerStateMachine.java:loadSnapshot(227)) - group-C6B4525C182E: The snapshot info is null. Setting the last applied indexto:(t:0, i:~)
2019-09-05 17:44:57,134 [pool-67-thread-1] INFO  ratis.ContainerStateMachine (ContainerStateMachine.java:loadSnapshot(227)) - group-C6B4525C182E: The snapshot info is null. Setting the last applied indexto:(t:0, i:~)
2019-09-05 17:44:57,134 [pool-47-thread-1] INFO  server.RaftServerConfigKeys (ConfUtils.java:logGet(43)) - raft.server.leader.election.timeout = 120s (custom)
2019-09-05 17:44:57,134 [pool-67-thread-1] INFO  server.RaftServerConfigKeys (ConfUtils.java:logGet(43)) - raft.server.leader.election.timeout = 120s (custom)
2019-09-05 17:44:57,134 [pool-47-thread-1] INFO  server.RaftServerConfigKeys (ConfUtils.java:logGet(43)) - raft.server.log.use.memory = false (default)
2019-09-05 17:44:57,134 [pool-67-thread-1] INFO  server.RaftServerConfigKeys (ConfUtils.java:logGet(43)) - raft.server.log.use.memory = false (default)
2019-09-05 17:44:57,135 [pool-47-thread-1] INFO  server.RaftServerConfigKeys (ConfUtils.java:logGet(43)) - raft.server.log.purge.gap = 1000000 (custom)
2019-09-05 17:44:57,135 [pool-67-thread-1] INFO  server.RaftServerConfigKeys (ConfUtils.java:logGet(43)) - raft.server.log.purge.gap = 1000000 (custom)
2019-09-05 17:44:57,135 [pool-47-thread-1] INFO  server.RaftServerConfigKeys (ConfUtils.java:logGet(43)) - raft.server.log.appender.buffer.byte-limit = 33554432 (custom)
2019-09-05 17:44:57,135 [pool-67-thread-1] INFO  server.RaftServerConfigKeys (ConfUtils.java:logGet(43)) - raft.server.log.appender.buffer.byte-limit = 33554432 (custom)
2019-09-05 17:44:57,135 [pool-47-thread-1] INFO  server.RaftServerConfigKeys (ConfUtils.java:logGet(43)) - raft.server.log.segment.size.max = 1048576 (custom)
2019-09-05 17:44:57,135 [pool-67-thread-1] INFO  server.RaftServerConfigKeys (ConfUtils.java:logGet(43)) - raft.server.log.segment.size.max = 1048576 (custom)
2019-09-05 17:44:57,136 [pool-47-thread-1] INFO  server.RaftServerConfigKeys (ConfUtils.java:logGet(43)) - raft.server.log.segment.cache.num.max = 2 (custom)
2019-09-05 17:44:57,136 [pool-67-thread-1] INFO  server.RaftServerConfigKeys (ConfUtils.java:logGet(43)) - raft.server.log.segment.cache.num.max = 2 (custom)
2019-09-05 17:44:57,136 [pool-47-thread-1] INFO  segmented.SegmentedRaftLogWorker (SegmentedRaftLogWorker.java:<init>(172)) - new a707cb1f-a8f4-4ce4-9f34-5b67a6adaeb4-SegmentedRaftLogWorker:Storage Directory /workdir/hadoop-ozone/integration-test/target/test-dir/MiniOzoneClusterImpl-e7761c2c-6268-40b2-9163-02537e17f130/datanode-2/data/ratis/adb205d0-843f-40e1-afb0-c6b4525c182e for RaftStorage:Storage Directory /workdir/hadoop-ozone/integration-test/target/test-dir/MiniOzoneClusterImpl-e7761c2c-6268-40b2-9163-02537e17f130/datanode-2/data/ratis/adb205d0-843f-40e1-afb0-c6b4525c182e
2019-09-05 17:44:57,136 [pool-67-thread-1] INFO  segmented.SegmentedRaftLogWorker (SegmentedRaftLogWorker.java:<init>(172)) - new b323f64f-746c-4c8f-9b63-de29d29eb9b9-SegmentedRaftLogWorker:Storage Directory /workdir/hadoop-ozone/integration-test/target/test-dir/MiniOzoneClusterImpl-e7761c2c-6268-40b2-9163-02537e17f130/datanode-4/data/ratis/adb205d0-843f-40e1-afb0-c6b4525c182e for RaftStorage:Storage Directory /workdir/hadoop-ozone/integration-test/target/test-dir/MiniOzoneClusterImpl-e7761c2c-6268-40b2-9163-02537e17f130/datanode-4/data/ratis/adb205d0-843f-40e1-afb0-c6b4525c182e
2019-09-05 17:44:57,136 [pool-47-thread-1] INFO  server.RaftServerConfigKeys (ConfUtils.java:logGet(43)) - raft.server.log.queue.byte-limit = 2147483647 (custom)
2019-09-05 17:44:57,136 [pool-67-thread-1] INFO  server.RaftServerConfigKeys (ConfUtils.java:logGet(43)) - raft.server.log.queue.byte-limit = 2147483647 (custom)
2019-09-05 17:44:57,142 [pool-47-thread-1] INFO  server.RaftServerConfigKeys (ConfUtils.java:logGet(43)) - raft.server.log.queue.element-limit = 1024 (custom)
2019-09-05 17:44:57,142 [pool-67-thread-1] INFO  server.RaftServerConfigKeys (ConfUtils.java:logGet(43)) - raft.server.log.queue.element-limit = 1024 (custom)
2019-09-05 17:44:57,142 [pool-47-thread-1] INFO  server.RaftServerConfigKeys (ConfUtils.java:logGet(43)) - raft.server.log.segment.size.max = 1048576 (custom)
2019-09-05 17:44:57,142 [pool-67-thread-1] INFO  server.RaftServerConfigKeys (ConfUtils.java:logGet(43)) - raft.server.log.segment.size.max = 1048576 (custom)
2019-09-05 17:44:57,142 [pool-47-thread-1] INFO  server.RaftServerConfigKeys (ConfUtils.java:logGet(43)) - raft.server.log.preallocated.size = 16384 (custom)
2019-09-05 17:44:57,142 [pool-67-thread-1] INFO  server.RaftServerConfigKeys (ConfUtils.java:logGet(43)) - raft.server.log.preallocated.size = 16384 (custom)
2019-09-05 17:44:57,143 [pool-47-thread-1] INFO  server.RaftServerConfigKeys (ConfUtils.java:logGet(43)) - raft.server.log.write.buffer.size = 33554432 (custom)
2019-09-05 17:44:57,143 [pool-67-thread-1] INFO  server.RaftServerConfigKeys (ConfUtils.java:logGet(43)) - raft.server.log.write.buffer.size = 33554432 (custom)
2019-09-05 17:44:57,143 [pool-47-thread-1] INFO  server.RaftServerConfigKeys (ConfUtils.java:logGet(43)) - raft.server.log.force.sync.num = 128 (default)
2019-09-05 17:44:57,143 [pool-67-thread-1] INFO  server.RaftServerConfigKeys (ConfUtils.java:logGet(43)) - raft.server.log.force.sync.num = 128 (default)
2019-09-05 17:44:57,143 [pool-47-thread-1] INFO  server.RaftServerConfigKeys (ConfUtils.java:logGet(43)) - raft.server.log.statemachine.data.sync = true (default)
2019-09-05 17:44:57,143 [pool-67-thread-1] INFO  server.RaftServerConfigKeys (ConfUtils.java:logGet(43)) - raft.server.log.statemachine.data.sync = true (default)
2019-09-05 17:44:57,144 [pool-47-thread-1] INFO  server.RaftServerConfigKeys (ConfUtils.java:logGet(43)) - raft.server.log.statemachine.data.sync.timeout = 10s (default)
2019-09-05 17:44:57,144 [pool-67-thread-1] INFO  server.RaftServerConfigKeys (ConfUtils.java:logGet(43)) - raft.server.log.statemachine.data.sync.timeout = 10s (default)
2019-09-05 17:44:57,144 [pool-47-thread-1] INFO  server.RaftServerConfigKeys (ConfUtils.java:logGet(43)) - raft.server.log.statemachine.data.sync.timeout.retry = -1 (default)
2019-09-05 17:44:57,144 [pool-67-thread-1] INFO  server.RaftServerConfigKeys (ConfUtils.java:logGet(43)) - raft.server.log.statemachine.data.sync.timeout.retry = -1 (default)
2019-09-05 17:44:57,144 [pool-47-thread-1] INFO  server.RaftServerConfigKeys (ConfUtils.java:logGet(43)) - raft.server.log.statemachine.data.caching.enabled = true (custom)
2019-09-05 17:44:57,144 [pool-67-thread-1] INFO  server.RaftServerConfigKeys (ConfUtils.java:logGet(43)) - raft.server.log.statemachine.data.caching.enabled = true (custom)
2019-09-05 17:44:57,145 [pool-47-thread-1] INFO  segmented.SegmentedRaftLogWorker (SegmentedRaftLogWorker.java:lambda$new$0(132)) - a707cb1f-a8f4-4ce4-9f34-5b67a6adaeb4-SegmentedRaftLogWorker:Storage Directory /workdir/hadoop-ozone/integration-test/target/test-dir/MiniOzoneClusterImpl-e7761c2c-6268-40b2-9163-02537e17f130/datanode-2/data/ratis/adb205d0-843f-40e1-afb0-c6b4525c182e: flushIndex: setUnconditionally 0 -> -1
2019-09-05 17:44:57,145 [pool-67-thread-1] INFO  segmented.SegmentedRaftLogWorker (SegmentedRaftLogWorker.java:lambda$new$0(132)) - b323f64f-746c-4c8f-9b63-de29d29eb9b9-SegmentedRaftLogWorker:Storage Directory /workdir/hadoop-ozone/integration-test/target/test-dir/MiniOzoneClusterImpl-e7761c2c-6268-40b2-9163-02537e17f130/datanode-4/data/ratis/adb205d0-843f-40e1-afb0-c6b4525c182e: flushIndex: setUnconditionally 0 -> -1
2019-09-05 17:44:57,145 [pool-47-thread-1] INFO  server.RaftServerConfigKeys (ConfUtils.java:logGet(43)) - raft.server.snapshot.auto.trigger.enabled = true (custom)
2019-09-05 17:44:57,145 [pool-47-thread-1] INFO  server.RaftServerConfigKeys (ConfUtils.java:logGet(43)) - raft.server.snapshot.auto.trigger.threshold = 10000 (custom)
2019-09-05 17:44:57,145 [pool-67-thread-1] INFO  server.RaftServerConfigKeys (ConfUtils.java:logGet(43)) - raft.server.snapshot.auto.trigger.enabled = true (custom)
2019-09-05 17:44:57,146 [pool-47-thread-1] INFO  server.RaftServerConfigKeys (ConfUtils.java:logGet(43)) - raft.server.retrycache.expirytime = 600000ms (custom)
2019-09-05 17:44:57,146 [pool-67-thread-1] INFO  server.RaftServerConfigKeys (ConfUtils.java:logGet(43)) - raft.server.snapshot.auto.trigger.threshold = 10000 (custom)
2019-09-05 17:44:57,146 [pool-47-thread-1] INFO  impl.RaftServerImpl (RaftServerImpl.java:start(180)) - a707cb1f-a8f4-4ce4-9f34-5b67a6adaeb4: start group-35E1D3AD18B2
2019-09-05 17:44:57,146 [pool-67-thread-1] INFO  server.RaftServerConfigKeys (ConfUtils.java:logGet(43)) - raft.server.retrycache.expirytime = 600000ms (custom)
2019-09-05 17:44:57,146 [pool-47-thread-1] INFO  impl.RaftServerImpl (RaftServerImpl.java:setRole(171)) - a707cb1f-a8f4-4ce4-9f34-5b67a6adaeb4:group-35E1D3AD18B2 changes role from null to FOLLOWER at term 0 for startAsFollower
2019-09-05 17:44:57,146 [pool-67-thread-1] INFO  impl.RaftServerImpl (RaftServerImpl.java:start(180)) - b323f64f-746c-4c8f-9b63-de29d29eb9b9: start group-35E1D3AD18B2
2019-09-05 17:44:57,146 [pool-47-thread-1] INFO  impl.RoleInfo (RoleInfo.java:updateAndGet(143)) - a707cb1f-a8f4-4ce4-9f34-5b67a6adaeb4: start FollowerState
2019-09-05 17:44:57,146 [pool-67-thread-1] INFO  impl.RaftServerImpl (RaftServerImpl.java:setRole(171)) - b323f64f-746c-4c8f-9b63-de29d29eb9b9:group-35E1D3AD18B2 changes role from null to FOLLOWER at term 0 for startAsFollower
2019-09-05 17:44:57,147 [pool-67-thread-1] INFO  impl.RoleInfo (RoleInfo.java:updateAndGet(143)) - b323f64f-746c-4c8f-9b63-de29d29eb9b9: start FollowerState
2019-09-05 17:44:57,147 [pool-47-thread-1] INFO  util.JmxRegister (JmxRegister.java:tryRegister(44)) - Successfully registered JMX Bean with object name Ratis:service=RaftServer,group=group-35E1D3AD18B2,id=a707cb1f-a8f4-4ce4-9f34-5b67a6adaeb4
2019-09-05 17:44:57,147 [pool-67-thread-1] INFO  util.JmxRegister (JmxRegister.java:tryRegister(44)) - Successfully registered JMX Bean with object name Ratis:service=RaftServer,group=group-35E1D3AD18B2,id=b323f64f-746c-4c8f-9b63-de29d29eb9b9
2019-09-05 17:44:57,148 [pool-47-thread-1] INFO  impl.RaftServerImpl (RaftServerImpl.java:start(180)) - a707cb1f-a8f4-4ce4-9f34-5b67a6adaeb4: start group-C6B4525C182E
2019-09-05 17:44:57,148 [pool-47-thread-1] INFO  impl.RaftServerImpl (RaftServerImpl.java:setRole(171)) - a707cb1f-a8f4-4ce4-9f34-5b67a6adaeb4:group-C6B4525C182E changes role from null to FOLLOWER at term 0 for startAsFollower
2019-09-05 17:44:57,148 [pool-67-thread-1] INFO  impl.RaftServerImpl (RaftServerImpl.java:start(180)) - b323f64f-746c-4c8f-9b63-de29d29eb9b9: start group-C6B4525C182E
2019-09-05 17:44:57,148 [pool-47-thread-1] INFO  impl.RoleInfo (RoleInfo.java:updateAndGet(143)) - a707cb1f-a8f4-4ce4-9f34-5b67a6adaeb4: start FollowerState
2019-09-05 17:44:57,148 [pool-67-thread-1] INFO  impl.RaftServerImpl (RaftServerImpl.java:setRole(171)) - b323f64f-746c-4c8f-9b63-de29d29eb9b9:group-C6B4525C182E changes role from null to FOLLOWER at term 0 for startAsFollower
2019-09-05 17:44:57,149 [pool-67-thread-1] INFO  impl.RoleInfo (RoleInfo.java:updateAndGet(143)) - b323f64f-746c-4c8f-9b63-de29d29eb9b9: start FollowerState
2019-09-05 17:44:57,149 [pool-47-thread-1] INFO  util.JmxRegister (JmxRegister.java:tryRegister(44)) - Successfully registered JMX Bean with object name Ratis:service=RaftServer,group=group-C6B4525C182E,id=a707cb1f-a8f4-4ce4-9f34-5b67a6adaeb4
2019-09-05 17:44:57,149 [pool-67-thread-1] INFO  util.JmxRegister (JmxRegister.java:tryRegister(44)) - Successfully registered JMX Bean with object name Ratis:service=RaftServer,group=group-C6B4525C182E,id=b323f64f-746c-4c8f-9b63-de29d29eb9b9
2019-09-05 17:44:57,184 [pool-27-thread-1] INFO  storage.RaftStorageDirectory (RaftStorageDirectory.java:tryLock(328)) - Lock on /workdir/hadoop-ozone/integration-test/target/test-dir/MiniOzoneClusterImpl-e7761c2c-6268-40b2-9163-02537e17f130/datanode-0/data/ratis/adb205d0-843f-40e1-afb0-c6b4525c182e/in_use.lock acquired by nodename 32023@pr-hdds-2007-scw2c-2724463716
2019-09-05 17:44:57,184 [baa965d0-d7ca-4507-8405-0028ae870c0f:group-92CBEBE91FE9:LeaderElection6] INFO  impl.LeaderElection (LeaderElection.java:askForVotes(181)) - baa965d0-d7ca-4507-8405-0028ae870c0f:group-92CBEBE91FE9:LeaderElection6: begin an election at term 3 for -1: [baa965d0-d7ca-4507-8405-0028ae870c0f:192.168.69.120:45325, b323f64f-746c-4c8f-9b63-de29d29eb9b9:192.168.69.120:33379, a707cb1f-a8f4-4ce4-9f34-5b67a6adaeb4:192.168.69.120:40572], old=null
2019-09-05 17:44:57,185 [baa965d0-d7ca-4507-8405-0028ae870c0f:group-92CBEBE91FE9:LeaderElection6] INFO  impl.LeaderElection (LeaderElection.java:logAndReturn(56)) - baa965d0-d7ca-4507-8405-0028ae870c0f:group-92CBEBE91FE9:LeaderElection6: Election REJECTED; received 0 response(s) [] and 0 exception(s); baa965d0-d7ca-4507-8405-0028ae870c0f:t3, leader=null, voted=baa965d0-d7ca-4507-8405-0028ae870c0f, raftlog=baa965d0-d7ca-4507-8405-0028ae870c0f-SegmentedRaftLog:OPENED:c-1,f-1,i0, conf=-1: [baa965d0-d7ca-4507-8405-0028ae870c0f:192.168.69.120:45325, b323f64f-746c-4c8f-9b63-de29d29eb9b9:192.168.69.120:33379, a707cb1f-a8f4-4ce4-9f34-5b67a6adaeb4:192.168.69.120:40572], old=null
2019-09-05 17:44:57,190 [a707cb1f-a8f4-4ce4-9f34-5b67a6adaeb4:group-92CBEBE91FE9:LeaderElection3] INFO  impl.LeaderElection (LeaderElection.java:logAndReturn(56)) - a707cb1f-a8f4-4ce4-9f34-5b67a6adaeb4:group-92CBEBE91FE9:LeaderElection3: Election REJECTED; received 2 response(s) [a707cb1f-a8f4-4ce4-9f34-5b67a6adaeb4<-baa965d0-d7ca-4507-8405-0028ae870c0f#0:FAIL-t3, a707cb1f-a8f4-4ce4-9f34-5b67a6adaeb4<-b323f64f-746c-4c8f-9b63-de29d29eb9b9#0:FAIL-t3] and 0 exception(s); a707cb1f-a8f4-4ce4-9f34-5b67a6adaeb4:t3, leader=null, voted=a707cb1f-a8f4-4ce4-9f34-5b67a6adaeb4, raftlog=a707cb1f-a8f4-4ce4-9f34-5b67a6adaeb4-SegmentedRaftLog:OPENED:c-1,f-1,i0, conf=-1: [baa965d0-d7ca-4507-8405-0028ae870c0f:192.168.69.120:45325, b323f64f-746c-4c8f-9b63-de29d29eb9b9:192.168.69.120:33379, a707cb1f-a8f4-4ce4-9f34-5b67a6adaeb4:192.168.69.120:40572], old=null
2019-09-05 17:44:57,190 [b323f64f-746c-4c8f-9b63-de29d29eb9b9:group-92CBEBE91FE9:LeaderElection4] INFO  impl.LeaderElection (LeaderElection.java:logAndReturn(56)) - b323f64f-746c-4c8f-9b63-de29d29eb9b9:group-92CBEBE91FE9:LeaderElection4: Election REJECTED; received 2 response(s) [b323f64f-746c-4c8f-9b63-de29d29eb9b9<-baa965d0-d7ca-4507-8405-0028ae870c0f#0:FAIL-t3, b323f64f-746c-4c8f-9b63-de29d29eb9b9<-a707cb1f-a8f4-4ce4-9f34-5b67a6adaeb4#0:FAIL-t3] and 0 exception(s); b323f64f-746c-4c8f-9b63-de29d29eb9b9:t3, leader=null, voted=b323f64f-746c-4c8f-9b63-de29d29eb9b9, raftlog=b323f64f-746c-4c8f-9b63-de29d29eb9b9-SegmentedRaftLog:OPENED:c-1,f-1,i0, conf=-1: [baa965d0-d7ca-4507-8405-0028ae870c0f:192.168.69.120:45325, b323f64f-746c-4c8f-9b63-de29d29eb9b9:192.168.69.120:33379, a707cb1f-a8f4-4ce4-9f34-5b67a6adaeb4:192.168.69.120:40572], old=null
2019-09-05 17:44:57,193 [b323f64f-746c-4c8f-9b63-de29d29eb9b9:group-92CBEBE91FE9:LeaderElection4] INFO  impl.RaftServerImpl (RaftServerImpl.java:setRole(171)) - b323f64f-746c-4c8f-9b63-de29d29eb9b9:group-92CBEBE91FE9 changes role from CANDIDATE to FOLLOWER at term 3 for DISCOVERED_A_NEW_TERM
2019-09-05 17:44:57,193 [a707cb1f-a8f4-4ce4-9f34-5b67a6adaeb4:group-92CBEBE91FE9:LeaderElection3] INFO  impl.RaftServerImpl (RaftServerImpl.java:setRole(171)) - a707cb1f-a8f4-4ce4-9f34-5b67a6adaeb4:group-92CBEBE91FE9 changes role from CANDIDATE to FOLLOWER at term 3 for DISCOVERED_A_NEW_TERM
2019-09-05 17:44:57,195 [b323f64f-746c-4c8f-9b63-de29d29eb9b9:group-92CBEBE91FE9:LeaderElection4] INFO  impl.RoleInfo (RoleInfo.java:shutdownLeaderElection(134)) - b323f64f-746c-4c8f-9b63-de29d29eb9b9: shutdown LeaderElection
2019-09-05 17:44:57,202 [a707cb1f-a8f4-4ce4-9f34-5b67a6adaeb4:group-92CBEBE91FE9:LeaderElection3] INFO  impl.RoleInfo (RoleInfo.java:shutdownLeaderElection(134)) - a707cb1f-a8f4-4ce4-9f34-5b67a6adaeb4: shutdown LeaderElection
2019-09-05 17:44:57,202 [b323f64f-746c-4c8f-9b63-de29d29eb9b9:group-92CBEBE91FE9:LeaderElection4] INFO  impl.RoleInfo (RoleInfo.java:updateAndGet(143)) - b323f64f-746c-4c8f-9b63-de29d29eb9b9: start FollowerState
2019-09-05 17:44:57,204 [pool-27-thread-1] INFO  storage.RaftStorage (RaftStorage.java:format(72)) - Storage directory /workdir/hadoop-ozone/integration-test/target/test-dir/MiniOzoneClusterImpl-e7761c2c-6268-40b2-9163-02537e17f130/datanode-0/data/ratis/adb205d0-843f-40e1-afb0-c6b4525c182e has been successfully formatted.
2019-09-05 17:44:57,204 [a707cb1f-a8f4-4ce4-9f34-5b67a6adaeb4:group-92CBEBE91FE9:LeaderElection3] INFO  impl.RoleInfo (RoleInfo.java:updateAndGet(143)) - a707cb1f-a8f4-4ce4-9f34-5b67a6adaeb4: start FollowerState
2019-09-05 17:44:57,206 [pool-27-thread-1] INFO  ratis.ContainerStateMachine (ContainerStateMachine.java:loadSnapshot(227)) - group-C6B4525C182E: The snapshot info is null. Setting the last applied indexto:(t:0, i:~)
2019-09-05 17:44:57,219 [pool-27-thread-1] INFO  server.RaftServerConfigKeys (ConfUtils.java:logGet(43)) - raft.server.leader.election.timeout = 120s (custom)
2019-09-05 17:44:57,219 [pool-27-thread-1] INFO  server.RaftServerConfigKeys (ConfUtils.java:logGet(43)) - raft.server.log.use.memory = false (default)
2019-09-05 17:44:57,219 [pool-27-thread-1] INFO  server.RaftServerConfigKeys (ConfUtils.java:logGet(43)) - raft.server.log.purge.gap = 1000000 (custom)
2019-09-05 17:44:57,219 [pool-27-thread-1] INFO  server.RaftServerConfigKeys (ConfUtils.java:logGet(43)) - raft.server.log.appender.buffer.byte-limit = 33554432 (custom)
2019-09-05 17:44:57,220 [pool-27-thread-1] INFO  server.RaftServerConfigKeys (ConfUtils.java:logGet(43)) - raft.server.log.segment.size.max = 1048576 (custom)
2019-09-05 17:44:57,220 [pool-27-thread-1] INFO  server.RaftServerConfigKeys (ConfUtils.java:logGet(43)) - raft.server.log.segment.cache.num.max = 2 (custom)
2019-09-05 17:44:57,220 [pool-27-thread-1] INFO  segmented.SegmentedRaftLogWorker (SegmentedRaftLogWorker.java:<init>(172)) - new baa965d0-d7ca-4507-8405-0028ae870c0f-SegmentedRaftLogWorker:Storage Directory /workdir/hadoop-ozone/integration-test/target/test-dir/MiniOzoneClusterImpl-e7761c2c-6268-40b2-9163-02537e17f130/datanode-0/data/ratis/adb205d0-843f-40e1-afb0-c6b4525c182e for RaftStorage:Storage Directory /workdir/hadoop-ozone/integration-test/target/test-dir/MiniOzoneClusterImpl-e7761c2c-6268-40b2-9163-02537e17f130/datanode-0/data/ratis/adb205d0-843f-40e1-afb0-c6b4525c182e
2019-09-05 17:44:57,220 [pool-27-thread-1] INFO  server.RaftServerConfigKeys (ConfUtils.java:logGet(43)) - raft.server.log.queue.byte-limit = 2147483647 (custom)
2019-09-05 17:44:57,220 [pool-27-thread-1] INFO  server.RaftServerConfigKeys (ConfUtils.java:logGet(43)) - raft.server.log.queue.element-limit = 1024 (custom)
2019-09-05 17:44:57,221 [pool-27-thread-1] INFO  server.RaftServerConfigKeys (ConfUtils.java:logGet(43)) - raft.server.log.segment.size.max = 1048576 (custom)
2019-09-05 17:44:57,221 [pool-27-thread-1] INFO  server.RaftServerConfigKeys (ConfUtils.java:logGet(43)) - raft.server.log.preallocated.size = 16384 (custom)
2019-09-05 17:44:57,221 [pool-27-thread-1] INFO  server.RaftServerConfigKeys (ConfUtils.java:logGet(43)) - raft.server.log.write.buffer.size = 33554432 (custom)
2019-09-05 17:44:57,221 [pool-27-thread-1] INFO  server.RaftServerConfigKeys (ConfUtils.java:logGet(43)) - raft.server.log.force.sync.num = 128 (default)
2019-09-05 17:44:57,221 [pool-27-thread-1] INFO  server.RaftServerConfigKeys (ConfUtils.java:logGet(43)) - raft.server.log.statemachine.data.sync = true (default)
2019-09-05 17:44:57,222 [pool-27-thread-1] INFO  server.RaftServerConfigKeys (ConfUtils.java:logGet(43)) - raft.server.log.statemachine.data.sync.timeout = 10s (default)
2019-09-05 17:44:57,222 [pool-27-thread-1] INFO  server.RaftServerConfigKeys (ConfUtils.java:logGet(43)) - raft.server.log.statemachine.data.sync.timeout.retry = -1 (default)
2019-09-05 17:44:57,222 [pool-27-thread-1] INFO  server.RaftServerConfigKeys (ConfUtils.java:logGet(43)) - raft.server.log.statemachine.data.caching.enabled = true (custom)
2019-09-05 17:44:57,222 [pool-27-thread-1] INFO  segmented.SegmentedRaftLogWorker (SegmentedRaftLogWorker.java:lambda$new$0(132)) - baa965d0-d7ca-4507-8405-0028ae870c0f-SegmentedRaftLogWorker:Storage Directory /workdir/hadoop-ozone/integration-test/target/test-dir/MiniOzoneClusterImpl-e7761c2c-6268-40b2-9163-02537e17f130/datanode-0/data/ratis/adb205d0-843f-40e1-afb0-c6b4525c182e: flushIndex: setUnconditionally 0 -> -1
2019-09-05 17:44:57,223 [pool-27-thread-1] INFO  server.RaftServerConfigKeys (ConfUtils.java:logGet(43)) - raft.server.snapshot.auto.trigger.enabled = true (custom)
2019-09-05 17:44:57,223 [pool-27-thread-1] INFO  server.RaftServerConfigKeys (ConfUtils.java:logGet(43)) - raft.server.snapshot.auto.trigger.threshold = 10000 (custom)
2019-09-05 17:44:57,223 [pool-27-thread-1] INFO  server.RaftServerConfigKeys (ConfUtils.java:logGet(43)) - raft.server.retrycache.expirytime = 600000ms (custom)
2019-09-05 17:44:57,223 [pool-27-thread-1] INFO  impl.RaftServerImpl (RaftServerImpl.java:start(180)) - baa965d0-d7ca-4507-8405-0028ae870c0f: start group-F433FC98830C
2019-09-05 17:44:57,224 [pool-27-thread-1] INFO  impl.RaftServerImpl (RaftServerImpl.java:setRole(171)) - baa965d0-d7ca-4507-8405-0028ae870c0f:group-F433FC98830C changes role from null to FOLLOWER at term 0 for startAsFollower
2019-09-05 17:44:57,224 [pool-27-thread-1] INFO  impl.RoleInfo (RoleInfo.java:updateAndGet(143)) - baa965d0-d7ca-4507-8405-0028ae870c0f: start FollowerState
2019-09-05 17:44:57,224 [pool-27-thread-1] INFO  util.JmxRegister (JmxRegister.java:tryRegister(44)) - Successfully registered JMX Bean with object name Ratis:service=RaftServer,group=group-F433FC98830C,id=baa965d0-d7ca-4507-8405-0028ae870c0f
2019-09-05 17:44:57,225 [pool-27-thread-1] INFO  impl.RaftServerImpl (RaftServerImpl.java:start(180)) - baa965d0-d7ca-4507-8405-0028ae870c0f: start group-35E1D3AD18B2
2019-09-05 17:44:57,225 [pool-27-thread-1] INFO  impl.RaftServerImpl (RaftServerImpl.java:setRole(171)) - baa965d0-d7ca-4507-8405-0028ae870c0f:group-35E1D3AD18B2 changes role from null to FOLLOWER at term 0 for startAsFollower
2019-09-05 17:44:57,225 [pool-27-thread-1] INFO  impl.RoleInfo (RoleInfo.java:updateAndGet(143)) - baa965d0-d7ca-4507-8405-0028ae870c0f: start FollowerState
2019-09-05 17:44:57,226 [pool-27-thread-1] INFO  util.JmxRegister (JmxRegister.java:tryRegister(44)) - Successfully registered JMX Bean with object name Ratis:service=RaftServer,group=group-35E1D3AD18B2,id=baa965d0-d7ca-4507-8405-0028ae870c0f
2019-09-05 17:44:57,226 [pool-27-thread-1] INFO  impl.RaftServerImpl (RaftServerImpl.java:start(180)) - baa965d0-d7ca-4507-8405-0028ae870c0f: start group-C6B4525C182E
2019-09-05 17:44:57,226 [pool-27-thread-1] INFO  impl.RaftServerImpl (RaftServerImpl.java:setRole(171)) - baa965d0-d7ca-4507-8405-0028ae870c0f:group-C6B4525C182E changes role from null to FOLLOWER at term 0 for startAsFollower
2019-09-05 17:44:57,226 [pool-27-thread-1] INFO  impl.RoleInfo (RoleInfo.java:updateAndGet(143)) - baa965d0-d7ca-4507-8405-0028ae870c0f: start FollowerState
2019-09-05 17:44:57,227 [pool-27-thread-1] INFO  util.JmxRegister (JmxRegister.java:tryRegister(44)) - Successfully registered JMX Bean with object name Ratis:service=RaftServer,group=group-C6B4525C182E,id=baa965d0-d7ca-4507-8405-0028ae870c0f
2019-09-05 17:44:57,436 [main] INFO  net.NodeSchemaLoader (NodeSchemaLoader.java:loadSchemaFromFile(125)) - Loading file from sun.misc.CompoundEnumeration@107bfcb2
2019-09-05 17:44:57,440 [main] INFO  net.NodeSchemaLoader (NodeSchemaLoader.java:loadSchema(171)) - Loading network topology layer schema file
2019-09-05 17:44:57,444 [main] WARN  server.ServerUtils (ServerUtils.java:sanitizeUserArgs(70)) - ozone.scm.stale.node.interval value = 300000 is larger than max = 100000 based on the key value of ozone.scm.heartbeat.thread.interval, reset to the max value 100000.
2019-09-05 17:44:57,444 [main] WARN  server.ServerUtils (ServerUtils.java:sanitizeUserArgs(70)) - ozone.scm.stale.node.interval value = 300000 is larger than max = 100000 based on the key value of ozone.scm.heartbeat.thread.interval, reset to the max value 100000.
2019-09-05 17:44:57,445 [main] INFO  node.SCMNodeManager (SCMNodeManager.java:<init>(114)) - Entering startup safe mode.
2019-09-05 17:44:57,446 [main] INFO  algorithms.ContainerPlacementPolicyFactory (ContainerPlacementPolicyFactory.java:getPolicy(55)) - Create container placement policy of type org.apache.hadoop.hdds.scm.container.placement.algorithms.SCMContainerPlacementRandom
2019-09-05 17:44:57,447 [main] WARN  server.ServerUtils (ServerUtils.java:getScmDbDir(145)) - ozone.scm.db.dirs is not configured. We recommend adding this setting. Falling back to ozone.metadata.dirs instead.
2019-09-05 17:44:57,453 [Thread-284] INFO  impl.FollowerState (FollowerState.java:run(106)) - baa965d0-d7ca-4507-8405-0028ae870c0f:group-92CBEBE91FE9 changes to CANDIDATE, lastRpcTime:1042, electionTimeout:1042ms
2019-09-05 17:44:57,453 [Thread-284] INFO  impl.RoleInfo (RoleInfo.java:shutdownFollowerState(121)) - baa965d0-d7ca-4507-8405-0028ae870c0f: shutdown FollowerState
2019-09-05 17:44:57,453 [Thread-284] INFO  impl.RaftServerImpl (RaftServerImpl.java:setRole(171)) - baa965d0-d7ca-4507-8405-0028ae870c0f:group-92CBEBE91FE9 changes role from FOLLOWER to CANDIDATE at term 3 for changeToCandidate
2019-09-05 17:44:57,453 [Thread-284] INFO  impl.RoleInfo (RoleInfo.java:updateAndGet(143)) - baa965d0-d7ca-4507-8405-0028ae870c0f: start LeaderElection
2019-09-05 17:44:57,484 [baa965d0-d7ca-4507-8405-0028ae870c0f:group-92CBEBE91FE9:LeaderElection7] INFO  impl.LeaderElection (LeaderElection.java:askForVotes(181)) - baa965d0-d7ca-4507-8405-0028ae870c0f:group-92CBEBE91FE9:LeaderElection7: begin an election at term 4 for -1: [baa965d0-d7ca-4507-8405-0028ae870c0f:192.168.69.120:45325, b323f64f-746c-4c8f-9b63-de29d29eb9b9:192.168.69.120:33379, a707cb1f-a8f4-4ce4-9f34-5b67a6adaeb4:192.168.69.120:40572], old=null
2019-09-05 17:44:57,495 [grpc-default-executor-2] INFO  impl.RaftServerImpl (RaftServerImpl.java:setRole(171)) - a707cb1f-a8f4-4ce4-9f34-5b67a6adaeb4:group-92CBEBE91FE9 changes role from FOLLOWER to FOLLOWER at term 4 for recognizeCandidate:baa965d0-d7ca-4507-8405-0028ae870c0f
2019-09-05 17:44:57,495 [grpc-default-executor-2] INFO  impl.RoleInfo (RoleInfo.java:shutdownFollowerState(121)) - a707cb1f-a8f4-4ce4-9f34-5b67a6adaeb4: shutdown FollowerState
2019-09-05 17:44:57,495 [grpc-default-executor-3] INFO  impl.RaftServerImpl (RaftServerImpl.java:setRole(171)) - b323f64f-746c-4c8f-9b63-de29d29eb9b9:group-92CBEBE91FE9 changes role from FOLLOWER to FOLLOWER at term 4 for recognizeCandidate:baa965d0-d7ca-4507-8405-0028ae870c0f
2019-09-05 17:44:57,495 [grpc-default-executor-2] INFO  impl.RoleInfo (RoleInfo.java:updateAndGet(143)) - a707cb1f-a8f4-4ce4-9f34-5b67a6adaeb4: start FollowerState
2019-09-05 17:44:57,495 [grpc-default-executor-3] INFO  impl.RoleInfo (RoleInfo.java:shutdownFollowerState(121)) - b323f64f-746c-4c8f-9b63-de29d29eb9b9: shutdown FollowerState
2019-09-05 17:44:57,495 [Thread-298] INFO  impl.FollowerState (FollowerState.java:run(114)) - a707cb1f-a8f4-4ce4-9f34-5b67a6adaeb4: FollowerState was interrupted: java.lang.InterruptedException: sleep interrupted
2019-09-05 17:44:57,496 [grpc-default-executor-3] INFO  impl.RoleInfo (RoleInfo.java:updateAndGet(143)) - b323f64f-746c-4c8f-9b63-de29d29eb9b9: start FollowerState
2019-09-05 17:44:57,496 [Thread-297] INFO  impl.FollowerState (FollowerState.java:run(114)) - b323f64f-746c-4c8f-9b63-de29d29eb9b9: FollowerState was interrupted: java.lang.InterruptedException: sleep interrupted
2019-09-05 17:44:57,513 [main] INFO  pipeline.SCMPipelineManager (SCMPipelineManager.java:initializePipelineState(128)) - No pipeline exists in current db
2019-09-05 17:44:57,513 [main] WARN  server.ServerUtils (ServerUtils.java:getScmDbDir(145)) - ozone.scm.db.dirs is not configured. We recommend adding this setting. Falling back to ozone.metadata.dirs instead.
2019-09-05 17:44:57,514 [baa965d0-d7ca-4507-8405-0028ae870c0f:group-92CBEBE91FE9:LeaderElection7] INFO  impl.LeaderElection (LeaderElection.java:logAndReturn(56)) - baa965d0-d7ca-4507-8405-0028ae870c0f:group-92CBEBE91FE9:LeaderElection7: Election PASSED; received 1 response(s) [baa965d0-d7ca-4507-8405-0028ae870c0f<-b323f64f-746c-4c8f-9b63-de29d29eb9b9#0:OK-t4] and 0 exception(s); baa965d0-d7ca-4507-8405-0028ae870c0f:t4, leader=null, voted=baa965d0-d7ca-4507-8405-0028ae870c0f, raftlog=baa965d0-d7ca-4507-8405-0028ae870c0f-SegmentedRaftLog:OPENED:c-1,f-1,i0, conf=-1: [baa965d0-d7ca-4507-8405-0028ae870c0f:192.168.69.120:45325, b323f64f-746c-4c8f-9b63-de29d29eb9b9:192.168.69.120:33379, a707cb1f-a8f4-4ce4-9f34-5b67a6adaeb4:192.168.69.120:40572], old=null
2019-09-05 17:44:57,514 [baa965d0-d7ca-4507-8405-0028ae870c0f:group-92CBEBE91FE9:LeaderElection7] INFO  impl.RoleInfo (RoleInfo.java:shutdownLeaderElection(134)) - baa965d0-d7ca-4507-8405-0028ae870c0f: shutdown LeaderElection
2019-09-05 17:44:57,517 [baa965d0-d7ca-4507-8405-0028ae870c0f:group-92CBEBE91FE9:LeaderElection7] INFO  impl.RaftServerImpl (RaftServerImpl.java:setRole(171)) - baa965d0-d7ca-4507-8405-0028ae870c0f:group-92CBEBE91FE9 changes role from CANDIDATE to LEADER at term 4 for changeToLeader
2019-09-05 17:44:57,517 [baa965d0-d7ca-4507-8405-0028ae870c0f:group-92CBEBE91FE9:LeaderElection7] INFO  impl.RaftServerImpl (ServerState.java:setLeader(263)) - baa965d0-d7ca-4507-8405-0028ae870c0f:group-92CBEBE91FE9 change Leader from null to baa965d0-d7ca-4507-8405-0028ae870c0f at term 4 for becomeLeader, leader elected after 16158ms
2019-09-05 17:44:57,529 [baa965d0-d7ca-4507-8405-0028ae870c0f:group-92CBEBE91FE9:LeaderElection7] INFO  server.RaftServerConfigKeys (ConfUtils.java:logGet(43)) - raft.server.staging.catchup.gap = 1000 (default)
2019-09-05 17:44:57,529 [baa965d0-d7ca-4507-8405-0028ae870c0f:group-92CBEBE91FE9:LeaderElection7] INFO  server.RaftServerConfigKeys (ConfUtils.java:logGet(43)) - raft.server.rpc.sleep.time = 25ms (default)
2019-09-05 17:44:57,534 [baa965d0-d7ca-4507-8405-0028ae870c0f:group-92CBEBE91FE9:LeaderElection7] INFO  server.RaftServerConfigKeys (ConfUtils.java:logGet(43)) - raft.server.write.element-limit = 4096 (default)
2019-09-05 17:44:57,538 [baa965d0-d7ca-4507-8405-0028ae870c0f:group-92CBEBE91FE9:LeaderElection7] INFO  server.RaftServerConfigKeys (ConfUtils.java:logGet(43)) - raft.server.watch.timeout = 10s (default)
2019-09-05 17:44:57,538 [baa965d0-d7ca-4507-8405-0028ae870c0f:group-92CBEBE91FE9:LeaderElection7] INFO  server.RaftServerConfigKeys (ConfUtils.java:logGet(43)) - raft.server.watch.timeout.denomination = 1s (default)
2019-09-05 17:44:57,539 [baa965d0-d7ca-4507-8405-0028ae870c0f:group-92CBEBE91FE9:LeaderElection7] INFO  server.RaftServerConfigKeys (ConfUtils.java:logGet(43)) - raft.server.watch.element-limit = 65536 (default)
2019-09-05 17:44:57,549 [baa965d0-d7ca-4507-8405-0028ae870c0f:group-92CBEBE91FE9:LeaderElection7] INFO  server.RaftServerConfigKeys (ConfUtils.java:logGet(43)) - raft.server.log.appender.snapshot.chunk.size.max = 16MB (=16777216) (default)
2019-09-05 17:44:57,549 [baa965d0-d7ca-4507-8405-0028ae870c0f:group-92CBEBE91FE9:LeaderElection7] INFO  server.RaftServerConfigKeys (ConfUtils.java:logGet(43)) - raft.server.log.appender.buffer.byte-limit = 33554432 (custom)
2019-09-05 17:44:57,550 [baa965d0-d7ca-4507-8405-0028ae870c0f:group-92CBEBE91FE9:LeaderElection7] INFO  server.RaftServerConfigKeys (ConfUtils.java:logGet(43)) - raft.server.log.appender.buffer.element-limit = 1 (custom)
2019-09-05 17:44:57,553 [baa965d0-d7ca-4507-8405-0028ae870c0f:group-92CBEBE91FE9:LeaderElection7] INFO  grpc.GrpcConfigKeys$Server (ConfUtils.java:logGet(43)) - raft.grpc.server.leader.outstanding.appends.max = 128 (default)
2019-09-05 17:44:57,553 [baa965d0-d7ca-4507-8405-0028ae870c0f:group-92CBEBE91FE9:LeaderElection7] INFO  server.RaftServerConfigKeys (ConfUtils.java:logGet(43)) - raft.server.rpc.request.timeout = 3000ms (default)
2019-09-05 17:44:57,553 [baa965d0-d7ca-4507-8405-0028ae870c0f:group-92CBEBE91FE9:LeaderElection7] INFO  server.RaftServerConfigKeys (ConfUtils.java:logGet(43)) - raft.server.log.appender.install.snapshot.enabled = false (custom)
2019-09-05 17:44:57,553 [baa965d0-d7ca-4507-8405-0028ae870c0f:group-92CBEBE91FE9:LeaderElection7] INFO  server.RaftServerConfigKeys (ConfUtils.java:logGet(43)) - raft.server.log.appender.snapshot.chunk.size.max = 16MB (=16777216) (default)
2019-09-05 17:44:57,553 [baa965d0-d7ca-4507-8405-0028ae870c0f:group-92CBEBE91FE9:LeaderElection7] INFO  server.RaftServerConfigKeys (ConfUtils.java:logGet(43)) - raft.server.log.appender.buffer.byte-limit = 33554432 (custom)
2019-09-05 17:44:57,554 [baa965d0-d7ca-4507-8405-0028ae870c0f:group-92CBEBE91FE9:LeaderElection7] INFO  server.RaftServerConfigKeys (ConfUtils.java:logGet(43)) - raft.server.log.appender.buffer.element-limit = 1 (custom)
2019-09-05 17:44:57,554 [baa965d0-d7ca-4507-8405-0028ae870c0f:group-92CBEBE91FE9:LeaderElection7] INFO  grpc.GrpcConfigKeys$Server (ConfUtils.java:logGet(43)) - raft.grpc.server.leader.outstanding.appends.max = 128 (default)
2019-09-05 17:44:57,554 [baa965d0-d7ca-4507-8405-0028ae870c0f:group-92CBEBE91FE9:LeaderElection7] INFO  server.RaftServerConfigKeys (ConfUtils.java:logGet(43)) - raft.server.rpc.request.timeout = 3000ms (default)
2019-09-05 17:44:57,554 [baa965d0-d7ca-4507-8405-0028ae870c0f:group-92CBEBE91FE9:LeaderElection7] INFO  server.RaftServerConfigKeys (ConfUtils.java:logGet(43)) - raft.server.log.appender.install.snapshot.enabled = false (custom)
2019-09-05 17:44:57,556 [baa965d0-d7ca-4507-8405-0028ae870c0f:group-92CBEBE91FE9:LeaderElection7] INFO  impl.RoleInfo (RoleInfo.java:updateAndGet(143)) - baa965d0-d7ca-4507-8405-0028ae870c0f: start LeaderState
2019-09-05 17:44:57,578 [baa965d0-d7ca-4507-8405-0028ae870c0f:group-92CBEBE91FE9:LeaderElection7] INFO  segmented.SegmentedRaftLogWorker (SegmentedRaftLogWorker.java:startLogSegment(380)) - baa965d0-d7ca-4507-8405-0028ae870c0f-SegmentedRaftLogWorker:Storage Directory /workdir/hadoop-ozone/integration-test/target/test-dir/MiniOzoneClusterImpl-e7761c2c-6268-40b2-9163-02537e17f130/datanode-0/data/ratis/9416bfbf-c309-42f1-8c91-92cbebe91fe9: Starting segment from index:0
2019-09-05 17:44:57,587 [baa965d0-d7ca-4507-8405-0028ae870c0f:group-92CBEBE91FE9:LeaderElection7] INFO  impl.RaftServerImpl (ServerState.java:setRaftConf(361)) - baa965d0-d7ca-4507-8405-0028ae870c0f:group-92CBEBE91FE9 set configuration 0: [baa965d0-d7ca-4507-8405-0028ae870c0f:192.168.69.120:45325, b323f64f-746c-4c8f-9b63-de29d29eb9b9:192.168.69.120:33379, a707cb1f-a8f4-4ce4-9f34-5b67a6adaeb4:192.168.69.120:40572], old=null at 0
2019-09-05 17:44:57,612 [grpc-default-executor-2] INFO  impl.RaftServerImpl (ServerState.java:setLeader(263)) - b323f64f-746c-4c8f-9b63-de29d29eb9b9:group-92CBEBE91FE9 change Leader from null to baa965d0-d7ca-4507-8405-0028ae870c0f at term 4 for appendEntries, leader elected after 16244ms
2019-09-05 17:44:57,613 [grpc-default-executor-3] INFO  impl.RaftServerImpl (ServerState.java:setLeader(263)) - a707cb1f-a8f4-4ce4-9f34-5b67a6adaeb4:group-92CBEBE91FE9 change Leader from null to baa965d0-d7ca-4507-8405-0028ae870c0f at term 4 for appendEntries, leader elected after 16707ms
2019-09-05 17:44:57,647 [grpc-default-executor-3] INFO  impl.RaftServerImpl (ServerState.java:setRaftConf(361)) - b323f64f-746c-4c8f-9b63-de29d29eb9b9:group-92CBEBE91FE9 set configuration 0: [baa965d0-d7ca-4507-8405-0028ae870c0f:192.168.69.120:45325, b323f64f-746c-4c8f-9b63-de29d29eb9b9:192.168.69.120:33379, a707cb1f-a8f4-4ce4-9f34-5b67a6adaeb4:192.168.69.120:40572], old=null at 0
2019-09-05 17:44:57,647 [grpc-default-executor-2] INFO  impl.RaftServerImpl (ServerState.java:setRaftConf(361)) - a707cb1f-a8f4-4ce4-9f34-5b67a6adaeb4:group-92CBEBE91FE9 set configuration 0: [baa965d0-d7ca-4507-8405-0028ae870c0f:192.168.69.120:45325, b323f64f-746c-4c8f-9b63-de29d29eb9b9:192.168.69.120:33379, a707cb1f-a8f4-4ce4-9f34-5b67a6adaeb4:192.168.69.120:40572], old=null at 0
2019-09-05 17:44:57,647 [grpc-default-executor-3] INFO  segmented.SegmentedRaftLogWorker (SegmentedRaftLogWorker.java:startLogSegment(380)) - b323f64f-746c-4c8f-9b63-de29d29eb9b9-SegmentedRaftLogWorker:Storage Directory /workdir/hadoop-ozone/integration-test/target/test-dir/MiniOzoneClusterImpl-e7761c2c-6268-40b2-9163-02537e17f130/datanode-4/data/ratis/9416bfbf-c309-42f1-8c91-92cbebe91fe9: Starting segment from index:0
2019-09-05 17:44:57,647 [grpc-default-executor-2] INFO  segmented.SegmentedRaftLogWorker (SegmentedRaftLogWorker.java:startLogSegment(380)) - a707cb1f-a8f4-4ce4-9f34-5b67a6adaeb4-SegmentedRaftLogWorker:Storage Directory /workdir/hadoop-ozone/integration-test/target/test-dir/MiniOzoneClusterImpl-e7761c2c-6268-40b2-9163-02537e17f130/datanode-2/data/ratis/9416bfbf-c309-42f1-8c91-92cbebe91fe9: Starting segment from index:0
2019-09-05 17:44:57,696 [main] WARN  events.EventQueue (EventQueue.java:fireEvent(183)) - No event handler registered for event TypedEvent{payloadType=SafeModeStatus, name='SafeModeStatus'}
2019-09-05 17:44:57,698 [main] INFO  ipc.CallQueueManager (CallQueueManager.java:<init>(84)) - Using callQueue: class java.util.concurrent.LinkedBlockingQueue, queueCapacity: 2000, scheduler: class org.apache.hadoop.ipc.DefaultRpcScheduler, ipcBackoff: false.
2019-09-05 17:44:57,699 [Socket Reader #1 for port 35232] INFO  ipc.Server (Server.java:run(1074)) - Starting Socket Reader #1 for port 35232
2019-09-05 17:44:57,704 [main] INFO  ipc.CallQueueManager (CallQueueManager.java:<init>(84)) - Using callQueue: class java.util.concurrent.LinkedBlockingQueue, queueCapacity: 2000, scheduler: class org.apache.hadoop.ipc.DefaultRpcScheduler, ipcBackoff: false.
2019-09-05 17:44:57,705 [Socket Reader #1 for port 34725] INFO  ipc.Server (Server.java:run(1074)) - Starting Socket Reader #1 for port 34725
2019-09-05 17:44:57,710 [main] INFO  ipc.CallQueueManager (CallQueueManager.java:<init>(84)) - Using callQueue: class java.util.concurrent.LinkedBlockingQueue, queueCapacity: 2000, scheduler: class org.apache.hadoop.ipc.DefaultRpcScheduler, ipcBackoff: false.
2019-09-05 17:44:57,711 [Socket Reader #1 for port 35873] INFO  ipc.Server (Server.java:run(1074)) - Starting Socket Reader #1 for port 35873
2019-09-05 17:44:57,715 [main] INFO  hdfs.DFSUtil (DFSUtil.java:httpServerTemplateForNNAndJN(1641)) - Starting Web-server for scm at: http://0.0.0.0:0
2019-09-05 17:44:57,717 [main] INFO  server.AuthenticationFilter (AuthenticationFilter.java:constructSecretProvider(240)) - Unable to initialize FileSignerSecretProvider, falling back to use random secrets.
2019-09-05 17:44:57,718 [main] WARN  http.HttpRequestLog (HttpRequestLog.java:getRequestLog(97)) - Jetty request log can only be enabled using Log4j
2019-09-05 17:44:57,720 [main] INFO  http.HttpServer2 (HttpServer2.java:addGlobalFilter(975)) - Added global filter 'safety' (class=org.apache.hadoop.http.HttpServer2$QuotingInputFilter)
2019-09-05 17:44:57,721 [main] INFO  http.HttpServer2 (HttpServer2.java:addFilter(948)) - Added filter static_user_filter (class=org.apache.hadoop.http.lib.StaticUserWebFilter$StaticUserFilter) to context scm
2019-09-05 17:44:57,721 [main] INFO  http.HttpServer2 (HttpServer2.java:addFilter(958)) - Added filter static_user_filter (class=org.apache.hadoop.http.lib.StaticUserWebFilter$StaticUserFilter) to context static
2019-09-05 17:44:57,722 [main] INFO  http.HttpServer2 (HttpServer2.java:addFilter(958)) - Added filter static_user_filter (class=org.apache.hadoop.http.lib.StaticUserWebFilter$StaticUserFilter) to context logs
2019-09-05 17:44:57,730 [main] INFO  server.StorageContainerManager (StorageContainerManager.java:start(759)) - StorageContainerLocationProtocol RPC server is listening at /0.0.0.0:35873
2019-09-05 17:44:57,731 [main] INFO  impl.MetricsSystemImpl (MetricsSystemImpl.java:init(158)) - StorageContainerManager metrics system started (again)
2019-09-05 17:44:57,747 [main] INFO  server.SCMClientProtocolServer (SCMClientProtocolServer.java:start(151)) - RPC server for Client  is listening at /0.0.0.0:35873
2019-09-05 17:44:57,747 [IPC Server Responder] INFO  ipc.Server (Server.java:run(1314)) - IPC Server Responder: starting
2019-09-05 17:44:57,747 [IPC Server listener on 35873] INFO  ipc.Server (Server.java:run(1153)) - IPC Server listener on 35873: starting
2019-09-05 17:44:57,761 [main] INFO  server.StorageContainerManager (StorageContainerManager.java:start(769)) - ScmBlockLocationProtocol RPC server is listening at /0.0.0.0:34725
2019-09-05 17:44:57,762 [main] INFO  server.SCMBlockProtocolServer (SCMBlockProtocolServer.java:start(146)) - RPC server for Block Protocol is listening at /0.0.0.0:34725
2019-09-05 17:44:57,762 [IPC Server Responder] INFO  ipc.Server (Server.java:run(1314)) - IPC Server Responder: starting
2019-09-05 17:44:57,762 [IPC Server listener on 34725] INFO  ipc.Server (Server.java:run(1153)) - IPC Server listener on 34725: starting
2019-09-05 17:44:57,769 [main] INFO  server.StorageContainerManager (StorageContainerManager.java:start(773)) - ScmDatanodeProtocl RPC server is listening at /0.0.0.0:35232
2019-09-05 17:44:57,769 [main] INFO  server.SCMDatanodeProtocolServer (SCMDatanodeProtocolServer.java:start(191)) - RPC server for DataNodes is listening at /0.0.0.0:35232
2019-09-05 17:44:57,770 [IPC Server Responder] INFO  ipc.Server (Server.java:run(1314)) - IPC Server Responder: starting
2019-09-05 17:44:57,770 [IPC Server listener on 35232] INFO  ipc.Server (Server.java:run(1153)) - IPC Server listener on 35232: starting
2019-09-05 17:44:57,807 [main] INFO  http.HttpServer2 (HttpServer2.java:bindListener(1191)) - Jetty bound to port 44502
2019-09-05 17:44:57,807 [main] INFO  server.Server (Server.java:doStart(351)) - jetty-9.3.24.v20180605, build timestamp: 2018-06-05T17:11:56Z, git hash: 84205aa28f11a4f31f2a3b86d1bba2cc8ab69827
2019-09-05 17:44:57,809 [main] INFO  handler.ContextHandler (ContextHandler.java:doStart(781)) - Started o.e.j.s.ServletContextHandler@3e5fd2b1{/logs,file:///workdir/hadoop-ozone/integration-test/target/log,AVAILABLE}
2019-09-05 17:44:57,809 [main] INFO  handler.ContextHandler (ContextHandler.java:doStart(781)) - Started o.e.j.s.ServletContextHandler@5b275811{/static,file:///workdir/hadoop-ozone/integration-test/target/test-classes/webapps/static,AVAILABLE}
2019-09-05 17:44:57,814 [main] INFO  handler.ContextHandler (ContextHandler.java:doStart(781)) - Started o.e.j.w.WebAppContext@1e3e1014{/,file:///workdir/hadoop-ozone/integration-test/target/test-classes/webapps/scm/,AVAILABLE}{/scm}
2019-09-05 17:44:57,814 [main] INFO  server.AbstractConnector (AbstractConnector.java:doStart(278)) - Started ServerConnector@3679d92e{HTTP/1.1,[http/1.1]}{0.0.0.0:44502}
2019-09-05 17:44:57,817 [baa965d0-d7ca-4507-8405-0028ae870c0f-SegmentedRaftLogWorker:Storage Directory /workdir/hadoop-ozone/integration-test/target/test-dir/MiniOzoneClusterImpl-e7761c2c-6268-40b2-9163-02537e17f130/datanode-0/data/ratis/9416bfbf-c309-42f1-8c91-92cbebe91fe9] INFO  segmented.SegmentedRaftLogWorker (SegmentedRaftLogWorker.java:execute(569)) - baa965d0-d7ca-4507-8405-0028ae870c0f-SegmentedRaftLogWorker:Storage Directory /workdir/hadoop-ozone/integration-test/target/test-dir/MiniOzoneClusterImpl-e7761c2c-6268-40b2-9163-02537e17f130/datanode-0/data/ratis/9416bfbf-c309-42f1-8c91-92cbebe91fe9: created new log segment /workdir/hadoop-ozone/integration-test/target/test-dir/MiniOzoneClusterImpl-e7761c2c-6268-40b2-9163-02537e17f130/datanode-0/data/ratis/9416bfbf-c309-42f1-8c91-92cbebe91fe9/current/log_inprogress_0
2019-09-05 17:44:57,817 [b323f64f-746c-4c8f-9b63-de29d29eb9b9-SegmentedRaftLogWorker:Storage Directory /workdir/hadoop-ozone/integration-test/target/test-dir/MiniOzoneClusterImpl-e7761c2c-6268-40b2-9163-02537e17f130/datanode-4/data/ratis/9416bfbf-c309-42f1-8c91-92cbebe91fe9] INFO  segmented.SegmentedRaftLogWorker (SegmentedRaftLogWorker.java:execute(569)) - b323f64f-746c-4c8f-9b63-de29d29eb9b9-SegmentedRaftLogWorker:Storage Directory /workdir/hadoop-ozone/integration-test/target/test-dir/MiniOzoneClusterImpl-e7761c2c-6268-40b2-9163-02537e17f130/datanode-4/data/ratis/9416bfbf-c309-42f1-8c91-92cbebe91fe9: created new log segment /workdir/hadoop-ozone/integration-test/target/test-dir/MiniOzoneClusterImpl-e7761c2c-6268-40b2-9163-02537e17f130/datanode-4/data/ratis/9416bfbf-c309-42f1-8c91-92cbebe91fe9/current/log_inprogress_0
2019-09-05 17:44:57,817 [a707cb1f-a8f4-4ce4-9f34-5b67a6adaeb4-SegmentedRaftLogWorker:Storage Directory /workdir/hadoop-ozone/integration-test/target/test-dir/MiniOzoneClusterImpl-e7761c2c-6268-40b2-9163-02537e17f130/datanode-2/data/ratis/9416bfbf-c309-42f1-8c91-92cbebe91fe9] INFO  segmented.SegmentedRaftLogWorker (SegmentedRaftLogWorker.java:execute(569)) - a707cb1f-a8f4-4ce4-9f34-5b67a6adaeb4-SegmentedRaftLogWorker:Storage Directory /workdir/hadoop-ozone/integration-test/target/test-dir/MiniOzoneClusterImpl-e7761c2c-6268-40b2-9163-02537e17f130/datanode-2/data/ratis/9416bfbf-c309-42f1-8c91-92cbebe91fe9: created new log segment /workdir/hadoop-ozone/integration-test/target/test-dir/MiniOzoneClusterImpl-e7761c2c-6268-40b2-9163-02537e17f130/datanode-2/data/ratis/9416bfbf-c309-42f1-8c91-92cbebe91fe9/current/log_inprogress_0
2019-09-05 17:44:57,817 [main] INFO  server.Server (Server.java:doStart(419)) - Started @46570ms
2019-09-05 17:44:57,825 [main] WARN  impl.MetricsSystemImpl (MetricsSystemImpl.java:register(276)) - Sink prometheus already exists!
2019-09-05 17:44:57,827 [main] INFO  server.BaseHttpServer (BaseHttpServer.java:updateConnectorAddress(215)) - HTTP server of SCM is listening at http://0.0.0.0:44502
2019-09-05 17:44:57,827 [main] WARN  server.ServerUtils (ServerUtils.java:getDBPath(222)) - ozone.om.db.dirs is not configured. We recommend adding this setting. Falling back to ozone.metadata.dirs instead.
2019-09-05 17:44:57,827 [org.apache.hadoop.util.JvmPauseMonitor$Monitor@58fa5769] INFO  util.JvmPauseMonitor (JvmPauseMonitor.java:run(188)) - Starting JVM pause monitor
2019-09-05 17:44:57,836 [main] WARN  server.ServerUtils (ServerUtils.java:getDBPath(222)) - ozone.om.db.dirs is not configured. We recommend adding this setting. Falling back to ozone.metadata.dirs instead.
2019-09-05 17:44:57,836 [main] WARN  server.ServerUtils (ServerUtils.java:getDBPath(222)) - ozone.om.db.dirs is not configured. We recommend adding this setting. Falling back to ozone.metadata.dirs instead.
2019-09-05 17:44:57,837 [main] INFO  om.OzoneManager (OzoneManager.java:setOMNodeDetails(649)) - OM Service ID is not set. Setting it to the default ID: omServiceIdDefault
2019-09-05 17:44:57,837 [main] INFO  om.OzoneManager (OzoneManager.java:setOMNodeDetails(655)) - OM Node ID is not set. Setting it to the OmStorage's OmID: b73bb9d9-b16b-4d09-b2e3-3276f51f6567
2019-09-05 17:44:57,837 [main] INFO  om.OzoneManager (OzoneManager.java:loadOMHAConfigs(606)) - Found matching OM address with OMServiceId: null, OMNodeId: null, RPC Address: localhost:0 and Ratis port: 9872
2019-09-05 17:44:57,847 [main] WARN  server.ServerUtils (ServerUtils.java:getDBPath(222)) - ozone.om.db.dirs is not configured. We recommend adding this setting. Falling back to ozone.metadata.dirs instead.
2019-09-05 17:44:57,847 [main] INFO  db.DBStoreBuilder (DBStoreBuilder.java:addTable(110)) - using custom profile for table: userTable
2019-09-05 17:44:57,847 [main] INFO  db.DBStoreBuilder (DBStoreBuilder.java:processTables(161)) - Using default column profile:DBProfile.DISK for Table:userTable
2019-09-05 17:44:57,848 [main] INFO  db.DBStoreBuilder (DBStoreBuilder.java:addTable(110)) - using custom profile for table: volumeTable
2019-09-05 17:44:57,848 [main] INFO  db.DBStoreBuilder (DBStoreBuilder.java:processTables(161)) - Using default column profile:DBProfile.DISK for Table:volumeTable
2019-09-05 17:44:57,848 [main] INFO  db.DBStoreBuilder (DBStoreBuilder.java:addTable(110)) - using custom profile for table: bucketTable
2019-09-05 17:44:57,848 [main] INFO  db.DBStoreBuilder (DBStoreBuilder.java:processTables(161)) - Using default column profile:DBProfile.DISK for Table:bucketTable
2019-09-05 17:44:57,848 [main] INFO  db.DBStoreBuilder (DBStoreBuilder.java:addTable(110)) - using custom profile for table: keyTable
2019-09-05 17:44:57,849 [main] INFO  db.DBStoreBuilder (DBStoreBuilder.java:processTables(161)) - Using default column profile:DBProfile.DISK for Table:keyTable
2019-09-05 17:44:57,849 [main] INFO  db.DBStoreBuilder (DBStoreBuilder.java:addTable(110)) - using custom profile for table: deletedTable
2019-09-05 17:44:57,849 [main] INFO  db.DBStoreBuilder (DBStoreBuilder.java:processTables(161)) - Using default column profile:DBProfile.DISK for Table:deletedTable
2019-09-05 17:44:57,849 [main] INFO  db.DBStoreBuilder (DBStoreBuilder.java:addTable(110)) - using custom profile for table: openKeyTable
2019-09-05 17:44:57,849 [main] INFO  db.DBStoreBuilder (DBStoreBuilder.java:processTables(161)) - Using default column profile:DBProfile.DISK for Table:openKeyTable
2019-09-05 17:44:57,849 [main] INFO  db.DBStoreBuilder (DBStoreBuilder.java:addTable(110)) - using custom profile for table: s3Table
2019-09-05 17:44:57,850 [main] INFO  db.DBStoreBuilder (DBStoreBuilder.java:processTables(161)) - Using default column profile:DBProfile.DISK for Table:s3Table
2019-09-05 17:44:57,850 [main] INFO  db.DBStoreBuilder (DBStoreBuilder.java:addTable(110)) - using custom profile for table: multipartInfoTable
2019-09-05 17:44:57,850 [main] INFO  db.DBStoreBuilder (DBStoreBuilder.java:processTables(161)) - Using default column profile:DBProfile.DISK for Table:multipartInfoTable
2019-09-05 17:44:57,850 [main] INFO  db.DBStoreBuilder (DBStoreBuilder.java:addTable(110)) - using custom profile for table: dTokenTable
2019-09-05 17:44:57,850 [main] INFO  db.DBStoreBuilder (DBStoreBuilder.java:processTables(161)) - Using default column profile:DBProfile.DISK for Table:dTokenTable
2019-09-05 17:44:57,850 [main] INFO  db.DBStoreBuilder (DBStoreBuilder.java:addTable(110)) - using custom profile for table: s3SecretTable
2019-09-05 17:44:57,850 [main] INFO  db.DBStoreBuilder (DBStoreBuilder.java:processTables(161)) - Using default column profile:DBProfile.DISK for Table:s3SecretTable
2019-09-05 17:44:57,851 [main] INFO  db.DBStoreBuilder (DBStoreBuilder.java:addTable(110)) - using custom profile for table: prefixTable
2019-09-05 17:44:57,851 [main] INFO  db.DBStoreBuilder (DBStoreBuilder.java:processTables(161)) - Using default column profile:DBProfile.DISK for Table:prefixTable
2019-09-05 17:44:57,851 [main] INFO  db.DBStoreBuilder (DBStoreBuilder.java:addTable(110)) - using custom profile for table: default
2019-09-05 17:44:57,851 [main] INFO  db.DBStoreBuilder (DBStoreBuilder.java:processTables(167)) - Using default column profile:DBProfile.DISK for Table:default
2019-09-05 17:44:57,851 [main] INFO  db.DBStoreBuilder (DBStoreBuilder.java:getDbProfile(198)) - Using default options. DBProfile.DISK
2019-09-05 17:44:58,157 [Thread-292] INFO  impl.FollowerState (FollowerState.java:run(106)) - b323f64f-746c-4c8f-9b63-de29d29eb9b9:group-C6B4525C182E changes to CANDIDATE, lastRpcTime:1008, electionTimeout:1008ms
2019-09-05 17:44:58,157 [Thread-292] INFO  impl.RoleInfo (RoleInfo.java:shutdownFollowerState(121)) - b323f64f-746c-4c8f-9b63-de29d29eb9b9: shutdown FollowerState
2019-09-05 17:44:58,158 [Thread-292] INFO  impl.RaftServerImpl (RaftServerImpl.java:setRole(171)) - b323f64f-746c-4c8f-9b63-de29d29eb9b9:group-C6B4525C182E changes role from FOLLOWER to CANDIDATE at term 0 for changeToCandidate
2019-09-05 17:44:58,158 [Thread-292] INFO  impl.RoleInfo (RoleInfo.java:updateAndGet(143)) - b323f64f-746c-4c8f-9b63-de29d29eb9b9: start LeaderElection
2019-09-05 17:44:58,191 [Thread-291] INFO  impl.FollowerState (FollowerState.java:run(106)) - a707cb1f-a8f4-4ce4-9f34-5b67a6adaeb4:group-C6B4525C182E changes to CANDIDATE, lastRpcTime:1042, electionTimeout:1042ms
2019-09-05 17:44:58,191 [Thread-291] INFO  impl.RoleInfo (RoleInfo.java:shutdownFollowerState(121)) - a707cb1f-a8f4-4ce4-9f34-5b67a6adaeb4: shutdown FollowerState
2019-09-05 17:44:58,191 [Thread-291] INFO  impl.RaftServerImpl (RaftServerImpl.java:setRole(171)) - a707cb1f-a8f4-4ce4-9f34-5b67a6adaeb4:group-C6B4525C182E changes role from FOLLOWER to CANDIDATE at term 0 for changeToCandidate
2019-09-05 17:44:58,191 [Thread-291] INFO  impl.RoleInfo (RoleInfo.java:updateAndGet(143)) - a707cb1f-a8f4-4ce4-9f34-5b67a6adaeb4: start LeaderElection
2019-09-05 17:44:58,201 [b323f64f-746c-4c8f-9b63-de29d29eb9b9:group-C6B4525C182E:LeaderElection8] INFO  impl.LeaderElection (LeaderElection.java:askForVotes(181)) - b323f64f-746c-4c8f-9b63-de29d29eb9b9:group-C6B4525C182E:LeaderElection8: begin an election at term 1 for -1: [baa965d0-d7ca-4507-8405-0028ae870c0f:192.168.69.120:45325, b323f64f-746c-4c8f-9b63-de29d29eb9b9:192.168.69.120:33379, a707cb1f-a8f4-4ce4-9f34-5b67a6adaeb4:192.168.69.120:40572], old=null
2019-09-05 17:44:58,210 [grpc-default-executor-3] INFO  impl.RaftServerImpl (RaftServerImpl.java:setRole(171)) - baa965d0-d7ca-4507-8405-0028ae870c0f:group-C6B4525C182E changes role from FOLLOWER to FOLLOWER at term 1 for recognizeCandidate:b323f64f-746c-4c8f-9b63-de29d29eb9b9
2019-09-05 17:44:58,210 [grpc-default-executor-3] INFO  impl.RoleInfo (RoleInfo.java:shutdownFollowerState(121)) - baa965d0-d7ca-4507-8405-0028ae870c0f: shutdown FollowerState
2019-09-05 17:44:58,210 [grpc-default-executor-3] INFO  impl.RoleInfo (RoleInfo.java:updateAndGet(143)) - baa965d0-d7ca-4507-8405-0028ae870c0f: start FollowerState
2019-09-05 17:44:58,210 [Thread-304] INFO  impl.FollowerState (FollowerState.java:run(114)) - baa965d0-d7ca-4507-8405-0028ae870c0f: FollowerState was interrupted: java.lang.InterruptedException: sleep interrupted
2019-09-05 17:44:58,214 [Thread-287] INFO  impl.FollowerState (FollowerState.java:run(106)) - a707cb1f-a8f4-4ce4-9f34-5b67a6adaeb4:group-35E1D3AD18B2 changes to CANDIDATE, lastRpcTime:1067, electionTimeout:1067ms
2019-09-05 17:44:58,214 [Thread-287] INFO  impl.RoleInfo (RoleInfo.java:shutdownFollowerState(121)) - a707cb1f-a8f4-4ce4-9f34-5b67a6adaeb4: shutdown FollowerState
2019-09-05 17:44:58,214 [Thread-287] INFO  impl.RaftServerImpl (RaftServerImpl.java:setRole(171)) - a707cb1f-a8f4-4ce4-9f34-5b67a6adaeb4:group-35E1D3AD18B2 changes role from FOLLOWER to CANDIDATE at term 0 for changeToCandidate
2019-09-05 17:44:58,214 [Thread-287] INFO  impl.RoleInfo (RoleInfo.java:updateAndGet(143)) - a707cb1f-a8f4-4ce4-9f34-5b67a6adaeb4: start LeaderElection
2019-09-05 17:44:58,243 [Thread-288] INFO  impl.FollowerState (FollowerState.java:run(106)) - b323f64f-746c-4c8f-9b63-de29d29eb9b9:group-35E1D3AD18B2 changes to CANDIDATE, lastRpcTime:1096, electionTimeout:1096ms
2019-09-05 17:44:58,244 [a707cb1f-a8f4-4ce4-9f34-5b67a6adaeb4:group-C6B4525C182E:LeaderElection9] INFO  impl.LeaderElection (LeaderElection.java:askForVotes(181)) - a707cb1f-a8f4-4ce4-9f34-5b67a6adaeb4:group-C6B4525C182E:LeaderElection9: begin an election at term 1 for -1: [baa965d0-d7ca-4507-8405-0028ae870c0f:192.168.69.120:45325, b323f64f-746c-4c8f-9b63-de29d29eb9b9:192.168.69.120:33379, a707cb1f-a8f4-4ce4-9f34-5b67a6adaeb4:192.168.69.120:40572], old=null
2019-09-05 17:44:58,244 [Thread-288] INFO  impl.RoleInfo (RoleInfo.java:shutdownFollowerState(121)) - b323f64f-746c-4c8f-9b63-de29d29eb9b9: shutdown FollowerState
2019-09-05 17:44:58,244 [Thread-288] INFO  impl.RaftServerImpl (RaftServerImpl.java:setRole(171)) - b323f64f-746c-4c8f-9b63-de29d29eb9b9:group-35E1D3AD18B2 changes role from FOLLOWER to CANDIDATE at term 0 for changeToCandidate
2019-09-05 17:44:58,244 [Thread-288] INFO  impl.RoleInfo (RoleInfo.java:updateAndGet(143)) - b323f64f-746c-4c8f-9b63-de29d29eb9b9: start LeaderElection
2019-09-05 17:44:58,251 [b323f64f-746c-4c8f-9b63-de29d29eb9b9:group-C6B4525C182E:LeaderElection8] INFO  impl.LeaderElection (LeaderElection.java:logAndReturn(56)) - b323f64f-746c-4c8f-9b63-de29d29eb9b9:group-C6B4525C182E:LeaderElection8: Election PASSED; received 2 response(s) [b323f64f-746c-4c8f-9b63-de29d29eb9b9<-baa965d0-d7ca-4507-8405-0028ae870c0f#0:OK-t1, b323f64f-746c-4c8f-9b63-de29d29eb9b9<-a707cb1f-a8f4-4ce4-9f34-5b67a6adaeb4#0:FAIL-t1] and 0 exception(s); b323f64f-746c-4c8f-9b63-de29d29eb9b9:t1, leader=null, voted=b323f64f-746c-4c8f-9b63-de29d29eb9b9, raftlog=b323f64f-746c-4c8f-9b63-de29d29eb9b9-SegmentedRaftLog:OPENED:c-1,f-1,i0, conf=-1: [baa965d0-d7ca-4507-8405-0028ae870c0f:192.168.69.120:45325, b323f64f-746c-4c8f-9b63-de29d29eb9b9:192.168.69.120:33379, a707cb1f-a8f4-4ce4-9f34-5b67a6adaeb4:192.168.69.120:40572], old=null
2019-09-05 17:44:58,251 [b323f64f-746c-4c8f-9b63-de29d29eb9b9:group-C6B4525C182E:LeaderElection8] INFO  impl.RoleInfo (RoleInfo.java:shutdownLeaderElection(134)) - b323f64f-746c-4c8f-9b63-de29d29eb9b9: shutdown LeaderElection
2019-09-05 17:44:58,253 [a707cb1f-a8f4-4ce4-9f34-5b67a6adaeb4:group-35E1D3AD18B2:LeaderElection10] INFO  impl.LeaderElection (LeaderElection.java:askForVotes(181)) - a707cb1f-a8f4-4ce4-9f34-5b67a6adaeb4:group-35E1D3AD18B2:LeaderElection10: begin an election at term 1 for -1: [baa965d0-d7ca-4507-8405-0028ae870c0f:192.168.69.120:45325, b323f64f-746c-4c8f-9b63-de29d29eb9b9:192.168.69.120:33379, a707cb1f-a8f4-4ce4-9f34-5b67a6adaeb4:192.168.69.120:40572], old=null
2019-09-05 17:44:58,254 [b323f64f-746c-4c8f-9b63-de29d29eb9b9:group-C6B4525C182E:LeaderElection8] INFO  impl.RaftServerImpl (RaftServerImpl.java:setRole(171)) - b323f64f-746c-4c8f-9b63-de29d29eb9b9:group-C6B4525C182E changes role from CANDIDATE to LEADER at term 1 for changeToLeader
2019-09-05 17:44:58,254 [b323f64f-746c-4c8f-9b63-de29d29eb9b9:group-C6B4525C182E:LeaderElection8] INFO  impl.RaftServerImpl (ServerState.java:setLeader(263)) - b323f64f-746c-4c8f-9b63-de29d29eb9b9:group-C6B4525C182E change Leader from null to b323f64f-746c-4c8f-9b63-de29d29eb9b9 at term 1 for becomeLeader, leader elected after 1119ms
2019-09-05 17:44:58,255 [b323f64f-746c-4c8f-9b63-de29d29eb9b9:group-C6B4525C182E:LeaderElection8] INFO  server.RaftServerConfigKeys (ConfUtils.java:logGet(43)) - raft.server.staging.catchup.gap = 1000 (default)
2019-09-05 17:44:58,255 [b323f64f-746c-4c8f-9b63-de29d29eb9b9:group-C6B4525C182E:LeaderElection8] INFO  server.RaftServerConfigKeys (ConfUtils.java:logGet(43)) - raft.server.rpc.sleep.time = 25ms (default)
2019-09-05 17:44:58,256 [b323f64f-746c-4c8f-9b63-de29d29eb9b9:group-C6B4525C182E:LeaderElection8] INFO  server.RaftServerConfigKeys (ConfUtils.java:logGet(43)) - raft.server.write.element-limit = 4096 (default)
2019-09-05 17:44:58,256 [b323f64f-746c-4c8f-9b63-de29d29eb9b9:group-C6B4525C182E:LeaderElection8] INFO  server.RaftServerConfigKeys (ConfUtils.java:logGet(43)) - raft.server.watch.timeout = 10s (default)
2019-09-05 17:44:58,256 [b323f64f-746c-4c8f-9b63-de29d29eb9b9:group-C6B4525C182E:LeaderElection8] INFO  server.RaftServerConfigKeys (ConfUtils.java:logGet(43)) - raft.server.watch.timeout.denomination = 1s (default)
2019-09-05 17:44:58,256 [b323f64f-746c-4c8f-9b63-de29d29eb9b9:group-C6B4525C182E:LeaderElection8] INFO  server.RaftServerConfigKeys (ConfUtils.java:logGet(43)) - raft.server.watch.element-limit = 65536 (default)
2019-09-05 17:44:58,258 [b323f64f-746c-4c8f-9b63-de29d29eb9b9:group-C6B4525C182E:LeaderElection8] INFO  server.RaftServerConfigKeys (ConfUtils.java:logGet(43)) - raft.server.log.appender.snapshot.chunk.size.max = 16MB (=16777216) (default)
2019-09-05 17:44:58,258 [b323f64f-746c-4c8f-9b63-de29d29eb9b9:group-C6B4525C182E:LeaderElection8] INFO  server.RaftServerConfigKeys (ConfUtils.java:logGet(43)) - raft.server.log.appender.buffer.byte-limit = 33554432 (custom)
2019-09-05 17:44:58,258 [b323f64f-746c-4c8f-9b63-de29d29eb9b9:group-C6B4525C182E:LeaderElection8] INFO  server.RaftServerConfigKeys (ConfUtils.java:logGet(43)) - raft.server.log.appender.buffer.element-limit = 1 (custom)
2019-09-05 17:44:58,258 [b323f64f-746c-4c8f-9b63-de29d29eb9b9:group-C6B4525C182E:LeaderElection8] INFO  grpc.GrpcConfigKeys$Server (ConfUtils.java:logGet(43)) - raft.grpc.server.leader.outstanding.appends.max = 128 (default)
2019-09-05 17:44:58,264 [Thread-302] INFO  impl.FollowerState (FollowerState.java:run(106)) - baa965d0-d7ca-4507-8405-0028ae870c0f:group-35E1D3AD18B2 changes to CANDIDATE, lastRpcTime:1039, electionTimeout:1037ms
2019-09-05 17:44:58,264 [b323f64f-746c-4c8f-9b63-de29d29eb9b9:group-C6B4525C182E:LeaderElection8] INFO  server.RaftServerConfigKeys (ConfUtils.java:logGet(43)) - raft.server.rpc.request.timeout = 3000ms (default)
2019-09-05 17:44:58,264 [Thread-302] INFO  impl.RoleInfo (RoleInfo.java:shutdownFollowerState(121)) - baa965d0-d7ca-4507-8405-0028ae870c0f: shutdown FollowerState
2019-09-05 17:44:58,265 [b323f64f-746c-4c8f-9b63-de29d29eb9b9:group-C6B4525C182E:LeaderElection8] INFO  server.RaftServerConfigKeys (ConfUtils.java:logGet(43)) - raft.server.log.appender.install.snapshot.enabled = false (custom)
2019-09-05 17:44:58,265 [Thread-302] INFO  impl.RaftServerImpl (RaftServerImpl.java:setRole(171)) - baa965d0-d7ca-4507-8405-0028ae870c0f:group-35E1D3AD18B2 changes role from FOLLOWER to CANDIDATE at term 0 for changeToCandidate
2019-09-05 17:44:58,265 [b323f64f-746c-4c8f-9b63-de29d29eb9b9:group-C6B4525C182E:LeaderElection8] INFO  server.RaftServerConfigKeys (ConfUtils.java:logGet(43)) - raft.server.log.appender.snapshot.chunk.size.max = 16MB (=16777216) (default)
2019-09-05 17:44:58,265 [Thread-302] INFO  impl.RoleInfo (RoleInfo.java:updateAndGet(143)) - baa965d0-d7ca-4507-8405-0028ae870c0f: start LeaderElection
2019-09-05 17:44:58,265 [b323f64f-746c-4c8f-9b63-de29d29eb9b9:group-C6B4525C182E:LeaderElection8] INFO  server.RaftServerConfigKeys (ConfUtils.java:logGet(43)) - raft.server.log.appender.buffer.byte-limit = 33554432 (custom)
2019-09-05 17:44:58,265 [b323f64f-746c-4c8f-9b63-de29d29eb9b9:group-C6B4525C182E:LeaderElection8] INFO  server.RaftServerConfigKeys (ConfUtils.java:logGet(43)) - raft.server.log.appender.buffer.element-limit = 1 (custom)
2019-09-05 17:44:58,270 [b323f64f-746c-4c8f-9b63-de29d29eb9b9:group-C6B4525C182E:LeaderElection8] INFO  grpc.GrpcConfigKeys$Server (ConfUtils.java:logGet(43)) - raft.grpc.server.leader.outstanding.appends.max = 128 (default)
2019-09-05 17:44:58,270 [b323f64f-746c-4c8f-9b63-de29d29eb9b9:group-C6B4525C182E:LeaderElection8] INFO  server.RaftServerConfigKeys (ConfUtils.java:logGet(43)) - raft.server.rpc.request.timeout = 3000ms (default)
2019-09-05 17:44:58,270 [b323f64f-746c-4c8f-9b63-de29d29eb9b9:group-C6B4525C182E:LeaderElection8] INFO  server.RaftServerConfigKeys (ConfUtils.java:logGet(43)) - raft.server.log.appender.install.snapshot.enabled = false (custom)
2019-09-05 17:44:58,271 [Thread-300] INFO  impl.FollowerState (FollowerState.java:run(106)) - baa965d0-d7ca-4507-8405-0028ae870c0f:group-F433FC98830C changes to CANDIDATE, lastRpcTime:1047, electionTimeout:1046ms
2019-09-05 17:44:58,271 [Thread-300] INFO  impl.RoleInfo (RoleInfo.java:shutdownFollowerState(121)) - baa965d0-d7ca-4507-8405-0028ae870c0f: shutdown FollowerState
2019-09-05 17:44:58,271 [b323f64f-746c-4c8f-9b63-de29d29eb9b9:group-C6B4525C182E:LeaderElection8] INFO  impl.RoleInfo (RoleInfo.java:updateAndGet(143)) - b323f64f-746c-4c8f-9b63-de29d29eb9b9: start LeaderState
2019-09-05 17:44:58,271 [Thread-300] INFO  impl.RaftServerImpl (RaftServerImpl.java:setRole(171)) - baa965d0-d7ca-4507-8405-0028ae870c0f:group-F433FC98830C changes role from FOLLOWER to CANDIDATE at term 0 for changeToCandidate
2019-09-05 17:44:58,273 [Thread-300] INFO  impl.RoleInfo (RoleInfo.java:updateAndGet(143)) - baa965d0-d7ca-4507-8405-0028ae870c0f: start LeaderElection
2019-09-05 17:44:58,273 [b323f64f-746c-4c8f-9b63-de29d29eb9b9:group-C6B4525C182E:LeaderElection8] INFO  segmented.SegmentedRaftLogWorker (SegmentedRaftLogWorker.java:startLogSegment(380)) - b323f64f-746c-4c8f-9b63-de29d29eb9b9-SegmentedRaftLogWorker:Storage Directory /workdir/hadoop-ozone/integration-test/target/test-dir/MiniOzoneClusterImpl-e7761c2c-6268-40b2-9163-02537e17f130/datanode-4/data/ratis/adb205d0-843f-40e1-afb0-c6b4525c182e: Starting segment from index:0
2019-09-05 17:44:58,278 [b323f64f-746c-4c8f-9b63-de29d29eb9b9:group-C6B4525C182E:LeaderElection8] INFO  impl.RaftServerImpl (ServerState.java:setRaftConf(361)) - b323f64f-746c-4c8f-9b63-de29d29eb9b9:group-C6B4525C182E set configuration 0: [baa965d0-d7ca-4507-8405-0028ae870c0f:192.168.69.120:45325, b323f64f-746c-4c8f-9b63-de29d29eb9b9:192.168.69.120:33379, a707cb1f-a8f4-4ce4-9f34-5b67a6adaeb4:192.168.69.120:40572], old=null at 0
2019-09-05 17:44:58,309 [grpc-default-executor-2] INFO  impl.RaftServerImpl (RaftServerImpl.java:requestVote(754)) - b323f64f-746c-4c8f-9b63-de29d29eb9b9-LEADER: Withhold vote from candidate a707cb1f-a8f4-4ce4-9f34-5b67a6adaeb4 with term 1. State: leader=b323f64f-746c-4c8f-9b63-de29d29eb9b9, term=1, lastRpcElapsed=null
2019-09-05 17:44:58,309 [baa965d0-d7ca-4507-8405-0028ae870c0f:group-F433FC98830C:LeaderElection13] INFO  impl.LeaderElection (LeaderElection.java:askForVotes(181)) - baa965d0-d7ca-4507-8405-0028ae870c0f:group-F433FC98830C:LeaderElection13: begin an election at term 1 for -1: [baa965d0-d7ca-4507-8405-0028ae870c0f:192.168.69.120:45325], old=null
2019-09-05 17:44:58,309 [baa965d0-d7ca-4507-8405-0028ae870c0f:group-35E1D3AD18B2:LeaderElection12] INFO  impl.LeaderElection (LeaderElection.java:askForVotes(181)) - baa965d0-d7ca-4507-8405-0028ae870c0f:group-35E1D3AD18B2:LeaderElection12: begin an election at term 1 for -1: [baa965d0-d7ca-4507-8405-0028ae870c0f:192.168.69.120:45325, b323f64f-746c-4c8f-9b63-de29d29eb9b9:192.168.69.120:33379, a707cb1f-a8f4-4ce4-9f34-5b67a6adaeb4:192.168.69.120:40572], old=null
2019-09-05 17:44:58,309 [b323f64f-746c-4c8f-9b63-de29d29eb9b9:group-35E1D3AD18B2:LeaderElection11] INFO  impl.LeaderElection (LeaderElection.java:askForVotes(181)) - b323f64f-746c-4c8f-9b63-de29d29eb9b9:group-35E1D3AD18B2:LeaderElection11: begin an election at term 1 for -1: [baa965d0-d7ca-4507-8405-0028ae870c0f:192.168.69.120:45325, b323f64f-746c-4c8f-9b63-de29d29eb9b9:192.168.69.120:33379, a707cb1f-a8f4-4ce4-9f34-5b67a6adaeb4:192.168.69.120:40572], old=null
2019-09-05 17:44:58,311 [baa965d0-d7ca-4507-8405-0028ae870c0f:group-F433FC98830C:LeaderElection13] INFO  impl.RoleInfo (RoleInfo.java:shutdownLeaderElection(134)) - baa965d0-d7ca-4507-8405-0028ae870c0f: shutdown LeaderElection
2019-09-05 17:44:58,311 [baa965d0-d7ca-4507-8405-0028ae870c0f:group-F433FC98830C:LeaderElection13] INFO  impl.RaftServerImpl (RaftServerImpl.java:setRole(171)) - baa965d0-d7ca-4507-8405-0028ae870c0f:group-F433FC98830C changes role from CANDIDATE to LEADER at term 1 for changeToLeader
2019-09-05 17:44:58,311 [baa965d0-d7ca-4507-8405-0028ae870c0f:group-F433FC98830C:LeaderElection13] INFO  impl.RaftServerImpl (ServerState.java:setLeader(263)) - baa965d0-d7ca-4507-8405-0028ae870c0f:group-F433FC98830C change Leader from null to baa965d0-d7ca-4507-8405-0028ae870c0f at term 1 for becomeLeader, leader elected after 10218ms
2019-09-05 17:44:58,312 [baa965d0-d7ca-4507-8405-0028ae870c0f:group-F433FC98830C:LeaderElection13] INFO  server.RaftServerConfigKeys (ConfUtils.java:logGet(43)) - raft.server.staging.catchup.gap = 1000 (default)
2019-09-05 17:44:58,314 [grpc-default-executor-0] INFO  impl.RaftServerImpl (ServerState.java:setLeader(263)) - baa965d0-d7ca-4507-8405-0028ae870c0f:group-C6B4525C182E change Leader from null to b323f64f-746c-4c8f-9b63-de29d29eb9b9 at term 1 for appendEntries, leader elected after 1107ms
2019-09-05 17:44:58,314 [baa965d0-d7ca-4507-8405-0028ae870c0f:group-F433FC98830C:LeaderElection13] INFO  server.RaftServerConfigKeys (ConfUtils.java:logGet(43)) - raft.server.rpc.sleep.time = 25ms (default)
2019-09-05 17:44:58,315 [baa965d0-d7ca-4507-8405-0028ae870c0f:group-F433FC98830C:LeaderElection13] INFO  server.RaftServerConfigKeys (ConfUtils.java:logGet(43)) - raft.server.write.element-limit = 4096 (default)
2019-09-05 17:44:58,315 [baa965d0-d7ca-4507-8405-0028ae870c0f:group-F433FC98830C:LeaderElection13] INFO  server.RaftServerConfigKeys (ConfUtils.java:logGet(43)) - raft.server.watch.timeout = 10s (default)
2019-09-05 17:44:58,315 [a707cb1f-a8f4-4ce4-9f34-5b67a6adaeb4:group-35E1D3AD18B2:LeaderElection10] INFO  impl.LeaderElection (LeaderElection.java:logAndReturn(56)) - a707cb1f-a8f4-4ce4-9f34-5b67a6adaeb4:group-35E1D3AD18B2:LeaderElection10: Election REJECTED; received 2 response(s) [a707cb1f-a8f4-4ce4-9f34-5b67a6adaeb4<-baa965d0-d7ca-4507-8405-0028ae870c0f#0:FAIL-t1, a707cb1f-a8f4-4ce4-9f34-5b67a6adaeb4<-b323f64f-746c-4c8f-9b63-de29d29eb9b9#0:FAIL-t1] and 0 exception(s); a707cb1f-a8f4-4ce4-9f34-5b67a6adaeb4:t1, leader=null, voted=a707cb1f-a8f4-4ce4-9f34-5b67a6adaeb4, raftlog=a707cb1f-a8f4-4ce4-9f34-5b67a6adaeb4-SegmentedRaftLog:OPENED:c-1,f-1,i0, conf=-1: [baa965d0-d7ca-4507-8405-0028ae870c0f:192.168.69.120:45325, b323f64f-746c-4c8f-9b63-de29d29eb9b9:192.168.69.120:33379, a707cb1f-a8f4-4ce4-9f34-5b67a6adaeb4:192.168.69.120:40572], old=null
2019-09-05 17:44:58,315 [baa965d0-d7ca-4507-8405-0028ae870c0f:group-F433FC98830C:LeaderElection13] INFO  server.RaftServerConfigKeys (ConfUtils.java:logGet(43)) - raft.server.watch.timeout.denomination = 1s (default)
2019-09-05 17:44:58,315 [a707cb1f-a8f4-4ce4-9f34-5b67a6adaeb4:group-C6B4525C182E:LeaderElection9] INFO  impl.LeaderElection (LeaderElection.java:logAndReturn(56)) - a707cb1f-a8f4-4ce4-9f34-5b67a6adaeb4:group-C6B4525C182E:LeaderElection9: Election REJECTED; received 2 response(s) [a707cb1f-a8f4-4ce4-9f34-5b67a6adaeb4<-baa965d0-d7ca-4507-8405-0028ae870c0f#0:FAIL-t1, a707cb1f-a8f4-4ce4-9f34-5b67a6adaeb4<-b323f64f-746c-4c8f-9b63-de29d29eb9b9#0:FAIL-t1] and 0 exception(s); a707cb1f-a8f4-4ce4-9f34-5b67a6adaeb4:t1, leader=null, voted=a707cb1f-a8f4-4ce4-9f34-5b67a6adaeb4, raftlog=a707cb1f-a8f4-4ce4-9f34-5b67a6adaeb4-SegmentedRaftLog:OPENED:c-1,f-1,i0, conf=-1: [baa965d0-d7ca-4507-8405-0028ae870c0f:192.168.69.120:45325, b323f64f-746c-4c8f-9b63-de29d29eb9b9:192.168.69.120:33379, a707cb1f-a8f4-4ce4-9f34-5b67a6adaeb4:192.168.69.120:40572], old=null
2019-09-05 17:44:58,315 [grpc-default-executor-2] INFO  impl.RaftServerImpl (RaftServerImpl.java:setRole(171)) - a707cb1f-a8f4-4ce4-9f34-5b67a6adaeb4:group-C6B4525C182E changes role from CANDIDATE to FOLLOWER at term 1 for appendEntries
2019-09-05 17:44:58,318 [baa965d0-d7ca-4507-8405-0028ae870c0f:group-F433FC98830C:LeaderElection13] INFO  server.RaftServerConfigKeys (ConfUtils.java:logGet(43)) - raft.server.watch.element-limit = 65536 (default)
2019-09-05 17:44:58,315 [a707cb1f-a8f4-4ce4-9f34-5b67a6adaeb4:group-35E1D3AD18B2:LeaderElection10] INFO  impl.RaftServerImpl (RaftServerImpl.java:setRole(171)) - a707cb1f-a8f4-4ce4-9f34-5b67a6adaeb4:group-35E1D3AD18B2 changes role from CANDIDATE to FOLLOWER at term 1 for DISCOVERED_A_NEW_TERM
2019-09-05 17:44:58,320 [grpc-default-executor-2] INFO  impl.RoleInfo (RoleInfo.java:shutdownLeaderElection(134)) - a707cb1f-a8f4-4ce4-9f34-5b67a6adaeb4: shutdown LeaderElection
2019-09-05 17:44:58,321 [baa965d0-d7ca-4507-8405-0028ae870c0f:group-F433FC98830C:LeaderElection13] INFO  impl.RoleInfo (RoleInfo.java:updateAndGet(143)) - baa965d0-d7ca-4507-8405-0028ae870c0f: start LeaderState
2019-09-05 17:44:58,321 [a707cb1f-a8f4-4ce4-9f34-5b67a6adaeb4:group-35E1D3AD18B2:LeaderElection10] INFO  impl.RoleInfo (RoleInfo.java:shutdownLeaderElection(134)) - a707cb1f-a8f4-4ce4-9f34-5b67a6adaeb4: shutdown LeaderElection
2019-09-05 17:44:58,323 [grpc-default-executor-2] INFO  impl.RoleInfo (RoleInfo.java:updateAndGet(143)) - a707cb1f-a8f4-4ce4-9f34-5b67a6adaeb4: start FollowerState
2019-09-05 17:44:58,323 [baa965d0-d7ca-4507-8405-0028ae870c0f:group-F433FC98830C:LeaderElection13] INFO  segmented.SegmentedRaftLogWorker (SegmentedRaftLogWorker.java:startLogSegment(380)) - baa965d0-d7ca-4507-8405-0028ae870c0f-SegmentedRaftLogWorker:Storage Directory /workdir/hadoop-ozone/integration-test/target/test-dir/MiniOzoneClusterImpl-e7761c2c-6268-40b2-9163-02537e17f130/datanode-0/data/ratis/80a401cf-676c-475c-abfb-f433fc98830c: Starting segment from index:0
2019-09-05 17:44:58,323 [a707cb1f-a8f4-4ce4-9f34-5b67a6adaeb4:group-35E1D3AD18B2:LeaderElection10] INFO  impl.RoleInfo (RoleInfo.java:updateAndGet(143)) - a707cb1f-a8f4-4ce4-9f34-5b67a6adaeb4: start FollowerState
2019-09-05 17:44:58,323 [grpc-default-executor-2] INFO  impl.RaftServerImpl (ServerState.java:setLeader(263)) - a707cb1f-a8f4-4ce4-9f34-5b67a6adaeb4:group-C6B4525C182E change Leader from null to b323f64f-746c-4c8f-9b63-de29d29eb9b9 at term 1 for appendEntries, leader elected after 1189ms
2019-09-05 17:44:58,324 [baa965d0-d7ca-4507-8405-0028ae870c0f:group-F433FC98830C:LeaderElection13] INFO  impl.RaftServerImpl (ServerState.java:setRaftConf(361)) - baa965d0-d7ca-4507-8405-0028ae870c0f:group-F433FC98830C set configuration 0: [baa965d0-d7ca-4507-8405-0028ae870c0f:192.168.69.120:45325], old=null at 0
2019-09-05 17:44:58,349 [b323f64f-746c-4c8f-9b63-de29d29eb9b9-SegmentedRaftLogWorker:Storage Directory /workdir/hadoop-ozone/integration-test/target/test-dir/MiniOzoneClusterImpl-e7761c2c-6268-40b2-9163-02537e17f130/datanode-4/data/ratis/adb205d0-843f-40e1-afb0-c6b4525c182e] INFO  segmented.SegmentedRaftLogWorker (SegmentedRaftLogWorker.java:execute(569)) - b323f64f-746c-4c8f-9b63-de29d29eb9b9-SegmentedRaftLogWorker:Storage Directory /workdir/hadoop-ozone/integration-test/target/test-dir/MiniOzoneClusterImpl-e7761c2c-6268-40b2-9163-02537e17f130/datanode-4/data/ratis/adb205d0-843f-40e1-afb0-c6b4525c182e: created new log segment /workdir/hadoop-ozone/integration-test/target/test-dir/MiniOzoneClusterImpl-e7761c2c-6268-40b2-9163-02537e17f130/datanode-4/data/ratis/adb205d0-843f-40e1-afb0-c6b4525c182e/current/log_inprogress_0
2019-09-05 17:44:58,351 [baa965d0-d7ca-4507-8405-0028ae870c0f:group-35E1D3AD18B2:LeaderElection12] INFO  impl.LeaderElection (LeaderElection.java:logAndReturn(56)) - baa965d0-d7ca-4507-8405-0028ae870c0f:group-35E1D3AD18B2:LeaderElection12: Election REJECTED; received 2 response(s) [baa965d0-d7ca-4507-8405-0028ae870c0f<-b323f64f-746c-4c8f-9b63-de29d29eb9b9#0:FAIL-t1, baa965d0-d7ca-4507-8405-0028ae870c0f<-a707cb1f-a8f4-4ce4-9f34-5b67a6adaeb4#0:FAIL-t1] and 0 exception(s); baa965d0-d7ca-4507-8405-0028ae870c0f:t1, leader=null, voted=baa965d0-d7ca-4507-8405-0028ae870c0f, raftlog=baa965d0-d7ca-4507-8405-0028ae870c0f-SegmentedRaftLog:OPENED:c-1,f-1,i0, conf=-1: [baa965d0-d7ca-4507-8405-0028ae870c0f:192.168.69.120:45325, b323f64f-746c-4c8f-9b63-de29d29eb9b9:192.168.69.120:33379, a707cb1f-a8f4-4ce4-9f34-5b67a6adaeb4:192.168.69.120:40572], old=null
2019-09-05 17:44:58,355 [grpc-default-executor-3] INFO  impl.RaftServerImpl (ServerState.java:setRaftConf(361)) - baa965d0-d7ca-4507-8405-0028ae870c0f:group-C6B4525C182E set configuration 0: [baa965d0-d7ca-4507-8405-0028ae870c0f:192.168.69.120:45325, b323f64f-746c-4c8f-9b63-de29d29eb9b9:192.168.69.120:33379, a707cb1f-a8f4-4ce4-9f34-5b67a6adaeb4:192.168.69.120:40572], old=null at 0
2019-09-05 17:44:58,358 [baa965d0-d7ca-4507-8405-0028ae870c0f:group-35E1D3AD18B2:LeaderElection12] INFO  impl.RaftServerImpl (RaftServerImpl.java:setRole(171)) - baa965d0-d7ca-4507-8405-0028ae870c0f:group-35E1D3AD18B2 changes role from CANDIDATE to FOLLOWER at term 1 for DISCOVERED_A_NEW_TERM
2019-09-05 17:44:58,362 [grpc-default-executor-3] INFO  segmented.SegmentedRaftLogWorker (SegmentedRaftLogWorker.java:startLogSegment(380)) - baa965d0-d7ca-4507-8405-0028ae870c0f-SegmentedRaftLogWorker:Storage Directory /workdir/hadoop-ozone/integration-test/target/test-dir/MiniOzoneClusterImpl-e7761c2c-6268-40b2-9163-02537e17f130/datanode-0/data/ratis/adb205d0-843f-40e1-afb0-c6b4525c182e: Starting segment from index:0
2019-09-05 17:44:58,362 [baa965d0-d7ca-4507-8405-0028ae870c0f:group-35E1D3AD18B2:LeaderElection12] INFO  impl.RoleInfo (RoleInfo.java:shutdownLeaderElection(134)) - baa965d0-d7ca-4507-8405-0028ae870c0f: shutdown LeaderElection
2019-09-05 17:44:58,363 [baa965d0-d7ca-4507-8405-0028ae870c0f:group-35E1D3AD18B2:LeaderElection12] INFO  impl.RoleInfo (RoleInfo.java:updateAndGet(143)) - baa965d0-d7ca-4507-8405-0028ae870c0f: start FollowerState
2019-09-05 17:44:58,364 [b323f64f-746c-4c8f-9b63-de29d29eb9b9:group-35E1D3AD18B2:LeaderElection11] INFO  impl.LeaderElection (LeaderElection.java:logAndReturn(56)) - b323f64f-746c-4c8f-9b63-de29d29eb9b9:group-35E1D3AD18B2:LeaderElection11: Election REJECTED; received 2 response(s) [b323f64f-746c-4c8f-9b63-de29d29eb9b9<-baa965d0-d7ca-4507-8405-0028ae870c0f#0:FAIL-t1, b323f64f-746c-4c8f-9b63-de29d29eb9b9<-a707cb1f-a8f4-4ce4-9f34-5b67a6adaeb4#0:FAIL-t1] and 0 exception(s); b323f64f-746c-4c8f-9b63-de29d29eb9b9:t1, leader=null, voted=b323f64f-746c-4c8f-9b63-de29d29eb9b9, raftlog=b323f64f-746c-4c8f-9b63-de29d29eb9b9-SegmentedRaftLog:OPENED:c-1,f-1,i0, conf=-1: [baa965d0-d7ca-4507-8405-0028ae870c0f:192.168.69.120:45325, b323f64f-746c-4c8f-9b63-de29d29eb9b9:192.168.69.120:33379, a707cb1f-a8f4-4ce4-9f34-5b67a6adaeb4:192.168.69.120:40572], old=null
2019-09-05 17:44:58,380 [baa965d0-d7ca-4507-8405-0028ae870c0f-SegmentedRaftLogWorker:Storage Directory /workdir/hadoop-ozone/integration-test/target/test-dir/MiniOzoneClusterImpl-e7761c2c-6268-40b2-9163-02537e17f130/datanode-0/data/ratis/80a401cf-676c-475c-abfb-f433fc98830c] INFO  segmented.SegmentedRaftLogWorker (SegmentedRaftLogWorker.java:execute(569)) - baa965d0-d7ca-4507-8405-0028ae870c0f-SegmentedRaftLogWorker:Storage Directory /workdir/hadoop-ozone/integration-test/target/test-dir/MiniOzoneClusterImpl-e7761c2c-6268-40b2-9163-02537e17f130/datanode-0/data/ratis/80a401cf-676c-475c-abfb-f433fc98830c: created new log segment /workdir/hadoop-ozone/integration-test/target/test-dir/MiniOzoneClusterImpl-e7761c2c-6268-40b2-9163-02537e17f130/datanode-0/data/ratis/80a401cf-676c-475c-abfb-f433fc98830c/current/log_inprogress_0
2019-09-05 17:44:58,406 [baa965d0-d7ca-4507-8405-0028ae870c0f-SegmentedRaftLogWorker:Storage Directory /workdir/hadoop-ozone/integration-test/target/test-dir/MiniOzoneClusterImpl-e7761c2c-6268-40b2-9163-02537e17f130/datanode-0/data/ratis/adb205d0-843f-40e1-afb0-c6b4525c182e] INFO  segmented.SegmentedRaftLogWorker (SegmentedRaftLogWorker.java:execute(569)) - baa965d0-d7ca-4507-8405-0028ae870c0f-SegmentedRaftLogWorker:Storage Directory /workdir/hadoop-ozone/integration-test/target/test-dir/MiniOzoneClusterImpl-e7761c2c-6268-40b2-9163-02537e17f130/datanode-0/data/ratis/adb205d0-843f-40e1-afb0-c6b4525c182e: created new log segment /workdir/hadoop-ozone/integration-test/target/test-dir/MiniOzoneClusterImpl-e7761c2c-6268-40b2-9163-02537e17f130/datanode-0/data/ratis/adb205d0-843f-40e1-afb0-c6b4525c182e/current/log_inprogress_0
2019-09-05 17:44:58,520 [b323f64f-746c-4c8f-9b63-de29d29eb9b9:group-35E1D3AD18B2:LeaderElection11] INFO  impl.RaftServerImpl (RaftServerImpl.java:setRole(171)) - b323f64f-746c-4c8f-9b63-de29d29eb9b9:group-35E1D3AD18B2 changes role from CANDIDATE to FOLLOWER at term 1 for DISCOVERED_A_NEW_TERM
2019-09-05 17:44:58,526 [b323f64f-746c-4c8f-9b63-de29d29eb9b9:group-35E1D3AD18B2:LeaderElection11] INFO  impl.RoleInfo (RoleInfo.java:shutdownLeaderElection(134)) - b323f64f-746c-4c8f-9b63-de29d29eb9b9: shutdown LeaderElection
2019-09-05 17:44:58,527 [b323f64f-746c-4c8f-9b63-de29d29eb9b9:group-35E1D3AD18B2:LeaderElection11] INFO  impl.RoleInfo (RoleInfo.java:updateAndGet(143)) - b323f64f-746c-4c8f-9b63-de29d29eb9b9: start FollowerState
2019-09-05 17:44:58,530 [grpc-default-executor-4] INFO  impl.RaftServerImpl (ServerState.java:setRaftConf(361)) - a707cb1f-a8f4-4ce4-9f34-5b67a6adaeb4:group-C6B4525C182E set configuration 0: [baa965d0-d7ca-4507-8405-0028ae870c0f:192.168.69.120:45325, b323f64f-746c-4c8f-9b63-de29d29eb9b9:192.168.69.120:33379, a707cb1f-a8f4-4ce4-9f34-5b67a6adaeb4:192.168.69.120:40572], old=null at 0
2019-09-05 17:44:58,532 [grpc-default-executor-4] INFO  segmented.SegmentedRaftLogWorker (SegmentedRaftLogWorker.java:startLogSegment(380)) - a707cb1f-a8f4-4ce4-9f34-5b67a6adaeb4-SegmentedRaftLogWorker:Storage Directory /workdir/hadoop-ozone/integration-test/target/test-dir/MiniOzoneClusterImpl-e7761c2c-6268-40b2-9163-02537e17f130/datanode-2/data/ratis/adb205d0-843f-40e1-afb0-c6b4525c182e: Starting segment from index:0
2019-09-05 17:44:58,582 [a707cb1f-a8f4-4ce4-9f34-5b67a6adaeb4-SegmentedRaftLogWorker:Storage Directory /workdir/hadoop-ozone/integration-test/target/test-dir/MiniOzoneClusterImpl-e7761c2c-6268-40b2-9163-02537e17f130/datanode-2/data/ratis/adb205d0-843f-40e1-afb0-c6b4525c182e] INFO  segmented.SegmentedRaftLogWorker (SegmentedRaftLogWorker.java:execute(569)) - a707cb1f-a8f4-4ce4-9f34-5b67a6adaeb4-SegmentedRaftLogWorker:Storage Directory /workdir/hadoop-ozone/integration-test/target/test-dir/MiniOzoneClusterImpl-e7761c2c-6268-40b2-9163-02537e17f130/datanode-2/data/ratis/adb205d0-843f-40e1-afb0-c6b4525c182e: created new log segment /workdir/hadoop-ozone/integration-test/target/test-dir/MiniOzoneClusterImpl-e7761c2c-6268-40b2-9163-02537e17f130/datanode-2/data/ratis/adb205d0-843f-40e1-afb0-c6b4525c182e/current/log_inprogress_0
2019-09-05 17:44:58,789 [main] INFO  ipc.CallQueueManager (CallQueueManager.java:<init>(84)) - Using callQueue: class java.util.concurrent.LinkedBlockingQueue, queueCapacity: 2000, scheduler: class org.apache.hadoop.ipc.DefaultRpcScheduler, ipcBackoff: false.
2019-09-05 17:44:58,790 [Socket Reader #1 for port 33762] INFO  ipc.Server (Server.java:run(1074)) - Starting Socket Reader #1 for port 33762
2019-09-05 17:44:58,811 [main] INFO  om.OzoneManager (OzoneManager.java:start(1240)) - OzoneManager RPC server is listening at localhost/127.0.0.1:33762
2019-09-05 17:44:58,811 [main] INFO  impl.MetricsSystemImpl (MetricsSystemImpl.java:init(158)) - OzoneManager metrics system started (again)
2019-09-05 17:44:58,812 [IPC Server Responder] INFO  ipc.Server (Server.java:run(1314)) - IPC Server Responder: starting
2019-09-05 17:44:58,812 [IPC Server listener on 33762] INFO  ipc.Server (Server.java:run(1153)) - IPC Server listener on 33762: starting
2019-09-05 17:44:58,822 [main] INFO  hdfs.DFSUtil (DFSUtil.java:httpServerTemplateForNNAndJN(1641)) - Starting Web-server for ozoneManager at: http://0.0.0.0:0
2019-09-05 17:44:58,823 [main] INFO  server.AuthenticationFilter (AuthenticationFilter.java:constructSecretProvider(240)) - Unable to initialize FileSignerSecretProvider, falling back to use random secrets.
2019-09-05 17:44:58,824 [main] WARN  http.HttpRequestLog (HttpRequestLog.java:getRequestLog(97)) - Jetty request log can only be enabled using Log4j
2019-09-05 17:44:58,826 [main] INFO  http.HttpServer2 (HttpServer2.java:addGlobalFilter(975)) - Added global filter 'safety' (class=org.apache.hadoop.http.HttpServer2$QuotingInputFilter)
2019-09-05 17:44:58,827 [main] INFO  http.HttpServer2 (HttpServer2.java:addFilter(948)) - Added filter static_user_filter (class=org.apache.hadoop.http.lib.StaticUserWebFilter$StaticUserFilter) to context ozoneManager
2019-09-05 17:44:58,827 [main] INFO  http.HttpServer2 (HttpServer2.java:addFilter(958)) - Added filter static_user_filter (class=org.apache.hadoop.http.lib.StaticUserWebFilter$StaticUserFilter) to context logs
2019-09-05 17:44:58,827 [main] INFO  http.HttpServer2 (HttpServer2.java:addFilter(958)) - Added filter static_user_filter (class=org.apache.hadoop.http.lib.StaticUserWebFilter$StaticUserFilter) to context static
2019-09-05 17:44:58,828 [main] INFO  http.HttpServer2 (HttpServer2.java:bindListener(1191)) - Jetty bound to port 44503
2019-09-05 17:44:58,828 [main] INFO  server.Server (Server.java:doStart(351)) - jetty-9.3.24.v20180605, build timestamp: 2018-06-05T17:11:56Z, git hash: 84205aa28f11a4f31f2a3b86d1bba2cc8ab69827
2019-09-05 17:44:58,830 [main] INFO  handler.ContextHandler (ContextHandler.java:doStart(781)) - Started o.e.j.s.ServletContextHandler@67f77f6e{/logs,file:///workdir/hadoop-ozone/integration-test/target/log,AVAILABLE}
2019-09-05 17:44:58,830 [main] INFO  handler.ContextHandler (ContextHandler.java:doStart(781)) - Started o.e.j.s.ServletContextHandler@7be1ce6a{/static,file:///workdir/hadoop-ozone/integration-test/target/test-classes/webapps/static,AVAILABLE}
2019-09-05 17:44:58,834 [main] INFO  handler.ContextHandler (ContextHandler.java:doStart(781)) - Started o.e.j.w.WebAppContext@52b3bf03{/,file:///workdir/hadoop-ozone/integration-test/target/test-classes/webapps/ozoneManager/,AVAILABLE}{/ozoneManager}
2019-09-05 17:44:58,838 [main] INFO  server.AbstractConnector (AbstractConnector.java:doStart(278)) - Started ServerConnector@7cca01a8{HTTP/1.1,[http/1.1]}{0.0.0.0:44503}
2019-09-05 17:44:58,838 [main] INFO  server.Server (Server.java:doStart(419)) - Started @47591ms
2019-09-05 17:44:58,838 [main] WARN  impl.MetricsSystemImpl (MetricsSystemImpl.java:register(276)) - Sink prometheus already exists!
2019-09-05 17:44:58,839 [main] INFO  server.BaseHttpServer (BaseHttpServer.java:updateConnectorAddress(215)) - HTTP server of OZONEMANAGER is listening at http://0.0.0.0:44503
2019-09-05 17:44:58,864 [main] INFO  impl.MetricsSystemImpl (MetricsSystemImpl.java:init(158)) - HddsDatanode metrics system started (again)
2019-09-05 17:44:58,884 [main] INFO  ozone.HddsDatanodeService (HddsDatanodeService.java:start(184)) - HddsDatanodeService host:pr-hdds-2007-scw2c-2724463716 ip:192.168.69.120
2019-09-05 17:44:58,894 [main] INFO  volume.HddsVolume (HddsVolume.java:<init>(176)) - Creating Volume: /workdir/hadoop-ozone/integration-test/target/test-dir/MiniOzoneClusterImpl-329502e2-e6cd-45ba-986e-04556b25a2a9/datanode-0/data/containers/hdds of  storage type : DISK and capacity : 1482555576320
2019-09-05 17:44:58,895 [main] INFO  volume.VolumeSet (VolumeSet.java:initializeVolumeSet(170)) - Added Volume : /workdir/hadoop-ozone/integration-test/target/test-dir/MiniOzoneClusterImpl-329502e2-e6cd-45ba-986e-04556b25a2a9/datanode-0/data/containers/hdds to VolumeSet
2019-09-05 17:44:58,895 [main] INFO  volume.ThrottledAsyncChecker (ThrottledAsyncChecker.java:schedule(140)) - Scheduling a check for org.apache.hadoop.ozone.container.common.volume.HddsVolume@3c854752
2019-09-05 17:44:58,896 [main] INFO  volume.HddsVolumeChecker (HddsVolumeChecker.java:checkAllVolumes(203)) - Scheduled health check for volume org.apache.hadoop.ozone.container.common.volume.HddsVolume@3c854752
2019-09-05 17:44:58,912 [main] INFO  impl.RaftServerProxy (ConfUtils.java:logGet(43)) - raft.rpc.type = GRPC (default)
2019-09-05 17:44:58,913 [main] INFO  grpc.GrpcFactory (GrpcFactory.java:checkPooledByteBufAllocatorUseCacheForAllThreads(45)) - PERFORMANCE WARNING: useCacheForAllThreads is true that may cause Netty to create a lot garbage objects and, as a result, trigger GC.
	It is recommended to disable useCacheForAllThreads by setting -Dorg.apache.ratis.thirdparty.io.netty.allocator.useCacheForAllThreads=false in command line.
2019-09-05 17:44:58,913 [main] INFO  grpc.GrpcConfigKeys$Server (ConfUtils.java:logGet(43)) - raft.grpc.server.port = 0 (default)
2019-09-05 17:44:58,913 [main] INFO  server.GrpcService (ConfUtils.java:logGet(43)) - raft.grpc.message.size.max = 33570816 (custom)
2019-09-05 17:44:58,913 [main] INFO  server.RaftServerConfigKeys (ConfUtils.java:logGet(43)) - raft.server.log.appender.buffer.byte-limit = 33554432 (custom)
2019-09-05 17:44:58,914 [main] INFO  server.GrpcService (ConfUtils.java:logGet(43)) - raft.grpc.flow.control.window = 1MB (=1048576) (default)
2019-09-05 17:44:58,914 [main] INFO  server.RaftServerConfigKeys (ConfUtils.java:logGet(43)) - raft.server.rpc.request.timeout = 3000ms (default)
2019-09-05 17:44:58,914 [main] INFO  server.RaftServerConfigKeys (ConfUtils.java:logGet(43)) - raft.server.storage.dir = [/workdir/hadoop-ozone/integration-test/target/test-dir/MiniOzoneClusterImpl-329502e2-e6cd-45ba-986e-04556b25a2a9/datanode-0/data/ratis] (custom)
2019-09-05 17:44:58,916 [main] INFO  hdfs.DFSUtil (DFSUtil.java:httpServerTemplateForNNAndJN(1641)) - Starting Web-server for hddsDatanode at: http://0.0.0.0:0
2019-09-05 17:44:58,918 [main] INFO  server.AuthenticationFilter (AuthenticationFilter.java:constructSecretProvider(240)) - Unable to initialize FileSignerSecretProvider, falling back to use random secrets.
2019-09-05 17:44:58,919 [main] WARN  http.HttpRequestLog (HttpRequestLog.java:getRequestLog(97)) - Jetty request log can only be enabled using Log4j
2019-09-05 17:44:58,921 [main] INFO  http.HttpServer2 (HttpServer2.java:addGlobalFilter(975)) - Added global filter 'safety' (class=org.apache.hadoop.http.HttpServer2$QuotingInputFilter)
2019-09-05 17:44:58,922 [main] INFO  http.HttpServer2 (HttpServer2.java:addFilter(948)) - Added filter static_user_filter (class=org.apache.hadoop.http.lib.StaticUserWebFilter$StaticUserFilter) to context hddsDatanode
2019-09-05 17:44:58,923 [main] INFO  http.HttpServer2 (HttpServer2.java:addFilter(958)) - Added filter static_user_filter (class=org.apache.hadoop.http.lib.StaticUserWebFilter$StaticUserFilter) to context static
2019-09-05 17:44:58,923 [main] INFO  http.HttpServer2 (HttpServer2.java:addFilter(958)) - Added filter static_user_filter (class=org.apache.hadoop.http.lib.StaticUserWebFilter$StaticUserFilter) to context logs
2019-09-05 17:44:58,924 [main] INFO  http.HttpServer2 (HttpServer2.java:bindListener(1191)) - Jetty bound to port 41388
2019-09-05 17:44:58,924 [main] INFO  server.Server (Server.java:doStart(351)) - jetty-9.3.24.v20180605, build timestamp: 2018-06-05T17:11:56Z, git hash: 84205aa28f11a4f31f2a3b86d1bba2cc8ab69827
2019-09-05 17:44:58,978 [main] INFO  handler.ContextHandler (ContextHandler.java:doStart(781)) - Started o.e.j.s.ServletContextHandler@1dd74143{/logs,file:///workdir/hadoop-ozone/integration-test/target/log,AVAILABLE}
2019-09-05 17:44:58,979 [main] INFO  handler.ContextHandler (ContextHandler.java:doStart(781)) - Started o.e.j.s.ServletContextHandler@3166f664{/static,jar:file:/home/user/.m2/repository/org/apache/hadoop/hadoop-hdds-container-service/0.5.0-SNAPSHOT/hadoop-hdds-container-service-0.5.0-SNAPSHOT.jar!/webapps/static,AVAILABLE}
2019-09-05 17:44:59,013 [main] INFO  handler.ContextHandler (ContextHandler.java:doStart(781)) - Started o.e.j.w.WebAppContext@4f4c88f9{/,file:///tmp/jetty-0.0.0.0-41388-hddsDatanode-_-any-8092598363376772048.dir/webapp/,AVAILABLE}{/hddsDatanode}
2019-09-05 17:44:59,014 [main] INFO  server.AbstractConnector (AbstractConnector.java:doStart(278)) - Started ServerConnector@6a756082{HTTP/1.1,[http/1.1]}{0.0.0.0:41388}
2019-09-05 17:44:59,017 [main] INFO  server.Server (Server.java:doStart(419)) - Started @47771ms
2019-09-05 17:44:59,018 [main] WARN  impl.MetricsSystemImpl (MetricsSystemImpl.java:register(276)) - Sink prometheus already exists!
2019-09-05 17:44:59,018 [main] INFO  server.BaseHttpServer (BaseHttpServer.java:updateConnectorAddress(215)) - HTTP server of HDDSDATANODE is listening at http://0.0.0.0:41388
2019-09-05 17:44:59,019 [main] INFO  impl.MetricsSystemImpl (MetricsSystemImpl.java:init(158)) - HddsDatanode metrics system started (again)
2019-09-05 17:44:59,037 [org.apache.hadoop.util.JvmPauseMonitor$Monitor@6779d3b6] INFO  util.JvmPauseMonitor (JvmPauseMonitor.java:run(188)) - Starting JVM pause monitor
2019-09-05 17:44:59,038 [Datanode State Machine Thread - 0] INFO  datanode.InitDatanodeState (InitDatanodeState.java:persistContainerDatanodeDetails(140)) - DatanodeDetails is persisted to /workdir/hadoop-ozone/integration-test/target/test-dir/MiniOzoneClusterImpl-329502e2-e6cd-45ba-986e-04556b25a2a9/datanode-0/meta/datanode.id
2019-09-05 17:44:59,039 [main] INFO  ozone.HddsDatanodeService (HddsDatanodeService.java:start(184)) - HddsDatanodeService host:pr-hdds-2007-scw2c-2724463716 ip:192.168.69.120
2019-09-05 17:44:59,048 [main] INFO  volume.HddsVolume (HddsVolume.java:<init>(176)) - Creating Volume: /workdir/hadoop-ozone/integration-test/target/test-dir/MiniOzoneClusterImpl-329502e2-e6cd-45ba-986e-04556b25a2a9/datanode-1/data/containers/hdds of  storage type : DISK and capacity : 1482555576320
2019-09-05 17:44:59,048 [main] INFO  volume.VolumeSet (VolumeSet.java:initializeVolumeSet(170)) - Added Volume : /workdir/hadoop-ozone/integration-test/target/test-dir/MiniOzoneClusterImpl-329502e2-e6cd-45ba-986e-04556b25a2a9/datanode-1/data/containers/hdds to VolumeSet
2019-09-05 17:44:59,049 [main] INFO  volume.ThrottledAsyncChecker (ThrottledAsyncChecker.java:schedule(140)) - Scheduling a check for org.apache.hadoop.ozone.container.common.volume.HddsVolume@17410c07
2019-09-05 17:44:59,049 [main] INFO  volume.HddsVolumeChecker (HddsVolumeChecker.java:checkAllVolumes(203)) - Scheduled health check for volume org.apache.hadoop.ozone.container.common.volume.HddsVolume@17410c07
2019-09-05 17:44:59,065 [main] INFO  impl.RaftServerProxy (ConfUtils.java:logGet(43)) - raft.rpc.type = GRPC (default)
2019-09-05 17:44:59,065 [main] INFO  grpc.GrpcFactory (GrpcFactory.java:checkPooledByteBufAllocatorUseCacheForAllThreads(45)) - PERFORMANCE WARNING: useCacheForAllThreads is true that may cause Netty to create a lot garbage objects and, as a result, trigger GC.
	It is recommended to disable useCacheForAllThreads by setting -Dorg.apache.ratis.thirdparty.io.netty.allocator.useCacheForAllThreads=false in command line.
2019-09-05 17:44:59,065 [main] INFO  grpc.GrpcConfigKeys$Server (ConfUtils.java:logGet(43)) - raft.grpc.server.port = 0 (default)
2019-09-05 17:44:59,066 [main] INFO  server.GrpcService (ConfUtils.java:logGet(43)) - raft.grpc.message.size.max = 33570816 (custom)
2019-09-05 17:44:59,066 [main] INFO  server.RaftServerConfigKeys (ConfUtils.java:logGet(43)) - raft.server.log.appender.buffer.byte-limit = 33554432 (custom)
2019-09-05 17:44:59,066 [main] INFO  server.GrpcService (ConfUtils.java:logGet(43)) - raft.grpc.flow.control.window = 1MB (=1048576) (default)
2019-09-05 17:44:59,066 [main] INFO  server.RaftServerConfigKeys (ConfUtils.java:logGet(43)) - raft.server.rpc.request.timeout = 3000ms (default)
2019-09-05 17:44:59,067 [main] INFO  server.RaftServerConfigKeys (ConfUtils.java:logGet(43)) - raft.server.storage.dir = [/workdir/hadoop-ozone/integration-test/target/test-dir/MiniOzoneClusterImpl-329502e2-e6cd-45ba-986e-04556b25a2a9/datanode-1/data/ratis] (custom)
2019-09-05 17:44:59,068 [main] INFO  hdfs.DFSUtil (DFSUtil.java:httpServerTemplateForNNAndJN(1641)) - Starting Web-server for hddsDatanode at: http://0.0.0.0:0
2019-09-05 17:44:59,070 [main] INFO  server.AuthenticationFilter (AuthenticationFilter.java:constructSecretProvider(240)) - Unable to initialize FileSignerSecretProvider, falling back to use random secrets.
2019-09-05 17:44:59,070 [main] WARN  http.HttpRequestLog (HttpRequestLog.java:getRequestLog(97)) - Jetty request log can only be enabled using Log4j
2019-09-05 17:44:59,072 [main] INFO  http.HttpServer2 (HttpServer2.java:addGlobalFilter(975)) - Added global filter 'safety' (class=org.apache.hadoop.http.HttpServer2$QuotingInputFilter)
2019-09-05 17:44:59,072 [main] INFO  http.HttpServer2 (HttpServer2.java:addFilter(948)) - Added filter static_user_filter (class=org.apache.hadoop.http.lib.StaticUserWebFilter$StaticUserFilter) to context hddsDatanode
2019-09-05 17:44:59,073 [main] INFO  http.HttpServer2 (HttpServer2.java:addFilter(958)) - Added filter static_user_filter (class=org.apache.hadoop.http.lib.StaticUserWebFilter$StaticUserFilter) to context static
2019-09-05 17:44:59,073 [main] INFO  http.HttpServer2 (HttpServer2.java:addFilter(958)) - Added filter static_user_filter (class=org.apache.hadoop.http.lib.StaticUserWebFilter$StaticUserFilter) to context logs
2019-09-05 17:44:59,074 [main] INFO  http.HttpServer2 (HttpServer2.java:bindListener(1191)) - Jetty bound to port 38447
2019-09-05 17:44:59,074 [main] INFO  server.Server (Server.java:doStart(351)) - jetty-9.3.24.v20180605, build timestamp: 2018-06-05T17:11:56Z, git hash: 84205aa28f11a4f31f2a3b86d1bba2cc8ab69827
2019-09-05 17:44:59,075 [main] INFO  handler.ContextHandler (ContextHandler.java:doStart(781)) - Started o.e.j.s.ServletContextHandler@9b76b60{/logs,file:///workdir/hadoop-ozone/integration-test/target/log,AVAILABLE}
2019-09-05 17:44:59,076 [main] INFO  handler.ContextHandler (ContextHandler.java:doStart(781)) - Started o.e.j.s.ServletContextHandler@127705e4{/static,jar:file:/home/user/.m2/repository/org/apache/hadoop/hadoop-hdds-container-service/0.5.0-SNAPSHOT/hadoop-hdds-container-service-0.5.0-SNAPSHOT.jar!/webapps/static,AVAILABLE}
2019-09-05 17:44:59,104 [main] INFO  handler.ContextHandler (ContextHandler.java:doStart(781)) - Started o.e.j.w.WebAppContext@30839e44{/,file:///tmp/jetty-0.0.0.0-38447-hddsDatanode-_-any-4455420666174862108.dir/webapp/,AVAILABLE}{/hddsDatanode}
2019-09-05 17:44:59,105 [main] INFO  server.AbstractConnector (AbstractConnector.java:doStart(278)) - Started ServerConnector@5f174dd2{HTTP/1.1,[http/1.1]}{0.0.0.0:38447}
2019-09-05 17:44:59,108 [main] INFO  server.Server (Server.java:doStart(419)) - Started @47861ms
2019-09-05 17:44:59,108 [main] WARN  impl.MetricsSystemImpl (MetricsSystemImpl.java:register(276)) - Sink prometheus already exists!
2019-09-05 17:44:59,109 [main] INFO  server.BaseHttpServer (BaseHttpServer.java:updateConnectorAddress(215)) - HTTP server of HDDSDATANODE is listening at http://0.0.0.0:38447
2019-09-05 17:44:59,109 [main] INFO  impl.MetricsSystemImpl (MetricsSystemImpl.java:init(158)) - HddsDatanode metrics system started (again)
2019-09-05 17:44:59,114 [org.apache.hadoop.util.JvmPauseMonitor$Monitor@6ea88956] INFO  util.JvmPauseMonitor (JvmPauseMonitor.java:run(188)) - Starting JVM pause monitor
2019-09-05 17:44:59,115 [Datanode State Machine Thread - 0] INFO  datanode.InitDatanodeState (InitDatanodeState.java:persistContainerDatanodeDetails(140)) - DatanodeDetails is persisted to /workdir/hadoop-ozone/integration-test/target/test-dir/MiniOzoneClusterImpl-329502e2-e6cd-45ba-986e-04556b25a2a9/datanode-1/meta/datanode.id
2019-09-05 17:44:59,131 [main] INFO  ozone.HddsDatanodeService (HddsDatanodeService.java:start(184)) - HddsDatanodeService host:pr-hdds-2007-scw2c-2724463716 ip:192.168.69.120
2019-09-05 17:44:59,139 [main] INFO  volume.HddsVolume (HddsVolume.java:<init>(176)) - Creating Volume: /workdir/hadoop-ozone/integration-test/target/test-dir/MiniOzoneClusterImpl-329502e2-e6cd-45ba-986e-04556b25a2a9/datanode-2/data/containers/hdds of  storage type : DISK and capacity : 1482555576320
2019-09-05 17:44:59,140 [main] INFO  volume.VolumeSet (VolumeSet.java:initializeVolumeSet(170)) - Added Volume : /workdir/hadoop-ozone/integration-test/target/test-dir/MiniOzoneClusterImpl-329502e2-e6cd-45ba-986e-04556b25a2a9/datanode-2/data/containers/hdds to VolumeSet
2019-09-05 17:44:59,140 [main] INFO  volume.ThrottledAsyncChecker (ThrottledAsyncChecker.java:schedule(140)) - Scheduling a check for org.apache.hadoop.ozone.container.common.volume.HddsVolume@41184371
2019-09-05 17:44:59,141 [main] INFO  volume.HddsVolumeChecker (HddsVolumeChecker.java:checkAllVolumes(203)) - Scheduled health check for volume org.apache.hadoop.ozone.container.common.volume.HddsVolume@41184371
2019-09-05 17:44:59,160 [main] INFO  impl.RaftServerProxy (ConfUtils.java:logGet(43)) - raft.rpc.type = GRPC (default)
2019-09-05 17:44:59,160 [main] INFO  grpc.GrpcFactory (GrpcFactory.java:checkPooledByteBufAllocatorUseCacheForAllThreads(45)) - PERFORMANCE WARNING: useCacheForAllThreads is true that may cause Netty to create a lot garbage objects and, as a result, trigger GC.
	It is recommended to disable useCacheForAllThreads by setting -Dorg.apache.ratis.thirdparty.io.netty.allocator.useCacheForAllThreads=false in command line.
2019-09-05 17:44:59,160 [main] INFO  grpc.GrpcConfigKeys$Server (ConfUtils.java:logGet(43)) - raft.grpc.server.port = 0 (default)
2019-09-05 17:44:59,160 [main] INFO  server.GrpcService (ConfUtils.java:logGet(43)) - raft.grpc.message.size.max = 33570816 (custom)
2019-09-05 17:44:59,161 [main] INFO  server.RaftServerConfigKeys (ConfUtils.java:logGet(43)) - raft.server.log.appender.buffer.byte-limit = 33554432 (custom)
2019-09-05 17:44:59,161 [main] INFO  server.GrpcService (ConfUtils.java:logGet(43)) - raft.grpc.flow.control.window = 1MB (=1048576) (default)
2019-09-05 17:44:59,161 [main] INFO  server.RaftServerConfigKeys (ConfUtils.java:logGet(43)) - raft.server.rpc.request.timeout = 3000ms (default)
2019-09-05 17:44:59,162 [main] INFO  server.RaftServerConfigKeys (ConfUtils.java:logGet(43)) - raft.server.storage.dir = [/workdir/hadoop-ozone/integration-test/target/test-dir/MiniOzoneClusterImpl-329502e2-e6cd-45ba-986e-04556b25a2a9/datanode-2/data/ratis] (custom)
2019-09-05 17:44:59,164 [main] INFO  hdfs.DFSUtil (DFSUtil.java:httpServerTemplateForNNAndJN(1641)) - Starting Web-server for hddsDatanode at: http://0.0.0.0:0
2019-09-05 17:44:59,165 [main] INFO  server.AuthenticationFilter (AuthenticationFilter.java:constructSecretProvider(240)) - Unable to initialize FileSignerSecretProvider, falling back to use random secrets.
2019-09-05 17:44:59,165 [main] WARN  http.HttpRequestLog (HttpRequestLog.java:getRequestLog(97)) - Jetty request log can only be enabled using Log4j
2019-09-05 17:44:59,167 [main] INFO  http.HttpServer2 (HttpServer2.java:addGlobalFilter(975)) - Added global filter 'safety' (class=org.apache.hadoop.http.HttpServer2$QuotingInputFilter)
2019-09-05 17:44:59,167 [main] INFO  http.HttpServer2 (HttpServer2.java:addFilter(948)) - Added filter static_user_filter (class=org.apache.hadoop.http.lib.StaticUserWebFilter$StaticUserFilter) to context hddsDatanode
2019-09-05 17:44:59,167 [main] INFO  http.HttpServer2 (HttpServer2.java:addFilter(958)) - Added filter static_user_filter (class=org.apache.hadoop.http.lib.StaticUserWebFilter$StaticUserFilter) to context static
2019-09-05 17:44:59,168 [main] INFO  http.HttpServer2 (HttpServer2.java:addFilter(958)) - Added filter static_user_filter (class=org.apache.hadoop.http.lib.StaticUserWebFilter$StaticUserFilter) to context logs
2019-09-05 17:44:59,169 [main] INFO  http.HttpServer2 (HttpServer2.java:bindListener(1191)) - Jetty bound to port 36956
2019-09-05 17:44:59,169 [main] INFO  server.Server (Server.java:doStart(351)) - jetty-9.3.24.v20180605, build timestamp: 2018-06-05T17:11:56Z, git hash: 84205aa28f11a4f31f2a3b86d1bba2cc8ab69827
2019-09-05 17:44:59,171 [main] INFO  handler.ContextHandler (ContextHandler.java:doStart(781)) - Started o.e.j.s.ServletContextHandler@71b639d0{/logs,file:///workdir/hadoop-ozone/integration-test/target/log,AVAILABLE}
2019-09-05 17:44:59,172 [main] INFO  handler.ContextHandler (ContextHandler.java:doStart(781)) - Started o.e.j.s.ServletContextHandler@5d5b9ecb{/static,jar:file:/home/user/.m2/repository/org/apache/hadoop/hadoop-hdds-container-service/0.5.0-SNAPSHOT/hadoop-hdds-container-service-0.5.0-SNAPSHOT.jar!/webapps/static,AVAILABLE}
2019-09-05 17:44:59,203 [main] INFO  handler.ContextHandler (ContextHandler.java:doStart(781)) - Started o.e.j.w.WebAppContext@6dc1dc69{/,file:///tmp/jetty-0.0.0.0-36956-hddsDatanode-_-any-241792508448640064.dir/webapp/,AVAILABLE}{/hddsDatanode}
2019-09-05 17:44:59,204 [main] INFO  server.AbstractConnector (AbstractConnector.java:doStart(278)) - Started ServerConnector@7e9f2c32{HTTP/1.1,[http/1.1]}{0.0.0.0:36956}
2019-09-05 17:44:59,208 [main] INFO  server.Server (Server.java:doStart(419)) - Started @47961ms
2019-09-05 17:44:59,208 [main] WARN  impl.MetricsSystemImpl (MetricsSystemImpl.java:register(276)) - Sink prometheus already exists!
2019-09-05 17:44:59,209 [main] INFO  server.BaseHttpServer (BaseHttpServer.java:updateConnectorAddress(215)) - HTTP server of HDDSDATANODE is listening at http://0.0.0.0:36956
2019-09-05 17:44:59,210 [main] INFO  impl.MetricsSystemImpl (MetricsSystemImpl.java:init(158)) - HddsDatanode metrics system started (again)
2019-09-05 17:44:59,216 [org.apache.hadoop.util.JvmPauseMonitor$Monitor@2f175e4c] INFO  util.JvmPauseMonitor (JvmPauseMonitor.java:run(188)) - Starting JVM pause monitor
2019-09-05 17:44:59,231 [main] INFO  ozone.HddsDatanodeService (HddsDatanodeService.java:start(184)) - HddsDatanodeService host:pr-hdds-2007-scw2c-2724463716 ip:192.168.69.120
2019-09-05 17:44:59,303 [Datanode State Machine Thread - 0] INFO  datanode.InitDatanodeState (InitDatanodeState.java:persistContainerDatanodeDetails(140)) - DatanodeDetails is persisted to /workdir/hadoop-ozone/integration-test/target/test-dir/MiniOzoneClusterImpl-329502e2-e6cd-45ba-986e-04556b25a2a9/datanode-2/meta/datanode.id
2019-09-05 17:44:59,331 [main] INFO  volume.HddsVolume (HddsVolume.java:<init>(176)) - Creating Volume: /workdir/hadoop-ozone/integration-test/target/test-dir/MiniOzoneClusterImpl-329502e2-e6cd-45ba-986e-04556b25a2a9/datanode-3/data/containers/hdds of  storage type : DISK and capacity : 1482555576320
2019-09-05 17:44:59,331 [main] INFO  volume.VolumeSet (VolumeSet.java:initializeVolumeSet(170)) - Added Volume : /workdir/hadoop-ozone/integration-test/target/test-dir/MiniOzoneClusterImpl-329502e2-e6cd-45ba-986e-04556b25a2a9/datanode-3/data/containers/hdds to VolumeSet
2019-09-05 17:44:59,332 [main] INFO  volume.ThrottledAsyncChecker (ThrottledAsyncChecker.java:schedule(140)) - Scheduling a check for org.apache.hadoop.ozone.container.common.volume.HddsVolume@221a2068
2019-09-05 17:44:59,332 [main] INFO  volume.HddsVolumeChecker (HddsVolumeChecker.java:checkAllVolumes(203)) - Scheduled health check for volume org.apache.hadoop.ozone.container.common.volume.HddsVolume@221a2068
2019-09-05 17:44:59,355 [main] INFO  impl.RaftServerProxy (ConfUtils.java:logGet(43)) - raft.rpc.type = GRPC (default)
2019-09-05 17:44:59,356 [main] INFO  grpc.GrpcFactory (GrpcFactory.java:checkPooledByteBufAllocatorUseCacheForAllThreads(45)) - PERFORMANCE WARNING: useCacheForAllThreads is true that may cause Netty to create a lot garbage objects and, as a result, trigger GC.
	It is recommended to disable useCacheForAllThreads by setting -Dorg.apache.ratis.thirdparty.io.netty.allocator.useCacheForAllThreads=false in command line.
2019-09-05 17:44:59,356 [main] INFO  grpc.GrpcConfigKeys$Server (ConfUtils.java:logGet(43)) - raft.grpc.server.port = 0 (default)
2019-09-05 17:44:59,356 [main] INFO  server.GrpcService (ConfUtils.java:logGet(43)) - raft.grpc.message.size.max = 33570816 (custom)
2019-09-05 17:44:59,357 [main] INFO  server.RaftServerConfigKeys (ConfUtils.java:logGet(43)) - raft.server.log.appender.buffer.byte-limit = 33554432 (custom)
2019-09-05 17:44:59,357 [main] INFO  server.GrpcService (ConfUtils.java:logGet(43)) - raft.grpc.flow.control.window = 1MB (=1048576) (default)
2019-09-05 17:44:59,357 [main] INFO  server.RaftServerConfigKeys (ConfUtils.java:logGet(43)) - raft.server.rpc.request.timeout = 3000ms (default)
2019-09-05 17:44:59,358 [main] INFO  server.RaftServerConfigKeys (ConfUtils.java:logGet(43)) - raft.server.storage.dir = [/workdir/hadoop-ozone/integration-test/target/test-dir/MiniOzoneClusterImpl-329502e2-e6cd-45ba-986e-04556b25a2a9/datanode-3/data/ratis] (custom)
2019-09-05 17:44:59,360 [main] INFO  hdfs.DFSUtil (DFSUtil.java:httpServerTemplateForNNAndJN(1641)) - Starting Web-server for hddsDatanode at: http://0.0.0.0:0
2019-09-05 17:44:59,363 [main] INFO  server.AuthenticationFilter (AuthenticationFilter.java:constructSecretProvider(240)) - Unable to initialize FileSignerSecretProvider, falling back to use random secrets.
2019-09-05 17:44:59,363 [main] WARN  http.HttpRequestLog (HttpRequestLog.java:getRequestLog(97)) - Jetty request log can only be enabled using Log4j
2019-09-05 17:44:59,366 [main] INFO  http.HttpServer2 (HttpServer2.java:addGlobalFilter(975)) - Added global filter 'safety' (class=org.apache.hadoop.http.HttpServer2$QuotingInputFilter)
2019-09-05 17:44:59,367 [main] INFO  http.HttpServer2 (HttpServer2.java:addFilter(948)) - Added filter static_user_filter (class=org.apache.hadoop.http.lib.StaticUserWebFilter$StaticUserFilter) to context hddsDatanode
2019-09-05 17:44:59,368 [main] INFO  http.HttpServer2 (HttpServer2.java:addFilter(958)) - Added filter static_user_filter (class=org.apache.hadoop.http.lib.StaticUserWebFilter$StaticUserFilter) to context logs
2019-09-05 17:44:59,368 [main] INFO  http.HttpServer2 (HttpServer2.java:addFilter(958)) - Added filter static_user_filter (class=org.apache.hadoop.http.lib.StaticUserWebFilter$StaticUserFilter) to context static
2019-09-05 17:44:59,369 [main] INFO  http.HttpServer2 (HttpServer2.java:bindListener(1191)) - Jetty bound to port 36014
2019-09-05 17:44:59,369 [main] INFO  server.Server (Server.java:doStart(351)) - jetty-9.3.24.v20180605, build timestamp: 2018-06-05T17:11:56Z, git hash: 84205aa28f11a4f31f2a3b86d1bba2cc8ab69827
2019-09-05 17:44:59,371 [main] INFO  handler.ContextHandler (ContextHandler.java:doStart(781)) - Started o.e.j.s.ServletContextHandler@659feb22{/logs,file:///workdir/hadoop-ozone/integration-test/target/log,AVAILABLE}
2019-09-05 17:44:59,371 [main] INFO  handler.ContextHandler (ContextHandler.java:doStart(781)) - Started o.e.j.s.ServletContextHandler@2f4b98f6{/static,jar:file:/home/user/.m2/repository/org/apache/hadoop/hadoop-hdds-container-service/0.5.0-SNAPSHOT/hadoop-hdds-container-service-0.5.0-SNAPSHOT.jar!/webapps/static,AVAILABLE}
2019-09-05 17:44:59,382 [Thread-427] INFO  impl.FollowerState (FollowerState.java:run(106)) - a707cb1f-a8f4-4ce4-9f34-5b67a6adaeb4:group-35E1D3AD18B2 changes to CANDIDATE, lastRpcTime:1058, electionTimeout:1058ms
2019-09-05 17:44:59,382 [Thread-427] INFO  impl.RoleInfo (RoleInfo.java:shutdownFollowerState(121)) - a707cb1f-a8f4-4ce4-9f34-5b67a6adaeb4: shutdown FollowerState
2019-09-05 17:44:59,382 [Thread-427] INFO  impl.RaftServerImpl (RaftServerImpl.java:setRole(171)) - a707cb1f-a8f4-4ce4-9f34-5b67a6adaeb4:group-35E1D3AD18B2 changes role from FOLLOWER to CANDIDATE at term 1 for changeToCandidate
2019-09-05 17:44:59,382 [Thread-427] INFO  impl.RoleInfo (RoleInfo.java:updateAndGet(143)) - a707cb1f-a8f4-4ce4-9f34-5b67a6adaeb4: start LeaderElection
2019-09-05 17:44:59,416 [a707cb1f-a8f4-4ce4-9f34-5b67a6adaeb4:group-35E1D3AD18B2:LeaderElection14] INFO  impl.LeaderElection (LeaderElection.java:askForVotes(181)) - a707cb1f-a8f4-4ce4-9f34-5b67a6adaeb4:group-35E1D3AD18B2:LeaderElection14: begin an election at term 2 for -1: [baa965d0-d7ca-4507-8405-0028ae870c0f:192.168.69.120:45325, b323f64f-746c-4c8f-9b63-de29d29eb9b9:192.168.69.120:33379, a707cb1f-a8f4-4ce4-9f34-5b67a6adaeb4:192.168.69.120:40572], old=null
2019-09-05 17:44:59,479 [main] INFO  handler.ContextHandler (ContextHandler.java:doStart(781)) - Started o.e.j.w.WebAppContext@6bc24e72{/,file:///tmp/jetty-0.0.0.0-36014-hddsDatanode-_-any-3910611449151451515.dir/webapp/,AVAILABLE}{/hddsDatanode}
2019-09-05 17:44:59,484 [main] INFO  server.AbstractConnector (AbstractConnector.java:doStart(278)) - Started ServerConnector@724aefc3{HTTP/1.1,[http/1.1]}{0.0.0.0:36014}
2019-09-05 17:44:59,492 [grpc-default-executor-4] INFO  impl.RaftServerImpl (RaftServerImpl.java:setRole(171)) - baa965d0-d7ca-4507-8405-0028ae870c0f:group-35E1D3AD18B2 changes role from FOLLOWER to FOLLOWER at term 2 for recognizeCandidate:a707cb1f-a8f4-4ce4-9f34-5b67a6adaeb4
2019-09-05 17:44:59,493 [main] INFO  server.Server (Server.java:doStart(419)) - Started @48246ms
2019-09-05 17:44:59,492 [grpc-default-executor-1] INFO  impl.RaftServerImpl (RaftServerImpl.java:setRole(171)) - b323f64f-746c-4c8f-9b63-de29d29eb9b9:group-35E1D3AD18B2 changes role from FOLLOWER to FOLLOWER at term 2 for recognizeCandidate:a707cb1f-a8f4-4ce4-9f34-5b67a6adaeb4
2019-09-05 17:44:59,493 [main] WARN  impl.MetricsSystemImpl (MetricsSystemImpl.java:register(276)) - Sink prometheus already exists!
2019-09-05 17:44:59,493 [grpc-default-executor-4] INFO  impl.RoleInfo (RoleInfo.java:shutdownFollowerState(121)) - baa965d0-d7ca-4507-8405-0028ae870c0f: shutdown FollowerState
2019-09-05 17:44:59,493 [grpc-default-executor-1] INFO  impl.RoleInfo (RoleInfo.java:shutdownFollowerState(121)) - b323f64f-746c-4c8f-9b63-de29d29eb9b9: shutdown FollowerState
2019-09-05 17:44:59,493 [grpc-default-executor-4] INFO  impl.RoleInfo (RoleInfo.java:updateAndGet(143)) - baa965d0-d7ca-4507-8405-0028ae870c0f: start FollowerState
2019-09-05 17:44:59,493 [Thread-432] INFO  impl.FollowerState (FollowerState.java:run(114)) - b323f64f-746c-4c8f-9b63-de29d29eb9b9: FollowerState was interrupted: java.lang.InterruptedException: sleep interrupted
2019-09-05 17:44:59,493 [Thread-429] INFO  impl.FollowerState (FollowerState.java:run(114)) - baa965d0-d7ca-4507-8405-0028ae870c0f: FollowerState was interrupted: java.lang.InterruptedException: sleep interrupted
2019-09-05 17:44:59,493 [grpc-default-executor-1] INFO  impl.RoleInfo (RoleInfo.java:updateAndGet(143)) - b323f64f-746c-4c8f-9b63-de29d29eb9b9: start FollowerState
2019-09-05 17:44:59,498 [main] INFO  server.BaseHttpServer (BaseHttpServer.java:updateConnectorAddress(215)) - HTTP server of HDDSDATANODE is listening at http://0.0.0.0:36014
2019-09-05 17:44:59,499 [main] INFO  impl.MetricsSystemImpl (MetricsSystemImpl.java:init(158)) - HddsDatanode metrics system started (again)
2019-09-05 17:44:59,517 [a707cb1f-a8f4-4ce4-9f34-5b67a6adaeb4:group-35E1D3AD18B2:LeaderElection14] INFO  impl.LeaderElection (LeaderElection.java:logAndReturn(56)) - a707cb1f-a8f4-4ce4-9f34-5b67a6adaeb4:group-35E1D3AD18B2:LeaderElection14: Election PASSED; received 1 response(s) [a707cb1f-a8f4-4ce4-9f34-5b67a6adaeb4<-b323f64f-746c-4c8f-9b63-de29d29eb9b9#0:OK-t2] and 0 exception(s); a707cb1f-a8f4-4ce4-9f34-5b67a6adaeb4:t2, leader=null, voted=a707cb1f-a8f4-4ce4-9f34-5b67a6adaeb4, raftlog=a707cb1f-a8f4-4ce4-9f34-5b67a6adaeb4-SegmentedRaftLog:OPENED:c-1,f-1,i0, conf=-1: [baa965d0-d7ca-4507-8405-0028ae870c0f:192.168.69.120:45325, b323f64f-746c-4c8f-9b63-de29d29eb9b9:192.168.69.120:33379, a707cb1f-a8f4-4ce4-9f34-5b67a6adaeb4:192.168.69.120:40572], old=null
2019-09-05 17:44:59,517 [org.apache.hadoop.util.JvmPauseMonitor$Monitor@b7f8165] INFO  util.JvmPauseMonitor (JvmPauseMonitor.java:run(188)) - Starting JVM pause monitor
2019-09-05 17:44:59,517 [a707cb1f-a8f4-4ce4-9f34-5b67a6adaeb4:group-35E1D3AD18B2:LeaderElection14] INFO  impl.RoleInfo (RoleInfo.java:shutdownLeaderElection(134)) - a707cb1f-a8f4-4ce4-9f34-5b67a6adaeb4: shutdown LeaderElection
2019-09-05 17:44:59,528 [a707cb1f-a8f4-4ce4-9f34-5b67a6adaeb4:group-35E1D3AD18B2:LeaderElection14] INFO  impl.RaftServerImpl (RaftServerImpl.java:setRole(171)) - a707cb1f-a8f4-4ce4-9f34-5b67a6adaeb4:group-35E1D3AD18B2 changes role from CANDIDATE to LEADER at term 2 for changeToLeader
2019-09-05 17:44:59,528 [a707cb1f-a8f4-4ce4-9f34-5b67a6adaeb4:group-35E1D3AD18B2:LeaderElection14] INFO  impl.RaftServerImpl (ServerState.java:setLeader(263)) - a707cb1f-a8f4-4ce4-9f34-5b67a6adaeb4:group-35E1D3AD18B2 change Leader from null to a707cb1f-a8f4-4ce4-9f34-5b67a6adaeb4 at term 2 for becomeLeader, leader elected after 8950ms
2019-09-05 17:44:59,530 [a707cb1f-a8f4-4ce4-9f34-5b67a6adaeb4:group-35E1D3AD18B2:LeaderElection14] INFO  server.RaftServerConfigKeys (ConfUtils.java:logGet(43)) - raft.server.staging.catchup.gap = 1000 (default)
2019-09-05 17:44:59,531 [a707cb1f-a8f4-4ce4-9f34-5b67a6adaeb4:group-35E1D3AD18B2:LeaderElection14] INFO  server.RaftServerConfigKeys (ConfUtils.java:logGet(43)) - raft.server.rpc.sleep.time = 25ms (default)
2019-09-05 17:44:59,531 [a707cb1f-a8f4-4ce4-9f34-5b67a6adaeb4:group-35E1D3AD18B2:LeaderElection14] INFO  server.RaftServerConfigKeys (ConfUtils.java:logGet(43)) - raft.server.write.element-limit = 4096 (default)
2019-09-05 17:44:59,531 [a707cb1f-a8f4-4ce4-9f34-5b67a6adaeb4:group-35E1D3AD18B2:LeaderElection14] INFO  server.RaftServerConfigKeys (ConfUtils.java:logGet(43)) - raft.server.watch.timeout = 10s (default)
2019-09-05 17:44:59,531 [a707cb1f-a8f4-4ce4-9f34-5b67a6adaeb4:group-35E1D3AD18B2:LeaderElection14] INFO  server.RaftServerConfigKeys (ConfUtils.java:logGet(43)) - raft.server.watch.timeout.denomination = 1s (default)
2019-09-05 17:44:59,531 [a707cb1f-a8f4-4ce4-9f34-5b67a6adaeb4:group-35E1D3AD18B2:LeaderElection14] INFO  server.RaftServerConfigKeys (ConfUtils.java:logGet(43)) - raft.server.watch.element-limit = 65536 (default)
2019-09-05 17:44:59,531 [Datanode State Machine Thread - 0] INFO  datanode.InitDatanodeState (InitDatanodeState.java:persistContainerDatanodeDetails(140)) - DatanodeDetails is persisted to /workdir/hadoop-ozone/integration-test/target/test-dir/MiniOzoneClusterImpl-329502e2-e6cd-45ba-986e-04556b25a2a9/datanode-3/meta/datanode.id
2019-09-05 17:44:59,531 [a707cb1f-a8f4-4ce4-9f34-5b67a6adaeb4:group-35E1D3AD18B2:LeaderElection14] INFO  server.RaftServerConfigKeys (ConfUtils.java:logGet(43)) - raft.server.log.appender.snapshot.chunk.size.max = 16MB (=16777216) (default)
2019-09-05 17:44:59,532 [a707cb1f-a8f4-4ce4-9f34-5b67a6adaeb4:group-35E1D3AD18B2:LeaderElection14] INFO  server.RaftServerConfigKeys (ConfUtils.java:logGet(43)) - raft.server.log.appender.buffer.byte-limit = 33554432 (custom)
2019-09-05 17:44:59,532 [a707cb1f-a8f4-4ce4-9f34-5b67a6adaeb4:group-35E1D3AD18B2:LeaderElection14] INFO  server.RaftServerConfigKeys (ConfUtils.java:logGet(43)) - raft.server.log.appender.buffer.element-limit = 1 (custom)
2019-09-05 17:44:59,532 [main] INFO  ozone.HddsDatanodeService (HddsDatanodeService.java:start(184)) - HddsDatanodeService host:pr-hdds-2007-scw2c-2724463716 ip:192.168.69.120
2019-09-05 17:44:59,532 [a707cb1f-a8f4-4ce4-9f34-5b67a6adaeb4:group-35E1D3AD18B2:LeaderElection14] INFO  grpc.GrpcConfigKeys$Server (ConfUtils.java:logGet(43)) - raft.grpc.server.leader.outstanding.appends.max = 128 (default)
2019-09-05 17:44:59,532 [a707cb1f-a8f4-4ce4-9f34-5b67a6adaeb4:group-35E1D3AD18B2:LeaderElection14] INFO  server.RaftServerConfigKeys (ConfUtils.java:logGet(43)) - raft.server.rpc.request.timeout = 3000ms (default)
2019-09-05 17:44:59,532 [a707cb1f-a8f4-4ce4-9f34-5b67a6adaeb4:group-35E1D3AD18B2:LeaderElection14] INFO  server.RaftServerConfigKeys (ConfUtils.java:logGet(43)) - raft.server.log.appender.install.snapshot.enabled = false (custom)
2019-09-05 17:44:59,532 [a707cb1f-a8f4-4ce4-9f34-5b67a6adaeb4:group-35E1D3AD18B2:LeaderElection14] INFO  server.RaftServerConfigKeys (ConfUtils.java:logGet(43)) - raft.server.log.appender.snapshot.chunk.size.max = 16MB (=16777216) (default)
2019-09-05 17:44:59,533 [a707cb1f-a8f4-4ce4-9f34-5b67a6adaeb4:group-35E1D3AD18B2:LeaderElection14] INFO  server.RaftServerConfigKeys (ConfUtils.java:logGet(43)) - raft.server.log.appender.buffer.byte-limit = 33554432 (custom)
2019-09-05 17:44:59,533 [a707cb1f-a8f4-4ce4-9f34-5b67a6adaeb4:group-35E1D3AD18B2:LeaderElection14] INFO  server.RaftServerConfigKeys (ConfUtils.java:logGet(43)) - raft.server.log.appender.buffer.element-limit = 1 (custom)
2019-09-05 17:44:59,533 [a707cb1f-a8f4-4ce4-9f34-5b67a6adaeb4:group-35E1D3AD18B2:LeaderElection14] INFO  grpc.GrpcConfigKeys$Server (ConfUtils.java:logGet(43)) - raft.grpc.server.leader.outstanding.appends.max = 128 (default)
2019-09-05 17:44:59,533 [a707cb1f-a8f4-4ce4-9f34-5b67a6adaeb4:group-35E1D3AD18B2:LeaderElection14] INFO  server.RaftServerConfigKeys (ConfUtils.java:logGet(43)) - raft.server.rpc.request.timeout = 3000ms (default)
2019-09-05 17:44:59,533 [a707cb1f-a8f4-4ce4-9f34-5b67a6adaeb4:group-35E1D3AD18B2:LeaderElection14] INFO  server.RaftServerConfigKeys (ConfUtils.java:logGet(43)) - raft.server.log.appender.install.snapshot.enabled = false (custom)
2019-09-05 17:44:59,533 [a707cb1f-a8f4-4ce4-9f34-5b67a6adaeb4:group-35E1D3AD18B2:LeaderElection14] INFO  impl.RoleInfo (RoleInfo.java:updateAndGet(143)) - a707cb1f-a8f4-4ce4-9f34-5b67a6adaeb4: start LeaderState
2019-09-05 17:44:59,534 [a707cb1f-a8f4-4ce4-9f34-5b67a6adaeb4:group-35E1D3AD18B2:LeaderElection14] INFO  segmented.SegmentedRaftLogWorker (SegmentedRaftLogWorker.java:startLogSegment(380)) - a707cb1f-a8f4-4ce4-9f34-5b67a6adaeb4-SegmentedRaftLogWorker:Storage Directory /workdir/hadoop-ozone/integration-test/target/test-dir/MiniOzoneClusterImpl-e7761c2c-6268-40b2-9163-02537e17f130/datanode-2/data/ratis/161d777d-c07f-4e89-9ba3-35e1d3ad18b2: Starting segment from index:0
2019-09-05 17:44:59,534 [a707cb1f-a8f4-4ce4-9f34-5b67a6adaeb4:group-35E1D3AD18B2:LeaderElection14] INFO  impl.RaftServerImpl (ServerState.java:setRaftConf(361)) - a707cb1f-a8f4-4ce4-9f34-5b67a6adaeb4:group-35E1D3AD18B2 set configuration 0: [baa965d0-d7ca-4507-8405-0028ae870c0f:192.168.69.120:45325, b323f64f-746c-4c8f-9b63-de29d29eb9b9:192.168.69.120:33379, a707cb1f-a8f4-4ce4-9f34-5b67a6adaeb4:192.168.69.120:40572], old=null at 0
2019-09-05 17:44:59,537 [grpc-default-executor-4] INFO  impl.RaftServerImpl (ServerState.java:setLeader(263)) - b323f64f-746c-4c8f-9b63-de29d29eb9b9:group-35E1D3AD18B2 change Leader from null to a707cb1f-a8f4-4ce4-9f34-5b67a6adaeb4 at term 2 for appendEntries, leader elected after 8958ms
2019-09-05 17:44:59,562 [grpc-default-executor-1] INFO  impl.RaftServerImpl (ServerState.java:setLeader(263)) - baa965d0-d7ca-4507-8405-0028ae870c0f:group-35E1D3AD18B2 change Leader from null to a707cb1f-a8f4-4ce4-9f34-5b67a6adaeb4 at term 2 for appendEntries, leader elected after 3543ms
2019-09-05 17:44:59,564 [main] INFO  volume.HddsVolume (HddsVolume.java:<init>(176)) - Creating Volume: /workdir/hadoop-ozone/integration-test/target/test-dir/MiniOzoneClusterImpl-329502e2-e6cd-45ba-986e-04556b25a2a9/datanode-4/data/containers/hdds of  storage type : DISK and capacity : 1482555576320
2019-09-05 17:44:59,565 [main] INFO  volume.VolumeSet (VolumeSet.java:initializeVolumeSet(170)) - Added Volume : /workdir/hadoop-ozone/integration-test/target/test-dir/MiniOzoneClusterImpl-329502e2-e6cd-45ba-986e-04556b25a2a9/datanode-4/data/containers/hdds to VolumeSet
2019-09-05 17:44:59,565 [main] INFO  volume.ThrottledAsyncChecker (ThrottledAsyncChecker.java:schedule(140)) - Scheduling a check for org.apache.hadoop.ozone.container.common.volume.HddsVolume@1084f78c
2019-09-05 17:44:59,566 [main] INFO  volume.HddsVolumeChecker (HddsVolumeChecker.java:checkAllVolumes(203)) - Scheduled health check for volume org.apache.hadoop.ozone.container.common.volume.HddsVolume@1084f78c
2019-09-05 17:44:59,570 [grpc-default-executor-4] INFO  impl.RaftServerImpl (ServerState.java:setRaftConf(361)) - baa965d0-d7ca-4507-8405-0028ae870c0f:group-35E1D3AD18B2 set configuration 0: [baa965d0-d7ca-4507-8405-0028ae870c0f:192.168.69.120:45325, b323f64f-746c-4c8f-9b63-de29d29eb9b9:192.168.69.120:33379, a707cb1f-a8f4-4ce4-9f34-5b67a6adaeb4:192.168.69.120:40572], old=null at 0
2019-09-05 17:44:59,570 [grpc-default-executor-1] INFO  impl.RaftServerImpl (ServerState.java:setRaftConf(361)) - b323f64f-746c-4c8f-9b63-de29d29eb9b9:group-35E1D3AD18B2 set configuration 0: [baa965d0-d7ca-4507-8405-0028ae870c0f:192.168.69.120:45325, b323f64f-746c-4c8f-9b63-de29d29eb9b9:192.168.69.120:33379, a707cb1f-a8f4-4ce4-9f34-5b67a6adaeb4:192.168.69.120:40572], old=null at 0
2019-09-05 17:44:59,570 [grpc-default-executor-4] INFO  segmented.SegmentedRaftLogWorker (SegmentedRaftLogWorker.java:startLogSegment(380)) - baa965d0-d7ca-4507-8405-0028ae870c0f-SegmentedRaftLogWorker:Storage Directory /workdir/hadoop-ozone/integration-test/target/test-dir/MiniOzoneClusterImpl-e7761c2c-6268-40b2-9163-02537e17f130/datanode-0/data/ratis/161d777d-c07f-4e89-9ba3-35e1d3ad18b2: Starting segment from index:0
2019-09-05 17:44:59,570 [grpc-default-executor-1] INFO  segmented.SegmentedRaftLogWorker (SegmentedRaftLogWorker.java:startLogSegment(380)) - b323f64f-746c-4c8f-9b63-de29d29eb9b9-SegmentedRaftLogWorker:Storage Directory /workdir/hadoop-ozone/integration-test/target/test-dir/MiniOzoneClusterImpl-e7761c2c-6268-40b2-9163-02537e17f130/datanode-4/data/ratis/161d777d-c07f-4e89-9ba3-35e1d3ad18b2: Starting segment from index:0
2019-09-05 17:44:59,579 [a707cb1f-a8f4-4ce4-9f34-5b67a6adaeb4-SegmentedRaftLogWorker:Storage Directory /workdir/hadoop-ozone/integration-test/target/test-dir/MiniOzoneClusterImpl-e7761c2c-6268-40b2-9163-02537e17f130/datanode-2/data/ratis/161d777d-c07f-4e89-9ba3-35e1d3ad18b2] INFO  segmented.SegmentedRaftLogWorker (SegmentedRaftLogWorker.java:execute(569)) - a707cb1f-a8f4-4ce4-9f34-5b67a6adaeb4-SegmentedRaftLogWorker:Storage Directory /workdir/hadoop-ozone/integration-test/target/test-dir/MiniOzoneClusterImpl-e7761c2c-6268-40b2-9163-02537e17f130/datanode-2/data/ratis/161d777d-c07f-4e89-9ba3-35e1d3ad18b2: created new log segment /workdir/hadoop-ozone/integration-test/target/test-dir/MiniOzoneClusterImpl-e7761c2c-6268-40b2-9163-02537e17f130/datanode-2/data/ratis/161d777d-c07f-4e89-9ba3-35e1d3ad18b2/current/log_inprogress_0
2019-09-05 17:44:59,589 [main] INFO  impl.RaftServerProxy (ConfUtils.java:logGet(43)) - raft.rpc.type = GRPC (default)
2019-09-05 17:44:59,589 [main] INFO  grpc.GrpcFactory (GrpcFactory.java:checkPooledByteBufAllocatorUseCacheForAllThreads(45)) - PERFORMANCE WARNING: useCacheForAllThreads is true that may cause Netty to create a lot garbage objects and, as a result, trigger GC.
	It is recommended to disable useCacheForAllThreads by setting -Dorg.apache.ratis.thirdparty.io.netty.allocator.useCacheForAllThreads=false in command line.
2019-09-05 17:44:59,589 [main] INFO  grpc.GrpcConfigKeys$Server (ConfUtils.java:logGet(43)) - raft.grpc.server.port = 0 (default)
2019-09-05 17:44:59,589 [main] INFO  server.GrpcService (ConfUtils.java:logGet(43)) - raft.grpc.message.size.max = 33570816 (custom)
2019-09-05 17:44:59,590 [main] INFO  server.RaftServerConfigKeys (ConfUtils.java:logGet(43)) - raft.server.log.appender.buffer.byte-limit = 33554432 (custom)
2019-09-05 17:44:59,590 [main] INFO  server.GrpcService (ConfUtils.java:logGet(43)) - raft.grpc.flow.control.window = 1MB (=1048576) (default)
2019-09-05 17:44:59,590 [main] INFO  server.RaftServerConfigKeys (ConfUtils.java:logGet(43)) - raft.server.rpc.request.timeout = 3000ms (default)
2019-09-05 17:44:59,591 [main] INFO  server.RaftServerConfigKeys (ConfUtils.java:logGet(43)) - raft.server.storage.dir = [/workdir/hadoop-ozone/integration-test/target/test-dir/MiniOzoneClusterImpl-329502e2-e6cd-45ba-986e-04556b25a2a9/datanode-4/data/ratis] (custom)
2019-09-05 17:44:59,592 [main] INFO  hdfs.DFSUtil (DFSUtil.java:httpServerTemplateForNNAndJN(1641)) - Starting Web-server for hddsDatanode at: http://0.0.0.0:0
2019-09-05 17:44:59,595 [main] INFO  server.AuthenticationFilter (AuthenticationFilter.java:constructSecretProvider(240)) - Unable to initialize FileSignerSecretProvider, falling back to use random secrets.
2019-09-05 17:44:59,596 [main] WARN  http.HttpRequestLog (HttpRequestLog.java:getRequestLog(97)) - Jetty request log can only be enabled using Log4j
2019-09-05 17:44:59,599 [main] INFO  http.HttpServer2 (HttpServer2.java:addGlobalFilter(975)) - Added global filter 'safety' (class=org.apache.hadoop.http.HttpServer2$QuotingInputFilter)
2019-09-05 17:44:59,601 [main] INFO  http.HttpServer2 (HttpServer2.java:addFilter(948)) - Added filter static_user_filter (class=org.apache.hadoop.http.lib.StaticUserWebFilter$StaticUserFilter) to context hddsDatanode
2019-09-05 17:44:59,601 [main] INFO  http.HttpServer2 (HttpServer2.java:addFilter(958)) - Added filter static_user_filter (class=org.apache.hadoop.http.lib.StaticUserWebFilter$StaticUserFilter) to context logs
2019-09-05 17:44:59,601 [main] INFO  http.HttpServer2 (HttpServer2.java:addFilter(958)) - Added filter static_user_filter (class=org.apache.hadoop.http.lib.StaticUserWebFilter$StaticUserFilter) to context static
2019-09-05 17:44:59,602 [main] INFO  http.HttpServer2 (HttpServer2.java:bindListener(1191)) - Jetty bound to port 40235
2019-09-05 17:44:59,603 [main] INFO  server.Server (Server.java:doStart(351)) - jetty-9.3.24.v20180605, build timestamp: 2018-06-05T17:11:56Z, git hash: 84205aa28f11a4f31f2a3b86d1bba2cc8ab69827
2019-09-05 17:44:59,606 [main] INFO  handler.ContextHandler (ContextHandler.java:doStart(781)) - Started o.e.j.s.ServletContextHandler@4baed682{/logs,file:///workdir/hadoop-ozone/integration-test/target/log,AVAILABLE}
2019-09-05 17:44:59,606 [main] INFO  handler.ContextHandler (ContextHandler.java:doStart(781)) - Started o.e.j.s.ServletContextHandler@203d1d93{/static,jar:file:/home/user/.m2/repository/org/apache/hadoop/hadoop-hdds-container-service/0.5.0-SNAPSHOT/hadoop-hdds-container-service-0.5.0-SNAPSHOT.jar!/webapps/static,AVAILABLE}
2019-09-05 17:44:59,634 [b323f64f-746c-4c8f-9b63-de29d29eb9b9-SegmentedRaftLogWorker:Storage Directory /workdir/hadoop-ozone/integration-test/target/test-dir/MiniOzoneClusterImpl-e7761c2c-6268-40b2-9163-02537e17f130/datanode-4/data/ratis/161d777d-c07f-4e89-9ba3-35e1d3ad18b2] INFO  segmented.SegmentedRaftLogWorker (SegmentedRaftLogWorker.java:execute(569)) - b323f64f-746c-4c8f-9b63-de29d29eb9b9-SegmentedRaftLogWorker:Storage Directory /workdir/hadoop-ozone/integration-test/target/test-dir/MiniOzoneClusterImpl-e7761c2c-6268-40b2-9163-02537e17f130/datanode-4/data/ratis/161d777d-c07f-4e89-9ba3-35e1d3ad18b2: created new log segment /workdir/hadoop-ozone/integration-test/target/test-dir/MiniOzoneClusterImpl-e7761c2c-6268-40b2-9163-02537e17f130/datanode-4/data/ratis/161d777d-c07f-4e89-9ba3-35e1d3ad18b2/current/log_inprogress_0
2019-09-05 17:44:59,634 [baa965d0-d7ca-4507-8405-0028ae870c0f-SegmentedRaftLogWorker:Storage Directory /workdir/hadoop-ozone/integration-test/target/test-dir/MiniOzoneClusterImpl-e7761c2c-6268-40b2-9163-02537e17f130/datanode-0/data/ratis/161d777d-c07f-4e89-9ba3-35e1d3ad18b2] INFO  segmented.SegmentedRaftLogWorker (SegmentedRaftLogWorker.java:execute(569)) - baa965d0-d7ca-4507-8405-0028ae870c0f-SegmentedRaftLogWorker:Storage Directory /workdir/hadoop-ozone/integration-test/target/test-dir/MiniOzoneClusterImpl-e7761c2c-6268-40b2-9163-02537e17f130/datanode-0/data/ratis/161d777d-c07f-4e89-9ba3-35e1d3ad18b2: created new log segment /workdir/hadoop-ozone/integration-test/target/test-dir/MiniOzoneClusterImpl-e7761c2c-6268-40b2-9163-02537e17f130/datanode-0/data/ratis/161d777d-c07f-4e89-9ba3-35e1d3ad18b2/current/log_inprogress_0
2019-09-05 17:44:59,638 [main] INFO  handler.ContextHandler (ContextHandler.java:doStart(781)) - Started o.e.j.w.WebAppContext@61514735{/,file:///tmp/jetty-0.0.0.0-40235-hddsDatanode-_-any-629198388197548776.dir/webapp/,AVAILABLE}{/hddsDatanode}
2019-09-05 17:44:59,641 [main] INFO  server.AbstractConnector (AbstractConnector.java:doStart(278)) - Started ServerConnector@6bee793f{HTTP/1.1,[http/1.1]}{0.0.0.0:40235}
2019-09-05 17:44:59,643 [main] INFO  server.Server (Server.java:doStart(419)) - Started @48396ms
2019-09-05 17:44:59,643 [main] WARN  impl.MetricsSystemImpl (MetricsSystemImpl.java:register(276)) - Sink prometheus already exists!
2019-09-05 17:44:59,644 [main] INFO  server.BaseHttpServer (BaseHttpServer.java:updateConnectorAddress(215)) - HTTP server of HDDSDATANODE is listening at http://0.0.0.0:40235
2019-09-05 17:44:59,645 [main] INFO  impl.MetricsSystemImpl (MetricsSystemImpl.java:init(158)) - HddsDatanode metrics system started (again)
2019-09-05 17:44:59,650 [org.apache.hadoop.util.JvmPauseMonitor$Monitor@44e9eb6e] INFO  util.JvmPauseMonitor (JvmPauseMonitor.java:run(188)) - Starting JVM pause monitor
2019-09-05 17:44:59,671 [Datanode State Machine Thread - 0] INFO  datanode.InitDatanodeState (InitDatanodeState.java:persistContainerDatanodeDetails(140)) - DatanodeDetails is persisted to /workdir/hadoop-ozone/integration-test/target/test-dir/MiniOzoneClusterImpl-329502e2-e6cd-45ba-986e-04556b25a2a9/datanode-4/meta/datanode.id
2019-09-05 17:44:59,671 [main] INFO  ozone.HddsDatanodeService (HddsDatanodeService.java:start(184)) - HddsDatanodeService host:pr-hdds-2007-scw2c-2724463716 ip:192.168.69.120
2019-09-05 17:44:59,681 [main] INFO  volume.HddsVolume (HddsVolume.java:<init>(176)) - Creating Volume: /workdir/hadoop-ozone/integration-test/target/test-dir/MiniOzoneClusterImpl-329502e2-e6cd-45ba-986e-04556b25a2a9/datanode-5/data/containers/hdds of  storage type : DISK and capacity : 1482555576320
2019-09-05 17:44:59,682 [main] INFO  volume.VolumeSet (VolumeSet.java:initializeVolumeSet(170)) - Added Volume : /workdir/hadoop-ozone/integration-test/target/test-dir/MiniOzoneClusterImpl-329502e2-e6cd-45ba-986e-04556b25a2a9/datanode-5/data/containers/hdds to VolumeSet
2019-09-05 17:44:59,682 [main] INFO  volume.ThrottledAsyncChecker (ThrottledAsyncChecker.java:schedule(140)) - Scheduling a check for org.apache.hadoop.ozone.container.common.volume.HddsVolume@63cf9de0
2019-09-05 17:44:59,682 [main] INFO  volume.HddsVolumeChecker (HddsVolumeChecker.java:checkAllVolumes(203)) - Scheduled health check for volume org.apache.hadoop.ozone.container.common.volume.HddsVolume@63cf9de0
2019-09-05 17:44:59,707 [main] INFO  impl.RaftServerProxy (ConfUtils.java:logGet(43)) - raft.rpc.type = GRPC (default)
2019-09-05 17:44:59,707 [main] INFO  grpc.GrpcFactory (GrpcFactory.java:checkPooledByteBufAllocatorUseCacheForAllThreads(45)) - PERFORMANCE WARNING: useCacheForAllThreads is true that may cause Netty to create a lot garbage objects and, as a result, trigger GC.
	It is recommended to disable useCacheForAllThreads by setting -Dorg.apache.ratis.thirdparty.io.netty.allocator.useCacheForAllThreads=false in command line.
2019-09-05 17:44:59,707 [main] INFO  grpc.GrpcConfigKeys$Server (ConfUtils.java:logGet(43)) - raft.grpc.server.port = 0 (default)
2019-09-05 17:44:59,708 [main] INFO  server.GrpcService (ConfUtils.java:logGet(43)) - raft.grpc.message.size.max = 33570816 (custom)
2019-09-05 17:44:59,708 [main] INFO  server.RaftServerConfigKeys (ConfUtils.java:logGet(43)) - raft.server.log.appender.buffer.byte-limit = 33554432 (custom)
2019-09-05 17:44:59,708 [main] INFO  server.GrpcService (ConfUtils.java:logGet(43)) - raft.grpc.flow.control.window = 1MB (=1048576) (default)
2019-09-05 17:44:59,708 [main] INFO  server.RaftServerConfigKeys (ConfUtils.java:logGet(43)) - raft.server.rpc.request.timeout = 3000ms (default)
2019-09-05 17:44:59,709 [main] INFO  server.RaftServerConfigKeys (ConfUtils.java:logGet(43)) - raft.server.storage.dir = [/workdir/hadoop-ozone/integration-test/target/test-dir/MiniOzoneClusterImpl-329502e2-e6cd-45ba-986e-04556b25a2a9/datanode-5/data/ratis] (custom)
2019-09-05 17:44:59,711 [main] INFO  hdfs.DFSUtil (DFSUtil.java:httpServerTemplateForNNAndJN(1641)) - Starting Web-server for hddsDatanode at: http://0.0.0.0:0
2019-09-05 17:44:59,713 [main] INFO  server.AuthenticationFilter (AuthenticationFilter.java:constructSecretProvider(240)) - Unable to initialize FileSignerSecretProvider, falling back to use random secrets.
2019-09-05 17:44:59,713 [main] WARN  http.HttpRequestLog (HttpRequestLog.java:getRequestLog(97)) - Jetty request log can only be enabled using Log4j
2019-09-05 17:44:59,715 [main] INFO  http.HttpServer2 (HttpServer2.java:addGlobalFilter(975)) - Added global filter 'safety' (class=org.apache.hadoop.http.HttpServer2$QuotingInputFilter)
2019-09-05 17:44:59,716 [main] INFO  http.HttpServer2 (HttpServer2.java:addFilter(948)) - Added filter static_user_filter (class=org.apache.hadoop.http.lib.StaticUserWebFilter$StaticUserFilter) to context hddsDatanode
2019-09-05 17:44:59,716 [main] INFO  http.HttpServer2 (HttpServer2.java:addFilter(958)) - Added filter static_user_filter (class=org.apache.hadoop.http.lib.StaticUserWebFilter$StaticUserFilter) to context static
2019-09-05 17:44:59,716 [main] INFO  http.HttpServer2 (HttpServer2.java:addFilter(958)) - Added filter static_user_filter (class=org.apache.hadoop.http.lib.StaticUserWebFilter$StaticUserFilter) to context logs
2019-09-05 17:44:59,717 [main] INFO  http.HttpServer2 (HttpServer2.java:bindListener(1191)) - Jetty bound to port 38927
2019-09-05 17:44:59,717 [main] INFO  server.Server (Server.java:doStart(351)) - jetty-9.3.24.v20180605, build timestamp: 2018-06-05T17:11:56Z, git hash: 84205aa28f11a4f31f2a3b86d1bba2cc8ab69827
2019-09-05 17:44:59,719 [main] INFO  handler.ContextHandler (ContextHandler.java:doStart(781)) - Started o.e.j.s.ServletContextHandler@7c2924d7{/logs,file:///workdir/hadoop-ozone/integration-test/target/log,AVAILABLE}
2019-09-05 17:44:59,719 [main] INFO  handler.ContextHandler (ContextHandler.java:doStart(781)) - Started o.e.j.s.ServletContextHandler@6587305a{/static,jar:file:/home/user/.m2/repository/org/apache/hadoop/hadoop-hdds-container-service/0.5.0-SNAPSHOT/hadoop-hdds-container-service-0.5.0-SNAPSHOT.jar!/webapps/static,AVAILABLE}
2019-09-05 17:44:59,747 [main] INFO  handler.ContextHandler (ContextHandler.java:doStart(781)) - Started o.e.j.w.WebAppContext@27df95e{/,file:///tmp/jetty-0.0.0.0-38927-hddsDatanode-_-any-738269480928627918.dir/webapp/,AVAILABLE}{/hddsDatanode}
2019-09-05 17:44:59,748 [main] INFO  server.AbstractConnector (AbstractConnector.java:doStart(278)) - Started ServerConnector@b46e103{HTTP/1.1,[http/1.1]}{0.0.0.0:38927}
2019-09-05 17:44:59,752 [main] INFO  server.Server (Server.java:doStart(419)) - Started @48505ms
2019-09-05 17:44:59,752 [main] WARN  impl.MetricsSystemImpl (MetricsSystemImpl.java:register(276)) - Sink prometheus already exists!
2019-09-05 17:44:59,753 [main] INFO  server.BaseHttpServer (BaseHttpServer.java:updateConnectorAddress(215)) - HTTP server of HDDSDATANODE is listening at http://0.0.0.0:38927
2019-09-05 17:44:59,753 [main] INFO  impl.MetricsSystemImpl (MetricsSystemImpl.java:init(158)) - HddsDatanode metrics system started (again)
2019-09-05 17:44:59,777 [org.apache.hadoop.util.JvmPauseMonitor$Monitor@b0b1322] INFO  util.JvmPauseMonitor (JvmPauseMonitor.java:run(188)) - Starting JVM pause monitor
2019-09-05 17:44:59,779 [main] INFO  ozone.HddsDatanodeService (HddsDatanodeService.java:start(184)) - HddsDatanodeService host:pr-hdds-2007-scw2c-2724463716 ip:192.168.69.120
2019-09-05 17:44:59,779 [Datanode State Machine Thread - 0] INFO  datanode.InitDatanodeState (InitDatanodeState.java:persistContainerDatanodeDetails(140)) - DatanodeDetails is persisted to /workdir/hadoop-ozone/integration-test/target/test-dir/MiniOzoneClusterImpl-329502e2-e6cd-45ba-986e-04556b25a2a9/datanode-5/meta/datanode.id
2019-09-05 17:44:59,791 [main] INFO  volume.HddsVolume (HddsVolume.java:<init>(176)) - Creating Volume: /workdir/hadoop-ozone/integration-test/target/test-dir/MiniOzoneClusterImpl-329502e2-e6cd-45ba-986e-04556b25a2a9/datanode-6/data/containers/hdds of  storage type : DISK and capacity : 1482555576320
2019-09-05 17:44:59,792 [main] INFO  volume.VolumeSet (VolumeSet.java:initializeVolumeSet(170)) - Added Volume : /workdir/hadoop-ozone/integration-test/target/test-dir/MiniOzoneClusterImpl-329502e2-e6cd-45ba-986e-04556b25a2a9/datanode-6/data/containers/hdds to VolumeSet
2019-09-05 17:44:59,792 [main] INFO  volume.ThrottledAsyncChecker (ThrottledAsyncChecker.java:schedule(140)) - Scheduling a check for org.apache.hadoop.ozone.container.common.volume.HddsVolume@575c3e9b
2019-09-05 17:44:59,792 [main] INFO  volume.HddsVolumeChecker (HddsVolumeChecker.java:checkAllVolumes(203)) - Scheduled health check for volume org.apache.hadoop.ozone.container.common.volume.HddsVolume@575c3e9b
2019-09-05 17:44:59,823 [main] INFO  impl.RaftServerProxy (ConfUtils.java:logGet(43)) - raft.rpc.type = GRPC (default)
2019-09-05 17:44:59,823 [main] INFO  grpc.GrpcFactory (GrpcFactory.java:checkPooledByteBufAllocatorUseCacheForAllThreads(45)) - PERFORMANCE WARNING: useCacheForAllThreads is true that may cause Netty to create a lot garbage objects and, as a result, trigger GC.
	It is recommended to disable useCacheForAllThreads by setting -Dorg.apache.ratis.thirdparty.io.netty.allocator.useCacheForAllThreads=false in command line.
2019-09-05 17:44:59,824 [main] INFO  grpc.GrpcConfigKeys$Server (ConfUtils.java:logGet(43)) - raft.grpc.server.port = 0 (default)
2019-09-05 17:44:59,824 [main] INFO  server.GrpcService (ConfUtils.java:logGet(43)) - raft.grpc.message.size.max = 33570816 (custom)
2019-09-05 17:44:59,824 [main] INFO  server.RaftServerConfigKeys (ConfUtils.java:logGet(43)) - raft.server.log.appender.buffer.byte-limit = 33554432 (custom)
2019-09-05 17:44:59,824 [main] INFO  server.GrpcService (ConfUtils.java:logGet(43)) - raft.grpc.flow.control.window = 1MB (=1048576) (default)
2019-09-05 17:44:59,825 [main] INFO  server.RaftServerConfigKeys (ConfUtils.java:logGet(43)) - raft.server.rpc.request.timeout = 3000ms (default)
2019-09-05 17:44:59,825 [main] INFO  server.RaftServerConfigKeys (ConfUtils.java:logGet(43)) - raft.server.storage.dir = [/workdir/hadoop-ozone/integration-test/target/test-dir/MiniOzoneClusterImpl-329502e2-e6cd-45ba-986e-04556b25a2a9/datanode-6/data/ratis] (custom)
2019-09-05 17:44:59,827 [main] INFO  hdfs.DFSUtil (DFSUtil.java:httpServerTemplateForNNAndJN(1641)) - Starting Web-server for hddsDatanode at: http://0.0.0.0:0
2019-09-05 17:44:59,829 [main] INFO  server.AuthenticationFilter (AuthenticationFilter.java:constructSecretProvider(240)) - Unable to initialize FileSignerSecretProvider, falling back to use random secrets.
2019-09-05 17:44:59,830 [main] WARN  http.HttpRequestLog (HttpRequestLog.java:getRequestLog(97)) - Jetty request log can only be enabled using Log4j
2019-09-05 17:44:59,832 [main] INFO  http.HttpServer2 (HttpServer2.java:addGlobalFilter(975)) - Added global filter 'safety' (class=org.apache.hadoop.http.HttpServer2$QuotingInputFilter)
2019-09-05 17:44:59,833 [main] INFO  http.HttpServer2 (HttpServer2.java:addFilter(948)) - Added filter static_user_filter (class=org.apache.hadoop.http.lib.StaticUserWebFilter$StaticUserFilter) to context hddsDatanode
2019-09-05 17:44:59,833 [main] INFO  http.HttpServer2 (HttpServer2.java:addFilter(958)) - Added filter static_user_filter (class=org.apache.hadoop.http.lib.StaticUserWebFilter$StaticUserFilter) to context static
2019-09-05 17:44:59,833 [main] INFO  http.HttpServer2 (HttpServer2.java:addFilter(958)) - Added filter static_user_filter (class=org.apache.hadoop.http.lib.StaticUserWebFilter$StaticUserFilter) to context logs
2019-09-05 17:44:59,834 [main] INFO  http.HttpServer2 (HttpServer2.java:bindListener(1191)) - Jetty bound to port 44971
2019-09-05 17:44:59,834 [main] INFO  server.Server (Server.java:doStart(351)) - jetty-9.3.24.v20180605, build timestamp: 2018-06-05T17:11:56Z, git hash: 84205aa28f11a4f31f2a3b86d1bba2cc8ab69827
2019-09-05 17:44:59,836 [main] INFO  handler.ContextHandler (ContextHandler.java:doStart(781)) - Started o.e.j.s.ServletContextHandler@48a663e9{/logs,file:///workdir/hadoop-ozone/integration-test/target/log,AVAILABLE}
2019-09-05 17:44:59,837 [main] INFO  handler.ContextHandler (ContextHandler.java:doStart(781)) - Started o.e.j.s.ServletContextHandler@3178219a{/static,jar:file:/home/user/.m2/repository/org/apache/hadoop/hadoop-hdds-container-service/0.5.0-SNAPSHOT/hadoop-hdds-container-service-0.5.0-SNAPSHOT.jar!/webapps/static,AVAILABLE}
2019-09-05 17:44:59,875 [main] INFO  handler.ContextHandler (ContextHandler.java:doStart(781)) - Started o.e.j.w.WebAppContext@1acb74ad{/,file:///tmp/jetty-0.0.0.0-44971-hddsDatanode-_-any-3295545074204688012.dir/webapp/,AVAILABLE}{/hddsDatanode}
2019-09-05 17:44:59,875 [main] INFO  server.AbstractConnector (AbstractConnector.java:doStart(278)) - Started ServerConnector@7bf01cb{HTTP/1.1,[http/1.1]}{0.0.0.0:44971}
2019-09-05 17:44:59,879 [main] INFO  server.Server (Server.java:doStart(419)) - Started @48632ms
2019-09-05 17:44:59,879 [main] WARN  impl.MetricsSystemImpl (MetricsSystemImpl.java:register(276)) - Sink prometheus already exists!
2019-09-05 17:44:59,880 [main] INFO  server.BaseHttpServer (BaseHttpServer.java:updateConnectorAddress(215)) - HTTP server of HDDSDATANODE is listening at http://0.0.0.0:44971
2019-09-05 17:44:59,881 [main] INFO  ozone.MiniOzoneClusterImpl (MiniOzoneClusterImpl.java:lambda$waitForClusterToBeReady$0(140)) - Waiting for cluster to be ready. Got 0 of 7 DN Heartbeats.
2019-09-05 17:44:59,887 [org.apache.hadoop.util.JvmPauseMonitor$Monitor@455761bb] INFO  util.JvmPauseMonitor (JvmPauseMonitor.java:run(188)) - Starting JVM pause monitor
2019-09-05 17:44:59,889 [Datanode State Machine Thread - 0] INFO  datanode.InitDatanodeState (InitDatanodeState.java:persistContainerDatanodeDetails(140)) - DatanodeDetails is persisted to /workdir/hadoop-ozone/integration-test/target/test-dir/MiniOzoneClusterImpl-329502e2-e6cd-45ba-986e-04556b25a2a9/datanode-6/meta/datanode.id
2019-09-05 17:45:00,881 [main] INFO  ozone.MiniOzoneClusterImpl (MiniOzoneClusterImpl.java:lambda$waitForClusterToBeReady$0(140)) - Waiting for cluster to be ready. Got 0 of 7 DN Heartbeats.
2019-09-05 17:45:01,072 [Datanode State Machine Thread - 0] INFO  ozoneimpl.OzoneContainer (OzoneContainer.java:start(201)) - Attempting to start container services.
2019-09-05 17:45:01,092 [Datanode State Machine Thread - 0] INFO  ozoneimpl.OzoneContainer (OzoneContainer.java:startContainerScrub(175)) - Background container scrubber has been disabled by hdds.containerscrub.enabled
2019-09-05 17:45:01,093 [Datanode State Machine Thread - 0] INFO  ratis.XceiverServerRatis (XceiverServerRatis.java:start(393)) - Starting XceiverServerRatis ace24089-7f3f-4aaf-a97a-16eb738b0bb6 at port 0
2019-09-05 17:45:01,102 [Datanode State Machine Thread - 0] INFO  impl.RaftServerProxy (RaftServerProxy.java:lambda$start$3(299)) - ace24089-7f3f-4aaf-a97a-16eb738b0bb6: start RPC server
2019-09-05 17:45:01,104 [Datanode State Machine Thread - 0] INFO  server.GrpcService (GrpcService.java:startImpl(149)) - ace24089-7f3f-4aaf-a97a-16eb738b0bb6: GrpcService started, listening on 0.0.0.0/0.0.0.0:42130
2019-09-05 17:45:01,104 [Datanode State Machine Thread - 0] INFO  ratis.XceiverServerRatis (XceiverServerRatis.java:start(403)) - XceiverServerRatis ace24089-7f3f-4aaf-a97a-16eb738b0bb6 is started using port 42130
2019-09-05 17:45:01,108 [Datanode State Machine Thread - 0] INFO  server.XceiverServerGrpc (XceiverServerGrpc.java:start(163)) - XceiverServerGrpc ace24089-7f3f-4aaf-a97a-16eb738b0bb6 is started using port 36580
2019-09-05 17:45:01,140 [Datanode State Machine Thread - 0] INFO  ozoneimpl.OzoneContainer (OzoneContainer.java:start(201)) - Attempting to start container services.
2019-09-05 17:45:01,140 [Datanode State Machine Thread - 0] INFO  ozoneimpl.OzoneContainer (OzoneContainer.java:startContainerScrub(175)) - Background container scrubber has been disabled by hdds.containerscrub.enabled
2019-09-05 17:45:01,140 [Datanode State Machine Thread - 0] INFO  ratis.XceiverServerRatis (XceiverServerRatis.java:start(393)) - Starting XceiverServerRatis 19029b43-bdce-43ef-8284-637faf53ed87 at port 0
2019-09-05 17:45:01,146 [Datanode State Machine Thread - 0] INFO  impl.RaftServerProxy (RaftServerProxy.java:lambda$start$3(299)) - 19029b43-bdce-43ef-8284-637faf53ed87: start RPC server
2019-09-05 17:45:01,148 [Datanode State Machine Thread - 0] INFO  server.GrpcService (GrpcService.java:startImpl(149)) - 19029b43-bdce-43ef-8284-637faf53ed87: GrpcService started, listening on 0.0.0.0/0.0.0.0:35651
2019-09-05 17:45:01,148 [Datanode State Machine Thread - 0] INFO  ratis.XceiverServerRatis (XceiverServerRatis.java:start(403)) - XceiverServerRatis 19029b43-bdce-43ef-8284-637faf53ed87 is started using port 35651
2019-09-05 17:45:01,160 [Datanode State Machine Thread - 0] INFO  server.XceiverServerGrpc (XceiverServerGrpc.java:start(163)) - XceiverServerGrpc 19029b43-bdce-43ef-8284-637faf53ed87 is started using port 36597
2019-09-05 17:45:01,226 [Datanode State Machine Thread - 0] INFO  ozoneimpl.OzoneContainer (OzoneContainer.java:start(201)) - Attempting to start container services.
2019-09-05 17:45:01,226 [Datanode State Machine Thread - 0] INFO  ozoneimpl.OzoneContainer (OzoneContainer.java:startContainerScrub(175)) - Background container scrubber has been disabled by hdds.containerscrub.enabled
2019-09-05 17:45:01,226 [Datanode State Machine Thread - 0] INFO  ratis.XceiverServerRatis (XceiverServerRatis.java:start(393)) - Starting XceiverServerRatis b89e1062-1dd5-4f67-aefc-0a9ace8ccdc1 at port 0
2019-09-05 17:45:01,232 [Datanode State Machine Thread - 0] INFO  impl.RaftServerProxy (RaftServerProxy.java:lambda$start$3(299)) - b89e1062-1dd5-4f67-aefc-0a9ace8ccdc1: start RPC server
2019-09-05 17:45:01,233 [Datanode State Machine Thread - 0] INFO  server.GrpcService (GrpcService.java:startImpl(149)) - b89e1062-1dd5-4f67-aefc-0a9ace8ccdc1: GrpcService started, listening on 0.0.0.0/0.0.0.0:41499
2019-09-05 17:45:01,233 [Datanode State Machine Thread - 0] INFO  ratis.XceiverServerRatis (XceiverServerRatis.java:start(403)) - XceiverServerRatis b89e1062-1dd5-4f67-aefc-0a9ace8ccdc1 is started using port 41499
2019-09-05 17:45:01,249 [Datanode State Machine Thread - 0] INFO  server.XceiverServerGrpc (XceiverServerGrpc.java:start(163)) - XceiverServerGrpc b89e1062-1dd5-4f67-aefc-0a9ace8ccdc1 is started using port 44810
2019-09-05 17:45:01,538 [Datanode State Machine Thread - 0] INFO  ozoneimpl.OzoneContainer (OzoneContainer.java:start(201)) - Attempting to start container services.
2019-09-05 17:45:01,538 [Datanode State Machine Thread - 0] INFO  ozoneimpl.OzoneContainer (OzoneContainer.java:startContainerScrub(175)) - Background container scrubber has been disabled by hdds.containerscrub.enabled
2019-09-05 17:45:01,538 [Datanode State Machine Thread - 0] INFO  ratis.XceiverServerRatis (XceiverServerRatis.java:start(393)) - Starting XceiverServerRatis 154c3b90-cc4f-4766-ab8b-2d86655077c2 at port 0
2019-09-05 17:45:01,545 [Datanode State Machine Thread - 0] INFO  impl.RaftServerProxy (RaftServerProxy.java:lambda$start$3(299)) - 154c3b90-cc4f-4766-ab8b-2d86655077c2: start RPC server
2019-09-05 17:45:01,547 [Datanode State Machine Thread - 0] INFO  server.GrpcService (GrpcService.java:startImpl(149)) - 154c3b90-cc4f-4766-ab8b-2d86655077c2: GrpcService started, listening on 0.0.0.0/0.0.0.0:33526
2019-09-05 17:45:01,547 [Datanode State Machine Thread - 0] INFO  ratis.XceiverServerRatis (XceiverServerRatis.java:start(403)) - XceiverServerRatis 154c3b90-cc4f-4766-ab8b-2d86655077c2 is started using port 33526
2019-09-05 17:45:01,561 [Datanode State Machine Thread - 0] INFO  server.XceiverServerGrpc (XceiverServerGrpc.java:start(163)) - XceiverServerGrpc 154c3b90-cc4f-4766-ab8b-2d86655077c2 is started using port 36721
2019-09-05 17:45:01,668 [Datanode State Machine Thread - 0] INFO  ozoneimpl.OzoneContainer (OzoneContainer.java:start(201)) - Attempting to start container services.
2019-09-05 17:45:01,668 [Datanode State Machine Thread - 0] INFO  ozoneimpl.OzoneContainer (OzoneContainer.java:startContainerScrub(175)) - Background container scrubber has been disabled by hdds.containerscrub.enabled
2019-09-05 17:45:01,668 [Datanode State Machine Thread - 0] INFO  ratis.XceiverServerRatis (XceiverServerRatis.java:start(393)) - Starting XceiverServerRatis 74b010d1-2c48-484e-a8d6-dd48a46a9f09 at port 0
2019-09-05 17:45:01,691 [Datanode State Machine Thread - 0] INFO  impl.RaftServerProxy (RaftServerProxy.java:lambda$start$3(299)) - 74b010d1-2c48-484e-a8d6-dd48a46a9f09: start RPC server
2019-09-05 17:45:01,696 [Datanode State Machine Thread - 0] INFO  server.GrpcService (GrpcService.java:startImpl(149)) - 74b010d1-2c48-484e-a8d6-dd48a46a9f09: GrpcService started, listening on 0.0.0.0/0.0.0.0:42326
2019-09-05 17:45:01,696 [Datanode State Machine Thread - 0] INFO  ratis.XceiverServerRatis (XceiverServerRatis.java:start(403)) - XceiverServerRatis 74b010d1-2c48-484e-a8d6-dd48a46a9f09 is started using port 42326
2019-09-05 17:45:01,696 [Datanode State Machine Thread - 0] INFO  server.XceiverServerGrpc (XceiverServerGrpc.java:start(163)) - XceiverServerGrpc 74b010d1-2c48-484e-a8d6-dd48a46a9f09 is started using port 37141
2019-09-05 17:45:01,881 [main] INFO  ozone.MiniOzoneClusterImpl (MiniOzoneClusterImpl.java:lambda$waitForClusterToBeReady$0(140)) - Waiting for cluster to be ready. Got 0 of 7 DN Heartbeats.
2019-09-05 17:45:02,882 [main] INFO  ozone.MiniOzoneClusterImpl (MiniOzoneClusterImpl.java:lambda$waitForClusterToBeReady$0(140)) - Waiting for cluster to be ready. Got 0 of 7 DN Heartbeats.
2019-09-05 17:45:03,042 [IPC Server handler 1 on 35232] INFO  net.NetworkTopology (NetworkTopologyImpl.java:add(110)) - Added a new node: /default-rack/ace24089-7f3f-4aaf-a97a-16eb738b0bb6
2019-09-05 17:45:03,046 [IPC Server handler 1 on 35232] INFO  node.SCMNodeManager (SCMNodeManager.java:register(266)) - Registered Data node : ace24089-7f3f-4aaf-a97a-16eb738b0bb6{ip: 192.168.69.120, host: pr-hdds-2007-scw2c-2724463716, networkLocation: /default-rack, certSerialId: null}
2019-09-05 17:45:03,047 [EventQueue-NodeRegistrationContainerReportForDataNodeSafeModeRule] INFO  safemode.SCMSafeModeManager (DataNodeSafeModeRule.java:process(71)) - SCM in safe mode. 1 DataNodes registered, 1 required.
2019-09-05 17:45:03,050 [EventQueue-NodeRegistrationContainerReportForDataNodeSafeModeRule] INFO  safemode.SCMSafeModeManager (SCMSafeModeManager.java:validateSafeModeExitRules(177)) - ScmSafeModeManager, all rules are successfully validated
2019-09-05 17:45:03,050 [EventQueue-NodeRegistrationContainerReportForDataNodeSafeModeRule] INFO  safemode.SCMSafeModeManager (SCMSafeModeManager.java:exitSafeMode(193)) - SCM exiting safe mode.
2019-09-05 17:45:03,073 [grpc-default-executor-1] INFO  impl.RaftServerProxy (RaftServerProxy.java:addNew(89)) - ace24089-7f3f-4aaf-a97a-16eb738b0bb6: addNew group-5D11D4A055CF:[ace24089-7f3f-4aaf-a97a-16eb738b0bb6:192.168.69.120:42130] returns group-5D11D4A055CF:java.util.concurrent.CompletableFuture@21a3531f[Not completed]
2019-09-05 17:45:03,078 [pool-116-thread-1] INFO  impl.RaftServerImpl (RaftServerImpl.java:<init>(93)) - ace24089-7f3f-4aaf-a97a-16eb738b0bb6: new RaftServerImpl for group-5D11D4A055CF:[ace24089-7f3f-4aaf-a97a-16eb738b0bb6:192.168.69.120:42130] with ContainerStateMachine:uninitialized
2019-09-05 17:45:03,078 [pool-116-thread-1] INFO  server.RaftServerConfigKeys (ConfUtils.java:logGet(43)) - raft.server.rpc.timeout.min = 5s (custom)
2019-09-05 17:45:03,078 [pool-116-thread-1] INFO  server.RaftServerConfigKeys (ConfUtils.java:logGet(43)) - raft.server.rpc.timeout.max = 5200ms (custom)
2019-09-05 17:45:03,078 [pool-116-thread-1] INFO  server.RaftServerConfigKeys (ConfUtils.java:logGet(43)) - raft.server.rpcslowness.timeout = 120s (custom)
2019-09-05 17:45:03,079 [pool-116-thread-1] INFO  server.RaftServerConfigKeys (ConfUtils.java:logGet(43)) - raft.server.sleep.deviation.threshold = 300 (default)
2019-09-05 17:45:03,079 [pool-116-thread-1] INFO  server.RaftServerConfigKeys (ConfUtils.java:logGet(43)) - raft.server.log.appender.install.snapshot.enabled = false (custom)
2019-09-05 17:45:03,079 [pool-116-thread-1] INFO  impl.RaftServerImpl (ServerState.java:<init>(105)) - ace24089-7f3f-4aaf-a97a-16eb738b0bb6:group-5D11D4A055CF ConfigurationManager, init=-1: [ace24089-7f3f-4aaf-a97a-16eb738b0bb6:192.168.69.120:42130], old=null, confs=<EMPTY_MAP>
2019-09-05 17:45:03,079 [pool-116-thread-1] INFO  server.RaftServerConfigKeys (ConfUtils.java:logGet(43)) - raft.server.storage.dir = [/workdir/hadoop-ozone/integration-test/target/test-dir/MiniOzoneClusterImpl-329502e2-e6cd-45ba-986e-04556b25a2a9/datanode-0/data/ratis] (custom)
2019-09-05 17:45:03,080 [pool-116-thread-1] INFO  storage.RaftStorageDirectory (RaftStorageDirectory.java:analyzeStorage(246)) - The storage directory /workdir/hadoop-ozone/integration-test/target/test-dir/MiniOzoneClusterImpl-329502e2-e6cd-45ba-986e-04556b25a2a9/datanode-0/data/ratis/94ca1cab-c04c-4a1b-abb9-5d11d4a055cf does not exist. Creating ...
2019-09-05 17:45:03,116 [IPC Server handler 2 on 35232] INFO  net.NetworkTopology (NetworkTopologyImpl.java:add(110)) - Added a new node: /default-rack/19029b43-bdce-43ef-8284-637faf53ed87
2019-09-05 17:45:03,116 [IPC Server handler 2 on 35232] INFO  node.SCMNodeManager (SCMNodeManager.java:register(266)) - Registered Data node : 19029b43-bdce-43ef-8284-637faf53ed87{ip: 192.168.69.120, host: pr-hdds-2007-scw2c-2724463716, networkLocation: /default-rack, certSerialId: null}
2019-09-05 17:45:03,192 [Datanode State Machine Thread - 0] INFO  ozoneimpl.OzoneContainer (OzoneContainer.java:start(201)) - Attempting to start container services.
2019-09-05 17:45:03,192 [Datanode State Machine Thread - 0] INFO  ozoneimpl.OzoneContainer (OzoneContainer.java:startContainerScrub(175)) - Background container scrubber has been disabled by hdds.containerscrub.enabled
2019-09-05 17:45:03,192 [Datanode State Machine Thread - 0] INFO  ratis.XceiverServerRatis (XceiverServerRatis.java:start(393)) - Starting XceiverServerRatis 43c9d192-0b2b-4d49-b612-c9bce3341d53 at port 0
2019-09-05 17:45:03,200 [Datanode State Machine Thread - 0] INFO  impl.RaftServerProxy (RaftServerProxy.java:lambda$start$3(299)) - 43c9d192-0b2b-4d49-b612-c9bce3341d53: start RPC server
2019-09-05 17:45:03,201 [Datanode State Machine Thread - 0] INFO  server.GrpcService (GrpcService.java:startImpl(149)) - 43c9d192-0b2b-4d49-b612-c9bce3341d53: GrpcService started, listening on 0.0.0.0/0.0.0.0:40210
2019-09-05 17:45:03,201 [Datanode State Machine Thread - 0] INFO  ratis.XceiverServerRatis (XceiverServerRatis.java:start(403)) - XceiverServerRatis 43c9d192-0b2b-4d49-b612-c9bce3341d53 is started using port 40210
2019-09-05 17:45:03,202 [Datanode State Machine Thread - 0] INFO  server.XceiverServerGrpc (XceiverServerGrpc.java:start(163)) - XceiverServerGrpc 43c9d192-0b2b-4d49-b612-c9bce3341d53 is started using port 40062
2019-09-05 17:45:03,207 [pool-116-thread-1] INFO  storage.RaftStorageDirectory (RaftStorageDirectory.java:tryLock(328)) - Lock on /workdir/hadoop-ozone/integration-test/target/test-dir/MiniOzoneClusterImpl-329502e2-e6cd-45ba-986e-04556b25a2a9/datanode-0/data/ratis/94ca1cab-c04c-4a1b-abb9-5d11d4a055cf/in_use.lock acquired by nodename 32023@pr-hdds-2007-scw2c-2724463716
2019-09-05 17:45:03,208 [Datanode State Machine Thread - 0] INFO  ozoneimpl.OzoneContainer (OzoneContainer.java:start(201)) - Attempting to start container services.
2019-09-05 17:45:03,208 [Datanode State Machine Thread - 0] INFO  ozoneimpl.OzoneContainer (OzoneContainer.java:startContainerScrub(175)) - Background container scrubber has been disabled by hdds.containerscrub.enabled
2019-09-05 17:45:03,208 [Datanode State Machine Thread - 0] INFO  ratis.XceiverServerRatis (XceiverServerRatis.java:start(393)) - Starting XceiverServerRatis 8289af37-400f-43f1-9029-8d41a6c3e7e8 at port 0
2019-09-05 17:45:03,213 [Datanode State Machine Thread - 0] INFO  impl.RaftServerProxy (RaftServerProxy.java:lambda$start$3(299)) - 8289af37-400f-43f1-9029-8d41a6c3e7e8: start RPC server
2019-09-05 17:45:03,214 [Datanode State Machine Thread - 0] INFO  server.GrpcService (GrpcService.java:startImpl(149)) - 8289af37-400f-43f1-9029-8d41a6c3e7e8: GrpcService started, listening on 0.0.0.0/0.0.0.0:36098
2019-09-05 17:45:03,214 [Datanode State Machine Thread - 0] INFO  ratis.XceiverServerRatis (XceiverServerRatis.java:start(403)) - XceiverServerRatis 8289af37-400f-43f1-9029-8d41a6c3e7e8 is started using port 36098
2019-09-05 17:45:03,215 [Datanode State Machine Thread - 0] INFO  server.XceiverServerGrpc (XceiverServerGrpc.java:start(163)) - XceiverServerGrpc 8289af37-400f-43f1-9029-8d41a6c3e7e8 is started using port 41639
2019-09-05 17:45:03,221 [IPC Server handler 3 on 35232] INFO  net.NetworkTopology (NetworkTopologyImpl.java:add(110)) - Added a new node: /default-rack/b89e1062-1dd5-4f67-aefc-0a9ace8ccdc1
2019-09-05 17:45:03,221 [IPC Server handler 3 on 35232] INFO  node.SCMNodeManager (SCMNodeManager.java:register(266)) - Registered Data node : b89e1062-1dd5-4f67-aefc-0a9ace8ccdc1{ip: 192.168.69.120, host: pr-hdds-2007-scw2c-2724463716, networkLocation: /default-rack, certSerialId: null}
2019-09-05 17:45:03,502 [pool-116-thread-1] INFO  storage.RaftStorage (RaftStorage.java:format(72)) - Storage directory /workdir/hadoop-ozone/integration-test/target/test-dir/MiniOzoneClusterImpl-329502e2-e6cd-45ba-986e-04556b25a2a9/datanode-0/data/ratis/94ca1cab-c04c-4a1b-abb9-5d11d4a055cf has been successfully formatted.
2019-09-05 17:45:03,503 [pool-116-thread-1] INFO  ratis.ContainerStateMachine (ContainerStateMachine.java:loadSnapshot(227)) - group-5D11D4A055CF: The snapshot info is null. Setting the last applied indexto:(t:0, i:~)
2019-09-05 17:45:03,503 [pool-116-thread-1] INFO  server.RaftServerConfigKeys (ConfUtils.java:logGet(43)) - raft.server.leader.election.timeout = 120s (custom)
2019-09-05 17:45:03,503 [pool-116-thread-1] INFO  server.RaftServerConfigKeys (ConfUtils.java:logGet(43)) - raft.server.log.use.memory = false (default)
2019-09-05 17:45:03,504 [pool-116-thread-1] INFO  server.RaftServerConfigKeys (ConfUtils.java:logGet(43)) - raft.server.log.purge.gap = 1000000 (custom)
2019-09-05 17:45:03,504 [pool-116-thread-1] INFO  server.RaftServerConfigKeys (ConfUtils.java:logGet(43)) - raft.server.log.appender.buffer.byte-limit = 33554432 (custom)
2019-09-05 17:45:03,504 [pool-116-thread-1] INFO  server.RaftServerConfigKeys (ConfUtils.java:logGet(43)) - raft.server.log.segment.size.max = 1048576 (custom)
2019-09-05 17:45:03,504 [pool-116-thread-1] INFO  server.RaftServerConfigKeys (ConfUtils.java:logGet(43)) - raft.server.log.segment.cache.num.max = 2 (custom)
2019-09-05 17:45:03,504 [pool-116-thread-1] INFO  segmented.SegmentedRaftLogWorker (SegmentedRaftLogWorker.java:<init>(172)) - new ace24089-7f3f-4aaf-a97a-16eb738b0bb6-SegmentedRaftLogWorker:Storage Directory /workdir/hadoop-ozone/integration-test/target/test-dir/MiniOzoneClusterImpl-329502e2-e6cd-45ba-986e-04556b25a2a9/datanode-0/data/ratis/94ca1cab-c04c-4a1b-abb9-5d11d4a055cf for RaftStorage:Storage Directory /workdir/hadoop-ozone/integration-test/target/test-dir/MiniOzoneClusterImpl-329502e2-e6cd-45ba-986e-04556b25a2a9/datanode-0/data/ratis/94ca1cab-c04c-4a1b-abb9-5d11d4a055cf
2019-09-05 17:45:03,505 [pool-116-thread-1] INFO  server.RaftServerConfigKeys (ConfUtils.java:logGet(43)) - raft.server.log.queue.byte-limit = 2147483647 (custom)
2019-09-05 17:45:03,505 [pool-116-thread-1] INFO  server.RaftServerConfigKeys (ConfUtils.java:logGet(43)) - raft.server.log.queue.element-limit = 1024 (custom)
2019-09-05 17:45:03,505 [pool-116-thread-1] INFO  server.RaftServerConfigKeys (ConfUtils.java:logGet(43)) - raft.server.log.segment.size.max = 1048576 (custom)
2019-09-05 17:45:03,505 [pool-116-thread-1] INFO  server.RaftServerConfigKeys (ConfUtils.java:logGet(43)) - raft.server.log.preallocated.size = 16384 (custom)
2019-09-05 17:45:03,506 [pool-116-thread-1] INFO  server.RaftServerConfigKeys (ConfUtils.java:logGet(43)) - raft.server.log.write.buffer.size = 33554432 (custom)
2019-09-05 17:45:03,506 [pool-116-thread-1] INFO  server.RaftServerConfigKeys (ConfUtils.java:logGet(43)) - raft.server.log.force.sync.num = 128 (default)
2019-09-05 17:45:03,506 [pool-116-thread-1] INFO  server.RaftServerConfigKeys (ConfUtils.java:logGet(43)) - raft.server.log.statemachine.data.sync = true (default)
2019-09-05 17:45:03,506 [pool-116-thread-1] INFO  server.RaftServerConfigKeys (ConfUtils.java:logGet(43)) - raft.server.log.statemachine.data.sync.timeout = 10s (default)
2019-09-05 17:45:03,506 [pool-116-thread-1] INFO  server.RaftServerConfigKeys (ConfUtils.java:logGet(43)) - raft.server.log.statemachine.data.sync.timeout.retry = -1 (default)
2019-09-05 17:45:03,507 [pool-116-thread-1] INFO  server.RaftServerConfigKeys (ConfUtils.java:logGet(43)) - raft.server.log.statemachine.data.caching.enabled = true (custom)
2019-09-05 17:45:03,507 [pool-116-thread-1] INFO  segmented.SegmentedRaftLogWorker (SegmentedRaftLogWorker.java:lambda$new$0(132)) - ace24089-7f3f-4aaf-a97a-16eb738b0bb6-SegmentedRaftLogWorker:Storage Directory /workdir/hadoop-ozone/integration-test/target/test-dir/MiniOzoneClusterImpl-329502e2-e6cd-45ba-986e-04556b25a2a9/datanode-0/data/ratis/94ca1cab-c04c-4a1b-abb9-5d11d4a055cf: flushIndex: setUnconditionally 0 -> -1
2019-09-05 17:45:03,507 [pool-116-thread-1] INFO  server.RaftServerConfigKeys (ConfUtils.java:logGet(43)) - raft.server.snapshot.auto.trigger.enabled = true (custom)
2019-09-05 17:45:03,508 [pool-116-thread-1] INFO  server.RaftServerConfigKeys (ConfUtils.java:logGet(43)) - raft.server.snapshot.auto.trigger.threshold = 10000 (custom)
2019-09-05 17:45:03,508 [pool-116-thread-1] INFO  server.RaftServerConfigKeys (ConfUtils.java:logGet(43)) - raft.server.retrycache.expirytime = 600000ms (custom)
2019-09-05 17:45:03,508 [pool-116-thread-1] INFO  impl.RaftServerImpl (RaftServerImpl.java:start(180)) - ace24089-7f3f-4aaf-a97a-16eb738b0bb6: start group-5D11D4A055CF
2019-09-05 17:45:03,508 [pool-116-thread-1] INFO  impl.RaftServerImpl (RaftServerImpl.java:setRole(171)) - ace24089-7f3f-4aaf-a97a-16eb738b0bb6:group-5D11D4A055CF changes role from null to FOLLOWER at term 0 for startAsFollower
2019-09-05 17:45:03,509 [pool-116-thread-1] INFO  impl.RoleInfo (RoleInfo.java:updateAndGet(143)) - ace24089-7f3f-4aaf-a97a-16eb738b0bb6: start FollowerState
2019-09-05 17:45:03,509 [pool-116-thread-1] INFO  util.JmxRegister (JmxRegister.java:tryRegister(44)) - Successfully registered JMX Bean with object name Ratis:service=RaftServer,group=group-5D11D4A055CF,id=ace24089-7f3f-4aaf-a97a-16eb738b0bb6
2019-09-05 17:45:03,519 [IPC Server handler 4 on 35232] INFO  net.NetworkTopology (NetworkTopologyImpl.java:add(110)) - Added a new node: /default-rack/154c3b90-cc4f-4766-ab8b-2d86655077c2
2019-09-05 17:45:03,524 [IPC Server handler 4 on 35232] INFO  node.SCMNodeManager (SCMNodeManager.java:register(266)) - Registered Data node : 154c3b90-cc4f-4766-ab8b-2d86655077c2{ip: 192.168.69.120, host: pr-hdds-2007-scw2c-2724463716, networkLocation: /default-rack, certSerialId: null}
2019-09-05 17:45:03,549 [RatisPipelineUtilsThread] INFO  pipeline.PipelineStateManager (PipelineStateManager.java:addPipeline(56)) - Created pipeline Pipeline[ Id: 94ca1cab-c04c-4a1b-abb9-5d11d4a055cf, Nodes: ace24089-7f3f-4aaf-a97a-16eb738b0bb6{ip: 192.168.69.120, host: pr-hdds-2007-scw2c-2724463716, networkLocation: /default-rack, certSerialId: null}, Type:RATIS, Factor:ONE, State:OPEN]
2019-09-05 17:45:03,564 [grpc-default-executor-4] INFO  impl.RaftServerProxy (RaftServerProxy.java:addNew(89)) - b89e1062-1dd5-4f67-aefc-0a9ace8ccdc1: addNew group-329C3FF78C65:[b89e1062-1dd5-4f67-aefc-0a9ace8ccdc1:192.168.69.120:41499] returns group-329C3FF78C65:java.util.concurrent.CompletableFuture@5be5e38f[Not completed]
2019-09-05 17:45:03,570 [pool-136-thread-1] INFO  impl.RaftServerImpl (RaftServerImpl.java:<init>(93)) - b89e1062-1dd5-4f67-aefc-0a9ace8ccdc1: new RaftServerImpl for group-329C3FF78C65:[b89e1062-1dd5-4f67-aefc-0a9ace8ccdc1:192.168.69.120:41499] with ContainerStateMachine:uninitialized
2019-09-05 17:45:03,570 [pool-136-thread-1] INFO  server.RaftServerConfigKeys (ConfUtils.java:logGet(43)) - raft.server.rpc.timeout.min = 5s (custom)
2019-09-05 17:45:03,570 [pool-136-thread-1] INFO  server.RaftServerConfigKeys (ConfUtils.java:logGet(43)) - raft.server.rpc.timeout.max = 5200ms (custom)
2019-09-05 17:45:03,570 [pool-136-thread-1] INFO  server.RaftServerConfigKeys (ConfUtils.java:logGet(43)) - raft.server.rpcslowness.timeout = 120s (custom)
2019-09-05 17:45:03,570 [pool-136-thread-1] INFO  server.RaftServerConfigKeys (ConfUtils.java:logGet(43)) - raft.server.sleep.deviation.threshold = 300 (default)
2019-09-05 17:45:03,570 [pool-136-thread-1] INFO  server.RaftServerConfigKeys (ConfUtils.java:logGet(43)) - raft.server.log.appender.install.snapshot.enabled = false (custom)
2019-09-05 17:45:03,571 [pool-136-thread-1] INFO  impl.RaftServerImpl (ServerState.java:<init>(105)) - b89e1062-1dd5-4f67-aefc-0a9ace8ccdc1:group-329C3FF78C65 ConfigurationManager, init=-1: [b89e1062-1dd5-4f67-aefc-0a9ace8ccdc1:192.168.69.120:41499], old=null, confs=<EMPTY_MAP>
2019-09-05 17:45:03,571 [pool-136-thread-1] INFO  server.RaftServerConfigKeys (ConfUtils.java:logGet(43)) - raft.server.storage.dir = [/workdir/hadoop-ozone/integration-test/target/test-dir/MiniOzoneClusterImpl-329502e2-e6cd-45ba-986e-04556b25a2a9/datanode-2/data/ratis] (custom)
2019-09-05 17:45:03,571 [pool-136-thread-1] INFO  storage.RaftStorageDirectory (RaftStorageDirectory.java:analyzeStorage(246)) - The storage directory /workdir/hadoop-ozone/integration-test/target/test-dir/MiniOzoneClusterImpl-329502e2-e6cd-45ba-986e-04556b25a2a9/datanode-2/data/ratis/054a5434-cd29-4182-84d6-329c3ff78c65 does not exist. Creating ...
2019-09-05 17:45:03,616 [pool-136-thread-1] INFO  storage.RaftStorageDirectory (RaftStorageDirectory.java:tryLock(328)) - Lock on /workdir/hadoop-ozone/integration-test/target/test-dir/MiniOzoneClusterImpl-329502e2-e6cd-45ba-986e-04556b25a2a9/datanode-2/data/ratis/054a5434-cd29-4182-84d6-329c3ff78c65/in_use.lock acquired by nodename 32023@pr-hdds-2007-scw2c-2724463716
2019-09-05 17:45:03,628 [pool-136-thread-1] INFO  storage.RaftStorage (RaftStorage.java:format(72)) - Storage directory /workdir/hadoop-ozone/integration-test/target/test-dir/MiniOzoneClusterImpl-329502e2-e6cd-45ba-986e-04556b25a2a9/datanode-2/data/ratis/054a5434-cd29-4182-84d6-329c3ff78c65 has been successfully formatted.
2019-09-05 17:45:03,628 [pool-136-thread-1] INFO  ratis.ContainerStateMachine (ContainerStateMachine.java:loadSnapshot(227)) - group-329C3FF78C65: The snapshot info is null. Setting the last applied indexto:(t:0, i:~)
2019-09-05 17:45:03,628 [pool-136-thread-1] INFO  server.RaftServerConfigKeys (ConfUtils.java:logGet(43)) - raft.server.leader.election.timeout = 120s (custom)
2019-09-05 17:45:03,629 [pool-136-thread-1] INFO  server.RaftServerConfigKeys (ConfUtils.java:logGet(43)) - raft.server.log.use.memory = false (default)
2019-09-05 17:45:03,629 [pool-136-thread-1] INFO  server.RaftServerConfigKeys (ConfUtils.java:logGet(43)) - raft.server.log.purge.gap = 1000000 (custom)
2019-09-05 17:45:03,629 [pool-136-thread-1] INFO  server.RaftServerConfigKeys (ConfUtils.java:logGet(43)) - raft.server.log.appender.buffer.byte-limit = 33554432 (custom)
2019-09-05 17:45:03,629 [pool-136-thread-1] INFO  server.RaftServerConfigKeys (ConfUtils.java:logGet(43)) - raft.server.log.segment.size.max = 1048576 (custom)
2019-09-05 17:45:03,629 [pool-136-thread-1] INFO  server.RaftServerConfigKeys (ConfUtils.java:logGet(43)) - raft.server.log.segment.cache.num.max = 2 (custom)
2019-09-05 17:45:03,630 [pool-136-thread-1] INFO  segmented.SegmentedRaftLogWorker (SegmentedRaftLogWorker.java:<init>(172)) - new b89e1062-1dd5-4f67-aefc-0a9ace8ccdc1-SegmentedRaftLogWorker:Storage Directory /workdir/hadoop-ozone/integration-test/target/test-dir/MiniOzoneClusterImpl-329502e2-e6cd-45ba-986e-04556b25a2a9/datanode-2/data/ratis/054a5434-cd29-4182-84d6-329c3ff78c65 for RaftStorage:Storage Directory /workdir/hadoop-ozone/integration-test/target/test-dir/MiniOzoneClusterImpl-329502e2-e6cd-45ba-986e-04556b25a2a9/datanode-2/data/ratis/054a5434-cd29-4182-84d6-329c3ff78c65
2019-09-05 17:45:03,630 [pool-136-thread-1] INFO  server.RaftServerConfigKeys (ConfUtils.java:logGet(43)) - raft.server.log.queue.byte-limit = 2147483647 (custom)
2019-09-05 17:45:03,630 [pool-136-thread-1] INFO  server.RaftServerConfigKeys (ConfUtils.java:logGet(43)) - raft.server.log.queue.element-limit = 1024 (custom)
2019-09-05 17:45:03,630 [pool-136-thread-1] INFO  server.RaftServerConfigKeys (ConfUtils.java:logGet(43)) - raft.server.log.segment.size.max = 1048576 (custom)
2019-09-05 17:45:03,631 [pool-136-thread-1] INFO  server.RaftServerConfigKeys (ConfUtils.java:logGet(43)) - raft.server.log.preallocated.size = 16384 (custom)
2019-09-05 17:45:03,631 [pool-136-thread-1] INFO  server.RaftServerConfigKeys (ConfUtils.java:logGet(43)) - raft.server.log.write.buffer.size = 33554432 (custom)
2019-09-05 17:45:03,631 [pool-136-thread-1] INFO  server.RaftServerConfigKeys (ConfUtils.java:logGet(43)) - raft.server.log.force.sync.num = 128 (default)
2019-09-05 17:45:03,631 [pool-136-thread-1] INFO  server.RaftServerConfigKeys (ConfUtils.java:logGet(43)) - raft.server.log.statemachine.data.sync = true (default)
2019-09-05 17:45:03,631 [pool-136-thread-1] INFO  server.RaftServerConfigKeys (ConfUtils.java:logGet(43)) - raft.server.log.statemachine.data.sync.timeout = 10s (default)
2019-09-05 17:45:03,632 [pool-136-thread-1] INFO  server.RaftServerConfigKeys (ConfUtils.java:logGet(43)) - raft.server.log.statemachine.data.sync.timeout.retry = -1 (default)
2019-09-05 17:45:03,652 [IPC Server handler 5 on 35232] INFO  net.NetworkTopology (NetworkTopologyImpl.java:add(110)) - Added a new node: /default-rack/74b010d1-2c48-484e-a8d6-dd48a46a9f09
2019-09-05 17:45:03,660 [IPC Server handler 5 on 35232] INFO  node.SCMNodeManager (SCMNodeManager.java:register(266)) - Registered Data node : 74b010d1-2c48-484e-a8d6-dd48a46a9f09{ip: 192.168.69.120, host: pr-hdds-2007-scw2c-2724463716, networkLocation: /default-rack, certSerialId: null}
2019-09-05 17:45:03,661 [pool-136-thread-1] INFO  server.RaftServerConfigKeys (ConfUtils.java:logGet(43)) - raft.server.log.statemachine.data.caching.enabled = true (custom)
2019-09-05 17:45:03,661 [pool-136-thread-1] INFO  segmented.SegmentedRaftLogWorker (SegmentedRaftLogWorker.java:lambda$new$0(132)) - b89e1062-1dd5-4f67-aefc-0a9ace8ccdc1-SegmentedRaftLogWorker:Storage Directory /workdir/hadoop-ozone/integration-test/target/test-dir/MiniOzoneClusterImpl-329502e2-e6cd-45ba-986e-04556b25a2a9/datanode-2/data/ratis/054a5434-cd29-4182-84d6-329c3ff78c65: flushIndex: setUnconditionally 0 -> -1
2019-09-05 17:45:03,661 [pool-136-thread-1] INFO  server.RaftServerConfigKeys (ConfUtils.java:logGet(43)) - raft.server.snapshot.auto.trigger.enabled = true (custom)
2019-09-05 17:45:03,661 [pool-136-thread-1] INFO  server.RaftServerConfigKeys (ConfUtils.java:logGet(43)) - raft.server.snapshot.auto.trigger.threshold = 10000 (custom)
2019-09-05 17:45:03,662 [pool-136-thread-1] INFO  server.RaftServerConfigKeys (ConfUtils.java:logGet(43)) - raft.server.retrycache.expirytime = 600000ms (custom)
2019-09-05 17:45:03,662 [pool-136-thread-1] INFO  impl.RaftServerImpl (RaftServerImpl.java:start(180)) - b89e1062-1dd5-4f67-aefc-0a9ace8ccdc1: start group-329C3FF78C65
2019-09-05 17:45:03,662 [pool-136-thread-1] INFO  impl.RaftServerImpl (RaftServerImpl.java:setRole(171)) - b89e1062-1dd5-4f67-aefc-0a9ace8ccdc1:group-329C3FF78C65 changes role from null to FOLLOWER at term 0 for startAsFollower
2019-09-05 17:45:03,662 [pool-136-thread-1] INFO  impl.RoleInfo (RoleInfo.java:updateAndGet(143)) - b89e1062-1dd5-4f67-aefc-0a9ace8ccdc1: start FollowerState
2019-09-05 17:45:03,662 [pool-136-thread-1] INFO  util.JmxRegister (JmxRegister.java:tryRegister(44)) - Successfully registered JMX Bean with object name Ratis:service=RaftServer,group=group-329C3FF78C65,id=b89e1062-1dd5-4f67-aefc-0a9ace8ccdc1
2019-09-05 17:45:03,668 [RatisPipelineUtilsThread] INFO  pipeline.PipelineStateManager (PipelineStateManager.java:addPipeline(56)) - Created pipeline Pipeline[ Id: 054a5434-cd29-4182-84d6-329c3ff78c65, Nodes: b89e1062-1dd5-4f67-aefc-0a9ace8ccdc1{ip: 192.168.69.120, host: pr-hdds-2007-scw2c-2724463716, networkLocation: /default-rack, certSerialId: null}, Type:RATIS, Factor:ONE, State:OPEN]
2019-09-05 17:45:03,741 [grpc-default-executor-4] INFO  impl.RaftServerProxy (RaftServerProxy.java:addNew(89)) - 154c3b90-cc4f-4766-ab8b-2d86655077c2: addNew group-68B41FD35DA2:[154c3b90-cc4f-4766-ab8b-2d86655077c2:192.168.69.120:33526] returns group-68B41FD35DA2:java.util.concurrent.CompletableFuture@23804fc4[Not completed]
2019-09-05 17:45:03,749 [pool-146-thread-1] INFO  impl.RaftServerImpl (RaftServerImpl.java:<init>(93)) - 154c3b90-cc4f-4766-ab8b-2d86655077c2: new RaftServerImpl for group-68B41FD35DA2:[154c3b90-cc4f-4766-ab8b-2d86655077c2:192.168.69.120:33526] with ContainerStateMachine:uninitialized
2019-09-05 17:45:03,749 [pool-146-thread-1] INFO  server.RaftServerConfigKeys (ConfUtils.java:logGet(43)) - raft.server.rpc.timeout.min = 5s (custom)
2019-09-05 17:45:03,749 [pool-146-thread-1] INFO  server.RaftServerConfigKeys (ConfUtils.java:logGet(43)) - raft.server.rpc.timeout.max = 5200ms (custom)
2019-09-05 17:45:03,749 [pool-146-thread-1] INFO  server.RaftServerConfigKeys (ConfUtils.java:logGet(43)) - raft.server.rpcslowness.timeout = 120s (custom)
2019-09-05 17:45:03,750 [pool-146-thread-1] INFO  server.RaftServerConfigKeys (ConfUtils.java:logGet(43)) - raft.server.sleep.deviation.threshold = 300 (default)
2019-09-05 17:45:03,750 [pool-146-thread-1] INFO  server.RaftServerConfigKeys (ConfUtils.java:logGet(43)) - raft.server.log.appender.install.snapshot.enabled = false (custom)
2019-09-05 17:45:03,750 [pool-146-thread-1] INFO  impl.RaftServerImpl (ServerState.java:<init>(105)) - 154c3b90-cc4f-4766-ab8b-2d86655077c2:group-68B41FD35DA2 ConfigurationManager, init=-1: [154c3b90-cc4f-4766-ab8b-2d86655077c2:192.168.69.120:33526], old=null, confs=<EMPTY_MAP>
2019-09-05 17:45:03,750 [pool-146-thread-1] INFO  server.RaftServerConfigKeys (ConfUtils.java:logGet(43)) - raft.server.storage.dir = [/workdir/hadoop-ozone/integration-test/target/test-dir/MiniOzoneClusterImpl-329502e2-e6cd-45ba-986e-04556b25a2a9/datanode-3/data/ratis] (custom)
2019-09-05 17:45:03,750 [pool-146-thread-1] INFO  storage.RaftStorageDirectory (RaftStorageDirectory.java:analyzeStorage(246)) - The storage directory /workdir/hadoop-ozone/integration-test/target/test-dir/MiniOzoneClusterImpl-329502e2-e6cd-45ba-986e-04556b25a2a9/datanode-3/data/ratis/07ed17ee-6526-4f7e-bb85-68b41fd35da2 does not exist. Creating ...
2019-09-05 17:45:03,767 [pool-146-thread-1] INFO  storage.RaftStorageDirectory (RaftStorageDirectory.java:tryLock(328)) - Lock on /workdir/hadoop-ozone/integration-test/target/test-dir/MiniOzoneClusterImpl-329502e2-e6cd-45ba-986e-04556b25a2a9/datanode-3/data/ratis/07ed17ee-6526-4f7e-bb85-68b41fd35da2/in_use.lock acquired by nodename 32023@pr-hdds-2007-scw2c-2724463716
2019-09-05 17:45:03,777 [IPC Server handler 6 on 35232] INFO  net.NetworkTopology (NetworkTopologyImpl.java:add(110)) - Added a new node: /default-rack/43c9d192-0b2b-4d49-b612-c9bce3341d53
2019-09-05 17:45:03,778 [IPC Server handler 6 on 35232] INFO  node.SCMNodeManager (SCMNodeManager.java:register(266)) - Registered Data node : 43c9d192-0b2b-4d49-b612-c9bce3341d53{ip: 192.168.69.120, host: pr-hdds-2007-scw2c-2724463716, networkLocation: /default-rack, certSerialId: null}
2019-09-05 17:45:03,882 [main] INFO  ozone.MiniOzoneClusterImpl (MiniOzoneClusterImpl.java:lambda$waitForClusterToBeReady$0(140)) - Waiting for cluster to be ready. Got 6 of 7 DN Heartbeats.
2019-09-05 17:45:03,889 [IPC Server handler 0 on 35232] INFO  net.NetworkTopology (NetworkTopologyImpl.java:add(110)) - Added a new node: /default-rack/8289af37-400f-43f1-9029-8d41a6c3e7e8
2019-09-05 17:45:03,890 [IPC Server handler 0 on 35232] INFO  node.SCMNodeManager (SCMNodeManager.java:register(266)) - Registered Data node : 8289af37-400f-43f1-9029-8d41a6c3e7e8{ip: 192.168.69.120, host: pr-hdds-2007-scw2c-2724463716, networkLocation: /default-rack, certSerialId: null}
2019-09-05 17:45:04,739 [pool-146-thread-1] INFO  storage.RaftStorage (RaftStorage.java:format(72)) - Storage directory /workdir/hadoop-ozone/integration-test/target/test-dir/MiniOzoneClusterImpl-329502e2-e6cd-45ba-986e-04556b25a2a9/datanode-3/data/ratis/07ed17ee-6526-4f7e-bb85-68b41fd35da2 has been successfully formatted.
2019-09-05 17:45:04,740 [pool-146-thread-1] INFO  ratis.ContainerStateMachine (ContainerStateMachine.java:loadSnapshot(227)) - group-68B41FD35DA2: The snapshot info is null. Setting the last applied indexto:(t:0, i:~)
2019-09-05 17:45:04,740 [pool-146-thread-1] INFO  server.RaftServerConfigKeys (ConfUtils.java:logGet(43)) - raft.server.leader.election.timeout = 120s (custom)
2019-09-05 17:45:04,740 [pool-146-thread-1] INFO  server.RaftServerConfigKeys (ConfUtils.java:logGet(43)) - raft.server.log.use.memory = false (default)
2019-09-05 17:45:04,740 [pool-146-thread-1] INFO  server.RaftServerConfigKeys (ConfUtils.java:logGet(43)) - raft.server.log.purge.gap = 1000000 (custom)
2019-09-05 17:45:04,741 [pool-146-thread-1] INFO  server.RaftServerConfigKeys (ConfUtils.java:logGet(43)) - raft.server.log.appender.buffer.byte-limit = 33554432 (custom)
2019-09-05 17:45:04,741 [pool-146-thread-1] INFO  server.RaftServerConfigKeys (ConfUtils.java:logGet(43)) - raft.server.log.segment.size.max = 1048576 (custom)
2019-09-05 17:45:04,741 [pool-146-thread-1] INFO  server.RaftServerConfigKeys (ConfUtils.java:logGet(43)) - raft.server.log.segment.cache.num.max = 2 (custom)
2019-09-05 17:45:04,741 [pool-146-thread-1] INFO  segmented.SegmentedRaftLogWorker (SegmentedRaftLogWorker.java:<init>(172)) - new 154c3b90-cc4f-4766-ab8b-2d86655077c2-SegmentedRaftLogWorker:Storage Directory /workdir/hadoop-ozone/integration-test/target/test-dir/MiniOzoneClusterImpl-329502e2-e6cd-45ba-986e-04556b25a2a9/datanode-3/data/ratis/07ed17ee-6526-4f7e-bb85-68b41fd35da2 for RaftStorage:Storage Directory /workdir/hadoop-ozone/integration-test/target/test-dir/MiniOzoneClusterImpl-329502e2-e6cd-45ba-986e-04556b25a2a9/datanode-3/data/ratis/07ed17ee-6526-4f7e-bb85-68b41fd35da2
2019-09-05 17:45:04,741 [pool-146-thread-1] INFO  server.RaftServerConfigKeys (ConfUtils.java:logGet(43)) - raft.server.log.queue.byte-limit = 2147483647 (custom)
2019-09-05 17:45:04,742 [pool-146-thread-1] INFO  server.RaftServerConfigKeys (ConfUtils.java:logGet(43)) - raft.server.log.queue.element-limit = 1024 (custom)
2019-09-05 17:45:04,742 [pool-146-thread-1] INFO  server.RaftServerConfigKeys (ConfUtils.java:logGet(43)) - raft.server.log.segment.size.max = 1048576 (custom)
2019-09-05 17:45:04,742 [pool-146-thread-1] INFO  server.RaftServerConfigKeys (ConfUtils.java:logGet(43)) - raft.server.log.preallocated.size = 16384 (custom)
2019-09-05 17:45:04,743 [pool-146-thread-1] INFO  server.RaftServerConfigKeys (ConfUtils.java:logGet(43)) - raft.server.log.write.buffer.size = 33554432 (custom)
2019-09-05 17:45:04,743 [pool-146-thread-1] INFO  server.RaftServerConfigKeys (ConfUtils.java:logGet(43)) - raft.server.log.force.sync.num = 128 (default)
2019-09-05 17:45:04,743 [pool-146-thread-1] INFO  server.RaftServerConfigKeys (ConfUtils.java:logGet(43)) - raft.server.log.statemachine.data.sync = true (default)
2019-09-05 17:45:04,743 [pool-146-thread-1] INFO  server.RaftServerConfigKeys (ConfUtils.java:logGet(43)) - raft.server.log.statemachine.data.sync.timeout = 10s (default)
2019-09-05 17:45:04,743 [pool-146-thread-1] INFO  server.RaftServerConfigKeys (ConfUtils.java:logGet(43)) - raft.server.log.statemachine.data.sync.timeout.retry = -1 (default)
2019-09-05 17:45:04,744 [pool-146-thread-1] INFO  server.RaftServerConfigKeys (ConfUtils.java:logGet(43)) - raft.server.log.statemachine.data.caching.enabled = true (custom)
2019-09-05 17:45:04,744 [pool-146-thread-1] INFO  segmented.SegmentedRaftLogWorker (SegmentedRaftLogWorker.java:lambda$new$0(132)) - 154c3b90-cc4f-4766-ab8b-2d86655077c2-SegmentedRaftLogWorker:Storage Directory /workdir/hadoop-ozone/integration-test/target/test-dir/MiniOzoneClusterImpl-329502e2-e6cd-45ba-986e-04556b25a2a9/datanode-3/data/ratis/07ed17ee-6526-4f7e-bb85-68b41fd35da2: flushIndex: setUnconditionally 0 -> -1
2019-09-05 17:45:04,745 [pool-146-thread-1] INFO  server.RaftServerConfigKeys (ConfUtils.java:logGet(43)) - raft.server.snapshot.auto.trigger.enabled = true (custom)
2019-09-05 17:45:04,745 [pool-146-thread-1] INFO  server.RaftServerConfigKeys (ConfUtils.java:logGet(43)) - raft.server.snapshot.auto.trigger.threshold = 10000 (custom)
2019-09-05 17:45:04,745 [pool-146-thread-1] INFO  server.RaftServerConfigKeys (ConfUtils.java:logGet(43)) - raft.server.retrycache.expirytime = 600000ms (custom)
2019-09-05 17:45:04,745 [pool-146-thread-1] INFO  impl.RaftServerImpl (RaftServerImpl.java:start(180)) - 154c3b90-cc4f-4766-ab8b-2d86655077c2: start group-68B41FD35DA2
2019-09-05 17:45:04,746 [pool-146-thread-1] INFO  impl.RaftServerImpl (RaftServerImpl.java:setRole(171)) - 154c3b90-cc4f-4766-ab8b-2d86655077c2:group-68B41FD35DA2 changes role from null to FOLLOWER at term 0 for startAsFollower
2019-09-05 17:45:04,746 [pool-146-thread-1] INFO  impl.RoleInfo (RoleInfo.java:updateAndGet(143)) - 154c3b90-cc4f-4766-ab8b-2d86655077c2: start FollowerState
2019-09-05 17:45:04,746 [pool-146-thread-1] INFO  util.JmxRegister (JmxRegister.java:tryRegister(44)) - Successfully registered JMX Bean with object name Ratis:service=RaftServer,group=group-68B41FD35DA2,id=154c3b90-cc4f-4766-ab8b-2d86655077c2
2019-09-05 17:45:04,758 [RatisPipelineUtilsThread] INFO  pipeline.PipelineStateManager (PipelineStateManager.java:addPipeline(56)) - Created pipeline Pipeline[ Id: 07ed17ee-6526-4f7e-bb85-68b41fd35da2, Nodes: 154c3b90-cc4f-4766-ab8b-2d86655077c2{ip: 192.168.69.120, host: pr-hdds-2007-scw2c-2724463716, networkLocation: /default-rack, certSerialId: null}, Type:RATIS, Factor:ONE, State:OPEN]
2019-09-05 17:45:04,777 [grpc-default-executor-4] INFO  impl.RaftServerProxy (RaftServerProxy.java:addNew(89)) - 43c9d192-0b2b-4d49-b612-c9bce3341d53: addNew group-0AA96FE233C6:[43c9d192-0b2b-4d49-b612-c9bce3341d53:192.168.69.120:40210] returns group-0AA96FE233C6:java.util.concurrent.CompletableFuture@7ec899d8[Not completed]
2019-09-05 17:45:04,782 [pool-166-thread-1] INFO  impl.RaftServerImpl (RaftServerImpl.java:<init>(93)) - 43c9d192-0b2b-4d49-b612-c9bce3341d53: new RaftServerImpl for group-0AA96FE233C6:[43c9d192-0b2b-4d49-b612-c9bce3341d53:192.168.69.120:40210] with ContainerStateMachine:uninitialized
2019-09-05 17:45:04,782 [pool-166-thread-1] INFO  server.RaftServerConfigKeys (ConfUtils.java:logGet(43)) - raft.server.rpc.timeout.min = 5s (custom)
2019-09-05 17:45:04,782 [pool-166-thread-1] INFO  server.RaftServerConfigKeys (ConfUtils.java:logGet(43)) - raft.server.rpc.timeout.max = 5200ms (custom)
2019-09-05 17:45:04,782 [pool-166-thread-1] INFO  server.RaftServerConfigKeys (ConfUtils.java:logGet(43)) - raft.server.rpcslowness.timeout = 120s (custom)
2019-09-05 17:45:04,783 [pool-166-thread-1] INFO  server.RaftServerConfigKeys (ConfUtils.java:logGet(43)) - raft.server.sleep.deviation.threshold = 300 (default)
2019-09-05 17:45:04,783 [pool-166-thread-1] INFO  server.RaftServerConfigKeys (ConfUtils.java:logGet(43)) - raft.server.log.appender.install.snapshot.enabled = false (custom)
2019-09-05 17:45:04,783 [pool-166-thread-1] INFO  impl.RaftServerImpl (ServerState.java:<init>(105)) - 43c9d192-0b2b-4d49-b612-c9bce3341d53:group-0AA96FE233C6 ConfigurationManager, init=-1: [43c9d192-0b2b-4d49-b612-c9bce3341d53:192.168.69.120:40210], old=null, confs=<EMPTY_MAP>
2019-09-05 17:45:04,783 [pool-166-thread-1] INFO  server.RaftServerConfigKeys (ConfUtils.java:logGet(43)) - raft.server.storage.dir = [/workdir/hadoop-ozone/integration-test/target/test-dir/MiniOzoneClusterImpl-329502e2-e6cd-45ba-986e-04556b25a2a9/datanode-5/data/ratis] (custom)
2019-09-05 17:45:04,783 [pool-166-thread-1] INFO  storage.RaftStorageDirectory (RaftStorageDirectory.java:analyzeStorage(246)) - The storage directory /workdir/hadoop-ozone/integration-test/target/test-dir/MiniOzoneClusterImpl-329502e2-e6cd-45ba-986e-04556b25a2a9/datanode-5/data/ratis/066f7752-b137-4406-a5cb-0aa96fe233c6 does not exist. Creating ...
2019-09-05 17:45:04,883 [main] INFO  ozone.MiniOzoneClusterImpl (MiniOzoneClusterImpl.java:lambda$waitForClusterToBeReady$0(140)) - Cluster is ready. Got 7 of 7 DN Heartbeats.
2019-09-05 17:45:04,924 [main] INFO  rpc.RpcClient (RpcClient.java:createVolume(303)) - Creating Volume: watchforcommithandlingtest, with jenkins1000 as owner.
2019-09-05 17:45:04,927 [IPC Server handler 1 on 33762] INFO  volume.OMVolumeCreateRequest (OMVolumeCreateRequest.java:validateAndUpdateCache(189)) - created volume:watchforcommithandlingtest for user:jenkins1000
2019-09-05 17:45:04,937 [pool-166-thread-1] INFO  storage.RaftStorageDirectory (RaftStorageDirectory.java:tryLock(328)) - Lock on /workdir/hadoop-ozone/integration-test/target/test-dir/MiniOzoneClusterImpl-329502e2-e6cd-45ba-986e-04556b25a2a9/datanode-5/data/ratis/066f7752-b137-4406-a5cb-0aa96fe233c6/in_use.lock acquired by nodename 32023@pr-hdds-2007-scw2c-2724463716
2019-09-05 17:45:04,999 [main] INFO  rpc.RpcClient (RpcClient.java:createBucket(442)) - Creating Bucket: watchforcommithandlingtest/watchforcommithandlingtest, with Versioning false and Storage Type set to DISK and Encryption set to false 
2019-09-05 17:45:05,047 [main] INFO  ozone.MiniOzoneClusterImpl (MiniOzoneClusterImpl.java:getStorageContainerLocationClient(227)) - Creating StorageContainerLocationProtocol RPC client with address /0.0.0.0:35873
2019-09-05 17:45:05,047 [pool-166-thread-1] INFO  storage.RaftStorage (RaftStorage.java:format(72)) - Storage directory /workdir/hadoop-ozone/integration-test/target/test-dir/MiniOzoneClusterImpl-329502e2-e6cd-45ba-986e-04556b25a2a9/datanode-5/data/ratis/066f7752-b137-4406-a5cb-0aa96fe233c6 has been successfully formatted.
2019-09-05 17:45:05,048 [pool-166-thread-1] INFO  ratis.ContainerStateMachine (ContainerStateMachine.java:loadSnapshot(227)) - group-0AA96FE233C6: The snapshot info is null. Setting the last applied indexto:(t:0, i:~)
2019-09-05 17:45:05,048 [pool-166-thread-1] INFO  server.RaftServerConfigKeys (ConfUtils.java:logGet(43)) - raft.server.leader.election.timeout = 120s (custom)
2019-09-05 17:45:05,048 [pool-166-thread-1] INFO  server.RaftServerConfigKeys (ConfUtils.java:logGet(43)) - raft.server.log.use.memory = false (default)
2019-09-05 17:45:05,049 [pool-166-thread-1] INFO  server.RaftServerConfigKeys (ConfUtils.java:logGet(43)) - raft.server.log.purge.gap = 1000000 (custom)
2019-09-05 17:45:05,049 [pool-166-thread-1] INFO  server.RaftServerConfigKeys (ConfUtils.java:logGet(43)) - raft.server.log.appender.buffer.byte-limit = 33554432 (custom)
2019-09-05 17:45:05,049 [pool-166-thread-1] INFO  server.RaftServerConfigKeys (ConfUtils.java:logGet(43)) - raft.server.log.segment.size.max = 1048576 (custom)
2019-09-05 17:45:05,049 [pool-166-thread-1] INFO  server.RaftServerConfigKeys (ConfUtils.java:logGet(43)) - raft.server.log.segment.cache.num.max = 2 (custom)
2019-09-05 17:45:05,049 [pool-166-thread-1] INFO  segmented.SegmentedRaftLogWorker (SegmentedRaftLogWorker.java:<init>(172)) - new 43c9d192-0b2b-4d49-b612-c9bce3341d53-SegmentedRaftLogWorker:Storage Directory /workdir/hadoop-ozone/integration-test/target/test-dir/MiniOzoneClusterImpl-329502e2-e6cd-45ba-986e-04556b25a2a9/datanode-5/data/ratis/066f7752-b137-4406-a5cb-0aa96fe233c6 for RaftStorage:Storage Directory /workdir/hadoop-ozone/integration-test/target/test-dir/MiniOzoneClusterImpl-329502e2-e6cd-45ba-986e-04556b25a2a9/datanode-5/data/ratis/066f7752-b137-4406-a5cb-0aa96fe233c6
2019-09-05 17:45:05,049 [pool-166-thread-1] INFO  server.RaftServerConfigKeys (ConfUtils.java:logGet(43)) - raft.server.log.queue.byte-limit = 2147483647 (custom)
2019-09-05 17:45:05,050 [pool-166-thread-1] INFO  server.RaftServerConfigKeys (ConfUtils.java:logGet(43)) - raft.server.log.queue.element-limit = 1024 (custom)
2019-09-05 17:45:05,050 [pool-166-thread-1] INFO  server.RaftServerConfigKeys (ConfUtils.java:logGet(43)) - raft.server.log.segment.size.max = 1048576 (custom)
2019-09-05 17:45:05,050 [pool-166-thread-1] INFO  server.RaftServerConfigKeys (ConfUtils.java:logGet(43)) - raft.server.log.preallocated.size = 16384 (custom)
2019-09-05 17:45:05,050 [pool-166-thread-1] INFO  server.RaftServerConfigKeys (ConfUtils.java:logGet(43)) - raft.server.log.write.buffer.size = 33554432 (custom)
2019-09-05 17:45:05,050 [pool-166-thread-1] INFO  server.RaftServerConfigKeys (ConfUtils.java:logGet(43)) - raft.server.log.force.sync.num = 128 (default)
2019-09-05 17:45:05,051 [pool-166-thread-1] INFO  server.RaftServerConfigKeys (ConfUtils.java:logGet(43)) - raft.server.log.statemachine.data.sync = true (default)
2019-09-05 17:45:05,051 [pool-166-thread-1] INFO  server.RaftServerConfigKeys (ConfUtils.java:logGet(43)) - raft.server.log.statemachine.data.sync.timeout = 10s (default)
2019-09-05 17:45:05,051 [pool-166-thread-1] INFO  server.RaftServerConfigKeys (ConfUtils.java:logGet(43)) - raft.server.log.statemachine.data.sync.timeout.retry = -1 (default)
2019-09-05 17:45:05,051 [pool-166-thread-1] INFO  server.RaftServerConfigKeys (ConfUtils.java:logGet(43)) - raft.server.log.statemachine.data.caching.enabled = true (custom)
2019-09-05 17:45:05,052 [pool-166-thread-1] INFO  segmented.SegmentedRaftLogWorker (SegmentedRaftLogWorker.java:lambda$new$0(132)) - 43c9d192-0b2b-4d49-b612-c9bce3341d53-SegmentedRaftLogWorker:Storage Directory /workdir/hadoop-ozone/integration-test/target/test-dir/MiniOzoneClusterImpl-329502e2-e6cd-45ba-986e-04556b25a2a9/datanode-5/data/ratis/066f7752-b137-4406-a5cb-0aa96fe233c6: flushIndex: setUnconditionally 0 -> -1
2019-09-05 17:45:05,052 [pool-166-thread-1] INFO  server.RaftServerConfigKeys (ConfUtils.java:logGet(43)) - raft.server.snapshot.auto.trigger.enabled = true (custom)
2019-09-05 17:45:05,052 [pool-166-thread-1] INFO  server.RaftServerConfigKeys (ConfUtils.java:logGet(43)) - raft.server.snapshot.auto.trigger.threshold = 10000 (custom)
2019-09-05 17:45:05,053 [pool-166-thread-1] INFO  server.RaftServerConfigKeys (ConfUtils.java:logGet(43)) - raft.server.retrycache.expirytime = 600000ms (custom)
2019-09-05 17:45:05,053 [pool-166-thread-1] INFO  impl.RaftServerImpl (RaftServerImpl.java:start(180)) - 43c9d192-0b2b-4d49-b612-c9bce3341d53: start group-0AA96FE233C6
2019-09-05 17:45:05,053 [pool-166-thread-1] INFO  impl.RaftServerImpl (RaftServerImpl.java:setRole(171)) - 43c9d192-0b2b-4d49-b612-c9bce3341d53:group-0AA96FE233C6 changes role from null to FOLLOWER at term 0 for startAsFollower
2019-09-05 17:45:05,053 [pool-166-thread-1] INFO  impl.RoleInfo (RoleInfo.java:updateAndGet(143)) - 43c9d192-0b2b-4d49-b612-c9bce3341d53: start FollowerState
2019-09-05 17:45:05,054 [pool-166-thread-1] INFO  util.JmxRegister (JmxRegister.java:tryRegister(44)) - Successfully registered JMX Bean with object name Ratis:service=RaftServer,group=group-0AA96FE233C6,id=43c9d192-0b2b-4d49-b612-c9bce3341d53
2019-09-05 17:45:05,069 [RatisPipelineUtilsThread] INFO  pipeline.PipelineStateManager (PipelineStateManager.java:addPipeline(56)) - Created pipeline Pipeline[ Id: 066f7752-b137-4406-a5cb-0aa96fe233c6, Nodes: 43c9d192-0b2b-4d49-b612-c9bce3341d53{ip: 192.168.69.120, host: pr-hdds-2007-scw2c-2724463716, networkLocation: /default-rack, certSerialId: null}, Type:RATIS, Factor:ONE, State:OPEN]
2019-09-05 17:45:05,086 [grpc-default-executor-4] INFO  impl.RaftServerProxy (RaftServerProxy.java:addNew(89)) - 8289af37-400f-43f1-9029-8d41a6c3e7e8: addNew group-E637A3AA3692:[8289af37-400f-43f1-9029-8d41a6c3e7e8:192.168.69.120:36098] returns group-E637A3AA3692:java.util.concurrent.CompletableFuture@403a4427[Not completed]
2019-09-05 17:45:05,095 [pool-176-thread-1] INFO  impl.RaftServerImpl (RaftServerImpl.java:<init>(93)) - 8289af37-400f-43f1-9029-8d41a6c3e7e8: new RaftServerImpl for group-E637A3AA3692:[8289af37-400f-43f1-9029-8d41a6c3e7e8:192.168.69.120:36098] with ContainerStateMachine:uninitialized
2019-09-05 17:45:05,095 [pool-176-thread-1] INFO  server.RaftServerConfigKeys (ConfUtils.java:logGet(43)) - raft.server.rpc.timeout.min = 5s (custom)
2019-09-05 17:45:05,095 [pool-176-thread-1] INFO  server.RaftServerConfigKeys (ConfUtils.java:logGet(43)) - raft.server.rpc.timeout.max = 5200ms (custom)
2019-09-05 17:45:05,095 [pool-176-thread-1] INFO  server.RaftServerConfigKeys (ConfUtils.java:logGet(43)) - raft.server.rpcslowness.timeout = 120s (custom)
2019-09-05 17:45:05,095 [pool-176-thread-1] INFO  server.RaftServerConfigKeys (ConfUtils.java:logGet(43)) - raft.server.sleep.deviation.threshold = 300 (default)
2019-09-05 17:45:05,096 [pool-176-thread-1] INFO  server.RaftServerConfigKeys (ConfUtils.java:logGet(43)) - raft.server.log.appender.install.snapshot.enabled = false (custom)
2019-09-05 17:45:05,096 [pool-176-thread-1] INFO  impl.RaftServerImpl (ServerState.java:<init>(105)) - 8289af37-400f-43f1-9029-8d41a6c3e7e8:group-E637A3AA3692 ConfigurationManager, init=-1: [8289af37-400f-43f1-9029-8d41a6c3e7e8:192.168.69.120:36098], old=null, confs=<EMPTY_MAP>
2019-09-05 17:45:05,096 [pool-176-thread-1] INFO  server.RaftServerConfigKeys (ConfUtils.java:logGet(43)) - raft.server.storage.dir = [/workdir/hadoop-ozone/integration-test/target/test-dir/MiniOzoneClusterImpl-329502e2-e6cd-45ba-986e-04556b25a2a9/datanode-6/data/ratis] (custom)
2019-09-05 17:45:05,096 [pool-176-thread-1] INFO  storage.RaftStorageDirectory (RaftStorageDirectory.java:analyzeStorage(246)) - The storage directory /workdir/hadoop-ozone/integration-test/target/test-dir/MiniOzoneClusterImpl-329502e2-e6cd-45ba-986e-04556b25a2a9/datanode-6/data/ratis/ec9bcbec-acc1-459c-a37d-e637a3aa3692 does not exist. Creating ...
2019-09-05 17:45:05,175 [pool-176-thread-1] INFO  storage.RaftStorageDirectory (RaftStorageDirectory.java:tryLock(328)) - Lock on /workdir/hadoop-ozone/integration-test/target/test-dir/MiniOzoneClusterImpl-329502e2-e6cd-45ba-986e-04556b25a2a9/datanode-6/data/ratis/ec9bcbec-acc1-459c-a37d-e637a3aa3692/in_use.lock acquired by nodename 32023@pr-hdds-2007-scw2c-2724463716
2019-09-05 17:45:05,312 [pool-176-thread-1] INFO  storage.RaftStorage (RaftStorage.java:format(72)) - Storage directory /workdir/hadoop-ozone/integration-test/target/test-dir/MiniOzoneClusterImpl-329502e2-e6cd-45ba-986e-04556b25a2a9/datanode-6/data/ratis/ec9bcbec-acc1-459c-a37d-e637a3aa3692 has been successfully formatted.
2019-09-05 17:45:05,312 [pool-176-thread-1] INFO  ratis.ContainerStateMachine (ContainerStateMachine.java:loadSnapshot(227)) - group-E637A3AA3692: The snapshot info is null. Setting the last applied indexto:(t:0, i:~)
2019-09-05 17:45:05,312 [pool-176-thread-1] INFO  server.RaftServerConfigKeys (ConfUtils.java:logGet(43)) - raft.server.leader.election.timeout = 120s (custom)
2019-09-05 17:45:05,312 [pool-176-thread-1] INFO  server.RaftServerConfigKeys (ConfUtils.java:logGet(43)) - raft.server.log.use.memory = false (default)
2019-09-05 17:45:05,313 [pool-176-thread-1] INFO  server.RaftServerConfigKeys (ConfUtils.java:logGet(43)) - raft.server.log.purge.gap = 1000000 (custom)
2019-09-05 17:45:05,313 [pool-176-thread-1] INFO  server.RaftServerConfigKeys (ConfUtils.java:logGet(43)) - raft.server.log.appender.buffer.byte-limit = 33554432 (custom)
2019-09-05 17:45:05,313 [pool-176-thread-1] INFO  server.RaftServerConfigKeys (ConfUtils.java:logGet(43)) - raft.server.log.segment.size.max = 1048576 (custom)
2019-09-05 17:45:05,313 [pool-176-thread-1] INFO  server.RaftServerConfigKeys (ConfUtils.java:logGet(43)) - raft.server.log.segment.cache.num.max = 2 (custom)
2019-09-05 17:45:05,313 [pool-176-thread-1] INFO  segmented.SegmentedRaftLogWorker (SegmentedRaftLogWorker.java:<init>(172)) - new 8289af37-400f-43f1-9029-8d41a6c3e7e8-SegmentedRaftLogWorker:Storage Directory /workdir/hadoop-ozone/integration-test/target/test-dir/MiniOzoneClusterImpl-329502e2-e6cd-45ba-986e-04556b25a2a9/datanode-6/data/ratis/ec9bcbec-acc1-459c-a37d-e637a3aa3692 for RaftStorage:Storage Directory /workdir/hadoop-ozone/integration-test/target/test-dir/MiniOzoneClusterImpl-329502e2-e6cd-45ba-986e-04556b25a2a9/datanode-6/data/ratis/ec9bcbec-acc1-459c-a37d-e637a3aa3692
2019-09-05 17:45:05,314 [pool-176-thread-1] INFO  server.RaftServerConfigKeys (ConfUtils.java:logGet(43)) - raft.server.log.queue.byte-limit = 2147483647 (custom)
2019-09-05 17:45:05,314 [pool-176-thread-1] INFO  server.RaftServerConfigKeys (ConfUtils.java:logGet(43)) - raft.server.log.queue.element-limit = 1024 (custom)
2019-09-05 17:45:05,314 [pool-176-thread-1] INFO  server.RaftServerConfigKeys (ConfUtils.java:logGet(43)) - raft.server.log.segment.size.max = 1048576 (custom)
2019-09-05 17:45:05,314 [pool-176-thread-1] INFO  server.RaftServerConfigKeys (ConfUtils.java:logGet(43)) - raft.server.log.preallocated.size = 16384 (custom)
2019-09-05 17:45:05,314 [pool-176-thread-1] INFO  server.RaftServerConfigKeys (ConfUtils.java:logGet(43)) - raft.server.log.write.buffer.size = 33554432 (custom)
2019-09-05 17:45:05,315 [pool-176-thread-1] INFO  server.RaftServerConfigKeys (ConfUtils.java:logGet(43)) - raft.server.log.force.sync.num = 128 (default)
2019-09-05 17:45:05,315 [pool-176-thread-1] INFO  server.RaftServerConfigKeys (ConfUtils.java:logGet(43)) - raft.server.log.statemachine.data.sync = true (default)
2019-09-05 17:45:05,315 [pool-176-thread-1] INFO  server.RaftServerConfigKeys (ConfUtils.java:logGet(43)) - raft.server.log.statemachine.data.sync.timeout = 10s (default)
2019-09-05 17:45:05,315 [pool-176-thread-1] INFO  server.RaftServerConfigKeys (ConfUtils.java:logGet(43)) - raft.server.log.statemachine.data.sync.timeout.retry = -1 (default)
2019-09-05 17:45:05,315 [pool-176-thread-1] INFO  server.RaftServerConfigKeys (ConfUtils.java:logGet(43)) - raft.server.log.statemachine.data.caching.enabled = true (custom)
2019-09-05 17:45:05,316 [pool-176-thread-1] INFO  segmented.SegmentedRaftLogWorker (SegmentedRaftLogWorker.java:lambda$new$0(132)) - 8289af37-400f-43f1-9029-8d41a6c3e7e8-SegmentedRaftLogWorker:Storage Directory /workdir/hadoop-ozone/integration-test/target/test-dir/MiniOzoneClusterImpl-329502e2-e6cd-45ba-986e-04556b25a2a9/datanode-6/data/ratis/ec9bcbec-acc1-459c-a37d-e637a3aa3692: flushIndex: setUnconditionally 0 -> -1
2019-09-05 17:45:05,316 [pool-176-thread-1] INFO  server.RaftServerConfigKeys (ConfUtils.java:logGet(43)) - raft.server.snapshot.auto.trigger.enabled = true (custom)
2019-09-05 17:45:05,316 [pool-176-thread-1] INFO  server.RaftServerConfigKeys (ConfUtils.java:logGet(43)) - raft.server.snapshot.auto.trigger.threshold = 10000 (custom)
2019-09-05 17:45:05,317 [pool-176-thread-1] INFO  server.RaftServerConfigKeys (ConfUtils.java:logGet(43)) - raft.server.retrycache.expirytime = 600000ms (custom)
2019-09-05 17:45:05,317 [pool-176-thread-1] INFO  impl.RaftServerImpl (RaftServerImpl.java:start(180)) - 8289af37-400f-43f1-9029-8d41a6c3e7e8: start group-E637A3AA3692
2019-09-05 17:45:05,317 [pool-176-thread-1] INFO  impl.RaftServerImpl (RaftServerImpl.java:setRole(171)) - 8289af37-400f-43f1-9029-8d41a6c3e7e8:group-E637A3AA3692 changes role from null to FOLLOWER at term 0 for startAsFollower
2019-09-05 17:45:05,317 [pool-176-thread-1] INFO  impl.RoleInfo (RoleInfo.java:updateAndGet(143)) - 8289af37-400f-43f1-9029-8d41a6c3e7e8: start FollowerState
2019-09-05 17:45:05,318 [pool-176-thread-1] INFO  util.JmxRegister (JmxRegister.java:tryRegister(44)) - Successfully registered JMX Bean with object name Ratis:service=RaftServer,group=group-E637A3AA3692,id=8289af37-400f-43f1-9029-8d41a6c3e7e8
2019-09-05 17:45:05,325 [RatisPipelineUtilsThread] INFO  pipeline.PipelineStateManager (PipelineStateManager.java:addPipeline(56)) - Created pipeline Pipeline[ Id: ec9bcbec-acc1-459c-a37d-e637a3aa3692, Nodes: 8289af37-400f-43f1-9029-8d41a6c3e7e8{ip: 192.168.69.120, host: pr-hdds-2007-scw2c-2724463716, networkLocation: /default-rack, certSerialId: null}, Type:RATIS, Factor:ONE, State:OPEN]
2019-09-05 17:45:05,342 [grpc-default-executor-1] INFO  impl.RaftServerProxy (RaftServerProxy.java:addNew(89)) - 74b010d1-2c48-484e-a8d6-dd48a46a9f09: addNew group-565EA2AE0FDB:[74b010d1-2c48-484e-a8d6-dd48a46a9f09:192.168.69.120:42326] returns group-565EA2AE0FDB:java.util.concurrent.CompletableFuture@5eda82bb[Not completed]
2019-09-05 17:45:05,349 [pool-156-thread-1] INFO  impl.RaftServerImpl (RaftServerImpl.java:<init>(93)) - 74b010d1-2c48-484e-a8d6-dd48a46a9f09: new RaftServerImpl for group-565EA2AE0FDB:[74b010d1-2c48-484e-a8d6-dd48a46a9f09:192.168.69.120:42326] with ContainerStateMachine:uninitialized
2019-09-05 17:45:05,350 [pool-156-thread-1] INFO  server.RaftServerConfigKeys (ConfUtils.java:logGet(43)) - raft.server.rpc.timeout.min = 5s (custom)
2019-09-05 17:45:05,350 [pool-156-thread-1] INFO  server.RaftServerConfigKeys (ConfUtils.java:logGet(43)) - raft.server.rpc.timeout.max = 5200ms (custom)
2019-09-05 17:45:05,350 [pool-156-thread-1] INFO  server.RaftServerConfigKeys (ConfUtils.java:logGet(43)) - raft.server.rpcslowness.timeout = 120s (custom)
2019-09-05 17:45:05,350 [pool-156-thread-1] INFO  server.RaftServerConfigKeys (ConfUtils.java:logGet(43)) - raft.server.sleep.deviation.threshold = 300 (default)
2019-09-05 17:45:05,350 [pool-156-thread-1] INFO  server.RaftServerConfigKeys (ConfUtils.java:logGet(43)) - raft.server.log.appender.install.snapshot.enabled = false (custom)
2019-09-05 17:45:05,350 [pool-156-thread-1] INFO  impl.RaftServerImpl (ServerState.java:<init>(105)) - 74b010d1-2c48-484e-a8d6-dd48a46a9f09:group-565EA2AE0FDB ConfigurationManager, init=-1: [74b010d1-2c48-484e-a8d6-dd48a46a9f09:192.168.69.120:42326], old=null, confs=<EMPTY_MAP>
2019-09-05 17:45:05,351 [pool-156-thread-1] INFO  server.RaftServerConfigKeys (ConfUtils.java:logGet(43)) - raft.server.storage.dir = [/workdir/hadoop-ozone/integration-test/target/test-dir/MiniOzoneClusterImpl-329502e2-e6cd-45ba-986e-04556b25a2a9/datanode-4/data/ratis] (custom)
2019-09-05 17:45:05,351 [pool-156-thread-1] INFO  storage.RaftStorageDirectory (RaftStorageDirectory.java:analyzeStorage(246)) - The storage directory /workdir/hadoop-ozone/integration-test/target/test-dir/MiniOzoneClusterImpl-329502e2-e6cd-45ba-986e-04556b25a2a9/datanode-4/data/ratis/65c1e8be-0227-477c-abfb-565ea2ae0fdb does not exist. Creating ...
2019-09-05 17:45:05,637 [pool-156-thread-1] INFO  storage.RaftStorageDirectory (RaftStorageDirectory.java:tryLock(328)) - Lock on /workdir/hadoop-ozone/integration-test/target/test-dir/MiniOzoneClusterImpl-329502e2-e6cd-45ba-986e-04556b25a2a9/datanode-4/data/ratis/65c1e8be-0227-477c-abfb-565ea2ae0fdb/in_use.lock acquired by nodename 32023@pr-hdds-2007-scw2c-2724463716
2019-09-05 17:45:05,965 [pool-156-thread-1] INFO  storage.RaftStorage (RaftStorage.java:format(72)) - Storage directory /workdir/hadoop-ozone/integration-test/target/test-dir/MiniOzoneClusterImpl-329502e2-e6cd-45ba-986e-04556b25a2a9/datanode-4/data/ratis/65c1e8be-0227-477c-abfb-565ea2ae0fdb has been successfully formatted.
2019-09-05 17:45:05,966 [pool-156-thread-1] INFO  ratis.ContainerStateMachine (ContainerStateMachine.java:loadSnapshot(227)) - group-565EA2AE0FDB: The snapshot info is null. Setting the last applied indexto:(t:0, i:~)
2019-09-05 17:45:05,966 [pool-156-thread-1] INFO  server.RaftServerConfigKeys (ConfUtils.java:logGet(43)) - raft.server.leader.election.timeout = 120s (custom)
2019-09-05 17:45:05,966 [pool-156-thread-1] INFO  server.RaftServerConfigKeys (ConfUtils.java:logGet(43)) - raft.server.log.use.memory = false (default)
2019-09-05 17:45:05,966 [pool-156-thread-1] INFO  server.RaftServerConfigKeys (ConfUtils.java:logGet(43)) - raft.server.log.purge.gap = 1000000 (custom)
2019-09-05 17:45:05,967 [pool-156-thread-1] INFO  server.RaftServerConfigKeys (ConfUtils.java:logGet(43)) - raft.server.log.appender.buffer.byte-limit = 33554432 (custom)
2019-09-05 17:45:05,967 [pool-156-thread-1] INFO  server.RaftServerConfigKeys (ConfUtils.java:logGet(43)) - raft.server.log.segment.size.max = 1048576 (custom)
2019-09-05 17:45:05,967 [pool-156-thread-1] INFO  server.RaftServerConfigKeys (ConfUtils.java:logGet(43)) - raft.server.log.segment.cache.num.max = 2 (custom)
2019-09-05 17:45:05,967 [pool-156-thread-1] INFO  segmented.SegmentedRaftLogWorker (SegmentedRaftLogWorker.java:<init>(172)) - new 74b010d1-2c48-484e-a8d6-dd48a46a9f09-SegmentedRaftLogWorker:Storage Directory /workdir/hadoop-ozone/integration-test/target/test-dir/MiniOzoneClusterImpl-329502e2-e6cd-45ba-986e-04556b25a2a9/datanode-4/data/ratis/65c1e8be-0227-477c-abfb-565ea2ae0fdb for RaftStorage:Storage Directory /workdir/hadoop-ozone/integration-test/target/test-dir/MiniOzoneClusterImpl-329502e2-e6cd-45ba-986e-04556b25a2a9/datanode-4/data/ratis/65c1e8be-0227-477c-abfb-565ea2ae0fdb
2019-09-05 17:45:05,968 [pool-156-thread-1] INFO  server.RaftServerConfigKeys (ConfUtils.java:logGet(43)) - raft.server.log.queue.byte-limit = 2147483647 (custom)
2019-09-05 17:45:05,968 [pool-156-thread-1] INFO  server.RaftServerConfigKeys (ConfUtils.java:logGet(43)) - raft.server.log.queue.element-limit = 1024 (custom)
2019-09-05 17:45:05,968 [pool-156-thread-1] INFO  server.RaftServerConfigKeys (ConfUtils.java:logGet(43)) - raft.server.log.segment.size.max = 1048576 (custom)
2019-09-05 17:45:05,969 [pool-156-thread-1] INFO  server.RaftServerConfigKeys (ConfUtils.java:logGet(43)) - raft.server.log.preallocated.size = 16384 (custom)
2019-09-05 17:45:05,969 [pool-156-thread-1] INFO  server.RaftServerConfigKeys (ConfUtils.java:logGet(43)) - raft.server.log.write.buffer.size = 33554432 (custom)
2019-09-05 17:45:05,969 [pool-156-thread-1] INFO  server.RaftServerConfigKeys (ConfUtils.java:logGet(43)) - raft.server.log.force.sync.num = 128 (default)
2019-09-05 17:45:05,969 [pool-156-thread-1] INFO  server.RaftServerConfigKeys (ConfUtils.java:logGet(43)) - raft.server.log.statemachine.data.sync = true (default)
2019-09-05 17:45:05,970 [pool-156-thread-1] INFO  server.RaftServerConfigKeys (ConfUtils.java:logGet(43)) - raft.server.log.statemachine.data.sync.timeout = 10s (default)
2019-09-05 17:45:05,970 [pool-156-thread-1] INFO  server.RaftServerConfigKeys (ConfUtils.java:logGet(43)) - raft.server.log.statemachine.data.sync.timeout.retry = -1 (default)
2019-09-05 17:45:05,970 [pool-156-thread-1] INFO  server.RaftServerConfigKeys (ConfUtils.java:logGet(43)) - raft.server.log.statemachine.data.caching.enabled = true (custom)
2019-09-05 17:45:05,971 [pool-156-thread-1] INFO  segmented.SegmentedRaftLogWorker (SegmentedRaftLogWorker.java:lambda$new$0(132)) - 74b010d1-2c48-484e-a8d6-dd48a46a9f09-SegmentedRaftLogWorker:Storage Directory /workdir/hadoop-ozone/integration-test/target/test-dir/MiniOzoneClusterImpl-329502e2-e6cd-45ba-986e-04556b25a2a9/datanode-4/data/ratis/65c1e8be-0227-477c-abfb-565ea2ae0fdb: flushIndex: setUnconditionally 0 -> -1
2019-09-05 17:45:05,971 [pool-156-thread-1] INFO  server.RaftServerConfigKeys (ConfUtils.java:logGet(43)) - raft.server.snapshot.auto.trigger.enabled = true (custom)
2019-09-05 17:45:05,971 [pool-156-thread-1] INFO  server.RaftServerConfigKeys (ConfUtils.java:logGet(43)) - raft.server.snapshot.auto.trigger.threshold = 10000 (custom)
2019-09-05 17:45:05,972 [pool-156-thread-1] INFO  server.RaftServerConfigKeys (ConfUtils.java:logGet(43)) - raft.server.retrycache.expirytime = 600000ms (custom)
2019-09-05 17:45:05,972 [pool-156-thread-1] INFO  impl.RaftServerImpl (RaftServerImpl.java:start(180)) - 74b010d1-2c48-484e-a8d6-dd48a46a9f09: start group-565EA2AE0FDB
2019-09-05 17:45:05,972 [pool-156-thread-1] INFO  impl.RaftServerImpl (RaftServerImpl.java:setRole(171)) - 74b010d1-2c48-484e-a8d6-dd48a46a9f09:group-565EA2AE0FDB changes role from null to FOLLOWER at term 0 for startAsFollower
2019-09-05 17:45:05,972 [pool-156-thread-1] INFO  impl.RoleInfo (RoleInfo.java:updateAndGet(143)) - 74b010d1-2c48-484e-a8d6-dd48a46a9f09: start FollowerState
2019-09-05 17:45:05,973 [pool-156-thread-1] INFO  util.JmxRegister (JmxRegister.java:tryRegister(44)) - Successfully registered JMX Bean with object name Ratis:service=RaftServer,group=group-565EA2AE0FDB,id=74b010d1-2c48-484e-a8d6-dd48a46a9f09
2019-09-05 17:45:05,983 [RatisPipelineUtilsThread] INFO  pipeline.PipelineStateManager (PipelineStateManager.java:addPipeline(56)) - Created pipeline Pipeline[ Id: 65c1e8be-0227-477c-abfb-565ea2ae0fdb, Nodes: 74b010d1-2c48-484e-a8d6-dd48a46a9f09{ip: 192.168.69.120, host: pr-hdds-2007-scw2c-2724463716, networkLocation: /default-rack, certSerialId: null}, Type:RATIS, Factor:ONE, State:OPEN]
2019-09-05 17:45:06,016 [grpc-default-executor-0] INFO  impl.RaftServerProxy (RaftServerProxy.java:addNew(89)) - 19029b43-bdce-43ef-8284-637faf53ed87: addNew group-B55C8C6A1FEB:[19029b43-bdce-43ef-8284-637faf53ed87:192.168.69.120:35651] returns group-B55C8C6A1FEB:java.util.concurrent.CompletableFuture@60a4fe85[Not completed]
2019-09-05 17:45:06,025 [pool-126-thread-1] INFO  impl.RaftServerImpl (RaftServerImpl.java:<init>(93)) - 19029b43-bdce-43ef-8284-637faf53ed87: new RaftServerImpl for group-B55C8C6A1FEB:[19029b43-bdce-43ef-8284-637faf53ed87:192.168.69.120:35651] with ContainerStateMachine:uninitialized
2019-09-05 17:45:06,025 [pool-126-thread-1] INFO  server.RaftServerConfigKeys (ConfUtils.java:logGet(43)) - raft.server.rpc.timeout.min = 5s (custom)
2019-09-05 17:45:06,025 [pool-126-thread-1] INFO  server.RaftServerConfigKeys (ConfUtils.java:logGet(43)) - raft.server.rpc.timeout.max = 5200ms (custom)
2019-09-05 17:45:06,025 [pool-126-thread-1] INFO  server.RaftServerConfigKeys (ConfUtils.java:logGet(43)) - raft.server.rpcslowness.timeout = 120s (custom)
2019-09-05 17:45:06,025 [pool-126-thread-1] INFO  server.RaftServerConfigKeys (ConfUtils.java:logGet(43)) - raft.server.sleep.deviation.threshold = 300 (default)
2019-09-05 17:45:06,026 [pool-126-thread-1] INFO  server.RaftServerConfigKeys (ConfUtils.java:logGet(43)) - raft.server.log.appender.install.snapshot.enabled = false (custom)
2019-09-05 17:45:06,026 [pool-126-thread-1] INFO  impl.RaftServerImpl (ServerState.java:<init>(105)) - 19029b43-bdce-43ef-8284-637faf53ed87:group-B55C8C6A1FEB ConfigurationManager, init=-1: [19029b43-bdce-43ef-8284-637faf53ed87:192.168.69.120:35651], old=null, confs=<EMPTY_MAP>
2019-09-05 17:45:06,026 [pool-126-thread-1] INFO  server.RaftServerConfigKeys (ConfUtils.java:logGet(43)) - raft.server.storage.dir = [/workdir/hadoop-ozone/integration-test/target/test-dir/MiniOzoneClusterImpl-329502e2-e6cd-45ba-986e-04556b25a2a9/datanode-1/data/ratis] (custom)
2019-09-05 17:45:06,027 [pool-126-thread-1] INFO  storage.RaftStorageDirectory (RaftStorageDirectory.java:analyzeStorage(246)) - The storage directory /workdir/hadoop-ozone/integration-test/target/test-dir/MiniOzoneClusterImpl-329502e2-e6cd-45ba-986e-04556b25a2a9/datanode-1/data/ratis/1ba31d20-cb0b-4cc5-a966-b55c8c6a1feb does not exist. Creating ...
2019-09-05 17:45:06,056 [Thread-637] INFO  container.ReplicationManager (ReplicationManager.java:start(162)) - Starting Replication Monitor Thread.
2019-09-05 17:45:06,097 [pool-126-thread-1] INFO  storage.RaftStorageDirectory (RaftStorageDirectory.java:tryLock(328)) - Lock on /workdir/hadoop-ozone/integration-test/target/test-dir/MiniOzoneClusterImpl-329502e2-e6cd-45ba-986e-04556b25a2a9/datanode-1/data/ratis/1ba31d20-cb0b-4cc5-a966-b55c8c6a1feb/in_use.lock acquired by nodename 32023@pr-hdds-2007-scw2c-2724463716
2019-09-05 17:45:06,107 [pool-126-thread-1] INFO  storage.RaftStorage (RaftStorage.java:format(72)) - Storage directory /workdir/hadoop-ozone/integration-test/target/test-dir/MiniOzoneClusterImpl-329502e2-e6cd-45ba-986e-04556b25a2a9/datanode-1/data/ratis/1ba31d20-cb0b-4cc5-a966-b55c8c6a1feb has been successfully formatted.
2019-09-05 17:45:06,108 [pool-126-thread-1] INFO  ratis.ContainerStateMachine (ContainerStateMachine.java:loadSnapshot(227)) - group-B55C8C6A1FEB: The snapshot info is null. Setting the last applied indexto:(t:0, i:~)
2019-09-05 17:45:06,108 [pool-126-thread-1] INFO  server.RaftServerConfigKeys (ConfUtils.java:logGet(43)) - raft.server.leader.election.timeout = 120s (custom)
2019-09-05 17:45:06,108 [pool-126-thread-1] INFO  server.RaftServerConfigKeys (ConfUtils.java:logGet(43)) - raft.server.log.use.memory = false (default)
2019-09-05 17:45:06,108 [pool-126-thread-1] INFO  server.RaftServerConfigKeys (ConfUtils.java:logGet(43)) - raft.server.log.purge.gap = 1000000 (custom)
2019-09-05 17:45:06,108 [pool-126-thread-1] INFO  server.RaftServerConfigKeys (ConfUtils.java:logGet(43)) - raft.server.log.appender.buffer.byte-limit = 33554432 (custom)
2019-09-05 17:45:06,109 [pool-126-thread-1] INFO  server.RaftServerConfigKeys (ConfUtils.java:logGet(43)) - raft.server.log.segment.size.max = 1048576 (custom)
2019-09-05 17:45:06,109 [pool-126-thread-1] INFO  server.RaftServerConfigKeys (ConfUtils.java:logGet(43)) - raft.server.log.segment.cache.num.max = 2 (custom)
2019-09-05 17:45:06,109 [pool-126-thread-1] INFO  segmented.SegmentedRaftLogWorker (SegmentedRaftLogWorker.java:<init>(172)) - new 19029b43-bdce-43ef-8284-637faf53ed87-SegmentedRaftLogWorker:Storage Directory /workdir/hadoop-ozone/integration-test/target/test-dir/MiniOzoneClusterImpl-329502e2-e6cd-45ba-986e-04556b25a2a9/datanode-1/data/ratis/1ba31d20-cb0b-4cc5-a966-b55c8c6a1feb for RaftStorage:Storage Directory /workdir/hadoop-ozone/integration-test/target/test-dir/MiniOzoneClusterImpl-329502e2-e6cd-45ba-986e-04556b25a2a9/datanode-1/data/ratis/1ba31d20-cb0b-4cc5-a966-b55c8c6a1feb
2019-09-05 17:45:06,109 [pool-126-thread-1] INFO  server.RaftServerConfigKeys (ConfUtils.java:logGet(43)) - raft.server.log.queue.byte-limit = 2147483647 (custom)
2019-09-05 17:45:06,110 [pool-126-thread-1] INFO  server.RaftServerConfigKeys (ConfUtils.java:logGet(43)) - raft.server.log.queue.element-limit = 1024 (custom)
2019-09-05 17:45:06,110 [pool-126-thread-1] INFO  server.RaftServerConfigKeys (ConfUtils.java:logGet(43)) - raft.server.log.segment.size.max = 1048576 (custom)
2019-09-05 17:45:06,110 [pool-126-thread-1] INFO  server.RaftServerConfigKeys (ConfUtils.java:logGet(43)) - raft.server.log.preallocated.size = 16384 (custom)
2019-09-05 17:45:06,110 [pool-126-thread-1] INFO  server.RaftServerConfigKeys (ConfUtils.java:logGet(43)) - raft.server.log.write.buffer.size = 33554432 (custom)
2019-09-05 17:45:06,111 [pool-126-thread-1] INFO  server.RaftServerConfigKeys (ConfUtils.java:logGet(43)) - raft.server.log.force.sync.num = 128 (default)
2019-09-05 17:45:06,111 [pool-126-thread-1] INFO  server.RaftServerConfigKeys (ConfUtils.java:logGet(43)) - raft.server.log.statemachine.data.sync = true (default)
2019-09-05 17:45:06,111 [pool-126-thread-1] INFO  server.RaftServerConfigKeys (ConfUtils.java:logGet(43)) - raft.server.log.statemachine.data.sync.timeout = 10s (default)
2019-09-05 17:45:06,111 [pool-126-thread-1] INFO  server.RaftServerConfigKeys (ConfUtils.java:logGet(43)) - raft.server.log.statemachine.data.sync.timeout.retry = -1 (default)
2019-09-05 17:45:06,112 [pool-126-thread-1] INFO  server.RaftServerConfigKeys (ConfUtils.java:logGet(43)) - raft.server.log.statemachine.data.caching.enabled = true (custom)
2019-09-05 17:45:06,112 [pool-126-thread-1] INFO  segmented.SegmentedRaftLogWorker (SegmentedRaftLogWorker.java:lambda$new$0(132)) - 19029b43-bdce-43ef-8284-637faf53ed87-SegmentedRaftLogWorker:Storage Directory /workdir/hadoop-ozone/integration-test/target/test-dir/MiniOzoneClusterImpl-329502e2-e6cd-45ba-986e-04556b25a2a9/datanode-1/data/ratis/1ba31d20-cb0b-4cc5-a966-b55c8c6a1feb: flushIndex: setUnconditionally 0 -> -1
2019-09-05 17:45:06,113 [pool-126-thread-1] INFO  server.RaftServerConfigKeys (ConfUtils.java:logGet(43)) - raft.server.snapshot.auto.trigger.enabled = true (custom)
2019-09-05 17:45:06,113 [pool-126-thread-1] INFO  server.RaftServerConfigKeys (ConfUtils.java:logGet(43)) - raft.server.snapshot.auto.trigger.threshold = 10000 (custom)
2019-09-05 17:45:06,113 [pool-126-thread-1] INFO  server.RaftServerConfigKeys (ConfUtils.java:logGet(43)) - raft.server.retrycache.expirytime = 600000ms (custom)
2019-09-05 17:45:06,113 [pool-126-thread-1] INFO  impl.RaftServerImpl (RaftServerImpl.java:start(180)) - 19029b43-bdce-43ef-8284-637faf53ed87: start group-B55C8C6A1FEB
2019-09-05 17:45:06,113 [pool-126-thread-1] INFO  impl.RaftServerImpl (RaftServerImpl.java:setRole(171)) - 19029b43-bdce-43ef-8284-637faf53ed87:group-B55C8C6A1FEB changes role from null to FOLLOWER at term 0 for startAsFollower
2019-09-05 17:45:06,114 [pool-126-thread-1] INFO  impl.RoleInfo (RoleInfo.java:updateAndGet(143)) - 19029b43-bdce-43ef-8284-637faf53ed87: start FollowerState
2019-09-05 17:45:06,114 [pool-126-thread-1] INFO  util.JmxRegister (JmxRegister.java:tryRegister(44)) - Successfully registered JMX Bean with object name Ratis:service=RaftServer,group=group-B55C8C6A1FEB,id=19029b43-bdce-43ef-8284-637faf53ed87
2019-09-05 17:45:06,123 [RatisPipelineUtilsThread] INFO  pipeline.PipelineStateManager (PipelineStateManager.java:addPipeline(56)) - Created pipeline Pipeline[ Id: 1ba31d20-cb0b-4cc5-a966-b55c8c6a1feb, Nodes: 19029b43-bdce-43ef-8284-637faf53ed87{ip: 192.168.69.120, host: pr-hdds-2007-scw2c-2724463716, networkLocation: /default-rack, certSerialId: null}, Type:RATIS, Factor:ONE, State:OPEN]
2019-09-05 17:45:06,151 [grpc-default-executor-3] INFO  impl.RaftServerProxy (RaftServerProxy.java:addNew(89)) - b89e1062-1dd5-4f67-aefc-0a9ace8ccdc1: addNew group-388F3F3A18C1:[b89e1062-1dd5-4f67-aefc-0a9ace8ccdc1:192.168.69.120:41499, 43c9d192-0b2b-4d49-b612-c9bce3341d53:192.168.69.120:40210, 8289af37-400f-43f1-9029-8d41a6c3e7e8:192.168.69.120:36098] returns group-388F3F3A18C1:java.util.concurrent.CompletableFuture@43b2854e[Not completed]
2019-09-05 17:45:06,152 [grpc-default-executor-0] INFO  impl.RaftServerProxy (RaftServerProxy.java:addNew(89)) - 43c9d192-0b2b-4d49-b612-c9bce3341d53: addNew group-388F3F3A18C1:[b89e1062-1dd5-4f67-aefc-0a9ace8ccdc1:192.168.69.120:41499, 43c9d192-0b2b-4d49-b612-c9bce3341d53:192.168.69.120:40210, 8289af37-400f-43f1-9029-8d41a6c3e7e8:192.168.69.120:36098] returns group-388F3F3A18C1:java.util.concurrent.CompletableFuture@64f24c3e[Not completed]
2019-09-05 17:45:06,151 [grpc-default-executor-4] INFO  impl.RaftServerProxy (RaftServerProxy.java:addNew(89)) - 8289af37-400f-43f1-9029-8d41a6c3e7e8: addNew group-388F3F3A18C1:[b89e1062-1dd5-4f67-aefc-0a9ace8ccdc1:192.168.69.120:41499, 43c9d192-0b2b-4d49-b612-c9bce3341d53:192.168.69.120:40210, 8289af37-400f-43f1-9029-8d41a6c3e7e8:192.168.69.120:36098] returns group-388F3F3A18C1:java.util.concurrent.CompletableFuture@1d4be11c[Not completed]
2019-09-05 17:45:06,153 [pool-136-thread-1] INFO  impl.RaftServerImpl (RaftServerImpl.java:<init>(93)) - b89e1062-1dd5-4f67-aefc-0a9ace8ccdc1: new RaftServerImpl for group-388F3F3A18C1:[b89e1062-1dd5-4f67-aefc-0a9ace8ccdc1:192.168.69.120:41499, 43c9d192-0b2b-4d49-b612-c9bce3341d53:192.168.69.120:40210, 8289af37-400f-43f1-9029-8d41a6c3e7e8:192.168.69.120:36098] with ContainerStateMachine:uninitialized
2019-09-05 17:45:06,153 [pool-136-thread-1] INFO  server.RaftServerConfigKeys (ConfUtils.java:logGet(43)) - raft.server.rpc.timeout.min = 5s (custom)
2019-09-05 17:45:06,153 [pool-136-thread-1] INFO  server.RaftServerConfigKeys (ConfUtils.java:logGet(43)) - raft.server.rpc.timeout.max = 5200ms (custom)
2019-09-05 17:45:06,154 [pool-136-thread-1] INFO  server.RaftServerConfigKeys (ConfUtils.java:logGet(43)) - raft.server.rpcslowness.timeout = 120s (custom)
2019-09-05 17:45:06,154 [pool-136-thread-1] INFO  server.RaftServerConfigKeys (ConfUtils.java:logGet(43)) - raft.server.sleep.deviation.threshold = 300 (default)
2019-09-05 17:45:06,154 [pool-136-thread-1] INFO  server.RaftServerConfigKeys (ConfUtils.java:logGet(43)) - raft.server.log.appender.install.snapshot.enabled = false (custom)
2019-09-05 17:45:06,154 [pool-136-thread-1] INFO  impl.RaftServerImpl (ServerState.java:<init>(105)) - b89e1062-1dd5-4f67-aefc-0a9ace8ccdc1:group-388F3F3A18C1 ConfigurationManager, init=-1: [b89e1062-1dd5-4f67-aefc-0a9ace8ccdc1:192.168.69.120:41499, 43c9d192-0b2b-4d49-b612-c9bce3341d53:192.168.69.120:40210, 8289af37-400f-43f1-9029-8d41a6c3e7e8:192.168.69.120:36098], old=null, confs=<EMPTY_MAP>
2019-09-05 17:45:06,154 [pool-136-thread-1] INFO  server.RaftServerConfigKeys (ConfUtils.java:logGet(43)) - raft.server.storage.dir = [/workdir/hadoop-ozone/integration-test/target/test-dir/MiniOzoneClusterImpl-329502e2-e6cd-45ba-986e-04556b25a2a9/datanode-2/data/ratis] (custom)
2019-09-05 17:45:06,154 [pool-176-thread-1] INFO  impl.RaftServerImpl (RaftServerImpl.java:<init>(93)) - 8289af37-400f-43f1-9029-8d41a6c3e7e8: new RaftServerImpl for group-388F3F3A18C1:[b89e1062-1dd5-4f67-aefc-0a9ace8ccdc1:192.168.69.120:41499, 43c9d192-0b2b-4d49-b612-c9bce3341d53:192.168.69.120:40210, 8289af37-400f-43f1-9029-8d41a6c3e7e8:192.168.69.120:36098] with ContainerStateMachine:uninitialized
2019-09-05 17:45:06,155 [pool-176-thread-1] INFO  server.RaftServerConfigKeys (ConfUtils.java:logGet(43)) - raft.server.rpc.timeout.min = 5s (custom)
2019-09-05 17:45:06,155 [pool-136-thread-1] INFO  storage.RaftStorageDirectory (RaftStorageDirectory.java:analyzeStorage(246)) - The storage directory /workdir/hadoop-ozone/integration-test/target/test-dir/MiniOzoneClusterImpl-329502e2-e6cd-45ba-986e-04556b25a2a9/datanode-2/data/ratis/e7edb71f-cfe5-48c3-a7c4-388f3f3a18c1 does not exist. Creating ...
2019-09-05 17:45:06,155 [pool-166-thread-1] INFO  impl.RaftServerImpl (RaftServerImpl.java:<init>(93)) - 43c9d192-0b2b-4d49-b612-c9bce3341d53: new RaftServerImpl for group-388F3F3A18C1:[b89e1062-1dd5-4f67-aefc-0a9ace8ccdc1:192.168.69.120:41499, 43c9d192-0b2b-4d49-b612-c9bce3341d53:192.168.69.120:40210, 8289af37-400f-43f1-9029-8d41a6c3e7e8:192.168.69.120:36098] with ContainerStateMachine:uninitialized
2019-09-05 17:45:06,155 [pool-176-thread-1] INFO  server.RaftServerConfigKeys (ConfUtils.java:logGet(43)) - raft.server.rpc.timeout.max = 5200ms (custom)
2019-09-05 17:45:06,155 [pool-166-thread-1] INFO  server.RaftServerConfigKeys (ConfUtils.java:logGet(43)) - raft.server.rpc.timeout.min = 5s (custom)
2019-09-05 17:45:06,155 [pool-176-thread-1] INFO  server.RaftServerConfigKeys (ConfUtils.java:logGet(43)) - raft.server.rpcslowness.timeout = 120s (custom)
2019-09-05 17:45:06,155 [pool-166-thread-1] INFO  server.RaftServerConfigKeys (ConfUtils.java:logGet(43)) - raft.server.rpc.timeout.max = 5200ms (custom)
2019-09-05 17:45:06,155 [pool-176-thread-1] INFO  server.RaftServerConfigKeys (ConfUtils.java:logGet(43)) - raft.server.sleep.deviation.threshold = 300 (default)
2019-09-05 17:45:06,156 [pool-166-thread-1] INFO  server.RaftServerConfigKeys (ConfUtils.java:logGet(43)) - raft.server.rpcslowness.timeout = 120s (custom)
2019-09-05 17:45:06,156 [pool-176-thread-1] INFO  server.RaftServerConfigKeys (ConfUtils.java:logGet(43)) - raft.server.log.appender.install.snapshot.enabled = false (custom)
2019-09-05 17:45:06,156 [pool-166-thread-1] INFO  server.RaftServerConfigKeys (ConfUtils.java:logGet(43)) - raft.server.sleep.deviation.threshold = 300 (default)
2019-09-05 17:45:06,156 [pool-176-thread-1] INFO  impl.RaftServerImpl (ServerState.java:<init>(105)) - 8289af37-400f-43f1-9029-8d41a6c3e7e8:group-388F3F3A18C1 ConfigurationManager, init=-1: [b89e1062-1dd5-4f67-aefc-0a9ace8ccdc1:192.168.69.120:41499, 43c9d192-0b2b-4d49-b612-c9bce3341d53:192.168.69.120:40210, 8289af37-400f-43f1-9029-8d41a6c3e7e8:192.168.69.120:36098], old=null, confs=<EMPTY_MAP>
2019-09-05 17:45:06,156 [pool-166-thread-1] INFO  server.RaftServerConfigKeys (ConfUtils.java:logGet(43)) - raft.server.log.appender.install.snapshot.enabled = false (custom)
2019-09-05 17:45:06,156 [pool-176-thread-1] INFO  server.RaftServerConfigKeys (ConfUtils.java:logGet(43)) - raft.server.storage.dir = [/workdir/hadoop-ozone/integration-test/target/test-dir/MiniOzoneClusterImpl-329502e2-e6cd-45ba-986e-04556b25a2a9/datanode-6/data/ratis] (custom)
2019-09-05 17:45:06,156 [pool-166-thread-1] INFO  impl.RaftServerImpl (ServerState.java:<init>(105)) - 43c9d192-0b2b-4d49-b612-c9bce3341d53:group-388F3F3A18C1 ConfigurationManager, init=-1: [b89e1062-1dd5-4f67-aefc-0a9ace8ccdc1:192.168.69.120:41499, 43c9d192-0b2b-4d49-b612-c9bce3341d53:192.168.69.120:40210, 8289af37-400f-43f1-9029-8d41a6c3e7e8:192.168.69.120:36098], old=null, confs=<EMPTY_MAP>
2019-09-05 17:45:06,157 [pool-166-thread-1] INFO  server.RaftServerConfigKeys (ConfUtils.java:logGet(43)) - raft.server.storage.dir = [/workdir/hadoop-ozone/integration-test/target/test-dir/MiniOzoneClusterImpl-329502e2-e6cd-45ba-986e-04556b25a2a9/datanode-5/data/ratis] (custom)
2019-09-05 17:45:06,157 [pool-176-thread-1] INFO  storage.RaftStorageDirectory (RaftStorageDirectory.java:analyzeStorage(246)) - The storage directory /workdir/hadoop-ozone/integration-test/target/test-dir/MiniOzoneClusterImpl-329502e2-e6cd-45ba-986e-04556b25a2a9/datanode-6/data/ratis/e7edb71f-cfe5-48c3-a7c4-388f3f3a18c1 does not exist. Creating ...
2019-09-05 17:45:06,157 [pool-166-thread-1] INFO  storage.RaftStorageDirectory (RaftStorageDirectory.java:analyzeStorage(246)) - The storage directory /workdir/hadoop-ozone/integration-test/target/test-dir/MiniOzoneClusterImpl-329502e2-e6cd-45ba-986e-04556b25a2a9/datanode-5/data/ratis/e7edb71f-cfe5-48c3-a7c4-388f3f3a18c1 does not exist. Creating ...
2019-09-05 17:45:06,178 [pool-176-thread-1] INFO  storage.RaftStorageDirectory (RaftStorageDirectory.java:tryLock(328)) - Lock on /workdir/hadoop-ozone/integration-test/target/test-dir/MiniOzoneClusterImpl-329502e2-e6cd-45ba-986e-04556b25a2a9/datanode-6/data/ratis/e7edb71f-cfe5-48c3-a7c4-388f3f3a18c1/in_use.lock acquired by nodename 32023@pr-hdds-2007-scw2c-2724463716
2019-09-05 17:45:06,178 [pool-136-thread-1] INFO  storage.RaftStorageDirectory (RaftStorageDirectory.java:tryLock(328)) - Lock on /workdir/hadoop-ozone/integration-test/target/test-dir/MiniOzoneClusterImpl-329502e2-e6cd-45ba-986e-04556b25a2a9/datanode-2/data/ratis/e7edb71f-cfe5-48c3-a7c4-388f3f3a18c1/in_use.lock acquired by nodename 32023@pr-hdds-2007-scw2c-2724463716
2019-09-05 17:45:06,178 [pool-166-thread-1] INFO  storage.RaftStorageDirectory (RaftStorageDirectory.java:tryLock(328)) - Lock on /workdir/hadoop-ozone/integration-test/target/test-dir/MiniOzoneClusterImpl-329502e2-e6cd-45ba-986e-04556b25a2a9/datanode-5/data/ratis/e7edb71f-cfe5-48c3-a7c4-388f3f3a18c1/in_use.lock acquired by nodename 32023@pr-hdds-2007-scw2c-2724463716
2019-09-05 17:45:06,195 [pool-166-thread-1] INFO  storage.RaftStorage (RaftStorage.java:format(72)) - Storage directory /workdir/hadoop-ozone/integration-test/target/test-dir/MiniOzoneClusterImpl-329502e2-e6cd-45ba-986e-04556b25a2a9/datanode-5/data/ratis/e7edb71f-cfe5-48c3-a7c4-388f3f3a18c1 has been successfully formatted.
2019-09-05 17:45:06,195 [pool-136-thread-1] INFO  storage.RaftStorage (RaftStorage.java:format(72)) - Storage directory /workdir/hadoop-ozone/integration-test/target/test-dir/MiniOzoneClusterImpl-329502e2-e6cd-45ba-986e-04556b25a2a9/datanode-2/data/ratis/e7edb71f-cfe5-48c3-a7c4-388f3f3a18c1 has been successfully formatted.
2019-09-05 17:45:06,195 [pool-176-thread-1] INFO  storage.RaftStorage (RaftStorage.java:format(72)) - Storage directory /workdir/hadoop-ozone/integration-test/target/test-dir/MiniOzoneClusterImpl-329502e2-e6cd-45ba-986e-04556b25a2a9/datanode-6/data/ratis/e7edb71f-cfe5-48c3-a7c4-388f3f3a18c1 has been successfully formatted.
2019-09-05 17:45:06,195 [pool-166-thread-1] INFO  ratis.ContainerStateMachine (ContainerStateMachine.java:loadSnapshot(227)) - group-388F3F3A18C1: The snapshot info is null. Setting the last applied indexto:(t:0, i:~)
2019-09-05 17:45:06,195 [pool-136-thread-1] INFO  ratis.ContainerStateMachine (ContainerStateMachine.java:loadSnapshot(227)) - group-388F3F3A18C1: The snapshot info is null. Setting the last applied indexto:(t:0, i:~)
2019-09-05 17:45:06,196 [pool-166-thread-1] INFO  server.RaftServerConfigKeys (ConfUtils.java:logGet(43)) - raft.server.leader.election.timeout = 120s (custom)
2019-09-05 17:45:06,196 [pool-176-thread-1] INFO  ratis.ContainerStateMachine (ContainerStateMachine.java:loadSnapshot(227)) - group-388F3F3A18C1: The snapshot info is null. Setting the last applied indexto:(t:0, i:~)
2019-09-05 17:45:06,196 [pool-166-thread-1] INFO  server.RaftServerConfigKeys (ConfUtils.java:logGet(43)) - raft.server.log.use.memory = false (default)
2019-09-05 17:45:06,196 [pool-136-thread-1] INFO  server.RaftServerConfigKeys (ConfUtils.java:logGet(43)) - raft.server.leader.election.timeout = 120s (custom)
2019-09-05 17:45:06,196 [pool-166-thread-1] INFO  server.RaftServerConfigKeys (ConfUtils.java:logGet(43)) - raft.server.log.purge.gap = 1000000 (custom)
2019-09-05 17:45:06,196 [pool-176-thread-1] INFO  server.RaftServerConfigKeys (ConfUtils.java:logGet(43)) - raft.server.leader.election.timeout = 120s (custom)
2019-09-05 17:45:06,196 [pool-166-thread-1] INFO  server.RaftServerConfigKeys (ConfUtils.java:logGet(43)) - raft.server.log.appender.buffer.byte-limit = 33554432 (custom)
2019-09-05 17:45:06,196 [pool-136-thread-1] INFO  server.RaftServerConfigKeys (ConfUtils.java:logGet(43)) - raft.server.log.use.memory = false (default)
2019-09-05 17:45:06,197 [pool-166-thread-1] INFO  server.RaftServerConfigKeys (ConfUtils.java:logGet(43)) - raft.server.log.segment.size.max = 1048576 (custom)
2019-09-05 17:45:06,197 [pool-176-thread-1] INFO  server.RaftServerConfigKeys (ConfUtils.java:logGet(43)) - raft.server.log.use.memory = false (default)
2019-09-05 17:45:06,197 [pool-166-thread-1] INFO  server.RaftServerConfigKeys (ConfUtils.java:logGet(43)) - raft.server.log.segment.cache.num.max = 2 (custom)
2019-09-05 17:45:06,197 [pool-136-thread-1] INFO  server.RaftServerConfigKeys (ConfUtils.java:logGet(43)) - raft.server.log.purge.gap = 1000000 (custom)
2019-09-05 17:45:06,197 [pool-166-thread-1] INFO  segmented.SegmentedRaftLogWorker (SegmentedRaftLogWorker.java:<init>(172)) - new 43c9d192-0b2b-4d49-b612-c9bce3341d53-SegmentedRaftLogWorker:Storage Directory /workdir/hadoop-ozone/integration-test/target/test-dir/MiniOzoneClusterImpl-329502e2-e6cd-45ba-986e-04556b25a2a9/datanode-5/data/ratis/e7edb71f-cfe5-48c3-a7c4-388f3f3a18c1 for RaftStorage:Storage Directory /workdir/hadoop-ozone/integration-test/target/test-dir/MiniOzoneClusterImpl-329502e2-e6cd-45ba-986e-04556b25a2a9/datanode-5/data/ratis/e7edb71f-cfe5-48c3-a7c4-388f3f3a18c1
2019-09-05 17:45:06,197 [pool-176-thread-1] INFO  server.RaftServerConfigKeys (ConfUtils.java:logGet(43)) - raft.server.log.purge.gap = 1000000 (custom)
2019-09-05 17:45:06,197 [pool-166-thread-1] INFO  server.RaftServerConfigKeys (ConfUtils.java:logGet(43)) - raft.server.log.queue.byte-limit = 2147483647 (custom)
2019-09-05 17:45:06,197 [pool-136-thread-1] INFO  server.RaftServerConfigKeys (ConfUtils.java:logGet(43)) - raft.server.log.appender.buffer.byte-limit = 33554432 (custom)
2019-09-05 17:45:06,198 [pool-166-thread-1] INFO  server.RaftServerConfigKeys (ConfUtils.java:logGet(43)) - raft.server.log.queue.element-limit = 1024 (custom)
2019-09-05 17:45:06,198 [pool-176-thread-1] INFO  server.RaftServerConfigKeys (ConfUtils.java:logGet(43)) - raft.server.log.appender.buffer.byte-limit = 33554432 (custom)
2019-09-05 17:45:06,198 [pool-166-thread-1] INFO  server.RaftServerConfigKeys (ConfUtils.java:logGet(43)) - raft.server.log.segment.size.max = 1048576 (custom)
2019-09-05 17:45:06,198 [pool-136-thread-1] INFO  server.RaftServerConfigKeys (ConfUtils.java:logGet(43)) - raft.server.log.segment.size.max = 1048576 (custom)
2019-09-05 17:45:06,198 [pool-166-thread-1] INFO  server.RaftServerConfigKeys (ConfUtils.java:logGet(43)) - raft.server.log.preallocated.size = 16384 (custom)
2019-09-05 17:45:06,198 [pool-176-thread-1] INFO  server.RaftServerConfigKeys (ConfUtils.java:logGet(43)) - raft.server.log.segment.size.max = 1048576 (custom)
2019-09-05 17:45:06,199 [pool-166-thread-1] INFO  server.RaftServerConfigKeys (ConfUtils.java:logGet(43)) - raft.server.log.write.buffer.size = 33554432 (custom)
2019-09-05 17:45:06,198 [pool-136-thread-1] INFO  server.RaftServerConfigKeys (ConfUtils.java:logGet(43)) - raft.server.log.segment.cache.num.max = 2 (custom)
2019-09-05 17:45:06,199 [pool-166-thread-1] INFO  server.RaftServerConfigKeys (ConfUtils.java:logGet(43)) - raft.server.log.force.sync.num = 128 (default)
2019-09-05 17:45:06,199 [pool-176-thread-1] INFO  server.RaftServerConfigKeys (ConfUtils.java:logGet(43)) - raft.server.log.segment.cache.num.max = 2 (custom)
2019-09-05 17:45:06,199 [pool-166-thread-1] INFO  server.RaftServerConfigKeys (ConfUtils.java:logGet(43)) - raft.server.log.statemachine.data.sync = true (default)
2019-09-05 17:45:06,199 [pool-136-thread-1] INFO  segmented.SegmentedRaftLogWorker (SegmentedRaftLogWorker.java:<init>(172)) - new b89e1062-1dd5-4f67-aefc-0a9ace8ccdc1-SegmentedRaftLogWorker:Storage Directory /workdir/hadoop-ozone/integration-test/target/test-dir/MiniOzoneClusterImpl-329502e2-e6cd-45ba-986e-04556b25a2a9/datanode-2/data/ratis/e7edb71f-cfe5-48c3-a7c4-388f3f3a18c1 for RaftStorage:Storage Directory /workdir/hadoop-ozone/integration-test/target/test-dir/MiniOzoneClusterImpl-329502e2-e6cd-45ba-986e-04556b25a2a9/datanode-2/data/ratis/e7edb71f-cfe5-48c3-a7c4-388f3f3a18c1
2019-09-05 17:45:06,199 [pool-166-thread-1] INFO  server.RaftServerConfigKeys (ConfUtils.java:logGet(43)) - raft.server.log.statemachine.data.sync.timeout = 10s (default)
2019-09-05 17:45:06,199 [pool-176-thread-1] INFO  segmented.SegmentedRaftLogWorker (SegmentedRaftLogWorker.java:<init>(172)) - new 8289af37-400f-43f1-9029-8d41a6c3e7e8-SegmentedRaftLogWorker:Storage Directory /workdir/hadoop-ozone/integration-test/target/test-dir/MiniOzoneClusterImpl-329502e2-e6cd-45ba-986e-04556b25a2a9/datanode-6/data/ratis/e7edb71f-cfe5-48c3-a7c4-388f3f3a18c1 for RaftStorage:Storage Directory /workdir/hadoop-ozone/integration-test/target/test-dir/MiniOzoneClusterImpl-329502e2-e6cd-45ba-986e-04556b25a2a9/datanode-6/data/ratis/e7edb71f-cfe5-48c3-a7c4-388f3f3a18c1
2019-09-05 17:45:06,200 [pool-166-thread-1] INFO  server.RaftServerConfigKeys (ConfUtils.java:logGet(43)) - raft.server.log.statemachine.data.sync.timeout.retry = -1 (default)
2019-09-05 17:45:06,200 [pool-136-thread-1] INFO  server.RaftServerConfigKeys (ConfUtils.java:logGet(43)) - raft.server.log.queue.byte-limit = 2147483647 (custom)
2019-09-05 17:45:06,200 [pool-166-thread-1] INFO  server.RaftServerConfigKeys (ConfUtils.java:logGet(43)) - raft.server.log.statemachine.data.caching.enabled = true (custom)
2019-09-05 17:45:06,200 [pool-176-thread-1] INFO  server.RaftServerConfigKeys (ConfUtils.java:logGet(43)) - raft.server.log.queue.byte-limit = 2147483647 (custom)
2019-09-05 17:45:06,200 [pool-136-thread-1] INFO  server.RaftServerConfigKeys (ConfUtils.java:logGet(43)) - raft.server.log.queue.element-limit = 1024 (custom)
2019-09-05 17:45:06,200 [pool-166-thread-1] INFO  segmented.SegmentedRaftLogWorker (SegmentedRaftLogWorker.java:lambda$new$0(132)) - 43c9d192-0b2b-4d49-b612-c9bce3341d53-SegmentedRaftLogWorker:Storage Directory /workdir/hadoop-ozone/integration-test/target/test-dir/MiniOzoneClusterImpl-329502e2-e6cd-45ba-986e-04556b25a2a9/datanode-5/data/ratis/e7edb71f-cfe5-48c3-a7c4-388f3f3a18c1: flushIndex: setUnconditionally 0 -> -1
2019-09-05 17:45:06,200 [pool-176-thread-1] INFO  server.RaftServerConfigKeys (ConfUtils.java:logGet(43)) - raft.server.log.queue.element-limit = 1024 (custom)
2019-09-05 17:45:06,201 [pool-136-thread-1] INFO  server.RaftServerConfigKeys (ConfUtils.java:logGet(43)) - raft.server.log.segment.size.max = 1048576 (custom)
2019-09-05 17:45:06,201 [pool-166-thread-1] INFO  server.RaftServerConfigKeys (ConfUtils.java:logGet(43)) - raft.server.snapshot.auto.trigger.enabled = true (custom)
2019-09-05 17:45:06,201 [pool-176-thread-1] INFO  server.RaftServerConfigKeys (ConfUtils.java:logGet(43)) - raft.server.log.segment.size.max = 1048576 (custom)
2019-09-05 17:45:06,201 [pool-166-thread-1] INFO  server.RaftServerConfigKeys (ConfUtils.java:logGet(43)) - raft.server.snapshot.auto.trigger.threshold = 10000 (custom)
2019-09-05 17:45:06,201 [pool-136-thread-1] INFO  server.RaftServerConfigKeys (ConfUtils.java:logGet(43)) - raft.server.log.preallocated.size = 16384 (custom)
2019-09-05 17:45:06,201 [pool-166-thread-1] INFO  server.RaftServerConfigKeys (ConfUtils.java:logGet(43)) - raft.server.retrycache.expirytime = 600000ms (custom)
2019-09-05 17:45:06,201 [pool-176-thread-1] INFO  server.RaftServerConfigKeys (ConfUtils.java:logGet(43)) - raft.server.log.preallocated.size = 16384 (custom)
2019-09-05 17:45:06,202 [pool-166-thread-1] INFO  impl.RaftServerImpl (RaftServerImpl.java:start(180)) - 43c9d192-0b2b-4d49-b612-c9bce3341d53: start group-388F3F3A18C1
2019-09-05 17:45:06,202 [pool-176-thread-1] INFO  server.RaftServerConfigKeys (ConfUtils.java:logGet(43)) - raft.server.log.write.buffer.size = 33554432 (custom)
2019-09-05 17:45:06,201 [pool-136-thread-1] INFO  server.RaftServerConfigKeys (ConfUtils.java:logGet(43)) - raft.server.log.write.buffer.size = 33554432 (custom)
2019-09-05 17:45:06,202 [pool-176-thread-1] INFO  server.RaftServerConfigKeys (ConfUtils.java:logGet(43)) - raft.server.log.force.sync.num = 128 (default)
2019-09-05 17:45:06,202 [pool-166-thread-1] INFO  impl.RaftServerImpl (RaftServerImpl.java:setRole(171)) - 43c9d192-0b2b-4d49-b612-c9bce3341d53:group-388F3F3A18C1 changes role from null to FOLLOWER at term 0 for startAsFollower
2019-09-05 17:45:06,202 [pool-176-thread-1] INFO  server.RaftServerConfigKeys (ConfUtils.java:logGet(43)) - raft.server.log.statemachine.data.sync = true (default)
2019-09-05 17:45:06,202 [pool-136-thread-1] INFO  server.RaftServerConfigKeys (ConfUtils.java:logGet(43)) - raft.server.log.force.sync.num = 128 (default)
2019-09-05 17:45:06,202 [pool-176-thread-1] INFO  server.RaftServerConfigKeys (ConfUtils.java:logGet(43)) - raft.server.log.statemachine.data.sync.timeout = 10s (default)
2019-09-05 17:45:06,202 [pool-166-thread-1] INFO  impl.RoleInfo (RoleInfo.java:updateAndGet(143)) - 43c9d192-0b2b-4d49-b612-c9bce3341d53: start FollowerState
2019-09-05 17:45:06,203 [pool-176-thread-1] INFO  server.RaftServerConfigKeys (ConfUtils.java:logGet(43)) - raft.server.log.statemachine.data.sync.timeout.retry = -1 (default)
2019-09-05 17:45:06,203 [pool-136-thread-1] INFO  server.RaftServerConfigKeys (ConfUtils.java:logGet(43)) - raft.server.log.statemachine.data.sync = true (default)
2019-09-05 17:45:06,203 [pool-176-thread-1] INFO  server.RaftServerConfigKeys (ConfUtils.java:logGet(43)) - raft.server.log.statemachine.data.caching.enabled = true (custom)
2019-09-05 17:45:06,203 [pool-166-thread-1] INFO  util.JmxRegister (JmxRegister.java:tryRegister(44)) - Successfully registered JMX Bean with object name Ratis:service=RaftServer,group=group-388F3F3A18C1,id=43c9d192-0b2b-4d49-b612-c9bce3341d53
2019-09-05 17:45:06,203 [pool-136-thread-1] INFO  server.RaftServerConfigKeys (ConfUtils.java:logGet(43)) - raft.server.log.statemachine.data.sync.timeout = 10s (default)
2019-09-05 17:45:06,203 [pool-176-thread-1] INFO  segmented.SegmentedRaftLogWorker (SegmentedRaftLogWorker.java:lambda$new$0(132)) - 8289af37-400f-43f1-9029-8d41a6c3e7e8-SegmentedRaftLogWorker:Storage Directory /workdir/hadoop-ozone/integration-test/target/test-dir/MiniOzoneClusterImpl-329502e2-e6cd-45ba-986e-04556b25a2a9/datanode-6/data/ratis/e7edb71f-cfe5-48c3-a7c4-388f3f3a18c1: flushIndex: setUnconditionally 0 -> -1
2019-09-05 17:45:06,204 [pool-136-thread-1] INFO  server.RaftServerConfigKeys (ConfUtils.java:logGet(43)) - raft.server.log.statemachine.data.sync.timeout.retry = -1 (default)
2019-09-05 17:45:06,204 [pool-136-thread-1] INFO  server.RaftServerConfigKeys (ConfUtils.java:logGet(43)) - raft.server.log.statemachine.data.caching.enabled = true (custom)
2019-09-05 17:45:06,204 [pool-176-thread-1] INFO  server.RaftServerConfigKeys (ConfUtils.java:logGet(43)) - raft.server.snapshot.auto.trigger.enabled = true (custom)
2019-09-05 17:45:06,204 [pool-176-thread-1] INFO  server.RaftServerConfigKeys (ConfUtils.java:logGet(43)) - raft.server.snapshot.auto.trigger.threshold = 10000 (custom)
2019-09-05 17:45:06,204 [pool-136-thread-1] INFO  segmented.SegmentedRaftLogWorker (SegmentedRaftLogWorker.java:lambda$new$0(132)) - b89e1062-1dd5-4f67-aefc-0a9ace8ccdc1-SegmentedRaftLogWorker:Storage Directory /workdir/hadoop-ozone/integration-test/target/test-dir/MiniOzoneClusterImpl-329502e2-e6cd-45ba-986e-04556b25a2a9/datanode-2/data/ratis/e7edb71f-cfe5-48c3-a7c4-388f3f3a18c1: flushIndex: setUnconditionally 0 -> -1
2019-09-05 17:45:06,204 [pool-176-thread-1] INFO  server.RaftServerConfigKeys (ConfUtils.java:logGet(43)) - raft.server.retrycache.expirytime = 600000ms (custom)
2019-09-05 17:45:06,205 [pool-136-thread-1] INFO  server.RaftServerConfigKeys (ConfUtils.java:logGet(43)) - raft.server.snapshot.auto.trigger.enabled = true (custom)
2019-09-05 17:45:06,211 [pool-176-thread-1] INFO  impl.RaftServerImpl (RaftServerImpl.java:start(180)) - 8289af37-400f-43f1-9029-8d41a6c3e7e8: start group-388F3F3A18C1
2019-09-05 17:45:06,211 [pool-136-thread-1] INFO  server.RaftServerConfigKeys (ConfUtils.java:logGet(43)) - raft.server.snapshot.auto.trigger.threshold = 10000 (custom)
2019-09-05 17:45:06,211 [pool-176-thread-1] INFO  impl.RaftServerImpl (RaftServerImpl.java:setRole(171)) - 8289af37-400f-43f1-9029-8d41a6c3e7e8:group-388F3F3A18C1 changes role from null to FOLLOWER at term 0 for startAsFollower
2019-09-05 17:45:06,212 [pool-136-thread-1] INFO  server.RaftServerConfigKeys (ConfUtils.java:logGet(43)) - raft.server.retrycache.expirytime = 600000ms (custom)
2019-09-05 17:45:06,212 [pool-176-thread-1] INFO  impl.RoleInfo (RoleInfo.java:updateAndGet(143)) - 8289af37-400f-43f1-9029-8d41a6c3e7e8: start FollowerState
2019-09-05 17:45:06,212 [pool-136-thread-1] INFO  impl.RaftServerImpl (RaftServerImpl.java:start(180)) - b89e1062-1dd5-4f67-aefc-0a9ace8ccdc1: start group-388F3F3A18C1
2019-09-05 17:45:06,212 [pool-136-thread-1] INFO  impl.RaftServerImpl (RaftServerImpl.java:setRole(171)) - b89e1062-1dd5-4f67-aefc-0a9ace8ccdc1:group-388F3F3A18C1 changes role from null to FOLLOWER at term 0 for startAsFollower
2019-09-05 17:45:06,212 [pool-136-thread-1] INFO  impl.RoleInfo (RoleInfo.java:updateAndGet(143)) - b89e1062-1dd5-4f67-aefc-0a9ace8ccdc1: start FollowerState
2019-09-05 17:45:06,212 [pool-176-thread-1] INFO  util.JmxRegister (JmxRegister.java:tryRegister(44)) - Successfully registered JMX Bean with object name Ratis:service=RaftServer,group=group-388F3F3A18C1,id=8289af37-400f-43f1-9029-8d41a6c3e7e8
2019-09-05 17:45:06,229 [pool-136-thread-1] INFO  util.JmxRegister (JmxRegister.java:tryRegister(44)) - Successfully registered JMX Bean with object name Ratis:service=RaftServer,group=group-388F3F3A18C1,id=b89e1062-1dd5-4f67-aefc-0a9ace8ccdc1
2019-09-05 17:45:06,255 [RatisPipelineUtilsThread] INFO  pipeline.PipelineStateManager (PipelineStateManager.java:addPipeline(56)) - Created pipeline Pipeline[ Id: e7edb71f-cfe5-48c3-a7c4-388f3f3a18c1, Nodes: 43c9d192-0b2b-4d49-b612-c9bce3341d53{ip: 192.168.69.120, host: pr-hdds-2007-scw2c-2724463716, networkLocation: /default-rack, certSerialId: null}8289af37-400f-43f1-9029-8d41a6c3e7e8{ip: 192.168.69.120, host: pr-hdds-2007-scw2c-2724463716, networkLocation: /default-rack, certSerialId: null}b89e1062-1dd5-4f67-aefc-0a9ace8ccdc1{ip: 192.168.69.120, host: pr-hdds-2007-scw2c-2724463716, networkLocation: /default-rack, certSerialId: null}, Type:RATIS, Factor:THREE, State:OPEN]
2019-09-05 17:45:06,280 [grpc-default-executor-4] INFO  impl.RaftServerProxy (RaftServerProxy.java:addNew(89)) - 74b010d1-2c48-484e-a8d6-dd48a46a9f09: addNew group-15FAE68E83E9:[154c3b90-cc4f-4766-ab8b-2d86655077c2:192.168.69.120:33526, ace24089-7f3f-4aaf-a97a-16eb738b0bb6:192.168.69.120:42130, 74b010d1-2c48-484e-a8d6-dd48a46a9f09:192.168.69.120:42326] returns group-15FAE68E83E9:java.util.concurrent.CompletableFuture@4160e480[Not completed]
2019-09-05 17:45:06,280 [grpc-default-executor-0] INFO  impl.RaftServerProxy (RaftServerProxy.java:addNew(89)) - 154c3b90-cc4f-4766-ab8b-2d86655077c2: addNew group-15FAE68E83E9:[154c3b90-cc4f-4766-ab8b-2d86655077c2:192.168.69.120:33526, ace24089-7f3f-4aaf-a97a-16eb738b0bb6:192.168.69.120:42130, 74b010d1-2c48-484e-a8d6-dd48a46a9f09:192.168.69.120:42326] returns group-15FAE68E83E9:java.util.concurrent.CompletableFuture@15898a2d[Not completed]
2019-09-05 17:45:06,280 [grpc-default-executor-3] INFO  impl.RaftServerProxy (RaftServerProxy.java:addNew(89)) - ace24089-7f3f-4aaf-a97a-16eb738b0bb6: addNew group-15FAE68E83E9:[154c3b90-cc4f-4766-ab8b-2d86655077c2:192.168.69.120:33526, ace24089-7f3f-4aaf-a97a-16eb738b0bb6:192.168.69.120:42130, 74b010d1-2c48-484e-a8d6-dd48a46a9f09:192.168.69.120:42326] returns group-15FAE68E83E9:java.util.concurrent.CompletableFuture@8e9db86[Not completed]
2019-09-05 17:45:06,282 [pool-156-thread-1] INFO  impl.RaftServerImpl (RaftServerImpl.java:<init>(93)) - 74b010d1-2c48-484e-a8d6-dd48a46a9f09: new RaftServerImpl for group-15FAE68E83E9:[154c3b90-cc4f-4766-ab8b-2d86655077c2:192.168.69.120:33526, ace24089-7f3f-4aaf-a97a-16eb738b0bb6:192.168.69.120:42130, 74b010d1-2c48-484e-a8d6-dd48a46a9f09:192.168.69.120:42326] with ContainerStateMachine:uninitialized
2019-09-05 17:45:06,282 [pool-156-thread-1] INFO  server.RaftServerConfigKeys (ConfUtils.java:logGet(43)) - raft.server.rpc.timeout.min = 5s (custom)
2019-09-05 17:45:06,283 [pool-156-thread-1] INFO  server.RaftServerConfigKeys (ConfUtils.java:logGet(43)) - raft.server.rpc.timeout.max = 5200ms (custom)
2019-09-05 17:45:06,283 [pool-156-thread-1] INFO  server.RaftServerConfigKeys (ConfUtils.java:logGet(43)) - raft.server.rpcslowness.timeout = 120s (custom)
2019-09-05 17:45:06,283 [pool-116-thread-1] INFO  impl.RaftServerImpl (RaftServerImpl.java:<init>(93)) - ace24089-7f3f-4aaf-a97a-16eb738b0bb6: new RaftServerImpl for group-15FAE68E83E9:[154c3b90-cc4f-4766-ab8b-2d86655077c2:192.168.69.120:33526, ace24089-7f3f-4aaf-a97a-16eb738b0bb6:192.168.69.120:42130, 74b010d1-2c48-484e-a8d6-dd48a46a9f09:192.168.69.120:42326] with ContainerStateMachine:uninitialized
2019-09-05 17:45:06,283 [pool-156-thread-1] INFO  server.RaftServerConfigKeys (ConfUtils.java:logGet(43)) - raft.server.sleep.deviation.threshold = 300 (default)
2019-09-05 17:45:06,283 [pool-116-thread-1] INFO  server.RaftServerConfigKeys (ConfUtils.java:logGet(43)) - raft.server.rpc.timeout.min = 5s (custom)
2019-09-05 17:45:06,283 [pool-156-thread-1] INFO  server.RaftServerConfigKeys (ConfUtils.java:logGet(43)) - raft.server.log.appender.install.snapshot.enabled = false (custom)
2019-09-05 17:45:06,283 [pool-116-thread-1] INFO  server.RaftServerConfigKeys (ConfUtils.java:logGet(43)) - raft.server.rpc.timeout.max = 5200ms (custom)
2019-09-05 17:45:06,284 [pool-156-thread-1] INFO  impl.RaftServerImpl (ServerState.java:<init>(105)) - 74b010d1-2c48-484e-a8d6-dd48a46a9f09:group-15FAE68E83E9 ConfigurationManager, init=-1: [154c3b90-cc4f-4766-ab8b-2d86655077c2:192.168.69.120:33526, ace24089-7f3f-4aaf-a97a-16eb738b0bb6:192.168.69.120:42130, 74b010d1-2c48-484e-a8d6-dd48a46a9f09:192.168.69.120:42326], old=null, confs=<EMPTY_MAP>
2019-09-05 17:45:06,284 [pool-116-thread-1] INFO  server.RaftServerConfigKeys (ConfUtils.java:logGet(43)) - raft.server.rpcslowness.timeout = 120s (custom)
2019-09-05 17:45:06,284 [pool-116-thread-1] INFO  server.RaftServerConfigKeys (ConfUtils.java:logGet(43)) - raft.server.sleep.deviation.threshold = 300 (default)
2019-09-05 17:45:06,284 [pool-156-thread-1] INFO  server.RaftServerConfigKeys (ConfUtils.java:logGet(43)) - raft.server.storage.dir = [/workdir/hadoop-ozone/integration-test/target/test-dir/MiniOzoneClusterImpl-329502e2-e6cd-45ba-986e-04556b25a2a9/datanode-4/data/ratis] (custom)
2019-09-05 17:45:06,284 [pool-116-thread-1] INFO  server.RaftServerConfigKeys (ConfUtils.java:logGet(43)) - raft.server.log.appender.install.snapshot.enabled = false (custom)
2019-09-05 17:45:06,284 [pool-146-thread-1] INFO  impl.RaftServerImpl (RaftServerImpl.java:<init>(93)) - 154c3b90-cc4f-4766-ab8b-2d86655077c2: new RaftServerImpl for group-15FAE68E83E9:[154c3b90-cc4f-4766-ab8b-2d86655077c2:192.168.69.120:33526, ace24089-7f3f-4aaf-a97a-16eb738b0bb6:192.168.69.120:42130, 74b010d1-2c48-484e-a8d6-dd48a46a9f09:192.168.69.120:42326] with ContainerStateMachine:uninitialized
2019-09-05 17:45:06,284 [pool-116-thread-1] INFO  impl.RaftServerImpl (ServerState.java:<init>(105)) - ace24089-7f3f-4aaf-a97a-16eb738b0bb6:group-15FAE68E83E9 ConfigurationManager, init=-1: [154c3b90-cc4f-4766-ab8b-2d86655077c2:192.168.69.120:33526, ace24089-7f3f-4aaf-a97a-16eb738b0bb6:192.168.69.120:42130, 74b010d1-2c48-484e-a8d6-dd48a46a9f09:192.168.69.120:42326], old=null, confs=<EMPTY_MAP>
2019-09-05 17:45:06,285 [pool-156-thread-1] INFO  storage.RaftStorageDirectory (RaftStorageDirectory.java:analyzeStorage(246)) - The storage directory /workdir/hadoop-ozone/integration-test/target/test-dir/MiniOzoneClusterImpl-329502e2-e6cd-45ba-986e-04556b25a2a9/datanode-4/data/ratis/92f9c8f0-b950-42b5-b583-15fae68e83e9 does not exist. Creating ...
2019-09-05 17:45:06,285 [pool-146-thread-1] INFO  server.RaftServerConfigKeys (ConfUtils.java:logGet(43)) - raft.server.rpc.timeout.min = 5s (custom)
2019-09-05 17:45:06,285 [pool-116-thread-1] INFO  server.RaftServerConfigKeys (ConfUtils.java:logGet(43)) - raft.server.storage.dir = [/workdir/hadoop-ozone/integration-test/target/test-dir/MiniOzoneClusterImpl-329502e2-e6cd-45ba-986e-04556b25a2a9/datanode-0/data/ratis] (custom)
2019-09-05 17:45:06,285 [pool-146-thread-1] INFO  server.RaftServerConfigKeys (ConfUtils.java:logGet(43)) - raft.server.rpc.timeout.max = 5200ms (custom)
2019-09-05 17:45:06,285 [pool-146-thread-1] INFO  server.RaftServerConfigKeys (ConfUtils.java:logGet(43)) - raft.server.rpcslowness.timeout = 120s (custom)
2019-09-05 17:45:06,285 [pool-116-thread-1] INFO  storage.RaftStorageDirectory (RaftStorageDirectory.java:analyzeStorage(246)) - The storage directory /workdir/hadoop-ozone/integration-test/target/test-dir/MiniOzoneClusterImpl-329502e2-e6cd-45ba-986e-04556b25a2a9/datanode-0/data/ratis/92f9c8f0-b950-42b5-b583-15fae68e83e9 does not exist. Creating ...
2019-09-05 17:45:06,285 [pool-146-thread-1] INFO  server.RaftServerConfigKeys (ConfUtils.java:logGet(43)) - raft.server.sleep.deviation.threshold = 300 (default)
2019-09-05 17:45:06,286 [pool-146-thread-1] INFO  server.RaftServerConfigKeys (ConfUtils.java:logGet(43)) - raft.server.log.appender.install.snapshot.enabled = false (custom)
2019-09-05 17:45:06,286 [pool-146-thread-1] INFO  impl.RaftServerImpl (ServerState.java:<init>(105)) - 154c3b90-cc4f-4766-ab8b-2d86655077c2:group-15FAE68E83E9 ConfigurationManager, init=-1: [154c3b90-cc4f-4766-ab8b-2d86655077c2:192.168.69.120:33526, ace24089-7f3f-4aaf-a97a-16eb738b0bb6:192.168.69.120:42130, 74b010d1-2c48-484e-a8d6-dd48a46a9f09:192.168.69.120:42326], old=null, confs=<EMPTY_MAP>
2019-09-05 17:45:06,286 [pool-146-thread-1] INFO  server.RaftServerConfigKeys (ConfUtils.java:logGet(43)) - raft.server.storage.dir = [/workdir/hadoop-ozone/integration-test/target/test-dir/MiniOzoneClusterImpl-329502e2-e6cd-45ba-986e-04556b25a2a9/datanode-3/data/ratis] (custom)
2019-09-05 17:45:06,286 [pool-146-thread-1] INFO  storage.RaftStorageDirectory (RaftStorageDirectory.java:analyzeStorage(246)) - The storage directory /workdir/hadoop-ozone/integration-test/target/test-dir/MiniOzoneClusterImpl-329502e2-e6cd-45ba-986e-04556b25a2a9/datanode-3/data/ratis/92f9c8f0-b950-42b5-b583-15fae68e83e9 does not exist. Creating ...
2019-09-05 17:45:06,444 [pool-156-thread-1] INFO  storage.RaftStorageDirectory (RaftStorageDirectory.java:tryLock(328)) - Lock on /workdir/hadoop-ozone/integration-test/target/test-dir/MiniOzoneClusterImpl-329502e2-e6cd-45ba-986e-04556b25a2a9/datanode-4/data/ratis/92f9c8f0-b950-42b5-b583-15fae68e83e9/in_use.lock acquired by nodename 32023@pr-hdds-2007-scw2c-2724463716
2019-09-05 17:45:06,444 [pool-116-thread-1] INFO  storage.RaftStorageDirectory (RaftStorageDirectory.java:tryLock(328)) - Lock on /workdir/hadoop-ozone/integration-test/target/test-dir/MiniOzoneClusterImpl-329502e2-e6cd-45ba-986e-04556b25a2a9/datanode-0/data/ratis/92f9c8f0-b950-42b5-b583-15fae68e83e9/in_use.lock acquired by nodename 32023@pr-hdds-2007-scw2c-2724463716
2019-09-05 17:45:06,444 [pool-146-thread-1] INFO  storage.RaftStorageDirectory (RaftStorageDirectory.java:tryLock(328)) - Lock on /workdir/hadoop-ozone/integration-test/target/test-dir/MiniOzoneClusterImpl-329502e2-e6cd-45ba-986e-04556b25a2a9/datanode-3/data/ratis/92f9c8f0-b950-42b5-b583-15fae68e83e9/in_use.lock acquired by nodename 32023@pr-hdds-2007-scw2c-2724463716
2019-09-05 17:45:07,199 [pool-116-thread-1] INFO  storage.RaftStorage (RaftStorage.java:format(72)) - Storage directory /workdir/hadoop-ozone/integration-test/target/test-dir/MiniOzoneClusterImpl-329502e2-e6cd-45ba-986e-04556b25a2a9/datanode-0/data/ratis/92f9c8f0-b950-42b5-b583-15fae68e83e9 has been successfully formatted.
2019-09-05 17:45:07,199 [pool-156-thread-1] INFO  storage.RaftStorage (RaftStorage.java:format(72)) - Storage directory /workdir/hadoop-ozone/integration-test/target/test-dir/MiniOzoneClusterImpl-329502e2-e6cd-45ba-986e-04556b25a2a9/datanode-4/data/ratis/92f9c8f0-b950-42b5-b583-15fae68e83e9 has been successfully formatted.
2019-09-05 17:45:07,199 [pool-146-thread-1] INFO  storage.RaftStorage (RaftStorage.java:format(72)) - Storage directory /workdir/hadoop-ozone/integration-test/target/test-dir/MiniOzoneClusterImpl-329502e2-e6cd-45ba-986e-04556b25a2a9/datanode-3/data/ratis/92f9c8f0-b950-42b5-b583-15fae68e83e9 has been successfully formatted.
2019-09-05 17:45:07,200 [pool-156-thread-1] INFO  ratis.ContainerStateMachine (ContainerStateMachine.java:loadSnapshot(227)) - group-15FAE68E83E9: The snapshot info is null. Setting the last applied indexto:(t:0, i:~)
2019-09-05 17:45:07,199 [pool-116-thread-1] INFO  ratis.ContainerStateMachine (ContainerStateMachine.java:loadSnapshot(227)) - group-15FAE68E83E9: The snapshot info is null. Setting the last applied indexto:(t:0, i:~)
2019-09-05 17:45:07,200 [pool-146-thread-1] INFO  ratis.ContainerStateMachine (ContainerStateMachine.java:loadSnapshot(227)) - group-15FAE68E83E9: The snapshot info is null. Setting the last applied indexto:(t:0, i:~)
2019-09-05 17:45:07,200 [pool-156-thread-1] INFO  server.RaftServerConfigKeys (ConfUtils.java:logGet(43)) - raft.server.leader.election.timeout = 120s (custom)
2019-09-05 17:45:07,200 [pool-146-thread-1] INFO  server.RaftServerConfigKeys (ConfUtils.java:logGet(43)) - raft.server.leader.election.timeout = 120s (custom)
2019-09-05 17:45:07,200 [pool-116-thread-1] INFO  server.RaftServerConfigKeys (ConfUtils.java:logGet(43)) - raft.server.leader.election.timeout = 120s (custom)
2019-09-05 17:45:07,201 [pool-146-thread-1] INFO  server.RaftServerConfigKeys (ConfUtils.java:logGet(43)) - raft.server.log.use.memory = false (default)
2019-09-05 17:45:07,200 [pool-156-thread-1] INFO  server.RaftServerConfigKeys (ConfUtils.java:logGet(43)) - raft.server.log.use.memory = false (default)
2019-09-05 17:45:07,201 [pool-146-thread-1] INFO  server.RaftServerConfigKeys (ConfUtils.java:logGet(43)) - raft.server.log.purge.gap = 1000000 (custom)
2019-09-05 17:45:07,201 [pool-116-thread-1] INFO  server.RaftServerConfigKeys (ConfUtils.java:logGet(43)) - raft.server.log.use.memory = false (default)
2019-09-05 17:45:07,202 [pool-146-thread-1] INFO  server.RaftServerConfigKeys (ConfUtils.java:logGet(43)) - raft.server.log.appender.buffer.byte-limit = 33554432 (custom)
2019-09-05 17:45:07,201 [pool-156-thread-1] INFO  server.RaftServerConfigKeys (ConfUtils.java:logGet(43)) - raft.server.log.purge.gap = 1000000 (custom)
2019-09-05 17:45:07,202 [pool-146-thread-1] INFO  server.RaftServerConfigKeys (ConfUtils.java:logGet(43)) - raft.server.log.segment.size.max = 1048576 (custom)
2019-09-05 17:45:07,202 [pool-116-thread-1] INFO  server.RaftServerConfigKeys (ConfUtils.java:logGet(43)) - raft.server.log.purge.gap = 1000000 (custom)
2019-09-05 17:45:07,203 [pool-146-thread-1] INFO  server.RaftServerConfigKeys (ConfUtils.java:logGet(43)) - raft.server.log.segment.cache.num.max = 2 (custom)
2019-09-05 17:45:07,202 [pool-156-thread-1] INFO  server.RaftServerConfigKeys (ConfUtils.java:logGet(43)) - raft.server.log.appender.buffer.byte-limit = 33554432 (custom)
2019-09-05 17:45:07,203 [pool-146-thread-1] INFO  segmented.SegmentedRaftLogWorker (SegmentedRaftLogWorker.java:<init>(172)) - new 154c3b90-cc4f-4766-ab8b-2d86655077c2-SegmentedRaftLogWorker:Storage Directory /workdir/hadoop-ozone/integration-test/target/test-dir/MiniOzoneClusterImpl-329502e2-e6cd-45ba-986e-04556b25a2a9/datanode-3/data/ratis/92f9c8f0-b950-42b5-b583-15fae68e83e9 for RaftStorage:Storage Directory /workdir/hadoop-ozone/integration-test/target/test-dir/MiniOzoneClusterImpl-329502e2-e6cd-45ba-986e-04556b25a2a9/datanode-3/data/ratis/92f9c8f0-b950-42b5-b583-15fae68e83e9
2019-09-05 17:45:07,203 [pool-116-thread-1] INFO  server.RaftServerConfigKeys (ConfUtils.java:logGet(43)) - raft.server.log.appender.buffer.byte-limit = 33554432 (custom)
2019-09-05 17:45:07,203 [pool-146-thread-1] INFO  server.RaftServerConfigKeys (ConfUtils.java:logGet(43)) - raft.server.log.queue.byte-limit = 2147483647 (custom)
2019-09-05 17:45:07,203 [pool-156-thread-1] INFO  server.RaftServerConfigKeys (ConfUtils.java:logGet(43)) - raft.server.log.segment.size.max = 1048576 (custom)
2019-09-05 17:45:07,204 [pool-146-thread-1] INFO  server.RaftServerConfigKeys (ConfUtils.java:logGet(43)) - raft.server.log.queue.element-limit = 1024 (custom)
2019-09-05 17:45:07,204 [pool-116-thread-1] INFO  server.RaftServerConfigKeys (ConfUtils.java:logGet(43)) - raft.server.log.segment.size.max = 1048576 (custom)
2019-09-05 17:45:07,204 [pool-146-thread-1] INFO  server.RaftServerConfigKeys (ConfUtils.java:logGet(43)) - raft.server.log.segment.size.max = 1048576 (custom)
2019-09-05 17:45:07,204 [pool-156-thread-1] INFO  server.RaftServerConfigKeys (ConfUtils.java:logGet(43)) - raft.server.log.segment.cache.num.max = 2 (custom)
2019-09-05 17:45:07,205 [pool-146-thread-1] INFO  server.RaftServerConfigKeys (ConfUtils.java:logGet(43)) - raft.server.log.preallocated.size = 16384 (custom)
2019-09-05 17:45:07,205 [pool-116-thread-1] INFO  server.RaftServerConfigKeys (ConfUtils.java:logGet(43)) - raft.server.log.segment.cache.num.max = 2 (custom)
2019-09-05 17:45:07,205 [pool-146-thread-1] INFO  server.RaftServerConfigKeys (ConfUtils.java:logGet(43)) - raft.server.log.write.buffer.size = 33554432 (custom)
2019-09-05 17:45:07,205 [pool-156-thread-1] INFO  segmented.SegmentedRaftLogWorker (SegmentedRaftLogWorker.java:<init>(172)) - new 74b010d1-2c48-484e-a8d6-dd48a46a9f09-SegmentedRaftLogWorker:Storage Directory /workdir/hadoop-ozone/integration-test/target/test-dir/MiniOzoneClusterImpl-329502e2-e6cd-45ba-986e-04556b25a2a9/datanode-4/data/ratis/92f9c8f0-b950-42b5-b583-15fae68e83e9 for RaftStorage:Storage Directory /workdir/hadoop-ozone/integration-test/target/test-dir/MiniOzoneClusterImpl-329502e2-e6cd-45ba-986e-04556b25a2a9/datanode-4/data/ratis/92f9c8f0-b950-42b5-b583-15fae68e83e9
2019-09-05 17:45:07,206 [pool-146-thread-1] INFO  server.RaftServerConfigKeys (ConfUtils.java:logGet(43)) - raft.server.log.force.sync.num = 128 (default)
2019-09-05 17:45:07,205 [pool-116-thread-1] INFO  segmented.SegmentedRaftLogWorker (SegmentedRaftLogWorker.java:<init>(172)) - new ace24089-7f3f-4aaf-a97a-16eb738b0bb6-SegmentedRaftLogWorker:Storage Directory /workdir/hadoop-ozone/integration-test/target/test-dir/MiniOzoneClusterImpl-329502e2-e6cd-45ba-986e-04556b25a2a9/datanode-0/data/ratis/92f9c8f0-b950-42b5-b583-15fae68e83e9 for RaftStorage:Storage Directory /workdir/hadoop-ozone/integration-test/target/test-dir/MiniOzoneClusterImpl-329502e2-e6cd-45ba-986e-04556b25a2a9/datanode-0/data/ratis/92f9c8f0-b950-42b5-b583-15fae68e83e9
2019-09-05 17:45:07,206 [pool-146-thread-1] INFO  server.RaftServerConfigKeys (ConfUtils.java:logGet(43)) - raft.server.log.statemachine.data.sync = true (default)
2019-09-05 17:45:07,206 [pool-156-thread-1] INFO  server.RaftServerConfigKeys (ConfUtils.java:logGet(43)) - raft.server.log.queue.byte-limit = 2147483647 (custom)
2019-09-05 17:45:07,206 [pool-146-thread-1] INFO  server.RaftServerConfigKeys (ConfUtils.java:logGet(43)) - raft.server.log.statemachine.data.sync.timeout = 10s (default)
2019-09-05 17:45:07,206 [pool-116-thread-1] INFO  server.RaftServerConfigKeys (ConfUtils.java:logGet(43)) - raft.server.log.queue.byte-limit = 2147483647 (custom)
2019-09-05 17:45:07,207 [pool-146-thread-1] INFO  server.RaftServerConfigKeys (ConfUtils.java:logGet(43)) - raft.server.log.statemachine.data.sync.timeout.retry = -1 (default)
2019-09-05 17:45:07,206 [pool-156-thread-1] INFO  server.RaftServerConfigKeys (ConfUtils.java:logGet(43)) - raft.server.log.queue.element-limit = 1024 (custom)
2019-09-05 17:45:07,207 [pool-146-thread-1] INFO  server.RaftServerConfigKeys (ConfUtils.java:logGet(43)) - raft.server.log.statemachine.data.caching.enabled = true (custom)
2019-09-05 17:45:07,207 [pool-156-thread-1] INFO  server.RaftServerConfigKeys (ConfUtils.java:logGet(43)) - raft.server.log.segment.size.max = 1048576 (custom)
2019-09-05 17:45:07,207 [pool-116-thread-1] INFO  server.RaftServerConfigKeys (ConfUtils.java:logGet(43)) - raft.server.log.queue.element-limit = 1024 (custom)
2019-09-05 17:45:07,208 [pool-146-thread-1] INFO  segmented.SegmentedRaftLogWorker (SegmentedRaftLogWorker.java:lambda$new$0(132)) - 154c3b90-cc4f-4766-ab8b-2d86655077c2-SegmentedRaftLogWorker:Storage Directory /workdir/hadoop-ozone/integration-test/target/test-dir/MiniOzoneClusterImpl-329502e2-e6cd-45ba-986e-04556b25a2a9/datanode-3/data/ratis/92f9c8f0-b950-42b5-b583-15fae68e83e9: flushIndex: setUnconditionally 0 -> -1
2019-09-05 17:45:07,208 [pool-156-thread-1] INFO  server.RaftServerConfigKeys (ConfUtils.java:logGet(43)) - raft.server.log.preallocated.size = 16384 (custom)
2019-09-05 17:45:07,208 [pool-116-thread-1] INFO  server.RaftServerConfigKeys (ConfUtils.java:logGet(43)) - raft.server.log.segment.size.max = 1048576 (custom)
2019-09-05 17:45:07,208 [pool-156-thread-1] INFO  server.RaftServerConfigKeys (ConfUtils.java:logGet(43)) - raft.server.log.write.buffer.size = 33554432 (custom)
2019-09-05 17:45:07,208 [pool-146-thread-1] INFO  server.RaftServerConfigKeys (ConfUtils.java:logGet(43)) - raft.server.snapshot.auto.trigger.enabled = true (custom)
2019-09-05 17:45:07,208 [pool-156-thread-1] INFO  server.RaftServerConfigKeys (ConfUtils.java:logGet(43)) - raft.server.log.force.sync.num = 128 (default)
2019-09-05 17:45:07,208 [pool-116-thread-1] INFO  server.RaftServerConfigKeys (ConfUtils.java:logGet(43)) - raft.server.log.preallocated.size = 16384 (custom)
2019-09-05 17:45:07,209 [pool-156-thread-1] INFO  server.RaftServerConfigKeys (ConfUtils.java:logGet(43)) - raft.server.log.statemachine.data.sync = true (default)
2019-09-05 17:45:07,209 [pool-146-thread-1] INFO  server.RaftServerConfigKeys (ConfUtils.java:logGet(43)) - raft.server.snapshot.auto.trigger.threshold = 10000 (custom)
2019-09-05 17:45:07,209 [pool-156-thread-1] INFO  server.RaftServerConfigKeys (ConfUtils.java:logGet(43)) - raft.server.log.statemachine.data.sync.timeout = 10s (default)
2019-09-05 17:45:07,209 [pool-116-thread-1] INFO  server.RaftServerConfigKeys (ConfUtils.java:logGet(43)) - raft.server.log.write.buffer.size = 33554432 (custom)
2019-09-05 17:45:07,209 [pool-156-thread-1] INFO  server.RaftServerConfigKeys (ConfUtils.java:logGet(43)) - raft.server.log.statemachine.data.sync.timeout.retry = -1 (default)
2019-09-05 17:45:07,209 [pool-146-thread-1] INFO  server.RaftServerConfigKeys (ConfUtils.java:logGet(43)) - raft.server.retrycache.expirytime = 600000ms (custom)
2019-09-05 17:45:07,210 [pool-156-thread-1] INFO  server.RaftServerConfigKeys (ConfUtils.java:logGet(43)) - raft.server.log.statemachine.data.caching.enabled = true (custom)
2019-09-05 17:45:07,210 [pool-116-thread-1] INFO  server.RaftServerConfigKeys (ConfUtils.java:logGet(43)) - raft.server.log.force.sync.num = 128 (default)
2019-09-05 17:45:07,210 [pool-146-thread-1] INFO  impl.RaftServerImpl (RaftServerImpl.java:start(180)) - 154c3b90-cc4f-4766-ab8b-2d86655077c2: start group-15FAE68E83E9
2019-09-05 17:45:07,210 [pool-156-thread-1] INFO  segmented.SegmentedRaftLogWorker (SegmentedRaftLogWorker.java:lambda$new$0(132)) - 74b010d1-2c48-484e-a8d6-dd48a46a9f09-SegmentedRaftLogWorker:Storage Directory /workdir/hadoop-ozone/integration-test/target/test-dir/MiniOzoneClusterImpl-329502e2-e6cd-45ba-986e-04556b25a2a9/datanode-4/data/ratis/92f9c8f0-b950-42b5-b583-15fae68e83e9: flushIndex: setUnconditionally 0 -> -1
2019-09-05 17:45:07,210 [pool-116-thread-1] INFO  server.RaftServerConfigKeys (ConfUtils.java:logGet(43)) - raft.server.log.statemachine.data.sync = true (default)
2019-09-05 17:45:07,210 [pool-146-thread-1] INFO  impl.RaftServerImpl (RaftServerImpl.java:setRole(171)) - 154c3b90-cc4f-4766-ab8b-2d86655077c2:group-15FAE68E83E9 changes role from null to FOLLOWER at term 0 for startAsFollower
2019-09-05 17:45:07,211 [pool-116-thread-1] INFO  server.RaftServerConfigKeys (ConfUtils.java:logGet(43)) - raft.server.log.statemachine.data.sync.timeout = 10s (default)
2019-09-05 17:45:07,211 [pool-156-thread-1] INFO  server.RaftServerConfigKeys (ConfUtils.java:logGet(43)) - raft.server.snapshot.auto.trigger.enabled = true (custom)
2019-09-05 17:45:07,211 [pool-116-thread-1] INFO  server.RaftServerConfigKeys (ConfUtils.java:logGet(43)) - raft.server.log.statemachine.data.sync.timeout.retry = -1 (default)
2019-09-05 17:45:07,211 [pool-146-thread-1] INFO  impl.RoleInfo (RoleInfo.java:updateAndGet(143)) - 154c3b90-cc4f-4766-ab8b-2d86655077c2: start FollowerState
2019-09-05 17:45:07,211 [pool-116-thread-1] INFO  server.RaftServerConfigKeys (ConfUtils.java:logGet(43)) - raft.server.log.statemachine.data.caching.enabled = true (custom)
2019-09-05 17:45:07,211 [pool-156-thread-1] INFO  server.RaftServerConfigKeys (ConfUtils.java:logGet(43)) - raft.server.snapshot.auto.trigger.threshold = 10000 (custom)
2019-09-05 17:45:07,212 [pool-116-thread-1] INFO  segmented.SegmentedRaftLogWorker (SegmentedRaftLogWorker.java:lambda$new$0(132)) - ace24089-7f3f-4aaf-a97a-16eb738b0bb6-SegmentedRaftLogWorker:Storage Directory /workdir/hadoop-ozone/integration-test/target/test-dir/MiniOzoneClusterImpl-329502e2-e6cd-45ba-986e-04556b25a2a9/datanode-0/data/ratis/92f9c8f0-b950-42b5-b583-15fae68e83e9: flushIndex: setUnconditionally 0 -> -1
2019-09-05 17:45:07,212 [pool-156-thread-1] INFO  server.RaftServerConfigKeys (ConfUtils.java:logGet(43)) - raft.server.retrycache.expirytime = 600000ms (custom)
2019-09-05 17:45:07,212 [pool-146-thread-1] INFO  util.JmxRegister (JmxRegister.java:tryRegister(44)) - Successfully registered JMX Bean with object name Ratis:service=RaftServer,group=group-15FAE68E83E9,id=154c3b90-cc4f-4766-ab8b-2d86655077c2
2019-09-05 17:45:07,212 [pool-156-thread-1] INFO  impl.RaftServerImpl (RaftServerImpl.java:start(180)) - 74b010d1-2c48-484e-a8d6-dd48a46a9f09: start group-15FAE68E83E9
2019-09-05 17:45:07,212 [pool-116-thread-1] INFO  server.RaftServerConfigKeys (ConfUtils.java:logGet(43)) - raft.server.snapshot.auto.trigger.enabled = true (custom)
2019-09-05 17:45:07,213 [pool-156-thread-1] INFO  impl.RaftServerImpl (RaftServerImpl.java:setRole(171)) - 74b010d1-2c48-484e-a8d6-dd48a46a9f09:group-15FAE68E83E9 changes role from null to FOLLOWER at term 0 for startAsFollower
2019-09-05 17:45:07,213 [pool-116-thread-1] INFO  server.RaftServerConfigKeys (ConfUtils.java:logGet(43)) - raft.server.snapshot.auto.trigger.threshold = 10000 (custom)
2019-09-05 17:45:07,213 [pool-156-thread-1] INFO  impl.RoleInfo (RoleInfo.java:updateAndGet(143)) - 74b010d1-2c48-484e-a8d6-dd48a46a9f09: start FollowerState
2019-09-05 17:45:07,213 [pool-116-thread-1] INFO  server.RaftServerConfigKeys (ConfUtils.java:logGet(43)) - raft.server.retrycache.expirytime = 600000ms (custom)
2019-09-05 17:45:07,214 [pool-116-thread-1] INFO  impl.RaftServerImpl (RaftServerImpl.java:start(180)) - ace24089-7f3f-4aaf-a97a-16eb738b0bb6: start group-15FAE68E83E9
2019-09-05 17:45:07,214 [pool-156-thread-1] INFO  util.JmxRegister (JmxRegister.java:tryRegister(44)) - Successfully registered JMX Bean with object name Ratis:service=RaftServer,group=group-15FAE68E83E9,id=74b010d1-2c48-484e-a8d6-dd48a46a9f09
2019-09-05 17:45:07,214 [pool-116-thread-1] INFO  impl.RaftServerImpl (RaftServerImpl.java:setRole(171)) - ace24089-7f3f-4aaf-a97a-16eb738b0bb6:group-15FAE68E83E9 changes role from null to FOLLOWER at term 0 for startAsFollower
2019-09-05 17:45:07,223 [pool-116-thread-1] INFO  impl.RoleInfo (RoleInfo.java:updateAndGet(143)) - ace24089-7f3f-4aaf-a97a-16eb738b0bb6: start FollowerState
2019-09-05 17:45:07,223 [pool-116-thread-1] INFO  util.JmxRegister (JmxRegister.java:tryRegister(44)) - Successfully registered JMX Bean with object name Ratis:service=RaftServer,group=group-15FAE68E83E9,id=ace24089-7f3f-4aaf-a97a-16eb738b0bb6
2019-09-05 17:45:07,233 [RatisPipelineUtilsThread] INFO  pipeline.PipelineStateManager (PipelineStateManager.java:addPipeline(56)) - Created pipeline Pipeline[ Id: 92f9c8f0-b950-42b5-b583-15fae68e83e9, Nodes: ace24089-7f3f-4aaf-a97a-16eb738b0bb6{ip: 192.168.69.120, host: pr-hdds-2007-scw2c-2724463716, networkLocation: /default-rack, certSerialId: null}154c3b90-cc4f-4766-ab8b-2d86655077c2{ip: 192.168.69.120, host: pr-hdds-2007-scw2c-2724463716, networkLocation: /default-rack, certSerialId: null}74b010d1-2c48-484e-a8d6-dd48a46a9f09{ip: 192.168.69.120, host: pr-hdds-2007-scw2c-2724463716, networkLocation: /default-rack, certSerialId: null}, Type:RATIS, Factor:THREE, State:OPEN]
2019-09-05 17:45:07,262 [ReplicationMonitor] INFO  container.ReplicationManager (ReplicationManager.java:run(225)) - Replication Monitor Thread took 1200 milliseconds for processing 1 containers.
2019-09-05 17:45:07,355 [grpc-default-executor-0] INFO  client.GrpcClientProtocolClient (GrpcClientProtocolClient.java:onNext(255)) - client-90237757EAD3->43c9d192-0b2b-4d49-b612-c9bce3341d53: receive RaftClientReply:client-90237757EAD3->43c9d192-0b2b-4d49-b612-c9bce3341d53@group-388F3F3A18C1, cid=24, FAILED org.apache.ratis.protocol.NotLeaderException: Server 43c9d192-0b2b-4d49-b612-c9bce3341d53 is not the leader (null). Request must be sent to leader., logIndex=0, commits[43c9d192-0b2b-4d49-b612-c9bce3341d53:c-1]
2019-09-05 17:45:08,516 [Thread-649] INFO  impl.FollowerState (FollowerState.java:run(106)) - ace24089-7f3f-4aaf-a97a-16eb738b0bb6:group-5D11D4A055CF changes to CANDIDATE, lastRpcTime:5007, electionTimeout:5007ms
2019-09-05 17:45:08,516 [Thread-649] INFO  impl.RoleInfo (RoleInfo.java:shutdownFollowerState(121)) - ace24089-7f3f-4aaf-a97a-16eb738b0bb6: shutdown FollowerState
2019-09-05 17:45:08,517 [Thread-649] INFO  impl.RaftServerImpl (RaftServerImpl.java:setRole(171)) - ace24089-7f3f-4aaf-a97a-16eb738b0bb6:group-5D11D4A055CF changes role from FOLLOWER to CANDIDATE at term 0 for changeToCandidate
2019-09-05 17:45:08,605 [Thread-649] INFO  impl.RoleInfo (RoleInfo.java:updateAndGet(143)) - ace24089-7f3f-4aaf-a97a-16eb738b0bb6: start LeaderElection
2019-09-05 17:45:08,641 [grpc-default-executor-0] INFO  client.GrpcClientProtocolClient (GrpcClientProtocolClient.java:onNext(255)) - client-90237757EAD3->b89e1062-1dd5-4f67-aefc-0a9ace8ccdc1: receive RaftClientReply:client-90237757EAD3->b89e1062-1dd5-4f67-aefc-0a9ace8ccdc1@group-388F3F3A18C1, cid=24, FAILED org.apache.ratis.protocol.NotLeaderException: Server b89e1062-1dd5-4f67-aefc-0a9ace8ccdc1 is not the leader (null). Request must be sent to leader., logIndex=0, commits[b89e1062-1dd5-4f67-aefc-0a9ace8ccdc1:c-1]
2019-09-05 17:45:08,694 [Thread-656] INFO  impl.FollowerState (FollowerState.java:run(106)) - b89e1062-1dd5-4f67-aefc-0a9ace8ccdc1:group-329C3FF78C65 changes to CANDIDATE, lastRpcTime:5031, electionTimeout:5031ms
2019-09-05 17:45:08,694 [Thread-656] INFO  impl.RoleInfo (RoleInfo.java:shutdownFollowerState(121)) - b89e1062-1dd5-4f67-aefc-0a9ace8ccdc1: shutdown FollowerState
2019-09-05 17:45:08,694 [Thread-656] INFO  impl.RaftServerImpl (RaftServerImpl.java:setRole(171)) - b89e1062-1dd5-4f67-aefc-0a9ace8ccdc1:group-329C3FF78C65 changes role from FOLLOWER to CANDIDATE at term 0 for changeToCandidate
2019-09-05 17:45:08,694 [Thread-656] INFO  impl.RoleInfo (RoleInfo.java:updateAndGet(143)) - b89e1062-1dd5-4f67-aefc-0a9ace8ccdc1: start LeaderElection
2019-09-05 17:45:08,721 [ace24089-7f3f-4aaf-a97a-16eb738b0bb6:group-5D11D4A055CF:LeaderElection15] INFO  impl.LeaderElection (LeaderElection.java:askForVotes(181)) - ace24089-7f3f-4aaf-a97a-16eb738b0bb6:group-5D11D4A055CF:LeaderElection15: begin an election at term 1 for -1: [ace24089-7f3f-4aaf-a97a-16eb738b0bb6:192.168.69.120:42130], old=null
2019-09-05 17:45:08,721 [b89e1062-1dd5-4f67-aefc-0a9ace8ccdc1:group-329C3FF78C65:LeaderElection16] INFO  impl.LeaderElection (LeaderElection.java:askForVotes(181)) - b89e1062-1dd5-4f67-aefc-0a9ace8ccdc1:group-329C3FF78C65:LeaderElection16: begin an election at term 1 for -1: [b89e1062-1dd5-4f67-aefc-0a9ace8ccdc1:192.168.69.120:41499], old=null
2019-09-05 17:45:08,721 [ace24089-7f3f-4aaf-a97a-16eb738b0bb6:group-5D11D4A055CF:LeaderElection15] INFO  impl.RoleInfo (RoleInfo.java:shutdownLeaderElection(134)) - ace24089-7f3f-4aaf-a97a-16eb738b0bb6: shutdown LeaderElection
2019-09-05 17:45:08,721 [b89e1062-1dd5-4f67-aefc-0a9ace8ccdc1:group-329C3FF78C65:LeaderElection16] INFO  impl.RoleInfo (RoleInfo.java:shutdownLeaderElection(134)) - b89e1062-1dd5-4f67-aefc-0a9ace8ccdc1: shutdown LeaderElection
2019-09-05 17:45:08,721 [ace24089-7f3f-4aaf-a97a-16eb738b0bb6:group-5D11D4A055CF:LeaderElection15] INFO  impl.RaftServerImpl (RaftServerImpl.java:setRole(171)) - ace24089-7f3f-4aaf-a97a-16eb738b0bb6:group-5D11D4A055CF changes role from CANDIDATE to LEADER at term 1 for changeToLeader
2019-09-05 17:45:08,721 [b89e1062-1dd5-4f67-aefc-0a9ace8ccdc1:group-329C3FF78C65:LeaderElection16] INFO  impl.RaftServerImpl (RaftServerImpl.java:setRole(171)) - b89e1062-1dd5-4f67-aefc-0a9ace8ccdc1:group-329C3FF78C65 changes role from CANDIDATE to LEADER at term 1 for changeToLeader
2019-09-05 17:45:08,721 [ace24089-7f3f-4aaf-a97a-16eb738b0bb6:group-5D11D4A055CF:LeaderElection15] INFO  impl.RaftServerImpl (ServerState.java:setLeader(263)) - ace24089-7f3f-4aaf-a97a-16eb738b0bb6:group-5D11D4A055CF change Leader from null to ace24089-7f3f-4aaf-a97a-16eb738b0bb6 at term 1 for becomeLeader, leader elected after 5218ms
2019-09-05 17:45:08,721 [b89e1062-1dd5-4f67-aefc-0a9ace8ccdc1:group-329C3FF78C65:LeaderElection16] INFO  impl.RaftServerImpl (ServerState.java:setLeader(263)) - b89e1062-1dd5-4f67-aefc-0a9ace8ccdc1:group-329C3FF78C65 change Leader from null to b89e1062-1dd5-4f67-aefc-0a9ace8ccdc1 at term 1 for becomeLeader, leader elected after 5093ms
2019-09-05 17:45:08,726 [ace24089-7f3f-4aaf-a97a-16eb738b0bb6:group-5D11D4A055CF:LeaderElection15] INFO  server.RaftServerConfigKeys (ConfUtils.java:logGet(43)) - raft.server.staging.catchup.gap = 1000 (default)
2019-09-05 17:45:08,729 [b89e1062-1dd5-4f67-aefc-0a9ace8ccdc1:group-329C3FF78C65:LeaderElection16] INFO  server.RaftServerConfigKeys (ConfUtils.java:logGet(43)) - raft.server.staging.catchup.gap = 1000 (default)
2019-09-05 17:45:08,729 [ace24089-7f3f-4aaf-a97a-16eb738b0bb6:group-5D11D4A055CF:LeaderElection15] INFO  server.RaftServerConfigKeys (ConfUtils.java:logGet(43)) - raft.server.rpc.sleep.time = 25ms (default)
2019-09-05 17:45:08,729 [b89e1062-1dd5-4f67-aefc-0a9ace8ccdc1:group-329C3FF78C65:LeaderElection16] INFO  server.RaftServerConfigKeys (ConfUtils.java:logGet(43)) - raft.server.rpc.sleep.time = 25ms (default)
2019-09-05 17:45:08,729 [ace24089-7f3f-4aaf-a97a-16eb738b0bb6:group-5D11D4A055CF:LeaderElection15] INFO  server.RaftServerConfigKeys (ConfUtils.java:logGet(43)) - raft.server.write.element-limit = 4096 (default)
2019-09-05 17:45:08,729 [b89e1062-1dd5-4f67-aefc-0a9ace8ccdc1:group-329C3FF78C65:LeaderElection16] INFO  server.RaftServerConfigKeys (ConfUtils.java:logGet(43)) - raft.server.write.element-limit = 4096 (default)
2019-09-05 17:45:08,729 [ace24089-7f3f-4aaf-a97a-16eb738b0bb6:group-5D11D4A055CF:LeaderElection15] INFO  server.RaftServerConfigKeys (ConfUtils.java:logGet(43)) - raft.server.watch.timeout = 10s (default)
2019-09-05 17:45:08,729 [b89e1062-1dd5-4f67-aefc-0a9ace8ccdc1:group-329C3FF78C65:LeaderElection16] INFO  server.RaftServerConfigKeys (ConfUtils.java:logGet(43)) - raft.server.watch.timeout = 10s (default)
2019-09-05 17:45:08,729 [ace24089-7f3f-4aaf-a97a-16eb738b0bb6:group-5D11D4A055CF:LeaderElection15] INFO  server.RaftServerConfigKeys (ConfUtils.java:logGet(43)) - raft.server.watch.timeout.denomination = 1s (default)
2019-09-05 17:45:08,730 [b89e1062-1dd5-4f67-aefc-0a9ace8ccdc1:group-329C3FF78C65:LeaderElection16] INFO  server.RaftServerConfigKeys (ConfUtils.java:logGet(43)) - raft.server.watch.timeout.denomination = 1s (default)
2019-09-05 17:45:08,730 [ace24089-7f3f-4aaf-a97a-16eb738b0bb6:group-5D11D4A055CF:LeaderElection15] INFO  server.RaftServerConfigKeys (ConfUtils.java:logGet(43)) - raft.server.watch.element-limit = 65536 (default)
2019-09-05 17:45:08,730 [b89e1062-1dd5-4f67-aefc-0a9ace8ccdc1:group-329C3FF78C65:LeaderElection16] INFO  server.RaftServerConfigKeys (ConfUtils.java:logGet(43)) - raft.server.watch.element-limit = 65536 (default)
2019-09-05 17:45:08,730 [ace24089-7f3f-4aaf-a97a-16eb738b0bb6:group-5D11D4A055CF:LeaderElection15] INFO  impl.RoleInfo (RoleInfo.java:updateAndGet(143)) - ace24089-7f3f-4aaf-a97a-16eb738b0bb6: start LeaderState
2019-09-05 17:45:08,730 [b89e1062-1dd5-4f67-aefc-0a9ace8ccdc1:group-329C3FF78C65:LeaderElection16] INFO  impl.RoleInfo (RoleInfo.java:updateAndGet(143)) - b89e1062-1dd5-4f67-aefc-0a9ace8ccdc1: start LeaderState
2019-09-05 17:45:08,730 [ace24089-7f3f-4aaf-a97a-16eb738b0bb6:group-5D11D4A055CF:LeaderElection15] INFO  segmented.SegmentedRaftLogWorker (SegmentedRaftLogWorker.java:startLogSegment(380)) - ace24089-7f3f-4aaf-a97a-16eb738b0bb6-SegmentedRaftLogWorker:Storage Directory /workdir/hadoop-ozone/integration-test/target/test-dir/MiniOzoneClusterImpl-329502e2-e6cd-45ba-986e-04556b25a2a9/datanode-0/data/ratis/94ca1cab-c04c-4a1b-abb9-5d11d4a055cf: Starting segment from index:0
2019-09-05 17:45:08,730 [b89e1062-1dd5-4f67-aefc-0a9ace8ccdc1:group-329C3FF78C65:LeaderElection16] INFO  segmented.SegmentedRaftLogWorker (SegmentedRaftLogWorker.java:startLogSegment(380)) - b89e1062-1dd5-4f67-aefc-0a9ace8ccdc1-SegmentedRaftLogWorker:Storage Directory /workdir/hadoop-ozone/integration-test/target/test-dir/MiniOzoneClusterImpl-329502e2-e6cd-45ba-986e-04556b25a2a9/datanode-2/data/ratis/054a5434-cd29-4182-84d6-329c3ff78c65: Starting segment from index:0
2019-09-05 17:45:08,731 [ace24089-7f3f-4aaf-a97a-16eb738b0bb6:group-5D11D4A055CF:LeaderElection15] INFO  impl.RaftServerImpl (ServerState.java:setRaftConf(361)) - ace24089-7f3f-4aaf-a97a-16eb738b0bb6:group-5D11D4A055CF set configuration 0: [ace24089-7f3f-4aaf-a97a-16eb738b0bb6:192.168.69.120:42130], old=null at 0
2019-09-05 17:45:08,731 [b89e1062-1dd5-4f67-aefc-0a9ace8ccdc1:group-329C3FF78C65:LeaderElection16] INFO  impl.RaftServerImpl (ServerState.java:setRaftConf(361)) - b89e1062-1dd5-4f67-aefc-0a9ace8ccdc1:group-329C3FF78C65 set configuration 0: [b89e1062-1dd5-4f67-aefc-0a9ace8ccdc1:192.168.69.120:41499], old=null at 0
2019-09-05 17:45:08,801 [ace24089-7f3f-4aaf-a97a-16eb738b0bb6-SegmentedRaftLogWorker:Storage Directory /workdir/hadoop-ozone/integration-test/target/test-dir/MiniOzoneClusterImpl-329502e2-e6cd-45ba-986e-04556b25a2a9/datanode-0/data/ratis/94ca1cab-c04c-4a1b-abb9-5d11d4a055cf] INFO  segmented.SegmentedRaftLogWorker (SegmentedRaftLogWorker.java:execute(569)) - ace24089-7f3f-4aaf-a97a-16eb738b0bb6-SegmentedRaftLogWorker:Storage Directory /workdir/hadoop-ozone/integration-test/target/test-dir/MiniOzoneClusterImpl-329502e2-e6cd-45ba-986e-04556b25a2a9/datanode-0/data/ratis/94ca1cab-c04c-4a1b-abb9-5d11d4a055cf: created new log segment /workdir/hadoop-ozone/integration-test/target/test-dir/MiniOzoneClusterImpl-329502e2-e6cd-45ba-986e-04556b25a2a9/datanode-0/data/ratis/94ca1cab-c04c-4a1b-abb9-5d11d4a055cf/current/log_inprogress_0
2019-09-05 17:45:08,801 [b89e1062-1dd5-4f67-aefc-0a9ace8ccdc1-SegmentedRaftLogWorker:Storage Directory /workdir/hadoop-ozone/integration-test/target/test-dir/MiniOzoneClusterImpl-329502e2-e6cd-45ba-986e-04556b25a2a9/datanode-2/data/ratis/054a5434-cd29-4182-84d6-329c3ff78c65] INFO  segmented.SegmentedRaftLogWorker (SegmentedRaftLogWorker.java:execute(569)) - b89e1062-1dd5-4f67-aefc-0a9ace8ccdc1-SegmentedRaftLogWorker:Storage Directory /workdir/hadoop-ozone/integration-test/target/test-dir/MiniOzoneClusterImpl-329502e2-e6cd-45ba-986e-04556b25a2a9/datanode-2/data/ratis/054a5434-cd29-4182-84d6-329c3ff78c65: created new log segment /workdir/hadoop-ozone/integration-test/target/test-dir/MiniOzoneClusterImpl-329502e2-e6cd-45ba-986e-04556b25a2a9/datanode-2/data/ratis/054a5434-cd29-4182-84d6-329c3ff78c65/current/log_inprogress_0
2019-09-05 17:45:09,667 [grpc-default-executor-3] INFO  client.GrpcClientProtocolClient (GrpcClientProtocolClient.java:onNext(255)) - client-90237757EAD3->43c9d192-0b2b-4d49-b612-c9bce3341d53: receive RaftClientReply:client-90237757EAD3->43c9d192-0b2b-4d49-b612-c9bce3341d53@group-388F3F3A18C1, cid=24, FAILED org.apache.ratis.protocol.NotLeaderException: Server 43c9d192-0b2b-4d49-b612-c9bce3341d53 is not the leader (null). Request must be sent to leader., logIndex=0, commits[43c9d192-0b2b-4d49-b612-c9bce3341d53:c-1]
2019-09-05 17:45:09,891 [Thread-671] INFO  impl.FollowerState (FollowerState.java:run(106)) - 154c3b90-cc4f-4766-ab8b-2d86655077c2:group-68B41FD35DA2 changes to CANDIDATE, lastRpcTime:5145, electionTimeout:5145ms
2019-09-05 17:45:09,891 [Thread-671] INFO  impl.RoleInfo (RoleInfo.java:shutdownFollowerState(121)) - 154c3b90-cc4f-4766-ab8b-2d86655077c2: shutdown FollowerState
2019-09-05 17:45:09,892 [Thread-671] INFO  impl.RaftServerImpl (RaftServerImpl.java:setRole(171)) - 154c3b90-cc4f-4766-ab8b-2d86655077c2:group-68B41FD35DA2 changes role from FOLLOWER to CANDIDATE at term 0 for changeToCandidate
2019-09-05 17:45:09,892 [Thread-671] INFO  impl.RoleInfo (RoleInfo.java:updateAndGet(143)) - 154c3b90-cc4f-4766-ab8b-2d86655077c2: start LeaderElection
2019-09-05 17:45:09,920 [154c3b90-cc4f-4766-ab8b-2d86655077c2:group-68B41FD35DA2:LeaderElection17] INFO  impl.LeaderElection (LeaderElection.java:askForVotes(181)) - 154c3b90-cc4f-4766-ab8b-2d86655077c2:group-68B41FD35DA2:LeaderElection17: begin an election at term 1 for -1: [154c3b90-cc4f-4766-ab8b-2d86655077c2:192.168.69.120:33526], old=null
2019-09-05 17:45:09,920 [154c3b90-cc4f-4766-ab8b-2d86655077c2:group-68B41FD35DA2:LeaderElection17] INFO  impl.RoleInfo (RoleInfo.java:shutdownLeaderElection(134)) - 154c3b90-cc4f-4766-ab8b-2d86655077c2: shutdown LeaderElection
2019-09-05 17:45:09,921 [154c3b90-cc4f-4766-ab8b-2d86655077c2:group-68B41FD35DA2:LeaderElection17] INFO  impl.RaftServerImpl (RaftServerImpl.java:setRole(171)) - 154c3b90-cc4f-4766-ab8b-2d86655077c2:group-68B41FD35DA2 changes role from CANDIDATE to LEADER at term 1 for changeToLeader
2019-09-05 17:45:09,921 [154c3b90-cc4f-4766-ab8b-2d86655077c2:group-68B41FD35DA2:LeaderElection17] INFO  impl.RaftServerImpl (ServerState.java:setLeader(263)) - 154c3b90-cc4f-4766-ab8b-2d86655077c2:group-68B41FD35DA2 change Leader from null to 154c3b90-cc4f-4766-ab8b-2d86655077c2 at term 1 for becomeLeader, leader elected after 5180ms
2019-09-05 17:45:09,926 [154c3b90-cc4f-4766-ab8b-2d86655077c2:group-68B41FD35DA2:LeaderElection17] INFO  server.RaftServerConfigKeys (ConfUtils.java:logGet(43)) - raft.server.staging.catchup.gap = 1000 (default)
2019-09-05 17:45:09,926 [154c3b90-cc4f-4766-ab8b-2d86655077c2:group-68B41FD35DA2:LeaderElection17] INFO  server.RaftServerConfigKeys (ConfUtils.java:logGet(43)) - raft.server.rpc.sleep.time = 25ms (default)
2019-09-05 17:45:09,926 [154c3b90-cc4f-4766-ab8b-2d86655077c2:group-68B41FD35DA2:LeaderElection17] INFO  server.RaftServerConfigKeys (ConfUtils.java:logGet(43)) - raft.server.write.element-limit = 4096 (default)
2019-09-05 17:45:09,926 [154c3b90-cc4f-4766-ab8b-2d86655077c2:group-68B41FD35DA2:LeaderElection17] INFO  server.RaftServerConfigKeys (ConfUtils.java:logGet(43)) - raft.server.watch.timeout = 10s (default)
2019-09-05 17:45:09,926 [154c3b90-cc4f-4766-ab8b-2d86655077c2:group-68B41FD35DA2:LeaderElection17] INFO  server.RaftServerConfigKeys (ConfUtils.java:logGet(43)) - raft.server.watch.timeout.denomination = 1s (default)
2019-09-05 17:45:09,927 [154c3b90-cc4f-4766-ab8b-2d86655077c2:group-68B41FD35DA2:LeaderElection17] INFO  server.RaftServerConfigKeys (ConfUtils.java:logGet(43)) - raft.server.watch.element-limit = 65536 (default)
2019-09-05 17:45:09,927 [154c3b90-cc4f-4766-ab8b-2d86655077c2:group-68B41FD35DA2:LeaderElection17] INFO  impl.RoleInfo (RoleInfo.java:updateAndGet(143)) - 154c3b90-cc4f-4766-ab8b-2d86655077c2: start LeaderState
2019-09-05 17:45:09,927 [154c3b90-cc4f-4766-ab8b-2d86655077c2:group-68B41FD35DA2:LeaderElection17] INFO  segmented.SegmentedRaftLogWorker (SegmentedRaftLogWorker.java:startLogSegment(380)) - 154c3b90-cc4f-4766-ab8b-2d86655077c2-SegmentedRaftLogWorker:Storage Directory /workdir/hadoop-ozone/integration-test/target/test-dir/MiniOzoneClusterImpl-329502e2-e6cd-45ba-986e-04556b25a2a9/datanode-3/data/ratis/07ed17ee-6526-4f7e-bb85-68b41fd35da2: Starting segment from index:0
2019-09-05 17:45:09,928 [154c3b90-cc4f-4766-ab8b-2d86655077c2:group-68B41FD35DA2:LeaderElection17] INFO  impl.RaftServerImpl (ServerState.java:setRaftConf(361)) - 154c3b90-cc4f-4766-ab8b-2d86655077c2:group-68B41FD35DA2 set configuration 0: [154c3b90-cc4f-4766-ab8b-2d86655077c2:192.168.69.120:33526], old=null at 0
2019-09-05 17:45:10,039 [154c3b90-cc4f-4766-ab8b-2d86655077c2-SegmentedRaftLogWorker:Storage Directory /workdir/hadoop-ozone/integration-test/target/test-dir/MiniOzoneClusterImpl-329502e2-e6cd-45ba-986e-04556b25a2a9/datanode-3/data/ratis/07ed17ee-6526-4f7e-bb85-68b41fd35da2] INFO  segmented.SegmentedRaftLogWorker (SegmentedRaftLogWorker.java:execute(569)) - 154c3b90-cc4f-4766-ab8b-2d86655077c2-SegmentedRaftLogWorker:Storage Directory /workdir/hadoop-ozone/integration-test/target/test-dir/MiniOzoneClusterImpl-329502e2-e6cd-45ba-986e-04556b25a2a9/datanode-3/data/ratis/07ed17ee-6526-4f7e-bb85-68b41fd35da2: created new log segment /workdir/hadoop-ozone/integration-test/target/test-dir/MiniOzoneClusterImpl-329502e2-e6cd-45ba-986e-04556b25a2a9/datanode-3/data/ratis/07ed17ee-6526-4f7e-bb85-68b41fd35da2/current/log_inprogress_0
2019-09-05 17:45:10,092 [Thread-678] INFO  impl.FollowerState (FollowerState.java:run(106)) - 43c9d192-0b2b-4d49-b612-c9bce3341d53:group-0AA96FE233C6 changes to CANDIDATE, lastRpcTime:5038, electionTimeout:5038ms
2019-09-05 17:45:10,092 [Thread-678] INFO  impl.RoleInfo (RoleInfo.java:shutdownFollowerState(121)) - 43c9d192-0b2b-4d49-b612-c9bce3341d53: shutdown FollowerState
2019-09-05 17:45:10,092 [Thread-678] INFO  impl.RaftServerImpl (RaftServerImpl.java:setRole(171)) - 43c9d192-0b2b-4d49-b612-c9bce3341d53:group-0AA96FE233C6 changes role from FOLLOWER to CANDIDATE at term 0 for changeToCandidate
2019-09-05 17:45:10,092 [Thread-678] INFO  impl.RoleInfo (RoleInfo.java:updateAndGet(143)) - 43c9d192-0b2b-4d49-b612-c9bce3341d53: start LeaderElection
2019-09-05 17:45:10,462 [Thread-687] INFO  impl.FollowerState (FollowerState.java:run(106)) - 8289af37-400f-43f1-9029-8d41a6c3e7e8:group-E637A3AA3692 changes to CANDIDATE, lastRpcTime:5144, electionTimeout:5144ms
2019-09-05 17:45:10,462 [Thread-687] INFO  impl.RoleInfo (RoleInfo.java:shutdownFollowerState(121)) - 8289af37-400f-43f1-9029-8d41a6c3e7e8: shutdown FollowerState
2019-09-05 17:45:10,462 [Thread-687] INFO  impl.RaftServerImpl (RaftServerImpl.java:setRole(171)) - 8289af37-400f-43f1-9029-8d41a6c3e7e8:group-E637A3AA3692 changes role from FOLLOWER to CANDIDATE at term 0 for changeToCandidate
2019-09-05 17:45:10,462 [Thread-687] INFO  impl.RoleInfo (RoleInfo.java:updateAndGet(143)) - 8289af37-400f-43f1-9029-8d41a6c3e7e8: start LeaderElection
2019-09-05 17:45:10,701 [grpc-default-executor-0] INFO  client.GrpcClientProtocolClient (GrpcClientProtocolClient.java:onNext(255)) - client-90237757EAD3->8289af37-400f-43f1-9029-8d41a6c3e7e8: receive RaftClientReply:client-90237757EAD3->8289af37-400f-43f1-9029-8d41a6c3e7e8@group-388F3F3A18C1, cid=24, FAILED org.apache.ratis.protocol.NotLeaderException: Server 8289af37-400f-43f1-9029-8d41a6c3e7e8 is not the leader (null). Request must be sent to leader., logIndex=0, commits[8289af37-400f-43f1-9029-8d41a6c3e7e8:c-1]
2019-09-05 17:45:10,740 [43c9d192-0b2b-4d49-b612-c9bce3341d53:group-0AA96FE233C6:LeaderElection18] INFO  impl.LeaderElection (LeaderElection.java:askForVotes(181)) - 43c9d192-0b2b-4d49-b612-c9bce3341d53:group-0AA96FE233C6:LeaderElection18: begin an election at term 1 for -1: [43c9d192-0b2b-4d49-b612-c9bce3341d53:192.168.69.120:40210], old=null
2019-09-05 17:45:10,740 [43c9d192-0b2b-4d49-b612-c9bce3341d53:group-0AA96FE233C6:LeaderElection18] INFO  impl.RoleInfo (RoleInfo.java:shutdownLeaderElection(134)) - 43c9d192-0b2b-4d49-b612-c9bce3341d53: shutdown LeaderElection
2019-09-05 17:45:10,740 [43c9d192-0b2b-4d49-b612-c9bce3341d53:group-0AA96FE233C6:LeaderElection18] INFO  impl.RaftServerImpl (RaftServerImpl.java:setRole(171)) - 43c9d192-0b2b-4d49-b612-c9bce3341d53:group-0AA96FE233C6 changes role from CANDIDATE to LEADER at term 1 for changeToLeader
2019-09-05 17:45:10,740 [43c9d192-0b2b-4d49-b612-c9bce3341d53:group-0AA96FE233C6:LeaderElection18] INFO  impl.RaftServerImpl (ServerState.java:setLeader(263)) - 43c9d192-0b2b-4d49-b612-c9bce3341d53:group-0AA96FE233C6 change Leader from null to 43c9d192-0b2b-4d49-b612-c9bce3341d53 at term 1 for becomeLeader, leader elected after 5692ms
2019-09-05 17:45:10,760 [43c9d192-0b2b-4d49-b612-c9bce3341d53:group-0AA96FE233C6:LeaderElection18] INFO  server.RaftServerConfigKeys (ConfUtils.java:logGet(43)) - raft.server.staging.catchup.gap = 1000 (default)
2019-09-05 17:45:10,761 [43c9d192-0b2b-4d49-b612-c9bce3341d53:group-0AA96FE233C6:LeaderElection18] INFO  server.RaftServerConfigKeys (ConfUtils.java:logGet(43)) - raft.server.rpc.sleep.time = 25ms (default)
2019-09-05 17:45:10,761 [43c9d192-0b2b-4d49-b612-c9bce3341d53:group-0AA96FE233C6:LeaderElection18] INFO  server.RaftServerConfigKeys (ConfUtils.java:logGet(43)) - raft.server.write.element-limit = 4096 (default)
2019-09-05 17:45:10,761 [43c9d192-0b2b-4d49-b612-c9bce3341d53:group-0AA96FE233C6:LeaderElection18] INFO  server.RaftServerConfigKeys (ConfUtils.java:logGet(43)) - raft.server.watch.timeout = 10s (default)
2019-09-05 17:45:10,761 [43c9d192-0b2b-4d49-b612-c9bce3341d53:group-0AA96FE233C6:LeaderElection18] INFO  server.RaftServerConfigKeys (ConfUtils.java:logGet(43)) - raft.server.watch.timeout.denomination = 1s (default)
2019-09-05 17:45:10,761 [43c9d192-0b2b-4d49-b612-c9bce3341d53:group-0AA96FE233C6:LeaderElection18] INFO  server.RaftServerConfigKeys (ConfUtils.java:logGet(43)) - raft.server.watch.element-limit = 65536 (default)
2019-09-05 17:45:10,762 [43c9d192-0b2b-4d49-b612-c9bce3341d53:group-0AA96FE233C6:LeaderElection18] INFO  impl.RoleInfo (RoleInfo.java:updateAndGet(143)) - 43c9d192-0b2b-4d49-b612-c9bce3341d53: start LeaderState
2019-09-05 17:45:10,762 [43c9d192-0b2b-4d49-b612-c9bce3341d53:group-0AA96FE233C6:LeaderElection18] INFO  segmented.SegmentedRaftLogWorker (SegmentedRaftLogWorker.java:startLogSegment(380)) - 43c9d192-0b2b-4d49-b612-c9bce3341d53-SegmentedRaftLogWorker:Storage Directory /workdir/hadoop-ozone/integration-test/target/test-dir/MiniOzoneClusterImpl-329502e2-e6cd-45ba-986e-04556b25a2a9/datanode-5/data/ratis/066f7752-b137-4406-a5cb-0aa96fe233c6: Starting segment from index:0
2019-09-05 17:45:10,763 [43c9d192-0b2b-4d49-b612-c9bce3341d53:group-0AA96FE233C6:LeaderElection18] INFO  impl.RaftServerImpl (ServerState.java:setRaftConf(361)) - 43c9d192-0b2b-4d49-b612-c9bce3341d53:group-0AA96FE233C6 set configuration 0: [43c9d192-0b2b-4d49-b612-c9bce3341d53:192.168.69.120:40210], old=null at 0
2019-09-05 17:45:11,099 [Thread-696] INFO  impl.FollowerState (FollowerState.java:run(106)) - 74b010d1-2c48-484e-a8d6-dd48a46a9f09:group-565EA2AE0FDB changes to CANDIDATE, lastRpcTime:5126, electionTimeout:5126ms
2019-09-05 17:45:11,099 [Thread-696] INFO  impl.RoleInfo (RoleInfo.java:shutdownFollowerState(121)) - 74b010d1-2c48-484e-a8d6-dd48a46a9f09: shutdown FollowerState
2019-09-05 17:45:11,099 [Thread-696] INFO  impl.RaftServerImpl (RaftServerImpl.java:setRole(171)) - 74b010d1-2c48-484e-a8d6-dd48a46a9f09:group-565EA2AE0FDB changes role from FOLLOWER to CANDIDATE at term 0 for changeToCandidate
2019-09-05 17:45:11,100 [Thread-696] INFO  impl.RoleInfo (RoleInfo.java:updateAndGet(143)) - 74b010d1-2c48-484e-a8d6-dd48a46a9f09: start LeaderElection
2019-09-05 17:45:11,153 [Thread-700] INFO  impl.FollowerState (FollowerState.java:run(106)) - 19029b43-bdce-43ef-8284-637faf53ed87:group-B55C8C6A1FEB changes to CANDIDATE, lastRpcTime:5039, electionTimeout:5039ms
2019-09-05 17:45:11,153 [Thread-700] INFO  impl.RoleInfo (RoleInfo.java:shutdownFollowerState(121)) - 19029b43-bdce-43ef-8284-637faf53ed87: shutdown FollowerState
2019-09-05 17:45:11,154 [Thread-700] INFO  impl.RaftServerImpl (RaftServerImpl.java:setRole(171)) - 19029b43-bdce-43ef-8284-637faf53ed87:group-B55C8C6A1FEB changes role from FOLLOWER to CANDIDATE at term 0 for changeToCandidate
2019-09-05 17:45:11,154 [Thread-700] INFO  impl.RoleInfo (RoleInfo.java:updateAndGet(143)) - 19029b43-bdce-43ef-8284-637faf53ed87: start LeaderElection
2019-09-05 17:45:11,264 [Thread-711] INFO  impl.FollowerState (FollowerState.java:run(106)) - 8289af37-400f-43f1-9029-8d41a6c3e7e8:group-388F3F3A18C1 changes to CANDIDATE, lastRpcTime:5052, electionTimeout:5052ms
2019-09-05 17:45:11,265 [Thread-711] INFO  impl.RoleInfo (RoleInfo.java:shutdownFollowerState(121)) - 8289af37-400f-43f1-9029-8d41a6c3e7e8: shutdown FollowerState
2019-09-05 17:45:11,265 [Thread-711] INFO  impl.RaftServerImpl (RaftServerImpl.java:setRole(171)) - 8289af37-400f-43f1-9029-8d41a6c3e7e8:group-388F3F3A18C1 changes role from FOLLOWER to CANDIDATE at term 0 for changeToCandidate
2019-09-05 17:45:11,265 [Thread-711] INFO  impl.RoleInfo (RoleInfo.java:updateAndGet(143)) - 8289af37-400f-43f1-9029-8d41a6c3e7e8: start LeaderElection
2019-09-05 17:45:11,271 [Thread-712] INFO  impl.FollowerState (FollowerState.java:run(106)) - b89e1062-1dd5-4f67-aefc-0a9ace8ccdc1:group-388F3F3A18C1 changes to CANDIDATE, lastRpcTime:5058, electionTimeout:5058ms
2019-09-05 17:45:11,271 [Thread-712] INFO  impl.RoleInfo (RoleInfo.java:shutdownFollowerState(121)) - b89e1062-1dd5-4f67-aefc-0a9ace8ccdc1: shutdown FollowerState
2019-09-05 17:45:11,271 [Thread-712] INFO  impl.RaftServerImpl (RaftServerImpl.java:setRole(171)) - b89e1062-1dd5-4f67-aefc-0a9ace8ccdc1:group-388F3F3A18C1 changes role from FOLLOWER to CANDIDATE at term 0 for changeToCandidate
2019-09-05 17:45:11,271 [Thread-712] INFO  impl.RoleInfo (RoleInfo.java:updateAndGet(143)) - b89e1062-1dd5-4f67-aefc-0a9ace8ccdc1: start LeaderElection
2019-09-05 17:45:11,330 [Thread-707] INFO  impl.FollowerState (FollowerState.java:run(106)) - 43c9d192-0b2b-4d49-b612-c9bce3341d53:group-388F3F3A18C1 changes to CANDIDATE, lastRpcTime:5127, electionTimeout:5127ms
2019-09-05 17:45:11,330 [Thread-707] INFO  impl.RoleInfo (RoleInfo.java:shutdownFollowerState(121)) - 43c9d192-0b2b-4d49-b612-c9bce3341d53: shutdown FollowerState
2019-09-05 17:45:11,330 [Thread-707] INFO  impl.RaftServerImpl (RaftServerImpl.java:setRole(171)) - 43c9d192-0b2b-4d49-b612-c9bce3341d53:group-388F3F3A18C1 changes role from FOLLOWER to CANDIDATE at term 0 for changeToCandidate
2019-09-05 17:45:11,331 [Thread-707] INFO  impl.RoleInfo (RoleInfo.java:updateAndGet(143)) - 43c9d192-0b2b-4d49-b612-c9bce3341d53: start LeaderElection
2019-09-05 17:45:11,522 [8289af37-400f-43f1-9029-8d41a6c3e7e8:group-E637A3AA3692:LeaderElection19] INFO  impl.LeaderElection (LeaderElection.java:askForVotes(181)) - 8289af37-400f-43f1-9029-8d41a6c3e7e8:group-E637A3AA3692:LeaderElection19: begin an election at term 1 for -1: [8289af37-400f-43f1-9029-8d41a6c3e7e8:192.168.69.120:36098], old=null
2019-09-05 17:45:11,522 [8289af37-400f-43f1-9029-8d41a6c3e7e8:group-E637A3AA3692:LeaderElection19] INFO  impl.RoleInfo (RoleInfo.java:shutdownLeaderElection(134)) - 8289af37-400f-43f1-9029-8d41a6c3e7e8: shutdown LeaderElection
2019-09-05 17:45:11,522 [8289af37-400f-43f1-9029-8d41a6c3e7e8:group-E637A3AA3692:LeaderElection19] INFO  impl.RaftServerImpl (RaftServerImpl.java:setRole(171)) - 8289af37-400f-43f1-9029-8d41a6c3e7e8:group-E637A3AA3692 changes role from CANDIDATE to LEADER at term 1 for changeToLeader
2019-09-05 17:45:11,522 [8289af37-400f-43f1-9029-8d41a6c3e7e8:group-E637A3AA3692:LeaderElection19] INFO  impl.RaftServerImpl (ServerState.java:setLeader(263)) - 8289af37-400f-43f1-9029-8d41a6c3e7e8:group-E637A3AA3692 change Leader from null to 8289af37-400f-43f1-9029-8d41a6c3e7e8 at term 1 for becomeLeader, leader elected after 6209ms
2019-09-05 17:45:11,522 [8289af37-400f-43f1-9029-8d41a6c3e7e8:group-E637A3AA3692:LeaderElection19] INFO  server.RaftServerConfigKeys (ConfUtils.java:logGet(43)) - raft.server.staging.catchup.gap = 1000 (default)
2019-09-05 17:45:11,522 [8289af37-400f-43f1-9029-8d41a6c3e7e8:group-E637A3AA3692:LeaderElection19] INFO  server.RaftServerConfigKeys (ConfUtils.java:logGet(43)) - raft.server.rpc.sleep.time = 25ms (default)
2019-09-05 17:45:11,523 [43c9d192-0b2b-4d49-b612-c9bce3341d53-SegmentedRaftLogWorker:Storage Directory /workdir/hadoop-ozone/integration-test/target/test-dir/MiniOzoneClusterImpl-329502e2-e6cd-45ba-986e-04556b25a2a9/datanode-5/data/ratis/066f7752-b137-4406-a5cb-0aa96fe233c6] INFO  segmented.SegmentedRaftLogWorker (SegmentedRaftLogWorker.java:execute(569)) - 43c9d192-0b2b-4d49-b612-c9bce3341d53-SegmentedRaftLogWorker:Storage Directory /workdir/hadoop-ozone/integration-test/target/test-dir/MiniOzoneClusterImpl-329502e2-e6cd-45ba-986e-04556b25a2a9/datanode-5/data/ratis/066f7752-b137-4406-a5cb-0aa96fe233c6: created new log segment /workdir/hadoop-ozone/integration-test/target/test-dir/MiniOzoneClusterImpl-329502e2-e6cd-45ba-986e-04556b25a2a9/datanode-5/data/ratis/066f7752-b137-4406-a5cb-0aa96fe233c6/current/log_inprogress_0
2019-09-05 17:45:11,523 [8289af37-400f-43f1-9029-8d41a6c3e7e8:group-E637A3AA3692:LeaderElection19] INFO  server.RaftServerConfigKeys (ConfUtils.java:logGet(43)) - raft.server.write.element-limit = 4096 (default)
2019-09-05 17:45:11,523 [8289af37-400f-43f1-9029-8d41a6c3e7e8:group-E637A3AA3692:LeaderElection19] INFO  server.RaftServerConfigKeys (ConfUtils.java:logGet(43)) - raft.server.watch.timeout = 10s (default)
2019-09-05 17:45:11,523 [8289af37-400f-43f1-9029-8d41a6c3e7e8:group-E637A3AA3692:LeaderElection19] INFO  server.RaftServerConfigKeys (ConfUtils.java:logGet(43)) - raft.server.watch.timeout.denomination = 1s (default)
2019-09-05 17:45:11,523 [8289af37-400f-43f1-9029-8d41a6c3e7e8:group-E637A3AA3692:LeaderElection19] INFO  server.RaftServerConfigKeys (ConfUtils.java:logGet(43)) - raft.server.watch.element-limit = 65536 (default)
2019-09-05 17:45:11,523 [8289af37-400f-43f1-9029-8d41a6c3e7e8:group-E637A3AA3692:LeaderElection19] INFO  impl.RoleInfo (RoleInfo.java:updateAndGet(143)) - 8289af37-400f-43f1-9029-8d41a6c3e7e8: start LeaderState
2019-09-05 17:45:11,523 [8289af37-400f-43f1-9029-8d41a6c3e7e8:group-E637A3AA3692:LeaderElection19] INFO  segmented.SegmentedRaftLogWorker (SegmentedRaftLogWorker.java:startLogSegment(380)) - 8289af37-400f-43f1-9029-8d41a6c3e7e8-SegmentedRaftLogWorker:Storage Directory /workdir/hadoop-ozone/integration-test/target/test-dir/MiniOzoneClusterImpl-329502e2-e6cd-45ba-986e-04556b25a2a9/datanode-6/data/ratis/ec9bcbec-acc1-459c-a37d-e637a3aa3692: Starting segment from index:0
2019-09-05 17:45:11,524 [8289af37-400f-43f1-9029-8d41a6c3e7e8:group-E637A3AA3692:LeaderElection19] INFO  impl.RaftServerImpl (ServerState.java:setRaftConf(361)) - 8289af37-400f-43f1-9029-8d41a6c3e7e8:group-E637A3AA3692 set configuration 0: [8289af37-400f-43f1-9029-8d41a6c3e7e8:192.168.69.120:36098], old=null at 0
2019-09-05 17:45:11,708 [8289af37-400f-43f1-9029-8d41a6c3e7e8-SegmentedRaftLogWorker:Storage Directory /workdir/hadoop-ozone/integration-test/target/test-dir/MiniOzoneClusterImpl-329502e2-e6cd-45ba-986e-04556b25a2a9/datanode-6/data/ratis/ec9bcbec-acc1-459c-a37d-e637a3aa3692] INFO  segmented.SegmentedRaftLogWorker (SegmentedRaftLogWorker.java:execute(569)) - 8289af37-400f-43f1-9029-8d41a6c3e7e8-SegmentedRaftLogWorker:Storage Directory /workdir/hadoop-ozone/integration-test/target/test-dir/MiniOzoneClusterImpl-329502e2-e6cd-45ba-986e-04556b25a2a9/datanode-6/data/ratis/ec9bcbec-acc1-459c-a37d-e637a3aa3692: created new log segment /workdir/hadoop-ozone/integration-test/target/test-dir/MiniOzoneClusterImpl-329502e2-e6cd-45ba-986e-04556b25a2a9/datanode-6/data/ratis/ec9bcbec-acc1-459c-a37d-e637a3aa3692/current/log_inprogress_0
2019-09-05 17:45:11,708 [b89e1062-1dd5-4f67-aefc-0a9ace8ccdc1:group-388F3F3A18C1:LeaderElection23] INFO  impl.LeaderElection (LeaderElection.java:askForVotes(181)) - b89e1062-1dd5-4f67-aefc-0a9ace8ccdc1:group-388F3F3A18C1:LeaderElection23: begin an election at term 1 for -1: [b89e1062-1dd5-4f67-aefc-0a9ace8ccdc1:192.168.69.120:41499, 43c9d192-0b2b-4d49-b612-c9bce3341d53:192.168.69.120:40210, 8289af37-400f-43f1-9029-8d41a6c3e7e8:192.168.69.120:36098], old=null
2019-09-05 17:45:11,708 [19029b43-bdce-43ef-8284-637faf53ed87:group-B55C8C6A1FEB:LeaderElection21] INFO  impl.LeaderElection (LeaderElection.java:askForVotes(181)) - 19029b43-bdce-43ef-8284-637faf53ed87:group-B55C8C6A1FEB:LeaderElection21: begin an election at term 1 for -1: [19029b43-bdce-43ef-8284-637faf53ed87:192.168.69.120:35651], old=null
2019-09-05 17:45:11,708 [43c9d192-0b2b-4d49-b612-c9bce3341d53:group-388F3F3A18C1:LeaderElection24] INFO  impl.LeaderElection (LeaderElection.java:askForVotes(181)) - 43c9d192-0b2b-4d49-b612-c9bce3341d53:group-388F3F3A18C1:LeaderElection24: begin an election at term 1 for -1: [b89e1062-1dd5-4f67-aefc-0a9ace8ccdc1:192.168.69.120:41499, 43c9d192-0b2b-4d49-b612-c9bce3341d53:192.168.69.120:40210, 8289af37-400f-43f1-9029-8d41a6c3e7e8:192.168.69.120:36098], old=null
2019-09-05 17:45:11,708 [8289af37-400f-43f1-9029-8d41a6c3e7e8:group-388F3F3A18C1:LeaderElection22] INFO  impl.LeaderElection (LeaderElection.java:askForVotes(181)) - 8289af37-400f-43f1-9029-8d41a6c3e7e8:group-388F3F3A18C1:LeaderElection22: begin an election at term 1 for -1: [b89e1062-1dd5-4f67-aefc-0a9ace8ccdc1:192.168.69.120:41499, 43c9d192-0b2b-4d49-b612-c9bce3341d53:192.168.69.120:40210, 8289af37-400f-43f1-9029-8d41a6c3e7e8:192.168.69.120:36098], old=null
2019-09-05 17:45:11,708 [74b010d1-2c48-484e-a8d6-dd48a46a9f09:group-565EA2AE0FDB:LeaderElection20] INFO  impl.LeaderElection (LeaderElection.java:askForVotes(181)) - 74b010d1-2c48-484e-a8d6-dd48a46a9f09:group-565EA2AE0FDB:LeaderElection20: begin an election at term 1 for -1: [74b010d1-2c48-484e-a8d6-dd48a46a9f09:192.168.69.120:42326], old=null
2019-09-05 17:45:11,709 [19029b43-bdce-43ef-8284-637faf53ed87:group-B55C8C6A1FEB:LeaderElection21] INFO  impl.RoleInfo (RoleInfo.java:shutdownLeaderElection(134)) - 19029b43-bdce-43ef-8284-637faf53ed87: shutdown LeaderElection
2019-09-05 17:45:11,709 [74b010d1-2c48-484e-a8d6-dd48a46a9f09:group-565EA2AE0FDB:LeaderElection20] INFO  impl.RoleInfo (RoleInfo.java:shutdownLeaderElection(134)) - 74b010d1-2c48-484e-a8d6-dd48a46a9f09: shutdown LeaderElection
2019-09-05 17:45:11,709 [19029b43-bdce-43ef-8284-637faf53ed87:group-B55C8C6A1FEB:LeaderElection21] INFO  impl.RaftServerImpl (RaftServerImpl.java:setRole(171)) - 19029b43-bdce-43ef-8284-637faf53ed87:group-B55C8C6A1FEB changes role from CANDIDATE to LEADER at term 1 for changeToLeader
2019-09-05 17:45:11,709 [74b010d1-2c48-484e-a8d6-dd48a46a9f09:group-565EA2AE0FDB:LeaderElection20] INFO  impl.RaftServerImpl (RaftServerImpl.java:setRole(171)) - 74b010d1-2c48-484e-a8d6-dd48a46a9f09:group-565EA2AE0FDB changes role from CANDIDATE to LEADER at term 1 for changeToLeader
2019-09-05 17:45:11,709 [19029b43-bdce-43ef-8284-637faf53ed87:group-B55C8C6A1FEB:LeaderElection21] INFO  impl.RaftServerImpl (ServerState.java:setLeader(263)) - 19029b43-bdce-43ef-8284-637faf53ed87:group-B55C8C6A1FEB change Leader from null to 19029b43-bdce-43ef-8284-637faf53ed87 at term 1 for becomeLeader, leader elected after 5601ms
2019-09-05 17:45:11,709 [74b010d1-2c48-484e-a8d6-dd48a46a9f09:group-565EA2AE0FDB:LeaderElection20] INFO  impl.RaftServerImpl (ServerState.java:setLeader(263)) - 74b010d1-2c48-484e-a8d6-dd48a46a9f09:group-565EA2AE0FDB change Leader from null to 74b010d1-2c48-484e-a8d6-dd48a46a9f09 at term 1 for becomeLeader, leader elected after 5743ms
2019-09-05 17:45:11,718 [19029b43-bdce-43ef-8284-637faf53ed87:group-B55C8C6A1FEB:LeaderElection21] INFO  server.RaftServerConfigKeys (ConfUtils.java:logGet(43)) - raft.server.staging.catchup.gap = 1000 (default)
2019-09-05 17:45:11,718 [74b010d1-2c48-484e-a8d6-dd48a46a9f09:group-565EA2AE0FDB:LeaderElection20] INFO  server.RaftServerConfigKeys (ConfUtils.java:logGet(43)) - raft.server.staging.catchup.gap = 1000 (default)
2019-09-05 17:45:11,718 [19029b43-bdce-43ef-8284-637faf53ed87:group-B55C8C6A1FEB:LeaderElection21] INFO  server.RaftServerConfigKeys (ConfUtils.java:logGet(43)) - raft.server.rpc.sleep.time = 25ms (default)
2019-09-05 17:45:11,718 [74b010d1-2c48-484e-a8d6-dd48a46a9f09:group-565EA2AE0FDB:LeaderElection20] INFO  server.RaftServerConfigKeys (ConfUtils.java:logGet(43)) - raft.server.rpc.sleep.time = 25ms (default)
2019-09-05 17:45:11,719 [19029b43-bdce-43ef-8284-637faf53ed87:group-B55C8C6A1FEB:LeaderElection21] INFO  server.RaftServerConfigKeys (ConfUtils.java:logGet(43)) - raft.server.write.element-limit = 4096 (default)
2019-09-05 17:45:11,719 [74b010d1-2c48-484e-a8d6-dd48a46a9f09:group-565EA2AE0FDB:LeaderElection20] INFO  server.RaftServerConfigKeys (ConfUtils.java:logGet(43)) - raft.server.write.element-limit = 4096 (default)
2019-09-05 17:45:11,723 [19029b43-bdce-43ef-8284-637faf53ed87:group-B55C8C6A1FEB:LeaderElection21] INFO  server.RaftServerConfigKeys (ConfUtils.java:logGet(43)) - raft.server.watch.timeout = 10s (default)
2019-09-05 17:45:11,752 [19029b43-bdce-43ef-8284-637faf53ed87:group-B55C8C6A1FEB:LeaderElection21] INFO  server.RaftServerConfigKeys (ConfUtils.java:logGet(43)) - raft.server.watch.timeout.denomination = 1s (default)
2019-09-05 17:45:11,752 [19029b43-bdce-43ef-8284-637faf53ed87:group-B55C8C6A1FEB:LeaderElection21] INFO  server.RaftServerConfigKeys (ConfUtils.java:logGet(43)) - raft.server.watch.element-limit = 65536 (default)
2019-09-05 17:45:11,752 [19029b43-bdce-43ef-8284-637faf53ed87:group-B55C8C6A1FEB:LeaderElection21] INFO  impl.RoleInfo (RoleInfo.java:updateAndGet(143)) - 19029b43-bdce-43ef-8284-637faf53ed87: start LeaderState
2019-09-05 17:45:11,753 [19029b43-bdce-43ef-8284-637faf53ed87:group-B55C8C6A1FEB:LeaderElection21] INFO  segmented.SegmentedRaftLogWorker (SegmentedRaftLogWorker.java:startLogSegment(380)) - 19029b43-bdce-43ef-8284-637faf53ed87-SegmentedRaftLogWorker:Storage Directory /workdir/hadoop-ozone/integration-test/target/test-dir/MiniOzoneClusterImpl-329502e2-e6cd-45ba-986e-04556b25a2a9/datanode-1/data/ratis/1ba31d20-cb0b-4cc5-a966-b55c8c6a1feb: Starting segment from index:0
2019-09-05 17:45:11,757 [74b010d1-2c48-484e-a8d6-dd48a46a9f09:group-565EA2AE0FDB:LeaderElection20] INFO  server.RaftServerConfigKeys (ConfUtils.java:logGet(43)) - raft.server.watch.timeout = 10s (default)
2019-09-05 17:45:11,757 [74b010d1-2c48-484e-a8d6-dd48a46a9f09:group-565EA2AE0FDB:LeaderElection20] INFO  server.RaftServerConfigKeys (ConfUtils.java:logGet(43)) - raft.server.watch.timeout.denomination = 1s (default)
2019-09-05 17:45:11,758 [19029b43-bdce-43ef-8284-637faf53ed87:group-B55C8C6A1FEB:LeaderElection21] INFO  impl.RaftServerImpl (ServerState.java:setRaftConf(361)) - 19029b43-bdce-43ef-8284-637faf53ed87:group-B55C8C6A1FEB set configuration 0: [19029b43-bdce-43ef-8284-637faf53ed87:192.168.69.120:35651], old=null at 0
2019-09-05 17:45:11,758 [74b010d1-2c48-484e-a8d6-dd48a46a9f09:group-565EA2AE0FDB:LeaderElection20] INFO  server.RaftServerConfigKeys (ConfUtils.java:logGet(43)) - raft.server.watch.element-limit = 65536 (default)
2019-09-05 17:45:11,788 [74b010d1-2c48-484e-a8d6-dd48a46a9f09:group-565EA2AE0FDB:LeaderElection20] INFO  impl.RoleInfo (RoleInfo.java:updateAndGet(143)) - 74b010d1-2c48-484e-a8d6-dd48a46a9f09: start LeaderState
2019-09-05 17:45:11,788 [74b010d1-2c48-484e-a8d6-dd48a46a9f09:group-565EA2AE0FDB:LeaderElection20] INFO  segmented.SegmentedRaftLogWorker (SegmentedRaftLogWorker.java:startLogSegment(380)) - 74b010d1-2c48-484e-a8d6-dd48a46a9f09-SegmentedRaftLogWorker:Storage Directory /workdir/hadoop-ozone/integration-test/target/test-dir/MiniOzoneClusterImpl-329502e2-e6cd-45ba-986e-04556b25a2a9/datanode-4/data/ratis/65c1e8be-0227-477c-abfb-565ea2ae0fdb: Starting segment from index:0
2019-09-05 17:45:11,825 [74b010d1-2c48-484e-a8d6-dd48a46a9f09:group-565EA2AE0FDB:LeaderElection20] INFO  impl.RaftServerImpl (ServerState.java:setRaftConf(361)) - 74b010d1-2c48-484e-a8d6-dd48a46a9f09:group-565EA2AE0FDB set configuration 0: [74b010d1-2c48-484e-a8d6-dd48a46a9f09:192.168.69.120:42326], old=null at 0
2019-09-05 17:45:11,826 [b89e1062-1dd5-4f67-aefc-0a9ace8ccdc1:group-388F3F3A18C1:LeaderElection23] INFO  impl.LeaderElection (LeaderElection.java:logAndReturn(56)) - b89e1062-1dd5-4f67-aefc-0a9ace8ccdc1:group-388F3F3A18C1:LeaderElection23: Election REJECTED; received 2 response(s) [b89e1062-1dd5-4f67-aefc-0a9ace8ccdc1<-43c9d192-0b2b-4d49-b612-c9bce3341d53#0:FAIL-t1, b89e1062-1dd5-4f67-aefc-0a9ace8ccdc1<-8289af37-400f-43f1-9029-8d41a6c3e7e8#0:FAIL-t1] and 0 exception(s); b89e1062-1dd5-4f67-aefc-0a9ace8ccdc1:t1, leader=null, voted=b89e1062-1dd5-4f67-aefc-0a9ace8ccdc1, raftlog=b89e1062-1dd5-4f67-aefc-0a9ace8ccdc1-SegmentedRaftLog:OPENED:c-1,f-1,i0, conf=-1: [b89e1062-1dd5-4f67-aefc-0a9ace8ccdc1:192.168.69.120:41499, 43c9d192-0b2b-4d49-b612-c9bce3341d53:192.168.69.120:40210, 8289af37-400f-43f1-9029-8d41a6c3e7e8:192.168.69.120:36098], old=null
2019-09-05 17:45:11,826 [b89e1062-1dd5-4f67-aefc-0a9ace8ccdc1:group-388F3F3A18C1:LeaderElection23] INFO  impl.RaftServerImpl (RaftServerImpl.java:setRole(171)) - b89e1062-1dd5-4f67-aefc-0a9ace8ccdc1:group-388F3F3A18C1 changes role from CANDIDATE to FOLLOWER at term 1 for DISCOVERED_A_NEW_TERM
2019-09-05 17:45:11,826 [b89e1062-1dd5-4f67-aefc-0a9ace8ccdc1:group-388F3F3A18C1:LeaderElection23] INFO  impl.RoleInfo (RoleInfo.java:shutdownLeaderElection(134)) - b89e1062-1dd5-4f67-aefc-0a9ace8ccdc1: shutdown LeaderElection
2019-09-05 17:45:11,827 [b89e1062-1dd5-4f67-aefc-0a9ace8ccdc1:group-388F3F3A18C1:LeaderElection23] INFO  impl.RoleInfo (RoleInfo.java:updateAndGet(143)) - b89e1062-1dd5-4f67-aefc-0a9ace8ccdc1: start FollowerState
2019-09-05 17:45:11,837 [43c9d192-0b2b-4d49-b612-c9bce3341d53:group-388F3F3A18C1:LeaderElection24] INFO  impl.LeaderElection (LeaderElection.java:logAndReturn(56)) - 43c9d192-0b2b-4d49-b612-c9bce3341d53:group-388F3F3A18C1:LeaderElection24: Election REJECTED; received 2 response(s) [43c9d192-0b2b-4d49-b612-c9bce3341d53<-b89e1062-1dd5-4f67-aefc-0a9ace8ccdc1#0:FAIL-t1, 43c9d192-0b2b-4d49-b612-c9bce3341d53<-8289af37-400f-43f1-9029-8d41a6c3e7e8#0:FAIL-t1] and 0 exception(s); 43c9d192-0b2b-4d49-b612-c9bce3341d53:t1, leader=null, voted=43c9d192-0b2b-4d49-b612-c9bce3341d53, raftlog=43c9d192-0b2b-4d49-b612-c9bce3341d53-SegmentedRaftLog:OPENED:c-1,f-1,i0, conf=-1: [b89e1062-1dd5-4f67-aefc-0a9ace8ccdc1:192.168.69.120:41499, 43c9d192-0b2b-4d49-b612-c9bce3341d53:192.168.69.120:40210, 8289af37-400f-43f1-9029-8d41a6c3e7e8:192.168.69.120:36098], old=null
2019-09-05 17:45:11,849 [43c9d192-0b2b-4d49-b612-c9bce3341d53:group-388F3F3A18C1:LeaderElection24] INFO  impl.RaftServerImpl (RaftServerImpl.java:setRole(171)) - 43c9d192-0b2b-4d49-b612-c9bce3341d53:group-388F3F3A18C1 changes role from CANDIDATE to FOLLOWER at term 1 for DISCOVERED_A_NEW_TERM
2019-09-05 17:45:11,849 [43c9d192-0b2b-4d49-b612-c9bce3341d53:group-388F3F3A18C1:LeaderElection24] INFO  impl.RoleInfo (RoleInfo.java:shutdownLeaderElection(134)) - 43c9d192-0b2b-4d49-b612-c9bce3341d53: shutdown LeaderElection
2019-09-05 17:45:11,849 [43c9d192-0b2b-4d49-b612-c9bce3341d53:group-388F3F3A18C1:LeaderElection24] INFO  impl.RoleInfo (RoleInfo.java:updateAndGet(143)) - 43c9d192-0b2b-4d49-b612-c9bce3341d53: start FollowerState
2019-09-05 17:45:11,850 [8289af37-400f-43f1-9029-8d41a6c3e7e8:group-388F3F3A18C1:LeaderElection22] INFO  impl.LeaderElection (LeaderElection.java:logAndReturn(56)) - 8289af37-400f-43f1-9029-8d41a6c3e7e8:group-388F3F3A18C1:LeaderElection22: Election REJECTED; received 2 response(s) [8289af37-400f-43f1-9029-8d41a6c3e7e8<-b89e1062-1dd5-4f67-aefc-0a9ace8ccdc1#0:FAIL-t1, 8289af37-400f-43f1-9029-8d41a6c3e7e8<-43c9d192-0b2b-4d49-b612-c9bce3341d53#0:FAIL-t1] and 0 exception(s); 8289af37-400f-43f1-9029-8d41a6c3e7e8:t1, leader=null, voted=8289af37-400f-43f1-9029-8d41a6c3e7e8, raftlog=8289af37-400f-43f1-9029-8d41a6c3e7e8-SegmentedRaftLog:OPENED:c-1,f-1,i0, conf=-1: [b89e1062-1dd5-4f67-aefc-0a9ace8ccdc1:192.168.69.120:41499, 43c9d192-0b2b-4d49-b612-c9bce3341d53:192.168.69.120:40210, 8289af37-400f-43f1-9029-8d41a6c3e7e8:192.168.69.120:36098], old=null
2019-09-05 17:45:11,850 [grpc-default-executor-1] INFO  client.GrpcClientProtocolClient (GrpcClientProtocolClient.java:onNext(255)) - client-90237757EAD3->b89e1062-1dd5-4f67-aefc-0a9ace8ccdc1: receive RaftClientReply:client-90237757EAD3->b89e1062-1dd5-4f67-aefc-0a9ace8ccdc1@group-388F3F3A18C1, cid=24, FAILED org.apache.ratis.protocol.NotLeaderException: Server b89e1062-1dd5-4f67-aefc-0a9ace8ccdc1 is not the leader (null). Request must be sent to leader., logIndex=0, commits[b89e1062-1dd5-4f67-aefc-0a9ace8ccdc1:c-1]
2019-09-05 17:45:11,850 [8289af37-400f-43f1-9029-8d41a6c3e7e8:group-388F3F3A18C1:LeaderElection22] INFO  impl.RaftServerImpl (RaftServerImpl.java:setRole(171)) - 8289af37-400f-43f1-9029-8d41a6c3e7e8:group-388F3F3A18C1 changes role from CANDIDATE to FOLLOWER at term 1 for DISCOVERED_A_NEW_TERM
2019-09-05 17:45:11,854 [8289af37-400f-43f1-9029-8d41a6c3e7e8:group-388F3F3A18C1:LeaderElection22] INFO  impl.RoleInfo (RoleInfo.java:shutdownLeaderElection(134)) - 8289af37-400f-43f1-9029-8d41a6c3e7e8: shutdown LeaderElection
2019-09-05 17:45:11,854 [8289af37-400f-43f1-9029-8d41a6c3e7e8:group-388F3F3A18C1:LeaderElection22] INFO  impl.RoleInfo (RoleInfo.java:updateAndGet(143)) - 8289af37-400f-43f1-9029-8d41a6c3e7e8: start FollowerState
2019-09-05 17:45:12,096 [74b010d1-2c48-484e-a8d6-dd48a46a9f09-SegmentedRaftLogWorker:Storage Directory /workdir/hadoop-ozone/integration-test/target/test-dir/MiniOzoneClusterImpl-329502e2-e6cd-45ba-986e-04556b25a2a9/datanode-4/data/ratis/65c1e8be-0227-477c-abfb-565ea2ae0fdb] INFO  segmented.SegmentedRaftLogWorker (SegmentedRaftLogWorker.java:execute(569)) - 74b010d1-2c48-484e-a8d6-dd48a46a9f09-SegmentedRaftLogWorker:Storage Directory /workdir/hadoop-ozone/integration-test/target/test-dir/MiniOzoneClusterImpl-329502e2-e6cd-45ba-986e-04556b25a2a9/datanode-4/data/ratis/65c1e8be-0227-477c-abfb-565ea2ae0fdb: created new log segment /workdir/hadoop-ozone/integration-test/target/test-dir/MiniOzoneClusterImpl-329502e2-e6cd-45ba-986e-04556b25a2a9/datanode-4/data/ratis/65c1e8be-0227-477c-abfb-565ea2ae0fdb/current/log_inprogress_0
2019-09-05 17:45:12,096 [19029b43-bdce-43ef-8284-637faf53ed87-SegmentedRaftLogWorker:Storage Directory /workdir/hadoop-ozone/integration-test/target/test-dir/MiniOzoneClusterImpl-329502e2-e6cd-45ba-986e-04556b25a2a9/datanode-1/data/ratis/1ba31d20-cb0b-4cc5-a966-b55c8c6a1feb] INFO  segmented.SegmentedRaftLogWorker (SegmentedRaftLogWorker.java:execute(569)) - 19029b43-bdce-43ef-8284-637faf53ed87-SegmentedRaftLogWorker:Storage Directory /workdir/hadoop-ozone/integration-test/target/test-dir/MiniOzoneClusterImpl-329502e2-e6cd-45ba-986e-04556b25a2a9/datanode-1/data/ratis/1ba31d20-cb0b-4cc5-a966-b55c8c6a1feb: created new log segment /workdir/hadoop-ozone/integration-test/target/test-dir/MiniOzoneClusterImpl-329502e2-e6cd-45ba-986e-04556b25a2a9/datanode-1/data/ratis/1ba31d20-cb0b-4cc5-a966-b55c8c6a1feb/current/log_inprogress_0
2019-09-05 17:45:12,255 [Thread-733] INFO  impl.FollowerState (FollowerState.java:run(106)) - ace24089-7f3f-4aaf-a97a-16eb738b0bb6:group-15FAE68E83E9 changes to CANDIDATE, lastRpcTime:5032, electionTimeout:5032ms
2019-09-05 17:45:12,256 [Thread-733] INFO  impl.RoleInfo (RoleInfo.java:shutdownFollowerState(121)) - ace24089-7f3f-4aaf-a97a-16eb738b0bb6: shutdown FollowerState
2019-09-05 17:45:12,256 [Thread-733] INFO  impl.RaftServerImpl (RaftServerImpl.java:setRole(171)) - ace24089-7f3f-4aaf-a97a-16eb738b0bb6:group-15FAE68E83E9 changes role from FOLLOWER to CANDIDATE at term 0 for changeToCandidate
2019-09-05 17:45:12,256 [Thread-733] INFO  impl.RoleInfo (RoleInfo.java:updateAndGet(143)) - ace24089-7f3f-4aaf-a97a-16eb738b0bb6: start LeaderElection
2019-09-05 17:45:12,388 [Thread-731] INFO  impl.FollowerState (FollowerState.java:run(106)) - 74b010d1-2c48-484e-a8d6-dd48a46a9f09:group-15FAE68E83E9 changes to CANDIDATE, lastRpcTime:5174, electionTimeout:5174ms
2019-09-05 17:45:12,388 [Thread-731] INFO  impl.RoleInfo (RoleInfo.java:shutdownFollowerState(121)) - 74b010d1-2c48-484e-a8d6-dd48a46a9f09: shutdown FollowerState
2019-09-05 17:45:12,388 [Thread-731] INFO  impl.RaftServerImpl (RaftServerImpl.java:setRole(171)) - 74b010d1-2c48-484e-a8d6-dd48a46a9f09:group-15FAE68E83E9 changes role from FOLLOWER to CANDIDATE at term 0 for changeToCandidate
2019-09-05 17:45:12,388 [Thread-731] INFO  impl.RoleInfo (RoleInfo.java:updateAndGet(143)) - 74b010d1-2c48-484e-a8d6-dd48a46a9f09: start LeaderElection
2019-09-05 17:45:12,411 [Thread-728] INFO  impl.FollowerState (FollowerState.java:run(106)) - 154c3b90-cc4f-4766-ab8b-2d86655077c2:group-15FAE68E83E9 changes to CANDIDATE, lastRpcTime:5199, electionTimeout:5199ms
2019-09-05 17:45:12,411 [Thread-728] INFO  impl.RoleInfo (RoleInfo.java:shutdownFollowerState(121)) - 154c3b90-cc4f-4766-ab8b-2d86655077c2: shutdown FollowerState
2019-09-05 17:45:12,411 [Thread-728] INFO  impl.RaftServerImpl (RaftServerImpl.java:setRole(171)) - 154c3b90-cc4f-4766-ab8b-2d86655077c2:group-15FAE68E83E9 changes role from FOLLOWER to CANDIDATE at term 0 for changeToCandidate
2019-09-05 17:45:12,411 [Thread-728] INFO  impl.RoleInfo (RoleInfo.java:updateAndGet(143)) - 154c3b90-cc4f-4766-ab8b-2d86655077c2: start LeaderElection
2019-09-05 17:45:12,436 [ace24089-7f3f-4aaf-a97a-16eb738b0bb6:group-15FAE68E83E9:LeaderElection25] INFO  impl.LeaderElection (LeaderElection.java:askForVotes(181)) - ace24089-7f3f-4aaf-a97a-16eb738b0bb6:group-15FAE68E83E9:LeaderElection25: begin an election at term 1 for -1: [154c3b90-cc4f-4766-ab8b-2d86655077c2:192.168.69.120:33526, ace24089-7f3f-4aaf-a97a-16eb738b0bb6:192.168.69.120:42130, 74b010d1-2c48-484e-a8d6-dd48a46a9f09:192.168.69.120:42326], old=null
2019-09-05 17:45:12,550 [74b010d1-2c48-484e-a8d6-dd48a46a9f09:group-15FAE68E83E9:LeaderElection26] INFO  impl.LeaderElection (LeaderElection.java:askForVotes(181)) - 74b010d1-2c48-484e-a8d6-dd48a46a9f09:group-15FAE68E83E9:LeaderElection26: begin an election at term 1 for -1: [154c3b90-cc4f-4766-ab8b-2d86655077c2:192.168.69.120:33526, ace24089-7f3f-4aaf-a97a-16eb738b0bb6:192.168.69.120:42130, 74b010d1-2c48-484e-a8d6-dd48a46a9f09:192.168.69.120:42326], old=null
2019-09-05 17:45:12,550 [154c3b90-cc4f-4766-ab8b-2d86655077c2:group-15FAE68E83E9:LeaderElection27] INFO  impl.LeaderElection (LeaderElection.java:askForVotes(181)) - 154c3b90-cc4f-4766-ab8b-2d86655077c2:group-15FAE68E83E9:LeaderElection27: begin an election at term 1 for -1: [154c3b90-cc4f-4766-ab8b-2d86655077c2:192.168.69.120:33526, ace24089-7f3f-4aaf-a97a-16eb738b0bb6:192.168.69.120:42130, 74b010d1-2c48-484e-a8d6-dd48a46a9f09:192.168.69.120:42326], old=null
2019-09-05 17:45:12,562 [ace24089-7f3f-4aaf-a97a-16eb738b0bb6:group-15FAE68E83E9:LeaderElection25] INFO  impl.LeaderElection (LeaderElection.java:logAndReturn(56)) - ace24089-7f3f-4aaf-a97a-16eb738b0bb6:group-15FAE68E83E9:LeaderElection25: Election REJECTED; received 2 response(s) [ace24089-7f3f-4aaf-a97a-16eb738b0bb6<-154c3b90-cc4f-4766-ab8b-2d86655077c2#0:FAIL-t1, ace24089-7f3f-4aaf-a97a-16eb738b0bb6<-74b010d1-2c48-484e-a8d6-dd48a46a9f09#0:FAIL-t1] and 0 exception(s); ace24089-7f3f-4aaf-a97a-16eb738b0bb6:t1, leader=null, voted=ace24089-7f3f-4aaf-a97a-16eb738b0bb6, raftlog=ace24089-7f3f-4aaf-a97a-16eb738b0bb6-SegmentedRaftLog:OPENED:c-1,f-1,i0, conf=-1: [154c3b90-cc4f-4766-ab8b-2d86655077c2:192.168.69.120:33526, ace24089-7f3f-4aaf-a97a-16eb738b0bb6:192.168.69.120:42130, 74b010d1-2c48-484e-a8d6-dd48a46a9f09:192.168.69.120:42326], old=null
2019-09-05 17:45:12,562 [ace24089-7f3f-4aaf-a97a-16eb738b0bb6:group-15FAE68E83E9:LeaderElection25] INFO  impl.RaftServerImpl (RaftServerImpl.java:setRole(171)) - ace24089-7f3f-4aaf-a97a-16eb738b0bb6:group-15FAE68E83E9 changes role from CANDIDATE to FOLLOWER at term 1 for DISCOVERED_A_NEW_TERM
2019-09-05 17:45:12,562 [ace24089-7f3f-4aaf-a97a-16eb738b0bb6:group-15FAE68E83E9:LeaderElection25] INFO  impl.RoleInfo (RoleInfo.java:shutdownLeaderElection(134)) - ace24089-7f3f-4aaf-a97a-16eb738b0bb6: shutdown LeaderElection
2019-09-05 17:45:12,562 [ace24089-7f3f-4aaf-a97a-16eb738b0bb6:group-15FAE68E83E9:LeaderElection25] INFO  impl.RoleInfo (RoleInfo.java:updateAndGet(143)) - ace24089-7f3f-4aaf-a97a-16eb738b0bb6: start FollowerState
2019-09-05 17:45:12,572 [154c3b90-cc4f-4766-ab8b-2d86655077c2:group-15FAE68E83E9:LeaderElection27] INFO  impl.LeaderElection (LeaderElection.java:logAndReturn(56)) - 154c3b90-cc4f-4766-ab8b-2d86655077c2:group-15FAE68E83E9:LeaderElection27: Election REJECTED; received 2 response(s) [154c3b90-cc4f-4766-ab8b-2d86655077c2<-ace24089-7f3f-4aaf-a97a-16eb738b0bb6#0:FAIL-t1, 154c3b90-cc4f-4766-ab8b-2d86655077c2<-74b010d1-2c48-484e-a8d6-dd48a46a9f09#0:FAIL-t1] and 0 exception(s); 154c3b90-cc4f-4766-ab8b-2d86655077c2:t1, leader=null, voted=154c3b90-cc4f-4766-ab8b-2d86655077c2, raftlog=154c3b90-cc4f-4766-ab8b-2d86655077c2-SegmentedRaftLog:OPENED:c-1,f-1,i0, conf=-1: [154c3b90-cc4f-4766-ab8b-2d86655077c2:192.168.69.120:33526, ace24089-7f3f-4aaf-a97a-16eb738b0bb6:192.168.69.120:42130, 74b010d1-2c48-484e-a8d6-dd48a46a9f09:192.168.69.120:42326], old=null
2019-09-05 17:45:12,572 [154c3b90-cc4f-4766-ab8b-2d86655077c2:group-15FAE68E83E9:LeaderElection27] INFO  impl.RaftServerImpl (RaftServerImpl.java:setRole(171)) - 154c3b90-cc4f-4766-ab8b-2d86655077c2:group-15FAE68E83E9 changes role from CANDIDATE to FOLLOWER at term 1 for DISCOVERED_A_NEW_TERM
2019-09-05 17:45:12,573 [154c3b90-cc4f-4766-ab8b-2d86655077c2:group-15FAE68E83E9:LeaderElection27] INFO  impl.RoleInfo (RoleInfo.java:shutdownLeaderElection(134)) - 154c3b90-cc4f-4766-ab8b-2d86655077c2: shutdown LeaderElection
2019-09-05 17:45:12,573 [154c3b90-cc4f-4766-ab8b-2d86655077c2:group-15FAE68E83E9:LeaderElection27] INFO  impl.RoleInfo (RoleInfo.java:updateAndGet(143)) - 154c3b90-cc4f-4766-ab8b-2d86655077c2: start FollowerState
2019-09-05 17:45:12,573 [74b010d1-2c48-484e-a8d6-dd48a46a9f09:group-15FAE68E83E9:LeaderElection26] INFO  impl.LeaderElection (LeaderElection.java:logAndReturn(56)) - 74b010d1-2c48-484e-a8d6-dd48a46a9f09:group-15FAE68E83E9:LeaderElection26: Election REJECTED; received 2 response(s) [74b010d1-2c48-484e-a8d6-dd48a46a9f09<-154c3b90-cc4f-4766-ab8b-2d86655077c2#0:FAIL-t1, 74b010d1-2c48-484e-a8d6-dd48a46a9f09<-ace24089-7f3f-4aaf-a97a-16eb738b0bb6#0:FAIL-t1] and 0 exception(s); 74b010d1-2c48-484e-a8d6-dd48a46a9f09:t1, leader=null, voted=74b010d1-2c48-484e-a8d6-dd48a46a9f09, raftlog=74b010d1-2c48-484e-a8d6-dd48a46a9f09-SegmentedRaftLog:OPENED:c-1,f-1,i0, conf=-1: [154c3b90-cc4f-4766-ab8b-2d86655077c2:192.168.69.120:33526, ace24089-7f3f-4aaf-a97a-16eb738b0bb6:192.168.69.120:42130, 74b010d1-2c48-484e-a8d6-dd48a46a9f09:192.168.69.120:42326], old=null
2019-09-05 17:45:12,573 [74b010d1-2c48-484e-a8d6-dd48a46a9f09:group-15FAE68E83E9:LeaderElection26] INFO  impl.RaftServerImpl (RaftServerImpl.java:setRole(171)) - 74b010d1-2c48-484e-a8d6-dd48a46a9f09:group-15FAE68E83E9 changes role from CANDIDATE to FOLLOWER at term 1 for DISCOVERED_A_NEW_TERM
2019-09-05 17:45:12,573 [74b010d1-2c48-484e-a8d6-dd48a46a9f09:group-15FAE68E83E9:LeaderElection26] INFO  impl.RoleInfo (RoleInfo.java:shutdownLeaderElection(134)) - 74b010d1-2c48-484e-a8d6-dd48a46a9f09: shutdown LeaderElection
2019-09-05 17:45:12,574 [74b010d1-2c48-484e-a8d6-dd48a46a9f09:group-15FAE68E83E9:LeaderElection26] INFO  impl.RoleInfo (RoleInfo.java:updateAndGet(143)) - 74b010d1-2c48-484e-a8d6-dd48a46a9f09: start FollowerState
2019-09-05 17:45:12,871 [grpc-default-executor-4] INFO  client.GrpcClientProtocolClient (GrpcClientProtocolClient.java:onNext(255)) - client-90237757EAD3->43c9d192-0b2b-4d49-b612-c9bce3341d53: receive RaftClientReply:client-90237757EAD3->43c9d192-0b2b-4d49-b612-c9bce3341d53@group-388F3F3A18C1, cid=24, FAILED org.apache.ratis.protocol.NotLeaderException: Server 43c9d192-0b2b-4d49-b612-c9bce3341d53 is not the leader (null). Request must be sent to leader., logIndex=0, commits[43c9d192-0b2b-4d49-b612-c9bce3341d53:c-1]
2019-09-05 17:45:13,931 [grpc-default-executor-2] INFO  client.GrpcClientProtocolClient (GrpcClientProtocolClient.java:onNext(255)) - client-90237757EAD3->8289af37-400f-43f1-9029-8d41a6c3e7e8: receive RaftClientReply:client-90237757EAD3->8289af37-400f-43f1-9029-8d41a6c3e7e8@group-388F3F3A18C1, cid=24, FAILED org.apache.ratis.protocol.NotLeaderException: Server 8289af37-400f-43f1-9029-8d41a6c3e7e8 is not the leader (null). Request must be sent to leader., logIndex=0, commits[8289af37-400f-43f1-9029-8d41a6c3e7e8:c-1]
2019-09-05 17:45:14,957 [grpc-default-executor-4] INFO  client.GrpcClientProtocolClient (GrpcClientProtocolClient.java:onNext(255)) - client-90237757EAD3->43c9d192-0b2b-4d49-b612-c9bce3341d53: receive RaftClientReply:client-90237757EAD3->43c9d192-0b2b-4d49-b612-c9bce3341d53@group-388F3F3A18C1, cid=24, FAILED org.apache.ratis.protocol.NotLeaderException: Server 43c9d192-0b2b-4d49-b612-c9bce3341d53 is not the leader (null). Request must be sent to leader., logIndex=0, commits[43c9d192-0b2b-4d49-b612-c9bce3341d53:c-1]
2019-09-05 17:45:15,981 [grpc-default-executor-2] INFO  client.GrpcClientProtocolClient (GrpcClientProtocolClient.java:onNext(255)) - client-90237757EAD3->8289af37-400f-43f1-9029-8d41a6c3e7e8: receive RaftClientReply:client-90237757EAD3->8289af37-400f-43f1-9029-8d41a6c3e7e8@group-388F3F3A18C1, cid=24, FAILED org.apache.ratis.protocol.NotLeaderException: Server 8289af37-400f-43f1-9029-8d41a6c3e7e8 is not the leader (null). Request must be sent to leader., logIndex=0, commits[8289af37-400f-43f1-9029-8d41a6c3e7e8:c-1]
2019-09-05 17:45:16,863 [Thread-829] INFO  impl.FollowerState (FollowerState.java:run(106)) - 43c9d192-0b2b-4d49-b612-c9bce3341d53:group-388F3F3A18C1 changes to CANDIDATE, lastRpcTime:5013, electionTimeout:5013ms
2019-09-05 17:45:16,863 [Thread-829] INFO  impl.RoleInfo (RoleInfo.java:shutdownFollowerState(121)) - 43c9d192-0b2b-4d49-b612-c9bce3341d53: shutdown FollowerState
2019-09-05 17:45:16,863 [Thread-829] INFO  impl.RaftServerImpl (RaftServerImpl.java:setRole(171)) - 43c9d192-0b2b-4d49-b612-c9bce3341d53:group-388F3F3A18C1 changes role from FOLLOWER to CANDIDATE at term 1 for changeToCandidate
2019-09-05 17:45:16,864 [Thread-829] INFO  impl.RoleInfo (RoleInfo.java:updateAndGet(143)) - 43c9d192-0b2b-4d49-b612-c9bce3341d53: start LeaderElection
2019-09-05 17:45:16,890 [Thread-830] INFO  impl.FollowerState (FollowerState.java:run(106)) - 8289af37-400f-43f1-9029-8d41a6c3e7e8:group-388F3F3A18C1 changes to CANDIDATE, lastRpcTime:5035, electionTimeout:5030ms
2019-09-05 17:45:16,890 [Thread-830] INFO  impl.RoleInfo (RoleInfo.java:shutdownFollowerState(121)) - 8289af37-400f-43f1-9029-8d41a6c3e7e8: shutdown FollowerState
2019-09-05 17:45:16,890 [Thread-830] INFO  impl.RaftServerImpl (RaftServerImpl.java:setRole(171)) - 8289af37-400f-43f1-9029-8d41a6c3e7e8:group-388F3F3A18C1 changes role from FOLLOWER to CANDIDATE at term 1 for changeToCandidate
2019-09-05 17:45:16,890 [Thread-830] INFO  impl.RoleInfo (RoleInfo.java:updateAndGet(143)) - 8289af37-400f-43f1-9029-8d41a6c3e7e8: start LeaderElection
2019-09-05 17:45:16,903 [Thread-827] INFO  impl.FollowerState (FollowerState.java:run(106)) - b89e1062-1dd5-4f67-aefc-0a9ace8ccdc1:group-388F3F3A18C1 changes to CANDIDATE, lastRpcTime:5076, electionTimeout:5072ms
2019-09-05 17:45:16,903 [Thread-827] INFO  impl.RoleInfo (RoleInfo.java:shutdownFollowerState(121)) - b89e1062-1dd5-4f67-aefc-0a9ace8ccdc1: shutdown FollowerState
2019-09-05 17:45:16,903 [Thread-827] INFO  impl.RaftServerImpl (RaftServerImpl.java:setRole(171)) - b89e1062-1dd5-4f67-aefc-0a9ace8ccdc1:group-388F3F3A18C1 changes role from FOLLOWER to CANDIDATE at term 1 for changeToCandidate
2019-09-05 17:45:16,903 [Thread-827] INFO  impl.RoleInfo (RoleInfo.java:updateAndGet(143)) - b89e1062-1dd5-4f67-aefc-0a9ace8ccdc1: start LeaderElection
2019-09-05 17:45:17,084 [grpc-default-executor-2] INFO  client.GrpcClientProtocolClient (GrpcClientProtocolClient.java:onNext(255)) - client-90237757EAD3->b89e1062-1dd5-4f67-aefc-0a9ace8ccdc1: receive RaftClientReply:client-90237757EAD3->b89e1062-1dd5-4f67-aefc-0a9ace8ccdc1@group-388F3F3A18C1, cid=24, FAILED org.apache.ratis.protocol.NotLeaderException: Server b89e1062-1dd5-4f67-aefc-0a9ace8ccdc1 is not the leader (null). Request must be sent to leader., logIndex=0, commits[b89e1062-1dd5-4f67-aefc-0a9ace8ccdc1:c-1]
2019-09-05 17:45:17,650 [Thread-849] INFO  impl.FollowerState (FollowerState.java:run(106)) - 154c3b90-cc4f-4766-ab8b-2d86655077c2:group-15FAE68E83E9 changes to CANDIDATE, lastRpcTime:5077, electionTimeout:5077ms
2019-09-05 17:45:17,651 [Thread-849] INFO  impl.RoleInfo (RoleInfo.java:shutdownFollowerState(121)) - 154c3b90-cc4f-4766-ab8b-2d86655077c2: shutdown FollowerState
2019-09-05 17:45:17,651 [Thread-849] INFO  impl.RaftServerImpl (RaftServerImpl.java:setRole(171)) - 154c3b90-cc4f-4766-ab8b-2d86655077c2:group-15FAE68E83E9 changes role from FOLLOWER to CANDIDATE at term 1 for changeToCandidate
2019-09-05 17:45:17,651 [Thread-849] INFO  impl.RoleInfo (RoleInfo.java:updateAndGet(143)) - 154c3b90-cc4f-4766-ab8b-2d86655077c2: start LeaderElection
2019-09-05 17:45:17,751 [Thread-850] INFO  impl.FollowerState (FollowerState.java:run(106)) - 74b010d1-2c48-484e-a8d6-dd48a46a9f09:group-15FAE68E83E9 changes to CANDIDATE, lastRpcTime:5177, electionTimeout:5177ms
2019-09-05 17:45:17,751 [Thread-850] INFO  impl.RoleInfo (RoleInfo.java:shutdownFollowerState(121)) - 74b010d1-2c48-484e-a8d6-dd48a46a9f09: shutdown FollowerState
2019-09-05 17:45:17,751 [Thread-850] INFO  impl.RaftServerImpl (RaftServerImpl.java:setRole(171)) - 74b010d1-2c48-484e-a8d6-dd48a46a9f09:group-15FAE68E83E9 changes role from FOLLOWER to CANDIDATE at term 1 for changeToCandidate
2019-09-05 17:45:17,752 [Thread-850] INFO  impl.RoleInfo (RoleInfo.java:updateAndGet(143)) - 74b010d1-2c48-484e-a8d6-dd48a46a9f09: start LeaderElection
2019-09-05 17:45:17,758 [Thread-848] INFO  impl.FollowerState (FollowerState.java:run(106)) - ace24089-7f3f-4aaf-a97a-16eb738b0bb6:group-15FAE68E83E9 changes to CANDIDATE, lastRpcTime:5195, electionTimeout:5194ms
2019-09-05 17:45:17,758 [Thread-848] INFO  impl.RoleInfo (RoleInfo.java:shutdownFollowerState(121)) - ace24089-7f3f-4aaf-a97a-16eb738b0bb6: shutdown FollowerState
2019-09-05 17:45:17,758 [Thread-848] INFO  impl.RaftServerImpl (RaftServerImpl.java:setRole(171)) - ace24089-7f3f-4aaf-a97a-16eb738b0bb6:group-15FAE68E83E9 changes role from FOLLOWER to CANDIDATE at term 1 for changeToCandidate
2019-09-05 17:45:17,758 [Thread-848] INFO  impl.RoleInfo (RoleInfo.java:updateAndGet(143)) - ace24089-7f3f-4aaf-a97a-16eb738b0bb6: start LeaderElection
2019-09-05 17:45:18,103 [grpc-default-executor-2] INFO  client.GrpcClientProtocolClient (GrpcClientProtocolClient.java:onNext(255)) - client-90237757EAD3->43c9d192-0b2b-4d49-b612-c9bce3341d53: receive RaftClientReply:client-90237757EAD3->43c9d192-0b2b-4d49-b612-c9bce3341d53@group-388F3F3A18C1, cid=24, FAILED org.apache.ratis.protocol.NotLeaderException: Server 43c9d192-0b2b-4d49-b612-c9bce3341d53 is not the leader (null). Request must be sent to leader., logIndex=0, commits[43c9d192-0b2b-4d49-b612-c9bce3341d53:c-1]
2019-09-05 17:45:18,261 [b89e1062-1dd5-4f67-aefc-0a9ace8ccdc1:group-388F3F3A18C1:LeaderElection30] INFO  impl.LeaderElection (LeaderElection.java:askForVotes(181)) - b89e1062-1dd5-4f67-aefc-0a9ace8ccdc1:group-388F3F3A18C1:LeaderElection30: begin an election at term 2 for -1: [b89e1062-1dd5-4f67-aefc-0a9ace8ccdc1:192.168.69.120:41499, 43c9d192-0b2b-4d49-b612-c9bce3341d53:192.168.69.120:40210, 8289af37-400f-43f1-9029-8d41a6c3e7e8:192.168.69.120:36098], old=null
2019-09-05 17:45:18,261 [43c9d192-0b2b-4d49-b612-c9bce3341d53:group-388F3F3A18C1:LeaderElection28] INFO  impl.LeaderElection (LeaderElection.java:askForVotes(181)) - 43c9d192-0b2b-4d49-b612-c9bce3341d53:group-388F3F3A18C1:LeaderElection28: begin an election at term 2 for -1: [b89e1062-1dd5-4f67-aefc-0a9ace8ccdc1:192.168.69.120:41499, 43c9d192-0b2b-4d49-b612-c9bce3341d53:192.168.69.120:40210, 8289af37-400f-43f1-9029-8d41a6c3e7e8:192.168.69.120:36098], old=null
2019-09-05 17:45:18,261 [8289af37-400f-43f1-9029-8d41a6c3e7e8:group-388F3F3A18C1:LeaderElection29] INFO  impl.LeaderElection (LeaderElection.java:askForVotes(181)) - 8289af37-400f-43f1-9029-8d41a6c3e7e8:group-388F3F3A18C1:LeaderElection29: begin an election at term 2 for -1: [b89e1062-1dd5-4f67-aefc-0a9ace8ccdc1:192.168.69.120:41499, 43c9d192-0b2b-4d49-b612-c9bce3341d53:192.168.69.120:40210, 8289af37-400f-43f1-9029-8d41a6c3e7e8:192.168.69.120:36098], old=null
2019-09-05 17:45:18,265 [b89e1062-1dd5-4f67-aefc-0a9ace8ccdc1:group-388F3F3A18C1:LeaderElection30] INFO  impl.LeaderElection (LeaderElection.java:logAndReturn(56)) - b89e1062-1dd5-4f67-aefc-0a9ace8ccdc1:group-388F3F3A18C1:LeaderElection30: Election REJECTED; received 2 response(s) [b89e1062-1dd5-4f67-aefc-0a9ace8ccdc1<-43c9d192-0b2b-4d49-b612-c9bce3341d53#0:FAIL-t2, b89e1062-1dd5-4f67-aefc-0a9ace8ccdc1<-8289af37-400f-43f1-9029-8d41a6c3e7e8#0:FAIL-t2] and 0 exception(s); b89e1062-1dd5-4f67-aefc-0a9ace8ccdc1:t2, leader=null, voted=b89e1062-1dd5-4f67-aefc-0a9ace8ccdc1, raftlog=b89e1062-1dd5-4f67-aefc-0a9ace8ccdc1-SegmentedRaftLog:OPENED:c-1,f-1,i0, conf=-1: [b89e1062-1dd5-4f67-aefc-0a9ace8ccdc1:192.168.69.120:41499, 43c9d192-0b2b-4d49-b612-c9bce3341d53:192.168.69.120:40210, 8289af37-400f-43f1-9029-8d41a6c3e7e8:192.168.69.120:36098], old=null
2019-09-05 17:45:18,266 [b89e1062-1dd5-4f67-aefc-0a9ace8ccdc1:group-388F3F3A18C1:LeaderElection30] INFO  impl.RaftServerImpl (RaftServerImpl.java:setRole(171)) - b89e1062-1dd5-4f67-aefc-0a9ace8ccdc1:group-388F3F3A18C1 changes role from CANDIDATE to FOLLOWER at term 2 for DISCOVERED_A_NEW_TERM
2019-09-05 17:45:18,266 [b89e1062-1dd5-4f67-aefc-0a9ace8ccdc1:group-388F3F3A18C1:LeaderElection30] INFO  impl.RoleInfo (RoleInfo.java:shutdownLeaderElection(134)) - b89e1062-1dd5-4f67-aefc-0a9ace8ccdc1: shutdown LeaderElection
2019-09-05 17:45:18,266 [b89e1062-1dd5-4f67-aefc-0a9ace8ccdc1:group-388F3F3A18C1:LeaderElection30] INFO  impl.RoleInfo (RoleInfo.java:updateAndGet(143)) - b89e1062-1dd5-4f67-aefc-0a9ace8ccdc1: start FollowerState
2019-09-05 17:45:18,268 [8289af37-400f-43f1-9029-8d41a6c3e7e8:group-388F3F3A18C1:LeaderElection29] INFO  impl.LeaderElection (LeaderElection.java:logAndReturn(56)) - 8289af37-400f-43f1-9029-8d41a6c3e7e8:group-388F3F3A18C1:LeaderElection29: Election REJECTED; received 2 response(s) [8289af37-400f-43f1-9029-8d41a6c3e7e8<-b89e1062-1dd5-4f67-aefc-0a9ace8ccdc1#0:FAIL-t2, 8289af37-400f-43f1-9029-8d41a6c3e7e8<-43c9d192-0b2b-4d49-b612-c9bce3341d53#0:FAIL-t2] and 0 exception(s); 8289af37-400f-43f1-9029-8d41a6c3e7e8:t2, leader=null, voted=8289af37-400f-43f1-9029-8d41a6c3e7e8, raftlog=8289af37-400f-43f1-9029-8d41a6c3e7e8-SegmentedRaftLog:OPENED:c-1,f-1,i0, conf=-1: [b89e1062-1dd5-4f67-aefc-0a9ace8ccdc1:192.168.69.120:41499, 43c9d192-0b2b-4d49-b612-c9bce3341d53:192.168.69.120:40210, 8289af37-400f-43f1-9029-8d41a6c3e7e8:192.168.69.120:36098], old=null
2019-09-05 17:45:18,268 [43c9d192-0b2b-4d49-b612-c9bce3341d53:group-388F3F3A18C1:LeaderElection28] INFO  impl.LeaderElection (LeaderElection.java:logAndReturn(56)) - 43c9d192-0b2b-4d49-b612-c9bce3341d53:group-388F3F3A18C1:LeaderElection28: Election REJECTED; received 2 response(s) [43c9d192-0b2b-4d49-b612-c9bce3341d53<-b89e1062-1dd5-4f67-aefc-0a9ace8ccdc1#0:FAIL-t2, 43c9d192-0b2b-4d49-b612-c9bce3341d53<-8289af37-400f-43f1-9029-8d41a6c3e7e8#0:FAIL-t2] and 0 exception(s); 43c9d192-0b2b-4d49-b612-c9bce3341d53:t2, leader=null, voted=43c9d192-0b2b-4d49-b612-c9bce3341d53, raftlog=43c9d192-0b2b-4d49-b612-c9bce3341d53-SegmentedRaftLog:OPENED:c-1,f-1,i0, conf=-1: [b89e1062-1dd5-4f67-aefc-0a9ace8ccdc1:192.168.69.120:41499, 43c9d192-0b2b-4d49-b612-c9bce3341d53:192.168.69.120:40210, 8289af37-400f-43f1-9029-8d41a6c3e7e8:192.168.69.120:36098], old=null
2019-09-05 17:45:18,268 [8289af37-400f-43f1-9029-8d41a6c3e7e8:group-388F3F3A18C1:LeaderElection29] INFO  impl.RaftServerImpl (RaftServerImpl.java:setRole(171)) - 8289af37-400f-43f1-9029-8d41a6c3e7e8:group-388F3F3A18C1 changes role from CANDIDATE to FOLLOWER at term 2 for DISCOVERED_A_NEW_TERM
2019-09-05 17:45:18,268 [43c9d192-0b2b-4d49-b612-c9bce3341d53:group-388F3F3A18C1:LeaderElection28] INFO  impl.RaftServerImpl (RaftServerImpl.java:setRole(171)) - 43c9d192-0b2b-4d49-b612-c9bce3341d53:group-388F3F3A18C1 changes role from CANDIDATE to FOLLOWER at term 2 for DISCOVERED_A_NEW_TERM
2019-09-05 17:45:18,268 [8289af37-400f-43f1-9029-8d41a6c3e7e8:group-388F3F3A18C1:LeaderElection29] INFO  impl.RoleInfo (RoleInfo.java:shutdownLeaderElection(134)) - 8289af37-400f-43f1-9029-8d41a6c3e7e8: shutdown LeaderElection
2019-09-05 17:45:18,268 [43c9d192-0b2b-4d49-b612-c9bce3341d53:group-388F3F3A18C1:LeaderElection28] INFO  impl.RoleInfo (RoleInfo.java:shutdownLeaderElection(134)) - 43c9d192-0b2b-4d49-b612-c9bce3341d53: shutdown LeaderElection
2019-09-05 17:45:18,268 [8289af37-400f-43f1-9029-8d41a6c3e7e8:group-388F3F3A18C1:LeaderElection29] INFO  impl.RoleInfo (RoleInfo.java:updateAndGet(143)) - 8289af37-400f-43f1-9029-8d41a6c3e7e8: start FollowerState
2019-09-05 17:45:18,269 [43c9d192-0b2b-4d49-b612-c9bce3341d53:group-388F3F3A18C1:LeaderElection28] INFO  impl.RoleInfo (RoleInfo.java:updateAndGet(143)) - 43c9d192-0b2b-4d49-b612-c9bce3341d53: start FollowerState
2019-09-05 17:45:19,126 [grpc-default-executor-4] INFO  client.GrpcClientProtocolClient (GrpcClientProtocolClient.java:onNext(255)) - client-90237757EAD3->8289af37-400f-43f1-9029-8d41a6c3e7e8: receive RaftClientReply:client-90237757EAD3->8289af37-400f-43f1-9029-8d41a6c3e7e8@group-388F3F3A18C1, cid=24, FAILED org.apache.ratis.protocol.NotLeaderException: Server 8289af37-400f-43f1-9029-8d41a6c3e7e8 is not the leader (null). Request must be sent to leader., logIndex=0, commits[8289af37-400f-43f1-9029-8d41a6c3e7e8:c-1]
2019-09-05 17:45:19,373 [154c3b90-cc4f-4766-ab8b-2d86655077c2:group-15FAE68E83E9:LeaderElection31] INFO  impl.LeaderElection (LeaderElection.java:askForVotes(181)) - 154c3b90-cc4f-4766-ab8b-2d86655077c2:group-15FAE68E83E9:LeaderElection31: begin an election at term 2 for -1: [154c3b90-cc4f-4766-ab8b-2d86655077c2:192.168.69.120:33526, ace24089-7f3f-4aaf-a97a-16eb738b0bb6:192.168.69.120:42130, 74b010d1-2c48-484e-a8d6-dd48a46a9f09:192.168.69.120:42326], old=null
2019-09-05 17:45:19,476 [74b010d1-2c48-484e-a8d6-dd48a46a9f09:group-15FAE68E83E9:LeaderElection32] INFO  impl.LeaderElection (LeaderElection.java:askForVotes(181)) - 74b010d1-2c48-484e-a8d6-dd48a46a9f09:group-15FAE68E83E9:LeaderElection32: begin an election at term 2 for -1: [154c3b90-cc4f-4766-ab8b-2d86655077c2:192.168.69.120:33526, ace24089-7f3f-4aaf-a97a-16eb738b0bb6:192.168.69.120:42130, 74b010d1-2c48-484e-a8d6-dd48a46a9f09:192.168.69.120:42326], old=null
2019-09-05 17:45:19,476 [ace24089-7f3f-4aaf-a97a-16eb738b0bb6:group-15FAE68E83E9:LeaderElection33] INFO  impl.LeaderElection (LeaderElection.java:askForVotes(181)) - ace24089-7f3f-4aaf-a97a-16eb738b0bb6:group-15FAE68E83E9:LeaderElection33: begin an election at term 2 for -1: [154c3b90-cc4f-4766-ab8b-2d86655077c2:192.168.69.120:33526, ace24089-7f3f-4aaf-a97a-16eb738b0bb6:192.168.69.120:42130, 74b010d1-2c48-484e-a8d6-dd48a46a9f09:192.168.69.120:42326], old=null
2019-09-05 17:45:19,477 [154c3b90-cc4f-4766-ab8b-2d86655077c2:group-15FAE68E83E9:LeaderElection31] INFO  impl.LeaderElection (LeaderElection.java:logAndReturn(56)) - 154c3b90-cc4f-4766-ab8b-2d86655077c2:group-15FAE68E83E9:LeaderElection31: Election REJECTED; received 2 response(s) [154c3b90-cc4f-4766-ab8b-2d86655077c2<-ace24089-7f3f-4aaf-a97a-16eb738b0bb6#0:FAIL-t2, 154c3b90-cc4f-4766-ab8b-2d86655077c2<-74b010d1-2c48-484e-a8d6-dd48a46a9f09#0:FAIL-t2] and 0 exception(s); 154c3b90-cc4f-4766-ab8b-2d86655077c2:t2, leader=null, voted=154c3b90-cc4f-4766-ab8b-2d86655077c2, raftlog=154c3b90-cc4f-4766-ab8b-2d86655077c2-SegmentedRaftLog:OPENED:c-1,f-1,i0, conf=-1: [154c3b90-cc4f-4766-ab8b-2d86655077c2:192.168.69.120:33526, ace24089-7f3f-4aaf-a97a-16eb738b0bb6:192.168.69.120:42130, 74b010d1-2c48-484e-a8d6-dd48a46a9f09:192.168.69.120:42326], old=null
2019-09-05 17:45:19,478 [154c3b90-cc4f-4766-ab8b-2d86655077c2:group-15FAE68E83E9:LeaderElection31] INFO  impl.RaftServerImpl (RaftServerImpl.java:setRole(171)) - 154c3b90-cc4f-4766-ab8b-2d86655077c2:group-15FAE68E83E9 changes role from CANDIDATE to FOLLOWER at term 2 for DISCOVERED_A_NEW_TERM
2019-09-05 17:45:19,478 [154c3b90-cc4f-4766-ab8b-2d86655077c2:group-15FAE68E83E9:LeaderElection31] INFO  impl.RoleInfo (RoleInfo.java:shutdownLeaderElection(134)) - 154c3b90-cc4f-4766-ab8b-2d86655077c2: shutdown LeaderElection
2019-09-05 17:45:19,478 [154c3b90-cc4f-4766-ab8b-2d86655077c2:group-15FAE68E83E9:LeaderElection31] INFO  impl.RoleInfo (RoleInfo.java:updateAndGet(143)) - 154c3b90-cc4f-4766-ab8b-2d86655077c2: start FollowerState
2019-09-05 17:45:19,480 [74b010d1-2c48-484e-a8d6-dd48a46a9f09:group-15FAE68E83E9:LeaderElection32] INFO  impl.LeaderElection (LeaderElection.java:logAndReturn(56)) - 74b010d1-2c48-484e-a8d6-dd48a46a9f09:group-15FAE68E83E9:LeaderElection32: Election REJECTED; received 2 response(s) [74b010d1-2c48-484e-a8d6-dd48a46a9f09<-154c3b90-cc4f-4766-ab8b-2d86655077c2#0:FAIL-t2, 74b010d1-2c48-484e-a8d6-dd48a46a9f09<-ace24089-7f3f-4aaf-a97a-16eb738b0bb6#0:FAIL-t2] and 0 exception(s); 74b010d1-2c48-484e-a8d6-dd48a46a9f09:t2, leader=null, voted=74b010d1-2c48-484e-a8d6-dd48a46a9f09, raftlog=74b010d1-2c48-484e-a8d6-dd48a46a9f09-SegmentedRaftLog:OPENED:c-1,f-1,i0, conf=-1: [154c3b90-cc4f-4766-ab8b-2d86655077c2:192.168.69.120:33526, ace24089-7f3f-4aaf-a97a-16eb738b0bb6:192.168.69.120:42130, 74b010d1-2c48-484e-a8d6-dd48a46a9f09:192.168.69.120:42326], old=null
2019-09-05 17:45:19,481 [74b010d1-2c48-484e-a8d6-dd48a46a9f09:group-15FAE68E83E9:LeaderElection32] INFO  impl.RaftServerImpl (RaftServerImpl.java:setRole(171)) - 74b010d1-2c48-484e-a8d6-dd48a46a9f09:group-15FAE68E83E9 changes role from CANDIDATE to FOLLOWER at term 2 for DISCOVERED_A_NEW_TERM
2019-09-05 17:45:19,481 [74b010d1-2c48-484e-a8d6-dd48a46a9f09:group-15FAE68E83E9:LeaderElection32] INFO  impl.RoleInfo (RoleInfo.java:shutdownLeaderElection(134)) - 74b010d1-2c48-484e-a8d6-dd48a46a9f09: shutdown LeaderElection
2019-09-05 17:45:19,481 [74b010d1-2c48-484e-a8d6-dd48a46a9f09:group-15FAE68E83E9:LeaderElection32] INFO  impl.RoleInfo (RoleInfo.java:updateAndGet(143)) - 74b010d1-2c48-484e-a8d6-dd48a46a9f09: start FollowerState
2019-09-05 17:45:19,481 [ace24089-7f3f-4aaf-a97a-16eb738b0bb6:group-15FAE68E83E9:LeaderElection33] INFO  impl.LeaderElection (LeaderElection.java:logAndReturn(56)) - ace24089-7f3f-4aaf-a97a-16eb738b0bb6:group-15FAE68E83E9:LeaderElection33: Election REJECTED; received 2 response(s) [ace24089-7f3f-4aaf-a97a-16eb738b0bb6<-154c3b90-cc4f-4766-ab8b-2d86655077c2#0:FAIL-t2, ace24089-7f3f-4aaf-a97a-16eb738b0bb6<-74b010d1-2c48-484e-a8d6-dd48a46a9f09#0:FAIL-t2] and 0 exception(s); ace24089-7f3f-4aaf-a97a-16eb738b0bb6:t2, leader=null, voted=ace24089-7f3f-4aaf-a97a-16eb738b0bb6, raftlog=ace24089-7f3f-4aaf-a97a-16eb738b0bb6-SegmentedRaftLog:OPENED:c-1,f-1,i0, conf=-1: [154c3b90-cc4f-4766-ab8b-2d86655077c2:192.168.69.120:33526, ace24089-7f3f-4aaf-a97a-16eb738b0bb6:192.168.69.120:42130, 74b010d1-2c48-484e-a8d6-dd48a46a9f09:192.168.69.120:42326], old=null
2019-09-05 17:45:19,481 [ace24089-7f3f-4aaf-a97a-16eb738b0bb6:group-15FAE68E83E9:LeaderElection33] INFO  impl.RaftServerImpl (RaftServerImpl.java:setRole(171)) - ace24089-7f3f-4aaf-a97a-16eb738b0bb6:group-15FAE68E83E9 changes role from CANDIDATE to FOLLOWER at term 2 for DISCOVERED_A_NEW_TERM
2019-09-05 17:45:19,481 [ace24089-7f3f-4aaf-a97a-16eb738b0bb6:group-15FAE68E83E9:LeaderElection33] INFO  impl.RoleInfo (RoleInfo.java:shutdownLeaderElection(134)) - ace24089-7f3f-4aaf-a97a-16eb738b0bb6: shutdown LeaderElection
2019-09-05 17:45:19,482 [ace24089-7f3f-4aaf-a97a-16eb738b0bb6:group-15FAE68E83E9:LeaderElection33] INFO  impl.RoleInfo (RoleInfo.java:updateAndGet(143)) - ace24089-7f3f-4aaf-a97a-16eb738b0bb6: start FollowerState
2019-09-05 17:45:20,149 [grpc-default-executor-2] INFO  client.GrpcClientProtocolClient (GrpcClientProtocolClient.java:onNext(255)) - client-90237757EAD3->43c9d192-0b2b-4d49-b612-c9bce3341d53: receive RaftClientReply:client-90237757EAD3->43c9d192-0b2b-4d49-b612-c9bce3341d53@group-388F3F3A18C1, cid=24, FAILED org.apache.ratis.protocol.NotLeaderException: Server 43c9d192-0b2b-4d49-b612-c9bce3341d53 is not the leader (null). Request must be sent to leader., logIndex=0, commits[43c9d192-0b2b-4d49-b612-c9bce3341d53:c-1]
2019-09-05 17:45:21,172 [grpc-default-executor-4] INFO  client.GrpcClientProtocolClient (GrpcClientProtocolClient.java:onNext(255)) - client-90237757EAD3->b89e1062-1dd5-4f67-aefc-0a9ace8ccdc1: receive RaftClientReply:client-90237757EAD3->b89e1062-1dd5-4f67-aefc-0a9ace8ccdc1@group-388F3F3A18C1, cid=24, FAILED org.apache.ratis.protocol.NotLeaderException: Server b89e1062-1dd5-4f67-aefc-0a9ace8ccdc1 is not the leader (null). Request must be sent to leader., logIndex=0, commits[b89e1062-1dd5-4f67-aefc-0a9ace8ccdc1:c-1]
2019-09-05 17:45:22,195 [grpc-default-executor-2] INFO  client.GrpcClientProtocolClient (GrpcClientProtocolClient.java:onNext(255)) - client-90237757EAD3->43c9d192-0b2b-4d49-b612-c9bce3341d53: receive RaftClientReply:client-90237757EAD3->43c9d192-0b2b-4d49-b612-c9bce3341d53@group-388F3F3A18C1, cid=24, FAILED org.apache.ratis.protocol.NotLeaderException: Server 43c9d192-0b2b-4d49-b612-c9bce3341d53 is not the leader (null). Request must be sent to leader., logIndex=0, commits[43c9d192-0b2b-4d49-b612-c9bce3341d53:c-1]
2019-09-05 17:45:23,220 [grpc-default-executor-4] INFO  client.GrpcClientProtocolClient (GrpcClientProtocolClient.java:onNext(255)) - client-90237757EAD3->b89e1062-1dd5-4f67-aefc-0a9ace8ccdc1: receive RaftClientReply:client-90237757EAD3->b89e1062-1dd5-4f67-aefc-0a9ace8ccdc1@group-388F3F3A18C1, cid=24, FAILED org.apache.ratis.protocol.NotLeaderException: Server b89e1062-1dd5-4f67-aefc-0a9ace8ccdc1 is not the leader (null). Request must be sent to leader., logIndex=0, commits[b89e1062-1dd5-4f67-aefc-0a9ace8ccdc1:c-1]
2019-09-05 17:45:23,281 [Thread-949] INFO  impl.FollowerState (FollowerState.java:run(106)) - 43c9d192-0b2b-4d49-b612-c9bce3341d53:group-388F3F3A18C1 changes to CANDIDATE, lastRpcTime:5012, electionTimeout:5012ms
2019-09-05 17:45:23,281 [Thread-949] INFO  impl.RoleInfo (RoleInfo.java:shutdownFollowerState(121)) - 43c9d192-0b2b-4d49-b612-c9bce3341d53: shutdown FollowerState
2019-09-05 17:45:23,282 [Thread-949] INFO  impl.RaftServerImpl (RaftServerImpl.java:setRole(171)) - 43c9d192-0b2b-4d49-b612-c9bce3341d53:group-388F3F3A18C1 changes role from FOLLOWER to CANDIDATE at term 2 for changeToCandidate
2019-09-05 17:45:23,282 [Thread-949] INFO  impl.RoleInfo (RoleInfo.java:updateAndGet(143)) - 43c9d192-0b2b-4d49-b612-c9bce3341d53: start LeaderElection
2019-09-05 17:45:23,372 [Thread-947] INFO  impl.FollowerState (FollowerState.java:run(106)) - b89e1062-1dd5-4f67-aefc-0a9ace8ccdc1:group-388F3F3A18C1 changes to CANDIDATE, lastRpcTime:5105, electionTimeout:5105ms
2019-09-05 17:45:23,372 [Thread-947] INFO  impl.RoleInfo (RoleInfo.java:shutdownFollowerState(121)) - b89e1062-1dd5-4f67-aefc-0a9ace8ccdc1: shutdown FollowerState
2019-09-05 17:45:23,372 [Thread-947] INFO  impl.RaftServerImpl (RaftServerImpl.java:setRole(171)) - b89e1062-1dd5-4f67-aefc-0a9ace8ccdc1:group-388F3F3A18C1 changes role from FOLLOWER to CANDIDATE at term 2 for changeToCandidate
2019-09-05 17:45:23,372 [Thread-947] INFO  impl.RoleInfo (RoleInfo.java:updateAndGet(143)) - b89e1062-1dd5-4f67-aefc-0a9ace8ccdc1: start LeaderElection
2019-09-05 17:45:23,458 [Thread-948] INFO  impl.FollowerState (FollowerState.java:run(106)) - 8289af37-400f-43f1-9029-8d41a6c3e7e8:group-388F3F3A18C1 changes to CANDIDATE, lastRpcTime:5189, electionTimeout:5189ms
2019-09-05 17:45:23,458 [Thread-948] INFO  impl.RoleInfo (RoleInfo.java:shutdownFollowerState(121)) - 8289af37-400f-43f1-9029-8d41a6c3e7e8: shutdown FollowerState
2019-09-05 17:45:23,458 [Thread-948] INFO  impl.RaftServerImpl (RaftServerImpl.java:setRole(171)) - 8289af37-400f-43f1-9029-8d41a6c3e7e8:group-388F3F3A18C1 changes role from FOLLOWER to CANDIDATE at term 2 for changeToCandidate
2019-09-05 17:45:23,459 [Thread-948] INFO  impl.RoleInfo (RoleInfo.java:updateAndGet(143)) - 8289af37-400f-43f1-9029-8d41a6c3e7e8: start LeaderElection
2019-09-05 17:45:24,249 [grpc-default-executor-5] INFO  client.GrpcClientProtocolClient (GrpcClientProtocolClient.java:onNext(255)) - client-90237757EAD3->43c9d192-0b2b-4d49-b612-c9bce3341d53: receive RaftClientReply:client-90237757EAD3->43c9d192-0b2b-4d49-b612-c9bce3341d53@group-388F3F3A18C1, cid=24, FAILED org.apache.ratis.protocol.NotLeaderException: Server 43c9d192-0b2b-4d49-b612-c9bce3341d53 is not the leader (null). Request must be sent to leader., logIndex=0, commits[43c9d192-0b2b-4d49-b612-c9bce3341d53:c-1]
2019-09-05 17:45:24,291 [43c9d192-0b2b-4d49-b612-c9bce3341d53:group-388F3F3A18C1:LeaderElection34] INFO  impl.LeaderElection (LeaderElection.java:askForVotes(181)) - 43c9d192-0b2b-4d49-b612-c9bce3341d53:group-388F3F3A18C1:LeaderElection34: begin an election at term 3 for -1: [b89e1062-1dd5-4f67-aefc-0a9ace8ccdc1:192.168.69.120:41499, 43c9d192-0b2b-4d49-b612-c9bce3341d53:192.168.69.120:40210, 8289af37-400f-43f1-9029-8d41a6c3e7e8:192.168.69.120:36098], old=null
2019-09-05 17:45:24,292 [b89e1062-1dd5-4f67-aefc-0a9ace8ccdc1:group-388F3F3A18C1:LeaderElection35] INFO  impl.LeaderElection (LeaderElection.java:askForVotes(181)) - b89e1062-1dd5-4f67-aefc-0a9ace8ccdc1:group-388F3F3A18C1:LeaderElection35: begin an election at term 3 for -1: [b89e1062-1dd5-4f67-aefc-0a9ace8ccdc1:192.168.69.120:41499, 43c9d192-0b2b-4d49-b612-c9bce3341d53:192.168.69.120:40210, 8289af37-400f-43f1-9029-8d41a6c3e7e8:192.168.69.120:36098], old=null
2019-09-05 17:45:24,292 [8289af37-400f-43f1-9029-8d41a6c3e7e8:group-388F3F3A18C1:LeaderElection36] INFO  impl.LeaderElection (LeaderElection.java:askForVotes(181)) - 8289af37-400f-43f1-9029-8d41a6c3e7e8:group-388F3F3A18C1:LeaderElection36: begin an election at term 3 for -1: [b89e1062-1dd5-4f67-aefc-0a9ace8ccdc1:192.168.69.120:41499, 43c9d192-0b2b-4d49-b612-c9bce3341d53:192.168.69.120:40210, 8289af37-400f-43f1-9029-8d41a6c3e7e8:192.168.69.120:36098], old=null
2019-09-05 17:45:24,500 [Thread-975] INFO  impl.FollowerState (FollowerState.java:run(106)) - 154c3b90-cc4f-4766-ab8b-2d86655077c2:group-15FAE68E83E9 changes to CANDIDATE, lastRpcTime:5021, electionTimeout:5021ms
2019-09-05 17:45:24,500 [Thread-975] INFO  impl.RoleInfo (RoleInfo.java:shutdownFollowerState(121)) - 154c3b90-cc4f-4766-ab8b-2d86655077c2: shutdown FollowerState
2019-09-05 17:45:24,500 [Thread-975] INFO  impl.RaftServerImpl (RaftServerImpl.java:setRole(171)) - 154c3b90-cc4f-4766-ab8b-2d86655077c2:group-15FAE68E83E9 changes role from FOLLOWER to CANDIDATE at term 2 for changeToCandidate
2019-09-05 17:45:24,588 [Thread-975] INFO  impl.RoleInfo (RoleInfo.java:updateAndGet(143)) - 154c3b90-cc4f-4766-ab8b-2d86655077c2: start LeaderElection
2019-09-05 17:45:24,602 [Thread-976] INFO  impl.FollowerState (FollowerState.java:run(106)) - 74b010d1-2c48-484e-a8d6-dd48a46a9f09:group-15FAE68E83E9 changes to CANDIDATE, lastRpcTime:5121, electionTimeout:5121ms
2019-09-05 17:45:24,602 [Thread-976] INFO  impl.RoleInfo (RoleInfo.java:shutdownFollowerState(121)) - 74b010d1-2c48-484e-a8d6-dd48a46a9f09: shutdown FollowerState
2019-09-05 17:45:24,602 [Thread-976] INFO  impl.RaftServerImpl (RaftServerImpl.java:setRole(171)) - 74b010d1-2c48-484e-a8d6-dd48a46a9f09:group-15FAE68E83E9 changes role from FOLLOWER to CANDIDATE at term 2 for changeToCandidate
2019-09-05 17:45:24,637 [Thread-976] INFO  impl.RoleInfo (RoleInfo.java:updateAndGet(143)) - 74b010d1-2c48-484e-a8d6-dd48a46a9f09: start LeaderElection
2019-09-05 17:45:24,646 [43c9d192-0b2b-4d49-b612-c9bce3341d53:group-388F3F3A18C1:LeaderElection34] INFO  impl.LeaderElection (LeaderElection.java:logAndReturn(56)) - 43c9d192-0b2b-4d49-b612-c9bce3341d53:group-388F3F3A18C1:LeaderElection34: Election REJECTED; received 2 response(s) [43c9d192-0b2b-4d49-b612-c9bce3341d53<-b89e1062-1dd5-4f67-aefc-0a9ace8ccdc1#0:FAIL-t3, 43c9d192-0b2b-4d49-b612-c9bce3341d53<-8289af37-400f-43f1-9029-8d41a6c3e7e8#0:FAIL-t3] and 0 exception(s); 43c9d192-0b2b-4d49-b612-c9bce3341d53:t3, leader=null, voted=43c9d192-0b2b-4d49-b612-c9bce3341d53, raftlog=43c9d192-0b2b-4d49-b612-c9bce3341d53-SegmentedRaftLog:OPENED:c-1,f-1,i0, conf=-1: [b89e1062-1dd5-4f67-aefc-0a9ace8ccdc1:192.168.69.120:41499, 43c9d192-0b2b-4d49-b612-c9bce3341d53:192.168.69.120:40210, 8289af37-400f-43f1-9029-8d41a6c3e7e8:192.168.69.120:36098], old=null
2019-09-05 17:45:24,646 [43c9d192-0b2b-4d49-b612-c9bce3341d53:group-388F3F3A18C1:LeaderElection34] INFO  impl.RaftServerImpl (RaftServerImpl.java:setRole(171)) - 43c9d192-0b2b-4d49-b612-c9bce3341d53:group-388F3F3A18C1 changes role from CANDIDATE to FOLLOWER at term 3 for DISCOVERED_A_NEW_TERM
2019-09-05 17:45:24,646 [43c9d192-0b2b-4d49-b612-c9bce3341d53:group-388F3F3A18C1:LeaderElection34] INFO  impl.RoleInfo (RoleInfo.java:shutdownLeaderElection(134)) - 43c9d192-0b2b-4d49-b612-c9bce3341d53: shutdown LeaderElection
2019-09-05 17:45:24,646 [8289af37-400f-43f1-9029-8d41a6c3e7e8:group-388F3F3A18C1:LeaderElection36] INFO  impl.LeaderElection (LeaderElection.java:logAndReturn(56)) - 8289af37-400f-43f1-9029-8d41a6c3e7e8:group-388F3F3A18C1:LeaderElection36: Election REJECTED; received 2 response(s) [8289af37-400f-43f1-9029-8d41a6c3e7e8<-b89e1062-1dd5-4f67-aefc-0a9ace8ccdc1#0:FAIL-t3, 8289af37-400f-43f1-9029-8d41a6c3e7e8<-43c9d192-0b2b-4d49-b612-c9bce3341d53#0:FAIL-t3] and 0 exception(s); 8289af37-400f-43f1-9029-8d41a6c3e7e8:t3, leader=null, voted=8289af37-400f-43f1-9029-8d41a6c3e7e8, raftlog=8289af37-400f-43f1-9029-8d41a6c3e7e8-SegmentedRaftLog:OPENED:c-1,f-1,i0, conf=-1: [b89e1062-1dd5-4f67-aefc-0a9ace8ccdc1:192.168.69.120:41499, 43c9d192-0b2b-4d49-b612-c9bce3341d53:192.168.69.120:40210, 8289af37-400f-43f1-9029-8d41a6c3e7e8:192.168.69.120:36098], old=null
2019-09-05 17:45:24,646 [43c9d192-0b2b-4d49-b612-c9bce3341d53:group-388F3F3A18C1:LeaderElection34] INFO  impl.RoleInfo (RoleInfo.java:updateAndGet(143)) - 43c9d192-0b2b-4d49-b612-c9bce3341d53: start FollowerState
2019-09-05 17:45:24,646 [b89e1062-1dd5-4f67-aefc-0a9ace8ccdc1:group-388F3F3A18C1:LeaderElection35] INFO  impl.LeaderElection (LeaderElection.java:logAndReturn(56)) - b89e1062-1dd5-4f67-aefc-0a9ace8ccdc1:group-388F3F3A18C1:LeaderElection35: Election REJECTED; received 2 response(s) [b89e1062-1dd5-4f67-aefc-0a9ace8ccdc1<-43c9d192-0b2b-4d49-b612-c9bce3341d53#0:FAIL-t3, b89e1062-1dd5-4f67-aefc-0a9ace8ccdc1<-8289af37-400f-43f1-9029-8d41a6c3e7e8#0:FAIL-t3] and 0 exception(s); b89e1062-1dd5-4f67-aefc-0a9ace8ccdc1:t3, leader=null, voted=b89e1062-1dd5-4f67-aefc-0a9ace8ccdc1, raftlog=b89e1062-1dd5-4f67-aefc-0a9ace8ccdc1-SegmentedRaftLog:OPENED:c-1,f-1,i0, conf=-1: [b89e1062-1dd5-4f67-aefc-0a9ace8ccdc1:192.168.69.120:41499, 43c9d192-0b2b-4d49-b612-c9bce3341d53:192.168.69.120:40210, 8289af37-400f-43f1-9029-8d41a6c3e7e8:192.168.69.120:36098], old=null
2019-09-05 17:45:24,646 [8289af37-400f-43f1-9029-8d41a6c3e7e8:group-388F3F3A18C1:LeaderElection36] INFO  impl.RaftServerImpl (RaftServerImpl.java:setRole(171)) - 8289af37-400f-43f1-9029-8d41a6c3e7e8:group-388F3F3A18C1 changes role from CANDIDATE to FOLLOWER at term 3 for DISCOVERED_A_NEW_TERM
2019-09-05 17:45:24,646 [b89e1062-1dd5-4f67-aefc-0a9ace8ccdc1:group-388F3F3A18C1:LeaderElection35] INFO  impl.RaftServerImpl (RaftServerImpl.java:setRole(171)) - b89e1062-1dd5-4f67-aefc-0a9ace8ccdc1:group-388F3F3A18C1 changes role from CANDIDATE to FOLLOWER at term 3 for DISCOVERED_A_NEW_TERM
2019-09-05 17:45:24,647 [8289af37-400f-43f1-9029-8d41a6c3e7e8:group-388F3F3A18C1:LeaderElection36] INFO  impl.RoleInfo (RoleInfo.java:shutdownLeaderElection(134)) - 8289af37-400f-43f1-9029-8d41a6c3e7e8: shutdown LeaderElection
2019-09-05 17:45:24,647 [b89e1062-1dd5-4f67-aefc-0a9ace8ccdc1:group-388F3F3A18C1:LeaderElection35] INFO  impl.RoleInfo (RoleInfo.java:shutdownLeaderElection(134)) - b89e1062-1dd5-4f67-aefc-0a9ace8ccdc1: shutdown LeaderElection
2019-09-05 17:45:24,647 [8289af37-400f-43f1-9029-8d41a6c3e7e8:group-388F3F3A18C1:LeaderElection36] INFO  impl.RoleInfo (RoleInfo.java:updateAndGet(143)) - 8289af37-400f-43f1-9029-8d41a6c3e7e8: start FollowerState
2019-09-05 17:45:24,647 [b89e1062-1dd5-4f67-aefc-0a9ace8ccdc1:group-388F3F3A18C1:LeaderElection35] INFO  impl.RoleInfo (RoleInfo.java:updateAndGet(143)) - b89e1062-1dd5-4f67-aefc-0a9ace8ccdc1: start FollowerState
2019-09-05 17:45:24,674 [Thread-977] INFO  impl.FollowerState (FollowerState.java:run(106)) - ace24089-7f3f-4aaf-a97a-16eb738b0bb6:group-15FAE68E83E9 changes to CANDIDATE, lastRpcTime:5192, electionTimeout:5192ms
2019-09-05 17:45:24,674 [Thread-977] INFO  impl.RoleInfo (RoleInfo.java:shutdownFollowerState(121)) - ace24089-7f3f-4aaf-a97a-16eb738b0bb6: shutdown FollowerState
2019-09-05 17:45:24,674 [Thread-977] INFO  impl.RaftServerImpl (RaftServerImpl.java:setRole(171)) - ace24089-7f3f-4aaf-a97a-16eb738b0bb6:group-15FAE68E83E9 changes role from FOLLOWER to CANDIDATE at term 2 for changeToCandidate
2019-09-05 17:45:24,690 [Thread-977] INFO  impl.RoleInfo (RoleInfo.java:updateAndGet(143)) - ace24089-7f3f-4aaf-a97a-16eb738b0bb6: start LeaderElection
2019-09-05 17:45:24,707 [74b010d1-2c48-484e-a8d6-dd48a46a9f09:group-15FAE68E83E9:LeaderElection38] INFO  impl.LeaderElection (LeaderElection.java:askForVotes(181)) - 74b010d1-2c48-484e-a8d6-dd48a46a9f09:group-15FAE68E83E9:LeaderElection38: begin an election at term 3 for -1: [154c3b90-cc4f-4766-ab8b-2d86655077c2:192.168.69.120:33526, ace24089-7f3f-4aaf-a97a-16eb738b0bb6:192.168.69.120:42130, 74b010d1-2c48-484e-a8d6-dd48a46a9f09:192.168.69.120:42326], old=null
2019-09-05 17:45:24,707 [154c3b90-cc4f-4766-ab8b-2d86655077c2:group-15FAE68E83E9:LeaderElection37] INFO  impl.LeaderElection (LeaderElection.java:askForVotes(181)) - 154c3b90-cc4f-4766-ab8b-2d86655077c2:group-15FAE68E83E9:LeaderElection37: begin an election at term 3 for -1: [154c3b90-cc4f-4766-ab8b-2d86655077c2:192.168.69.120:33526, ace24089-7f3f-4aaf-a97a-16eb738b0bb6:192.168.69.120:42130, 74b010d1-2c48-484e-a8d6-dd48a46a9f09:192.168.69.120:42326], old=null
2019-09-05 17:45:24,809 [ace24089-7f3f-4aaf-a97a-16eb738b0bb6:group-15FAE68E83E9:LeaderElection39] INFO  impl.LeaderElection (LeaderElection.java:askForVotes(181)) - ace24089-7f3f-4aaf-a97a-16eb738b0bb6:group-15FAE68E83E9:LeaderElection39: begin an election at term 3 for -1: [154c3b90-cc4f-4766-ab8b-2d86655077c2:192.168.69.120:33526, ace24089-7f3f-4aaf-a97a-16eb738b0bb6:192.168.69.120:42130, 74b010d1-2c48-484e-a8d6-dd48a46a9f09:192.168.69.120:42326], old=null
2019-09-05 17:45:24,811 [74b010d1-2c48-484e-a8d6-dd48a46a9f09:group-15FAE68E83E9:LeaderElection38] INFO  impl.LeaderElection (LeaderElection.java:logAndReturn(56)) - 74b010d1-2c48-484e-a8d6-dd48a46a9f09:group-15FAE68E83E9:LeaderElection38: Election REJECTED; received 2 response(s) [74b010d1-2c48-484e-a8d6-dd48a46a9f09<-154c3b90-cc4f-4766-ab8b-2d86655077c2#0:FAIL-t3, 74b010d1-2c48-484e-a8d6-dd48a46a9f09<-ace24089-7f3f-4aaf-a97a-16eb738b0bb6#0:FAIL-t3] and 0 exception(s); 74b010d1-2c48-484e-a8d6-dd48a46a9f09:t3, leader=null, voted=74b010d1-2c48-484e-a8d6-dd48a46a9f09, raftlog=74b010d1-2c48-484e-a8d6-dd48a46a9f09-SegmentedRaftLog:OPENED:c-1,f-1,i0, conf=-1: [154c3b90-cc4f-4766-ab8b-2d86655077c2:192.168.69.120:33526, ace24089-7f3f-4aaf-a97a-16eb738b0bb6:192.168.69.120:42130, 74b010d1-2c48-484e-a8d6-dd48a46a9f09:192.168.69.120:42326], old=null
2019-09-05 17:45:24,811 [154c3b90-cc4f-4766-ab8b-2d86655077c2:group-15FAE68E83E9:LeaderElection37] INFO  impl.LeaderElection (LeaderElection.java:logAndReturn(56)) - 154c3b90-cc4f-4766-ab8b-2d86655077c2:group-15FAE68E83E9:LeaderElection37: Election REJECTED; received 2 response(s) [154c3b90-cc4f-4766-ab8b-2d86655077c2<-ace24089-7f3f-4aaf-a97a-16eb738b0bb6#0:FAIL-t3, 154c3b90-cc4f-4766-ab8b-2d86655077c2<-74b010d1-2c48-484e-a8d6-dd48a46a9f09#0:FAIL-t3] and 0 exception(s); 154c3b90-cc4f-4766-ab8b-2d86655077c2:t3, leader=null, voted=154c3b90-cc4f-4766-ab8b-2d86655077c2, raftlog=154c3b90-cc4f-4766-ab8b-2d86655077c2-SegmentedRaftLog:OPENED:c-1,f-1,i0, conf=-1: [154c3b90-cc4f-4766-ab8b-2d86655077c2:192.168.69.120:33526, ace24089-7f3f-4aaf-a97a-16eb738b0bb6:192.168.69.120:42130, 74b010d1-2c48-484e-a8d6-dd48a46a9f09:192.168.69.120:42326], old=null
2019-09-05 17:45:24,834 [154c3b90-cc4f-4766-ab8b-2d86655077c2:group-15FAE68E83E9:LeaderElection37] INFO  impl.RaftServerImpl (RaftServerImpl.java:setRole(171)) - 154c3b90-cc4f-4766-ab8b-2d86655077c2:group-15FAE68E83E9 changes role from CANDIDATE to FOLLOWER at term 3 for DISCOVERED_A_NEW_TERM
2019-09-05 17:45:24,834 [74b010d1-2c48-484e-a8d6-dd48a46a9f09:group-15FAE68E83E9:LeaderElection38] INFO  impl.RaftServerImpl (RaftServerImpl.java:setRole(171)) - 74b010d1-2c48-484e-a8d6-dd48a46a9f09:group-15FAE68E83E9 changes role from CANDIDATE to FOLLOWER at term 3 for DISCOVERED_A_NEW_TERM
2019-09-05 17:45:24,834 [154c3b90-cc4f-4766-ab8b-2d86655077c2:group-15FAE68E83E9:LeaderElection37] INFO  impl.RoleInfo (RoleInfo.java:shutdownLeaderElection(134)) - 154c3b90-cc4f-4766-ab8b-2d86655077c2: shutdown LeaderElection
2019-09-05 17:45:24,834 [74b010d1-2c48-484e-a8d6-dd48a46a9f09:group-15FAE68E83E9:LeaderElection38] INFO  impl.RoleInfo (RoleInfo.java:shutdownLeaderElection(134)) - 74b010d1-2c48-484e-a8d6-dd48a46a9f09: shutdown LeaderElection
2019-09-05 17:45:24,834 [154c3b90-cc4f-4766-ab8b-2d86655077c2:group-15FAE68E83E9:LeaderElection37] INFO  impl.RoleInfo (RoleInfo.java:updateAndGet(143)) - 154c3b90-cc4f-4766-ab8b-2d86655077c2: start FollowerState
2019-09-05 17:45:24,834 [74b010d1-2c48-484e-a8d6-dd48a46a9f09:group-15FAE68E83E9:LeaderElection38] INFO  impl.RoleInfo (RoleInfo.java:updateAndGet(143)) - 74b010d1-2c48-484e-a8d6-dd48a46a9f09: start FollowerState
2019-09-05 17:45:24,880 [ace24089-7f3f-4aaf-a97a-16eb738b0bb6:group-15FAE68E83E9:LeaderElection39] INFO  impl.LeaderElection (LeaderElection.java:logAndReturn(56)) - ace24089-7f3f-4aaf-a97a-16eb738b0bb6:group-15FAE68E83E9:LeaderElection39: Election REJECTED; received 2 response(s) [ace24089-7f3f-4aaf-a97a-16eb738b0bb6<-154c3b90-cc4f-4766-ab8b-2d86655077c2#0:FAIL-t3, ace24089-7f3f-4aaf-a97a-16eb738b0bb6<-74b010d1-2c48-484e-a8d6-dd48a46a9f09#0:FAIL-t3] and 0 exception(s); ace24089-7f3f-4aaf-a97a-16eb738b0bb6:t3, leader=null, voted=ace24089-7f3f-4aaf-a97a-16eb738b0bb6, raftlog=ace24089-7f3f-4aaf-a97a-16eb738b0bb6-SegmentedRaftLog:OPENED:c-1,f-1,i0, conf=-1: [154c3b90-cc4f-4766-ab8b-2d86655077c2:192.168.69.120:33526, ace24089-7f3f-4aaf-a97a-16eb738b0bb6:192.168.69.120:42130, 74b010d1-2c48-484e-a8d6-dd48a46a9f09:192.168.69.120:42326], old=null
2019-09-05 17:45:24,880 [ace24089-7f3f-4aaf-a97a-16eb738b0bb6:group-15FAE68E83E9:LeaderElection39] INFO  impl.RaftServerImpl (RaftServerImpl.java:setRole(171)) - ace24089-7f3f-4aaf-a97a-16eb738b0bb6:group-15FAE68E83E9 changes role from CANDIDATE to FOLLOWER at term 3 for DISCOVERED_A_NEW_TERM
2019-09-05 17:45:24,880 [ace24089-7f3f-4aaf-a97a-16eb738b0bb6:group-15FAE68E83E9:LeaderElection39] INFO  impl.RoleInfo (RoleInfo.java:shutdownLeaderElection(134)) - ace24089-7f3f-4aaf-a97a-16eb738b0bb6: shutdown LeaderElection
2019-09-05 17:45:24,880 [ace24089-7f3f-4aaf-a97a-16eb738b0bb6:group-15FAE68E83E9:LeaderElection39] INFO  impl.RoleInfo (RoleInfo.java:updateAndGet(143)) - ace24089-7f3f-4aaf-a97a-16eb738b0bb6: start FollowerState
2019-09-05 17:45:25,273 [grpc-default-executor-5] INFO  client.GrpcClientProtocolClient (GrpcClientProtocolClient.java:onNext(255)) - client-90237757EAD3->b89e1062-1dd5-4f67-aefc-0a9ace8ccdc1: receive RaftClientReply:client-90237757EAD3->b89e1062-1dd5-4f67-aefc-0a9ace8ccdc1@group-388F3F3A18C1, cid=24, FAILED org.apache.ratis.protocol.NotLeaderException: Server b89e1062-1dd5-4f67-aefc-0a9ace8ccdc1 is not the leader (null). Request must be sent to leader., logIndex=0, commits[b89e1062-1dd5-4f67-aefc-0a9ace8ccdc1:c-1]
2019-09-05 17:45:26,298 [grpc-default-executor-4] INFO  client.GrpcClientProtocolClient (GrpcClientProtocolClient.java:onNext(255)) - client-90237757EAD3->43c9d192-0b2b-4d49-b612-c9bce3341d53: receive RaftClientReply:client-90237757EAD3->43c9d192-0b2b-4d49-b612-c9bce3341d53@group-388F3F3A18C1, cid=24, FAILED org.apache.ratis.protocol.NotLeaderException: Server 43c9d192-0b2b-4d49-b612-c9bce3341d53 is not the leader (null). Request must be sent to leader., logIndex=0, commits[43c9d192-0b2b-4d49-b612-c9bce3341d53:c-1]
2019-09-05 17:45:27,351 [grpc-default-executor-5] INFO  client.GrpcClientProtocolClient (GrpcClientProtocolClient.java:onNext(255)) - client-90237757EAD3->b89e1062-1dd5-4f67-aefc-0a9ace8ccdc1: receive RaftClientReply:client-90237757EAD3->b89e1062-1dd5-4f67-aefc-0a9ace8ccdc1@group-388F3F3A18C1, cid=24, FAILED org.apache.ratis.protocol.NotLeaderException: Server b89e1062-1dd5-4f67-aefc-0a9ace8ccdc1 is not the leader (null). Request must be sent to leader., logIndex=0, commits[b89e1062-1dd5-4f67-aefc-0a9ace8ccdc1:c-1]
]]></system-out>
  </testcase>
  <testcase name="testWatchForCommitForRetryfailure" classname="org.apache.hadoop.ozone.client.rpc.TestWatchForCommit" time="130.561"/>
  <testcase name="testWatchForCommitForGroupMismatchException" classname="org.apache.hadoop.ozone.client.rpc.TestWatchForCommit" time="36.942"/>
  <testcase name="test2WayCommitForTimeoutException" classname="org.apache.hadoop.ozone.client.rpc.TestWatchForCommit" time="40.541"/>
</testsuite>