<?xml version="1.0" encoding="UTF-8"?>
<testsuite xmlns:xsi="http://www.w3.org/2001/XMLSchema-instance" xsi:noNamespaceSchemaLocation="https://maven.apache.org/surefire/maven-surefire-plugin/xsd/surefire-test-report.xsd" name="org.apache.hadoop.ozone.client.rpc.TestMultiBlockWritesWithDnFailures" time="37.823" tests="1" errors="1" skipped="0" failures="0">
  <properties>
    <property name="awt.toolkit" value="sun.awt.X11.XToolkit"/>
    <property name="file.encoding.pkg" value="sun.io"/>
    <property name="java.specification.version" value="1.8"/>
    <property name="sun.cpu.isalist" value=""/>
    <property name="sun.jnu.encoding" value="UTF-8"/>
    <property name="java.class.path" value="/workdir/hadoop-ozone/integration-test/target/test-classes:/workdir/hadoop-ozone/integration-test/target/classes:/home/user/.m2/repository/org/apache/hadoop/hadoop-ozone-common/0.4.1-SNAPSHOT/hadoop-ozone-common-0.4.1-SNAPSHOT.jar:/home/user/.m2/repository/org/apache/commons/commons-compress/1.4.1/commons-compress-1.4.1.jar:/home/user/.m2/repository/org/tukaani/xz/1.0/xz-1.0.jar:/home/user/.m2/repository/org/apache/hadoop/hadoop-common/3.2.0/hadoop-common-3.2.0.jar:/home/user/.m2/repository/org/apache/hadoop/hadoop-hdfs/3.2.0/hadoop-hdfs-3.2.0.jar:/home/user/.m2/repository/org/apache/hadoop/hadoop-hdfs-client/3.2.0/hadoop-hdfs-client-3.2.0.jar:/home/user/.m2/repository/com/fasterxml/jackson/core/jackson-annotations/2.9.5/jackson-annotations-2.9.5.jar:/home/user/.m2/repository/org/apache/hadoop/hadoop-hdds-common/0.4.1-SNAPSHOT/hadoop-hdds-common-0.4.1-SNAPSHOT.jar:/home/user/.m2/repository/javax/annotation/javax.annotation-api/1.2/javax.annotation-api-1.2.jar:/home/user/.m2/repository/org/apache/ratis/ratis-server/0.4.0-2337318-SNAPSHOT/ratis-server-0.4.0-2337318-SNAPSHOT.jar:/home/user/.m2/repository/org/apache/ratis/ratis-thirdparty-misc/0.2.0/ratis-thirdparty-misc-0.2.0.jar:/home/user/.m2/repository/org/apache/ratis/ratis-proto/0.4.0-2337318-SNAPSHOT/ratis-proto-0.4.0-2337318-SNAPSHOT.jar:/home/user/.m2/repository/org/apache/ratis/ratis-common/0.4.0-2337318-SNAPSHOT/ratis-common-0.4.0-2337318-SNAPSHOT.jar:/home/user/.m2/repository/org/apache/ratis/ratis-client/0.4.0-2337318-SNAPSHOT/ratis-client-0.4.0-2337318-SNAPSHOT.jar:/home/user/.m2/repository/org/apache/ratis/ratis-metrics/0.4.0-2337318-SNAPSHOT/ratis-metrics-0.4.0-2337318-SNAPSHOT.jar:/home/user/.m2/repository/org/apache/ratis/ratis-netty/0.4.0-2337318-SNAPSHOT/ratis-netty-0.4.0-2337318-SNAPSHOT.jar:/home/user/.m2/repository/org/apache/ratis/ratis-grpc/0.4.0-2337318-SNAPSHOT/ratis-grpc-0.4.0-2337318-SNAPSHOT.jar:/home/user/.m2/repository/org/rocksdb/rocksdbjni/6.0.1/rocksdbjni-6.0.1.jar:/home/user/.m2/repository/org/apache/logging/log4j/log4j-api/2.11.0/log4j-api-2.11.0.jar:/home/user/.m2/repository/org/apache/logging/log4j/log4j-core/2.11.0/log4j-core-2.11.0.jar:/home/user/.m2/repository/com/lmax/disruptor/3.4.2/disruptor-3.4.2.jar:/home/user/.m2/repository/org/apache/commons/commons-pool2/2.6.0/commons-pool2-2.6.0.jar:/home/user/.m2/repository/org/bouncycastle/bcpkix-jdk15on/1.60/bcpkix-jdk15on-1.60.jar:/home/user/.m2/repository/commons-validator/commons-validator/1.6/commons-validator-1.6.jar:/home/user/.m2/repository/commons-digester/commons-digester/1.8.1/commons-digester-1.8.1.jar:/home/user/.m2/repository/io/jaegertracing/jaeger-client/0.33.1/jaeger-client-0.33.1.jar:/home/user/.m2/repository/io/jaegertracing/jaeger-thrift/0.33.1/jaeger-thrift-0.33.1.jar:/home/user/.m2/repository/org/apache/thrift/libthrift/0.11.0/libthrift-0.11.0.jar:/home/user/.m2/repository/com/squareup/okhttp3/okhttp/3.9.0/okhttp-3.9.0.jar:/home/user/.m2/repository/com/squareup/okio/okio/1.13.0/okio-1.13.0.jar:/home/user/.m2/repository/io/jaegertracing/jaeger-core/0.33.1/jaeger-core-0.33.1.jar:/home/user/.m2/repository/io/jaegertracing/jaeger-tracerresolver/0.33.1/jaeger-tracerresolver-0.33.1.jar:/home/user/.m2/repository/io/opentracing/contrib/opentracing-tracerresolver/0.1.5/opentracing-tracerresolver-0.1.5.jar:/home/user/.m2/repository/io/opentracing/opentracing-util/0.31.0/opentracing-util-0.31.0.jar:/home/user/.m2/repository/io/opentracing/opentracing-api/0.31.0/opentracing-api-0.31.0.jar:/home/user/.m2/repository/io/opentracing/opentracing-noop/0.31.0/opentracing-noop-0.31.0.jar:/home/user/.m2/repository/org/apache/hadoop/hadoop-hdds-server-framework/0.4.1-SNAPSHOT/hadoop-hdds-server-framework-0.4.1-SNAPSHOT.jar:/home/user/.m2/repository/org/apache/hadoop/hadoop-hdds-container-service/0.4.1-SNAPSHOT/hadoop-hdds-container-service-0.4.1-SNAPSHOT.jar:/home/user/.m2/repository/org/apache/hadoop/hadoop-hdds-client/0.4.1-SNAPSHOT/hadoop-hdds-client-0.4.1-SNAPSHOT.jar:/home/user/.m2/repository/org/apache/hadoop/hadoop-hdds-tools/0.4.1-SNAPSHOT/hadoop-hdds-tools-0.4.1-SNAPSHOT.jar:/home/user/.m2/repository/org/apache/hadoop/hadoop-hdds-server-scm/0.4.1-SNAPSHOT/hadoop-hdds-server-scm-0.4.1-SNAPSHOT.jar:/home/user/.m2/repository/org/apache/hadoop/hadoop-hdds-docs/0.4.1-SNAPSHOT/hadoop-hdds-docs-0.4.1-SNAPSHOT.jar:/home/user/.m2/repository/io/dropwizard/metrics/metrics-core/3.2.4/metrics-core-3.2.4.jar:/home/user/.m2/repository/org/hamcrest/hamcrest-all/1.3/hamcrest-all-1.3.jar:/home/user/.m2/repository/org/bouncycastle/bcprov-jdk15on/1.60/bcprov-jdk15on-1.60.jar:/home/user/.m2/repository/info/picocli/picocli/3.9.6/picocli-3.9.6.jar:/home/user/.m2/repository/com/google/protobuf/protobuf-java/2.5.0/protobuf-java-2.5.0.jar:/home/user/.m2/repository/com/google/guava/guava/11.0.2/guava-11.0.2.jar:/home/user/.m2/repository/org/apache/hadoop/hadoop-ozone-ozone-manager/0.4.1-SNAPSHOT/hadoop-ozone-ozone-manager-0.4.1-SNAPSHOT.jar:/home/user/.m2/repository/org/apache/hadoop/hadoop-minikdc/3.2.0/hadoop-minikdc-3.2.0.jar:/home/user/.m2/repository/commons-io/commons-io/2.5/commons-io-2.5.jar:/home/user/.m2/repository/org/apache/kerby/kerb-simplekdc/1.0.1/kerb-simplekdc-1.0.1.jar:/home/user/.m2/repository/org/apache/kerby/kerb-client/1.0.1/kerb-client-1.0.1.jar:/home/user/.m2/repository/org/apache/kerby/kerby-config/1.0.1/kerby-config-1.0.1.jar:/home/user/.m2/repository/org/apache/kerby/kerb-core/1.0.1/kerb-core-1.0.1.jar:/home/user/.m2/repository/org/apache/kerby/kerby-pkix/1.0.1/kerby-pkix-1.0.1.jar:/home/user/.m2/repository/org/apache/kerby/kerby-asn1/1.0.1/kerby-asn1-1.0.1.jar:/home/user/.m2/repository/org/apache/kerby/kerby-util/1.0.1/kerby-util-1.0.1.jar:/home/user/.m2/repository/org/apache/kerby/kerb-common/1.0.1/kerb-common-1.0.1.jar:/home/user/.m2/repository/org/apache/kerby/kerb-crypto/1.0.1/kerb-crypto-1.0.1.jar:/home/user/.m2/repository/org/apache/kerby/kerb-util/1.0.1/kerb-util-1.0.1.jar:/home/user/.m2/repository/org/apache/kerby/token-provider/1.0.1/token-provider-1.0.1.jar:/home/user/.m2/repository/org/apache/kerby/kerb-admin/1.0.1/kerb-admin-1.0.1.jar:/home/user/.m2/repository/org/apache/kerby/kerb-server/1.0.1/kerb-server-1.0.1.jar:/home/user/.m2/repository/org/apache/kerby/kerb-identity/1.0.1/kerb-identity-1.0.1.jar:/home/user/.m2/repository/org/apache/kerby/kerby-xdr/1.0.1/kerby-xdr-1.0.1.jar:/home/user/.m2/repository/org/slf4j/slf4j-log4j12/1.7.25/slf4j-log4j12-1.7.25.jar:/home/user/.m2/repository/org/apache/hadoop/hadoop-ozone-objectstore-service/0.4.1-SNAPSHOT/hadoop-ozone-objectstore-service-0.4.1-SNAPSHOT.jar:/home/user/.m2/repository/org/apache/hadoop/hadoop-ozone-s3gateway/0.4.1-SNAPSHOT/hadoop-ozone-s3gateway-0.4.1-SNAPSHOT.jar:/home/user/.m2/repository/org/jboss/weld/servlet/weld-servlet/2.4.7.Final/weld-servlet-2.4.7.Final.jar:/home/user/.m2/repository/org/glassfish/jersey/containers/jersey-container-servlet-core/2.27/jersey-container-servlet-core-2.27.jar:/home/user/.m2/repository/org/glassfish/hk2/external/javax.inject/2.5.0-b42/javax.inject-2.5.0-b42.jar:/home/user/.m2/repository/org/glassfish/jersey/core/jersey-common/2.27/jersey-common-2.27.jar:/home/user/.m2/repository/org/glassfish/hk2/osgi-resource-locator/1.0.1/osgi-resource-locator-1.0.1.jar:/home/user/.m2/repository/javax/ws/rs/javax.ws.rs-api/2.1/javax.ws.rs-api-2.1.jar:/home/user/.m2/repository/org/glassfish/jersey/ext/cdi/jersey-cdi1x/2.27/jersey-cdi1x-2.27.jar:/home/user/.m2/repository/org/glassfish/jersey/inject/jersey-hk2/2.27/jersey-hk2-2.27.jar:/home/user/.m2/repository/org/glassfish/hk2/hk2-locator/2.5.0-b42/hk2-locator-2.5.0-b42.jar:/home/user/.m2/repository/org/javassist/javassist/3.22.0-CR2/javassist-3.22.0-CR2.jar:/home/user/.m2/repository/org/glassfish/hk2/hk2-api/2.5.0/hk2-api-2.5.0.jar:/home/user/.m2/repository/org/glassfish/hk2/external/jakarta.inject/2.5.0/jakarta.inject-2.5.0.jar:/home/user/.m2/repository/org/glassfish/hk2/hk2-utils/2.5.0/hk2-utils-2.5.0.jar:/home/user/.m2/repository/jakarta/annotation/jakarta.annotation-api/1.3.4/jakarta.annotation-api-1.3.4.jar:/home/user/.m2/repository/org/glassfish/hk2/external/aopalliance-repackaged/2.5.0/aopalliance-repackaged-2.5.0.jar:/home/user/.m2/repository/com/fasterxml/jackson/dataformat/jackson-dataformat-xml/2.9.0/jackson-dataformat-xml-2.9.0.jar:/home/user/.m2/repository/com/fasterxml/jackson/core/jackson-core/2.9.5/jackson-core-2.9.5.jar:/home/user/.m2/repository/com/fasterxml/jackson/module/jackson-module-jaxb-annotations/2.9.5/jackson-module-jaxb-annotations-2.9.5.jar:/home/user/.m2/repository/javax/enterprise/cdi-api/1.2/cdi-api-1.2.jar:/home/user/.m2/repository/javax/el/javax.el-api/3.0.0/javax.el-api-3.0.0.jar:/home/user/.m2/repository/javax/interceptor/javax.interceptor-api/1.2/javax.interceptor-api-1.2.jar:/home/user/.m2/repository/javax/inject/javax.inject/1/javax.inject-1.jar:/home/user/.m2/repository/com/sun/xml/bind/jaxb-impl/2.3.0.1/jaxb-impl-2.3.0.1.jar:/home/user/.m2/repository/com/sun/xml/bind/jaxb-core/2.3.0.1/jaxb-core-2.3.0.1.jar:/home/user/.m2/repository/javax/xml/bind/jaxb-api/2.3.0/jaxb-api-2.3.0.jar:/home/user/.m2/repository/javax/activation/activation/1.1.1/activation-1.1.1.jar:/home/user/.m2/repository/org/apache/hadoop/hadoop-ozone-csi/0.4.1-SNAPSHOT/hadoop-ozone-csi-0.4.1-SNAPSHOT.jar:/home/user/.m2/repository/com/google/protobuf/protobuf-java-util/3.5.1/protobuf-java-util-3.5.1.jar:/home/user/.m2/repository/org/apache/hadoop/hadoop-hdds-config/0.4.1-SNAPSHOT/hadoop-hdds-config-0.4.1-SNAPSHOT.jar:/home/user/.m2/repository/io/grpc/grpc-netty/1.17.1/grpc-netty-1.17.1.jar:/home/user/.m2/repository/io/grpc/grpc-core/1.17.1/grpc-core-1.17.1.jar:/home/user/.m2/repository/io/grpc/grpc-context/1.17.1/grpc-context-1.17.1.jar:/home/user/.m2/repository/com/google/errorprone/error_prone_annotations/2.2.0/error_prone_annotations-2.2.0.jar:/home/user/.m2/repository/org/codehaus/mojo/animal-sniffer-annotations/1.17/animal-sniffer-annotations-1.17.jar:/home/user/.m2/repository/io/opencensus/opencensus-api/0.17.0/opencensus-api-0.17.0.jar:/home/user/.m2/repository/io/opencensus/opencensus-contrib-grpc-metrics/0.17.0/opencensus-contrib-grpc-metrics-0.17.0.jar:/home/user/.m2/repository/io/netty/netty-codec-http2/4.1.30.Final/netty-codec-http2-4.1.30.Final.jar:/home/user/.m2/repository/io/netty/netty-codec-http/4.1.30.Final/netty-codec-http-4.1.30.Final.jar:/home/user/.m2/repository/io/netty/netty-codec/4.1.30.Final/netty-codec-4.1.30.Final.jar:/home/user/.m2/repository/io/netty/netty-handler/4.1.30.Final/netty-handler-4.1.30.Final.jar:/home/user/.m2/repository/io/netty/netty-handler-proxy/4.1.30.Final/netty-handler-proxy-4.1.30.Final.jar:/home/user/.m2/repository/io/netty/netty-codec-socks/4.1.30.Final/netty-codec-socks-4.1.30.Final.jar:/home/user/.m2/repository/io/netty/netty-transport-native-epoll/4.1.30.Final/netty-transport-native-epoll-4.1.30.Final.jar:/home/user/.m2/repository/io/netty/netty-common/4.1.30.Final/netty-common-4.1.30.Final.jar:/home/user/.m2/repository/io/netty/netty-buffer/4.1.30.Final/netty-buffer-4.1.30.Final.jar:/home/user/.m2/repository/io/netty/netty-transport/4.1.30.Final/netty-transport-4.1.30.Final.jar:/home/user/.m2/repository/io/netty/netty-resolver/4.1.30.Final/netty-resolver-4.1.30.Final.jar:/home/user/.m2/repository/io/netty/netty-transport-native-unix-common/4.1.30.Final/netty-transport-native-unix-common-4.1.30.Final.jar:/home/user/.m2/repository/io/grpc/grpc-protobuf/1.17.1/grpc-protobuf-1.17.1.jar:/home/user/.m2/repository/com/google/api/grpc/proto-google-common-protos/1.0.0/proto-google-common-protos-1.0.0.jar:/home/user/.m2/repository/io/grpc/grpc-protobuf-lite/1.17.1/grpc-protobuf-lite-1.17.1.jar:/home/user/.m2/repository/io/grpc/grpc-stub/1.17.1/grpc-stub-1.17.1.jar:/home/user/.m2/repository/org/apache/hadoop/hadoop-ozone-recon/0.4.1-SNAPSHOT/hadoop-ozone-recon-0.4.1-SNAPSHOT.jar:/home/user/.m2/repository/org/apache/hadoop/hadoop-ozone-reconcodegen/0.4.1-SNAPSHOT/hadoop-ozone-reconcodegen-0.4.1-SNAPSHOT.jar:/home/user/.m2/repository/com/google/inject/extensions/guice-multibindings/4.0/guice-multibindings-4.0.jar:/home/user/.m2/repository/com/google/inject/guice/4.0/guice-4.0.jar:/home/user/.m2/repository/aopalliance/aopalliance/1.0/aopalliance-1.0.jar:/home/user/.m2/repository/com/google/inject/extensions/guice-servlet/4.0/guice-servlet-4.0.jar:/home/user/.m2/repository/org/glassfish/jersey/containers/jersey-container-servlet/2.27/jersey-container-servlet-2.27.jar:/home/user/.m2/repository/org/glassfish/hk2/guice-bridge/2.5.0/guice-bridge-2.5.0.jar:/home/user/.m2/repository/org/glassfish/jersey/core/jersey-server/2.27/jersey-server-2.27.jar:/home/user/.m2/repository/org/glassfish/jersey/core/jersey-client/2.27/jersey-client-2.27.jar:/home/user/.m2/repository/org/glassfish/jersey/media/jersey-media-jaxb/2.27/jersey-media-jaxb-2.27.jar:/home/user/.m2/repository/javax/validation/validation-api/1.1.0.Final/validation-api-1.1.0.Final.jar:/home/user/.m2/repository/org/glassfish/jersey/media/jersey-media-json-jackson/2.27/jersey-media-json-jackson-2.27.jar:/home/user/.m2/repository/org/glassfish/jersey/ext/jersey-entity-filtering/2.27/jersey-entity-filtering-2.27.jar:/home/user/.m2/repository/com/google/inject/extensions/guice-assistedinject/4.0/guice-assistedinject-4.0.jar:/home/user/.m2/repository/org/jooq/jooq/3.11.10/jooq-3.11.10.jar:/home/user/.m2/repository/org/jooq/jooq-meta/3.11.10/jooq-meta-3.11.10.jar:/home/user/.m2/repository/org/jooq/jooq-codegen/3.11.10/jooq-codegen-3.11.10.jar:/home/user/.m2/repository/com/jolbox/bonecp/0.8.0.RELEASE/bonecp-0.8.0.RELEASE.jar:/home/user/.m2/repository/org/xerial/sqlite-jdbc/3.25.2/sqlite-jdbc-3.25.2.jar:/home/user/.m2/repository/org/springframework/spring-jdbc/5.1.3.RELEASE/spring-jdbc-5.1.3.RELEASE.jar:/home/user/.m2/repository/org/springframework/spring-beans/5.1.3.RELEASE/spring-beans-5.1.3.RELEASE.jar:/home/user/.m2/repository/org/springframework/spring-core/5.1.3.RELEASE/spring-core-5.1.3.RELEASE.jar:/home/user/.m2/repository/org/springframework/spring-jcl/5.1.3.RELEASE/spring-jcl-5.1.3.RELEASE.jar:/home/user/.m2/repository/org/springframework/spring-tx/5.1.3.RELEASE/spring-tx-5.1.3.RELEASE.jar:/home/user/.m2/repository/org/apache/hadoop/hadoop-ozone-client/0.4.1-SNAPSHOT/hadoop-ozone-client-0.4.1-SNAPSHOT.jar:/home/user/.m2/repository/commons-lang/commons-lang/2.6/commons-lang-2.6.jar:/home/user/.m2/repository/org/apache/hadoop/hadoop-ozone-ozone-manager/0.4.1-SNAPSHOT/hadoop-ozone-ozone-manager-0.4.1-SNAPSHOT-tests.jar:/home/user/.m2/repository/junit/junit/4.11/junit-4.11.jar:/home/user/.m2/repository/org/hamcrest/hamcrest-core/1.3/hamcrest-core-1.3.jar:/home/user/.m2/repository/org/openjdk/jmh/jmh-core/1.19/jmh-core-1.19.jar:/home/user/.m2/repository/net/sf/jopt-simple/jopt-simple/4.6/jopt-simple-4.6.jar:/home/user/.m2/repository/org/apache/commons/commons-math3/3.1.1/commons-math3-3.1.1.jar:/home/user/.m2/repository/org/openjdk/jmh/jmh-generator-annprocess/1.19/jmh-generator-annprocess-1.19.jar:/home/user/.m2/repository/org/mockito/mockito-all/1.8.5/mockito-all-1.8.5.jar:/home/user/.m2/repository/org/apache/hadoop/hadoop-kms/3.2.0/hadoop-kms-3.2.0.jar:/home/user/.m2/repository/org/apache/hadoop/hadoop-auth/3.2.0/hadoop-auth-3.2.0.jar:/home/user/.m2/repository/com/nimbusds/nimbus-jose-jwt/4.41.1/nimbus-jose-jwt-4.41.1.jar:/home/user/.m2/repository/com/github/stephenc/jcip/jcip-annotations/1.0-1/jcip-annotations-1.0-1.jar:/home/user/.m2/repository/net/minidev/json-smart/2.3/json-smart-2.3.jar:/home/user/.m2/repository/net/minidev/accessors-smart/1.2/accessors-smart-1.2.jar:/home/user/.m2/repository/org/ow2/asm/asm/5.0.4/asm-5.0.4.jar:/home/user/.m2/repository/org/apache/curator/curator-framework/2.12.0/curator-framework-2.12.0.jar:/home/user/.m2/repository/com/sun/jersey/jersey-core/1.19/jersey-core-1.19.jar:/home/user/.m2/repository/javax/ws/rs/jsr311-api/1.1.1/jsr311-api-1.1.1.jar:/home/user/.m2/repository/com/sun/jersey/jersey-server/1.19/jersey-server-1.19.jar:/home/user/.m2/repository/javax/servlet/javax.servlet-api/3.1.0/javax.servlet-api-3.1.0.jar:/home/user/.m2/repository/org/eclipse/jetty/jetty-server/9.3.24.v20180605/jetty-server-9.3.24.v20180605.jar:/home/user/.m2/repository/org/eclipse/jetty/jetty-http/9.3.24.v20180605/jetty-http-9.3.24.v20180605.jar:/home/user/.m2/repository/org/eclipse/jetty/jetty-io/9.3.24.v20180605/jetty-io-9.3.24.v20180605.jar:/home/user/.m2/repository/org/eclipse/jetty/jetty-webapp/9.3.24.v20180605/jetty-webapp-9.3.24.v20180605.jar:/home/user/.m2/repository/org/eclipse/jetty/jetty-xml/9.3.24.v20180605/jetty-xml-9.3.24.v20180605.jar:/home/user/.m2/repository/log4j/log4j/1.2.17/log4j-1.2.17.jar:/home/user/.m2/repository/org/slf4j/slf4j-api/1.7.25/slf4j-api-1.7.25.jar:/home/user/.m2/repository/org/slf4j/jul-to-slf4j/1.7.25/jul-to-slf4j-1.7.25.jar:/home/user/.m2/repository/org/eclipse/jetty/jetty-util/9.3.24.v20180605/jetty-util-9.3.24.v20180605.jar:/home/user/.m2/repository/com/fasterxml/jackson/core/jackson-databind/2.9.5/jackson-databind-2.9.5.jar:/home/user/.m2/repository/org/apache/hadoop/hadoop-kms/3.2.0/hadoop-kms-3.2.0-tests.jar:/home/user/.m2/repository/org/apache/hadoop/hadoop-hdds-server-scm/0.4.1-SNAPSHOT/hadoop-hdds-server-scm-0.4.1-SNAPSHOT-tests.jar:/home/user/.m2/repository/org/apache/hadoop/hadoop-hdds-container-service/0.4.1-SNAPSHOT/hadoop-hdds-container-service-0.4.1-SNAPSHOT-tests.jar:/home/user/.m2/repository/org/yaml/snakeyaml/1.16/snakeyaml-1.16.jar:/home/user/.m2/repository/org/apache/hadoop/hadoop-common/3.2.0/hadoop-common-3.2.0-tests.jar:/home/user/.m2/repository/org/apache/hadoop/hadoop-annotations/3.2.0/hadoop-annotations-3.2.0.jar:/usr/lib/jvm/java-1.8-openjdk/jre/../lib/tools.jar:/home/user/.m2/repository/commons-cli/commons-cli/1.2/commons-cli-1.2.jar:/home/user/.m2/repository/org/apache/httpcomponents/httpclient/4.5.2/httpclient-4.5.2.jar:/home/user/.m2/repository/org/apache/httpcomponents/httpcore/4.4.4/httpcore-4.4.4.jar:/home/user/.m2/repository/commons-codec/commons-codec/1.11/commons-codec-1.11.jar:/home/user/.m2/repository/commons-net/commons-net/3.6/commons-net-3.6.jar:/home/user/.m2/repository/commons-collections/commons-collections/3.2.2/commons-collections-3.2.2.jar:/home/user/.m2/repository/org/eclipse/jetty/jetty-servlet/9.3.24.v20180605/jetty-servlet-9.3.24.v20180605.jar:/home/user/.m2/repository/org/eclipse/jetty/jetty-security/9.3.24.v20180605/jetty-security-9.3.24.v20180605.jar:/home/user/.m2/repository/javax/servlet/jsp/jsp-api/2.1/jsp-api-2.1.jar:/home/user/.m2/repository/com/sun/jersey/jersey-servlet/1.19/jersey-servlet-1.19.jar:/home/user/.m2/repository/com/sun/jersey/jersey-json/1.19/jersey-json-1.19.jar:/home/user/.m2/repository/org/codehaus/jettison/jettison/1.1/jettison-1.1.jar:/home/user/.m2/repository/org/codehaus/jackson/jackson-core-asl/1.9.13/jackson-core-asl-1.9.13.jar:/home/user/.m2/repository/org/codehaus/jackson/jackson-mapper-asl/1.9.13/jackson-mapper-asl-1.9.13.jar:/home/user/.m2/repository/org/codehaus/jackson/jackson-jaxrs/1.9.13/jackson-jaxrs-1.9.13.jar:/home/user/.m2/repository/org/codehaus/jackson/jackson-xc/1.9.13/jackson-xc-1.9.13.jar:/home/user/.m2/repository/commons-logging/commons-logging/1.1.3/commons-logging-1.1.3.jar:/home/user/.m2/repository/commons-beanutils/commons-beanutils/1.9.3/commons-beanutils-1.9.3.jar:/home/user/.m2/repository/org/apache/commons/commons-configuration2/2.1.1/commons-configuration2-2.1.1.jar:/home/user/.m2/repository/org/apache/commons/commons-lang3/3.7/commons-lang3-3.7.jar:/home/user/.m2/repository/org/apache/commons/commons-text/1.4/commons-text-1.4.jar:/home/user/.m2/repository/org/apache/avro/avro/1.7.7/avro-1.7.7.jar:/home/user/.m2/repository/com/thoughtworks/paranamer/paranamer/2.3/paranamer-2.3.jar:/home/user/.m2/repository/org/xerial/snappy/snappy-java/1.0.5/snappy-java-1.0.5.jar:/home/user/.m2/repository/com/google/re2j/re2j/1.1/re2j-1.1.jar:/home/user/.m2/repository/com/google/code/gson/gson/2.2.4/gson-2.2.4.jar:/home/user/.m2/repository/com/jcraft/jsch/0.1.54/jsch-0.1.54.jar:/home/user/.m2/repository/org/apache/curator/curator-client/2.12.0/curator-client-2.12.0.jar:/home/user/.m2/repository/org/apache/curator/curator-recipes/2.12.0/curator-recipes-2.12.0.jar:/home/user/.m2/repository/com/google/code/findbugs/jsr305/3.0.0/jsr305-3.0.0.jar:/home/user/.m2/repository/org/apache/htrace/htrace-core4/4.1.0-incubating/htrace-core4-4.1.0-incubating.jar:/home/user/.m2/repository/org/apache/zookeeper/zookeeper/3.4.13/zookeeper-3.4.13.jar:/home/user/.m2/repository/org/apache/yetus/audience-annotations/0.5.0/audience-annotations-0.5.0.jar:/home/user/.m2/repository/org/codehaus/woodstox/stax2-api/3.1.4/stax2-api-3.1.4.jar:/home/user/.m2/repository/com/fasterxml/woodstox/woodstox-core/5.0.3/woodstox-core-5.0.3.jar:/home/user/.m2/repository/dnsjava/dnsjava/2.1.7/dnsjava-2.1.7.jar:/home/user/.m2/repository/org/apache/hadoop/hadoop-hdfs/3.2.0/hadoop-hdfs-3.2.0-tests.jar:/home/user/.m2/repository/org/eclipse/jetty/jetty-util-ajax/9.3.24.v20180605/jetty-util-ajax-9.3.24.v20180605.jar:/home/user/.m2/repository/commons-daemon/commons-daemon/1.0.13/commons-daemon-1.0.13.jar:/home/user/.m2/repository/io/netty/netty/3.10.5.Final/netty-3.10.5.Final.jar:/home/user/.m2/repository/io/netty/netty-all/4.0.52.Final/netty-all-4.0.52.Final.jar:/home/user/.m2/repository/org/fusesource/leveldbjni/leveldbjni-all/1.8/leveldbjni-all-1.8.jar:"/>
    <property name="java.vm.vendor" value="IcedTea"/>
    <property name="sun.arch.data.model" value="64"/>
    <property name="test.build.dir" value="/workdir/hadoop-ozone/integration-test/target/test-dir"/>
    <property name="test.cache.data" value=""/>
    <property name="java.vendor.url" value="https://icedtea.classpath.org"/>
    <property name="user.timezone" value=""/>
    <property name="java.vm.specification.version" value="1.8"/>
    <property name="os.name" value="Linux"/>
    <property name="test.build.data" value="/workdir/hadoop-ozone/integration-test/target/test-dir"/>
    <property name="user.country" value="US"/>
    <property name="sun.java.launcher" value="SUN_STANDARD"/>
    <property name="sun.boot.library.path" value="/usr/lib/jvm/java-1.8-openjdk/jre/lib/amd64"/>
    <property name="sun.java.command" value="/workdir/hadoop-ozone/integration-test/target/surefire/surefirebooter5919807655642472021.jar /workdir/hadoop-ozone/integration-test/target/surefire 2019-07-29T12-32-59_647-jvmRun1 surefire8540306084894707759tmp surefire_453206165655429102615tmp"/>
    <property name="surefire.test.class.path" value="/workdir/hadoop-ozone/integration-test/target/test-classes:/workdir/hadoop-ozone/integration-test/target/classes:/home/user/.m2/repository/org/apache/hadoop/hadoop-ozone-common/0.4.1-SNAPSHOT/hadoop-ozone-common-0.4.1-SNAPSHOT.jar:/home/user/.m2/repository/org/apache/commons/commons-compress/1.4.1/commons-compress-1.4.1.jar:/home/user/.m2/repository/org/tukaani/xz/1.0/xz-1.0.jar:/home/user/.m2/repository/org/apache/hadoop/hadoop-common/3.2.0/hadoop-common-3.2.0.jar:/home/user/.m2/repository/org/apache/hadoop/hadoop-hdfs/3.2.0/hadoop-hdfs-3.2.0.jar:/home/user/.m2/repository/org/apache/hadoop/hadoop-hdfs-client/3.2.0/hadoop-hdfs-client-3.2.0.jar:/home/user/.m2/repository/com/fasterxml/jackson/core/jackson-annotations/2.9.5/jackson-annotations-2.9.5.jar:/home/user/.m2/repository/org/apache/hadoop/hadoop-hdds-common/0.4.1-SNAPSHOT/hadoop-hdds-common-0.4.1-SNAPSHOT.jar:/home/user/.m2/repository/javax/annotation/javax.annotation-api/1.2/javax.annotation-api-1.2.jar:/home/user/.m2/repository/org/apache/ratis/ratis-server/0.4.0-2337318-SNAPSHOT/ratis-server-0.4.0-2337318-SNAPSHOT.jar:/home/user/.m2/repository/org/apache/ratis/ratis-thirdparty-misc/0.2.0/ratis-thirdparty-misc-0.2.0.jar:/home/user/.m2/repository/org/apache/ratis/ratis-proto/0.4.0-2337318-SNAPSHOT/ratis-proto-0.4.0-2337318-SNAPSHOT.jar:/home/user/.m2/repository/org/apache/ratis/ratis-common/0.4.0-2337318-SNAPSHOT/ratis-common-0.4.0-2337318-SNAPSHOT.jar:/home/user/.m2/repository/org/apache/ratis/ratis-client/0.4.0-2337318-SNAPSHOT/ratis-client-0.4.0-2337318-SNAPSHOT.jar:/home/user/.m2/repository/org/apache/ratis/ratis-metrics/0.4.0-2337318-SNAPSHOT/ratis-metrics-0.4.0-2337318-SNAPSHOT.jar:/home/user/.m2/repository/org/apache/ratis/ratis-netty/0.4.0-2337318-SNAPSHOT/ratis-netty-0.4.0-2337318-SNAPSHOT.jar:/home/user/.m2/repository/org/apache/ratis/ratis-grpc/0.4.0-2337318-SNAPSHOT/ratis-grpc-0.4.0-2337318-SNAPSHOT.jar:/home/user/.m2/repository/org/rocksdb/rocksdbjni/6.0.1/rocksdbjni-6.0.1.jar:/home/user/.m2/repository/org/apache/logging/log4j/log4j-api/2.11.0/log4j-api-2.11.0.jar:/home/user/.m2/repository/org/apache/logging/log4j/log4j-core/2.11.0/log4j-core-2.11.0.jar:/home/user/.m2/repository/com/lmax/disruptor/3.4.2/disruptor-3.4.2.jar:/home/user/.m2/repository/org/apache/commons/commons-pool2/2.6.0/commons-pool2-2.6.0.jar:/home/user/.m2/repository/org/bouncycastle/bcpkix-jdk15on/1.60/bcpkix-jdk15on-1.60.jar:/home/user/.m2/repository/commons-validator/commons-validator/1.6/commons-validator-1.6.jar:/home/user/.m2/repository/commons-digester/commons-digester/1.8.1/commons-digester-1.8.1.jar:/home/user/.m2/repository/io/jaegertracing/jaeger-client/0.33.1/jaeger-client-0.33.1.jar:/home/user/.m2/repository/io/jaegertracing/jaeger-thrift/0.33.1/jaeger-thrift-0.33.1.jar:/home/user/.m2/repository/org/apache/thrift/libthrift/0.11.0/libthrift-0.11.0.jar:/home/user/.m2/repository/com/squareup/okhttp3/okhttp/3.9.0/okhttp-3.9.0.jar:/home/user/.m2/repository/com/squareup/okio/okio/1.13.0/okio-1.13.0.jar:/home/user/.m2/repository/io/jaegertracing/jaeger-core/0.33.1/jaeger-core-0.33.1.jar:/home/user/.m2/repository/io/jaegertracing/jaeger-tracerresolver/0.33.1/jaeger-tracerresolver-0.33.1.jar:/home/user/.m2/repository/io/opentracing/contrib/opentracing-tracerresolver/0.1.5/opentracing-tracerresolver-0.1.5.jar:/home/user/.m2/repository/io/opentracing/opentracing-util/0.31.0/opentracing-util-0.31.0.jar:/home/user/.m2/repository/io/opentracing/opentracing-api/0.31.0/opentracing-api-0.31.0.jar:/home/user/.m2/repository/io/opentracing/opentracing-noop/0.31.0/opentracing-noop-0.31.0.jar:/home/user/.m2/repository/org/apache/hadoop/hadoop-hdds-server-framework/0.4.1-SNAPSHOT/hadoop-hdds-server-framework-0.4.1-SNAPSHOT.jar:/home/user/.m2/repository/org/apache/hadoop/hadoop-hdds-container-service/0.4.1-SNAPSHOT/hadoop-hdds-container-service-0.4.1-SNAPSHOT.jar:/home/user/.m2/repository/org/apache/hadoop/hadoop-hdds-client/0.4.1-SNAPSHOT/hadoop-hdds-client-0.4.1-SNAPSHOT.jar:/home/user/.m2/repository/org/apache/hadoop/hadoop-hdds-tools/0.4.1-SNAPSHOT/hadoop-hdds-tools-0.4.1-SNAPSHOT.jar:/home/user/.m2/repository/org/apache/hadoop/hadoop-hdds-server-scm/0.4.1-SNAPSHOT/hadoop-hdds-server-scm-0.4.1-SNAPSHOT.jar:/home/user/.m2/repository/org/apache/hadoop/hadoop-hdds-docs/0.4.1-SNAPSHOT/hadoop-hdds-docs-0.4.1-SNAPSHOT.jar:/home/user/.m2/repository/io/dropwizard/metrics/metrics-core/3.2.4/metrics-core-3.2.4.jar:/home/user/.m2/repository/org/hamcrest/hamcrest-all/1.3/hamcrest-all-1.3.jar:/home/user/.m2/repository/org/bouncycastle/bcprov-jdk15on/1.60/bcprov-jdk15on-1.60.jar:/home/user/.m2/repository/info/picocli/picocli/3.9.6/picocli-3.9.6.jar:/home/user/.m2/repository/com/google/protobuf/protobuf-java/2.5.0/protobuf-java-2.5.0.jar:/home/user/.m2/repository/com/google/guava/guava/11.0.2/guava-11.0.2.jar:/home/user/.m2/repository/org/apache/hadoop/hadoop-ozone-ozone-manager/0.4.1-SNAPSHOT/hadoop-ozone-ozone-manager-0.4.1-SNAPSHOT.jar:/home/user/.m2/repository/org/apache/hadoop/hadoop-minikdc/3.2.0/hadoop-minikdc-3.2.0.jar:/home/user/.m2/repository/commons-io/commons-io/2.5/commons-io-2.5.jar:/home/user/.m2/repository/org/apache/kerby/kerb-simplekdc/1.0.1/kerb-simplekdc-1.0.1.jar:/home/user/.m2/repository/org/apache/kerby/kerb-client/1.0.1/kerb-client-1.0.1.jar:/home/user/.m2/repository/org/apache/kerby/kerby-config/1.0.1/kerby-config-1.0.1.jar:/home/user/.m2/repository/org/apache/kerby/kerb-core/1.0.1/kerb-core-1.0.1.jar:/home/user/.m2/repository/org/apache/kerby/kerby-pkix/1.0.1/kerby-pkix-1.0.1.jar:/home/user/.m2/repository/org/apache/kerby/kerby-asn1/1.0.1/kerby-asn1-1.0.1.jar:/home/user/.m2/repository/org/apache/kerby/kerby-util/1.0.1/kerby-util-1.0.1.jar:/home/user/.m2/repository/org/apache/kerby/kerb-common/1.0.1/kerb-common-1.0.1.jar:/home/user/.m2/repository/org/apache/kerby/kerb-crypto/1.0.1/kerb-crypto-1.0.1.jar:/home/user/.m2/repository/org/apache/kerby/kerb-util/1.0.1/kerb-util-1.0.1.jar:/home/user/.m2/repository/org/apache/kerby/token-provider/1.0.1/token-provider-1.0.1.jar:/home/user/.m2/repository/org/apache/kerby/kerb-admin/1.0.1/kerb-admin-1.0.1.jar:/home/user/.m2/repository/org/apache/kerby/kerb-server/1.0.1/kerb-server-1.0.1.jar:/home/user/.m2/repository/org/apache/kerby/kerb-identity/1.0.1/kerb-identity-1.0.1.jar:/home/user/.m2/repository/org/apache/kerby/kerby-xdr/1.0.1/kerby-xdr-1.0.1.jar:/home/user/.m2/repository/org/slf4j/slf4j-log4j12/1.7.25/slf4j-log4j12-1.7.25.jar:/home/user/.m2/repository/org/apache/hadoop/hadoop-ozone-objectstore-service/0.4.1-SNAPSHOT/hadoop-ozone-objectstore-service-0.4.1-SNAPSHOT.jar:/home/user/.m2/repository/org/apache/hadoop/hadoop-ozone-s3gateway/0.4.1-SNAPSHOT/hadoop-ozone-s3gateway-0.4.1-SNAPSHOT.jar:/home/user/.m2/repository/org/jboss/weld/servlet/weld-servlet/2.4.7.Final/weld-servlet-2.4.7.Final.jar:/home/user/.m2/repository/org/glassfish/jersey/containers/jersey-container-servlet-core/2.27/jersey-container-servlet-core-2.27.jar:/home/user/.m2/repository/org/glassfish/hk2/external/javax.inject/2.5.0-b42/javax.inject-2.5.0-b42.jar:/home/user/.m2/repository/org/glassfish/jersey/core/jersey-common/2.27/jersey-common-2.27.jar:/home/user/.m2/repository/org/glassfish/hk2/osgi-resource-locator/1.0.1/osgi-resource-locator-1.0.1.jar:/home/user/.m2/repository/javax/ws/rs/javax.ws.rs-api/2.1/javax.ws.rs-api-2.1.jar:/home/user/.m2/repository/org/glassfish/jersey/ext/cdi/jersey-cdi1x/2.27/jersey-cdi1x-2.27.jar:/home/user/.m2/repository/org/glassfish/jersey/inject/jersey-hk2/2.27/jersey-hk2-2.27.jar:/home/user/.m2/repository/org/glassfish/hk2/hk2-locator/2.5.0-b42/hk2-locator-2.5.0-b42.jar:/home/user/.m2/repository/org/javassist/javassist/3.22.0-CR2/javassist-3.22.0-CR2.jar:/home/user/.m2/repository/org/glassfish/hk2/hk2-api/2.5.0/hk2-api-2.5.0.jar:/home/user/.m2/repository/org/glassfish/hk2/external/jakarta.inject/2.5.0/jakarta.inject-2.5.0.jar:/home/user/.m2/repository/org/glassfish/hk2/hk2-utils/2.5.0/hk2-utils-2.5.0.jar:/home/user/.m2/repository/jakarta/annotation/jakarta.annotation-api/1.3.4/jakarta.annotation-api-1.3.4.jar:/home/user/.m2/repository/org/glassfish/hk2/external/aopalliance-repackaged/2.5.0/aopalliance-repackaged-2.5.0.jar:/home/user/.m2/repository/com/fasterxml/jackson/dataformat/jackson-dataformat-xml/2.9.0/jackson-dataformat-xml-2.9.0.jar:/home/user/.m2/repository/com/fasterxml/jackson/core/jackson-core/2.9.5/jackson-core-2.9.5.jar:/home/user/.m2/repository/com/fasterxml/jackson/module/jackson-module-jaxb-annotations/2.9.5/jackson-module-jaxb-annotations-2.9.5.jar:/home/user/.m2/repository/javax/enterprise/cdi-api/1.2/cdi-api-1.2.jar:/home/user/.m2/repository/javax/el/javax.el-api/3.0.0/javax.el-api-3.0.0.jar:/home/user/.m2/repository/javax/interceptor/javax.interceptor-api/1.2/javax.interceptor-api-1.2.jar:/home/user/.m2/repository/javax/inject/javax.inject/1/javax.inject-1.jar:/home/user/.m2/repository/com/sun/xml/bind/jaxb-impl/2.3.0.1/jaxb-impl-2.3.0.1.jar:/home/user/.m2/repository/com/sun/xml/bind/jaxb-core/2.3.0.1/jaxb-core-2.3.0.1.jar:/home/user/.m2/repository/javax/xml/bind/jaxb-api/2.3.0/jaxb-api-2.3.0.jar:/home/user/.m2/repository/javax/activation/activation/1.1.1/activation-1.1.1.jar:/home/user/.m2/repository/org/apache/hadoop/hadoop-ozone-csi/0.4.1-SNAPSHOT/hadoop-ozone-csi-0.4.1-SNAPSHOT.jar:/home/user/.m2/repository/com/google/protobuf/protobuf-java-util/3.5.1/protobuf-java-util-3.5.1.jar:/home/user/.m2/repository/org/apache/hadoop/hadoop-hdds-config/0.4.1-SNAPSHOT/hadoop-hdds-config-0.4.1-SNAPSHOT.jar:/home/user/.m2/repository/io/grpc/grpc-netty/1.17.1/grpc-netty-1.17.1.jar:/home/user/.m2/repository/io/grpc/grpc-core/1.17.1/grpc-core-1.17.1.jar:/home/user/.m2/repository/io/grpc/grpc-context/1.17.1/grpc-context-1.17.1.jar:/home/user/.m2/repository/com/google/errorprone/error_prone_annotations/2.2.0/error_prone_annotations-2.2.0.jar:/home/user/.m2/repository/org/codehaus/mojo/animal-sniffer-annotations/1.17/animal-sniffer-annotations-1.17.jar:/home/user/.m2/repository/io/opencensus/opencensus-api/0.17.0/opencensus-api-0.17.0.jar:/home/user/.m2/repository/io/opencensus/opencensus-contrib-grpc-metrics/0.17.0/opencensus-contrib-grpc-metrics-0.17.0.jar:/home/user/.m2/repository/io/netty/netty-codec-http2/4.1.30.Final/netty-codec-http2-4.1.30.Final.jar:/home/user/.m2/repository/io/netty/netty-codec-http/4.1.30.Final/netty-codec-http-4.1.30.Final.jar:/home/user/.m2/repository/io/netty/netty-codec/4.1.30.Final/netty-codec-4.1.30.Final.jar:/home/user/.m2/repository/io/netty/netty-handler/4.1.30.Final/netty-handler-4.1.30.Final.jar:/home/user/.m2/repository/io/netty/netty-handler-proxy/4.1.30.Final/netty-handler-proxy-4.1.30.Final.jar:/home/user/.m2/repository/io/netty/netty-codec-socks/4.1.30.Final/netty-codec-socks-4.1.30.Final.jar:/home/user/.m2/repository/io/netty/netty-transport-native-epoll/4.1.30.Final/netty-transport-native-epoll-4.1.30.Final.jar:/home/user/.m2/repository/io/netty/netty-common/4.1.30.Final/netty-common-4.1.30.Final.jar:/home/user/.m2/repository/io/netty/netty-buffer/4.1.30.Final/netty-buffer-4.1.30.Final.jar:/home/user/.m2/repository/io/netty/netty-transport/4.1.30.Final/netty-transport-4.1.30.Final.jar:/home/user/.m2/repository/io/netty/netty-resolver/4.1.30.Final/netty-resolver-4.1.30.Final.jar:/home/user/.m2/repository/io/netty/netty-transport-native-unix-common/4.1.30.Final/netty-transport-native-unix-common-4.1.30.Final.jar:/home/user/.m2/repository/io/grpc/grpc-protobuf/1.17.1/grpc-protobuf-1.17.1.jar:/home/user/.m2/repository/com/google/api/grpc/proto-google-common-protos/1.0.0/proto-google-common-protos-1.0.0.jar:/home/user/.m2/repository/io/grpc/grpc-protobuf-lite/1.17.1/grpc-protobuf-lite-1.17.1.jar:/home/user/.m2/repository/io/grpc/grpc-stub/1.17.1/grpc-stub-1.17.1.jar:/home/user/.m2/repository/org/apache/hadoop/hadoop-ozone-recon/0.4.1-SNAPSHOT/hadoop-ozone-recon-0.4.1-SNAPSHOT.jar:/home/user/.m2/repository/org/apache/hadoop/hadoop-ozone-reconcodegen/0.4.1-SNAPSHOT/hadoop-ozone-reconcodegen-0.4.1-SNAPSHOT.jar:/home/user/.m2/repository/com/google/inject/extensions/guice-multibindings/4.0/guice-multibindings-4.0.jar:/home/user/.m2/repository/com/google/inject/guice/4.0/guice-4.0.jar:/home/user/.m2/repository/aopalliance/aopalliance/1.0/aopalliance-1.0.jar:/home/user/.m2/repository/com/google/inject/extensions/guice-servlet/4.0/guice-servlet-4.0.jar:/home/user/.m2/repository/org/glassfish/jersey/containers/jersey-container-servlet/2.27/jersey-container-servlet-2.27.jar:/home/user/.m2/repository/org/glassfish/hk2/guice-bridge/2.5.0/guice-bridge-2.5.0.jar:/home/user/.m2/repository/org/glassfish/jersey/core/jersey-server/2.27/jersey-server-2.27.jar:/home/user/.m2/repository/org/glassfish/jersey/core/jersey-client/2.27/jersey-client-2.27.jar:/home/user/.m2/repository/org/glassfish/jersey/media/jersey-media-jaxb/2.27/jersey-media-jaxb-2.27.jar:/home/user/.m2/repository/javax/validation/validation-api/1.1.0.Final/validation-api-1.1.0.Final.jar:/home/user/.m2/repository/org/glassfish/jersey/media/jersey-media-json-jackson/2.27/jersey-media-json-jackson-2.27.jar:/home/user/.m2/repository/org/glassfish/jersey/ext/jersey-entity-filtering/2.27/jersey-entity-filtering-2.27.jar:/home/user/.m2/repository/com/google/inject/extensions/guice-assistedinject/4.0/guice-assistedinject-4.0.jar:/home/user/.m2/repository/org/jooq/jooq/3.11.10/jooq-3.11.10.jar:/home/user/.m2/repository/org/jooq/jooq-meta/3.11.10/jooq-meta-3.11.10.jar:/home/user/.m2/repository/org/jooq/jooq-codegen/3.11.10/jooq-codegen-3.11.10.jar:/home/user/.m2/repository/com/jolbox/bonecp/0.8.0.RELEASE/bonecp-0.8.0.RELEASE.jar:/home/user/.m2/repository/org/xerial/sqlite-jdbc/3.25.2/sqlite-jdbc-3.25.2.jar:/home/user/.m2/repository/org/springframework/spring-jdbc/5.1.3.RELEASE/spring-jdbc-5.1.3.RELEASE.jar:/home/user/.m2/repository/org/springframework/spring-beans/5.1.3.RELEASE/spring-beans-5.1.3.RELEASE.jar:/home/user/.m2/repository/org/springframework/spring-core/5.1.3.RELEASE/spring-core-5.1.3.RELEASE.jar:/home/user/.m2/repository/org/springframework/spring-jcl/5.1.3.RELEASE/spring-jcl-5.1.3.RELEASE.jar:/home/user/.m2/repository/org/springframework/spring-tx/5.1.3.RELEASE/spring-tx-5.1.3.RELEASE.jar:/home/user/.m2/repository/org/apache/hadoop/hadoop-ozone-client/0.4.1-SNAPSHOT/hadoop-ozone-client-0.4.1-SNAPSHOT.jar:/home/user/.m2/repository/commons-lang/commons-lang/2.6/commons-lang-2.6.jar:/home/user/.m2/repository/org/apache/hadoop/hadoop-ozone-ozone-manager/0.4.1-SNAPSHOT/hadoop-ozone-ozone-manager-0.4.1-SNAPSHOT-tests.jar:/home/user/.m2/repository/junit/junit/4.11/junit-4.11.jar:/home/user/.m2/repository/org/hamcrest/hamcrest-core/1.3/hamcrest-core-1.3.jar:/home/user/.m2/repository/org/openjdk/jmh/jmh-core/1.19/jmh-core-1.19.jar:/home/user/.m2/repository/net/sf/jopt-simple/jopt-simple/4.6/jopt-simple-4.6.jar:/home/user/.m2/repository/org/apache/commons/commons-math3/3.1.1/commons-math3-3.1.1.jar:/home/user/.m2/repository/org/openjdk/jmh/jmh-generator-annprocess/1.19/jmh-generator-annprocess-1.19.jar:/home/user/.m2/repository/org/mockito/mockito-all/1.8.5/mockito-all-1.8.5.jar:/home/user/.m2/repository/org/apache/hadoop/hadoop-kms/3.2.0/hadoop-kms-3.2.0.jar:/home/user/.m2/repository/org/apache/hadoop/hadoop-auth/3.2.0/hadoop-auth-3.2.0.jar:/home/user/.m2/repository/com/nimbusds/nimbus-jose-jwt/4.41.1/nimbus-jose-jwt-4.41.1.jar:/home/user/.m2/repository/com/github/stephenc/jcip/jcip-annotations/1.0-1/jcip-annotations-1.0-1.jar:/home/user/.m2/repository/net/minidev/json-smart/2.3/json-smart-2.3.jar:/home/user/.m2/repository/net/minidev/accessors-smart/1.2/accessors-smart-1.2.jar:/home/user/.m2/repository/org/ow2/asm/asm/5.0.4/asm-5.0.4.jar:/home/user/.m2/repository/org/apache/curator/curator-framework/2.12.0/curator-framework-2.12.0.jar:/home/user/.m2/repository/com/sun/jersey/jersey-core/1.19/jersey-core-1.19.jar:/home/user/.m2/repository/javax/ws/rs/jsr311-api/1.1.1/jsr311-api-1.1.1.jar:/home/user/.m2/repository/com/sun/jersey/jersey-server/1.19/jersey-server-1.19.jar:/home/user/.m2/repository/javax/servlet/javax.servlet-api/3.1.0/javax.servlet-api-3.1.0.jar:/home/user/.m2/repository/org/eclipse/jetty/jetty-server/9.3.24.v20180605/jetty-server-9.3.24.v20180605.jar:/home/user/.m2/repository/org/eclipse/jetty/jetty-http/9.3.24.v20180605/jetty-http-9.3.24.v20180605.jar:/home/user/.m2/repository/org/eclipse/jetty/jetty-io/9.3.24.v20180605/jetty-io-9.3.24.v20180605.jar:/home/user/.m2/repository/org/eclipse/jetty/jetty-webapp/9.3.24.v20180605/jetty-webapp-9.3.24.v20180605.jar:/home/user/.m2/repository/org/eclipse/jetty/jetty-xml/9.3.24.v20180605/jetty-xml-9.3.24.v20180605.jar:/home/user/.m2/repository/log4j/log4j/1.2.17/log4j-1.2.17.jar:/home/user/.m2/repository/org/slf4j/slf4j-api/1.7.25/slf4j-api-1.7.25.jar:/home/user/.m2/repository/org/slf4j/jul-to-slf4j/1.7.25/jul-to-slf4j-1.7.25.jar:/home/user/.m2/repository/org/eclipse/jetty/jetty-util/9.3.24.v20180605/jetty-util-9.3.24.v20180605.jar:/home/user/.m2/repository/com/fasterxml/jackson/core/jackson-databind/2.9.5/jackson-databind-2.9.5.jar:/home/user/.m2/repository/org/apache/hadoop/hadoop-kms/3.2.0/hadoop-kms-3.2.0-tests.jar:/home/user/.m2/repository/org/apache/hadoop/hadoop-hdds-server-scm/0.4.1-SNAPSHOT/hadoop-hdds-server-scm-0.4.1-SNAPSHOT-tests.jar:/home/user/.m2/repository/org/apache/hadoop/hadoop-hdds-container-service/0.4.1-SNAPSHOT/hadoop-hdds-container-service-0.4.1-SNAPSHOT-tests.jar:/home/user/.m2/repository/org/yaml/snakeyaml/1.16/snakeyaml-1.16.jar:/home/user/.m2/repository/org/apache/hadoop/hadoop-common/3.2.0/hadoop-common-3.2.0-tests.jar:/home/user/.m2/repository/org/apache/hadoop/hadoop-annotations/3.2.0/hadoop-annotations-3.2.0.jar:/usr/lib/jvm/java-1.8-openjdk/jre/../lib/tools.jar:/home/user/.m2/repository/commons-cli/commons-cli/1.2/commons-cli-1.2.jar:/home/user/.m2/repository/org/apache/httpcomponents/httpclient/4.5.2/httpclient-4.5.2.jar:/home/user/.m2/repository/org/apache/httpcomponents/httpcore/4.4.4/httpcore-4.4.4.jar:/home/user/.m2/repository/commons-codec/commons-codec/1.11/commons-codec-1.11.jar:/home/user/.m2/repository/commons-net/commons-net/3.6/commons-net-3.6.jar:/home/user/.m2/repository/commons-collections/commons-collections/3.2.2/commons-collections-3.2.2.jar:/home/user/.m2/repository/org/eclipse/jetty/jetty-servlet/9.3.24.v20180605/jetty-servlet-9.3.24.v20180605.jar:/home/user/.m2/repository/org/eclipse/jetty/jetty-security/9.3.24.v20180605/jetty-security-9.3.24.v20180605.jar:/home/user/.m2/repository/javax/servlet/jsp/jsp-api/2.1/jsp-api-2.1.jar:/home/user/.m2/repository/com/sun/jersey/jersey-servlet/1.19/jersey-servlet-1.19.jar:/home/user/.m2/repository/com/sun/jersey/jersey-json/1.19/jersey-json-1.19.jar:/home/user/.m2/repository/org/codehaus/jettison/jettison/1.1/jettison-1.1.jar:/home/user/.m2/repository/org/codehaus/jackson/jackson-core-asl/1.9.13/jackson-core-asl-1.9.13.jar:/home/user/.m2/repository/org/codehaus/jackson/jackson-mapper-asl/1.9.13/jackson-mapper-asl-1.9.13.jar:/home/user/.m2/repository/org/codehaus/jackson/jackson-jaxrs/1.9.13/jackson-jaxrs-1.9.13.jar:/home/user/.m2/repository/org/codehaus/jackson/jackson-xc/1.9.13/jackson-xc-1.9.13.jar:/home/user/.m2/repository/commons-logging/commons-logging/1.1.3/commons-logging-1.1.3.jar:/home/user/.m2/repository/commons-beanutils/commons-beanutils/1.9.3/commons-beanutils-1.9.3.jar:/home/user/.m2/repository/org/apache/commons/commons-configuration2/2.1.1/commons-configuration2-2.1.1.jar:/home/user/.m2/repository/org/apache/commons/commons-lang3/3.7/commons-lang3-3.7.jar:/home/user/.m2/repository/org/apache/commons/commons-text/1.4/commons-text-1.4.jar:/home/user/.m2/repository/org/apache/avro/avro/1.7.7/avro-1.7.7.jar:/home/user/.m2/repository/com/thoughtworks/paranamer/paranamer/2.3/paranamer-2.3.jar:/home/user/.m2/repository/org/xerial/snappy/snappy-java/1.0.5/snappy-java-1.0.5.jar:/home/user/.m2/repository/com/google/re2j/re2j/1.1/re2j-1.1.jar:/home/user/.m2/repository/com/google/code/gson/gson/2.2.4/gson-2.2.4.jar:/home/user/.m2/repository/com/jcraft/jsch/0.1.54/jsch-0.1.54.jar:/home/user/.m2/repository/org/apache/curator/curator-client/2.12.0/curator-client-2.12.0.jar:/home/user/.m2/repository/org/apache/curator/curator-recipes/2.12.0/curator-recipes-2.12.0.jar:/home/user/.m2/repository/com/google/code/findbugs/jsr305/3.0.0/jsr305-3.0.0.jar:/home/user/.m2/repository/org/apache/htrace/htrace-core4/4.1.0-incubating/htrace-core4-4.1.0-incubating.jar:/home/user/.m2/repository/org/apache/zookeeper/zookeeper/3.4.13/zookeeper-3.4.13.jar:/home/user/.m2/repository/org/apache/yetus/audience-annotations/0.5.0/audience-annotations-0.5.0.jar:/home/user/.m2/repository/org/codehaus/woodstox/stax2-api/3.1.4/stax2-api-3.1.4.jar:/home/user/.m2/repository/com/fasterxml/woodstox/woodstox-core/5.0.3/woodstox-core-5.0.3.jar:/home/user/.m2/repository/dnsjava/dnsjava/2.1.7/dnsjava-2.1.7.jar:/home/user/.m2/repository/org/apache/hadoop/hadoop-hdfs/3.2.0/hadoop-hdfs-3.2.0-tests.jar:/home/user/.m2/repository/org/eclipse/jetty/jetty-util-ajax/9.3.24.v20180605/jetty-util-ajax-9.3.24.v20180605.jar:/home/user/.m2/repository/commons-daemon/commons-daemon/1.0.13/commons-daemon-1.0.13.jar:/home/user/.m2/repository/io/netty/netty/3.10.5.Final/netty-3.10.5.Final.jar:/home/user/.m2/repository/io/netty/netty-all/4.0.52.Final/netty-all-4.0.52.Final.jar:/home/user/.m2/repository/org/fusesource/leveldbjni/leveldbjni-all/1.8/leveldbjni-all-1.8.jar:"/>
    <property name="sun.cpu.endian" value="little"/>
    <property name="user.home" value="/home/user"/>
    <property name="user.language" value="en"/>
    <property name="java.specification.vendor" value="Oracle Corporation"/>
    <property name="java.home" value="/usr/lib/jvm/java-1.8-openjdk/jre"/>
    <property name="java.security.krb5.conf" value="/workdir/hadoop-ozone/integration-test/target/test-classes/krb5.conf"/>
    <property name="basedir" value="/workdir/hadoop-ozone/integration-test"/>
    <property name="file.separator" value="/"/>
    <property name="line.separator" value="&#10;"/>
    <property name="java.vm.specification.vendor" value="Oracle Corporation"/>
    <property name="java.specification.name" value="Java Platform API Specification"/>
    <property name="java.awt.graphicsenv" value="sun.awt.X11GraphicsEnvironment"/>
    <property name="surefire.real.class.path" value="/workdir/hadoop-ozone/integration-test/target/surefire/surefirebooter5919807655642472021.jar"/>
    <property name="hadoop.log.dir" value="/workdir/hadoop-ozone/integration-test/target/log"/>
    <property name="sun.boot.class.path" value="/usr/lib/jvm/java-1.8-openjdk/jre/lib/resources.jar:/usr/lib/jvm/java-1.8-openjdk/jre/lib/rt.jar:/usr/lib/jvm/java-1.8-openjdk/jre/lib/sunrsasign.jar:/usr/lib/jvm/java-1.8-openjdk/jre/lib/jsse.jar:/usr/lib/jvm/java-1.8-openjdk/jre/lib/jce.jar:/usr/lib/jvm/java-1.8-openjdk/jre/lib/charsets.jar:/usr/lib/jvm/java-1.8-openjdk/jre/lib/jfr.jar:/usr/lib/jvm/java-1.8-openjdk/jre/classes"/>
    <property name="sun.management.compiler" value="HotSpot 64-Bit Tiered Compilers"/>
    <property name="java.runtime.version" value="1.8.0_212-b04"/>
    <property name="java.net.preferIPv4Stack" value="true"/>
    <property name="user.name" value="jenkins1000"/>
    <property name="path.separator" value=":"/>
    <property name="java.security.egd" value="file:///dev/urandom"/>
    <property name="os.version" value="3.10.0-957.12.2.el7.x86_64"/>
    <property name="java.endorsed.dirs" value="/usr/lib/jvm/java-1.8-openjdk/jre/lib/endorsed"/>
    <property name="java.runtime.name" value="OpenJDK Runtime Environment"/>
    <property name="file.encoding" value="UTF-8"/>
    <property name="java.vm.name" value="OpenJDK 64-Bit Server VM"/>
    <property name="test.build.webapps" value=""/>
    <property name="localRepository" value="/home/user/.m2/repository"/>
    <property name="java.vendor.url.bug" value="https://icedtea.classpath.org/bugzilla"/>
    <property name="java.io.tmpdir" value="/tmp"/>
    <property name="require.test.libhadoop" value=""/>
    <property name="java.version" value="1.8.0_212"/>
    <property name="user.dir" value="/workdir/hadoop-ozone/integration-test"/>
    <property name="os.arch" value="amd64"/>
    <property name="java.vm.specification.name" value="Java Virtual Machine Specification"/>
    <property name="test.build.classes" value="/workdir/hadoop-ozone/integration-test/target/test-classes"/>
    <property name="java.awt.printerjob" value="sun.print.PSPrinterJob"/>
    <property name="sun.os.patch.level" value="unknown"/>
    <property name="hadoop.tmp.dir" value="/workdir/hadoop-ozone/integration-test/target/tmp"/>
    <property name="java.library.path" value="/usr/lib/jvm/java-1.8-openjdk/jre/lib/amd64/server:/usr/lib/jvm/java-1.8-openjdk/jre/lib/amd64:/usr/lib/jvm/java-1.8-openjdk/jre/../lib/amd64:/workdir/hadoop-ozone/integration-test/target/native/target/usr/local/lib:/workdir/hadoop-ozone/integration-test/../../hadoop-common-project/hadoop-common/target/native/target/usr/local/lib:/usr/java/packages/lib/amd64:/usr/lib64:/lib64:/lib:/usr/lib"/>
    <property name="java.vm.info" value="mixed mode"/>
    <property name="java.vendor" value="IcedTea"/>
    <property name="java.vm.version" value="25.212-b04"/>
    <property name="java.ext.dirs" value="/usr/lib/jvm/java-1.8-openjdk/jre/lib/ext:/usr/java/packages/lib/ext"/>
    <property name="sun.io.unicode.encoding" value="UnicodeLittle"/>
    <property name="java.class.version" value="52.0"/>
  </properties>
  <testcase name="testMultiBlockWritesWithDnFailures" classname="org.apache.hadoop.ozone.client.rpc.TestMultiBlockWritesWithDnFailures" time="37.756">
    <error message="Allocated 0 blocks. Requested 1 blocks" type="INTERNAL_ERROR org.apache.hadoop.ozone.om.exceptions.OMException">INTERNAL_ERROR org.apache.hadoop.ozone.om.exceptions.OMException: Allocated 0 blocks. Requested 1 blocks
	at org.apache.hadoop.ozone.om.protocolPB.OzoneManagerProtocolClientSideTranslatorPB.handleError(OzoneManagerProtocolClientSideTranslatorPB.java:720)
	at org.apache.hadoop.ozone.om.protocolPB.OzoneManagerProtocolClientSideTranslatorPB.allocateBlock(OzoneManagerProtocolClientSideTranslatorPB.java:752)
	at org.apache.hadoop.ozone.client.io.BlockOutputStreamEntryPool.allocateNewBlock(BlockOutputStreamEntryPool.java:248)
	at org.apache.hadoop.ozone.client.io.BlockOutputStreamEntryPool.allocateBlockIfNeeded(BlockOutputStreamEntryPool.java:296)
	at org.apache.hadoop.ozone.client.io.KeyOutputStream.handleWrite(KeyOutputStream.java:201)
	at org.apache.hadoop.ozone.client.io.KeyOutputStream.handleRetry(KeyOutputStream.java:376)
	at org.apache.hadoop.ozone.client.io.KeyOutputStream.handleException(KeyOutputStream.java:325)
	at org.apache.hadoop.ozone.client.io.KeyOutputStream.handleWrite(KeyOutputStream.java:231)
	at org.apache.hadoop.ozone.client.io.KeyOutputStream.write(KeyOutputStream.java:193)
	at org.apache.hadoop.ozone.client.io.OzoneOutputStream.write(OzoneOutputStream.java:49)
	at java.io.OutputStream.write(OutputStream.java:75)
	at org.apache.hadoop.ozone.client.rpc.TestMultiBlockWritesWithDnFailures.testMultiBlockWritesWithDnFailures(TestMultiBlockWritesWithDnFailures.java:144)
	at sun.reflect.NativeMethodAccessorImpl.invoke0(Native Method)
	at sun.reflect.NativeMethodAccessorImpl.invoke(NativeMethodAccessorImpl.java:62)
	at sun.reflect.DelegatingMethodAccessorImpl.invoke(DelegatingMethodAccessorImpl.java:43)
	at java.lang.reflect.Method.invoke(Method.java:498)
	at org.junit.runners.model.FrameworkMethod$1.runReflectiveCall(FrameworkMethod.java:47)
	at org.junit.internal.runners.model.ReflectiveCallable.run(ReflectiveCallable.java:12)
	at org.junit.runners.model.FrameworkMethod.invokeExplosively(FrameworkMethod.java:44)
	at org.junit.internal.runners.statements.InvokeMethod.evaluate(InvokeMethod.java:17)
	at org.junit.runners.ParentRunner.runLeaf(ParentRunner.java:271)
	at org.junit.runners.BlockJUnit4ClassRunner.runChild(BlockJUnit4ClassRunner.java:70)
	at org.junit.runners.BlockJUnit4ClassRunner.runChild(BlockJUnit4ClassRunner.java:50)
	at org.junit.runners.ParentRunner$3.run(ParentRunner.java:238)
	at org.junit.runners.ParentRunner$1.schedule(ParentRunner.java:63)
	at org.junit.runners.ParentRunner.runChildren(ParentRunner.java:236)
	at org.junit.runners.ParentRunner.access$000(ParentRunner.java:53)
	at org.junit.runners.ParentRunner$2.evaluate(ParentRunner.java:229)
	at org.junit.runners.ParentRunner.run(ParentRunner.java:309)
	at org.apache.maven.surefire.junit4.JUnit4Provider.execute(JUnit4Provider.java:365)
	at org.apache.maven.surefire.junit4.JUnit4Provider.executeWithRerun(JUnit4Provider.java:273)
	at org.apache.maven.surefire.junit4.JUnit4Provider.executeTestSet(JUnit4Provider.java:238)
	at org.apache.maven.surefire.junit4.JUnit4Provider.invoke(JUnit4Provider.java:159)
	at org.apache.maven.surefire.booter.ForkedBooter.invokeProviderInSameClassLoader(ForkedBooter.java:384)
	at org.apache.maven.surefire.booter.ForkedBooter.runSuitesInProcess(ForkedBooter.java:345)
	at org.apache.maven.surefire.booter.ForkedBooter.execute(ForkedBooter.java:126)
	at org.apache.maven.surefire.booter.ForkedBooter.main(ForkedBooter.java:418)
</error>
    <system-out><![CDATA[2019-07-29 13:10:40,333 WARN  server.ServerUtils (ServerUtils.java:getScmDbDir(145)) - ozone.scm.db.dirs is not configured. We recommend adding this setting. Falling back to ozone.metadata.dirs instead.
2019-07-29 13:10:40,442 WARN  server.ServerUtils (ServerUtils.java:getScmDbDir(145)) - ozone.scm.db.dirs is not configured. We recommend adding this setting. Falling back to ozone.metadata.dirs instead.
2019-07-29 13:10:40,445 WARN  server.ServerUtils (ServerUtils.java:getScmDbDir(145)) - ozone.scm.db.dirs is not configured. We recommend adding this setting. Falling back to ozone.metadata.dirs instead.
2019-07-29 13:10:40,462 INFO  util.log (Log.java:initialized(192)) - Logging initialized @873ms
2019-07-29 13:10:40,564 INFO  db.DBStoreBuilder (DBStoreBuilder.java:addTable(110)) - using custom profile for table: deletedBlocks
2019-07-29 13:10:40,564 INFO  db.DBStoreBuilder (DBStoreBuilder.java:processTables(161)) - Using default column profile:DBProfile.DISK for Table:deletedBlocks
2019-07-29 13:10:40,565 INFO  db.DBStoreBuilder (DBStoreBuilder.java:addTable(110)) - using custom profile for table: validCerts
2019-07-29 13:10:40,565 INFO  db.DBStoreBuilder (DBStoreBuilder.java:processTables(161)) - Using default column profile:DBProfile.DISK for Table:validCerts
2019-07-29 13:10:40,565 INFO  db.DBStoreBuilder (DBStoreBuilder.java:addTable(110)) - using custom profile for table: revokedCerts
2019-07-29 13:10:40,566 INFO  db.DBStoreBuilder (DBStoreBuilder.java:processTables(161)) - Using default column profile:DBProfile.DISK for Table:revokedCerts
2019-07-29 13:10:40,578 INFO  db.DBStoreBuilder (DBStoreBuilder.java:addTable(110)) - using custom profile for table: default
2019-07-29 13:10:40,578 INFO  db.DBStoreBuilder (DBStoreBuilder.java:processTables(167)) - Using default column profile:DBProfile.DISK for Table:default
2019-07-29 13:10:40,579 INFO  db.DBStoreBuilder (DBStoreBuilder.java:getDbProfile(198)) - Using default options. DBProfile.DISK
2019-07-29 13:10:40,803 INFO  net.NodeSchemaLoader (NodeSchemaLoader.java:loadSchemaFromFile(125)) - Loading file from sun.misc.CompoundEnumeration@7193666c
2019-07-29 13:10:40,806 INFO  net.NodeSchemaLoader (NodeSchemaLoader.java:loadSchema(171)) - Loading network topology layer schema file
2019-07-29 13:10:40,882 INFO  node.SCMNodeManager (SCMNodeManager.java:<init>(121)) - Entering startup safe mode.
2019-07-29 13:10:40,967 WARN  server.ServerUtils (ServerUtils.java:getScmDbDir(145)) - ozone.scm.db.dirs is not configured. We recommend adding this setting. Falling back to ozone.metadata.dirs instead.
2019-07-29 13:10:41,041 INFO  pipeline.SCMPipelineManager (SCMPipelineManager.java:initializePipelineState(126)) - No pipeline exists in current db
2019-07-29 13:10:41,045 WARN  server.ServerUtils (ServerUtils.java:getScmDbDir(145)) - ozone.scm.db.dirs is not configured. We recommend adding this setting. Falling back to ozone.metadata.dirs instead.
2019-07-29 13:10:41,197 WARN  events.EventQueue (EventQueue.java:fireEvent(175)) - No event handler registered for event TypedEvent{payloadType=SafeModeStatus, name='SafeModeStatus'}
2019-07-29 13:10:41,536 INFO  ipc.CallQueueManager (CallQueueManager.java:<init>(84)) - Using callQueue: class java.util.concurrent.LinkedBlockingQueue, queueCapacity: 2000, scheduler: class org.apache.hadoop.ipc.DefaultRpcScheduler, ipcBackoff: false.
2019-07-29 13:10:41,564 INFO  ipc.Server (Server.java:run(1074)) - Starting Socket Reader #1 for port 44514
2019-07-29 13:10:41,586 INFO  ipc.CallQueueManager (CallQueueManager.java:<init>(84)) - Using callQueue: class java.util.concurrent.LinkedBlockingQueue, queueCapacity: 2000, scheduler: class org.apache.hadoop.ipc.DefaultRpcScheduler, ipcBackoff: false.
2019-07-29 13:10:41,587 INFO  ipc.Server (Server.java:run(1074)) - Starting Socket Reader #1 for port 36955
2019-07-29 13:10:41,594 INFO  ipc.CallQueueManager (CallQueueManager.java:<init>(84)) - Using callQueue: class java.util.concurrent.LinkedBlockingQueue, queueCapacity: 2000, scheduler: class org.apache.hadoop.ipc.DefaultRpcScheduler, ipcBackoff: false.
2019-07-29 13:10:41,595 INFO  ipc.Server (Server.java:run(1074)) - Starting Socket Reader #1 for port 34057
2019-07-29 13:10:41,729 INFO  hdfs.DFSUtil (DFSUtil.java:httpServerTemplateForNNAndJN(1641)) - Starting Web-server for scm at: http://0.0.0.0:0
2019-07-29 13:10:41,887 INFO  server.AuthenticationFilter (AuthenticationFilter.java:constructSecretProvider(240)) - Unable to initialize FileSignerSecretProvider, falling back to use random secrets.
2019-07-29 13:10:41,899 WARN  http.HttpRequestLog (HttpRequestLog.java:getRequestLog(97)) - Jetty request log can only be enabled using Log4j
2019-07-29 13:10:41,907 INFO  http.HttpServer2 (HttpServer2.java:addGlobalFilter(975)) - Added global filter 'safety' (class=org.apache.hadoop.http.HttpServer2$QuotingInputFilter)
2019-07-29 13:10:41,910 INFO  http.HttpServer2 (HttpServer2.java:addFilter(948)) - Added filter static_user_filter (class=org.apache.hadoop.http.lib.StaticUserWebFilter$StaticUserFilter) to context scm
2019-07-29 13:10:41,910 INFO  http.HttpServer2 (HttpServer2.java:addFilter(958)) - Added filter static_user_filter (class=org.apache.hadoop.http.lib.StaticUserWebFilter$StaticUserFilter) to context logs
2019-07-29 13:10:41,911 INFO  http.HttpServer2 (HttpServer2.java:addFilter(958)) - Added filter static_user_filter (class=org.apache.hadoop.http.lib.StaticUserWebFilter$StaticUserFilter) to context static
2019-07-29 13:10:41,939 INFO  server.StorageContainerManager (StorageContainerManager.java:start(758)) - StorageContainerLocationProtocol RPC server is listening at /0.0.0.0:34057
2019-07-29 13:10:41,995 WARN  impl.MetricsConfig (MetricsConfig.java:loadFirst(134)) - Cannot locate configuration: tried hadoop-metrics2-storagecontainermanager.properties,hadoop-metrics2.properties
2019-07-29 13:10:42,007 INFO  impl.MetricsSystemImpl (MetricsSystemImpl.java:startTimer(374)) - Scheduled Metric snapshot period at 10 second(s).
2019-07-29 13:10:42,007 INFO  impl.MetricsSystemImpl (MetricsSystemImpl.java:start(191)) - StorageContainerManager metrics system started
2019-07-29 13:10:42,227 INFO  server.SCMClientProtocolServer (SCMClientProtocolServer.java:start(151)) - RPC server for Client  is listening at /0.0.0.0:34057
2019-07-29 13:10:42,229 INFO  ipc.Server (Server.java:run(1314)) - IPC Server Responder: starting
2019-07-29 13:10:42,229 INFO  ipc.Server (Server.java:run(1153)) - IPC Server listener on 34057: starting
2019-07-29 13:10:42,233 INFO  server.StorageContainerManager (StorageContainerManager.java:start(768)) - ScmBlockLocationProtocol RPC server is listening at /0.0.0.0:36955
2019-07-29 13:10:42,234 INFO  server.SCMBlockProtocolServer (SCMBlockProtocolServer.java:start(140)) - RPC server for Block Protocol is listening at /0.0.0.0:36955
2019-07-29 13:10:42,234 INFO  ipc.Server (Server.java:run(1314)) - IPC Server Responder: starting
2019-07-29 13:10:42,234 INFO  ipc.Server (Server.java:run(1153)) - IPC Server listener on 36955: starting
2019-07-29 13:10:42,243 INFO  server.StorageContainerManager (StorageContainerManager.java:start(772)) - ScmDatanodeProtocl RPC server is listening at /0.0.0.0:44514
2019-07-29 13:10:42,243 INFO  server.SCMDatanodeProtocolServer (SCMDatanodeProtocolServer.java:start(191)) - RPC server for DataNodes is listening at /0.0.0.0:44514
2019-07-29 13:10:42,245 INFO  ipc.Server (Server.java:run(1314)) - IPC Server Responder: starting
2019-07-29 13:10:42,245 INFO  ipc.Server (Server.java:run(1153)) - IPC Server listener on 44514: starting
2019-07-29 13:10:42,257 INFO  http.HttpServer2 (HttpServer2.java:bindListener(1191)) - Jetty bound to port 43065
2019-07-29 13:10:42,260 INFO  server.Server (Server.java:doStart(351)) - jetty-9.3.24.v20180605, build timestamp: 2018-06-05T17:11:56Z, git hash: 84205aa28f11a4f31f2a3b86d1bba2cc8ab69827
2019-07-29 13:10:42,300 INFO  handler.ContextHandler (ContextHandler.java:doStart(781)) - Started o.e.j.s.ServletContextHandler@75f95314{/logs,file:///workdir/hadoop-ozone/integration-test/target/log,AVAILABLE}
2019-07-29 13:10:42,301 INFO  handler.ContextHandler (ContextHandler.java:doStart(781)) - Started o.e.j.s.ServletContextHandler@6bbe2511{/static,file:///workdir/hadoop-ozone/integration-test/target/test-classes/webapps/static,AVAILABLE}
2019-07-29 13:10:42,333 INFO  handler.ContextHandler (ContextHandler.java:doStart(781)) - Started o.e.j.w.WebAppContext@285d851a{/,file:///workdir/hadoop-ozone/integration-test/target/test-classes/webapps/scm/,AVAILABLE}{/scm}
2019-07-29 13:10:42,339 INFO  server.AbstractConnector (AbstractConnector.java:doStart(278)) - Started ServerConnector@32232e55{HTTP/1.1,[http/1.1]}{0.0.0.0:43065}
2019-07-29 13:10:42,339 INFO  server.Server (Server.java:doStart(419)) - Started @2750ms
2019-07-29 13:10:42,340 INFO  server.BaseHttpServer (BaseHttpServer.java:updateConnectorAddress(207)) - HTTP server of SCM is listening at http://0.0.0.0:43065
2019-07-29 13:10:42,346 INFO  util.JvmPauseMonitor (JvmPauseMonitor.java:run(188)) - Starting JVM pause monitor
2019-07-29 13:10:42,347 WARN  server.ServerUtils (ServerUtils.java:getDBPath(222)) - ozone.om.db.dirs is not configured. We recommend adding this setting. Falling back to ozone.metadata.dirs instead.
2019-07-29 13:10:42,449 WARN  server.ServerUtils (ServerUtils.java:getDBPath(222)) - ozone.om.db.dirs is not configured. We recommend adding this setting. Falling back to ozone.metadata.dirs instead.
2019-07-29 13:10:42,449 WARN  server.ServerUtils (ServerUtils.java:getDBPath(222)) - ozone.om.db.dirs is not configured. We recommend adding this setting. Falling back to ozone.metadata.dirs instead.
2019-07-29 13:10:42,450 INFO  om.OzoneManager (OzoneManager.java:setOMNodeDetails(644)) - OM Service ID is not set. Setting it to the default ID: omServiceIdDefault
2019-07-29 13:10:42,451 INFO  om.OzoneManager (OzoneManager.java:setOMNodeDetails(650)) - OM Node ID is not set. Setting it to the OmStorage's OmID: 8155dc84-ddab-47d4-aef7-f56cab12b03f
2019-07-29 13:10:42,452 INFO  om.OzoneManager (OzoneManager.java:loadOMHAConfigs(601)) - Found matching OM address with OMServiceId: null, OMNodeId: null, RPC Address: localhost:0 and Ratis port: 9872
2019-07-29 13:10:43,148 WARN  server.ServerUtils (ServerUtils.java:getDBPath(222)) - ozone.om.db.dirs is not configured. We recommend adding this setting. Falling back to ozone.metadata.dirs instead.
2019-07-29 13:10:43,155 INFO  db.DBStoreBuilder (DBStoreBuilder.java:addTable(110)) - using custom profile for table: userTable
2019-07-29 13:10:43,155 INFO  db.DBStoreBuilder (DBStoreBuilder.java:processTables(161)) - Using default column profile:DBProfile.DISK for Table:userTable
2019-07-29 13:10:43,156 INFO  db.DBStoreBuilder (DBStoreBuilder.java:addTable(110)) - using custom profile for table: volumeTable
2019-07-29 13:10:43,156 INFO  db.DBStoreBuilder (DBStoreBuilder.java:processTables(161)) - Using default column profile:DBProfile.DISK for Table:volumeTable
2019-07-29 13:10:43,156 INFO  db.DBStoreBuilder (DBStoreBuilder.java:addTable(110)) - using custom profile for table: bucketTable
2019-07-29 13:10:43,156 INFO  db.DBStoreBuilder (DBStoreBuilder.java:processTables(161)) - Using default column profile:DBProfile.DISK for Table:bucketTable
2019-07-29 13:10:43,157 INFO  db.DBStoreBuilder (DBStoreBuilder.java:addTable(110)) - using custom profile for table: keyTable
2019-07-29 13:10:43,157 INFO  db.DBStoreBuilder (DBStoreBuilder.java:processTables(161)) - Using default column profile:DBProfile.DISK for Table:keyTable
2019-07-29 13:10:43,157 INFO  db.DBStoreBuilder (DBStoreBuilder.java:addTable(110)) - using custom profile for table: deletedTable
2019-07-29 13:10:43,157 INFO  db.DBStoreBuilder (DBStoreBuilder.java:processTables(161)) - Using default column profile:DBProfile.DISK for Table:deletedTable
2019-07-29 13:10:43,158 INFO  db.DBStoreBuilder (DBStoreBuilder.java:addTable(110)) - using custom profile for table: openKeyTable
2019-07-29 13:10:43,158 INFO  db.DBStoreBuilder (DBStoreBuilder.java:processTables(161)) - Using default column profile:DBProfile.DISK for Table:openKeyTable
2019-07-29 13:10:43,158 INFO  db.DBStoreBuilder (DBStoreBuilder.java:addTable(110)) - using custom profile for table: s3Table
2019-07-29 13:10:43,158 INFO  db.DBStoreBuilder (DBStoreBuilder.java:processTables(161)) - Using default column profile:DBProfile.DISK for Table:s3Table
2019-07-29 13:10:43,159 INFO  db.DBStoreBuilder (DBStoreBuilder.java:addTable(110)) - using custom profile for table: multipartInfoTable
2019-07-29 13:10:43,159 INFO  db.DBStoreBuilder (DBStoreBuilder.java:processTables(161)) - Using default column profile:DBProfile.DISK for Table:multipartInfoTable
2019-07-29 13:10:43,159 INFO  db.DBStoreBuilder (DBStoreBuilder.java:addTable(110)) - using custom profile for table: dTokenTable
2019-07-29 13:10:43,160 INFO  db.DBStoreBuilder (DBStoreBuilder.java:processTables(161)) - Using default column profile:DBProfile.DISK for Table:dTokenTable
2019-07-29 13:10:43,160 INFO  db.DBStoreBuilder (DBStoreBuilder.java:addTable(110)) - using custom profile for table: s3SecretTable
2019-07-29 13:10:43,160 INFO  db.DBStoreBuilder (DBStoreBuilder.java:processTables(161)) - Using default column profile:DBProfile.DISK for Table:s3SecretTable
2019-07-29 13:10:43,161 INFO  db.DBStoreBuilder (DBStoreBuilder.java:addTable(110)) - using custom profile for table: prefixTable
2019-07-29 13:10:43,161 INFO  db.DBStoreBuilder (DBStoreBuilder.java:processTables(161)) - Using default column profile:DBProfile.DISK for Table:prefixTable
2019-07-29 13:10:43,162 INFO  db.DBStoreBuilder (DBStoreBuilder.java:addTable(110)) - using custom profile for table: default
2019-07-29 13:10:43,162 INFO  db.DBStoreBuilder (DBStoreBuilder.java:processTables(167)) - Using default column profile:DBProfile.DISK for Table:default
2019-07-29 13:10:43,162 INFO  db.DBStoreBuilder (DBStoreBuilder.java:getDbProfile(198)) - Using default options. DBProfile.DISK
2019-07-29 13:10:43,722 INFO  ipc.CallQueueManager (CallQueueManager.java:<init>(84)) - Using callQueue: class java.util.concurrent.LinkedBlockingQueue, queueCapacity: 2000, scheduler: class org.apache.hadoop.ipc.DefaultRpcScheduler, ipcBackoff: false.
2019-07-29 13:10:43,723 INFO  ipc.Server (Server.java:run(1074)) - Starting Socket Reader #1 for port 41289
2019-07-29 13:10:43,741 INFO  om.OzoneManager (OzoneManager.java:start(1255)) - OzoneManager RPC server is listening at localhost/127.0.0.1:41289
2019-07-29 13:10:43,742 INFO  impl.MetricsSystemImpl (MetricsSystemImpl.java:init(158)) - OzoneManager metrics system started (again)
2019-07-29 13:10:43,744 INFO  ipc.Server (Server.java:run(1314)) - IPC Server Responder: starting
2019-07-29 13:10:43,745 INFO  ipc.Server (Server.java:run(1153)) - IPC Server listener on 41289: starting
2019-07-29 13:10:43,759 INFO  hdfs.DFSUtil (DFSUtil.java:httpServerTemplateForNNAndJN(1641)) - Starting Web-server for ozoneManager at: http://0.0.0.0:0
2019-07-29 13:10:43,761 INFO  server.AuthenticationFilter (AuthenticationFilter.java:constructSecretProvider(240)) - Unable to initialize FileSignerSecretProvider, falling back to use random secrets.
2019-07-29 13:10:43,761 WARN  http.HttpRequestLog (HttpRequestLog.java:getRequestLog(97)) - Jetty request log can only be enabled using Log4j
2019-07-29 13:10:43,764 INFO  http.HttpServer2 (HttpServer2.java:addGlobalFilter(975)) - Added global filter 'safety' (class=org.apache.hadoop.http.HttpServer2$QuotingInputFilter)
2019-07-29 13:10:43,765 INFO  http.HttpServer2 (HttpServer2.java:addFilter(948)) - Added filter static_user_filter (class=org.apache.hadoop.http.lib.StaticUserWebFilter$StaticUserFilter) to context ozoneManager
2019-07-29 13:10:43,765 INFO  http.HttpServer2 (HttpServer2.java:addFilter(958)) - Added filter static_user_filter (class=org.apache.hadoop.http.lib.StaticUserWebFilter$StaticUserFilter) to context static
2019-07-29 13:10:43,765 INFO  http.HttpServer2 (HttpServer2.java:addFilter(958)) - Added filter static_user_filter (class=org.apache.hadoop.http.lib.StaticUserWebFilter$StaticUserFilter) to context logs
2019-07-29 13:10:43,767 INFO  http.HttpServer2 (HttpServer2.java:bindListener(1191)) - Jetty bound to port 33997
2019-07-29 13:10:43,767 INFO  server.Server (Server.java:doStart(351)) - jetty-9.3.24.v20180605, build timestamp: 2018-06-05T17:11:56Z, git hash: 84205aa28f11a4f31f2a3b86d1bba2cc8ab69827
2019-07-29 13:10:43,769 INFO  handler.ContextHandler (ContextHandler.java:doStart(781)) - Started o.e.j.s.ServletContextHandler@7808fb9{/logs,file:///workdir/hadoop-ozone/integration-test/target/log,AVAILABLE}
2019-07-29 13:10:43,770 INFO  handler.ContextHandler (ContextHandler.java:doStart(781)) - Started o.e.j.s.ServletContextHandler@6b580b88{/static,file:///workdir/hadoop-ozone/integration-test/target/test-classes/webapps/static,AVAILABLE}
2019-07-29 13:10:43,775 INFO  handler.ContextHandler (ContextHandler.java:doStart(781)) - Started o.e.j.w.WebAppContext@4a1c0752{/,file:///workdir/hadoop-ozone/integration-test/target/test-classes/webapps/ozoneManager/,AVAILABLE}{/ozoneManager}
2019-07-29 13:10:43,776 INFO  server.AbstractConnector (AbstractConnector.java:doStart(278)) - Started ServerConnector@332f25c8{HTTP/1.1,[http/1.1]}{0.0.0.0:33997}
2019-07-29 13:10:43,777 INFO  server.Server (Server.java:doStart(419)) - Started @4188ms
2019-07-29 13:10:43,778 INFO  server.BaseHttpServer (BaseHttpServer.java:updateConnectorAddress(207)) - HTTP server of OZONEMANAGER is listening at http://0.0.0.0:33997
2019-07-29 13:10:44,134 INFO  impl.MetricsSystemImpl (MetricsSystemImpl.java:init(158)) - HddsDatanode metrics system started (again)
2019-07-29 13:10:44,222 INFO  ozone.HddsDatanodeService (HddsDatanodeService.java:start(184)) - HddsDatanodeService host:byscane-nightly-dxn5b-515312600 ip:192.168.157.251
2019-07-29 13:10:44,255 INFO  volume.HddsVolume (HddsVolume.java:<init>(176)) - Creating Volume: /workdir/hadoop-ozone/integration-test/target/test-dir/MiniOzoneClusterImpl-56fb08d0-7159-4344-a66c-a968ad0a645c/datanode-0/data/containers/hdds of  storage type : DISK and capacity : 52710309888
2019-07-29 13:10:44,257 INFO  volume.VolumeSet (VolumeSet.java:initializeVolumeSet(170)) - Added Volume : /workdir/hadoop-ozone/integration-test/target/test-dir/MiniOzoneClusterImpl-56fb08d0-7159-4344-a66c-a968ad0a645c/datanode-0/data/containers/hdds to VolumeSet
2019-07-29 13:10:44,260 INFO  volume.ThrottledAsyncChecker (ThrottledAsyncChecker.java:schedule(140)) - Scheduling a check for org.apache.hadoop.ozone.container.common.volume.HddsVolume@29a69a35
2019-07-29 13:10:44,278 INFO  volume.HddsVolumeChecker (HddsVolumeChecker.java:checkAllVolumes(203)) - Scheduled health check for volume org.apache.hadoop.ozone.container.common.volume.HddsVolume@29a69a35
2019-07-29 13:10:44,385 INFO  impl.RaftServerProxy (ConfUtils.java:logGet(43)) - raft.rpc.type = GRPC (default)
2019-07-29 13:10:44,467 INFO  grpc.GrpcFactory (GrpcFactory.java:checkPooledByteBufAllocatorUseCacheForAllThreads(45)) - PERFORMANCE WARNING: useCacheForAllThreads is true that may cause Netty to create a lot garbage objects and, as a result, trigger GC.
	It is recommended to disable useCacheForAllThreads by setting -Dorg.apache.ratis.thirdparty.io.netty.allocator.useCacheForAllThreads=false in command line.
2019-07-29 13:10:44,474 INFO  grpc.GrpcConfigKeys$Server (ConfUtils.java:logGet(43)) - raft.grpc.server.port = 0 (default)
2019-07-29 13:10:44,475 INFO  server.GrpcService (ConfUtils.java:logGet(43)) - raft.grpc.message.size.max = 33570816 (custom)
2019-07-29 13:10:44,477 INFO  server.RaftServerConfigKeys (ConfUtils.java:logGet(43)) - raft.server.log.appender.buffer.byte-limit = 33554432 (custom)
2019-07-29 13:10:44,478 INFO  server.GrpcService (ConfUtils.java:logGet(43)) - raft.grpc.flow.control.window = 1MB (=1048576) (default)
2019-07-29 13:10:44,479 INFO  server.RaftServerConfigKeys (ConfUtils.java:logGet(43)) - raft.server.rpc.request.timeout = 3000ms (default)
2019-07-29 13:10:44,644 INFO  server.RaftServerConfigKeys (ConfUtils.java:logGet(43)) - raft.server.storage.dir = [/workdir/hadoop-ozone/integration-test/target/test-dir/MiniOzoneClusterImpl-56fb08d0-7159-4344-a66c-a968ad0a645c/datanode-0/data/ratis] (custom)
2019-07-29 13:10:44,681 INFO  replication.SimpleContainerDownloader (SimpleContainerDownloader.java:<init>(72)) - Starting container downloader service to copy containers to replicate.
2019-07-29 13:10:44,697 INFO  hdfs.DFSUtil (DFSUtil.java:httpServerTemplateForNNAndJN(1641)) - Starting Web-server for hddsDatanode at: http://0.0.0.0:0
2019-07-29 13:10:44,698 INFO  server.AuthenticationFilter (AuthenticationFilter.java:constructSecretProvider(240)) - Unable to initialize FileSignerSecretProvider, falling back to use random secrets.
2019-07-29 13:10:44,699 WARN  http.HttpRequestLog (HttpRequestLog.java:getRequestLog(97)) - Jetty request log can only be enabled using Log4j
2019-07-29 13:10:44,701 INFO  http.HttpServer2 (HttpServer2.java:addGlobalFilter(975)) - Added global filter 'safety' (class=org.apache.hadoop.http.HttpServer2$QuotingInputFilter)
2019-07-29 13:10:44,702 INFO  http.HttpServer2 (HttpServer2.java:addFilter(948)) - Added filter static_user_filter (class=org.apache.hadoop.http.lib.StaticUserWebFilter$StaticUserFilter) to context hddsDatanode
2019-07-29 13:10:44,702 INFO  http.HttpServer2 (HttpServer2.java:addFilter(958)) - Added filter static_user_filter (class=org.apache.hadoop.http.lib.StaticUserWebFilter$StaticUserFilter) to context logs
2019-07-29 13:10:44,702 INFO  http.HttpServer2 (HttpServer2.java:addFilter(958)) - Added filter static_user_filter (class=org.apache.hadoop.http.lib.StaticUserWebFilter$StaticUserFilter) to context static
2019-07-29 13:10:44,703 INFO  http.HttpServer2 (HttpServer2.java:bindListener(1191)) - Jetty bound to port 41016
2019-07-29 13:10:44,703 INFO  server.Server (Server.java:doStart(351)) - jetty-9.3.24.v20180605, build timestamp: 2018-06-05T17:11:56Z, git hash: 84205aa28f11a4f31f2a3b86d1bba2cc8ab69827
2019-07-29 13:10:44,706 INFO  handler.ContextHandler (ContextHandler.java:doStart(781)) - Started o.e.j.s.ServletContextHandler@65c33b92{/logs,file:///workdir/hadoop-ozone/integration-test/target/log,AVAILABLE}
2019-07-29 13:10:44,706 INFO  handler.ContextHandler (ContextHandler.java:doStart(781)) - Started o.e.j.s.ServletContextHandler@4e08acf9{/static,jar:file:/home/user/.m2/repository/org/apache/hadoop/hadoop-hdds-container-service/0.4.1-SNAPSHOT/hadoop-hdds-container-service-0.4.1-SNAPSHOT.jar!/webapps/static,AVAILABLE}
2019-07-29 13:10:44,740 INFO  handler.ContextHandler (ContextHandler.java:doStart(781)) - Started o.e.j.w.WebAppContext@36417a54{/,file:///tmp/jetty-0.0.0.0-41016-hddsDatanode-_-any-8426875870914053394.dir/webapp/,AVAILABLE}{/hddsDatanode}
2019-07-29 13:10:44,741 INFO  server.AbstractConnector (AbstractConnector.java:doStart(278)) - Started ServerConnector@2b8bb184{HTTP/1.1,[http/1.1]}{0.0.0.0:41016}
2019-07-29 13:10:44,742 INFO  server.Server (Server.java:doStart(419)) - Started @5153ms
2019-07-29 13:10:44,744 INFO  server.BaseHttpServer (BaseHttpServer.java:updateConnectorAddress(207)) - HTTP server of HDDSDATANODE is listening at http://0.0.0.0:41016
2019-07-29 13:10:45,593 INFO  ozone.HddsDatanodeService (HddsDatanodeService.java:startPlugins(395)) - Started plug-in org.apache.hadoop.ozone.web.OzoneHddsDatanodeService@623e0631
2019-07-29 13:10:45,594 INFO  impl.MetricsSystemImpl (MetricsSystemImpl.java:init(158)) - HddsDatanode metrics system started (again)
2019-07-29 13:10:45,597 INFO  ozone.HddsDatanodeService (HddsDatanodeService.java:start(184)) - HddsDatanodeService host:byscane-nightly-dxn5b-515312600 ip:192.168.157.251
2019-07-29 13:10:45,601 INFO  util.JvmPauseMonitor (JvmPauseMonitor.java:run(188)) - Starting JVM pause monitor
2019-07-29 13:10:45,606 INFO  volume.HddsVolume (HddsVolume.java:<init>(176)) - Creating Volume: /workdir/hadoop-ozone/integration-test/target/test-dir/MiniOzoneClusterImpl-56fb08d0-7159-4344-a66c-a968ad0a645c/datanode-1/data/containers/hdds of  storage type : DISK and capacity : 52710309888
2019-07-29 13:10:45,607 INFO  volume.VolumeSet (VolumeSet.java:initializeVolumeSet(170)) - Added Volume : /workdir/hadoop-ozone/integration-test/target/test-dir/MiniOzoneClusterImpl-56fb08d0-7159-4344-a66c-a968ad0a645c/datanode-1/data/containers/hdds to VolumeSet
2019-07-29 13:10:45,608 INFO  volume.ThrottledAsyncChecker (ThrottledAsyncChecker.java:schedule(140)) - Scheduling a check for org.apache.hadoop.ozone.container.common.volume.HddsVolume@1b57c345
2019-07-29 13:10:45,609 INFO  volume.HddsVolumeChecker (HddsVolumeChecker.java:checkAllVolumes(203)) - Scheduled health check for volume org.apache.hadoop.ozone.container.common.volume.HddsVolume@1b57c345
2019-07-29 13:10:45,631 INFO  impl.RaftServerProxy (ConfUtils.java:logGet(43)) - raft.rpc.type = GRPC (default)
2019-07-29 13:10:45,632 INFO  grpc.GrpcFactory (GrpcFactory.java:checkPooledByteBufAllocatorUseCacheForAllThreads(45)) - PERFORMANCE WARNING: useCacheForAllThreads is true that may cause Netty to create a lot garbage objects and, as a result, trigger GC.
	It is recommended to disable useCacheForAllThreads by setting -Dorg.apache.ratis.thirdparty.io.netty.allocator.useCacheForAllThreads=false in command line.
2019-07-29 13:10:45,632 INFO  grpc.GrpcConfigKeys$Server (ConfUtils.java:logGet(43)) - raft.grpc.server.port = 0 (default)
2019-07-29 13:10:45,632 INFO  server.GrpcService (ConfUtils.java:logGet(43)) - raft.grpc.message.size.max = 33570816 (custom)
2019-07-29 13:10:45,633 INFO  server.RaftServerConfigKeys (ConfUtils.java:logGet(43)) - raft.server.log.appender.buffer.byte-limit = 33554432 (custom)
2019-07-29 13:10:45,633 INFO  server.GrpcService (ConfUtils.java:logGet(43)) - raft.grpc.flow.control.window = 1MB (=1048576) (default)
2019-07-29 13:10:45,633 INFO  server.RaftServerConfigKeys (ConfUtils.java:logGet(43)) - raft.server.rpc.request.timeout = 3000ms (default)
2019-07-29 13:10:45,634 INFO  server.RaftServerConfigKeys (ConfUtils.java:logGet(43)) - raft.server.storage.dir = [/workdir/hadoop-ozone/integration-test/target/test-dir/MiniOzoneClusterImpl-56fb08d0-7159-4344-a66c-a968ad0a645c/datanode-1/data/ratis] (custom)
2019-07-29 13:10:45,634 INFO  replication.SimpleContainerDownloader (SimpleContainerDownloader.java:<init>(72)) - Starting container downloader service to copy containers to replicate.
2019-07-29 13:10:45,636 INFO  hdfs.DFSUtil (DFSUtil.java:httpServerTemplateForNNAndJN(1641)) - Starting Web-server for hddsDatanode at: http://0.0.0.0:0
2019-07-29 13:10:45,637 INFO  server.AuthenticationFilter (AuthenticationFilter.java:constructSecretProvider(240)) - Unable to initialize FileSignerSecretProvider, falling back to use random secrets.
2019-07-29 13:10:45,638 WARN  http.HttpRequestLog (HttpRequestLog.java:getRequestLog(97)) - Jetty request log can only be enabled using Log4j
2019-07-29 13:10:45,640 INFO  http.HttpServer2 (HttpServer2.java:addGlobalFilter(975)) - Added global filter 'safety' (class=org.apache.hadoop.http.HttpServer2$QuotingInputFilter)
2019-07-29 13:10:45,641 INFO  http.HttpServer2 (HttpServer2.java:addFilter(948)) - Added filter static_user_filter (class=org.apache.hadoop.http.lib.StaticUserWebFilter$StaticUserFilter) to context hddsDatanode
2019-07-29 13:10:45,641 INFO  http.HttpServer2 (HttpServer2.java:addFilter(958)) - Added filter static_user_filter (class=org.apache.hadoop.http.lib.StaticUserWebFilter$StaticUserFilter) to context static
2019-07-29 13:10:45,641 INFO  http.HttpServer2 (HttpServer2.java:addFilter(958)) - Added filter static_user_filter (class=org.apache.hadoop.http.lib.StaticUserWebFilter$StaticUserFilter) to context logs
2019-07-29 13:10:45,642 INFO  http.HttpServer2 (HttpServer2.java:bindListener(1191)) - Jetty bound to port 46082
2019-07-29 13:10:45,643 INFO  server.Server (Server.java:doStart(351)) - jetty-9.3.24.v20180605, build timestamp: 2018-06-05T17:11:56Z, git hash: 84205aa28f11a4f31f2a3b86d1bba2cc8ab69827
2019-07-29 13:10:45,646 INFO  handler.ContextHandler (ContextHandler.java:doStart(781)) - Started o.e.j.s.ServletContextHandler@48268eec{/logs,file:///workdir/hadoop-ozone/integration-test/target/log,AVAILABLE}
2019-07-29 13:10:45,647 INFO  handler.ContextHandler (ContextHandler.java:doStart(781)) - Started o.e.j.s.ServletContextHandler@4bf80c29{/static,jar:file:/home/user/.m2/repository/org/apache/hadoop/hadoop-hdds-container-service/0.4.1-SNAPSHOT/hadoop-hdds-container-service-0.4.1-SNAPSHOT.jar!/webapps/static,AVAILABLE}
2019-07-29 13:10:45,682 INFO  handler.ContextHandler (ContextHandler.java:doStart(781)) - Started o.e.j.w.WebAppContext@3a38f122{/,file:///tmp/jetty-0.0.0.0-46082-hddsDatanode-_-any-1213032366546485580.dir/webapp/,AVAILABLE}{/hddsDatanode}
2019-07-29 13:10:45,683 INFO  server.AbstractConnector (AbstractConnector.java:doStart(278)) - Started ServerConnector@2ce03e86{HTTP/1.1,[http/1.1]}{0.0.0.0:46082}
2019-07-29 13:10:45,683 INFO  server.Server (Server.java:doStart(419)) - Started @6095ms
2019-07-29 13:10:45,685 INFO  server.BaseHttpServer (BaseHttpServer.java:updateConnectorAddress(207)) - HTTP server of HDDSDATANODE is listening at http://0.0.0.0:46082
2019-07-29 13:10:45,718 INFO  datanode.InitDatanodeState (InitDatanodeState.java:persistContainerDatanodeDetails(140)) - DatanodeDetails is persisted to /workdir/hadoop-ozone/integration-test/target/test-dir/MiniOzoneClusterImpl-56fb08d0-7159-4344-a66c-a968ad0a645c/datanode-0/meta/datanode.id
2019-07-29 13:10:45,863 INFO  ozone.HddsDatanodeService (HddsDatanodeService.java:startPlugins(395)) - Started plug-in org.apache.hadoop.ozone.web.OzoneHddsDatanodeService@24dd44f9
2019-07-29 13:10:45,864 INFO  impl.MetricsSystemImpl (MetricsSystemImpl.java:init(158)) - HddsDatanode metrics system started (again)
2019-07-29 13:10:45,867 INFO  ozone.HddsDatanodeService (HddsDatanodeService.java:start(184)) - HddsDatanodeService host:byscane-nightly-dxn5b-515312600 ip:192.168.157.251
2019-07-29 13:10:45,867 INFO  util.JvmPauseMonitor (JvmPauseMonitor.java:run(188)) - Starting JVM pause monitor
2019-07-29 13:10:45,872 INFO  datanode.InitDatanodeState (InitDatanodeState.java:persistContainerDatanodeDetails(140)) - DatanodeDetails is persisted to /workdir/hadoop-ozone/integration-test/target/test-dir/MiniOzoneClusterImpl-56fb08d0-7159-4344-a66c-a968ad0a645c/datanode-1/meta/datanode.id
2019-07-29 13:10:45,876 INFO  volume.HddsVolume (HddsVolume.java:<init>(176)) - Creating Volume: /workdir/hadoop-ozone/integration-test/target/test-dir/MiniOzoneClusterImpl-56fb08d0-7159-4344-a66c-a968ad0a645c/datanode-2/data/containers/hdds of  storage type : DISK and capacity : 52710309888
2019-07-29 13:10:45,877 INFO  volume.VolumeSet (VolumeSet.java:initializeVolumeSet(170)) - Added Volume : /workdir/hadoop-ozone/integration-test/target/test-dir/MiniOzoneClusterImpl-56fb08d0-7159-4344-a66c-a968ad0a645c/datanode-2/data/containers/hdds to VolumeSet
2019-07-29 13:10:45,877 INFO  volume.ThrottledAsyncChecker (ThrottledAsyncChecker.java:schedule(140)) - Scheduling a check for org.apache.hadoop.ozone.container.common.volume.HddsVolume@1f10fec6
2019-07-29 13:10:45,877 INFO  volume.HddsVolumeChecker (HddsVolumeChecker.java:checkAllVolumes(203)) - Scheduled health check for volume org.apache.hadoop.ozone.container.common.volume.HddsVolume@1f10fec6
2019-07-29 13:10:45,893 INFO  impl.RaftServerProxy (ConfUtils.java:logGet(43)) - raft.rpc.type = GRPC (default)
2019-07-29 13:10:45,893 INFO  grpc.GrpcFactory (GrpcFactory.java:checkPooledByteBufAllocatorUseCacheForAllThreads(45)) - PERFORMANCE WARNING: useCacheForAllThreads is true that may cause Netty to create a lot garbage objects and, as a result, trigger GC.
	It is recommended to disable useCacheForAllThreads by setting -Dorg.apache.ratis.thirdparty.io.netty.allocator.useCacheForAllThreads=false in command line.
2019-07-29 13:10:45,893 INFO  grpc.GrpcConfigKeys$Server (ConfUtils.java:logGet(43)) - raft.grpc.server.port = 0 (default)
2019-07-29 13:10:45,894 INFO  server.GrpcService (ConfUtils.java:logGet(43)) - raft.grpc.message.size.max = 33570816 (custom)
2019-07-29 13:10:45,894 INFO  server.RaftServerConfigKeys (ConfUtils.java:logGet(43)) - raft.server.log.appender.buffer.byte-limit = 33554432 (custom)
2019-07-29 13:10:45,894 INFO  server.GrpcService (ConfUtils.java:logGet(43)) - raft.grpc.flow.control.window = 1MB (=1048576) (default)
2019-07-29 13:10:45,894 INFO  server.RaftServerConfigKeys (ConfUtils.java:logGet(43)) - raft.server.rpc.request.timeout = 3000ms (default)
2019-07-29 13:10:45,895 INFO  server.RaftServerConfigKeys (ConfUtils.java:logGet(43)) - raft.server.storage.dir = [/workdir/hadoop-ozone/integration-test/target/test-dir/MiniOzoneClusterImpl-56fb08d0-7159-4344-a66c-a968ad0a645c/datanode-2/data/ratis] (custom)
2019-07-29 13:10:45,896 INFO  replication.SimpleContainerDownloader (SimpleContainerDownloader.java:<init>(72)) - Starting container downloader service to copy containers to replicate.
2019-07-29 13:10:45,897 INFO  hdfs.DFSUtil (DFSUtil.java:httpServerTemplateForNNAndJN(1641)) - Starting Web-server for hddsDatanode at: http://0.0.0.0:0
2019-07-29 13:10:45,899 INFO  server.AuthenticationFilter (AuthenticationFilter.java:constructSecretProvider(240)) - Unable to initialize FileSignerSecretProvider, falling back to use random secrets.
2019-07-29 13:10:45,900 WARN  http.HttpRequestLog (HttpRequestLog.java:getRequestLog(97)) - Jetty request log can only be enabled using Log4j
2019-07-29 13:10:45,903 INFO  http.HttpServer2 (HttpServer2.java:addGlobalFilter(975)) - Added global filter 'safety' (class=org.apache.hadoop.http.HttpServer2$QuotingInputFilter)
2019-07-29 13:10:45,904 INFO  http.HttpServer2 (HttpServer2.java:addFilter(948)) - Added filter static_user_filter (class=org.apache.hadoop.http.lib.StaticUserWebFilter$StaticUserFilter) to context hddsDatanode
2019-07-29 13:10:45,904 INFO  http.HttpServer2 (HttpServer2.java:addFilter(958)) - Added filter static_user_filter (class=org.apache.hadoop.http.lib.StaticUserWebFilter$StaticUserFilter) to context logs
2019-07-29 13:10:45,904 INFO  http.HttpServer2 (HttpServer2.java:addFilter(958)) - Added filter static_user_filter (class=org.apache.hadoop.http.lib.StaticUserWebFilter$StaticUserFilter) to context static
2019-07-29 13:10:45,906 INFO  http.HttpServer2 (HttpServer2.java:bindListener(1191)) - Jetty bound to port 37662
2019-07-29 13:10:45,906 INFO  server.Server (Server.java:doStart(351)) - jetty-9.3.24.v20180605, build timestamp: 2018-06-05T17:11:56Z, git hash: 84205aa28f11a4f31f2a3b86d1bba2cc8ab69827
2019-07-29 13:10:45,909 INFO  handler.ContextHandler (ContextHandler.java:doStart(781)) - Started o.e.j.s.ServletContextHandler@7cfb0c4c{/logs,file:///workdir/hadoop-ozone/integration-test/target/log,AVAILABLE}
2019-07-29 13:10:45,910 INFO  handler.ContextHandler (ContextHandler.java:doStart(781)) - Started o.e.j.s.ServletContextHandler@6b63abdc{/static,jar:file:/home/user/.m2/repository/org/apache/hadoop/hadoop-hdds-container-service/0.4.1-SNAPSHOT/hadoop-hdds-container-service-0.4.1-SNAPSHOT.jar!/webapps/static,AVAILABLE}
2019-07-29 13:10:45,955 INFO  handler.ContextHandler (ContextHandler.java:doStart(781)) - Started o.e.j.w.WebAppContext@35787726{/,file:///tmp/jetty-0.0.0.0-37662-hddsDatanode-_-any-4137259745554180012.dir/webapp/,AVAILABLE}{/hddsDatanode}
2019-07-29 13:10:45,955 INFO  server.AbstractConnector (AbstractConnector.java:doStart(278)) - Started ServerConnector@2199e845{HTTP/1.1,[http/1.1]}{0.0.0.0:37662}
2019-07-29 13:10:45,957 INFO  server.Server (Server.java:doStart(419)) - Started @6368ms
2019-07-29 13:10:45,958 INFO  server.BaseHttpServer (BaseHttpServer.java:updateConnectorAddress(207)) - HTTP server of HDDSDATANODE is listening at http://0.0.0.0:37662
2019-07-29 13:10:46,064 INFO  ozone.HddsDatanodeService (HddsDatanodeService.java:startPlugins(395)) - Started plug-in org.apache.hadoop.ozone.web.OzoneHddsDatanodeService@6a98f353
2019-07-29 13:10:46,064 INFO  impl.MetricsSystemImpl (MetricsSystemImpl.java:init(158)) - HddsDatanode metrics system started (again)
2019-07-29 13:10:46,067 INFO  ozone.HddsDatanodeService (HddsDatanodeService.java:start(184)) - HddsDatanodeService host:byscane-nightly-dxn5b-515312600 ip:192.168.157.251
2019-07-29 13:10:46,069 INFO  util.JvmPauseMonitor (JvmPauseMonitor.java:run(188)) - Starting JVM pause monitor
2019-07-29 13:10:46,071 INFO  datanode.InitDatanodeState (InitDatanodeState.java:persistContainerDatanodeDetails(140)) - DatanodeDetails is persisted to /workdir/hadoop-ozone/integration-test/target/test-dir/MiniOzoneClusterImpl-56fb08d0-7159-4344-a66c-a968ad0a645c/datanode-2/meta/datanode.id
2019-07-29 13:10:46,076 INFO  volume.HddsVolume (HddsVolume.java:<init>(176)) - Creating Volume: /workdir/hadoop-ozone/integration-test/target/test-dir/MiniOzoneClusterImpl-56fb08d0-7159-4344-a66c-a968ad0a645c/datanode-3/data/containers/hdds of  storage type : DISK and capacity : 52710309888
2019-07-29 13:10:46,076 INFO  volume.VolumeSet (VolumeSet.java:initializeVolumeSet(170)) - Added Volume : /workdir/hadoop-ozone/integration-test/target/test-dir/MiniOzoneClusterImpl-56fb08d0-7159-4344-a66c-a968ad0a645c/datanode-3/data/containers/hdds to VolumeSet
2019-07-29 13:10:46,077 INFO  volume.ThrottledAsyncChecker (ThrottledAsyncChecker.java:schedule(140)) - Scheduling a check for org.apache.hadoop.ozone.container.common.volume.HddsVolume@58687fb7
2019-07-29 13:10:46,077 INFO  volume.HddsVolumeChecker (HddsVolumeChecker.java:checkAllVolumes(203)) - Scheduled health check for volume org.apache.hadoop.ozone.container.common.volume.HddsVolume@58687fb7
2019-07-29 13:10:46,096 INFO  impl.RaftServerProxy (ConfUtils.java:logGet(43)) - raft.rpc.type = GRPC (default)
2019-07-29 13:10:46,096 INFO  grpc.GrpcFactory (GrpcFactory.java:checkPooledByteBufAllocatorUseCacheForAllThreads(45)) - PERFORMANCE WARNING: useCacheForAllThreads is true that may cause Netty to create a lot garbage objects and, as a result, trigger GC.
	It is recommended to disable useCacheForAllThreads by setting -Dorg.apache.ratis.thirdparty.io.netty.allocator.useCacheForAllThreads=false in command line.
2019-07-29 13:10:46,097 INFO  grpc.GrpcConfigKeys$Server (ConfUtils.java:logGet(43)) - raft.grpc.server.port = 0 (default)
2019-07-29 13:10:46,097 INFO  server.GrpcService (ConfUtils.java:logGet(43)) - raft.grpc.message.size.max = 33570816 (custom)
2019-07-29 13:10:46,097 INFO  server.RaftServerConfigKeys (ConfUtils.java:logGet(43)) - raft.server.log.appender.buffer.byte-limit = 33554432 (custom)
2019-07-29 13:10:46,098 INFO  server.GrpcService (ConfUtils.java:logGet(43)) - raft.grpc.flow.control.window = 1MB (=1048576) (default)
2019-07-29 13:10:46,098 INFO  server.RaftServerConfigKeys (ConfUtils.java:logGet(43)) - raft.server.rpc.request.timeout = 3000ms (default)
2019-07-29 13:10:46,099 INFO  server.RaftServerConfigKeys (ConfUtils.java:logGet(43)) - raft.server.storage.dir = [/workdir/hadoop-ozone/integration-test/target/test-dir/MiniOzoneClusterImpl-56fb08d0-7159-4344-a66c-a968ad0a645c/datanode-3/data/ratis] (custom)
2019-07-29 13:10:46,099 INFO  replication.SimpleContainerDownloader (SimpleContainerDownloader.java:<init>(72)) - Starting container downloader service to copy containers to replicate.
2019-07-29 13:10:46,101 INFO  hdfs.DFSUtil (DFSUtil.java:httpServerTemplateForNNAndJN(1641)) - Starting Web-server for hddsDatanode at: http://0.0.0.0:0
2019-07-29 13:10:46,102 INFO  server.AuthenticationFilter (AuthenticationFilter.java:constructSecretProvider(240)) - Unable to initialize FileSignerSecretProvider, falling back to use random secrets.
2019-07-29 13:10:46,103 WARN  http.HttpRequestLog (HttpRequestLog.java:getRequestLog(97)) - Jetty request log can only be enabled using Log4j
2019-07-29 13:10:46,104 INFO  http.HttpServer2 (HttpServer2.java:addGlobalFilter(975)) - Added global filter 'safety' (class=org.apache.hadoop.http.HttpServer2$QuotingInputFilter)
2019-07-29 13:10:46,104 INFO  http.HttpServer2 (HttpServer2.java:addFilter(948)) - Added filter static_user_filter (class=org.apache.hadoop.http.lib.StaticUserWebFilter$StaticUserFilter) to context hddsDatanode
2019-07-29 13:10:46,104 INFO  http.HttpServer2 (HttpServer2.java:addFilter(958)) - Added filter static_user_filter (class=org.apache.hadoop.http.lib.StaticUserWebFilter$StaticUserFilter) to context static
2019-07-29 13:10:46,105 INFO  http.HttpServer2 (HttpServer2.java:addFilter(958)) - Added filter static_user_filter (class=org.apache.hadoop.http.lib.StaticUserWebFilter$StaticUserFilter) to context logs
2019-07-29 13:10:46,105 INFO  http.HttpServer2 (HttpServer2.java:bindListener(1191)) - Jetty bound to port 42948
2019-07-29 13:10:46,105 INFO  server.Server (Server.java:doStart(351)) - jetty-9.3.24.v20180605, build timestamp: 2018-06-05T17:11:56Z, git hash: 84205aa28f11a4f31f2a3b86d1bba2cc8ab69827
2019-07-29 13:10:46,109 INFO  handler.ContextHandler (ContextHandler.java:doStart(781)) - Started o.e.j.s.ServletContextHandler@14b275bd{/logs,file:///workdir/hadoop-ozone/integration-test/target/log,AVAILABLE}
2019-07-29 13:10:46,110 INFO  handler.ContextHandler (ContextHandler.java:doStart(781)) - Started o.e.j.s.ServletContextHandler@4b03cbad{/static,jar:file:/home/user/.m2/repository/org/apache/hadoop/hadoop-hdds-container-service/0.4.1-SNAPSHOT/hadoop-hdds-container-service-0.4.1-SNAPSHOT.jar!/webapps/static,AVAILABLE}
2019-07-29 13:10:46,138 INFO  handler.ContextHandler (ContextHandler.java:doStart(781)) - Started o.e.j.w.WebAppContext@6b162ecc{/,file:///tmp/jetty-0.0.0.0-42948-hddsDatanode-_-any-7346075023568176125.dir/webapp/,AVAILABLE}{/hddsDatanode}
2019-07-29 13:10:46,138 INFO  server.AbstractConnector (AbstractConnector.java:doStart(278)) - Started ServerConnector@3b4086c1{HTTP/1.1,[http/1.1]}{0.0.0.0:42948}
2019-07-29 13:10:46,139 INFO  server.Server (Server.java:doStart(419)) - Started @6550ms
2019-07-29 13:10:46,140 INFO  server.BaseHttpServer (BaseHttpServer.java:updateConnectorAddress(207)) - HTTP server of HDDSDATANODE is listening at http://0.0.0.0:42948
2019-07-29 13:10:46,245 INFO  ozone.HddsDatanodeService (HddsDatanodeService.java:startPlugins(395)) - Started plug-in org.apache.hadoop.ozone.web.OzoneHddsDatanodeService@34c7232c
2019-07-29 13:10:46,246 INFO  impl.MetricsSystemImpl (MetricsSystemImpl.java:init(158)) - HddsDatanode metrics system started (again)
2019-07-29 13:10:46,249 INFO  ozone.HddsDatanodeService (HddsDatanodeService.java:start(184)) - HddsDatanodeService host:byscane-nightly-dxn5b-515312600 ip:192.168.157.251
2019-07-29 13:10:46,249 INFO  util.JvmPauseMonitor (JvmPauseMonitor.java:run(188)) - Starting JVM pause monitor
2019-07-29 13:10:46,252 INFO  datanode.InitDatanodeState (InitDatanodeState.java:persistContainerDatanodeDetails(140)) - DatanodeDetails is persisted to /workdir/hadoop-ozone/integration-test/target/test-dir/MiniOzoneClusterImpl-56fb08d0-7159-4344-a66c-a968ad0a645c/datanode-3/meta/datanode.id
2019-07-29 13:10:46,256 INFO  volume.HddsVolume (HddsVolume.java:<init>(176)) - Creating Volume: /workdir/hadoop-ozone/integration-test/target/test-dir/MiniOzoneClusterImpl-56fb08d0-7159-4344-a66c-a968ad0a645c/datanode-4/data/containers/hdds of  storage type : DISK and capacity : 52710309888
2019-07-29 13:10:46,256 INFO  volume.VolumeSet (VolumeSet.java:initializeVolumeSet(170)) - Added Volume : /workdir/hadoop-ozone/integration-test/target/test-dir/MiniOzoneClusterImpl-56fb08d0-7159-4344-a66c-a968ad0a645c/datanode-4/data/containers/hdds to VolumeSet
2019-07-29 13:10:46,256 INFO  volume.ThrottledAsyncChecker (ThrottledAsyncChecker.java:schedule(140)) - Scheduling a check for org.apache.hadoop.ozone.container.common.volume.HddsVolume@71936a92
2019-07-29 13:10:46,257 INFO  volume.HddsVolumeChecker (HddsVolumeChecker.java:checkAllVolumes(203)) - Scheduled health check for volume org.apache.hadoop.ozone.container.common.volume.HddsVolume@71936a92
2019-07-29 13:10:46,268 INFO  impl.RaftServerProxy (ConfUtils.java:logGet(43)) - raft.rpc.type = GRPC (default)
2019-07-29 13:10:46,268 INFO  grpc.GrpcFactory (GrpcFactory.java:checkPooledByteBufAllocatorUseCacheForAllThreads(45)) - PERFORMANCE WARNING: useCacheForAllThreads is true that may cause Netty to create a lot garbage objects and, as a result, trigger GC.
	It is recommended to disable useCacheForAllThreads by setting -Dorg.apache.ratis.thirdparty.io.netty.allocator.useCacheForAllThreads=false in command line.
2019-07-29 13:10:46,269 INFO  grpc.GrpcConfigKeys$Server (ConfUtils.java:logGet(43)) - raft.grpc.server.port = 0 (default)
2019-07-29 13:10:46,269 INFO  server.GrpcService (ConfUtils.java:logGet(43)) - raft.grpc.message.size.max = 33570816 (custom)
2019-07-29 13:10:46,269 INFO  server.RaftServerConfigKeys (ConfUtils.java:logGet(43)) - raft.server.log.appender.buffer.byte-limit = 33554432 (custom)
2019-07-29 13:10:46,269 INFO  server.GrpcService (ConfUtils.java:logGet(43)) - raft.grpc.flow.control.window = 1MB (=1048576) (default)
2019-07-29 13:10:46,269 INFO  server.RaftServerConfigKeys (ConfUtils.java:logGet(43)) - raft.server.rpc.request.timeout = 3000ms (default)
2019-07-29 13:10:46,270 INFO  server.RaftServerConfigKeys (ConfUtils.java:logGet(43)) - raft.server.storage.dir = [/workdir/hadoop-ozone/integration-test/target/test-dir/MiniOzoneClusterImpl-56fb08d0-7159-4344-a66c-a968ad0a645c/datanode-4/data/ratis] (custom)
2019-07-29 13:10:46,270 INFO  replication.SimpleContainerDownloader (SimpleContainerDownloader.java:<init>(72)) - Starting container downloader service to copy containers to replicate.
2019-07-29 13:10:46,271 INFO  hdfs.DFSUtil (DFSUtil.java:httpServerTemplateForNNAndJN(1641)) - Starting Web-server for hddsDatanode at: http://0.0.0.0:0
2019-07-29 13:10:46,272 INFO  server.AuthenticationFilter (AuthenticationFilter.java:constructSecretProvider(240)) - Unable to initialize FileSignerSecretProvider, falling back to use random secrets.
2019-07-29 13:10:46,273 WARN  http.HttpRequestLog (HttpRequestLog.java:getRequestLog(97)) - Jetty request log can only be enabled using Log4j
2019-07-29 13:10:46,274 INFO  http.HttpServer2 (HttpServer2.java:addGlobalFilter(975)) - Added global filter 'safety' (class=org.apache.hadoop.http.HttpServer2$QuotingInputFilter)
2019-07-29 13:10:46,274 INFO  http.HttpServer2 (HttpServer2.java:addFilter(948)) - Added filter static_user_filter (class=org.apache.hadoop.http.lib.StaticUserWebFilter$StaticUserFilter) to context hddsDatanode
2019-07-29 13:10:46,275 INFO  http.HttpServer2 (HttpServer2.java:addFilter(958)) - Added filter static_user_filter (class=org.apache.hadoop.http.lib.StaticUserWebFilter$StaticUserFilter) to context logs
2019-07-29 13:10:46,275 INFO  http.HttpServer2 (HttpServer2.java:addFilter(958)) - Added filter static_user_filter (class=org.apache.hadoop.http.lib.StaticUserWebFilter$StaticUserFilter) to context static
2019-07-29 13:10:46,275 INFO  http.HttpServer2 (HttpServer2.java:bindListener(1191)) - Jetty bound to port 44509
2019-07-29 13:10:46,275 INFO  server.Server (Server.java:doStart(351)) - jetty-9.3.24.v20180605, build timestamp: 2018-06-05T17:11:56Z, git hash: 84205aa28f11a4f31f2a3b86d1bba2cc8ab69827
2019-07-29 13:10:46,277 INFO  handler.ContextHandler (ContextHandler.java:doStart(781)) - Started o.e.j.s.ServletContextHandler@51e7589f{/logs,file:///workdir/hadoop-ozone/integration-test/target/log,AVAILABLE}
2019-07-29 13:10:46,278 INFO  handler.ContextHandler (ContextHandler.java:doStart(781)) - Started o.e.j.s.ServletContextHandler@42c12b3e{/static,jar:file:/home/user/.m2/repository/org/apache/hadoop/hadoop-hdds-container-service/0.4.1-SNAPSHOT/hadoop-hdds-container-service-0.4.1-SNAPSHOT.jar!/webapps/static,AVAILABLE}
2019-07-29 13:10:46,303 INFO  handler.ContextHandler (ContextHandler.java:doStart(781)) - Started o.e.j.w.WebAppContext@3caee3a8{/,file:///tmp/jetty-0.0.0.0-44509-hddsDatanode-_-any-667060062778058740.dir/webapp/,AVAILABLE}{/hddsDatanode}
2019-07-29 13:10:46,304 INFO  server.AbstractConnector (AbstractConnector.java:doStart(278)) - Started ServerConnector@69a40b3c{HTTP/1.1,[http/1.1]}{0.0.0.0:44509}
2019-07-29 13:10:46,304 INFO  server.Server (Server.java:doStart(419)) - Started @6715ms
2019-07-29 13:10:46,305 INFO  server.BaseHttpServer (BaseHttpServer.java:updateConnectorAddress(207)) - HTTP server of HDDSDATANODE is listening at http://0.0.0.0:44509
2019-07-29 13:10:46,407 INFO  ozone.HddsDatanodeService (HddsDatanodeService.java:startPlugins(395)) - Started plug-in org.apache.hadoop.ozone.web.OzoneHddsDatanodeService@2c9fdb64
2019-07-29 13:10:46,407 INFO  impl.MetricsSystemImpl (MetricsSystemImpl.java:init(158)) - HddsDatanode metrics system started (again)
2019-07-29 13:10:46,411 INFO  ozone.HddsDatanodeService (HddsDatanodeService.java:start(184)) - HddsDatanodeService host:byscane-nightly-dxn5b-515312600 ip:192.168.157.251
2019-07-29 13:10:46,412 INFO  util.JvmPauseMonitor (JvmPauseMonitor.java:run(188)) - Starting JVM pause monitor
2019-07-29 13:10:46,415 INFO  datanode.InitDatanodeState (InitDatanodeState.java:persistContainerDatanodeDetails(140)) - DatanodeDetails is persisted to /workdir/hadoop-ozone/integration-test/target/test-dir/MiniOzoneClusterImpl-56fb08d0-7159-4344-a66c-a968ad0a645c/datanode-4/meta/datanode.id
2019-07-29 13:10:46,418 INFO  volume.HddsVolume (HddsVolume.java:<init>(176)) - Creating Volume: /workdir/hadoop-ozone/integration-test/target/test-dir/MiniOzoneClusterImpl-56fb08d0-7159-4344-a66c-a968ad0a645c/datanode-5/data/containers/hdds of  storage type : DISK and capacity : 52710309888
2019-07-29 13:10:46,418 INFO  volume.VolumeSet (VolumeSet.java:initializeVolumeSet(170)) - Added Volume : /workdir/hadoop-ozone/integration-test/target/test-dir/MiniOzoneClusterImpl-56fb08d0-7159-4344-a66c-a968ad0a645c/datanode-5/data/containers/hdds to VolumeSet
2019-07-29 13:10:46,418 INFO  volume.ThrottledAsyncChecker (ThrottledAsyncChecker.java:schedule(140)) - Scheduling a check for org.apache.hadoop.ozone.container.common.volume.HddsVolume@115c946b
2019-07-29 13:10:46,419 INFO  volume.HddsVolumeChecker (HddsVolumeChecker.java:checkAllVolumes(203)) - Scheduled health check for volume org.apache.hadoop.ozone.container.common.volume.HddsVolume@115c946b
2019-07-29 13:10:46,430 INFO  impl.RaftServerProxy (ConfUtils.java:logGet(43)) - raft.rpc.type = GRPC (default)
2019-07-29 13:10:46,430 INFO  grpc.GrpcFactory (GrpcFactory.java:checkPooledByteBufAllocatorUseCacheForAllThreads(45)) - PERFORMANCE WARNING: useCacheForAllThreads is true that may cause Netty to create a lot garbage objects and, as a result, trigger GC.
	It is recommended to disable useCacheForAllThreads by setting -Dorg.apache.ratis.thirdparty.io.netty.allocator.useCacheForAllThreads=false in command line.
2019-07-29 13:10:46,430 INFO  grpc.GrpcConfigKeys$Server (ConfUtils.java:logGet(43)) - raft.grpc.server.port = 0 (default)
2019-07-29 13:10:46,430 INFO  server.GrpcService (ConfUtils.java:logGet(43)) - raft.grpc.message.size.max = 33570816 (custom)
2019-07-29 13:10:46,431 INFO  server.RaftServerConfigKeys (ConfUtils.java:logGet(43)) - raft.server.log.appender.buffer.byte-limit = 33554432 (custom)
2019-07-29 13:10:46,431 INFO  server.GrpcService (ConfUtils.java:logGet(43)) - raft.grpc.flow.control.window = 1MB (=1048576) (default)
2019-07-29 13:10:46,431 INFO  server.RaftServerConfigKeys (ConfUtils.java:logGet(43)) - raft.server.rpc.request.timeout = 3000ms (default)
2019-07-29 13:10:46,431 INFO  server.RaftServerConfigKeys (ConfUtils.java:logGet(43)) - raft.server.storage.dir = [/workdir/hadoop-ozone/integration-test/target/test-dir/MiniOzoneClusterImpl-56fb08d0-7159-4344-a66c-a968ad0a645c/datanode-5/data/ratis] (custom)
2019-07-29 13:10:46,432 INFO  replication.SimpleContainerDownloader (SimpleContainerDownloader.java:<init>(72)) - Starting container downloader service to copy containers to replicate.
2019-07-29 13:10:46,433 INFO  hdfs.DFSUtil (DFSUtil.java:httpServerTemplateForNNAndJN(1641)) - Starting Web-server for hddsDatanode at: http://0.0.0.0:0
2019-07-29 13:10:46,434 INFO  server.AuthenticationFilter (AuthenticationFilter.java:constructSecretProvider(240)) - Unable to initialize FileSignerSecretProvider, falling back to use random secrets.
2019-07-29 13:10:46,434 WARN  http.HttpRequestLog (HttpRequestLog.java:getRequestLog(97)) - Jetty request log can only be enabled using Log4j
2019-07-29 13:10:46,435 INFO  http.HttpServer2 (HttpServer2.java:addGlobalFilter(975)) - Added global filter 'safety' (class=org.apache.hadoop.http.HttpServer2$QuotingInputFilter)
2019-07-29 13:10:46,436 INFO  http.HttpServer2 (HttpServer2.java:addFilter(948)) - Added filter static_user_filter (class=org.apache.hadoop.http.lib.StaticUserWebFilter$StaticUserFilter) to context hddsDatanode
2019-07-29 13:10:46,436 INFO  http.HttpServer2 (HttpServer2.java:addFilter(958)) - Added filter static_user_filter (class=org.apache.hadoop.http.lib.StaticUserWebFilter$StaticUserFilter) to context static
2019-07-29 13:10:46,436 INFO  http.HttpServer2 (HttpServer2.java:addFilter(958)) - Added filter static_user_filter (class=org.apache.hadoop.http.lib.StaticUserWebFilter$StaticUserFilter) to context logs
2019-07-29 13:10:46,437 INFO  http.HttpServer2 (HttpServer2.java:bindListener(1191)) - Jetty bound to port 37559
2019-07-29 13:10:46,437 INFO  server.Server (Server.java:doStart(351)) - jetty-9.3.24.v20180605, build timestamp: 2018-06-05T17:11:56Z, git hash: 84205aa28f11a4f31f2a3b86d1bba2cc8ab69827
2019-07-29 13:10:46,439 INFO  handler.ContextHandler (ContextHandler.java:doStart(781)) - Started o.e.j.s.ServletContextHandler@36d582cb{/logs,file:///workdir/hadoop-ozone/integration-test/target/log,AVAILABLE}
2019-07-29 13:10:46,440 INFO  handler.ContextHandler (ContextHandler.java:doStart(781)) - Started o.e.j.s.ServletContextHandler@24d8f87a{/static,jar:file:/home/user/.m2/repository/org/apache/hadoop/hadoop-hdds-container-service/0.4.1-SNAPSHOT/hadoop-hdds-container-service-0.4.1-SNAPSHOT.jar!/webapps/static,AVAILABLE}
2019-07-29 13:10:46,463 INFO  handler.ContextHandler (ContextHandler.java:doStart(781)) - Started o.e.j.w.WebAppContext@4f3c7808{/,file:///tmp/jetty-0.0.0.0-37559-hddsDatanode-_-any-5581859656661065229.dir/webapp/,AVAILABLE}{/hddsDatanode}
2019-07-29 13:10:46,464 INFO  server.AbstractConnector (AbstractConnector.java:doStart(278)) - Started ServerConnector@4b4969ea{HTTP/1.1,[http/1.1]}{0.0.0.0:37559}
2019-07-29 13:10:46,464 INFO  server.Server (Server.java:doStart(419)) - Started @6875ms
2019-07-29 13:10:46,464 INFO  server.BaseHttpServer (BaseHttpServer.java:updateConnectorAddress(207)) - HTTP server of HDDSDATANODE is listening at http://0.0.0.0:37559
2019-07-29 13:10:46,566 INFO  ozone.HddsDatanodeService (HddsDatanodeService.java:startPlugins(395)) - Started plug-in org.apache.hadoop.ozone.web.OzoneHddsDatanodeService@230232b0
2019-07-29 13:10:46,568 INFO  ozone.MiniOzoneClusterImpl (MiniOzoneClusterImpl.java:lambda$waitForClusterToBeReady$0(142)) - Waiting for cluster to be ready. Got 0 of 6 DN Heartbeats.
2019-07-29 13:10:46,570 INFO  util.JvmPauseMonitor (JvmPauseMonitor.java:run(188)) - Starting JVM pause monitor
2019-07-29 13:10:46,573 INFO  datanode.InitDatanodeState (InitDatanodeState.java:persistContainerDatanodeDetails(140)) - DatanodeDetails is persisted to /workdir/hadoop-ozone/integration-test/target/test-dir/MiniOzoneClusterImpl-56fb08d0-7159-4344-a66c-a968ad0a645c/datanode-5/meta/datanode.id
2019-07-29 13:10:47,569 INFO  ozone.MiniOzoneClusterImpl (MiniOzoneClusterImpl.java:lambda$waitForClusterToBeReady$0(142)) - Waiting for cluster to be ready. Got 0 of 6 DN Heartbeats.
2019-07-29 13:10:47,665 INFO  ozoneimpl.OzoneContainer (OzoneContainer.java:start(186)) - Attempting to start container services.
2019-07-29 13:10:47,667 INFO  ozoneimpl.OzoneContainer (OzoneContainer.java:startContainerScrub(160)) - Background container scrubber has been disabled by hdds.containerscrub.enabled
2019-07-29 13:10:47,667 INFO  ratis.XceiverServerRatis (XceiverServerRatis.java:start(404)) - Starting XceiverServerRatis 1994e695-6ba9-48ba-8457-61d0fd104f6d at port 0
2019-07-29 13:10:47,770 INFO  impl.RaftServerProxy (RaftServerProxy.java:lambda$start$3(299)) - 1994e695-6ba9-48ba-8457-61d0fd104f6d: start RPC server
2019-07-29 13:10:47,885 INFO  ozoneimpl.OzoneContainer (OzoneContainer.java:start(186)) - Attempting to start container services.
2019-07-29 13:10:47,888 INFO  ozoneimpl.OzoneContainer (OzoneContainer.java:startContainerScrub(160)) - Background container scrubber has been disabled by hdds.containerscrub.enabled
2019-07-29 13:10:47,888 INFO  ratis.XceiverServerRatis (XceiverServerRatis.java:start(404)) - Starting XceiverServerRatis 24f9dd8b-f327-461b-9edb-beec6c3ef35e at port 0
2019-07-29 13:10:47,894 INFO  server.GrpcService (GrpcService.java:startImpl(149)) - 1994e695-6ba9-48ba-8457-61d0fd104f6d: GrpcService started, listening on 0.0.0.0/0.0.0.0:34946
2019-07-29 13:10:47,895 INFO  ratis.XceiverServerRatis (XceiverServerRatis.java:start(414)) - XceiverServerRatis 1994e695-6ba9-48ba-8457-61d0fd104f6d is started using port 34946
2019-07-29 13:10:47,898 INFO  server.XceiverServerGrpc (XceiverServerGrpc.java:start(161)) - XceiverServerGrpc 1994e695-6ba9-48ba-8457-61d0fd104f6d is started using port 38591
2019-07-29 13:10:47,902 INFO  impl.RaftServerProxy (RaftServerProxy.java:lambda$start$3(299)) - 24f9dd8b-f327-461b-9edb-beec6c3ef35e: start RPC server
2019-07-29 13:10:47,906 INFO  server.GrpcService (GrpcService.java:startImpl(149)) - 24f9dd8b-f327-461b-9edb-beec6c3ef35e: GrpcService started, listening on 0.0.0.0/0.0.0.0:33822
2019-07-29 13:10:47,906 INFO  ratis.XceiverServerRatis (XceiverServerRatis.java:start(414)) - XceiverServerRatis 24f9dd8b-f327-461b-9edb-beec6c3ef35e is started using port 33822
2019-07-29 13:10:47,909 INFO  server.XceiverServerGrpc (XceiverServerGrpc.java:start(161)) - XceiverServerGrpc 24f9dd8b-f327-461b-9edb-beec6c3ef35e is started using port 38080
2019-07-29 13:10:48,083 INFO  ozoneimpl.OzoneContainer (OzoneContainer.java:start(186)) - Attempting to start container services.
2019-07-29 13:10:48,085 INFO  ozoneimpl.OzoneContainer (OzoneContainer.java:startContainerScrub(160)) - Background container scrubber has been disabled by hdds.containerscrub.enabled
2019-07-29 13:10:48,085 INFO  ratis.XceiverServerRatis (XceiverServerRatis.java:start(404)) - Starting XceiverServerRatis 1bf30d03-7857-47e7-b118-8993854fbf0d at port 0
2019-07-29 13:10:48,094 INFO  impl.RaftServerProxy (RaftServerProxy.java:lambda$start$3(299)) - 1bf30d03-7857-47e7-b118-8993854fbf0d: start RPC server
2019-07-29 13:10:48,097 INFO  server.GrpcService (GrpcService.java:startImpl(149)) - 1bf30d03-7857-47e7-b118-8993854fbf0d: GrpcService started, listening on 0.0.0.0/0.0.0.0:43148
2019-07-29 13:10:48,097 INFO  ratis.XceiverServerRatis (XceiverServerRatis.java:start(414)) - XceiverServerRatis 1bf30d03-7857-47e7-b118-8993854fbf0d is started using port 43148
2019-07-29 13:10:48,100 INFO  server.XceiverServerGrpc (XceiverServerGrpc.java:start(161)) - XceiverServerGrpc 1bf30d03-7857-47e7-b118-8993854fbf0d is started using port 38644
2019-07-29 13:10:48,274 INFO  ozoneimpl.OzoneContainer (OzoneContainer.java:start(186)) - Attempting to start container services.
2019-07-29 13:10:48,280 INFO  ozoneimpl.OzoneContainer (OzoneContainer.java:startContainerScrub(160)) - Background container scrubber has been disabled by hdds.containerscrub.enabled
2019-07-29 13:10:48,280 INFO  ratis.XceiverServerRatis (XceiverServerRatis.java:start(404)) - Starting XceiverServerRatis 1634ae85-2e8a-4aeb-94f7-d0cc34871885 at port 0
2019-07-29 13:10:48,289 INFO  impl.RaftServerProxy (RaftServerProxy.java:lambda$start$3(299)) - 1634ae85-2e8a-4aeb-94f7-d0cc34871885: start RPC server
2019-07-29 13:10:48,296 INFO  server.GrpcService (GrpcService.java:startImpl(149)) - 1634ae85-2e8a-4aeb-94f7-d0cc34871885: GrpcService started, listening on 0.0.0.0/0.0.0.0:36476
2019-07-29 13:10:48,297 INFO  ratis.XceiverServerRatis (XceiverServerRatis.java:start(414)) - XceiverServerRatis 1634ae85-2e8a-4aeb-94f7-d0cc34871885 is started using port 36476
2019-07-29 13:10:48,300 INFO  server.XceiverServerGrpc (XceiverServerGrpc.java:start(161)) - XceiverServerGrpc 1634ae85-2e8a-4aeb-94f7-d0cc34871885 is started using port 38046
2019-07-29 13:10:48,436 INFO  ozoneimpl.OzoneContainer (OzoneContainer.java:start(186)) - Attempting to start container services.
2019-07-29 13:10:48,436 INFO  ozoneimpl.OzoneContainer (OzoneContainer.java:startContainerScrub(160)) - Background container scrubber has been disabled by hdds.containerscrub.enabled
2019-07-29 13:10:48,436 INFO  ratis.XceiverServerRatis (XceiverServerRatis.java:start(404)) - Starting XceiverServerRatis 6a1b5377-3047-4a64-a74e-df6c24957807 at port 0
2019-07-29 13:10:48,444 INFO  impl.RaftServerProxy (RaftServerProxy.java:lambda$start$3(299)) - 6a1b5377-3047-4a64-a74e-df6c24957807: start RPC server
2019-07-29 13:10:48,449 INFO  server.GrpcService (GrpcService.java:startImpl(149)) - 6a1b5377-3047-4a64-a74e-df6c24957807: GrpcService started, listening on 0.0.0.0/0.0.0.0:39712
2019-07-29 13:10:48,449 INFO  ratis.XceiverServerRatis (XceiverServerRatis.java:start(414)) - XceiverServerRatis 6a1b5377-3047-4a64-a74e-df6c24957807 is started using port 39712
2019-07-29 13:10:48,453 INFO  server.XceiverServerGrpc (XceiverServerGrpc.java:start(161)) - XceiverServerGrpc 6a1b5377-3047-4a64-a74e-df6c24957807 is started using port 43666
2019-07-29 13:10:48,569 INFO  ozone.MiniOzoneClusterImpl (MiniOzoneClusterImpl.java:lambda$waitForClusterToBeReady$0(142)) - Waiting for cluster to be ready. Got 0 of 6 DN Heartbeats.
2019-07-29 13:10:48,586 INFO  ozoneimpl.OzoneContainer (OzoneContainer.java:start(186)) - Attempting to start container services.
2019-07-29 13:10:48,586 INFO  ozoneimpl.OzoneContainer (OzoneContainer.java:startContainerScrub(160)) - Background container scrubber has been disabled by hdds.containerscrub.enabled
2019-07-29 13:10:48,587 INFO  ratis.XceiverServerRatis (XceiverServerRatis.java:start(404)) - Starting XceiverServerRatis 4c0483b0-36d5-414f-827c-178e4508b211 at port 0
2019-07-29 13:10:48,595 INFO  impl.RaftServerProxy (RaftServerProxy.java:lambda$start$3(299)) - 4c0483b0-36d5-414f-827c-178e4508b211: start RPC server
2019-07-29 13:10:48,599 INFO  server.GrpcService (GrpcService.java:startImpl(149)) - 4c0483b0-36d5-414f-827c-178e4508b211: GrpcService started, listening on 0.0.0.0/0.0.0.0:45331
2019-07-29 13:10:48,599 INFO  ratis.XceiverServerRatis (XceiverServerRatis.java:start(414)) - XceiverServerRatis 4c0483b0-36d5-414f-827c-178e4508b211 is started using port 45331
2019-07-29 13:10:48,603 INFO  server.XceiverServerGrpc (XceiverServerGrpc.java:start(161)) - XceiverServerGrpc 4c0483b0-36d5-414f-827c-178e4508b211 is started using port 43212
2019-07-29 13:10:49,570 INFO  ozone.MiniOzoneClusterImpl (MiniOzoneClusterImpl.java:lambda$waitForClusterToBeReady$0(142)) - Waiting for cluster to be ready. Got 0 of 6 DN Heartbeats.
2019-07-29 13:10:49,650 INFO  net.NetworkTopology (NetworkTopologyImpl.java:add(110)) - Added a new node: /default-rack/1994e695-6ba9-48ba-8457-61d0fd104f6d
2019-07-29 13:10:49,650 INFO  node.SCMNodeManager (SCMNodeManager.java:register(273)) - Registered Data node : 1994e695-6ba9-48ba-8457-61d0fd104f6d{ip: 192.168.157.251, host: byscane-nightly-dxn5b-515312600, networkLocation: /default-rack, certSerialId: null}
2019-07-29 13:10:49,657 INFO  safemode.SCMSafeModeManager (DataNodeSafeModeRule.java:process(71)) - SCM in safe mode. 1 DataNodes registered, 1 required.
2019-07-29 13:10:49,658 INFO  safemode.SCMSafeModeManager (SCMSafeModeManager.java:validateSafeModeExitRules(177)) - ScmSafeModeManager, all rules are successfully validated
2019-07-29 13:10:49,658 INFO  safemode.SCMSafeModeManager (SCMSafeModeManager.java:exitSafeMode(193)) - SCM exiting safe mode.
2019-07-29 13:10:49,879 INFO  net.NetworkTopology (NetworkTopologyImpl.java:add(110)) - Added a new node: /default-rack/24f9dd8b-f327-461b-9edb-beec6c3ef35e
2019-07-29 13:10:49,879 INFO  node.SCMNodeManager (SCMNodeManager.java:register(273)) - Registered Data node : 24f9dd8b-f327-461b-9edb-beec6c3ef35e{ip: 192.168.157.251, host: byscane-nightly-dxn5b-515312600, networkLocation: /default-rack, certSerialId: null}
2019-07-29 13:10:50,071 INFO  net.NetworkTopology (NetworkTopologyImpl.java:add(110)) - Added a new node: /default-rack/1bf30d03-7857-47e7-b118-8993854fbf0d
2019-07-29 13:10:50,071 INFO  node.SCMNodeManager (SCMNodeManager.java:register(273)) - Registered Data node : 1bf30d03-7857-47e7-b118-8993854fbf0d{ip: 192.168.157.251, host: byscane-nightly-dxn5b-515312600, networkLocation: /default-rack, certSerialId: null}
2019-07-29 13:10:50,166 INFO  impl.RaftServerProxy (RaftServerProxy.java:addNew(89)) - 1994e695-6ba9-48ba-8457-61d0fd104f6d: addNew group-B1688520B677:[1994e695-6ba9-48ba-8457-61d0fd104f6d:192.168.157.251:34946] returns group-B1688520B677:java.util.concurrent.CompletableFuture@76951ccb[Not completed]
2019-07-29 13:10:50,511 INFO  net.NetworkTopology (NetworkTopologyImpl.java:add(110)) - Added a new node: /default-rack/1634ae85-2e8a-4aeb-94f7-d0cc34871885
2019-07-29 13:10:50,512 INFO  node.SCMNodeManager (SCMNodeManager.java:register(273)) - Registered Data node : 1634ae85-2e8a-4aeb-94f7-d0cc34871885{ip: 192.168.157.251, host: byscane-nightly-dxn5b-515312600, networkLocation: /default-rack, certSerialId: null}
2019-07-29 13:10:50,512 INFO  net.NetworkTopology (NetworkTopologyImpl.java:add(110)) - Added a new node: /default-rack/6a1b5377-3047-4a64-a74e-df6c24957807
2019-07-29 13:10:50,512 INFO  node.SCMNodeManager (SCMNodeManager.java:register(273)) - Registered Data node : 6a1b5377-3047-4a64-a74e-df6c24957807{ip: 192.168.157.251, host: byscane-nightly-dxn5b-515312600, networkLocation: /default-rack, certSerialId: null}
2019-07-29 13:10:50,520 INFO  impl.RaftServerImpl (RaftServerImpl.java:<init>(93)) - 1994e695-6ba9-48ba-8457-61d0fd104f6d: new RaftServerImpl for group-B1688520B677:[1994e695-6ba9-48ba-8457-61d0fd104f6d:192.168.157.251:34946] with ContainerStateMachine:uninitialized
2019-07-29 13:10:50,522 INFO  server.RaftServerConfigKeys (ConfUtils.java:logGet(43)) - raft.server.rpc.timeout.min = 5s (custom)
2019-07-29 13:10:50,523 INFO  server.RaftServerConfigKeys (ConfUtils.java:logGet(43)) - raft.server.rpc.timeout.max = 5200ms (custom)
2019-07-29 13:10:50,524 INFO  server.RaftServerConfigKeys (ConfUtils.java:logGet(43)) - raft.server.rpcslowness.timeout = 120s (custom)
2019-07-29 13:10:50,525 INFO  server.RaftServerConfigKeys (ConfUtils.java:logGet(43)) - raft.server.sleep.deviation.threshold = 300 (default)
2019-07-29 13:10:50,526 INFO  server.RaftServerConfigKeys (ConfUtils.java:logGet(43)) - raft.server.log.appender.install.snapshot.enabled = false (custom)
2019-07-29 13:10:50,536 INFO  impl.RaftServerImpl (ServerState.java:<init>(105)) - 1994e695-6ba9-48ba-8457-61d0fd104f6d:group-B1688520B677 ConfigurationManager, init=-1: [1994e695-6ba9-48ba-8457-61d0fd104f6d:192.168.157.251:34946], old=null, confs=<EMPTY_MAP>
2019-07-29 13:10:50,536 INFO  server.RaftServerConfigKeys (ConfUtils.java:logGet(43)) - raft.server.storage.dir = [/workdir/hadoop-ozone/integration-test/target/test-dir/MiniOzoneClusterImpl-56fb08d0-7159-4344-a66c-a968ad0a645c/datanode-0/data/ratis] (custom)
2019-07-29 13:10:50,545 INFO  storage.RaftStorageDirectory (RaftStorageDirectory.java:analyzeStorage(246)) - The storage directory /workdir/hadoop-ozone/integration-test/target/test-dir/MiniOzoneClusterImpl-56fb08d0-7159-4344-a66c-a968ad0a645c/datanode-0/data/ratis/d084b9c8-0c55-4b30-91be-b1688520b677 does not exist. Creating ...
2019-07-29 13:10:50,565 INFO  storage.RaftStorageDirectory (RaftStorageDirectory.java:tryLock(328)) - Lock on /workdir/hadoop-ozone/integration-test/target/test-dir/MiniOzoneClusterImpl-56fb08d0-7159-4344-a66c-a968ad0a645c/datanode-0/data/ratis/d084b9c8-0c55-4b30-91be-b1688520b677/in_use.lock acquired by nodename 2374@byscane-nightly-dxn5b-515312600
2019-07-29 13:10:50,571 INFO  ozone.MiniOzoneClusterImpl (MiniOzoneClusterImpl.java:lambda$waitForClusterToBeReady$0(142)) - Waiting for cluster to be ready. Got 5 of 6 DN Heartbeats.
2019-07-29 13:10:50,572 INFO  net.NetworkTopology (NetworkTopologyImpl.java:add(110)) - Added a new node: /default-rack/4c0483b0-36d5-414f-827c-178e4508b211
2019-07-29 13:10:50,572 INFO  node.SCMNodeManager (SCMNodeManager.java:register(273)) - Registered Data node : 4c0483b0-36d5-414f-827c-178e4508b211{ip: 192.168.157.251, host: byscane-nightly-dxn5b-515312600, networkLocation: /default-rack, certSerialId: null}
2019-07-29 13:10:50,580 INFO  storage.RaftStorage (RaftStorage.java:format(72)) - Storage directory /workdir/hadoop-ozone/integration-test/target/test-dir/MiniOzoneClusterImpl-56fb08d0-7159-4344-a66c-a968ad0a645c/datanode-0/data/ratis/d084b9c8-0c55-4b30-91be-b1688520b677 has been successfully formatted.
2019-07-29 13:10:50,583 INFO  ratis.ContainerStateMachine (ContainerStateMachine.java:loadSnapshot(213)) - group-B1688520B677: The snapshot info is null. Setting the last applied indexto:(t:0, i:~)
2019-07-29 13:10:50,583 INFO  server.RaftServerConfigKeys (ConfUtils.java:logGet(43)) - raft.server.leader.election.timeout = 120s (custom)
2019-07-29 13:10:50,585 INFO  server.RaftServerConfigKeys (ConfUtils.java:logGet(43)) - raft.server.log.use.memory = false (default)
2019-07-29 13:10:50,592 INFO  server.RaftServerConfigKeys (ConfUtils.java:logGet(43)) - raft.server.log.purge.gap = 1000000000 (custom)
2019-07-29 13:10:50,592 INFO  server.RaftServerConfigKeys (ConfUtils.java:logGet(43)) - raft.server.log.appender.buffer.byte-limit = 33554432 (custom)
2019-07-29 13:10:50,594 INFO  server.RaftServerConfigKeys (ConfUtils.java:logGet(43)) - raft.server.log.segment.size.max = 1048576 (custom)
2019-07-29 13:10:50,599 INFO  server.RaftServerConfigKeys (ConfUtils.java:logGet(43)) - raft.server.log.segment.cache.num.max = 2 (custom)
2019-07-29 13:10:50,605 INFO  segmented.SegmentedRaftLogWorker (SegmentedRaftLogWorker.java:<init>(172)) - new 1994e695-6ba9-48ba-8457-61d0fd104f6d-SegmentedRaftLogWorker:Storage Directory /workdir/hadoop-ozone/integration-test/target/test-dir/MiniOzoneClusterImpl-56fb08d0-7159-4344-a66c-a968ad0a645c/datanode-0/data/ratis/d084b9c8-0c55-4b30-91be-b1688520b677 for RaftStorage:Storage Directory /workdir/hadoop-ozone/integration-test/target/test-dir/MiniOzoneClusterImpl-56fb08d0-7159-4344-a66c-a968ad0a645c/datanode-0/data/ratis/d084b9c8-0c55-4b30-91be-b1688520b677
2019-07-29 13:10:50,617 INFO  server.RaftServerConfigKeys (ConfUtils.java:logGet(43)) - raft.server.log.queue.byte-limit = 2147483647 (custom)
2019-07-29 13:10:50,618 INFO  server.RaftServerConfigKeys (ConfUtils.java:logGet(43)) - raft.server.log.queue.element-limit = 1024 (custom)
2019-07-29 13:10:50,622 INFO  server.RaftServerConfigKeys (ConfUtils.java:logGet(43)) - raft.server.log.segment.size.max = 1048576 (custom)
2019-07-29 13:10:50,623 INFO  server.RaftServerConfigKeys (ConfUtils.java:logGet(43)) - raft.server.log.preallocated.size = 16384 (custom)
2019-07-29 13:10:50,623 INFO  server.RaftServerConfigKeys (ConfUtils.java:logGet(43)) - raft.server.log.write.buffer.size = 33554432 (custom)
2019-07-29 13:10:50,624 INFO  server.RaftServerConfigKeys (ConfUtils.java:logGet(43)) - raft.server.log.force.sync.num = 128 (default)
2019-07-29 13:10:50,625 INFO  server.RaftServerConfigKeys (ConfUtils.java:logGet(43)) - raft.server.log.statemachine.data.sync = true (default)
2019-07-29 13:10:50,625 INFO  server.RaftServerConfigKeys (ConfUtils.java:logGet(43)) - raft.server.log.statemachine.data.sync.timeout = 10s (default)
2019-07-29 13:10:50,625 INFO  server.RaftServerConfigKeys (ConfUtils.java:logGet(43)) - raft.server.log.statemachine.data.sync.timeout.retry = -1 (default)
2019-07-29 13:10:50,634 INFO  server.RaftServerConfigKeys (ConfUtils.java:logGet(43)) - raft.server.log.statemachine.data.caching.enabled = true (custom)
2019-07-29 13:10:50,638 INFO  segmented.SegmentedRaftLogWorker (SegmentedRaftLogWorker.java:lambda$new$0(132)) - 1994e695-6ba9-48ba-8457-61d0fd104f6d-SegmentedRaftLogWorker:Storage Directory /workdir/hadoop-ozone/integration-test/target/test-dir/MiniOzoneClusterImpl-56fb08d0-7159-4344-a66c-a968ad0a645c/datanode-0/data/ratis/d084b9c8-0c55-4b30-91be-b1688520b677: flushIndex: setUnconditionally 0 -> -1
2019-07-29 13:10:50,642 INFO  server.RaftServerConfigKeys (ConfUtils.java:logGet(43)) - raft.server.snapshot.auto.trigger.enabled = true (custom)
2019-07-29 13:10:50,643 INFO  server.RaftServerConfigKeys (ConfUtils.java:logGet(43)) - raft.server.snapshot.auto.trigger.threshold = 10000 (custom)
2019-07-29 13:10:50,643 INFO  server.RaftServerConfigKeys (ConfUtils.java:logGet(43)) - raft.server.retrycache.expirytime = 600000ms (custom)
2019-07-29 13:10:50,662 INFO  impl.RaftServerImpl (RaftServerImpl.java:start(180)) - 1994e695-6ba9-48ba-8457-61d0fd104f6d: start group-B1688520B677
2019-07-29 13:10:50,663 INFO  impl.RaftServerImpl (RaftServerImpl.java:setRole(171)) - 1994e695-6ba9-48ba-8457-61d0fd104f6d:group-B1688520B677 changes role from null to FOLLOWER at term 0 for startAsFollower
2019-07-29 13:10:50,664 INFO  impl.RoleInfo (RoleInfo.java:updateAndGet(143)) - 1994e695-6ba9-48ba-8457-61d0fd104f6d: start FollowerState
2019-07-29 13:10:50,666 INFO  util.JmxRegister (JmxRegister.java:tryRegister(44)) - Successfully registered JMX Bean with object name Ratis:service=RaftServer,group=group-B1688520B677,id=1994e695-6ba9-48ba-8457-61d0fd104f6d
2019-07-29 13:10:50,731 INFO  pipeline.PipelineStateManager (PipelineStateManager.java:addPipeline(56)) - Created pipeline Pipeline[ Id: d084b9c8-0c55-4b30-91be-b1688520b677, Nodes: 1994e695-6ba9-48ba-8457-61d0fd104f6d{ip: 192.168.157.251, host: byscane-nightly-dxn5b-515312600, networkLocation: /default-rack, certSerialId: null}, Type:RATIS, Factor:ONE, State:OPEN]
2019-07-29 13:10:50,770 INFO  impl.RaftServerProxy (RaftServerProxy.java:addNew(89)) - 4c0483b0-36d5-414f-827c-178e4508b211: addNew group-BDB8CA445BFA:[4c0483b0-36d5-414f-827c-178e4508b211:192.168.157.251:45331] returns group-BDB8CA445BFA:java.util.concurrent.CompletableFuture@4bf44c01[Not completed]
2019-07-29 13:10:50,819 INFO  impl.RaftServerImpl (RaftServerImpl.java:<init>(93)) - 4c0483b0-36d5-414f-827c-178e4508b211: new RaftServerImpl for group-BDB8CA445BFA:[4c0483b0-36d5-414f-827c-178e4508b211:192.168.157.251:45331] with ContainerStateMachine:uninitialized
2019-07-29 13:10:50,820 INFO  server.RaftServerConfigKeys (ConfUtils.java:logGet(43)) - raft.server.rpc.timeout.min = 5s (custom)
2019-07-29 13:10:50,821 INFO  server.RaftServerConfigKeys (ConfUtils.java:logGet(43)) - raft.server.rpc.timeout.max = 5200ms (custom)
2019-07-29 13:10:50,821 INFO  server.RaftServerConfigKeys (ConfUtils.java:logGet(43)) - raft.server.rpcslowness.timeout = 120s (custom)
2019-07-29 13:10:50,821 INFO  server.RaftServerConfigKeys (ConfUtils.java:logGet(43)) - raft.server.sleep.deviation.threshold = 300 (default)
2019-07-29 13:10:50,821 INFO  server.RaftServerConfigKeys (ConfUtils.java:logGet(43)) - raft.server.log.appender.install.snapshot.enabled = false (custom)
2019-07-29 13:10:50,821 INFO  impl.RaftServerImpl (ServerState.java:<init>(105)) - 4c0483b0-36d5-414f-827c-178e4508b211:group-BDB8CA445BFA ConfigurationManager, init=-1: [4c0483b0-36d5-414f-827c-178e4508b211:192.168.157.251:45331], old=null, confs=<EMPTY_MAP>
2019-07-29 13:10:50,822 INFO  server.RaftServerConfigKeys (ConfUtils.java:logGet(43)) - raft.server.storage.dir = [/workdir/hadoop-ozone/integration-test/target/test-dir/MiniOzoneClusterImpl-56fb08d0-7159-4344-a66c-a968ad0a645c/datanode-5/data/ratis] (custom)
2019-07-29 13:10:50,822 INFO  storage.RaftStorageDirectory (RaftStorageDirectory.java:analyzeStorage(246)) - The storage directory /workdir/hadoop-ozone/integration-test/target/test-dir/MiniOzoneClusterImpl-56fb08d0-7159-4344-a66c-a968ad0a645c/datanode-5/data/ratis/85d148f1-0cd7-4c9d-97b9-bdb8ca445bfa does not exist. Creating ...
2019-07-29 13:10:50,837 INFO  storage.RaftStorageDirectory (RaftStorageDirectory.java:tryLock(328)) - Lock on /workdir/hadoop-ozone/integration-test/target/test-dir/MiniOzoneClusterImpl-56fb08d0-7159-4344-a66c-a968ad0a645c/datanode-5/data/ratis/85d148f1-0cd7-4c9d-97b9-bdb8ca445bfa/in_use.lock acquired by nodename 2374@byscane-nightly-dxn5b-515312600
2019-07-29 13:10:50,860 INFO  storage.RaftStorage (RaftStorage.java:format(72)) - Storage directory /workdir/hadoop-ozone/integration-test/target/test-dir/MiniOzoneClusterImpl-56fb08d0-7159-4344-a66c-a968ad0a645c/datanode-5/data/ratis/85d148f1-0cd7-4c9d-97b9-bdb8ca445bfa has been successfully formatted.
2019-07-29 13:10:50,862 INFO  ratis.ContainerStateMachine (ContainerStateMachine.java:loadSnapshot(213)) - group-BDB8CA445BFA: The snapshot info is null. Setting the last applied indexto:(t:0, i:~)
2019-07-29 13:10:50,863 INFO  server.RaftServerConfigKeys (ConfUtils.java:logGet(43)) - raft.server.leader.election.timeout = 120s (custom)
2019-07-29 13:10:50,863 INFO  server.RaftServerConfigKeys (ConfUtils.java:logGet(43)) - raft.server.log.use.memory = false (default)
2019-07-29 13:10:50,863 INFO  server.RaftServerConfigKeys (ConfUtils.java:logGet(43)) - raft.server.log.purge.gap = 1000000000 (custom)
2019-07-29 13:10:50,863 INFO  server.RaftServerConfigKeys (ConfUtils.java:logGet(43)) - raft.server.log.appender.buffer.byte-limit = 33554432 (custom)
2019-07-29 13:10:50,864 INFO  server.RaftServerConfigKeys (ConfUtils.java:logGet(43)) - raft.server.log.segment.size.max = 1048576 (custom)
2019-07-29 13:10:50,864 INFO  server.RaftServerConfigKeys (ConfUtils.java:logGet(43)) - raft.server.log.segment.cache.num.max = 2 (custom)
2019-07-29 13:10:50,864 INFO  segmented.SegmentedRaftLogWorker (SegmentedRaftLogWorker.java:<init>(172)) - new 4c0483b0-36d5-414f-827c-178e4508b211-SegmentedRaftLogWorker:Storage Directory /workdir/hadoop-ozone/integration-test/target/test-dir/MiniOzoneClusterImpl-56fb08d0-7159-4344-a66c-a968ad0a645c/datanode-5/data/ratis/85d148f1-0cd7-4c9d-97b9-bdb8ca445bfa for RaftStorage:Storage Directory /workdir/hadoop-ozone/integration-test/target/test-dir/MiniOzoneClusterImpl-56fb08d0-7159-4344-a66c-a968ad0a645c/datanode-5/data/ratis/85d148f1-0cd7-4c9d-97b9-bdb8ca445bfa
2019-07-29 13:10:50,865 INFO  server.RaftServerConfigKeys (ConfUtils.java:logGet(43)) - raft.server.log.queue.byte-limit = 2147483647 (custom)
2019-07-29 13:10:50,865 INFO  server.RaftServerConfigKeys (ConfUtils.java:logGet(43)) - raft.server.log.queue.element-limit = 1024 (custom)
2019-07-29 13:10:50,866 INFO  server.RaftServerConfigKeys (ConfUtils.java:logGet(43)) - raft.server.log.segment.size.max = 1048576 (custom)
2019-07-29 13:10:50,866 INFO  server.RaftServerConfigKeys (ConfUtils.java:logGet(43)) - raft.server.log.preallocated.size = 16384 (custom)
2019-07-29 13:10:50,866 INFO  server.RaftServerConfigKeys (ConfUtils.java:logGet(43)) - raft.server.log.write.buffer.size = 33554432 (custom)
2019-07-29 13:10:50,866 INFO  server.RaftServerConfigKeys (ConfUtils.java:logGet(43)) - raft.server.log.force.sync.num = 128 (default)
2019-07-29 13:10:50,866 INFO  server.RaftServerConfigKeys (ConfUtils.java:logGet(43)) - raft.server.log.statemachine.data.sync = true (default)
2019-07-29 13:10:50,867 INFO  server.RaftServerConfigKeys (ConfUtils.java:logGet(43)) - raft.server.log.statemachine.data.sync.timeout = 10s (default)
2019-07-29 13:10:50,867 INFO  server.RaftServerConfigKeys (ConfUtils.java:logGet(43)) - raft.server.log.statemachine.data.sync.timeout.retry = -1 (default)
2019-07-29 13:10:50,867 INFO  server.RaftServerConfigKeys (ConfUtils.java:logGet(43)) - raft.server.log.statemachine.data.caching.enabled = true (custom)
2019-07-29 13:10:50,868 INFO  segmented.SegmentedRaftLogWorker (SegmentedRaftLogWorker.java:lambda$new$0(132)) - 4c0483b0-36d5-414f-827c-178e4508b211-SegmentedRaftLogWorker:Storage Directory /workdir/hadoop-ozone/integration-test/target/test-dir/MiniOzoneClusterImpl-56fb08d0-7159-4344-a66c-a968ad0a645c/datanode-5/data/ratis/85d148f1-0cd7-4c9d-97b9-bdb8ca445bfa: flushIndex: setUnconditionally 0 -> -1
2019-07-29 13:10:50,868 INFO  server.RaftServerConfigKeys (ConfUtils.java:logGet(43)) - raft.server.snapshot.auto.trigger.enabled = true (custom)
2019-07-29 13:10:50,868 INFO  server.RaftServerConfigKeys (ConfUtils.java:logGet(43)) - raft.server.snapshot.auto.trigger.threshold = 10000 (custom)
2019-07-29 13:10:50,869 INFO  server.RaftServerConfigKeys (ConfUtils.java:logGet(43)) - raft.server.retrycache.expirytime = 600000ms (custom)
2019-07-29 13:10:50,869 INFO  impl.RaftServerImpl (RaftServerImpl.java:start(180)) - 4c0483b0-36d5-414f-827c-178e4508b211: start group-BDB8CA445BFA
2019-07-29 13:10:50,869 INFO  impl.RaftServerImpl (RaftServerImpl.java:setRole(171)) - 4c0483b0-36d5-414f-827c-178e4508b211:group-BDB8CA445BFA changes role from null to FOLLOWER at term 0 for startAsFollower
2019-07-29 13:10:50,869 INFO  impl.RoleInfo (RoleInfo.java:updateAndGet(143)) - 4c0483b0-36d5-414f-827c-178e4508b211: start FollowerState
2019-07-29 13:10:50,871 INFO  util.JmxRegister (JmxRegister.java:tryRegister(44)) - Successfully registered JMX Bean with object name Ratis:service=RaftServer,group=group-BDB8CA445BFA,id=4c0483b0-36d5-414f-827c-178e4508b211
2019-07-29 13:10:50,883 INFO  pipeline.PipelineStateManager (PipelineStateManager.java:addPipeline(56)) - Created pipeline Pipeline[ Id: 85d148f1-0cd7-4c9d-97b9-bdb8ca445bfa, Nodes: 4c0483b0-36d5-414f-827c-178e4508b211{ip: 192.168.157.251, host: byscane-nightly-dxn5b-515312600, networkLocation: /default-rack, certSerialId: null}, Type:RATIS, Factor:ONE, State:OPEN]
2019-07-29 13:10:50,903 INFO  impl.RaftServerProxy (RaftServerProxy.java:addNew(89)) - 24f9dd8b-f327-461b-9edb-beec6c3ef35e: addNew group-963756FE3F49:[24f9dd8b-f327-461b-9edb-beec6c3ef35e:192.168.157.251:33822] returns group-963756FE3F49:java.util.concurrent.CompletableFuture@43a7550b[Not completed]
2019-07-29 13:10:50,911 INFO  impl.RaftServerImpl (RaftServerImpl.java:<init>(93)) - 24f9dd8b-f327-461b-9edb-beec6c3ef35e: new RaftServerImpl for group-963756FE3F49:[24f9dd8b-f327-461b-9edb-beec6c3ef35e:192.168.157.251:33822] with ContainerStateMachine:uninitialized
2019-07-29 13:10:50,911 INFO  server.RaftServerConfigKeys (ConfUtils.java:logGet(43)) - raft.server.rpc.timeout.min = 5s (custom)
2019-07-29 13:10:50,912 INFO  server.RaftServerConfigKeys (ConfUtils.java:logGet(43)) - raft.server.rpc.timeout.max = 5200ms (custom)
2019-07-29 13:10:50,912 INFO  server.RaftServerConfigKeys (ConfUtils.java:logGet(43)) - raft.server.rpcslowness.timeout = 120s (custom)
2019-07-29 13:10:50,912 INFO  server.RaftServerConfigKeys (ConfUtils.java:logGet(43)) - raft.server.sleep.deviation.threshold = 300 (default)
2019-07-29 13:10:50,912 INFO  server.RaftServerConfigKeys (ConfUtils.java:logGet(43)) - raft.server.log.appender.install.snapshot.enabled = false (custom)
2019-07-29 13:10:50,912 INFO  impl.RaftServerImpl (ServerState.java:<init>(105)) - 24f9dd8b-f327-461b-9edb-beec6c3ef35e:group-963756FE3F49 ConfigurationManager, init=-1: [24f9dd8b-f327-461b-9edb-beec6c3ef35e:192.168.157.251:33822], old=null, confs=<EMPTY_MAP>
2019-07-29 13:10:50,913 INFO  server.RaftServerConfigKeys (ConfUtils.java:logGet(43)) - raft.server.storage.dir = [/workdir/hadoop-ozone/integration-test/target/test-dir/MiniOzoneClusterImpl-56fb08d0-7159-4344-a66c-a968ad0a645c/datanode-1/data/ratis] (custom)
2019-07-29 13:10:50,913 INFO  storage.RaftStorageDirectory (RaftStorageDirectory.java:analyzeStorage(246)) - The storage directory /workdir/hadoop-ozone/integration-test/target/test-dir/MiniOzoneClusterImpl-56fb08d0-7159-4344-a66c-a968ad0a645c/datanode-1/data/ratis/97505e91-ee6d-4465-b019-963756fe3f49 does not exist. Creating ...
2019-07-29 13:10:50,926 INFO  storage.RaftStorageDirectory (RaftStorageDirectory.java:tryLock(328)) - Lock on /workdir/hadoop-ozone/integration-test/target/test-dir/MiniOzoneClusterImpl-56fb08d0-7159-4344-a66c-a968ad0a645c/datanode-1/data/ratis/97505e91-ee6d-4465-b019-963756fe3f49/in_use.lock acquired by nodename 2374@byscane-nightly-dxn5b-515312600
2019-07-29 13:10:50,939 INFO  storage.RaftStorage (RaftStorage.java:format(72)) - Storage directory /workdir/hadoop-ozone/integration-test/target/test-dir/MiniOzoneClusterImpl-56fb08d0-7159-4344-a66c-a968ad0a645c/datanode-1/data/ratis/97505e91-ee6d-4465-b019-963756fe3f49 has been successfully formatted.
2019-07-29 13:10:50,939 INFO  ratis.ContainerStateMachine (ContainerStateMachine.java:loadSnapshot(213)) - group-963756FE3F49: The snapshot info is null. Setting the last applied indexto:(t:0, i:~)
2019-07-29 13:10:50,940 INFO  server.RaftServerConfigKeys (ConfUtils.java:logGet(43)) - raft.server.leader.election.timeout = 120s (custom)
2019-07-29 13:10:50,940 INFO  server.RaftServerConfigKeys (ConfUtils.java:logGet(43)) - raft.server.log.use.memory = false (default)
2019-07-29 13:10:50,940 INFO  server.RaftServerConfigKeys (ConfUtils.java:logGet(43)) - raft.server.log.purge.gap = 1000000000 (custom)
2019-07-29 13:10:50,940 INFO  server.RaftServerConfigKeys (ConfUtils.java:logGet(43)) - raft.server.log.appender.buffer.byte-limit = 33554432 (custom)
2019-07-29 13:10:50,940 INFO  server.RaftServerConfigKeys (ConfUtils.java:logGet(43)) - raft.server.log.segment.size.max = 1048576 (custom)
2019-07-29 13:10:50,941 INFO  server.RaftServerConfigKeys (ConfUtils.java:logGet(43)) - raft.server.log.segment.cache.num.max = 2 (custom)
2019-07-29 13:10:50,941 INFO  segmented.SegmentedRaftLogWorker (SegmentedRaftLogWorker.java:<init>(172)) - new 24f9dd8b-f327-461b-9edb-beec6c3ef35e-SegmentedRaftLogWorker:Storage Directory /workdir/hadoop-ozone/integration-test/target/test-dir/MiniOzoneClusterImpl-56fb08d0-7159-4344-a66c-a968ad0a645c/datanode-1/data/ratis/97505e91-ee6d-4465-b019-963756fe3f49 for RaftStorage:Storage Directory /workdir/hadoop-ozone/integration-test/target/test-dir/MiniOzoneClusterImpl-56fb08d0-7159-4344-a66c-a968ad0a645c/datanode-1/data/ratis/97505e91-ee6d-4465-b019-963756fe3f49
2019-07-29 13:10:50,941 INFO  server.RaftServerConfigKeys (ConfUtils.java:logGet(43)) - raft.server.log.queue.byte-limit = 2147483647 (custom)
2019-07-29 13:10:50,941 INFO  server.RaftServerConfigKeys (ConfUtils.java:logGet(43)) - raft.server.log.queue.element-limit = 1024 (custom)
2019-07-29 13:10:50,941 INFO  server.RaftServerConfigKeys (ConfUtils.java:logGet(43)) - raft.server.log.segment.size.max = 1048576 (custom)
2019-07-29 13:10:50,942 INFO  server.RaftServerConfigKeys (ConfUtils.java:logGet(43)) - raft.server.log.preallocated.size = 16384 (custom)
2019-07-29 13:10:50,942 INFO  server.RaftServerConfigKeys (ConfUtils.java:logGet(43)) - raft.server.log.write.buffer.size = 33554432 (custom)
2019-07-29 13:10:50,942 INFO  server.RaftServerConfigKeys (ConfUtils.java:logGet(43)) - raft.server.log.force.sync.num = 128 (default)
2019-07-29 13:10:50,942 INFO  server.RaftServerConfigKeys (ConfUtils.java:logGet(43)) - raft.server.log.statemachine.data.sync = true (default)
2019-07-29 13:10:50,942 INFO  server.RaftServerConfigKeys (ConfUtils.java:logGet(43)) - raft.server.log.statemachine.data.sync.timeout = 10s (default)
2019-07-29 13:10:50,942 INFO  server.RaftServerConfigKeys (ConfUtils.java:logGet(43)) - raft.server.log.statemachine.data.sync.timeout.retry = -1 (default)
2019-07-29 13:10:50,943 INFO  server.RaftServerConfigKeys (ConfUtils.java:logGet(43)) - raft.server.log.statemachine.data.caching.enabled = true (custom)
2019-07-29 13:10:50,943 INFO  segmented.SegmentedRaftLogWorker (SegmentedRaftLogWorker.java:lambda$new$0(132)) - 24f9dd8b-f327-461b-9edb-beec6c3ef35e-SegmentedRaftLogWorker:Storage Directory /workdir/hadoop-ozone/integration-test/target/test-dir/MiniOzoneClusterImpl-56fb08d0-7159-4344-a66c-a968ad0a645c/datanode-1/data/ratis/97505e91-ee6d-4465-b019-963756fe3f49: flushIndex: setUnconditionally 0 -> -1
2019-07-29 13:10:50,944 INFO  server.RaftServerConfigKeys (ConfUtils.java:logGet(43)) - raft.server.snapshot.auto.trigger.enabled = true (custom)
2019-07-29 13:10:50,944 INFO  server.RaftServerConfigKeys (ConfUtils.java:logGet(43)) - raft.server.snapshot.auto.trigger.threshold = 10000 (custom)
2019-07-29 13:10:50,944 INFO  server.RaftServerConfigKeys (ConfUtils.java:logGet(43)) - raft.server.retrycache.expirytime = 600000ms (custom)
2019-07-29 13:10:50,944 INFO  impl.RaftServerImpl (RaftServerImpl.java:start(180)) - 24f9dd8b-f327-461b-9edb-beec6c3ef35e: start group-963756FE3F49
2019-07-29 13:10:50,944 INFO  impl.RaftServerImpl (RaftServerImpl.java:setRole(171)) - 24f9dd8b-f327-461b-9edb-beec6c3ef35e:group-963756FE3F49 changes role from null to FOLLOWER at term 0 for startAsFollower
2019-07-29 13:10:50,945 INFO  impl.RoleInfo (RoleInfo.java:updateAndGet(143)) - 24f9dd8b-f327-461b-9edb-beec6c3ef35e: start FollowerState
2019-07-29 13:10:50,945 INFO  util.JmxRegister (JmxRegister.java:tryRegister(44)) - Successfully registered JMX Bean with object name Ratis:service=RaftServer,group=group-963756FE3F49,id=24f9dd8b-f327-461b-9edb-beec6c3ef35e
2019-07-29 13:10:50,958 INFO  pipeline.PipelineStateManager (PipelineStateManager.java:addPipeline(56)) - Created pipeline Pipeline[ Id: 97505e91-ee6d-4465-b019-963756fe3f49, Nodes: 24f9dd8b-f327-461b-9edb-beec6c3ef35e{ip: 192.168.157.251, host: byscane-nightly-dxn5b-515312600, networkLocation: /default-rack, certSerialId: null}, Type:RATIS, Factor:ONE, State:OPEN]
2019-07-29 13:10:50,991 INFO  impl.RaftServerProxy (RaftServerProxy.java:addNew(89)) - 1bf30d03-7857-47e7-b118-8993854fbf0d: addNew group-489884B4E3EB:[1bf30d03-7857-47e7-b118-8993854fbf0d:192.168.157.251:43148] returns group-489884B4E3EB:java.util.concurrent.CompletableFuture@7a05b3cf[Not completed]
2019-07-29 13:10:50,993 INFO  impl.RaftServerImpl (RaftServerImpl.java:<init>(93)) - 1bf30d03-7857-47e7-b118-8993854fbf0d: new RaftServerImpl for group-489884B4E3EB:[1bf30d03-7857-47e7-b118-8993854fbf0d:192.168.157.251:43148] with ContainerStateMachine:uninitialized
2019-07-29 13:10:50,993 INFO  server.RaftServerConfigKeys (ConfUtils.java:logGet(43)) - raft.server.rpc.timeout.min = 5s (custom)
2019-07-29 13:10:50,993 INFO  server.RaftServerConfigKeys (ConfUtils.java:logGet(43)) - raft.server.rpc.timeout.max = 5200ms (custom)
2019-07-29 13:10:50,994 INFO  server.RaftServerConfigKeys (ConfUtils.java:logGet(43)) - raft.server.rpcslowness.timeout = 120s (custom)
2019-07-29 13:10:50,994 INFO  server.RaftServerConfigKeys (ConfUtils.java:logGet(43)) - raft.server.sleep.deviation.threshold = 300 (default)
2019-07-29 13:10:50,994 INFO  server.RaftServerConfigKeys (ConfUtils.java:logGet(43)) - raft.server.log.appender.install.snapshot.enabled = false (custom)
2019-07-29 13:10:50,994 INFO  impl.RaftServerImpl (ServerState.java:<init>(105)) - 1bf30d03-7857-47e7-b118-8993854fbf0d:group-489884B4E3EB ConfigurationManager, init=-1: [1bf30d03-7857-47e7-b118-8993854fbf0d:192.168.157.251:43148], old=null, confs=<EMPTY_MAP>
2019-07-29 13:10:50,994 INFO  server.RaftServerConfigKeys (ConfUtils.java:logGet(43)) - raft.server.storage.dir = [/workdir/hadoop-ozone/integration-test/target/test-dir/MiniOzoneClusterImpl-56fb08d0-7159-4344-a66c-a968ad0a645c/datanode-2/data/ratis] (custom)
2019-07-29 13:10:50,995 INFO  storage.RaftStorageDirectory (RaftStorageDirectory.java:analyzeStorage(246)) - The storage directory /workdir/hadoop-ozone/integration-test/target/test-dir/MiniOzoneClusterImpl-56fb08d0-7159-4344-a66c-a968ad0a645c/datanode-2/data/ratis/6ddd4fb6-eb43-4de3-a96d-489884b4e3eb does not exist. Creating ...
2019-07-29 13:10:51,007 INFO  storage.RaftStorageDirectory (RaftStorageDirectory.java:tryLock(328)) - Lock on /workdir/hadoop-ozone/integration-test/target/test-dir/MiniOzoneClusterImpl-56fb08d0-7159-4344-a66c-a968ad0a645c/datanode-2/data/ratis/6ddd4fb6-eb43-4de3-a96d-489884b4e3eb/in_use.lock acquired by nodename 2374@byscane-nightly-dxn5b-515312600
2019-07-29 13:10:51,020 INFO  storage.RaftStorage (RaftStorage.java:format(72)) - Storage directory /workdir/hadoop-ozone/integration-test/target/test-dir/MiniOzoneClusterImpl-56fb08d0-7159-4344-a66c-a968ad0a645c/datanode-2/data/ratis/6ddd4fb6-eb43-4de3-a96d-489884b4e3eb has been successfully formatted.
2019-07-29 13:10:51,020 INFO  ratis.ContainerStateMachine (ContainerStateMachine.java:loadSnapshot(213)) - group-489884B4E3EB: The snapshot info is null. Setting the last applied indexto:(t:0, i:~)
2019-07-29 13:10:51,020 INFO  server.RaftServerConfigKeys (ConfUtils.java:logGet(43)) - raft.server.leader.election.timeout = 120s (custom)
2019-07-29 13:10:51,021 INFO  server.RaftServerConfigKeys (ConfUtils.java:logGet(43)) - raft.server.log.use.memory = false (default)
2019-07-29 13:10:51,021 INFO  server.RaftServerConfigKeys (ConfUtils.java:logGet(43)) - raft.server.log.purge.gap = 1000000000 (custom)
2019-07-29 13:10:51,021 INFO  server.RaftServerConfigKeys (ConfUtils.java:logGet(43)) - raft.server.log.appender.buffer.byte-limit = 33554432 (custom)
2019-07-29 13:10:51,021 INFO  server.RaftServerConfigKeys (ConfUtils.java:logGet(43)) - raft.server.log.segment.size.max = 1048576 (custom)
2019-07-29 13:10:51,021 INFO  server.RaftServerConfigKeys (ConfUtils.java:logGet(43)) - raft.server.log.segment.cache.num.max = 2 (custom)
2019-07-29 13:10:51,022 INFO  segmented.SegmentedRaftLogWorker (SegmentedRaftLogWorker.java:<init>(172)) - new 1bf30d03-7857-47e7-b118-8993854fbf0d-SegmentedRaftLogWorker:Storage Directory /workdir/hadoop-ozone/integration-test/target/test-dir/MiniOzoneClusterImpl-56fb08d0-7159-4344-a66c-a968ad0a645c/datanode-2/data/ratis/6ddd4fb6-eb43-4de3-a96d-489884b4e3eb for RaftStorage:Storage Directory /workdir/hadoop-ozone/integration-test/target/test-dir/MiniOzoneClusterImpl-56fb08d0-7159-4344-a66c-a968ad0a645c/datanode-2/data/ratis/6ddd4fb6-eb43-4de3-a96d-489884b4e3eb
2019-07-29 13:10:51,022 INFO  server.RaftServerConfigKeys (ConfUtils.java:logGet(43)) - raft.server.log.queue.byte-limit = 2147483647 (custom)
2019-07-29 13:10:51,022 INFO  server.RaftServerConfigKeys (ConfUtils.java:logGet(43)) - raft.server.log.queue.element-limit = 1024 (custom)
2019-07-29 13:10:51,022 INFO  server.RaftServerConfigKeys (ConfUtils.java:logGet(43)) - raft.server.log.segment.size.max = 1048576 (custom)
2019-07-29 13:10:51,022 INFO  server.RaftServerConfigKeys (ConfUtils.java:logGet(43)) - raft.server.log.preallocated.size = 16384 (custom)
2019-07-29 13:10:51,023 INFO  server.RaftServerConfigKeys (ConfUtils.java:logGet(43)) - raft.server.log.write.buffer.size = 33554432 (custom)
2019-07-29 13:10:51,023 INFO  server.RaftServerConfigKeys (ConfUtils.java:logGet(43)) - raft.server.log.force.sync.num = 128 (default)
2019-07-29 13:10:51,023 INFO  server.RaftServerConfigKeys (ConfUtils.java:logGet(43)) - raft.server.log.statemachine.data.sync = true (default)
2019-07-29 13:10:51,023 INFO  server.RaftServerConfigKeys (ConfUtils.java:logGet(43)) - raft.server.log.statemachine.data.sync.timeout = 10s (default)
2019-07-29 13:10:51,023 INFO  server.RaftServerConfigKeys (ConfUtils.java:logGet(43)) - raft.server.log.statemachine.data.sync.timeout.retry = -1 (default)
2019-07-29 13:10:51,024 INFO  server.RaftServerConfigKeys (ConfUtils.java:logGet(43)) - raft.server.log.statemachine.data.caching.enabled = true (custom)
2019-07-29 13:10:51,024 INFO  segmented.SegmentedRaftLogWorker (SegmentedRaftLogWorker.java:lambda$new$0(132)) - 1bf30d03-7857-47e7-b118-8993854fbf0d-SegmentedRaftLogWorker:Storage Directory /workdir/hadoop-ozone/integration-test/target/test-dir/MiniOzoneClusterImpl-56fb08d0-7159-4344-a66c-a968ad0a645c/datanode-2/data/ratis/6ddd4fb6-eb43-4de3-a96d-489884b4e3eb: flushIndex: setUnconditionally 0 -> -1
2019-07-29 13:10:51,024 INFO  server.RaftServerConfigKeys (ConfUtils.java:logGet(43)) - raft.server.snapshot.auto.trigger.enabled = true (custom)
2019-07-29 13:10:51,025 INFO  server.RaftServerConfigKeys (ConfUtils.java:logGet(43)) - raft.server.snapshot.auto.trigger.threshold = 10000 (custom)
2019-07-29 13:10:51,025 INFO  server.RaftServerConfigKeys (ConfUtils.java:logGet(43)) - raft.server.retrycache.expirytime = 600000ms (custom)
2019-07-29 13:10:51,025 INFO  impl.RaftServerImpl (RaftServerImpl.java:start(180)) - 1bf30d03-7857-47e7-b118-8993854fbf0d: start group-489884B4E3EB
2019-07-29 13:10:51,025 INFO  impl.RaftServerImpl (RaftServerImpl.java:setRole(171)) - 1bf30d03-7857-47e7-b118-8993854fbf0d:group-489884B4E3EB changes role from null to FOLLOWER at term 0 for startAsFollower
2019-07-29 13:10:51,026 INFO  impl.RoleInfo (RoleInfo.java:updateAndGet(143)) - 1bf30d03-7857-47e7-b118-8993854fbf0d: start FollowerState
2019-07-29 13:10:51,026 INFO  util.JmxRegister (JmxRegister.java:tryRegister(44)) - Successfully registered JMX Bean with object name Ratis:service=RaftServer,group=group-489884B4E3EB,id=1bf30d03-7857-47e7-b118-8993854fbf0d
2019-07-29 13:10:51,039 INFO  pipeline.PipelineStateManager (PipelineStateManager.java:addPipeline(56)) - Created pipeline Pipeline[ Id: 6ddd4fb6-eb43-4de3-a96d-489884b4e3eb, Nodes: 1bf30d03-7857-47e7-b118-8993854fbf0d{ip: 192.168.157.251, host: byscane-nightly-dxn5b-515312600, networkLocation: /default-rack, certSerialId: null}, Type:RATIS, Factor:ONE, State:OPEN]
2019-07-29 13:10:51,063 INFO  impl.RaftServerProxy (RaftServerProxy.java:addNew(89)) - 1634ae85-2e8a-4aeb-94f7-d0cc34871885: addNew group-8D8D90EB4BA0:[1634ae85-2e8a-4aeb-94f7-d0cc34871885:192.168.157.251:36476] returns group-8D8D90EB4BA0:java.util.concurrent.CompletableFuture@4dfd0ca0[Not completed]
2019-07-29 13:10:51,066 INFO  impl.RaftServerImpl (RaftServerImpl.java:<init>(93)) - 1634ae85-2e8a-4aeb-94f7-d0cc34871885: new RaftServerImpl for group-8D8D90EB4BA0:[1634ae85-2e8a-4aeb-94f7-d0cc34871885:192.168.157.251:36476] with ContainerStateMachine:uninitialized
2019-07-29 13:10:51,066 INFO  server.RaftServerConfigKeys (ConfUtils.java:logGet(43)) - raft.server.rpc.timeout.min = 5s (custom)
2019-07-29 13:10:51,067 INFO  server.RaftServerConfigKeys (ConfUtils.java:logGet(43)) - raft.server.rpc.timeout.max = 5200ms (custom)
2019-07-29 13:10:51,067 INFO  server.RaftServerConfigKeys (ConfUtils.java:logGet(43)) - raft.server.rpcslowness.timeout = 120s (custom)
2019-07-29 13:10:51,067 INFO  server.RaftServerConfigKeys (ConfUtils.java:logGet(43)) - raft.server.sleep.deviation.threshold = 300 (default)
2019-07-29 13:10:51,067 INFO  server.RaftServerConfigKeys (ConfUtils.java:logGet(43)) - raft.server.log.appender.install.snapshot.enabled = false (custom)
2019-07-29 13:10:51,067 INFO  impl.RaftServerImpl (ServerState.java:<init>(105)) - 1634ae85-2e8a-4aeb-94f7-d0cc34871885:group-8D8D90EB4BA0 ConfigurationManager, init=-1: [1634ae85-2e8a-4aeb-94f7-d0cc34871885:192.168.157.251:36476], old=null, confs=<EMPTY_MAP>
2019-07-29 13:10:51,068 INFO  server.RaftServerConfigKeys (ConfUtils.java:logGet(43)) - raft.server.storage.dir = [/workdir/hadoop-ozone/integration-test/target/test-dir/MiniOzoneClusterImpl-56fb08d0-7159-4344-a66c-a968ad0a645c/datanode-3/data/ratis] (custom)
2019-07-29 13:10:51,068 INFO  storage.RaftStorageDirectory (RaftStorageDirectory.java:analyzeStorage(246)) - The storage directory /workdir/hadoop-ozone/integration-test/target/test-dir/MiniOzoneClusterImpl-56fb08d0-7159-4344-a66c-a968ad0a645c/datanode-3/data/ratis/88925281-b93d-4ab3-9364-8d8d90eb4ba0 does not exist. Creating ...
2019-07-29 13:10:51,081 INFO  storage.RaftStorageDirectory (RaftStorageDirectory.java:tryLock(328)) - Lock on /workdir/hadoop-ozone/integration-test/target/test-dir/MiniOzoneClusterImpl-56fb08d0-7159-4344-a66c-a968ad0a645c/datanode-3/data/ratis/88925281-b93d-4ab3-9364-8d8d90eb4ba0/in_use.lock acquired by nodename 2374@byscane-nightly-dxn5b-515312600
2019-07-29 13:10:51,095 INFO  storage.RaftStorage (RaftStorage.java:format(72)) - Storage directory /workdir/hadoop-ozone/integration-test/target/test-dir/MiniOzoneClusterImpl-56fb08d0-7159-4344-a66c-a968ad0a645c/datanode-3/data/ratis/88925281-b93d-4ab3-9364-8d8d90eb4ba0 has been successfully formatted.
2019-07-29 13:10:51,095 INFO  ratis.ContainerStateMachine (ContainerStateMachine.java:loadSnapshot(213)) - group-8D8D90EB4BA0: The snapshot info is null. Setting the last applied indexto:(t:0, i:~)
2019-07-29 13:10:51,096 INFO  server.RaftServerConfigKeys (ConfUtils.java:logGet(43)) - raft.server.leader.election.timeout = 120s (custom)
2019-07-29 13:10:51,096 INFO  server.RaftServerConfigKeys (ConfUtils.java:logGet(43)) - raft.server.log.use.memory = false (default)
2019-07-29 13:10:51,096 INFO  server.RaftServerConfigKeys (ConfUtils.java:logGet(43)) - raft.server.log.purge.gap = 1000000000 (custom)
2019-07-29 13:10:51,096 INFO  server.RaftServerConfigKeys (ConfUtils.java:logGet(43)) - raft.server.log.appender.buffer.byte-limit = 33554432 (custom)
2019-07-29 13:10:51,096 INFO  server.RaftServerConfigKeys (ConfUtils.java:logGet(43)) - raft.server.log.segment.size.max = 1048576 (custom)
2019-07-29 13:10:51,097 INFO  server.RaftServerConfigKeys (ConfUtils.java:logGet(43)) - raft.server.log.segment.cache.num.max = 2 (custom)
2019-07-29 13:10:51,097 INFO  segmented.SegmentedRaftLogWorker (SegmentedRaftLogWorker.java:<init>(172)) - new 1634ae85-2e8a-4aeb-94f7-d0cc34871885-SegmentedRaftLogWorker:Storage Directory /workdir/hadoop-ozone/integration-test/target/test-dir/MiniOzoneClusterImpl-56fb08d0-7159-4344-a66c-a968ad0a645c/datanode-3/data/ratis/88925281-b93d-4ab3-9364-8d8d90eb4ba0 for RaftStorage:Storage Directory /workdir/hadoop-ozone/integration-test/target/test-dir/MiniOzoneClusterImpl-56fb08d0-7159-4344-a66c-a968ad0a645c/datanode-3/data/ratis/88925281-b93d-4ab3-9364-8d8d90eb4ba0
2019-07-29 13:10:51,097 INFO  server.RaftServerConfigKeys (ConfUtils.java:logGet(43)) - raft.server.log.queue.byte-limit = 2147483647 (custom)
2019-07-29 13:10:51,097 INFO  server.RaftServerConfigKeys (ConfUtils.java:logGet(43)) - raft.server.log.queue.element-limit = 1024 (custom)
2019-07-29 13:10:51,098 INFO  server.RaftServerConfigKeys (ConfUtils.java:logGet(43)) - raft.server.log.segment.size.max = 1048576 (custom)
2019-07-29 13:10:51,098 INFO  server.RaftServerConfigKeys (ConfUtils.java:logGet(43)) - raft.server.log.preallocated.size = 16384 (custom)
2019-07-29 13:10:51,098 INFO  server.RaftServerConfigKeys (ConfUtils.java:logGet(43)) - raft.server.log.write.buffer.size = 33554432 (custom)
2019-07-29 13:10:51,098 INFO  server.RaftServerConfigKeys (ConfUtils.java:logGet(43)) - raft.server.log.force.sync.num = 128 (default)
2019-07-29 13:10:51,098 INFO  server.RaftServerConfigKeys (ConfUtils.java:logGet(43)) - raft.server.log.statemachine.data.sync = true (default)
2019-07-29 13:10:51,098 INFO  server.RaftServerConfigKeys (ConfUtils.java:logGet(43)) - raft.server.log.statemachine.data.sync.timeout = 10s (default)
2019-07-29 13:10:51,099 INFO  server.RaftServerConfigKeys (ConfUtils.java:logGet(43)) - raft.server.log.statemachine.data.sync.timeout.retry = -1 (default)
2019-07-29 13:10:51,099 INFO  server.RaftServerConfigKeys (ConfUtils.java:logGet(43)) - raft.server.log.statemachine.data.caching.enabled = true (custom)
2019-07-29 13:10:51,099 INFO  segmented.SegmentedRaftLogWorker (SegmentedRaftLogWorker.java:lambda$new$0(132)) - 1634ae85-2e8a-4aeb-94f7-d0cc34871885-SegmentedRaftLogWorker:Storage Directory /workdir/hadoop-ozone/integration-test/target/test-dir/MiniOzoneClusterImpl-56fb08d0-7159-4344-a66c-a968ad0a645c/datanode-3/data/ratis/88925281-b93d-4ab3-9364-8d8d90eb4ba0: flushIndex: setUnconditionally 0 -> -1
2019-07-29 13:10:51,100 INFO  server.RaftServerConfigKeys (ConfUtils.java:logGet(43)) - raft.server.snapshot.auto.trigger.enabled = true (custom)
2019-07-29 13:10:51,100 INFO  server.RaftServerConfigKeys (ConfUtils.java:logGet(43)) - raft.server.snapshot.auto.trigger.threshold = 10000 (custom)
2019-07-29 13:10:51,100 INFO  server.RaftServerConfigKeys (ConfUtils.java:logGet(43)) - raft.server.retrycache.expirytime = 600000ms (custom)
2019-07-29 13:10:51,101 INFO  impl.RaftServerImpl (RaftServerImpl.java:start(180)) - 1634ae85-2e8a-4aeb-94f7-d0cc34871885: start group-8D8D90EB4BA0
2019-07-29 13:10:51,101 INFO  impl.RaftServerImpl (RaftServerImpl.java:setRole(171)) - 1634ae85-2e8a-4aeb-94f7-d0cc34871885:group-8D8D90EB4BA0 changes role from null to FOLLOWER at term 0 for startAsFollower
2019-07-29 13:10:51,101 INFO  impl.RoleInfo (RoleInfo.java:updateAndGet(143)) - 1634ae85-2e8a-4aeb-94f7-d0cc34871885: start FollowerState
2019-07-29 13:10:51,101 INFO  util.JmxRegister (JmxRegister.java:tryRegister(44)) - Successfully registered JMX Bean with object name Ratis:service=RaftServer,group=group-8D8D90EB4BA0,id=1634ae85-2e8a-4aeb-94f7-d0cc34871885
2019-07-29 13:10:51,115 INFO  pipeline.PipelineStateManager (PipelineStateManager.java:addPipeline(56)) - Created pipeline Pipeline[ Id: 88925281-b93d-4ab3-9364-8d8d90eb4ba0, Nodes: 1634ae85-2e8a-4aeb-94f7-d0cc34871885{ip: 192.168.157.251, host: byscane-nightly-dxn5b-515312600, networkLocation: /default-rack, certSerialId: null}, Type:RATIS, Factor:ONE, State:OPEN]
2019-07-29 13:10:51,140 INFO  impl.RaftServerProxy (RaftServerProxy.java:addNew(89)) - 6a1b5377-3047-4a64-a74e-df6c24957807: addNew group-C982827812A9:[6a1b5377-3047-4a64-a74e-df6c24957807:192.168.157.251:39712] returns group-C982827812A9:java.util.concurrent.CompletableFuture@b9d5d77[Not completed]
2019-07-29 13:10:51,145 INFO  impl.RaftServerImpl (RaftServerImpl.java:<init>(93)) - 6a1b5377-3047-4a64-a74e-df6c24957807: new RaftServerImpl for group-C982827812A9:[6a1b5377-3047-4a64-a74e-df6c24957807:192.168.157.251:39712] with ContainerStateMachine:uninitialized
2019-07-29 13:10:51,145 INFO  server.RaftServerConfigKeys (ConfUtils.java:logGet(43)) - raft.server.rpc.timeout.min = 5s (custom)
2019-07-29 13:10:51,145 INFO  server.RaftServerConfigKeys (ConfUtils.java:logGet(43)) - raft.server.rpc.timeout.max = 5200ms (custom)
2019-07-29 13:10:51,145 INFO  server.RaftServerConfigKeys (ConfUtils.java:logGet(43)) - raft.server.rpcslowness.timeout = 120s (custom)
2019-07-29 13:10:51,146 INFO  server.RaftServerConfigKeys (ConfUtils.java:logGet(43)) - raft.server.sleep.deviation.threshold = 300 (default)
2019-07-29 13:10:51,146 INFO  server.RaftServerConfigKeys (ConfUtils.java:logGet(43)) - raft.server.log.appender.install.snapshot.enabled = false (custom)
2019-07-29 13:10:51,146 INFO  impl.RaftServerImpl (ServerState.java:<init>(105)) - 6a1b5377-3047-4a64-a74e-df6c24957807:group-C982827812A9 ConfigurationManager, init=-1: [6a1b5377-3047-4a64-a74e-df6c24957807:192.168.157.251:39712], old=null, confs=<EMPTY_MAP>
2019-07-29 13:10:51,146 INFO  server.RaftServerConfigKeys (ConfUtils.java:logGet(43)) - raft.server.storage.dir = [/workdir/hadoop-ozone/integration-test/target/test-dir/MiniOzoneClusterImpl-56fb08d0-7159-4344-a66c-a968ad0a645c/datanode-4/data/ratis] (custom)
2019-07-29 13:10:51,147 INFO  storage.RaftStorageDirectory (RaftStorageDirectory.java:analyzeStorage(246)) - The storage directory /workdir/hadoop-ozone/integration-test/target/test-dir/MiniOzoneClusterImpl-56fb08d0-7159-4344-a66c-a968ad0a645c/datanode-4/data/ratis/f600f0b9-3bdd-473e-8a76-c982827812a9 does not exist. Creating ...
2019-07-29 13:10:51,160 INFO  storage.RaftStorageDirectory (RaftStorageDirectory.java:tryLock(328)) - Lock on /workdir/hadoop-ozone/integration-test/target/test-dir/MiniOzoneClusterImpl-56fb08d0-7159-4344-a66c-a968ad0a645c/datanode-4/data/ratis/f600f0b9-3bdd-473e-8a76-c982827812a9/in_use.lock acquired by nodename 2374@byscane-nightly-dxn5b-515312600
2019-07-29 13:10:51,173 INFO  storage.RaftStorage (RaftStorage.java:format(72)) - Storage directory /workdir/hadoop-ozone/integration-test/target/test-dir/MiniOzoneClusterImpl-56fb08d0-7159-4344-a66c-a968ad0a645c/datanode-4/data/ratis/f600f0b9-3bdd-473e-8a76-c982827812a9 has been successfully formatted.
2019-07-29 13:10:51,174 INFO  ratis.ContainerStateMachine (ContainerStateMachine.java:loadSnapshot(213)) - group-C982827812A9: The snapshot info is null. Setting the last applied indexto:(t:0, i:~)
2019-07-29 13:10:51,174 INFO  server.RaftServerConfigKeys (ConfUtils.java:logGet(43)) - raft.server.leader.election.timeout = 120s (custom)
2019-07-29 13:10:51,174 INFO  server.RaftServerConfigKeys (ConfUtils.java:logGet(43)) - raft.server.log.use.memory = false (default)
2019-07-29 13:10:51,174 INFO  server.RaftServerConfigKeys (ConfUtils.java:logGet(43)) - raft.server.log.purge.gap = 1000000000 (custom)
2019-07-29 13:10:51,175 INFO  server.RaftServerConfigKeys (ConfUtils.java:logGet(43)) - raft.server.log.appender.buffer.byte-limit = 33554432 (custom)
2019-07-29 13:10:51,175 INFO  server.RaftServerConfigKeys (ConfUtils.java:logGet(43)) - raft.server.log.segment.size.max = 1048576 (custom)
2019-07-29 13:10:51,175 INFO  server.RaftServerConfigKeys (ConfUtils.java:logGet(43)) - raft.server.log.segment.cache.num.max = 2 (custom)
2019-07-29 13:10:51,175 INFO  segmented.SegmentedRaftLogWorker (SegmentedRaftLogWorker.java:<init>(172)) - new 6a1b5377-3047-4a64-a74e-df6c24957807-SegmentedRaftLogWorker:Storage Directory /workdir/hadoop-ozone/integration-test/target/test-dir/MiniOzoneClusterImpl-56fb08d0-7159-4344-a66c-a968ad0a645c/datanode-4/data/ratis/f600f0b9-3bdd-473e-8a76-c982827812a9 for RaftStorage:Storage Directory /workdir/hadoop-ozone/integration-test/target/test-dir/MiniOzoneClusterImpl-56fb08d0-7159-4344-a66c-a968ad0a645c/datanode-4/data/ratis/f600f0b9-3bdd-473e-8a76-c982827812a9
2019-07-29 13:10:51,175 INFO  server.RaftServerConfigKeys (ConfUtils.java:logGet(43)) - raft.server.log.queue.byte-limit = 2147483647 (custom)
2019-07-29 13:10:51,175 INFO  server.RaftServerConfigKeys (ConfUtils.java:logGet(43)) - raft.server.log.queue.element-limit = 1024 (custom)
2019-07-29 13:10:51,176 INFO  server.RaftServerConfigKeys (ConfUtils.java:logGet(43)) - raft.server.log.segment.size.max = 1048576 (custom)
2019-07-29 13:10:51,176 INFO  server.RaftServerConfigKeys (ConfUtils.java:logGet(43)) - raft.server.log.preallocated.size = 16384 (custom)
2019-07-29 13:10:51,176 INFO  server.RaftServerConfigKeys (ConfUtils.java:logGet(43)) - raft.server.log.write.buffer.size = 33554432 (custom)
2019-07-29 13:10:51,176 INFO  server.RaftServerConfigKeys (ConfUtils.java:logGet(43)) - raft.server.log.force.sync.num = 128 (default)
2019-07-29 13:10:51,176 INFO  server.RaftServerConfigKeys (ConfUtils.java:logGet(43)) - raft.server.log.statemachine.data.sync = true (default)
2019-07-29 13:10:51,177 INFO  server.RaftServerConfigKeys (ConfUtils.java:logGet(43)) - raft.server.log.statemachine.data.sync.timeout = 10s (default)
2019-07-29 13:10:51,177 INFO  server.RaftServerConfigKeys (ConfUtils.java:logGet(43)) - raft.server.log.statemachine.data.sync.timeout.retry = -1 (default)
2019-07-29 13:10:51,177 INFO  server.RaftServerConfigKeys (ConfUtils.java:logGet(43)) - raft.server.log.statemachine.data.caching.enabled = true (custom)
2019-07-29 13:10:51,177 INFO  segmented.SegmentedRaftLogWorker (SegmentedRaftLogWorker.java:lambda$new$0(132)) - 6a1b5377-3047-4a64-a74e-df6c24957807-SegmentedRaftLogWorker:Storage Directory /workdir/hadoop-ozone/integration-test/target/test-dir/MiniOzoneClusterImpl-56fb08d0-7159-4344-a66c-a968ad0a645c/datanode-4/data/ratis/f600f0b9-3bdd-473e-8a76-c982827812a9: flushIndex: setUnconditionally 0 -> -1
2019-07-29 13:10:51,178 INFO  server.RaftServerConfigKeys (ConfUtils.java:logGet(43)) - raft.server.snapshot.auto.trigger.enabled = true (custom)
2019-07-29 13:10:51,178 INFO  server.RaftServerConfigKeys (ConfUtils.java:logGet(43)) - raft.server.snapshot.auto.trigger.threshold = 10000 (custom)
2019-07-29 13:10:51,178 INFO  server.RaftServerConfigKeys (ConfUtils.java:logGet(43)) - raft.server.retrycache.expirytime = 600000ms (custom)
2019-07-29 13:10:51,178 INFO  impl.RaftServerImpl (RaftServerImpl.java:start(180)) - 6a1b5377-3047-4a64-a74e-df6c24957807: start group-C982827812A9
2019-07-29 13:10:51,179 INFO  impl.RaftServerImpl (RaftServerImpl.java:setRole(171)) - 6a1b5377-3047-4a64-a74e-df6c24957807:group-C982827812A9 changes role from null to FOLLOWER at term 0 for startAsFollower
2019-07-29 13:10:51,179 INFO  impl.RoleInfo (RoleInfo.java:updateAndGet(143)) - 6a1b5377-3047-4a64-a74e-df6c24957807: start FollowerState
2019-07-29 13:10:51,179 INFO  util.JmxRegister (JmxRegister.java:tryRegister(44)) - Successfully registered JMX Bean with object name Ratis:service=RaftServer,group=group-C982827812A9,id=6a1b5377-3047-4a64-a74e-df6c24957807
2019-07-29 13:10:51,190 INFO  pipeline.PipelineStateManager (PipelineStateManager.java:addPipeline(56)) - Created pipeline Pipeline[ Id: f600f0b9-3bdd-473e-8a76-c982827812a9, Nodes: 6a1b5377-3047-4a64-a74e-df6c24957807{ip: 192.168.157.251, host: byscane-nightly-dxn5b-515312600, networkLocation: /default-rack, certSerialId: null}, Type:RATIS, Factor:ONE, State:OPEN]
2019-07-29 13:10:51,230 INFO  impl.RaftServerProxy (RaftServerProxy.java:addNew(89)) - 24f9dd8b-f327-461b-9edb-beec6c3ef35e: addNew group-3C5B866695EA:[4c0483b0-36d5-414f-827c-178e4508b211:192.168.157.251:45331, 24f9dd8b-f327-461b-9edb-beec6c3ef35e:192.168.157.251:33822, 1994e695-6ba9-48ba-8457-61d0fd104f6d:192.168.157.251:34946] returns group-3C5B866695EA:java.util.concurrent.CompletableFuture@2b1d73c4[Not completed]
2019-07-29 13:10:51,233 INFO  impl.RaftServerProxy (RaftServerProxy.java:addNew(89)) - 4c0483b0-36d5-414f-827c-178e4508b211: addNew group-3C5B866695EA:[4c0483b0-36d5-414f-827c-178e4508b211:192.168.157.251:45331, 24f9dd8b-f327-461b-9edb-beec6c3ef35e:192.168.157.251:33822, 1994e695-6ba9-48ba-8457-61d0fd104f6d:192.168.157.251:34946] returns group-3C5B866695EA:java.util.concurrent.CompletableFuture@37f5fe58[Not completed]
2019-07-29 13:10:51,233 INFO  impl.RaftServerImpl (RaftServerImpl.java:<init>(93)) - 24f9dd8b-f327-461b-9edb-beec6c3ef35e: new RaftServerImpl for group-3C5B866695EA:[4c0483b0-36d5-414f-827c-178e4508b211:192.168.157.251:45331, 24f9dd8b-f327-461b-9edb-beec6c3ef35e:192.168.157.251:33822, 1994e695-6ba9-48ba-8457-61d0fd104f6d:192.168.157.251:34946] with ContainerStateMachine:uninitialized
2019-07-29 13:10:51,233 INFO  server.RaftServerConfigKeys (ConfUtils.java:logGet(43)) - raft.server.rpc.timeout.min = 5s (custom)
2019-07-29 13:10:51,234 INFO  server.RaftServerConfigKeys (ConfUtils.java:logGet(43)) - raft.server.rpc.timeout.max = 5200ms (custom)
2019-07-29 13:10:51,234 INFO  server.RaftServerConfigKeys (ConfUtils.java:logGet(43)) - raft.server.rpcslowness.timeout = 120s (custom)
2019-07-29 13:10:51,234 INFO  impl.RaftServerImpl (RaftServerImpl.java:<init>(93)) - 4c0483b0-36d5-414f-827c-178e4508b211: new RaftServerImpl for group-3C5B866695EA:[4c0483b0-36d5-414f-827c-178e4508b211:192.168.157.251:45331, 24f9dd8b-f327-461b-9edb-beec6c3ef35e:192.168.157.251:33822, 1994e695-6ba9-48ba-8457-61d0fd104f6d:192.168.157.251:34946] with ContainerStateMachine:uninitialized
2019-07-29 13:10:51,235 INFO  server.RaftServerConfigKeys (ConfUtils.java:logGet(43)) - raft.server.sleep.deviation.threshold = 300 (default)
2019-07-29 13:10:51,235 INFO  server.RaftServerConfigKeys (ConfUtils.java:logGet(43)) - raft.server.rpc.timeout.min = 5s (custom)
2019-07-29 13:10:51,235 INFO  server.RaftServerConfigKeys (ConfUtils.java:logGet(43)) - raft.server.log.appender.install.snapshot.enabled = false (custom)
2019-07-29 13:10:51,236 INFO  server.RaftServerConfigKeys (ConfUtils.java:logGet(43)) - raft.server.rpc.timeout.max = 5200ms (custom)
2019-07-29 13:10:51,236 INFO  impl.RaftServerImpl (ServerState.java:<init>(105)) - 24f9dd8b-f327-461b-9edb-beec6c3ef35e:group-3C5B866695EA ConfigurationManager, init=-1: [4c0483b0-36d5-414f-827c-178e4508b211:192.168.157.251:45331, 24f9dd8b-f327-461b-9edb-beec6c3ef35e:192.168.157.251:33822, 1994e695-6ba9-48ba-8457-61d0fd104f6d:192.168.157.251:34946], old=null, confs=<EMPTY_MAP>
2019-07-29 13:10:51,236 INFO  impl.RaftServerProxy (RaftServerProxy.java:addNew(89)) - 1994e695-6ba9-48ba-8457-61d0fd104f6d: addNew group-3C5B866695EA:[4c0483b0-36d5-414f-827c-178e4508b211:192.168.157.251:45331, 24f9dd8b-f327-461b-9edb-beec6c3ef35e:192.168.157.251:33822, 1994e695-6ba9-48ba-8457-61d0fd104f6d:192.168.157.251:34946] returns group-3C5B866695EA:java.util.concurrent.CompletableFuture@72f766c2[Not completed]
2019-07-29 13:10:51,236 INFO  server.RaftServerConfigKeys (ConfUtils.java:logGet(43)) - raft.server.storage.dir = [/workdir/hadoop-ozone/integration-test/target/test-dir/MiniOzoneClusterImpl-56fb08d0-7159-4344-a66c-a968ad0a645c/datanode-1/data/ratis] (custom)
2019-07-29 13:10:51,236 INFO  server.RaftServerConfigKeys (ConfUtils.java:logGet(43)) - raft.server.rpcslowness.timeout = 120s (custom)
2019-07-29 13:10:51,237 INFO  server.RaftServerConfigKeys (ConfUtils.java:logGet(43)) - raft.server.sleep.deviation.threshold = 300 (default)
2019-07-29 13:10:51,237 INFO  server.RaftServerConfigKeys (ConfUtils.java:logGet(43)) - raft.server.log.appender.install.snapshot.enabled = false (custom)
2019-07-29 13:10:51,237 INFO  storage.RaftStorageDirectory (RaftStorageDirectory.java:analyzeStorage(246)) - The storage directory /workdir/hadoop-ozone/integration-test/target/test-dir/MiniOzoneClusterImpl-56fb08d0-7159-4344-a66c-a968ad0a645c/datanode-1/data/ratis/7301b9e2-ef41-4004-950f-3c5b866695ea does not exist. Creating ...
2019-07-29 13:10:51,237 INFO  impl.RaftServerImpl (ServerState.java:<init>(105)) - 4c0483b0-36d5-414f-827c-178e4508b211:group-3C5B866695EA ConfigurationManager, init=-1: [4c0483b0-36d5-414f-827c-178e4508b211:192.168.157.251:45331, 24f9dd8b-f327-461b-9edb-beec6c3ef35e:192.168.157.251:33822, 1994e695-6ba9-48ba-8457-61d0fd104f6d:192.168.157.251:34946], old=null, confs=<EMPTY_MAP>
2019-07-29 13:10:51,237 INFO  server.RaftServerConfigKeys (ConfUtils.java:logGet(43)) - raft.server.storage.dir = [/workdir/hadoop-ozone/integration-test/target/test-dir/MiniOzoneClusterImpl-56fb08d0-7159-4344-a66c-a968ad0a645c/datanode-5/data/ratis] (custom)
2019-07-29 13:10:51,237 INFO  impl.RaftServerImpl (RaftServerImpl.java:<init>(93)) - 1994e695-6ba9-48ba-8457-61d0fd104f6d: new RaftServerImpl for group-3C5B866695EA:[4c0483b0-36d5-414f-827c-178e4508b211:192.168.157.251:45331, 24f9dd8b-f327-461b-9edb-beec6c3ef35e:192.168.157.251:33822, 1994e695-6ba9-48ba-8457-61d0fd104f6d:192.168.157.251:34946] with ContainerStateMachine:uninitialized
2019-07-29 13:10:51,238 INFO  storage.RaftStorageDirectory (RaftStorageDirectory.java:analyzeStorage(246)) - The storage directory /workdir/hadoop-ozone/integration-test/target/test-dir/MiniOzoneClusterImpl-56fb08d0-7159-4344-a66c-a968ad0a645c/datanode-5/data/ratis/7301b9e2-ef41-4004-950f-3c5b866695ea does not exist. Creating ...
2019-07-29 13:10:51,238 INFO  server.RaftServerConfigKeys (ConfUtils.java:logGet(43)) - raft.server.rpc.timeout.min = 5s (custom)
2019-07-29 13:10:51,238 INFO  server.RaftServerConfigKeys (ConfUtils.java:logGet(43)) - raft.server.rpc.timeout.max = 5200ms (custom)
2019-07-29 13:10:51,238 INFO  server.RaftServerConfigKeys (ConfUtils.java:logGet(43)) - raft.server.rpcslowness.timeout = 120s (custom)
2019-07-29 13:10:51,238 INFO  server.RaftServerConfigKeys (ConfUtils.java:logGet(43)) - raft.server.sleep.deviation.threshold = 300 (default)
2019-07-29 13:10:51,238 INFO  server.RaftServerConfigKeys (ConfUtils.java:logGet(43)) - raft.server.log.appender.install.snapshot.enabled = false (custom)
2019-07-29 13:10:51,239 INFO  impl.RaftServerImpl (ServerState.java:<init>(105)) - 1994e695-6ba9-48ba-8457-61d0fd104f6d:group-3C5B866695EA ConfigurationManager, init=-1: [4c0483b0-36d5-414f-827c-178e4508b211:192.168.157.251:45331, 24f9dd8b-f327-461b-9edb-beec6c3ef35e:192.168.157.251:33822, 1994e695-6ba9-48ba-8457-61d0fd104f6d:192.168.157.251:34946], old=null, confs=<EMPTY_MAP>
2019-07-29 13:10:51,239 INFO  server.RaftServerConfigKeys (ConfUtils.java:logGet(43)) - raft.server.storage.dir = [/workdir/hadoop-ozone/integration-test/target/test-dir/MiniOzoneClusterImpl-56fb08d0-7159-4344-a66c-a968ad0a645c/datanode-0/data/ratis] (custom)
2019-07-29 13:10:51,239 INFO  storage.RaftStorageDirectory (RaftStorageDirectory.java:analyzeStorage(246)) - The storage directory /workdir/hadoop-ozone/integration-test/target/test-dir/MiniOzoneClusterImpl-56fb08d0-7159-4344-a66c-a968ad0a645c/datanode-0/data/ratis/7301b9e2-ef41-4004-950f-3c5b866695ea does not exist. Creating ...
2019-07-29 13:10:51,250 INFO  storage.RaftStorageDirectory (RaftStorageDirectory.java:tryLock(328)) - Lock on /workdir/hadoop-ozone/integration-test/target/test-dir/MiniOzoneClusterImpl-56fb08d0-7159-4344-a66c-a968ad0a645c/datanode-5/data/ratis/7301b9e2-ef41-4004-950f-3c5b866695ea/in_use.lock acquired by nodename 2374@byscane-nightly-dxn5b-515312600
2019-07-29 13:10:51,250 INFO  storage.RaftStorageDirectory (RaftStorageDirectory.java:tryLock(328)) - Lock on /workdir/hadoop-ozone/integration-test/target/test-dir/MiniOzoneClusterImpl-56fb08d0-7159-4344-a66c-a968ad0a645c/datanode-1/data/ratis/7301b9e2-ef41-4004-950f-3c5b866695ea/in_use.lock acquired by nodename 2374@byscane-nightly-dxn5b-515312600
2019-07-29 13:10:51,250 INFO  storage.RaftStorageDirectory (RaftStorageDirectory.java:tryLock(328)) - Lock on /workdir/hadoop-ozone/integration-test/target/test-dir/MiniOzoneClusterImpl-56fb08d0-7159-4344-a66c-a968ad0a645c/datanode-0/data/ratis/7301b9e2-ef41-4004-950f-3c5b866695ea/in_use.lock acquired by nodename 2374@byscane-nightly-dxn5b-515312600
2019-07-29 13:10:51,264 INFO  storage.RaftStorage (RaftStorage.java:format(72)) - Storage directory /workdir/hadoop-ozone/integration-test/target/test-dir/MiniOzoneClusterImpl-56fb08d0-7159-4344-a66c-a968ad0a645c/datanode-1/data/ratis/7301b9e2-ef41-4004-950f-3c5b866695ea has been successfully formatted.
2019-07-29 13:10:51,264 INFO  storage.RaftStorage (RaftStorage.java:format(72)) - Storage directory /workdir/hadoop-ozone/integration-test/target/test-dir/MiniOzoneClusterImpl-56fb08d0-7159-4344-a66c-a968ad0a645c/datanode-0/data/ratis/7301b9e2-ef41-4004-950f-3c5b866695ea has been successfully formatted.
2019-07-29 13:10:51,264 INFO  storage.RaftStorage (RaftStorage.java:format(72)) - Storage directory /workdir/hadoop-ozone/integration-test/target/test-dir/MiniOzoneClusterImpl-56fb08d0-7159-4344-a66c-a968ad0a645c/datanode-5/data/ratis/7301b9e2-ef41-4004-950f-3c5b866695ea has been successfully formatted.
2019-07-29 13:10:51,264 INFO  ratis.ContainerStateMachine (ContainerStateMachine.java:loadSnapshot(213)) - group-3C5B866695EA: The snapshot info is null. Setting the last applied indexto:(t:0, i:~)
2019-07-29 13:10:51,265 INFO  ratis.ContainerStateMachine (ContainerStateMachine.java:loadSnapshot(213)) - group-3C5B866695EA: The snapshot info is null. Setting the last applied indexto:(t:0, i:~)
2019-07-29 13:10:51,265 INFO  ratis.ContainerStateMachine (ContainerStateMachine.java:loadSnapshot(213)) - group-3C5B866695EA: The snapshot info is null. Setting the last applied indexto:(t:0, i:~)
2019-07-29 13:10:51,265 INFO  server.RaftServerConfigKeys (ConfUtils.java:logGet(43)) - raft.server.leader.election.timeout = 120s (custom)
2019-07-29 13:10:51,265 INFO  server.RaftServerConfigKeys (ConfUtils.java:logGet(43)) - raft.server.leader.election.timeout = 120s (custom)
2019-07-29 13:10:51,265 INFO  server.RaftServerConfigKeys (ConfUtils.java:logGet(43)) - raft.server.log.use.memory = false (default)
2019-07-29 13:10:51,265 INFO  server.RaftServerConfigKeys (ConfUtils.java:logGet(43)) - raft.server.leader.election.timeout = 120s (custom)
2019-07-29 13:10:51,265 INFO  server.RaftServerConfigKeys (ConfUtils.java:logGet(43)) - raft.server.log.purge.gap = 1000000000 (custom)
2019-07-29 13:10:51,265 INFO  server.RaftServerConfigKeys (ConfUtils.java:logGet(43)) - raft.server.log.use.memory = false (default)
2019-07-29 13:10:51,266 INFO  server.RaftServerConfigKeys (ConfUtils.java:logGet(43)) - raft.server.log.appender.buffer.byte-limit = 33554432 (custom)
2019-07-29 13:10:51,266 INFO  server.RaftServerConfigKeys (ConfUtils.java:logGet(43)) - raft.server.log.use.memory = false (default)
2019-07-29 13:10:51,266 INFO  server.RaftServerConfigKeys (ConfUtils.java:logGet(43)) - raft.server.log.segment.size.max = 1048576 (custom)
2019-07-29 13:10:51,266 INFO  server.RaftServerConfigKeys (ConfUtils.java:logGet(43)) - raft.server.log.purge.gap = 1000000000 (custom)
2019-07-29 13:10:51,266 INFO  server.RaftServerConfigKeys (ConfUtils.java:logGet(43)) - raft.server.log.segment.cache.num.max = 2 (custom)
2019-07-29 13:10:51,266 INFO  server.RaftServerConfigKeys (ConfUtils.java:logGet(43)) - raft.server.log.purge.gap = 1000000000 (custom)
2019-07-29 13:10:51,266 INFO  segmented.SegmentedRaftLogWorker (SegmentedRaftLogWorker.java:<init>(172)) - new 4c0483b0-36d5-414f-827c-178e4508b211-SegmentedRaftLogWorker:Storage Directory /workdir/hadoop-ozone/integration-test/target/test-dir/MiniOzoneClusterImpl-56fb08d0-7159-4344-a66c-a968ad0a645c/datanode-5/data/ratis/7301b9e2-ef41-4004-950f-3c5b866695ea for RaftStorage:Storage Directory /workdir/hadoop-ozone/integration-test/target/test-dir/MiniOzoneClusterImpl-56fb08d0-7159-4344-a66c-a968ad0a645c/datanode-5/data/ratis/7301b9e2-ef41-4004-950f-3c5b866695ea
2019-07-29 13:10:51,266 INFO  server.RaftServerConfigKeys (ConfUtils.java:logGet(43)) - raft.server.log.appender.buffer.byte-limit = 33554432 (custom)
2019-07-29 13:10:51,267 INFO  server.RaftServerConfigKeys (ConfUtils.java:logGet(43)) - raft.server.log.queue.byte-limit = 2147483647 (custom)
2019-07-29 13:10:51,267 INFO  server.RaftServerConfigKeys (ConfUtils.java:logGet(43)) - raft.server.log.appender.buffer.byte-limit = 33554432 (custom)
2019-07-29 13:10:51,268 INFO  server.RaftServerConfigKeys (ConfUtils.java:logGet(43)) - raft.server.log.queue.element-limit = 1024 (custom)
2019-07-29 13:10:51,268 INFO  server.RaftServerConfigKeys (ConfUtils.java:logGet(43)) - raft.server.log.segment.size.max = 1048576 (custom)
2019-07-29 13:10:51,268 INFO  server.RaftServerConfigKeys (ConfUtils.java:logGet(43)) - raft.server.log.segment.size.max = 1048576 (custom)
2019-07-29 13:10:51,268 INFO  server.RaftServerConfigKeys (ConfUtils.java:logGet(43)) - raft.server.log.segment.size.max = 1048576 (custom)
2019-07-29 13:10:51,269 INFO  server.RaftServerConfigKeys (ConfUtils.java:logGet(43)) - raft.server.log.preallocated.size = 16384 (custom)
2019-07-29 13:10:51,269 INFO  server.RaftServerConfigKeys (ConfUtils.java:logGet(43)) - raft.server.log.segment.cache.num.max = 2 (custom)
2019-07-29 13:10:51,269 INFO  server.RaftServerConfigKeys (ConfUtils.java:logGet(43)) - raft.server.log.write.buffer.size = 33554432 (custom)
2019-07-29 13:10:51,269 INFO  server.RaftServerConfigKeys (ConfUtils.java:logGet(43)) - raft.server.log.segment.cache.num.max = 2 (custom)
2019-07-29 13:10:51,269 INFO  server.RaftServerConfigKeys (ConfUtils.java:logGet(43)) - raft.server.log.force.sync.num = 128 (default)
2019-07-29 13:10:51,269 INFO  segmented.SegmentedRaftLogWorker (SegmentedRaftLogWorker.java:<init>(172)) - new 24f9dd8b-f327-461b-9edb-beec6c3ef35e-SegmentedRaftLogWorker:Storage Directory /workdir/hadoop-ozone/integration-test/target/test-dir/MiniOzoneClusterImpl-56fb08d0-7159-4344-a66c-a968ad0a645c/datanode-1/data/ratis/7301b9e2-ef41-4004-950f-3c5b866695ea for RaftStorage:Storage Directory /workdir/hadoop-ozone/integration-test/target/test-dir/MiniOzoneClusterImpl-56fb08d0-7159-4344-a66c-a968ad0a645c/datanode-1/data/ratis/7301b9e2-ef41-4004-950f-3c5b866695ea
2019-07-29 13:10:51,269 INFO  server.RaftServerConfigKeys (ConfUtils.java:logGet(43)) - raft.server.log.statemachine.data.sync = true (default)
2019-07-29 13:10:51,269 INFO  segmented.SegmentedRaftLogWorker (SegmentedRaftLogWorker.java:<init>(172)) - new 1994e695-6ba9-48ba-8457-61d0fd104f6d-SegmentedRaftLogWorker:Storage Directory /workdir/hadoop-ozone/integration-test/target/test-dir/MiniOzoneClusterImpl-56fb08d0-7159-4344-a66c-a968ad0a645c/datanode-0/data/ratis/7301b9e2-ef41-4004-950f-3c5b866695ea for RaftStorage:Storage Directory /workdir/hadoop-ozone/integration-test/target/test-dir/MiniOzoneClusterImpl-56fb08d0-7159-4344-a66c-a968ad0a645c/datanode-0/data/ratis/7301b9e2-ef41-4004-950f-3c5b866695ea
2019-07-29 13:10:51,271 INFO  server.RaftServerConfigKeys (ConfUtils.java:logGet(43)) - raft.server.log.statemachine.data.sync.timeout = 10s (default)
2019-07-29 13:10:51,270 INFO  server.RaftServerConfigKeys (ConfUtils.java:logGet(43)) - raft.server.log.queue.byte-limit = 2147483647 (custom)
2019-07-29 13:10:51,271 INFO  server.RaftServerConfigKeys (ConfUtils.java:logGet(43)) - raft.server.log.statemachine.data.sync.timeout.retry = -1 (default)
2019-07-29 13:10:51,271 INFO  server.RaftServerConfigKeys (ConfUtils.java:logGet(43)) - raft.server.log.queue.byte-limit = 2147483647 (custom)
2019-07-29 13:10:51,273 INFO  server.RaftServerConfigKeys (ConfUtils.java:logGet(43)) - raft.server.log.statemachine.data.caching.enabled = true (custom)
2019-07-29 13:10:51,273 INFO  server.RaftServerConfigKeys (ConfUtils.java:logGet(43)) - raft.server.log.queue.element-limit = 1024 (custom)
2019-07-29 13:10:51,273 INFO  server.RaftServerConfigKeys (ConfUtils.java:logGet(43)) - raft.server.log.queue.element-limit = 1024 (custom)
2019-07-29 13:10:51,273 INFO  server.RaftServerConfigKeys (ConfUtils.java:logGet(43)) - raft.server.log.segment.size.max = 1048576 (custom)
2019-07-29 13:10:51,273 INFO  segmented.SegmentedRaftLogWorker (SegmentedRaftLogWorker.java:lambda$new$0(132)) - 4c0483b0-36d5-414f-827c-178e4508b211-SegmentedRaftLogWorker:Storage Directory /workdir/hadoop-ozone/integration-test/target/test-dir/MiniOzoneClusterImpl-56fb08d0-7159-4344-a66c-a968ad0a645c/datanode-5/data/ratis/7301b9e2-ef41-4004-950f-3c5b866695ea: flushIndex: setUnconditionally 0 -> -1
2019-07-29 13:10:51,273 INFO  server.RaftServerConfigKeys (ConfUtils.java:logGet(43)) - raft.server.log.preallocated.size = 16384 (custom)
2019-07-29 13:10:51,274 INFO  server.RaftServerConfigKeys (ConfUtils.java:logGet(43)) - raft.server.snapshot.auto.trigger.enabled = true (custom)
2019-07-29 13:10:51,273 INFO  server.RaftServerConfigKeys (ConfUtils.java:logGet(43)) - raft.server.log.segment.size.max = 1048576 (custom)
2019-07-29 13:10:51,274 INFO  server.RaftServerConfigKeys (ConfUtils.java:logGet(43)) - raft.server.snapshot.auto.trigger.threshold = 10000 (custom)
2019-07-29 13:10:51,274 INFO  server.RaftServerConfigKeys (ConfUtils.java:logGet(43)) - raft.server.log.write.buffer.size = 33554432 (custom)
2019-07-29 13:10:51,274 INFO  server.RaftServerConfigKeys (ConfUtils.java:logGet(43)) - raft.server.retrycache.expirytime = 600000ms (custom)
2019-07-29 13:10:51,274 INFO  server.RaftServerConfigKeys (ConfUtils.java:logGet(43)) - raft.server.log.preallocated.size = 16384 (custom)
2019-07-29 13:10:51,274 INFO  impl.RaftServerImpl (RaftServerImpl.java:start(180)) - 4c0483b0-36d5-414f-827c-178e4508b211: start group-3C5B866695EA
2019-07-29 13:10:51,274 INFO  server.RaftServerConfigKeys (ConfUtils.java:logGet(43)) - raft.server.log.force.sync.num = 128 (default)
2019-07-29 13:10:51,275 INFO  impl.RaftServerImpl (RaftServerImpl.java:setRole(171)) - 4c0483b0-36d5-414f-827c-178e4508b211:group-3C5B866695EA changes role from null to FOLLOWER at term 0 for startAsFollower
2019-07-29 13:10:51,275 INFO  server.RaftServerConfigKeys (ConfUtils.java:logGet(43)) - raft.server.log.write.buffer.size = 33554432 (custom)
2019-07-29 13:10:51,275 INFO  impl.RoleInfo (RoleInfo.java:updateAndGet(143)) - 4c0483b0-36d5-414f-827c-178e4508b211: start FollowerState
2019-07-29 13:10:51,275 INFO  server.RaftServerConfigKeys (ConfUtils.java:logGet(43)) - raft.server.log.statemachine.data.sync = true (default)
2019-07-29 13:10:51,275 INFO  server.RaftServerConfigKeys (ConfUtils.java:logGet(43)) - raft.server.log.force.sync.num = 128 (default)
2019-07-29 13:10:51,275 INFO  util.JmxRegister (JmxRegister.java:tryRegister(44)) - Successfully registered JMX Bean with object name Ratis:service=RaftServer,group=group-3C5B866695EA,id=4c0483b0-36d5-414f-827c-178e4508b211
2019-07-29 13:10:51,275 INFO  server.RaftServerConfigKeys (ConfUtils.java:logGet(43)) - raft.server.log.statemachine.data.sync.timeout = 10s (default)
2019-07-29 13:10:51,275 INFO  server.RaftServerConfigKeys (ConfUtils.java:logGet(43)) - raft.server.log.statemachine.data.sync = true (default)
2019-07-29 13:10:51,276 INFO  server.RaftServerConfigKeys (ConfUtils.java:logGet(43)) - raft.server.log.statemachine.data.sync.timeout.retry = -1 (default)
2019-07-29 13:10:51,276 INFO  server.RaftServerConfigKeys (ConfUtils.java:logGet(43)) - raft.server.log.statemachine.data.sync.timeout = 10s (default)
2019-07-29 13:10:51,276 INFO  server.RaftServerConfigKeys (ConfUtils.java:logGet(43)) - raft.server.log.statemachine.data.caching.enabled = true (custom)
2019-07-29 13:10:51,276 INFO  server.RaftServerConfigKeys (ConfUtils.java:logGet(43)) - raft.server.log.statemachine.data.sync.timeout.retry = -1 (default)
2019-07-29 13:10:51,278 INFO  server.RaftServerConfigKeys (ConfUtils.java:logGet(43)) - raft.server.log.statemachine.data.caching.enabled = true (custom)
2019-07-29 13:10:51,278 INFO  segmented.SegmentedRaftLogWorker (SegmentedRaftLogWorker.java:lambda$new$0(132)) - 24f9dd8b-f327-461b-9edb-beec6c3ef35e-SegmentedRaftLogWorker:Storage Directory /workdir/hadoop-ozone/integration-test/target/test-dir/MiniOzoneClusterImpl-56fb08d0-7159-4344-a66c-a968ad0a645c/datanode-1/data/ratis/7301b9e2-ef41-4004-950f-3c5b866695ea: flushIndex: setUnconditionally 0 -> -1
2019-07-29 13:10:51,279 INFO  segmented.SegmentedRaftLogWorker (SegmentedRaftLogWorker.java:lambda$new$0(132)) - 1994e695-6ba9-48ba-8457-61d0fd104f6d-SegmentedRaftLogWorker:Storage Directory /workdir/hadoop-ozone/integration-test/target/test-dir/MiniOzoneClusterImpl-56fb08d0-7159-4344-a66c-a968ad0a645c/datanode-0/data/ratis/7301b9e2-ef41-4004-950f-3c5b866695ea: flushIndex: setUnconditionally 0 -> -1
2019-07-29 13:10:51,279 INFO  server.RaftServerConfigKeys (ConfUtils.java:logGet(43)) - raft.server.snapshot.auto.trigger.enabled = true (custom)
2019-07-29 13:10:51,281 INFO  server.RaftServerConfigKeys (ConfUtils.java:logGet(43)) - raft.server.snapshot.auto.trigger.enabled = true (custom)
2019-07-29 13:10:51,281 INFO  server.RaftServerConfigKeys (ConfUtils.java:logGet(43)) - raft.server.snapshot.auto.trigger.threshold = 10000 (custom)
2019-07-29 13:10:51,282 INFO  server.RaftServerConfigKeys (ConfUtils.java:logGet(43)) - raft.server.snapshot.auto.trigger.threshold = 10000 (custom)
2019-07-29 13:10:51,283 INFO  server.RaftServerConfigKeys (ConfUtils.java:logGet(43)) - raft.server.retrycache.expirytime = 600000ms (custom)
2019-07-29 13:10:51,283 INFO  server.RaftServerConfigKeys (ConfUtils.java:logGet(43)) - raft.server.retrycache.expirytime = 600000ms (custom)
2019-07-29 13:10:51,288 INFO  impl.RaftServerImpl (RaftServerImpl.java:start(180)) - 24f9dd8b-f327-461b-9edb-beec6c3ef35e: start group-3C5B866695EA
2019-07-29 13:10:51,288 INFO  impl.RaftServerImpl (RaftServerImpl.java:start(180)) - 1994e695-6ba9-48ba-8457-61d0fd104f6d: start group-3C5B866695EA
2019-07-29 13:10:51,288 INFO  impl.RaftServerImpl (RaftServerImpl.java:setRole(171)) - 24f9dd8b-f327-461b-9edb-beec6c3ef35e:group-3C5B866695EA changes role from null to FOLLOWER at term 0 for startAsFollower
2019-07-29 13:10:51,290 INFO  impl.RaftServerImpl (RaftServerImpl.java:setRole(171)) - 1994e695-6ba9-48ba-8457-61d0fd104f6d:group-3C5B866695EA changes role from null to FOLLOWER at term 0 for startAsFollower
2019-07-29 13:10:51,291 INFO  impl.RoleInfo (RoleInfo.java:updateAndGet(143)) - 24f9dd8b-f327-461b-9edb-beec6c3ef35e: start FollowerState
2019-07-29 13:10:51,291 INFO  impl.RoleInfo (RoleInfo.java:updateAndGet(143)) - 1994e695-6ba9-48ba-8457-61d0fd104f6d: start FollowerState
2019-07-29 13:10:51,293 INFO  util.JmxRegister (JmxRegister.java:tryRegister(44)) - Successfully registered JMX Bean with object name Ratis:service=RaftServer,group=group-3C5B866695EA,id=1994e695-6ba9-48ba-8457-61d0fd104f6d
2019-07-29 13:10:51,293 INFO  util.JmxRegister (JmxRegister.java:tryRegister(44)) - Successfully registered JMX Bean with object name Ratis:service=RaftServer,group=group-3C5B866695EA,id=24f9dd8b-f327-461b-9edb-beec6c3ef35e
2019-07-29 13:10:51,309 INFO  pipeline.PipelineStateManager (PipelineStateManager.java:addPipeline(56)) - Created pipeline Pipeline[ Id: 7301b9e2-ef41-4004-950f-3c5b866695ea, Nodes: 4c0483b0-36d5-414f-827c-178e4508b211{ip: 192.168.157.251, host: byscane-nightly-dxn5b-515312600, networkLocation: /default-rack, certSerialId: null}1994e695-6ba9-48ba-8457-61d0fd104f6d{ip: 192.168.157.251, host: byscane-nightly-dxn5b-515312600, networkLocation: /default-rack, certSerialId: null}24f9dd8b-f327-461b-9edb-beec6c3ef35e{ip: 192.168.157.251, host: byscane-nightly-dxn5b-515312600, networkLocation: /default-rack, certSerialId: null}, Type:RATIS, Factor:THREE, State:OPEN]
2019-07-29 13:10:51,338 INFO  impl.RaftServerProxy (RaftServerProxy.java:addNew(89)) - 1bf30d03-7857-47e7-b118-8993854fbf0d: addNew group-1234645C2E52:[6a1b5377-3047-4a64-a74e-df6c24957807:192.168.157.251:39712, 1bf30d03-7857-47e7-b118-8993854fbf0d:192.168.157.251:43148, 1634ae85-2e8a-4aeb-94f7-d0cc34871885:192.168.157.251:36476] returns group-1234645C2E52:java.util.concurrent.CompletableFuture@7b7de82a[Not completed]
2019-07-29 13:10:51,338 INFO  impl.RaftServerProxy (RaftServerProxy.java:addNew(89)) - 1634ae85-2e8a-4aeb-94f7-d0cc34871885: addNew group-1234645C2E52:[6a1b5377-3047-4a64-a74e-df6c24957807:192.168.157.251:39712, 1bf30d03-7857-47e7-b118-8993854fbf0d:192.168.157.251:43148, 1634ae85-2e8a-4aeb-94f7-d0cc34871885:192.168.157.251:36476] returns group-1234645C2E52:java.util.concurrent.CompletableFuture@67b66d0c[Not completed]
2019-07-29 13:10:51,340 INFO  impl.RaftServerProxy (RaftServerProxy.java:addNew(89)) - 6a1b5377-3047-4a64-a74e-df6c24957807: addNew group-1234645C2E52:[6a1b5377-3047-4a64-a74e-df6c24957807:192.168.157.251:39712, 1bf30d03-7857-47e7-b118-8993854fbf0d:192.168.157.251:43148, 1634ae85-2e8a-4aeb-94f7-d0cc34871885:192.168.157.251:36476] returns group-1234645C2E52:java.util.concurrent.CompletableFuture@434f145c[Not completed]
2019-07-29 13:10:51,341 INFO  impl.RaftServerImpl (RaftServerImpl.java:<init>(93)) - 1bf30d03-7857-47e7-b118-8993854fbf0d: new RaftServerImpl for group-1234645C2E52:[6a1b5377-3047-4a64-a74e-df6c24957807:192.168.157.251:39712, 1bf30d03-7857-47e7-b118-8993854fbf0d:192.168.157.251:43148, 1634ae85-2e8a-4aeb-94f7-d0cc34871885:192.168.157.251:36476] with ContainerStateMachine:uninitialized
2019-07-29 13:10:51,342 INFO  server.RaftServerConfigKeys (ConfUtils.java:logGet(43)) - raft.server.rpc.timeout.min = 5s (custom)
2019-07-29 13:10:51,342 INFO  server.RaftServerConfigKeys (ConfUtils.java:logGet(43)) - raft.server.rpc.timeout.max = 5200ms (custom)
2019-07-29 13:10:51,342 INFO  server.RaftServerConfigKeys (ConfUtils.java:logGet(43)) - raft.server.rpcslowness.timeout = 120s (custom)
2019-07-29 13:10:51,342 INFO  server.RaftServerConfigKeys (ConfUtils.java:logGet(43)) - raft.server.sleep.deviation.threshold = 300 (default)
2019-07-29 13:10:51,342 INFO  server.RaftServerConfigKeys (ConfUtils.java:logGet(43)) - raft.server.log.appender.install.snapshot.enabled = false (custom)
2019-07-29 13:10:51,342 INFO  impl.RaftServerImpl (RaftServerImpl.java:<init>(93)) - 6a1b5377-3047-4a64-a74e-df6c24957807: new RaftServerImpl for group-1234645C2E52:[6a1b5377-3047-4a64-a74e-df6c24957807:192.168.157.251:39712, 1bf30d03-7857-47e7-b118-8993854fbf0d:192.168.157.251:43148, 1634ae85-2e8a-4aeb-94f7-d0cc34871885:192.168.157.251:36476] with ContainerStateMachine:uninitialized
2019-07-29 13:10:51,342 INFO  impl.RaftServerImpl (ServerState.java:<init>(105)) - 1bf30d03-7857-47e7-b118-8993854fbf0d:group-1234645C2E52 ConfigurationManager, init=-1: [6a1b5377-3047-4a64-a74e-df6c24957807:192.168.157.251:39712, 1bf30d03-7857-47e7-b118-8993854fbf0d:192.168.157.251:43148, 1634ae85-2e8a-4aeb-94f7-d0cc34871885:192.168.157.251:36476], old=null, confs=<EMPTY_MAP>
2019-07-29 13:10:51,343 INFO  server.RaftServerConfigKeys (ConfUtils.java:logGet(43)) - raft.server.rpc.timeout.min = 5s (custom)
2019-07-29 13:10:51,343 INFO  server.RaftServerConfigKeys (ConfUtils.java:logGet(43)) - raft.server.storage.dir = [/workdir/hadoop-ozone/integration-test/target/test-dir/MiniOzoneClusterImpl-56fb08d0-7159-4344-a66c-a968ad0a645c/datanode-2/data/ratis] (custom)
2019-07-29 13:10:51,343 INFO  server.RaftServerConfigKeys (ConfUtils.java:logGet(43)) - raft.server.rpc.timeout.max = 5200ms (custom)
2019-07-29 13:10:51,343 INFO  server.RaftServerConfigKeys (ConfUtils.java:logGet(43)) - raft.server.rpcslowness.timeout = 120s (custom)
2019-07-29 13:10:51,343 INFO  server.RaftServerConfigKeys (ConfUtils.java:logGet(43)) - raft.server.sleep.deviation.threshold = 300 (default)
2019-07-29 13:10:51,343 INFO  impl.RaftServerImpl (RaftServerImpl.java:<init>(93)) - 1634ae85-2e8a-4aeb-94f7-d0cc34871885: new RaftServerImpl for group-1234645C2E52:[6a1b5377-3047-4a64-a74e-df6c24957807:192.168.157.251:39712, 1bf30d03-7857-47e7-b118-8993854fbf0d:192.168.157.251:43148, 1634ae85-2e8a-4aeb-94f7-d0cc34871885:192.168.157.251:36476] with ContainerStateMachine:uninitialized
2019-07-29 13:10:51,343 INFO  storage.RaftStorageDirectory (RaftStorageDirectory.java:analyzeStorage(246)) - The storage directory /workdir/hadoop-ozone/integration-test/target/test-dir/MiniOzoneClusterImpl-56fb08d0-7159-4344-a66c-a968ad0a645c/datanode-2/data/ratis/f30e71f3-6697-48e9-ae87-1234645c2e52 does not exist. Creating ...
2019-07-29 13:10:51,344 INFO  server.RaftServerConfigKeys (ConfUtils.java:logGet(43)) - raft.server.rpc.timeout.min = 5s (custom)
2019-07-29 13:10:51,343 INFO  server.RaftServerConfigKeys (ConfUtils.java:logGet(43)) - raft.server.log.appender.install.snapshot.enabled = false (custom)
2019-07-29 13:10:51,344 INFO  server.RaftServerConfigKeys (ConfUtils.java:logGet(43)) - raft.server.rpc.timeout.max = 5200ms (custom)
2019-07-29 13:10:51,344 INFO  impl.RaftServerImpl (ServerState.java:<init>(105)) - 6a1b5377-3047-4a64-a74e-df6c24957807:group-1234645C2E52 ConfigurationManager, init=-1: [6a1b5377-3047-4a64-a74e-df6c24957807:192.168.157.251:39712, 1bf30d03-7857-47e7-b118-8993854fbf0d:192.168.157.251:43148, 1634ae85-2e8a-4aeb-94f7-d0cc34871885:192.168.157.251:36476], old=null, confs=<EMPTY_MAP>
2019-07-29 13:10:51,344 INFO  server.RaftServerConfigKeys (ConfUtils.java:logGet(43)) - raft.server.rpcslowness.timeout = 120s (custom)
2019-07-29 13:10:51,344 INFO  server.RaftServerConfigKeys (ConfUtils.java:logGet(43)) - raft.server.storage.dir = [/workdir/hadoop-ozone/integration-test/target/test-dir/MiniOzoneClusterImpl-56fb08d0-7159-4344-a66c-a968ad0a645c/datanode-4/data/ratis] (custom)
2019-07-29 13:10:51,344 INFO  server.RaftServerConfigKeys (ConfUtils.java:logGet(43)) - raft.server.sleep.deviation.threshold = 300 (default)
2019-07-29 13:10:51,345 INFO  server.RaftServerConfigKeys (ConfUtils.java:logGet(43)) - raft.server.log.appender.install.snapshot.enabled = false (custom)
2019-07-29 13:10:51,345 INFO  storage.RaftStorageDirectory (RaftStorageDirectory.java:analyzeStorage(246)) - The storage directory /workdir/hadoop-ozone/integration-test/target/test-dir/MiniOzoneClusterImpl-56fb08d0-7159-4344-a66c-a968ad0a645c/datanode-4/data/ratis/f30e71f3-6697-48e9-ae87-1234645c2e52 does not exist. Creating ...
2019-07-29 13:10:51,345 INFO  impl.RaftServerImpl (ServerState.java:<init>(105)) - 1634ae85-2e8a-4aeb-94f7-d0cc34871885:group-1234645C2E52 ConfigurationManager, init=-1: [6a1b5377-3047-4a64-a74e-df6c24957807:192.168.157.251:39712, 1bf30d03-7857-47e7-b118-8993854fbf0d:192.168.157.251:43148, 1634ae85-2e8a-4aeb-94f7-d0cc34871885:192.168.157.251:36476], old=null, confs=<EMPTY_MAP>
2019-07-29 13:10:51,345 INFO  server.RaftServerConfigKeys (ConfUtils.java:logGet(43)) - raft.server.storage.dir = [/workdir/hadoop-ozone/integration-test/target/test-dir/MiniOzoneClusterImpl-56fb08d0-7159-4344-a66c-a968ad0a645c/datanode-3/data/ratis] (custom)
2019-07-29 13:10:51,346 INFO  storage.RaftStorageDirectory (RaftStorageDirectory.java:analyzeStorage(246)) - The storage directory /workdir/hadoop-ozone/integration-test/target/test-dir/MiniOzoneClusterImpl-56fb08d0-7159-4344-a66c-a968ad0a645c/datanode-3/data/ratis/f30e71f3-6697-48e9-ae87-1234645c2e52 does not exist. Creating ...
2019-07-29 13:10:51,361 INFO  storage.RaftStorageDirectory (RaftStorageDirectory.java:tryLock(328)) - Lock on /workdir/hadoop-ozone/integration-test/target/test-dir/MiniOzoneClusterImpl-56fb08d0-7159-4344-a66c-a968ad0a645c/datanode-2/data/ratis/f30e71f3-6697-48e9-ae87-1234645c2e52/in_use.lock acquired by nodename 2374@byscane-nightly-dxn5b-515312600
2019-07-29 13:10:51,361 INFO  storage.RaftStorageDirectory (RaftStorageDirectory.java:tryLock(328)) - Lock on /workdir/hadoop-ozone/integration-test/target/test-dir/MiniOzoneClusterImpl-56fb08d0-7159-4344-a66c-a968ad0a645c/datanode-4/data/ratis/f30e71f3-6697-48e9-ae87-1234645c2e52/in_use.lock acquired by nodename 2374@byscane-nightly-dxn5b-515312600
2019-07-29 13:10:51,361 INFO  storage.RaftStorageDirectory (RaftStorageDirectory.java:tryLock(328)) - Lock on /workdir/hadoop-ozone/integration-test/target/test-dir/MiniOzoneClusterImpl-56fb08d0-7159-4344-a66c-a968ad0a645c/datanode-3/data/ratis/f30e71f3-6697-48e9-ae87-1234645c2e52/in_use.lock acquired by nodename 2374@byscane-nightly-dxn5b-515312600
2019-07-29 13:10:51,370 INFO  storage.RaftStorage (RaftStorage.java:format(72)) - Storage directory /workdir/hadoop-ozone/integration-test/target/test-dir/MiniOzoneClusterImpl-56fb08d0-7159-4344-a66c-a968ad0a645c/datanode-3/data/ratis/f30e71f3-6697-48e9-ae87-1234645c2e52 has been successfully formatted.
2019-07-29 13:10:51,370 INFO  storage.RaftStorage (RaftStorage.java:format(72)) - Storage directory /workdir/hadoop-ozone/integration-test/target/test-dir/MiniOzoneClusterImpl-56fb08d0-7159-4344-a66c-a968ad0a645c/datanode-4/data/ratis/f30e71f3-6697-48e9-ae87-1234645c2e52 has been successfully formatted.
2019-07-29 13:10:51,370 INFO  storage.RaftStorage (RaftStorage.java:format(72)) - Storage directory /workdir/hadoop-ozone/integration-test/target/test-dir/MiniOzoneClusterImpl-56fb08d0-7159-4344-a66c-a968ad0a645c/datanode-2/data/ratis/f30e71f3-6697-48e9-ae87-1234645c2e52 has been successfully formatted.
2019-07-29 13:10:51,371 INFO  ratis.ContainerStateMachine (ContainerStateMachine.java:loadSnapshot(213)) - group-1234645C2E52: The snapshot info is null. Setting the last applied indexto:(t:0, i:~)
2019-07-29 13:10:51,371 INFO  ratis.ContainerStateMachine (ContainerStateMachine.java:loadSnapshot(213)) - group-1234645C2E52: The snapshot info is null. Setting the last applied indexto:(t:0, i:~)
2019-07-29 13:10:51,371 INFO  ratis.ContainerStateMachine (ContainerStateMachine.java:loadSnapshot(213)) - group-1234645C2E52: The snapshot info is null. Setting the last applied indexto:(t:0, i:~)
2019-07-29 13:10:51,371 INFO  server.RaftServerConfigKeys (ConfUtils.java:logGet(43)) - raft.server.leader.election.timeout = 120s (custom)
2019-07-29 13:10:51,371 INFO  server.RaftServerConfigKeys (ConfUtils.java:logGet(43)) - raft.server.leader.election.timeout = 120s (custom)
2019-07-29 13:10:51,371 INFO  server.RaftServerConfigKeys (ConfUtils.java:logGet(43)) - raft.server.leader.election.timeout = 120s (custom)
2019-07-29 13:10:51,371 INFO  server.RaftServerConfigKeys (ConfUtils.java:logGet(43)) - raft.server.log.use.memory = false (default)
2019-07-29 13:10:51,371 INFO  server.RaftServerConfigKeys (ConfUtils.java:logGet(43)) - raft.server.log.use.memory = false (default)
2019-07-29 13:10:51,372 INFO  server.RaftServerConfigKeys (ConfUtils.java:logGet(43)) - raft.server.log.purge.gap = 1000000000 (custom)
2019-07-29 13:10:51,372 INFO  server.RaftServerConfigKeys (ConfUtils.java:logGet(43)) - raft.server.log.use.memory = false (default)
2019-07-29 13:10:51,372 INFO  server.RaftServerConfigKeys (ConfUtils.java:logGet(43)) - raft.server.log.appender.buffer.byte-limit = 33554432 (custom)
2019-07-29 13:10:51,372 INFO  server.RaftServerConfigKeys (ConfUtils.java:logGet(43)) - raft.server.log.purge.gap = 1000000000 (custom)
2019-07-29 13:10:51,372 INFO  server.RaftServerConfigKeys (ConfUtils.java:logGet(43)) - raft.server.log.segment.size.max = 1048576 (custom)
2019-07-29 13:10:51,372 INFO  server.RaftServerConfigKeys (ConfUtils.java:logGet(43)) - raft.server.log.purge.gap = 1000000000 (custom)
2019-07-29 13:10:51,373 INFO  server.RaftServerConfigKeys (ConfUtils.java:logGet(43)) - raft.server.log.segment.cache.num.max = 2 (custom)
2019-07-29 13:10:51,372 INFO  server.RaftServerConfigKeys (ConfUtils.java:logGet(43)) - raft.server.log.appender.buffer.byte-limit = 33554432 (custom)
2019-07-29 13:10:51,373 INFO  segmented.SegmentedRaftLogWorker (SegmentedRaftLogWorker.java:<init>(172)) - new 1bf30d03-7857-47e7-b118-8993854fbf0d-SegmentedRaftLogWorker:Storage Directory /workdir/hadoop-ozone/integration-test/target/test-dir/MiniOzoneClusterImpl-56fb08d0-7159-4344-a66c-a968ad0a645c/datanode-2/data/ratis/f30e71f3-6697-48e9-ae87-1234645c2e52 for RaftStorage:Storage Directory /workdir/hadoop-ozone/integration-test/target/test-dir/MiniOzoneClusterImpl-56fb08d0-7159-4344-a66c-a968ad0a645c/datanode-2/data/ratis/f30e71f3-6697-48e9-ae87-1234645c2e52
2019-07-29 13:10:51,373 INFO  server.RaftServerConfigKeys (ConfUtils.java:logGet(43)) - raft.server.log.appender.buffer.byte-limit = 33554432 (custom)
2019-07-29 13:10:51,373 INFO  server.RaftServerConfigKeys (ConfUtils.java:logGet(43)) - raft.server.log.queue.byte-limit = 2147483647 (custom)
2019-07-29 13:10:51,373 INFO  server.RaftServerConfigKeys (ConfUtils.java:logGet(43)) - raft.server.log.segment.size.max = 1048576 (custom)
2019-07-29 13:10:51,375 INFO  server.RaftServerConfigKeys (ConfUtils.java:logGet(43)) - raft.server.log.queue.element-limit = 1024 (custom)
2019-07-29 13:10:51,373 INFO  server.RaftServerConfigKeys (ConfUtils.java:logGet(43)) - raft.server.log.segment.size.max = 1048576 (custom)
2019-07-29 13:10:51,375 INFO  server.RaftServerConfigKeys (ConfUtils.java:logGet(43)) - raft.server.log.segment.size.max = 1048576 (custom)
2019-07-29 13:10:51,375 INFO  server.RaftServerConfigKeys (ConfUtils.java:logGet(43)) - raft.server.log.segment.cache.num.max = 2 (custom)
2019-07-29 13:10:51,375 INFO  server.RaftServerConfigKeys (ConfUtils.java:logGet(43)) - raft.server.log.preallocated.size = 16384 (custom)
2019-07-29 13:10:51,375 INFO  server.RaftServerConfigKeys (ConfUtils.java:logGet(43)) - raft.server.log.segment.cache.num.max = 2 (custom)
2019-07-29 13:10:51,375 INFO  server.RaftServerConfigKeys (ConfUtils.java:logGet(43)) - raft.server.log.write.buffer.size = 33554432 (custom)
2019-07-29 13:10:51,375 INFO  segmented.SegmentedRaftLogWorker (SegmentedRaftLogWorker.java:<init>(172)) - new 1634ae85-2e8a-4aeb-94f7-d0cc34871885-SegmentedRaftLogWorker:Storage Directory /workdir/hadoop-ozone/integration-test/target/test-dir/MiniOzoneClusterImpl-56fb08d0-7159-4344-a66c-a968ad0a645c/datanode-3/data/ratis/f30e71f3-6697-48e9-ae87-1234645c2e52 for RaftStorage:Storage Directory /workdir/hadoop-ozone/integration-test/target/test-dir/MiniOzoneClusterImpl-56fb08d0-7159-4344-a66c-a968ad0a645c/datanode-3/data/ratis/f30e71f3-6697-48e9-ae87-1234645c2e52
2019-07-29 13:10:51,376 INFO  server.RaftServerConfigKeys (ConfUtils.java:logGet(43)) - raft.server.log.force.sync.num = 128 (default)
2019-07-29 13:10:51,376 INFO  segmented.SegmentedRaftLogWorker (SegmentedRaftLogWorker.java:<init>(172)) - new 6a1b5377-3047-4a64-a74e-df6c24957807-SegmentedRaftLogWorker:Storage Directory /workdir/hadoop-ozone/integration-test/target/test-dir/MiniOzoneClusterImpl-56fb08d0-7159-4344-a66c-a968ad0a645c/datanode-4/data/ratis/f30e71f3-6697-48e9-ae87-1234645c2e52 for RaftStorage:Storage Directory /workdir/hadoop-ozone/integration-test/target/test-dir/MiniOzoneClusterImpl-56fb08d0-7159-4344-a66c-a968ad0a645c/datanode-4/data/ratis/f30e71f3-6697-48e9-ae87-1234645c2e52
2019-07-29 13:10:51,376 INFO  server.RaftServerConfigKeys (ConfUtils.java:logGet(43)) - raft.server.log.statemachine.data.sync = true (default)
2019-07-29 13:10:51,376 INFO  server.RaftServerConfigKeys (ConfUtils.java:logGet(43)) - raft.server.log.queue.byte-limit = 2147483647 (custom)
2019-07-29 13:10:51,378 INFO  server.RaftServerConfigKeys (ConfUtils.java:logGet(43)) - raft.server.log.statemachine.data.sync.timeout = 10s (default)
2019-07-29 13:10:51,377 INFO  server.RaftServerConfigKeys (ConfUtils.java:logGet(43)) - raft.server.log.queue.byte-limit = 2147483647 (custom)
2019-07-29 13:10:51,380 INFO  server.RaftServerConfigKeys (ConfUtils.java:logGet(43)) - raft.server.log.statemachine.data.sync.timeout.retry = -1 (default)
2019-07-29 13:10:51,380 INFO  server.RaftServerConfigKeys (ConfUtils.java:logGet(43)) - raft.server.log.queue.element-limit = 1024 (custom)
2019-07-29 13:10:51,380 INFO  server.RaftServerConfigKeys (ConfUtils.java:logGet(43)) - raft.server.log.statemachine.data.caching.enabled = true (custom)
2019-07-29 13:10:51,380 INFO  server.RaftServerConfigKeys (ConfUtils.java:logGet(43)) - raft.server.log.queue.element-limit = 1024 (custom)
2019-07-29 13:10:51,380 INFO  server.RaftServerConfigKeys (ConfUtils.java:logGet(43)) - raft.server.log.segment.size.max = 1048576 (custom)
2019-07-29 13:10:51,381 INFO  server.RaftServerConfigKeys (ConfUtils.java:logGet(43)) - raft.server.log.segment.size.max = 1048576 (custom)
2019-07-29 13:10:51,381 INFO  segmented.SegmentedRaftLogWorker (SegmentedRaftLogWorker.java:lambda$new$0(132)) - 1bf30d03-7857-47e7-b118-8993854fbf0d-SegmentedRaftLogWorker:Storage Directory /workdir/hadoop-ozone/integration-test/target/test-dir/MiniOzoneClusterImpl-56fb08d0-7159-4344-a66c-a968ad0a645c/datanode-2/data/ratis/f30e71f3-6697-48e9-ae87-1234645c2e52: flushIndex: setUnconditionally 0 -> -1
2019-07-29 13:10:51,381 INFO  server.RaftServerConfigKeys (ConfUtils.java:logGet(43)) - raft.server.log.preallocated.size = 16384 (custom)
2019-07-29 13:10:51,381 INFO  server.RaftServerConfigKeys (ConfUtils.java:logGet(43)) - raft.server.log.preallocated.size = 16384 (custom)
2019-07-29 13:10:51,381 INFO  server.RaftServerConfigKeys (ConfUtils.java:logGet(43)) - raft.server.snapshot.auto.trigger.enabled = true (custom)
2019-07-29 13:10:51,381 INFO  server.RaftServerConfigKeys (ConfUtils.java:logGet(43)) - raft.server.log.write.buffer.size = 33554432 (custom)
2019-07-29 13:10:51,382 INFO  server.RaftServerConfigKeys (ConfUtils.java:logGet(43)) - raft.server.snapshot.auto.trigger.threshold = 10000 (custom)
2019-07-29 13:10:51,381 INFO  server.RaftServerConfigKeys (ConfUtils.java:logGet(43)) - raft.server.log.write.buffer.size = 33554432 (custom)
2019-07-29 13:10:51,382 INFO  server.RaftServerConfigKeys (ConfUtils.java:logGet(43)) - raft.server.retrycache.expirytime = 600000ms (custom)
2019-07-29 13:10:51,382 INFO  server.RaftServerConfigKeys (ConfUtils.java:logGet(43)) - raft.server.log.force.sync.num = 128 (default)
2019-07-29 13:10:51,382 INFO  server.RaftServerConfigKeys (ConfUtils.java:logGet(43)) - raft.server.log.force.sync.num = 128 (default)
2019-07-29 13:10:51,382 INFO  server.RaftServerConfigKeys (ConfUtils.java:logGet(43)) - raft.server.log.statemachine.data.sync = true (default)
2019-07-29 13:10:51,382 INFO  impl.RaftServerImpl (RaftServerImpl.java:start(180)) - 1bf30d03-7857-47e7-b118-8993854fbf0d: start group-1234645C2E52
2019-07-29 13:10:51,382 INFO  server.RaftServerConfigKeys (ConfUtils.java:logGet(43)) - raft.server.log.statemachine.data.sync.timeout = 10s (default)
2019-07-29 13:10:51,383 INFO  server.RaftServerConfigKeys (ConfUtils.java:logGet(43)) - raft.server.log.statemachine.data.sync.timeout.retry = -1 (default)
2019-07-29 13:10:51,382 INFO  server.RaftServerConfigKeys (ConfUtils.java:logGet(43)) - raft.server.log.statemachine.data.sync = true (default)
2019-07-29 13:10:51,383 INFO  server.RaftServerConfigKeys (ConfUtils.java:logGet(43)) - raft.server.log.statemachine.data.caching.enabled = true (custom)
2019-07-29 13:10:51,383 INFO  impl.RaftServerImpl (RaftServerImpl.java:setRole(171)) - 1bf30d03-7857-47e7-b118-8993854fbf0d:group-1234645C2E52 changes role from null to FOLLOWER at term 0 for startAsFollower
2019-07-29 13:10:51,383 INFO  server.RaftServerConfigKeys (ConfUtils.java:logGet(43)) - raft.server.log.statemachine.data.sync.timeout = 10s (default)
2019-07-29 13:10:51,383 INFO  impl.RoleInfo (RoleInfo.java:updateAndGet(143)) - 1bf30d03-7857-47e7-b118-8993854fbf0d: start FollowerState
2019-07-29 13:10:51,383 INFO  segmented.SegmentedRaftLogWorker (SegmentedRaftLogWorker.java:lambda$new$0(132)) - 1634ae85-2e8a-4aeb-94f7-d0cc34871885-SegmentedRaftLogWorker:Storage Directory /workdir/hadoop-ozone/integration-test/target/test-dir/MiniOzoneClusterImpl-56fb08d0-7159-4344-a66c-a968ad0a645c/datanode-3/data/ratis/f30e71f3-6697-48e9-ae87-1234645c2e52: flushIndex: setUnconditionally 0 -> -1
2019-07-29 13:10:51,383 INFO  server.RaftServerConfigKeys (ConfUtils.java:logGet(43)) - raft.server.log.statemachine.data.sync.timeout.retry = -1 (default)
2019-07-29 13:10:51,384 INFO  util.JmxRegister (JmxRegister.java:tryRegister(44)) - Successfully registered JMX Bean with object name Ratis:service=RaftServer,group=group-1234645C2E52,id=1bf30d03-7857-47e7-b118-8993854fbf0d
2019-07-29 13:10:51,384 INFO  server.RaftServerConfigKeys (ConfUtils.java:logGet(43)) - raft.server.snapshot.auto.trigger.enabled = true (custom)
2019-07-29 13:10:51,384 INFO  server.RaftServerConfigKeys (ConfUtils.java:logGet(43)) - raft.server.log.statemachine.data.caching.enabled = true (custom)
2019-07-29 13:10:51,384 INFO  server.RaftServerConfigKeys (ConfUtils.java:logGet(43)) - raft.server.snapshot.auto.trigger.threshold = 10000 (custom)
2019-07-29 13:10:51,384 INFO  server.RaftServerConfigKeys (ConfUtils.java:logGet(43)) - raft.server.retrycache.expirytime = 600000ms (custom)
2019-07-29 13:10:51,385 INFO  segmented.SegmentedRaftLogWorker (SegmentedRaftLogWorker.java:lambda$new$0(132)) - 6a1b5377-3047-4a64-a74e-df6c24957807-SegmentedRaftLogWorker:Storage Directory /workdir/hadoop-ozone/integration-test/target/test-dir/MiniOzoneClusterImpl-56fb08d0-7159-4344-a66c-a968ad0a645c/datanode-4/data/ratis/f30e71f3-6697-48e9-ae87-1234645c2e52: flushIndex: setUnconditionally 0 -> -1
2019-07-29 13:10:51,385 INFO  impl.RaftServerImpl (RaftServerImpl.java:start(180)) - 1634ae85-2e8a-4aeb-94f7-d0cc34871885: start group-1234645C2E52
2019-07-29 13:10:51,385 INFO  impl.RaftServerImpl (RaftServerImpl.java:setRole(171)) - 1634ae85-2e8a-4aeb-94f7-d0cc34871885:group-1234645C2E52 changes role from null to FOLLOWER at term 0 for startAsFollower
2019-07-29 13:10:51,385 INFO  server.RaftServerConfigKeys (ConfUtils.java:logGet(43)) - raft.server.snapshot.auto.trigger.enabled = true (custom)
2019-07-29 13:10:51,385 INFO  impl.RoleInfo (RoleInfo.java:updateAndGet(143)) - 1634ae85-2e8a-4aeb-94f7-d0cc34871885: start FollowerState
2019-07-29 13:10:51,385 INFO  server.RaftServerConfigKeys (ConfUtils.java:logGet(43)) - raft.server.snapshot.auto.trigger.threshold = 10000 (custom)
2019-07-29 13:10:51,385 INFO  util.JmxRegister (JmxRegister.java:tryRegister(44)) - Successfully registered JMX Bean with object name Ratis:service=RaftServer,group=group-1234645C2E52,id=1634ae85-2e8a-4aeb-94f7-d0cc34871885
2019-07-29 13:10:51,385 INFO  server.RaftServerConfigKeys (ConfUtils.java:logGet(43)) - raft.server.retrycache.expirytime = 600000ms (custom)
2019-07-29 13:10:51,387 INFO  impl.RaftServerImpl (RaftServerImpl.java:start(180)) - 6a1b5377-3047-4a64-a74e-df6c24957807: start group-1234645C2E52
2019-07-29 13:10:51,388 INFO  impl.RaftServerImpl (RaftServerImpl.java:setRole(171)) - 6a1b5377-3047-4a64-a74e-df6c24957807:group-1234645C2E52 changes role from null to FOLLOWER at term 0 for startAsFollower
2019-07-29 13:10:51,389 INFO  impl.RoleInfo (RoleInfo.java:updateAndGet(143)) - 6a1b5377-3047-4a64-a74e-df6c24957807: start FollowerState
2019-07-29 13:10:51,392 INFO  util.JmxRegister (JmxRegister.java:tryRegister(44)) - Successfully registered JMX Bean with object name Ratis:service=RaftServer,group=group-1234645C2E52,id=6a1b5377-3047-4a64-a74e-df6c24957807
2019-07-29 13:10:51,410 INFO  pipeline.PipelineStateManager (PipelineStateManager.java:addPipeline(56)) - Created pipeline Pipeline[ Id: f30e71f3-6697-48e9-ae87-1234645c2e52, Nodes: 1bf30d03-7857-47e7-b118-8993854fbf0d{ip: 192.168.157.251, host: byscane-nightly-dxn5b-515312600, networkLocation: /default-rack, certSerialId: null}1634ae85-2e8a-4aeb-94f7-d0cc34871885{ip: 192.168.157.251, host: byscane-nightly-dxn5b-515312600, networkLocation: /default-rack, certSerialId: null}6a1b5377-3047-4a64-a74e-df6c24957807{ip: 192.168.157.251, host: byscane-nightly-dxn5b-515312600, networkLocation: /default-rack, certSerialId: null}, Type:RATIS, Factor:THREE, State:OPEN]
2019-07-29 13:10:51,572 INFO  ozone.MiniOzoneClusterImpl (MiniOzoneClusterImpl.java:lambda$waitForClusterToBeReady$0(142)) - Cluster is ready. Got 6 of 6 DN Heartbeats.
2019-07-29 13:10:51,928 INFO  rpc.RpcClient (RpcClient.java:createVolume(288)) - Creating Volume: datanodefailurehandlingtest, with jenkins1000 as owner.
2019-07-29 13:10:51,974 INFO  rpc.RpcClient (RpcClient.java:createBucket(425)) - Creating Bucket: datanodefailurehandlingtest/datanodefailurehandlingtest, with Versioning false and Storage Type set to DISK and Encryption set to false 
2019-07-29 13:10:52,238 INFO  impl.MetricsSystemImpl (MetricsSystemImpl.java:init(158)) - XceiverClientMetrics metrics system started (again)
2019-07-29 13:10:52,357 INFO  client.GrpcClientProtocolClient (GrpcClientProtocolClient.java:onNext(255)) - client-948CF8E9EA5E->4c0483b0-36d5-414f-827c-178e4508b211: receive RaftClientReply:client-948CF8E9EA5E->4c0483b0-36d5-414f-827c-178e4508b211@group-3C5B866695EA, cid=12, FAILED org.apache.ratis.protocol.NotLeaderException: Server 4c0483b0-36d5-414f-827c-178e4508b211 is not the leader (null). Request must be sent to leader., logIndex=0, commits[4c0483b0-36d5-414f-827c-178e4508b211:c-1]
2019-07-29 13:10:52,660 INFO  container.ReplicationManager (ReplicationManager.java:start(155)) - Starting Replication Monitor Thread.
2019-07-29 13:10:52,665 INFO  container.ReplicationManager (ReplicationManager.java:run(207)) - Replication Monitor Thread took 4 milliseconds for processing 1 containers.
2019-07-29 13:10:53,424 INFO  client.GrpcClientProtocolClient (GrpcClientProtocolClient.java:onNext(255)) - client-948CF8E9EA5E->24f9dd8b-f327-461b-9edb-beec6c3ef35e: receive RaftClientReply:client-948CF8E9EA5E->24f9dd8b-f327-461b-9edb-beec6c3ef35e@group-3C5B866695EA, cid=12, FAILED org.apache.ratis.protocol.NotLeaderException: Server 24f9dd8b-f327-461b-9edb-beec6c3ef35e is not the leader (null). Request must be sent to leader., logIndex=0, commits[24f9dd8b-f327-461b-9edb-beec6c3ef35e:c-1]
2019-07-29 13:10:54,468 INFO  client.GrpcClientProtocolClient (GrpcClientProtocolClient.java:onNext(255)) - client-948CF8E9EA5E->1994e695-6ba9-48ba-8457-61d0fd104f6d: receive RaftClientReply:client-948CF8E9EA5E->1994e695-6ba9-48ba-8457-61d0fd104f6d@group-3C5B866695EA, cid=12, FAILED org.apache.ratis.protocol.NotLeaderException: Server 1994e695-6ba9-48ba-8457-61d0fd104f6d is not the leader (null). Request must be sent to leader., logIndex=0, commits[1994e695-6ba9-48ba-8457-61d0fd104f6d:c-1]
2019-07-29 13:10:55,511 INFO  client.GrpcClientProtocolClient (GrpcClientProtocolClient.java:onNext(255)) - client-948CF8E9EA5E->4c0483b0-36d5-414f-827c-178e4508b211: receive RaftClientReply:client-948CF8E9EA5E->4c0483b0-36d5-414f-827c-178e4508b211@group-3C5B866695EA, cid=12, FAILED org.apache.ratis.protocol.NotLeaderException: Server 4c0483b0-36d5-414f-827c-178e4508b211 is not the leader (null). Request must be sent to leader., logIndex=0, commits[4c0483b0-36d5-414f-827c-178e4508b211:c-1]
2019-07-29 13:10:55,793 INFO  impl.FollowerState (FollowerState.java:run(106)) - 1994e695-6ba9-48ba-8457-61d0fd104f6d:group-B1688520B677 changes to CANDIDATE, lastRpcTime:5129, electionTimeout:5128ms
2019-07-29 13:10:55,793 INFO  impl.RoleInfo (RoleInfo.java:shutdownFollowerState(121)) - 1994e695-6ba9-48ba-8457-61d0fd104f6d: shutdown FollowerState
2019-07-29 13:10:55,794 INFO  impl.RaftServerImpl (RaftServerImpl.java:setRole(171)) - 1994e695-6ba9-48ba-8457-61d0fd104f6d:group-B1688520B677 changes role from FOLLOWER to CANDIDATE at term 0 for changeToCandidate
2019-07-29 13:10:55,797 INFO  impl.RoleInfo (RoleInfo.java:updateAndGet(143)) - 1994e695-6ba9-48ba-8457-61d0fd104f6d: start LeaderElection
2019-07-29 13:10:55,819 INFO  impl.LeaderElection (LeaderElection.java:askForVotes(181)) - 1994e695-6ba9-48ba-8457-61d0fd104f6d:group-B1688520B677:LeaderElection1: begin an election at term 1 for -1: [1994e695-6ba9-48ba-8457-61d0fd104f6d:192.168.157.251:34946], old=null
2019-07-29 13:10:55,821 INFO  impl.RoleInfo (RoleInfo.java:shutdownLeaderElection(134)) - 1994e695-6ba9-48ba-8457-61d0fd104f6d: shutdown LeaderElection
2019-07-29 13:10:55,822 INFO  impl.RaftServerImpl (RaftServerImpl.java:setRole(171)) - 1994e695-6ba9-48ba-8457-61d0fd104f6d:group-B1688520B677 changes role from CANDIDATE to LEADER at term 1 for changeToLeader
2019-07-29 13:10:55,822 INFO  impl.RaftServerImpl (ServerState.java:setLeader(263)) - 1994e695-6ba9-48ba-8457-61d0fd104f6d:group-B1688520B677 change Leader from null to 1994e695-6ba9-48ba-8457-61d0fd104f6d at term 1 for becomeLeader, leader elected after 5239ms
2019-07-29 13:10:55,832 INFO  server.RaftServerConfigKeys (ConfUtils.java:logGet(43)) - raft.server.staging.catchup.gap = 1000 (default)
2019-07-29 13:10:55,832 INFO  server.RaftServerConfigKeys (ConfUtils.java:logGet(43)) - raft.server.rpc.sleep.time = 25ms (default)
2019-07-29 13:10:55,837 INFO  server.RaftServerConfigKeys (ConfUtils.java:logGet(43)) - raft.server.write.element-limit = 4096 (default)
2019-07-29 13:10:55,841 INFO  server.RaftServerConfigKeys (ConfUtils.java:logGet(43)) - raft.server.watch.timeout = 10s (default)
2019-07-29 13:10:55,841 INFO  server.RaftServerConfigKeys (ConfUtils.java:logGet(43)) - raft.server.watch.timeout.denomination = 1s (default)
2019-07-29 13:10:55,842 INFO  server.RaftServerConfigKeys (ConfUtils.java:logGet(43)) - raft.server.watch.element-limit = 65536 (default)
2019-07-29 13:10:55,854 INFO  impl.RoleInfo (RoleInfo.java:updateAndGet(143)) - 1994e695-6ba9-48ba-8457-61d0fd104f6d: start LeaderState
2019-07-29 13:10:55,882 INFO  segmented.SegmentedRaftLogWorker (SegmentedRaftLogWorker.java:startLogSegment(380)) - 1994e695-6ba9-48ba-8457-61d0fd104f6d-SegmentedRaftLogWorker:Storage Directory /workdir/hadoop-ozone/integration-test/target/test-dir/MiniOzoneClusterImpl-56fb08d0-7159-4344-a66c-a968ad0a645c/datanode-0/data/ratis/d084b9c8-0c55-4b30-91be-b1688520b677: Starting segment from index:0
2019-07-29 13:10:55,892 INFO  impl.RaftServerImpl (ServerState.java:setRaftConf(361)) - 1994e695-6ba9-48ba-8457-61d0fd104f6d:group-B1688520B677 set configuration 0: [1994e695-6ba9-48ba-8457-61d0fd104f6d:192.168.157.251:34946], old=null at 0
2019-07-29 13:10:55,957 INFO  impl.FollowerState (FollowerState.java:run(106)) - 4c0483b0-36d5-414f-827c-178e4508b211:group-BDB8CA445BFA changes to CANDIDATE, lastRpcTime:5087, electionTimeout:5086ms
2019-07-29 13:10:55,959 INFO  impl.RoleInfo (RoleInfo.java:shutdownFollowerState(121)) - 4c0483b0-36d5-414f-827c-178e4508b211: shutdown FollowerState
2019-07-29 13:10:55,959 INFO  impl.RaftServerImpl (RaftServerImpl.java:setRole(171)) - 4c0483b0-36d5-414f-827c-178e4508b211:group-BDB8CA445BFA changes role from FOLLOWER to CANDIDATE at term 0 for changeToCandidate
2019-07-29 13:10:55,959 INFO  impl.RoleInfo (RoleInfo.java:updateAndGet(143)) - 4c0483b0-36d5-414f-827c-178e4508b211: start LeaderElection
2019-07-29 13:10:55,976 INFO  impl.LeaderElection (LeaderElection.java:askForVotes(181)) - 4c0483b0-36d5-414f-827c-178e4508b211:group-BDB8CA445BFA:LeaderElection2: begin an election at term 1 for -1: [4c0483b0-36d5-414f-827c-178e4508b211:192.168.157.251:45331], old=null
2019-07-29 13:10:55,978 INFO  impl.RoleInfo (RoleInfo.java:shutdownLeaderElection(134)) - 4c0483b0-36d5-414f-827c-178e4508b211: shutdown LeaderElection
2019-07-29 13:10:55,978 INFO  impl.RaftServerImpl (RaftServerImpl.java:setRole(171)) - 4c0483b0-36d5-414f-827c-178e4508b211:group-BDB8CA445BFA changes role from CANDIDATE to LEADER at term 1 for changeToLeader
2019-07-29 13:10:55,979 INFO  impl.RaftServerImpl (ServerState.java:setLeader(263)) - 4c0483b0-36d5-414f-827c-178e4508b211:group-BDB8CA445BFA change Leader from null to 4c0483b0-36d5-414f-827c-178e4508b211 at term 1 for becomeLeader, leader elected after 5115ms
2019-07-29 13:10:55,980 INFO  server.RaftServerConfigKeys (ConfUtils.java:logGet(43)) - raft.server.staging.catchup.gap = 1000 (default)
2019-07-29 13:10:55,981 INFO  server.RaftServerConfigKeys (ConfUtils.java:logGet(43)) - raft.server.rpc.sleep.time = 25ms (default)
2019-07-29 13:10:55,981 INFO  server.RaftServerConfigKeys (ConfUtils.java:logGet(43)) - raft.server.write.element-limit = 4096 (default)
2019-07-29 13:10:55,981 INFO  server.RaftServerConfigKeys (ConfUtils.java:logGet(43)) - raft.server.watch.timeout = 10s (default)
2019-07-29 13:10:55,981 INFO  server.RaftServerConfigKeys (ConfUtils.java:logGet(43)) - raft.server.watch.timeout.denomination = 1s (default)
2019-07-29 13:10:55,981 INFO  server.RaftServerConfigKeys (ConfUtils.java:logGet(43)) - raft.server.watch.element-limit = 65536 (default)
2019-07-29 13:10:55,982 INFO  impl.RoleInfo (RoleInfo.java:updateAndGet(143)) - 4c0483b0-36d5-414f-827c-178e4508b211: start LeaderState
2019-07-29 13:10:55,982 INFO  segmented.SegmentedRaftLogWorker (SegmentedRaftLogWorker.java:startLogSegment(380)) - 4c0483b0-36d5-414f-827c-178e4508b211-SegmentedRaftLogWorker:Storage Directory /workdir/hadoop-ozone/integration-test/target/test-dir/MiniOzoneClusterImpl-56fb08d0-7159-4344-a66c-a968ad0a645c/datanode-5/data/ratis/85d148f1-0cd7-4c9d-97b9-bdb8ca445bfa: Starting segment from index:0
2019-07-29 13:10:55,982 INFO  impl.RaftServerImpl (ServerState.java:setRaftConf(361)) - 4c0483b0-36d5-414f-827c-178e4508b211:group-BDB8CA445BFA set configuration 0: [4c0483b0-36d5-414f-827c-178e4508b211:192.168.157.251:45331], old=null at 0
2019-07-29 13:10:56,031 INFO  impl.FollowerState (FollowerState.java:run(106)) - 1bf30d03-7857-47e7-b118-8993854fbf0d:group-489884B4E3EB changes to CANDIDATE, lastRpcTime:5005, electionTimeout:5005ms
2019-07-29 13:10:56,031 INFO  impl.RoleInfo (RoleInfo.java:shutdownFollowerState(121)) - 1bf30d03-7857-47e7-b118-8993854fbf0d: shutdown FollowerState
2019-07-29 13:10:56,032 INFO  impl.RaftServerImpl (RaftServerImpl.java:setRole(171)) - 1bf30d03-7857-47e7-b118-8993854fbf0d:group-489884B4E3EB changes role from FOLLOWER to CANDIDATE at term 0 for changeToCandidate
2019-07-29 13:10:56,032 INFO  impl.RoleInfo (RoleInfo.java:updateAndGet(143)) - 1bf30d03-7857-47e7-b118-8993854fbf0d: start LeaderElection
2019-07-29 13:10:56,051 INFO  impl.LeaderElection (LeaderElection.java:askForVotes(181)) - 1bf30d03-7857-47e7-b118-8993854fbf0d:group-489884B4E3EB:LeaderElection3: begin an election at term 1 for -1: [1bf30d03-7857-47e7-b118-8993854fbf0d:192.168.157.251:43148], old=null
2019-07-29 13:10:56,051 INFO  impl.RoleInfo (RoleInfo.java:shutdownLeaderElection(134)) - 1bf30d03-7857-47e7-b118-8993854fbf0d: shutdown LeaderElection
2019-07-29 13:10:56,051 INFO  impl.RaftServerImpl (RaftServerImpl.java:setRole(171)) - 1bf30d03-7857-47e7-b118-8993854fbf0d:group-489884B4E3EB changes role from CANDIDATE to LEADER at term 1 for changeToLeader
2019-07-29 13:10:56,051 INFO  impl.RaftServerImpl (ServerState.java:setLeader(263)) - 1bf30d03-7857-47e7-b118-8993854fbf0d:group-489884B4E3EB change Leader from null to 1bf30d03-7857-47e7-b118-8993854fbf0d at term 1 for becomeLeader, leader elected after 5030ms
2019-07-29 13:10:56,053 INFO  server.RaftServerConfigKeys (ConfUtils.java:logGet(43)) - raft.server.staging.catchup.gap = 1000 (default)
2019-07-29 13:10:56,053 INFO  server.RaftServerConfigKeys (ConfUtils.java:logGet(43)) - raft.server.rpc.sleep.time = 25ms (default)
2019-07-29 13:10:56,053 INFO  server.RaftServerConfigKeys (ConfUtils.java:logGet(43)) - raft.server.write.element-limit = 4096 (default)
2019-07-29 13:10:56,054 INFO  server.RaftServerConfigKeys (ConfUtils.java:logGet(43)) - raft.server.watch.timeout = 10s (default)
2019-07-29 13:10:56,054 INFO  server.RaftServerConfigKeys (ConfUtils.java:logGet(43)) - raft.server.watch.timeout.denomination = 1s (default)
2019-07-29 13:10:56,054 INFO  server.RaftServerConfigKeys (ConfUtils.java:logGet(43)) - raft.server.watch.element-limit = 65536 (default)
2019-07-29 13:10:56,054 INFO  impl.RoleInfo (RoleInfo.java:updateAndGet(143)) - 1bf30d03-7857-47e7-b118-8993854fbf0d: start LeaderState
2019-07-29 13:10:56,054 INFO  segmented.SegmentedRaftLogWorker (SegmentedRaftLogWorker.java:startLogSegment(380)) - 1bf30d03-7857-47e7-b118-8993854fbf0d-SegmentedRaftLogWorker:Storage Directory /workdir/hadoop-ozone/integration-test/target/test-dir/MiniOzoneClusterImpl-56fb08d0-7159-4344-a66c-a968ad0a645c/datanode-2/data/ratis/6ddd4fb6-eb43-4de3-a96d-489884b4e3eb: Starting segment from index:0
2019-07-29 13:10:56,055 INFO  impl.RaftServerImpl (ServerState.java:setRaftConf(361)) - 1bf30d03-7857-47e7-b118-8993854fbf0d:group-489884B4E3EB set configuration 0: [1bf30d03-7857-47e7-b118-8993854fbf0d:192.168.157.251:43148], old=null at 0
2019-07-29 13:10:56,093 INFO  segmented.SegmentedRaftLogWorker (SegmentedRaftLogWorker.java:execute(569)) - 1994e695-6ba9-48ba-8457-61d0fd104f6d-SegmentedRaftLogWorker:Storage Directory /workdir/hadoop-ozone/integration-test/target/test-dir/MiniOzoneClusterImpl-56fb08d0-7159-4344-a66c-a968ad0a645c/datanode-0/data/ratis/d084b9c8-0c55-4b30-91be-b1688520b677: created new log segment /workdir/hadoop-ozone/integration-test/target/test-dir/MiniOzoneClusterImpl-56fb08d0-7159-4344-a66c-a968ad0a645c/datanode-0/data/ratis/d084b9c8-0c55-4b30-91be-b1688520b677/current/log_inprogress_0
2019-07-29 13:10:56,093 INFO  segmented.SegmentedRaftLogWorker (SegmentedRaftLogWorker.java:execute(569)) - 4c0483b0-36d5-414f-827c-178e4508b211-SegmentedRaftLogWorker:Storage Directory /workdir/hadoop-ozone/integration-test/target/test-dir/MiniOzoneClusterImpl-56fb08d0-7159-4344-a66c-a968ad0a645c/datanode-5/data/ratis/85d148f1-0cd7-4c9d-97b9-bdb8ca445bfa: created new log segment /workdir/hadoop-ozone/integration-test/target/test-dir/MiniOzoneClusterImpl-56fb08d0-7159-4344-a66c-a968ad0a645c/datanode-5/data/ratis/85d148f1-0cd7-4c9d-97b9-bdb8ca445bfa/current/log_inprogress_0
2019-07-29 13:10:56,093 INFO  segmented.SegmentedRaftLogWorker (SegmentedRaftLogWorker.java:execute(569)) - 1bf30d03-7857-47e7-b118-8993854fbf0d-SegmentedRaftLogWorker:Storage Directory /workdir/hadoop-ozone/integration-test/target/test-dir/MiniOzoneClusterImpl-56fb08d0-7159-4344-a66c-a968ad0a645c/datanode-2/data/ratis/6ddd4fb6-eb43-4de3-a96d-489884b4e3eb: created new log segment /workdir/hadoop-ozone/integration-test/target/test-dir/MiniOzoneClusterImpl-56fb08d0-7159-4344-a66c-a968ad0a645c/datanode-2/data/ratis/6ddd4fb6-eb43-4de3-a96d-489884b4e3eb/current/log_inprogress_0
2019-07-29 13:10:56,110 INFO  impl.FollowerState (FollowerState.java:run(106)) - 24f9dd8b-f327-461b-9edb-beec6c3ef35e:group-963756FE3F49 changes to CANDIDATE, lastRpcTime:5165, electionTimeout:5165ms
2019-07-29 13:10:56,112 INFO  impl.RoleInfo (RoleInfo.java:shutdownFollowerState(121)) - 24f9dd8b-f327-461b-9edb-beec6c3ef35e: shutdown FollowerState
2019-07-29 13:10:56,112 INFO  impl.RaftServerImpl (RaftServerImpl.java:setRole(171)) - 24f9dd8b-f327-461b-9edb-beec6c3ef35e:group-963756FE3F49 changes role from FOLLOWER to CANDIDATE at term 0 for changeToCandidate
2019-07-29 13:10:56,112 INFO  impl.RoleInfo (RoleInfo.java:updateAndGet(143)) - 24f9dd8b-f327-461b-9edb-beec6c3ef35e: start LeaderElection
2019-07-29 13:10:56,123 INFO  impl.LeaderElection (LeaderElection.java:askForVotes(181)) - 24f9dd8b-f327-461b-9edb-beec6c3ef35e:group-963756FE3F49:LeaderElection4: begin an election at term 1 for -1: [24f9dd8b-f327-461b-9edb-beec6c3ef35e:192.168.157.251:33822], old=null
2019-07-29 13:10:56,125 INFO  impl.RoleInfo (RoleInfo.java:shutdownLeaderElection(134)) - 24f9dd8b-f327-461b-9edb-beec6c3ef35e: shutdown LeaderElection
2019-07-29 13:10:56,126 INFO  impl.RaftServerImpl (RaftServerImpl.java:setRole(171)) - 24f9dd8b-f327-461b-9edb-beec6c3ef35e:group-963756FE3F49 changes role from CANDIDATE to LEADER at term 1 for changeToLeader
2019-07-29 13:10:56,126 INFO  impl.RaftServerImpl (ServerState.java:setLeader(263)) - 24f9dd8b-f327-461b-9edb-beec6c3ef35e:group-963756FE3F49 change Leader from null to 24f9dd8b-f327-461b-9edb-beec6c3ef35e at term 1 for becomeLeader, leader elected after 5186ms
2019-07-29 13:10:56,128 INFO  server.RaftServerConfigKeys (ConfUtils.java:logGet(43)) - raft.server.staging.catchup.gap = 1000 (default)
2019-07-29 13:10:56,128 INFO  server.RaftServerConfigKeys (ConfUtils.java:logGet(43)) - raft.server.rpc.sleep.time = 25ms (default)
2019-07-29 13:10:56,128 INFO  server.RaftServerConfigKeys (ConfUtils.java:logGet(43)) - raft.server.write.element-limit = 4096 (default)
2019-07-29 13:10:56,128 INFO  server.RaftServerConfigKeys (ConfUtils.java:logGet(43)) - raft.server.watch.timeout = 10s (default)
2019-07-29 13:10:56,128 INFO  server.RaftServerConfigKeys (ConfUtils.java:logGet(43)) - raft.server.watch.timeout.denomination = 1s (default)
2019-07-29 13:10:56,128 INFO  server.RaftServerConfigKeys (ConfUtils.java:logGet(43)) - raft.server.watch.element-limit = 65536 (default)
2019-07-29 13:10:56,129 INFO  impl.RoleInfo (RoleInfo.java:updateAndGet(143)) - 24f9dd8b-f327-461b-9edb-beec6c3ef35e: start LeaderState
2019-07-29 13:10:56,129 INFO  segmented.SegmentedRaftLogWorker (SegmentedRaftLogWorker.java:startLogSegment(380)) - 24f9dd8b-f327-461b-9edb-beec6c3ef35e-SegmentedRaftLogWorker:Storage Directory /workdir/hadoop-ozone/integration-test/target/test-dir/MiniOzoneClusterImpl-56fb08d0-7159-4344-a66c-a968ad0a645c/datanode-1/data/ratis/97505e91-ee6d-4465-b019-963756fe3f49: Starting segment from index:0
2019-07-29 13:10:56,130 INFO  impl.RaftServerImpl (ServerState.java:setRaftConf(361)) - 24f9dd8b-f327-461b-9edb-beec6c3ef35e:group-963756FE3F49 set configuration 0: [24f9dd8b-f327-461b-9edb-beec6c3ef35e:192.168.157.251:33822], old=null at 0
2019-07-29 13:10:56,161 INFO  segmented.SegmentedRaftLogWorker (SegmentedRaftLogWorker.java:execute(569)) - 24f9dd8b-f327-461b-9edb-beec6c3ef35e-SegmentedRaftLogWorker:Storage Directory /workdir/hadoop-ozone/integration-test/target/test-dir/MiniOzoneClusterImpl-56fb08d0-7159-4344-a66c-a968ad0a645c/datanode-1/data/ratis/97505e91-ee6d-4465-b019-963756fe3f49: created new log segment /workdir/hadoop-ozone/integration-test/target/test-dir/MiniOzoneClusterImpl-56fb08d0-7159-4344-a66c-a968ad0a645c/datanode-1/data/ratis/97505e91-ee6d-4465-b019-963756fe3f49/current/log_inprogress_0
2019-07-29 13:10:56,299 INFO  impl.FollowerState (FollowerState.java:run(106)) - 1634ae85-2e8a-4aeb-94f7-d0cc34871885:group-8D8D90EB4BA0 changes to CANDIDATE, lastRpcTime:5197, electionTimeout:5197ms
2019-07-29 13:10:56,299 INFO  impl.RoleInfo (RoleInfo.java:shutdownFollowerState(121)) - 1634ae85-2e8a-4aeb-94f7-d0cc34871885: shutdown FollowerState
2019-07-29 13:10:56,299 INFO  impl.RaftServerImpl (RaftServerImpl.java:setRole(171)) - 1634ae85-2e8a-4aeb-94f7-d0cc34871885:group-8D8D90EB4BA0 changes role from FOLLOWER to CANDIDATE at term 0 for changeToCandidate
2019-07-29 13:10:56,299 INFO  impl.RoleInfo (RoleInfo.java:updateAndGet(143)) - 1634ae85-2e8a-4aeb-94f7-d0cc34871885: start LeaderElection
2019-07-29 13:10:56,306 INFO  impl.FollowerState (FollowerState.java:run(106)) - 1994e695-6ba9-48ba-8457-61d0fd104f6d:group-3C5B866695EA changes to CANDIDATE, lastRpcTime:5015, electionTimeout:5013ms
2019-07-29 13:10:56,308 INFO  impl.RoleInfo (RoleInfo.java:shutdownFollowerState(121)) - 1994e695-6ba9-48ba-8457-61d0fd104f6d: shutdown FollowerState
2019-07-29 13:10:56,308 INFO  impl.RaftServerImpl (RaftServerImpl.java:setRole(171)) - 1994e695-6ba9-48ba-8457-61d0fd104f6d:group-3C5B866695EA changes role from FOLLOWER to CANDIDATE at term 0 for changeToCandidate
2019-07-29 13:10:56,308 INFO  impl.RoleInfo (RoleInfo.java:updateAndGet(143)) - 1994e695-6ba9-48ba-8457-61d0fd104f6d: start LeaderElection
2019-07-29 13:10:56,318 INFO  impl.LeaderElection (LeaderElection.java:askForVotes(181)) - 1634ae85-2e8a-4aeb-94f7-d0cc34871885:group-8D8D90EB4BA0:LeaderElection5: begin an election at term 1 for -1: [1634ae85-2e8a-4aeb-94f7-d0cc34871885:192.168.157.251:36476], old=null
2019-07-29 13:10:56,318 INFO  impl.LeaderElection (LeaderElection.java:askForVotes(181)) - 1994e695-6ba9-48ba-8457-61d0fd104f6d:group-3C5B866695EA:LeaderElection6: begin an election at term 1 for -1: [4c0483b0-36d5-414f-827c-178e4508b211:192.168.157.251:45331, 24f9dd8b-f327-461b-9edb-beec6c3ef35e:192.168.157.251:33822, 1994e695-6ba9-48ba-8457-61d0fd104f6d:192.168.157.251:34946], old=null
2019-07-29 13:10:56,318 INFO  impl.RoleInfo (RoleInfo.java:shutdownLeaderElection(134)) - 1634ae85-2e8a-4aeb-94f7-d0cc34871885: shutdown LeaderElection
2019-07-29 13:10:56,319 INFO  impl.RaftServerImpl (RaftServerImpl.java:setRole(171)) - 1634ae85-2e8a-4aeb-94f7-d0cc34871885:group-8D8D90EB4BA0 changes role from CANDIDATE to LEADER at term 1 for changeToLeader
2019-07-29 13:10:56,319 INFO  impl.RaftServerImpl (ServerState.java:setLeader(263)) - 1634ae85-2e8a-4aeb-94f7-d0cc34871885:group-8D8D90EB4BA0 change Leader from null to 1634ae85-2e8a-4aeb-94f7-d0cc34871885 at term 1 for becomeLeader, leader elected after 5223ms
2019-07-29 13:10:56,321 INFO  server.RaftServerConfigKeys (ConfUtils.java:logGet(43)) - raft.server.staging.catchup.gap = 1000 (default)
2019-07-29 13:10:56,321 INFO  impl.FollowerState (FollowerState.java:run(106)) - 4c0483b0-36d5-414f-827c-178e4508b211:group-3C5B866695EA changes to CANDIDATE, lastRpcTime:5045, electionTimeout:5044ms
2019-07-29 13:10:56,321 INFO  server.RaftServerConfigKeys (ConfUtils.java:logGet(43)) - raft.server.rpc.sleep.time = 25ms (default)
2019-07-29 13:10:56,321 INFO  impl.RoleInfo (RoleInfo.java:shutdownFollowerState(121)) - 4c0483b0-36d5-414f-827c-178e4508b211: shutdown FollowerState
2019-07-29 13:10:56,321 INFO  server.RaftServerConfigKeys (ConfUtils.java:logGet(43)) - raft.server.write.element-limit = 4096 (default)
2019-07-29 13:10:56,321 INFO  impl.RaftServerImpl (RaftServerImpl.java:setRole(171)) - 4c0483b0-36d5-414f-827c-178e4508b211:group-3C5B866695EA changes role from FOLLOWER to CANDIDATE at term 0 for changeToCandidate
2019-07-29 13:10:56,322 INFO  server.RaftServerConfigKeys (ConfUtils.java:logGet(43)) - raft.server.watch.timeout = 10s (default)
2019-07-29 13:10:56,322 INFO  impl.RoleInfo (RoleInfo.java:updateAndGet(143)) - 4c0483b0-36d5-414f-827c-178e4508b211: start LeaderElection
2019-07-29 13:10:56,322 INFO  server.RaftServerConfigKeys (ConfUtils.java:logGet(43)) - raft.server.watch.timeout.denomination = 1s (default)
2019-07-29 13:10:56,322 INFO  server.RaftServerConfigKeys (ConfUtils.java:logGet(43)) - raft.server.watch.element-limit = 65536 (default)
2019-07-29 13:10:56,326 INFO  impl.RoleInfo (RoleInfo.java:updateAndGet(143)) - 1634ae85-2e8a-4aeb-94f7-d0cc34871885: start LeaderState
2019-07-29 13:10:56,326 INFO  segmented.SegmentedRaftLogWorker (SegmentedRaftLogWorker.java:startLogSegment(380)) - 1634ae85-2e8a-4aeb-94f7-d0cc34871885-SegmentedRaftLogWorker:Storage Directory /workdir/hadoop-ozone/integration-test/target/test-dir/MiniOzoneClusterImpl-56fb08d0-7159-4344-a66c-a968ad0a645c/datanode-3/data/ratis/88925281-b93d-4ab3-9364-8d8d90eb4ba0: Starting segment from index:0
2019-07-29 13:10:56,327 INFO  impl.RaftServerImpl (ServerState.java:setRaftConf(361)) - 1634ae85-2e8a-4aeb-94f7-d0cc34871885:group-8D8D90EB4BA0 set configuration 0: [1634ae85-2e8a-4aeb-94f7-d0cc34871885:192.168.157.251:36476], old=null at 0
2019-07-29 13:10:56,347 INFO  impl.LeaderElection (LeaderElection.java:askForVotes(181)) - 4c0483b0-36d5-414f-827c-178e4508b211:group-3C5B866695EA:LeaderElection7: begin an election at term 1 for -1: [4c0483b0-36d5-414f-827c-178e4508b211:192.168.157.251:45331, 24f9dd8b-f327-461b-9edb-beec6c3ef35e:192.168.157.251:33822, 1994e695-6ba9-48ba-8457-61d0fd104f6d:192.168.157.251:34946], old=null
2019-07-29 13:10:56,365 INFO  impl.FollowerState (FollowerState.java:run(106)) - 6a1b5377-3047-4a64-a74e-df6c24957807:group-C982827812A9 changes to CANDIDATE, lastRpcTime:5186, electionTimeout:5183ms
2019-07-29 13:10:56,365 INFO  segmented.SegmentedRaftLogWorker (SegmentedRaftLogWorker.java:execute(569)) - 1634ae85-2e8a-4aeb-94f7-d0cc34871885-SegmentedRaftLogWorker:Storage Directory /workdir/hadoop-ozone/integration-test/target/test-dir/MiniOzoneClusterImpl-56fb08d0-7159-4344-a66c-a968ad0a645c/datanode-3/data/ratis/88925281-b93d-4ab3-9364-8d8d90eb4ba0: created new log segment /workdir/hadoop-ozone/integration-test/target/test-dir/MiniOzoneClusterImpl-56fb08d0-7159-4344-a66c-a968ad0a645c/datanode-3/data/ratis/88925281-b93d-4ab3-9364-8d8d90eb4ba0/current/log_inprogress_0
2019-07-29 13:10:56,365 INFO  impl.RoleInfo (RoleInfo.java:shutdownFollowerState(121)) - 6a1b5377-3047-4a64-a74e-df6c24957807: shutdown FollowerState
2019-07-29 13:10:56,366 INFO  impl.RaftServerImpl (RaftServerImpl.java:setRole(171)) - 6a1b5377-3047-4a64-a74e-df6c24957807:group-C982827812A9 changes role from FOLLOWER to CANDIDATE at term 0 for changeToCandidate
2019-07-29 13:10:56,366 INFO  impl.RoleInfo (RoleInfo.java:updateAndGet(143)) - 6a1b5377-3047-4a64-a74e-df6c24957807: start LeaderElection
2019-07-29 13:10:56,386 INFO  impl.LeaderElection (LeaderElection.java:askForVotes(181)) - 6a1b5377-3047-4a64-a74e-df6c24957807:group-C982827812A9:LeaderElection8: begin an election at term 1 for -1: [6a1b5377-3047-4a64-a74e-df6c24957807:192.168.157.251:39712], old=null
2019-07-29 13:10:56,390 INFO  impl.RoleInfo (RoleInfo.java:shutdownLeaderElection(134)) - 6a1b5377-3047-4a64-a74e-df6c24957807: shutdown LeaderElection
2019-07-29 13:10:56,390 INFO  impl.RaftServerImpl (RaftServerImpl.java:setRole(171)) - 6a1b5377-3047-4a64-a74e-df6c24957807:group-C982827812A9 changes role from CANDIDATE to LEADER at term 1 for changeToLeader
2019-07-29 13:10:56,392 INFO  impl.RaftServerImpl (ServerState.java:setLeader(263)) - 6a1b5377-3047-4a64-a74e-df6c24957807:group-C982827812A9 change Leader from null to 6a1b5377-3047-4a64-a74e-df6c24957807 at term 1 for becomeLeader, leader elected after 5218ms
2019-07-29 13:10:56,394 INFO  server.RaftServerConfigKeys (ConfUtils.java:logGet(43)) - raft.server.staging.catchup.gap = 1000 (default)
2019-07-29 13:10:56,394 INFO  impl.RaftServerImpl (RaftServerImpl.java:setRole(171)) - 24f9dd8b-f327-461b-9edb-beec6c3ef35e:group-3C5B866695EA changes role from FOLLOWER to FOLLOWER at term 1 for recognizeCandidate:4c0483b0-36d5-414f-827c-178e4508b211
2019-07-29 13:10:56,394 INFO  server.RaftServerConfigKeys (ConfUtils.java:logGet(43)) - raft.server.rpc.sleep.time = 25ms (default)
2019-07-29 13:10:56,394 INFO  impl.RoleInfo (RoleInfo.java:shutdownFollowerState(121)) - 24f9dd8b-f327-461b-9edb-beec6c3ef35e: shutdown FollowerState
2019-07-29 13:10:56,394 INFO  server.RaftServerConfigKeys (ConfUtils.java:logGet(43)) - raft.server.write.element-limit = 4096 (default)
2019-07-29 13:10:56,395 INFO  impl.FollowerState (FollowerState.java:run(114)) - 24f9dd8b-f327-461b-9edb-beec6c3ef35e: FollowerState was interrupted: java.lang.InterruptedException: sleep interrupted
2019-07-29 13:10:56,395 INFO  impl.RoleInfo (RoleInfo.java:updateAndGet(143)) - 24f9dd8b-f327-461b-9edb-beec6c3ef35e: start FollowerState
2019-07-29 13:10:56,396 INFO  server.RaftServerConfigKeys (ConfUtils.java:logGet(43)) - raft.server.watch.timeout = 10s (default)
2019-07-29 13:10:56,399 INFO  server.RaftServerConfigKeys (ConfUtils.java:logGet(43)) - raft.server.watch.timeout.denomination = 1s (default)
2019-07-29 13:10:56,399 INFO  server.RaftServerConfigKeys (ConfUtils.java:logGet(43)) - raft.server.watch.element-limit = 65536 (default)
2019-07-29 13:10:56,399 INFO  impl.RoleInfo (RoleInfo.java:updateAndGet(143)) - 6a1b5377-3047-4a64-a74e-df6c24957807: start LeaderState
2019-07-29 13:10:56,400 INFO  segmented.SegmentedRaftLogWorker (SegmentedRaftLogWorker.java:startLogSegment(380)) - 6a1b5377-3047-4a64-a74e-df6c24957807-SegmentedRaftLogWorker:Storage Directory /workdir/hadoop-ozone/integration-test/target/test-dir/MiniOzoneClusterImpl-56fb08d0-7159-4344-a66c-a968ad0a645c/datanode-4/data/ratis/f600f0b9-3bdd-473e-8a76-c982827812a9: Starting segment from index:0
2019-07-29 13:10:56,400 INFO  impl.RaftServerImpl (ServerState.java:setRaftConf(361)) - 6a1b5377-3047-4a64-a74e-df6c24957807:group-C982827812A9 set configuration 0: [6a1b5377-3047-4a64-a74e-df6c24957807:192.168.157.251:39712], old=null at 0
2019-07-29 13:10:56,422 INFO  impl.FollowerState (FollowerState.java:run(106)) - 6a1b5377-3047-4a64-a74e-df6c24957807:group-1234645C2E52 changes to CANDIDATE, lastRpcTime:5032, electionTimeout:5016ms
2019-07-29 13:10:56,426 INFO  impl.RoleInfo (RoleInfo.java:shutdownFollowerState(121)) - 6a1b5377-3047-4a64-a74e-df6c24957807: shutdown FollowerState
2019-07-29 13:10:56,426 INFO  impl.RaftServerImpl (RaftServerImpl.java:setRole(171)) - 6a1b5377-3047-4a64-a74e-df6c24957807:group-1234645C2E52 changes role from FOLLOWER to CANDIDATE at term 0 for changeToCandidate
2019-07-29 13:10:56,426 INFO  impl.RoleInfo (RoleInfo.java:updateAndGet(143)) - 6a1b5377-3047-4a64-a74e-df6c24957807: start LeaderElection
2019-07-29 13:10:56,435 INFO  segmented.SegmentedRaftLogWorker (SegmentedRaftLogWorker.java:execute(569)) - 6a1b5377-3047-4a64-a74e-df6c24957807-SegmentedRaftLogWorker:Storage Directory /workdir/hadoop-ozone/integration-test/target/test-dir/MiniOzoneClusterImpl-56fb08d0-7159-4344-a66c-a968ad0a645c/datanode-4/data/ratis/f600f0b9-3bdd-473e-8a76-c982827812a9: created new log segment /workdir/hadoop-ozone/integration-test/target/test-dir/MiniOzoneClusterImpl-56fb08d0-7159-4344-a66c-a968ad0a645c/datanode-4/data/ratis/f600f0b9-3bdd-473e-8a76-c982827812a9/current/log_inprogress_0
2019-07-29 13:10:56,435 INFO  impl.LeaderElection (LeaderElection.java:askForVotes(181)) - 6a1b5377-3047-4a64-a74e-df6c24957807:group-1234645C2E52:LeaderElection9: begin an election at term 1 for -1: [6a1b5377-3047-4a64-a74e-df6c24957807:192.168.157.251:39712, 1bf30d03-7857-47e7-b118-8993854fbf0d:192.168.157.251:43148, 1634ae85-2e8a-4aeb-94f7-d0cc34871885:192.168.157.251:36476], old=null
2019-07-29 13:10:56,451 INFO  impl.LeaderElection (LeaderElection.java:logAndReturn(56)) - 4c0483b0-36d5-414f-827c-178e4508b211:group-3C5B866695EA:LeaderElection7: Election PASSED; received 2 response(s) [4c0483b0-36d5-414f-827c-178e4508b211<-24f9dd8b-f327-461b-9edb-beec6c3ef35e#0:OK-t1, 4c0483b0-36d5-414f-827c-178e4508b211<-1994e695-6ba9-48ba-8457-61d0fd104f6d#0:FAIL-t1] and 0 exception(s); 4c0483b0-36d5-414f-827c-178e4508b211:t1, leader=null, voted=4c0483b0-36d5-414f-827c-178e4508b211, raftlog=4c0483b0-36d5-414f-827c-178e4508b211-SegmentedRaftLog:OPENED:c-1,f-1,i0, conf=-1: [4c0483b0-36d5-414f-827c-178e4508b211:192.168.157.251:45331, 24f9dd8b-f327-461b-9edb-beec6c3ef35e:192.168.157.251:33822, 1994e695-6ba9-48ba-8457-61d0fd104f6d:192.168.157.251:34946], old=null
2019-07-29 13:10:56,459 INFO  impl.LeaderElection (LeaderElection.java:logAndReturn(56)) - 1994e695-6ba9-48ba-8457-61d0fd104f6d:group-3C5B866695EA:LeaderElection6: Election REJECTED; received 2 response(s) [1994e695-6ba9-48ba-8457-61d0fd104f6d<-4c0483b0-36d5-414f-827c-178e4508b211#0:FAIL-t1, 1994e695-6ba9-48ba-8457-61d0fd104f6d<-24f9dd8b-f327-461b-9edb-beec6c3ef35e#0:FAIL-t1] and 0 exception(s); 1994e695-6ba9-48ba-8457-61d0fd104f6d:t1, leader=null, voted=1994e695-6ba9-48ba-8457-61d0fd104f6d, raftlog=1994e695-6ba9-48ba-8457-61d0fd104f6d-SegmentedRaftLog:OPENED:c-1,f-1,i0, conf=-1: [4c0483b0-36d5-414f-827c-178e4508b211:192.168.157.251:45331, 24f9dd8b-f327-461b-9edb-beec6c3ef35e:192.168.157.251:33822, 1994e695-6ba9-48ba-8457-61d0fd104f6d:192.168.157.251:34946], old=null
2019-07-29 13:10:56,459 INFO  impl.RoleInfo (RoleInfo.java:shutdownLeaderElection(134)) - 4c0483b0-36d5-414f-827c-178e4508b211: shutdown LeaderElection
2019-07-29 13:10:56,463 INFO  impl.RaftServerImpl (RaftServerImpl.java:setRole(171)) - 4c0483b0-36d5-414f-827c-178e4508b211:group-3C5B866695EA changes role from CANDIDATE to LEADER at term 1 for changeToLeader
2019-07-29 13:10:56,463 INFO  impl.RaftServerImpl (ServerState.java:setLeader(263)) - 4c0483b0-36d5-414f-827c-178e4508b211:group-3C5B866695EA change Leader from null to 4c0483b0-36d5-414f-827c-178e4508b211 at term 1 for becomeLeader, leader elected after 5197ms
2019-07-29 13:10:56,465 INFO  impl.RaftServerImpl (RaftServerImpl.java:setRole(171)) - 1994e695-6ba9-48ba-8457-61d0fd104f6d:group-3C5B866695EA changes role from CANDIDATE to FOLLOWER at term 1 for DISCOVERED_A_NEW_TERM
2019-07-29 13:10:56,466 INFO  server.RaftServerConfigKeys (ConfUtils.java:logGet(43)) - raft.server.staging.catchup.gap = 1000 (default)
2019-07-29 13:10:56,467 INFO  impl.RoleInfo (RoleInfo.java:shutdownLeaderElection(134)) - 1994e695-6ba9-48ba-8457-61d0fd104f6d: shutdown LeaderElection
2019-07-29 13:10:56,470 INFO  server.RaftServerConfigKeys (ConfUtils.java:logGet(43)) - raft.server.rpc.sleep.time = 25ms (default)
2019-07-29 13:10:56,470 INFO  impl.RoleInfo (RoleInfo.java:updateAndGet(143)) - 1994e695-6ba9-48ba-8457-61d0fd104f6d: start FollowerState
2019-07-29 13:10:56,471 INFO  server.RaftServerConfigKeys (ConfUtils.java:logGet(43)) - raft.server.write.element-limit = 4096 (default)
2019-07-29 13:10:56,471 INFO  server.RaftServerConfigKeys (ConfUtils.java:logGet(43)) - raft.server.watch.timeout = 10s (default)
2019-07-29 13:10:56,473 INFO  server.RaftServerConfigKeys (ConfUtils.java:logGet(43)) - raft.server.watch.timeout.denomination = 1s (default)
2019-07-29 13:10:56,473 INFO  server.RaftServerConfigKeys (ConfUtils.java:logGet(43)) - raft.server.watch.element-limit = 65536 (default)
2019-07-29 13:10:56,483 INFO  impl.RaftServerImpl (RaftServerImpl.java:setRole(171)) - 1bf30d03-7857-47e7-b118-8993854fbf0d:group-1234645C2E52 changes role from FOLLOWER to FOLLOWER at term 1 for recognizeCandidate:6a1b5377-3047-4a64-a74e-df6c24957807
2019-07-29 13:10:56,485 INFO  impl.RaftServerImpl (RaftServerImpl.java:setRole(171)) - 1634ae85-2e8a-4aeb-94f7-d0cc34871885:group-1234645C2E52 changes role from FOLLOWER to FOLLOWER at term 1 for recognizeCandidate:6a1b5377-3047-4a64-a74e-df6c24957807
2019-07-29 13:10:56,485 INFO  impl.RoleInfo (RoleInfo.java:shutdownFollowerState(121)) - 1bf30d03-7857-47e7-b118-8993854fbf0d: shutdown FollowerState
2019-07-29 13:10:56,485 INFO  server.RaftServerConfigKeys (ConfUtils.java:logGet(43)) - raft.server.log.appender.snapshot.chunk.size.max = 16MB (=16777216) (default)
2019-07-29 13:10:56,485 INFO  impl.RoleInfo (RoleInfo.java:shutdownFollowerState(121)) - 1634ae85-2e8a-4aeb-94f7-d0cc34871885: shutdown FollowerState
2019-07-29 13:10:56,486 INFO  server.RaftServerConfigKeys (ConfUtils.java:logGet(43)) - raft.server.log.appender.buffer.byte-limit = 33554432 (custom)
2019-07-29 13:10:56,486 INFO  impl.FollowerState (FollowerState.java:run(114)) - 1bf30d03-7857-47e7-b118-8993854fbf0d: FollowerState was interrupted: java.lang.InterruptedException: sleep interrupted
2019-07-29 13:10:56,486 INFO  impl.RoleInfo (RoleInfo.java:updateAndGet(143)) - 1bf30d03-7857-47e7-b118-8993854fbf0d: start FollowerState
2019-07-29 13:10:56,486 INFO  impl.FollowerState (FollowerState.java:run(114)) - 1634ae85-2e8a-4aeb-94f7-d0cc34871885: FollowerState was interrupted: java.lang.InterruptedException: sleep interrupted
2019-07-29 13:10:56,486 INFO  impl.RoleInfo (RoleInfo.java:updateAndGet(143)) - 1634ae85-2e8a-4aeb-94f7-d0cc34871885: start FollowerState
2019-07-29 13:10:56,488 INFO  server.RaftServerConfigKeys (ConfUtils.java:logGet(43)) - raft.server.log.appender.buffer.element-limit = 1 (custom)
2019-07-29 13:10:56,494 INFO  grpc.GrpcConfigKeys$Server (ConfUtils.java:logGet(43)) - raft.grpc.server.leader.outstanding.appends.max = 128 (default)
2019-07-29 13:10:56,496 INFO  server.RaftServerConfigKeys (ConfUtils.java:logGet(43)) - raft.server.rpc.request.timeout = 3000ms (default)
2019-07-29 13:10:56,496 INFO  server.RaftServerConfigKeys (ConfUtils.java:logGet(43)) - raft.server.log.appender.install.snapshot.enabled = false (custom)
2019-07-29 13:10:56,496 INFO  server.RaftServerConfigKeys (ConfUtils.java:logGet(43)) - raft.server.log.appender.snapshot.chunk.size.max = 16MB (=16777216) (default)
2019-07-29 13:10:56,496 INFO  server.RaftServerConfigKeys (ConfUtils.java:logGet(43)) - raft.server.log.appender.buffer.byte-limit = 33554432 (custom)
2019-07-29 13:10:56,497 INFO  server.RaftServerConfigKeys (ConfUtils.java:logGet(43)) - raft.server.log.appender.buffer.element-limit = 1 (custom)
2019-07-29 13:10:56,497 INFO  grpc.GrpcConfigKeys$Server (ConfUtils.java:logGet(43)) - raft.grpc.server.leader.outstanding.appends.max = 128 (default)
2019-07-29 13:10:56,497 INFO  server.RaftServerConfigKeys (ConfUtils.java:logGet(43)) - raft.server.rpc.request.timeout = 3000ms (default)
2019-07-29 13:10:56,497 INFO  server.RaftServerConfigKeys (ConfUtils.java:logGet(43)) - raft.server.log.appender.install.snapshot.enabled = false (custom)
2019-07-29 13:10:56,498 INFO  impl.RoleInfo (RoleInfo.java:updateAndGet(143)) - 4c0483b0-36d5-414f-827c-178e4508b211: start LeaderState
2019-07-29 13:10:56,499 INFO  segmented.SegmentedRaftLogWorker (SegmentedRaftLogWorker.java:startLogSegment(380)) - 4c0483b0-36d5-414f-827c-178e4508b211-SegmentedRaftLogWorker:Storage Directory /workdir/hadoop-ozone/integration-test/target/test-dir/MiniOzoneClusterImpl-56fb08d0-7159-4344-a66c-a968ad0a645c/datanode-5/data/ratis/7301b9e2-ef41-4004-950f-3c5b866695ea: Starting segment from index:0
2019-07-29 13:10:56,500 INFO  impl.RaftServerImpl (ServerState.java:setRaftConf(361)) - 4c0483b0-36d5-414f-827c-178e4508b211:group-3C5B866695EA set configuration 0: [4c0483b0-36d5-414f-827c-178e4508b211:192.168.157.251:45331, 24f9dd8b-f327-461b-9edb-beec6c3ef35e:192.168.157.251:33822, 1994e695-6ba9-48ba-8457-61d0fd104f6d:192.168.157.251:34946], old=null at 0
2019-07-29 13:10:56,522 INFO  impl.LeaderElection (LeaderElection.java:logAndReturn(56)) - 6a1b5377-3047-4a64-a74e-df6c24957807:group-1234645C2E52:LeaderElection9: Election PASSED; received 1 response(s) [6a1b5377-3047-4a64-a74e-df6c24957807<-1634ae85-2e8a-4aeb-94f7-d0cc34871885#0:OK-t1] and 0 exception(s); 6a1b5377-3047-4a64-a74e-df6c24957807:t1, leader=null, voted=6a1b5377-3047-4a64-a74e-df6c24957807, raftlog=6a1b5377-3047-4a64-a74e-df6c24957807-SegmentedRaftLog:OPENED:c-1,f-1,i0, conf=-1: [6a1b5377-3047-4a64-a74e-df6c24957807:192.168.157.251:39712, 1bf30d03-7857-47e7-b118-8993854fbf0d:192.168.157.251:43148, 1634ae85-2e8a-4aeb-94f7-d0cc34871885:192.168.157.251:36476], old=null
2019-07-29 13:10:56,524 INFO  impl.RoleInfo (RoleInfo.java:shutdownLeaderElection(134)) - 6a1b5377-3047-4a64-a74e-df6c24957807: shutdown LeaderElection
2019-07-29 13:10:56,524 INFO  impl.RaftServerImpl (RaftServerImpl.java:setRole(171)) - 6a1b5377-3047-4a64-a74e-df6c24957807:group-1234645C2E52 changes role from CANDIDATE to LEADER at term 1 for changeToLeader
2019-07-29 13:10:56,526 INFO  impl.RaftServerImpl (ServerState.java:setLeader(263)) - 6a1b5377-3047-4a64-a74e-df6c24957807:group-1234645C2E52 change Leader from null to 6a1b5377-3047-4a64-a74e-df6c24957807 at term 1 for becomeLeader, leader elected after 5155ms
2019-07-29 13:10:56,528 INFO  segmented.SegmentedRaftLogWorker (SegmentedRaftLogWorker.java:execute(569)) - 4c0483b0-36d5-414f-827c-178e4508b211-SegmentedRaftLogWorker:Storage Directory /workdir/hadoop-ozone/integration-test/target/test-dir/MiniOzoneClusterImpl-56fb08d0-7159-4344-a66c-a968ad0a645c/datanode-5/data/ratis/7301b9e2-ef41-4004-950f-3c5b866695ea: created new log segment /workdir/hadoop-ozone/integration-test/target/test-dir/MiniOzoneClusterImpl-56fb08d0-7159-4344-a66c-a968ad0a645c/datanode-5/data/ratis/7301b9e2-ef41-4004-950f-3c5b866695ea/current/log_inprogress_0
2019-07-29 13:10:56,531 INFO  server.RaftServerConfigKeys (ConfUtils.java:logGet(43)) - raft.server.staging.catchup.gap = 1000 (default)
2019-07-29 13:10:56,531 INFO  server.RaftServerConfigKeys (ConfUtils.java:logGet(43)) - raft.server.rpc.sleep.time = 25ms (default)
2019-07-29 13:10:56,531 INFO  server.RaftServerConfigKeys (ConfUtils.java:logGet(43)) - raft.server.write.element-limit = 4096 (default)
2019-07-29 13:10:56,531 INFO  server.RaftServerConfigKeys (ConfUtils.java:logGet(43)) - raft.server.watch.timeout = 10s (default)
2019-07-29 13:10:56,533 INFO  server.RaftServerConfigKeys (ConfUtils.java:logGet(43)) - raft.server.watch.timeout.denomination = 1s (default)
2019-07-29 13:10:56,534 INFO  server.RaftServerConfigKeys (ConfUtils.java:logGet(43)) - raft.server.watch.element-limit = 65536 (default)
2019-07-29 13:10:56,534 INFO  server.RaftServerConfigKeys (ConfUtils.java:logGet(43)) - raft.server.log.appender.snapshot.chunk.size.max = 16MB (=16777216) (default)
2019-07-29 13:10:56,534 INFO  server.RaftServerConfigKeys (ConfUtils.java:logGet(43)) - raft.server.log.appender.buffer.byte-limit = 33554432 (custom)
2019-07-29 13:10:56,534 INFO  server.RaftServerConfigKeys (ConfUtils.java:logGet(43)) - raft.server.log.appender.buffer.element-limit = 1 (custom)
2019-07-29 13:10:56,535 INFO  grpc.GrpcConfigKeys$Server (ConfUtils.java:logGet(43)) - raft.grpc.server.leader.outstanding.appends.max = 128 (default)
2019-07-29 13:10:56,535 INFO  server.RaftServerConfigKeys (ConfUtils.java:logGet(43)) - raft.server.rpc.request.timeout = 3000ms (default)
2019-07-29 13:10:56,535 INFO  server.RaftServerConfigKeys (ConfUtils.java:logGet(43)) - raft.server.log.appender.install.snapshot.enabled = false (custom)
2019-07-29 13:10:56,535 INFO  server.RaftServerConfigKeys (ConfUtils.java:logGet(43)) - raft.server.log.appender.snapshot.chunk.size.max = 16MB (=16777216) (default)
2019-07-29 13:10:56,535 INFO  server.RaftServerConfigKeys (ConfUtils.java:logGet(43)) - raft.server.log.appender.buffer.byte-limit = 33554432 (custom)
2019-07-29 13:10:56,535 INFO  server.RaftServerConfigKeys (ConfUtils.java:logGet(43)) - raft.server.log.appender.buffer.element-limit = 1 (custom)
2019-07-29 13:10:56,536 INFO  grpc.GrpcConfigKeys$Server (ConfUtils.java:logGet(43)) - raft.grpc.server.leader.outstanding.appends.max = 128 (default)
2019-07-29 13:10:56,536 INFO  server.RaftServerConfigKeys (ConfUtils.java:logGet(43)) - raft.server.rpc.request.timeout = 3000ms (default)
2019-07-29 13:10:56,536 INFO  server.RaftServerConfigKeys (ConfUtils.java:logGet(43)) - raft.server.log.appender.install.snapshot.enabled = false (custom)
2019-07-29 13:10:56,536 INFO  impl.RoleInfo (RoleInfo.java:updateAndGet(143)) - 6a1b5377-3047-4a64-a74e-df6c24957807: start LeaderState
2019-07-29 13:10:56,536 INFO  segmented.SegmentedRaftLogWorker (SegmentedRaftLogWorker.java:startLogSegment(380)) - 6a1b5377-3047-4a64-a74e-df6c24957807-SegmentedRaftLogWorker:Storage Directory /workdir/hadoop-ozone/integration-test/target/test-dir/MiniOzoneClusterImpl-56fb08d0-7159-4344-a66c-a968ad0a645c/datanode-4/data/ratis/f30e71f3-6697-48e9-ae87-1234645c2e52: Starting segment from index:0
2019-07-29 13:10:56,539 INFO  impl.RaftServerImpl (ServerState.java:setRaftConf(361)) - 6a1b5377-3047-4a64-a74e-df6c24957807:group-1234645C2E52 set configuration 0: [6a1b5377-3047-4a64-a74e-df6c24957807:192.168.157.251:39712, 1bf30d03-7857-47e7-b118-8993854fbf0d:192.168.157.251:43148, 1634ae85-2e8a-4aeb-94f7-d0cc34871885:192.168.157.251:36476], old=null at 0
2019-07-29 13:10:56,566 INFO  impl.RaftServerImpl (ServerState.java:setLeader(263)) - 1bf30d03-7857-47e7-b118-8993854fbf0d:group-1234645C2E52 change Leader from null to 6a1b5377-3047-4a64-a74e-df6c24957807 at term 1 for appendEntries, leader elected after 5195ms
2019-07-29 13:10:56,568 INFO  impl.RaftServerImpl (ServerState.java:setLeader(263)) - 24f9dd8b-f327-461b-9edb-beec6c3ef35e:group-3C5B866695EA change Leader from null to 4c0483b0-36d5-414f-827c-178e4508b211 at term 1 for appendEntries, leader elected after 5303ms
2019-07-29 13:10:56,568 INFO  impl.RaftServerImpl (ServerState.java:setLeader(263)) - 1634ae85-2e8a-4aeb-94f7-d0cc34871885:group-1234645C2E52 change Leader from null to 6a1b5377-3047-4a64-a74e-df6c24957807 at term 1 for appendEntries, leader elected after 5197ms
2019-07-29 13:10:56,568 INFO  segmented.SegmentedRaftLogWorker (SegmentedRaftLogWorker.java:execute(569)) - 6a1b5377-3047-4a64-a74e-df6c24957807-SegmentedRaftLogWorker:Storage Directory /workdir/hadoop-ozone/integration-test/target/test-dir/MiniOzoneClusterImpl-56fb08d0-7159-4344-a66c-a968ad0a645c/datanode-4/data/ratis/f30e71f3-6697-48e9-ae87-1234645c2e52: created new log segment /workdir/hadoop-ozone/integration-test/target/test-dir/MiniOzoneClusterImpl-56fb08d0-7159-4344-a66c-a968ad0a645c/datanode-4/data/ratis/f30e71f3-6697-48e9-ae87-1234645c2e52/current/log_inprogress_0
2019-07-29 13:10:56,566 INFO  impl.RaftServerImpl (ServerState.java:setLeader(263)) - 1994e695-6ba9-48ba-8457-61d0fd104f6d:group-3C5B866695EA change Leader from null to 4c0483b0-36d5-414f-827c-178e4508b211 at term 1 for appendEntries, leader elected after 5301ms
2019-07-29 13:10:56,584 INFO  client.GrpcClientProtocolClient (GrpcClientProtocolClient.java:onNext(255)) - client-948CF8E9EA5E->24f9dd8b-f327-461b-9edb-beec6c3ef35e: receive RaftClientReply:client-948CF8E9EA5E->24f9dd8b-f327-461b-9edb-beec6c3ef35e@group-3C5B866695EA, cid=12, FAILED org.apache.ratis.protocol.NotLeaderException: Server 24f9dd8b-f327-461b-9edb-beec6c3ef35e is not the leader (4c0483b0-36d5-414f-827c-178e4508b211:192.168.157.251:45331). Request must be sent to leader., logIndex=0, commits[24f9dd8b-f327-461b-9edb-beec6c3ef35e:c-1, 4c0483b0-36d5-414f-827c-178e4508b211:c-1, 1994e695-6ba9-48ba-8457-61d0fd104f6d:c-1]
2019-07-29 13:10:56,607 WARN  io.KeyOutputStream (KeyOutputStream.java:handleException(276)) - Encountered exception java.io.IOException: Unexpected Storage Container Exception: java.util.concurrent.CompletionException: java.util.concurrent.CompletionException: org.apache.ratis.protocol.RaftRetryFailureException: Failed RaftClientRequest:client-948CF8E9EA5E->24f9dd8b-f327-461b-9edb-beec6c3ef35e@group-3C5B866695EA, cid=12, seq=1*, RW, org.apache.hadoop.hdds.scm.XceiverClientRatis$$Lambda$314/1993403607@63e993d0 for 5 attempts with RetryLimited(maxAttempts=5, sleepTime=1000ms) on the pipeline Pipeline[ Id: 7301b9e2-ef41-4004-950f-3c5b866695ea, Nodes: 4c0483b0-36d5-414f-827c-178e4508b211{ip: 192.168.157.251, host: byscane-nightly-dxn5b-515312600, networkLocation: /default-rack, certSerialId: null}1994e695-6ba9-48ba-8457-61d0fd104f6d{ip: 192.168.157.251, host: byscane-nightly-dxn5b-515312600, networkLocation: /default-rack, certSerialId: null}24f9dd8b-f327-461b-9edb-beec6c3ef35e{ip: 192.168.157.251, host: byscane-nightly-dxn5b-515312600, networkLocation: /default-rack, certSerialId: null}, Type:RATIS, Factor:THREE, State:OPEN]. The last committed block length is 0, uncommitted data length is 2097152 retry count 0
2019-07-29 13:10:56,630 INFO  impl.RaftServerImpl (ServerState.java:setRaftConf(361)) - 1634ae85-2e8a-4aeb-94f7-d0cc34871885:group-1234645C2E52 set configuration 0: [6a1b5377-3047-4a64-a74e-df6c24957807:192.168.157.251:39712, 1bf30d03-7857-47e7-b118-8993854fbf0d:192.168.157.251:43148, 1634ae85-2e8a-4aeb-94f7-d0cc34871885:192.168.157.251:36476], old=null at 0
2019-07-29 13:10:56,632 INFO  impl.RaftServerImpl (ServerState.java:setRaftConf(361)) - 1994e695-6ba9-48ba-8457-61d0fd104f6d:group-3C5B866695EA set configuration 0: [4c0483b0-36d5-414f-827c-178e4508b211:192.168.157.251:45331, 24f9dd8b-f327-461b-9edb-beec6c3ef35e:192.168.157.251:33822, 1994e695-6ba9-48ba-8457-61d0fd104f6d:192.168.157.251:34946], old=null at 0
2019-07-29 13:10:56,632 INFO  impl.RaftServerImpl (ServerState.java:setRaftConf(361)) - 24f9dd8b-f327-461b-9edb-beec6c3ef35e:group-3C5B866695EA set configuration 0: [4c0483b0-36d5-414f-827c-178e4508b211:192.168.157.251:45331, 24f9dd8b-f327-461b-9edb-beec6c3ef35e:192.168.157.251:33822, 1994e695-6ba9-48ba-8457-61d0fd104f6d:192.168.157.251:34946], old=null at 0
2019-07-29 13:10:56,630 INFO  impl.RaftServerImpl (ServerState.java:setRaftConf(361)) - 1bf30d03-7857-47e7-b118-8993854fbf0d:group-1234645C2E52 set configuration 0: [6a1b5377-3047-4a64-a74e-df6c24957807:192.168.157.251:39712, 1bf30d03-7857-47e7-b118-8993854fbf0d:192.168.157.251:43148, 1634ae85-2e8a-4aeb-94f7-d0cc34871885:192.168.157.251:36476], old=null at 0
2019-07-29 13:10:56,634 INFO  segmented.SegmentedRaftLogWorker (SegmentedRaftLogWorker.java:startLogSegment(380)) - 24f9dd8b-f327-461b-9edb-beec6c3ef35e-SegmentedRaftLogWorker:Storage Directory /workdir/hadoop-ozone/integration-test/target/test-dir/MiniOzoneClusterImpl-56fb08d0-7159-4344-a66c-a968ad0a645c/datanode-1/data/ratis/7301b9e2-ef41-4004-950f-3c5b866695ea: Starting segment from index:0
2019-07-29 13:10:56,634 INFO  segmented.SegmentedRaftLogWorker (SegmentedRaftLogWorker.java:startLogSegment(380)) - 1994e695-6ba9-48ba-8457-61d0fd104f6d-SegmentedRaftLogWorker:Storage Directory /workdir/hadoop-ozone/integration-test/target/test-dir/MiniOzoneClusterImpl-56fb08d0-7159-4344-a66c-a968ad0a645c/datanode-0/data/ratis/7301b9e2-ef41-4004-950f-3c5b866695ea: Starting segment from index:0
2019-07-29 13:10:56,634 INFO  segmented.SegmentedRaftLogWorker (SegmentedRaftLogWorker.java:startLogSegment(380)) - 1634ae85-2e8a-4aeb-94f7-d0cc34871885-SegmentedRaftLogWorker:Storage Directory /workdir/hadoop-ozone/integration-test/target/test-dir/MiniOzoneClusterImpl-56fb08d0-7159-4344-a66c-a968ad0a645c/datanode-3/data/ratis/f30e71f3-6697-48e9-ae87-1234645c2e52: Starting segment from index:0
2019-07-29 13:10:56,635 INFO  segmented.SegmentedRaftLogWorker (SegmentedRaftLogWorker.java:startLogSegment(380)) - 1bf30d03-7857-47e7-b118-8993854fbf0d-SegmentedRaftLogWorker:Storage Directory /workdir/hadoop-ozone/integration-test/target/test-dir/MiniOzoneClusterImpl-56fb08d0-7159-4344-a66c-a968ad0a645c/datanode-2/data/ratis/f30e71f3-6697-48e9-ae87-1234645c2e52: Starting segment from index:0
2019-07-29 13:10:56,663 INFO  segmented.SegmentedRaftLogWorker (SegmentedRaftLogWorker.java:execute(569)) - 24f9dd8b-f327-461b-9edb-beec6c3ef35e-SegmentedRaftLogWorker:Storage Directory /workdir/hadoop-ozone/integration-test/target/test-dir/MiniOzoneClusterImpl-56fb08d0-7159-4344-a66c-a968ad0a645c/datanode-1/data/ratis/7301b9e2-ef41-4004-950f-3c5b866695ea: created new log segment /workdir/hadoop-ozone/integration-test/target/test-dir/MiniOzoneClusterImpl-56fb08d0-7159-4344-a66c-a968ad0a645c/datanode-1/data/ratis/7301b9e2-ef41-4004-950f-3c5b866695ea/current/log_inprogress_0
2019-07-29 13:10:56,663 INFO  segmented.SegmentedRaftLogWorker (SegmentedRaftLogWorker.java:execute(569)) - 1bf30d03-7857-47e7-b118-8993854fbf0d-SegmentedRaftLogWorker:Storage Directory /workdir/hadoop-ozone/integration-test/target/test-dir/MiniOzoneClusterImpl-56fb08d0-7159-4344-a66c-a968ad0a645c/datanode-2/data/ratis/f30e71f3-6697-48e9-ae87-1234645c2e52: created new log segment /workdir/hadoop-ozone/integration-test/target/test-dir/MiniOzoneClusterImpl-56fb08d0-7159-4344-a66c-a968ad0a645c/datanode-2/data/ratis/f30e71f3-6697-48e9-ae87-1234645c2e52/current/log_inprogress_0
2019-07-29 13:10:56,663 INFO  segmented.SegmentedRaftLogWorker (SegmentedRaftLogWorker.java:execute(569)) - 1634ae85-2e8a-4aeb-94f7-d0cc34871885-SegmentedRaftLogWorker:Storage Directory /workdir/hadoop-ozone/integration-test/target/test-dir/MiniOzoneClusterImpl-56fb08d0-7159-4344-a66c-a968ad0a645c/datanode-3/data/ratis/f30e71f3-6697-48e9-ae87-1234645c2e52: created new log segment /workdir/hadoop-ozone/integration-test/target/test-dir/MiniOzoneClusterImpl-56fb08d0-7159-4344-a66c-a968ad0a645c/datanode-3/data/ratis/f30e71f3-6697-48e9-ae87-1234645c2e52/current/log_inprogress_0
2019-07-29 13:10:56,663 INFO  segmented.SegmentedRaftLogWorker (SegmentedRaftLogWorker.java:execute(569)) - 1994e695-6ba9-48ba-8457-61d0fd104f6d-SegmentedRaftLogWorker:Storage Directory /workdir/hadoop-ozone/integration-test/target/test-dir/MiniOzoneClusterImpl-56fb08d0-7159-4344-a66c-a968ad0a645c/datanode-0/data/ratis/7301b9e2-ef41-4004-950f-3c5b866695ea: created new log segment /workdir/hadoop-ozone/integration-test/target/test-dir/MiniOzoneClusterImpl-56fb08d0-7159-4344-a66c-a968ad0a645c/datanode-0/data/ratis/7301b9e2-ef41-4004-950f-3c5b866695ea/current/log_inprogress_0
2019-07-29 13:10:56,681 INFO  client.GrpcClientProtocolClient (GrpcClientProtocolClient.java:onNext(255)) - client-4282C1C8F3F0->1bf30d03-7857-47e7-b118-8993854fbf0d: receive RaftClientReply:client-4282C1C8F3F0->1bf30d03-7857-47e7-b118-8993854fbf0d@group-1234645C2E52, cid=16, FAILED org.apache.ratis.protocol.NotLeaderException: Server 1bf30d03-7857-47e7-b118-8993854fbf0d is not the leader (6a1b5377-3047-4a64-a74e-df6c24957807:192.168.157.251:39712). Request must be sent to leader., logIndex=0, commits[1bf30d03-7857-47e7-b118-8993854fbf0d:c-1, 6a1b5377-3047-4a64-a74e-df6c24957807:c0, 1634ae85-2e8a-4aeb-94f7-d0cc34871885:c-1]
2019-07-29 13:10:56,979 INFO  client.GrpcClientProtocolClient (GrpcClientProtocolClient.java:onNext(255)) - client-4282C1C8F3F0->6a1b5377-3047-4a64-a74e-df6c24957807: receive RaftClientReply:client-4282C1C8F3F0->6a1b5377-3047-4a64-a74e-df6c24957807@group-1234645C2E52, cid=16, SUCCESS, logIndex=1, commits[6a1b5377-3047-4a64-a74e-df6c24957807:c1, 1bf30d03-7857-47e7-b118-8993854fbf0d:c0, 1634ae85-2e8a-4aeb-94f7-d0cc34871885:c0]
2019-07-29 13:10:57,088 INFO  client.GrpcClientProtocolClient (GrpcClientProtocolClient.java:onNext(255)) - client-4282C1C8F3F0->6a1b5377-3047-4a64-a74e-df6c24957807: receive RaftClientReply:client-4282C1C8F3F0->6a1b5377-3047-4a64-a74e-df6c24957807@group-1234645C2E52, cid=17, SUCCESS, logIndex=3, commits[6a1b5377-3047-4a64-a74e-df6c24957807:c8, 1bf30d03-7857-47e7-b118-8993854fbf0d:c6, 1634ae85-2e8a-4aeb-94f7-d0cc34871885:c6]
2019-07-29 13:10:57,092 INFO  client.GrpcClientProtocolClient (GrpcClientProtocolClient.java:onNext(255)) - client-4282C1C8F3F0->6a1b5377-3047-4a64-a74e-df6c24957807: receive RaftClientReply:client-4282C1C8F3F0->6a1b5377-3047-4a64-a74e-df6c24957807@group-1234645C2E52, cid=18, SUCCESS, logIndex=4, commits[6a1b5377-3047-4a64-a74e-df6c24957807:c8, 1bf30d03-7857-47e7-b118-8993854fbf0d:c6, 1634ae85-2e8a-4aeb-94f7-d0cc34871885:c6]
2019-07-29 13:10:57,169 INFO  client.GrpcClientProtocolClient (GrpcClientProtocolClient.java:onNext(255)) - client-4282C1C8F3F0->6a1b5377-3047-4a64-a74e-df6c24957807: receive RaftClientReply:client-4282C1C8F3F0->6a1b5377-3047-4a64-a74e-df6c24957807@group-1234645C2E52, cid=19, SUCCESS, logIndex=5, commits[6a1b5377-3047-4a64-a74e-df6c24957807:c8, 1bf30d03-7857-47e7-b118-8993854fbf0d:c6, 1634ae85-2e8a-4aeb-94f7-d0cc34871885:c6]
2019-07-29 13:10:57,233 INFO  client.GrpcClientProtocolClient (GrpcClientProtocolClient.java:onNext(255)) - client-4282C1C8F3F0->6a1b5377-3047-4a64-a74e-df6c24957807: receive RaftClientReply:client-4282C1C8F3F0->6a1b5377-3047-4a64-a74e-df6c24957807@group-1234645C2E52, cid=20, SUCCESS, logIndex=9, commits[6a1b5377-3047-4a64-a74e-df6c24957807:c10, 1bf30d03-7857-47e7-b118-8993854fbf0d:c8, 1634ae85-2e8a-4aeb-94f7-d0cc34871885:c8]
2019-07-29 13:10:57,242 INFO  client.GrpcClientProtocolClient (GrpcClientProtocolClient.java:onNext(255)) - client-4282C1C8F3F0->6a1b5377-3047-4a64-a74e-df6c24957807: receive RaftClientReply:client-4282C1C8F3F0->6a1b5377-3047-4a64-a74e-df6c24957807@group-1234645C2E52, cid=21, SUCCESS, logIndex=10, commits[6a1b5377-3047-4a64-a74e-df6c24957807:c10, 1bf30d03-7857-47e7-b118-8993854fbf0d:c8, 1634ae85-2e8a-4aeb-94f7-d0cc34871885:c8]
2019-07-29 13:10:57,249 INFO  client.GrpcClientProtocolClient (GrpcClientProtocolClient.java:onNext(255)) - client-4282C1C8F3F0->6a1b5377-3047-4a64-a74e-df6c24957807: receive RaftClientReply:client-4282C1C8F3F0->6a1b5377-3047-4a64-a74e-df6c24957807@group-1234645C2E52, cid=22, SUCCESS, logIndex=11, commits[6a1b5377-3047-4a64-a74e-df6c24957807:c12, 1bf30d03-7857-47e7-b118-8993854fbf0d:c8, 1634ae85-2e8a-4aeb-94f7-d0cc34871885:c8]
2019-07-29 13:10:57,252 INFO  client.GrpcClientProtocolClient (GrpcClientProtocolClient.java:onNext(255)) - client-4282C1C8F3F0->6a1b5377-3047-4a64-a74e-df6c24957807: receive RaftClientReply:client-4282C1C8F3F0->6a1b5377-3047-4a64-a74e-df6c24957807@group-1234645C2E52, cid=23, SUCCESS, logIndex=12, commits[6a1b5377-3047-4a64-a74e-df6c24957807:c12, 1bf30d03-7857-47e7-b118-8993854fbf0d:c8, 1634ae85-2e8a-4aeb-94f7-d0cc34871885:c8]
2019-07-29 13:10:57,295 INFO  client.GrpcClientProtocolClient (GrpcClientProtocolClient.java:onNext(255)) - client-4282C1C8F3F0->6a1b5377-3047-4a64-a74e-df6c24957807: receive RaftClientReply:client-4282C1C8F3F0->6a1b5377-3047-4a64-a74e-df6c24957807@group-1234645C2E52, cid=24, SUCCESS, logIndex=0, commits[6a1b5377-3047-4a64-a74e-df6c24957807:c16, 1bf30d03-7857-47e7-b118-8993854fbf0d:c12, 1634ae85-2e8a-4aeb-94f7-d0cc34871885:c12]
2019-07-29 13:10:57,302 INFO  client.GrpcClientProtocolClient (GrpcClientProtocolClient.java:onNext(255)) - client-4282C1C8F3F0->6a1b5377-3047-4a64-a74e-df6c24957807: receive RaftClientReply:client-4282C1C8F3F0->6a1b5377-3047-4a64-a74e-df6c24957807@group-1234645C2E52, cid=25, SUCCESS, logIndex=0, commits[6a1b5377-3047-4a64-a74e-df6c24957807:c16, 1bf30d03-7857-47e7-b118-8993854fbf0d:c12, 1634ae85-2e8a-4aeb-94f7-d0cc34871885:c12]
2019-07-29 13:10:57,320 INFO  datanode.ObjectStoreHandler (ObjectStoreHandler.java:close(155)) - Closing ObjectStoreHandler.
2019-07-29 13:10:57,322 INFO  ozone.HddsDatanodeService (HddsDatanodeService.java:stop(451)) - Stopped plug-in org.apache.hadoop.ozone.web.OzoneHddsDatanodeService@6a98f353
2019-07-29 13:10:57,468 INFO  statemachine.DatanodeStateMachine (DatanodeStateMachine.java:lambda$startDaemon$0(350)) - Ozone container server started.
2019-07-29 13:10:57,489 INFO  client.GrpcClientProtocolClient (GrpcClientProtocolClient.java:onNext(255)) - client-4282C1C8F3F0->6a1b5377-3047-4a64-a74e-df6c24957807: receive RaftClientReply:client-4282C1C8F3F0->6a1b5377-3047-4a64-a74e-df6c24957807@group-1234645C2E52, cid=26, SUCCESS, logIndex=17, commits[6a1b5377-3047-4a64-a74e-df6c24957807:c18, 1bf30d03-7857-47e7-b118-8993854fbf0d:c16, 1634ae85-2e8a-4aeb-94f7-d0cc34871885:c16]
2019-07-29 13:10:57,534 INFO  client.GrpcClientProtocolClient (GrpcClientProtocolClient.java:onNext(255)) - client-4282C1C8F3F0->6a1b5377-3047-4a64-a74e-df6c24957807: receive RaftClientReply:client-4282C1C8F3F0->6a1b5377-3047-4a64-a74e-df6c24957807@group-1234645C2E52, cid=27, SUCCESS, logIndex=18, commits[6a1b5377-3047-4a64-a74e-df6c24957807:c20, 1bf30d03-7857-47e7-b118-8993854fbf0d:c18, 1634ae85-2e8a-4aeb-94f7-d0cc34871885:c18]
2019-07-29 13:11:02,324 INFO  ozoneimpl.OzoneContainer (OzoneContainer.java:stop(199)) - Attempting to stop container services.
2019-07-29 13:11:02,325 INFO  impl.RaftServerProxy (RaftServerProxy.java:lambda$close$4(314)) - 1bf30d03-7857-47e7-b118-8993854fbf0d: close
2019-07-29 13:11:02,327 INFO  impl.RaftServerImpl (RaftServerImpl.java:lambda$shutdown$3(245)) - 1bf30d03-7857-47e7-b118-8993854fbf0d: shutdown group-489884B4E3EB
2019-07-29 13:11:02,328 INFO  impl.RaftServerImpl (RaftServerImpl.java:lambda$shutdown$3(245)) - 1bf30d03-7857-47e7-b118-8993854fbf0d: shutdown group-1234645C2E52
2019-07-29 13:11:02,328 INFO  util.JmxRegister (JmxRegister.java:unregister(73)) - Successfully un-registered JMX Bean with object name Ratis:service=RaftServer,group=group-489884B4E3EB,id=1bf30d03-7857-47e7-b118-8993854fbf0d
2019-07-29 13:11:02,328 INFO  util.JmxRegister (JmxRegister.java:unregister(73)) - Successfully un-registered JMX Bean with object name Ratis:service=RaftServer,group=group-1234645C2E52,id=1bf30d03-7857-47e7-b118-8993854fbf0d
2019-07-29 13:11:02,328 INFO  impl.RoleInfo (RoleInfo.java:shutdownLeaderState(104)) - 1bf30d03-7857-47e7-b118-8993854fbf0d: shutdown LeaderState
2019-07-29 13:11:02,329 INFO  impl.RoleInfo (RoleInfo.java:shutdownFollowerState(121)) - 1bf30d03-7857-47e7-b118-8993854fbf0d: shutdown FollowerState
2019-07-29 13:11:02,329 INFO  impl.StateMachineUpdater (StateMachineUpdater.java:stopAndJoin(115)) - StateMachineUpdater:1bf30d03-7857-47e7-b118-8993854fbf0d:group-1234645C2E52: set stopIndex = 20
2019-07-29 13:11:02,329 INFO  impl.PendingRequests (PendingRequests.java:sendNotLeaderResponses(202)) - 1bf30d03-7857-47e7-b118-8993854fbf0d-PendingRequests: sendNotLeaderResponses
2019-07-29 13:11:02,329 INFO  impl.FollowerState (FollowerState.java:run(114)) - 1bf30d03-7857-47e7-b118-8993854fbf0d: FollowerState was interrupted: java.lang.InterruptedException: sleep interrupted
2019-07-29 13:11:02,333 INFO  ratis.ContainerStateMachine (ContainerStateMachine.java:takeSnapshot(262)) - group-1234645C2E52: Taking a snapshot at:(t:1, i:18) file /workdir/hadoop-ozone/integration-test/target/test-dir/MiniOzoneClusterImpl-56fb08d0-7159-4344-a66c-a968ad0a645c/datanode-2/data/ratis/f30e71f3-6697-48e9-ae87-1234645c2e52/sm/snapshot.1_18
2019-07-29 13:11:02,337 INFO  impl.StateMachineUpdater (StateMachineUpdater.java:stopAndJoin(115)) - StateMachineUpdater:1bf30d03-7857-47e7-b118-8993854fbf0d:group-489884B4E3EB: set stopIndex = 0
2019-07-29 13:11:02,341 INFO  impl.RaftServerImpl (ServerState.java:close(394)) - 1bf30d03-7857-47e7-b118-8993854fbf0d:group-489884B4E3EB closes. The last applied log index is 0
2019-07-29 13:11:02,344 INFO  segmented.SegmentedRaftLogWorker (SegmentedRaftLogWorker.java:run(313)) - 1bf30d03-7857-47e7-b118-8993854fbf0d-SegmentedRaftLogWorker:Storage Directory /workdir/hadoop-ozone/integration-test/target/test-dir/MiniOzoneClusterImpl-56fb08d0-7159-4344-a66c-a968ad0a645c/datanode-2/data/ratis/6ddd4fb6-eb43-4de3-a96d-489884b4e3eb was interrupted, exiting. There are 0 tasks remaining in the queue.
2019-07-29 13:11:02,349 INFO  segmented.SegmentedRaftLogWorker (SegmentedRaftLogWorker.java:close(228)) - 1bf30d03-7857-47e7-b118-8993854fbf0d-SegmentedRaftLogWorker:Storage Directory /workdir/hadoop-ozone/integration-test/target/test-dir/MiniOzoneClusterImpl-56fb08d0-7159-4344-a66c-a968ad0a645c/datanode-2/data/ratis/6ddd4fb6-eb43-4de3-a96d-489884b4e3eb close()
2019-07-29 13:11:02,376 INFO  ratis.ContainerStateMachine (ContainerStateMachine.java:takeSnapshot(273)) - group-1234645C2E52: Finished taking a snapshot at:(t:1, i:18) file:/workdir/hadoop-ozone/integration-test/target/test-dir/MiniOzoneClusterImpl-56fb08d0-7159-4344-a66c-a968ad0a645c/datanode-2/data/ratis/f30e71f3-6697-48e9-ae87-1234645c2e52/sm/snapshot.1_18 time:47
2019-07-29 13:11:02,376 INFO  impl.StateMachineUpdater (StateMachineUpdater.java:takeSnapshot(242)) - StateMachineUpdater:1bf30d03-7857-47e7-b118-8993854fbf0d:group-1234645C2E52: Took a snapshot at index 18
2019-07-29 13:11:02,376 INFO  impl.StateMachineUpdater (StateMachineUpdater.java:lambda$new$0(80)) - StateMachineUpdater:1bf30d03-7857-47e7-b118-8993854fbf0d:group-1234645C2E52: snapshotIndex: updateIncreasingly -1 -> 18
2019-07-29 13:11:02,381 INFO  impl.RaftServerImpl (ServerState.java:close(394)) - 1bf30d03-7857-47e7-b118-8993854fbf0d:group-1234645C2E52 closes. The last applied log index is 20
2019-07-29 13:11:02,382 INFO  segmented.SegmentedRaftLogWorker (SegmentedRaftLogWorker.java:run(313)) - 1bf30d03-7857-47e7-b118-8993854fbf0d-SegmentedRaftLogWorker:Storage Directory /workdir/hadoop-ozone/integration-test/target/test-dir/MiniOzoneClusterImpl-56fb08d0-7159-4344-a66c-a968ad0a645c/datanode-2/data/ratis/f30e71f3-6697-48e9-ae87-1234645c2e52 was interrupted, exiting. There are 0 tasks remaining in the queue.
2019-07-29 13:11:02,396 INFO  segmented.SegmentedRaftLogWorker (SegmentedRaftLogWorker.java:close(228)) - 1bf30d03-7857-47e7-b118-8993854fbf0d-SegmentedRaftLogWorker:Storage Directory /workdir/hadoop-ozone/integration-test/target/test-dir/MiniOzoneClusterImpl-56fb08d0-7159-4344-a66c-a968ad0a645c/datanode-2/data/ratis/f30e71f3-6697-48e9-ae87-1234645c2e52 close()
2019-07-29 13:11:02,401 INFO  server.GrpcService (GrpcService.java:closeImpl(155)) - 1bf30d03-7857-47e7-b118-8993854fbf0d: shutdown server with port 43148 now
2019-07-29 13:11:02,408 INFO  server.GrpcService (GrpcService.java:closeImpl(163)) - 1bf30d03-7857-47e7-b118-8993854fbf0d: shutdown server with port 43148 successfully
2019-07-29 13:11:02,409 WARN  server.GrpcServerProtocolService (LogUtils.java:warn(134)) - 1bf30d03-7857-47e7-b118-8993854fbf0d: appendEntries onError: org.apache.ratis.thirdparty.io.grpc.StatusRuntimeException: CANCELLED: cancelled before receiving half close
2019-07-29 13:11:02,411 WARN  server.GrpcLogAppender (LogUtils.java:warn(134)) - 6a1b5377-3047-4a64-a74e-df6c24957807->1bf30d03-7857-47e7-b118-8993854fbf0d: Failed appendEntries: org.apache.ratis.thirdparty.io.grpc.StatusRuntimeException: CANCELLED: HTTP/2 error code: CANCEL
Received Rst Stream
2019-07-29 13:11:02,411 INFO  utils.BackgroundService (BackgroundService.java:shutdown(148)) - Shutting down service BlockDeletingService
2019-07-29 13:11:02,417 WARN  fs.CachingGetSpaceUsed (CachingGetSpaceUsed.java:run(183)) - Thread Interrupted waiting to refresh disk information: sleep interrupted
2019-07-29 13:11:02,420 INFO  impl.FollowerInfo (FollowerInfo.java:lambda$new$0(50)) - 6a1b5377-3047-4a64-a74e-df6c24957807->1bf30d03-7857-47e7-b118-8993854fbf0d: nextIndex: updateUnconditionally 21 -> 20
2019-07-29 13:11:02,439 INFO  statemachine.DatanodeStateMachine (DatanodeStateMachine.java:stopDaemon(395)) - Ozone container server stopped.
2019-07-29 13:11:02,450 INFO  handler.ContextHandler (ContextHandler.java:doStop(910)) - Stopped o.e.j.w.WebAppContext@35787726{/,null,UNAVAILABLE}{/hddsDatanode}
2019-07-29 13:11:02,457 INFO  server.AbstractConnector (AbstractConnector.java:doStop(318)) - Stopped ServerConnector@2199e845{HTTP/1.1,[http/1.1]}{0.0.0.0:0}
2019-07-29 13:11:02,458 INFO  handler.ContextHandler (ContextHandler.java:doStop(910)) - Stopped o.e.j.s.ServletContextHandler@6b63abdc{/static,jar:file:/home/user/.m2/repository/org/apache/hadoop/hadoop-hdds-container-service/0.4.1-SNAPSHOT/hadoop-hdds-container-service-0.4.1-SNAPSHOT.jar!/webapps/static,UNAVAILABLE}
2019-07-29 13:11:02,458 INFO  handler.ContextHandler (ContextHandler.java:doStop(910)) - Stopped o.e.j.s.ServletContextHandler@7cfb0c4c{/logs,file:///workdir/hadoop-ozone/integration-test/target/log,UNAVAILABLE}
2019-07-29 13:11:02,461 INFO  datanode.ObjectStoreHandler (ObjectStoreHandler.java:close(155)) - Closing ObjectStoreHandler.
2019-07-29 13:11:02,462 INFO  ozone.HddsDatanodeService (HddsDatanodeService.java:stop(451)) - Stopped plug-in org.apache.hadoop.ozone.web.OzoneHddsDatanodeService@34c7232c
2019-07-29 13:11:02,468 INFO  statemachine.DatanodeStateMachine (DatanodeStateMachine.java:lambda$startDaemon$0(350)) - Ozone container server started.
2019-07-29 13:11:02,525 WARN  server.GrpcLogAppender (LogUtils.java:warn(134)) - 6a1b5377-3047-4a64-a74e-df6c24957807->1bf30d03-7857-47e7-b118-8993854fbf0d: Failed appendEntries: org.apache.ratis.thirdparty.io.grpc.StatusRuntimeException: UNAVAILABLE: io exception
2019-07-29 13:11:02,528 INFO  impl.FollowerInfo (FollowerInfo.java:lambda$new$0(50)) - 6a1b5377-3047-4a64-a74e-df6c24957807->1bf30d03-7857-47e7-b118-8993854fbf0d: nextIndex: updateUnconditionally 20 -> 19
2019-07-29 13:11:05,018 WARN  server.GrpcLogAppender (LogUtils.java:warn(134)) - 6a1b5377-3047-4a64-a74e-df6c24957807->1bf30d03-7857-47e7-b118-8993854fbf0d: Failed appendEntries: org.apache.ratis.thirdparty.io.grpc.StatusRuntimeException: UNAVAILABLE: io exception
2019-07-29 13:11:05,023 INFO  impl.FollowerInfo (FollowerInfo.java:lambda$new$0(50)) - 6a1b5377-3047-4a64-a74e-df6c24957807->1bf30d03-7857-47e7-b118-8993854fbf0d: nextIndex: updateUnconditionally 19 -> 18
2019-07-29 13:11:07,463 INFO  ozoneimpl.OzoneContainer (OzoneContainer.java:stop(199)) - Attempting to stop container services.
2019-07-29 13:11:07,463 INFO  impl.RaftServerProxy (RaftServerProxy.java:lambda$close$4(314)) - 1634ae85-2e8a-4aeb-94f7-d0cc34871885: close
2019-07-29 13:11:07,464 INFO  impl.RaftServerImpl (RaftServerImpl.java:lambda$shutdown$3(245)) - 1634ae85-2e8a-4aeb-94f7-d0cc34871885: shutdown group-1234645C2E52
2019-07-29 13:11:07,465 INFO  util.JmxRegister (JmxRegister.java:unregister(73)) - Successfully un-registered JMX Bean with object name Ratis:service=RaftServer,group=group-1234645C2E52,id=1634ae85-2e8a-4aeb-94f7-d0cc34871885
2019-07-29 13:11:07,465 INFO  impl.RoleInfo (RoleInfo.java:shutdownFollowerState(121)) - 1634ae85-2e8a-4aeb-94f7-d0cc34871885: shutdown FollowerState
2019-07-29 13:11:07,466 INFO  impl.StateMachineUpdater (StateMachineUpdater.java:stopAndJoin(115)) - StateMachineUpdater:1634ae85-2e8a-4aeb-94f7-d0cc34871885:group-1234645C2E52: set stopIndex = 20
2019-07-29 13:11:07,466 INFO  ratis.ContainerStateMachine (ContainerStateMachine.java:takeSnapshot(262)) - group-1234645C2E52: Taking a snapshot at:(t:1, i:18) file /workdir/hadoop-ozone/integration-test/target/test-dir/MiniOzoneClusterImpl-56fb08d0-7159-4344-a66c-a968ad0a645c/datanode-3/data/ratis/f30e71f3-6697-48e9-ae87-1234645c2e52/sm/snapshot.1_18
2019-07-29 13:11:07,466 INFO  impl.FollowerState (FollowerState.java:run(114)) - 1634ae85-2e8a-4aeb-94f7-d0cc34871885: FollowerState was interrupted: java.lang.InterruptedException: sleep interrupted
2019-07-29 13:11:07,483 INFO  ratis.ContainerStateMachine (ContainerStateMachine.java:takeSnapshot(273)) - group-1234645C2E52: Finished taking a snapshot at:(t:1, i:18) file:/workdir/hadoop-ozone/integration-test/target/test-dir/MiniOzoneClusterImpl-56fb08d0-7159-4344-a66c-a968ad0a645c/datanode-3/data/ratis/f30e71f3-6697-48e9-ae87-1234645c2e52/sm/snapshot.1_18 time:17
2019-07-29 13:11:07,483 INFO  impl.StateMachineUpdater (StateMachineUpdater.java:takeSnapshot(242)) - StateMachineUpdater:1634ae85-2e8a-4aeb-94f7-d0cc34871885:group-1234645C2E52: Took a snapshot at index 18
2019-07-29 13:11:07,483 INFO  impl.StateMachineUpdater (StateMachineUpdater.java:lambda$new$0(80)) - StateMachineUpdater:1634ae85-2e8a-4aeb-94f7-d0cc34871885:group-1234645C2E52: snapshotIndex: updateIncreasingly -1 -> 18
2019-07-29 13:11:07,484 INFO  impl.RaftServerImpl (ServerState.java:close(394)) - 1634ae85-2e8a-4aeb-94f7-d0cc34871885:group-1234645C2E52 closes. The last applied log index is 20
2019-07-29 13:11:07,484 INFO  segmented.SegmentedRaftLogWorker (SegmentedRaftLogWorker.java:run(313)) - 1634ae85-2e8a-4aeb-94f7-d0cc34871885-SegmentedRaftLogWorker:Storage Directory /workdir/hadoop-ozone/integration-test/target/test-dir/MiniOzoneClusterImpl-56fb08d0-7159-4344-a66c-a968ad0a645c/datanode-3/data/ratis/f30e71f3-6697-48e9-ae87-1234645c2e52 was interrupted, exiting. There are 0 tasks remaining in the queue.
2019-07-29 13:11:07,486 INFO  segmented.SegmentedRaftLogWorker (SegmentedRaftLogWorker.java:close(228)) - 1634ae85-2e8a-4aeb-94f7-d0cc34871885-SegmentedRaftLogWorker:Storage Directory /workdir/hadoop-ozone/integration-test/target/test-dir/MiniOzoneClusterImpl-56fb08d0-7159-4344-a66c-a968ad0a645c/datanode-3/data/ratis/f30e71f3-6697-48e9-ae87-1234645c2e52 close()
2019-07-29 13:11:07,490 INFO  impl.RaftServerImpl (RaftServerImpl.java:lambda$shutdown$3(245)) - 1634ae85-2e8a-4aeb-94f7-d0cc34871885: shutdown group-8D8D90EB4BA0
2019-07-29 13:11:07,490 INFO  util.JmxRegister (JmxRegister.java:unregister(73)) - Successfully un-registered JMX Bean with object name Ratis:service=RaftServer,group=group-8D8D90EB4BA0,id=1634ae85-2e8a-4aeb-94f7-d0cc34871885
2019-07-29 13:11:07,490 INFO  impl.RoleInfo (RoleInfo.java:shutdownLeaderState(104)) - 1634ae85-2e8a-4aeb-94f7-d0cc34871885: shutdown LeaderState
2019-07-29 13:11:07,491 INFO  impl.PendingRequests (PendingRequests.java:sendNotLeaderResponses(202)) - 1634ae85-2e8a-4aeb-94f7-d0cc34871885-PendingRequests: sendNotLeaderResponses
2019-07-29 13:11:07,492 INFO  impl.StateMachineUpdater (StateMachineUpdater.java:stopAndJoin(115)) - StateMachineUpdater:1634ae85-2e8a-4aeb-94f7-d0cc34871885:group-8D8D90EB4BA0: set stopIndex = 0
2019-07-29 13:11:07,500 INFO  impl.RaftServerImpl (ServerState.java:close(394)) - 1634ae85-2e8a-4aeb-94f7-d0cc34871885:group-8D8D90EB4BA0 closes. The last applied log index is 0
2019-07-29 13:11:07,501 INFO  segmented.SegmentedRaftLogWorker (SegmentedRaftLogWorker.java:run(313)) - 1634ae85-2e8a-4aeb-94f7-d0cc34871885-SegmentedRaftLogWorker:Storage Directory /workdir/hadoop-ozone/integration-test/target/test-dir/MiniOzoneClusterImpl-56fb08d0-7159-4344-a66c-a968ad0a645c/datanode-3/data/ratis/88925281-b93d-4ab3-9364-8d8d90eb4ba0 was interrupted, exiting. There are 0 tasks remaining in the queue.
2019-07-29 13:11:07,503 INFO  segmented.SegmentedRaftLogWorker (SegmentedRaftLogWorker.java:close(228)) - 1634ae85-2e8a-4aeb-94f7-d0cc34871885-SegmentedRaftLogWorker:Storage Directory /workdir/hadoop-ozone/integration-test/target/test-dir/MiniOzoneClusterImpl-56fb08d0-7159-4344-a66c-a968ad0a645c/datanode-3/data/ratis/88925281-b93d-4ab3-9364-8d8d90eb4ba0 close()
2019-07-29 13:11:07,507 INFO  server.GrpcService (GrpcService.java:closeImpl(155)) - 1634ae85-2e8a-4aeb-94f7-d0cc34871885: shutdown server with port 36476 now
2019-07-29 13:11:07,511 WARN  server.GrpcServerProtocolService (LogUtils.java:warn(134)) - 1634ae85-2e8a-4aeb-94f7-d0cc34871885: appendEntries onError: org.apache.ratis.thirdparty.io.grpc.StatusRuntimeException: CANCELLED: cancelled before receiving half close
2019-07-29 13:11:07,512 INFO  server.GrpcService (GrpcService.java:closeImpl(163)) - 1634ae85-2e8a-4aeb-94f7-d0cc34871885: shutdown server with port 36476 successfully
2019-07-29 13:11:07,512 WARN  server.GrpcLogAppender (LogUtils.java:warn(134)) - 6a1b5377-3047-4a64-a74e-df6c24957807->1634ae85-2e8a-4aeb-94f7-d0cc34871885: Failed appendEntries: org.apache.ratis.thirdparty.io.grpc.StatusRuntimeException: CANCELLED: HTTP/2 error code: CANCEL
Received Rst Stream
2019-07-29 13:11:07,515 INFO  impl.FollowerInfo (FollowerInfo.java:lambda$new$0(50)) - 6a1b5377-3047-4a64-a74e-df6c24957807->1634ae85-2e8a-4aeb-94f7-d0cc34871885: nextIndex: updateUnconditionally 21 -> 20
2019-07-29 13:11:07,517 INFO  utils.BackgroundService (BackgroundService.java:shutdown(148)) - Shutting down service BlockDeletingService
2019-07-29 13:11:07,520 WARN  fs.CachingGetSpaceUsed (CachingGetSpaceUsed.java:run(183)) - Thread Interrupted waiting to refresh disk information: sleep interrupted
2019-07-29 13:11:07,521 WARN  server.GrpcLogAppender (LogUtils.java:warn(134)) - 6a1b5377-3047-4a64-a74e-df6c24957807->1bf30d03-7857-47e7-b118-8993854fbf0d: Failed appendEntries: org.apache.ratis.thirdparty.io.grpc.StatusRuntimeException: UNAVAILABLE: io exception
2019-07-29 13:11:07,524 INFO  impl.FollowerInfo (FollowerInfo.java:lambda$new$0(50)) - 6a1b5377-3047-4a64-a74e-df6c24957807->1bf30d03-7857-47e7-b118-8993854fbf0d: nextIndex: updateUnconditionally 18 -> 17
2019-07-29 13:11:07,529 WARN  server.GrpcLogAppender (LogUtils.java:warn(134)) - 6a1b5377-3047-4a64-a74e-df6c24957807->1634ae85-2e8a-4aeb-94f7-d0cc34871885: Failed appendEntries: org.apache.ratis.thirdparty.io.grpc.StatusRuntimeException: UNAVAILABLE: io exception
2019-07-29 13:11:07,532 INFO  impl.FollowerInfo (FollowerInfo.java:lambda$new$0(50)) - 6a1b5377-3047-4a64-a74e-df6c24957807->1634ae85-2e8a-4aeb-94f7-d0cc34871885: nextIndex: updateUnconditionally 20 -> 19
2019-07-29 13:11:07,549 INFO  statemachine.DatanodeStateMachine (DatanodeStateMachine.java:stopDaemon(395)) - Ozone container server stopped.
2019-07-29 13:11:07,551 INFO  handler.ContextHandler (ContextHandler.java:doStop(910)) - Stopped o.e.j.w.WebAppContext@6b162ecc{/,null,UNAVAILABLE}{/hddsDatanode}
2019-07-29 13:11:07,552 INFO  server.AbstractConnector (AbstractConnector.java:doStop(318)) - Stopped ServerConnector@3b4086c1{HTTP/1.1,[http/1.1]}{0.0.0.0:0}
2019-07-29 13:11:07,552 INFO  handler.ContextHandler (ContextHandler.java:doStop(910)) - Stopped o.e.j.s.ServletContextHandler@4b03cbad{/static,jar:file:/home/user/.m2/repository/org/apache/hadoop/hadoop-hdds-container-service/0.4.1-SNAPSHOT/hadoop-hdds-container-service-0.4.1-SNAPSHOT.jar!/webapps/static,UNAVAILABLE}
2019-07-29 13:11:07,553 INFO  handler.ContextHandler (ContextHandler.java:doStop(910)) - Stopped o.e.j.s.ServletContextHandler@14b275bd{/logs,file:///workdir/hadoop-ozone/integration-test/target/log,UNAVAILABLE}
2019-07-29 13:11:07,587 WARN  server.GrpcLogAppender (LogUtils.java:warn(134)) - 6a1b5377-3047-4a64-a74e-df6c24957807->1634ae85-2e8a-4aeb-94f7-d0cc34871885: Failed appendEntries: org.apache.ratis.thirdparty.io.grpc.StatusRuntimeException: UNAVAILABLE: io exception
2019-07-29 13:11:07,590 INFO  impl.FollowerInfo (FollowerInfo.java:lambda$new$0(50)) - 6a1b5377-3047-4a64-a74e-df6c24957807->1634ae85-2e8a-4aeb-94f7-d0cc34871885: nextIndex: updateUnconditionally 20 -> 19
2019-07-29 13:11:07,625 WARN  server.GrpcLogAppender (LogUtils.java:warn(134)) - 6a1b5377-3047-4a64-a74e-df6c24957807->1bf30d03-7857-47e7-b118-8993854fbf0d: Failed appendEntries: org.apache.ratis.thirdparty.io.grpc.StatusRuntimeException: UNAVAILABLE: io exception
2019-07-29 13:11:07,627 INFO  impl.FollowerInfo (FollowerInfo.java:lambda$new$0(50)) - 6a1b5377-3047-4a64-a74e-df6c24957807->1bf30d03-7857-47e7-b118-8993854fbf0d: nextIndex: updateUnconditionally 18 -> 17
2019-07-29 13:11:07,627 WARN  server.GrpcLogAppender (LogUtils.java:warn(134)) - 6a1b5377-3047-4a64-a74e-df6c24957807->1634ae85-2e8a-4aeb-94f7-d0cc34871885: Failed appendEntries: org.apache.ratis.thirdparty.io.grpc.StatusRuntimeException: UNAVAILABLE: io exception
2019-07-29 13:11:07,629 INFO  impl.FollowerInfo (FollowerInfo.java:lambda$new$0(50)) - 6a1b5377-3047-4a64-a74e-df6c24957807->1634ae85-2e8a-4aeb-94f7-d0cc34871885: nextIndex: updateUnconditionally 20 -> 19
2019-07-29 13:11:10,131 WARN  server.GrpcLogAppender (LogUtils.java:warn(134)) - 6a1b5377-3047-4a64-a74e-df6c24957807->1bf30d03-7857-47e7-b118-8993854fbf0d: Failed appendEntries: org.apache.ratis.thirdparty.io.grpc.StatusRuntimeException: UNAVAILABLE: io exception
2019-07-29 13:11:10,133 WARN  server.GrpcLogAppender (LogUtils.java:warn(134)) - 6a1b5377-3047-4a64-a74e-df6c24957807->1634ae85-2e8a-4aeb-94f7-d0cc34871885: Failed appendEntries: org.apache.ratis.thirdparty.io.grpc.StatusRuntimeException: UNAVAILABLE: io exception
2019-07-29 13:11:10,133 INFO  impl.FollowerInfo (FollowerInfo.java:lambda$new$0(50)) - 6a1b5377-3047-4a64-a74e-df6c24957807->1bf30d03-7857-47e7-b118-8993854fbf0d: nextIndex: updateUnconditionally 17 -> 16
2019-07-29 13:11:10,135 INFO  impl.FollowerInfo (FollowerInfo.java:lambda$new$0(50)) - 6a1b5377-3047-4a64-a74e-df6c24957807->1634ae85-2e8a-4aeb-94f7-d0cc34871885: nextIndex: updateUnconditionally 19 -> 18
2019-07-29 13:11:12,635 WARN  server.GrpcLogAppender (LogUtils.java:warn(134)) - 6a1b5377-3047-4a64-a74e-df6c24957807->1634ae85-2e8a-4aeb-94f7-d0cc34871885: Failed appendEntries: org.apache.ratis.thirdparty.io.grpc.StatusRuntimeException: UNAVAILABLE: io exception
2019-07-29 13:11:12,635 WARN  server.GrpcLogAppender (LogUtils.java:warn(134)) - 6a1b5377-3047-4a64-a74e-df6c24957807->1bf30d03-7857-47e7-b118-8993854fbf0d: Failed appendEntries: org.apache.ratis.thirdparty.io.grpc.StatusRuntimeException: UNAVAILABLE: io exception
2019-07-29 13:11:12,646 INFO  impl.FollowerInfo (FollowerInfo.java:lambda$new$0(50)) - 6a1b5377-3047-4a64-a74e-df6c24957807->1634ae85-2e8a-4aeb-94f7-d0cc34871885: nextIndex: updateUnconditionally 18 -> 17
2019-07-29 13:11:12,646 INFO  impl.FollowerInfo (FollowerInfo.java:lambda$new$0(50)) - 6a1b5377-3047-4a64-a74e-df6c24957807->1bf30d03-7857-47e7-b118-8993854fbf0d: nextIndex: updateUnconditionally 16 -> 15
2019-07-29 13:11:15,145 WARN  server.GrpcLogAppender (LogUtils.java:warn(134)) - 6a1b5377-3047-4a64-a74e-df6c24957807->1634ae85-2e8a-4aeb-94f7-d0cc34871885: Failed appendEntries: org.apache.ratis.thirdparty.io.grpc.StatusRuntimeException: UNAVAILABLE: io exception
2019-07-29 13:11:15,145 WARN  server.GrpcLogAppender (LogUtils.java:warn(134)) - 6a1b5377-3047-4a64-a74e-df6c24957807->1bf30d03-7857-47e7-b118-8993854fbf0d: Failed appendEntries: org.apache.ratis.thirdparty.io.grpc.StatusRuntimeException: UNAVAILABLE: io exception
2019-07-29 13:11:15,147 INFO  impl.FollowerInfo (FollowerInfo.java:lambda$new$0(50)) - 6a1b5377-3047-4a64-a74e-df6c24957807->1634ae85-2e8a-4aeb-94f7-d0cc34871885: nextIndex: updateUnconditionally 17 -> 16
2019-07-29 13:11:15,149 INFO  impl.FollowerInfo (FollowerInfo.java:lambda$new$0(50)) - 6a1b5377-3047-4a64-a74e-df6c24957807->1bf30d03-7857-47e7-b118-8993854fbf0d: nextIndex: updateUnconditionally 15 -> 14
2019-07-29 13:11:17,638 WARN  server.GrpcLogAppender (LogUtils.java:warn(134)) - 6a1b5377-3047-4a64-a74e-df6c24957807->1bf30d03-7857-47e7-b118-8993854fbf0d: Failed appendEntries: org.apache.ratis.thirdparty.io.grpc.StatusRuntimeException: UNAVAILABLE: io exception
2019-07-29 13:11:17,642 INFO  impl.FollowerInfo (FollowerInfo.java:lambda$new$0(50)) - 6a1b5377-3047-4a64-a74e-df6c24957807->1bf30d03-7857-47e7-b118-8993854fbf0d: nextIndex: updateUnconditionally 14 -> 13
2019-07-29 13:11:17,646 WARN  server.GrpcLogAppender (LogUtils.java:warn(134)) - 6a1b5377-3047-4a64-a74e-df6c24957807->1634ae85-2e8a-4aeb-94f7-d0cc34871885: Failed appendEntries: org.apache.ratis.thirdparty.io.grpc.StatusRuntimeException: UNAVAILABLE: io exception
2019-07-29 13:11:17,648 INFO  impl.FollowerInfo (FollowerInfo.java:lambda$new$0(50)) - 6a1b5377-3047-4a64-a74e-df6c24957807->1634ae85-2e8a-4aeb-94f7-d0cc34871885: nextIndex: updateUnconditionally 16 -> 15
2019-07-29 13:11:17,687 WARN  io.KeyOutputStream (KeyOutputStream.java:handleException(276)) - Encountered exception java.io.IOException: Unexpected Storage Container Exception: java.util.concurrent.CompletionException: java.util.concurrent.CompletionException: org.apache.ratis.protocol.RaftRetryFailureException: Failed RaftClientRequest:client-4282C1C8F3F0->6a1b5377-3047-4a64-a74e-df6c24957807@group-1234645C2E52, cid=28, seq=11*, RW, org.apache.hadoop.hdds.scm.XceiverClientRatis$$Lambda$314/1993403607@32bd9cca for 5 attempts with RetryLimited(maxAttempts=5, sleepTime=1000ms) on the pipeline Pipeline[ Id: f30e71f3-6697-48e9-ae87-1234645c2e52, Nodes: 1bf30d03-7857-47e7-b118-8993854fbf0d{ip: 192.168.157.251, host: byscane-nightly-dxn5b-515312600, networkLocation: /default-rack, certSerialId: null}1634ae85-2e8a-4aeb-94f7-d0cc34871885{ip: 192.168.157.251, host: byscane-nightly-dxn5b-515312600, networkLocation: /default-rack, certSerialId: null}6a1b5377-3047-4a64-a74e-df6c24957807{ip: 192.168.157.251, host: byscane-nightly-dxn5b-515312600, networkLocation: /default-rack, certSerialId: null}, Type:RATIS, Factor:THREE, State:OPEN]. The last committed block length is 1048576, uncommitted data length is 1048576 retry count 0
2019-07-29 13:11:17,717 WARN  block.BlockManagerImpl (BlockManagerImpl.java:allocateBlock(192)) - Pipeline creation failed for type:RATIS factor:THREE. Retrying get pipelines call once.
org.apache.hadoop.hdds.scm.pipeline.InsufficientDatanodesException: Cannot create pipeline of factor 3 using 0 nodes.
	at org.apache.hadoop.hdds.scm.pipeline.RatisPipelineProvider.create(RatisPipelineProvider.java:151)
	at org.apache.hadoop.hdds.scm.pipeline.PipelineFactory.create(PipelineFactory.java:57)
	at org.apache.hadoop.hdds.scm.pipeline.SCMPipelineManager.createPipeline(SCMPipelineManager.java:149)
	at org.apache.hadoop.hdds.scm.block.BlockManagerImpl.allocateBlock(BlockManagerImpl.java:190)
	at org.apache.hadoop.hdds.scm.server.SCMBlockProtocolServer.allocateBlock(SCMBlockProtocolServer.java:175)
	at org.apache.hadoop.ozone.protocolPB.ScmBlockLocationProtocolServerSideTranslatorPB.allocateScmBlock(ScmBlockLocationProtocolServerSideTranslatorPB.java:153)
	at org.apache.hadoop.ozone.protocolPB.ScmBlockLocationProtocolServerSideTranslatorPB.send(ScmBlockLocationProtocolServerSideTranslatorPB.java:112)
	at org.apache.hadoop.hdds.protocol.proto.ScmBlockLocationProtocolProtos$ScmBlockLocationProtocolService$2.callBlockingMethod(ScmBlockLocationProtocolProtos.java:13157)
	at org.apache.hadoop.ipc.ProtobufRpcEngine$Server$ProtoBufRpcInvoker.call(ProtobufRpcEngine.java:524)
	at org.apache.hadoop.ipc.RPC$Server.call(RPC.java:1025)
	at org.apache.hadoop.ipc.Server$RpcCall.run(Server.java:876)
	at org.apache.hadoop.ipc.Server$RpcCall.run(Server.java:822)
	at java.security.AccessController.doPrivileged(Native Method)
	at javax.security.auth.Subject.doAs(Subject.java:422)
	at org.apache.hadoop.security.UserGroupInformation.doAs(UserGroupInformation.java:1730)
	at org.apache.hadoop.ipc.Server$Handler.run(Server.java:2682)
2019-07-29 13:11:17,719 INFO  block.BlockManagerImpl (BlockManagerImpl.java:allocateBlock(198)) - Could not find available pipeline of type:RATIS and factor:THREE even after retrying
2019-07-29 13:11:17,720 ERROR block.BlockManagerImpl (BlockManagerImpl.java:allocateBlock(222)) - Unable to allocate a block for the size: 4194304, type: RATIS, factor: THREE
13:11:17.724 [IPC Server handler 13 on 41289] ERROR OMAudit - user=jenkins1000 | ip=127.0.0.1 | op=ALLOCATE_BLOCK {volume=datanodefailurehandlingtest, bucket=datanodefailurehandlingtest, key=ratis3, dataSize=0, replicationType=null, replicationFactor=null, keyLocationInfo=null, clientID=102524901919227904} | ret=FAILURE
org.apache.hadoop.hdds.scm.exceptions.SCMException: Allocated 0 blocks. Requested 1 blocks
	at org.apache.hadoop.hdds.scm.protocolPB.ScmBlockLocationProtocolClientSideTranslatorPB.handleError(ScmBlockLocationProtocolClientSideTranslatorPB.java:118) ~[hadoop-hdds-common-0.4.1-SNAPSHOT.jar:?]
	at org.apache.hadoop.hdds.scm.protocolPB.ScmBlockLocationProtocolClientSideTranslatorPB.allocateBlock(ScmBlockLocationProtocolClientSideTranslatorPB.java:156) ~[hadoop-hdds-common-0.4.1-SNAPSHOT.jar:?]
	at sun.reflect.NativeMethodAccessorImpl.invoke0(Native Method) ~[?:1.8.0_212]
	at sun.reflect.NativeMethodAccessorImpl.invoke(NativeMethodAccessorImpl.java:62) ~[?:1.8.0_212]
	at sun.reflect.DelegatingMethodAccessorImpl.invoke(DelegatingMethodAccessorImpl.java:43) ~[?:1.8.0_212]
	at java.lang.reflect.Method.invoke(Method.java:498) ~[?:1.8.0_212]
	at org.apache.hadoop.hdds.tracing.TraceAllMethod.invoke(TraceAllMethod.java:66) ~[hadoop-hdds-common-0.4.1-SNAPSHOT.jar:?]
	at com.sun.proxy.$Proxy25.allocateBlock(Unknown Source) ~[?:?]
	at org.apache.hadoop.ozone.om.KeyManagerImpl.allocateBlock(KeyManagerImpl.java:333) ~[hadoop-ozone-ozone-manager-0.4.1-SNAPSHOT.jar:?]
	at org.apache.hadoop.ozone.om.KeyManagerImpl.allocateBlock(KeyManagerImpl.java:304) ~[hadoop-ozone-ozone-manager-0.4.1-SNAPSHOT.jar:?]
	at org.apache.hadoop.ozone.om.OzoneManager.allocateBlock(OzoneManager.java:2291) [hadoop-ozone-ozone-manager-0.4.1-SNAPSHOT.jar:?]
	at org.apache.hadoop.ozone.protocolPB.OzoneManagerRequestHandler.allocateBlock(OzoneManagerRequestHandler.java:717) [hadoop-ozone-ozone-manager-0.4.1-SNAPSHOT.jar:?]
	at org.apache.hadoop.ozone.protocolPB.OzoneManagerRequestHandler.handle(OzoneManagerRequestHandler.java:240) [hadoop-ozone-ozone-manager-0.4.1-SNAPSHOT.jar:?]
	at org.apache.hadoop.ozone.protocolPB.OzoneManagerProtocolServerSideTranslatorPB.submitRequestDirectlyToOM(OzoneManagerProtocolServerSideTranslatorPB.java:192) [hadoop-ozone-ozone-manager-0.4.1-SNAPSHOT.jar:?]
	at org.apache.hadoop.ozone.protocolPB.OzoneManagerProtocolServerSideTranslatorPB.submitRequest(OzoneManagerProtocolServerSideTranslatorPB.java:110) [hadoop-ozone-ozone-manager-0.4.1-SNAPSHOT.jar:?]
	at org.apache.hadoop.ozone.protocol.proto.OzoneManagerProtocolProtos$OzoneManagerService$2.callBlockingMethod(OzoneManagerProtocolProtos.java) [hadoop-ozone-common-0.4.1-SNAPSHOT.jar:?]
	at org.apache.hadoop.ipc.ProtobufRpcEngine$Server$ProtoBufRpcInvoker.call(ProtobufRpcEngine.java:524) [hadoop-common-3.2.0.jar:?]
	at org.apache.hadoop.ipc.RPC$Server.call(RPC.java:1025) [hadoop-common-3.2.0.jar:?]
	at org.apache.hadoop.ipc.Server$RpcCall.run(Server.java:876) [hadoop-common-3.2.0.jar:?]
	at org.apache.hadoop.ipc.Server$RpcCall.run(Server.java:822) [hadoop-common-3.2.0.jar:?]
	at java.security.AccessController.doPrivileged(Native Method) [?:1.8.0_212]
	at javax.security.auth.Subject.doAs(Subject.java:422) [?:1.8.0_212]
	at org.apache.hadoop.security.UserGroupInformation.doAs(UserGroupInformation.java:1730) [hadoop-common-3.2.0.jar:?]
	at org.apache.hadoop.ipc.Server$Handler.run(Server.java:2682) [hadoop-common-3.2.0.jar:?]
2019-07-29 13:11:17,741 ERROR io.BlockOutputStreamEntryPool (BlockOutputStreamEntryPool.java:allocateBlockIfNeeded(299)) - Try to allocate more blocks for write failed, already allocated 0 blocks for this write.
INTERNAL_ERROR org.apache.hadoop.ozone.om.exceptions.OMException: Allocated 0 blocks. Requested 1 blocks
	at org.apache.hadoop.ozone.om.protocolPB.OzoneManagerProtocolClientSideTranslatorPB.handleError(OzoneManagerProtocolClientSideTranslatorPB.java:720)
	at org.apache.hadoop.ozone.om.protocolPB.OzoneManagerProtocolClientSideTranslatorPB.allocateBlock(OzoneManagerProtocolClientSideTranslatorPB.java:752)
	at org.apache.hadoop.ozone.client.io.BlockOutputStreamEntryPool.allocateNewBlock(BlockOutputStreamEntryPool.java:248)
	at org.apache.hadoop.ozone.client.io.BlockOutputStreamEntryPool.allocateBlockIfNeeded(BlockOutputStreamEntryPool.java:296)
	at org.apache.hadoop.ozone.client.io.KeyOutputStream.handleWrite(KeyOutputStream.java:201)
	at org.apache.hadoop.ozone.client.io.KeyOutputStream.handleRetry(KeyOutputStream.java:376)
	at org.apache.hadoop.ozone.client.io.KeyOutputStream.handleException(KeyOutputStream.java:325)
	at org.apache.hadoop.ozone.client.io.KeyOutputStream.handleWrite(KeyOutputStream.java:231)
	at org.apache.hadoop.ozone.client.io.KeyOutputStream.write(KeyOutputStream.java:193)
	at org.apache.hadoop.ozone.client.io.OzoneOutputStream.write(OzoneOutputStream.java:49)
	at java.io.OutputStream.write(OutputStream.java:75)
	at org.apache.hadoop.ozone.client.rpc.TestMultiBlockWritesWithDnFailures.testMultiBlockWritesWithDnFailures(TestMultiBlockWritesWithDnFailures.java:144)
	at sun.reflect.NativeMethodAccessorImpl.invoke0(Native Method)
	at sun.reflect.NativeMethodAccessorImpl.invoke(NativeMethodAccessorImpl.java:62)
	at sun.reflect.DelegatingMethodAccessorImpl.invoke(DelegatingMethodAccessorImpl.java:43)
	at java.lang.reflect.Method.invoke(Method.java:498)
	at org.junit.runners.model.FrameworkMethod$1.runReflectiveCall(FrameworkMethod.java:47)
	at org.junit.internal.runners.model.ReflectiveCallable.run(ReflectiveCallable.java:12)
	at org.junit.runners.model.FrameworkMethod.invokeExplosively(FrameworkMethod.java:44)
	at org.junit.internal.runners.statements.InvokeMethod.evaluate(InvokeMethod.java:17)
	at org.junit.runners.ParentRunner.runLeaf(ParentRunner.java:271)
	at org.junit.runners.BlockJUnit4ClassRunner.runChild(BlockJUnit4ClassRunner.java:70)
	at org.junit.runners.BlockJUnit4ClassRunner.runChild(BlockJUnit4ClassRunner.java:50)
	at org.junit.runners.ParentRunner$3.run(ParentRunner.java:238)
	at org.junit.runners.ParentRunner$1.schedule(ParentRunner.java:63)
	at org.junit.runners.ParentRunner.runChildren(ParentRunner.java:236)
	at org.junit.runners.ParentRunner.access$000(ParentRunner.java:53)
	at org.junit.runners.ParentRunner$2.evaluate(ParentRunner.java:229)
	at org.junit.runners.ParentRunner.run(ParentRunner.java:309)
	at org.apache.maven.surefire.junit4.JUnit4Provider.execute(JUnit4Provider.java:365)
	at org.apache.maven.surefire.junit4.JUnit4Provider.executeWithRerun(JUnit4Provider.java:273)
	at org.apache.maven.surefire.junit4.JUnit4Provider.executeTestSet(JUnit4Provider.java:238)
	at org.apache.maven.surefire.junit4.JUnit4Provider.invoke(JUnit4Provider.java:159)
	at org.apache.maven.surefire.booter.ForkedBooter.invokeProviderInSameClassLoader(ForkedBooter.java:384)
	at org.apache.maven.surefire.booter.ForkedBooter.runSuitesInProcess(ForkedBooter.java:345)
	at org.apache.maven.surefire.booter.ForkedBooter.execute(ForkedBooter.java:126)
	at org.apache.maven.surefire.booter.ForkedBooter.main(ForkedBooter.java:418)
]]></system-out>
    <system-err><![CDATA[ERROR StatusLogger No Log4j 2 configuration file found. Using default configuration (logging only errors to the console), or user programmatically provided configurations. Set system property 'log4j2.debug' to show Log4j 2 internal initialization logging. See https://logging.apache.org/log4j/2.x/manual/configuration.html for instructions on how to configure Log4j 2
Jul 29, 2019 1:10:44 PM com.sun.jersey.server.impl.application.WebApplicationImpl _initiate
INFO: Initiating Jersey application, version 'Jersey: 1.19 02/11/2015 03:25 AM'
Jul 29, 2019 1:10:45 PM com.sun.jersey.server.impl.application.WebApplicationImpl _initiate
INFO: Initiating Jersey application, version 'Jersey: 1.19 02/11/2015 03:25 AM'
Jul 29, 2019 1:10:45 PM com.sun.jersey.server.impl.application.WebApplicationImpl _initiate
INFO: Initiating Jersey application, version 'Jersey: 1.19 02/11/2015 03:25 AM'
Jul 29, 2019 1:10:46 PM com.sun.jersey.server.impl.application.WebApplicationImpl _initiate
INFO: Initiating Jersey application, version 'Jersey: 1.19 02/11/2015 03:25 AM'
Jul 29, 2019 1:10:46 PM com.sun.jersey.server.impl.application.WebApplicationImpl _initiate
INFO: Initiating Jersey application, version 'Jersey: 1.19 02/11/2015 03:25 AM'
Jul 29, 2019 1:10:46 PM com.sun.jersey.server.impl.application.WebApplicationImpl _initiate
INFO: Initiating Jersey application, version 'Jersey: 1.19 02/11/2015 03:25 AM'
]]></system-err>
  </testcase>
</testsuite>