<?xml version="1.0" encoding="UTF-8"?>
<testsuite xmlns:xsi="http://www.w3.org/2001/XMLSchema-instance" xsi:noNamespaceSchemaLocation="https://maven.apache.org/surefire/maven-surefire-plugin/xsd/surefire-test-report.xsd" name="org.apache.hadoop.ozone.TestStorageContainerManager" time="112.387" tests="9" errors="2" skipped="0" failures="1">
  <properties>
    <property name="awt.toolkit" value="sun.awt.X11.XToolkit"/>
    <property name="file.encoding.pkg" value="sun.io"/>
    <property name="java.specification.version" value="1.8"/>
    <property name="sun.cpu.isalist" value=""/>
    <property name="sun.jnu.encoding" value="UTF-8"/>
    <property name="java.class.path" value="/workdir/hadoop-ozone/integration-test/target/test-classes:/workdir/hadoop-ozone/integration-test/target/classes:/home/user/.m2/repository/org/apache/hadoop/hadoop-ozone-common/0.4.1-SNAPSHOT/hadoop-ozone-common-0.4.1-SNAPSHOT.jar:/home/user/.m2/repository/org/apache/commons/commons-compress/1.4.1/commons-compress-1.4.1.jar:/home/user/.m2/repository/org/tukaani/xz/1.0/xz-1.0.jar:/home/user/.m2/repository/org/apache/hadoop/hadoop-common/3.2.0/hadoop-common-3.2.0.jar:/home/user/.m2/repository/org/apache/hadoop/hadoop-hdfs/3.2.0/hadoop-hdfs-3.2.0.jar:/home/user/.m2/repository/org/apache/hadoop/hadoop-hdfs-client/3.2.0/hadoop-hdfs-client-3.2.0.jar:/home/user/.m2/repository/com/fasterxml/jackson/core/jackson-annotations/2.9.5/jackson-annotations-2.9.5.jar:/home/user/.m2/repository/org/apache/hadoop/hadoop-hdds-common/0.4.1-SNAPSHOT/hadoop-hdds-common-0.4.1-SNAPSHOT.jar:/home/user/.m2/repository/javax/annotation/javax.annotation-api/1.2/javax.annotation-api-1.2.jar:/home/user/.m2/repository/org/apache/ratis/ratis-server/0.4.0-2337318-SNAPSHOT/ratis-server-0.4.0-2337318-SNAPSHOT.jar:/home/user/.m2/repository/org/apache/ratis/ratis-thirdparty-misc/0.2.0/ratis-thirdparty-misc-0.2.0.jar:/home/user/.m2/repository/org/apache/ratis/ratis-proto/0.4.0-2337318-SNAPSHOT/ratis-proto-0.4.0-2337318-SNAPSHOT.jar:/home/user/.m2/repository/org/apache/ratis/ratis-common/0.4.0-2337318-SNAPSHOT/ratis-common-0.4.0-2337318-SNAPSHOT.jar:/home/user/.m2/repository/org/apache/ratis/ratis-client/0.4.0-2337318-SNAPSHOT/ratis-client-0.4.0-2337318-SNAPSHOT.jar:/home/user/.m2/repository/org/apache/ratis/ratis-metrics/0.4.0-2337318-SNAPSHOT/ratis-metrics-0.4.0-2337318-SNAPSHOT.jar:/home/user/.m2/repository/org/apache/ratis/ratis-netty/0.4.0-2337318-SNAPSHOT/ratis-netty-0.4.0-2337318-SNAPSHOT.jar:/home/user/.m2/repository/org/apache/ratis/ratis-grpc/0.4.0-2337318-SNAPSHOT/ratis-grpc-0.4.0-2337318-SNAPSHOT.jar:/home/user/.m2/repository/org/rocksdb/rocksdbjni/6.0.1/rocksdbjni-6.0.1.jar:/home/user/.m2/repository/org/apache/logging/log4j/log4j-api/2.11.0/log4j-api-2.11.0.jar:/home/user/.m2/repository/org/apache/logging/log4j/log4j-core/2.11.0/log4j-core-2.11.0.jar:/home/user/.m2/repository/com/lmax/disruptor/3.4.2/disruptor-3.4.2.jar:/home/user/.m2/repository/org/apache/commons/commons-pool2/2.6.0/commons-pool2-2.6.0.jar:/home/user/.m2/repository/org/bouncycastle/bcpkix-jdk15on/1.60/bcpkix-jdk15on-1.60.jar:/home/user/.m2/repository/commons-validator/commons-validator/1.6/commons-validator-1.6.jar:/home/user/.m2/repository/commons-digester/commons-digester/1.8.1/commons-digester-1.8.1.jar:/home/user/.m2/repository/io/jaegertracing/jaeger-client/0.33.1/jaeger-client-0.33.1.jar:/home/user/.m2/repository/io/jaegertracing/jaeger-thrift/0.33.1/jaeger-thrift-0.33.1.jar:/home/user/.m2/repository/org/apache/thrift/libthrift/0.11.0/libthrift-0.11.0.jar:/home/user/.m2/repository/com/squareup/okhttp3/okhttp/3.9.0/okhttp-3.9.0.jar:/home/user/.m2/repository/com/squareup/okio/okio/1.13.0/okio-1.13.0.jar:/home/user/.m2/repository/io/jaegertracing/jaeger-core/0.33.1/jaeger-core-0.33.1.jar:/home/user/.m2/repository/io/jaegertracing/jaeger-tracerresolver/0.33.1/jaeger-tracerresolver-0.33.1.jar:/home/user/.m2/repository/io/opentracing/contrib/opentracing-tracerresolver/0.1.5/opentracing-tracerresolver-0.1.5.jar:/home/user/.m2/repository/io/opentracing/opentracing-util/0.31.0/opentracing-util-0.31.0.jar:/home/user/.m2/repository/io/opentracing/opentracing-api/0.31.0/opentracing-api-0.31.0.jar:/home/user/.m2/repository/io/opentracing/opentracing-noop/0.31.0/opentracing-noop-0.31.0.jar:/home/user/.m2/repository/org/apache/hadoop/hadoop-hdds-server-framework/0.4.1-SNAPSHOT/hadoop-hdds-server-framework-0.4.1-SNAPSHOT.jar:/home/user/.m2/repository/org/apache/hadoop/hadoop-hdds-container-service/0.4.1-SNAPSHOT/hadoop-hdds-container-service-0.4.1-SNAPSHOT.jar:/home/user/.m2/repository/org/apache/hadoop/hadoop-hdds-client/0.4.1-SNAPSHOT/hadoop-hdds-client-0.4.1-SNAPSHOT.jar:/home/user/.m2/repository/org/apache/hadoop/hadoop-hdds-tools/0.4.1-SNAPSHOT/hadoop-hdds-tools-0.4.1-SNAPSHOT.jar:/home/user/.m2/repository/org/apache/hadoop/hadoop-hdds-server-scm/0.4.1-SNAPSHOT/hadoop-hdds-server-scm-0.4.1-SNAPSHOT.jar:/home/user/.m2/repository/org/apache/hadoop/hadoop-hdds-docs/0.4.1-SNAPSHOT/hadoop-hdds-docs-0.4.1-SNAPSHOT.jar:/home/user/.m2/repository/io/dropwizard/metrics/metrics-core/3.2.4/metrics-core-3.2.4.jar:/home/user/.m2/repository/org/hamcrest/hamcrest-all/1.3/hamcrest-all-1.3.jar:/home/user/.m2/repository/org/bouncycastle/bcprov-jdk15on/1.60/bcprov-jdk15on-1.60.jar:/home/user/.m2/repository/info/picocli/picocli/3.9.6/picocli-3.9.6.jar:/home/user/.m2/repository/com/google/protobuf/protobuf-java/2.5.0/protobuf-java-2.5.0.jar:/home/user/.m2/repository/com/google/guava/guava/11.0.2/guava-11.0.2.jar:/home/user/.m2/repository/org/apache/hadoop/hadoop-ozone-ozone-manager/0.4.1-SNAPSHOT/hadoop-ozone-ozone-manager-0.4.1-SNAPSHOT.jar:/home/user/.m2/repository/org/apache/hadoop/hadoop-minikdc/3.2.0/hadoop-minikdc-3.2.0.jar:/home/user/.m2/repository/commons-io/commons-io/2.5/commons-io-2.5.jar:/home/user/.m2/repository/org/apache/kerby/kerb-simplekdc/1.0.1/kerb-simplekdc-1.0.1.jar:/home/user/.m2/repository/org/apache/kerby/kerb-client/1.0.1/kerb-client-1.0.1.jar:/home/user/.m2/repository/org/apache/kerby/kerby-config/1.0.1/kerby-config-1.0.1.jar:/home/user/.m2/repository/org/apache/kerby/kerb-core/1.0.1/kerb-core-1.0.1.jar:/home/user/.m2/repository/org/apache/kerby/kerby-pkix/1.0.1/kerby-pkix-1.0.1.jar:/home/user/.m2/repository/org/apache/kerby/kerby-asn1/1.0.1/kerby-asn1-1.0.1.jar:/home/user/.m2/repository/org/apache/kerby/kerby-util/1.0.1/kerby-util-1.0.1.jar:/home/user/.m2/repository/org/apache/kerby/kerb-common/1.0.1/kerb-common-1.0.1.jar:/home/user/.m2/repository/org/apache/kerby/kerb-crypto/1.0.1/kerb-crypto-1.0.1.jar:/home/user/.m2/repository/org/apache/kerby/kerb-util/1.0.1/kerb-util-1.0.1.jar:/home/user/.m2/repository/org/apache/kerby/token-provider/1.0.1/token-provider-1.0.1.jar:/home/user/.m2/repository/org/apache/kerby/kerb-admin/1.0.1/kerb-admin-1.0.1.jar:/home/user/.m2/repository/org/apache/kerby/kerb-server/1.0.1/kerb-server-1.0.1.jar:/home/user/.m2/repository/org/apache/kerby/kerb-identity/1.0.1/kerb-identity-1.0.1.jar:/home/user/.m2/repository/org/apache/kerby/kerby-xdr/1.0.1/kerby-xdr-1.0.1.jar:/home/user/.m2/repository/org/slf4j/slf4j-log4j12/1.7.25/slf4j-log4j12-1.7.25.jar:/home/user/.m2/repository/org/apache/hadoop/hadoop-ozone-objectstore-service/0.4.1-SNAPSHOT/hadoop-ozone-objectstore-service-0.4.1-SNAPSHOT.jar:/home/user/.m2/repository/org/apache/hadoop/hadoop-ozone-s3gateway/0.4.1-SNAPSHOT/hadoop-ozone-s3gateway-0.4.1-SNAPSHOT.jar:/home/user/.m2/repository/org/jboss/weld/servlet/weld-servlet/2.4.7.Final/weld-servlet-2.4.7.Final.jar:/home/user/.m2/repository/org/glassfish/jersey/containers/jersey-container-servlet-core/2.27/jersey-container-servlet-core-2.27.jar:/home/user/.m2/repository/org/glassfish/hk2/external/javax.inject/2.5.0-b42/javax.inject-2.5.0-b42.jar:/home/user/.m2/repository/org/glassfish/jersey/core/jersey-common/2.27/jersey-common-2.27.jar:/home/user/.m2/repository/org/glassfish/hk2/osgi-resource-locator/1.0.1/osgi-resource-locator-1.0.1.jar:/home/user/.m2/repository/javax/ws/rs/javax.ws.rs-api/2.1/javax.ws.rs-api-2.1.jar:/home/user/.m2/repository/org/glassfish/jersey/ext/cdi/jersey-cdi1x/2.27/jersey-cdi1x-2.27.jar:/home/user/.m2/repository/org/glassfish/jersey/inject/jersey-hk2/2.27/jersey-hk2-2.27.jar:/home/user/.m2/repository/org/glassfish/hk2/hk2-locator/2.5.0-b42/hk2-locator-2.5.0-b42.jar:/home/user/.m2/repository/org/javassist/javassist/3.22.0-CR2/javassist-3.22.0-CR2.jar:/home/user/.m2/repository/org/glassfish/hk2/hk2-api/2.5.0/hk2-api-2.5.0.jar:/home/user/.m2/repository/org/glassfish/hk2/external/jakarta.inject/2.5.0/jakarta.inject-2.5.0.jar:/home/user/.m2/repository/org/glassfish/hk2/hk2-utils/2.5.0/hk2-utils-2.5.0.jar:/home/user/.m2/repository/jakarta/annotation/jakarta.annotation-api/1.3.4/jakarta.annotation-api-1.3.4.jar:/home/user/.m2/repository/org/glassfish/hk2/external/aopalliance-repackaged/2.5.0/aopalliance-repackaged-2.5.0.jar:/home/user/.m2/repository/com/fasterxml/jackson/dataformat/jackson-dataformat-xml/2.9.0/jackson-dataformat-xml-2.9.0.jar:/home/user/.m2/repository/com/fasterxml/jackson/core/jackson-core/2.9.5/jackson-core-2.9.5.jar:/home/user/.m2/repository/com/fasterxml/jackson/module/jackson-module-jaxb-annotations/2.9.5/jackson-module-jaxb-annotations-2.9.5.jar:/home/user/.m2/repository/javax/enterprise/cdi-api/1.2/cdi-api-1.2.jar:/home/user/.m2/repository/javax/el/javax.el-api/3.0.0/javax.el-api-3.0.0.jar:/home/user/.m2/repository/javax/interceptor/javax.interceptor-api/1.2/javax.interceptor-api-1.2.jar:/home/user/.m2/repository/javax/inject/javax.inject/1/javax.inject-1.jar:/home/user/.m2/repository/com/sun/xml/bind/jaxb-impl/2.3.0.1/jaxb-impl-2.3.0.1.jar:/home/user/.m2/repository/com/sun/xml/bind/jaxb-core/2.3.0.1/jaxb-core-2.3.0.1.jar:/home/user/.m2/repository/javax/xml/bind/jaxb-api/2.3.0/jaxb-api-2.3.0.jar:/home/user/.m2/repository/javax/activation/activation/1.1.1/activation-1.1.1.jar:/home/user/.m2/repository/org/apache/hadoop/hadoop-ozone-csi/0.4.1-SNAPSHOT/hadoop-ozone-csi-0.4.1-SNAPSHOT.jar:/home/user/.m2/repository/com/google/protobuf/protobuf-java-util/3.5.1/protobuf-java-util-3.5.1.jar:/home/user/.m2/repository/org/apache/hadoop/hadoop-hdds-config/0.4.1-SNAPSHOT/hadoop-hdds-config-0.4.1-SNAPSHOT.jar:/home/user/.m2/repository/io/grpc/grpc-netty/1.17.1/grpc-netty-1.17.1.jar:/home/user/.m2/repository/io/grpc/grpc-core/1.17.1/grpc-core-1.17.1.jar:/home/user/.m2/repository/io/grpc/grpc-context/1.17.1/grpc-context-1.17.1.jar:/home/user/.m2/repository/com/google/errorprone/error_prone_annotations/2.2.0/error_prone_annotations-2.2.0.jar:/home/user/.m2/repository/org/codehaus/mojo/animal-sniffer-annotations/1.17/animal-sniffer-annotations-1.17.jar:/home/user/.m2/repository/io/opencensus/opencensus-api/0.17.0/opencensus-api-0.17.0.jar:/home/user/.m2/repository/io/opencensus/opencensus-contrib-grpc-metrics/0.17.0/opencensus-contrib-grpc-metrics-0.17.0.jar:/home/user/.m2/repository/io/netty/netty-codec-http2/4.1.30.Final/netty-codec-http2-4.1.30.Final.jar:/home/user/.m2/repository/io/netty/netty-codec-http/4.1.30.Final/netty-codec-http-4.1.30.Final.jar:/home/user/.m2/repository/io/netty/netty-codec/4.1.30.Final/netty-codec-4.1.30.Final.jar:/home/user/.m2/repository/io/netty/netty-handler/4.1.30.Final/netty-handler-4.1.30.Final.jar:/home/user/.m2/repository/io/netty/netty-handler-proxy/4.1.30.Final/netty-handler-proxy-4.1.30.Final.jar:/home/user/.m2/repository/io/netty/netty-codec-socks/4.1.30.Final/netty-codec-socks-4.1.30.Final.jar:/home/user/.m2/repository/io/netty/netty-transport-native-epoll/4.1.30.Final/netty-transport-native-epoll-4.1.30.Final.jar:/home/user/.m2/repository/io/netty/netty-common/4.1.30.Final/netty-common-4.1.30.Final.jar:/home/user/.m2/repository/io/netty/netty-buffer/4.1.30.Final/netty-buffer-4.1.30.Final.jar:/home/user/.m2/repository/io/netty/netty-transport/4.1.30.Final/netty-transport-4.1.30.Final.jar:/home/user/.m2/repository/io/netty/netty-resolver/4.1.30.Final/netty-resolver-4.1.30.Final.jar:/home/user/.m2/repository/io/netty/netty-transport-native-unix-common/4.1.30.Final/netty-transport-native-unix-common-4.1.30.Final.jar:/home/user/.m2/repository/io/grpc/grpc-protobuf/1.17.1/grpc-protobuf-1.17.1.jar:/home/user/.m2/repository/com/google/api/grpc/proto-google-common-protos/1.0.0/proto-google-common-protos-1.0.0.jar:/home/user/.m2/repository/io/grpc/grpc-protobuf-lite/1.17.1/grpc-protobuf-lite-1.17.1.jar:/home/user/.m2/repository/io/grpc/grpc-stub/1.17.1/grpc-stub-1.17.1.jar:/home/user/.m2/repository/org/apache/hadoop/hadoop-ozone-recon/0.4.1-SNAPSHOT/hadoop-ozone-recon-0.4.1-SNAPSHOT.jar:/home/user/.m2/repository/org/apache/hadoop/hadoop-ozone-reconcodegen/0.4.1-SNAPSHOT/hadoop-ozone-reconcodegen-0.4.1-SNAPSHOT.jar:/home/user/.m2/repository/com/google/inject/extensions/guice-multibindings/4.0/guice-multibindings-4.0.jar:/home/user/.m2/repository/com/google/inject/guice/4.0/guice-4.0.jar:/home/user/.m2/repository/aopalliance/aopalliance/1.0/aopalliance-1.0.jar:/home/user/.m2/repository/com/google/inject/extensions/guice-servlet/4.0/guice-servlet-4.0.jar:/home/user/.m2/repository/org/glassfish/jersey/containers/jersey-container-servlet/2.27/jersey-container-servlet-2.27.jar:/home/user/.m2/repository/org/glassfish/hk2/guice-bridge/2.5.0/guice-bridge-2.5.0.jar:/home/user/.m2/repository/org/glassfish/jersey/core/jersey-server/2.27/jersey-server-2.27.jar:/home/user/.m2/repository/org/glassfish/jersey/core/jersey-client/2.27/jersey-client-2.27.jar:/home/user/.m2/repository/org/glassfish/jersey/media/jersey-media-jaxb/2.27/jersey-media-jaxb-2.27.jar:/home/user/.m2/repository/javax/validation/validation-api/1.1.0.Final/validation-api-1.1.0.Final.jar:/home/user/.m2/repository/org/glassfish/jersey/media/jersey-media-json-jackson/2.27/jersey-media-json-jackson-2.27.jar:/home/user/.m2/repository/org/glassfish/jersey/ext/jersey-entity-filtering/2.27/jersey-entity-filtering-2.27.jar:/home/user/.m2/repository/com/google/inject/extensions/guice-assistedinject/4.0/guice-assistedinject-4.0.jar:/home/user/.m2/repository/org/jooq/jooq/3.11.10/jooq-3.11.10.jar:/home/user/.m2/repository/org/jooq/jooq-meta/3.11.10/jooq-meta-3.11.10.jar:/home/user/.m2/repository/org/jooq/jooq-codegen/3.11.10/jooq-codegen-3.11.10.jar:/home/user/.m2/repository/com/jolbox/bonecp/0.8.0.RELEASE/bonecp-0.8.0.RELEASE.jar:/home/user/.m2/repository/org/xerial/sqlite-jdbc/3.25.2/sqlite-jdbc-3.25.2.jar:/home/user/.m2/repository/org/springframework/spring-jdbc/5.1.3.RELEASE/spring-jdbc-5.1.3.RELEASE.jar:/home/user/.m2/repository/org/springframework/spring-beans/5.1.3.RELEASE/spring-beans-5.1.3.RELEASE.jar:/home/user/.m2/repository/org/springframework/spring-core/5.1.3.RELEASE/spring-core-5.1.3.RELEASE.jar:/home/user/.m2/repository/org/springframework/spring-jcl/5.1.3.RELEASE/spring-jcl-5.1.3.RELEASE.jar:/home/user/.m2/repository/org/springframework/spring-tx/5.1.3.RELEASE/spring-tx-5.1.3.RELEASE.jar:/home/user/.m2/repository/org/apache/hadoop/hadoop-ozone-client/0.4.1-SNAPSHOT/hadoop-ozone-client-0.4.1-SNAPSHOT.jar:/home/user/.m2/repository/commons-lang/commons-lang/2.6/commons-lang-2.6.jar:/home/user/.m2/repository/org/apache/hadoop/hadoop-ozone-ozone-manager/0.4.1-SNAPSHOT/hadoop-ozone-ozone-manager-0.4.1-SNAPSHOT-tests.jar:/home/user/.m2/repository/junit/junit/4.11/junit-4.11.jar:/home/user/.m2/repository/org/hamcrest/hamcrest-core/1.3/hamcrest-core-1.3.jar:/home/user/.m2/repository/org/openjdk/jmh/jmh-core/1.19/jmh-core-1.19.jar:/home/user/.m2/repository/net/sf/jopt-simple/jopt-simple/4.6/jopt-simple-4.6.jar:/home/user/.m2/repository/org/apache/commons/commons-math3/3.1.1/commons-math3-3.1.1.jar:/home/user/.m2/repository/org/openjdk/jmh/jmh-generator-annprocess/1.19/jmh-generator-annprocess-1.19.jar:/home/user/.m2/repository/org/mockito/mockito-all/1.8.5/mockito-all-1.8.5.jar:/home/user/.m2/repository/org/apache/hadoop/hadoop-kms/3.2.0/hadoop-kms-3.2.0.jar:/home/user/.m2/repository/org/apache/hadoop/hadoop-auth/3.2.0/hadoop-auth-3.2.0.jar:/home/user/.m2/repository/com/nimbusds/nimbus-jose-jwt/4.41.1/nimbus-jose-jwt-4.41.1.jar:/home/user/.m2/repository/com/github/stephenc/jcip/jcip-annotations/1.0-1/jcip-annotations-1.0-1.jar:/home/user/.m2/repository/net/minidev/json-smart/2.3/json-smart-2.3.jar:/home/user/.m2/repository/net/minidev/accessors-smart/1.2/accessors-smart-1.2.jar:/home/user/.m2/repository/org/ow2/asm/asm/5.0.4/asm-5.0.4.jar:/home/user/.m2/repository/org/apache/curator/curator-framework/2.12.0/curator-framework-2.12.0.jar:/home/user/.m2/repository/com/sun/jersey/jersey-core/1.19/jersey-core-1.19.jar:/home/user/.m2/repository/javax/ws/rs/jsr311-api/1.1.1/jsr311-api-1.1.1.jar:/home/user/.m2/repository/com/sun/jersey/jersey-server/1.19/jersey-server-1.19.jar:/home/user/.m2/repository/javax/servlet/javax.servlet-api/3.1.0/javax.servlet-api-3.1.0.jar:/home/user/.m2/repository/org/eclipse/jetty/jetty-server/9.3.24.v20180605/jetty-server-9.3.24.v20180605.jar:/home/user/.m2/repository/org/eclipse/jetty/jetty-http/9.3.24.v20180605/jetty-http-9.3.24.v20180605.jar:/home/user/.m2/repository/org/eclipse/jetty/jetty-io/9.3.24.v20180605/jetty-io-9.3.24.v20180605.jar:/home/user/.m2/repository/org/eclipse/jetty/jetty-webapp/9.3.24.v20180605/jetty-webapp-9.3.24.v20180605.jar:/home/user/.m2/repository/org/eclipse/jetty/jetty-xml/9.3.24.v20180605/jetty-xml-9.3.24.v20180605.jar:/home/user/.m2/repository/log4j/log4j/1.2.17/log4j-1.2.17.jar:/home/user/.m2/repository/org/slf4j/slf4j-api/1.7.25/slf4j-api-1.7.25.jar:/home/user/.m2/repository/org/slf4j/jul-to-slf4j/1.7.25/jul-to-slf4j-1.7.25.jar:/home/user/.m2/repository/org/eclipse/jetty/jetty-util/9.3.24.v20180605/jetty-util-9.3.24.v20180605.jar:/home/user/.m2/repository/com/fasterxml/jackson/core/jackson-databind/2.9.5/jackson-databind-2.9.5.jar:/home/user/.m2/repository/org/apache/hadoop/hadoop-kms/3.2.0/hadoop-kms-3.2.0-tests.jar:/home/user/.m2/repository/org/apache/hadoop/hadoop-hdds-server-scm/0.4.1-SNAPSHOT/hadoop-hdds-server-scm-0.4.1-SNAPSHOT-tests.jar:/home/user/.m2/repository/org/apache/hadoop/hadoop-hdds-container-service/0.4.1-SNAPSHOT/hadoop-hdds-container-service-0.4.1-SNAPSHOT-tests.jar:/home/user/.m2/repository/org/yaml/snakeyaml/1.16/snakeyaml-1.16.jar:/home/user/.m2/repository/org/apache/hadoop/hadoop-common/3.2.0/hadoop-common-3.2.0-tests.jar:/home/user/.m2/repository/org/apache/hadoop/hadoop-annotations/3.2.0/hadoop-annotations-3.2.0.jar:/usr/lib/jvm/java-1.8-openjdk/jre/../lib/tools.jar:/home/user/.m2/repository/commons-cli/commons-cli/1.2/commons-cli-1.2.jar:/home/user/.m2/repository/org/apache/httpcomponents/httpclient/4.5.2/httpclient-4.5.2.jar:/home/user/.m2/repository/org/apache/httpcomponents/httpcore/4.4.4/httpcore-4.4.4.jar:/home/user/.m2/repository/commons-codec/commons-codec/1.11/commons-codec-1.11.jar:/home/user/.m2/repository/commons-net/commons-net/3.6/commons-net-3.6.jar:/home/user/.m2/repository/commons-collections/commons-collections/3.2.2/commons-collections-3.2.2.jar:/home/user/.m2/repository/org/eclipse/jetty/jetty-servlet/9.3.24.v20180605/jetty-servlet-9.3.24.v20180605.jar:/home/user/.m2/repository/org/eclipse/jetty/jetty-security/9.3.24.v20180605/jetty-security-9.3.24.v20180605.jar:/home/user/.m2/repository/javax/servlet/jsp/jsp-api/2.1/jsp-api-2.1.jar:/home/user/.m2/repository/com/sun/jersey/jersey-servlet/1.19/jersey-servlet-1.19.jar:/home/user/.m2/repository/com/sun/jersey/jersey-json/1.19/jersey-json-1.19.jar:/home/user/.m2/repository/org/codehaus/jettison/jettison/1.1/jettison-1.1.jar:/home/user/.m2/repository/org/codehaus/jackson/jackson-core-asl/1.9.13/jackson-core-asl-1.9.13.jar:/home/user/.m2/repository/org/codehaus/jackson/jackson-mapper-asl/1.9.13/jackson-mapper-asl-1.9.13.jar:/home/user/.m2/repository/org/codehaus/jackson/jackson-jaxrs/1.9.13/jackson-jaxrs-1.9.13.jar:/home/user/.m2/repository/org/codehaus/jackson/jackson-xc/1.9.13/jackson-xc-1.9.13.jar:/home/user/.m2/repository/commons-logging/commons-logging/1.1.3/commons-logging-1.1.3.jar:/home/user/.m2/repository/commons-beanutils/commons-beanutils/1.9.3/commons-beanutils-1.9.3.jar:/home/user/.m2/repository/org/apache/commons/commons-configuration2/2.1.1/commons-configuration2-2.1.1.jar:/home/user/.m2/repository/org/apache/commons/commons-lang3/3.7/commons-lang3-3.7.jar:/home/user/.m2/repository/org/apache/commons/commons-text/1.4/commons-text-1.4.jar:/home/user/.m2/repository/org/apache/avro/avro/1.7.7/avro-1.7.7.jar:/home/user/.m2/repository/com/thoughtworks/paranamer/paranamer/2.3/paranamer-2.3.jar:/home/user/.m2/repository/org/xerial/snappy/snappy-java/1.0.5/snappy-java-1.0.5.jar:/home/user/.m2/repository/com/google/re2j/re2j/1.1/re2j-1.1.jar:/home/user/.m2/repository/com/google/code/gson/gson/2.2.4/gson-2.2.4.jar:/home/user/.m2/repository/com/jcraft/jsch/0.1.54/jsch-0.1.54.jar:/home/user/.m2/repository/org/apache/curator/curator-client/2.12.0/curator-client-2.12.0.jar:/home/user/.m2/repository/org/apache/curator/curator-recipes/2.12.0/curator-recipes-2.12.0.jar:/home/user/.m2/repository/com/google/code/findbugs/jsr305/3.0.0/jsr305-3.0.0.jar:/home/user/.m2/repository/org/apache/htrace/htrace-core4/4.1.0-incubating/htrace-core4-4.1.0-incubating.jar:/home/user/.m2/repository/org/apache/zookeeper/zookeeper/3.4.13/zookeeper-3.4.13.jar:/home/user/.m2/repository/org/apache/yetus/audience-annotations/0.5.0/audience-annotations-0.5.0.jar:/home/user/.m2/repository/org/codehaus/woodstox/stax2-api/3.1.4/stax2-api-3.1.4.jar:/home/user/.m2/repository/com/fasterxml/woodstox/woodstox-core/5.0.3/woodstox-core-5.0.3.jar:/home/user/.m2/repository/dnsjava/dnsjava/2.1.7/dnsjava-2.1.7.jar:/home/user/.m2/repository/org/apache/hadoop/hadoop-hdfs/3.2.0/hadoop-hdfs-3.2.0-tests.jar:/home/user/.m2/repository/org/eclipse/jetty/jetty-util-ajax/9.3.24.v20180605/jetty-util-ajax-9.3.24.v20180605.jar:/home/user/.m2/repository/commons-daemon/commons-daemon/1.0.13/commons-daemon-1.0.13.jar:/home/user/.m2/repository/io/netty/netty/3.10.5.Final/netty-3.10.5.Final.jar:/home/user/.m2/repository/io/netty/netty-all/4.0.52.Final/netty-all-4.0.52.Final.jar:/home/user/.m2/repository/org/fusesource/leveldbjni/leveldbjni-all/1.8/leveldbjni-all-1.8.jar:"/>
    <property name="java.vm.vendor" value="IcedTea"/>
    <property name="sun.arch.data.model" value="64"/>
    <property name="test.build.dir" value="/workdir/hadoop-ozone/integration-test/target/test-dir"/>
    <property name="test.cache.data" value=""/>
    <property name="java.vendor.url" value="https://icedtea.classpath.org"/>
    <property name="user.timezone" value=""/>
    <property name="java.vm.specification.version" value="1.8"/>
    <property name="os.name" value="Linux"/>
    <property name="test.build.data" value="/workdir/hadoop-ozone/integration-test/target/test-dir"/>
    <property name="user.country" value="US"/>
    <property name="sun.java.launcher" value="SUN_STANDARD"/>
    <property name="sun.boot.library.path" value="/usr/lib/jvm/java-1.8-openjdk/jre/lib/amd64"/>
    <property name="sun.java.command" value="/workdir/hadoop-ozone/integration-test/target/surefire/surefirebooter4583614493348491310.jar /workdir/hadoop-ozone/integration-test/target/surefire 2019-07-29T12-32-59_647-jvmRun1 surefire444777043647070619tmp surefire_781776578724218083489tmp"/>
    <property name="surefire.test.class.path" value="/workdir/hadoop-ozone/integration-test/target/test-classes:/workdir/hadoop-ozone/integration-test/target/classes:/home/user/.m2/repository/org/apache/hadoop/hadoop-ozone-common/0.4.1-SNAPSHOT/hadoop-ozone-common-0.4.1-SNAPSHOT.jar:/home/user/.m2/repository/org/apache/commons/commons-compress/1.4.1/commons-compress-1.4.1.jar:/home/user/.m2/repository/org/tukaani/xz/1.0/xz-1.0.jar:/home/user/.m2/repository/org/apache/hadoop/hadoop-common/3.2.0/hadoop-common-3.2.0.jar:/home/user/.m2/repository/org/apache/hadoop/hadoop-hdfs/3.2.0/hadoop-hdfs-3.2.0.jar:/home/user/.m2/repository/org/apache/hadoop/hadoop-hdfs-client/3.2.0/hadoop-hdfs-client-3.2.0.jar:/home/user/.m2/repository/com/fasterxml/jackson/core/jackson-annotations/2.9.5/jackson-annotations-2.9.5.jar:/home/user/.m2/repository/org/apache/hadoop/hadoop-hdds-common/0.4.1-SNAPSHOT/hadoop-hdds-common-0.4.1-SNAPSHOT.jar:/home/user/.m2/repository/javax/annotation/javax.annotation-api/1.2/javax.annotation-api-1.2.jar:/home/user/.m2/repository/org/apache/ratis/ratis-server/0.4.0-2337318-SNAPSHOT/ratis-server-0.4.0-2337318-SNAPSHOT.jar:/home/user/.m2/repository/org/apache/ratis/ratis-thirdparty-misc/0.2.0/ratis-thirdparty-misc-0.2.0.jar:/home/user/.m2/repository/org/apache/ratis/ratis-proto/0.4.0-2337318-SNAPSHOT/ratis-proto-0.4.0-2337318-SNAPSHOT.jar:/home/user/.m2/repository/org/apache/ratis/ratis-common/0.4.0-2337318-SNAPSHOT/ratis-common-0.4.0-2337318-SNAPSHOT.jar:/home/user/.m2/repository/org/apache/ratis/ratis-client/0.4.0-2337318-SNAPSHOT/ratis-client-0.4.0-2337318-SNAPSHOT.jar:/home/user/.m2/repository/org/apache/ratis/ratis-metrics/0.4.0-2337318-SNAPSHOT/ratis-metrics-0.4.0-2337318-SNAPSHOT.jar:/home/user/.m2/repository/org/apache/ratis/ratis-netty/0.4.0-2337318-SNAPSHOT/ratis-netty-0.4.0-2337318-SNAPSHOT.jar:/home/user/.m2/repository/org/apache/ratis/ratis-grpc/0.4.0-2337318-SNAPSHOT/ratis-grpc-0.4.0-2337318-SNAPSHOT.jar:/home/user/.m2/repository/org/rocksdb/rocksdbjni/6.0.1/rocksdbjni-6.0.1.jar:/home/user/.m2/repository/org/apache/logging/log4j/log4j-api/2.11.0/log4j-api-2.11.0.jar:/home/user/.m2/repository/org/apache/logging/log4j/log4j-core/2.11.0/log4j-core-2.11.0.jar:/home/user/.m2/repository/com/lmax/disruptor/3.4.2/disruptor-3.4.2.jar:/home/user/.m2/repository/org/apache/commons/commons-pool2/2.6.0/commons-pool2-2.6.0.jar:/home/user/.m2/repository/org/bouncycastle/bcpkix-jdk15on/1.60/bcpkix-jdk15on-1.60.jar:/home/user/.m2/repository/commons-validator/commons-validator/1.6/commons-validator-1.6.jar:/home/user/.m2/repository/commons-digester/commons-digester/1.8.1/commons-digester-1.8.1.jar:/home/user/.m2/repository/io/jaegertracing/jaeger-client/0.33.1/jaeger-client-0.33.1.jar:/home/user/.m2/repository/io/jaegertracing/jaeger-thrift/0.33.1/jaeger-thrift-0.33.1.jar:/home/user/.m2/repository/org/apache/thrift/libthrift/0.11.0/libthrift-0.11.0.jar:/home/user/.m2/repository/com/squareup/okhttp3/okhttp/3.9.0/okhttp-3.9.0.jar:/home/user/.m2/repository/com/squareup/okio/okio/1.13.0/okio-1.13.0.jar:/home/user/.m2/repository/io/jaegertracing/jaeger-core/0.33.1/jaeger-core-0.33.1.jar:/home/user/.m2/repository/io/jaegertracing/jaeger-tracerresolver/0.33.1/jaeger-tracerresolver-0.33.1.jar:/home/user/.m2/repository/io/opentracing/contrib/opentracing-tracerresolver/0.1.5/opentracing-tracerresolver-0.1.5.jar:/home/user/.m2/repository/io/opentracing/opentracing-util/0.31.0/opentracing-util-0.31.0.jar:/home/user/.m2/repository/io/opentracing/opentracing-api/0.31.0/opentracing-api-0.31.0.jar:/home/user/.m2/repository/io/opentracing/opentracing-noop/0.31.0/opentracing-noop-0.31.0.jar:/home/user/.m2/repository/org/apache/hadoop/hadoop-hdds-server-framework/0.4.1-SNAPSHOT/hadoop-hdds-server-framework-0.4.1-SNAPSHOT.jar:/home/user/.m2/repository/org/apache/hadoop/hadoop-hdds-container-service/0.4.1-SNAPSHOT/hadoop-hdds-container-service-0.4.1-SNAPSHOT.jar:/home/user/.m2/repository/org/apache/hadoop/hadoop-hdds-client/0.4.1-SNAPSHOT/hadoop-hdds-client-0.4.1-SNAPSHOT.jar:/home/user/.m2/repository/org/apache/hadoop/hadoop-hdds-tools/0.4.1-SNAPSHOT/hadoop-hdds-tools-0.4.1-SNAPSHOT.jar:/home/user/.m2/repository/org/apache/hadoop/hadoop-hdds-server-scm/0.4.1-SNAPSHOT/hadoop-hdds-server-scm-0.4.1-SNAPSHOT.jar:/home/user/.m2/repository/org/apache/hadoop/hadoop-hdds-docs/0.4.1-SNAPSHOT/hadoop-hdds-docs-0.4.1-SNAPSHOT.jar:/home/user/.m2/repository/io/dropwizard/metrics/metrics-core/3.2.4/metrics-core-3.2.4.jar:/home/user/.m2/repository/org/hamcrest/hamcrest-all/1.3/hamcrest-all-1.3.jar:/home/user/.m2/repository/org/bouncycastle/bcprov-jdk15on/1.60/bcprov-jdk15on-1.60.jar:/home/user/.m2/repository/info/picocli/picocli/3.9.6/picocli-3.9.6.jar:/home/user/.m2/repository/com/google/protobuf/protobuf-java/2.5.0/protobuf-java-2.5.0.jar:/home/user/.m2/repository/com/google/guava/guava/11.0.2/guava-11.0.2.jar:/home/user/.m2/repository/org/apache/hadoop/hadoop-ozone-ozone-manager/0.4.1-SNAPSHOT/hadoop-ozone-ozone-manager-0.4.1-SNAPSHOT.jar:/home/user/.m2/repository/org/apache/hadoop/hadoop-minikdc/3.2.0/hadoop-minikdc-3.2.0.jar:/home/user/.m2/repository/commons-io/commons-io/2.5/commons-io-2.5.jar:/home/user/.m2/repository/org/apache/kerby/kerb-simplekdc/1.0.1/kerb-simplekdc-1.0.1.jar:/home/user/.m2/repository/org/apache/kerby/kerb-client/1.0.1/kerb-client-1.0.1.jar:/home/user/.m2/repository/org/apache/kerby/kerby-config/1.0.1/kerby-config-1.0.1.jar:/home/user/.m2/repository/org/apache/kerby/kerb-core/1.0.1/kerb-core-1.0.1.jar:/home/user/.m2/repository/org/apache/kerby/kerby-pkix/1.0.1/kerby-pkix-1.0.1.jar:/home/user/.m2/repository/org/apache/kerby/kerby-asn1/1.0.1/kerby-asn1-1.0.1.jar:/home/user/.m2/repository/org/apache/kerby/kerby-util/1.0.1/kerby-util-1.0.1.jar:/home/user/.m2/repository/org/apache/kerby/kerb-common/1.0.1/kerb-common-1.0.1.jar:/home/user/.m2/repository/org/apache/kerby/kerb-crypto/1.0.1/kerb-crypto-1.0.1.jar:/home/user/.m2/repository/org/apache/kerby/kerb-util/1.0.1/kerb-util-1.0.1.jar:/home/user/.m2/repository/org/apache/kerby/token-provider/1.0.1/token-provider-1.0.1.jar:/home/user/.m2/repository/org/apache/kerby/kerb-admin/1.0.1/kerb-admin-1.0.1.jar:/home/user/.m2/repository/org/apache/kerby/kerb-server/1.0.1/kerb-server-1.0.1.jar:/home/user/.m2/repository/org/apache/kerby/kerb-identity/1.0.1/kerb-identity-1.0.1.jar:/home/user/.m2/repository/org/apache/kerby/kerby-xdr/1.0.1/kerby-xdr-1.0.1.jar:/home/user/.m2/repository/org/slf4j/slf4j-log4j12/1.7.25/slf4j-log4j12-1.7.25.jar:/home/user/.m2/repository/org/apache/hadoop/hadoop-ozone-objectstore-service/0.4.1-SNAPSHOT/hadoop-ozone-objectstore-service-0.4.1-SNAPSHOT.jar:/home/user/.m2/repository/org/apache/hadoop/hadoop-ozone-s3gateway/0.4.1-SNAPSHOT/hadoop-ozone-s3gateway-0.4.1-SNAPSHOT.jar:/home/user/.m2/repository/org/jboss/weld/servlet/weld-servlet/2.4.7.Final/weld-servlet-2.4.7.Final.jar:/home/user/.m2/repository/org/glassfish/jersey/containers/jersey-container-servlet-core/2.27/jersey-container-servlet-core-2.27.jar:/home/user/.m2/repository/org/glassfish/hk2/external/javax.inject/2.5.0-b42/javax.inject-2.5.0-b42.jar:/home/user/.m2/repository/org/glassfish/jersey/core/jersey-common/2.27/jersey-common-2.27.jar:/home/user/.m2/repository/org/glassfish/hk2/osgi-resource-locator/1.0.1/osgi-resource-locator-1.0.1.jar:/home/user/.m2/repository/javax/ws/rs/javax.ws.rs-api/2.1/javax.ws.rs-api-2.1.jar:/home/user/.m2/repository/org/glassfish/jersey/ext/cdi/jersey-cdi1x/2.27/jersey-cdi1x-2.27.jar:/home/user/.m2/repository/org/glassfish/jersey/inject/jersey-hk2/2.27/jersey-hk2-2.27.jar:/home/user/.m2/repository/org/glassfish/hk2/hk2-locator/2.5.0-b42/hk2-locator-2.5.0-b42.jar:/home/user/.m2/repository/org/javassist/javassist/3.22.0-CR2/javassist-3.22.0-CR2.jar:/home/user/.m2/repository/org/glassfish/hk2/hk2-api/2.5.0/hk2-api-2.5.0.jar:/home/user/.m2/repository/org/glassfish/hk2/external/jakarta.inject/2.5.0/jakarta.inject-2.5.0.jar:/home/user/.m2/repository/org/glassfish/hk2/hk2-utils/2.5.0/hk2-utils-2.5.0.jar:/home/user/.m2/repository/jakarta/annotation/jakarta.annotation-api/1.3.4/jakarta.annotation-api-1.3.4.jar:/home/user/.m2/repository/org/glassfish/hk2/external/aopalliance-repackaged/2.5.0/aopalliance-repackaged-2.5.0.jar:/home/user/.m2/repository/com/fasterxml/jackson/dataformat/jackson-dataformat-xml/2.9.0/jackson-dataformat-xml-2.9.0.jar:/home/user/.m2/repository/com/fasterxml/jackson/core/jackson-core/2.9.5/jackson-core-2.9.5.jar:/home/user/.m2/repository/com/fasterxml/jackson/module/jackson-module-jaxb-annotations/2.9.5/jackson-module-jaxb-annotations-2.9.5.jar:/home/user/.m2/repository/javax/enterprise/cdi-api/1.2/cdi-api-1.2.jar:/home/user/.m2/repository/javax/el/javax.el-api/3.0.0/javax.el-api-3.0.0.jar:/home/user/.m2/repository/javax/interceptor/javax.interceptor-api/1.2/javax.interceptor-api-1.2.jar:/home/user/.m2/repository/javax/inject/javax.inject/1/javax.inject-1.jar:/home/user/.m2/repository/com/sun/xml/bind/jaxb-impl/2.3.0.1/jaxb-impl-2.3.0.1.jar:/home/user/.m2/repository/com/sun/xml/bind/jaxb-core/2.3.0.1/jaxb-core-2.3.0.1.jar:/home/user/.m2/repository/javax/xml/bind/jaxb-api/2.3.0/jaxb-api-2.3.0.jar:/home/user/.m2/repository/javax/activation/activation/1.1.1/activation-1.1.1.jar:/home/user/.m2/repository/org/apache/hadoop/hadoop-ozone-csi/0.4.1-SNAPSHOT/hadoop-ozone-csi-0.4.1-SNAPSHOT.jar:/home/user/.m2/repository/com/google/protobuf/protobuf-java-util/3.5.1/protobuf-java-util-3.5.1.jar:/home/user/.m2/repository/org/apache/hadoop/hadoop-hdds-config/0.4.1-SNAPSHOT/hadoop-hdds-config-0.4.1-SNAPSHOT.jar:/home/user/.m2/repository/io/grpc/grpc-netty/1.17.1/grpc-netty-1.17.1.jar:/home/user/.m2/repository/io/grpc/grpc-core/1.17.1/grpc-core-1.17.1.jar:/home/user/.m2/repository/io/grpc/grpc-context/1.17.1/grpc-context-1.17.1.jar:/home/user/.m2/repository/com/google/errorprone/error_prone_annotations/2.2.0/error_prone_annotations-2.2.0.jar:/home/user/.m2/repository/org/codehaus/mojo/animal-sniffer-annotations/1.17/animal-sniffer-annotations-1.17.jar:/home/user/.m2/repository/io/opencensus/opencensus-api/0.17.0/opencensus-api-0.17.0.jar:/home/user/.m2/repository/io/opencensus/opencensus-contrib-grpc-metrics/0.17.0/opencensus-contrib-grpc-metrics-0.17.0.jar:/home/user/.m2/repository/io/netty/netty-codec-http2/4.1.30.Final/netty-codec-http2-4.1.30.Final.jar:/home/user/.m2/repository/io/netty/netty-codec-http/4.1.30.Final/netty-codec-http-4.1.30.Final.jar:/home/user/.m2/repository/io/netty/netty-codec/4.1.30.Final/netty-codec-4.1.30.Final.jar:/home/user/.m2/repository/io/netty/netty-handler/4.1.30.Final/netty-handler-4.1.30.Final.jar:/home/user/.m2/repository/io/netty/netty-handler-proxy/4.1.30.Final/netty-handler-proxy-4.1.30.Final.jar:/home/user/.m2/repository/io/netty/netty-codec-socks/4.1.30.Final/netty-codec-socks-4.1.30.Final.jar:/home/user/.m2/repository/io/netty/netty-transport-native-epoll/4.1.30.Final/netty-transport-native-epoll-4.1.30.Final.jar:/home/user/.m2/repository/io/netty/netty-common/4.1.30.Final/netty-common-4.1.30.Final.jar:/home/user/.m2/repository/io/netty/netty-buffer/4.1.30.Final/netty-buffer-4.1.30.Final.jar:/home/user/.m2/repository/io/netty/netty-transport/4.1.30.Final/netty-transport-4.1.30.Final.jar:/home/user/.m2/repository/io/netty/netty-resolver/4.1.30.Final/netty-resolver-4.1.30.Final.jar:/home/user/.m2/repository/io/netty/netty-transport-native-unix-common/4.1.30.Final/netty-transport-native-unix-common-4.1.30.Final.jar:/home/user/.m2/repository/io/grpc/grpc-protobuf/1.17.1/grpc-protobuf-1.17.1.jar:/home/user/.m2/repository/com/google/api/grpc/proto-google-common-protos/1.0.0/proto-google-common-protos-1.0.0.jar:/home/user/.m2/repository/io/grpc/grpc-protobuf-lite/1.17.1/grpc-protobuf-lite-1.17.1.jar:/home/user/.m2/repository/io/grpc/grpc-stub/1.17.1/grpc-stub-1.17.1.jar:/home/user/.m2/repository/org/apache/hadoop/hadoop-ozone-recon/0.4.1-SNAPSHOT/hadoop-ozone-recon-0.4.1-SNAPSHOT.jar:/home/user/.m2/repository/org/apache/hadoop/hadoop-ozone-reconcodegen/0.4.1-SNAPSHOT/hadoop-ozone-reconcodegen-0.4.1-SNAPSHOT.jar:/home/user/.m2/repository/com/google/inject/extensions/guice-multibindings/4.0/guice-multibindings-4.0.jar:/home/user/.m2/repository/com/google/inject/guice/4.0/guice-4.0.jar:/home/user/.m2/repository/aopalliance/aopalliance/1.0/aopalliance-1.0.jar:/home/user/.m2/repository/com/google/inject/extensions/guice-servlet/4.0/guice-servlet-4.0.jar:/home/user/.m2/repository/org/glassfish/jersey/containers/jersey-container-servlet/2.27/jersey-container-servlet-2.27.jar:/home/user/.m2/repository/org/glassfish/hk2/guice-bridge/2.5.0/guice-bridge-2.5.0.jar:/home/user/.m2/repository/org/glassfish/jersey/core/jersey-server/2.27/jersey-server-2.27.jar:/home/user/.m2/repository/org/glassfish/jersey/core/jersey-client/2.27/jersey-client-2.27.jar:/home/user/.m2/repository/org/glassfish/jersey/media/jersey-media-jaxb/2.27/jersey-media-jaxb-2.27.jar:/home/user/.m2/repository/javax/validation/validation-api/1.1.0.Final/validation-api-1.1.0.Final.jar:/home/user/.m2/repository/org/glassfish/jersey/media/jersey-media-json-jackson/2.27/jersey-media-json-jackson-2.27.jar:/home/user/.m2/repository/org/glassfish/jersey/ext/jersey-entity-filtering/2.27/jersey-entity-filtering-2.27.jar:/home/user/.m2/repository/com/google/inject/extensions/guice-assistedinject/4.0/guice-assistedinject-4.0.jar:/home/user/.m2/repository/org/jooq/jooq/3.11.10/jooq-3.11.10.jar:/home/user/.m2/repository/org/jooq/jooq-meta/3.11.10/jooq-meta-3.11.10.jar:/home/user/.m2/repository/org/jooq/jooq-codegen/3.11.10/jooq-codegen-3.11.10.jar:/home/user/.m2/repository/com/jolbox/bonecp/0.8.0.RELEASE/bonecp-0.8.0.RELEASE.jar:/home/user/.m2/repository/org/xerial/sqlite-jdbc/3.25.2/sqlite-jdbc-3.25.2.jar:/home/user/.m2/repository/org/springframework/spring-jdbc/5.1.3.RELEASE/spring-jdbc-5.1.3.RELEASE.jar:/home/user/.m2/repository/org/springframework/spring-beans/5.1.3.RELEASE/spring-beans-5.1.3.RELEASE.jar:/home/user/.m2/repository/org/springframework/spring-core/5.1.3.RELEASE/spring-core-5.1.3.RELEASE.jar:/home/user/.m2/repository/org/springframework/spring-jcl/5.1.3.RELEASE/spring-jcl-5.1.3.RELEASE.jar:/home/user/.m2/repository/org/springframework/spring-tx/5.1.3.RELEASE/spring-tx-5.1.3.RELEASE.jar:/home/user/.m2/repository/org/apache/hadoop/hadoop-ozone-client/0.4.1-SNAPSHOT/hadoop-ozone-client-0.4.1-SNAPSHOT.jar:/home/user/.m2/repository/commons-lang/commons-lang/2.6/commons-lang-2.6.jar:/home/user/.m2/repository/org/apache/hadoop/hadoop-ozone-ozone-manager/0.4.1-SNAPSHOT/hadoop-ozone-ozone-manager-0.4.1-SNAPSHOT-tests.jar:/home/user/.m2/repository/junit/junit/4.11/junit-4.11.jar:/home/user/.m2/repository/org/hamcrest/hamcrest-core/1.3/hamcrest-core-1.3.jar:/home/user/.m2/repository/org/openjdk/jmh/jmh-core/1.19/jmh-core-1.19.jar:/home/user/.m2/repository/net/sf/jopt-simple/jopt-simple/4.6/jopt-simple-4.6.jar:/home/user/.m2/repository/org/apache/commons/commons-math3/3.1.1/commons-math3-3.1.1.jar:/home/user/.m2/repository/org/openjdk/jmh/jmh-generator-annprocess/1.19/jmh-generator-annprocess-1.19.jar:/home/user/.m2/repository/org/mockito/mockito-all/1.8.5/mockito-all-1.8.5.jar:/home/user/.m2/repository/org/apache/hadoop/hadoop-kms/3.2.0/hadoop-kms-3.2.0.jar:/home/user/.m2/repository/org/apache/hadoop/hadoop-auth/3.2.0/hadoop-auth-3.2.0.jar:/home/user/.m2/repository/com/nimbusds/nimbus-jose-jwt/4.41.1/nimbus-jose-jwt-4.41.1.jar:/home/user/.m2/repository/com/github/stephenc/jcip/jcip-annotations/1.0-1/jcip-annotations-1.0-1.jar:/home/user/.m2/repository/net/minidev/json-smart/2.3/json-smart-2.3.jar:/home/user/.m2/repository/net/minidev/accessors-smart/1.2/accessors-smart-1.2.jar:/home/user/.m2/repository/org/ow2/asm/asm/5.0.4/asm-5.0.4.jar:/home/user/.m2/repository/org/apache/curator/curator-framework/2.12.0/curator-framework-2.12.0.jar:/home/user/.m2/repository/com/sun/jersey/jersey-core/1.19/jersey-core-1.19.jar:/home/user/.m2/repository/javax/ws/rs/jsr311-api/1.1.1/jsr311-api-1.1.1.jar:/home/user/.m2/repository/com/sun/jersey/jersey-server/1.19/jersey-server-1.19.jar:/home/user/.m2/repository/javax/servlet/javax.servlet-api/3.1.0/javax.servlet-api-3.1.0.jar:/home/user/.m2/repository/org/eclipse/jetty/jetty-server/9.3.24.v20180605/jetty-server-9.3.24.v20180605.jar:/home/user/.m2/repository/org/eclipse/jetty/jetty-http/9.3.24.v20180605/jetty-http-9.3.24.v20180605.jar:/home/user/.m2/repository/org/eclipse/jetty/jetty-io/9.3.24.v20180605/jetty-io-9.3.24.v20180605.jar:/home/user/.m2/repository/org/eclipse/jetty/jetty-webapp/9.3.24.v20180605/jetty-webapp-9.3.24.v20180605.jar:/home/user/.m2/repository/org/eclipse/jetty/jetty-xml/9.3.24.v20180605/jetty-xml-9.3.24.v20180605.jar:/home/user/.m2/repository/log4j/log4j/1.2.17/log4j-1.2.17.jar:/home/user/.m2/repository/org/slf4j/slf4j-api/1.7.25/slf4j-api-1.7.25.jar:/home/user/.m2/repository/org/slf4j/jul-to-slf4j/1.7.25/jul-to-slf4j-1.7.25.jar:/home/user/.m2/repository/org/eclipse/jetty/jetty-util/9.3.24.v20180605/jetty-util-9.3.24.v20180605.jar:/home/user/.m2/repository/com/fasterxml/jackson/core/jackson-databind/2.9.5/jackson-databind-2.9.5.jar:/home/user/.m2/repository/org/apache/hadoop/hadoop-kms/3.2.0/hadoop-kms-3.2.0-tests.jar:/home/user/.m2/repository/org/apache/hadoop/hadoop-hdds-server-scm/0.4.1-SNAPSHOT/hadoop-hdds-server-scm-0.4.1-SNAPSHOT-tests.jar:/home/user/.m2/repository/org/apache/hadoop/hadoop-hdds-container-service/0.4.1-SNAPSHOT/hadoop-hdds-container-service-0.4.1-SNAPSHOT-tests.jar:/home/user/.m2/repository/org/yaml/snakeyaml/1.16/snakeyaml-1.16.jar:/home/user/.m2/repository/org/apache/hadoop/hadoop-common/3.2.0/hadoop-common-3.2.0-tests.jar:/home/user/.m2/repository/org/apache/hadoop/hadoop-annotations/3.2.0/hadoop-annotations-3.2.0.jar:/usr/lib/jvm/java-1.8-openjdk/jre/../lib/tools.jar:/home/user/.m2/repository/commons-cli/commons-cli/1.2/commons-cli-1.2.jar:/home/user/.m2/repository/org/apache/httpcomponents/httpclient/4.5.2/httpclient-4.5.2.jar:/home/user/.m2/repository/org/apache/httpcomponents/httpcore/4.4.4/httpcore-4.4.4.jar:/home/user/.m2/repository/commons-codec/commons-codec/1.11/commons-codec-1.11.jar:/home/user/.m2/repository/commons-net/commons-net/3.6/commons-net-3.6.jar:/home/user/.m2/repository/commons-collections/commons-collections/3.2.2/commons-collections-3.2.2.jar:/home/user/.m2/repository/org/eclipse/jetty/jetty-servlet/9.3.24.v20180605/jetty-servlet-9.3.24.v20180605.jar:/home/user/.m2/repository/org/eclipse/jetty/jetty-security/9.3.24.v20180605/jetty-security-9.3.24.v20180605.jar:/home/user/.m2/repository/javax/servlet/jsp/jsp-api/2.1/jsp-api-2.1.jar:/home/user/.m2/repository/com/sun/jersey/jersey-servlet/1.19/jersey-servlet-1.19.jar:/home/user/.m2/repository/com/sun/jersey/jersey-json/1.19/jersey-json-1.19.jar:/home/user/.m2/repository/org/codehaus/jettison/jettison/1.1/jettison-1.1.jar:/home/user/.m2/repository/org/codehaus/jackson/jackson-core-asl/1.9.13/jackson-core-asl-1.9.13.jar:/home/user/.m2/repository/org/codehaus/jackson/jackson-mapper-asl/1.9.13/jackson-mapper-asl-1.9.13.jar:/home/user/.m2/repository/org/codehaus/jackson/jackson-jaxrs/1.9.13/jackson-jaxrs-1.9.13.jar:/home/user/.m2/repository/org/codehaus/jackson/jackson-xc/1.9.13/jackson-xc-1.9.13.jar:/home/user/.m2/repository/commons-logging/commons-logging/1.1.3/commons-logging-1.1.3.jar:/home/user/.m2/repository/commons-beanutils/commons-beanutils/1.9.3/commons-beanutils-1.9.3.jar:/home/user/.m2/repository/org/apache/commons/commons-configuration2/2.1.1/commons-configuration2-2.1.1.jar:/home/user/.m2/repository/org/apache/commons/commons-lang3/3.7/commons-lang3-3.7.jar:/home/user/.m2/repository/org/apache/commons/commons-text/1.4/commons-text-1.4.jar:/home/user/.m2/repository/org/apache/avro/avro/1.7.7/avro-1.7.7.jar:/home/user/.m2/repository/com/thoughtworks/paranamer/paranamer/2.3/paranamer-2.3.jar:/home/user/.m2/repository/org/xerial/snappy/snappy-java/1.0.5/snappy-java-1.0.5.jar:/home/user/.m2/repository/com/google/re2j/re2j/1.1/re2j-1.1.jar:/home/user/.m2/repository/com/google/code/gson/gson/2.2.4/gson-2.2.4.jar:/home/user/.m2/repository/com/jcraft/jsch/0.1.54/jsch-0.1.54.jar:/home/user/.m2/repository/org/apache/curator/curator-client/2.12.0/curator-client-2.12.0.jar:/home/user/.m2/repository/org/apache/curator/curator-recipes/2.12.0/curator-recipes-2.12.0.jar:/home/user/.m2/repository/com/google/code/findbugs/jsr305/3.0.0/jsr305-3.0.0.jar:/home/user/.m2/repository/org/apache/htrace/htrace-core4/4.1.0-incubating/htrace-core4-4.1.0-incubating.jar:/home/user/.m2/repository/org/apache/zookeeper/zookeeper/3.4.13/zookeeper-3.4.13.jar:/home/user/.m2/repository/org/apache/yetus/audience-annotations/0.5.0/audience-annotations-0.5.0.jar:/home/user/.m2/repository/org/codehaus/woodstox/stax2-api/3.1.4/stax2-api-3.1.4.jar:/home/user/.m2/repository/com/fasterxml/woodstox/woodstox-core/5.0.3/woodstox-core-5.0.3.jar:/home/user/.m2/repository/dnsjava/dnsjava/2.1.7/dnsjava-2.1.7.jar:/home/user/.m2/repository/org/apache/hadoop/hadoop-hdfs/3.2.0/hadoop-hdfs-3.2.0-tests.jar:/home/user/.m2/repository/org/eclipse/jetty/jetty-util-ajax/9.3.24.v20180605/jetty-util-ajax-9.3.24.v20180605.jar:/home/user/.m2/repository/commons-daemon/commons-daemon/1.0.13/commons-daemon-1.0.13.jar:/home/user/.m2/repository/io/netty/netty/3.10.5.Final/netty-3.10.5.Final.jar:/home/user/.m2/repository/io/netty/netty-all/4.0.52.Final/netty-all-4.0.52.Final.jar:/home/user/.m2/repository/org/fusesource/leveldbjni/leveldbjni-all/1.8/leveldbjni-all-1.8.jar:"/>
    <property name="sun.cpu.endian" value="little"/>
    <property name="user.home" value="/home/user"/>
    <property name="user.language" value="en"/>
    <property name="java.specification.vendor" value="Oracle Corporation"/>
    <property name="java.home" value="/usr/lib/jvm/java-1.8-openjdk/jre"/>
    <property name="java.security.krb5.conf" value="/workdir/hadoop-ozone/integration-test/target/test-classes/krb5.conf"/>
    <property name="basedir" value="/workdir/hadoop-ozone/integration-test"/>
    <property name="file.separator" value="/"/>
    <property name="line.separator" value="&#10;"/>
    <property name="java.vm.specification.vendor" value="Oracle Corporation"/>
    <property name="java.specification.name" value="Java Platform API Specification"/>
    <property name="java.awt.graphicsenv" value="sun.awt.X11GraphicsEnvironment"/>
    <property name="surefire.real.class.path" value="/workdir/hadoop-ozone/integration-test/target/surefire/surefirebooter4583614493348491310.jar"/>
    <property name="hadoop.log.dir" value="/workdir/hadoop-ozone/integration-test/target/log"/>
    <property name="sun.boot.class.path" value="/usr/lib/jvm/java-1.8-openjdk/jre/lib/resources.jar:/usr/lib/jvm/java-1.8-openjdk/jre/lib/rt.jar:/usr/lib/jvm/java-1.8-openjdk/jre/lib/sunrsasign.jar:/usr/lib/jvm/java-1.8-openjdk/jre/lib/jsse.jar:/usr/lib/jvm/java-1.8-openjdk/jre/lib/jce.jar:/usr/lib/jvm/java-1.8-openjdk/jre/lib/charsets.jar:/usr/lib/jvm/java-1.8-openjdk/jre/lib/jfr.jar:/usr/lib/jvm/java-1.8-openjdk/jre/classes"/>
    <property name="sun.management.compiler" value="HotSpot 64-Bit Tiered Compilers"/>
    <property name="java.runtime.version" value="1.8.0_212-b04"/>
    <property name="java.net.preferIPv4Stack" value="true"/>
    <property name="user.name" value="jenkins1000"/>
    <property name="path.separator" value=":"/>
    <property name="java.security.egd" value="file:///dev/urandom"/>
    <property name="os.version" value="3.10.0-957.12.2.el7.x86_64"/>
    <property name="java.endorsed.dirs" value="/usr/lib/jvm/java-1.8-openjdk/jre/lib/endorsed"/>
    <property name="java.runtime.name" value="OpenJDK Runtime Environment"/>
    <property name="file.encoding" value="UTF-8"/>
    <property name="java.vm.name" value="OpenJDK 64-Bit Server VM"/>
    <property name="test.build.webapps" value=""/>
    <property name="localRepository" value="/home/user/.m2/repository"/>
    <property name="java.vendor.url.bug" value="https://icedtea.classpath.org/bugzilla"/>
    <property name="java.io.tmpdir" value="/tmp"/>
    <property name="require.test.libhadoop" value=""/>
    <property name="java.version" value="1.8.0_212"/>
    <property name="user.dir" value="/workdir/hadoop-ozone/integration-test"/>
    <property name="os.arch" value="amd64"/>
    <property name="java.vm.specification.name" value="Java Virtual Machine Specification"/>
    <property name="test.build.classes" value="/workdir/hadoop-ozone/integration-test/target/test-classes"/>
    <property name="java.awt.printerjob" value="sun.print.PSPrinterJob"/>
    <property name="sun.os.patch.level" value="unknown"/>
    <property name="hadoop.tmp.dir" value="/workdir/hadoop-ozone/integration-test/target/tmp"/>
    <property name="java.library.path" value="/usr/lib/jvm/java-1.8-openjdk/jre/lib/amd64/server:/usr/lib/jvm/java-1.8-openjdk/jre/lib/amd64:/usr/lib/jvm/java-1.8-openjdk/jre/../lib/amd64:/workdir/hadoop-ozone/integration-test/target/native/target/usr/local/lib:/workdir/hadoop-ozone/integration-test/../../hadoop-common-project/hadoop-common/target/native/target/usr/local/lib:/usr/java/packages/lib/amd64:/usr/lib64:/lib64:/lib:/usr/lib"/>
    <property name="java.vm.info" value="mixed mode"/>
    <property name="java.vendor" value="IcedTea"/>
    <property name="java.vm.version" value="25.212-b04"/>
    <property name="java.ext.dirs" value="/usr/lib/jvm/java-1.8-openjdk/jre/lib/ext:/usr/java/packages/lib/ext"/>
    <property name="sun.io.unicode.encoding" value="UnicodeLittle"/>
    <property name="java.class.version" value="52.0"/>
  </properties>
  <testcase name="testBlockDeletionTransactions" classname="org.apache.hadoop.ozone.TestStorageContainerManager" time="20.552"/>
  <testcase name="testBlockDeletingThrottling" classname="org.apache.hadoop.ozone.TestStorageContainerManager" time="7.729">
    <error message="Unexpected Storage Container Exception: org.apache.hadoop.hdds.scm.container.common.helpers.StorageContainerException: ContainerID 7 creation failed" type="java.io.IOException">java.io.IOException: Unexpected Storage Container Exception: org.apache.hadoop.hdds.scm.container.common.helpers.StorageContainerException: ContainerID 7 creation failed
	at org.apache.hadoop.hdds.scm.storage.BlockOutputStream.setIoException(BlockOutputStream.java:541)
	at org.apache.hadoop.hdds.scm.storage.BlockOutputStream.validateResponse(BlockOutputStream.java:532)
	at org.apache.hadoop.hdds.scm.storage.BlockOutputStream.lambda$writeChunkToContainer$2(BlockOutputStream.java:606)
	at java.util.concurrent.CompletableFuture.uniApply(CompletableFuture.java:602)
	at java.util.concurrent.CompletableFuture$UniApply.tryFire(CompletableFuture.java:577)
	at java.util.concurrent.CompletableFuture$Completion.run(CompletableFuture.java:442)
	at java.util.concurrent.ThreadPoolExecutor.runWorker(ThreadPoolExecutor.java:1149)
	at java.util.concurrent.ThreadPoolExecutor$Worker.run(ThreadPoolExecutor.java:624)
	at java.lang.Thread.run(Thread.java:748)
Caused by: org.apache.hadoop.hdds.scm.container.common.helpers.StorageContainerException: ContainerID 7 creation failed
	at org.apache.hadoop.hdds.scm.storage.ContainerProtocolCalls.validateContainerResponse(ContainerProtocolCalls.java:536)
	at org.apache.hadoop.hdds.scm.storage.BlockOutputStream.validateResponse(BlockOutputStream.java:529)
	... 7 more
</error>
    <system-out><![CDATA[2019-07-29 13:51:42,738 WARN  server.ServerUtils (ServerUtils.java:getScmDbDir(145)) - ozone.scm.db.dirs is not configured. We recommend adding this setting. Falling back to ozone.metadata.dirs instead.
2019-07-29 13:51:42,753 WARN  server.ServerUtils (ServerUtils.java:getScmDbDir(145)) - ozone.scm.db.dirs is not configured. We recommend adding this setting. Falling back to ozone.metadata.dirs instead.
2019-07-29 13:51:42,754 WARN  server.ServerUtils (ServerUtils.java:getScmDbDir(145)) - ozone.scm.db.dirs is not configured. We recommend adding this setting. Falling back to ozone.metadata.dirs instead.
2019-07-29 13:51:42,754 INFO  db.DBStoreBuilder (DBStoreBuilder.java:addTable(110)) - using custom profile for table: deletedBlocks
2019-07-29 13:51:42,755 INFO  db.DBStoreBuilder (DBStoreBuilder.java:processTables(161)) - Using default column profile:DBProfile.DISK for Table:deletedBlocks
2019-07-29 13:51:42,755 INFO  db.DBStoreBuilder (DBStoreBuilder.java:addTable(110)) - using custom profile for table: validCerts
2019-07-29 13:51:42,755 INFO  db.DBStoreBuilder (DBStoreBuilder.java:processTables(161)) - Using default column profile:DBProfile.DISK for Table:validCerts
2019-07-29 13:51:42,755 INFO  db.DBStoreBuilder (DBStoreBuilder.java:addTable(110)) - using custom profile for table: revokedCerts
2019-07-29 13:51:42,756 INFO  db.DBStoreBuilder (DBStoreBuilder.java:processTables(161)) - Using default column profile:DBProfile.DISK for Table:revokedCerts
2019-07-29 13:51:42,756 INFO  db.DBStoreBuilder (DBStoreBuilder.java:addTable(110)) - using custom profile for table: default
2019-07-29 13:51:42,756 INFO  db.DBStoreBuilder (DBStoreBuilder.java:processTables(167)) - Using default column profile:DBProfile.DISK for Table:default
2019-07-29 13:51:42,756 INFO  db.DBStoreBuilder (DBStoreBuilder.java:getDbProfile(198)) - Using default options. DBProfile.DISK
2019-07-29 13:51:42,945 INFO  net.NodeSchemaLoader (NodeSchemaLoader.java:loadSchemaFromFile(125)) - Loading file from sun.misc.CompoundEnumeration@2a5c8edb
2019-07-29 13:51:42,945 INFO  net.NodeSchemaLoader (NodeSchemaLoader.java:loadSchema(171)) - Loading network topology layer schema file
2019-07-29 13:51:42,951 INFO  node.SCMNodeManager (SCMNodeManager.java:<init>(121)) - Entering startup safe mode.
2019-07-29 13:51:42,952 WARN  server.ServerUtils (ServerUtils.java:getScmDbDir(145)) - ozone.scm.db.dirs is not configured. We recommend adding this setting. Falling back to ozone.metadata.dirs instead.
2019-07-29 13:51:42,999 INFO  pipeline.SCMPipelineManager (SCMPipelineManager.java:initializePipelineState(126)) - No pipeline exists in current db
2019-07-29 13:51:42,999 WARN  server.ServerUtils (ServerUtils.java:getScmDbDir(145)) - ozone.scm.db.dirs is not configured. We recommend adding this setting. Falling back to ozone.metadata.dirs instead.
2019-07-29 13:51:43,068 WARN  events.EventQueue (EventQueue.java:fireEvent(175)) - No event handler registered for event TypedEvent{payloadType=SafeModeStatus, name='SafeModeStatus'}
2019-07-29 13:51:43,069 INFO  ipc.CallQueueManager (CallQueueManager.java:<init>(84)) - Using callQueue: class java.util.concurrent.LinkedBlockingQueue, queueCapacity: 2000, scheduler: class org.apache.hadoop.ipc.DefaultRpcScheduler, ipcBackoff: false.
2019-07-29 13:51:43,070 INFO  ipc.Server (Server.java:run(1074)) - Starting Socket Reader #1 for port 36384
2019-07-29 13:51:43,071 INFO  ipc.CallQueueManager (CallQueueManager.java:<init>(84)) - Using callQueue: class java.util.concurrent.LinkedBlockingQueue, queueCapacity: 2000, scheduler: class org.apache.hadoop.ipc.DefaultRpcScheduler, ipcBackoff: false.
2019-07-29 13:51:43,072 INFO  ipc.Server (Server.java:run(1074)) - Starting Socket Reader #1 for port 33489
2019-07-29 13:51:43,073 INFO  ipc.CallQueueManager (CallQueueManager.java:<init>(84)) - Using callQueue: class java.util.concurrent.LinkedBlockingQueue, queueCapacity: 2000, scheduler: class org.apache.hadoop.ipc.DefaultRpcScheduler, ipcBackoff: false.
2019-07-29 13:51:43,074 INFO  ipc.Server (Server.java:run(1074)) - Starting Socket Reader #1 for port 33415
2019-07-29 13:51:43,076 INFO  hdfs.DFSUtil (DFSUtil.java:httpServerTemplateForNNAndJN(1641)) - Starting Web-server for scm at: http://0.0.0.0:0
2019-07-29 13:51:43,079 INFO  server.AuthenticationFilter (AuthenticationFilter.java:constructSecretProvider(240)) - Unable to initialize FileSignerSecretProvider, falling back to use random secrets.
2019-07-29 13:51:43,080 WARN  http.HttpRequestLog (HttpRequestLog.java:getRequestLog(97)) - Jetty request log can only be enabled using Log4j
2019-07-29 13:51:43,083 INFO  http.HttpServer2 (HttpServer2.java:addGlobalFilter(975)) - Added global filter 'safety' (class=org.apache.hadoop.http.HttpServer2$QuotingInputFilter)
2019-07-29 13:51:43,083 INFO  http.HttpServer2 (HttpServer2.java:addFilter(948)) - Added filter static_user_filter (class=org.apache.hadoop.http.lib.StaticUserWebFilter$StaticUserFilter) to context scm
2019-07-29 13:51:43,084 INFO  http.HttpServer2 (HttpServer2.java:addFilter(958)) - Added filter static_user_filter (class=org.apache.hadoop.http.lib.StaticUserWebFilter$StaticUserFilter) to context logs
2019-07-29 13:51:43,084 INFO  http.HttpServer2 (HttpServer2.java:addFilter(958)) - Added filter static_user_filter (class=org.apache.hadoop.http.lib.StaticUserWebFilter$StaticUserFilter) to context static
2019-07-29 13:51:43,088 INFO  server.StorageContainerManager (StorageContainerManager.java:start(758)) - StorageContainerLocationProtocol RPC server is listening at /0.0.0.0:33415
2019-07-29 13:51:43,090 WARN  impl.MetricsConfig (MetricsConfig.java:loadFirst(134)) - Cannot locate configuration: tried hadoop-metrics2-storagecontainermanager.properties,hadoop-metrics2.properties
2019-07-29 13:51:43,092 INFO  impl.MetricsSystemImpl (MetricsSystemImpl.java:startTimer(374)) - Scheduled Metric snapshot period at 10 second(s).
2019-07-29 13:51:43,092 INFO  impl.MetricsSystemImpl (MetricsSystemImpl.java:start(191)) - StorageContainerManager metrics system started
2019-07-29 13:51:43,121 INFO  server.SCMClientProtocolServer (SCMClientProtocolServer.java:start(151)) - RPC server for Client  is listening at /0.0.0.0:33415
2019-07-29 13:51:43,121 INFO  ipc.Server (Server.java:run(1314)) - IPC Server Responder: starting
2019-07-29 13:51:43,121 INFO  ipc.Server (Server.java:run(1153)) - IPC Server listener on 33415: starting
2019-07-29 13:51:43,125 INFO  server.StorageContainerManager (StorageContainerManager.java:start(768)) - ScmBlockLocationProtocol RPC server is listening at /0.0.0.0:33489
2019-07-29 13:51:43,125 INFO  server.SCMBlockProtocolServer (SCMBlockProtocolServer.java:start(140)) - RPC server for Block Protocol is listening at /0.0.0.0:33489
2019-07-29 13:51:43,126 INFO  ipc.Server (Server.java:run(1314)) - IPC Server Responder: starting
2019-07-29 13:51:43,126 INFO  ipc.Server (Server.java:run(1153)) - IPC Server listener on 33489: starting
2019-07-29 13:51:43,129 INFO  server.StorageContainerManager (StorageContainerManager.java:start(772)) - ScmDatanodeProtocl RPC server is listening at /0.0.0.0:36384
2019-07-29 13:51:43,129 INFO  server.SCMDatanodeProtocolServer (SCMDatanodeProtocolServer.java:start(191)) - RPC server for DataNodes is listening at /0.0.0.0:36384
2019-07-29 13:51:43,130 INFO  ipc.Server (Server.java:run(1314)) - IPC Server Responder: starting
2019-07-29 13:51:43,130 INFO  ipc.Server (Server.java:run(1153)) - IPC Server listener on 36384: starting
2019-07-29 13:51:43,133 INFO  http.HttpServer2 (HttpServer2.java:bindListener(1191)) - Jetty bound to port 33941
2019-07-29 13:51:43,134 INFO  server.Server (Server.java:doStart(351)) - jetty-9.3.24.v20180605, build timestamp: 2018-06-05T17:11:56Z, git hash: 84205aa28f11a4f31f2a3b86d1bba2cc8ab69827
2019-07-29 13:51:43,137 INFO  handler.ContextHandler (ContextHandler.java:doStart(781)) - Started o.e.j.s.ServletContextHandler@1c0edaed{/logs,file:///workdir/hadoop-ozone/integration-test/target/log,AVAILABLE}
2019-07-29 13:51:43,138 INFO  handler.ContextHandler (ContextHandler.java:doStart(781)) - Started o.e.j.s.ServletContextHandler@3d332757{/static,file:///workdir/hadoop-ozone/integration-test/target/test-classes/webapps/static,AVAILABLE}
2019-07-29 13:51:43,143 INFO  handler.ContextHandler (ContextHandler.java:doStart(781)) - Started o.e.j.w.WebAppContext@179c08e1{/,file:///workdir/hadoop-ozone/integration-test/target/test-classes/webapps/scm/,AVAILABLE}{/scm}
2019-07-29 13:51:43,144 INFO  server.AbstractConnector (AbstractConnector.java:doStart(278)) - Started ServerConnector@1a36951b{HTTP/1.1,[http/1.1]}{0.0.0.0:33941}
2019-07-29 13:51:43,144 INFO  server.Server (Server.java:doStart(419)) - Started @21689ms
2019-07-29 13:51:43,145 INFO  server.BaseHttpServer (BaseHttpServer.java:updateConnectorAddress(207)) - HTTP server of SCM is listening at http://0.0.0.0:33941
2019-07-29 13:51:43,146 WARN  server.ServerUtils (ServerUtils.java:getDBPath(222)) - ozone.om.db.dirs is not configured. We recommend adding this setting. Falling back to ozone.metadata.dirs instead.
2019-07-29 13:51:43,146 INFO  util.JvmPauseMonitor (JvmPauseMonitor.java:run(188)) - Starting JVM pause monitor
2019-07-29 13:51:43,159 WARN  server.ServerUtils (ServerUtils.java:getDBPath(222)) - ozone.om.db.dirs is not configured. We recommend adding this setting. Falling back to ozone.metadata.dirs instead.
2019-07-29 13:51:43,160 WARN  server.ServerUtils (ServerUtils.java:getDBPath(222)) - ozone.om.db.dirs is not configured. We recommend adding this setting. Falling back to ozone.metadata.dirs instead.
2019-07-29 13:51:43,160 INFO  om.OzoneManager (OzoneManager.java:setOMNodeDetails(644)) - OM Service ID is not set. Setting it to the default ID: omServiceIdDefault
2019-07-29 13:51:43,160 INFO  om.OzoneManager (OzoneManager.java:setOMNodeDetails(650)) - OM Node ID is not set. Setting it to the OmStorage's OmID: addd197a-e7fe-4ae9-be7d-b21f2a25d398
2019-07-29 13:51:43,160 INFO  om.OzoneManager (OzoneManager.java:loadOMHAConfigs(601)) - Found matching OM address with OMServiceId: null, OMNodeId: null, RPC Address: localhost:0 and Ratis port: 9872
2019-07-29 13:51:43,168 WARN  server.ServerUtils (ServerUtils.java:getDBPath(222)) - ozone.om.db.dirs is not configured. We recommend adding this setting. Falling back to ozone.metadata.dirs instead.
2019-07-29 13:51:43,168 INFO  db.DBStoreBuilder (DBStoreBuilder.java:addTable(110)) - using custom profile for table: userTable
2019-07-29 13:51:43,168 INFO  db.DBStoreBuilder (DBStoreBuilder.java:processTables(161)) - Using default column profile:DBProfile.DISK for Table:userTable
2019-07-29 13:51:43,168 INFO  db.DBStoreBuilder (DBStoreBuilder.java:addTable(110)) - using custom profile for table: volumeTable
2019-07-29 13:51:43,169 INFO  db.DBStoreBuilder (DBStoreBuilder.java:processTables(161)) - Using default column profile:DBProfile.DISK for Table:volumeTable
2019-07-29 13:51:43,169 INFO  db.DBStoreBuilder (DBStoreBuilder.java:addTable(110)) - using custom profile for table: bucketTable
2019-07-29 13:51:43,169 INFO  db.DBStoreBuilder (DBStoreBuilder.java:processTables(161)) - Using default column profile:DBProfile.DISK for Table:bucketTable
2019-07-29 13:51:43,169 INFO  db.DBStoreBuilder (DBStoreBuilder.java:addTable(110)) - using custom profile for table: keyTable
2019-07-29 13:51:43,169 INFO  db.DBStoreBuilder (DBStoreBuilder.java:processTables(161)) - Using default column profile:DBProfile.DISK for Table:keyTable
2019-07-29 13:51:43,169 INFO  db.DBStoreBuilder (DBStoreBuilder.java:addTable(110)) - using custom profile for table: deletedTable
2019-07-29 13:51:43,170 INFO  db.DBStoreBuilder (DBStoreBuilder.java:processTables(161)) - Using default column profile:DBProfile.DISK for Table:deletedTable
2019-07-29 13:51:43,170 INFO  db.DBStoreBuilder (DBStoreBuilder.java:addTable(110)) - using custom profile for table: openKeyTable
2019-07-29 13:51:43,170 INFO  db.DBStoreBuilder (DBStoreBuilder.java:processTables(161)) - Using default column profile:DBProfile.DISK for Table:openKeyTable
2019-07-29 13:51:43,170 INFO  db.DBStoreBuilder (DBStoreBuilder.java:addTable(110)) - using custom profile for table: s3Table
2019-07-29 13:51:43,170 INFO  db.DBStoreBuilder (DBStoreBuilder.java:processTables(161)) - Using default column profile:DBProfile.DISK for Table:s3Table
2019-07-29 13:51:43,171 INFO  db.DBStoreBuilder (DBStoreBuilder.java:addTable(110)) - using custom profile for table: multipartInfoTable
2019-07-29 13:51:43,171 INFO  db.DBStoreBuilder (DBStoreBuilder.java:processTables(161)) - Using default column profile:DBProfile.DISK for Table:multipartInfoTable
2019-07-29 13:51:43,171 INFO  db.DBStoreBuilder (DBStoreBuilder.java:addTable(110)) - using custom profile for table: dTokenTable
2019-07-29 13:51:43,171 INFO  db.DBStoreBuilder (DBStoreBuilder.java:processTables(161)) - Using default column profile:DBProfile.DISK for Table:dTokenTable
2019-07-29 13:51:43,171 INFO  db.DBStoreBuilder (DBStoreBuilder.java:addTable(110)) - using custom profile for table: s3SecretTable
2019-07-29 13:51:43,171 INFO  db.DBStoreBuilder (DBStoreBuilder.java:processTables(161)) - Using default column profile:DBProfile.DISK for Table:s3SecretTable
2019-07-29 13:51:43,172 INFO  db.DBStoreBuilder (DBStoreBuilder.java:addTable(110)) - using custom profile for table: prefixTable
2019-07-29 13:51:43,172 INFO  db.DBStoreBuilder (DBStoreBuilder.java:processTables(161)) - Using default column profile:DBProfile.DISK for Table:prefixTable
2019-07-29 13:51:43,172 INFO  db.DBStoreBuilder (DBStoreBuilder.java:addTable(110)) - using custom profile for table: default
2019-07-29 13:51:43,172 INFO  db.DBStoreBuilder (DBStoreBuilder.java:processTables(167)) - Using default column profile:DBProfile.DISK for Table:default
2019-07-29 13:51:43,172 INFO  db.DBStoreBuilder (DBStoreBuilder.java:getDbProfile(198)) - Using default options. DBProfile.DISK
2019-07-29 13:51:43,869 INFO  ipc.CallQueueManager (CallQueueManager.java:<init>(84)) - Using callQueue: class java.util.concurrent.LinkedBlockingQueue, queueCapacity: 2000, scheduler: class org.apache.hadoop.ipc.DefaultRpcScheduler, ipcBackoff: false.
2019-07-29 13:51:43,870 INFO  ipc.Server (Server.java:run(1074)) - Starting Socket Reader #1 for port 36719
2019-07-29 13:51:43,885 INFO  om.OzoneManager (OzoneManager.java:start(1255)) - OzoneManager RPC server is listening at localhost/127.0.0.1:36719
2019-07-29 13:51:43,885 INFO  impl.MetricsSystemImpl (MetricsSystemImpl.java:init(158)) - OzoneManager metrics system started (again)
2019-07-29 13:51:43,886 INFO  ipc.Server (Server.java:run(1314)) - IPC Server Responder: starting
2019-07-29 13:51:43,887 INFO  ipc.Server (Server.java:run(1153)) - IPC Server listener on 36719: starting
2019-07-29 13:51:43,891 INFO  hdfs.DFSUtil (DFSUtil.java:httpServerTemplateForNNAndJN(1641)) - Starting Web-server for ozoneManager at: http://0.0.0.0:0
2019-07-29 13:51:43,894 INFO  server.AuthenticationFilter (AuthenticationFilter.java:constructSecretProvider(240)) - Unable to initialize FileSignerSecretProvider, falling back to use random secrets.
2019-07-29 13:51:43,895 WARN  http.HttpRequestLog (HttpRequestLog.java:getRequestLog(97)) - Jetty request log can only be enabled using Log4j
2019-07-29 13:51:43,897 INFO  http.HttpServer2 (HttpServer2.java:addGlobalFilter(975)) - Added global filter 'safety' (class=org.apache.hadoop.http.HttpServer2$QuotingInputFilter)
2019-07-29 13:51:43,898 INFO  http.HttpServer2 (HttpServer2.java:addFilter(948)) - Added filter static_user_filter (class=org.apache.hadoop.http.lib.StaticUserWebFilter$StaticUserFilter) to context ozoneManager
2019-07-29 13:51:43,899 INFO  http.HttpServer2 (HttpServer2.java:addFilter(958)) - Added filter static_user_filter (class=org.apache.hadoop.http.lib.StaticUserWebFilter$StaticUserFilter) to context static
2019-07-29 13:51:43,899 INFO  http.HttpServer2 (HttpServer2.java:addFilter(958)) - Added filter static_user_filter (class=org.apache.hadoop.http.lib.StaticUserWebFilter$StaticUserFilter) to context logs
2019-07-29 13:51:43,900 INFO  http.HttpServer2 (HttpServer2.java:bindListener(1191)) - Jetty bound to port 45206
2019-07-29 13:51:43,900 INFO  server.Server (Server.java:doStart(351)) - jetty-9.3.24.v20180605, build timestamp: 2018-06-05T17:11:56Z, git hash: 84205aa28f11a4f31f2a3b86d1bba2cc8ab69827
2019-07-29 13:51:43,903 INFO  handler.ContextHandler (ContextHandler.java:doStart(781)) - Started o.e.j.s.ServletContextHandler@484f2071{/logs,file:///workdir/hadoop-ozone/integration-test/target/log,AVAILABLE}
2019-07-29 13:51:43,904 INFO  handler.ContextHandler (ContextHandler.java:doStart(781)) - Started o.e.j.s.ServletContextHandler@28da9bbf{/static,file:///workdir/hadoop-ozone/integration-test/target/test-classes/webapps/static,AVAILABLE}
2019-07-29 13:51:43,911 INFO  handler.ContextHandler (ContextHandler.java:doStart(781)) - Started o.e.j.w.WebAppContext@56f2ee1a{/,file:///workdir/hadoop-ozone/integration-test/target/test-classes/webapps/ozoneManager/,AVAILABLE}{/ozoneManager}
2019-07-29 13:51:43,911 INFO  server.AbstractConnector (AbstractConnector.java:doStart(278)) - Started ServerConnector@7d651a9{HTTP/1.1,[http/1.1]}{0.0.0.0:45206}
2019-07-29 13:51:43,912 INFO  server.Server (Server.java:doStart(419)) - Started @22457ms
2019-07-29 13:51:43,914 INFO  server.BaseHttpServer (BaseHttpServer.java:updateConnectorAddress(207)) - HTTP server of OZONEMANAGER is listening at http://0.0.0.0:45206
2019-07-29 13:51:43,919 INFO  impl.MetricsSystemImpl (MetricsSystemImpl.java:init(158)) - HddsDatanode metrics system started (again)
2019-07-29 13:51:43,922 INFO  ozone.HddsDatanodeService (HddsDatanodeService.java:start(184)) - HddsDatanodeService host:byscane-nightly-dxn5b-515312600 ip:192.168.157.251
2019-07-29 13:51:43,932 INFO  volume.HddsVolume (HddsVolume.java:<init>(176)) - Creating Volume: /workdir/hadoop-ozone/integration-test/target/test-dir/MiniOzoneClusterImpl-fdab500f-45de-4d32-951c-dedbbc75dbe6/datanode-0/data/containers/hdds of  storage type : DISK and capacity : 52710309888
2019-07-29 13:51:43,933 INFO  volume.VolumeSet (VolumeSet.java:initializeVolumeSet(170)) - Added Volume : /workdir/hadoop-ozone/integration-test/target/test-dir/MiniOzoneClusterImpl-fdab500f-45de-4d32-951c-dedbbc75dbe6/datanode-0/data/containers/hdds to VolumeSet
2019-07-29 13:51:43,934 INFO  volume.ThrottledAsyncChecker (ThrottledAsyncChecker.java:schedule(140)) - Scheduling a check for org.apache.hadoop.ozone.container.common.volume.HddsVolume@7527853b
2019-07-29 13:51:43,935 INFO  volume.HddsVolumeChecker (HddsVolumeChecker.java:checkAllVolumes(203)) - Scheduled health check for volume org.apache.hadoop.ozone.container.common.volume.HddsVolume@7527853b
2019-07-29 13:51:43,958 INFO  impl.RaftServerProxy (ConfUtils.java:logGet(43)) - raft.rpc.type = GRPC (default)
2019-07-29 13:51:43,958 INFO  grpc.GrpcFactory (GrpcFactory.java:checkPooledByteBufAllocatorUseCacheForAllThreads(45)) - PERFORMANCE WARNING: useCacheForAllThreads is true that may cause Netty to create a lot garbage objects and, as a result, trigger GC.
	It is recommended to disable useCacheForAllThreads by setting -Dorg.apache.ratis.thirdparty.io.netty.allocator.useCacheForAllThreads=false in command line.
2019-07-29 13:51:43,960 INFO  grpc.GrpcConfigKeys$Server (ConfUtils.java:logGet(43)) - raft.grpc.server.port = 0 (default)
2019-07-29 13:51:43,960 INFO  server.GrpcService (ConfUtils.java:logGet(43)) - raft.grpc.message.size.max = 33570816 (custom)
2019-07-29 13:51:43,961 INFO  server.RaftServerConfigKeys (ConfUtils.java:logGet(43)) - raft.server.log.appender.buffer.byte-limit = 33554432 (custom)
2019-07-29 13:51:43,961 INFO  server.GrpcService (ConfUtils.java:logGet(43)) - raft.grpc.flow.control.window = 1MB (=1048576) (default)
2019-07-29 13:51:43,961 INFO  server.RaftServerConfigKeys (ConfUtils.java:logGet(43)) - raft.server.rpc.request.timeout = 3000ms (default)
2019-07-29 13:51:43,962 INFO  server.RaftServerConfigKeys (ConfUtils.java:logGet(43)) - raft.server.storage.dir = [/workdir/hadoop-ozone/integration-test/target/test-dir/MiniOzoneClusterImpl-fdab500f-45de-4d32-951c-dedbbc75dbe6/datanode-0/data/ratis] (custom)
2019-07-29 13:51:43,963 INFO  replication.SimpleContainerDownloader (SimpleContainerDownloader.java:<init>(72)) - Starting container downloader service to copy containers to replicate.
2019-07-29 13:51:43,964 INFO  hdfs.DFSUtil (DFSUtil.java:httpServerTemplateForNNAndJN(1641)) - Starting Web-server for hddsDatanode at: http://0.0.0.0:0
2019-07-29 13:51:43,966 INFO  server.AuthenticationFilter (AuthenticationFilter.java:constructSecretProvider(240)) - Unable to initialize FileSignerSecretProvider, falling back to use random secrets.
2019-07-29 13:51:43,967 WARN  http.HttpRequestLog (HttpRequestLog.java:getRequestLog(97)) - Jetty request log can only be enabled using Log4j
2019-07-29 13:51:43,969 INFO  http.HttpServer2 (HttpServer2.java:addGlobalFilter(975)) - Added global filter 'safety' (class=org.apache.hadoop.http.HttpServer2$QuotingInputFilter)
2019-07-29 13:51:43,970 INFO  http.HttpServer2 (HttpServer2.java:addFilter(948)) - Added filter static_user_filter (class=org.apache.hadoop.http.lib.StaticUserWebFilter$StaticUserFilter) to context hddsDatanode
2019-07-29 13:51:43,970 INFO  http.HttpServer2 (HttpServer2.java:addFilter(958)) - Added filter static_user_filter (class=org.apache.hadoop.http.lib.StaticUserWebFilter$StaticUserFilter) to context logs
2019-07-29 13:51:43,971 INFO  http.HttpServer2 (HttpServer2.java:addFilter(958)) - Added filter static_user_filter (class=org.apache.hadoop.http.lib.StaticUserWebFilter$StaticUserFilter) to context static
2019-07-29 13:51:43,972 INFO  http.HttpServer2 (HttpServer2.java:bindListener(1191)) - Jetty bound to port 40399
2019-07-29 13:51:43,972 INFO  server.Server (Server.java:doStart(351)) - jetty-9.3.24.v20180605, build timestamp: 2018-06-05T17:11:56Z, git hash: 84205aa28f11a4f31f2a3b86d1bba2cc8ab69827
2019-07-29 13:51:43,974 INFO  handler.ContextHandler (ContextHandler.java:doStart(781)) - Started o.e.j.s.ServletContextHandler@32a0e0b5{/logs,file:///workdir/hadoop-ozone/integration-test/target/log,AVAILABLE}
2019-07-29 13:51:43,975 INFO  handler.ContextHandler (ContextHandler.java:doStart(781)) - Started o.e.j.s.ServletContextHandler@3202f087{/static,jar:file:/home/user/.m2/repository/org/apache/hadoop/hadoop-hdds-container-service/0.4.1-SNAPSHOT/hadoop-hdds-container-service-0.4.1-SNAPSHOT.jar!/webapps/static,AVAILABLE}
2019-07-29 13:51:44,025 INFO  handler.ContextHandler (ContextHandler.java:doStart(781)) - Started o.e.j.w.WebAppContext@1724c4d8{/,file:///tmp/jetty-0.0.0.0-40399-hddsDatanode-_-any-131774355251257692.dir/webapp/,AVAILABLE}{/hddsDatanode}
2019-07-29 13:51:44,026 INFO  server.AbstractConnector (AbstractConnector.java:doStart(278)) - Started ServerConnector@3831f3c6{HTTP/1.1,[http/1.1]}{0.0.0.0:40399}
2019-07-29 13:51:44,026 INFO  server.Server (Server.java:doStart(419)) - Started @22571ms
2019-07-29 13:51:44,027 INFO  server.BaseHttpServer (BaseHttpServer.java:updateConnectorAddress(207)) - HTTP server of HDDSDATANODE is listening at http://0.0.0.0:40399
2019-07-29 13:51:44,186 INFO  ozone.HddsDatanodeService (HddsDatanodeService.java:startPlugins(395)) - Started plug-in org.apache.hadoop.ozone.web.OzoneHddsDatanodeService@57500246
2019-07-29 13:51:44,187 INFO  ozone.MiniOzoneClusterImpl (MiniOzoneClusterImpl.java:lambda$waitForClusterToBeReady$0(142)) - Waiting for cluster to be ready. Got 0 of 1 DN Heartbeats.
2019-07-29 13:51:44,189 INFO  util.JvmPauseMonitor (JvmPauseMonitor.java:run(188)) - Starting JVM pause monitor
2019-07-29 13:51:44,195 INFO  datanode.InitDatanodeState (InitDatanodeState.java:persistContainerDatanodeDetails(140)) - DatanodeDetails is persisted to /workdir/hadoop-ozone/integration-test/target/test-dir/MiniOzoneClusterImpl-fdab500f-45de-4d32-951c-dedbbc75dbe6/datanode-0/meta/datanode.id
2019-07-29 13:51:45,187 INFO  ozone.MiniOzoneClusterImpl (MiniOzoneClusterImpl.java:lambda$waitForClusterToBeReady$0(142)) - Waiting for cluster to be ready. Got 0 of 1 DN Heartbeats.
2019-07-29 13:51:46,188 INFO  ozone.MiniOzoneClusterImpl (MiniOzoneClusterImpl.java:lambda$waitForClusterToBeReady$0(142)) - Waiting for cluster to be ready. Got 0 of 1 DN Heartbeats.
2019-07-29 13:51:46,224 INFO  ozoneimpl.OzoneContainer (OzoneContainer.java:start(186)) - Attempting to start container services.
2019-07-29 13:51:46,226 INFO  ozoneimpl.OzoneContainer (OzoneContainer.java:startContainerScrub(160)) - Background container scrubber has been disabled by hdds.containerscrub.enabled
2019-07-29 13:51:46,226 INFO  ratis.XceiverServerRatis (XceiverServerRatis.java:start(404)) - Starting XceiverServerRatis 91db5301-ce73-4385-891e-5209b8e0771e at port 0
2019-07-29 13:51:46,235 INFO  impl.RaftServerProxy (RaftServerProxy.java:lambda$start$3(299)) - 91db5301-ce73-4385-891e-5209b8e0771e: start RPC server
2019-07-29 13:51:46,238 INFO  server.GrpcService (GrpcService.java:startImpl(149)) - 91db5301-ce73-4385-891e-5209b8e0771e: GrpcService started, listening on 0.0.0.0/0.0.0.0:35623
2019-07-29 13:51:46,238 INFO  ratis.XceiverServerRatis (XceiverServerRatis.java:start(414)) - XceiverServerRatis 91db5301-ce73-4385-891e-5209b8e0771e is started using port 35623
2019-07-29 13:51:46,240 INFO  server.XceiverServerGrpc (XceiverServerGrpc.java:start(161)) - XceiverServerGrpc 91db5301-ce73-4385-891e-5209b8e0771e is started using port 34966
2019-07-29 13:51:47,189 INFO  ozone.MiniOzoneClusterImpl (MiniOzoneClusterImpl.java:lambda$waitForClusterToBeReady$0(142)) - Waiting for cluster to be ready. Got 0 of 1 DN Heartbeats.
2019-07-29 13:51:48,189 INFO  ozone.MiniOzoneClusterImpl (MiniOzoneClusterImpl.java:lambda$waitForClusterToBeReady$0(142)) - Waiting for cluster to be ready. Got 0 of 1 DN Heartbeats.
2019-07-29 13:51:48,193 INFO  net.NetworkTopology (NetworkTopologyImpl.java:add(110)) - Added a new node: /default-rack/91db5301-ce73-4385-891e-5209b8e0771e
2019-07-29 13:51:48,194 INFO  node.SCMNodeManager (SCMNodeManager.java:register(273)) - Registered Data node : 91db5301-ce73-4385-891e-5209b8e0771e{ip: 192.168.157.251, host: byscane-nightly-dxn5b-515312600, networkLocation: /default-rack, certSerialId: null}
2019-07-29 13:51:48,196 INFO  safemode.SCMSafeModeManager (DataNodeSafeModeRule.java:process(71)) - SCM in safe mode. 1 DataNodes registered, 1 required.
2019-07-29 13:51:48,197 INFO  safemode.SCMSafeModeManager (SCMSafeModeManager.java:validateSafeModeExitRules(177)) - ScmSafeModeManager, all rules are successfully validated
2019-07-29 13:51:48,197 INFO  safemode.SCMSafeModeManager (SCMSafeModeManager.java:exitSafeMode(193)) - SCM exiting safe mode.
2019-07-29 13:51:48,216 INFO  impl.RaftServerProxy (RaftServerProxy.java:addNew(89)) - 91db5301-ce73-4385-891e-5209b8e0771e: addNew group-00B1D171ABB9:[91db5301-ce73-4385-891e-5209b8e0771e:192.168.157.251:35623] returns group-00B1D171ABB9:java.util.concurrent.CompletableFuture@12f6a66b[Not completed]
2019-07-29 13:51:48,218 INFO  impl.RaftServerImpl (RaftServerImpl.java:<init>(93)) - 91db5301-ce73-4385-891e-5209b8e0771e: new RaftServerImpl for group-00B1D171ABB9:[91db5301-ce73-4385-891e-5209b8e0771e:192.168.157.251:35623] with ContainerStateMachine:uninitialized
2019-07-29 13:51:48,219 INFO  server.RaftServerConfigKeys (ConfUtils.java:logGet(43)) - raft.server.rpc.timeout.min = 5s (custom)
2019-07-29 13:51:48,219 INFO  server.RaftServerConfigKeys (ConfUtils.java:logGet(43)) - raft.server.rpc.timeout.max = 5200ms (custom)
2019-07-29 13:51:48,220 INFO  server.RaftServerConfigKeys (ConfUtils.java:logGet(43)) - raft.server.rpcslowness.timeout = 120s (custom)
2019-07-29 13:51:48,220 INFO  server.RaftServerConfigKeys (ConfUtils.java:logGet(43)) - raft.server.sleep.deviation.threshold = 300 (default)
2019-07-29 13:51:48,220 INFO  server.RaftServerConfigKeys (ConfUtils.java:logGet(43)) - raft.server.log.appender.install.snapshot.enabled = false (custom)
2019-07-29 13:51:48,220 INFO  impl.RaftServerImpl (ServerState.java:<init>(105)) - 91db5301-ce73-4385-891e-5209b8e0771e:group-00B1D171ABB9 ConfigurationManager, init=-1: [91db5301-ce73-4385-891e-5209b8e0771e:192.168.157.251:35623], old=null, confs=<EMPTY_MAP>
2019-07-29 13:51:48,220 INFO  server.RaftServerConfigKeys (ConfUtils.java:logGet(43)) - raft.server.storage.dir = [/workdir/hadoop-ozone/integration-test/target/test-dir/MiniOzoneClusterImpl-fdab500f-45de-4d32-951c-dedbbc75dbe6/datanode-0/data/ratis] (custom)
2019-07-29 13:51:48,221 INFO  storage.RaftStorageDirectory (RaftStorageDirectory.java:analyzeStorage(246)) - The storage directory /workdir/hadoop-ozone/integration-test/target/test-dir/MiniOzoneClusterImpl-fdab500f-45de-4d32-951c-dedbbc75dbe6/datanode-0/data/ratis/21b3f7c3-fad5-477b-bd01-00b1d171abb9 does not exist. Creating ...
2019-07-29 13:51:48,246 INFO  storage.RaftStorageDirectory (RaftStorageDirectory.java:tryLock(328)) - Lock on /workdir/hadoop-ozone/integration-test/target/test-dir/MiniOzoneClusterImpl-fdab500f-45de-4d32-951c-dedbbc75dbe6/datanode-0/data/ratis/21b3f7c3-fad5-477b-bd01-00b1d171abb9/in_use.lock acquired by nodename 10069@byscane-nightly-dxn5b-515312600
2019-07-29 13:51:48,259 INFO  storage.RaftStorage (RaftStorage.java:format(72)) - Storage directory /workdir/hadoop-ozone/integration-test/target/test-dir/MiniOzoneClusterImpl-fdab500f-45de-4d32-951c-dedbbc75dbe6/datanode-0/data/ratis/21b3f7c3-fad5-477b-bd01-00b1d171abb9 has been successfully formatted.
2019-07-29 13:51:48,260 INFO  ratis.ContainerStateMachine (ContainerStateMachine.java:loadSnapshot(213)) - group-00B1D171ABB9: The snapshot info is null. Setting the last applied indexto:(t:0, i:~)
2019-07-29 13:51:48,260 INFO  server.RaftServerConfigKeys (ConfUtils.java:logGet(43)) - raft.server.leader.election.timeout = 120s (custom)
2019-07-29 13:51:48,260 INFO  server.RaftServerConfigKeys (ConfUtils.java:logGet(43)) - raft.server.log.use.memory = false (default)
2019-07-29 13:51:48,260 INFO  server.RaftServerConfigKeys (ConfUtils.java:logGet(43)) - raft.server.log.purge.gap = 1000000000 (custom)
2019-07-29 13:51:48,261 INFO  server.RaftServerConfigKeys (ConfUtils.java:logGet(43)) - raft.server.log.appender.buffer.byte-limit = 33554432 (custom)
2019-07-29 13:51:48,261 INFO  server.RaftServerConfigKeys (ConfUtils.java:logGet(43)) - raft.server.log.segment.size.max = 1048576 (custom)
2019-07-29 13:51:48,261 INFO  server.RaftServerConfigKeys (ConfUtils.java:logGet(43)) - raft.server.log.segment.cache.num.max = 2 (custom)
2019-07-29 13:51:48,261 INFO  segmented.SegmentedRaftLogWorker (SegmentedRaftLogWorker.java:<init>(172)) - new 91db5301-ce73-4385-891e-5209b8e0771e-SegmentedRaftLogWorker:Storage Directory /workdir/hadoop-ozone/integration-test/target/test-dir/MiniOzoneClusterImpl-fdab500f-45de-4d32-951c-dedbbc75dbe6/datanode-0/data/ratis/21b3f7c3-fad5-477b-bd01-00b1d171abb9 for RaftStorage:Storage Directory /workdir/hadoop-ozone/integration-test/target/test-dir/MiniOzoneClusterImpl-fdab500f-45de-4d32-951c-dedbbc75dbe6/datanode-0/data/ratis/21b3f7c3-fad5-477b-bd01-00b1d171abb9
2019-07-29 13:51:48,262 INFO  server.RaftServerConfigKeys (ConfUtils.java:logGet(43)) - raft.server.log.queue.byte-limit = 2147483647 (custom)
2019-07-29 13:51:48,262 INFO  server.RaftServerConfigKeys (ConfUtils.java:logGet(43)) - raft.server.log.queue.element-limit = 1024 (custom)
2019-07-29 13:51:48,262 INFO  server.RaftServerConfigKeys (ConfUtils.java:logGet(43)) - raft.server.log.segment.size.max = 1048576 (custom)
2019-07-29 13:51:48,262 INFO  server.RaftServerConfigKeys (ConfUtils.java:logGet(43)) - raft.server.log.preallocated.size = 16384 (custom)
2019-07-29 13:51:48,263 INFO  server.RaftServerConfigKeys (ConfUtils.java:logGet(43)) - raft.server.log.write.buffer.size = 33554432 (custom)
2019-07-29 13:51:48,263 INFO  server.RaftServerConfigKeys (ConfUtils.java:logGet(43)) - raft.server.log.force.sync.num = 128 (default)
2019-07-29 13:51:48,263 INFO  server.RaftServerConfigKeys (ConfUtils.java:logGet(43)) - raft.server.log.statemachine.data.sync = true (default)
2019-07-29 13:51:48,263 INFO  server.RaftServerConfigKeys (ConfUtils.java:logGet(43)) - raft.server.log.statemachine.data.sync.timeout = 10s (default)
2019-07-29 13:51:48,264 INFO  server.RaftServerConfigKeys (ConfUtils.java:logGet(43)) - raft.server.log.statemachine.data.sync.timeout.retry = -1 (default)
2019-07-29 13:51:48,264 INFO  server.RaftServerConfigKeys (ConfUtils.java:logGet(43)) - raft.server.log.statemachine.data.caching.enabled = true (custom)
2019-07-29 13:51:48,265 INFO  segmented.SegmentedRaftLogWorker (SegmentedRaftLogWorker.java:lambda$new$0(132)) - 91db5301-ce73-4385-891e-5209b8e0771e-SegmentedRaftLogWorker:Storage Directory /workdir/hadoop-ozone/integration-test/target/test-dir/MiniOzoneClusterImpl-fdab500f-45de-4d32-951c-dedbbc75dbe6/datanode-0/data/ratis/21b3f7c3-fad5-477b-bd01-00b1d171abb9: flushIndex: setUnconditionally 0 -> -1
2019-07-29 13:51:48,265 INFO  server.RaftServerConfigKeys (ConfUtils.java:logGet(43)) - raft.server.snapshot.auto.trigger.enabled = true (custom)
2019-07-29 13:51:48,265 INFO  server.RaftServerConfigKeys (ConfUtils.java:logGet(43)) - raft.server.snapshot.auto.trigger.threshold = 10000 (custom)
2019-07-29 13:51:48,266 INFO  server.RaftServerConfigKeys (ConfUtils.java:logGet(43)) - raft.server.retrycache.expirytime = 600000ms (custom)
2019-07-29 13:51:48,266 INFO  impl.RaftServerImpl (RaftServerImpl.java:start(180)) - 91db5301-ce73-4385-891e-5209b8e0771e: start group-00B1D171ABB9
2019-07-29 13:51:48,266 INFO  impl.RaftServerImpl (RaftServerImpl.java:setRole(171)) - 91db5301-ce73-4385-891e-5209b8e0771e:group-00B1D171ABB9 changes role from null to FOLLOWER at term 0 for startAsFollower
2019-07-29 13:51:48,266 INFO  impl.RoleInfo (RoleInfo.java:updateAndGet(143)) - 91db5301-ce73-4385-891e-5209b8e0771e: start FollowerState
2019-07-29 13:51:48,267 INFO  util.JmxRegister (JmxRegister.java:tryRegister(44)) - Successfully registered JMX Bean with object name Ratis:service=RaftServer,group=group-00B1D171ABB9,id=91db5301-ce73-4385-891e-5209b8e0771e
2019-07-29 13:51:48,276 INFO  pipeline.PipelineStateManager (PipelineStateManager.java:addPipeline(56)) - Created pipeline Pipeline[ Id: 21b3f7c3-fad5-477b-bd01-00b1d171abb9, Nodes: 91db5301-ce73-4385-891e-5209b8e0771e{ip: 192.168.157.251, host: byscane-nightly-dxn5b-515312600, networkLocation: /default-rack, certSerialId: null}, Type:RATIS, Factor:ONE, State:OPEN]
2019-07-29 13:51:49,190 INFO  ozone.MiniOzoneClusterImpl (MiniOzoneClusterImpl.java:lambda$waitForClusterToBeReady$0(142)) - Cluster is ready. Got 1 of 1 DN Heartbeats.
2019-07-29 13:51:49,374 INFO  pipeline.PipelineStateManager (PipelineStateManager.java:addPipeline(56)) - Created pipeline Pipeline[ Id: 6c3ac377-d0b8-48be-a8b4-39682f22c8b6, Nodes: 91db5301-ce73-4385-891e-5209b8e0771e{ip: 192.168.157.251, host: byscane-nightly-dxn5b-515312600, networkLocation: /default-rack, certSerialId: null}, Type:STAND_ALONE, Factor:ONE, State:OPEN]
2019-07-29 13:51:50,408 INFO  keyvalue.KeyValueHandler (ContainerUtils.java:logAndReturnError(146)) - Operation: CreateContainer : Trace ID: 52615e2477b512a9:52615e2477b512a9:0:0 : Message: Container creation failed, due to disk out of space : Result: DISK_OUT_OF_SPACE
13:51:50.410 [grpc-default-executor-1] ERROR DNAudit - user=null | ip=null | op=WRITE_CHUNK {blockData=conID: 7 locID: 102525063024607255 bcsId: 0} | ret=FAILURE
org.apache.hadoop.hdds.scm.container.common.helpers.StorageContainerException: ContainerID 7 creation failed
	at org.apache.hadoop.ozone.container.common.impl.HddsDispatcher.dispatchRequest(HddsDispatcher.java:227) [hadoop-hdds-container-service-0.4.1-SNAPSHOT.jar:?]
	at org.apache.hadoop.ozone.container.common.impl.HddsDispatcher.dispatch(HddsDispatcher.java:148) [hadoop-hdds-container-service-0.4.1-SNAPSHOT.jar:?]
	at org.apache.hadoop.ozone.container.common.transport.server.GrpcXceiverService$1.onNext(GrpcXceiverService.java:73) [hadoop-hdds-container-service-0.4.1-SNAPSHOT.jar:?]
	at org.apache.hadoop.ozone.container.common.transport.server.GrpcXceiverService$1.onNext(GrpcXceiverService.java:61) [hadoop-hdds-container-service-0.4.1-SNAPSHOT.jar:?]
	at org.apache.ratis.thirdparty.io.grpc.stub.ServerCalls$StreamingServerCallHandler$StreamingServerCallListener.onMessage(ServerCalls.java:248) [ratis-thirdparty-misc-0.2.0.jar:0.2.0]
	at org.apache.ratis.thirdparty.io.grpc.ForwardingServerCallListener.onMessage(ForwardingServerCallListener.java:33) [ratis-thirdparty-misc-0.2.0.jar:0.2.0]
	at org.apache.ratis.thirdparty.io.grpc.Contexts$ContextualizedServerCallListener.onMessage(Contexts.java:76) [ratis-thirdparty-misc-0.2.0.jar:0.2.0]
	at org.apache.ratis.thirdparty.io.grpc.ForwardingServerCallListener.onMessage(ForwardingServerCallListener.java:33) [ratis-thirdparty-misc-0.2.0.jar:0.2.0]
	at org.apache.hadoop.hdds.tracing.GrpcServerInterceptor$1.onMessage(GrpcServerInterceptor.java:46) [hadoop-hdds-common-0.4.1-SNAPSHOT.jar:?]
	at org.apache.ratis.thirdparty.io.grpc.internal.ServerCallImpl$ServerStreamListenerImpl.messagesAvailable(ServerCallImpl.java:263) [ratis-thirdparty-misc-0.2.0.jar:0.2.0]
	at org.apache.ratis.thirdparty.io.grpc.internal.ServerImpl$JumpToApplicationThreadServerStreamListener$1MessagesAvailable.runInContext(ServerImpl.java:686) [ratis-thirdparty-misc-0.2.0.jar:0.2.0]
	at org.apache.ratis.thirdparty.io.grpc.internal.ContextRunnable.run(ContextRunnable.java:37) [ratis-thirdparty-misc-0.2.0.jar:0.2.0]
	at org.apache.ratis.thirdparty.io.grpc.internal.SerializingExecutor.run(SerializingExecutor.java:123) [ratis-thirdparty-misc-0.2.0.jar:0.2.0]
	at java.util.concurrent.ThreadPoolExecutor.runWorker(ThreadPoolExecutor.java:1149) [?:1.8.0_212]
	at java.util.concurrent.ThreadPoolExecutor$Worker.run(ThreadPoolExecutor.java:624) [?:1.8.0_212]
	at java.lang.Thread.run(Thread.java:748) [?:1.8.0_212]
2019-07-29 13:51:50,419 INFO  impl.HddsDispatcher (ContainerUtils.java:logAndReturnError(146)) - Operation: WriteChunk : Trace ID: 52615e2477b512a9:52615e2477b512a9:0:0 : Message: ContainerID 7 creation failed : Result: DISK_OUT_OF_SPACE
2019-07-29 13:51:50,424 ERROR storage.BlockOutputStream (BlockOutputStream.java:validateResponse(531)) - Unexpected Storage Container Exception: 
org.apache.hadoop.hdds.scm.container.common.helpers.StorageContainerException: ContainerID 7 creation failed
	at org.apache.hadoop.hdds.scm.storage.ContainerProtocolCalls.validateContainerResponse(ContainerProtocolCalls.java:536)
	at org.apache.hadoop.hdds.scm.storage.BlockOutputStream.validateResponse(BlockOutputStream.java:529)
	at org.apache.hadoop.hdds.scm.storage.BlockOutputStream.lambda$writeChunkToContainer$2(BlockOutputStream.java:606)
	at java.util.concurrent.CompletableFuture.uniApply(CompletableFuture.java:602)
	at java.util.concurrent.CompletableFuture$UniApply.tryFire(CompletableFuture.java:577)
	at java.util.concurrent.CompletableFuture$Completion.run(CompletableFuture.java:442)
	at java.util.concurrent.ThreadPoolExecutor.runWorker(ThreadPoolExecutor.java:1149)
	at java.util.concurrent.ThreadPoolExecutor$Worker.run(ThreadPoolExecutor.java:624)
	at java.lang.Thread.run(Thread.java:748)
13:51:50.425 [grpc-default-executor-1] ERROR DNAudit - user=null | ip=null | op=PUT_BLOCK {blockData=[blockId=conID: 7 locID: 102525063024607255 bcsId: 0,size=5]} | ret=FAILURE
org.apache.hadoop.hdds.scm.container.common.helpers.StorageContainerException: ContainerID 7 does not exist
	at org.apache.hadoop.ozone.container.common.impl.HddsDispatcher.dispatchRequest(HddsDispatcher.java:242) [hadoop-hdds-container-service-0.4.1-SNAPSHOT.jar:?]
	at org.apache.hadoop.ozone.container.common.impl.HddsDispatcher.dispatch(HddsDispatcher.java:148) [hadoop-hdds-container-service-0.4.1-SNAPSHOT.jar:?]
	at org.apache.hadoop.ozone.container.common.transport.server.GrpcXceiverService$1.onNext(GrpcXceiverService.java:73) [hadoop-hdds-container-service-0.4.1-SNAPSHOT.jar:?]
	at org.apache.hadoop.ozone.container.common.transport.server.GrpcXceiverService$1.onNext(GrpcXceiverService.java:61) [hadoop-hdds-container-service-0.4.1-SNAPSHOT.jar:?]
	at org.apache.ratis.thirdparty.io.grpc.stub.ServerCalls$StreamingServerCallHandler$StreamingServerCallListener.onMessage(ServerCalls.java:248) [ratis-thirdparty-misc-0.2.0.jar:0.2.0]
	at org.apache.ratis.thirdparty.io.grpc.ForwardingServerCallListener.onMessage(ForwardingServerCallListener.java:33) [ratis-thirdparty-misc-0.2.0.jar:0.2.0]
	at org.apache.ratis.thirdparty.io.grpc.Contexts$ContextualizedServerCallListener.onMessage(Contexts.java:76) [ratis-thirdparty-misc-0.2.0.jar:0.2.0]
	at org.apache.ratis.thirdparty.io.grpc.ForwardingServerCallListener.onMessage(ForwardingServerCallListener.java:33) [ratis-thirdparty-misc-0.2.0.jar:0.2.0]
	at org.apache.hadoop.hdds.tracing.GrpcServerInterceptor$1.onMessage(GrpcServerInterceptor.java:46) [hadoop-hdds-common-0.4.1-SNAPSHOT.jar:?]
	at org.apache.ratis.thirdparty.io.grpc.internal.ServerCallImpl$ServerStreamListenerImpl.messagesAvailable(ServerCallImpl.java:263) [ratis-thirdparty-misc-0.2.0.jar:0.2.0]
	at org.apache.ratis.thirdparty.io.grpc.internal.ServerImpl$JumpToApplicationThreadServerStreamListener$1MessagesAvailable.runInContext(ServerImpl.java:686) [ratis-thirdparty-misc-0.2.0.jar:0.2.0]
	at org.apache.ratis.thirdparty.io.grpc.internal.ContextRunnable.run(ContextRunnable.java:37) [ratis-thirdparty-misc-0.2.0.jar:0.2.0]
	at org.apache.ratis.thirdparty.io.grpc.internal.SerializingExecutor.run(SerializingExecutor.java:123) [ratis-thirdparty-misc-0.2.0.jar:0.2.0]
	at java.util.concurrent.ThreadPoolExecutor.runWorker(ThreadPoolExecutor.java:1149) [?:1.8.0_212]
	at java.util.concurrent.ThreadPoolExecutor$Worker.run(ThreadPoolExecutor.java:624) [?:1.8.0_212]
	at java.lang.Thread.run(Thread.java:748) [?:1.8.0_212]
2019-07-29 13:51:50,426 INFO  impl.HddsDispatcher (ContainerUtils.java:logAndReturnError(146)) - Operation: PutBlock : Trace ID: 8f9594d49771824a:8f9594d49771824a:0:0 : Message: ContainerID 7 does not exist : Result: CONTAINER_NOT_FOUND
]]></system-out>
    <system-err><![CDATA[Jul 29, 2019 1:51:44 PM com.sun.jersey.server.impl.application.WebApplicationImpl _initiate
INFO: Initiating Jersey application, version 'Jersey: 1.19 02/11/2015 03:25 AM'
Jul 29, 2019 1:51:49 PM com.sun.jersey.server.impl.application.WebApplicationImpl _initiate
INFO: Initiating Jersey application, version 'Jersey: 1.19 02/11/2015 03:25 AM'
]]></system-err>
  </testcase>
  <testcase name="testSCMReinitialization" classname="org.apache.hadoop.ozone.TestStorageContainerManager" time="11.498"/>
  <testcase name="testCloseContainerCommandOnRestart" classname="org.apache.hadoop.ozone.TestStorageContainerManager" time="7.593">
    <error message="Unexpected Storage Container Exception: org.apache.hadoop.hdds.scm.container.common.helpers.StorageContainerException: ContainerID 7 creation failed" type="java.io.IOException">java.io.IOException: Unexpected Storage Container Exception: org.apache.hadoop.hdds.scm.container.common.helpers.StorageContainerException: ContainerID 7 creation failed
	at org.apache.hadoop.hdds.scm.storage.BlockOutputStream.setIoException(BlockOutputStream.java:541)
	at org.apache.hadoop.hdds.scm.storage.BlockOutputStream.validateResponse(BlockOutputStream.java:532)
	at org.apache.hadoop.hdds.scm.storage.BlockOutputStream.lambda$writeChunkToContainer$2(BlockOutputStream.java:606)
	at java.util.concurrent.CompletableFuture.uniApply(CompletableFuture.java:602)
	at java.util.concurrent.CompletableFuture$UniApply.tryFire(CompletableFuture.java:577)
	at java.util.concurrent.CompletableFuture$Completion.run(CompletableFuture.java:442)
	at java.util.concurrent.ThreadPoolExecutor.runWorker(ThreadPoolExecutor.java:1149)
	at java.util.concurrent.ThreadPoolExecutor$Worker.run(ThreadPoolExecutor.java:624)
	at java.lang.Thread.run(Thread.java:748)
Caused by: org.apache.hadoop.hdds.scm.container.common.helpers.StorageContainerException: ContainerID 7 creation failed
	at org.apache.hadoop.hdds.scm.storage.ContainerProtocolCalls.validateContainerResponse(ContainerProtocolCalls.java:536)
	at org.apache.hadoop.hdds.scm.storage.BlockOutputStream.validateResponse(BlockOutputStream.java:529)
	... 7 more
</error>
    <system-out><![CDATA[2019-07-29 13:52:01,962 WARN  server.ServerUtils (ServerUtils.java:getScmDbDir(145)) - ozone.scm.db.dirs is not configured. We recommend adding this setting. Falling back to ozone.metadata.dirs instead.
2019-07-29 13:52:01,978 WARN  server.ServerUtils (ServerUtils.java:getScmDbDir(145)) - ozone.scm.db.dirs is not configured. We recommend adding this setting. Falling back to ozone.metadata.dirs instead.
2019-07-29 13:52:01,979 WARN  server.ServerUtils (ServerUtils.java:getScmDbDir(145)) - ozone.scm.db.dirs is not configured. We recommend adding this setting. Falling back to ozone.metadata.dirs instead.
2019-07-29 13:52:01,980 INFO  db.DBStoreBuilder (DBStoreBuilder.java:addTable(110)) - using custom profile for table: deletedBlocks
2019-07-29 13:52:01,980 INFO  db.DBStoreBuilder (DBStoreBuilder.java:processTables(161)) - Using default column profile:DBProfile.DISK for Table:deletedBlocks
2019-07-29 13:52:01,980 INFO  db.DBStoreBuilder (DBStoreBuilder.java:addTable(110)) - using custom profile for table: validCerts
2019-07-29 13:52:01,980 INFO  db.DBStoreBuilder (DBStoreBuilder.java:processTables(161)) - Using default column profile:DBProfile.DISK for Table:validCerts
2019-07-29 13:52:01,980 INFO  db.DBStoreBuilder (DBStoreBuilder.java:addTable(110)) - using custom profile for table: revokedCerts
2019-07-29 13:52:01,981 INFO  db.DBStoreBuilder (DBStoreBuilder.java:processTables(161)) - Using default column profile:DBProfile.DISK for Table:revokedCerts
2019-07-29 13:52:01,981 INFO  db.DBStoreBuilder (DBStoreBuilder.java:addTable(110)) - using custom profile for table: default
2019-07-29 13:52:01,981 INFO  db.DBStoreBuilder (DBStoreBuilder.java:processTables(167)) - Using default column profile:DBProfile.DISK for Table:default
2019-07-29 13:52:01,981 INFO  db.DBStoreBuilder (DBStoreBuilder.java:getDbProfile(198)) - Using default options. DBProfile.DISK
2019-07-29 13:52:02,199 INFO  net.NodeSchemaLoader (NodeSchemaLoader.java:loadSchemaFromFile(125)) - Loading file from sun.misc.CompoundEnumeration@44dcb878
2019-07-29 13:52:02,200 INFO  net.NodeSchemaLoader (NodeSchemaLoader.java:loadSchema(171)) - Loading network topology layer schema file
2019-07-29 13:52:02,207 INFO  node.SCMNodeManager (SCMNodeManager.java:<init>(121)) - Entering startup safe mode.
2019-07-29 13:52:02,208 WARN  server.ServerUtils (ServerUtils.java:getScmDbDir(145)) - ozone.scm.db.dirs is not configured. We recommend adding this setting. Falling back to ozone.metadata.dirs instead.
2019-07-29 13:52:02,255 INFO  pipeline.SCMPipelineManager (SCMPipelineManager.java:initializePipelineState(126)) - No pipeline exists in current db
2019-07-29 13:52:02,255 WARN  server.ServerUtils (ServerUtils.java:getScmDbDir(145)) - ozone.scm.db.dirs is not configured. We recommend adding this setting. Falling back to ozone.metadata.dirs instead.
2019-07-29 13:52:02,328 WARN  events.EventQueue (EventQueue.java:fireEvent(175)) - No event handler registered for event TypedEvent{payloadType=SafeModeStatus, name='SafeModeStatus'}
2019-07-29 13:52:02,329 INFO  ipc.CallQueueManager (CallQueueManager.java:<init>(84)) - Using callQueue: class java.util.concurrent.LinkedBlockingQueue, queueCapacity: 2000, scheduler: class org.apache.hadoop.ipc.DefaultRpcScheduler, ipcBackoff: false.
2019-07-29 13:52:02,330 INFO  ipc.Server (Server.java:run(1074)) - Starting Socket Reader #1 for port 35326
2019-07-29 13:52:02,332 INFO  ipc.CallQueueManager (CallQueueManager.java:<init>(84)) - Using callQueue: class java.util.concurrent.LinkedBlockingQueue, queueCapacity: 2000, scheduler: class org.apache.hadoop.ipc.DefaultRpcScheduler, ipcBackoff: false.
2019-07-29 13:52:02,333 INFO  ipc.Server (Server.java:run(1074)) - Starting Socket Reader #1 for port 43541
2019-07-29 13:52:02,335 INFO  ipc.CallQueueManager (CallQueueManager.java:<init>(84)) - Using callQueue: class java.util.concurrent.LinkedBlockingQueue, queueCapacity: 2000, scheduler: class org.apache.hadoop.ipc.DefaultRpcScheduler, ipcBackoff: false.
2019-07-29 13:52:02,336 INFO  ipc.Server (Server.java:run(1074)) - Starting Socket Reader #1 for port 44633
2019-07-29 13:52:02,339 INFO  hdfs.DFSUtil (DFSUtil.java:httpServerTemplateForNNAndJN(1641)) - Starting Web-server for scm at: http://0.0.0.0:0
2019-07-29 13:52:02,342 INFO  server.AuthenticationFilter (AuthenticationFilter.java:constructSecretProvider(240)) - Unable to initialize FileSignerSecretProvider, falling back to use random secrets.
2019-07-29 13:52:02,343 WARN  http.HttpRequestLog (HttpRequestLog.java:getRequestLog(97)) - Jetty request log can only be enabled using Log4j
2019-07-29 13:52:02,346 INFO  http.HttpServer2 (HttpServer2.java:addGlobalFilter(975)) - Added global filter 'safety' (class=org.apache.hadoop.http.HttpServer2$QuotingInputFilter)
2019-07-29 13:52:02,346 INFO  http.HttpServer2 (HttpServer2.java:addFilter(948)) - Added filter static_user_filter (class=org.apache.hadoop.http.lib.StaticUserWebFilter$StaticUserFilter) to context scm
2019-07-29 13:52:02,347 INFO  http.HttpServer2 (HttpServer2.java:addFilter(958)) - Added filter static_user_filter (class=org.apache.hadoop.http.lib.StaticUserWebFilter$StaticUserFilter) to context static
2019-07-29 13:52:02,347 INFO  http.HttpServer2 (HttpServer2.java:addFilter(958)) - Added filter static_user_filter (class=org.apache.hadoop.http.lib.StaticUserWebFilter$StaticUserFilter) to context logs
2019-07-29 13:52:02,350 INFO  server.StorageContainerManager (StorageContainerManager.java:start(758)) - StorageContainerLocationProtocol RPC server is listening at /0.0.0.0:44633
2019-07-29 13:52:02,352 WARN  impl.MetricsConfig (MetricsConfig.java:loadFirst(134)) - Cannot locate configuration: tried hadoop-metrics2-storagecontainermanager.properties,hadoop-metrics2.properties
2019-07-29 13:52:02,354 INFO  impl.MetricsSystemImpl (MetricsSystemImpl.java:startTimer(374)) - Scheduled Metric snapshot period at 10 second(s).
2019-07-29 13:52:02,354 INFO  impl.MetricsSystemImpl (MetricsSystemImpl.java:start(191)) - StorageContainerManager metrics system started
2019-07-29 13:52:02,465 INFO  server.SCMClientProtocolServer (SCMClientProtocolServer.java:start(151)) - RPC server for Client  is listening at /0.0.0.0:44633
2019-07-29 13:52:02,466 INFO  ipc.Server (Server.java:run(1314)) - IPC Server Responder: starting
2019-07-29 13:52:02,466 INFO  ipc.Server (Server.java:run(1153)) - IPC Server listener on 44633: starting
2019-07-29 13:52:02,472 INFO  server.StorageContainerManager (StorageContainerManager.java:start(768)) - ScmBlockLocationProtocol RPC server is listening at /0.0.0.0:43541
2019-07-29 13:52:02,472 INFO  server.SCMBlockProtocolServer (SCMBlockProtocolServer.java:start(140)) - RPC server for Block Protocol is listening at /0.0.0.0:43541
2019-07-29 13:52:02,472 INFO  ipc.Server (Server.java:run(1314)) - IPC Server Responder: starting
2019-07-29 13:52:02,472 INFO  ipc.Server (Server.java:run(1153)) - IPC Server listener on 43541: starting
2019-07-29 13:52:02,478 INFO  server.StorageContainerManager (StorageContainerManager.java:start(772)) - ScmDatanodeProtocl RPC server is listening at /0.0.0.0:35326
2019-07-29 13:52:02,478 INFO  server.SCMDatanodeProtocolServer (SCMDatanodeProtocolServer.java:start(191)) - RPC server for DataNodes is listening at /0.0.0.0:35326
2019-07-29 13:52:02,479 INFO  ipc.Server (Server.java:run(1314)) - IPC Server Responder: starting
2019-07-29 13:52:02,479 INFO  ipc.Server (Server.java:run(1153)) - IPC Server listener on 35326: starting
2019-07-29 13:52:02,485 INFO  http.HttpServer2 (HttpServer2.java:bindListener(1191)) - Jetty bound to port 39509
2019-07-29 13:52:02,485 INFO  server.Server (Server.java:doStart(351)) - jetty-9.3.24.v20180605, build timestamp: 2018-06-05T17:11:56Z, git hash: 84205aa28f11a4f31f2a3b86d1bba2cc8ab69827
2019-07-29 13:52:02,488 INFO  handler.ContextHandler (ContextHandler.java:doStart(781)) - Started o.e.j.s.ServletContextHandler@34f3450b{/logs,file:///workdir/hadoop-ozone/integration-test/target/log,AVAILABLE}
2019-07-29 13:52:02,489 INFO  handler.ContextHandler (ContextHandler.java:doStart(781)) - Started o.e.j.s.ServletContextHandler@7b3d78bc{/static,file:///workdir/hadoop-ozone/integration-test/target/test-classes/webapps/static,AVAILABLE}
2019-07-29 13:52:02,495 INFO  handler.ContextHandler (ContextHandler.java:doStart(781)) - Started o.e.j.w.WebAppContext@6d675330{/,file:///workdir/hadoop-ozone/integration-test/target/test-classes/webapps/scm/,AVAILABLE}{/scm}
2019-07-29 13:52:02,495 INFO  server.AbstractConnector (AbstractConnector.java:doStart(278)) - Started ServerConnector@4412ee95{HTTP/1.1,[http/1.1]}{0.0.0.0:39509}
2019-07-29 13:52:02,496 INFO  server.Server (Server.java:doStart(419)) - Started @41041ms
2019-07-29 13:52:02,497 INFO  server.BaseHttpServer (BaseHttpServer.java:updateConnectorAddress(207)) - HTTP server of SCM is listening at http://0.0.0.0:39509
2019-07-29 13:52:02,498 WARN  server.ServerUtils (ServerUtils.java:getDBPath(222)) - ozone.om.db.dirs is not configured. We recommend adding this setting. Falling back to ozone.metadata.dirs instead.
2019-07-29 13:52:02,499 INFO  util.JvmPauseMonitor (JvmPauseMonitor.java:run(188)) - Starting JVM pause monitor
2019-07-29 13:52:02,512 WARN  server.ServerUtils (ServerUtils.java:getDBPath(222)) - ozone.om.db.dirs is not configured. We recommend adding this setting. Falling back to ozone.metadata.dirs instead.
2019-07-29 13:52:02,513 WARN  server.ServerUtils (ServerUtils.java:getDBPath(222)) - ozone.om.db.dirs is not configured. We recommend adding this setting. Falling back to ozone.metadata.dirs instead.
2019-07-29 13:52:02,513 INFO  om.OzoneManager (OzoneManager.java:setOMNodeDetails(644)) - OM Service ID is not set. Setting it to the default ID: omServiceIdDefault
2019-07-29 13:52:02,514 INFO  om.OzoneManager (OzoneManager.java:setOMNodeDetails(650)) - OM Node ID is not set. Setting it to the OmStorage's OmID: 1ae327e9-5b36-44e3-b71e-6a370b525768
2019-07-29 13:52:02,514 INFO  om.OzoneManager (OzoneManager.java:loadOMHAConfigs(601)) - Found matching OM address with OMServiceId: null, OMNodeId: null, RPC Address: localhost:0 and Ratis port: 9872
2019-07-29 13:52:02,522 WARN  server.ServerUtils (ServerUtils.java:getDBPath(222)) - ozone.om.db.dirs is not configured. We recommend adding this setting. Falling back to ozone.metadata.dirs instead.
2019-07-29 13:52:02,523 INFO  db.DBStoreBuilder (DBStoreBuilder.java:addTable(110)) - using custom profile for table: userTable
2019-07-29 13:52:02,523 INFO  db.DBStoreBuilder (DBStoreBuilder.java:processTables(161)) - Using default column profile:DBProfile.DISK for Table:userTable
2019-07-29 13:52:02,523 INFO  db.DBStoreBuilder (DBStoreBuilder.java:addTable(110)) - using custom profile for table: volumeTable
2019-07-29 13:52:02,523 INFO  db.DBStoreBuilder (DBStoreBuilder.java:processTables(161)) - Using default column profile:DBProfile.DISK for Table:volumeTable
2019-07-29 13:52:02,524 INFO  db.DBStoreBuilder (DBStoreBuilder.java:addTable(110)) - using custom profile for table: bucketTable
2019-07-29 13:52:02,524 INFO  db.DBStoreBuilder (DBStoreBuilder.java:processTables(161)) - Using default column profile:DBProfile.DISK for Table:bucketTable
2019-07-29 13:52:02,524 INFO  db.DBStoreBuilder (DBStoreBuilder.java:addTable(110)) - using custom profile for table: keyTable
2019-07-29 13:52:02,524 INFO  db.DBStoreBuilder (DBStoreBuilder.java:processTables(161)) - Using default column profile:DBProfile.DISK for Table:keyTable
2019-07-29 13:52:02,525 INFO  db.DBStoreBuilder (DBStoreBuilder.java:addTable(110)) - using custom profile for table: deletedTable
2019-07-29 13:52:02,525 INFO  db.DBStoreBuilder (DBStoreBuilder.java:processTables(161)) - Using default column profile:DBProfile.DISK for Table:deletedTable
2019-07-29 13:52:02,525 INFO  db.DBStoreBuilder (DBStoreBuilder.java:addTable(110)) - using custom profile for table: openKeyTable
2019-07-29 13:52:02,526 INFO  db.DBStoreBuilder (DBStoreBuilder.java:processTables(161)) - Using default column profile:DBProfile.DISK for Table:openKeyTable
2019-07-29 13:52:02,526 INFO  db.DBStoreBuilder (DBStoreBuilder.java:addTable(110)) - using custom profile for table: s3Table
2019-07-29 13:52:02,526 INFO  db.DBStoreBuilder (DBStoreBuilder.java:processTables(161)) - Using default column profile:DBProfile.DISK for Table:s3Table
2019-07-29 13:52:02,526 INFO  db.DBStoreBuilder (DBStoreBuilder.java:addTable(110)) - using custom profile for table: multipartInfoTable
2019-07-29 13:52:02,526 INFO  db.DBStoreBuilder (DBStoreBuilder.java:processTables(161)) - Using default column profile:DBProfile.DISK for Table:multipartInfoTable
2019-07-29 13:52:02,526 INFO  db.DBStoreBuilder (DBStoreBuilder.java:addTable(110)) - using custom profile for table: dTokenTable
2019-07-29 13:52:02,527 INFO  db.DBStoreBuilder (DBStoreBuilder.java:processTables(161)) - Using default column profile:DBProfile.DISK for Table:dTokenTable
2019-07-29 13:52:02,527 INFO  db.DBStoreBuilder (DBStoreBuilder.java:addTable(110)) - using custom profile for table: s3SecretTable
2019-07-29 13:52:02,527 INFO  db.DBStoreBuilder (DBStoreBuilder.java:processTables(161)) - Using default column profile:DBProfile.DISK for Table:s3SecretTable
2019-07-29 13:52:02,527 INFO  db.DBStoreBuilder (DBStoreBuilder.java:addTable(110)) - using custom profile for table: prefixTable
2019-07-29 13:52:02,527 INFO  db.DBStoreBuilder (DBStoreBuilder.java:processTables(161)) - Using default column profile:DBProfile.DISK for Table:prefixTable
2019-07-29 13:52:02,528 INFO  db.DBStoreBuilder (DBStoreBuilder.java:addTable(110)) - using custom profile for table: default
2019-07-29 13:52:02,528 INFO  db.DBStoreBuilder (DBStoreBuilder.java:processTables(167)) - Using default column profile:DBProfile.DISK for Table:default
2019-07-29 13:52:02,528 INFO  db.DBStoreBuilder (DBStoreBuilder.java:getDbProfile(198)) - Using default options. DBProfile.DISK
2019-07-29 13:52:03,129 INFO  ipc.CallQueueManager (CallQueueManager.java:<init>(84)) - Using callQueue: class java.util.concurrent.LinkedBlockingQueue, queueCapacity: 2000, scheduler: class org.apache.hadoop.ipc.DefaultRpcScheduler, ipcBackoff: false.
2019-07-29 13:52:03,130 INFO  ipc.Server (Server.java:run(1074)) - Starting Socket Reader #1 for port 34593
2019-07-29 13:52:03,150 INFO  om.OzoneManager (OzoneManager.java:start(1255)) - OzoneManager RPC server is listening at localhost/127.0.0.1:34593
2019-07-29 13:52:03,150 INFO  impl.MetricsSystemImpl (MetricsSystemImpl.java:init(158)) - OzoneManager metrics system started (again)
2019-07-29 13:52:03,151 INFO  ipc.Server (Server.java:run(1314)) - IPC Server Responder: starting
2019-07-29 13:52:03,151 INFO  ipc.Server (Server.java:run(1153)) - IPC Server listener on 34593: starting
2019-07-29 13:52:03,159 INFO  hdfs.DFSUtil (DFSUtil.java:httpServerTemplateForNNAndJN(1641)) - Starting Web-server for ozoneManager at: http://0.0.0.0:0
2019-07-29 13:52:03,160 INFO  server.AuthenticationFilter (AuthenticationFilter.java:constructSecretProvider(240)) - Unable to initialize FileSignerSecretProvider, falling back to use random secrets.
2019-07-29 13:52:03,161 WARN  http.HttpRequestLog (HttpRequestLog.java:getRequestLog(97)) - Jetty request log can only be enabled using Log4j
2019-07-29 13:52:03,163 INFO  http.HttpServer2 (HttpServer2.java:addGlobalFilter(975)) - Added global filter 'safety' (class=org.apache.hadoop.http.HttpServer2$QuotingInputFilter)
2019-07-29 13:52:03,163 INFO  http.HttpServer2 (HttpServer2.java:addFilter(948)) - Added filter static_user_filter (class=org.apache.hadoop.http.lib.StaticUserWebFilter$StaticUserFilter) to context ozoneManager
2019-07-29 13:52:03,163 INFO  http.HttpServer2 (HttpServer2.java:addFilter(958)) - Added filter static_user_filter (class=org.apache.hadoop.http.lib.StaticUserWebFilter$StaticUserFilter) to context static
2019-07-29 13:52:03,163 INFO  http.HttpServer2 (HttpServer2.java:addFilter(958)) - Added filter static_user_filter (class=org.apache.hadoop.http.lib.StaticUserWebFilter$StaticUserFilter) to context logs
2019-07-29 13:52:03,164 INFO  http.HttpServer2 (HttpServer2.java:bindListener(1191)) - Jetty bound to port 35542
2019-07-29 13:52:03,164 INFO  server.Server (Server.java:doStart(351)) - jetty-9.3.24.v20180605, build timestamp: 2018-06-05T17:11:56Z, git hash: 84205aa28f11a4f31f2a3b86d1bba2cc8ab69827
2019-07-29 13:52:03,167 INFO  handler.ContextHandler (ContextHandler.java:doStart(781)) - Started o.e.j.s.ServletContextHandler@58ce3ba{/logs,file:///workdir/hadoop-ozone/integration-test/target/log,AVAILABLE}
2019-07-29 13:52:03,168 INFO  handler.ContextHandler (ContextHandler.java:doStart(781)) - Started o.e.j.s.ServletContextHandler@3c54ca67{/static,file:///workdir/hadoop-ozone/integration-test/target/test-classes/webapps/static,AVAILABLE}
2019-07-29 13:52:03,174 INFO  handler.ContextHandler (ContextHandler.java:doStart(781)) - Started o.e.j.w.WebAppContext@55a14bf1{/,file:///workdir/hadoop-ozone/integration-test/target/test-classes/webapps/ozoneManager/,AVAILABLE}{/ozoneManager}
2019-07-29 13:52:03,175 INFO  server.AbstractConnector (AbstractConnector.java:doStart(278)) - Started ServerConnector@57d4d728{HTTP/1.1,[http/1.1]}{0.0.0.0:35542}
2019-07-29 13:52:03,177 INFO  server.Server (Server.java:doStart(419)) - Started @41722ms
2019-07-29 13:52:03,177 INFO  server.BaseHttpServer (BaseHttpServer.java:updateConnectorAddress(207)) - HTTP server of OZONEMANAGER is listening at http://0.0.0.0:35542
2019-07-29 13:52:03,182 INFO  impl.MetricsSystemImpl (MetricsSystemImpl.java:init(158)) - HddsDatanode metrics system started (again)
2019-07-29 13:52:03,187 INFO  ozone.HddsDatanodeService (HddsDatanodeService.java:start(184)) - HddsDatanodeService host:byscane-nightly-dxn5b-515312600 ip:192.168.157.251
2019-07-29 13:52:03,195 INFO  volume.HddsVolume (HddsVolume.java:<init>(176)) - Creating Volume: /workdir/hadoop-ozone/integration-test/target/test-dir/MiniOzoneClusterImpl-194c63c9-6010-4abb-8f25-aa575e212405/datanode-0/data/containers/hdds of  storage type : DISK and capacity : 52710309888
2019-07-29 13:52:03,196 INFO  volume.VolumeSet (VolumeSet.java:initializeVolumeSet(170)) - Added Volume : /workdir/hadoop-ozone/integration-test/target/test-dir/MiniOzoneClusterImpl-194c63c9-6010-4abb-8f25-aa575e212405/datanode-0/data/containers/hdds to VolumeSet
2019-07-29 13:52:03,196 INFO  volume.ThrottledAsyncChecker (ThrottledAsyncChecker.java:schedule(140)) - Scheduling a check for org.apache.hadoop.ozone.container.common.volume.HddsVolume@7e5e0686
2019-07-29 13:52:03,197 INFO  volume.HddsVolumeChecker (HddsVolumeChecker.java:checkAllVolumes(203)) - Scheduled health check for volume org.apache.hadoop.ozone.container.common.volume.HddsVolume@7e5e0686
2019-07-29 13:52:03,217 INFO  impl.RaftServerProxy (ConfUtils.java:logGet(43)) - raft.rpc.type = GRPC (default)
2019-07-29 13:52:03,217 INFO  grpc.GrpcFactory (GrpcFactory.java:checkPooledByteBufAllocatorUseCacheForAllThreads(45)) - PERFORMANCE WARNING: useCacheForAllThreads is true that may cause Netty to create a lot garbage objects and, as a result, trigger GC.
	It is recommended to disable useCacheForAllThreads by setting -Dorg.apache.ratis.thirdparty.io.netty.allocator.useCacheForAllThreads=false in command line.
2019-07-29 13:52:03,217 INFO  grpc.GrpcConfigKeys$Server (ConfUtils.java:logGet(43)) - raft.grpc.server.port = 0 (default)
2019-07-29 13:52:03,218 INFO  server.GrpcService (ConfUtils.java:logGet(43)) - raft.grpc.message.size.max = 33570816 (custom)
2019-07-29 13:52:03,218 INFO  server.RaftServerConfigKeys (ConfUtils.java:logGet(43)) - raft.server.log.appender.buffer.byte-limit = 33554432 (custom)
2019-07-29 13:52:03,218 INFO  server.GrpcService (ConfUtils.java:logGet(43)) - raft.grpc.flow.control.window = 1MB (=1048576) (default)
2019-07-29 13:52:03,218 INFO  server.RaftServerConfigKeys (ConfUtils.java:logGet(43)) - raft.server.rpc.request.timeout = 3000ms (default)
2019-07-29 13:52:03,219 INFO  server.RaftServerConfigKeys (ConfUtils.java:logGet(43)) - raft.server.storage.dir = [/workdir/hadoop-ozone/integration-test/target/test-dir/MiniOzoneClusterImpl-194c63c9-6010-4abb-8f25-aa575e212405/datanode-0/data/ratis] (custom)
2019-07-29 13:52:03,220 INFO  replication.SimpleContainerDownloader (SimpleContainerDownloader.java:<init>(72)) - Starting container downloader service to copy containers to replicate.
2019-07-29 13:52:03,221 INFO  hdfs.DFSUtil (DFSUtil.java:httpServerTemplateForNNAndJN(1641)) - Starting Web-server for hddsDatanode at: http://0.0.0.0:0
2019-07-29 13:52:03,222 INFO  server.AuthenticationFilter (AuthenticationFilter.java:constructSecretProvider(240)) - Unable to initialize FileSignerSecretProvider, falling back to use random secrets.
2019-07-29 13:52:03,223 WARN  http.HttpRequestLog (HttpRequestLog.java:getRequestLog(97)) - Jetty request log can only be enabled using Log4j
2019-07-29 13:52:03,224 INFO  http.HttpServer2 (HttpServer2.java:addGlobalFilter(975)) - Added global filter 'safety' (class=org.apache.hadoop.http.HttpServer2$QuotingInputFilter)
2019-07-29 13:52:03,225 INFO  http.HttpServer2 (HttpServer2.java:addFilter(948)) - Added filter static_user_filter (class=org.apache.hadoop.http.lib.StaticUserWebFilter$StaticUserFilter) to context hddsDatanode
2019-07-29 13:52:03,225 INFO  http.HttpServer2 (HttpServer2.java:addFilter(958)) - Added filter static_user_filter (class=org.apache.hadoop.http.lib.StaticUserWebFilter$StaticUserFilter) to context static
2019-07-29 13:52:03,225 INFO  http.HttpServer2 (HttpServer2.java:addFilter(958)) - Added filter static_user_filter (class=org.apache.hadoop.http.lib.StaticUserWebFilter$StaticUserFilter) to context logs
2019-07-29 13:52:03,226 INFO  http.HttpServer2 (HttpServer2.java:bindListener(1191)) - Jetty bound to port 37443
2019-07-29 13:52:03,226 INFO  server.Server (Server.java:doStart(351)) - jetty-9.3.24.v20180605, build timestamp: 2018-06-05T17:11:56Z, git hash: 84205aa28f11a4f31f2a3b86d1bba2cc8ab69827
2019-07-29 13:52:03,228 INFO  handler.ContextHandler (ContextHandler.java:doStart(781)) - Started o.e.j.s.ServletContextHandler@3645ed49{/logs,file:///workdir/hadoop-ozone/integration-test/target/log,AVAILABLE}
2019-07-29 13:52:03,229 INFO  handler.ContextHandler (ContextHandler.java:doStart(781)) - Started o.e.j.s.ServletContextHandler@2cba5b0{/static,jar:file:/home/user/.m2/repository/org/apache/hadoop/hadoop-hdds-container-service/0.4.1-SNAPSHOT/hadoop-hdds-container-service-0.4.1-SNAPSHOT.jar!/webapps/static,AVAILABLE}
2019-07-29 13:52:03,266 INFO  handler.ContextHandler (ContextHandler.java:doStart(781)) - Started o.e.j.w.WebAppContext@4af7ec8b{/,file:///tmp/jetty-0.0.0.0-37443-hddsDatanode-_-any-7434204817223235246.dir/webapp/,AVAILABLE}{/hddsDatanode}
2019-07-29 13:52:03,267 INFO  server.AbstractConnector (AbstractConnector.java:doStart(278)) - Started ServerConnector@6ccd3102{HTTP/1.1,[http/1.1]}{0.0.0.0:37443}
2019-07-29 13:52:03,268 INFO  server.Server (Server.java:doStart(419)) - Started @41813ms
2019-07-29 13:52:03,269 INFO  server.BaseHttpServer (BaseHttpServer.java:updateConnectorAddress(207)) - HTTP server of HDDSDATANODE is listening at http://0.0.0.0:37443
2019-07-29 13:52:03,422 INFO  ozone.HddsDatanodeService (HddsDatanodeService.java:startPlugins(395)) - Started plug-in org.apache.hadoop.ozone.web.OzoneHddsDatanodeService@4890ef2e
2019-07-29 13:52:03,422 INFO  ozone.MiniOzoneClusterImpl (MiniOzoneClusterImpl.java:lambda$waitForClusterToBeReady$0(142)) - Waiting for cluster to be ready. Got 0 of 1 DN Heartbeats.
2019-07-29 13:52:03,427 INFO  util.JvmPauseMonitor (JvmPauseMonitor.java:run(188)) - Starting JVM pause monitor
2019-07-29 13:52:03,429 INFO  datanode.InitDatanodeState (InitDatanodeState.java:persistContainerDatanodeDetails(140)) - DatanodeDetails is persisted to /workdir/hadoop-ozone/integration-test/target/test-dir/MiniOzoneClusterImpl-194c63c9-6010-4abb-8f25-aa575e212405/datanode-0/meta/datanode.id
2019-07-29 13:52:04,423 INFO  ozone.MiniOzoneClusterImpl (MiniOzoneClusterImpl.java:lambda$waitForClusterToBeReady$0(142)) - Waiting for cluster to be ready. Got 0 of 1 DN Heartbeats.
2019-07-29 13:52:05,423 INFO  ozone.MiniOzoneClusterImpl (MiniOzoneClusterImpl.java:lambda$waitForClusterToBeReady$0(142)) - Waiting for cluster to be ready. Got 0 of 1 DN Heartbeats.
2019-07-29 13:52:05,449 INFO  ozoneimpl.OzoneContainer (OzoneContainer.java:start(186)) - Attempting to start container services.
2019-07-29 13:52:05,451 INFO  ozoneimpl.OzoneContainer (OzoneContainer.java:startContainerScrub(160)) - Background container scrubber has been disabled by hdds.containerscrub.enabled
2019-07-29 13:52:05,451 INFO  ratis.XceiverServerRatis (XceiverServerRatis.java:start(404)) - Starting XceiverServerRatis a82ca75e-0f39-434d-81b4-183990532ea9 at port 0
2019-07-29 13:52:05,465 INFO  impl.RaftServerProxy (RaftServerProxy.java:lambda$start$3(299)) - a82ca75e-0f39-434d-81b4-183990532ea9: start RPC server
2019-07-29 13:52:05,469 INFO  server.GrpcService (GrpcService.java:startImpl(149)) - a82ca75e-0f39-434d-81b4-183990532ea9: GrpcService started, listening on 0.0.0.0/0.0.0.0:43582
2019-07-29 13:52:05,470 INFO  ratis.XceiverServerRatis (XceiverServerRatis.java:start(414)) - XceiverServerRatis a82ca75e-0f39-434d-81b4-183990532ea9 is started using port 43582
2019-07-29 13:52:05,472 INFO  server.XceiverServerGrpc (XceiverServerGrpc.java:start(161)) - XceiverServerGrpc a82ca75e-0f39-434d-81b4-183990532ea9 is started using port 45786
2019-07-29 13:52:06,424 INFO  ozone.MiniOzoneClusterImpl (MiniOzoneClusterImpl.java:lambda$waitForClusterToBeReady$0(142)) - Waiting for cluster to be ready. Got 0 of 1 DN Heartbeats.
2019-07-29 13:52:07,424 INFO  ozone.MiniOzoneClusterImpl (MiniOzoneClusterImpl.java:lambda$waitForClusterToBeReady$0(142)) - Waiting for cluster to be ready. Got 0 of 1 DN Heartbeats.
2019-07-29 13:52:07,431 INFO  net.NetworkTopology (NetworkTopologyImpl.java:add(110)) - Added a new node: /default-rack/a82ca75e-0f39-434d-81b4-183990532ea9
2019-07-29 13:52:07,433 INFO  node.SCMNodeManager (SCMNodeManager.java:register(273)) - Registered Data node : a82ca75e-0f39-434d-81b4-183990532ea9{ip: 192.168.157.251, host: byscane-nightly-dxn5b-515312600, networkLocation: /default-rack, certSerialId: null}
2019-07-29 13:52:07,436 INFO  safemode.SCMSafeModeManager (DataNodeSafeModeRule.java:process(71)) - SCM in safe mode. 1 DataNodes registered, 1 required.
2019-07-29 13:52:07,438 INFO  safemode.SCMSafeModeManager (SCMSafeModeManager.java:validateSafeModeExitRules(177)) - ScmSafeModeManager, all rules are successfully validated
2019-07-29 13:52:07,438 INFO  safemode.SCMSafeModeManager (SCMSafeModeManager.java:exitSafeMode(193)) - SCM exiting safe mode.
2019-07-29 13:52:07,466 INFO  impl.RaftServerProxy (RaftServerProxy.java:addNew(89)) - a82ca75e-0f39-434d-81b4-183990532ea9: addNew group-DC21F2C15ACF:[a82ca75e-0f39-434d-81b4-183990532ea9:192.168.157.251:43582] returns group-DC21F2C15ACF:java.util.concurrent.CompletableFuture@75d9b68c[Not completed]
2019-07-29 13:52:07,528 INFO  impl.RaftServerImpl (RaftServerImpl.java:<init>(93)) - a82ca75e-0f39-434d-81b4-183990532ea9: new RaftServerImpl for group-DC21F2C15ACF:[a82ca75e-0f39-434d-81b4-183990532ea9:192.168.157.251:43582] with ContainerStateMachine:uninitialized
2019-07-29 13:52:07,530 INFO  server.RaftServerConfigKeys (ConfUtils.java:logGet(43)) - raft.server.rpc.timeout.min = 5s (custom)
2019-07-29 13:52:07,530 INFO  server.RaftServerConfigKeys (ConfUtils.java:logGet(43)) - raft.server.rpc.timeout.max = 5200ms (custom)
2019-07-29 13:52:07,531 INFO  server.RaftServerConfigKeys (ConfUtils.java:logGet(43)) - raft.server.rpcslowness.timeout = 120s (custom)
2019-07-29 13:52:07,531 INFO  server.RaftServerConfigKeys (ConfUtils.java:logGet(43)) - raft.server.sleep.deviation.threshold = 300 (default)
2019-07-29 13:52:07,531 INFO  server.RaftServerConfigKeys (ConfUtils.java:logGet(43)) - raft.server.log.appender.install.snapshot.enabled = false (custom)
2019-07-29 13:52:07,531 INFO  impl.RaftServerImpl (ServerState.java:<init>(105)) - a82ca75e-0f39-434d-81b4-183990532ea9:group-DC21F2C15ACF ConfigurationManager, init=-1: [a82ca75e-0f39-434d-81b4-183990532ea9:192.168.157.251:43582], old=null, confs=<EMPTY_MAP>
2019-07-29 13:52:07,531 INFO  server.RaftServerConfigKeys (ConfUtils.java:logGet(43)) - raft.server.storage.dir = [/workdir/hadoop-ozone/integration-test/target/test-dir/MiniOzoneClusterImpl-194c63c9-6010-4abb-8f25-aa575e212405/datanode-0/data/ratis] (custom)
2019-07-29 13:52:07,533 INFO  storage.RaftStorageDirectory (RaftStorageDirectory.java:analyzeStorage(246)) - The storage directory /workdir/hadoop-ozone/integration-test/target/test-dir/MiniOzoneClusterImpl-194c63c9-6010-4abb-8f25-aa575e212405/datanode-0/data/ratis/198cb410-9296-4f16-a14b-dc21f2c15acf does not exist. Creating ...
2019-07-29 13:52:07,558 INFO  storage.RaftStorageDirectory (RaftStorageDirectory.java:tryLock(328)) - Lock on /workdir/hadoop-ozone/integration-test/target/test-dir/MiniOzoneClusterImpl-194c63c9-6010-4abb-8f25-aa575e212405/datanode-0/data/ratis/198cb410-9296-4f16-a14b-dc21f2c15acf/in_use.lock acquired by nodename 10069@byscane-nightly-dxn5b-515312600
2019-07-29 13:52:07,578 INFO  storage.RaftStorage (RaftStorage.java:format(72)) - Storage directory /workdir/hadoop-ozone/integration-test/target/test-dir/MiniOzoneClusterImpl-194c63c9-6010-4abb-8f25-aa575e212405/datanode-0/data/ratis/198cb410-9296-4f16-a14b-dc21f2c15acf has been successfully formatted.
2019-07-29 13:52:07,578 INFO  ratis.ContainerStateMachine (ContainerStateMachine.java:loadSnapshot(213)) - group-DC21F2C15ACF: The snapshot info is null. Setting the last applied indexto:(t:0, i:~)
2019-07-29 13:52:07,578 INFO  server.RaftServerConfigKeys (ConfUtils.java:logGet(43)) - raft.server.leader.election.timeout = 120s (custom)
2019-07-29 13:52:07,579 INFO  server.RaftServerConfigKeys (ConfUtils.java:logGet(43)) - raft.server.log.use.memory = false (default)
2019-07-29 13:52:07,579 INFO  server.RaftServerConfigKeys (ConfUtils.java:logGet(43)) - raft.server.log.purge.gap = 1000000000 (custom)
2019-07-29 13:52:07,579 INFO  server.RaftServerConfigKeys (ConfUtils.java:logGet(43)) - raft.server.log.appender.buffer.byte-limit = 33554432 (custom)
2019-07-29 13:52:07,579 INFO  server.RaftServerConfigKeys (ConfUtils.java:logGet(43)) - raft.server.log.segment.size.max = 1048576 (custom)
2019-07-29 13:52:07,579 INFO  server.RaftServerConfigKeys (ConfUtils.java:logGet(43)) - raft.server.log.segment.cache.num.max = 2 (custom)
2019-07-29 13:52:07,580 INFO  segmented.SegmentedRaftLogWorker (SegmentedRaftLogWorker.java:<init>(172)) - new a82ca75e-0f39-434d-81b4-183990532ea9-SegmentedRaftLogWorker:Storage Directory /workdir/hadoop-ozone/integration-test/target/test-dir/MiniOzoneClusterImpl-194c63c9-6010-4abb-8f25-aa575e212405/datanode-0/data/ratis/198cb410-9296-4f16-a14b-dc21f2c15acf for RaftStorage:Storage Directory /workdir/hadoop-ozone/integration-test/target/test-dir/MiniOzoneClusterImpl-194c63c9-6010-4abb-8f25-aa575e212405/datanode-0/data/ratis/198cb410-9296-4f16-a14b-dc21f2c15acf
2019-07-29 13:52:07,580 INFO  server.RaftServerConfigKeys (ConfUtils.java:logGet(43)) - raft.server.log.queue.byte-limit = 2147483647 (custom)
2019-07-29 13:52:07,580 INFO  server.RaftServerConfigKeys (ConfUtils.java:logGet(43)) - raft.server.log.queue.element-limit = 1024 (custom)
2019-07-29 13:52:07,580 INFO  server.RaftServerConfigKeys (ConfUtils.java:logGet(43)) - raft.server.log.segment.size.max = 1048576 (custom)
2019-07-29 13:52:07,581 INFO  server.RaftServerConfigKeys (ConfUtils.java:logGet(43)) - raft.server.log.preallocated.size = 16384 (custom)
2019-07-29 13:52:07,581 INFO  server.RaftServerConfigKeys (ConfUtils.java:logGet(43)) - raft.server.log.write.buffer.size = 33554432 (custom)
2019-07-29 13:52:07,581 INFO  server.RaftServerConfigKeys (ConfUtils.java:logGet(43)) - raft.server.log.force.sync.num = 128 (default)
2019-07-29 13:52:07,581 INFO  server.RaftServerConfigKeys (ConfUtils.java:logGet(43)) - raft.server.log.statemachine.data.sync = true (default)
2019-07-29 13:52:07,581 INFO  server.RaftServerConfigKeys (ConfUtils.java:logGet(43)) - raft.server.log.statemachine.data.sync.timeout = 10s (default)
2019-07-29 13:52:07,582 INFO  server.RaftServerConfigKeys (ConfUtils.java:logGet(43)) - raft.server.log.statemachine.data.sync.timeout.retry = -1 (default)
2019-07-29 13:52:07,582 INFO  server.RaftServerConfigKeys (ConfUtils.java:logGet(43)) - raft.server.log.statemachine.data.caching.enabled = true (custom)
2019-07-29 13:52:07,582 INFO  segmented.SegmentedRaftLogWorker (SegmentedRaftLogWorker.java:lambda$new$0(132)) - a82ca75e-0f39-434d-81b4-183990532ea9-SegmentedRaftLogWorker:Storage Directory /workdir/hadoop-ozone/integration-test/target/test-dir/MiniOzoneClusterImpl-194c63c9-6010-4abb-8f25-aa575e212405/datanode-0/data/ratis/198cb410-9296-4f16-a14b-dc21f2c15acf: flushIndex: setUnconditionally 0 -> -1
2019-07-29 13:52:07,583 INFO  server.RaftServerConfigKeys (ConfUtils.java:logGet(43)) - raft.server.snapshot.auto.trigger.enabled = true (custom)
2019-07-29 13:52:07,583 INFO  server.RaftServerConfigKeys (ConfUtils.java:logGet(43)) - raft.server.snapshot.auto.trigger.threshold = 10000 (custom)
2019-07-29 13:52:07,583 INFO  server.RaftServerConfigKeys (ConfUtils.java:logGet(43)) - raft.server.retrycache.expirytime = 600000ms (custom)
2019-07-29 13:52:07,584 INFO  impl.RaftServerImpl (RaftServerImpl.java:start(180)) - a82ca75e-0f39-434d-81b4-183990532ea9: start group-DC21F2C15ACF
2019-07-29 13:52:07,584 INFO  impl.RaftServerImpl (RaftServerImpl.java:setRole(171)) - a82ca75e-0f39-434d-81b4-183990532ea9:group-DC21F2C15ACF changes role from null to FOLLOWER at term 0 for startAsFollower
2019-07-29 13:52:07,584 INFO  impl.RoleInfo (RoleInfo.java:updateAndGet(143)) - a82ca75e-0f39-434d-81b4-183990532ea9: start FollowerState
2019-07-29 13:52:07,585 INFO  util.JmxRegister (JmxRegister.java:tryRegister(44)) - Successfully registered JMX Bean with object name Ratis:service=RaftServer,group=group-DC21F2C15ACF,id=a82ca75e-0f39-434d-81b4-183990532ea9
2019-07-29 13:52:07,593 INFO  pipeline.PipelineStateManager (PipelineStateManager.java:addPipeline(56)) - Created pipeline Pipeline[ Id: 198cb410-9296-4f16-a14b-dc21f2c15acf, Nodes: a82ca75e-0f39-434d-81b4-183990532ea9{ip: 192.168.157.251, host: byscane-nightly-dxn5b-515312600, networkLocation: /default-rack, certSerialId: null}, Type:RATIS, Factor:ONE, State:OPEN]
2019-07-29 13:52:08,425 INFO  ozone.MiniOzoneClusterImpl (MiniOzoneClusterImpl.java:lambda$waitForClusterToBeReady$0(142)) - Cluster is ready. Got 1 of 1 DN Heartbeats.
2019-07-29 13:52:08,575 INFO  pipeline.PipelineStateManager (PipelineStateManager.java:addPipeline(56)) - Created pipeline Pipeline[ Id: d00e34de-fdc2-45a2-ae3a-7dc70d3e76f7, Nodes: a82ca75e-0f39-434d-81b4-183990532ea9{ip: 192.168.157.251, host: byscane-nightly-dxn5b-515312600, networkLocation: /default-rack, certSerialId: null}, Type:STAND_ALONE, Factor:ONE, State:OPEN]
2019-07-29 13:52:09,515 INFO  keyvalue.KeyValueHandler (ContainerUtils.java:logAndReturnError(146)) - Operation: CreateContainer : Trace ID: d267f531dd3d867:d267f531dd3d867:0:0 : Message: Container creation failed, due to disk out of space : Result: DISK_OUT_OF_SPACE
13:52:09.518 [grpc-default-executor-0] ERROR DNAudit - user=null | ip=null | op=WRITE_CHUNK {blockData=conID: 7 locID: 102525064282701861 bcsId: 0} | ret=FAILURE
org.apache.hadoop.hdds.scm.container.common.helpers.StorageContainerException: ContainerID 7 creation failed
	at org.apache.hadoop.ozone.container.common.impl.HddsDispatcher.dispatchRequest(HddsDispatcher.java:227) [hadoop-hdds-container-service-0.4.1-SNAPSHOT.jar:?]
	at org.apache.hadoop.ozone.container.common.impl.HddsDispatcher.dispatch(HddsDispatcher.java:148) [hadoop-hdds-container-service-0.4.1-SNAPSHOT.jar:?]
	at org.apache.hadoop.ozone.container.common.transport.server.GrpcXceiverService$1.onNext(GrpcXceiverService.java:73) [hadoop-hdds-container-service-0.4.1-SNAPSHOT.jar:?]
	at org.apache.hadoop.ozone.container.common.transport.server.GrpcXceiverService$1.onNext(GrpcXceiverService.java:61) [hadoop-hdds-container-service-0.4.1-SNAPSHOT.jar:?]
	at org.apache.ratis.thirdparty.io.grpc.stub.ServerCalls$StreamingServerCallHandler$StreamingServerCallListener.onMessage(ServerCalls.java:248) [ratis-thirdparty-misc-0.2.0.jar:0.2.0]
	at org.apache.ratis.thirdparty.io.grpc.ForwardingServerCallListener.onMessage(ForwardingServerCallListener.java:33) [ratis-thirdparty-misc-0.2.0.jar:0.2.0]
	at org.apache.ratis.thirdparty.io.grpc.Contexts$ContextualizedServerCallListener.onMessage(Contexts.java:76) [ratis-thirdparty-misc-0.2.0.jar:0.2.0]
	at org.apache.ratis.thirdparty.io.grpc.ForwardingServerCallListener.onMessage(ForwardingServerCallListener.java:33) [ratis-thirdparty-misc-0.2.0.jar:0.2.0]
	at org.apache.hadoop.hdds.tracing.GrpcServerInterceptor$1.onMessage(GrpcServerInterceptor.java:46) [hadoop-hdds-common-0.4.1-SNAPSHOT.jar:?]
	at org.apache.ratis.thirdparty.io.grpc.internal.ServerCallImpl$ServerStreamListenerImpl.messagesAvailable(ServerCallImpl.java:263) [ratis-thirdparty-misc-0.2.0.jar:0.2.0]
	at org.apache.ratis.thirdparty.io.grpc.internal.ServerImpl$JumpToApplicationThreadServerStreamListener$1MessagesAvailable.runInContext(ServerImpl.java:686) [ratis-thirdparty-misc-0.2.0.jar:0.2.0]
	at org.apache.ratis.thirdparty.io.grpc.internal.ContextRunnable.run(ContextRunnable.java:37) [ratis-thirdparty-misc-0.2.0.jar:0.2.0]
	at org.apache.ratis.thirdparty.io.grpc.internal.SerializingExecutor.run(SerializingExecutor.java:123) [ratis-thirdparty-misc-0.2.0.jar:0.2.0]
	at java.util.concurrent.ThreadPoolExecutor.runWorker(ThreadPoolExecutor.java:1149) [?:1.8.0_212]
	at java.util.concurrent.ThreadPoolExecutor$Worker.run(ThreadPoolExecutor.java:624) [?:1.8.0_212]
	at java.lang.Thread.run(Thread.java:748) [?:1.8.0_212]
2019-07-29 13:52:09,519 INFO  impl.HddsDispatcher (ContainerUtils.java:logAndReturnError(146)) - Operation: WriteChunk : Trace ID: d267f531dd3d867:d267f531dd3d867:0:0 : Message: ContainerID 7 creation failed : Result: DISK_OUT_OF_SPACE
2019-07-29 13:52:09,523 ERROR storage.BlockOutputStream (BlockOutputStream.java:validateResponse(531)) - Unexpected Storage Container Exception: 
org.apache.hadoop.hdds.scm.container.common.helpers.StorageContainerException: ContainerID 7 creation failed
	at org.apache.hadoop.hdds.scm.storage.ContainerProtocolCalls.validateContainerResponse(ContainerProtocolCalls.java:536)
	at org.apache.hadoop.hdds.scm.storage.BlockOutputStream.validateResponse(BlockOutputStream.java:529)
	at org.apache.hadoop.hdds.scm.storage.BlockOutputStream.lambda$writeChunkToContainer$2(BlockOutputStream.java:606)
	at java.util.concurrent.CompletableFuture.uniApply(CompletableFuture.java:602)
	at java.util.concurrent.CompletableFuture$UniApply.tryFire(CompletableFuture.java:577)
	at java.util.concurrent.CompletableFuture$Completion.run(CompletableFuture.java:442)
	at java.util.concurrent.ThreadPoolExecutor.runWorker(ThreadPoolExecutor.java:1149)
	at java.util.concurrent.ThreadPoolExecutor$Worker.run(ThreadPoolExecutor.java:624)
	at java.lang.Thread.run(Thread.java:748)
13:52:09.527 [grpc-default-executor-0] ERROR DNAudit - user=null | ip=null | op=PUT_BLOCK {blockData=[blockId=conID: 7 locID: 102525064282701861 bcsId: 0,size=5]} | ret=FAILURE
org.apache.hadoop.hdds.scm.container.common.helpers.StorageContainerException: ContainerID 7 does not exist
	at org.apache.hadoop.ozone.container.common.impl.HddsDispatcher.dispatchRequest(HddsDispatcher.java:242) [hadoop-hdds-container-service-0.4.1-SNAPSHOT.jar:?]
	at org.apache.hadoop.ozone.container.common.impl.HddsDispatcher.dispatch(HddsDispatcher.java:148) [hadoop-hdds-container-service-0.4.1-SNAPSHOT.jar:?]
	at org.apache.hadoop.ozone.container.common.transport.server.GrpcXceiverService$1.onNext(GrpcXceiverService.java:73) [hadoop-hdds-container-service-0.4.1-SNAPSHOT.jar:?]
	at org.apache.hadoop.ozone.container.common.transport.server.GrpcXceiverService$1.onNext(GrpcXceiverService.java:61) [hadoop-hdds-container-service-0.4.1-SNAPSHOT.jar:?]
	at org.apache.ratis.thirdparty.io.grpc.stub.ServerCalls$StreamingServerCallHandler$StreamingServerCallListener.onMessage(ServerCalls.java:248) [ratis-thirdparty-misc-0.2.0.jar:0.2.0]
	at org.apache.ratis.thirdparty.io.grpc.ForwardingServerCallListener.onMessage(ForwardingServerCallListener.java:33) [ratis-thirdparty-misc-0.2.0.jar:0.2.0]
	at org.apache.ratis.thirdparty.io.grpc.Contexts$ContextualizedServerCallListener.onMessage(Contexts.java:76) [ratis-thirdparty-misc-0.2.0.jar:0.2.0]
	at org.apache.ratis.thirdparty.io.grpc.ForwardingServerCallListener.onMessage(ForwardingServerCallListener.java:33) [ratis-thirdparty-misc-0.2.0.jar:0.2.0]
	at org.apache.hadoop.hdds.tracing.GrpcServerInterceptor$1.onMessage(GrpcServerInterceptor.java:46) [hadoop-hdds-common-0.4.1-SNAPSHOT.jar:?]
	at org.apache.ratis.thirdparty.io.grpc.internal.ServerCallImpl$ServerStreamListenerImpl.messagesAvailable(ServerCallImpl.java:263) [ratis-thirdparty-misc-0.2.0.jar:0.2.0]
	at org.apache.ratis.thirdparty.io.grpc.internal.ServerImpl$JumpToApplicationThreadServerStreamListener$1MessagesAvailable.runInContext(ServerImpl.java:686) [ratis-thirdparty-misc-0.2.0.jar:0.2.0]
	at org.apache.ratis.thirdparty.io.grpc.internal.ContextRunnable.run(ContextRunnable.java:37) [ratis-thirdparty-misc-0.2.0.jar:0.2.0]
	at org.apache.ratis.thirdparty.io.grpc.internal.SerializingExecutor.run(SerializingExecutor.java:123) [ratis-thirdparty-misc-0.2.0.jar:0.2.0]
	at java.util.concurrent.ThreadPoolExecutor.runWorker(ThreadPoolExecutor.java:1149) [?:1.8.0_212]
	at java.util.concurrent.ThreadPoolExecutor$Worker.run(ThreadPoolExecutor.java:624) [?:1.8.0_212]
	at java.lang.Thread.run(Thread.java:748) [?:1.8.0_212]
2019-07-29 13:52:09,528 INFO  impl.HddsDispatcher (ContainerUtils.java:logAndReturnError(146)) - Operation: PutBlock : Trace ID: 33a6094b67617d30:33a6094b67617d30:0:0 : Message: ContainerID 7 does not exist : Result: CONTAINER_NOT_FOUND
]]></system-out>
    <system-err><![CDATA[Jul 29, 2019 1:52:03 PM com.sun.jersey.server.impl.application.WebApplicationImpl _initiate
INFO: Initiating Jersey application, version 'Jersey: 1.19 02/11/2015 03:25 AM'
Jul 29, 2019 1:52:08 PM com.sun.jersey.server.impl.application.WebApplicationImpl _initiate
INFO: Initiating Jersey application, version 'Jersey: 1.19 02/11/2015 03:25 AM'
Jul 29, 2019 1:52:08 PM org.apache.ratis.thirdparty.io.grpc.internal.ManagedChannelOrphanWrapper$ManagedChannelReference cleanQueue
SEVERE: *~*~*~ Channel ManagedChannelImpl{logId=12, target=192.168.157.251:33370} was not shutdown properly!!! ~*~*~*
    Make sure to call shutdown()/shutdownNow() and wait until awaitTermination() returns true.
java.lang.RuntimeException: ManagedChannel allocation site
	at org.apache.ratis.thirdparty.io.grpc.internal.ManagedChannelOrphanWrapper$ManagedChannelReference.<init>(ManagedChannelOrphanWrapper.java:103)
	at org.apache.ratis.thirdparty.io.grpc.internal.ManagedChannelOrphanWrapper.<init>(ManagedChannelOrphanWrapper.java:53)
	at org.apache.ratis.thirdparty.io.grpc.internal.ManagedChannelOrphanWrapper.<init>(ManagedChannelOrphanWrapper.java:44)
	at org.apache.ratis.thirdparty.io.grpc.internal.AbstractManagedChannelImplBuilder.build(AbstractManagedChannelImplBuilder.java:411)
	at org.apache.hadoop.hdds.scm.XceiverClientGrpc.connectToDatanode(XceiverClientGrpc.java:174)
	at org.apache.hadoop.hdds.scm.XceiverClientGrpc.reconnect(XceiverClientGrpc.java:422)
	at org.apache.hadoop.hdds.scm.XceiverClientGrpc.sendCommandAsync(XceiverClientGrpc.java:371)
	at org.apache.hadoop.hdds.scm.XceiverClientGrpc.sendCommandAsync(XceiverClientGrpc.java:346)
	at org.apache.hadoop.hdds.scm.storage.ContainerProtocolCalls.writeChunkAsync(ContainerProtocolCalls.java:310)
	at org.apache.hadoop.hdds.scm.storage.BlockOutputStream.writeChunkToContainer(BlockOutputStream.java:601)
	at org.apache.hadoop.hdds.scm.storage.BlockOutputStream.writeChunk(BlockOutputStream.java:459)
	at org.apache.hadoop.hdds.scm.storage.BlockOutputStream.handleFlush(BlockOutputStream.java:470)
	at org.apache.hadoop.hdds.scm.storage.BlockOutputStream.close(BlockOutputStream.java:493)
	at org.apache.hadoop.ozone.client.io.BlockOutputStreamEntry.close(BlockOutputStreamEntry.java:143)
	at org.apache.hadoop.ozone.client.io.KeyOutputStream.handleFlushOrClose(KeyOutputStream.java:434)
	at org.apache.hadoop.ozone.client.io.KeyOutputStream.close(KeyOutputStream.java:472)
	at org.apache.hadoop.ozone.client.io.OzoneOutputStream.close(OzoneOutputStream.java:60)
	at org.apache.hadoop.ozone.TestStorageContainerManagerHelper.createKeys(TestStorageContainerManagerHelper.java:102)
	at org.apache.hadoop.ozone.TestStorageContainerManager.testBlockDeletionTransactions(TestStorageContainerManager.java:249)
	at sun.reflect.NativeMethodAccessorImpl.invoke0(Native Method)
	at sun.reflect.NativeMethodAccessorImpl.invoke(NativeMethodAccessorImpl.java:62)
	at sun.reflect.DelegatingMethodAccessorImpl.invoke(DelegatingMethodAccessorImpl.java:43)
	at java.lang.reflect.Method.invoke(Method.java:498)
	at org.junit.runners.model.FrameworkMethod$1.runReflectiveCall(FrameworkMethod.java:47)
	at org.junit.internal.runners.model.ReflectiveCallable.run(ReflectiveCallable.java:12)
	at org.junit.runners.model.FrameworkMethod.invokeExplosively(FrameworkMethod.java:44)
	at org.junit.internal.runners.statements.InvokeMethod.evaluate(InvokeMethod.java:17)
	at org.junit.internal.runners.statements.FailOnTimeout$StatementThread.run(FailOnTimeout.java:74)

Jul 29, 2019 1:52:08 PM org.apache.ratis.thirdparty.io.grpc.internal.ManagedChannelOrphanWrapper$ManagedChannelReference cleanQueue
SEVERE: *~*~*~ Channel ManagedChannelImpl{logId=28, target=192.168.157.251:34966} was not shutdown properly!!! ~*~*~*
    Make sure to call shutdown()/shutdownNow() and wait until awaitTermination() returns true.
java.lang.RuntimeException: ManagedChannel allocation site
	at org.apache.ratis.thirdparty.io.grpc.internal.ManagedChannelOrphanWrapper$ManagedChannelReference.<init>(ManagedChannelOrphanWrapper.java:103)
	at org.apache.ratis.thirdparty.io.grpc.internal.ManagedChannelOrphanWrapper.<init>(ManagedChannelOrphanWrapper.java:53)
	at org.apache.ratis.thirdparty.io.grpc.internal.ManagedChannelOrphanWrapper.<init>(ManagedChannelOrphanWrapper.java:44)
	at org.apache.ratis.thirdparty.io.grpc.internal.AbstractManagedChannelImplBuilder.build(AbstractManagedChannelImplBuilder.java:411)
	at org.apache.hadoop.hdds.scm.XceiverClientGrpc.connectToDatanode(XceiverClientGrpc.java:174)
	at org.apache.hadoop.hdds.scm.XceiverClientGrpc.reconnect(XceiverClientGrpc.java:422)
	at org.apache.hadoop.hdds.scm.XceiverClientGrpc.sendCommandAsync(XceiverClientGrpc.java:371)
	at org.apache.hadoop.hdds.scm.XceiverClientGrpc.sendCommandAsync(XceiverClientGrpc.java:346)
	at org.apache.hadoop.hdds.scm.storage.ContainerProtocolCalls.writeChunkAsync(ContainerProtocolCalls.java:310)
	at org.apache.hadoop.hdds.scm.storage.BlockOutputStream.writeChunkToContainer(BlockOutputStream.java:601)
	at org.apache.hadoop.hdds.scm.storage.BlockOutputStream.writeChunk(BlockOutputStream.java:459)
	at org.apache.hadoop.hdds.scm.storage.BlockOutputStream.handleFlush(BlockOutputStream.java:470)
	at org.apache.hadoop.hdds.scm.storage.BlockOutputStream.close(BlockOutputStream.java:493)
	at org.apache.hadoop.ozone.client.io.BlockOutputStreamEntry.close(BlockOutputStreamEntry.java:143)
	at org.apache.hadoop.ozone.client.io.KeyOutputStream.handleFlushOrClose(KeyOutputStream.java:434)
	at org.apache.hadoop.ozone.client.io.KeyOutputStream.close(KeyOutputStream.java:472)
	at org.apache.hadoop.ozone.client.io.OzoneOutputStream.close(OzoneOutputStream.java:60)
	at org.apache.hadoop.ozone.TestStorageContainerManagerHelper.createKeys(TestStorageContainerManagerHelper.java:102)
	at org.apache.hadoop.ozone.TestStorageContainerManager.testBlockDeletingThrottling(TestStorageContainerManager.java:338)
	at sun.reflect.NativeMethodAccessorImpl.invoke0(Native Method)
	at sun.reflect.NativeMethodAccessorImpl.invoke(NativeMethodAccessorImpl.java:62)
	at sun.reflect.DelegatingMethodAccessorImpl.invoke(DelegatingMethodAccessorImpl.java:43)
	at java.lang.reflect.Method.invoke(Method.java:498)
	at org.junit.runners.model.FrameworkMethod$1.runReflectiveCall(FrameworkMethod.java:47)
	at org.junit.internal.runners.model.ReflectiveCallable.run(ReflectiveCallable.java:12)
	at org.junit.runners.model.FrameworkMethod.invokeExplosively(FrameworkMethod.java:44)
	at org.junit.internal.runners.statements.InvokeMethod.evaluate(InvokeMethod.java:17)
	at org.junit.internal.runners.statements.FailOnTimeout$StatementThread.run(FailOnTimeout.java:74)

]]></system-err>
  </testcase>
  <testcase name="testRpcPermission" classname="org.apache.hadoop.ozone.TestStorageContainerManager" time="34.898"/>
  <testcase name="testSCMInitializationFailure" classname="org.apache.hadoop.ozone.TestStorageContainerManager" time="0.03"/>
  <testcase name="testSCMInitialization" classname="org.apache.hadoop.ozone.TestStorageContainerManager" time="0.03"/>
  <testcase name="testScmProcessDatanodeHeartbeat" classname="org.apache.hadoop.ozone.TestStorageContainerManager" time="29.228">
    <failure type="java.lang.AssertionError">java.lang.AssertionError
	at org.junit.Assert.fail(Assert.java:86)
	at org.junit.Assert.assertTrue(Assert.java:41)
	at org.junit.Assert.assertTrue(Assert.java:52)
	at org.apache.hadoop.ozone.TestStorageContainerManager.testScmProcessDatanodeHeartbeat(TestStorageContainerManager.java:531)
	at sun.reflect.NativeMethodAccessorImpl.invoke0(Native Method)
	at sun.reflect.NativeMethodAccessorImpl.invoke(NativeMethodAccessorImpl.java:62)
	at sun.reflect.DelegatingMethodAccessorImpl.invoke(DelegatingMethodAccessorImpl.java:43)
	at java.lang.reflect.Method.invoke(Method.java:498)
	at org.junit.runners.model.FrameworkMethod$1.runReflectiveCall(FrameworkMethod.java:47)
	at org.junit.internal.runners.model.ReflectiveCallable.run(ReflectiveCallable.java:12)
	at org.junit.runners.model.FrameworkMethod.invokeExplosively(FrameworkMethod.java:44)
	at org.junit.internal.runners.statements.InvokeMethod.evaluate(InvokeMethod.java:17)
	at org.junit.internal.runners.statements.FailOnTimeout$StatementThread.run(FailOnTimeout.java:74)
</failure>
    <system-out><![CDATA[2019-07-29 13:52:44,514 WARN  server.ServerUtils (ServerUtils.java:getScmDbDir(145)) - ozone.scm.db.dirs is not configured. We recommend adding this setting. Falling back to ozone.metadata.dirs instead.
2019-07-29 13:52:44,528 WARN  server.ServerUtils (ServerUtils.java:getScmDbDir(145)) - ozone.scm.db.dirs is not configured. We recommend adding this setting. Falling back to ozone.metadata.dirs instead.
2019-07-29 13:52:44,528 WARN  server.ServerUtils (ServerUtils.java:getScmDbDir(145)) - ozone.scm.db.dirs is not configured. We recommend adding this setting. Falling back to ozone.metadata.dirs instead.
2019-07-29 13:52:44,529 INFO  db.DBStoreBuilder (DBStoreBuilder.java:addTable(110)) - using custom profile for table: deletedBlocks
2019-07-29 13:52:44,529 INFO  db.DBStoreBuilder (DBStoreBuilder.java:processTables(161)) - Using default column profile:DBProfile.DISK for Table:deletedBlocks
2019-07-29 13:52:44,530 INFO  db.DBStoreBuilder (DBStoreBuilder.java:addTable(110)) - using custom profile for table: validCerts
2019-07-29 13:52:44,530 INFO  db.DBStoreBuilder (DBStoreBuilder.java:processTables(161)) - Using default column profile:DBProfile.DISK for Table:validCerts
2019-07-29 13:52:44,530 INFO  db.DBStoreBuilder (DBStoreBuilder.java:addTable(110)) - using custom profile for table: revokedCerts
2019-07-29 13:52:44,530 INFO  db.DBStoreBuilder (DBStoreBuilder.java:processTables(161)) - Using default column profile:DBProfile.DISK for Table:revokedCerts
2019-07-29 13:52:44,531 INFO  db.DBStoreBuilder (DBStoreBuilder.java:addTable(110)) - using custom profile for table: default
2019-07-29 13:52:44,531 INFO  db.DBStoreBuilder (DBStoreBuilder.java:processTables(167)) - Using default column profile:DBProfile.DISK for Table:default
2019-07-29 13:52:44,531 INFO  db.DBStoreBuilder (DBStoreBuilder.java:getDbProfile(198)) - Using default options. DBProfile.DISK
2019-07-29 13:52:44,699 INFO  net.NodeSchemaLoader (NodeSchemaLoader.java:loadSchemaFromFile(125)) - Loading file from sun.misc.CompoundEnumeration@10c4cfee
2019-07-29 13:52:44,699 INFO  net.NodeSchemaLoader (NodeSchemaLoader.java:loadSchema(171)) - Loading network topology layer schema file
2019-07-29 13:52:44,703 WARN  server.ServerUtils (ServerUtils.java:sanitizeUserArgs(70)) - ozone.scm.stale.node.interval value = 300000 is larger than max = 100000 based on the key value of ozone.scm.heartbeat.thread.interval, reset to the max value 100000.
2019-07-29 13:52:44,703 WARN  server.ServerUtils (ServerUtils.java:sanitizeUserArgs(70)) - ozone.scm.stale.node.interval value = 300000 is larger than max = 100000 based on the key value of ozone.scm.heartbeat.thread.interval, reset to the max value 100000.
2019-07-29 13:52:44,704 INFO  node.SCMNodeManager (SCMNodeManager.java:<init>(121)) - Entering startup safe mode.
2019-07-29 13:52:44,704 INFO  Configuration.deprecation (Configuration.java:logDeprecation(1394)) - hadoop.configured.node.mapping is deprecated. Instead, use net.topology.configured.node.mapping
2019-07-29 13:52:44,705 WARN  server.ServerUtils (ServerUtils.java:getScmDbDir(145)) - ozone.scm.db.dirs is not configured. We recommend adding this setting. Falling back to ozone.metadata.dirs instead.
2019-07-29 13:52:44,754 INFO  pipeline.SCMPipelineManager (SCMPipelineManager.java:initializePipelineState(126)) - No pipeline exists in current db
2019-07-29 13:52:44,754 WARN  server.ServerUtils (ServerUtils.java:getScmDbDir(145)) - ozone.scm.db.dirs is not configured. We recommend adding this setting. Falling back to ozone.metadata.dirs instead.
2019-07-29 13:52:44,810 WARN  events.EventQueue (EventQueue.java:fireEvent(175)) - No event handler registered for event TypedEvent{payloadType=SafeModeStatus, name='SafeModeStatus'}
2019-07-29 13:52:44,811 INFO  ipc.CallQueueManager (CallQueueManager.java:<init>(84)) - Using callQueue: class java.util.concurrent.LinkedBlockingQueue, queueCapacity: 2000, scheduler: class org.apache.hadoop.ipc.DefaultRpcScheduler, ipcBackoff: false.
2019-07-29 13:52:44,812 INFO  ipc.Server (Server.java:run(1074)) - Starting Socket Reader #1 for port 43513
2019-07-29 13:52:44,816 INFO  ipc.CallQueueManager (CallQueueManager.java:<init>(84)) - Using callQueue: class java.util.concurrent.LinkedBlockingQueue, queueCapacity: 2000, scheduler: class org.apache.hadoop.ipc.DefaultRpcScheduler, ipcBackoff: false.
2019-07-29 13:52:44,816 INFO  ipc.Server (Server.java:run(1074)) - Starting Socket Reader #1 for port 33161
2019-07-29 13:52:44,818 INFO  ipc.CallQueueManager (CallQueueManager.java:<init>(84)) - Using callQueue: class java.util.concurrent.LinkedBlockingQueue, queueCapacity: 2000, scheduler: class org.apache.hadoop.ipc.DefaultRpcScheduler, ipcBackoff: false.
2019-07-29 13:52:44,819 INFO  ipc.Server (Server.java:run(1074)) - Starting Socket Reader #1 for port 40678
2019-07-29 13:52:44,823 INFO  hdfs.DFSUtil (DFSUtil.java:httpServerTemplateForNNAndJN(1641)) - Starting Web-server for scm at: http://0.0.0.0:0
2019-07-29 13:52:44,825 INFO  server.AuthenticationFilter (AuthenticationFilter.java:constructSecretProvider(240)) - Unable to initialize FileSignerSecretProvider, falling back to use random secrets.
2019-07-29 13:52:44,826 WARN  http.HttpRequestLog (HttpRequestLog.java:getRequestLog(97)) - Jetty request log can only be enabled using Log4j
2019-07-29 13:52:44,828 INFO  http.HttpServer2 (HttpServer2.java:addGlobalFilter(975)) - Added global filter 'safety' (class=org.apache.hadoop.http.HttpServer2$QuotingInputFilter)
2019-07-29 13:52:44,829 INFO  http.HttpServer2 (HttpServer2.java:addFilter(948)) - Added filter static_user_filter (class=org.apache.hadoop.http.lib.StaticUserWebFilter$StaticUserFilter) to context scm
2019-07-29 13:52:44,829 INFO  http.HttpServer2 (HttpServer2.java:addFilter(958)) - Added filter static_user_filter (class=org.apache.hadoop.http.lib.StaticUserWebFilter$StaticUserFilter) to context logs
2019-07-29 13:52:44,829 INFO  http.HttpServer2 (HttpServer2.java:addFilter(958)) - Added filter static_user_filter (class=org.apache.hadoop.http.lib.StaticUserWebFilter$StaticUserFilter) to context static
2019-07-29 13:52:44,831 INFO  server.StorageContainerManager (StorageContainerManager.java:start(758)) - StorageContainerLocationProtocol RPC server is listening at /0.0.0.0:40678
2019-07-29 13:52:44,834 WARN  impl.MetricsConfig (MetricsConfig.java:loadFirst(134)) - Cannot locate configuration: tried hadoop-metrics2-storagecontainermanager.properties,hadoop-metrics2.properties
2019-07-29 13:52:44,834 INFO  impl.MetricsSystemImpl (MetricsSystemImpl.java:startTimer(374)) - Scheduled Metric snapshot period at 10 second(s).
2019-07-29 13:52:44,835 INFO  impl.MetricsSystemImpl (MetricsSystemImpl.java:start(191)) - StorageContainerManager metrics system started
2019-07-29 13:52:44,994 INFO  server.SCMClientProtocolServer (SCMClientProtocolServer.java:start(151)) - RPC server for Client  is listening at /0.0.0.0:40678
2019-07-29 13:52:44,994 INFO  ipc.Server (Server.java:run(1314)) - IPC Server Responder: starting
2019-07-29 13:52:44,995 INFO  ipc.Server (Server.java:run(1153)) - IPC Server listener on 40678: starting
2019-07-29 13:52:45,001 INFO  server.StorageContainerManager (StorageContainerManager.java:start(768)) - ScmBlockLocationProtocol RPC server is listening at /0.0.0.0:33161
2019-07-29 13:52:45,001 INFO  server.SCMBlockProtocolServer (SCMBlockProtocolServer.java:start(140)) - RPC server for Block Protocol is listening at /0.0.0.0:33161
2019-07-29 13:52:45,002 INFO  ipc.Server (Server.java:run(1314)) - IPC Server Responder: starting
2019-07-29 13:52:45,002 INFO  ipc.Server (Server.java:run(1153)) - IPC Server listener on 33161: starting
2019-07-29 13:52:45,008 INFO  server.StorageContainerManager (StorageContainerManager.java:start(772)) - ScmDatanodeProtocl RPC server is listening at /0.0.0.0:43513
2019-07-29 13:52:45,008 INFO  server.SCMDatanodeProtocolServer (SCMDatanodeProtocolServer.java:start(191)) - RPC server for DataNodes is listening at /0.0.0.0:43513
2019-07-29 13:52:45,008 INFO  ipc.Server (Server.java:run(1314)) - IPC Server Responder: starting
2019-07-29 13:52:45,008 INFO  ipc.Server (Server.java:run(1153)) - IPC Server listener on 43513: starting
2019-07-29 13:52:45,014 INFO  http.HttpServer2 (HttpServer2.java:bindListener(1191)) - Jetty bound to port 35436
2019-07-29 13:52:45,015 INFO  server.Server (Server.java:doStart(351)) - jetty-9.3.24.v20180605, build timestamp: 2018-06-05T17:11:56Z, git hash: 84205aa28f11a4f31f2a3b86d1bba2cc8ab69827
2019-07-29 13:52:45,017 INFO  handler.ContextHandler (ContextHandler.java:doStart(781)) - Started o.e.j.s.ServletContextHandler@7ea39841{/logs,file:///workdir/hadoop-ozone/integration-test/target/log,AVAILABLE}
2019-07-29 13:52:45,017 INFO  handler.ContextHandler (ContextHandler.java:doStart(781)) - Started o.e.j.s.ServletContextHandler@51d9d2a1{/static,file:///workdir/hadoop-ozone/integration-test/target/test-classes/webapps/static,AVAILABLE}
2019-07-29 13:52:45,022 INFO  handler.ContextHandler (ContextHandler.java:doStart(781)) - Started o.e.j.w.WebAppContext@2df0b18b{/,file:///workdir/hadoop-ozone/integration-test/target/test-classes/webapps/scm/,AVAILABLE}{/scm}
2019-07-29 13:52:45,022 INFO  server.AbstractConnector (AbstractConnector.java:doStart(278)) - Started ServerConnector@4ebd4e10{HTTP/1.1,[http/1.1]}{0.0.0.0:35436}
2019-07-29 13:52:45,024 INFO  server.Server (Server.java:doStart(419)) - Started @83569ms
2019-07-29 13:52:45,026 INFO  server.BaseHttpServer (BaseHttpServer.java:updateConnectorAddress(207)) - HTTP server of SCM is listening at http://0.0.0.0:35436
2019-07-29 13:52:45,028 WARN  server.ServerUtils (ServerUtils.java:getDBPath(222)) - ozone.om.db.dirs is not configured. We recommend adding this setting. Falling back to ozone.metadata.dirs instead.
2019-07-29 13:52:45,028 INFO  util.JvmPauseMonitor (JvmPauseMonitor.java:run(188)) - Starting JVM pause monitor
2019-07-29 13:52:45,076 WARN  server.ServerUtils (ServerUtils.java:getDBPath(222)) - ozone.om.db.dirs is not configured. We recommend adding this setting. Falling back to ozone.metadata.dirs instead.
2019-07-29 13:52:45,077 WARN  server.ServerUtils (ServerUtils.java:getDBPath(222)) - ozone.om.db.dirs is not configured. We recommend adding this setting. Falling back to ozone.metadata.dirs instead.
2019-07-29 13:52:45,077 INFO  om.OzoneManager (OzoneManager.java:setOMNodeDetails(644)) - OM Service ID is not set. Setting it to the default ID: omServiceIdDefault
2019-07-29 13:52:45,077 INFO  om.OzoneManager (OzoneManager.java:setOMNodeDetails(650)) - OM Node ID is not set. Setting it to the OmStorage's OmID: 700506bd-b4f7-4edb-ad9d-ce2ad1c6f81f
2019-07-29 13:52:45,078 INFO  om.OzoneManager (OzoneManager.java:loadOMHAConfigs(601)) - Found matching OM address with OMServiceId: null, OMNodeId: null, RPC Address: localhost:0 and Ratis port: 9872
2019-07-29 13:52:45,090 WARN  server.ServerUtils (ServerUtils.java:getDBPath(222)) - ozone.om.db.dirs is not configured. We recommend adding this setting. Falling back to ozone.metadata.dirs instead.
2019-07-29 13:52:45,090 INFO  db.DBStoreBuilder (DBStoreBuilder.java:addTable(110)) - using custom profile for table: userTable
2019-07-29 13:52:45,091 INFO  db.DBStoreBuilder (DBStoreBuilder.java:processTables(161)) - Using default column profile:DBProfile.DISK for Table:userTable
2019-07-29 13:52:45,091 INFO  db.DBStoreBuilder (DBStoreBuilder.java:addTable(110)) - using custom profile for table: volumeTable
2019-07-29 13:52:45,091 INFO  db.DBStoreBuilder (DBStoreBuilder.java:processTables(161)) - Using default column profile:DBProfile.DISK for Table:volumeTable
2019-07-29 13:52:45,091 INFO  db.DBStoreBuilder (DBStoreBuilder.java:addTable(110)) - using custom profile for table: bucketTable
2019-07-29 13:52:45,091 INFO  db.DBStoreBuilder (DBStoreBuilder.java:processTables(161)) - Using default column profile:DBProfile.DISK for Table:bucketTable
2019-07-29 13:52:45,092 INFO  db.DBStoreBuilder (DBStoreBuilder.java:addTable(110)) - using custom profile for table: keyTable
2019-07-29 13:52:45,092 INFO  db.DBStoreBuilder (DBStoreBuilder.java:processTables(161)) - Using default column profile:DBProfile.DISK for Table:keyTable
2019-07-29 13:52:45,092 INFO  db.DBStoreBuilder (DBStoreBuilder.java:addTable(110)) - using custom profile for table: deletedTable
2019-07-29 13:52:45,092 INFO  db.DBStoreBuilder (DBStoreBuilder.java:processTables(161)) - Using default column profile:DBProfile.DISK for Table:deletedTable
2019-07-29 13:52:45,093 INFO  db.DBStoreBuilder (DBStoreBuilder.java:addTable(110)) - using custom profile for table: openKeyTable
2019-07-29 13:52:45,093 INFO  db.DBStoreBuilder (DBStoreBuilder.java:processTables(161)) - Using default column profile:DBProfile.DISK for Table:openKeyTable
2019-07-29 13:52:45,093 INFO  db.DBStoreBuilder (DBStoreBuilder.java:addTable(110)) - using custom profile for table: s3Table
2019-07-29 13:52:45,093 INFO  db.DBStoreBuilder (DBStoreBuilder.java:processTables(161)) - Using default column profile:DBProfile.DISK for Table:s3Table
2019-07-29 13:52:45,094 INFO  db.DBStoreBuilder (DBStoreBuilder.java:addTable(110)) - using custom profile for table: multipartInfoTable
2019-07-29 13:52:45,094 INFO  db.DBStoreBuilder (DBStoreBuilder.java:processTables(161)) - Using default column profile:DBProfile.DISK for Table:multipartInfoTable
2019-07-29 13:52:45,094 INFO  db.DBStoreBuilder (DBStoreBuilder.java:addTable(110)) - using custom profile for table: dTokenTable
2019-07-29 13:52:45,094 INFO  db.DBStoreBuilder (DBStoreBuilder.java:processTables(161)) - Using default column profile:DBProfile.DISK for Table:dTokenTable
2019-07-29 13:52:45,094 INFO  db.DBStoreBuilder (DBStoreBuilder.java:addTable(110)) - using custom profile for table: s3SecretTable
2019-07-29 13:52:45,095 INFO  db.DBStoreBuilder (DBStoreBuilder.java:processTables(161)) - Using default column profile:DBProfile.DISK for Table:s3SecretTable
2019-07-29 13:52:45,095 INFO  db.DBStoreBuilder (DBStoreBuilder.java:addTable(110)) - using custom profile for table: prefixTable
2019-07-29 13:52:45,095 INFO  db.DBStoreBuilder (DBStoreBuilder.java:processTables(161)) - Using default column profile:DBProfile.DISK for Table:prefixTable
2019-07-29 13:52:45,095 INFO  db.DBStoreBuilder (DBStoreBuilder.java:addTable(110)) - using custom profile for table: default
2019-07-29 13:52:45,096 INFO  db.DBStoreBuilder (DBStoreBuilder.java:processTables(167)) - Using default column profile:DBProfile.DISK for Table:default
2019-07-29 13:52:45,096 INFO  db.DBStoreBuilder (DBStoreBuilder.java:getDbProfile(198)) - Using default options. DBProfile.DISK
2019-07-29 13:52:45,717 INFO  ipc.CallQueueManager (CallQueueManager.java:<init>(84)) - Using callQueue: class java.util.concurrent.LinkedBlockingQueue, queueCapacity: 2000, scheduler: class org.apache.hadoop.ipc.DefaultRpcScheduler, ipcBackoff: false.
2019-07-29 13:52:45,718 INFO  ipc.Server (Server.java:run(1074)) - Starting Socket Reader #1 for port 40023
2019-07-29 13:52:45,737 INFO  om.OzoneManager (OzoneManager.java:start(1255)) - OzoneManager RPC server is listening at localhost/127.0.0.1:40023
2019-07-29 13:52:45,737 INFO  impl.MetricsSystemImpl (MetricsSystemImpl.java:init(158)) - OzoneManager metrics system started (again)
2019-07-29 13:52:45,738 INFO  ipc.Server (Server.java:run(1314)) - IPC Server Responder: starting
2019-07-29 13:52:45,740 INFO  ipc.Server (Server.java:run(1153)) - IPC Server listener on 40023: starting
2019-07-29 13:52:45,746 INFO  hdfs.DFSUtil (DFSUtil.java:httpServerTemplateForNNAndJN(1641)) - Starting Web-server for ozoneManager at: http://0.0.0.0:0
2019-07-29 13:52:45,749 INFO  server.AuthenticationFilter (AuthenticationFilter.java:constructSecretProvider(240)) - Unable to initialize FileSignerSecretProvider, falling back to use random secrets.
2019-07-29 13:52:45,749 WARN  http.HttpRequestLog (HttpRequestLog.java:getRequestLog(97)) - Jetty request log can only be enabled using Log4j
2019-07-29 13:52:45,751 INFO  http.HttpServer2 (HttpServer2.java:addGlobalFilter(975)) - Added global filter 'safety' (class=org.apache.hadoop.http.HttpServer2$QuotingInputFilter)
2019-07-29 13:52:45,752 INFO  http.HttpServer2 (HttpServer2.java:addFilter(948)) - Added filter static_user_filter (class=org.apache.hadoop.http.lib.StaticUserWebFilter$StaticUserFilter) to context ozoneManager
2019-07-29 13:52:45,752 INFO  http.HttpServer2 (HttpServer2.java:addFilter(958)) - Added filter static_user_filter (class=org.apache.hadoop.http.lib.StaticUserWebFilter$StaticUserFilter) to context static
2019-07-29 13:52:45,752 INFO  http.HttpServer2 (HttpServer2.java:addFilter(958)) - Added filter static_user_filter (class=org.apache.hadoop.http.lib.StaticUserWebFilter$StaticUserFilter) to context logs
2019-07-29 13:52:45,753 INFO  http.HttpServer2 (HttpServer2.java:bindListener(1191)) - Jetty bound to port 38904
2019-07-29 13:52:45,753 INFO  server.Server (Server.java:doStart(351)) - jetty-9.3.24.v20180605, build timestamp: 2018-06-05T17:11:56Z, git hash: 84205aa28f11a4f31f2a3b86d1bba2cc8ab69827
2019-07-29 13:52:45,756 INFO  handler.ContextHandler (ContextHandler.java:doStart(781)) - Started o.e.j.s.ServletContextHandler@5e296d1b{/logs,file:///workdir/hadoop-ozone/integration-test/target/log,AVAILABLE}
2019-07-29 13:52:45,757 INFO  handler.ContextHandler (ContextHandler.java:doStart(781)) - Started o.e.j.s.ServletContextHandler@3a400ed1{/static,file:///workdir/hadoop-ozone/integration-test/target/test-classes/webapps/static,AVAILABLE}
2019-07-29 13:52:45,763 INFO  handler.ContextHandler (ContextHandler.java:doStart(781)) - Started o.e.j.w.WebAppContext@7e31d2f6{/,file:///workdir/hadoop-ozone/integration-test/target/test-classes/webapps/ozoneManager/,AVAILABLE}{/ozoneManager}
2019-07-29 13:52:45,763 INFO  server.AbstractConnector (AbstractConnector.java:doStart(278)) - Started ServerConnector@104f3995{HTTP/1.1,[http/1.1]}{0.0.0.0:38904}
2019-07-29 13:52:45,765 INFO  server.Server (Server.java:doStart(419)) - Started @84310ms
2019-07-29 13:52:45,766 INFO  server.BaseHttpServer (BaseHttpServer.java:updateConnectorAddress(207)) - HTTP server of OZONEMANAGER is listening at http://0.0.0.0:38904
2019-07-29 13:52:45,776 INFO  impl.MetricsSystemImpl (MetricsSystemImpl.java:init(158)) - HddsDatanode metrics system started (again)
2019-07-29 13:52:45,788 INFO  ozone.HddsDatanodeService (HddsDatanodeService.java:start(184)) - HddsDatanodeService host:byscane-nightly-dxn5b-515312600 ip:192.168.157.251
2019-07-29 13:52:45,798 INFO  volume.HddsVolume (HddsVolume.java:<init>(176)) - Creating Volume: /workdir/hadoop-ozone/integration-test/target/test-dir/MiniOzoneClusterImpl-6ade616d-020a-473f-93c9-17f0e6d7ea06/datanode-0/data/containers/hdds of  storage type : DISK and capacity : 52710309888
2019-07-29 13:52:45,798 INFO  volume.VolumeSet (VolumeSet.java:initializeVolumeSet(170)) - Added Volume : /workdir/hadoop-ozone/integration-test/target/test-dir/MiniOzoneClusterImpl-6ade616d-020a-473f-93c9-17f0e6d7ea06/datanode-0/data/containers/hdds to VolumeSet
2019-07-29 13:52:45,799 INFO  volume.ThrottledAsyncChecker (ThrottledAsyncChecker.java:schedule(140)) - Scheduling a check for org.apache.hadoop.ozone.container.common.volume.HddsVolume@4d980a11
2019-07-29 13:52:45,799 INFO  volume.HddsVolumeChecker (HddsVolumeChecker.java:checkAllVolumes(203)) - Scheduled health check for volume org.apache.hadoop.ozone.container.common.volume.HddsVolume@4d980a11
2019-07-29 13:52:45,822 INFO  impl.RaftServerProxy (ConfUtils.java:logGet(43)) - raft.rpc.type = GRPC (default)
2019-07-29 13:52:45,822 INFO  grpc.GrpcFactory (GrpcFactory.java:checkPooledByteBufAllocatorUseCacheForAllThreads(45)) - PERFORMANCE WARNING: useCacheForAllThreads is true that may cause Netty to create a lot garbage objects and, as a result, trigger GC.
	It is recommended to disable useCacheForAllThreads by setting -Dorg.apache.ratis.thirdparty.io.netty.allocator.useCacheForAllThreads=false in command line.
2019-07-29 13:52:45,822 INFO  grpc.GrpcConfigKeys$Server (ConfUtils.java:logGet(43)) - raft.grpc.server.port = 0 (default)
2019-07-29 13:52:45,822 INFO  server.GrpcService (ConfUtils.java:logGet(43)) - raft.grpc.message.size.max = 33570816 (custom)
2019-07-29 13:52:45,823 INFO  server.RaftServerConfigKeys (ConfUtils.java:logGet(43)) - raft.server.log.appender.buffer.byte-limit = 33554432 (custom)
2019-07-29 13:52:45,823 INFO  server.GrpcService (ConfUtils.java:logGet(43)) - raft.grpc.flow.control.window = 1MB (=1048576) (default)
2019-07-29 13:52:45,823 INFO  server.RaftServerConfigKeys (ConfUtils.java:logGet(43)) - raft.server.rpc.request.timeout = 3000ms (default)
2019-07-29 13:52:45,824 INFO  server.RaftServerConfigKeys (ConfUtils.java:logGet(43)) - raft.server.storage.dir = [/workdir/hadoop-ozone/integration-test/target/test-dir/MiniOzoneClusterImpl-6ade616d-020a-473f-93c9-17f0e6d7ea06/datanode-0/data/ratis] (custom)
2019-07-29 13:52:45,825 INFO  replication.SimpleContainerDownloader (SimpleContainerDownloader.java:<init>(72)) - Starting container downloader service to copy containers to replicate.
2019-07-29 13:52:45,826 INFO  hdfs.DFSUtil (DFSUtil.java:httpServerTemplateForNNAndJN(1641)) - Starting Web-server for hddsDatanode at: http://0.0.0.0:0
2019-07-29 13:52:45,828 INFO  server.AuthenticationFilter (AuthenticationFilter.java:constructSecretProvider(240)) - Unable to initialize FileSignerSecretProvider, falling back to use random secrets.
2019-07-29 13:52:45,828 WARN  http.HttpRequestLog (HttpRequestLog.java:getRequestLog(97)) - Jetty request log can only be enabled using Log4j
2019-07-29 13:52:45,830 INFO  http.HttpServer2 (HttpServer2.java:addGlobalFilter(975)) - Added global filter 'safety' (class=org.apache.hadoop.http.HttpServer2$QuotingInputFilter)
2019-07-29 13:52:45,831 INFO  http.HttpServer2 (HttpServer2.java:addFilter(948)) - Added filter static_user_filter (class=org.apache.hadoop.http.lib.StaticUserWebFilter$StaticUserFilter) to context hddsDatanode
2019-07-29 13:52:45,831 INFO  http.HttpServer2 (HttpServer2.java:addFilter(958)) - Added filter static_user_filter (class=org.apache.hadoop.http.lib.StaticUserWebFilter$StaticUserFilter) to context static
2019-07-29 13:52:45,832 INFO  http.HttpServer2 (HttpServer2.java:addFilter(958)) - Added filter static_user_filter (class=org.apache.hadoop.http.lib.StaticUserWebFilter$StaticUserFilter) to context logs
2019-07-29 13:52:45,832 INFO  http.HttpServer2 (HttpServer2.java:bindListener(1191)) - Jetty bound to port 41559
2019-07-29 13:52:45,833 INFO  server.Server (Server.java:doStart(351)) - jetty-9.3.24.v20180605, build timestamp: 2018-06-05T17:11:56Z, git hash: 84205aa28f11a4f31f2a3b86d1bba2cc8ab69827
2019-07-29 13:52:45,836 INFO  handler.ContextHandler (ContextHandler.java:doStart(781)) - Started o.e.j.s.ServletContextHandler@156b45a7{/logs,file:///workdir/hadoop-ozone/integration-test/target/log,AVAILABLE}
2019-07-29 13:52:45,836 INFO  handler.ContextHandler (ContextHandler.java:doStart(781)) - Started o.e.j.s.ServletContextHandler@13ca5d1c{/static,jar:file:/home/user/.m2/repository/org/apache/hadoop/hadoop-hdds-container-service/0.4.1-SNAPSHOT/hadoop-hdds-container-service-0.4.1-SNAPSHOT.jar!/webapps/static,AVAILABLE}
2019-07-29 13:52:45,880 INFO  handler.ContextHandler (ContextHandler.java:doStart(781)) - Started o.e.j.w.WebAppContext@12398210{/,file:///tmp/jetty-0.0.0.0-41559-hddsDatanode-_-any-404373261849600361.dir/webapp/,AVAILABLE}{/hddsDatanode}
2019-07-29 13:52:45,880 INFO  server.AbstractConnector (AbstractConnector.java:doStart(278)) - Started ServerConnector@6b854848{HTTP/1.1,[http/1.1]}{0.0.0.0:41559}
2019-07-29 13:52:45,882 INFO  server.Server (Server.java:doStart(419)) - Started @84427ms
2019-07-29 13:52:45,883 INFO  server.BaseHttpServer (BaseHttpServer.java:updateConnectorAddress(207)) - HTTP server of HDDSDATANODE is listening at http://0.0.0.0:41559
2019-07-29 13:52:45,995 INFO  ozone.HddsDatanodeService (HddsDatanodeService.java:startPlugins(395)) - Started plug-in org.apache.hadoop.ozone.web.OzoneHddsDatanodeService@42f2c032
2019-07-29 13:52:45,995 INFO  impl.MetricsSystemImpl (MetricsSystemImpl.java:init(158)) - HddsDatanode metrics system started (again)
2019-07-29 13:52:46,006 INFO  util.JvmPauseMonitor (JvmPauseMonitor.java:run(188)) - Starting JVM pause monitor
2019-07-29 13:52:46,006 INFO  ozone.HddsDatanodeService (HddsDatanodeService.java:start(184)) - HddsDatanodeService host:byscane-nightly-dxn5b-515312600 ip:192.168.157.251
2019-07-29 13:52:46,008 INFO  datanode.InitDatanodeState (InitDatanodeState.java:persistContainerDatanodeDetails(140)) - DatanodeDetails is persisted to /workdir/hadoop-ozone/integration-test/target/test-dir/MiniOzoneClusterImpl-6ade616d-020a-473f-93c9-17f0e6d7ea06/datanode-0/meta/datanode.id
2019-07-29 13:52:46,016 INFO  volume.HddsVolume (HddsVolume.java:<init>(176)) - Creating Volume: /workdir/hadoop-ozone/integration-test/target/test-dir/MiniOzoneClusterImpl-6ade616d-020a-473f-93c9-17f0e6d7ea06/datanode-1/data/containers/hdds of  storage type : DISK and capacity : 52710309888
2019-07-29 13:52:46,016 INFO  volume.VolumeSet (VolumeSet.java:initializeVolumeSet(170)) - Added Volume : /workdir/hadoop-ozone/integration-test/target/test-dir/MiniOzoneClusterImpl-6ade616d-020a-473f-93c9-17f0e6d7ea06/datanode-1/data/containers/hdds to VolumeSet
2019-07-29 13:52:46,017 INFO  volume.ThrottledAsyncChecker (ThrottledAsyncChecker.java:schedule(140)) - Scheduling a check for org.apache.hadoop.ozone.container.common.volume.HddsVolume@38c4a26d
2019-07-29 13:52:46,019 INFO  volume.HddsVolumeChecker (HddsVolumeChecker.java:checkAllVolumes(203)) - Scheduled health check for volume org.apache.hadoop.ozone.container.common.volume.HddsVolume@38c4a26d
2019-07-29 13:52:46,040 INFO  impl.RaftServerProxy (ConfUtils.java:logGet(43)) - raft.rpc.type = GRPC (default)
2019-07-29 13:52:46,041 INFO  grpc.GrpcFactory (GrpcFactory.java:checkPooledByteBufAllocatorUseCacheForAllThreads(45)) - PERFORMANCE WARNING: useCacheForAllThreads is true that may cause Netty to create a lot garbage objects and, as a result, trigger GC.
	It is recommended to disable useCacheForAllThreads by setting -Dorg.apache.ratis.thirdparty.io.netty.allocator.useCacheForAllThreads=false in command line.
2019-07-29 13:52:46,041 INFO  grpc.GrpcConfigKeys$Server (ConfUtils.java:logGet(43)) - raft.grpc.server.port = 0 (default)
2019-07-29 13:52:46,041 INFO  server.GrpcService (ConfUtils.java:logGet(43)) - raft.grpc.message.size.max = 33570816 (custom)
2019-07-29 13:52:46,041 INFO  server.RaftServerConfigKeys (ConfUtils.java:logGet(43)) - raft.server.log.appender.buffer.byte-limit = 33554432 (custom)
2019-07-29 13:52:46,041 INFO  server.GrpcService (ConfUtils.java:logGet(43)) - raft.grpc.flow.control.window = 1MB (=1048576) (default)
2019-07-29 13:52:46,042 INFO  server.RaftServerConfigKeys (ConfUtils.java:logGet(43)) - raft.server.rpc.request.timeout = 3000ms (default)
2019-07-29 13:52:46,042 INFO  server.RaftServerConfigKeys (ConfUtils.java:logGet(43)) - raft.server.storage.dir = [/workdir/hadoop-ozone/integration-test/target/test-dir/MiniOzoneClusterImpl-6ade616d-020a-473f-93c9-17f0e6d7ea06/datanode-1/data/ratis] (custom)
2019-07-29 13:52:46,043 INFO  replication.SimpleContainerDownloader (SimpleContainerDownloader.java:<init>(72)) - Starting container downloader service to copy containers to replicate.
2019-07-29 13:52:46,044 INFO  hdfs.DFSUtil (DFSUtil.java:httpServerTemplateForNNAndJN(1641)) - Starting Web-server for hddsDatanode at: http://0.0.0.0:0
2019-07-29 13:52:46,046 INFO  server.AuthenticationFilter (AuthenticationFilter.java:constructSecretProvider(240)) - Unable to initialize FileSignerSecretProvider, falling back to use random secrets.
2019-07-29 13:52:46,046 WARN  http.HttpRequestLog (HttpRequestLog.java:getRequestLog(97)) - Jetty request log can only be enabled using Log4j
2019-07-29 13:52:46,048 INFO  http.HttpServer2 (HttpServer2.java:addGlobalFilter(975)) - Added global filter 'safety' (class=org.apache.hadoop.http.HttpServer2$QuotingInputFilter)
2019-07-29 13:52:46,048 INFO  http.HttpServer2 (HttpServer2.java:addFilter(948)) - Added filter static_user_filter (class=org.apache.hadoop.http.lib.StaticUserWebFilter$StaticUserFilter) to context hddsDatanode
2019-07-29 13:52:46,048 INFO  http.HttpServer2 (HttpServer2.java:addFilter(958)) - Added filter static_user_filter (class=org.apache.hadoop.http.lib.StaticUserWebFilter$StaticUserFilter) to context static
2019-07-29 13:52:46,049 INFO  http.HttpServer2 (HttpServer2.java:addFilter(958)) - Added filter static_user_filter (class=org.apache.hadoop.http.lib.StaticUserWebFilter$StaticUserFilter) to context logs
2019-07-29 13:52:46,049 INFO  http.HttpServer2 (HttpServer2.java:bindListener(1191)) - Jetty bound to port 38679
2019-07-29 13:52:46,049 INFO  server.Server (Server.java:doStart(351)) - jetty-9.3.24.v20180605, build timestamp: 2018-06-05T17:11:56Z, git hash: 84205aa28f11a4f31f2a3b86d1bba2cc8ab69827
2019-07-29 13:52:46,051 INFO  handler.ContextHandler (ContextHandler.java:doStart(781)) - Started o.e.j.s.ServletContextHandler@6935df48{/logs,file:///workdir/hadoop-ozone/integration-test/target/log,AVAILABLE}
2019-07-29 13:52:46,052 INFO  handler.ContextHandler (ContextHandler.java:doStart(781)) - Started o.e.j.s.ServletContextHandler@ac1050d{/static,jar:file:/home/user/.m2/repository/org/apache/hadoop/hadoop-hdds-container-service/0.4.1-SNAPSHOT/hadoop-hdds-container-service-0.4.1-SNAPSHOT.jar!/webapps/static,AVAILABLE}
2019-07-29 13:52:46,082 INFO  handler.ContextHandler (ContextHandler.java:doStart(781)) - Started o.e.j.w.WebAppContext@32a65d8c{/,file:///tmp/jetty-0.0.0.0-38679-hddsDatanode-_-any-1924661625060935527.dir/webapp/,AVAILABLE}{/hddsDatanode}
2019-07-29 13:52:46,082 INFO  server.AbstractConnector (AbstractConnector.java:doStart(278)) - Started ServerConnector@7c808612{HTTP/1.1,[http/1.1]}{0.0.0.0:38679}
2019-07-29 13:52:46,086 INFO  server.Server (Server.java:doStart(419)) - Started @84631ms
2019-07-29 13:52:46,086 INFO  server.BaseHttpServer (BaseHttpServer.java:updateConnectorAddress(207)) - HTTP server of HDDSDATANODE is listening at http://0.0.0.0:38679
2019-07-29 13:52:46,190 INFO  ozone.HddsDatanodeService (HddsDatanodeService.java:startPlugins(395)) - Started plug-in org.apache.hadoop.ozone.web.OzoneHddsDatanodeService@6ca3b58c
2019-07-29 13:52:46,190 INFO  impl.MetricsSystemImpl (MetricsSystemImpl.java:init(158)) - HddsDatanode metrics system started (again)
2019-07-29 13:52:46,202 INFO  util.JvmPauseMonitor (JvmPauseMonitor.java:run(188)) - Starting JVM pause monitor
2019-07-29 13:52:46,202 INFO  ozone.HddsDatanodeService (HddsDatanodeService.java:start(184)) - HddsDatanodeService host:byscane-nightly-dxn5b-515312600 ip:192.168.157.251
2019-07-29 13:52:46,204 INFO  datanode.InitDatanodeState (InitDatanodeState.java:persistContainerDatanodeDetails(140)) - DatanodeDetails is persisted to /workdir/hadoop-ozone/integration-test/target/test-dir/MiniOzoneClusterImpl-6ade616d-020a-473f-93c9-17f0e6d7ea06/datanode-1/meta/datanode.id
2019-07-29 13:52:46,212 INFO  volume.HddsVolume (HddsVolume.java:<init>(176)) - Creating Volume: /workdir/hadoop-ozone/integration-test/target/test-dir/MiniOzoneClusterImpl-6ade616d-020a-473f-93c9-17f0e6d7ea06/datanode-2/data/containers/hdds of  storage type : DISK and capacity : 52710309888
2019-07-29 13:52:46,212 INFO  volume.VolumeSet (VolumeSet.java:initializeVolumeSet(170)) - Added Volume : /workdir/hadoop-ozone/integration-test/target/test-dir/MiniOzoneClusterImpl-6ade616d-020a-473f-93c9-17f0e6d7ea06/datanode-2/data/containers/hdds to VolumeSet
2019-07-29 13:52:46,213 INFO  volume.ThrottledAsyncChecker (ThrottledAsyncChecker.java:schedule(140)) - Scheduling a check for org.apache.hadoop.ozone.container.common.volume.HddsVolume@3dcd2d4d
2019-07-29 13:52:46,213 INFO  volume.HddsVolumeChecker (HddsVolumeChecker.java:checkAllVolumes(203)) - Scheduled health check for volume org.apache.hadoop.ozone.container.common.volume.HddsVolume@3dcd2d4d
2019-07-29 13:52:46,229 INFO  impl.RaftServerProxy (ConfUtils.java:logGet(43)) - raft.rpc.type = GRPC (default)
2019-07-29 13:52:46,229 INFO  grpc.GrpcFactory (GrpcFactory.java:checkPooledByteBufAllocatorUseCacheForAllThreads(45)) - PERFORMANCE WARNING: useCacheForAllThreads is true that may cause Netty to create a lot garbage objects and, as a result, trigger GC.
	It is recommended to disable useCacheForAllThreads by setting -Dorg.apache.ratis.thirdparty.io.netty.allocator.useCacheForAllThreads=false in command line.
2019-07-29 13:52:46,229 INFO  grpc.GrpcConfigKeys$Server (ConfUtils.java:logGet(43)) - raft.grpc.server.port = 0 (default)
2019-07-29 13:52:46,229 INFO  server.GrpcService (ConfUtils.java:logGet(43)) - raft.grpc.message.size.max = 33570816 (custom)
2019-07-29 13:52:46,229 INFO  server.RaftServerConfigKeys (ConfUtils.java:logGet(43)) - raft.server.log.appender.buffer.byte-limit = 33554432 (custom)
2019-07-29 13:52:46,230 INFO  server.GrpcService (ConfUtils.java:logGet(43)) - raft.grpc.flow.control.window = 1MB (=1048576) (default)
2019-07-29 13:52:46,230 INFO  server.RaftServerConfigKeys (ConfUtils.java:logGet(43)) - raft.server.rpc.request.timeout = 3000ms (default)
2019-07-29 13:52:46,230 INFO  server.RaftServerConfigKeys (ConfUtils.java:logGet(43)) - raft.server.storage.dir = [/workdir/hadoop-ozone/integration-test/target/test-dir/MiniOzoneClusterImpl-6ade616d-020a-473f-93c9-17f0e6d7ea06/datanode-2/data/ratis] (custom)
2019-07-29 13:52:46,230 INFO  replication.SimpleContainerDownloader (SimpleContainerDownloader.java:<init>(72)) - Starting container downloader service to copy containers to replicate.
2019-07-29 13:52:46,231 INFO  hdfs.DFSUtil (DFSUtil.java:httpServerTemplateForNNAndJN(1641)) - Starting Web-server for hddsDatanode at: http://0.0.0.0:0
2019-07-29 13:52:46,232 INFO  server.AuthenticationFilter (AuthenticationFilter.java:constructSecretProvider(240)) - Unable to initialize FileSignerSecretProvider, falling back to use random secrets.
2019-07-29 13:52:46,233 WARN  http.HttpRequestLog (HttpRequestLog.java:getRequestLog(97)) - Jetty request log can only be enabled using Log4j
2019-07-29 13:52:46,234 INFO  http.HttpServer2 (HttpServer2.java:addGlobalFilter(975)) - Added global filter 'safety' (class=org.apache.hadoop.http.HttpServer2$QuotingInputFilter)
2019-07-29 13:52:46,234 INFO  http.HttpServer2 (HttpServer2.java:addFilter(948)) - Added filter static_user_filter (class=org.apache.hadoop.http.lib.StaticUserWebFilter$StaticUserFilter) to context hddsDatanode
2019-07-29 13:52:46,234 INFO  http.HttpServer2 (HttpServer2.java:addFilter(958)) - Added filter static_user_filter (class=org.apache.hadoop.http.lib.StaticUserWebFilter$StaticUserFilter) to context logs
2019-07-29 13:52:46,235 INFO  http.HttpServer2 (HttpServer2.java:addFilter(958)) - Added filter static_user_filter (class=org.apache.hadoop.http.lib.StaticUserWebFilter$StaticUserFilter) to context static
2019-07-29 13:52:46,235 INFO  http.HttpServer2 (HttpServer2.java:bindListener(1191)) - Jetty bound to port 45164
2019-07-29 13:52:46,236 INFO  server.Server (Server.java:doStart(351)) - jetty-9.3.24.v20180605, build timestamp: 2018-06-05T17:11:56Z, git hash: 84205aa28f11a4f31f2a3b86d1bba2cc8ab69827
2019-07-29 13:52:46,237 INFO  handler.ContextHandler (ContextHandler.java:doStart(781)) - Started o.e.j.s.ServletContextHandler@6ba458e1{/logs,file:///workdir/hadoop-ozone/integration-test/target/log,AVAILABLE}
2019-07-29 13:52:46,238 INFO  handler.ContextHandler (ContextHandler.java:doStart(781)) - Started o.e.j.s.ServletContextHandler@28595ad3{/static,jar:file:/home/user/.m2/repository/org/apache/hadoop/hadoop-hdds-container-service/0.4.1-SNAPSHOT/hadoop-hdds-container-service-0.4.1-SNAPSHOT.jar!/webapps/static,AVAILABLE}
2019-07-29 13:52:46,271 INFO  handler.ContextHandler (ContextHandler.java:doStart(781)) - Started o.e.j.w.WebAppContext@6eac952e{/,file:///tmp/jetty-0.0.0.0-45164-hddsDatanode-_-any-8028961498473171226.dir/webapp/,AVAILABLE}{/hddsDatanode}
2019-07-29 13:52:46,272 INFO  server.AbstractConnector (AbstractConnector.java:doStart(278)) - Started ServerConnector@6505650e{HTTP/1.1,[http/1.1]}{0.0.0.0:45164}
2019-07-29 13:52:46,274 INFO  server.Server (Server.java:doStart(419)) - Started @84819ms
2019-07-29 13:52:46,275 INFO  server.BaseHttpServer (BaseHttpServer.java:updateConnectorAddress(207)) - HTTP server of HDDSDATANODE is listening at http://0.0.0.0:45164
2019-07-29 13:52:46,373 INFO  ozone.HddsDatanodeService (HddsDatanodeService.java:startPlugins(395)) - Started plug-in org.apache.hadoop.ozone.web.OzoneHddsDatanodeService@6046d0b1
2019-07-29 13:52:46,374 INFO  ozone.MiniOzoneClusterImpl (MiniOzoneClusterImpl.java:lambda$waitForClusterToBeReady$0(142)) - Waiting for cluster to be ready. Got 0 of 3 DN Heartbeats.
2019-07-29 13:52:46,385 INFO  util.JvmPauseMonitor (JvmPauseMonitor.java:run(188)) - Starting JVM pause monitor
2019-07-29 13:52:46,390 INFO  datanode.InitDatanodeState (InitDatanodeState.java:persistContainerDatanodeDetails(140)) - DatanodeDetails is persisted to /workdir/hadoop-ozone/integration-test/target/test-dir/MiniOzoneClusterImpl-6ade616d-020a-473f-93c9-17f0e6d7ea06/datanode-2/meta/datanode.id
2019-07-29 13:52:47,374 INFO  ozone.MiniOzoneClusterImpl (MiniOzoneClusterImpl.java:lambda$waitForClusterToBeReady$0(142)) - Waiting for cluster to be ready. Got 0 of 3 DN Heartbeats.
2019-07-29 13:52:48,030 INFO  ozoneimpl.OzoneContainer (OzoneContainer.java:start(186)) - Attempting to start container services.
2019-07-29 13:52:48,030 INFO  ozoneimpl.OzoneContainer (OzoneContainer.java:startContainerScrub(160)) - Background container scrubber has been disabled by hdds.containerscrub.enabled
2019-07-29 13:52:48,030 INFO  ratis.XceiverServerRatis (XceiverServerRatis.java:start(404)) - Starting XceiverServerRatis 90a3a883-6e0f-47f9-ba6d-b3d5f7a44005 at port 0
2019-07-29 13:52:48,040 INFO  impl.RaftServerProxy (RaftServerProxy.java:lambda$start$3(299)) - 90a3a883-6e0f-47f9-ba6d-b3d5f7a44005: start RPC server
2019-07-29 13:52:48,044 INFO  server.GrpcService (GrpcService.java:startImpl(149)) - 90a3a883-6e0f-47f9-ba6d-b3d5f7a44005: GrpcService started, listening on 0.0.0.0/0.0.0.0:32946
2019-07-29 13:52:48,044 INFO  ratis.XceiverServerRatis (XceiverServerRatis.java:start(414)) - XceiverServerRatis 90a3a883-6e0f-47f9-ba6d-b3d5f7a44005 is started using port 32946
2019-07-29 13:52:48,049 INFO  server.XceiverServerGrpc (XceiverServerGrpc.java:start(161)) - XceiverServerGrpc 90a3a883-6e0f-47f9-ba6d-b3d5f7a44005 is started using port 39975
2019-07-29 13:52:48,220 INFO  ozoneimpl.OzoneContainer (OzoneContainer.java:start(186)) - Attempting to start container services.
2019-07-29 13:52:48,220 INFO  ozoneimpl.OzoneContainer (OzoneContainer.java:startContainerScrub(160)) - Background container scrubber has been disabled by hdds.containerscrub.enabled
2019-07-29 13:52:48,220 INFO  ratis.XceiverServerRatis (XceiverServerRatis.java:start(404)) - Starting XceiverServerRatis b3c31e40-917a-4b74-a0a8-7a4161fe45b4 at port 0
2019-07-29 13:52:48,229 INFO  impl.RaftServerProxy (RaftServerProxy.java:lambda$start$3(299)) - b3c31e40-917a-4b74-a0a8-7a4161fe45b4: start RPC server
2019-07-29 13:52:48,232 INFO  server.GrpcService (GrpcService.java:startImpl(149)) - b3c31e40-917a-4b74-a0a8-7a4161fe45b4: GrpcService started, listening on 0.0.0.0/0.0.0.0:41259
2019-07-29 13:52:48,232 INFO  ratis.XceiverServerRatis (XceiverServerRatis.java:start(414)) - XceiverServerRatis b3c31e40-917a-4b74-a0a8-7a4161fe45b4 is started using port 41259
2019-07-29 13:52:48,246 INFO  server.XceiverServerGrpc (XceiverServerGrpc.java:start(161)) - XceiverServerGrpc b3c31e40-917a-4b74-a0a8-7a4161fe45b4 is started using port 45828
2019-07-29 13:52:48,375 INFO  ozone.MiniOzoneClusterImpl (MiniOzoneClusterImpl.java:lambda$waitForClusterToBeReady$0(142)) - Waiting for cluster to be ready. Got 0 of 3 DN Heartbeats.
2019-07-29 13:52:48,411 INFO  ozoneimpl.OzoneContainer (OzoneContainer.java:start(186)) - Attempting to start container services.
2019-07-29 13:52:48,411 INFO  ozoneimpl.OzoneContainer (OzoneContainer.java:startContainerScrub(160)) - Background container scrubber has been disabled by hdds.containerscrub.enabled
2019-07-29 13:52:48,411 INFO  ratis.XceiverServerRatis (XceiverServerRatis.java:start(404)) - Starting XceiverServerRatis 8710fe0b-d266-482d-b96a-6437c6dd54aa at port 0
2019-07-29 13:52:48,420 INFO  impl.RaftServerProxy (RaftServerProxy.java:lambda$start$3(299)) - 8710fe0b-d266-482d-b96a-6437c6dd54aa: start RPC server
2019-07-29 13:52:48,427 INFO  server.GrpcService (GrpcService.java:startImpl(149)) - 8710fe0b-d266-482d-b96a-6437c6dd54aa: GrpcService started, listening on 0.0.0.0/0.0.0.0:39419
2019-07-29 13:52:48,427 INFO  ratis.XceiverServerRatis (XceiverServerRatis.java:start(414)) - XceiverServerRatis 8710fe0b-d266-482d-b96a-6437c6dd54aa is started using port 39419
2019-07-29 13:52:48,440 INFO  server.XceiverServerGrpc (XceiverServerGrpc.java:start(161)) - XceiverServerGrpc 8710fe0b-d266-482d-b96a-6437c6dd54aa is started using port 40254
2019-07-29 13:52:49,375 INFO  ozone.MiniOzoneClusterImpl (MiniOzoneClusterImpl.java:lambda$waitForClusterToBeReady$0(142)) - Waiting for cluster to be ready. Got 0 of 3 DN Heartbeats.
2019-07-29 13:52:50,017 INFO  net.NetworkTopology (NetworkTopologyImpl.java:add(110)) - Added a new node: /default-rack/90a3a883-6e0f-47f9-ba6d-b3d5f7a44005
2019-07-29 13:52:50,019 INFO  node.SCMNodeManager (SCMNodeManager.java:register(273)) - Registered Data node : 90a3a883-6e0f-47f9-ba6d-b3d5f7a44005{ip: 192.168.157.251, host: byscane-nightly-dxn5b-515312600, networkLocation: /default-rack, certSerialId: null}
2019-07-29 13:52:50,020 INFO  safemode.SCMSafeModeManager (DataNodeSafeModeRule.java:process(71)) - SCM in safe mode. 1 DataNodes registered, 1 required.
2019-07-29 13:52:50,023 INFO  safemode.SCMSafeModeManager (SCMSafeModeManager.java:validateSafeModeExitRules(177)) - ScmSafeModeManager, all rules are successfully validated
2019-07-29 13:52:50,023 INFO  safemode.SCMSafeModeManager (SCMSafeModeManager.java:exitSafeMode(193)) - SCM exiting safe mode.
2019-07-29 13:52:50,050 INFO  impl.RaftServerProxy (RaftServerProxy.java:addNew(89)) - 90a3a883-6e0f-47f9-ba6d-b3d5f7a44005: addNew group-3D26EE7A0BFA:[90a3a883-6e0f-47f9-ba6d-b3d5f7a44005:192.168.157.251:32946] returns group-3D26EE7A0BFA:java.util.concurrent.CompletableFuture@deea503[Not completed]
2019-07-29 13:52:50,056 INFO  impl.RaftServerImpl (RaftServerImpl.java:<init>(93)) - 90a3a883-6e0f-47f9-ba6d-b3d5f7a44005: new RaftServerImpl for group-3D26EE7A0BFA:[90a3a883-6e0f-47f9-ba6d-b3d5f7a44005:192.168.157.251:32946] with ContainerStateMachine:uninitialized
2019-07-29 13:52:50,056 INFO  server.RaftServerConfigKeys (ConfUtils.java:logGet(43)) - raft.server.rpc.timeout.min = 5s (custom)
2019-07-29 13:52:50,056 INFO  server.RaftServerConfigKeys (ConfUtils.java:logGet(43)) - raft.server.rpc.timeout.max = 5200ms (custom)
2019-07-29 13:52:50,056 INFO  server.RaftServerConfigKeys (ConfUtils.java:logGet(43)) - raft.server.rpcslowness.timeout = 120s (custom)
2019-07-29 13:52:50,056 INFO  server.RaftServerConfigKeys (ConfUtils.java:logGet(43)) - raft.server.sleep.deviation.threshold = 300 (default)
2019-07-29 13:52:50,057 INFO  server.RaftServerConfigKeys (ConfUtils.java:logGet(43)) - raft.server.log.appender.install.snapshot.enabled = false (custom)
2019-07-29 13:52:50,057 INFO  impl.RaftServerImpl (ServerState.java:<init>(105)) - 90a3a883-6e0f-47f9-ba6d-b3d5f7a44005:group-3D26EE7A0BFA ConfigurationManager, init=-1: [90a3a883-6e0f-47f9-ba6d-b3d5f7a44005:192.168.157.251:32946], old=null, confs=<EMPTY_MAP>
2019-07-29 13:52:50,057 INFO  server.RaftServerConfigKeys (ConfUtils.java:logGet(43)) - raft.server.storage.dir = [/workdir/hadoop-ozone/integration-test/target/test-dir/MiniOzoneClusterImpl-6ade616d-020a-473f-93c9-17f0e6d7ea06/datanode-0/data/ratis] (custom)
2019-07-29 13:52:50,058 INFO  storage.RaftStorageDirectory (RaftStorageDirectory.java:analyzeStorage(246)) - The storage directory /workdir/hadoop-ozone/integration-test/target/test-dir/MiniOzoneClusterImpl-6ade616d-020a-473f-93c9-17f0e6d7ea06/datanode-0/data/ratis/e360830b-6e1e-49c5-bb24-3d26ee7a0bfa does not exist. Creating ...
2019-07-29 13:52:50,072 INFO  storage.RaftStorageDirectory (RaftStorageDirectory.java:tryLock(328)) - Lock on /workdir/hadoop-ozone/integration-test/target/test-dir/MiniOzoneClusterImpl-6ade616d-020a-473f-93c9-17f0e6d7ea06/datanode-0/data/ratis/e360830b-6e1e-49c5-bb24-3d26ee7a0bfa/in_use.lock acquired by nodename 10069@byscane-nightly-dxn5b-515312600
2019-07-29 13:52:50,085 INFO  storage.RaftStorage (RaftStorage.java:format(72)) - Storage directory /workdir/hadoop-ozone/integration-test/target/test-dir/MiniOzoneClusterImpl-6ade616d-020a-473f-93c9-17f0e6d7ea06/datanode-0/data/ratis/e360830b-6e1e-49c5-bb24-3d26ee7a0bfa has been successfully formatted.
2019-07-29 13:52:50,085 INFO  ratis.ContainerStateMachine (ContainerStateMachine.java:loadSnapshot(213)) - group-3D26EE7A0BFA: The snapshot info is null. Setting the last applied indexto:(t:0, i:~)
2019-07-29 13:52:50,085 INFO  server.RaftServerConfigKeys (ConfUtils.java:logGet(43)) - raft.server.leader.election.timeout = 120s (custom)
2019-07-29 13:52:50,086 INFO  server.RaftServerConfigKeys (ConfUtils.java:logGet(43)) - raft.server.log.use.memory = false (default)
2019-07-29 13:52:50,086 INFO  server.RaftServerConfigKeys (ConfUtils.java:logGet(43)) - raft.server.log.purge.gap = 1000000000 (custom)
2019-07-29 13:52:50,086 INFO  server.RaftServerConfigKeys (ConfUtils.java:logGet(43)) - raft.server.log.appender.buffer.byte-limit = 33554432 (custom)
2019-07-29 13:52:50,086 INFO  server.RaftServerConfigKeys (ConfUtils.java:logGet(43)) - raft.server.log.segment.size.max = 1048576 (custom)
2019-07-29 13:52:50,087 INFO  server.RaftServerConfigKeys (ConfUtils.java:logGet(43)) - raft.server.log.segment.cache.num.max = 2 (custom)
2019-07-29 13:52:50,087 INFO  segmented.SegmentedRaftLogWorker (SegmentedRaftLogWorker.java:<init>(172)) - new 90a3a883-6e0f-47f9-ba6d-b3d5f7a44005-SegmentedRaftLogWorker:Storage Directory /workdir/hadoop-ozone/integration-test/target/test-dir/MiniOzoneClusterImpl-6ade616d-020a-473f-93c9-17f0e6d7ea06/datanode-0/data/ratis/e360830b-6e1e-49c5-bb24-3d26ee7a0bfa for RaftStorage:Storage Directory /workdir/hadoop-ozone/integration-test/target/test-dir/MiniOzoneClusterImpl-6ade616d-020a-473f-93c9-17f0e6d7ea06/datanode-0/data/ratis/e360830b-6e1e-49c5-bb24-3d26ee7a0bfa
2019-07-29 13:52:50,087 INFO  server.RaftServerConfigKeys (ConfUtils.java:logGet(43)) - raft.server.log.queue.byte-limit = 2147483647 (custom)
2019-07-29 13:52:50,087 INFO  server.RaftServerConfigKeys (ConfUtils.java:logGet(43)) - raft.server.log.queue.element-limit = 1024 (custom)
2019-07-29 13:52:50,088 INFO  server.RaftServerConfigKeys (ConfUtils.java:logGet(43)) - raft.server.log.segment.size.max = 1048576 (custom)
2019-07-29 13:52:50,088 INFO  server.RaftServerConfigKeys (ConfUtils.java:logGet(43)) - raft.server.log.preallocated.size = 16384 (custom)
2019-07-29 13:52:50,088 INFO  server.RaftServerConfigKeys (ConfUtils.java:logGet(43)) - raft.server.log.write.buffer.size = 33554432 (custom)
2019-07-29 13:52:50,088 INFO  server.RaftServerConfigKeys (ConfUtils.java:logGet(43)) - raft.server.log.force.sync.num = 128 (default)
2019-07-29 13:52:50,089 INFO  server.RaftServerConfigKeys (ConfUtils.java:logGet(43)) - raft.server.log.statemachine.data.sync = true (default)
2019-07-29 13:52:50,089 INFO  server.RaftServerConfigKeys (ConfUtils.java:logGet(43)) - raft.server.log.statemachine.data.sync.timeout = 10s (default)
2019-07-29 13:52:50,089 INFO  server.RaftServerConfigKeys (ConfUtils.java:logGet(43)) - raft.server.log.statemachine.data.sync.timeout.retry = -1 (default)
2019-07-29 13:52:50,089 INFO  server.RaftServerConfigKeys (ConfUtils.java:logGet(43)) - raft.server.log.statemachine.data.caching.enabled = true (custom)
2019-07-29 13:52:50,090 INFO  segmented.SegmentedRaftLogWorker (SegmentedRaftLogWorker.java:lambda$new$0(132)) - 90a3a883-6e0f-47f9-ba6d-b3d5f7a44005-SegmentedRaftLogWorker:Storage Directory /workdir/hadoop-ozone/integration-test/target/test-dir/MiniOzoneClusterImpl-6ade616d-020a-473f-93c9-17f0e6d7ea06/datanode-0/data/ratis/e360830b-6e1e-49c5-bb24-3d26ee7a0bfa: flushIndex: setUnconditionally 0 -> -1
2019-07-29 13:52:50,090 INFO  server.RaftServerConfigKeys (ConfUtils.java:logGet(43)) - raft.server.snapshot.auto.trigger.enabled = true (custom)
2019-07-29 13:52:50,091 INFO  server.RaftServerConfigKeys (ConfUtils.java:logGet(43)) - raft.server.snapshot.auto.trigger.threshold = 10000 (custom)
2019-07-29 13:52:50,091 INFO  server.RaftServerConfigKeys (ConfUtils.java:logGet(43)) - raft.server.retrycache.expirytime = 600000ms (custom)
2019-07-29 13:52:50,091 INFO  impl.RaftServerImpl (RaftServerImpl.java:start(180)) - 90a3a883-6e0f-47f9-ba6d-b3d5f7a44005: start group-3D26EE7A0BFA
2019-07-29 13:52:50,091 INFO  impl.RaftServerImpl (RaftServerImpl.java:setRole(171)) - 90a3a883-6e0f-47f9-ba6d-b3d5f7a44005:group-3D26EE7A0BFA changes role from null to FOLLOWER at term 0 for startAsFollower
2019-07-29 13:52:50,092 INFO  impl.RoleInfo (RoleInfo.java:updateAndGet(143)) - 90a3a883-6e0f-47f9-ba6d-b3d5f7a44005: start FollowerState
2019-07-29 13:52:50,092 INFO  util.JmxRegister (JmxRegister.java:tryRegister(44)) - Successfully registered JMX Bean with object name Ratis:service=RaftServer,group=group-3D26EE7A0BFA,id=90a3a883-6e0f-47f9-ba6d-b3d5f7a44005
2019-07-29 13:52:50,106 INFO  pipeline.PipelineStateManager (PipelineStateManager.java:addPipeline(56)) - Created pipeline Pipeline[ Id: e360830b-6e1e-49c5-bb24-3d26ee7a0bfa, Nodes: 90a3a883-6e0f-47f9-ba6d-b3d5f7a44005{ip: 192.168.157.251, host: byscane-nightly-dxn5b-515312600, networkLocation: /default-rack, certSerialId: null}, Type:RATIS, Factor:ONE, State:OPEN]
2019-07-29 13:52:50,203 INFO  net.NetworkTopology (NetworkTopologyImpl.java:add(110)) - Added a new node: /default-rack/b3c31e40-917a-4b74-a0a8-7a4161fe45b4
2019-07-29 13:52:50,203 INFO  node.SCMNodeManager (SCMNodeManager.java:register(273)) - Registered Data node : b3c31e40-917a-4b74-a0a8-7a4161fe45b4{ip: 192.168.157.251, host: byscane-nightly-dxn5b-515312600, networkLocation: /default-rack, certSerialId: null}
2019-07-29 13:52:50,225 INFO  impl.RaftServerProxy (RaftServerProxy.java:addNew(89)) - b3c31e40-917a-4b74-a0a8-7a4161fe45b4: addNew group-FAF7E40B1B28:[b3c31e40-917a-4b74-a0a8-7a4161fe45b4:192.168.157.251:41259] returns group-FAF7E40B1B28:java.util.concurrent.CompletableFuture@2ce55dc2[Not completed]
2019-07-29 13:52:50,230 INFO  impl.RaftServerImpl (RaftServerImpl.java:<init>(93)) - b3c31e40-917a-4b74-a0a8-7a4161fe45b4: new RaftServerImpl for group-FAF7E40B1B28:[b3c31e40-917a-4b74-a0a8-7a4161fe45b4:192.168.157.251:41259] with ContainerStateMachine:uninitialized
2019-07-29 13:52:50,231 INFO  server.RaftServerConfigKeys (ConfUtils.java:logGet(43)) - raft.server.rpc.timeout.min = 5s (custom)
2019-07-29 13:52:50,231 INFO  server.RaftServerConfigKeys (ConfUtils.java:logGet(43)) - raft.server.rpc.timeout.max = 5200ms (custom)
2019-07-29 13:52:50,231 INFO  server.RaftServerConfigKeys (ConfUtils.java:logGet(43)) - raft.server.rpcslowness.timeout = 120s (custom)
2019-07-29 13:52:50,231 INFO  server.RaftServerConfigKeys (ConfUtils.java:logGet(43)) - raft.server.sleep.deviation.threshold = 300 (default)
2019-07-29 13:52:50,231 INFO  server.RaftServerConfigKeys (ConfUtils.java:logGet(43)) - raft.server.log.appender.install.snapshot.enabled = false (custom)
2019-07-29 13:52:50,231 INFO  impl.RaftServerImpl (ServerState.java:<init>(105)) - b3c31e40-917a-4b74-a0a8-7a4161fe45b4:group-FAF7E40B1B28 ConfigurationManager, init=-1: [b3c31e40-917a-4b74-a0a8-7a4161fe45b4:192.168.157.251:41259], old=null, confs=<EMPTY_MAP>
2019-07-29 13:52:50,232 INFO  server.RaftServerConfigKeys (ConfUtils.java:logGet(43)) - raft.server.storage.dir = [/workdir/hadoop-ozone/integration-test/target/test-dir/MiniOzoneClusterImpl-6ade616d-020a-473f-93c9-17f0e6d7ea06/datanode-1/data/ratis] (custom)
2019-07-29 13:52:50,232 INFO  storage.RaftStorageDirectory (RaftStorageDirectory.java:analyzeStorage(246)) - The storage directory /workdir/hadoop-ozone/integration-test/target/test-dir/MiniOzoneClusterImpl-6ade616d-020a-473f-93c9-17f0e6d7ea06/datanode-1/data/ratis/2a9dd7b4-438b-4733-bed1-faf7e40b1b28 does not exist. Creating ...
2019-07-29 13:52:50,246 INFO  storage.RaftStorageDirectory (RaftStorageDirectory.java:tryLock(328)) - Lock on /workdir/hadoop-ozone/integration-test/target/test-dir/MiniOzoneClusterImpl-6ade616d-020a-473f-93c9-17f0e6d7ea06/datanode-1/data/ratis/2a9dd7b4-438b-4733-bed1-faf7e40b1b28/in_use.lock acquired by nodename 10069@byscane-nightly-dxn5b-515312600
2019-07-29 13:52:50,259 INFO  storage.RaftStorage (RaftStorage.java:format(72)) - Storage directory /workdir/hadoop-ozone/integration-test/target/test-dir/MiniOzoneClusterImpl-6ade616d-020a-473f-93c9-17f0e6d7ea06/datanode-1/data/ratis/2a9dd7b4-438b-4733-bed1-faf7e40b1b28 has been successfully formatted.
2019-07-29 13:52:50,260 INFO  ratis.ContainerStateMachine (ContainerStateMachine.java:loadSnapshot(213)) - group-FAF7E40B1B28: The snapshot info is null. Setting the last applied indexto:(t:0, i:~)
2019-07-29 13:52:50,260 INFO  server.RaftServerConfigKeys (ConfUtils.java:logGet(43)) - raft.server.leader.election.timeout = 120s (custom)
2019-07-29 13:52:50,260 INFO  server.RaftServerConfigKeys (ConfUtils.java:logGet(43)) - raft.server.log.use.memory = false (default)
2019-07-29 13:52:50,260 INFO  server.RaftServerConfigKeys (ConfUtils.java:logGet(43)) - raft.server.log.purge.gap = 1000000000 (custom)
2019-07-29 13:52:50,260 INFO  server.RaftServerConfigKeys (ConfUtils.java:logGet(43)) - raft.server.log.appender.buffer.byte-limit = 33554432 (custom)
2019-07-29 13:52:50,261 INFO  server.RaftServerConfigKeys (ConfUtils.java:logGet(43)) - raft.server.log.segment.size.max = 1048576 (custom)
2019-07-29 13:52:50,261 INFO  server.RaftServerConfigKeys (ConfUtils.java:logGet(43)) - raft.server.log.segment.cache.num.max = 2 (custom)
2019-07-29 13:52:50,261 INFO  segmented.SegmentedRaftLogWorker (SegmentedRaftLogWorker.java:<init>(172)) - new b3c31e40-917a-4b74-a0a8-7a4161fe45b4-SegmentedRaftLogWorker:Storage Directory /workdir/hadoop-ozone/integration-test/target/test-dir/MiniOzoneClusterImpl-6ade616d-020a-473f-93c9-17f0e6d7ea06/datanode-1/data/ratis/2a9dd7b4-438b-4733-bed1-faf7e40b1b28 for RaftStorage:Storage Directory /workdir/hadoop-ozone/integration-test/target/test-dir/MiniOzoneClusterImpl-6ade616d-020a-473f-93c9-17f0e6d7ea06/datanode-1/data/ratis/2a9dd7b4-438b-4733-bed1-faf7e40b1b28
2019-07-29 13:52:50,261 INFO  server.RaftServerConfigKeys (ConfUtils.java:logGet(43)) - raft.server.log.queue.byte-limit = 2147483647 (custom)
2019-07-29 13:52:50,261 INFO  server.RaftServerConfigKeys (ConfUtils.java:logGet(43)) - raft.server.log.queue.element-limit = 1024 (custom)
2019-07-29 13:52:50,262 INFO  server.RaftServerConfigKeys (ConfUtils.java:logGet(43)) - raft.server.log.segment.size.max = 1048576 (custom)
2019-07-29 13:52:50,262 INFO  server.RaftServerConfigKeys (ConfUtils.java:logGet(43)) - raft.server.log.preallocated.size = 16384 (custom)
2019-07-29 13:52:50,262 INFO  server.RaftServerConfigKeys (ConfUtils.java:logGet(43)) - raft.server.log.write.buffer.size = 33554432 (custom)
2019-07-29 13:52:50,262 INFO  server.RaftServerConfigKeys (ConfUtils.java:logGet(43)) - raft.server.log.force.sync.num = 128 (default)
2019-07-29 13:52:50,262 INFO  server.RaftServerConfigKeys (ConfUtils.java:logGet(43)) - raft.server.log.statemachine.data.sync = true (default)
2019-07-29 13:52:50,262 INFO  server.RaftServerConfigKeys (ConfUtils.java:logGet(43)) - raft.server.log.statemachine.data.sync.timeout = 10s (default)
2019-07-29 13:52:50,263 INFO  server.RaftServerConfigKeys (ConfUtils.java:logGet(43)) - raft.server.log.statemachine.data.sync.timeout.retry = -1 (default)
2019-07-29 13:52:50,263 INFO  server.RaftServerConfigKeys (ConfUtils.java:logGet(43)) - raft.server.log.statemachine.data.caching.enabled = true (custom)
2019-07-29 13:52:50,263 INFO  segmented.SegmentedRaftLogWorker (SegmentedRaftLogWorker.java:lambda$new$0(132)) - b3c31e40-917a-4b74-a0a8-7a4161fe45b4-SegmentedRaftLogWorker:Storage Directory /workdir/hadoop-ozone/integration-test/target/test-dir/MiniOzoneClusterImpl-6ade616d-020a-473f-93c9-17f0e6d7ea06/datanode-1/data/ratis/2a9dd7b4-438b-4733-bed1-faf7e40b1b28: flushIndex: setUnconditionally 0 -> -1
2019-07-29 13:52:50,264 INFO  server.RaftServerConfigKeys (ConfUtils.java:logGet(43)) - raft.server.snapshot.auto.trigger.enabled = true (custom)
2019-07-29 13:52:50,264 INFO  server.RaftServerConfigKeys (ConfUtils.java:logGet(43)) - raft.server.snapshot.auto.trigger.threshold = 10000 (custom)
2019-07-29 13:52:50,264 INFO  server.RaftServerConfigKeys (ConfUtils.java:logGet(43)) - raft.server.retrycache.expirytime = 600000ms (custom)
2019-07-29 13:52:50,264 INFO  impl.RaftServerImpl (RaftServerImpl.java:start(180)) - b3c31e40-917a-4b74-a0a8-7a4161fe45b4: start group-FAF7E40B1B28
2019-07-29 13:52:50,264 INFO  impl.RaftServerImpl (RaftServerImpl.java:setRole(171)) - b3c31e40-917a-4b74-a0a8-7a4161fe45b4:group-FAF7E40B1B28 changes role from null to FOLLOWER at term 0 for startAsFollower
2019-07-29 13:52:50,265 INFO  impl.RoleInfo (RoleInfo.java:updateAndGet(143)) - b3c31e40-917a-4b74-a0a8-7a4161fe45b4: start FollowerState
2019-07-29 13:52:50,265 INFO  util.JmxRegister (JmxRegister.java:tryRegister(44)) - Successfully registered JMX Bean with object name Ratis:service=RaftServer,group=group-FAF7E40B1B28,id=b3c31e40-917a-4b74-a0a8-7a4161fe45b4
2019-07-29 13:52:50,276 INFO  pipeline.PipelineStateManager (PipelineStateManager.java:addPipeline(56)) - Created pipeline Pipeline[ Id: 2a9dd7b4-438b-4733-bed1-faf7e40b1b28, Nodes: b3c31e40-917a-4b74-a0a8-7a4161fe45b4{ip: 192.168.157.251, host: byscane-nightly-dxn5b-515312600, networkLocation: /default-rack, certSerialId: null}, Type:RATIS, Factor:ONE, State:OPEN]
2019-07-29 13:52:50,376 INFO  ozone.MiniOzoneClusterImpl (MiniOzoneClusterImpl.java:lambda$waitForClusterToBeReady$0(142)) - Waiting for cluster to be ready. Got 2 of 3 DN Heartbeats.
2019-07-29 13:52:50,386 INFO  net.NetworkTopology (NetworkTopologyImpl.java:add(110)) - Added a new node: /default-rack/8710fe0b-d266-482d-b96a-6437c6dd54aa
2019-07-29 13:52:50,386 INFO  node.SCMNodeManager (SCMNodeManager.java:register(273)) - Registered Data node : 8710fe0b-d266-482d-b96a-6437c6dd54aa{ip: 192.168.157.251, host: byscane-nightly-dxn5b-515312600, networkLocation: /default-rack, certSerialId: null}
2019-07-29 13:52:50,409 INFO  impl.RaftServerProxy (RaftServerProxy.java:addNew(89)) - 8710fe0b-d266-482d-b96a-6437c6dd54aa: addNew group-E77A3FB57482:[8710fe0b-d266-482d-b96a-6437c6dd54aa:192.168.157.251:39419] returns group-E77A3FB57482:java.util.concurrent.CompletableFuture@75dd7466[Not completed]
2019-07-29 13:52:50,416 INFO  impl.RaftServerImpl (RaftServerImpl.java:<init>(93)) - 8710fe0b-d266-482d-b96a-6437c6dd54aa: new RaftServerImpl for group-E77A3FB57482:[8710fe0b-d266-482d-b96a-6437c6dd54aa:192.168.157.251:39419] with ContainerStateMachine:uninitialized
2019-07-29 13:52:50,416 INFO  server.RaftServerConfigKeys (ConfUtils.java:logGet(43)) - raft.server.rpc.timeout.min = 5s (custom)
2019-07-29 13:52:50,416 INFO  server.RaftServerConfigKeys (ConfUtils.java:logGet(43)) - raft.server.rpc.timeout.max = 5200ms (custom)
2019-07-29 13:52:50,416 INFO  server.RaftServerConfigKeys (ConfUtils.java:logGet(43)) - raft.server.rpcslowness.timeout = 120s (custom)
2019-07-29 13:52:50,416 INFO  server.RaftServerConfigKeys (ConfUtils.java:logGet(43)) - raft.server.sleep.deviation.threshold = 300 (default)
2019-07-29 13:52:50,417 INFO  server.RaftServerConfigKeys (ConfUtils.java:logGet(43)) - raft.server.log.appender.install.snapshot.enabled = false (custom)
2019-07-29 13:52:50,417 INFO  impl.RaftServerImpl (ServerState.java:<init>(105)) - 8710fe0b-d266-482d-b96a-6437c6dd54aa:group-E77A3FB57482 ConfigurationManager, init=-1: [8710fe0b-d266-482d-b96a-6437c6dd54aa:192.168.157.251:39419], old=null, confs=<EMPTY_MAP>
2019-07-29 13:52:50,417 INFO  server.RaftServerConfigKeys (ConfUtils.java:logGet(43)) - raft.server.storage.dir = [/workdir/hadoop-ozone/integration-test/target/test-dir/MiniOzoneClusterImpl-6ade616d-020a-473f-93c9-17f0e6d7ea06/datanode-2/data/ratis] (custom)
2019-07-29 13:52:50,418 INFO  storage.RaftStorageDirectory (RaftStorageDirectory.java:analyzeStorage(246)) - The storage directory /workdir/hadoop-ozone/integration-test/target/test-dir/MiniOzoneClusterImpl-6ade616d-020a-473f-93c9-17f0e6d7ea06/datanode-2/data/ratis/418f6752-eb5f-46b5-b42b-e77a3fb57482 does not exist. Creating ...
2019-07-29 13:52:50,432 INFO  storage.RaftStorageDirectory (RaftStorageDirectory.java:tryLock(328)) - Lock on /workdir/hadoop-ozone/integration-test/target/test-dir/MiniOzoneClusterImpl-6ade616d-020a-473f-93c9-17f0e6d7ea06/datanode-2/data/ratis/418f6752-eb5f-46b5-b42b-e77a3fb57482/in_use.lock acquired by nodename 10069@byscane-nightly-dxn5b-515312600
2019-07-29 13:52:50,445 INFO  storage.RaftStorage (RaftStorage.java:format(72)) - Storage directory /workdir/hadoop-ozone/integration-test/target/test-dir/MiniOzoneClusterImpl-6ade616d-020a-473f-93c9-17f0e6d7ea06/datanode-2/data/ratis/418f6752-eb5f-46b5-b42b-e77a3fb57482 has been successfully formatted.
2019-07-29 13:52:50,445 INFO  ratis.ContainerStateMachine (ContainerStateMachine.java:loadSnapshot(213)) - group-E77A3FB57482: The snapshot info is null. Setting the last applied indexto:(t:0, i:~)
2019-07-29 13:52:50,445 INFO  server.RaftServerConfigKeys (ConfUtils.java:logGet(43)) - raft.server.leader.election.timeout = 120s (custom)
2019-07-29 13:52:50,445 INFO  server.RaftServerConfigKeys (ConfUtils.java:logGet(43)) - raft.server.log.use.memory = false (default)
2019-07-29 13:52:50,446 INFO  server.RaftServerConfigKeys (ConfUtils.java:logGet(43)) - raft.server.log.purge.gap = 1000000000 (custom)
2019-07-29 13:52:50,446 INFO  server.RaftServerConfigKeys (ConfUtils.java:logGet(43)) - raft.server.log.appender.buffer.byte-limit = 33554432 (custom)
2019-07-29 13:52:50,446 INFO  server.RaftServerConfigKeys (ConfUtils.java:logGet(43)) - raft.server.log.segment.size.max = 1048576 (custom)
2019-07-29 13:52:50,446 INFO  server.RaftServerConfigKeys (ConfUtils.java:logGet(43)) - raft.server.log.segment.cache.num.max = 2 (custom)
2019-07-29 13:52:50,447 INFO  segmented.SegmentedRaftLogWorker (SegmentedRaftLogWorker.java:<init>(172)) - new 8710fe0b-d266-482d-b96a-6437c6dd54aa-SegmentedRaftLogWorker:Storage Directory /workdir/hadoop-ozone/integration-test/target/test-dir/MiniOzoneClusterImpl-6ade616d-020a-473f-93c9-17f0e6d7ea06/datanode-2/data/ratis/418f6752-eb5f-46b5-b42b-e77a3fb57482 for RaftStorage:Storage Directory /workdir/hadoop-ozone/integration-test/target/test-dir/MiniOzoneClusterImpl-6ade616d-020a-473f-93c9-17f0e6d7ea06/datanode-2/data/ratis/418f6752-eb5f-46b5-b42b-e77a3fb57482
2019-07-29 13:52:50,447 INFO  server.RaftServerConfigKeys (ConfUtils.java:logGet(43)) - raft.server.log.queue.byte-limit = 2147483647 (custom)
2019-07-29 13:52:50,447 INFO  server.RaftServerConfigKeys (ConfUtils.java:logGet(43)) - raft.server.log.queue.element-limit = 1024 (custom)
2019-07-29 13:52:50,447 INFO  server.RaftServerConfigKeys (ConfUtils.java:logGet(43)) - raft.server.log.segment.size.max = 1048576 (custom)
2019-07-29 13:52:50,448 INFO  server.RaftServerConfigKeys (ConfUtils.java:logGet(43)) - raft.server.log.preallocated.size = 16384 (custom)
2019-07-29 13:52:50,448 INFO  server.RaftServerConfigKeys (ConfUtils.java:logGet(43)) - raft.server.log.write.buffer.size = 33554432 (custom)
2019-07-29 13:52:50,448 INFO  server.RaftServerConfigKeys (ConfUtils.java:logGet(43)) - raft.server.log.force.sync.num = 128 (default)
2019-07-29 13:52:50,448 INFO  server.RaftServerConfigKeys (ConfUtils.java:logGet(43)) - raft.server.log.statemachine.data.sync = true (default)
2019-07-29 13:52:50,448 INFO  server.RaftServerConfigKeys (ConfUtils.java:logGet(43)) - raft.server.log.statemachine.data.sync.timeout = 10s (default)
2019-07-29 13:52:50,449 INFO  server.RaftServerConfigKeys (ConfUtils.java:logGet(43)) - raft.server.log.statemachine.data.sync.timeout.retry = -1 (default)
2019-07-29 13:52:50,449 INFO  server.RaftServerConfigKeys (ConfUtils.java:logGet(43)) - raft.server.log.statemachine.data.caching.enabled = true (custom)
2019-07-29 13:52:50,450 INFO  segmented.SegmentedRaftLogWorker (SegmentedRaftLogWorker.java:lambda$new$0(132)) - 8710fe0b-d266-482d-b96a-6437c6dd54aa-SegmentedRaftLogWorker:Storage Directory /workdir/hadoop-ozone/integration-test/target/test-dir/MiniOzoneClusterImpl-6ade616d-020a-473f-93c9-17f0e6d7ea06/datanode-2/data/ratis/418f6752-eb5f-46b5-b42b-e77a3fb57482: flushIndex: setUnconditionally 0 -> -1
2019-07-29 13:52:50,450 INFO  server.RaftServerConfigKeys (ConfUtils.java:logGet(43)) - raft.server.snapshot.auto.trigger.enabled = true (custom)
2019-07-29 13:52:50,450 INFO  server.RaftServerConfigKeys (ConfUtils.java:logGet(43)) - raft.server.snapshot.auto.trigger.threshold = 10000 (custom)
2019-07-29 13:52:50,451 INFO  server.RaftServerConfigKeys (ConfUtils.java:logGet(43)) - raft.server.retrycache.expirytime = 600000ms (custom)
2019-07-29 13:52:50,451 INFO  impl.RaftServerImpl (RaftServerImpl.java:start(180)) - 8710fe0b-d266-482d-b96a-6437c6dd54aa: start group-E77A3FB57482
2019-07-29 13:52:50,451 INFO  impl.RaftServerImpl (RaftServerImpl.java:setRole(171)) - 8710fe0b-d266-482d-b96a-6437c6dd54aa:group-E77A3FB57482 changes role from null to FOLLOWER at term 0 for startAsFollower
2019-07-29 13:52:50,451 INFO  impl.RoleInfo (RoleInfo.java:updateAndGet(143)) - 8710fe0b-d266-482d-b96a-6437c6dd54aa: start FollowerState
2019-07-29 13:52:50,452 INFO  util.JmxRegister (JmxRegister.java:tryRegister(44)) - Successfully registered JMX Bean with object name Ratis:service=RaftServer,group=group-E77A3FB57482,id=8710fe0b-d266-482d-b96a-6437c6dd54aa
2019-07-29 13:52:50,465 INFO  pipeline.PipelineStateManager (PipelineStateManager.java:addPipeline(56)) - Created pipeline Pipeline[ Id: 418f6752-eb5f-46b5-b42b-e77a3fb57482, Nodes: 8710fe0b-d266-482d-b96a-6437c6dd54aa{ip: 192.168.157.251, host: byscane-nightly-dxn5b-515312600, networkLocation: /default-rack, certSerialId: null}, Type:RATIS, Factor:ONE, State:OPEN]
2019-07-29 13:52:50,516 INFO  impl.RaftServerProxy (RaftServerProxy.java:addNew(89)) - 90a3a883-6e0f-47f9-ba6d-b3d5f7a44005: addNew group-2909FC02A7C9:[90a3a883-6e0f-47f9-ba6d-b3d5f7a44005:192.168.157.251:32946, b3c31e40-917a-4b74-a0a8-7a4161fe45b4:192.168.157.251:41259, 8710fe0b-d266-482d-b96a-6437c6dd54aa:192.168.157.251:39419] returns group-2909FC02A7C9:java.util.concurrent.CompletableFuture@76535986[Not completed]
2019-07-29 13:52:50,516 INFO  impl.RaftServerProxy (RaftServerProxy.java:addNew(89)) - b3c31e40-917a-4b74-a0a8-7a4161fe45b4: addNew group-2909FC02A7C9:[90a3a883-6e0f-47f9-ba6d-b3d5f7a44005:192.168.157.251:32946, b3c31e40-917a-4b74-a0a8-7a4161fe45b4:192.168.157.251:41259, 8710fe0b-d266-482d-b96a-6437c6dd54aa:192.168.157.251:39419] returns group-2909FC02A7C9:java.util.concurrent.CompletableFuture@7e1955eb[Not completed]
2019-07-29 13:52:50,516 INFO  impl.RaftServerProxy (RaftServerProxy.java:addNew(89)) - 8710fe0b-d266-482d-b96a-6437c6dd54aa: addNew group-2909FC02A7C9:[90a3a883-6e0f-47f9-ba6d-b3d5f7a44005:192.168.157.251:32946, b3c31e40-917a-4b74-a0a8-7a4161fe45b4:192.168.157.251:41259, 8710fe0b-d266-482d-b96a-6437c6dd54aa:192.168.157.251:39419] returns group-2909FC02A7C9:java.util.concurrent.CompletableFuture@1f705460[Not completed]
2019-07-29 13:52:50,521 INFO  impl.RaftServerImpl (RaftServerImpl.java:<init>(93)) - 8710fe0b-d266-482d-b96a-6437c6dd54aa: new RaftServerImpl for group-2909FC02A7C9:[90a3a883-6e0f-47f9-ba6d-b3d5f7a44005:192.168.157.251:32946, b3c31e40-917a-4b74-a0a8-7a4161fe45b4:192.168.157.251:41259, 8710fe0b-d266-482d-b96a-6437c6dd54aa:192.168.157.251:39419] with ContainerStateMachine:uninitialized
2019-07-29 13:52:50,521 INFO  impl.RaftServerImpl (RaftServerImpl.java:<init>(93)) - 90a3a883-6e0f-47f9-ba6d-b3d5f7a44005: new RaftServerImpl for group-2909FC02A7C9:[90a3a883-6e0f-47f9-ba6d-b3d5f7a44005:192.168.157.251:32946, b3c31e40-917a-4b74-a0a8-7a4161fe45b4:192.168.157.251:41259, 8710fe0b-d266-482d-b96a-6437c6dd54aa:192.168.157.251:39419] with ContainerStateMachine:uninitialized
2019-07-29 13:52:50,522 INFO  server.RaftServerConfigKeys (ConfUtils.java:logGet(43)) - raft.server.rpc.timeout.min = 5s (custom)
2019-07-29 13:52:50,522 INFO  server.RaftServerConfigKeys (ConfUtils.java:logGet(43)) - raft.server.rpc.timeout.min = 5s (custom)
2019-07-29 13:52:50,522 INFO  impl.RaftServerImpl (RaftServerImpl.java:<init>(93)) - b3c31e40-917a-4b74-a0a8-7a4161fe45b4: new RaftServerImpl for group-2909FC02A7C9:[90a3a883-6e0f-47f9-ba6d-b3d5f7a44005:192.168.157.251:32946, b3c31e40-917a-4b74-a0a8-7a4161fe45b4:192.168.157.251:41259, 8710fe0b-d266-482d-b96a-6437c6dd54aa:192.168.157.251:39419] with ContainerStateMachine:uninitialized
2019-07-29 13:52:50,522 INFO  server.RaftServerConfigKeys (ConfUtils.java:logGet(43)) - raft.server.rpc.timeout.max = 5200ms (custom)
2019-07-29 13:52:50,522 INFO  server.RaftServerConfigKeys (ConfUtils.java:logGet(43)) - raft.server.rpc.timeout.min = 5s (custom)
2019-07-29 13:52:50,522 INFO  server.RaftServerConfigKeys (ConfUtils.java:logGet(43)) - raft.server.rpc.timeout.max = 5200ms (custom)
2019-07-29 13:52:50,523 INFO  server.RaftServerConfigKeys (ConfUtils.java:logGet(43)) - raft.server.rpc.timeout.max = 5200ms (custom)
2019-07-29 13:52:50,522 INFO  server.RaftServerConfigKeys (ConfUtils.java:logGet(43)) - raft.server.rpcslowness.timeout = 120s (custom)
2019-07-29 13:52:50,523 INFO  server.RaftServerConfigKeys (ConfUtils.java:logGet(43)) - raft.server.rpcslowness.timeout = 120s (custom)
2019-07-29 13:52:50,523 INFO  server.RaftServerConfigKeys (ConfUtils.java:logGet(43)) - raft.server.rpcslowness.timeout = 120s (custom)
2019-07-29 13:52:50,523 INFO  server.RaftServerConfigKeys (ConfUtils.java:logGet(43)) - raft.server.sleep.deviation.threshold = 300 (default)
2019-07-29 13:52:50,524 INFO  server.RaftServerConfigKeys (ConfUtils.java:logGet(43)) - raft.server.log.appender.install.snapshot.enabled = false (custom)
2019-07-29 13:52:50,523 INFO  server.RaftServerConfigKeys (ConfUtils.java:logGet(43)) - raft.server.sleep.deviation.threshold = 300 (default)
2019-07-29 13:52:50,524 INFO  impl.RaftServerImpl (ServerState.java:<init>(105)) - b3c31e40-917a-4b74-a0a8-7a4161fe45b4:group-2909FC02A7C9 ConfigurationManager, init=-1: [90a3a883-6e0f-47f9-ba6d-b3d5f7a44005:192.168.157.251:32946, b3c31e40-917a-4b74-a0a8-7a4161fe45b4:192.168.157.251:41259, 8710fe0b-d266-482d-b96a-6437c6dd54aa:192.168.157.251:39419], old=null, confs=<EMPTY_MAP>
2019-07-29 13:52:50,523 INFO  server.RaftServerConfigKeys (ConfUtils.java:logGet(43)) - raft.server.sleep.deviation.threshold = 300 (default)
2019-07-29 13:52:50,524 INFO  server.RaftServerConfigKeys (ConfUtils.java:logGet(43)) - raft.server.log.appender.install.snapshot.enabled = false (custom)
2019-07-29 13:52:50,524 INFO  server.RaftServerConfigKeys (ConfUtils.java:logGet(43)) - raft.server.storage.dir = [/workdir/hadoop-ozone/integration-test/target/test-dir/MiniOzoneClusterImpl-6ade616d-020a-473f-93c9-17f0e6d7ea06/datanode-1/data/ratis] (custom)
2019-07-29 13:52:50,524 INFO  server.RaftServerConfigKeys (ConfUtils.java:logGet(43)) - raft.server.log.appender.install.snapshot.enabled = false (custom)
2019-07-29 13:52:50,525 INFO  impl.RaftServerImpl (ServerState.java:<init>(105)) - 8710fe0b-d266-482d-b96a-6437c6dd54aa:group-2909FC02A7C9 ConfigurationManager, init=-1: [90a3a883-6e0f-47f9-ba6d-b3d5f7a44005:192.168.157.251:32946, b3c31e40-917a-4b74-a0a8-7a4161fe45b4:192.168.157.251:41259, 8710fe0b-d266-482d-b96a-6437c6dd54aa:192.168.157.251:39419], old=null, confs=<EMPTY_MAP>
2019-07-29 13:52:50,525 INFO  impl.RaftServerImpl (ServerState.java:<init>(105)) - 90a3a883-6e0f-47f9-ba6d-b3d5f7a44005:group-2909FC02A7C9 ConfigurationManager, init=-1: [90a3a883-6e0f-47f9-ba6d-b3d5f7a44005:192.168.157.251:32946, b3c31e40-917a-4b74-a0a8-7a4161fe45b4:192.168.157.251:41259, 8710fe0b-d266-482d-b96a-6437c6dd54aa:192.168.157.251:39419], old=null, confs=<EMPTY_MAP>
2019-07-29 13:52:50,525 INFO  storage.RaftStorageDirectory (RaftStorageDirectory.java:analyzeStorage(246)) - The storage directory /workdir/hadoop-ozone/integration-test/target/test-dir/MiniOzoneClusterImpl-6ade616d-020a-473f-93c9-17f0e6d7ea06/datanode-1/data/ratis/75d58d51-1e1a-410b-bf2e-2909fc02a7c9 does not exist. Creating ...
2019-07-29 13:52:50,525 INFO  server.RaftServerConfigKeys (ConfUtils.java:logGet(43)) - raft.server.storage.dir = [/workdir/hadoop-ozone/integration-test/target/test-dir/MiniOzoneClusterImpl-6ade616d-020a-473f-93c9-17f0e6d7ea06/datanode-2/data/ratis] (custom)
2019-07-29 13:52:50,525 INFO  server.RaftServerConfigKeys (ConfUtils.java:logGet(43)) - raft.server.storage.dir = [/workdir/hadoop-ozone/integration-test/target/test-dir/MiniOzoneClusterImpl-6ade616d-020a-473f-93c9-17f0e6d7ea06/datanode-0/data/ratis] (custom)
2019-07-29 13:52:50,526 INFO  storage.RaftStorageDirectory (RaftStorageDirectory.java:analyzeStorage(246)) - The storage directory /workdir/hadoop-ozone/integration-test/target/test-dir/MiniOzoneClusterImpl-6ade616d-020a-473f-93c9-17f0e6d7ea06/datanode-2/data/ratis/75d58d51-1e1a-410b-bf2e-2909fc02a7c9 does not exist. Creating ...
2019-07-29 13:52:50,526 INFO  storage.RaftStorageDirectory (RaftStorageDirectory.java:analyzeStorage(246)) - The storage directory /workdir/hadoop-ozone/integration-test/target/test-dir/MiniOzoneClusterImpl-6ade616d-020a-473f-93c9-17f0e6d7ea06/datanode-0/data/ratis/75d58d51-1e1a-410b-bf2e-2909fc02a7c9 does not exist. Creating ...
2019-07-29 13:52:50,550 INFO  storage.RaftStorageDirectory (RaftStorageDirectory.java:tryLock(328)) - Lock on /workdir/hadoop-ozone/integration-test/target/test-dir/MiniOzoneClusterImpl-6ade616d-020a-473f-93c9-17f0e6d7ea06/datanode-0/data/ratis/75d58d51-1e1a-410b-bf2e-2909fc02a7c9/in_use.lock acquired by nodename 10069@byscane-nightly-dxn5b-515312600
2019-07-29 13:52:50,550 INFO  storage.RaftStorageDirectory (RaftStorageDirectory.java:tryLock(328)) - Lock on /workdir/hadoop-ozone/integration-test/target/test-dir/MiniOzoneClusterImpl-6ade616d-020a-473f-93c9-17f0e6d7ea06/datanode-1/data/ratis/75d58d51-1e1a-410b-bf2e-2909fc02a7c9/in_use.lock acquired by nodename 10069@byscane-nightly-dxn5b-515312600
2019-07-29 13:52:50,550 INFO  storage.RaftStorageDirectory (RaftStorageDirectory.java:tryLock(328)) - Lock on /workdir/hadoop-ozone/integration-test/target/test-dir/MiniOzoneClusterImpl-6ade616d-020a-473f-93c9-17f0e6d7ea06/datanode-2/data/ratis/75d58d51-1e1a-410b-bf2e-2909fc02a7c9/in_use.lock acquired by nodename 10069@byscane-nightly-dxn5b-515312600
2019-07-29 13:52:50,575 INFO  storage.RaftStorage (RaftStorage.java:format(72)) - Storage directory /workdir/hadoop-ozone/integration-test/target/test-dir/MiniOzoneClusterImpl-6ade616d-020a-473f-93c9-17f0e6d7ea06/datanode-0/data/ratis/75d58d51-1e1a-410b-bf2e-2909fc02a7c9 has been successfully formatted.
2019-07-29 13:52:50,575 INFO  storage.RaftStorage (RaftStorage.java:format(72)) - Storage directory /workdir/hadoop-ozone/integration-test/target/test-dir/MiniOzoneClusterImpl-6ade616d-020a-473f-93c9-17f0e6d7ea06/datanode-1/data/ratis/75d58d51-1e1a-410b-bf2e-2909fc02a7c9 has been successfully formatted.
2019-07-29 13:52:50,575 INFO  storage.RaftStorage (RaftStorage.java:format(72)) - Storage directory /workdir/hadoop-ozone/integration-test/target/test-dir/MiniOzoneClusterImpl-6ade616d-020a-473f-93c9-17f0e6d7ea06/datanode-2/data/ratis/75d58d51-1e1a-410b-bf2e-2909fc02a7c9 has been successfully formatted.
2019-07-29 13:52:50,576 INFO  ratis.ContainerStateMachine (ContainerStateMachine.java:loadSnapshot(213)) - group-2909FC02A7C9: The snapshot info is null. Setting the last applied indexto:(t:0, i:~)
2019-07-29 13:52:50,576 INFO  ratis.ContainerStateMachine (ContainerStateMachine.java:loadSnapshot(213)) - group-2909FC02A7C9: The snapshot info is null. Setting the last applied indexto:(t:0, i:~)
2019-07-29 13:52:50,576 INFO  ratis.ContainerStateMachine (ContainerStateMachine.java:loadSnapshot(213)) - group-2909FC02A7C9: The snapshot info is null. Setting the last applied indexto:(t:0, i:~)
2019-07-29 13:52:50,576 INFO  server.RaftServerConfigKeys (ConfUtils.java:logGet(43)) - raft.server.leader.election.timeout = 120s (custom)
2019-07-29 13:52:50,576 INFO  server.RaftServerConfigKeys (ConfUtils.java:logGet(43)) - raft.server.leader.election.timeout = 120s (custom)
2019-07-29 13:52:50,577 INFO  server.RaftServerConfigKeys (ConfUtils.java:logGet(43)) - raft.server.log.use.memory = false (default)
2019-07-29 13:52:50,576 INFO  server.RaftServerConfigKeys (ConfUtils.java:logGet(43)) - raft.server.leader.election.timeout = 120s (custom)
2019-07-29 13:52:50,577 INFO  server.RaftServerConfigKeys (ConfUtils.java:logGet(43)) - raft.server.log.purge.gap = 1000000000 (custom)
2019-07-29 13:52:50,577 INFO  server.RaftServerConfigKeys (ConfUtils.java:logGet(43)) - raft.server.log.use.memory = false (default)
2019-07-29 13:52:50,577 INFO  server.RaftServerConfigKeys (ConfUtils.java:logGet(43)) - raft.server.log.appender.buffer.byte-limit = 33554432 (custom)
2019-07-29 13:52:50,577 INFO  server.RaftServerConfigKeys (ConfUtils.java:logGet(43)) - raft.server.log.use.memory = false (default)
2019-07-29 13:52:50,578 INFO  server.RaftServerConfigKeys (ConfUtils.java:logGet(43)) - raft.server.log.segment.size.max = 1048576 (custom)
2019-07-29 13:52:50,578 INFO  server.RaftServerConfigKeys (ConfUtils.java:logGet(43)) - raft.server.log.purge.gap = 1000000000 (custom)
2019-07-29 13:52:50,578 INFO  server.RaftServerConfigKeys (ConfUtils.java:logGet(43)) - raft.server.log.segment.cache.num.max = 2 (custom)
2019-07-29 13:52:50,578 INFO  server.RaftServerConfigKeys (ConfUtils.java:logGet(43)) - raft.server.log.purge.gap = 1000000000 (custom)
2019-07-29 13:52:50,578 INFO  segmented.SegmentedRaftLogWorker (SegmentedRaftLogWorker.java:<init>(172)) - new 8710fe0b-d266-482d-b96a-6437c6dd54aa-SegmentedRaftLogWorker:Storage Directory /workdir/hadoop-ozone/integration-test/target/test-dir/MiniOzoneClusterImpl-6ade616d-020a-473f-93c9-17f0e6d7ea06/datanode-2/data/ratis/75d58d51-1e1a-410b-bf2e-2909fc02a7c9 for RaftStorage:Storage Directory /workdir/hadoop-ozone/integration-test/target/test-dir/MiniOzoneClusterImpl-6ade616d-020a-473f-93c9-17f0e6d7ea06/datanode-2/data/ratis/75d58d51-1e1a-410b-bf2e-2909fc02a7c9
2019-07-29 13:52:50,578 INFO  server.RaftServerConfigKeys (ConfUtils.java:logGet(43)) - raft.server.log.appender.buffer.byte-limit = 33554432 (custom)
2019-07-29 13:52:50,579 INFO  server.RaftServerConfigKeys (ConfUtils.java:logGet(43)) - raft.server.log.queue.byte-limit = 2147483647 (custom)
2019-07-29 13:52:50,579 INFO  server.RaftServerConfigKeys (ConfUtils.java:logGet(43)) - raft.server.log.appender.buffer.byte-limit = 33554432 (custom)
2019-07-29 13:52:50,582 INFO  server.RaftServerConfigKeys (ConfUtils.java:logGet(43)) - raft.server.log.queue.element-limit = 1024 (custom)
2019-07-29 13:52:50,579 INFO  server.RaftServerConfigKeys (ConfUtils.java:logGet(43)) - raft.server.log.segment.size.max = 1048576 (custom)
2019-07-29 13:52:50,582 INFO  server.RaftServerConfigKeys (ConfUtils.java:logGet(43)) - raft.server.log.segment.size.max = 1048576 (custom)
2019-07-29 13:52:50,583 INFO  server.RaftServerConfigKeys (ConfUtils.java:logGet(43)) - raft.server.log.preallocated.size = 16384 (custom)
2019-07-29 13:52:50,582 INFO  server.RaftServerConfigKeys (ConfUtils.java:logGet(43)) - raft.server.log.segment.size.max = 1048576 (custom)
2019-07-29 13:52:50,583 INFO  server.RaftServerConfigKeys (ConfUtils.java:logGet(43)) - raft.server.log.write.buffer.size = 33554432 (custom)
2019-07-29 13:52:50,583 INFO  server.RaftServerConfigKeys (ConfUtils.java:logGet(43)) - raft.server.log.force.sync.num = 128 (default)
2019-07-29 13:52:50,583 INFO  server.RaftServerConfigKeys (ConfUtils.java:logGet(43)) - raft.server.log.segment.cache.num.max = 2 (custom)
2019-07-29 13:52:50,584 INFO  server.RaftServerConfigKeys (ConfUtils.java:logGet(43)) - raft.server.log.statemachine.data.sync = true (default)
2019-07-29 13:52:50,583 INFO  server.RaftServerConfigKeys (ConfUtils.java:logGet(43)) - raft.server.log.segment.cache.num.max = 2 (custom)
2019-07-29 13:52:50,584 INFO  server.RaftServerConfigKeys (ConfUtils.java:logGet(43)) - raft.server.log.statemachine.data.sync.timeout = 10s (default)
2019-07-29 13:52:50,584 INFO  segmented.SegmentedRaftLogWorker (SegmentedRaftLogWorker.java:<init>(172)) - new b3c31e40-917a-4b74-a0a8-7a4161fe45b4-SegmentedRaftLogWorker:Storage Directory /workdir/hadoop-ozone/integration-test/target/test-dir/MiniOzoneClusterImpl-6ade616d-020a-473f-93c9-17f0e6d7ea06/datanode-1/data/ratis/75d58d51-1e1a-410b-bf2e-2909fc02a7c9 for RaftStorage:Storage Directory /workdir/hadoop-ozone/integration-test/target/test-dir/MiniOzoneClusterImpl-6ade616d-020a-473f-93c9-17f0e6d7ea06/datanode-1/data/ratis/75d58d51-1e1a-410b-bf2e-2909fc02a7c9
2019-07-29 13:52:50,584 INFO  server.RaftServerConfigKeys (ConfUtils.java:logGet(43)) - raft.server.log.statemachine.data.sync.timeout.retry = -1 (default)
2019-07-29 13:52:50,584 INFO  segmented.SegmentedRaftLogWorker (SegmentedRaftLogWorker.java:<init>(172)) - new 90a3a883-6e0f-47f9-ba6d-b3d5f7a44005-SegmentedRaftLogWorker:Storage Directory /workdir/hadoop-ozone/integration-test/target/test-dir/MiniOzoneClusterImpl-6ade616d-020a-473f-93c9-17f0e6d7ea06/datanode-0/data/ratis/75d58d51-1e1a-410b-bf2e-2909fc02a7c9 for RaftStorage:Storage Directory /workdir/hadoop-ozone/integration-test/target/test-dir/MiniOzoneClusterImpl-6ade616d-020a-473f-93c9-17f0e6d7ea06/datanode-0/data/ratis/75d58d51-1e1a-410b-bf2e-2909fc02a7c9
2019-07-29 13:52:50,587 INFO  server.RaftServerConfigKeys (ConfUtils.java:logGet(43)) - raft.server.log.statemachine.data.caching.enabled = true (custom)
2019-07-29 13:52:50,585 INFO  server.RaftServerConfigKeys (ConfUtils.java:logGet(43)) - raft.server.log.queue.byte-limit = 2147483647 (custom)
2019-07-29 13:52:50,597 INFO  segmented.SegmentedRaftLogWorker (SegmentedRaftLogWorker.java:lambda$new$0(132)) - 8710fe0b-d266-482d-b96a-6437c6dd54aa-SegmentedRaftLogWorker:Storage Directory /workdir/hadoop-ozone/integration-test/target/test-dir/MiniOzoneClusterImpl-6ade616d-020a-473f-93c9-17f0e6d7ea06/datanode-2/data/ratis/75d58d51-1e1a-410b-bf2e-2909fc02a7c9: flushIndex: setUnconditionally 0 -> -1
2019-07-29 13:52:50,587 INFO  server.RaftServerConfigKeys (ConfUtils.java:logGet(43)) - raft.server.log.queue.byte-limit = 2147483647 (custom)
2019-07-29 13:52:50,598 INFO  server.RaftServerConfigKeys (ConfUtils.java:logGet(43)) - raft.server.log.queue.element-limit = 1024 (custom)
2019-07-29 13:52:50,600 INFO  server.RaftServerConfigKeys (ConfUtils.java:logGet(43)) - raft.server.snapshot.auto.trigger.enabled = true (custom)
2019-07-29 13:52:50,601 INFO  server.RaftServerConfigKeys (ConfUtils.java:logGet(43)) - raft.server.snapshot.auto.trigger.threshold = 10000 (custom)
2019-07-29 13:52:50,600 INFO  server.RaftServerConfigKeys (ConfUtils.java:logGet(43)) - raft.server.log.queue.element-limit = 1024 (custom)
2019-07-29 13:52:50,601 INFO  server.RaftServerConfigKeys (ConfUtils.java:logGet(43)) - raft.server.retrycache.expirytime = 600000ms (custom)
2019-07-29 13:52:50,601 INFO  server.RaftServerConfigKeys (ConfUtils.java:logGet(43)) - raft.server.log.segment.size.max = 1048576 (custom)
2019-07-29 13:52:50,601 INFO  impl.RaftServerImpl (RaftServerImpl.java:start(180)) - 8710fe0b-d266-482d-b96a-6437c6dd54aa: start group-2909FC02A7C9
2019-07-29 13:52:50,601 INFO  server.RaftServerConfigKeys (ConfUtils.java:logGet(43)) - raft.server.log.segment.size.max = 1048576 (custom)
2019-07-29 13:52:50,602 INFO  impl.RaftServerImpl (RaftServerImpl.java:setRole(171)) - 8710fe0b-d266-482d-b96a-6437c6dd54aa:group-2909FC02A7C9 changes role from null to FOLLOWER at term 0 for startAsFollower
2019-07-29 13:52:50,601 INFO  server.RaftServerConfigKeys (ConfUtils.java:logGet(43)) - raft.server.log.preallocated.size = 16384 (custom)
2019-07-29 13:52:50,602 INFO  impl.RoleInfo (RoleInfo.java:updateAndGet(143)) - 8710fe0b-d266-482d-b96a-6437c6dd54aa: start FollowerState
2019-07-29 13:52:50,602 INFO  server.RaftServerConfigKeys (ConfUtils.java:logGet(43)) - raft.server.log.preallocated.size = 16384 (custom)
2019-07-29 13:52:50,602 INFO  server.RaftServerConfigKeys (ConfUtils.java:logGet(43)) - raft.server.log.write.buffer.size = 33554432 (custom)
2019-07-29 13:52:50,603 INFO  server.RaftServerConfigKeys (ConfUtils.java:logGet(43)) - raft.server.log.write.buffer.size = 33554432 (custom)
2019-07-29 13:52:50,603 INFO  server.RaftServerConfigKeys (ConfUtils.java:logGet(43)) - raft.server.log.force.sync.num = 128 (default)
2019-07-29 13:52:50,603 INFO  util.JmxRegister (JmxRegister.java:tryRegister(44)) - Successfully registered JMX Bean with object name Ratis:service=RaftServer,group=group-2909FC02A7C9,id=8710fe0b-d266-482d-b96a-6437c6dd54aa
2019-07-29 13:52:50,603 INFO  server.RaftServerConfigKeys (ConfUtils.java:logGet(43)) - raft.server.log.force.sync.num = 128 (default)
2019-07-29 13:52:50,603 INFO  server.RaftServerConfigKeys (ConfUtils.java:logGet(43)) - raft.server.log.statemachine.data.sync = true (default)
2019-07-29 13:52:50,604 INFO  server.RaftServerConfigKeys (ConfUtils.java:logGet(43)) - raft.server.log.statemachine.data.sync = true (default)
2019-07-29 13:52:50,604 INFO  server.RaftServerConfigKeys (ConfUtils.java:logGet(43)) - raft.server.log.statemachine.data.sync.timeout = 10s (default)
2019-07-29 13:52:50,604 INFO  server.RaftServerConfigKeys (ConfUtils.java:logGet(43)) - raft.server.log.statemachine.data.sync.timeout = 10s (default)
2019-07-29 13:52:50,604 INFO  server.RaftServerConfigKeys (ConfUtils.java:logGet(43)) - raft.server.log.statemachine.data.sync.timeout.retry = -1 (default)
2019-07-29 13:52:50,604 INFO  server.RaftServerConfigKeys (ConfUtils.java:logGet(43)) - raft.server.log.statemachine.data.sync.timeout.retry = -1 (default)
2019-07-29 13:52:50,605 INFO  server.RaftServerConfigKeys (ConfUtils.java:logGet(43)) - raft.server.log.statemachine.data.caching.enabled = true (custom)
2019-07-29 13:52:50,605 INFO  server.RaftServerConfigKeys (ConfUtils.java:logGet(43)) - raft.server.log.statemachine.data.caching.enabled = true (custom)
2019-07-29 13:52:50,605 INFO  segmented.SegmentedRaftLogWorker (SegmentedRaftLogWorker.java:lambda$new$0(132)) - b3c31e40-917a-4b74-a0a8-7a4161fe45b4-SegmentedRaftLogWorker:Storage Directory /workdir/hadoop-ozone/integration-test/target/test-dir/MiniOzoneClusterImpl-6ade616d-020a-473f-93c9-17f0e6d7ea06/datanode-1/data/ratis/75d58d51-1e1a-410b-bf2e-2909fc02a7c9: flushIndex: setUnconditionally 0 -> -1
2019-07-29 13:52:50,605 INFO  segmented.SegmentedRaftLogWorker (SegmentedRaftLogWorker.java:lambda$new$0(132)) - 90a3a883-6e0f-47f9-ba6d-b3d5f7a44005-SegmentedRaftLogWorker:Storage Directory /workdir/hadoop-ozone/integration-test/target/test-dir/MiniOzoneClusterImpl-6ade616d-020a-473f-93c9-17f0e6d7ea06/datanode-0/data/ratis/75d58d51-1e1a-410b-bf2e-2909fc02a7c9: flushIndex: setUnconditionally 0 -> -1
2019-07-29 13:52:50,606 INFO  server.RaftServerConfigKeys (ConfUtils.java:logGet(43)) - raft.server.snapshot.auto.trigger.enabled = true (custom)
2019-07-29 13:52:50,608 INFO  server.RaftServerConfigKeys (ConfUtils.java:logGet(43)) - raft.server.snapshot.auto.trigger.threshold = 10000 (custom)
2019-07-29 13:52:50,608 INFO  server.RaftServerConfigKeys (ConfUtils.java:logGet(43)) - raft.server.snapshot.auto.trigger.enabled = true (custom)
2019-07-29 13:52:50,608 INFO  server.RaftServerConfigKeys (ConfUtils.java:logGet(43)) - raft.server.retrycache.expirytime = 600000ms (custom)
2019-07-29 13:52:50,608 INFO  server.RaftServerConfigKeys (ConfUtils.java:logGet(43)) - raft.server.snapshot.auto.trigger.threshold = 10000 (custom)
2019-07-29 13:52:50,609 INFO  impl.RaftServerImpl (RaftServerImpl.java:start(180)) - b3c31e40-917a-4b74-a0a8-7a4161fe45b4: start group-2909FC02A7C9
2019-07-29 13:52:50,609 INFO  server.RaftServerConfigKeys (ConfUtils.java:logGet(43)) - raft.server.retrycache.expirytime = 600000ms (custom)
2019-07-29 13:52:50,611 INFO  impl.RaftServerImpl (RaftServerImpl.java:setRole(171)) - b3c31e40-917a-4b74-a0a8-7a4161fe45b4:group-2909FC02A7C9 changes role from null to FOLLOWER at term 0 for startAsFollower
2019-07-29 13:52:50,614 INFO  impl.RaftServerImpl (RaftServerImpl.java:start(180)) - 90a3a883-6e0f-47f9-ba6d-b3d5f7a44005: start group-2909FC02A7C9
2019-07-29 13:52:50,614 INFO  impl.RoleInfo (RoleInfo.java:updateAndGet(143)) - b3c31e40-917a-4b74-a0a8-7a4161fe45b4: start FollowerState
2019-07-29 13:52:50,614 INFO  impl.RaftServerImpl (RaftServerImpl.java:setRole(171)) - 90a3a883-6e0f-47f9-ba6d-b3d5f7a44005:group-2909FC02A7C9 changes role from null to FOLLOWER at term 0 for startAsFollower
2019-07-29 13:52:50,615 INFO  impl.RoleInfo (RoleInfo.java:updateAndGet(143)) - 90a3a883-6e0f-47f9-ba6d-b3d5f7a44005: start FollowerState
2019-07-29 13:52:50,615 INFO  util.JmxRegister (JmxRegister.java:tryRegister(44)) - Successfully registered JMX Bean with object name Ratis:service=RaftServer,group=group-2909FC02A7C9,id=b3c31e40-917a-4b74-a0a8-7a4161fe45b4
2019-07-29 13:52:50,615 INFO  util.JmxRegister (JmxRegister.java:tryRegister(44)) - Successfully registered JMX Bean with object name Ratis:service=RaftServer,group=group-2909FC02A7C9,id=90a3a883-6e0f-47f9-ba6d-b3d5f7a44005
2019-07-29 13:52:50,634 INFO  pipeline.PipelineStateManager (PipelineStateManager.java:addPipeline(56)) - Created pipeline Pipeline[ Id: 75d58d51-1e1a-410b-bf2e-2909fc02a7c9, Nodes: 8710fe0b-d266-482d-b96a-6437c6dd54aa{ip: 192.168.157.251, host: byscane-nightly-dxn5b-515312600, networkLocation: /default-rack, certSerialId: null}b3c31e40-917a-4b74-a0a8-7a4161fe45b4{ip: 192.168.157.251, host: byscane-nightly-dxn5b-515312600, networkLocation: /default-rack, certSerialId: null}90a3a883-6e0f-47f9-ba6d-b3d5f7a44005{ip: 192.168.157.251, host: byscane-nightly-dxn5b-515312600, networkLocation: /default-rack, certSerialId: null}, Type:RATIS, Factor:THREE, State:OPEN]
2019-07-29 13:52:51,376 INFO  ozone.MiniOzoneClusterImpl (MiniOzoneClusterImpl.java:lambda$waitForClusterToBeReady$0(142)) - Cluster is ready. Got 3 of 3 DN Heartbeats.
2019-07-29 13:52:53,029 INFO  container.ReplicationManager (ReplicationManager.java:start(155)) - Starting Replication Monitor Thread.
2019-07-29 13:52:53,035 INFO  container.ReplicationManager (ReplicationManager.java:run(207)) - Replication Monitor Thread took 0 milliseconds for processing 0 containers.
2019-07-29 13:52:55,139 INFO  impl.FollowerState (FollowerState.java:run(106)) - 90a3a883-6e0f-47f9-ba6d-b3d5f7a44005:group-3D26EE7A0BFA changes to CANDIDATE, lastRpcTime:5047, electionTimeout:5047ms
2019-07-29 13:52:55,140 INFO  impl.RoleInfo (RoleInfo.java:shutdownFollowerState(121)) - 90a3a883-6e0f-47f9-ba6d-b3d5f7a44005: shutdown FollowerState
2019-07-29 13:52:55,140 INFO  impl.RaftServerImpl (RaftServerImpl.java:setRole(171)) - 90a3a883-6e0f-47f9-ba6d-b3d5f7a44005:group-3D26EE7A0BFA changes role from FOLLOWER to CANDIDATE at term 0 for changeToCandidate
2019-07-29 13:52:55,140 INFO  impl.RoleInfo (RoleInfo.java:updateAndGet(143)) - 90a3a883-6e0f-47f9-ba6d-b3d5f7a44005: start LeaderElection
2019-07-29 13:52:55,175 INFO  impl.LeaderElection (LeaderElection.java:askForVotes(181)) - 90a3a883-6e0f-47f9-ba6d-b3d5f7a44005:group-3D26EE7A0BFA:LeaderElection8: begin an election at term 1 for -1: [90a3a883-6e0f-47f9-ba6d-b3d5f7a44005:192.168.157.251:32946], old=null
2019-07-29 13:52:55,176 INFO  impl.RoleInfo (RoleInfo.java:shutdownLeaderElection(134)) - 90a3a883-6e0f-47f9-ba6d-b3d5f7a44005: shutdown LeaderElection
2019-07-29 13:52:55,176 INFO  impl.RaftServerImpl (RaftServerImpl.java:setRole(171)) - 90a3a883-6e0f-47f9-ba6d-b3d5f7a44005:group-3D26EE7A0BFA changes role from CANDIDATE to LEADER at term 1 for changeToLeader
2019-07-29 13:52:55,176 INFO  impl.RaftServerImpl (ServerState.java:setLeader(263)) - 90a3a883-6e0f-47f9-ba6d-b3d5f7a44005:group-3D26EE7A0BFA change Leader from null to 90a3a883-6e0f-47f9-ba6d-b3d5f7a44005 at term 1 for becomeLeader, leader elected after 5090ms
2019-07-29 13:52:55,179 INFO  server.RaftServerConfigKeys (ConfUtils.java:logGet(43)) - raft.server.staging.catchup.gap = 1000 (default)
2019-07-29 13:52:55,179 INFO  server.RaftServerConfigKeys (ConfUtils.java:logGet(43)) - raft.server.rpc.sleep.time = 25ms (default)
2019-07-29 13:52:55,179 INFO  server.RaftServerConfigKeys (ConfUtils.java:logGet(43)) - raft.server.write.element-limit = 4096 (default)
2019-07-29 13:52:55,180 INFO  server.RaftServerConfigKeys (ConfUtils.java:logGet(43)) - raft.server.watch.timeout = 10s (default)
2019-07-29 13:52:55,180 INFO  server.RaftServerConfigKeys (ConfUtils.java:logGet(43)) - raft.server.watch.timeout.denomination = 1s (default)
2019-07-29 13:52:55,180 INFO  server.RaftServerConfigKeys (ConfUtils.java:logGet(43)) - raft.server.watch.element-limit = 65536 (default)
2019-07-29 13:52:55,181 INFO  impl.RoleInfo (RoleInfo.java:updateAndGet(143)) - 90a3a883-6e0f-47f9-ba6d-b3d5f7a44005: start LeaderState
2019-07-29 13:52:55,181 INFO  segmented.SegmentedRaftLogWorker (SegmentedRaftLogWorker.java:startLogSegment(380)) - 90a3a883-6e0f-47f9-ba6d-b3d5f7a44005-SegmentedRaftLogWorker:Storage Directory /workdir/hadoop-ozone/integration-test/target/test-dir/MiniOzoneClusterImpl-6ade616d-020a-473f-93c9-17f0e6d7ea06/datanode-0/data/ratis/e360830b-6e1e-49c5-bb24-3d26ee7a0bfa: Starting segment from index:0
2019-07-29 13:52:55,182 INFO  impl.RaftServerImpl (ServerState.java:setRaftConf(361)) - 90a3a883-6e0f-47f9-ba6d-b3d5f7a44005:group-3D26EE7A0BFA set configuration 0: [90a3a883-6e0f-47f9-ba6d-b3d5f7a44005:192.168.157.251:32946], old=null at 0
2019-07-29 13:52:55,215 INFO  segmented.SegmentedRaftLogWorker (SegmentedRaftLogWorker.java:execute(569)) - 90a3a883-6e0f-47f9-ba6d-b3d5f7a44005-SegmentedRaftLogWorker:Storage Directory /workdir/hadoop-ozone/integration-test/target/test-dir/MiniOzoneClusterImpl-6ade616d-020a-473f-93c9-17f0e6d7ea06/datanode-0/data/ratis/e360830b-6e1e-49c5-bb24-3d26ee7a0bfa: created new log segment /workdir/hadoop-ozone/integration-test/target/test-dir/MiniOzoneClusterImpl-6ade616d-020a-473f-93c9-17f0e6d7ea06/datanode-0/data/ratis/e360830b-6e1e-49c5-bb24-3d26ee7a0bfa/current/log_inprogress_0
2019-07-29 13:52:55,443 INFO  impl.FollowerState (FollowerState.java:run(106)) - b3c31e40-917a-4b74-a0a8-7a4161fe45b4:group-FAF7E40B1B28 changes to CANDIDATE, lastRpcTime:5178, electionTimeout:5178ms
2019-07-29 13:52:55,443 INFO  impl.RoleInfo (RoleInfo.java:shutdownFollowerState(121)) - b3c31e40-917a-4b74-a0a8-7a4161fe45b4: shutdown FollowerState
2019-07-29 13:52:55,443 INFO  impl.RaftServerImpl (RaftServerImpl.java:setRole(171)) - b3c31e40-917a-4b74-a0a8-7a4161fe45b4:group-FAF7E40B1B28 changes role from FOLLOWER to CANDIDATE at term 0 for changeToCandidate
2019-07-29 13:52:55,444 INFO  impl.RoleInfo (RoleInfo.java:updateAndGet(143)) - b3c31e40-917a-4b74-a0a8-7a4161fe45b4: start LeaderElection
2019-07-29 13:52:55,465 INFO  impl.LeaderElection (LeaderElection.java:askForVotes(181)) - b3c31e40-917a-4b74-a0a8-7a4161fe45b4:group-FAF7E40B1B28:LeaderElection9: begin an election at term 1 for -1: [b3c31e40-917a-4b74-a0a8-7a4161fe45b4:192.168.157.251:41259], old=null
2019-07-29 13:52:55,467 INFO  impl.RoleInfo (RoleInfo.java:shutdownLeaderElection(134)) - b3c31e40-917a-4b74-a0a8-7a4161fe45b4: shutdown LeaderElection
2019-07-29 13:52:55,467 INFO  impl.RaftServerImpl (RaftServerImpl.java:setRole(171)) - b3c31e40-917a-4b74-a0a8-7a4161fe45b4:group-FAF7E40B1B28 changes role from CANDIDATE to LEADER at term 1 for changeToLeader
2019-07-29 13:52:55,467 INFO  impl.RaftServerImpl (ServerState.java:setLeader(263)) - b3c31e40-917a-4b74-a0a8-7a4161fe45b4:group-FAF7E40B1B28 change Leader from null to b3c31e40-917a-4b74-a0a8-7a4161fe45b4 at term 1 for becomeLeader, leader elected after 5207ms
2019-07-29 13:52:55,470 INFO  server.RaftServerConfigKeys (ConfUtils.java:logGet(43)) - raft.server.staging.catchup.gap = 1000 (default)
2019-07-29 13:52:55,470 INFO  server.RaftServerConfigKeys (ConfUtils.java:logGet(43)) - raft.server.rpc.sleep.time = 25ms (default)
2019-07-29 13:52:55,470 INFO  server.RaftServerConfigKeys (ConfUtils.java:logGet(43)) - raft.server.write.element-limit = 4096 (default)
2019-07-29 13:52:55,470 INFO  server.RaftServerConfigKeys (ConfUtils.java:logGet(43)) - raft.server.watch.timeout = 10s (default)
2019-07-29 13:52:55,470 INFO  server.RaftServerConfigKeys (ConfUtils.java:logGet(43)) - raft.server.watch.timeout.denomination = 1s (default)
2019-07-29 13:52:55,471 INFO  server.RaftServerConfigKeys (ConfUtils.java:logGet(43)) - raft.server.watch.element-limit = 65536 (default)
2019-07-29 13:52:55,471 INFO  impl.RoleInfo (RoleInfo.java:updateAndGet(143)) - b3c31e40-917a-4b74-a0a8-7a4161fe45b4: start LeaderState
2019-07-29 13:52:55,471 INFO  segmented.SegmentedRaftLogWorker (SegmentedRaftLogWorker.java:startLogSegment(380)) - b3c31e40-917a-4b74-a0a8-7a4161fe45b4-SegmentedRaftLogWorker:Storage Directory /workdir/hadoop-ozone/integration-test/target/test-dir/MiniOzoneClusterImpl-6ade616d-020a-473f-93c9-17f0e6d7ea06/datanode-1/data/ratis/2a9dd7b4-438b-4733-bed1-faf7e40b1b28: Starting segment from index:0
2019-07-29 13:52:55,472 INFO  impl.RaftServerImpl (ServerState.java:setRaftConf(361)) - b3c31e40-917a-4b74-a0a8-7a4161fe45b4:group-FAF7E40B1B28 set configuration 0: [b3c31e40-917a-4b74-a0a8-7a4161fe45b4:192.168.157.251:41259], old=null at 0
2019-07-29 13:52:55,505 INFO  segmented.SegmentedRaftLogWorker (SegmentedRaftLogWorker.java:execute(569)) - b3c31e40-917a-4b74-a0a8-7a4161fe45b4-SegmentedRaftLogWorker:Storage Directory /workdir/hadoop-ozone/integration-test/target/test-dir/MiniOzoneClusterImpl-6ade616d-020a-473f-93c9-17f0e6d7ea06/datanode-1/data/ratis/2a9dd7b4-438b-4733-bed1-faf7e40b1b28: created new log segment /workdir/hadoop-ozone/integration-test/target/test-dir/MiniOzoneClusterImpl-6ade616d-020a-473f-93c9-17f0e6d7ea06/datanode-1/data/ratis/2a9dd7b4-438b-4733-bed1-faf7e40b1b28/current/log_inprogress_0
2019-07-29 13:52:55,535 INFO  impl.FollowerState (FollowerState.java:run(106)) - 8710fe0b-d266-482d-b96a-6437c6dd54aa:group-E77A3FB57482 changes to CANDIDATE, lastRpcTime:5083, electionTimeout:5083ms
2019-07-29 13:52:55,535 INFO  impl.RoleInfo (RoleInfo.java:shutdownFollowerState(121)) - 8710fe0b-d266-482d-b96a-6437c6dd54aa: shutdown FollowerState
2019-07-29 13:52:55,535 INFO  impl.RaftServerImpl (RaftServerImpl.java:setRole(171)) - 8710fe0b-d266-482d-b96a-6437c6dd54aa:group-E77A3FB57482 changes role from FOLLOWER to CANDIDATE at term 0 for changeToCandidate
2019-07-29 13:52:55,535 INFO  impl.RoleInfo (RoleInfo.java:updateAndGet(143)) - 8710fe0b-d266-482d-b96a-6437c6dd54aa: start LeaderElection
2019-07-29 13:52:55,556 INFO  impl.LeaderElection (LeaderElection.java:askForVotes(181)) - 8710fe0b-d266-482d-b96a-6437c6dd54aa:group-E77A3FB57482:LeaderElection10: begin an election at term 1 for -1: [8710fe0b-d266-482d-b96a-6437c6dd54aa:192.168.157.251:39419], old=null
2019-07-29 13:52:55,558 INFO  impl.RoleInfo (RoleInfo.java:shutdownLeaderElection(134)) - 8710fe0b-d266-482d-b96a-6437c6dd54aa: shutdown LeaderElection
2019-07-29 13:52:55,559 INFO  impl.RaftServerImpl (RaftServerImpl.java:setRole(171)) - 8710fe0b-d266-482d-b96a-6437c6dd54aa:group-E77A3FB57482 changes role from CANDIDATE to LEADER at term 1 for changeToLeader
2019-07-29 13:52:55,559 INFO  impl.RaftServerImpl (ServerState.java:setLeader(263)) - 8710fe0b-d266-482d-b96a-6437c6dd54aa:group-E77A3FB57482 change Leader from null to 8710fe0b-d266-482d-b96a-6437c6dd54aa at term 1 for becomeLeader, leader elected after 5113ms
2019-07-29 13:52:55,561 INFO  server.RaftServerConfigKeys (ConfUtils.java:logGet(43)) - raft.server.staging.catchup.gap = 1000 (default)
2019-07-29 13:52:55,561 INFO  server.RaftServerConfigKeys (ConfUtils.java:logGet(43)) - raft.server.rpc.sleep.time = 25ms (default)
2019-07-29 13:52:55,562 INFO  server.RaftServerConfigKeys (ConfUtils.java:logGet(43)) - raft.server.write.element-limit = 4096 (default)
2019-07-29 13:52:55,562 INFO  server.RaftServerConfigKeys (ConfUtils.java:logGet(43)) - raft.server.watch.timeout = 10s (default)
2019-07-29 13:52:55,562 INFO  server.RaftServerConfigKeys (ConfUtils.java:logGet(43)) - raft.server.watch.timeout.denomination = 1s (default)
2019-07-29 13:52:55,562 INFO  server.RaftServerConfigKeys (ConfUtils.java:logGet(43)) - raft.server.watch.element-limit = 65536 (default)
2019-07-29 13:52:55,562 INFO  impl.RoleInfo (RoleInfo.java:updateAndGet(143)) - 8710fe0b-d266-482d-b96a-6437c6dd54aa: start LeaderState
2019-07-29 13:52:55,563 INFO  segmented.SegmentedRaftLogWorker (SegmentedRaftLogWorker.java:startLogSegment(380)) - 8710fe0b-d266-482d-b96a-6437c6dd54aa-SegmentedRaftLogWorker:Storage Directory /workdir/hadoop-ozone/integration-test/target/test-dir/MiniOzoneClusterImpl-6ade616d-020a-473f-93c9-17f0e6d7ea06/datanode-2/data/ratis/418f6752-eb5f-46b5-b42b-e77a3fb57482: Starting segment from index:0
2019-07-29 13:52:55,563 INFO  impl.RaftServerImpl (ServerState.java:setRaftConf(361)) - 8710fe0b-d266-482d-b96a-6437c6dd54aa:group-E77A3FB57482 set configuration 0: [8710fe0b-d266-482d-b96a-6437c6dd54aa:192.168.157.251:39419], old=null at 0
2019-07-29 13:52:55,609 INFO  segmented.SegmentedRaftLogWorker (SegmentedRaftLogWorker.java:execute(569)) - 8710fe0b-d266-482d-b96a-6437c6dd54aa-SegmentedRaftLogWorker:Storage Directory /workdir/hadoop-ozone/integration-test/target/test-dir/MiniOzoneClusterImpl-6ade616d-020a-473f-93c9-17f0e6d7ea06/datanode-2/data/ratis/418f6752-eb5f-46b5-b42b-e77a3fb57482: created new log segment /workdir/hadoop-ozone/integration-test/target/test-dir/MiniOzoneClusterImpl-6ade616d-020a-473f-93c9-17f0e6d7ea06/datanode-2/data/ratis/418f6752-eb5f-46b5-b42b-e77a3fb57482/current/log_inprogress_0
2019-07-29 13:52:55,691 INFO  impl.FollowerState (FollowerState.java:run(106)) - 90a3a883-6e0f-47f9-ba6d-b3d5f7a44005:group-2909FC02A7C9 changes to CANDIDATE, lastRpcTime:5076, electionTimeout:5076ms
2019-07-29 13:52:55,692 INFO  impl.RoleInfo (RoleInfo.java:shutdownFollowerState(121)) - 90a3a883-6e0f-47f9-ba6d-b3d5f7a44005: shutdown FollowerState
2019-07-29 13:52:55,692 INFO  impl.RaftServerImpl (RaftServerImpl.java:setRole(171)) - 90a3a883-6e0f-47f9-ba6d-b3d5f7a44005:group-2909FC02A7C9 changes role from FOLLOWER to CANDIDATE at term 0 for changeToCandidate
2019-07-29 13:52:55,692 INFO  impl.RoleInfo (RoleInfo.java:updateAndGet(143)) - 90a3a883-6e0f-47f9-ba6d-b3d5f7a44005: start LeaderElection
2019-07-29 13:52:55,713 INFO  impl.LeaderElection (LeaderElection.java:askForVotes(181)) - 90a3a883-6e0f-47f9-ba6d-b3d5f7a44005:group-2909FC02A7C9:LeaderElection11: begin an election at term 1 for -1: [90a3a883-6e0f-47f9-ba6d-b3d5f7a44005:192.168.157.251:32946, b3c31e40-917a-4b74-a0a8-7a4161fe45b4:192.168.157.251:41259, 8710fe0b-d266-482d-b96a-6437c6dd54aa:192.168.157.251:39419], old=null
2019-07-29 13:52:55,717 INFO  impl.FollowerState (FollowerState.java:run(106)) - b3c31e40-917a-4b74-a0a8-7a4161fe45b4:group-2909FC02A7C9 changes to CANDIDATE, lastRpcTime:5102, electionTimeout:5102ms
2019-07-29 13:52:55,717 INFO  impl.RoleInfo (RoleInfo.java:shutdownFollowerState(121)) - b3c31e40-917a-4b74-a0a8-7a4161fe45b4: shutdown FollowerState
2019-07-29 13:52:55,717 INFO  impl.RaftServerImpl (RaftServerImpl.java:setRole(171)) - b3c31e40-917a-4b74-a0a8-7a4161fe45b4:group-2909FC02A7C9 changes role from FOLLOWER to CANDIDATE at term 0 for changeToCandidate
2019-07-29 13:52:55,717 INFO  impl.RoleInfo (RoleInfo.java:updateAndGet(143)) - b3c31e40-917a-4b74-a0a8-7a4161fe45b4: start LeaderElection
2019-07-29 13:52:55,730 INFO  impl.FollowerState (FollowerState.java:run(106)) - 8710fe0b-d266-482d-b96a-6437c6dd54aa:group-2909FC02A7C9 changes to CANDIDATE, lastRpcTime:5127, electionTimeout:5127ms
2019-07-29 13:52:55,730 INFO  impl.RoleInfo (RoleInfo.java:shutdownFollowerState(121)) - 8710fe0b-d266-482d-b96a-6437c6dd54aa: shutdown FollowerState
2019-07-29 13:52:55,730 INFO  impl.RaftServerImpl (RaftServerImpl.java:setRole(171)) - 8710fe0b-d266-482d-b96a-6437c6dd54aa:group-2909FC02A7C9 changes role from FOLLOWER to CANDIDATE at term 0 for changeToCandidate
2019-07-29 13:52:55,730 INFO  impl.RoleInfo (RoleInfo.java:updateAndGet(143)) - 8710fe0b-d266-482d-b96a-6437c6dd54aa: start LeaderElection
2019-07-29 13:52:55,748 INFO  impl.LeaderElection (LeaderElection.java:askForVotes(181)) - b3c31e40-917a-4b74-a0a8-7a4161fe45b4:group-2909FC02A7C9:LeaderElection12: begin an election at term 1 for -1: [90a3a883-6e0f-47f9-ba6d-b3d5f7a44005:192.168.157.251:32946, b3c31e40-917a-4b74-a0a8-7a4161fe45b4:192.168.157.251:41259, 8710fe0b-d266-482d-b96a-6437c6dd54aa:192.168.157.251:39419], old=null
2019-07-29 13:52:55,751 INFO  impl.LeaderElection (LeaderElection.java:askForVotes(181)) - 8710fe0b-d266-482d-b96a-6437c6dd54aa:group-2909FC02A7C9:LeaderElection13: begin an election at term 1 for -1: [90a3a883-6e0f-47f9-ba6d-b3d5f7a44005:192.168.157.251:32946, b3c31e40-917a-4b74-a0a8-7a4161fe45b4:192.168.157.251:41259, 8710fe0b-d266-482d-b96a-6437c6dd54aa:192.168.157.251:39419], old=null
2019-07-29 13:52:55,851 INFO  impl.LeaderElection (LeaderElection.java:logAndReturn(56)) - 90a3a883-6e0f-47f9-ba6d-b3d5f7a44005:group-2909FC02A7C9:LeaderElection11: Election REJECTED; received 2 response(s) [90a3a883-6e0f-47f9-ba6d-b3d5f7a44005<-b3c31e40-917a-4b74-a0a8-7a4161fe45b4#0:FAIL-t1, 90a3a883-6e0f-47f9-ba6d-b3d5f7a44005<-8710fe0b-d266-482d-b96a-6437c6dd54aa#0:FAIL-t1] and 0 exception(s); 90a3a883-6e0f-47f9-ba6d-b3d5f7a44005:t1, leader=null, voted=90a3a883-6e0f-47f9-ba6d-b3d5f7a44005, raftlog=90a3a883-6e0f-47f9-ba6d-b3d5f7a44005-SegmentedRaftLog:OPENED:c-1,f-1,i0, conf=-1: [90a3a883-6e0f-47f9-ba6d-b3d5f7a44005:192.168.157.251:32946, b3c31e40-917a-4b74-a0a8-7a4161fe45b4:192.168.157.251:41259, 8710fe0b-d266-482d-b96a-6437c6dd54aa:192.168.157.251:39419], old=null
2019-07-29 13:52:55,851 INFO  impl.LeaderElection (LeaderElection.java:logAndReturn(56)) - 8710fe0b-d266-482d-b96a-6437c6dd54aa:group-2909FC02A7C9:LeaderElection13: Election REJECTED; received 2 response(s) [8710fe0b-d266-482d-b96a-6437c6dd54aa<-90a3a883-6e0f-47f9-ba6d-b3d5f7a44005#0:FAIL-t1, 8710fe0b-d266-482d-b96a-6437c6dd54aa<-b3c31e40-917a-4b74-a0a8-7a4161fe45b4#0:FAIL-t1] and 0 exception(s); 8710fe0b-d266-482d-b96a-6437c6dd54aa:t1, leader=null, voted=8710fe0b-d266-482d-b96a-6437c6dd54aa, raftlog=8710fe0b-d266-482d-b96a-6437c6dd54aa-SegmentedRaftLog:OPENED:c-1,f-1,i0, conf=-1: [90a3a883-6e0f-47f9-ba6d-b3d5f7a44005:192.168.157.251:32946, b3c31e40-917a-4b74-a0a8-7a4161fe45b4:192.168.157.251:41259, 8710fe0b-d266-482d-b96a-6437c6dd54aa:192.168.157.251:39419], old=null
2019-07-29 13:52:55,851 INFO  impl.LeaderElection (LeaderElection.java:logAndReturn(56)) - b3c31e40-917a-4b74-a0a8-7a4161fe45b4:group-2909FC02A7C9:LeaderElection12: Election REJECTED; received 2 response(s) [b3c31e40-917a-4b74-a0a8-7a4161fe45b4<-90a3a883-6e0f-47f9-ba6d-b3d5f7a44005#0:FAIL-t1, b3c31e40-917a-4b74-a0a8-7a4161fe45b4<-8710fe0b-d266-482d-b96a-6437c6dd54aa#0:FAIL-t1] and 0 exception(s); b3c31e40-917a-4b74-a0a8-7a4161fe45b4:t1, leader=null, voted=b3c31e40-917a-4b74-a0a8-7a4161fe45b4, raftlog=b3c31e40-917a-4b74-a0a8-7a4161fe45b4-SegmentedRaftLog:OPENED:c-1,f-1,i0, conf=-1: [90a3a883-6e0f-47f9-ba6d-b3d5f7a44005:192.168.157.251:32946, b3c31e40-917a-4b74-a0a8-7a4161fe45b4:192.168.157.251:41259, 8710fe0b-d266-482d-b96a-6437c6dd54aa:192.168.157.251:39419], old=null
2019-07-29 13:52:55,858 INFO  impl.RaftServerImpl (RaftServerImpl.java:setRole(171)) - b3c31e40-917a-4b74-a0a8-7a4161fe45b4:group-2909FC02A7C9 changes role from CANDIDATE to FOLLOWER at term 1 for DISCOVERED_A_NEW_TERM
2019-07-29 13:52:55,858 INFO  impl.RaftServerImpl (RaftServerImpl.java:setRole(171)) - 90a3a883-6e0f-47f9-ba6d-b3d5f7a44005:group-2909FC02A7C9 changes role from CANDIDATE to FOLLOWER at term 1 for DISCOVERED_A_NEW_TERM
2019-07-29 13:52:55,864 INFO  impl.RoleInfo (RoleInfo.java:shutdownLeaderElection(134)) - b3c31e40-917a-4b74-a0a8-7a4161fe45b4: shutdown LeaderElection
2019-07-29 13:52:55,866 INFO  impl.RaftServerImpl (RaftServerImpl.java:setRole(171)) - 8710fe0b-d266-482d-b96a-6437c6dd54aa:group-2909FC02A7C9 changes role from CANDIDATE to FOLLOWER at term 1 for DISCOVERED_A_NEW_TERM
2019-07-29 13:52:55,866 INFO  impl.RoleInfo (RoleInfo.java:shutdownLeaderElection(134)) - 90a3a883-6e0f-47f9-ba6d-b3d5f7a44005: shutdown LeaderElection
2019-07-29 13:52:55,866 INFO  impl.RoleInfo (RoleInfo.java:shutdownLeaderElection(134)) - 8710fe0b-d266-482d-b96a-6437c6dd54aa: shutdown LeaderElection
2019-07-29 13:52:55,866 INFO  impl.RoleInfo (RoleInfo.java:updateAndGet(143)) - b3c31e40-917a-4b74-a0a8-7a4161fe45b4: start FollowerState
2019-07-29 13:52:55,866 INFO  impl.RoleInfo (RoleInfo.java:updateAndGet(143)) - 8710fe0b-d266-482d-b96a-6437c6dd54aa: start FollowerState
2019-07-29 13:52:55,866 INFO  impl.RoleInfo (RoleInfo.java:updateAndGet(143)) - 90a3a883-6e0f-47f9-ba6d-b3d5f7a44005: start FollowerState
2019-07-29 13:53:00,921 INFO  impl.FollowerState (FollowerState.java:run(106)) - b3c31e40-917a-4b74-a0a8-7a4161fe45b4:group-2909FC02A7C9 changes to CANDIDATE, lastRpcTime:5054, electionTimeout:5054ms
2019-07-29 13:53:00,921 INFO  impl.RoleInfo (RoleInfo.java:shutdownFollowerState(121)) - b3c31e40-917a-4b74-a0a8-7a4161fe45b4: shutdown FollowerState
2019-07-29 13:53:00,921 INFO  impl.RaftServerImpl (RaftServerImpl.java:setRole(171)) - b3c31e40-917a-4b74-a0a8-7a4161fe45b4:group-2909FC02A7C9 changes role from FOLLOWER to CANDIDATE at term 1 for changeToCandidate
2019-07-29 13:53:00,921 INFO  impl.RoleInfo (RoleInfo.java:updateAndGet(143)) - b3c31e40-917a-4b74-a0a8-7a4161fe45b4: start LeaderElection
2019-07-29 13:53:00,938 INFO  impl.LeaderElection (LeaderElection.java:askForVotes(181)) - b3c31e40-917a-4b74-a0a8-7a4161fe45b4:group-2909FC02A7C9:LeaderElection14: begin an election at term 2 for -1: [90a3a883-6e0f-47f9-ba6d-b3d5f7a44005:192.168.157.251:32946, b3c31e40-917a-4b74-a0a8-7a4161fe45b4:192.168.157.251:41259, 8710fe0b-d266-482d-b96a-6437c6dd54aa:192.168.157.251:39419], old=null
2019-07-29 13:53:00,940 INFO  impl.FollowerState (FollowerState.java:run(106)) - 8710fe0b-d266-482d-b96a-6437c6dd54aa:group-2909FC02A7C9 changes to CANDIDATE, lastRpcTime:5073, electionTimeout:5073ms
2019-07-29 13:53:00,940 INFO  impl.RoleInfo (RoleInfo.java:shutdownFollowerState(121)) - 8710fe0b-d266-482d-b96a-6437c6dd54aa: shutdown FollowerState
2019-07-29 13:53:00,940 INFO  impl.RaftServerImpl (RaftServerImpl.java:setRole(171)) - 8710fe0b-d266-482d-b96a-6437c6dd54aa:group-2909FC02A7C9 changes role from FOLLOWER to CANDIDATE at term 1 for changeToCandidate
2019-07-29 13:53:00,940 INFO  impl.RoleInfo (RoleInfo.java:updateAndGet(143)) - 8710fe0b-d266-482d-b96a-6437c6dd54aa: start LeaderElection
2019-07-29 13:53:00,947 INFO  impl.RaftServerImpl (RaftServerImpl.java:setRole(171)) - 90a3a883-6e0f-47f9-ba6d-b3d5f7a44005:group-2909FC02A7C9 changes role from FOLLOWER to FOLLOWER at term 2 for recognizeCandidate:b3c31e40-917a-4b74-a0a8-7a4161fe45b4
2019-07-29 13:53:00,948 INFO  impl.RoleInfo (RoleInfo.java:shutdownFollowerState(121)) - 90a3a883-6e0f-47f9-ba6d-b3d5f7a44005: shutdown FollowerState
2019-07-29 13:53:00,948 INFO  impl.RoleInfo (RoleInfo.java:updateAndGet(143)) - 90a3a883-6e0f-47f9-ba6d-b3d5f7a44005: start FollowerState
2019-07-29 13:53:00,948 INFO  impl.FollowerState (FollowerState.java:run(114)) - 90a3a883-6e0f-47f9-ba6d-b3d5f7a44005: FollowerState was interrupted: java.lang.InterruptedException: sleep interrupted
2019-07-29 13:53:00,969 INFO  impl.LeaderElection (LeaderElection.java:askForVotes(181)) - 8710fe0b-d266-482d-b96a-6437c6dd54aa:group-2909FC02A7C9:LeaderElection15: begin an election at term 2 for -1: [90a3a883-6e0f-47f9-ba6d-b3d5f7a44005:192.168.157.251:32946, b3c31e40-917a-4b74-a0a8-7a4161fe45b4:192.168.157.251:41259, 8710fe0b-d266-482d-b96a-6437c6dd54aa:192.168.157.251:39419], old=null
2019-07-29 13:53:00,971 INFO  impl.LeaderElection (LeaderElection.java:logAndReturn(56)) - b3c31e40-917a-4b74-a0a8-7a4161fe45b4:group-2909FC02A7C9:LeaderElection14: Election PASSED; received 1 response(s) [b3c31e40-917a-4b74-a0a8-7a4161fe45b4<-90a3a883-6e0f-47f9-ba6d-b3d5f7a44005#0:OK-t2] and 0 exception(s); b3c31e40-917a-4b74-a0a8-7a4161fe45b4:t2, leader=null, voted=b3c31e40-917a-4b74-a0a8-7a4161fe45b4, raftlog=b3c31e40-917a-4b74-a0a8-7a4161fe45b4-SegmentedRaftLog:OPENED:c-1,f-1,i0, conf=-1: [90a3a883-6e0f-47f9-ba6d-b3d5f7a44005:192.168.157.251:32946, b3c31e40-917a-4b74-a0a8-7a4161fe45b4:192.168.157.251:41259, 8710fe0b-d266-482d-b96a-6437c6dd54aa:192.168.157.251:39419], old=null
2019-07-29 13:53:00,971 INFO  impl.RoleInfo (RoleInfo.java:shutdownLeaderElection(134)) - b3c31e40-917a-4b74-a0a8-7a4161fe45b4: shutdown LeaderElection
2019-07-29 13:53:00,973 INFO  impl.RaftServerImpl (RaftServerImpl.java:setRole(171)) - b3c31e40-917a-4b74-a0a8-7a4161fe45b4:group-2909FC02A7C9 changes role from CANDIDATE to LEADER at term 2 for changeToLeader
2019-07-29 13:53:00,974 INFO  impl.RaftServerImpl (ServerState.java:setLeader(263)) - b3c31e40-917a-4b74-a0a8-7a4161fe45b4:group-2909FC02A7C9 change Leader from null to b3c31e40-917a-4b74-a0a8-7a4161fe45b4 at term 2 for becomeLeader, leader elected after 10397ms
2019-07-29 13:53:00,974 INFO  server.RaftServerConfigKeys (ConfUtils.java:logGet(43)) - raft.server.staging.catchup.gap = 1000 (default)
2019-07-29 13:53:00,976 INFO  server.RaftServerConfigKeys (ConfUtils.java:logGet(43)) - raft.server.rpc.sleep.time = 25ms (default)
2019-07-29 13:53:00,977 INFO  server.RaftServerConfigKeys (ConfUtils.java:logGet(43)) - raft.server.write.element-limit = 4096 (default)
2019-07-29 13:53:00,977 INFO  server.RaftServerConfigKeys (ConfUtils.java:logGet(43)) - raft.server.watch.timeout = 10s (default)
2019-07-29 13:53:00,980 INFO  server.RaftServerConfigKeys (ConfUtils.java:logGet(43)) - raft.server.watch.timeout.denomination = 1s (default)
2019-07-29 13:53:00,980 INFO  server.RaftServerConfigKeys (ConfUtils.java:logGet(43)) - raft.server.watch.element-limit = 65536 (default)
2019-07-29 13:53:00,983 INFO  server.RaftServerConfigKeys (ConfUtils.java:logGet(43)) - raft.server.log.appender.snapshot.chunk.size.max = 16MB (=16777216) (default)
2019-07-29 13:53:00,983 INFO  server.RaftServerConfigKeys (ConfUtils.java:logGet(43)) - raft.server.log.appender.buffer.byte-limit = 33554432 (custom)
2019-07-29 13:53:00,984 INFO  server.RaftServerConfigKeys (ConfUtils.java:logGet(43)) - raft.server.log.appender.buffer.element-limit = 1 (custom)
2019-07-29 13:53:00,987 INFO  grpc.GrpcConfigKeys$Server (ConfUtils.java:logGet(43)) - raft.grpc.server.leader.outstanding.appends.max = 128 (default)
2019-07-29 13:53:00,987 INFO  server.RaftServerConfigKeys (ConfUtils.java:logGet(43)) - raft.server.rpc.request.timeout = 3000ms (default)
2019-07-29 13:53:00,987 INFO  server.RaftServerConfigKeys (ConfUtils.java:logGet(43)) - raft.server.log.appender.install.snapshot.enabled = false (custom)
2019-07-29 13:53:00,988 INFO  server.RaftServerConfigKeys (ConfUtils.java:logGet(43)) - raft.server.log.appender.snapshot.chunk.size.max = 16MB (=16777216) (default)
2019-07-29 13:53:00,988 INFO  server.RaftServerConfigKeys (ConfUtils.java:logGet(43)) - raft.server.log.appender.buffer.byte-limit = 33554432 (custom)
2019-07-29 13:53:00,988 INFO  server.RaftServerConfigKeys (ConfUtils.java:logGet(43)) - raft.server.log.appender.buffer.element-limit = 1 (custom)
2019-07-29 13:53:00,988 INFO  grpc.GrpcConfigKeys$Server (ConfUtils.java:logGet(43)) - raft.grpc.server.leader.outstanding.appends.max = 128 (default)
2019-07-29 13:53:00,988 INFO  server.RaftServerConfigKeys (ConfUtils.java:logGet(43)) - raft.server.rpc.request.timeout = 3000ms (default)
2019-07-29 13:53:00,989 INFO  server.RaftServerConfigKeys (ConfUtils.java:logGet(43)) - raft.server.log.appender.install.snapshot.enabled = false (custom)
2019-07-29 13:53:00,992 INFO  impl.RoleInfo (RoleInfo.java:updateAndGet(143)) - b3c31e40-917a-4b74-a0a8-7a4161fe45b4: start LeaderState
2019-07-29 13:53:00,993 INFO  segmented.SegmentedRaftLogWorker (SegmentedRaftLogWorker.java:startLogSegment(380)) - b3c31e40-917a-4b74-a0a8-7a4161fe45b4-SegmentedRaftLogWorker:Storage Directory /workdir/hadoop-ozone/integration-test/target/test-dir/MiniOzoneClusterImpl-6ade616d-020a-473f-93c9-17f0e6d7ea06/datanode-1/data/ratis/75d58d51-1e1a-410b-bf2e-2909fc02a7c9: Starting segment from index:0
2019-07-29 13:53:00,994 INFO  impl.RaftServerImpl (ServerState.java:setRaftConf(361)) - b3c31e40-917a-4b74-a0a8-7a4161fe45b4:group-2909FC02A7C9 set configuration 0: [90a3a883-6e0f-47f9-ba6d-b3d5f7a44005:192.168.157.251:32946, b3c31e40-917a-4b74-a0a8-7a4161fe45b4:192.168.157.251:41259, 8710fe0b-d266-482d-b96a-6437c6dd54aa:192.168.157.251:39419], old=null at 0
2019-07-29 13:53:01,016 INFO  impl.RaftServerImpl (RaftServerImpl.java:requestVote(754)) - b3c31e40-917a-4b74-a0a8-7a4161fe45b4-LEADER: Withhold vote from candidate 8710fe0b-d266-482d-b96a-6437c6dd54aa with term 2. State: leader=b3c31e40-917a-4b74-a0a8-7a4161fe45b4, term=2, lastRpcElapsed=null
2019-07-29 13:53:01,020 INFO  impl.LeaderElection (LeaderElection.java:logAndReturn(56)) - 8710fe0b-d266-482d-b96a-6437c6dd54aa:group-2909FC02A7C9:LeaderElection15: Election REJECTED; received 2 response(s) [8710fe0b-d266-482d-b96a-6437c6dd54aa<-90a3a883-6e0f-47f9-ba6d-b3d5f7a44005#0:FAIL-t2, 8710fe0b-d266-482d-b96a-6437c6dd54aa<-b3c31e40-917a-4b74-a0a8-7a4161fe45b4#0:FAIL-t2] and 0 exception(s); 8710fe0b-d266-482d-b96a-6437c6dd54aa:t2, leader=null, voted=8710fe0b-d266-482d-b96a-6437c6dd54aa, raftlog=8710fe0b-d266-482d-b96a-6437c6dd54aa-SegmentedRaftLog:OPENED:c-1,f-1,i0, conf=-1: [90a3a883-6e0f-47f9-ba6d-b3d5f7a44005:192.168.157.251:32946, b3c31e40-917a-4b74-a0a8-7a4161fe45b4:192.168.157.251:41259, 8710fe0b-d266-482d-b96a-6437c6dd54aa:192.168.157.251:39419], old=null
2019-07-29 13:53:01,020 INFO  impl.RaftServerImpl (RaftServerImpl.java:setRole(171)) - 8710fe0b-d266-482d-b96a-6437c6dd54aa:group-2909FC02A7C9 changes role from CANDIDATE to FOLLOWER at term 2 for DISCOVERED_A_NEW_TERM
2019-07-29 13:53:01,023 INFO  impl.RoleInfo (RoleInfo.java:shutdownLeaderElection(134)) - 8710fe0b-d266-482d-b96a-6437c6dd54aa: shutdown LeaderElection
2019-07-29 13:53:01,023 INFO  impl.RoleInfo (RoleInfo.java:updateAndGet(143)) - 8710fe0b-d266-482d-b96a-6437c6dd54aa: start FollowerState
2019-07-29 13:53:01,037 INFO  segmented.SegmentedRaftLogWorker (SegmentedRaftLogWorker.java:execute(569)) - b3c31e40-917a-4b74-a0a8-7a4161fe45b4-SegmentedRaftLogWorker:Storage Directory /workdir/hadoop-ozone/integration-test/target/test-dir/MiniOzoneClusterImpl-6ade616d-020a-473f-93c9-17f0e6d7ea06/datanode-1/data/ratis/75d58d51-1e1a-410b-bf2e-2909fc02a7c9: created new log segment /workdir/hadoop-ozone/integration-test/target/test-dir/MiniOzoneClusterImpl-6ade616d-020a-473f-93c9-17f0e6d7ea06/datanode-1/data/ratis/75d58d51-1e1a-410b-bf2e-2909fc02a7c9/current/log_inprogress_0
2019-07-29 13:53:01,052 INFO  impl.RaftServerImpl (ServerState.java:setLeader(263)) - 8710fe0b-d266-482d-b96a-6437c6dd54aa:group-2909FC02A7C9 change Leader from null to b3c31e40-917a-4b74-a0a8-7a4161fe45b4 at term 2 for appendEntries, leader elected after 10475ms
2019-07-29 13:53:01,052 INFO  impl.RaftServerImpl (ServerState.java:setLeader(263)) - 90a3a883-6e0f-47f9-ba6d-b3d5f7a44005:group-2909FC02A7C9 change Leader from null to b3c31e40-917a-4b74-a0a8-7a4161fe45b4 at term 2 for appendEntries, leader elected after 10475ms
2019-07-29 13:53:01,096 INFO  impl.RaftServerImpl (ServerState.java:setRaftConf(361)) - 8710fe0b-d266-482d-b96a-6437c6dd54aa:group-2909FC02A7C9 set configuration 0: [90a3a883-6e0f-47f9-ba6d-b3d5f7a44005:192.168.157.251:32946, b3c31e40-917a-4b74-a0a8-7a4161fe45b4:192.168.157.251:41259, 8710fe0b-d266-482d-b96a-6437c6dd54aa:192.168.157.251:39419], old=null at 0
2019-07-29 13:53:01,096 INFO  impl.RaftServerImpl (ServerState.java:setRaftConf(361)) - 90a3a883-6e0f-47f9-ba6d-b3d5f7a44005:group-2909FC02A7C9 set configuration 0: [90a3a883-6e0f-47f9-ba6d-b3d5f7a44005:192.168.157.251:32946, b3c31e40-917a-4b74-a0a8-7a4161fe45b4:192.168.157.251:41259, 8710fe0b-d266-482d-b96a-6437c6dd54aa:192.168.157.251:39419], old=null at 0
2019-07-29 13:53:01,097 INFO  segmented.SegmentedRaftLogWorker (SegmentedRaftLogWorker.java:startLogSegment(380)) - 8710fe0b-d266-482d-b96a-6437c6dd54aa-SegmentedRaftLogWorker:Storage Directory /workdir/hadoop-ozone/integration-test/target/test-dir/MiniOzoneClusterImpl-6ade616d-020a-473f-93c9-17f0e6d7ea06/datanode-2/data/ratis/75d58d51-1e1a-410b-bf2e-2909fc02a7c9: Starting segment from index:0
2019-07-29 13:53:01,097 INFO  segmented.SegmentedRaftLogWorker (SegmentedRaftLogWorker.java:startLogSegment(380)) - 90a3a883-6e0f-47f9-ba6d-b3d5f7a44005-SegmentedRaftLogWorker:Storage Directory /workdir/hadoop-ozone/integration-test/target/test-dir/MiniOzoneClusterImpl-6ade616d-020a-473f-93c9-17f0e6d7ea06/datanode-0/data/ratis/75d58d51-1e1a-410b-bf2e-2909fc02a7c9: Starting segment from index:0
2019-07-29 13:53:01,134 INFO  segmented.SegmentedRaftLogWorker (SegmentedRaftLogWorker.java:execute(569)) - 90a3a883-6e0f-47f9-ba6d-b3d5f7a44005-SegmentedRaftLogWorker:Storage Directory /workdir/hadoop-ozone/integration-test/target/test-dir/MiniOzoneClusterImpl-6ade616d-020a-473f-93c9-17f0e6d7ea06/datanode-0/data/ratis/75d58d51-1e1a-410b-bf2e-2909fc02a7c9: created new log segment /workdir/hadoop-ozone/integration-test/target/test-dir/MiniOzoneClusterImpl-6ade616d-020a-473f-93c9-17f0e6d7ea06/datanode-0/data/ratis/75d58d51-1e1a-410b-bf2e-2909fc02a7c9/current/log_inprogress_0
2019-07-29 13:53:01,134 INFO  segmented.SegmentedRaftLogWorker (SegmentedRaftLogWorker.java:execute(569)) - 8710fe0b-d266-482d-b96a-6437c6dd54aa-SegmentedRaftLogWorker:Storage Directory /workdir/hadoop-ozone/integration-test/target/test-dir/MiniOzoneClusterImpl-6ade616d-020a-473f-93c9-17f0e6d7ea06/datanode-2/data/ratis/75d58d51-1e1a-410b-bf2e-2909fc02a7c9: created new log segment /workdir/hadoop-ozone/integration-test/target/test-dir/MiniOzoneClusterImpl-6ade616d-020a-473f-93c9-17f0e6d7ea06/datanode-2/data/ratis/75d58d51-1e1a-410b-bf2e-2909fc02a7c9/current/log_inprogress_0
2019-07-29 13:53:03,379 INFO  ozone.MiniOzoneClusterImpl (MiniOzoneClusterImpl.java:shutdown(321)) - Shutting down the Mini Ozone Cluster
2019-07-29 13:53:03,383 INFO  ozone.MiniOzoneClusterImpl (MiniOzoneClusterImpl.java:stop(336)) - Stopping the Mini Ozone Cluster
2019-07-29 13:53:03,383 INFO  ozone.MiniOzoneClusterImpl (MiniOzoneClusterImpl.java:stop(338)) - Stopping the OzoneManager
2019-07-29 13:53:03,384 INFO  ipc.Server (Server.java:stop(3082)) - Stopping server on 40023
2019-07-29 13:53:03,389 INFO  ipc.Server (Server.java:run(1185)) - Stopping IPC Server listener on 40023
2019-07-29 13:53:03,392 INFO  utils.BackgroundService (BackgroundService.java:shutdown(148)) - Shutting down service KeyDeletingService
2019-07-29 13:53:03,392 INFO  ipc.Server (Server.java:run(1319)) - Stopping IPC Server Responder
2019-07-29 13:53:03,397 INFO  handler.ContextHandler (ContextHandler.java:doStop(910)) - Stopped o.e.j.w.WebAppContext@7e31d2f6{/,null,UNAVAILABLE}{/ozoneManager}
2019-07-29 13:53:03,398 INFO  server.AbstractConnector (AbstractConnector.java:doStop(318)) - Stopped ServerConnector@104f3995{HTTP/1.1,[http/1.1]}{0.0.0.0:0}
2019-07-29 13:53:03,399 INFO  handler.ContextHandler (ContextHandler.java:doStop(910)) - Stopped o.e.j.s.ServletContextHandler@3a400ed1{/static,file:///workdir/hadoop-ozone/integration-test/target/test-classes/webapps/static,UNAVAILABLE}
2019-07-29 13:53:03,399 INFO  handler.ContextHandler (ContextHandler.java:doStop(910)) - Stopped o.e.j.s.ServletContextHandler@5e296d1b{/logs,file:///workdir/hadoop-ozone/integration-test/target/log,UNAVAILABLE}
2019-07-29 13:53:03,402 INFO  ozone.MiniOzoneClusterImpl (MiniOzoneClusterImpl.java:stop(344)) - Shutting the HddsDatanodes
2019-07-29 13:53:03,402 INFO  datanode.ObjectStoreHandler (ObjectStoreHandler.java:close(155)) - Closing ObjectStoreHandler.
2019-07-29 13:53:03,402 INFO  datanode.ObjectStoreHandler (ObjectStoreHandler.java:close(155)) - Closing ObjectStoreHandler.
2019-07-29 13:53:03,403 INFO  ozone.HddsDatanodeService (HddsDatanodeService.java:stop(451)) - Stopped plug-in org.apache.hadoop.ozone.web.OzoneHddsDatanodeService@6ca3b58c
2019-07-29 13:53:03,403 INFO  ozone.HddsDatanodeService (HddsDatanodeService.java:stop(451)) - Stopped plug-in org.apache.hadoop.ozone.web.OzoneHddsDatanodeService@42f2c032
2019-07-29 13:53:04,015 INFO  statemachine.DatanodeStateMachine (DatanodeStateMachine.java:lambda$startDaemon$0(350)) - Ozone container server started.
2019-07-29 13:53:04,204 INFO  statemachine.DatanodeStateMachine (DatanodeStateMachine.java:lambda$startDaemon$0(350)) - Ozone container server started.
2019-07-29 13:53:08,404 INFO  ozoneimpl.OzoneContainer (OzoneContainer.java:stop(199)) - Attempting to stop container services.
2019-07-29 13:53:08,404 INFO  ozoneimpl.OzoneContainer (OzoneContainer.java:stop(199)) - Attempting to stop container services.
2019-07-29 13:53:08,404 INFO  impl.RaftServerProxy (RaftServerProxy.java:lambda$close$4(314)) - b3c31e40-917a-4b74-a0a8-7a4161fe45b4: close
2019-07-29 13:53:08,405 INFO  impl.RaftServerProxy (RaftServerProxy.java:lambda$close$4(314)) - 90a3a883-6e0f-47f9-ba6d-b3d5f7a44005: close
2019-07-29 13:53:08,405 INFO  impl.RaftServerImpl (RaftServerImpl.java:lambda$shutdown$3(245)) - b3c31e40-917a-4b74-a0a8-7a4161fe45b4: shutdown group-FAF7E40B1B28
2019-07-29 13:53:08,405 INFO  impl.RaftServerImpl (RaftServerImpl.java:lambda$shutdown$3(245)) - 90a3a883-6e0f-47f9-ba6d-b3d5f7a44005: shutdown group-3D26EE7A0BFA
2019-07-29 13:53:08,406 INFO  util.JmxRegister (JmxRegister.java:unregister(73)) - Successfully un-registered JMX Bean with object name Ratis:service=RaftServer,group=group-FAF7E40B1B28,id=b3c31e40-917a-4b74-a0a8-7a4161fe45b4
2019-07-29 13:53:08,406 INFO  util.JmxRegister (JmxRegister.java:unregister(73)) - Successfully un-registered JMX Bean with object name Ratis:service=RaftServer,group=group-3D26EE7A0BFA,id=90a3a883-6e0f-47f9-ba6d-b3d5f7a44005
2019-07-29 13:53:08,406 INFO  impl.RoleInfo (RoleInfo.java:shutdownLeaderState(104)) - b3c31e40-917a-4b74-a0a8-7a4161fe45b4: shutdown LeaderState
2019-07-29 13:53:08,406 INFO  impl.RoleInfo (RoleInfo.java:shutdownLeaderState(104)) - 90a3a883-6e0f-47f9-ba6d-b3d5f7a44005: shutdown LeaderState
2019-07-29 13:53:08,407 INFO  impl.PendingRequests (PendingRequests.java:sendNotLeaderResponses(202)) - b3c31e40-917a-4b74-a0a8-7a4161fe45b4-PendingRequests: sendNotLeaderResponses
2019-07-29 13:53:08,407 INFO  impl.PendingRequests (PendingRequests.java:sendNotLeaderResponses(202)) - 90a3a883-6e0f-47f9-ba6d-b3d5f7a44005-PendingRequests: sendNotLeaderResponses
2019-07-29 13:53:08,408 INFO  impl.StateMachineUpdater (StateMachineUpdater.java:stopAndJoin(115)) - StateMachineUpdater:b3c31e40-917a-4b74-a0a8-7a4161fe45b4:group-FAF7E40B1B28: set stopIndex = 0
2019-07-29 13:53:08,408 INFO  impl.StateMachineUpdater (StateMachineUpdater.java:stopAndJoin(115)) - StateMachineUpdater:90a3a883-6e0f-47f9-ba6d-b3d5f7a44005:group-3D26EE7A0BFA: set stopIndex = 0
2019-07-29 13:53:08,408 INFO  impl.RaftServerImpl (ServerState.java:close(394)) - b3c31e40-917a-4b74-a0a8-7a4161fe45b4:group-FAF7E40B1B28 closes. The last applied log index is 0
2019-07-29 13:53:08,409 INFO  impl.RaftServerImpl (ServerState.java:close(394)) - 90a3a883-6e0f-47f9-ba6d-b3d5f7a44005:group-3D26EE7A0BFA closes. The last applied log index is 0
2019-07-29 13:53:08,409 INFO  segmented.SegmentedRaftLogWorker (SegmentedRaftLogWorker.java:run(313)) - b3c31e40-917a-4b74-a0a8-7a4161fe45b4-SegmentedRaftLogWorker:Storage Directory /workdir/hadoop-ozone/integration-test/target/test-dir/MiniOzoneClusterImpl-6ade616d-020a-473f-93c9-17f0e6d7ea06/datanode-1/data/ratis/2a9dd7b4-438b-4733-bed1-faf7e40b1b28 was interrupted, exiting. There are 0 tasks remaining in the queue.
2019-07-29 13:53:08,409 INFO  segmented.SegmentedRaftLogWorker (SegmentedRaftLogWorker.java:run(313)) - 90a3a883-6e0f-47f9-ba6d-b3d5f7a44005-SegmentedRaftLogWorker:Storage Directory /workdir/hadoop-ozone/integration-test/target/test-dir/MiniOzoneClusterImpl-6ade616d-020a-473f-93c9-17f0e6d7ea06/datanode-0/data/ratis/e360830b-6e1e-49c5-bb24-3d26ee7a0bfa was interrupted, exiting. There are 0 tasks remaining in the queue.
2019-07-29 13:53:08,413 INFO  segmented.SegmentedRaftLogWorker (SegmentedRaftLogWorker.java:close(228)) - b3c31e40-917a-4b74-a0a8-7a4161fe45b4-SegmentedRaftLogWorker:Storage Directory /workdir/hadoop-ozone/integration-test/target/test-dir/MiniOzoneClusterImpl-6ade616d-020a-473f-93c9-17f0e6d7ea06/datanode-1/data/ratis/2a9dd7b4-438b-4733-bed1-faf7e40b1b28 close()
2019-07-29 13:53:08,415 INFO  segmented.SegmentedRaftLogWorker (SegmentedRaftLogWorker.java:close(228)) - 90a3a883-6e0f-47f9-ba6d-b3d5f7a44005-SegmentedRaftLogWorker:Storage Directory /workdir/hadoop-ozone/integration-test/target/test-dir/MiniOzoneClusterImpl-6ade616d-020a-473f-93c9-17f0e6d7ea06/datanode-0/data/ratis/e360830b-6e1e-49c5-bb24-3d26ee7a0bfa close()
2019-07-29 13:53:08,420 INFO  impl.RaftServerImpl (RaftServerImpl.java:lambda$shutdown$3(245)) - b3c31e40-917a-4b74-a0a8-7a4161fe45b4: shutdown group-2909FC02A7C9
2019-07-29 13:53:08,424 INFO  impl.RaftServerImpl (RaftServerImpl.java:lambda$shutdown$3(245)) - 90a3a883-6e0f-47f9-ba6d-b3d5f7a44005: shutdown group-2909FC02A7C9
2019-07-29 13:53:08,424 INFO  util.JmxRegister (JmxRegister.java:unregister(73)) - Successfully un-registered JMX Bean with object name Ratis:service=RaftServer,group=group-2909FC02A7C9,id=b3c31e40-917a-4b74-a0a8-7a4161fe45b4
2019-07-29 13:53:08,425 INFO  util.JmxRegister (JmxRegister.java:unregister(73)) - Successfully un-registered JMX Bean with object name Ratis:service=RaftServer,group=group-2909FC02A7C9,id=90a3a883-6e0f-47f9-ba6d-b3d5f7a44005
2019-07-29 13:53:08,425 INFO  impl.RoleInfo (RoleInfo.java:shutdownLeaderState(104)) - b3c31e40-917a-4b74-a0a8-7a4161fe45b4: shutdown LeaderState
2019-07-29 13:53:08,425 INFO  impl.RoleInfo (RoleInfo.java:shutdownFollowerState(121)) - 90a3a883-6e0f-47f9-ba6d-b3d5f7a44005: shutdown FollowerState
2019-07-29 13:53:08,430 INFO  impl.PendingRequests (PendingRequests.java:sendNotLeaderResponses(202)) - b3c31e40-917a-4b74-a0a8-7a4161fe45b4-PendingRequests: sendNotLeaderResponses
2019-07-29 13:53:08,432 INFO  impl.FollowerState (FollowerState.java:run(114)) - 90a3a883-6e0f-47f9-ba6d-b3d5f7a44005: FollowerState was interrupted: java.lang.InterruptedException: sleep interrupted
2019-07-29 13:53:08,430 INFO  impl.StateMachineUpdater (StateMachineUpdater.java:stopAndJoin(115)) - StateMachineUpdater:90a3a883-6e0f-47f9-ba6d-b3d5f7a44005:group-2909FC02A7C9: set stopIndex = 0
2019-07-29 13:53:08,430 WARN  server.GrpcLogAppender (GrpcLogAppender.java:mayWait(143)) - GrpcLogAppender(b3c31e40-917a-4b74-a0a8-7a4161fe45b4->8710fe0b-d266-482d-b96a-6437c6dd54aa): Wait interrupted by java.lang.InterruptedException
2019-07-29 13:53:08,430 WARN  server.GrpcLogAppender (GrpcLogAppender.java:mayWait(143)) - GrpcLogAppender(b3c31e40-917a-4b74-a0a8-7a4161fe45b4->90a3a883-6e0f-47f9-ba6d-b3d5f7a44005): Wait interrupted by java.lang.InterruptedException
2019-07-29 13:53:08,435 INFO  impl.RaftServerImpl (ServerState.java:close(394)) - 90a3a883-6e0f-47f9-ba6d-b3d5f7a44005:group-2909FC02A7C9 closes. The last applied log index is 0
2019-07-29 13:53:08,432 INFO  impl.StateMachineUpdater (StateMachineUpdater.java:stopAndJoin(115)) - StateMachineUpdater:b3c31e40-917a-4b74-a0a8-7a4161fe45b4:group-2909FC02A7C9: set stopIndex = 0
2019-07-29 13:53:08,436 INFO  segmented.SegmentedRaftLogWorker (SegmentedRaftLogWorker.java:run(313)) - 90a3a883-6e0f-47f9-ba6d-b3d5f7a44005-SegmentedRaftLogWorker:Storage Directory /workdir/hadoop-ozone/integration-test/target/test-dir/MiniOzoneClusterImpl-6ade616d-020a-473f-93c9-17f0e6d7ea06/datanode-0/data/ratis/75d58d51-1e1a-410b-bf2e-2909fc02a7c9 was interrupted, exiting. There are 0 tasks remaining in the queue.
2019-07-29 13:53:08,438 INFO  impl.RaftServerImpl (ServerState.java:close(394)) - b3c31e40-917a-4b74-a0a8-7a4161fe45b4:group-2909FC02A7C9 closes. The last applied log index is 0
2019-07-29 13:53:08,440 INFO  segmented.SegmentedRaftLogWorker (SegmentedRaftLogWorker.java:close(228)) - 90a3a883-6e0f-47f9-ba6d-b3d5f7a44005-SegmentedRaftLogWorker:Storage Directory /workdir/hadoop-ozone/integration-test/target/test-dir/MiniOzoneClusterImpl-6ade616d-020a-473f-93c9-17f0e6d7ea06/datanode-0/data/ratis/75d58d51-1e1a-410b-bf2e-2909fc02a7c9 close()
2019-07-29 13:53:08,441 INFO  segmented.SegmentedRaftLogWorker (SegmentedRaftLogWorker.java:run(313)) - b3c31e40-917a-4b74-a0a8-7a4161fe45b4-SegmentedRaftLogWorker:Storage Directory /workdir/hadoop-ozone/integration-test/target/test-dir/MiniOzoneClusterImpl-6ade616d-020a-473f-93c9-17f0e6d7ea06/datanode-1/data/ratis/75d58d51-1e1a-410b-bf2e-2909fc02a7c9 was interrupted, exiting. There are 0 tasks remaining in the queue.
2019-07-29 13:53:08,445 INFO  server.GrpcServerProtocolService (GrpcServerProtocolService.java:onCompleted(104)) - 90a3a883-6e0f-47f9-ba6d-b3d5f7a44005: appendEntries completed
2019-07-29 13:53:08,445 INFO  server.GrpcService (GrpcService.java:closeImpl(155)) - 90a3a883-6e0f-47f9-ba6d-b3d5f7a44005: shutdown server with port 32946 now
2019-07-29 13:53:08,449 INFO  segmented.SegmentedRaftLogWorker (SegmentedRaftLogWorker.java:close(228)) - b3c31e40-917a-4b74-a0a8-7a4161fe45b4-SegmentedRaftLogWorker:Storage Directory /workdir/hadoop-ozone/integration-test/target/test-dir/MiniOzoneClusterImpl-6ade616d-020a-473f-93c9-17f0e6d7ea06/datanode-1/data/ratis/75d58d51-1e1a-410b-bf2e-2909fc02a7c9 close()
2019-07-29 13:53:08,445 INFO  server.GrpcServerProtocolService (GrpcServerProtocolService.java:onCompleted(104)) - 8710fe0b-d266-482d-b96a-6437c6dd54aa: appendEntries completed
2019-07-29 13:53:08,458 INFO  server.GrpcService (GrpcService.java:closeImpl(155)) - b3c31e40-917a-4b74-a0a8-7a4161fe45b4: shutdown server with port 41259 now
2019-07-29 13:53:08,460 INFO  server.GrpcLogAppender (GrpcLogAppender.java:onCompleted(292)) - b3c31e40-917a-4b74-a0a8-7a4161fe45b4->90a3a883-6e0f-47f9-ba6d-b3d5f7a44005: follower responses appendEntries COMPLETED
2019-07-29 13:53:08,465 INFO  server.GrpcService (GrpcService.java:closeImpl(163)) - 90a3a883-6e0f-47f9-ba6d-b3d5f7a44005: shutdown server with port 32946 successfully
2019-07-29 13:53:08,465 INFO  impl.FollowerInfo (FollowerInfo.java:lambda$new$0(50)) - b3c31e40-917a-4b74-a0a8-7a4161fe45b4->90a3a883-6e0f-47f9-ba6d-b3d5f7a44005: nextIndex: updateUnconditionally 1 -> 0
2019-07-29 13:53:08,466 INFO  server.GrpcLogAppender (GrpcLogAppender.java:onError(281)) - GrpcLogAppender(b3c31e40-917a-4b74-a0a8-7a4161fe45b4->8710fe0b-d266-482d-b96a-6437c6dd54aa) is stopped
2019-07-29 13:53:08,468 INFO  utils.BackgroundService (BackgroundService.java:shutdown(148)) - Shutting down service BlockDeletingService
2019-07-29 13:53:08,470 WARN  fs.CachingGetSpaceUsed (CachingGetSpaceUsed.java:run(183)) - Thread Interrupted waiting to refresh disk information: sleep interrupted
2019-07-29 13:53:08,470 INFO  server.GrpcService (GrpcService.java:closeImpl(163)) - b3c31e40-917a-4b74-a0a8-7a4161fe45b4: shutdown server with port 41259 successfully
2019-07-29 13:53:08,473 INFO  utils.BackgroundService (BackgroundService.java:shutdown(148)) - Shutting down service BlockDeletingService
2019-07-29 13:53:08,474 WARN  fs.CachingGetSpaceUsed (CachingGetSpaceUsed.java:run(183)) - Thread Interrupted waiting to refresh disk information: sleep interrupted
2019-07-29 13:53:08,495 INFO  statemachine.DatanodeStateMachine (DatanodeStateMachine.java:stopDaemon(395)) - Ozone container server stopped.
2019-07-29 13:53:08,500 INFO  handler.ContextHandler (ContextHandler.java:doStop(910)) - Stopped o.e.j.w.WebAppContext@12398210{/,null,UNAVAILABLE}{/hddsDatanode}
2019-07-29 13:53:08,501 INFO  server.AbstractConnector (AbstractConnector.java:doStop(318)) - Stopped ServerConnector@6b854848{HTTP/1.1,[http/1.1]}{0.0.0.0:0}
2019-07-29 13:53:08,505 INFO  handler.ContextHandler (ContextHandler.java:doStop(910)) - Stopped o.e.j.s.ServletContextHandler@13ca5d1c{/static,jar:file:/home/user/.m2/repository/org/apache/hadoop/hadoop-hdds-container-service/0.4.1-SNAPSHOT/hadoop-hdds-container-service-0.4.1-SNAPSHOT.jar!/webapps/static,UNAVAILABLE}
2019-07-29 13:53:08,511 INFO  statemachine.DatanodeStateMachine (DatanodeStateMachine.java:stopDaemon(395)) - Ozone container server stopped.
2019-07-29 13:53:08,511 INFO  handler.ContextHandler (ContextHandler.java:doStop(910)) - Stopped o.e.j.s.ServletContextHandler@156b45a7{/logs,file:///workdir/hadoop-ozone/integration-test/target/log,UNAVAILABLE}
2019-07-29 13:53:08,512 INFO  handler.ContextHandler (ContextHandler.java:doStop(910)) - Stopped o.e.j.w.WebAppContext@32a65d8c{/,null,UNAVAILABLE}{/hddsDatanode}
2019-07-29 13:53:08,512 INFO  datanode.ObjectStoreHandler (ObjectStoreHandler.java:close(155)) - Closing ObjectStoreHandler.
2019-07-29 13:53:08,513 INFO  server.AbstractConnector (AbstractConnector.java:doStop(318)) - Stopped ServerConnector@7c808612{HTTP/1.1,[http/1.1]}{0.0.0.0:0}
2019-07-29 13:53:08,513 INFO  handler.ContextHandler (ContextHandler.java:doStop(910)) - Stopped o.e.j.s.ServletContextHandler@ac1050d{/static,jar:file:/home/user/.m2/repository/org/apache/hadoop/hadoop-hdds-container-service/0.4.1-SNAPSHOT/hadoop-hdds-container-service-0.4.1-SNAPSHOT.jar!/webapps/static,UNAVAILABLE}
2019-07-29 13:53:08,514 INFO  ozone.HddsDatanodeService (HddsDatanodeService.java:stop(451)) - Stopped plug-in org.apache.hadoop.ozone.web.OzoneHddsDatanodeService@6046d0b1
2019-07-29 13:53:08,514 INFO  handler.ContextHandler (ContextHandler.java:doStop(910)) - Stopped o.e.j.s.ServletContextHandler@6935df48{/logs,file:///workdir/hadoop-ozone/integration-test/target/log,UNAVAILABLE}
2019-07-29 13:53:09,386 INFO  statemachine.DatanodeStateMachine (DatanodeStateMachine.java:lambda$startDaemon$0(350)) - Ozone container server started.
2019-07-29 13:53:13,514 INFO  ozoneimpl.OzoneContainer (OzoneContainer.java:stop(199)) - Attempting to stop container services.
2019-07-29 13:53:13,515 INFO  impl.RaftServerProxy (RaftServerProxy.java:lambda$close$4(314)) - 8710fe0b-d266-482d-b96a-6437c6dd54aa: close
2019-07-29 13:53:13,515 INFO  impl.RaftServerImpl (RaftServerImpl.java:lambda$shutdown$3(245)) - 8710fe0b-d266-482d-b96a-6437c6dd54aa: shutdown group-E77A3FB57482
2019-07-29 13:53:13,516 INFO  util.JmxRegister (JmxRegister.java:unregister(73)) - Successfully un-registered JMX Bean with object name Ratis:service=RaftServer,group=group-E77A3FB57482,id=8710fe0b-d266-482d-b96a-6437c6dd54aa
2019-07-29 13:53:13,516 INFO  impl.RoleInfo (RoleInfo.java:shutdownLeaderState(104)) - 8710fe0b-d266-482d-b96a-6437c6dd54aa: shutdown LeaderState
2019-07-29 13:53:13,516 INFO  impl.PendingRequests (PendingRequests.java:sendNotLeaderResponses(202)) - 8710fe0b-d266-482d-b96a-6437c6dd54aa-PendingRequests: sendNotLeaderResponses
2019-07-29 13:53:13,517 INFO  impl.StateMachineUpdater (StateMachineUpdater.java:stopAndJoin(115)) - StateMachineUpdater:8710fe0b-d266-482d-b96a-6437c6dd54aa:group-E77A3FB57482: set stopIndex = 0
2019-07-29 13:53:13,517 INFO  impl.RaftServerImpl (ServerState.java:close(394)) - 8710fe0b-d266-482d-b96a-6437c6dd54aa:group-E77A3FB57482 closes. The last applied log index is 0
2019-07-29 13:53:13,518 INFO  segmented.SegmentedRaftLogWorker (SegmentedRaftLogWorker.java:run(313)) - 8710fe0b-d266-482d-b96a-6437c6dd54aa-SegmentedRaftLogWorker:Storage Directory /workdir/hadoop-ozone/integration-test/target/test-dir/MiniOzoneClusterImpl-6ade616d-020a-473f-93c9-17f0e6d7ea06/datanode-2/data/ratis/418f6752-eb5f-46b5-b42b-e77a3fb57482 was interrupted, exiting. There are 0 tasks remaining in the queue.
2019-07-29 13:53:13,521 INFO  segmented.SegmentedRaftLogWorker (SegmentedRaftLogWorker.java:close(228)) - 8710fe0b-d266-482d-b96a-6437c6dd54aa-SegmentedRaftLogWorker:Storage Directory /workdir/hadoop-ozone/integration-test/target/test-dir/MiniOzoneClusterImpl-6ade616d-020a-473f-93c9-17f0e6d7ea06/datanode-2/data/ratis/418f6752-eb5f-46b5-b42b-e77a3fb57482 close()
2019-07-29 13:53:13,536 INFO  impl.RaftServerImpl (RaftServerImpl.java:lambda$shutdown$3(245)) - 8710fe0b-d266-482d-b96a-6437c6dd54aa: shutdown group-2909FC02A7C9
2019-07-29 13:53:13,536 INFO  util.JmxRegister (JmxRegister.java:unregister(73)) - Successfully un-registered JMX Bean with object name Ratis:service=RaftServer,group=group-2909FC02A7C9,id=8710fe0b-d266-482d-b96a-6437c6dd54aa
2019-07-29 13:53:13,536 INFO  impl.RoleInfo (RoleInfo.java:shutdownFollowerState(121)) - 8710fe0b-d266-482d-b96a-6437c6dd54aa: shutdown FollowerState
2019-07-29 13:53:13,537 INFO  impl.StateMachineUpdater (StateMachineUpdater.java:stopAndJoin(115)) - StateMachineUpdater:8710fe0b-d266-482d-b96a-6437c6dd54aa:group-2909FC02A7C9: set stopIndex = 0
2019-07-29 13:53:13,537 INFO  impl.FollowerState (FollowerState.java:run(114)) - 8710fe0b-d266-482d-b96a-6437c6dd54aa: FollowerState was interrupted: java.lang.InterruptedException: sleep interrupted
2019-07-29 13:53:13,537 INFO  impl.RaftServerImpl (ServerState.java:close(394)) - 8710fe0b-d266-482d-b96a-6437c6dd54aa:group-2909FC02A7C9 closes. The last applied log index is 0
2019-07-29 13:53:13,539 INFO  segmented.SegmentedRaftLogWorker (SegmentedRaftLogWorker.java:run(313)) - 8710fe0b-d266-482d-b96a-6437c6dd54aa-SegmentedRaftLogWorker:Storage Directory /workdir/hadoop-ozone/integration-test/target/test-dir/MiniOzoneClusterImpl-6ade616d-020a-473f-93c9-17f0e6d7ea06/datanode-2/data/ratis/75d58d51-1e1a-410b-bf2e-2909fc02a7c9 was interrupted, exiting. There are 0 tasks remaining in the queue.
2019-07-29 13:53:13,540 INFO  segmented.SegmentedRaftLogWorker (SegmentedRaftLogWorker.java:close(228)) - 8710fe0b-d266-482d-b96a-6437c6dd54aa-SegmentedRaftLogWorker:Storage Directory /workdir/hadoop-ozone/integration-test/target/test-dir/MiniOzoneClusterImpl-6ade616d-020a-473f-93c9-17f0e6d7ea06/datanode-2/data/ratis/75d58d51-1e1a-410b-bf2e-2909fc02a7c9 close()
2019-07-29 13:53:13,542 INFO  server.GrpcService (GrpcService.java:closeImpl(155)) - 8710fe0b-d266-482d-b96a-6437c6dd54aa: shutdown server with port 39419 now
2019-07-29 13:53:13,547 INFO  server.GrpcService (GrpcService.java:closeImpl(163)) - 8710fe0b-d266-482d-b96a-6437c6dd54aa: shutdown server with port 39419 successfully
2019-07-29 13:53:13,548 INFO  utils.BackgroundService (BackgroundService.java:shutdown(148)) - Shutting down service BlockDeletingService
2019-07-29 13:53:13,549 WARN  fs.CachingGetSpaceUsed (CachingGetSpaceUsed.java:run(183)) - Thread Interrupted waiting to refresh disk information: sleep interrupted
2019-07-29 13:53:13,572 INFO  statemachine.DatanodeStateMachine (DatanodeStateMachine.java:stopDaemon(395)) - Ozone container server stopped.
2019-07-29 13:53:13,579 INFO  handler.ContextHandler (ContextHandler.java:doStop(910)) - Stopped o.e.j.w.WebAppContext@6eac952e{/,null,UNAVAILABLE}{/hddsDatanode}
2019-07-29 13:53:13,580 INFO  server.AbstractConnector (AbstractConnector.java:doStop(318)) - Stopped ServerConnector@6505650e{HTTP/1.1,[http/1.1]}{0.0.0.0:0}
2019-07-29 13:53:13,583 INFO  handler.ContextHandler (ContextHandler.java:doStop(910)) - Stopped o.e.j.s.ServletContextHandler@28595ad3{/static,jar:file:/home/user/.m2/repository/org/apache/hadoop/hadoop-hdds-container-service/0.4.1-SNAPSHOT/hadoop-hdds-container-service-0.4.1-SNAPSHOT.jar!/webapps/static,UNAVAILABLE}
2019-07-29 13:53:13,585 INFO  handler.ContextHandler (ContextHandler.java:doStop(910)) - Stopped o.e.j.s.ServletContextHandler@6ba458e1{/logs,file:///workdir/hadoop-ozone/integration-test/target/log,UNAVAILABLE}
2019-07-29 13:53:13,585 INFO  ozone.MiniOzoneClusterImpl (MiniOzoneClusterImpl.java:stop(353)) - Stopping the StorageContainerManager
2019-07-29 13:53:13,586 INFO  server.StorageContainerManager (StorageContainerManager.java:stop(796)) - Stopping Replication Manager Service.
2019-07-29 13:53:13,586 INFO  container.ReplicationManager (ReplicationManager.java:stop(187)) - Stopping Replication Monitor Thread.
2019-07-29 13:53:13,586 INFO  server.StorageContainerManager (StorageContainerManager.java:stop(803)) - Stopping Lease Manager of the command watchers
2019-07-29 13:53:13,586 INFO  server.StorageContainerManager (StorageContainerManager.java:stop(810)) - Stopping datanode service RPC server
2019-07-29 13:53:13,586 INFO  server.SCMDatanodeProtocolServer (SCMDatanodeProtocolServer.java:stop(367)) - Stopping the RPC server for DataNodes
2019-07-29 13:53:13,587 INFO  ipc.Server (Server.java:stop(3082)) - Stopping server on 43513
2019-07-29 13:53:13,595 INFO  ipc.Server (Server.java:run(1185)) - Stopping IPC Server listener on 43513
2019-07-29 13:53:13,595 INFO  ipc.Server (Server.java:run(1319)) - Stopping IPC Server Responder
2019-07-29 13:53:13,675 WARN  node.NodeStateManager (NodeStateManager.java:scheduleNextHealthCheck(631)) - Current Thread is interrupted, shutting down HB processing thread for Node Manager.
2019-07-29 13:53:13,675 INFO  server.StorageContainerManager (StorageContainerManager.java:stop(818)) - Stopping block service RPC server
2019-07-29 13:53:13,675 INFO  server.SCMBlockProtocolServer (SCMBlockProtocolServer.java:stop(148)) - Stopping the RPC server for Block Protocol
2019-07-29 13:53:13,676 INFO  ipc.Server (Server.java:stop(3082)) - Stopping server on 33161
2019-07-29 13:53:13,678 INFO  ipc.Server (Server.java:run(1185)) - Stopping IPC Server listener on 33161
2019-07-29 13:53:13,685 INFO  server.StorageContainerManager (StorageContainerManager.java:stop(825)) - Stopping the StorageContainerLocationProtocol RPC server
2019-07-29 13:53:13,685 INFO  ipc.Server (Server.java:run(1319)) - Stopping IPC Server Responder
2019-07-29 13:53:13,687 INFO  server.SCMClientProtocolServer (SCMClientProtocolServer.java:stop(159)) - Stopping the RPC server for Client Protocol
2019-07-29 13:53:13,688 INFO  ipc.Server (Server.java:stop(3082)) - Stopping server on 40678
2019-07-29 13:53:13,692 INFO  ipc.Server (Server.java:run(1185)) - Stopping IPC Server listener on 40678
2019-07-29 13:53:13,692 INFO  ipc.Server (Server.java:run(1319)) - Stopping IPC Server Responder
2019-07-29 13:53:13,692 INFO  server.StorageContainerManager (StorageContainerManager.java:stop(832)) - Stopping Storage Container Manager HTTP server.
2019-07-29 13:53:13,695 INFO  handler.ContextHandler (ContextHandler.java:doStop(910)) - Stopped o.e.j.w.WebAppContext@2df0b18b{/,null,UNAVAILABLE}{/scm}
2019-07-29 13:53:13,696 INFO  server.AbstractConnector (AbstractConnector.java:doStop(318)) - Stopped ServerConnector@4ebd4e10{HTTP/1.1,[http/1.1]}{0.0.0.0:0}
2019-07-29 13:53:13,696 INFO  handler.ContextHandler (ContextHandler.java:doStop(910)) - Stopped o.e.j.s.ServletContextHandler@51d9d2a1{/static,file:///workdir/hadoop-ozone/integration-test/target/test-classes/webapps/static,UNAVAILABLE}
2019-07-29 13:53:13,697 INFO  handler.ContextHandler (ContextHandler.java:doStop(910)) - Stopped o.e.j.s.ServletContextHandler@7ea39841{/logs,file:///workdir/hadoop-ozone/integration-test/target/log,UNAVAILABLE}
2019-07-29 13:53:13,697 INFO  server.StorageContainerManager (StorageContainerManager.java:stop(843)) - Stopping Block Manager Service.
2019-07-29 13:53:13,698 INFO  utils.BackgroundService (BackgroundService.java:shutdown(148)) - Shutting down service SCMBlockDeletingService
2019-07-29 13:53:13,698 INFO  utils.BackgroundService (BackgroundService.java:shutdown(148)) - Shutting down service SCMBlockDeletingService
2019-07-29 13:53:13,698 INFO  server.StorageContainerManager (StorageContainerManager.java:stop(865)) - Stopping SCM Event Queue.
2019-07-29 13:53:13,702 INFO  impl.MetricsSystemImpl (MetricsSystemImpl.java:stop(210)) - Stopping HddsDatanode metrics system...
2019-07-29 13:53:13,705 INFO  impl.MetricsSystemImpl (MetricsSystemImpl.java:stop(216)) - HddsDatanode metrics system stopped.
]]></system-out>
    <system-err><![CDATA[Jul 29, 2019 1:52:45 PM com.sun.jersey.server.impl.application.WebApplicationImpl _initiate
INFO: Initiating Jersey application, version 'Jersey: 1.19 02/11/2015 03:25 AM'
Jul 29, 2019 1:52:46 PM com.sun.jersey.server.impl.application.WebApplicationImpl _initiate
INFO: Initiating Jersey application, version 'Jersey: 1.19 02/11/2015 03:25 AM'
Jul 29, 2019 1:52:46 PM com.sun.jersey.server.impl.application.WebApplicationImpl _initiate
INFO: Initiating Jersey application, version 'Jersey: 1.19 02/11/2015 03:25 AM'
]]></system-err>
  </testcase>
  <testcase name="testScmInfo" classname="org.apache.hadoop.ozone.TestStorageContainerManager" time="0.45"/>
</testsuite>